<?xml version="1.0" encoding="UTF-8"?>
<testsuites name="Сверка с ПБЭ" time="9818.745" tests="1" failures="1" errors="0">
   <testsuite name="Сверка с ПБЭ" tests="1" failures="1" errors="0" time="9818.745" skipped="0" timestamp="08-11-2024T07:22:21" hostname="liazgina-di - UVV-WS904-D.ot.ru" id="Test Suites/Пн-Ср-Пт/Сверка с ПБЭ">
      <properties>
         <property name="deviceName" value=""/>
         <property name="devicePlatform"/>
         <property name="logFolder" value="C:\\Users\\LIAZGINA-DI\\git\\SPORU\\Reports\\20241108_072217\\\u041F\u043D-\u0421\u0440-\u041F\u0442\\\u0421\u0432\u0435\u0440\u043A\u0430 \u0441 \u041F\u0411\u042D\\20241108_072217"/>
         <property name="logFiles" value="C:\\Users\\LIAZGINA-DI\\git\\SPORU\\Reports\\20241108_072217\\\u041F\u043D-\u0421\u0440-\u041F\u0442\\\u0421\u0432\u0435\u0440\u043A\u0430 \u0441 \u041F\u0411\u042D\\20241108_072217\\execution0.log, C:\\Users\\LIAZGINA-DI\\git\\SPORU\\Reports\\20241108_072217\\\u041F\u043D-\u0421\u0440-\u041F\u0442\\\u0421\u0432\u0435\u0440\u043A\u0430 \u0441 \u041F\u0411\u042D\\20241108_072217\\execution1.log"/>
         <property name="attachments" value=""/>
         <property name="hostName" value="liazgina-di - UVV-WS904-D.ot.ru"/>
         <property name="os" value="Windows 10 64bit"/>
         <property name="katalonVersion" value="9.5.0.217"/>
         <property name="browser" value="Chrome 130.0.0.0"/>
         <property name="hostAddress" value="192.168.0.19"/>
         <property name="sessionId" value="3315c279449e1e5121c0d71c4ed1301a"/>
         <property name="seleniumVersion" value="3.141.59"/>
         <property name="proxyInformation" value="ProxyInformation { proxyOption=NO_PROXY, proxyServerType=HTTP, username=, password=********, proxyServerAddress=, proxyServerPort=0, executionList=&quot;&quot;, isApplyToDesiredCapabilities=true }"/>
         <property name="platform" value="Windows 10"/>
      </properties>
      <testcase name="Test Cases/Выполнение бизнес-плана/Выполнение бизнес-плана Сверка ПАО Россети все филиалы" time="9818.519" classname="Test Cases/Выполнение бизнес-плана/Выполнение бизнес-плана Сверка ПАО Россети все филиалы" status="FAILED">
         <failure type="FAILED" message="Test Cases/Выполнение бизнес-плана/Выполнение бизнес-плана Сверка ПАО Россети все филиалы FAILED.&#xa;Reason:&#xa;com.kms.katalon.core.exception.StepFailedException: Unable to verify equal between actual object '6' and expected object '0' (Root cause: com.kms.katalon.core.exception.StepFailedException: Actual object '6' and expected object '0' are not equal&#xa;	at com.kms.katalon.core.keyword.builtin.VerifyEqualKeyword$_verifyEqual_closure1.doCall(VerifyEqualKeyword.groovy:58)&#xa;	at com.kms.katalon.core.keyword.builtin.VerifyEqualKeyword$_verifyEqual_closure1.call(VerifyEqualKeyword.groovy)&#xa;	at com.kms.katalon.core.keyword.internal.KeywordMain.runKeyword(KeywordMain.groovy:75)&#xa;	at com.kms.katalon.core.keyword.builtin.VerifyEqualKeyword.verifyEqual(VerifyEqualKeyword.groovy:63)&#xa;	at com.kms.katalon.core.keyword.builtin.VerifyEqualKeyword.execute(VerifyEqualKeyword.groovy:44)&#xa;	at com.kms.katalon.core.keyword.internal.KeywordExecutor.executeKeywordForPlatform(KeywordExecutor.groovy:74)&#xa;	at com.kms.katalon.core.keyword.BuiltinKeywords.verifyEqual(BuiltinKeywords.groovy:146)&#xa;	at java.base/jdk.internal.reflect.NativeMethodAccessorImpl.invoke0(Native Method)&#xa;	at java.base/jdk.internal.reflect.NativeMethodAccessorImpl.invoke(NativeMethodAccessorImpl.java:77)&#xa;	at java.base/jdk.internal.reflect.DelegatingMethodAccessorImpl.invoke(DelegatingMethodAccessorImpl.java:43)&#xa;	at Выполнение бизнес-плана Сверка ПАО Россети все филиалы.Numbers(Выполнение бизнес-плана Сверка ПАО Россети все филиалы:740)&#xa;	at Выполнение бизнес-плана Сверка ПАО Россети все филиалы.run(Выполнение бизнес-плана Сверка ПАО Россети все филиалы:189)&#xa;	at com.kms.katalon.core.main.ScriptEngine.run(ScriptEngine.java:194)&#xa;	at com.kms.katalon.core.main.ScriptEngine.runScriptAsRawText(ScriptEngine.java:119)&#xa;	at com.kms.katalon.core.main.TestCaseExecutor.runScript(TestCaseExecutor.java:448)&#xa;	at com.kms.katalon.core.main.TestCaseExecutor.doExecute(TestCaseExecutor.java:439)&#xa;	at com.kms.katalon.core.main.TestCaseExecutor.processExecutionPhase(TestCaseExecutor.java:418)&#xa;	at com.kms.katalon.core.main.TestCaseExecutor.accessMainPhase(TestCaseExecutor.java:410)&#xa;	at com.kms.katalon.core.main.TestCaseExecutor.execute(TestCaseExecutor.java:285)&#xa;	at com.kms.katalon.core.common.CommonExecutor.accessTestCaseMainPhase(CommonExecutor.java:65)&#xa;	at com.kms.katalon.core.main.TestSuiteExecutor.accessTestSuiteMainPhase(TestSuiteExecutor.java:150)&#xa;	at com.kms.katalon.core.main.TestSuiteExecutor.execute(TestSuiteExecutor.java:106)&#xa;	at com.kms.katalon.core.main.TestCaseMain.startTestSuite(TestCaseMain.java:180)&#xa;	at TempTestSuite1731039737176.run(TempTestSuite1731039737176.groovy:35)&#xa;	at java.base/jdk.internal.reflect.NativeMethodAccessorImpl.invoke0(Native Method)&#xa;	at java.base/jdk.internal.reflect.NativeMethodAccessorImpl.invoke(NativeMethodAccessorImpl.java:77)&#xa;	at java.base/jdk.internal.reflect.DelegatingMethodAccessorImpl.invoke(DelegatingMethodAccessorImpl.java:43)&#xa;)&#xa;	at com.kms.katalon.core.keyword.internal.KeywordMain.stepFailed(KeywordMain.groovy:39)&#xa;	at com.kms.katalon.core.keyword.internal.KeywordMain.stepFailed(KeywordMain.groovy)&#xa;	at com.kms.katalon.core.keyword.internal.KeywordMain.runKeyword(KeywordMain.groovy:77)&#xa;	at com.kms.katalon.core.keyword.builtin.VerifyEqualKeyword.verifyEqual(VerifyEqualKeyword.groovy:63)&#xa;	at com.kms.katalon.core.keyword.builtin.VerifyEqualKeyword.execute(VerifyEqualKeyword.groovy:44)&#xa;	at com.kms.katalon.core.keyword.internal.KeywordExecutor.executeKeywordForPlatform(KeywordExecutor.groovy:74)&#xa;	at com.kms.katalon.core.keyword.BuiltinKeywords.verifyEqual(BuiltinKeywords.groovy:146)&#xa;	at java.base/jdk.internal.reflect.NativeMethodAccessorImpl.invoke0(Native Method)&#xa;	at java.base/jdk.internal.reflect.NativeMethodAccessorImpl.invoke(NativeMethodAccessorImpl.java:77)&#xa;	at java.base/jdk.internal.reflect.DelegatingMethodAccessorImpl.invoke(DelegatingMethodAccessorImpl.java:43)&#xa;	at Выполнение бизнес-плана Сверка ПАО Россети все филиалы.Numbers(Выполнение бизнес-плана Сверка ПАО Россети все филиалы:740)&#xa;	at Выполнение бизнес-плана Сверка ПАО Россети все филиалы.run(Выполнение бизнес-плана Сверка ПАО Россети все филиалы:189)&#xa;	at com.kms.katalon.core.main.ScriptEngine.run(ScriptEngine.java:194)&#xa;	at com.kms.katalon.core.main.ScriptEngine.runScriptAsRawText(ScriptEngine.java:119)&#xa;	at com.kms.katalon.core.main.TestCaseExecutor.runScript(TestCaseExecutor.java:448)&#xa;	at com.kms.katalon.core.main.TestCaseExecutor.doExecute(TestCaseExecutor.java:439)&#xa;	at com.kms.katalon.core.main.TestCaseExecutor.processExecutionPhase(TestCaseExecutor.java:418)&#xa;	at com.kms.katalon.core.main.TestCaseExecutor.accessMainPhase(TestCaseExecutor.java:410)&#xa;	at com.kms.katalon.core.main.TestCaseExecutor.execute(TestCaseExecutor.java:285)&#xa;	at com.kms.katalon.core.common.CommonExecutor.accessTestCaseMainPhase(CommonExecutor.java:65)&#xa;	at com.kms.katalon.core.main.TestSuiteExecutor.accessTestSuiteMainPhase(TestSuiteExecutor.java:150)&#xa;	at com.kms.katalon.core.main.TestSuiteExecutor.execute(TestSuiteExecutor.java:106)&#xa;	at com.kms.katalon.core.main.TestCaseMain.startTestSuite(TestCaseMain.java:180)&#xa;	at TempTestSuite1731039737176.run(TempTestSuite1731039737176.groovy:35)&#xa;	at java.base/jdk.internal.reflect.NativeMethodAccessorImpl.invoke0(Native Method)&#xa;	at java.base/jdk.internal.reflect.NativeMethodAccessorImpl.invoke(NativeMethodAccessorImpl.java:77)&#xa;	at java.base/jdk.internal.reflect.DelegatingMethodAccessorImpl.invoke(DelegatingMethodAccessorImpl.java:43)&#xa;Caused by: com.kms.katalon.core.exception.StepFailedException: Actual object '6' and expected object '0' are not equal&#xa;	at com.kms.katalon.core.keyword.builtin.VerifyEqualKeyword$_verifyEqual_closure1.doCall(VerifyEqualKeyword.groovy:58)&#xa;	at com.kms.katalon.core.keyword.builtin.VerifyEqualKeyword$_verifyEqual_closure1.call(VerifyEqualKeyword.groovy)&#xa;	at com.kms.katalon.core.keyword.internal.KeywordMain.runKeyword(KeywordMain.groovy:75)&#xa;	... 24 more&#xa;"/>
         <system-out><![CDATA[08-11-2024T07:22:21 - [TEST_CASE][FAILED] - Test Cases/Выполнение бизнес-плана/Выполнение бизнес-плана Сверка ПАО Россети все филиалы: Test Cases/Выполнение бизнес-плана/Выполнение бизнес-плана Сверка ПАО Россети все филиалы FAILED.
Reason:
com.kms.katalon.core.exception.StepFailedException: Unable to verify equal between actual object '6' and expected object '0' (Root cause: com.kms.katalon.core.exception.StepFailedException: Actual object '6' and expected object '0' are not equal
	at com.kms.katalon.core.keyword.builtin.VerifyEqualKeyword$_verifyEqual_closure1.doCall(VerifyEqualKeyword.groovy:58)
	at com.kms.katalon.core.keyword.builtin.VerifyEqualKeyword$_verifyEqual_closure1.call(VerifyEqualKeyword.groovy)
	at com.kms.katalon.core.keyword.internal.KeywordMain.runKeyword(KeywordMain.groovy:75)
	at com.kms.katalon.core.keyword.builtin.VerifyEqualKeyword.verifyEqual(VerifyEqualKeyword.groovy:63)
	at com.kms.katalon.core.keyword.builtin.VerifyEqualKeyword.execute(VerifyEqualKeyword.groovy:44)
	at com.kms.katalon.core.keyword.internal.KeywordExecutor.executeKeywordForPlatform(KeywordExecutor.groovy:74)
	at com.kms.katalon.core.keyword.BuiltinKeywords.verifyEqual(BuiltinKeywords.groovy:146)
	at java.base/jdk.internal.reflect.NativeMethodAccessorImpl.invoke0(Native Method)
	at java.base/jdk.internal.reflect.NativeMethodAccessorImpl.invoke(NativeMethodAccessorImpl.java:77)
	at java.base/jdk.internal.reflect.DelegatingMethodAccessorImpl.invoke(DelegatingMethodAccessorImpl.java:43)
	at Выполнение бизнес-плана Сверка ПАО Россети все филиалы.Numbers(Выполнение бизнес-плана Сверка ПАО Россети все филиалы:740)
	at Выполнение бизнес-плана Сверка ПАО Россети все филиалы.run(Выполнение бизнес-плана Сверка ПАО Россети все филиалы:189)
	at com.kms.katalon.core.main.ScriptEngine.run(ScriptEngine.java:194)
	at com.kms.katalon.core.main.ScriptEngine.runScriptAsRawText(ScriptEngine.java:119)
	at com.kms.katalon.core.main.TestCaseExecutor.runScript(TestCaseExecutor.java:448)
	at com.kms.katalon.core.main.TestCaseExecutor.doExecute(TestCaseExecutor.java:439)
	at com.kms.katalon.core.main.TestCaseExecutor.processExecutionPhase(TestCaseExecutor.java:418)
	at com.kms.katalon.core.main.TestCaseExecutor.accessMainPhase(TestCaseExecutor.java:410)
	at com.kms.katalon.core.main.TestCaseExecutor.execute(TestCaseExecutor.java:285)
	at com.kms.katalon.core.common.CommonExecutor.accessTestCaseMainPhase(CommonExecutor.java:65)
	at com.kms.katalon.core.main.TestSuiteExecutor.accessTestSuiteMainPhase(TestSuiteExecutor.java:150)
	at com.kms.katalon.core.main.TestSuiteExecutor.execute(TestSuiteExecutor.java:106)
	at com.kms.katalon.core.main.TestCaseMain.startTestSuite(TestCaseMain.java:180)
	at TempTestSuite1731039737176.run(TempTestSuite1731039737176.groovy:35)
	at java.base/jdk.internal.reflect.NativeMethodAccessorImpl.invoke0(Native Method)
	at java.base/jdk.internal.reflect.NativeMethodAccessorImpl.invoke(NativeMethodAccessorImpl.java:77)
	at java.base/jdk.internal.reflect.DelegatingMethodAccessorImpl.invoke(DelegatingMethodAccessorImpl.java:43)
)
	at com.kms.katalon.core.keyword.internal.KeywordMain.stepFailed(KeywordMain.groovy:39)
	at com.kms.katalon.core.keyword.internal.KeywordMain.stepFailed(KeywordMain.groovy)
	at com.kms.katalon.core.keyword.internal.KeywordMain.runKeyword(KeywordMain.groovy:77)
	at com.kms.katalon.core.keyword.builtin.VerifyEqualKeyword.verifyEqual(VerifyEqualKeyword.groovy:63)
	at com.kms.katalon.core.keyword.builtin.VerifyEqualKeyword.execute(VerifyEqualKeyword.groovy:44)
	at com.kms.katalon.core.keyword.internal.KeywordExecutor.executeKeywordForPlatform(KeywordExecutor.groovy:74)
	at com.kms.katalon.core.keyword.BuiltinKeywords.verifyEqual(BuiltinKeywords.groovy:146)
	at java.base/jdk.internal.reflect.NativeMethodAccessorImpl.invoke0(Native Method)
	at java.base/jdk.internal.reflect.NativeMethodAccessorImpl.invoke(NativeMethodAccessorImpl.java:77)
	at java.base/jdk.internal.reflect.DelegatingMethodAccessorImpl.invoke(DelegatingMethodAccessorImpl.java:43)
	at Выполнение бизнес-плана Сверка ПАО Россети все филиалы.Numbers(Выполнение бизнес-плана Сверка ПАО Россети все филиалы:740)
	at Выполнение бизнес-плана Сверка ПАО Россети все филиалы.run(Выполнение бизнес-плана Сверка ПАО Россети все филиалы:189)
	at com.kms.katalon.core.main.ScriptEngine.run(ScriptEngine.java:194)
	at com.kms.katalon.core.main.ScriptEngine.runScriptAsRawText(ScriptEngine.java:119)
	at com.kms.katalon.core.main.TestCaseExecutor.runScript(TestCaseExecutor.java:448)
	at com.kms.katalon.core.main.TestCaseExecutor.doExecute(TestCaseExecutor.java:439)
	at com.kms.katalon.core.main.TestCaseExecutor.processExecutionPhase(TestCaseExecutor.java:418)
	at com.kms.katalon.core.main.TestCaseExecutor.accessMainPhase(TestCaseExecutor.java:410)
	at com.kms.katalon.core.main.TestCaseExecutor.execute(TestCaseExecutor.java:285)
	at com.kms.katalon.core.common.CommonExecutor.accessTestCaseMainPhase(CommonExecutor.java:65)
	at com.kms.katalon.core.main.TestSuiteExecutor.accessTestSuiteMainPhase(TestSuiteExecutor.java:150)
	at com.kms.katalon.core.main.TestSuiteExecutor.execute(TestSuiteExecutor.java:106)
	at com.kms.katalon.core.main.TestCaseMain.startTestSuite(TestCaseMain.java:180)
	at TempTestSuite1731039737176.run(TempTestSuite1731039737176.groovy:35)
	at java.base/jdk.internal.reflect.NativeMethodAccessorImpl.invoke0(Native Method)
	at java.base/jdk.internal.reflect.NativeMethodAccessorImpl.invoke(NativeMethodAccessorImpl.java:77)
	at java.base/jdk.internal.reflect.DelegatingMethodAccessorImpl.invoke(DelegatingMethodAccessorImpl.java:43)
Caused by: com.kms.katalon.core.exception.StepFailedException: Actual object '6' and expected object '0' are not equal
	at com.kms.katalon.core.keyword.builtin.VerifyEqualKeyword$_verifyEqual_closure1.doCall(VerifyEqualKeyword.groovy:58)
	at com.kms.katalon.core.keyword.builtin.VerifyEqualKeyword$_verifyEqual_closure1.call(VerifyEqualKeyword.groovy)
	at com.kms.katalon.core.keyword.internal.KeywordMain.runKeyword(KeywordMain.groovy:75)
	... 24 more


08-11-2024T07:22:23 - [TEST_STEP][PASSED] - openBrowser(""): Browser is opened with url: ''

08-11-2024T07:22:23 - [MESSAGE][INFO] - Starting 'Chrome' driver

08-11-2024T07:22:23 - [MESSAGE][INFO] - Action delay is set to 0 milliseconds

08-11-2024T07:22:25 - [MESSAGE][PASSED] - Browser is opened with url: ''

08-11-2024T07:22:25 - [TEST_STEP][PASSED] - date = new java.util.Date(): null

08-11-2024T07:22:25 - [TEST_STEP][PASSED] - todaysDate = date.format("dd.MM.yyyy"): null

08-11-2024T07:22:25 - [TEST_STEP][PASSED] - dZO = <not implemented yet for class: org.codehaus.groovy.ast.expr.EmptyExpression>: null

08-11-2024T07:22:25 - [TEST_STEP][PASSED] - a = <not implemented yet for class: org.codehaus.groovy.ast.expr.EmptyExpression>: null

08-11-2024T07:22:25 - [TEST_STEP][PASSED] - fileperc = <not implemented yet for class: org.codehaus.groovy.ast.expr.EmptyExpression>: null

08-11-2024T07:22:25 - [TEST_STEP][PASSED] - pageperc = <not implemented yet for class: org.codehaus.groovy.ast.expr.EmptyExpression>: null

08-11-2024T07:22:25 - [TEST_STEP][PASSED] - pageInt = <not implemented yet for class: org.codehaus.groovy.ast.expr.EmptyExpression>: null

08-11-2024T07:22:25 - [TEST_STEP][PASSED] - fileInt = <not implemented yet for class: org.codehaus.groovy.ast.expr.EmptyExpression>: null

08-11-2024T07:22:25 - [TEST_STEP][PASSED] - pageDouble = <not implemented yet for class: org.codehaus.groovy.ast.expr.EmptyExpression>: null

08-11-2024T07:22:25 - [TEST_STEP][PASSED] - fileDouble = <not implemented yet for class: org.codehaus.groovy.ast.expr.EmptyExpression>: null

08-11-2024T07:22:25 - [TEST_STEP][PASSED] - typeOfData = <not implemented yet for class: org.codehaus.groovy.ast.expr.EmptyExpression>: null

08-11-2024T07:22:25 - [TEST_STEP][PASSED] - dzoNum = 0: null

08-11-2024T07:22:25 - [TEST_STEP][PASSED] - filialNum = 0: null

08-11-2024T07:22:25 - [TEST_STEP][PASSED] - urlText = <not implemented yet for class: org.codehaus.groovy.ast.expr.EmptyExpression>: null

08-11-2024T07:22:25 - [TEST_STEP][PASSED] - searchWord = <not implemented yet for class: org.codehaus.groovy.ast.expr.EmptyExpression>: null

08-11-2024T07:22:25 - [TEST_STEP][PASSED] - i = <not implemented yet for class: org.codehaus.groovy.ast.expr.EmptyExpression>: null

08-11-2024T07:22:25 - [TEST_STEP][PASSED] - ii = <not implemented yet for class: org.codehaus.groovy.ast.expr.EmptyExpression>: null

08-11-2024T07:22:25 - [TEST_STEP][PASSED] - navigateToUrl(findTestData("PlanFact").getValue(10, 1)): Navigate to 'https://bi.rosseti.digital/viewer?dashboardGuid=d154a8eaf6824e2b9de1bb04dd061c18&sheetGuid=1305e8ce744049e1abdacea1ea397a26&fit=true' successfully

08-11-2024T07:22:31 - [MESSAGE][PASSED] - Navigate to 'https://bi.rosseti.digital/viewer?dashboardGuid=d154a8eaf6824e2b9de1bb04dd061c18&sheetGuid=1305e8ce744049e1abdacea1ea397a26&fit=true' successfully

08-11-2024T07:22:31 - [TEST_STEP][PASSED] - urlText = getText(findTestObject("Страница авторизации/Text")): Text of object 'Object Repository/Страница авторизации/Text' is: 'Вход'

08-11-2024T07:22:34 - [MESSAGE][PASSED] - Text of object 'Object Repository/Страница авторизации/Text' is: 'Вход'

08-11-2024T07:22:34 - [TEST_STEP][PASSED] - delay(20): Delayed 20 second(s)

08-11-2024T07:22:54 - [MESSAGE][PASSED] - Delayed 20 second(s)

08-11-2024T07:22:54 - [TEST_STEP][PASSED] - searchWord = "Вход": null

08-11-2024T07:22:54 - [TEST_STEP][PASSED] - if (urlText.contains(searchWord) == false): null

08-11-2024T07:22:54 - [TEST_STEP][PASSED] - setText(findTestObject("Страница авторизации/input__username"), findTestData("PlanFact").getValue(8, 1)): Text 'liazgina-di' is set on object 'Object Repository/Страница авторизации/input__username'

08-11-2024T07:22:55 - [MESSAGE][PASSED] - Text 'liazgina-di' is set on object 'Object Repository/Страница авторизации/input__username'

08-11-2024T07:22:55 - [TEST_STEP][PASSED] - setText(findTestObject("Страница авторизации/input__password"), findTestData("PlanFact").getValue(9, 1)): Text ')$%5srZ8o688Dm#q' is set on object 'Object Repository/Страница авторизации/input__password'

08-11-2024T07:22:56 - [MESSAGE][PASSED] - Text ')$%5srZ8o688Dm#q' is set on object 'Object Repository/Страница авторизации/input__password'

08-11-2024T07:22:56 - [TEST_STEP][PASSED] - click(findTestObject("Страница авторизации/button_")): Object: 'Object Repository/Страница авторизации/button_' is clicked on

08-11-2024T07:22:59 - [MESSAGE][PASSED] - Object: 'Object Repository/Страница авторизации/button_' is clicked on

08-11-2024T07:22:59 - [TEST_STEP][PASSED] - delay(50): Delayed 50 second(s)

08-11-2024T07:23:49 - [MESSAGE][PASSED] - Delayed 50 second(s)

08-11-2024T07:23:49 - [TEST_STEP][PASSED] - searchWord = "ДЗО": null

08-11-2024T07:23:49 - [TEST_STEP][PASSED] - urlText = getText(findTestObject("Страница авторизации/Text")): Text of object 'Object Repository/Страница авторизации/Text' is: 'ДЗО 
Все
Период
1, 2, 3 кв. 2024 года
Отклонения фактического уровня потерь от бизнес-плана, п.п.
-0.07
4.08
3.97
-0.05
0.09
-0.51
-0.25
АО «Тываэнерго»
АО «Чеченэнерго»
Россети Северный Кавказ
Россети Сибирь
Россети Тюмень
Россети Центр (ГК)
Россети Центр и Приволжье (ГК)
-1
0
1
2
3
4
5
6
7

Уровень потерь электроэнергии
АО «Тываэнерго»
АО «Чеченэнерго»
Россети Северный Кавказ
Россети Сибирь
Россети Тюмень
Россети Центр (ГК)
Россети Центр и Приволжье (ГК)
0
10
20
30
40
50
60
70
21.03
|
33.46
24.18
6.97
|
2.51
9.98
|
6.88
|
20.96
37.54
|
28.15
|
6.92
2.60
|
9.48
6.63
п.п.
0.04
Итого
0
0.02
0.04
0.06
%
5.24 5.24
5.21 5.21
План
Факт
1
100

● Бизнес-план выполнен● ●● Превышение бизнес-плана
Отклонения фактического уровня потерь от бизнес-плана за 3 месяца (нарастающим итогом), п.п.
0.10.1
3.73.7
3.83.8
-0.1-0.1
0.10.1
-0.5-0.5
-0.2-0.2
-0.0-0.0
4.14.1
4.04.0
-0.1-0.1
0.10.1
-0.4-0.4
-0.2-0.2
-0.1-0.1
4.14.1
4.04.0
-0.0-0.0
0.10.1
-0.5-0.5
-0.2-0.2
Россети ФСКЕЭС
АО«Тываэнерго»
АО«Чеченэнерго»
Россети Волга
РоссетиКубань
РоссетиЛенэнерго (ГК)
РоссетиМосковскийрегион
РоссетиСеверныйКавказ (ГК)
Россети Северо-Запад
Россети Сибирь(ГК)
Россети Томск
Россети Тюмень
Россети Урал(ГК)
Россети Центр
Россети Центр иПриволжье (ГК)
Россети Юг (Г…
РоссетиЯнтарь
0
-5
5
п.п.
Отклонения фактического уровня потерь от бизнес-плана за 3 месяца (нарастающим итогом)
-0.2-0.2
-0.4-0.4
0.10.1
-0.1-0.1
-0.3-0.3
4.14.1
-1.9-1.9
-0.2-0.2
-0.5-0.5
-0.1-0.1
0.40.4
-0.7-0.7
-0.4-0.4
7.97.9
0.10.1
13.113.1
-0.2-0.2
-0.3-0.3
-0.0-0.0
0.20.2
-0.1-0.1
4.24.2
-1.7-1.7
-0.1-0.1
-0.3-0.3
-0.1-0.1
0.30.3
-0.7-0.7
-0.4-0.4
8.48.4
0.20.2
13.213.2
-0.3-0.3
-0.1-0.1
-0.5-0.5
-0.3-0.3
-1.8-1.8
-0.1-0.1
-0.3-0.3
-0.2-0.2
0.40.4
-0.7-0.7
-0.4-0.4
0.30.3
Итого по ФСК ЕЭС
Каббалкэнерго
Калмэнерго
Калугаэнерго
Карачаево-Черкесскэнерго
АО "Кинешемская электросеть"
АО "Тываэнерго"
АО «ВМЭС»
АО «Воронежская горэлектросеть»
АО «Тульские городские электрические сети»
АО «Чеченэнерго»
АО «Ярославская электросетевая компания»
АО ЕЭСК
Алтайэнерго
Архангельский филиал
Астраханьэнерго
Белгородэнерго
Брянскэнерго
Бурятэнерго
Владимирэнерго
Волгоградэнерго
Вологодский филиал
Воронежэнерго
Дагэнерго
Ивэнерго
Ингушэнерго
-5
15

Статус данных
Просьба обратить внимание
— все данные не занесены
Факт
План
Итого – Факт
Отпуск в сеть 190 364 468
Отпуск из сети 173 587 890
Потери 16 776 578
Итого – План
Отпуск в сеть 185 718 021
Отпуск из сети 170 013 641
Потери 15 704 380
Выполнение бизнес-плана в части показателя «Уровень потерь электроэнергии»
Показатели баланса электроэнергии по ДЗО – Факт 
572 217 2 784 252 15 734 909 46 928 172 39 079 081 44 371 600 40 894 236
452 291 1 738 957 11 305 954 43 678 766 38 062 639 40 166 359 38 182 923
119 926 1 045 295 4 428 955 3 249 406 1 016 442 4 205 240 2 711 313
Показатели баланса электроэнергии по ДЗО – План
544 127 2 583 877 14 755 136 44 875 501 40 452 567 43 055 315 39 451 497
429 681 1 719 315 11 187 191 41 746 891 39 436 282 38 756 246 36 738 034
114 446 864 562 3 567 945 3 128 610 1 016 285 4 299 069 2 713 463'

08-11-2024T07:24:20 - [MESSAGE][PASSED] - Text of object 'Object Repository/Страница авторизации/Text' is: 'ДЗО 
Все
Период
1, 2, 3 кв. 2024 года
Отклонения фактического уровня потерь от бизнес-плана, п.п.
-0.07
4.08
3.97
-0.05
0.09
-0.51
-0.25
АО «Тываэнерго»
АО «Чеченэнерго»
Россети Северный Кавказ
Россети Сибирь
Россети Тюмень
Россети Центр (ГК)
Россети Центр и Приволжье (ГК)
-1
0
1
2
3
4
5
6
7

Уровень потерь электроэнергии
АО «Тываэнерго»
АО «Чеченэнерго»
Россети Северный Кавказ
Россети Сибирь
Россети Тюмень
Россети Центр (ГК)
Россети Центр и Приволжье (ГК)
0
10
20
30
40
50
60
70
21.03
|
33.46
24.18
6.97
|
2.51
9.98
|
6.88
|
20.96
37.54
|
28.15
|
6.92
2.60
|
9.48
6.63
п.п.
0.04
Итого
0
0.02
0.04
0.06
%
5.24 5.24
5.21 5.21
План
Факт
1
100

● Бизнес-план выполнен● ●● Превышение бизнес-плана
Отклонения фактического уровня потерь от бизнес-плана за 3 месяца (нарастающим итогом), п.п.
0.10.1
3.73.7
3.83.8
-0.1-0.1
0.10.1
-0.5-0.5
-0.2-0.2
-0.0-0.0
4.14.1
4.04.0
-0.1-0.1
0.10.1
-0.4-0.4
-0.2-0.2
-0.1-0.1
4.14.1
4.04.0
-0.0-0.0
0.10.1
-0.5-0.5
-0.2-0.2
Россети ФСКЕЭС
АО«Тываэнерго»
АО«Чеченэнерго»
Россети Волга
РоссетиКубань
РоссетиЛенэнерго (ГК)
РоссетиМосковскийрегион
РоссетиСеверныйКавказ (ГК)
Россети Северо-Запад
Россети Сибирь(ГК)
Россети Томск
Россети Тюмень
Россети Урал(ГК)
Россети Центр
Россети Центр иПриволжье (ГК)
Россети Юг (Г…
РоссетиЯнтарь
0
-5
5
п.п.
Отклонения фактического уровня потерь от бизнес-плана за 3 месяца (нарастающим итогом)
-0.2-0.2
-0.4-0.4
0.10.1
-0.1-0.1
-0.3-0.3
4.14.1
-1.9-1.9
-0.2-0.2
-0.5-0.5
-0.1-0.1
0.40.4
-0.7-0.7
-0.4-0.4
7.97.9
0.10.1
13.113.1
-0.2-0.2
-0.3-0.3
-0.0-0.0
0.20.2
-0.1-0.1
4.24.2
-1.7-1.7
-0.1-0.1
-0.3-0.3
-0.1-0.1
0.30.3
-0.7-0.7
-0.4-0.4
8.48.4
0.20.2
13.213.2
-0.3-0.3
-0.1-0.1
-0.5-0.5
-0.3-0.3
-1.8-1.8
-0.1-0.1
-0.3-0.3
-0.2-0.2
0.40.4
-0.7-0.7
-0.4-0.4
0.30.3
Итого по ФСК ЕЭС
Каббалкэнерго
Калмэнерго
Калугаэнерго
Карачаево-Черкесскэнерго
АО "Кинешемская электросеть"
АО "Тываэнерго"
АО «ВМЭС»
АО «Воронежская горэлектросеть»
АО «Тульские городские электрические сети»
АО «Чеченэнерго»
АО «Ярославская электросетевая компания»
АО ЕЭСК
Алтайэнерго
Архангельский филиал
Астраханьэнерго
Белгородэнерго
Брянскэнерго
Бурятэнерго
Владимирэнерго
Волгоградэнерго
Вологодский филиал
Воронежэнерго
Дагэнерго
Ивэнерго
Ингушэнерго
-5
15

Статус данных
Просьба обратить внимание
— все данные не занесены
Факт
План
Итого – Факт
Отпуск в сеть 190 364 468
Отпуск из сети 173 587 890
Потери 16 776 578
Итого – План
Отпуск в сеть 185 718 021
Отпуск из сети 170 013 641
Потери 15 704 380
Выполнение бизнес-плана в части показателя «Уровень потерь электроэнергии»
Показатели баланса электроэнергии по ДЗО – Факт 
572 217 2 784 252 15 734 909 46 928 172 39 079 081 44 371 600 40 894 236
452 291 1 738 957 11 305 954 43 678 766 38 062 639 40 166 359 38 182 923
119 926 1 045 295 4 428 955 3 249 406 1 016 442 4 205 240 2 711 313
Показатели баланса электроэнергии по ДЗО – План
544 127 2 583 877 14 755 136 44 875 501 40 452 567 43 055 315 39 451 497
429 681 1 719 315 11 187 191 41 746 891 39 436 282 38 756 246 36 738 034
114 446 864 562 3 567 945 3 128 610 1 016 285 4 299 069 2 713 463'

08-11-2024T07:24:20 - [TEST_STEP][PASSED] - if (urlText.contains("ошибка") || urlText.contains(searchWord) == false): null

08-11-2024T07:24:20 - [TEST_STEP][PASSED] - Script1718980020443.ZakrytOpoveshenie(): null

08-11-2024T07:24:20 - [TEST_STEP][PASSED] - delay(10): Delayed 10 second(s)

08-11-2024T07:24:30 - [MESSAGE][PASSED] - Delayed 10 second(s)

08-11-2024T07:24:30 - [TEST_STEP][PASSED] - opoveshenie = getText(findTestObject("Выполнение бизнес-плана/Просьба обратить внимание")): Text of object 'Object Repository/Выполнение бизнес-плана/Просьба обратить внимание' is: 'Просьба обратить внимание'

08-11-2024T07:25:00 - [MESSAGE][PASSED] - Text of object 'Object Repository/Выполнение бизнес-плана/Просьба обратить внимание' is: 'Просьба обратить внимание'

08-11-2024T07:25:00 - [TEST_STEP][PASSED] - println(opoveshenie): null

08-11-2024T07:25:00 - [TEST_STEP][PASSED] - if (opoveshenie == "Просьба обратить внимание"): Object: 'Object Repository/Выполнение бизнес-плана/Закрыть оповещение' is clicked on

08-11-2024T07:25:00 - [TEST_STEP][PASSED] - click(findTestObject("Выполнение бизнес-плана/Закрыть оповещение")): Object: 'Object Repository/Выполнение бизнес-плана/Закрыть оповещение' is clicked on

08-11-2024T07:25:30 - [MESSAGE][PASSED] - Object: 'Object Repository/Выполнение бизнес-плана/Закрыть оповещение' is clicked on

08-11-2024T07:25:30 - [TEST_STEP][PASSED] - click(findTestObject("Object Repository/Выполнение бизнес-плана/Фильтр Дата")): Object: 'Object Repository/Выполнение бизнес-плана/Фильтр Дата' is clicked on

08-11-2024T07:26:00 - [MESSAGE][PASSED] - Object: 'Object Repository/Выполнение бизнес-плана/Фильтр Дата' is clicked on

08-11-2024T07:26:00 - [TEST_STEP][PASSED] - click(findTestObject("Выполнение бизнес-плана/Снять выделение в фильтре Дата")): Object: 'Object Repository/Выполнение бизнес-плана/Снять выделение в фильтре Дата' is clicked on

08-11-2024T07:26:30 - [MESSAGE][PASSED] - Object: 'Object Repository/Выполнение бизнес-плана/Снять выделение в фильтре Дата' is clicked on

08-11-2024T07:26:30 - [TEST_STEP][PASSED] - click(findTestObject("Object Repository/Выполнение бизнес-плана/Применить в фильтре Дата")): Object: 'Object Repository/Выполнение бизнес-плана/Применить в фильтре Дата' is clicked on

08-11-2024T07:27:01 - [MESSAGE][PASSED] - Object: 'Object Repository/Выполнение бизнес-плана/Применить в фильтре Дата' is clicked on

08-11-2024T07:27:01 - [TEST_STEP][PASSED] - delay(50): Delayed 50 second(s)

08-11-2024T07:27:51 - [MESSAGE][PASSED] - Delayed 50 second(s)

08-11-2024T07:27:51 - [TEST_STEP][PASSED] - Script1718980020443.ZakrytOpoveshenie(): null

08-11-2024T07:27:51 - [TEST_STEP][PASSED] - delay(10): Delayed 10 second(s)

08-11-2024T07:28:01 - [MESSAGE][PASSED] - Delayed 10 second(s)

08-11-2024T07:28:01 - [TEST_STEP][PASSED] - opoveshenie = getText(findTestObject("Выполнение бизнес-плана/Просьба обратить внимание")): Text of object 'Object Repository/Выполнение бизнес-плана/Просьба обратить внимание' is: 'Просьба обратить внимание'

08-11-2024T07:28:31 - [MESSAGE][PASSED] - Text of object 'Object Repository/Выполнение бизнес-плана/Просьба обратить внимание' is: 'Просьба обратить внимание'

08-11-2024T07:28:31 - [TEST_STEP][PASSED] - println(opoveshenie): null

08-11-2024T07:28:31 - [TEST_STEP][PASSED] - if (opoveshenie == "Просьба обратить внимание"): Object: 'Object Repository/Выполнение бизнес-плана/Закрыть оповещение' is clicked on

08-11-2024T07:28:31 - [TEST_STEP][PASSED] - click(findTestObject("Выполнение бизнес-плана/Закрыть оповещение")): Object: 'Object Repository/Выполнение бизнес-плана/Закрыть оповещение' is clicked on

08-11-2024T07:29:01 - [MESSAGE][PASSED] - Object: 'Object Repository/Выполнение бизнес-плана/Закрыть оповещение' is clicked on

08-11-2024T07:29:01 - [TEST_STEP][PASSED] - click(findTestObject("Object Repository/Выполнение бизнес-плана/Фильтр Дата")): Object: 'Object Repository/Выполнение бизнес-плана/Фильтр Дата' is clicked on

08-11-2024T07:29:31 - [MESSAGE][PASSED] - Object: 'Object Repository/Выполнение бизнес-плана/Фильтр Дата' is clicked on

08-11-2024T07:29:31 - [TEST_STEP][PASSED] - scrollToElement(findTestObject("Выполнение бизнес-плана/2024 список"), 30): Scroll to object 'Object Repository/Выполнение бизнес-плана/2024 список' successfully

08-11-2024T07:30:01 - [MESSAGE][PASSED] - Scroll to object 'Object Repository/Выполнение бизнес-плана/2024 список' successfully

08-11-2024T07:30:01 - [TEST_STEP][PASSED] - click(findTestObject("Выполнение бизнес-плана/2024 список")): Object: 'Object Repository/Выполнение бизнес-плана/2024 список' is clicked on

08-11-2024T07:30:31 - [MESSAGE][PASSED] - Object: 'Object Repository/Выполнение бизнес-плана/2024 список' is clicked on

08-11-2024T07:30:31 - [TEST_STEP][PASSED] - scrollToElement(findTestObject("Выполнение бизнес-плана/1 квартал 2024 список"), 30): Scroll to object 'Object Repository/Выполнение бизнес-плана/1 квартал 2024 список' successfully

08-11-2024T07:31:02 - [MESSAGE][PASSED] - Scroll to object 'Object Repository/Выполнение бизнес-плана/1 квартал 2024 список' successfully

08-11-2024T07:31:02 - [TEST_STEP][PASSED] - click(findTestObject("Выполнение бизнес-плана/1 квартал 2024 список")): Object: 'Object Repository/Выполнение бизнес-плана/1 квартал 2024 список' is clicked on

08-11-2024T07:31:32 - [MESSAGE][PASSED] - Object: 'Object Repository/Выполнение бизнес-плана/1 квартал 2024 список' is clicked on

08-11-2024T07:31:32 - [TEST_STEP][PASSED] - click(findTestObject("Выполнение бизнес-плана/Январь 2024")): Object: 'Object Repository/Выполнение бизнес-плана/Январь 2024' is clicked on

08-11-2024T07:32:02 - [MESSAGE][PASSED] - Object: 'Object Repository/Выполнение бизнес-плана/Январь 2024' is clicked on

08-11-2024T07:32:02 - [TEST_STEP][PASSED] - click(findTestObject("Выполнение бизнес-плана/Февраль 2024")): Object: 'Object Repository/Выполнение бизнес-плана/Февраль 2024' is clicked on

08-11-2024T07:32:32 - [MESSAGE][PASSED] - Object: 'Object Repository/Выполнение бизнес-плана/Февраль 2024' is clicked on

08-11-2024T07:32:32 - [TEST_STEP][PASSED] - click(findTestObject("Выполнение бизнес-плана/Март 2024")): Object: 'Object Repository/Выполнение бизнес-плана/Март 2024' is clicked on

08-11-2024T07:33:02 - [MESSAGE][PASSED] - Object: 'Object Repository/Выполнение бизнес-плана/Март 2024' is clicked on

08-11-2024T07:33:02 - [TEST_STEP][PASSED] - scrollToElement(findTestObject("Выполнение бизнес-плана/2 квартал 2024"), 30): Scroll to object 'Object Repository/Выполнение бизнес-плана/2 квартал 2024' successfully

08-11-2024T07:33:32 - [MESSAGE][PASSED] - Scroll to object 'Object Repository/Выполнение бизнес-плана/2 квартал 2024' successfully

08-11-2024T07:33:32 - [TEST_STEP][PASSED] - click(findTestObject("Выполнение бизнес-плана/2 квартал 2024")): Object: 'Object Repository/Выполнение бизнес-плана/2 квартал 2024' is clicked on

08-11-2024T07:34:02 - [MESSAGE][PASSED] - Object: 'Object Repository/Выполнение бизнес-плана/2 квартал 2024' is clicked on

08-11-2024T07:34:02 - [TEST_STEP][PASSED] - scrollToElement(findTestObject("Выполнение бизнес-плана/3 квартал 2024 список"), 30): Scroll to object 'Object Repository/Выполнение бизнес-плана/3 квартал 2024 список' successfully

08-11-2024T07:34:32 - [MESSAGE][PASSED] - Scroll to object 'Object Repository/Выполнение бизнес-плана/3 квартал 2024 список' successfully

08-11-2024T07:34:32 - [TEST_STEP][PASSED] - click(findTestObject("Выполнение бизнес-плана/3 квартал 2024"), CONTINUE_ON_FAILURE): Object: 'Object Repository/Выполнение бизнес-плана/3 квартал 2024' is clicked on

08-11-2024T07:35:02 - [MESSAGE][PASSED] - Object: 'Object Repository/Выполнение бизнес-плана/3 квартал 2024' is clicked on

08-11-2024T07:35:02 - [TEST_STEP][PASSED] - scrollToElement(findTestObject("Выполнение бизнес-плана/Заголовок дашборда"), 30): Scroll to object 'Object Repository/Выполнение бизнес-плана/Заголовок дашборда' successfully

08-11-2024T07:35:33 - [MESSAGE][PASSED] - Scroll to object 'Object Repository/Выполнение бизнес-плана/Заголовок дашборда' successfully

08-11-2024T07:35:33 - [TEST_STEP][PASSED] - click(findTestObject("Object Repository/Выполнение бизнес-плана/Применить в фильтре Дата")): Object: 'Object Repository/Выполнение бизнес-плана/Применить в фильтре Дата' is clicked on

08-11-2024T07:36:03 - [MESSAGE][PASSED] - Object: 'Object Repository/Выполнение бизнес-плана/Применить в фильтре Дата' is clicked on

08-11-2024T07:36:03 - [TEST_STEP][PASSED] - delay(50): Delayed 50 second(s)

08-11-2024T07:36:53 - [MESSAGE][PASSED] - Delayed 50 second(s)

08-11-2024T07:36:53 - [TEST_STEP][PASSED] - Script1718980020443.ZakrytOpoveshenie(): null

08-11-2024T07:36:53 - [TEST_STEP][PASSED] - delay(10): Delayed 10 second(s)

08-11-2024T07:37:03 - [MESSAGE][PASSED] - Delayed 10 second(s)

08-11-2024T07:37:03 - [TEST_STEP][PASSED] - opoveshenie = getText(findTestObject("Выполнение бизнес-плана/Просьба обратить внимание")): Text of object 'Object Repository/Выполнение бизнес-плана/Просьба обратить внимание' is: 'Просьба обратить внимание'

08-11-2024T07:37:33 - [MESSAGE][PASSED] - Text of object 'Object Repository/Выполнение бизнес-плана/Просьба обратить внимание' is: 'Просьба обратить внимание'

08-11-2024T07:37:33 - [TEST_STEP][PASSED] - println(opoveshenie): null

08-11-2024T07:37:33 - [TEST_STEP][PASSED] - if (opoveshenie == "Просьба обратить внимание"): Object: 'Object Repository/Выполнение бизнес-плана/Закрыть оповещение' is clicked on

08-11-2024T07:37:33 - [TEST_STEP][PASSED] - click(findTestObject("Выполнение бизнес-плана/Закрыть оповещение")): Object: 'Object Repository/Выполнение бизнес-плана/Закрыть оповещение' is clicked on

08-11-2024T07:38:03 - [MESSAGE][PASSED] - Object: 'Object Repository/Выполнение бизнес-плана/Закрыть оповещение' is clicked on

08-11-2024T07:38:03 - [TEST_STEP][PASSED] - delay(30): Delayed 30 second(s)

08-11-2024T07:38:33 - [MESSAGE][PASSED] - Delayed 30 second(s)

08-11-2024T07:38:33 - [TEST_STEP][PASSED] - Script1718980020443.OpenFilter(): null

08-11-2024T07:38:33 - [TEST_STEP][PASSED] - click(findTestObject("Object Repository/Выполнение бизнес-плана/Фильтр ДЗО")): Object: 'Object Repository/Выполнение бизнес-плана/Фильтр ДЗО' is clicked on

08-11-2024T07:39:04 - [MESSAGE][PASSED] - Object: 'Object Repository/Выполнение бизнес-плана/Фильтр ДЗО' is clicked on

08-11-2024T07:39:04 - [TEST_STEP][PASSED] - click(findTestObject("Выполнение бизнес-плана/Снять выделение в фильтре ДЗО")): Object: 'Object Repository/Выполнение бизнес-плана/Снять выделение в фильтре ДЗО' is clicked on

08-11-2024T07:39:34 - [MESSAGE][PASSED] - Object: 'Object Repository/Выполнение бизнес-плана/Снять выделение в фильтре ДЗО' is clicked on

08-11-2024T07:39:34 - [TEST_STEP][PASSED] - click(findTestObject("Выполнение бизнес-плана/ПАО Россети")): Object: 'Object Repository/Выполнение бизнес-плана/ПАО Россети' is clicked on

08-11-2024T07:40:04 - [MESSAGE][PASSED] - Object: 'Object Repository/Выполнение бизнес-плана/ПАО Россети' is clicked on

08-11-2024T07:40:04 - [TEST_STEP][PASSED] - click(findTestObject("Object Repository/Выполнение бизнес-плана/Применить в фильтре ДЗО")): Object: 'Object Repository/Выполнение бизнес-плана/Применить в фильтре ДЗО' is clicked on

08-11-2024T07:40:34 - [MESSAGE][PASSED] - Object: 'Object Repository/Выполнение бизнес-плана/Применить в фильтре ДЗО' is clicked on

08-11-2024T07:40:34 - [TEST_STEP][PASSED] - delay(30): Delayed 30 second(s)

08-11-2024T07:41:04 - [MESSAGE][PASSED] - Delayed 30 second(s)

08-11-2024T07:41:04 - [TEST_STEP][PASSED] - x1 = getText(findTestObject("Выполнение бизнес-плана/Список ДЗО старый")): Text of object 'Object Repository/Выполнение бизнес-плана/Список ДЗО старый' is: 'АО «Тываэнерго»
АО «Чеченэнерго»
Россети Северный Кавказ
Россети Сибирь
Россети Тюмень
Россети Центр (ГК)
Россети Центр и Приволжье (ГК)
0
10
20
30
40
50
60
70'

08-11-2024T07:41:34 - [MESSAGE][PASSED] - Text of object 'Object Repository/Выполнение бизнес-плана/Список ДЗО старый' is: 'АО «Тываэнерго»
АО «Чеченэнерго»
Россети Северный Кавказ
Россети Сибирь
Россети Тюмень
Россети Центр (ГК)
Россети Центр и Приволжье (ГК)
0
10
20
30
40
50
60
70'

08-11-2024T07:41:34 - [TEST_STEP][PASSED] - dZO = "ПАО Россети": null

08-11-2024T07:41:34 - [TEST_STEP][PASSED] - a = 84: null

08-11-2024T07:41:34 - [TEST_STEP][PASSED] - Script1718980020443.Numbers(a, typeOfData, todaysDate, pageInt, fileInt, pageDouble, fileDouble, dZO, dzoNum, filialNum): null

08-11-2024T07:41:34 - [TEST_STEP][PASSED] - println(dzoNum): null

08-11-2024T07:41:34 - [TEST_STEP][PASSED] - planFact = <not implemented yet for class: org.codehaus.groovy.ast.expr.EmptyExpression>: null

08-11-2024T07:41:34 - [TEST_STEP][PASSED] - page = <not implemented yet for class: org.codehaus.groovy.ast.expr.EmptyExpression>: null

08-11-2024T07:41:34 - [TEST_STEP][PASSED] - page1 = <not implemented yet for class: org.codehaus.groovy.ast.expr.EmptyExpression>: null

08-11-2024T07:41:34 - [TEST_STEP][PASSED] - page2 = <not implemented yet for class: org.codehaus.groovy.ast.expr.EmptyExpression>: null

08-11-2024T07:41:34 - [TEST_STEP][PASSED] - filialNumberInRow = <not implemented yet for class: org.codehaus.groovy.ast.expr.EmptyExpression>: null

08-11-2024T07:41:34 - [TEST_STEP][PASSED] - filialsDzoNames = <not implemented yet for class: org.codehaus.groovy.ast.expr.EmptyExpression>: null

08-11-2024T07:41:34 - [TEST_STEP][PASSED] - numberOfFilials = <not implemented yet for class: org.codehaus.groovy.ast.expr.EmptyExpression>: null

08-11-2024T07:41:34 - [TEST_STEP][PASSED] - numberOfSpaces = <not implemented yet for class: org.codehaus.groovy.ast.expr.EmptyExpression>: null

08-11-2024T07:41:34 - [TEST_STEP][PASSED] - file = <not implemented yet for class: org.codehaus.groovy.ast.expr.EmptyExpression>: null

08-11-2024T07:41:34 - [TEST_STEP][PASSED] - otpusk = <not implemented yet for class: org.codehaus.groovy.ast.expr.EmptyExpression>: null

08-11-2024T07:41:34 - [TEST_STEP][PASSED] - poteri = <not implemented yet for class: org.codehaus.groovy.ast.expr.EmptyExpression>: null

08-11-2024T07:41:34 - [TEST_STEP][PASSED] - dataFolder = "Выполнение бизнес-плана/Значения со страницы Выполнение бизнес-плана/": null

08-11-2024T07:41:34 - [TEST_STEP][PASSED] - path = <not implemented yet for class: org.codehaus.groovy.ast.expr.EmptyExpression>: null

08-11-2024T07:41:34 - [TEST_STEP][PASSED] - typeOfDataMain = <not implemented yet for class: org.codehaus.groovy.ast.expr.EmptyExpression>: null

08-11-2024T07:41:34 - [TEST_STEP][PASSED] - fileOtpuskVSet = <not implemented yet for class: org.codehaus.groovy.ast.expr.EmptyExpression>: null

08-11-2024T07:41:34 - [TEST_STEP][PASSED] - pageOtpuskVSet = <not implemented yet for class: org.codehaus.groovy.ast.expr.EmptyExpression>: null

08-11-2024T07:41:34 - [TEST_STEP][PASSED] - filePoteri = <not implemented yet for class: org.codehaus.groovy.ast.expr.EmptyExpression>: null

08-11-2024T07:41:34 - [TEST_STEP][PASSED] - pagePoteri = <not implemented yet for class: org.codehaus.groovy.ast.expr.EmptyExpression>: null

08-11-2024T07:41:34 - [TEST_STEP][PASSED] - compare = <not implemented yet for class: org.codehaus.groovy.ast.expr.EmptyExpression>: null

08-11-2024T07:41:35 - [TEST_STEP][PASSED] - b = <not implemented yet for class: org.codehaus.groovy.ast.expr.EmptyExpression>: null

08-11-2024T07:41:35 - [TEST_STEP][PASSED] - i = <not implemented yet for class: org.codehaus.groovy.ast.expr.EmptyExpression>: null

08-11-2024T07:41:35 - [TEST_STEP][PASSED] - ii = <not implemented yet for class: org.codehaus.groovy.ast.expr.EmptyExpression>: null

08-11-2024T07:41:35 - [TEST_STEP][PASSED] - c = <not implemented yet for class: org.codehaus.groovy.ast.expr.EmptyExpression>: null

08-11-2024T07:41:35 - [TEST_STEP][PASSED] - numberOfErrors = 0: null

08-11-2024T07:41:35 - [TEST_STEP][PASSED] - if (a == 82): null

08-11-2024T07:41:35 - [TEST_STEP][PASSED] - b = findTestData("PlanFact").getValue(1, a): null

08-11-2024T07:41:35 - [TEST_STEP][PASSED] - i = b.indexOf(" (ГК)"): null

08-11-2024T07:41:35 - [TEST_STEP][PASSED] - if (i > -1): null

08-11-2024T07:41:35 - [TEST_STEP][PASSED] - i = b.indexOf("О ""): null

08-11-2024T07:41:35 - [TEST_STEP][PASSED] - if (i > -1): null

08-11-2024T07:41:35 - [TEST_STEP][PASSED] - i = b.indexOf("О «"): null

08-11-2024T07:41:35 - [TEST_STEP][PASSED] - if (i > -1): null

08-11-2024T07:41:35 - [TEST_STEP][PASSED] - i = b.indexOf("г. "): null

08-11-2024T07:41:35 - [TEST_STEP][PASSED] - if (i > -1): null

08-11-2024T07:41:35 - [TEST_STEP][PASSED] - println(b): null

08-11-2024T07:41:35 - [TEST_STEP][PASSED] - for ([planFact = 1, planFact < 3, (planFact++)]): null

08-11-2024T07:41:35 - [TEST_STEP][PASSED] - if (planFact == 1): null

08-11-2024T07:41:35 - [TEST_STEP][PASSED] - typeOfDataMain = "Факт": null

08-11-2024T07:41:35 - [TEST_STEP][PASSED] - otpusk = findTestData("PlanFact").getValue(5, a): null

08-11-2024T07:41:35 - [TEST_STEP][PASSED] - poteri = findTestData("PlanFact").getValue(6, a): null

08-11-2024T07:41:35 - [TEST_STEP][PASSED] - otpusk = otpusk.replaceAll("\s+", ""): null

08-11-2024T07:41:35 - [TEST_STEP][PASSED] - poteri = poteri.replaceAll("\s+", ""): null

08-11-2024T07:41:35 - [TEST_STEP][PASSED] - typeOfData = typeOfDataMain + " Отпуск в сеть": null

08-11-2024T07:41:35 - [TEST_STEP][PASSED] - if (a == 82): null

08-11-2024T07:41:35 - [TEST_STEP][PASSED] - else if (a == 84): null

08-11-2024T07:41:35 - [TEST_STEP][PASSED] - path = dataFolder + typeOfData + " за отчётный период " + "ПАО Россети": null

08-11-2024T07:41:35 - [TEST_STEP][PASSED] - println(path): null

08-11-2024T07:41:35 - [TEST_STEP][PASSED] - page = getText(findTestObject(path)): Text of object 'Object Repository/Выполнение бизнес-плана/Значения со страницы Выполнение бизнес-плана/Факт Отпуск в сеть за отчётный период ПАО Россети' is: '190 364 468'

08-11-2024T07:42:05 - [MESSAGE][PASSED] - Text of object 'Object Repository/Выполнение бизнес-плана/Значения со страницы Выполнение бизнес-плана/Факт Отпуск в сеть за отчётный период ПАО Россети' is: '190 364 468'

08-11-2024T07:42:05 - [TEST_STEP][PASSED] - page = page.replaceAll("\s+", ""): null

08-11-2024T07:42:05 - [TEST_STEP][PASSED] - fileOtpuskVSet = otpusk.toInteger(): null

08-11-2024T07:42:05 - [TEST_STEP][PASSED] - pageOtpuskVSet = page.toInteger(): null

08-11-2024T07:42:05 - [TEST_STEP][PASSED] - typeOfData = typeOfDataMain + " Потери": null

08-11-2024T07:42:05 - [TEST_STEP][PASSED] - if (a == 82): null

08-11-2024T07:42:05 - [TEST_STEP][PASSED] - else if (a == 84): null

08-11-2024T07:42:05 - [TEST_STEP][PASSED] - path = dataFolder + typeOfData + " за отчётный период " + "ПАО Россети": null

08-11-2024T07:42:05 - [TEST_STEP][PASSED] - page = getText(findTestObject(path)): Text of object 'Object Repository/Выполнение бизнес-плана/Значения со страницы Выполнение бизнес-плана/Факт Потери за отчётный период ПАО Россети' is: '16 776 578'

08-11-2024T07:42:35 - [MESSAGE][PASSED] - Text of object 'Object Repository/Выполнение бизнес-плана/Значения со страницы Выполнение бизнес-плана/Факт Потери за отчётный период ПАО Россети' is: '16 776 578'

08-11-2024T07:42:35 - [TEST_STEP][PASSED] - page = page.replaceAll("\s+", ""): null

08-11-2024T07:42:35 - [TEST_STEP][PASSED] - filePoteri = poteri.toInteger(): null

08-11-2024T07:42:35 - [TEST_STEP][PASSED] - pagePoteri = page.toInteger(): null

08-11-2024T07:42:35 - [TEST_STEP][PASSED] - compare = pageOtpuskVSet: null

08-11-2024T07:42:35 - [TEST_STEP][PASSED] - if (compare == fileOtpuskVSet): null

08-11-2024T07:42:35 - [TEST_STEP][PASSED] - else if (compare > fileOtpuskVSet): null

08-11-2024T07:42:35 - [TEST_STEP][PASSED] - else if (compare < fileOtpuskVSet): null

08-11-2024T07:42:35 - [TEST_STEP][PASSED] - compare = compare + 1: null

08-11-2024T07:42:35 - [TEST_STEP][PASSED] - if (compare == fileOtpuskVSet): null

08-11-2024T07:42:35 - [TEST_STEP][PASSED] - else: null

08-11-2024T07:42:35 - [TEST_STEP][PASSED] - numberOfErrors = numberOfErrors + 1: null

08-11-2024T07:42:35 - [TEST_STEP][PASSED] - pageInt = pageOtpuskVSet: null

08-11-2024T07:42:35 - [TEST_STEP][PASSED] - fileInt = fileOtpuskVSet: null

08-11-2024T07:42:35 - [TEST_STEP][PASSED] - typeOfData = typeOfDataMain + " Отпуск в сеть": null

08-11-2024T07:42:35 - [TEST_STEP][PASSED] - Script1718980020443.WriteToExcel(a, typeOfData, todaysDate, pageInt, fileInt, pageDouble, fileDouble, dZO): null

08-11-2024T07:42:35 - [TEST_STEP][PASSED] - sheetName = "Sheet1": null

08-11-2024T07:42:35 - [TEST_STEP][PASSED] - data = findTestData("PlanFact"): null

08-11-2024T07:42:35 - [TEST_STEP][PASSED] - n = data.getRowNumbers() + 1: null

08-11-2024T07:42:35 - [TEST_STEP][PASSED] - year = todaysDate.substring(todaysDate.length() - 4, todaysDate.length()): null

08-11-2024T07:42:35 - [TEST_STEP][PASSED] - y = year.toInteger(): null

08-11-2024T07:42:35 - [TEST_STEP][PASSED] - m = getText(findTestObject("Выполнение бизнес-плана/Период")): Text of object 'Object Repository/Выполнение бизнес-плана/Период' is: '1, 2, 3 кв. 2024 года'

08-11-2024T07:43:05 - [MESSAGE][PASSED] - Text of object 'Object Repository/Выполнение бизнес-плана/Период' is: '1, 2, 3 кв. 2024 года'

08-11-2024T07:43:05 - [TEST_STEP][PASSED] - m = m.substring(0, m.indexOf("2024")): null

08-11-2024T07:43:05 - [TEST_STEP][PASSED] - m = m.trim(): null

08-11-2024T07:43:05 - [TEST_STEP][PASSED] - dashboardName = "Выполнение бизнес-плана": null

08-11-2024T07:43:05 - [TEST_STEP][PASSED] - workbook01 = getWorkbook(excelFilePath): null

08-11-2024T07:43:05 - [TEST_STEP][PASSED] - sheet01 = getExcelSheet(workbook01, sheetName): null

08-11-2024T07:43:05 - [TEST_STEP][PASSED] - setValueToCellByIndex(sheet01, n, 0, dashboardName): null

08-11-2024T07:43:05 - [TEST_STEP][PASSED] - setValueToCellByIndex(sheet01, n, 1, dZO): null

08-11-2024T07:43:05 - [TEST_STEP][PASSED] - setValueToCellByIndex(sheet01, n, 2, typeOfData): null

08-11-2024T07:43:05 - [TEST_STEP][PASSED] - if (typeOfData == "Факт в процентах" || typeOfData == "План в процентах"): null

08-11-2024T07:43:05 - [TEST_STEP][PASSED] - else: null

08-11-2024T07:43:05 - [TEST_STEP][PASSED] - setValueToCellByIndex(sheet01, n, 3, fileInt): null

08-11-2024T07:43:05 - [TEST_STEP][PASSED] - setValueToCellByIndex(sheet01, n, 4, pageInt): null

08-11-2024T07:43:05 - [TEST_STEP][PASSED] - setValueToCellByIndex(sheet01, n, 5, m): null

08-11-2024T07:43:05 - [TEST_STEP][PASSED] - setValueToCellByIndex(sheet01, n, 6, y): null

08-11-2024T07:43:05 - [TEST_STEP][PASSED] - setValueToCellByIndex(sheet01, n, 7, todaysDate): null

08-11-2024T07:43:05 - [TEST_STEP][PASSED] - n = n + 1: null

08-11-2024T07:43:05 - [TEST_STEP][PASSED] - saveWorkbook(excelFilePath, workbook01): null

08-11-2024T07:43:06 - [TEST_STEP][PASSED] - compare = pagePoteri: null

08-11-2024T07:43:06 - [TEST_STEP][PASSED] - if (compare == filePoteri): null

08-11-2024T07:43:06 - [TEST_STEP][PASSED] - else if (compare > filePoteri): null

08-11-2024T07:43:06 - [TEST_STEP][PASSED] - else if (compare < filePoteri): null

08-11-2024T07:43:06 - [TEST_STEP][PASSED] - compare = compare + 1: null

08-11-2024T07:43:06 - [TEST_STEP][PASSED] - if (compare == filePoteri): null

08-11-2024T07:43:06 - [TEST_STEP][PASSED] - else: null

08-11-2024T07:43:06 - [TEST_STEP][PASSED] - numberOfErrors = numberOfErrors + 1: null

08-11-2024T07:43:06 - [TEST_STEP][PASSED] - pageInt = pagePoteri: null

08-11-2024T07:43:06 - [TEST_STEP][PASSED] - fileInt = filePoteri: null

08-11-2024T07:43:06 - [TEST_STEP][PASSED] - typeOfData = typeOfDataMain + " Потери": null

08-11-2024T07:43:06 - [TEST_STEP][PASSED] - Script1718980020443.WriteToExcel(a, typeOfData, todaysDate, pageInt, fileInt, pageDouble, fileDouble, dZO): null

08-11-2024T07:43:06 - [TEST_STEP][PASSED] - sheetName = "Sheet1": null

08-11-2024T07:43:06 - [TEST_STEP][PASSED] - data = findTestData("PlanFact"): null

08-11-2024T07:43:06 - [TEST_STEP][PASSED] - n = data.getRowNumbers() + 1: null

08-11-2024T07:43:06 - [TEST_STEP][PASSED] - year = todaysDate.substring(todaysDate.length() - 4, todaysDate.length()): null

08-11-2024T07:43:06 - [TEST_STEP][PASSED] - y = year.toInteger(): null

08-11-2024T07:43:06 - [TEST_STEP][PASSED] - m = getText(findTestObject("Выполнение бизнес-плана/Период")): Text of object 'Object Repository/Выполнение бизнес-плана/Период' is: '1, 2, 3 кв. 2024 года'

08-11-2024T07:43:36 - [MESSAGE][PASSED] - Text of object 'Object Repository/Выполнение бизнес-плана/Период' is: '1, 2, 3 кв. 2024 года'

08-11-2024T07:43:36 - [TEST_STEP][PASSED] - m = m.substring(0, m.indexOf("2024")): null

08-11-2024T07:43:36 - [TEST_STEP][PASSED] - m = m.trim(): null

08-11-2024T07:43:36 - [TEST_STEP][PASSED] - dashboardName = "Выполнение бизнес-плана": null

08-11-2024T07:43:36 - [TEST_STEP][PASSED] - workbook01 = getWorkbook(excelFilePath): null

08-11-2024T07:43:36 - [TEST_STEP][PASSED] - sheet01 = getExcelSheet(workbook01, sheetName): null

08-11-2024T07:43:36 - [TEST_STEP][PASSED] - setValueToCellByIndex(sheet01, n, 0, dashboardName): null

08-11-2024T07:43:36 - [TEST_STEP][PASSED] - setValueToCellByIndex(sheet01, n, 1, dZO): null

08-11-2024T07:43:36 - [TEST_STEP][PASSED] - setValueToCellByIndex(sheet01, n, 2, typeOfData): null

08-11-2024T07:43:36 - [TEST_STEP][PASSED] - if (typeOfData == "Факт в процентах" || typeOfData == "План в процентах"): null

08-11-2024T07:43:36 - [TEST_STEP][PASSED] - else: null

08-11-2024T07:43:36 - [TEST_STEP][PASSED] - setValueToCellByIndex(sheet01, n, 3, fileInt): null

08-11-2024T07:43:36 - [TEST_STEP][PASSED] - setValueToCellByIndex(sheet01, n, 4, pageInt): null

08-11-2024T07:43:36 - [TEST_STEP][PASSED] - setValueToCellByIndex(sheet01, n, 5, m): null

08-11-2024T07:43:36 - [TEST_STEP][PASSED] - setValueToCellByIndex(sheet01, n, 6, y): null

08-11-2024T07:43:36 - [TEST_STEP][PASSED] - setValueToCellByIndex(sheet01, n, 7, todaysDate): null

08-11-2024T07:43:36 - [TEST_STEP][PASSED] - n = n + 1: null

08-11-2024T07:43:36 - [TEST_STEP][PASSED] - saveWorkbook(excelFilePath, workbook01): null

08-11-2024T07:43:36 - [TEST_STEP][PASSED] - if (planFact == 2): null

08-11-2024T07:43:36 - [TEST_STEP][PASSED] - if (planFact == 1): null

08-11-2024T07:43:36 - [TEST_STEP][PASSED] - else if (planFact == 2): null

08-11-2024T07:43:36 - [TEST_STEP][PASSED] - click(findTestObject("Выполнение бизнес-плана/Кнопка План")): Object: 'Object Repository/Выполнение бизнес-плана/Кнопка План' is clicked on

08-11-2024T07:44:06 - [MESSAGE][PASSED] - Object: 'Object Repository/Выполнение бизнес-плана/Кнопка План' is clicked on

08-11-2024T07:44:06 - [TEST_STEP][PASSED] - typeOfDataMain = "План": null

08-11-2024T07:44:06 - [TEST_STEP][PASSED] - otpusk = findTestData("PlanFact").getValue(2, a): null

08-11-2024T07:44:06 - [TEST_STEP][PASSED] - poteri = findTestData("PlanFact").getValue(3, a): null

08-11-2024T07:44:06 - [TEST_STEP][PASSED] - otpusk = otpusk.replaceAll("\s+", ""): null

08-11-2024T07:44:06 - [TEST_STEP][PASSED] - poteri = poteri.replaceAll("\s+", ""): null

08-11-2024T07:44:06 - [TEST_STEP][PASSED] - typeOfData = typeOfDataMain + " Отпуск в сеть": null

08-11-2024T07:44:06 - [TEST_STEP][PASSED] - if (a == 82): null

08-11-2024T07:44:06 - [TEST_STEP][PASSED] - else if (a == 84): null

08-11-2024T07:44:06 - [TEST_STEP][PASSED] - path = dataFolder + typeOfData + " за отчётный период " + "ПАО Россети": null

08-11-2024T07:44:06 - [TEST_STEP][PASSED] - println(path): null

08-11-2024T07:44:06 - [TEST_STEP][PASSED] - page = getText(findTestObject(path)): Text of object 'Object Repository/Выполнение бизнес-плана/Значения со страницы Выполнение бизнес-плана/План Отпуск в сеть за отчётный период ПАО Россети' is: '185 718 021'

08-11-2024T07:44:36 - [MESSAGE][PASSED] - Text of object 'Object Repository/Выполнение бизнес-плана/Значения со страницы Выполнение бизнес-плана/План Отпуск в сеть за отчётный период ПАО Россети' is: '185 718 021'

08-11-2024T07:44:36 - [TEST_STEP][PASSED] - page = page.replaceAll("\s+", ""): null

08-11-2024T07:44:36 - [TEST_STEP][PASSED] - fileOtpuskVSet = otpusk.toInteger(): null

08-11-2024T07:44:36 - [TEST_STEP][PASSED] - pageOtpuskVSet = page.toInteger(): null

08-11-2024T07:44:36 - [TEST_STEP][PASSED] - typeOfData = typeOfDataMain + " Потери": null

08-11-2024T07:44:36 - [TEST_STEP][PASSED] - if (a == 82): null

08-11-2024T07:44:36 - [TEST_STEP][PASSED] - else if (a == 84): null

08-11-2024T07:44:36 - [TEST_STEP][PASSED] - path = dataFolder + typeOfData + " за отчётный период " + "ПАО Россети": null

08-11-2024T07:44:36 - [TEST_STEP][PASSED] - page = getText(findTestObject(path)): Text of object 'Object Repository/Выполнение бизнес-плана/Значения со страницы Выполнение бизнес-плана/План Потери за отчётный период ПАО Россети' is: '15 704 380'

08-11-2024T07:45:07 - [MESSAGE][PASSED] - Text of object 'Object Repository/Выполнение бизнес-плана/Значения со страницы Выполнение бизнес-плана/План Потери за отчётный период ПАО Россети' is: '15 704 380'

08-11-2024T07:45:07 - [TEST_STEP][PASSED] - page = page.replaceAll("\s+", ""): null

08-11-2024T07:45:07 - [TEST_STEP][PASSED] - filePoteri = poteri.toInteger(): null

08-11-2024T07:45:07 - [TEST_STEP][PASSED] - pagePoteri = page.toInteger(): null

08-11-2024T07:45:07 - [TEST_STEP][PASSED] - compare = pageOtpuskVSet: null

08-11-2024T07:45:07 - [TEST_STEP][PASSED] - if (compare == fileOtpuskVSet): null

08-11-2024T07:45:07 - [TEST_STEP][PASSED] - else if (compare > fileOtpuskVSet): null

08-11-2024T07:45:07 - [TEST_STEP][PASSED] - else if (compare < fileOtpuskVSet): null

08-11-2024T07:45:07 - [TEST_STEP][PASSED] - compare = compare + 1: null

08-11-2024T07:45:07 - [TEST_STEP][PASSED] - if (compare == fileOtpuskVSet): null

08-11-2024T07:45:07 - [TEST_STEP][PASSED] - else: null

08-11-2024T07:45:07 - [TEST_STEP][PASSED] - numberOfErrors = numberOfErrors + 1: null

08-11-2024T07:45:07 - [TEST_STEP][PASSED] - pageInt = pageOtpuskVSet: null

08-11-2024T07:45:07 - [TEST_STEP][PASSED] - fileInt = fileOtpuskVSet: null

08-11-2024T07:45:07 - [TEST_STEP][PASSED] - typeOfData = typeOfDataMain + " Отпуск в сеть": null

08-11-2024T07:45:07 - [TEST_STEP][PASSED] - Script1718980020443.WriteToExcel(a, typeOfData, todaysDate, pageInt, fileInt, pageDouble, fileDouble, dZO): null

08-11-2024T07:45:07 - [TEST_STEP][PASSED] - sheetName = "Sheet1": null

08-11-2024T07:45:07 - [TEST_STEP][PASSED] - data = findTestData("PlanFact"): null

08-11-2024T07:45:07 - [TEST_STEP][PASSED] - n = data.getRowNumbers() + 1: null

08-11-2024T07:45:07 - [TEST_STEP][PASSED] - year = todaysDate.substring(todaysDate.length() - 4, todaysDate.length()): null

08-11-2024T07:45:07 - [TEST_STEP][PASSED] - y = year.toInteger(): null

08-11-2024T07:45:07 - [TEST_STEP][PASSED] - m = getText(findTestObject("Выполнение бизнес-плана/Период")): Text of object 'Object Repository/Выполнение бизнес-плана/Период' is: '1, 2, 3 кв. 2024 года'

08-11-2024T07:45:37 - [MESSAGE][PASSED] - Text of object 'Object Repository/Выполнение бизнес-плана/Период' is: '1, 2, 3 кв. 2024 года'

08-11-2024T07:45:37 - [TEST_STEP][PASSED] - m = m.substring(0, m.indexOf("2024")): null

08-11-2024T07:45:37 - [TEST_STEP][PASSED] - m = m.trim(): null

08-11-2024T07:45:37 - [TEST_STEP][PASSED] - dashboardName = "Выполнение бизнес-плана": null

08-11-2024T07:45:37 - [TEST_STEP][PASSED] - workbook01 = getWorkbook(excelFilePath): null

08-11-2024T07:45:37 - [TEST_STEP][PASSED] - sheet01 = getExcelSheet(workbook01, sheetName): null

08-11-2024T07:45:37 - [TEST_STEP][PASSED] - setValueToCellByIndex(sheet01, n, 0, dashboardName): null

08-11-2024T07:45:37 - [TEST_STEP][PASSED] - setValueToCellByIndex(sheet01, n, 1, dZO): null

08-11-2024T07:45:37 - [TEST_STEP][PASSED] - setValueToCellByIndex(sheet01, n, 2, typeOfData): null

08-11-2024T07:45:37 - [TEST_STEP][PASSED] - if (typeOfData == "Факт в процентах" || typeOfData == "План в процентах"): null

08-11-2024T07:45:37 - [TEST_STEP][PASSED] - else: null

08-11-2024T07:45:37 - [TEST_STEP][PASSED] - setValueToCellByIndex(sheet01, n, 3, fileInt): null

08-11-2024T07:45:37 - [TEST_STEP][PASSED] - setValueToCellByIndex(sheet01, n, 4, pageInt): null

08-11-2024T07:45:37 - [TEST_STEP][PASSED] - setValueToCellByIndex(sheet01, n, 5, m): null

08-11-2024T07:45:37 - [TEST_STEP][PASSED] - setValueToCellByIndex(sheet01, n, 6, y): null

08-11-2024T07:45:37 - [TEST_STEP][PASSED] - setValueToCellByIndex(sheet01, n, 7, todaysDate): null

08-11-2024T07:45:37 - [TEST_STEP][PASSED] - n = n + 1: null

08-11-2024T07:45:37 - [TEST_STEP][PASSED] - saveWorkbook(excelFilePath, workbook01): null

08-11-2024T07:45:37 - [TEST_STEP][PASSED] - compare = pagePoteri: null

08-11-2024T07:45:37 - [TEST_STEP][PASSED] - if (compare == filePoteri): null

08-11-2024T07:45:37 - [TEST_STEP][PASSED] - else if (compare > filePoteri): null

08-11-2024T07:45:37 - [TEST_STEP][PASSED] - else if (compare < filePoteri): null

08-11-2024T07:45:37 - [TEST_STEP][PASSED] - compare = compare + 1: null

08-11-2024T07:45:37 - [TEST_STEP][PASSED] - if (compare == filePoteri): null

08-11-2024T07:45:37 - [TEST_STEP][PASSED] - else: null

08-11-2024T07:45:37 - [TEST_STEP][PASSED] - numberOfErrors = numberOfErrors + 1: null

08-11-2024T07:45:37 - [TEST_STEP][PASSED] - pageInt = pagePoteri: null

08-11-2024T07:45:37 - [TEST_STEP][PASSED] - fileInt = filePoteri: null

08-11-2024T07:45:37 - [TEST_STEP][PASSED] - typeOfData = typeOfDataMain + " Потери": null

08-11-2024T07:45:37 - [TEST_STEP][PASSED] - Script1718980020443.WriteToExcel(a, typeOfData, todaysDate, pageInt, fileInt, pageDouble, fileDouble, dZO): null

08-11-2024T07:45:37 - [TEST_STEP][PASSED] - sheetName = "Sheet1": null

08-11-2024T07:45:37 - [TEST_STEP][PASSED] - data = findTestData("PlanFact"): null

08-11-2024T07:45:37 - [TEST_STEP][PASSED] - n = data.getRowNumbers() + 1: null

08-11-2024T07:45:37 - [TEST_STEP][PASSED] - year = todaysDate.substring(todaysDate.length() - 4, todaysDate.length()): null

08-11-2024T07:45:37 - [TEST_STEP][PASSED] - y = year.toInteger(): null

08-11-2024T07:45:37 - [TEST_STEP][PASSED] - m = getText(findTestObject("Выполнение бизнес-плана/Период")): Text of object 'Object Repository/Выполнение бизнес-плана/Период' is: '1, 2, 3 кв. 2024 года'

08-11-2024T07:46:07 - [MESSAGE][PASSED] - Text of object 'Object Repository/Выполнение бизнес-плана/Период' is: '1, 2, 3 кв. 2024 года'

08-11-2024T07:46:07 - [TEST_STEP][PASSED] - m = m.substring(0, m.indexOf("2024")): null

08-11-2024T07:46:07 - [TEST_STEP][PASSED] - m = m.trim(): null

08-11-2024T07:46:07 - [TEST_STEP][PASSED] - dashboardName = "Выполнение бизнес-плана": null

08-11-2024T07:46:07 - [TEST_STEP][PASSED] - workbook01 = getWorkbook(excelFilePath): null

08-11-2024T07:46:07 - [TEST_STEP][PASSED] - sheet01 = getExcelSheet(workbook01, sheetName): null

08-11-2024T07:46:07 - [TEST_STEP][PASSED] - setValueToCellByIndex(sheet01, n, 0, dashboardName): null

08-11-2024T07:46:07 - [TEST_STEP][PASSED] - setValueToCellByIndex(sheet01, n, 1, dZO): null

08-11-2024T07:46:07 - [TEST_STEP][PASSED] - setValueToCellByIndex(sheet01, n, 2, typeOfData): null

08-11-2024T07:46:07 - [TEST_STEP][PASSED] - if (typeOfData == "Факт в процентах" || typeOfData == "План в процентах"): null

08-11-2024T07:46:07 - [TEST_STEP][PASSED] - else: null

08-11-2024T07:46:07 - [TEST_STEP][PASSED] - setValueToCellByIndex(sheet01, n, 3, fileInt): null

08-11-2024T07:46:07 - [TEST_STEP][PASSED] - setValueToCellByIndex(sheet01, n, 4, pageInt): null

08-11-2024T07:46:07 - [TEST_STEP][PASSED] - setValueToCellByIndex(sheet01, n, 5, m): null

08-11-2024T07:46:07 - [TEST_STEP][PASSED] - setValueToCellByIndex(sheet01, n, 6, y): null

08-11-2024T07:46:07 - [TEST_STEP][PASSED] - setValueToCellByIndex(sheet01, n, 7, todaysDate): null

08-11-2024T07:46:07 - [TEST_STEP][PASSED] - n = n + 1: null

08-11-2024T07:46:07 - [TEST_STEP][PASSED] - saveWorkbook(excelFilePath, workbook01): Object: 'Object Repository/Выполнение бизнес-плана/Кнопка Факт' is clicked on

08-11-2024T07:46:07 - [TEST_STEP][PASSED] - if (planFact == 2): Object: 'Object Repository/Выполнение бизнес-плана/Кнопка Факт' is clicked on

08-11-2024T07:46:07 - [TEST_STEP][PASSED] - click(findTestObject("Выполнение бизнес-плана/Кнопка Факт")): Object: 'Object Repository/Выполнение бизнес-плана/Кнопка Факт' is clicked on

08-11-2024T07:46:38 - [MESSAGE][PASSED] - Object: 'Object Repository/Выполнение бизнес-плана/Кнопка Факт' is clicked on

08-11-2024T07:46:38 - [TEST_STEP][PASSED] - if (a == 84 || a == 82): null

08-11-2024T07:46:38 - [TEST_STEP][PASSED] - page = getText(findTestObject("Выполнение бизнес-плана/textPlanFact")): Text of object 'Object Repository/Выполнение бизнес-плана/textPlanFact' is: '%
5.24 5.24
5.21 5.21
План
Факт
1
100'

08-11-2024T07:47:08 - [MESSAGE][PASSED] - Text of object 'Object Repository/Выполнение бизнес-плана/textPlanFact' is: '%
5.24 5.24
5.21 5.21
План
Факт
1
100'

08-11-2024T07:47:08 - [TEST_STEP][PASSED] - page = page.replaceAll("\n", "_"): null

08-11-2024T07:47:08 - [TEST_STEP][PASSED] - page = page.substring(page.indexOf("_") + 1, page.length()): null

08-11-2024T07:47:08 - [TEST_STEP][PASSED] - page1 = page.substring(0, page.indexOf("_")): null

08-11-2024T07:47:08 - [TEST_STEP][PASSED] - page1 = page.substring(0, page.indexOf(" ")): null

08-11-2024T07:47:08 - [TEST_STEP][PASSED] - page2 = page.substring(page.indexOf("_") + 1, page.length()): null

08-11-2024T07:47:08 - [TEST_STEP][PASSED] - page2 = page2.substring(0, page.indexOf("_")): null

08-11-2024T07:47:08 - [TEST_STEP][PASSED] - page2 = page2.substring(0, page.indexOf(" ")): null

08-11-2024T07:47:08 - [TEST_STEP][PASSED] - println("page1: " + page1): null

08-11-2024T07:47:08 - [TEST_STEP][PASSED] - println("page2: " + page2): null

08-11-2024T07:47:08 - [TEST_STEP][PASSED] - file = findTestData("PlanFact").getValue(4, a): null

08-11-2024T07:47:08 - [TEST_STEP][PASSED] - file = file.replace(",", "."): null

08-11-2024T07:47:08 - [TEST_STEP][PASSED] - println("file Plan: " + file): null

08-11-2024T07:47:08 - [TEST_STEP][PASSED] - typeOfData = "План в процентах": null

08-11-2024T07:47:08 - [TEST_STEP][PASSED] - fileDouble = file.toDouble(): null

08-11-2024T07:47:08 - [TEST_STEP][PASSED] - pageDouble = page1.toDouble(): null

08-11-2024T07:47:08 - [TEST_STEP][PASSED] - if (fileDouble != pageDouble): null

08-11-2024T07:47:08 - [TEST_STEP][PASSED] - numberOfErrors = numberOfErrors + 1: null

08-11-2024T07:47:08 - [TEST_STEP][PASSED] - Script1718980020443.WriteToExcel(a, typeOfData, todaysDate, pageInt, fileInt, pageDouble, fileDouble, dZO): null

08-11-2024T07:47:08 - [TEST_STEP][PASSED] - sheetName = "Sheet1": null

08-11-2024T07:47:08 - [TEST_STEP][PASSED] - data = findTestData("PlanFact"): null

08-11-2024T07:47:08 - [TEST_STEP][PASSED] - n = data.getRowNumbers() + 1: null

08-11-2024T07:47:08 - [TEST_STEP][PASSED] - year = todaysDate.substring(todaysDate.length() - 4, todaysDate.length()): null

08-11-2024T07:47:08 - [TEST_STEP][PASSED] - y = year.toInteger(): null

08-11-2024T07:47:08 - [TEST_STEP][PASSED] - m = getText(findTestObject("Выполнение бизнес-плана/Период")): Text of object 'Object Repository/Выполнение бизнес-плана/Период' is: '1, 2, 3 кв. 2024 года'

08-11-2024T07:47:38 - [MESSAGE][PASSED] - Text of object 'Object Repository/Выполнение бизнес-плана/Период' is: '1, 2, 3 кв. 2024 года'

08-11-2024T07:47:38 - [TEST_STEP][PASSED] - m = m.substring(0, m.indexOf("2024")): null

08-11-2024T07:47:38 - [TEST_STEP][PASSED] - m = m.trim(): null

08-11-2024T07:47:38 - [TEST_STEP][PASSED] - dashboardName = "Выполнение бизнес-плана": null

08-11-2024T07:47:38 - [TEST_STEP][PASSED] - workbook01 = getWorkbook(excelFilePath): null

08-11-2024T07:47:38 - [TEST_STEP][PASSED] - sheet01 = getExcelSheet(workbook01, sheetName): null

08-11-2024T07:47:38 - [TEST_STEP][PASSED] - setValueToCellByIndex(sheet01, n, 0, dashboardName): null

08-11-2024T07:47:38 - [TEST_STEP][PASSED] - setValueToCellByIndex(sheet01, n, 1, dZO): null

08-11-2024T07:47:38 - [TEST_STEP][PASSED] - setValueToCellByIndex(sheet01, n, 2, typeOfData): null

08-11-2024T07:47:38 - [TEST_STEP][PASSED] - if (typeOfData == "Факт в процентах" || typeOfData == "План в процентах"): null

08-11-2024T07:47:38 - [TEST_STEP][PASSED] - setValueToCellByIndex(sheet01, n, 3, fileDouble): null

08-11-2024T07:47:38 - [TEST_STEP][PASSED] - setValueToCellByIndex(sheet01, n, 4, pageDouble): null

08-11-2024T07:47:38 - [TEST_STEP][PASSED] - setValueToCellByIndex(sheet01, n, 5, m): null

08-11-2024T07:47:38 - [TEST_STEP][PASSED] - setValueToCellByIndex(sheet01, n, 6, y): null

08-11-2024T07:47:38 - [TEST_STEP][PASSED] - setValueToCellByIndex(sheet01, n, 7, todaysDate): null

08-11-2024T07:47:38 - [TEST_STEP][PASSED] - n = n + 1: null

08-11-2024T07:47:38 - [TEST_STEP][PASSED] - saveWorkbook(excelFilePath, workbook01): null

08-11-2024T07:47:38 - [TEST_STEP][PASSED] - file = findTestData("PlanFact").getValue(7, a): null

08-11-2024T07:47:38 - [TEST_STEP][PASSED] - file = file.replace(",", "."): null

08-11-2024T07:47:38 - [TEST_STEP][PASSED] - println("file Fact: " + file): null

08-11-2024T07:47:38 - [TEST_STEP][PASSED] - fileDouble = file.toDouble(): null

08-11-2024T07:47:38 - [TEST_STEP][PASSED] - typeOfData = "Факт в процентах": null

08-11-2024T07:47:38 - [TEST_STEP][PASSED] - fileDouble = file.toDouble(): null

08-11-2024T07:47:38 - [TEST_STEP][PASSED] - pageDouble = page2.toDouble(): null

08-11-2024T07:47:38 - [TEST_STEP][PASSED] - if (fileDouble != pageDouble): null

08-11-2024T07:47:38 - [TEST_STEP][PASSED] - numberOfErrors = numberOfErrors + 1: null

08-11-2024T07:47:38 - [TEST_STEP][PASSED] - Script1718980020443.WriteToExcel(a, typeOfData, todaysDate, pageInt, fileInt, pageDouble, fileDouble, dZO): null

08-11-2024T07:47:38 - [TEST_STEP][PASSED] - sheetName = "Sheet1": null

08-11-2024T07:47:38 - [TEST_STEP][PASSED] - data = findTestData("PlanFact"): null

08-11-2024T07:47:38 - [TEST_STEP][PASSED] - n = data.getRowNumbers() + 1: null

08-11-2024T07:47:38 - [TEST_STEP][PASSED] - year = todaysDate.substring(todaysDate.length() - 4, todaysDate.length()): null

08-11-2024T07:47:38 - [TEST_STEP][PASSED] - y = year.toInteger(): null

08-11-2024T07:47:38 - [TEST_STEP][PASSED] - m = getText(findTestObject("Выполнение бизнес-плана/Период")): Text of object 'Object Repository/Выполнение бизнес-плана/Период' is: '1, 2, 3 кв. 2024 года'

08-11-2024T07:48:08 - [MESSAGE][PASSED] - Text of object 'Object Repository/Выполнение бизнес-плана/Период' is: '1, 2, 3 кв. 2024 года'

08-11-2024T07:48:08 - [TEST_STEP][PASSED] - m = m.substring(0, m.indexOf("2024")): null

08-11-2024T07:48:08 - [TEST_STEP][PASSED] - m = m.trim(): null

08-11-2024T07:48:08 - [TEST_STEP][PASSED] - dashboardName = "Выполнение бизнес-плана": null

08-11-2024T07:48:08 - [TEST_STEP][PASSED] - workbook01 = getWorkbook(excelFilePath): null

08-11-2024T07:48:08 - [TEST_STEP][PASSED] - sheet01 = getExcelSheet(workbook01, sheetName): null

08-11-2024T07:48:08 - [TEST_STEP][PASSED] - setValueToCellByIndex(sheet01, n, 0, dashboardName): null

08-11-2024T07:48:08 - [TEST_STEP][PASSED] - setValueToCellByIndex(sheet01, n, 1, dZO): null

08-11-2024T07:48:08 - [TEST_STEP][PASSED] - setValueToCellByIndex(sheet01, n, 2, typeOfData): null

08-11-2024T07:48:08 - [TEST_STEP][PASSED] - if (typeOfData == "Факт в процентах" || typeOfData == "План в процентах"): null

08-11-2024T07:48:08 - [TEST_STEP][PASSED] - setValueToCellByIndex(sheet01, n, 3, fileDouble): null

08-11-2024T07:48:08 - [TEST_STEP][PASSED] - setValueToCellByIndex(sheet01, n, 4, pageDouble): null

08-11-2024T07:48:08 - [TEST_STEP][PASSED] - setValueToCellByIndex(sheet01, n, 5, m): null

08-11-2024T07:48:08 - [TEST_STEP][PASSED] - setValueToCellByIndex(sheet01, n, 6, y): null

08-11-2024T07:48:08 - [TEST_STEP][PASSED] - setValueToCellByIndex(sheet01, n, 7, todaysDate): null

08-11-2024T07:48:08 - [TEST_STEP][PASSED] - n = n + 1: null

08-11-2024T07:48:08 - [TEST_STEP][PASSED] - saveWorkbook(excelFilePath, workbook01): null

08-11-2024T07:48:09 - [TEST_STEP][FAILED] - if (verifyEqual(numberOfErrors, 0) == false): null

08-11-2024T07:48:09 - [MESSAGE][FAILED] - Unable to verify equal between actual object '6' and expected object '0' (Root cause: com.kms.katalon.core.exception.StepFailedException: Actual object '6' and expected object '0' are not equal
	at com.kms.katalon.core.keyword.builtin.VerifyEqualKeyword$_verifyEqual_closure1.doCall(VerifyEqualKeyword.groovy:58)
	at com.kms.katalon.core.keyword.builtin.VerifyEqualKeyword$_verifyEqual_closure1.call(VerifyEqualKeyword.groovy)
	at com.kms.katalon.core.keyword.internal.KeywordMain.runKeyword(KeywordMain.groovy:75)
	at com.kms.katalon.core.keyword.builtin.VerifyEqualKeyword.verifyEqual(VerifyEqualKeyword.groovy:63)
	at com.kms.katalon.core.keyword.builtin.VerifyEqualKeyword.execute(VerifyEqualKeyword.groovy:44)
	at com.kms.katalon.core.keyword.internal.KeywordExecutor.executeKeywordForPlatform(KeywordExecutor.groovy:74)
	at com.kms.katalon.core.keyword.BuiltinKeywords.verifyEqual(BuiltinKeywords.groovy:146)
	at java.base/jdk.internal.reflect.NativeMethodAccessorImpl.invoke0(Native Method)
	at java.base/jdk.internal.reflect.NativeMethodAccessorImpl.invoke(NativeMethodAccessorImpl.java:77)
	at java.base/jdk.internal.reflect.DelegatingMethodAccessorImpl.invoke(DelegatingMethodAccessorImpl.java:43)
	at Выполнение бизнес-плана Сверка ПАО Россети все филиалы.Numbers(Выполнение бизнес-плана Сверка ПАО Россети все филиалы:740)
	at Выполнение бизнес-плана Сверка ПАО Россети все филиалы.run(Выполнение бизнес-плана Сверка ПАО Россети все филиалы:189)
	at com.kms.katalon.core.main.ScriptEngine.run(ScriptEngine.java:194)
	at com.kms.katalon.core.main.ScriptEngine.runScriptAsRawText(ScriptEngine.java:119)
	at com.kms.katalon.core.main.TestCaseExecutor.runScript(TestCaseExecutor.java:448)
	at com.kms.katalon.core.main.TestCaseExecutor.doExecute(TestCaseExecutor.java:439)
	at com.kms.katalon.core.main.TestCaseExecutor.processExecutionPhase(TestCaseExecutor.java:418)
	at com.kms.katalon.core.main.TestCaseExecutor.accessMainPhase(TestCaseExecutor.java:410)
	at com.kms.katalon.core.main.TestCaseExecutor.execute(TestCaseExecutor.java:285)
	at com.kms.katalon.core.common.CommonExecutor.accessTestCaseMainPhase(CommonExecutor.java:65)
	at com.kms.katalon.core.main.TestSuiteExecutor.accessTestSuiteMainPhase(TestSuiteExecutor.java:150)
	at com.kms.katalon.core.main.TestSuiteExecutor.execute(TestSuiteExecutor.java:106)
	at com.kms.katalon.core.main.TestCaseMain.startTestSuite(TestCaseMain.java:180)
	at TempTestSuite1731039737176.run(TempTestSuite1731039737176.groovy:35)
	at java.base/jdk.internal.reflect.NativeMethodAccessorImpl.invoke0(Native Method)
	at java.base/jdk.internal.reflect.NativeMethodAccessorImpl.invoke(NativeMethodAccessorImpl.java:77)
	at java.base/jdk.internal.reflect.DelegatingMethodAccessorImpl.invoke(DelegatingMethodAccessorImpl.java:43)
)

08-11-2024T07:48:09 - [TEST_STEP][PASSED] - println(numberOfErrors): null

08-11-2024T07:48:09 - [TEST_STEP][PASSED] - if (a == 28 || a == 77 || a == 74 || a == 65 || a == 36 || a == 44 || a == 54 || a == 1 || a == 18 || a == 59): null

08-11-2024T07:48:09 - [TEST_STEP][PASSED] - if (a == 82): null

08-11-2024T07:48:09 - [TEST_STEP][PASSED] - dZO = "Россети ФСК ЕЭС": null

08-11-2024T07:48:09 - [TEST_STEP][PASSED] - a = 83: null

08-11-2024T07:48:09 - [TEST_STEP][PASSED] - if (x1.contains(dZO)): null

08-11-2024T07:48:09 - [TEST_STEP][PASSED] - else: null

08-11-2024T07:48:09 - [TEST_STEP][PASSED] - Script1718980020443.NoData(a, typeOfData, todaysDate, fileInt, fileDouble, dZO): null

08-11-2024T07:48:09 - [TEST_STEP][PASSED] - println(a): null

08-11-2024T07:48:09 - [TEST_STEP][PASSED] - println(todaysDate): null

08-11-2024T07:48:09 - [TEST_STEP][PASSED] - println(fileInt): null

08-11-2024T07:48:09 - [TEST_STEP][PASSED] - println(fileDouble): null

08-11-2024T07:48:09 - [TEST_STEP][PASSED] - println(dZO): null

08-11-2024T07:48:09 - [TEST_STEP][PASSED] - typeOfData = "Факт Отпуск в сеть": null

08-11-2024T07:48:09 - [TEST_STEP][PASSED] - fileInt = replaceAll("\s+", "").toInteger(): null

08-11-2024T07:48:09 - [TEST_STEP][PASSED] - Script1718980020443.WriteToExcelNoData(a, typeOfData, todaysDate, fileInt, fileDouble, dZO): null

08-11-2024T07:48:09 - [TEST_STEP][PASSED] - sheetName = "Sheet1": null

08-11-2024T07:48:09 - [TEST_STEP][PASSED] - data = findTestData("PlanFact"): null

08-11-2024T07:48:09 - [TEST_STEP][PASSED] - n = data.getRowNumbers() + 1: null

08-11-2024T07:48:09 - [TEST_STEP][PASSED] - year = todaysDate.substring(todaysDate.length() - 4, todaysDate.length()): null

08-11-2024T07:48:09 - [TEST_STEP][PASSED] - y = year.toInteger(): null

08-11-2024T07:48:09 - [TEST_STEP][PASSED] - m = getText(findTestObject("Выполнение бизнес-плана/Период")): Text of object 'Object Repository/Выполнение бизнес-плана/Период' is: '1, 2, 3 кв. 2024 года'

08-11-2024T07:48:39 - [MESSAGE][PASSED] - Text of object 'Object Repository/Выполнение бизнес-плана/Период' is: '1, 2, 3 кв. 2024 года'

08-11-2024T07:48:39 - [TEST_STEP][PASSED] - m = m.substring(0, m.indexOf("2024")): null

08-11-2024T07:48:39 - [TEST_STEP][PASSED] - m = m.trim(): null

08-11-2024T07:48:39 - [TEST_STEP][PASSED] - dashboardName = "Выполнение бизнес-плана": null

08-11-2024T07:48:39 - [TEST_STEP][PASSED] - workbook01 = getWorkbook(excelFilePath): null

08-11-2024T07:48:39 - [TEST_STEP][PASSED] - sheet01 = getExcelSheet(workbook01, sheetName): null

08-11-2024T07:48:39 - [TEST_STEP][PASSED] - setValueToCellByIndex(sheet01, n, 0, dashboardName): null

08-11-2024T07:48:39 - [TEST_STEP][PASSED] - setValueToCellByIndex(sheet01, n, 1, dZO): null

08-11-2024T07:48:39 - [TEST_STEP][PASSED] - setValueToCellByIndex(sheet01, n, 2, typeOfData): null

08-11-2024T07:48:39 - [TEST_STEP][PASSED] - if (typeOfData == "Факт в процентах" || typeOfData == "План в процентах"): null

08-11-2024T07:48:39 - [TEST_STEP][PASSED] - else: null

08-11-2024T07:48:39 - [TEST_STEP][PASSED] - setValueToCellByIndex(sheet01, n, 3, fileInt): null

08-11-2024T07:48:39 - [TEST_STEP][PASSED] - setValueToCellByIndex(sheet01, n, 4, "нет данных"): null

08-11-2024T07:48:39 - [TEST_STEP][PASSED] - setValueToCellByIndex(sheet01, n, 5, m): null

08-11-2024T07:48:39 - [TEST_STEP][PASSED] - setValueToCellByIndex(sheet01, n, 6, y): null

08-11-2024T07:48:39 - [TEST_STEP][PASSED] - setValueToCellByIndex(sheet01, n, 7, todaysDate): null

08-11-2024T07:48:39 - [TEST_STEP][PASSED] - n = n + 1: null

08-11-2024T07:48:39 - [TEST_STEP][PASSED] - saveWorkbook(excelFilePath, workbook01): null

08-11-2024T07:48:39 - [TEST_STEP][PASSED] - typeOfData = "Факт Потери": null

08-11-2024T07:48:39 - [TEST_STEP][PASSED] - fileInt = replaceAll("\s+", "").toInteger(): null

08-11-2024T07:48:39 - [TEST_STEP][PASSED] - Script1718980020443.WriteToExcelNoData(a, typeOfData, todaysDate, fileInt, fileDouble, dZO): null

08-11-2024T07:48:39 - [TEST_STEP][PASSED] - sheetName = "Sheet1": null

08-11-2024T07:48:39 - [TEST_STEP][PASSED] - data = findTestData("PlanFact"): null

08-11-2024T07:48:39 - [TEST_STEP][PASSED] - n = data.getRowNumbers() + 1: null

08-11-2024T07:48:39 - [TEST_STEP][PASSED] - year = todaysDate.substring(todaysDate.length() - 4, todaysDate.length()): null

08-11-2024T07:48:39 - [TEST_STEP][PASSED] - y = year.toInteger(): null

08-11-2024T07:48:39 - [TEST_STEP][PASSED] - m = getText(findTestObject("Выполнение бизнес-плана/Период")): Text of object 'Object Repository/Выполнение бизнес-плана/Период' is: '1, 2, 3 кв. 2024 года'

08-11-2024T07:49:09 - [MESSAGE][PASSED] - Text of object 'Object Repository/Выполнение бизнес-плана/Период' is: '1, 2, 3 кв. 2024 года'

08-11-2024T07:49:09 - [TEST_STEP][PASSED] - m = m.substring(0, m.indexOf("2024")): null

08-11-2024T07:49:09 - [TEST_STEP][PASSED] - m = m.trim(): null

08-11-2024T07:49:09 - [TEST_STEP][PASSED] - dashboardName = "Выполнение бизнес-плана": null

08-11-2024T07:49:09 - [TEST_STEP][PASSED] - workbook01 = getWorkbook(excelFilePath): null

08-11-2024T07:49:10 - [TEST_STEP][PASSED] - sheet01 = getExcelSheet(workbook01, sheetName): null

08-11-2024T07:49:10 - [TEST_STEP][PASSED] - setValueToCellByIndex(sheet01, n, 0, dashboardName): null

08-11-2024T07:49:10 - [TEST_STEP][PASSED] - setValueToCellByIndex(sheet01, n, 1, dZO): null

08-11-2024T07:49:10 - [TEST_STEP][PASSED] - setValueToCellByIndex(sheet01, n, 2, typeOfData): null

08-11-2024T07:49:10 - [TEST_STEP][PASSED] - if (typeOfData == "Факт в процентах" || typeOfData == "План в процентах"): null

08-11-2024T07:49:10 - [TEST_STEP][PASSED] - else: null

08-11-2024T07:49:10 - [TEST_STEP][PASSED] - setValueToCellByIndex(sheet01, n, 3, fileInt): null

08-11-2024T07:49:10 - [TEST_STEP][PASSED] - setValueToCellByIndex(sheet01, n, 4, "нет данных"): null

08-11-2024T07:49:10 - [TEST_STEP][PASSED] - setValueToCellByIndex(sheet01, n, 5, m): null

08-11-2024T07:49:10 - [TEST_STEP][PASSED] - setValueToCellByIndex(sheet01, n, 6, y): null

08-11-2024T07:49:10 - [TEST_STEP][PASSED] - setValueToCellByIndex(sheet01, n, 7, todaysDate): null

08-11-2024T07:49:10 - [TEST_STEP][PASSED] - n = n + 1: null

08-11-2024T07:49:10 - [TEST_STEP][PASSED] - saveWorkbook(excelFilePath, workbook01): null

08-11-2024T07:49:10 - [TEST_STEP][PASSED] - typeOfData = "План Отпуск в сеть": null

08-11-2024T07:49:10 - [TEST_STEP][PASSED] - fileInt = replaceAll("\s+", "").toInteger(): null

08-11-2024T07:49:10 - [TEST_STEP][PASSED] - Script1718980020443.WriteToExcelNoData(a, typeOfData, todaysDate, fileInt, fileDouble, dZO): null

08-11-2024T07:49:10 - [TEST_STEP][PASSED] - sheetName = "Sheet1": null

08-11-2024T07:49:10 - [TEST_STEP][PASSED] - data = findTestData("PlanFact"): null

08-11-2024T07:49:10 - [TEST_STEP][PASSED] - n = data.getRowNumbers() + 1: null

08-11-2024T07:49:10 - [TEST_STEP][PASSED] - year = todaysDate.substring(todaysDate.length() - 4, todaysDate.length()): null

08-11-2024T07:49:10 - [TEST_STEP][PASSED] - y = year.toInteger(): null

08-11-2024T07:49:10 - [TEST_STEP][PASSED] - m = getText(findTestObject("Выполнение бизнес-плана/Период")): Text of object 'Object Repository/Выполнение бизнес-плана/Период' is: '1, 2, 3 кв. 2024 года'

08-11-2024T07:49:40 - [MESSAGE][PASSED] - Text of object 'Object Repository/Выполнение бизнес-плана/Период' is: '1, 2, 3 кв. 2024 года'

08-11-2024T07:49:40 - [TEST_STEP][PASSED] - m = m.substring(0, m.indexOf("2024")): null

08-11-2024T07:49:40 - [TEST_STEP][PASSED] - m = m.trim(): null

08-11-2024T07:49:40 - [TEST_STEP][PASSED] - dashboardName = "Выполнение бизнес-плана": null

08-11-2024T07:49:40 - [TEST_STEP][PASSED] - workbook01 = getWorkbook(excelFilePath): null

08-11-2024T07:49:40 - [TEST_STEP][PASSED] - sheet01 = getExcelSheet(workbook01, sheetName): null

08-11-2024T07:49:40 - [TEST_STEP][PASSED] - setValueToCellByIndex(sheet01, n, 0, dashboardName): null

08-11-2024T07:49:40 - [TEST_STEP][PASSED] - setValueToCellByIndex(sheet01, n, 1, dZO): null

08-11-2024T07:49:40 - [TEST_STEP][PASSED] - setValueToCellByIndex(sheet01, n, 2, typeOfData): null

08-11-2024T07:49:40 - [TEST_STEP][PASSED] - if (typeOfData == "Факт в процентах" || typeOfData == "План в процентах"): null

08-11-2024T07:49:40 - [TEST_STEP][PASSED] - else: null

08-11-2024T07:49:40 - [TEST_STEP][PASSED] - setValueToCellByIndex(sheet01, n, 3, fileInt): null

08-11-2024T07:49:40 - [TEST_STEP][PASSED] - setValueToCellByIndex(sheet01, n, 4, "нет данных"): null

08-11-2024T07:49:40 - [TEST_STEP][PASSED] - setValueToCellByIndex(sheet01, n, 5, m): null

08-11-2024T07:49:40 - [TEST_STEP][PASSED] - setValueToCellByIndex(sheet01, n, 6, y): null

08-11-2024T07:49:40 - [TEST_STEP][PASSED] - setValueToCellByIndex(sheet01, n, 7, todaysDate): null

08-11-2024T07:49:40 - [TEST_STEP][PASSED] - n = n + 1: null

08-11-2024T07:49:40 - [TEST_STEP][PASSED] - saveWorkbook(excelFilePath, workbook01): null

08-11-2024T07:49:40 - [TEST_STEP][PASSED] - typeOfData = "План Потери": null

08-11-2024T07:49:40 - [TEST_STEP][PASSED] - fileInt = replaceAll("\s+", "").toInteger(): null

08-11-2024T07:49:40 - [TEST_STEP][PASSED] - Script1718980020443.WriteToExcelNoData(a, typeOfData, todaysDate, fileInt, fileDouble, dZO): null

08-11-2024T07:49:40 - [TEST_STEP][PASSED] - sheetName = "Sheet1": null

08-11-2024T07:49:40 - [TEST_STEP][PASSED] - data = findTestData("PlanFact"): null

08-11-2024T07:49:40 - [TEST_STEP][PASSED] - n = data.getRowNumbers() + 1: null

08-11-2024T07:49:40 - [TEST_STEP][PASSED] - year = todaysDate.substring(todaysDate.length() - 4, todaysDate.length()): null

08-11-2024T07:49:40 - [TEST_STEP][PASSED] - y = year.toInteger(): null

08-11-2024T07:49:40 - [TEST_STEP][PASSED] - m = getText(findTestObject("Выполнение бизнес-плана/Период")): Text of object 'Object Repository/Выполнение бизнес-плана/Период' is: '1, 2, 3 кв. 2024 года'

08-11-2024T07:50:10 - [MESSAGE][PASSED] - Text of object 'Object Repository/Выполнение бизнес-плана/Период' is: '1, 2, 3 кв. 2024 года'

08-11-2024T07:50:10 - [TEST_STEP][PASSED] - m = m.substring(0, m.indexOf("2024")): null

08-11-2024T07:50:10 - [TEST_STEP][PASSED] - m = m.trim(): null

08-11-2024T07:50:10 - [TEST_STEP][PASSED] - dashboardName = "Выполнение бизнес-плана": null

08-11-2024T07:50:10 - [TEST_STEP][PASSED] - workbook01 = getWorkbook(excelFilePath): null

08-11-2024T07:50:10 - [TEST_STEP][PASSED] - sheet01 = getExcelSheet(workbook01, sheetName): null

08-11-2024T07:50:10 - [TEST_STEP][PASSED] - setValueToCellByIndex(sheet01, n, 0, dashboardName): null

08-11-2024T07:50:10 - [TEST_STEP][PASSED] - setValueToCellByIndex(sheet01, n, 1, dZO): null

08-11-2024T07:50:10 - [TEST_STEP][PASSED] - setValueToCellByIndex(sheet01, n, 2, typeOfData): null

08-11-2024T07:50:10 - [TEST_STEP][PASSED] - if (typeOfData == "Факт в процентах" || typeOfData == "План в процентах"): null

08-11-2024T07:50:10 - [TEST_STEP][PASSED] - else: null

08-11-2024T07:50:10 - [TEST_STEP][PASSED] - setValueToCellByIndex(sheet01, n, 3, fileInt): null

08-11-2024T07:50:10 - [TEST_STEP][PASSED] - setValueToCellByIndex(sheet01, n, 4, "нет данных"): null

08-11-2024T07:50:10 - [TEST_STEP][PASSED] - setValueToCellByIndex(sheet01, n, 5, m): null

08-11-2024T07:50:10 - [TEST_STEP][PASSED] - setValueToCellByIndex(sheet01, n, 6, y): null

08-11-2024T07:50:10 - [TEST_STEP][PASSED] - setValueToCellByIndex(sheet01, n, 7, todaysDate): null

08-11-2024T07:50:10 - [TEST_STEP][PASSED] - n = n + 1: null

08-11-2024T07:50:10 - [TEST_STEP][PASSED] - saveWorkbook(excelFilePath, workbook01): null

08-11-2024T07:50:11 - [TEST_STEP][PASSED] - typeOfData = "План в процентах": null

08-11-2024T07:50:11 - [TEST_STEP][PASSED] - fileDouble = ").toDouble(): null

08-11-2024T07:50:11 - [TEST_STEP][PASSED] - Script1718980020443.WriteToExcelNoData(a, typeOfData, todaysDate, fileInt, fileDouble, dZO): null

08-11-2024T07:50:11 - [TEST_STEP][PASSED] - sheetName = "Sheet1": null

08-11-2024T07:50:11 - [TEST_STEP][PASSED] - data = findTestData("PlanFact"): null

08-11-2024T07:50:11 - [TEST_STEP][PASSED] - n = data.getRowNumbers() + 1: null

08-11-2024T07:50:11 - [TEST_STEP][PASSED] - year = todaysDate.substring(todaysDate.length() - 4, todaysDate.length()): null

08-11-2024T07:50:11 - [TEST_STEP][PASSED] - y = year.toInteger(): null

08-11-2024T07:50:11 - [TEST_STEP][PASSED] - m = getText(findTestObject("Выполнение бизнес-плана/Период")): Text of object 'Object Repository/Выполнение бизнес-плана/Период' is: '1, 2, 3 кв. 2024 года'

08-11-2024T07:50:41 - [MESSAGE][PASSED] - Text of object 'Object Repository/Выполнение бизнес-плана/Период' is: '1, 2, 3 кв. 2024 года'

08-11-2024T07:50:41 - [TEST_STEP][PASSED] - m = m.substring(0, m.indexOf("2024")): null

08-11-2024T07:50:41 - [TEST_STEP][PASSED] - m = m.trim(): null

08-11-2024T07:50:41 - [TEST_STEP][PASSED] - dashboardName = "Выполнение бизнес-плана": null

08-11-2024T07:50:41 - [TEST_STEP][PASSED] - workbook01 = getWorkbook(excelFilePath): null

08-11-2024T07:50:41 - [TEST_STEP][PASSED] - sheet01 = getExcelSheet(workbook01, sheetName): null

08-11-2024T07:50:41 - [TEST_STEP][PASSED] - setValueToCellByIndex(sheet01, n, 0, dashboardName): null

08-11-2024T07:50:41 - [TEST_STEP][PASSED] - setValueToCellByIndex(sheet01, n, 1, dZO): null

08-11-2024T07:50:41 - [TEST_STEP][PASSED] - setValueToCellByIndex(sheet01, n, 2, typeOfData): null

08-11-2024T07:50:41 - [TEST_STEP][PASSED] - if (typeOfData == "Факт в процентах" || typeOfData == "План в процентах"): null

08-11-2024T07:50:41 - [TEST_STEP][PASSED] - setValueToCellByIndex(sheet01, n, 3, fileDouble): null

08-11-2024T07:50:41 - [TEST_STEP][PASSED] - setValueToCellByIndex(sheet01, n, 4, "нет данных"): null

08-11-2024T07:50:41 - [TEST_STEP][PASSED] - setValueToCellByIndex(sheet01, n, 5, m): null

08-11-2024T07:50:41 - [TEST_STEP][PASSED] - setValueToCellByIndex(sheet01, n, 6, y): null

08-11-2024T07:50:41 - [TEST_STEP][PASSED] - setValueToCellByIndex(sheet01, n, 7, todaysDate): null

08-11-2024T07:50:41 - [TEST_STEP][PASSED] - n = n + 1: null

08-11-2024T07:50:41 - [TEST_STEP][PASSED] - saveWorkbook(excelFilePath, workbook01): null

08-11-2024T07:50:41 - [TEST_STEP][PASSED] - typeOfData = "Факт в процентах": null

08-11-2024T07:50:41 - [TEST_STEP][PASSED] - fileDouble = ").toDouble(): null

08-11-2024T07:50:41 - [TEST_STEP][PASSED] - Script1718980020443.WriteToExcelNoData(a, typeOfData, todaysDate, fileInt, fileDouble, dZO): null

08-11-2024T07:50:41 - [TEST_STEP][PASSED] - sheetName = "Sheet1": null

08-11-2024T07:50:41 - [TEST_STEP][PASSED] - data = findTestData("PlanFact"): null

08-11-2024T07:50:41 - [TEST_STEP][PASSED] - n = data.getRowNumbers() + 1: null

08-11-2024T07:50:41 - [TEST_STEP][PASSED] - year = todaysDate.substring(todaysDate.length() - 4, todaysDate.length()): null

08-11-2024T07:50:41 - [TEST_STEP][PASSED] - y = year.toInteger(): null

08-11-2024T07:50:41 - [TEST_STEP][PASSED] - m = getText(findTestObject("Выполнение бизнес-плана/Период")): Text of object 'Object Repository/Выполнение бизнес-плана/Период' is: '1, 2, 3 кв. 2024 года'

08-11-2024T07:51:11 - [MESSAGE][PASSED] - Text of object 'Object Repository/Выполнение бизнес-плана/Период' is: '1, 2, 3 кв. 2024 года'

08-11-2024T07:51:11 - [TEST_STEP][PASSED] - m = m.substring(0, m.indexOf("2024")): null

08-11-2024T07:51:11 - [TEST_STEP][PASSED] - m = m.trim(): null

08-11-2024T07:51:11 - [TEST_STEP][PASSED] - dashboardName = "Выполнение бизнес-плана": null

08-11-2024T07:51:11 - [TEST_STEP][PASSED] - workbook01 = getWorkbook(excelFilePath): null

08-11-2024T07:51:11 - [TEST_STEP][PASSED] - sheet01 = getExcelSheet(workbook01, sheetName): null

08-11-2024T07:51:11 - [TEST_STEP][PASSED] - setValueToCellByIndex(sheet01, n, 0, dashboardName): null

08-11-2024T07:51:11 - [TEST_STEP][PASSED] - setValueToCellByIndex(sheet01, n, 1, dZO): null

08-11-2024T07:51:11 - [TEST_STEP][PASSED] - setValueToCellByIndex(sheet01, n, 2, typeOfData): null

08-11-2024T07:51:11 - [TEST_STEP][PASSED] - if (typeOfData == "Факт в процентах" || typeOfData == "План в процентах"): null

08-11-2024T07:51:11 - [TEST_STEP][PASSED] - setValueToCellByIndex(sheet01, n, 3, fileDouble): null

08-11-2024T07:51:11 - [TEST_STEP][PASSED] - setValueToCellByIndex(sheet01, n, 4, "нет данных"): null

08-11-2024T07:51:11 - [TEST_STEP][PASSED] - setValueToCellByIndex(sheet01, n, 5, m): null

08-11-2024T07:51:11 - [TEST_STEP][PASSED] - setValueToCellByIndex(sheet01, n, 6, y): null

08-11-2024T07:51:11 - [TEST_STEP][PASSED] - setValueToCellByIndex(sheet01, n, 7, todaysDate): null

08-11-2024T07:51:11 - [TEST_STEP][PASSED] - n = n + 1: null

08-11-2024T07:51:11 - [TEST_STEP][PASSED] - saveWorkbook(excelFilePath, workbook01): null

08-11-2024T07:51:12 - [TEST_STEP][PASSED] - println(dzoNum): null

08-11-2024T07:51:12 - [TEST_STEP][PASSED] - dZO = "РаспредКомплекс": null

08-11-2024T07:51:12 - [TEST_STEP][PASSED] - a = 82: null

08-11-2024T07:51:12 - [TEST_STEP][PASSED] - Script1718980020443.Numbers(a, typeOfData, todaysDate, pageInt, fileInt, pageDouble, fileDouble, dZO, dzoNum, filialNum): null

08-11-2024T07:51:12 - [TEST_STEP][PASSED] - println(dzoNum): null

08-11-2024T07:51:12 - [TEST_STEP][PASSED] - planFact = <not implemented yet for class: org.codehaus.groovy.ast.expr.EmptyExpression>: null

08-11-2024T07:51:12 - [TEST_STEP][PASSED] - page = <not implemented yet for class: org.codehaus.groovy.ast.expr.EmptyExpression>: null

08-11-2024T07:51:12 - [TEST_STEP][PASSED] - page1 = <not implemented yet for class: org.codehaus.groovy.ast.expr.EmptyExpression>: null

08-11-2024T07:51:12 - [TEST_STEP][PASSED] - page2 = <not implemented yet for class: org.codehaus.groovy.ast.expr.EmptyExpression>: null

08-11-2024T07:51:12 - [TEST_STEP][PASSED] - filialNumberInRow = <not implemented yet for class: org.codehaus.groovy.ast.expr.EmptyExpression>: null

08-11-2024T07:51:12 - [TEST_STEP][PASSED] - filialsDzoNames = <not implemented yet for class: org.codehaus.groovy.ast.expr.EmptyExpression>: null

08-11-2024T07:51:12 - [TEST_STEP][PASSED] - numberOfFilials = <not implemented yet for class: org.codehaus.groovy.ast.expr.EmptyExpression>: null

08-11-2024T07:51:12 - [TEST_STEP][PASSED] - numberOfSpaces = <not implemented yet for class: org.codehaus.groovy.ast.expr.EmptyExpression>: null

08-11-2024T07:51:12 - [TEST_STEP][PASSED] - file = <not implemented yet for class: org.codehaus.groovy.ast.expr.EmptyExpression>: null

08-11-2024T07:51:12 - [TEST_STEP][PASSED] - otpusk = <not implemented yet for class: org.codehaus.groovy.ast.expr.EmptyExpression>: null

08-11-2024T07:51:12 - [TEST_STEP][PASSED] - poteri = <not implemented yet for class: org.codehaus.groovy.ast.expr.EmptyExpression>: null

08-11-2024T07:51:12 - [TEST_STEP][PASSED] - dataFolder = "Выполнение бизнес-плана/Значения со страницы Выполнение бизнес-плана/": null

08-11-2024T07:51:12 - [TEST_STEP][PASSED] - path = <not implemented yet for class: org.codehaus.groovy.ast.expr.EmptyExpression>: null

08-11-2024T07:51:12 - [TEST_STEP][PASSED] - typeOfDataMain = <not implemented yet for class: org.codehaus.groovy.ast.expr.EmptyExpression>: null

08-11-2024T07:51:12 - [TEST_STEP][PASSED] - fileOtpuskVSet = <not implemented yet for class: org.codehaus.groovy.ast.expr.EmptyExpression>: null

08-11-2024T07:51:12 - [TEST_STEP][PASSED] - pageOtpuskVSet = <not implemented yet for class: org.codehaus.groovy.ast.expr.EmptyExpression>: null

08-11-2024T07:51:12 - [TEST_STEP][PASSED] - filePoteri = <not implemented yet for class: org.codehaus.groovy.ast.expr.EmptyExpression>: null

08-11-2024T07:51:12 - [TEST_STEP][PASSED] - pagePoteri = <not implemented yet for class: org.codehaus.groovy.ast.expr.EmptyExpression>: null

08-11-2024T07:51:12 - [TEST_STEP][PASSED] - compare = <not implemented yet for class: org.codehaus.groovy.ast.expr.EmptyExpression>: null

08-11-2024T07:51:12 - [TEST_STEP][PASSED] - b = <not implemented yet for class: org.codehaus.groovy.ast.expr.EmptyExpression>: null

08-11-2024T07:51:12 - [TEST_STEP][PASSED] - i = <not implemented yet for class: org.codehaus.groovy.ast.expr.EmptyExpression>: null

08-11-2024T07:51:12 - [TEST_STEP][PASSED] - ii = <not implemented yet for class: org.codehaus.groovy.ast.expr.EmptyExpression>: null

08-11-2024T07:51:12 - [TEST_STEP][PASSED] - c = <not implemented yet for class: org.codehaus.groovy.ast.expr.EmptyExpression>: null

08-11-2024T07:51:12 - [TEST_STEP][PASSED] - numberOfErrors = 0: null

08-11-2024T07:51:12 - [TEST_STEP][PASSED] - if (a == 82): null

08-11-2024T07:51:12 - [TEST_STEP][PASSED] - Script1718980020443.OpenFilter(): null

08-11-2024T07:51:12 - [TEST_STEP][PASSED] - click(findTestObject("Object Repository/Выполнение бизнес-плана/Фильтр ДЗО")): Object: 'Object Repository/Выполнение бизнес-плана/Фильтр ДЗО' is clicked on

08-11-2024T07:51:42 - [MESSAGE][PASSED] - Object: 'Object Repository/Выполнение бизнес-плана/Фильтр ДЗО' is clicked on

08-11-2024T07:51:42 - [TEST_STEP][PASSED] - click(findTestObject("Выполнение бизнес-плана/Снять выделение в фильтре ДЗО")): null

08-11-2024T07:52:12 - [MESSAGE][PASSED] - Object: 'Object Repository/Выполнение бизнес-плана/Снять выделение в фильтре ДЗО' is clicked on

08-11-2024T07:52:12 - [TEST_STEP][PASSED] - click(findTestObject("Выполнение бизнес-плана/Раскрыть список ПАО Россети в фильтре ДЗО")): Object: 'Object Repository/Выполнение бизнес-плана/Раскрыть список ПАО Россети в фильтре ДЗО' is clicked on

08-11-2024T07:52:42 - [MESSAGE][PASSED] - Object: 'Object Repository/Выполнение бизнес-плана/Раскрыть список ПАО Россети в фильтре ДЗО' is clicked on

08-11-2024T07:52:42 - [TEST_STEP][PASSED] - click(findTestObject("Выполнение бизнес-плана/РаспредКомплекс")): Object: 'Object Repository/Выполнение бизнес-плана/РаспредКомплекс' is clicked on

08-11-2024T07:53:12 - [MESSAGE][PASSED] - Object: 'Object Repository/Выполнение бизнес-плана/РаспредКомплекс' is clicked on

08-11-2024T07:53:12 - [TEST_STEP][PASSED] - Script1718980020443.CloseFilter(): null

08-11-2024T07:53:12 - [TEST_STEP][PASSED] - scrollToElement(findTestObject("Выполнение бизнес-плана/Заголовок дашборда"), 30): Scroll to object 'Object Repository/Выполнение бизнес-плана/Заголовок дашборда' successfully

08-11-2024T07:53:42 - [MESSAGE][PASSED] - Scroll to object 'Object Repository/Выполнение бизнес-плана/Заголовок дашборда' successfully

08-11-2024T07:53:42 - [TEST_STEP][PASSED] - click(findTestObject("Object Repository/Выполнение бизнес-плана/Применить в фильтре ДЗО")): null

08-11-2024T07:54:13 - [MESSAGE][PASSED] - Object: 'Object Repository/Выполнение бизнес-плана/Применить в фильтре ДЗО' is clicked on

08-11-2024T07:54:13 - [TEST_STEP][PASSED] - delay(5): Delayed 5 second(s)

08-11-2024T07:54:18 - [MESSAGE][PASSED] - Delayed 5 second(s)

08-11-2024T07:54:18 - [TEST_STEP][PASSED] - b = findTestData("PlanFact").getValue(1, a): null

08-11-2024T07:54:18 - [TEST_STEP][PASSED] - i = b.indexOf(" (ГК)"): null

08-11-2024T07:54:18 - [TEST_STEP][PASSED] - if (i > -1): null

08-11-2024T07:54:18 - [TEST_STEP][PASSED] - i = b.indexOf("О ""): null

08-11-2024T07:54:18 - [TEST_STEP][PASSED] - if (i > -1): null

08-11-2024T07:54:18 - [TEST_STEP][PASSED] - i = b.indexOf("О «"): null

08-11-2024T07:54:18 - [TEST_STEP][PASSED] - if (i > -1): null

08-11-2024T07:54:18 - [TEST_STEP][PASSED] - i = b.indexOf("г. "): null

08-11-2024T07:54:18 - [TEST_STEP][PASSED] - if (i > -1): null

08-11-2024T07:54:18 - [TEST_STEP][PASSED] - println(b): null

08-11-2024T07:54:18 - [TEST_STEP][PASSED] - for ([planFact = 1, planFact < 3, (planFact++)]): null

08-11-2024T07:54:18 - [TEST_STEP][PASSED] - if (planFact == 1): null

08-11-2024T07:54:18 - [TEST_STEP][PASSED] - typeOfDataMain = "Факт": null

08-11-2024T07:54:18 - [TEST_STEP][PASSED] - otpusk = findTestData("PlanFact").getValue(5, a): null

08-11-2024T07:54:18 - [TEST_STEP][PASSED] - poteri = findTestData("PlanFact").getValue(6, a): null

08-11-2024T07:54:18 - [TEST_STEP][PASSED] - otpusk = otpusk.replaceAll("\s+", ""): null

08-11-2024T07:54:18 - [TEST_STEP][PASSED] - poteri = poteri.replaceAll("\s+", ""): null

08-11-2024T07:54:18 - [TEST_STEP][PASSED] - typeOfData = typeOfDataMain + " Отпуск в сеть": null

08-11-2024T07:54:18 - [TEST_STEP][PASSED] - if (a == 82): null

08-11-2024T07:54:18 - [TEST_STEP][PASSED] - path = dataFolder + typeOfData + " за отчётный период " + "РаспредКомплекс": null

08-11-2024T07:54:18 - [TEST_STEP][PASSED] - println(path): null

08-11-2024T07:54:18 - [TEST_STEP][PASSED] - page = getText(findTestObject(path)): Text of object 'Object Repository/Выполнение бизнес-плана/Значения со страницы Выполнение бизнес-плана/Факт Отпуск в сеть за отчётный период РаспредКомплекс' is: '190 364 468'

08-11-2024T07:54:48 - [MESSAGE][PASSED] - Text of object 'Object Repository/Выполнение бизнес-плана/Значения со страницы Выполнение бизнес-плана/Факт Отпуск в сеть за отчётный период РаспредКомплекс' is: '190 364 468'

08-11-2024T07:54:48 - [TEST_STEP][PASSED] - page = page.replaceAll("\s+", ""): null

08-11-2024T07:54:48 - [TEST_STEP][PASSED] - fileOtpuskVSet = otpusk.toInteger(): null

08-11-2024T07:54:48 - [TEST_STEP][PASSED] - pageOtpuskVSet = page.toInteger(): null

08-11-2024T07:54:48 - [TEST_STEP][PASSED] - typeOfData = typeOfDataMain + " Потери": null

08-11-2024T07:54:48 - [TEST_STEP][PASSED] - if (a == 82): null

08-11-2024T07:54:48 - [TEST_STEP][PASSED] - path = dataFolder + typeOfData + " за отчётный период " + "РаспредКомплекс": null

08-11-2024T07:54:48 - [TEST_STEP][PASSED] - page = getText(findTestObject(path)): Text of object 'Object Repository/Выполнение бизнес-плана/Значения со страницы Выполнение бизнес-плана/Факт Потери за отчётный период РаспредКомплекс' is: '16 776 578'

08-11-2024T07:55:18 - [MESSAGE][PASSED] - Text of object 'Object Repository/Выполнение бизнес-плана/Значения со страницы Выполнение бизнес-плана/Факт Потери за отчётный период РаспредКомплекс' is: '16 776 578'

08-11-2024T07:55:18 - [TEST_STEP][PASSED] - page = page.replaceAll("\s+", ""): null

08-11-2024T07:55:18 - [TEST_STEP][PASSED] - filePoteri = poteri.toInteger(): null

08-11-2024T07:55:18 - [TEST_STEP][PASSED] - pagePoteri = page.toInteger(): null

08-11-2024T07:55:18 - [TEST_STEP][PASSED] - compare = pageOtpuskVSet: null

08-11-2024T07:55:18 - [TEST_STEP][PASSED] - if (compare == fileOtpuskVSet): null

08-11-2024T07:55:18 - [TEST_STEP][PASSED] - else if (compare > fileOtpuskVSet): null

08-11-2024T07:55:18 - [TEST_STEP][PASSED] - else if (compare < fileOtpuskVSet): null

08-11-2024T07:55:18 - [TEST_STEP][PASSED] - compare = compare + 1: null

08-11-2024T07:55:18 - [TEST_STEP][PASSED] - if (compare == fileOtpuskVSet): null

08-11-2024T07:55:18 - [TEST_STEP][PASSED] - else: null

08-11-2024T07:55:18 - [TEST_STEP][PASSED] - numberOfErrors = numberOfErrors + 1: null

08-11-2024T07:55:18 - [TEST_STEP][PASSED] - pageInt = pageOtpuskVSet: null

08-11-2024T07:55:18 - [TEST_STEP][PASSED] - fileInt = fileOtpuskVSet: null

08-11-2024T07:55:18 - [TEST_STEP][PASSED] - typeOfData = typeOfDataMain + " Отпуск в сеть": null

08-11-2024T07:55:18 - [TEST_STEP][PASSED] - Script1718980020443.WriteToExcel(a, typeOfData, todaysDate, pageInt, fileInt, pageDouble, fileDouble, dZO): null

08-11-2024T07:55:18 - [TEST_STEP][PASSED] - sheetName = "Sheet1": null

08-11-2024T07:55:18 - [TEST_STEP][PASSED] - data = findTestData("PlanFact"): null

08-11-2024T07:55:18 - [TEST_STEP][PASSED] - n = data.getRowNumbers() + 1: null

08-11-2024T07:55:18 - [TEST_STEP][PASSED] - year = todaysDate.substring(todaysDate.length() - 4, todaysDate.length()): null

08-11-2024T07:55:18 - [TEST_STEP][PASSED] - y = year.toInteger(): null

08-11-2024T07:55:18 - [TEST_STEP][PASSED] - m = getText(findTestObject("Выполнение бизнес-плана/Период")): Text of object 'Object Repository/Выполнение бизнес-плана/Период' is: '1, 2, 3 кв. 2024 года'

08-11-2024T07:55:48 - [MESSAGE][PASSED] - Text of object 'Object Repository/Выполнение бизнес-плана/Период' is: '1, 2, 3 кв. 2024 года'

08-11-2024T07:55:48 - [TEST_STEP][PASSED] - m = m.substring(0, m.indexOf("2024")): null

08-11-2024T07:55:48 - [TEST_STEP][PASSED] - m = m.trim(): null

08-11-2024T07:55:48 - [TEST_STEP][PASSED] - dashboardName = "Выполнение бизнес-плана": null

08-11-2024T07:55:48 - [TEST_STEP][PASSED] - workbook01 = getWorkbook(excelFilePath): null

08-11-2024T07:55:48 - [TEST_STEP][PASSED] - sheet01 = getExcelSheet(workbook01, sheetName): null

08-11-2024T07:55:48 - [TEST_STEP][PASSED] - setValueToCellByIndex(sheet01, n, 0, dashboardName): null

08-11-2024T07:55:48 - [TEST_STEP][PASSED] - setValueToCellByIndex(sheet01, n, 1, dZO): null

08-11-2024T07:55:48 - [TEST_STEP][PASSED] - setValueToCellByIndex(sheet01, n, 2, typeOfData): null

08-11-2024T07:55:48 - [TEST_STEP][PASSED] - if (typeOfData == "Факт в процентах" || typeOfData == "План в процентах"): null

08-11-2024T07:55:48 - [TEST_STEP][PASSED] - else: null

08-11-2024T07:55:48 - [TEST_STEP][PASSED] - setValueToCellByIndex(sheet01, n, 3, fileInt): null

08-11-2024T07:55:48 - [TEST_STEP][PASSED] - setValueToCellByIndex(sheet01, n, 4, pageInt): null

08-11-2024T07:55:48 - [TEST_STEP][PASSED] - setValueToCellByIndex(sheet01, n, 5, m): null

08-11-2024T07:55:48 - [TEST_STEP][PASSED] - setValueToCellByIndex(sheet01, n, 6, y): null

08-11-2024T07:55:48 - [TEST_STEP][PASSED] - setValueToCellByIndex(sheet01, n, 7, todaysDate): null

08-11-2024T07:55:48 - [TEST_STEP][PASSED] - n = n + 1: null

08-11-2024T07:55:48 - [TEST_STEP][PASSED] - saveWorkbook(excelFilePath, workbook01): null

08-11-2024T07:55:48 - [TEST_STEP][PASSED] - compare = pagePoteri: null

08-11-2024T07:55:48 - [TEST_STEP][PASSED] - if (compare == filePoteri): null

08-11-2024T07:55:48 - [TEST_STEP][PASSED] - else if (compare > filePoteri): null

08-11-2024T07:55:48 - [TEST_STEP][PASSED] - else if (compare < filePoteri): null

08-11-2024T07:55:48 - [TEST_STEP][PASSED] - compare = compare + 1: null

08-11-2024T07:55:48 - [TEST_STEP][PASSED] - if (compare == filePoteri): null

08-11-2024T07:55:48 - [TEST_STEP][PASSED] - else: null

08-11-2024T07:55:48 - [TEST_STEP][PASSED] - numberOfErrors = numberOfErrors + 1: null

08-11-2024T07:55:48 - [TEST_STEP][PASSED] - pageInt = pagePoteri: null

08-11-2024T07:55:48 - [TEST_STEP][PASSED] - fileInt = filePoteri: null

08-11-2024T07:55:48 - [TEST_STEP][PASSED] - typeOfData = typeOfDataMain + " Потери": null

08-11-2024T07:55:48 - [TEST_STEP][PASSED] - Script1718980020443.WriteToExcel(a, typeOfData, todaysDate, pageInt, fileInt, pageDouble, fileDouble, dZO): null

08-11-2024T07:55:48 - [TEST_STEP][PASSED] - sheetName = "Sheet1": null

08-11-2024T07:55:48 - [TEST_STEP][PASSED] - data = findTestData("PlanFact"): null

08-11-2024T07:55:48 - [TEST_STEP][PASSED] - n = data.getRowNumbers() + 1: null

08-11-2024T07:55:48 - [TEST_STEP][PASSED] - year = todaysDate.substring(todaysDate.length() - 4, todaysDate.length()): null

08-11-2024T07:55:48 - [TEST_STEP][PASSED] - y = year.toInteger(): null

08-11-2024T07:55:48 - [TEST_STEP][PASSED] - m = getText(findTestObject("Выполнение бизнес-плана/Период")): Text of object 'Object Repository/Выполнение бизнес-плана/Период' is: '1, 2, 3 кв. 2024 года'

08-11-2024T07:56:19 - [MESSAGE][PASSED] - Text of object 'Object Repository/Выполнение бизнес-плана/Период' is: '1, 2, 3 кв. 2024 года'

08-11-2024T07:56:19 - [TEST_STEP][PASSED] - m = m.substring(0, m.indexOf("2024")): null

08-11-2024T07:56:19 - [TEST_STEP][PASSED] - m = m.trim(): null

08-11-2024T07:56:19 - [TEST_STEP][PASSED] - dashboardName = "Выполнение бизнес-плана": null

08-11-2024T07:56:19 - [TEST_STEP][PASSED] - workbook01 = getWorkbook(excelFilePath): null

08-11-2024T07:56:19 - [TEST_STEP][PASSED] - sheet01 = getExcelSheet(workbook01, sheetName): null

08-11-2024T07:56:19 - [TEST_STEP][PASSED] - setValueToCellByIndex(sheet01, n, 0, dashboardName): null

08-11-2024T07:56:19 - [TEST_STEP][PASSED] - setValueToCellByIndex(sheet01, n, 1, dZO): null

08-11-2024T07:56:19 - [TEST_STEP][PASSED] - setValueToCellByIndex(sheet01, n, 2, typeOfData): null

08-11-2024T07:56:19 - [TEST_STEP][PASSED] - if (typeOfData == "Факт в процентах" || typeOfData == "План в процентах"): null

08-11-2024T07:56:19 - [TEST_STEP][PASSED] - else: null

08-11-2024T07:56:19 - [TEST_STEP][PASSED] - setValueToCellByIndex(sheet01, n, 3, fileInt): null

08-11-2024T07:56:19 - [TEST_STEP][PASSED] - setValueToCellByIndex(sheet01, n, 4, pageInt): null

08-11-2024T07:56:19 - [TEST_STEP][PASSED] - setValueToCellByIndex(sheet01, n, 5, m): null

08-11-2024T07:56:19 - [TEST_STEP][PASSED] - setValueToCellByIndex(sheet01, n, 6, y): null

08-11-2024T07:56:19 - [TEST_STEP][PASSED] - setValueToCellByIndex(sheet01, n, 7, todaysDate): null

08-11-2024T07:56:19 - [TEST_STEP][PASSED] - n = n + 1: null

08-11-2024T07:56:19 - [TEST_STEP][PASSED] - saveWorkbook(excelFilePath, workbook01): null

08-11-2024T07:56:19 - [TEST_STEP][PASSED] - if (planFact == 2): null

08-11-2024T07:56:19 - [TEST_STEP][PASSED] - if (planFact == 1): null

08-11-2024T07:56:19 - [TEST_STEP][PASSED] - else if (planFact == 2): null

08-11-2024T07:56:19 - [TEST_STEP][PASSED] - click(findTestObject("Выполнение бизнес-плана/Кнопка План")): Object: 'Object Repository/Выполнение бизнес-плана/Кнопка План' is clicked on

08-11-2024T07:56:49 - [MESSAGE][PASSED] - Object: 'Object Repository/Выполнение бизнес-плана/Кнопка План' is clicked on

08-11-2024T07:56:49 - [TEST_STEP][PASSED] - typeOfDataMain = "План": null

08-11-2024T07:56:49 - [TEST_STEP][PASSED] - otpusk = findTestData("PlanFact").getValue(2, a): null

08-11-2024T07:56:49 - [TEST_STEP][PASSED] - poteri = findTestData("PlanFact").getValue(3, a): null

08-11-2024T07:56:49 - [TEST_STEP][PASSED] - otpusk = otpusk.replaceAll("\s+", ""): null

08-11-2024T07:56:49 - [TEST_STEP][PASSED] - poteri = poteri.replaceAll("\s+", ""): null

08-11-2024T07:56:49 - [TEST_STEP][PASSED] - typeOfData = typeOfDataMain + " Отпуск в сеть": null

08-11-2024T07:56:49 - [TEST_STEP][PASSED] - if (a == 82): null

08-11-2024T07:56:49 - [TEST_STEP][PASSED] - path = dataFolder + typeOfData + " за отчётный период " + "РаспредКомплекс": null

08-11-2024T07:56:49 - [TEST_STEP][PASSED] - println(path): null

08-11-2024T07:56:49 - [TEST_STEP][PASSED] - page = getText(findTestObject(path)): Text of object 'Object Repository/Выполнение бизнес-плана/Значения со страницы Выполнение бизнес-плана/План Отпуск в сеть за отчётный период РаспредКомплекс' is: '185 718 021'

08-11-2024T07:57:19 - [MESSAGE][PASSED] - Text of object 'Object Repository/Выполнение бизнес-плана/Значения со страницы Выполнение бизнес-плана/План Отпуск в сеть за отчётный период РаспредКомплекс' is: '185 718 021'

08-11-2024T07:57:19 - [TEST_STEP][PASSED] - page = page.replaceAll("\s+", ""): null

08-11-2024T07:57:19 - [TEST_STEP][PASSED] - fileOtpuskVSet = otpusk.toInteger(): null

08-11-2024T07:57:19 - [TEST_STEP][PASSED] - pageOtpuskVSet = page.toInteger(): null

08-11-2024T07:57:19 - [TEST_STEP][PASSED] - typeOfData = typeOfDataMain + " Потери": null

08-11-2024T07:57:19 - [TEST_STEP][PASSED] - if (a == 82): null

08-11-2024T07:57:19 - [TEST_STEP][PASSED] - path = dataFolder + typeOfData + " за отчётный период " + "РаспредКомплекс": null

08-11-2024T07:57:19 - [TEST_STEP][PASSED] - page = getText(findTestObject(path)): Text of object 'Object Repository/Выполнение бизнес-плана/Значения со страницы Выполнение бизнес-плана/План Потери за отчётный период РаспредКомплекс' is: '15 704 380'

08-11-2024T07:57:49 - [MESSAGE][PASSED] - Text of object 'Object Repository/Выполнение бизнес-плана/Значения со страницы Выполнение бизнес-плана/План Потери за отчётный период РаспредКомплекс' is: '15 704 380'

08-11-2024T07:57:49 - [TEST_STEP][PASSED] - page = page.replaceAll("\s+", ""): null

08-11-2024T07:57:49 - [TEST_STEP][PASSED] - filePoteri = poteri.toInteger(): null

08-11-2024T07:57:49 - [TEST_STEP][PASSED] - pagePoteri = page.toInteger(): null

08-11-2024T07:57:49 - [TEST_STEP][PASSED] - compare = pageOtpuskVSet: null

08-11-2024T07:57:49 - [TEST_STEP][PASSED] - if (compare == fileOtpuskVSet): null

08-11-2024T07:57:49 - [TEST_STEP][PASSED] - else if (compare > fileOtpuskVSet): null

08-11-2024T07:57:49 - [TEST_STEP][PASSED] - else if (compare < fileOtpuskVSet): null

08-11-2024T07:57:49 - [TEST_STEP][PASSED] - compare = compare + 1: null

08-11-2024T07:57:49 - [TEST_STEP][PASSED] - if (compare == fileOtpuskVSet): null

08-11-2024T07:57:49 - [TEST_STEP][PASSED] - else: null

08-11-2024T07:57:49 - [TEST_STEP][PASSED] - numberOfErrors = numberOfErrors + 1: null

08-11-2024T07:57:49 - [TEST_STEP][PASSED] - pageInt = pageOtpuskVSet: null

08-11-2024T07:57:49 - [TEST_STEP][PASSED] - fileInt = fileOtpuskVSet: null

08-11-2024T07:57:49 - [TEST_STEP][PASSED] - typeOfData = typeOfDataMain + " Отпуск в сеть": null

08-11-2024T07:57:49 - [TEST_STEP][PASSED] - Script1718980020443.WriteToExcel(a, typeOfData, todaysDate, pageInt, fileInt, pageDouble, fileDouble, dZO): null

08-11-2024T07:57:49 - [TEST_STEP][PASSED] - sheetName = "Sheet1": null

08-11-2024T07:57:49 - [TEST_STEP][PASSED] - data = findTestData("PlanFact"): null

08-11-2024T07:57:49 - [TEST_STEP][PASSED] - n = data.getRowNumbers() + 1: null

08-11-2024T07:57:49 - [TEST_STEP][PASSED] - year = todaysDate.substring(todaysDate.length() - 4, todaysDate.length()): null

08-11-2024T07:57:49 - [TEST_STEP][PASSED] - y = year.toInteger(): null

08-11-2024T07:57:49 - [TEST_STEP][PASSED] - m = getText(findTestObject("Выполнение бизнес-плана/Период")): Text of object 'Object Repository/Выполнение бизнес-плана/Период' is: '1, 2, 3 кв. 2024 года'

08-11-2024T07:58:19 - [MESSAGE][PASSED] - Text of object 'Object Repository/Выполнение бизнес-плана/Период' is: '1, 2, 3 кв. 2024 года'

08-11-2024T07:58:19 - [TEST_STEP][PASSED] - m = m.substring(0, m.indexOf("2024")): null

08-11-2024T07:58:19 - [TEST_STEP][PASSED] - m = m.trim(): null

08-11-2024T07:58:19 - [TEST_STEP][PASSED] - dashboardName = "Выполнение бизнес-плана": null

08-11-2024T07:58:19 - [TEST_STEP][PASSED] - workbook01 = getWorkbook(excelFilePath): null

08-11-2024T07:58:19 - [TEST_STEP][PASSED] - sheet01 = getExcelSheet(workbook01, sheetName): null

08-11-2024T07:58:19 - [TEST_STEP][PASSED] - setValueToCellByIndex(sheet01, n, 0, dashboardName): null

08-11-2024T07:58:19 - [TEST_STEP][PASSED] - setValueToCellByIndex(sheet01, n, 1, dZO): null

08-11-2024T07:58:19 - [TEST_STEP][PASSED] - setValueToCellByIndex(sheet01, n, 2, typeOfData): null

08-11-2024T07:58:19 - [TEST_STEP][PASSED] - if (typeOfData == "Факт в процентах" || typeOfData == "План в процентах"): null

08-11-2024T07:58:19 - [TEST_STEP][PASSED] - else: null

08-11-2024T07:58:19 - [TEST_STEP][PASSED] - setValueToCellByIndex(sheet01, n, 3, fileInt): null

08-11-2024T07:58:19 - [TEST_STEP][PASSED] - setValueToCellByIndex(sheet01, n, 4, pageInt): null

08-11-2024T07:58:19 - [TEST_STEP][PASSED] - setValueToCellByIndex(sheet01, n, 5, m): null

08-11-2024T07:58:19 - [TEST_STEP][PASSED] - setValueToCellByIndex(sheet01, n, 6, y): null

08-11-2024T07:58:19 - [TEST_STEP][PASSED] - setValueToCellByIndex(sheet01, n, 7, todaysDate): null

08-11-2024T07:58:19 - [TEST_STEP][PASSED] - n = n + 1: null

08-11-2024T07:58:19 - [TEST_STEP][PASSED] - saveWorkbook(excelFilePath, workbook01): null

08-11-2024T07:58:20 - [TEST_STEP][PASSED] - compare = pagePoteri: null

08-11-2024T07:58:20 - [TEST_STEP][PASSED] - if (compare == filePoteri): null

08-11-2024T07:58:20 - [TEST_STEP][PASSED] - else if (compare > filePoteri): null

08-11-2024T07:58:20 - [TEST_STEP][PASSED] - else if (compare < filePoteri): null

08-11-2024T07:58:20 - [TEST_STEP][PASSED] - compare = compare + 1: null

08-11-2024T07:58:20 - [TEST_STEP][PASSED] - if (compare == filePoteri): null

08-11-2024T07:58:20 - [TEST_STEP][PASSED] - else: null

08-11-2024T07:58:20 - [TEST_STEP][PASSED] - numberOfErrors = numberOfErrors + 1: null

08-11-2024T07:58:20 - [TEST_STEP][PASSED] - pageInt = pagePoteri: null

08-11-2024T07:58:20 - [TEST_STEP][PASSED] - fileInt = filePoteri: null

08-11-2024T07:58:20 - [TEST_STEP][PASSED] - typeOfData = typeOfDataMain + " Потери": null

08-11-2024T07:58:20 - [TEST_STEP][PASSED] - Script1718980020443.WriteToExcel(a, typeOfData, todaysDate, pageInt, fileInt, pageDouble, fileDouble, dZO): null

08-11-2024T07:58:20 - [TEST_STEP][PASSED] - sheetName = "Sheet1": null

08-11-2024T07:58:20 - [TEST_STEP][PASSED] - data = findTestData("PlanFact"): null

08-11-2024T07:58:20 - [TEST_STEP][PASSED] - n = data.getRowNumbers() + 1: null

08-11-2024T07:58:20 - [TEST_STEP][PASSED] - year = todaysDate.substring(todaysDate.length() - 4, todaysDate.length()): null

08-11-2024T07:58:20 - [TEST_STEP][PASSED] - y = year.toInteger(): null

08-11-2024T07:58:20 - [TEST_STEP][PASSED] - m = getText(findTestObject("Выполнение бизнес-плана/Период")): Text of object 'Object Repository/Выполнение бизнес-плана/Период' is: '1, 2, 3 кв. 2024 года'

08-11-2024T07:58:50 - [MESSAGE][PASSED] - Text of object 'Object Repository/Выполнение бизнес-плана/Период' is: '1, 2, 3 кв. 2024 года'

08-11-2024T07:58:50 - [TEST_STEP][PASSED] - m = m.substring(0, m.indexOf("2024")): null

08-11-2024T07:58:50 - [TEST_STEP][PASSED] - m = m.trim(): null

08-11-2024T07:58:50 - [TEST_STEP][PASSED] - dashboardName = "Выполнение бизнес-плана": null

08-11-2024T07:58:50 - [TEST_STEP][PASSED] - workbook01 = getWorkbook(excelFilePath): null

08-11-2024T07:58:50 - [TEST_STEP][PASSED] - sheet01 = getExcelSheet(workbook01, sheetName): null

08-11-2024T07:58:50 - [TEST_STEP][PASSED] - setValueToCellByIndex(sheet01, n, 0, dashboardName): null

08-11-2024T07:58:50 - [TEST_STEP][PASSED] - setValueToCellByIndex(sheet01, n, 1, dZO): null

08-11-2024T07:58:50 - [TEST_STEP][PASSED] - setValueToCellByIndex(sheet01, n, 2, typeOfData): null

08-11-2024T07:58:50 - [TEST_STEP][PASSED] - if (typeOfData == "Факт в процентах" || typeOfData == "План в процентах"): null

08-11-2024T07:58:50 - [TEST_STEP][PASSED] - else: null

08-11-2024T07:58:50 - [TEST_STEP][PASSED] - setValueToCellByIndex(sheet01, n, 3, fileInt): null

08-11-2024T07:58:50 - [TEST_STEP][PASSED] - setValueToCellByIndex(sheet01, n, 4, pageInt): null

08-11-2024T07:58:50 - [TEST_STEP][PASSED] - setValueToCellByIndex(sheet01, n, 5, m): null

08-11-2024T07:58:50 - [TEST_STEP][PASSED] - setValueToCellByIndex(sheet01, n, 6, y): null

08-11-2024T07:58:50 - [TEST_STEP][PASSED] - setValueToCellByIndex(sheet01, n, 7, todaysDate): null

08-11-2024T07:58:50 - [TEST_STEP][PASSED] - n = n + 1: null

08-11-2024T07:58:50 - [TEST_STEP][PASSED] - saveWorkbook(excelFilePath, workbook01): Object: 'Object Repository/Выполнение бизнес-плана/Кнопка Факт' is clicked on

08-11-2024T07:58:50 - [TEST_STEP][PASSED] - if (planFact == 2): Object: 'Object Repository/Выполнение бизнес-плана/Кнопка Факт' is clicked on

08-11-2024T07:58:50 - [TEST_STEP][PASSED] - click(findTestObject("Выполнение бизнес-плана/Кнопка Факт")): Object: 'Object Repository/Выполнение бизнес-плана/Кнопка Факт' is clicked on

08-11-2024T07:59:20 - [MESSAGE][PASSED] - Object: 'Object Repository/Выполнение бизнес-плана/Кнопка Факт' is clicked on

08-11-2024T07:59:20 - [TEST_STEP][PASSED] - if (a == 84 || a == 82): null

08-11-2024T07:59:20 - [TEST_STEP][PASSED] - page = getText(findTestObject("Выполнение бизнес-плана/textPlanFact")): Text of object 'Object Repository/Выполнение бизнес-плана/textPlanFact' is: '%
8.46 8.46
8.81 8.81
План
Факт
1
100'

08-11-2024T07:59:50 - [MESSAGE][PASSED] - Text of object 'Object Repository/Выполнение бизнес-плана/textPlanFact' is: '%
8.46 8.46
8.81 8.81
План
Факт
1
100'

08-11-2024T07:59:50 - [TEST_STEP][PASSED] - page = page.replaceAll("\n", "_"): null

08-11-2024T07:59:50 - [TEST_STEP][PASSED] - page = page.substring(page.indexOf("_") + 1, page.length()): null

08-11-2024T07:59:50 - [TEST_STEP][PASSED] - page1 = page.substring(0, page.indexOf("_")): null

08-11-2024T07:59:50 - [TEST_STEP][PASSED] - page1 = page.substring(0, page.indexOf(" ")): null

08-11-2024T07:59:50 - [TEST_STEP][PASSED] - page2 = page.substring(page.indexOf("_") + 1, page.length()): null

08-11-2024T07:59:50 - [TEST_STEP][PASSED] - page2 = page2.substring(0, page.indexOf("_")): null

08-11-2024T07:59:50 - [TEST_STEP][PASSED] - page2 = page2.substring(0, page.indexOf(" ")): null

08-11-2024T07:59:50 - [TEST_STEP][PASSED] - println("page1: " + page1): null

08-11-2024T07:59:50 - [TEST_STEP][PASSED] - println("page2: " + page2): null

08-11-2024T07:59:50 - [TEST_STEP][PASSED] - file = findTestData("PlanFact").getValue(4, a): null

08-11-2024T07:59:50 - [TEST_STEP][PASSED] - file = file.replace(",", "."): null

08-11-2024T07:59:50 - [TEST_STEP][PASSED] - println("file Plan: " + file): null

08-11-2024T07:59:50 - [TEST_STEP][PASSED] - typeOfData = "План в процентах": null

08-11-2024T07:59:50 - [TEST_STEP][PASSED] - fileDouble = file.toDouble(): null

08-11-2024T07:59:50 - [TEST_STEP][PASSED] - pageDouble = page1.toDouble(): null

08-11-2024T07:59:50 - [TEST_STEP][PASSED] - if (fileDouble != pageDouble): null

08-11-2024T07:59:50 - [TEST_STEP][PASSED] - numberOfErrors = numberOfErrors + 1: null

08-11-2024T07:59:50 - [TEST_STEP][PASSED] - Script1718980020443.WriteToExcel(a, typeOfData, todaysDate, pageInt, fileInt, pageDouble, fileDouble, dZO): null

08-11-2024T07:59:50 - [TEST_STEP][PASSED] - sheetName = "Sheet1": null

08-11-2024T07:59:50 - [TEST_STEP][PASSED] - data = findTestData("PlanFact"): null

08-11-2024T07:59:50 - [TEST_STEP][PASSED] - n = data.getRowNumbers() + 1: null

08-11-2024T07:59:50 - [TEST_STEP][PASSED] - year = todaysDate.substring(todaysDate.length() - 4, todaysDate.length()): null

08-11-2024T07:59:50 - [TEST_STEP][PASSED] - y = year.toInteger(): null

08-11-2024T07:59:50 - [TEST_STEP][PASSED] - m = getText(findTestObject("Выполнение бизнес-плана/Период")): Text of object 'Object Repository/Выполнение бизнес-плана/Период' is: '1, 2, 3 кв. 2024 года'

08-11-2024T08:00:20 - [MESSAGE][PASSED] - Text of object 'Object Repository/Выполнение бизнес-плана/Период' is: '1, 2, 3 кв. 2024 года'

08-11-2024T08:00:20 - [TEST_STEP][PASSED] - m = m.substring(0, m.indexOf("2024")): null

08-11-2024T08:00:20 - [TEST_STEP][PASSED] - m = m.trim(): null

08-11-2024T08:00:20 - [TEST_STEP][PASSED] - dashboardName = "Выполнение бизнес-плана": null

08-11-2024T08:00:20 - [TEST_STEP][PASSED] - workbook01 = getWorkbook(excelFilePath): null

08-11-2024T08:00:20 - [TEST_STEP][PASSED] - sheet01 = getExcelSheet(workbook01, sheetName): null

08-11-2024T08:00:20 - [TEST_STEP][PASSED] - setValueToCellByIndex(sheet01, n, 0, dashboardName): null

08-11-2024T08:00:20 - [TEST_STEP][PASSED] - setValueToCellByIndex(sheet01, n, 1, dZO): null

08-11-2024T08:00:20 - [TEST_STEP][PASSED] - setValueToCellByIndex(sheet01, n, 2, typeOfData): null

08-11-2024T08:00:20 - [TEST_STEP][PASSED] - if (typeOfData == "Факт в процентах" || typeOfData == "План в процентах"): null

08-11-2024T08:00:20 - [TEST_STEP][PASSED] - setValueToCellByIndex(sheet01, n, 3, fileDouble): null

08-11-2024T08:00:20 - [TEST_STEP][PASSED] - setValueToCellByIndex(sheet01, n, 4, pageDouble): null

08-11-2024T08:00:20 - [TEST_STEP][PASSED] - setValueToCellByIndex(sheet01, n, 5, m): null

08-11-2024T08:00:20 - [TEST_STEP][PASSED] - setValueToCellByIndex(sheet01, n, 6, y): null

08-11-2024T08:00:20 - [TEST_STEP][PASSED] - setValueToCellByIndex(sheet01, n, 7, todaysDate): null

08-11-2024T08:00:20 - [TEST_STEP][PASSED] - n = n + 1: null

08-11-2024T08:00:20 - [TEST_STEP][PASSED] - saveWorkbook(excelFilePath, workbook01): null

08-11-2024T08:00:21 - [TEST_STEP][PASSED] - file = findTestData("PlanFact").getValue(7, a): null

08-11-2024T08:00:21 - [TEST_STEP][PASSED] - file = file.replace(",", "."): null

08-11-2024T08:00:21 - [TEST_STEP][PASSED] - println("file Fact: " + file): null

08-11-2024T08:00:21 - [TEST_STEP][PASSED] - fileDouble = file.toDouble(): null

08-11-2024T08:00:21 - [TEST_STEP][PASSED] - typeOfData = "Факт в процентах": null

08-11-2024T08:00:21 - [TEST_STEP][PASSED] - fileDouble = file.toDouble(): null

08-11-2024T08:00:21 - [TEST_STEP][PASSED] - pageDouble = page2.toDouble(): null

08-11-2024T08:00:21 - [TEST_STEP][PASSED] - if (fileDouble != pageDouble): null

08-11-2024T08:00:21 - [TEST_STEP][PASSED] - numberOfErrors = numberOfErrors + 1: null

08-11-2024T08:00:21 - [TEST_STEP][PASSED] - Script1718980020443.WriteToExcel(a, typeOfData, todaysDate, pageInt, fileInt, pageDouble, fileDouble, dZO): null

08-11-2024T08:00:21 - [TEST_STEP][PASSED] - sheetName = "Sheet1": null

08-11-2024T08:00:21 - [TEST_STEP][PASSED] - data = findTestData("PlanFact"): null

08-11-2024T08:00:21 - [TEST_STEP][PASSED] - n = data.getRowNumbers() + 1: null

08-11-2024T08:00:21 - [TEST_STEP][PASSED] - year = todaysDate.substring(todaysDate.length() - 4, todaysDate.length()): null

08-11-2024T08:00:21 - [TEST_STEP][PASSED] - y = year.toInteger(): null

08-11-2024T08:00:21 - [TEST_STEP][PASSED] - m = getText(findTestObject("Выполнение бизнес-плана/Период")): Text of object 'Object Repository/Выполнение бизнес-плана/Период' is: '1, 2, 3 кв. 2024 года'

08-11-2024T08:00:51 - [MESSAGE][PASSED] - Text of object 'Object Repository/Выполнение бизнес-плана/Период' is: '1, 2, 3 кв. 2024 года'

08-11-2024T08:00:51 - [TEST_STEP][PASSED] - m = m.substring(0, m.indexOf("2024")): null

08-11-2024T08:00:51 - [TEST_STEP][PASSED] - m = m.trim(): null

08-11-2024T08:00:51 - [TEST_STEP][PASSED] - dashboardName = "Выполнение бизнес-плана": null

08-11-2024T08:00:51 - [TEST_STEP][PASSED] - workbook01 = getWorkbook(excelFilePath): null

08-11-2024T08:00:51 - [TEST_STEP][PASSED] - sheet01 = getExcelSheet(workbook01, sheetName): null

08-11-2024T08:00:51 - [TEST_STEP][PASSED] - setValueToCellByIndex(sheet01, n, 0, dashboardName): null

08-11-2024T08:00:51 - [TEST_STEP][PASSED] - setValueToCellByIndex(sheet01, n, 1, dZO): null

08-11-2024T08:00:51 - [TEST_STEP][PASSED] - setValueToCellByIndex(sheet01, n, 2, typeOfData): null

08-11-2024T08:00:51 - [TEST_STEP][PASSED] - if (typeOfData == "Факт в процентах" || typeOfData == "План в процентах"): null

08-11-2024T08:00:51 - [TEST_STEP][PASSED] - setValueToCellByIndex(sheet01, n, 3, fileDouble): null

08-11-2024T08:00:51 - [TEST_STEP][PASSED] - setValueToCellByIndex(sheet01, n, 4, pageDouble): null

08-11-2024T08:00:51 - [TEST_STEP][PASSED] - setValueToCellByIndex(sheet01, n, 5, m): null

08-11-2024T08:00:51 - [TEST_STEP][PASSED] - setValueToCellByIndex(sheet01, n, 6, y): null

08-11-2024T08:00:51 - [TEST_STEP][PASSED] - setValueToCellByIndex(sheet01, n, 7, todaysDate): null

08-11-2024T08:00:51 - [TEST_STEP][PASSED] - n = n + 1: null

08-11-2024T08:00:51 - [TEST_STEP][PASSED] - saveWorkbook(excelFilePath, workbook01): null

08-11-2024T08:00:51 - [TEST_STEP][FAILED] - if (verifyEqual(numberOfErrors, 0) == false): null

08-11-2024T08:00:51 - [MESSAGE][FAILED] - Unable to verify equal between actual object '6' and expected object '0' (Root cause: com.kms.katalon.core.exception.StepFailedException: Actual object '6' and expected object '0' are not equal
	at com.kms.katalon.core.keyword.builtin.VerifyEqualKeyword$_verifyEqual_closure1.doCall(VerifyEqualKeyword.groovy:58)
	at com.kms.katalon.core.keyword.builtin.VerifyEqualKeyword$_verifyEqual_closure1.call(VerifyEqualKeyword.groovy)
	at com.kms.katalon.core.keyword.internal.KeywordMain.runKeyword(KeywordMain.groovy:75)
	at com.kms.katalon.core.keyword.builtin.VerifyEqualKeyword.verifyEqual(VerifyEqualKeyword.groovy:63)
	at com.kms.katalon.core.keyword.builtin.VerifyEqualKeyword.execute(VerifyEqualKeyword.groovy:44)
	at com.kms.katalon.core.keyword.internal.KeywordExecutor.executeKeywordForPlatform(KeywordExecutor.groovy:74)
	at com.kms.katalon.core.keyword.BuiltinKeywords.verifyEqual(BuiltinKeywords.groovy:146)
	at java.base/jdk.internal.reflect.NativeMethodAccessorImpl.invoke0(Native Method)
	at java.base/jdk.internal.reflect.NativeMethodAccessorImpl.invoke(NativeMethodAccessorImpl.java:77)
	at java.base/jdk.internal.reflect.DelegatingMethodAccessorImpl.invoke(DelegatingMethodAccessorImpl.java:43)
	at Выполнение бизнес-плана Сверка ПАО Россети все филиалы.Numbers(Выполнение бизнес-плана Сверка ПАО Россети все филиалы:740)
	at Выполнение бизнес-плана Сверка ПАО Россети все филиалы.run(Выполнение бизнес-плана Сверка ПАО Россети все филиалы:211)
	at com.kms.katalon.core.main.ScriptEngine.run(ScriptEngine.java:194)
	at com.kms.katalon.core.main.ScriptEngine.runScriptAsRawText(ScriptEngine.java:119)
	at com.kms.katalon.core.main.TestCaseExecutor.runScript(TestCaseExecutor.java:448)
	at com.kms.katalon.core.main.TestCaseExecutor.doExecute(TestCaseExecutor.java:439)
	at com.kms.katalon.core.main.TestCaseExecutor.processExecutionPhase(TestCaseExecutor.java:418)
	at com.kms.katalon.core.main.TestCaseExecutor.accessMainPhase(TestCaseExecutor.java:410)
	at com.kms.katalon.core.main.TestCaseExecutor.execute(TestCaseExecutor.java:285)
	at com.kms.katalon.core.common.CommonExecutor.accessTestCaseMainPhase(CommonExecutor.java:65)
	at com.kms.katalon.core.main.TestSuiteExecutor.accessTestSuiteMainPhase(TestSuiteExecutor.java:150)
	at com.kms.katalon.core.main.TestSuiteExecutor.execute(TestSuiteExecutor.java:106)
	at com.kms.katalon.core.main.TestCaseMain.startTestSuite(TestCaseMain.java:180)
	at TempTestSuite1731039737176.run(TempTestSuite1731039737176.groovy:35)
	at java.base/jdk.internal.reflect.NativeMethodAccessorImpl.invoke0(Native Method)
	at java.base/jdk.internal.reflect.NativeMethodAccessorImpl.invoke(NativeMethodAccessorImpl.java:77)
	at java.base/jdk.internal.reflect.DelegatingMethodAccessorImpl.invoke(DelegatingMethodAccessorImpl.java:43)
)

08-11-2024T08:00:51 - [TEST_STEP][PASSED] - println(numberOfErrors): null

08-11-2024T08:00:51 - [TEST_STEP][PASSED] - if (a == 28 || a == 77 || a == 74 || a == 65 || a == 36 || a == 44 || a == 54 || a == 1 || a == 18 || a == 59): null

08-11-2024T08:00:51 - [TEST_STEP][PASSED] - if (a == 82): null

08-11-2024T08:00:51 - [TEST_STEP][PASSED] - Script1718980020443.OpenFilter(): null

08-11-2024T08:00:51 - [TEST_STEP][PASSED] - click(findTestObject("Object Repository/Выполнение бизнес-плана/Фильтр ДЗО")): Object: 'Object Repository/Выполнение бизнес-плана/Фильтр ДЗО' is clicked on

08-11-2024T08:01:21 - [MESSAGE][PASSED] - Object: 'Object Repository/Выполнение бизнес-плана/Фильтр ДЗО' is clicked on

08-11-2024T08:01:21 - [TEST_STEP][PASSED] - click(findTestObject("Выполнение бизнес-плана/Снять выделение в фильтре ДЗО")): null

08-11-2024T08:01:51 - [MESSAGE][PASSED] - Object: 'Object Repository/Выполнение бизнес-плана/Снять выделение в фильтре ДЗО' is clicked on

08-11-2024T08:01:51 - [TEST_STEP][PASSED] - Script1718980020443.CloseFilter(): null

08-11-2024T08:01:51 - [TEST_STEP][PASSED] - scrollToElement(findTestObject("Выполнение бизнес-плана/Заголовок дашборда"), 30): Scroll to object 'Object Repository/Выполнение бизнес-плана/Заголовок дашборда' successfully

08-11-2024T08:02:21 - [MESSAGE][PASSED] - Scroll to object 'Object Repository/Выполнение бизнес-плана/Заголовок дашборда' successfully

08-11-2024T08:02:21 - [TEST_STEP][PASSED] - click(findTestObject("Object Repository/Выполнение бизнес-плана/Применить в фильтре ДЗО")): null

08-11-2024T08:02:52 - [MESSAGE][PASSED] - Object: 'Object Repository/Выполнение бизнес-плана/Применить в фильтре ДЗО' is clicked on

08-11-2024T08:02:52 - [TEST_STEP][PASSED] - delay(20): Delayed 20 second(s)

08-11-2024T08:03:12 - [MESSAGE][PASSED] - Delayed 20 second(s)

08-11-2024T08:03:12 - [TEST_STEP][PASSED] - dZO = "АО «Тываэнерго»": null

08-11-2024T08:03:12 - [TEST_STEP][PASSED] - a = 52: null

08-11-2024T08:03:12 - [TEST_STEP][PASSED] - if (x1.contains(dZO)): null

08-11-2024T08:03:12 - [TEST_STEP][PASSED] - dzoNum = dzoNum + 1: null

08-11-2024T08:03:12 - [TEST_STEP][PASSED] - Script1718980020443.Numbers(a, typeOfData, todaysDate, pageInt, fileInt, pageDouble, fileDouble, dZO, dzoNum, filialNum): null

08-11-2024T08:03:12 - [TEST_STEP][PASSED] - println(dzoNum): null

08-11-2024T08:03:12 - [TEST_STEP][PASSED] - planFact = <not implemented yet for class: org.codehaus.groovy.ast.expr.EmptyExpression>: null

08-11-2024T08:03:12 - [TEST_STEP][PASSED] - page = <not implemented yet for class: org.codehaus.groovy.ast.expr.EmptyExpression>: null

08-11-2024T08:03:12 - [TEST_STEP][PASSED] - page1 = <not implemented yet for class: org.codehaus.groovy.ast.expr.EmptyExpression>: null

08-11-2024T08:03:12 - [TEST_STEP][PASSED] - page2 = <not implemented yet for class: org.codehaus.groovy.ast.expr.EmptyExpression>: null

08-11-2024T08:03:12 - [TEST_STEP][PASSED] - filialNumberInRow = <not implemented yet for class: org.codehaus.groovy.ast.expr.EmptyExpression>: null

08-11-2024T08:03:12 - [TEST_STEP][PASSED] - filialsDzoNames = <not implemented yet for class: org.codehaus.groovy.ast.expr.EmptyExpression>: null

08-11-2024T08:03:12 - [TEST_STEP][PASSED] - numberOfFilials = <not implemented yet for class: org.codehaus.groovy.ast.expr.EmptyExpression>: null

08-11-2024T08:03:12 - [TEST_STEP][PASSED] - numberOfSpaces = <not implemented yet for class: org.codehaus.groovy.ast.expr.EmptyExpression>: null

08-11-2024T08:03:12 - [TEST_STEP][PASSED] - file = <not implemented yet for class: org.codehaus.groovy.ast.expr.EmptyExpression>: null

08-11-2024T08:03:12 - [TEST_STEP][PASSED] - otpusk = <not implemented yet for class: org.codehaus.groovy.ast.expr.EmptyExpression>: null

08-11-2024T08:03:12 - [TEST_STEP][PASSED] - poteri = <not implemented yet for class: org.codehaus.groovy.ast.expr.EmptyExpression>: null

08-11-2024T08:03:12 - [TEST_STEP][PASSED] - dataFolder = "Выполнение бизнес-плана/Значения со страницы Выполнение бизнес-плана/": null

08-11-2024T08:03:12 - [TEST_STEP][PASSED] - path = <not implemented yet for class: org.codehaus.groovy.ast.expr.EmptyExpression>: null

08-11-2024T08:03:12 - [TEST_STEP][PASSED] - typeOfDataMain = <not implemented yet for class: org.codehaus.groovy.ast.expr.EmptyExpression>: null

08-11-2024T08:03:12 - [TEST_STEP][PASSED] - fileOtpuskVSet = <not implemented yet for class: org.codehaus.groovy.ast.expr.EmptyExpression>: null

08-11-2024T08:03:12 - [TEST_STEP][PASSED] - pageOtpuskVSet = <not implemented yet for class: org.codehaus.groovy.ast.expr.EmptyExpression>: null

08-11-2024T08:03:12 - [TEST_STEP][PASSED] - filePoteri = <not implemented yet for class: org.codehaus.groovy.ast.expr.EmptyExpression>: null

08-11-2024T08:03:12 - [TEST_STEP][PASSED] - pagePoteri = <not implemented yet for class: org.codehaus.groovy.ast.expr.EmptyExpression>: null

08-11-2024T08:03:12 - [TEST_STEP][PASSED] - compare = <not implemented yet for class: org.codehaus.groovy.ast.expr.EmptyExpression>: null

08-11-2024T08:03:12 - [TEST_STEP][PASSED] - b = <not implemented yet for class: org.codehaus.groovy.ast.expr.EmptyExpression>: null

08-11-2024T08:03:12 - [TEST_STEP][PASSED] - i = <not implemented yet for class: org.codehaus.groovy.ast.expr.EmptyExpression>: null

08-11-2024T08:03:12 - [TEST_STEP][PASSED] - ii = <not implemented yet for class: org.codehaus.groovy.ast.expr.EmptyExpression>: null

08-11-2024T08:03:12 - [TEST_STEP][PASSED] - c = <not implemented yet for class: org.codehaus.groovy.ast.expr.EmptyExpression>: null

08-11-2024T08:03:12 - [TEST_STEP][PASSED] - numberOfErrors = 0: null

08-11-2024T08:03:12 - [TEST_STEP][PASSED] - if (a == 82): null

08-11-2024T08:03:12 - [TEST_STEP][PASSED] - b = findTestData("PlanFact").getValue(1, a): null

08-11-2024T08:03:12 - [TEST_STEP][PASSED] - i = b.indexOf(" (ГК)"): null

08-11-2024T08:03:12 - [TEST_STEP][PASSED] - if (i > -1): null

08-11-2024T08:03:12 - [TEST_STEP][PASSED] - i = b.indexOf("О ""): null

08-11-2024T08:03:12 - [TEST_STEP][PASSED] - if (i > -1): null

08-11-2024T08:03:12 - [TEST_STEP][PASSED] - b = b.substring(i + 3, b.length()): null

08-11-2024T08:03:12 - [TEST_STEP][PASSED] - i = b.indexOf("""): null

08-11-2024T08:03:12 - [TEST_STEP][PASSED] - b = b.substring(0, i): null

08-11-2024T08:03:12 - [TEST_STEP][PASSED] - b = b.trim(): null

08-11-2024T08:03:12 - [TEST_STEP][PASSED] - i = b.indexOf("О «"): null

08-11-2024T08:03:12 - [TEST_STEP][PASSED] - if (i > -1): null

08-11-2024T08:03:12 - [TEST_STEP][PASSED] - i = b.indexOf("г. "): null

08-11-2024T08:03:12 - [TEST_STEP][PASSED] - if (i > -1): null

08-11-2024T08:03:12 - [TEST_STEP][PASSED] - println(b): null

08-11-2024T08:03:12 - [TEST_STEP][PASSED] - for ([planFact = 1, planFact < 3, (planFact++)]): Object: 'Object Repository/Выполнение бизнес-плана/Кнопка Факт' is clicked on

08-11-2024T08:03:12 - [TEST_STEP][PASSED] - if (planFact == 1): null

08-11-2024T08:03:12 - [TEST_STEP][PASSED] - typeOfDataMain = "Факт": null

08-11-2024T08:03:12 - [TEST_STEP][PASSED] - otpusk = findTestData("PlanFact").getValue(5, a): null

08-11-2024T08:03:12 - [TEST_STEP][PASSED] - poteri = findTestData("PlanFact").getValue(6, a): null

08-11-2024T08:03:12 - [TEST_STEP][PASSED] - otpusk = otpusk.replaceAll("\s+", ""): null

08-11-2024T08:03:12 - [TEST_STEP][PASSED] - poteri = poteri.replaceAll("\s+", ""): null

08-11-2024T08:03:12 - [TEST_STEP][PASSED] - typeOfData = typeOfDataMain + " Отпуск в сеть": null

08-11-2024T08:03:12 - [TEST_STEP][PASSED] - if (a == 82): null

08-11-2024T08:03:12 - [TEST_STEP][PASSED] - else if (a == 84): null

08-11-2024T08:03:12 - [TEST_STEP][PASSED] - else if (a == 52 || a == 72 || a == 28 || a == 73 || a == 77 || a == 74 || a == 65 || a == 36 || a == 44 || a == 53 || a == 80 || a == 54 || a == 1 || a == 18 || a == 59 || a == 81): null

08-11-2024T08:03:12 - [TEST_STEP][PASSED] - path = dataFolder + "Table Data/" + typeOfData + " за отчётный период " + dzoNum: null

08-11-2024T08:03:12 - [TEST_STEP][PASSED] - println(path): null

08-11-2024T08:03:12 - [TEST_STEP][PASSED] - page = getText(findTestObject(path)): Text of object 'Object Repository/Выполнение бизнес-плана/Значения со страницы Выполнение бизнес-плана/Table Data/Факт Отпуск в сеть за отчётный период 1' is: '572 217'

08-11-2024T08:03:42 - [MESSAGE][PASSED] - Text of object 'Object Repository/Выполнение бизнес-плана/Значения со страницы Выполнение бизнес-плана/Table Data/Факт Отпуск в сеть за отчётный период 1' is: '572 217'

08-11-2024T08:03:42 - [TEST_STEP][PASSED] - page = page.replaceAll("\s+", ""): null

08-11-2024T08:03:42 - [TEST_STEP][PASSED] - fileOtpuskVSet = otpusk.toInteger(): null

08-11-2024T08:03:42 - [TEST_STEP][PASSED] - pageOtpuskVSet = page.toInteger(): null

08-11-2024T08:03:42 - [TEST_STEP][PASSED] - typeOfData = typeOfDataMain + " Потери": null

08-11-2024T08:03:42 - [TEST_STEP][PASSED] - if (a == 82): null

08-11-2024T08:03:42 - [TEST_STEP][PASSED] - else if (a == 84): null

08-11-2024T08:03:42 - [TEST_STEP][PASSED] - else if (a == 52 || a == 72 || a == 28 || a == 73 || a == 77 || a == 74 || a == 65 || a == 36 || a == 44 || a == 53 || a == 80 || a == 54 || a == 1 || a == 18 || a == 59 || a == 81): null

08-11-2024T08:03:42 - [TEST_STEP][PASSED] - path = dataFolder + "Table Data/" + typeOfData + " за отчётный период " + dzoNum: null

08-11-2024T08:03:42 - [TEST_STEP][PASSED] - page = getText(findTestObject(path)): Text of object 'Object Repository/Выполнение бизнес-плана/Значения со страницы Выполнение бизнес-плана/Table Data/Факт Потери за отчётный период 1' is: '119 926'

08-11-2024T08:04:12 - [MESSAGE][PASSED] - Text of object 'Object Repository/Выполнение бизнес-плана/Значения со страницы Выполнение бизнес-плана/Table Data/Факт Потери за отчётный период 1' is: '119 926'

08-11-2024T08:04:12 - [TEST_STEP][PASSED] - page = page.replaceAll("\s+", ""): null

08-11-2024T08:04:12 - [TEST_STEP][PASSED] - filePoteri = poteri.toInteger(): null

08-11-2024T08:04:12 - [TEST_STEP][PASSED] - pagePoteri = page.toInteger(): null

08-11-2024T08:04:12 - [TEST_STEP][PASSED] - compare = pageOtpuskVSet: null

08-11-2024T08:04:12 - [TEST_STEP][PASSED] - if (compare == fileOtpuskVSet): null

08-11-2024T08:04:12 - [TEST_STEP][PASSED] - if (compare == fileOtpuskVSet): null

08-11-2024T08:04:12 - [TEST_STEP][PASSED] - compare = pagePoteri: null

08-11-2024T08:04:12 - [TEST_STEP][PASSED] - if (compare == filePoteri): null

08-11-2024T08:04:12 - [TEST_STEP][PASSED] - if (compare == filePoteri): null

08-11-2024T08:04:12 - [TEST_STEP][PASSED] - if (planFact == 2): null

08-11-2024T08:04:12 - [TEST_STEP][PASSED] - if (planFact == 1): null

08-11-2024T08:04:12 - [TEST_STEP][PASSED] - else if (planFact == 2): null

08-11-2024T08:04:12 - [TEST_STEP][PASSED] - click(findTestObject("Выполнение бизнес-плана/Кнопка План")): Object: 'Object Repository/Выполнение бизнес-плана/Кнопка План' is clicked on

08-11-2024T08:04:42 - [MESSAGE][PASSED] - Object: 'Object Repository/Выполнение бизнес-плана/Кнопка План' is clicked on

08-11-2024T08:04:42 - [TEST_STEP][PASSED] - typeOfDataMain = "План": null

08-11-2024T08:04:42 - [TEST_STEP][PASSED] - otpusk = findTestData("PlanFact").getValue(2, a): null

08-11-2024T08:04:43 - [TEST_STEP][PASSED] - poteri = findTestData("PlanFact").getValue(3, a): null

08-11-2024T08:04:43 - [TEST_STEP][PASSED] - otpusk = otpusk.replaceAll("\s+", ""): null

08-11-2024T08:04:43 - [TEST_STEP][PASSED] - poteri = poteri.replaceAll("\s+", ""): null

08-11-2024T08:04:43 - [TEST_STEP][PASSED] - typeOfData = typeOfDataMain + " Отпуск в сеть": null

08-11-2024T08:04:43 - [TEST_STEP][PASSED] - if (a == 82): null

08-11-2024T08:04:43 - [TEST_STEP][PASSED] - else if (a == 84): null

08-11-2024T08:04:43 - [TEST_STEP][PASSED] - else if (a == 52 || a == 72 || a == 28 || a == 73 || a == 77 || a == 74 || a == 65 || a == 36 || a == 44 || a == 53 || a == 80 || a == 54 || a == 1 || a == 18 || a == 59 || a == 81): null

08-11-2024T08:04:43 - [TEST_STEP][PASSED] - path = dataFolder + "Table Data/" + typeOfData + " за отчётный период " + dzoNum: null

08-11-2024T08:04:43 - [TEST_STEP][PASSED] - println(path): null

08-11-2024T08:04:43 - [TEST_STEP][PASSED] - page = getText(findTestObject(path)): Text of object 'Object Repository/Выполнение бизнес-плана/Значения со страницы Выполнение бизнес-плана/Table Data/План Отпуск в сеть за отчётный период 1' is: '544 127'

08-11-2024T08:05:13 - [MESSAGE][PASSED] - Text of object 'Object Repository/Выполнение бизнес-плана/Значения со страницы Выполнение бизнес-плана/Table Data/План Отпуск в сеть за отчётный период 1' is: '544 127'

08-11-2024T08:05:13 - [TEST_STEP][PASSED] - page = page.replaceAll("\s+", ""): null

08-11-2024T08:05:13 - [TEST_STEP][PASSED] - fileOtpuskVSet = otpusk.toInteger(): null

08-11-2024T08:05:13 - [TEST_STEP][PASSED] - pageOtpuskVSet = page.toInteger(): null

08-11-2024T08:05:13 - [TEST_STEP][PASSED] - typeOfData = typeOfDataMain + " Потери": null

08-11-2024T08:05:13 - [TEST_STEP][PASSED] - if (a == 82): null

08-11-2024T08:05:13 - [TEST_STEP][PASSED] - else if (a == 84): null

08-11-2024T08:05:13 - [TEST_STEP][PASSED] - else if (a == 52 || a == 72 || a == 28 || a == 73 || a == 77 || a == 74 || a == 65 || a == 36 || a == 44 || a == 53 || a == 80 || a == 54 || a == 1 || a == 18 || a == 59 || a == 81): null

08-11-2024T08:05:13 - [TEST_STEP][PASSED] - path = dataFolder + "Table Data/" + typeOfData + " за отчётный период " + dzoNum: null

08-11-2024T08:05:13 - [TEST_STEP][PASSED] - page = getText(findTestObject(path)): Text of object 'Object Repository/Выполнение бизнес-плана/Значения со страницы Выполнение бизнес-плана/Table Data/План Потери за отчётный период 1' is: '114 446'

08-11-2024T08:05:43 - [MESSAGE][PASSED] - Text of object 'Object Repository/Выполнение бизнес-плана/Значения со страницы Выполнение бизнес-плана/Table Data/План Потери за отчётный период 1' is: '114 446'

08-11-2024T08:05:43 - [TEST_STEP][PASSED] - page = page.replaceAll("\s+", ""): null

08-11-2024T08:05:43 - [TEST_STEP][PASSED] - filePoteri = poteri.toInteger(): null

08-11-2024T08:05:43 - [TEST_STEP][PASSED] - pagePoteri = page.toInteger(): null

08-11-2024T08:05:43 - [TEST_STEP][PASSED] - compare = pageOtpuskVSet: null

08-11-2024T08:05:43 - [TEST_STEP][PASSED] - if (compare == fileOtpuskVSet): null

08-11-2024T08:05:43 - [TEST_STEP][PASSED] - if (compare == fileOtpuskVSet): null

08-11-2024T08:05:43 - [TEST_STEP][PASSED] - compare = pagePoteri: null

08-11-2024T08:05:43 - [TEST_STEP][PASSED] - if (compare == filePoteri): null

08-11-2024T08:05:43 - [TEST_STEP][PASSED] - if (compare == filePoteri): null

08-11-2024T08:05:43 - [TEST_STEP][PASSED] - if (planFact == 2): Object: 'Object Repository/Выполнение бизнес-плана/Кнопка Факт' is clicked on

08-11-2024T08:05:43 - [TEST_STEP][PASSED] - click(findTestObject("Выполнение бизнес-плана/Кнопка Факт")): Object: 'Object Repository/Выполнение бизнес-плана/Кнопка Факт' is clicked on

08-11-2024T08:06:13 - [MESSAGE][PASSED] - Object: 'Object Repository/Выполнение бизнес-плана/Кнопка Факт' is clicked on

08-11-2024T08:06:13 - [TEST_STEP][PASSED] - if (a == 84 || a == 82): null

08-11-2024T08:06:13 - [TEST_STEP][PASSED] - else if (a == 52 || a == 72 || a == 28 || a == 73 || a == 77 || a == 74 || a == 65 || a == 36 || a == 44 || a == 53 || a == 80 || a == 54 || a == 1 || a == 18 || a == 59 || a == 81): null

08-11-2024T08:06:13 - [TEST_STEP][PASSED] - page1 = getText(findTestObject("Object Repository/Выполнение бизнес-плана/spanPlan" + dzoNum)): Text of object 'Object Repository/Выполнение бизнес-плана/spanPlan1' is: '21.03
|'

08-11-2024T08:06:43 - [MESSAGE][PASSED] - Text of object 'Object Repository/Выполнение бизнес-плана/spanPlan1' is: '21.03
|'

08-11-2024T08:06:43 - [TEST_STEP][PASSED] - page1 = page1.replace("|", ""): null

08-11-2024T08:06:43 - [TEST_STEP][PASSED] - page2 = getText(findTestObject("Object Repository/Выполнение бизнес-плана/spanFact" + dzoNum)): Text of object 'Object Repository/Выполнение бизнес-плана/spanFact1' is: '20.96'

08-11-2024T08:07:13 - [MESSAGE][PASSED] - Text of object 'Object Repository/Выполнение бизнес-плана/spanFact1' is: '20.96'

08-11-2024T08:07:13 - [TEST_STEP][PASSED] - page2 = page2.replace("|", ""): null

08-11-2024T08:07:13 - [TEST_STEP][PASSED] - println("page1: " + page1): null

08-11-2024T08:07:13 - [TEST_STEP][PASSED] - println("page2: " + page2): null

08-11-2024T08:07:13 - [TEST_STEP][PASSED] - file = findTestData("PlanFact").getValue(4, a): null

08-11-2024T08:07:13 - [TEST_STEP][PASSED] - file = file.replace(",", "."): null

08-11-2024T08:07:13 - [TEST_STEP][PASSED] - println("file Plan: " + file): null

08-11-2024T08:07:13 - [TEST_STEP][PASSED] - typeOfData = "План в процентах": null

08-11-2024T08:07:13 - [TEST_STEP][PASSED] - fileDouble = file.toDouble(): null

08-11-2024T08:07:13 - [TEST_STEP][PASSED] - pageDouble = page1.toDouble(): null

08-11-2024T08:07:13 - [TEST_STEP][PASSED] - if (fileDouble != pageDouble): null

08-11-2024T08:07:13 - [TEST_STEP][PASSED] - file = findTestData("PlanFact").getValue(7, a): null

08-11-2024T08:07:13 - [TEST_STEP][PASSED] - file = file.replace(",", "."): null

08-11-2024T08:07:13 - [TEST_STEP][PASSED] - println("file Fact: " + file): null

08-11-2024T08:07:13 - [TEST_STEP][PASSED] - fileDouble = file.toDouble(): null

08-11-2024T08:07:13 - [TEST_STEP][PASSED] - typeOfData = "Факт в процентах": null

08-11-2024T08:07:13 - [TEST_STEP][PASSED] - fileDouble = file.toDouble(): null

08-11-2024T08:07:13 - [TEST_STEP][PASSED] - pageDouble = page2.toDouble(): null

08-11-2024T08:07:13 - [TEST_STEP][PASSED] - if (fileDouble != pageDouble): null

08-11-2024T08:07:13 - [TEST_STEP][PASSED] - if (verifyEqual(numberOfErrors, 0) == false): Actual object '0' and expected object '0' are equal

08-11-2024T08:07:13 - [MESSAGE][PASSED] - Actual object '0' and expected object '0' are equal

08-11-2024T08:07:13 - [TEST_STEP][PASSED] - if (a == 82): null

08-11-2024T08:07:13 - [TEST_STEP][PASSED] - println(dzoNum): null

08-11-2024T08:07:13 - [TEST_STEP][PASSED] - dZO = "АО «Чеченэнерго»": null

08-11-2024T08:07:13 - [TEST_STEP][PASSED] - a = 72: null

08-11-2024T08:07:13 - [TEST_STEP][PASSED] - if (x1.contains(dZO)): null

08-11-2024T08:07:13 - [TEST_STEP][PASSED] - dzoNum = dzoNum + 1: null

08-11-2024T08:07:13 - [TEST_STEP][PASSED] - Script1718980020443.Numbers(a, typeOfData, todaysDate, pageInt, fileInt, pageDouble, fileDouble, dZO, dzoNum, filialNum): null

08-11-2024T08:07:13 - [TEST_STEP][PASSED] - println(dzoNum): null

08-11-2024T08:07:13 - [TEST_STEP][PASSED] - planFact = <not implemented yet for class: org.codehaus.groovy.ast.expr.EmptyExpression>: null

08-11-2024T08:07:13 - [TEST_STEP][PASSED] - page = <not implemented yet for class: org.codehaus.groovy.ast.expr.EmptyExpression>: null

08-11-2024T08:07:13 - [TEST_STEP][PASSED] - page1 = <not implemented yet for class: org.codehaus.groovy.ast.expr.EmptyExpression>: null

08-11-2024T08:07:13 - [TEST_STEP][PASSED] - page2 = <not implemented yet for class: org.codehaus.groovy.ast.expr.EmptyExpression>: null

08-11-2024T08:07:13 - [TEST_STEP][PASSED] - filialNumberInRow = <not implemented yet for class: org.codehaus.groovy.ast.expr.EmptyExpression>: null

08-11-2024T08:07:13 - [TEST_STEP][PASSED] - filialsDzoNames = <not implemented yet for class: org.codehaus.groovy.ast.expr.EmptyExpression>: null

08-11-2024T08:07:13 - [TEST_STEP][PASSED] - numberOfFilials = <not implemented yet for class: org.codehaus.groovy.ast.expr.EmptyExpression>: null

08-11-2024T08:07:13 - [TEST_STEP][PASSED] - numberOfSpaces = <not implemented yet for class: org.codehaus.groovy.ast.expr.EmptyExpression>: null

08-11-2024T08:07:13 - [TEST_STEP][PASSED] - file = <not implemented yet for class: org.codehaus.groovy.ast.expr.EmptyExpression>: null

08-11-2024T08:07:13 - [TEST_STEP][PASSED] - otpusk = <not implemented yet for class: org.codehaus.groovy.ast.expr.EmptyExpression>: null

08-11-2024T08:07:13 - [TEST_STEP][PASSED] - poteri = <not implemented yet for class: org.codehaus.groovy.ast.expr.EmptyExpression>: null

08-11-2024T08:07:13 - [TEST_STEP][PASSED] - dataFolder = "Выполнение бизнес-плана/Значения со страницы Выполнение бизнес-плана/": null

08-11-2024T08:07:13 - [TEST_STEP][PASSED] - path = <not implemented yet for class: org.codehaus.groovy.ast.expr.EmptyExpression>: null

08-11-2024T08:07:13 - [TEST_STEP][PASSED] - typeOfDataMain = <not implemented yet for class: org.codehaus.groovy.ast.expr.EmptyExpression>: null

08-11-2024T08:07:13 - [TEST_STEP][PASSED] - fileOtpuskVSet = <not implemented yet for class: org.codehaus.groovy.ast.expr.EmptyExpression>: null

08-11-2024T08:07:13 - [TEST_STEP][PASSED] - pageOtpuskVSet = <not implemented yet for class: org.codehaus.groovy.ast.expr.EmptyExpression>: null

08-11-2024T08:07:13 - [TEST_STEP][PASSED] - filePoteri = <not implemented yet for class: org.codehaus.groovy.ast.expr.EmptyExpression>: null

08-11-2024T08:07:13 - [TEST_STEP][PASSED] - pagePoteri = <not implemented yet for class: org.codehaus.groovy.ast.expr.EmptyExpression>: null

08-11-2024T08:07:13 - [TEST_STEP][PASSED] - compare = <not implemented yet for class: org.codehaus.groovy.ast.expr.EmptyExpression>: null

08-11-2024T08:07:13 - [TEST_STEP][PASSED] - b = <not implemented yet for class: org.codehaus.groovy.ast.expr.EmptyExpression>: null

08-11-2024T08:07:13 - [TEST_STEP][PASSED] - i = <not implemented yet for class: org.codehaus.groovy.ast.expr.EmptyExpression>: null

08-11-2024T08:07:13 - [TEST_STEP][PASSED] - ii = <not implemented yet for class: org.codehaus.groovy.ast.expr.EmptyExpression>: null

08-11-2024T08:07:13 - [TEST_STEP][PASSED] - c = <not implemented yet for class: org.codehaus.groovy.ast.expr.EmptyExpression>: null

08-11-2024T08:07:13 - [TEST_STEP][PASSED] - numberOfErrors = 0: null

08-11-2024T08:07:13 - [TEST_STEP][PASSED] - if (a == 82): null

08-11-2024T08:07:13 - [TEST_STEP][PASSED] - b = findTestData("PlanFact").getValue(1, a): null

08-11-2024T08:07:13 - [TEST_STEP][PASSED] - i = b.indexOf(" (ГК)"): null

08-11-2024T08:07:13 - [TEST_STEP][PASSED] - if (i > -1): null

08-11-2024T08:07:13 - [TEST_STEP][PASSED] - i = b.indexOf("О ""): null

08-11-2024T08:07:13 - [TEST_STEP][PASSED] - if (i > -1): null

08-11-2024T08:07:13 - [TEST_STEP][PASSED] - b = b.substring(i + 3, b.length()): null

08-11-2024T08:07:13 - [TEST_STEP][PASSED] - i = b.indexOf("""): null

08-11-2024T08:07:13 - [TEST_STEP][PASSED] - b = b.substring(0, i): null

08-11-2024T08:07:13 - [TEST_STEP][PASSED] - b = b.trim(): null

08-11-2024T08:07:13 - [TEST_STEP][PASSED] - i = b.indexOf("О «"): null

08-11-2024T08:07:13 - [TEST_STEP][PASSED] - if (i > -1): null

08-11-2024T08:07:13 - [TEST_STEP][PASSED] - i = b.indexOf("г. "): null

08-11-2024T08:07:13 - [TEST_STEP][PASSED] - if (i > -1): null

08-11-2024T08:07:13 - [TEST_STEP][PASSED] - println(b): null

08-11-2024T08:07:13 - [TEST_STEP][PASSED] - for ([planFact = 1, planFact < 3, (planFact++)]): null

08-11-2024T08:07:13 - [TEST_STEP][PASSED] - if (planFact == 1): null

08-11-2024T08:07:13 - [TEST_STEP][PASSED] - typeOfDataMain = "Факт": null

08-11-2024T08:07:13 - [TEST_STEP][PASSED] - otpusk = findTestData("PlanFact").getValue(5, a): null

08-11-2024T08:07:13 - [TEST_STEP][PASSED] - poteri = findTestData("PlanFact").getValue(6, a): null

08-11-2024T08:07:13 - [TEST_STEP][PASSED] - otpusk = otpusk.replaceAll("\s+", ""): null

08-11-2024T08:07:13 - [TEST_STEP][PASSED] - poteri = poteri.replaceAll("\s+", ""): null

08-11-2024T08:07:13 - [TEST_STEP][PASSED] - typeOfData = typeOfDataMain + " Отпуск в сеть": null

08-11-2024T08:07:13 - [TEST_STEP][PASSED] - if (a == 82): null

08-11-2024T08:07:13 - [TEST_STEP][PASSED] - else if (a == 84): null

08-11-2024T08:07:13 - [TEST_STEP][PASSED] - else if (a == 52 || a == 72 || a == 28 || a == 73 || a == 77 || a == 74 || a == 65 || a == 36 || a == 44 || a == 53 || a == 80 || a == 54 || a == 1 || a == 18 || a == 59 || a == 81): null

08-11-2024T08:07:13 - [TEST_STEP][PASSED] - path = dataFolder + "Table Data/" + typeOfData + " за отчётный период " + dzoNum: null

08-11-2024T08:07:13 - [TEST_STEP][PASSED] - println(path): null

08-11-2024T08:07:13 - [TEST_STEP][PASSED] - page = getText(findTestObject(path)): Text of object 'Object Repository/Выполнение бизнес-плана/Значения со страницы Выполнение бизнес-плана/Table Data/Факт Отпуск в сеть за отчётный период 2' is: '2 784 252'

08-11-2024T08:07:44 - [MESSAGE][PASSED] - Text of object 'Object Repository/Выполнение бизнес-плана/Значения со страницы Выполнение бизнес-плана/Table Data/Факт Отпуск в сеть за отчётный период 2' is: '2 784 252'

08-11-2024T08:07:44 - [TEST_STEP][PASSED] - page = page.replaceAll("\s+", ""): null

08-11-2024T08:07:44 - [TEST_STEP][PASSED] - fileOtpuskVSet = otpusk.toInteger(): null

08-11-2024T08:07:44 - [TEST_STEP][PASSED] - pageOtpuskVSet = page.toInteger(): null

08-11-2024T08:07:44 - [TEST_STEP][PASSED] - typeOfData = typeOfDataMain + " Потери": null

08-11-2024T08:07:44 - [TEST_STEP][PASSED] - if (a == 82): null

08-11-2024T08:07:44 - [TEST_STEP][PASSED] - else if (a == 84): null

08-11-2024T08:07:44 - [TEST_STEP][PASSED] - else if (a == 52 || a == 72 || a == 28 || a == 73 || a == 77 || a == 74 || a == 65 || a == 36 || a == 44 || a == 53 || a == 80 || a == 54 || a == 1 || a == 18 || a == 59 || a == 81): null

08-11-2024T08:07:44 - [TEST_STEP][PASSED] - path = dataFolder + "Table Data/" + typeOfData + " за отчётный период " + dzoNum: null

08-11-2024T08:07:44 - [TEST_STEP][PASSED] - page = getText(findTestObject(path)): Text of object 'Object Repository/Выполнение бизнес-плана/Значения со страницы Выполнение бизнес-плана/Table Data/Факт Потери за отчётный период 2' is: '1 045 295'

08-11-2024T08:08:14 - [MESSAGE][PASSED] - Text of object 'Object Repository/Выполнение бизнес-плана/Значения со страницы Выполнение бизнес-плана/Table Data/Факт Потери за отчётный период 2' is: '1 045 295'

08-11-2024T08:08:14 - [TEST_STEP][PASSED] - page = page.replaceAll("\s+", ""): null

08-11-2024T08:08:14 - [TEST_STEP][PASSED] - filePoteri = poteri.toInteger(): null

08-11-2024T08:08:14 - [TEST_STEP][PASSED] - pagePoteri = page.toInteger(): null

08-11-2024T08:08:14 - [TEST_STEP][PASSED] - compare = pageOtpuskVSet: null

08-11-2024T08:08:14 - [TEST_STEP][PASSED] - if (compare == fileOtpuskVSet): null

08-11-2024T08:08:14 - [TEST_STEP][PASSED] - else if (compare > fileOtpuskVSet): null

08-11-2024T08:08:14 - [TEST_STEP][PASSED] - compare = compare - 1: null

08-11-2024T08:08:14 - [TEST_STEP][PASSED] - if (compare == fileOtpuskVSet): null

08-11-2024T08:08:14 - [TEST_STEP][PASSED] - else: null

08-11-2024T08:08:14 - [TEST_STEP][PASSED] - numberOfErrors = numberOfErrors + 1: null

08-11-2024T08:08:14 - [TEST_STEP][PASSED] - pageInt = pageOtpuskVSet: null

08-11-2024T08:08:14 - [TEST_STEP][PASSED] - fileInt = fileOtpuskVSet: null

08-11-2024T08:08:14 - [TEST_STEP][PASSED] - typeOfData = typeOfDataMain + " Отпуск в сеть": null

08-11-2024T08:08:14 - [TEST_STEP][PASSED] - Script1718980020443.WriteToExcel(a, typeOfData, todaysDate, pageInt, fileInt, pageDouble, fileDouble, dZO): null

08-11-2024T08:08:14 - [TEST_STEP][PASSED] - sheetName = "Sheet1": null

08-11-2024T08:08:14 - [TEST_STEP][PASSED] - data = findTestData("PlanFact"): null

08-11-2024T08:08:14 - [TEST_STEP][PASSED] - n = data.getRowNumbers() + 1: null

08-11-2024T08:08:14 - [TEST_STEP][PASSED] - year = todaysDate.substring(todaysDate.length() - 4, todaysDate.length()): null

08-11-2024T08:08:14 - [TEST_STEP][PASSED] - y = year.toInteger(): null

08-11-2024T08:08:14 - [TEST_STEP][PASSED] - m = getText(findTestObject("Выполнение бизнес-плана/Период")): Text of object 'Object Repository/Выполнение бизнес-плана/Период' is: '1, 2, 3 кв. 2024 года'

08-11-2024T08:08:44 - [MESSAGE][PASSED] - Text of object 'Object Repository/Выполнение бизнес-плана/Период' is: '1, 2, 3 кв. 2024 года'

08-11-2024T08:08:44 - [TEST_STEP][PASSED] - m = m.substring(0, m.indexOf("2024")): null

08-11-2024T08:08:44 - [TEST_STEP][PASSED] - m = m.trim(): null

08-11-2024T08:08:44 - [TEST_STEP][PASSED] - dashboardName = "Выполнение бизнес-плана": null

08-11-2024T08:08:44 - [TEST_STEP][PASSED] - workbook01 = getWorkbook(excelFilePath): null

08-11-2024T08:08:44 - [TEST_STEP][PASSED] - sheet01 = getExcelSheet(workbook01, sheetName): null

08-11-2024T08:08:44 - [TEST_STEP][PASSED] - setValueToCellByIndex(sheet01, n, 0, dashboardName): null

08-11-2024T08:08:44 - [TEST_STEP][PASSED] - setValueToCellByIndex(sheet01, n, 1, dZO): null

08-11-2024T08:08:44 - [TEST_STEP][PASSED] - setValueToCellByIndex(sheet01, n, 2, typeOfData): null

08-11-2024T08:08:44 - [TEST_STEP][PASSED] - if (typeOfData == "Факт в процентах" || typeOfData == "План в процентах"): null

08-11-2024T08:08:44 - [TEST_STEP][PASSED] - else: null

08-11-2024T08:08:44 - [TEST_STEP][PASSED] - setValueToCellByIndex(sheet01, n, 3, fileInt): null

08-11-2024T08:08:44 - [TEST_STEP][PASSED] - setValueToCellByIndex(sheet01, n, 4, pageInt): null

08-11-2024T08:08:44 - [TEST_STEP][PASSED] - setValueToCellByIndex(sheet01, n, 5, m): null

08-11-2024T08:08:44 - [TEST_STEP][PASSED] - setValueToCellByIndex(sheet01, n, 6, y): null

08-11-2024T08:08:44 - [TEST_STEP][PASSED] - setValueToCellByIndex(sheet01, n, 7, todaysDate): null

08-11-2024T08:08:44 - [TEST_STEP][PASSED] - n = n + 1: null

08-11-2024T08:08:44 - [TEST_STEP][PASSED] - saveWorkbook(excelFilePath, workbook01): null

08-11-2024T08:08:44 - [TEST_STEP][PASSED] - compare = pagePoteri: null

08-11-2024T08:08:44 - [TEST_STEP][PASSED] - if (compare == filePoteri): null

08-11-2024T08:08:44 - [TEST_STEP][PASSED] - else if (compare > filePoteri): null

08-11-2024T08:08:44 - [TEST_STEP][PASSED] - compare = compare - 1: null

08-11-2024T08:08:44 - [TEST_STEP][PASSED] - if (compare == filePoteri): null

08-11-2024T08:08:44 - [TEST_STEP][PASSED] - else: null

08-11-2024T08:08:44 - [TEST_STEP][PASSED] - numberOfErrors = numberOfErrors + 1: null

08-11-2024T08:08:44 - [TEST_STEP][PASSED] - pageInt = pagePoteri: null

08-11-2024T08:08:44 - [TEST_STEP][PASSED] - fileInt = filePoteri: null

08-11-2024T08:08:44 - [TEST_STEP][PASSED] - typeOfData = typeOfDataMain + " Потери": null

08-11-2024T08:08:44 - [TEST_STEP][PASSED] - Script1718980020443.WriteToExcel(a, typeOfData, todaysDate, pageInt, fileInt, pageDouble, fileDouble, dZO): null

08-11-2024T08:08:44 - [TEST_STEP][PASSED] - sheetName = "Sheet1": null

08-11-2024T08:08:44 - [TEST_STEP][PASSED] - data = findTestData("PlanFact"): null

08-11-2024T08:08:44 - [TEST_STEP][PASSED] - n = data.getRowNumbers() + 1: null

08-11-2024T08:08:44 - [TEST_STEP][PASSED] - year = todaysDate.substring(todaysDate.length() - 4, todaysDate.length()): null

08-11-2024T08:08:44 - [TEST_STEP][PASSED] - y = year.toInteger(): null

08-11-2024T08:08:44 - [TEST_STEP][PASSED] - m = getText(findTestObject("Выполнение бизнес-плана/Период")): Text of object 'Object Repository/Выполнение бизнес-плана/Период' is: '1, 2, 3 кв. 2024 года'

08-11-2024T08:09:14 - [MESSAGE][PASSED] - Text of object 'Object Repository/Выполнение бизнес-плана/Период' is: '1, 2, 3 кв. 2024 года'

08-11-2024T08:09:14 - [TEST_STEP][PASSED] - m = m.substring(0, m.indexOf("2024")): null

08-11-2024T08:09:14 - [TEST_STEP][PASSED] - m = m.trim(): null

08-11-2024T08:09:14 - [TEST_STEP][PASSED] - dashboardName = "Выполнение бизнес-плана": null

08-11-2024T08:09:14 - [TEST_STEP][PASSED] - workbook01 = getWorkbook(excelFilePath): null

08-11-2024T08:09:14 - [TEST_STEP][PASSED] - sheet01 = getExcelSheet(workbook01, sheetName): null

08-11-2024T08:09:14 - [TEST_STEP][PASSED] - setValueToCellByIndex(sheet01, n, 0, dashboardName): null

08-11-2024T08:09:14 - [TEST_STEP][PASSED] - setValueToCellByIndex(sheet01, n, 1, dZO): null

08-11-2024T08:09:14 - [TEST_STEP][PASSED] - setValueToCellByIndex(sheet01, n, 2, typeOfData): null

08-11-2024T08:09:14 - [TEST_STEP][PASSED] - if (typeOfData == "Факт в процентах" || typeOfData == "План в процентах"): null

08-11-2024T08:09:14 - [TEST_STEP][PASSED] - else: null

08-11-2024T08:09:14 - [TEST_STEP][PASSED] - setValueToCellByIndex(sheet01, n, 3, fileInt): null

08-11-2024T08:09:14 - [TEST_STEP][PASSED] - setValueToCellByIndex(sheet01, n, 4, pageInt): null

08-11-2024T08:09:14 - [TEST_STEP][PASSED] - setValueToCellByIndex(sheet01, n, 5, m): null

08-11-2024T08:09:14 - [TEST_STEP][PASSED] - setValueToCellByIndex(sheet01, n, 6, y): null

08-11-2024T08:09:14 - [TEST_STEP][PASSED] - setValueToCellByIndex(sheet01, n, 7, todaysDate): null

08-11-2024T08:09:14 - [TEST_STEP][PASSED] - n = n + 1: null

08-11-2024T08:09:14 - [TEST_STEP][PASSED] - saveWorkbook(excelFilePath, workbook01): null

08-11-2024T08:09:14 - [TEST_STEP][PASSED] - if (planFact == 2): null

08-11-2024T08:09:14 - [TEST_STEP][PASSED] - if (planFact == 1): null

08-11-2024T08:09:14 - [TEST_STEP][PASSED] - else if (planFact == 2): null

08-11-2024T08:09:14 - [TEST_STEP][PASSED] - click(findTestObject("Выполнение бизнес-плана/Кнопка План")): Object: 'Object Repository/Выполнение бизнес-плана/Кнопка План' is clicked on

08-11-2024T08:09:45 - [MESSAGE][PASSED] - Object: 'Object Repository/Выполнение бизнес-плана/Кнопка План' is clicked on

08-11-2024T08:09:45 - [TEST_STEP][PASSED] - typeOfDataMain = "План": null

08-11-2024T08:09:45 - [TEST_STEP][PASSED] - otpusk = findTestData("PlanFact").getValue(2, a): null

08-11-2024T08:09:45 - [TEST_STEP][PASSED] - poteri = findTestData("PlanFact").getValue(3, a): null

08-11-2024T08:09:45 - [TEST_STEP][PASSED] - otpusk = otpusk.replaceAll("\s+", ""): null

08-11-2024T08:09:45 - [TEST_STEP][PASSED] - poteri = poteri.replaceAll("\s+", ""): null

08-11-2024T08:09:45 - [TEST_STEP][PASSED] - typeOfData = typeOfDataMain + " Отпуск в сеть": null

08-11-2024T08:09:45 - [TEST_STEP][PASSED] - if (a == 82): null

08-11-2024T08:09:45 - [TEST_STEP][PASSED] - else if (a == 84): null

08-11-2024T08:09:45 - [TEST_STEP][PASSED] - else if (a == 52 || a == 72 || a == 28 || a == 73 || a == 77 || a == 74 || a == 65 || a == 36 || a == 44 || a == 53 || a == 80 || a == 54 || a == 1 || a == 18 || a == 59 || a == 81): null

08-11-2024T08:09:45 - [TEST_STEP][PASSED] - path = dataFolder + "Table Data/" + typeOfData + " за отчётный период " + dzoNum: null

08-11-2024T08:09:45 - [TEST_STEP][PASSED] - println(path): null

08-11-2024T08:09:45 - [TEST_STEP][PASSED] - page = getText(findTestObject(path)): Text of object 'Object Repository/Выполнение бизнес-плана/Значения со страницы Выполнение бизнес-плана/Table Data/План Отпуск в сеть за отчётный период 2' is: '2 583 877'

08-11-2024T08:10:15 - [MESSAGE][PASSED] - Text of object 'Object Repository/Выполнение бизнес-плана/Значения со страницы Выполнение бизнес-плана/Table Data/План Отпуск в сеть за отчётный период 2' is: '2 583 877'

08-11-2024T08:10:15 - [TEST_STEP][PASSED] - page = page.replaceAll("\s+", ""): null

08-11-2024T08:10:15 - [TEST_STEP][PASSED] - fileOtpuskVSet = otpusk.toInteger(): null

08-11-2024T08:10:15 - [TEST_STEP][PASSED] - pageOtpuskVSet = page.toInteger(): null

08-11-2024T08:10:15 - [TEST_STEP][PASSED] - typeOfData = typeOfDataMain + " Потери": null

08-11-2024T08:10:15 - [TEST_STEP][PASSED] - if (a == 82): null

08-11-2024T08:10:15 - [TEST_STEP][PASSED] - else if (a == 84): null

08-11-2024T08:10:15 - [TEST_STEP][PASSED] - else if (a == 52 || a == 72 || a == 28 || a == 73 || a == 77 || a == 74 || a == 65 || a == 36 || a == 44 || a == 53 || a == 80 || a == 54 || a == 1 || a == 18 || a == 59 || a == 81): null

08-11-2024T08:10:15 - [TEST_STEP][PASSED] - path = dataFolder + "Table Data/" + typeOfData + " за отчётный период " + dzoNum: null

08-11-2024T08:10:15 - [TEST_STEP][PASSED] - page = getText(findTestObject(path)): Text of object 'Object Repository/Выполнение бизнес-плана/Значения со страницы Выполнение бизнес-плана/Table Data/План Потери за отчётный период 2' is: '864 562'

08-11-2024T08:10:45 - [MESSAGE][PASSED] - Text of object 'Object Repository/Выполнение бизнес-плана/Значения со страницы Выполнение бизнес-плана/Table Data/План Потери за отчётный период 2' is: '864 562'

08-11-2024T08:10:45 - [TEST_STEP][PASSED] - page = page.replaceAll("\s+", ""): null

08-11-2024T08:10:45 - [TEST_STEP][PASSED] - filePoteri = poteri.toInteger(): null

08-11-2024T08:10:45 - [TEST_STEP][PASSED] - pagePoteri = page.toInteger(): null

08-11-2024T08:10:45 - [TEST_STEP][PASSED] - compare = pageOtpuskVSet: null

08-11-2024T08:10:45 - [TEST_STEP][PASSED] - if (compare == fileOtpuskVSet): null

08-11-2024T08:10:45 - [TEST_STEP][PASSED] - else if (compare > fileOtpuskVSet): null

08-11-2024T08:10:45 - [TEST_STEP][PASSED] - compare = compare - 1: null

08-11-2024T08:10:45 - [TEST_STEP][PASSED] - if (compare == fileOtpuskVSet): null

08-11-2024T08:10:45 - [TEST_STEP][PASSED] - else: null

08-11-2024T08:10:45 - [TEST_STEP][PASSED] - numberOfErrors = numberOfErrors + 1: null

08-11-2024T08:10:45 - [TEST_STEP][PASSED] - pageInt = pageOtpuskVSet: null

08-11-2024T08:10:45 - [TEST_STEP][PASSED] - fileInt = fileOtpuskVSet: null

08-11-2024T08:10:45 - [TEST_STEP][PASSED] - typeOfData = typeOfDataMain + " Отпуск в сеть": null

08-11-2024T08:10:45 - [TEST_STEP][PASSED] - Script1718980020443.WriteToExcel(a, typeOfData, todaysDate, pageInt, fileInt, pageDouble, fileDouble, dZO): null

08-11-2024T08:10:45 - [TEST_STEP][PASSED] - sheetName = "Sheet1": null

08-11-2024T08:10:45 - [TEST_STEP][PASSED] - data = findTestData("PlanFact"): null

08-11-2024T08:10:45 - [TEST_STEP][PASSED] - n = data.getRowNumbers() + 1: null

08-11-2024T08:10:45 - [TEST_STEP][PASSED] - year = todaysDate.substring(todaysDate.length() - 4, todaysDate.length()): null

08-11-2024T08:10:45 - [TEST_STEP][PASSED] - y = year.toInteger(): null

08-11-2024T08:10:45 - [TEST_STEP][PASSED] - m = getText(findTestObject("Выполнение бизнес-плана/Период")): Text of object 'Object Repository/Выполнение бизнес-плана/Период' is: '1, 2, 3 кв. 2024 года'

08-11-2024T08:11:15 - [MESSAGE][PASSED] - Text of object 'Object Repository/Выполнение бизнес-плана/Период' is: '1, 2, 3 кв. 2024 года'

08-11-2024T08:11:15 - [TEST_STEP][PASSED] - m = m.substring(0, m.indexOf("2024")): null

08-11-2024T08:11:15 - [TEST_STEP][PASSED] - m = m.trim(): null

08-11-2024T08:11:15 - [TEST_STEP][PASSED] - dashboardName = "Выполнение бизнес-плана": null

08-11-2024T08:11:15 - [TEST_STEP][PASSED] - workbook01 = getWorkbook(excelFilePath): null

08-11-2024T08:11:15 - [TEST_STEP][PASSED] - sheet01 = getExcelSheet(workbook01, sheetName): null

08-11-2024T08:11:15 - [TEST_STEP][PASSED] - setValueToCellByIndex(sheet01, n, 0, dashboardName): null

08-11-2024T08:11:15 - [TEST_STEP][PASSED] - setValueToCellByIndex(sheet01, n, 1, dZO): null

08-11-2024T08:11:15 - [TEST_STEP][PASSED] - setValueToCellByIndex(sheet01, n, 2, typeOfData): null

08-11-2024T08:11:15 - [TEST_STEP][PASSED] - if (typeOfData == "Факт в процентах" || typeOfData == "План в процентах"): null

08-11-2024T08:11:15 - [TEST_STEP][PASSED] - else: null

08-11-2024T08:11:15 - [TEST_STEP][PASSED] - setValueToCellByIndex(sheet01, n, 3, fileInt): null

08-11-2024T08:11:15 - [TEST_STEP][PASSED] - setValueToCellByIndex(sheet01, n, 4, pageInt): null

08-11-2024T08:11:15 - [TEST_STEP][PASSED] - setValueToCellByIndex(sheet01, n, 5, m): null

08-11-2024T08:11:15 - [TEST_STEP][PASSED] - setValueToCellByIndex(sheet01, n, 6, y): null

08-11-2024T08:11:15 - [TEST_STEP][PASSED] - setValueToCellByIndex(sheet01, n, 7, todaysDate): null

08-11-2024T08:11:15 - [TEST_STEP][PASSED] - n = n + 1: null

08-11-2024T08:11:15 - [TEST_STEP][PASSED] - saveWorkbook(excelFilePath, workbook01): null

08-11-2024T08:11:15 - [TEST_STEP][PASSED] - compare = pagePoteri: null

08-11-2024T08:11:15 - [TEST_STEP][PASSED] - if (compare == filePoteri): null

08-11-2024T08:11:15 - [TEST_STEP][PASSED] - else if (compare > filePoteri): null

08-11-2024T08:11:15 - [TEST_STEP][PASSED] - compare = compare - 1: null

08-11-2024T08:11:15 - [TEST_STEP][PASSED] - if (compare == filePoteri): null

08-11-2024T08:11:15 - [TEST_STEP][PASSED] - else: null

08-11-2024T08:11:15 - [TEST_STEP][PASSED] - numberOfErrors = numberOfErrors + 1: null

08-11-2024T08:11:15 - [TEST_STEP][PASSED] - pageInt = pagePoteri: null

08-11-2024T08:11:15 - [TEST_STEP][PASSED] - fileInt = filePoteri: null

08-11-2024T08:11:15 - [TEST_STEP][PASSED] - typeOfData = typeOfDataMain + " Потери": null

08-11-2024T08:11:15 - [TEST_STEP][PASSED] - Script1718980020443.WriteToExcel(a, typeOfData, todaysDate, pageInt, fileInt, pageDouble, fileDouble, dZO): null

08-11-2024T08:11:15 - [TEST_STEP][PASSED] - sheetName = "Sheet1": null

08-11-2024T08:11:15 - [TEST_STEP][PASSED] - data = findTestData("PlanFact"): null

08-11-2024T08:11:15 - [TEST_STEP][PASSED] - n = data.getRowNumbers() + 1: null

08-11-2024T08:11:15 - [TEST_STEP][PASSED] - year = todaysDate.substring(todaysDate.length() - 4, todaysDate.length()): null

08-11-2024T08:11:15 - [TEST_STEP][PASSED] - y = year.toInteger(): null

08-11-2024T08:11:15 - [TEST_STEP][PASSED] - m = getText(findTestObject("Выполнение бизнес-плана/Период")): Text of object 'Object Repository/Выполнение бизнес-плана/Период' is: '1, 2, 3 кв. 2024 года'

08-11-2024T08:11:45 - [MESSAGE][PASSED] - Text of object 'Object Repository/Выполнение бизнес-плана/Период' is: '1, 2, 3 кв. 2024 года'

08-11-2024T08:11:45 - [TEST_STEP][PASSED] - m = m.substring(0, m.indexOf("2024")): null

08-11-2024T08:11:45 - [TEST_STEP][PASSED] - m = m.trim(): null

08-11-2024T08:11:45 - [TEST_STEP][PASSED] - dashboardName = "Выполнение бизнес-плана": null

08-11-2024T08:11:45 - [TEST_STEP][PASSED] - workbook01 = getWorkbook(excelFilePath): null

08-11-2024T08:11:45 - [TEST_STEP][PASSED] - sheet01 = getExcelSheet(workbook01, sheetName): null

08-11-2024T08:11:45 - [TEST_STEP][PASSED] - setValueToCellByIndex(sheet01, n, 0, dashboardName): null

08-11-2024T08:11:45 - [TEST_STEP][PASSED] - setValueToCellByIndex(sheet01, n, 1, dZO): null

08-11-2024T08:11:45 - [TEST_STEP][PASSED] - setValueToCellByIndex(sheet01, n, 2, typeOfData): null

08-11-2024T08:11:45 - [TEST_STEP][PASSED] - if (typeOfData == "Факт в процентах" || typeOfData == "План в процентах"): null

08-11-2024T08:11:45 - [TEST_STEP][PASSED] - else: null

08-11-2024T08:11:45 - [TEST_STEP][PASSED] - setValueToCellByIndex(sheet01, n, 3, fileInt): null

08-11-2024T08:11:45 - [TEST_STEP][PASSED] - setValueToCellByIndex(sheet01, n, 4, pageInt): null

08-11-2024T08:11:45 - [TEST_STEP][PASSED] - setValueToCellByIndex(sheet01, n, 5, m): null

08-11-2024T08:11:45 - [TEST_STEP][PASSED] - setValueToCellByIndex(sheet01, n, 6, y): null

08-11-2024T08:11:45 - [TEST_STEP][PASSED] - setValueToCellByIndex(sheet01, n, 7, todaysDate): null

08-11-2024T08:11:45 - [TEST_STEP][PASSED] - n = n + 1: null

08-11-2024T08:11:45 - [TEST_STEP][PASSED] - saveWorkbook(excelFilePath, workbook01): Object: 'Object Repository/Выполнение бизнес-плана/Кнопка Факт' is clicked on

08-11-2024T08:11:46 - [TEST_STEP][PASSED] - if (planFact == 2): Object: 'Object Repository/Выполнение бизнес-плана/Кнопка Факт' is clicked on

08-11-2024T08:11:46 - [TEST_STEP][PASSED] - click(findTestObject("Выполнение бизнес-плана/Кнопка Факт")): Object: 'Object Repository/Выполнение бизнес-плана/Кнопка Факт' is clicked on

08-11-2024T08:12:16 - [MESSAGE][PASSED] - Object: 'Object Repository/Выполнение бизнес-плана/Кнопка Факт' is clicked on

08-11-2024T08:12:16 - [TEST_STEP][PASSED] - if (a == 84 || a == 82): null

08-11-2024T08:12:16 - [TEST_STEP][PASSED] - else if (a == 52 || a == 72 || a == 28 || a == 73 || a == 77 || a == 74 || a == 65 || a == 36 || a == 44 || a == 53 || a == 80 || a == 54 || a == 1 || a == 18 || a == 59 || a == 81): null

08-11-2024T08:12:16 - [TEST_STEP][PASSED] - page1 = getText(findTestObject("Object Repository/Выполнение бизнес-плана/spanPlan" + dzoNum)): Text of object 'Object Repository/Выполнение бизнес-плана/spanPlan2' is: '33.46'

08-11-2024T08:12:46 - [MESSAGE][PASSED] - Text of object 'Object Repository/Выполнение бизнес-плана/spanPlan2' is: '33.46'

08-11-2024T08:12:46 - [TEST_STEP][PASSED] - page1 = page1.replace("|", ""): null

08-11-2024T08:12:46 - [TEST_STEP][PASSED] - page2 = getText(findTestObject("Object Repository/Выполнение бизнес-плана/spanFact" + dzoNum)): Text of object 'Object Repository/Выполнение бизнес-плана/spanFact2' is: '37.54
|'

08-11-2024T08:13:16 - [MESSAGE][PASSED] - Text of object 'Object Repository/Выполнение бизнес-плана/spanFact2' is: '37.54
|'

08-11-2024T08:13:16 - [TEST_STEP][PASSED] - page2 = page2.replace("|", ""): null

08-11-2024T08:13:16 - [TEST_STEP][PASSED] - println("page1: " + page1): null

08-11-2024T08:13:16 - [TEST_STEP][PASSED] - println("page2: " + page2): null

08-11-2024T08:13:16 - [TEST_STEP][PASSED] - file = findTestData("PlanFact").getValue(4, a): null

08-11-2024T08:13:16 - [TEST_STEP][PASSED] - file = file.replace(",", "."): null

08-11-2024T08:13:16 - [TEST_STEP][PASSED] - println("file Plan: " + file): null

08-11-2024T08:13:16 - [TEST_STEP][PASSED] - typeOfData = "План в процентах": null

08-11-2024T08:13:16 - [TEST_STEP][PASSED] - fileDouble = file.toDouble(): null

08-11-2024T08:13:16 - [TEST_STEP][PASSED] - pageDouble = page1.toDouble(): null

08-11-2024T08:13:16 - [TEST_STEP][PASSED] - if (fileDouble != pageDouble): null

08-11-2024T08:13:16 - [TEST_STEP][PASSED] - numberOfErrors = numberOfErrors + 1: null

08-11-2024T08:13:16 - [TEST_STEP][PASSED] - Script1718980020443.WriteToExcel(a, typeOfData, todaysDate, pageInt, fileInt, pageDouble, fileDouble, dZO): null

08-11-2024T08:13:16 - [TEST_STEP][PASSED] - sheetName = "Sheet1": null

08-11-2024T08:13:16 - [TEST_STEP][PASSED] - data = findTestData("PlanFact"): null

08-11-2024T08:13:16 - [TEST_STEP][PASSED] - n = data.getRowNumbers() + 1: null

08-11-2024T08:13:16 - [TEST_STEP][PASSED] - year = todaysDate.substring(todaysDate.length() - 4, todaysDate.length()): null

08-11-2024T08:13:16 - [TEST_STEP][PASSED] - y = year.toInteger(): null

08-11-2024T08:13:16 - [TEST_STEP][PASSED] - m = getText(findTestObject("Выполнение бизнес-плана/Период")): Text of object 'Object Repository/Выполнение бизнес-плана/Период' is: '1, 2, 3 кв. 2024 года'

08-11-2024T08:13:46 - [MESSAGE][PASSED] - Text of object 'Object Repository/Выполнение бизнес-плана/Период' is: '1, 2, 3 кв. 2024 года'

08-11-2024T08:13:46 - [TEST_STEP][PASSED] - m = m.substring(0, m.indexOf("2024")): null

08-11-2024T08:13:46 - [TEST_STEP][PASSED] - m = m.trim(): null

08-11-2024T08:13:46 - [TEST_STEP][PASSED] - dashboardName = "Выполнение бизнес-плана": null

08-11-2024T08:13:46 - [TEST_STEP][PASSED] - workbook01 = getWorkbook(excelFilePath): null

08-11-2024T08:13:46 - [TEST_STEP][PASSED] - sheet01 = getExcelSheet(workbook01, sheetName): null

08-11-2024T08:13:46 - [TEST_STEP][PASSED] - setValueToCellByIndex(sheet01, n, 0, dashboardName): null

08-11-2024T08:13:46 - [TEST_STEP][PASSED] - setValueToCellByIndex(sheet01, n, 1, dZO): null

08-11-2024T08:13:46 - [TEST_STEP][PASSED] - setValueToCellByIndex(sheet01, n, 2, typeOfData): null

08-11-2024T08:13:46 - [TEST_STEP][PASSED] - if (typeOfData == "Факт в процентах" || typeOfData == "План в процентах"): null

08-11-2024T08:13:46 - [TEST_STEP][PASSED] - setValueToCellByIndex(sheet01, n, 3, fileDouble): null

08-11-2024T08:13:46 - [TEST_STEP][PASSED] - setValueToCellByIndex(sheet01, n, 4, pageDouble): null

08-11-2024T08:13:46 - [TEST_STEP][PASSED] - setValueToCellByIndex(sheet01, n, 5, m): null

08-11-2024T08:13:46 - [TEST_STEP][PASSED] - setValueToCellByIndex(sheet01, n, 6, y): null

08-11-2024T08:13:46 - [TEST_STEP][PASSED] - setValueToCellByIndex(sheet01, n, 7, todaysDate): null

08-11-2024T08:13:46 - [TEST_STEP][PASSED] - n = n + 1: null

08-11-2024T08:13:46 - [TEST_STEP][PASSED] - saveWorkbook(excelFilePath, workbook01): null

08-11-2024T08:13:46 - [TEST_STEP][PASSED] - file = findTestData("PlanFact").getValue(7, a): null

08-11-2024T08:13:46 - [TEST_STEP][PASSED] - file = file.replace(",", "."): null

08-11-2024T08:13:46 - [TEST_STEP][PASSED] - println("file Fact: " + file): null

08-11-2024T08:13:46 - [TEST_STEP][PASSED] - fileDouble = file.toDouble(): null

08-11-2024T08:13:46 - [TEST_STEP][PASSED] - typeOfData = "Факт в процентах": null

08-11-2024T08:13:46 - [TEST_STEP][PASSED] - fileDouble = file.toDouble(): null

08-11-2024T08:13:46 - [TEST_STEP][PASSED] - pageDouble = page2.toDouble(): null

08-11-2024T08:13:46 - [TEST_STEP][PASSED] - if (fileDouble != pageDouble): null

08-11-2024T08:13:46 - [TEST_STEP][PASSED] - numberOfErrors = numberOfErrors + 1: null

08-11-2024T08:13:46 - [TEST_STEP][PASSED] - Script1718980020443.WriteToExcel(a, typeOfData, todaysDate, pageInt, fileInt, pageDouble, fileDouble, dZO): null

08-11-2024T08:13:46 - [TEST_STEP][PASSED] - sheetName = "Sheet1": null

08-11-2024T08:13:46 - [TEST_STEP][PASSED] - data = findTestData("PlanFact"): null

08-11-2024T08:13:47 - [TEST_STEP][PASSED] - n = data.getRowNumbers() + 1: null

08-11-2024T08:13:47 - [TEST_STEP][PASSED] - year = todaysDate.substring(todaysDate.length() - 4, todaysDate.length()): null

08-11-2024T08:13:47 - [TEST_STEP][PASSED] - y = year.toInteger(): null

08-11-2024T08:13:47 - [TEST_STEP][PASSED] - m = getText(findTestObject("Выполнение бизнес-плана/Период")): Text of object 'Object Repository/Выполнение бизнес-плана/Период' is: '1, 2, 3 кв. 2024 года'

08-11-2024T08:14:17 - [MESSAGE][PASSED] - Text of object 'Object Repository/Выполнение бизнес-плана/Период' is: '1, 2, 3 кв. 2024 года'

08-11-2024T08:14:17 - [TEST_STEP][PASSED] - m = m.substring(0, m.indexOf("2024")): null

08-11-2024T08:14:17 - [TEST_STEP][PASSED] - m = m.trim(): null

08-11-2024T08:14:17 - [TEST_STEP][PASSED] - dashboardName = "Выполнение бизнес-плана": null

08-11-2024T08:14:17 - [TEST_STEP][PASSED] - workbook01 = getWorkbook(excelFilePath): null

08-11-2024T08:14:17 - [TEST_STEP][PASSED] - sheet01 = getExcelSheet(workbook01, sheetName): null

08-11-2024T08:14:17 - [TEST_STEP][PASSED] - setValueToCellByIndex(sheet01, n, 0, dashboardName): null

08-11-2024T08:14:17 - [TEST_STEP][PASSED] - setValueToCellByIndex(sheet01, n, 1, dZO): null

08-11-2024T08:14:17 - [TEST_STEP][PASSED] - setValueToCellByIndex(sheet01, n, 2, typeOfData): null

08-11-2024T08:14:17 - [TEST_STEP][PASSED] - if (typeOfData == "Факт в процентах" || typeOfData == "План в процентах"): null

08-11-2024T08:14:17 - [TEST_STEP][PASSED] - setValueToCellByIndex(sheet01, n, 3, fileDouble): null

08-11-2024T08:14:17 - [TEST_STEP][PASSED] - setValueToCellByIndex(sheet01, n, 4, pageDouble): null

08-11-2024T08:14:17 - [TEST_STEP][PASSED] - setValueToCellByIndex(sheet01, n, 5, m): null

08-11-2024T08:14:17 - [TEST_STEP][PASSED] - setValueToCellByIndex(sheet01, n, 6, y): null

08-11-2024T08:14:17 - [TEST_STEP][PASSED] - setValueToCellByIndex(sheet01, n, 7, todaysDate): null

08-11-2024T08:14:17 - [TEST_STEP][PASSED] - n = n + 1: null

08-11-2024T08:14:17 - [TEST_STEP][PASSED] - saveWorkbook(excelFilePath, workbook01): null

08-11-2024T08:14:17 - [TEST_STEP][FAILED] - if (verifyEqual(numberOfErrors, 0) == false): null

08-11-2024T08:14:17 - [MESSAGE][FAILED] - Unable to verify equal between actual object '6' and expected object '0' (Root cause: com.kms.katalon.core.exception.StepFailedException: Actual object '6' and expected object '0' are not equal
	at com.kms.katalon.core.keyword.builtin.VerifyEqualKeyword$_verifyEqual_closure1.doCall(VerifyEqualKeyword.groovy:58)
	at com.kms.katalon.core.keyword.builtin.VerifyEqualKeyword$_verifyEqual_closure1.call(VerifyEqualKeyword.groovy)
	at com.kms.katalon.core.keyword.internal.KeywordMain.runKeyword(KeywordMain.groovy:75)
	at com.kms.katalon.core.keyword.builtin.VerifyEqualKeyword.verifyEqual(VerifyEqualKeyword.groovy:63)
	at com.kms.katalon.core.keyword.builtin.VerifyEqualKeyword.execute(VerifyEqualKeyword.groovy:44)
	at com.kms.katalon.core.keyword.internal.KeywordExecutor.executeKeywordForPlatform(KeywordExecutor.groovy:74)
	at com.kms.katalon.core.keyword.BuiltinKeywords.verifyEqual(BuiltinKeywords.groovy:146)
	at java.base/jdk.internal.reflect.NativeMethodAccessorImpl.invoke0(Native Method)
	at java.base/jdk.internal.reflect.NativeMethodAccessorImpl.invoke(NativeMethodAccessorImpl.java:77)
	at java.base/jdk.internal.reflect.DelegatingMethodAccessorImpl.invoke(DelegatingMethodAccessorImpl.java:43)
	at Выполнение бизнес-плана Сверка ПАО Россети все филиалы.Numbers(Выполнение бизнес-плана Сверка ПАО Россети все филиалы:740)
	at Выполнение бизнес-плана Сверка ПАО Россети все филиалы.run(Выполнение бизнес-плана Сверка ПАО Россети все филиалы:234)
	at com.kms.katalon.core.main.ScriptEngine.run(ScriptEngine.java:194)
	at com.kms.katalon.core.main.ScriptEngine.runScriptAsRawText(ScriptEngine.java:119)
	at com.kms.katalon.core.main.TestCaseExecutor.runScript(TestCaseExecutor.java:448)
	at com.kms.katalon.core.main.TestCaseExecutor.doExecute(TestCaseExecutor.java:439)
	at com.kms.katalon.core.main.TestCaseExecutor.processExecutionPhase(TestCaseExecutor.java:418)
	at com.kms.katalon.core.main.TestCaseExecutor.accessMainPhase(TestCaseExecutor.java:410)
	at com.kms.katalon.core.main.TestCaseExecutor.execute(TestCaseExecutor.java:285)
	at com.kms.katalon.core.common.CommonExecutor.accessTestCaseMainPhase(CommonExecutor.java:65)
	at com.kms.katalon.core.main.TestSuiteExecutor.accessTestSuiteMainPhase(TestSuiteExecutor.java:150)
	at com.kms.katalon.core.main.TestSuiteExecutor.execute(TestSuiteExecutor.java:106)
	at com.kms.katalon.core.main.TestCaseMain.startTestSuite(TestCaseMain.java:180)
	at TempTestSuite1731039737176.run(TempTestSuite1731039737176.groovy:35)
	at java.base/jdk.internal.reflect.NativeMethodAccessorImpl.invoke0(Native Method)
	at java.base/jdk.internal.reflect.NativeMethodAccessorImpl.invoke(NativeMethodAccessorImpl.java:77)
	at java.base/jdk.internal.reflect.DelegatingMethodAccessorImpl.invoke(DelegatingMethodAccessorImpl.java:43)
)

08-11-2024T08:14:17 - [TEST_STEP][PASSED] - println(numberOfErrors): null

08-11-2024T08:14:17 - [TEST_STEP][PASSED] - if (a == 28 || a == 77 || a == 74 || a == 65 || a == 36 || a == 44 || a == 54 || a == 1 || a == 18 || a == 59): null

08-11-2024T08:14:17 - [TEST_STEP][PASSED] - if (a == 82): null

08-11-2024T08:14:17 - [TEST_STEP][PASSED] - println(dzoNum): null

08-11-2024T08:14:17 - [TEST_STEP][PASSED] - a = 28: null

08-11-2024T08:14:17 - [TEST_STEP][PASSED] - dZO = "Россети Волга": null

08-11-2024T08:14:17 - [TEST_STEP][PASSED] - if (x1.contains(dZO)): null

08-11-2024T08:14:17 - [TEST_STEP][PASSED] - else: null

08-11-2024T08:14:17 - [TEST_STEP][PASSED] - Script1718980020443.NoData(a, typeOfData, todaysDate, fileInt, fileDouble, dZO): null

08-11-2024T08:14:17 - [TEST_STEP][PASSED] - println(a): null

08-11-2024T08:14:17 - [TEST_STEP][PASSED] - println(todaysDate): null

08-11-2024T08:14:17 - [TEST_STEP][PASSED] - println(fileInt): null

08-11-2024T08:14:17 - [TEST_STEP][PASSED] - println(fileDouble): null

08-11-2024T08:14:17 - [TEST_STEP][PASSED] - println(dZO): null

08-11-2024T08:14:17 - [TEST_STEP][PASSED] - typeOfData = "Факт Отпуск в сеть": null

08-11-2024T08:14:17 - [TEST_STEP][PASSED] - fileInt = replaceAll("\s+", "").toInteger(): null

08-11-2024T08:14:17 - [TEST_STEP][PASSED] - Script1718980020443.WriteToExcelNoData(a, typeOfData, todaysDate, fileInt, fileDouble, dZO): null

08-11-2024T08:14:17 - [TEST_STEP][PASSED] - sheetName = "Sheet1": null

08-11-2024T08:14:17 - [TEST_STEP][PASSED] - data = findTestData("PlanFact"): null

08-11-2024T08:14:17 - [TEST_STEP][PASSED] - n = data.getRowNumbers() + 1: null

08-11-2024T08:14:17 - [TEST_STEP][PASSED] - year = todaysDate.substring(todaysDate.length() - 4, todaysDate.length()): null

08-11-2024T08:14:17 - [TEST_STEP][PASSED] - y = year.toInteger(): null

08-11-2024T08:14:17 - [TEST_STEP][PASSED] - m = getText(findTestObject("Выполнение бизнес-плана/Период")): Text of object 'Object Repository/Выполнение бизнес-плана/Период' is: '1, 2, 3 кв. 2024 года'

08-11-2024T08:14:47 - [MESSAGE][PASSED] - Text of object 'Object Repository/Выполнение бизнес-плана/Период' is: '1, 2, 3 кв. 2024 года'

08-11-2024T08:14:47 - [TEST_STEP][PASSED] - m = m.substring(0, m.indexOf("2024")): null

08-11-2024T08:14:47 - [TEST_STEP][PASSED] - m = m.trim(): null

08-11-2024T08:14:47 - [TEST_STEP][PASSED] - dashboardName = "Выполнение бизнес-плана": null

08-11-2024T08:14:47 - [TEST_STEP][PASSED] - workbook01 = getWorkbook(excelFilePath): null

08-11-2024T08:14:47 - [TEST_STEP][PASSED] - sheet01 = getExcelSheet(workbook01, sheetName): null

08-11-2024T08:14:47 - [TEST_STEP][PASSED] - setValueToCellByIndex(sheet01, n, 0, dashboardName): null

08-11-2024T08:14:47 - [TEST_STEP][PASSED] - setValueToCellByIndex(sheet01, n, 1, dZO): null

08-11-2024T08:14:47 - [TEST_STEP][PASSED] - setValueToCellByIndex(sheet01, n, 2, typeOfData): null

08-11-2024T08:14:47 - [TEST_STEP][PASSED] - if (typeOfData == "Факт в процентах" || typeOfData == "План в процентах"): null

08-11-2024T08:14:47 - [TEST_STEP][PASSED] - else: null

08-11-2024T08:14:47 - [TEST_STEP][PASSED] - setValueToCellByIndex(sheet01, n, 3, fileInt): null

08-11-2024T08:14:47 - [TEST_STEP][PASSED] - setValueToCellByIndex(sheet01, n, 4, "нет данных"): null

08-11-2024T08:14:47 - [TEST_STEP][PASSED] - setValueToCellByIndex(sheet01, n, 5, m): null

08-11-2024T08:14:47 - [TEST_STEP][PASSED] - setValueToCellByIndex(sheet01, n, 6, y): null

08-11-2024T08:14:47 - [TEST_STEP][PASSED] - setValueToCellByIndex(sheet01, n, 7, todaysDate): null

08-11-2024T08:14:47 - [TEST_STEP][PASSED] - n = n + 1: null

08-11-2024T08:14:47 - [TEST_STEP][PASSED] - saveWorkbook(excelFilePath, workbook01): null

08-11-2024T08:14:47 - [TEST_STEP][PASSED] - typeOfData = "Факт Потери": null

08-11-2024T08:14:47 - [TEST_STEP][PASSED] - fileInt = replaceAll("\s+", "").toInteger(): null

08-11-2024T08:14:47 - [TEST_STEP][PASSED] - Script1718980020443.WriteToExcelNoData(a, typeOfData, todaysDate, fileInt, fileDouble, dZO): null

08-11-2024T08:14:47 - [TEST_STEP][PASSED] - sheetName = "Sheet1": null

08-11-2024T08:14:47 - [TEST_STEP][PASSED] - data = findTestData("PlanFact"): null

08-11-2024T08:14:47 - [TEST_STEP][PASSED] - n = data.getRowNumbers() + 1: null

08-11-2024T08:14:47 - [TEST_STEP][PASSED] - year = todaysDate.substring(todaysDate.length() - 4, todaysDate.length()): null

08-11-2024T08:14:47 - [TEST_STEP][PASSED] - y = year.toInteger(): null

08-11-2024T08:14:47 - [TEST_STEP][PASSED] - m = getText(findTestObject("Выполнение бизнес-плана/Период")): Text of object 'Object Repository/Выполнение бизнес-плана/Период' is: '1, 2, 3 кв. 2024 года'

08-11-2024T08:15:18 - [MESSAGE][PASSED] - Text of object 'Object Repository/Выполнение бизнес-плана/Период' is: '1, 2, 3 кв. 2024 года'

08-11-2024T08:15:18 - [TEST_STEP][PASSED] - m = m.substring(0, m.indexOf("2024")): null

08-11-2024T08:15:18 - [TEST_STEP][PASSED] - m = m.trim(): null

08-11-2024T08:15:18 - [TEST_STEP][PASSED] - dashboardName = "Выполнение бизнес-плана": null

08-11-2024T08:15:18 - [TEST_STEP][PASSED] - workbook01 = getWorkbook(excelFilePath): null

08-11-2024T08:15:18 - [TEST_STEP][PASSED] - sheet01 = getExcelSheet(workbook01, sheetName): null

08-11-2024T08:15:18 - [TEST_STEP][PASSED] - setValueToCellByIndex(sheet01, n, 0, dashboardName): null

08-11-2024T08:15:18 - [TEST_STEP][PASSED] - setValueToCellByIndex(sheet01, n, 1, dZO): null

08-11-2024T08:15:18 - [TEST_STEP][PASSED] - setValueToCellByIndex(sheet01, n, 2, typeOfData): null

08-11-2024T08:15:18 - [TEST_STEP][PASSED] - if (typeOfData == "Факт в процентах" || typeOfData == "План в процентах"): null

08-11-2024T08:15:18 - [TEST_STEP][PASSED] - else: null

08-11-2024T08:15:18 - [TEST_STEP][PASSED] - setValueToCellByIndex(sheet01, n, 3, fileInt): null

08-11-2024T08:15:18 - [TEST_STEP][PASSED] - setValueToCellByIndex(sheet01, n, 4, "нет данных"): null

08-11-2024T08:15:18 - [TEST_STEP][PASSED] - setValueToCellByIndex(sheet01, n, 5, m): null

08-11-2024T08:15:18 - [TEST_STEP][PASSED] - setValueToCellByIndex(sheet01, n, 6, y): null

08-11-2024T08:15:18 - [TEST_STEP][PASSED] - setValueToCellByIndex(sheet01, n, 7, todaysDate): null

08-11-2024T08:15:18 - [TEST_STEP][PASSED] - n = n + 1: null

08-11-2024T08:15:18 - [TEST_STEP][PASSED] - saveWorkbook(excelFilePath, workbook01): null

08-11-2024T08:15:18 - [TEST_STEP][PASSED] - typeOfData = "План Отпуск в сеть": null

08-11-2024T08:15:18 - [TEST_STEP][PASSED] - fileInt = replaceAll("\s+", "").toInteger(): null

08-11-2024T08:15:18 - [TEST_STEP][PASSED] - Script1718980020443.WriteToExcelNoData(a, typeOfData, todaysDate, fileInt, fileDouble, dZO): null

08-11-2024T08:15:18 - [TEST_STEP][PASSED] - sheetName = "Sheet1": null

08-11-2024T08:15:18 - [TEST_STEP][PASSED] - data = findTestData("PlanFact"): null

08-11-2024T08:15:18 - [TEST_STEP][PASSED] - n = data.getRowNumbers() + 1: null

08-11-2024T08:15:18 - [TEST_STEP][PASSED] - year = todaysDate.substring(todaysDate.length() - 4, todaysDate.length()): null

08-11-2024T08:15:18 - [TEST_STEP][PASSED] - y = year.toInteger(): null

08-11-2024T08:15:18 - [TEST_STEP][PASSED] - m = getText(findTestObject("Выполнение бизнес-плана/Период")): Text of object 'Object Repository/Выполнение бизнес-плана/Период' is: '1, 2, 3 кв. 2024 года'

08-11-2024T08:15:48 - [MESSAGE][PASSED] - Text of object 'Object Repository/Выполнение бизнес-плана/Период' is: '1, 2, 3 кв. 2024 года'

08-11-2024T08:15:48 - [TEST_STEP][PASSED] - m = m.substring(0, m.indexOf("2024")): null

08-11-2024T08:15:48 - [TEST_STEP][PASSED] - m = m.trim(): null

08-11-2024T08:15:48 - [TEST_STEP][PASSED] - dashboardName = "Выполнение бизнес-плана": null

08-11-2024T08:15:48 - [TEST_STEP][PASSED] - workbook01 = getWorkbook(excelFilePath): null

08-11-2024T08:15:48 - [TEST_STEP][PASSED] - sheet01 = getExcelSheet(workbook01, sheetName): null

08-11-2024T08:15:48 - [TEST_STEP][PASSED] - setValueToCellByIndex(sheet01, n, 0, dashboardName): null

08-11-2024T08:15:48 - [TEST_STEP][PASSED] - setValueToCellByIndex(sheet01, n, 1, dZO): null

08-11-2024T08:15:48 - [TEST_STEP][PASSED] - setValueToCellByIndex(sheet01, n, 2, typeOfData): null

08-11-2024T08:15:48 - [TEST_STEP][PASSED] - if (typeOfData == "Факт в процентах" || typeOfData == "План в процентах"): null

08-11-2024T08:15:48 - [TEST_STEP][PASSED] - else: null

08-11-2024T08:15:48 - [TEST_STEP][PASSED] - setValueToCellByIndex(sheet01, n, 3, fileInt): null

08-11-2024T08:15:48 - [TEST_STEP][PASSED] - setValueToCellByIndex(sheet01, n, 4, "нет данных"): null

08-11-2024T08:15:48 - [TEST_STEP][PASSED] - setValueToCellByIndex(sheet01, n, 5, m): null

08-11-2024T08:15:48 - [TEST_STEP][PASSED] - setValueToCellByIndex(sheet01, n, 6, y): null

08-11-2024T08:15:48 - [TEST_STEP][PASSED] - setValueToCellByIndex(sheet01, n, 7, todaysDate): null

08-11-2024T08:15:48 - [TEST_STEP][PASSED] - n = n + 1: null

08-11-2024T08:15:48 - [TEST_STEP][PASSED] - saveWorkbook(excelFilePath, workbook01): null

08-11-2024T08:15:48 - [TEST_STEP][PASSED] - typeOfData = "План Потери": null

08-11-2024T08:15:48 - [TEST_STEP][PASSED] - fileInt = replaceAll("\s+", "").toInteger(): null

08-11-2024T08:15:48 - [TEST_STEP][PASSED] - Script1718980020443.WriteToExcelNoData(a, typeOfData, todaysDate, fileInt, fileDouble, dZO): null

08-11-2024T08:15:48 - [TEST_STEP][PASSED] - sheetName = "Sheet1": null

08-11-2024T08:15:48 - [TEST_STEP][PASSED] - data = findTestData("PlanFact"): null

08-11-2024T08:15:48 - [TEST_STEP][PASSED] - n = data.getRowNumbers() + 1: null

08-11-2024T08:15:48 - [TEST_STEP][PASSED] - year = todaysDate.substring(todaysDate.length() - 4, todaysDate.length()): null

08-11-2024T08:15:48 - [TEST_STEP][PASSED] - y = year.toInteger(): null

08-11-2024T08:15:48 - [TEST_STEP][PASSED] - m = getText(findTestObject("Выполнение бизнес-плана/Период")): Text of object 'Object Repository/Выполнение бизнес-плана/Период' is: '1, 2, 3 кв. 2024 года'

08-11-2024T08:16:18 - [MESSAGE][PASSED] - Text of object 'Object Repository/Выполнение бизнес-плана/Период' is: '1, 2, 3 кв. 2024 года'

08-11-2024T08:16:18 - [TEST_STEP][PASSED] - m = m.substring(0, m.indexOf("2024")): null

08-11-2024T08:16:18 - [TEST_STEP][PASSED] - m = m.trim(): null

08-11-2024T08:16:18 - [TEST_STEP][PASSED] - dashboardName = "Выполнение бизнес-плана": null

08-11-2024T08:16:18 - [TEST_STEP][PASSED] - workbook01 = getWorkbook(excelFilePath): null

08-11-2024T08:16:18 - [TEST_STEP][PASSED] - sheet01 = getExcelSheet(workbook01, sheetName): null

08-11-2024T08:16:18 - [TEST_STEP][PASSED] - setValueToCellByIndex(sheet01, n, 0, dashboardName): null

08-11-2024T08:16:18 - [TEST_STEP][PASSED] - setValueToCellByIndex(sheet01, n, 1, dZO): null

08-11-2024T08:16:18 - [TEST_STEP][PASSED] - setValueToCellByIndex(sheet01, n, 2, typeOfData): null

08-11-2024T08:16:18 - [TEST_STEP][PASSED] - if (typeOfData == "Факт в процентах" || typeOfData == "План в процентах"): null

08-11-2024T08:16:18 - [TEST_STEP][PASSED] - else: null

08-11-2024T08:16:18 - [TEST_STEP][PASSED] - setValueToCellByIndex(sheet01, n, 3, fileInt): null

08-11-2024T08:16:18 - [TEST_STEP][PASSED] - setValueToCellByIndex(sheet01, n, 4, "нет данных"): null

08-11-2024T08:16:18 - [TEST_STEP][PASSED] - setValueToCellByIndex(sheet01, n, 5, m): null

08-11-2024T08:16:18 - [TEST_STEP][PASSED] - setValueToCellByIndex(sheet01, n, 6, y): null

08-11-2024T08:16:18 - [TEST_STEP][PASSED] - setValueToCellByIndex(sheet01, n, 7, todaysDate): null

08-11-2024T08:16:18 - [TEST_STEP][PASSED] - n = n + 1: null

08-11-2024T08:16:18 - [TEST_STEP][PASSED] - saveWorkbook(excelFilePath, workbook01): null

08-11-2024T08:16:19 - [TEST_STEP][PASSED] - typeOfData = "План в процентах": null

08-11-2024T08:16:19 - [TEST_STEP][PASSED] - fileDouble = ").toDouble(): null

08-11-2024T08:16:19 - [TEST_STEP][PASSED] - Script1718980020443.WriteToExcelNoData(a, typeOfData, todaysDate, fileInt, fileDouble, dZO): null

08-11-2024T08:16:19 - [TEST_STEP][PASSED] - sheetName = "Sheet1": null

08-11-2024T08:16:19 - [TEST_STEP][PASSED] - data = findTestData("PlanFact"): null

08-11-2024T08:16:19 - [TEST_STEP][PASSED] - n = data.getRowNumbers() + 1: null

08-11-2024T08:16:19 - [TEST_STEP][PASSED] - year = todaysDate.substring(todaysDate.length() - 4, todaysDate.length()): null

08-11-2024T08:16:19 - [TEST_STEP][PASSED] - y = year.toInteger(): null

08-11-2024T08:16:19 - [TEST_STEP][PASSED] - m = getText(findTestObject("Выполнение бизнес-плана/Период")): Text of object 'Object Repository/Выполнение бизнес-плана/Период' is: '1, 2, 3 кв. 2024 года'

08-11-2024T08:16:49 - [MESSAGE][PASSED] - Text of object 'Object Repository/Выполнение бизнес-плана/Период' is: '1, 2, 3 кв. 2024 года'

08-11-2024T08:16:49 - [TEST_STEP][PASSED] - m = m.substring(0, m.indexOf("2024")): null

08-11-2024T08:16:49 - [TEST_STEP][PASSED] - m = m.trim(): null

08-11-2024T08:16:49 - [TEST_STEP][PASSED] - dashboardName = "Выполнение бизнес-плана": null

08-11-2024T08:16:49 - [TEST_STEP][PASSED] - workbook01 = getWorkbook(excelFilePath): null

08-11-2024T08:16:49 - [TEST_STEP][PASSED] - sheet01 = getExcelSheet(workbook01, sheetName): null

08-11-2024T08:16:49 - [TEST_STEP][PASSED] - setValueToCellByIndex(sheet01, n, 0, dashboardName): null

08-11-2024T08:16:49 - [TEST_STEP][PASSED] - setValueToCellByIndex(sheet01, n, 1, dZO): null

08-11-2024T08:16:49 - [TEST_STEP][PASSED] - setValueToCellByIndex(sheet01, n, 2, typeOfData): null

08-11-2024T08:16:49 - [TEST_STEP][PASSED] - if (typeOfData == "Факт в процентах" || typeOfData == "План в процентах"): null

08-11-2024T08:16:49 - [TEST_STEP][PASSED] - setValueToCellByIndex(sheet01, n, 3, fileDouble): null

08-11-2024T08:16:49 - [TEST_STEP][PASSED] - setValueToCellByIndex(sheet01, n, 4, "нет данных"): null

08-11-2024T08:16:49 - [TEST_STEP][PASSED] - setValueToCellByIndex(sheet01, n, 5, m): null

08-11-2024T08:16:49 - [TEST_STEP][PASSED] - setValueToCellByIndex(sheet01, n, 6, y): null

08-11-2024T08:16:49 - [TEST_STEP][PASSED] - setValueToCellByIndex(sheet01, n, 7, todaysDate): null

08-11-2024T08:16:49 - [TEST_STEP][PASSED] - n = n + 1: null

08-11-2024T08:16:49 - [TEST_STEP][PASSED] - saveWorkbook(excelFilePath, workbook01): null

08-11-2024T08:16:49 - [TEST_STEP][PASSED] - typeOfData = "Факт в процентах": null

08-11-2024T08:16:49 - [TEST_STEP][PASSED] - fileDouble = ").toDouble(): null

08-11-2024T08:16:49 - [TEST_STEP][PASSED] - Script1718980020443.WriteToExcelNoData(a, typeOfData, todaysDate, fileInt, fileDouble, dZO): null

08-11-2024T08:16:49 - [TEST_STEP][PASSED] - sheetName = "Sheet1": null

08-11-2024T08:16:49 - [TEST_STEP][PASSED] - data = findTestData("PlanFact"): null

08-11-2024T08:16:49 - [TEST_STEP][PASSED] - n = data.getRowNumbers() + 1: null

08-11-2024T08:16:49 - [TEST_STEP][PASSED] - year = todaysDate.substring(todaysDate.length() - 4, todaysDate.length()): null

08-11-2024T08:16:49 - [TEST_STEP][PASSED] - y = year.toInteger(): null

08-11-2024T08:16:49 - [TEST_STEP][PASSED] - m = getText(findTestObject("Выполнение бизнес-плана/Период")): Text of object 'Object Repository/Выполнение бизнес-плана/Период' is: '1, 2, 3 кв. 2024 года'

08-11-2024T08:17:19 - [MESSAGE][PASSED] - Text of object 'Object Repository/Выполнение бизнес-плана/Период' is: '1, 2, 3 кв. 2024 года'

08-11-2024T08:17:19 - [TEST_STEP][PASSED] - m = m.substring(0, m.indexOf("2024")): null

08-11-2024T08:17:19 - [TEST_STEP][PASSED] - m = m.trim(): null

08-11-2024T08:17:19 - [TEST_STEP][PASSED] - dashboardName = "Выполнение бизнес-плана": null

08-11-2024T08:17:19 - [TEST_STEP][PASSED] - workbook01 = getWorkbook(excelFilePath): null

08-11-2024T08:17:19 - [TEST_STEP][PASSED] - sheet01 = getExcelSheet(workbook01, sheetName): null

08-11-2024T08:17:19 - [TEST_STEP][PASSED] - setValueToCellByIndex(sheet01, n, 0, dashboardName): null

08-11-2024T08:17:19 - [TEST_STEP][PASSED] - setValueToCellByIndex(sheet01, n, 1, dZO): null

08-11-2024T08:17:19 - [TEST_STEP][PASSED] - setValueToCellByIndex(sheet01, n, 2, typeOfData): null

08-11-2024T08:17:19 - [TEST_STEP][PASSED] - if (typeOfData == "Факт в процентах" || typeOfData == "План в процентах"): null

08-11-2024T08:17:19 - [TEST_STEP][PASSED] - setValueToCellByIndex(sheet01, n, 3, fileDouble): null

08-11-2024T08:17:19 - [TEST_STEP][PASSED] - setValueToCellByIndex(sheet01, n, 4, "нет данных"): null

08-11-2024T08:17:19 - [TEST_STEP][PASSED] - setValueToCellByIndex(sheet01, n, 5, m): null

08-11-2024T08:17:19 - [TEST_STEP][PASSED] - setValueToCellByIndex(sheet01, n, 6, y): null

08-11-2024T08:17:19 - [TEST_STEP][PASSED] - setValueToCellByIndex(sheet01, n, 7, todaysDate): null

08-11-2024T08:17:19 - [TEST_STEP][PASSED] - n = n + 1: null

08-11-2024T08:17:19 - [TEST_STEP][PASSED] - saveWorkbook(excelFilePath, workbook01): null

08-11-2024T08:17:20 - [TEST_STEP][PASSED] - println(dzoNum): null

08-11-2024T08:17:20 - [TEST_STEP][PASSED] - dZO = "Россети Кубань": null

08-11-2024T08:17:20 - [TEST_STEP][PASSED] - a = 73: null

08-11-2024T08:17:20 - [TEST_STEP][PASSED] - if (x1.contains(dZO)): null

08-11-2024T08:17:20 - [TEST_STEP][PASSED] - else: null

08-11-2024T08:17:20 - [TEST_STEP][PASSED] - Script1718980020443.NoData(a, typeOfData, todaysDate, fileInt, fileDouble, dZO): null

08-11-2024T08:17:20 - [TEST_STEP][PASSED] - println(a): null

08-11-2024T08:17:20 - [TEST_STEP][PASSED] - println(todaysDate): null

08-11-2024T08:17:20 - [TEST_STEP][PASSED] - println(fileInt): null

08-11-2024T08:17:20 - [TEST_STEP][PASSED] - println(fileDouble): null

08-11-2024T08:17:20 - [TEST_STEP][PASSED] - println(dZO): null

08-11-2024T08:17:20 - [TEST_STEP][PASSED] - typeOfData = "Факт Отпуск в сеть": null

08-11-2024T08:17:20 - [TEST_STEP][PASSED] - fileInt = replaceAll("\s+", "").toInteger(): null

08-11-2024T08:17:20 - [TEST_STEP][PASSED] - Script1718980020443.WriteToExcelNoData(a, typeOfData, todaysDate, fileInt, fileDouble, dZO): null

08-11-2024T08:17:20 - [TEST_STEP][PASSED] - sheetName = "Sheet1": null

08-11-2024T08:17:20 - [TEST_STEP][PASSED] - data = findTestData("PlanFact"): null

08-11-2024T08:17:20 - [TEST_STEP][PASSED] - n = data.getRowNumbers() + 1: null

08-11-2024T08:17:20 - [TEST_STEP][PASSED] - year = todaysDate.substring(todaysDate.length() - 4, todaysDate.length()): null

08-11-2024T08:17:20 - [TEST_STEP][PASSED] - y = year.toInteger(): null

08-11-2024T08:17:20 - [TEST_STEP][PASSED] - m = getText(findTestObject("Выполнение бизнес-плана/Период")): Text of object 'Object Repository/Выполнение бизнес-плана/Период' is: '1, 2, 3 кв. 2024 года'

08-11-2024T08:17:50 - [MESSAGE][PASSED] - Text of object 'Object Repository/Выполнение бизнес-плана/Период' is: '1, 2, 3 кв. 2024 года'

08-11-2024T08:17:50 - [TEST_STEP][PASSED] - m = m.substring(0, m.indexOf("2024")): null

08-11-2024T08:17:50 - [TEST_STEP][PASSED] - m = m.trim(): null

08-11-2024T08:17:50 - [TEST_STEP][PASSED] - dashboardName = "Выполнение бизнес-плана": null

08-11-2024T08:17:50 - [TEST_STEP][PASSED] - workbook01 = getWorkbook(excelFilePath): null

08-11-2024T08:17:50 - [TEST_STEP][PASSED] - sheet01 = getExcelSheet(workbook01, sheetName): null

08-11-2024T08:17:50 - [TEST_STEP][PASSED] - setValueToCellByIndex(sheet01, n, 0, dashboardName): null

08-11-2024T08:17:50 - [TEST_STEP][PASSED] - setValueToCellByIndex(sheet01, n, 1, dZO): null

08-11-2024T08:17:50 - [TEST_STEP][PASSED] - setValueToCellByIndex(sheet01, n, 2, typeOfData): null

08-11-2024T08:17:50 - [TEST_STEP][PASSED] - if (typeOfData == "Факт в процентах" || typeOfData == "План в процентах"): null

08-11-2024T08:17:50 - [TEST_STEP][PASSED] - else: null

08-11-2024T08:17:50 - [TEST_STEP][PASSED] - setValueToCellByIndex(sheet01, n, 3, fileInt): null

08-11-2024T08:17:50 - [TEST_STEP][PASSED] - setValueToCellByIndex(sheet01, n, 4, "нет данных"): null

08-11-2024T08:17:50 - [TEST_STEP][PASSED] - setValueToCellByIndex(sheet01, n, 5, m): null

08-11-2024T08:17:50 - [TEST_STEP][PASSED] - setValueToCellByIndex(sheet01, n, 6, y): null

08-11-2024T08:17:50 - [TEST_STEP][PASSED] - setValueToCellByIndex(sheet01, n, 7, todaysDate): null

08-11-2024T08:17:50 - [TEST_STEP][PASSED] - n = n + 1: null

08-11-2024T08:17:50 - [TEST_STEP][PASSED] - saveWorkbook(excelFilePath, workbook01): null

08-11-2024T08:17:50 - [TEST_STEP][PASSED] - typeOfData = "Факт Потери": null

08-11-2024T08:17:50 - [TEST_STEP][PASSED] - fileInt = replaceAll("\s+", "").toInteger(): null

08-11-2024T08:17:50 - [TEST_STEP][PASSED] - Script1718980020443.WriteToExcelNoData(a, typeOfData, todaysDate, fileInt, fileDouble, dZO): null

08-11-2024T08:17:50 - [TEST_STEP][PASSED] - sheetName = "Sheet1": null

08-11-2024T08:17:50 - [TEST_STEP][PASSED] - data = findTestData("PlanFact"): null

08-11-2024T08:17:50 - [TEST_STEP][PASSED] - n = data.getRowNumbers() + 1: null

08-11-2024T08:17:50 - [TEST_STEP][PASSED] - year = todaysDate.substring(todaysDate.length() - 4, todaysDate.length()): null

08-11-2024T08:17:50 - [TEST_STEP][PASSED] - y = year.toInteger(): null

08-11-2024T08:17:50 - [TEST_STEP][PASSED] - m = getText(findTestObject("Выполнение бизнес-плана/Период")): Text of object 'Object Repository/Выполнение бизнес-плана/Период' is: '1, 2, 3 кв. 2024 года'

08-11-2024T08:18:20 - [MESSAGE][PASSED] - Text of object 'Object Repository/Выполнение бизнес-плана/Период' is: '1, 2, 3 кв. 2024 года'

08-11-2024T08:18:20 - [TEST_STEP][PASSED] - m = m.substring(0, m.indexOf("2024")): null

08-11-2024T08:18:20 - [TEST_STEP][PASSED] - m = m.trim(): null

08-11-2024T08:18:20 - [TEST_STEP][PASSED] - dashboardName = "Выполнение бизнес-плана": null

08-11-2024T08:18:20 - [TEST_STEP][PASSED] - workbook01 = getWorkbook(excelFilePath): null

08-11-2024T08:18:20 - [TEST_STEP][PASSED] - sheet01 = getExcelSheet(workbook01, sheetName): null

08-11-2024T08:18:20 - [TEST_STEP][PASSED] - setValueToCellByIndex(sheet01, n, 0, dashboardName): null

08-11-2024T08:18:20 - [TEST_STEP][PASSED] - setValueToCellByIndex(sheet01, n, 1, dZO): null

08-11-2024T08:18:20 - [TEST_STEP][PASSED] - setValueToCellByIndex(sheet01, n, 2, typeOfData): null

08-11-2024T08:18:20 - [TEST_STEP][PASSED] - if (typeOfData == "Факт в процентах" || typeOfData == "План в процентах"): null

08-11-2024T08:18:20 - [TEST_STEP][PASSED] - else: null

08-11-2024T08:18:20 - [TEST_STEP][PASSED] - setValueToCellByIndex(sheet01, n, 3, fileInt): null

08-11-2024T08:18:20 - [TEST_STEP][PASSED] - setValueToCellByIndex(sheet01, n, 4, "нет данных"): null

08-11-2024T08:18:20 - [TEST_STEP][PASSED] - setValueToCellByIndex(sheet01, n, 5, m): null

08-11-2024T08:18:20 - [TEST_STEP][PASSED] - setValueToCellByIndex(sheet01, n, 6, y): null

08-11-2024T08:18:20 - [TEST_STEP][PASSED] - setValueToCellByIndex(sheet01, n, 7, todaysDate): null

08-11-2024T08:18:20 - [TEST_STEP][PASSED] - n = n + 1: null

08-11-2024T08:18:20 - [TEST_STEP][PASSED] - saveWorkbook(excelFilePath, workbook01): null

08-11-2024T08:18:20 - [TEST_STEP][PASSED] - typeOfData = "План Отпуск в сеть": null

08-11-2024T08:18:20 - [TEST_STEP][PASSED] - fileInt = replaceAll("\s+", "").toInteger(): null

08-11-2024T08:18:21 - [TEST_STEP][PASSED] - Script1718980020443.WriteToExcelNoData(a, typeOfData, todaysDate, fileInt, fileDouble, dZO): null

08-11-2024T08:18:21 - [TEST_STEP][PASSED] - sheetName = "Sheet1": null

08-11-2024T08:18:21 - [TEST_STEP][PASSED] - data = findTestData("PlanFact"): null

08-11-2024T08:18:21 - [TEST_STEP][PASSED] - n = data.getRowNumbers() + 1: null

08-11-2024T08:18:21 - [TEST_STEP][PASSED] - year = todaysDate.substring(todaysDate.length() - 4, todaysDate.length()): null

08-11-2024T08:18:21 - [TEST_STEP][PASSED] - y = year.toInteger(): null

08-11-2024T08:18:21 - [TEST_STEP][PASSED] - m = getText(findTestObject("Выполнение бизнес-плана/Период")): Text of object 'Object Repository/Выполнение бизнес-плана/Период' is: '1, 2, 3 кв. 2024 года'

08-11-2024T08:18:51 - [MESSAGE][PASSED] - Text of object 'Object Repository/Выполнение бизнес-плана/Период' is: '1, 2, 3 кв. 2024 года'

08-11-2024T08:18:51 - [TEST_STEP][PASSED] - m = m.substring(0, m.indexOf("2024")): null

08-11-2024T08:18:51 - [TEST_STEP][PASSED] - m = m.trim(): null

08-11-2024T08:18:51 - [TEST_STEP][PASSED] - dashboardName = "Выполнение бизнес-плана": null

08-11-2024T08:18:51 - [TEST_STEP][PASSED] - workbook01 = getWorkbook(excelFilePath): null

08-11-2024T08:18:51 - [TEST_STEP][PASSED] - sheet01 = getExcelSheet(workbook01, sheetName): null

08-11-2024T08:18:51 - [TEST_STEP][PASSED] - setValueToCellByIndex(sheet01, n, 0, dashboardName): null

08-11-2024T08:18:51 - [TEST_STEP][PASSED] - setValueToCellByIndex(sheet01, n, 1, dZO): null

08-11-2024T08:18:51 - [TEST_STEP][PASSED] - setValueToCellByIndex(sheet01, n, 2, typeOfData): null

08-11-2024T08:18:51 - [TEST_STEP][PASSED] - if (typeOfData == "Факт в процентах" || typeOfData == "План в процентах"): null

08-11-2024T08:18:51 - [TEST_STEP][PASSED] - else: null

08-11-2024T08:18:51 - [TEST_STEP][PASSED] - setValueToCellByIndex(sheet01, n, 3, fileInt): null

08-11-2024T08:18:51 - [TEST_STEP][PASSED] - setValueToCellByIndex(sheet01, n, 4, "нет данных"): null

08-11-2024T08:18:51 - [TEST_STEP][PASSED] - setValueToCellByIndex(sheet01, n, 5, m): null

08-11-2024T08:18:51 - [TEST_STEP][PASSED] - setValueToCellByIndex(sheet01, n, 6, y): null

08-11-2024T08:18:51 - [TEST_STEP][PASSED] - setValueToCellByIndex(sheet01, n, 7, todaysDate): null

08-11-2024T08:18:51 - [TEST_STEP][PASSED] - n = n + 1: null

08-11-2024T08:18:51 - [TEST_STEP][PASSED] - saveWorkbook(excelFilePath, workbook01): null

08-11-2024T08:18:51 - [TEST_STEP][PASSED] - typeOfData = "План Потери": null

08-11-2024T08:18:51 - [TEST_STEP][PASSED] - fileInt = replaceAll("\s+", "").toInteger(): null

08-11-2024T08:18:51 - [TEST_STEP][PASSED] - Script1718980020443.WriteToExcelNoData(a, typeOfData, todaysDate, fileInt, fileDouble, dZO): null

08-11-2024T08:18:51 - [TEST_STEP][PASSED] - sheetName = "Sheet1": null

08-11-2024T08:18:51 - [TEST_STEP][PASSED] - data = findTestData("PlanFact"): null

08-11-2024T08:18:51 - [TEST_STEP][PASSED] - n = data.getRowNumbers() + 1: null

08-11-2024T08:18:51 - [TEST_STEP][PASSED] - year = todaysDate.substring(todaysDate.length() - 4, todaysDate.length()): null

08-11-2024T08:18:51 - [TEST_STEP][PASSED] - y = year.toInteger(): null

08-11-2024T08:18:51 - [TEST_STEP][PASSED] - m = getText(findTestObject("Выполнение бизнес-плана/Период")): Text of object 'Object Repository/Выполнение бизнес-плана/Период' is: '1, 2, 3 кв. 2024 года'

08-11-2024T08:19:21 - [MESSAGE][PASSED] - Text of object 'Object Repository/Выполнение бизнес-плана/Период' is: '1, 2, 3 кв. 2024 года'

08-11-2024T08:19:21 - [TEST_STEP][PASSED] - m = m.substring(0, m.indexOf("2024")): null

08-11-2024T08:19:21 - [TEST_STEP][PASSED] - m = m.trim(): null

08-11-2024T08:19:21 - [TEST_STEP][PASSED] - dashboardName = "Выполнение бизнес-плана": null

08-11-2024T08:19:21 - [TEST_STEP][PASSED] - workbook01 = getWorkbook(excelFilePath): null

08-11-2024T08:19:21 - [TEST_STEP][PASSED] - sheet01 = getExcelSheet(workbook01, sheetName): null

08-11-2024T08:19:21 - [TEST_STEP][PASSED] - setValueToCellByIndex(sheet01, n, 0, dashboardName): null

08-11-2024T08:19:21 - [TEST_STEP][PASSED] - setValueToCellByIndex(sheet01, n, 1, dZO): null

08-11-2024T08:19:21 - [TEST_STEP][PASSED] - setValueToCellByIndex(sheet01, n, 2, typeOfData): null

08-11-2024T08:19:21 - [TEST_STEP][PASSED] - if (typeOfData == "Факт в процентах" || typeOfData == "План в процентах"): null

08-11-2024T08:19:21 - [TEST_STEP][PASSED] - else: null

08-11-2024T08:19:21 - [TEST_STEP][PASSED] - setValueToCellByIndex(sheet01, n, 3, fileInt): null

08-11-2024T08:19:21 - [TEST_STEP][PASSED] - setValueToCellByIndex(sheet01, n, 4, "нет данных"): null

08-11-2024T08:19:21 - [TEST_STEP][PASSED] - setValueToCellByIndex(sheet01, n, 5, m): null

08-11-2024T08:19:21 - [TEST_STEP][PASSED] - setValueToCellByIndex(sheet01, n, 6, y): null

08-11-2024T08:19:21 - [TEST_STEP][PASSED] - setValueToCellByIndex(sheet01, n, 7, todaysDate): null

08-11-2024T08:19:21 - [TEST_STEP][PASSED] - n = n + 1: null

08-11-2024T08:19:21 - [TEST_STEP][PASSED] - saveWorkbook(excelFilePath, workbook01): null

08-11-2024T08:19:21 - [TEST_STEP][PASSED] - typeOfData = "План в процентах": null

08-11-2024T08:19:21 - [TEST_STEP][PASSED] - fileDouble = ").toDouble(): null

08-11-2024T08:19:21 - [TEST_STEP][PASSED] - Script1718980020443.WriteToExcelNoData(a, typeOfData, todaysDate, fileInt, fileDouble, dZO): null

08-11-2024T08:19:21 - [TEST_STEP][PASSED] - sheetName = "Sheet1": null

08-11-2024T08:19:21 - [TEST_STEP][PASSED] - data = findTestData("PlanFact"): null

08-11-2024T08:19:21 - [TEST_STEP][PASSED] - n = data.getRowNumbers() + 1: null

08-11-2024T08:19:21 - [TEST_STEP][PASSED] - year = todaysDate.substring(todaysDate.length() - 4, todaysDate.length()): null

08-11-2024T08:19:22 - [TEST_STEP][PASSED] - y = year.toInteger(): null

08-11-2024T08:19:22 - [TEST_STEP][PASSED] - m = getText(findTestObject("Выполнение бизнес-плана/Период")): Text of object 'Object Repository/Выполнение бизнес-плана/Период' is: '1, 2, 3 кв. 2024 года'

08-11-2024T08:19:52 - [MESSAGE][PASSED] - Text of object 'Object Repository/Выполнение бизнес-плана/Период' is: '1, 2, 3 кв. 2024 года'

08-11-2024T08:19:52 - [TEST_STEP][PASSED] - m = m.substring(0, m.indexOf("2024")): null

08-11-2024T08:19:52 - [TEST_STEP][PASSED] - m = m.trim(): null

08-11-2024T08:19:52 - [TEST_STEP][PASSED] - dashboardName = "Выполнение бизнес-плана": null

08-11-2024T08:19:52 - [TEST_STEP][PASSED] - workbook01 = getWorkbook(excelFilePath): null

08-11-2024T08:19:52 - [TEST_STEP][PASSED] - sheet01 = getExcelSheet(workbook01, sheetName): null

08-11-2024T08:19:52 - [TEST_STEP][PASSED] - setValueToCellByIndex(sheet01, n, 0, dashboardName): null

08-11-2024T08:19:52 - [TEST_STEP][PASSED] - setValueToCellByIndex(sheet01, n, 1, dZO): null

08-11-2024T08:19:52 - [TEST_STEP][PASSED] - setValueToCellByIndex(sheet01, n, 2, typeOfData): null

08-11-2024T08:19:52 - [TEST_STEP][PASSED] - if (typeOfData == "Факт в процентах" || typeOfData == "План в процентах"): null

08-11-2024T08:19:52 - [TEST_STEP][PASSED] - setValueToCellByIndex(sheet01, n, 3, fileDouble): null

08-11-2024T08:19:52 - [TEST_STEP][PASSED] - setValueToCellByIndex(sheet01, n, 4, "нет данных"): null

08-11-2024T08:19:52 - [TEST_STEP][PASSED] - setValueToCellByIndex(sheet01, n, 5, m): null

08-11-2024T08:19:52 - [TEST_STEP][PASSED] - setValueToCellByIndex(sheet01, n, 6, y): null

08-11-2024T08:19:52 - [TEST_STEP][PASSED] - setValueToCellByIndex(sheet01, n, 7, todaysDate): null

08-11-2024T08:19:52 - [TEST_STEP][PASSED] - n = n + 1: null

08-11-2024T08:19:52 - [TEST_STEP][PASSED] - saveWorkbook(excelFilePath, workbook01): null

08-11-2024T08:19:52 - [TEST_STEP][PASSED] - typeOfData = "Факт в процентах": null

08-11-2024T08:19:52 - [TEST_STEP][PASSED] - fileDouble = ").toDouble(): null

08-11-2024T08:19:52 - [TEST_STEP][PASSED] - Script1718980020443.WriteToExcelNoData(a, typeOfData, todaysDate, fileInt, fileDouble, dZO): null

08-11-2024T08:19:52 - [TEST_STEP][PASSED] - sheetName = "Sheet1": null

08-11-2024T08:19:52 - [TEST_STEP][PASSED] - data = findTestData("PlanFact"): null

08-11-2024T08:19:52 - [TEST_STEP][PASSED] - n = data.getRowNumbers() + 1: null

08-11-2024T08:19:52 - [TEST_STEP][PASSED] - year = todaysDate.substring(todaysDate.length() - 4, todaysDate.length()): null

08-11-2024T08:19:52 - [TEST_STEP][PASSED] - y = year.toInteger(): null

08-11-2024T08:19:52 - [TEST_STEP][PASSED] - m = getText(findTestObject("Выполнение бизнес-плана/Период")): Text of object 'Object Repository/Выполнение бизнес-плана/Период' is: '1, 2, 3 кв. 2024 года'

08-11-2024T08:20:22 - [MESSAGE][PASSED] - Text of object 'Object Repository/Выполнение бизнес-плана/Период' is: '1, 2, 3 кв. 2024 года'

08-11-2024T08:20:22 - [TEST_STEP][PASSED] - m = m.substring(0, m.indexOf("2024")): null

08-11-2024T08:20:22 - [TEST_STEP][PASSED] - m = m.trim(): null

08-11-2024T08:20:22 - [TEST_STEP][PASSED] - dashboardName = "Выполнение бизнес-плана": null

08-11-2024T08:20:22 - [TEST_STEP][PASSED] - workbook01 = getWorkbook(excelFilePath): null

08-11-2024T08:20:22 - [TEST_STEP][PASSED] - sheet01 = getExcelSheet(workbook01, sheetName): null

08-11-2024T08:20:22 - [TEST_STEP][PASSED] - setValueToCellByIndex(sheet01, n, 0, dashboardName): null

08-11-2024T08:20:22 - [TEST_STEP][PASSED] - setValueToCellByIndex(sheet01, n, 1, dZO): null

08-11-2024T08:20:22 - [TEST_STEP][PASSED] - setValueToCellByIndex(sheet01, n, 2, typeOfData): null

08-11-2024T08:20:22 - [TEST_STEP][PASSED] - if (typeOfData == "Факт в процентах" || typeOfData == "План в процентах"): null

08-11-2024T08:20:22 - [TEST_STEP][PASSED] - setValueToCellByIndex(sheet01, n, 3, fileDouble): null

08-11-2024T08:20:22 - [TEST_STEP][PASSED] - setValueToCellByIndex(sheet01, n, 4, "нет данных"): null

08-11-2024T08:20:22 - [TEST_STEP][PASSED] - setValueToCellByIndex(sheet01, n, 5, m): null

08-11-2024T08:20:22 - [TEST_STEP][PASSED] - setValueToCellByIndex(sheet01, n, 6, y): null

08-11-2024T08:20:22 - [TEST_STEP][PASSED] - setValueToCellByIndex(sheet01, n, 7, todaysDate): null

08-11-2024T08:20:22 - [TEST_STEP][PASSED] - n = n + 1: null

08-11-2024T08:20:22 - [TEST_STEP][PASSED] - saveWorkbook(excelFilePath, workbook01): null

08-11-2024T08:20:22 - [TEST_STEP][PASSED] - println(dzoNum): null

08-11-2024T08:20:22 - [TEST_STEP][PASSED] - dZO = "Россети Ленэнерго": null

08-11-2024T08:20:22 - [TEST_STEP][PASSED] - a = 77: null

08-11-2024T08:20:22 - [TEST_STEP][PASSED] - if (x1.contains(dZO)): null

08-11-2024T08:20:22 - [TEST_STEP][PASSED] - else: null

08-11-2024T08:20:22 - [TEST_STEP][PASSED] - Script1718980020443.NoData(a, typeOfData, todaysDate, fileInt, fileDouble, dZO): null

08-11-2024T08:20:22 - [TEST_STEP][PASSED] - println(a): null

08-11-2024T08:20:22 - [TEST_STEP][PASSED] - println(todaysDate): null

08-11-2024T08:20:22 - [TEST_STEP][PASSED] - println(fileInt): null

08-11-2024T08:20:22 - [TEST_STEP][PASSED] - println(fileDouble): null

08-11-2024T08:20:22 - [TEST_STEP][PASSED] - println(dZO): null

08-11-2024T08:20:22 - [TEST_STEP][PASSED] - typeOfData = "Факт Отпуск в сеть": null

08-11-2024T08:20:22 - [TEST_STEP][PASSED] - fileInt = replaceAll("\s+", "").toInteger(): null

08-11-2024T08:20:22 - [TEST_STEP][PASSED] - Script1718980020443.WriteToExcelNoData(a, typeOfData, todaysDate, fileInt, fileDouble, dZO): null

08-11-2024T08:20:22 - [TEST_STEP][PASSED] - sheetName = "Sheet1": null

08-11-2024T08:20:22 - [TEST_STEP][PASSED] - data = findTestData("PlanFact"): null

08-11-2024T08:20:23 - [TEST_STEP][PASSED] - n = data.getRowNumbers() + 1: null

08-11-2024T08:20:23 - [TEST_STEP][PASSED] - year = todaysDate.substring(todaysDate.length() - 4, todaysDate.length()): null

08-11-2024T08:20:23 - [TEST_STEP][PASSED] - y = year.toInteger(): null

08-11-2024T08:20:23 - [TEST_STEP][PASSED] - m = getText(findTestObject("Выполнение бизнес-плана/Период")): Text of object 'Object Repository/Выполнение бизнес-плана/Период' is: '1, 2, 3 кв. 2024 года'

08-11-2024T08:20:53 - [MESSAGE][PASSED] - Text of object 'Object Repository/Выполнение бизнес-плана/Период' is: '1, 2, 3 кв. 2024 года'

08-11-2024T08:20:53 - [TEST_STEP][PASSED] - m = m.substring(0, m.indexOf("2024")): null

08-11-2024T08:20:53 - [TEST_STEP][PASSED] - m = m.trim(): null

08-11-2024T08:20:53 - [TEST_STEP][PASSED] - dashboardName = "Выполнение бизнес-плана": null

08-11-2024T08:20:53 - [TEST_STEP][PASSED] - workbook01 = getWorkbook(excelFilePath): null

08-11-2024T08:20:53 - [TEST_STEP][PASSED] - sheet01 = getExcelSheet(workbook01, sheetName): null

08-11-2024T08:20:53 - [TEST_STEP][PASSED] - setValueToCellByIndex(sheet01, n, 0, dashboardName): null

08-11-2024T08:20:53 - [TEST_STEP][PASSED] - setValueToCellByIndex(sheet01, n, 1, dZO): null

08-11-2024T08:20:53 - [TEST_STEP][PASSED] - setValueToCellByIndex(sheet01, n, 2, typeOfData): null

08-11-2024T08:20:53 - [TEST_STEP][PASSED] - if (typeOfData == "Факт в процентах" || typeOfData == "План в процентах"): null

08-11-2024T08:20:53 - [TEST_STEP][PASSED] - else: null

08-11-2024T08:20:53 - [TEST_STEP][PASSED] - setValueToCellByIndex(sheet01, n, 3, fileInt): null

08-11-2024T08:20:53 - [TEST_STEP][PASSED] - setValueToCellByIndex(sheet01, n, 4, "нет данных"): null

08-11-2024T08:20:53 - [TEST_STEP][PASSED] - setValueToCellByIndex(sheet01, n, 5, m): null

08-11-2024T08:20:53 - [TEST_STEP][PASSED] - setValueToCellByIndex(sheet01, n, 6, y): null

08-11-2024T08:20:53 - [TEST_STEP][PASSED] - setValueToCellByIndex(sheet01, n, 7, todaysDate): null

08-11-2024T08:20:53 - [TEST_STEP][PASSED] - n = n + 1: null

08-11-2024T08:20:53 - [TEST_STEP][PASSED] - saveWorkbook(excelFilePath, workbook01): null

08-11-2024T08:20:53 - [TEST_STEP][PASSED] - typeOfData = "Факт Потери": null

08-11-2024T08:20:53 - [TEST_STEP][PASSED] - fileInt = replaceAll("\s+", "").toInteger(): null

08-11-2024T08:20:53 - [TEST_STEP][PASSED] - Script1718980020443.WriteToExcelNoData(a, typeOfData, todaysDate, fileInt, fileDouble, dZO): null

08-11-2024T08:20:53 - [TEST_STEP][PASSED] - sheetName = "Sheet1": null

08-11-2024T08:20:53 - [TEST_STEP][PASSED] - data = findTestData("PlanFact"): null

08-11-2024T08:20:53 - [TEST_STEP][PASSED] - n = data.getRowNumbers() + 1: null

08-11-2024T08:20:53 - [TEST_STEP][PASSED] - year = todaysDate.substring(todaysDate.length() - 4, todaysDate.length()): null

08-11-2024T08:20:53 - [TEST_STEP][PASSED] - y = year.toInteger(): null

08-11-2024T08:20:53 - [TEST_STEP][PASSED] - m = getText(findTestObject("Выполнение бизнес-плана/Период")): Text of object 'Object Repository/Выполнение бизнес-плана/Период' is: '1, 2, 3 кв. 2024 года'

08-11-2024T08:21:23 - [MESSAGE][PASSED] - Text of object 'Object Repository/Выполнение бизнес-плана/Период' is: '1, 2, 3 кв. 2024 года'

08-11-2024T08:21:23 - [TEST_STEP][PASSED] - m = m.substring(0, m.indexOf("2024")): null

08-11-2024T08:21:23 - [TEST_STEP][PASSED] - m = m.trim(): null

08-11-2024T08:21:23 - [TEST_STEP][PASSED] - dashboardName = "Выполнение бизнес-плана": null

08-11-2024T08:21:23 - [TEST_STEP][PASSED] - workbook01 = getWorkbook(excelFilePath): null

08-11-2024T08:21:23 - [TEST_STEP][PASSED] - sheet01 = getExcelSheet(workbook01, sheetName): null

08-11-2024T08:21:23 - [TEST_STEP][PASSED] - setValueToCellByIndex(sheet01, n, 0, dashboardName): null

08-11-2024T08:21:23 - [TEST_STEP][PASSED] - setValueToCellByIndex(sheet01, n, 1, dZO): null

08-11-2024T08:21:23 - [TEST_STEP][PASSED] - setValueToCellByIndex(sheet01, n, 2, typeOfData): null

08-11-2024T08:21:23 - [TEST_STEP][PASSED] - if (typeOfData == "Факт в процентах" || typeOfData == "План в процентах"): null

08-11-2024T08:21:23 - [TEST_STEP][PASSED] - else: null

08-11-2024T08:21:23 - [TEST_STEP][PASSED] - setValueToCellByIndex(sheet01, n, 3, fileInt): null

08-11-2024T08:21:23 - [TEST_STEP][PASSED] - setValueToCellByIndex(sheet01, n, 4, "нет данных"): null

08-11-2024T08:21:23 - [TEST_STEP][PASSED] - setValueToCellByIndex(sheet01, n, 5, m): null

08-11-2024T08:21:23 - [TEST_STEP][PASSED] - setValueToCellByIndex(sheet01, n, 6, y): null

08-11-2024T08:21:23 - [TEST_STEP][PASSED] - setValueToCellByIndex(sheet01, n, 7, todaysDate): null

08-11-2024T08:21:23 - [TEST_STEP][PASSED] - n = n + 1: null

08-11-2024T08:21:23 - [TEST_STEP][PASSED] - saveWorkbook(excelFilePath, workbook01): null

08-11-2024T08:21:23 - [TEST_STEP][PASSED] - typeOfData = "План Отпуск в сеть": null

08-11-2024T08:21:23 - [TEST_STEP][PASSED] - fileInt = replaceAll("\s+", "").toInteger(): null

08-11-2024T08:21:23 - [TEST_STEP][PASSED] - Script1718980020443.WriteToExcelNoData(a, typeOfData, todaysDate, fileInt, fileDouble, dZO): null

08-11-2024T08:21:23 - [TEST_STEP][PASSED] - sheetName = "Sheet1": null

08-11-2024T08:21:23 - [TEST_STEP][PASSED] - data = findTestData("PlanFact"): null

08-11-2024T08:21:23 - [TEST_STEP][PASSED] - n = data.getRowNumbers() + 1: null

08-11-2024T08:21:23 - [TEST_STEP][PASSED] - year = todaysDate.substring(todaysDate.length() - 4, todaysDate.length()): null

08-11-2024T08:21:23 - [TEST_STEP][PASSED] - y = year.toInteger(): null

08-11-2024T08:21:23 - [TEST_STEP][PASSED] - m = getText(findTestObject("Выполнение бизнес-плана/Период")): Text of object 'Object Repository/Выполнение бизнес-плана/Период' is: '1, 2, 3 кв. 2024 года'

08-11-2024T08:21:54 - [MESSAGE][PASSED] - Text of object 'Object Repository/Выполнение бизнес-плана/Период' is: '1, 2, 3 кв. 2024 года'

08-11-2024T08:21:54 - [TEST_STEP][PASSED] - m = m.substring(0, m.indexOf("2024")): null

08-11-2024T08:21:54 - [TEST_STEP][PASSED] - m = m.trim(): null

08-11-2024T08:21:54 - [TEST_STEP][PASSED] - dashboardName = "Выполнение бизнес-плана": null

08-11-2024T08:21:54 - [TEST_STEP][PASSED] - workbook01 = getWorkbook(excelFilePath): null

08-11-2024T08:21:54 - [TEST_STEP][PASSED] - sheet01 = getExcelSheet(workbook01, sheetName): null

08-11-2024T08:21:54 - [TEST_STEP][PASSED] - setValueToCellByIndex(sheet01, n, 0, dashboardName): null

08-11-2024T08:21:54 - [TEST_STEP][PASSED] - setValueToCellByIndex(sheet01, n, 1, dZO): null

08-11-2024T08:21:54 - [TEST_STEP][PASSED] - setValueToCellByIndex(sheet01, n, 2, typeOfData): null

08-11-2024T08:21:54 - [TEST_STEP][PASSED] - if (typeOfData == "Факт в процентах" || typeOfData == "План в процентах"): null

08-11-2024T08:21:54 - [TEST_STEP][PASSED] - else: null

08-11-2024T08:21:54 - [TEST_STEP][PASSED] - setValueToCellByIndex(sheet01, n, 3, fileInt): null

08-11-2024T08:21:54 - [TEST_STEP][PASSED] - setValueToCellByIndex(sheet01, n, 4, "нет данных"): null

08-11-2024T08:21:54 - [TEST_STEP][PASSED] - setValueToCellByIndex(sheet01, n, 5, m): null

08-11-2024T08:21:54 - [TEST_STEP][PASSED] - setValueToCellByIndex(sheet01, n, 6, y): null

08-11-2024T08:21:54 - [TEST_STEP][PASSED] - setValueToCellByIndex(sheet01, n, 7, todaysDate): null

08-11-2024T08:21:54 - [TEST_STEP][PASSED] - n = n + 1: null

08-11-2024T08:21:54 - [TEST_STEP][PASSED] - saveWorkbook(excelFilePath, workbook01): null

08-11-2024T08:21:54 - [TEST_STEP][PASSED] - typeOfData = "План Потери": null

08-11-2024T08:21:54 - [TEST_STEP][PASSED] - fileInt = replaceAll("\s+", "").toInteger(): null

08-11-2024T08:21:54 - [TEST_STEP][PASSED] - Script1718980020443.WriteToExcelNoData(a, typeOfData, todaysDate, fileInt, fileDouble, dZO): null

08-11-2024T08:21:54 - [TEST_STEP][PASSED] - sheetName = "Sheet1": null

08-11-2024T08:21:54 - [TEST_STEP][PASSED] - data = findTestData("PlanFact"): null

08-11-2024T08:21:54 - [TEST_STEP][PASSED] - n = data.getRowNumbers() + 1: null

08-11-2024T08:21:54 - [TEST_STEP][PASSED] - year = todaysDate.substring(todaysDate.length() - 4, todaysDate.length()): null

08-11-2024T08:21:54 - [TEST_STEP][PASSED] - y = year.toInteger(): null

08-11-2024T08:21:54 - [TEST_STEP][PASSED] - m = getText(findTestObject("Выполнение бизнес-плана/Период")): Text of object 'Object Repository/Выполнение бизнес-плана/Период' is: '1, 2, 3 кв. 2024 года'

08-11-2024T08:22:24 - [MESSAGE][PASSED] - Text of object 'Object Repository/Выполнение бизнес-плана/Период' is: '1, 2, 3 кв. 2024 года'

08-11-2024T08:22:24 - [TEST_STEP][PASSED] - m = m.substring(0, m.indexOf("2024")): null

08-11-2024T08:22:24 - [TEST_STEP][PASSED] - m = m.trim(): null

08-11-2024T08:22:24 - [TEST_STEP][PASSED] - dashboardName = "Выполнение бизнес-плана": null

08-11-2024T08:22:24 - [TEST_STEP][PASSED] - workbook01 = getWorkbook(excelFilePath): null

08-11-2024T08:22:24 - [TEST_STEP][PASSED] - sheet01 = getExcelSheet(workbook01, sheetName): null

08-11-2024T08:22:24 - [TEST_STEP][PASSED] - setValueToCellByIndex(sheet01, n, 0, dashboardName): null

08-11-2024T08:22:24 - [TEST_STEP][PASSED] - setValueToCellByIndex(sheet01, n, 1, dZO): null

08-11-2024T08:22:24 - [TEST_STEP][PASSED] - setValueToCellByIndex(sheet01, n, 2, typeOfData): null

08-11-2024T08:22:24 - [TEST_STEP][PASSED] - if (typeOfData == "Факт в процентах" || typeOfData == "План в процентах"): null

08-11-2024T08:22:24 - [TEST_STEP][PASSED] - else: null

08-11-2024T08:22:24 - [TEST_STEP][PASSED] - setValueToCellByIndex(sheet01, n, 3, fileInt): null

08-11-2024T08:22:24 - [TEST_STEP][PASSED] - setValueToCellByIndex(sheet01, n, 4, "нет данных"): null

08-11-2024T08:22:24 - [TEST_STEP][PASSED] - setValueToCellByIndex(sheet01, n, 5, m): null

08-11-2024T08:22:24 - [TEST_STEP][PASSED] - setValueToCellByIndex(sheet01, n, 6, y): null

08-11-2024T08:22:24 - [TEST_STEP][PASSED] - setValueToCellByIndex(sheet01, n, 7, todaysDate): null

08-11-2024T08:22:24 - [TEST_STEP][PASSED] - n = n + 1: null

08-11-2024T08:22:24 - [TEST_STEP][PASSED] - saveWorkbook(excelFilePath, workbook01): null

08-11-2024T08:22:24 - [TEST_STEP][PASSED] - typeOfData = "План в процентах": null

08-11-2024T08:22:24 - [TEST_STEP][PASSED] - fileDouble = ").toDouble(): null

08-11-2024T08:22:24 - [TEST_STEP][PASSED] - Script1718980020443.WriteToExcelNoData(a, typeOfData, todaysDate, fileInt, fileDouble, dZO): null

08-11-2024T08:22:24 - [TEST_STEP][PASSED] - sheetName = "Sheet1": null

08-11-2024T08:22:24 - [TEST_STEP][PASSED] - data = findTestData("PlanFact"): null

08-11-2024T08:22:24 - [TEST_STEP][PASSED] - n = data.getRowNumbers() + 1: null

08-11-2024T08:22:24 - [TEST_STEP][PASSED] - year = todaysDate.substring(todaysDate.length() - 4, todaysDate.length()): null

08-11-2024T08:22:24 - [TEST_STEP][PASSED] - y = year.toInteger(): null

08-11-2024T08:22:24 - [TEST_STEP][PASSED] - m = getText(findTestObject("Выполнение бизнес-плана/Период")): Text of object 'Object Repository/Выполнение бизнес-плана/Период' is: '1, 2, 3 кв. 2024 года'

08-11-2024T08:22:54 - [MESSAGE][PASSED] - Text of object 'Object Repository/Выполнение бизнес-плана/Период' is: '1, 2, 3 кв. 2024 года'

08-11-2024T08:22:54 - [TEST_STEP][PASSED] - m = m.substring(0, m.indexOf("2024")): null

08-11-2024T08:22:54 - [TEST_STEP][PASSED] - m = m.trim(): null

08-11-2024T08:22:54 - [TEST_STEP][PASSED] - dashboardName = "Выполнение бизнес-плана": null

08-11-2024T08:22:54 - [TEST_STEP][PASSED] - workbook01 = getWorkbook(excelFilePath): null

08-11-2024T08:22:54 - [TEST_STEP][PASSED] - sheet01 = getExcelSheet(workbook01, sheetName): null

08-11-2024T08:22:54 - [TEST_STEP][PASSED] - setValueToCellByIndex(sheet01, n, 0, dashboardName): null

08-11-2024T08:22:54 - [TEST_STEP][PASSED] - setValueToCellByIndex(sheet01, n, 1, dZO): null

08-11-2024T08:22:54 - [TEST_STEP][PASSED] - setValueToCellByIndex(sheet01, n, 2, typeOfData): null

08-11-2024T08:22:54 - [TEST_STEP][PASSED] - if (typeOfData == "Факт в процентах" || typeOfData == "План в процентах"): null

08-11-2024T08:22:54 - [TEST_STEP][PASSED] - setValueToCellByIndex(sheet01, n, 3, fileDouble): null

08-11-2024T08:22:54 - [TEST_STEP][PASSED] - setValueToCellByIndex(sheet01, n, 4, "нет данных"): null

08-11-2024T08:22:54 - [TEST_STEP][PASSED] - setValueToCellByIndex(sheet01, n, 5, m): null

08-11-2024T08:22:54 - [TEST_STEP][PASSED] - setValueToCellByIndex(sheet01, n, 6, y): null

08-11-2024T08:22:54 - [TEST_STEP][PASSED] - setValueToCellByIndex(sheet01, n, 7, todaysDate): null

08-11-2024T08:22:54 - [TEST_STEP][PASSED] - n = n + 1: null

08-11-2024T08:22:54 - [TEST_STEP][PASSED] - saveWorkbook(excelFilePath, workbook01): null

08-11-2024T08:22:55 - [TEST_STEP][PASSED] - typeOfData = "Факт в процентах": null

08-11-2024T08:22:55 - [TEST_STEP][PASSED] - fileDouble = ").toDouble(): null

08-11-2024T08:22:55 - [TEST_STEP][PASSED] - Script1718980020443.WriteToExcelNoData(a, typeOfData, todaysDate, fileInt, fileDouble, dZO): null

08-11-2024T08:22:55 - [TEST_STEP][PASSED] - sheetName = "Sheet1": null

08-11-2024T08:22:55 - [TEST_STEP][PASSED] - data = findTestData("PlanFact"): null

08-11-2024T08:22:55 - [TEST_STEP][PASSED] - n = data.getRowNumbers() + 1: null

08-11-2024T08:22:55 - [TEST_STEP][PASSED] - year = todaysDate.substring(todaysDate.length() - 4, todaysDate.length()): null

08-11-2024T08:22:55 - [TEST_STEP][PASSED] - y = year.toInteger(): null

08-11-2024T08:22:55 - [TEST_STEP][PASSED] - m = getText(findTestObject("Выполнение бизнес-плана/Период")): Text of object 'Object Repository/Выполнение бизнес-плана/Период' is: '1, 2, 3 кв. 2024 года'

08-11-2024T08:23:25 - [MESSAGE][PASSED] - Text of object 'Object Repository/Выполнение бизнес-плана/Период' is: '1, 2, 3 кв. 2024 года'

08-11-2024T08:23:25 - [TEST_STEP][PASSED] - m = m.substring(0, m.indexOf("2024")): null

08-11-2024T08:23:25 - [TEST_STEP][PASSED] - m = m.trim(): null

08-11-2024T08:23:25 - [TEST_STEP][PASSED] - dashboardName = "Выполнение бизнес-плана": null

08-11-2024T08:23:25 - [TEST_STEP][PASSED] - workbook01 = getWorkbook(excelFilePath): null

08-11-2024T08:23:25 - [TEST_STEP][PASSED] - sheet01 = getExcelSheet(workbook01, sheetName): null

08-11-2024T08:23:25 - [TEST_STEP][PASSED] - setValueToCellByIndex(sheet01, n, 0, dashboardName): null

08-11-2024T08:23:25 - [TEST_STEP][PASSED] - setValueToCellByIndex(sheet01, n, 1, dZO): null

08-11-2024T08:23:25 - [TEST_STEP][PASSED] - setValueToCellByIndex(sheet01, n, 2, typeOfData): null

08-11-2024T08:23:25 - [TEST_STEP][PASSED] - if (typeOfData == "Факт в процентах" || typeOfData == "План в процентах"): null

08-11-2024T08:23:25 - [TEST_STEP][PASSED] - setValueToCellByIndex(sheet01, n, 3, fileDouble): null

08-11-2024T08:23:25 - [TEST_STEP][PASSED] - setValueToCellByIndex(sheet01, n, 4, "нет данных"): null

08-11-2024T08:23:25 - [TEST_STEP][PASSED] - setValueToCellByIndex(sheet01, n, 5, m): null

08-11-2024T08:23:25 - [TEST_STEP][PASSED] - setValueToCellByIndex(sheet01, n, 6, y): null

08-11-2024T08:23:25 - [TEST_STEP][PASSED] - setValueToCellByIndex(sheet01, n, 7, todaysDate): null

08-11-2024T08:23:25 - [TEST_STEP][PASSED] - n = n + 1: null

08-11-2024T08:23:25 - [TEST_STEP][PASSED] - saveWorkbook(excelFilePath, workbook01): null

08-11-2024T08:23:25 - [TEST_STEP][PASSED] - println(dzoNum): null

08-11-2024T08:23:25 - [TEST_STEP][PASSED] - dZO = "Россети Московский регион": null

08-11-2024T08:23:25 - [TEST_STEP][PASSED] - a = 74: null

08-11-2024T08:23:25 - [TEST_STEP][PASSED] - if (x1.contains(dZO)): null

08-11-2024T08:23:25 - [TEST_STEP][PASSED] - else: null

08-11-2024T08:23:25 - [TEST_STEP][PASSED] - Script1718980020443.NoData(a, typeOfData, todaysDate, fileInt, fileDouble, dZO): null

08-11-2024T08:23:25 - [TEST_STEP][PASSED] - println(a): null

08-11-2024T08:23:25 - [TEST_STEP][PASSED] - println(todaysDate): null

08-11-2024T08:23:25 - [TEST_STEP][PASSED] - println(fileInt): null

08-11-2024T08:23:25 - [TEST_STEP][PASSED] - println(fileDouble): null

08-11-2024T08:23:25 - [TEST_STEP][PASSED] - println(dZO): null

08-11-2024T08:23:25 - [TEST_STEP][PASSED] - typeOfData = "Факт Отпуск в сеть": null

08-11-2024T08:23:25 - [TEST_STEP][PASSED] - fileInt = replaceAll("\s+", "").toInteger(): null

08-11-2024T08:23:25 - [TEST_STEP][PASSED] - Script1718980020443.WriteToExcelNoData(a, typeOfData, todaysDate, fileInt, fileDouble, dZO): null

08-11-2024T08:23:25 - [TEST_STEP][PASSED] - sheetName = "Sheet1": null

08-11-2024T08:23:25 - [TEST_STEP][PASSED] - data = findTestData("PlanFact"): null

08-11-2024T08:23:25 - [TEST_STEP][PASSED] - n = data.getRowNumbers() + 1: null

08-11-2024T08:23:25 - [TEST_STEP][PASSED] - year = todaysDate.substring(todaysDate.length() - 4, todaysDate.length()): null

08-11-2024T08:23:25 - [TEST_STEP][PASSED] - y = year.toInteger(): null

08-11-2024T08:23:25 - [TEST_STEP][PASSED] - m = getText(findTestObject("Выполнение бизнес-плана/Период")): Text of object 'Object Repository/Выполнение бизнес-плана/Период' is: '1, 2, 3 кв. 2024 года'

08-11-2024T08:23:55 - [MESSAGE][PASSED] - Text of object 'Object Repository/Выполнение бизнес-плана/Период' is: '1, 2, 3 кв. 2024 года'

08-11-2024T08:23:55 - [TEST_STEP][PASSED] - m = m.substring(0, m.indexOf("2024")): null

08-11-2024T08:23:55 - [TEST_STEP][PASSED] - m = m.trim(): null

08-11-2024T08:23:55 - [TEST_STEP][PASSED] - dashboardName = "Выполнение бизнес-плана": null

08-11-2024T08:23:55 - [TEST_STEP][PASSED] - workbook01 = getWorkbook(excelFilePath): null

08-11-2024T08:23:55 - [TEST_STEP][PASSED] - sheet01 = getExcelSheet(workbook01, sheetName): null

08-11-2024T08:23:55 - [TEST_STEP][PASSED] - setValueToCellByIndex(sheet01, n, 0, dashboardName): null

08-11-2024T08:23:55 - [TEST_STEP][PASSED] - setValueToCellByIndex(sheet01, n, 1, dZO): null

08-11-2024T08:23:55 - [TEST_STEP][PASSED] - setValueToCellByIndex(sheet01, n, 2, typeOfData): null

08-11-2024T08:23:55 - [TEST_STEP][PASSED] - if (typeOfData == "Факт в процентах" || typeOfData == "План в процентах"): null

08-11-2024T08:23:55 - [TEST_STEP][PASSED] - else: null

08-11-2024T08:23:55 - [TEST_STEP][PASSED] - setValueToCellByIndex(sheet01, n, 3, fileInt): null

08-11-2024T08:23:55 - [TEST_STEP][PASSED] - setValueToCellByIndex(sheet01, n, 4, "нет данных"): null

08-11-2024T08:23:56 - [TEST_STEP][PASSED] - setValueToCellByIndex(sheet01, n, 5, m): null

08-11-2024T08:23:56 - [TEST_STEP][PASSED] - setValueToCellByIndex(sheet01, n, 6, y): null

08-11-2024T08:23:56 - [TEST_STEP][PASSED] - setValueToCellByIndex(sheet01, n, 7, todaysDate): null

08-11-2024T08:23:56 - [TEST_STEP][PASSED] - n = n + 1: null

08-11-2024T08:23:56 - [TEST_STEP][PASSED] - saveWorkbook(excelFilePath, workbook01): null

08-11-2024T08:23:56 - [TEST_STEP][PASSED] - typeOfData = "Факт Потери": null

08-11-2024T08:23:56 - [TEST_STEP][PASSED] - fileInt = replaceAll("\s+", "").toInteger(): null

08-11-2024T08:23:56 - [TEST_STEP][PASSED] - Script1718980020443.WriteToExcelNoData(a, typeOfData, todaysDate, fileInt, fileDouble, dZO): null

08-11-2024T08:23:56 - [TEST_STEP][PASSED] - sheetName = "Sheet1": null

08-11-2024T08:23:56 - [TEST_STEP][PASSED] - data = findTestData("PlanFact"): null

08-11-2024T08:23:56 - [TEST_STEP][PASSED] - n = data.getRowNumbers() + 1: null

08-11-2024T08:23:56 - [TEST_STEP][PASSED] - year = todaysDate.substring(todaysDate.length() - 4, todaysDate.length()): null

08-11-2024T08:23:56 - [TEST_STEP][PASSED] - y = year.toInteger(): null

08-11-2024T08:23:56 - [TEST_STEP][PASSED] - m = getText(findTestObject("Выполнение бизнес-плана/Период")): Text of object 'Object Repository/Выполнение бизнес-плана/Период' is: '1, 2, 3 кв. 2024 года'

08-11-2024T08:23:58 - [MESSAGE][PASSED] - Text of object 'Object Repository/Выполнение бизнес-плана/Период' is: '1, 2, 3 кв. 2024 года'

08-11-2024T08:23:58 - [TEST_STEP][PASSED] - m = m.substring(0, m.indexOf("2024")): null

08-11-2024T08:23:58 - [TEST_STEP][PASSED] - m = m.trim(): null

08-11-2024T08:23:58 - [TEST_STEP][PASSED] - dashboardName = "Выполнение бизнес-плана": null

08-11-2024T08:23:58 - [TEST_STEP][PASSED] - workbook01 = getWorkbook(excelFilePath): null

08-11-2024T08:23:58 - [TEST_STEP][PASSED] - sheet01 = getExcelSheet(workbook01, sheetName): null

08-11-2024T08:23:58 - [TEST_STEP][PASSED] - setValueToCellByIndex(sheet01, n, 0, dashboardName): null

08-11-2024T08:23:58 - [TEST_STEP][PASSED] - setValueToCellByIndex(sheet01, n, 1, dZO): null

08-11-2024T08:23:58 - [TEST_STEP][PASSED] - setValueToCellByIndex(sheet01, n, 2, typeOfData): null

08-11-2024T08:23:58 - [TEST_STEP][PASSED] - if (typeOfData == "Факт в процентах" || typeOfData == "План в процентах"): null

08-11-2024T08:23:58 - [TEST_STEP][PASSED] - else: null

08-11-2024T08:23:58 - [TEST_STEP][PASSED] - setValueToCellByIndex(sheet01, n, 3, fileInt): null

08-11-2024T08:23:58 - [TEST_STEP][PASSED] - setValueToCellByIndex(sheet01, n, 4, "нет данных"): null

08-11-2024T08:23:58 - [TEST_STEP][PASSED] - setValueToCellByIndex(sheet01, n, 5, m): null

08-11-2024T08:23:58 - [TEST_STEP][PASSED] - setValueToCellByIndex(sheet01, n, 6, y): null

08-11-2024T08:23:58 - [TEST_STEP][PASSED] - setValueToCellByIndex(sheet01, n, 7, todaysDate): null

08-11-2024T08:23:58 - [TEST_STEP][PASSED] - n = n + 1: null

08-11-2024T08:23:58 - [TEST_STEP][PASSED] - saveWorkbook(excelFilePath, workbook01): null

08-11-2024T08:23:58 - [TEST_STEP][PASSED] - typeOfData = "План Отпуск в сеть": null

08-11-2024T08:23:58 - [TEST_STEP][PASSED] - fileInt = replaceAll("\s+", "").toInteger(): null

08-11-2024T08:23:58 - [TEST_STEP][PASSED] - Script1718980020443.WriteToExcelNoData(a, typeOfData, todaysDate, fileInt, fileDouble, dZO): null

08-11-2024T08:23:58 - [TEST_STEP][PASSED] - sheetName = "Sheet1": null

08-11-2024T08:23:58 - [TEST_STEP][PASSED] - data = findTestData("PlanFact"): null

08-11-2024T08:23:58 - [TEST_STEP][PASSED] - n = data.getRowNumbers() + 1: null

08-11-2024T08:23:58 - [TEST_STEP][PASSED] - year = todaysDate.substring(todaysDate.length() - 4, todaysDate.length()): null

08-11-2024T08:23:58 - [TEST_STEP][PASSED] - y = year.toInteger(): null

08-11-2024T08:23:58 - [TEST_STEP][PASSED] - m = getText(findTestObject("Выполнение бизнес-плана/Период")): Text of object 'Object Repository/Выполнение бизнес-плана/Период' is: '1, 2, 3 кв. 2024 года'

08-11-2024T08:23:58 - [MESSAGE][PASSED] - Text of object 'Object Repository/Выполнение бизнес-плана/Период' is: '1, 2, 3 кв. 2024 года'

08-11-2024T08:23:58 - [TEST_STEP][PASSED] - m = m.substring(0, m.indexOf("2024")): null

08-11-2024T08:23:58 - [TEST_STEP][PASSED] - m = m.trim(): null

08-11-2024T08:23:58 - [TEST_STEP][PASSED] - dashboardName = "Выполнение бизнес-плана": null

08-11-2024T08:23:58 - [TEST_STEP][PASSED] - workbook01 = getWorkbook(excelFilePath): null

08-11-2024T08:23:58 - [TEST_STEP][PASSED] - sheet01 = getExcelSheet(workbook01, sheetName): null

08-11-2024T08:23:58 - [TEST_STEP][PASSED] - setValueToCellByIndex(sheet01, n, 0, dashboardName): null

08-11-2024T08:23:58 - [TEST_STEP][PASSED] - setValueToCellByIndex(sheet01, n, 1, dZO): null

08-11-2024T08:23:58 - [TEST_STEP][PASSED] - setValueToCellByIndex(sheet01, n, 2, typeOfData): null

08-11-2024T08:23:58 - [TEST_STEP][PASSED] - if (typeOfData == "Факт в процентах" || typeOfData == "План в процентах"): null

08-11-2024T08:23:58 - [TEST_STEP][PASSED] - else: null

08-11-2024T08:23:58 - [TEST_STEP][PASSED] - setValueToCellByIndex(sheet01, n, 3, fileInt): null

08-11-2024T08:23:58 - [TEST_STEP][PASSED] - setValueToCellByIndex(sheet01, n, 4, "нет данных"): null

08-11-2024T08:23:58 - [TEST_STEP][PASSED] - setValueToCellByIndex(sheet01, n, 5, m): null

08-11-2024T08:23:58 - [TEST_STEP][PASSED] - setValueToCellByIndex(sheet01, n, 6, y): null

08-11-2024T08:23:58 - [TEST_STEP][PASSED] - setValueToCellByIndex(sheet01, n, 7, todaysDate): null

08-11-2024T08:23:58 - [TEST_STEP][PASSED] - n = n + 1: null

08-11-2024T08:23:58 - [TEST_STEP][PASSED] - saveWorkbook(excelFilePath, workbook01): null

08-11-2024T08:23:59 - [TEST_STEP][PASSED] - typeOfData = "План Потери": null

08-11-2024T08:23:59 - [TEST_STEP][PASSED] - fileInt = replaceAll("\s+", "").toInteger(): null

08-11-2024T08:23:59 - [TEST_STEP][PASSED] - Script1718980020443.WriteToExcelNoData(a, typeOfData, todaysDate, fileInt, fileDouble, dZO): null

08-11-2024T08:23:59 - [TEST_STEP][PASSED] - sheetName = "Sheet1": null

08-11-2024T08:23:59 - [TEST_STEP][PASSED] - data = findTestData("PlanFact"): null

08-11-2024T08:23:59 - [TEST_STEP][PASSED] - n = data.getRowNumbers() + 1: null

08-11-2024T08:23:59 - [TEST_STEP][PASSED] - year = todaysDate.substring(todaysDate.length() - 4, todaysDate.length()): null

08-11-2024T08:23:59 - [TEST_STEP][PASSED] - y = year.toInteger(): null

08-11-2024T08:23:59 - [TEST_STEP][PASSED] - m = getText(findTestObject("Выполнение бизнес-плана/Период")): Text of object 'Object Repository/Выполнение бизнес-плана/Период' is: '1, 2, 3 кв. 2024 года'

08-11-2024T08:23:59 - [MESSAGE][PASSED] - Text of object 'Object Repository/Выполнение бизнес-плана/Период' is: '1, 2, 3 кв. 2024 года'

08-11-2024T08:23:59 - [TEST_STEP][PASSED] - m = m.substring(0, m.indexOf("2024")): null

08-11-2024T08:23:59 - [TEST_STEP][PASSED] - m = m.trim(): null

08-11-2024T08:23:59 - [TEST_STEP][PASSED] - dashboardName = "Выполнение бизнес-плана": null

08-11-2024T08:23:59 - [TEST_STEP][PASSED] - workbook01 = getWorkbook(excelFilePath): null

08-11-2024T08:23:59 - [TEST_STEP][PASSED] - sheet01 = getExcelSheet(workbook01, sheetName): null

08-11-2024T08:23:59 - [TEST_STEP][PASSED] - setValueToCellByIndex(sheet01, n, 0, dashboardName): null

08-11-2024T08:23:59 - [TEST_STEP][PASSED] - setValueToCellByIndex(sheet01, n, 1, dZO): null

08-11-2024T08:23:59 - [TEST_STEP][PASSED] - setValueToCellByIndex(sheet01, n, 2, typeOfData): null

08-11-2024T08:23:59 - [TEST_STEP][PASSED] - if (typeOfData == "Факт в процентах" || typeOfData == "План в процентах"): null

08-11-2024T08:23:59 - [TEST_STEP][PASSED] - else: null

08-11-2024T08:23:59 - [TEST_STEP][PASSED] - setValueToCellByIndex(sheet01, n, 3, fileInt): null

08-11-2024T08:23:59 - [TEST_STEP][PASSED] - setValueToCellByIndex(sheet01, n, 4, "нет данных"): null

08-11-2024T08:23:59 - [TEST_STEP][PASSED] - setValueToCellByIndex(sheet01, n, 5, m): null

08-11-2024T08:23:59 - [TEST_STEP][PASSED] - setValueToCellByIndex(sheet01, n, 6, y): null

08-11-2024T08:23:59 - [TEST_STEP][PASSED] - setValueToCellByIndex(sheet01, n, 7, todaysDate): null

08-11-2024T08:23:59 - [TEST_STEP][PASSED] - n = n + 1: null

08-11-2024T08:23:59 - [TEST_STEP][PASSED] - saveWorkbook(excelFilePath, workbook01): null

08-11-2024T08:23:59 - [TEST_STEP][PASSED] - typeOfData = "План в процентах": null

08-11-2024T08:23:59 - [TEST_STEP][PASSED] - fileDouble = ").toDouble(): null

08-11-2024T08:23:59 - [TEST_STEP][PASSED] - Script1718980020443.WriteToExcelNoData(a, typeOfData, todaysDate, fileInt, fileDouble, dZO): null

08-11-2024T08:23:59 - [TEST_STEP][PASSED] - sheetName = "Sheet1": null

08-11-2024T08:23:59 - [TEST_STEP][PASSED] - data = findTestData("PlanFact"): null

08-11-2024T08:23:59 - [TEST_STEP][PASSED] - n = data.getRowNumbers() + 1: null

08-11-2024T08:23:59 - [TEST_STEP][PASSED] - year = todaysDate.substring(todaysDate.length() - 4, todaysDate.length()): null

08-11-2024T08:23:59 - [TEST_STEP][PASSED] - y = year.toInteger(): null

08-11-2024T08:23:59 - [TEST_STEP][PASSED] - m = getText(findTestObject("Выполнение бизнес-плана/Период")): Text of object 'Object Repository/Выполнение бизнес-плана/Период' is: '1, 2, 3 кв. 2024 года'

08-11-2024T08:24:00 - [MESSAGE][PASSED] - Text of object 'Object Repository/Выполнение бизнес-плана/Период' is: '1, 2, 3 кв. 2024 года'

08-11-2024T08:24:00 - [TEST_STEP][PASSED] - m = m.substring(0, m.indexOf("2024")): null

08-11-2024T08:24:00 - [TEST_STEP][PASSED] - m = m.trim(): null

08-11-2024T08:24:00 - [TEST_STEP][PASSED] - dashboardName = "Выполнение бизнес-плана": null

08-11-2024T08:24:00 - [TEST_STEP][PASSED] - workbook01 = getWorkbook(excelFilePath): null

08-11-2024T08:24:00 - [TEST_STEP][PASSED] - sheet01 = getExcelSheet(workbook01, sheetName): null

08-11-2024T08:24:00 - [TEST_STEP][PASSED] - setValueToCellByIndex(sheet01, n, 0, dashboardName): null

08-11-2024T08:24:00 - [TEST_STEP][PASSED] - setValueToCellByIndex(sheet01, n, 1, dZO): null

08-11-2024T08:24:00 - [TEST_STEP][PASSED] - setValueToCellByIndex(sheet01, n, 2, typeOfData): null

08-11-2024T08:24:00 - [TEST_STEP][PASSED] - if (typeOfData == "Факт в процентах" || typeOfData == "План в процентах"): null

08-11-2024T08:24:00 - [TEST_STEP][PASSED] - setValueToCellByIndex(sheet01, n, 3, fileDouble): null

08-11-2024T08:24:00 - [TEST_STEP][PASSED] - setValueToCellByIndex(sheet01, n, 4, "нет данных"): null

08-11-2024T08:24:00 - [TEST_STEP][PASSED] - setValueToCellByIndex(sheet01, n, 5, m): null

08-11-2024T08:24:00 - [TEST_STEP][PASSED] - setValueToCellByIndex(sheet01, n, 6, y): null

08-11-2024T08:24:00 - [TEST_STEP][PASSED] - setValueToCellByIndex(sheet01, n, 7, todaysDate): null

08-11-2024T08:24:00 - [TEST_STEP][PASSED] - n = n + 1: null

08-11-2024T08:24:00 - [TEST_STEP][PASSED] - saveWorkbook(excelFilePath, workbook01): null

08-11-2024T08:24:00 - [TEST_STEP][PASSED] - typeOfData = "Факт в процентах": null

08-11-2024T08:24:00 - [TEST_STEP][PASSED] - fileDouble = ").toDouble(): null

08-11-2024T08:24:00 - [TEST_STEP][PASSED] - Script1718980020443.WriteToExcelNoData(a, typeOfData, todaysDate, fileInt, fileDouble, dZO): null

08-11-2024T08:24:00 - [TEST_STEP][PASSED] - sheetName = "Sheet1": null

08-11-2024T08:24:00 - [TEST_STEP][PASSED] - data = findTestData("PlanFact"): null

08-11-2024T08:24:00 - [TEST_STEP][PASSED] - n = data.getRowNumbers() + 1: null

08-11-2024T08:24:00 - [TEST_STEP][PASSED] - year = todaysDate.substring(todaysDate.length() - 4, todaysDate.length()): null

08-11-2024T08:24:00 - [TEST_STEP][PASSED] - y = year.toInteger(): null

08-11-2024T08:24:00 - [TEST_STEP][PASSED] - m = getText(findTestObject("Выполнение бизнес-плана/Период")): Text of object 'Object Repository/Выполнение бизнес-плана/Период' is: '1, 2, 3 кв. 2024 года'

08-11-2024T08:24:01 - [MESSAGE][PASSED] - Text of object 'Object Repository/Выполнение бизнес-плана/Период' is: '1, 2, 3 кв. 2024 года'

08-11-2024T08:24:01 - [TEST_STEP][PASSED] - m = m.substring(0, m.indexOf("2024")): null

08-11-2024T08:24:01 - [TEST_STEP][PASSED] - m = m.trim(): null

08-11-2024T08:24:01 - [TEST_STEP][PASSED] - dashboardName = "Выполнение бизнес-плана": null

08-11-2024T08:24:01 - [TEST_STEP][PASSED] - workbook01 = getWorkbook(excelFilePath): null

08-11-2024T08:24:01 - [TEST_STEP][PASSED] - sheet01 = getExcelSheet(workbook01, sheetName): null

08-11-2024T08:24:01 - [TEST_STEP][PASSED] - setValueToCellByIndex(sheet01, n, 0, dashboardName): null

08-11-2024T08:24:01 - [TEST_STEP][PASSED] - setValueToCellByIndex(sheet01, n, 1, dZO): null

08-11-2024T08:24:01 - [TEST_STEP][PASSED] - setValueToCellByIndex(sheet01, n, 2, typeOfData): null

08-11-2024T08:24:01 - [TEST_STEP][PASSED] - if (typeOfData == "Факт в процентах" || typeOfData == "План в процентах"): null

08-11-2024T08:24:01 - [TEST_STEP][PASSED] - setValueToCellByIndex(sheet01, n, 3, fileDouble): null

08-11-2024T08:24:01 - [TEST_STEP][PASSED] - setValueToCellByIndex(sheet01, n, 4, "нет данных"): null

08-11-2024T08:24:01 - [TEST_STEP][PASSED] - setValueToCellByIndex(sheet01, n, 5, m): null

08-11-2024T08:24:01 - [TEST_STEP][PASSED] - setValueToCellByIndex(sheet01, n, 6, y): null

08-11-2024T08:24:01 - [TEST_STEP][PASSED] - setValueToCellByIndex(sheet01, n, 7, todaysDate): null

08-11-2024T08:24:01 - [TEST_STEP][PASSED] - n = n + 1: null

08-11-2024T08:24:01 - [TEST_STEP][PASSED] - saveWorkbook(excelFilePath, workbook01): null

08-11-2024T08:24:01 - [TEST_STEP][PASSED] - println(dzoNum): null

08-11-2024T08:24:01 - [TEST_STEP][PASSED] - dZO = "Россети Северный Кавказ": null

08-11-2024T08:24:01 - [TEST_STEP][PASSED] - a = 65: null

08-11-2024T08:24:01 - [TEST_STEP][PASSED] - if (x1.contains(dZO)): null

08-11-2024T08:24:01 - [TEST_STEP][PASSED] - dzoNum = dzoNum + 1: null

08-11-2024T08:24:01 - [TEST_STEP][PASSED] - Script1718980020443.Numbers(a, typeOfData, todaysDate, pageInt, fileInt, pageDouble, fileDouble, dZO, dzoNum, filialNum): null

08-11-2024T08:24:01 - [TEST_STEP][PASSED] - println(dzoNum): null

08-11-2024T08:24:01 - [TEST_STEP][PASSED] - planFact = <not implemented yet for class: org.codehaus.groovy.ast.expr.EmptyExpression>: null

08-11-2024T08:24:01 - [TEST_STEP][PASSED] - page = <not implemented yet for class: org.codehaus.groovy.ast.expr.EmptyExpression>: null

08-11-2024T08:24:01 - [TEST_STEP][PASSED] - page1 = <not implemented yet for class: org.codehaus.groovy.ast.expr.EmptyExpression>: null

08-11-2024T08:24:01 - [TEST_STEP][PASSED] - page2 = <not implemented yet for class: org.codehaus.groovy.ast.expr.EmptyExpression>: null

08-11-2024T08:24:01 - [TEST_STEP][PASSED] - filialNumberInRow = <not implemented yet for class: org.codehaus.groovy.ast.expr.EmptyExpression>: null

08-11-2024T08:24:01 - [TEST_STEP][PASSED] - filialsDzoNames = <not implemented yet for class: org.codehaus.groovy.ast.expr.EmptyExpression>: null

08-11-2024T08:24:01 - [TEST_STEP][PASSED] - numberOfFilials = <not implemented yet for class: org.codehaus.groovy.ast.expr.EmptyExpression>: null

08-11-2024T08:24:01 - [TEST_STEP][PASSED] - numberOfSpaces = <not implemented yet for class: org.codehaus.groovy.ast.expr.EmptyExpression>: null

08-11-2024T08:24:01 - [TEST_STEP][PASSED] - file = <not implemented yet for class: org.codehaus.groovy.ast.expr.EmptyExpression>: null

08-11-2024T08:24:01 - [TEST_STEP][PASSED] - otpusk = <not implemented yet for class: org.codehaus.groovy.ast.expr.EmptyExpression>: null

08-11-2024T08:24:01 - [TEST_STEP][PASSED] - poteri = <not implemented yet for class: org.codehaus.groovy.ast.expr.EmptyExpression>: null

08-11-2024T08:24:01 - [TEST_STEP][PASSED] - dataFolder = "Выполнение бизнес-плана/Значения со страницы Выполнение бизнес-плана/": null

08-11-2024T08:24:01 - [TEST_STEP][PASSED] - path = <not implemented yet for class: org.codehaus.groovy.ast.expr.EmptyExpression>: null

08-11-2024T08:24:01 - [TEST_STEP][PASSED] - typeOfDataMain = <not implemented yet for class: org.codehaus.groovy.ast.expr.EmptyExpression>: null

08-11-2024T08:24:01 - [TEST_STEP][PASSED] - fileOtpuskVSet = <not implemented yet for class: org.codehaus.groovy.ast.expr.EmptyExpression>: null

08-11-2024T08:24:01 - [TEST_STEP][PASSED] - pageOtpuskVSet = <not implemented yet for class: org.codehaus.groovy.ast.expr.EmptyExpression>: null

08-11-2024T08:24:01 - [TEST_STEP][PASSED] - filePoteri = <not implemented yet for class: org.codehaus.groovy.ast.expr.EmptyExpression>: null

08-11-2024T08:24:01 - [TEST_STEP][PASSED] - pagePoteri = <not implemented yet for class: org.codehaus.groovy.ast.expr.EmptyExpression>: null

08-11-2024T08:24:01 - [TEST_STEP][PASSED] - compare = <not implemented yet for class: org.codehaus.groovy.ast.expr.EmptyExpression>: null

08-11-2024T08:24:01 - [TEST_STEP][PASSED] - b = <not implemented yet for class: org.codehaus.groovy.ast.expr.EmptyExpression>: null

08-11-2024T08:24:01 - [TEST_STEP][PASSED] - i = <not implemented yet for class: org.codehaus.groovy.ast.expr.EmptyExpression>: null

08-11-2024T08:24:01 - [TEST_STEP][PASSED] - ii = <not implemented yet for class: org.codehaus.groovy.ast.expr.EmptyExpression>: null

08-11-2024T08:24:01 - [TEST_STEP][PASSED] - c = <not implemented yet for class: org.codehaus.groovy.ast.expr.EmptyExpression>: null

08-11-2024T08:24:01 - [TEST_STEP][PASSED] - numberOfErrors = 0: null

08-11-2024T08:24:01 - [TEST_STEP][PASSED] - if (a == 82): null

08-11-2024T08:24:01 - [TEST_STEP][PASSED] - b = findTestData("PlanFact").getValue(1, a): null

08-11-2024T08:24:01 - [TEST_STEP][PASSED] - i = b.indexOf(" (ГК)"): null

08-11-2024T08:24:01 - [TEST_STEP][PASSED] - if (i > -1): null

08-11-2024T08:24:01 - [TEST_STEP][PASSED] - i = b.indexOf("О ""): null

08-11-2024T08:24:01 - [TEST_STEP][PASSED] - if (i > -1): null

08-11-2024T08:24:01 - [TEST_STEP][PASSED] - i = b.indexOf("О «"): null

08-11-2024T08:24:01 - [TEST_STEP][PASSED] - if (i > -1): null

08-11-2024T08:24:01 - [TEST_STEP][PASSED] - i = b.indexOf("г. "): null

08-11-2024T08:24:01 - [TEST_STEP][PASSED] - if (i > -1): null

08-11-2024T08:24:01 - [TEST_STEP][PASSED] - println(b): null

08-11-2024T08:24:01 - [TEST_STEP][PASSED] - for ([planFact = 1, planFact < 3, (planFact++)]): null

08-11-2024T08:24:01 - [TEST_STEP][PASSED] - if (planFact == 1): null

08-11-2024T08:24:01 - [TEST_STEP][PASSED] - typeOfDataMain = "Факт": null

08-11-2024T08:24:01 - [TEST_STEP][PASSED] - otpusk = findTestData("PlanFact").getValue(5, a): null

08-11-2024T08:24:01 - [TEST_STEP][PASSED] - poteri = findTestData("PlanFact").getValue(6, a): null

08-11-2024T08:24:01 - [TEST_STEP][PASSED] - otpusk = otpusk.replaceAll("\s+", ""): null

08-11-2024T08:24:01 - [TEST_STEP][PASSED] - poteri = poteri.replaceAll("\s+", ""): null

08-11-2024T08:24:01 - [TEST_STEP][PASSED] - typeOfData = typeOfDataMain + " Отпуск в сеть": null

08-11-2024T08:24:01 - [TEST_STEP][PASSED] - if (a == 82): null

08-11-2024T08:24:01 - [TEST_STEP][PASSED] - else if (a == 84): null

08-11-2024T08:24:01 - [TEST_STEP][PASSED] - else if (a == 52 || a == 72 || a == 28 || a == 73 || a == 77 || a == 74 || a == 65 || a == 36 || a == 44 || a == 53 || a == 80 || a == 54 || a == 1 || a == 18 || a == 59 || a == 81): null

08-11-2024T08:24:01 - [TEST_STEP][PASSED] - path = dataFolder + "Table Data/" + typeOfData + " за отчётный период " + dzoNum: null

08-11-2024T08:24:01 - [TEST_STEP][PASSED] - println(path): null

08-11-2024T08:24:01 - [TEST_STEP][PASSED] - page = getText(findTestObject(path)): Text of object 'Object Repository/Выполнение бизнес-плана/Значения со страницы Выполнение бизнес-плана/Table Data/Факт Отпуск в сеть за отчётный период 3' is: '15 734 909'

08-11-2024T08:24:01 - [MESSAGE][PASSED] - Text of object 'Object Repository/Выполнение бизнес-плана/Значения со страницы Выполнение бизнес-плана/Table Data/Факт Отпуск в сеть за отчётный период 3' is: '15 734 909'

08-11-2024T08:24:01 - [TEST_STEP][PASSED] - page = page.replaceAll("\s+", ""): null

08-11-2024T08:24:01 - [TEST_STEP][PASSED] - fileOtpuskVSet = otpusk.toInteger(): null

08-11-2024T08:24:01 - [TEST_STEP][PASSED] - pageOtpuskVSet = page.toInteger(): null

08-11-2024T08:24:01 - [TEST_STEP][PASSED] - typeOfData = typeOfDataMain + " Потери": null

08-11-2024T08:24:01 - [TEST_STEP][PASSED] - if (a == 82): null

08-11-2024T08:24:01 - [TEST_STEP][PASSED] - else if (a == 84): null

08-11-2024T08:24:01 - [TEST_STEP][PASSED] - else if (a == 52 || a == 72 || a == 28 || a == 73 || a == 77 || a == 74 || a == 65 || a == 36 || a == 44 || a == 53 || a == 80 || a == 54 || a == 1 || a == 18 || a == 59 || a == 81): null

08-11-2024T08:24:01 - [TEST_STEP][PASSED] - path = dataFolder + "Table Data/" + typeOfData + " за отчётный период " + dzoNum: null

08-11-2024T08:24:01 - [TEST_STEP][PASSED] - page = getText(findTestObject(path)): Text of object 'Object Repository/Выполнение бизнес-плана/Значения со страницы Выполнение бизнес-плана/Table Data/Факт Потери за отчётный период 3' is: '4 428 955'

08-11-2024T08:24:02 - [MESSAGE][PASSED] - Text of object 'Object Repository/Выполнение бизнес-плана/Значения со страницы Выполнение бизнес-плана/Table Data/Факт Потери за отчётный период 3' is: '4 428 955'

08-11-2024T08:24:02 - [TEST_STEP][PASSED] - page = page.replaceAll("\s+", ""): null

08-11-2024T08:24:02 - [TEST_STEP][PASSED] - filePoteri = poteri.toInteger(): null

08-11-2024T08:24:02 - [TEST_STEP][PASSED] - pagePoteri = page.toInteger(): null

08-11-2024T08:24:02 - [TEST_STEP][PASSED] - compare = pageOtpuskVSet: null

08-11-2024T08:24:02 - [TEST_STEP][PASSED] - if (compare == fileOtpuskVSet): null

08-11-2024T08:24:02 - [TEST_STEP][PASSED] - else if (compare > fileOtpuskVSet): null

08-11-2024T08:24:02 - [TEST_STEP][PASSED] - else if (compare < fileOtpuskVSet): null

08-11-2024T08:24:02 - [TEST_STEP][PASSED] - compare = compare + 1: null

08-11-2024T08:24:02 - [TEST_STEP][PASSED] - if (compare == fileOtpuskVSet): null

08-11-2024T08:24:02 - [TEST_STEP][PASSED] - else: null

08-11-2024T08:24:02 - [TEST_STEP][PASSED] - numberOfErrors = numberOfErrors + 1: null

08-11-2024T08:24:02 - [TEST_STEP][PASSED] - pageInt = pageOtpuskVSet: null

08-11-2024T08:24:02 - [TEST_STEP][PASSED] - fileInt = fileOtpuskVSet: null

08-11-2024T08:24:02 - [TEST_STEP][PASSED] - typeOfData = typeOfDataMain + " Отпуск в сеть": null

08-11-2024T08:24:02 - [TEST_STEP][PASSED] - Script1718980020443.WriteToExcel(a, typeOfData, todaysDate, pageInt, fileInt, pageDouble, fileDouble, dZO): null

08-11-2024T08:24:02 - [TEST_STEP][PASSED] - sheetName = "Sheet1": null

08-11-2024T08:24:02 - [TEST_STEP][PASSED] - data = findTestData("PlanFact"): null

08-11-2024T08:24:02 - [TEST_STEP][PASSED] - n = data.getRowNumbers() + 1: null

08-11-2024T08:24:02 - [TEST_STEP][PASSED] - year = todaysDate.substring(todaysDate.length() - 4, todaysDate.length()): null

08-11-2024T08:24:02 - [TEST_STEP][PASSED] - y = year.toInteger(): null

08-11-2024T08:24:02 - [TEST_STEP][PASSED] - m = getText(findTestObject("Выполнение бизнес-плана/Период")): Text of object 'Object Repository/Выполнение бизнес-плана/Период' is: '1, 2, 3 кв. 2024 года'

08-11-2024T08:24:02 - [MESSAGE][PASSED] - Text of object 'Object Repository/Выполнение бизнес-плана/Период' is: '1, 2, 3 кв. 2024 года'

08-11-2024T08:24:02 - [TEST_STEP][PASSED] - m = m.substring(0, m.indexOf("2024")): null

08-11-2024T08:24:02 - [TEST_STEP][PASSED] - m = m.trim(): null

08-11-2024T08:24:02 - [TEST_STEP][PASSED] - dashboardName = "Выполнение бизнес-плана": null

08-11-2024T08:24:02 - [TEST_STEP][PASSED] - workbook01 = getWorkbook(excelFilePath): null

08-11-2024T08:24:02 - [TEST_STEP][PASSED] - sheet01 = getExcelSheet(workbook01, sheetName): null

08-11-2024T08:24:02 - [TEST_STEP][PASSED] - setValueToCellByIndex(sheet01, n, 0, dashboardName): null

08-11-2024T08:24:02 - [TEST_STEP][PASSED] - setValueToCellByIndex(sheet01, n, 1, dZO): null

08-11-2024T08:24:02 - [TEST_STEP][PASSED] - setValueToCellByIndex(sheet01, n, 2, typeOfData): null

08-11-2024T08:24:02 - [TEST_STEP][PASSED] - if (typeOfData == "Факт в процентах" || typeOfData == "План в процентах"): null

08-11-2024T08:24:02 - [TEST_STEP][PASSED] - else: null

08-11-2024T08:24:02 - [TEST_STEP][PASSED] - setValueToCellByIndex(sheet01, n, 3, fileInt): null

08-11-2024T08:24:02 - [TEST_STEP][PASSED] - setValueToCellByIndex(sheet01, n, 4, pageInt): null

08-11-2024T08:24:02 - [TEST_STEP][PASSED] - setValueToCellByIndex(sheet01, n, 5, m): null

08-11-2024T08:24:02 - [TEST_STEP][PASSED] - setValueToCellByIndex(sheet01, n, 6, y): null

08-11-2024T08:24:02 - [TEST_STEP][PASSED] - setValueToCellByIndex(sheet01, n, 7, todaysDate): null

08-11-2024T08:24:02 - [TEST_STEP][PASSED] - n = n + 1: null

08-11-2024T08:24:02 - [TEST_STEP][PASSED] - saveWorkbook(excelFilePath, workbook01): null

08-11-2024T08:24:02 - [TEST_STEP][PASSED] - compare = pagePoteri: null

08-11-2024T08:24:02 - [TEST_STEP][PASSED] - if (compare == filePoteri): null

08-11-2024T08:24:02 - [TEST_STEP][PASSED] - else if (compare > filePoteri): null

08-11-2024T08:24:02 - [TEST_STEP][PASSED] - else if (compare < filePoteri): null

08-11-2024T08:24:02 - [TEST_STEP][PASSED] - compare = compare + 1: null

08-11-2024T08:24:02 - [TEST_STEP][PASSED] - if (compare == filePoteri): null

08-11-2024T08:24:02 - [TEST_STEP][PASSED] - else: null

08-11-2024T08:24:02 - [TEST_STEP][PASSED] - numberOfErrors = numberOfErrors + 1: null

08-11-2024T08:24:02 - [TEST_STEP][PASSED] - pageInt = pagePoteri: null

08-11-2024T08:24:02 - [TEST_STEP][PASSED] - fileInt = filePoteri: null

08-11-2024T08:24:02 - [TEST_STEP][PASSED] - typeOfData = typeOfDataMain + " Потери": null

08-11-2024T08:24:02 - [TEST_STEP][PASSED] - Script1718980020443.WriteToExcel(a, typeOfData, todaysDate, pageInt, fileInt, pageDouble, fileDouble, dZO): null

08-11-2024T08:24:02 - [TEST_STEP][PASSED] - sheetName = "Sheet1": null

08-11-2024T08:24:02 - [TEST_STEP][PASSED] - data = findTestData("PlanFact"): null

08-11-2024T08:24:02 - [TEST_STEP][PASSED] - n = data.getRowNumbers() + 1: null

08-11-2024T08:24:02 - [TEST_STEP][PASSED] - year = todaysDate.substring(todaysDate.length() - 4, todaysDate.length()): null

08-11-2024T08:24:02 - [TEST_STEP][PASSED] - y = year.toInteger(): null

08-11-2024T08:24:02 - [TEST_STEP][PASSED] - m = getText(findTestObject("Выполнение бизнес-плана/Период")): Text of object 'Object Repository/Выполнение бизнес-плана/Период' is: '1, 2, 3 кв. 2024 года'

08-11-2024T08:24:03 - [MESSAGE][PASSED] - Text of object 'Object Repository/Выполнение бизнес-плана/Период' is: '1, 2, 3 кв. 2024 года'

08-11-2024T08:24:03 - [TEST_STEP][PASSED] - m = m.substring(0, m.indexOf("2024")): null

08-11-2024T08:24:03 - [TEST_STEP][PASSED] - m = m.trim(): null

08-11-2024T08:24:03 - [TEST_STEP][PASSED] - dashboardName = "Выполнение бизнес-плана": null

08-11-2024T08:24:03 - [TEST_STEP][PASSED] - workbook01 = getWorkbook(excelFilePath): null

08-11-2024T08:24:03 - [TEST_STEP][PASSED] - sheet01 = getExcelSheet(workbook01, sheetName): null

08-11-2024T08:24:03 - [TEST_STEP][PASSED] - setValueToCellByIndex(sheet01, n, 0, dashboardName): null

08-11-2024T08:24:03 - [TEST_STEP][PASSED] - setValueToCellByIndex(sheet01, n, 1, dZO): null

08-11-2024T08:24:03 - [TEST_STEP][PASSED] - setValueToCellByIndex(sheet01, n, 2, typeOfData): null

08-11-2024T08:24:03 - [TEST_STEP][PASSED] - if (typeOfData == "Факт в процентах" || typeOfData == "План в процентах"): null

08-11-2024T08:24:03 - [TEST_STEP][PASSED] - else: null

08-11-2024T08:24:03 - [TEST_STEP][PASSED] - setValueToCellByIndex(sheet01, n, 3, fileInt): null

08-11-2024T08:24:03 - [TEST_STEP][PASSED] - setValueToCellByIndex(sheet01, n, 4, pageInt): null

08-11-2024T08:24:03 - [TEST_STEP][PASSED] - setValueToCellByIndex(sheet01, n, 5, m): null

08-11-2024T08:24:03 - [TEST_STEP][PASSED] - setValueToCellByIndex(sheet01, n, 6, y): null

08-11-2024T08:24:03 - [TEST_STEP][PASSED] - setValueToCellByIndex(sheet01, n, 7, todaysDate): null

08-11-2024T08:24:03 - [TEST_STEP][PASSED] - n = n + 1: null

08-11-2024T08:24:03 - [TEST_STEP][PASSED] - saveWorkbook(excelFilePath, workbook01): null

08-11-2024T08:24:03 - [TEST_STEP][PASSED] - if (planFact == 2): null

08-11-2024T08:24:03 - [TEST_STEP][PASSED] - if (planFact == 1): null

08-11-2024T08:24:03 - [TEST_STEP][PASSED] - else if (planFact == 2): null

08-11-2024T08:24:03 - [TEST_STEP][PASSED] - click(findTestObject("Выполнение бизнес-плана/Кнопка План")): Object: 'Object Repository/Выполнение бизнес-плана/Кнопка План' is clicked on

08-11-2024T08:24:03 - [MESSAGE][PASSED] - Object: 'Object Repository/Выполнение бизнес-плана/Кнопка План' is clicked on

08-11-2024T08:24:03 - [TEST_STEP][PASSED] - typeOfDataMain = "План": null

08-11-2024T08:24:03 - [TEST_STEP][PASSED] - otpusk = findTestData("PlanFact").getValue(2, a): null

08-11-2024T08:24:03 - [TEST_STEP][PASSED] - poteri = findTestData("PlanFact").getValue(3, a): null

08-11-2024T08:24:03 - [TEST_STEP][PASSED] - otpusk = otpusk.replaceAll("\s+", ""): null

08-11-2024T08:24:03 - [TEST_STEP][PASSED] - poteri = poteri.replaceAll("\s+", ""): null

08-11-2024T08:24:03 - [TEST_STEP][PASSED] - typeOfData = typeOfDataMain + " Отпуск в сеть": null

08-11-2024T08:24:03 - [TEST_STEP][PASSED] - if (a == 82): null

08-11-2024T08:24:03 - [TEST_STEP][PASSED] - else if (a == 84): null

08-11-2024T08:24:03 - [TEST_STEP][PASSED] - else if (a == 52 || a == 72 || a == 28 || a == 73 || a == 77 || a == 74 || a == 65 || a == 36 || a == 44 || a == 53 || a == 80 || a == 54 || a == 1 || a == 18 || a == 59 || a == 81): null

08-11-2024T08:24:03 - [TEST_STEP][PASSED] - path = dataFolder + "Table Data/" + typeOfData + " за отчётный период " + dzoNum: null

08-11-2024T08:24:03 - [TEST_STEP][PASSED] - println(path): null

08-11-2024T08:24:03 - [TEST_STEP][PASSED] - page = getText(findTestObject(path)): Text of object 'Object Repository/Выполнение бизнес-плана/Значения со страницы Выполнение бизнес-плана/Table Data/План Отпуск в сеть за отчётный период 3' is: '14 755 136'

08-11-2024T08:24:04 - [MESSAGE][PASSED] - Text of object 'Object Repository/Выполнение бизнес-плана/Значения со страницы Выполнение бизнес-плана/Table Data/План Отпуск в сеть за отчётный период 3' is: '14 755 136'

08-11-2024T08:24:04 - [TEST_STEP][PASSED] - page = page.replaceAll("\s+", ""): null

08-11-2024T08:24:04 - [TEST_STEP][PASSED] - fileOtpuskVSet = otpusk.toInteger(): null

08-11-2024T08:24:04 - [TEST_STEP][PASSED] - pageOtpuskVSet = page.toInteger(): null

08-11-2024T08:24:04 - [TEST_STEP][PASSED] - typeOfData = typeOfDataMain + " Потери": null

08-11-2024T08:24:04 - [TEST_STEP][PASSED] - if (a == 82): null

08-11-2024T08:24:04 - [TEST_STEP][PASSED] - else if (a == 84): null

08-11-2024T08:24:04 - [TEST_STEP][PASSED] - else if (a == 52 || a == 72 || a == 28 || a == 73 || a == 77 || a == 74 || a == 65 || a == 36 || a == 44 || a == 53 || a == 80 || a == 54 || a == 1 || a == 18 || a == 59 || a == 81): null

08-11-2024T08:24:04 - [TEST_STEP][PASSED] - path = dataFolder + "Table Data/" + typeOfData + " за отчётный период " + dzoNum: null

08-11-2024T08:24:04 - [TEST_STEP][PASSED] - page = getText(findTestObject(path)): Text of object 'Object Repository/Выполнение бизнес-плана/Значения со страницы Выполнение бизнес-плана/Table Data/План Потери за отчётный период 3' is: '3 567 945'

08-11-2024T08:24:04 - [MESSAGE][PASSED] - Text of object 'Object Repository/Выполнение бизнес-плана/Значения со страницы Выполнение бизнес-плана/Table Data/План Потери за отчётный период 3' is: '3 567 945'

08-11-2024T08:24:04 - [TEST_STEP][PASSED] - page = page.replaceAll("\s+", ""): null

08-11-2024T08:24:04 - [TEST_STEP][PASSED] - filePoteri = poteri.toInteger(): null

08-11-2024T08:24:04 - [TEST_STEP][PASSED] - pagePoteri = page.toInteger(): null

08-11-2024T08:24:04 - [TEST_STEP][PASSED] - compare = pageOtpuskVSet: null

08-11-2024T08:24:04 - [TEST_STEP][PASSED] - if (compare == fileOtpuskVSet): null

08-11-2024T08:24:04 - [TEST_STEP][PASSED] - else if (compare > fileOtpuskVSet): null

08-11-2024T08:24:04 - [TEST_STEP][PASSED] - else if (compare < fileOtpuskVSet): null

08-11-2024T08:24:04 - [TEST_STEP][PASSED] - compare = compare + 1: null

08-11-2024T08:24:04 - [TEST_STEP][PASSED] - if (compare == fileOtpuskVSet): null

08-11-2024T08:24:04 - [TEST_STEP][PASSED] - else: null

08-11-2024T08:24:04 - [TEST_STEP][PASSED] - numberOfErrors = numberOfErrors + 1: null

08-11-2024T08:24:04 - [TEST_STEP][PASSED] - pageInt = pageOtpuskVSet: null

08-11-2024T08:24:04 - [TEST_STEP][PASSED] - fileInt = fileOtpuskVSet: null

08-11-2024T08:24:04 - [TEST_STEP][PASSED] - typeOfData = typeOfDataMain + " Отпуск в сеть": null

08-11-2024T08:24:04 - [TEST_STEP][PASSED] - Script1718980020443.WriteToExcel(a, typeOfData, todaysDate, pageInt, fileInt, pageDouble, fileDouble, dZO): null

08-11-2024T08:24:04 - [TEST_STEP][PASSED] - sheetName = "Sheet1": null

08-11-2024T08:24:04 - [TEST_STEP][PASSED] - data = findTestData("PlanFact"): null

08-11-2024T08:24:04 - [TEST_STEP][PASSED] - n = data.getRowNumbers() + 1: null

08-11-2024T08:24:04 - [TEST_STEP][PASSED] - year = todaysDate.substring(todaysDate.length() - 4, todaysDate.length()): null

08-11-2024T08:24:04 - [TEST_STEP][PASSED] - y = year.toInteger(): null

08-11-2024T08:24:04 - [TEST_STEP][PASSED] - m = getText(findTestObject("Выполнение бизнес-плана/Период")): Text of object 'Object Repository/Выполнение бизнес-плана/Период' is: '1, 2, 3 кв. 2024 года'

08-11-2024T08:24:04 - [MESSAGE][PASSED] - Text of object 'Object Repository/Выполнение бизнес-плана/Период' is: '1, 2, 3 кв. 2024 года'

08-11-2024T08:24:04 - [TEST_STEP][PASSED] - m = m.substring(0, m.indexOf("2024")): null

08-11-2024T08:24:04 - [TEST_STEP][PASSED] - m = m.trim(): null

08-11-2024T08:24:04 - [TEST_STEP][PASSED] - dashboardName = "Выполнение бизнес-плана": null

08-11-2024T08:24:04 - [TEST_STEP][PASSED] - workbook01 = getWorkbook(excelFilePath): null

08-11-2024T08:24:04 - [TEST_STEP][PASSED] - sheet01 = getExcelSheet(workbook01, sheetName): null

08-11-2024T08:24:04 - [TEST_STEP][PASSED] - setValueToCellByIndex(sheet01, n, 0, dashboardName): null

08-11-2024T08:24:04 - [TEST_STEP][PASSED] - setValueToCellByIndex(sheet01, n, 1, dZO): null

08-11-2024T08:24:04 - [TEST_STEP][PASSED] - setValueToCellByIndex(sheet01, n, 2, typeOfData): null

08-11-2024T08:24:04 - [TEST_STEP][PASSED] - if (typeOfData == "Факт в процентах" || typeOfData == "План в процентах"): null

08-11-2024T08:24:04 - [TEST_STEP][PASSED] - else: null

08-11-2024T08:24:04 - [TEST_STEP][PASSED] - setValueToCellByIndex(sheet01, n, 3, fileInt): null

08-11-2024T08:24:04 - [TEST_STEP][PASSED] - setValueToCellByIndex(sheet01, n, 4, pageInt): null

08-11-2024T08:24:04 - [TEST_STEP][PASSED] - setValueToCellByIndex(sheet01, n, 5, m): null

08-11-2024T08:24:04 - [TEST_STEP][PASSED] - setValueToCellByIndex(sheet01, n, 6, y): null

08-11-2024T08:24:04 - [TEST_STEP][PASSED] - setValueToCellByIndex(sheet01, n, 7, todaysDate): null

08-11-2024T08:24:04 - [TEST_STEP][PASSED] - n = n + 1: null

08-11-2024T08:24:04 - [TEST_STEP][PASSED] - saveWorkbook(excelFilePath, workbook01): null

08-11-2024T08:24:05 - [TEST_STEP][PASSED] - compare = pagePoteri: null

08-11-2024T08:24:05 - [TEST_STEP][PASSED] - if (compare == filePoteri): null

08-11-2024T08:24:05 - [TEST_STEP][PASSED] - else if (compare > filePoteri): null

08-11-2024T08:24:05 - [TEST_STEP][PASSED] - else if (compare < filePoteri): null

08-11-2024T08:24:05 - [TEST_STEP][PASSED] - compare = compare + 1: null

08-11-2024T08:24:05 - [TEST_STEP][PASSED] - if (compare == filePoteri): null

08-11-2024T08:24:05 - [TEST_STEP][PASSED] - else: null

08-11-2024T08:24:05 - [TEST_STEP][PASSED] - numberOfErrors = numberOfErrors + 1: null

08-11-2024T08:24:05 - [TEST_STEP][PASSED] - pageInt = pagePoteri: null

08-11-2024T08:24:05 - [TEST_STEP][PASSED] - fileInt = filePoteri: null

08-11-2024T08:24:05 - [TEST_STEP][PASSED] - typeOfData = typeOfDataMain + " Потери": null

08-11-2024T08:24:05 - [TEST_STEP][PASSED] - Script1718980020443.WriteToExcel(a, typeOfData, todaysDate, pageInt, fileInt, pageDouble, fileDouble, dZO): null

08-11-2024T08:24:05 - [TEST_STEP][PASSED] - sheetName = "Sheet1": null

08-11-2024T08:24:05 - [TEST_STEP][PASSED] - data = findTestData("PlanFact"): null

08-11-2024T08:24:05 - [TEST_STEP][PASSED] - n = data.getRowNumbers() + 1: null

08-11-2024T08:24:05 - [TEST_STEP][PASSED] - year = todaysDate.substring(todaysDate.length() - 4, todaysDate.length()): null

08-11-2024T08:24:05 - [TEST_STEP][PASSED] - y = year.toInteger(): null

08-11-2024T08:24:05 - [TEST_STEP][PASSED] - m = getText(findTestObject("Выполнение бизнес-плана/Период")): Text of object 'Object Repository/Выполнение бизнес-плана/Период' is: '1, 2, 3 кв. 2024 года'

08-11-2024T08:24:05 - [MESSAGE][PASSED] - Text of object 'Object Repository/Выполнение бизнес-плана/Период' is: '1, 2, 3 кв. 2024 года'

08-11-2024T08:24:05 - [TEST_STEP][PASSED] - m = m.substring(0, m.indexOf("2024")): null

08-11-2024T08:24:05 - [TEST_STEP][PASSED] - m = m.trim(): null

08-11-2024T08:24:05 - [TEST_STEP][PASSED] - dashboardName = "Выполнение бизнес-плана": null

08-11-2024T08:24:05 - [TEST_STEP][PASSED] - workbook01 = getWorkbook(excelFilePath): null

08-11-2024T08:24:05 - [TEST_STEP][PASSED] - sheet01 = getExcelSheet(workbook01, sheetName): null

08-11-2024T08:24:05 - [TEST_STEP][PASSED] - setValueToCellByIndex(sheet01, n, 0, dashboardName): null

08-11-2024T08:24:05 - [TEST_STEP][PASSED] - setValueToCellByIndex(sheet01, n, 1, dZO): null

08-11-2024T08:24:05 - [TEST_STEP][PASSED] - setValueToCellByIndex(sheet01, n, 2, typeOfData): null

08-11-2024T08:24:05 - [TEST_STEP][PASSED] - if (typeOfData == "Факт в процентах" || typeOfData == "План в процентах"): null

08-11-2024T08:24:05 - [TEST_STEP][PASSED] - else: null

08-11-2024T08:24:05 - [TEST_STEP][PASSED] - setValueToCellByIndex(sheet01, n, 3, fileInt): null

08-11-2024T08:24:05 - [TEST_STEP][PASSED] - setValueToCellByIndex(sheet01, n, 4, pageInt): null

08-11-2024T08:24:05 - [TEST_STEP][PASSED] - setValueToCellByIndex(sheet01, n, 5, m): null

08-11-2024T08:24:05 - [TEST_STEP][PASSED] - setValueToCellByIndex(sheet01, n, 6, y): null

08-11-2024T08:24:05 - [TEST_STEP][PASSED] - setValueToCellByIndex(sheet01, n, 7, todaysDate): null

08-11-2024T08:24:05 - [TEST_STEP][PASSED] - n = n + 1: null

08-11-2024T08:24:05 - [TEST_STEP][PASSED] - saveWorkbook(excelFilePath, workbook01): Object: 'Object Repository/Выполнение бизнес-плана/Кнопка Факт' is clicked on

08-11-2024T08:24:05 - [TEST_STEP][PASSED] - if (planFact == 2): Object: 'Object Repository/Выполнение бизнес-плана/Кнопка Факт' is clicked on

08-11-2024T08:24:05 - [TEST_STEP][PASSED] - click(findTestObject("Выполнение бизнес-плана/Кнопка Факт")): Object: 'Object Repository/Выполнение бизнес-плана/Кнопка Факт' is clicked on

08-11-2024T08:24:06 - [MESSAGE][PASSED] - Object: 'Object Repository/Выполнение бизнес-плана/Кнопка Факт' is clicked on

08-11-2024T08:24:06 - [TEST_STEP][PASSED] - if (a == 84 || a == 82): null

08-11-2024T08:24:06 - [TEST_STEP][PASSED] - else if (a == 52 || a == 72 || a == 28 || a == 73 || a == 77 || a == 74 || a == 65 || a == 36 || a == 44 || a == 53 || a == 80 || a == 54 || a == 1 || a == 18 || a == 59 || a == 81): null

08-11-2024T08:24:06 - [TEST_STEP][PASSED] - page1 = getText(findTestObject("Object Repository/Выполнение бизнес-плана/spanPlan" + dzoNum)): Text of object 'Object Repository/Выполнение бизнес-плана/spanPlan3' is: '24.18'

08-11-2024T08:24:06 - [MESSAGE][PASSED] - Text of object 'Object Repository/Выполнение бизнес-плана/spanPlan3' is: '24.18'

08-11-2024T08:24:06 - [TEST_STEP][PASSED] - page1 = page1.replace("|", ""): null

08-11-2024T08:24:06 - [TEST_STEP][PASSED] - page2 = getText(findTestObject("Object Repository/Выполнение бизнес-плана/spanFact" + dzoNum)): Text of object 'Object Repository/Выполнение бизнес-плана/spanFact3' is: '28.15
|'

08-11-2024T08:24:06 - [MESSAGE][PASSED] - Text of object 'Object Repository/Выполнение бизнес-плана/spanFact3' is: '28.15
|'

08-11-2024T08:24:06 - [TEST_STEP][PASSED] - page2 = page2.replace("|", ""): null

08-11-2024T08:24:06 - [TEST_STEP][PASSED] - println("page1: " + page1): null

08-11-2024T08:24:06 - [TEST_STEP][PASSED] - println("page2: " + page2): null

08-11-2024T08:24:06 - [TEST_STEP][PASSED] - file = findTestData("PlanFact").getValue(4, a): null

08-11-2024T08:24:06 - [TEST_STEP][PASSED] - file = file.replace(",", "."): null

08-11-2024T08:24:06 - [TEST_STEP][PASSED] - println("file Plan: " + file): null

08-11-2024T08:24:06 - [TEST_STEP][PASSED] - typeOfData = "План в процентах": null

08-11-2024T08:24:06 - [TEST_STEP][PASSED] - fileDouble = file.toDouble(): null

08-11-2024T08:24:06 - [TEST_STEP][PASSED] - pageDouble = page1.toDouble(): null

08-11-2024T08:24:06 - [TEST_STEP][PASSED] - if (fileDouble != pageDouble): null

08-11-2024T08:24:06 - [TEST_STEP][PASSED] - numberOfErrors = numberOfErrors + 1: null

08-11-2024T08:24:06 - [TEST_STEP][PASSED] - Script1718980020443.WriteToExcel(a, typeOfData, todaysDate, pageInt, fileInt, pageDouble, fileDouble, dZO): null

08-11-2024T08:24:06 - [TEST_STEP][PASSED] - sheetName = "Sheet1": null

08-11-2024T08:24:06 - [TEST_STEP][PASSED] - data = findTestData("PlanFact"): null

08-11-2024T08:24:06 - [TEST_STEP][PASSED] - n = data.getRowNumbers() + 1: null

08-11-2024T08:24:06 - [TEST_STEP][PASSED] - year = todaysDate.substring(todaysDate.length() - 4, todaysDate.length()): null

08-11-2024T08:24:06 - [TEST_STEP][PASSED] - y = year.toInteger(): null

08-11-2024T08:24:06 - [TEST_STEP][PASSED] - m = getText(findTestObject("Выполнение бизнес-плана/Период")): Text of object 'Object Repository/Выполнение бизнес-плана/Период' is: '1, 2, 3 кв. 2024 года'

08-11-2024T08:24:07 - [MESSAGE][PASSED] - Text of object 'Object Repository/Выполнение бизнес-плана/Период' is: '1, 2, 3 кв. 2024 года'

08-11-2024T08:24:07 - [TEST_STEP][PASSED] - m = m.substring(0, m.indexOf("2024")): null

08-11-2024T08:24:07 - [TEST_STEP][PASSED] - m = m.trim(): null

08-11-2024T08:24:07 - [TEST_STEP][PASSED] - dashboardName = "Выполнение бизнес-плана": null

08-11-2024T08:24:07 - [TEST_STEP][PASSED] - workbook01 = getWorkbook(excelFilePath): null

08-11-2024T08:24:07 - [TEST_STEP][PASSED] - sheet01 = getExcelSheet(workbook01, sheetName): null

08-11-2024T08:24:07 - [TEST_STEP][PASSED] - setValueToCellByIndex(sheet01, n, 0, dashboardName): null

08-11-2024T08:24:07 - [TEST_STEP][PASSED] - setValueToCellByIndex(sheet01, n, 1, dZO): null

08-11-2024T08:24:07 - [TEST_STEP][PASSED] - setValueToCellByIndex(sheet01, n, 2, typeOfData): null

08-11-2024T08:24:07 - [TEST_STEP][PASSED] - if (typeOfData == "Факт в процентах" || typeOfData == "План в процентах"): null

08-11-2024T08:24:07 - [TEST_STEP][PASSED] - setValueToCellByIndex(sheet01, n, 3, fileDouble): null

08-11-2024T08:24:07 - [TEST_STEP][PASSED] - setValueToCellByIndex(sheet01, n, 4, pageDouble): null

08-11-2024T08:24:07 - [TEST_STEP][PASSED] - setValueToCellByIndex(sheet01, n, 5, m): null

08-11-2024T08:24:07 - [TEST_STEP][PASSED] - setValueToCellByIndex(sheet01, n, 6, y): null

08-11-2024T08:24:07 - [TEST_STEP][PASSED] - setValueToCellByIndex(sheet01, n, 7, todaysDate): null

08-11-2024T08:24:07 - [TEST_STEP][PASSED] - n = n + 1: null

08-11-2024T08:24:07 - [TEST_STEP][PASSED] - saveWorkbook(excelFilePath, workbook01): null

08-11-2024T08:24:07 - [TEST_STEP][PASSED] - file = findTestData("PlanFact").getValue(7, a): null

08-11-2024T08:24:07 - [TEST_STEP][PASSED] - file = file.replace(",", "."): null

08-11-2024T08:24:07 - [TEST_STEP][PASSED] - println("file Fact: " + file): null

08-11-2024T08:24:07 - [TEST_STEP][PASSED] - fileDouble = file.toDouble(): null

08-11-2024T08:24:07 - [TEST_STEP][PASSED] - typeOfData = "Факт в процентах": null

08-11-2024T08:24:07 - [TEST_STEP][PASSED] - fileDouble = file.toDouble(): null

08-11-2024T08:24:07 - [TEST_STEP][PASSED] - pageDouble = page2.toDouble(): null

08-11-2024T08:24:07 - [TEST_STEP][PASSED] - if (fileDouble != pageDouble): null

08-11-2024T08:24:07 - [TEST_STEP][PASSED] - numberOfErrors = numberOfErrors + 1: null

08-11-2024T08:24:07 - [TEST_STEP][PASSED] - Script1718980020443.WriteToExcel(a, typeOfData, todaysDate, pageInt, fileInt, pageDouble, fileDouble, dZO): null

08-11-2024T08:24:07 - [TEST_STEP][PASSED] - sheetName = "Sheet1": null

08-11-2024T08:24:07 - [TEST_STEP][PASSED] - data = findTestData("PlanFact"): null

08-11-2024T08:24:07 - [TEST_STEP][PASSED] - n = data.getRowNumbers() + 1: null

08-11-2024T08:24:07 - [TEST_STEP][PASSED] - year = todaysDate.substring(todaysDate.length() - 4, todaysDate.length()): null

08-11-2024T08:24:07 - [TEST_STEP][PASSED] - y = year.toInteger(): null

08-11-2024T08:24:07 - [TEST_STEP][PASSED] - m = getText(findTestObject("Выполнение бизнес-плана/Период")): Text of object 'Object Repository/Выполнение бизнес-плана/Период' is: '1, 2, 3 кв. 2024 года'

08-11-2024T08:24:07 - [MESSAGE][PASSED] - Text of object 'Object Repository/Выполнение бизнес-плана/Период' is: '1, 2, 3 кв. 2024 года'

08-11-2024T08:24:07 - [TEST_STEP][PASSED] - m = m.substring(0, m.indexOf("2024")): null

08-11-2024T08:24:07 - [TEST_STEP][PASSED] - m = m.trim(): null

08-11-2024T08:24:07 - [TEST_STEP][PASSED] - dashboardName = "Выполнение бизнес-плана": null

08-11-2024T08:24:07 - [TEST_STEP][PASSED] - workbook01 = getWorkbook(excelFilePath): null

08-11-2024T08:24:07 - [TEST_STEP][PASSED] - sheet01 = getExcelSheet(workbook01, sheetName): null

08-11-2024T08:24:07 - [TEST_STEP][PASSED] - setValueToCellByIndex(sheet01, n, 0, dashboardName): null

08-11-2024T08:24:07 - [TEST_STEP][PASSED] - setValueToCellByIndex(sheet01, n, 1, dZO): null

08-11-2024T08:24:07 - [TEST_STEP][PASSED] - setValueToCellByIndex(sheet01, n, 2, typeOfData): null

08-11-2024T08:24:07 - [TEST_STEP][PASSED] - if (typeOfData == "Факт в процентах" || typeOfData == "План в процентах"): null

08-11-2024T08:24:07 - [TEST_STEP][PASSED] - setValueToCellByIndex(sheet01, n, 3, fileDouble): null

08-11-2024T08:24:07 - [TEST_STEP][PASSED] - setValueToCellByIndex(sheet01, n, 4, pageDouble): null

08-11-2024T08:24:07 - [TEST_STEP][PASSED] - setValueToCellByIndex(sheet01, n, 5, m): null

08-11-2024T08:24:07 - [TEST_STEP][PASSED] - setValueToCellByIndex(sheet01, n, 6, y): null

08-11-2024T08:24:07 - [TEST_STEP][PASSED] - setValueToCellByIndex(sheet01, n, 7, todaysDate): null

08-11-2024T08:24:07 - [TEST_STEP][PASSED] - n = n + 1: null

08-11-2024T08:24:07 - [TEST_STEP][PASSED] - saveWorkbook(excelFilePath, workbook01): null

08-11-2024T08:24:08 - [TEST_STEP][FAILED] - if (verifyEqual(numberOfErrors, 0) == false): null

08-11-2024T08:24:08 - [MESSAGE][FAILED] - Unable to verify equal between actual object '6' and expected object '0' (Root cause: com.kms.katalon.core.exception.StepFailedException: Actual object '6' and expected object '0' are not equal
	at com.kms.katalon.core.keyword.builtin.VerifyEqualKeyword$_verifyEqual_closure1.doCall(VerifyEqualKeyword.groovy:58)
	at com.kms.katalon.core.keyword.builtin.VerifyEqualKeyword$_verifyEqual_closure1.call(VerifyEqualKeyword.groovy)
	at com.kms.katalon.core.keyword.internal.KeywordMain.runKeyword(KeywordMain.groovy:75)
	at com.kms.katalon.core.keyword.builtin.VerifyEqualKeyword.verifyEqual(VerifyEqualKeyword.groovy:63)
	at com.kms.katalon.core.keyword.builtin.VerifyEqualKeyword.execute(VerifyEqualKeyword.groovy:44)
	at com.kms.katalon.core.keyword.internal.KeywordExecutor.executeKeywordForPlatform(KeywordExecutor.groovy:74)
	at com.kms.katalon.core.keyword.BuiltinKeywords.verifyEqual(BuiltinKeywords.groovy:146)
	at java.base/jdk.internal.reflect.NativeMethodAccessorImpl.invoke0(Native Method)
	at java.base/jdk.internal.reflect.NativeMethodAccessorImpl.invoke(NativeMethodAccessorImpl.java:77)
	at java.base/jdk.internal.reflect.DelegatingMethodAccessorImpl.invoke(DelegatingMethodAccessorImpl.java:43)
	at Выполнение бизнес-плана Сверка ПАО Россети все филиалы.Numbers(Выполнение бизнес-плана Сверка ПАО Россети все филиалы:740)
	at Выполнение бизнес-плана Сверка ПАО Россети все филиалы.run(Выполнение бизнес-плана Сверка ПАО Россети все филиалы:304)
	at com.kms.katalon.core.main.ScriptEngine.run(ScriptEngine.java:194)
	at com.kms.katalon.core.main.ScriptEngine.runScriptAsRawText(ScriptEngine.java:119)
	at com.kms.katalon.core.main.TestCaseExecutor.runScript(TestCaseExecutor.java:448)
	at com.kms.katalon.core.main.TestCaseExecutor.doExecute(TestCaseExecutor.java:439)
	at com.kms.katalon.core.main.TestCaseExecutor.processExecutionPhase(TestCaseExecutor.java:418)
	at com.kms.katalon.core.main.TestCaseExecutor.accessMainPhase(TestCaseExecutor.java:410)
	at com.kms.katalon.core.main.TestCaseExecutor.execute(TestCaseExecutor.java:285)
	at com.kms.katalon.core.common.CommonExecutor.accessTestCaseMainPhase(CommonExecutor.java:65)
	at com.kms.katalon.core.main.TestSuiteExecutor.accessTestSuiteMainPhase(TestSuiteExecutor.java:150)
	at com.kms.katalon.core.main.TestSuiteExecutor.execute(TestSuiteExecutor.java:106)
	at com.kms.katalon.core.main.TestCaseMain.startTestSuite(TestCaseMain.java:180)
	at TempTestSuite1731039737176.run(TempTestSuite1731039737176.groovy:35)
	at java.base/jdk.internal.reflect.NativeMethodAccessorImpl.invoke0(Native Method)
	at java.base/jdk.internal.reflect.NativeMethodAccessorImpl.invoke(NativeMethodAccessorImpl.java:77)
	at java.base/jdk.internal.reflect.DelegatingMethodAccessorImpl.invoke(DelegatingMethodAccessorImpl.java:43)
)

08-11-2024T08:24:08 - [TEST_STEP][PASSED] - println(numberOfErrors): null

08-11-2024T08:24:08 - [TEST_STEP][PASSED] - if (a == 28 || a == 77 || a == 74 || a == 65 || a == 36 || a == 44 || a == 54 || a == 1 || a == 18 || a == 59): null

08-11-2024T08:24:08 - [TEST_STEP][PASSED] - Script1718980020443.Filials(a, typeOfData, todaysDate, pageInt, fileInt, pageDouble, fileDouble, dZO, dzoNum, filialNum): null

08-11-2024T08:24:08 - [TEST_STEP][PASSED] - i = <not implemented yet for class: org.codehaus.groovy.ast.expr.EmptyExpression>: null

08-11-2024T08:24:08 - [TEST_STEP][PASSED] - c = <not implemented yet for class: org.codehaus.groovy.ast.expr.EmptyExpression>: null

08-11-2024T08:24:08 - [TEST_STEP][PASSED] - page = <not implemented yet for class: org.codehaus.groovy.ast.expr.EmptyExpression>: null

08-11-2024T08:24:08 - [TEST_STEP][PASSED] - println(dZO): null

08-11-2024T08:24:08 - [TEST_STEP][PASSED] - reducedDZO = <not implemented yet for class: org.codehaus.groovy.ast.expr.EmptyExpression>: null

08-11-2024T08:24:08 - [TEST_STEP][PASSED] - reducedDZO = dZO.substring(dZO.indexOf(" ") + 1, dZO.length()): null

08-11-2024T08:24:08 - [TEST_STEP][PASSED] - if (reducedDZO.contains(" ")): null

08-11-2024T08:24:08 - [TEST_STEP][PASSED] - reducedDZO = reducedDZO.substring(reducedDZO.indexOf(" ") + 1, reducedDZO.length()): null

08-11-2024T08:24:08 - [TEST_STEP][PASSED] - if (reducedDZO.contains(" ")): null

08-11-2024T08:24:08 - [TEST_STEP][PASSED] - println(reducedDZO): null

08-11-2024T08:24:08 - [TEST_STEP][PASSED] - dzoCut = <not implemented yet for class: org.codehaus.groovy.ast.expr.EmptyExpression>: null

08-11-2024T08:24:08 - [TEST_STEP][PASSED] - Script1718980020443.DZO(a): null

08-11-2024T08:24:08 - [TEST_STEP][PASSED] - Script1718980020443.OpenFilter(): null

08-11-2024T08:24:08 - [TEST_STEP][PASSED] - click(findTestObject("Object Repository/Выполнение бизнес-плана/Фильтр ДЗО")): Object: 'Object Repository/Выполнение бизнес-плана/Фильтр ДЗО' is clicked on

08-11-2024T08:24:08 - [MESSAGE][PASSED] - Object: 'Object Repository/Выполнение бизнес-плана/Фильтр ДЗО' is clicked on

08-11-2024T08:24:08 - [TEST_STEP][PASSED] - click(findTestObject("Выполнение бизнес-плана/Снять выделение в фильтре ДЗО")): Object: 'Object Repository/Выполнение бизнес-плана/Снять выделение в фильтре ДЗО' is clicked on

08-11-2024T08:24:09 - [MESSAGE][PASSED] - Object: 'Object Repository/Выполнение бизнес-плана/Снять выделение в фильтре ДЗО' is clicked on

08-11-2024T08:24:09 - [TEST_STEP][PASSED] - Script1718980020443.OpenRSK(): null

08-11-2024T08:24:09 - [TEST_STEP][PASSED] - click(findTestObject("Выполнение бизнес-плана/Раскрыть список ПАО Россети в фильтре ДЗО")): Object: 'Object Repository/Выполнение бизнес-плана/Раскрыть список ПАО Россети в фильтре ДЗО' is clicked on

08-11-2024T08:24:09 - [MESSAGE][PASSED] - Object: 'Object Repository/Выполнение бизнес-плана/Раскрыть список ПАО Россети в фильтре ДЗО' is clicked on

08-11-2024T08:24:09 - [TEST_STEP][PASSED] - click(findTestObject("Выполнение бизнес-плана/Раскрыть список РаспредКомплекс в фильтре ДЗО")): Object: 'Object Repository/Выполнение бизнес-плана/Раскрыть список РаспредКомплекс в фильтре ДЗО' is clicked on

08-11-2024T08:24:09 - [MESSAGE][PASSED] - Object: 'Object Repository/Выполнение бизнес-плана/Раскрыть список РаспредКомплекс в фильтре ДЗО' is clicked on

08-11-2024T08:24:09 - [TEST_STEP][PASSED] - if (a == 28): null

08-11-2024T08:24:09 - [TEST_STEP][PASSED] - if (a == 77): null

08-11-2024T08:24:09 - [TEST_STEP][PASSED] - if (a == 74): null

08-11-2024T08:24:09 - [TEST_STEP][PASSED] - if (a == 65): Object: 'Object Repository/Выполнение бизнес-плана/Россети Северный Кавказ' is clicked on

08-11-2024T08:24:09 - [TEST_STEP][PASSED] - scrollToElement(findTestObject("Общие объекты/Раскрыть список Россети Северный кавказ"), 30): Scroll to object 'Object Repository/Общие объекты/Раскрыть список Россети Северный кавказ' successfully

08-11-2024T08:24:10 - [MESSAGE][PASSED] - Scroll to object 'Object Repository/Общие объекты/Раскрыть список Россети Северный кавказ' successfully

08-11-2024T08:24:10 - [TEST_STEP][PASSED] - click(findTestObject("Выполнение бизнес-плана/Россети Северный Кавказ")): Object: 'Object Repository/Выполнение бизнес-плана/Россети Северный Кавказ' is clicked on

08-11-2024T08:24:10 - [MESSAGE][PASSED] - Object: 'Object Repository/Выполнение бизнес-плана/Россети Северный Кавказ' is clicked on

08-11-2024T08:24:10 - [TEST_STEP][PASSED] - if (a == 36): null

08-11-2024T08:24:10 - [TEST_STEP][PASSED] - if (a == 44): null

08-11-2024T08:24:10 - [TEST_STEP][PASSED] - if (a == 54): null

08-11-2024T08:24:10 - [TEST_STEP][PASSED] - if (a == 1): null

08-11-2024T08:24:10 - [TEST_STEP][PASSED] - if (a == 18): null

08-11-2024T08:24:10 - [TEST_STEP][PASSED] - if (a == 59): null

08-11-2024T08:24:10 - [TEST_STEP][PASSED] - Script1718980020443.CloseFilter(): null

08-11-2024T08:24:10 - [TEST_STEP][PASSED] - scrollToElement(findTestObject("Выполнение бизнес-плана/Заголовок дашборда"), 30): Scroll to object 'Object Repository/Выполнение бизнес-плана/Заголовок дашборда' successfully

08-11-2024T08:24:10 - [MESSAGE][PASSED] - Scroll to object 'Object Repository/Выполнение бизнес-плана/Заголовок дашборда' successfully

08-11-2024T08:24:10 - [TEST_STEP][PASSED] - click(findTestObject("Object Repository/Выполнение бизнес-плана/Применить в фильтре ДЗО")): Object: 'Object Repository/Выполнение бизнес-плана/Применить в фильтре ДЗО' is clicked on

08-11-2024T08:24:11 - [MESSAGE][PASSED] - Object: 'Object Repository/Выполнение бизнес-плана/Применить в фильтре ДЗО' is clicked on

08-11-2024T08:24:11 - [TEST_STEP][PASSED] - Script1718980020443.ZakrytOpoveshenie(): null

08-11-2024T08:24:11 - [TEST_STEP][PASSED] - delay(10): Delayed 10 second(s)

08-11-2024T08:24:21 - [MESSAGE][PASSED] - Delayed 10 second(s)

08-11-2024T08:24:21 - [TEST_STEP][PASSED] - opoveshenie = getText(findTestObject("Выполнение бизнес-плана/Просьба обратить внимание")): Text of object 'Object Repository/Выполнение бизнес-плана/Просьба обратить внимание' is: ''

08-11-2024T08:24:34 - [MESSAGE][PASSED] - Text of object 'Object Repository/Выполнение бизнес-плана/Просьба обратить внимание' is: ''

08-11-2024T08:24:34 - [TEST_STEP][PASSED] - println(opoveshenie): null

08-11-2024T08:24:34 - [TEST_STEP][PASSED] - if (opoveshenie == "Просьба обратить внимание"): null

08-11-2024T08:24:34 - [TEST_STEP][PASSED] - page = getText(findTestObject("Object Repository/Выполнение бизнес-плана/Filials")): Text of object 'Object Repository/Выполнение бизнес-плана/Filials' is: 'Россети Северный Кавказ
0
10
20
30
40
50
60
70'

08-11-2024T08:24:34 - [MESSAGE][PASSED] - Text of object 'Object Repository/Выполнение бизнес-плана/Filials' is: 'Россети Северный Кавказ
0
10
20
30
40
50
60
70'

08-11-2024T08:24:34 - [TEST_STEP][PASSED] - println(page): null

08-11-2024T08:24:34 - [TEST_STEP][PASSED] - c = page.indexOf(reducedDZO): null

08-11-2024T08:24:34 - [TEST_STEP][PASSED] - if (c > -1): null

08-11-2024T08:24:34 - [TEST_STEP][PASSED] - click(findTestObject("Выполнение бизнес-плана/список")): Object: 'Object Repository/Выполнение бизнес-плана/список' is clicked on

08-11-2024T08:24:34 - [MESSAGE][PASSED] - Object: 'Object Repository/Выполнение бизнес-плана/список' is clicked on

08-11-2024T08:24:34 - [TEST_STEP][PASSED] - delay(10): Delayed 10 second(s)

08-11-2024T08:24:44 - [MESSAGE][PASSED] - Delayed 10 second(s)

08-11-2024T08:24:44 - [TEST_STEP][PASSED] - click(findTestObject("Выполнение бизнес-плана/Раскрытие списка")): Object: 'Object Repository/Выполнение бизнес-плана/Раскрытие списка' is clicked on

08-11-2024T08:24:45 - [MESSAGE][PASSED] - Object: 'Object Repository/Выполнение бизнес-плана/Раскрытие списка' is clicked on

08-11-2024T08:24:45 - [TEST_STEP][PASSED] - delay(10): Delayed 10 second(s)

08-11-2024T08:24:55 - [MESSAGE][PASSED] - Delayed 10 second(s)

08-11-2024T08:24:55 - [TEST_STEP][PASSED] - page = getText(findTestObject("Object Repository/Выполнение бизнес-плана/Filials")): Text of object 'Object Repository/Выполнение бизнес-плана/Filials' is: 'Дагэнерго
Ингушэнерго
Каббалкэнерго
Карачаево-Черкесскэнерго
Севкавказэнерго
Ставропольэнерго
0
10
20
30
40
50
60
70'

08-11-2024T08:24:55 - [MESSAGE][PASSED] - Text of object 'Object Repository/Выполнение бизнес-плана/Filials' is: 'Дагэнерго
Ингушэнерго
Каббалкэнерго
Карачаево-Черкесскэнерго
Севкавказэнерго
Ставропольэнерго
0
10
20
30
40
50
60
70'

08-11-2024T08:24:55 - [TEST_STEP][PASSED] - println(page): null

08-11-2024T08:24:55 - [TEST_STEP][PASSED] - c = page.indexOf(reducedDZO): null

08-11-2024T08:24:55 - [TEST_STEP][PASSED] - x2 = getText(findTestObject("Выполнение бизнес-плана/Список ДЗО старый")): Text of object 'Object Repository/Выполнение бизнес-плана/Список ДЗО старый' is: 'Дагэнерго
Ингушэнерго
Каббалкэнерго
Карачаево-Черкесскэнерго
Севкавказэнерго
Ставропольэнерго
0
10
20
30
40
50
60
70'

08-11-2024T08:24:55 - [MESSAGE][PASSED] - Text of object 'Object Repository/Выполнение бизнес-плана/Список ДЗО старый' is: 'Дагэнерго
Ингушэнерго
Каббалкэнерго
Карачаево-Черкесскэнерго
Севкавказэнерго
Ставропольэнерго
0
10
20
30
40
50
60
70'

08-11-2024T08:24:55 - [TEST_STEP][PASSED] - if (a == 28): null

08-11-2024T08:24:55 - [TEST_STEP][PASSED] - if (a == 77): null

08-11-2024T08:24:55 - [TEST_STEP][PASSED] - if (a == 74): null

08-11-2024T08:24:55 - [TEST_STEP][PASSED] - if (a == 65): null

08-11-2024T08:24:55 - [TEST_STEP][PASSED] - dZO = "Дагэнерго": null

08-11-2024T08:24:55 - [TEST_STEP][PASSED] - a = 71: null

08-11-2024T08:24:55 - [TEST_STEP][PASSED] - if (x2.contains(dZO)): null

08-11-2024T08:24:55 - [TEST_STEP][PASSED] - filialNum = filialNum + 1: null

08-11-2024T08:24:55 - [TEST_STEP][PASSED] - Script1718980020443.Numbers(a, typeOfData, todaysDate, pageInt, fileInt, pageDouble, fileDouble, dZO, dzoNum, filialNum): null

08-11-2024T08:24:55 - [TEST_STEP][PASSED] - println(dzoNum): null

08-11-2024T08:24:55 - [TEST_STEP][PASSED] - planFact = <not implemented yet for class: org.codehaus.groovy.ast.expr.EmptyExpression>: null

08-11-2024T08:24:55 - [TEST_STEP][PASSED] - page = <not implemented yet for class: org.codehaus.groovy.ast.expr.EmptyExpression>: null

08-11-2024T08:24:55 - [TEST_STEP][PASSED] - page1 = <not implemented yet for class: org.codehaus.groovy.ast.expr.EmptyExpression>: null

08-11-2024T08:24:55 - [TEST_STEP][PASSED] - page2 = <not implemented yet for class: org.codehaus.groovy.ast.expr.EmptyExpression>: null

08-11-2024T08:24:55 - [TEST_STEP][PASSED] - filialNumberInRow = <not implemented yet for class: org.codehaus.groovy.ast.expr.EmptyExpression>: null

08-11-2024T08:24:55 - [TEST_STEP][PASSED] - filialsDzoNames = <not implemented yet for class: org.codehaus.groovy.ast.expr.EmptyExpression>: null

08-11-2024T08:24:55 - [TEST_STEP][PASSED] - numberOfFilials = <not implemented yet for class: org.codehaus.groovy.ast.expr.EmptyExpression>: null

08-11-2024T08:24:55 - [TEST_STEP][PASSED] - numberOfSpaces = <not implemented yet for class: org.codehaus.groovy.ast.expr.EmptyExpression>: null

08-11-2024T08:24:55 - [TEST_STEP][PASSED] - file = <not implemented yet for class: org.codehaus.groovy.ast.expr.EmptyExpression>: null

08-11-2024T08:24:55 - [TEST_STEP][PASSED] - otpusk = <not implemented yet for class: org.codehaus.groovy.ast.expr.EmptyExpression>: null

08-11-2024T08:24:55 - [TEST_STEP][PASSED] - poteri = <not implemented yet for class: org.codehaus.groovy.ast.expr.EmptyExpression>: null

08-11-2024T08:24:55 - [TEST_STEP][PASSED] - dataFolder = "Выполнение бизнес-плана/Значения со страницы Выполнение бизнес-плана/": null

08-11-2024T08:24:55 - [TEST_STEP][PASSED] - path = <not implemented yet for class: org.codehaus.groovy.ast.expr.EmptyExpression>: null

08-11-2024T08:24:55 - [TEST_STEP][PASSED] - typeOfDataMain = <not implemented yet for class: org.codehaus.groovy.ast.expr.EmptyExpression>: null

08-11-2024T08:24:55 - [TEST_STEP][PASSED] - fileOtpuskVSet = <not implemented yet for class: org.codehaus.groovy.ast.expr.EmptyExpression>: null

08-11-2024T08:24:55 - [TEST_STEP][PASSED] - pageOtpuskVSet = <not implemented yet for class: org.codehaus.groovy.ast.expr.EmptyExpression>: null

08-11-2024T08:24:55 - [TEST_STEP][PASSED] - filePoteri = <not implemented yet for class: org.codehaus.groovy.ast.expr.EmptyExpression>: null

08-11-2024T08:24:55 - [TEST_STEP][PASSED] - pagePoteri = <not implemented yet for class: org.codehaus.groovy.ast.expr.EmptyExpression>: null

08-11-2024T08:24:55 - [TEST_STEP][PASSED] - compare = <not implemented yet for class: org.codehaus.groovy.ast.expr.EmptyExpression>: null

08-11-2024T08:24:55 - [TEST_STEP][PASSED] - b = <not implemented yet for class: org.codehaus.groovy.ast.expr.EmptyExpression>: null

08-11-2024T08:24:55 - [TEST_STEP][PASSED] - i = <not implemented yet for class: org.codehaus.groovy.ast.expr.EmptyExpression>: null

08-11-2024T08:24:55 - [TEST_STEP][PASSED] - ii = <not implemented yet for class: org.codehaus.groovy.ast.expr.EmptyExpression>: null

08-11-2024T08:24:55 - [TEST_STEP][PASSED] - c = <not implemented yet for class: org.codehaus.groovy.ast.expr.EmptyExpression>: null

08-11-2024T08:24:55 - [TEST_STEP][PASSED] - numberOfErrors = 0: null

08-11-2024T08:24:55 - [TEST_STEP][PASSED] - if (a == 82): null

08-11-2024T08:24:55 - [TEST_STEP][PASSED] - b = findTestData("PlanFact").getValue(1, a): null

08-11-2024T08:24:55 - [TEST_STEP][PASSED] - i = b.indexOf(" (ГК)"): null

08-11-2024T08:24:55 - [TEST_STEP][PASSED] - if (i > -1): null

08-11-2024T08:24:55 - [TEST_STEP][PASSED] - i = b.indexOf("О ""): null

08-11-2024T08:24:55 - [TEST_STEP][PASSED] - if (i > -1): null

08-11-2024T08:24:55 - [TEST_STEP][PASSED] - i = b.indexOf("О «"): null

08-11-2024T08:24:55 - [TEST_STEP][PASSED] - if (i > -1): null

08-11-2024T08:24:55 - [TEST_STEP][PASSED] - i = b.indexOf("г. "): null

08-11-2024T08:24:55 - [TEST_STEP][PASSED] - if (i > -1): null

08-11-2024T08:24:55 - [TEST_STEP][PASSED] - println(b): null

08-11-2024T08:24:55 - [TEST_STEP][PASSED] - for ([planFact = 1, planFact < 3, (planFact++)]): null

08-11-2024T08:24:55 - [TEST_STEP][PASSED] - if (planFact == 1): null

08-11-2024T08:24:55 - [TEST_STEP][PASSED] - typeOfDataMain = "Факт": null

08-11-2024T08:24:55 - [TEST_STEP][PASSED] - otpusk = findTestData("PlanFact").getValue(5, a): null

08-11-2024T08:24:55 - [TEST_STEP][PASSED] - poteri = findTestData("PlanFact").getValue(6, a): null

08-11-2024T08:24:56 - [TEST_STEP][PASSED] - otpusk = otpusk.replaceAll("\s+", ""): null

08-11-2024T08:24:56 - [TEST_STEP][PASSED] - poteri = poteri.replaceAll("\s+", ""): null

08-11-2024T08:24:56 - [TEST_STEP][PASSED] - typeOfData = typeOfDataMain + " Отпуск в сеть": null

08-11-2024T08:24:56 - [TEST_STEP][PASSED] - if (a == 82): null

08-11-2024T08:24:56 - [TEST_STEP][PASSED] - else if (a == 84): null

08-11-2024T08:24:56 - [TEST_STEP][PASSED] - else if (a == 52 || a == 72 || a == 28 || a == 73 || a == 77 || a == 74 || a == 65 || a == 36 || a == 44 || a == 53 || a == 80 || a == 54 || a == 1 || a == 18 || a == 59 || a == 81): null

08-11-2024T08:24:56 - [TEST_STEP][PASSED] - else: null

08-11-2024T08:24:56 - [TEST_STEP][PASSED] - path = dataFolder + typeOfData + " за отчётный период " + b: null

08-11-2024T08:24:56 - [TEST_STEP][PASSED] - println(path): null

08-11-2024T08:24:56 - [TEST_STEP][PASSED] - page = getText(findTestObject(path)): Text of object 'Object Repository/Выполнение бизнес-плана/Значения со страницы Выполнение бизнес-плана/Факт Отпуск в сеть за отчётный период Дагэнерго' is: '6 037 403'

08-11-2024T08:24:56 - [MESSAGE][PASSED] - Text of object 'Object Repository/Выполнение бизнес-плана/Значения со страницы Выполнение бизнес-плана/Факт Отпуск в сеть за отчётный период Дагэнерго' is: '6 037 403'

08-11-2024T08:24:56 - [TEST_STEP][PASSED] - page = page.replaceAll("\s+", ""): null

08-11-2024T08:24:56 - [TEST_STEP][PASSED] - fileOtpuskVSet = otpusk.toInteger(): null

08-11-2024T08:24:56 - [TEST_STEP][PASSED] - pageOtpuskVSet = page.toInteger(): null

08-11-2024T08:24:56 - [TEST_STEP][PASSED] - typeOfData = typeOfDataMain + " Потери": null

08-11-2024T08:24:56 - [TEST_STEP][PASSED] - if (a == 82): null

08-11-2024T08:24:56 - [TEST_STEP][PASSED] - else if (a == 84): null

08-11-2024T08:24:56 - [TEST_STEP][PASSED] - else if (a == 52 || a == 72 || a == 28 || a == 73 || a == 77 || a == 74 || a == 65 || a == 36 || a == 44 || a == 53 || a == 80 || a == 54 || a == 1 || a == 18 || a == 59 || a == 81): null

08-11-2024T08:24:56 - [TEST_STEP][PASSED] - else: null

08-11-2024T08:24:56 - [TEST_STEP][PASSED] - path = dataFolder + typeOfData + " за отчётный период " + b: null

08-11-2024T08:24:56 - [TEST_STEP][PASSED] - page = getText(findTestObject(path)): Text of object 'Object Repository/Выполнение бизнес-плана/Значения со страницы Выполнение бизнес-плана/Факт Потери за отчётный период Дагэнерго' is: '2 937 983'

08-11-2024T08:24:56 - [MESSAGE][PASSED] - Text of object 'Object Repository/Выполнение бизнес-плана/Значения со страницы Выполнение бизнес-плана/Факт Потери за отчётный период Дагэнерго' is: '2 937 983'

08-11-2024T08:24:56 - [TEST_STEP][PASSED] - page = page.replaceAll("\s+", ""): null

08-11-2024T08:24:56 - [TEST_STEP][PASSED] - filePoteri = poteri.toInteger(): null

08-11-2024T08:24:56 - [TEST_STEP][PASSED] - pagePoteri = page.toInteger(): null

08-11-2024T08:24:56 - [TEST_STEP][PASSED] - compare = pageOtpuskVSet: null

08-11-2024T08:24:56 - [TEST_STEP][PASSED] - if (compare == fileOtpuskVSet): null

08-11-2024T08:24:56 - [TEST_STEP][PASSED] - else if (compare > fileOtpuskVSet): null

08-11-2024T08:24:56 - [TEST_STEP][PASSED] - else if (compare < fileOtpuskVSet): null

08-11-2024T08:24:56 - [TEST_STEP][PASSED] - compare = compare + 1: null

08-11-2024T08:24:56 - [TEST_STEP][PASSED] - if (compare == fileOtpuskVSet): null

08-11-2024T08:24:56 - [TEST_STEP][PASSED] - else: null

08-11-2024T08:24:56 - [TEST_STEP][PASSED] - numberOfErrors = numberOfErrors + 1: null

08-11-2024T08:24:56 - [TEST_STEP][PASSED] - pageInt = pageOtpuskVSet: null

08-11-2024T08:24:56 - [TEST_STEP][PASSED] - fileInt = fileOtpuskVSet: null

08-11-2024T08:24:56 - [TEST_STEP][PASSED] - typeOfData = typeOfDataMain + " Отпуск в сеть": null

08-11-2024T08:24:56 - [TEST_STEP][PASSED] - Script1718980020443.WriteToExcel(a, typeOfData, todaysDate, pageInt, fileInt, pageDouble, fileDouble, dZO): null

08-11-2024T08:24:56 - [TEST_STEP][PASSED] - sheetName = "Sheet1": null

08-11-2024T08:24:56 - [TEST_STEP][PASSED] - data = findTestData("PlanFact"): null

08-11-2024T08:24:56 - [TEST_STEP][PASSED] - n = data.getRowNumbers() + 1: null

08-11-2024T08:24:56 - [TEST_STEP][PASSED] - year = todaysDate.substring(todaysDate.length() - 4, todaysDate.length()): null

08-11-2024T08:24:56 - [TEST_STEP][PASSED] - y = year.toInteger(): null

08-11-2024T08:24:56 - [TEST_STEP][PASSED] - m = getText(findTestObject("Выполнение бизнес-плана/Период")): Text of object 'Object Repository/Выполнение бизнес-плана/Период' is: '1, 2, 3 кв. 2024 года'

08-11-2024T08:24:57 - [MESSAGE][PASSED] - Text of object 'Object Repository/Выполнение бизнес-плана/Период' is: '1, 2, 3 кв. 2024 года'

08-11-2024T08:24:57 - [TEST_STEP][PASSED] - m = m.substring(0, m.indexOf("2024")): null

08-11-2024T08:24:57 - [TEST_STEP][PASSED] - m = m.trim(): null

08-11-2024T08:24:57 - [TEST_STEP][PASSED] - dashboardName = "Выполнение бизнес-плана": null

08-11-2024T08:24:57 - [TEST_STEP][PASSED] - workbook01 = getWorkbook(excelFilePath): null

08-11-2024T08:24:57 - [TEST_STEP][PASSED] - sheet01 = getExcelSheet(workbook01, sheetName): null

08-11-2024T08:24:57 - [TEST_STEP][PASSED] - setValueToCellByIndex(sheet01, n, 0, dashboardName): null

08-11-2024T08:24:57 - [TEST_STEP][PASSED] - setValueToCellByIndex(sheet01, n, 1, dZO): null

08-11-2024T08:24:57 - [TEST_STEP][PASSED] - setValueToCellByIndex(sheet01, n, 2, typeOfData): null

08-11-2024T08:24:57 - [TEST_STEP][PASSED] - if (typeOfData == "Факт в процентах" || typeOfData == "План в процентах"): null

08-11-2024T08:24:57 - [TEST_STEP][PASSED] - else: null

08-11-2024T08:24:57 - [TEST_STEP][PASSED] - setValueToCellByIndex(sheet01, n, 3, fileInt): null

08-11-2024T08:24:57 - [TEST_STEP][PASSED] - setValueToCellByIndex(sheet01, n, 4, pageInt): null

08-11-2024T08:24:57 - [TEST_STEP][PASSED] - setValueToCellByIndex(sheet01, n, 5, m): null

08-11-2024T08:24:57 - [TEST_STEP][PASSED] - setValueToCellByIndex(sheet01, n, 6, y): null

08-11-2024T08:24:57 - [TEST_STEP][PASSED] - setValueToCellByIndex(sheet01, n, 7, todaysDate): null

08-11-2024T08:24:57 - [TEST_STEP][PASSED] - n = n + 1: null

08-11-2024T08:24:57 - [TEST_STEP][PASSED] - saveWorkbook(excelFilePath, workbook01): null

08-11-2024T08:24:57 - [TEST_STEP][PASSED] - compare = pagePoteri: null

08-11-2024T08:24:57 - [TEST_STEP][PASSED] - if (compare == filePoteri): null

08-11-2024T08:24:57 - [TEST_STEP][PASSED] - else if (compare > filePoteri): null

08-11-2024T08:24:57 - [TEST_STEP][PASSED] - else if (compare < filePoteri): null

08-11-2024T08:24:57 - [TEST_STEP][PASSED] - compare = compare + 1: null

08-11-2024T08:24:57 - [TEST_STEP][PASSED] - if (compare == filePoteri): null

08-11-2024T08:24:57 - [TEST_STEP][PASSED] - else: null

08-11-2024T08:24:57 - [TEST_STEP][PASSED] - numberOfErrors = numberOfErrors + 1: null

08-11-2024T08:24:57 - [TEST_STEP][PASSED] - pageInt = pagePoteri: null

08-11-2024T08:24:57 - [TEST_STEP][PASSED] - fileInt = filePoteri: null

08-11-2024T08:24:57 - [TEST_STEP][PASSED] - typeOfData = typeOfDataMain + " Потери": null

08-11-2024T08:24:57 - [TEST_STEP][PASSED] - Script1718980020443.WriteToExcel(a, typeOfData, todaysDate, pageInt, fileInt, pageDouble, fileDouble, dZO): null

08-11-2024T08:24:57 - [TEST_STEP][PASSED] - sheetName = "Sheet1": null

08-11-2024T08:24:57 - [TEST_STEP][PASSED] - data = findTestData("PlanFact"): null

08-11-2024T08:24:57 - [TEST_STEP][PASSED] - n = data.getRowNumbers() + 1: null

08-11-2024T08:24:57 - [TEST_STEP][PASSED] - year = todaysDate.substring(todaysDate.length() - 4, todaysDate.length()): null

08-11-2024T08:24:57 - [TEST_STEP][PASSED] - y = year.toInteger(): null

08-11-2024T08:24:57 - [TEST_STEP][PASSED] - m = getText(findTestObject("Выполнение бизнес-плана/Период")): Text of object 'Object Repository/Выполнение бизнес-плана/Период' is: '1, 2, 3 кв. 2024 года'

08-11-2024T08:24:57 - [MESSAGE][PASSED] - Text of object 'Object Repository/Выполнение бизнес-плана/Период' is: '1, 2, 3 кв. 2024 года'

08-11-2024T08:24:57 - [TEST_STEP][PASSED] - m = m.substring(0, m.indexOf("2024")): null

08-11-2024T08:24:57 - [TEST_STEP][PASSED] - m = m.trim(): null

08-11-2024T08:24:57 - [TEST_STEP][PASSED] - dashboardName = "Выполнение бизнес-плана": null

08-11-2024T08:24:57 - [TEST_STEP][PASSED] - workbook01 = getWorkbook(excelFilePath): null

08-11-2024T08:24:57 - [TEST_STEP][PASSED] - sheet01 = getExcelSheet(workbook01, sheetName): null

08-11-2024T08:24:57 - [TEST_STEP][PASSED] - setValueToCellByIndex(sheet01, n, 0, dashboardName): null

08-11-2024T08:24:57 - [TEST_STEP][PASSED] - setValueToCellByIndex(sheet01, n, 1, dZO): null

08-11-2024T08:24:57 - [TEST_STEP][PASSED] - setValueToCellByIndex(sheet01, n, 2, typeOfData): null

08-11-2024T08:24:57 - [TEST_STEP][PASSED] - if (typeOfData == "Факт в процентах" || typeOfData == "План в процентах"): null

08-11-2024T08:24:57 - [TEST_STEP][PASSED] - else: null

08-11-2024T08:24:57 - [TEST_STEP][PASSED] - setValueToCellByIndex(sheet01, n, 3, fileInt): null

08-11-2024T08:24:57 - [TEST_STEP][PASSED] - setValueToCellByIndex(sheet01, n, 4, pageInt): null

08-11-2024T08:24:57 - [TEST_STEP][PASSED] - setValueToCellByIndex(sheet01, n, 5, m): null

08-11-2024T08:24:57 - [TEST_STEP][PASSED] - setValueToCellByIndex(sheet01, n, 6, y): null

08-11-2024T08:24:57 - [TEST_STEP][PASSED] - setValueToCellByIndex(sheet01, n, 7, todaysDate): null

08-11-2024T08:24:57 - [TEST_STEP][PASSED] - n = n + 1: null

08-11-2024T08:24:57 - [TEST_STEP][PASSED] - saveWorkbook(excelFilePath, workbook01): null

08-11-2024T08:24:58 - [TEST_STEP][PASSED] - if (planFact == 2): null

08-11-2024T08:24:58 - [TEST_STEP][PASSED] - if (planFact == 1): null

08-11-2024T08:24:58 - [TEST_STEP][PASSED] - else if (planFact == 2): null

08-11-2024T08:24:58 - [TEST_STEP][PASSED] - click(findTestObject("Выполнение бизнес-плана/Кнопка План")): Object: 'Object Repository/Выполнение бизнес-плана/Кнопка План' is clicked on

08-11-2024T08:24:58 - [MESSAGE][PASSED] - Object: 'Object Repository/Выполнение бизнес-плана/Кнопка План' is clicked on

08-11-2024T08:24:58 - [TEST_STEP][PASSED] - typeOfDataMain = "План": null

08-11-2024T08:24:58 - [TEST_STEP][PASSED] - otpusk = findTestData("PlanFact").getValue(2, a): null

08-11-2024T08:24:58 - [TEST_STEP][PASSED] - poteri = findTestData("PlanFact").getValue(3, a): null

08-11-2024T08:24:58 - [TEST_STEP][PASSED] - otpusk = otpusk.replaceAll("\s+", ""): null

08-11-2024T08:24:58 - [TEST_STEP][PASSED] - poteri = poteri.replaceAll("\s+", ""): null

08-11-2024T08:24:58 - [TEST_STEP][PASSED] - typeOfData = typeOfDataMain + " Отпуск в сеть": null

08-11-2024T08:24:58 - [TEST_STEP][PASSED] - if (a == 82): null

08-11-2024T08:24:58 - [TEST_STEP][PASSED] - else if (a == 84): null

08-11-2024T08:24:58 - [TEST_STEP][PASSED] - else if (a == 52 || a == 72 || a == 28 || a == 73 || a == 77 || a == 74 || a == 65 || a == 36 || a == 44 || a == 53 || a == 80 || a == 54 || a == 1 || a == 18 || a == 59 || a == 81): null

08-11-2024T08:24:58 - [TEST_STEP][PASSED] - else: null

08-11-2024T08:24:58 - [TEST_STEP][PASSED] - path = dataFolder + typeOfData + " за отчётный период " + b: null

08-11-2024T08:24:58 - [TEST_STEP][PASSED] - println(path): null

08-11-2024T08:24:58 - [TEST_STEP][PASSED] - page = getText(findTestObject(path)): Text of object 'Object Repository/Выполнение бизнес-плана/Значения со страницы Выполнение бизнес-плана/План Отпуск в сеть за отчётный период Дагэнерго' is: '5 655 886'

08-11-2024T08:24:58 - [MESSAGE][PASSED] - Text of object 'Object Repository/Выполнение бизнес-плана/Значения со страницы Выполнение бизнес-плана/План Отпуск в сеть за отчётный период Дагэнерго' is: '5 655 886'

08-11-2024T08:24:58 - [TEST_STEP][PASSED] - page = page.replaceAll("\s+", ""): null

08-11-2024T08:24:58 - [TEST_STEP][PASSED] - fileOtpuskVSet = otpusk.toInteger(): null

08-11-2024T08:24:58 - [TEST_STEP][PASSED] - pageOtpuskVSet = page.toInteger(): null

08-11-2024T08:24:58 - [TEST_STEP][PASSED] - typeOfData = typeOfDataMain + " Потери": null

08-11-2024T08:24:58 - [TEST_STEP][PASSED] - if (a == 82): null

08-11-2024T08:24:58 - [TEST_STEP][PASSED] - else if (a == 84): null

08-11-2024T08:24:58 - [TEST_STEP][PASSED] - else if (a == 52 || a == 72 || a == 28 || a == 73 || a == 77 || a == 74 || a == 65 || a == 36 || a == 44 || a == 53 || a == 80 || a == 54 || a == 1 || a == 18 || a == 59 || a == 81): null

08-11-2024T08:24:58 - [TEST_STEP][PASSED] - else: null

08-11-2024T08:24:58 - [TEST_STEP][PASSED] - path = dataFolder + typeOfData + " за отчётный период " + b: null

08-11-2024T08:24:58 - [TEST_STEP][PASSED] - page = getText(findTestObject(path)): Text of object 'Object Repository/Выполнение бизнес-плана/Значения со страницы Выполнение бизнес-плана/План Потери за отчётный период Дагэнерго' is: '2 278 600'

08-11-2024T08:24:59 - [MESSAGE][PASSED] - Text of object 'Object Repository/Выполнение бизнес-плана/Значения со страницы Выполнение бизнес-плана/План Потери за отчётный период Дагэнерго' is: '2 278 600'

08-11-2024T08:24:59 - [TEST_STEP][PASSED] - page = page.replaceAll("\s+", ""): null

08-11-2024T08:24:59 - [TEST_STEP][PASSED] - filePoteri = poteri.toInteger(): null

08-11-2024T08:24:59 - [TEST_STEP][PASSED] - pagePoteri = page.toInteger(): null

08-11-2024T08:24:59 - [TEST_STEP][PASSED] - compare = pageOtpuskVSet: null

08-11-2024T08:24:59 - [TEST_STEP][PASSED] - if (compare == fileOtpuskVSet): null

08-11-2024T08:24:59 - [TEST_STEP][PASSED] - else if (compare > fileOtpuskVSet): null

08-11-2024T08:24:59 - [TEST_STEP][PASSED] - else if (compare < fileOtpuskVSet): null

08-11-2024T08:24:59 - [TEST_STEP][PASSED] - compare = compare + 1: null

08-11-2024T08:24:59 - [TEST_STEP][PASSED] - if (compare == fileOtpuskVSet): null

08-11-2024T08:24:59 - [TEST_STEP][PASSED] - else: null

08-11-2024T08:24:59 - [TEST_STEP][PASSED] - numberOfErrors = numberOfErrors + 1: null

08-11-2024T08:24:59 - [TEST_STEP][PASSED] - pageInt = pageOtpuskVSet: null

08-11-2024T08:24:59 - [TEST_STEP][PASSED] - fileInt = fileOtpuskVSet: null

08-11-2024T08:24:59 - [TEST_STEP][PASSED] - typeOfData = typeOfDataMain + " Отпуск в сеть": null

08-11-2024T08:24:59 - [TEST_STEP][PASSED] - Script1718980020443.WriteToExcel(a, typeOfData, todaysDate, pageInt, fileInt, pageDouble, fileDouble, dZO): null

08-11-2024T08:24:59 - [TEST_STEP][PASSED] - sheetName = "Sheet1": null

08-11-2024T08:24:59 - [TEST_STEP][PASSED] - data = findTestData("PlanFact"): null

08-11-2024T08:24:59 - [TEST_STEP][PASSED] - n = data.getRowNumbers() + 1: null

08-11-2024T08:24:59 - [TEST_STEP][PASSED] - year = todaysDate.substring(todaysDate.length() - 4, todaysDate.length()): null

08-11-2024T08:24:59 - [TEST_STEP][PASSED] - y = year.toInteger(): null

08-11-2024T08:24:59 - [TEST_STEP][PASSED] - m = getText(findTestObject("Выполнение бизнес-плана/Период")): Text of object 'Object Repository/Выполнение бизнес-плана/Период' is: '1, 2, 3 кв. 2024 года'

08-11-2024T08:24:59 - [MESSAGE][PASSED] - Text of object 'Object Repository/Выполнение бизнес-плана/Период' is: '1, 2, 3 кв. 2024 года'

08-11-2024T08:24:59 - [TEST_STEP][PASSED] - m = m.substring(0, m.indexOf("2024")): null

08-11-2024T08:24:59 - [TEST_STEP][PASSED] - m = m.trim(): null

08-11-2024T08:24:59 - [TEST_STEP][PASSED] - dashboardName = "Выполнение бизнес-плана": null

08-11-2024T08:24:59 - [TEST_STEP][PASSED] - workbook01 = getWorkbook(excelFilePath): null

08-11-2024T08:24:59 - [TEST_STEP][PASSED] - sheet01 = getExcelSheet(workbook01, sheetName): null

08-11-2024T08:24:59 - [TEST_STEP][PASSED] - setValueToCellByIndex(sheet01, n, 0, dashboardName): null

08-11-2024T08:24:59 - [TEST_STEP][PASSED] - setValueToCellByIndex(sheet01, n, 1, dZO): null

08-11-2024T08:24:59 - [TEST_STEP][PASSED] - setValueToCellByIndex(sheet01, n, 2, typeOfData): null

08-11-2024T08:24:59 - [TEST_STEP][PASSED] - if (typeOfData == "Факт в процентах" || typeOfData == "План в процентах"): null

08-11-2024T08:24:59 - [TEST_STEP][PASSED] - else: null

08-11-2024T08:24:59 - [TEST_STEP][PASSED] - setValueToCellByIndex(sheet01, n, 3, fileInt): null

08-11-2024T08:24:59 - [TEST_STEP][PASSED] - setValueToCellByIndex(sheet01, n, 4, pageInt): null

08-11-2024T08:24:59 - [TEST_STEP][PASSED] - setValueToCellByIndex(sheet01, n, 5, m): null

08-11-2024T08:24:59 - [TEST_STEP][PASSED] - setValueToCellByIndex(sheet01, n, 6, y): null

08-11-2024T08:24:59 - [TEST_STEP][PASSED] - setValueToCellByIndex(sheet01, n, 7, todaysDate): null

08-11-2024T08:24:59 - [TEST_STEP][PASSED] - n = n + 1: null

08-11-2024T08:24:59 - [TEST_STEP][PASSED] - saveWorkbook(excelFilePath, workbook01): null

08-11-2024T08:24:59 - [TEST_STEP][PASSED] - compare = pagePoteri: null

08-11-2024T08:24:59 - [TEST_STEP][PASSED] - if (compare == filePoteri): null

08-11-2024T08:24:59 - [TEST_STEP][PASSED] - else if (compare > filePoteri): null

08-11-2024T08:24:59 - [TEST_STEP][PASSED] - else if (compare < filePoteri): null

08-11-2024T08:24:59 - [TEST_STEP][PASSED] - compare = compare + 1: null

08-11-2024T08:24:59 - [TEST_STEP][PASSED] - if (compare == filePoteri): null

08-11-2024T08:24:59 - [TEST_STEP][PASSED] - else: null

08-11-2024T08:24:59 - [TEST_STEP][PASSED] - numberOfErrors = numberOfErrors + 1: null

08-11-2024T08:24:59 - [TEST_STEP][PASSED] - pageInt = pagePoteri: null

08-11-2024T08:24:59 - [TEST_STEP][PASSED] - fileInt = filePoteri: null

08-11-2024T08:24:59 - [TEST_STEP][PASSED] - typeOfData = typeOfDataMain + " Потери": null

08-11-2024T08:24:59 - [TEST_STEP][PASSED] - Script1718980020443.WriteToExcel(a, typeOfData, todaysDate, pageInt, fileInt, pageDouble, fileDouble, dZO): null

08-11-2024T08:24:59 - [TEST_STEP][PASSED] - sheetName = "Sheet1": null

08-11-2024T08:24:59 - [TEST_STEP][PASSED] - data = findTestData("PlanFact"): null

08-11-2024T08:24:59 - [TEST_STEP][PASSED] - n = data.getRowNumbers() + 1: null

08-11-2024T08:24:59 - [TEST_STEP][PASSED] - year = todaysDate.substring(todaysDate.length() - 4, todaysDate.length()): null

08-11-2024T08:24:59 - [TEST_STEP][PASSED] - y = year.toInteger(): null

08-11-2024T08:24:59 - [TEST_STEP][PASSED] - m = getText(findTestObject("Выполнение бизнес-плана/Период")): Text of object 'Object Repository/Выполнение бизнес-плана/Период' is: '1, 2, 3 кв. 2024 года'

08-11-2024T08:25:00 - [MESSAGE][PASSED] - Text of object 'Object Repository/Выполнение бизнес-плана/Период' is: '1, 2, 3 кв. 2024 года'

08-11-2024T08:25:00 - [TEST_STEP][PASSED] - m = m.substring(0, m.indexOf("2024")): null

08-11-2024T08:25:00 - [TEST_STEP][PASSED] - m = m.trim(): null

08-11-2024T08:25:00 - [TEST_STEP][PASSED] - dashboardName = "Выполнение бизнес-плана": null

08-11-2024T08:25:00 - [TEST_STEP][PASSED] - workbook01 = getWorkbook(excelFilePath): null

08-11-2024T08:25:00 - [TEST_STEP][PASSED] - sheet01 = getExcelSheet(workbook01, sheetName): null

08-11-2024T08:25:00 - [TEST_STEP][PASSED] - setValueToCellByIndex(sheet01, n, 0, dashboardName): null

08-11-2024T08:25:00 - [TEST_STEP][PASSED] - setValueToCellByIndex(sheet01, n, 1, dZO): null

08-11-2024T08:25:00 - [TEST_STEP][PASSED] - setValueToCellByIndex(sheet01, n, 2, typeOfData): null

08-11-2024T08:25:00 - [TEST_STEP][PASSED] - if (typeOfData == "Факт в процентах" || typeOfData == "План в процентах"): null

08-11-2024T08:25:00 - [TEST_STEP][PASSED] - else: null

08-11-2024T08:25:00 - [TEST_STEP][PASSED] - setValueToCellByIndex(sheet01, n, 3, fileInt): null

08-11-2024T08:25:00 - [TEST_STEP][PASSED] - setValueToCellByIndex(sheet01, n, 4, pageInt): null

08-11-2024T08:25:00 - [TEST_STEP][PASSED] - setValueToCellByIndex(sheet01, n, 5, m): null

08-11-2024T08:25:00 - [TEST_STEP][PASSED] - setValueToCellByIndex(sheet01, n, 6, y): null

08-11-2024T08:25:00 - [TEST_STEP][PASSED] - setValueToCellByIndex(sheet01, n, 7, todaysDate): null

08-11-2024T08:25:00 - [TEST_STEP][PASSED] - n = n + 1: null

08-11-2024T08:25:00 - [TEST_STEP][PASSED] - saveWorkbook(excelFilePath, workbook01): Object: 'Object Repository/Выполнение бизнес-плана/Кнопка Факт' is clicked on

08-11-2024T08:25:00 - [TEST_STEP][PASSED] - if (planFact == 2): Object: 'Object Repository/Выполнение бизнес-плана/Кнопка Факт' is clicked on

08-11-2024T08:25:00 - [TEST_STEP][PASSED] - click(findTestObject("Выполнение бизнес-плана/Кнопка Факт")): Object: 'Object Repository/Выполнение бизнес-плана/Кнопка Факт' is clicked on

08-11-2024T08:25:00 - [MESSAGE][PASSED] - Object: 'Object Repository/Выполнение бизнес-плана/Кнопка Факт' is clicked on

08-11-2024T08:25:00 - [TEST_STEP][PASSED] - if (a == 84 || a == 82): null

08-11-2024T08:25:00 - [TEST_STEP][PASSED] - else if (a == 52 || a == 72 || a == 28 || a == 73 || a == 77 || a == 74 || a == 65 || a == 36 || a == 44 || a == 53 || a == 80 || a == 54 || a == 1 || a == 18 || a == 59 || a == 81): null

08-11-2024T08:25:00 - [TEST_STEP][PASSED] - else: null

08-11-2024T08:25:00 - [TEST_STEP][PASSED] - page1 = getText(findTestObject("Object Repository/Выполнение бизнес-плана/spanPlan" + filialNum)): Text of object 'Object Repository/Выполнение бизнес-плана/spanPlan1' is: '40.29
|'

08-11-2024T08:25:01 - [MESSAGE][PASSED] - Text of object 'Object Repository/Выполнение бизнес-плана/spanPlan1' is: '40.29
|'

08-11-2024T08:25:01 - [TEST_STEP][PASSED] - page1 = page1.replace("|", ""): null

08-11-2024T08:25:01 - [TEST_STEP][PASSED] - page2 = getText(findTestObject("Object Repository/Выполнение бизнес-плана/spanFact" + filialNum)): Text of object 'Object Repository/Выполнение бизнес-плана/spanFact1' is: '48.66
|'

08-11-2024T08:25:01 - [MESSAGE][PASSED] - Text of object 'Object Repository/Выполнение бизнес-плана/spanFact1' is: '48.66
|'

08-11-2024T08:25:01 - [TEST_STEP][PASSED] - page2 = page2.replace("|", ""): null

08-11-2024T08:25:01 - [TEST_STEP][PASSED] - println("page1: " + page1): null

08-11-2024T08:25:01 - [TEST_STEP][PASSED] - println("page2: " + page2): null

08-11-2024T08:25:01 - [TEST_STEP][PASSED] - file = findTestData("PlanFact").getValue(4, a): null

08-11-2024T08:25:01 - [TEST_STEP][PASSED] - file = file.replace(",", "."): null

08-11-2024T08:25:01 - [TEST_STEP][PASSED] - println("file Plan: " + file): null

08-11-2024T08:25:01 - [TEST_STEP][PASSED] - typeOfData = "План в процентах": null

08-11-2024T08:25:01 - [TEST_STEP][PASSED] - fileDouble = file.toDouble(): null

08-11-2024T08:25:01 - [TEST_STEP][PASSED] - pageDouble = page1.toDouble(): null

08-11-2024T08:25:01 - [TEST_STEP][PASSED] - if (fileDouble != pageDouble): null

08-11-2024T08:25:01 - [TEST_STEP][PASSED] - numberOfErrors = numberOfErrors + 1: null

08-11-2024T08:25:01 - [TEST_STEP][PASSED] - Script1718980020443.WriteToExcel(a, typeOfData, todaysDate, pageInt, fileInt, pageDouble, fileDouble, dZO): null

08-11-2024T08:25:01 - [TEST_STEP][PASSED] - sheetName = "Sheet1": null

08-11-2024T08:25:01 - [TEST_STEP][PASSED] - data = findTestData("PlanFact"): null

08-11-2024T08:25:01 - [TEST_STEP][PASSED] - n = data.getRowNumbers() + 1: null

08-11-2024T08:25:01 - [TEST_STEP][PASSED] - year = todaysDate.substring(todaysDate.length() - 4, todaysDate.length()): null

08-11-2024T08:25:01 - [TEST_STEP][PASSED] - y = year.toInteger(): null

08-11-2024T08:25:01 - [TEST_STEP][PASSED] - m = getText(findTestObject("Выполнение бизнес-плана/Период")): Text of object 'Object Repository/Выполнение бизнес-плана/Период' is: '1, 2, 3 кв. 2024 года'

08-11-2024T08:25:01 - [MESSAGE][PASSED] - Text of object 'Object Repository/Выполнение бизнес-плана/Период' is: '1, 2, 3 кв. 2024 года'

08-11-2024T08:25:01 - [TEST_STEP][PASSED] - m = m.substring(0, m.indexOf("2024")): null

08-11-2024T08:25:01 - [TEST_STEP][PASSED] - m = m.trim(): null

08-11-2024T08:25:01 - [TEST_STEP][PASSED] - dashboardName = "Выполнение бизнес-плана": null

08-11-2024T08:25:01 - [TEST_STEP][PASSED] - workbook01 = getWorkbook(excelFilePath): null

08-11-2024T08:25:01 - [TEST_STEP][PASSED] - sheet01 = getExcelSheet(workbook01, sheetName): null

08-11-2024T08:25:01 - [TEST_STEP][PASSED] - setValueToCellByIndex(sheet01, n, 0, dashboardName): null

08-11-2024T08:25:01 - [TEST_STEP][PASSED] - setValueToCellByIndex(sheet01, n, 1, dZO): null

08-11-2024T08:25:02 - [TEST_STEP][PASSED] - setValueToCellByIndex(sheet01, n, 2, typeOfData): null

08-11-2024T08:25:02 - [TEST_STEP][PASSED] - if (typeOfData == "Факт в процентах" || typeOfData == "План в процентах"): null

08-11-2024T08:25:02 - [TEST_STEP][PASSED] - setValueToCellByIndex(sheet01, n, 3, fileDouble): null

08-11-2024T08:25:02 - [TEST_STEP][PASSED] - setValueToCellByIndex(sheet01, n, 4, pageDouble): null

08-11-2024T08:25:02 - [TEST_STEP][PASSED] - setValueToCellByIndex(sheet01, n, 5, m): null

08-11-2024T08:25:02 - [TEST_STEP][PASSED] - setValueToCellByIndex(sheet01, n, 6, y): null

08-11-2024T08:25:02 - [TEST_STEP][PASSED] - setValueToCellByIndex(sheet01, n, 7, todaysDate): null

08-11-2024T08:25:02 - [TEST_STEP][PASSED] - n = n + 1: null

08-11-2024T08:25:02 - [TEST_STEP][PASSED] - saveWorkbook(excelFilePath, workbook01): null

08-11-2024T08:25:02 - [TEST_STEP][PASSED] - file = findTestData("PlanFact").getValue(7, a): null

08-11-2024T08:25:02 - [TEST_STEP][PASSED] - file = file.replace(",", "."): null

08-11-2024T08:25:02 - [TEST_STEP][PASSED] - println("file Fact: " + file): null

08-11-2024T08:25:02 - [TEST_STEP][PASSED] - fileDouble = file.toDouble(): null

08-11-2024T08:25:02 - [TEST_STEP][PASSED] - typeOfData = "Факт в процентах": null

08-11-2024T08:25:02 - [TEST_STEP][PASSED] - fileDouble = file.toDouble(): null

08-11-2024T08:25:02 - [TEST_STEP][PASSED] - pageDouble = page2.toDouble(): null

08-11-2024T08:25:02 - [TEST_STEP][PASSED] - if (fileDouble != pageDouble): null

08-11-2024T08:25:02 - [TEST_STEP][PASSED] - numberOfErrors = numberOfErrors + 1: null

08-11-2024T08:25:02 - [TEST_STEP][PASSED] - Script1718980020443.WriteToExcel(a, typeOfData, todaysDate, pageInt, fileInt, pageDouble, fileDouble, dZO): null

08-11-2024T08:25:02 - [TEST_STEP][PASSED] - sheetName = "Sheet1": null

08-11-2024T08:25:02 - [TEST_STEP][PASSED] - data = findTestData("PlanFact"): null

08-11-2024T08:25:02 - [TEST_STEP][PASSED] - n = data.getRowNumbers() + 1: null

08-11-2024T08:25:02 - [TEST_STEP][PASSED] - year = todaysDate.substring(todaysDate.length() - 4, todaysDate.length()): null

08-11-2024T08:25:02 - [TEST_STEP][PASSED] - y = year.toInteger(): null

08-11-2024T08:25:02 - [TEST_STEP][PASSED] - m = getText(findTestObject("Выполнение бизнес-плана/Период")): Text of object 'Object Repository/Выполнение бизнес-плана/Период' is: '1, 2, 3 кв. 2024 года'

08-11-2024T08:25:02 - [MESSAGE][PASSED] - Text of object 'Object Repository/Выполнение бизнес-плана/Период' is: '1, 2, 3 кв. 2024 года'

08-11-2024T08:25:02 - [TEST_STEP][PASSED] - m = m.substring(0, m.indexOf("2024")): null

08-11-2024T08:25:02 - [TEST_STEP][PASSED] - m = m.trim(): null

08-11-2024T08:25:02 - [TEST_STEP][PASSED] - dashboardName = "Выполнение бизнес-плана": null

08-11-2024T08:25:02 - [TEST_STEP][PASSED] - workbook01 = getWorkbook(excelFilePath): null

08-11-2024T08:25:02 - [TEST_STEP][PASSED] - sheet01 = getExcelSheet(workbook01, sheetName): null

08-11-2024T08:25:02 - [TEST_STEP][PASSED] - setValueToCellByIndex(sheet01, n, 0, dashboardName): null

08-11-2024T08:25:02 - [TEST_STEP][PASSED] - setValueToCellByIndex(sheet01, n, 1, dZO): null

08-11-2024T08:25:02 - [TEST_STEP][PASSED] - setValueToCellByIndex(sheet01, n, 2, typeOfData): null

08-11-2024T08:25:02 - [TEST_STEP][PASSED] - if (typeOfData == "Факт в процентах" || typeOfData == "План в процентах"): null

08-11-2024T08:25:02 - [TEST_STEP][PASSED] - setValueToCellByIndex(sheet01, n, 3, fileDouble): null

08-11-2024T08:25:02 - [TEST_STEP][PASSED] - setValueToCellByIndex(sheet01, n, 4, pageDouble): null

08-11-2024T08:25:02 - [TEST_STEP][PASSED] - setValueToCellByIndex(sheet01, n, 5, m): null

08-11-2024T08:25:02 - [TEST_STEP][PASSED] - setValueToCellByIndex(sheet01, n, 6, y): null

08-11-2024T08:25:02 - [TEST_STEP][PASSED] - setValueToCellByIndex(sheet01, n, 7, todaysDate): null

08-11-2024T08:25:02 - [TEST_STEP][PASSED] - n = n + 1: null

08-11-2024T08:25:02 - [TEST_STEP][PASSED] - saveWorkbook(excelFilePath, workbook01): null

08-11-2024T08:25:03 - [TEST_STEP][FAILED] - if (verifyEqual(numberOfErrors, 0) == false): null

08-11-2024T08:25:03 - [MESSAGE][FAILED] - Unable to verify equal between actual object '6' and expected object '0' (Root cause: com.kms.katalon.core.exception.StepFailedException: Actual object '6' and expected object '0' are not equal
	at com.kms.katalon.core.keyword.builtin.VerifyEqualKeyword$_verifyEqual_closure1.doCall(VerifyEqualKeyword.groovy:58)
	at com.kms.katalon.core.keyword.builtin.VerifyEqualKeyword$_verifyEqual_closure1.call(VerifyEqualKeyword.groovy)
	at com.kms.katalon.core.keyword.internal.KeywordMain.runKeyword(KeywordMain.groovy:75)
	at com.kms.katalon.core.keyword.builtin.VerifyEqualKeyword.verifyEqual(VerifyEqualKeyword.groovy:63)
	at com.kms.katalon.core.keyword.builtin.VerifyEqualKeyword.execute(VerifyEqualKeyword.groovy:44)
	at com.kms.katalon.core.keyword.internal.KeywordExecutor.executeKeywordForPlatform(KeywordExecutor.groovy:74)
	at com.kms.katalon.core.keyword.BuiltinKeywords.verifyEqual(BuiltinKeywords.groovy:146)
	at java.base/jdk.internal.reflect.NativeMethodAccessorImpl.invoke0(Native Method)
	at java.base/jdk.internal.reflect.NativeMethodAccessorImpl.invoke(NativeMethodAccessorImpl.java:77)
	at java.base/jdk.internal.reflect.DelegatingMethodAccessorImpl.invoke(DelegatingMethodAccessorImpl.java:43)
	at Выполнение бизнес-плана Сверка ПАО Россети все филиалы.Numbers(Выполнение бизнес-плана Сверка ПАО Россети все филиалы:740)
	at Выполнение бизнес-плана Сверка ПАО Россети все филиалы.Filials(Выполнение бизнес-плана Сверка ПАО Россети все филиалы:1075)
	at Выполнение бизнес-плана Сверка ПАО Россети все филиалы.Numbers(Выполнение бизнес-плана Сверка ПАО Россети все филиалы:745)
	at Выполнение бизнес-плана Сверка ПАО Россети все филиалы.run(Выполнение бизнес-плана Сверка ПАО Россети все филиалы:304)
	at com.kms.katalon.core.main.ScriptEngine.run(ScriptEngine.java:194)
	at com.kms.katalon.core.main.ScriptEngine.runScriptAsRawText(ScriptEngine.java:119)
	at com.kms.katalon.core.main.TestCaseExecutor.runScript(TestCaseExecutor.java:448)
	at com.kms.katalon.core.main.TestCaseExecutor.doExecute(TestCaseExecutor.java:439)
	at com.kms.katalon.core.main.TestCaseExecutor.processExecutionPhase(TestCaseExecutor.java:418)
	at com.kms.katalon.core.main.TestCaseExecutor.accessMainPhase(TestCaseExecutor.java:410)
	at com.kms.katalon.core.main.TestCaseExecutor.execute(TestCaseExecutor.java:285)
	at com.kms.katalon.core.common.CommonExecutor.accessTestCaseMainPhase(CommonExecutor.java:65)
	at com.kms.katalon.core.main.TestSuiteExecutor.accessTestSuiteMainPhase(TestSuiteExecutor.java:150)
	at com.kms.katalon.core.main.TestSuiteExecutor.execute(TestSuiteExecutor.java:106)
	at com.kms.katalon.core.main.TestCaseMain.startTestSuite(TestCaseMain.java:180)
	at TempTestSuite1731039737176.run(TempTestSuite1731039737176.groovy:35)
	at java.base/jdk.internal.reflect.NativeMethodAccessorImpl.invoke0(Native Method)
	at java.base/jdk.internal.reflect.NativeMethodAccessorImpl.invoke(NativeMethodAccessorImpl.java:77)
	at java.base/jdk.internal.reflect.DelegatingMethodAccessorImpl.invoke(DelegatingMethodAccessorImpl.java:43)
)

08-11-2024T08:25:03 - [TEST_STEP][PASSED] - println(numberOfErrors): null

08-11-2024T08:25:03 - [TEST_STEP][PASSED] - if (a == 28 || a == 77 || a == 74 || a == 65 || a == 36 || a == 44 || a == 54 || a == 1 || a == 18 || a == 59): null

08-11-2024T08:25:03 - [TEST_STEP][PASSED] - if (a == 82): null

08-11-2024T08:25:03 - [TEST_STEP][PASSED] - dZO = "Ингушэнерго": null

08-11-2024T08:25:03 - [TEST_STEP][PASSED] - a = 70: null

08-11-2024T08:25:03 - [TEST_STEP][PASSED] - if (x2.contains(dZO)): null

08-11-2024T08:25:03 - [TEST_STEP][PASSED] - filialNum = filialNum + 1: null

08-11-2024T08:25:03 - [TEST_STEP][PASSED] - Script1718980020443.Numbers(a, typeOfData, todaysDate, pageInt, fileInt, pageDouble, fileDouble, dZO, dzoNum, filialNum): null

08-11-2024T08:25:03 - [TEST_STEP][PASSED] - println(dzoNum): null

08-11-2024T08:25:03 - [TEST_STEP][PASSED] - planFact = <not implemented yet for class: org.codehaus.groovy.ast.expr.EmptyExpression>: null

08-11-2024T08:25:03 - [TEST_STEP][PASSED] - page = <not implemented yet for class: org.codehaus.groovy.ast.expr.EmptyExpression>: null

08-11-2024T08:25:03 - [TEST_STEP][PASSED] - page1 = <not implemented yet for class: org.codehaus.groovy.ast.expr.EmptyExpression>: null

08-11-2024T08:25:03 - [TEST_STEP][PASSED] - page2 = <not implemented yet for class: org.codehaus.groovy.ast.expr.EmptyExpression>: null

08-11-2024T08:25:03 - [TEST_STEP][PASSED] - filialNumberInRow = <not implemented yet for class: org.codehaus.groovy.ast.expr.EmptyExpression>: null

08-11-2024T08:25:03 - [TEST_STEP][PASSED] - filialsDzoNames = <not implemented yet for class: org.codehaus.groovy.ast.expr.EmptyExpression>: null

08-11-2024T08:25:03 - [TEST_STEP][PASSED] - numberOfFilials = <not implemented yet for class: org.codehaus.groovy.ast.expr.EmptyExpression>: null

08-11-2024T08:25:03 - [TEST_STEP][PASSED] - numberOfSpaces = <not implemented yet for class: org.codehaus.groovy.ast.expr.EmptyExpression>: null

08-11-2024T08:25:03 - [TEST_STEP][PASSED] - file = <not implemented yet for class: org.codehaus.groovy.ast.expr.EmptyExpression>: null

08-11-2024T08:25:03 - [TEST_STEP][PASSED] - otpusk = <not implemented yet for class: org.codehaus.groovy.ast.expr.EmptyExpression>: null

08-11-2024T08:25:03 - [TEST_STEP][PASSED] - poteri = <not implemented yet for class: org.codehaus.groovy.ast.expr.EmptyExpression>: null

08-11-2024T08:25:03 - [TEST_STEP][PASSED] - dataFolder = "Выполнение бизнес-плана/Значения со страницы Выполнение бизнес-плана/": null

08-11-2024T08:25:03 - [TEST_STEP][PASSED] - path = <not implemented yet for class: org.codehaus.groovy.ast.expr.EmptyExpression>: null

08-11-2024T08:25:03 - [TEST_STEP][PASSED] - typeOfDataMain = <not implemented yet for class: org.codehaus.groovy.ast.expr.EmptyExpression>: null

08-11-2024T08:25:03 - [TEST_STEP][PASSED] - fileOtpuskVSet = <not implemented yet for class: org.codehaus.groovy.ast.expr.EmptyExpression>: null

08-11-2024T08:25:03 - [TEST_STEP][PASSED] - pageOtpuskVSet = <not implemented yet for class: org.codehaus.groovy.ast.expr.EmptyExpression>: null

08-11-2024T08:25:03 - [TEST_STEP][PASSED] - filePoteri = <not implemented yet for class: org.codehaus.groovy.ast.expr.EmptyExpression>: null

08-11-2024T08:25:03 - [TEST_STEP][PASSED] - pagePoteri = <not implemented yet for class: org.codehaus.groovy.ast.expr.EmptyExpression>: null

08-11-2024T08:25:03 - [TEST_STEP][PASSED] - compare = <not implemented yet for class: org.codehaus.groovy.ast.expr.EmptyExpression>: null

08-11-2024T08:25:03 - [TEST_STEP][PASSED] - b = <not implemented yet for class: org.codehaus.groovy.ast.expr.EmptyExpression>: null

08-11-2024T08:25:03 - [TEST_STEP][PASSED] - i = <not implemented yet for class: org.codehaus.groovy.ast.expr.EmptyExpression>: null

08-11-2024T08:25:03 - [TEST_STEP][PASSED] - ii = <not implemented yet for class: org.codehaus.groovy.ast.expr.EmptyExpression>: null

08-11-2024T08:25:03 - [TEST_STEP][PASSED] - c = <not implemented yet for class: org.codehaus.groovy.ast.expr.EmptyExpression>: null

08-11-2024T08:25:03 - [TEST_STEP][PASSED] - numberOfErrors = 0: null

08-11-2024T08:25:03 - [TEST_STEP][PASSED] - if (a == 82): null

08-11-2024T08:25:03 - [TEST_STEP][PASSED] - b = findTestData("PlanFact").getValue(1, a): null

08-11-2024T08:25:03 - [TEST_STEP][PASSED] - i = b.indexOf(" (ГК)"): null

08-11-2024T08:25:03 - [TEST_STEP][PASSED] - if (i > -1): null

08-11-2024T08:25:03 - [TEST_STEP][PASSED] - i = b.indexOf("О ""): null

08-11-2024T08:25:03 - [TEST_STEP][PASSED] - if (i > -1): null

08-11-2024T08:25:03 - [TEST_STEP][PASSED] - i = b.indexOf("О «"): null

08-11-2024T08:25:03 - [TEST_STEP][PASSED] - if (i > -1): null

08-11-2024T08:25:03 - [TEST_STEP][PASSED] - i = b.indexOf("г. "): null

08-11-2024T08:25:03 - [TEST_STEP][PASSED] - if (i > -1): null

08-11-2024T08:25:03 - [TEST_STEP][PASSED] - println(b): null

08-11-2024T08:25:03 - [TEST_STEP][PASSED] - for ([planFact = 1, planFact < 3, (planFact++)]): null

08-11-2024T08:25:03 - [TEST_STEP][PASSED] - if (planFact == 1): null

08-11-2024T08:25:03 - [TEST_STEP][PASSED] - typeOfDataMain = "Факт": null

08-11-2024T08:25:03 - [TEST_STEP][PASSED] - otpusk = findTestData("PlanFact").getValue(5, a): null

08-11-2024T08:25:03 - [TEST_STEP][PASSED] - poteri = findTestData("PlanFact").getValue(6, a): null

08-11-2024T08:25:03 - [TEST_STEP][PASSED] - otpusk = otpusk.replaceAll("\s+", ""): null

08-11-2024T08:25:03 - [TEST_STEP][PASSED] - poteri = poteri.replaceAll("\s+", ""): null

08-11-2024T08:25:03 - [TEST_STEP][PASSED] - typeOfData = typeOfDataMain + " Отпуск в сеть": null

08-11-2024T08:25:03 - [TEST_STEP][PASSED] - if (a == 82): null

08-11-2024T08:25:03 - [TEST_STEP][PASSED] - else if (a == 84): null

08-11-2024T08:25:03 - [TEST_STEP][PASSED] - else if (a == 52 || a == 72 || a == 28 || a == 73 || a == 77 || a == 74 || a == 65 || a == 36 || a == 44 || a == 53 || a == 80 || a == 54 || a == 1 || a == 18 || a == 59 || a == 81): null

08-11-2024T08:25:03 - [TEST_STEP][PASSED] - else: null

08-11-2024T08:25:03 - [TEST_STEP][PASSED] - path = dataFolder + typeOfData + " за отчётный период " + b: null

08-11-2024T08:25:03 - [TEST_STEP][PASSED] - println(path): null

08-11-2024T08:25:03 - [TEST_STEP][PASSED] - page = getText(findTestObject(path)): Text of object 'Object Repository/Выполнение бизнес-плана/Значения со страницы Выполнение бизнес-плана/Факт Отпуск в сеть за отчётный период Ингушэнерго' is: '729 400'

08-11-2024T08:25:03 - [MESSAGE][PASSED] - Text of object 'Object Repository/Выполнение бизнес-плана/Значения со страницы Выполнение бизнес-плана/Факт Отпуск в сеть за отчётный период Ингушэнерго' is: '729 400'

08-11-2024T08:25:03 - [TEST_STEP][PASSED] - page = page.replaceAll("\s+", ""): null

08-11-2024T08:25:03 - [TEST_STEP][PASSED] - fileOtpuskVSet = otpusk.toInteger(): null

08-11-2024T08:25:03 - [TEST_STEP][PASSED] - pageOtpuskVSet = page.toInteger(): null

08-11-2024T08:25:03 - [TEST_STEP][PASSED] - typeOfData = typeOfDataMain + " Потери": null

08-11-2024T08:25:03 - [TEST_STEP][PASSED] - if (a == 82): null

08-11-2024T08:25:03 - [TEST_STEP][PASSED] - else if (a == 84): null

08-11-2024T08:25:03 - [TEST_STEP][PASSED] - else if (a == 52 || a == 72 || a == 28 || a == 73 || a == 77 || a == 74 || a == 65 || a == 36 || a == 44 || a == 53 || a == 80 || a == 54 || a == 1 || a == 18 || a == 59 || a == 81): null

08-11-2024T08:25:03 - [TEST_STEP][PASSED] - else: null

08-11-2024T08:25:03 - [TEST_STEP][PASSED] - path = dataFolder + typeOfData + " за отчётный период " + b: null

08-11-2024T08:25:03 - [TEST_STEP][PASSED] - page = getText(findTestObject(path)): Text of object 'Object Repository/Выполнение бизнес-плана/Значения со страницы Выполнение бизнес-плана/Факт Потери за отчётный период Ингушэнерго' is: '415 354'

08-11-2024T08:25:03 - [MESSAGE][PASSED] - Text of object 'Object Repository/Выполнение бизнес-плана/Значения со страницы Выполнение бизнес-плана/Факт Потери за отчётный период Ингушэнерго' is: '415 354'

08-11-2024T08:25:03 - [TEST_STEP][PASSED] - page = page.replaceAll("\s+", ""): null

08-11-2024T08:25:03 - [TEST_STEP][PASSED] - filePoteri = poteri.toInteger(): null

08-11-2024T08:25:03 - [TEST_STEP][PASSED] - pagePoteri = page.toInteger(): null

08-11-2024T08:25:03 - [TEST_STEP][PASSED] - compare = pageOtpuskVSet: null

08-11-2024T08:25:03 - [TEST_STEP][PASSED] - if (compare == fileOtpuskVSet): null

08-11-2024T08:25:03 - [TEST_STEP][PASSED] - else if (compare > fileOtpuskVSet): null

08-11-2024T08:25:03 - [TEST_STEP][PASSED] - else if (compare < fileOtpuskVSet): null

08-11-2024T08:25:03 - [TEST_STEP][PASSED] - compare = compare + 1: null

08-11-2024T08:25:03 - [TEST_STEP][PASSED] - if (compare == fileOtpuskVSet): null

08-11-2024T08:25:03 - [TEST_STEP][PASSED] - else: null

08-11-2024T08:25:03 - [TEST_STEP][PASSED] - numberOfErrors = numberOfErrors + 1: null

08-11-2024T08:25:03 - [TEST_STEP][PASSED] - pageInt = pageOtpuskVSet: null

08-11-2024T08:25:03 - [TEST_STEP][PASSED] - fileInt = fileOtpuskVSet: null

08-11-2024T08:25:03 - [TEST_STEP][PASSED] - typeOfData = typeOfDataMain + " Отпуск в сеть": null

08-11-2024T08:25:03 - [TEST_STEP][PASSED] - Script1718980020443.WriteToExcel(a, typeOfData, todaysDate, pageInt, fileInt, pageDouble, fileDouble, dZO): null

08-11-2024T08:25:03 - [TEST_STEP][PASSED] - sheetName = "Sheet1": null

08-11-2024T08:25:03 - [TEST_STEP][PASSED] - data = findTestData("PlanFact"): null

08-11-2024T08:25:03 - [TEST_STEP][PASSED] - n = data.getRowNumbers() + 1: null

08-11-2024T08:25:03 - [TEST_STEP][PASSED] - year = todaysDate.substring(todaysDate.length() - 4, todaysDate.length()): null

08-11-2024T08:25:03 - [TEST_STEP][PASSED] - y = year.toInteger(): null

08-11-2024T08:25:03 - [TEST_STEP][PASSED] - m = getText(findTestObject("Выполнение бизнес-плана/Период")): Text of object 'Object Repository/Выполнение бизнес-плана/Период' is: '1, 2, 3 кв. 2024 года'

08-11-2024T08:25:04 - [MESSAGE][PASSED] - Text of object 'Object Repository/Выполнение бизнес-плана/Период' is: '1, 2, 3 кв. 2024 года'

08-11-2024T08:25:04 - [TEST_STEP][PASSED] - m = m.substring(0, m.indexOf("2024")): null

08-11-2024T08:25:04 - [TEST_STEP][PASSED] - m = m.trim(): null

08-11-2024T08:25:04 - [TEST_STEP][PASSED] - dashboardName = "Выполнение бизнес-плана": null

08-11-2024T08:25:04 - [TEST_STEP][PASSED] - workbook01 = getWorkbook(excelFilePath): null

08-11-2024T08:25:04 - [TEST_STEP][PASSED] - sheet01 = getExcelSheet(workbook01, sheetName): null

08-11-2024T08:25:04 - [TEST_STEP][PASSED] - setValueToCellByIndex(sheet01, n, 0, dashboardName): null

08-11-2024T08:25:04 - [TEST_STEP][PASSED] - setValueToCellByIndex(sheet01, n, 1, dZO): null

08-11-2024T08:25:04 - [TEST_STEP][PASSED] - setValueToCellByIndex(sheet01, n, 2, typeOfData): null

08-11-2024T08:25:04 - [TEST_STEP][PASSED] - if (typeOfData == "Факт в процентах" || typeOfData == "План в процентах"): null

08-11-2024T08:25:04 - [TEST_STEP][PASSED] - else: null

08-11-2024T08:25:04 - [TEST_STEP][PASSED] - setValueToCellByIndex(sheet01, n, 3, fileInt): null

08-11-2024T08:25:04 - [TEST_STEP][PASSED] - setValueToCellByIndex(sheet01, n, 4, pageInt): null

08-11-2024T08:25:04 - [TEST_STEP][PASSED] - setValueToCellByIndex(sheet01, n, 5, m): null

08-11-2024T08:25:04 - [TEST_STEP][PASSED] - setValueToCellByIndex(sheet01, n, 6, y): null

08-11-2024T08:25:04 - [TEST_STEP][PASSED] - setValueToCellByIndex(sheet01, n, 7, todaysDate): null

08-11-2024T08:25:04 - [TEST_STEP][PASSED] - n = n + 1: null

08-11-2024T08:25:04 - [TEST_STEP][PASSED] - saveWorkbook(excelFilePath, workbook01): null

08-11-2024T08:25:04 - [TEST_STEP][PASSED] - compare = pagePoteri: null

08-11-2024T08:25:04 - [TEST_STEP][PASSED] - if (compare == filePoteri): null

08-11-2024T08:25:04 - [TEST_STEP][PASSED] - else if (compare > filePoteri): null

08-11-2024T08:25:04 - [TEST_STEP][PASSED] - else if (compare < filePoteri): null

08-11-2024T08:25:04 - [TEST_STEP][PASSED] - compare = compare + 1: null

08-11-2024T08:25:04 - [TEST_STEP][PASSED] - if (compare == filePoteri): null

08-11-2024T08:25:04 - [TEST_STEP][PASSED] - else: null

08-11-2024T08:25:04 - [TEST_STEP][PASSED] - numberOfErrors = numberOfErrors + 1: null

08-11-2024T08:25:04 - [TEST_STEP][PASSED] - pageInt = pagePoteri: null

08-11-2024T08:25:04 - [TEST_STEP][PASSED] - fileInt = filePoteri: null

08-11-2024T08:25:04 - [TEST_STEP][PASSED] - typeOfData = typeOfDataMain + " Потери": null

08-11-2024T08:25:04 - [TEST_STEP][PASSED] - Script1718980020443.WriteToExcel(a, typeOfData, todaysDate, pageInt, fileInt, pageDouble, fileDouble, dZO): null

08-11-2024T08:25:04 - [TEST_STEP][PASSED] - sheetName = "Sheet1": null

08-11-2024T08:25:04 - [TEST_STEP][PASSED] - data = findTestData("PlanFact"): null

08-11-2024T08:25:04 - [TEST_STEP][PASSED] - n = data.getRowNumbers() + 1: null

08-11-2024T08:25:04 - [TEST_STEP][PASSED] - year = todaysDate.substring(todaysDate.length() - 4, todaysDate.length()): null

08-11-2024T08:25:04 - [TEST_STEP][PASSED] - y = year.toInteger(): null

08-11-2024T08:25:04 - [TEST_STEP][PASSED] - m = getText(findTestObject("Выполнение бизнес-плана/Период")): Text of object 'Object Repository/Выполнение бизнес-плана/Период' is: '1, 2, 3 кв. 2024 года'

08-11-2024T08:25:04 - [MESSAGE][PASSED] - Text of object 'Object Repository/Выполнение бизнес-плана/Период' is: '1, 2, 3 кв. 2024 года'

08-11-2024T08:25:04 - [TEST_STEP][PASSED] - m = m.substring(0, m.indexOf("2024")): null

08-11-2024T08:25:04 - [TEST_STEP][PASSED] - m = m.trim(): null

08-11-2024T08:25:04 - [TEST_STEP][PASSED] - dashboardName = "Выполнение бизнес-плана": null

08-11-2024T08:25:04 - [TEST_STEP][PASSED] - workbook01 = getWorkbook(excelFilePath): null

08-11-2024T08:25:04 - [TEST_STEP][PASSED] - sheet01 = getExcelSheet(workbook01, sheetName): null

08-11-2024T08:25:04 - [TEST_STEP][PASSED] - setValueToCellByIndex(sheet01, n, 0, dashboardName): null

08-11-2024T08:25:04 - [TEST_STEP][PASSED] - setValueToCellByIndex(sheet01, n, 1, dZO): null

08-11-2024T08:25:04 - [TEST_STEP][PASSED] - setValueToCellByIndex(sheet01, n, 2, typeOfData): null

08-11-2024T08:25:04 - [TEST_STEP][PASSED] - if (typeOfData == "Факт в процентах" || typeOfData == "План в процентах"): null

08-11-2024T08:25:04 - [TEST_STEP][PASSED] - else: null

08-11-2024T08:25:04 - [TEST_STEP][PASSED] - setValueToCellByIndex(sheet01, n, 3, fileInt): null

08-11-2024T08:25:04 - [TEST_STEP][PASSED] - setValueToCellByIndex(sheet01, n, 4, pageInt): null

08-11-2024T08:25:04 - [TEST_STEP][PASSED] - setValueToCellByIndex(sheet01, n, 5, m): null

08-11-2024T08:25:04 - [TEST_STEP][PASSED] - setValueToCellByIndex(sheet01, n, 6, y): null

08-11-2024T08:25:04 - [TEST_STEP][PASSED] - setValueToCellByIndex(sheet01, n, 7, todaysDate): null

08-11-2024T08:25:04 - [TEST_STEP][PASSED] - n = n + 1: null

08-11-2024T08:25:04 - [TEST_STEP][PASSED] - saveWorkbook(excelFilePath, workbook01): null

08-11-2024T08:25:05 - [TEST_STEP][PASSED] - if (planFact == 2): null

08-11-2024T08:25:05 - [TEST_STEP][PASSED] - if (planFact == 1): null

08-11-2024T08:25:05 - [TEST_STEP][PASSED] - else if (planFact == 2): null

08-11-2024T08:25:05 - [TEST_STEP][PASSED] - click(findTestObject("Выполнение бизнес-плана/Кнопка План")): Object: 'Object Repository/Выполнение бизнес-плана/Кнопка План' is clicked on

08-11-2024T08:25:05 - [MESSAGE][PASSED] - Object: 'Object Repository/Выполнение бизнес-плана/Кнопка План' is clicked on

08-11-2024T08:25:05 - [TEST_STEP][PASSED] - typeOfDataMain = "План": null

08-11-2024T08:25:05 - [TEST_STEP][PASSED] - otpusk = findTestData("PlanFact").getValue(2, a): null

08-11-2024T08:25:05 - [TEST_STEP][PASSED] - poteri = findTestData("PlanFact").getValue(3, a): null

08-11-2024T08:25:05 - [TEST_STEP][PASSED] - otpusk = otpusk.replaceAll("\s+", ""): null

08-11-2024T08:25:05 - [TEST_STEP][PASSED] - poteri = poteri.replaceAll("\s+", ""): null

08-11-2024T08:25:05 - [TEST_STEP][PASSED] - typeOfData = typeOfDataMain + " Отпуск в сеть": null

08-11-2024T08:25:05 - [TEST_STEP][PASSED] - if (a == 82): null

08-11-2024T08:25:05 - [TEST_STEP][PASSED] - else if (a == 84): null

08-11-2024T08:25:05 - [TEST_STEP][PASSED] - else if (a == 52 || a == 72 || a == 28 || a == 73 || a == 77 || a == 74 || a == 65 || a == 36 || a == 44 || a == 53 || a == 80 || a == 54 || a == 1 || a == 18 || a == 59 || a == 81): null

08-11-2024T08:25:05 - [TEST_STEP][PASSED] - else: null

08-11-2024T08:25:05 - [TEST_STEP][PASSED] - path = dataFolder + typeOfData + " за отчётный период " + b: null

08-11-2024T08:25:05 - [TEST_STEP][PASSED] - println(path): null

08-11-2024T08:25:05 - [TEST_STEP][PASSED] - page = getText(findTestObject(path)): Text of object 'Object Repository/Выполнение бизнес-плана/Значения со страницы Выполнение бизнес-плана/План Отпуск в сеть за отчётный период Ингушэнерго' is: '653 400'

08-11-2024T08:25:05 - [MESSAGE][PASSED] - Text of object 'Object Repository/Выполнение бизнес-плана/Значения со страницы Выполнение бизнес-плана/План Отпуск в сеть за отчётный период Ингушэнерго' is: '653 400'

08-11-2024T08:25:05 - [TEST_STEP][PASSED] - page = page.replaceAll("\s+", ""): null

08-11-2024T08:25:05 - [TEST_STEP][PASSED] - fileOtpuskVSet = otpusk.toInteger(): null

08-11-2024T08:25:05 - [TEST_STEP][PASSED] - pageOtpuskVSet = page.toInteger(): null

08-11-2024T08:25:05 - [TEST_STEP][PASSED] - typeOfData = typeOfDataMain + " Потери": null

08-11-2024T08:25:05 - [TEST_STEP][PASSED] - if (a == 82): null

08-11-2024T08:25:05 - [TEST_STEP][PASSED] - else if (a == 84): null

08-11-2024T08:25:05 - [TEST_STEP][PASSED] - else if (a == 52 || a == 72 || a == 28 || a == 73 || a == 77 || a == 74 || a == 65 || a == 36 || a == 44 || a == 53 || a == 80 || a == 54 || a == 1 || a == 18 || a == 59 || a == 81): null

08-11-2024T08:25:05 - [TEST_STEP][PASSED] - else: null

08-11-2024T08:25:05 - [TEST_STEP][PASSED] - path = dataFolder + typeOfData + " за отчётный период " + b: null

08-11-2024T08:25:05 - [TEST_STEP][PASSED] - page = getText(findTestObject(path)): Text of object 'Object Repository/Выполнение бизнес-плана/Значения со страницы Выполнение бизнес-плана/План Потери за отчётный период Ингушэнерго' is: '285 828'

08-11-2024T08:25:06 - [MESSAGE][PASSED] - Text of object 'Object Repository/Выполнение бизнес-плана/Значения со страницы Выполнение бизнес-плана/План Потери за отчётный период Ингушэнерго' is: '285 828'

08-11-2024T08:25:06 - [TEST_STEP][PASSED] - page = page.replaceAll("\s+", ""): null

08-11-2024T08:25:06 - [TEST_STEP][PASSED] - filePoteri = poteri.toInteger(): null

08-11-2024T08:25:06 - [TEST_STEP][PASSED] - pagePoteri = page.toInteger(): null

08-11-2024T08:25:06 - [TEST_STEP][PASSED] - compare = pageOtpuskVSet: null

08-11-2024T08:25:06 - [TEST_STEP][PASSED] - if (compare == fileOtpuskVSet): null

08-11-2024T08:25:06 - [TEST_STEP][PASSED] - else if (compare > fileOtpuskVSet): null

08-11-2024T08:25:06 - [TEST_STEP][PASSED] - else if (compare < fileOtpuskVSet): null

08-11-2024T08:25:06 - [TEST_STEP][PASSED] - compare = compare + 1: null

08-11-2024T08:25:06 - [TEST_STEP][PASSED] - if (compare == fileOtpuskVSet): null

08-11-2024T08:25:06 - [TEST_STEP][PASSED] - else: null

08-11-2024T08:25:06 - [TEST_STEP][PASSED] - numberOfErrors = numberOfErrors + 1: null

08-11-2024T08:25:06 - [TEST_STEP][PASSED] - pageInt = pageOtpuskVSet: null

08-11-2024T08:25:06 - [TEST_STEP][PASSED] - fileInt = fileOtpuskVSet: null

08-11-2024T08:25:06 - [TEST_STEP][PASSED] - typeOfData = typeOfDataMain + " Отпуск в сеть": null

08-11-2024T08:25:06 - [TEST_STEP][PASSED] - Script1718980020443.WriteToExcel(a, typeOfData, todaysDate, pageInt, fileInt, pageDouble, fileDouble, dZO): null

08-11-2024T08:25:06 - [TEST_STEP][PASSED] - sheetName = "Sheet1": null

08-11-2024T08:25:06 - [TEST_STEP][PASSED] - data = findTestData("PlanFact"): null

08-11-2024T08:25:06 - [TEST_STEP][PASSED] - n = data.getRowNumbers() + 1: null

08-11-2024T08:25:06 - [TEST_STEP][PASSED] - year = todaysDate.substring(todaysDate.length() - 4, todaysDate.length()): null

08-11-2024T08:25:06 - [TEST_STEP][PASSED] - y = year.toInteger(): null

08-11-2024T08:25:06 - [TEST_STEP][PASSED] - m = getText(findTestObject("Выполнение бизнес-плана/Период")): Text of object 'Object Repository/Выполнение бизнес-плана/Период' is: '1, 2, 3 кв. 2024 года'

08-11-2024T08:25:06 - [MESSAGE][PASSED] - Text of object 'Object Repository/Выполнение бизнес-плана/Период' is: '1, 2, 3 кв. 2024 года'

08-11-2024T08:25:06 - [TEST_STEP][PASSED] - m = m.substring(0, m.indexOf("2024")): null

08-11-2024T08:25:06 - [TEST_STEP][PASSED] - m = m.trim(): null

08-11-2024T08:25:06 - [TEST_STEP][PASSED] - dashboardName = "Выполнение бизнес-плана": null

08-11-2024T08:25:06 - [TEST_STEP][PASSED] - workbook01 = getWorkbook(excelFilePath): null

08-11-2024T08:25:06 - [TEST_STEP][PASSED] - sheet01 = getExcelSheet(workbook01, sheetName): null

08-11-2024T08:25:06 - [TEST_STEP][PASSED] - setValueToCellByIndex(sheet01, n, 0, dashboardName): null

08-11-2024T08:25:06 - [TEST_STEP][PASSED] - setValueToCellByIndex(sheet01, n, 1, dZO): null

08-11-2024T08:25:06 - [TEST_STEP][PASSED] - setValueToCellByIndex(sheet01, n, 2, typeOfData): null

08-11-2024T08:25:06 - [TEST_STEP][PASSED] - if (typeOfData == "Факт в процентах" || typeOfData == "План в процентах"): null

08-11-2024T08:25:06 - [TEST_STEP][PASSED] - else: null

08-11-2024T08:25:06 - [TEST_STEP][PASSED] - setValueToCellByIndex(sheet01, n, 3, fileInt): null

08-11-2024T08:25:06 - [TEST_STEP][PASSED] - setValueToCellByIndex(sheet01, n, 4, pageInt): null

08-11-2024T08:25:06 - [TEST_STEP][PASSED] - setValueToCellByIndex(sheet01, n, 5, m): null

08-11-2024T08:25:06 - [TEST_STEP][PASSED] - setValueToCellByIndex(sheet01, n, 6, y): null

08-11-2024T08:25:06 - [TEST_STEP][PASSED] - setValueToCellByIndex(sheet01, n, 7, todaysDate): null

08-11-2024T08:25:06 - [TEST_STEP][PASSED] - n = n + 1: null

08-11-2024T08:25:06 - [TEST_STEP][PASSED] - saveWorkbook(excelFilePath, workbook01): null

08-11-2024T08:25:06 - [TEST_STEP][PASSED] - compare = pagePoteri: null

08-11-2024T08:25:06 - [TEST_STEP][PASSED] - if (compare == filePoteri): null

08-11-2024T08:25:06 - [TEST_STEP][PASSED] - else if (compare > filePoteri): null

08-11-2024T08:25:06 - [TEST_STEP][PASSED] - else if (compare < filePoteri): null

08-11-2024T08:25:06 - [TEST_STEP][PASSED] - compare = compare + 1: null

08-11-2024T08:25:06 - [TEST_STEP][PASSED] - if (compare == filePoteri): null

08-11-2024T08:25:06 - [TEST_STEP][PASSED] - else: null

08-11-2024T08:25:06 - [TEST_STEP][PASSED] - numberOfErrors = numberOfErrors + 1: null

08-11-2024T08:25:06 - [TEST_STEP][PASSED] - pageInt = pagePoteri: null

08-11-2024T08:25:06 - [TEST_STEP][PASSED] - fileInt = filePoteri: null

08-11-2024T08:25:06 - [TEST_STEP][PASSED] - typeOfData = typeOfDataMain + " Потери": null

08-11-2024T08:25:06 - [TEST_STEP][PASSED] - Script1718980020443.WriteToExcel(a, typeOfData, todaysDate, pageInt, fileInt, pageDouble, fileDouble, dZO): null

08-11-2024T08:25:06 - [TEST_STEP][PASSED] - sheetName = "Sheet1": null

08-11-2024T08:25:06 - [TEST_STEP][PASSED] - data = findTestData("PlanFact"): null

08-11-2024T08:25:07 - [TEST_STEP][PASSED] - n = data.getRowNumbers() + 1: null

08-11-2024T08:25:07 - [TEST_STEP][PASSED] - year = todaysDate.substring(todaysDate.length() - 4, todaysDate.length()): null

08-11-2024T08:25:07 - [TEST_STEP][PASSED] - y = year.toInteger(): null

08-11-2024T08:25:07 - [TEST_STEP][PASSED] - m = getText(findTestObject("Выполнение бизнес-плана/Период")): Text of object 'Object Repository/Выполнение бизнес-плана/Период' is: '1, 2, 3 кв. 2024 года'

08-11-2024T08:25:07 - [MESSAGE][PASSED] - Text of object 'Object Repository/Выполнение бизнес-плана/Период' is: '1, 2, 3 кв. 2024 года'

08-11-2024T08:25:07 - [TEST_STEP][PASSED] - m = m.substring(0, m.indexOf("2024")): null

08-11-2024T08:25:07 - [TEST_STEP][PASSED] - m = m.trim(): null

08-11-2024T08:25:07 - [TEST_STEP][PASSED] - dashboardName = "Выполнение бизнес-плана": null

08-11-2024T08:25:07 - [TEST_STEP][PASSED] - workbook01 = getWorkbook(excelFilePath): null

08-11-2024T08:25:07 - [TEST_STEP][PASSED] - sheet01 = getExcelSheet(workbook01, sheetName): null

08-11-2024T08:25:07 - [TEST_STEP][PASSED] - setValueToCellByIndex(sheet01, n, 0, dashboardName): null

08-11-2024T08:25:07 - [TEST_STEP][PASSED] - setValueToCellByIndex(sheet01, n, 1, dZO): null

08-11-2024T08:25:07 - [TEST_STEP][PASSED] - setValueToCellByIndex(sheet01, n, 2, typeOfData): null

08-11-2024T08:25:07 - [TEST_STEP][PASSED] - if (typeOfData == "Факт в процентах" || typeOfData == "План в процентах"): null

08-11-2024T08:25:07 - [TEST_STEP][PASSED] - else: null

08-11-2024T08:25:07 - [TEST_STEP][PASSED] - setValueToCellByIndex(sheet01, n, 3, fileInt): null

08-11-2024T08:25:07 - [TEST_STEP][PASSED] - setValueToCellByIndex(sheet01, n, 4, pageInt): null

08-11-2024T08:25:07 - [TEST_STEP][PASSED] - setValueToCellByIndex(sheet01, n, 5, m): null

08-11-2024T08:25:07 - [TEST_STEP][PASSED] - setValueToCellByIndex(sheet01, n, 6, y): null

08-11-2024T08:25:07 - [TEST_STEP][PASSED] - setValueToCellByIndex(sheet01, n, 7, todaysDate): null

08-11-2024T08:25:07 - [TEST_STEP][PASSED] - n = n + 1: null

08-11-2024T08:25:07 - [TEST_STEP][PASSED] - saveWorkbook(excelFilePath, workbook01): Object: 'Object Repository/Выполнение бизнес-плана/Кнопка Факт' is clicked on

08-11-2024T08:25:07 - [TEST_STEP][PASSED] - if (planFact == 2): Object: 'Object Repository/Выполнение бизнес-плана/Кнопка Факт' is clicked on

08-11-2024T08:25:07 - [TEST_STEP][PASSED] - click(findTestObject("Выполнение бизнес-плана/Кнопка Факт")): Object: 'Object Repository/Выполнение бизнес-плана/Кнопка Факт' is clicked on

08-11-2024T08:25:07 - [MESSAGE][PASSED] - Object: 'Object Repository/Выполнение бизнес-плана/Кнопка Факт' is clicked on

08-11-2024T08:25:07 - [TEST_STEP][PASSED] - if (a == 84 || a == 82): null

08-11-2024T08:25:07 - [TEST_STEP][PASSED] - else if (a == 52 || a == 72 || a == 28 || a == 73 || a == 77 || a == 74 || a == 65 || a == 36 || a == 44 || a == 53 || a == 80 || a == 54 || a == 1 || a == 18 || a == 59 || a == 81): null

08-11-2024T08:25:07 - [TEST_STEP][PASSED] - else: null

08-11-2024T08:25:07 - [TEST_STEP][PASSED] - page1 = getText(findTestObject("Object Repository/Выполнение бизнес-плана/spanPlan" + filialNum)): Text of object 'Object Repository/Выполнение бизнес-плана/spanPlan2' is: '43.74
|'

08-11-2024T08:25:08 - [MESSAGE][PASSED] - Text of object 'Object Repository/Выполнение бизнес-плана/spanPlan2' is: '43.74
|'

08-11-2024T08:25:08 - [TEST_STEP][PASSED] - page1 = page1.replace("|", ""): null

08-11-2024T08:25:08 - [TEST_STEP][PASSED] - page2 = getText(findTestObject("Object Repository/Выполнение бизнес-плана/spanFact" + filialNum)): Text of object 'Object Repository/Выполнение бизнес-плана/spanFact2' is: '56.94
|'

08-11-2024T08:25:08 - [MESSAGE][PASSED] - Text of object 'Object Repository/Выполнение бизнес-плана/spanFact2' is: '56.94
|'

08-11-2024T08:25:08 - [TEST_STEP][PASSED] - page2 = page2.replace("|", ""): null

08-11-2024T08:25:08 - [TEST_STEP][PASSED] - println("page1: " + page1): null

08-11-2024T08:25:08 - [TEST_STEP][PASSED] - println("page2: " + page2): null

08-11-2024T08:25:08 - [TEST_STEP][PASSED] - file = findTestData("PlanFact").getValue(4, a): null

08-11-2024T08:25:08 - [TEST_STEP][PASSED] - file = file.replace(",", "."): null

08-11-2024T08:25:08 - [TEST_STEP][PASSED] - println("file Plan: " + file): null

08-11-2024T08:25:08 - [TEST_STEP][PASSED] - typeOfData = "План в процентах": null

08-11-2024T08:25:08 - [TEST_STEP][PASSED] - fileDouble = file.toDouble(): null

08-11-2024T08:25:08 - [TEST_STEP][PASSED] - pageDouble = page1.toDouble(): null

08-11-2024T08:25:08 - [TEST_STEP][PASSED] - if (fileDouble != pageDouble): null

08-11-2024T08:25:08 - [TEST_STEP][PASSED] - numberOfErrors = numberOfErrors + 1: null

08-11-2024T08:25:08 - [TEST_STEP][PASSED] - Script1718980020443.WriteToExcel(a, typeOfData, todaysDate, pageInt, fileInt, pageDouble, fileDouble, dZO): null

08-11-2024T08:25:08 - [TEST_STEP][PASSED] - sheetName = "Sheet1": null

08-11-2024T08:25:08 - [TEST_STEP][PASSED] - data = findTestData("PlanFact"): null

08-11-2024T08:25:08 - [TEST_STEP][PASSED] - n = data.getRowNumbers() + 1: null

08-11-2024T08:25:08 - [TEST_STEP][PASSED] - year = todaysDate.substring(todaysDate.length() - 4, todaysDate.length()): null

08-11-2024T08:25:08 - [TEST_STEP][PASSED] - y = year.toInteger(): null

08-11-2024T08:25:08 - [TEST_STEP][PASSED] - m = getText(findTestObject("Выполнение бизнес-плана/Период")): Text of object 'Object Repository/Выполнение бизнес-плана/Период' is: '1, 2, 3 кв. 2024 года'

08-11-2024T08:25:08 - [MESSAGE][PASSED] - Text of object 'Object Repository/Выполнение бизнес-плана/Период' is: '1, 2, 3 кв. 2024 года'

08-11-2024T08:25:08 - [TEST_STEP][PASSED] - m = m.substring(0, m.indexOf("2024")): null

08-11-2024T08:25:08 - [TEST_STEP][PASSED] - m = m.trim(): null

08-11-2024T08:25:08 - [TEST_STEP][PASSED] - dashboardName = "Выполнение бизнес-плана": null

08-11-2024T08:25:08 - [TEST_STEP][PASSED] - workbook01 = getWorkbook(excelFilePath): null

08-11-2024T08:25:09 - [TEST_STEP][PASSED] - sheet01 = getExcelSheet(workbook01, sheetName): null

08-11-2024T08:25:09 - [TEST_STEP][PASSED] - setValueToCellByIndex(sheet01, n, 0, dashboardName): null

08-11-2024T08:25:09 - [TEST_STEP][PASSED] - setValueToCellByIndex(sheet01, n, 1, dZO): null

08-11-2024T08:25:09 - [TEST_STEP][PASSED] - setValueToCellByIndex(sheet01, n, 2, typeOfData): null

08-11-2024T08:25:09 - [TEST_STEP][PASSED] - if (typeOfData == "Факт в процентах" || typeOfData == "План в процентах"): null

08-11-2024T08:25:09 - [TEST_STEP][PASSED] - setValueToCellByIndex(sheet01, n, 3, fileDouble): null

08-11-2024T08:25:09 - [TEST_STEP][PASSED] - setValueToCellByIndex(sheet01, n, 4, pageDouble): null

08-11-2024T08:25:09 - [TEST_STEP][PASSED] - setValueToCellByIndex(sheet01, n, 5, m): null

08-11-2024T08:25:09 - [TEST_STEP][PASSED] - setValueToCellByIndex(sheet01, n, 6, y): null

08-11-2024T08:25:09 - [TEST_STEP][PASSED] - setValueToCellByIndex(sheet01, n, 7, todaysDate): null

08-11-2024T08:25:09 - [TEST_STEP][PASSED] - n = n + 1: null

08-11-2024T08:25:09 - [TEST_STEP][PASSED] - saveWorkbook(excelFilePath, workbook01): null

08-11-2024T08:25:09 - [TEST_STEP][PASSED] - file = findTestData("PlanFact").getValue(7, a): null

08-11-2024T08:25:09 - [TEST_STEP][PASSED] - file = file.replace(",", "."): null

08-11-2024T08:25:09 - [TEST_STEP][PASSED] - println("file Fact: " + file): null

08-11-2024T08:25:09 - [TEST_STEP][PASSED] - fileDouble = file.toDouble(): null

08-11-2024T08:25:09 - [TEST_STEP][PASSED] - typeOfData = "Факт в процентах": null

08-11-2024T08:25:09 - [TEST_STEP][PASSED] - fileDouble = file.toDouble(): null

08-11-2024T08:25:09 - [TEST_STEP][PASSED] - pageDouble = page2.toDouble(): null

08-11-2024T08:25:09 - [TEST_STEP][PASSED] - if (fileDouble != pageDouble): null

08-11-2024T08:25:09 - [TEST_STEP][PASSED] - numberOfErrors = numberOfErrors + 1: null

08-11-2024T08:25:09 - [TEST_STEP][PASSED] - Script1718980020443.WriteToExcel(a, typeOfData, todaysDate, pageInt, fileInt, pageDouble, fileDouble, dZO): null

08-11-2024T08:25:09 - [TEST_STEP][PASSED] - sheetName = "Sheet1": null

08-11-2024T08:25:09 - [TEST_STEP][PASSED] - data = findTestData("PlanFact"): null

08-11-2024T08:25:09 - [TEST_STEP][PASSED] - n = data.getRowNumbers() + 1: null

08-11-2024T08:25:09 - [TEST_STEP][PASSED] - year = todaysDate.substring(todaysDate.length() - 4, todaysDate.length()): null

08-11-2024T08:25:09 - [TEST_STEP][PASSED] - y = year.toInteger(): null

08-11-2024T08:25:09 - [TEST_STEP][PASSED] - m = getText(findTestObject("Выполнение бизнес-плана/Период")): Text of object 'Object Repository/Выполнение бизнес-плана/Период' is: '1, 2, 3 кв. 2024 года'

08-11-2024T08:25:09 - [MESSAGE][PASSED] - Text of object 'Object Repository/Выполнение бизнес-плана/Период' is: '1, 2, 3 кв. 2024 года'

08-11-2024T08:25:09 - [TEST_STEP][PASSED] - m = m.substring(0, m.indexOf("2024")): null

08-11-2024T08:25:09 - [TEST_STEP][PASSED] - m = m.trim(): null

08-11-2024T08:25:09 - [TEST_STEP][PASSED] - dashboardName = "Выполнение бизнес-плана": null

08-11-2024T08:25:09 - [TEST_STEP][PASSED] - workbook01 = getWorkbook(excelFilePath): null

08-11-2024T08:25:09 - [TEST_STEP][PASSED] - sheet01 = getExcelSheet(workbook01, sheetName): null

08-11-2024T08:25:09 - [TEST_STEP][PASSED] - setValueToCellByIndex(sheet01, n, 0, dashboardName): null

08-11-2024T08:25:09 - [TEST_STEP][PASSED] - setValueToCellByIndex(sheet01, n, 1, dZO): null

08-11-2024T08:25:09 - [TEST_STEP][PASSED] - setValueToCellByIndex(sheet01, n, 2, typeOfData): null

08-11-2024T08:25:09 - [TEST_STEP][PASSED] - if (typeOfData == "Факт в процентах" || typeOfData == "План в процентах"): null

08-11-2024T08:25:09 - [TEST_STEP][PASSED] - setValueToCellByIndex(sheet01, n, 3, fileDouble): null

08-11-2024T08:25:09 - [TEST_STEP][PASSED] - setValueToCellByIndex(sheet01, n, 4, pageDouble): null

08-11-2024T08:25:09 - [TEST_STEP][PASSED] - setValueToCellByIndex(sheet01, n, 5, m): null

08-11-2024T08:25:09 - [TEST_STEP][PASSED] - setValueToCellByIndex(sheet01, n, 6, y): null

08-11-2024T08:25:09 - [TEST_STEP][PASSED] - setValueToCellByIndex(sheet01, n, 7, todaysDate): null

08-11-2024T08:25:09 - [TEST_STEP][PASSED] - n = n + 1: null

08-11-2024T08:25:09 - [TEST_STEP][PASSED] - saveWorkbook(excelFilePath, workbook01): null

08-11-2024T08:25:10 - [TEST_STEP][FAILED] - if (verifyEqual(numberOfErrors, 0) == false): null

08-11-2024T08:25:10 - [MESSAGE][FAILED] - Unable to verify equal between actual object '6' and expected object '0' (Root cause: com.kms.katalon.core.exception.StepFailedException: Actual object '6' and expected object '0' are not equal
	at com.kms.katalon.core.keyword.builtin.VerifyEqualKeyword$_verifyEqual_closure1.doCall(VerifyEqualKeyword.groovy:58)
	at com.kms.katalon.core.keyword.builtin.VerifyEqualKeyword$_verifyEqual_closure1.call(VerifyEqualKeyword.groovy)
	at com.kms.katalon.core.keyword.internal.KeywordMain.runKeyword(KeywordMain.groovy:75)
	at com.kms.katalon.core.keyword.builtin.VerifyEqualKeyword.verifyEqual(VerifyEqualKeyword.groovy:63)
	at com.kms.katalon.core.keyword.builtin.VerifyEqualKeyword.execute(VerifyEqualKeyword.groovy:44)
	at com.kms.katalon.core.keyword.internal.KeywordExecutor.executeKeywordForPlatform(KeywordExecutor.groovy:74)
	at com.kms.katalon.core.keyword.BuiltinKeywords.verifyEqual(BuiltinKeywords.groovy:146)
	at java.base/jdk.internal.reflect.NativeMethodAccessorImpl.invoke0(Native Method)
	at java.base/jdk.internal.reflect.NativeMethodAccessorImpl.invoke(NativeMethodAccessorImpl.java:77)
	at java.base/jdk.internal.reflect.DelegatingMethodAccessorImpl.invoke(DelegatingMethodAccessorImpl.java:43)
	at Выполнение бизнес-плана Сверка ПАО Россети все филиалы.Numbers(Выполнение бизнес-плана Сверка ПАО Россети все филиалы:740)
	at Выполнение бизнес-плана Сверка ПАО Россети все филиалы.Filials(Выполнение бизнес-плана Сверка ПАО Россети все филиалы:1087)
	at Выполнение бизнес-плана Сверка ПАО Россети все филиалы.Numbers(Выполнение бизнес-плана Сверка ПАО Россети все филиалы:745)
	at Выполнение бизнес-плана Сверка ПАО Россети все филиалы.run(Выполнение бизнес-плана Сверка ПАО Россети все филиалы:304)
	at com.kms.katalon.core.main.ScriptEngine.run(ScriptEngine.java:194)
	at com.kms.katalon.core.main.ScriptEngine.runScriptAsRawText(ScriptEngine.java:119)
	at com.kms.katalon.core.main.TestCaseExecutor.runScript(TestCaseExecutor.java:448)
	at com.kms.katalon.core.main.TestCaseExecutor.doExecute(TestCaseExecutor.java:439)
	at com.kms.katalon.core.main.TestCaseExecutor.processExecutionPhase(TestCaseExecutor.java:418)
	at com.kms.katalon.core.main.TestCaseExecutor.accessMainPhase(TestCaseExecutor.java:410)
	at com.kms.katalon.core.main.TestCaseExecutor.execute(TestCaseExecutor.java:285)
	at com.kms.katalon.core.common.CommonExecutor.accessTestCaseMainPhase(CommonExecutor.java:65)
	at com.kms.katalon.core.main.TestSuiteExecutor.accessTestSuiteMainPhase(TestSuiteExecutor.java:150)
	at com.kms.katalon.core.main.TestSuiteExecutor.execute(TestSuiteExecutor.java:106)
	at com.kms.katalon.core.main.TestCaseMain.startTestSuite(TestCaseMain.java:180)
	at TempTestSuite1731039737176.run(TempTestSuite1731039737176.groovy:35)
	at java.base/jdk.internal.reflect.NativeMethodAccessorImpl.invoke0(Native Method)
	at java.base/jdk.internal.reflect.NativeMethodAccessorImpl.invoke(NativeMethodAccessorImpl.java:77)
	at java.base/jdk.internal.reflect.DelegatingMethodAccessorImpl.invoke(DelegatingMethodAccessorImpl.java:43)
)

08-11-2024T08:25:10 - [TEST_STEP][PASSED] - println(numberOfErrors): null

08-11-2024T08:25:10 - [TEST_STEP][PASSED] - if (a == 28 || a == 77 || a == 74 || a == 65 || a == 36 || a == 44 || a == 54 || a == 1 || a == 18 || a == 59): null

08-11-2024T08:25:10 - [TEST_STEP][PASSED] - if (a == 82): null

08-11-2024T08:25:10 - [TEST_STEP][PASSED] - dZO = "Каббалкэнерго": null

08-11-2024T08:25:10 - [TEST_STEP][PASSED] - a = 66: null

08-11-2024T08:25:10 - [TEST_STEP][PASSED] - if (x2.contains(dZO)): null

08-11-2024T08:25:10 - [TEST_STEP][PASSED] - filialNum = filialNum + 1: null

08-11-2024T08:25:10 - [TEST_STEP][PASSED] - Script1718980020443.Numbers(a, typeOfData, todaysDate, pageInt, fileInt, pageDouble, fileDouble, dZO, dzoNum, filialNum): null

08-11-2024T08:25:10 - [TEST_STEP][PASSED] - println(dzoNum): null

08-11-2024T08:25:10 - [TEST_STEP][PASSED] - planFact = <not implemented yet for class: org.codehaus.groovy.ast.expr.EmptyExpression>: null

08-11-2024T08:25:10 - [TEST_STEP][PASSED] - page = <not implemented yet for class: org.codehaus.groovy.ast.expr.EmptyExpression>: null

08-11-2024T08:25:10 - [TEST_STEP][PASSED] - page1 = <not implemented yet for class: org.codehaus.groovy.ast.expr.EmptyExpression>: null

08-11-2024T08:25:10 - [TEST_STEP][PASSED] - page2 = <not implemented yet for class: org.codehaus.groovy.ast.expr.EmptyExpression>: null

08-11-2024T08:25:10 - [TEST_STEP][PASSED] - filialNumberInRow = <not implemented yet for class: org.codehaus.groovy.ast.expr.EmptyExpression>: null

08-11-2024T08:25:10 - [TEST_STEP][PASSED] - filialsDzoNames = <not implemented yet for class: org.codehaus.groovy.ast.expr.EmptyExpression>: null

08-11-2024T08:25:10 - [TEST_STEP][PASSED] - numberOfFilials = <not implemented yet for class: org.codehaus.groovy.ast.expr.EmptyExpression>: null

08-11-2024T08:25:10 - [TEST_STEP][PASSED] - numberOfSpaces = <not implemented yet for class: org.codehaus.groovy.ast.expr.EmptyExpression>: null

08-11-2024T08:25:10 - [TEST_STEP][PASSED] - file = <not implemented yet for class: org.codehaus.groovy.ast.expr.EmptyExpression>: null

08-11-2024T08:25:10 - [TEST_STEP][PASSED] - otpusk = <not implemented yet for class: org.codehaus.groovy.ast.expr.EmptyExpression>: null

08-11-2024T08:25:10 - [TEST_STEP][PASSED] - poteri = <not implemented yet for class: org.codehaus.groovy.ast.expr.EmptyExpression>: null

08-11-2024T08:25:10 - [TEST_STEP][PASSED] - dataFolder = "Выполнение бизнес-плана/Значения со страницы Выполнение бизнес-плана/": null

08-11-2024T08:25:10 - [TEST_STEP][PASSED] - path = <not implemented yet for class: org.codehaus.groovy.ast.expr.EmptyExpression>: null

08-11-2024T08:25:10 - [TEST_STEP][PASSED] - typeOfDataMain = <not implemented yet for class: org.codehaus.groovy.ast.expr.EmptyExpression>: null

08-11-2024T08:25:10 - [TEST_STEP][PASSED] - fileOtpuskVSet = <not implemented yet for class: org.codehaus.groovy.ast.expr.EmptyExpression>: null

08-11-2024T08:25:10 - [TEST_STEP][PASSED] - pageOtpuskVSet = <not implemented yet for class: org.codehaus.groovy.ast.expr.EmptyExpression>: null

08-11-2024T08:25:10 - [TEST_STEP][PASSED] - filePoteri = <not implemented yet for class: org.codehaus.groovy.ast.expr.EmptyExpression>: null

08-11-2024T08:25:10 - [TEST_STEP][PASSED] - pagePoteri = <not implemented yet for class: org.codehaus.groovy.ast.expr.EmptyExpression>: null

08-11-2024T08:25:10 - [TEST_STEP][PASSED] - compare = <not implemented yet for class: org.codehaus.groovy.ast.expr.EmptyExpression>: null

08-11-2024T08:25:10 - [TEST_STEP][PASSED] - b = <not implemented yet for class: org.codehaus.groovy.ast.expr.EmptyExpression>: null

08-11-2024T08:25:10 - [TEST_STEP][PASSED] - i = <not implemented yet for class: org.codehaus.groovy.ast.expr.EmptyExpression>: null

08-11-2024T08:25:10 - [TEST_STEP][PASSED] - ii = <not implemented yet for class: org.codehaus.groovy.ast.expr.EmptyExpression>: null

08-11-2024T08:25:10 - [TEST_STEP][PASSED] - c = <not implemented yet for class: org.codehaus.groovy.ast.expr.EmptyExpression>: null

08-11-2024T08:25:10 - [TEST_STEP][PASSED] - numberOfErrors = 0: null

08-11-2024T08:25:10 - [TEST_STEP][PASSED] - if (a == 82): null

08-11-2024T08:25:10 - [TEST_STEP][PASSED] - b = findTestData("PlanFact").getValue(1, a): null

08-11-2024T08:25:10 - [TEST_STEP][PASSED] - i = b.indexOf(" (ГК)"): null

08-11-2024T08:25:10 - [TEST_STEP][PASSED] - if (i > -1): null

08-11-2024T08:25:10 - [TEST_STEP][PASSED] - i = b.indexOf("О ""): null

08-11-2024T08:25:10 - [TEST_STEP][PASSED] - if (i > -1): null

08-11-2024T08:25:10 - [TEST_STEP][PASSED] - i = b.indexOf("О «"): null

08-11-2024T08:25:10 - [TEST_STEP][PASSED] - if (i > -1): null

08-11-2024T08:25:10 - [TEST_STEP][PASSED] - i = b.indexOf("г. "): null

08-11-2024T08:25:10 - [TEST_STEP][PASSED] - if (i > -1): null

08-11-2024T08:25:10 - [TEST_STEP][PASSED] - println(b): null

08-11-2024T08:25:10 - [TEST_STEP][PASSED] - for ([planFact = 1, planFact < 3, (planFact++)]): null

08-11-2024T08:25:10 - [TEST_STEP][PASSED] - if (planFact == 1): null

08-11-2024T08:25:10 - [TEST_STEP][PASSED] - typeOfDataMain = "Факт": null

08-11-2024T08:25:10 - [TEST_STEP][PASSED] - otpusk = findTestData("PlanFact").getValue(5, a): null

08-11-2024T08:25:10 - [TEST_STEP][PASSED] - poteri = findTestData("PlanFact").getValue(6, a): null

08-11-2024T08:25:10 - [TEST_STEP][PASSED] - otpusk = otpusk.replaceAll("\s+", ""): null

08-11-2024T08:25:10 - [TEST_STEP][PASSED] - poteri = poteri.replaceAll("\s+", ""): null

08-11-2024T08:25:10 - [TEST_STEP][PASSED] - typeOfData = typeOfDataMain + " Отпуск в сеть": null

08-11-2024T08:25:10 - [TEST_STEP][PASSED] - if (a == 82): null

08-11-2024T08:25:10 - [TEST_STEP][PASSED] - else if (a == 84): null

08-11-2024T08:25:10 - [TEST_STEP][PASSED] - else if (a == 52 || a == 72 || a == 28 || a == 73 || a == 77 || a == 74 || a == 65 || a == 36 || a == 44 || a == 53 || a == 80 || a == 54 || a == 1 || a == 18 || a == 59 || a == 81): null

08-11-2024T08:25:10 - [TEST_STEP][PASSED] - else: null

08-11-2024T08:25:10 - [TEST_STEP][PASSED] - path = dataFolder + typeOfData + " за отчётный период " + b: null

08-11-2024T08:25:10 - [TEST_STEP][PASSED] - println(path): null

08-11-2024T08:25:10 - [TEST_STEP][PASSED] - page = getText(findTestObject(path)): Text of object 'Object Repository/Выполнение бизнес-плана/Значения со страницы Выполнение бизнес-плана/Факт Отпуск в сеть за отчётный период Каббалкэнерго' is: '1 267 062'

08-11-2024T08:25:10 - [MESSAGE][PASSED] - Text of object 'Object Repository/Выполнение бизнес-плана/Значения со страницы Выполнение бизнес-плана/Факт Отпуск в сеть за отчётный период Каббалкэнерго' is: '1 267 062'

08-11-2024T08:25:10 - [TEST_STEP][PASSED] - page = page.replaceAll("\s+", ""): null

08-11-2024T08:25:10 - [TEST_STEP][PASSED] - fileOtpuskVSet = otpusk.toInteger(): null

08-11-2024T08:25:10 - [TEST_STEP][PASSED] - pageOtpuskVSet = page.toInteger(): null

08-11-2024T08:25:10 - [TEST_STEP][PASSED] - typeOfData = typeOfDataMain + " Потери": null

08-11-2024T08:25:10 - [TEST_STEP][PASSED] - if (a == 82): null

08-11-2024T08:25:10 - [TEST_STEP][PASSED] - else if (a == 84): null

08-11-2024T08:25:10 - [TEST_STEP][PASSED] - else if (a == 52 || a == 72 || a == 28 || a == 73 || a == 77 || a == 74 || a == 65 || a == 36 || a == 44 || a == 53 || a == 80 || a == 54 || a == 1 || a == 18 || a == 59 || a == 81): null

08-11-2024T08:25:10 - [TEST_STEP][PASSED] - else: null

08-11-2024T08:25:10 - [TEST_STEP][PASSED] - path = dataFolder + typeOfData + " за отчётный период " + b: null

08-11-2024T08:25:10 - [TEST_STEP][PASSED] - page = getText(findTestObject(path)): Text of object 'Object Repository/Выполнение бизнес-плана/Значения со страницы Выполнение бизнес-плана/Факт Потери за отчётный период Каббалкэнерго' is: '252 911'

08-11-2024T08:25:10 - [MESSAGE][PASSED] - Text of object 'Object Repository/Выполнение бизнес-плана/Значения со страницы Выполнение бизнес-плана/Факт Потери за отчётный период Каббалкэнерго' is: '252 911'

08-11-2024T08:25:10 - [TEST_STEP][PASSED] - page = page.replaceAll("\s+", ""): null

08-11-2024T08:25:10 - [TEST_STEP][PASSED] - filePoteri = poteri.toInteger(): null

08-11-2024T08:25:10 - [TEST_STEP][PASSED] - pagePoteri = page.toInteger(): null

08-11-2024T08:25:10 - [TEST_STEP][PASSED] - compare = pageOtpuskVSet: null

08-11-2024T08:25:10 - [TEST_STEP][PASSED] - if (compare == fileOtpuskVSet): null

08-11-2024T08:25:10 - [TEST_STEP][PASSED] - else if (compare > fileOtpuskVSet): null

08-11-2024T08:25:10 - [TEST_STEP][PASSED] - else if (compare < fileOtpuskVSet): null

08-11-2024T08:25:10 - [TEST_STEP][PASSED] - compare = compare + 1: null

08-11-2024T08:25:10 - [TEST_STEP][PASSED] - if (compare == fileOtpuskVSet): null

08-11-2024T08:25:10 - [TEST_STEP][PASSED] - else: null

08-11-2024T08:25:10 - [TEST_STEP][PASSED] - numberOfErrors = numberOfErrors + 1: null

08-11-2024T08:25:10 - [TEST_STEP][PASSED] - pageInt = pageOtpuskVSet: null

08-11-2024T08:25:10 - [TEST_STEP][PASSED] - fileInt = fileOtpuskVSet: null

08-11-2024T08:25:10 - [TEST_STEP][PASSED] - typeOfData = typeOfDataMain + " Отпуск в сеть": null

08-11-2024T08:25:10 - [TEST_STEP][PASSED] - Script1718980020443.WriteToExcel(a, typeOfData, todaysDate, pageInt, fileInt, pageDouble, fileDouble, dZO): null

08-11-2024T08:25:10 - [TEST_STEP][PASSED] - sheetName = "Sheet1": null

08-11-2024T08:25:10 - [TEST_STEP][PASSED] - data = findTestData("PlanFact"): null

08-11-2024T08:25:10 - [TEST_STEP][PASSED] - n = data.getRowNumbers() + 1: null

08-11-2024T08:25:10 - [TEST_STEP][PASSED] - year = todaysDate.substring(todaysDate.length() - 4, todaysDate.length()): null

08-11-2024T08:25:10 - [TEST_STEP][PASSED] - y = year.toInteger(): null

08-11-2024T08:25:10 - [TEST_STEP][PASSED] - m = getText(findTestObject("Выполнение бизнес-плана/Период")): Text of object 'Object Repository/Выполнение бизнес-плана/Период' is: '1, 2, 3 кв. 2024 года'

08-11-2024T08:25:11 - [MESSAGE][PASSED] - Text of object 'Object Repository/Выполнение бизнес-плана/Период' is: '1, 2, 3 кв. 2024 года'

08-11-2024T08:25:11 - [TEST_STEP][PASSED] - m = m.substring(0, m.indexOf("2024")): null

08-11-2024T08:25:11 - [TEST_STEP][PASSED] - m = m.trim(): null

08-11-2024T08:25:11 - [TEST_STEP][PASSED] - dashboardName = "Выполнение бизнес-плана": null

08-11-2024T08:25:11 - [TEST_STEP][PASSED] - workbook01 = getWorkbook(excelFilePath): null

08-11-2024T08:25:11 - [TEST_STEP][PASSED] - sheet01 = getExcelSheet(workbook01, sheetName): null

08-11-2024T08:25:11 - [TEST_STEP][PASSED] - setValueToCellByIndex(sheet01, n, 0, dashboardName): null

08-11-2024T08:25:11 - [TEST_STEP][PASSED] - setValueToCellByIndex(sheet01, n, 1, dZO): null

08-11-2024T08:25:11 - [TEST_STEP][PASSED] - setValueToCellByIndex(sheet01, n, 2, typeOfData): null

08-11-2024T08:25:11 - [TEST_STEP][PASSED] - if (typeOfData == "Факт в процентах" || typeOfData == "План в процентах"): null

08-11-2024T08:25:11 - [TEST_STEP][PASSED] - else: null

08-11-2024T08:25:11 - [TEST_STEP][PASSED] - setValueToCellByIndex(sheet01, n, 3, fileInt): null

08-11-2024T08:25:11 - [TEST_STEP][PASSED] - setValueToCellByIndex(sheet01, n, 4, pageInt): null

08-11-2024T08:25:11 - [TEST_STEP][PASSED] - setValueToCellByIndex(sheet01, n, 5, m): null

08-11-2024T08:25:11 - [TEST_STEP][PASSED] - setValueToCellByIndex(sheet01, n, 6, y): null

08-11-2024T08:25:11 - [TEST_STEP][PASSED] - setValueToCellByIndex(sheet01, n, 7, todaysDate): null

08-11-2024T08:25:11 - [TEST_STEP][PASSED] - n = n + 1: null

08-11-2024T08:25:11 - [TEST_STEP][PASSED] - saveWorkbook(excelFilePath, workbook01): null

08-11-2024T08:25:11 - [TEST_STEP][PASSED] - compare = pagePoteri: null

08-11-2024T08:25:11 - [TEST_STEP][PASSED] - if (compare == filePoteri): null

08-11-2024T08:25:11 - [TEST_STEP][PASSED] - else if (compare > filePoteri): null

08-11-2024T08:25:11 - [TEST_STEP][PASSED] - else if (compare < filePoteri): null

08-11-2024T08:25:11 - [TEST_STEP][PASSED] - compare = compare + 1: null

08-11-2024T08:25:11 - [TEST_STEP][PASSED] - if (compare == filePoteri): null

08-11-2024T08:25:11 - [TEST_STEP][PASSED] - else: null

08-11-2024T08:25:11 - [TEST_STEP][PASSED] - numberOfErrors = numberOfErrors + 1: null

08-11-2024T08:25:11 - [TEST_STEP][PASSED] - pageInt = pagePoteri: null

08-11-2024T08:25:11 - [TEST_STEP][PASSED] - fileInt = filePoteri: null

08-11-2024T08:25:11 - [TEST_STEP][PASSED] - typeOfData = typeOfDataMain + " Потери": null

08-11-2024T08:25:11 - [TEST_STEP][PASSED] - Script1718980020443.WriteToExcel(a, typeOfData, todaysDate, pageInt, fileInt, pageDouble, fileDouble, dZO): null

08-11-2024T08:25:11 - [TEST_STEP][PASSED] - sheetName = "Sheet1": null

08-11-2024T08:25:11 - [TEST_STEP][PASSED] - data = findTestData("PlanFact"): null

08-11-2024T08:25:11 - [TEST_STEP][PASSED] - n = data.getRowNumbers() + 1: null

08-11-2024T08:25:11 - [TEST_STEP][PASSED] - year = todaysDate.substring(todaysDate.length() - 4, todaysDate.length()): null

08-11-2024T08:25:11 - [TEST_STEP][PASSED] - y = year.toInteger(): null

08-11-2024T08:25:11 - [TEST_STEP][PASSED] - m = getText(findTestObject("Выполнение бизнес-плана/Период")): Text of object 'Object Repository/Выполнение бизнес-плана/Период' is: '1, 2, 3 кв. 2024 года'

08-11-2024T08:25:11 - [MESSAGE][PASSED] - Text of object 'Object Repository/Выполнение бизнес-плана/Период' is: '1, 2, 3 кв. 2024 года'

08-11-2024T08:25:11 - [TEST_STEP][PASSED] - m = m.substring(0, m.indexOf("2024")): null

08-11-2024T08:25:11 - [TEST_STEP][PASSED] - m = m.trim(): null

08-11-2024T08:25:11 - [TEST_STEP][PASSED] - dashboardName = "Выполнение бизнес-плана": null

08-11-2024T08:25:11 - [TEST_STEP][PASSED] - workbook01 = getWorkbook(excelFilePath): null

08-11-2024T08:25:11 - [TEST_STEP][PASSED] - sheet01 = getExcelSheet(workbook01, sheetName): null

08-11-2024T08:25:11 - [TEST_STEP][PASSED] - setValueToCellByIndex(sheet01, n, 0, dashboardName): null

08-11-2024T08:25:11 - [TEST_STEP][PASSED] - setValueToCellByIndex(sheet01, n, 1, dZO): null

08-11-2024T08:25:11 - [TEST_STEP][PASSED] - setValueToCellByIndex(sheet01, n, 2, typeOfData): null

08-11-2024T08:25:11 - [TEST_STEP][PASSED] - if (typeOfData == "Факт в процентах" || typeOfData == "План в процентах"): null

08-11-2024T08:25:11 - [TEST_STEP][PASSED] - else: null

08-11-2024T08:25:11 - [TEST_STEP][PASSED] - setValueToCellByIndex(sheet01, n, 3, fileInt): null

08-11-2024T08:25:11 - [TEST_STEP][PASSED] - setValueToCellByIndex(sheet01, n, 4, pageInt): null

08-11-2024T08:25:11 - [TEST_STEP][PASSED] - setValueToCellByIndex(sheet01, n, 5, m): null

08-11-2024T08:25:11 - [TEST_STEP][PASSED] - setValueToCellByIndex(sheet01, n, 6, y): null

08-11-2024T08:25:11 - [TEST_STEP][PASSED] - setValueToCellByIndex(sheet01, n, 7, todaysDate): null

08-11-2024T08:25:11 - [TEST_STEP][PASSED] - n = n + 1: null

08-11-2024T08:25:11 - [TEST_STEP][PASSED] - saveWorkbook(excelFilePath, workbook01): null

08-11-2024T08:25:12 - [TEST_STEP][PASSED] - if (planFact == 2): null

08-11-2024T08:25:12 - [TEST_STEP][PASSED] - if (planFact == 1): null

08-11-2024T08:25:12 - [TEST_STEP][PASSED] - else if (planFact == 2): null

08-11-2024T08:25:12 - [TEST_STEP][PASSED] - click(findTestObject("Выполнение бизнес-плана/Кнопка План")): Object: 'Object Repository/Выполнение бизнес-плана/Кнопка План' is clicked on

08-11-2024T08:25:12 - [MESSAGE][PASSED] - Object: 'Object Repository/Выполнение бизнес-плана/Кнопка План' is clicked on

08-11-2024T08:25:12 - [TEST_STEP][PASSED] - typeOfDataMain = "План": null

08-11-2024T08:25:12 - [TEST_STEP][PASSED] - otpusk = findTestData("PlanFact").getValue(2, a): null

08-11-2024T08:25:12 - [TEST_STEP][PASSED] - poteri = findTestData("PlanFact").getValue(3, a): null

08-11-2024T08:25:12 - [TEST_STEP][PASSED] - otpusk = otpusk.replaceAll("\s+", ""): null

08-11-2024T08:25:12 - [TEST_STEP][PASSED] - poteri = poteri.replaceAll("\s+", ""): null

08-11-2024T08:25:12 - [TEST_STEP][PASSED] - typeOfData = typeOfDataMain + " Отпуск в сеть": null

08-11-2024T08:25:12 - [TEST_STEP][PASSED] - if (a == 82): null

08-11-2024T08:25:12 - [TEST_STEP][PASSED] - else if (a == 84): null

08-11-2024T08:25:12 - [TEST_STEP][PASSED] - else if (a == 52 || a == 72 || a == 28 || a == 73 || a == 77 || a == 74 || a == 65 || a == 36 || a == 44 || a == 53 || a == 80 || a == 54 || a == 1 || a == 18 || a == 59 || a == 81): null

08-11-2024T08:25:12 - [TEST_STEP][PASSED] - else: null

08-11-2024T08:25:12 - [TEST_STEP][PASSED] - path = dataFolder + typeOfData + " за отчётный период " + b: null

08-11-2024T08:25:12 - [TEST_STEP][PASSED] - println(path): null

08-11-2024T08:25:12 - [TEST_STEP][PASSED] - page = getText(findTestObject(path)): Text of object 'Object Repository/Выполнение бизнес-плана/Значения со страницы Выполнение бизнес-плана/План Отпуск в сеть за отчётный период Каббалкэнерго' is: '1 166 613'

08-11-2024T08:25:13 - [MESSAGE][PASSED] - Text of object 'Object Repository/Выполнение бизнес-плана/Значения со страницы Выполнение бизнес-плана/План Отпуск в сеть за отчётный период Каббалкэнерго' is: '1 166 613'

08-11-2024T08:25:13 - [TEST_STEP][PASSED] - page = page.replaceAll("\s+", ""): null

08-11-2024T08:25:13 - [TEST_STEP][PASSED] - fileOtpuskVSet = otpusk.toInteger(): null

08-11-2024T08:25:13 - [TEST_STEP][PASSED] - pageOtpuskVSet = page.toInteger(): null

08-11-2024T08:25:13 - [TEST_STEP][PASSED] - typeOfData = typeOfDataMain + " Потери": null

08-11-2024T08:25:13 - [TEST_STEP][PASSED] - if (a == 82): null

08-11-2024T08:25:13 - [TEST_STEP][PASSED] - else if (a == 84): null

08-11-2024T08:25:13 - [TEST_STEP][PASSED] - else if (a == 52 || a == 72 || a == 28 || a == 73 || a == 77 || a == 74 || a == 65 || a == 36 || a == 44 || a == 53 || a == 80 || a == 54 || a == 1 || a == 18 || a == 59 || a == 81): null

08-11-2024T08:25:13 - [TEST_STEP][PASSED] - else: null

08-11-2024T08:25:13 - [TEST_STEP][PASSED] - path = dataFolder + typeOfData + " за отчётный период " + b: null

08-11-2024T08:25:13 - [TEST_STEP][PASSED] - page = getText(findTestObject(path)): Text of object 'Object Repository/Выполнение бизнес-плана/Значения со страницы Выполнение бизнес-плана/План Потери за отчётный период Каббалкэнерго' is: '235 702'

08-11-2024T08:25:13 - [MESSAGE][PASSED] - Text of object 'Object Repository/Выполнение бизнес-плана/Значения со страницы Выполнение бизнес-плана/План Потери за отчётный период Каббалкэнерго' is: '235 702'

08-11-2024T08:25:13 - [TEST_STEP][PASSED] - page = page.replaceAll("\s+", ""): null

08-11-2024T08:25:13 - [TEST_STEP][PASSED] - filePoteri = poteri.toInteger(): null

08-11-2024T08:25:13 - [TEST_STEP][PASSED] - pagePoteri = page.toInteger(): null

08-11-2024T08:25:13 - [TEST_STEP][PASSED] - compare = pageOtpuskVSet: null

08-11-2024T08:25:13 - [TEST_STEP][PASSED] - if (compare == fileOtpuskVSet): null

08-11-2024T08:25:13 - [TEST_STEP][PASSED] - else if (compare > fileOtpuskVSet): null

08-11-2024T08:25:13 - [TEST_STEP][PASSED] - else if (compare < fileOtpuskVSet): null

08-11-2024T08:25:13 - [TEST_STEP][PASSED] - compare = compare + 1: null

08-11-2024T08:25:13 - [TEST_STEP][PASSED] - if (compare == fileOtpuskVSet): null

08-11-2024T08:25:13 - [TEST_STEP][PASSED] - else: null

08-11-2024T08:25:13 - [TEST_STEP][PASSED] - numberOfErrors = numberOfErrors + 1: null

08-11-2024T08:25:13 - [TEST_STEP][PASSED] - pageInt = pageOtpuskVSet: null

08-11-2024T08:25:13 - [TEST_STEP][PASSED] - fileInt = fileOtpuskVSet: null

08-11-2024T08:25:13 - [TEST_STEP][PASSED] - typeOfData = typeOfDataMain + " Отпуск в сеть": null

08-11-2024T08:25:13 - [TEST_STEP][PASSED] - Script1718980020443.WriteToExcel(a, typeOfData, todaysDate, pageInt, fileInt, pageDouble, fileDouble, dZO): null

08-11-2024T08:25:13 - [TEST_STEP][PASSED] - sheetName = "Sheet1": null

08-11-2024T08:25:13 - [TEST_STEP][PASSED] - data = findTestData("PlanFact"): null

08-11-2024T08:25:13 - [TEST_STEP][PASSED] - n = data.getRowNumbers() + 1: null

08-11-2024T08:25:13 - [TEST_STEP][PASSED] - year = todaysDate.substring(todaysDate.length() - 4, todaysDate.length()): null

08-11-2024T08:25:13 - [TEST_STEP][PASSED] - y = year.toInteger(): null

08-11-2024T08:25:13 - [TEST_STEP][PASSED] - m = getText(findTestObject("Выполнение бизнес-плана/Период")): Text of object 'Object Repository/Выполнение бизнес-плана/Период' is: '1, 2, 3 кв. 2024 года'

08-11-2024T08:25:13 - [MESSAGE][PASSED] - Text of object 'Object Repository/Выполнение бизнес-плана/Период' is: '1, 2, 3 кв. 2024 года'

08-11-2024T08:25:13 - [TEST_STEP][PASSED] - m = m.substring(0, m.indexOf("2024")): null

08-11-2024T08:25:13 - [TEST_STEP][PASSED] - m = m.trim(): null

08-11-2024T08:25:13 - [TEST_STEP][PASSED] - dashboardName = "Выполнение бизнес-плана": null

08-11-2024T08:25:13 - [TEST_STEP][PASSED] - workbook01 = getWorkbook(excelFilePath): null

08-11-2024T08:25:13 - [TEST_STEP][PASSED] - sheet01 = getExcelSheet(workbook01, sheetName): null

08-11-2024T08:25:13 - [TEST_STEP][PASSED] - setValueToCellByIndex(sheet01, n, 0, dashboardName): null

08-11-2024T08:25:13 - [TEST_STEP][PASSED] - setValueToCellByIndex(sheet01, n, 1, dZO): null

08-11-2024T08:25:13 - [TEST_STEP][PASSED] - setValueToCellByIndex(sheet01, n, 2, typeOfData): null

08-11-2024T08:25:13 - [TEST_STEP][PASSED] - if (typeOfData == "Факт в процентах" || typeOfData == "План в процентах"): null

08-11-2024T08:25:13 - [TEST_STEP][PASSED] - else: null

08-11-2024T08:25:13 - [TEST_STEP][PASSED] - setValueToCellByIndex(sheet01, n, 3, fileInt): null

08-11-2024T08:25:13 - [TEST_STEP][PASSED] - setValueToCellByIndex(sheet01, n, 4, pageInt): null

08-11-2024T08:25:13 - [TEST_STEP][PASSED] - setValueToCellByIndex(sheet01, n, 5, m): null

08-11-2024T08:25:13 - [TEST_STEP][PASSED] - setValueToCellByIndex(sheet01, n, 6, y): null

08-11-2024T08:25:13 - [TEST_STEP][PASSED] - setValueToCellByIndex(sheet01, n, 7, todaysDate): null

08-11-2024T08:25:13 - [TEST_STEP][PASSED] - n = n + 1: null

08-11-2024T08:25:13 - [TEST_STEP][PASSED] - saveWorkbook(excelFilePath, workbook01): null

08-11-2024T08:25:14 - [TEST_STEP][PASSED] - compare = pagePoteri: null

08-11-2024T08:25:14 - [TEST_STEP][PASSED] - if (compare == filePoteri): null

08-11-2024T08:25:14 - [TEST_STEP][PASSED] - else if (compare > filePoteri): null

08-11-2024T08:25:14 - [TEST_STEP][PASSED] - else if (compare < filePoteri): null

08-11-2024T08:25:14 - [TEST_STEP][PASSED] - compare = compare + 1: null

08-11-2024T08:25:14 - [TEST_STEP][PASSED] - if (compare == filePoteri): null

08-11-2024T08:25:14 - [TEST_STEP][PASSED] - else: null

08-11-2024T08:25:14 - [TEST_STEP][PASSED] - numberOfErrors = numberOfErrors + 1: null

08-11-2024T08:25:14 - [TEST_STEP][PASSED] - pageInt = pagePoteri: null

08-11-2024T08:25:14 - [TEST_STEP][PASSED] - fileInt = filePoteri: null

08-11-2024T08:25:14 - [TEST_STEP][PASSED] - typeOfData = typeOfDataMain + " Потери": null

08-11-2024T08:25:14 - [TEST_STEP][PASSED] - Script1718980020443.WriteToExcel(a, typeOfData, todaysDate, pageInt, fileInt, pageDouble, fileDouble, dZO): null

08-11-2024T08:25:14 - [TEST_STEP][PASSED] - sheetName = "Sheet1": null

08-11-2024T08:25:14 - [TEST_STEP][PASSED] - data = findTestData("PlanFact"): null

08-11-2024T08:25:14 - [TEST_STEP][PASSED] - n = data.getRowNumbers() + 1: null

08-11-2024T08:25:14 - [TEST_STEP][PASSED] - year = todaysDate.substring(todaysDate.length() - 4, todaysDate.length()): null

08-11-2024T08:25:14 - [TEST_STEP][PASSED] - y = year.toInteger(): null

08-11-2024T08:25:14 - [TEST_STEP][PASSED] - m = getText(findTestObject("Выполнение бизнес-плана/Период")): Text of object 'Object Repository/Выполнение бизнес-плана/Период' is: '1, 2, 3 кв. 2024 года'

08-11-2024T08:25:14 - [MESSAGE][PASSED] - Text of object 'Object Repository/Выполнение бизнес-плана/Период' is: '1, 2, 3 кв. 2024 года'

08-11-2024T08:25:14 - [TEST_STEP][PASSED] - m = m.substring(0, m.indexOf("2024")): null

08-11-2024T08:25:14 - [TEST_STEP][PASSED] - m = m.trim(): null

08-11-2024T08:25:14 - [TEST_STEP][PASSED] - dashboardName = "Выполнение бизнес-плана": null

08-11-2024T08:25:14 - [TEST_STEP][PASSED] - workbook01 = getWorkbook(excelFilePath): null

08-11-2024T08:25:14 - [TEST_STEP][PASSED] - sheet01 = getExcelSheet(workbook01, sheetName): null

08-11-2024T08:25:14 - [TEST_STEP][PASSED] - setValueToCellByIndex(sheet01, n, 0, dashboardName): null

08-11-2024T08:25:14 - [TEST_STEP][PASSED] - setValueToCellByIndex(sheet01, n, 1, dZO): null

08-11-2024T08:25:14 - [TEST_STEP][PASSED] - setValueToCellByIndex(sheet01, n, 2, typeOfData): null

08-11-2024T08:25:14 - [TEST_STEP][PASSED] - if (typeOfData == "Факт в процентах" || typeOfData == "План в процентах"): null

08-11-2024T08:25:14 - [TEST_STEP][PASSED] - else: null

08-11-2024T08:25:14 - [TEST_STEP][PASSED] - setValueToCellByIndex(sheet01, n, 3, fileInt): null

08-11-2024T08:25:14 - [TEST_STEP][PASSED] - setValueToCellByIndex(sheet01, n, 4, pageInt): null

08-11-2024T08:25:14 - [TEST_STEP][PASSED] - setValueToCellByIndex(sheet01, n, 5, m): null

08-11-2024T08:25:14 - [TEST_STEP][PASSED] - setValueToCellByIndex(sheet01, n, 6, y): null

08-11-2024T08:25:14 - [TEST_STEP][PASSED] - setValueToCellByIndex(sheet01, n, 7, todaysDate): null

08-11-2024T08:25:14 - [TEST_STEP][PASSED] - n = n + 1: null

08-11-2024T08:25:14 - [TEST_STEP][PASSED] - saveWorkbook(excelFilePath, workbook01): Object: 'Object Repository/Выполнение бизнес-плана/Кнопка Факт' is clicked on

08-11-2024T08:25:14 - [TEST_STEP][PASSED] - if (planFact == 2): Object: 'Object Repository/Выполнение бизнес-плана/Кнопка Факт' is clicked on

08-11-2024T08:25:14 - [TEST_STEP][PASSED] - click(findTestObject("Выполнение бизнес-плана/Кнопка Факт")): Object: 'Object Repository/Выполнение бизнес-плана/Кнопка Факт' is clicked on

08-11-2024T08:25:15 - [MESSAGE][PASSED] - Object: 'Object Repository/Выполнение бизнес-плана/Кнопка Факт' is clicked on

08-11-2024T08:25:15 - [TEST_STEP][PASSED] - if (a == 84 || a == 82): null

08-11-2024T08:25:15 - [TEST_STEP][PASSED] - else if (a == 52 || a == 72 || a == 28 || a == 73 || a == 77 || a == 74 || a == 65 || a == 36 || a == 44 || a == 53 || a == 80 || a == 54 || a == 1 || a == 18 || a == 59 || a == 81): null

08-11-2024T08:25:15 - [TEST_STEP][PASSED] - else: null

08-11-2024T08:25:15 - [TEST_STEP][PASSED] - page1 = getText(findTestObject("Object Repository/Выполнение бизнес-плана/spanPlan" + filialNum)): Text of object 'Object Repository/Выполнение бизнес-плана/spanPlan3' is: '20.20
|'

08-11-2024T08:25:15 - [MESSAGE][PASSED] - Text of object 'Object Repository/Выполнение бизнес-плана/spanPlan3' is: '20.20
|'

08-11-2024T08:25:15 - [TEST_STEP][PASSED] - page1 = page1.replace("|", ""): null

08-11-2024T08:25:15 - [TEST_STEP][PASSED] - page2 = getText(findTestObject("Object Repository/Выполнение бизнес-плана/spanFact" + filialNum)): Text of object 'Object Repository/Выполнение бизнес-плана/spanFact3' is: '19.96
|'

08-11-2024T08:25:15 - [MESSAGE][PASSED] - Text of object 'Object Repository/Выполнение бизнес-плана/spanFact3' is: '19.96
|'

08-11-2024T08:25:15 - [TEST_STEP][PASSED] - page2 = page2.replace("|", ""): null

08-11-2024T08:25:15 - [TEST_STEP][PASSED] - println("page1: " + page1): null

08-11-2024T08:25:15 - [TEST_STEP][PASSED] - println("page2: " + page2): null

08-11-2024T08:25:15 - [TEST_STEP][PASSED] - file = findTestData("PlanFact").getValue(4, a): null

08-11-2024T08:25:15 - [TEST_STEP][PASSED] - file = file.replace(",", "."): null

08-11-2024T08:25:15 - [TEST_STEP][PASSED] - println("file Plan: " + file): null

08-11-2024T08:25:15 - [TEST_STEP][PASSED] - typeOfData = "План в процентах": null

08-11-2024T08:25:15 - [TEST_STEP][PASSED] - fileDouble = file.toDouble(): null

08-11-2024T08:25:15 - [TEST_STEP][PASSED] - pageDouble = page1.toDouble(): null

08-11-2024T08:25:15 - [TEST_STEP][PASSED] - if (fileDouble != pageDouble): null

08-11-2024T08:25:15 - [TEST_STEP][PASSED] - numberOfErrors = numberOfErrors + 1: null

08-11-2024T08:25:15 - [TEST_STEP][PASSED] - Script1718980020443.WriteToExcel(a, typeOfData, todaysDate, pageInt, fileInt, pageDouble, fileDouble, dZO): null

08-11-2024T08:25:15 - [TEST_STEP][PASSED] - sheetName = "Sheet1": null

08-11-2024T08:25:15 - [TEST_STEP][PASSED] - data = findTestData("PlanFact"): null

08-11-2024T08:25:15 - [TEST_STEP][PASSED] - n = data.getRowNumbers() + 1: null

08-11-2024T08:25:15 - [TEST_STEP][PASSED] - year = todaysDate.substring(todaysDate.length() - 4, todaysDate.length()): null

08-11-2024T08:25:15 - [TEST_STEP][PASSED] - y = year.toInteger(): null

08-11-2024T08:25:15 - [TEST_STEP][PASSED] - m = getText(findTestObject("Выполнение бизнес-плана/Период")): Text of object 'Object Repository/Выполнение бизнес-плана/Период' is: '1, 2, 3 кв. 2024 года'

08-11-2024T08:25:16 - [MESSAGE][PASSED] - Text of object 'Object Repository/Выполнение бизнес-плана/Период' is: '1, 2, 3 кв. 2024 года'

08-11-2024T08:25:16 - [TEST_STEP][PASSED] - m = m.substring(0, m.indexOf("2024")): null

08-11-2024T08:25:16 - [TEST_STEP][PASSED] - m = m.trim(): null

08-11-2024T08:25:16 - [TEST_STEP][PASSED] - dashboardName = "Выполнение бизнес-плана": null

08-11-2024T08:25:16 - [TEST_STEP][PASSED] - workbook01 = getWorkbook(excelFilePath): null

08-11-2024T08:25:16 - [TEST_STEP][PASSED] - sheet01 = getExcelSheet(workbook01, sheetName): null

08-11-2024T08:25:16 - [TEST_STEP][PASSED] - setValueToCellByIndex(sheet01, n, 0, dashboardName): null

08-11-2024T08:25:16 - [TEST_STEP][PASSED] - setValueToCellByIndex(sheet01, n, 1, dZO): null

08-11-2024T08:25:16 - [TEST_STEP][PASSED] - setValueToCellByIndex(sheet01, n, 2, typeOfData): null

08-11-2024T08:25:16 - [TEST_STEP][PASSED] - if (typeOfData == "Факт в процентах" || typeOfData == "План в процентах"): null

08-11-2024T08:25:16 - [TEST_STEP][PASSED] - setValueToCellByIndex(sheet01, n, 3, fileDouble): null

08-11-2024T08:25:16 - [TEST_STEP][PASSED] - setValueToCellByIndex(sheet01, n, 4, pageDouble): null

08-11-2024T08:25:16 - [TEST_STEP][PASSED] - setValueToCellByIndex(sheet01, n, 5, m): null

08-11-2024T08:25:16 - [TEST_STEP][PASSED] - setValueToCellByIndex(sheet01, n, 6, y): null

08-11-2024T08:25:16 - [TEST_STEP][PASSED] - setValueToCellByIndex(sheet01, n, 7, todaysDate): null

08-11-2024T08:25:16 - [TEST_STEP][PASSED] - n = n + 1: null

08-11-2024T08:25:16 - [TEST_STEP][PASSED] - saveWorkbook(excelFilePath, workbook01): null

08-11-2024T08:25:16 - [TEST_STEP][PASSED] - file = findTestData("PlanFact").getValue(7, a): null

08-11-2024T08:25:16 - [TEST_STEP][PASSED] - file = file.replace(",", "."): null

08-11-2024T08:25:16 - [TEST_STEP][PASSED] - println("file Fact: " + file): null

08-11-2024T08:25:16 - [TEST_STEP][PASSED] - fileDouble = file.toDouble(): null

08-11-2024T08:25:16 - [TEST_STEP][PASSED] - typeOfData = "Факт в процентах": null

08-11-2024T08:25:16 - [TEST_STEP][PASSED] - fileDouble = file.toDouble(): null

08-11-2024T08:25:16 - [TEST_STEP][PASSED] - pageDouble = page2.toDouble(): null

08-11-2024T08:25:16 - [TEST_STEP][PASSED] - if (fileDouble != pageDouble): null

08-11-2024T08:25:16 - [TEST_STEP][PASSED] - numberOfErrors = numberOfErrors + 1: null

08-11-2024T08:25:16 - [TEST_STEP][PASSED] - Script1718980020443.WriteToExcel(a, typeOfData, todaysDate, pageInt, fileInt, pageDouble, fileDouble, dZO): null

08-11-2024T08:25:16 - [TEST_STEP][PASSED] - sheetName = "Sheet1": null

08-11-2024T08:25:16 - [TEST_STEP][PASSED] - data = findTestData("PlanFact"): null

08-11-2024T08:25:16 - [TEST_STEP][PASSED] - n = data.getRowNumbers() + 1: null

08-11-2024T08:25:16 - [TEST_STEP][PASSED] - year = todaysDate.substring(todaysDate.length() - 4, todaysDate.length()): null

08-11-2024T08:25:16 - [TEST_STEP][PASSED] - y = year.toInteger(): null

08-11-2024T08:25:16 - [TEST_STEP][PASSED] - m = getText(findTestObject("Выполнение бизнес-плана/Период")): Text of object 'Object Repository/Выполнение бизнес-плана/Период' is: '1, 2, 3 кв. 2024 года'

08-11-2024T08:25:16 - [MESSAGE][PASSED] - Text of object 'Object Repository/Выполнение бизнес-плана/Период' is: '1, 2, 3 кв. 2024 года'

08-11-2024T08:25:16 - [TEST_STEP][PASSED] - m = m.substring(0, m.indexOf("2024")): null

08-11-2024T08:25:16 - [TEST_STEP][PASSED] - m = m.trim(): null

08-11-2024T08:25:16 - [TEST_STEP][PASSED] - dashboardName = "Выполнение бизнес-плана": null

08-11-2024T08:25:16 - [TEST_STEP][PASSED] - workbook01 = getWorkbook(excelFilePath): null

08-11-2024T08:25:16 - [TEST_STEP][PASSED] - sheet01 = getExcelSheet(workbook01, sheetName): null

08-11-2024T08:25:16 - [TEST_STEP][PASSED] - setValueToCellByIndex(sheet01, n, 0, dashboardName): null

08-11-2024T08:25:16 - [TEST_STEP][PASSED] - setValueToCellByIndex(sheet01, n, 1, dZO): null

08-11-2024T08:25:16 - [TEST_STEP][PASSED] - setValueToCellByIndex(sheet01, n, 2, typeOfData): null

08-11-2024T08:25:16 - [TEST_STEP][PASSED] - if (typeOfData == "Факт в процентах" || typeOfData == "План в процентах"): null

08-11-2024T08:25:16 - [TEST_STEP][PASSED] - setValueToCellByIndex(sheet01, n, 3, fileDouble): null

08-11-2024T08:25:16 - [TEST_STEP][PASSED] - setValueToCellByIndex(sheet01, n, 4, pageDouble): null

08-11-2024T08:25:16 - [TEST_STEP][PASSED] - setValueToCellByIndex(sheet01, n, 5, m): null

08-11-2024T08:25:16 - [TEST_STEP][PASSED] - setValueToCellByIndex(sheet01, n, 6, y): null

08-11-2024T08:25:16 - [TEST_STEP][PASSED] - setValueToCellByIndex(sheet01, n, 7, todaysDate): null

08-11-2024T08:25:16 - [TEST_STEP][PASSED] - n = n + 1: null

08-11-2024T08:25:16 - [TEST_STEP][PASSED] - saveWorkbook(excelFilePath, workbook01): null

08-11-2024T08:25:17 - [TEST_STEP][FAILED] - if (verifyEqual(numberOfErrors, 0) == false): null

08-11-2024T08:25:17 - [MESSAGE][FAILED] - Unable to verify equal between actual object '6' and expected object '0' (Root cause: com.kms.katalon.core.exception.StepFailedException: Actual object '6' and expected object '0' are not equal
	at com.kms.katalon.core.keyword.builtin.VerifyEqualKeyword$_verifyEqual_closure1.doCall(VerifyEqualKeyword.groovy:58)
	at com.kms.katalon.core.keyword.builtin.VerifyEqualKeyword$_verifyEqual_closure1.call(VerifyEqualKeyword.groovy)
	at com.kms.katalon.core.keyword.internal.KeywordMain.runKeyword(KeywordMain.groovy:75)
	at com.kms.katalon.core.keyword.builtin.VerifyEqualKeyword.verifyEqual(VerifyEqualKeyword.groovy:63)
	at com.kms.katalon.core.keyword.builtin.VerifyEqualKeyword.execute(VerifyEqualKeyword.groovy:44)
	at com.kms.katalon.core.keyword.internal.KeywordExecutor.executeKeywordForPlatform(KeywordExecutor.groovy:74)
	at com.kms.katalon.core.keyword.BuiltinKeywords.verifyEqual(BuiltinKeywords.groovy:146)
	at java.base/jdk.internal.reflect.NativeMethodAccessorImpl.invoke0(Native Method)
	at java.base/jdk.internal.reflect.NativeMethodAccessorImpl.invoke(NativeMethodAccessorImpl.java:77)
	at java.base/jdk.internal.reflect.DelegatingMethodAccessorImpl.invoke(DelegatingMethodAccessorImpl.java:43)
	at Выполнение бизнес-плана Сверка ПАО Россети все филиалы.Numbers(Выполнение бизнес-плана Сверка ПАО Россети все филиалы:740)
	at Выполнение бизнес-плана Сверка ПАО Россети все филиалы.Filials(Выполнение бизнес-плана Сверка ПАО Россети все филиалы:1099)
	at Выполнение бизнес-плана Сверка ПАО Россети все филиалы.Numbers(Выполнение бизнес-плана Сверка ПАО Россети все филиалы:745)
	at Выполнение бизнес-плана Сверка ПАО Россети все филиалы.run(Выполнение бизнес-плана Сверка ПАО Россети все филиалы:304)
	at com.kms.katalon.core.main.ScriptEngine.run(ScriptEngine.java:194)
	at com.kms.katalon.core.main.ScriptEngine.runScriptAsRawText(ScriptEngine.java:119)
	at com.kms.katalon.core.main.TestCaseExecutor.runScript(TestCaseExecutor.java:448)
	at com.kms.katalon.core.main.TestCaseExecutor.doExecute(TestCaseExecutor.java:439)
	at com.kms.katalon.core.main.TestCaseExecutor.processExecutionPhase(TestCaseExecutor.java:418)
	at com.kms.katalon.core.main.TestCaseExecutor.accessMainPhase(TestCaseExecutor.java:410)
	at com.kms.katalon.core.main.TestCaseExecutor.execute(TestCaseExecutor.java:285)
	at com.kms.katalon.core.common.CommonExecutor.accessTestCaseMainPhase(CommonExecutor.java:65)
	at com.kms.katalon.core.main.TestSuiteExecutor.accessTestSuiteMainPhase(TestSuiteExecutor.java:150)
	at com.kms.katalon.core.main.TestSuiteExecutor.execute(TestSuiteExecutor.java:106)
	at com.kms.katalon.core.main.TestCaseMain.startTestSuite(TestCaseMain.java:180)
	at TempTestSuite1731039737176.run(TempTestSuite1731039737176.groovy:35)
	at java.base/jdk.internal.reflect.NativeMethodAccessorImpl.invoke0(Native Method)
	at java.base/jdk.internal.reflect.NativeMethodAccessorImpl.invoke(NativeMethodAccessorImpl.java:77)
	at java.base/jdk.internal.reflect.DelegatingMethodAccessorImpl.invoke(DelegatingMethodAccessorImpl.java:43)
)

08-11-2024T08:25:17 - [TEST_STEP][PASSED] - println(numberOfErrors): null

08-11-2024T08:25:17 - [TEST_STEP][PASSED] - if (a == 28 || a == 77 || a == 74 || a == 65 || a == 36 || a == 44 || a == 54 || a == 1 || a == 18 || a == 59): null

08-11-2024T08:25:17 - [TEST_STEP][PASSED] - if (a == 82): null

08-11-2024T08:25:17 - [TEST_STEP][PASSED] - dZO = "Карачаево-Черкесскэнерго": null

08-11-2024T08:25:17 - [TEST_STEP][PASSED] - a = 67: null

08-11-2024T08:25:17 - [TEST_STEP][PASSED] - if (x2.contains(dZO)): null

08-11-2024T08:25:17 - [TEST_STEP][PASSED] - filialNum = filialNum + 1: null

08-11-2024T08:25:17 - [TEST_STEP][PASSED] - Script1718980020443.Numbers(a, typeOfData, todaysDate, pageInt, fileInt, pageDouble, fileDouble, dZO, dzoNum, filialNum): null

08-11-2024T08:25:17 - [TEST_STEP][PASSED] - println(dzoNum): null

08-11-2024T08:25:17 - [TEST_STEP][PASSED] - planFact = <not implemented yet for class: org.codehaus.groovy.ast.expr.EmptyExpression>: null

08-11-2024T08:25:17 - [TEST_STEP][PASSED] - page = <not implemented yet for class: org.codehaus.groovy.ast.expr.EmptyExpression>: null

08-11-2024T08:25:17 - [TEST_STEP][PASSED] - page1 = <not implemented yet for class: org.codehaus.groovy.ast.expr.EmptyExpression>: null

08-11-2024T08:25:17 - [TEST_STEP][PASSED] - page2 = <not implemented yet for class: org.codehaus.groovy.ast.expr.EmptyExpression>: null

08-11-2024T08:25:17 - [TEST_STEP][PASSED] - filialNumberInRow = <not implemented yet for class: org.codehaus.groovy.ast.expr.EmptyExpression>: null

08-11-2024T08:25:17 - [TEST_STEP][PASSED] - filialsDzoNames = <not implemented yet for class: org.codehaus.groovy.ast.expr.EmptyExpression>: null

08-11-2024T08:25:17 - [TEST_STEP][PASSED] - numberOfFilials = <not implemented yet for class: org.codehaus.groovy.ast.expr.EmptyExpression>: null

08-11-2024T08:25:17 - [TEST_STEP][PASSED] - numberOfSpaces = <not implemented yet for class: org.codehaus.groovy.ast.expr.EmptyExpression>: null

08-11-2024T08:25:17 - [TEST_STEP][PASSED] - file = <not implemented yet for class: org.codehaus.groovy.ast.expr.EmptyExpression>: null

08-11-2024T08:25:17 - [TEST_STEP][PASSED] - otpusk = <not implemented yet for class: org.codehaus.groovy.ast.expr.EmptyExpression>: null

08-11-2024T08:25:17 - [TEST_STEP][PASSED] - poteri = <not implemented yet for class: org.codehaus.groovy.ast.expr.EmptyExpression>: null

08-11-2024T08:25:17 - [TEST_STEP][PASSED] - dataFolder = "Выполнение бизнес-плана/Значения со страницы Выполнение бизнес-плана/": null

08-11-2024T08:25:17 - [TEST_STEP][PASSED] - path = <not implemented yet for class: org.codehaus.groovy.ast.expr.EmptyExpression>: null

08-11-2024T08:25:17 - [TEST_STEP][PASSED] - typeOfDataMain = <not implemented yet for class: org.codehaus.groovy.ast.expr.EmptyExpression>: null

08-11-2024T08:25:17 - [TEST_STEP][PASSED] - fileOtpuskVSet = <not implemented yet for class: org.codehaus.groovy.ast.expr.EmptyExpression>: null

08-11-2024T08:25:17 - [TEST_STEP][PASSED] - pageOtpuskVSet = <not implemented yet for class: org.codehaus.groovy.ast.expr.EmptyExpression>: null

08-11-2024T08:25:17 - [TEST_STEP][PASSED] - filePoteri = <not implemented yet for class: org.codehaus.groovy.ast.expr.EmptyExpression>: null

08-11-2024T08:25:17 - [TEST_STEP][PASSED] - pagePoteri = <not implemented yet for class: org.codehaus.groovy.ast.expr.EmptyExpression>: null

08-11-2024T08:25:17 - [TEST_STEP][PASSED] - compare = <not implemented yet for class: org.codehaus.groovy.ast.expr.EmptyExpression>: null

08-11-2024T08:25:17 - [TEST_STEP][PASSED] - b = <not implemented yet for class: org.codehaus.groovy.ast.expr.EmptyExpression>: null

08-11-2024T08:25:17 - [TEST_STEP][PASSED] - i = <not implemented yet for class: org.codehaus.groovy.ast.expr.EmptyExpression>: null

08-11-2024T08:25:17 - [TEST_STEP][PASSED] - ii = <not implemented yet for class: org.codehaus.groovy.ast.expr.EmptyExpression>: null

08-11-2024T08:25:17 - [TEST_STEP][PASSED] - c = <not implemented yet for class: org.codehaus.groovy.ast.expr.EmptyExpression>: null

08-11-2024T08:25:17 - [TEST_STEP][PASSED] - numberOfErrors = 0: null

08-11-2024T08:25:17 - [TEST_STEP][PASSED] - if (a == 82): null

08-11-2024T08:25:17 - [TEST_STEP][PASSED] - b = findTestData("PlanFact").getValue(1, a): null

08-11-2024T08:25:17 - [TEST_STEP][PASSED] - i = b.indexOf(" (ГК)"): null

08-11-2024T08:25:17 - [TEST_STEP][PASSED] - if (i > -1): null

08-11-2024T08:25:17 - [TEST_STEP][PASSED] - i = b.indexOf("О ""): null

08-11-2024T08:25:17 - [TEST_STEP][PASSED] - if (i > -1): null

08-11-2024T08:25:17 - [TEST_STEP][PASSED] - i = b.indexOf("О «"): null

08-11-2024T08:25:17 - [TEST_STEP][PASSED] - if (i > -1): null

08-11-2024T08:25:17 - [TEST_STEP][PASSED] - i = b.indexOf("г. "): null

08-11-2024T08:25:17 - [TEST_STEP][PASSED] - if (i > -1): null

08-11-2024T08:25:17 - [TEST_STEP][PASSED] - println(b): null

08-11-2024T08:25:17 - [TEST_STEP][PASSED] - for ([planFact = 1, planFact < 3, (planFact++)]): null

08-11-2024T08:25:17 - [TEST_STEP][PASSED] - if (planFact == 1): null

08-11-2024T08:25:17 - [TEST_STEP][PASSED] - typeOfDataMain = "Факт": null

08-11-2024T08:25:17 - [TEST_STEP][PASSED] - otpusk = findTestData("PlanFact").getValue(5, a): null

08-11-2024T08:25:17 - [TEST_STEP][PASSED] - poteri = findTestData("PlanFact").getValue(6, a): null

08-11-2024T08:25:17 - [TEST_STEP][PASSED] - otpusk = otpusk.replaceAll("\s+", ""): null

08-11-2024T08:25:17 - [TEST_STEP][PASSED] - poteri = poteri.replaceAll("\s+", ""): null

08-11-2024T08:25:17 - [TEST_STEP][PASSED] - typeOfData = typeOfDataMain + " Отпуск в сеть": null

08-11-2024T08:25:17 - [TEST_STEP][PASSED] - if (a == 82): null

08-11-2024T08:25:17 - [TEST_STEP][PASSED] - else if (a == 84): null

08-11-2024T08:25:17 - [TEST_STEP][PASSED] - else if (a == 52 || a == 72 || a == 28 || a == 73 || a == 77 || a == 74 || a == 65 || a == 36 || a == 44 || a == 53 || a == 80 || a == 54 || a == 1 || a == 18 || a == 59 || a == 81): null

08-11-2024T08:25:17 - [TEST_STEP][PASSED] - else: null

08-11-2024T08:25:17 - [TEST_STEP][PASSED] - path = dataFolder + typeOfData + " за отчётный период " + b: null

08-11-2024T08:25:17 - [TEST_STEP][PASSED] - println(path): null

08-11-2024T08:25:17 - [TEST_STEP][PASSED] - page = getText(findTestObject(path)): Text of object 'Object Repository/Выполнение бизнес-плана/Значения со страницы Выполнение бизнес-плана/Факт Отпуск в сеть за отчётный период Карачаево-Черкесскэнерго' is: '911 868'

08-11-2024T08:25:17 - [MESSAGE][PASSED] - Text of object 'Object Repository/Выполнение бизнес-плана/Значения со страницы Выполнение бизнес-плана/Факт Отпуск в сеть за отчётный период Карачаево-Черкесскэнерго' is: '911 868'

08-11-2024T08:25:17 - [TEST_STEP][PASSED] - page = page.replaceAll("\s+", ""): null

08-11-2024T08:25:17 - [TEST_STEP][PASSED] - fileOtpuskVSet = otpusk.toInteger(): null

08-11-2024T08:25:17 - [TEST_STEP][PASSED] - pageOtpuskVSet = page.toInteger(): null

08-11-2024T08:25:17 - [TEST_STEP][PASSED] - typeOfData = typeOfDataMain + " Потери": null

08-11-2024T08:25:17 - [TEST_STEP][PASSED] - if (a == 82): null

08-11-2024T08:25:17 - [TEST_STEP][PASSED] - else if (a == 84): null

08-11-2024T08:25:17 - [TEST_STEP][PASSED] - else if (a == 52 || a == 72 || a == 28 || a == 73 || a == 77 || a == 74 || a == 65 || a == 36 || a == 44 || a == 53 || a == 80 || a == 54 || a == 1 || a == 18 || a == 59 || a == 81): null

08-11-2024T08:25:17 - [TEST_STEP][PASSED] - else: null

08-11-2024T08:25:17 - [TEST_STEP][PASSED] - path = dataFolder + typeOfData + " за отчётный период " + b: null

08-11-2024T08:25:17 - [TEST_STEP][PASSED] - page = getText(findTestObject(path)): Text of object 'Object Repository/Выполнение бизнес-плана/Значения со страницы Выполнение бизнес-плана/Факт Потери за отчётный период Карачаево-Черкесскэнерго' is: '134 464'

08-11-2024T08:25:18 - [MESSAGE][PASSED] - Text of object 'Object Repository/Выполнение бизнес-плана/Значения со страницы Выполнение бизнес-плана/Факт Потери за отчётный период Карачаево-Черкесскэнерго' is: '134 464'

08-11-2024T08:25:18 - [TEST_STEP][PASSED] - page = page.replaceAll("\s+", ""): null

08-11-2024T08:25:18 - [TEST_STEP][PASSED] - filePoteri = poteri.toInteger(): null

08-11-2024T08:25:18 - [TEST_STEP][PASSED] - pagePoteri = page.toInteger(): null

08-11-2024T08:25:18 - [TEST_STEP][PASSED] - compare = pageOtpuskVSet: null

08-11-2024T08:25:18 - [TEST_STEP][PASSED] - if (compare == fileOtpuskVSet): null

08-11-2024T08:25:18 - [TEST_STEP][PASSED] - else if (compare > fileOtpuskVSet): null

08-11-2024T08:25:18 - [TEST_STEP][PASSED] - else if (compare < fileOtpuskVSet): null

08-11-2024T08:25:18 - [TEST_STEP][PASSED] - compare = compare + 1: null

08-11-2024T08:25:18 - [TEST_STEP][PASSED] - if (compare == fileOtpuskVSet): null

08-11-2024T08:25:18 - [TEST_STEP][PASSED] - else: null

08-11-2024T08:25:18 - [TEST_STEP][PASSED] - numberOfErrors = numberOfErrors + 1: null

08-11-2024T08:25:18 - [TEST_STEP][PASSED] - pageInt = pageOtpuskVSet: null

08-11-2024T08:25:18 - [TEST_STEP][PASSED] - fileInt = fileOtpuskVSet: null

08-11-2024T08:25:18 - [TEST_STEP][PASSED] - typeOfData = typeOfDataMain + " Отпуск в сеть": null

08-11-2024T08:25:18 - [TEST_STEP][PASSED] - Script1718980020443.WriteToExcel(a, typeOfData, todaysDate, pageInt, fileInt, pageDouble, fileDouble, dZO): null

08-11-2024T08:25:18 - [TEST_STEP][PASSED] - sheetName = "Sheet1": null

08-11-2024T08:25:18 - [TEST_STEP][PASSED] - data = findTestData("PlanFact"): null

08-11-2024T08:25:18 - [TEST_STEP][PASSED] - n = data.getRowNumbers() + 1: null

08-11-2024T08:25:18 - [TEST_STEP][PASSED] - year = todaysDate.substring(todaysDate.length() - 4, todaysDate.length()): null

08-11-2024T08:25:18 - [TEST_STEP][PASSED] - y = year.toInteger(): null

08-11-2024T08:25:18 - [TEST_STEP][PASSED] - m = getText(findTestObject("Выполнение бизнес-плана/Период")): Text of object 'Object Repository/Выполнение бизнес-плана/Период' is: '1, 2, 3 кв. 2024 года'

08-11-2024T08:25:18 - [MESSAGE][PASSED] - Text of object 'Object Repository/Выполнение бизнес-плана/Период' is: '1, 2, 3 кв. 2024 года'

08-11-2024T08:25:18 - [TEST_STEP][PASSED] - m = m.substring(0, m.indexOf("2024")): null

08-11-2024T08:25:18 - [TEST_STEP][PASSED] - m = m.trim(): null

08-11-2024T08:25:18 - [TEST_STEP][PASSED] - dashboardName = "Выполнение бизнес-плана": null

08-11-2024T08:25:18 - [TEST_STEP][PASSED] - workbook01 = getWorkbook(excelFilePath): null

08-11-2024T08:25:18 - [TEST_STEP][PASSED] - sheet01 = getExcelSheet(workbook01, sheetName): null

08-11-2024T08:25:18 - [TEST_STEP][PASSED] - setValueToCellByIndex(sheet01, n, 0, dashboardName): null

08-11-2024T08:25:18 - [TEST_STEP][PASSED] - setValueToCellByIndex(sheet01, n, 1, dZO): null

08-11-2024T08:25:18 - [TEST_STEP][PASSED] - setValueToCellByIndex(sheet01, n, 2, typeOfData): null

08-11-2024T08:25:18 - [TEST_STEP][PASSED] - if (typeOfData == "Факт в процентах" || typeOfData == "План в процентах"): null

08-11-2024T08:25:18 - [TEST_STEP][PASSED] - else: null

08-11-2024T08:25:18 - [TEST_STEP][PASSED] - setValueToCellByIndex(sheet01, n, 3, fileInt): null

08-11-2024T08:25:18 - [TEST_STEP][PASSED] - setValueToCellByIndex(sheet01, n, 4, pageInt): null

08-11-2024T08:25:18 - [TEST_STEP][PASSED] - setValueToCellByIndex(sheet01, n, 5, m): null

08-11-2024T08:25:18 - [TEST_STEP][PASSED] - setValueToCellByIndex(sheet01, n, 6, y): null

08-11-2024T08:25:18 - [TEST_STEP][PASSED] - setValueToCellByIndex(sheet01, n, 7, todaysDate): null

08-11-2024T08:25:18 - [TEST_STEP][PASSED] - n = n + 1: null

08-11-2024T08:25:18 - [TEST_STEP][PASSED] - saveWorkbook(excelFilePath, workbook01): null

08-11-2024T08:25:18 - [TEST_STEP][PASSED] - compare = pagePoteri: null

08-11-2024T08:25:18 - [TEST_STEP][PASSED] - if (compare == filePoteri): null

08-11-2024T08:25:18 - [TEST_STEP][PASSED] - else if (compare > filePoteri): null

08-11-2024T08:25:18 - [TEST_STEP][PASSED] - else if (compare < filePoteri): null

08-11-2024T08:25:18 - [TEST_STEP][PASSED] - compare = compare + 1: null

08-11-2024T08:25:18 - [TEST_STEP][PASSED] - if (compare == filePoteri): null

08-11-2024T08:25:18 - [TEST_STEP][PASSED] - else: null

08-11-2024T08:25:18 - [TEST_STEP][PASSED] - numberOfErrors = numberOfErrors + 1: null

08-11-2024T08:25:18 - [TEST_STEP][PASSED] - pageInt = pagePoteri: null

08-11-2024T08:25:18 - [TEST_STEP][PASSED] - fileInt = filePoteri: null

08-11-2024T08:25:18 - [TEST_STEP][PASSED] - typeOfData = typeOfDataMain + " Потери": null

08-11-2024T08:25:18 - [TEST_STEP][PASSED] - Script1718980020443.WriteToExcel(a, typeOfData, todaysDate, pageInt, fileInt, pageDouble, fileDouble, dZO): null

08-11-2024T08:25:18 - [TEST_STEP][PASSED] - sheetName = "Sheet1": null

08-11-2024T08:25:18 - [TEST_STEP][PASSED] - data = findTestData("PlanFact"): null

08-11-2024T08:25:18 - [TEST_STEP][PASSED] - n = data.getRowNumbers() + 1: null

08-11-2024T08:25:18 - [TEST_STEP][PASSED] - year = todaysDate.substring(todaysDate.length() - 4, todaysDate.length()): null

08-11-2024T08:25:18 - [TEST_STEP][PASSED] - y = year.toInteger(): null

08-11-2024T08:25:18 - [TEST_STEP][PASSED] - m = getText(findTestObject("Выполнение бизнес-плана/Период")): Text of object 'Object Repository/Выполнение бизнес-плана/Период' is: '1, 2, 3 кв. 2024 года'

08-11-2024T08:25:19 - [MESSAGE][PASSED] - Text of object 'Object Repository/Выполнение бизнес-плана/Период' is: '1, 2, 3 кв. 2024 года'

08-11-2024T08:25:19 - [TEST_STEP][PASSED] - m = m.substring(0, m.indexOf("2024")): null

08-11-2024T08:25:19 - [TEST_STEP][PASSED] - m = m.trim(): null

08-11-2024T08:25:19 - [TEST_STEP][PASSED] - dashboardName = "Выполнение бизнес-плана": null

08-11-2024T08:25:19 - [TEST_STEP][PASSED] - workbook01 = getWorkbook(excelFilePath): null

08-11-2024T08:25:19 - [TEST_STEP][PASSED] - sheet01 = getExcelSheet(workbook01, sheetName): null

08-11-2024T08:25:19 - [TEST_STEP][PASSED] - setValueToCellByIndex(sheet01, n, 0, dashboardName): null

08-11-2024T08:25:19 - [TEST_STEP][PASSED] - setValueToCellByIndex(sheet01, n, 1, dZO): null

08-11-2024T08:25:19 - [TEST_STEP][PASSED] - setValueToCellByIndex(sheet01, n, 2, typeOfData): null

08-11-2024T08:25:19 - [TEST_STEP][PASSED] - if (typeOfData == "Факт в процентах" || typeOfData == "План в процентах"): null

08-11-2024T08:25:19 - [TEST_STEP][PASSED] - else: null

08-11-2024T08:25:19 - [TEST_STEP][PASSED] - setValueToCellByIndex(sheet01, n, 3, fileInt): null

08-11-2024T08:25:19 - [TEST_STEP][PASSED] - setValueToCellByIndex(sheet01, n, 4, pageInt): null

08-11-2024T08:25:19 - [TEST_STEP][PASSED] - setValueToCellByIndex(sheet01, n, 5, m): null

08-11-2024T08:25:19 - [TEST_STEP][PASSED] - setValueToCellByIndex(sheet01, n, 6, y): null

08-11-2024T08:25:19 - [TEST_STEP][PASSED] - setValueToCellByIndex(sheet01, n, 7, todaysDate): null

08-11-2024T08:25:19 - [TEST_STEP][PASSED] - n = n + 1: null

08-11-2024T08:25:19 - [TEST_STEP][PASSED] - saveWorkbook(excelFilePath, workbook01): null

08-11-2024T08:25:19 - [TEST_STEP][PASSED] - if (planFact == 2): null

08-11-2024T08:25:19 - [TEST_STEP][PASSED] - if (planFact == 1): null

08-11-2024T08:25:19 - [TEST_STEP][PASSED] - else if (planFact == 2): null

08-11-2024T08:25:19 - [TEST_STEP][PASSED] - click(findTestObject("Выполнение бизнес-плана/Кнопка План")): Object: 'Object Repository/Выполнение бизнес-плана/Кнопка План' is clicked on

08-11-2024T08:25:19 - [MESSAGE][PASSED] - Object: 'Object Repository/Выполнение бизнес-плана/Кнопка План' is clicked on

08-11-2024T08:25:19 - [TEST_STEP][PASSED] - typeOfDataMain = "План": null

08-11-2024T08:25:19 - [TEST_STEP][PASSED] - otpusk = findTestData("PlanFact").getValue(2, a): null

08-11-2024T08:25:19 - [TEST_STEP][PASSED] - poteri = findTestData("PlanFact").getValue(3, a): null

08-11-2024T08:25:19 - [TEST_STEP][PASSED] - otpusk = otpusk.replaceAll("\s+", ""): null

08-11-2024T08:25:19 - [TEST_STEP][PASSED] - poteri = poteri.replaceAll("\s+", ""): null

08-11-2024T08:25:19 - [TEST_STEP][PASSED] - typeOfData = typeOfDataMain + " Отпуск в сеть": null

08-11-2024T08:25:19 - [TEST_STEP][PASSED] - if (a == 82): null

08-11-2024T08:25:19 - [TEST_STEP][PASSED] - else if (a == 84): null

08-11-2024T08:25:19 - [TEST_STEP][PASSED] - else if (a == 52 || a == 72 || a == 28 || a == 73 || a == 77 || a == 74 || a == 65 || a == 36 || a == 44 || a == 53 || a == 80 || a == 54 || a == 1 || a == 18 || a == 59 || a == 81): null

08-11-2024T08:25:19 - [TEST_STEP][PASSED] - else: null

08-11-2024T08:25:19 - [TEST_STEP][PASSED] - path = dataFolder + typeOfData + " за отчётный период " + b: null

08-11-2024T08:25:19 - [TEST_STEP][PASSED] - println(path): null

08-11-2024T08:25:19 - [TEST_STEP][PASSED] - page = getText(findTestObject(path)): Text of object 'Object Repository/Выполнение бизнес-плана/Значения со страницы Выполнение бизнес-плана/План Отпуск в сеть за отчётный период Карачаево-Черкесскэнерго' is: '848 310'

08-11-2024T08:25:20 - [MESSAGE][PASSED] - Text of object 'Object Repository/Выполнение бизнес-плана/Значения со страницы Выполнение бизнес-плана/План Отпуск в сеть за отчётный период Карачаево-Черкесскэнерго' is: '848 310'

08-11-2024T08:25:20 - [TEST_STEP][PASSED] - page = page.replaceAll("\s+", ""): null

08-11-2024T08:25:20 - [TEST_STEP][PASSED] - fileOtpuskVSet = otpusk.toInteger(): null

08-11-2024T08:25:20 - [TEST_STEP][PASSED] - pageOtpuskVSet = page.toInteger(): null

08-11-2024T08:25:20 - [TEST_STEP][PASSED] - typeOfData = typeOfDataMain + " Потери": null

08-11-2024T08:25:20 - [TEST_STEP][PASSED] - if (a == 82): null

08-11-2024T08:25:20 - [TEST_STEP][PASSED] - else if (a == 84): null

08-11-2024T08:25:20 - [TEST_STEP][PASSED] - else if (a == 52 || a == 72 || a == 28 || a == 73 || a == 77 || a == 74 || a == 65 || a == 36 || a == 44 || a == 53 || a == 80 || a == 54 || a == 1 || a == 18 || a == 59 || a == 81): null

08-11-2024T08:25:20 - [TEST_STEP][PASSED] - else: null

08-11-2024T08:25:20 - [TEST_STEP][PASSED] - path = dataFolder + typeOfData + " за отчётный период " + b: null

08-11-2024T08:25:20 - [TEST_STEP][PASSED] - page = getText(findTestObject(path)): Text of object 'Object Repository/Выполнение бизнес-плана/Значения со страницы Выполнение бизнес-плана/План Потери за отчётный период Карачаево-Черкесскэнерго' is: '116 739'

08-11-2024T08:25:20 - [MESSAGE][PASSED] - Text of object 'Object Repository/Выполнение бизнес-плана/Значения со страницы Выполнение бизнес-плана/План Потери за отчётный период Карачаево-Черкесскэнерго' is: '116 739'

08-11-2024T08:25:20 - [TEST_STEP][PASSED] - page = page.replaceAll("\s+", ""): null

08-11-2024T08:25:20 - [TEST_STEP][PASSED] - filePoteri = poteri.toInteger(): null

08-11-2024T08:25:20 - [TEST_STEP][PASSED] - pagePoteri = page.toInteger(): null

08-11-2024T08:25:20 - [TEST_STEP][PASSED] - compare = pageOtpuskVSet: null

08-11-2024T08:25:20 - [TEST_STEP][PASSED] - if (compare == fileOtpuskVSet): null

08-11-2024T08:25:20 - [TEST_STEP][PASSED] - else if (compare > fileOtpuskVSet): null

08-11-2024T08:25:20 - [TEST_STEP][PASSED] - else if (compare < fileOtpuskVSet): null

08-11-2024T08:25:20 - [TEST_STEP][PASSED] - compare = compare + 1: null

08-11-2024T08:25:20 - [TEST_STEP][PASSED] - if (compare == fileOtpuskVSet): null

08-11-2024T08:25:20 - [TEST_STEP][PASSED] - else: null

08-11-2024T08:25:20 - [TEST_STEP][PASSED] - numberOfErrors = numberOfErrors + 1: null

08-11-2024T08:25:20 - [TEST_STEP][PASSED] - pageInt = pageOtpuskVSet: null

08-11-2024T08:25:20 - [TEST_STEP][PASSED] - fileInt = fileOtpuskVSet: null

08-11-2024T08:25:20 - [TEST_STEP][PASSED] - typeOfData = typeOfDataMain + " Отпуск в сеть": null

08-11-2024T08:25:20 - [TEST_STEP][PASSED] - Script1718980020443.WriteToExcel(a, typeOfData, todaysDate, pageInt, fileInt, pageDouble, fileDouble, dZO): null

08-11-2024T08:25:20 - [TEST_STEP][PASSED] - sheetName = "Sheet1": null

08-11-2024T08:25:20 - [TEST_STEP][PASSED] - data = findTestData("PlanFact"): null

08-11-2024T08:25:20 - [TEST_STEP][PASSED] - n = data.getRowNumbers() + 1: null

08-11-2024T08:25:20 - [TEST_STEP][PASSED] - year = todaysDate.substring(todaysDate.length() - 4, todaysDate.length()): null

08-11-2024T08:25:20 - [TEST_STEP][PASSED] - y = year.toInteger(): null

08-11-2024T08:25:20 - [TEST_STEP][PASSED] - m = getText(findTestObject("Выполнение бизнес-плана/Период")): Text of object 'Object Repository/Выполнение бизнес-плана/Период' is: '1, 2, 3 кв. 2024 года'

08-11-2024T08:25:20 - [MESSAGE][PASSED] - Text of object 'Object Repository/Выполнение бизнес-плана/Период' is: '1, 2, 3 кв. 2024 года'

08-11-2024T08:25:20 - [TEST_STEP][PASSED] - m = m.substring(0, m.indexOf("2024")): null

08-11-2024T08:25:20 - [TEST_STEP][PASSED] - m = m.trim(): null

08-11-2024T08:25:20 - [TEST_STEP][PASSED] - dashboardName = "Выполнение бизнес-плана": null

08-11-2024T08:25:20 - [TEST_STEP][PASSED] - workbook01 = getWorkbook(excelFilePath): null

08-11-2024T08:25:20 - [TEST_STEP][PASSED] - sheet01 = getExcelSheet(workbook01, sheetName): null

08-11-2024T08:25:20 - [TEST_STEP][PASSED] - setValueToCellByIndex(sheet01, n, 0, dashboardName): null

08-11-2024T08:25:20 - [TEST_STEP][PASSED] - setValueToCellByIndex(sheet01, n, 1, dZO): null

08-11-2024T08:25:20 - [TEST_STEP][PASSED] - setValueToCellByIndex(sheet01, n, 2, typeOfData): null

08-11-2024T08:25:20 - [TEST_STEP][PASSED] - if (typeOfData == "Факт в процентах" || typeOfData == "План в процентах"): null

08-11-2024T08:25:20 - [TEST_STEP][PASSED] - else: null

08-11-2024T08:25:20 - [TEST_STEP][PASSED] - setValueToCellByIndex(sheet01, n, 3, fileInt): null

08-11-2024T08:25:20 - [TEST_STEP][PASSED] - setValueToCellByIndex(sheet01, n, 4, pageInt): null

08-11-2024T08:25:20 - [TEST_STEP][PASSED] - setValueToCellByIndex(sheet01, n, 5, m): null

08-11-2024T08:25:20 - [TEST_STEP][PASSED] - setValueToCellByIndex(sheet01, n, 6, y): null

08-11-2024T08:25:20 - [TEST_STEP][PASSED] - setValueToCellByIndex(sheet01, n, 7, todaysDate): null

08-11-2024T08:25:20 - [TEST_STEP][PASSED] - n = n + 1: null

08-11-2024T08:25:20 - [TEST_STEP][PASSED] - saveWorkbook(excelFilePath, workbook01): null

08-11-2024T08:25:21 - [TEST_STEP][PASSED] - compare = pagePoteri: null

08-11-2024T08:25:21 - [TEST_STEP][PASSED] - if (compare == filePoteri): null

08-11-2024T08:25:21 - [TEST_STEP][PASSED] - else if (compare > filePoteri): null

08-11-2024T08:25:21 - [TEST_STEP][PASSED] - else if (compare < filePoteri): null

08-11-2024T08:25:21 - [TEST_STEP][PASSED] - compare = compare + 1: null

08-11-2024T08:25:21 - [TEST_STEP][PASSED] - if (compare == filePoteri): null

08-11-2024T08:25:21 - [TEST_STEP][PASSED] - else: null

08-11-2024T08:25:21 - [TEST_STEP][PASSED] - numberOfErrors = numberOfErrors + 1: null

08-11-2024T08:25:21 - [TEST_STEP][PASSED] - pageInt = pagePoteri: null

08-11-2024T08:25:21 - [TEST_STEP][PASSED] - fileInt = filePoteri: null

08-11-2024T08:25:21 - [TEST_STEP][PASSED] - typeOfData = typeOfDataMain + " Потери": null

08-11-2024T08:25:21 - [TEST_STEP][PASSED] - Script1718980020443.WriteToExcel(a, typeOfData, todaysDate, pageInt, fileInt, pageDouble, fileDouble, dZO): null

08-11-2024T08:25:21 - [TEST_STEP][PASSED] - sheetName = "Sheet1": null

08-11-2024T08:25:21 - [TEST_STEP][PASSED] - data = findTestData("PlanFact"): null

08-11-2024T08:25:21 - [TEST_STEP][PASSED] - n = data.getRowNumbers() + 1: null

08-11-2024T08:25:21 - [TEST_STEP][PASSED] - year = todaysDate.substring(todaysDate.length() - 4, todaysDate.length()): null

08-11-2024T08:25:21 - [TEST_STEP][PASSED] - y = year.toInteger(): null

08-11-2024T08:25:21 - [TEST_STEP][PASSED] - m = getText(findTestObject("Выполнение бизнес-плана/Период")): Text of object 'Object Repository/Выполнение бизнес-плана/Период' is: '1, 2, 3 кв. 2024 года'

08-11-2024T08:25:21 - [MESSAGE][PASSED] - Text of object 'Object Repository/Выполнение бизнес-плана/Период' is: '1, 2, 3 кв. 2024 года'

08-11-2024T08:25:21 - [TEST_STEP][PASSED] - m = m.substring(0, m.indexOf("2024")): null

08-11-2024T08:25:21 - [TEST_STEP][PASSED] - m = m.trim(): null

08-11-2024T08:25:21 - [TEST_STEP][PASSED] - dashboardName = "Выполнение бизнес-плана": null

08-11-2024T08:25:21 - [TEST_STEP][PASSED] - workbook01 = getWorkbook(excelFilePath): null

08-11-2024T08:25:21 - [TEST_STEP][PASSED] - sheet01 = getExcelSheet(workbook01, sheetName): null

08-11-2024T08:25:21 - [TEST_STEP][PASSED] - setValueToCellByIndex(sheet01, n, 0, dashboardName): null

08-11-2024T08:25:21 - [TEST_STEP][PASSED] - setValueToCellByIndex(sheet01, n, 1, dZO): null

08-11-2024T08:25:21 - [TEST_STEP][PASSED] - setValueToCellByIndex(sheet01, n, 2, typeOfData): null

08-11-2024T08:25:21 - [TEST_STEP][PASSED] - if (typeOfData == "Факт в процентах" || typeOfData == "План в процентах"): null

08-11-2024T08:25:21 - [TEST_STEP][PASSED] - else: null

08-11-2024T08:25:21 - [TEST_STEP][PASSED] - setValueToCellByIndex(sheet01, n, 3, fileInt): null

08-11-2024T08:25:21 - [TEST_STEP][PASSED] - setValueToCellByIndex(sheet01, n, 4, pageInt): null

08-11-2024T08:25:21 - [TEST_STEP][PASSED] - setValueToCellByIndex(sheet01, n, 5, m): null

08-11-2024T08:25:21 - [TEST_STEP][PASSED] - setValueToCellByIndex(sheet01, n, 6, y): null

08-11-2024T08:25:21 - [TEST_STEP][PASSED] - setValueToCellByIndex(sheet01, n, 7, todaysDate): null

08-11-2024T08:25:21 - [TEST_STEP][PASSED] - n = n + 1: null

08-11-2024T08:25:21 - [TEST_STEP][PASSED] - saveWorkbook(excelFilePath, workbook01): Object: 'Object Repository/Выполнение бизнес-плана/Кнопка Факт' is clicked on

08-11-2024T08:25:21 - [TEST_STEP][PASSED] - if (planFact == 2): Object: 'Object Repository/Выполнение бизнес-плана/Кнопка Факт' is clicked on

08-11-2024T08:25:21 - [TEST_STEP][PASSED] - click(findTestObject("Выполнение бизнес-плана/Кнопка Факт")): Object: 'Object Repository/Выполнение бизнес-плана/Кнопка Факт' is clicked on

08-11-2024T08:25:22 - [MESSAGE][PASSED] - Object: 'Object Repository/Выполнение бизнес-плана/Кнопка Факт' is clicked on

08-11-2024T08:25:22 - [TEST_STEP][PASSED] - if (a == 84 || a == 82): null

08-11-2024T08:25:22 - [TEST_STEP][PASSED] - else if (a == 52 || a == 72 || a == 28 || a == 73 || a == 77 || a == 74 || a == 65 || a == 36 || a == 44 || a == 53 || a == 80 || a == 54 || a == 1 || a == 18 || a == 59 || a == 81): null

08-11-2024T08:25:22 - [TEST_STEP][PASSED] - else: null

08-11-2024T08:25:22 - [TEST_STEP][PASSED] - page1 = getText(findTestObject("Object Repository/Выполнение бизнес-плана/spanPlan" + filialNum)): Text of object 'Object Repository/Выполнение бизнес-плана/spanPlan4' is: '13.76
|'

08-11-2024T08:25:22 - [MESSAGE][PASSED] - Text of object 'Object Repository/Выполнение бизнес-плана/spanPlan4' is: '13.76
|'

08-11-2024T08:25:22 - [TEST_STEP][PASSED] - page1 = page1.replace("|", ""): null

08-11-2024T08:25:22 - [TEST_STEP][PASSED] - page2 = getText(findTestObject("Object Repository/Выполнение бизнес-плана/spanFact" + filialNum)): Text of object 'Object Repository/Выполнение бизнес-плана/spanFact4' is: '14.75
|'

08-11-2024T08:25:22 - [MESSAGE][PASSED] - Text of object 'Object Repository/Выполнение бизнес-плана/spanFact4' is: '14.75
|'

08-11-2024T08:25:22 - [TEST_STEP][PASSED] - page2 = page2.replace("|", ""): null

08-11-2024T08:25:22 - [TEST_STEP][PASSED] - println("page1: " + page1): null

08-11-2024T08:25:22 - [TEST_STEP][PASSED] - println("page2: " + page2): null

08-11-2024T08:25:22 - [TEST_STEP][PASSED] - file = findTestData("PlanFact").getValue(4, a): null

08-11-2024T08:25:22 - [TEST_STEP][PASSED] - file = file.replace(",", "."): null

08-11-2024T08:25:22 - [TEST_STEP][PASSED] - println("file Plan: " + file): null

08-11-2024T08:25:22 - [TEST_STEP][PASSED] - typeOfData = "План в процентах": null

08-11-2024T08:25:22 - [TEST_STEP][PASSED] - fileDouble = file.toDouble(): null

08-11-2024T08:25:22 - [TEST_STEP][PASSED] - pageDouble = page1.toDouble(): null

08-11-2024T08:25:22 - [TEST_STEP][PASSED] - if (fileDouble != pageDouble): null

08-11-2024T08:25:22 - [TEST_STEP][PASSED] - numberOfErrors = numberOfErrors + 1: null

08-11-2024T08:25:22 - [TEST_STEP][PASSED] - Script1718980020443.WriteToExcel(a, typeOfData, todaysDate, pageInt, fileInt, pageDouble, fileDouble, dZO): null

08-11-2024T08:25:22 - [TEST_STEP][PASSED] - sheetName = "Sheet1": null

08-11-2024T08:25:22 - [TEST_STEP][PASSED] - data = findTestData("PlanFact"): null

08-11-2024T08:25:23 - [TEST_STEP][PASSED] - n = data.getRowNumbers() + 1: null

08-11-2024T08:25:23 - [TEST_STEP][PASSED] - year = todaysDate.substring(todaysDate.length() - 4, todaysDate.length()): null

08-11-2024T08:25:23 - [TEST_STEP][PASSED] - y = year.toInteger(): null

08-11-2024T08:25:23 - [TEST_STEP][PASSED] - m = getText(findTestObject("Выполнение бизнес-плана/Период")): Text of object 'Object Repository/Выполнение бизнес-плана/Период' is: '1, 2, 3 кв. 2024 года'

08-11-2024T08:25:23 - [MESSAGE][PASSED] - Text of object 'Object Repository/Выполнение бизнес-плана/Период' is: '1, 2, 3 кв. 2024 года'

08-11-2024T08:25:23 - [TEST_STEP][PASSED] - m = m.substring(0, m.indexOf("2024")): null

08-11-2024T08:25:23 - [TEST_STEP][PASSED] - m = m.trim(): null

08-11-2024T08:25:23 - [TEST_STEP][PASSED] - dashboardName = "Выполнение бизнес-плана": null

08-11-2024T08:25:23 - [TEST_STEP][PASSED] - workbook01 = getWorkbook(excelFilePath): null

08-11-2024T08:25:23 - [TEST_STEP][PASSED] - sheet01 = getExcelSheet(workbook01, sheetName): null

08-11-2024T08:25:23 - [TEST_STEP][PASSED] - setValueToCellByIndex(sheet01, n, 0, dashboardName): null

08-11-2024T08:25:23 - [TEST_STEP][PASSED] - setValueToCellByIndex(sheet01, n, 1, dZO): null

08-11-2024T08:25:23 - [TEST_STEP][PASSED] - setValueToCellByIndex(sheet01, n, 2, typeOfData): null

08-11-2024T08:25:23 - [TEST_STEP][PASSED] - if (typeOfData == "Факт в процентах" || typeOfData == "План в процентах"): null

08-11-2024T08:25:23 - [TEST_STEP][PASSED] - setValueToCellByIndex(sheet01, n, 3, fileDouble): null

08-11-2024T08:25:23 - [TEST_STEP][PASSED] - setValueToCellByIndex(sheet01, n, 4, pageDouble): null

08-11-2024T08:25:23 - [TEST_STEP][PASSED] - setValueToCellByIndex(sheet01, n, 5, m): null

08-11-2024T08:25:23 - [TEST_STEP][PASSED] - setValueToCellByIndex(sheet01, n, 6, y): null

08-11-2024T08:25:23 - [TEST_STEP][PASSED] - setValueToCellByIndex(sheet01, n, 7, todaysDate): null

08-11-2024T08:25:23 - [TEST_STEP][PASSED] - n = n + 1: null

08-11-2024T08:25:23 - [TEST_STEP][PASSED] - saveWorkbook(excelFilePath, workbook01): null

08-11-2024T08:25:23 - [TEST_STEP][PASSED] - file = findTestData("PlanFact").getValue(7, a): null

08-11-2024T08:25:23 - [TEST_STEP][PASSED] - file = file.replace(",", "."): null

08-11-2024T08:25:23 - [TEST_STEP][PASSED] - println("file Fact: " + file): null

08-11-2024T08:25:23 - [TEST_STEP][PASSED] - fileDouble = file.toDouble(): null

08-11-2024T08:25:23 - [TEST_STEP][PASSED] - typeOfData = "Факт в процентах": null

08-11-2024T08:25:23 - [TEST_STEP][PASSED] - fileDouble = file.toDouble(): null

08-11-2024T08:25:23 - [TEST_STEP][PASSED] - pageDouble = page2.toDouble(): null

08-11-2024T08:25:23 - [TEST_STEP][PASSED] - if (fileDouble != pageDouble): null

08-11-2024T08:25:23 - [TEST_STEP][PASSED] - numberOfErrors = numberOfErrors + 1: null

08-11-2024T08:25:23 - [TEST_STEP][PASSED] - Script1718980020443.WriteToExcel(a, typeOfData, todaysDate, pageInt, fileInt, pageDouble, fileDouble, dZO): null

08-11-2024T08:25:23 - [TEST_STEP][PASSED] - sheetName = "Sheet1": null

08-11-2024T08:25:23 - [TEST_STEP][PASSED] - data = findTestData("PlanFact"): null

08-11-2024T08:25:23 - [TEST_STEP][PASSED] - n = data.getRowNumbers() + 1: null

08-11-2024T08:25:23 - [TEST_STEP][PASSED] - year = todaysDate.substring(todaysDate.length() - 4, todaysDate.length()): null

08-11-2024T08:25:23 - [TEST_STEP][PASSED] - y = year.toInteger(): null

08-11-2024T08:25:23 - [TEST_STEP][PASSED] - m = getText(findTestObject("Выполнение бизнес-плана/Период")): Text of object 'Object Repository/Выполнение бизнес-плана/Период' is: '1, 2, 3 кв. 2024 года'

08-11-2024T08:25:24 - [MESSAGE][PASSED] - Text of object 'Object Repository/Выполнение бизнес-плана/Период' is: '1, 2, 3 кв. 2024 года'

08-11-2024T08:25:24 - [TEST_STEP][PASSED] - m = m.substring(0, m.indexOf("2024")): null

08-11-2024T08:25:24 - [TEST_STEP][PASSED] - m = m.trim(): null

08-11-2024T08:25:24 - [TEST_STEP][PASSED] - dashboardName = "Выполнение бизнес-плана": null

08-11-2024T08:25:24 - [TEST_STEP][PASSED] - workbook01 = getWorkbook(excelFilePath): null

08-11-2024T08:25:24 - [TEST_STEP][PASSED] - sheet01 = getExcelSheet(workbook01, sheetName): null

08-11-2024T08:25:24 - [TEST_STEP][PASSED] - setValueToCellByIndex(sheet01, n, 0, dashboardName): null

08-11-2024T08:25:24 - [TEST_STEP][PASSED] - setValueToCellByIndex(sheet01, n, 1, dZO): null

08-11-2024T08:25:24 - [TEST_STEP][PASSED] - setValueToCellByIndex(sheet01, n, 2, typeOfData): null

08-11-2024T08:25:24 - [TEST_STEP][PASSED] - if (typeOfData == "Факт в процентах" || typeOfData == "План в процентах"): null

08-11-2024T08:25:24 - [TEST_STEP][PASSED] - setValueToCellByIndex(sheet01, n, 3, fileDouble): null

08-11-2024T08:25:24 - [TEST_STEP][PASSED] - setValueToCellByIndex(sheet01, n, 4, pageDouble): null

08-11-2024T08:25:24 - [TEST_STEP][PASSED] - setValueToCellByIndex(sheet01, n, 5, m): null

08-11-2024T08:25:24 - [TEST_STEP][PASSED] - setValueToCellByIndex(sheet01, n, 6, y): null

08-11-2024T08:25:24 - [TEST_STEP][PASSED] - setValueToCellByIndex(sheet01, n, 7, todaysDate): null

08-11-2024T08:25:24 - [TEST_STEP][PASSED] - n = n + 1: null

08-11-2024T08:25:24 - [TEST_STEP][PASSED] - saveWorkbook(excelFilePath, workbook01): null

08-11-2024T08:25:24 - [TEST_STEP][FAILED] - if (verifyEqual(numberOfErrors, 0) == false): null

08-11-2024T08:25:24 - [MESSAGE][FAILED] - Unable to verify equal between actual object '6' and expected object '0' (Root cause: com.kms.katalon.core.exception.StepFailedException: Actual object '6' and expected object '0' are not equal
	at com.kms.katalon.core.keyword.builtin.VerifyEqualKeyword$_verifyEqual_closure1.doCall(VerifyEqualKeyword.groovy:58)
	at com.kms.katalon.core.keyword.builtin.VerifyEqualKeyword$_verifyEqual_closure1.call(VerifyEqualKeyword.groovy)
	at com.kms.katalon.core.keyword.internal.KeywordMain.runKeyword(KeywordMain.groovy:75)
	at com.kms.katalon.core.keyword.builtin.VerifyEqualKeyword.verifyEqual(VerifyEqualKeyword.groovy:63)
	at com.kms.katalon.core.keyword.builtin.VerifyEqualKeyword.execute(VerifyEqualKeyword.groovy:44)
	at com.kms.katalon.core.keyword.internal.KeywordExecutor.executeKeywordForPlatform(KeywordExecutor.groovy:74)
	at com.kms.katalon.core.keyword.BuiltinKeywords.verifyEqual(BuiltinKeywords.groovy:146)
	at java.base/jdk.internal.reflect.NativeMethodAccessorImpl.invoke0(Native Method)
	at java.base/jdk.internal.reflect.NativeMethodAccessorImpl.invoke(NativeMethodAccessorImpl.java:77)
	at java.base/jdk.internal.reflect.DelegatingMethodAccessorImpl.invoke(DelegatingMethodAccessorImpl.java:43)
	at Выполнение бизнес-плана Сверка ПАО Россети все филиалы.Numbers(Выполнение бизнес-плана Сверка ПАО Россети все филиалы:740)
	at Выполнение бизнес-плана Сверка ПАО Россети все филиалы.Filials(Выполнение бизнес-плана Сверка ПАО Россети все филиалы:1111)
	at Выполнение бизнес-плана Сверка ПАО Россети все филиалы.Numbers(Выполнение бизнес-плана Сверка ПАО Россети все филиалы:745)
	at Выполнение бизнес-плана Сверка ПАО Россети все филиалы.run(Выполнение бизнес-плана Сверка ПАО Россети все филиалы:304)
	at com.kms.katalon.core.main.ScriptEngine.run(ScriptEngine.java:194)
	at com.kms.katalon.core.main.ScriptEngine.runScriptAsRawText(ScriptEngine.java:119)
	at com.kms.katalon.core.main.TestCaseExecutor.runScript(TestCaseExecutor.java:448)
	at com.kms.katalon.core.main.TestCaseExecutor.doExecute(TestCaseExecutor.java:439)
	at com.kms.katalon.core.main.TestCaseExecutor.processExecutionPhase(TestCaseExecutor.java:418)
	at com.kms.katalon.core.main.TestCaseExecutor.accessMainPhase(TestCaseExecutor.java:410)
	at com.kms.katalon.core.main.TestCaseExecutor.execute(TestCaseExecutor.java:285)
	at com.kms.katalon.core.common.CommonExecutor.accessTestCaseMainPhase(CommonExecutor.java:65)
	at com.kms.katalon.core.main.TestSuiteExecutor.accessTestSuiteMainPhase(TestSuiteExecutor.java:150)
	at com.kms.katalon.core.main.TestSuiteExecutor.execute(TestSuiteExecutor.java:106)
	at com.kms.katalon.core.main.TestCaseMain.startTestSuite(TestCaseMain.java:180)
	at TempTestSuite1731039737176.run(TempTestSuite1731039737176.groovy:35)
	at java.base/jdk.internal.reflect.NativeMethodAccessorImpl.invoke0(Native Method)
	at java.base/jdk.internal.reflect.NativeMethodAccessorImpl.invoke(NativeMethodAccessorImpl.java:77)
	at java.base/jdk.internal.reflect.DelegatingMethodAccessorImpl.invoke(DelegatingMethodAccessorImpl.java:43)
)

08-11-2024T08:25:24 - [TEST_STEP][PASSED] - println(numberOfErrors): null

08-11-2024T08:25:24 - [TEST_STEP][PASSED] - if (a == 28 || a == 77 || a == 74 || a == 65 || a == 36 || a == 44 || a == 54 || a == 1 || a == 18 || a == 59): null

08-11-2024T08:25:24 - [TEST_STEP][PASSED] - if (a == 82): null

08-11-2024T08:25:24 - [TEST_STEP][PASSED] - dZO = "Севкавказэнерго": null

08-11-2024T08:25:24 - [TEST_STEP][PASSED] - a = 68: null

08-11-2024T08:25:24 - [TEST_STEP][PASSED] - if (x2.contains(dZO)): null

08-11-2024T08:25:24 - [TEST_STEP][PASSED] - filialNum = filialNum + 1: null

08-11-2024T08:25:24 - [TEST_STEP][PASSED] - Script1718980020443.Numbers(a, typeOfData, todaysDate, pageInt, fileInt, pageDouble, fileDouble, dZO, dzoNum, filialNum): null

08-11-2024T08:25:24 - [TEST_STEP][PASSED] - println(dzoNum): null

08-11-2024T08:25:24 - [TEST_STEP][PASSED] - planFact = <not implemented yet for class: org.codehaus.groovy.ast.expr.EmptyExpression>: null

08-11-2024T08:25:24 - [TEST_STEP][PASSED] - page = <not implemented yet for class: org.codehaus.groovy.ast.expr.EmptyExpression>: null

08-11-2024T08:25:24 - [TEST_STEP][PASSED] - page1 = <not implemented yet for class: org.codehaus.groovy.ast.expr.EmptyExpression>: null

08-11-2024T08:25:24 - [TEST_STEP][PASSED] - page2 = <not implemented yet for class: org.codehaus.groovy.ast.expr.EmptyExpression>: null

08-11-2024T08:25:24 - [TEST_STEP][PASSED] - filialNumberInRow = <not implemented yet for class: org.codehaus.groovy.ast.expr.EmptyExpression>: null

08-11-2024T08:25:24 - [TEST_STEP][PASSED] - filialsDzoNames = <not implemented yet for class: org.codehaus.groovy.ast.expr.EmptyExpression>: null

08-11-2024T08:25:24 - [TEST_STEP][PASSED] - numberOfFilials = <not implemented yet for class: org.codehaus.groovy.ast.expr.EmptyExpression>: null

08-11-2024T08:25:24 - [TEST_STEP][PASSED] - numberOfSpaces = <not implemented yet for class: org.codehaus.groovy.ast.expr.EmptyExpression>: null

08-11-2024T08:25:24 - [TEST_STEP][PASSED] - file = <not implemented yet for class: org.codehaus.groovy.ast.expr.EmptyExpression>: null

08-11-2024T08:25:24 - [TEST_STEP][PASSED] - otpusk = <not implemented yet for class: org.codehaus.groovy.ast.expr.EmptyExpression>: null

08-11-2024T08:25:24 - [TEST_STEP][PASSED] - poteri = <not implemented yet for class: org.codehaus.groovy.ast.expr.EmptyExpression>: null

08-11-2024T08:25:24 - [TEST_STEP][PASSED] - dataFolder = "Выполнение бизнес-плана/Значения со страницы Выполнение бизнес-плана/": null

08-11-2024T08:25:24 - [TEST_STEP][PASSED] - path = <not implemented yet for class: org.codehaus.groovy.ast.expr.EmptyExpression>: null

08-11-2024T08:25:24 - [TEST_STEP][PASSED] - typeOfDataMain = <not implemented yet for class: org.codehaus.groovy.ast.expr.EmptyExpression>: null

08-11-2024T08:25:24 - [TEST_STEP][PASSED] - fileOtpuskVSet = <not implemented yet for class: org.codehaus.groovy.ast.expr.EmptyExpression>: null

08-11-2024T08:25:24 - [TEST_STEP][PASSED] - pageOtpuskVSet = <not implemented yet for class: org.codehaus.groovy.ast.expr.EmptyExpression>: null

08-11-2024T08:25:24 - [TEST_STEP][PASSED] - filePoteri = <not implemented yet for class: org.codehaus.groovy.ast.expr.EmptyExpression>: null

08-11-2024T08:25:24 - [TEST_STEP][PASSED] - pagePoteri = <not implemented yet for class: org.codehaus.groovy.ast.expr.EmptyExpression>: null

08-11-2024T08:25:24 - [TEST_STEP][PASSED] - compare = <not implemented yet for class: org.codehaus.groovy.ast.expr.EmptyExpression>: null

08-11-2024T08:25:24 - [TEST_STEP][PASSED] - b = <not implemented yet for class: org.codehaus.groovy.ast.expr.EmptyExpression>: null

08-11-2024T08:25:24 - [TEST_STEP][PASSED] - i = <not implemented yet for class: org.codehaus.groovy.ast.expr.EmptyExpression>: null

08-11-2024T08:25:24 - [TEST_STEP][PASSED] - ii = <not implemented yet for class: org.codehaus.groovy.ast.expr.EmptyExpression>: null

08-11-2024T08:25:24 - [TEST_STEP][PASSED] - c = <not implemented yet for class: org.codehaus.groovy.ast.expr.EmptyExpression>: null

08-11-2024T08:25:24 - [TEST_STEP][PASSED] - numberOfErrors = 0: null

08-11-2024T08:25:24 - [TEST_STEP][PASSED] - if (a == 82): null

08-11-2024T08:25:24 - [TEST_STEP][PASSED] - b = findTestData("PlanFact").getValue(1, a): null

08-11-2024T08:25:24 - [TEST_STEP][PASSED] - i = b.indexOf(" (ГК)"): null

08-11-2024T08:25:24 - [TEST_STEP][PASSED] - if (i > -1): null

08-11-2024T08:25:24 - [TEST_STEP][PASSED] - i = b.indexOf("О ""): null

08-11-2024T08:25:24 - [TEST_STEP][PASSED] - if (i > -1): null

08-11-2024T08:25:24 - [TEST_STEP][PASSED] - i = b.indexOf("О «"): null

08-11-2024T08:25:24 - [TEST_STEP][PASSED] - if (i > -1): null

08-11-2024T08:25:24 - [TEST_STEP][PASSED] - i = b.indexOf("г. "): null

08-11-2024T08:25:24 - [TEST_STEP][PASSED] - if (i > -1): null

08-11-2024T08:25:24 - [TEST_STEP][PASSED] - println(b): null

08-11-2024T08:25:24 - [TEST_STEP][PASSED] - for ([planFact = 1, planFact < 3, (planFact++)]): null

08-11-2024T08:25:24 - [TEST_STEP][PASSED] - if (planFact == 1): null

08-11-2024T08:25:24 - [TEST_STEP][PASSED] - typeOfDataMain = "Факт": null

08-11-2024T08:25:24 - [TEST_STEP][PASSED] - otpusk = findTestData("PlanFact").getValue(5, a): null

08-11-2024T08:25:24 - [TEST_STEP][PASSED] - poteri = findTestData("PlanFact").getValue(6, a): null

08-11-2024T08:25:24 - [TEST_STEP][PASSED] - otpusk = otpusk.replaceAll("\s+", ""): null

08-11-2024T08:25:24 - [TEST_STEP][PASSED] - poteri = poteri.replaceAll("\s+", ""): null

08-11-2024T08:25:24 - [TEST_STEP][PASSED] - typeOfData = typeOfDataMain + " Отпуск в сеть": null

08-11-2024T08:25:24 - [TEST_STEP][PASSED] - if (a == 82): null

08-11-2024T08:25:24 - [TEST_STEP][PASSED] - else if (a == 84): null

08-11-2024T08:25:24 - [TEST_STEP][PASSED] - else if (a == 52 || a == 72 || a == 28 || a == 73 || a == 77 || a == 74 || a == 65 || a == 36 || a == 44 || a == 53 || a == 80 || a == 54 || a == 1 || a == 18 || a == 59 || a == 81): null

08-11-2024T08:25:24 - [TEST_STEP][PASSED] - else: null

08-11-2024T08:25:24 - [TEST_STEP][PASSED] - path = dataFolder + typeOfData + " за отчётный период " + b: null

08-11-2024T08:25:24 - [TEST_STEP][PASSED] - println(path): null

08-11-2024T08:25:24 - [TEST_STEP][PASSED] - page = getText(findTestObject(path)): Text of object 'Object Repository/Выполнение бизнес-плана/Значения со страницы Выполнение бизнес-плана/Факт Отпуск в сеть за отчётный период Севкавказэнерго' is: '1 139 305'

08-11-2024T08:25:25 - [MESSAGE][PASSED] - Text of object 'Object Repository/Выполнение бизнес-плана/Значения со страницы Выполнение бизнес-плана/Факт Отпуск в сеть за отчётный период Севкавказэнерго' is: '1 139 305'

08-11-2024T08:25:25 - [TEST_STEP][PASSED] - page = page.replaceAll("\s+", ""): null

08-11-2024T08:25:25 - [TEST_STEP][PASSED] - fileOtpuskVSet = otpusk.toInteger(): null

08-11-2024T08:25:25 - [TEST_STEP][PASSED] - pageOtpuskVSet = page.toInteger(): null

08-11-2024T08:25:25 - [TEST_STEP][PASSED] - typeOfData = typeOfDataMain + " Потери": null

08-11-2024T08:25:25 - [TEST_STEP][PASSED] - if (a == 82): null

08-11-2024T08:25:25 - [TEST_STEP][PASSED] - else if (a == 84): null

08-11-2024T08:25:25 - [TEST_STEP][PASSED] - else if (a == 52 || a == 72 || a == 28 || a == 73 || a == 77 || a == 74 || a == 65 || a == 36 || a == 44 || a == 53 || a == 80 || a == 54 || a == 1 || a == 18 || a == 59 || a == 81): null

08-11-2024T08:25:25 - [TEST_STEP][PASSED] - else: null

08-11-2024T08:25:25 - [TEST_STEP][PASSED] - path = dataFolder + typeOfData + " за отчётный период " + b: null

08-11-2024T08:25:25 - [TEST_STEP][PASSED] - page = getText(findTestObject(path)): Text of object 'Object Repository/Выполнение бизнес-плана/Значения со страницы Выполнение бизнес-плана/Факт Потери за отчётный период Севкавказэнерго' is: '200 263'

08-11-2024T08:25:25 - [MESSAGE][PASSED] - Text of object 'Object Repository/Выполнение бизнес-плана/Значения со страницы Выполнение бизнес-плана/Факт Потери за отчётный период Севкавказэнерго' is: '200 263'

08-11-2024T08:25:25 - [TEST_STEP][PASSED] - page = page.replaceAll("\s+", ""): null

08-11-2024T08:25:25 - [TEST_STEP][PASSED] - filePoteri = poteri.toInteger(): null

08-11-2024T08:25:25 - [TEST_STEP][PASSED] - pagePoteri = page.toInteger(): null

08-11-2024T08:25:25 - [TEST_STEP][PASSED] - compare = pageOtpuskVSet: null

08-11-2024T08:25:25 - [TEST_STEP][PASSED] - if (compare == fileOtpuskVSet): null

08-11-2024T08:25:25 - [TEST_STEP][PASSED] - else if (compare > fileOtpuskVSet): null

08-11-2024T08:25:25 - [TEST_STEP][PASSED] - else if (compare < fileOtpuskVSet): null

08-11-2024T08:25:25 - [TEST_STEP][PASSED] - compare = compare + 1: null

08-11-2024T08:25:25 - [TEST_STEP][PASSED] - if (compare == fileOtpuskVSet): null

08-11-2024T08:25:25 - [TEST_STEP][PASSED] - else: null

08-11-2024T08:25:25 - [TEST_STEP][PASSED] - numberOfErrors = numberOfErrors + 1: null

08-11-2024T08:25:25 - [TEST_STEP][PASSED] - pageInt = pageOtpuskVSet: null

08-11-2024T08:25:25 - [TEST_STEP][PASSED] - fileInt = fileOtpuskVSet: null

08-11-2024T08:25:25 - [TEST_STEP][PASSED] - typeOfData = typeOfDataMain + " Отпуск в сеть": null

08-11-2024T08:25:25 - [TEST_STEP][PASSED] - Script1718980020443.WriteToExcel(a, typeOfData, todaysDate, pageInt, fileInt, pageDouble, fileDouble, dZO): null

08-11-2024T08:25:25 - [TEST_STEP][PASSED] - sheetName = "Sheet1": null

08-11-2024T08:25:25 - [TEST_STEP][PASSED] - data = findTestData("PlanFact"): null

08-11-2024T08:25:25 - [TEST_STEP][PASSED] - n = data.getRowNumbers() + 1: null

08-11-2024T08:25:25 - [TEST_STEP][PASSED] - year = todaysDate.substring(todaysDate.length() - 4, todaysDate.length()): null

08-11-2024T08:25:25 - [TEST_STEP][PASSED] - y = year.toInteger(): null

08-11-2024T08:25:25 - [TEST_STEP][PASSED] - m = getText(findTestObject("Выполнение бизнес-плана/Период")): Text of object 'Object Repository/Выполнение бизнес-плана/Период' is: '1, 2, 3 кв. 2024 года'

08-11-2024T08:25:25 - [MESSAGE][PASSED] - Text of object 'Object Repository/Выполнение бизнес-плана/Период' is: '1, 2, 3 кв. 2024 года'

08-11-2024T08:25:25 - [TEST_STEP][PASSED] - m = m.substring(0, m.indexOf("2024")): null

08-11-2024T08:25:25 - [TEST_STEP][PASSED] - m = m.trim(): null

08-11-2024T08:25:25 - [TEST_STEP][PASSED] - dashboardName = "Выполнение бизнес-плана": null

08-11-2024T08:25:25 - [TEST_STEP][PASSED] - workbook01 = getWorkbook(excelFilePath): null

08-11-2024T08:25:25 - [TEST_STEP][PASSED] - sheet01 = getExcelSheet(workbook01, sheetName): null

08-11-2024T08:25:25 - [TEST_STEP][PASSED] - setValueToCellByIndex(sheet01, n, 0, dashboardName): null

08-11-2024T08:25:25 - [TEST_STEP][PASSED] - setValueToCellByIndex(sheet01, n, 1, dZO): null

08-11-2024T08:25:25 - [TEST_STEP][PASSED] - setValueToCellByIndex(sheet01, n, 2, typeOfData): null

08-11-2024T08:25:25 - [TEST_STEP][PASSED] - if (typeOfData == "Факт в процентах" || typeOfData == "План в процентах"): null

08-11-2024T08:25:25 - [TEST_STEP][PASSED] - else: null

08-11-2024T08:25:25 - [TEST_STEP][PASSED] - setValueToCellByIndex(sheet01, n, 3, fileInt): null

08-11-2024T08:25:25 - [TEST_STEP][PASSED] - setValueToCellByIndex(sheet01, n, 4, pageInt): null

08-11-2024T08:25:25 - [TEST_STEP][PASSED] - setValueToCellByIndex(sheet01, n, 5, m): null

08-11-2024T08:25:25 - [TEST_STEP][PASSED] - setValueToCellByIndex(sheet01, n, 6, y): null

08-11-2024T08:25:25 - [TEST_STEP][PASSED] - setValueToCellByIndex(sheet01, n, 7, todaysDate): null

08-11-2024T08:25:25 - [TEST_STEP][PASSED] - n = n + 1: null

08-11-2024T08:25:25 - [TEST_STEP][PASSED] - saveWorkbook(excelFilePath, workbook01): null

08-11-2024T08:25:25 - [TEST_STEP][PASSED] - compare = pagePoteri: null

08-11-2024T08:25:25 - [TEST_STEP][PASSED] - if (compare == filePoteri): null

08-11-2024T08:25:25 - [TEST_STEP][PASSED] - else if (compare > filePoteri): null

08-11-2024T08:25:25 - [TEST_STEP][PASSED] - else if (compare < filePoteri): null

08-11-2024T08:25:25 - [TEST_STEP][PASSED] - compare = compare + 1: null

08-11-2024T08:25:25 - [TEST_STEP][PASSED] - if (compare == filePoteri): null

08-11-2024T08:25:25 - [TEST_STEP][PASSED] - else: null

08-11-2024T08:25:25 - [TEST_STEP][PASSED] - numberOfErrors = numberOfErrors + 1: null

08-11-2024T08:25:25 - [TEST_STEP][PASSED] - pageInt = pagePoteri: null

08-11-2024T08:25:25 - [TEST_STEP][PASSED] - fileInt = filePoteri: null

08-11-2024T08:25:25 - [TEST_STEP][PASSED] - typeOfData = typeOfDataMain + " Потери": null

08-11-2024T08:25:25 - [TEST_STEP][PASSED] - Script1718980020443.WriteToExcel(a, typeOfData, todaysDate, pageInt, fileInt, pageDouble, fileDouble, dZO): null

08-11-2024T08:25:25 - [TEST_STEP][PASSED] - sheetName = "Sheet1": null

08-11-2024T08:25:25 - [TEST_STEP][PASSED] - data = findTestData("PlanFact"): null

08-11-2024T08:25:26 - [TEST_STEP][PASSED] - n = data.getRowNumbers() + 1: null

08-11-2024T08:25:26 - [TEST_STEP][PASSED] - year = todaysDate.substring(todaysDate.length() - 4, todaysDate.length()): null

08-11-2024T08:25:26 - [TEST_STEP][PASSED] - y = year.toInteger(): null

08-11-2024T08:25:26 - [TEST_STEP][PASSED] - m = getText(findTestObject("Выполнение бизнес-плана/Период")): Text of object 'Object Repository/Выполнение бизнес-плана/Период' is: '1, 2, 3 кв. 2024 года'

08-11-2024T08:25:26 - [MESSAGE][PASSED] - Text of object 'Object Repository/Выполнение бизнес-плана/Период' is: '1, 2, 3 кв. 2024 года'

08-11-2024T08:25:26 - [TEST_STEP][PASSED] - m = m.substring(0, m.indexOf("2024")): null

08-11-2024T08:25:26 - [TEST_STEP][PASSED] - m = m.trim(): null

08-11-2024T08:25:26 - [TEST_STEP][PASSED] - dashboardName = "Выполнение бизнес-плана": null

08-11-2024T08:25:26 - [TEST_STEP][PASSED] - workbook01 = getWorkbook(excelFilePath): null

08-11-2024T08:25:26 - [TEST_STEP][PASSED] - sheet01 = getExcelSheet(workbook01, sheetName): null

08-11-2024T08:25:26 - [TEST_STEP][PASSED] - setValueToCellByIndex(sheet01, n, 0, dashboardName): null

08-11-2024T08:25:26 - [TEST_STEP][PASSED] - setValueToCellByIndex(sheet01, n, 1, dZO): null

08-11-2024T08:25:26 - [TEST_STEP][PASSED] - setValueToCellByIndex(sheet01, n, 2, typeOfData): null

08-11-2024T08:25:26 - [TEST_STEP][PASSED] - if (typeOfData == "Факт в процентах" || typeOfData == "План в процентах"): null

08-11-2024T08:25:26 - [TEST_STEP][PASSED] - else: null

08-11-2024T08:25:26 - [TEST_STEP][PASSED] - setValueToCellByIndex(sheet01, n, 3, fileInt): null

08-11-2024T08:25:26 - [TEST_STEP][PASSED] - setValueToCellByIndex(sheet01, n, 4, pageInt): null

08-11-2024T08:25:26 - [TEST_STEP][PASSED] - setValueToCellByIndex(sheet01, n, 5, m): null

08-11-2024T08:25:26 - [TEST_STEP][PASSED] - setValueToCellByIndex(sheet01, n, 6, y): null

08-11-2024T08:25:26 - [TEST_STEP][PASSED] - setValueToCellByIndex(sheet01, n, 7, todaysDate): null

08-11-2024T08:25:26 - [TEST_STEP][PASSED] - n = n + 1: null

08-11-2024T08:25:26 - [TEST_STEP][PASSED] - saveWorkbook(excelFilePath, workbook01): null

08-11-2024T08:25:26 - [TEST_STEP][PASSED] - if (planFact == 2): null

08-11-2024T08:25:26 - [TEST_STEP][PASSED] - if (planFact == 1): null

08-11-2024T08:25:26 - [TEST_STEP][PASSED] - else if (planFact == 2): null

08-11-2024T08:25:26 - [TEST_STEP][PASSED] - click(findTestObject("Выполнение бизнес-плана/Кнопка План")): Object: 'Object Repository/Выполнение бизнес-плана/Кнопка План' is clicked on

08-11-2024T08:25:27 - [MESSAGE][PASSED] - Object: 'Object Repository/Выполнение бизнес-плана/Кнопка План' is clicked on

08-11-2024T08:25:27 - [TEST_STEP][PASSED] - typeOfDataMain = "План": null

08-11-2024T08:25:27 - [TEST_STEP][PASSED] - otpusk = findTestData("PlanFact").getValue(2, a): null

08-11-2024T08:25:27 - [TEST_STEP][PASSED] - poteri = findTestData("PlanFact").getValue(3, a): null

08-11-2024T08:25:27 - [TEST_STEP][PASSED] - otpusk = otpusk.replaceAll("\s+", ""): null

08-11-2024T08:25:27 - [TEST_STEP][PASSED] - poteri = poteri.replaceAll("\s+", ""): null

08-11-2024T08:25:27 - [TEST_STEP][PASSED] - typeOfData = typeOfDataMain + " Отпуск в сеть": null

08-11-2024T08:25:27 - [TEST_STEP][PASSED] - if (a == 82): null

08-11-2024T08:25:27 - [TEST_STEP][PASSED] - else if (a == 84): null

08-11-2024T08:25:27 - [TEST_STEP][PASSED] - else if (a == 52 || a == 72 || a == 28 || a == 73 || a == 77 || a == 74 || a == 65 || a == 36 || a == 44 || a == 53 || a == 80 || a == 54 || a == 1 || a == 18 || a == 59 || a == 81): null

08-11-2024T08:25:27 - [TEST_STEP][PASSED] - else: null

08-11-2024T08:25:27 - [TEST_STEP][PASSED] - path = dataFolder + typeOfData + " за отчётный период " + b: null

08-11-2024T08:25:27 - [TEST_STEP][PASSED] - println(path): null

08-11-2024T08:25:27 - [TEST_STEP][PASSED] - page = getText(findTestObject(path)): Text of object 'Object Repository/Выполнение бизнес-плана/Значения со страницы Выполнение бизнес-плана/План Отпуск в сеть за отчётный период Севкавказэнерго' is: '1 104 540'

08-11-2024T08:25:27 - [MESSAGE][PASSED] - Text of object 'Object Repository/Выполнение бизнес-плана/Значения со страницы Выполнение бизнес-плана/План Отпуск в сеть за отчётный период Севкавказэнерго' is: '1 104 540'

08-11-2024T08:25:27 - [TEST_STEP][PASSED] - page = page.replaceAll("\s+", ""): null

08-11-2024T08:25:27 - [TEST_STEP][PASSED] - fileOtpuskVSet = otpusk.toInteger(): null

08-11-2024T08:25:27 - [TEST_STEP][PASSED] - pageOtpuskVSet = page.toInteger(): null

08-11-2024T08:25:27 - [TEST_STEP][PASSED] - typeOfData = typeOfDataMain + " Потери": null

08-11-2024T08:25:27 - [TEST_STEP][PASSED] - if (a == 82): null

08-11-2024T08:25:27 - [TEST_STEP][PASSED] - else if (a == 84): null

08-11-2024T08:25:27 - [TEST_STEP][PASSED] - else if (a == 52 || a == 72 || a == 28 || a == 73 || a == 77 || a == 74 || a == 65 || a == 36 || a == 44 || a == 53 || a == 80 || a == 54 || a == 1 || a == 18 || a == 59 || a == 81): null

08-11-2024T08:25:27 - [TEST_STEP][PASSED] - else: null

08-11-2024T08:25:27 - [TEST_STEP][PASSED] - path = dataFolder + typeOfData + " за отчётный период " + b: null

08-11-2024T08:25:27 - [TEST_STEP][PASSED] - page = getText(findTestObject(path)): Text of object 'Object Repository/Выполнение бизнес-плана/Значения со страницы Выполнение бизнес-плана/План Потери за отчётный период Севкавказэнерго' is: '191 799'

08-11-2024T08:25:27 - [MESSAGE][PASSED] - Text of object 'Object Repository/Выполнение бизнес-плана/Значения со страницы Выполнение бизнес-плана/План Потери за отчётный период Севкавказэнерго' is: '191 799'

08-11-2024T08:25:27 - [TEST_STEP][PASSED] - page = page.replaceAll("\s+", ""): null

08-11-2024T08:25:27 - [TEST_STEP][PASSED] - filePoteri = poteri.toInteger(): null

08-11-2024T08:25:27 - [TEST_STEP][PASSED] - pagePoteri = page.toInteger(): null

08-11-2024T08:25:27 - [TEST_STEP][PASSED] - compare = pageOtpuskVSet: null

08-11-2024T08:25:27 - [TEST_STEP][PASSED] - if (compare == fileOtpuskVSet): null

08-11-2024T08:25:27 - [TEST_STEP][PASSED] - else if (compare > fileOtpuskVSet): null

08-11-2024T08:25:27 - [TEST_STEP][PASSED] - else if (compare < fileOtpuskVSet): null

08-11-2024T08:25:27 - [TEST_STEP][PASSED] - compare = compare + 1: null

08-11-2024T08:25:27 - [TEST_STEP][PASSED] - if (compare == fileOtpuskVSet): null

08-11-2024T08:25:27 - [TEST_STEP][PASSED] - else: null

08-11-2024T08:25:27 - [TEST_STEP][PASSED] - numberOfErrors = numberOfErrors + 1: null

08-11-2024T08:25:27 - [TEST_STEP][PASSED] - pageInt = pageOtpuskVSet: null

08-11-2024T08:25:27 - [TEST_STEP][PASSED] - fileInt = fileOtpuskVSet: null

08-11-2024T08:25:27 - [TEST_STEP][PASSED] - typeOfData = typeOfDataMain + " Отпуск в сеть": null

08-11-2024T08:25:27 - [TEST_STEP][PASSED] - Script1718980020443.WriteToExcel(a, typeOfData, todaysDate, pageInt, fileInt, pageDouble, fileDouble, dZO): null

08-11-2024T08:25:27 - [TEST_STEP][PASSED] - sheetName = "Sheet1": null

08-11-2024T08:25:27 - [TEST_STEP][PASSED] - data = findTestData("PlanFact"): null

08-11-2024T08:25:27 - [TEST_STEP][PASSED] - n = data.getRowNumbers() + 1: null

08-11-2024T08:25:27 - [TEST_STEP][PASSED] - year = todaysDate.substring(todaysDate.length() - 4, todaysDate.length()): null

08-11-2024T08:25:27 - [TEST_STEP][PASSED] - y = year.toInteger(): null

08-11-2024T08:25:27 - [TEST_STEP][PASSED] - m = getText(findTestObject("Выполнение бизнес-плана/Период")): Text of object 'Object Repository/Выполнение бизнес-плана/Период' is: '1, 2, 3 кв. 2024 года'

08-11-2024T08:25:28 - [MESSAGE][PASSED] - Text of object 'Object Repository/Выполнение бизнес-плана/Период' is: '1, 2, 3 кв. 2024 года'

08-11-2024T08:25:28 - [TEST_STEP][PASSED] - m = m.substring(0, m.indexOf("2024")): null

08-11-2024T08:25:28 - [TEST_STEP][PASSED] - m = m.trim(): null

08-11-2024T08:25:28 - [TEST_STEP][PASSED] - dashboardName = "Выполнение бизнес-плана": null

08-11-2024T08:25:28 - [TEST_STEP][PASSED] - workbook01 = getWorkbook(excelFilePath): null

08-11-2024T08:25:28 - [TEST_STEP][PASSED] - sheet01 = getExcelSheet(workbook01, sheetName): null

08-11-2024T08:25:28 - [TEST_STEP][PASSED] - setValueToCellByIndex(sheet01, n, 0, dashboardName): null

08-11-2024T08:25:28 - [TEST_STEP][PASSED] - setValueToCellByIndex(sheet01, n, 1, dZO): null

08-11-2024T08:25:28 - [TEST_STEP][PASSED] - setValueToCellByIndex(sheet01, n, 2, typeOfData): null

08-11-2024T08:25:28 - [TEST_STEP][PASSED] - if (typeOfData == "Факт в процентах" || typeOfData == "План в процентах"): null

08-11-2024T08:25:28 - [TEST_STEP][PASSED] - else: null

08-11-2024T08:25:28 - [TEST_STEP][PASSED] - setValueToCellByIndex(sheet01, n, 3, fileInt): null

08-11-2024T08:25:28 - [TEST_STEP][PASSED] - setValueToCellByIndex(sheet01, n, 4, pageInt): null

08-11-2024T08:25:28 - [TEST_STEP][PASSED] - setValueToCellByIndex(sheet01, n, 5, m): null

08-11-2024T08:25:28 - [TEST_STEP][PASSED] - setValueToCellByIndex(sheet01, n, 6, y): null

08-11-2024T08:25:28 - [TEST_STEP][PASSED] - setValueToCellByIndex(sheet01, n, 7, todaysDate): null

08-11-2024T08:25:28 - [TEST_STEP][PASSED] - n = n + 1: null

08-11-2024T08:25:28 - [TEST_STEP][PASSED] - saveWorkbook(excelFilePath, workbook01): null

08-11-2024T08:25:28 - [TEST_STEP][PASSED] - compare = pagePoteri: null

08-11-2024T08:25:28 - [TEST_STEP][PASSED] - if (compare == filePoteri): null

08-11-2024T08:25:28 - [TEST_STEP][PASSED] - else if (compare > filePoteri): null

08-11-2024T08:25:28 - [TEST_STEP][PASSED] - else if (compare < filePoteri): null

08-11-2024T08:25:28 - [TEST_STEP][PASSED] - compare = compare + 1: null

08-11-2024T08:25:28 - [TEST_STEP][PASSED] - if (compare == filePoteri): null

08-11-2024T08:25:28 - [TEST_STEP][PASSED] - else: null

08-11-2024T08:25:28 - [TEST_STEP][PASSED] - numberOfErrors = numberOfErrors + 1: null

08-11-2024T08:25:28 - [TEST_STEP][PASSED] - pageInt = pagePoteri: null

08-11-2024T08:25:28 - [TEST_STEP][PASSED] - fileInt = filePoteri: null

08-11-2024T08:25:28 - [TEST_STEP][PASSED] - typeOfData = typeOfDataMain + " Потери": null

08-11-2024T08:25:28 - [TEST_STEP][PASSED] - Script1718980020443.WriteToExcel(a, typeOfData, todaysDate, pageInt, fileInt, pageDouble, fileDouble, dZO): null

08-11-2024T08:25:28 - [TEST_STEP][PASSED] - sheetName = "Sheet1": null

08-11-2024T08:25:28 - [TEST_STEP][PASSED] - data = findTestData("PlanFact"): null

08-11-2024T08:25:28 - [TEST_STEP][PASSED] - n = data.getRowNumbers() + 1: null

08-11-2024T08:25:28 - [TEST_STEP][PASSED] - year = todaysDate.substring(todaysDate.length() - 4, todaysDate.length()): null

08-11-2024T08:25:28 - [TEST_STEP][PASSED] - y = year.toInteger(): null

08-11-2024T08:25:28 - [TEST_STEP][PASSED] - m = getText(findTestObject("Выполнение бизнес-плана/Период")): Text of object 'Object Repository/Выполнение бизнес-плана/Период' is: '1, 2, 3 кв. 2024 года'

08-11-2024T08:25:28 - [MESSAGE][PASSED] - Text of object 'Object Repository/Выполнение бизнес-плана/Период' is: '1, 2, 3 кв. 2024 года'

08-11-2024T08:25:28 - [TEST_STEP][PASSED] - m = m.substring(0, m.indexOf("2024")): null

08-11-2024T08:25:28 - [TEST_STEP][PASSED] - m = m.trim(): null

08-11-2024T08:25:28 - [TEST_STEP][PASSED] - dashboardName = "Выполнение бизнес-плана": null

08-11-2024T08:25:28 - [TEST_STEP][PASSED] - workbook01 = getWorkbook(excelFilePath): null

08-11-2024T08:25:28 - [TEST_STEP][PASSED] - sheet01 = getExcelSheet(workbook01, sheetName): null

08-11-2024T08:25:28 - [TEST_STEP][PASSED] - setValueToCellByIndex(sheet01, n, 0, dashboardName): null

08-11-2024T08:25:28 - [TEST_STEP][PASSED] - setValueToCellByIndex(sheet01, n, 1, dZO): null

08-11-2024T08:25:28 - [TEST_STEP][PASSED] - setValueToCellByIndex(sheet01, n, 2, typeOfData): null

08-11-2024T08:25:28 - [TEST_STEP][PASSED] - if (typeOfData == "Факт в процентах" || typeOfData == "План в процентах"): null

08-11-2024T08:25:28 - [TEST_STEP][PASSED] - else: null

08-11-2024T08:25:28 - [TEST_STEP][PASSED] - setValueToCellByIndex(sheet01, n, 3, fileInt): null

08-11-2024T08:25:28 - [TEST_STEP][PASSED] - setValueToCellByIndex(sheet01, n, 4, pageInt): null

08-11-2024T08:25:28 - [TEST_STEP][PASSED] - setValueToCellByIndex(sheet01, n, 5, m): null

08-11-2024T08:25:28 - [TEST_STEP][PASSED] - setValueToCellByIndex(sheet01, n, 6, y): null

08-11-2024T08:25:28 - [TEST_STEP][PASSED] - setValueToCellByIndex(sheet01, n, 7, todaysDate): null

08-11-2024T08:25:28 - [TEST_STEP][PASSED] - n = n + 1: null

08-11-2024T08:25:28 - [TEST_STEP][PASSED] - saveWorkbook(excelFilePath, workbook01): Object: 'Object Repository/Выполнение бизнес-плана/Кнопка Факт' is clicked on

08-11-2024T08:25:29 - [TEST_STEP][PASSED] - if (planFact == 2): Object: 'Object Repository/Выполнение бизнес-плана/Кнопка Факт' is clicked on

08-11-2024T08:25:29 - [TEST_STEP][PASSED] - click(findTestObject("Выполнение бизнес-плана/Кнопка Факт")): Object: 'Object Repository/Выполнение бизнес-плана/Кнопка Факт' is clicked on

08-11-2024T08:25:29 - [MESSAGE][PASSED] - Object: 'Object Repository/Выполнение бизнес-плана/Кнопка Факт' is clicked on

08-11-2024T08:25:29 - [TEST_STEP][PASSED] - if (a == 84 || a == 82): null

08-11-2024T08:25:29 - [TEST_STEP][PASSED] - else if (a == 52 || a == 72 || a == 28 || a == 73 || a == 77 || a == 74 || a == 65 || a == 36 || a == 44 || a == 53 || a == 80 || a == 54 || a == 1 || a == 18 || a == 59 || a == 81): null

08-11-2024T08:25:29 - [TEST_STEP][PASSED] - else: null

08-11-2024T08:25:29 - [TEST_STEP][PASSED] - page1 = getText(findTestObject("Object Repository/Выполнение бизнес-плана/spanPlan" + filialNum)): Text of object 'Object Repository/Выполнение бизнес-плана/spanPlan5' is: '17.36
|'

08-11-2024T08:25:29 - [MESSAGE][PASSED] - Text of object 'Object Repository/Выполнение бизнес-плана/spanPlan5' is: '17.36
|'

08-11-2024T08:25:29 - [TEST_STEP][PASSED] - page1 = page1.replace("|", ""): null

08-11-2024T08:25:29 - [TEST_STEP][PASSED] - page2 = getText(findTestObject("Object Repository/Выполнение бизнес-плана/spanFact" + filialNum)): Text of object 'Object Repository/Выполнение бизнес-плана/spanFact5' is: '17.58
|'

08-11-2024T08:25:30 - [MESSAGE][PASSED] - Text of object 'Object Repository/Выполнение бизнес-плана/spanFact5' is: '17.58
|'

08-11-2024T08:25:30 - [TEST_STEP][PASSED] - page2 = page2.replace("|", ""): null

08-11-2024T08:25:30 - [TEST_STEP][PASSED] - println("page1: " + page1): null

08-11-2024T08:25:30 - [TEST_STEP][PASSED] - println("page2: " + page2): null

08-11-2024T08:25:30 - [TEST_STEP][PASSED] - file = findTestData("PlanFact").getValue(4, a): null

08-11-2024T08:25:30 - [TEST_STEP][PASSED] - file = file.replace(",", "."): null

08-11-2024T08:25:30 - [TEST_STEP][PASSED] - println("file Plan: " + file): null

08-11-2024T08:25:30 - [TEST_STEP][PASSED] - typeOfData = "План в процентах": null

08-11-2024T08:25:30 - [TEST_STEP][PASSED] - fileDouble = file.toDouble(): null

08-11-2024T08:25:30 - [TEST_STEP][PASSED] - pageDouble = page1.toDouble(): null

08-11-2024T08:25:30 - [TEST_STEP][PASSED] - if (fileDouble != pageDouble): null

08-11-2024T08:25:30 - [TEST_STEP][PASSED] - numberOfErrors = numberOfErrors + 1: null

08-11-2024T08:25:30 - [TEST_STEP][PASSED] - Script1718980020443.WriteToExcel(a, typeOfData, todaysDate, pageInt, fileInt, pageDouble, fileDouble, dZO): null

08-11-2024T08:25:30 - [TEST_STEP][PASSED] - sheetName = "Sheet1": null

08-11-2024T08:25:30 - [TEST_STEP][PASSED] - data = findTestData("PlanFact"): null

08-11-2024T08:25:30 - [TEST_STEP][PASSED] - n = data.getRowNumbers() + 1: null

08-11-2024T08:25:30 - [TEST_STEP][PASSED] - year = todaysDate.substring(todaysDate.length() - 4, todaysDate.length()): null

08-11-2024T08:25:30 - [TEST_STEP][PASSED] - y = year.toInteger(): null

08-11-2024T08:25:30 - [TEST_STEP][PASSED] - m = getText(findTestObject("Выполнение бизнес-плана/Период")): Text of object 'Object Repository/Выполнение бизнес-плана/Период' is: '1, 2, 3 кв. 2024 года'

08-11-2024T08:25:30 - [MESSAGE][PASSED] - Text of object 'Object Repository/Выполнение бизнес-плана/Период' is: '1, 2, 3 кв. 2024 года'

08-11-2024T08:25:30 - [TEST_STEP][PASSED] - m = m.substring(0, m.indexOf("2024")): null

08-11-2024T08:25:30 - [TEST_STEP][PASSED] - m = m.trim(): null

08-11-2024T08:25:30 - [TEST_STEP][PASSED] - dashboardName = "Выполнение бизнес-плана": null

08-11-2024T08:25:30 - [TEST_STEP][PASSED] - workbook01 = getWorkbook(excelFilePath): null

08-11-2024T08:25:30 - [TEST_STEP][PASSED] - sheet01 = getExcelSheet(workbook01, sheetName): null

08-11-2024T08:25:30 - [TEST_STEP][PASSED] - setValueToCellByIndex(sheet01, n, 0, dashboardName): null

08-11-2024T08:25:30 - [TEST_STEP][PASSED] - setValueToCellByIndex(sheet01, n, 1, dZO): null

08-11-2024T08:25:30 - [TEST_STEP][PASSED] - setValueToCellByIndex(sheet01, n, 2, typeOfData): null

08-11-2024T08:25:30 - [TEST_STEP][PASSED] - if (typeOfData == "Факт в процентах" || typeOfData == "План в процентах"): null

08-11-2024T08:25:30 - [TEST_STEP][PASSED] - setValueToCellByIndex(sheet01, n, 3, fileDouble): null

08-11-2024T08:25:30 - [TEST_STEP][PASSED] - setValueToCellByIndex(sheet01, n, 4, pageDouble): null

08-11-2024T08:25:30 - [TEST_STEP][PASSED] - setValueToCellByIndex(sheet01, n, 5, m): null

08-11-2024T08:25:30 - [TEST_STEP][PASSED] - setValueToCellByIndex(sheet01, n, 6, y): null

08-11-2024T08:25:30 - [TEST_STEP][PASSED] - setValueToCellByIndex(sheet01, n, 7, todaysDate): null

08-11-2024T08:25:30 - [TEST_STEP][PASSED] - n = n + 1: null

08-11-2024T08:25:30 - [TEST_STEP][PASSED] - saveWorkbook(excelFilePath, workbook01): null

08-11-2024T08:25:30 - [TEST_STEP][PASSED] - file = findTestData("PlanFact").getValue(7, a): null

08-11-2024T08:25:30 - [TEST_STEP][PASSED] - file = file.replace(",", "."): null

08-11-2024T08:25:30 - [TEST_STEP][PASSED] - println("file Fact: " + file): null

08-11-2024T08:25:30 - [TEST_STEP][PASSED] - fileDouble = file.toDouble(): null

08-11-2024T08:25:30 - [TEST_STEP][PASSED] - typeOfData = "Факт в процентах": null

08-11-2024T08:25:30 - [TEST_STEP][PASSED] - fileDouble = file.toDouble(): null

08-11-2024T08:25:30 - [TEST_STEP][PASSED] - pageDouble = page2.toDouble(): null

08-11-2024T08:25:30 - [TEST_STEP][PASSED] - if (fileDouble != pageDouble): null

08-11-2024T08:25:30 - [TEST_STEP][PASSED] - numberOfErrors = numberOfErrors + 1: null

08-11-2024T08:25:30 - [TEST_STEP][PASSED] - Script1718980020443.WriteToExcel(a, typeOfData, todaysDate, pageInt, fileInt, pageDouble, fileDouble, dZO): null

08-11-2024T08:25:30 - [TEST_STEP][PASSED] - sheetName = "Sheet1": null

08-11-2024T08:25:30 - [TEST_STEP][PASSED] - data = findTestData("PlanFact"): null

08-11-2024T08:25:31 - [TEST_STEP][PASSED] - n = data.getRowNumbers() + 1: null

08-11-2024T08:25:31 - [TEST_STEP][PASSED] - year = todaysDate.substring(todaysDate.length() - 4, todaysDate.length()): null

08-11-2024T08:25:31 - [TEST_STEP][PASSED] - y = year.toInteger(): null

08-11-2024T08:25:31 - [TEST_STEP][PASSED] - m = getText(findTestObject("Выполнение бизнес-плана/Период")): Text of object 'Object Repository/Выполнение бизнес-плана/Период' is: '1, 2, 3 кв. 2024 года'

08-11-2024T08:25:31 - [MESSAGE][PASSED] - Text of object 'Object Repository/Выполнение бизнес-плана/Период' is: '1, 2, 3 кв. 2024 года'

08-11-2024T08:25:31 - [TEST_STEP][PASSED] - m = m.substring(0, m.indexOf("2024")): null

08-11-2024T08:25:31 - [TEST_STEP][PASSED] - m = m.trim(): null

08-11-2024T08:25:31 - [TEST_STEP][PASSED] - dashboardName = "Выполнение бизнес-плана": null

08-11-2024T08:25:31 - [TEST_STEP][PASSED] - workbook01 = getWorkbook(excelFilePath): null

08-11-2024T08:25:31 - [TEST_STEP][PASSED] - sheet01 = getExcelSheet(workbook01, sheetName): null

08-11-2024T08:25:31 - [TEST_STEP][PASSED] - setValueToCellByIndex(sheet01, n, 0, dashboardName): null

08-11-2024T08:25:31 - [TEST_STEP][PASSED] - setValueToCellByIndex(sheet01, n, 1, dZO): null

08-11-2024T08:25:31 - [TEST_STEP][PASSED] - setValueToCellByIndex(sheet01, n, 2, typeOfData): null

08-11-2024T08:25:31 - [TEST_STEP][PASSED] - if (typeOfData == "Факт в процентах" || typeOfData == "План в процентах"): null

08-11-2024T08:25:31 - [TEST_STEP][PASSED] - setValueToCellByIndex(sheet01, n, 3, fileDouble): null

08-11-2024T08:25:31 - [TEST_STEP][PASSED] - setValueToCellByIndex(sheet01, n, 4, pageDouble): null

08-11-2024T08:25:31 - [TEST_STEP][PASSED] - setValueToCellByIndex(sheet01, n, 5, m): null

08-11-2024T08:25:31 - [TEST_STEP][PASSED] - setValueToCellByIndex(sheet01, n, 6, y): null

08-11-2024T08:25:31 - [TEST_STEP][PASSED] - setValueToCellByIndex(sheet01, n, 7, todaysDate): null

08-11-2024T08:25:31 - [TEST_STEP][PASSED] - n = n + 1: null

08-11-2024T08:25:31 - [TEST_STEP][PASSED] - saveWorkbook(excelFilePath, workbook01): null

08-11-2024T08:25:31 - [TEST_STEP][FAILED] - if (verifyEqual(numberOfErrors, 0) == false): null

08-11-2024T08:25:31 - [MESSAGE][FAILED] - Unable to verify equal between actual object '6' and expected object '0' (Root cause: com.kms.katalon.core.exception.StepFailedException: Actual object '6' and expected object '0' are not equal
	at com.kms.katalon.core.keyword.builtin.VerifyEqualKeyword$_verifyEqual_closure1.doCall(VerifyEqualKeyword.groovy:58)
	at com.kms.katalon.core.keyword.builtin.VerifyEqualKeyword$_verifyEqual_closure1.call(VerifyEqualKeyword.groovy)
	at com.kms.katalon.core.keyword.internal.KeywordMain.runKeyword(KeywordMain.groovy:75)
	at com.kms.katalon.core.keyword.builtin.VerifyEqualKeyword.verifyEqual(VerifyEqualKeyword.groovy:63)
	at com.kms.katalon.core.keyword.builtin.VerifyEqualKeyword.execute(VerifyEqualKeyword.groovy:44)
	at com.kms.katalon.core.keyword.internal.KeywordExecutor.executeKeywordForPlatform(KeywordExecutor.groovy:74)
	at com.kms.katalon.core.keyword.BuiltinKeywords.verifyEqual(BuiltinKeywords.groovy:146)
	at java.base/jdk.internal.reflect.NativeMethodAccessorImpl.invoke0(Native Method)
	at java.base/jdk.internal.reflect.NativeMethodAccessorImpl.invoke(NativeMethodAccessorImpl.java:77)
	at java.base/jdk.internal.reflect.DelegatingMethodAccessorImpl.invoke(DelegatingMethodAccessorImpl.java:43)
	at Выполнение бизнес-плана Сверка ПАО Россети все филиалы.Numbers(Выполнение бизнес-плана Сверка ПАО Россети все филиалы:740)
	at Выполнение бизнес-плана Сверка ПАО Россети все филиалы.Filials(Выполнение бизнес-плана Сверка ПАО Россети все филиалы:1123)
	at Выполнение бизнес-плана Сверка ПАО Россети все филиалы.Numbers(Выполнение бизнес-плана Сверка ПАО Россети все филиалы:745)
	at Выполнение бизнес-плана Сверка ПАО Россети все филиалы.run(Выполнение бизнес-плана Сверка ПАО Россети все филиалы:304)
	at com.kms.katalon.core.main.ScriptEngine.run(ScriptEngine.java:194)
	at com.kms.katalon.core.main.ScriptEngine.runScriptAsRawText(ScriptEngine.java:119)
	at com.kms.katalon.core.main.TestCaseExecutor.runScript(TestCaseExecutor.java:448)
	at com.kms.katalon.core.main.TestCaseExecutor.doExecute(TestCaseExecutor.java:439)
	at com.kms.katalon.core.main.TestCaseExecutor.processExecutionPhase(TestCaseExecutor.java:418)
	at com.kms.katalon.core.main.TestCaseExecutor.accessMainPhase(TestCaseExecutor.java:410)
	at com.kms.katalon.core.main.TestCaseExecutor.execute(TestCaseExecutor.java:285)
	at com.kms.katalon.core.common.CommonExecutor.accessTestCaseMainPhase(CommonExecutor.java:65)
	at com.kms.katalon.core.main.TestSuiteExecutor.accessTestSuiteMainPhase(TestSuiteExecutor.java:150)
	at com.kms.katalon.core.main.TestSuiteExecutor.execute(TestSuiteExecutor.java:106)
	at com.kms.katalon.core.main.TestCaseMain.startTestSuite(TestCaseMain.java:180)
	at TempTestSuite1731039737176.run(TempTestSuite1731039737176.groovy:35)
	at java.base/jdk.internal.reflect.NativeMethodAccessorImpl.invoke0(Native Method)
	at java.base/jdk.internal.reflect.NativeMethodAccessorImpl.invoke(NativeMethodAccessorImpl.java:77)
	at java.base/jdk.internal.reflect.DelegatingMethodAccessorImpl.invoke(DelegatingMethodAccessorImpl.java:43)
)

08-11-2024T08:25:31 - [TEST_STEP][PASSED] - println(numberOfErrors): null

08-11-2024T08:25:31 - [TEST_STEP][PASSED] - if (a == 28 || a == 77 || a == 74 || a == 65 || a == 36 || a == 44 || a == 54 || a == 1 || a == 18 || a == 59): null

08-11-2024T08:25:31 - [TEST_STEP][PASSED] - if (a == 82): null

08-11-2024T08:25:31 - [TEST_STEP][PASSED] - dZO = "Ставропольэнерго": null

08-11-2024T08:25:31 - [TEST_STEP][PASSED] - a = 69: null

08-11-2024T08:25:31 - [TEST_STEP][PASSED] - if (x2.contains(dZO)): null

08-11-2024T08:25:31 - [TEST_STEP][PASSED] - filialNum = filialNum + 1: null

08-11-2024T08:25:31 - [TEST_STEP][PASSED] - Script1718980020443.Numbers(a, typeOfData, todaysDate, pageInt, fileInt, pageDouble, fileDouble, dZO, dzoNum, filialNum): null

08-11-2024T08:25:31 - [TEST_STEP][PASSED] - println(dzoNum): null

08-11-2024T08:25:31 - [TEST_STEP][PASSED] - planFact = <not implemented yet for class: org.codehaus.groovy.ast.expr.EmptyExpression>: null

08-11-2024T08:25:31 - [TEST_STEP][PASSED] - page = <not implemented yet for class: org.codehaus.groovy.ast.expr.EmptyExpression>: null

08-11-2024T08:25:31 - [TEST_STEP][PASSED] - page1 = <not implemented yet for class: org.codehaus.groovy.ast.expr.EmptyExpression>: null

08-11-2024T08:25:31 - [TEST_STEP][PASSED] - page2 = <not implemented yet for class: org.codehaus.groovy.ast.expr.EmptyExpression>: null

08-11-2024T08:25:31 - [TEST_STEP][PASSED] - filialNumberInRow = <not implemented yet for class: org.codehaus.groovy.ast.expr.EmptyExpression>: null

08-11-2024T08:25:31 - [TEST_STEP][PASSED] - filialsDzoNames = <not implemented yet for class: org.codehaus.groovy.ast.expr.EmptyExpression>: null

08-11-2024T08:25:31 - [TEST_STEP][PASSED] - numberOfFilials = <not implemented yet for class: org.codehaus.groovy.ast.expr.EmptyExpression>: null

08-11-2024T08:25:31 - [TEST_STEP][PASSED] - numberOfSpaces = <not implemented yet for class: org.codehaus.groovy.ast.expr.EmptyExpression>: null

08-11-2024T08:25:31 - [TEST_STEP][PASSED] - file = <not implemented yet for class: org.codehaus.groovy.ast.expr.EmptyExpression>: null

08-11-2024T08:25:31 - [TEST_STEP][PASSED] - otpusk = <not implemented yet for class: org.codehaus.groovy.ast.expr.EmptyExpression>: null

08-11-2024T08:25:31 - [TEST_STEP][PASSED] - poteri = <not implemented yet for class: org.codehaus.groovy.ast.expr.EmptyExpression>: null

08-11-2024T08:25:31 - [TEST_STEP][PASSED] - dataFolder = "Выполнение бизнес-плана/Значения со страницы Выполнение бизнес-плана/": null

08-11-2024T08:25:31 - [TEST_STEP][PASSED] - path = <not implemented yet for class: org.codehaus.groovy.ast.expr.EmptyExpression>: null

08-11-2024T08:25:31 - [TEST_STEP][PASSED] - typeOfDataMain = <not implemented yet for class: org.codehaus.groovy.ast.expr.EmptyExpression>: null

08-11-2024T08:25:31 - [TEST_STEP][PASSED] - fileOtpuskVSet = <not implemented yet for class: org.codehaus.groovy.ast.expr.EmptyExpression>: null

08-11-2024T08:25:31 - [TEST_STEP][PASSED] - pageOtpuskVSet = <not implemented yet for class: org.codehaus.groovy.ast.expr.EmptyExpression>: null

08-11-2024T08:25:31 - [TEST_STEP][PASSED] - filePoteri = <not implemented yet for class: org.codehaus.groovy.ast.expr.EmptyExpression>: null

08-11-2024T08:25:31 - [TEST_STEP][PASSED] - pagePoteri = <not implemented yet for class: org.codehaus.groovy.ast.expr.EmptyExpression>: null

08-11-2024T08:25:31 - [TEST_STEP][PASSED] - compare = <not implemented yet for class: org.codehaus.groovy.ast.expr.EmptyExpression>: null

08-11-2024T08:25:31 - [TEST_STEP][PASSED] - b = <not implemented yet for class: org.codehaus.groovy.ast.expr.EmptyExpression>: null

08-11-2024T08:25:31 - [TEST_STEP][PASSED] - i = <not implemented yet for class: org.codehaus.groovy.ast.expr.EmptyExpression>: null

08-11-2024T08:25:31 - [TEST_STEP][PASSED] - ii = <not implemented yet for class: org.codehaus.groovy.ast.expr.EmptyExpression>: null

08-11-2024T08:25:31 - [TEST_STEP][PASSED] - c = <not implemented yet for class: org.codehaus.groovy.ast.expr.EmptyExpression>: null

08-11-2024T08:25:31 - [TEST_STEP][PASSED] - numberOfErrors = 0: null

08-11-2024T08:25:31 - [TEST_STEP][PASSED] - if (a == 82): null

08-11-2024T08:25:31 - [TEST_STEP][PASSED] - b = findTestData("PlanFact").getValue(1, a): null

08-11-2024T08:25:31 - [TEST_STEP][PASSED] - i = b.indexOf(" (ГК)"): null

08-11-2024T08:25:31 - [TEST_STEP][PASSED] - if (i > -1): null

08-11-2024T08:25:31 - [TEST_STEP][PASSED] - i = b.indexOf("О ""): null

08-11-2024T08:25:31 - [TEST_STEP][PASSED] - if (i > -1): null

08-11-2024T08:25:31 - [TEST_STEP][PASSED] - i = b.indexOf("О «"): null

08-11-2024T08:25:31 - [TEST_STEP][PASSED] - if (i > -1): null

08-11-2024T08:25:31 - [TEST_STEP][PASSED] - i = b.indexOf("г. "): null

08-11-2024T08:25:31 - [TEST_STEP][PASSED] - if (i > -1): null

08-11-2024T08:25:31 - [TEST_STEP][PASSED] - println(b): null

08-11-2024T08:25:31 - [TEST_STEP][PASSED] - for ([planFact = 1, planFact < 3, (planFact++)]): null

08-11-2024T08:25:31 - [TEST_STEP][PASSED] - if (planFact == 1): null

08-11-2024T08:25:31 - [TEST_STEP][PASSED] - typeOfDataMain = "Факт": null

08-11-2024T08:25:31 - [TEST_STEP][PASSED] - otpusk = findTestData("PlanFact").getValue(5, a): null

08-11-2024T08:25:31 - [TEST_STEP][PASSED] - poteri = findTestData("PlanFact").getValue(6, a): null

08-11-2024T08:25:31 - [TEST_STEP][PASSED] - otpusk = otpusk.replaceAll("\s+", ""): null

08-11-2024T08:25:31 - [TEST_STEP][PASSED] - poteri = poteri.replaceAll("\s+", ""): null

08-11-2024T08:25:31 - [TEST_STEP][PASSED] - typeOfData = typeOfDataMain + " Отпуск в сеть": null

08-11-2024T08:25:31 - [TEST_STEP][PASSED] - if (a == 82): null

08-11-2024T08:25:31 - [TEST_STEP][PASSED] - else if (a == 84): null

08-11-2024T08:25:31 - [TEST_STEP][PASSED] - else if (a == 52 || a == 72 || a == 28 || a == 73 || a == 77 || a == 74 || a == 65 || a == 36 || a == 44 || a == 53 || a == 80 || a == 54 || a == 1 || a == 18 || a == 59 || a == 81): null

08-11-2024T08:25:31 - [TEST_STEP][PASSED] - else: null

08-11-2024T08:25:31 - [TEST_STEP][PASSED] - path = dataFolder + typeOfData + " за отчётный период " + b: null

08-11-2024T08:25:31 - [TEST_STEP][PASSED] - println(path): null

08-11-2024T08:25:31 - [TEST_STEP][PASSED] - page = getText(findTestObject(path)): Text of object 'Object Repository/Выполнение бизнес-плана/Значения со страницы Выполнение бизнес-плана/Факт Отпуск в сеть за отчётный период Ставропольэнерго' is: '5 649 872'

08-11-2024T08:25:32 - [MESSAGE][PASSED] - Text of object 'Object Repository/Выполнение бизнес-плана/Значения со страницы Выполнение бизнес-плана/Факт Отпуск в сеть за отчётный период Ставропольэнерго' is: '5 649 872'

08-11-2024T08:25:32 - [TEST_STEP][PASSED] - page = page.replaceAll("\s+", ""): null

08-11-2024T08:25:32 - [TEST_STEP][PASSED] - fileOtpuskVSet = otpusk.toInteger(): null

08-11-2024T08:25:32 - [TEST_STEP][PASSED] - pageOtpuskVSet = page.toInteger(): null

08-11-2024T08:25:32 - [TEST_STEP][PASSED] - typeOfData = typeOfDataMain + " Потери": null

08-11-2024T08:25:32 - [TEST_STEP][PASSED] - if (a == 82): null

08-11-2024T08:25:32 - [TEST_STEP][PASSED] - else if (a == 84): null

08-11-2024T08:25:32 - [TEST_STEP][PASSED] - else if (a == 52 || a == 72 || a == 28 || a == 73 || a == 77 || a == 74 || a == 65 || a == 36 || a == 44 || a == 53 || a == 80 || a == 54 || a == 1 || a == 18 || a == 59 || a == 81): null

08-11-2024T08:25:32 - [TEST_STEP][PASSED] - else: null

08-11-2024T08:25:32 - [TEST_STEP][PASSED] - path = dataFolder + typeOfData + " за отчётный период " + b: null

08-11-2024T08:25:32 - [TEST_STEP][PASSED] - page = getText(findTestObject(path)): Text of object 'Object Repository/Выполнение бизнес-плана/Значения со страницы Выполнение бизнес-плана/Факт Потери за отчётный период Ставропольэнерго' is: '487 980'

08-11-2024T08:25:32 - [MESSAGE][PASSED] - Text of object 'Object Repository/Выполнение бизнес-плана/Значения со страницы Выполнение бизнес-плана/Факт Потери за отчётный период Ставропольэнерго' is: '487 980'

08-11-2024T08:25:32 - [TEST_STEP][PASSED] - page = page.replaceAll("\s+", ""): null

08-11-2024T08:25:32 - [TEST_STEP][PASSED] - filePoteri = poteri.toInteger(): null

08-11-2024T08:25:32 - [TEST_STEP][PASSED] - pagePoteri = page.toInteger(): null

08-11-2024T08:25:32 - [TEST_STEP][PASSED] - compare = pageOtpuskVSet: null

08-11-2024T08:25:32 - [TEST_STEP][PASSED] - if (compare == fileOtpuskVSet): null

08-11-2024T08:25:32 - [TEST_STEP][PASSED] - else if (compare > fileOtpuskVSet): null

08-11-2024T08:25:32 - [TEST_STEP][PASSED] - else if (compare < fileOtpuskVSet): null

08-11-2024T08:25:32 - [TEST_STEP][PASSED] - compare = compare + 1: null

08-11-2024T08:25:32 - [TEST_STEP][PASSED] - if (compare == fileOtpuskVSet): null

08-11-2024T08:25:32 - [TEST_STEP][PASSED] - else: null

08-11-2024T08:25:32 - [TEST_STEP][PASSED] - numberOfErrors = numberOfErrors + 1: null

08-11-2024T08:25:32 - [TEST_STEP][PASSED] - pageInt = pageOtpuskVSet: null

08-11-2024T08:25:32 - [TEST_STEP][PASSED] - fileInt = fileOtpuskVSet: null

08-11-2024T08:25:32 - [TEST_STEP][PASSED] - typeOfData = typeOfDataMain + " Отпуск в сеть": null

08-11-2024T08:25:32 - [TEST_STEP][PASSED] - Script1718980020443.WriteToExcel(a, typeOfData, todaysDate, pageInt, fileInt, pageDouble, fileDouble, dZO): null

08-11-2024T08:25:32 - [TEST_STEP][PASSED] - sheetName = "Sheet1": null

08-11-2024T08:25:32 - [TEST_STEP][PASSED] - data = findTestData("PlanFact"): null

08-11-2024T08:25:32 - [TEST_STEP][PASSED] - n = data.getRowNumbers() + 1: null

08-11-2024T08:25:32 - [TEST_STEP][PASSED] - year = todaysDate.substring(todaysDate.length() - 4, todaysDate.length()): null

08-11-2024T08:25:32 - [TEST_STEP][PASSED] - y = year.toInteger(): null

08-11-2024T08:25:32 - [TEST_STEP][PASSED] - m = getText(findTestObject("Выполнение бизнес-плана/Период")): Text of object 'Object Repository/Выполнение бизнес-плана/Период' is: '1, 2, 3 кв. 2024 года'

08-11-2024T08:25:32 - [MESSAGE][PASSED] - Text of object 'Object Repository/Выполнение бизнес-плана/Период' is: '1, 2, 3 кв. 2024 года'

08-11-2024T08:25:32 - [TEST_STEP][PASSED] - m = m.substring(0, m.indexOf("2024")): null

08-11-2024T08:25:32 - [TEST_STEP][PASSED] - m = m.trim(): null

08-11-2024T08:25:32 - [TEST_STEP][PASSED] - dashboardName = "Выполнение бизнес-плана": null

08-11-2024T08:25:32 - [TEST_STEP][PASSED] - workbook01 = getWorkbook(excelFilePath): null

08-11-2024T08:25:32 - [TEST_STEP][PASSED] - sheet01 = getExcelSheet(workbook01, sheetName): null

08-11-2024T08:25:32 - [TEST_STEP][PASSED] - setValueToCellByIndex(sheet01, n, 0, dashboardName): null

08-11-2024T08:25:32 - [TEST_STEP][PASSED] - setValueToCellByIndex(sheet01, n, 1, dZO): null

08-11-2024T08:25:32 - [TEST_STEP][PASSED] - setValueToCellByIndex(sheet01, n, 2, typeOfData): null

08-11-2024T08:25:32 - [TEST_STEP][PASSED] - if (typeOfData == "Факт в процентах" || typeOfData == "План в процентах"): null

08-11-2024T08:25:32 - [TEST_STEP][PASSED] - else: null

08-11-2024T08:25:32 - [TEST_STEP][PASSED] - setValueToCellByIndex(sheet01, n, 3, fileInt): null

08-11-2024T08:25:32 - [TEST_STEP][PASSED] - setValueToCellByIndex(sheet01, n, 4, pageInt): null

08-11-2024T08:25:32 - [TEST_STEP][PASSED] - setValueToCellByIndex(sheet01, n, 5, m): null

08-11-2024T08:25:32 - [TEST_STEP][PASSED] - setValueToCellByIndex(sheet01, n, 6, y): null

08-11-2024T08:25:32 - [TEST_STEP][PASSED] - setValueToCellByIndex(sheet01, n, 7, todaysDate): null

08-11-2024T08:25:32 - [TEST_STEP][PASSED] - n = n + 1: null

08-11-2024T08:25:32 - [TEST_STEP][PASSED] - saveWorkbook(excelFilePath, workbook01): null

08-11-2024T08:25:33 - [TEST_STEP][PASSED] - compare = pagePoteri: null

08-11-2024T08:25:33 - [TEST_STEP][PASSED] - if (compare == filePoteri): null

08-11-2024T08:25:33 - [TEST_STEP][PASSED] - else if (compare > filePoteri): null

08-11-2024T08:25:33 - [TEST_STEP][PASSED] - else if (compare < filePoteri): null

08-11-2024T08:25:33 - [TEST_STEP][PASSED] - compare = compare + 1: null

08-11-2024T08:25:33 - [TEST_STEP][PASSED] - if (compare == filePoteri): null

08-11-2024T08:25:33 - [TEST_STEP][PASSED] - else: null

08-11-2024T08:25:33 - [TEST_STEP][PASSED] - numberOfErrors = numberOfErrors + 1: null

08-11-2024T08:25:33 - [TEST_STEP][PASSED] - pageInt = pagePoteri: null

08-11-2024T08:25:33 - [TEST_STEP][PASSED] - fileInt = filePoteri: null

08-11-2024T08:25:33 - [TEST_STEP][PASSED] - typeOfData = typeOfDataMain + " Потери": null

08-11-2024T08:25:33 - [TEST_STEP][PASSED] - Script1718980020443.WriteToExcel(a, typeOfData, todaysDate, pageInt, fileInt, pageDouble, fileDouble, dZO): null

08-11-2024T08:25:33 - [TEST_STEP][PASSED] - sheetName = "Sheet1": null

08-11-2024T08:25:33 - [TEST_STEP][PASSED] - data = findTestData("PlanFact"): null

08-11-2024T08:25:33 - [TEST_STEP][PASSED] - n = data.getRowNumbers() + 1: null

08-11-2024T08:25:33 - [TEST_STEP][PASSED] - year = todaysDate.substring(todaysDate.length() - 4, todaysDate.length()): null

08-11-2024T08:25:33 - [TEST_STEP][PASSED] - y = year.toInteger(): null

08-11-2024T08:25:33 - [TEST_STEP][PASSED] - m = getText(findTestObject("Выполнение бизнес-плана/Период")): Text of object 'Object Repository/Выполнение бизнес-плана/Период' is: '1, 2, 3 кв. 2024 года'

08-11-2024T08:25:33 - [MESSAGE][PASSED] - Text of object 'Object Repository/Выполнение бизнес-плана/Период' is: '1, 2, 3 кв. 2024 года'

08-11-2024T08:25:33 - [TEST_STEP][PASSED] - m = m.substring(0, m.indexOf("2024")): null

08-11-2024T08:25:33 - [TEST_STEP][PASSED] - m = m.trim(): null

08-11-2024T08:25:33 - [TEST_STEP][PASSED] - dashboardName = "Выполнение бизнес-плана": null

08-11-2024T08:25:33 - [TEST_STEP][PASSED] - workbook01 = getWorkbook(excelFilePath): null

08-11-2024T08:25:33 - [TEST_STEP][PASSED] - sheet01 = getExcelSheet(workbook01, sheetName): null

08-11-2024T08:25:33 - [TEST_STEP][PASSED] - setValueToCellByIndex(sheet01, n, 0, dashboardName): null

08-11-2024T08:25:33 - [TEST_STEP][PASSED] - setValueToCellByIndex(sheet01, n, 1, dZO): null

08-11-2024T08:25:33 - [TEST_STEP][PASSED] - setValueToCellByIndex(sheet01, n, 2, typeOfData): null

08-11-2024T08:25:33 - [TEST_STEP][PASSED] - if (typeOfData == "Факт в процентах" || typeOfData == "План в процентах"): null

08-11-2024T08:25:33 - [TEST_STEP][PASSED] - else: null

08-11-2024T08:25:33 - [TEST_STEP][PASSED] - setValueToCellByIndex(sheet01, n, 3, fileInt): null

08-11-2024T08:25:33 - [TEST_STEP][PASSED] - setValueToCellByIndex(sheet01, n, 4, pageInt): null

08-11-2024T08:25:33 - [TEST_STEP][PASSED] - setValueToCellByIndex(sheet01, n, 5, m): null

08-11-2024T08:25:33 - [TEST_STEP][PASSED] - setValueToCellByIndex(sheet01, n, 6, y): null

08-11-2024T08:25:33 - [TEST_STEP][PASSED] - setValueToCellByIndex(sheet01, n, 7, todaysDate): null

08-11-2024T08:25:33 - [TEST_STEP][PASSED] - n = n + 1: null

08-11-2024T08:25:33 - [TEST_STEP][PASSED] - saveWorkbook(excelFilePath, workbook01): null

08-11-2024T08:25:33 - [TEST_STEP][PASSED] - if (planFact == 2): null

08-11-2024T08:25:33 - [TEST_STEP][PASSED] - if (planFact == 1): null

08-11-2024T08:25:33 - [TEST_STEP][PASSED] - else if (planFact == 2): null

08-11-2024T08:25:33 - [TEST_STEP][PASSED] - click(findTestObject("Выполнение бизнес-плана/Кнопка План")): Object: 'Object Repository/Выполнение бизнес-плана/Кнопка План' is clicked on

08-11-2024T08:25:34 - [MESSAGE][PASSED] - Object: 'Object Repository/Выполнение бизнес-плана/Кнопка План' is clicked on

08-11-2024T08:25:34 - [TEST_STEP][PASSED] - typeOfDataMain = "План": null

08-11-2024T08:25:34 - [TEST_STEP][PASSED] - otpusk = findTestData("PlanFact").getValue(2, a): null

08-11-2024T08:25:34 - [TEST_STEP][PASSED] - poteri = findTestData("PlanFact").getValue(3, a): null

08-11-2024T08:25:34 - [TEST_STEP][PASSED] - otpusk = otpusk.replaceAll("\s+", ""): null

08-11-2024T08:25:34 - [TEST_STEP][PASSED] - poteri = poteri.replaceAll("\s+", ""): null

08-11-2024T08:25:34 - [TEST_STEP][PASSED] - typeOfData = typeOfDataMain + " Отпуск в сеть": null

08-11-2024T08:25:34 - [TEST_STEP][PASSED] - if (a == 82): null

08-11-2024T08:25:34 - [TEST_STEP][PASSED] - else if (a == 84): null

08-11-2024T08:25:34 - [TEST_STEP][PASSED] - else if (a == 52 || a == 72 || a == 28 || a == 73 || a == 77 || a == 74 || a == 65 || a == 36 || a == 44 || a == 53 || a == 80 || a == 54 || a == 1 || a == 18 || a == 59 || a == 81): null

08-11-2024T08:25:34 - [TEST_STEP][PASSED] - else: null

08-11-2024T08:25:34 - [TEST_STEP][PASSED] - path = dataFolder + typeOfData + " за отчётный период " + b: null

08-11-2024T08:25:34 - [TEST_STEP][PASSED] - println(path): null

08-11-2024T08:25:34 - [TEST_STEP][PASSED] - page = getText(findTestObject(path)): Text of object 'Object Repository/Выполнение бизнес-плана/Значения со страницы Выполнение бизнес-плана/План Отпуск в сеть за отчётный период Ставропольэнерго' is: '5 326 387'

08-11-2024T08:25:34 - [MESSAGE][PASSED] - Text of object 'Object Repository/Выполнение бизнес-плана/Значения со страницы Выполнение бизнес-плана/План Отпуск в сеть за отчётный период Ставропольэнерго' is: '5 326 387'

08-11-2024T08:25:34 - [TEST_STEP][PASSED] - page = page.replaceAll("\s+", ""): null

08-11-2024T08:25:34 - [TEST_STEP][PASSED] - fileOtpuskVSet = otpusk.toInteger(): null

08-11-2024T08:25:34 - [TEST_STEP][PASSED] - pageOtpuskVSet = page.toInteger(): null

08-11-2024T08:25:34 - [TEST_STEP][PASSED] - typeOfData = typeOfDataMain + " Потери": null

08-11-2024T08:25:34 - [TEST_STEP][PASSED] - if (a == 82): null

08-11-2024T08:25:34 - [TEST_STEP][PASSED] - else if (a == 84): null

08-11-2024T08:25:34 - [TEST_STEP][PASSED] - else if (a == 52 || a == 72 || a == 28 || a == 73 || a == 77 || a == 74 || a == 65 || a == 36 || a == 44 || a == 53 || a == 80 || a == 54 || a == 1 || a == 18 || a == 59 || a == 81): null

08-11-2024T08:25:34 - [TEST_STEP][PASSED] - else: null

08-11-2024T08:25:34 - [TEST_STEP][PASSED] - path = dataFolder + typeOfData + " за отчётный период " + b: null

08-11-2024T08:25:34 - [TEST_STEP][PASSED] - page = getText(findTestObject(path)): Text of object 'Object Repository/Выполнение бизнес-плана/Значения со страницы Выполнение бизнес-плана/План Потери за отчётный период Ставропольэнерго' is: '459 277'

08-11-2024T08:25:34 - [MESSAGE][PASSED] - Text of object 'Object Repository/Выполнение бизнес-плана/Значения со страницы Выполнение бизнес-плана/План Потери за отчётный период Ставропольэнерго' is: '459 277'

08-11-2024T08:25:34 - [TEST_STEP][PASSED] - page = page.replaceAll("\s+", ""): null

08-11-2024T08:25:34 - [TEST_STEP][PASSED] - filePoteri = poteri.toInteger(): null

08-11-2024T08:25:34 - [TEST_STEP][PASSED] - pagePoteri = page.toInteger(): null

08-11-2024T08:25:34 - [TEST_STEP][PASSED] - compare = pageOtpuskVSet: null

08-11-2024T08:25:34 - [TEST_STEP][PASSED] - if (compare == fileOtpuskVSet): null

08-11-2024T08:25:34 - [TEST_STEP][PASSED] - else if (compare > fileOtpuskVSet): null

08-11-2024T08:25:34 - [TEST_STEP][PASSED] - else if (compare < fileOtpuskVSet): null

08-11-2024T08:25:34 - [TEST_STEP][PASSED] - compare = compare + 1: null

08-11-2024T08:25:34 - [TEST_STEP][PASSED] - if (compare == fileOtpuskVSet): null

08-11-2024T08:25:34 - [TEST_STEP][PASSED] - else: null

08-11-2024T08:25:34 - [TEST_STEP][PASSED] - numberOfErrors = numberOfErrors + 1: null

08-11-2024T08:25:34 - [TEST_STEP][PASSED] - pageInt = pageOtpuskVSet: null

08-11-2024T08:25:34 - [TEST_STEP][PASSED] - fileInt = fileOtpuskVSet: null

08-11-2024T08:25:34 - [TEST_STEP][PASSED] - typeOfData = typeOfDataMain + " Отпуск в сеть": null

08-11-2024T08:25:34 - [TEST_STEP][PASSED] - Script1718980020443.WriteToExcel(a, typeOfData, todaysDate, pageInt, fileInt, pageDouble, fileDouble, dZO): null

08-11-2024T08:25:34 - [TEST_STEP][PASSED] - sheetName = "Sheet1": null

08-11-2024T08:25:34 - [TEST_STEP][PASSED] - data = findTestData("PlanFact"): null

08-11-2024T08:25:34 - [TEST_STEP][PASSED] - n = data.getRowNumbers() + 1: null

08-11-2024T08:25:34 - [TEST_STEP][PASSED] - year = todaysDate.substring(todaysDate.length() - 4, todaysDate.length()): null

08-11-2024T08:25:34 - [TEST_STEP][PASSED] - y = year.toInteger(): null

08-11-2024T08:25:34 - [TEST_STEP][PASSED] - m = getText(findTestObject("Выполнение бизнес-плана/Период")): Text of object 'Object Repository/Выполнение бизнес-плана/Период' is: '1, 2, 3 кв. 2024 года'

08-11-2024T08:25:35 - [MESSAGE][PASSED] - Text of object 'Object Repository/Выполнение бизнес-плана/Период' is: '1, 2, 3 кв. 2024 года'

08-11-2024T08:25:35 - [TEST_STEP][PASSED] - m = m.substring(0, m.indexOf("2024")): null

08-11-2024T08:25:35 - [TEST_STEP][PASSED] - m = m.trim(): null

08-11-2024T08:25:35 - [TEST_STEP][PASSED] - dashboardName = "Выполнение бизнес-плана": null

08-11-2024T08:25:35 - [TEST_STEP][PASSED] - workbook01 = getWorkbook(excelFilePath): null

08-11-2024T08:25:35 - [TEST_STEP][PASSED] - sheet01 = getExcelSheet(workbook01, sheetName): null

08-11-2024T08:25:35 - [TEST_STEP][PASSED] - setValueToCellByIndex(sheet01, n, 0, dashboardName): null

08-11-2024T08:25:35 - [TEST_STEP][PASSED] - setValueToCellByIndex(sheet01, n, 1, dZO): null

08-11-2024T08:25:35 - [TEST_STEP][PASSED] - setValueToCellByIndex(sheet01, n, 2, typeOfData): null

08-11-2024T08:25:35 - [TEST_STEP][PASSED] - if (typeOfData == "Факт в процентах" || typeOfData == "План в процентах"): null

08-11-2024T08:25:35 - [TEST_STEP][PASSED] - else: null

08-11-2024T08:25:35 - [TEST_STEP][PASSED] - setValueToCellByIndex(sheet01, n, 3, fileInt): null

08-11-2024T08:25:35 - [TEST_STEP][PASSED] - setValueToCellByIndex(sheet01, n, 4, pageInt): null

08-11-2024T08:25:35 - [TEST_STEP][PASSED] - setValueToCellByIndex(sheet01, n, 5, m): null

08-11-2024T08:25:35 - [TEST_STEP][PASSED] - setValueToCellByIndex(sheet01, n, 6, y): null

08-11-2024T08:25:35 - [TEST_STEP][PASSED] - setValueToCellByIndex(sheet01, n, 7, todaysDate): null

08-11-2024T08:25:35 - [TEST_STEP][PASSED] - n = n + 1: null

08-11-2024T08:25:35 - [TEST_STEP][PASSED] - saveWorkbook(excelFilePath, workbook01): null

08-11-2024T08:25:35 - [TEST_STEP][PASSED] - compare = pagePoteri: null

08-11-2024T08:25:35 - [TEST_STEP][PASSED] - if (compare == filePoteri): null

08-11-2024T08:25:35 - [TEST_STEP][PASSED] - else if (compare > filePoteri): null

08-11-2024T08:25:35 - [TEST_STEP][PASSED] - else if (compare < filePoteri): null

08-11-2024T08:25:35 - [TEST_STEP][PASSED] - compare = compare + 1: null

08-11-2024T08:25:35 - [TEST_STEP][PASSED] - if (compare == filePoteri): null

08-11-2024T08:25:35 - [TEST_STEP][PASSED] - else: null

08-11-2024T08:25:35 - [TEST_STEP][PASSED] - numberOfErrors = numberOfErrors + 1: null

08-11-2024T08:25:35 - [TEST_STEP][PASSED] - pageInt = pagePoteri: null

08-11-2024T08:25:35 - [TEST_STEP][PASSED] - fileInt = filePoteri: null

08-11-2024T08:25:35 - [TEST_STEP][PASSED] - typeOfData = typeOfDataMain + " Потери": null

08-11-2024T08:25:35 - [TEST_STEP][PASSED] - Script1718980020443.WriteToExcel(a, typeOfData, todaysDate, pageInt, fileInt, pageDouble, fileDouble, dZO): null

08-11-2024T08:25:35 - [TEST_STEP][PASSED] - sheetName = "Sheet1": null

08-11-2024T08:25:35 - [TEST_STEP][PASSED] - data = findTestData("PlanFact"): null

08-11-2024T08:25:35 - [TEST_STEP][PASSED] - n = data.getRowNumbers() + 1: null

08-11-2024T08:25:35 - [TEST_STEP][PASSED] - year = todaysDate.substring(todaysDate.length() - 4, todaysDate.length()): null

08-11-2024T08:25:35 - [TEST_STEP][PASSED] - y = year.toInteger(): null

08-11-2024T08:25:35 - [TEST_STEP][PASSED] - m = getText(findTestObject("Выполнение бизнес-плана/Период")): Text of object 'Object Repository/Выполнение бизнес-плана/Период' is: '1, 2, 3 кв. 2024 года'

08-11-2024T08:25:35 - [MESSAGE][PASSED] - Text of object 'Object Repository/Выполнение бизнес-плана/Период' is: '1, 2, 3 кв. 2024 года'

08-11-2024T08:25:35 - [TEST_STEP][PASSED] - m = m.substring(0, m.indexOf("2024")): null

08-11-2024T08:25:35 - [TEST_STEP][PASSED] - m = m.trim(): null

08-11-2024T08:25:35 - [TEST_STEP][PASSED] - dashboardName = "Выполнение бизнес-плана": null

08-11-2024T08:25:35 - [TEST_STEP][PASSED] - workbook01 = getWorkbook(excelFilePath): null

08-11-2024T08:25:36 - [TEST_STEP][PASSED] - sheet01 = getExcelSheet(workbook01, sheetName): null

08-11-2024T08:25:36 - [TEST_STEP][PASSED] - setValueToCellByIndex(sheet01, n, 0, dashboardName): null

08-11-2024T08:25:36 - [TEST_STEP][PASSED] - setValueToCellByIndex(sheet01, n, 1, dZO): null

08-11-2024T08:25:36 - [TEST_STEP][PASSED] - setValueToCellByIndex(sheet01, n, 2, typeOfData): null

08-11-2024T08:25:36 - [TEST_STEP][PASSED] - if (typeOfData == "Факт в процентах" || typeOfData == "План в процентах"): null

08-11-2024T08:25:36 - [TEST_STEP][PASSED] - else: null

08-11-2024T08:25:36 - [TEST_STEP][PASSED] - setValueToCellByIndex(sheet01, n, 3, fileInt): null

08-11-2024T08:25:36 - [TEST_STEP][PASSED] - setValueToCellByIndex(sheet01, n, 4, pageInt): null

08-11-2024T08:25:36 - [TEST_STEP][PASSED] - setValueToCellByIndex(sheet01, n, 5, m): null

08-11-2024T08:25:36 - [TEST_STEP][PASSED] - setValueToCellByIndex(sheet01, n, 6, y): null

08-11-2024T08:25:36 - [TEST_STEP][PASSED] - setValueToCellByIndex(sheet01, n, 7, todaysDate): null

08-11-2024T08:25:36 - [TEST_STEP][PASSED] - n = n + 1: null

08-11-2024T08:25:36 - [TEST_STEP][PASSED] - saveWorkbook(excelFilePath, workbook01): Object: 'Object Repository/Выполнение бизнес-плана/Кнопка Факт' is clicked on

08-11-2024T08:25:36 - [TEST_STEP][PASSED] - if (planFact == 2): Object: 'Object Repository/Выполнение бизнес-плана/Кнопка Факт' is clicked on

08-11-2024T08:25:36 - [TEST_STEP][PASSED] - click(findTestObject("Выполнение бизнес-плана/Кнопка Факт")): Object: 'Object Repository/Выполнение бизнес-плана/Кнопка Факт' is clicked on

08-11-2024T08:25:36 - [MESSAGE][PASSED] - Object: 'Object Repository/Выполнение бизнес-плана/Кнопка Факт' is clicked on

08-11-2024T08:25:36 - [TEST_STEP][PASSED] - if (a == 84 || a == 82): null

08-11-2024T08:25:36 - [TEST_STEP][PASSED] - else if (a == 52 || a == 72 || a == 28 || a == 73 || a == 77 || a == 74 || a == 65 || a == 36 || a == 44 || a == 53 || a == 80 || a == 54 || a == 1 || a == 18 || a == 59 || a == 81): null

08-11-2024T08:25:36 - [TEST_STEP][PASSED] - else: null

08-11-2024T08:25:36 - [TEST_STEP][PASSED] - page1 = getText(findTestObject("Object Repository/Выполнение бизнес-плана/spanPlan" + filialNum)): Text of object 'Object Repository/Выполнение бизнес-плана/spanPlan6' is: '8.62
|'

08-11-2024T08:25:36 - [MESSAGE][PASSED] - Text of object 'Object Repository/Выполнение бизнес-плана/spanPlan6' is: '8.62
|'

08-11-2024T08:25:36 - [TEST_STEP][PASSED] - page1 = page1.replace("|", ""): null

08-11-2024T08:25:36 - [TEST_STEP][PASSED] - page2 = getText(findTestObject("Object Repository/Выполнение бизнес-плана/spanFact" + filialNum)): Text of object 'Object Repository/Выполнение бизнес-плана/spanFact6' is: '8.64
|'

08-11-2024T08:25:37 - [MESSAGE][PASSED] - Text of object 'Object Repository/Выполнение бизнес-плана/spanFact6' is: '8.64
|'

08-11-2024T08:25:37 - [TEST_STEP][PASSED] - page2 = page2.replace("|", ""): null

08-11-2024T08:25:37 - [TEST_STEP][PASSED] - println("page1: " + page1): null

08-11-2024T08:25:37 - [TEST_STEP][PASSED] - println("page2: " + page2): null

08-11-2024T08:25:37 - [TEST_STEP][PASSED] - file = findTestData("PlanFact").getValue(4, a): null

08-11-2024T08:25:37 - [TEST_STEP][PASSED] - file = file.replace(",", "."): null

08-11-2024T08:25:37 - [TEST_STEP][PASSED] - println("file Plan: " + file): null

08-11-2024T08:25:37 - [TEST_STEP][PASSED] - typeOfData = "План в процентах": null

08-11-2024T08:25:37 - [TEST_STEP][PASSED] - fileDouble = file.toDouble(): null

08-11-2024T08:25:37 - [TEST_STEP][PASSED] - pageDouble = page1.toDouble(): null

08-11-2024T08:25:37 - [TEST_STEP][PASSED] - if (fileDouble != pageDouble): null

08-11-2024T08:25:37 - [TEST_STEP][PASSED] - numberOfErrors = numberOfErrors + 1: null

08-11-2024T08:25:37 - [TEST_STEP][PASSED] - Script1718980020443.WriteToExcel(a, typeOfData, todaysDate, pageInt, fileInt, pageDouble, fileDouble, dZO): null

08-11-2024T08:25:37 - [TEST_STEP][PASSED] - sheetName = "Sheet1": null

08-11-2024T08:25:37 - [TEST_STEP][PASSED] - data = findTestData("PlanFact"): null

08-11-2024T08:25:37 - [TEST_STEP][PASSED] - n = data.getRowNumbers() + 1: null

08-11-2024T08:25:37 - [TEST_STEP][PASSED] - year = todaysDate.substring(todaysDate.length() - 4, todaysDate.length()): null

08-11-2024T08:25:37 - [TEST_STEP][PASSED] - y = year.toInteger(): null

08-11-2024T08:25:37 - [TEST_STEP][PASSED] - m = getText(findTestObject("Выполнение бизнес-плана/Период")): Text of object 'Object Repository/Выполнение бизнес-плана/Период' is: '1, 2, 3 кв. 2024 года'

08-11-2024T08:25:37 - [MESSAGE][PASSED] - Text of object 'Object Repository/Выполнение бизнес-плана/Период' is: '1, 2, 3 кв. 2024 года'

08-11-2024T08:25:37 - [TEST_STEP][PASSED] - m = m.substring(0, m.indexOf("2024")): null

08-11-2024T08:25:37 - [TEST_STEP][PASSED] - m = m.trim(): null

08-11-2024T08:25:37 - [TEST_STEP][PASSED] - dashboardName = "Выполнение бизнес-плана": null

08-11-2024T08:25:37 - [TEST_STEP][PASSED] - workbook01 = getWorkbook(excelFilePath): null

08-11-2024T08:25:37 - [TEST_STEP][PASSED] - sheet01 = getExcelSheet(workbook01, sheetName): null

08-11-2024T08:25:37 - [TEST_STEP][PASSED] - setValueToCellByIndex(sheet01, n, 0, dashboardName): null

08-11-2024T08:25:37 - [TEST_STEP][PASSED] - setValueToCellByIndex(sheet01, n, 1, dZO): null

08-11-2024T08:25:37 - [TEST_STEP][PASSED] - setValueToCellByIndex(sheet01, n, 2, typeOfData): null

08-11-2024T08:25:37 - [TEST_STEP][PASSED] - if (typeOfData == "Факт в процентах" || typeOfData == "План в процентах"): null

08-11-2024T08:25:37 - [TEST_STEP][PASSED] - setValueToCellByIndex(sheet01, n, 3, fileDouble): null

08-11-2024T08:25:37 - [TEST_STEP][PASSED] - setValueToCellByIndex(sheet01, n, 4, pageDouble): null

08-11-2024T08:25:37 - [TEST_STEP][PASSED] - setValueToCellByIndex(sheet01, n, 5, m): null

08-11-2024T08:25:37 - [TEST_STEP][PASSED] - setValueToCellByIndex(sheet01, n, 6, y): null

08-11-2024T08:25:37 - [TEST_STEP][PASSED] - setValueToCellByIndex(sheet01, n, 7, todaysDate): null

08-11-2024T08:25:37 - [TEST_STEP][PASSED] - n = n + 1: null

08-11-2024T08:25:37 - [TEST_STEP][PASSED] - saveWorkbook(excelFilePath, workbook01): null

08-11-2024T08:25:37 - [TEST_STEP][PASSED] - file = findTestData("PlanFact").getValue(7, a): null

08-11-2024T08:25:38 - [TEST_STEP][PASSED] - file = file.replace(",", "."): null

08-11-2024T08:25:38 - [TEST_STEP][PASSED] - println("file Fact: " + file): null

08-11-2024T08:25:38 - [TEST_STEP][PASSED] - fileDouble = file.toDouble(): null

08-11-2024T08:25:38 - [TEST_STEP][PASSED] - typeOfData = "Факт в процентах": null

08-11-2024T08:25:38 - [TEST_STEP][PASSED] - fileDouble = file.toDouble(): null

08-11-2024T08:25:38 - [TEST_STEP][PASSED] - pageDouble = page2.toDouble(): null

08-11-2024T08:25:38 - [TEST_STEP][PASSED] - if (fileDouble != pageDouble): null

08-11-2024T08:25:38 - [TEST_STEP][PASSED] - numberOfErrors = numberOfErrors + 1: null

08-11-2024T08:25:38 - [TEST_STEP][PASSED] - Script1718980020443.WriteToExcel(a, typeOfData, todaysDate, pageInt, fileInt, pageDouble, fileDouble, dZO): null

08-11-2024T08:25:38 - [TEST_STEP][PASSED] - sheetName = "Sheet1": null

08-11-2024T08:25:38 - [TEST_STEP][PASSED] - data = findTestData("PlanFact"): null

08-11-2024T08:25:38 - [TEST_STEP][PASSED] - n = data.getRowNumbers() + 1: null

08-11-2024T08:25:38 - [TEST_STEP][PASSED] - year = todaysDate.substring(todaysDate.length() - 4, todaysDate.length()): null

08-11-2024T08:25:38 - [TEST_STEP][PASSED] - y = year.toInteger(): null

08-11-2024T08:25:38 - [TEST_STEP][PASSED] - m = getText(findTestObject("Выполнение бизнес-плана/Период")): Text of object 'Object Repository/Выполнение бизнес-плана/Период' is: '1, 2, 3 кв. 2024 года'

08-11-2024T08:25:38 - [MESSAGE][PASSED] - Text of object 'Object Repository/Выполнение бизнес-плана/Период' is: '1, 2, 3 кв. 2024 года'

08-11-2024T08:25:38 - [TEST_STEP][PASSED] - m = m.substring(0, m.indexOf("2024")): null

08-11-2024T08:25:38 - [TEST_STEP][PASSED] - m = m.trim(): null

08-11-2024T08:25:38 - [TEST_STEP][PASSED] - dashboardName = "Выполнение бизнес-плана": null

08-11-2024T08:25:38 - [TEST_STEP][PASSED] - workbook01 = getWorkbook(excelFilePath): null

08-11-2024T08:25:38 - [TEST_STEP][PASSED] - sheet01 = getExcelSheet(workbook01, sheetName): null

08-11-2024T08:25:38 - [TEST_STEP][PASSED] - setValueToCellByIndex(sheet01, n, 0, dashboardName): null

08-11-2024T08:25:38 - [TEST_STEP][PASSED] - setValueToCellByIndex(sheet01, n, 1, dZO): null

08-11-2024T08:25:38 - [TEST_STEP][PASSED] - setValueToCellByIndex(sheet01, n, 2, typeOfData): null

08-11-2024T08:25:38 - [TEST_STEP][PASSED] - if (typeOfData == "Факт в процентах" || typeOfData == "План в процентах"): null

08-11-2024T08:25:38 - [TEST_STEP][PASSED] - setValueToCellByIndex(sheet01, n, 3, fileDouble): null

08-11-2024T08:25:38 - [TEST_STEP][PASSED] - setValueToCellByIndex(sheet01, n, 4, pageDouble): null

08-11-2024T08:25:38 - [TEST_STEP][PASSED] - setValueToCellByIndex(sheet01, n, 5, m): null

08-11-2024T08:25:38 - [TEST_STEP][PASSED] - setValueToCellByIndex(sheet01, n, 6, y): null

08-11-2024T08:25:38 - [TEST_STEP][PASSED] - setValueToCellByIndex(sheet01, n, 7, todaysDate): null

08-11-2024T08:25:38 - [TEST_STEP][PASSED] - n = n + 1: null

08-11-2024T08:25:38 - [TEST_STEP][PASSED] - saveWorkbook(excelFilePath, workbook01): null

08-11-2024T08:25:38 - [TEST_STEP][FAILED] - if (verifyEqual(numberOfErrors, 0) == false): null

08-11-2024T08:25:38 - [MESSAGE][FAILED] - Unable to verify equal between actual object '6' and expected object '0' (Root cause: com.kms.katalon.core.exception.StepFailedException: Actual object '6' and expected object '0' are not equal
	at com.kms.katalon.core.keyword.builtin.VerifyEqualKeyword$_verifyEqual_closure1.doCall(VerifyEqualKeyword.groovy:58)
	at com.kms.katalon.core.keyword.builtin.VerifyEqualKeyword$_verifyEqual_closure1.call(VerifyEqualKeyword.groovy)
	at com.kms.katalon.core.keyword.internal.KeywordMain.runKeyword(KeywordMain.groovy:75)
	at com.kms.katalon.core.keyword.builtin.VerifyEqualKeyword.verifyEqual(VerifyEqualKeyword.groovy:63)
	at com.kms.katalon.core.keyword.builtin.VerifyEqualKeyword.execute(VerifyEqualKeyword.groovy:44)
	at com.kms.katalon.core.keyword.internal.KeywordExecutor.executeKeywordForPlatform(KeywordExecutor.groovy:74)
	at com.kms.katalon.core.keyword.BuiltinKeywords.verifyEqual(BuiltinKeywords.groovy:146)
	at java.base/jdk.internal.reflect.NativeMethodAccessorImpl.invoke0(Native Method)
	at java.base/jdk.internal.reflect.NativeMethodAccessorImpl.invoke(NativeMethodAccessorImpl.java:77)
	at java.base/jdk.internal.reflect.DelegatingMethodAccessorImpl.invoke(DelegatingMethodAccessorImpl.java:43)
	at Выполнение бизнес-плана Сверка ПАО Россети все филиалы.Numbers(Выполнение бизнес-плана Сверка ПАО Россети все филиалы:740)
	at Выполнение бизнес-плана Сверка ПАО Россети все филиалы.Filials(Выполнение бизнес-плана Сверка ПАО Россети все филиалы:1135)
	at Выполнение бизнес-плана Сверка ПАО Россети все филиалы.Numbers(Выполнение бизнес-плана Сверка ПАО Россети все филиалы:745)
	at Выполнение бизнес-плана Сверка ПАО Россети все филиалы.run(Выполнение бизнес-плана Сверка ПАО Россети все филиалы:304)
	at com.kms.katalon.core.main.ScriptEngine.run(ScriptEngine.java:194)
	at com.kms.katalon.core.main.ScriptEngine.runScriptAsRawText(ScriptEngine.java:119)
	at com.kms.katalon.core.main.TestCaseExecutor.runScript(TestCaseExecutor.java:448)
	at com.kms.katalon.core.main.TestCaseExecutor.doExecute(TestCaseExecutor.java:439)
	at com.kms.katalon.core.main.TestCaseExecutor.processExecutionPhase(TestCaseExecutor.java:418)
	at com.kms.katalon.core.main.TestCaseExecutor.accessMainPhase(TestCaseExecutor.java:410)
	at com.kms.katalon.core.main.TestCaseExecutor.execute(TestCaseExecutor.java:285)
	at com.kms.katalon.core.common.CommonExecutor.accessTestCaseMainPhase(CommonExecutor.java:65)
	at com.kms.katalon.core.main.TestSuiteExecutor.accessTestSuiteMainPhase(TestSuiteExecutor.java:150)
	at com.kms.katalon.core.main.TestSuiteExecutor.execute(TestSuiteExecutor.java:106)
	at com.kms.katalon.core.main.TestCaseMain.startTestSuite(TestCaseMain.java:180)
	at TempTestSuite1731039737176.run(TempTestSuite1731039737176.groovy:35)
	at java.base/jdk.internal.reflect.NativeMethodAccessorImpl.invoke0(Native Method)
	at java.base/jdk.internal.reflect.NativeMethodAccessorImpl.invoke(NativeMethodAccessorImpl.java:77)
	at java.base/jdk.internal.reflect.DelegatingMethodAccessorImpl.invoke(DelegatingMethodAccessorImpl.java:43)
)

08-11-2024T08:25:38 - [TEST_STEP][PASSED] - println(numberOfErrors): null

08-11-2024T08:25:38 - [TEST_STEP][PASSED] - if (a == 28 || a == 77 || a == 74 || a == 65 || a == 36 || a == 44 || a == 54 || a == 1 || a == 18 || a == 59): null

08-11-2024T08:25:38 - [TEST_STEP][PASSED] - if (a == 82): null

08-11-2024T08:25:38 - [TEST_STEP][PASSED] - filialNum = 0: null

08-11-2024T08:25:38 - [TEST_STEP][PASSED] - if (a == 1): null

08-11-2024T08:25:38 - [TEST_STEP][PASSED] - if (a == 18): null

08-11-2024T08:25:38 - [TEST_STEP][PASSED] - if (a == 36): null

08-11-2024T08:25:38 - [TEST_STEP][PASSED] - if (a == 44): null

08-11-2024T08:25:38 - [TEST_STEP][PASSED] - if (a == 54): null

08-11-2024T08:25:38 - [TEST_STEP][PASSED] - if (a == 59): null

08-11-2024T08:25:38 - [TEST_STEP][PASSED] - Script1718980020443.OpenFilter(): null

08-11-2024T08:25:38 - [TEST_STEP][PASSED] - click(findTestObject("Object Repository/Выполнение бизнес-плана/Фильтр ДЗО")): Object: 'Object Repository/Выполнение бизнес-плана/Фильтр ДЗО' is clicked on

08-11-2024T08:25:39 - [MESSAGE][PASSED] - Object: 'Object Repository/Выполнение бизнес-плана/Фильтр ДЗО' is clicked on

08-11-2024T08:25:39 - [TEST_STEP][PASSED] - click(findTestObject("Выполнение бизнес-плана/Снять выделение в фильтре ДЗО")): Object: 'Object Repository/Выполнение бизнес-плана/Снять выделение в фильтре ДЗО' is clicked on

08-11-2024T08:25:39 - [MESSAGE][PASSED] - Object: 'Object Repository/Выполнение бизнес-плана/Снять выделение в фильтре ДЗО' is clicked on

08-11-2024T08:25:39 - [TEST_STEP][PASSED] - Script1718980020443.CloseFilter(): null

08-11-2024T08:25:39 - [TEST_STEP][PASSED] - scrollToElement(findTestObject("Выполнение бизнес-плана/Заголовок дашборда"), 30): Scroll to object 'Object Repository/Выполнение бизнес-плана/Заголовок дашборда' successfully

08-11-2024T08:25:39 - [MESSAGE][PASSED] - Scroll to object 'Object Repository/Выполнение бизнес-плана/Заголовок дашборда' successfully

08-11-2024T08:25:39 - [TEST_STEP][PASSED] - click(findTestObject("Object Repository/Выполнение бизнес-плана/Применить в фильтре ДЗО")): Object: 'Object Repository/Выполнение бизнес-плана/Применить в фильтре ДЗО' is clicked on

08-11-2024T08:25:40 - [MESSAGE][PASSED] - Object: 'Object Repository/Выполнение бизнес-плана/Применить в фильтре ДЗО' is clicked on

08-11-2024T08:25:40 - [TEST_STEP][PASSED] - if (a == 82): null

08-11-2024T08:25:40 - [TEST_STEP][PASSED] - println(dzoNum): null

08-11-2024T08:25:40 - [TEST_STEP][PASSED] - dZO = "Россети Северо-Запад": null

08-11-2024T08:25:40 - [TEST_STEP][PASSED] - a = 36: null

08-11-2024T08:25:40 - [TEST_STEP][PASSED] - if (x1.contains(dZO)): null

08-11-2024T08:25:40 - [TEST_STEP][PASSED] - else: null

08-11-2024T08:25:40 - [TEST_STEP][PASSED] - Script1718980020443.NoData(a, typeOfData, todaysDate, fileInt, fileDouble, dZO): null

08-11-2024T08:25:40 - [TEST_STEP][PASSED] - println(a): null

08-11-2024T08:25:40 - [TEST_STEP][PASSED] - println(todaysDate): null

08-11-2024T08:25:40 - [TEST_STEP][PASSED] - println(fileInt): null

08-11-2024T08:25:40 - [TEST_STEP][PASSED] - println(fileDouble): null

08-11-2024T08:25:40 - [TEST_STEP][PASSED] - println(dZO): null

08-11-2024T08:25:40 - [TEST_STEP][PASSED] - typeOfData = "Факт Отпуск в сеть": null

08-11-2024T08:25:40 - [TEST_STEP][PASSED] - fileInt = replaceAll("\s+", "").toInteger(): null

08-11-2024T08:25:40 - [TEST_STEP][PASSED] - Script1718980020443.WriteToExcelNoData(a, typeOfData, todaysDate, fileInt, fileDouble, dZO): null

08-11-2024T08:25:40 - [TEST_STEP][PASSED] - sheetName = "Sheet1": null

08-11-2024T08:25:40 - [TEST_STEP][PASSED] - data = findTestData("PlanFact"): null

08-11-2024T08:25:40 - [TEST_STEP][PASSED] - n = data.getRowNumbers() + 1: null

08-11-2024T08:25:40 - [TEST_STEP][PASSED] - year = todaysDate.substring(todaysDate.length() - 4, todaysDate.length()): null

08-11-2024T08:25:40 - [TEST_STEP][PASSED] - y = year.toInteger(): null

08-11-2024T08:25:40 - [TEST_STEP][PASSED] - m = getText(findTestObject("Выполнение бизнес-плана/Период")): Text of object 'Object Repository/Выполнение бизнес-плана/Период' is: '1, 2, 3 кв. 2024 года'

08-11-2024T08:26:01 - [MESSAGE][PASSED] - Text of object 'Object Repository/Выполнение бизнес-плана/Период' is: '1, 2, 3 кв. 2024 года'

08-11-2024T08:26:01 - [TEST_STEP][PASSED] - m = m.substring(0, m.indexOf("2024")): null

08-11-2024T08:26:01 - [TEST_STEP][PASSED] - m = m.trim(): null

08-11-2024T08:26:01 - [TEST_STEP][PASSED] - dashboardName = "Выполнение бизнес-плана": null

08-11-2024T08:26:01 - [TEST_STEP][PASSED] - workbook01 = getWorkbook(excelFilePath): null

08-11-2024T08:26:01 - [TEST_STEP][PASSED] - sheet01 = getExcelSheet(workbook01, sheetName): null

08-11-2024T08:26:01 - [TEST_STEP][PASSED] - setValueToCellByIndex(sheet01, n, 0, dashboardName): null

08-11-2024T08:26:01 - [TEST_STEP][PASSED] - setValueToCellByIndex(sheet01, n, 1, dZO): null

08-11-2024T08:26:01 - [TEST_STEP][PASSED] - setValueToCellByIndex(sheet01, n, 2, typeOfData): null

08-11-2024T08:26:01 - [TEST_STEP][PASSED] - if (typeOfData == "Факт в процентах" || typeOfData == "План в процентах"): null

08-11-2024T08:26:01 - [TEST_STEP][PASSED] - else: null

08-11-2024T08:26:01 - [TEST_STEP][PASSED] - setValueToCellByIndex(sheet01, n, 3, fileInt): null

08-11-2024T08:26:01 - [TEST_STEP][PASSED] - setValueToCellByIndex(sheet01, n, 4, "нет данных"): null

08-11-2024T08:26:01 - [TEST_STEP][PASSED] - setValueToCellByIndex(sheet01, n, 5, m): null

08-11-2024T08:26:01 - [TEST_STEP][PASSED] - setValueToCellByIndex(sheet01, n, 6, y): null

08-11-2024T08:26:01 - [TEST_STEP][PASSED] - setValueToCellByIndex(sheet01, n, 7, todaysDate): null

08-11-2024T08:26:01 - [TEST_STEP][PASSED] - n = n + 1: null

08-11-2024T08:26:01 - [TEST_STEP][PASSED] - saveWorkbook(excelFilePath, workbook01): null

08-11-2024T08:26:01 - [TEST_STEP][PASSED] - typeOfData = "Факт Потери": null

08-11-2024T08:26:01 - [TEST_STEP][PASSED] - fileInt = replaceAll("\s+", "").toInteger(): null

08-11-2024T08:26:01 - [TEST_STEP][PASSED] - Script1718980020443.WriteToExcelNoData(a, typeOfData, todaysDate, fileInt, fileDouble, dZO): null

08-11-2024T08:26:01 - [TEST_STEP][PASSED] - sheetName = "Sheet1": null

08-11-2024T08:26:01 - [TEST_STEP][PASSED] - data = findTestData("PlanFact"): null

08-11-2024T08:26:01 - [TEST_STEP][PASSED] - n = data.getRowNumbers() + 1: null

08-11-2024T08:26:01 - [TEST_STEP][PASSED] - year = todaysDate.substring(todaysDate.length() - 4, todaysDate.length()): null

08-11-2024T08:26:01 - [TEST_STEP][PASSED] - y = year.toInteger(): null

08-11-2024T08:26:01 - [TEST_STEP][PASSED] - m = getText(findTestObject("Выполнение бизнес-плана/Период")): Text of object 'Object Repository/Выполнение бизнес-плана/Период' is: '1, 2, 3 кв. 2024 года'

08-11-2024T08:26:01 - [MESSAGE][PASSED] - Text of object 'Object Repository/Выполнение бизнес-плана/Период' is: '1, 2, 3 кв. 2024 года'

08-11-2024T08:26:01 - [TEST_STEP][PASSED] - m = m.substring(0, m.indexOf("2024")): null

08-11-2024T08:26:01 - [TEST_STEP][PASSED] - m = m.trim(): null

08-11-2024T08:26:01 - [TEST_STEP][PASSED] - dashboardName = "Выполнение бизнес-плана": null

08-11-2024T08:26:01 - [TEST_STEP][PASSED] - workbook01 = getWorkbook(excelFilePath): null

08-11-2024T08:26:01 - [TEST_STEP][PASSED] - sheet01 = getExcelSheet(workbook01, sheetName): null

08-11-2024T08:26:01 - [TEST_STEP][PASSED] - setValueToCellByIndex(sheet01, n, 0, dashboardName): null

08-11-2024T08:26:01 - [TEST_STEP][PASSED] - setValueToCellByIndex(sheet01, n, 1, dZO): null

08-11-2024T08:26:01 - [TEST_STEP][PASSED] - setValueToCellByIndex(sheet01, n, 2, typeOfData): null

08-11-2024T08:26:01 - [TEST_STEP][PASSED] - if (typeOfData == "Факт в процентах" || typeOfData == "План в процентах"): null

08-11-2024T08:26:01 - [TEST_STEP][PASSED] - else: null

08-11-2024T08:26:01 - [TEST_STEP][PASSED] - setValueToCellByIndex(sheet01, n, 3, fileInt): null

08-11-2024T08:26:01 - [TEST_STEP][PASSED] - setValueToCellByIndex(sheet01, n, 4, "нет данных"): null

08-11-2024T08:26:01 - [TEST_STEP][PASSED] - setValueToCellByIndex(sheet01, n, 5, m): null

08-11-2024T08:26:01 - [TEST_STEP][PASSED] - setValueToCellByIndex(sheet01, n, 6, y): null

08-11-2024T08:26:01 - [TEST_STEP][PASSED] - setValueToCellByIndex(sheet01, n, 7, todaysDate): null

08-11-2024T08:26:01 - [TEST_STEP][PASSED] - n = n + 1: null

08-11-2024T08:26:01 - [TEST_STEP][PASSED] - saveWorkbook(excelFilePath, workbook01): null

08-11-2024T08:26:01 - [TEST_STEP][PASSED] - typeOfData = "План Отпуск в сеть": null

08-11-2024T08:26:01 - [TEST_STEP][PASSED] - fileInt = replaceAll("\s+", "").toInteger(): null

08-11-2024T08:26:01 - [TEST_STEP][PASSED] - Script1718980020443.WriteToExcelNoData(a, typeOfData, todaysDate, fileInt, fileDouble, dZO): null

08-11-2024T08:26:01 - [TEST_STEP][PASSED] - sheetName = "Sheet1": null

08-11-2024T08:26:01 - [TEST_STEP][PASSED] - data = findTestData("PlanFact"): null

08-11-2024T08:26:02 - [TEST_STEP][PASSED] - n = data.getRowNumbers() + 1: null

08-11-2024T08:26:02 - [TEST_STEP][PASSED] - year = todaysDate.substring(todaysDate.length() - 4, todaysDate.length()): null

08-11-2024T08:26:02 - [TEST_STEP][PASSED] - y = year.toInteger(): null

08-11-2024T08:26:02 - [TEST_STEP][PASSED] - m = getText(findTestObject("Выполнение бизнес-плана/Период")): Text of object 'Object Repository/Выполнение бизнес-плана/Период' is: '1, 2, 3 кв. 2024 года'

08-11-2024T08:26:02 - [MESSAGE][PASSED] - Text of object 'Object Repository/Выполнение бизнес-плана/Период' is: '1, 2, 3 кв. 2024 года'

08-11-2024T08:26:02 - [TEST_STEP][PASSED] - m = m.substring(0, m.indexOf("2024")): null

08-11-2024T08:26:02 - [TEST_STEP][PASSED] - m = m.trim(): null

08-11-2024T08:26:02 - [TEST_STEP][PASSED] - dashboardName = "Выполнение бизнес-плана": null

08-11-2024T08:26:02 - [TEST_STEP][PASSED] - workbook01 = getWorkbook(excelFilePath): null

08-11-2024T08:26:02 - [TEST_STEP][PASSED] - sheet01 = getExcelSheet(workbook01, sheetName): null

08-11-2024T08:26:02 - [TEST_STEP][PASSED] - setValueToCellByIndex(sheet01, n, 0, dashboardName): null

08-11-2024T08:26:02 - [TEST_STEP][PASSED] - setValueToCellByIndex(sheet01, n, 1, dZO): null

08-11-2024T08:26:02 - [TEST_STEP][PASSED] - setValueToCellByIndex(sheet01, n, 2, typeOfData): null

08-11-2024T08:26:02 - [TEST_STEP][PASSED] - if (typeOfData == "Факт в процентах" || typeOfData == "План в процентах"): null

08-11-2024T08:26:02 - [TEST_STEP][PASSED] - else: null

08-11-2024T08:26:02 - [TEST_STEP][PASSED] - setValueToCellByIndex(sheet01, n, 3, fileInt): null

08-11-2024T08:26:02 - [TEST_STEP][PASSED] - setValueToCellByIndex(sheet01, n, 4, "нет данных"): null

08-11-2024T08:26:02 - [TEST_STEP][PASSED] - setValueToCellByIndex(sheet01, n, 5, m): null

08-11-2024T08:26:02 - [TEST_STEP][PASSED] - setValueToCellByIndex(sheet01, n, 6, y): null

08-11-2024T08:26:02 - [TEST_STEP][PASSED] - setValueToCellByIndex(sheet01, n, 7, todaysDate): null

08-11-2024T08:26:02 - [TEST_STEP][PASSED] - n = n + 1: null

08-11-2024T08:26:02 - [TEST_STEP][PASSED] - saveWorkbook(excelFilePath, workbook01): null

08-11-2024T08:26:02 - [TEST_STEP][PASSED] - typeOfData = "План Потери": null

08-11-2024T08:26:02 - [TEST_STEP][PASSED] - fileInt = replaceAll("\s+", "").toInteger(): null

08-11-2024T08:26:02 - [TEST_STEP][PASSED] - Script1718980020443.WriteToExcelNoData(a, typeOfData, todaysDate, fileInt, fileDouble, dZO): null

08-11-2024T08:26:02 - [TEST_STEP][PASSED] - sheetName = "Sheet1": null

08-11-2024T08:26:02 - [TEST_STEP][PASSED] - data = findTestData("PlanFact"): null

08-11-2024T08:26:02 - [TEST_STEP][PASSED] - n = data.getRowNumbers() + 1: null

08-11-2024T08:26:02 - [TEST_STEP][PASSED] - year = todaysDate.substring(todaysDate.length() - 4, todaysDate.length()): null

08-11-2024T08:26:02 - [TEST_STEP][PASSED] - y = year.toInteger(): null

08-11-2024T08:26:02 - [TEST_STEP][PASSED] - m = getText(findTestObject("Выполнение бизнес-плана/Период")): Text of object 'Object Repository/Выполнение бизнес-плана/Период' is: '1, 2, 3 кв. 2024 года'

08-11-2024T08:26:02 - [MESSAGE][PASSED] - Text of object 'Object Repository/Выполнение бизнес-плана/Период' is: '1, 2, 3 кв. 2024 года'

08-11-2024T08:26:02 - [TEST_STEP][PASSED] - m = m.substring(0, m.indexOf("2024")): null

08-11-2024T08:26:02 - [TEST_STEP][PASSED] - m = m.trim(): null

08-11-2024T08:26:02 - [TEST_STEP][PASSED] - dashboardName = "Выполнение бизнес-плана": null

08-11-2024T08:26:02 - [TEST_STEP][PASSED] - workbook01 = getWorkbook(excelFilePath): null

08-11-2024T08:26:03 - [TEST_STEP][PASSED] - sheet01 = getExcelSheet(workbook01, sheetName): null

08-11-2024T08:26:03 - [TEST_STEP][PASSED] - setValueToCellByIndex(sheet01, n, 0, dashboardName): null

08-11-2024T08:26:03 - [TEST_STEP][PASSED] - setValueToCellByIndex(sheet01, n, 1, dZO): null

08-11-2024T08:26:03 - [TEST_STEP][PASSED] - setValueToCellByIndex(sheet01, n, 2, typeOfData): null

08-11-2024T08:26:03 - [TEST_STEP][PASSED] - if (typeOfData == "Факт в процентах" || typeOfData == "План в процентах"): null

08-11-2024T08:26:03 - [TEST_STEP][PASSED] - else: null

08-11-2024T08:26:03 - [TEST_STEP][PASSED] - setValueToCellByIndex(sheet01, n, 3, fileInt): null

08-11-2024T08:26:03 - [TEST_STEP][PASSED] - setValueToCellByIndex(sheet01, n, 4, "нет данных"): null

08-11-2024T08:26:03 - [TEST_STEP][PASSED] - setValueToCellByIndex(sheet01, n, 5, m): null

08-11-2024T08:26:03 - [TEST_STEP][PASSED] - setValueToCellByIndex(sheet01, n, 6, y): null

08-11-2024T08:26:03 - [TEST_STEP][PASSED] - setValueToCellByIndex(sheet01, n, 7, todaysDate): null

08-11-2024T08:26:03 - [TEST_STEP][PASSED] - n = n + 1: null

08-11-2024T08:26:03 - [TEST_STEP][PASSED] - saveWorkbook(excelFilePath, workbook01): null

08-11-2024T08:26:03 - [TEST_STEP][PASSED] - typeOfData = "План в процентах": null

08-11-2024T08:26:03 - [TEST_STEP][PASSED] - fileDouble = ").toDouble(): null

08-11-2024T08:26:03 - [TEST_STEP][PASSED] - Script1718980020443.WriteToExcelNoData(a, typeOfData, todaysDate, fileInt, fileDouble, dZO): null

08-11-2024T08:26:03 - [TEST_STEP][PASSED] - sheetName = "Sheet1": null

08-11-2024T08:26:03 - [TEST_STEP][PASSED] - data = findTestData("PlanFact"): null

08-11-2024T08:26:03 - [TEST_STEP][PASSED] - n = data.getRowNumbers() + 1: null

08-11-2024T08:26:03 - [TEST_STEP][PASSED] - year = todaysDate.substring(todaysDate.length() - 4, todaysDate.length()): null

08-11-2024T08:26:03 - [TEST_STEP][PASSED] - y = year.toInteger(): null

08-11-2024T08:26:03 - [TEST_STEP][PASSED] - m = getText(findTestObject("Выполнение бизнес-плана/Период")): Text of object 'Object Repository/Выполнение бизнес-плана/Период' is: '1, 2, 3 кв. 2024 года'

08-11-2024T08:26:03 - [MESSAGE][PASSED] - Text of object 'Object Repository/Выполнение бизнес-плана/Период' is: '1, 2, 3 кв. 2024 года'

08-11-2024T08:26:03 - [TEST_STEP][PASSED] - m = m.substring(0, m.indexOf("2024")): null

08-11-2024T08:26:03 - [TEST_STEP][PASSED] - m = m.trim(): null

08-11-2024T08:26:03 - [TEST_STEP][PASSED] - dashboardName = "Выполнение бизнес-плана": null

08-11-2024T08:26:03 - [TEST_STEP][PASSED] - workbook01 = getWorkbook(excelFilePath): null

08-11-2024T08:26:03 - [TEST_STEP][PASSED] - sheet01 = getExcelSheet(workbook01, sheetName): null

08-11-2024T08:26:03 - [TEST_STEP][PASSED] - setValueToCellByIndex(sheet01, n, 0, dashboardName): null

08-11-2024T08:26:03 - [TEST_STEP][PASSED] - setValueToCellByIndex(sheet01, n, 1, dZO): null

08-11-2024T08:26:03 - [TEST_STEP][PASSED] - setValueToCellByIndex(sheet01, n, 2, typeOfData): null

08-11-2024T08:26:03 - [TEST_STEP][PASSED] - if (typeOfData == "Факт в процентах" || typeOfData == "План в процентах"): null

08-11-2024T08:26:03 - [TEST_STEP][PASSED] - setValueToCellByIndex(sheet01, n, 3, fileDouble): null

08-11-2024T08:26:03 - [TEST_STEP][PASSED] - setValueToCellByIndex(sheet01, n, 4, "нет данных"): null

08-11-2024T08:26:03 - [TEST_STEP][PASSED] - setValueToCellByIndex(sheet01, n, 5, m): null

08-11-2024T08:26:03 - [TEST_STEP][PASSED] - setValueToCellByIndex(sheet01, n, 6, y): null

08-11-2024T08:26:03 - [TEST_STEP][PASSED] - setValueToCellByIndex(sheet01, n, 7, todaysDate): null

08-11-2024T08:26:03 - [TEST_STEP][PASSED] - n = n + 1: null

08-11-2024T08:26:03 - [TEST_STEP][PASSED] - saveWorkbook(excelFilePath, workbook01): null

08-11-2024T08:26:03 - [TEST_STEP][PASSED] - typeOfData = "Факт в процентах": null

08-11-2024T08:26:03 - [TEST_STEP][PASSED] - fileDouble = ").toDouble(): null

08-11-2024T08:26:03 - [TEST_STEP][PASSED] - Script1718980020443.WriteToExcelNoData(a, typeOfData, todaysDate, fileInt, fileDouble, dZO): null

08-11-2024T08:26:03 - [TEST_STEP][PASSED] - sheetName = "Sheet1": null

08-11-2024T08:26:03 - [TEST_STEP][PASSED] - data = findTestData("PlanFact"): null

08-11-2024T08:26:04 - [TEST_STEP][PASSED] - n = data.getRowNumbers() + 1: null

08-11-2024T08:26:04 - [TEST_STEP][PASSED] - year = todaysDate.substring(todaysDate.length() - 4, todaysDate.length()): null

08-11-2024T08:26:04 - [TEST_STEP][PASSED] - y = year.toInteger(): null

08-11-2024T08:26:04 - [TEST_STEP][PASSED] - m = getText(findTestObject("Выполнение бизнес-плана/Период")): Text of object 'Object Repository/Выполнение бизнес-плана/Период' is: '1, 2, 3 кв. 2024 года'

08-11-2024T08:26:04 - [MESSAGE][PASSED] - Text of object 'Object Repository/Выполнение бизнес-плана/Период' is: '1, 2, 3 кв. 2024 года'

08-11-2024T08:26:04 - [TEST_STEP][PASSED] - m = m.substring(0, m.indexOf("2024")): null

08-11-2024T08:26:04 - [TEST_STEP][PASSED] - m = m.trim(): null

08-11-2024T08:26:04 - [TEST_STEP][PASSED] - dashboardName = "Выполнение бизнес-плана": null

08-11-2024T08:26:04 - [TEST_STEP][PASSED] - workbook01 = getWorkbook(excelFilePath): null

08-11-2024T08:26:04 - [TEST_STEP][PASSED] - sheet01 = getExcelSheet(workbook01, sheetName): null

08-11-2024T08:26:04 - [TEST_STEP][PASSED] - setValueToCellByIndex(sheet01, n, 0, dashboardName): null

08-11-2024T08:26:04 - [TEST_STEP][PASSED] - setValueToCellByIndex(sheet01, n, 1, dZO): null

08-11-2024T08:26:04 - [TEST_STEP][PASSED] - setValueToCellByIndex(sheet01, n, 2, typeOfData): null

08-11-2024T08:26:04 - [TEST_STEP][PASSED] - if (typeOfData == "Факт в процентах" || typeOfData == "План в процентах"): null

08-11-2024T08:26:04 - [TEST_STEP][PASSED] - setValueToCellByIndex(sheet01, n, 3, fileDouble): null

08-11-2024T08:26:04 - [TEST_STEP][PASSED] - setValueToCellByIndex(sheet01, n, 4, "нет данных"): null

08-11-2024T08:26:04 - [TEST_STEP][PASSED] - setValueToCellByIndex(sheet01, n, 5, m): null

08-11-2024T08:26:04 - [TEST_STEP][PASSED] - setValueToCellByIndex(sheet01, n, 6, y): null

08-11-2024T08:26:04 - [TEST_STEP][PASSED] - setValueToCellByIndex(sheet01, n, 7, todaysDate): null

08-11-2024T08:26:04 - [TEST_STEP][PASSED] - n = n + 1: null

08-11-2024T08:26:04 - [TEST_STEP][PASSED] - saveWorkbook(excelFilePath, workbook01): null

08-11-2024T08:26:04 - [TEST_STEP][PASSED] - println(dzoNum): null

08-11-2024T08:26:04 - [TEST_STEP][PASSED] - dZO = "Россети Сибирь": null

08-11-2024T08:26:04 - [TEST_STEP][PASSED] - a = 44: null

08-11-2024T08:26:04 - [TEST_STEP][PASSED] - if (x1.contains(dZO)): null

08-11-2024T08:26:04 - [TEST_STEP][PASSED] - dzoNum = dzoNum + 1: null

08-11-2024T08:26:04 - [TEST_STEP][PASSED] - Script1718980020443.Numbers(a, typeOfData, todaysDate, pageInt, fileInt, pageDouble, fileDouble, dZO, dzoNum, filialNum): null

08-11-2024T08:26:04 - [TEST_STEP][PASSED] - println(dzoNum): null

08-11-2024T08:26:04 - [TEST_STEP][PASSED] - planFact = <not implemented yet for class: org.codehaus.groovy.ast.expr.EmptyExpression>: null

08-11-2024T08:26:04 - [TEST_STEP][PASSED] - page = <not implemented yet for class: org.codehaus.groovy.ast.expr.EmptyExpression>: null

08-11-2024T08:26:04 - [TEST_STEP][PASSED] - page1 = <not implemented yet for class: org.codehaus.groovy.ast.expr.EmptyExpression>: null

08-11-2024T08:26:04 - [TEST_STEP][PASSED] - page2 = <not implemented yet for class: org.codehaus.groovy.ast.expr.EmptyExpression>: null

08-11-2024T08:26:04 - [TEST_STEP][PASSED] - filialNumberInRow = <not implemented yet for class: org.codehaus.groovy.ast.expr.EmptyExpression>: null

08-11-2024T08:26:04 - [TEST_STEP][PASSED] - filialsDzoNames = <not implemented yet for class: org.codehaus.groovy.ast.expr.EmptyExpression>: null

08-11-2024T08:26:04 - [TEST_STEP][PASSED] - numberOfFilials = <not implemented yet for class: org.codehaus.groovy.ast.expr.EmptyExpression>: null

08-11-2024T08:26:04 - [TEST_STEP][PASSED] - numberOfSpaces = <not implemented yet for class: org.codehaus.groovy.ast.expr.EmptyExpression>: null

08-11-2024T08:26:04 - [TEST_STEP][PASSED] - file = <not implemented yet for class: org.codehaus.groovy.ast.expr.EmptyExpression>: null

08-11-2024T08:26:04 - [TEST_STEP][PASSED] - otpusk = <not implemented yet for class: org.codehaus.groovy.ast.expr.EmptyExpression>: null

08-11-2024T08:26:04 - [TEST_STEP][PASSED] - poteri = <not implemented yet for class: org.codehaus.groovy.ast.expr.EmptyExpression>: null

08-11-2024T08:26:04 - [TEST_STEP][PASSED] - dataFolder = "Выполнение бизнес-плана/Значения со страницы Выполнение бизнес-плана/": null

08-11-2024T08:26:04 - [TEST_STEP][PASSED] - path = <not implemented yet for class: org.codehaus.groovy.ast.expr.EmptyExpression>: null

08-11-2024T08:26:04 - [TEST_STEP][PASSED] - typeOfDataMain = <not implemented yet for class: org.codehaus.groovy.ast.expr.EmptyExpression>: null

08-11-2024T08:26:04 - [TEST_STEP][PASSED] - fileOtpuskVSet = <not implemented yet for class: org.codehaus.groovy.ast.expr.EmptyExpression>: null

08-11-2024T08:26:04 - [TEST_STEP][PASSED] - pageOtpuskVSet = <not implemented yet for class: org.codehaus.groovy.ast.expr.EmptyExpression>: null

08-11-2024T08:26:04 - [TEST_STEP][PASSED] - filePoteri = <not implemented yet for class: org.codehaus.groovy.ast.expr.EmptyExpression>: null

08-11-2024T08:26:04 - [TEST_STEP][PASSED] - pagePoteri = <not implemented yet for class: org.codehaus.groovy.ast.expr.EmptyExpression>: null

08-11-2024T08:26:04 - [TEST_STEP][PASSED] - compare = <not implemented yet for class: org.codehaus.groovy.ast.expr.EmptyExpression>: null

08-11-2024T08:26:04 - [TEST_STEP][PASSED] - b = <not implemented yet for class: org.codehaus.groovy.ast.expr.EmptyExpression>: null

08-11-2024T08:26:04 - [TEST_STEP][PASSED] - i = <not implemented yet for class: org.codehaus.groovy.ast.expr.EmptyExpression>: null

08-11-2024T08:26:04 - [TEST_STEP][PASSED] - ii = <not implemented yet for class: org.codehaus.groovy.ast.expr.EmptyExpression>: null

08-11-2024T08:26:04 - [TEST_STEP][PASSED] - c = <not implemented yet for class: org.codehaus.groovy.ast.expr.EmptyExpression>: null

08-11-2024T08:26:04 - [TEST_STEP][PASSED] - numberOfErrors = 0: null

08-11-2024T08:26:04 - [TEST_STEP][PASSED] - if (a == 82): null

08-11-2024T08:26:04 - [TEST_STEP][PASSED] - b = findTestData("PlanFact").getValue(1, a): null

08-11-2024T08:26:04 - [TEST_STEP][PASSED] - i = b.indexOf(" (ГК)"): null

08-11-2024T08:26:04 - [TEST_STEP][PASSED] - if (i > -1): null

08-11-2024T08:26:04 - [TEST_STEP][PASSED] - i = b.indexOf("О ""): null

08-11-2024T08:26:04 - [TEST_STEP][PASSED] - if (i > -1): null

08-11-2024T08:26:04 - [TEST_STEP][PASSED] - i = b.indexOf("О «"): null

08-11-2024T08:26:04 - [TEST_STEP][PASSED] - if (i > -1): null

08-11-2024T08:26:04 - [TEST_STEP][PASSED] - i = b.indexOf("г. "): null

08-11-2024T08:26:04 - [TEST_STEP][PASSED] - if (i > -1): null

08-11-2024T08:26:04 - [TEST_STEP][PASSED] - println(b): null

08-11-2024T08:26:04 - [TEST_STEP][PASSED] - for ([planFact = 1, planFact < 3, (planFact++)]): null

08-11-2024T08:26:04 - [TEST_STEP][PASSED] - if (planFact == 1): null

08-11-2024T08:26:04 - [TEST_STEP][PASSED] - typeOfDataMain = "Факт": null

08-11-2024T08:26:04 - [TEST_STEP][PASSED] - otpusk = findTestData("PlanFact").getValue(5, a): null

08-11-2024T08:26:04 - [TEST_STEP][PASSED] - poteri = findTestData("PlanFact").getValue(6, a): null

08-11-2024T08:26:04 - [TEST_STEP][PASSED] - otpusk = otpusk.replaceAll("\s+", ""): null

08-11-2024T08:26:04 - [TEST_STEP][PASSED] - poteri = poteri.replaceAll("\s+", ""): null

08-11-2024T08:26:04 - [TEST_STEP][PASSED] - typeOfData = typeOfDataMain + " Отпуск в сеть": null

08-11-2024T08:26:04 - [TEST_STEP][PASSED] - if (a == 82): null

08-11-2024T08:26:04 - [TEST_STEP][PASSED] - else if (a == 84): null

08-11-2024T08:26:04 - [TEST_STEP][PASSED] - else if (a == 52 || a == 72 || a == 28 || a == 73 || a == 77 || a == 74 || a == 65 || a == 36 || a == 44 || a == 53 || a == 80 || a == 54 || a == 1 || a == 18 || a == 59 || a == 81): null

08-11-2024T08:26:04 - [TEST_STEP][PASSED] - path = dataFolder + "Table Data/" + typeOfData + " за отчётный период " + dzoNum: null

08-11-2024T08:26:04 - [TEST_STEP][PASSED] - println(path): null

08-11-2024T08:26:04 - [TEST_STEP][PASSED] - page = getText(findTestObject(path)): Text of object 'Object Repository/Выполнение бизнес-плана/Значения со страницы Выполнение бизнес-плана/Table Data/Факт Отпуск в сеть за отчётный период 4' is: '46 928 172'

08-11-2024T08:26:05 - [MESSAGE][PASSED] - Text of object 'Object Repository/Выполнение бизнес-плана/Значения со страницы Выполнение бизнес-плана/Table Data/Факт Отпуск в сеть за отчётный период 4' is: '46 928 172'

08-11-2024T08:26:05 - [TEST_STEP][PASSED] - page = page.replaceAll("\s+", ""): null

08-11-2024T08:26:05 - [TEST_STEP][PASSED] - fileOtpuskVSet = otpusk.toInteger(): null

08-11-2024T08:26:05 - [TEST_STEP][PASSED] - pageOtpuskVSet = page.toInteger(): null

08-11-2024T08:26:05 - [TEST_STEP][PASSED] - typeOfData = typeOfDataMain + " Потери": null

08-11-2024T08:26:05 - [TEST_STEP][PASSED] - if (a == 82): null

08-11-2024T08:26:05 - [TEST_STEP][PASSED] - else if (a == 84): null

08-11-2024T08:26:05 - [TEST_STEP][PASSED] - else if (a == 52 || a == 72 || a == 28 || a == 73 || a == 77 || a == 74 || a == 65 || a == 36 || a == 44 || a == 53 || a == 80 || a == 54 || a == 1 || a == 18 || a == 59 || a == 81): null

08-11-2024T08:26:05 - [TEST_STEP][PASSED] - path = dataFolder + "Table Data/" + typeOfData + " за отчётный период " + dzoNum: null

08-11-2024T08:26:05 - [TEST_STEP][PASSED] - page = getText(findTestObject(path)): Text of object 'Object Repository/Выполнение бизнес-плана/Значения со страницы Выполнение бизнес-плана/Table Data/Факт Потери за отчётный период 4' is: '3 249 406'

08-11-2024T08:26:05 - [MESSAGE][PASSED] - Text of object 'Object Repository/Выполнение бизнес-плана/Значения со страницы Выполнение бизнес-плана/Table Data/Факт Потери за отчётный период 4' is: '3 249 406'

08-11-2024T08:26:05 - [TEST_STEP][PASSED] - page = page.replaceAll("\s+", ""): null

08-11-2024T08:26:05 - [TEST_STEP][PASSED] - filePoteri = poteri.toInteger(): null

08-11-2024T08:26:05 - [TEST_STEP][PASSED] - pagePoteri = page.toInteger(): null

08-11-2024T08:26:05 - [TEST_STEP][PASSED] - compare = pageOtpuskVSet: null

08-11-2024T08:26:05 - [TEST_STEP][PASSED] - if (compare == fileOtpuskVSet): null

08-11-2024T08:26:05 - [TEST_STEP][PASSED] - else if (compare > fileOtpuskVSet): null

08-11-2024T08:26:05 - [TEST_STEP][PASSED] - compare = compare - 1: null

08-11-2024T08:26:05 - [TEST_STEP][PASSED] - if (compare == fileOtpuskVSet): null

08-11-2024T08:26:05 - [TEST_STEP][PASSED] - else: null

08-11-2024T08:26:05 - [TEST_STEP][PASSED] - numberOfErrors = numberOfErrors + 1: null

08-11-2024T08:26:05 - [TEST_STEP][PASSED] - pageInt = pageOtpuskVSet: null

08-11-2024T08:26:05 - [TEST_STEP][PASSED] - fileInt = fileOtpuskVSet: null

08-11-2024T08:26:05 - [TEST_STEP][PASSED] - typeOfData = typeOfDataMain + " Отпуск в сеть": null

08-11-2024T08:26:05 - [TEST_STEP][PASSED] - Script1718980020443.WriteToExcel(a, typeOfData, todaysDate, pageInt, fileInt, pageDouble, fileDouble, dZO): null

08-11-2024T08:26:05 - [TEST_STEP][PASSED] - sheetName = "Sheet1": null

08-11-2024T08:26:05 - [TEST_STEP][PASSED] - data = findTestData("PlanFact"): null

08-11-2024T08:26:05 - [TEST_STEP][PASSED] - n = data.getRowNumbers() + 1: null

08-11-2024T08:26:05 - [TEST_STEP][PASSED] - year = todaysDate.substring(todaysDate.length() - 4, todaysDate.length()): null

08-11-2024T08:26:05 - [TEST_STEP][PASSED] - y = year.toInteger(): null

08-11-2024T08:26:05 - [TEST_STEP][PASSED] - m = getText(findTestObject("Выполнение бизнес-плана/Период")): Text of object 'Object Repository/Выполнение бизнес-плана/Период' is: '1, 2, 3 кв. 2024 года'

08-11-2024T08:26:05 - [MESSAGE][PASSED] - Text of object 'Object Repository/Выполнение бизнес-плана/Период' is: '1, 2, 3 кв. 2024 года'

08-11-2024T08:26:05 - [TEST_STEP][PASSED] - m = m.substring(0, m.indexOf("2024")): null

08-11-2024T08:26:05 - [TEST_STEP][PASSED] - m = m.trim(): null

08-11-2024T08:26:05 - [TEST_STEP][PASSED] - dashboardName = "Выполнение бизнес-плана": null

08-11-2024T08:26:05 - [TEST_STEP][PASSED] - workbook01 = getWorkbook(excelFilePath): null

08-11-2024T08:26:05 - [TEST_STEP][PASSED] - sheet01 = getExcelSheet(workbook01, sheetName): null

08-11-2024T08:26:05 - [TEST_STEP][PASSED] - setValueToCellByIndex(sheet01, n, 0, dashboardName): null

08-11-2024T08:26:05 - [TEST_STEP][PASSED] - setValueToCellByIndex(sheet01, n, 1, dZO): null

08-11-2024T08:26:05 - [TEST_STEP][PASSED] - setValueToCellByIndex(sheet01, n, 2, typeOfData): null

08-11-2024T08:26:05 - [TEST_STEP][PASSED] - if (typeOfData == "Факт в процентах" || typeOfData == "План в процентах"): null

08-11-2024T08:26:05 - [TEST_STEP][PASSED] - else: null

08-11-2024T08:26:05 - [TEST_STEP][PASSED] - setValueToCellByIndex(sheet01, n, 3, fileInt): null

08-11-2024T08:26:05 - [TEST_STEP][PASSED] - setValueToCellByIndex(sheet01, n, 4, pageInt): null

08-11-2024T08:26:05 - [TEST_STEP][PASSED] - setValueToCellByIndex(sheet01, n, 5, m): null

08-11-2024T08:26:05 - [TEST_STEP][PASSED] - setValueToCellByIndex(sheet01, n, 6, y): null

08-11-2024T08:26:05 - [TEST_STEP][PASSED] - setValueToCellByIndex(sheet01, n, 7, todaysDate): null

08-11-2024T08:26:05 - [TEST_STEP][PASSED] - n = n + 1: null

08-11-2024T08:26:05 - [TEST_STEP][PASSED] - saveWorkbook(excelFilePath, workbook01): null

08-11-2024T08:26:05 - [TEST_STEP][PASSED] - compare = pagePoteri: null

08-11-2024T08:26:05 - [TEST_STEP][PASSED] - if (compare == filePoteri): null

08-11-2024T08:26:05 - [TEST_STEP][PASSED] - else if (compare > filePoteri): null

08-11-2024T08:26:05 - [TEST_STEP][PASSED] - compare = compare - 1: null

08-11-2024T08:26:05 - [TEST_STEP][PASSED] - if (compare == filePoteri): null

08-11-2024T08:26:05 - [TEST_STEP][PASSED] - else: null

08-11-2024T08:26:05 - [TEST_STEP][PASSED] - numberOfErrors = numberOfErrors + 1: null

08-11-2024T08:26:05 - [TEST_STEP][PASSED] - pageInt = pagePoteri: null

08-11-2024T08:26:05 - [TEST_STEP][PASSED] - fileInt = filePoteri: null

08-11-2024T08:26:05 - [TEST_STEP][PASSED] - typeOfData = typeOfDataMain + " Потери": null

08-11-2024T08:26:05 - [TEST_STEP][PASSED] - Script1718980020443.WriteToExcel(a, typeOfData, todaysDate, pageInt, fileInt, pageDouble, fileDouble, dZO): null

08-11-2024T08:26:05 - [TEST_STEP][PASSED] - sheetName = "Sheet1": null

08-11-2024T08:26:05 - [TEST_STEP][PASSED] - data = findTestData("PlanFact"): null

08-11-2024T08:26:05 - [TEST_STEP][PASSED] - n = data.getRowNumbers() + 1: null

08-11-2024T08:26:05 - [TEST_STEP][PASSED] - year = todaysDate.substring(todaysDate.length() - 4, todaysDate.length()): null

08-11-2024T08:26:05 - [TEST_STEP][PASSED] - y = year.toInteger(): null

08-11-2024T08:26:05 - [TEST_STEP][PASSED] - m = getText(findTestObject("Выполнение бизнес-плана/Период")): Text of object 'Object Repository/Выполнение бизнес-плана/Период' is: '1, 2, 3 кв. 2024 года'

08-11-2024T08:26:06 - [MESSAGE][PASSED] - Text of object 'Object Repository/Выполнение бизнес-плана/Период' is: '1, 2, 3 кв. 2024 года'

08-11-2024T08:26:06 - [TEST_STEP][PASSED] - m = m.substring(0, m.indexOf("2024")): null

08-11-2024T08:26:06 - [TEST_STEP][PASSED] - m = m.trim(): null

08-11-2024T08:26:06 - [TEST_STEP][PASSED] - dashboardName = "Выполнение бизнес-плана": null

08-11-2024T08:26:06 - [TEST_STEP][PASSED] - workbook01 = getWorkbook(excelFilePath): null

08-11-2024T08:26:06 - [TEST_STEP][PASSED] - sheet01 = getExcelSheet(workbook01, sheetName): null

08-11-2024T08:26:06 - [TEST_STEP][PASSED] - setValueToCellByIndex(sheet01, n, 0, dashboardName): null

08-11-2024T08:26:06 - [TEST_STEP][PASSED] - setValueToCellByIndex(sheet01, n, 1, dZO): null

08-11-2024T08:26:06 - [TEST_STEP][PASSED] - setValueToCellByIndex(sheet01, n, 2, typeOfData): null

08-11-2024T08:26:06 - [TEST_STEP][PASSED] - if (typeOfData == "Факт в процентах" || typeOfData == "План в процентах"): null

08-11-2024T08:26:06 - [TEST_STEP][PASSED] - else: null

08-11-2024T08:26:06 - [TEST_STEP][PASSED] - setValueToCellByIndex(sheet01, n, 3, fileInt): null

08-11-2024T08:26:06 - [TEST_STEP][PASSED] - setValueToCellByIndex(sheet01, n, 4, pageInt): null

08-11-2024T08:26:06 - [TEST_STEP][PASSED] - setValueToCellByIndex(sheet01, n, 5, m): null

08-11-2024T08:26:06 - [TEST_STEP][PASSED] - setValueToCellByIndex(sheet01, n, 6, y): null

08-11-2024T08:26:06 - [TEST_STEP][PASSED] - setValueToCellByIndex(sheet01, n, 7, todaysDate): null

08-11-2024T08:26:06 - [TEST_STEP][PASSED] - n = n + 1: null

08-11-2024T08:26:06 - [TEST_STEP][PASSED] - saveWorkbook(excelFilePath, workbook01): null

08-11-2024T08:26:06 - [TEST_STEP][PASSED] - if (planFact == 2): null

08-11-2024T08:26:06 - [TEST_STEP][PASSED] - if (planFact == 1): null

08-11-2024T08:26:06 - [TEST_STEP][PASSED] - else if (planFact == 2): null

08-11-2024T08:26:06 - [TEST_STEP][PASSED] - click(findTestObject("Выполнение бизнес-плана/Кнопка План")): Object: 'Object Repository/Выполнение бизнес-плана/Кнопка План' is clicked on

08-11-2024T08:26:06 - [MESSAGE][PASSED] - Object: 'Object Repository/Выполнение бизнес-плана/Кнопка План' is clicked on

08-11-2024T08:26:06 - [TEST_STEP][PASSED] - typeOfDataMain = "План": null

08-11-2024T08:26:06 - [TEST_STEP][PASSED] - otpusk = findTestData("PlanFact").getValue(2, a): null

08-11-2024T08:26:06 - [TEST_STEP][PASSED] - poteri = findTestData("PlanFact").getValue(3, a): null

08-11-2024T08:26:06 - [TEST_STEP][PASSED] - otpusk = otpusk.replaceAll("\s+", ""): null

08-11-2024T08:26:06 - [TEST_STEP][PASSED] - poteri = poteri.replaceAll("\s+", ""): null

08-11-2024T08:26:06 - [TEST_STEP][PASSED] - typeOfData = typeOfDataMain + " Отпуск в сеть": null

08-11-2024T08:26:06 - [TEST_STEP][PASSED] - if (a == 82): null

08-11-2024T08:26:06 - [TEST_STEP][PASSED] - else if (a == 84): null

08-11-2024T08:26:06 - [TEST_STEP][PASSED] - else if (a == 52 || a == 72 || a == 28 || a == 73 || a == 77 || a == 74 || a == 65 || a == 36 || a == 44 || a == 53 || a == 80 || a == 54 || a == 1 || a == 18 || a == 59 || a == 81): null

08-11-2024T08:26:06 - [TEST_STEP][PASSED] - path = dataFolder + "Table Data/" + typeOfData + " за отчётный период " + dzoNum: null

08-11-2024T08:26:06 - [TEST_STEP][PASSED] - println(path): null

08-11-2024T08:26:06 - [TEST_STEP][PASSED] - page = getText(findTestObject(path)): Text of object 'Object Repository/Выполнение бизнес-плана/Значения со страницы Выполнение бизнес-плана/Table Data/План Отпуск в сеть за отчётный период 4' is: '44 875 501'

08-11-2024T08:26:07 - [MESSAGE][PASSED] - Text of object 'Object Repository/Выполнение бизнес-плана/Значения со страницы Выполнение бизнес-плана/Table Data/План Отпуск в сеть за отчётный период 4' is: '44 875 501'

08-11-2024T08:26:07 - [TEST_STEP][PASSED] - page = page.replaceAll("\s+", ""): null

08-11-2024T08:26:07 - [TEST_STEP][PASSED] - fileOtpuskVSet = otpusk.toInteger(): null

08-11-2024T08:26:07 - [TEST_STEP][PASSED] - pageOtpuskVSet = page.toInteger(): null

08-11-2024T08:26:07 - [TEST_STEP][PASSED] - typeOfData = typeOfDataMain + " Потери": null

08-11-2024T08:26:07 - [TEST_STEP][PASSED] - if (a == 82): null

08-11-2024T08:26:07 - [TEST_STEP][PASSED] - else if (a == 84): null

08-11-2024T08:26:07 - [TEST_STEP][PASSED] - else if (a == 52 || a == 72 || a == 28 || a == 73 || a == 77 || a == 74 || a == 65 || a == 36 || a == 44 || a == 53 || a == 80 || a == 54 || a == 1 || a == 18 || a == 59 || a == 81): null

08-11-2024T08:26:07 - [TEST_STEP][PASSED] - path = dataFolder + "Table Data/" + typeOfData + " за отчётный период " + dzoNum: null

08-11-2024T08:26:07 - [TEST_STEP][PASSED] - page = getText(findTestObject(path)): Text of object 'Object Repository/Выполнение бизнес-плана/Значения со страницы Выполнение бизнес-плана/Table Data/План Потери за отчётный период 4' is: '3 128 610'

08-11-2024T08:26:07 - [MESSAGE][PASSED] - Text of object 'Object Repository/Выполнение бизнес-плана/Значения со страницы Выполнение бизнес-плана/Table Data/План Потери за отчётный период 4' is: '3 128 610'

08-11-2024T08:26:07 - [TEST_STEP][PASSED] - page = page.replaceAll("\s+", ""): null

08-11-2024T08:26:07 - [TEST_STEP][PASSED] - filePoteri = poteri.toInteger(): null

08-11-2024T08:26:07 - [TEST_STEP][PASSED] - pagePoteri = page.toInteger(): null

08-11-2024T08:26:07 - [TEST_STEP][PASSED] - compare = pageOtpuskVSet: null

08-11-2024T08:26:07 - [TEST_STEP][PASSED] - if (compare == fileOtpuskVSet): null

08-11-2024T08:26:07 - [TEST_STEP][PASSED] - else if (compare > fileOtpuskVSet): null

08-11-2024T08:26:07 - [TEST_STEP][PASSED] - compare = compare - 1: null

08-11-2024T08:26:07 - [TEST_STEP][PASSED] - if (compare == fileOtpuskVSet): null

08-11-2024T08:26:07 - [TEST_STEP][PASSED] - else: null

08-11-2024T08:26:07 - [TEST_STEP][PASSED] - numberOfErrors = numberOfErrors + 1: null

08-11-2024T08:26:07 - [TEST_STEP][PASSED] - pageInt = pageOtpuskVSet: null

08-11-2024T08:26:07 - [TEST_STEP][PASSED] - fileInt = fileOtpuskVSet: null

08-11-2024T08:26:07 - [TEST_STEP][PASSED] - typeOfData = typeOfDataMain + " Отпуск в сеть": null

08-11-2024T08:26:07 - [TEST_STEP][PASSED] - Script1718980020443.WriteToExcel(a, typeOfData, todaysDate, pageInt, fileInt, pageDouble, fileDouble, dZO): null

08-11-2024T08:26:07 - [TEST_STEP][PASSED] - sheetName = "Sheet1": null

08-11-2024T08:26:07 - [TEST_STEP][PASSED] - data = findTestData("PlanFact"): null

08-11-2024T08:26:07 - [TEST_STEP][PASSED] - n = data.getRowNumbers() + 1: null

08-11-2024T08:26:07 - [TEST_STEP][PASSED] - year = todaysDate.substring(todaysDate.length() - 4, todaysDate.length()): null

08-11-2024T08:26:07 - [TEST_STEP][PASSED] - y = year.toInteger(): null

08-11-2024T08:26:07 - [TEST_STEP][PASSED] - m = getText(findTestObject("Выполнение бизнес-плана/Период")): Text of object 'Object Repository/Выполнение бизнес-плана/Период' is: '1, 2, 3 кв. 2024 года'

08-11-2024T08:26:07 - [MESSAGE][PASSED] - Text of object 'Object Repository/Выполнение бизнес-плана/Период' is: '1, 2, 3 кв. 2024 года'

08-11-2024T08:26:07 - [TEST_STEP][PASSED] - m = m.substring(0, m.indexOf("2024")): null

08-11-2024T08:26:07 - [TEST_STEP][PASSED] - m = m.trim(): null

08-11-2024T08:26:07 - [TEST_STEP][PASSED] - dashboardName = "Выполнение бизнес-плана": null

08-11-2024T08:26:07 - [TEST_STEP][PASSED] - workbook01 = getWorkbook(excelFilePath): null

08-11-2024T08:26:07 - [TEST_STEP][PASSED] - sheet01 = getExcelSheet(workbook01, sheetName): null

08-11-2024T08:26:07 - [TEST_STEP][PASSED] - setValueToCellByIndex(sheet01, n, 0, dashboardName): null

08-11-2024T08:26:07 - [TEST_STEP][PASSED] - setValueToCellByIndex(sheet01, n, 1, dZO): null

08-11-2024T08:26:07 - [TEST_STEP][PASSED] - setValueToCellByIndex(sheet01, n, 2, typeOfData): null

08-11-2024T08:26:07 - [TEST_STEP][PASSED] - if (typeOfData == "Факт в процентах" || typeOfData == "План в процентах"): null

08-11-2024T08:26:07 - [TEST_STEP][PASSED] - else: null

08-11-2024T08:26:07 - [TEST_STEP][PASSED] - setValueToCellByIndex(sheet01, n, 3, fileInt): null

08-11-2024T08:26:07 - [TEST_STEP][PASSED] - setValueToCellByIndex(sheet01, n, 4, pageInt): null

08-11-2024T08:26:07 - [TEST_STEP][PASSED] - setValueToCellByIndex(sheet01, n, 5, m): null

08-11-2024T08:26:07 - [TEST_STEP][PASSED] - setValueToCellByIndex(sheet01, n, 6, y): null

08-11-2024T08:26:07 - [TEST_STEP][PASSED] - setValueToCellByIndex(sheet01, n, 7, todaysDate): null

08-11-2024T08:26:07 - [TEST_STEP][PASSED] - n = n + 1: null

08-11-2024T08:26:07 - [TEST_STEP][PASSED] - saveWorkbook(excelFilePath, workbook01): null

08-11-2024T08:26:08 - [TEST_STEP][PASSED] - compare = pagePoteri: null

08-11-2024T08:26:08 - [TEST_STEP][PASSED] - if (compare == filePoteri): null

08-11-2024T08:26:08 - [TEST_STEP][PASSED] - else if (compare > filePoteri): null

08-11-2024T08:26:08 - [TEST_STEP][PASSED] - compare = compare - 1: null

08-11-2024T08:26:08 - [TEST_STEP][PASSED] - if (compare == filePoteri): null

08-11-2024T08:26:08 - [TEST_STEP][PASSED] - else: null

08-11-2024T08:26:08 - [TEST_STEP][PASSED] - numberOfErrors = numberOfErrors + 1: null

08-11-2024T08:26:08 - [TEST_STEP][PASSED] - pageInt = pagePoteri: null

08-11-2024T08:26:08 - [TEST_STEP][PASSED] - fileInt = filePoteri: null

08-11-2024T08:26:08 - [TEST_STEP][PASSED] - typeOfData = typeOfDataMain + " Потери": null

08-11-2024T08:26:08 - [TEST_STEP][PASSED] - Script1718980020443.WriteToExcel(a, typeOfData, todaysDate, pageInt, fileInt, pageDouble, fileDouble, dZO): null

08-11-2024T08:26:08 - [TEST_STEP][PASSED] - sheetName = "Sheet1": null

08-11-2024T08:26:08 - [TEST_STEP][PASSED] - data = findTestData("PlanFact"): null

08-11-2024T08:26:08 - [TEST_STEP][PASSED] - n = data.getRowNumbers() + 1: null

08-11-2024T08:26:08 - [TEST_STEP][PASSED] - year = todaysDate.substring(todaysDate.length() - 4, todaysDate.length()): null

08-11-2024T08:26:08 - [TEST_STEP][PASSED] - y = year.toInteger(): null

08-11-2024T08:26:08 - [TEST_STEP][PASSED] - m = getText(findTestObject("Выполнение бизнес-плана/Период")): Text of object 'Object Repository/Выполнение бизнес-плана/Период' is: '1, 2, 3 кв. 2024 года'

08-11-2024T08:26:08 - [MESSAGE][PASSED] - Text of object 'Object Repository/Выполнение бизнес-плана/Период' is: '1, 2, 3 кв. 2024 года'

08-11-2024T08:26:08 - [TEST_STEP][PASSED] - m = m.substring(0, m.indexOf("2024")): null

08-11-2024T08:26:08 - [TEST_STEP][PASSED] - m = m.trim(): null

08-11-2024T08:26:08 - [TEST_STEP][PASSED] - dashboardName = "Выполнение бизнес-плана": null

08-11-2024T08:26:08 - [TEST_STEP][PASSED] - workbook01 = getWorkbook(excelFilePath): null

08-11-2024T08:26:08 - [TEST_STEP][PASSED] - sheet01 = getExcelSheet(workbook01, sheetName): null

08-11-2024T08:26:08 - [TEST_STEP][PASSED] - setValueToCellByIndex(sheet01, n, 0, dashboardName): null

08-11-2024T08:26:08 - [TEST_STEP][PASSED] - setValueToCellByIndex(sheet01, n, 1, dZO): null

08-11-2024T08:26:08 - [TEST_STEP][PASSED] - setValueToCellByIndex(sheet01, n, 2, typeOfData): null

08-11-2024T08:26:08 - [TEST_STEP][PASSED] - if (typeOfData == "Факт в процентах" || typeOfData == "План в процентах"): null

08-11-2024T08:26:08 - [TEST_STEP][PASSED] - else: null

08-11-2024T08:26:08 - [TEST_STEP][PASSED] - setValueToCellByIndex(sheet01, n, 3, fileInt): null

08-11-2024T08:26:08 - [TEST_STEP][PASSED] - setValueToCellByIndex(sheet01, n, 4, pageInt): null

08-11-2024T08:26:08 - [TEST_STEP][PASSED] - setValueToCellByIndex(sheet01, n, 5, m): null

08-11-2024T08:26:08 - [TEST_STEP][PASSED] - setValueToCellByIndex(sheet01, n, 6, y): null

08-11-2024T08:26:08 - [TEST_STEP][PASSED] - setValueToCellByIndex(sheet01, n, 7, todaysDate): null

08-11-2024T08:26:08 - [TEST_STEP][PASSED] - n = n + 1: null

08-11-2024T08:26:08 - [TEST_STEP][PASSED] - saveWorkbook(excelFilePath, workbook01): Object: 'Object Repository/Выполнение бизнес-плана/Кнопка Факт' is clicked on

08-11-2024T08:26:08 - [TEST_STEP][PASSED] - if (planFact == 2): Object: 'Object Repository/Выполнение бизнес-плана/Кнопка Факт' is clicked on

08-11-2024T08:26:08 - [TEST_STEP][PASSED] - click(findTestObject("Выполнение бизнес-плана/Кнопка Факт")): Object: 'Object Repository/Выполнение бизнес-плана/Кнопка Факт' is clicked on

08-11-2024T08:26:09 - [MESSAGE][PASSED] - Object: 'Object Repository/Выполнение бизнес-плана/Кнопка Факт' is clicked on

08-11-2024T08:26:09 - [TEST_STEP][PASSED] - if (a == 84 || a == 82): null

08-11-2024T08:26:09 - [TEST_STEP][PASSED] - else if (a == 52 || a == 72 || a == 28 || a == 73 || a == 77 || a == 74 || a == 65 || a == 36 || a == 44 || a == 53 || a == 80 || a == 54 || a == 1 || a == 18 || a == 59 || a == 81): null

08-11-2024T08:26:09 - [TEST_STEP][PASSED] - page1 = getText(findTestObject("Object Repository/Выполнение бизнес-плана/spanPlan" + dzoNum)): Text of object 'Object Repository/Выполнение бизнес-плана/spanPlan4' is: '6.97
|'

08-11-2024T08:26:09 - [MESSAGE][PASSED] - Text of object 'Object Repository/Выполнение бизнес-плана/spanPlan4' is: '6.97
|'

08-11-2024T08:26:09 - [TEST_STEP][PASSED] - page1 = page1.replace("|", ""): null

08-11-2024T08:26:09 - [TEST_STEP][PASSED] - page2 = getText(findTestObject("Object Repository/Выполнение бизнес-плана/spanFact" + dzoNum)): Text of object 'Object Repository/Выполнение бизнес-плана/spanFact4' is: '6.92'

08-11-2024T08:26:09 - [MESSAGE][PASSED] - Text of object 'Object Repository/Выполнение бизнес-плана/spanFact4' is: '6.92'

08-11-2024T08:26:09 - [TEST_STEP][PASSED] - page2 = page2.replace("|", ""): null

08-11-2024T08:26:09 - [TEST_STEP][PASSED] - println("page1: " + page1): null

08-11-2024T08:26:09 - [TEST_STEP][PASSED] - println("page2: " + page2): null

08-11-2024T08:26:09 - [TEST_STEP][PASSED] - file = findTestData("PlanFact").getValue(4, a): null

08-11-2024T08:26:09 - [TEST_STEP][PASSED] - file = file.replace(",", "."): null

08-11-2024T08:26:09 - [TEST_STEP][PASSED] - println("file Plan: " + file): null

08-11-2024T08:26:09 - [TEST_STEP][PASSED] - typeOfData = "План в процентах": null

08-11-2024T08:26:09 - [TEST_STEP][PASSED] - fileDouble = file.toDouble(): null

08-11-2024T08:26:09 - [TEST_STEP][PASSED] - pageDouble = page1.toDouble(): null

08-11-2024T08:26:09 - [TEST_STEP][PASSED] - if (fileDouble != pageDouble): null

08-11-2024T08:26:09 - [TEST_STEP][PASSED] - numberOfErrors = numberOfErrors + 1: null

08-11-2024T08:26:09 - [TEST_STEP][PASSED] - Script1718980020443.WriteToExcel(a, typeOfData, todaysDate, pageInt, fileInt, pageDouble, fileDouble, dZO): null

08-11-2024T08:26:09 - [TEST_STEP][PASSED] - sheetName = "Sheet1": null

08-11-2024T08:26:09 - [TEST_STEP][PASSED] - data = findTestData("PlanFact"): null

08-11-2024T08:26:09 - [TEST_STEP][PASSED] - n = data.getRowNumbers() + 1: null

08-11-2024T08:26:09 - [TEST_STEP][PASSED] - year = todaysDate.substring(todaysDate.length() - 4, todaysDate.length()): null

08-11-2024T08:26:09 - [TEST_STEP][PASSED] - y = year.toInteger(): null

08-11-2024T08:26:09 - [TEST_STEP][PASSED] - m = getText(findTestObject("Выполнение бизнес-плана/Период")): Text of object 'Object Repository/Выполнение бизнес-плана/Период' is: '1, 2, 3 кв. 2024 года'

08-11-2024T08:26:10 - [MESSAGE][PASSED] - Text of object 'Object Repository/Выполнение бизнес-плана/Период' is: '1, 2, 3 кв. 2024 года'

08-11-2024T08:26:10 - [TEST_STEP][PASSED] - m = m.substring(0, m.indexOf("2024")): null

08-11-2024T08:26:10 - [TEST_STEP][PASSED] - m = m.trim(): null

08-11-2024T08:26:10 - [TEST_STEP][PASSED] - dashboardName = "Выполнение бизнес-плана": null

08-11-2024T08:26:10 - [TEST_STEP][PASSED] - workbook01 = getWorkbook(excelFilePath): null

08-11-2024T08:26:10 - [TEST_STEP][PASSED] - sheet01 = getExcelSheet(workbook01, sheetName): null

08-11-2024T08:26:10 - [TEST_STEP][PASSED] - setValueToCellByIndex(sheet01, n, 0, dashboardName): null

08-11-2024T08:26:10 - [TEST_STEP][PASSED] - setValueToCellByIndex(sheet01, n, 1, dZO): null

08-11-2024T08:26:10 - [TEST_STEP][PASSED] - setValueToCellByIndex(sheet01, n, 2, typeOfData): null

08-11-2024T08:26:10 - [TEST_STEP][PASSED] - if (typeOfData == "Факт в процентах" || typeOfData == "План в процентах"): null

08-11-2024T08:26:10 - [TEST_STEP][PASSED] - setValueToCellByIndex(sheet01, n, 3, fileDouble): null

08-11-2024T08:26:10 - [TEST_STEP][PASSED] - setValueToCellByIndex(sheet01, n, 4, pageDouble): null

08-11-2024T08:26:10 - [TEST_STEP][PASSED] - setValueToCellByIndex(sheet01, n, 5, m): null

08-11-2024T08:26:10 - [TEST_STEP][PASSED] - setValueToCellByIndex(sheet01, n, 6, y): null

08-11-2024T08:26:10 - [TEST_STEP][PASSED] - setValueToCellByIndex(sheet01, n, 7, todaysDate): null

08-11-2024T08:26:10 - [TEST_STEP][PASSED] - n = n + 1: null

08-11-2024T08:26:10 - [TEST_STEP][PASSED] - saveWorkbook(excelFilePath, workbook01): null

08-11-2024T08:26:10 - [TEST_STEP][PASSED] - file = findTestData("PlanFact").getValue(7, a): null

08-11-2024T08:26:10 - [TEST_STEP][PASSED] - file = file.replace(",", "."): null

08-11-2024T08:26:10 - [TEST_STEP][PASSED] - println("file Fact: " + file): null

08-11-2024T08:26:10 - [TEST_STEP][PASSED] - fileDouble = file.toDouble(): null

08-11-2024T08:26:10 - [TEST_STEP][PASSED] - typeOfData = "Факт в процентах": null

08-11-2024T08:26:10 - [TEST_STEP][PASSED] - fileDouble = file.toDouble(): null

08-11-2024T08:26:10 - [TEST_STEP][PASSED] - pageDouble = page2.toDouble(): null

08-11-2024T08:26:10 - [TEST_STEP][PASSED] - if (fileDouble != pageDouble): null

08-11-2024T08:26:10 - [TEST_STEP][PASSED] - numberOfErrors = numberOfErrors + 1: null

08-11-2024T08:26:10 - [TEST_STEP][PASSED] - Script1718980020443.WriteToExcel(a, typeOfData, todaysDate, pageInt, fileInt, pageDouble, fileDouble, dZO): null

08-11-2024T08:26:10 - [TEST_STEP][PASSED] - sheetName = "Sheet1": null

08-11-2024T08:26:10 - [TEST_STEP][PASSED] - data = findTestData("PlanFact"): null

08-11-2024T08:26:10 - [TEST_STEP][PASSED] - n = data.getRowNumbers() + 1: null

08-11-2024T08:26:10 - [TEST_STEP][PASSED] - year = todaysDate.substring(todaysDate.length() - 4, todaysDate.length()): null

08-11-2024T08:26:10 - [TEST_STEP][PASSED] - y = year.toInteger(): null

08-11-2024T08:26:10 - [TEST_STEP][PASSED] - m = getText(findTestObject("Выполнение бизнес-плана/Период")): Text of object 'Object Repository/Выполнение бизнес-плана/Период' is: '1, 2, 3 кв. 2024 года'

08-11-2024T08:26:10 - [MESSAGE][PASSED] - Text of object 'Object Repository/Выполнение бизнес-плана/Период' is: '1, 2, 3 кв. 2024 года'

08-11-2024T08:26:10 - [TEST_STEP][PASSED] - m = m.substring(0, m.indexOf("2024")): null

08-11-2024T08:26:10 - [TEST_STEP][PASSED] - m = m.trim(): null

08-11-2024T08:26:10 - [TEST_STEP][PASSED] - dashboardName = "Выполнение бизнес-плана": null

08-11-2024T08:26:10 - [TEST_STEP][PASSED] - workbook01 = getWorkbook(excelFilePath): null

08-11-2024T08:26:10 - [TEST_STEP][PASSED] - sheet01 = getExcelSheet(workbook01, sheetName): null

08-11-2024T08:26:10 - [TEST_STEP][PASSED] - setValueToCellByIndex(sheet01, n, 0, dashboardName): null

08-11-2024T08:26:10 - [TEST_STEP][PASSED] - setValueToCellByIndex(sheet01, n, 1, dZO): null

08-11-2024T08:26:10 - [TEST_STEP][PASSED] - setValueToCellByIndex(sheet01, n, 2, typeOfData): null

08-11-2024T08:26:10 - [TEST_STEP][PASSED] - if (typeOfData == "Факт в процентах" || typeOfData == "План в процентах"): null

08-11-2024T08:26:10 - [TEST_STEP][PASSED] - setValueToCellByIndex(sheet01, n, 3, fileDouble): null

08-11-2024T08:26:10 - [TEST_STEP][PASSED] - setValueToCellByIndex(sheet01, n, 4, pageDouble): null

08-11-2024T08:26:10 - [TEST_STEP][PASSED] - setValueToCellByIndex(sheet01, n, 5, m): null

08-11-2024T08:26:10 - [TEST_STEP][PASSED] - setValueToCellByIndex(sheet01, n, 6, y): null

08-11-2024T08:26:10 - [TEST_STEP][PASSED] - setValueToCellByIndex(sheet01, n, 7, todaysDate): null

08-11-2024T08:26:10 - [TEST_STEP][PASSED] - n = n + 1: null

08-11-2024T08:26:10 - [TEST_STEP][PASSED] - saveWorkbook(excelFilePath, workbook01): null

08-11-2024T08:26:10 - [TEST_STEP][FAILED] - if (verifyEqual(numberOfErrors, 0) == false): null

08-11-2024T08:26:10 - [MESSAGE][FAILED] - Unable to verify equal between actual object '6' and expected object '0' (Root cause: com.kms.katalon.core.exception.StepFailedException: Actual object '6' and expected object '0' are not equal
	at com.kms.katalon.core.keyword.builtin.VerifyEqualKeyword$_verifyEqual_closure1.doCall(VerifyEqualKeyword.groovy:58)
	at com.kms.katalon.core.keyword.builtin.VerifyEqualKeyword$_verifyEqual_closure1.call(VerifyEqualKeyword.groovy)
	at com.kms.katalon.core.keyword.internal.KeywordMain.runKeyword(KeywordMain.groovy:75)
	at com.kms.katalon.core.keyword.builtin.VerifyEqualKeyword.verifyEqual(VerifyEqualKeyword.groovy:63)
	at com.kms.katalon.core.keyword.builtin.VerifyEqualKeyword.execute(VerifyEqualKeyword.groovy:44)
	at com.kms.katalon.core.keyword.internal.KeywordExecutor.executeKeywordForPlatform(KeywordExecutor.groovy:74)
	at com.kms.katalon.core.keyword.BuiltinKeywords.verifyEqual(BuiltinKeywords.groovy:146)
	at java.base/jdk.internal.reflect.NativeMethodAccessorImpl.invoke0(Native Method)
	at java.base/jdk.internal.reflect.NativeMethodAccessorImpl.invoke(NativeMethodAccessorImpl.java:77)
	at java.base/jdk.internal.reflect.DelegatingMethodAccessorImpl.invoke(DelegatingMethodAccessorImpl.java:43)
	at Выполнение бизнес-плана Сверка ПАО Россети все филиалы.Numbers(Выполнение бизнес-плана Сверка ПАО Россети все филиалы:740)
	at Выполнение бизнес-плана Сверка ПАО Россети все филиалы.run(Выполнение бизнес-плана Сверка ПАО Россети все филиалы:332)
	at com.kms.katalon.core.main.ScriptEngine.run(ScriptEngine.java:194)
	at com.kms.katalon.core.main.ScriptEngine.runScriptAsRawText(ScriptEngine.java:119)
	at com.kms.katalon.core.main.TestCaseExecutor.runScript(TestCaseExecutor.java:448)
	at com.kms.katalon.core.main.TestCaseExecutor.doExecute(TestCaseExecutor.java:439)
	at com.kms.katalon.core.main.TestCaseExecutor.processExecutionPhase(TestCaseExecutor.java:418)
	at com.kms.katalon.core.main.TestCaseExecutor.accessMainPhase(TestCaseExecutor.java:410)
	at com.kms.katalon.core.main.TestCaseExecutor.execute(TestCaseExecutor.java:285)
	at com.kms.katalon.core.common.CommonExecutor.accessTestCaseMainPhase(CommonExecutor.java:65)
	at com.kms.katalon.core.main.TestSuiteExecutor.accessTestSuiteMainPhase(TestSuiteExecutor.java:150)
	at com.kms.katalon.core.main.TestSuiteExecutor.execute(TestSuiteExecutor.java:106)
	at com.kms.katalon.core.main.TestCaseMain.startTestSuite(TestCaseMain.java:180)
	at TempTestSuite1731039737176.run(TempTestSuite1731039737176.groovy:35)
	at java.base/jdk.internal.reflect.NativeMethodAccessorImpl.invoke0(Native Method)
	at java.base/jdk.internal.reflect.NativeMethodAccessorImpl.invoke(NativeMethodAccessorImpl.java:77)
	at java.base/jdk.internal.reflect.DelegatingMethodAccessorImpl.invoke(DelegatingMethodAccessorImpl.java:43)
)

08-11-2024T08:26:10 - [TEST_STEP][PASSED] - println(numberOfErrors): null

08-11-2024T08:26:10 - [TEST_STEP][PASSED] - if (a == 28 || a == 77 || a == 74 || a == 65 || a == 36 || a == 44 || a == 54 || a == 1 || a == 18 || a == 59): null

08-11-2024T08:26:10 - [TEST_STEP][PASSED] - Script1718980020443.Filials(a, typeOfData, todaysDate, pageInt, fileInt, pageDouble, fileDouble, dZO, dzoNum, filialNum): null

08-11-2024T08:26:10 - [TEST_STEP][PASSED] - i = <not implemented yet for class: org.codehaus.groovy.ast.expr.EmptyExpression>: null

08-11-2024T08:26:10 - [TEST_STEP][PASSED] - c = <not implemented yet for class: org.codehaus.groovy.ast.expr.EmptyExpression>: null

08-11-2024T08:26:10 - [TEST_STEP][PASSED] - page = <not implemented yet for class: org.codehaus.groovy.ast.expr.EmptyExpression>: null

08-11-2024T08:26:10 - [TEST_STEP][PASSED] - println(dZO): null

08-11-2024T08:26:10 - [TEST_STEP][PASSED] - reducedDZO = <not implemented yet for class: org.codehaus.groovy.ast.expr.EmptyExpression>: null

08-11-2024T08:26:10 - [TEST_STEP][PASSED] - reducedDZO = dZO.substring(dZO.indexOf(" ") + 1, dZO.length()): null

08-11-2024T08:26:10 - [TEST_STEP][PASSED] - if (reducedDZO.contains(" ")): null

08-11-2024T08:26:10 - [TEST_STEP][PASSED] - println(reducedDZO): null

08-11-2024T08:26:10 - [TEST_STEP][PASSED] - dzoCut = <not implemented yet for class: org.codehaus.groovy.ast.expr.EmptyExpression>: null

08-11-2024T08:26:10 - [TEST_STEP][PASSED] - Script1718980020443.DZO(a): null

08-11-2024T08:26:10 - [TEST_STEP][PASSED] - Script1718980020443.OpenFilter(): null

08-11-2024T08:26:10 - [TEST_STEP][PASSED] - click(findTestObject("Object Repository/Выполнение бизнес-плана/Фильтр ДЗО")): Object: 'Object Repository/Выполнение бизнес-плана/Фильтр ДЗО' is clicked on

08-11-2024T08:26:11 - [MESSAGE][PASSED] - Object: 'Object Repository/Выполнение бизнес-плана/Фильтр ДЗО' is clicked on

08-11-2024T08:26:11 - [TEST_STEP][PASSED] - click(findTestObject("Выполнение бизнес-плана/Снять выделение в фильтре ДЗО")): Object: 'Object Repository/Выполнение бизнес-плана/Снять выделение в фильтре ДЗО' is clicked on

08-11-2024T08:26:11 - [MESSAGE][PASSED] - Object: 'Object Repository/Выполнение бизнес-плана/Снять выделение в фильтре ДЗО' is clicked on

08-11-2024T08:26:11 - [TEST_STEP][PASSED] - Script1718980020443.OpenRSK(): null

08-11-2024T08:26:11 - [TEST_STEP][PASSED] - click(findTestObject("Выполнение бизнес-плана/Раскрыть список ПАО Россети в фильтре ДЗО")): Object: 'Object Repository/Выполнение бизнес-плана/Раскрыть список ПАО Россети в фильтре ДЗО' is clicked on

08-11-2024T08:26:12 - [MESSAGE][PASSED] - Object: 'Object Repository/Выполнение бизнес-плана/Раскрыть список ПАО Россети в фильтре ДЗО' is clicked on

08-11-2024T08:26:12 - [TEST_STEP][PASSED] - click(findTestObject("Выполнение бизнес-плана/Раскрыть список РаспредКомплекс в фильтре ДЗО")): Object: 'Object Repository/Выполнение бизнес-плана/Раскрыть список РаспредКомплекс в фильтре ДЗО' is clicked on

08-11-2024T08:26:12 - [MESSAGE][PASSED] - Object: 'Object Repository/Выполнение бизнес-плана/Раскрыть список РаспредКомплекс в фильтре ДЗО' is clicked on

08-11-2024T08:26:12 - [TEST_STEP][PASSED] - if (a == 28): null

08-11-2024T08:26:12 - [TEST_STEP][PASSED] - if (a == 77): null

08-11-2024T08:26:12 - [TEST_STEP][PASSED] - if (a == 74): null

08-11-2024T08:26:12 - [TEST_STEP][PASSED] - if (a == 65): null

08-11-2024T08:26:12 - [TEST_STEP][PASSED] - if (a == 36): null

08-11-2024T08:26:12 - [TEST_STEP][PASSED] - if (a == 44): Object: 'Object Repository/Выполнение бизнес-плана/Россети Сибирь' is clicked on

08-11-2024T08:26:12 - [TEST_STEP][PASSED] - scrollToElement(findTestObject("Общие объекты/Раскрыть список Россети Сибирь"), 30): Scroll to object 'Object Repository/Общие объекты/Раскрыть список Россети Сибирь' successfully

08-11-2024T08:26:12 - [MESSAGE][PASSED] - Scroll to object 'Object Repository/Общие объекты/Раскрыть список Россети Сибирь' successfully

08-11-2024T08:26:12 - [TEST_STEP][PASSED] - click(findTestObject("Выполнение бизнес-плана/Россети Сибирь")): Object: 'Object Repository/Выполнение бизнес-плана/Россети Сибирь' is clicked on

08-11-2024T08:26:13 - [MESSAGE][PASSED] - Object: 'Object Repository/Выполнение бизнес-плана/Россети Сибирь' is clicked on

08-11-2024T08:26:13 - [TEST_STEP][PASSED] - if (a == 54): null

08-11-2024T08:26:13 - [TEST_STEP][PASSED] - if (a == 1): null

08-11-2024T08:26:13 - [TEST_STEP][PASSED] - if (a == 18): null

08-11-2024T08:26:13 - [TEST_STEP][PASSED] - if (a == 59): null

08-11-2024T08:26:13 - [TEST_STEP][PASSED] - Script1718980020443.CloseFilter(): null

08-11-2024T08:26:13 - [TEST_STEP][PASSED] - scrollToElement(findTestObject("Выполнение бизнес-плана/Заголовок дашборда"), 30): Scroll to object 'Object Repository/Выполнение бизнес-плана/Заголовок дашборда' successfully

08-11-2024T08:26:13 - [MESSAGE][PASSED] - Scroll to object 'Object Repository/Выполнение бизнес-плана/Заголовок дашборда' successfully

08-11-2024T08:26:13 - [TEST_STEP][PASSED] - click(findTestObject("Object Repository/Выполнение бизнес-плана/Применить в фильтре ДЗО")): Object: 'Object Repository/Выполнение бизнес-плана/Применить в фильтре ДЗО' is clicked on

08-11-2024T08:26:14 - [MESSAGE][PASSED] - Object: 'Object Repository/Выполнение бизнес-плана/Применить в фильтре ДЗО' is clicked on

08-11-2024T08:26:14 - [TEST_STEP][PASSED] - Script1718980020443.ZakrytOpoveshenie(): null

08-11-2024T08:26:14 - [TEST_STEP][PASSED] - delay(10): Delayed 10 second(s)

08-11-2024T08:26:24 - [MESSAGE][PASSED] - Delayed 10 second(s)

08-11-2024T08:26:24 - [TEST_STEP][PASSED] - opoveshenie = getText(findTestObject("Выполнение бизнес-плана/Просьба обратить внимание")): Text of object 'Object Repository/Выполнение бизнес-плана/Просьба обратить внимание' is: ''

08-11-2024T08:26:54 - [MESSAGE][PASSED] - Text of object 'Object Repository/Выполнение бизнес-плана/Просьба обратить внимание' is: ''

08-11-2024T08:26:54 - [TEST_STEP][PASSED] - println(opoveshenie): null

08-11-2024T08:26:54 - [TEST_STEP][PASSED] - if (opoveshenie == "Просьба обратить внимание"): null

08-11-2024T08:26:54 - [TEST_STEP][PASSED] - page = getText(findTestObject("Object Repository/Выполнение бизнес-плана/Filials")): Text of object 'Object Repository/Выполнение бизнес-плана/Filials' is: 'Россети Сибирь
0
10
20
30
40
50
60
70'

08-11-2024T08:27:24 - [MESSAGE][PASSED] - Text of object 'Object Repository/Выполнение бизнес-плана/Filials' is: 'Россети Сибирь
0
10
20
30
40
50
60
70'

08-11-2024T08:27:24 - [TEST_STEP][PASSED] - println(page): null

08-11-2024T08:27:24 - [TEST_STEP][PASSED] - c = page.indexOf(reducedDZO): null

08-11-2024T08:27:24 - [TEST_STEP][PASSED] - if (c > -1): null

08-11-2024T08:27:24 - [TEST_STEP][PASSED] - click(findTestObject("Выполнение бизнес-плана/список")): Object: 'Object Repository/Выполнение бизнес-плана/список' is clicked on

08-11-2024T08:27:54 - [MESSAGE][PASSED] - Object: 'Object Repository/Выполнение бизнес-плана/список' is clicked on

08-11-2024T08:27:54 - [TEST_STEP][PASSED] - delay(10): Delayed 10 second(s)

08-11-2024T08:28:04 - [MESSAGE][PASSED] - Delayed 10 second(s)

08-11-2024T08:28:04 - [TEST_STEP][PASSED] - click(findTestObject("Выполнение бизнес-плана/Раскрытие списка")): Object: 'Object Repository/Выполнение бизнес-плана/Раскрытие списка' is clicked on

08-11-2024T08:28:34 - [MESSAGE][PASSED] - Object: 'Object Repository/Выполнение бизнес-плана/Раскрытие списка' is clicked on

08-11-2024T08:28:34 - [TEST_STEP][PASSED] - delay(10): Delayed 10 second(s)

08-11-2024T08:28:44 - [MESSAGE][PASSED] - Delayed 10 second(s)

08-11-2024T08:28:44 - [TEST_STEP][PASSED] - page = getText(findTestObject("Object Repository/Выполнение бизнес-плана/Filials")): Text of object 'Object Repository/Выполнение бизнес-плана/Filials' is: 'Алтайэнерго
Бурятэнерго
Красноярскэнерго
Кузбассэнерго-РЭС
Омскэнерго
Хакасэнерго
Читаэнерго
0
10
20
30
40
50
60
70'

08-11-2024T08:29:15 - [MESSAGE][PASSED] - Text of object 'Object Repository/Выполнение бизнес-плана/Filials' is: 'Алтайэнерго
Бурятэнерго
Красноярскэнерго
Кузбассэнерго-РЭС
Омскэнерго
Хакасэнерго
Читаэнерго
0
10
20
30
40
50
60
70'

08-11-2024T08:29:15 - [TEST_STEP][PASSED] - println(page): null

08-11-2024T08:29:15 - [TEST_STEP][PASSED] - c = page.indexOf(reducedDZO): null

08-11-2024T08:29:15 - [TEST_STEP][PASSED] - x2 = getText(findTestObject("Выполнение бизнес-плана/Список ДЗО старый")): Text of object 'Object Repository/Выполнение бизнес-плана/Список ДЗО старый' is: 'Алтайэнерго
Бурятэнерго
Красноярскэнерго
Кузбассэнерго-РЭС
Омскэнерго
Хакасэнерго
Читаэнерго
0
10
20
30
40
50
60
70'

08-11-2024T08:29:45 - [MESSAGE][PASSED] - Text of object 'Object Repository/Выполнение бизнес-плана/Список ДЗО старый' is: 'Алтайэнерго
Бурятэнерго
Красноярскэнерго
Кузбассэнерго-РЭС
Омскэнерго
Хакасэнерго
Читаэнерго
0
10
20
30
40
50
60
70'

08-11-2024T08:29:45 - [TEST_STEP][PASSED] - if (a == 28): null

08-11-2024T08:29:45 - [TEST_STEP][PASSED] - if (a == 77): null

08-11-2024T08:29:45 - [TEST_STEP][PASSED] - if (a == 74): null

08-11-2024T08:29:45 - [TEST_STEP][PASSED] - if (a == 65): null

08-11-2024T08:29:45 - [TEST_STEP][PASSED] - if (a == 1): null

08-11-2024T08:29:45 - [TEST_STEP][PASSED] - if (a == 18): null

08-11-2024T08:29:45 - [TEST_STEP][PASSED] - if (a == 36): null

08-11-2024T08:29:45 - [TEST_STEP][PASSED] - if (a == 44): null

08-11-2024T08:29:45 - [TEST_STEP][PASSED] - dZO = "Алтайэнерго": null

08-11-2024T08:29:45 - [TEST_STEP][PASSED] - a = 45: null

08-11-2024T08:29:45 - [TEST_STEP][PASSED] - if (x2.contains(dZO)): null

08-11-2024T08:29:45 - [TEST_STEP][PASSED] - filialNum = filialNum + 1: null

08-11-2024T08:29:45 - [TEST_STEP][PASSED] - Script1718980020443.Numbers(a, typeOfData, todaysDate, pageInt, fileInt, pageDouble, fileDouble, dZO, dzoNum, filialNum): null

08-11-2024T08:29:45 - [TEST_STEP][PASSED] - println(dzoNum): null

08-11-2024T08:29:45 - [TEST_STEP][PASSED] - planFact = <not implemented yet for class: org.codehaus.groovy.ast.expr.EmptyExpression>: null

08-11-2024T08:29:45 - [TEST_STEP][PASSED] - page = <not implemented yet for class: org.codehaus.groovy.ast.expr.EmptyExpression>: null

08-11-2024T08:29:45 - [TEST_STEP][PASSED] - page1 = <not implemented yet for class: org.codehaus.groovy.ast.expr.EmptyExpression>: null

08-11-2024T08:29:45 - [TEST_STEP][PASSED] - page2 = <not implemented yet for class: org.codehaus.groovy.ast.expr.EmptyExpression>: null

08-11-2024T08:29:45 - [TEST_STEP][PASSED] - filialNumberInRow = <not implemented yet for class: org.codehaus.groovy.ast.expr.EmptyExpression>: null

08-11-2024T08:29:45 - [TEST_STEP][PASSED] - filialsDzoNames = <not implemented yet for class: org.codehaus.groovy.ast.expr.EmptyExpression>: null

08-11-2024T08:29:45 - [TEST_STEP][PASSED] - numberOfFilials = <not implemented yet for class: org.codehaus.groovy.ast.expr.EmptyExpression>: null

08-11-2024T08:29:45 - [TEST_STEP][PASSED] - numberOfSpaces = <not implemented yet for class: org.codehaus.groovy.ast.expr.EmptyExpression>: null

08-11-2024T08:29:45 - [TEST_STEP][PASSED] - file = <not implemented yet for class: org.codehaus.groovy.ast.expr.EmptyExpression>: null

08-11-2024T08:29:45 - [TEST_STEP][PASSED] - otpusk = <not implemented yet for class: org.codehaus.groovy.ast.expr.EmptyExpression>: null

08-11-2024T08:29:45 - [TEST_STEP][PASSED] - poteri = <not implemented yet for class: org.codehaus.groovy.ast.expr.EmptyExpression>: null

08-11-2024T08:29:45 - [TEST_STEP][PASSED] - dataFolder = "Выполнение бизнес-плана/Значения со страницы Выполнение бизнес-плана/": null

08-11-2024T08:29:45 - [TEST_STEP][PASSED] - path = <not implemented yet for class: org.codehaus.groovy.ast.expr.EmptyExpression>: null

08-11-2024T08:29:45 - [TEST_STEP][PASSED] - typeOfDataMain = <not implemented yet for class: org.codehaus.groovy.ast.expr.EmptyExpression>: null

08-11-2024T08:29:45 - [TEST_STEP][PASSED] - fileOtpuskVSet = <not implemented yet for class: org.codehaus.groovy.ast.expr.EmptyExpression>: null

08-11-2024T08:29:45 - [TEST_STEP][PASSED] - pageOtpuskVSet = <not implemented yet for class: org.codehaus.groovy.ast.expr.EmptyExpression>: null

08-11-2024T08:29:45 - [TEST_STEP][PASSED] - filePoteri = <not implemented yet for class: org.codehaus.groovy.ast.expr.EmptyExpression>: null

08-11-2024T08:29:45 - [TEST_STEP][PASSED] - pagePoteri = <not implemented yet for class: org.codehaus.groovy.ast.expr.EmptyExpression>: null

08-11-2024T08:29:45 - [TEST_STEP][PASSED] - compare = <not implemented yet for class: org.codehaus.groovy.ast.expr.EmptyExpression>: null

08-11-2024T08:29:45 - [TEST_STEP][PASSED] - b = <not implemented yet for class: org.codehaus.groovy.ast.expr.EmptyExpression>: null

08-11-2024T08:29:45 - [TEST_STEP][PASSED] - i = <not implemented yet for class: org.codehaus.groovy.ast.expr.EmptyExpression>: null

08-11-2024T08:29:45 - [TEST_STEP][PASSED] - ii = <not implemented yet for class: org.codehaus.groovy.ast.expr.EmptyExpression>: null

08-11-2024T08:29:45 - [TEST_STEP][PASSED] - c = <not implemented yet for class: org.codehaus.groovy.ast.expr.EmptyExpression>: null

08-11-2024T08:29:45 - [TEST_STEP][PASSED] - numberOfErrors = 0: null

08-11-2024T08:29:45 - [TEST_STEP][PASSED] - if (a == 82): null

08-11-2024T08:29:45 - [TEST_STEP][PASSED] - b = findTestData("PlanFact").getValue(1, a): null

08-11-2024T08:29:45 - [TEST_STEP][PASSED] - i = b.indexOf(" (ГК)"): null

08-11-2024T08:29:45 - [TEST_STEP][PASSED] - if (i > -1): null

08-11-2024T08:29:45 - [TEST_STEP][PASSED] - i = b.indexOf("О ""): null

08-11-2024T08:29:45 - [TEST_STEP][PASSED] - if (i > -1): null

08-11-2024T08:29:45 - [TEST_STEP][PASSED] - i = b.indexOf("О «"): null

08-11-2024T08:29:45 - [TEST_STEP][PASSED] - if (i > -1): null

08-11-2024T08:29:45 - [TEST_STEP][PASSED] - i = b.indexOf("г. "): null

08-11-2024T08:29:45 - [TEST_STEP][PASSED] - if (i > -1): null

08-11-2024T08:29:45 - [TEST_STEP][PASSED] - println(b): null

08-11-2024T08:29:45 - [TEST_STEP][PASSED] - for ([planFact = 1, planFact < 3, (planFact++)]): Object: 'Object Repository/Выполнение бизнес-плана/Кнопка Факт' is clicked on

08-11-2024T08:29:45 - [TEST_STEP][PASSED] - if (planFact == 1): null

08-11-2024T08:29:45 - [TEST_STEP][PASSED] - typeOfDataMain = "Факт": null

08-11-2024T08:29:45 - [TEST_STEP][PASSED] - otpusk = findTestData("PlanFact").getValue(5, a): null

08-11-2024T08:29:45 - [TEST_STEP][PASSED] - poteri = findTestData("PlanFact").getValue(6, a): null

08-11-2024T08:29:45 - [TEST_STEP][PASSED] - otpusk = otpusk.replaceAll("\s+", ""): null

08-11-2024T08:29:45 - [TEST_STEP][PASSED] - poteri = poteri.replaceAll("\s+", ""): null

08-11-2024T08:29:45 - [TEST_STEP][PASSED] - typeOfData = typeOfDataMain + " Отпуск в сеть": null

08-11-2024T08:29:45 - [TEST_STEP][PASSED] - if (a == 82): null

08-11-2024T08:29:45 - [TEST_STEP][PASSED] - else if (a == 84): null

08-11-2024T08:29:45 - [TEST_STEP][PASSED] - else if (a == 52 || a == 72 || a == 28 || a == 73 || a == 77 || a == 74 || a == 65 || a == 36 || a == 44 || a == 53 || a == 80 || a == 54 || a == 1 || a == 18 || a == 59 || a == 81): null

08-11-2024T08:29:45 - [TEST_STEP][PASSED] - else: null

08-11-2024T08:29:45 - [TEST_STEP][PASSED] - path = dataFolder + typeOfData + " за отчётный период " + b: null

08-11-2024T08:29:45 - [TEST_STEP][PASSED] - println(path): null

08-11-2024T08:29:45 - [TEST_STEP][PASSED] - page = getText(findTestObject(path)): Text of object 'Object Repository/Выполнение бизнес-плана/Значения со страницы Выполнение бизнес-плана/Факт Отпуск в сеть за отчётный период Алтайэнерго' is: '6 470 567'

08-11-2024T08:30:15 - [MESSAGE][PASSED] - Text of object 'Object Repository/Выполнение бизнес-плана/Значения со страницы Выполнение бизнес-плана/Факт Отпуск в сеть за отчётный период Алтайэнерго' is: '6 470 567'

08-11-2024T08:30:15 - [TEST_STEP][PASSED] - page = page.replaceAll("\s+", ""): null

08-11-2024T08:30:15 - [TEST_STEP][PASSED] - fileOtpuskVSet = otpusk.toInteger(): null

08-11-2024T08:30:15 - [TEST_STEP][PASSED] - pageOtpuskVSet = page.toInteger(): null

08-11-2024T08:30:15 - [TEST_STEP][PASSED] - typeOfData = typeOfDataMain + " Потери": null

08-11-2024T08:30:15 - [TEST_STEP][PASSED] - if (a == 82): null

08-11-2024T08:30:15 - [TEST_STEP][PASSED] - else if (a == 84): null

08-11-2024T08:30:15 - [TEST_STEP][PASSED] - else if (a == 52 || a == 72 || a == 28 || a == 73 || a == 77 || a == 74 || a == 65 || a == 36 || a == 44 || a == 53 || a == 80 || a == 54 || a == 1 || a == 18 || a == 59 || a == 81): null

08-11-2024T08:30:15 - [TEST_STEP][PASSED] - else: null

08-11-2024T08:30:15 - [TEST_STEP][PASSED] - path = dataFolder + typeOfData + " за отчётный период " + b: null

08-11-2024T08:30:15 - [TEST_STEP][PASSED] - page = getText(findTestObject(path)): Text of object 'Object Repository/Выполнение бизнес-плана/Значения со страницы Выполнение бизнес-плана/Факт Потери за отчётный период Алтайэнерго' is: '426 419'

08-11-2024T08:30:45 - [MESSAGE][PASSED] - Text of object 'Object Repository/Выполнение бизнес-плана/Значения со страницы Выполнение бизнес-плана/Факт Потери за отчётный период Алтайэнерго' is: '426 419'

08-11-2024T08:30:45 - [TEST_STEP][PASSED] - page = page.replaceAll("\s+", ""): null

08-11-2024T08:30:45 - [TEST_STEP][PASSED] - filePoteri = poteri.toInteger(): null

08-11-2024T08:30:45 - [TEST_STEP][PASSED] - pagePoteri = page.toInteger(): null

08-11-2024T08:30:45 - [TEST_STEP][PASSED] - compare = pageOtpuskVSet: null

08-11-2024T08:30:45 - [TEST_STEP][PASSED] - if (compare == fileOtpuskVSet): null

08-11-2024T08:30:45 - [TEST_STEP][PASSED] - if (compare == fileOtpuskVSet): null

08-11-2024T08:30:45 - [TEST_STEP][PASSED] - compare = pagePoteri: null

08-11-2024T08:30:45 - [TEST_STEP][PASSED] - if (compare == filePoteri): null

08-11-2024T08:30:45 - [TEST_STEP][PASSED] - if (compare == filePoteri): null

08-11-2024T08:30:45 - [TEST_STEP][PASSED] - if (planFact == 2): null

08-11-2024T08:30:45 - [TEST_STEP][PASSED] - if (planFact == 1): null

08-11-2024T08:30:45 - [TEST_STEP][PASSED] - else if (planFact == 2): null

08-11-2024T08:30:45 - [TEST_STEP][PASSED] - click(findTestObject("Выполнение бизнес-плана/Кнопка План")): Object: 'Object Repository/Выполнение бизнес-плана/Кнопка План' is clicked on

08-11-2024T08:31:15 - [MESSAGE][PASSED] - Object: 'Object Repository/Выполнение бизнес-плана/Кнопка План' is clicked on

08-11-2024T08:31:15 - [TEST_STEP][PASSED] - typeOfDataMain = "План": null

08-11-2024T08:31:15 - [TEST_STEP][PASSED] - otpusk = findTestData("PlanFact").getValue(2, a): null

08-11-2024T08:31:15 - [TEST_STEP][PASSED] - poteri = findTestData("PlanFact").getValue(3, a): null

08-11-2024T08:31:15 - [TEST_STEP][PASSED] - otpusk = otpusk.replaceAll("\s+", ""): null

08-11-2024T08:31:15 - [TEST_STEP][PASSED] - poteri = poteri.replaceAll("\s+", ""): null

08-11-2024T08:31:15 - [TEST_STEP][PASSED] - typeOfData = typeOfDataMain + " Отпуск в сеть": null

08-11-2024T08:31:15 - [TEST_STEP][PASSED] - if (a == 82): null

08-11-2024T08:31:15 - [TEST_STEP][PASSED] - else if (a == 84): null

08-11-2024T08:31:15 - [TEST_STEP][PASSED] - else if (a == 52 || a == 72 || a == 28 || a == 73 || a == 77 || a == 74 || a == 65 || a == 36 || a == 44 || a == 53 || a == 80 || a == 54 || a == 1 || a == 18 || a == 59 || a == 81): null

08-11-2024T08:31:15 - [TEST_STEP][PASSED] - else: null

08-11-2024T08:31:15 - [TEST_STEP][PASSED] - path = dataFolder + typeOfData + " за отчётный период " + b: null

08-11-2024T08:31:15 - [TEST_STEP][PASSED] - println(path): null

08-11-2024T08:31:15 - [TEST_STEP][PASSED] - page = getText(findTestObject(path)): Text of object 'Object Repository/Выполнение бизнес-плана/Значения со страницы Выполнение бизнес-плана/План Отпуск в сеть за отчётный период Алтайэнерго' is: '6 173 023'

08-11-2024T08:31:45 - [MESSAGE][PASSED] - Text of object 'Object Repository/Выполнение бизнес-плана/Значения со страницы Выполнение бизнес-плана/План Отпуск в сеть за отчётный период Алтайэнерго' is: '6 173 023'

08-11-2024T08:31:45 - [TEST_STEP][PASSED] - page = page.replaceAll("\s+", ""): null

08-11-2024T08:31:45 - [TEST_STEP][PASSED] - fileOtpuskVSet = otpusk.toInteger(): null

08-11-2024T08:31:45 - [TEST_STEP][PASSED] - pageOtpuskVSet = page.toInteger(): null

08-11-2024T08:31:45 - [TEST_STEP][PASSED] - typeOfData = typeOfDataMain + " Потери": null

08-11-2024T08:31:45 - [TEST_STEP][PASSED] - if (a == 82): null

08-11-2024T08:31:45 - [TEST_STEP][PASSED] - else if (a == 84): null

08-11-2024T08:31:45 - [TEST_STEP][PASSED] - else if (a == 52 || a == 72 || a == 28 || a == 73 || a == 77 || a == 74 || a == 65 || a == 36 || a == 44 || a == 53 || a == 80 || a == 54 || a == 1 || a == 18 || a == 59 || a == 81): null

08-11-2024T08:31:45 - [TEST_STEP][PASSED] - else: null

08-11-2024T08:31:45 - [TEST_STEP][PASSED] - path = dataFolder + typeOfData + " за отчётный период " + b: null

08-11-2024T08:31:45 - [TEST_STEP][PASSED] - page = getText(findTestObject(path)): Text of object 'Object Repository/Выполнение бизнес-плана/Значения со страницы Выполнение бизнес-плана/План Потери за отчётный период Алтайэнерго' is: '410 152'

08-11-2024T08:32:15 - [MESSAGE][PASSED] - Text of object 'Object Repository/Выполнение бизнес-плана/Значения со страницы Выполнение бизнес-плана/План Потери за отчётный период Алтайэнерго' is: '410 152'

08-11-2024T08:32:15 - [TEST_STEP][PASSED] - page = page.replaceAll("\s+", ""): null

08-11-2024T08:32:15 - [TEST_STEP][PASSED] - filePoteri = poteri.toInteger(): null

08-11-2024T08:32:15 - [TEST_STEP][PASSED] - pagePoteri = page.toInteger(): null

08-11-2024T08:32:15 - [TEST_STEP][PASSED] - compare = pageOtpuskVSet: null

08-11-2024T08:32:15 - [TEST_STEP][PASSED] - if (compare == fileOtpuskVSet): null

08-11-2024T08:32:15 - [TEST_STEP][PASSED] - if (compare == fileOtpuskVSet): null

08-11-2024T08:32:15 - [TEST_STEP][PASSED] - compare = pagePoteri: null

08-11-2024T08:32:15 - [TEST_STEP][PASSED] - if (compare == filePoteri): null

08-11-2024T08:32:15 - [TEST_STEP][PASSED] - if (compare == filePoteri): null

08-11-2024T08:32:15 - [TEST_STEP][PASSED] - if (planFact == 2): Object: 'Object Repository/Выполнение бизнес-плана/Кнопка Факт' is clicked on

08-11-2024T08:32:15 - [TEST_STEP][PASSED] - click(findTestObject("Выполнение бизнес-плана/Кнопка Факт")): Object: 'Object Repository/Выполнение бизнес-плана/Кнопка Факт' is clicked on

08-11-2024T08:32:45 - [MESSAGE][PASSED] - Object: 'Object Repository/Выполнение бизнес-плана/Кнопка Факт' is clicked on

08-11-2024T08:32:45 - [TEST_STEP][PASSED] - if (a == 84 || a == 82): null

08-11-2024T08:32:45 - [TEST_STEP][PASSED] - else if (a == 52 || a == 72 || a == 28 || a == 73 || a == 77 || a == 74 || a == 65 || a == 36 || a == 44 || a == 53 || a == 80 || a == 54 || a == 1 || a == 18 || a == 59 || a == 81): null

08-11-2024T08:32:45 - [TEST_STEP][PASSED] - else: null

08-11-2024T08:32:45 - [TEST_STEP][PASSED] - page1 = getText(findTestObject("Object Repository/Выполнение бизнес-плана/spanPlan" + filialNum)): Text of object 'Object Repository/Выполнение бизнес-плана/spanPlan1' is: '6.64
|'

08-11-2024T08:33:16 - [MESSAGE][PASSED] - Text of object 'Object Repository/Выполнение бизнес-плана/spanPlan1' is: '6.64
|'

08-11-2024T08:33:16 - [TEST_STEP][PASSED] - page1 = page1.replace("|", ""): null

08-11-2024T08:33:16 - [TEST_STEP][PASSED] - page2 = getText(findTestObject("Object Repository/Выполнение бизнес-плана/spanFact" + filialNum)): Text of object 'Object Repository/Выполнение бизнес-плана/spanFact1' is: '6.59
|'

08-11-2024T08:33:46 - [MESSAGE][PASSED] - Text of object 'Object Repository/Выполнение бизнес-плана/spanFact1' is: '6.59
|'

08-11-2024T08:33:46 - [TEST_STEP][PASSED] - page2 = page2.replace("|", ""): null

08-11-2024T08:33:46 - [TEST_STEP][PASSED] - println("page1: " + page1): null

08-11-2024T08:33:46 - [TEST_STEP][PASSED] - println("page2: " + page2): null

08-11-2024T08:33:46 - [TEST_STEP][PASSED] - file = findTestData("PlanFact").getValue(4, a): null

08-11-2024T08:33:46 - [TEST_STEP][PASSED] - file = file.replace(",", "."): null

08-11-2024T08:33:46 - [TEST_STEP][PASSED] - println("file Plan: " + file): null

08-11-2024T08:33:46 - [TEST_STEP][PASSED] - typeOfData = "План в процентах": null

08-11-2024T08:33:46 - [TEST_STEP][PASSED] - fileDouble = file.toDouble(): null

08-11-2024T08:33:46 - [TEST_STEP][PASSED] - pageDouble = page1.toDouble(): null

08-11-2024T08:33:46 - [TEST_STEP][PASSED] - if (fileDouble != pageDouble): null

08-11-2024T08:33:46 - [TEST_STEP][PASSED] - file = findTestData("PlanFact").getValue(7, a): null

08-11-2024T08:33:46 - [TEST_STEP][PASSED] - file = file.replace(",", "."): null

08-11-2024T08:33:46 - [TEST_STEP][PASSED] - println("file Fact: " + file): null

08-11-2024T08:33:46 - [TEST_STEP][PASSED] - fileDouble = file.toDouble(): null

08-11-2024T08:33:46 - [TEST_STEP][PASSED] - typeOfData = "Факт в процентах": null

08-11-2024T08:33:46 - [TEST_STEP][PASSED] - fileDouble = file.toDouble(): null

08-11-2024T08:33:46 - [TEST_STEP][PASSED] - pageDouble = page2.toDouble(): null

08-11-2024T08:33:46 - [TEST_STEP][PASSED] - if (fileDouble != pageDouble): null

08-11-2024T08:33:46 - [TEST_STEP][PASSED] - if (verifyEqual(numberOfErrors, 0) == false): Actual object '0' and expected object '0' are equal

08-11-2024T08:33:46 - [MESSAGE][PASSED] - Actual object '0' and expected object '0' are equal

08-11-2024T08:33:46 - [TEST_STEP][PASSED] - if (a == 82): null

08-11-2024T08:33:46 - [TEST_STEP][PASSED] - dZO = "Бурятэнерго": null

08-11-2024T08:33:46 - [TEST_STEP][PASSED] - a = 46: null

08-11-2024T08:33:46 - [TEST_STEP][PASSED] - if (x2.contains(dZO)): null

08-11-2024T08:33:46 - [TEST_STEP][PASSED] - filialNum = filialNum + 1: null

08-11-2024T08:33:46 - [TEST_STEP][PASSED] - Script1718980020443.Numbers(a, typeOfData, todaysDate, pageInt, fileInt, pageDouble, fileDouble, dZO, dzoNum, filialNum): null

08-11-2024T08:33:46 - [TEST_STEP][PASSED] - println(dzoNum): null

08-11-2024T08:33:46 - [TEST_STEP][PASSED] - planFact = <not implemented yet for class: org.codehaus.groovy.ast.expr.EmptyExpression>: null

08-11-2024T08:33:46 - [TEST_STEP][PASSED] - page = <not implemented yet for class: org.codehaus.groovy.ast.expr.EmptyExpression>: null

08-11-2024T08:33:46 - [TEST_STEP][PASSED] - page1 = <not implemented yet for class: org.codehaus.groovy.ast.expr.EmptyExpression>: null

08-11-2024T08:33:46 - [TEST_STEP][PASSED] - page2 = <not implemented yet for class: org.codehaus.groovy.ast.expr.EmptyExpression>: null

08-11-2024T08:33:46 - [TEST_STEP][PASSED] - filialNumberInRow = <not implemented yet for class: org.codehaus.groovy.ast.expr.EmptyExpression>: null

08-11-2024T08:33:46 - [TEST_STEP][PASSED] - filialsDzoNames = <not implemented yet for class: org.codehaus.groovy.ast.expr.EmptyExpression>: null

08-11-2024T08:33:46 - [TEST_STEP][PASSED] - numberOfFilials = <not implemented yet for class: org.codehaus.groovy.ast.expr.EmptyExpression>: null

08-11-2024T08:33:46 - [TEST_STEP][PASSED] - numberOfSpaces = <not implemented yet for class: org.codehaus.groovy.ast.expr.EmptyExpression>: null

08-11-2024T08:33:46 - [TEST_STEP][PASSED] - file = <not implemented yet for class: org.codehaus.groovy.ast.expr.EmptyExpression>: null

08-11-2024T08:33:46 - [TEST_STEP][PASSED] - otpusk = <not implemented yet for class: org.codehaus.groovy.ast.expr.EmptyExpression>: null

08-11-2024T08:33:46 - [TEST_STEP][PASSED] - poteri = <not implemented yet for class: org.codehaus.groovy.ast.expr.EmptyExpression>: null

08-11-2024T08:33:46 - [TEST_STEP][PASSED] - dataFolder = "Выполнение бизнес-плана/Значения со страницы Выполнение бизнес-плана/": null

08-11-2024T08:33:46 - [TEST_STEP][PASSED] - path = <not implemented yet for class: org.codehaus.groovy.ast.expr.EmptyExpression>: null

08-11-2024T08:33:46 - [TEST_STEP][PASSED] - typeOfDataMain = <not implemented yet for class: org.codehaus.groovy.ast.expr.EmptyExpression>: null

08-11-2024T08:33:46 - [TEST_STEP][PASSED] - fileOtpuskVSet = <not implemented yet for class: org.codehaus.groovy.ast.expr.EmptyExpression>: null

08-11-2024T08:33:46 - [TEST_STEP][PASSED] - pageOtpuskVSet = <not implemented yet for class: org.codehaus.groovy.ast.expr.EmptyExpression>: null

08-11-2024T08:33:46 - [TEST_STEP][PASSED] - filePoteri = <not implemented yet for class: org.codehaus.groovy.ast.expr.EmptyExpression>: null

08-11-2024T08:33:46 - [TEST_STEP][PASSED] - pagePoteri = <not implemented yet for class: org.codehaus.groovy.ast.expr.EmptyExpression>: null

08-11-2024T08:33:46 - [TEST_STEP][PASSED] - compare = <not implemented yet for class: org.codehaus.groovy.ast.expr.EmptyExpression>: null

08-11-2024T08:33:46 - [TEST_STEP][PASSED] - b = <not implemented yet for class: org.codehaus.groovy.ast.expr.EmptyExpression>: null

08-11-2024T08:33:46 - [TEST_STEP][PASSED] - i = <not implemented yet for class: org.codehaus.groovy.ast.expr.EmptyExpression>: null

08-11-2024T08:33:46 - [TEST_STEP][PASSED] - ii = <not implemented yet for class: org.codehaus.groovy.ast.expr.EmptyExpression>: null

08-11-2024T08:33:46 - [TEST_STEP][PASSED] - c = <not implemented yet for class: org.codehaus.groovy.ast.expr.EmptyExpression>: null

08-11-2024T08:33:46 - [TEST_STEP][PASSED] - numberOfErrors = 0: null

08-11-2024T08:33:46 - [TEST_STEP][PASSED] - if (a == 82): null

08-11-2024T08:33:46 - [TEST_STEP][PASSED] - b = findTestData("PlanFact").getValue(1, a): null

08-11-2024T08:33:46 - [TEST_STEP][PASSED] - i = b.indexOf(" (ГК)"): null

08-11-2024T08:33:46 - [TEST_STEP][PASSED] - if (i > -1): null

08-11-2024T08:33:46 - [TEST_STEP][PASSED] - i = b.indexOf("О ""): null

08-11-2024T08:33:46 - [TEST_STEP][PASSED] - if (i > -1): null

08-11-2024T08:33:46 - [TEST_STEP][PASSED] - i = b.indexOf("О «"): null

08-11-2024T08:33:46 - [TEST_STEP][PASSED] - if (i > -1): null

08-11-2024T08:33:46 - [TEST_STEP][PASSED] - i = b.indexOf("г. "): null

08-11-2024T08:33:46 - [TEST_STEP][PASSED] - if (i > -1): null

08-11-2024T08:33:46 - [TEST_STEP][PASSED] - println(b): null

08-11-2024T08:33:46 - [TEST_STEP][PASSED] - for ([planFact = 1, planFact < 3, (planFact++)]): Object: 'Object Repository/Выполнение бизнес-плана/Кнопка Факт' is clicked on

08-11-2024T08:33:46 - [TEST_STEP][PASSED] - if (planFact == 1): null

08-11-2024T08:33:46 - [TEST_STEP][PASSED] - typeOfDataMain = "Факт": null

08-11-2024T08:33:46 - [TEST_STEP][PASSED] - otpusk = findTestData("PlanFact").getValue(5, a): null

08-11-2024T08:33:46 - [TEST_STEP][PASSED] - poteri = findTestData("PlanFact").getValue(6, a): null

08-11-2024T08:33:46 - [TEST_STEP][PASSED] - otpusk = otpusk.replaceAll("\s+", ""): null

08-11-2024T08:33:46 - [TEST_STEP][PASSED] - poteri = poteri.replaceAll("\s+", ""): null

08-11-2024T08:33:46 - [TEST_STEP][PASSED] - typeOfData = typeOfDataMain + " Отпуск в сеть": null

08-11-2024T08:33:46 - [TEST_STEP][PASSED] - if (a == 82): null

08-11-2024T08:33:46 - [TEST_STEP][PASSED] - else if (a == 84): null

08-11-2024T08:33:46 - [TEST_STEP][PASSED] - else if (a == 52 || a == 72 || a == 28 || a == 73 || a == 77 || a == 74 || a == 65 || a == 36 || a == 44 || a == 53 || a == 80 || a == 54 || a == 1 || a == 18 || a == 59 || a == 81): null

08-11-2024T08:33:46 - [TEST_STEP][PASSED] - else: null

08-11-2024T08:33:46 - [TEST_STEP][PASSED] - path = dataFolder + typeOfData + " за отчётный период " + b: null

08-11-2024T08:33:46 - [TEST_STEP][PASSED] - println(path): null

08-11-2024T08:33:46 - [TEST_STEP][PASSED] - page = getText(findTestObject(path)): Text of object 'Object Repository/Выполнение бизнес-плана/Значения со страницы Выполнение бизнес-плана/Факт Отпуск в сеть за отчётный период Бурятэнерго' is: '3 766 037'

08-11-2024T08:34:16 - [MESSAGE][PASSED] - Text of object 'Object Repository/Выполнение бизнес-плана/Значения со страницы Выполнение бизнес-плана/Факт Отпуск в сеть за отчётный период Бурятэнерго' is: '3 766 037'

08-11-2024T08:34:16 - [TEST_STEP][PASSED] - page = page.replaceAll("\s+", ""): null

08-11-2024T08:34:16 - [TEST_STEP][PASSED] - fileOtpuskVSet = otpusk.toInteger(): null

08-11-2024T08:34:16 - [TEST_STEP][PASSED] - pageOtpuskVSet = page.toInteger(): null

08-11-2024T08:34:16 - [TEST_STEP][PASSED] - typeOfData = typeOfDataMain + " Потери": null

08-11-2024T08:34:16 - [TEST_STEP][PASSED] - if (a == 82): null

08-11-2024T08:34:16 - [TEST_STEP][PASSED] - else if (a == 84): null

08-11-2024T08:34:16 - [TEST_STEP][PASSED] - else if (a == 52 || a == 72 || a == 28 || a == 73 || a == 77 || a == 74 || a == 65 || a == 36 || a == 44 || a == 53 || a == 80 || a == 54 || a == 1 || a == 18 || a == 59 || a == 81): null

08-11-2024T08:34:16 - [TEST_STEP][PASSED] - else: null

08-11-2024T08:34:16 - [TEST_STEP][PASSED] - path = dataFolder + typeOfData + " за отчётный период " + b: null

08-11-2024T08:34:16 - [TEST_STEP][PASSED] - page = getText(findTestObject(path)): Text of object 'Object Repository/Выполнение бизнес-плана/Значения со страницы Выполнение бизнес-плана/Факт Потери за отчётный период Бурятэнерго' is: '403 447'

08-11-2024T08:34:46 - [MESSAGE][PASSED] - Text of object 'Object Repository/Выполнение бизнес-плана/Значения со страницы Выполнение бизнес-плана/Факт Потери за отчётный период Бурятэнерго' is: '403 447'

08-11-2024T08:34:46 - [TEST_STEP][PASSED] - page = page.replaceAll("\s+", ""): null

08-11-2024T08:34:46 - [TEST_STEP][PASSED] - filePoteri = poteri.toInteger(): null

08-11-2024T08:34:46 - [TEST_STEP][PASSED] - pagePoteri = page.toInteger(): null

08-11-2024T08:34:46 - [TEST_STEP][PASSED] - compare = pageOtpuskVSet: null

08-11-2024T08:34:46 - [TEST_STEP][PASSED] - if (compare == fileOtpuskVSet): null

08-11-2024T08:34:46 - [TEST_STEP][PASSED] - if (compare == fileOtpuskVSet): null

08-11-2024T08:34:46 - [TEST_STEP][PASSED] - compare = pagePoteri: null

08-11-2024T08:34:46 - [TEST_STEP][PASSED] - if (compare == filePoteri): null

08-11-2024T08:34:46 - [TEST_STEP][PASSED] - if (compare == filePoteri): null

08-11-2024T08:34:46 - [TEST_STEP][PASSED] - if (planFact == 2): null

08-11-2024T08:34:46 - [TEST_STEP][PASSED] - if (planFact == 1): null

08-11-2024T08:34:46 - [TEST_STEP][PASSED] - else if (planFact == 2): null

08-11-2024T08:34:46 - [TEST_STEP][PASSED] - click(findTestObject("Выполнение бизнес-плана/Кнопка План")): Object: 'Object Repository/Выполнение бизнес-плана/Кнопка План' is clicked on

08-11-2024T08:35:16 - [MESSAGE][PASSED] - Object: 'Object Repository/Выполнение бизнес-плана/Кнопка План' is clicked on

08-11-2024T08:35:16 - [TEST_STEP][PASSED] - typeOfDataMain = "План": null

08-11-2024T08:35:16 - [TEST_STEP][PASSED] - otpusk = findTestData("PlanFact").getValue(2, a): null

08-11-2024T08:35:16 - [TEST_STEP][PASSED] - poteri = findTestData("PlanFact").getValue(3, a): null

08-11-2024T08:35:16 - [TEST_STEP][PASSED] - otpusk = otpusk.replaceAll("\s+", ""): null

08-11-2024T08:35:16 - [TEST_STEP][PASSED] - poteri = poteri.replaceAll("\s+", ""): null

08-11-2024T08:35:16 - [TEST_STEP][PASSED] - typeOfData = typeOfDataMain + " Отпуск в сеть": null

08-11-2024T08:35:16 - [TEST_STEP][PASSED] - if (a == 82): null

08-11-2024T08:35:16 - [TEST_STEP][PASSED] - else if (a == 84): null

08-11-2024T08:35:16 - [TEST_STEP][PASSED] - else if (a == 52 || a == 72 || a == 28 || a == 73 || a == 77 || a == 74 || a == 65 || a == 36 || a == 44 || a == 53 || a == 80 || a == 54 || a == 1 || a == 18 || a == 59 || a == 81): null

08-11-2024T08:35:16 - [TEST_STEP][PASSED] - else: null

08-11-2024T08:35:16 - [TEST_STEP][PASSED] - path = dataFolder + typeOfData + " за отчётный период " + b: null

08-11-2024T08:35:16 - [TEST_STEP][PASSED] - println(path): null

08-11-2024T08:35:16 - [TEST_STEP][PASSED] - page = getText(findTestObject(path)): Text of object 'Object Repository/Выполнение бизнес-плана/Значения со страницы Выполнение бизнес-плана/План Отпуск в сеть за отчётный период Бурятэнерго' is: '3 621 111'

08-11-2024T08:35:46 - [MESSAGE][PASSED] - Text of object 'Object Repository/Выполнение бизнес-плана/Значения со страницы Выполнение бизнес-плана/План Отпуск в сеть за отчётный период Бурятэнерго' is: '3 621 111'

08-11-2024T08:35:46 - [TEST_STEP][PASSED] - page = page.replaceAll("\s+", ""): null

08-11-2024T08:35:46 - [TEST_STEP][PASSED] - fileOtpuskVSet = otpusk.toInteger(): null

08-11-2024T08:35:46 - [TEST_STEP][PASSED] - pageOtpuskVSet = page.toInteger(): null

08-11-2024T08:35:46 - [TEST_STEP][PASSED] - typeOfData = typeOfDataMain + " Потери": null

08-11-2024T08:35:46 - [TEST_STEP][PASSED] - if (a == 82): null

08-11-2024T08:35:46 - [TEST_STEP][PASSED] - else if (a == 84): null

08-11-2024T08:35:46 - [TEST_STEP][PASSED] - else if (a == 52 || a == 72 || a == 28 || a == 73 || a == 77 || a == 74 || a == 65 || a == 36 || a == 44 || a == 53 || a == 80 || a == 54 || a == 1 || a == 18 || a == 59 || a == 81): null

08-11-2024T08:35:46 - [TEST_STEP][PASSED] - else: null

08-11-2024T08:35:46 - [TEST_STEP][PASSED] - path = dataFolder + typeOfData + " за отчётный период " + b: null

08-11-2024T08:35:46 - [TEST_STEP][PASSED] - page = getText(findTestObject(path)): Text of object 'Object Repository/Выполнение бизнес-плана/Значения со страницы Выполнение бизнес-плана/План Потери за отчётный период Бурятэнерго' is: '373 445'

08-11-2024T08:36:16 - [MESSAGE][PASSED] - Text of object 'Object Repository/Выполнение бизнес-плана/Значения со страницы Выполнение бизнес-плана/План Потери за отчётный период Бурятэнерго' is: '373 445'

08-11-2024T08:36:16 - [TEST_STEP][PASSED] - page = page.replaceAll("\s+", ""): null

08-11-2024T08:36:16 - [TEST_STEP][PASSED] - filePoteri = poteri.toInteger(): null

08-11-2024T08:36:16 - [TEST_STEP][PASSED] - pagePoteri = page.toInteger(): null

08-11-2024T08:36:16 - [TEST_STEP][PASSED] - compare = pageOtpuskVSet: null

08-11-2024T08:36:16 - [TEST_STEP][PASSED] - if (compare == fileOtpuskVSet): null

08-11-2024T08:36:16 - [TEST_STEP][PASSED] - if (compare == fileOtpuskVSet): null

08-11-2024T08:36:16 - [TEST_STEP][PASSED] - compare = pagePoteri: null

08-11-2024T08:36:16 - [TEST_STEP][PASSED] - if (compare == filePoteri): null

08-11-2024T08:36:16 - [TEST_STEP][PASSED] - if (compare == filePoteri): null

08-11-2024T08:36:16 - [TEST_STEP][PASSED] - if (planFact == 2): Object: 'Object Repository/Выполнение бизнес-плана/Кнопка Факт' is clicked on

08-11-2024T08:36:16 - [TEST_STEP][PASSED] - click(findTestObject("Выполнение бизнес-плана/Кнопка Факт")): Object: 'Object Repository/Выполнение бизнес-плана/Кнопка Факт' is clicked on

08-11-2024T08:36:46 - [MESSAGE][PASSED] - Object: 'Object Repository/Выполнение бизнес-плана/Кнопка Факт' is clicked on

08-11-2024T08:36:46 - [TEST_STEP][PASSED] - if (a == 84 || a == 82): null

08-11-2024T08:36:46 - [TEST_STEP][PASSED] - else if (a == 52 || a == 72 || a == 28 || a == 73 || a == 77 || a == 74 || a == 65 || a == 36 || a == 44 || a == 53 || a == 80 || a == 54 || a == 1 || a == 18 || a == 59 || a == 81): null

08-11-2024T08:36:46 - [TEST_STEP][PASSED] - else: null

08-11-2024T08:36:46 - [TEST_STEP][PASSED] - page1 = getText(findTestObject("Object Repository/Выполнение бизнес-плана/spanPlan" + filialNum)): Text of object 'Object Repository/Выполнение бизнес-плана/spanPlan2' is: '10.31
|'

08-11-2024T08:37:17 - [MESSAGE][PASSED] - Text of object 'Object Repository/Выполнение бизнес-плана/spanPlan2' is: '10.31
|'

08-11-2024T08:37:17 - [TEST_STEP][PASSED] - page1 = page1.replace("|", ""): null

08-11-2024T08:37:17 - [TEST_STEP][PASSED] - page2 = getText(findTestObject("Object Repository/Выполнение бизнес-плана/spanFact" + filialNum)): Text of object 'Object Repository/Выполнение бизнес-плана/spanFact2' is: '10.71
|'

08-11-2024T08:37:47 - [MESSAGE][PASSED] - Text of object 'Object Repository/Выполнение бизнес-плана/spanFact2' is: '10.71
|'

08-11-2024T08:37:47 - [TEST_STEP][PASSED] - page2 = page2.replace("|", ""): null

08-11-2024T08:37:47 - [TEST_STEP][PASSED] - println("page1: " + page1): null

08-11-2024T08:37:47 - [TEST_STEP][PASSED] - println("page2: " + page2): null

08-11-2024T08:37:47 - [TEST_STEP][PASSED] - file = findTestData("PlanFact").getValue(4, a): null

08-11-2024T08:37:47 - [TEST_STEP][PASSED] - file = file.replace(",", "."): null

08-11-2024T08:37:47 - [TEST_STEP][PASSED] - println("file Plan: " + file): null

08-11-2024T08:37:47 - [TEST_STEP][PASSED] - typeOfData = "План в процентах": null

08-11-2024T08:37:47 - [TEST_STEP][PASSED] - fileDouble = file.toDouble(): null

08-11-2024T08:37:47 - [TEST_STEP][PASSED] - pageDouble = page1.toDouble(): null

08-11-2024T08:37:47 - [TEST_STEP][PASSED] - if (fileDouble != pageDouble): null

08-11-2024T08:37:47 - [TEST_STEP][PASSED] - file = findTestData("PlanFact").getValue(7, a): null

08-11-2024T08:37:47 - [TEST_STEP][PASSED] - file = file.replace(",", "."): null

08-11-2024T08:37:47 - [TEST_STEP][PASSED] - println("file Fact: " + file): null

08-11-2024T08:37:47 - [TEST_STEP][PASSED] - fileDouble = file.toDouble(): null

08-11-2024T08:37:47 - [TEST_STEP][PASSED] - typeOfData = "Факт в процентах": null

08-11-2024T08:37:47 - [TEST_STEP][PASSED] - fileDouble = file.toDouble(): null

08-11-2024T08:37:47 - [TEST_STEP][PASSED] - pageDouble = page2.toDouble(): null

08-11-2024T08:37:47 - [TEST_STEP][PASSED] - if (fileDouble != pageDouble): null

08-11-2024T08:37:47 - [TEST_STEP][PASSED] - if (verifyEqual(numberOfErrors, 0) == false): Actual object '0' and expected object '0' are equal

08-11-2024T08:37:47 - [MESSAGE][PASSED] - Actual object '0' and expected object '0' are equal

08-11-2024T08:37:47 - [TEST_STEP][PASSED] - if (a == 82): null

08-11-2024T08:37:47 - [TEST_STEP][PASSED] - dZO = "Красноярскэнерго": null

08-11-2024T08:37:47 - [TEST_STEP][PASSED] - a = 47: null

08-11-2024T08:37:47 - [TEST_STEP][PASSED] - if (x2.contains(dZO)): null

08-11-2024T08:37:47 - [TEST_STEP][PASSED] - filialNum = filialNum + 1: null

08-11-2024T08:37:47 - [TEST_STEP][PASSED] - Script1718980020443.Numbers(a, typeOfData, todaysDate, pageInt, fileInt, pageDouble, fileDouble, dZO, dzoNum, filialNum): null

08-11-2024T08:37:47 - [TEST_STEP][PASSED] - println(dzoNum): null

08-11-2024T08:37:47 - [TEST_STEP][PASSED] - planFact = <not implemented yet for class: org.codehaus.groovy.ast.expr.EmptyExpression>: null

08-11-2024T08:37:47 - [TEST_STEP][PASSED] - page = <not implemented yet for class: org.codehaus.groovy.ast.expr.EmptyExpression>: null

08-11-2024T08:37:47 - [TEST_STEP][PASSED] - page1 = <not implemented yet for class: org.codehaus.groovy.ast.expr.EmptyExpression>: null

08-11-2024T08:37:47 - [TEST_STEP][PASSED] - page2 = <not implemented yet for class: org.codehaus.groovy.ast.expr.EmptyExpression>: null

08-11-2024T08:37:47 - [TEST_STEP][PASSED] - filialNumberInRow = <not implemented yet for class: org.codehaus.groovy.ast.expr.EmptyExpression>: null

08-11-2024T08:37:47 - [TEST_STEP][PASSED] - filialsDzoNames = <not implemented yet for class: org.codehaus.groovy.ast.expr.EmptyExpression>: null

08-11-2024T08:37:47 - [TEST_STEP][PASSED] - numberOfFilials = <not implemented yet for class: org.codehaus.groovy.ast.expr.EmptyExpression>: null

08-11-2024T08:37:47 - [TEST_STEP][PASSED] - numberOfSpaces = <not implemented yet for class: org.codehaus.groovy.ast.expr.EmptyExpression>: null

08-11-2024T08:37:47 - [TEST_STEP][PASSED] - file = <not implemented yet for class: org.codehaus.groovy.ast.expr.EmptyExpression>: null

08-11-2024T08:37:47 - [TEST_STEP][PASSED] - otpusk = <not implemented yet for class: org.codehaus.groovy.ast.expr.EmptyExpression>: null

08-11-2024T08:37:47 - [TEST_STEP][PASSED] - poteri = <not implemented yet for class: org.codehaus.groovy.ast.expr.EmptyExpression>: null

08-11-2024T08:37:47 - [TEST_STEP][PASSED] - dataFolder = "Выполнение бизнес-плана/Значения со страницы Выполнение бизнес-плана/": null

08-11-2024T08:37:47 - [TEST_STEP][PASSED] - path = <not implemented yet for class: org.codehaus.groovy.ast.expr.EmptyExpression>: null

08-11-2024T08:37:47 - [TEST_STEP][PASSED] - typeOfDataMain = <not implemented yet for class: org.codehaus.groovy.ast.expr.EmptyExpression>: null

08-11-2024T08:37:47 - [TEST_STEP][PASSED] - fileOtpuskVSet = <not implemented yet for class: org.codehaus.groovy.ast.expr.EmptyExpression>: null

08-11-2024T08:37:47 - [TEST_STEP][PASSED] - pageOtpuskVSet = <not implemented yet for class: org.codehaus.groovy.ast.expr.EmptyExpression>: null

08-11-2024T08:37:47 - [TEST_STEP][PASSED] - filePoteri = <not implemented yet for class: org.codehaus.groovy.ast.expr.EmptyExpression>: null

08-11-2024T08:37:47 - [TEST_STEP][PASSED] - pagePoteri = <not implemented yet for class: org.codehaus.groovy.ast.expr.EmptyExpression>: null

08-11-2024T08:37:47 - [TEST_STEP][PASSED] - compare = <not implemented yet for class: org.codehaus.groovy.ast.expr.EmptyExpression>: null

08-11-2024T08:37:47 - [TEST_STEP][PASSED] - b = <not implemented yet for class: org.codehaus.groovy.ast.expr.EmptyExpression>: null

08-11-2024T08:37:47 - [TEST_STEP][PASSED] - i = <not implemented yet for class: org.codehaus.groovy.ast.expr.EmptyExpression>: null

08-11-2024T08:37:47 - [TEST_STEP][PASSED] - ii = <not implemented yet for class: org.codehaus.groovy.ast.expr.EmptyExpression>: null

08-11-2024T08:37:47 - [TEST_STEP][PASSED] - c = <not implemented yet for class: org.codehaus.groovy.ast.expr.EmptyExpression>: null

08-11-2024T08:37:47 - [TEST_STEP][PASSED] - numberOfErrors = 0: null

08-11-2024T08:37:47 - [TEST_STEP][PASSED] - if (a == 82): null

08-11-2024T08:37:47 - [TEST_STEP][PASSED] - b = findTestData("PlanFact").getValue(1, a): null

08-11-2024T08:37:47 - [TEST_STEP][PASSED] - i = b.indexOf(" (ГК)"): null

08-11-2024T08:37:47 - [TEST_STEP][PASSED] - if (i > -1): null

08-11-2024T08:37:47 - [TEST_STEP][PASSED] - i = b.indexOf("О ""): null

08-11-2024T08:37:47 - [TEST_STEP][PASSED] - if (i > -1): null

08-11-2024T08:37:47 - [TEST_STEP][PASSED] - i = b.indexOf("О «"): null

08-11-2024T08:37:47 - [TEST_STEP][PASSED] - if (i > -1): null

08-11-2024T08:37:47 - [TEST_STEP][PASSED] - i = b.indexOf("г. "): null

08-11-2024T08:37:47 - [TEST_STEP][PASSED] - if (i > -1): null

08-11-2024T08:37:47 - [TEST_STEP][PASSED] - println(b): null

08-11-2024T08:37:47 - [TEST_STEP][PASSED] - for ([planFact = 1, planFact < 3, (planFact++)]): Object: 'Object Repository/Выполнение бизнес-плана/Кнопка Факт' is clicked on

08-11-2024T08:37:47 - [TEST_STEP][PASSED] - if (planFact == 1): null

08-11-2024T08:37:47 - [TEST_STEP][PASSED] - typeOfDataMain = "Факт": null

08-11-2024T08:37:47 - [TEST_STEP][PASSED] - otpusk = findTestData("PlanFact").getValue(5, a): null

08-11-2024T08:37:47 - [TEST_STEP][PASSED] - poteri = findTestData("PlanFact").getValue(6, a): null

08-11-2024T08:37:47 - [TEST_STEP][PASSED] - otpusk = otpusk.replaceAll("\s+", ""): null

08-11-2024T08:37:47 - [TEST_STEP][PASSED] - poteri = poteri.replaceAll("\s+", ""): null

08-11-2024T08:37:47 - [TEST_STEP][PASSED] - typeOfData = typeOfDataMain + " Отпуск в сеть": null

08-11-2024T08:37:47 - [TEST_STEP][PASSED] - if (a == 82): null

08-11-2024T08:37:47 - [TEST_STEP][PASSED] - else if (a == 84): null

08-11-2024T08:37:47 - [TEST_STEP][PASSED] - else if (a == 52 || a == 72 || a == 28 || a == 73 || a == 77 || a == 74 || a == 65 || a == 36 || a == 44 || a == 53 || a == 80 || a == 54 || a == 1 || a == 18 || a == 59 || a == 81): null

08-11-2024T08:37:47 - [TEST_STEP][PASSED] - else: null

08-11-2024T08:37:47 - [TEST_STEP][PASSED] - path = dataFolder + typeOfData + " за отчётный период " + b: null

08-11-2024T08:37:47 - [TEST_STEP][PASSED] - println(path): null

08-11-2024T08:37:47 - [TEST_STEP][PASSED] - page = getText(findTestObject(path)): Text of object 'Object Repository/Выполнение бизнес-плана/Значения со страницы Выполнение бизнес-плана/Факт Отпуск в сеть за отчётный период Красноярскэнерго' is: '10 907 615'

08-11-2024T08:38:17 - [MESSAGE][PASSED] - Text of object 'Object Repository/Выполнение бизнес-плана/Значения со страницы Выполнение бизнес-плана/Факт Отпуск в сеть за отчётный период Красноярскэнерго' is: '10 907 615'

08-11-2024T08:38:17 - [TEST_STEP][PASSED] - page = page.replaceAll("\s+", ""): null

08-11-2024T08:38:17 - [TEST_STEP][PASSED] - fileOtpuskVSet = otpusk.toInteger(): null

08-11-2024T08:38:17 - [TEST_STEP][PASSED] - pageOtpuskVSet = page.toInteger(): null

08-11-2024T08:38:17 - [TEST_STEP][PASSED] - typeOfData = typeOfDataMain + " Потери": null

08-11-2024T08:38:17 - [TEST_STEP][PASSED] - if (a == 82): null

08-11-2024T08:38:17 - [TEST_STEP][PASSED] - else if (a == 84): null

08-11-2024T08:38:17 - [TEST_STEP][PASSED] - else if (a == 52 || a == 72 || a == 28 || a == 73 || a == 77 || a == 74 || a == 65 || a == 36 || a == 44 || a == 53 || a == 80 || a == 54 || a == 1 || a == 18 || a == 59 || a == 81): null

08-11-2024T08:38:17 - [TEST_STEP][PASSED] - else: null

08-11-2024T08:38:17 - [TEST_STEP][PASSED] - path = dataFolder + typeOfData + " за отчётный период " + b: null

08-11-2024T08:38:17 - [TEST_STEP][PASSED] - page = getText(findTestObject(path)): Text of object 'Object Repository/Выполнение бизнес-плана/Значения со страницы Выполнение бизнес-плана/Факт Потери за отчётный период Красноярскэнерго' is: '1 002 042'

08-11-2024T08:38:47 - [MESSAGE][PASSED] - Text of object 'Object Repository/Выполнение бизнес-плана/Значения со страницы Выполнение бизнес-плана/Факт Потери за отчётный период Красноярскэнерго' is: '1 002 042'

08-11-2024T08:38:47 - [TEST_STEP][PASSED] - page = page.replaceAll("\s+", ""): null

08-11-2024T08:38:47 - [TEST_STEP][PASSED] - filePoteri = poteri.toInteger(): null

08-11-2024T08:38:47 - [TEST_STEP][PASSED] - pagePoteri = page.toInteger(): null

08-11-2024T08:38:47 - [TEST_STEP][PASSED] - compare = pageOtpuskVSet: null

08-11-2024T08:38:47 - [TEST_STEP][PASSED] - if (compare == fileOtpuskVSet): null

08-11-2024T08:38:47 - [TEST_STEP][PASSED] - if (compare == fileOtpuskVSet): null

08-11-2024T08:38:47 - [TEST_STEP][PASSED] - compare = pagePoteri: null

08-11-2024T08:38:47 - [TEST_STEP][PASSED] - if (compare == filePoteri): null

08-11-2024T08:38:47 - [TEST_STEP][PASSED] - if (compare == filePoteri): null

08-11-2024T08:38:47 - [TEST_STEP][PASSED] - if (planFact == 2): null

08-11-2024T08:38:47 - [TEST_STEP][PASSED] - if (planFact == 1): null

08-11-2024T08:38:47 - [TEST_STEP][PASSED] - else if (planFact == 2): null

08-11-2024T08:38:47 - [TEST_STEP][PASSED] - click(findTestObject("Выполнение бизнес-плана/Кнопка План")): Object: 'Object Repository/Выполнение бизнес-плана/Кнопка План' is clicked on

08-11-2024T08:39:17 - [MESSAGE][PASSED] - Object: 'Object Repository/Выполнение бизнес-плана/Кнопка План' is clicked on

08-11-2024T08:39:17 - [TEST_STEP][PASSED] - typeOfDataMain = "План": null

08-11-2024T08:39:17 - [TEST_STEP][PASSED] - otpusk = findTestData("PlanFact").getValue(2, a): null

08-11-2024T08:39:17 - [TEST_STEP][PASSED] - poteri = findTestData("PlanFact").getValue(3, a): null

08-11-2024T08:39:17 - [TEST_STEP][PASSED] - otpusk = otpusk.replaceAll("\s+", ""): null

08-11-2024T08:39:17 - [TEST_STEP][PASSED] - poteri = poteri.replaceAll("\s+", ""): null

08-11-2024T08:39:17 - [TEST_STEP][PASSED] - typeOfData = typeOfDataMain + " Отпуск в сеть": null

08-11-2024T08:39:17 - [TEST_STEP][PASSED] - if (a == 82): null

08-11-2024T08:39:17 - [TEST_STEP][PASSED] - else if (a == 84): null

08-11-2024T08:39:17 - [TEST_STEP][PASSED] - else if (a == 52 || a == 72 || a == 28 || a == 73 || a == 77 || a == 74 || a == 65 || a == 36 || a == 44 || a == 53 || a == 80 || a == 54 || a == 1 || a == 18 || a == 59 || a == 81): null

08-11-2024T08:39:17 - [TEST_STEP][PASSED] - else: null

08-11-2024T08:39:17 - [TEST_STEP][PASSED] - path = dataFolder + typeOfData + " за отчётный период " + b: null

08-11-2024T08:39:17 - [TEST_STEP][PASSED] - println(path): null

08-11-2024T08:39:17 - [TEST_STEP][PASSED] - page = getText(findTestObject(path)): Text of object 'Object Repository/Выполнение бизнес-плана/Значения со страницы Выполнение бизнес-плана/План Отпуск в сеть за отчётный период Красноярскэнерго' is: '10 242 874'

08-11-2024T08:39:47 - [MESSAGE][PASSED] - Text of object 'Object Repository/Выполнение бизнес-плана/Значения со страницы Выполнение бизнес-плана/План Отпуск в сеть за отчётный период Красноярскэнерго' is: '10 242 874'

08-11-2024T08:39:47 - [TEST_STEP][PASSED] - page = page.replaceAll("\s+", ""): null

08-11-2024T08:39:47 - [TEST_STEP][PASSED] - fileOtpuskVSet = otpusk.toInteger(): null

08-11-2024T08:39:47 - [TEST_STEP][PASSED] - pageOtpuskVSet = page.toInteger(): null

08-11-2024T08:39:47 - [TEST_STEP][PASSED] - typeOfData = typeOfDataMain + " Потери": null

08-11-2024T08:39:47 - [TEST_STEP][PASSED] - if (a == 82): null

08-11-2024T08:39:47 - [TEST_STEP][PASSED] - else if (a == 84): null

08-11-2024T08:39:47 - [TEST_STEP][PASSED] - else if (a == 52 || a == 72 || a == 28 || a == 73 || a == 77 || a == 74 || a == 65 || a == 36 || a == 44 || a == 53 || a == 80 || a == 54 || a == 1 || a == 18 || a == 59 || a == 81): null

08-11-2024T08:39:47 - [TEST_STEP][PASSED] - else: null

08-11-2024T08:39:47 - [TEST_STEP][PASSED] - path = dataFolder + typeOfData + " за отчётный период " + b: null

08-11-2024T08:39:47 - [TEST_STEP][PASSED] - page = getText(findTestObject(path)): Text of object 'Object Repository/Выполнение бизнес-плана/Значения со страницы Выполнение бизнес-плана/План Потери за отчётный период Красноярскэнерго' is: '952 570'

08-11-2024T08:40:17 - [MESSAGE][PASSED] - Text of object 'Object Repository/Выполнение бизнес-плана/Значения со страницы Выполнение бизнес-плана/План Потери за отчётный период Красноярскэнерго' is: '952 570'

08-11-2024T08:40:17 - [TEST_STEP][PASSED] - page = page.replaceAll("\s+", ""): null

08-11-2024T08:40:17 - [TEST_STEP][PASSED] - filePoteri = poteri.toInteger(): null

08-11-2024T08:40:17 - [TEST_STEP][PASSED] - pagePoteri = page.toInteger(): null

08-11-2024T08:40:17 - [TEST_STEP][PASSED] - compare = pageOtpuskVSet: null

08-11-2024T08:40:17 - [TEST_STEP][PASSED] - if (compare == fileOtpuskVSet): null

08-11-2024T08:40:17 - [TEST_STEP][PASSED] - if (compare == fileOtpuskVSet): null

08-11-2024T08:40:17 - [TEST_STEP][PASSED] - compare = pagePoteri: null

08-11-2024T08:40:17 - [TEST_STEP][PASSED] - if (compare == filePoteri): null

08-11-2024T08:40:17 - [TEST_STEP][PASSED] - if (compare == filePoteri): null

08-11-2024T08:40:17 - [TEST_STEP][PASSED] - if (planFact == 2): Object: 'Object Repository/Выполнение бизнес-плана/Кнопка Факт' is clicked on

08-11-2024T08:40:17 - [TEST_STEP][PASSED] - click(findTestObject("Выполнение бизнес-плана/Кнопка Факт")): Object: 'Object Repository/Выполнение бизнес-плана/Кнопка Факт' is clicked on

08-11-2024T08:40:48 - [MESSAGE][PASSED] - Object: 'Object Repository/Выполнение бизнес-плана/Кнопка Факт' is clicked on

08-11-2024T08:40:48 - [TEST_STEP][PASSED] - if (a == 84 || a == 82): null

08-11-2024T08:40:48 - [TEST_STEP][PASSED] - else if (a == 52 || a == 72 || a == 28 || a == 73 || a == 77 || a == 74 || a == 65 || a == 36 || a == 44 || a == 53 || a == 80 || a == 54 || a == 1 || a == 18 || a == 59 || a == 81): null

08-11-2024T08:40:48 - [TEST_STEP][PASSED] - else: null

08-11-2024T08:40:48 - [TEST_STEP][PASSED] - page1 = getText(findTestObject("Object Repository/Выполнение бизнес-плана/spanPlan" + filialNum)): Text of object 'Object Repository/Выполнение бизнес-плана/spanPlan3' is: '9.30
|'

08-11-2024T08:41:18 - [MESSAGE][PASSED] - Text of object 'Object Repository/Выполнение бизнес-плана/spanPlan3' is: '9.30
|'

08-11-2024T08:41:18 - [TEST_STEP][PASSED] - page1 = page1.replace("|", ""): null

08-11-2024T08:41:18 - [TEST_STEP][PASSED] - page2 = getText(findTestObject("Object Repository/Выполнение бизнес-плана/spanFact" + filialNum)): Text of object 'Object Repository/Выполнение бизнес-плана/spanFact3' is: '9.19
|'

08-11-2024T08:41:48 - [MESSAGE][PASSED] - Text of object 'Object Repository/Выполнение бизнес-плана/spanFact3' is: '9.19
|'

08-11-2024T08:41:48 - [TEST_STEP][PASSED] - page2 = page2.replace("|", ""): null

08-11-2024T08:41:48 - [TEST_STEP][PASSED] - println("page1: " + page1): null

08-11-2024T08:41:48 - [TEST_STEP][PASSED] - println("page2: " + page2): null

08-11-2024T08:41:48 - [TEST_STEP][PASSED] - file = findTestData("PlanFact").getValue(4, a): null

08-11-2024T08:41:48 - [TEST_STEP][PASSED] - file = file.replace(",", "."): null

08-11-2024T08:41:48 - [TEST_STEP][PASSED] - println("file Plan: " + file): null

08-11-2024T08:41:48 - [TEST_STEP][PASSED] - typeOfData = "План в процентах": null

08-11-2024T08:41:48 - [TEST_STEP][PASSED] - fileDouble = file.toDouble(): null

08-11-2024T08:41:48 - [TEST_STEP][PASSED] - pageDouble = page1.toDouble(): null

08-11-2024T08:41:48 - [TEST_STEP][PASSED] - if (fileDouble != pageDouble): null

08-11-2024T08:41:48 - [TEST_STEP][PASSED] - file = findTestData("PlanFact").getValue(7, a): null

08-11-2024T08:41:48 - [TEST_STEP][PASSED] - file = file.replace(",", "."): null

08-11-2024T08:41:48 - [TEST_STEP][PASSED] - println("file Fact: " + file): null

08-11-2024T08:41:48 - [TEST_STEP][PASSED] - fileDouble = file.toDouble(): null

08-11-2024T08:41:48 - [TEST_STEP][PASSED] - typeOfData = "Факт в процентах": null

08-11-2024T08:41:48 - [TEST_STEP][PASSED] - fileDouble = file.toDouble(): null

08-11-2024T08:41:48 - [TEST_STEP][PASSED] - pageDouble = page2.toDouble(): null

08-11-2024T08:41:48 - [TEST_STEP][PASSED] - if (fileDouble != pageDouble): null

08-11-2024T08:41:48 - [TEST_STEP][PASSED] - if (verifyEqual(numberOfErrors, 0) == false): Actual object '0' and expected object '0' are equal

08-11-2024T08:41:48 - [MESSAGE][PASSED] - Actual object '0' and expected object '0' are equal

08-11-2024T08:41:48 - [TEST_STEP][PASSED] - if (a == 82): null

08-11-2024T08:41:48 - [TEST_STEP][PASSED] - dZO = "Кузбассэнерго-РЭС": null

08-11-2024T08:41:48 - [TEST_STEP][PASSED] - a = 48: null

08-11-2024T08:41:48 - [TEST_STEP][PASSED] - if (x2.contains(dZO)): null

08-11-2024T08:41:48 - [TEST_STEP][PASSED] - filialNum = filialNum + 1: null

08-11-2024T08:41:48 - [TEST_STEP][PASSED] - Script1718980020443.Numbers(a, typeOfData, todaysDate, pageInt, fileInt, pageDouble, fileDouble, dZO, dzoNum, filialNum): null

08-11-2024T08:41:48 - [TEST_STEP][PASSED] - println(dzoNum): null

08-11-2024T08:41:48 - [TEST_STEP][PASSED] - planFact = <not implemented yet for class: org.codehaus.groovy.ast.expr.EmptyExpression>: null

08-11-2024T08:41:48 - [TEST_STEP][PASSED] - page = <not implemented yet for class: org.codehaus.groovy.ast.expr.EmptyExpression>: null

08-11-2024T08:41:48 - [TEST_STEP][PASSED] - page1 = <not implemented yet for class: org.codehaus.groovy.ast.expr.EmptyExpression>: null

08-11-2024T08:41:48 - [TEST_STEP][PASSED] - page2 = <not implemented yet for class: org.codehaus.groovy.ast.expr.EmptyExpression>: null

08-11-2024T08:41:48 - [TEST_STEP][PASSED] - filialNumberInRow = <not implemented yet for class: org.codehaus.groovy.ast.expr.EmptyExpression>: null

08-11-2024T08:41:48 - [TEST_STEP][PASSED] - filialsDzoNames = <not implemented yet for class: org.codehaus.groovy.ast.expr.EmptyExpression>: null

08-11-2024T08:41:48 - [TEST_STEP][PASSED] - numberOfFilials = <not implemented yet for class: org.codehaus.groovy.ast.expr.EmptyExpression>: null

08-11-2024T08:41:48 - [TEST_STEP][PASSED] - numberOfSpaces = <not implemented yet for class: org.codehaus.groovy.ast.expr.EmptyExpression>: null

08-11-2024T08:41:48 - [TEST_STEP][PASSED] - file = <not implemented yet for class: org.codehaus.groovy.ast.expr.EmptyExpression>: null

08-11-2024T08:41:48 - [TEST_STEP][PASSED] - otpusk = <not implemented yet for class: org.codehaus.groovy.ast.expr.EmptyExpression>: null

08-11-2024T08:41:48 - [TEST_STEP][PASSED] - poteri = <not implemented yet for class: org.codehaus.groovy.ast.expr.EmptyExpression>: null

08-11-2024T08:41:48 - [TEST_STEP][PASSED] - dataFolder = "Выполнение бизнес-плана/Значения со страницы Выполнение бизнес-плана/": null

08-11-2024T08:41:48 - [TEST_STEP][PASSED] - path = <not implemented yet for class: org.codehaus.groovy.ast.expr.EmptyExpression>: null

08-11-2024T08:41:48 - [TEST_STEP][PASSED] - typeOfDataMain = <not implemented yet for class: org.codehaus.groovy.ast.expr.EmptyExpression>: null

08-11-2024T08:41:48 - [TEST_STEP][PASSED] - fileOtpuskVSet = <not implemented yet for class: org.codehaus.groovy.ast.expr.EmptyExpression>: null

08-11-2024T08:41:48 - [TEST_STEP][PASSED] - pageOtpuskVSet = <not implemented yet for class: org.codehaus.groovy.ast.expr.EmptyExpression>: null

08-11-2024T08:41:48 - [TEST_STEP][PASSED] - filePoteri = <not implemented yet for class: org.codehaus.groovy.ast.expr.EmptyExpression>: null

08-11-2024T08:41:48 - [TEST_STEP][PASSED] - pagePoteri = <not implemented yet for class: org.codehaus.groovy.ast.expr.EmptyExpression>: null

08-11-2024T08:41:48 - [TEST_STEP][PASSED] - compare = <not implemented yet for class: org.codehaus.groovy.ast.expr.EmptyExpression>: null

08-11-2024T08:41:48 - [TEST_STEP][PASSED] - b = <not implemented yet for class: org.codehaus.groovy.ast.expr.EmptyExpression>: null

08-11-2024T08:41:48 - [TEST_STEP][PASSED] - i = <not implemented yet for class: org.codehaus.groovy.ast.expr.EmptyExpression>: null

08-11-2024T08:41:48 - [TEST_STEP][PASSED] - ii = <not implemented yet for class: org.codehaus.groovy.ast.expr.EmptyExpression>: null

08-11-2024T08:41:48 - [TEST_STEP][PASSED] - c = <not implemented yet for class: org.codehaus.groovy.ast.expr.EmptyExpression>: null

08-11-2024T08:41:48 - [TEST_STEP][PASSED] - numberOfErrors = 0: null

08-11-2024T08:41:48 - [TEST_STEP][PASSED] - if (a == 82): null

08-11-2024T08:41:48 - [TEST_STEP][PASSED] - b = findTestData("PlanFact").getValue(1, a): null

08-11-2024T08:41:48 - [TEST_STEP][PASSED] - i = b.indexOf(" (ГК)"): null

08-11-2024T08:41:48 - [TEST_STEP][PASSED] - if (i > -1): null

08-11-2024T08:41:48 - [TEST_STEP][PASSED] - i = b.indexOf("О ""): null

08-11-2024T08:41:48 - [TEST_STEP][PASSED] - if (i > -1): null

08-11-2024T08:41:48 - [TEST_STEP][PASSED] - i = b.indexOf("О «"): null

08-11-2024T08:41:48 - [TEST_STEP][PASSED] - if (i > -1): null

08-11-2024T08:41:48 - [TEST_STEP][PASSED] - i = b.indexOf("г. "): null

08-11-2024T08:41:48 - [TEST_STEP][PASSED] - if (i > -1): null

08-11-2024T08:41:48 - [TEST_STEP][PASSED] - println(b): null

08-11-2024T08:41:48 - [TEST_STEP][PASSED] - for ([planFact = 1, planFact < 3, (planFact++)]): Object: 'Object Repository/Выполнение бизнес-плана/Кнопка Факт' is clicked on

08-11-2024T08:41:48 - [TEST_STEP][PASSED] - if (planFact == 1): null

08-11-2024T08:41:48 - [TEST_STEP][PASSED] - typeOfDataMain = "Факт": null

08-11-2024T08:41:48 - [TEST_STEP][PASSED] - otpusk = findTestData("PlanFact").getValue(5, a): null

08-11-2024T08:41:48 - [TEST_STEP][PASSED] - poteri = findTestData("PlanFact").getValue(6, a): null

08-11-2024T08:41:48 - [TEST_STEP][PASSED] - otpusk = otpusk.replaceAll("\s+", ""): null

08-11-2024T08:41:48 - [TEST_STEP][PASSED] - poteri = poteri.replaceAll("\s+", ""): null

08-11-2024T08:41:48 - [TEST_STEP][PASSED] - typeOfData = typeOfDataMain + " Отпуск в сеть": null

08-11-2024T08:41:48 - [TEST_STEP][PASSED] - if (a == 82): null

08-11-2024T08:41:48 - [TEST_STEP][PASSED] - else if (a == 84): null

08-11-2024T08:41:48 - [TEST_STEP][PASSED] - else if (a == 52 || a == 72 || a == 28 || a == 73 || a == 77 || a == 74 || a == 65 || a == 36 || a == 44 || a == 53 || a == 80 || a == 54 || a == 1 || a == 18 || a == 59 || a == 81): null

08-11-2024T08:41:48 - [TEST_STEP][PASSED] - else: null

08-11-2024T08:41:48 - [TEST_STEP][PASSED] - path = dataFolder + typeOfData + " за отчётный период " + b: null

08-11-2024T08:41:48 - [TEST_STEP][PASSED] - println(path): null

08-11-2024T08:41:48 - [TEST_STEP][PASSED] - page = getText(findTestObject(path)): Text of object 'Object Repository/Выполнение бизнес-плана/Значения со страницы Выполнение бизнес-плана/Факт Отпуск в сеть за отчётный период Кузбассэнерго-РЭС' is: '11 080 481'

08-11-2024T08:42:18 - [MESSAGE][PASSED] - Text of object 'Object Repository/Выполнение бизнес-плана/Значения со страницы Выполнение бизнес-плана/Факт Отпуск в сеть за отчётный период Кузбассэнерго-РЭС' is: '11 080 481'

08-11-2024T08:42:18 - [TEST_STEP][PASSED] - page = page.replaceAll("\s+", ""): null

08-11-2024T08:42:18 - [TEST_STEP][PASSED] - fileOtpuskVSet = otpusk.toInteger(): null

08-11-2024T08:42:18 - [TEST_STEP][PASSED] - pageOtpuskVSet = page.toInteger(): null

08-11-2024T08:42:18 - [TEST_STEP][PASSED] - typeOfData = typeOfDataMain + " Потери": null

08-11-2024T08:42:18 - [TEST_STEP][PASSED] - if (a == 82): null

08-11-2024T08:42:18 - [TEST_STEP][PASSED] - else if (a == 84): null

08-11-2024T08:42:18 - [TEST_STEP][PASSED] - else if (a == 52 || a == 72 || a == 28 || a == 73 || a == 77 || a == 74 || a == 65 || a == 36 || a == 44 || a == 53 || a == 80 || a == 54 || a == 1 || a == 18 || a == 59 || a == 81): null

08-11-2024T08:42:18 - [TEST_STEP][PASSED] - else: null

08-11-2024T08:42:18 - [TEST_STEP][PASSED] - path = dataFolder + typeOfData + " за отчётный период " + b: null

08-11-2024T08:42:18 - [TEST_STEP][PASSED] - page = getText(findTestObject(path)): Text of object 'Object Repository/Выполнение бизнес-плана/Значения со страницы Выполнение бизнес-плана/Факт Потери за отчётный период Кузбассэнерго-РЭС' is: '400 475'

08-11-2024T08:42:48 - [MESSAGE][PASSED] - Text of object 'Object Repository/Выполнение бизнес-плана/Значения со страницы Выполнение бизнес-плана/Факт Потери за отчётный период Кузбассэнерго-РЭС' is: '400 475'

08-11-2024T08:42:48 - [TEST_STEP][PASSED] - page = page.replaceAll("\s+", ""): null

08-11-2024T08:42:48 - [TEST_STEP][PASSED] - filePoteri = poteri.toInteger(): null

08-11-2024T08:42:48 - [TEST_STEP][PASSED] - pagePoteri = page.toInteger(): null

08-11-2024T08:42:48 - [TEST_STEP][PASSED] - compare = pageOtpuskVSet: null

08-11-2024T08:42:48 - [TEST_STEP][PASSED] - if (compare == fileOtpuskVSet): null

08-11-2024T08:42:48 - [TEST_STEP][PASSED] - if (compare == fileOtpuskVSet): null

08-11-2024T08:42:48 - [TEST_STEP][PASSED] - compare = pagePoteri: null

08-11-2024T08:42:48 - [TEST_STEP][PASSED] - if (compare == filePoteri): null

08-11-2024T08:42:48 - [TEST_STEP][PASSED] - if (compare == filePoteri): null

08-11-2024T08:42:48 - [TEST_STEP][PASSED] - if (planFact == 2): null

08-11-2024T08:42:48 - [TEST_STEP][PASSED] - if (planFact == 1): null

08-11-2024T08:42:48 - [TEST_STEP][PASSED] - else if (planFact == 2): null

08-11-2024T08:42:48 - [TEST_STEP][PASSED] - click(findTestObject("Выполнение бизнес-плана/Кнопка План")): Object: 'Object Repository/Выполнение бизнес-плана/Кнопка План' is clicked on

08-11-2024T08:43:18 - [MESSAGE][PASSED] - Object: 'Object Repository/Выполнение бизнес-плана/Кнопка План' is clicked on

08-11-2024T08:43:18 - [TEST_STEP][PASSED] - typeOfDataMain = "План": null

08-11-2024T08:43:18 - [TEST_STEP][PASSED] - otpusk = findTestData("PlanFact").getValue(2, a): null

08-11-2024T08:43:18 - [TEST_STEP][PASSED] - poteri = findTestData("PlanFact").getValue(3, a): null

08-11-2024T08:43:18 - [TEST_STEP][PASSED] - otpusk = otpusk.replaceAll("\s+", ""): null

08-11-2024T08:43:18 - [TEST_STEP][PASSED] - poteri = poteri.replaceAll("\s+", ""): null

08-11-2024T08:43:18 - [TEST_STEP][PASSED] - typeOfData = typeOfDataMain + " Отпуск в сеть": null

08-11-2024T08:43:18 - [TEST_STEP][PASSED] - if (a == 82): null

08-11-2024T08:43:18 - [TEST_STEP][PASSED] - else if (a == 84): null

08-11-2024T08:43:18 - [TEST_STEP][PASSED] - else if (a == 52 || a == 72 || a == 28 || a == 73 || a == 77 || a == 74 || a == 65 || a == 36 || a == 44 || a == 53 || a == 80 || a == 54 || a == 1 || a == 18 || a == 59 || a == 81): null

08-11-2024T08:43:18 - [TEST_STEP][PASSED] - else: null

08-11-2024T08:43:18 - [TEST_STEP][PASSED] - path = dataFolder + typeOfData + " за отчётный период " + b: null

08-11-2024T08:43:18 - [TEST_STEP][PASSED] - println(path): null

08-11-2024T08:43:18 - [TEST_STEP][PASSED] - page = getText(findTestObject(path)): Text of object 'Object Repository/Выполнение бизнес-плана/Значения со страницы Выполнение бизнес-плана/План Отпуск в сеть за отчётный период Кузбассэнерго-РЭС' is: '10 617 905'

08-11-2024T08:43:48 - [MESSAGE][PASSED] - Text of object 'Object Repository/Выполнение бизнес-плана/Значения со страницы Выполнение бизнес-плана/План Отпуск в сеть за отчётный период Кузбассэнерго-РЭС' is: '10 617 905'

08-11-2024T08:43:48 - [TEST_STEP][PASSED] - page = page.replaceAll("\s+", ""): null

08-11-2024T08:43:48 - [TEST_STEP][PASSED] - fileOtpuskVSet = otpusk.toInteger(): null

08-11-2024T08:43:48 - [TEST_STEP][PASSED] - pageOtpuskVSet = page.toInteger(): null

08-11-2024T08:43:48 - [TEST_STEP][PASSED] - typeOfData = typeOfDataMain + " Потери": null

08-11-2024T08:43:48 - [TEST_STEP][PASSED] - if (a == 82): null

08-11-2024T08:43:48 - [TEST_STEP][PASSED] - else if (a == 84): null

08-11-2024T08:43:48 - [TEST_STEP][PASSED] - else if (a == 52 || a == 72 || a == 28 || a == 73 || a == 77 || a == 74 || a == 65 || a == 36 || a == 44 || a == 53 || a == 80 || a == 54 || a == 1 || a == 18 || a == 59 || a == 81): null

08-11-2024T08:43:48 - [TEST_STEP][PASSED] - else: null

08-11-2024T08:43:48 - [TEST_STEP][PASSED] - path = dataFolder + typeOfData + " за отчётный период " + b: null

08-11-2024T08:43:48 - [TEST_STEP][PASSED] - page = getText(findTestObject(path)): Text of object 'Object Repository/Выполнение бизнес-плана/Значения со страницы Выполнение бизнес-плана/План Потери за отчётный период Кузбассэнерго-РЭС' is: '407 547'

08-11-2024T08:44:19 - [MESSAGE][PASSED] - Text of object 'Object Repository/Выполнение бизнес-плана/Значения со страницы Выполнение бизнес-плана/План Потери за отчётный период Кузбассэнерго-РЭС' is: '407 547'

08-11-2024T08:44:19 - [TEST_STEP][PASSED] - page = page.replaceAll("\s+", ""): null

08-11-2024T08:44:19 - [TEST_STEP][PASSED] - filePoteri = poteri.toInteger(): null

08-11-2024T08:44:19 - [TEST_STEP][PASSED] - pagePoteri = page.toInteger(): null

08-11-2024T08:44:19 - [TEST_STEP][PASSED] - compare = pageOtpuskVSet: null

08-11-2024T08:44:19 - [TEST_STEP][PASSED] - if (compare == fileOtpuskVSet): null

08-11-2024T08:44:19 - [TEST_STEP][PASSED] - if (compare == fileOtpuskVSet): null

08-11-2024T08:44:19 - [TEST_STEP][PASSED] - compare = pagePoteri: null

08-11-2024T08:44:19 - [TEST_STEP][PASSED] - if (compare == filePoteri): null

08-11-2024T08:44:19 - [TEST_STEP][PASSED] - if (compare == filePoteri): null

08-11-2024T08:44:19 - [TEST_STEP][PASSED] - if (planFact == 2): Object: 'Object Repository/Выполнение бизнес-плана/Кнопка Факт' is clicked on

08-11-2024T08:44:19 - [TEST_STEP][PASSED] - click(findTestObject("Выполнение бизнес-плана/Кнопка Факт")): Object: 'Object Repository/Выполнение бизнес-плана/Кнопка Факт' is clicked on

08-11-2024T08:44:49 - [MESSAGE][PASSED] - Object: 'Object Repository/Выполнение бизнес-плана/Кнопка Факт' is clicked on

08-11-2024T08:44:49 - [TEST_STEP][PASSED] - if (a == 84 || a == 82): null

08-11-2024T08:44:49 - [TEST_STEP][PASSED] - else if (a == 52 || a == 72 || a == 28 || a == 73 || a == 77 || a == 74 || a == 65 || a == 36 || a == 44 || a == 53 || a == 80 || a == 54 || a == 1 || a == 18 || a == 59 || a == 81): null

08-11-2024T08:44:49 - [TEST_STEP][PASSED] - else: null

08-11-2024T08:44:49 - [TEST_STEP][PASSED] - page1 = getText(findTestObject("Object Repository/Выполнение бизнес-плана/spanPlan" + filialNum)): Text of object 'Object Repository/Выполнение бизнес-плана/spanPlan4' is: '3.84
|'

08-11-2024T08:45:19 - [MESSAGE][PASSED] - Text of object 'Object Repository/Выполнение бизнес-плана/spanPlan4' is: '3.84
|'

08-11-2024T08:45:19 - [TEST_STEP][PASSED] - page1 = page1.replace("|", ""): null

08-11-2024T08:45:19 - [TEST_STEP][PASSED] - page2 = getText(findTestObject("Object Repository/Выполнение бизнес-плана/spanFact" + filialNum)): Text of object 'Object Repository/Выполнение бизнес-плана/spanFact4' is: '3.61
|'

08-11-2024T08:45:49 - [MESSAGE][PASSED] - Text of object 'Object Repository/Выполнение бизнес-плана/spanFact4' is: '3.61
|'

08-11-2024T08:45:49 - [TEST_STEP][PASSED] - page2 = page2.replace("|", ""): null

08-11-2024T08:45:49 - [TEST_STEP][PASSED] - println("page1: " + page1): null

08-11-2024T08:45:49 - [TEST_STEP][PASSED] - println("page2: " + page2): null

08-11-2024T08:45:49 - [TEST_STEP][PASSED] - file = findTestData("PlanFact").getValue(4, a): null

08-11-2024T08:45:49 - [TEST_STEP][PASSED] - file = file.replace(",", "."): null

08-11-2024T08:45:49 - [TEST_STEP][PASSED] - println("file Plan: " + file): null

08-11-2024T08:45:49 - [TEST_STEP][PASSED] - typeOfData = "План в процентах": null

08-11-2024T08:45:49 - [TEST_STEP][PASSED] - fileDouble = file.toDouble(): null

08-11-2024T08:45:49 - [TEST_STEP][PASSED] - pageDouble = page1.toDouble(): null

08-11-2024T08:45:49 - [TEST_STEP][PASSED] - if (fileDouble != pageDouble): null

08-11-2024T08:45:49 - [TEST_STEP][PASSED] - file = findTestData("PlanFact").getValue(7, a): null

08-11-2024T08:45:49 - [TEST_STEP][PASSED] - file = file.replace(",", "."): null

08-11-2024T08:45:49 - [TEST_STEP][PASSED] - println("file Fact: " + file): null

08-11-2024T08:45:49 - [TEST_STEP][PASSED] - fileDouble = file.toDouble(): null

08-11-2024T08:45:49 - [TEST_STEP][PASSED] - typeOfData = "Факт в процентах": null

08-11-2024T08:45:49 - [TEST_STEP][PASSED] - fileDouble = file.toDouble(): null

08-11-2024T08:45:49 - [TEST_STEP][PASSED] - pageDouble = page2.toDouble(): null

08-11-2024T08:45:49 - [TEST_STEP][PASSED] - if (fileDouble != pageDouble): null

08-11-2024T08:45:49 - [TEST_STEP][PASSED] - if (verifyEqual(numberOfErrors, 0) == false): Actual object '0' and expected object '0' are equal

08-11-2024T08:45:49 - [MESSAGE][PASSED] - Actual object '0' and expected object '0' are equal

08-11-2024T08:45:49 - [TEST_STEP][PASSED] - if (a == 82): null

08-11-2024T08:45:49 - [TEST_STEP][PASSED] - dZO = "Омскэнерго": null

08-11-2024T08:45:49 - [TEST_STEP][PASSED] - a = 49: null

08-11-2024T08:45:49 - [TEST_STEP][PASSED] - if (x2.contains(dZO)): null

08-11-2024T08:45:49 - [TEST_STEP][PASSED] - filialNum = filialNum + 1: null

08-11-2024T08:45:49 - [TEST_STEP][PASSED] - Script1718980020443.Numbers(a, typeOfData, todaysDate, pageInt, fileInt, pageDouble, fileDouble, dZO, dzoNum, filialNum): null

08-11-2024T08:45:49 - [TEST_STEP][PASSED] - println(dzoNum): null

08-11-2024T08:45:49 - [TEST_STEP][PASSED] - planFact = <not implemented yet for class: org.codehaus.groovy.ast.expr.EmptyExpression>: null

08-11-2024T08:45:49 - [TEST_STEP][PASSED] - page = <not implemented yet for class: org.codehaus.groovy.ast.expr.EmptyExpression>: null

08-11-2024T08:45:49 - [TEST_STEP][PASSED] - page1 = <not implemented yet for class: org.codehaus.groovy.ast.expr.EmptyExpression>: null

08-11-2024T08:45:49 - [TEST_STEP][PASSED] - page2 = <not implemented yet for class: org.codehaus.groovy.ast.expr.EmptyExpression>: null

08-11-2024T08:45:49 - [TEST_STEP][PASSED] - filialNumberInRow = <not implemented yet for class: org.codehaus.groovy.ast.expr.EmptyExpression>: null

08-11-2024T08:45:49 - [TEST_STEP][PASSED] - filialsDzoNames = <not implemented yet for class: org.codehaus.groovy.ast.expr.EmptyExpression>: null

08-11-2024T08:45:49 - [TEST_STEP][PASSED] - numberOfFilials = <not implemented yet for class: org.codehaus.groovy.ast.expr.EmptyExpression>: null

08-11-2024T08:45:49 - [TEST_STEP][PASSED] - numberOfSpaces = <not implemented yet for class: org.codehaus.groovy.ast.expr.EmptyExpression>: null

08-11-2024T08:45:49 - [TEST_STEP][PASSED] - file = <not implemented yet for class: org.codehaus.groovy.ast.expr.EmptyExpression>: null

08-11-2024T08:45:49 - [TEST_STEP][PASSED] - otpusk = <not implemented yet for class: org.codehaus.groovy.ast.expr.EmptyExpression>: null

08-11-2024T08:45:49 - [TEST_STEP][PASSED] - poteri = <not implemented yet for class: org.codehaus.groovy.ast.expr.EmptyExpression>: null

08-11-2024T08:45:49 - [TEST_STEP][PASSED] - dataFolder = "Выполнение бизнес-плана/Значения со страницы Выполнение бизнес-плана/": null

08-11-2024T08:45:49 - [TEST_STEP][PASSED] - path = <not implemented yet for class: org.codehaus.groovy.ast.expr.EmptyExpression>: null

08-11-2024T08:45:49 - [TEST_STEP][PASSED] - typeOfDataMain = <not implemented yet for class: org.codehaus.groovy.ast.expr.EmptyExpression>: null

08-11-2024T08:45:49 - [TEST_STEP][PASSED] - fileOtpuskVSet = <not implemented yet for class: org.codehaus.groovy.ast.expr.EmptyExpression>: null

08-11-2024T08:45:49 - [TEST_STEP][PASSED] - pageOtpuskVSet = <not implemented yet for class: org.codehaus.groovy.ast.expr.EmptyExpression>: null

08-11-2024T08:45:49 - [TEST_STEP][PASSED] - filePoteri = <not implemented yet for class: org.codehaus.groovy.ast.expr.EmptyExpression>: null

08-11-2024T08:45:49 - [TEST_STEP][PASSED] - pagePoteri = <not implemented yet for class: org.codehaus.groovy.ast.expr.EmptyExpression>: null

08-11-2024T08:45:49 - [TEST_STEP][PASSED] - compare = <not implemented yet for class: org.codehaus.groovy.ast.expr.EmptyExpression>: null

08-11-2024T08:45:49 - [TEST_STEP][PASSED] - b = <not implemented yet for class: org.codehaus.groovy.ast.expr.EmptyExpression>: null

08-11-2024T08:45:49 - [TEST_STEP][PASSED] - i = <not implemented yet for class: org.codehaus.groovy.ast.expr.EmptyExpression>: null

08-11-2024T08:45:49 - [TEST_STEP][PASSED] - ii = <not implemented yet for class: org.codehaus.groovy.ast.expr.EmptyExpression>: null

08-11-2024T08:45:49 - [TEST_STEP][PASSED] - c = <not implemented yet for class: org.codehaus.groovy.ast.expr.EmptyExpression>: null

08-11-2024T08:45:49 - [TEST_STEP][PASSED] - numberOfErrors = 0: null

08-11-2024T08:45:49 - [TEST_STEP][PASSED] - if (a == 82): null

08-11-2024T08:45:49 - [TEST_STEP][PASSED] - b = findTestData("PlanFact").getValue(1, a): null

08-11-2024T08:45:49 - [TEST_STEP][PASSED] - i = b.indexOf(" (ГК)"): null

08-11-2024T08:45:49 - [TEST_STEP][PASSED] - if (i > -1): null

08-11-2024T08:45:49 - [TEST_STEP][PASSED] - i = b.indexOf("О ""): null

08-11-2024T08:45:49 - [TEST_STEP][PASSED] - if (i > -1): null

08-11-2024T08:45:49 - [TEST_STEP][PASSED] - i = b.indexOf("О «"): null

08-11-2024T08:45:49 - [TEST_STEP][PASSED] - if (i > -1): null

08-11-2024T08:45:49 - [TEST_STEP][PASSED] - i = b.indexOf("г. "): null

08-11-2024T08:45:49 - [TEST_STEP][PASSED] - if (i > -1): null

08-11-2024T08:45:49 - [TEST_STEP][PASSED] - println(b): null

08-11-2024T08:45:49 - [TEST_STEP][PASSED] - for ([planFact = 1, planFact < 3, (planFact++)]): Object: 'Object Repository/Выполнение бизнес-плана/Кнопка Факт' is clicked on

08-11-2024T08:45:49 - [TEST_STEP][PASSED] - if (planFact == 1): null

08-11-2024T08:45:49 - [TEST_STEP][PASSED] - typeOfDataMain = "Факт": null

08-11-2024T08:45:49 - [TEST_STEP][PASSED] - otpusk = findTestData("PlanFact").getValue(5, a): null

08-11-2024T08:45:49 - [TEST_STEP][PASSED] - poteri = findTestData("PlanFact").getValue(6, a): null

08-11-2024T08:45:49 - [TEST_STEP][PASSED] - otpusk = otpusk.replaceAll("\s+", ""): null

08-11-2024T08:45:49 - [TEST_STEP][PASSED] - poteri = poteri.replaceAll("\s+", ""): null

08-11-2024T08:45:49 - [TEST_STEP][PASSED] - typeOfData = typeOfDataMain + " Отпуск в сеть": null

08-11-2024T08:45:49 - [TEST_STEP][PASSED] - if (a == 82): null

08-11-2024T08:45:49 - [TEST_STEP][PASSED] - else if (a == 84): null

08-11-2024T08:45:49 - [TEST_STEP][PASSED] - else if (a == 52 || a == 72 || a == 28 || a == 73 || a == 77 || a == 74 || a == 65 || a == 36 || a == 44 || a == 53 || a == 80 || a == 54 || a == 1 || a == 18 || a == 59 || a == 81): null

08-11-2024T08:45:49 - [TEST_STEP][PASSED] - else: null

08-11-2024T08:45:49 - [TEST_STEP][PASSED] - path = dataFolder + typeOfData + " за отчётный период " + b: null

08-11-2024T08:45:49 - [TEST_STEP][PASSED] - println(path): null

08-11-2024T08:45:49 - [TEST_STEP][PASSED] - page = getText(findTestObject(path)): Text of object 'Object Repository/Выполнение бизнес-плана/Значения со страницы Выполнение бизнес-плана/Факт Отпуск в сеть за отчётный период Омскэнерго' is: '6 702 408'

08-11-2024T08:46:19 - [MESSAGE][PASSED] - Text of object 'Object Repository/Выполнение бизнес-плана/Значения со страницы Выполнение бизнес-плана/Факт Отпуск в сеть за отчётный период Омскэнерго' is: '6 702 408'

08-11-2024T08:46:19 - [TEST_STEP][PASSED] - page = page.replaceAll("\s+", ""): null

08-11-2024T08:46:19 - [TEST_STEP][PASSED] - fileOtpuskVSet = otpusk.toInteger(): null

08-11-2024T08:46:19 - [TEST_STEP][PASSED] - pageOtpuskVSet = page.toInteger(): null

08-11-2024T08:46:19 - [TEST_STEP][PASSED] - typeOfData = typeOfDataMain + " Потери": null

08-11-2024T08:46:19 - [TEST_STEP][PASSED] - if (a == 82): null

08-11-2024T08:46:19 - [TEST_STEP][PASSED] - else if (a == 84): null

08-11-2024T08:46:19 - [TEST_STEP][PASSED] - else if (a == 52 || a == 72 || a == 28 || a == 73 || a == 77 || a == 74 || a == 65 || a == 36 || a == 44 || a == 53 || a == 80 || a == 54 || a == 1 || a == 18 || a == 59 || a == 81): null

08-11-2024T08:46:19 - [TEST_STEP][PASSED] - else: null

08-11-2024T08:46:19 - [TEST_STEP][PASSED] - path = dataFolder + typeOfData + " за отчётный период " + b: null

08-11-2024T08:46:19 - [TEST_STEP][PASSED] - page = getText(findTestObject(path)): Text of object 'Object Repository/Выполнение бизнес-плана/Значения со страницы Выполнение бизнес-плана/Факт Потери за отчётный период Омскэнерго' is: '405 419'

08-11-2024T08:46:49 - [MESSAGE][PASSED] - Text of object 'Object Repository/Выполнение бизнес-плана/Значения со страницы Выполнение бизнес-плана/Факт Потери за отчётный период Омскэнерго' is: '405 419'

08-11-2024T08:46:49 - [TEST_STEP][PASSED] - page = page.replaceAll("\s+", ""): null

08-11-2024T08:46:49 - [TEST_STEP][PASSED] - filePoteri = poteri.toInteger(): null

08-11-2024T08:46:49 - [TEST_STEP][PASSED] - pagePoteri = page.toInteger(): null

08-11-2024T08:46:49 - [TEST_STEP][PASSED] - compare = pageOtpuskVSet: null

08-11-2024T08:46:49 - [TEST_STEP][PASSED] - if (compare == fileOtpuskVSet): null

08-11-2024T08:46:49 - [TEST_STEP][PASSED] - if (compare == fileOtpuskVSet): null

08-11-2024T08:46:49 - [TEST_STEP][PASSED] - compare = pagePoteri: null

08-11-2024T08:46:49 - [TEST_STEP][PASSED] - if (compare == filePoteri): null

08-11-2024T08:46:49 - [TEST_STEP][PASSED] - if (compare == filePoteri): null

08-11-2024T08:46:49 - [TEST_STEP][PASSED] - if (planFact == 2): null

08-11-2024T08:46:49 - [TEST_STEP][PASSED] - if (planFact == 1): null

08-11-2024T08:46:49 - [TEST_STEP][PASSED] - else if (planFact == 2): null

08-11-2024T08:46:49 - [TEST_STEP][PASSED] - click(findTestObject("Выполнение бизнес-плана/Кнопка План")): Object: 'Object Repository/Выполнение бизнес-плана/Кнопка План' is clicked on

08-11-2024T08:47:19 - [MESSAGE][PASSED] - Object: 'Object Repository/Выполнение бизнес-плана/Кнопка План' is clicked on

08-11-2024T08:47:19 - [TEST_STEP][PASSED] - typeOfDataMain = "План": null

08-11-2024T08:47:19 - [TEST_STEP][PASSED] - otpusk = findTestData("PlanFact").getValue(2, a): null

08-11-2024T08:47:19 - [TEST_STEP][PASSED] - poteri = findTestData("PlanFact").getValue(3, a): null

08-11-2024T08:47:19 - [TEST_STEP][PASSED] - otpusk = otpusk.replaceAll("\s+", ""): null

08-11-2024T08:47:19 - [TEST_STEP][PASSED] - poteri = poteri.replaceAll("\s+", ""): null

08-11-2024T08:47:19 - [TEST_STEP][PASSED] - typeOfData = typeOfDataMain + " Отпуск в сеть": null

08-11-2024T08:47:19 - [TEST_STEP][PASSED] - if (a == 82): null

08-11-2024T08:47:19 - [TEST_STEP][PASSED] - else if (a == 84): null

08-11-2024T08:47:19 - [TEST_STEP][PASSED] - else if (a == 52 || a == 72 || a == 28 || a == 73 || a == 77 || a == 74 || a == 65 || a == 36 || a == 44 || a == 53 || a == 80 || a == 54 || a == 1 || a == 18 || a == 59 || a == 81): null

08-11-2024T08:47:19 - [TEST_STEP][PASSED] - else: null

08-11-2024T08:47:19 - [TEST_STEP][PASSED] - path = dataFolder + typeOfData + " за отчётный период " + b: null

08-11-2024T08:47:19 - [TEST_STEP][PASSED] - println(path): null

08-11-2024T08:47:19 - [TEST_STEP][PASSED] - page = getText(findTestObject(path)): Text of object 'Object Repository/Выполнение бизнес-плана/Значения со страницы Выполнение бизнес-плана/План Отпуск в сеть за отчётный период Омскэнерго' is: '6 495 201'

08-11-2024T08:47:50 - [MESSAGE][PASSED] - Text of object 'Object Repository/Выполнение бизнес-плана/Значения со страницы Выполнение бизнес-плана/План Отпуск в сеть за отчётный период Омскэнерго' is: '6 495 201'

08-11-2024T08:47:50 - [TEST_STEP][PASSED] - page = page.replaceAll("\s+", ""): null

08-11-2024T08:47:50 - [TEST_STEP][PASSED] - fileOtpuskVSet = otpusk.toInteger(): null

08-11-2024T08:47:50 - [TEST_STEP][PASSED] - pageOtpuskVSet = page.toInteger(): null

08-11-2024T08:47:50 - [TEST_STEP][PASSED] - typeOfData = typeOfDataMain + " Потери": null

08-11-2024T08:47:50 - [TEST_STEP][PASSED] - if (a == 82): null

08-11-2024T08:47:50 - [TEST_STEP][PASSED] - else if (a == 84): null

08-11-2024T08:47:50 - [TEST_STEP][PASSED] - else if (a == 52 || a == 72 || a == 28 || a == 73 || a == 77 || a == 74 || a == 65 || a == 36 || a == 44 || a == 53 || a == 80 || a == 54 || a == 1 || a == 18 || a == 59 || a == 81): null

08-11-2024T08:47:50 - [TEST_STEP][PASSED] - else: null

08-11-2024T08:47:50 - [TEST_STEP][PASSED] - path = dataFolder + typeOfData + " за отчётный период " + b: null

08-11-2024T08:47:50 - [TEST_STEP][PASSED] - page = getText(findTestObject(path)): Text of object 'Object Repository/Выполнение бизнес-плана/Значения со страницы Выполнение бизнес-плана/План Потери за отчётный период Омскэнерго' is: '393 394'

08-11-2024T08:48:20 - [MESSAGE][PASSED] - Text of object 'Object Repository/Выполнение бизнес-плана/Значения со страницы Выполнение бизнес-плана/План Потери за отчётный период Омскэнерго' is: '393 394'

08-11-2024T08:48:20 - [TEST_STEP][PASSED] - page = page.replaceAll("\s+", ""): null

08-11-2024T08:48:20 - [TEST_STEP][PASSED] - filePoteri = poteri.toInteger(): null

08-11-2024T08:48:20 - [TEST_STEP][PASSED] - pagePoteri = page.toInteger(): null

08-11-2024T08:48:20 - [TEST_STEP][PASSED] - compare = pageOtpuskVSet: null

08-11-2024T08:48:20 - [TEST_STEP][PASSED] - if (compare == fileOtpuskVSet): null

08-11-2024T08:48:20 - [TEST_STEP][PASSED] - if (compare == fileOtpuskVSet): null

08-11-2024T08:48:20 - [TEST_STEP][PASSED] - compare = pagePoteri: null

08-11-2024T08:48:20 - [TEST_STEP][PASSED] - if (compare == filePoteri): null

08-11-2024T08:48:20 - [TEST_STEP][PASSED] - if (compare == filePoteri): null

08-11-2024T08:48:20 - [TEST_STEP][PASSED] - if (planFact == 2): Object: 'Object Repository/Выполнение бизнес-плана/Кнопка Факт' is clicked on

08-11-2024T08:48:20 - [TEST_STEP][PASSED] - click(findTestObject("Выполнение бизнес-плана/Кнопка Факт")): Object: 'Object Repository/Выполнение бизнес-плана/Кнопка Факт' is clicked on

08-11-2024T08:48:50 - [MESSAGE][PASSED] - Object: 'Object Repository/Выполнение бизнес-плана/Кнопка Факт' is clicked on

08-11-2024T08:48:50 - [TEST_STEP][PASSED] - if (a == 84 || a == 82): null

08-11-2024T08:48:50 - [TEST_STEP][PASSED] - else if (a == 52 || a == 72 || a == 28 || a == 73 || a == 77 || a == 74 || a == 65 || a == 36 || a == 44 || a == 53 || a == 80 || a == 54 || a == 1 || a == 18 || a == 59 || a == 81): null

08-11-2024T08:48:50 - [TEST_STEP][PASSED] - else: null

08-11-2024T08:48:50 - [TEST_STEP][PASSED] - page1 = getText(findTestObject("Object Repository/Выполнение бизнес-плана/spanPlan" + filialNum)): Text of object 'Object Repository/Выполнение бизнес-плана/spanPlan5' is: '6.06
|'

08-11-2024T08:49:20 - [MESSAGE][PASSED] - Text of object 'Object Repository/Выполнение бизнес-плана/spanPlan5' is: '6.06
|'

08-11-2024T08:49:20 - [TEST_STEP][PASSED] - page1 = page1.replace("|", ""): null

08-11-2024T08:49:20 - [TEST_STEP][PASSED] - page2 = getText(findTestObject("Object Repository/Выполнение бизнес-плана/spanFact" + filialNum)): Text of object 'Object Repository/Выполнение бизнес-плана/spanFact5' is: '6.05
|'

08-11-2024T08:49:50 - [MESSAGE][PASSED] - Text of object 'Object Repository/Выполнение бизнес-плана/spanFact5' is: '6.05
|'

08-11-2024T08:49:50 - [TEST_STEP][PASSED] - page2 = page2.replace("|", ""): null

08-11-2024T08:49:50 - [TEST_STEP][PASSED] - println("page1: " + page1): null

08-11-2024T08:49:50 - [TEST_STEP][PASSED] - println("page2: " + page2): null

08-11-2024T08:49:50 - [TEST_STEP][PASSED] - file = findTestData("PlanFact").getValue(4, a): null

08-11-2024T08:49:50 - [TEST_STEP][PASSED] - file = file.replace(",", "."): null

08-11-2024T08:49:50 - [TEST_STEP][PASSED] - println("file Plan: " + file): null

08-11-2024T08:49:50 - [TEST_STEP][PASSED] - typeOfData = "План в процентах": null

08-11-2024T08:49:50 - [TEST_STEP][PASSED] - fileDouble = file.toDouble(): null

08-11-2024T08:49:50 - [TEST_STEP][PASSED] - pageDouble = page1.toDouble(): null

08-11-2024T08:49:50 - [TEST_STEP][PASSED] - if (fileDouble != pageDouble): null

08-11-2024T08:49:50 - [TEST_STEP][PASSED] - file = findTestData("PlanFact").getValue(7, a): null

08-11-2024T08:49:50 - [TEST_STEP][PASSED] - file = file.replace(",", "."): null

08-11-2024T08:49:50 - [TEST_STEP][PASSED] - println("file Fact: " + file): null

08-11-2024T08:49:50 - [TEST_STEP][PASSED] - fileDouble = file.toDouble(): null

08-11-2024T08:49:50 - [TEST_STEP][PASSED] - typeOfData = "Факт в процентах": null

08-11-2024T08:49:50 - [TEST_STEP][PASSED] - fileDouble = file.toDouble(): null

08-11-2024T08:49:50 - [TEST_STEP][PASSED] - pageDouble = page2.toDouble(): null

08-11-2024T08:49:50 - [TEST_STEP][PASSED] - if (fileDouble != pageDouble): null

08-11-2024T08:49:50 - [TEST_STEP][PASSED] - if (verifyEqual(numberOfErrors, 0) == false): Actual object '0' and expected object '0' are equal

08-11-2024T08:49:50 - [MESSAGE][PASSED] - Actual object '0' and expected object '0' are equal

08-11-2024T08:49:50 - [TEST_STEP][PASSED] - if (a == 82): null

08-11-2024T08:49:50 - [TEST_STEP][PASSED] - dZO = "Хакасэнерго": null

08-11-2024T08:49:50 - [TEST_STEP][PASSED] - a = 50: null

08-11-2024T08:49:50 - [TEST_STEP][PASSED] - if (x2.contains(dZO)): null

08-11-2024T08:49:50 - [TEST_STEP][PASSED] - filialNum = filialNum + 1: null

08-11-2024T08:49:50 - [TEST_STEP][PASSED] - Script1718980020443.Numbers(a, typeOfData, todaysDate, pageInt, fileInt, pageDouble, fileDouble, dZO, dzoNum, filialNum): null

08-11-2024T08:49:50 - [TEST_STEP][PASSED] - println(dzoNum): null

08-11-2024T08:49:50 - [TEST_STEP][PASSED] - planFact = <not implemented yet for class: org.codehaus.groovy.ast.expr.EmptyExpression>: null

08-11-2024T08:49:50 - [TEST_STEP][PASSED] - page = <not implemented yet for class: org.codehaus.groovy.ast.expr.EmptyExpression>: null

08-11-2024T08:49:50 - [TEST_STEP][PASSED] - page1 = <not implemented yet for class: org.codehaus.groovy.ast.expr.EmptyExpression>: null

08-11-2024T08:49:50 - [TEST_STEP][PASSED] - page2 = <not implemented yet for class: org.codehaus.groovy.ast.expr.EmptyExpression>: null

08-11-2024T08:49:50 - [TEST_STEP][PASSED] - filialNumberInRow = <not implemented yet for class: org.codehaus.groovy.ast.expr.EmptyExpression>: null

08-11-2024T08:49:50 - [TEST_STEP][PASSED] - filialsDzoNames = <not implemented yet for class: org.codehaus.groovy.ast.expr.EmptyExpression>: null

08-11-2024T08:49:50 - [TEST_STEP][PASSED] - numberOfFilials = <not implemented yet for class: org.codehaus.groovy.ast.expr.EmptyExpression>: null

08-11-2024T08:49:50 - [TEST_STEP][PASSED] - numberOfSpaces = <not implemented yet for class: org.codehaus.groovy.ast.expr.EmptyExpression>: null

08-11-2024T08:49:50 - [TEST_STEP][PASSED] - file = <not implemented yet for class: org.codehaus.groovy.ast.expr.EmptyExpression>: null

08-11-2024T08:49:50 - [TEST_STEP][PASSED] - otpusk = <not implemented yet for class: org.codehaus.groovy.ast.expr.EmptyExpression>: null

08-11-2024T08:49:50 - [TEST_STEP][PASSED] - poteri = <not implemented yet for class: org.codehaus.groovy.ast.expr.EmptyExpression>: null

08-11-2024T08:49:50 - [TEST_STEP][PASSED] - dataFolder = "Выполнение бизнес-плана/Значения со страницы Выполнение бизнес-плана/": null

08-11-2024T08:49:50 - [TEST_STEP][PASSED] - path = <not implemented yet for class: org.codehaus.groovy.ast.expr.EmptyExpression>: null

08-11-2024T08:49:50 - [TEST_STEP][PASSED] - typeOfDataMain = <not implemented yet for class: org.codehaus.groovy.ast.expr.EmptyExpression>: null

08-11-2024T08:49:50 - [TEST_STEP][PASSED] - fileOtpuskVSet = <not implemented yet for class: org.codehaus.groovy.ast.expr.EmptyExpression>: null

08-11-2024T08:49:50 - [TEST_STEP][PASSED] - pageOtpuskVSet = <not implemented yet for class: org.codehaus.groovy.ast.expr.EmptyExpression>: null

08-11-2024T08:49:50 - [TEST_STEP][PASSED] - filePoteri = <not implemented yet for class: org.codehaus.groovy.ast.expr.EmptyExpression>: null

08-11-2024T08:49:50 - [TEST_STEP][PASSED] - pagePoteri = <not implemented yet for class: org.codehaus.groovy.ast.expr.EmptyExpression>: null

08-11-2024T08:49:50 - [TEST_STEP][PASSED] - compare = <not implemented yet for class: org.codehaus.groovy.ast.expr.EmptyExpression>: null

08-11-2024T08:49:50 - [TEST_STEP][PASSED] - b = <not implemented yet for class: org.codehaus.groovy.ast.expr.EmptyExpression>: null

08-11-2024T08:49:50 - [TEST_STEP][PASSED] - i = <not implemented yet for class: org.codehaus.groovy.ast.expr.EmptyExpression>: null

08-11-2024T08:49:50 - [TEST_STEP][PASSED] - ii = <not implemented yet for class: org.codehaus.groovy.ast.expr.EmptyExpression>: null

08-11-2024T08:49:50 - [TEST_STEP][PASSED] - c = <not implemented yet for class: org.codehaus.groovy.ast.expr.EmptyExpression>: null

08-11-2024T08:49:50 - [TEST_STEP][PASSED] - numberOfErrors = 0: null

08-11-2024T08:49:50 - [TEST_STEP][PASSED] - if (a == 82): null

08-11-2024T08:49:50 - [TEST_STEP][PASSED] - b = findTestData("PlanFact").getValue(1, a): null

08-11-2024T08:49:50 - [TEST_STEP][PASSED] - i = b.indexOf(" (ГК)"): null

08-11-2024T08:49:50 - [TEST_STEP][PASSED] - if (i > -1): null

08-11-2024T08:49:50 - [TEST_STEP][PASSED] - i = b.indexOf("О ""): null

08-11-2024T08:49:50 - [TEST_STEP][PASSED] - if (i > -1): null

08-11-2024T08:49:50 - [TEST_STEP][PASSED] - i = b.indexOf("О «"): null

08-11-2024T08:49:50 - [TEST_STEP][PASSED] - if (i > -1): null

08-11-2024T08:49:50 - [TEST_STEP][PASSED] - i = b.indexOf("г. "): null

08-11-2024T08:49:50 - [TEST_STEP][PASSED] - if (i > -1): null

08-11-2024T08:49:50 - [TEST_STEP][PASSED] - println(b): null

08-11-2024T08:49:50 - [TEST_STEP][PASSED] - for ([planFact = 1, planFact < 3, (planFact++)]): Object: 'Object Repository/Выполнение бизнес-плана/Кнопка Факт' is clicked on

08-11-2024T08:49:50 - [TEST_STEP][PASSED] - if (planFact == 1): null

08-11-2024T08:49:50 - [TEST_STEP][PASSED] - typeOfDataMain = "Факт": null

08-11-2024T08:49:50 - [TEST_STEP][PASSED] - otpusk = findTestData("PlanFact").getValue(5, a): null

08-11-2024T08:49:50 - [TEST_STEP][PASSED] - poteri = findTestData("PlanFact").getValue(6, a): null

08-11-2024T08:49:50 - [TEST_STEP][PASSED] - otpusk = otpusk.replaceAll("\s+", ""): null

08-11-2024T08:49:50 - [TEST_STEP][PASSED] - poteri = poteri.replaceAll("\s+", ""): null

08-11-2024T08:49:50 - [TEST_STEP][PASSED] - typeOfData = typeOfDataMain + " Отпуск в сеть": null

08-11-2024T08:49:50 - [TEST_STEP][PASSED] - if (a == 82): null

08-11-2024T08:49:50 - [TEST_STEP][PASSED] - else if (a == 84): null

08-11-2024T08:49:50 - [TEST_STEP][PASSED] - else if (a == 52 || a == 72 || a == 28 || a == 73 || a == 77 || a == 74 || a == 65 || a == 36 || a == 44 || a == 53 || a == 80 || a == 54 || a == 1 || a == 18 || a == 59 || a == 81): null

08-11-2024T08:49:50 - [TEST_STEP][PASSED] - else: null

08-11-2024T08:49:50 - [TEST_STEP][PASSED] - path = dataFolder + typeOfData + " за отчётный период " + b: null

08-11-2024T08:49:50 - [TEST_STEP][PASSED] - println(path): null

08-11-2024T08:49:50 - [TEST_STEP][PASSED] - page = getText(findTestObject(path)): Text of object 'Object Repository/Выполнение бизнес-плана/Значения со страницы Выполнение бизнес-плана/Факт Отпуск в сеть за отчётный период Хакасэнерго' is: '2 569 596'

08-11-2024T08:50:20 - [MESSAGE][PASSED] - Text of object 'Object Repository/Выполнение бизнес-плана/Значения со страницы Выполнение бизнес-плана/Факт Отпуск в сеть за отчётный период Хакасэнерго' is: '2 569 596'

08-11-2024T08:50:20 - [TEST_STEP][PASSED] - page = page.replaceAll("\s+", ""): null

08-11-2024T08:50:20 - [TEST_STEP][PASSED] - fileOtpuskVSet = otpusk.toInteger(): null

08-11-2024T08:50:20 - [TEST_STEP][PASSED] - pageOtpuskVSet = page.toInteger(): null

08-11-2024T08:50:20 - [TEST_STEP][PASSED] - typeOfData = typeOfDataMain + " Потери": null

08-11-2024T08:50:20 - [TEST_STEP][PASSED] - if (a == 82): null

08-11-2024T08:50:20 - [TEST_STEP][PASSED] - else if (a == 84): null

08-11-2024T08:50:20 - [TEST_STEP][PASSED] - else if (a == 52 || a == 72 || a == 28 || a == 73 || a == 77 || a == 74 || a == 65 || a == 36 || a == 44 || a == 53 || a == 80 || a == 54 || a == 1 || a == 18 || a == 59 || a == 81): null

08-11-2024T08:50:20 - [TEST_STEP][PASSED] - else: null

08-11-2024T08:50:20 - [TEST_STEP][PASSED] - path = dataFolder + typeOfData + " за отчётный период " + b: null

08-11-2024T08:50:20 - [TEST_STEP][PASSED] - page = getText(findTestObject(path)): Text of object 'Object Repository/Выполнение бизнес-плана/Значения со страницы Выполнение бизнес-плана/Факт Потери за отчётный период Хакасэнерго' is: '192 309'

08-11-2024T08:50:50 - [MESSAGE][PASSED] - Text of object 'Object Repository/Выполнение бизнес-плана/Значения со страницы Выполнение бизнес-плана/Факт Потери за отчётный период Хакасэнерго' is: '192 309'

08-11-2024T08:50:50 - [TEST_STEP][PASSED] - page = page.replaceAll("\s+", ""): null

08-11-2024T08:50:50 - [TEST_STEP][PASSED] - filePoteri = poteri.toInteger(): null

08-11-2024T08:50:50 - [TEST_STEP][PASSED] - pagePoteri = page.toInteger(): null

08-11-2024T08:50:50 - [TEST_STEP][PASSED] - compare = pageOtpuskVSet: null

08-11-2024T08:50:50 - [TEST_STEP][PASSED] - if (compare == fileOtpuskVSet): null

08-11-2024T08:50:50 - [TEST_STEP][PASSED] - if (compare == fileOtpuskVSet): null

08-11-2024T08:50:50 - [TEST_STEP][PASSED] - compare = pagePoteri: null

08-11-2024T08:50:50 - [TEST_STEP][PASSED] - if (compare == filePoteri): null

08-11-2024T08:50:50 - [TEST_STEP][PASSED] - if (compare == filePoteri): null

08-11-2024T08:50:50 - [TEST_STEP][PASSED] - if (planFact == 2): null

08-11-2024T08:50:50 - [TEST_STEP][PASSED] - if (planFact == 1): null

08-11-2024T08:50:50 - [TEST_STEP][PASSED] - else if (planFact == 2): null

08-11-2024T08:50:50 - [TEST_STEP][PASSED] - click(findTestObject("Выполнение бизнес-плана/Кнопка План")): Object: 'Object Repository/Выполнение бизнес-плана/Кнопка План' is clicked on

08-11-2024T08:51:20 - [MESSAGE][PASSED] - Object: 'Object Repository/Выполнение бизнес-плана/Кнопка План' is clicked on

08-11-2024T08:51:20 - [TEST_STEP][PASSED] - typeOfDataMain = "План": null

08-11-2024T08:51:20 - [TEST_STEP][PASSED] - otpusk = findTestData("PlanFact").getValue(2, a): null

08-11-2024T08:51:21 - [TEST_STEP][PASSED] - poteri = findTestData("PlanFact").getValue(3, a): null

08-11-2024T08:51:21 - [TEST_STEP][PASSED] - otpusk = otpusk.replaceAll("\s+", ""): null

08-11-2024T08:51:21 - [TEST_STEP][PASSED] - poteri = poteri.replaceAll("\s+", ""): null

08-11-2024T08:51:21 - [TEST_STEP][PASSED] - typeOfData = typeOfDataMain + " Отпуск в сеть": null

08-11-2024T08:51:21 - [TEST_STEP][PASSED] - if (a == 82): null

08-11-2024T08:51:21 - [TEST_STEP][PASSED] - else if (a == 84): null

08-11-2024T08:51:21 - [TEST_STEP][PASSED] - else if (a == 52 || a == 72 || a == 28 || a == 73 || a == 77 || a == 74 || a == 65 || a == 36 || a == 44 || a == 53 || a == 80 || a == 54 || a == 1 || a == 18 || a == 59 || a == 81): null

08-11-2024T08:51:21 - [TEST_STEP][PASSED] - else: null

08-11-2024T08:51:21 - [TEST_STEP][PASSED] - path = dataFolder + typeOfData + " за отчётный период " + b: null

08-11-2024T08:51:21 - [TEST_STEP][PASSED] - println(path): null

08-11-2024T08:51:21 - [TEST_STEP][PASSED] - page = getText(findTestObject(path)): Text of object 'Object Repository/Выполнение бизнес-плана/Значения со страницы Выполнение бизнес-плана/План Отпуск в сеть за отчётный период Хакасэнерго' is: '2 265 562'

08-11-2024T08:51:51 - [MESSAGE][PASSED] - Text of object 'Object Repository/Выполнение бизнес-плана/Значения со страницы Выполнение бизнес-плана/План Отпуск в сеть за отчётный период Хакасэнерго' is: '2 265 562'

08-11-2024T08:51:51 - [TEST_STEP][PASSED] - page = page.replaceAll("\s+", ""): null

08-11-2024T08:51:51 - [TEST_STEP][PASSED] - fileOtpuskVSet = otpusk.toInteger(): null

08-11-2024T08:51:51 - [TEST_STEP][PASSED] - pageOtpuskVSet = page.toInteger(): null

08-11-2024T08:51:51 - [TEST_STEP][PASSED] - typeOfData = typeOfDataMain + " Потери": null

08-11-2024T08:51:51 - [TEST_STEP][PASSED] - if (a == 82): null

08-11-2024T08:51:51 - [TEST_STEP][PASSED] - else if (a == 84): null

08-11-2024T08:51:51 - [TEST_STEP][PASSED] - else if (a == 52 || a == 72 || a == 28 || a == 73 || a == 77 || a == 74 || a == 65 || a == 36 || a == 44 || a == 53 || a == 80 || a == 54 || a == 1 || a == 18 || a == 59 || a == 81): null

08-11-2024T08:51:51 - [TEST_STEP][PASSED] - else: null

08-11-2024T08:51:51 - [TEST_STEP][PASSED] - path = dataFolder + typeOfData + " за отчётный период " + b: null

08-11-2024T08:51:51 - [TEST_STEP][PASSED] - page = getText(findTestObject(path)): Text of object 'Object Repository/Выполнение бизнес-плана/Значения со страницы Выполнение бизнес-плана/План Потери за отчётный период Хакасэнерго' is: '169 570'

08-11-2024T08:52:21 - [MESSAGE][PASSED] - Text of object 'Object Repository/Выполнение бизнес-плана/Значения со страницы Выполнение бизнес-плана/План Потери за отчётный период Хакасэнерго' is: '169 570'

08-11-2024T08:52:21 - [TEST_STEP][PASSED] - page = page.replaceAll("\s+", ""): null

08-11-2024T08:52:21 - [TEST_STEP][PASSED] - filePoteri = poteri.toInteger(): null

08-11-2024T08:52:21 - [TEST_STEP][PASSED] - pagePoteri = page.toInteger(): null

08-11-2024T08:52:21 - [TEST_STEP][PASSED] - compare = pageOtpuskVSet: null

08-11-2024T08:52:21 - [TEST_STEP][PASSED] - if (compare == fileOtpuskVSet): null

08-11-2024T08:52:21 - [TEST_STEP][PASSED] - if (compare == fileOtpuskVSet): null

08-11-2024T08:52:21 - [TEST_STEP][PASSED] - compare = pagePoteri: null

08-11-2024T08:52:21 - [TEST_STEP][PASSED] - if (compare == filePoteri): null

08-11-2024T08:52:21 - [TEST_STEP][PASSED] - if (compare == filePoteri): null

08-11-2024T08:52:21 - [TEST_STEP][PASSED] - if (planFact == 2): Object: 'Object Repository/Выполнение бизнес-плана/Кнопка Факт' is clicked on

08-11-2024T08:52:21 - [TEST_STEP][PASSED] - click(findTestObject("Выполнение бизнес-плана/Кнопка Факт")): Object: 'Object Repository/Выполнение бизнес-плана/Кнопка Факт' is clicked on

08-11-2024T08:52:51 - [MESSAGE][PASSED] - Object: 'Object Repository/Выполнение бизнес-плана/Кнопка Факт' is clicked on

08-11-2024T08:52:51 - [TEST_STEP][PASSED] - if (a == 84 || a == 82): null

08-11-2024T08:52:51 - [TEST_STEP][PASSED] - else if (a == 52 || a == 72 || a == 28 || a == 73 || a == 77 || a == 74 || a == 65 || a == 36 || a == 44 || a == 53 || a == 80 || a == 54 || a == 1 || a == 18 || a == 59 || a == 81): null

08-11-2024T08:52:51 - [TEST_STEP][PASSED] - else: null

08-11-2024T08:52:51 - [TEST_STEP][PASSED] - page1 = getText(findTestObject("Object Repository/Выполнение бизнес-плана/spanPlan" + filialNum)): Text of object 'Object Repository/Выполнение бизнес-плана/spanPlan6' is: '7.48
|'

08-11-2024T08:53:21 - [MESSAGE][PASSED] - Text of object 'Object Repository/Выполнение бизнес-плана/spanPlan6' is: '7.48
|'

08-11-2024T08:53:21 - [TEST_STEP][PASSED] - page1 = page1.replace("|", ""): null

08-11-2024T08:53:21 - [TEST_STEP][PASSED] - page2 = getText(findTestObject("Object Repository/Выполнение бизнес-плана/spanFact" + filialNum)): Text of object 'Object Repository/Выполнение бизнес-плана/spanFact6' is: '7.48
|'

08-11-2024T08:53:51 - [MESSAGE][PASSED] - Text of object 'Object Repository/Выполнение бизнес-плана/spanFact6' is: '7.48
|'

08-11-2024T08:53:51 - [TEST_STEP][PASSED] - page2 = page2.replace("|", ""): null

08-11-2024T08:53:51 - [TEST_STEP][PASSED] - println("page1: " + page1): null

08-11-2024T08:53:51 - [TEST_STEP][PASSED] - println("page2: " + page2): null

08-11-2024T08:53:51 - [TEST_STEP][PASSED] - file = findTestData("PlanFact").getValue(4, a): null

08-11-2024T08:53:51 - [TEST_STEP][PASSED] - file = file.replace(",", "."): null

08-11-2024T08:53:51 - [TEST_STEP][PASSED] - println("file Plan: " + file): null

08-11-2024T08:53:51 - [TEST_STEP][PASSED] - typeOfData = "План в процентах": null

08-11-2024T08:53:51 - [TEST_STEP][PASSED] - fileDouble = file.toDouble(): null

08-11-2024T08:53:51 - [TEST_STEP][PASSED] - pageDouble = page1.toDouble(): null

08-11-2024T08:53:51 - [TEST_STEP][PASSED] - if (fileDouble != pageDouble): null

08-11-2024T08:53:51 - [TEST_STEP][PASSED] - file = findTestData("PlanFact").getValue(7, a): null

08-11-2024T08:53:51 - [TEST_STEP][PASSED] - file = file.replace(",", "."): null

08-11-2024T08:53:51 - [TEST_STEP][PASSED] - println("file Fact: " + file): null

08-11-2024T08:53:51 - [TEST_STEP][PASSED] - fileDouble = file.toDouble(): null

08-11-2024T08:53:51 - [TEST_STEP][PASSED] - typeOfData = "Факт в процентах": null

08-11-2024T08:53:51 - [TEST_STEP][PASSED] - fileDouble = file.toDouble(): null

08-11-2024T08:53:51 - [TEST_STEP][PASSED] - pageDouble = page2.toDouble(): null

08-11-2024T08:53:51 - [TEST_STEP][PASSED] - if (fileDouble != pageDouble): null

08-11-2024T08:53:51 - [TEST_STEP][PASSED] - if (verifyEqual(numberOfErrors, 0) == false): Actual object '0' and expected object '0' are equal

08-11-2024T08:53:51 - [MESSAGE][PASSED] - Actual object '0' and expected object '0' are equal

08-11-2024T08:53:51 - [TEST_STEP][PASSED] - if (a == 82): null

08-11-2024T08:53:51 - [TEST_STEP][PASSED] - dZO = "Читаэнерго": null

08-11-2024T08:53:51 - [TEST_STEP][PASSED] - a = 51: null

08-11-2024T08:53:51 - [TEST_STEP][PASSED] - if (x2.contains(dZO)): null

08-11-2024T08:53:51 - [TEST_STEP][PASSED] - filialNum = filialNum + 1: null

08-11-2024T08:53:51 - [TEST_STEP][PASSED] - Script1718980020443.Numbers(a, typeOfData, todaysDate, pageInt, fileInt, pageDouble, fileDouble, dZO, dzoNum, filialNum): null

08-11-2024T08:53:51 - [TEST_STEP][PASSED] - println(dzoNum): null

08-11-2024T08:53:51 - [TEST_STEP][PASSED] - planFact = <not implemented yet for class: org.codehaus.groovy.ast.expr.EmptyExpression>: null

08-11-2024T08:53:51 - [TEST_STEP][PASSED] - page = <not implemented yet for class: org.codehaus.groovy.ast.expr.EmptyExpression>: null

08-11-2024T08:53:51 - [TEST_STEP][PASSED] - page1 = <not implemented yet for class: org.codehaus.groovy.ast.expr.EmptyExpression>: null

08-11-2024T08:53:51 - [TEST_STEP][PASSED] - page2 = <not implemented yet for class: org.codehaus.groovy.ast.expr.EmptyExpression>: null

08-11-2024T08:53:51 - [TEST_STEP][PASSED] - filialNumberInRow = <not implemented yet for class: org.codehaus.groovy.ast.expr.EmptyExpression>: null

08-11-2024T08:53:51 - [TEST_STEP][PASSED] - filialsDzoNames = <not implemented yet for class: org.codehaus.groovy.ast.expr.EmptyExpression>: null

08-11-2024T08:53:51 - [TEST_STEP][PASSED] - numberOfFilials = <not implemented yet for class: org.codehaus.groovy.ast.expr.EmptyExpression>: null

08-11-2024T08:53:51 - [TEST_STEP][PASSED] - numberOfSpaces = <not implemented yet for class: org.codehaus.groovy.ast.expr.EmptyExpression>: null

08-11-2024T08:53:51 - [TEST_STEP][PASSED] - file = <not implemented yet for class: org.codehaus.groovy.ast.expr.EmptyExpression>: null

08-11-2024T08:53:51 - [TEST_STEP][PASSED] - otpusk = <not implemented yet for class: org.codehaus.groovy.ast.expr.EmptyExpression>: null

08-11-2024T08:53:51 - [TEST_STEP][PASSED] - poteri = <not implemented yet for class: org.codehaus.groovy.ast.expr.EmptyExpression>: null

08-11-2024T08:53:51 - [TEST_STEP][PASSED] - dataFolder = "Выполнение бизнес-плана/Значения со страницы Выполнение бизнес-плана/": null

08-11-2024T08:53:51 - [TEST_STEP][PASSED] - path = <not implemented yet for class: org.codehaus.groovy.ast.expr.EmptyExpression>: null

08-11-2024T08:53:51 - [TEST_STEP][PASSED] - typeOfDataMain = <not implemented yet for class: org.codehaus.groovy.ast.expr.EmptyExpression>: null

08-11-2024T08:53:51 - [TEST_STEP][PASSED] - fileOtpuskVSet = <not implemented yet for class: org.codehaus.groovy.ast.expr.EmptyExpression>: null

08-11-2024T08:53:51 - [TEST_STEP][PASSED] - pageOtpuskVSet = <not implemented yet for class: org.codehaus.groovy.ast.expr.EmptyExpression>: null

08-11-2024T08:53:51 - [TEST_STEP][PASSED] - filePoteri = <not implemented yet for class: org.codehaus.groovy.ast.expr.EmptyExpression>: null

08-11-2024T08:53:51 - [TEST_STEP][PASSED] - pagePoteri = <not implemented yet for class: org.codehaus.groovy.ast.expr.EmptyExpression>: null

08-11-2024T08:53:51 - [TEST_STEP][PASSED] - compare = <not implemented yet for class: org.codehaus.groovy.ast.expr.EmptyExpression>: null

08-11-2024T08:53:51 - [TEST_STEP][PASSED] - b = <not implemented yet for class: org.codehaus.groovy.ast.expr.EmptyExpression>: null

08-11-2024T08:53:51 - [TEST_STEP][PASSED] - i = <not implemented yet for class: org.codehaus.groovy.ast.expr.EmptyExpression>: null

08-11-2024T08:53:51 - [TEST_STEP][PASSED] - ii = <not implemented yet for class: org.codehaus.groovy.ast.expr.EmptyExpression>: null

08-11-2024T08:53:51 - [TEST_STEP][PASSED] - c = <not implemented yet for class: org.codehaus.groovy.ast.expr.EmptyExpression>: null

08-11-2024T08:53:51 - [TEST_STEP][PASSED] - numberOfErrors = 0: null

08-11-2024T08:53:51 - [TEST_STEP][PASSED] - if (a == 82): null

08-11-2024T08:53:51 - [TEST_STEP][PASSED] - b = findTestData("PlanFact").getValue(1, a): null

08-11-2024T08:53:51 - [TEST_STEP][PASSED] - i = b.indexOf(" (ГК)"): null

08-11-2024T08:53:51 - [TEST_STEP][PASSED] - if (i > -1): null

08-11-2024T08:53:51 - [TEST_STEP][PASSED] - i = b.indexOf("О ""): null

08-11-2024T08:53:51 - [TEST_STEP][PASSED] - if (i > -1): null

08-11-2024T08:53:51 - [TEST_STEP][PASSED] - i = b.indexOf("О «"): null

08-11-2024T08:53:51 - [TEST_STEP][PASSED] - if (i > -1): null

08-11-2024T08:53:51 - [TEST_STEP][PASSED] - i = b.indexOf("г. "): null

08-11-2024T08:53:51 - [TEST_STEP][PASSED] - if (i > -1): null

08-11-2024T08:53:51 - [TEST_STEP][PASSED] - println(b): null

08-11-2024T08:53:51 - [TEST_STEP][PASSED] - for ([planFact = 1, planFact < 3, (planFact++)]): null

08-11-2024T08:53:51 - [TEST_STEP][PASSED] - if (planFact == 1): null

08-11-2024T08:53:51 - [TEST_STEP][PASSED] - typeOfDataMain = "Факт": null

08-11-2024T08:53:51 - [TEST_STEP][PASSED] - otpusk = findTestData("PlanFact").getValue(5, a): null

08-11-2024T08:53:51 - [TEST_STEP][PASSED] - poteri = findTestData("PlanFact").getValue(6, a): null

08-11-2024T08:53:51 - [TEST_STEP][PASSED] - otpusk = otpusk.replaceAll("\s+", ""): null

08-11-2024T08:53:51 - [TEST_STEP][PASSED] - poteri = poteri.replaceAll("\s+", ""): null

08-11-2024T08:53:51 - [TEST_STEP][PASSED] - typeOfData = typeOfDataMain + " Отпуск в сеть": null

08-11-2024T08:53:51 - [TEST_STEP][PASSED] - if (a == 82): null

08-11-2024T08:53:51 - [TEST_STEP][PASSED] - else if (a == 84): null

08-11-2024T08:53:51 - [TEST_STEP][PASSED] - else if (a == 52 || a == 72 || a == 28 || a == 73 || a == 77 || a == 74 || a == 65 || a == 36 || a == 44 || a == 53 || a == 80 || a == 54 || a == 1 || a == 18 || a == 59 || a == 81): null

08-11-2024T08:53:51 - [TEST_STEP][PASSED] - else: null

08-11-2024T08:53:51 - [TEST_STEP][PASSED] - path = dataFolder + typeOfData + " за отчётный период " + b: null

08-11-2024T08:53:51 - [TEST_STEP][PASSED] - println(path): null

08-11-2024T08:53:51 - [TEST_STEP][PASSED] - page = getText(findTestObject(path)): Text of object 'Object Repository/Выполнение бизнес-плана/Значения со страницы Выполнение бизнес-плана/Факт Отпуск в сеть за отчётный период Читаэнерго' is: '5 431 468'

08-11-2024T08:54:21 - [MESSAGE][PASSED] - Text of object 'Object Repository/Выполнение бизнес-плана/Значения со страницы Выполнение бизнес-плана/Факт Отпуск в сеть за отчётный период Читаэнерго' is: '5 431 468'

08-11-2024T08:54:21 - [TEST_STEP][PASSED] - page = page.replaceAll("\s+", ""): null

08-11-2024T08:54:21 - [TEST_STEP][PASSED] - fileOtpuskVSet = otpusk.toInteger(): null

08-11-2024T08:54:21 - [TEST_STEP][PASSED] - pageOtpuskVSet = page.toInteger(): null

08-11-2024T08:54:21 - [TEST_STEP][PASSED] - typeOfData = typeOfDataMain + " Потери": null

08-11-2024T08:54:21 - [TEST_STEP][PASSED] - if (a == 82): null

08-11-2024T08:54:21 - [TEST_STEP][PASSED] - else if (a == 84): null

08-11-2024T08:54:21 - [TEST_STEP][PASSED] - else if (a == 52 || a == 72 || a == 28 || a == 73 || a == 77 || a == 74 || a == 65 || a == 36 || a == 44 || a == 53 || a == 80 || a == 54 || a == 1 || a == 18 || a == 59 || a == 81): null

08-11-2024T08:54:21 - [TEST_STEP][PASSED] - else: null

08-11-2024T08:54:21 - [TEST_STEP][PASSED] - path = dataFolder + typeOfData + " за отчётный период " + b: null

08-11-2024T08:54:21 - [TEST_STEP][PASSED] - page = getText(findTestObject(path)): Text of object 'Object Repository/Выполнение бизнес-плана/Значения со страницы Выполнение бизнес-плана/Факт Потери за отчётный период Читаэнерго' is: '419 296'

08-11-2024T08:54:51 - [MESSAGE][PASSED] - Text of object 'Object Repository/Выполнение бизнес-плана/Значения со страницы Выполнение бизнес-плана/Факт Потери за отчётный период Читаэнерго' is: '419 296'

08-11-2024T08:54:51 - [TEST_STEP][PASSED] - page = page.replaceAll("\s+", ""): null

08-11-2024T08:54:51 - [TEST_STEP][PASSED] - filePoteri = poteri.toInteger(): null

08-11-2024T08:54:51 - [TEST_STEP][PASSED] - pagePoteri = page.toInteger(): null

08-11-2024T08:54:51 - [TEST_STEP][PASSED] - compare = pageOtpuskVSet: null

08-11-2024T08:54:51 - [TEST_STEP][PASSED] - if (compare == fileOtpuskVSet): null

08-11-2024T08:54:51 - [TEST_STEP][PASSED] - else if (compare > fileOtpuskVSet): null

08-11-2024T08:54:51 - [TEST_STEP][PASSED] - compare = compare - 1: null

08-11-2024T08:54:51 - [TEST_STEP][PASSED] - if (compare == fileOtpuskVSet): null

08-11-2024T08:54:51 - [TEST_STEP][PASSED] - else: null

08-11-2024T08:54:51 - [TEST_STEP][PASSED] - numberOfErrors = numberOfErrors + 1: null

08-11-2024T08:54:51 - [TEST_STEP][PASSED] - pageInt = pageOtpuskVSet: null

08-11-2024T08:54:51 - [TEST_STEP][PASSED] - fileInt = fileOtpuskVSet: null

08-11-2024T08:54:51 - [TEST_STEP][PASSED] - typeOfData = typeOfDataMain + " Отпуск в сеть": null

08-11-2024T08:54:51 - [TEST_STEP][PASSED] - Script1718980020443.WriteToExcel(a, typeOfData, todaysDate, pageInt, fileInt, pageDouble, fileDouble, dZO): null

08-11-2024T08:54:51 - [TEST_STEP][PASSED] - sheetName = "Sheet1": null

08-11-2024T08:54:51 - [TEST_STEP][PASSED] - data = findTestData("PlanFact"): null

08-11-2024T08:54:52 - [TEST_STEP][PASSED] - n = data.getRowNumbers() + 1: null

08-11-2024T08:54:52 - [TEST_STEP][PASSED] - year = todaysDate.substring(todaysDate.length() - 4, todaysDate.length()): null

08-11-2024T08:54:52 - [TEST_STEP][PASSED] - y = year.toInteger(): null

08-11-2024T08:54:52 - [TEST_STEP][PASSED] - m = getText(findTestObject("Выполнение бизнес-плана/Период")): Text of object 'Object Repository/Выполнение бизнес-плана/Период' is: '1, 2, 3 кв. 2024 года'

08-11-2024T08:55:22 - [MESSAGE][PASSED] - Text of object 'Object Repository/Выполнение бизнес-плана/Период' is: '1, 2, 3 кв. 2024 года'

08-11-2024T08:55:22 - [TEST_STEP][PASSED] - m = m.substring(0, m.indexOf("2024")): null

08-11-2024T08:55:22 - [TEST_STEP][PASSED] - m = m.trim(): null

08-11-2024T08:55:22 - [TEST_STEP][PASSED] - dashboardName = "Выполнение бизнес-плана": null

08-11-2024T08:55:22 - [TEST_STEP][PASSED] - workbook01 = getWorkbook(excelFilePath): null

08-11-2024T08:55:22 - [TEST_STEP][PASSED] - sheet01 = getExcelSheet(workbook01, sheetName): null

08-11-2024T08:55:22 - [TEST_STEP][PASSED] - setValueToCellByIndex(sheet01, n, 0, dashboardName): null

08-11-2024T08:55:22 - [TEST_STEP][PASSED] - setValueToCellByIndex(sheet01, n, 1, dZO): null

08-11-2024T08:55:22 - [TEST_STEP][PASSED] - setValueToCellByIndex(sheet01, n, 2, typeOfData): null

08-11-2024T08:55:22 - [TEST_STEP][PASSED] - if (typeOfData == "Факт в процентах" || typeOfData == "План в процентах"): null

08-11-2024T08:55:22 - [TEST_STEP][PASSED] - else: null

08-11-2024T08:55:22 - [TEST_STEP][PASSED] - setValueToCellByIndex(sheet01, n, 3, fileInt): null

08-11-2024T08:55:22 - [TEST_STEP][PASSED] - setValueToCellByIndex(sheet01, n, 4, pageInt): null

08-11-2024T08:55:22 - [TEST_STEP][PASSED] - setValueToCellByIndex(sheet01, n, 5, m): null

08-11-2024T08:55:22 - [TEST_STEP][PASSED] - setValueToCellByIndex(sheet01, n, 6, y): null

08-11-2024T08:55:22 - [TEST_STEP][PASSED] - setValueToCellByIndex(sheet01, n, 7, todaysDate): null

08-11-2024T08:55:22 - [TEST_STEP][PASSED] - n = n + 1: null

08-11-2024T08:55:22 - [TEST_STEP][PASSED] - saveWorkbook(excelFilePath, workbook01): null

08-11-2024T08:55:22 - [TEST_STEP][PASSED] - compare = pagePoteri: null

08-11-2024T08:55:22 - [TEST_STEP][PASSED] - if (compare == filePoteri): null

08-11-2024T08:55:22 - [TEST_STEP][PASSED] - else if (compare > filePoteri): null

08-11-2024T08:55:22 - [TEST_STEP][PASSED] - compare = compare - 1: null

08-11-2024T08:55:22 - [TEST_STEP][PASSED] - if (compare == filePoteri): null

08-11-2024T08:55:22 - [TEST_STEP][PASSED] - else: null

08-11-2024T08:55:22 - [TEST_STEP][PASSED] - numberOfErrors = numberOfErrors + 1: null

08-11-2024T08:55:22 - [TEST_STEP][PASSED] - pageInt = pagePoteri: null

08-11-2024T08:55:22 - [TEST_STEP][PASSED] - fileInt = filePoteri: null

08-11-2024T08:55:22 - [TEST_STEP][PASSED] - typeOfData = typeOfDataMain + " Потери": null

08-11-2024T08:55:22 - [TEST_STEP][PASSED] - Script1718980020443.WriteToExcel(a, typeOfData, todaysDate, pageInt, fileInt, pageDouble, fileDouble, dZO): null

08-11-2024T08:55:22 - [TEST_STEP][PASSED] - sheetName = "Sheet1": null

08-11-2024T08:55:22 - [TEST_STEP][PASSED] - data = findTestData("PlanFact"): null

08-11-2024T08:55:22 - [TEST_STEP][PASSED] - n = data.getRowNumbers() + 1: null

08-11-2024T08:55:22 - [TEST_STEP][PASSED] - year = todaysDate.substring(todaysDate.length() - 4, todaysDate.length()): null

08-11-2024T08:55:22 - [TEST_STEP][PASSED] - y = year.toInteger(): null

08-11-2024T08:55:22 - [TEST_STEP][PASSED] - m = getText(findTestObject("Выполнение бизнес-плана/Период")): Text of object 'Object Repository/Выполнение бизнес-плана/Период' is: '1, 2, 3 кв. 2024 года'

08-11-2024T08:55:52 - [MESSAGE][PASSED] - Text of object 'Object Repository/Выполнение бизнес-плана/Период' is: '1, 2, 3 кв. 2024 года'

08-11-2024T08:55:52 - [TEST_STEP][PASSED] - m = m.substring(0, m.indexOf("2024")): null

08-11-2024T08:55:52 - [TEST_STEP][PASSED] - m = m.trim(): null

08-11-2024T08:55:52 - [TEST_STEP][PASSED] - dashboardName = "Выполнение бизнес-плана": null

08-11-2024T08:55:52 - [TEST_STEP][PASSED] - workbook01 = getWorkbook(excelFilePath): null

08-11-2024T08:55:52 - [TEST_STEP][PASSED] - sheet01 = getExcelSheet(workbook01, sheetName): null

08-11-2024T08:55:52 - [TEST_STEP][PASSED] - setValueToCellByIndex(sheet01, n, 0, dashboardName): null

08-11-2024T08:55:52 - [TEST_STEP][PASSED] - setValueToCellByIndex(sheet01, n, 1, dZO): null

08-11-2024T08:55:52 - [TEST_STEP][PASSED] - setValueToCellByIndex(sheet01, n, 2, typeOfData): null

08-11-2024T08:55:52 - [TEST_STEP][PASSED] - if (typeOfData == "Факт в процентах" || typeOfData == "План в процентах"): null

08-11-2024T08:55:52 - [TEST_STEP][PASSED] - else: null

08-11-2024T08:55:52 - [TEST_STEP][PASSED] - setValueToCellByIndex(sheet01, n, 3, fileInt): null

08-11-2024T08:55:52 - [TEST_STEP][PASSED] - setValueToCellByIndex(sheet01, n, 4, pageInt): null

08-11-2024T08:55:52 - [TEST_STEP][PASSED] - setValueToCellByIndex(sheet01, n, 5, m): null

08-11-2024T08:55:52 - [TEST_STEP][PASSED] - setValueToCellByIndex(sheet01, n, 6, y): null

08-11-2024T08:55:52 - [TEST_STEP][PASSED] - setValueToCellByIndex(sheet01, n, 7, todaysDate): null

08-11-2024T08:55:52 - [TEST_STEP][PASSED] - n = n + 1: null

08-11-2024T08:55:52 - [TEST_STEP][PASSED] - saveWorkbook(excelFilePath, workbook01): null

08-11-2024T08:55:52 - [TEST_STEP][PASSED] - if (planFact == 2): null

08-11-2024T08:55:52 - [TEST_STEP][PASSED] - if (planFact == 1): null

08-11-2024T08:55:52 - [TEST_STEP][PASSED] - else if (planFact == 2): null

08-11-2024T08:55:52 - [TEST_STEP][PASSED] - click(findTestObject("Выполнение бизнес-плана/Кнопка План")): Object: 'Object Repository/Выполнение бизнес-плана/Кнопка План' is clicked on

08-11-2024T08:56:22 - [MESSAGE][PASSED] - Object: 'Object Repository/Выполнение бизнес-плана/Кнопка План' is clicked on

08-11-2024T08:56:22 - [TEST_STEP][PASSED] - typeOfDataMain = "План": null

08-11-2024T08:56:22 - [TEST_STEP][PASSED] - otpusk = findTestData("PlanFact").getValue(2, a): null

08-11-2024T08:56:22 - [TEST_STEP][PASSED] - poteri = findTestData("PlanFact").getValue(3, a): null

08-11-2024T08:56:23 - [TEST_STEP][PASSED] - otpusk = otpusk.replaceAll("\s+", ""): null

08-11-2024T08:56:23 - [TEST_STEP][PASSED] - poteri = poteri.replaceAll("\s+", ""): null

08-11-2024T08:56:23 - [TEST_STEP][PASSED] - typeOfData = typeOfDataMain + " Отпуск в сеть": null

08-11-2024T08:56:23 - [TEST_STEP][PASSED] - if (a == 82): null

08-11-2024T08:56:23 - [TEST_STEP][PASSED] - else if (a == 84): null

08-11-2024T08:56:23 - [TEST_STEP][PASSED] - else if (a == 52 || a == 72 || a == 28 || a == 73 || a == 77 || a == 74 || a == 65 || a == 36 || a == 44 || a == 53 || a == 80 || a == 54 || a == 1 || a == 18 || a == 59 || a == 81): null

08-11-2024T08:56:23 - [TEST_STEP][PASSED] - else: null

08-11-2024T08:56:23 - [TEST_STEP][PASSED] - path = dataFolder + typeOfData + " за отчётный период " + b: null

08-11-2024T08:56:23 - [TEST_STEP][PASSED] - println(path): null

08-11-2024T08:56:23 - [TEST_STEP][PASSED] - page = getText(findTestObject(path)): Text of object 'Object Repository/Выполнение бизнес-плана/Значения со страницы Выполнение бизнес-плана/План Отпуск в сеть за отчётный период Читаэнерго' is: '5 459 825'

08-11-2024T08:56:53 - [MESSAGE][PASSED] - Text of object 'Object Repository/Выполнение бизнес-плана/Значения со страницы Выполнение бизнес-плана/План Отпуск в сеть за отчётный период Читаэнерго' is: '5 459 825'

08-11-2024T08:56:53 - [TEST_STEP][PASSED] - page = page.replaceAll("\s+", ""): null

08-11-2024T08:56:53 - [TEST_STEP][PASSED] - fileOtpuskVSet = otpusk.toInteger(): null

08-11-2024T08:56:53 - [TEST_STEP][PASSED] - pageOtpuskVSet = page.toInteger(): null

08-11-2024T08:56:53 - [TEST_STEP][PASSED] - typeOfData = typeOfDataMain + " Потери": null

08-11-2024T08:56:53 - [TEST_STEP][PASSED] - if (a == 82): null

08-11-2024T08:56:53 - [TEST_STEP][PASSED] - else if (a == 84): null

08-11-2024T08:56:53 - [TEST_STEP][PASSED] - else if (a == 52 || a == 72 || a == 28 || a == 73 || a == 77 || a == 74 || a == 65 || a == 36 || a == 44 || a == 53 || a == 80 || a == 54 || a == 1 || a == 18 || a == 59 || a == 81): null

08-11-2024T08:56:53 - [TEST_STEP][PASSED] - else: null

08-11-2024T08:56:53 - [TEST_STEP][PASSED] - path = dataFolder + typeOfData + " за отчётный период " + b: null

08-11-2024T08:56:53 - [TEST_STEP][PASSED] - page = getText(findTestObject(path)): Text of object 'Object Repository/Выполнение бизнес-плана/Значения со страницы Выполнение бизнес-плана/План Потери за отчётный период Читаэнерго' is: '421 932'

08-11-2024T08:57:23 - [MESSAGE][PASSED] - Text of object 'Object Repository/Выполнение бизнес-плана/Значения со страницы Выполнение бизнес-плана/План Потери за отчётный период Читаэнерго' is: '421 932'

08-11-2024T08:57:23 - [TEST_STEP][PASSED] - page = page.replaceAll("\s+", ""): null

08-11-2024T08:57:23 - [TEST_STEP][PASSED] - filePoteri = poteri.toInteger(): null

08-11-2024T08:57:23 - [TEST_STEP][PASSED] - pagePoteri = page.toInteger(): null

08-11-2024T08:57:23 - [TEST_STEP][PASSED] - compare = pageOtpuskVSet: null

08-11-2024T08:57:23 - [TEST_STEP][PASSED] - if (compare == fileOtpuskVSet): null

08-11-2024T08:57:23 - [TEST_STEP][PASSED] - else if (compare > fileOtpuskVSet): null

08-11-2024T08:57:23 - [TEST_STEP][PASSED] - compare = compare - 1: null

08-11-2024T08:57:23 - [TEST_STEP][PASSED] - if (compare == fileOtpuskVSet): null

08-11-2024T08:57:23 - [TEST_STEP][PASSED] - else: null

08-11-2024T08:57:23 - [TEST_STEP][PASSED] - numberOfErrors = numberOfErrors + 1: null

08-11-2024T08:57:23 - [TEST_STEP][PASSED] - pageInt = pageOtpuskVSet: null

08-11-2024T08:57:23 - [TEST_STEP][PASSED] - fileInt = fileOtpuskVSet: null

08-11-2024T08:57:23 - [TEST_STEP][PASSED] - typeOfData = typeOfDataMain + " Отпуск в сеть": null

08-11-2024T08:57:23 - [TEST_STEP][PASSED] - Script1718980020443.WriteToExcel(a, typeOfData, todaysDate, pageInt, fileInt, pageDouble, fileDouble, dZO): null

08-11-2024T08:57:23 - [TEST_STEP][PASSED] - sheetName = "Sheet1": null

08-11-2024T08:57:23 - [TEST_STEP][PASSED] - data = findTestData("PlanFact"): null

08-11-2024T08:57:23 - [TEST_STEP][PASSED] - n = data.getRowNumbers() + 1: null

08-11-2024T08:57:23 - [TEST_STEP][PASSED] - year = todaysDate.substring(todaysDate.length() - 4, todaysDate.length()): null

08-11-2024T08:57:23 - [TEST_STEP][PASSED] - y = year.toInteger(): null

08-11-2024T08:57:23 - [TEST_STEP][PASSED] - m = getText(findTestObject("Выполнение бизнес-плана/Период")): Text of object 'Object Repository/Выполнение бизнес-плана/Период' is: '1, 2, 3 кв. 2024 года'

08-11-2024T08:57:53 - [MESSAGE][PASSED] - Text of object 'Object Repository/Выполнение бизнес-плана/Период' is: '1, 2, 3 кв. 2024 года'

08-11-2024T08:57:53 - [TEST_STEP][PASSED] - m = m.substring(0, m.indexOf("2024")): null

08-11-2024T08:57:53 - [TEST_STEP][PASSED] - m = m.trim(): null

08-11-2024T08:57:53 - [TEST_STEP][PASSED] - dashboardName = "Выполнение бизнес-плана": null

08-11-2024T08:57:53 - [TEST_STEP][PASSED] - workbook01 = getWorkbook(excelFilePath): null

08-11-2024T08:57:53 - [TEST_STEP][PASSED] - sheet01 = getExcelSheet(workbook01, sheetName): null

08-11-2024T08:57:53 - [TEST_STEP][PASSED] - setValueToCellByIndex(sheet01, n, 0, dashboardName): null

08-11-2024T08:57:53 - [TEST_STEP][PASSED] - setValueToCellByIndex(sheet01, n, 1, dZO): null

08-11-2024T08:57:53 - [TEST_STEP][PASSED] - setValueToCellByIndex(sheet01, n, 2, typeOfData): null

08-11-2024T08:57:53 - [TEST_STEP][PASSED] - if (typeOfData == "Факт в процентах" || typeOfData == "План в процентах"): null

08-11-2024T08:57:53 - [TEST_STEP][PASSED] - else: null

08-11-2024T08:57:53 - [TEST_STEP][PASSED] - setValueToCellByIndex(sheet01, n, 3, fileInt): null

08-11-2024T08:57:53 - [TEST_STEP][PASSED] - setValueToCellByIndex(sheet01, n, 4, pageInt): null

08-11-2024T08:57:53 - [TEST_STEP][PASSED] - setValueToCellByIndex(sheet01, n, 5, m): null

08-11-2024T08:57:53 - [TEST_STEP][PASSED] - setValueToCellByIndex(sheet01, n, 6, y): null

08-11-2024T08:57:53 - [TEST_STEP][PASSED] - setValueToCellByIndex(sheet01, n, 7, todaysDate): null

08-11-2024T08:57:53 - [TEST_STEP][PASSED] - n = n + 1: null

08-11-2024T08:57:53 - [TEST_STEP][PASSED] - saveWorkbook(excelFilePath, workbook01): null

08-11-2024T08:57:53 - [TEST_STEP][PASSED] - compare = pagePoteri: null

08-11-2024T08:57:53 - [TEST_STEP][PASSED] - if (compare == filePoteri): null

08-11-2024T08:57:53 - [TEST_STEP][PASSED] - else if (compare > filePoteri): null

08-11-2024T08:57:53 - [TEST_STEP][PASSED] - compare = compare - 1: null

08-11-2024T08:57:53 - [TEST_STEP][PASSED] - if (compare == filePoteri): null

08-11-2024T08:57:53 - [TEST_STEP][PASSED] - else: null

08-11-2024T08:57:53 - [TEST_STEP][PASSED] - numberOfErrors = numberOfErrors + 1: null

08-11-2024T08:57:53 - [TEST_STEP][PASSED] - pageInt = pagePoteri: null

08-11-2024T08:57:53 - [TEST_STEP][PASSED] - fileInt = filePoteri: null

08-11-2024T08:57:53 - [TEST_STEP][PASSED] - typeOfData = typeOfDataMain + " Потери": null

08-11-2024T08:57:53 - [TEST_STEP][PASSED] - Script1718980020443.WriteToExcel(a, typeOfData, todaysDate, pageInt, fileInt, pageDouble, fileDouble, dZO): null

08-11-2024T08:57:53 - [TEST_STEP][PASSED] - sheetName = "Sheet1": null

08-11-2024T08:57:53 - [TEST_STEP][PASSED] - data = findTestData("PlanFact"): null

08-11-2024T08:57:53 - [TEST_STEP][PASSED] - n = data.getRowNumbers() + 1: null

08-11-2024T08:57:53 - [TEST_STEP][PASSED] - year = todaysDate.substring(todaysDate.length() - 4, todaysDate.length()): null

08-11-2024T08:57:53 - [TEST_STEP][PASSED] - y = year.toInteger(): null

08-11-2024T08:57:53 - [TEST_STEP][PASSED] - m = getText(findTestObject("Выполнение бизнес-плана/Период")): Text of object 'Object Repository/Выполнение бизнес-плана/Период' is: '1, 2, 3 кв. 2024 года'

08-11-2024T08:58:23 - [MESSAGE][PASSED] - Text of object 'Object Repository/Выполнение бизнес-плана/Период' is: '1, 2, 3 кв. 2024 года'

08-11-2024T08:58:23 - [TEST_STEP][PASSED] - m = m.substring(0, m.indexOf("2024")): null

08-11-2024T08:58:23 - [TEST_STEP][PASSED] - m = m.trim(): null

08-11-2024T08:58:23 - [TEST_STEP][PASSED] - dashboardName = "Выполнение бизнес-плана": null

08-11-2024T08:58:23 - [TEST_STEP][PASSED] - workbook01 = getWorkbook(excelFilePath): null

08-11-2024T08:58:23 - [TEST_STEP][PASSED] - sheet01 = getExcelSheet(workbook01, sheetName): null

08-11-2024T08:58:23 - [TEST_STEP][PASSED] - setValueToCellByIndex(sheet01, n, 0, dashboardName): null

08-11-2024T08:58:23 - [TEST_STEP][PASSED] - setValueToCellByIndex(sheet01, n, 1, dZO): null

08-11-2024T08:58:23 - [TEST_STEP][PASSED] - setValueToCellByIndex(sheet01, n, 2, typeOfData): null

08-11-2024T08:58:23 - [TEST_STEP][PASSED] - if (typeOfData == "Факт в процентах" || typeOfData == "План в процентах"): null

08-11-2024T08:58:23 - [TEST_STEP][PASSED] - else: null

08-11-2024T08:58:23 - [TEST_STEP][PASSED] - setValueToCellByIndex(sheet01, n, 3, fileInt): null

08-11-2024T08:58:23 - [TEST_STEP][PASSED] - setValueToCellByIndex(sheet01, n, 4, pageInt): null

08-11-2024T08:58:23 - [TEST_STEP][PASSED] - setValueToCellByIndex(sheet01, n, 5, m): null

08-11-2024T08:58:23 - [TEST_STEP][PASSED] - setValueToCellByIndex(sheet01, n, 6, y): null

08-11-2024T08:58:23 - [TEST_STEP][PASSED] - setValueToCellByIndex(sheet01, n, 7, todaysDate): null

08-11-2024T08:58:23 - [TEST_STEP][PASSED] - n = n + 1: null

08-11-2024T08:58:23 - [TEST_STEP][PASSED] - saveWorkbook(excelFilePath, workbook01): Object: 'Object Repository/Выполнение бизнес-плана/Кнопка Факт' is clicked on

08-11-2024T08:58:24 - [TEST_STEP][PASSED] - if (planFact == 2): Object: 'Object Repository/Выполнение бизнес-плана/Кнопка Факт' is clicked on

08-11-2024T08:58:24 - [TEST_STEP][PASSED] - click(findTestObject("Выполнение бизнес-плана/Кнопка Факт")): Object: 'Object Repository/Выполнение бизнес-плана/Кнопка Факт' is clicked on

08-11-2024T08:58:54 - [MESSAGE][PASSED] - Object: 'Object Repository/Выполнение бизнес-плана/Кнопка Факт' is clicked on

08-11-2024T08:58:54 - [TEST_STEP][PASSED] - if (a == 84 || a == 82): null

08-11-2024T08:58:54 - [TEST_STEP][PASSED] - else if (a == 52 || a == 72 || a == 28 || a == 73 || a == 77 || a == 74 || a == 65 || a == 36 || a == 44 || a == 53 || a == 80 || a == 54 || a == 1 || a == 18 || a == 59 || a == 81): null

08-11-2024T08:58:54 - [TEST_STEP][PASSED] - else: null

08-11-2024T08:58:54 - [TEST_STEP][PASSED] - page1 = getText(findTestObject("Object Repository/Выполнение бизнес-плана/spanPlan" + filialNum)): Text of object 'Object Repository/Выполнение бизнес-плана/spanPlan7' is: '7.73
|'

08-11-2024T08:59:24 - [MESSAGE][PASSED] - Text of object 'Object Repository/Выполнение бизнес-плана/spanPlan7' is: '7.73
|'

08-11-2024T08:59:24 - [TEST_STEP][PASSED] - page1 = page1.replace("|", ""): null

08-11-2024T08:59:24 - [TEST_STEP][PASSED] - page2 = getText(findTestObject("Object Repository/Выполнение бизнес-плана/spanFact" + filialNum)): Text of object 'Object Repository/Выполнение бизнес-плана/spanFact7' is: '7.72
|'

08-11-2024T08:59:54 - [MESSAGE][PASSED] - Text of object 'Object Repository/Выполнение бизнес-плана/spanFact7' is: '7.72
|'

08-11-2024T08:59:54 - [TEST_STEP][PASSED] - page2 = page2.replace("|", ""): null

08-11-2024T08:59:54 - [TEST_STEP][PASSED] - println("page1: " + page1): null

08-11-2024T08:59:54 - [TEST_STEP][PASSED] - println("page2: " + page2): null

08-11-2024T08:59:54 - [TEST_STEP][PASSED] - file = findTestData("PlanFact").getValue(4, a): null

08-11-2024T08:59:54 - [TEST_STEP][PASSED] - file = file.replace(",", "."): null

08-11-2024T08:59:54 - [TEST_STEP][PASSED] - println("file Plan: " + file): null

08-11-2024T08:59:54 - [TEST_STEP][PASSED] - typeOfData = "План в процентах": null

08-11-2024T08:59:54 - [TEST_STEP][PASSED] - fileDouble = file.toDouble(): null

08-11-2024T08:59:54 - [TEST_STEP][PASSED] - pageDouble = page1.toDouble(): null

08-11-2024T08:59:54 - [TEST_STEP][PASSED] - if (fileDouble != pageDouble): null

08-11-2024T08:59:54 - [TEST_STEP][PASSED] - numberOfErrors = numberOfErrors + 1: null

08-11-2024T08:59:54 - [TEST_STEP][PASSED] - Script1718980020443.WriteToExcel(a, typeOfData, todaysDate, pageInt, fileInt, pageDouble, fileDouble, dZO): null

08-11-2024T08:59:54 - [TEST_STEP][PASSED] - sheetName = "Sheet1": null

08-11-2024T08:59:54 - [TEST_STEP][PASSED] - data = findTestData("PlanFact"): null

08-11-2024T08:59:54 - [TEST_STEP][PASSED] - n = data.getRowNumbers() + 1: null

08-11-2024T08:59:54 - [TEST_STEP][PASSED] - year = todaysDate.substring(todaysDate.length() - 4, todaysDate.length()): null

08-11-2024T08:59:54 - [TEST_STEP][PASSED] - y = year.toInteger(): null

08-11-2024T08:59:54 - [TEST_STEP][PASSED] - m = getText(findTestObject("Выполнение бизнес-плана/Период")): Text of object 'Object Repository/Выполнение бизнес-плана/Период' is: '1, 2, 3 кв. 2024 года'

08-11-2024T09:00:24 - [MESSAGE][PASSED] - Text of object 'Object Repository/Выполнение бизнес-плана/Период' is: '1, 2, 3 кв. 2024 года'

08-11-2024T09:00:24 - [TEST_STEP][PASSED] - m = m.substring(0, m.indexOf("2024")): null

08-11-2024T09:00:24 - [TEST_STEP][PASSED] - m = m.trim(): null

08-11-2024T09:00:24 - [TEST_STEP][PASSED] - dashboardName = "Выполнение бизнес-плана": null

08-11-2024T09:00:24 - [TEST_STEP][PASSED] - workbook01 = getWorkbook(excelFilePath): null

08-11-2024T09:00:24 - [TEST_STEP][PASSED] - sheet01 = getExcelSheet(workbook01, sheetName): null

08-11-2024T09:00:24 - [TEST_STEP][PASSED] - setValueToCellByIndex(sheet01, n, 0, dashboardName): null

08-11-2024T09:00:24 - [TEST_STEP][PASSED] - setValueToCellByIndex(sheet01, n, 1, dZO): null

08-11-2024T09:00:24 - [TEST_STEP][PASSED] - setValueToCellByIndex(sheet01, n, 2, typeOfData): null

08-11-2024T09:00:24 - [TEST_STEP][PASSED] - if (typeOfData == "Факт в процентах" || typeOfData == "План в процентах"): null

08-11-2024T09:00:24 - [TEST_STEP][PASSED] - setValueToCellByIndex(sheet01, n, 3, fileDouble): null

08-11-2024T09:00:24 - [TEST_STEP][PASSED] - setValueToCellByIndex(sheet01, n, 4, pageDouble): null

08-11-2024T09:00:24 - [TEST_STEP][PASSED] - setValueToCellByIndex(sheet01, n, 5, m): null

08-11-2024T09:00:24 - [TEST_STEP][PASSED] - setValueToCellByIndex(sheet01, n, 6, y): null

08-11-2024T09:00:24 - [TEST_STEP][PASSED] - setValueToCellByIndex(sheet01, n, 7, todaysDate): null

08-11-2024T09:00:24 - [TEST_STEP][PASSED] - n = n + 1: null

08-11-2024T09:00:24 - [TEST_STEP][PASSED] - saveWorkbook(excelFilePath, workbook01): null

08-11-2024T09:00:24 - [TEST_STEP][PASSED] - file = findTestData("PlanFact").getValue(7, a): null

08-11-2024T09:00:24 - [TEST_STEP][PASSED] - file = file.replace(",", "."): null

08-11-2024T09:00:24 - [TEST_STEP][PASSED] - println("file Fact: " + file): null

08-11-2024T09:00:24 - [TEST_STEP][PASSED] - fileDouble = file.toDouble(): null

08-11-2024T09:00:24 - [TEST_STEP][PASSED] - typeOfData = "Факт в процентах": null

08-11-2024T09:00:24 - [TEST_STEP][PASSED] - fileDouble = file.toDouble(): null

08-11-2024T09:00:24 - [TEST_STEP][PASSED] - pageDouble = page2.toDouble(): null

08-11-2024T09:00:24 - [TEST_STEP][PASSED] - if (fileDouble != pageDouble): null

08-11-2024T09:00:24 - [TEST_STEP][PASSED] - numberOfErrors = numberOfErrors + 1: null

08-11-2024T09:00:24 - [TEST_STEP][PASSED] - Script1718980020443.WriteToExcel(a, typeOfData, todaysDate, pageInt, fileInt, pageDouble, fileDouble, dZO): null

08-11-2024T09:00:24 - [TEST_STEP][PASSED] - sheetName = "Sheet1": null

08-11-2024T09:00:24 - [TEST_STEP][PASSED] - data = findTestData("PlanFact"): null

08-11-2024T09:00:24 - [TEST_STEP][PASSED] - n = data.getRowNumbers() + 1: null

08-11-2024T09:00:24 - [TEST_STEP][PASSED] - year = todaysDate.substring(todaysDate.length() - 4, todaysDate.length()): null

08-11-2024T09:00:24 - [TEST_STEP][PASSED] - y = year.toInteger(): null

08-11-2024T09:00:24 - [TEST_STEP][PASSED] - m = getText(findTestObject("Выполнение бизнес-плана/Период")): Text of object 'Object Repository/Выполнение бизнес-плана/Период' is: '1, 2, 3 кв. 2024 года'

08-11-2024T09:00:55 - [MESSAGE][PASSED] - Text of object 'Object Repository/Выполнение бизнес-плана/Период' is: '1, 2, 3 кв. 2024 года'

08-11-2024T09:00:55 - [TEST_STEP][PASSED] - m = m.substring(0, m.indexOf("2024")): null

08-11-2024T09:00:55 - [TEST_STEP][PASSED] - m = m.trim(): null

08-11-2024T09:00:55 - [TEST_STEP][PASSED] - dashboardName = "Выполнение бизнес-плана": null

08-11-2024T09:00:55 - [TEST_STEP][PASSED] - workbook01 = getWorkbook(excelFilePath): null

08-11-2024T09:00:55 - [TEST_STEP][PASSED] - sheet01 = getExcelSheet(workbook01, sheetName): null

08-11-2024T09:00:55 - [TEST_STEP][PASSED] - setValueToCellByIndex(sheet01, n, 0, dashboardName): null

08-11-2024T09:00:55 - [TEST_STEP][PASSED] - setValueToCellByIndex(sheet01, n, 1, dZO): null

08-11-2024T09:00:55 - [TEST_STEP][PASSED] - setValueToCellByIndex(sheet01, n, 2, typeOfData): null

08-11-2024T09:00:55 - [TEST_STEP][PASSED] - if (typeOfData == "Факт в процентах" || typeOfData == "План в процентах"): null

08-11-2024T09:00:55 - [TEST_STEP][PASSED] - setValueToCellByIndex(sheet01, n, 3, fileDouble): null

08-11-2024T09:00:55 - [TEST_STEP][PASSED] - setValueToCellByIndex(sheet01, n, 4, pageDouble): null

08-11-2024T09:00:55 - [TEST_STEP][PASSED] - setValueToCellByIndex(sheet01, n, 5, m): null

08-11-2024T09:00:55 - [TEST_STEP][PASSED] - setValueToCellByIndex(sheet01, n, 6, y): null

08-11-2024T09:00:55 - [TEST_STEP][PASSED] - setValueToCellByIndex(sheet01, n, 7, todaysDate): null

08-11-2024T09:00:55 - [TEST_STEP][PASSED] - n = n + 1: null

08-11-2024T09:00:55 - [TEST_STEP][PASSED] - saveWorkbook(excelFilePath, workbook01): null

08-11-2024T09:00:55 - [TEST_STEP][FAILED] - if (verifyEqual(numberOfErrors, 0) == false): null

08-11-2024T09:00:55 - [MESSAGE][FAILED] - Unable to verify equal between actual object '6' and expected object '0' (Root cause: com.kms.katalon.core.exception.StepFailedException: Actual object '6' and expected object '0' are not equal
	at com.kms.katalon.core.keyword.builtin.VerifyEqualKeyword$_verifyEqual_closure1.doCall(VerifyEqualKeyword.groovy:58)
	at com.kms.katalon.core.keyword.builtin.VerifyEqualKeyword$_verifyEqual_closure1.call(VerifyEqualKeyword.groovy)
	at com.kms.katalon.core.keyword.internal.KeywordMain.runKeyword(KeywordMain.groovy:75)
	at com.kms.katalon.core.keyword.builtin.VerifyEqualKeyword.verifyEqual(VerifyEqualKeyword.groovy:63)
	at com.kms.katalon.core.keyword.builtin.VerifyEqualKeyword.execute(VerifyEqualKeyword.groovy:44)
	at com.kms.katalon.core.keyword.internal.KeywordExecutor.executeKeywordForPlatform(KeywordExecutor.groovy:74)
	at com.kms.katalon.core.keyword.BuiltinKeywords.verifyEqual(BuiltinKeywords.groovy:146)
	at jdk.internal.reflect.GeneratedMethodAccessor25.invoke(Unknown Source)
	at java.base/jdk.internal.reflect.DelegatingMethodAccessorImpl.invoke(DelegatingMethodAccessorImpl.java:43)
	at Выполнение бизнес-плана Сверка ПАО Россети все филиалы.Numbers(Выполнение бизнес-плана Сверка ПАО Россети все филиалы:740)
	at Выполнение бизнес-плана Сверка ПАО Россети все филиалы.Filials(Выполнение бизнес-плана Сверка ПАО Россети все филиалы:1633)
	at Выполнение бизнес-плана Сверка ПАО Россети все филиалы.Numbers(Выполнение бизнес-плана Сверка ПАО Россети все филиалы:745)
	at Выполнение бизнес-плана Сверка ПАО Россети все филиалы.run(Выполнение бизнес-плана Сверка ПАО Россети все филиалы:332)
	at com.kms.katalon.core.main.ScriptEngine.run(ScriptEngine.java:194)
	at com.kms.katalon.core.main.ScriptEngine.runScriptAsRawText(ScriptEngine.java:119)
	at com.kms.katalon.core.main.TestCaseExecutor.runScript(TestCaseExecutor.java:448)
	at com.kms.katalon.core.main.TestCaseExecutor.doExecute(TestCaseExecutor.java:439)
	at com.kms.katalon.core.main.TestCaseExecutor.processExecutionPhase(TestCaseExecutor.java:418)
	at com.kms.katalon.core.main.TestCaseExecutor.accessMainPhase(TestCaseExecutor.java:410)
	at com.kms.katalon.core.main.TestCaseExecutor.execute(TestCaseExecutor.java:285)
	at com.kms.katalon.core.common.CommonExecutor.accessTestCaseMainPhase(CommonExecutor.java:65)
	at com.kms.katalon.core.main.TestSuiteExecutor.accessTestSuiteMainPhase(TestSuiteExecutor.java:150)
	at com.kms.katalon.core.main.TestSuiteExecutor.execute(TestSuiteExecutor.java:106)
	at com.kms.katalon.core.main.TestCaseMain.startTestSuite(TestCaseMain.java:180)
	at TempTestSuite1731039737176.run(TempTestSuite1731039737176.groovy:35)
	at java.base/jdk.internal.reflect.NativeMethodAccessorImpl.invoke0(Native Method)
	at java.base/jdk.internal.reflect.NativeMethodAccessorImpl.invoke(NativeMethodAccessorImpl.java:77)
	at java.base/jdk.internal.reflect.DelegatingMethodAccessorImpl.invoke(DelegatingMethodAccessorImpl.java:43)
)

08-11-2024T09:00:55 - [TEST_STEP][PASSED] - println(numberOfErrors): null

08-11-2024T09:00:55 - [TEST_STEP][PASSED] - if (a == 28 || a == 77 || a == 74 || a == 65 || a == 36 || a == 44 || a == 54 || a == 1 || a == 18 || a == 59): null

08-11-2024T09:00:55 - [TEST_STEP][PASSED] - if (a == 82): null

08-11-2024T09:00:55 - [TEST_STEP][PASSED] - filialNum = 0: null

08-11-2024T09:00:55 - [TEST_STEP][PASSED] - if (a == 54): null

08-11-2024T09:00:55 - [TEST_STEP][PASSED] - if (a == 59): null

08-11-2024T09:00:55 - [TEST_STEP][PASSED] - Script1718980020443.OpenFilter(): null

08-11-2024T09:00:55 - [TEST_STEP][PASSED] - click(findTestObject("Object Repository/Выполнение бизнес-плана/Фильтр ДЗО")): Object: 'Object Repository/Выполнение бизнес-плана/Фильтр ДЗО' is clicked on

08-11-2024T09:01:25 - [MESSAGE][PASSED] - Object: 'Object Repository/Выполнение бизнес-плана/Фильтр ДЗО' is clicked on

08-11-2024T09:01:25 - [TEST_STEP][PASSED] - click(findTestObject("Выполнение бизнес-плана/Снять выделение в фильтре ДЗО")): Object: 'Object Repository/Выполнение бизнес-плана/Снять выделение в фильтре ДЗО' is clicked on

08-11-2024T09:01:55 - [MESSAGE][PASSED] - Object: 'Object Repository/Выполнение бизнес-плана/Снять выделение в фильтре ДЗО' is clicked on

08-11-2024T09:01:55 - [TEST_STEP][PASSED] - Script1718980020443.CloseFilter(): null

08-11-2024T09:01:55 - [TEST_STEP][PASSED] - scrollToElement(findTestObject("Выполнение бизнес-плана/Заголовок дашборда"), 30): Scroll to object 'Object Repository/Выполнение бизнес-плана/Заголовок дашборда' successfully

08-11-2024T09:02:25 - [MESSAGE][PASSED] - Scroll to object 'Object Repository/Выполнение бизнес-плана/Заголовок дашборда' successfully

08-11-2024T09:02:25 - [TEST_STEP][PASSED] - click(findTestObject("Object Repository/Выполнение бизнес-плана/Применить в фильтре ДЗО")): Object: 'Object Repository/Выполнение бизнес-плана/Применить в фильтре ДЗО' is clicked on

08-11-2024T09:02:56 - [MESSAGE][PASSED] - Object: 'Object Repository/Выполнение бизнес-плана/Применить в фильтре ДЗО' is clicked on

08-11-2024T09:02:56 - [TEST_STEP][PASSED] - if (a == 82): null

08-11-2024T09:02:56 - [TEST_STEP][PASSED] - println(dzoNum): null

08-11-2024T09:02:56 - [TEST_STEP][PASSED] - dZO = "Россети Томск": null

08-11-2024T09:02:56 - [TEST_STEP][PASSED] - a = 53: null

08-11-2024T09:02:56 - [TEST_STEP][PASSED] - if (x1.contains(dZO)): null

08-11-2024T09:02:56 - [TEST_STEP][PASSED] - else: null

08-11-2024T09:02:56 - [TEST_STEP][PASSED] - Script1718980020443.NoData(a, typeOfData, todaysDate, fileInt, fileDouble, dZO): null

08-11-2024T09:02:56 - [TEST_STEP][PASSED] - println(a): null

08-11-2024T09:02:56 - [TEST_STEP][PASSED] - println(todaysDate): null

08-11-2024T09:02:56 - [TEST_STEP][PASSED] - println(fileInt): null

08-11-2024T09:02:56 - [TEST_STEP][PASSED] - println(fileDouble): null

08-11-2024T09:02:56 - [TEST_STEP][PASSED] - println(dZO): null

08-11-2024T09:02:56 - [TEST_STEP][PASSED] - typeOfData = "Факт Отпуск в сеть": null

08-11-2024T09:02:56 - [TEST_STEP][PASSED] - fileInt = replaceAll("\s+", "").toInteger(): null

08-11-2024T09:02:56 - [TEST_STEP][PASSED] - Script1718980020443.WriteToExcelNoData(a, typeOfData, todaysDate, fileInt, fileDouble, dZO): null

08-11-2024T09:02:56 - [TEST_STEP][PASSED] - sheetName = "Sheet1": null

08-11-2024T09:02:56 - [TEST_STEP][PASSED] - data = findTestData("PlanFact"): null

08-11-2024T09:02:56 - [TEST_STEP][PASSED] - n = data.getRowNumbers() + 1: null

08-11-2024T09:02:56 - [TEST_STEP][PASSED] - year = todaysDate.substring(todaysDate.length() - 4, todaysDate.length()): null

08-11-2024T09:02:56 - [TEST_STEP][PASSED] - y = year.toInteger(): null

08-11-2024T09:02:56 - [TEST_STEP][PASSED] - m = getText(findTestObject("Выполнение бизнес-плана/Период")): Text of object 'Object Repository/Выполнение бизнес-плана/Период' is: '1, 2, 3 кв. 2024 года'

08-11-2024T09:03:16 - [MESSAGE][PASSED] - Text of object 'Object Repository/Выполнение бизнес-плана/Период' is: '1, 2, 3 кв. 2024 года'

08-11-2024T09:03:16 - [TEST_STEP][PASSED] - m = m.substring(0, m.indexOf("2024")): null

08-11-2024T09:03:16 - [TEST_STEP][PASSED] - m = m.trim(): null

08-11-2024T09:03:16 - [TEST_STEP][PASSED] - dashboardName = "Выполнение бизнес-плана": null

08-11-2024T09:03:16 - [TEST_STEP][PASSED] - workbook01 = getWorkbook(excelFilePath): null

08-11-2024T09:03:16 - [TEST_STEP][PASSED] - sheet01 = getExcelSheet(workbook01, sheetName): null

08-11-2024T09:03:16 - [TEST_STEP][PASSED] - setValueToCellByIndex(sheet01, n, 0, dashboardName): null

08-11-2024T09:03:16 - [TEST_STEP][PASSED] - setValueToCellByIndex(sheet01, n, 1, dZO): null

08-11-2024T09:03:16 - [TEST_STEP][PASSED] - setValueToCellByIndex(sheet01, n, 2, typeOfData): null

08-11-2024T09:03:16 - [TEST_STEP][PASSED] - if (typeOfData == "Факт в процентах" || typeOfData == "План в процентах"): null

08-11-2024T09:03:16 - [TEST_STEP][PASSED] - else: null

08-11-2024T09:03:16 - [TEST_STEP][PASSED] - setValueToCellByIndex(sheet01, n, 3, fileInt): null

08-11-2024T09:03:16 - [TEST_STEP][PASSED] - setValueToCellByIndex(sheet01, n, 4, "нет данных"): null

08-11-2024T09:03:16 - [TEST_STEP][PASSED] - setValueToCellByIndex(sheet01, n, 5, m): null

08-11-2024T09:03:16 - [TEST_STEP][PASSED] - setValueToCellByIndex(sheet01, n, 6, y): null

08-11-2024T09:03:16 - [TEST_STEP][PASSED] - setValueToCellByIndex(sheet01, n, 7, todaysDate): null

08-11-2024T09:03:16 - [TEST_STEP][PASSED] - n = n + 1: null

08-11-2024T09:03:16 - [TEST_STEP][PASSED] - saveWorkbook(excelFilePath, workbook01): null

08-11-2024T09:03:16 - [TEST_STEP][PASSED] - typeOfData = "Факт Потери": null

08-11-2024T09:03:16 - [TEST_STEP][PASSED] - fileInt = replaceAll("\s+", "").toInteger(): null

08-11-2024T09:03:16 - [TEST_STEP][PASSED] - Script1718980020443.WriteToExcelNoData(a, typeOfData, todaysDate, fileInt, fileDouble, dZO): null

08-11-2024T09:03:16 - [TEST_STEP][PASSED] - sheetName = "Sheet1": null

08-11-2024T09:03:16 - [TEST_STEP][PASSED] - data = findTestData("PlanFact"): null

08-11-2024T09:03:16 - [TEST_STEP][PASSED] - n = data.getRowNumbers() + 1: null

08-11-2024T09:03:16 - [TEST_STEP][PASSED] - year = todaysDate.substring(todaysDate.length() - 4, todaysDate.length()): null

08-11-2024T09:03:16 - [TEST_STEP][PASSED] - y = year.toInteger(): null

08-11-2024T09:03:16 - [TEST_STEP][PASSED] - m = getText(findTestObject("Выполнение бизнес-плана/Период")): Text of object 'Object Repository/Выполнение бизнес-плана/Период' is: '1, 2, 3 кв. 2024 года'

08-11-2024T09:03:16 - [MESSAGE][PASSED] - Text of object 'Object Repository/Выполнение бизнес-плана/Период' is: '1, 2, 3 кв. 2024 года'

08-11-2024T09:03:16 - [TEST_STEP][PASSED] - m = m.substring(0, m.indexOf("2024")): null

08-11-2024T09:03:16 - [TEST_STEP][PASSED] - m = m.trim(): null

08-11-2024T09:03:16 - [TEST_STEP][PASSED] - dashboardName = "Выполнение бизнес-плана": null

08-11-2024T09:03:16 - [TEST_STEP][PASSED] - workbook01 = getWorkbook(excelFilePath): null

08-11-2024T09:03:16 - [TEST_STEP][PASSED] - sheet01 = getExcelSheet(workbook01, sheetName): null

08-11-2024T09:03:16 - [TEST_STEP][PASSED] - setValueToCellByIndex(sheet01, n, 0, dashboardName): null

08-11-2024T09:03:16 - [TEST_STEP][PASSED] - setValueToCellByIndex(sheet01, n, 1, dZO): null

08-11-2024T09:03:16 - [TEST_STEP][PASSED] - setValueToCellByIndex(sheet01, n, 2, typeOfData): null

08-11-2024T09:03:16 - [TEST_STEP][PASSED] - if (typeOfData == "Факт в процентах" || typeOfData == "План в процентах"): null

08-11-2024T09:03:16 - [TEST_STEP][PASSED] - else: null

08-11-2024T09:03:16 - [TEST_STEP][PASSED] - setValueToCellByIndex(sheet01, n, 3, fileInt): null

08-11-2024T09:03:16 - [TEST_STEP][PASSED] - setValueToCellByIndex(sheet01, n, 4, "нет данных"): null

08-11-2024T09:03:16 - [TEST_STEP][PASSED] - setValueToCellByIndex(sheet01, n, 5, m): null

08-11-2024T09:03:16 - [TEST_STEP][PASSED] - setValueToCellByIndex(sheet01, n, 6, y): null

08-11-2024T09:03:16 - [TEST_STEP][PASSED] - setValueToCellByIndex(sheet01, n, 7, todaysDate): null

08-11-2024T09:03:16 - [TEST_STEP][PASSED] - n = n + 1: null

08-11-2024T09:03:16 - [TEST_STEP][PASSED] - saveWorkbook(excelFilePath, workbook01): null

08-11-2024T09:03:16 - [TEST_STEP][PASSED] - typeOfData = "План Отпуск в сеть": null

08-11-2024T09:03:16 - [TEST_STEP][PASSED] - fileInt = replaceAll("\s+", "").toInteger(): null

08-11-2024T09:03:16 - [TEST_STEP][PASSED] - Script1718980020443.WriteToExcelNoData(a, typeOfData, todaysDate, fileInt, fileDouble, dZO): null

08-11-2024T09:03:16 - [TEST_STEP][PASSED] - sheetName = "Sheet1": null

08-11-2024T09:03:16 - [TEST_STEP][PASSED] - data = findTestData("PlanFact"): null

08-11-2024T09:03:17 - [TEST_STEP][PASSED] - n = data.getRowNumbers() + 1: null

08-11-2024T09:03:17 - [TEST_STEP][PASSED] - year = todaysDate.substring(todaysDate.length() - 4, todaysDate.length()): null

08-11-2024T09:03:17 - [TEST_STEP][PASSED] - y = year.toInteger(): null

08-11-2024T09:03:17 - [TEST_STEP][PASSED] - m = getText(findTestObject("Выполнение бизнес-плана/Период")): Text of object 'Object Repository/Выполнение бизнес-плана/Период' is: '1, 2, 3 кв. 2024 года'

08-11-2024T09:03:17 - [MESSAGE][PASSED] - Text of object 'Object Repository/Выполнение бизнес-плана/Период' is: '1, 2, 3 кв. 2024 года'

08-11-2024T09:03:17 - [TEST_STEP][PASSED] - m = m.substring(0, m.indexOf("2024")): null

08-11-2024T09:03:17 - [TEST_STEP][PASSED] - m = m.trim(): null

08-11-2024T09:03:17 - [TEST_STEP][PASSED] - dashboardName = "Выполнение бизнес-плана": null

08-11-2024T09:03:17 - [TEST_STEP][PASSED] - workbook01 = getWorkbook(excelFilePath): null

08-11-2024T09:03:17 - [TEST_STEP][PASSED] - sheet01 = getExcelSheet(workbook01, sheetName): null

08-11-2024T09:03:17 - [TEST_STEP][PASSED] - setValueToCellByIndex(sheet01, n, 0, dashboardName): null

08-11-2024T09:03:17 - [TEST_STEP][PASSED] - setValueToCellByIndex(sheet01, n, 1, dZO): null

08-11-2024T09:03:17 - [TEST_STEP][PASSED] - setValueToCellByIndex(sheet01, n, 2, typeOfData): null

08-11-2024T09:03:17 - [TEST_STEP][PASSED] - if (typeOfData == "Факт в процентах" || typeOfData == "План в процентах"): null

08-11-2024T09:03:17 - [TEST_STEP][PASSED] - else: null

08-11-2024T09:03:17 - [TEST_STEP][PASSED] - setValueToCellByIndex(sheet01, n, 3, fileInt): null

08-11-2024T09:03:17 - [TEST_STEP][PASSED] - setValueToCellByIndex(sheet01, n, 4, "нет данных"): null

08-11-2024T09:03:17 - [TEST_STEP][PASSED] - setValueToCellByIndex(sheet01, n, 5, m): null

08-11-2024T09:03:17 - [TEST_STEP][PASSED] - setValueToCellByIndex(sheet01, n, 6, y): null

08-11-2024T09:03:17 - [TEST_STEP][PASSED] - setValueToCellByIndex(sheet01, n, 7, todaysDate): null

08-11-2024T09:03:17 - [TEST_STEP][PASSED] - n = n + 1: null

08-11-2024T09:03:17 - [TEST_STEP][PASSED] - saveWorkbook(excelFilePath, workbook01): null

08-11-2024T09:03:17 - [TEST_STEP][PASSED] - typeOfData = "План Потери": null

08-11-2024T09:03:17 - [TEST_STEP][PASSED] - fileInt = replaceAll("\s+", "").toInteger(): null

08-11-2024T09:03:17 - [TEST_STEP][PASSED] - Script1718980020443.WriteToExcelNoData(a, typeOfData, todaysDate, fileInt, fileDouble, dZO): null

08-11-2024T09:03:17 - [TEST_STEP][PASSED] - sheetName = "Sheet1": null

08-11-2024T09:03:17 - [TEST_STEP][PASSED] - data = findTestData("PlanFact"): null

08-11-2024T09:03:17 - [TEST_STEP][PASSED] - n = data.getRowNumbers() + 1: null

08-11-2024T09:03:17 - [TEST_STEP][PASSED] - year = todaysDate.substring(todaysDate.length() - 4, todaysDate.length()): null

08-11-2024T09:03:17 - [TEST_STEP][PASSED] - y = year.toInteger(): null

08-11-2024T09:03:17 - [TEST_STEP][PASSED] - m = getText(findTestObject("Выполнение бизнес-плана/Период")): Text of object 'Object Repository/Выполнение бизнес-плана/Период' is: '1, 2, 3 кв. 2024 года'

08-11-2024T09:03:17 - [MESSAGE][PASSED] - Text of object 'Object Repository/Выполнение бизнес-плана/Период' is: '1, 2, 3 кв. 2024 года'

08-11-2024T09:03:17 - [TEST_STEP][PASSED] - m = m.substring(0, m.indexOf("2024")): null

08-11-2024T09:03:17 - [TEST_STEP][PASSED] - m = m.trim(): null

08-11-2024T09:03:17 - [TEST_STEP][PASSED] - dashboardName = "Выполнение бизнес-плана": null

08-11-2024T09:03:17 - [TEST_STEP][PASSED] - workbook01 = getWorkbook(excelFilePath): null

08-11-2024T09:03:18 - [TEST_STEP][PASSED] - sheet01 = getExcelSheet(workbook01, sheetName): null

08-11-2024T09:03:18 - [TEST_STEP][PASSED] - setValueToCellByIndex(sheet01, n, 0, dashboardName): null

08-11-2024T09:03:18 - [TEST_STEP][PASSED] - setValueToCellByIndex(sheet01, n, 1, dZO): null

08-11-2024T09:03:18 - [TEST_STEP][PASSED] - setValueToCellByIndex(sheet01, n, 2, typeOfData): null

08-11-2024T09:03:18 - [TEST_STEP][PASSED] - if (typeOfData == "Факт в процентах" || typeOfData == "План в процентах"): null

08-11-2024T09:03:18 - [TEST_STEP][PASSED] - else: null

08-11-2024T09:03:18 - [TEST_STEP][PASSED] - setValueToCellByIndex(sheet01, n, 3, fileInt): null

08-11-2024T09:03:18 - [TEST_STEP][PASSED] - setValueToCellByIndex(sheet01, n, 4, "нет данных"): null

08-11-2024T09:03:18 - [TEST_STEP][PASSED] - setValueToCellByIndex(sheet01, n, 5, m): null

08-11-2024T09:03:18 - [TEST_STEP][PASSED] - setValueToCellByIndex(sheet01, n, 6, y): null

08-11-2024T09:03:18 - [TEST_STEP][PASSED] - setValueToCellByIndex(sheet01, n, 7, todaysDate): null

08-11-2024T09:03:18 - [TEST_STEP][PASSED] - n = n + 1: null

08-11-2024T09:03:18 - [TEST_STEP][PASSED] - saveWorkbook(excelFilePath, workbook01): null

08-11-2024T09:03:18 - [TEST_STEP][PASSED] - typeOfData = "План в процентах": null

08-11-2024T09:03:18 - [TEST_STEP][PASSED] - fileDouble = ").toDouble(): null

08-11-2024T09:03:18 - [TEST_STEP][PASSED] - Script1718980020443.WriteToExcelNoData(a, typeOfData, todaysDate, fileInt, fileDouble, dZO): null

08-11-2024T09:03:18 - [TEST_STEP][PASSED] - sheetName = "Sheet1": null

08-11-2024T09:03:18 - [TEST_STEP][PASSED] - data = findTestData("PlanFact"): null

08-11-2024T09:03:18 - [TEST_STEP][PASSED] - n = data.getRowNumbers() + 1: null

08-11-2024T09:03:18 - [TEST_STEP][PASSED] - year = todaysDate.substring(todaysDate.length() - 4, todaysDate.length()): null

08-11-2024T09:03:18 - [TEST_STEP][PASSED] - y = year.toInteger(): null

08-11-2024T09:03:18 - [TEST_STEP][PASSED] - m = getText(findTestObject("Выполнение бизнес-плана/Период")): Text of object 'Object Repository/Выполнение бизнес-плана/Период' is: '1, 2, 3 кв. 2024 года'

08-11-2024T09:03:18 - [MESSAGE][PASSED] - Text of object 'Object Repository/Выполнение бизнес-плана/Период' is: '1, 2, 3 кв. 2024 года'

08-11-2024T09:03:18 - [TEST_STEP][PASSED] - m = m.substring(0, m.indexOf("2024")): null

08-11-2024T09:03:18 - [TEST_STEP][PASSED] - m = m.trim(): null

08-11-2024T09:03:18 - [TEST_STEP][PASSED] - dashboardName = "Выполнение бизнес-плана": null

08-11-2024T09:03:18 - [TEST_STEP][PASSED] - workbook01 = getWorkbook(excelFilePath): null

08-11-2024T09:03:18 - [TEST_STEP][PASSED] - sheet01 = getExcelSheet(workbook01, sheetName): null

08-11-2024T09:03:18 - [TEST_STEP][PASSED] - setValueToCellByIndex(sheet01, n, 0, dashboardName): null

08-11-2024T09:03:18 - [TEST_STEP][PASSED] - setValueToCellByIndex(sheet01, n, 1, dZO): null

08-11-2024T09:03:18 - [TEST_STEP][PASSED] - setValueToCellByIndex(sheet01, n, 2, typeOfData): null

08-11-2024T09:03:18 - [TEST_STEP][PASSED] - if (typeOfData == "Факт в процентах" || typeOfData == "План в процентах"): null

08-11-2024T09:03:18 - [TEST_STEP][PASSED] - setValueToCellByIndex(sheet01, n, 3, fileDouble): null

08-11-2024T09:03:18 - [TEST_STEP][PASSED] - setValueToCellByIndex(sheet01, n, 4, "нет данных"): null

08-11-2024T09:03:18 - [TEST_STEP][PASSED] - setValueToCellByIndex(sheet01, n, 5, m): null

08-11-2024T09:03:18 - [TEST_STEP][PASSED] - setValueToCellByIndex(sheet01, n, 6, y): null

08-11-2024T09:03:18 - [TEST_STEP][PASSED] - setValueToCellByIndex(sheet01, n, 7, todaysDate): null

08-11-2024T09:03:18 - [TEST_STEP][PASSED] - n = n + 1: null

08-11-2024T09:03:18 - [TEST_STEP][PASSED] - saveWorkbook(excelFilePath, workbook01): null

08-11-2024T09:03:18 - [TEST_STEP][PASSED] - typeOfData = "Факт в процентах": null

08-11-2024T09:03:18 - [TEST_STEP][PASSED] - fileDouble = ").toDouble(): null

08-11-2024T09:03:18 - [TEST_STEP][PASSED] - Script1718980020443.WriteToExcelNoData(a, typeOfData, todaysDate, fileInt, fileDouble, dZO): null

08-11-2024T09:03:18 - [TEST_STEP][PASSED] - sheetName = "Sheet1": null

08-11-2024T09:03:18 - [TEST_STEP][PASSED] - data = findTestData("PlanFact"): null

08-11-2024T09:03:18 - [TEST_STEP][PASSED] - n = data.getRowNumbers() + 1: null

08-11-2024T09:03:18 - [TEST_STEP][PASSED] - year = todaysDate.substring(todaysDate.length() - 4, todaysDate.length()): null

08-11-2024T09:03:18 - [TEST_STEP][PASSED] - y = year.toInteger(): null

08-11-2024T09:03:18 - [TEST_STEP][PASSED] - m = getText(findTestObject("Выполнение бизнес-плана/Период")): Text of object 'Object Repository/Выполнение бизнес-плана/Период' is: '1, 2, 3 кв. 2024 года'

08-11-2024T09:03:19 - [MESSAGE][PASSED] - Text of object 'Object Repository/Выполнение бизнес-плана/Период' is: '1, 2, 3 кв. 2024 года'

08-11-2024T09:03:19 - [TEST_STEP][PASSED] - m = m.substring(0, m.indexOf("2024")): null

08-11-2024T09:03:19 - [TEST_STEP][PASSED] - m = m.trim(): null

08-11-2024T09:03:19 - [TEST_STEP][PASSED] - dashboardName = "Выполнение бизнес-плана": null

08-11-2024T09:03:19 - [TEST_STEP][PASSED] - workbook01 = getWorkbook(excelFilePath): null

08-11-2024T09:03:19 - [TEST_STEP][PASSED] - sheet01 = getExcelSheet(workbook01, sheetName): null

08-11-2024T09:03:19 - [TEST_STEP][PASSED] - setValueToCellByIndex(sheet01, n, 0, dashboardName): null

08-11-2024T09:03:19 - [TEST_STEP][PASSED] - setValueToCellByIndex(sheet01, n, 1, dZO): null

08-11-2024T09:03:19 - [TEST_STEP][PASSED] - setValueToCellByIndex(sheet01, n, 2, typeOfData): null

08-11-2024T09:03:19 - [TEST_STEP][PASSED] - if (typeOfData == "Факт в процентах" || typeOfData == "План в процентах"): null

08-11-2024T09:03:19 - [TEST_STEP][PASSED] - setValueToCellByIndex(sheet01, n, 3, fileDouble): null

08-11-2024T09:03:19 - [TEST_STEP][PASSED] - setValueToCellByIndex(sheet01, n, 4, "нет данных"): null

08-11-2024T09:03:19 - [TEST_STEP][PASSED] - setValueToCellByIndex(sheet01, n, 5, m): null

08-11-2024T09:03:19 - [TEST_STEP][PASSED] - setValueToCellByIndex(sheet01, n, 6, y): null

08-11-2024T09:03:19 - [TEST_STEP][PASSED] - setValueToCellByIndex(sheet01, n, 7, todaysDate): null

08-11-2024T09:03:19 - [TEST_STEP][PASSED] - n = n + 1: null

08-11-2024T09:03:19 - [TEST_STEP][PASSED] - saveWorkbook(excelFilePath, workbook01): null

08-11-2024T09:03:19 - [TEST_STEP][PASSED] - println(dzoNum): null

08-11-2024T09:03:19 - [TEST_STEP][PASSED] - dZO = "Россети Тюмень": null

08-11-2024T09:03:19 - [TEST_STEP][PASSED] - a = 80: null

08-11-2024T09:03:19 - [TEST_STEP][PASSED] - if (x1.contains(dZO)): null

08-11-2024T09:03:19 - [TEST_STEP][PASSED] - dzoNum = dzoNum + 1: null

08-11-2024T09:03:19 - [TEST_STEP][PASSED] - Script1718980020443.Numbers(a, typeOfData, todaysDate, pageInt, fileInt, pageDouble, fileDouble, dZO, dzoNum, filialNum): null

08-11-2024T09:03:19 - [TEST_STEP][PASSED] - println(dzoNum): null

08-11-2024T09:03:19 - [TEST_STEP][PASSED] - planFact = <not implemented yet for class: org.codehaus.groovy.ast.expr.EmptyExpression>: null

08-11-2024T09:03:19 - [TEST_STEP][PASSED] - page = <not implemented yet for class: org.codehaus.groovy.ast.expr.EmptyExpression>: null

08-11-2024T09:03:19 - [TEST_STEP][PASSED] - page1 = <not implemented yet for class: org.codehaus.groovy.ast.expr.EmptyExpression>: null

08-11-2024T09:03:19 - [TEST_STEP][PASSED] - page2 = <not implemented yet for class: org.codehaus.groovy.ast.expr.EmptyExpression>: null

08-11-2024T09:03:19 - [TEST_STEP][PASSED] - filialNumberInRow = <not implemented yet for class: org.codehaus.groovy.ast.expr.EmptyExpression>: null

08-11-2024T09:03:19 - [TEST_STEP][PASSED] - filialsDzoNames = <not implemented yet for class: org.codehaus.groovy.ast.expr.EmptyExpression>: null

08-11-2024T09:03:19 - [TEST_STEP][PASSED] - numberOfFilials = <not implemented yet for class: org.codehaus.groovy.ast.expr.EmptyExpression>: null

08-11-2024T09:03:19 - [TEST_STEP][PASSED] - numberOfSpaces = <not implemented yet for class: org.codehaus.groovy.ast.expr.EmptyExpression>: null

08-11-2024T09:03:19 - [TEST_STEP][PASSED] - file = <not implemented yet for class: org.codehaus.groovy.ast.expr.EmptyExpression>: null

08-11-2024T09:03:19 - [TEST_STEP][PASSED] - otpusk = <not implemented yet for class: org.codehaus.groovy.ast.expr.EmptyExpression>: null

08-11-2024T09:03:19 - [TEST_STEP][PASSED] - poteri = <not implemented yet for class: org.codehaus.groovy.ast.expr.EmptyExpression>: null

08-11-2024T09:03:19 - [TEST_STEP][PASSED] - dataFolder = "Выполнение бизнес-плана/Значения со страницы Выполнение бизнес-плана/": null

08-11-2024T09:03:19 - [TEST_STEP][PASSED] - path = <not implemented yet for class: org.codehaus.groovy.ast.expr.EmptyExpression>: null

08-11-2024T09:03:19 - [TEST_STEP][PASSED] - typeOfDataMain = <not implemented yet for class: org.codehaus.groovy.ast.expr.EmptyExpression>: null

08-11-2024T09:03:19 - [TEST_STEP][PASSED] - fileOtpuskVSet = <not implemented yet for class: org.codehaus.groovy.ast.expr.EmptyExpression>: null

08-11-2024T09:03:19 - [TEST_STEP][PASSED] - pageOtpuskVSet = <not implemented yet for class: org.codehaus.groovy.ast.expr.EmptyExpression>: null

08-11-2024T09:03:19 - [TEST_STEP][PASSED] - filePoteri = <not implemented yet for class: org.codehaus.groovy.ast.expr.EmptyExpression>: null

08-11-2024T09:03:19 - [TEST_STEP][PASSED] - pagePoteri = <not implemented yet for class: org.codehaus.groovy.ast.expr.EmptyExpression>: null

08-11-2024T09:03:19 - [TEST_STEP][PASSED] - compare = <not implemented yet for class: org.codehaus.groovy.ast.expr.EmptyExpression>: null

08-11-2024T09:03:19 - [TEST_STEP][PASSED] - b = <not implemented yet for class: org.codehaus.groovy.ast.expr.EmptyExpression>: null

08-11-2024T09:03:19 - [TEST_STEP][PASSED] - i = <not implemented yet for class: org.codehaus.groovy.ast.expr.EmptyExpression>: null

08-11-2024T09:03:19 - [TEST_STEP][PASSED] - ii = <not implemented yet for class: org.codehaus.groovy.ast.expr.EmptyExpression>: null

08-11-2024T09:03:19 - [TEST_STEP][PASSED] - c = <not implemented yet for class: org.codehaus.groovy.ast.expr.EmptyExpression>: null

08-11-2024T09:03:19 - [TEST_STEP][PASSED] - numberOfErrors = 0: null

08-11-2024T09:03:19 - [TEST_STEP][PASSED] - if (a == 82): null

08-11-2024T09:03:19 - [TEST_STEP][PASSED] - b = findTestData("PlanFact").getValue(1, a): null

08-11-2024T09:03:19 - [TEST_STEP][PASSED] - i = b.indexOf(" (ГК)"): null

08-11-2024T09:03:19 - [TEST_STEP][PASSED] - if (i > -1): null

08-11-2024T09:03:19 - [TEST_STEP][PASSED] - i = b.indexOf("О ""): null

08-11-2024T09:03:19 - [TEST_STEP][PASSED] - if (i > -1): null

08-11-2024T09:03:19 - [TEST_STEP][PASSED] - i = b.indexOf("О «"): null

08-11-2024T09:03:19 - [TEST_STEP][PASSED] - if (i > -1): null

08-11-2024T09:03:19 - [TEST_STEP][PASSED] - i = b.indexOf("г. "): null

08-11-2024T09:03:19 - [TEST_STEP][PASSED] - if (i > -1): null

08-11-2024T09:03:19 - [TEST_STEP][PASSED] - println(b): null

08-11-2024T09:03:19 - [TEST_STEP][PASSED] - for ([planFact = 1, planFact < 3, (planFact++)]): Object: 'Object Repository/Выполнение бизнес-плана/Кнопка Факт' is clicked on

08-11-2024T09:03:19 - [TEST_STEP][PASSED] - if (planFact == 1): null

08-11-2024T09:03:19 - [TEST_STEP][PASSED] - typeOfDataMain = "Факт": null

08-11-2024T09:03:19 - [TEST_STEP][PASSED] - otpusk = findTestData("PlanFact").getValue(5, a): null

08-11-2024T09:03:19 - [TEST_STEP][PASSED] - poteri = findTestData("PlanFact").getValue(6, a): null

08-11-2024T09:03:19 - [TEST_STEP][PASSED] - otpusk = otpusk.replaceAll("\s+", ""): null

08-11-2024T09:03:19 - [TEST_STEP][PASSED] - poteri = poteri.replaceAll("\s+", ""): null

08-11-2024T09:03:19 - [TEST_STEP][PASSED] - typeOfData = typeOfDataMain + " Отпуск в сеть": null

08-11-2024T09:03:19 - [TEST_STEP][PASSED] - if (a == 82): null

08-11-2024T09:03:19 - [TEST_STEP][PASSED] - else if (a == 84): null

08-11-2024T09:03:19 - [TEST_STEP][PASSED] - else if (a == 52 || a == 72 || a == 28 || a == 73 || a == 77 || a == 74 || a == 65 || a == 36 || a == 44 || a == 53 || a == 80 || a == 54 || a == 1 || a == 18 || a == 59 || a == 81): null

08-11-2024T09:03:19 - [TEST_STEP][PASSED] - path = dataFolder + "Table Data/" + typeOfData + " за отчётный период " + dzoNum: null

08-11-2024T09:03:19 - [TEST_STEP][PASSED] - println(path): null

08-11-2024T09:03:19 - [TEST_STEP][PASSED] - page = getText(findTestObject(path)): Text of object 'Object Repository/Выполнение бизнес-плана/Значения со страницы Выполнение бизнес-плана/Table Data/Факт Отпуск в сеть за отчётный период 5' is: '39 079 081'

08-11-2024T09:03:19 - [MESSAGE][PASSED] - Text of object 'Object Repository/Выполнение бизнес-плана/Значения со страницы Выполнение бизнес-плана/Table Data/Факт Отпуск в сеть за отчётный период 5' is: '39 079 081'

08-11-2024T09:03:19 - [TEST_STEP][PASSED] - page = page.replaceAll("\s+", ""): null

08-11-2024T09:03:19 - [TEST_STEP][PASSED] - fileOtpuskVSet = otpusk.toInteger(): null

08-11-2024T09:03:19 - [TEST_STEP][PASSED] - pageOtpuskVSet = page.toInteger(): null

08-11-2024T09:03:19 - [TEST_STEP][PASSED] - typeOfData = typeOfDataMain + " Потери": null

08-11-2024T09:03:19 - [TEST_STEP][PASSED] - if (a == 82): null

08-11-2024T09:03:19 - [TEST_STEP][PASSED] - else if (a == 84): null

08-11-2024T09:03:19 - [TEST_STEP][PASSED] - else if (a == 52 || a == 72 || a == 28 || a == 73 || a == 77 || a == 74 || a == 65 || a == 36 || a == 44 || a == 53 || a == 80 || a == 54 || a == 1 || a == 18 || a == 59 || a == 81): null

08-11-2024T09:03:19 - [TEST_STEP][PASSED] - path = dataFolder + "Table Data/" + typeOfData + " за отчётный период " + dzoNum: null

08-11-2024T09:03:19 - [TEST_STEP][PASSED] - page = getText(findTestObject(path)): Text of object 'Object Repository/Выполнение бизнес-плана/Значения со страницы Выполнение бизнес-плана/Table Data/Факт Потери за отчётный период 5' is: '1 016 442'

08-11-2024T09:03:20 - [MESSAGE][PASSED] - Text of object 'Object Repository/Выполнение бизнес-плана/Значения со страницы Выполнение бизнес-плана/Table Data/Факт Потери за отчётный период 5' is: '1 016 442'

08-11-2024T09:03:20 - [TEST_STEP][PASSED] - page = page.replaceAll("\s+", ""): null

08-11-2024T09:03:20 - [TEST_STEP][PASSED] - filePoteri = poteri.toInteger(): null

08-11-2024T09:03:20 - [TEST_STEP][PASSED] - pagePoteri = page.toInteger(): null

08-11-2024T09:03:20 - [TEST_STEP][PASSED] - compare = pageOtpuskVSet: null

08-11-2024T09:03:20 - [TEST_STEP][PASSED] - if (compare == fileOtpuskVSet): null

08-11-2024T09:03:20 - [TEST_STEP][PASSED] - if (compare == fileOtpuskVSet): null

08-11-2024T09:03:20 - [TEST_STEP][PASSED] - compare = pagePoteri: null

08-11-2024T09:03:20 - [TEST_STEP][PASSED] - if (compare == filePoteri): null

08-11-2024T09:03:20 - [TEST_STEP][PASSED] - if (compare == filePoteri): null

08-11-2024T09:03:20 - [TEST_STEP][PASSED] - if (planFact == 2): null

08-11-2024T09:03:20 - [TEST_STEP][PASSED] - if (planFact == 1): null

08-11-2024T09:03:20 - [TEST_STEP][PASSED] - else if (planFact == 2): null

08-11-2024T09:03:20 - [TEST_STEP][PASSED] - click(findTestObject("Выполнение бизнес-плана/Кнопка План")): Object: 'Object Repository/Выполнение бизнес-плана/Кнопка План' is clicked on

08-11-2024T09:03:20 - [MESSAGE][PASSED] - Object: 'Object Repository/Выполнение бизнес-плана/Кнопка План' is clicked on

08-11-2024T09:03:20 - [TEST_STEP][PASSED] - typeOfDataMain = "План": null

08-11-2024T09:03:20 - [TEST_STEP][PASSED] - otpusk = findTestData("PlanFact").getValue(2, a): null

08-11-2024T09:03:20 - [TEST_STEP][PASSED] - poteri = findTestData("PlanFact").getValue(3, a): null

08-11-2024T09:03:20 - [TEST_STEP][PASSED] - otpusk = otpusk.replaceAll("\s+", ""): null

08-11-2024T09:03:20 - [TEST_STEP][PASSED] - poteri = poteri.replaceAll("\s+", ""): null

08-11-2024T09:03:20 - [TEST_STEP][PASSED] - typeOfData = typeOfDataMain + " Отпуск в сеть": null

08-11-2024T09:03:20 - [TEST_STEP][PASSED] - if (a == 82): null

08-11-2024T09:03:20 - [TEST_STEP][PASSED] - else if (a == 84): null

08-11-2024T09:03:20 - [TEST_STEP][PASSED] - else if (a == 52 || a == 72 || a == 28 || a == 73 || a == 77 || a == 74 || a == 65 || a == 36 || a == 44 || a == 53 || a == 80 || a == 54 || a == 1 || a == 18 || a == 59 || a == 81): null

08-11-2024T09:03:20 - [TEST_STEP][PASSED] - path = dataFolder + "Table Data/" + typeOfData + " за отчётный период " + dzoNum: null

08-11-2024T09:03:20 - [TEST_STEP][PASSED] - println(path): null

08-11-2024T09:03:20 - [TEST_STEP][PASSED] - page = getText(findTestObject(path)): Text of object 'Object Repository/Выполнение бизнес-плана/Значения со страницы Выполнение бизнес-плана/Table Data/План Отпуск в сеть за отчётный период 5' is: '40 452 567'

08-11-2024T09:03:21 - [MESSAGE][PASSED] - Text of object 'Object Repository/Выполнение бизнес-плана/Значения со страницы Выполнение бизнес-плана/Table Data/План Отпуск в сеть за отчётный период 5' is: '40 452 567'

08-11-2024T09:03:21 - [TEST_STEP][PASSED] - page = page.replaceAll("\s+", ""): null

08-11-2024T09:03:21 - [TEST_STEP][PASSED] - fileOtpuskVSet = otpusk.toInteger(): null

08-11-2024T09:03:21 - [TEST_STEP][PASSED] - pageOtpuskVSet = page.toInteger(): null

08-11-2024T09:03:21 - [TEST_STEP][PASSED] - typeOfData = typeOfDataMain + " Потери": null

08-11-2024T09:03:21 - [TEST_STEP][PASSED] - if (a == 82): null

08-11-2024T09:03:21 - [TEST_STEP][PASSED] - else if (a == 84): null

08-11-2024T09:03:21 - [TEST_STEP][PASSED] - else if (a == 52 || a == 72 || a == 28 || a == 73 || a == 77 || a == 74 || a == 65 || a == 36 || a == 44 || a == 53 || a == 80 || a == 54 || a == 1 || a == 18 || a == 59 || a == 81): null

08-11-2024T09:03:21 - [TEST_STEP][PASSED] - path = dataFolder + "Table Data/" + typeOfData + " за отчётный период " + dzoNum: null

08-11-2024T09:03:21 - [TEST_STEP][PASSED] - page = getText(findTestObject(path)): Text of object 'Object Repository/Выполнение бизнес-плана/Значения со страницы Выполнение бизнес-плана/Table Data/План Потери за отчётный период 5' is: '1 016 285'

08-11-2024T09:03:21 - [MESSAGE][PASSED] - Text of object 'Object Repository/Выполнение бизнес-плана/Значения со страницы Выполнение бизнес-плана/Table Data/План Потери за отчётный период 5' is: '1 016 285'

08-11-2024T09:03:21 - [TEST_STEP][PASSED] - page = page.replaceAll("\s+", ""): null

08-11-2024T09:03:21 - [TEST_STEP][PASSED] - filePoteri = poteri.toInteger(): null

08-11-2024T09:03:21 - [TEST_STEP][PASSED] - pagePoteri = page.toInteger(): null

08-11-2024T09:03:21 - [TEST_STEP][PASSED] - compare = pageOtpuskVSet: null

08-11-2024T09:03:21 - [TEST_STEP][PASSED] - if (compare == fileOtpuskVSet): null

08-11-2024T09:03:21 - [TEST_STEP][PASSED] - if (compare == fileOtpuskVSet): null

08-11-2024T09:03:21 - [TEST_STEP][PASSED] - compare = pagePoteri: null

08-11-2024T09:03:21 - [TEST_STEP][PASSED] - if (compare == filePoteri): null

08-11-2024T09:03:21 - [TEST_STEP][PASSED] - if (compare == filePoteri): null

08-11-2024T09:03:21 - [TEST_STEP][PASSED] - if (planFact == 2): Object: 'Object Repository/Выполнение бизнес-плана/Кнопка Факт' is clicked on

08-11-2024T09:03:21 - [TEST_STEP][PASSED] - click(findTestObject("Выполнение бизнес-плана/Кнопка Факт")): Object: 'Object Repository/Выполнение бизнес-плана/Кнопка Факт' is clicked on

08-11-2024T09:03:21 - [MESSAGE][PASSED] - Object: 'Object Repository/Выполнение бизнес-плана/Кнопка Факт' is clicked on

08-11-2024T09:03:21 - [TEST_STEP][PASSED] - if (a == 84 || a == 82): null

08-11-2024T09:03:21 - [TEST_STEP][PASSED] - else if (a == 52 || a == 72 || a == 28 || a == 73 || a == 77 || a == 74 || a == 65 || a == 36 || a == 44 || a == 53 || a == 80 || a == 54 || a == 1 || a == 18 || a == 59 || a == 81): null

08-11-2024T09:03:21 - [TEST_STEP][PASSED] - page1 = getText(findTestObject("Object Repository/Выполнение бизнес-плана/spanPlan" + dzoNum)): Text of object 'Object Repository/Выполнение бизнес-плана/spanPlan5' is: '2.51'

08-11-2024T09:03:22 - [MESSAGE][PASSED] - Text of object 'Object Repository/Выполнение бизнес-плана/spanPlan5' is: '2.51'

08-11-2024T09:03:22 - [TEST_STEP][PASSED] - page1 = page1.replace("|", ""): null

08-11-2024T09:03:22 - [TEST_STEP][PASSED] - page2 = getText(findTestObject("Object Repository/Выполнение бизнес-плана/spanFact" + dzoNum)): Text of object 'Object Repository/Выполнение бизнес-плана/spanFact5' is: '2.60
|'

08-11-2024T09:03:22 - [MESSAGE][PASSED] - Text of object 'Object Repository/Выполнение бизнес-плана/spanFact5' is: '2.60
|'

08-11-2024T09:03:22 - [TEST_STEP][PASSED] - page2 = page2.replace("|", ""): null

08-11-2024T09:03:22 - [TEST_STEP][PASSED] - println("page1: " + page1): null

08-11-2024T09:03:22 - [TEST_STEP][PASSED] - println("page2: " + page2): null

08-11-2024T09:03:22 - [TEST_STEP][PASSED] - file = findTestData("PlanFact").getValue(4, a): null

08-11-2024T09:03:22 - [TEST_STEP][PASSED] - file = file.replace(",", "."): null

08-11-2024T09:03:22 - [TEST_STEP][PASSED] - println("file Plan: " + file): null

08-11-2024T09:03:22 - [TEST_STEP][PASSED] - typeOfData = "План в процентах": null

08-11-2024T09:03:22 - [TEST_STEP][PASSED] - fileDouble = file.toDouble(): null

08-11-2024T09:03:22 - [TEST_STEP][PASSED] - pageDouble = page1.toDouble(): null

08-11-2024T09:03:22 - [TEST_STEP][PASSED] - if (fileDouble != pageDouble): null

08-11-2024T09:03:22 - [TEST_STEP][PASSED] - file = findTestData("PlanFact").getValue(7, a): null

08-11-2024T09:03:22 - [TEST_STEP][PASSED] - file = file.replace(",", "."): null

08-11-2024T09:03:22 - [TEST_STEP][PASSED] - println("file Fact: " + file): null

08-11-2024T09:03:22 - [TEST_STEP][PASSED] - fileDouble = file.toDouble(): null

08-11-2024T09:03:22 - [TEST_STEP][PASSED] - typeOfData = "Факт в процентах": null

08-11-2024T09:03:22 - [TEST_STEP][PASSED] - fileDouble = file.toDouble(): null

08-11-2024T09:03:22 - [TEST_STEP][PASSED] - pageDouble = page2.toDouble(): null

08-11-2024T09:03:22 - [TEST_STEP][PASSED] - if (fileDouble != pageDouble): null

08-11-2024T09:03:22 - [TEST_STEP][PASSED] - if (verifyEqual(numberOfErrors, 0) == false): Actual object '0' and expected object '0' are equal

08-11-2024T09:03:22 - [MESSAGE][PASSED] - Actual object '0' and expected object '0' are equal

08-11-2024T09:03:22 - [TEST_STEP][PASSED] - if (a == 82): null

08-11-2024T09:03:22 - [TEST_STEP][PASSED] - println(dzoNum): null

08-11-2024T09:03:22 - [TEST_STEP][PASSED] - dZO = "Россети Урал (ГК)": null

08-11-2024T09:03:22 - [TEST_STEP][PASSED] - a = 54: null

08-11-2024T09:03:22 - [TEST_STEP][PASSED] - if (x1.contains(dZO)): null

08-11-2024T09:03:22 - [TEST_STEP][PASSED] - else: null

08-11-2024T09:03:22 - [TEST_STEP][PASSED] - Script1718980020443.NoData(a, typeOfData, todaysDate, fileInt, fileDouble, dZO): null

08-11-2024T09:03:22 - [TEST_STEP][PASSED] - println(a): null

08-11-2024T09:03:22 - [TEST_STEP][PASSED] - println(todaysDate): null

08-11-2024T09:03:22 - [TEST_STEP][PASSED] - println(fileInt): null

08-11-2024T09:03:22 - [TEST_STEP][PASSED] - println(fileDouble): null

08-11-2024T09:03:22 - [TEST_STEP][PASSED] - println(dZO): null

08-11-2024T09:03:22 - [TEST_STEP][PASSED] - typeOfData = "Факт Отпуск в сеть": null

08-11-2024T09:03:22 - [TEST_STEP][PASSED] - fileInt = replaceAll("\s+", "").toInteger(): null

08-11-2024T09:03:22 - [TEST_STEP][PASSED] - Script1718980020443.WriteToExcelNoData(a, typeOfData, todaysDate, fileInt, fileDouble, dZO): null

08-11-2024T09:03:22 - [TEST_STEP][PASSED] - sheetName = "Sheet1": null

08-11-2024T09:03:22 - [TEST_STEP][PASSED] - data = findTestData("PlanFact"): null

08-11-2024T09:03:22 - [TEST_STEP][PASSED] - n = data.getRowNumbers() + 1: null

08-11-2024T09:03:22 - [TEST_STEP][PASSED] - year = todaysDate.substring(todaysDate.length() - 4, todaysDate.length()): null

08-11-2024T09:03:22 - [TEST_STEP][PASSED] - y = year.toInteger(): null

08-11-2024T09:03:22 - [TEST_STEP][PASSED] - m = getText(findTestObject("Выполнение бизнес-плана/Период")): Text of object 'Object Repository/Выполнение бизнес-плана/Период' is: '1, 2, 3 кв. 2024 года'

08-11-2024T09:03:22 - [MESSAGE][PASSED] - Text of object 'Object Repository/Выполнение бизнес-плана/Период' is: '1, 2, 3 кв. 2024 года'

08-11-2024T09:03:22 - [TEST_STEP][PASSED] - m = m.substring(0, m.indexOf("2024")): null

08-11-2024T09:03:22 - [TEST_STEP][PASSED] - m = m.trim(): null

08-11-2024T09:03:22 - [TEST_STEP][PASSED] - dashboardName = "Выполнение бизнес-плана": null

08-11-2024T09:03:22 - [TEST_STEP][PASSED] - workbook01 = getWorkbook(excelFilePath): null

08-11-2024T09:03:22 - [TEST_STEP][PASSED] - sheet01 = getExcelSheet(workbook01, sheetName): null

08-11-2024T09:03:22 - [TEST_STEP][PASSED] - setValueToCellByIndex(sheet01, n, 0, dashboardName): null

08-11-2024T09:03:22 - [TEST_STEP][PASSED] - setValueToCellByIndex(sheet01, n, 1, dZO): null

08-11-2024T09:03:22 - [TEST_STEP][PASSED] - setValueToCellByIndex(sheet01, n, 2, typeOfData): null

08-11-2024T09:03:22 - [TEST_STEP][PASSED] - if (typeOfData == "Факт в процентах" || typeOfData == "План в процентах"): null

08-11-2024T09:03:22 - [TEST_STEP][PASSED] - else: null

08-11-2024T09:03:22 - [TEST_STEP][PASSED] - setValueToCellByIndex(sheet01, n, 3, fileInt): null

08-11-2024T09:03:22 - [TEST_STEP][PASSED] - setValueToCellByIndex(sheet01, n, 4, "нет данных"): null

08-11-2024T09:03:22 - [TEST_STEP][PASSED] - setValueToCellByIndex(sheet01, n, 5, m): null

08-11-2024T09:03:22 - [TEST_STEP][PASSED] - setValueToCellByIndex(sheet01, n, 6, y): null

08-11-2024T09:03:22 - [TEST_STEP][PASSED] - setValueToCellByIndex(sheet01, n, 7, todaysDate): null

08-11-2024T09:03:22 - [TEST_STEP][PASSED] - n = n + 1: null

08-11-2024T09:03:22 - [TEST_STEP][PASSED] - saveWorkbook(excelFilePath, workbook01): null

08-11-2024T09:03:23 - [TEST_STEP][PASSED] - typeOfData = "Факт Потери": null

08-11-2024T09:03:23 - [TEST_STEP][PASSED] - fileInt = replaceAll("\s+", "").toInteger(): null

08-11-2024T09:03:23 - [TEST_STEP][PASSED] - Script1718980020443.WriteToExcelNoData(a, typeOfData, todaysDate, fileInt, fileDouble, dZO): null

08-11-2024T09:03:23 - [TEST_STEP][PASSED] - sheetName = "Sheet1": null

08-11-2024T09:03:23 - [TEST_STEP][PASSED] - data = findTestData("PlanFact"): null

08-11-2024T09:03:23 - [TEST_STEP][PASSED] - n = data.getRowNumbers() + 1: null

08-11-2024T09:03:23 - [TEST_STEP][PASSED] - year = todaysDate.substring(todaysDate.length() - 4, todaysDate.length()): null

08-11-2024T09:03:23 - [TEST_STEP][PASSED] - y = year.toInteger(): null

08-11-2024T09:03:23 - [TEST_STEP][PASSED] - m = getText(findTestObject("Выполнение бизнес-плана/Период")): Text of object 'Object Repository/Выполнение бизнес-плана/Период' is: '1, 2, 3 кв. 2024 года'

08-11-2024T09:03:23 - [MESSAGE][PASSED] - Text of object 'Object Repository/Выполнение бизнес-плана/Период' is: '1, 2, 3 кв. 2024 года'

08-11-2024T09:03:23 - [TEST_STEP][PASSED] - m = m.substring(0, m.indexOf("2024")): null

08-11-2024T09:03:23 - [TEST_STEP][PASSED] - m = m.trim(): null

08-11-2024T09:03:23 - [TEST_STEP][PASSED] - dashboardName = "Выполнение бизнес-плана": null

08-11-2024T09:03:23 - [TEST_STEP][PASSED] - workbook01 = getWorkbook(excelFilePath): null

08-11-2024T09:03:23 - [TEST_STEP][PASSED] - sheet01 = getExcelSheet(workbook01, sheetName): null

08-11-2024T09:03:23 - [TEST_STEP][PASSED] - setValueToCellByIndex(sheet01, n, 0, dashboardName): null

08-11-2024T09:03:23 - [TEST_STEP][PASSED] - setValueToCellByIndex(sheet01, n, 1, dZO): null

08-11-2024T09:03:23 - [TEST_STEP][PASSED] - setValueToCellByIndex(sheet01, n, 2, typeOfData): null

08-11-2024T09:03:23 - [TEST_STEP][PASSED] - if (typeOfData == "Факт в процентах" || typeOfData == "План в процентах"): null

08-11-2024T09:03:23 - [TEST_STEP][PASSED] - else: null

08-11-2024T09:03:23 - [TEST_STEP][PASSED] - setValueToCellByIndex(sheet01, n, 3, fileInt): null

08-11-2024T09:03:23 - [TEST_STEP][PASSED] - setValueToCellByIndex(sheet01, n, 4, "нет данных"): null

08-11-2024T09:03:23 - [TEST_STEP][PASSED] - setValueToCellByIndex(sheet01, n, 5, m): null

08-11-2024T09:03:23 - [TEST_STEP][PASSED] - setValueToCellByIndex(sheet01, n, 6, y): null

08-11-2024T09:03:23 - [TEST_STEP][PASSED] - setValueToCellByIndex(sheet01, n, 7, todaysDate): null

08-11-2024T09:03:23 - [TEST_STEP][PASSED] - n = n + 1: null

08-11-2024T09:03:23 - [TEST_STEP][PASSED] - saveWorkbook(excelFilePath, workbook01): null

08-11-2024T09:03:23 - [TEST_STEP][PASSED] - typeOfData = "План Отпуск в сеть": null

08-11-2024T09:03:23 - [TEST_STEP][PASSED] - fileInt = replaceAll("\s+", "").toInteger(): null

08-11-2024T09:03:23 - [TEST_STEP][PASSED] - Script1718980020443.WriteToExcelNoData(a, typeOfData, todaysDate, fileInt, fileDouble, dZO): null

08-11-2024T09:03:23 - [TEST_STEP][PASSED] - sheetName = "Sheet1": null

08-11-2024T09:03:23 - [TEST_STEP][PASSED] - data = findTestData("PlanFact"): null

08-11-2024T09:03:23 - [TEST_STEP][PASSED] - n = data.getRowNumbers() + 1: null

08-11-2024T09:03:23 - [TEST_STEP][PASSED] - year = todaysDate.substring(todaysDate.length() - 4, todaysDate.length()): null

08-11-2024T09:03:23 - [TEST_STEP][PASSED] - y = year.toInteger(): null

08-11-2024T09:03:23 - [TEST_STEP][PASSED] - m = getText(findTestObject("Выполнение бизнес-плана/Период")): Text of object 'Object Repository/Выполнение бизнес-плана/Период' is: '1, 2, 3 кв. 2024 года'

08-11-2024T09:03:24 - [MESSAGE][PASSED] - Text of object 'Object Repository/Выполнение бизнес-плана/Период' is: '1, 2, 3 кв. 2024 года'

08-11-2024T09:03:24 - [TEST_STEP][PASSED] - m = m.substring(0, m.indexOf("2024")): null

08-11-2024T09:03:24 - [TEST_STEP][PASSED] - m = m.trim(): null

08-11-2024T09:03:24 - [TEST_STEP][PASSED] - dashboardName = "Выполнение бизнес-плана": null

08-11-2024T09:03:24 - [TEST_STEP][PASSED] - workbook01 = getWorkbook(excelFilePath): null

08-11-2024T09:03:24 - [TEST_STEP][PASSED] - sheet01 = getExcelSheet(workbook01, sheetName): null

08-11-2024T09:03:24 - [TEST_STEP][PASSED] - setValueToCellByIndex(sheet01, n, 0, dashboardName): null

08-11-2024T09:03:24 - [TEST_STEP][PASSED] - setValueToCellByIndex(sheet01, n, 1, dZO): null

08-11-2024T09:03:24 - [TEST_STEP][PASSED] - setValueToCellByIndex(sheet01, n, 2, typeOfData): null

08-11-2024T09:03:24 - [TEST_STEP][PASSED] - if (typeOfData == "Факт в процентах" || typeOfData == "План в процентах"): null

08-11-2024T09:03:24 - [TEST_STEP][PASSED] - else: null

08-11-2024T09:03:24 - [TEST_STEP][PASSED] - setValueToCellByIndex(sheet01, n, 3, fileInt): null

08-11-2024T09:03:24 - [TEST_STEP][PASSED] - setValueToCellByIndex(sheet01, n, 4, "нет данных"): null

08-11-2024T09:03:24 - [TEST_STEP][PASSED] - setValueToCellByIndex(sheet01, n, 5, m): null

08-11-2024T09:03:24 - [TEST_STEP][PASSED] - setValueToCellByIndex(sheet01, n, 6, y): null

08-11-2024T09:03:24 - [TEST_STEP][PASSED] - setValueToCellByIndex(sheet01, n, 7, todaysDate): null

08-11-2024T09:03:24 - [TEST_STEP][PASSED] - n = n + 1: null

08-11-2024T09:03:24 - [TEST_STEP][PASSED] - saveWorkbook(excelFilePath, workbook01): null

08-11-2024T09:03:24 - [TEST_STEP][PASSED] - typeOfData = "План Потери": null

08-11-2024T09:03:24 - [TEST_STEP][PASSED] - fileInt = replaceAll("\s+", "").toInteger(): null

08-11-2024T09:03:24 - [TEST_STEP][PASSED] - Script1718980020443.WriteToExcelNoData(a, typeOfData, todaysDate, fileInt, fileDouble, dZO): null

08-11-2024T09:03:24 - [TEST_STEP][PASSED] - sheetName = "Sheet1": null

08-11-2024T09:03:24 - [TEST_STEP][PASSED] - data = findTestData("PlanFact"): null

08-11-2024T09:03:24 - [TEST_STEP][PASSED] - n = data.getRowNumbers() + 1: null

08-11-2024T09:03:24 - [TEST_STEP][PASSED] - year = todaysDate.substring(todaysDate.length() - 4, todaysDate.length()): null

08-11-2024T09:03:24 - [TEST_STEP][PASSED] - y = year.toInteger(): null

08-11-2024T09:03:24 - [TEST_STEP][PASSED] - m = getText(findTestObject("Выполнение бизнес-плана/Период")): Text of object 'Object Repository/Выполнение бизнес-плана/Период' is: '1, 2, 3 кв. 2024 года'

08-11-2024T09:03:24 - [MESSAGE][PASSED] - Text of object 'Object Repository/Выполнение бизнес-плана/Период' is: '1, 2, 3 кв. 2024 года'

08-11-2024T09:03:24 - [TEST_STEP][PASSED] - m = m.substring(0, m.indexOf("2024")): null

08-11-2024T09:03:24 - [TEST_STEP][PASSED] - m = m.trim(): null

08-11-2024T09:03:24 - [TEST_STEP][PASSED] - dashboardName = "Выполнение бизнес-плана": null

08-11-2024T09:03:24 - [TEST_STEP][PASSED] - workbook01 = getWorkbook(excelFilePath): null

08-11-2024T09:03:24 - [TEST_STEP][PASSED] - sheet01 = getExcelSheet(workbook01, sheetName): null

08-11-2024T09:03:24 - [TEST_STEP][PASSED] - setValueToCellByIndex(sheet01, n, 0, dashboardName): null

08-11-2024T09:03:24 - [TEST_STEP][PASSED] - setValueToCellByIndex(sheet01, n, 1, dZO): null

08-11-2024T09:03:24 - [TEST_STEP][PASSED] - setValueToCellByIndex(sheet01, n, 2, typeOfData): null

08-11-2024T09:03:24 - [TEST_STEP][PASSED] - if (typeOfData == "Факт в процентах" || typeOfData == "План в процентах"): null

08-11-2024T09:03:24 - [TEST_STEP][PASSED] - else: null

08-11-2024T09:03:24 - [TEST_STEP][PASSED] - setValueToCellByIndex(sheet01, n, 3, fileInt): null

08-11-2024T09:03:24 - [TEST_STEP][PASSED] - setValueToCellByIndex(sheet01, n, 4, "нет данных"): null

08-11-2024T09:03:24 - [TEST_STEP][PASSED] - setValueToCellByIndex(sheet01, n, 5, m): null

08-11-2024T09:03:24 - [TEST_STEP][PASSED] - setValueToCellByIndex(sheet01, n, 6, y): null

08-11-2024T09:03:24 - [TEST_STEP][PASSED] - setValueToCellByIndex(sheet01, n, 7, todaysDate): null

08-11-2024T09:03:24 - [TEST_STEP][PASSED] - n = n + 1: null

08-11-2024T09:03:24 - [TEST_STEP][PASSED] - saveWorkbook(excelFilePath, workbook01): null

08-11-2024T09:03:25 - [TEST_STEP][PASSED] - typeOfData = "План в процентах": null

08-11-2024T09:03:25 - [TEST_STEP][PASSED] - fileDouble = ").toDouble(): null

08-11-2024T09:03:25 - [TEST_STEP][PASSED] - Script1718980020443.WriteToExcelNoData(a, typeOfData, todaysDate, fileInt, fileDouble, dZO): null

08-11-2024T09:03:25 - [TEST_STEP][PASSED] - sheetName = "Sheet1": null

08-11-2024T09:03:25 - [TEST_STEP][PASSED] - data = findTestData("PlanFact"): null

08-11-2024T09:03:25 - [TEST_STEP][PASSED] - n = data.getRowNumbers() + 1: null

08-11-2024T09:03:25 - [TEST_STEP][PASSED] - year = todaysDate.substring(todaysDate.length() - 4, todaysDate.length()): null

08-11-2024T09:03:25 - [TEST_STEP][PASSED] - y = year.toInteger(): null

08-11-2024T09:03:25 - [TEST_STEP][PASSED] - m = getText(findTestObject("Выполнение бизнес-плана/Период")): Text of object 'Object Repository/Выполнение бизнес-плана/Период' is: '1, 2, 3 кв. 2024 года'

08-11-2024T09:03:25 - [MESSAGE][PASSED] - Text of object 'Object Repository/Выполнение бизнес-плана/Период' is: '1, 2, 3 кв. 2024 года'

08-11-2024T09:03:25 - [TEST_STEP][PASSED] - m = m.substring(0, m.indexOf("2024")): null

08-11-2024T09:03:25 - [TEST_STEP][PASSED] - m = m.trim(): null

08-11-2024T09:03:25 - [TEST_STEP][PASSED] - dashboardName = "Выполнение бизнес-плана": null

08-11-2024T09:03:25 - [TEST_STEP][PASSED] - workbook01 = getWorkbook(excelFilePath): null

08-11-2024T09:03:25 - [TEST_STEP][PASSED] - sheet01 = getExcelSheet(workbook01, sheetName): null

08-11-2024T09:03:25 - [TEST_STEP][PASSED] - setValueToCellByIndex(sheet01, n, 0, dashboardName): null

08-11-2024T09:03:25 - [TEST_STEP][PASSED] - setValueToCellByIndex(sheet01, n, 1, dZO): null

08-11-2024T09:03:25 - [TEST_STEP][PASSED] - setValueToCellByIndex(sheet01, n, 2, typeOfData): null

08-11-2024T09:03:25 - [TEST_STEP][PASSED] - if (typeOfData == "Факт в процентах" || typeOfData == "План в процентах"): null

08-11-2024T09:03:25 - [TEST_STEP][PASSED] - setValueToCellByIndex(sheet01, n, 3, fileDouble): null

08-11-2024T09:03:25 - [TEST_STEP][PASSED] - setValueToCellByIndex(sheet01, n, 4, "нет данных"): null

08-11-2024T09:03:25 - [TEST_STEP][PASSED] - setValueToCellByIndex(sheet01, n, 5, m): null

08-11-2024T09:03:25 - [TEST_STEP][PASSED] - setValueToCellByIndex(sheet01, n, 6, y): null

08-11-2024T09:03:25 - [TEST_STEP][PASSED] - setValueToCellByIndex(sheet01, n, 7, todaysDate): null

08-11-2024T09:03:25 - [TEST_STEP][PASSED] - n = n + 1: null

08-11-2024T09:03:25 - [TEST_STEP][PASSED] - saveWorkbook(excelFilePath, workbook01): null

08-11-2024T09:03:25 - [TEST_STEP][PASSED] - typeOfData = "Факт в процентах": null

08-11-2024T09:03:25 - [TEST_STEP][PASSED] - fileDouble = ").toDouble(): null

08-11-2024T09:03:25 - [TEST_STEP][PASSED] - Script1718980020443.WriteToExcelNoData(a, typeOfData, todaysDate, fileInt, fileDouble, dZO): null

08-11-2024T09:03:25 - [TEST_STEP][PASSED] - sheetName = "Sheet1": null

08-11-2024T09:03:25 - [TEST_STEP][PASSED] - data = findTestData("PlanFact"): null

08-11-2024T09:03:25 - [TEST_STEP][PASSED] - n = data.getRowNumbers() + 1: null

08-11-2024T09:03:25 - [TEST_STEP][PASSED] - year = todaysDate.substring(todaysDate.length() - 4, todaysDate.length()): null

08-11-2024T09:03:25 - [TEST_STEP][PASSED] - y = year.toInteger(): null

08-11-2024T09:03:25 - [TEST_STEP][PASSED] - m = getText(findTestObject("Выполнение бизнес-плана/Период")): Text of object 'Object Repository/Выполнение бизнес-плана/Период' is: '1, 2, 3 кв. 2024 года'

08-11-2024T09:03:26 - [MESSAGE][PASSED] - Text of object 'Object Repository/Выполнение бизнес-плана/Период' is: '1, 2, 3 кв. 2024 года'

08-11-2024T09:03:26 - [TEST_STEP][PASSED] - m = m.substring(0, m.indexOf("2024")): null

08-11-2024T09:03:26 - [TEST_STEP][PASSED] - m = m.trim(): null

08-11-2024T09:03:26 - [TEST_STEP][PASSED] - dashboardName = "Выполнение бизнес-плана": null

08-11-2024T09:03:26 - [TEST_STEP][PASSED] - workbook01 = getWorkbook(excelFilePath): null

08-11-2024T09:03:26 - [TEST_STEP][PASSED] - sheet01 = getExcelSheet(workbook01, sheetName): null

08-11-2024T09:03:26 - [TEST_STEP][PASSED] - setValueToCellByIndex(sheet01, n, 0, dashboardName): null

08-11-2024T09:03:26 - [TEST_STEP][PASSED] - setValueToCellByIndex(sheet01, n, 1, dZO): null

08-11-2024T09:03:26 - [TEST_STEP][PASSED] - setValueToCellByIndex(sheet01, n, 2, typeOfData): null

08-11-2024T09:03:26 - [TEST_STEP][PASSED] - if (typeOfData == "Факт в процентах" || typeOfData == "План в процентах"): null

08-11-2024T09:03:26 - [TEST_STEP][PASSED] - setValueToCellByIndex(sheet01, n, 3, fileDouble): null

08-11-2024T09:03:26 - [TEST_STEP][PASSED] - setValueToCellByIndex(sheet01, n, 4, "нет данных"): null

08-11-2024T09:03:26 - [TEST_STEP][PASSED] - setValueToCellByIndex(sheet01, n, 5, m): null

08-11-2024T09:03:26 - [TEST_STEP][PASSED] - setValueToCellByIndex(sheet01, n, 6, y): null

08-11-2024T09:03:26 - [TEST_STEP][PASSED] - setValueToCellByIndex(sheet01, n, 7, todaysDate): null

08-11-2024T09:03:26 - [TEST_STEP][PASSED] - n = n + 1: null

08-11-2024T09:03:26 - [TEST_STEP][PASSED] - saveWorkbook(excelFilePath, workbook01): null

08-11-2024T09:03:26 - [TEST_STEP][PASSED] - println(dzoNum): null

08-11-2024T09:03:26 - [TEST_STEP][PASSED] - dZO = "Россети Центр (ГК)": null

08-11-2024T09:03:26 - [TEST_STEP][PASSED] - a = 1: null

08-11-2024T09:03:26 - [TEST_STEP][PASSED] - if (x1.contains(dZO)): null

08-11-2024T09:03:26 - [TEST_STEP][PASSED] - dzoNum = dzoNum + 1: null

08-11-2024T09:03:26 - [TEST_STEP][PASSED] - Script1718980020443.Numbers(a, typeOfData, todaysDate, pageInt, fileInt, pageDouble, fileDouble, dZO, dzoNum, filialNum): null

08-11-2024T09:03:26 - [TEST_STEP][PASSED] - println(dzoNum): null

08-11-2024T09:03:26 - [TEST_STEP][PASSED] - planFact = <not implemented yet for class: org.codehaus.groovy.ast.expr.EmptyExpression>: null

08-11-2024T09:03:26 - [TEST_STEP][PASSED] - page = <not implemented yet for class: org.codehaus.groovy.ast.expr.EmptyExpression>: null

08-11-2024T09:03:26 - [TEST_STEP][PASSED] - page1 = <not implemented yet for class: org.codehaus.groovy.ast.expr.EmptyExpression>: null

08-11-2024T09:03:26 - [TEST_STEP][PASSED] - page2 = <not implemented yet for class: org.codehaus.groovy.ast.expr.EmptyExpression>: null

08-11-2024T09:03:26 - [TEST_STEP][PASSED] - filialNumberInRow = <not implemented yet for class: org.codehaus.groovy.ast.expr.EmptyExpression>: null

08-11-2024T09:03:26 - [TEST_STEP][PASSED] - filialsDzoNames = <not implemented yet for class: org.codehaus.groovy.ast.expr.EmptyExpression>: null

08-11-2024T09:03:26 - [TEST_STEP][PASSED] - numberOfFilials = <not implemented yet for class: org.codehaus.groovy.ast.expr.EmptyExpression>: null

08-11-2024T09:03:26 - [TEST_STEP][PASSED] - numberOfSpaces = <not implemented yet for class: org.codehaus.groovy.ast.expr.EmptyExpression>: null

08-11-2024T09:03:26 - [TEST_STEP][PASSED] - file = <not implemented yet for class: org.codehaus.groovy.ast.expr.EmptyExpression>: null

08-11-2024T09:03:26 - [TEST_STEP][PASSED] - otpusk = <not implemented yet for class: org.codehaus.groovy.ast.expr.EmptyExpression>: null

08-11-2024T09:03:26 - [TEST_STEP][PASSED] - poteri = <not implemented yet for class: org.codehaus.groovy.ast.expr.EmptyExpression>: null

08-11-2024T09:03:26 - [TEST_STEP][PASSED] - dataFolder = "Выполнение бизнес-плана/Значения со страницы Выполнение бизнес-плана/": null

08-11-2024T09:03:26 - [TEST_STEP][PASSED] - path = <not implemented yet for class: org.codehaus.groovy.ast.expr.EmptyExpression>: null

08-11-2024T09:03:26 - [TEST_STEP][PASSED] - typeOfDataMain = <not implemented yet for class: org.codehaus.groovy.ast.expr.EmptyExpression>: null

08-11-2024T09:03:26 - [TEST_STEP][PASSED] - fileOtpuskVSet = <not implemented yet for class: org.codehaus.groovy.ast.expr.EmptyExpression>: null

08-11-2024T09:03:26 - [TEST_STEP][PASSED] - pageOtpuskVSet = <not implemented yet for class: org.codehaus.groovy.ast.expr.EmptyExpression>: null

08-11-2024T09:03:26 - [TEST_STEP][PASSED] - filePoteri = <not implemented yet for class: org.codehaus.groovy.ast.expr.EmptyExpression>: null

08-11-2024T09:03:26 - [TEST_STEP][PASSED] - pagePoteri = <not implemented yet for class: org.codehaus.groovy.ast.expr.EmptyExpression>: null

08-11-2024T09:03:26 - [TEST_STEP][PASSED] - compare = <not implemented yet for class: org.codehaus.groovy.ast.expr.EmptyExpression>: null

08-11-2024T09:03:26 - [TEST_STEP][PASSED] - b = <not implemented yet for class: org.codehaus.groovy.ast.expr.EmptyExpression>: null

08-11-2024T09:03:26 - [TEST_STEP][PASSED] - i = <not implemented yet for class: org.codehaus.groovy.ast.expr.EmptyExpression>: null

08-11-2024T09:03:26 - [TEST_STEP][PASSED] - ii = <not implemented yet for class: org.codehaus.groovy.ast.expr.EmptyExpression>: null

08-11-2024T09:03:26 - [TEST_STEP][PASSED] - c = <not implemented yet for class: org.codehaus.groovy.ast.expr.EmptyExpression>: null

08-11-2024T09:03:26 - [TEST_STEP][PASSED] - numberOfErrors = 0: null

08-11-2024T09:03:26 - [TEST_STEP][PASSED] - if (a == 82): null

08-11-2024T09:03:26 - [TEST_STEP][PASSED] - b = findTestData("PlanFact").getValue(1, a): null

08-11-2024T09:03:26 - [TEST_STEP][PASSED] - i = b.indexOf(" (ГК)"): null

08-11-2024T09:03:26 - [TEST_STEP][PASSED] - if (i > -1): null

08-11-2024T09:03:26 - [TEST_STEP][PASSED] - b = b.substring(0, i): null

08-11-2024T09:03:26 - [TEST_STEP][PASSED] - b = b.trim(): null

08-11-2024T09:03:26 - [TEST_STEP][PASSED] - i = b.indexOf("О ""): null

08-11-2024T09:03:26 - [TEST_STEP][PASSED] - if (i > -1): null

08-11-2024T09:03:26 - [TEST_STEP][PASSED] - i = b.indexOf("О «"): null

08-11-2024T09:03:26 - [TEST_STEP][PASSED] - if (i > -1): null

08-11-2024T09:03:26 - [TEST_STEP][PASSED] - i = b.indexOf("г. "): null

08-11-2024T09:03:26 - [TEST_STEP][PASSED] - if (i > -1): null

08-11-2024T09:03:26 - [TEST_STEP][PASSED] - println(b): null

08-11-2024T09:03:26 - [TEST_STEP][PASSED] - for ([planFact = 1, planFact < 3, (planFact++)]): null

08-11-2024T09:03:26 - [TEST_STEP][PASSED] - if (planFact == 1): null

08-11-2024T09:03:26 - [TEST_STEP][PASSED] - typeOfDataMain = "Факт": null

08-11-2024T09:03:26 - [TEST_STEP][PASSED] - otpusk = findTestData("PlanFact").getValue(5, a): null

08-11-2024T09:03:26 - [TEST_STEP][PASSED] - poteri = findTestData("PlanFact").getValue(6, a): null

08-11-2024T09:03:26 - [TEST_STEP][PASSED] - otpusk = otpusk.replaceAll("\s+", ""): null

08-11-2024T09:03:26 - [TEST_STEP][PASSED] - poteri = poteri.replaceAll("\s+", ""): null

08-11-2024T09:03:26 - [TEST_STEP][PASSED] - typeOfData = typeOfDataMain + " Отпуск в сеть": null

08-11-2024T09:03:26 - [TEST_STEP][PASSED] - if (a == 82): null

08-11-2024T09:03:26 - [TEST_STEP][PASSED] - else if (a == 84): null

08-11-2024T09:03:26 - [TEST_STEP][PASSED] - else if (a == 52 || a == 72 || a == 28 || a == 73 || a == 77 || a == 74 || a == 65 || a == 36 || a == 44 || a == 53 || a == 80 || a == 54 || a == 1 || a == 18 || a == 59 || a == 81): null

08-11-2024T09:03:26 - [TEST_STEP][PASSED] - path = dataFolder + "Table Data/" + typeOfData + " за отчётный период " + dzoNum: null

08-11-2024T09:03:26 - [TEST_STEP][PASSED] - println(path): null

08-11-2024T09:03:26 - [TEST_STEP][PASSED] - page = getText(findTestObject(path)): Text of object 'Object Repository/Выполнение бизнес-плана/Значения со страницы Выполнение бизнес-плана/Table Data/Факт Отпуск в сеть за отчётный период 6' is: '44 371 600'

08-11-2024T09:03:26 - [MESSAGE][PASSED] - Text of object 'Object Repository/Выполнение бизнес-плана/Значения со страницы Выполнение бизнес-плана/Table Data/Факт Отпуск в сеть за отчётный период 6' is: '44 371 600'

08-11-2024T09:03:26 - [TEST_STEP][PASSED] - page = page.replaceAll("\s+", ""): null

08-11-2024T09:03:26 - [TEST_STEP][PASSED] - fileOtpuskVSet = otpusk.toInteger(): null

08-11-2024T09:03:26 - [TEST_STEP][PASSED] - pageOtpuskVSet = page.toInteger(): null

08-11-2024T09:03:26 - [TEST_STEP][PASSED] - typeOfData = typeOfDataMain + " Потери": null

08-11-2024T09:03:26 - [TEST_STEP][PASSED] - if (a == 82): null

08-11-2024T09:03:26 - [TEST_STEP][PASSED] - else if (a == 84): null

08-11-2024T09:03:26 - [TEST_STEP][PASSED] - else if (a == 52 || a == 72 || a == 28 || a == 73 || a == 77 || a == 74 || a == 65 || a == 36 || a == 44 || a == 53 || a == 80 || a == 54 || a == 1 || a == 18 || a == 59 || a == 81): null

08-11-2024T09:03:26 - [TEST_STEP][PASSED] - path = dataFolder + "Table Data/" + typeOfData + " за отчётный период " + dzoNum: null

08-11-2024T09:03:26 - [TEST_STEP][PASSED] - page = getText(findTestObject(path)): Text of object 'Object Repository/Выполнение бизнес-плана/Значения со страницы Выполнение бизнес-плана/Table Data/Факт Потери за отчётный период 6' is: '4 205 240'

08-11-2024T09:03:27 - [MESSAGE][PASSED] - Text of object 'Object Repository/Выполнение бизнес-плана/Значения со страницы Выполнение бизнес-плана/Table Data/Факт Потери за отчётный период 6' is: '4 205 240'

08-11-2024T09:03:27 - [TEST_STEP][PASSED] - page = page.replaceAll("\s+", ""): null

08-11-2024T09:03:27 - [TEST_STEP][PASSED] - filePoteri = poteri.toInteger(): null

08-11-2024T09:03:27 - [TEST_STEP][PASSED] - pagePoteri = page.toInteger(): null

08-11-2024T09:03:27 - [TEST_STEP][PASSED] - compare = pageOtpuskVSet: null

08-11-2024T09:03:27 - [TEST_STEP][PASSED] - if (compare == fileOtpuskVSet): null

08-11-2024T09:03:27 - [TEST_STEP][PASSED] - else if (compare > fileOtpuskVSet): null

08-11-2024T09:03:27 - [TEST_STEP][PASSED] - else if (compare < fileOtpuskVSet): null

08-11-2024T09:03:27 - [TEST_STEP][PASSED] - compare = compare + 1: null

08-11-2024T09:03:27 - [TEST_STEP][PASSED] - if (compare == fileOtpuskVSet): null

08-11-2024T09:03:27 - [TEST_STEP][PASSED] - else: null

08-11-2024T09:03:27 - [TEST_STEP][PASSED] - numberOfErrors = numberOfErrors + 1: null

08-11-2024T09:03:27 - [TEST_STEP][PASSED] - pageInt = pageOtpuskVSet: null

08-11-2024T09:03:27 - [TEST_STEP][PASSED] - fileInt = fileOtpuskVSet: null

08-11-2024T09:03:27 - [TEST_STEP][PASSED] - typeOfData = typeOfDataMain + " Отпуск в сеть": null

08-11-2024T09:03:27 - [TEST_STEP][PASSED] - Script1718980020443.WriteToExcel(a, typeOfData, todaysDate, pageInt, fileInt, pageDouble, fileDouble, dZO): null

08-11-2024T09:03:27 - [TEST_STEP][PASSED] - sheetName = "Sheet1": null

08-11-2024T09:03:27 - [TEST_STEP][PASSED] - data = findTestData("PlanFact"): null

08-11-2024T09:03:27 - [TEST_STEP][PASSED] - n = data.getRowNumbers() + 1: null

08-11-2024T09:03:27 - [TEST_STEP][PASSED] - year = todaysDate.substring(todaysDate.length() - 4, todaysDate.length()): null

08-11-2024T09:03:27 - [TEST_STEP][PASSED] - y = year.toInteger(): null

08-11-2024T09:03:27 - [TEST_STEP][PASSED] - m = getText(findTestObject("Выполнение бизнес-плана/Период")): Text of object 'Object Repository/Выполнение бизнес-плана/Период' is: '1, 2, 3 кв. 2024 года'

08-11-2024T09:03:27 - [MESSAGE][PASSED] - Text of object 'Object Repository/Выполнение бизнес-плана/Период' is: '1, 2, 3 кв. 2024 года'

08-11-2024T09:03:27 - [TEST_STEP][PASSED] - m = m.substring(0, m.indexOf("2024")): null

08-11-2024T09:03:27 - [TEST_STEP][PASSED] - m = m.trim(): null

08-11-2024T09:03:27 - [TEST_STEP][PASSED] - dashboardName = "Выполнение бизнес-плана": null

08-11-2024T09:03:27 - [TEST_STEP][PASSED] - workbook01 = getWorkbook(excelFilePath): null

08-11-2024T09:03:27 - [TEST_STEP][PASSED] - sheet01 = getExcelSheet(workbook01, sheetName): null

08-11-2024T09:03:27 - [TEST_STEP][PASSED] - setValueToCellByIndex(sheet01, n, 0, dashboardName): null

08-11-2024T09:03:27 - [TEST_STEP][PASSED] - setValueToCellByIndex(sheet01, n, 1, dZO): null

08-11-2024T09:03:27 - [TEST_STEP][PASSED] - setValueToCellByIndex(sheet01, n, 2, typeOfData): null

08-11-2024T09:03:27 - [TEST_STEP][PASSED] - if (typeOfData == "Факт в процентах" || typeOfData == "План в процентах"): null

08-11-2024T09:03:27 - [TEST_STEP][PASSED] - else: null

08-11-2024T09:03:27 - [TEST_STEP][PASSED] - setValueToCellByIndex(sheet01, n, 3, fileInt): null

08-11-2024T09:03:27 - [TEST_STEP][PASSED] - setValueToCellByIndex(sheet01, n, 4, pageInt): null

08-11-2024T09:03:27 - [TEST_STEP][PASSED] - setValueToCellByIndex(sheet01, n, 5, m): null

08-11-2024T09:03:27 - [TEST_STEP][PASSED] - setValueToCellByIndex(sheet01, n, 6, y): null

08-11-2024T09:03:27 - [TEST_STEP][PASSED] - setValueToCellByIndex(sheet01, n, 7, todaysDate): null

08-11-2024T09:03:27 - [TEST_STEP][PASSED] - n = n + 1: null

08-11-2024T09:03:27 - [TEST_STEP][PASSED] - saveWorkbook(excelFilePath, workbook01): null

08-11-2024T09:03:27 - [TEST_STEP][PASSED] - compare = pagePoteri: null

08-11-2024T09:03:27 - [TEST_STEP][PASSED] - if (compare == filePoteri): null

08-11-2024T09:03:27 - [TEST_STEP][PASSED] - else if (compare > filePoteri): null

08-11-2024T09:03:27 - [TEST_STEP][PASSED] - else if (compare < filePoteri): null

08-11-2024T09:03:27 - [TEST_STEP][PASSED] - compare = compare + 1: null

08-11-2024T09:03:27 - [TEST_STEP][PASSED] - if (compare == filePoteri): null

08-11-2024T09:03:27 - [TEST_STEP][PASSED] - else: null

08-11-2024T09:03:27 - [TEST_STEP][PASSED] - numberOfErrors = numberOfErrors + 1: null

08-11-2024T09:03:27 - [TEST_STEP][PASSED] - pageInt = pagePoteri: null

08-11-2024T09:03:27 - [TEST_STEP][PASSED] - fileInt = filePoteri: null

08-11-2024T09:03:27 - [TEST_STEP][PASSED] - typeOfData = typeOfDataMain + " Потери": null

08-11-2024T09:03:27 - [TEST_STEP][PASSED] - Script1718980020443.WriteToExcel(a, typeOfData, todaysDate, pageInt, fileInt, pageDouble, fileDouble, dZO): null

08-11-2024T09:03:27 - [TEST_STEP][PASSED] - sheetName = "Sheet1": null

08-11-2024T09:03:27 - [TEST_STEP][PASSED] - data = findTestData("PlanFact"): null

08-11-2024T09:03:27 - [TEST_STEP][PASSED] - n = data.getRowNumbers() + 1: null

08-11-2024T09:03:27 - [TEST_STEP][PASSED] - year = todaysDate.substring(todaysDate.length() - 4, todaysDate.length()): null

08-11-2024T09:03:27 - [TEST_STEP][PASSED] - y = year.toInteger(): null

08-11-2024T09:03:27 - [TEST_STEP][PASSED] - m = getText(findTestObject("Выполнение бизнес-плана/Период")): Text of object 'Object Repository/Выполнение бизнес-плана/Период' is: '1, 2, 3 кв. 2024 года'

08-11-2024T09:03:28 - [MESSAGE][PASSED] - Text of object 'Object Repository/Выполнение бизнес-плана/Период' is: '1, 2, 3 кв. 2024 года'

08-11-2024T09:03:28 - [TEST_STEP][PASSED] - m = m.substring(0, m.indexOf("2024")): null

08-11-2024T09:03:28 - [TEST_STEP][PASSED] - m = m.trim(): null

08-11-2024T09:03:28 - [TEST_STEP][PASSED] - dashboardName = "Выполнение бизнес-плана": null

08-11-2024T09:03:28 - [TEST_STEP][PASSED] - workbook01 = getWorkbook(excelFilePath): null

08-11-2024T09:03:28 - [TEST_STEP][PASSED] - sheet01 = getExcelSheet(workbook01, sheetName): null

08-11-2024T09:03:28 - [TEST_STEP][PASSED] - setValueToCellByIndex(sheet01, n, 0, dashboardName): null

08-11-2024T09:03:28 - [TEST_STEP][PASSED] - setValueToCellByIndex(sheet01, n, 1, dZO): null

08-11-2024T09:03:28 - [TEST_STEP][PASSED] - setValueToCellByIndex(sheet01, n, 2, typeOfData): null

08-11-2024T09:03:28 - [TEST_STEP][PASSED] - if (typeOfData == "Факт в процентах" || typeOfData == "План в процентах"): null

08-11-2024T09:03:28 - [TEST_STEP][PASSED] - else: null

08-11-2024T09:03:28 - [TEST_STEP][PASSED] - setValueToCellByIndex(sheet01, n, 3, fileInt): null

08-11-2024T09:03:28 - [TEST_STEP][PASSED] - setValueToCellByIndex(sheet01, n, 4, pageInt): null

08-11-2024T09:03:28 - [TEST_STEP][PASSED] - setValueToCellByIndex(sheet01, n, 5, m): null

08-11-2024T09:03:28 - [TEST_STEP][PASSED] - setValueToCellByIndex(sheet01, n, 6, y): null

08-11-2024T09:03:28 - [TEST_STEP][PASSED] - setValueToCellByIndex(sheet01, n, 7, todaysDate): null

08-11-2024T09:03:28 - [TEST_STEP][PASSED] - n = n + 1: null

08-11-2024T09:03:28 - [TEST_STEP][PASSED] - saveWorkbook(excelFilePath, workbook01): null

08-11-2024T09:03:28 - [TEST_STEP][PASSED] - if (planFact == 2): null

08-11-2024T09:03:28 - [TEST_STEP][PASSED] - if (planFact == 1): null

08-11-2024T09:03:28 - [TEST_STEP][PASSED] - else if (planFact == 2): null

08-11-2024T09:03:28 - [TEST_STEP][PASSED] - click(findTestObject("Выполнение бизнес-плана/Кнопка План")): Object: 'Object Repository/Выполнение бизнес-плана/Кнопка План' is clicked on

08-11-2024T09:03:28 - [MESSAGE][PASSED] - Object: 'Object Repository/Выполнение бизнес-плана/Кнопка План' is clicked on

08-11-2024T09:03:28 - [TEST_STEP][PASSED] - typeOfDataMain = "План": null

08-11-2024T09:03:28 - [TEST_STEP][PASSED] - otpusk = findTestData("PlanFact").getValue(2, a): null

08-11-2024T09:03:28 - [TEST_STEP][PASSED] - poteri = findTestData("PlanFact").getValue(3, a): null

08-11-2024T09:03:28 - [TEST_STEP][PASSED] - otpusk = otpusk.replaceAll("\s+", ""): null

08-11-2024T09:03:28 - [TEST_STEP][PASSED] - poteri = poteri.replaceAll("\s+", ""): null

08-11-2024T09:03:28 - [TEST_STEP][PASSED] - typeOfData = typeOfDataMain + " Отпуск в сеть": null

08-11-2024T09:03:28 - [TEST_STEP][PASSED] - if (a == 82): null

08-11-2024T09:03:28 - [TEST_STEP][PASSED] - else if (a == 84): null

08-11-2024T09:03:28 - [TEST_STEP][PASSED] - else if (a == 52 || a == 72 || a == 28 || a == 73 || a == 77 || a == 74 || a == 65 || a == 36 || a == 44 || a == 53 || a == 80 || a == 54 || a == 1 || a == 18 || a == 59 || a == 81): null

08-11-2024T09:03:28 - [TEST_STEP][PASSED] - path = dataFolder + "Table Data/" + typeOfData + " за отчётный период " + dzoNum: null

08-11-2024T09:03:28 - [TEST_STEP][PASSED] - println(path): null

08-11-2024T09:03:28 - [TEST_STEP][PASSED] - page = getText(findTestObject(path)): Text of object 'Object Repository/Выполнение бизнес-плана/Значения со страницы Выполнение бизнес-плана/Table Data/План Отпуск в сеть за отчётный период 6' is: '43 055 315'

08-11-2024T09:03:29 - [MESSAGE][PASSED] - Text of object 'Object Repository/Выполнение бизнес-плана/Значения со страницы Выполнение бизнес-плана/Table Data/План Отпуск в сеть за отчётный период 6' is: '43 055 315'

08-11-2024T09:03:29 - [TEST_STEP][PASSED] - page = page.replaceAll("\s+", ""): null

08-11-2024T09:03:29 - [TEST_STEP][PASSED] - fileOtpuskVSet = otpusk.toInteger(): null

08-11-2024T09:03:29 - [TEST_STEP][PASSED] - pageOtpuskVSet = page.toInteger(): null

08-11-2024T09:03:29 - [TEST_STEP][PASSED] - typeOfData = typeOfDataMain + " Потери": null

08-11-2024T09:03:29 - [TEST_STEP][PASSED] - if (a == 82): null

08-11-2024T09:03:29 - [TEST_STEP][PASSED] - else if (a == 84): null

08-11-2024T09:03:29 - [TEST_STEP][PASSED] - else if (a == 52 || a == 72 || a == 28 || a == 73 || a == 77 || a == 74 || a == 65 || a == 36 || a == 44 || a == 53 || a == 80 || a == 54 || a == 1 || a == 18 || a == 59 || a == 81): null

08-11-2024T09:03:29 - [TEST_STEP][PASSED] - path = dataFolder + "Table Data/" + typeOfData + " за отчётный период " + dzoNum: null

08-11-2024T09:03:29 - [TEST_STEP][PASSED] - page = getText(findTestObject(path)): Text of object 'Object Repository/Выполнение бизнес-плана/Значения со страницы Выполнение бизнес-плана/Table Data/План Потери за отчётный период 6' is: '4 299 069'

08-11-2024T09:03:29 - [MESSAGE][PASSED] - Text of object 'Object Repository/Выполнение бизнес-плана/Значения со страницы Выполнение бизнес-плана/Table Data/План Потери за отчётный период 6' is: '4 299 069'

08-11-2024T09:03:29 - [TEST_STEP][PASSED] - page = page.replaceAll("\s+", ""): null

08-11-2024T09:03:29 - [TEST_STEP][PASSED] - filePoteri = poteri.toInteger(): null

08-11-2024T09:03:29 - [TEST_STEP][PASSED] - pagePoteri = page.toInteger(): null

08-11-2024T09:03:29 - [TEST_STEP][PASSED] - compare = pageOtpuskVSet: null

08-11-2024T09:03:29 - [TEST_STEP][PASSED] - if (compare == fileOtpuskVSet): null

08-11-2024T09:03:29 - [TEST_STEP][PASSED] - else if (compare > fileOtpuskVSet): null

08-11-2024T09:03:29 - [TEST_STEP][PASSED] - else if (compare < fileOtpuskVSet): null

08-11-2024T09:03:29 - [TEST_STEP][PASSED] - compare = compare + 1: null

08-11-2024T09:03:29 - [TEST_STEP][PASSED] - if (compare == fileOtpuskVSet): null

08-11-2024T09:03:29 - [TEST_STEP][PASSED] - else: null

08-11-2024T09:03:29 - [TEST_STEP][PASSED] - numberOfErrors = numberOfErrors + 1: null

08-11-2024T09:03:29 - [TEST_STEP][PASSED] - pageInt = pageOtpuskVSet: null

08-11-2024T09:03:29 - [TEST_STEP][PASSED] - fileInt = fileOtpuskVSet: null

08-11-2024T09:03:29 - [TEST_STEP][PASSED] - typeOfData = typeOfDataMain + " Отпуск в сеть": null

08-11-2024T09:03:29 - [TEST_STEP][PASSED] - Script1718980020443.WriteToExcel(a, typeOfData, todaysDate, pageInt, fileInt, pageDouble, fileDouble, dZO): null

08-11-2024T09:03:29 - [TEST_STEP][PASSED] - sheetName = "Sheet1": null

08-11-2024T09:03:29 - [TEST_STEP][PASSED] - data = findTestData("PlanFact"): null

08-11-2024T09:03:29 - [TEST_STEP][PASSED] - n = data.getRowNumbers() + 1: null

08-11-2024T09:03:29 - [TEST_STEP][PASSED] - year = todaysDate.substring(todaysDate.length() - 4, todaysDate.length()): null

08-11-2024T09:03:29 - [TEST_STEP][PASSED] - y = year.toInteger(): null

08-11-2024T09:03:29 - [TEST_STEP][PASSED] - m = getText(findTestObject("Выполнение бизнес-плана/Период")): Text of object 'Object Repository/Выполнение бизнес-плана/Период' is: '1, 2, 3 кв. 2024 года'

08-11-2024T09:03:29 - [MESSAGE][PASSED] - Text of object 'Object Repository/Выполнение бизнес-плана/Период' is: '1, 2, 3 кв. 2024 года'

08-11-2024T09:03:29 - [TEST_STEP][PASSED] - m = m.substring(0, m.indexOf("2024")): null

08-11-2024T09:03:29 - [TEST_STEP][PASSED] - m = m.trim(): null

08-11-2024T09:03:29 - [TEST_STEP][PASSED] - dashboardName = "Выполнение бизнес-плана": null

08-11-2024T09:03:29 - [TEST_STEP][PASSED] - workbook01 = getWorkbook(excelFilePath): null

08-11-2024T09:03:29 - [TEST_STEP][PASSED] - sheet01 = getExcelSheet(workbook01, sheetName): null

08-11-2024T09:03:29 - [TEST_STEP][PASSED] - setValueToCellByIndex(sheet01, n, 0, dashboardName): null

08-11-2024T09:03:29 - [TEST_STEP][PASSED] - setValueToCellByIndex(sheet01, n, 1, dZO): null

08-11-2024T09:03:29 - [TEST_STEP][PASSED] - setValueToCellByIndex(sheet01, n, 2, typeOfData): null

08-11-2024T09:03:29 - [TEST_STEP][PASSED] - if (typeOfData == "Факт в процентах" || typeOfData == "План в процентах"): null

08-11-2024T09:03:29 - [TEST_STEP][PASSED] - else: null

08-11-2024T09:03:29 - [TEST_STEP][PASSED] - setValueToCellByIndex(sheet01, n, 3, fileInt): null

08-11-2024T09:03:29 - [TEST_STEP][PASSED] - setValueToCellByIndex(sheet01, n, 4, pageInt): null

08-11-2024T09:03:29 - [TEST_STEP][PASSED] - setValueToCellByIndex(sheet01, n, 5, m): null

08-11-2024T09:03:29 - [TEST_STEP][PASSED] - setValueToCellByIndex(sheet01, n, 6, y): null

08-11-2024T09:03:29 - [TEST_STEP][PASSED] - setValueToCellByIndex(sheet01, n, 7, todaysDate): null

08-11-2024T09:03:29 - [TEST_STEP][PASSED] - n = n + 1: null

08-11-2024T09:03:29 - [TEST_STEP][PASSED] - saveWorkbook(excelFilePath, workbook01): null

08-11-2024T09:03:29 - [TEST_STEP][PASSED] - compare = pagePoteri: null

08-11-2024T09:03:29 - [TEST_STEP][PASSED] - if (compare == filePoteri): null

08-11-2024T09:03:29 - [TEST_STEP][PASSED] - else if (compare > filePoteri): null

08-11-2024T09:03:29 - [TEST_STEP][PASSED] - else if (compare < filePoteri): null

08-11-2024T09:03:29 - [TEST_STEP][PASSED] - compare = compare + 1: null

08-11-2024T09:03:29 - [TEST_STEP][PASSED] - if (compare == filePoteri): null

08-11-2024T09:03:29 - [TEST_STEP][PASSED] - else: null

08-11-2024T09:03:29 - [TEST_STEP][PASSED] - numberOfErrors = numberOfErrors + 1: null

08-11-2024T09:03:29 - [TEST_STEP][PASSED] - pageInt = pagePoteri: null

08-11-2024T09:03:29 - [TEST_STEP][PASSED] - fileInt = filePoteri: null

08-11-2024T09:03:29 - [TEST_STEP][PASSED] - typeOfData = typeOfDataMain + " Потери": null

08-11-2024T09:03:29 - [TEST_STEP][PASSED] - Script1718980020443.WriteToExcel(a, typeOfData, todaysDate, pageInt, fileInt, pageDouble, fileDouble, dZO): null

08-11-2024T09:03:29 - [TEST_STEP][PASSED] - sheetName = "Sheet1": null

08-11-2024T09:03:29 - [TEST_STEP][PASSED] - data = findTestData("PlanFact"): null

08-11-2024T09:03:30 - [TEST_STEP][PASSED] - n = data.getRowNumbers() + 1: null

08-11-2024T09:03:30 - [TEST_STEP][PASSED] - year = todaysDate.substring(todaysDate.length() - 4, todaysDate.length()): null

08-11-2024T09:03:30 - [TEST_STEP][PASSED] - y = year.toInteger(): null

08-11-2024T09:03:30 - [TEST_STEP][PASSED] - m = getText(findTestObject("Выполнение бизнес-плана/Период")): Text of object 'Object Repository/Выполнение бизнес-плана/Период' is: '1, 2, 3 кв. 2024 года'

08-11-2024T09:03:30 - [MESSAGE][PASSED] - Text of object 'Object Repository/Выполнение бизнес-плана/Период' is: '1, 2, 3 кв. 2024 года'

08-11-2024T09:03:30 - [TEST_STEP][PASSED] - m = m.substring(0, m.indexOf("2024")): null

08-11-2024T09:03:30 - [TEST_STEP][PASSED] - m = m.trim(): null

08-11-2024T09:03:30 - [TEST_STEP][PASSED] - dashboardName = "Выполнение бизнес-плана": null

08-11-2024T09:03:30 - [TEST_STEP][PASSED] - workbook01 = getWorkbook(excelFilePath): null

08-11-2024T09:03:30 - [TEST_STEP][PASSED] - sheet01 = getExcelSheet(workbook01, sheetName): null

08-11-2024T09:03:30 - [TEST_STEP][PASSED] - setValueToCellByIndex(sheet01, n, 0, dashboardName): null

08-11-2024T09:03:30 - [TEST_STEP][PASSED] - setValueToCellByIndex(sheet01, n, 1, dZO): null

08-11-2024T09:03:30 - [TEST_STEP][PASSED] - setValueToCellByIndex(sheet01, n, 2, typeOfData): null

08-11-2024T09:03:30 - [TEST_STEP][PASSED] - if (typeOfData == "Факт в процентах" || typeOfData == "План в процентах"): null

08-11-2024T09:03:30 - [TEST_STEP][PASSED] - else: null

08-11-2024T09:03:30 - [TEST_STEP][PASSED] - setValueToCellByIndex(sheet01, n, 3, fileInt): null

08-11-2024T09:03:30 - [TEST_STEP][PASSED] - setValueToCellByIndex(sheet01, n, 4, pageInt): null

08-11-2024T09:03:30 - [TEST_STEP][PASSED] - setValueToCellByIndex(sheet01, n, 5, m): null

08-11-2024T09:03:30 - [TEST_STEP][PASSED] - setValueToCellByIndex(sheet01, n, 6, y): null

08-11-2024T09:03:30 - [TEST_STEP][PASSED] - setValueToCellByIndex(sheet01, n, 7, todaysDate): null

08-11-2024T09:03:30 - [TEST_STEP][PASSED] - n = n + 1: null

08-11-2024T09:03:30 - [TEST_STEP][PASSED] - saveWorkbook(excelFilePath, workbook01): Object: 'Object Repository/Выполнение бизнес-плана/Кнопка Факт' is clicked on

08-11-2024T09:03:30 - [TEST_STEP][PASSED] - if (planFact == 2): Object: 'Object Repository/Выполнение бизнес-плана/Кнопка Факт' is clicked on

08-11-2024T09:03:30 - [TEST_STEP][PASSED] - click(findTestObject("Выполнение бизнес-плана/Кнопка Факт")): Object: 'Object Repository/Выполнение бизнес-плана/Кнопка Факт' is clicked on

08-11-2024T09:03:30 - [MESSAGE][PASSED] - Object: 'Object Repository/Выполнение бизнес-плана/Кнопка Факт' is clicked on

08-11-2024T09:03:30 - [TEST_STEP][PASSED] - if (a == 84 || a == 82): null

08-11-2024T09:03:30 - [TEST_STEP][PASSED] - else if (a == 52 || a == 72 || a == 28 || a == 73 || a == 77 || a == 74 || a == 65 || a == 36 || a == 44 || a == 53 || a == 80 || a == 54 || a == 1 || a == 18 || a == 59 || a == 81): null

08-11-2024T09:03:30 - [TEST_STEP][PASSED] - page1 = getText(findTestObject("Object Repository/Выполнение бизнес-плана/spanPlan" + dzoNum)): Text of object 'Object Repository/Выполнение бизнес-плана/spanPlan6' is: '9.98
|'

08-11-2024T09:03:31 - [MESSAGE][PASSED] - Text of object 'Object Repository/Выполнение бизнес-плана/spanPlan6' is: '9.98
|'

08-11-2024T09:03:31 - [TEST_STEP][PASSED] - page1 = page1.replace("|", ""): null

08-11-2024T09:03:31 - [TEST_STEP][PASSED] - page2 = getText(findTestObject("Object Repository/Выполнение бизнес-плана/spanFact" + dzoNum)): Text of object 'Object Repository/Выполнение бизнес-плана/spanFact6' is: '9.48'

08-11-2024T09:03:31 - [MESSAGE][PASSED] - Text of object 'Object Repository/Выполнение бизнес-плана/spanFact6' is: '9.48'

08-11-2024T09:03:31 - [TEST_STEP][PASSED] - page2 = page2.replace("|", ""): null

08-11-2024T09:03:31 - [TEST_STEP][PASSED] - println("page1: " + page1): null

08-11-2024T09:03:31 - [TEST_STEP][PASSED] - println("page2: " + page2): null

08-11-2024T09:03:31 - [TEST_STEP][PASSED] - file = findTestData("PlanFact").getValue(4, a): null

08-11-2024T09:03:31 - [TEST_STEP][PASSED] - file = file.replace(",", "."): null

08-11-2024T09:03:31 - [TEST_STEP][PASSED] - println("file Plan: " + file): null

08-11-2024T09:03:31 - [TEST_STEP][PASSED] - typeOfData = "План в процентах": null

08-11-2024T09:03:31 - [TEST_STEP][PASSED] - fileDouble = file.toDouble(): null

08-11-2024T09:03:31 - [TEST_STEP][PASSED] - pageDouble = page1.toDouble(): null

08-11-2024T09:03:31 - [TEST_STEP][PASSED] - if (fileDouble != pageDouble): null

08-11-2024T09:03:31 - [TEST_STEP][PASSED] - numberOfErrors = numberOfErrors + 1: null

08-11-2024T09:03:31 - [TEST_STEP][PASSED] - Script1718980020443.WriteToExcel(a, typeOfData, todaysDate, pageInt, fileInt, pageDouble, fileDouble, dZO): null

08-11-2024T09:03:31 - [TEST_STEP][PASSED] - sheetName = "Sheet1": null

08-11-2024T09:03:31 - [TEST_STEP][PASSED] - data = findTestData("PlanFact"): null

08-11-2024T09:03:31 - [TEST_STEP][PASSED] - n = data.getRowNumbers() + 1: null

08-11-2024T09:03:31 - [TEST_STEP][PASSED] - year = todaysDate.substring(todaysDate.length() - 4, todaysDate.length()): null

08-11-2024T09:03:31 - [TEST_STEP][PASSED] - y = year.toInteger(): null

08-11-2024T09:03:31 - [TEST_STEP][PASSED] - m = getText(findTestObject("Выполнение бизнес-плана/Период")): Text of object 'Object Repository/Выполнение бизнес-плана/Период' is: '1, 2, 3 кв. 2024 года'

08-11-2024T09:03:31 - [MESSAGE][PASSED] - Text of object 'Object Repository/Выполнение бизнес-плана/Период' is: '1, 2, 3 кв. 2024 года'

08-11-2024T09:03:31 - [TEST_STEP][PASSED] - m = m.substring(0, m.indexOf("2024")): null

08-11-2024T09:03:31 - [TEST_STEP][PASSED] - m = m.trim(): null

08-11-2024T09:03:31 - [TEST_STEP][PASSED] - dashboardName = "Выполнение бизнес-плана": null

08-11-2024T09:03:31 - [TEST_STEP][PASSED] - workbook01 = getWorkbook(excelFilePath): null

08-11-2024T09:03:31 - [TEST_STEP][PASSED] - sheet01 = getExcelSheet(workbook01, sheetName): null

08-11-2024T09:03:31 - [TEST_STEP][PASSED] - setValueToCellByIndex(sheet01, n, 0, dashboardName): null

08-11-2024T09:03:31 - [TEST_STEP][PASSED] - setValueToCellByIndex(sheet01, n, 1, dZO): null

08-11-2024T09:03:31 - [TEST_STEP][PASSED] - setValueToCellByIndex(sheet01, n, 2, typeOfData): null

08-11-2024T09:03:31 - [TEST_STEP][PASSED] - if (typeOfData == "Факт в процентах" || typeOfData == "План в процентах"): null

08-11-2024T09:03:31 - [TEST_STEP][PASSED] - setValueToCellByIndex(sheet01, n, 3, fileDouble): null

08-11-2024T09:03:31 - [TEST_STEP][PASSED] - setValueToCellByIndex(sheet01, n, 4, pageDouble): null

08-11-2024T09:03:31 - [TEST_STEP][PASSED] - setValueToCellByIndex(sheet01, n, 5, m): null

08-11-2024T09:03:31 - [TEST_STEP][PASSED] - setValueToCellByIndex(sheet01, n, 6, y): null

08-11-2024T09:03:31 - [TEST_STEP][PASSED] - setValueToCellByIndex(sheet01, n, 7, todaysDate): null

08-11-2024T09:03:31 - [TEST_STEP][PASSED] - n = n + 1: null

08-11-2024T09:03:31 - [TEST_STEP][PASSED] - saveWorkbook(excelFilePath, workbook01): null

08-11-2024T09:03:32 - [TEST_STEP][PASSED] - file = findTestData("PlanFact").getValue(7, a): null

08-11-2024T09:03:32 - [TEST_STEP][PASSED] - file = file.replace(",", "."): null

08-11-2024T09:03:32 - [TEST_STEP][PASSED] - println("file Fact: " + file): null

08-11-2024T09:03:32 - [TEST_STEP][PASSED] - fileDouble = file.toDouble(): null

08-11-2024T09:03:32 - [TEST_STEP][PASSED] - typeOfData = "Факт в процентах": null

08-11-2024T09:03:32 - [TEST_STEP][PASSED] - fileDouble = file.toDouble(): null

08-11-2024T09:03:32 - [TEST_STEP][PASSED] - pageDouble = page2.toDouble(): null

08-11-2024T09:03:32 - [TEST_STEP][PASSED] - if (fileDouble != pageDouble): null

08-11-2024T09:03:32 - [TEST_STEP][PASSED] - numberOfErrors = numberOfErrors + 1: null

08-11-2024T09:03:32 - [TEST_STEP][PASSED] - Script1718980020443.WriteToExcel(a, typeOfData, todaysDate, pageInt, fileInt, pageDouble, fileDouble, dZO): null

08-11-2024T09:03:32 - [TEST_STEP][PASSED] - sheetName = "Sheet1": null

08-11-2024T09:03:32 - [TEST_STEP][PASSED] - data = findTestData("PlanFact"): null

08-11-2024T09:03:32 - [TEST_STEP][PASSED] - n = data.getRowNumbers() + 1: null

08-11-2024T09:03:32 - [TEST_STEP][PASSED] - year = todaysDate.substring(todaysDate.length() - 4, todaysDate.length()): null

08-11-2024T09:03:32 - [TEST_STEP][PASSED] - y = year.toInteger(): null

08-11-2024T09:03:32 - [TEST_STEP][PASSED] - m = getText(findTestObject("Выполнение бизнес-плана/Период")): Text of object 'Object Repository/Выполнение бизнес-плана/Период' is: '1, 2, 3 кв. 2024 года'

08-11-2024T09:03:32 - [MESSAGE][PASSED] - Text of object 'Object Repository/Выполнение бизнес-плана/Период' is: '1, 2, 3 кв. 2024 года'

08-11-2024T09:03:32 - [TEST_STEP][PASSED] - m = m.substring(0, m.indexOf("2024")): null

08-11-2024T09:03:32 - [TEST_STEP][PASSED] - m = m.trim(): null

08-11-2024T09:03:32 - [TEST_STEP][PASSED] - dashboardName = "Выполнение бизнес-плана": null

08-11-2024T09:03:32 - [TEST_STEP][PASSED] - workbook01 = getWorkbook(excelFilePath): null

08-11-2024T09:03:32 - [TEST_STEP][PASSED] - sheet01 = getExcelSheet(workbook01, sheetName): null

08-11-2024T09:03:32 - [TEST_STEP][PASSED] - setValueToCellByIndex(sheet01, n, 0, dashboardName): null

08-11-2024T09:03:32 - [TEST_STEP][PASSED] - setValueToCellByIndex(sheet01, n, 1, dZO): null

08-11-2024T09:03:32 - [TEST_STEP][PASSED] - setValueToCellByIndex(sheet01, n, 2, typeOfData): null

08-11-2024T09:03:32 - [TEST_STEP][PASSED] - if (typeOfData == "Факт в процентах" || typeOfData == "План в процентах"): null

08-11-2024T09:03:32 - [TEST_STEP][PASSED] - setValueToCellByIndex(sheet01, n, 3, fileDouble): null

08-11-2024T09:03:32 - [TEST_STEP][PASSED] - setValueToCellByIndex(sheet01, n, 4, pageDouble): null

08-11-2024T09:03:32 - [TEST_STEP][PASSED] - setValueToCellByIndex(sheet01, n, 5, m): null

08-11-2024T09:03:32 - [TEST_STEP][PASSED] - setValueToCellByIndex(sheet01, n, 6, y): null

08-11-2024T09:03:32 - [TEST_STEP][PASSED] - setValueToCellByIndex(sheet01, n, 7, todaysDate): null

08-11-2024T09:03:32 - [TEST_STEP][PASSED] - n = n + 1: null

08-11-2024T09:03:32 - [TEST_STEP][PASSED] - saveWorkbook(excelFilePath, workbook01): null

08-11-2024T09:03:32 - [TEST_STEP][FAILED] - if (verifyEqual(numberOfErrors, 0) == false): null

08-11-2024T09:03:32 - [MESSAGE][FAILED] - Unable to verify equal between actual object '6' and expected object '0' (Root cause: com.kms.katalon.core.exception.StepFailedException: Actual object '6' and expected object '0' are not equal
	at com.kms.katalon.core.keyword.builtin.VerifyEqualKeyword$_verifyEqual_closure1.doCall(VerifyEqualKeyword.groovy:58)
	at com.kms.katalon.core.keyword.builtin.VerifyEqualKeyword$_verifyEqual_closure1.call(VerifyEqualKeyword.groovy)
	at com.kms.katalon.core.keyword.internal.KeywordMain.runKeyword(KeywordMain.groovy:75)
	at com.kms.katalon.core.keyword.builtin.VerifyEqualKeyword.verifyEqual(VerifyEqualKeyword.groovy:63)
	at com.kms.katalon.core.keyword.builtin.VerifyEqualKeyword.execute(VerifyEqualKeyword.groovy:44)
	at com.kms.katalon.core.keyword.internal.KeywordExecutor.executeKeywordForPlatform(KeywordExecutor.groovy:74)
	at com.kms.katalon.core.keyword.BuiltinKeywords.verifyEqual(BuiltinKeywords.groovy:146)
	at jdk.internal.reflect.GeneratedMethodAccessor25.invoke(Unknown Source)
	at java.base/jdk.internal.reflect.DelegatingMethodAccessorImpl.invoke(DelegatingMethodAccessorImpl.java:43)
	at Выполнение бизнес-плана Сверка ПАО Россети все филиалы.Numbers(Выполнение бизнес-плана Сверка ПАО Россети все филиалы:740)
	at Выполнение бизнес-плана Сверка ПАО Россети все филиалы.run(Выполнение бизнес-плана Сверка ПАО Россети все филиалы:388)
	at com.kms.katalon.core.main.ScriptEngine.run(ScriptEngine.java:194)
	at com.kms.katalon.core.main.ScriptEngine.runScriptAsRawText(ScriptEngine.java:119)
	at com.kms.katalon.core.main.TestCaseExecutor.runScript(TestCaseExecutor.java:448)
	at com.kms.katalon.core.main.TestCaseExecutor.doExecute(TestCaseExecutor.java:439)
	at com.kms.katalon.core.main.TestCaseExecutor.processExecutionPhase(TestCaseExecutor.java:418)
	at com.kms.katalon.core.main.TestCaseExecutor.accessMainPhase(TestCaseExecutor.java:410)
	at com.kms.katalon.core.main.TestCaseExecutor.execute(TestCaseExecutor.java:285)
	at com.kms.katalon.core.common.CommonExecutor.accessTestCaseMainPhase(CommonExecutor.java:65)
	at com.kms.katalon.core.main.TestSuiteExecutor.accessTestSuiteMainPhase(TestSuiteExecutor.java:150)
	at com.kms.katalon.core.main.TestSuiteExecutor.execute(TestSuiteExecutor.java:106)
	at com.kms.katalon.core.main.TestCaseMain.startTestSuite(TestCaseMain.java:180)
	at TempTestSuite1731039737176.run(TempTestSuite1731039737176.groovy:35)
	at java.base/jdk.internal.reflect.NativeMethodAccessorImpl.invoke0(Native Method)
	at java.base/jdk.internal.reflect.NativeMethodAccessorImpl.invoke(NativeMethodAccessorImpl.java:77)
	at java.base/jdk.internal.reflect.DelegatingMethodAccessorImpl.invoke(DelegatingMethodAccessorImpl.java:43)
)

08-11-2024T09:03:32 - [TEST_STEP][PASSED] - println(numberOfErrors): null

08-11-2024T09:03:32 - [TEST_STEP][PASSED] - if (a == 28 || a == 77 || a == 74 || a == 65 || a == 36 || a == 44 || a == 54 || a == 1 || a == 18 || a == 59): null

08-11-2024T09:03:32 - [TEST_STEP][PASSED] - Script1718980020443.Filials(a, typeOfData, todaysDate, pageInt, fileInt, pageDouble, fileDouble, dZO, dzoNum, filialNum): null

08-11-2024T09:03:32 - [TEST_STEP][PASSED] - i = <not implemented yet for class: org.codehaus.groovy.ast.expr.EmptyExpression>: null

08-11-2024T09:03:32 - [TEST_STEP][PASSED] - c = <not implemented yet for class: org.codehaus.groovy.ast.expr.EmptyExpression>: null

08-11-2024T09:03:32 - [TEST_STEP][PASSED] - page = <not implemented yet for class: org.codehaus.groovy.ast.expr.EmptyExpression>: null

08-11-2024T09:03:32 - [TEST_STEP][PASSED] - println(dZO): null

08-11-2024T09:03:32 - [TEST_STEP][PASSED] - reducedDZO = <not implemented yet for class: org.codehaus.groovy.ast.expr.EmptyExpression>: null

08-11-2024T09:03:32 - [TEST_STEP][PASSED] - reducedDZO = dZO.substring(dZO.indexOf(" ") + 1, dZO.length()): null

08-11-2024T09:03:32 - [TEST_STEP][PASSED] - if (reducedDZO.contains(" ")): null

08-11-2024T09:03:32 - [TEST_STEP][PASSED] - reducedDZO = reducedDZO.substring(reducedDZO.indexOf(" ") + 1, reducedDZO.length()): null

08-11-2024T09:03:32 - [TEST_STEP][PASSED] - if (reducedDZO.contains(" ")): null

08-11-2024T09:03:32 - [TEST_STEP][PASSED] - println(reducedDZO): null

08-11-2024T09:03:32 - [TEST_STEP][PASSED] - dzoCut = <not implemented yet for class: org.codehaus.groovy.ast.expr.EmptyExpression>: null

08-11-2024T09:03:32 - [TEST_STEP][PASSED] - Script1718980020443.DZO(a): null

08-11-2024T09:03:32 - [TEST_STEP][PASSED] - Script1718980020443.OpenFilter(): null

08-11-2024T09:03:32 - [TEST_STEP][PASSED] - click(findTestObject("Object Repository/Выполнение бизнес-плана/Фильтр ДЗО")): Object: 'Object Repository/Выполнение бизнес-плана/Фильтр ДЗО' is clicked on

08-11-2024T09:03:33 - [MESSAGE][PASSED] - Object: 'Object Repository/Выполнение бизнес-плана/Фильтр ДЗО' is clicked on

08-11-2024T09:03:33 - [TEST_STEP][PASSED] - click(findTestObject("Выполнение бизнес-плана/Снять выделение в фильтре ДЗО")): Object: 'Object Repository/Выполнение бизнес-плана/Снять выделение в фильтре ДЗО' is clicked on

08-11-2024T09:03:33 - [MESSAGE][PASSED] - Object: 'Object Repository/Выполнение бизнес-плана/Снять выделение в фильтре ДЗО' is clicked on

08-11-2024T09:03:33 - [TEST_STEP][PASSED] - Script1718980020443.OpenRSK(): null

08-11-2024T09:03:33 - [TEST_STEP][PASSED] - click(findTestObject("Выполнение бизнес-плана/Раскрыть список ПАО Россети в фильтре ДЗО")): Object: 'Object Repository/Выполнение бизнес-плана/Раскрыть список ПАО Россети в фильтре ДЗО' is clicked on

08-11-2024T09:03:33 - [MESSAGE][PASSED] - Object: 'Object Repository/Выполнение бизнес-плана/Раскрыть список ПАО Россети в фильтре ДЗО' is clicked on

08-11-2024T09:03:33 - [TEST_STEP][PASSED] - click(findTestObject("Выполнение бизнес-плана/Раскрыть список РаспредКомплекс в фильтре ДЗО")): Object: 'Object Repository/Выполнение бизнес-плана/Раскрыть список РаспредКомплекс в фильтре ДЗО' is clicked on

08-11-2024T09:03:34 - [MESSAGE][PASSED] - Object: 'Object Repository/Выполнение бизнес-плана/Раскрыть список РаспредКомплекс в фильтре ДЗО' is clicked on

08-11-2024T09:03:34 - [TEST_STEP][PASSED] - if (a == 28): null

08-11-2024T09:03:34 - [TEST_STEP][PASSED] - if (a == 77): null

08-11-2024T09:03:34 - [TEST_STEP][PASSED] - if (a == 74): null

08-11-2024T09:03:34 - [TEST_STEP][PASSED] - if (a == 65): null

08-11-2024T09:03:34 - [TEST_STEP][PASSED] - if (a == 36): null

08-11-2024T09:03:34 - [TEST_STEP][PASSED] - if (a == 44): null

08-11-2024T09:03:34 - [TEST_STEP][PASSED] - if (a == 54): null

08-11-2024T09:03:34 - [TEST_STEP][PASSED] - if (a == 1): Object: 'Object Repository/Выполнение бизнес-плана/Россети Центр' is clicked on

08-11-2024T09:03:34 - [TEST_STEP][PASSED] - scrollToElement(findTestObject("Общие объекты/Раскрыть список Россети Центр"), 30): Scroll to object 'Object Repository/Общие объекты/Раскрыть список Россети Центр' successfully

08-11-2024T09:03:34 - [MESSAGE][PASSED] - Scroll to object 'Object Repository/Общие объекты/Раскрыть список Россети Центр' successfully

08-11-2024T09:03:34 - [TEST_STEP][PASSED] - click(findTestObject("Выполнение бизнес-плана/Россети Центр")): Object: 'Object Repository/Выполнение бизнес-плана/Россети Центр' is clicked on

08-11-2024T09:03:34 - [MESSAGE][PASSED] - Object: 'Object Repository/Выполнение бизнес-плана/Россети Центр' is clicked on

08-11-2024T09:03:34 - [TEST_STEP][PASSED] - if (a == 18): null

08-11-2024T09:03:34 - [TEST_STEP][PASSED] - if (a == 59): null

08-11-2024T09:03:34 - [TEST_STEP][PASSED] - Script1718980020443.CloseFilter(): null

08-11-2024T09:03:34 - [TEST_STEP][PASSED] - scrollToElement(findTestObject("Выполнение бизнес-плана/Заголовок дашборда"), 30): Scroll to object 'Object Repository/Выполнение бизнес-плана/Заголовок дашборда' successfully

08-11-2024T09:03:35 - [MESSAGE][PASSED] - Scroll to object 'Object Repository/Выполнение бизнес-плана/Заголовок дашборда' successfully

08-11-2024T09:03:35 - [TEST_STEP][PASSED] - click(findTestObject("Object Repository/Выполнение бизнес-плана/Применить в фильтре ДЗО")): Object: 'Object Repository/Выполнение бизнес-плана/Применить в фильтре ДЗО' is clicked on

08-11-2024T09:03:36 - [MESSAGE][PASSED] - Object: 'Object Repository/Выполнение бизнес-плана/Применить в фильтре ДЗО' is clicked on

08-11-2024T09:03:36 - [TEST_STEP][PASSED] - Script1718980020443.ZakrytOpoveshenie(): null

08-11-2024T09:03:36 - [TEST_STEP][PASSED] - delay(10): Delayed 10 second(s)

08-11-2024T09:03:46 - [MESSAGE][PASSED] - Delayed 10 second(s)

08-11-2024T09:03:46 - [TEST_STEP][PASSED] - opoveshenie = getText(findTestObject("Выполнение бизнес-плана/Просьба обратить внимание")): Text of object 'Object Repository/Выполнение бизнес-плана/Просьба обратить внимание' is: ''

08-11-2024T09:04:16 - [MESSAGE][PASSED] - Text of object 'Object Repository/Выполнение бизнес-плана/Просьба обратить внимание' is: ''

08-11-2024T09:04:16 - [TEST_STEP][PASSED] - println(opoveshenie): null

08-11-2024T09:04:16 - [TEST_STEP][PASSED] - if (opoveshenie == "Просьба обратить внимание"): null

08-11-2024T09:04:16 - [TEST_STEP][PASSED] - page = getText(findTestObject("Object Repository/Выполнение бизнес-плана/Filials")): Text of object 'Object Repository/Выполнение бизнес-плана/Filials' is: 'Россети Центр (ГК)
0
10
20
30
40
50
60
70'

08-11-2024T09:04:46 - [MESSAGE][PASSED] - Text of object 'Object Repository/Выполнение бизнес-плана/Filials' is: 'Россети Центр (ГК)
0
10
20
30
40
50
60
70'

08-11-2024T09:04:46 - [TEST_STEP][PASSED] - println(page): null

08-11-2024T09:04:46 - [TEST_STEP][PASSED] - c = page.indexOf(reducedDZO): null

08-11-2024T09:04:46 - [TEST_STEP][PASSED] - if (c > -1): null

08-11-2024T09:04:46 - [TEST_STEP][PASSED] - click(findTestObject("Выполнение бизнес-плана/список")): Object: 'Object Repository/Выполнение бизнес-плана/список' is clicked on

08-11-2024T09:05:16 - [MESSAGE][PASSED] - Object: 'Object Repository/Выполнение бизнес-плана/список' is clicked on

08-11-2024T09:05:16 - [TEST_STEP][PASSED] - delay(10): Delayed 10 second(s)

08-11-2024T09:05:26 - [MESSAGE][PASSED] - Delayed 10 second(s)

08-11-2024T09:05:26 - [TEST_STEP][PASSED] - click(findTestObject("Выполнение бизнес-плана/Раскрытие списка")): Object: 'Object Repository/Выполнение бизнес-плана/Раскрытие списка' is clicked on

08-11-2024T09:05:56 - [MESSAGE][PASSED] - Object: 'Object Repository/Выполнение бизнес-плана/Раскрытие списка' is clicked on

08-11-2024T09:05:56 - [TEST_STEP][PASSED] - delay(10): Delayed 10 second(s)

08-11-2024T09:06:06 - [MESSAGE][PASSED] - Delayed 10 second(s)

08-11-2024T09:06:06 - [TEST_STEP][PASSED] - page = getText(findTestObject("Object Repository/Выполнение бизнес-плана/Filials")): Text of object 'Object Repository/Выполнение бизнес-плана/Filials' is: 'АО«Воронежскаягорэлектросеть»
АО «Тульскиегородскиеэлектрическиесети»
АО«Ярославскаяэлектросетеваякомпания»
Белгородэнерго
Брянскэнерго
Воронежэнерго
Костромаэнерго
Курскэнерго
Липецкэнерго
ООО «БрянскЭ…
Орелэнерго
Смоленскэнерго
Тамбовэнерго
Тверьэнерго
Ярэнерго
0
20
40
60
10
30
50
70'

08-11-2024T09:06:36 - [MESSAGE][PASSED] - Text of object 'Object Repository/Выполнение бизнес-плана/Filials' is: 'АО«Воронежскаягорэлектросеть»
АО «Тульскиегородскиеэлектрическиесети»
АО«Ярославскаяэлектросетеваякомпания»
Белгородэнерго
Брянскэнерго
Воронежэнерго
Костромаэнерго
Курскэнерго
Липецкэнерго
ООО «БрянскЭ…
Орелэнерго
Смоленскэнерго
Тамбовэнерго
Тверьэнерго
Ярэнерго
0
20
40
60
10
30
50
70'

08-11-2024T09:06:36 - [TEST_STEP][PASSED] - println(page): null

08-11-2024T09:06:36 - [TEST_STEP][PASSED] - c = page.indexOf(reducedDZO): null

08-11-2024T09:06:36 - [TEST_STEP][PASSED] - x2 = getText(findTestObject("Выполнение бизнес-плана/Список ДЗО старый")): Text of object 'Object Repository/Выполнение бизнес-плана/Список ДЗО старый' is: 'АО«Воронежскаягорэлектросеть»
АО «Тульскиегородскиеэлектрическиесети»
АО«Ярославскаяэлектросетеваякомпания»
Белгородэнерго
Брянскэнерго
Воронежэнерго
Костромаэнерго
Курскэнерго
Липецкэнерго
ООО «БрянскЭ…
Орелэнерго
Смоленскэнерго
Тамбовэнерго
Тверьэнерго
Ярэнерго
0
20
40
60
10
30
50
70'

08-11-2024T09:07:07 - [MESSAGE][PASSED] - Text of object 'Object Repository/Выполнение бизнес-плана/Список ДЗО старый' is: 'АО«Воронежскаягорэлектросеть»
АО «Тульскиегородскиеэлектрическиесети»
АО«Ярославскаяэлектросетеваякомпания»
Белгородэнерго
Брянскэнерго
Воронежэнерго
Костромаэнерго
Курскэнерго
Липецкэнерго
ООО «БрянскЭ…
Орелэнерго
Смоленскэнерго
Тамбовэнерго
Тверьэнерго
Ярэнерго
0
20
40
60
10
30
50
70'

08-11-2024T09:07:07 - [TEST_STEP][PASSED] - if (a == 28): null

08-11-2024T09:07:07 - [TEST_STEP][PASSED] - if (a == 77): null

08-11-2024T09:07:07 - [TEST_STEP][PASSED] - if (a == 74): null

08-11-2024T09:07:07 - [TEST_STEP][PASSED] - if (a == 65): null

08-11-2024T09:07:07 - [TEST_STEP][PASSED] - if (a == 1): null

08-11-2024T09:07:07 - [TEST_STEP][PASSED] - dZO = "АО «Воронежская горэлектросеть»": null

08-11-2024T09:07:07 - [TEST_STEP][PASSED] - a = 14: null

08-11-2024T09:07:07 - [TEST_STEP][PASSED] - i = dZO.length() - 1: null

08-11-2024T09:07:07 - [TEST_STEP][PASSED] - dzoCut = substring(4, i).replaceAll("\s+", ""): null

08-11-2024T09:07:07 - [TEST_STEP][PASSED] - if (x2.contains(dzoCut)): null

08-11-2024T09:07:07 - [TEST_STEP][PASSED] - filialNum = filialNum + 1: null

08-11-2024T09:07:07 - [TEST_STEP][PASSED] - Script1718980020443.Numbers(a, typeOfData, todaysDate, pageInt, fileInt, pageDouble, fileDouble, dZO, dzoNum, filialNum): null

08-11-2024T09:07:07 - [TEST_STEP][PASSED] - println(dzoNum): null

08-11-2024T09:07:07 - [TEST_STEP][PASSED] - planFact = <not implemented yet for class: org.codehaus.groovy.ast.expr.EmptyExpression>: null

08-11-2024T09:07:07 - [TEST_STEP][PASSED] - page = <not implemented yet for class: org.codehaus.groovy.ast.expr.EmptyExpression>: null

08-11-2024T09:07:07 - [TEST_STEP][PASSED] - page1 = <not implemented yet for class: org.codehaus.groovy.ast.expr.EmptyExpression>: null

08-11-2024T09:07:07 - [TEST_STEP][PASSED] - page2 = <not implemented yet for class: org.codehaus.groovy.ast.expr.EmptyExpression>: null

08-11-2024T09:07:07 - [TEST_STEP][PASSED] - filialNumberInRow = <not implemented yet for class: org.codehaus.groovy.ast.expr.EmptyExpression>: null

08-11-2024T09:07:07 - [TEST_STEP][PASSED] - filialsDzoNames = <not implemented yet for class: org.codehaus.groovy.ast.expr.EmptyExpression>: null

08-11-2024T09:07:07 - [TEST_STEP][PASSED] - numberOfFilials = <not implemented yet for class: org.codehaus.groovy.ast.expr.EmptyExpression>: null

08-11-2024T09:07:07 - [TEST_STEP][PASSED] - numberOfSpaces = <not implemented yet for class: org.codehaus.groovy.ast.expr.EmptyExpression>: null

08-11-2024T09:07:07 - [TEST_STEP][PASSED] - file = <not implemented yet for class: org.codehaus.groovy.ast.expr.EmptyExpression>: null

08-11-2024T09:07:07 - [TEST_STEP][PASSED] - otpusk = <not implemented yet for class: org.codehaus.groovy.ast.expr.EmptyExpression>: null

08-11-2024T09:07:07 - [TEST_STEP][PASSED] - poteri = <not implemented yet for class: org.codehaus.groovy.ast.expr.EmptyExpression>: null

08-11-2024T09:07:07 - [TEST_STEP][PASSED] - dataFolder = "Выполнение бизнес-плана/Значения со страницы Выполнение бизнес-плана/": null

08-11-2024T09:07:07 - [TEST_STEP][PASSED] - path = <not implemented yet for class: org.codehaus.groovy.ast.expr.EmptyExpression>: null

08-11-2024T09:07:07 - [TEST_STEP][PASSED] - typeOfDataMain = <not implemented yet for class: org.codehaus.groovy.ast.expr.EmptyExpression>: null

08-11-2024T09:07:07 - [TEST_STEP][PASSED] - fileOtpuskVSet = <not implemented yet for class: org.codehaus.groovy.ast.expr.EmptyExpression>: null

08-11-2024T09:07:07 - [TEST_STEP][PASSED] - pageOtpuskVSet = <not implemented yet for class: org.codehaus.groovy.ast.expr.EmptyExpression>: null

08-11-2024T09:07:07 - [TEST_STEP][PASSED] - filePoteri = <not implemented yet for class: org.codehaus.groovy.ast.expr.EmptyExpression>: null

08-11-2024T09:07:07 - [TEST_STEP][PASSED] - pagePoteri = <not implemented yet for class: org.codehaus.groovy.ast.expr.EmptyExpression>: null

08-11-2024T09:07:07 - [TEST_STEP][PASSED] - compare = <not implemented yet for class: org.codehaus.groovy.ast.expr.EmptyExpression>: null

08-11-2024T09:07:07 - [TEST_STEP][PASSED] - b = <not implemented yet for class: org.codehaus.groovy.ast.expr.EmptyExpression>: null

08-11-2024T09:07:07 - [TEST_STEP][PASSED] - i = <not implemented yet for class: org.codehaus.groovy.ast.expr.EmptyExpression>: null

08-11-2024T09:07:07 - [TEST_STEP][PASSED] - ii = <not implemented yet for class: org.codehaus.groovy.ast.expr.EmptyExpression>: null

08-11-2024T09:07:07 - [TEST_STEP][PASSED] - c = <not implemented yet for class: org.codehaus.groovy.ast.expr.EmptyExpression>: null

08-11-2024T09:07:07 - [TEST_STEP][PASSED] - numberOfErrors = 0: null

08-11-2024T09:07:07 - [TEST_STEP][PASSED] - if (a == 82): null

08-11-2024T09:07:07 - [TEST_STEP][PASSED] - b = findTestData("PlanFact").getValue(1, a): null

08-11-2024T09:07:07 - [TEST_STEP][PASSED] - i = b.indexOf(" (ГК)"): null

08-11-2024T09:07:07 - [TEST_STEP][PASSED] - if (i > -1): null

08-11-2024T09:07:07 - [TEST_STEP][PASSED] - i = b.indexOf("О ""): null

08-11-2024T09:07:07 - [TEST_STEP][PASSED] - if (i > -1): null

08-11-2024T09:07:07 - [TEST_STEP][PASSED] - i = b.indexOf("О «"): null

08-11-2024T09:07:07 - [TEST_STEP][PASSED] - if (i > -1): null

08-11-2024T09:07:07 - [TEST_STEP][PASSED] - b = b.substring(i + 3, b.length()): null

08-11-2024T09:07:07 - [TEST_STEP][PASSED] - i = b.indexOf("»"): null

08-11-2024T09:07:07 - [TEST_STEP][PASSED] - b = b.substring(0, i): null

08-11-2024T09:07:07 - [TEST_STEP][PASSED] - b = b.trim(): null

08-11-2024T09:07:07 - [TEST_STEP][PASSED] - i = b.indexOf("г. "): null

08-11-2024T09:07:07 - [TEST_STEP][PASSED] - if (i > -1): null

08-11-2024T09:07:07 - [TEST_STEP][PASSED] - println(b): null

08-11-2024T09:07:07 - [TEST_STEP][PASSED] - for ([planFact = 1, planFact < 3, (planFact++)]): Object: 'Object Repository/Выполнение бизнес-плана/Кнопка Факт' is clicked on

08-11-2024T09:07:07 - [TEST_STEP][PASSED] - if (planFact == 1): null

08-11-2024T09:07:07 - [TEST_STEP][PASSED] - typeOfDataMain = "Факт": null

08-11-2024T09:07:07 - [TEST_STEP][PASSED] - otpusk = findTestData("PlanFact").getValue(5, a): null

08-11-2024T09:07:07 - [TEST_STEP][PASSED] - poteri = findTestData("PlanFact").getValue(6, a): null

08-11-2024T09:07:07 - [TEST_STEP][PASSED] - otpusk = otpusk.replaceAll("\s+", ""): null

08-11-2024T09:07:07 - [TEST_STEP][PASSED] - poteri = poteri.replaceAll("\s+", ""): null

08-11-2024T09:07:07 - [TEST_STEP][PASSED] - typeOfData = typeOfDataMain + " Отпуск в сеть": null

08-11-2024T09:07:07 - [TEST_STEP][PASSED] - if (a == 82): null

08-11-2024T09:07:07 - [TEST_STEP][PASSED] - else if (a == 84): null

08-11-2024T09:07:07 - [TEST_STEP][PASSED] - else if (a == 52 || a == 72 || a == 28 || a == 73 || a == 77 || a == 74 || a == 65 || a == 36 || a == 44 || a == 53 || a == 80 || a == 54 || a == 1 || a == 18 || a == 59 || a == 81): null

08-11-2024T09:07:07 - [TEST_STEP][PASSED] - else: null

08-11-2024T09:07:07 - [TEST_STEP][PASSED] - path = dataFolder + typeOfData + " за отчётный период " + b: null

08-11-2024T09:07:07 - [TEST_STEP][PASSED] - println(path): null

08-11-2024T09:07:07 - [TEST_STEP][PASSED] - page = getText(findTestObject(path)): Text of object 'Object Repository/Выполнение бизнес-плана/Значения со страницы Выполнение бизнес-плана/Факт Отпуск в сеть за отчётный период Воронежская горэлектросеть' is: '1 478 675'

08-11-2024T09:07:37 - [MESSAGE][PASSED] - Text of object 'Object Repository/Выполнение бизнес-плана/Значения со страницы Выполнение бизнес-плана/Факт Отпуск в сеть за отчётный период Воронежская горэлектросеть' is: '1 478 675'

08-11-2024T09:07:37 - [TEST_STEP][PASSED] - page = page.replaceAll("\s+", ""): null

08-11-2024T09:07:37 - [TEST_STEP][PASSED] - fileOtpuskVSet = otpusk.toInteger(): null

08-11-2024T09:07:37 - [TEST_STEP][PASSED] - pageOtpuskVSet = page.toInteger(): null

08-11-2024T09:07:37 - [TEST_STEP][PASSED] - typeOfData = typeOfDataMain + " Потери": null

08-11-2024T09:07:37 - [TEST_STEP][PASSED] - if (a == 82): null

08-11-2024T09:07:37 - [TEST_STEP][PASSED] - else if (a == 84): null

08-11-2024T09:07:37 - [TEST_STEP][PASSED] - else if (a == 52 || a == 72 || a == 28 || a == 73 || a == 77 || a == 74 || a == 65 || a == 36 || a == 44 || a == 53 || a == 80 || a == 54 || a == 1 || a == 18 || a == 59 || a == 81): null

08-11-2024T09:07:37 - [TEST_STEP][PASSED] - else: null

08-11-2024T09:07:37 - [TEST_STEP][PASSED] - path = dataFolder + typeOfData + " за отчётный период " + b: null

08-11-2024T09:07:37 - [TEST_STEP][PASSED] - page = getText(findTestObject(path)): Text of object 'Object Repository/Выполнение бизнес-плана/Значения со страницы Выполнение бизнес-плана/Факт Потери за отчётный период Воронежская горэлектросеть' is: '179 644'

08-11-2024T09:08:07 - [MESSAGE][PASSED] - Text of object 'Object Repository/Выполнение бизнес-плана/Значения со страницы Выполнение бизнес-плана/Факт Потери за отчётный период Воронежская горэлектросеть' is: '179 644'

08-11-2024T09:08:07 - [TEST_STEP][PASSED] - page = page.replaceAll("\s+", ""): null

08-11-2024T09:08:07 - [TEST_STEP][PASSED] - filePoteri = poteri.toInteger(): null

08-11-2024T09:08:07 - [TEST_STEP][PASSED] - pagePoteri = page.toInteger(): null

08-11-2024T09:08:07 - [TEST_STEP][PASSED] - compare = pageOtpuskVSet: null

08-11-2024T09:08:07 - [TEST_STEP][PASSED] - if (compare == fileOtpuskVSet): null

08-11-2024T09:08:07 - [TEST_STEP][PASSED] - if (compare == fileOtpuskVSet): null

08-11-2024T09:08:07 - [TEST_STEP][PASSED] - compare = pagePoteri: null

08-11-2024T09:08:07 - [TEST_STEP][PASSED] - if (compare == filePoteri): null

08-11-2024T09:08:07 - [TEST_STEP][PASSED] - if (compare == filePoteri): null

08-11-2024T09:08:07 - [TEST_STEP][PASSED] - if (planFact == 2): null

08-11-2024T09:08:07 - [TEST_STEP][PASSED] - if (planFact == 1): null

08-11-2024T09:08:07 - [TEST_STEP][PASSED] - else if (planFact == 2): null

08-11-2024T09:08:07 - [TEST_STEP][PASSED] - click(findTestObject("Выполнение бизнес-плана/Кнопка План")): Object: 'Object Repository/Выполнение бизнес-плана/Кнопка План' is clicked on

08-11-2024T09:08:37 - [MESSAGE][PASSED] - Object: 'Object Repository/Выполнение бизнес-плана/Кнопка План' is clicked on

08-11-2024T09:08:37 - [TEST_STEP][PASSED] - typeOfDataMain = "План": null

08-11-2024T09:08:37 - [TEST_STEP][PASSED] - otpusk = findTestData("PlanFact").getValue(2, a): null

08-11-2024T09:08:37 - [TEST_STEP][PASSED] - poteri = findTestData("PlanFact").getValue(3, a): null

08-11-2024T09:08:37 - [TEST_STEP][PASSED] - otpusk = otpusk.replaceAll("\s+", ""): null

08-11-2024T09:08:37 - [TEST_STEP][PASSED] - poteri = poteri.replaceAll("\s+", ""): null

08-11-2024T09:08:37 - [TEST_STEP][PASSED] - typeOfData = typeOfDataMain + " Отпуск в сеть": null

08-11-2024T09:08:37 - [TEST_STEP][PASSED] - if (a == 82): null

08-11-2024T09:08:37 - [TEST_STEP][PASSED] - else if (a == 84): null

08-11-2024T09:08:37 - [TEST_STEP][PASSED] - else if (a == 52 || a == 72 || a == 28 || a == 73 || a == 77 || a == 74 || a == 65 || a == 36 || a == 44 || a == 53 || a == 80 || a == 54 || a == 1 || a == 18 || a == 59 || a == 81): null

08-11-2024T09:08:37 - [TEST_STEP][PASSED] - else: null

08-11-2024T09:08:37 - [TEST_STEP][PASSED] - path = dataFolder + typeOfData + " за отчётный период " + b: null

08-11-2024T09:08:37 - [TEST_STEP][PASSED] - println(path): null

08-11-2024T09:08:37 - [TEST_STEP][PASSED] - page = getText(findTestObject(path)): Text of object 'Object Repository/Выполнение бизнес-плана/Значения со страницы Выполнение бизнес-плана/План Отпуск в сеть за отчётный период Воронежская горэлектросеть' is: '1 417 252'

08-11-2024T09:09:07 - [MESSAGE][PASSED] - Text of object 'Object Repository/Выполнение бизнес-плана/Значения со страницы Выполнение бизнес-плана/План Отпуск в сеть за отчётный период Воронежская горэлектросеть' is: '1 417 252'

08-11-2024T09:09:07 - [TEST_STEP][PASSED] - page = page.replaceAll("\s+", ""): null

08-11-2024T09:09:07 - [TEST_STEP][PASSED] - fileOtpuskVSet = otpusk.toInteger(): null

08-11-2024T09:09:07 - [TEST_STEP][PASSED] - pageOtpuskVSet = page.toInteger(): null

08-11-2024T09:09:07 - [TEST_STEP][PASSED] - typeOfData = typeOfDataMain + " Потери": null

08-11-2024T09:09:07 - [TEST_STEP][PASSED] - if (a == 82): null

08-11-2024T09:09:07 - [TEST_STEP][PASSED] - else if (a == 84): null

08-11-2024T09:09:07 - [TEST_STEP][PASSED] - else if (a == 52 || a == 72 || a == 28 || a == 73 || a == 77 || a == 74 || a == 65 || a == 36 || a == 44 || a == 53 || a == 80 || a == 54 || a == 1 || a == 18 || a == 59 || a == 81): null

08-11-2024T09:09:07 - [TEST_STEP][PASSED] - else: null

08-11-2024T09:09:07 - [TEST_STEP][PASSED] - path = dataFolder + typeOfData + " за отчётный период " + b: null

08-11-2024T09:09:07 - [TEST_STEP][PASSED] - page = getText(findTestObject(path)): Text of object 'Object Repository/Выполнение бизнес-плана/Значения со страницы Выполнение бизнес-плана/План Потери за отчётный период Воронежская горэлектросеть' is: '178 746'

08-11-2024T09:09:37 - [MESSAGE][PASSED] - Text of object 'Object Repository/Выполнение бизнес-плана/Значения со страницы Выполнение бизнес-плана/План Потери за отчётный период Воронежская горэлектросеть' is: '178 746'

08-11-2024T09:09:37 - [TEST_STEP][PASSED] - page = page.replaceAll("\s+", ""): null

08-11-2024T09:09:37 - [TEST_STEP][PASSED] - filePoteri = poteri.toInteger(): null

08-11-2024T09:09:37 - [TEST_STEP][PASSED] - pagePoteri = page.toInteger(): null

08-11-2024T09:09:37 - [TEST_STEP][PASSED] - compare = pageOtpuskVSet: null

08-11-2024T09:09:37 - [TEST_STEP][PASSED] - if (compare == fileOtpuskVSet): null

08-11-2024T09:09:37 - [TEST_STEP][PASSED] - if (compare == fileOtpuskVSet): null

08-11-2024T09:09:37 - [TEST_STEP][PASSED] - compare = pagePoteri: null

08-11-2024T09:09:37 - [TEST_STEP][PASSED] - if (compare == filePoteri): null

08-11-2024T09:09:37 - [TEST_STEP][PASSED] - if (compare == filePoteri): null

08-11-2024T09:09:37 - [TEST_STEP][PASSED] - if (planFact == 2): Object: 'Object Repository/Выполнение бизнес-плана/Кнопка Факт' is clicked on

08-11-2024T09:09:37 - [TEST_STEP][PASSED] - click(findTestObject("Выполнение бизнес-плана/Кнопка Факт")): Object: 'Object Repository/Выполнение бизнес-плана/Кнопка Факт' is clicked on

08-11-2024T09:10:07 - [MESSAGE][PASSED] - Object: 'Object Repository/Выполнение бизнес-плана/Кнопка Факт' is clicked on

08-11-2024T09:10:07 - [TEST_STEP][PASSED] - if (a == 84 || a == 82): null

08-11-2024T09:10:07 - [TEST_STEP][PASSED] - else if (a == 52 || a == 72 || a == 28 || a == 73 || a == 77 || a == 74 || a == 65 || a == 36 || a == 44 || a == 53 || a == 80 || a == 54 || a == 1 || a == 18 || a == 59 || a == 81): null

08-11-2024T09:10:07 - [TEST_STEP][PASSED] - else: null

08-11-2024T09:10:07 - [TEST_STEP][PASSED] - page1 = getText(findTestObject("Object Repository/Выполнение бизнес-плана/spanPlan" + filialNum)): Text of object 'Object Repository/Выполнение бизнес-плана/spanPlan1' is: '12.61
|'

08-11-2024T09:10:38 - [MESSAGE][PASSED] - Text of object 'Object Repository/Выполнение бизнес-плана/spanPlan1' is: '12.61
|'

08-11-2024T09:10:38 - [TEST_STEP][PASSED] - page1 = page1.replace("|", ""): null

08-11-2024T09:10:38 - [TEST_STEP][PASSED] - page2 = getText(findTestObject("Object Repository/Выполнение бизнес-плана/spanFact" + filialNum)): Text of object 'Object Repository/Выполнение бизнес-плана/spanFact1' is: '12.15
|'

08-11-2024T09:11:08 - [MESSAGE][PASSED] - Text of object 'Object Repository/Выполнение бизнес-плана/spanFact1' is: '12.15
|'

08-11-2024T09:11:08 - [TEST_STEP][PASSED] - page2 = page2.replace("|", ""): null

08-11-2024T09:11:08 - [TEST_STEP][PASSED] - println("page1: " + page1): null

08-11-2024T09:11:08 - [TEST_STEP][PASSED] - println("page2: " + page2): null

08-11-2024T09:11:08 - [TEST_STEP][PASSED] - file = findTestData("PlanFact").getValue(4, a): null

08-11-2024T09:11:08 - [TEST_STEP][PASSED] - file = file.replace(",", "."): null

08-11-2024T09:11:08 - [TEST_STEP][PASSED] - println("file Plan: " + file): null

08-11-2024T09:11:08 - [TEST_STEP][PASSED] - typeOfData = "План в процентах": null

08-11-2024T09:11:08 - [TEST_STEP][PASSED] - fileDouble = file.toDouble(): null

08-11-2024T09:11:08 - [TEST_STEP][PASSED] - pageDouble = page1.toDouble(): null

08-11-2024T09:11:08 - [TEST_STEP][PASSED] - if (fileDouble != pageDouble): null

08-11-2024T09:11:08 - [TEST_STEP][PASSED] - file = findTestData("PlanFact").getValue(7, a): null

08-11-2024T09:11:08 - [TEST_STEP][PASSED] - file = file.replace(",", "."): null

08-11-2024T09:11:08 - [TEST_STEP][PASSED] - println("file Fact: " + file): null

08-11-2024T09:11:08 - [TEST_STEP][PASSED] - fileDouble = file.toDouble(): null

08-11-2024T09:11:08 - [TEST_STEP][PASSED] - typeOfData = "Факт в процентах": null

08-11-2024T09:11:08 - [TEST_STEP][PASSED] - fileDouble = file.toDouble(): null

08-11-2024T09:11:08 - [TEST_STEP][PASSED] - pageDouble = page2.toDouble(): null

08-11-2024T09:11:08 - [TEST_STEP][PASSED] - if (fileDouble != pageDouble): null

08-11-2024T09:11:08 - [TEST_STEP][PASSED] - if (verifyEqual(numberOfErrors, 0) == false): Actual object '0' and expected object '0' are equal

08-11-2024T09:11:08 - [MESSAGE][PASSED] - Actual object '0' and expected object '0' are equal

08-11-2024T09:11:08 - [TEST_STEP][PASSED] - if (a == 82): null

08-11-2024T09:11:08 - [TEST_STEP][PASSED] - dZO = "АО «Тульские городские электрические сети»": null

08-11-2024T09:11:08 - [TEST_STEP][PASSED] - a = 16: null

08-11-2024T09:11:08 - [TEST_STEP][PASSED] - i = dZO.length() - 1: null

08-11-2024T09:11:08 - [TEST_STEP][PASSED] - dzoCut = substring(4, i).replaceAll("\s+", ""): null

08-11-2024T09:11:08 - [TEST_STEP][PASSED] - if (x2.contains(dzoCut)): null

08-11-2024T09:11:08 - [TEST_STEP][PASSED] - filialNum = filialNum + 1: null

08-11-2024T09:11:08 - [TEST_STEP][PASSED] - Script1718980020443.Numbers(a, typeOfData, todaysDate, pageInt, fileInt, pageDouble, fileDouble, dZO, dzoNum, filialNum): null

08-11-2024T09:11:08 - [TEST_STEP][PASSED] - println(dzoNum): null

08-11-2024T09:11:08 - [TEST_STEP][PASSED] - planFact = <not implemented yet for class: org.codehaus.groovy.ast.expr.EmptyExpression>: null

08-11-2024T09:11:08 - [TEST_STEP][PASSED] - page = <not implemented yet for class: org.codehaus.groovy.ast.expr.EmptyExpression>: null

08-11-2024T09:11:08 - [TEST_STEP][PASSED] - page1 = <not implemented yet for class: org.codehaus.groovy.ast.expr.EmptyExpression>: null

08-11-2024T09:11:08 - [TEST_STEP][PASSED] - page2 = <not implemented yet for class: org.codehaus.groovy.ast.expr.EmptyExpression>: null

08-11-2024T09:11:08 - [TEST_STEP][PASSED] - filialNumberInRow = <not implemented yet for class: org.codehaus.groovy.ast.expr.EmptyExpression>: null

08-11-2024T09:11:08 - [TEST_STEP][PASSED] - filialsDzoNames = <not implemented yet for class: org.codehaus.groovy.ast.expr.EmptyExpression>: null

08-11-2024T09:11:08 - [TEST_STEP][PASSED] - numberOfFilials = <not implemented yet for class: org.codehaus.groovy.ast.expr.EmptyExpression>: null

08-11-2024T09:11:08 - [TEST_STEP][PASSED] - numberOfSpaces = <not implemented yet for class: org.codehaus.groovy.ast.expr.EmptyExpression>: null

08-11-2024T09:11:08 - [TEST_STEP][PASSED] - file = <not implemented yet for class: org.codehaus.groovy.ast.expr.EmptyExpression>: null

08-11-2024T09:11:08 - [TEST_STEP][PASSED] - otpusk = <not implemented yet for class: org.codehaus.groovy.ast.expr.EmptyExpression>: null

08-11-2024T09:11:08 - [TEST_STEP][PASSED] - poteri = <not implemented yet for class: org.codehaus.groovy.ast.expr.EmptyExpression>: null

08-11-2024T09:11:08 - [TEST_STEP][PASSED] - dataFolder = "Выполнение бизнес-плана/Значения со страницы Выполнение бизнес-плана/": null

08-11-2024T09:11:08 - [TEST_STEP][PASSED] - path = <not implemented yet for class: org.codehaus.groovy.ast.expr.EmptyExpression>: null

08-11-2024T09:11:08 - [TEST_STEP][PASSED] - typeOfDataMain = <not implemented yet for class: org.codehaus.groovy.ast.expr.EmptyExpression>: null

08-11-2024T09:11:08 - [TEST_STEP][PASSED] - fileOtpuskVSet = <not implemented yet for class: org.codehaus.groovy.ast.expr.EmptyExpression>: null

08-11-2024T09:11:08 - [TEST_STEP][PASSED] - pageOtpuskVSet = <not implemented yet for class: org.codehaus.groovy.ast.expr.EmptyExpression>: null

08-11-2024T09:11:08 - [TEST_STEP][PASSED] - filePoteri = <not implemented yet for class: org.codehaus.groovy.ast.expr.EmptyExpression>: null

08-11-2024T09:11:08 - [TEST_STEP][PASSED] - pagePoteri = <not implemented yet for class: org.codehaus.groovy.ast.expr.EmptyExpression>: null

08-11-2024T09:11:08 - [TEST_STEP][PASSED] - compare = <not implemented yet for class: org.codehaus.groovy.ast.expr.EmptyExpression>: null

08-11-2024T09:11:08 - [TEST_STEP][PASSED] - b = <not implemented yet for class: org.codehaus.groovy.ast.expr.EmptyExpression>: null

08-11-2024T09:11:08 - [TEST_STEP][PASSED] - i = <not implemented yet for class: org.codehaus.groovy.ast.expr.EmptyExpression>: null

08-11-2024T09:11:08 - [TEST_STEP][PASSED] - ii = <not implemented yet for class: org.codehaus.groovy.ast.expr.EmptyExpression>: null

08-11-2024T09:11:08 - [TEST_STEP][PASSED] - c = <not implemented yet for class: org.codehaus.groovy.ast.expr.EmptyExpression>: null

08-11-2024T09:11:08 - [TEST_STEP][PASSED] - numberOfErrors = 0: null

08-11-2024T09:11:08 - [TEST_STEP][PASSED] - if (a == 82): null

08-11-2024T09:11:08 - [TEST_STEP][PASSED] - b = findTestData("PlanFact").getValue(1, a): null

08-11-2024T09:11:08 - [TEST_STEP][PASSED] - i = b.indexOf(" (ГК)"): null

08-11-2024T09:11:08 - [TEST_STEP][PASSED] - if (i > -1): null

08-11-2024T09:11:08 - [TEST_STEP][PASSED] - i = b.indexOf("О ""): null

08-11-2024T09:11:08 - [TEST_STEP][PASSED] - if (i > -1): null

08-11-2024T09:11:08 - [TEST_STEP][PASSED] - i = b.indexOf("О «"): null

08-11-2024T09:11:08 - [TEST_STEP][PASSED] - if (i > -1): null

08-11-2024T09:11:08 - [TEST_STEP][PASSED] - b = b.substring(i + 3, b.length()): null

08-11-2024T09:11:08 - [TEST_STEP][PASSED] - i = b.indexOf("»"): null

08-11-2024T09:11:08 - [TEST_STEP][PASSED] - b = b.substring(0, i): null

08-11-2024T09:11:08 - [TEST_STEP][PASSED] - b = b.trim(): null

08-11-2024T09:11:08 - [TEST_STEP][PASSED] - i = b.indexOf("г. "): null

08-11-2024T09:11:08 - [TEST_STEP][PASSED] - if (i > -1): null

08-11-2024T09:11:08 - [TEST_STEP][PASSED] - println(b): null

08-11-2024T09:11:08 - [TEST_STEP][PASSED] - for ([planFact = 1, planFact < 3, (planFact++)]): Object: 'Object Repository/Выполнение бизнес-плана/Кнопка Факт' is clicked on

08-11-2024T09:11:08 - [TEST_STEP][PASSED] - if (planFact == 1): null

08-11-2024T09:11:08 - [TEST_STEP][PASSED] - typeOfDataMain = "Факт": null

08-11-2024T09:11:08 - [TEST_STEP][PASSED] - otpusk = findTestData("PlanFact").getValue(5, a): null

08-11-2024T09:11:08 - [TEST_STEP][PASSED] - poteri = findTestData("PlanFact").getValue(6, a): null

08-11-2024T09:11:08 - [TEST_STEP][PASSED] - otpusk = otpusk.replaceAll("\s+", ""): null

08-11-2024T09:11:08 - [TEST_STEP][PASSED] - poteri = poteri.replaceAll("\s+", ""): null

08-11-2024T09:11:08 - [TEST_STEP][PASSED] - typeOfData = typeOfDataMain + " Отпуск в сеть": null

08-11-2024T09:11:08 - [TEST_STEP][PASSED] - if (a == 82): null

08-11-2024T09:11:08 - [TEST_STEP][PASSED] - else if (a == 84): null

08-11-2024T09:11:08 - [TEST_STEP][PASSED] - else if (a == 52 || a == 72 || a == 28 || a == 73 || a == 77 || a == 74 || a == 65 || a == 36 || a == 44 || a == 53 || a == 80 || a == 54 || a == 1 || a == 18 || a == 59 || a == 81): null

08-11-2024T09:11:08 - [TEST_STEP][PASSED] - else: null

08-11-2024T09:11:08 - [TEST_STEP][PASSED] - path = dataFolder + typeOfData + " за отчётный период " + b: null

08-11-2024T09:11:08 - [TEST_STEP][PASSED] - println(path): null

08-11-2024T09:11:08 - [TEST_STEP][PASSED] - page = getText(findTestObject(path)): Text of object 'Object Repository/Выполнение бизнес-плана/Значения со страницы Выполнение бизнес-плана/Факт Отпуск в сеть за отчётный период Тульские городские электрические сети' is: '863 423'

08-11-2024T09:11:38 - [MESSAGE][PASSED] - Text of object 'Object Repository/Выполнение бизнес-плана/Значения со страницы Выполнение бизнес-плана/Факт Отпуск в сеть за отчётный период Тульские городские электрические сети' is: '863 423'

08-11-2024T09:11:38 - [TEST_STEP][PASSED] - page = page.replaceAll("\s+", ""): null

08-11-2024T09:11:38 - [TEST_STEP][PASSED] - fileOtpuskVSet = otpusk.toInteger(): null

08-11-2024T09:11:38 - [TEST_STEP][PASSED] - pageOtpuskVSet = page.toInteger(): null

08-11-2024T09:11:38 - [TEST_STEP][PASSED] - typeOfData = typeOfDataMain + " Потери": null

08-11-2024T09:11:38 - [TEST_STEP][PASSED] - if (a == 82): null

08-11-2024T09:11:38 - [TEST_STEP][PASSED] - else if (a == 84): null

08-11-2024T09:11:38 - [TEST_STEP][PASSED] - else if (a == 52 || a == 72 || a == 28 || a == 73 || a == 77 || a == 74 || a == 65 || a == 36 || a == 44 || a == 53 || a == 80 || a == 54 || a == 1 || a == 18 || a == 59 || a == 81): null

08-11-2024T09:11:38 - [TEST_STEP][PASSED] - else: null

08-11-2024T09:11:38 - [TEST_STEP][PASSED] - path = dataFolder + typeOfData + " за отчётный период " + b: null

08-11-2024T09:11:38 - [TEST_STEP][PASSED] - page = getText(findTestObject(path)): Text of object 'Object Repository/Выполнение бизнес-плана/Значения со страницы Выполнение бизнес-плана/Факт Потери за отчётный период Тульские городские электрические сети' is: '85 098'

08-11-2024T09:12:08 - [MESSAGE][PASSED] - Text of object 'Object Repository/Выполнение бизнес-плана/Значения со страницы Выполнение бизнес-плана/Факт Потери за отчётный период Тульские городские электрические сети' is: '85 098'

08-11-2024T09:12:08 - [TEST_STEP][PASSED] - page = page.replaceAll("\s+", ""): null

08-11-2024T09:12:08 - [TEST_STEP][PASSED] - filePoteri = poteri.toInteger(): null

08-11-2024T09:12:08 - [TEST_STEP][PASSED] - pagePoteri = page.toInteger(): null

08-11-2024T09:12:08 - [TEST_STEP][PASSED] - compare = pageOtpuskVSet: null

08-11-2024T09:12:08 - [TEST_STEP][PASSED] - if (compare == fileOtpuskVSet): null

08-11-2024T09:12:08 - [TEST_STEP][PASSED] - if (compare == fileOtpuskVSet): null

08-11-2024T09:12:08 - [TEST_STEP][PASSED] - compare = pagePoteri: null

08-11-2024T09:12:08 - [TEST_STEP][PASSED] - if (compare == filePoteri): null

08-11-2024T09:12:08 - [TEST_STEP][PASSED] - if (compare == filePoteri): null

08-11-2024T09:12:08 - [TEST_STEP][PASSED] - if (planFact == 2): null

08-11-2024T09:12:08 - [TEST_STEP][PASSED] - if (planFact == 1): null

08-11-2024T09:12:08 - [TEST_STEP][PASSED] - else if (planFact == 2): null

08-11-2024T09:12:08 - [TEST_STEP][PASSED] - click(findTestObject("Выполнение бизнес-плана/Кнопка План")): Object: 'Object Repository/Выполнение бизнес-плана/Кнопка План' is clicked on

08-11-2024T09:12:38 - [MESSAGE][PASSED] - Object: 'Object Repository/Выполнение бизнес-плана/Кнопка План' is clicked on

08-11-2024T09:12:38 - [TEST_STEP][PASSED] - typeOfDataMain = "План": null

08-11-2024T09:12:38 - [TEST_STEP][PASSED] - otpusk = findTestData("PlanFact").getValue(2, a): null

08-11-2024T09:12:38 - [TEST_STEP][PASSED] - poteri = findTestData("PlanFact").getValue(3, a): null

08-11-2024T09:12:38 - [TEST_STEP][PASSED] - otpusk = otpusk.replaceAll("\s+", ""): null

08-11-2024T09:12:38 - [TEST_STEP][PASSED] - poteri = poteri.replaceAll("\s+", ""): null

08-11-2024T09:12:38 - [TEST_STEP][PASSED] - typeOfData = typeOfDataMain + " Отпуск в сеть": null

08-11-2024T09:12:38 - [TEST_STEP][PASSED] - if (a == 82): null

08-11-2024T09:12:38 - [TEST_STEP][PASSED] - else if (a == 84): null

08-11-2024T09:12:38 - [TEST_STEP][PASSED] - else if (a == 52 || a == 72 || a == 28 || a == 73 || a == 77 || a == 74 || a == 65 || a == 36 || a == 44 || a == 53 || a == 80 || a == 54 || a == 1 || a == 18 || a == 59 || a == 81): null

08-11-2024T09:12:38 - [TEST_STEP][PASSED] - else: null

08-11-2024T09:12:38 - [TEST_STEP][PASSED] - path = dataFolder + typeOfData + " за отчётный период " + b: null

08-11-2024T09:12:38 - [TEST_STEP][PASSED] - println(path): null

08-11-2024T09:12:38 - [TEST_STEP][PASSED] - page = getText(findTestObject(path)): Text of object 'Object Repository/Выполнение бизнес-плана/Значения со страницы Выполнение бизнес-плана/План Отпуск в сеть за отчётный период Тульские городские электрические сети' is: '842 341'

08-11-2024T09:13:08 - [MESSAGE][PASSED] - Text of object 'Object Repository/Выполнение бизнес-плана/Значения со страницы Выполнение бизнес-плана/План Отпуск в сеть за отчётный период Тульские городские электрические сети' is: '842 341'

08-11-2024T09:13:08 - [TEST_STEP][PASSED] - page = page.replaceAll("\s+", ""): null

08-11-2024T09:13:08 - [TEST_STEP][PASSED] - fileOtpuskVSet = otpusk.toInteger(): null

08-11-2024T09:13:08 - [TEST_STEP][PASSED] - pageOtpuskVSet = page.toInteger(): null

08-11-2024T09:13:08 - [TEST_STEP][PASSED] - typeOfData = typeOfDataMain + " Потери": null

08-11-2024T09:13:08 - [TEST_STEP][PASSED] - if (a == 82): null

08-11-2024T09:13:08 - [TEST_STEP][PASSED] - else if (a == 84): null

08-11-2024T09:13:08 - [TEST_STEP][PASSED] - else if (a == 52 || a == 72 || a == 28 || a == 73 || a == 77 || a == 74 || a == 65 || a == 36 || a == 44 || a == 53 || a == 80 || a == 54 || a == 1 || a == 18 || a == 59 || a == 81): null

08-11-2024T09:13:08 - [TEST_STEP][PASSED] - else: null

08-11-2024T09:13:08 - [TEST_STEP][PASSED] - path = dataFolder + typeOfData + " за отчётный период " + b: null

08-11-2024T09:13:08 - [TEST_STEP][PASSED] - page = getText(findTestObject(path)): Text of object 'Object Repository/Выполнение бизнес-плана/Значения со страницы Выполнение бизнес-плана/План Потери за отчётный период Тульские городские электрические сети' is: '85 646'

08-11-2024T09:13:38 - [MESSAGE][PASSED] - Text of object 'Object Repository/Выполнение бизнес-плана/Значения со страницы Выполнение бизнес-плана/План Потери за отчётный период Тульские городские электрические сети' is: '85 646'

08-11-2024T09:13:38 - [TEST_STEP][PASSED] - page = page.replaceAll("\s+", ""): null

08-11-2024T09:13:38 - [TEST_STEP][PASSED] - filePoteri = poteri.toInteger(): null

08-11-2024T09:13:38 - [TEST_STEP][PASSED] - pagePoteri = page.toInteger(): null

08-11-2024T09:13:38 - [TEST_STEP][PASSED] - compare = pageOtpuskVSet: null

08-11-2024T09:13:38 - [TEST_STEP][PASSED] - if (compare == fileOtpuskVSet): null

08-11-2024T09:13:38 - [TEST_STEP][PASSED] - if (compare == fileOtpuskVSet): null

08-11-2024T09:13:38 - [TEST_STEP][PASSED] - compare = pagePoteri: null

08-11-2024T09:13:38 - [TEST_STEP][PASSED] - if (compare == filePoteri): null

08-11-2024T09:13:38 - [TEST_STEP][PASSED] - if (compare == filePoteri): null

08-11-2024T09:13:38 - [TEST_STEP][PASSED] - if (planFact == 2): Object: 'Object Repository/Выполнение бизнес-плана/Кнопка Факт' is clicked on

08-11-2024T09:13:38 - [TEST_STEP][PASSED] - click(findTestObject("Выполнение бизнес-плана/Кнопка Факт")): Object: 'Object Repository/Выполнение бизнес-плана/Кнопка Факт' is clicked on

08-11-2024T09:14:09 - [MESSAGE][PASSED] - Object: 'Object Repository/Выполнение бизнес-плана/Кнопка Факт' is clicked on

08-11-2024T09:14:09 - [TEST_STEP][PASSED] - if (a == 84 || a == 82): null

08-11-2024T09:14:09 - [TEST_STEP][PASSED] - else if (a == 52 || a == 72 || a == 28 || a == 73 || a == 77 || a == 74 || a == 65 || a == 36 || a == 44 || a == 53 || a == 80 || a == 54 || a == 1 || a == 18 || a == 59 || a == 81): null

08-11-2024T09:14:09 - [TEST_STEP][PASSED] - else: null

08-11-2024T09:14:09 - [TEST_STEP][PASSED] - page1 = getText(findTestObject("Object Repository/Выполнение бизнес-плана/spanPlan" + filialNum)): Text of object 'Object Repository/Выполнение бизнес-плана/spanPlan2' is: '10.17
|'

08-11-2024T09:14:39 - [MESSAGE][PASSED] - Text of object 'Object Repository/Выполнение бизнес-плана/spanPlan2' is: '10.17
|'

08-11-2024T09:14:39 - [TEST_STEP][PASSED] - page1 = page1.replace("|", ""): null

08-11-2024T09:14:39 - [TEST_STEP][PASSED] - page2 = getText(findTestObject("Object Repository/Выполнение бизнес-плана/spanFact" + filialNum)): Text of object 'Object Repository/Выполнение бизнес-плана/spanFact2' is: '9.86
|'

08-11-2024T09:15:09 - [MESSAGE][PASSED] - Text of object 'Object Repository/Выполнение бизнес-плана/spanFact2' is: '9.86
|'

08-11-2024T09:15:09 - [TEST_STEP][PASSED] - page2 = page2.replace("|", ""): null

08-11-2024T09:15:09 - [TEST_STEP][PASSED] - println("page1: " + page1): null

08-11-2024T09:15:09 - [TEST_STEP][PASSED] - println("page2: " + page2): null

08-11-2024T09:15:09 - [TEST_STEP][PASSED] - file = findTestData("PlanFact").getValue(4, a): null

08-11-2024T09:15:09 - [TEST_STEP][PASSED] - file = file.replace(",", "."): null

08-11-2024T09:15:09 - [TEST_STEP][PASSED] - println("file Plan: " + file): null

08-11-2024T09:15:09 - [TEST_STEP][PASSED] - typeOfData = "План в процентах": null

08-11-2024T09:15:09 - [TEST_STEP][PASSED] - fileDouble = file.toDouble(): null

08-11-2024T09:15:09 - [TEST_STEP][PASSED] - pageDouble = page1.toDouble(): null

08-11-2024T09:15:09 - [TEST_STEP][PASSED] - if (fileDouble != pageDouble): null

08-11-2024T09:15:09 - [TEST_STEP][PASSED] - file = findTestData("PlanFact").getValue(7, a): null

08-11-2024T09:15:09 - [TEST_STEP][PASSED] - file = file.replace(",", "."): null

08-11-2024T09:15:09 - [TEST_STEP][PASSED] - println("file Fact: " + file): null

08-11-2024T09:15:09 - [TEST_STEP][PASSED] - fileDouble = file.toDouble(): null

08-11-2024T09:15:09 - [TEST_STEP][PASSED] - typeOfData = "Факт в процентах": null

08-11-2024T09:15:09 - [TEST_STEP][PASSED] - fileDouble = file.toDouble(): null

08-11-2024T09:15:09 - [TEST_STEP][PASSED] - pageDouble = page2.toDouble(): null

08-11-2024T09:15:09 - [TEST_STEP][PASSED] - if (fileDouble != pageDouble): null

08-11-2024T09:15:09 - [TEST_STEP][PASSED] - if (verifyEqual(numberOfErrors, 0) == false): Actual object '0' and expected object '0' are equal

08-11-2024T09:15:09 - [MESSAGE][PASSED] - Actual object '0' and expected object '0' are equal

08-11-2024T09:15:09 - [TEST_STEP][PASSED] - if (a == 82): null

08-11-2024T09:15:09 - [TEST_STEP][PASSED] - dZO = "АО «Ярославская электросетевая компания»": null

08-11-2024T09:15:09 - [TEST_STEP][PASSED] - a = 17: null

08-11-2024T09:15:09 - [TEST_STEP][PASSED] - i = dZO.length() - 1: null

08-11-2024T09:15:09 - [TEST_STEP][PASSED] - dzoCut = substring(4, i).replaceAll("\s+", ""): null

08-11-2024T09:15:09 - [TEST_STEP][PASSED] - if (x2.contains(dzoCut)): null

08-11-2024T09:15:09 - [TEST_STEP][PASSED] - filialNum = filialNum + 1: null

08-11-2024T09:15:09 - [TEST_STEP][PASSED] - Script1718980020443.Numbers(a, typeOfData, todaysDate, pageInt, fileInt, pageDouble, fileDouble, dZO, dzoNum, filialNum): null

08-11-2024T09:15:09 - [TEST_STEP][PASSED] - println(dzoNum): null

08-11-2024T09:15:09 - [TEST_STEP][PASSED] - planFact = <not implemented yet for class: org.codehaus.groovy.ast.expr.EmptyExpression>: null

08-11-2024T09:15:09 - [TEST_STEP][PASSED] - page = <not implemented yet for class: org.codehaus.groovy.ast.expr.EmptyExpression>: null

08-11-2024T09:15:09 - [TEST_STEP][PASSED] - page1 = <not implemented yet for class: org.codehaus.groovy.ast.expr.EmptyExpression>: null

08-11-2024T09:15:09 - [TEST_STEP][PASSED] - page2 = <not implemented yet for class: org.codehaus.groovy.ast.expr.EmptyExpression>: null

08-11-2024T09:15:09 - [TEST_STEP][PASSED] - filialNumberInRow = <not implemented yet for class: org.codehaus.groovy.ast.expr.EmptyExpression>: null

08-11-2024T09:15:09 - [TEST_STEP][PASSED] - filialsDzoNames = <not implemented yet for class: org.codehaus.groovy.ast.expr.EmptyExpression>: null

08-11-2024T09:15:09 - [TEST_STEP][PASSED] - numberOfFilials = <not implemented yet for class: org.codehaus.groovy.ast.expr.EmptyExpression>: null

08-11-2024T09:15:09 - [TEST_STEP][PASSED] - numberOfSpaces = <not implemented yet for class: org.codehaus.groovy.ast.expr.EmptyExpression>: null

08-11-2024T09:15:09 - [TEST_STEP][PASSED] - file = <not implemented yet for class: org.codehaus.groovy.ast.expr.EmptyExpression>: null

08-11-2024T09:15:09 - [TEST_STEP][PASSED] - otpusk = <not implemented yet for class: org.codehaus.groovy.ast.expr.EmptyExpression>: null

08-11-2024T09:15:09 - [TEST_STEP][PASSED] - poteri = <not implemented yet for class: org.codehaus.groovy.ast.expr.EmptyExpression>: null

08-11-2024T09:15:09 - [TEST_STEP][PASSED] - dataFolder = "Выполнение бизнес-плана/Значения со страницы Выполнение бизнес-плана/": null

08-11-2024T09:15:09 - [TEST_STEP][PASSED] - path = <not implemented yet for class: org.codehaus.groovy.ast.expr.EmptyExpression>: null

08-11-2024T09:15:09 - [TEST_STEP][PASSED] - typeOfDataMain = <not implemented yet for class: org.codehaus.groovy.ast.expr.EmptyExpression>: null

08-11-2024T09:15:09 - [TEST_STEP][PASSED] - fileOtpuskVSet = <not implemented yet for class: org.codehaus.groovy.ast.expr.EmptyExpression>: null

08-11-2024T09:15:09 - [TEST_STEP][PASSED] - pageOtpuskVSet = <not implemented yet for class: org.codehaus.groovy.ast.expr.EmptyExpression>: null

08-11-2024T09:15:09 - [TEST_STEP][PASSED] - filePoteri = <not implemented yet for class: org.codehaus.groovy.ast.expr.EmptyExpression>: null

08-11-2024T09:15:09 - [TEST_STEP][PASSED] - pagePoteri = <not implemented yet for class: org.codehaus.groovy.ast.expr.EmptyExpression>: null

08-11-2024T09:15:09 - [TEST_STEP][PASSED] - compare = <not implemented yet for class: org.codehaus.groovy.ast.expr.EmptyExpression>: null

08-11-2024T09:15:09 - [TEST_STEP][PASSED] - b = <not implemented yet for class: org.codehaus.groovy.ast.expr.EmptyExpression>: null

08-11-2024T09:15:09 - [TEST_STEP][PASSED] - i = <not implemented yet for class: org.codehaus.groovy.ast.expr.EmptyExpression>: null

08-11-2024T09:15:09 - [TEST_STEP][PASSED] - ii = <not implemented yet for class: org.codehaus.groovy.ast.expr.EmptyExpression>: null

08-11-2024T09:15:09 - [TEST_STEP][PASSED] - c = <not implemented yet for class: org.codehaus.groovy.ast.expr.EmptyExpression>: null

08-11-2024T09:15:09 - [TEST_STEP][PASSED] - numberOfErrors = 0: null

08-11-2024T09:15:09 - [TEST_STEP][PASSED] - if (a == 82): null

08-11-2024T09:15:09 - [TEST_STEP][PASSED] - b = findTestData("PlanFact").getValue(1, a): null

08-11-2024T09:15:09 - [TEST_STEP][PASSED] - i = b.indexOf(" (ГК)"): null

08-11-2024T09:15:09 - [TEST_STEP][PASSED] - if (i > -1): null

08-11-2024T09:15:09 - [TEST_STEP][PASSED] - i = b.indexOf("О ""): null

08-11-2024T09:15:09 - [TEST_STEP][PASSED] - if (i > -1): null

08-11-2024T09:15:09 - [TEST_STEP][PASSED] - i = b.indexOf("О «"): null

08-11-2024T09:15:09 - [TEST_STEP][PASSED] - if (i > -1): null

08-11-2024T09:15:09 - [TEST_STEP][PASSED] - b = b.substring(i + 3, b.length()): null

08-11-2024T09:15:09 - [TEST_STEP][PASSED] - i = b.indexOf("»"): null

08-11-2024T09:15:09 - [TEST_STEP][PASSED] - b = b.substring(0, i): null

08-11-2024T09:15:09 - [TEST_STEP][PASSED] - b = b.trim(): null

08-11-2024T09:15:09 - [TEST_STEP][PASSED] - i = b.indexOf("г. "): null

08-11-2024T09:15:09 - [TEST_STEP][PASSED] - if (i > -1): null

08-11-2024T09:15:09 - [TEST_STEP][PASSED] - println(b): null

08-11-2024T09:15:09 - [TEST_STEP][PASSED] - for ([planFact = 1, planFact < 3, (planFact++)]): Object: 'Object Repository/Выполнение бизнес-плана/Кнопка Факт' is clicked on

08-11-2024T09:15:09 - [TEST_STEP][PASSED] - if (planFact == 1): null

08-11-2024T09:15:09 - [TEST_STEP][PASSED] - typeOfDataMain = "Факт": null

08-11-2024T09:15:09 - [TEST_STEP][PASSED] - otpusk = findTestData("PlanFact").getValue(5, a): null

08-11-2024T09:15:09 - [TEST_STEP][PASSED] - poteri = findTestData("PlanFact").getValue(6, a): null

08-11-2024T09:15:09 - [TEST_STEP][PASSED] - otpusk = otpusk.replaceAll("\s+", ""): null

08-11-2024T09:15:09 - [TEST_STEP][PASSED] - poteri = poteri.replaceAll("\s+", ""): null

08-11-2024T09:15:09 - [TEST_STEP][PASSED] - typeOfData = typeOfDataMain + " Отпуск в сеть": null

08-11-2024T09:15:09 - [TEST_STEP][PASSED] - if (a == 82): null

08-11-2024T09:15:09 - [TEST_STEP][PASSED] - else if (a == 84): null

08-11-2024T09:15:09 - [TEST_STEP][PASSED] - else if (a == 52 || a == 72 || a == 28 || a == 73 || a == 77 || a == 74 || a == 65 || a == 36 || a == 44 || a == 53 || a == 80 || a == 54 || a == 1 || a == 18 || a == 59 || a == 81): null

08-11-2024T09:15:09 - [TEST_STEP][PASSED] - else: null

08-11-2024T09:15:09 - [TEST_STEP][PASSED] - path = dataFolder + typeOfData + " за отчётный период " + b: null

08-11-2024T09:15:09 - [TEST_STEP][PASSED] - println(path): null

08-11-2024T09:15:09 - [TEST_STEP][PASSED] - page = getText(findTestObject(path)): Text of object 'Object Repository/Выполнение бизнес-плана/Значения со страницы Выполнение бизнес-плана/Факт Отпуск в сеть за отчётный период Ярославская электросетевая компания' is: '189 146'

08-11-2024T09:15:39 - [MESSAGE][PASSED] - Text of object 'Object Repository/Выполнение бизнес-плана/Значения со страницы Выполнение бизнес-плана/Факт Отпуск в сеть за отчётный период Ярославская электросетевая компания' is: '189 146'

08-11-2024T09:15:39 - [TEST_STEP][PASSED] - page = page.replaceAll("\s+", ""): null

08-11-2024T09:15:39 - [TEST_STEP][PASSED] - fileOtpuskVSet = otpusk.toInteger(): null

08-11-2024T09:15:39 - [TEST_STEP][PASSED] - pageOtpuskVSet = page.toInteger(): null

08-11-2024T09:15:39 - [TEST_STEP][PASSED] - typeOfData = typeOfDataMain + " Потери": null

08-11-2024T09:15:39 - [TEST_STEP][PASSED] - if (a == 82): null

08-11-2024T09:15:39 - [TEST_STEP][PASSED] - else if (a == 84): null

08-11-2024T09:15:39 - [TEST_STEP][PASSED] - else if (a == 52 || a == 72 || a == 28 || a == 73 || a == 77 || a == 74 || a == 65 || a == 36 || a == 44 || a == 53 || a == 80 || a == 54 || a == 1 || a == 18 || a == 59 || a == 81): null

08-11-2024T09:15:39 - [TEST_STEP][PASSED] - else: null

08-11-2024T09:15:39 - [TEST_STEP][PASSED] - path = dataFolder + typeOfData + " за отчётный период " + b: null

08-11-2024T09:15:39 - [TEST_STEP][PASSED] - page = getText(findTestObject(path)): Text of object 'Object Repository/Выполнение бизнес-плана/Значения со страницы Выполнение бизнес-плана/Факт Потери за отчётный период Ярославская электросетевая компания' is: '15 551'

08-11-2024T09:16:09 - [MESSAGE][PASSED] - Text of object 'Object Repository/Выполнение бизнес-плана/Значения со страницы Выполнение бизнес-плана/Факт Потери за отчётный период Ярославская электросетевая компания' is: '15 551'

08-11-2024T09:16:09 - [TEST_STEP][PASSED] - page = page.replaceAll("\s+", ""): null

08-11-2024T09:16:09 - [TEST_STEP][PASSED] - filePoteri = poteri.toInteger(): null

08-11-2024T09:16:09 - [TEST_STEP][PASSED] - pagePoteri = page.toInteger(): null

08-11-2024T09:16:09 - [TEST_STEP][PASSED] - compare = pageOtpuskVSet: null

08-11-2024T09:16:09 - [TEST_STEP][PASSED] - if (compare == fileOtpuskVSet): null

08-11-2024T09:16:09 - [TEST_STEP][PASSED] - if (compare == fileOtpuskVSet): null

08-11-2024T09:16:09 - [TEST_STEP][PASSED] - compare = pagePoteri: null

08-11-2024T09:16:09 - [TEST_STEP][PASSED] - if (compare == filePoteri): null

08-11-2024T09:16:09 - [TEST_STEP][PASSED] - if (compare == filePoteri): null

08-11-2024T09:16:09 - [TEST_STEP][PASSED] - if (planFact == 2): null

08-11-2024T09:16:09 - [TEST_STEP][PASSED] - if (planFact == 1): null

08-11-2024T09:16:09 - [TEST_STEP][PASSED] - else if (planFact == 2): null

08-11-2024T09:16:09 - [TEST_STEP][PASSED] - click(findTestObject("Выполнение бизнес-плана/Кнопка План")): Object: 'Object Repository/Выполнение бизнес-плана/Кнопка План' is clicked on

08-11-2024T09:16:39 - [MESSAGE][PASSED] - Object: 'Object Repository/Выполнение бизнес-плана/Кнопка План' is clicked on

08-11-2024T09:16:39 - [TEST_STEP][PASSED] - typeOfDataMain = "План": null

08-11-2024T09:16:39 - [TEST_STEP][PASSED] - otpusk = findTestData("PlanFact").getValue(2, a): null

08-11-2024T09:16:39 - [TEST_STEP][PASSED] - poteri = findTestData("PlanFact").getValue(3, a): null

08-11-2024T09:16:39 - [TEST_STEP][PASSED] - otpusk = otpusk.replaceAll("\s+", ""): null

08-11-2024T09:16:39 - [TEST_STEP][PASSED] - poteri = poteri.replaceAll("\s+", ""): null

08-11-2024T09:16:39 - [TEST_STEP][PASSED] - typeOfData = typeOfDataMain + " Отпуск в сеть": null

08-11-2024T09:16:39 - [TEST_STEP][PASSED] - if (a == 82): null

08-11-2024T09:16:39 - [TEST_STEP][PASSED] - else if (a == 84): null

08-11-2024T09:16:39 - [TEST_STEP][PASSED] - else if (a == 52 || a == 72 || a == 28 || a == 73 || a == 77 || a == 74 || a == 65 || a == 36 || a == 44 || a == 53 || a == 80 || a == 54 || a == 1 || a == 18 || a == 59 || a == 81): null

08-11-2024T09:16:39 - [TEST_STEP][PASSED] - else: null

08-11-2024T09:16:39 - [TEST_STEP][PASSED] - path = dataFolder + typeOfData + " за отчётный период " + b: null

08-11-2024T09:16:39 - [TEST_STEP][PASSED] - println(path): null

08-11-2024T09:16:39 - [TEST_STEP][PASSED] - page = getText(findTestObject(path)): Text of object 'Object Repository/Выполнение бизнес-плана/Значения со страницы Выполнение бизнес-плана/План Отпуск в сеть за отчётный период Ярославская электросетевая компания' is: '185 497'

08-11-2024T09:17:09 - [MESSAGE][PASSED] - Text of object 'Object Repository/Выполнение бизнес-плана/Значения со страницы Выполнение бизнес-плана/План Отпуск в сеть за отчётный период Ярославская электросетевая компания' is: '185 497'

08-11-2024T09:17:09 - [TEST_STEP][PASSED] - page = page.replaceAll("\s+", ""): null

08-11-2024T09:17:09 - [TEST_STEP][PASSED] - fileOtpuskVSet = otpusk.toInteger(): null

08-11-2024T09:17:09 - [TEST_STEP][PASSED] - pageOtpuskVSet = page.toInteger(): null

08-11-2024T09:17:09 - [TEST_STEP][PASSED] - typeOfData = typeOfDataMain + " Потери": null

08-11-2024T09:17:09 - [TEST_STEP][PASSED] - if (a == 82): null

08-11-2024T09:17:09 - [TEST_STEP][PASSED] - else if (a == 84): null

08-11-2024T09:17:09 - [TEST_STEP][PASSED] - else if (a == 52 || a == 72 || a == 28 || a == 73 || a == 77 || a == 74 || a == 65 || a == 36 || a == 44 || a == 53 || a == 80 || a == 54 || a == 1 || a == 18 || a == 59 || a == 81): null

08-11-2024T09:17:09 - [TEST_STEP][PASSED] - else: null

08-11-2024T09:17:09 - [TEST_STEP][PASSED] - path = dataFolder + typeOfData + " за отчётный период " + b: null

08-11-2024T09:17:09 - [TEST_STEP][PASSED] - page = getText(findTestObject(path)): Text of object 'Object Repository/Выполнение бизнес-плана/Значения со страницы Выполнение бизнес-плана/План Потери за отчётный период Ярославская электросетевая компания' is: '18 525'

08-11-2024T09:17:40 - [MESSAGE][PASSED] - Text of object 'Object Repository/Выполнение бизнес-плана/Значения со страницы Выполнение бизнес-плана/План Потери за отчётный период Ярославская электросетевая компания' is: '18 525'

08-11-2024T09:17:40 - [TEST_STEP][PASSED] - page = page.replaceAll("\s+", ""): null

08-11-2024T09:17:40 - [TEST_STEP][PASSED] - filePoteri = poteri.toInteger(): null

08-11-2024T09:17:40 - [TEST_STEP][PASSED] - pagePoteri = page.toInteger(): null

08-11-2024T09:17:40 - [TEST_STEP][PASSED] - compare = pageOtpuskVSet: null

08-11-2024T09:17:40 - [TEST_STEP][PASSED] - if (compare == fileOtpuskVSet): null

08-11-2024T09:17:40 - [TEST_STEP][PASSED] - if (compare == fileOtpuskVSet): null

08-11-2024T09:17:40 - [TEST_STEP][PASSED] - compare = pagePoteri: null

08-11-2024T09:17:40 - [TEST_STEP][PASSED] - if (compare == filePoteri): null

08-11-2024T09:17:40 - [TEST_STEP][PASSED] - if (compare == filePoteri): null

08-11-2024T09:17:40 - [TEST_STEP][PASSED] - if (planFact == 2): Object: 'Object Repository/Выполнение бизнес-плана/Кнопка Факт' is clicked on

08-11-2024T09:17:40 - [TEST_STEP][PASSED] - click(findTestObject("Выполнение бизнес-плана/Кнопка Факт")): Object: 'Object Repository/Выполнение бизнес-плана/Кнопка Факт' is clicked on

08-11-2024T09:18:10 - [MESSAGE][PASSED] - Object: 'Object Repository/Выполнение бизнес-плана/Кнопка Факт' is clicked on

08-11-2024T09:18:10 - [TEST_STEP][PASSED] - if (a == 84 || a == 82): null

08-11-2024T09:18:10 - [TEST_STEP][PASSED] - else if (a == 52 || a == 72 || a == 28 || a == 73 || a == 77 || a == 74 || a == 65 || a == 36 || a == 44 || a == 53 || a == 80 || a == 54 || a == 1 || a == 18 || a == 59 || a == 81): null

08-11-2024T09:18:10 - [TEST_STEP][PASSED] - else: null

08-11-2024T09:18:10 - [TEST_STEP][PASSED] - page1 = getText(findTestObject("Object Repository/Выполнение бизнес-плана/spanPlan" + filialNum)): Text of object 'Object Repository/Выполнение бизнес-плана/spanPlan3' is: '9.99
|'

08-11-2024T09:18:40 - [MESSAGE][PASSED] - Text of object 'Object Repository/Выполнение бизнес-плана/spanPlan3' is: '9.99
|'

08-11-2024T09:18:40 - [TEST_STEP][PASSED] - page1 = page1.replace("|", ""): null

08-11-2024T09:18:40 - [TEST_STEP][PASSED] - page2 = getText(findTestObject("Object Repository/Выполнение бизнес-плана/spanFact" + filialNum)): Text of object 'Object Repository/Выполнение бизнес-плана/spanFact3' is: '8.22
|'

08-11-2024T09:19:10 - [MESSAGE][PASSED] - Text of object 'Object Repository/Выполнение бизнес-плана/spanFact3' is: '8.22
|'

08-11-2024T09:19:10 - [TEST_STEP][PASSED] - page2 = page2.replace("|", ""): null

08-11-2024T09:19:10 - [TEST_STEP][PASSED] - println("page1: " + page1): null

08-11-2024T09:19:10 - [TEST_STEP][PASSED] - println("page2: " + page2): null

08-11-2024T09:19:10 - [TEST_STEP][PASSED] - file = findTestData("PlanFact").getValue(4, a): null

08-11-2024T09:19:10 - [TEST_STEP][PASSED] - file = file.replace(",", "."): null

08-11-2024T09:19:10 - [TEST_STEP][PASSED] - println("file Plan: " + file): null

08-11-2024T09:19:10 - [TEST_STEP][PASSED] - typeOfData = "План в процентах": null

08-11-2024T09:19:10 - [TEST_STEP][PASSED] - fileDouble = file.toDouble(): null

08-11-2024T09:19:10 - [TEST_STEP][PASSED] - pageDouble = page1.toDouble(): null

08-11-2024T09:19:10 - [TEST_STEP][PASSED] - if (fileDouble != pageDouble): null

08-11-2024T09:19:10 - [TEST_STEP][PASSED] - file = findTestData("PlanFact").getValue(7, a): null

08-11-2024T09:19:10 - [TEST_STEP][PASSED] - file = file.replace(",", "."): null

08-11-2024T09:19:10 - [TEST_STEP][PASSED] - println("file Fact: " + file): null

08-11-2024T09:19:10 - [TEST_STEP][PASSED] - fileDouble = file.toDouble(): null

08-11-2024T09:19:10 - [TEST_STEP][PASSED] - typeOfData = "Факт в процентах": null

08-11-2024T09:19:10 - [TEST_STEP][PASSED] - fileDouble = file.toDouble(): null

08-11-2024T09:19:10 - [TEST_STEP][PASSED] - pageDouble = page2.toDouble(): null

08-11-2024T09:19:10 - [TEST_STEP][PASSED] - if (fileDouble != pageDouble): null

08-11-2024T09:19:10 - [TEST_STEP][PASSED] - if (verifyEqual(numberOfErrors, 0) == false): Actual object '0' and expected object '0' are equal

08-11-2024T09:19:10 - [MESSAGE][PASSED] - Actual object '0' and expected object '0' are equal

08-11-2024T09:19:10 - [TEST_STEP][PASSED] - if (a == 82): null

08-11-2024T09:19:10 - [TEST_STEP][PASSED] - dZO = "Белгородэнерго": null

08-11-2024T09:19:10 - [TEST_STEP][PASSED] - a = 2: null

08-11-2024T09:19:10 - [TEST_STEP][PASSED] - if (x2.contains(dZO)): null

08-11-2024T09:19:10 - [TEST_STEP][PASSED] - filialNum = filialNum + 1: null

08-11-2024T09:19:10 - [TEST_STEP][PASSED] - Script1718980020443.Numbers(a, typeOfData, todaysDate, pageInt, fileInt, pageDouble, fileDouble, dZO, dzoNum, filialNum): null

08-11-2024T09:19:10 - [TEST_STEP][PASSED] - println(dzoNum): null

08-11-2024T09:19:10 - [TEST_STEP][PASSED] - planFact = <not implemented yet for class: org.codehaus.groovy.ast.expr.EmptyExpression>: null

08-11-2024T09:19:10 - [TEST_STEP][PASSED] - page = <not implemented yet for class: org.codehaus.groovy.ast.expr.EmptyExpression>: null

08-11-2024T09:19:10 - [TEST_STEP][PASSED] - page1 = <not implemented yet for class: org.codehaus.groovy.ast.expr.EmptyExpression>: null

08-11-2024T09:19:10 - [TEST_STEP][PASSED] - page2 = <not implemented yet for class: org.codehaus.groovy.ast.expr.EmptyExpression>: null

08-11-2024T09:19:10 - [TEST_STEP][PASSED] - filialNumberInRow = <not implemented yet for class: org.codehaus.groovy.ast.expr.EmptyExpression>: null

08-11-2024T09:19:10 - [TEST_STEP][PASSED] - filialsDzoNames = <not implemented yet for class: org.codehaus.groovy.ast.expr.EmptyExpression>: null

08-11-2024T09:19:10 - [TEST_STEP][PASSED] - numberOfFilials = <not implemented yet for class: org.codehaus.groovy.ast.expr.EmptyExpression>: null

08-11-2024T09:19:10 - [TEST_STEP][PASSED] - numberOfSpaces = <not implemented yet for class: org.codehaus.groovy.ast.expr.EmptyExpression>: null

08-11-2024T09:19:10 - [TEST_STEP][PASSED] - file = <not implemented yet for class: org.codehaus.groovy.ast.expr.EmptyExpression>: null

08-11-2024T09:19:10 - [TEST_STEP][PASSED] - otpusk = <not implemented yet for class: org.codehaus.groovy.ast.expr.EmptyExpression>: null

08-11-2024T09:19:10 - [TEST_STEP][PASSED] - poteri = <not implemented yet for class: org.codehaus.groovy.ast.expr.EmptyExpression>: null

08-11-2024T09:19:10 - [TEST_STEP][PASSED] - dataFolder = "Выполнение бизнес-плана/Значения со страницы Выполнение бизнес-плана/": null

08-11-2024T09:19:10 - [TEST_STEP][PASSED] - path = <not implemented yet for class: org.codehaus.groovy.ast.expr.EmptyExpression>: null

08-11-2024T09:19:10 - [TEST_STEP][PASSED] - typeOfDataMain = <not implemented yet for class: org.codehaus.groovy.ast.expr.EmptyExpression>: null

08-11-2024T09:19:10 - [TEST_STEP][PASSED] - fileOtpuskVSet = <not implemented yet for class: org.codehaus.groovy.ast.expr.EmptyExpression>: null

08-11-2024T09:19:10 - [TEST_STEP][PASSED] - pageOtpuskVSet = <not implemented yet for class: org.codehaus.groovy.ast.expr.EmptyExpression>: null

08-11-2024T09:19:10 - [TEST_STEP][PASSED] - filePoteri = <not implemented yet for class: org.codehaus.groovy.ast.expr.EmptyExpression>: null

08-11-2024T09:19:10 - [TEST_STEP][PASSED] - pagePoteri = <not implemented yet for class: org.codehaus.groovy.ast.expr.EmptyExpression>: null

08-11-2024T09:19:10 - [TEST_STEP][PASSED] - compare = <not implemented yet for class: org.codehaus.groovy.ast.expr.EmptyExpression>: null

08-11-2024T09:19:10 - [TEST_STEP][PASSED] - b = <not implemented yet for class: org.codehaus.groovy.ast.expr.EmptyExpression>: null

08-11-2024T09:19:10 - [TEST_STEP][PASSED] - i = <not implemented yet for class: org.codehaus.groovy.ast.expr.EmptyExpression>: null

08-11-2024T09:19:10 - [TEST_STEP][PASSED] - ii = <not implemented yet for class: org.codehaus.groovy.ast.expr.EmptyExpression>: null

08-11-2024T09:19:10 - [TEST_STEP][PASSED] - c = <not implemented yet for class: org.codehaus.groovy.ast.expr.EmptyExpression>: null

08-11-2024T09:19:10 - [TEST_STEP][PASSED] - numberOfErrors = 0: null

08-11-2024T09:19:10 - [TEST_STEP][PASSED] - if (a == 82): null

08-11-2024T09:19:10 - [TEST_STEP][PASSED] - b = findTestData("PlanFact").getValue(1, a): null

08-11-2024T09:19:10 - [TEST_STEP][PASSED] - i = b.indexOf(" (ГК)"): null

08-11-2024T09:19:10 - [TEST_STEP][PASSED] - if (i > -1): null

08-11-2024T09:19:10 - [TEST_STEP][PASSED] - i = b.indexOf("О ""): null

08-11-2024T09:19:10 - [TEST_STEP][PASSED] - if (i > -1): null

08-11-2024T09:19:10 - [TEST_STEP][PASSED] - i = b.indexOf("О «"): null

08-11-2024T09:19:10 - [TEST_STEP][PASSED] - if (i > -1): null

08-11-2024T09:19:10 - [TEST_STEP][PASSED] - i = b.indexOf("г. "): null

08-11-2024T09:19:10 - [TEST_STEP][PASSED] - if (i > -1): null

08-11-2024T09:19:10 - [TEST_STEP][PASSED] - println(b): null

08-11-2024T09:19:10 - [TEST_STEP][PASSED] - for ([planFact = 1, planFact < 3, (planFact++)]): Object: 'Object Repository/Выполнение бизнес-плана/Кнопка Факт' is clicked on

08-11-2024T09:19:10 - [TEST_STEP][PASSED] - if (planFact == 1): null

08-11-2024T09:19:10 - [TEST_STEP][PASSED] - typeOfDataMain = "Факт": null

08-11-2024T09:19:10 - [TEST_STEP][PASSED] - otpusk = findTestData("PlanFact").getValue(5, a): null

08-11-2024T09:19:10 - [TEST_STEP][PASSED] - poteri = findTestData("PlanFact").getValue(6, a): null

08-11-2024T09:19:10 - [TEST_STEP][PASSED] - otpusk = otpusk.replaceAll("\s+", ""): null

08-11-2024T09:19:10 - [TEST_STEP][PASSED] - poteri = poteri.replaceAll("\s+", ""): null

08-11-2024T09:19:10 - [TEST_STEP][PASSED] - typeOfData = typeOfDataMain + " Отпуск в сеть": null

08-11-2024T09:19:10 - [TEST_STEP][PASSED] - if (a == 82): null

08-11-2024T09:19:10 - [TEST_STEP][PASSED] - else if (a == 84): null

08-11-2024T09:19:10 - [TEST_STEP][PASSED] - else if (a == 52 || a == 72 || a == 28 || a == 73 || a == 77 || a == 74 || a == 65 || a == 36 || a == 44 || a == 53 || a == 80 || a == 54 || a == 1 || a == 18 || a == 59 || a == 81): null

08-11-2024T09:19:10 - [TEST_STEP][PASSED] - else: null

08-11-2024T09:19:10 - [TEST_STEP][PASSED] - path = dataFolder + typeOfData + " за отчётный период " + b: null

08-11-2024T09:19:10 - [TEST_STEP][PASSED] - println(path): null

08-11-2024T09:19:10 - [TEST_STEP][PASSED] - page = getText(findTestObject(path)): Text of object 'Object Repository/Выполнение бизнес-плана/Значения со страницы Выполнение бизнес-плана/Факт Отпуск в сеть за отчётный период Белгородэнерго' is: '5 170 937'

08-11-2024T09:19:40 - [MESSAGE][PASSED] - Text of object 'Object Repository/Выполнение бизнес-плана/Значения со страницы Выполнение бизнес-плана/Факт Отпуск в сеть за отчётный период Белгородэнерго' is: '5 170 937'

08-11-2024T09:19:40 - [TEST_STEP][PASSED] - page = page.replaceAll("\s+", ""): null

08-11-2024T09:19:40 - [TEST_STEP][PASSED] - fileOtpuskVSet = otpusk.toInteger(): null

08-11-2024T09:19:40 - [TEST_STEP][PASSED] - pageOtpuskVSet = page.toInteger(): null

08-11-2024T09:19:40 - [TEST_STEP][PASSED] - typeOfData = typeOfDataMain + " Потери": null

08-11-2024T09:19:40 - [TEST_STEP][PASSED] - if (a == 82): null

08-11-2024T09:19:40 - [TEST_STEP][PASSED] - else if (a == 84): null

08-11-2024T09:19:40 - [TEST_STEP][PASSED] - else if (a == 52 || a == 72 || a == 28 || a == 73 || a == 77 || a == 74 || a == 65 || a == 36 || a == 44 || a == 53 || a == 80 || a == 54 || a == 1 || a == 18 || a == 59 || a == 81): null

08-11-2024T09:19:40 - [TEST_STEP][PASSED] - else: null

08-11-2024T09:19:40 - [TEST_STEP][PASSED] - path = dataFolder + typeOfData + " за отчётный период " + b: null

08-11-2024T09:19:40 - [TEST_STEP][PASSED] - page = getText(findTestObject(path)): Text of object 'Object Repository/Выполнение бизнес-плана/Значения со страницы Выполнение бизнес-плана/Факт Потери за отчётный период Белгородэнерго' is: '485 649'

08-11-2024T09:20:10 - [MESSAGE][PASSED] - Text of object 'Object Repository/Выполнение бизнес-плана/Значения со страницы Выполнение бизнес-плана/Факт Потери за отчётный период Белгородэнерго' is: '485 649'

08-11-2024T09:20:10 - [TEST_STEP][PASSED] - page = page.replaceAll("\s+", ""): null

08-11-2024T09:20:10 - [TEST_STEP][PASSED] - filePoteri = poteri.toInteger(): null

08-11-2024T09:20:10 - [TEST_STEP][PASSED] - pagePoteri = page.toInteger(): null

08-11-2024T09:20:10 - [TEST_STEP][PASSED] - compare = pageOtpuskVSet: null

08-11-2024T09:20:10 - [TEST_STEP][PASSED] - if (compare == fileOtpuskVSet): null

08-11-2024T09:20:10 - [TEST_STEP][PASSED] - if (compare == fileOtpuskVSet): null

08-11-2024T09:20:10 - [TEST_STEP][PASSED] - compare = pagePoteri: null

08-11-2024T09:20:10 - [TEST_STEP][PASSED] - if (compare == filePoteri): null

08-11-2024T09:20:10 - [TEST_STEP][PASSED] - if (compare == filePoteri): null

08-11-2024T09:20:10 - [TEST_STEP][PASSED] - if (planFact == 2): null

08-11-2024T09:20:10 - [TEST_STEP][PASSED] - if (planFact == 1): null

08-11-2024T09:20:10 - [TEST_STEP][PASSED] - else if (planFact == 2): null

08-11-2024T09:20:10 - [TEST_STEP][PASSED] - click(findTestObject("Выполнение бизнес-плана/Кнопка План")): Object: 'Object Repository/Выполнение бизнес-плана/Кнопка План' is clicked on

08-11-2024T09:20:40 - [MESSAGE][PASSED] - Object: 'Object Repository/Выполнение бизнес-плана/Кнопка План' is clicked on

08-11-2024T09:20:40 - [TEST_STEP][PASSED] - typeOfDataMain = "План": null

08-11-2024T09:20:40 - [TEST_STEP][PASSED] - otpusk = findTestData("PlanFact").getValue(2, a): null

08-11-2024T09:20:40 - [TEST_STEP][PASSED] - poteri = findTestData("PlanFact").getValue(3, a): null

08-11-2024T09:20:40 - [TEST_STEP][PASSED] - otpusk = otpusk.replaceAll("\s+", ""): null

08-11-2024T09:20:40 - [TEST_STEP][PASSED] - poteri = poteri.replaceAll("\s+", ""): null

08-11-2024T09:20:40 - [TEST_STEP][PASSED] - typeOfData = typeOfDataMain + " Отпуск в сеть": null

08-11-2024T09:20:40 - [TEST_STEP][PASSED] - if (a == 82): null

08-11-2024T09:20:40 - [TEST_STEP][PASSED] - else if (a == 84): null

08-11-2024T09:20:40 - [TEST_STEP][PASSED] - else if (a == 52 || a == 72 || a == 28 || a == 73 || a == 77 || a == 74 || a == 65 || a == 36 || a == 44 || a == 53 || a == 80 || a == 54 || a == 1 || a == 18 || a == 59 || a == 81): null

08-11-2024T09:20:40 - [TEST_STEP][PASSED] - else: null

08-11-2024T09:20:40 - [TEST_STEP][PASSED] - path = dataFolder + typeOfData + " за отчётный период " + b: null

08-11-2024T09:20:40 - [TEST_STEP][PASSED] - println(path): null

08-11-2024T09:20:40 - [TEST_STEP][PASSED] - page = getText(findTestObject(path)): Text of object 'Object Repository/Выполнение бизнес-плана/Значения со страницы Выполнение бизнес-плана/План Отпуск в сеть за отчётный период Белгородэнерго' is: '5 036 799'

08-11-2024T09:21:11 - [MESSAGE][PASSED] - Text of object 'Object Repository/Выполнение бизнес-плана/Значения со страницы Выполнение бизнес-плана/План Отпуск в сеть за отчётный период Белгородэнерго' is: '5 036 799'

08-11-2024T09:21:11 - [TEST_STEP][PASSED] - page = page.replaceAll("\s+", ""): null

08-11-2024T09:21:11 - [TEST_STEP][PASSED] - fileOtpuskVSet = otpusk.toInteger(): null

08-11-2024T09:21:11 - [TEST_STEP][PASSED] - pageOtpuskVSet = page.toInteger(): null

08-11-2024T09:21:11 - [TEST_STEP][PASSED] - typeOfData = typeOfDataMain + " Потери": null

08-11-2024T09:21:11 - [TEST_STEP][PASSED] - if (a == 82): null

08-11-2024T09:21:11 - [TEST_STEP][PASSED] - else if (a == 84): null

08-11-2024T09:21:11 - [TEST_STEP][PASSED] - else if (a == 52 || a == 72 || a == 28 || a == 73 || a == 77 || a == 74 || a == 65 || a == 36 || a == 44 || a == 53 || a == 80 || a == 54 || a == 1 || a == 18 || a == 59 || a == 81): null

08-11-2024T09:21:11 - [TEST_STEP][PASSED] - else: null

08-11-2024T09:21:11 - [TEST_STEP][PASSED] - path = dataFolder + typeOfData + " за отчётный период " + b: null

08-11-2024T09:21:11 - [TEST_STEP][PASSED] - page = getText(findTestObject(path)): Text of object 'Object Repository/Выполнение бизнес-плана/Значения со страницы Выполнение бизнес-плана/План Потери за отчётный период Белгородэнерго' is: '488 869'

08-11-2024T09:21:41 - [MESSAGE][PASSED] - Text of object 'Object Repository/Выполнение бизнес-плана/Значения со страницы Выполнение бизнес-плана/План Потери за отчётный период Белгородэнерго' is: '488 869'

08-11-2024T09:21:41 - [TEST_STEP][PASSED] - page = page.replaceAll("\s+", ""): null

08-11-2024T09:21:41 - [TEST_STEP][PASSED] - filePoteri = poteri.toInteger(): null

08-11-2024T09:21:41 - [TEST_STEP][PASSED] - pagePoteri = page.toInteger(): null

08-11-2024T09:21:41 - [TEST_STEP][PASSED] - compare = pageOtpuskVSet: null

08-11-2024T09:21:41 - [TEST_STEP][PASSED] - if (compare == fileOtpuskVSet): null

08-11-2024T09:21:41 - [TEST_STEP][PASSED] - if (compare == fileOtpuskVSet): null

08-11-2024T09:21:41 - [TEST_STEP][PASSED] - compare = pagePoteri: null

08-11-2024T09:21:41 - [TEST_STEP][PASSED] - if (compare == filePoteri): null

08-11-2024T09:21:41 - [TEST_STEP][PASSED] - if (compare == filePoteri): null

08-11-2024T09:21:41 - [TEST_STEP][PASSED] - if (planFact == 2): Object: 'Object Repository/Выполнение бизнес-плана/Кнопка Факт' is clicked on

08-11-2024T09:21:41 - [TEST_STEP][PASSED] - click(findTestObject("Выполнение бизнес-плана/Кнопка Факт")): Object: 'Object Repository/Выполнение бизнес-плана/Кнопка Факт' is clicked on

08-11-2024T09:22:11 - [MESSAGE][PASSED] - Object: 'Object Repository/Выполнение бизнес-плана/Кнопка Факт' is clicked on

08-11-2024T09:22:11 - [TEST_STEP][PASSED] - if (a == 84 || a == 82): null

08-11-2024T09:22:11 - [TEST_STEP][PASSED] - else if (a == 52 || a == 72 || a == 28 || a == 73 || a == 77 || a == 74 || a == 65 || a == 36 || a == 44 || a == 53 || a == 80 || a == 54 || a == 1 || a == 18 || a == 59 || a == 81): null

08-11-2024T09:22:11 - [TEST_STEP][PASSED] - else: null

08-11-2024T09:22:11 - [TEST_STEP][PASSED] - page1 = getText(findTestObject("Object Repository/Выполнение бизнес-плана/spanPlan" + filialNum)): Text of object 'Object Repository/Выполнение бизнес-плана/spanPlan4' is: '9.71
|'

08-11-2024T09:22:41 - [MESSAGE][PASSED] - Text of object 'Object Repository/Выполнение бизнес-плана/spanPlan4' is: '9.71
|'

08-11-2024T09:22:41 - [TEST_STEP][PASSED] - page1 = page1.replace("|", ""): null

08-11-2024T09:22:41 - [TEST_STEP][PASSED] - page2 = getText(findTestObject("Object Repository/Выполнение бизнес-плана/spanFact" + filialNum)): Text of object 'Object Repository/Выполнение бизнес-плана/spanFact4' is: '9.39
|'

08-11-2024T09:23:11 - [MESSAGE][PASSED] - Text of object 'Object Repository/Выполнение бизнес-плана/spanFact4' is: '9.39
|'

08-11-2024T09:23:11 - [TEST_STEP][PASSED] - page2 = page2.replace("|", ""): null

08-11-2024T09:23:11 - [TEST_STEP][PASSED] - println("page1: " + page1): null

08-11-2024T09:23:11 - [TEST_STEP][PASSED] - println("page2: " + page2): null

08-11-2024T09:23:11 - [TEST_STEP][PASSED] - file = findTestData("PlanFact").getValue(4, a): null

08-11-2024T09:23:11 - [TEST_STEP][PASSED] - file = file.replace(",", "."): null

08-11-2024T09:23:11 - [TEST_STEP][PASSED] - println("file Plan: " + file): null

08-11-2024T09:23:11 - [TEST_STEP][PASSED] - typeOfData = "План в процентах": null

08-11-2024T09:23:11 - [TEST_STEP][PASSED] - fileDouble = file.toDouble(): null

08-11-2024T09:23:11 - [TEST_STEP][PASSED] - pageDouble = page1.toDouble(): null

08-11-2024T09:23:11 - [TEST_STEP][PASSED] - if (fileDouble != pageDouble): null

08-11-2024T09:23:11 - [TEST_STEP][PASSED] - file = findTestData("PlanFact").getValue(7, a): null

08-11-2024T09:23:11 - [TEST_STEP][PASSED] - file = file.replace(",", "."): null

08-11-2024T09:23:11 - [TEST_STEP][PASSED] - println("file Fact: " + file): null

08-11-2024T09:23:11 - [TEST_STEP][PASSED] - fileDouble = file.toDouble(): null

08-11-2024T09:23:11 - [TEST_STEP][PASSED] - typeOfData = "Факт в процентах": null

08-11-2024T09:23:11 - [TEST_STEP][PASSED] - fileDouble = file.toDouble(): null

08-11-2024T09:23:11 - [TEST_STEP][PASSED] - pageDouble = page2.toDouble(): null

08-11-2024T09:23:11 - [TEST_STEP][PASSED] - if (fileDouble != pageDouble): null

08-11-2024T09:23:11 - [TEST_STEP][PASSED] - if (verifyEqual(numberOfErrors, 0) == false): Actual object '0' and expected object '0' are equal

08-11-2024T09:23:11 - [MESSAGE][PASSED] - Actual object '0' and expected object '0' are equal

08-11-2024T09:23:11 - [TEST_STEP][PASSED] - if (a == 82): null

08-11-2024T09:23:11 - [TEST_STEP][PASSED] - dZO = "Брянскэнерго": null

08-11-2024T09:23:11 - [TEST_STEP][PASSED] - a = 3: null

08-11-2024T09:23:11 - [TEST_STEP][PASSED] - if (x2.contains(dZO)): null

08-11-2024T09:23:11 - [TEST_STEP][PASSED] - filialNum = filialNum + 1: null

08-11-2024T09:23:11 - [TEST_STEP][PASSED] - Script1718980020443.Numbers(a, typeOfData, todaysDate, pageInt, fileInt, pageDouble, fileDouble, dZO, dzoNum, filialNum): null

08-11-2024T09:23:11 - [TEST_STEP][PASSED] - println(dzoNum): null

08-11-2024T09:23:11 - [TEST_STEP][PASSED] - planFact = <not implemented yet for class: org.codehaus.groovy.ast.expr.EmptyExpression>: null

08-11-2024T09:23:11 - [TEST_STEP][PASSED] - page = <not implemented yet for class: org.codehaus.groovy.ast.expr.EmptyExpression>: null

08-11-2024T09:23:11 - [TEST_STEP][PASSED] - page1 = <not implemented yet for class: org.codehaus.groovy.ast.expr.EmptyExpression>: null

08-11-2024T09:23:11 - [TEST_STEP][PASSED] - page2 = <not implemented yet for class: org.codehaus.groovy.ast.expr.EmptyExpression>: null

08-11-2024T09:23:11 - [TEST_STEP][PASSED] - filialNumberInRow = <not implemented yet for class: org.codehaus.groovy.ast.expr.EmptyExpression>: null

08-11-2024T09:23:11 - [TEST_STEP][PASSED] - filialsDzoNames = <not implemented yet for class: org.codehaus.groovy.ast.expr.EmptyExpression>: null

08-11-2024T09:23:11 - [TEST_STEP][PASSED] - numberOfFilials = <not implemented yet for class: org.codehaus.groovy.ast.expr.EmptyExpression>: null

08-11-2024T09:23:11 - [TEST_STEP][PASSED] - numberOfSpaces = <not implemented yet for class: org.codehaus.groovy.ast.expr.EmptyExpression>: null

08-11-2024T09:23:11 - [TEST_STEP][PASSED] - file = <not implemented yet for class: org.codehaus.groovy.ast.expr.EmptyExpression>: null

08-11-2024T09:23:11 - [TEST_STEP][PASSED] - otpusk = <not implemented yet for class: org.codehaus.groovy.ast.expr.EmptyExpression>: null

08-11-2024T09:23:11 - [TEST_STEP][PASSED] - poteri = <not implemented yet for class: org.codehaus.groovy.ast.expr.EmptyExpression>: null

08-11-2024T09:23:11 - [TEST_STEP][PASSED] - dataFolder = "Выполнение бизнес-плана/Значения со страницы Выполнение бизнес-плана/": null

08-11-2024T09:23:11 - [TEST_STEP][PASSED] - path = <not implemented yet for class: org.codehaus.groovy.ast.expr.EmptyExpression>: null

08-11-2024T09:23:11 - [TEST_STEP][PASSED] - typeOfDataMain = <not implemented yet for class: org.codehaus.groovy.ast.expr.EmptyExpression>: null

08-11-2024T09:23:11 - [TEST_STEP][PASSED] - fileOtpuskVSet = <not implemented yet for class: org.codehaus.groovy.ast.expr.EmptyExpression>: null

08-11-2024T09:23:11 - [TEST_STEP][PASSED] - pageOtpuskVSet = <not implemented yet for class: org.codehaus.groovy.ast.expr.EmptyExpression>: null

08-11-2024T09:23:11 - [TEST_STEP][PASSED] - filePoteri = <not implemented yet for class: org.codehaus.groovy.ast.expr.EmptyExpression>: null

08-11-2024T09:23:11 - [TEST_STEP][PASSED] - pagePoteri = <not implemented yet for class: org.codehaus.groovy.ast.expr.EmptyExpression>: null

08-11-2024T09:23:11 - [TEST_STEP][PASSED] - compare = <not implemented yet for class: org.codehaus.groovy.ast.expr.EmptyExpression>: null

08-11-2024T09:23:11 - [TEST_STEP][PASSED] - b = <not implemented yet for class: org.codehaus.groovy.ast.expr.EmptyExpression>: null

08-11-2024T09:23:11 - [TEST_STEP][PASSED] - i = <not implemented yet for class: org.codehaus.groovy.ast.expr.EmptyExpression>: null

08-11-2024T09:23:11 - [TEST_STEP][PASSED] - ii = <not implemented yet for class: org.codehaus.groovy.ast.expr.EmptyExpression>: null

08-11-2024T09:23:11 - [TEST_STEP][PASSED] - c = <not implemented yet for class: org.codehaus.groovy.ast.expr.EmptyExpression>: null

08-11-2024T09:23:11 - [TEST_STEP][PASSED] - numberOfErrors = 0: null

08-11-2024T09:23:11 - [TEST_STEP][PASSED] - if (a == 82): null

08-11-2024T09:23:11 - [TEST_STEP][PASSED] - b = findTestData("PlanFact").getValue(1, a): null

08-11-2024T09:23:11 - [TEST_STEP][PASSED] - i = b.indexOf(" (ГК)"): null

08-11-2024T09:23:11 - [TEST_STEP][PASSED] - if (i > -1): null

08-11-2024T09:23:11 - [TEST_STEP][PASSED] - i = b.indexOf("О ""): null

08-11-2024T09:23:11 - [TEST_STEP][PASSED] - if (i > -1): null

08-11-2024T09:23:11 - [TEST_STEP][PASSED] - i = b.indexOf("О «"): null

08-11-2024T09:23:11 - [TEST_STEP][PASSED] - if (i > -1): null

08-11-2024T09:23:11 - [TEST_STEP][PASSED] - i = b.indexOf("г. "): null

08-11-2024T09:23:11 - [TEST_STEP][PASSED] - if (i > -1): null

08-11-2024T09:23:11 - [TEST_STEP][PASSED] - println(b): null

08-11-2024T09:23:11 - [TEST_STEP][PASSED] - for ([planFact = 1, planFact < 3, (planFact++)]): Object: 'Object Repository/Выполнение бизнес-плана/Кнопка Факт' is clicked on

08-11-2024T09:23:11 - [TEST_STEP][PASSED] - if (planFact == 1): null

08-11-2024T09:23:11 - [TEST_STEP][PASSED] - typeOfDataMain = "Факт": null

08-11-2024T09:23:11 - [TEST_STEP][PASSED] - otpusk = findTestData("PlanFact").getValue(5, a): null

08-11-2024T09:23:11 - [TEST_STEP][PASSED] - poteri = findTestData("PlanFact").getValue(6, a): null

08-11-2024T09:23:11 - [TEST_STEP][PASSED] - otpusk = otpusk.replaceAll("\s+", ""): null

08-11-2024T09:23:11 - [TEST_STEP][PASSED] - poteri = poteri.replaceAll("\s+", ""): null

08-11-2024T09:23:11 - [TEST_STEP][PASSED] - typeOfData = typeOfDataMain + " Отпуск в сеть": null

08-11-2024T09:23:11 - [TEST_STEP][PASSED] - if (a == 82): null

08-11-2024T09:23:11 - [TEST_STEP][PASSED] - else if (a == 84): null

08-11-2024T09:23:11 - [TEST_STEP][PASSED] - else if (a == 52 || a == 72 || a == 28 || a == 73 || a == 77 || a == 74 || a == 65 || a == 36 || a == 44 || a == 53 || a == 80 || a == 54 || a == 1 || a == 18 || a == 59 || a == 81): null

08-11-2024T09:23:11 - [TEST_STEP][PASSED] - else: null

08-11-2024T09:23:11 - [TEST_STEP][PASSED] - path = dataFolder + typeOfData + " за отчётный период " + b: null

08-11-2024T09:23:11 - [TEST_STEP][PASSED] - println(path): null

08-11-2024T09:23:11 - [TEST_STEP][PASSED] - page = getText(findTestObject(path)): Text of object 'Object Repository/Выполнение бизнес-плана/Значения со страницы Выполнение бизнес-плана/Факт Отпуск в сеть за отчётный период Брянскэнерго' is: '2 679 742'

08-11-2024T09:23:41 - [MESSAGE][PASSED] - Text of object 'Object Repository/Выполнение бизнес-плана/Значения со страницы Выполнение бизнес-плана/Факт Отпуск в сеть за отчётный период Брянскэнерго' is: '2 679 742'

08-11-2024T09:23:41 - [TEST_STEP][PASSED] - page = page.replaceAll("\s+", ""): null

08-11-2024T09:23:41 - [TEST_STEP][PASSED] - fileOtpuskVSet = otpusk.toInteger(): null

08-11-2024T09:23:41 - [TEST_STEP][PASSED] - pageOtpuskVSet = page.toInteger(): null

08-11-2024T09:23:41 - [TEST_STEP][PASSED] - typeOfData = typeOfDataMain + " Потери": null

08-11-2024T09:23:41 - [TEST_STEP][PASSED] - if (a == 82): null

08-11-2024T09:23:41 - [TEST_STEP][PASSED] - else if (a == 84): null

08-11-2024T09:23:41 - [TEST_STEP][PASSED] - else if (a == 52 || a == 72 || a == 28 || a == 73 || a == 77 || a == 74 || a == 65 || a == 36 || a == 44 || a == 53 || a == 80 || a == 54 || a == 1 || a == 18 || a == 59 || a == 81): null

08-11-2024T09:23:41 - [TEST_STEP][PASSED] - else: null

08-11-2024T09:23:41 - [TEST_STEP][PASSED] - path = dataFolder + typeOfData + " за отчётный период " + b: null

08-11-2024T09:23:41 - [TEST_STEP][PASSED] - page = getText(findTestObject(path)): Text of object 'Object Repository/Выполнение бизнес-плана/Значения со страницы Выполнение бизнес-плана/Факт Потери за отчётный период Брянскэнерго' is: '133 373'

08-11-2024T09:24:11 - [MESSAGE][PASSED] - Text of object 'Object Repository/Выполнение бизнес-плана/Значения со страницы Выполнение бизнес-плана/Факт Потери за отчётный период Брянскэнерго' is: '133 373'

08-11-2024T09:24:11 - [TEST_STEP][PASSED] - page = page.replaceAll("\s+", ""): null

08-11-2024T09:24:11 - [TEST_STEP][PASSED] - filePoteri = poteri.toInteger(): null

08-11-2024T09:24:11 - [TEST_STEP][PASSED] - pagePoteri = page.toInteger(): null

08-11-2024T09:24:11 - [TEST_STEP][PASSED] - compare = pageOtpuskVSet: null

08-11-2024T09:24:11 - [TEST_STEP][PASSED] - if (compare == fileOtpuskVSet): null

08-11-2024T09:24:11 - [TEST_STEP][PASSED] - if (compare == fileOtpuskVSet): null

08-11-2024T09:24:11 - [TEST_STEP][PASSED] - compare = pagePoteri: null

08-11-2024T09:24:11 - [TEST_STEP][PASSED] - if (compare == filePoteri): null

08-11-2024T09:24:11 - [TEST_STEP][PASSED] - if (compare == filePoteri): null

08-11-2024T09:24:11 - [TEST_STEP][PASSED] - if (planFact == 2): null

08-11-2024T09:24:11 - [TEST_STEP][PASSED] - if (planFact == 1): null

08-11-2024T09:24:11 - [TEST_STEP][PASSED] - else if (planFact == 2): null

08-11-2024T09:24:11 - [TEST_STEP][PASSED] - click(findTestObject("Выполнение бизнес-плана/Кнопка План")): Object: 'Object Repository/Выполнение бизнес-плана/Кнопка План' is clicked on

08-11-2024T09:24:42 - [MESSAGE][PASSED] - Object: 'Object Repository/Выполнение бизнес-плана/Кнопка План' is clicked on

08-11-2024T09:24:42 - [TEST_STEP][PASSED] - typeOfDataMain = "План": null

08-11-2024T09:24:42 - [TEST_STEP][PASSED] - otpusk = findTestData("PlanFact").getValue(2, a): null

08-11-2024T09:24:42 - [TEST_STEP][PASSED] - poteri = findTestData("PlanFact").getValue(3, a): null

08-11-2024T09:24:42 - [TEST_STEP][PASSED] - otpusk = otpusk.replaceAll("\s+", ""): null

08-11-2024T09:24:42 - [TEST_STEP][PASSED] - poteri = poteri.replaceAll("\s+", ""): null

08-11-2024T09:24:42 - [TEST_STEP][PASSED] - typeOfData = typeOfDataMain + " Отпуск в сеть": null

08-11-2024T09:24:42 - [TEST_STEP][PASSED] - if (a == 82): null

08-11-2024T09:24:42 - [TEST_STEP][PASSED] - else if (a == 84): null

08-11-2024T09:24:42 - [TEST_STEP][PASSED] - else if (a == 52 || a == 72 || a == 28 || a == 73 || a == 77 || a == 74 || a == 65 || a == 36 || a == 44 || a == 53 || a == 80 || a == 54 || a == 1 || a == 18 || a == 59 || a == 81): null

08-11-2024T09:24:42 - [TEST_STEP][PASSED] - else: null

08-11-2024T09:24:42 - [TEST_STEP][PASSED] - path = dataFolder + typeOfData + " за отчётный период " + b: null

08-11-2024T09:24:42 - [TEST_STEP][PASSED] - println(path): null

08-11-2024T09:24:42 - [TEST_STEP][PASSED] - page = getText(findTestObject(path)): Text of object 'Object Repository/Выполнение бизнес-плана/Значения со страницы Выполнение бизнес-плана/План Отпуск в сеть за отчётный период Брянскэнерго' is: '2 648 295'

08-11-2024T09:25:12 - [MESSAGE][PASSED] - Text of object 'Object Repository/Выполнение бизнес-плана/Значения со страницы Выполнение бизнес-плана/План Отпуск в сеть за отчётный период Брянскэнерго' is: '2 648 295'

08-11-2024T09:25:12 - [TEST_STEP][PASSED] - page = page.replaceAll("\s+", ""): null

08-11-2024T09:25:12 - [TEST_STEP][PASSED] - fileOtpuskVSet = otpusk.toInteger(): null

08-11-2024T09:25:12 - [TEST_STEP][PASSED] - pageOtpuskVSet = page.toInteger(): null

08-11-2024T09:25:12 - [TEST_STEP][PASSED] - typeOfData = typeOfDataMain + " Потери": null

08-11-2024T09:25:12 - [TEST_STEP][PASSED] - if (a == 82): null

08-11-2024T09:25:12 - [TEST_STEP][PASSED] - else if (a == 84): null

08-11-2024T09:25:12 - [TEST_STEP][PASSED] - else if (a == 52 || a == 72 || a == 28 || a == 73 || a == 77 || a == 74 || a == 65 || a == 36 || a == 44 || a == 53 || a == 80 || a == 54 || a == 1 || a == 18 || a == 59 || a == 81): null

08-11-2024T09:25:12 - [TEST_STEP][PASSED] - else: null

08-11-2024T09:25:12 - [TEST_STEP][PASSED] - path = dataFolder + typeOfData + " за отчётный период " + b: null

08-11-2024T09:25:12 - [TEST_STEP][PASSED] - page = getText(findTestObject(path)): Text of object 'Object Repository/Выполнение бизнес-плана/Значения со страницы Выполнение бизнес-плана/План Потери за отчётный период Брянскэнерго' is: '136 726'

08-11-2024T09:25:42 - [MESSAGE][PASSED] - Text of object 'Object Repository/Выполнение бизнес-плана/Значения со страницы Выполнение бизнес-плана/План Потери за отчётный период Брянскэнерго' is: '136 726'

08-11-2024T09:25:42 - [TEST_STEP][PASSED] - page = page.replaceAll("\s+", ""): null

08-11-2024T09:25:42 - [TEST_STEP][PASSED] - filePoteri = poteri.toInteger(): null

08-11-2024T09:25:42 - [TEST_STEP][PASSED] - pagePoteri = page.toInteger(): null

08-11-2024T09:25:42 - [TEST_STEP][PASSED] - compare = pageOtpuskVSet: null

08-11-2024T09:25:42 - [TEST_STEP][PASSED] - if (compare == fileOtpuskVSet): null

08-11-2024T09:25:42 - [TEST_STEP][PASSED] - else if (compare > fileOtpuskVSet): null

08-11-2024T09:25:42 - [TEST_STEP][PASSED] - compare = compare - 1: null

08-11-2024T09:25:42 - [TEST_STEP][PASSED] - if (compare == fileOtpuskVSet): null

08-11-2024T09:25:42 - [TEST_STEP][PASSED] - compare = pagePoteri: null

08-11-2024T09:25:42 - [TEST_STEP][PASSED] - if (compare == filePoteri): null

08-11-2024T09:25:42 - [TEST_STEP][PASSED] - if (compare == filePoteri): null

08-11-2024T09:25:42 - [TEST_STEP][PASSED] - if (planFact == 2): Object: 'Object Repository/Выполнение бизнес-плана/Кнопка Факт' is clicked on

08-11-2024T09:25:42 - [TEST_STEP][PASSED] - click(findTestObject("Выполнение бизнес-плана/Кнопка Факт")): Object: 'Object Repository/Выполнение бизнес-плана/Кнопка Факт' is clicked on

08-11-2024T09:26:12 - [MESSAGE][PASSED] - Object: 'Object Repository/Выполнение бизнес-плана/Кнопка Факт' is clicked on

08-11-2024T09:26:12 - [TEST_STEP][PASSED] - if (a == 84 || a == 82): null

08-11-2024T09:26:12 - [TEST_STEP][PASSED] - else if (a == 52 || a == 72 || a == 28 || a == 73 || a == 77 || a == 74 || a == 65 || a == 36 || a == 44 || a == 53 || a == 80 || a == 54 || a == 1 || a == 18 || a == 59 || a == 81): null

08-11-2024T09:26:12 - [TEST_STEP][PASSED] - else: null

08-11-2024T09:26:12 - [TEST_STEP][PASSED] - page1 = getText(findTestObject("Object Repository/Выполнение бизнес-плана/spanPlan" + filialNum)): Text of object 'Object Repository/Выполнение бизнес-плана/spanPlan5' is: '5.16
|'

08-11-2024T09:26:42 - [MESSAGE][PASSED] - Text of object 'Object Repository/Выполнение бизнес-плана/spanPlan5' is: '5.16
|'

08-11-2024T09:26:42 - [TEST_STEP][PASSED] - page1 = page1.replace("|", ""): null

08-11-2024T09:26:42 - [TEST_STEP][PASSED] - page2 = getText(findTestObject("Object Repository/Выполнение бизнес-плана/spanFact" + filialNum)): Text of object 'Object Repository/Выполнение бизнес-плана/spanFact5' is: '4.98
|'

08-11-2024T09:27:12 - [MESSAGE][PASSED] - Text of object 'Object Repository/Выполнение бизнес-плана/spanFact5' is: '4.98
|'

08-11-2024T09:27:12 - [TEST_STEP][PASSED] - page2 = page2.replace("|", ""): null

08-11-2024T09:27:12 - [TEST_STEP][PASSED] - println("page1: " + page1): null

08-11-2024T09:27:12 - [TEST_STEP][PASSED] - println("page2: " + page2): null

08-11-2024T09:27:12 - [TEST_STEP][PASSED] - file = findTestData("PlanFact").getValue(4, a): null

08-11-2024T09:27:12 - [TEST_STEP][PASSED] - file = file.replace(",", "."): null

08-11-2024T09:27:12 - [TEST_STEP][PASSED] - println("file Plan: " + file): null

08-11-2024T09:27:12 - [TEST_STEP][PASSED] - typeOfData = "План в процентах": null

08-11-2024T09:27:12 - [TEST_STEP][PASSED] - fileDouble = file.toDouble(): null

08-11-2024T09:27:12 - [TEST_STEP][PASSED] - pageDouble = page1.toDouble(): null

08-11-2024T09:27:12 - [TEST_STEP][PASSED] - if (fileDouble != pageDouble): null

08-11-2024T09:27:12 - [TEST_STEP][PASSED] - file = findTestData("PlanFact").getValue(7, a): null

08-11-2024T09:27:12 - [TEST_STEP][PASSED] - file = file.replace(",", "."): null

08-11-2024T09:27:12 - [TEST_STEP][PASSED] - println("file Fact: " + file): null

08-11-2024T09:27:12 - [TEST_STEP][PASSED] - fileDouble = file.toDouble(): null

08-11-2024T09:27:12 - [TEST_STEP][PASSED] - typeOfData = "Факт в процентах": null

08-11-2024T09:27:12 - [TEST_STEP][PASSED] - fileDouble = file.toDouble(): null

08-11-2024T09:27:12 - [TEST_STEP][PASSED] - pageDouble = page2.toDouble(): null

08-11-2024T09:27:12 - [TEST_STEP][PASSED] - if (fileDouble != pageDouble): null

08-11-2024T09:27:12 - [TEST_STEP][PASSED] - if (verifyEqual(numberOfErrors, 0) == false): Actual object '0' and expected object '0' are equal

08-11-2024T09:27:12 - [MESSAGE][PASSED] - Actual object '0' and expected object '0' are equal

08-11-2024T09:27:12 - [TEST_STEP][PASSED] - if (a == 82): null

08-11-2024T09:27:12 - [TEST_STEP][PASSED] - dZO = "Воронежэнерго": null

08-11-2024T09:27:12 - [TEST_STEP][PASSED] - a = 4: null

08-11-2024T09:27:12 - [TEST_STEP][PASSED] - if (x2.contains(dZO)): null

08-11-2024T09:27:12 - [TEST_STEP][PASSED] - filialNum = filialNum + 1: null

08-11-2024T09:27:12 - [TEST_STEP][PASSED] - Script1718980020443.Numbers(a, typeOfData, todaysDate, pageInt, fileInt, pageDouble, fileDouble, dZO, dzoNum, filialNum): null

08-11-2024T09:27:12 - [TEST_STEP][PASSED] - println(dzoNum): null

08-11-2024T09:27:12 - [TEST_STEP][PASSED] - planFact = <not implemented yet for class: org.codehaus.groovy.ast.expr.EmptyExpression>: null

08-11-2024T09:27:12 - [TEST_STEP][PASSED] - page = <not implemented yet for class: org.codehaus.groovy.ast.expr.EmptyExpression>: null

08-11-2024T09:27:12 - [TEST_STEP][PASSED] - page1 = <not implemented yet for class: org.codehaus.groovy.ast.expr.EmptyExpression>: null

08-11-2024T09:27:12 - [TEST_STEP][PASSED] - page2 = <not implemented yet for class: org.codehaus.groovy.ast.expr.EmptyExpression>: null

08-11-2024T09:27:12 - [TEST_STEP][PASSED] - filialNumberInRow = <not implemented yet for class: org.codehaus.groovy.ast.expr.EmptyExpression>: null

08-11-2024T09:27:12 - [TEST_STEP][PASSED] - filialsDzoNames = <not implemented yet for class: org.codehaus.groovy.ast.expr.EmptyExpression>: null

08-11-2024T09:27:12 - [TEST_STEP][PASSED] - numberOfFilials = <not implemented yet for class: org.codehaus.groovy.ast.expr.EmptyExpression>: null

08-11-2024T09:27:12 - [TEST_STEP][PASSED] - numberOfSpaces = <not implemented yet for class: org.codehaus.groovy.ast.expr.EmptyExpression>: null

08-11-2024T09:27:12 - [TEST_STEP][PASSED] - file = <not implemented yet for class: org.codehaus.groovy.ast.expr.EmptyExpression>: null

08-11-2024T09:27:12 - [TEST_STEP][PASSED] - otpusk = <not implemented yet for class: org.codehaus.groovy.ast.expr.EmptyExpression>: null

08-11-2024T09:27:12 - [TEST_STEP][PASSED] - poteri = <not implemented yet for class: org.codehaus.groovy.ast.expr.EmptyExpression>: null

08-11-2024T09:27:12 - [TEST_STEP][PASSED] - dataFolder = "Выполнение бизнес-плана/Значения со страницы Выполнение бизнес-плана/": null

08-11-2024T09:27:12 - [TEST_STEP][PASSED] - path = <not implemented yet for class: org.codehaus.groovy.ast.expr.EmptyExpression>: null

08-11-2024T09:27:12 - [TEST_STEP][PASSED] - typeOfDataMain = <not implemented yet for class: org.codehaus.groovy.ast.expr.EmptyExpression>: null

08-11-2024T09:27:12 - [TEST_STEP][PASSED] - fileOtpuskVSet = <not implemented yet for class: org.codehaus.groovy.ast.expr.EmptyExpression>: null

08-11-2024T09:27:12 - [TEST_STEP][PASSED] - pageOtpuskVSet = <not implemented yet for class: org.codehaus.groovy.ast.expr.EmptyExpression>: null

08-11-2024T09:27:12 - [TEST_STEP][PASSED] - filePoteri = <not implemented yet for class: org.codehaus.groovy.ast.expr.EmptyExpression>: null

08-11-2024T09:27:12 - [TEST_STEP][PASSED] - pagePoteri = <not implemented yet for class: org.codehaus.groovy.ast.expr.EmptyExpression>: null

08-11-2024T09:27:12 - [TEST_STEP][PASSED] - compare = <not implemented yet for class: org.codehaus.groovy.ast.expr.EmptyExpression>: null

08-11-2024T09:27:12 - [TEST_STEP][PASSED] - b = <not implemented yet for class: org.codehaus.groovy.ast.expr.EmptyExpression>: null

08-11-2024T09:27:12 - [TEST_STEP][PASSED] - i = <not implemented yet for class: org.codehaus.groovy.ast.expr.EmptyExpression>: null

08-11-2024T09:27:12 - [TEST_STEP][PASSED] - ii = <not implemented yet for class: org.codehaus.groovy.ast.expr.EmptyExpression>: null

08-11-2024T09:27:12 - [TEST_STEP][PASSED] - c = <not implemented yet for class: org.codehaus.groovy.ast.expr.EmptyExpression>: null

08-11-2024T09:27:12 - [TEST_STEP][PASSED] - numberOfErrors = 0: null

08-11-2024T09:27:12 - [TEST_STEP][PASSED] - if (a == 82): null

08-11-2024T09:27:12 - [TEST_STEP][PASSED] - b = findTestData("PlanFact").getValue(1, a): null

08-11-2024T09:27:12 - [TEST_STEP][PASSED] - i = b.indexOf(" (ГК)"): null

08-11-2024T09:27:12 - [TEST_STEP][PASSED] - if (i > -1): null

08-11-2024T09:27:12 - [TEST_STEP][PASSED] - i = b.indexOf("О ""): null

08-11-2024T09:27:12 - [TEST_STEP][PASSED] - if (i > -1): null

08-11-2024T09:27:12 - [TEST_STEP][PASSED] - i = b.indexOf("О «"): null

08-11-2024T09:27:12 - [TEST_STEP][PASSED] - if (i > -1): null

08-11-2024T09:27:12 - [TEST_STEP][PASSED] - i = b.indexOf("г. "): null

08-11-2024T09:27:12 - [TEST_STEP][PASSED] - if (i > -1): null

08-11-2024T09:27:12 - [TEST_STEP][PASSED] - println(b): null

08-11-2024T09:27:12 - [TEST_STEP][PASSED] - for ([planFact = 1, planFact < 3, (planFact++)]): Object: 'Object Repository/Выполнение бизнес-плана/Кнопка Факт' is clicked on

08-11-2024T09:27:12 - [TEST_STEP][PASSED] - if (planFact == 1): null

08-11-2024T09:27:12 - [TEST_STEP][PASSED] - typeOfDataMain = "Факт": null

08-11-2024T09:27:12 - [TEST_STEP][PASSED] - otpusk = findTestData("PlanFact").getValue(5, a): null

08-11-2024T09:27:12 - [TEST_STEP][PASSED] - poteri = findTestData("PlanFact").getValue(6, a): null

08-11-2024T09:27:12 - [TEST_STEP][PASSED] - otpusk = otpusk.replaceAll("\s+", ""): null

08-11-2024T09:27:12 - [TEST_STEP][PASSED] - poteri = poteri.replaceAll("\s+", ""): null

08-11-2024T09:27:12 - [TEST_STEP][PASSED] - typeOfData = typeOfDataMain + " Отпуск в сеть": null

08-11-2024T09:27:12 - [TEST_STEP][PASSED] - if (a == 82): null

08-11-2024T09:27:12 - [TEST_STEP][PASSED] - else if (a == 84): null

08-11-2024T09:27:12 - [TEST_STEP][PASSED] - else if (a == 52 || a == 72 || a == 28 || a == 73 || a == 77 || a == 74 || a == 65 || a == 36 || a == 44 || a == 53 || a == 80 || a == 54 || a == 1 || a == 18 || a == 59 || a == 81): null

08-11-2024T09:27:12 - [TEST_STEP][PASSED] - else: null

08-11-2024T09:27:12 - [TEST_STEP][PASSED] - path = dataFolder + typeOfData + " за отчётный период " + b: null

08-11-2024T09:27:12 - [TEST_STEP][PASSED] - println(path): null

08-11-2024T09:27:12 - [TEST_STEP][PASSED] - page = getText(findTestObject(path)): Text of object 'Object Repository/Выполнение бизнес-плана/Значения со страницы Выполнение бизнес-плана/Факт Отпуск в сеть за отчётный период Воронежэнерго' is: '7 471 092'

08-11-2024T09:27:42 - [MESSAGE][PASSED] - Text of object 'Object Repository/Выполнение бизнес-плана/Значения со страницы Выполнение бизнес-плана/Факт Отпуск в сеть за отчётный период Воронежэнерго' is: '7 471 092'

08-11-2024T09:27:42 - [TEST_STEP][PASSED] - page = page.replaceAll("\s+", ""): null

08-11-2024T09:27:42 - [TEST_STEP][PASSED] - fileOtpuskVSet = otpusk.toInteger(): null

08-11-2024T09:27:42 - [TEST_STEP][PASSED] - pageOtpuskVSet = page.toInteger(): null

08-11-2024T09:27:43 - [TEST_STEP][PASSED] - typeOfData = typeOfDataMain + " Потери": null

08-11-2024T09:27:43 - [TEST_STEP][PASSED] - if (a == 82): null

08-11-2024T09:27:43 - [TEST_STEP][PASSED] - else if (a == 84): null

08-11-2024T09:27:43 - [TEST_STEP][PASSED] - else if (a == 52 || a == 72 || a == 28 || a == 73 || a == 77 || a == 74 || a == 65 || a == 36 || a == 44 || a == 53 || a == 80 || a == 54 || a == 1 || a == 18 || a == 59 || a == 81): null

08-11-2024T09:27:43 - [TEST_STEP][PASSED] - else: null

08-11-2024T09:27:43 - [TEST_STEP][PASSED] - path = dataFolder + typeOfData + " за отчётный период " + b: null

08-11-2024T09:27:43 - [TEST_STEP][PASSED] - page = getText(findTestObject(path)): Text of object 'Object Repository/Выполнение бизнес-плана/Значения со страницы Выполнение бизнес-плана/Факт Потери за отчётный период Воронежэнерго' is: '540 279'

08-11-2024T09:28:13 - [MESSAGE][PASSED] - Text of object 'Object Repository/Выполнение бизнес-плана/Значения со страницы Выполнение бизнес-плана/Факт Потери за отчётный период Воронежэнерго' is: '540 279'

08-11-2024T09:28:13 - [TEST_STEP][PASSED] - page = page.replaceAll("\s+", ""): null

08-11-2024T09:28:13 - [TEST_STEP][PASSED] - filePoteri = poteri.toInteger(): null

08-11-2024T09:28:13 - [TEST_STEP][PASSED] - pagePoteri = page.toInteger(): null

08-11-2024T09:28:13 - [TEST_STEP][PASSED] - compare = pageOtpuskVSet: null

08-11-2024T09:28:13 - [TEST_STEP][PASSED] - if (compare == fileOtpuskVSet): null

08-11-2024T09:28:13 - [TEST_STEP][PASSED] - if (compare == fileOtpuskVSet): null

08-11-2024T09:28:13 - [TEST_STEP][PASSED] - compare = pagePoteri: null

08-11-2024T09:28:13 - [TEST_STEP][PASSED] - if (compare == filePoteri): null

08-11-2024T09:28:13 - [TEST_STEP][PASSED] - if (compare == filePoteri): null

08-11-2024T09:28:13 - [TEST_STEP][PASSED] - if (planFact == 2): null

08-11-2024T09:28:13 - [TEST_STEP][PASSED] - if (planFact == 1): null

08-11-2024T09:28:13 - [TEST_STEP][PASSED] - else if (planFact == 2): null

08-11-2024T09:28:13 - [TEST_STEP][PASSED] - click(findTestObject("Выполнение бизнес-плана/Кнопка План")): Object: 'Object Repository/Выполнение бизнес-плана/Кнопка План' is clicked on

08-11-2024T09:28:43 - [MESSAGE][PASSED] - Object: 'Object Repository/Выполнение бизнес-плана/Кнопка План' is clicked on

08-11-2024T09:28:43 - [TEST_STEP][PASSED] - typeOfDataMain = "План": null

08-11-2024T09:28:43 - [TEST_STEP][PASSED] - otpusk = findTestData("PlanFact").getValue(2, a): null

08-11-2024T09:28:43 - [TEST_STEP][PASSED] - poteri = findTestData("PlanFact").getValue(3, a): null

08-11-2024T09:28:43 - [TEST_STEP][PASSED] - otpusk = otpusk.replaceAll("\s+", ""): null

08-11-2024T09:28:43 - [TEST_STEP][PASSED] - poteri = poteri.replaceAll("\s+", ""): null

08-11-2024T09:28:43 - [TEST_STEP][PASSED] - typeOfData = typeOfDataMain + " Отпуск в сеть": null

08-11-2024T09:28:43 - [TEST_STEP][PASSED] - if (a == 82): null

08-11-2024T09:28:43 - [TEST_STEP][PASSED] - else if (a == 84): null

08-11-2024T09:28:43 - [TEST_STEP][PASSED] - else if (a == 52 || a == 72 || a == 28 || a == 73 || a == 77 || a == 74 || a == 65 || a == 36 || a == 44 || a == 53 || a == 80 || a == 54 || a == 1 || a == 18 || a == 59 || a == 81): null

08-11-2024T09:28:43 - [TEST_STEP][PASSED] - else: null

08-11-2024T09:28:43 - [TEST_STEP][PASSED] - path = dataFolder + typeOfData + " за отчётный период " + b: null

08-11-2024T09:28:43 - [TEST_STEP][PASSED] - println(path): null

08-11-2024T09:28:43 - [TEST_STEP][PASSED] - page = getText(findTestObject(path)): Text of object 'Object Repository/Выполнение бизнес-плана/Значения со страницы Выполнение бизнес-плана/План Отпуск в сеть за отчётный период Воронежэнерго' is: '7 229 505'

08-11-2024T09:29:13 - [MESSAGE][PASSED] - Text of object 'Object Repository/Выполнение бизнес-плана/Значения со страницы Выполнение бизнес-плана/План Отпуск в сеть за отчётный период Воронежэнерго' is: '7 229 505'

08-11-2024T09:29:13 - [TEST_STEP][PASSED] - page = page.replaceAll("\s+", ""): null

08-11-2024T09:29:13 - [TEST_STEP][PASSED] - fileOtpuskVSet = otpusk.toInteger(): null

08-11-2024T09:29:13 - [TEST_STEP][PASSED] - pageOtpuskVSet = page.toInteger(): null

08-11-2024T09:29:13 - [TEST_STEP][PASSED] - typeOfData = typeOfDataMain + " Потери": null

08-11-2024T09:29:13 - [TEST_STEP][PASSED] - if (a == 82): null

08-11-2024T09:29:13 - [TEST_STEP][PASSED] - else if (a == 84): null

08-11-2024T09:29:13 - [TEST_STEP][PASSED] - else if (a == 52 || a == 72 || a == 28 || a == 73 || a == 77 || a == 74 || a == 65 || a == 36 || a == 44 || a == 53 || a == 80 || a == 54 || a == 1 || a == 18 || a == 59 || a == 81): null

08-11-2024T09:29:13 - [TEST_STEP][PASSED] - else: null

08-11-2024T09:29:13 - [TEST_STEP][PASSED] - path = dataFolder + typeOfData + " за отчётный период " + b: null

08-11-2024T09:29:13 - [TEST_STEP][PASSED] - page = getText(findTestObject(path)): Text of object 'Object Repository/Выполнение бизнес-плана/Значения со страницы Выполнение бизнес-плана/План Потери за отчётный период Воронежэнерго' is: '555 290'

08-11-2024T09:29:43 - [MESSAGE][PASSED] - Text of object 'Object Repository/Выполнение бизнес-плана/Значения со страницы Выполнение бизнес-плана/План Потери за отчётный период Воронежэнерго' is: '555 290'

08-11-2024T09:29:43 - [TEST_STEP][PASSED] - page = page.replaceAll("\s+", ""): null

08-11-2024T09:29:43 - [TEST_STEP][PASSED] - filePoteri = poteri.toInteger(): null

08-11-2024T09:29:43 - [TEST_STEP][PASSED] - pagePoteri = page.toInteger(): null

08-11-2024T09:29:43 - [TEST_STEP][PASSED] - compare = pageOtpuskVSet: null

08-11-2024T09:29:43 - [TEST_STEP][PASSED] - if (compare == fileOtpuskVSet): null

08-11-2024T09:29:43 - [TEST_STEP][PASSED] - if (compare == fileOtpuskVSet): null

08-11-2024T09:29:43 - [TEST_STEP][PASSED] - compare = pagePoteri: null

08-11-2024T09:29:43 - [TEST_STEP][PASSED] - if (compare == filePoteri): null

08-11-2024T09:29:43 - [TEST_STEP][PASSED] - if (compare == filePoteri): null

08-11-2024T09:29:43 - [TEST_STEP][PASSED] - if (planFact == 2): Object: 'Object Repository/Выполнение бизнес-плана/Кнопка Факт' is clicked on

08-11-2024T09:29:43 - [TEST_STEP][PASSED] - click(findTestObject("Выполнение бизнес-плана/Кнопка Факт")): Object: 'Object Repository/Выполнение бизнес-плана/Кнопка Факт' is clicked on

08-11-2024T09:30:13 - [MESSAGE][PASSED] - Object: 'Object Repository/Выполнение бизнес-плана/Кнопка Факт' is clicked on

08-11-2024T09:30:13 - [TEST_STEP][PASSED] - if (a == 84 || a == 82): null

08-11-2024T09:30:13 - [TEST_STEP][PASSED] - else if (a == 52 || a == 72 || a == 28 || a == 73 || a == 77 || a == 74 || a == 65 || a == 36 || a == 44 || a == 53 || a == 80 || a == 54 || a == 1 || a == 18 || a == 59 || a == 81): null

08-11-2024T09:30:13 - [TEST_STEP][PASSED] - else: null

08-11-2024T09:30:13 - [TEST_STEP][PASSED] - page1 = getText(findTestObject("Object Repository/Выполнение бизнес-плана/spanPlan" + filialNum)): Text of object 'Object Repository/Выполнение бизнес-плана/spanPlan6' is: '7.68
|'

08-11-2024T09:30:43 - [MESSAGE][PASSED] - Text of object 'Object Repository/Выполнение бизнес-плана/spanPlan6' is: '7.68
|'

08-11-2024T09:30:43 - [TEST_STEP][PASSED] - page1 = page1.replace("|", ""): null

08-11-2024T09:30:43 - [TEST_STEP][PASSED] - page2 = getText(findTestObject("Object Repository/Выполнение бизнес-плана/spanFact" + filialNum)): Text of object 'Object Repository/Выполнение бизнес-плана/spanFact6' is: '7.23
|'

08-11-2024T09:31:13 - [MESSAGE][PASSED] - Text of object 'Object Repository/Выполнение бизнес-плана/spanFact6' is: '7.23
|'

08-11-2024T09:31:13 - [TEST_STEP][PASSED] - page2 = page2.replace("|", ""): null

08-11-2024T09:31:13 - [TEST_STEP][PASSED] - println("page1: " + page1): null

08-11-2024T09:31:13 - [TEST_STEP][PASSED] - println("page2: " + page2): null

08-11-2024T09:31:13 - [TEST_STEP][PASSED] - file = findTestData("PlanFact").getValue(4, a): null

08-11-2024T09:31:13 - [TEST_STEP][PASSED] - file = file.replace(",", "."): null

08-11-2024T09:31:13 - [TEST_STEP][PASSED] - println("file Plan: " + file): null

08-11-2024T09:31:13 - [TEST_STEP][PASSED] - typeOfData = "План в процентах": null

08-11-2024T09:31:13 - [TEST_STEP][PASSED] - fileDouble = file.toDouble(): null

08-11-2024T09:31:13 - [TEST_STEP][PASSED] - pageDouble = page1.toDouble(): null

08-11-2024T09:31:13 - [TEST_STEP][PASSED] - if (fileDouble != pageDouble): null

08-11-2024T09:31:13 - [TEST_STEP][PASSED] - file = findTestData("PlanFact").getValue(7, a): null

08-11-2024T09:31:13 - [TEST_STEP][PASSED] - file = file.replace(",", "."): null

08-11-2024T09:31:13 - [TEST_STEP][PASSED] - println("file Fact: " + file): null

08-11-2024T09:31:13 - [TEST_STEP][PASSED] - fileDouble = file.toDouble(): null

08-11-2024T09:31:13 - [TEST_STEP][PASSED] - typeOfData = "Факт в процентах": null

08-11-2024T09:31:13 - [TEST_STEP][PASSED] - fileDouble = file.toDouble(): null

08-11-2024T09:31:13 - [TEST_STEP][PASSED] - pageDouble = page2.toDouble(): null

08-11-2024T09:31:13 - [TEST_STEP][PASSED] - if (fileDouble != pageDouble): null

08-11-2024T09:31:13 - [TEST_STEP][PASSED] - if (verifyEqual(numberOfErrors, 0) == false): Actual object '0' and expected object '0' are equal

08-11-2024T09:31:13 - [MESSAGE][PASSED] - Actual object '0' and expected object '0' are equal

08-11-2024T09:31:13 - [TEST_STEP][PASSED] - if (a == 82): null

08-11-2024T09:31:13 - [TEST_STEP][PASSED] - dZO = "Костромаэнерго": null

08-11-2024T09:31:13 - [TEST_STEP][PASSED] - a = 5: null

08-11-2024T09:31:13 - [TEST_STEP][PASSED] - if (x2.contains(dZO)): null

08-11-2024T09:31:13 - [TEST_STEP][PASSED] - filialNum = filialNum + 1: null

08-11-2024T09:31:13 - [TEST_STEP][PASSED] - Script1718980020443.Numbers(a, typeOfData, todaysDate, pageInt, fileInt, pageDouble, fileDouble, dZO, dzoNum, filialNum): null

08-11-2024T09:31:13 - [TEST_STEP][PASSED] - println(dzoNum): null

08-11-2024T09:31:13 - [TEST_STEP][PASSED] - planFact = <not implemented yet for class: org.codehaus.groovy.ast.expr.EmptyExpression>: null

08-11-2024T09:31:13 - [TEST_STEP][PASSED] - page = <not implemented yet for class: org.codehaus.groovy.ast.expr.EmptyExpression>: null

08-11-2024T09:31:13 - [TEST_STEP][PASSED] - page1 = <not implemented yet for class: org.codehaus.groovy.ast.expr.EmptyExpression>: null

08-11-2024T09:31:13 - [TEST_STEP][PASSED] - page2 = <not implemented yet for class: org.codehaus.groovy.ast.expr.EmptyExpression>: null

08-11-2024T09:31:13 - [TEST_STEP][PASSED] - filialNumberInRow = <not implemented yet for class: org.codehaus.groovy.ast.expr.EmptyExpression>: null

08-11-2024T09:31:13 - [TEST_STEP][PASSED] - filialsDzoNames = <not implemented yet for class: org.codehaus.groovy.ast.expr.EmptyExpression>: null

08-11-2024T09:31:13 - [TEST_STEP][PASSED] - numberOfFilials = <not implemented yet for class: org.codehaus.groovy.ast.expr.EmptyExpression>: null

08-11-2024T09:31:13 - [TEST_STEP][PASSED] - numberOfSpaces = <not implemented yet for class: org.codehaus.groovy.ast.expr.EmptyExpression>: null

08-11-2024T09:31:13 - [TEST_STEP][PASSED] - file = <not implemented yet for class: org.codehaus.groovy.ast.expr.EmptyExpression>: null

08-11-2024T09:31:13 - [TEST_STEP][PASSED] - otpusk = <not implemented yet for class: org.codehaus.groovy.ast.expr.EmptyExpression>: null

08-11-2024T09:31:13 - [TEST_STEP][PASSED] - poteri = <not implemented yet for class: org.codehaus.groovy.ast.expr.EmptyExpression>: null

08-11-2024T09:31:13 - [TEST_STEP][PASSED] - dataFolder = "Выполнение бизнес-плана/Значения со страницы Выполнение бизнес-плана/": null

08-11-2024T09:31:13 - [TEST_STEP][PASSED] - path = <not implemented yet for class: org.codehaus.groovy.ast.expr.EmptyExpression>: null

08-11-2024T09:31:13 - [TEST_STEP][PASSED] - typeOfDataMain = <not implemented yet for class: org.codehaus.groovy.ast.expr.EmptyExpression>: null

08-11-2024T09:31:13 - [TEST_STEP][PASSED] - fileOtpuskVSet = <not implemented yet for class: org.codehaus.groovy.ast.expr.EmptyExpression>: null

08-11-2024T09:31:13 - [TEST_STEP][PASSED] - pageOtpuskVSet = <not implemented yet for class: org.codehaus.groovy.ast.expr.EmptyExpression>: null

08-11-2024T09:31:13 - [TEST_STEP][PASSED] - filePoteri = <not implemented yet for class: org.codehaus.groovy.ast.expr.EmptyExpression>: null

08-11-2024T09:31:13 - [TEST_STEP][PASSED] - pagePoteri = <not implemented yet for class: org.codehaus.groovy.ast.expr.EmptyExpression>: null

08-11-2024T09:31:13 - [TEST_STEP][PASSED] - compare = <not implemented yet for class: org.codehaus.groovy.ast.expr.EmptyExpression>: null

08-11-2024T09:31:13 - [TEST_STEP][PASSED] - b = <not implemented yet for class: org.codehaus.groovy.ast.expr.EmptyExpression>: null

08-11-2024T09:31:13 - [TEST_STEP][PASSED] - i = <not implemented yet for class: org.codehaus.groovy.ast.expr.EmptyExpression>: null

08-11-2024T09:31:13 - [TEST_STEP][PASSED] - ii = <not implemented yet for class: org.codehaus.groovy.ast.expr.EmptyExpression>: null

08-11-2024T09:31:13 - [TEST_STEP][PASSED] - c = <not implemented yet for class: org.codehaus.groovy.ast.expr.EmptyExpression>: null

08-11-2024T09:31:13 - [TEST_STEP][PASSED] - numberOfErrors = 0: null

08-11-2024T09:31:13 - [TEST_STEP][PASSED] - if (a == 82): null

08-11-2024T09:31:13 - [TEST_STEP][PASSED] - b = findTestData("PlanFact").getValue(1, a): null

08-11-2024T09:31:13 - [TEST_STEP][PASSED] - i = b.indexOf(" (ГК)"): null

08-11-2024T09:31:13 - [TEST_STEP][PASSED] - if (i > -1): null

08-11-2024T09:31:13 - [TEST_STEP][PASSED] - i = b.indexOf("О ""): null

08-11-2024T09:31:13 - [TEST_STEP][PASSED] - if (i > -1): null

08-11-2024T09:31:13 - [TEST_STEP][PASSED] - i = b.indexOf("О «"): null

08-11-2024T09:31:13 - [TEST_STEP][PASSED] - if (i > -1): null

08-11-2024T09:31:13 - [TEST_STEP][PASSED] - i = b.indexOf("г. "): null

08-11-2024T09:31:13 - [TEST_STEP][PASSED] - if (i > -1): null

08-11-2024T09:31:13 - [TEST_STEP][PASSED] - println(b): null

08-11-2024T09:31:13 - [TEST_STEP][PASSED] - for ([planFact = 1, planFact < 3, (planFact++)]): null

08-11-2024T09:31:13 - [TEST_STEP][PASSED] - if (planFact == 1): null

08-11-2024T09:31:13 - [TEST_STEP][PASSED] - typeOfDataMain = "Факт": null

08-11-2024T09:31:13 - [TEST_STEP][PASSED] - otpusk = findTestData("PlanFact").getValue(5, a): null

08-11-2024T09:31:13 - [TEST_STEP][PASSED] - poteri = findTestData("PlanFact").getValue(6, a): null

08-11-2024T09:31:13 - [TEST_STEP][PASSED] - otpusk = otpusk.replaceAll("\s+", ""): null

08-11-2024T09:31:13 - [TEST_STEP][PASSED] - poteri = poteri.replaceAll("\s+", ""): null

08-11-2024T09:31:13 - [TEST_STEP][PASSED] - typeOfData = typeOfDataMain + " Отпуск в сеть": null

08-11-2024T09:31:13 - [TEST_STEP][PASSED] - if (a == 82): null

08-11-2024T09:31:13 - [TEST_STEP][PASSED] - else if (a == 84): null

08-11-2024T09:31:13 - [TEST_STEP][PASSED] - else if (a == 52 || a == 72 || a == 28 || a == 73 || a == 77 || a == 74 || a == 65 || a == 36 || a == 44 || a == 53 || a == 80 || a == 54 || a == 1 || a == 18 || a == 59 || a == 81): null

08-11-2024T09:31:13 - [TEST_STEP][PASSED] - else: null

08-11-2024T09:31:13 - [TEST_STEP][PASSED] - path = dataFolder + typeOfData + " за отчётный период " + b: null

08-11-2024T09:31:13 - [TEST_STEP][PASSED] - println(path): null

08-11-2024T09:31:13 - [TEST_STEP][PASSED] - page = getText(findTestObject(path)): Text of object 'Object Repository/Выполнение бизнес-плана/Значения со страницы Выполнение бизнес-плана/Факт Отпуск в сеть за отчётный период Костромаэнерго' is: '2 101 668'

08-11-2024T09:31:44 - [MESSAGE][PASSED] - Text of object 'Object Repository/Выполнение бизнес-плана/Значения со страницы Выполнение бизнес-плана/Факт Отпуск в сеть за отчётный период Костромаэнерго' is: '2 101 668'

08-11-2024T09:31:44 - [TEST_STEP][PASSED] - page = page.replaceAll("\s+", ""): null

08-11-2024T09:31:44 - [TEST_STEP][PASSED] - fileOtpuskVSet = otpusk.toInteger(): null

08-11-2024T09:31:44 - [TEST_STEP][PASSED] - pageOtpuskVSet = page.toInteger(): null

08-11-2024T09:31:44 - [TEST_STEP][PASSED] - typeOfData = typeOfDataMain + " Потери": null

08-11-2024T09:31:44 - [TEST_STEP][PASSED] - if (a == 82): null

08-11-2024T09:31:44 - [TEST_STEP][PASSED] - else if (a == 84): null

08-11-2024T09:31:44 - [TEST_STEP][PASSED] - else if (a == 52 || a == 72 || a == 28 || a == 73 || a == 77 || a == 74 || a == 65 || a == 36 || a == 44 || a == 53 || a == 80 || a == 54 || a == 1 || a == 18 || a == 59 || a == 81): null

08-11-2024T09:31:44 - [TEST_STEP][PASSED] - else: null

08-11-2024T09:31:44 - [TEST_STEP][PASSED] - path = dataFolder + typeOfData + " за отчётный период " + b: null

08-11-2024T09:31:44 - [TEST_STEP][PASSED] - page = getText(findTestObject(path)): Text of object 'Object Repository/Выполнение бизнес-плана/Значения со страницы Выполнение бизнес-плана/Факт Потери за отчётный период Костромаэнерго' is: '196 726'

08-11-2024T09:32:14 - [MESSAGE][PASSED] - Text of object 'Object Repository/Выполнение бизнес-плана/Значения со страницы Выполнение бизнес-плана/Факт Потери за отчётный период Костромаэнерго' is: '196 726'

08-11-2024T09:32:14 - [TEST_STEP][PASSED] - page = page.replaceAll("\s+", ""): null

08-11-2024T09:32:14 - [TEST_STEP][PASSED] - filePoteri = poteri.toInteger(): null

08-11-2024T09:32:14 - [TEST_STEP][PASSED] - pagePoteri = page.toInteger(): null

08-11-2024T09:32:14 - [TEST_STEP][PASSED] - compare = pageOtpuskVSet: null

08-11-2024T09:32:14 - [TEST_STEP][PASSED] - if (compare == fileOtpuskVSet): null

08-11-2024T09:32:14 - [TEST_STEP][PASSED] - else if (compare > fileOtpuskVSet): null

08-11-2024T09:32:14 - [TEST_STEP][PASSED] - compare = compare - 1: null

08-11-2024T09:32:14 - [TEST_STEP][PASSED] - if (compare == fileOtpuskVSet): null

08-11-2024T09:32:14 - [TEST_STEP][PASSED] - else: null

08-11-2024T09:32:14 - [TEST_STEP][PASSED] - numberOfErrors = numberOfErrors + 1: null

08-11-2024T09:32:14 - [TEST_STEP][PASSED] - pageInt = pageOtpuskVSet: null

08-11-2024T09:32:14 - [TEST_STEP][PASSED] - fileInt = fileOtpuskVSet: null

08-11-2024T09:32:14 - [TEST_STEP][PASSED] - typeOfData = typeOfDataMain + " Отпуск в сеть": null

08-11-2024T09:32:14 - [TEST_STEP][PASSED] - Script1718980020443.WriteToExcel(a, typeOfData, todaysDate, pageInt, fileInt, pageDouble, fileDouble, dZO): null

08-11-2024T09:32:14 - [TEST_STEP][PASSED] - sheetName = "Sheet1": null

08-11-2024T09:32:14 - [TEST_STEP][PASSED] - data = findTestData("PlanFact"): null

08-11-2024T09:32:14 - [TEST_STEP][PASSED] - n = data.getRowNumbers() + 1: null

08-11-2024T09:32:14 - [TEST_STEP][PASSED] - year = todaysDate.substring(todaysDate.length() - 4, todaysDate.length()): null

08-11-2024T09:32:14 - [TEST_STEP][PASSED] - y = year.toInteger(): null

08-11-2024T09:32:14 - [TEST_STEP][PASSED] - m = getText(findTestObject("Выполнение бизнес-плана/Период")): Text of object 'Object Repository/Выполнение бизнес-плана/Период' is: '1, 2, 3 кв. 2024 года'

08-11-2024T09:32:44 - [MESSAGE][PASSED] - Text of object 'Object Repository/Выполнение бизнес-плана/Период' is: '1, 2, 3 кв. 2024 года'

08-11-2024T09:32:44 - [TEST_STEP][PASSED] - m = m.substring(0, m.indexOf("2024")): null

08-11-2024T09:32:44 - [TEST_STEP][PASSED] - m = m.trim(): null

08-11-2024T09:32:44 - [TEST_STEP][PASSED] - dashboardName = "Выполнение бизнес-плана": null

08-11-2024T09:32:44 - [TEST_STEP][PASSED] - workbook01 = getWorkbook(excelFilePath): null

08-11-2024T09:32:44 - [TEST_STEP][PASSED] - sheet01 = getExcelSheet(workbook01, sheetName): null

08-11-2024T09:32:44 - [TEST_STEP][PASSED] - setValueToCellByIndex(sheet01, n, 0, dashboardName): null

08-11-2024T09:32:44 - [TEST_STEP][PASSED] - setValueToCellByIndex(sheet01, n, 1, dZO): null

08-11-2024T09:32:44 - [TEST_STEP][PASSED] - setValueToCellByIndex(sheet01, n, 2, typeOfData): null

08-11-2024T09:32:44 - [TEST_STEP][PASSED] - if (typeOfData == "Факт в процентах" || typeOfData == "План в процентах"): null

08-11-2024T09:32:44 - [TEST_STEP][PASSED] - else: null

08-11-2024T09:32:44 - [TEST_STEP][PASSED] - setValueToCellByIndex(sheet01, n, 3, fileInt): null

08-11-2024T09:32:44 - [TEST_STEP][PASSED] - setValueToCellByIndex(sheet01, n, 4, pageInt): null

08-11-2024T09:32:44 - [TEST_STEP][PASSED] - setValueToCellByIndex(sheet01, n, 5, m): null

08-11-2024T09:32:44 - [TEST_STEP][PASSED] - setValueToCellByIndex(sheet01, n, 6, y): null

08-11-2024T09:32:44 - [TEST_STEP][PASSED] - setValueToCellByIndex(sheet01, n, 7, todaysDate): null

08-11-2024T09:32:44 - [TEST_STEP][PASSED] - n = n + 1: null

08-11-2024T09:32:44 - [TEST_STEP][PASSED] - saveWorkbook(excelFilePath, workbook01): null

08-11-2024T09:32:44 - [TEST_STEP][PASSED] - compare = pagePoteri: null

08-11-2024T09:32:44 - [TEST_STEP][PASSED] - if (compare == filePoteri): null

08-11-2024T09:32:44 - [TEST_STEP][PASSED] - else if (compare > filePoteri): null

08-11-2024T09:32:44 - [TEST_STEP][PASSED] - compare = compare - 1: null

08-11-2024T09:32:44 - [TEST_STEP][PASSED] - if (compare == filePoteri): null

08-11-2024T09:32:44 - [TEST_STEP][PASSED] - else: null

08-11-2024T09:32:44 - [TEST_STEP][PASSED] - numberOfErrors = numberOfErrors + 1: null

08-11-2024T09:32:44 - [TEST_STEP][PASSED] - pageInt = pagePoteri: null

08-11-2024T09:32:44 - [TEST_STEP][PASSED] - fileInt = filePoteri: null

08-11-2024T09:32:44 - [TEST_STEP][PASSED] - typeOfData = typeOfDataMain + " Потери": null

08-11-2024T09:32:44 - [TEST_STEP][PASSED] - Script1718980020443.WriteToExcel(a, typeOfData, todaysDate, pageInt, fileInt, pageDouble, fileDouble, dZO): null

08-11-2024T09:32:44 - [TEST_STEP][PASSED] - sheetName = "Sheet1": null

08-11-2024T09:32:44 - [TEST_STEP][PASSED] - data = findTestData("PlanFact"): null

08-11-2024T09:32:44 - [TEST_STEP][PASSED] - n = data.getRowNumbers() + 1: null

08-11-2024T09:32:44 - [TEST_STEP][PASSED] - year = todaysDate.substring(todaysDate.length() - 4, todaysDate.length()): null

08-11-2024T09:32:44 - [TEST_STEP][PASSED] - y = year.toInteger(): null

08-11-2024T09:32:44 - [TEST_STEP][PASSED] - m = getText(findTestObject("Выполнение бизнес-плана/Период")): Text of object 'Object Repository/Выполнение бизнес-плана/Период' is: '1, 2, 3 кв. 2024 года'

08-11-2024T09:33:14 - [MESSAGE][PASSED] - Text of object 'Object Repository/Выполнение бизнес-плана/Период' is: '1, 2, 3 кв. 2024 года'

08-11-2024T09:33:14 - [TEST_STEP][PASSED] - m = m.substring(0, m.indexOf("2024")): null

08-11-2024T09:33:14 - [TEST_STEP][PASSED] - m = m.trim(): null

08-11-2024T09:33:14 - [TEST_STEP][PASSED] - dashboardName = "Выполнение бизнес-плана": null

08-11-2024T09:33:14 - [TEST_STEP][PASSED] - workbook01 = getWorkbook(excelFilePath): null

08-11-2024T09:33:14 - [TEST_STEP][PASSED] - sheet01 = getExcelSheet(workbook01, sheetName): null

08-11-2024T09:33:14 - [TEST_STEP][PASSED] - setValueToCellByIndex(sheet01, n, 0, dashboardName): null

08-11-2024T09:33:14 - [TEST_STEP][PASSED] - setValueToCellByIndex(sheet01, n, 1, dZO): null

08-11-2024T09:33:14 - [TEST_STEP][PASSED] - setValueToCellByIndex(sheet01, n, 2, typeOfData): null

08-11-2024T09:33:14 - [TEST_STEP][PASSED] - if (typeOfData == "Факт в процентах" || typeOfData == "План в процентах"): null

08-11-2024T09:33:14 - [TEST_STEP][PASSED] - else: null

08-11-2024T09:33:14 - [TEST_STEP][PASSED] - setValueToCellByIndex(sheet01, n, 3, fileInt): null

08-11-2024T09:33:14 - [TEST_STEP][PASSED] - setValueToCellByIndex(sheet01, n, 4, pageInt): null

08-11-2024T09:33:14 - [TEST_STEP][PASSED] - setValueToCellByIndex(sheet01, n, 5, m): null

08-11-2024T09:33:14 - [TEST_STEP][PASSED] - setValueToCellByIndex(sheet01, n, 6, y): null

08-11-2024T09:33:14 - [TEST_STEP][PASSED] - setValueToCellByIndex(sheet01, n, 7, todaysDate): null

08-11-2024T09:33:14 - [TEST_STEP][PASSED] - n = n + 1: null

08-11-2024T09:33:14 - [TEST_STEP][PASSED] - saveWorkbook(excelFilePath, workbook01): null

08-11-2024T09:33:14 - [TEST_STEP][PASSED] - if (planFact == 2): null

08-11-2024T09:33:14 - [TEST_STEP][PASSED] - if (planFact == 1): null

08-11-2024T09:33:14 - [TEST_STEP][PASSED] - else if (planFact == 2): null

08-11-2024T09:33:14 - [TEST_STEP][PASSED] - click(findTestObject("Выполнение бизнес-плана/Кнопка План")): Object: 'Object Repository/Выполнение бизнес-плана/Кнопка План' is clicked on

08-11-2024T09:33:45 - [MESSAGE][PASSED] - Object: 'Object Repository/Выполнение бизнес-плана/Кнопка План' is clicked on

08-11-2024T09:33:45 - [TEST_STEP][PASSED] - typeOfDataMain = "План": null

08-11-2024T09:33:45 - [TEST_STEP][PASSED] - otpusk = findTestData("PlanFact").getValue(2, a): null

08-11-2024T09:33:45 - [TEST_STEP][PASSED] - poteri = findTestData("PlanFact").getValue(3, a): null

08-11-2024T09:33:45 - [TEST_STEP][PASSED] - otpusk = otpusk.replaceAll("\s+", ""): null

08-11-2024T09:33:45 - [TEST_STEP][PASSED] - poteri = poteri.replaceAll("\s+", ""): null

08-11-2024T09:33:45 - [TEST_STEP][PASSED] - typeOfData = typeOfDataMain + " Отпуск в сеть": null

08-11-2024T09:33:45 - [TEST_STEP][PASSED] - if (a == 82): null

08-11-2024T09:33:45 - [TEST_STEP][PASSED] - else if (a == 84): null

08-11-2024T09:33:45 - [TEST_STEP][PASSED] - else if (a == 52 || a == 72 || a == 28 || a == 73 || a == 77 || a == 74 || a == 65 || a == 36 || a == 44 || a == 53 || a == 80 || a == 54 || a == 1 || a == 18 || a == 59 || a == 81): null

08-11-2024T09:33:45 - [TEST_STEP][PASSED] - else: null

08-11-2024T09:33:45 - [TEST_STEP][PASSED] - path = dataFolder + typeOfData + " за отчётный период " + b: null

08-11-2024T09:33:45 - [TEST_STEP][PASSED] - println(path): null

08-11-2024T09:33:45 - [TEST_STEP][PASSED] - page = getText(findTestObject(path)): Text of object 'Object Repository/Выполнение бизнес-плана/Значения со страницы Выполнение бизнес-плана/План Отпуск в сеть за отчётный период Костромаэнерго' is: '2 068 166'

08-11-2024T09:34:15 - [MESSAGE][PASSED] - Text of object 'Object Repository/Выполнение бизнес-плана/Значения со страницы Выполнение бизнес-плана/План Отпуск в сеть за отчётный период Костромаэнерго' is: '2 068 166'

08-11-2024T09:34:15 - [TEST_STEP][PASSED] - page = page.replaceAll("\s+", ""): null

08-11-2024T09:34:15 - [TEST_STEP][PASSED] - fileOtpuskVSet = otpusk.toInteger(): null

08-11-2024T09:34:15 - [TEST_STEP][PASSED] - pageOtpuskVSet = page.toInteger(): null

08-11-2024T09:34:15 - [TEST_STEP][PASSED] - typeOfData = typeOfDataMain + " Потери": null

08-11-2024T09:34:15 - [TEST_STEP][PASSED] - if (a == 82): null

08-11-2024T09:34:15 - [TEST_STEP][PASSED] - else if (a == 84): null

08-11-2024T09:34:15 - [TEST_STEP][PASSED] - else if (a == 52 || a == 72 || a == 28 || a == 73 || a == 77 || a == 74 || a == 65 || a == 36 || a == 44 || a == 53 || a == 80 || a == 54 || a == 1 || a == 18 || a == 59 || a == 81): null

08-11-2024T09:34:15 - [TEST_STEP][PASSED] - else: null

08-11-2024T09:34:15 - [TEST_STEP][PASSED] - path = dataFolder + typeOfData + " за отчётный период " + b: null

08-11-2024T09:34:15 - [TEST_STEP][PASSED] - page = getText(findTestObject(path)): Text of object 'Object Repository/Выполнение бизнес-плана/Значения со страницы Выполнение бизнес-плана/План Потери за отчётный период Костромаэнерго' is: '193 363'

08-11-2024T09:34:45 - [MESSAGE][PASSED] - Text of object 'Object Repository/Выполнение бизнес-плана/Значения со страницы Выполнение бизнес-плана/План Потери за отчётный период Костромаэнерго' is: '193 363'

08-11-2024T09:34:45 - [TEST_STEP][PASSED] - page = page.replaceAll("\s+", ""): null

08-11-2024T09:34:45 - [TEST_STEP][PASSED] - filePoteri = poteri.toInteger(): null

08-11-2024T09:34:45 - [TEST_STEP][PASSED] - pagePoteri = page.toInteger(): null

08-11-2024T09:34:45 - [TEST_STEP][PASSED] - compare = pageOtpuskVSet: null

08-11-2024T09:34:45 - [TEST_STEP][PASSED] - if (compare == fileOtpuskVSet): null

08-11-2024T09:34:45 - [TEST_STEP][PASSED] - else if (compare > fileOtpuskVSet): null

08-11-2024T09:34:45 - [TEST_STEP][PASSED] - compare = compare - 1: null

08-11-2024T09:34:45 - [TEST_STEP][PASSED] - if (compare == fileOtpuskVSet): null

08-11-2024T09:34:45 - [TEST_STEP][PASSED] - else: null

08-11-2024T09:34:45 - [TEST_STEP][PASSED] - numberOfErrors = numberOfErrors + 1: null

08-11-2024T09:34:45 - [TEST_STEP][PASSED] - pageInt = pageOtpuskVSet: null

08-11-2024T09:34:45 - [TEST_STEP][PASSED] - fileInt = fileOtpuskVSet: null

08-11-2024T09:34:45 - [TEST_STEP][PASSED] - typeOfData = typeOfDataMain + " Отпуск в сеть": null

08-11-2024T09:34:45 - [TEST_STEP][PASSED] - Script1718980020443.WriteToExcel(a, typeOfData, todaysDate, pageInt, fileInt, pageDouble, fileDouble, dZO): null

08-11-2024T09:34:45 - [TEST_STEP][PASSED] - sheetName = "Sheet1": null

08-11-2024T09:34:45 - [TEST_STEP][PASSED] - data = findTestData("PlanFact"): null

08-11-2024T09:34:45 - [TEST_STEP][PASSED] - n = data.getRowNumbers() + 1: null

08-11-2024T09:34:45 - [TEST_STEP][PASSED] - year = todaysDate.substring(todaysDate.length() - 4, todaysDate.length()): null

08-11-2024T09:34:45 - [TEST_STEP][PASSED] - y = year.toInteger(): null

08-11-2024T09:34:45 - [TEST_STEP][PASSED] - m = getText(findTestObject("Выполнение бизнес-плана/Период")): Text of object 'Object Repository/Выполнение бизнес-плана/Период' is: '1, 2, 3 кв. 2024 года'

08-11-2024T09:35:15 - [MESSAGE][PASSED] - Text of object 'Object Repository/Выполнение бизнес-плана/Период' is: '1, 2, 3 кв. 2024 года'

08-11-2024T09:35:15 - [TEST_STEP][PASSED] - m = m.substring(0, m.indexOf("2024")): null

08-11-2024T09:35:15 - [TEST_STEP][PASSED] - m = m.trim(): null

08-11-2024T09:35:15 - [TEST_STEP][PASSED] - dashboardName = "Выполнение бизнес-плана": null

08-11-2024T09:35:15 - [TEST_STEP][PASSED] - workbook01 = getWorkbook(excelFilePath): null

08-11-2024T09:35:15 - [TEST_STEP][PASSED] - sheet01 = getExcelSheet(workbook01, sheetName): null

08-11-2024T09:35:15 - [TEST_STEP][PASSED] - setValueToCellByIndex(sheet01, n, 0, dashboardName): null

08-11-2024T09:35:15 - [TEST_STEP][PASSED] - setValueToCellByIndex(sheet01, n, 1, dZO): null

08-11-2024T09:35:15 - [TEST_STEP][PASSED] - setValueToCellByIndex(sheet01, n, 2, typeOfData): null

08-11-2024T09:35:15 - [TEST_STEP][PASSED] - if (typeOfData == "Факт в процентах" || typeOfData == "План в процентах"): null

08-11-2024T09:35:15 - [TEST_STEP][PASSED] - else: null

08-11-2024T09:35:15 - [TEST_STEP][PASSED] - setValueToCellByIndex(sheet01, n, 3, fileInt): null

08-11-2024T09:35:15 - [TEST_STEP][PASSED] - setValueToCellByIndex(sheet01, n, 4, pageInt): null

08-11-2024T09:35:15 - [TEST_STEP][PASSED] - setValueToCellByIndex(sheet01, n, 5, m): null

08-11-2024T09:35:15 - [TEST_STEP][PASSED] - setValueToCellByIndex(sheet01, n, 6, y): null

08-11-2024T09:35:15 - [TEST_STEP][PASSED] - setValueToCellByIndex(sheet01, n, 7, todaysDate): null

08-11-2024T09:35:15 - [TEST_STEP][PASSED] - n = n + 1: null

08-11-2024T09:35:15 - [TEST_STEP][PASSED] - saveWorkbook(excelFilePath, workbook01): null

08-11-2024T09:35:15 - [TEST_STEP][PASSED] - compare = pagePoteri: null

08-11-2024T09:35:15 - [TEST_STEP][PASSED] - if (compare == filePoteri): null

08-11-2024T09:35:15 - [TEST_STEP][PASSED] - else if (compare > filePoteri): null

08-11-2024T09:35:15 - [TEST_STEP][PASSED] - compare = compare - 1: null

08-11-2024T09:35:15 - [TEST_STEP][PASSED] - if (compare == filePoteri): null

08-11-2024T09:35:15 - [TEST_STEP][PASSED] - else: null

08-11-2024T09:35:15 - [TEST_STEP][PASSED] - numberOfErrors = numberOfErrors + 1: null

08-11-2024T09:35:15 - [TEST_STEP][PASSED] - pageInt = pagePoteri: null

08-11-2024T09:35:15 - [TEST_STEP][PASSED] - fileInt = filePoteri: null

08-11-2024T09:35:15 - [TEST_STEP][PASSED] - typeOfData = typeOfDataMain + " Потери": null

08-11-2024T09:35:15 - [TEST_STEP][PASSED] - Script1718980020443.WriteToExcel(a, typeOfData, todaysDate, pageInt, fileInt, pageDouble, fileDouble, dZO): null

08-11-2024T09:35:15 - [TEST_STEP][PASSED] - sheetName = "Sheet1": null

08-11-2024T09:35:15 - [TEST_STEP][PASSED] - data = findTestData("PlanFact"): null

08-11-2024T09:35:15 - [TEST_STEP][PASSED] - n = data.getRowNumbers() + 1: null

08-11-2024T09:35:15 - [TEST_STEP][PASSED] - year = todaysDate.substring(todaysDate.length() - 4, todaysDate.length()): null

08-11-2024T09:35:15 - [TEST_STEP][PASSED] - y = year.toInteger(): null

08-11-2024T09:35:15 - [TEST_STEP][PASSED] - m = getText(findTestObject("Выполнение бизнес-плана/Период")): Text of object 'Object Repository/Выполнение бизнес-плана/Период' is: '1, 2, 3 кв. 2024 года'

08-11-2024T09:35:46 - [MESSAGE][PASSED] - Text of object 'Object Repository/Выполнение бизнес-плана/Период' is: '1, 2, 3 кв. 2024 года'

08-11-2024T09:35:46 - [TEST_STEP][PASSED] - m = m.substring(0, m.indexOf("2024")): null

08-11-2024T09:35:46 - [TEST_STEP][PASSED] - m = m.trim(): null

08-11-2024T09:35:46 - [TEST_STEP][PASSED] - dashboardName = "Выполнение бизнес-плана": null

08-11-2024T09:35:46 - [TEST_STEP][PASSED] - workbook01 = getWorkbook(excelFilePath): null

08-11-2024T09:35:46 - [TEST_STEP][PASSED] - sheet01 = getExcelSheet(workbook01, sheetName): null

08-11-2024T09:35:46 - [TEST_STEP][PASSED] - setValueToCellByIndex(sheet01, n, 0, dashboardName): null

08-11-2024T09:35:46 - [TEST_STEP][PASSED] - setValueToCellByIndex(sheet01, n, 1, dZO): null

08-11-2024T09:35:46 - [TEST_STEP][PASSED] - setValueToCellByIndex(sheet01, n, 2, typeOfData): null

08-11-2024T09:35:46 - [TEST_STEP][PASSED] - if (typeOfData == "Факт в процентах" || typeOfData == "План в процентах"): null

08-11-2024T09:35:46 - [TEST_STEP][PASSED] - else: null

08-11-2024T09:35:46 - [TEST_STEP][PASSED] - setValueToCellByIndex(sheet01, n, 3, fileInt): null

08-11-2024T09:35:46 - [TEST_STEP][PASSED] - setValueToCellByIndex(sheet01, n, 4, pageInt): null

08-11-2024T09:35:46 - [TEST_STEP][PASSED] - setValueToCellByIndex(sheet01, n, 5, m): null

08-11-2024T09:35:46 - [TEST_STEP][PASSED] - setValueToCellByIndex(sheet01, n, 6, y): null

08-11-2024T09:35:46 - [TEST_STEP][PASSED] - setValueToCellByIndex(sheet01, n, 7, todaysDate): null

08-11-2024T09:35:46 - [TEST_STEP][PASSED] - n = n + 1: null

08-11-2024T09:35:46 - [TEST_STEP][PASSED] - saveWorkbook(excelFilePath, workbook01): Object: 'Object Repository/Выполнение бизнес-плана/Кнопка Факт' is clicked on

08-11-2024T09:35:46 - [TEST_STEP][PASSED] - if (planFact == 2): Object: 'Object Repository/Выполнение бизнес-плана/Кнопка Факт' is clicked on

08-11-2024T09:35:46 - [TEST_STEP][PASSED] - click(findTestObject("Выполнение бизнес-плана/Кнопка Факт")): Object: 'Object Repository/Выполнение бизнес-плана/Кнопка Факт' is clicked on

08-11-2024T09:36:16 - [MESSAGE][PASSED] - Object: 'Object Repository/Выполнение бизнес-плана/Кнопка Факт' is clicked on

08-11-2024T09:36:16 - [TEST_STEP][PASSED] - if (a == 84 || a == 82): null

08-11-2024T09:36:16 - [TEST_STEP][PASSED] - else if (a == 52 || a == 72 || a == 28 || a == 73 || a == 77 || a == 74 || a == 65 || a == 36 || a == 44 || a == 53 || a == 80 || a == 54 || a == 1 || a == 18 || a == 59 || a == 81): null

08-11-2024T09:36:16 - [TEST_STEP][PASSED] - else: null

08-11-2024T09:36:16 - [TEST_STEP][PASSED] - page1 = getText(findTestObject("Object Repository/Выполнение бизнес-плана/spanPlan" + filialNum)): Text of object 'Object Repository/Выполнение бизнес-плана/spanPlan7' is: '9.35
|'

08-11-2024T09:36:46 - [MESSAGE][PASSED] - Text of object 'Object Repository/Выполнение бизнес-плана/spanPlan7' is: '9.35
|'

08-11-2024T09:36:46 - [TEST_STEP][PASSED] - page1 = page1.replace("|", ""): null

08-11-2024T09:36:46 - [TEST_STEP][PASSED] - page2 = getText(findTestObject("Object Repository/Выполнение бизнес-плана/spanFact" + filialNum)): Text of object 'Object Repository/Выполнение бизнес-плана/spanFact7' is: '9.36
|'

08-11-2024T09:37:16 - [MESSAGE][PASSED] - Text of object 'Object Repository/Выполнение бизнес-плана/spanFact7' is: '9.36
|'

08-11-2024T09:37:16 - [TEST_STEP][PASSED] - page2 = page2.replace("|", ""): null

08-11-2024T09:37:16 - [TEST_STEP][PASSED] - println("page1: " + page1): null

08-11-2024T09:37:16 - [TEST_STEP][PASSED] - println("page2: " + page2): null

08-11-2024T09:37:16 - [TEST_STEP][PASSED] - file = findTestData("PlanFact").getValue(4, a): null

08-11-2024T09:37:16 - [TEST_STEP][PASSED] - file = file.replace(",", "."): null

08-11-2024T09:37:16 - [TEST_STEP][PASSED] - println("file Plan: " + file): null

08-11-2024T09:37:16 - [TEST_STEP][PASSED] - typeOfData = "План в процентах": null

08-11-2024T09:37:16 - [TEST_STEP][PASSED] - fileDouble = file.toDouble(): null

08-11-2024T09:37:16 - [TEST_STEP][PASSED] - pageDouble = page1.toDouble(): null

08-11-2024T09:37:16 - [TEST_STEP][PASSED] - if (fileDouble != pageDouble): null

08-11-2024T09:37:16 - [TEST_STEP][PASSED] - numberOfErrors = numberOfErrors + 1: null

08-11-2024T09:37:16 - [TEST_STEP][PASSED] - Script1718980020443.WriteToExcel(a, typeOfData, todaysDate, pageInt, fileInt, pageDouble, fileDouble, dZO): null

08-11-2024T09:37:16 - [TEST_STEP][PASSED] - sheetName = "Sheet1": null

08-11-2024T09:37:16 - [TEST_STEP][PASSED] - data = findTestData("PlanFact"): null

08-11-2024T09:37:16 - [TEST_STEP][PASSED] - n = data.getRowNumbers() + 1: null

08-11-2024T09:37:16 - [TEST_STEP][PASSED] - year = todaysDate.substring(todaysDate.length() - 4, todaysDate.length()): null

08-11-2024T09:37:16 - [TEST_STEP][PASSED] - y = year.toInteger(): null

08-11-2024T09:37:16 - [TEST_STEP][PASSED] - m = getText(findTestObject("Выполнение бизнес-плана/Период")): Text of object 'Object Repository/Выполнение бизнес-плана/Период' is: '1, 2, 3 кв. 2024 года'

08-11-2024T09:37:46 - [MESSAGE][PASSED] - Text of object 'Object Repository/Выполнение бизнес-плана/Период' is: '1, 2, 3 кв. 2024 года'

08-11-2024T09:37:46 - [TEST_STEP][PASSED] - m = m.substring(0, m.indexOf("2024")): null

08-11-2024T09:37:46 - [TEST_STEP][PASSED] - m = m.trim(): null

08-11-2024T09:37:46 - [TEST_STEP][PASSED] - dashboardName = "Выполнение бизнес-плана": null

08-11-2024T09:37:46 - [TEST_STEP][PASSED] - workbook01 = getWorkbook(excelFilePath): null

08-11-2024T09:37:46 - [TEST_STEP][PASSED] - sheet01 = getExcelSheet(workbook01, sheetName): null

08-11-2024T09:37:46 - [TEST_STEP][PASSED] - setValueToCellByIndex(sheet01, n, 0, dashboardName): null

08-11-2024T09:37:46 - [TEST_STEP][PASSED] - setValueToCellByIndex(sheet01, n, 1, dZO): null

08-11-2024T09:37:46 - [TEST_STEP][PASSED] - setValueToCellByIndex(sheet01, n, 2, typeOfData): null

08-11-2024T09:37:46 - [TEST_STEP][PASSED] - if (typeOfData == "Факт в процентах" || typeOfData == "План в процентах"): null

08-11-2024T09:37:46 - [TEST_STEP][PASSED] - setValueToCellByIndex(sheet01, n, 3, fileDouble): null

08-11-2024T09:37:46 - [TEST_STEP][PASSED] - setValueToCellByIndex(sheet01, n, 4, pageDouble): null

08-11-2024T09:37:46 - [TEST_STEP][PASSED] - setValueToCellByIndex(sheet01, n, 5, m): null

08-11-2024T09:37:46 - [TEST_STEP][PASSED] - setValueToCellByIndex(sheet01, n, 6, y): null

08-11-2024T09:37:46 - [TEST_STEP][PASSED] - setValueToCellByIndex(sheet01, n, 7, todaysDate): null

08-11-2024T09:37:46 - [TEST_STEP][PASSED] - n = n + 1: null

08-11-2024T09:37:46 - [TEST_STEP][PASSED] - saveWorkbook(excelFilePath, workbook01): null

08-11-2024T09:37:47 - [TEST_STEP][PASSED] - file = findTestData("PlanFact").getValue(7, a): null

08-11-2024T09:37:47 - [TEST_STEP][PASSED] - file = file.replace(",", "."): null

08-11-2024T09:37:47 - [TEST_STEP][PASSED] - println("file Fact: " + file): null

08-11-2024T09:37:47 - [TEST_STEP][PASSED] - fileDouble = file.toDouble(): null

08-11-2024T09:37:47 - [TEST_STEP][PASSED] - typeOfData = "Факт в процентах": null

08-11-2024T09:37:47 - [TEST_STEP][PASSED] - fileDouble = file.toDouble(): null

08-11-2024T09:37:47 - [TEST_STEP][PASSED] - pageDouble = page2.toDouble(): null

08-11-2024T09:37:47 - [TEST_STEP][PASSED] - if (fileDouble != pageDouble): null

08-11-2024T09:37:47 - [TEST_STEP][PASSED] - numberOfErrors = numberOfErrors + 1: null

08-11-2024T09:37:47 - [TEST_STEP][PASSED] - Script1718980020443.WriteToExcel(a, typeOfData, todaysDate, pageInt, fileInt, pageDouble, fileDouble, dZO): null

08-11-2024T09:37:47 - [TEST_STEP][PASSED] - sheetName = "Sheet1": null

08-11-2024T09:37:47 - [TEST_STEP][PASSED] - data = findTestData("PlanFact"): null

08-11-2024T09:37:47 - [TEST_STEP][PASSED] - n = data.getRowNumbers() + 1: null

08-11-2024T09:37:47 - [TEST_STEP][PASSED] - year = todaysDate.substring(todaysDate.length() - 4, todaysDate.length()): null

08-11-2024T09:37:47 - [TEST_STEP][PASSED] - y = year.toInteger(): null

08-11-2024T09:37:47 - [TEST_STEP][PASSED] - m = getText(findTestObject("Выполнение бизнес-плана/Период")): Text of object 'Object Repository/Выполнение бизнес-плана/Период' is: '1, 2, 3 кв. 2024 года'

08-11-2024T09:38:17 - [MESSAGE][PASSED] - Text of object 'Object Repository/Выполнение бизнес-плана/Период' is: '1, 2, 3 кв. 2024 года'

08-11-2024T09:38:17 - [TEST_STEP][PASSED] - m = m.substring(0, m.indexOf("2024")): null

08-11-2024T09:38:17 - [TEST_STEP][PASSED] - m = m.trim(): null

08-11-2024T09:38:17 - [TEST_STEP][PASSED] - dashboardName = "Выполнение бизнес-плана": null

08-11-2024T09:38:17 - [TEST_STEP][PASSED] - workbook01 = getWorkbook(excelFilePath): null

08-11-2024T09:38:17 - [TEST_STEP][PASSED] - sheet01 = getExcelSheet(workbook01, sheetName): null

08-11-2024T09:38:17 - [TEST_STEP][PASSED] - setValueToCellByIndex(sheet01, n, 0, dashboardName): null

08-11-2024T09:38:17 - [TEST_STEP][PASSED] - setValueToCellByIndex(sheet01, n, 1, dZO): null

08-11-2024T09:38:17 - [TEST_STEP][PASSED] - setValueToCellByIndex(sheet01, n, 2, typeOfData): null

08-11-2024T09:38:17 - [TEST_STEP][PASSED] - if (typeOfData == "Факт в процентах" || typeOfData == "План в процентах"): null

08-11-2024T09:38:17 - [TEST_STEP][PASSED] - setValueToCellByIndex(sheet01, n, 3, fileDouble): null

08-11-2024T09:38:17 - [TEST_STEP][PASSED] - setValueToCellByIndex(sheet01, n, 4, pageDouble): null

08-11-2024T09:38:17 - [TEST_STEP][PASSED] - setValueToCellByIndex(sheet01, n, 5, m): null

08-11-2024T09:38:17 - [TEST_STEP][PASSED] - setValueToCellByIndex(sheet01, n, 6, y): null

08-11-2024T09:38:17 - [TEST_STEP][PASSED] - setValueToCellByIndex(sheet01, n, 7, todaysDate): null

08-11-2024T09:38:17 - [TEST_STEP][PASSED] - n = n + 1: null

08-11-2024T09:38:17 - [TEST_STEP][PASSED] - saveWorkbook(excelFilePath, workbook01): null

08-11-2024T09:38:17 - [TEST_STEP][FAILED] - if (verifyEqual(numberOfErrors, 0) == false): null

08-11-2024T09:38:17 - [MESSAGE][FAILED] - Unable to verify equal between actual object '6' and expected object '0' (Root cause: com.kms.katalon.core.exception.StepFailedException: Actual object '6' and expected object '0' are not equal
	at com.kms.katalon.core.keyword.builtin.VerifyEqualKeyword$_verifyEqual_closure1.doCall(VerifyEqualKeyword.groovy:58)
	at com.kms.katalon.core.keyword.builtin.VerifyEqualKeyword$_verifyEqual_closure1.call(VerifyEqualKeyword.groovy)
	at com.kms.katalon.core.keyword.internal.KeywordMain.runKeyword(KeywordMain.groovy:75)
	at com.kms.katalon.core.keyword.builtin.VerifyEqualKeyword.verifyEqual(VerifyEqualKeyword.groovy:63)
	at com.kms.katalon.core.keyword.builtin.VerifyEqualKeyword.execute(VerifyEqualKeyword.groovy:44)
	at com.kms.katalon.core.keyword.internal.KeywordExecutor.executeKeywordForPlatform(KeywordExecutor.groovy:74)
	at com.kms.katalon.core.keyword.BuiltinKeywords.verifyEqual(BuiltinKeywords.groovy:146)
	at jdk.internal.reflect.GeneratedMethodAccessor25.invoke(Unknown Source)
	at java.base/jdk.internal.reflect.DelegatingMethodAccessorImpl.invoke(DelegatingMethodAccessorImpl.java:43)
	at Выполнение бизнес-плана Сверка ПАО Россети все филиалы.Numbers(Выполнение бизнес-плана Сверка ПАО Россети все филиалы:740)
	at Выполнение бизнес-плана Сверка ПАО Россети все филиалы.Filials(Выполнение бизнес-плана Сверка ПАО Россети все филиалы:1235)
	at Выполнение бизнес-плана Сверка ПАО Россети все филиалы.Numbers(Выполнение бизнес-плана Сверка ПАО Россети все филиалы:745)
	at Выполнение бизнес-плана Сверка ПАО Россети все филиалы.run(Выполнение бизнес-плана Сверка ПАО Россети все филиалы:388)
	at com.kms.katalon.core.main.ScriptEngine.run(ScriptEngine.java:194)
	at com.kms.katalon.core.main.ScriptEngine.runScriptAsRawText(ScriptEngine.java:119)
	at com.kms.katalon.core.main.TestCaseExecutor.runScript(TestCaseExecutor.java:448)
	at com.kms.katalon.core.main.TestCaseExecutor.doExecute(TestCaseExecutor.java:439)
	at com.kms.katalon.core.main.TestCaseExecutor.processExecutionPhase(TestCaseExecutor.java:418)
	at com.kms.katalon.core.main.TestCaseExecutor.accessMainPhase(TestCaseExecutor.java:410)
	at com.kms.katalon.core.main.TestCaseExecutor.execute(TestCaseExecutor.java:285)
	at com.kms.katalon.core.common.CommonExecutor.accessTestCaseMainPhase(CommonExecutor.java:65)
	at com.kms.katalon.core.main.TestSuiteExecutor.accessTestSuiteMainPhase(TestSuiteExecutor.java:150)
	at com.kms.katalon.core.main.TestSuiteExecutor.execute(TestSuiteExecutor.java:106)
	at com.kms.katalon.core.main.TestCaseMain.startTestSuite(TestCaseMain.java:180)
	at TempTestSuite1731039737176.run(TempTestSuite1731039737176.groovy:35)
	at java.base/jdk.internal.reflect.NativeMethodAccessorImpl.invoke0(Native Method)
	at java.base/jdk.internal.reflect.NativeMethodAccessorImpl.invoke(NativeMethodAccessorImpl.java:77)
	at java.base/jdk.internal.reflect.DelegatingMethodAccessorImpl.invoke(DelegatingMethodAccessorImpl.java:43)
)

08-11-2024T09:38:17 - [TEST_STEP][PASSED] - println(numberOfErrors): null

08-11-2024T09:38:17 - [TEST_STEP][PASSED] - if (a == 28 || a == 77 || a == 74 || a == 65 || a == 36 || a == 44 || a == 54 || a == 1 || a == 18 || a == 59): null

08-11-2024T09:38:17 - [TEST_STEP][PASSED] - if (a == 82): null

08-11-2024T09:38:17 - [TEST_STEP][PASSED] - dZO = "Курскэнерго": null

08-11-2024T09:38:17 - [TEST_STEP][PASSED] - a = 6: null

08-11-2024T09:38:17 - [TEST_STEP][PASSED] - if (x2.contains(dZO)): null

08-11-2024T09:38:17 - [TEST_STEP][PASSED] - filialNum = filialNum + 1: null

08-11-2024T09:38:17 - [TEST_STEP][PASSED] - Script1718980020443.Numbers(a, typeOfData, todaysDate, pageInt, fileInt, pageDouble, fileDouble, dZO, dzoNum, filialNum): null

08-11-2024T09:38:17 - [TEST_STEP][PASSED] - println(dzoNum): null

08-11-2024T09:38:17 - [TEST_STEP][PASSED] - planFact = <not implemented yet for class: org.codehaus.groovy.ast.expr.EmptyExpression>: null

08-11-2024T09:38:17 - [TEST_STEP][PASSED] - page = <not implemented yet for class: org.codehaus.groovy.ast.expr.EmptyExpression>: null

08-11-2024T09:38:17 - [TEST_STEP][PASSED] - page1 = <not implemented yet for class: org.codehaus.groovy.ast.expr.EmptyExpression>: null

08-11-2024T09:38:17 - [TEST_STEP][PASSED] - page2 = <not implemented yet for class: org.codehaus.groovy.ast.expr.EmptyExpression>: null

08-11-2024T09:38:17 - [TEST_STEP][PASSED] - filialNumberInRow = <not implemented yet for class: org.codehaus.groovy.ast.expr.EmptyExpression>: null

08-11-2024T09:38:17 - [TEST_STEP][PASSED] - filialsDzoNames = <not implemented yet for class: org.codehaus.groovy.ast.expr.EmptyExpression>: null

08-11-2024T09:38:17 - [TEST_STEP][PASSED] - numberOfFilials = <not implemented yet for class: org.codehaus.groovy.ast.expr.EmptyExpression>: null

08-11-2024T09:38:17 - [TEST_STEP][PASSED] - numberOfSpaces = <not implemented yet for class: org.codehaus.groovy.ast.expr.EmptyExpression>: null

08-11-2024T09:38:17 - [TEST_STEP][PASSED] - file = <not implemented yet for class: org.codehaus.groovy.ast.expr.EmptyExpression>: null

08-11-2024T09:38:17 - [TEST_STEP][PASSED] - otpusk = <not implemented yet for class: org.codehaus.groovy.ast.expr.EmptyExpression>: null

08-11-2024T09:38:17 - [TEST_STEP][PASSED] - poteri = <not implemented yet for class: org.codehaus.groovy.ast.expr.EmptyExpression>: null

08-11-2024T09:38:17 - [TEST_STEP][PASSED] - dataFolder = "Выполнение бизнес-плана/Значения со страницы Выполнение бизнес-плана/": null

08-11-2024T09:38:17 - [TEST_STEP][PASSED] - path = <not implemented yet for class: org.codehaus.groovy.ast.expr.EmptyExpression>: null

08-11-2024T09:38:17 - [TEST_STEP][PASSED] - typeOfDataMain = <not implemented yet for class: org.codehaus.groovy.ast.expr.EmptyExpression>: null

08-11-2024T09:38:17 - [TEST_STEP][PASSED] - fileOtpuskVSet = <not implemented yet for class: org.codehaus.groovy.ast.expr.EmptyExpression>: null

08-11-2024T09:38:17 - [TEST_STEP][PASSED] - pageOtpuskVSet = <not implemented yet for class: org.codehaus.groovy.ast.expr.EmptyExpression>: null

08-11-2024T09:38:17 - [TEST_STEP][PASSED] - filePoteri = <not implemented yet for class: org.codehaus.groovy.ast.expr.EmptyExpression>: null

08-11-2024T09:38:17 - [TEST_STEP][PASSED] - pagePoteri = <not implemented yet for class: org.codehaus.groovy.ast.expr.EmptyExpression>: null

08-11-2024T09:38:17 - [TEST_STEP][PASSED] - compare = <not implemented yet for class: org.codehaus.groovy.ast.expr.EmptyExpression>: null

08-11-2024T09:38:17 - [TEST_STEP][PASSED] - b = <not implemented yet for class: org.codehaus.groovy.ast.expr.EmptyExpression>: null

08-11-2024T09:38:17 - [TEST_STEP][PASSED] - i = <not implemented yet for class: org.codehaus.groovy.ast.expr.EmptyExpression>: null

08-11-2024T09:38:17 - [TEST_STEP][PASSED] - ii = <not implemented yet for class: org.codehaus.groovy.ast.expr.EmptyExpression>: null

08-11-2024T09:38:17 - [TEST_STEP][PASSED] - c = <not implemented yet for class: org.codehaus.groovy.ast.expr.EmptyExpression>: null

08-11-2024T09:38:17 - [TEST_STEP][PASSED] - numberOfErrors = 0: null

08-11-2024T09:38:17 - [TEST_STEP][PASSED] - if (a == 82): null

08-11-2024T09:38:17 - [TEST_STEP][PASSED] - b = findTestData("PlanFact").getValue(1, a): null

08-11-2024T09:38:17 - [TEST_STEP][PASSED] - i = b.indexOf(" (ГК)"): null

08-11-2024T09:38:17 - [TEST_STEP][PASSED] - if (i > -1): null

08-11-2024T09:38:17 - [TEST_STEP][PASSED] - i = b.indexOf("О ""): null

08-11-2024T09:38:17 - [TEST_STEP][PASSED] - if (i > -1): null

08-11-2024T09:38:17 - [TEST_STEP][PASSED] - i = b.indexOf("О «"): null

08-11-2024T09:38:17 - [TEST_STEP][PASSED] - if (i > -1): null

08-11-2024T09:38:17 - [TEST_STEP][PASSED] - i = b.indexOf("г. "): null

08-11-2024T09:38:17 - [TEST_STEP][PASSED] - if (i > -1): null

08-11-2024T09:38:17 - [TEST_STEP][PASSED] - println(b): null

08-11-2024T09:38:17 - [TEST_STEP][PASSED] - for ([planFact = 1, planFact < 3, (planFact++)]): Object: 'Object Repository/Выполнение бизнес-плана/Кнопка Факт' is clicked on

08-11-2024T09:38:17 - [TEST_STEP][PASSED] - if (planFact == 1): null

08-11-2024T09:38:17 - [TEST_STEP][PASSED] - typeOfDataMain = "Факт": null

08-11-2024T09:38:17 - [TEST_STEP][PASSED] - otpusk = findTestData("PlanFact").getValue(5, a): null

08-11-2024T09:38:17 - [TEST_STEP][PASSED] - poteri = findTestData("PlanFact").getValue(6, a): null

08-11-2024T09:38:17 - [TEST_STEP][PASSED] - otpusk = otpusk.replaceAll("\s+", ""): null

08-11-2024T09:38:17 - [TEST_STEP][PASSED] - poteri = poteri.replaceAll("\s+", ""): null

08-11-2024T09:38:17 - [TEST_STEP][PASSED] - typeOfData = typeOfDataMain + " Отпуск в сеть": null

08-11-2024T09:38:17 - [TEST_STEP][PASSED] - if (a == 82): null

08-11-2024T09:38:17 - [TEST_STEP][PASSED] - else if (a == 84): null

08-11-2024T09:38:17 - [TEST_STEP][PASSED] - else if (a == 52 || a == 72 || a == 28 || a == 73 || a == 77 || a == 74 || a == 65 || a == 36 || a == 44 || a == 53 || a == 80 || a == 54 || a == 1 || a == 18 || a == 59 || a == 81): null

08-11-2024T09:38:17 - [TEST_STEP][PASSED] - else: null

08-11-2024T09:38:17 - [TEST_STEP][PASSED] - path = dataFolder + typeOfData + " за отчётный период " + b: null

08-11-2024T09:38:17 - [TEST_STEP][PASSED] - println(path): null

08-11-2024T09:38:17 - [TEST_STEP][PASSED] - page = getText(findTestObject(path)): Text of object 'Object Repository/Выполнение бизнес-плана/Значения со страницы Выполнение бизнес-плана/Факт Отпуск в сеть за отчётный период Курскэнерго' is: '2 718 509'

08-11-2024T09:38:47 - [MESSAGE][PASSED] - Text of object 'Object Repository/Выполнение бизнес-плана/Значения со страницы Выполнение бизнес-плана/Факт Отпуск в сеть за отчётный период Курскэнерго' is: '2 718 509'

08-11-2024T09:38:47 - [TEST_STEP][PASSED] - page = page.replaceAll("\s+", ""): null

08-11-2024T09:38:47 - [TEST_STEP][PASSED] - fileOtpuskVSet = otpusk.toInteger(): null

08-11-2024T09:38:47 - [TEST_STEP][PASSED] - pageOtpuskVSet = page.toInteger(): null

08-11-2024T09:38:47 - [TEST_STEP][PASSED] - typeOfData = typeOfDataMain + " Потери": null

08-11-2024T09:38:47 - [TEST_STEP][PASSED] - if (a == 82): null

08-11-2024T09:38:47 - [TEST_STEP][PASSED] - else if (a == 84): null

08-11-2024T09:38:47 - [TEST_STEP][PASSED] - else if (a == 52 || a == 72 || a == 28 || a == 73 || a == 77 || a == 74 || a == 65 || a == 36 || a == 44 || a == 53 || a == 80 || a == 54 || a == 1 || a == 18 || a == 59 || a == 81): null

08-11-2024T09:38:47 - [TEST_STEP][PASSED] - else: null

08-11-2024T09:38:47 - [TEST_STEP][PASSED] - path = dataFolder + typeOfData + " за отчётный период " + b: null

08-11-2024T09:38:47 - [TEST_STEP][PASSED] - page = getText(findTestObject(path)): Text of object 'Object Repository/Выполнение бизнес-плана/Значения со страницы Выполнение бизнес-плана/Факт Потери за отчётный период Курскэнерго' is: '261 582'

08-11-2024T09:39:17 - [MESSAGE][PASSED] - Text of object 'Object Repository/Выполнение бизнес-плана/Значения со страницы Выполнение бизнес-плана/Факт Потери за отчётный период Курскэнерго' is: '261 582'

08-11-2024T09:39:17 - [TEST_STEP][PASSED] - page = page.replaceAll("\s+", ""): null

08-11-2024T09:39:17 - [TEST_STEP][PASSED] - filePoteri = poteri.toInteger(): null

08-11-2024T09:39:17 - [TEST_STEP][PASSED] - pagePoteri = page.toInteger(): null

08-11-2024T09:39:17 - [TEST_STEP][PASSED] - compare = pageOtpuskVSet: null

08-11-2024T09:39:17 - [TEST_STEP][PASSED] - if (compare == fileOtpuskVSet): null

08-11-2024T09:39:17 - [TEST_STEP][PASSED] - if (compare == fileOtpuskVSet): null

08-11-2024T09:39:17 - [TEST_STEP][PASSED] - compare = pagePoteri: null

08-11-2024T09:39:17 - [TEST_STEP][PASSED] - if (compare == filePoteri): null

08-11-2024T09:39:17 - [TEST_STEP][PASSED] - if (compare == filePoteri): null

08-11-2024T09:39:17 - [TEST_STEP][PASSED] - if (planFact == 2): null

08-11-2024T09:39:17 - [TEST_STEP][PASSED] - if (planFact == 1): null

08-11-2024T09:39:17 - [TEST_STEP][PASSED] - else if (planFact == 2): null

08-11-2024T09:39:17 - [TEST_STEP][PASSED] - click(findTestObject("Выполнение бизнес-плана/Кнопка План")): Object: 'Object Repository/Выполнение бизнес-плана/Кнопка План' is clicked on

08-11-2024T09:39:48 - [MESSAGE][PASSED] - Object: 'Object Repository/Выполнение бизнес-плана/Кнопка План' is clicked on

08-11-2024T09:39:48 - [TEST_STEP][PASSED] - typeOfDataMain = "План": null

08-11-2024T09:39:48 - [TEST_STEP][PASSED] - otpusk = findTestData("PlanFact").getValue(2, a): null

08-11-2024T09:39:48 - [TEST_STEP][PASSED] - poteri = findTestData("PlanFact").getValue(3, a): null

08-11-2024T09:39:48 - [TEST_STEP][PASSED] - otpusk = otpusk.replaceAll("\s+", ""): null

08-11-2024T09:39:48 - [TEST_STEP][PASSED] - poteri = poteri.replaceAll("\s+", ""): null

08-11-2024T09:39:48 - [TEST_STEP][PASSED] - typeOfData = typeOfDataMain + " Отпуск в сеть": null

08-11-2024T09:39:48 - [TEST_STEP][PASSED] - if (a == 82): null

08-11-2024T09:39:48 - [TEST_STEP][PASSED] - else if (a == 84): null

08-11-2024T09:39:48 - [TEST_STEP][PASSED] - else if (a == 52 || a == 72 || a == 28 || a == 73 || a == 77 || a == 74 || a == 65 || a == 36 || a == 44 || a == 53 || a == 80 || a == 54 || a == 1 || a == 18 || a == 59 || a == 81): null

08-11-2024T09:39:48 - [TEST_STEP][PASSED] - else: null

08-11-2024T09:39:48 - [TEST_STEP][PASSED] - path = dataFolder + typeOfData + " за отчётный период " + b: null

08-11-2024T09:39:48 - [TEST_STEP][PASSED] - println(path): null

08-11-2024T09:39:48 - [TEST_STEP][PASSED] - page = getText(findTestObject(path)): Text of object 'Object Repository/Выполнение бизнес-плана/Значения со страницы Выполнение бизнес-плана/План Отпуск в сеть за отчётный период Курскэнерго' is: '2 733 186'

08-11-2024T09:40:18 - [MESSAGE][PASSED] - Text of object 'Object Repository/Выполнение бизнес-плана/Значения со страницы Выполнение бизнес-плана/План Отпуск в сеть за отчётный период Курскэнерго' is: '2 733 186'

08-11-2024T09:40:18 - [TEST_STEP][PASSED] - page = page.replaceAll("\s+", ""): null

08-11-2024T09:40:18 - [TEST_STEP][PASSED] - fileOtpuskVSet = otpusk.toInteger(): null

08-11-2024T09:40:18 - [TEST_STEP][PASSED] - pageOtpuskVSet = page.toInteger(): null

08-11-2024T09:40:18 - [TEST_STEP][PASSED] - typeOfData = typeOfDataMain + " Потери": null

08-11-2024T09:40:18 - [TEST_STEP][PASSED] - if (a == 82): null

08-11-2024T09:40:18 - [TEST_STEP][PASSED] - else if (a == 84): null

08-11-2024T09:40:18 - [TEST_STEP][PASSED] - else if (a == 52 || a == 72 || a == 28 || a == 73 || a == 77 || a == 74 || a == 65 || a == 36 || a == 44 || a == 53 || a == 80 || a == 54 || a == 1 || a == 18 || a == 59 || a == 81): null

08-11-2024T09:40:18 - [TEST_STEP][PASSED] - else: null

08-11-2024T09:40:18 - [TEST_STEP][PASSED] - path = dataFolder + typeOfData + " за отчётный период " + b: null

08-11-2024T09:40:18 - [TEST_STEP][PASSED] - page = getText(findTestObject(path)): Text of object 'Object Repository/Выполнение бизнес-плана/Значения со страницы Выполнение бизнес-плана/План Потери за отчётный период Курскэнерго' is: '292 749'

08-11-2024T09:40:48 - [MESSAGE][PASSED] - Text of object 'Object Repository/Выполнение бизнес-плана/Значения со страницы Выполнение бизнес-плана/План Потери за отчётный период Курскэнерго' is: '292 749'

08-11-2024T09:40:48 - [TEST_STEP][PASSED] - page = page.replaceAll("\s+", ""): null

08-11-2024T09:40:48 - [TEST_STEP][PASSED] - filePoteri = poteri.toInteger(): null

08-11-2024T09:40:48 - [TEST_STEP][PASSED] - pagePoteri = page.toInteger(): null

08-11-2024T09:40:48 - [TEST_STEP][PASSED] - compare = pageOtpuskVSet: null

08-11-2024T09:40:48 - [TEST_STEP][PASSED] - if (compare == fileOtpuskVSet): null

08-11-2024T09:40:48 - [TEST_STEP][PASSED] - if (compare == fileOtpuskVSet): null

08-11-2024T09:40:48 - [TEST_STEP][PASSED] - compare = pagePoteri: null

08-11-2024T09:40:48 - [TEST_STEP][PASSED] - if (compare == filePoteri): null

08-11-2024T09:40:48 - [TEST_STEP][PASSED] - if (compare == filePoteri): null

08-11-2024T09:40:48 - [TEST_STEP][PASSED] - if (planFact == 2): Object: 'Object Repository/Выполнение бизнес-плана/Кнопка Факт' is clicked on

08-11-2024T09:40:48 - [TEST_STEP][PASSED] - click(findTestObject("Выполнение бизнес-плана/Кнопка Факт")): Object: 'Object Repository/Выполнение бизнес-плана/Кнопка Факт' is clicked on

08-11-2024T09:41:18 - [MESSAGE][PASSED] - Object: 'Object Repository/Выполнение бизнес-плана/Кнопка Факт' is clicked on

08-11-2024T09:41:18 - [TEST_STEP][PASSED] - if (a == 84 || a == 82): null

08-11-2024T09:41:18 - [TEST_STEP][PASSED] - else if (a == 52 || a == 72 || a == 28 || a == 73 || a == 77 || a == 74 || a == 65 || a == 36 || a == 44 || a == 53 || a == 80 || a == 54 || a == 1 || a == 18 || a == 59 || a == 81): null

08-11-2024T09:41:18 - [TEST_STEP][PASSED] - else: null

08-11-2024T09:41:18 - [TEST_STEP][PASSED] - page1 = getText(findTestObject("Object Repository/Выполнение бизнес-плана/spanPlan" + filialNum)): Text of object 'Object Repository/Выполнение бизнес-плана/spanPlan8' is: '10.71
|'

08-11-2024T09:41:48 - [MESSAGE][PASSED] - Text of object 'Object Repository/Выполнение бизнес-плана/spanPlan8' is: '10.71
|'

08-11-2024T09:41:48 - [TEST_STEP][PASSED] - page1 = page1.replace("|", ""): null

08-11-2024T09:41:48 - [TEST_STEP][PASSED] - page2 = getText(findTestObject("Object Repository/Выполнение бизнес-плана/spanFact" + filialNum)): Text of object 'Object Repository/Выполнение бизнес-плана/spanFact8' is: '9.62
|'

08-11-2024T09:42:18 - [MESSAGE][PASSED] - Text of object 'Object Repository/Выполнение бизнес-плана/spanFact8' is: '9.62
|'

08-11-2024T09:42:18 - [TEST_STEP][PASSED] - page2 = page2.replace("|", ""): null

08-11-2024T09:42:18 - [TEST_STEP][PASSED] - println("page1: " + page1): null

08-11-2024T09:42:18 - [TEST_STEP][PASSED] - println("page2: " + page2): null

08-11-2024T09:42:18 - [TEST_STEP][PASSED] - file = findTestData("PlanFact").getValue(4, a): null

08-11-2024T09:42:18 - [TEST_STEP][PASSED] - file = file.replace(",", "."): null

08-11-2024T09:42:18 - [TEST_STEP][PASSED] - println("file Plan: " + file): null

08-11-2024T09:42:18 - [TEST_STEP][PASSED] - typeOfData = "План в процентах": null

08-11-2024T09:42:18 - [TEST_STEP][PASSED] - fileDouble = file.toDouble(): null

08-11-2024T09:42:18 - [TEST_STEP][PASSED] - pageDouble = page1.toDouble(): null

08-11-2024T09:42:18 - [TEST_STEP][PASSED] - if (fileDouble != pageDouble): null

08-11-2024T09:42:18 - [TEST_STEP][PASSED] - file = findTestData("PlanFact").getValue(7, a): null

08-11-2024T09:42:18 - [TEST_STEP][PASSED] - file = file.replace(",", "."): null

08-11-2024T09:42:18 - [TEST_STEP][PASSED] - println("file Fact: " + file): null

08-11-2024T09:42:18 - [TEST_STEP][PASSED] - fileDouble = file.toDouble(): null

08-11-2024T09:42:18 - [TEST_STEP][PASSED] - typeOfData = "Факт в процентах": null

08-11-2024T09:42:18 - [TEST_STEP][PASSED] - fileDouble = file.toDouble(): null

08-11-2024T09:42:18 - [TEST_STEP][PASSED] - pageDouble = page2.toDouble(): null

08-11-2024T09:42:18 - [TEST_STEP][PASSED] - if (fileDouble != pageDouble): null

08-11-2024T09:42:18 - [TEST_STEP][PASSED] - if (verifyEqual(numberOfErrors, 0) == false): Actual object '0' and expected object '0' are equal

08-11-2024T09:42:18 - [MESSAGE][PASSED] - Actual object '0' and expected object '0' are equal

08-11-2024T09:42:18 - [TEST_STEP][PASSED] - if (a == 82): null

08-11-2024T09:42:18 - [TEST_STEP][PASSED] - dZO = "Липецкэнерго": null

08-11-2024T09:42:18 - [TEST_STEP][PASSED] - a = 7: null

08-11-2024T09:42:18 - [TEST_STEP][PASSED] - if (x2.contains(dZO)): null

08-11-2024T09:42:18 - [TEST_STEP][PASSED] - filialNum = filialNum + 1: null

08-11-2024T09:42:18 - [TEST_STEP][PASSED] - Script1718980020443.Numbers(a, typeOfData, todaysDate, pageInt, fileInt, pageDouble, fileDouble, dZO, dzoNum, filialNum): null

08-11-2024T09:42:18 - [TEST_STEP][PASSED] - println(dzoNum): null

08-11-2024T09:42:18 - [TEST_STEP][PASSED] - planFact = <not implemented yet for class: org.codehaus.groovy.ast.expr.EmptyExpression>: null

08-11-2024T09:42:18 - [TEST_STEP][PASSED] - page = <not implemented yet for class: org.codehaus.groovy.ast.expr.EmptyExpression>: null

08-11-2024T09:42:18 - [TEST_STEP][PASSED] - page1 = <not implemented yet for class: org.codehaus.groovy.ast.expr.EmptyExpression>: null

08-11-2024T09:42:18 - [TEST_STEP][PASSED] - page2 = <not implemented yet for class: org.codehaus.groovy.ast.expr.EmptyExpression>: null

08-11-2024T09:42:18 - [TEST_STEP][PASSED] - filialNumberInRow = <not implemented yet for class: org.codehaus.groovy.ast.expr.EmptyExpression>: null

08-11-2024T09:42:18 - [TEST_STEP][PASSED] - filialsDzoNames = <not implemented yet for class: org.codehaus.groovy.ast.expr.EmptyExpression>: null

08-11-2024T09:42:18 - [TEST_STEP][PASSED] - numberOfFilials = <not implemented yet for class: org.codehaus.groovy.ast.expr.EmptyExpression>: null

08-11-2024T09:42:18 - [TEST_STEP][PASSED] - numberOfSpaces = <not implemented yet for class: org.codehaus.groovy.ast.expr.EmptyExpression>: null

08-11-2024T09:42:18 - [TEST_STEP][PASSED] - file = <not implemented yet for class: org.codehaus.groovy.ast.expr.EmptyExpression>: null

08-11-2024T09:42:18 - [TEST_STEP][PASSED] - otpusk = <not implemented yet for class: org.codehaus.groovy.ast.expr.EmptyExpression>: null

08-11-2024T09:42:18 - [TEST_STEP][PASSED] - poteri = <not implemented yet for class: org.codehaus.groovy.ast.expr.EmptyExpression>: null

08-11-2024T09:42:18 - [TEST_STEP][PASSED] - dataFolder = "Выполнение бизнес-плана/Значения со страницы Выполнение бизнес-плана/": null

08-11-2024T09:42:18 - [TEST_STEP][PASSED] - path = <not implemented yet for class: org.codehaus.groovy.ast.expr.EmptyExpression>: null

08-11-2024T09:42:18 - [TEST_STEP][PASSED] - typeOfDataMain = <not implemented yet for class: org.codehaus.groovy.ast.expr.EmptyExpression>: null

08-11-2024T09:42:18 - [TEST_STEP][PASSED] - fileOtpuskVSet = <not implemented yet for class: org.codehaus.groovy.ast.expr.EmptyExpression>: null

08-11-2024T09:42:18 - [TEST_STEP][PASSED] - pageOtpuskVSet = <not implemented yet for class: org.codehaus.groovy.ast.expr.EmptyExpression>: null

08-11-2024T09:42:18 - [TEST_STEP][PASSED] - filePoteri = <not implemented yet for class: org.codehaus.groovy.ast.expr.EmptyExpression>: null

08-11-2024T09:42:18 - [TEST_STEP][PASSED] - pagePoteri = <not implemented yet for class: org.codehaus.groovy.ast.expr.EmptyExpression>: null

08-11-2024T09:42:18 - [TEST_STEP][PASSED] - compare = <not implemented yet for class: org.codehaus.groovy.ast.expr.EmptyExpression>: null

08-11-2024T09:42:18 - [TEST_STEP][PASSED] - b = <not implemented yet for class: org.codehaus.groovy.ast.expr.EmptyExpression>: null

08-11-2024T09:42:18 - [TEST_STEP][PASSED] - i = <not implemented yet for class: org.codehaus.groovy.ast.expr.EmptyExpression>: null

08-11-2024T09:42:18 - [TEST_STEP][PASSED] - ii = <not implemented yet for class: org.codehaus.groovy.ast.expr.EmptyExpression>: null

08-11-2024T09:42:18 - [TEST_STEP][PASSED] - c = <not implemented yet for class: org.codehaus.groovy.ast.expr.EmptyExpression>: null

08-11-2024T09:42:18 - [TEST_STEP][PASSED] - numberOfErrors = 0: null

08-11-2024T09:42:18 - [TEST_STEP][PASSED] - if (a == 82): null

08-11-2024T09:42:18 - [TEST_STEP][PASSED] - b = findTestData("PlanFact").getValue(1, a): null

08-11-2024T09:42:18 - [TEST_STEP][PASSED] - i = b.indexOf(" (ГК)"): null

08-11-2024T09:42:18 - [TEST_STEP][PASSED] - if (i > -1): null

08-11-2024T09:42:18 - [TEST_STEP][PASSED] - i = b.indexOf("О ""): null

08-11-2024T09:42:18 - [TEST_STEP][PASSED] - if (i > -1): null

08-11-2024T09:42:18 - [TEST_STEP][PASSED] - i = b.indexOf("О «"): null

08-11-2024T09:42:18 - [TEST_STEP][PASSED] - if (i > -1): null

08-11-2024T09:42:18 - [TEST_STEP][PASSED] - i = b.indexOf("г. "): null

08-11-2024T09:42:18 - [TEST_STEP][PASSED] - if (i > -1): null

08-11-2024T09:42:18 - [TEST_STEP][PASSED] - println(b): null

08-11-2024T09:42:18 - [TEST_STEP][PASSED] - for ([planFact = 1, planFact < 3, (planFact++)]): Object: 'Object Repository/Выполнение бизнес-плана/Кнопка Факт' is clicked on

08-11-2024T09:42:18 - [TEST_STEP][PASSED] - if (planFact == 1): null

08-11-2024T09:42:18 - [TEST_STEP][PASSED] - typeOfDataMain = "Факт": null

08-11-2024T09:42:18 - [TEST_STEP][PASSED] - otpusk = findTestData("PlanFact").getValue(5, a): null

08-11-2024T09:42:18 - [TEST_STEP][PASSED] - poteri = findTestData("PlanFact").getValue(6, a): null

08-11-2024T09:42:18 - [TEST_STEP][PASSED] - otpusk = otpusk.replaceAll("\s+", ""): null

08-11-2024T09:42:18 - [TEST_STEP][PASSED] - poteri = poteri.replaceAll("\s+", ""): null

08-11-2024T09:42:18 - [TEST_STEP][PASSED] - typeOfData = typeOfDataMain + " Отпуск в сеть": null

08-11-2024T09:42:18 - [TEST_STEP][PASSED] - if (a == 82): null

08-11-2024T09:42:18 - [TEST_STEP][PASSED] - else if (a == 84): null

08-11-2024T09:42:18 - [TEST_STEP][PASSED] - else if (a == 52 || a == 72 || a == 28 || a == 73 || a == 77 || a == 74 || a == 65 || a == 36 || a == 44 || a == 53 || a == 80 || a == 54 || a == 1 || a == 18 || a == 59 || a == 81): null

08-11-2024T09:42:18 - [TEST_STEP][PASSED] - else: null

08-11-2024T09:42:18 - [TEST_STEP][PASSED] - path = dataFolder + typeOfData + " за отчётный период " + b: null

08-11-2024T09:42:18 - [TEST_STEP][PASSED] - println(path): null

08-11-2024T09:42:18 - [TEST_STEP][PASSED] - page = getText(findTestObject(path)): Text of object 'Object Repository/Выполнение бизнес-плана/Значения со страницы Выполнение бизнес-плана/Факт Отпуск в сеть за отчётный период Липецкэнерго' is: '4 025 919'

08-11-2024T09:42:48 - [MESSAGE][PASSED] - Text of object 'Object Repository/Выполнение бизнес-плана/Значения со страницы Выполнение бизнес-плана/Факт Отпуск в сеть за отчётный период Липецкэнерго' is: '4 025 919'

08-11-2024T09:42:48 - [TEST_STEP][PASSED] - page = page.replaceAll("\s+", ""): null

08-11-2024T09:42:48 - [TEST_STEP][PASSED] - fileOtpuskVSet = otpusk.toInteger(): null

08-11-2024T09:42:48 - [TEST_STEP][PASSED] - pageOtpuskVSet = page.toInteger(): null

08-11-2024T09:42:48 - [TEST_STEP][PASSED] - typeOfData = typeOfDataMain + " Потери": null

08-11-2024T09:42:48 - [TEST_STEP][PASSED] - if (a == 82): null

08-11-2024T09:42:48 - [TEST_STEP][PASSED] - else if (a == 84): null

08-11-2024T09:42:48 - [TEST_STEP][PASSED] - else if (a == 52 || a == 72 || a == 28 || a == 73 || a == 77 || a == 74 || a == 65 || a == 36 || a == 44 || a == 53 || a == 80 || a == 54 || a == 1 || a == 18 || a == 59 || a == 81): null

08-11-2024T09:42:48 - [TEST_STEP][PASSED] - else: null

08-11-2024T09:42:48 - [TEST_STEP][PASSED] - path = dataFolder + typeOfData + " за отчётный период " + b: null

08-11-2024T09:42:48 - [TEST_STEP][PASSED] - page = getText(findTestObject(path)): Text of object 'Object Repository/Выполнение бизнес-плана/Значения со страницы Выполнение бизнес-плана/Факт Потери за отчётный период Липецкэнерго' is: '547 375'

08-11-2024T09:43:19 - [MESSAGE][PASSED] - Text of object 'Object Repository/Выполнение бизнес-плана/Значения со страницы Выполнение бизнес-плана/Факт Потери за отчётный период Липецкэнерго' is: '547 375'

08-11-2024T09:43:19 - [TEST_STEP][PASSED] - page = page.replaceAll("\s+", ""): null

08-11-2024T09:43:19 - [TEST_STEP][PASSED] - filePoteri = poteri.toInteger(): null

08-11-2024T09:43:19 - [TEST_STEP][PASSED] - pagePoteri = page.toInteger(): null

08-11-2024T09:43:19 - [TEST_STEP][PASSED] - compare = pageOtpuskVSet: null

08-11-2024T09:43:19 - [TEST_STEP][PASSED] - if (compare == fileOtpuskVSet): null

08-11-2024T09:43:19 - [TEST_STEP][PASSED] - if (compare == fileOtpuskVSet): null

08-11-2024T09:43:19 - [TEST_STEP][PASSED] - compare = pagePoteri: null

08-11-2024T09:43:19 - [TEST_STEP][PASSED] - if (compare == filePoteri): null

08-11-2024T09:43:19 - [TEST_STEP][PASSED] - if (compare == filePoteri): null

08-11-2024T09:43:19 - [TEST_STEP][PASSED] - if (planFact == 2): null

08-11-2024T09:43:19 - [TEST_STEP][PASSED] - if (planFact == 1): null

08-11-2024T09:43:19 - [TEST_STEP][PASSED] - else if (planFact == 2): null

08-11-2024T09:43:19 - [TEST_STEP][PASSED] - click(findTestObject("Выполнение бизнес-плана/Кнопка План")): Object: 'Object Repository/Выполнение бизнес-плана/Кнопка План' is clicked on

08-11-2024T09:43:49 - [MESSAGE][PASSED] - Object: 'Object Repository/Выполнение бизнес-плана/Кнопка План' is clicked on

08-11-2024T09:43:49 - [TEST_STEP][PASSED] - typeOfDataMain = "План": null

08-11-2024T09:43:49 - [TEST_STEP][PASSED] - otpusk = findTestData("PlanFact").getValue(2, a): null

08-11-2024T09:43:49 - [TEST_STEP][PASSED] - poteri = findTestData("PlanFact").getValue(3, a): null

08-11-2024T09:43:49 - [TEST_STEP][PASSED] - otpusk = otpusk.replaceAll("\s+", ""): null

08-11-2024T09:43:49 - [TEST_STEP][PASSED] - poteri = poteri.replaceAll("\s+", ""): null

08-11-2024T09:43:49 - [TEST_STEP][PASSED] - typeOfData = typeOfDataMain + " Отпуск в сеть": null

08-11-2024T09:43:49 - [TEST_STEP][PASSED] - if (a == 82): null

08-11-2024T09:43:49 - [TEST_STEP][PASSED] - else if (a == 84): null

08-11-2024T09:43:49 - [TEST_STEP][PASSED] - else if (a == 52 || a == 72 || a == 28 || a == 73 || a == 77 || a == 74 || a == 65 || a == 36 || a == 44 || a == 53 || a == 80 || a == 54 || a == 1 || a == 18 || a == 59 || a == 81): null

08-11-2024T09:43:49 - [TEST_STEP][PASSED] - else: null

08-11-2024T09:43:49 - [TEST_STEP][PASSED] - path = dataFolder + typeOfData + " за отчётный период " + b: null

08-11-2024T09:43:49 - [TEST_STEP][PASSED] - println(path): null

08-11-2024T09:43:49 - [TEST_STEP][PASSED] - page = getText(findTestObject(path)): Text of object 'Object Repository/Выполнение бизнес-плана/Значения со страницы Выполнение бизнес-плана/План Отпуск в сеть за отчётный период Липецкэнерго' is: '3 764 247'

08-11-2024T09:44:19 - [MESSAGE][PASSED] - Text of object 'Object Repository/Выполнение бизнес-плана/Значения со страницы Выполнение бизнес-плана/План Отпуск в сеть за отчётный период Липецкэнерго' is: '3 764 247'

08-11-2024T09:44:19 - [TEST_STEP][PASSED] - page = page.replaceAll("\s+", ""): null

08-11-2024T09:44:19 - [TEST_STEP][PASSED] - fileOtpuskVSet = otpusk.toInteger(): null

08-11-2024T09:44:19 - [TEST_STEP][PASSED] - pageOtpuskVSet = page.toInteger(): null

08-11-2024T09:44:19 - [TEST_STEP][PASSED] - typeOfData = typeOfDataMain + " Потери": null

08-11-2024T09:44:19 - [TEST_STEP][PASSED] - if (a == 82): null

08-11-2024T09:44:19 - [TEST_STEP][PASSED] - else if (a == 84): null

08-11-2024T09:44:19 - [TEST_STEP][PASSED] - else if (a == 52 || a == 72 || a == 28 || a == 73 || a == 77 || a == 74 || a == 65 || a == 36 || a == 44 || a == 53 || a == 80 || a == 54 || a == 1 || a == 18 || a == 59 || a == 81): null

08-11-2024T09:44:19 - [TEST_STEP][PASSED] - else: null

08-11-2024T09:44:19 - [TEST_STEP][PASSED] - path = dataFolder + typeOfData + " за отчётный период " + b: null

08-11-2024T09:44:19 - [TEST_STEP][PASSED] - page = getText(findTestObject(path)): Text of object 'Object Repository/Выполнение бизнес-плана/Значения со страницы Выполнение бизнес-плана/План Потери за отчётный период Липецкэнерго' is: '572 526'

08-11-2024T09:44:49 - [MESSAGE][PASSED] - Text of object 'Object Repository/Выполнение бизнес-плана/Значения со страницы Выполнение бизнес-плана/План Потери за отчётный период Липецкэнерго' is: '572 526'

08-11-2024T09:44:49 - [TEST_STEP][PASSED] - page = page.replaceAll("\s+", ""): null

08-11-2024T09:44:49 - [TEST_STEP][PASSED] - filePoteri = poteri.toInteger(): null

08-11-2024T09:44:49 - [TEST_STEP][PASSED] - pagePoteri = page.toInteger(): null

08-11-2024T09:44:49 - [TEST_STEP][PASSED] - compare = pageOtpuskVSet: null

08-11-2024T09:44:49 - [TEST_STEP][PASSED] - if (compare == fileOtpuskVSet): null

08-11-2024T09:44:49 - [TEST_STEP][PASSED] - if (compare == fileOtpuskVSet): null

08-11-2024T09:44:49 - [TEST_STEP][PASSED] - compare = pagePoteri: null

08-11-2024T09:44:49 - [TEST_STEP][PASSED] - if (compare == filePoteri): null

08-11-2024T09:44:49 - [TEST_STEP][PASSED] - if (compare == filePoteri): null

08-11-2024T09:44:49 - [TEST_STEP][PASSED] - if (planFact == 2): Object: 'Object Repository/Выполнение бизнес-плана/Кнопка Факт' is clicked on

08-11-2024T09:44:49 - [TEST_STEP][PASSED] - click(findTestObject("Выполнение бизнес-плана/Кнопка Факт")): Object: 'Object Repository/Выполнение бизнес-плана/Кнопка Факт' is clicked on

08-11-2024T09:45:19 - [MESSAGE][PASSED] - Object: 'Object Repository/Выполнение бизнес-плана/Кнопка Факт' is clicked on

08-11-2024T09:45:19 - [TEST_STEP][PASSED] - if (a == 84 || a == 82): null

08-11-2024T09:45:19 - [TEST_STEP][PASSED] - else if (a == 52 || a == 72 || a == 28 || a == 73 || a == 77 || a == 74 || a == 65 || a == 36 || a == 44 || a == 53 || a == 80 || a == 54 || a == 1 || a == 18 || a == 59 || a == 81): null

08-11-2024T09:45:19 - [TEST_STEP][PASSED] - else: null

08-11-2024T09:45:19 - [TEST_STEP][PASSED] - page1 = getText(findTestObject("Object Repository/Выполнение бизнес-плана/spanPlan" + filialNum)): Text of object 'Object Repository/Выполнение бизнес-плана/spanPlan9' is: '15.21
|'

08-11-2024T09:45:49 - [MESSAGE][PASSED] - Text of object 'Object Repository/Выполнение бизнес-плана/spanPlan9' is: '15.21
|'

08-11-2024T09:45:49 - [TEST_STEP][PASSED] - page1 = page1.replace("|", ""): null

08-11-2024T09:45:49 - [TEST_STEP][PASSED] - page2 = getText(findTestObject("Object Repository/Выполнение бизнес-плана/spanFact" + filialNum)): Text of object 'Object Repository/Выполнение бизнес-плана/spanFact9' is: '13.60
|'

08-11-2024T09:46:19 - [MESSAGE][PASSED] - Text of object 'Object Repository/Выполнение бизнес-плана/spanFact9' is: '13.60
|'

08-11-2024T09:46:19 - [TEST_STEP][PASSED] - page2 = page2.replace("|", ""): null

08-11-2024T09:46:19 - [TEST_STEP][PASSED] - println("page1: " + page1): null

08-11-2024T09:46:19 - [TEST_STEP][PASSED] - println("page2: " + page2): null

08-11-2024T09:46:19 - [TEST_STEP][PASSED] - file = findTestData("PlanFact").getValue(4, a): null

08-11-2024T09:46:19 - [TEST_STEP][PASSED] - file = file.replace(",", "."): null

08-11-2024T09:46:19 - [TEST_STEP][PASSED] - println("file Plan: " + file): null

08-11-2024T09:46:19 - [TEST_STEP][PASSED] - typeOfData = "План в процентах": null

08-11-2024T09:46:19 - [TEST_STEP][PASSED] - fileDouble = file.toDouble(): null

08-11-2024T09:46:19 - [TEST_STEP][PASSED] - pageDouble = page1.toDouble(): null

08-11-2024T09:46:19 - [TEST_STEP][PASSED] - if (fileDouble != pageDouble): null

08-11-2024T09:46:19 - [TEST_STEP][PASSED] - file = findTestData("PlanFact").getValue(7, a): null

08-11-2024T09:46:19 - [TEST_STEP][PASSED] - file = file.replace(",", "."): null

08-11-2024T09:46:19 - [TEST_STEP][PASSED] - println("file Fact: " + file): null

08-11-2024T09:46:19 - [TEST_STEP][PASSED] - fileDouble = file.toDouble(): null

08-11-2024T09:46:19 - [TEST_STEP][PASSED] - typeOfData = "Факт в процентах": null

08-11-2024T09:46:19 - [TEST_STEP][PASSED] - fileDouble = file.toDouble(): null

08-11-2024T09:46:19 - [TEST_STEP][PASSED] - pageDouble = page2.toDouble(): null

08-11-2024T09:46:19 - [TEST_STEP][PASSED] - if (fileDouble != pageDouble): null

08-11-2024T09:46:19 - [TEST_STEP][PASSED] - if (verifyEqual(numberOfErrors, 0) == false): Actual object '0' and expected object '0' are equal

08-11-2024T09:46:19 - [MESSAGE][PASSED] - Actual object '0' and expected object '0' are equal

08-11-2024T09:46:19 - [TEST_STEP][PASSED] - if (a == 82): null

08-11-2024T09:46:19 - [TEST_STEP][PASSED] - dZO = "ООО «БрянскЭлектро»": null

08-11-2024T09:46:19 - [TEST_STEP][PASSED] - a = 13: null

08-11-2024T09:46:19 - [TEST_STEP][PASSED] - dzoCut = dZO.substring(5, 12): null

08-11-2024T09:46:19 - [TEST_STEP][PASSED] - if (x2.contains(dzoCut)): null

08-11-2024T09:46:19 - [TEST_STEP][PASSED] - filialNum = filialNum + 1: null

08-11-2024T09:46:19 - [TEST_STEP][PASSED] - Script1718980020443.Numbers(a, typeOfData, todaysDate, pageInt, fileInt, pageDouble, fileDouble, dZO, dzoNum, filialNum): null

08-11-2024T09:46:19 - [TEST_STEP][PASSED] - println(dzoNum): null

08-11-2024T09:46:19 - [TEST_STEP][PASSED] - planFact = <not implemented yet for class: org.codehaus.groovy.ast.expr.EmptyExpression>: null

08-11-2024T09:46:19 - [TEST_STEP][PASSED] - page = <not implemented yet for class: org.codehaus.groovy.ast.expr.EmptyExpression>: null

08-11-2024T09:46:19 - [TEST_STEP][PASSED] - page1 = <not implemented yet for class: org.codehaus.groovy.ast.expr.EmptyExpression>: null

08-11-2024T09:46:19 - [TEST_STEP][PASSED] - page2 = <not implemented yet for class: org.codehaus.groovy.ast.expr.EmptyExpression>: null

08-11-2024T09:46:19 - [TEST_STEP][PASSED] - filialNumberInRow = <not implemented yet for class: org.codehaus.groovy.ast.expr.EmptyExpression>: null

08-11-2024T09:46:19 - [TEST_STEP][PASSED] - filialsDzoNames = <not implemented yet for class: org.codehaus.groovy.ast.expr.EmptyExpression>: null

08-11-2024T09:46:19 - [TEST_STEP][PASSED] - numberOfFilials = <not implemented yet for class: org.codehaus.groovy.ast.expr.EmptyExpression>: null

08-11-2024T09:46:19 - [TEST_STEP][PASSED] - numberOfSpaces = <not implemented yet for class: org.codehaus.groovy.ast.expr.EmptyExpression>: null

08-11-2024T09:46:19 - [TEST_STEP][PASSED] - file = <not implemented yet for class: org.codehaus.groovy.ast.expr.EmptyExpression>: null

08-11-2024T09:46:19 - [TEST_STEP][PASSED] - otpusk = <not implemented yet for class: org.codehaus.groovy.ast.expr.EmptyExpression>: null

08-11-2024T09:46:19 - [TEST_STEP][PASSED] - poteri = <not implemented yet for class: org.codehaus.groovy.ast.expr.EmptyExpression>: null

08-11-2024T09:46:19 - [TEST_STEP][PASSED] - dataFolder = "Выполнение бизнес-плана/Значения со страницы Выполнение бизнес-плана/": null

08-11-2024T09:46:19 - [TEST_STEP][PASSED] - path = <not implemented yet for class: org.codehaus.groovy.ast.expr.EmptyExpression>: null

08-11-2024T09:46:19 - [TEST_STEP][PASSED] - typeOfDataMain = <not implemented yet for class: org.codehaus.groovy.ast.expr.EmptyExpression>: null

08-11-2024T09:46:19 - [TEST_STEP][PASSED] - fileOtpuskVSet = <not implemented yet for class: org.codehaus.groovy.ast.expr.EmptyExpression>: null

08-11-2024T09:46:19 - [TEST_STEP][PASSED] - pageOtpuskVSet = <not implemented yet for class: org.codehaus.groovy.ast.expr.EmptyExpression>: null

08-11-2024T09:46:19 - [TEST_STEP][PASSED] - filePoteri = <not implemented yet for class: org.codehaus.groovy.ast.expr.EmptyExpression>: null

08-11-2024T09:46:19 - [TEST_STEP][PASSED] - pagePoteri = <not implemented yet for class: org.codehaus.groovy.ast.expr.EmptyExpression>: null

08-11-2024T09:46:19 - [TEST_STEP][PASSED] - compare = <not implemented yet for class: org.codehaus.groovy.ast.expr.EmptyExpression>: null

08-11-2024T09:46:19 - [TEST_STEP][PASSED] - b = <not implemented yet for class: org.codehaus.groovy.ast.expr.EmptyExpression>: null

08-11-2024T09:46:19 - [TEST_STEP][PASSED] - i = <not implemented yet for class: org.codehaus.groovy.ast.expr.EmptyExpression>: null

08-11-2024T09:46:19 - [TEST_STEP][PASSED] - ii = <not implemented yet for class: org.codehaus.groovy.ast.expr.EmptyExpression>: null

08-11-2024T09:46:19 - [TEST_STEP][PASSED] - c = <not implemented yet for class: org.codehaus.groovy.ast.expr.EmptyExpression>: null

08-11-2024T09:46:19 - [TEST_STEP][PASSED] - numberOfErrors = 0: null

08-11-2024T09:46:19 - [TEST_STEP][PASSED] - if (a == 82): null

08-11-2024T09:46:19 - [TEST_STEP][PASSED] - b = findTestData("PlanFact").getValue(1, a): null

08-11-2024T09:46:19 - [TEST_STEP][PASSED] - i = b.indexOf(" (ГК)"): null

08-11-2024T09:46:19 - [TEST_STEP][PASSED] - if (i > -1): null

08-11-2024T09:46:19 - [TEST_STEP][PASSED] - i = b.indexOf("О ""): null

08-11-2024T09:46:19 - [TEST_STEP][PASSED] - if (i > -1): null

08-11-2024T09:46:19 - [TEST_STEP][PASSED] - i = b.indexOf("О «"): null

08-11-2024T09:46:19 - [TEST_STEP][PASSED] - if (i > -1): null

08-11-2024T09:46:19 - [TEST_STEP][PASSED] - b = b.substring(i + 3, b.length()): null

08-11-2024T09:46:19 - [TEST_STEP][PASSED] - i = b.indexOf("»"): null

08-11-2024T09:46:19 - [TEST_STEP][PASSED] - b = b.substring(0, i): null

08-11-2024T09:46:19 - [TEST_STEP][PASSED] - b = b.trim(): null

08-11-2024T09:46:19 - [TEST_STEP][PASSED] - i = b.indexOf("г. "): null

08-11-2024T09:46:19 - [TEST_STEP][PASSED] - if (i > -1): null

08-11-2024T09:46:19 - [TEST_STEP][PASSED] - println(b): null

08-11-2024T09:46:19 - [TEST_STEP][PASSED] - for ([planFact = 1, planFact < 3, (planFact++)]): Object: 'Object Repository/Выполнение бизнес-плана/Кнопка Факт' is clicked on

08-11-2024T09:46:19 - [TEST_STEP][PASSED] - if (planFact == 1): null

08-11-2024T09:46:19 - [TEST_STEP][PASSED] - typeOfDataMain = "Факт": null

08-11-2024T09:46:19 - [TEST_STEP][PASSED] - otpusk = findTestData("PlanFact").getValue(5, a): null

08-11-2024T09:46:19 - [TEST_STEP][PASSED] - poteri = findTestData("PlanFact").getValue(6, a): null

08-11-2024T09:46:19 - [TEST_STEP][PASSED] - otpusk = otpusk.replaceAll("\s+", ""): null

08-11-2024T09:46:19 - [TEST_STEP][PASSED] - poteri = poteri.replaceAll("\s+", ""): null

08-11-2024T09:46:19 - [TEST_STEP][PASSED] - typeOfData = typeOfDataMain + " Отпуск в сеть": null

08-11-2024T09:46:19 - [TEST_STEP][PASSED] - if (a == 82): null

08-11-2024T09:46:19 - [TEST_STEP][PASSED] - else if (a == 84): null

08-11-2024T09:46:19 - [TEST_STEP][PASSED] - else if (a == 52 || a == 72 || a == 28 || a == 73 || a == 77 || a == 74 || a == 65 || a == 36 || a == 44 || a == 53 || a == 80 || a == 54 || a == 1 || a == 18 || a == 59 || a == 81): null

08-11-2024T09:46:19 - [TEST_STEP][PASSED] - else: null

08-11-2024T09:46:19 - [TEST_STEP][PASSED] - path = dataFolder + typeOfData + " за отчётный период " + b: null

08-11-2024T09:46:19 - [TEST_STEP][PASSED] - println(path): null

08-11-2024T09:46:19 - [TEST_STEP][PASSED] - page = getText(findTestObject(path)): Text of object 'Object Repository/Выполнение бизнес-плана/Значения со страницы Выполнение бизнес-плана/Факт Отпуск в сеть за отчётный период БрянскЭлектро' is: '1 602 993'

08-11-2024T09:46:50 - [MESSAGE][PASSED] - Text of object 'Object Repository/Выполнение бизнес-плана/Значения со страницы Выполнение бизнес-плана/Факт Отпуск в сеть за отчётный период БрянскЭлектро' is: '1 602 993'

08-11-2024T09:46:50 - [TEST_STEP][PASSED] - page = page.replaceAll("\s+", ""): null

08-11-2024T09:46:50 - [TEST_STEP][PASSED] - fileOtpuskVSet = otpusk.toInteger(): null

08-11-2024T09:46:50 - [TEST_STEP][PASSED] - pageOtpuskVSet = page.toInteger(): null

08-11-2024T09:46:50 - [TEST_STEP][PASSED] - typeOfData = typeOfDataMain + " Потери": null

08-11-2024T09:46:50 - [TEST_STEP][PASSED] - if (a == 82): null

08-11-2024T09:46:50 - [TEST_STEP][PASSED] - else if (a == 84): null

08-11-2024T09:46:50 - [TEST_STEP][PASSED] - else if (a == 52 || a == 72 || a == 28 || a == 73 || a == 77 || a == 74 || a == 65 || a == 36 || a == 44 || a == 53 || a == 80 || a == 54 || a == 1 || a == 18 || a == 59 || a == 81): null

08-11-2024T09:46:50 - [TEST_STEP][PASSED] - else: null

08-11-2024T09:46:50 - [TEST_STEP][PASSED] - path = dataFolder + typeOfData + " за отчётный период " + b: null

08-11-2024T09:46:50 - [TEST_STEP][PASSED] - page = getText(findTestObject(path)): Text of object 'Object Repository/Выполнение бизнес-плана/Значения со страницы Выполнение бизнес-плана/Факт Потери за отчётный период БрянскЭлектро' is: '153 860'

08-11-2024T09:47:20 - [MESSAGE][PASSED] - Text of object 'Object Repository/Выполнение бизнес-плана/Значения со страницы Выполнение бизнес-плана/Факт Потери за отчётный период БрянскЭлектро' is: '153 860'

08-11-2024T09:47:20 - [TEST_STEP][PASSED] - page = page.replaceAll("\s+", ""): null

08-11-2024T09:47:20 - [TEST_STEP][PASSED] - filePoteri = poteri.toInteger(): null

08-11-2024T09:47:20 - [TEST_STEP][PASSED] - pagePoteri = page.toInteger(): null

08-11-2024T09:47:20 - [TEST_STEP][PASSED] - compare = pageOtpuskVSet: null

08-11-2024T09:47:20 - [TEST_STEP][PASSED] - if (compare == fileOtpuskVSet): null

08-11-2024T09:47:20 - [TEST_STEP][PASSED] - if (compare == fileOtpuskVSet): null

08-11-2024T09:47:20 - [TEST_STEP][PASSED] - compare = pagePoteri: null

08-11-2024T09:47:20 - [TEST_STEP][PASSED] - if (compare == filePoteri): null

08-11-2024T09:47:20 - [TEST_STEP][PASSED] - if (compare == filePoteri): null

08-11-2024T09:47:20 - [TEST_STEP][PASSED] - if (planFact == 2): null

08-11-2024T09:47:20 - [TEST_STEP][PASSED] - if (planFact == 1): null

08-11-2024T09:47:20 - [TEST_STEP][PASSED] - else if (planFact == 2): null

08-11-2024T09:47:20 - [TEST_STEP][PASSED] - click(findTestObject("Выполнение бизнес-плана/Кнопка План")): Object: 'Object Repository/Выполнение бизнес-плана/Кнопка План' is clicked on

08-11-2024T09:47:50 - [MESSAGE][PASSED] - Object: 'Object Repository/Выполнение бизнес-плана/Кнопка План' is clicked on

08-11-2024T09:47:50 - [TEST_STEP][PASSED] - typeOfDataMain = "План": null

08-11-2024T09:47:50 - [TEST_STEP][PASSED] - otpusk = findTestData("PlanFact").getValue(2, a): null

08-11-2024T09:47:50 - [TEST_STEP][PASSED] - poteri = findTestData("PlanFact").getValue(3, a): null

08-11-2024T09:47:50 - [TEST_STEP][PASSED] - otpusk = otpusk.replaceAll("\s+", ""): null

08-11-2024T09:47:50 - [TEST_STEP][PASSED] - poteri = poteri.replaceAll("\s+", ""): null

08-11-2024T09:47:50 - [TEST_STEP][PASSED] - typeOfData = typeOfDataMain + " Отпуск в сеть": null

08-11-2024T09:47:50 - [TEST_STEP][PASSED] - if (a == 82): null

08-11-2024T09:47:50 - [TEST_STEP][PASSED] - else if (a == 84): null

08-11-2024T09:47:50 - [TEST_STEP][PASSED] - else if (a == 52 || a == 72 || a == 28 || a == 73 || a == 77 || a == 74 || a == 65 || a == 36 || a == 44 || a == 53 || a == 80 || a == 54 || a == 1 || a == 18 || a == 59 || a == 81): null

08-11-2024T09:47:50 - [TEST_STEP][PASSED] - else: null

08-11-2024T09:47:50 - [TEST_STEP][PASSED] - path = dataFolder + typeOfData + " за отчётный период " + b: null

08-11-2024T09:47:50 - [TEST_STEP][PASSED] - println(path): null

08-11-2024T09:47:50 - [TEST_STEP][PASSED] - page = getText(findTestObject(path)): Text of object 'Object Repository/Выполнение бизнес-плана/Значения со страницы Выполнение бизнес-плана/План Отпуск в сеть за отчётный период БрянскЭлектро' is: '1 592 893'

08-11-2024T09:48:20 - [MESSAGE][PASSED] - Text of object 'Object Repository/Выполнение бизнес-плана/Значения со страницы Выполнение бизнес-плана/План Отпуск в сеть за отчётный период БрянскЭлектро' is: '1 592 893'

08-11-2024T09:48:20 - [TEST_STEP][PASSED] - page = page.replaceAll("\s+", ""): null

08-11-2024T09:48:20 - [TEST_STEP][PASSED] - fileOtpuskVSet = otpusk.toInteger(): null

08-11-2024T09:48:20 - [TEST_STEP][PASSED] - pageOtpuskVSet = page.toInteger(): null

08-11-2024T09:48:20 - [TEST_STEP][PASSED] - typeOfData = typeOfDataMain + " Потери": null

08-11-2024T09:48:20 - [TEST_STEP][PASSED] - if (a == 82): null

08-11-2024T09:48:20 - [TEST_STEP][PASSED] - else if (a == 84): null

08-11-2024T09:48:20 - [TEST_STEP][PASSED] - else if (a == 52 || a == 72 || a == 28 || a == 73 || a == 77 || a == 74 || a == 65 || a == 36 || a == 44 || a == 53 || a == 80 || a == 54 || a == 1 || a == 18 || a == 59 || a == 81): null

08-11-2024T09:48:20 - [TEST_STEP][PASSED] - else: null

08-11-2024T09:48:20 - [TEST_STEP][PASSED] - path = dataFolder + typeOfData + " за отчётный период " + b: null

08-11-2024T09:48:20 - [TEST_STEP][PASSED] - page = getText(findTestObject(path)): Text of object 'Object Repository/Выполнение бизнес-плана/Значения со страницы Выполнение бизнес-плана/План Потери за отчётный период БрянскЭлектро' is: '159 867'

08-11-2024T09:48:50 - [MESSAGE][PASSED] - Text of object 'Object Repository/Выполнение бизнес-плана/Значения со страницы Выполнение бизнес-плана/План Потери за отчётный период БрянскЭлектро' is: '159 867'

08-11-2024T09:48:50 - [TEST_STEP][PASSED] - page = page.replaceAll("\s+", ""): null

08-11-2024T09:48:50 - [TEST_STEP][PASSED] - filePoteri = poteri.toInteger(): null

08-11-2024T09:48:50 - [TEST_STEP][PASSED] - pagePoteri = page.toInteger(): null

08-11-2024T09:48:50 - [TEST_STEP][PASSED] - compare = pageOtpuskVSet: null

08-11-2024T09:48:50 - [TEST_STEP][PASSED] - if (compare == fileOtpuskVSet): null

08-11-2024T09:48:50 - [TEST_STEP][PASSED] - if (compare == fileOtpuskVSet): null

08-11-2024T09:48:50 - [TEST_STEP][PASSED] - compare = pagePoteri: null

08-11-2024T09:48:50 - [TEST_STEP][PASSED] - if (compare == filePoteri): null

08-11-2024T09:48:50 - [TEST_STEP][PASSED] - if (compare == filePoteri): null

08-11-2024T09:48:50 - [TEST_STEP][PASSED] - if (planFact == 2): Object: 'Object Repository/Выполнение бизнес-плана/Кнопка Факт' is clicked on

08-11-2024T09:48:50 - [TEST_STEP][PASSED] - click(findTestObject("Выполнение бизнес-плана/Кнопка Факт")): Object: 'Object Repository/Выполнение бизнес-плана/Кнопка Факт' is clicked on

08-11-2024T09:49:20 - [MESSAGE][PASSED] - Object: 'Object Repository/Выполнение бизнес-плана/Кнопка Факт' is clicked on

08-11-2024T09:49:20 - [TEST_STEP][PASSED] - if (a == 84 || a == 82): null

08-11-2024T09:49:20 - [TEST_STEP][PASSED] - else if (a == 52 || a == 72 || a == 28 || a == 73 || a == 77 || a == 74 || a == 65 || a == 36 || a == 44 || a == 53 || a == 80 || a == 54 || a == 1 || a == 18 || a == 59 || a == 81): null

08-11-2024T09:49:20 - [TEST_STEP][PASSED] - else: null

08-11-2024T09:49:20 - [TEST_STEP][PASSED] - page1 = getText(findTestObject("Object Repository/Выполнение бизнес-плана/spanPlan" + filialNum)): Text of object 'Object Repository/Выполнение бизнес-плана/spanPlan10' is: '10.04
|'

08-11-2024T09:49:50 - [MESSAGE][PASSED] - Text of object 'Object Repository/Выполнение бизнес-плана/spanPlan10' is: '10.04
|'

08-11-2024T09:49:50 - [TEST_STEP][PASSED] - page1 = page1.replace("|", ""): null

08-11-2024T09:49:50 - [TEST_STEP][PASSED] - page2 = getText(findTestObject("Object Repository/Выполнение бизнес-плана/spanFact" + filialNum)): Text of object 'Object Repository/Выполнение бизнес-плана/spanFact10' is: '9.60
|'

08-11-2024T09:50:20 - [MESSAGE][PASSED] - Text of object 'Object Repository/Выполнение бизнес-плана/spanFact10' is: '9.60
|'

08-11-2024T09:50:20 - [TEST_STEP][PASSED] - page2 = page2.replace("|", ""): null

08-11-2024T09:50:20 - [TEST_STEP][PASSED] - println("page1: " + page1): null

08-11-2024T09:50:20 - [TEST_STEP][PASSED] - println("page2: " + page2): null

08-11-2024T09:50:20 - [TEST_STEP][PASSED] - file = findTestData("PlanFact").getValue(4, a): null

08-11-2024T09:50:20 - [TEST_STEP][PASSED] - file = file.replace(",", "."): null

08-11-2024T09:50:20 - [TEST_STEP][PASSED] - println("file Plan: " + file): null

08-11-2024T09:50:20 - [TEST_STEP][PASSED] - typeOfData = "План в процентах": null

08-11-2024T09:50:20 - [TEST_STEP][PASSED] - fileDouble = file.toDouble(): null

08-11-2024T09:50:20 - [TEST_STEP][PASSED] - pageDouble = page1.toDouble(): null

08-11-2024T09:50:20 - [TEST_STEP][PASSED] - if (fileDouble != pageDouble): null

08-11-2024T09:50:20 - [TEST_STEP][PASSED] - file = findTestData("PlanFact").getValue(7, a): null

08-11-2024T09:50:20 - [TEST_STEP][PASSED] - file = file.replace(",", "."): null

08-11-2024T09:50:20 - [TEST_STEP][PASSED] - println("file Fact: " + file): null

08-11-2024T09:50:20 - [TEST_STEP][PASSED] - fileDouble = file.toDouble(): null

08-11-2024T09:50:20 - [TEST_STEP][PASSED] - typeOfData = "Факт в процентах": null

08-11-2024T09:50:20 - [TEST_STEP][PASSED] - fileDouble = file.toDouble(): null

08-11-2024T09:50:20 - [TEST_STEP][PASSED] - pageDouble = page2.toDouble(): null

08-11-2024T09:50:20 - [TEST_STEP][PASSED] - if (fileDouble != pageDouble): null

08-11-2024T09:50:20 - [TEST_STEP][PASSED] - if (verifyEqual(numberOfErrors, 0) == false): Actual object '0' and expected object '0' are equal

08-11-2024T09:50:20 - [MESSAGE][PASSED] - Actual object '0' and expected object '0' are equal

08-11-2024T09:50:20 - [TEST_STEP][PASSED] - if (a == 82): null

08-11-2024T09:50:20 - [TEST_STEP][PASSED] - dZO = "Орелэнерго": null

08-11-2024T09:50:20 - [TEST_STEP][PASSED] - a = 8: null

08-11-2024T09:50:20 - [TEST_STEP][PASSED] - if (x2.contains(dZO)): null

08-11-2024T09:50:20 - [TEST_STEP][PASSED] - filialNum = filialNum + 1: null

08-11-2024T09:50:20 - [TEST_STEP][PASSED] - Script1718980020443.Numbers(a, typeOfData, todaysDate, pageInt, fileInt, pageDouble, fileDouble, dZO, dzoNum, filialNum): null

08-11-2024T09:50:20 - [TEST_STEP][PASSED] - println(dzoNum): null

08-11-2024T09:50:20 - [TEST_STEP][PASSED] - planFact = <not implemented yet for class: org.codehaus.groovy.ast.expr.EmptyExpression>: null

08-11-2024T09:50:20 - [TEST_STEP][PASSED] - page = <not implemented yet for class: org.codehaus.groovy.ast.expr.EmptyExpression>: null

08-11-2024T09:50:20 - [TEST_STEP][PASSED] - page1 = <not implemented yet for class: org.codehaus.groovy.ast.expr.EmptyExpression>: null

08-11-2024T09:50:20 - [TEST_STEP][PASSED] - page2 = <not implemented yet for class: org.codehaus.groovy.ast.expr.EmptyExpression>: null

08-11-2024T09:50:20 - [TEST_STEP][PASSED] - filialNumberInRow = <not implemented yet for class: org.codehaus.groovy.ast.expr.EmptyExpression>: null

08-11-2024T09:50:20 - [TEST_STEP][PASSED] - filialsDzoNames = <not implemented yet for class: org.codehaus.groovy.ast.expr.EmptyExpression>: null

08-11-2024T09:50:20 - [TEST_STEP][PASSED] - numberOfFilials = <not implemented yet for class: org.codehaus.groovy.ast.expr.EmptyExpression>: null

08-11-2024T09:50:20 - [TEST_STEP][PASSED] - numberOfSpaces = <not implemented yet for class: org.codehaus.groovy.ast.expr.EmptyExpression>: null

08-11-2024T09:50:20 - [TEST_STEP][PASSED] - file = <not implemented yet for class: org.codehaus.groovy.ast.expr.EmptyExpression>: null

08-11-2024T09:50:20 - [TEST_STEP][PASSED] - otpusk = <not implemented yet for class: org.codehaus.groovy.ast.expr.EmptyExpression>: null

08-11-2024T09:50:20 - [TEST_STEP][PASSED] - poteri = <not implemented yet for class: org.codehaus.groovy.ast.expr.EmptyExpression>: null

08-11-2024T09:50:20 - [TEST_STEP][PASSED] - dataFolder = "Выполнение бизнес-плана/Значения со страницы Выполнение бизнес-плана/": null

08-11-2024T09:50:20 - [TEST_STEP][PASSED] - path = <not implemented yet for class: org.codehaus.groovy.ast.expr.EmptyExpression>: null

08-11-2024T09:50:20 - [TEST_STEP][PASSED] - typeOfDataMain = <not implemented yet for class: org.codehaus.groovy.ast.expr.EmptyExpression>: null

08-11-2024T09:50:20 - [TEST_STEP][PASSED] - fileOtpuskVSet = <not implemented yet for class: org.codehaus.groovy.ast.expr.EmptyExpression>: null

08-11-2024T09:50:20 - [TEST_STEP][PASSED] - pageOtpuskVSet = <not implemented yet for class: org.codehaus.groovy.ast.expr.EmptyExpression>: null

08-11-2024T09:50:20 - [TEST_STEP][PASSED] - filePoteri = <not implemented yet for class: org.codehaus.groovy.ast.expr.EmptyExpression>: null

08-11-2024T09:50:20 - [TEST_STEP][PASSED] - pagePoteri = <not implemented yet for class: org.codehaus.groovy.ast.expr.EmptyExpression>: null

08-11-2024T09:50:20 - [TEST_STEP][PASSED] - compare = <not implemented yet for class: org.codehaus.groovy.ast.expr.EmptyExpression>: null

08-11-2024T09:50:20 - [TEST_STEP][PASSED] - b = <not implemented yet for class: org.codehaus.groovy.ast.expr.EmptyExpression>: null

08-11-2024T09:50:20 - [TEST_STEP][PASSED] - i = <not implemented yet for class: org.codehaus.groovy.ast.expr.EmptyExpression>: null

08-11-2024T09:50:20 - [TEST_STEP][PASSED] - ii = <not implemented yet for class: org.codehaus.groovy.ast.expr.EmptyExpression>: null

08-11-2024T09:50:20 - [TEST_STEP][PASSED] - c = <not implemented yet for class: org.codehaus.groovy.ast.expr.EmptyExpression>: null

08-11-2024T09:50:20 - [TEST_STEP][PASSED] - numberOfErrors = 0: null

08-11-2024T09:50:20 - [TEST_STEP][PASSED] - if (a == 82): null

08-11-2024T09:50:20 - [TEST_STEP][PASSED] - b = findTestData("PlanFact").getValue(1, a): null

08-11-2024T09:50:20 - [TEST_STEP][PASSED] - i = b.indexOf(" (ГК)"): null

08-11-2024T09:50:20 - [TEST_STEP][PASSED] - if (i > -1): null

08-11-2024T09:50:20 - [TEST_STEP][PASSED] - i = b.indexOf("О ""): null

08-11-2024T09:50:20 - [TEST_STEP][PASSED] - if (i > -1): null

08-11-2024T09:50:20 - [TEST_STEP][PASSED] - i = b.indexOf("О «"): null

08-11-2024T09:50:20 - [TEST_STEP][PASSED] - if (i > -1): null

08-11-2024T09:50:20 - [TEST_STEP][PASSED] - i = b.indexOf("г. "): null

08-11-2024T09:50:20 - [TEST_STEP][PASSED] - if (i > -1): null

08-11-2024T09:50:20 - [TEST_STEP][PASSED] - println(b): null

08-11-2024T09:50:20 - [TEST_STEP][PASSED] - for ([planFact = 1, planFact < 3, (planFact++)]): Object: 'Object Repository/Выполнение бизнес-плана/Кнопка Факт' is clicked on

08-11-2024T09:50:20 - [TEST_STEP][PASSED] - if (planFact == 1): null

08-11-2024T09:50:20 - [TEST_STEP][PASSED] - typeOfDataMain = "Факт": null

08-11-2024T09:50:20 - [TEST_STEP][PASSED] - otpusk = findTestData("PlanFact").getValue(5, a): null

08-11-2024T09:50:21 - [TEST_STEP][PASSED] - poteri = findTestData("PlanFact").getValue(6, a): null

08-11-2024T09:50:21 - [TEST_STEP][PASSED] - otpusk = otpusk.replaceAll("\s+", ""): null

08-11-2024T09:50:21 - [TEST_STEP][PASSED] - poteri = poteri.replaceAll("\s+", ""): null

08-11-2024T09:50:21 - [TEST_STEP][PASSED] - typeOfData = typeOfDataMain + " Отпуск в сеть": null

08-11-2024T09:50:21 - [TEST_STEP][PASSED] - if (a == 82): null

08-11-2024T09:50:21 - [TEST_STEP][PASSED] - else if (a == 84): null

08-11-2024T09:50:21 - [TEST_STEP][PASSED] - else if (a == 52 || a == 72 || a == 28 || a == 73 || a == 77 || a == 74 || a == 65 || a == 36 || a == 44 || a == 53 || a == 80 || a == 54 || a == 1 || a == 18 || a == 59 || a == 81): null

08-11-2024T09:50:21 - [TEST_STEP][PASSED] - else: null

08-11-2024T09:50:21 - [TEST_STEP][PASSED] - path = dataFolder + typeOfData + " за отчётный период " + b: null

08-11-2024T09:50:21 - [TEST_STEP][PASSED] - println(path): null

08-11-2024T09:50:21 - [TEST_STEP][PASSED] - page = getText(findTestObject(path)): Text of object 'Object Repository/Выполнение бизнес-плана/Значения со страницы Выполнение бизнес-плана/Факт Отпуск в сеть за отчётный период Орелэнерго' is: '1 788 018'

08-11-2024T09:50:51 - [MESSAGE][PASSED] - Text of object 'Object Repository/Выполнение бизнес-плана/Значения со страницы Выполнение бизнес-плана/Факт Отпуск в сеть за отчётный период Орелэнерго' is: '1 788 018'

08-11-2024T09:50:51 - [TEST_STEP][PASSED] - page = page.replaceAll("\s+", ""): null

08-11-2024T09:50:51 - [TEST_STEP][PASSED] - fileOtpuskVSet = otpusk.toInteger(): null

08-11-2024T09:50:51 - [TEST_STEP][PASSED] - pageOtpuskVSet = page.toInteger(): null

08-11-2024T09:50:51 - [TEST_STEP][PASSED] - typeOfData = typeOfDataMain + " Потери": null

08-11-2024T09:50:51 - [TEST_STEP][PASSED] - if (a == 82): null

08-11-2024T09:50:51 - [TEST_STEP][PASSED] - else if (a == 84): null

08-11-2024T09:50:51 - [TEST_STEP][PASSED] - else if (a == 52 || a == 72 || a == 28 || a == 73 || a == 77 || a == 74 || a == 65 || a == 36 || a == 44 || a == 53 || a == 80 || a == 54 || a == 1 || a == 18 || a == 59 || a == 81): null

08-11-2024T09:50:51 - [TEST_STEP][PASSED] - else: null

08-11-2024T09:50:51 - [TEST_STEP][PASSED] - path = dataFolder + typeOfData + " за отчётный период " + b: null

08-11-2024T09:50:51 - [TEST_STEP][PASSED] - page = getText(findTestObject(path)): Text of object 'Object Repository/Выполнение бизнес-плана/Значения со страницы Выполнение бизнес-плана/Факт Потери за отчётный период Орелэнерго' is: '153 685'

08-11-2024T09:51:21 - [MESSAGE][PASSED] - Text of object 'Object Repository/Выполнение бизнес-плана/Значения со страницы Выполнение бизнес-плана/Факт Потери за отчётный период Орелэнерго' is: '153 685'

08-11-2024T09:51:21 - [TEST_STEP][PASSED] - page = page.replaceAll("\s+", ""): null

08-11-2024T09:51:21 - [TEST_STEP][PASSED] - filePoteri = poteri.toInteger(): null

08-11-2024T09:51:21 - [TEST_STEP][PASSED] - pagePoteri = page.toInteger(): null

08-11-2024T09:51:21 - [TEST_STEP][PASSED] - compare = pageOtpuskVSet: null

08-11-2024T09:51:21 - [TEST_STEP][PASSED] - if (compare == fileOtpuskVSet): null

08-11-2024T09:51:21 - [TEST_STEP][PASSED] - if (compare == fileOtpuskVSet): null

08-11-2024T09:51:21 - [TEST_STEP][PASSED] - compare = pagePoteri: null

08-11-2024T09:51:21 - [TEST_STEP][PASSED] - if (compare == filePoteri): null

08-11-2024T09:51:21 - [TEST_STEP][PASSED] - if (compare == filePoteri): null

08-11-2024T09:51:21 - [TEST_STEP][PASSED] - if (planFact == 2): null

08-11-2024T09:51:21 - [TEST_STEP][PASSED] - if (planFact == 1): null

08-11-2024T09:51:21 - [TEST_STEP][PASSED] - else if (planFact == 2): null

08-11-2024T09:51:21 - [TEST_STEP][PASSED] - click(findTestObject("Выполнение бизнес-плана/Кнопка План")): Object: 'Object Repository/Выполнение бизнес-плана/Кнопка План' is clicked on

08-11-2024T09:51:51 - [MESSAGE][PASSED] - Object: 'Object Repository/Выполнение бизнес-плана/Кнопка План' is clicked on

08-11-2024T09:51:51 - [TEST_STEP][PASSED] - typeOfDataMain = "План": null

08-11-2024T09:51:51 - [TEST_STEP][PASSED] - otpusk = findTestData("PlanFact").getValue(2, a): null

08-11-2024T09:51:51 - [TEST_STEP][PASSED] - poteri = findTestData("PlanFact").getValue(3, a): null

08-11-2024T09:51:51 - [TEST_STEP][PASSED] - otpusk = otpusk.replaceAll("\s+", ""): null

08-11-2024T09:51:51 - [TEST_STEP][PASSED] - poteri = poteri.replaceAll("\s+", ""): null

08-11-2024T09:51:51 - [TEST_STEP][PASSED] - typeOfData = typeOfDataMain + " Отпуск в сеть": null

08-11-2024T09:51:51 - [TEST_STEP][PASSED] - if (a == 82): null

08-11-2024T09:51:51 - [TEST_STEP][PASSED] - else if (a == 84): null

08-11-2024T09:51:51 - [TEST_STEP][PASSED] - else if (a == 52 || a == 72 || a == 28 || a == 73 || a == 77 || a == 74 || a == 65 || a == 36 || a == 44 || a == 53 || a == 80 || a == 54 || a == 1 || a == 18 || a == 59 || a == 81): null

08-11-2024T09:51:51 - [TEST_STEP][PASSED] - else: null

08-11-2024T09:51:51 - [TEST_STEP][PASSED] - path = dataFolder + typeOfData + " за отчётный период " + b: null

08-11-2024T09:51:51 - [TEST_STEP][PASSED] - println(path): null

08-11-2024T09:51:51 - [TEST_STEP][PASSED] - page = getText(findTestObject(path)): Text of object 'Object Repository/Выполнение бизнес-плана/Значения со страницы Выполнение бизнес-плана/План Отпуск в сеть за отчётный период Орелэнерго' is: '1 748 788'

08-11-2024T09:52:21 - [MESSAGE][PASSED] - Text of object 'Object Repository/Выполнение бизнес-плана/Значения со страницы Выполнение бизнес-плана/План Отпуск в сеть за отчётный период Орелэнерго' is: '1 748 788'

08-11-2024T09:52:21 - [TEST_STEP][PASSED] - page = page.replaceAll("\s+", ""): null

08-11-2024T09:52:21 - [TEST_STEP][PASSED] - fileOtpuskVSet = otpusk.toInteger(): null

08-11-2024T09:52:21 - [TEST_STEP][PASSED] - pageOtpuskVSet = page.toInteger(): null

08-11-2024T09:52:21 - [TEST_STEP][PASSED] - typeOfData = typeOfDataMain + " Потери": null

08-11-2024T09:52:21 - [TEST_STEP][PASSED] - if (a == 82): null

08-11-2024T09:52:21 - [TEST_STEP][PASSED] - else if (a == 84): null

08-11-2024T09:52:21 - [TEST_STEP][PASSED] - else if (a == 52 || a == 72 || a == 28 || a == 73 || a == 77 || a == 74 || a == 65 || a == 36 || a == 44 || a == 53 || a == 80 || a == 54 || a == 1 || a == 18 || a == 59 || a == 81): null

08-11-2024T09:52:21 - [TEST_STEP][PASSED] - else: null

08-11-2024T09:52:21 - [TEST_STEP][PASSED] - path = dataFolder + typeOfData + " за отчётный период " + b: null

08-11-2024T09:52:21 - [TEST_STEP][PASSED] - page = getText(findTestObject(path)): Text of object 'Object Repository/Выполнение бизнес-плана/Значения со страницы Выполнение бизнес-плана/План Потери за отчётный период Орелэнерго' is: '158 669'

08-11-2024T09:52:51 - [MESSAGE][PASSED] - Text of object 'Object Repository/Выполнение бизнес-плана/Значения со страницы Выполнение бизнес-плана/План Потери за отчётный период Орелэнерго' is: '158 669'

08-11-2024T09:52:51 - [TEST_STEP][PASSED] - page = page.replaceAll("\s+", ""): null

08-11-2024T09:52:51 - [TEST_STEP][PASSED] - filePoteri = poteri.toInteger(): null

08-11-2024T09:52:51 - [TEST_STEP][PASSED] - pagePoteri = page.toInteger(): null

08-11-2024T09:52:51 - [TEST_STEP][PASSED] - compare = pageOtpuskVSet: null

08-11-2024T09:52:51 - [TEST_STEP][PASSED] - if (compare == fileOtpuskVSet): null

08-11-2024T09:52:51 - [TEST_STEP][PASSED] - if (compare == fileOtpuskVSet): null

08-11-2024T09:52:51 - [TEST_STEP][PASSED] - compare = pagePoteri: null

08-11-2024T09:52:51 - [TEST_STEP][PASSED] - if (compare == filePoteri): null

08-11-2024T09:52:51 - [TEST_STEP][PASSED] - if (compare == filePoteri): null

08-11-2024T09:52:51 - [TEST_STEP][PASSED] - if (planFact == 2): Object: 'Object Repository/Выполнение бизнес-плана/Кнопка Факт' is clicked on

08-11-2024T09:52:51 - [TEST_STEP][PASSED] - click(findTestObject("Выполнение бизнес-плана/Кнопка Факт")): Object: 'Object Repository/Выполнение бизнес-плана/Кнопка Факт' is clicked on

08-11-2024T09:53:21 - [MESSAGE][PASSED] - Object: 'Object Repository/Выполнение бизнес-плана/Кнопка Факт' is clicked on

08-11-2024T09:53:21 - [TEST_STEP][PASSED] - if (a == 84 || a == 82): null

08-11-2024T09:53:21 - [TEST_STEP][PASSED] - else if (a == 52 || a == 72 || a == 28 || a == 73 || a == 77 || a == 74 || a == 65 || a == 36 || a == 44 || a == 53 || a == 80 || a == 54 || a == 1 || a == 18 || a == 59 || a == 81): null

08-11-2024T09:53:21 - [TEST_STEP][PASSED] - else: null

08-11-2024T09:53:21 - [TEST_STEP][PASSED] - page1 = getText(findTestObject("Object Repository/Выполнение бизнес-плана/spanPlan" + filialNum)): Text of object 'Object Repository/Выполнение бизнес-плана/spanPlan11' is: '9.07
|'

08-11-2024T09:53:51 - [MESSAGE][PASSED] - Text of object 'Object Repository/Выполнение бизнес-плана/spanPlan11' is: '9.07
|'

08-11-2024T09:53:51 - [TEST_STEP][PASSED] - page1 = page1.replace("|", ""): null

08-11-2024T09:53:51 - [TEST_STEP][PASSED] - page2 = getText(findTestObject("Object Repository/Выполнение бизнес-плана/spanFact" + filialNum)): Text of object 'Object Repository/Выполнение бизнес-плана/spanFact11' is: '8.60
|'

08-11-2024T09:54:21 - [MESSAGE][PASSED] - Text of object 'Object Repository/Выполнение бизнес-плана/spanFact11' is: '8.60
|'

08-11-2024T09:54:21 - [TEST_STEP][PASSED] - page2 = page2.replace("|", ""): null

08-11-2024T09:54:21 - [TEST_STEP][PASSED] - println("page1: " + page1): null

08-11-2024T09:54:21 - [TEST_STEP][PASSED] - println("page2: " + page2): null

08-11-2024T09:54:21 - [TEST_STEP][PASSED] - file = findTestData("PlanFact").getValue(4, a): null

08-11-2024T09:54:22 - [TEST_STEP][PASSED] - file = file.replace(",", "."): null

08-11-2024T09:54:22 - [TEST_STEP][PASSED] - println("file Plan: " + file): null

08-11-2024T09:54:22 - [TEST_STEP][PASSED] - typeOfData = "План в процентах": null

08-11-2024T09:54:22 - [TEST_STEP][PASSED] - fileDouble = file.toDouble(): null

08-11-2024T09:54:22 - [TEST_STEP][PASSED] - pageDouble = page1.toDouble(): null

08-11-2024T09:54:22 - [TEST_STEP][PASSED] - if (fileDouble != pageDouble): null

08-11-2024T09:54:22 - [TEST_STEP][PASSED] - file = findTestData("PlanFact").getValue(7, a): null

08-11-2024T09:54:22 - [TEST_STEP][PASSED] - file = file.replace(",", "."): null

08-11-2024T09:54:22 - [TEST_STEP][PASSED] - println("file Fact: " + file): null

08-11-2024T09:54:22 - [TEST_STEP][PASSED] - fileDouble = file.toDouble(): null

08-11-2024T09:54:22 - [TEST_STEP][PASSED] - typeOfData = "Факт в процентах": null

08-11-2024T09:54:22 - [TEST_STEP][PASSED] - fileDouble = file.toDouble(): null

08-11-2024T09:54:22 - [TEST_STEP][PASSED] - pageDouble = page2.toDouble(): null

08-11-2024T09:54:22 - [TEST_STEP][PASSED] - if (fileDouble != pageDouble): null

08-11-2024T09:54:22 - [TEST_STEP][PASSED] - if (verifyEqual(numberOfErrors, 0) == false): Actual object '0' and expected object '0' are equal

08-11-2024T09:54:22 - [MESSAGE][PASSED] - Actual object '0' and expected object '0' are equal

08-11-2024T09:54:22 - [TEST_STEP][PASSED] - if (a == 82): null

08-11-2024T09:54:22 - [TEST_STEP][PASSED] - dZO = "Смоленскэнерго": null

08-11-2024T09:54:22 - [TEST_STEP][PASSED] - a = 9: null

08-11-2024T09:54:22 - [TEST_STEP][PASSED] - if (x2.contains(dZO)): null

08-11-2024T09:54:22 - [TEST_STEP][PASSED] - filialNum = filialNum + 1: null

08-11-2024T09:54:22 - [TEST_STEP][PASSED] - Script1718980020443.Numbers(a, typeOfData, todaysDate, pageInt, fileInt, pageDouble, fileDouble, dZO, dzoNum, filialNum): null

08-11-2024T09:54:22 - [TEST_STEP][PASSED] - println(dzoNum): null

08-11-2024T09:54:22 - [TEST_STEP][PASSED] - planFact = <not implemented yet for class: org.codehaus.groovy.ast.expr.EmptyExpression>: null

08-11-2024T09:54:22 - [TEST_STEP][PASSED] - page = <not implemented yet for class: org.codehaus.groovy.ast.expr.EmptyExpression>: null

08-11-2024T09:54:22 - [TEST_STEP][PASSED] - page1 = <not implemented yet for class: org.codehaus.groovy.ast.expr.EmptyExpression>: null

08-11-2024T09:54:22 - [TEST_STEP][PASSED] - page2 = <not implemented yet for class: org.codehaus.groovy.ast.expr.EmptyExpression>: null

08-11-2024T09:54:22 - [TEST_STEP][PASSED] - filialNumberInRow = <not implemented yet for class: org.codehaus.groovy.ast.expr.EmptyExpression>: null

08-11-2024T09:54:22 - [TEST_STEP][PASSED] - filialsDzoNames = <not implemented yet for class: org.codehaus.groovy.ast.expr.EmptyExpression>: null

08-11-2024T09:54:22 - [TEST_STEP][PASSED] - numberOfFilials = <not implemented yet for class: org.codehaus.groovy.ast.expr.EmptyExpression>: null

08-11-2024T09:54:22 - [TEST_STEP][PASSED] - numberOfSpaces = <not implemented yet for class: org.codehaus.groovy.ast.expr.EmptyExpression>: null

08-11-2024T09:54:22 - [TEST_STEP][PASSED] - file = <not implemented yet for class: org.codehaus.groovy.ast.expr.EmptyExpression>: null

08-11-2024T09:54:22 - [TEST_STEP][PASSED] - otpusk = <not implemented yet for class: org.codehaus.groovy.ast.expr.EmptyExpression>: null

08-11-2024T09:54:22 - [TEST_STEP][PASSED] - poteri = <not implemented yet for class: org.codehaus.groovy.ast.expr.EmptyExpression>: null

08-11-2024T09:54:22 - [TEST_STEP][PASSED] - dataFolder = "Выполнение бизнес-плана/Значения со страницы Выполнение бизнес-плана/": null

08-11-2024T09:54:22 - [TEST_STEP][PASSED] - path = <not implemented yet for class: org.codehaus.groovy.ast.expr.EmptyExpression>: null

08-11-2024T09:54:22 - [TEST_STEP][PASSED] - typeOfDataMain = <not implemented yet for class: org.codehaus.groovy.ast.expr.EmptyExpression>: null

08-11-2024T09:54:22 - [TEST_STEP][PASSED] - fileOtpuskVSet = <not implemented yet for class: org.codehaus.groovy.ast.expr.EmptyExpression>: null

08-11-2024T09:54:22 - [TEST_STEP][PASSED] - pageOtpuskVSet = <not implemented yet for class: org.codehaus.groovy.ast.expr.EmptyExpression>: null

08-11-2024T09:54:22 - [TEST_STEP][PASSED] - filePoteri = <not implemented yet for class: org.codehaus.groovy.ast.expr.EmptyExpression>: null

08-11-2024T09:54:22 - [TEST_STEP][PASSED] - pagePoteri = <not implemented yet for class: org.codehaus.groovy.ast.expr.EmptyExpression>: null

08-11-2024T09:54:22 - [TEST_STEP][PASSED] - compare = <not implemented yet for class: org.codehaus.groovy.ast.expr.EmptyExpression>: null

08-11-2024T09:54:22 - [TEST_STEP][PASSED] - b = <not implemented yet for class: org.codehaus.groovy.ast.expr.EmptyExpression>: null

08-11-2024T09:54:22 - [TEST_STEP][PASSED] - i = <not implemented yet for class: org.codehaus.groovy.ast.expr.EmptyExpression>: null

08-11-2024T09:54:22 - [TEST_STEP][PASSED] - ii = <not implemented yet for class: org.codehaus.groovy.ast.expr.EmptyExpression>: null

08-11-2024T09:54:22 - [TEST_STEP][PASSED] - c = <not implemented yet for class: org.codehaus.groovy.ast.expr.EmptyExpression>: null

08-11-2024T09:54:22 - [TEST_STEP][PASSED] - numberOfErrors = 0: null

08-11-2024T09:54:22 - [TEST_STEP][PASSED] - if (a == 82): null

08-11-2024T09:54:22 - [TEST_STEP][PASSED] - b = findTestData("PlanFact").getValue(1, a): null

08-11-2024T09:54:22 - [TEST_STEP][PASSED] - i = b.indexOf(" (ГК)"): null

08-11-2024T09:54:22 - [TEST_STEP][PASSED] - if (i > -1): null

08-11-2024T09:54:22 - [TEST_STEP][PASSED] - i = b.indexOf("О ""): null

08-11-2024T09:54:22 - [TEST_STEP][PASSED] - if (i > -1): null

08-11-2024T09:54:22 - [TEST_STEP][PASSED] - i = b.indexOf("О «"): null

08-11-2024T09:54:22 - [TEST_STEP][PASSED] - if (i > -1): null

08-11-2024T09:54:22 - [TEST_STEP][PASSED] - i = b.indexOf("г. "): null

08-11-2024T09:54:22 - [TEST_STEP][PASSED] - if (i > -1): null

08-11-2024T09:54:22 - [TEST_STEP][PASSED] - println(b): null

08-11-2024T09:54:22 - [TEST_STEP][PASSED] - for ([planFact = 1, planFact < 3, (planFact++)]): Object: 'Object Repository/Выполнение бизнес-плана/Кнопка Факт' is clicked on

08-11-2024T09:54:22 - [TEST_STEP][PASSED] - if (planFact == 1): null

08-11-2024T09:54:22 - [TEST_STEP][PASSED] - typeOfDataMain = "Факт": null

08-11-2024T09:54:22 - [TEST_STEP][PASSED] - otpusk = findTestData("PlanFact").getValue(5, a): null

08-11-2024T09:54:22 - [TEST_STEP][PASSED] - poteri = findTestData("PlanFact").getValue(6, a): null

08-11-2024T09:54:22 - [TEST_STEP][PASSED] - otpusk = otpusk.replaceAll("\s+", ""): null

08-11-2024T09:54:22 - [TEST_STEP][PASSED] - poteri = poteri.replaceAll("\s+", ""): null

08-11-2024T09:54:22 - [TEST_STEP][PASSED] - typeOfData = typeOfDataMain + " Отпуск в сеть": null

08-11-2024T09:54:22 - [TEST_STEP][PASSED] - if (a == 82): null

08-11-2024T09:54:22 - [TEST_STEP][PASSED] - else if (a == 84): null

08-11-2024T09:54:22 - [TEST_STEP][PASSED] - else if (a == 52 || a == 72 || a == 28 || a == 73 || a == 77 || a == 74 || a == 65 || a == 36 || a == 44 || a == 53 || a == 80 || a == 54 || a == 1 || a == 18 || a == 59 || a == 81): null

08-11-2024T09:54:22 - [TEST_STEP][PASSED] - else: null

08-11-2024T09:54:22 - [TEST_STEP][PASSED] - path = dataFolder + typeOfData + " за отчётный период " + b: null

08-11-2024T09:54:22 - [TEST_STEP][PASSED] - println(path): null

08-11-2024T09:54:22 - [TEST_STEP][PASSED] - page = getText(findTestObject(path)): Text of object 'Object Repository/Выполнение бизнес-плана/Значения со страницы Выполнение бизнес-плана/Факт Отпуск в сеть за отчётный период Смоленскэнерго' is: '2 877 695'

08-11-2024T09:54:52 - [MESSAGE][PASSED] - Text of object 'Object Repository/Выполнение бизнес-плана/Значения со страницы Выполнение бизнес-плана/Факт Отпуск в сеть за отчётный период Смоленскэнерго' is: '2 877 695'

08-11-2024T09:54:52 - [TEST_STEP][PASSED] - page = page.replaceAll("\s+", ""): null

08-11-2024T09:54:52 - [TEST_STEP][PASSED] - fileOtpuskVSet = otpusk.toInteger(): null

08-11-2024T09:54:52 - [TEST_STEP][PASSED] - pageOtpuskVSet = page.toInteger(): null

08-11-2024T09:54:52 - [TEST_STEP][PASSED] - typeOfData = typeOfDataMain + " Потери": null

08-11-2024T09:54:52 - [TEST_STEP][PASSED] - if (a == 82): null

08-11-2024T09:54:52 - [TEST_STEP][PASSED] - else if (a == 84): null

08-11-2024T09:54:52 - [TEST_STEP][PASSED] - else if (a == 52 || a == 72 || a == 28 || a == 73 || a == 77 || a == 74 || a == 65 || a == 36 || a == 44 || a == 53 || a == 80 || a == 54 || a == 1 || a == 18 || a == 59 || a == 81): null

08-11-2024T09:54:52 - [TEST_STEP][PASSED] - else: null

08-11-2024T09:54:52 - [TEST_STEP][PASSED] - path = dataFolder + typeOfData + " за отчётный период " + b: null

08-11-2024T09:54:52 - [TEST_STEP][PASSED] - page = getText(findTestObject(path)): Text of object 'Object Repository/Выполнение бизнес-плана/Значения со страницы Выполнение бизнес-плана/Факт Потери за отчётный период Смоленскэнерго' is: '338 207'

08-11-2024T09:55:22 - [MESSAGE][PASSED] - Text of object 'Object Repository/Выполнение бизнес-плана/Значения со страницы Выполнение бизнес-плана/Факт Потери за отчётный период Смоленскэнерго' is: '338 207'

08-11-2024T09:55:22 - [TEST_STEP][PASSED] - page = page.replaceAll("\s+", ""): null

08-11-2024T09:55:22 - [TEST_STEP][PASSED] - filePoteri = poteri.toInteger(): null

08-11-2024T09:55:22 - [TEST_STEP][PASSED] - pagePoteri = page.toInteger(): null

08-11-2024T09:55:22 - [TEST_STEP][PASSED] - compare = pageOtpuskVSet: null

08-11-2024T09:55:22 - [TEST_STEP][PASSED] - if (compare == fileOtpuskVSet): null

08-11-2024T09:55:22 - [TEST_STEP][PASSED] - if (compare == fileOtpuskVSet): null

08-11-2024T09:55:22 - [TEST_STEP][PASSED] - compare = pagePoteri: null

08-11-2024T09:55:22 - [TEST_STEP][PASSED] - if (compare == filePoteri): null

08-11-2024T09:55:22 - [TEST_STEP][PASSED] - if (compare == filePoteri): null

08-11-2024T09:55:22 - [TEST_STEP][PASSED] - if (planFact == 2): null

08-11-2024T09:55:22 - [TEST_STEP][PASSED] - if (planFact == 1): null

08-11-2024T09:55:22 - [TEST_STEP][PASSED] - else if (planFact == 2): null

08-11-2024T09:55:22 - [TEST_STEP][PASSED] - click(findTestObject("Выполнение бизнес-плана/Кнопка План")): Object: 'Object Repository/Выполнение бизнес-плана/Кнопка План' is clicked on

08-11-2024T09:55:52 - [MESSAGE][PASSED] - Object: 'Object Repository/Выполнение бизнес-плана/Кнопка План' is clicked on

08-11-2024T09:55:52 - [TEST_STEP][PASSED] - typeOfDataMain = "План": null

08-11-2024T09:55:52 - [TEST_STEP][PASSED] - otpusk = findTestData("PlanFact").getValue(2, a): null

08-11-2024T09:55:52 - [TEST_STEP][PASSED] - poteri = findTestData("PlanFact").getValue(3, a): null

08-11-2024T09:55:52 - [TEST_STEP][PASSED] - otpusk = otpusk.replaceAll("\s+", ""): null

08-11-2024T09:55:52 - [TEST_STEP][PASSED] - poteri = poteri.replaceAll("\s+", ""): null

08-11-2024T09:55:52 - [TEST_STEP][PASSED] - typeOfData = typeOfDataMain + " Отпуск в сеть": null

08-11-2024T09:55:52 - [TEST_STEP][PASSED] - if (a == 82): null

08-11-2024T09:55:52 - [TEST_STEP][PASSED] - else if (a == 84): null

08-11-2024T09:55:52 - [TEST_STEP][PASSED] - else if (a == 52 || a == 72 || a == 28 || a == 73 || a == 77 || a == 74 || a == 65 || a == 36 || a == 44 || a == 53 || a == 80 || a == 54 || a == 1 || a == 18 || a == 59 || a == 81): null

08-11-2024T09:55:52 - [TEST_STEP][PASSED] - else: null

08-11-2024T09:55:52 - [TEST_STEP][PASSED] - path = dataFolder + typeOfData + " за отчётный период " + b: null

08-11-2024T09:55:52 - [TEST_STEP][PASSED] - println(path): null

08-11-2024T09:55:52 - [TEST_STEP][PASSED] - page = getText(findTestObject(path)): Text of object 'Object Repository/Выполнение бизнес-плана/Значения со страницы Выполнение бизнес-плана/План Отпуск в сеть за отчётный период Смоленскэнерго' is: '2 861 590'

08-11-2024T09:56:22 - [MESSAGE][PASSED] - Text of object 'Object Repository/Выполнение бизнес-плана/Значения со страницы Выполнение бизнес-плана/План Отпуск в сеть за отчётный период Смоленскэнерго' is: '2 861 590'

08-11-2024T09:56:22 - [TEST_STEP][PASSED] - page = page.replaceAll("\s+", ""): null

08-11-2024T09:56:22 - [TEST_STEP][PASSED] - fileOtpuskVSet = otpusk.toInteger(): null

08-11-2024T09:56:22 - [TEST_STEP][PASSED] - pageOtpuskVSet = page.toInteger(): null

08-11-2024T09:56:22 - [TEST_STEP][PASSED] - typeOfData = typeOfDataMain + " Потери": null

08-11-2024T09:56:22 - [TEST_STEP][PASSED] - if (a == 82): null

08-11-2024T09:56:22 - [TEST_STEP][PASSED] - else if (a == 84): null

08-11-2024T09:56:22 - [TEST_STEP][PASSED] - else if (a == 52 || a == 72 || a == 28 || a == 73 || a == 77 || a == 74 || a == 65 || a == 36 || a == 44 || a == 53 || a == 80 || a == 54 || a == 1 || a == 18 || a == 59 || a == 81): null

08-11-2024T09:56:22 - [TEST_STEP][PASSED] - else: null

08-11-2024T09:56:22 - [TEST_STEP][PASSED] - path = dataFolder + typeOfData + " за отчётный период " + b: null

08-11-2024T09:56:22 - [TEST_STEP][PASSED] - page = getText(findTestObject(path)): Text of object 'Object Repository/Выполнение бизнес-плана/Значения со страницы Выполнение бизнес-плана/План Потери за отчётный период Смоленскэнерго' is: '339 390'

08-11-2024T09:56:52 - [MESSAGE][PASSED] - Text of object 'Object Repository/Выполнение бизнес-плана/Значения со страницы Выполнение бизнес-плана/План Потери за отчётный период Смоленскэнерго' is: '339 390'

08-11-2024T09:56:52 - [TEST_STEP][PASSED] - page = page.replaceAll("\s+", ""): null

08-11-2024T09:56:52 - [TEST_STEP][PASSED] - filePoteri = poteri.toInteger(): null

08-11-2024T09:56:52 - [TEST_STEP][PASSED] - pagePoteri = page.toInteger(): null

08-11-2024T09:56:52 - [TEST_STEP][PASSED] - compare = pageOtpuskVSet: null

08-11-2024T09:56:52 - [TEST_STEP][PASSED] - if (compare == fileOtpuskVSet): null

08-11-2024T09:56:52 - [TEST_STEP][PASSED] - if (compare == fileOtpuskVSet): null

08-11-2024T09:56:52 - [TEST_STEP][PASSED] - compare = pagePoteri: null

08-11-2024T09:56:52 - [TEST_STEP][PASSED] - if (compare == filePoteri): null

08-11-2024T09:56:52 - [TEST_STEP][PASSED] - if (compare == filePoteri): null

08-11-2024T09:56:52 - [TEST_STEP][PASSED] - if (planFact == 2): Object: 'Object Repository/Выполнение бизнес-плана/Кнопка Факт' is clicked on

08-11-2024T09:56:52 - [TEST_STEP][PASSED] - click(findTestObject("Выполнение бизнес-плана/Кнопка Факт")): Object: 'Object Repository/Выполнение бизнес-плана/Кнопка Факт' is clicked on

08-11-2024T09:57:22 - [MESSAGE][PASSED] - Object: 'Object Repository/Выполнение бизнес-плана/Кнопка Факт' is clicked on

08-11-2024T09:57:22 - [TEST_STEP][PASSED] - if (a == 84 || a == 82): null

08-11-2024T09:57:22 - [TEST_STEP][PASSED] - else if (a == 52 || a == 72 || a == 28 || a == 73 || a == 77 || a == 74 || a == 65 || a == 36 || a == 44 || a == 53 || a == 80 || a == 54 || a == 1 || a == 18 || a == 59 || a == 81): null

08-11-2024T09:57:22 - [TEST_STEP][PASSED] - else: null

08-11-2024T09:57:22 - [TEST_STEP][PASSED] - page1 = getText(findTestObject("Object Repository/Выполнение бизнес-плана/spanPlan" + filialNum)): Text of object 'Object Repository/Выполнение бизнес-плана/spanPlan12' is: '11.86
|'

08-11-2024T09:57:53 - [MESSAGE][PASSED] - Text of object 'Object Repository/Выполнение бизнес-плана/spanPlan12' is: '11.86
|'

08-11-2024T09:57:53 - [TEST_STEP][PASSED] - page1 = page1.replace("|", ""): null

08-11-2024T09:57:53 - [TEST_STEP][PASSED] - page2 = getText(findTestObject("Object Repository/Выполнение бизнес-плана/spanFact" + filialNum)): Text of object 'Object Repository/Выполнение бизнес-плана/spanFact12' is: '11.75
|'

08-11-2024T09:58:23 - [MESSAGE][PASSED] - Text of object 'Object Repository/Выполнение бизнес-плана/spanFact12' is: '11.75
|'

08-11-2024T09:58:23 - [TEST_STEP][PASSED] - page2 = page2.replace("|", ""): null

08-11-2024T09:58:23 - [TEST_STEP][PASSED] - println("page1: " + page1): null

08-11-2024T09:58:23 - [TEST_STEP][PASSED] - println("page2: " + page2): null

08-11-2024T09:58:23 - [TEST_STEP][PASSED] - file = findTestData("PlanFact").getValue(4, a): null

08-11-2024T09:58:23 - [TEST_STEP][PASSED] - file = file.replace(",", "."): null

08-11-2024T09:58:23 - [TEST_STEP][PASSED] - println("file Plan: " + file): null

08-11-2024T09:58:23 - [TEST_STEP][PASSED] - typeOfData = "План в процентах": null

08-11-2024T09:58:23 - [TEST_STEP][PASSED] - fileDouble = file.toDouble(): null

08-11-2024T09:58:23 - [TEST_STEP][PASSED] - pageDouble = page1.toDouble(): null

08-11-2024T09:58:23 - [TEST_STEP][PASSED] - if (fileDouble != pageDouble): null

08-11-2024T09:58:23 - [TEST_STEP][PASSED] - file = findTestData("PlanFact").getValue(7, a): null

08-11-2024T09:58:23 - [TEST_STEP][PASSED] - file = file.replace(",", "."): null

08-11-2024T09:58:23 - [TEST_STEP][PASSED] - println("file Fact: " + file): null

08-11-2024T09:58:23 - [TEST_STEP][PASSED] - fileDouble = file.toDouble(): null

08-11-2024T09:58:23 - [TEST_STEP][PASSED] - typeOfData = "Факт в процентах": null

08-11-2024T09:58:23 - [TEST_STEP][PASSED] - fileDouble = file.toDouble(): null

08-11-2024T09:58:23 - [TEST_STEP][PASSED] - pageDouble = page2.toDouble(): null

08-11-2024T09:58:23 - [TEST_STEP][PASSED] - if (fileDouble != pageDouble): null

08-11-2024T09:58:23 - [TEST_STEP][PASSED] - if (verifyEqual(numberOfErrors, 0) == false): Actual object '0' and expected object '0' are equal

08-11-2024T09:58:23 - [MESSAGE][PASSED] - Actual object '0' and expected object '0' are equal

08-11-2024T09:58:23 - [TEST_STEP][PASSED] - if (a == 82): null

08-11-2024T09:58:23 - [TEST_STEP][PASSED] - dZO = "Тамбовэнерго": null

08-11-2024T09:58:23 - [TEST_STEP][PASSED] - a = 10: null

08-11-2024T09:58:23 - [TEST_STEP][PASSED] - if (x2.contains(dZO)): null

08-11-2024T09:58:23 - [TEST_STEP][PASSED] - filialNum = filialNum + 1: null

08-11-2024T09:58:23 - [TEST_STEP][PASSED] - Script1718980020443.Numbers(a, typeOfData, todaysDate, pageInt, fileInt, pageDouble, fileDouble, dZO, dzoNum, filialNum): null

08-11-2024T09:58:23 - [TEST_STEP][PASSED] - println(dzoNum): null

08-11-2024T09:58:23 - [TEST_STEP][PASSED] - planFact = <not implemented yet for class: org.codehaus.groovy.ast.expr.EmptyExpression>: null

08-11-2024T09:58:23 - [TEST_STEP][PASSED] - page = <not implemented yet for class: org.codehaus.groovy.ast.expr.EmptyExpression>: null

08-11-2024T09:58:23 - [TEST_STEP][PASSED] - page1 = <not implemented yet for class: org.codehaus.groovy.ast.expr.EmptyExpression>: null

08-11-2024T09:58:23 - [TEST_STEP][PASSED] - page2 = <not implemented yet for class: org.codehaus.groovy.ast.expr.EmptyExpression>: null

08-11-2024T09:58:23 - [TEST_STEP][PASSED] - filialNumberInRow = <not implemented yet for class: org.codehaus.groovy.ast.expr.EmptyExpression>: null

08-11-2024T09:58:23 - [TEST_STEP][PASSED] - filialsDzoNames = <not implemented yet for class: org.codehaus.groovy.ast.expr.EmptyExpression>: null

08-11-2024T09:58:23 - [TEST_STEP][PASSED] - numberOfFilials = <not implemented yet for class: org.codehaus.groovy.ast.expr.EmptyExpression>: null

08-11-2024T09:58:23 - [TEST_STEP][PASSED] - numberOfSpaces = <not implemented yet for class: org.codehaus.groovy.ast.expr.EmptyExpression>: null

08-11-2024T09:58:23 - [TEST_STEP][PASSED] - file = <not implemented yet for class: org.codehaus.groovy.ast.expr.EmptyExpression>: null

08-11-2024T09:58:23 - [TEST_STEP][PASSED] - otpusk = <not implemented yet for class: org.codehaus.groovy.ast.expr.EmptyExpression>: null

08-11-2024T09:58:23 - [TEST_STEP][PASSED] - poteri = <not implemented yet for class: org.codehaus.groovy.ast.expr.EmptyExpression>: null

08-11-2024T09:58:23 - [TEST_STEP][PASSED] - dataFolder = "Выполнение бизнес-плана/Значения со страницы Выполнение бизнес-плана/": null

08-11-2024T09:58:23 - [TEST_STEP][PASSED] - path = <not implemented yet for class: org.codehaus.groovy.ast.expr.EmptyExpression>: null

08-11-2024T09:58:23 - [TEST_STEP][PASSED] - typeOfDataMain = <not implemented yet for class: org.codehaus.groovy.ast.expr.EmptyExpression>: null

08-11-2024T09:58:23 - [TEST_STEP][PASSED] - fileOtpuskVSet = <not implemented yet for class: org.codehaus.groovy.ast.expr.EmptyExpression>: null

08-11-2024T09:58:23 - [TEST_STEP][PASSED] - pageOtpuskVSet = <not implemented yet for class: org.codehaus.groovy.ast.expr.EmptyExpression>: null

08-11-2024T09:58:23 - [TEST_STEP][PASSED] - filePoteri = <not implemented yet for class: org.codehaus.groovy.ast.expr.EmptyExpression>: null

08-11-2024T09:58:23 - [TEST_STEP][PASSED] - pagePoteri = <not implemented yet for class: org.codehaus.groovy.ast.expr.EmptyExpression>: null

08-11-2024T09:58:23 - [TEST_STEP][PASSED] - compare = <not implemented yet for class: org.codehaus.groovy.ast.expr.EmptyExpression>: null

08-11-2024T09:58:23 - [TEST_STEP][PASSED] - b = <not implemented yet for class: org.codehaus.groovy.ast.expr.EmptyExpression>: null

08-11-2024T09:58:23 - [TEST_STEP][PASSED] - i = <not implemented yet for class: org.codehaus.groovy.ast.expr.EmptyExpression>: null

08-11-2024T09:58:23 - [TEST_STEP][PASSED] - ii = <not implemented yet for class: org.codehaus.groovy.ast.expr.EmptyExpression>: null

08-11-2024T09:58:23 - [TEST_STEP][PASSED] - c = <not implemented yet for class: org.codehaus.groovy.ast.expr.EmptyExpression>: null

08-11-2024T09:58:23 - [TEST_STEP][PASSED] - numberOfErrors = 0: null

08-11-2024T09:58:23 - [TEST_STEP][PASSED] - if (a == 82): null

08-11-2024T09:58:23 - [TEST_STEP][PASSED] - b = findTestData("PlanFact").getValue(1, a): null

08-11-2024T09:58:23 - [TEST_STEP][PASSED] - i = b.indexOf(" (ГК)"): null

08-11-2024T09:58:23 - [TEST_STEP][PASSED] - if (i > -1): null

08-11-2024T09:58:23 - [TEST_STEP][PASSED] - i = b.indexOf("О ""): null

08-11-2024T09:58:23 - [TEST_STEP][PASSED] - if (i > -1): null

08-11-2024T09:58:23 - [TEST_STEP][PASSED] - i = b.indexOf("О «"): null

08-11-2024T09:58:23 - [TEST_STEP][PASSED] - if (i > -1): null

08-11-2024T09:58:23 - [TEST_STEP][PASSED] - i = b.indexOf("г. "): null

08-11-2024T09:58:23 - [TEST_STEP][PASSED] - if (i > -1): null

08-11-2024T09:58:23 - [TEST_STEP][PASSED] - println(b): null

08-11-2024T09:58:23 - [TEST_STEP][PASSED] - for ([planFact = 1, planFact < 3, (planFact++)]): Object: 'Object Repository/Выполнение бизнес-плана/Кнопка Факт' is clicked on

08-11-2024T09:58:23 - [TEST_STEP][PASSED] - if (planFact == 1): null

08-11-2024T09:58:23 - [TEST_STEP][PASSED] - typeOfDataMain = "Факт": null

08-11-2024T09:58:23 - [TEST_STEP][PASSED] - otpusk = findTestData("PlanFact").getValue(5, a): null

08-11-2024T09:58:23 - [TEST_STEP][PASSED] - poteri = findTestData("PlanFact").getValue(6, a): null

08-11-2024T09:58:23 - [TEST_STEP][PASSED] - otpusk = otpusk.replaceAll("\s+", ""): null

08-11-2024T09:58:23 - [TEST_STEP][PASSED] - poteri = poteri.replaceAll("\s+", ""): null

08-11-2024T09:58:23 - [TEST_STEP][PASSED] - typeOfData = typeOfDataMain + " Отпуск в сеть": null

08-11-2024T09:58:23 - [TEST_STEP][PASSED] - if (a == 82): null

08-11-2024T09:58:23 - [TEST_STEP][PASSED] - else if (a == 84): null

08-11-2024T09:58:23 - [TEST_STEP][PASSED] - else if (a == 52 || a == 72 || a == 28 || a == 73 || a == 77 || a == 74 || a == 65 || a == 36 || a == 44 || a == 53 || a == 80 || a == 54 || a == 1 || a == 18 || a == 59 || a == 81): null

08-11-2024T09:58:23 - [TEST_STEP][PASSED] - else: null

08-11-2024T09:58:23 - [TEST_STEP][PASSED] - path = dataFolder + typeOfData + " за отчётный период " + b: null

08-11-2024T09:58:23 - [TEST_STEP][PASSED] - println(path): null

08-11-2024T09:58:23 - [TEST_STEP][PASSED] - page = getText(findTestObject(path)): Text of object 'Object Repository/Выполнение бизнес-плана/Значения со страницы Выполнение бизнес-плана/Факт Отпуск в сеть за отчётный период Тамбовэнерго' is: '2 262 998'

08-11-2024T09:58:53 - [MESSAGE][PASSED] - Text of object 'Object Repository/Выполнение бизнес-плана/Значения со страницы Выполнение бизнес-плана/Факт Отпуск в сеть за отчётный период Тамбовэнерго' is: '2 262 998'

08-11-2024T09:58:53 - [TEST_STEP][PASSED] - page = page.replaceAll("\s+", ""): null

08-11-2024T09:58:53 - [TEST_STEP][PASSED] - fileOtpuskVSet = otpusk.toInteger(): null

08-11-2024T09:58:53 - [TEST_STEP][PASSED] - pageOtpuskVSet = page.toInteger(): null

08-11-2024T09:58:53 - [TEST_STEP][PASSED] - typeOfData = typeOfDataMain + " Потери": null

08-11-2024T09:58:53 - [TEST_STEP][PASSED] - if (a == 82): null

08-11-2024T09:58:53 - [TEST_STEP][PASSED] - else if (a == 84): null

08-11-2024T09:58:53 - [TEST_STEP][PASSED] - else if (a == 52 || a == 72 || a == 28 || a == 73 || a == 77 || a == 74 || a == 65 || a == 36 || a == 44 || a == 53 || a == 80 || a == 54 || a == 1 || a == 18 || a == 59 || a == 81): null

08-11-2024T09:58:53 - [TEST_STEP][PASSED] - else: null

08-11-2024T09:58:53 - [TEST_STEP][PASSED] - path = dataFolder + typeOfData + " за отчётный период " + b: null

08-11-2024T09:58:53 - [TEST_STEP][PASSED] - page = getText(findTestObject(path)): Text of object 'Object Repository/Выполнение бизнес-плана/Значения со страницы Выполнение бизнес-плана/Факт Потери за отчётный период Тамбовэнерго' is: '185 079'

08-11-2024T09:59:23 - [MESSAGE][PASSED] - Text of object 'Object Repository/Выполнение бизнес-плана/Значения со страницы Выполнение бизнес-плана/Факт Потери за отчётный период Тамбовэнерго' is: '185 079'

08-11-2024T09:59:23 - [TEST_STEP][PASSED] - page = page.replaceAll("\s+", ""): null

08-11-2024T09:59:23 - [TEST_STEP][PASSED] - filePoteri = poteri.toInteger(): null

08-11-2024T09:59:23 - [TEST_STEP][PASSED] - pagePoteri = page.toInteger(): null

08-11-2024T09:59:23 - [TEST_STEP][PASSED] - compare = pageOtpuskVSet: null

08-11-2024T09:59:23 - [TEST_STEP][PASSED] - if (compare == fileOtpuskVSet): null

08-11-2024T09:59:23 - [TEST_STEP][PASSED] - if (compare == fileOtpuskVSet): null

08-11-2024T09:59:23 - [TEST_STEP][PASSED] - compare = pagePoteri: null

08-11-2024T09:59:23 - [TEST_STEP][PASSED] - if (compare == filePoteri): null

08-11-2024T09:59:23 - [TEST_STEP][PASSED] - if (compare == filePoteri): null

08-11-2024T09:59:23 - [TEST_STEP][PASSED] - if (planFact == 2): null

08-11-2024T09:59:23 - [TEST_STEP][PASSED] - if (planFact == 1): null

08-11-2024T09:59:23 - [TEST_STEP][PASSED] - else if (planFact == 2): null

08-11-2024T09:59:23 - [TEST_STEP][PASSED] - click(findTestObject("Выполнение бизнес-плана/Кнопка План")): Object: 'Object Repository/Выполнение бизнес-плана/Кнопка План' is clicked on

08-11-2024T09:59:53 - [MESSAGE][PASSED] - Object: 'Object Repository/Выполнение бизнес-плана/Кнопка План' is clicked on

08-11-2024T09:59:53 - [TEST_STEP][PASSED] - typeOfDataMain = "План": null

08-11-2024T09:59:53 - [TEST_STEP][PASSED] - otpusk = findTestData("PlanFact").getValue(2, a): null

08-11-2024T09:59:53 - [TEST_STEP][PASSED] - poteri = findTestData("PlanFact").getValue(3, a): null

08-11-2024T09:59:53 - [TEST_STEP][PASSED] - otpusk = otpusk.replaceAll("\s+", ""): null

08-11-2024T09:59:53 - [TEST_STEP][PASSED] - poteri = poteri.replaceAll("\s+", ""): null

08-11-2024T09:59:53 - [TEST_STEP][PASSED] - typeOfData = typeOfDataMain + " Отпуск в сеть": null

08-11-2024T09:59:53 - [TEST_STEP][PASSED] - if (a == 82): null

08-11-2024T09:59:53 - [TEST_STEP][PASSED] - else if (a == 84): null

08-11-2024T09:59:53 - [TEST_STEP][PASSED] - else if (a == 52 || a == 72 || a == 28 || a == 73 || a == 77 || a == 74 || a == 65 || a == 36 || a == 44 || a == 53 || a == 80 || a == 54 || a == 1 || a == 18 || a == 59 || a == 81): null

08-11-2024T09:59:53 - [TEST_STEP][PASSED] - else: null

08-11-2024T09:59:53 - [TEST_STEP][PASSED] - path = dataFolder + typeOfData + " за отчётный период " + b: null

08-11-2024T09:59:53 - [TEST_STEP][PASSED] - println(path): null

08-11-2024T09:59:53 - [TEST_STEP][PASSED] - page = getText(findTestObject(path)): Text of object 'Object Repository/Выполнение бизнес-плана/Значения со страницы Выполнение бизнес-плана/План Отпуск в сеть за отчётный период Тамбовэнерго' is: '2 195 554'

08-11-2024T10:00:23 - [MESSAGE][PASSED] - Text of object 'Object Repository/Выполнение бизнес-плана/Значения со страницы Выполнение бизнес-плана/План Отпуск в сеть за отчётный период Тамбовэнерго' is: '2 195 554'

08-11-2024T10:00:23 - [TEST_STEP][PASSED] - page = page.replaceAll("\s+", ""): null

08-11-2024T10:00:23 - [TEST_STEP][PASSED] - fileOtpuskVSet = otpusk.toInteger(): null

08-11-2024T10:00:23 - [TEST_STEP][PASSED] - pageOtpuskVSet = page.toInteger(): null

08-11-2024T10:00:23 - [TEST_STEP][PASSED] - typeOfData = typeOfDataMain + " Потери": null

08-11-2024T10:00:23 - [TEST_STEP][PASSED] - if (a == 82): null

08-11-2024T10:00:23 - [TEST_STEP][PASSED] - else if (a == 84): null

08-11-2024T10:00:23 - [TEST_STEP][PASSED] - else if (a == 52 || a == 72 || a == 28 || a == 73 || a == 77 || a == 74 || a == 65 || a == 36 || a == 44 || a == 53 || a == 80 || a == 54 || a == 1 || a == 18 || a == 59 || a == 81): null

08-11-2024T10:00:23 - [TEST_STEP][PASSED] - else: null

08-11-2024T10:00:23 - [TEST_STEP][PASSED] - path = dataFolder + typeOfData + " за отчётный период " + b: null

08-11-2024T10:00:23 - [TEST_STEP][PASSED] - page = getText(findTestObject(path)): Text of object 'Object Repository/Выполнение бизнес-плана/Значения со страницы Выполнение бизнес-плана/План Потери за отчётный период Тамбовэнерго' is: '191 492'

08-11-2024T10:00:53 - [MESSAGE][PASSED] - Text of object 'Object Repository/Выполнение бизнес-плана/Значения со страницы Выполнение бизнес-плана/План Потери за отчётный период Тамбовэнерго' is: '191 492'

08-11-2024T10:00:53 - [TEST_STEP][PASSED] - page = page.replaceAll("\s+", ""): null

08-11-2024T10:00:53 - [TEST_STEP][PASSED] - filePoteri = poteri.toInteger(): null

08-11-2024T10:00:53 - [TEST_STEP][PASSED] - pagePoteri = page.toInteger(): null

08-11-2024T10:00:53 - [TEST_STEP][PASSED] - compare = pageOtpuskVSet: null

08-11-2024T10:00:53 - [TEST_STEP][PASSED] - if (compare == fileOtpuskVSet): null

08-11-2024T10:00:53 - [TEST_STEP][PASSED] - if (compare == fileOtpuskVSet): null

08-11-2024T10:00:53 - [TEST_STEP][PASSED] - compare = pagePoteri: null

08-11-2024T10:00:53 - [TEST_STEP][PASSED] - if (compare == filePoteri): null

08-11-2024T10:00:53 - [TEST_STEP][PASSED] - if (compare == filePoteri): null

08-11-2024T10:00:53 - [TEST_STEP][PASSED] - if (planFact == 2): Object: 'Object Repository/Выполнение бизнес-плана/Кнопка Факт' is clicked on

08-11-2024T10:00:53 - [TEST_STEP][PASSED] - click(findTestObject("Выполнение бизнес-плана/Кнопка Факт")): Object: 'Object Repository/Выполнение бизнес-плана/Кнопка Факт' is clicked on

08-11-2024T10:01:23 - [MESSAGE][PASSED] - Object: 'Object Repository/Выполнение бизнес-плана/Кнопка Факт' is clicked on

08-11-2024T10:01:23 - [TEST_STEP][PASSED] - if (a == 84 || a == 82): null

08-11-2024T10:01:23 - [TEST_STEP][PASSED] - else if (a == 52 || a == 72 || a == 28 || a == 73 || a == 77 || a == 74 || a == 65 || a == 36 || a == 44 || a == 53 || a == 80 || a == 54 || a == 1 || a == 18 || a == 59 || a == 81): null

08-11-2024T10:01:23 - [TEST_STEP][PASSED] - else: null

08-11-2024T10:01:23 - [TEST_STEP][PASSED] - page1 = getText(findTestObject("Object Repository/Выполнение бизнес-плана/spanPlan" + filialNum)): Text of object 'Object Repository/Выполнение бизнес-плана/spanPlan13' is: '8.72
|'

08-11-2024T10:01:54 - [MESSAGE][PASSED] - Text of object 'Object Repository/Выполнение бизнес-плана/spanPlan13' is: '8.72
|'

08-11-2024T10:01:54 - [TEST_STEP][PASSED] - page1 = page1.replace("|", ""): null

08-11-2024T10:01:54 - [TEST_STEP][PASSED] - page2 = getText(findTestObject("Object Repository/Выполнение бизнес-плана/spanFact" + filialNum)): Text of object 'Object Repository/Выполнение бизнес-плана/spanFact13' is: '8.18
|'

08-11-2024T10:02:24 - [MESSAGE][PASSED] - Text of object 'Object Repository/Выполнение бизнес-плана/spanFact13' is: '8.18
|'

08-11-2024T10:02:24 - [TEST_STEP][PASSED] - page2 = page2.replace("|", ""): null

08-11-2024T10:02:24 - [TEST_STEP][PASSED] - println("page1: " + page1): null

08-11-2024T10:02:24 - [TEST_STEP][PASSED] - println("page2: " + page2): null

08-11-2024T10:02:24 - [TEST_STEP][PASSED] - file = findTestData("PlanFact").getValue(4, a): null

08-11-2024T10:02:24 - [TEST_STEP][PASSED] - file = file.replace(",", "."): null

08-11-2024T10:02:24 - [TEST_STEP][PASSED] - println("file Plan: " + file): null

08-11-2024T10:02:24 - [TEST_STEP][PASSED] - typeOfData = "План в процентах": null

08-11-2024T10:02:24 - [TEST_STEP][PASSED] - fileDouble = file.toDouble(): null

08-11-2024T10:02:24 - [TEST_STEP][PASSED] - pageDouble = page1.toDouble(): null

08-11-2024T10:02:24 - [TEST_STEP][PASSED] - if (fileDouble != pageDouble): null

08-11-2024T10:02:24 - [TEST_STEP][PASSED] - file = findTestData("PlanFact").getValue(7, a): null

08-11-2024T10:02:24 - [TEST_STEP][PASSED] - file = file.replace(",", "."): null

08-11-2024T10:02:24 - [TEST_STEP][PASSED] - println("file Fact: " + file): null

08-11-2024T10:02:24 - [TEST_STEP][PASSED] - fileDouble = file.toDouble(): null

08-11-2024T10:02:24 - [TEST_STEP][PASSED] - typeOfData = "Факт в процентах": null

08-11-2024T10:02:24 - [TEST_STEP][PASSED] - fileDouble = file.toDouble(): null

08-11-2024T10:02:24 - [TEST_STEP][PASSED] - pageDouble = page2.toDouble(): null

08-11-2024T10:02:24 - [TEST_STEP][PASSED] - if (fileDouble != pageDouble): null

08-11-2024T10:02:24 - [TEST_STEP][PASSED] - if (verifyEqual(numberOfErrors, 0) == false): Actual object '0' and expected object '0' are equal

08-11-2024T10:02:24 - [MESSAGE][PASSED] - Actual object '0' and expected object '0' are equal

08-11-2024T10:02:24 - [TEST_STEP][PASSED] - if (a == 82): null

08-11-2024T10:02:24 - [TEST_STEP][PASSED] - dZO = "Тверьэнерго": null

08-11-2024T10:02:24 - [TEST_STEP][PASSED] - a = 11: null

08-11-2024T10:02:24 - [TEST_STEP][PASSED] - if (x2.contains(dZO)): null

08-11-2024T10:02:24 - [TEST_STEP][PASSED] - filialNum = filialNum + 1: null

08-11-2024T10:02:24 - [TEST_STEP][PASSED] - Script1718980020443.Numbers(a, typeOfData, todaysDate, pageInt, fileInt, pageDouble, fileDouble, dZO, dzoNum, filialNum): null

08-11-2024T10:02:24 - [TEST_STEP][PASSED] - println(dzoNum): null

08-11-2024T10:02:24 - [TEST_STEP][PASSED] - planFact = <not implemented yet for class: org.codehaus.groovy.ast.expr.EmptyExpression>: null

08-11-2024T10:02:24 - [TEST_STEP][PASSED] - page = <not implemented yet for class: org.codehaus.groovy.ast.expr.EmptyExpression>: null

08-11-2024T10:02:24 - [TEST_STEP][PASSED] - page1 = <not implemented yet for class: org.codehaus.groovy.ast.expr.EmptyExpression>: null

08-11-2024T10:02:24 - [TEST_STEP][PASSED] - page2 = <not implemented yet for class: org.codehaus.groovy.ast.expr.EmptyExpression>: null

08-11-2024T10:02:24 - [TEST_STEP][PASSED] - filialNumberInRow = <not implemented yet for class: org.codehaus.groovy.ast.expr.EmptyExpression>: null

08-11-2024T10:02:24 - [TEST_STEP][PASSED] - filialsDzoNames = <not implemented yet for class: org.codehaus.groovy.ast.expr.EmptyExpression>: null

08-11-2024T10:02:24 - [TEST_STEP][PASSED] - numberOfFilials = <not implemented yet for class: org.codehaus.groovy.ast.expr.EmptyExpression>: null

08-11-2024T10:02:24 - [TEST_STEP][PASSED] - numberOfSpaces = <not implemented yet for class: org.codehaus.groovy.ast.expr.EmptyExpression>: null

08-11-2024T10:02:24 - [TEST_STEP][PASSED] - file = <not implemented yet for class: org.codehaus.groovy.ast.expr.EmptyExpression>: null

08-11-2024T10:02:24 - [TEST_STEP][PASSED] - otpusk = <not implemented yet for class: org.codehaus.groovy.ast.expr.EmptyExpression>: null

08-11-2024T10:02:24 - [TEST_STEP][PASSED] - poteri = <not implemented yet for class: org.codehaus.groovy.ast.expr.EmptyExpression>: null

08-11-2024T10:02:24 - [TEST_STEP][PASSED] - dataFolder = "Выполнение бизнес-плана/Значения со страницы Выполнение бизнес-плана/": null

08-11-2024T10:02:24 - [TEST_STEP][PASSED] - path = <not implemented yet for class: org.codehaus.groovy.ast.expr.EmptyExpression>: null

08-11-2024T10:02:24 - [TEST_STEP][PASSED] - typeOfDataMain = <not implemented yet for class: org.codehaus.groovy.ast.expr.EmptyExpression>: null

08-11-2024T10:02:24 - [TEST_STEP][PASSED] - fileOtpuskVSet = <not implemented yet for class: org.codehaus.groovy.ast.expr.EmptyExpression>: null

08-11-2024T10:02:24 - [TEST_STEP][PASSED] - pageOtpuskVSet = <not implemented yet for class: org.codehaus.groovy.ast.expr.EmptyExpression>: null

08-11-2024T10:02:24 - [TEST_STEP][PASSED] - filePoteri = <not implemented yet for class: org.codehaus.groovy.ast.expr.EmptyExpression>: null

08-11-2024T10:02:24 - [TEST_STEP][PASSED] - pagePoteri = <not implemented yet for class: org.codehaus.groovy.ast.expr.EmptyExpression>: null

08-11-2024T10:02:24 - [TEST_STEP][PASSED] - compare = <not implemented yet for class: org.codehaus.groovy.ast.expr.EmptyExpression>: null

08-11-2024T10:02:24 - [TEST_STEP][PASSED] - b = <not implemented yet for class: org.codehaus.groovy.ast.expr.EmptyExpression>: null

08-11-2024T10:02:24 - [TEST_STEP][PASSED] - i = <not implemented yet for class: org.codehaus.groovy.ast.expr.EmptyExpression>: null

08-11-2024T10:02:24 - [TEST_STEP][PASSED] - ii = <not implemented yet for class: org.codehaus.groovy.ast.expr.EmptyExpression>: null

08-11-2024T10:02:24 - [TEST_STEP][PASSED] - c = <not implemented yet for class: org.codehaus.groovy.ast.expr.EmptyExpression>: null

08-11-2024T10:02:24 - [TEST_STEP][PASSED] - numberOfErrors = 0: null

08-11-2024T10:02:24 - [TEST_STEP][PASSED] - if (a == 82): null

08-11-2024T10:02:24 - [TEST_STEP][PASSED] - b = findTestData("PlanFact").getValue(1, a): null

08-11-2024T10:02:24 - [TEST_STEP][PASSED] - i = b.indexOf(" (ГК)"): null

08-11-2024T10:02:24 - [TEST_STEP][PASSED] - if (i > -1): null

08-11-2024T10:02:24 - [TEST_STEP][PASSED] - i = b.indexOf("О ""): null

08-11-2024T10:02:24 - [TEST_STEP][PASSED] - if (i > -1): null

08-11-2024T10:02:24 - [TEST_STEP][PASSED] - i = b.indexOf("О «"): null

08-11-2024T10:02:24 - [TEST_STEP][PASSED] - if (i > -1): null

08-11-2024T10:02:24 - [TEST_STEP][PASSED] - i = b.indexOf("г. "): null

08-11-2024T10:02:24 - [TEST_STEP][PASSED] - if (i > -1): null

08-11-2024T10:02:24 - [TEST_STEP][PASSED] - println(b): null

08-11-2024T10:02:24 - [TEST_STEP][PASSED] - for ([planFact = 1, planFact < 3, (planFact++)]): null

08-11-2024T10:02:24 - [TEST_STEP][PASSED] - if (planFact == 1): null

08-11-2024T10:02:24 - [TEST_STEP][PASSED] - typeOfDataMain = "Факт": null

08-11-2024T10:02:24 - [TEST_STEP][PASSED] - otpusk = findTestData("PlanFact").getValue(5, a): null

08-11-2024T10:02:24 - [TEST_STEP][PASSED] - poteri = findTestData("PlanFact").getValue(6, a): null

08-11-2024T10:02:24 - [TEST_STEP][PASSED] - otpusk = otpusk.replaceAll("\s+", ""): null

08-11-2024T10:02:24 - [TEST_STEP][PASSED] - poteri = poteri.replaceAll("\s+", ""): null

08-11-2024T10:02:24 - [TEST_STEP][PASSED] - typeOfData = typeOfDataMain + " Отпуск в сеть": null

08-11-2024T10:02:24 - [TEST_STEP][PASSED] - if (a == 82): null

08-11-2024T10:02:24 - [TEST_STEP][PASSED] - else if (a == 84): null

08-11-2024T10:02:24 - [TEST_STEP][PASSED] - else if (a == 52 || a == 72 || a == 28 || a == 73 || a == 77 || a == 74 || a == 65 || a == 36 || a == 44 || a == 53 || a == 80 || a == 54 || a == 1 || a == 18 || a == 59 || a == 81): null

08-11-2024T10:02:24 - [TEST_STEP][PASSED] - else: null

08-11-2024T10:02:24 - [TEST_STEP][PASSED] - path = dataFolder + typeOfData + " за отчётный период " + b: null

08-11-2024T10:02:24 - [TEST_STEP][PASSED] - println(path): null

08-11-2024T10:02:24 - [TEST_STEP][PASSED] - page = getText(findTestObject(path)): Text of object 'Object Repository/Выполнение бизнес-плана/Значения со страницы Выполнение бизнес-плана/Факт Отпуск в сеть за отчётный период Тверьэнерго' is: '3 880 878'

08-11-2024T10:02:54 - [MESSAGE][PASSED] - Text of object 'Object Repository/Выполнение бизнес-плана/Значения со страницы Выполнение бизнес-плана/Факт Отпуск в сеть за отчётный период Тверьэнерго' is: '3 880 878'

08-11-2024T10:02:54 - [TEST_STEP][PASSED] - page = page.replaceAll("\s+", ""): null

08-11-2024T10:02:54 - [TEST_STEP][PASSED] - fileOtpuskVSet = otpusk.toInteger(): null

08-11-2024T10:02:54 - [TEST_STEP][PASSED] - pageOtpuskVSet = page.toInteger(): null

08-11-2024T10:02:54 - [TEST_STEP][PASSED] - typeOfData = typeOfDataMain + " Потери": null

08-11-2024T10:02:54 - [TEST_STEP][PASSED] - if (a == 82): null

08-11-2024T10:02:54 - [TEST_STEP][PASSED] - else if (a == 84): null

08-11-2024T10:02:54 - [TEST_STEP][PASSED] - else if (a == 52 || a == 72 || a == 28 || a == 73 || a == 77 || a == 74 || a == 65 || a == 36 || a == 44 || a == 53 || a == 80 || a == 54 || a == 1 || a == 18 || a == 59 || a == 81): null

08-11-2024T10:02:54 - [TEST_STEP][PASSED] - else: null

08-11-2024T10:02:54 - [TEST_STEP][PASSED] - path = dataFolder + typeOfData + " за отчётный период " + b: null

08-11-2024T10:02:54 - [TEST_STEP][PASSED] - page = getText(findTestObject(path)): Text of object 'Object Repository/Выполнение бизнес-плана/Значения со страницы Выполнение бизнес-плана/Факт Потери за отчётный период Тверьэнерго' is: '500 811'

08-11-2024T10:03:24 - [MESSAGE][PASSED] - Text of object 'Object Repository/Выполнение бизнес-плана/Значения со страницы Выполнение бизнес-плана/Факт Потери за отчётный период Тверьэнерго' is: '500 811'

08-11-2024T10:03:24 - [TEST_STEP][PASSED] - page = page.replaceAll("\s+", ""): null

08-11-2024T10:03:24 - [TEST_STEP][PASSED] - filePoteri = poteri.toInteger(): null

08-11-2024T10:03:24 - [TEST_STEP][PASSED] - pagePoteri = page.toInteger(): null

08-11-2024T10:03:24 - [TEST_STEP][PASSED] - compare = pageOtpuskVSet: null

08-11-2024T10:03:24 - [TEST_STEP][PASSED] - if (compare == fileOtpuskVSet): null

08-11-2024T10:03:24 - [TEST_STEP][PASSED] - else if (compare > fileOtpuskVSet): null

08-11-2024T10:03:24 - [TEST_STEP][PASSED] - else if (compare < fileOtpuskVSet): null

08-11-2024T10:03:24 - [TEST_STEP][PASSED] - compare = compare + 1: null

08-11-2024T10:03:24 - [TEST_STEP][PASSED] - if (compare == fileOtpuskVSet): null

08-11-2024T10:03:24 - [TEST_STEP][PASSED] - else: null

08-11-2024T10:03:24 - [TEST_STEP][PASSED] - numberOfErrors = numberOfErrors + 1: null

08-11-2024T10:03:24 - [TEST_STEP][PASSED] - pageInt = pageOtpuskVSet: null

08-11-2024T10:03:24 - [TEST_STEP][PASSED] - fileInt = fileOtpuskVSet: null

08-11-2024T10:03:24 - [TEST_STEP][PASSED] - typeOfData = typeOfDataMain + " Отпуск в сеть": null

08-11-2024T10:03:24 - [TEST_STEP][PASSED] - Script1718980020443.WriteToExcel(a, typeOfData, todaysDate, pageInt, fileInt, pageDouble, fileDouble, dZO): null

08-11-2024T10:03:24 - [TEST_STEP][PASSED] - sheetName = "Sheet1": null

08-11-2024T10:03:24 - [TEST_STEP][PASSED] - data = findTestData("PlanFact"): null

08-11-2024T10:03:24 - [TEST_STEP][PASSED] - n = data.getRowNumbers() + 1: null

08-11-2024T10:03:24 - [TEST_STEP][PASSED] - year = todaysDate.substring(todaysDate.length() - 4, todaysDate.length()): null

08-11-2024T10:03:24 - [TEST_STEP][PASSED] - y = year.toInteger(): null

08-11-2024T10:03:24 - [TEST_STEP][PASSED] - m = getText(findTestObject("Выполнение бизнес-плана/Период")): Text of object 'Object Repository/Выполнение бизнес-плана/Период' is: '1, 2, 3 кв. 2024 года'

08-11-2024T10:03:41 - [MESSAGE][PASSED] - Text of object 'Object Repository/Выполнение бизнес-плана/Период' is: '1, 2, 3 кв. 2024 года'

08-11-2024T10:03:41 - [TEST_STEP][PASSED] - m = m.substring(0, m.indexOf("2024")): null

08-11-2024T10:03:41 - [TEST_STEP][PASSED] - m = m.trim(): null

08-11-2024T10:03:41 - [TEST_STEP][PASSED] - dashboardName = "Выполнение бизнес-плана": null

08-11-2024T10:03:41 - [TEST_STEP][PASSED] - workbook01 = getWorkbook(excelFilePath): null

08-11-2024T10:03:41 - [TEST_STEP][PASSED] - sheet01 = getExcelSheet(workbook01, sheetName): null

08-11-2024T10:03:41 - [TEST_STEP][PASSED] - setValueToCellByIndex(sheet01, n, 0, dashboardName): null

08-11-2024T10:03:41 - [TEST_STEP][PASSED] - setValueToCellByIndex(sheet01, n, 1, dZO): null

08-11-2024T10:03:41 - [TEST_STEP][PASSED] - setValueToCellByIndex(sheet01, n, 2, typeOfData): null

08-11-2024T10:03:41 - [TEST_STEP][PASSED] - if (typeOfData == "Факт в процентах" || typeOfData == "План в процентах"): null

08-11-2024T10:03:41 - [TEST_STEP][PASSED] - else: null

08-11-2024T10:03:41 - [TEST_STEP][PASSED] - setValueToCellByIndex(sheet01, n, 3, fileInt): null

08-11-2024T10:03:41 - [TEST_STEP][PASSED] - setValueToCellByIndex(sheet01, n, 4, pageInt): null

08-11-2024T10:03:41 - [TEST_STEP][PASSED] - setValueToCellByIndex(sheet01, n, 5, m): null

08-11-2024T10:03:41 - [TEST_STEP][PASSED] - setValueToCellByIndex(sheet01, n, 6, y): null

08-11-2024T10:03:41 - [TEST_STEP][PASSED] - setValueToCellByIndex(sheet01, n, 7, todaysDate): null

08-11-2024T10:03:41 - [TEST_STEP][PASSED] - n = n + 1: null

08-11-2024T10:03:41 - [TEST_STEP][PASSED] - saveWorkbook(excelFilePath, workbook01): null

08-11-2024T10:03:41 - [TEST_STEP][PASSED] - compare = pagePoteri: null

08-11-2024T10:03:41 - [TEST_STEP][PASSED] - if (compare == filePoteri): null

08-11-2024T10:03:41 - [TEST_STEP][PASSED] - else if (compare > filePoteri): null

08-11-2024T10:03:41 - [TEST_STEP][PASSED] - else if (compare < filePoteri): null

08-11-2024T10:03:41 - [TEST_STEP][PASSED] - compare = compare + 1: null

08-11-2024T10:03:41 - [TEST_STEP][PASSED] - if (compare == filePoteri): null

08-11-2024T10:03:41 - [TEST_STEP][PASSED] - else: null

08-11-2024T10:03:41 - [TEST_STEP][PASSED] - numberOfErrors = numberOfErrors + 1: null

08-11-2024T10:03:41 - [TEST_STEP][PASSED] - pageInt = pagePoteri: null

08-11-2024T10:03:41 - [TEST_STEP][PASSED] - fileInt = filePoteri: null

08-11-2024T10:03:41 - [TEST_STEP][PASSED] - typeOfData = typeOfDataMain + " Потери": null

08-11-2024T10:03:41 - [TEST_STEP][PASSED] - Script1718980020443.WriteToExcel(a, typeOfData, todaysDate, pageInt, fileInt, pageDouble, fileDouble, dZO): null

08-11-2024T10:03:41 - [TEST_STEP][PASSED] - sheetName = "Sheet1": null

08-11-2024T10:03:41 - [TEST_STEP][PASSED] - data = findTestData("PlanFact"): null

08-11-2024T10:03:41 - [TEST_STEP][PASSED] - n = data.getRowNumbers() + 1: null

08-11-2024T10:03:41 - [TEST_STEP][PASSED] - year = todaysDate.substring(todaysDate.length() - 4, todaysDate.length()): null

08-11-2024T10:03:41 - [TEST_STEP][PASSED] - y = year.toInteger(): null

08-11-2024T10:03:41 - [TEST_STEP][PASSED] - m = getText(findTestObject("Выполнение бизнес-плана/Период")): Text of object 'Object Repository/Выполнение бизнес-плана/Период' is: '1, 2, 3 кв. 2024 года'

08-11-2024T10:03:42 - [MESSAGE][PASSED] - Text of object 'Object Repository/Выполнение бизнес-плана/Период' is: '1, 2, 3 кв. 2024 года'

08-11-2024T10:03:42 - [TEST_STEP][PASSED] - m = m.substring(0, m.indexOf("2024")): null

08-11-2024T10:03:42 - [TEST_STEP][PASSED] - m = m.trim(): null

08-11-2024T10:03:42 - [TEST_STEP][PASSED] - dashboardName = "Выполнение бизнес-плана": null

08-11-2024T10:03:42 - [TEST_STEP][PASSED] - workbook01 = getWorkbook(excelFilePath): null

08-11-2024T10:03:42 - [TEST_STEP][PASSED] - sheet01 = getExcelSheet(workbook01, sheetName): null

08-11-2024T10:03:42 - [TEST_STEP][PASSED] - setValueToCellByIndex(sheet01, n, 0, dashboardName): null

08-11-2024T10:03:42 - [TEST_STEP][PASSED] - setValueToCellByIndex(sheet01, n, 1, dZO): null

08-11-2024T10:03:42 - [TEST_STEP][PASSED] - setValueToCellByIndex(sheet01, n, 2, typeOfData): null

08-11-2024T10:03:42 - [TEST_STEP][PASSED] - if (typeOfData == "Факт в процентах" || typeOfData == "План в процентах"): null

08-11-2024T10:03:42 - [TEST_STEP][PASSED] - else: null

08-11-2024T10:03:42 - [TEST_STEP][PASSED] - setValueToCellByIndex(sheet01, n, 3, fileInt): null

08-11-2024T10:03:42 - [TEST_STEP][PASSED] - setValueToCellByIndex(sheet01, n, 4, pageInt): null

08-11-2024T10:03:42 - [TEST_STEP][PASSED] - setValueToCellByIndex(sheet01, n, 5, m): null

08-11-2024T10:03:42 - [TEST_STEP][PASSED] - setValueToCellByIndex(sheet01, n, 6, y): null

08-11-2024T10:03:42 - [TEST_STEP][PASSED] - setValueToCellByIndex(sheet01, n, 7, todaysDate): null

08-11-2024T10:03:42 - [TEST_STEP][PASSED] - n = n + 1: null

08-11-2024T10:03:42 - [TEST_STEP][PASSED] - saveWorkbook(excelFilePath, workbook01): null

08-11-2024T10:03:42 - [TEST_STEP][PASSED] - if (planFact == 2): null

08-11-2024T10:03:42 - [TEST_STEP][PASSED] - if (planFact == 1): null

08-11-2024T10:03:42 - [TEST_STEP][PASSED] - else if (planFact == 2): null

08-11-2024T10:03:42 - [TEST_STEP][PASSED] - click(findTestObject("Выполнение бизнес-плана/Кнопка План")): Object: 'Object Repository/Выполнение бизнес-плана/Кнопка План' is clicked on

08-11-2024T10:03:42 - [MESSAGE][PASSED] - Object: 'Object Repository/Выполнение бизнес-плана/Кнопка План' is clicked on

08-11-2024T10:03:42 - [TEST_STEP][PASSED] - typeOfDataMain = "План": null

08-11-2024T10:03:42 - [TEST_STEP][PASSED] - otpusk = findTestData("PlanFact").getValue(2, a): null

08-11-2024T10:03:42 - [TEST_STEP][PASSED] - poteri = findTestData("PlanFact").getValue(3, a): null

08-11-2024T10:03:42 - [TEST_STEP][PASSED] - otpusk = otpusk.replaceAll("\s+", ""): null

08-11-2024T10:03:42 - [TEST_STEP][PASSED] - poteri = poteri.replaceAll("\s+", ""): null

08-11-2024T10:03:42 - [TEST_STEP][PASSED] - typeOfData = typeOfDataMain + " Отпуск в сеть": null

08-11-2024T10:03:42 - [TEST_STEP][PASSED] - if (a == 82): null

08-11-2024T10:03:42 - [TEST_STEP][PASSED] - else if (a == 84): null

08-11-2024T10:03:42 - [TEST_STEP][PASSED] - else if (a == 52 || a == 72 || a == 28 || a == 73 || a == 77 || a == 74 || a == 65 || a == 36 || a == 44 || a == 53 || a == 80 || a == 54 || a == 1 || a == 18 || a == 59 || a == 81): null

08-11-2024T10:03:42 - [TEST_STEP][PASSED] - else: null

08-11-2024T10:03:42 - [TEST_STEP][PASSED] - path = dataFolder + typeOfData + " за отчётный период " + b: null

08-11-2024T10:03:42 - [TEST_STEP][PASSED] - println(path): null

08-11-2024T10:03:42 - [TEST_STEP][PASSED] - page = getText(findTestObject(path)): Text of object 'Object Repository/Выполнение бизнес-плана/Значения со страницы Выполнение бизнес-плана/План Отпуск в сеть за отчётный период Тверьэнерго' is: '3 756 188'

08-11-2024T10:03:43 - [MESSAGE][PASSED] - Text of object 'Object Repository/Выполнение бизнес-плана/Значения со страницы Выполнение бизнес-плана/План Отпуск в сеть за отчётный период Тверьэнерго' is: '3 756 188'

08-11-2024T10:03:43 - [TEST_STEP][PASSED] - page = page.replaceAll("\s+", ""): null

08-11-2024T10:03:43 - [TEST_STEP][PASSED] - fileOtpuskVSet = otpusk.toInteger(): null

08-11-2024T10:03:43 - [TEST_STEP][PASSED] - pageOtpuskVSet = page.toInteger(): null

08-11-2024T10:03:43 - [TEST_STEP][PASSED] - typeOfData = typeOfDataMain + " Потери": null

08-11-2024T10:03:43 - [TEST_STEP][PASSED] - if (a == 82): null

08-11-2024T10:03:43 - [TEST_STEP][PASSED] - else if (a == 84): null

08-11-2024T10:03:43 - [TEST_STEP][PASSED] - else if (a == 52 || a == 72 || a == 28 || a == 73 || a == 77 || a == 74 || a == 65 || a == 36 || a == 44 || a == 53 || a == 80 || a == 54 || a == 1 || a == 18 || a == 59 || a == 81): null

08-11-2024T10:03:43 - [TEST_STEP][PASSED] - else: null

08-11-2024T10:03:43 - [TEST_STEP][PASSED] - path = dataFolder + typeOfData + " за отчётный период " + b: null

08-11-2024T10:03:43 - [TEST_STEP][PASSED] - page = getText(findTestObject(path)): Text of object 'Object Repository/Выполнение бизнес-плана/Значения со страницы Выполнение бизнес-плана/План Потери за отчётный период Тверьэнерго' is: '496 983'

08-11-2024T10:03:43 - [MESSAGE][PASSED] - Text of object 'Object Repository/Выполнение бизнес-плана/Значения со страницы Выполнение бизнес-плана/План Потери за отчётный период Тверьэнерго' is: '496 983'

08-11-2024T10:03:43 - [TEST_STEP][PASSED] - page = page.replaceAll("\s+", ""): null

08-11-2024T10:03:43 - [TEST_STEP][PASSED] - filePoteri = poteri.toInteger(): null

08-11-2024T10:03:43 - [TEST_STEP][PASSED] - pagePoteri = page.toInteger(): null

08-11-2024T10:03:43 - [TEST_STEP][PASSED] - compare = pageOtpuskVSet: null

08-11-2024T10:03:43 - [TEST_STEP][PASSED] - if (compare == fileOtpuskVSet): null

08-11-2024T10:03:43 - [TEST_STEP][PASSED] - else if (compare > fileOtpuskVSet): null

08-11-2024T10:03:43 - [TEST_STEP][PASSED] - else if (compare < fileOtpuskVSet): null

08-11-2024T10:03:43 - [TEST_STEP][PASSED] - compare = compare + 1: null

08-11-2024T10:03:43 - [TEST_STEP][PASSED] - if (compare == fileOtpuskVSet): null

08-11-2024T10:03:43 - [TEST_STEP][PASSED] - else: null

08-11-2024T10:03:43 - [TEST_STEP][PASSED] - numberOfErrors = numberOfErrors + 1: null

08-11-2024T10:03:43 - [TEST_STEP][PASSED] - pageInt = pageOtpuskVSet: null

08-11-2024T10:03:43 - [TEST_STEP][PASSED] - fileInt = fileOtpuskVSet: null

08-11-2024T10:03:43 - [TEST_STEP][PASSED] - typeOfData = typeOfDataMain + " Отпуск в сеть": null

08-11-2024T10:03:43 - [TEST_STEP][PASSED] - Script1718980020443.WriteToExcel(a, typeOfData, todaysDate, pageInt, fileInt, pageDouble, fileDouble, dZO): null

08-11-2024T10:03:43 - [TEST_STEP][PASSED] - sheetName = "Sheet1": null

08-11-2024T10:03:43 - [TEST_STEP][PASSED] - data = findTestData("PlanFact"): null

08-11-2024T10:03:43 - [TEST_STEP][PASSED] - n = data.getRowNumbers() + 1: null

08-11-2024T10:03:43 - [TEST_STEP][PASSED] - year = todaysDate.substring(todaysDate.length() - 4, todaysDate.length()): null

08-11-2024T10:03:43 - [TEST_STEP][PASSED] - y = year.toInteger(): null

08-11-2024T10:03:43 - [TEST_STEP][PASSED] - m = getText(findTestObject("Выполнение бизнес-плана/Период")): Text of object 'Object Repository/Выполнение бизнес-плана/Период' is: '1, 2, 3 кв. 2024 года'

08-11-2024T10:03:44 - [MESSAGE][PASSED] - Text of object 'Object Repository/Выполнение бизнес-плана/Период' is: '1, 2, 3 кв. 2024 года'

08-11-2024T10:03:44 - [TEST_STEP][PASSED] - m = m.substring(0, m.indexOf("2024")): null

08-11-2024T10:03:44 - [TEST_STEP][PASSED] - m = m.trim(): null

08-11-2024T10:03:44 - [TEST_STEP][PASSED] - dashboardName = "Выполнение бизнес-плана": null

08-11-2024T10:03:44 - [TEST_STEP][PASSED] - workbook01 = getWorkbook(excelFilePath): null

08-11-2024T10:03:44 - [TEST_STEP][PASSED] - sheet01 = getExcelSheet(workbook01, sheetName): null

08-11-2024T10:03:44 - [TEST_STEP][PASSED] - setValueToCellByIndex(sheet01, n, 0, dashboardName): null

08-11-2024T10:03:44 - [TEST_STEP][PASSED] - setValueToCellByIndex(sheet01, n, 1, dZO): null

08-11-2024T10:03:44 - [TEST_STEP][PASSED] - setValueToCellByIndex(sheet01, n, 2, typeOfData): null

08-11-2024T10:03:44 - [TEST_STEP][PASSED] - if (typeOfData == "Факт в процентах" || typeOfData == "План в процентах"): null

08-11-2024T10:03:44 - [TEST_STEP][PASSED] - else: null

08-11-2024T10:03:44 - [TEST_STEP][PASSED] - setValueToCellByIndex(sheet01, n, 3, fileInt): null

08-11-2024T10:03:44 - [TEST_STEP][PASSED] - setValueToCellByIndex(sheet01, n, 4, pageInt): null

08-11-2024T10:03:44 - [TEST_STEP][PASSED] - setValueToCellByIndex(sheet01, n, 5, m): null

08-11-2024T10:03:44 - [TEST_STEP][PASSED] - setValueToCellByIndex(sheet01, n, 6, y): null

08-11-2024T10:03:44 - [TEST_STEP][PASSED] - setValueToCellByIndex(sheet01, n, 7, todaysDate): null

08-11-2024T10:03:44 - [TEST_STEP][PASSED] - n = n + 1: null

08-11-2024T10:03:44 - [TEST_STEP][PASSED] - saveWorkbook(excelFilePath, workbook01): null

08-11-2024T10:03:44 - [TEST_STEP][PASSED] - compare = pagePoteri: null

08-11-2024T10:03:44 - [TEST_STEP][PASSED] - if (compare == filePoteri): null

08-11-2024T10:03:44 - [TEST_STEP][PASSED] - else if (compare > filePoteri): null

08-11-2024T10:03:44 - [TEST_STEP][PASSED] - else if (compare < filePoteri): null

08-11-2024T10:03:44 - [TEST_STEP][PASSED] - compare = compare + 1: null

08-11-2024T10:03:44 - [TEST_STEP][PASSED] - if (compare == filePoteri): null

08-11-2024T10:03:44 - [TEST_STEP][PASSED] - else: null

08-11-2024T10:03:44 - [TEST_STEP][PASSED] - numberOfErrors = numberOfErrors + 1: null

08-11-2024T10:03:44 - [TEST_STEP][PASSED] - pageInt = pagePoteri: null

08-11-2024T10:03:44 - [TEST_STEP][PASSED] - fileInt = filePoteri: null

08-11-2024T10:03:44 - [TEST_STEP][PASSED] - typeOfData = typeOfDataMain + " Потери": null

08-11-2024T10:03:44 - [TEST_STEP][PASSED] - Script1718980020443.WriteToExcel(a, typeOfData, todaysDate, pageInt, fileInt, pageDouble, fileDouble, dZO): null

08-11-2024T10:03:44 - [TEST_STEP][PASSED] - sheetName = "Sheet1": null

08-11-2024T10:03:44 - [TEST_STEP][PASSED] - data = findTestData("PlanFact"): null

08-11-2024T10:03:44 - [TEST_STEP][PASSED] - n = data.getRowNumbers() + 1: null

08-11-2024T10:03:44 - [TEST_STEP][PASSED] - year = todaysDate.substring(todaysDate.length() - 4, todaysDate.length()): null

08-11-2024T10:03:44 - [TEST_STEP][PASSED] - y = year.toInteger(): null

08-11-2024T10:03:44 - [TEST_STEP][PASSED] - m = getText(findTestObject("Выполнение бизнес-плана/Период")): Text of object 'Object Repository/Выполнение бизнес-плана/Период' is: '1, 2, 3 кв. 2024 года'

08-11-2024T10:03:44 - [MESSAGE][PASSED] - Text of object 'Object Repository/Выполнение бизнес-плана/Период' is: '1, 2, 3 кв. 2024 года'

08-11-2024T10:03:44 - [TEST_STEP][PASSED] - m = m.substring(0, m.indexOf("2024")): null

08-11-2024T10:03:44 - [TEST_STEP][PASSED] - m = m.trim(): null

08-11-2024T10:03:44 - [TEST_STEP][PASSED] - dashboardName = "Выполнение бизнес-плана": null

08-11-2024T10:03:44 - [TEST_STEP][PASSED] - workbook01 = getWorkbook(excelFilePath): null

08-11-2024T10:03:44 - [TEST_STEP][PASSED] - sheet01 = getExcelSheet(workbook01, sheetName): null

08-11-2024T10:03:44 - [TEST_STEP][PASSED] - setValueToCellByIndex(sheet01, n, 0, dashboardName): null

08-11-2024T10:03:44 - [TEST_STEP][PASSED] - setValueToCellByIndex(sheet01, n, 1, dZO): null

08-11-2024T10:03:44 - [TEST_STEP][PASSED] - setValueToCellByIndex(sheet01, n, 2, typeOfData): null

08-11-2024T10:03:44 - [TEST_STEP][PASSED] - if (typeOfData == "Факт в процентах" || typeOfData == "План в процентах"): null

08-11-2024T10:03:44 - [TEST_STEP][PASSED] - else: null

08-11-2024T10:03:44 - [TEST_STEP][PASSED] - setValueToCellByIndex(sheet01, n, 3, fileInt): null

08-11-2024T10:03:44 - [TEST_STEP][PASSED] - setValueToCellByIndex(sheet01, n, 4, pageInt): null

08-11-2024T10:03:44 - [TEST_STEP][PASSED] - setValueToCellByIndex(sheet01, n, 5, m): null

08-11-2024T10:03:44 - [TEST_STEP][PASSED] - setValueToCellByIndex(sheet01, n, 6, y): null

08-11-2024T10:03:44 - [TEST_STEP][PASSED] - setValueToCellByIndex(sheet01, n, 7, todaysDate): null

08-11-2024T10:03:44 - [TEST_STEP][PASSED] - n = n + 1: null

08-11-2024T10:03:44 - [TEST_STEP][PASSED] - saveWorkbook(excelFilePath, workbook01): Object: 'Object Repository/Выполнение бизнес-плана/Кнопка Факт' is clicked on

08-11-2024T10:03:45 - [TEST_STEP][PASSED] - if (planFact == 2): Object: 'Object Repository/Выполнение бизнес-плана/Кнопка Факт' is clicked on

08-11-2024T10:03:45 - [TEST_STEP][PASSED] - click(findTestObject("Выполнение бизнес-плана/Кнопка Факт")): Object: 'Object Repository/Выполнение бизнес-плана/Кнопка Факт' is clicked on

08-11-2024T10:03:45 - [MESSAGE][PASSED] - Object: 'Object Repository/Выполнение бизнес-плана/Кнопка Факт' is clicked on

08-11-2024T10:03:45 - [TEST_STEP][PASSED] - if (a == 84 || a == 82): null

08-11-2024T10:03:45 - [TEST_STEP][PASSED] - else if (a == 52 || a == 72 || a == 28 || a == 73 || a == 77 || a == 74 || a == 65 || a == 36 || a == 44 || a == 53 || a == 80 || a == 54 || a == 1 || a == 18 || a == 59 || a == 81): null

08-11-2024T10:03:45 - [TEST_STEP][PASSED] - else: null

08-11-2024T10:03:45 - [TEST_STEP][PASSED] - page1 = getText(findTestObject("Object Repository/Выполнение бизнес-плана/spanPlan" + filialNum)): Text of object 'Object Repository/Выполнение бизнес-плана/spanPlan14' is: '13.23
|'

08-11-2024T10:03:45 - [MESSAGE][PASSED] - Text of object 'Object Repository/Выполнение бизнес-плана/spanPlan14' is: '13.23
|'

08-11-2024T10:03:45 - [TEST_STEP][PASSED] - page1 = page1.replace("|", ""): null

08-11-2024T10:03:45 - [TEST_STEP][PASSED] - page2 = getText(findTestObject("Object Repository/Выполнение бизнес-плана/spanFact" + filialNum)): Text of object 'Object Repository/Выполнение бизнес-плана/spanFact14' is: '12.90
|'

08-11-2024T10:03:45 - [MESSAGE][PASSED] - Text of object 'Object Repository/Выполнение бизнес-плана/spanFact14' is: '12.90
|'

08-11-2024T10:03:45 - [TEST_STEP][PASSED] - page2 = page2.replace("|", ""): null

08-11-2024T10:03:45 - [TEST_STEP][PASSED] - println("page1: " + page1): null

08-11-2024T10:03:45 - [TEST_STEP][PASSED] - println("page2: " + page2): null

08-11-2024T10:03:45 - [TEST_STEP][PASSED] - file = findTestData("PlanFact").getValue(4, a): null

08-11-2024T10:03:45 - [TEST_STEP][PASSED] - file = file.replace(",", "."): null

08-11-2024T10:03:45 - [TEST_STEP][PASSED] - println("file Plan: " + file): null

08-11-2024T10:03:45 - [TEST_STEP][PASSED] - typeOfData = "План в процентах": null

08-11-2024T10:03:45 - [TEST_STEP][PASSED] - fileDouble = file.toDouble(): null

08-11-2024T10:03:45 - [TEST_STEP][PASSED] - pageDouble = page1.toDouble(): null

08-11-2024T10:03:45 - [TEST_STEP][PASSED] - if (fileDouble != pageDouble): null

08-11-2024T10:03:45 - [TEST_STEP][PASSED] - numberOfErrors = numberOfErrors + 1: null

08-11-2024T10:03:45 - [TEST_STEP][PASSED] - Script1718980020443.WriteToExcel(a, typeOfData, todaysDate, pageInt, fileInt, pageDouble, fileDouble, dZO): null

08-11-2024T10:03:45 - [TEST_STEP][PASSED] - sheetName = "Sheet1": null

08-11-2024T10:03:45 - [TEST_STEP][PASSED] - data = findTestData("PlanFact"): null

08-11-2024T10:03:46 - [TEST_STEP][PASSED] - n = data.getRowNumbers() + 1: null

08-11-2024T10:03:46 - [TEST_STEP][PASSED] - year = todaysDate.substring(todaysDate.length() - 4, todaysDate.length()): null

08-11-2024T10:03:46 - [TEST_STEP][PASSED] - y = year.toInteger(): null

08-11-2024T10:03:46 - [TEST_STEP][PASSED] - m = getText(findTestObject("Выполнение бизнес-плана/Период")): Text of object 'Object Repository/Выполнение бизнес-плана/Период' is: '1, 2, 3 кв. 2024 года'

08-11-2024T10:03:46 - [MESSAGE][PASSED] - Text of object 'Object Repository/Выполнение бизнес-плана/Период' is: '1, 2, 3 кв. 2024 года'

08-11-2024T10:03:46 - [TEST_STEP][PASSED] - m = m.substring(0, m.indexOf("2024")): null

08-11-2024T10:03:46 - [TEST_STEP][PASSED] - m = m.trim(): null

08-11-2024T10:03:46 - [TEST_STEP][PASSED] - dashboardName = "Выполнение бизнес-плана": null

08-11-2024T10:03:46 - [TEST_STEP][PASSED] - workbook01 = getWorkbook(excelFilePath): null

08-11-2024T10:03:46 - [TEST_STEP][PASSED] - sheet01 = getExcelSheet(workbook01, sheetName): null

08-11-2024T10:03:46 - [TEST_STEP][PASSED] - setValueToCellByIndex(sheet01, n, 0, dashboardName): null

08-11-2024T10:03:46 - [TEST_STEP][PASSED] - setValueToCellByIndex(sheet01, n, 1, dZO): null

08-11-2024T10:03:46 - [TEST_STEP][PASSED] - setValueToCellByIndex(sheet01, n, 2, typeOfData): null

08-11-2024T10:03:46 - [TEST_STEP][PASSED] - if (typeOfData == "Факт в процентах" || typeOfData == "План в процентах"): null

08-11-2024T10:03:46 - [TEST_STEP][PASSED] - setValueToCellByIndex(sheet01, n, 3, fileDouble): null

08-11-2024T10:03:46 - [TEST_STEP][PASSED] - setValueToCellByIndex(sheet01, n, 4, pageDouble): null

08-11-2024T10:03:46 - [TEST_STEP][PASSED] - setValueToCellByIndex(sheet01, n, 5, m): null

08-11-2024T10:03:46 - [TEST_STEP][PASSED] - setValueToCellByIndex(sheet01, n, 6, y): null

08-11-2024T10:03:46 - [TEST_STEP][PASSED] - setValueToCellByIndex(sheet01, n, 7, todaysDate): null

08-11-2024T10:03:46 - [TEST_STEP][PASSED] - n = n + 1: null

08-11-2024T10:03:46 - [TEST_STEP][PASSED] - saveWorkbook(excelFilePath, workbook01): null

08-11-2024T10:03:46 - [TEST_STEP][PASSED] - file = findTestData("PlanFact").getValue(7, a): null

08-11-2024T10:03:46 - [TEST_STEP][PASSED] - file = file.replace(",", "."): null

08-11-2024T10:03:46 - [TEST_STEP][PASSED] - println("file Fact: " + file): null

08-11-2024T10:03:46 - [TEST_STEP][PASSED] - fileDouble = file.toDouble(): null

08-11-2024T10:03:46 - [TEST_STEP][PASSED] - typeOfData = "Факт в процентах": null

08-11-2024T10:03:46 - [TEST_STEP][PASSED] - fileDouble = file.toDouble(): null

08-11-2024T10:03:46 - [TEST_STEP][PASSED] - pageDouble = page2.toDouble(): null

08-11-2024T10:03:46 - [TEST_STEP][PASSED] - if (fileDouble != pageDouble): null

08-11-2024T10:03:46 - [TEST_STEP][PASSED] - numberOfErrors = numberOfErrors + 1: null

08-11-2024T10:03:46 - [TEST_STEP][PASSED] - Script1718980020443.WriteToExcel(a, typeOfData, todaysDate, pageInt, fileInt, pageDouble, fileDouble, dZO): null

08-11-2024T10:03:46 - [TEST_STEP][PASSED] - sheetName = "Sheet1": null

08-11-2024T10:03:46 - [TEST_STEP][PASSED] - data = findTestData("PlanFact"): null

08-11-2024T10:03:46 - [TEST_STEP][PASSED] - n = data.getRowNumbers() + 1: null

08-11-2024T10:03:46 - [TEST_STEP][PASSED] - year = todaysDate.substring(todaysDate.length() - 4, todaysDate.length()): null

08-11-2024T10:03:46 - [TEST_STEP][PASSED] - y = year.toInteger(): null

08-11-2024T10:03:46 - [TEST_STEP][PASSED] - m = getText(findTestObject("Выполнение бизнес-плана/Период")): Text of object 'Object Repository/Выполнение бизнес-плана/Период' is: '1, 2, 3 кв. 2024 года'

08-11-2024T10:03:47 - [MESSAGE][PASSED] - Text of object 'Object Repository/Выполнение бизнес-плана/Период' is: '1, 2, 3 кв. 2024 года'

08-11-2024T10:03:47 - [TEST_STEP][PASSED] - m = m.substring(0, m.indexOf("2024")): null

08-11-2024T10:03:47 - [TEST_STEP][PASSED] - m = m.trim(): null

08-11-2024T10:03:47 - [TEST_STEP][PASSED] - dashboardName = "Выполнение бизнес-плана": null

08-11-2024T10:03:47 - [TEST_STEP][PASSED] - workbook01 = getWorkbook(excelFilePath): null

08-11-2024T10:03:47 - [TEST_STEP][PASSED] - sheet01 = getExcelSheet(workbook01, sheetName): null

08-11-2024T10:03:47 - [TEST_STEP][PASSED] - setValueToCellByIndex(sheet01, n, 0, dashboardName): null

08-11-2024T10:03:47 - [TEST_STEP][PASSED] - setValueToCellByIndex(sheet01, n, 1, dZO): null

08-11-2024T10:03:47 - [TEST_STEP][PASSED] - setValueToCellByIndex(sheet01, n, 2, typeOfData): null

08-11-2024T10:03:47 - [TEST_STEP][PASSED] - if (typeOfData == "Факт в процентах" || typeOfData == "План в процентах"): null

08-11-2024T10:03:47 - [TEST_STEP][PASSED] - setValueToCellByIndex(sheet01, n, 3, fileDouble): null

08-11-2024T10:03:47 - [TEST_STEP][PASSED] - setValueToCellByIndex(sheet01, n, 4, pageDouble): null

08-11-2024T10:03:47 - [TEST_STEP][PASSED] - setValueToCellByIndex(sheet01, n, 5, m): null

08-11-2024T10:03:47 - [TEST_STEP][PASSED] - setValueToCellByIndex(sheet01, n, 6, y): null

08-11-2024T10:03:47 - [TEST_STEP][PASSED] - setValueToCellByIndex(sheet01, n, 7, todaysDate): null

08-11-2024T10:03:47 - [TEST_STEP][PASSED] - n = n + 1: null

08-11-2024T10:03:47 - [TEST_STEP][PASSED] - saveWorkbook(excelFilePath, workbook01): null

08-11-2024T10:03:47 - [TEST_STEP][FAILED] - if (verifyEqual(numberOfErrors, 0) == false): null

08-11-2024T10:03:47 - [MESSAGE][FAILED] - Unable to verify equal between actual object '6' and expected object '0' (Root cause: com.kms.katalon.core.exception.StepFailedException: Actual object '6' and expected object '0' are not equal
	at com.kms.katalon.core.keyword.builtin.VerifyEqualKeyword$_verifyEqual_closure1.doCall(VerifyEqualKeyword.groovy:58)
	at com.kms.katalon.core.keyword.builtin.VerifyEqualKeyword$_verifyEqual_closure1.call(VerifyEqualKeyword.groovy)
	at com.kms.katalon.core.keyword.internal.KeywordMain.runKeyword(KeywordMain.groovy:75)
	at com.kms.katalon.core.keyword.builtin.VerifyEqualKeyword.verifyEqual(VerifyEqualKeyword.groovy:63)
	at com.kms.katalon.core.keyword.builtin.VerifyEqualKeyword.execute(VerifyEqualKeyword.groovy:44)
	at com.kms.katalon.core.keyword.internal.KeywordExecutor.executeKeywordForPlatform(KeywordExecutor.groovy:74)
	at com.kms.katalon.core.keyword.BuiltinKeywords.verifyEqual(BuiltinKeywords.groovy:146)
	at jdk.internal.reflect.GeneratedMethodAccessor25.invoke(Unknown Source)
	at java.base/jdk.internal.reflect.DelegatingMethodAccessorImpl.invoke(DelegatingMethodAccessorImpl.java:43)
	at Выполнение бизнес-плана Сверка ПАО Россети все филиалы.Numbers(Выполнение бизнес-плана Сверка ПАО Россети все филиалы:740)
	at Выполнение бизнес-плана Сверка ПАО Россети все филиалы.Filials(Выполнение бизнес-плана Сверка ПАО Россети все филиалы:1321)
	at Выполнение бизнес-плана Сверка ПАО Россети все филиалы.Numbers(Выполнение бизнес-плана Сверка ПАО Россети все филиалы:745)
	at Выполнение бизнес-плана Сверка ПАО Россети все филиалы.run(Выполнение бизнес-плана Сверка ПАО Россети все филиалы:388)
	at com.kms.katalon.core.main.ScriptEngine.run(ScriptEngine.java:194)
	at com.kms.katalon.core.main.ScriptEngine.runScriptAsRawText(ScriptEngine.java:119)
	at com.kms.katalon.core.main.TestCaseExecutor.runScript(TestCaseExecutor.java:448)
	at com.kms.katalon.core.main.TestCaseExecutor.doExecute(TestCaseExecutor.java:439)
	at com.kms.katalon.core.main.TestCaseExecutor.processExecutionPhase(TestCaseExecutor.java:418)
	at com.kms.katalon.core.main.TestCaseExecutor.accessMainPhase(TestCaseExecutor.java:410)
	at com.kms.katalon.core.main.TestCaseExecutor.execute(TestCaseExecutor.java:285)
	at com.kms.katalon.core.common.CommonExecutor.accessTestCaseMainPhase(CommonExecutor.java:65)
	at com.kms.katalon.core.main.TestSuiteExecutor.accessTestSuiteMainPhase(TestSuiteExecutor.java:150)
	at com.kms.katalon.core.main.TestSuiteExecutor.execute(TestSuiteExecutor.java:106)
	at com.kms.katalon.core.main.TestCaseMain.startTestSuite(TestCaseMain.java:180)
	at TempTestSuite1731039737176.run(TempTestSuite1731039737176.groovy:35)
	at java.base/jdk.internal.reflect.NativeMethodAccessorImpl.invoke0(Native Method)
	at java.base/jdk.internal.reflect.NativeMethodAccessorImpl.invoke(NativeMethodAccessorImpl.java:77)
	at java.base/jdk.internal.reflect.DelegatingMethodAccessorImpl.invoke(DelegatingMethodAccessorImpl.java:43)
)

08-11-2024T10:03:47 - [TEST_STEP][PASSED] - println(numberOfErrors): null

08-11-2024T10:03:47 - [TEST_STEP][PASSED] - if (a == 28 || a == 77 || a == 74 || a == 65 || a == 36 || a == 44 || a == 54 || a == 1 || a == 18 || a == 59): null

08-11-2024T10:03:47 - [TEST_STEP][PASSED] - if (a == 82): null

08-11-2024T10:03:47 - [TEST_STEP][PASSED] - dZO = "Ярэнерго": null

08-11-2024T10:03:47 - [TEST_STEP][PASSED] - a = 12: null

08-11-2024T10:03:47 - [TEST_STEP][PASSED] - if (x2.contains(dZO)): null

08-11-2024T10:03:47 - [TEST_STEP][PASSED] - filialNum = filialNum + 1: null

08-11-2024T10:03:47 - [TEST_STEP][PASSED] - Script1718980020443.Numbers(a, typeOfData, todaysDate, pageInt, fileInt, pageDouble, fileDouble, dZO, dzoNum, filialNum): null

08-11-2024T10:03:47 - [TEST_STEP][PASSED] - println(dzoNum): null

08-11-2024T10:03:47 - [TEST_STEP][PASSED] - planFact = <not implemented yet for class: org.codehaus.groovy.ast.expr.EmptyExpression>: null

08-11-2024T10:03:47 - [TEST_STEP][PASSED] - page = <not implemented yet for class: org.codehaus.groovy.ast.expr.EmptyExpression>: null

08-11-2024T10:03:47 - [TEST_STEP][PASSED] - page1 = <not implemented yet for class: org.codehaus.groovy.ast.expr.EmptyExpression>: null

08-11-2024T10:03:47 - [TEST_STEP][PASSED] - page2 = <not implemented yet for class: org.codehaus.groovy.ast.expr.EmptyExpression>: null

08-11-2024T10:03:47 - [TEST_STEP][PASSED] - filialNumberInRow = <not implemented yet for class: org.codehaus.groovy.ast.expr.EmptyExpression>: null

08-11-2024T10:03:47 - [TEST_STEP][PASSED] - filialsDzoNames = <not implemented yet for class: org.codehaus.groovy.ast.expr.EmptyExpression>: null

08-11-2024T10:03:47 - [TEST_STEP][PASSED] - numberOfFilials = <not implemented yet for class: org.codehaus.groovy.ast.expr.EmptyExpression>: null

08-11-2024T10:03:47 - [TEST_STEP][PASSED] - numberOfSpaces = <not implemented yet for class: org.codehaus.groovy.ast.expr.EmptyExpression>: null

08-11-2024T10:03:47 - [TEST_STEP][PASSED] - file = <not implemented yet for class: org.codehaus.groovy.ast.expr.EmptyExpression>: null

08-11-2024T10:03:47 - [TEST_STEP][PASSED] - otpusk = <not implemented yet for class: org.codehaus.groovy.ast.expr.EmptyExpression>: null

08-11-2024T10:03:47 - [TEST_STEP][PASSED] - poteri = <not implemented yet for class: org.codehaus.groovy.ast.expr.EmptyExpression>: null

08-11-2024T10:03:47 - [TEST_STEP][PASSED] - dataFolder = "Выполнение бизнес-плана/Значения со страницы Выполнение бизнес-плана/": null

08-11-2024T10:03:47 - [TEST_STEP][PASSED] - path = <not implemented yet for class: org.codehaus.groovy.ast.expr.EmptyExpression>: null

08-11-2024T10:03:47 - [TEST_STEP][PASSED] - typeOfDataMain = <not implemented yet for class: org.codehaus.groovy.ast.expr.EmptyExpression>: null

08-11-2024T10:03:47 - [TEST_STEP][PASSED] - fileOtpuskVSet = <not implemented yet for class: org.codehaus.groovy.ast.expr.EmptyExpression>: null

08-11-2024T10:03:47 - [TEST_STEP][PASSED] - pageOtpuskVSet = <not implemented yet for class: org.codehaus.groovy.ast.expr.EmptyExpression>: null

08-11-2024T10:03:47 - [TEST_STEP][PASSED] - filePoteri = <not implemented yet for class: org.codehaus.groovy.ast.expr.EmptyExpression>: null

08-11-2024T10:03:47 - [TEST_STEP][PASSED] - pagePoteri = <not implemented yet for class: org.codehaus.groovy.ast.expr.EmptyExpression>: null

08-11-2024T10:03:47 - [TEST_STEP][PASSED] - compare = <not implemented yet for class: org.codehaus.groovy.ast.expr.EmptyExpression>: null

08-11-2024T10:03:47 - [TEST_STEP][PASSED] - b = <not implemented yet for class: org.codehaus.groovy.ast.expr.EmptyExpression>: null

08-11-2024T10:03:47 - [TEST_STEP][PASSED] - i = <not implemented yet for class: org.codehaus.groovy.ast.expr.EmptyExpression>: null

08-11-2024T10:03:47 - [TEST_STEP][PASSED] - ii = <not implemented yet for class: org.codehaus.groovy.ast.expr.EmptyExpression>: null

08-11-2024T10:03:47 - [TEST_STEP][PASSED] - c = <not implemented yet for class: org.codehaus.groovy.ast.expr.EmptyExpression>: null

08-11-2024T10:03:47 - [TEST_STEP][PASSED] - numberOfErrors = 0: null

08-11-2024T10:03:47 - [TEST_STEP][PASSED] - if (a == 82): null

08-11-2024T10:03:47 - [TEST_STEP][PASSED] - b = findTestData("PlanFact").getValue(1, a): null

08-11-2024T10:03:47 - [TEST_STEP][PASSED] - i = b.indexOf(" (ГК)"): null

08-11-2024T10:03:47 - [TEST_STEP][PASSED] - if (i > -1): null

08-11-2024T10:03:47 - [TEST_STEP][PASSED] - i = b.indexOf("О ""): null

08-11-2024T10:03:47 - [TEST_STEP][PASSED] - if (i > -1): null

08-11-2024T10:03:47 - [TEST_STEP][PASSED] - i = b.indexOf("О «"): null

08-11-2024T10:03:47 - [TEST_STEP][PASSED] - if (i > -1): null

08-11-2024T10:03:47 - [TEST_STEP][PASSED] - i = b.indexOf("г. "): null

08-11-2024T10:03:47 - [TEST_STEP][PASSED] - if (i > -1): null

08-11-2024T10:03:47 - [TEST_STEP][PASSED] - println(b): null

08-11-2024T10:03:47 - [TEST_STEP][PASSED] - for ([planFact = 1, planFact < 3, (planFact++)]): Object: 'Object Repository/Выполнение бизнес-плана/Кнопка Факт' is clicked on

08-11-2024T10:03:47 - [TEST_STEP][PASSED] - if (planFact == 1): null

08-11-2024T10:03:47 - [TEST_STEP][PASSED] - typeOfDataMain = "Факт": null

08-11-2024T10:03:47 - [TEST_STEP][PASSED] - otpusk = findTestData("PlanFact").getValue(5, a): null

08-11-2024T10:03:47 - [TEST_STEP][PASSED] - poteri = findTestData("PlanFact").getValue(6, a): null

08-11-2024T10:03:47 - [TEST_STEP][PASSED] - otpusk = otpusk.replaceAll("\s+", ""): null

08-11-2024T10:03:47 - [TEST_STEP][PASSED] - poteri = poteri.replaceAll("\s+", ""): null

08-11-2024T10:03:47 - [TEST_STEP][PASSED] - typeOfData = typeOfDataMain + " Отпуск в сеть": null

08-11-2024T10:03:47 - [TEST_STEP][PASSED] - if (a == 82): null

08-11-2024T10:03:47 - [TEST_STEP][PASSED] - else if (a == 84): null

08-11-2024T10:03:47 - [TEST_STEP][PASSED] - else if (a == 52 || a == 72 || a == 28 || a == 73 || a == 77 || a == 74 || a == 65 || a == 36 || a == 44 || a == 53 || a == 80 || a == 54 || a == 1 || a == 18 || a == 59 || a == 81): null

08-11-2024T10:03:47 - [TEST_STEP][PASSED] - else: null

08-11-2024T10:03:47 - [TEST_STEP][PASSED] - path = dataFolder + typeOfData + " за отчётный период " + b: null

08-11-2024T10:03:47 - [TEST_STEP][PASSED] - println(path): null

08-11-2024T10:03:47 - [TEST_STEP][PASSED] - page = getText(findTestObject(path)): Text of object 'Object Repository/Выполнение бизнес-плана/Значения со страницы Выполнение бизнес-плана/Факт Отпуск в сеть за отчётный период Ярэнерго' is: '5 259 905'

08-11-2024T10:03:47 - [MESSAGE][PASSED] - Text of object 'Object Repository/Выполнение бизнес-плана/Значения со страницы Выполнение бизнес-плана/Факт Отпуск в сеть за отчётный период Ярэнерго' is: '5 259 905'

08-11-2024T10:03:47 - [TEST_STEP][PASSED] - page = page.replaceAll("\s+", ""): null

08-11-2024T10:03:47 - [TEST_STEP][PASSED] - fileOtpuskVSet = otpusk.toInteger(): null

08-11-2024T10:03:47 - [TEST_STEP][PASSED] - pageOtpuskVSet = page.toInteger(): null

08-11-2024T10:03:47 - [TEST_STEP][PASSED] - typeOfData = typeOfDataMain + " Потери": null

08-11-2024T10:03:47 - [TEST_STEP][PASSED] - if (a == 82): null

08-11-2024T10:03:47 - [TEST_STEP][PASSED] - else if (a == 84): null

08-11-2024T10:03:47 - [TEST_STEP][PASSED] - else if (a == 52 || a == 72 || a == 28 || a == 73 || a == 77 || a == 74 || a == 65 || a == 36 || a == 44 || a == 53 || a == 80 || a == 54 || a == 1 || a == 18 || a == 59 || a == 81): null

08-11-2024T10:03:47 - [TEST_STEP][PASSED] - else: null

08-11-2024T10:03:47 - [TEST_STEP][PASSED] - path = dataFolder + typeOfData + " за отчётный период " + b: null

08-11-2024T10:03:47 - [TEST_STEP][PASSED] - page = getText(findTestObject(path)): Text of object 'Object Repository/Выполнение бизнес-плана/Значения со страницы Выполнение бизнес-плана/Факт Потери за отчётный период Ярэнерго' is: '428 321'

08-11-2024T10:03:48 - [MESSAGE][PASSED] - Text of object 'Object Repository/Выполнение бизнес-плана/Значения со страницы Выполнение бизнес-плана/Факт Потери за отчётный период Ярэнерго' is: '428 321'

08-11-2024T10:03:48 - [TEST_STEP][PASSED] - page = page.replaceAll("\s+", ""): null

08-11-2024T10:03:48 - [TEST_STEP][PASSED] - filePoteri = poteri.toInteger(): null

08-11-2024T10:03:48 - [TEST_STEP][PASSED] - pagePoteri = page.toInteger(): null

08-11-2024T10:03:48 - [TEST_STEP][PASSED] - compare = pageOtpuskVSet: null

08-11-2024T10:03:48 - [TEST_STEP][PASSED] - if (compare == fileOtpuskVSet): null

08-11-2024T10:03:48 - [TEST_STEP][PASSED] - if (compare == fileOtpuskVSet): null

08-11-2024T10:03:48 - [TEST_STEP][PASSED] - compare = pagePoteri: null

08-11-2024T10:03:48 - [TEST_STEP][PASSED] - if (compare == filePoteri): null

08-11-2024T10:03:48 - [TEST_STEP][PASSED] - if (compare == filePoteri): null

08-11-2024T10:03:48 - [TEST_STEP][PASSED] - if (planFact == 2): null

08-11-2024T10:03:48 - [TEST_STEP][PASSED] - if (planFact == 1): null

08-11-2024T10:03:48 - [TEST_STEP][PASSED] - else if (planFact == 2): null

08-11-2024T10:03:48 - [TEST_STEP][PASSED] - click(findTestObject("Выполнение бизнес-плана/Кнопка План")): Object: 'Object Repository/Выполнение бизнес-плана/Кнопка План' is clicked on

08-11-2024T10:03:48 - [MESSAGE][PASSED] - Object: 'Object Repository/Выполнение бизнес-плана/Кнопка План' is clicked on

08-11-2024T10:03:48 - [TEST_STEP][PASSED] - typeOfDataMain = "План": null

08-11-2024T10:03:48 - [TEST_STEP][PASSED] - otpusk = findTestData("PlanFact").getValue(2, a): null

08-11-2024T10:03:48 - [TEST_STEP][PASSED] - poteri = findTestData("PlanFact").getValue(3, a): null

08-11-2024T10:03:48 - [TEST_STEP][PASSED] - otpusk = otpusk.replaceAll("\s+", ""): null

08-11-2024T10:03:48 - [TEST_STEP][PASSED] - poteri = poteri.replaceAll("\s+", ""): null

08-11-2024T10:03:48 - [TEST_STEP][PASSED] - typeOfData = typeOfDataMain + " Отпуск в сеть": null

08-11-2024T10:03:48 - [TEST_STEP][PASSED] - if (a == 82): null

08-11-2024T10:03:48 - [TEST_STEP][PASSED] - else if (a == 84): null

08-11-2024T10:03:48 - [TEST_STEP][PASSED] - else if (a == 52 || a == 72 || a == 28 || a == 73 || a == 77 || a == 74 || a == 65 || a == 36 || a == 44 || a == 53 || a == 80 || a == 54 || a == 1 || a == 18 || a == 59 || a == 81): null

08-11-2024T10:03:48 - [TEST_STEP][PASSED] - else: null

08-11-2024T10:03:48 - [TEST_STEP][PASSED] - path = dataFolder + typeOfData + " за отчётный период " + b: null

08-11-2024T10:03:48 - [TEST_STEP][PASSED] - println(path): null

08-11-2024T10:03:48 - [TEST_STEP][PASSED] - page = getText(findTestObject(path)): Text of object 'Object Repository/Выполнение бизнес-плана/Значения со страницы Выполнение бизнес-плана/План Отпуск в сеть за отчётный период Ярэнерго' is: '4 975 014'

08-11-2024T10:03:49 - [MESSAGE][PASSED] - Text of object 'Object Repository/Выполнение бизнес-плана/Значения со страницы Выполнение бизнес-плана/План Отпуск в сеть за отчётный период Ярэнерго' is: '4 975 014'

08-11-2024T10:03:49 - [TEST_STEP][PASSED] - page = page.replaceAll("\s+", ""): null

08-11-2024T10:03:49 - [TEST_STEP][PASSED] - fileOtpuskVSet = otpusk.toInteger(): null

08-11-2024T10:03:49 - [TEST_STEP][PASSED] - pageOtpuskVSet = page.toInteger(): null

08-11-2024T10:03:49 - [TEST_STEP][PASSED] - typeOfData = typeOfDataMain + " Потери": null

08-11-2024T10:03:49 - [TEST_STEP][PASSED] - if (a == 82): null

08-11-2024T10:03:49 - [TEST_STEP][PASSED] - else if (a == 84): null

08-11-2024T10:03:49 - [TEST_STEP][PASSED] - else if (a == 52 || a == 72 || a == 28 || a == 73 || a == 77 || a == 74 || a == 65 || a == 36 || a == 44 || a == 53 || a == 80 || a == 54 || a == 1 || a == 18 || a == 59 || a == 81): null

08-11-2024T10:03:49 - [TEST_STEP][PASSED] - else: null

08-11-2024T10:03:49 - [TEST_STEP][PASSED] - path = dataFolder + typeOfData + " за отчётный период " + b: null

08-11-2024T10:03:49 - [TEST_STEP][PASSED] - page = getText(findTestObject(path)): Text of object 'Object Repository/Выполнение бизнес-плана/Значения со страницы Выполнение бизнес-плана/План Потери за отчётный период Ярэнерго' is: '430 228'

08-11-2024T10:03:49 - [MESSAGE][PASSED] - Text of object 'Object Repository/Выполнение бизнес-плана/Значения со страницы Выполнение бизнес-плана/План Потери за отчётный период Ярэнерго' is: '430 228'

08-11-2024T10:03:49 - [TEST_STEP][PASSED] - page = page.replaceAll("\s+", ""): null

08-11-2024T10:03:49 - [TEST_STEP][PASSED] - filePoteri = poteri.toInteger(): null

08-11-2024T10:03:49 - [TEST_STEP][PASSED] - pagePoteri = page.toInteger(): null

08-11-2024T10:03:49 - [TEST_STEP][PASSED] - compare = pageOtpuskVSet: null

08-11-2024T10:03:49 - [TEST_STEP][PASSED] - if (compare == fileOtpuskVSet): null

08-11-2024T10:03:49 - [TEST_STEP][PASSED] - if (compare == fileOtpuskVSet): null

08-11-2024T10:03:49 - [TEST_STEP][PASSED] - compare = pagePoteri: null

08-11-2024T10:03:49 - [TEST_STEP][PASSED] - if (compare == filePoteri): null

08-11-2024T10:03:49 - [TEST_STEP][PASSED] - if (compare == filePoteri): null

08-11-2024T10:03:49 - [TEST_STEP][PASSED] - if (planFact == 2): Object: 'Object Repository/Выполнение бизнес-плана/Кнопка Факт' is clicked on

08-11-2024T10:03:49 - [TEST_STEP][PASSED] - click(findTestObject("Выполнение бизнес-плана/Кнопка Факт")): Object: 'Object Repository/Выполнение бизнес-плана/Кнопка Факт' is clicked on

08-11-2024T10:03:49 - [MESSAGE][PASSED] - Object: 'Object Repository/Выполнение бизнес-плана/Кнопка Факт' is clicked on

08-11-2024T10:03:49 - [TEST_STEP][PASSED] - if (a == 84 || a == 82): null

08-11-2024T10:03:49 - [TEST_STEP][PASSED] - else if (a == 52 || a == 72 || a == 28 || a == 73 || a == 77 || a == 74 || a == 65 || a == 36 || a == 44 || a == 53 || a == 80 || a == 54 || a == 1 || a == 18 || a == 59 || a == 81): null

08-11-2024T10:03:49 - [TEST_STEP][PASSED] - else: null

08-11-2024T10:03:49 - [TEST_STEP][PASSED] - page1 = getText(findTestObject("Object Repository/Выполнение бизнес-плана/spanPlan" + filialNum)): Text of object 'Object Repository/Выполнение бизнес-плана/spanPlan15' is: '8.65
|'

08-11-2024T10:03:49 - [MESSAGE][PASSED] - Text of object 'Object Repository/Выполнение бизнес-плана/spanPlan15' is: '8.65
|'

08-11-2024T10:03:49 - [TEST_STEP][PASSED] - page1 = page1.replace("|", ""): null

08-11-2024T10:03:49 - [TEST_STEP][PASSED] - page2 = getText(findTestObject("Object Repository/Выполнение бизнес-плана/spanFact" + filialNum)): Text of object 'Object Repository/Выполнение бизнес-плана/spanFact15' is: '8.14
|'

08-11-2024T10:03:50 - [MESSAGE][PASSED] - Text of object 'Object Repository/Выполнение бизнес-плана/spanFact15' is: '8.14
|'

08-11-2024T10:03:50 - [TEST_STEP][PASSED] - page2 = page2.replace("|", ""): null

08-11-2024T10:03:50 - [TEST_STEP][PASSED] - println("page1: " + page1): null

08-11-2024T10:03:50 - [TEST_STEP][PASSED] - println("page2: " + page2): null

08-11-2024T10:03:50 - [TEST_STEP][PASSED] - file = findTestData("PlanFact").getValue(4, a): null

08-11-2024T10:03:50 - [TEST_STEP][PASSED] - file = file.replace(",", "."): null

08-11-2024T10:03:50 - [TEST_STEP][PASSED] - println("file Plan: " + file): null

08-11-2024T10:03:50 - [TEST_STEP][PASSED] - typeOfData = "План в процентах": null

08-11-2024T10:03:50 - [TEST_STEP][PASSED] - fileDouble = file.toDouble(): null

08-11-2024T10:03:50 - [TEST_STEP][PASSED] - pageDouble = page1.toDouble(): null

08-11-2024T10:03:50 - [TEST_STEP][PASSED] - if (fileDouble != pageDouble): null

08-11-2024T10:03:50 - [TEST_STEP][PASSED] - file = findTestData("PlanFact").getValue(7, a): null

08-11-2024T10:03:50 - [TEST_STEP][PASSED] - file = file.replace(",", "."): null

08-11-2024T10:03:50 - [TEST_STEP][PASSED] - println("file Fact: " + file): null

08-11-2024T10:03:50 - [TEST_STEP][PASSED] - fileDouble = file.toDouble(): null

08-11-2024T10:03:50 - [TEST_STEP][PASSED] - typeOfData = "Факт в процентах": null

08-11-2024T10:03:50 - [TEST_STEP][PASSED] - fileDouble = file.toDouble(): null

08-11-2024T10:03:50 - [TEST_STEP][PASSED] - pageDouble = page2.toDouble(): null

08-11-2024T10:03:50 - [TEST_STEP][PASSED] - if (fileDouble != pageDouble): null

08-11-2024T10:03:50 - [TEST_STEP][PASSED] - if (verifyEqual(numberOfErrors, 0) == false): Actual object '0' and expected object '0' are equal

08-11-2024T10:03:50 - [MESSAGE][PASSED] - Actual object '0' and expected object '0' are equal

08-11-2024T10:03:50 - [TEST_STEP][PASSED] - if (a == 82): null

08-11-2024T10:03:50 - [TEST_STEP][PASSED] - filialNum = 0: null

08-11-2024T10:03:50 - [TEST_STEP][PASSED] - if (a == 18): null

08-11-2024T10:03:50 - [TEST_STEP][PASSED] - if (a == 36): null

08-11-2024T10:03:50 - [TEST_STEP][PASSED] - if (a == 44): null

08-11-2024T10:03:50 - [TEST_STEP][PASSED] - if (a == 54): null

08-11-2024T10:03:50 - [TEST_STEP][PASSED] - if (a == 59): null

08-11-2024T10:03:50 - [TEST_STEP][PASSED] - Script1718980020443.OpenFilter(): null

08-11-2024T10:03:50 - [TEST_STEP][PASSED] - click(findTestObject("Object Repository/Выполнение бизнес-плана/Фильтр ДЗО")): Object: 'Object Repository/Выполнение бизнес-плана/Фильтр ДЗО' is clicked on

08-11-2024T10:03:50 - [MESSAGE][PASSED] - Object: 'Object Repository/Выполнение бизнес-плана/Фильтр ДЗО' is clicked on

08-11-2024T10:03:50 - [TEST_STEP][PASSED] - click(findTestObject("Выполнение бизнес-плана/Снять выделение в фильтре ДЗО")): Object: 'Object Repository/Выполнение бизнес-плана/Снять выделение в фильтре ДЗО' is clicked on

08-11-2024T10:03:51 - [MESSAGE][PASSED] - Object: 'Object Repository/Выполнение бизнес-плана/Снять выделение в фильтре ДЗО' is clicked on

08-11-2024T10:03:51 - [TEST_STEP][PASSED] - Script1718980020443.CloseFilter(): null

08-11-2024T10:03:51 - [TEST_STEP][PASSED] - scrollToElement(findTestObject("Выполнение бизнес-плана/Заголовок дашборда"), 30): Scroll to object 'Object Repository/Выполнение бизнес-плана/Заголовок дашборда' successfully

08-11-2024T10:03:51 - [MESSAGE][PASSED] - Scroll to object 'Object Repository/Выполнение бизнес-плана/Заголовок дашборда' successfully

08-11-2024T10:03:51 - [TEST_STEP][PASSED] - click(findTestObject("Object Repository/Выполнение бизнес-плана/Применить в фильтре ДЗО")): Object: 'Object Repository/Выполнение бизнес-плана/Применить в фильтре ДЗО' is clicked on

08-11-2024T10:03:52 - [MESSAGE][PASSED] - Object: 'Object Repository/Выполнение бизнес-плана/Применить в фильтре ДЗО' is clicked on

08-11-2024T10:03:52 - [TEST_STEP][PASSED] - if (a == 82): null

08-11-2024T10:03:52 - [TEST_STEP][PASSED] - println(dzoNum): null

08-11-2024T10:03:52 - [TEST_STEP][PASSED] - dZO = "Россети Центр и Приволжье (ГК)": null

08-11-2024T10:03:52 - [TEST_STEP][PASSED] - a = 18: null

08-11-2024T10:03:52 - [TEST_STEP][PASSED] - if (x1.contains(dZO)): null

08-11-2024T10:03:52 - [TEST_STEP][PASSED] - dzoNum = dzoNum + 1: null

08-11-2024T10:03:52 - [TEST_STEP][PASSED] - Script1718980020443.Numbers(a, typeOfData, todaysDate, pageInt, fileInt, pageDouble, fileDouble, dZO, dzoNum, filialNum): null

08-11-2024T10:03:52 - [TEST_STEP][PASSED] - println(dzoNum): null

08-11-2024T10:03:52 - [TEST_STEP][PASSED] - planFact = <not implemented yet for class: org.codehaus.groovy.ast.expr.EmptyExpression>: null

08-11-2024T10:03:52 - [TEST_STEP][PASSED] - page = <not implemented yet for class: org.codehaus.groovy.ast.expr.EmptyExpression>: null

08-11-2024T10:03:52 - [TEST_STEP][PASSED] - page1 = <not implemented yet for class: org.codehaus.groovy.ast.expr.EmptyExpression>: null

08-11-2024T10:03:52 - [TEST_STEP][PASSED] - page2 = <not implemented yet for class: org.codehaus.groovy.ast.expr.EmptyExpression>: null

08-11-2024T10:03:52 - [TEST_STEP][PASSED] - filialNumberInRow = <not implemented yet for class: org.codehaus.groovy.ast.expr.EmptyExpression>: null

08-11-2024T10:03:52 - [TEST_STEP][PASSED] - filialsDzoNames = <not implemented yet for class: org.codehaus.groovy.ast.expr.EmptyExpression>: null

08-11-2024T10:03:52 - [TEST_STEP][PASSED] - numberOfFilials = <not implemented yet for class: org.codehaus.groovy.ast.expr.EmptyExpression>: null

08-11-2024T10:03:52 - [TEST_STEP][PASSED] - numberOfSpaces = <not implemented yet for class: org.codehaus.groovy.ast.expr.EmptyExpression>: null

08-11-2024T10:03:52 - [TEST_STEP][PASSED] - file = <not implemented yet for class: org.codehaus.groovy.ast.expr.EmptyExpression>: null

08-11-2024T10:03:52 - [TEST_STEP][PASSED] - otpusk = <not implemented yet for class: org.codehaus.groovy.ast.expr.EmptyExpression>: null

08-11-2024T10:03:52 - [TEST_STEP][PASSED] - poteri = <not implemented yet for class: org.codehaus.groovy.ast.expr.EmptyExpression>: null

08-11-2024T10:03:52 - [TEST_STEP][PASSED] - dataFolder = "Выполнение бизнес-плана/Значения со страницы Выполнение бизнес-плана/": null

08-11-2024T10:03:52 - [TEST_STEP][PASSED] - path = <not implemented yet for class: org.codehaus.groovy.ast.expr.EmptyExpression>: null

08-11-2024T10:03:52 - [TEST_STEP][PASSED] - typeOfDataMain = <not implemented yet for class: org.codehaus.groovy.ast.expr.EmptyExpression>: null

08-11-2024T10:03:52 - [TEST_STEP][PASSED] - fileOtpuskVSet = <not implemented yet for class: org.codehaus.groovy.ast.expr.EmptyExpression>: null

08-11-2024T10:03:52 - [TEST_STEP][PASSED] - pageOtpuskVSet = <not implemented yet for class: org.codehaus.groovy.ast.expr.EmptyExpression>: null

08-11-2024T10:03:52 - [TEST_STEP][PASSED] - filePoteri = <not implemented yet for class: org.codehaus.groovy.ast.expr.EmptyExpression>: null

08-11-2024T10:03:52 - [TEST_STEP][PASSED] - pagePoteri = <not implemented yet for class: org.codehaus.groovy.ast.expr.EmptyExpression>: null

08-11-2024T10:03:52 - [TEST_STEP][PASSED] - compare = <not implemented yet for class: org.codehaus.groovy.ast.expr.EmptyExpression>: null

08-11-2024T10:03:52 - [TEST_STEP][PASSED] - b = <not implemented yet for class: org.codehaus.groovy.ast.expr.EmptyExpression>: null

08-11-2024T10:03:52 - [TEST_STEP][PASSED] - i = <not implemented yet for class: org.codehaus.groovy.ast.expr.EmptyExpression>: null

08-11-2024T10:03:52 - [TEST_STEP][PASSED] - ii = <not implemented yet for class: org.codehaus.groovy.ast.expr.EmptyExpression>: null

08-11-2024T10:03:52 - [TEST_STEP][PASSED] - c = <not implemented yet for class: org.codehaus.groovy.ast.expr.EmptyExpression>: null

08-11-2024T10:03:52 - [TEST_STEP][PASSED] - numberOfErrors = 0: null

08-11-2024T10:03:52 - [TEST_STEP][PASSED] - if (a == 82): null

08-11-2024T10:03:52 - [TEST_STEP][PASSED] - b = findTestData("PlanFact").getValue(1, a): null

08-11-2024T10:03:52 - [TEST_STEP][PASSED] - i = b.indexOf(" (ГК)"): null

08-11-2024T10:03:52 - [TEST_STEP][PASSED] - if (i > -1): null

08-11-2024T10:03:52 - [TEST_STEP][PASSED] - b = b.substring(0, i): null

08-11-2024T10:03:52 - [TEST_STEP][PASSED] - b = b.trim(): null

08-11-2024T10:03:52 - [TEST_STEP][PASSED] - i = b.indexOf("О ""): null

08-11-2024T10:03:52 - [TEST_STEP][PASSED] - if (i > -1): null

08-11-2024T10:03:52 - [TEST_STEP][PASSED] - i = b.indexOf("О «"): null

08-11-2024T10:03:52 - [TEST_STEP][PASSED] - if (i > -1): null

08-11-2024T10:03:52 - [TEST_STEP][PASSED] - i = b.indexOf("г. "): null

08-11-2024T10:03:52 - [TEST_STEP][PASSED] - if (i > -1): null

08-11-2024T10:03:52 - [TEST_STEP][PASSED] - println(b): null

08-11-2024T10:03:52 - [TEST_STEP][PASSED] - for ([planFact = 1, planFact < 3, (planFact++)]): null

08-11-2024T10:03:52 - [TEST_STEP][PASSED] - if (planFact == 1): null

08-11-2024T10:03:52 - [TEST_STEP][PASSED] - typeOfDataMain = "Факт": null

08-11-2024T10:03:52 - [TEST_STEP][PASSED] - otpusk = findTestData("PlanFact").getValue(5, a): null

08-11-2024T10:03:52 - [TEST_STEP][PASSED] - poteri = findTestData("PlanFact").getValue(6, a): null

08-11-2024T10:03:52 - [TEST_STEP][PASSED] - otpusk = otpusk.replaceAll("\s+", ""): null

08-11-2024T10:03:52 - [TEST_STEP][PASSED] - poteri = poteri.replaceAll("\s+", ""): null

08-11-2024T10:03:52 - [TEST_STEP][PASSED] - typeOfData = typeOfDataMain + " Отпуск в сеть": null

08-11-2024T10:03:52 - [TEST_STEP][PASSED] - if (a == 82): null

08-11-2024T10:03:52 - [TEST_STEP][PASSED] - else if (a == 84): null

08-11-2024T10:03:52 - [TEST_STEP][PASSED] - else if (a == 52 || a == 72 || a == 28 || a == 73 || a == 77 || a == 74 || a == 65 || a == 36 || a == 44 || a == 53 || a == 80 || a == 54 || a == 1 || a == 18 || a == 59 || a == 81): null

08-11-2024T10:03:52 - [TEST_STEP][PASSED] - path = dataFolder + "Table Data/" + typeOfData + " за отчётный период " + dzoNum: null

08-11-2024T10:03:52 - [TEST_STEP][PASSED] - println(path): null

08-11-2024T10:03:52 - [TEST_STEP][PASSED] - page = getText(findTestObject(path)): Text of object 'Object Repository/Выполнение бизнес-плана/Значения со страницы Выполнение бизнес-плана/Table Data/Факт Отпуск в сеть за отчётный период 7' is: '40 894 236'

08-11-2024T10:04:12 - [MESSAGE][PASSED] - Text of object 'Object Repository/Выполнение бизнес-плана/Значения со страницы Выполнение бизнес-плана/Table Data/Факт Отпуск в сеть за отчётный период 7' is: '40 894 236'

08-11-2024T10:04:12 - [TEST_STEP][PASSED] - page = page.replaceAll("\s+", ""): null

08-11-2024T10:04:12 - [TEST_STEP][PASSED] - fileOtpuskVSet = otpusk.toInteger(): null

08-11-2024T10:04:12 - [TEST_STEP][PASSED] - pageOtpuskVSet = page.toInteger(): null

08-11-2024T10:04:12 - [TEST_STEP][PASSED] - typeOfData = typeOfDataMain + " Потери": null

08-11-2024T10:04:12 - [TEST_STEP][PASSED] - if (a == 82): null

08-11-2024T10:04:12 - [TEST_STEP][PASSED] - else if (a == 84): null

08-11-2024T10:04:12 - [TEST_STEP][PASSED] - else if (a == 52 || a == 72 || a == 28 || a == 73 || a == 77 || a == 74 || a == 65 || a == 36 || a == 44 || a == 53 || a == 80 || a == 54 || a == 1 || a == 18 || a == 59 || a == 81): null

08-11-2024T10:04:12 - [TEST_STEP][PASSED] - path = dataFolder + "Table Data/" + typeOfData + " за отчётный период " + dzoNum: null

08-11-2024T10:04:12 - [TEST_STEP][PASSED] - page = getText(findTestObject(path)): Text of object 'Object Repository/Выполнение бизнес-плана/Значения со страницы Выполнение бизнес-плана/Table Data/Факт Потери за отчётный период 7' is: '2 711 313'

08-11-2024T10:04:13 - [MESSAGE][PASSED] - Text of object 'Object Repository/Выполнение бизнес-плана/Значения со страницы Выполнение бизнес-плана/Table Data/Факт Потери за отчётный период 7' is: '2 711 313'

08-11-2024T10:04:13 - [TEST_STEP][PASSED] - page = page.replaceAll("\s+", ""): null

08-11-2024T10:04:13 - [TEST_STEP][PASSED] - filePoteri = poteri.toInteger(): null

08-11-2024T10:04:13 - [TEST_STEP][PASSED] - pagePoteri = page.toInteger(): null

08-11-2024T10:04:13 - [TEST_STEP][PASSED] - compare = pageOtpuskVSet: null

08-11-2024T10:04:13 - [TEST_STEP][PASSED] - if (compare == fileOtpuskVSet): null

08-11-2024T10:04:13 - [TEST_STEP][PASSED] - else if (compare > fileOtpuskVSet): null

08-11-2024T10:04:13 - [TEST_STEP][PASSED] - else if (compare < fileOtpuskVSet): null

08-11-2024T10:04:13 - [TEST_STEP][PASSED] - compare = compare + 1: null

08-11-2024T10:04:13 - [TEST_STEP][PASSED] - if (compare == fileOtpuskVSet): null

08-11-2024T10:04:13 - [TEST_STEP][PASSED] - else: null

08-11-2024T10:04:13 - [TEST_STEP][PASSED] - numberOfErrors = numberOfErrors + 1: null

08-11-2024T10:04:13 - [TEST_STEP][PASSED] - pageInt = pageOtpuskVSet: null

08-11-2024T10:04:13 - [TEST_STEP][PASSED] - fileInt = fileOtpuskVSet: null

08-11-2024T10:04:13 - [TEST_STEP][PASSED] - typeOfData = typeOfDataMain + " Отпуск в сеть": null

08-11-2024T10:04:13 - [TEST_STEP][PASSED] - Script1718980020443.WriteToExcel(a, typeOfData, todaysDate, pageInt, fileInt, pageDouble, fileDouble, dZO): null

08-11-2024T10:04:13 - [TEST_STEP][PASSED] - sheetName = "Sheet1": null

08-11-2024T10:04:13 - [TEST_STEP][PASSED] - data = findTestData("PlanFact"): null

08-11-2024T10:04:13 - [TEST_STEP][PASSED] - n = data.getRowNumbers() + 1: null

08-11-2024T10:04:13 - [TEST_STEP][PASSED] - year = todaysDate.substring(todaysDate.length() - 4, todaysDate.length()): null

08-11-2024T10:04:13 - [TEST_STEP][PASSED] - y = year.toInteger(): null

08-11-2024T10:04:13 - [TEST_STEP][PASSED] - m = getText(findTestObject("Выполнение бизнес-плана/Период")): Text of object 'Object Repository/Выполнение бизнес-плана/Период' is: '1, 2, 3 кв. 2024 года'

08-11-2024T10:04:13 - [MESSAGE][PASSED] - Text of object 'Object Repository/Выполнение бизнес-плана/Период' is: '1, 2, 3 кв. 2024 года'

08-11-2024T10:04:13 - [TEST_STEP][PASSED] - m = m.substring(0, m.indexOf("2024")): null

08-11-2024T10:04:13 - [TEST_STEP][PASSED] - m = m.trim(): null

08-11-2024T10:04:13 - [TEST_STEP][PASSED] - dashboardName = "Выполнение бизнес-плана": null

08-11-2024T10:04:13 - [TEST_STEP][PASSED] - workbook01 = getWorkbook(excelFilePath): null

08-11-2024T10:04:13 - [TEST_STEP][PASSED] - sheet01 = getExcelSheet(workbook01, sheetName): null

08-11-2024T10:04:13 - [TEST_STEP][PASSED] - setValueToCellByIndex(sheet01, n, 0, dashboardName): null

08-11-2024T10:04:13 - [TEST_STEP][PASSED] - setValueToCellByIndex(sheet01, n, 1, dZO): null

08-11-2024T10:04:13 - [TEST_STEP][PASSED] - setValueToCellByIndex(sheet01, n, 2, typeOfData): null

08-11-2024T10:04:13 - [TEST_STEP][PASSED] - if (typeOfData == "Факт в процентах" || typeOfData == "План в процентах"): null

08-11-2024T10:04:13 - [TEST_STEP][PASSED] - else: null

08-11-2024T10:04:13 - [TEST_STEP][PASSED] - setValueToCellByIndex(sheet01, n, 3, fileInt): null

08-11-2024T10:04:13 - [TEST_STEP][PASSED] - setValueToCellByIndex(sheet01, n, 4, pageInt): null

08-11-2024T10:04:13 - [TEST_STEP][PASSED] - setValueToCellByIndex(sheet01, n, 5, m): null

08-11-2024T10:04:13 - [TEST_STEP][PASSED] - setValueToCellByIndex(sheet01, n, 6, y): null

08-11-2024T10:04:13 - [TEST_STEP][PASSED] - setValueToCellByIndex(sheet01, n, 7, todaysDate): null

08-11-2024T10:04:13 - [TEST_STEP][PASSED] - n = n + 1: null

08-11-2024T10:04:13 - [TEST_STEP][PASSED] - saveWorkbook(excelFilePath, workbook01): null

08-11-2024T10:04:13 - [TEST_STEP][PASSED] - compare = pagePoteri: null

08-11-2024T10:04:13 - [TEST_STEP][PASSED] - if (compare == filePoteri): null

08-11-2024T10:04:13 - [TEST_STEP][PASSED] - else if (compare > filePoteri): null

08-11-2024T10:04:13 - [TEST_STEP][PASSED] - else if (compare < filePoteri): null

08-11-2024T10:04:13 - [TEST_STEP][PASSED] - compare = compare + 1: null

08-11-2024T10:04:13 - [TEST_STEP][PASSED] - if (compare == filePoteri): null

08-11-2024T10:04:13 - [TEST_STEP][PASSED] - else: null

08-11-2024T10:04:13 - [TEST_STEP][PASSED] - numberOfErrors = numberOfErrors + 1: null

08-11-2024T10:04:13 - [TEST_STEP][PASSED] - pageInt = pagePoteri: null

08-11-2024T10:04:13 - [TEST_STEP][PASSED] - fileInt = filePoteri: null

08-11-2024T10:04:13 - [TEST_STEP][PASSED] - typeOfData = typeOfDataMain + " Потери": null

08-11-2024T10:04:13 - [TEST_STEP][PASSED] - Script1718980020443.WriteToExcel(a, typeOfData, todaysDate, pageInt, fileInt, pageDouble, fileDouble, dZO): null

08-11-2024T10:04:13 - [TEST_STEP][PASSED] - sheetName = "Sheet1": null

08-11-2024T10:04:13 - [TEST_STEP][PASSED] - data = findTestData("PlanFact"): null

08-11-2024T10:04:13 - [TEST_STEP][PASSED] - n = data.getRowNumbers() + 1: null

08-11-2024T10:04:13 - [TEST_STEP][PASSED] - year = todaysDate.substring(todaysDate.length() - 4, todaysDate.length()): null

08-11-2024T10:04:13 - [TEST_STEP][PASSED] - y = year.toInteger(): null

08-11-2024T10:04:13 - [TEST_STEP][PASSED] - m = getText(findTestObject("Выполнение бизнес-плана/Период")): Text of object 'Object Repository/Выполнение бизнес-плана/Период' is: '1, 2, 3 кв. 2024 года'

08-11-2024T10:04:14 - [MESSAGE][PASSED] - Text of object 'Object Repository/Выполнение бизнес-плана/Период' is: '1, 2, 3 кв. 2024 года'

08-11-2024T10:04:14 - [TEST_STEP][PASSED] - m = m.substring(0, m.indexOf("2024")): null

08-11-2024T10:04:14 - [TEST_STEP][PASSED] - m = m.trim(): null

08-11-2024T10:04:14 - [TEST_STEP][PASSED] - dashboardName = "Выполнение бизнес-плана": null

08-11-2024T10:04:14 - [TEST_STEP][PASSED] - workbook01 = getWorkbook(excelFilePath): null

08-11-2024T10:04:14 - [TEST_STEP][PASSED] - sheet01 = getExcelSheet(workbook01, sheetName): null

08-11-2024T10:04:14 - [TEST_STEP][PASSED] - setValueToCellByIndex(sheet01, n, 0, dashboardName): null

08-11-2024T10:04:14 - [TEST_STEP][PASSED] - setValueToCellByIndex(sheet01, n, 1, dZO): null

08-11-2024T10:04:14 - [TEST_STEP][PASSED] - setValueToCellByIndex(sheet01, n, 2, typeOfData): null

08-11-2024T10:04:14 - [TEST_STEP][PASSED] - if (typeOfData == "Факт в процентах" || typeOfData == "План в процентах"): null

08-11-2024T10:04:14 - [TEST_STEP][PASSED] - else: null

08-11-2024T10:04:14 - [TEST_STEP][PASSED] - setValueToCellByIndex(sheet01, n, 3, fileInt): null

08-11-2024T10:04:14 - [TEST_STEP][PASSED] - setValueToCellByIndex(sheet01, n, 4, pageInt): null

08-11-2024T10:04:14 - [TEST_STEP][PASSED] - setValueToCellByIndex(sheet01, n, 5, m): null

08-11-2024T10:04:14 - [TEST_STEP][PASSED] - setValueToCellByIndex(sheet01, n, 6, y): null

08-11-2024T10:04:14 - [TEST_STEP][PASSED] - setValueToCellByIndex(sheet01, n, 7, todaysDate): null

08-11-2024T10:04:14 - [TEST_STEP][PASSED] - n = n + 1: null

08-11-2024T10:04:14 - [TEST_STEP][PASSED] - saveWorkbook(excelFilePath, workbook01): Object: 'Object Repository/Выполнение бизнес-плана/Кнопка Факт' is clicked on

08-11-2024T10:04:14 - [TEST_STEP][PASSED] - if (planFact == 2): null

08-11-2024T10:04:14 - [TEST_STEP][PASSED] - if (planFact == 1): null

08-11-2024T10:04:14 - [TEST_STEP][PASSED] - else if (planFact == 2): null

08-11-2024T10:04:14 - [TEST_STEP][PASSED] - click(findTestObject("Выполнение бизнес-плана/Кнопка План")): Object: 'Object Repository/Выполнение бизнес-плана/Кнопка План' is clicked on

08-11-2024T10:04:14 - [MESSAGE][PASSED] - Object: 'Object Repository/Выполнение бизнес-плана/Кнопка План' is clicked on

08-11-2024T10:04:14 - [TEST_STEP][PASSED] - typeOfDataMain = "План": null

08-11-2024T10:04:14 - [TEST_STEP][PASSED] - otpusk = findTestData("PlanFact").getValue(2, a): null

08-11-2024T10:04:14 - [TEST_STEP][PASSED] - poteri = findTestData("PlanFact").getValue(3, a): null

08-11-2024T10:04:14 - [TEST_STEP][PASSED] - otpusk = otpusk.replaceAll("\s+", ""): null

08-11-2024T10:04:14 - [TEST_STEP][PASSED] - poteri = poteri.replaceAll("\s+", ""): null

08-11-2024T10:04:14 - [TEST_STEP][PASSED] - typeOfData = typeOfDataMain + " Отпуск в сеть": null

08-11-2024T10:04:14 - [TEST_STEP][PASSED] - if (a == 82): null

08-11-2024T10:04:14 - [TEST_STEP][PASSED] - else if (a == 84): null

08-11-2024T10:04:14 - [TEST_STEP][PASSED] - else if (a == 52 || a == 72 || a == 28 || a == 73 || a == 77 || a == 74 || a == 65 || a == 36 || a == 44 || a == 53 || a == 80 || a == 54 || a == 1 || a == 18 || a == 59 || a == 81): null

08-11-2024T10:04:14 - [TEST_STEP][PASSED] - path = dataFolder + "Table Data/" + typeOfData + " за отчётный период " + dzoNum: null

08-11-2024T10:04:14 - [TEST_STEP][PASSED] - println(path): null

08-11-2024T10:04:14 - [TEST_STEP][PASSED] - page = getText(findTestObject(path)): Text of object 'Object Repository/Выполнение бизнес-плана/Значения со страницы Выполнение бизнес-плана/Table Data/План Отпуск в сеть за отчётный период 7' is: '39 451 497'

08-11-2024T10:04:15 - [MESSAGE][PASSED] - Text of object 'Object Repository/Выполнение бизнес-плана/Значения со страницы Выполнение бизнес-плана/Table Data/План Отпуск в сеть за отчётный период 7' is: '39 451 497'

08-11-2024T10:04:15 - [TEST_STEP][PASSED] - page = page.replaceAll("\s+", ""): null

08-11-2024T10:04:15 - [TEST_STEP][PASSED] - fileOtpuskVSet = otpusk.toInteger(): null

08-11-2024T10:04:15 - [TEST_STEP][PASSED] - pageOtpuskVSet = page.toInteger(): null

08-11-2024T10:04:15 - [TEST_STEP][PASSED] - typeOfData = typeOfDataMain + " Потери": null

08-11-2024T10:04:15 - [TEST_STEP][PASSED] - if (a == 82): null

08-11-2024T10:04:15 - [TEST_STEP][PASSED] - else if (a == 84): null

08-11-2024T10:04:15 - [TEST_STEP][PASSED] - else if (a == 52 || a == 72 || a == 28 || a == 73 || a == 77 || a == 74 || a == 65 || a == 36 || a == 44 || a == 53 || a == 80 || a == 54 || a == 1 || a == 18 || a == 59 || a == 81): null

08-11-2024T10:04:15 - [TEST_STEP][PASSED] - path = dataFolder + "Table Data/" + typeOfData + " за отчётный период " + dzoNum: null

08-11-2024T10:04:15 - [TEST_STEP][PASSED] - page = getText(findTestObject(path)): Text of object 'Object Repository/Выполнение бизнес-плана/Значения со страницы Выполнение бизнес-плана/Table Data/План Потери за отчётный период 7' is: '2 713 463'

08-11-2024T10:04:15 - [MESSAGE][PASSED] - Text of object 'Object Repository/Выполнение бизнес-плана/Значения со страницы Выполнение бизнес-плана/Table Data/План Потери за отчётный период 7' is: '2 713 463'

08-11-2024T10:04:15 - [TEST_STEP][PASSED] - page = page.replaceAll("\s+", ""): null

08-11-2024T10:04:15 - [TEST_STEP][PASSED] - filePoteri = poteri.toInteger(): null

08-11-2024T10:04:15 - [TEST_STEP][PASSED] - pagePoteri = page.toInteger(): null

08-11-2024T10:04:15 - [TEST_STEP][PASSED] - compare = pageOtpuskVSet: null

08-11-2024T10:04:15 - [TEST_STEP][PASSED] - if (compare == fileOtpuskVSet): null

08-11-2024T10:04:15 - [TEST_STEP][PASSED] - if (compare == fileOtpuskVSet): null

08-11-2024T10:04:15 - [TEST_STEP][PASSED] - compare = pagePoteri: null

08-11-2024T10:04:15 - [TEST_STEP][PASSED] - if (compare == filePoteri): null

08-11-2024T10:04:15 - [TEST_STEP][PASSED] - if (compare == filePoteri): null

08-11-2024T10:04:15 - [TEST_STEP][PASSED] - if (planFact == 2): Object: 'Object Repository/Выполнение бизнес-плана/Кнопка Факт' is clicked on

08-11-2024T10:04:15 - [TEST_STEP][PASSED] - click(findTestObject("Выполнение бизнес-плана/Кнопка Факт")): Object: 'Object Repository/Выполнение бизнес-плана/Кнопка Факт' is clicked on

08-11-2024T10:04:15 - [MESSAGE][PASSED] - Object: 'Object Repository/Выполнение бизнес-плана/Кнопка Факт' is clicked on

08-11-2024T10:04:15 - [TEST_STEP][PASSED] - if (a == 84 || a == 82): null

08-11-2024T10:04:15 - [TEST_STEP][PASSED] - else if (a == 52 || a == 72 || a == 28 || a == 73 || a == 77 || a == 74 || a == 65 || a == 36 || a == 44 || a == 53 || a == 80 || a == 54 || a == 1 || a == 18 || a == 59 || a == 81): null

08-11-2024T10:04:15 - [TEST_STEP][PASSED] - page1 = getText(findTestObject("Object Repository/Выполнение бизнес-плана/spanPlan" + dzoNum)): Text of object 'Object Repository/Выполнение бизнес-плана/spanPlan7' is: '6.88
|'

08-11-2024T10:04:16 - [MESSAGE][PASSED] - Text of object 'Object Repository/Выполнение бизнес-плана/spanPlan7' is: '6.88
|'

08-11-2024T10:04:16 - [TEST_STEP][PASSED] - page1 = page1.replace("|", ""): null

08-11-2024T10:04:16 - [TEST_STEP][PASSED] - page2 = getText(findTestObject("Object Repository/Выполнение бизнес-плана/spanFact" + dzoNum)): Text of object 'Object Repository/Выполнение бизнес-плана/spanFact7' is: '6.63'

08-11-2024T10:04:16 - [MESSAGE][PASSED] - Text of object 'Object Repository/Выполнение бизнес-плана/spanFact7' is: '6.63'

08-11-2024T10:04:16 - [TEST_STEP][PASSED] - page2 = page2.replace("|", ""): null

08-11-2024T10:04:16 - [TEST_STEP][PASSED] - println("page1: " + page1): null

08-11-2024T10:04:16 - [TEST_STEP][PASSED] - println("page2: " + page2): null

08-11-2024T10:04:16 - [TEST_STEP][PASSED] - file = findTestData("PlanFact").getValue(4, a): null

08-11-2024T10:04:16 - [TEST_STEP][PASSED] - file = file.replace(",", "."): null

08-11-2024T10:04:16 - [TEST_STEP][PASSED] - println("file Plan: " + file): null

08-11-2024T10:04:16 - [TEST_STEP][PASSED] - typeOfData = "План в процентах": null

08-11-2024T10:04:16 - [TEST_STEP][PASSED] - fileDouble = file.toDouble(): null

08-11-2024T10:04:16 - [TEST_STEP][PASSED] - pageDouble = page1.toDouble(): null

08-11-2024T10:04:16 - [TEST_STEP][PASSED] - if (fileDouble != pageDouble): null

08-11-2024T10:04:16 - [TEST_STEP][PASSED] - file = findTestData("PlanFact").getValue(7, a): null

08-11-2024T10:04:16 - [TEST_STEP][PASSED] - file = file.replace(",", "."): null

08-11-2024T10:04:16 - [TEST_STEP][PASSED] - println("file Fact: " + file): null

08-11-2024T10:04:16 - [TEST_STEP][PASSED] - fileDouble = file.toDouble(): null

08-11-2024T10:04:16 - [TEST_STEP][PASSED] - typeOfData = "Факт в процентах": null

08-11-2024T10:04:16 - [TEST_STEP][PASSED] - fileDouble = file.toDouble(): null

08-11-2024T10:04:16 - [TEST_STEP][PASSED] - pageDouble = page2.toDouble(): null

08-11-2024T10:04:16 - [TEST_STEP][PASSED] - if (fileDouble != pageDouble): null

08-11-2024T10:04:16 - [TEST_STEP][PASSED] - numberOfErrors = numberOfErrors + 1: null

08-11-2024T10:04:16 - [TEST_STEP][PASSED] - Script1718980020443.WriteToExcel(a, typeOfData, todaysDate, pageInt, fileInt, pageDouble, fileDouble, dZO): null

08-11-2024T10:04:16 - [TEST_STEP][PASSED] - sheetName = "Sheet1": null

08-11-2024T10:04:16 - [TEST_STEP][PASSED] - data = findTestData("PlanFact"): null

08-11-2024T10:04:16 - [TEST_STEP][PASSED] - n = data.getRowNumbers() + 1: null

08-11-2024T10:04:16 - [TEST_STEP][PASSED] - year = todaysDate.substring(todaysDate.length() - 4, todaysDate.length()): null

08-11-2024T10:04:16 - [TEST_STEP][PASSED] - y = year.toInteger(): null

08-11-2024T10:04:16 - [TEST_STEP][PASSED] - m = getText(findTestObject("Выполнение бизнес-плана/Период")): Text of object 'Object Repository/Выполнение бизнес-плана/Период' is: '1, 2, 3 кв. 2024 года'

08-11-2024T10:04:16 - [MESSAGE][PASSED] - Text of object 'Object Repository/Выполнение бизнес-плана/Период' is: '1, 2, 3 кв. 2024 года'

08-11-2024T10:04:16 - [TEST_STEP][PASSED] - m = m.substring(0, m.indexOf("2024")): null

08-11-2024T10:04:16 - [TEST_STEP][PASSED] - m = m.trim(): null

08-11-2024T10:04:16 - [TEST_STEP][PASSED] - dashboardName = "Выполнение бизнес-плана": null

08-11-2024T10:04:16 - [TEST_STEP][PASSED] - workbook01 = getWorkbook(excelFilePath): null

08-11-2024T10:04:17 - [TEST_STEP][PASSED] - sheet01 = getExcelSheet(workbook01, sheetName): null

08-11-2024T10:04:17 - [TEST_STEP][PASSED] - setValueToCellByIndex(sheet01, n, 0, dashboardName): null

08-11-2024T10:04:17 - [TEST_STEP][PASSED] - setValueToCellByIndex(sheet01, n, 1, dZO): null

08-11-2024T10:04:17 - [TEST_STEP][PASSED] - setValueToCellByIndex(sheet01, n, 2, typeOfData): null

08-11-2024T10:04:17 - [TEST_STEP][PASSED] - if (typeOfData == "Факт в процентах" || typeOfData == "План в процентах"): null

08-11-2024T10:04:17 - [TEST_STEP][PASSED] - setValueToCellByIndex(sheet01, n, 3, fileDouble): null

08-11-2024T10:04:17 - [TEST_STEP][PASSED] - setValueToCellByIndex(sheet01, n, 4, pageDouble): null

08-11-2024T10:04:17 - [TEST_STEP][PASSED] - setValueToCellByIndex(sheet01, n, 5, m): null

08-11-2024T10:04:17 - [TEST_STEP][PASSED] - setValueToCellByIndex(sheet01, n, 6, y): null

08-11-2024T10:04:17 - [TEST_STEP][PASSED] - setValueToCellByIndex(sheet01, n, 7, todaysDate): null

08-11-2024T10:04:17 - [TEST_STEP][PASSED] - n = n + 1: null

08-11-2024T10:04:17 - [TEST_STEP][PASSED] - saveWorkbook(excelFilePath, workbook01): null

08-11-2024T10:04:17 - [TEST_STEP][FAILED] - if (verifyEqual(numberOfErrors, 0) == false): null

08-11-2024T10:04:17 - [MESSAGE][FAILED] - Unable to verify equal between actual object '3' and expected object '0' (Root cause: com.kms.katalon.core.exception.StepFailedException: Actual object '3' and expected object '0' are not equal
	at com.kms.katalon.core.keyword.builtin.VerifyEqualKeyword$_verifyEqual_closure1.doCall(VerifyEqualKeyword.groovy:58)
	at com.kms.katalon.core.keyword.builtin.VerifyEqualKeyword$_verifyEqual_closure1.call(VerifyEqualKeyword.groovy)
	at com.kms.katalon.core.keyword.internal.KeywordMain.runKeyword(KeywordMain.groovy:75)
	at com.kms.katalon.core.keyword.builtin.VerifyEqualKeyword.verifyEqual(VerifyEqualKeyword.groovy:63)
	at com.kms.katalon.core.keyword.builtin.VerifyEqualKeyword.execute(VerifyEqualKeyword.groovy:44)
	at com.kms.katalon.core.keyword.internal.KeywordExecutor.executeKeywordForPlatform(KeywordExecutor.groovy:74)
	at com.kms.katalon.core.keyword.BuiltinKeywords.verifyEqual(BuiltinKeywords.groovy:146)
	at jdk.internal.reflect.GeneratedMethodAccessor25.invoke(Unknown Source)
	at java.base/jdk.internal.reflect.DelegatingMethodAccessorImpl.invoke(DelegatingMethodAccessorImpl.java:43)
	at Выполнение бизнес-плана Сверка ПАО Россети все филиалы.Numbers(Выполнение бизнес-плана Сверка ПАО Россети все филиалы:740)
	at Выполнение бизнес-плана Сверка ПАО Россети все филиалы.run(Выполнение бизнес-плана Сверка ПАО Россети все филиалы:402)
	at com.kms.katalon.core.main.ScriptEngine.run(ScriptEngine.java:194)
	at com.kms.katalon.core.main.ScriptEngine.runScriptAsRawText(ScriptEngine.java:119)
	at com.kms.katalon.core.main.TestCaseExecutor.runScript(TestCaseExecutor.java:448)
	at com.kms.katalon.core.main.TestCaseExecutor.doExecute(TestCaseExecutor.java:439)
	at com.kms.katalon.core.main.TestCaseExecutor.processExecutionPhase(TestCaseExecutor.java:418)
	at com.kms.katalon.core.main.TestCaseExecutor.accessMainPhase(TestCaseExecutor.java:410)
	at com.kms.katalon.core.main.TestCaseExecutor.execute(TestCaseExecutor.java:285)
	at com.kms.katalon.core.common.CommonExecutor.accessTestCaseMainPhase(CommonExecutor.java:65)
	at com.kms.katalon.core.main.TestSuiteExecutor.accessTestSuiteMainPhase(TestSuiteExecutor.java:150)
	at com.kms.katalon.core.main.TestSuiteExecutor.execute(TestSuiteExecutor.java:106)
	at com.kms.katalon.core.main.TestCaseMain.startTestSuite(TestCaseMain.java:180)
	at TempTestSuite1731039737176.run(TempTestSuite1731039737176.groovy:35)
	at java.base/jdk.internal.reflect.NativeMethodAccessorImpl.invoke0(Native Method)
	at java.base/jdk.internal.reflect.NativeMethodAccessorImpl.invoke(NativeMethodAccessorImpl.java:77)
	at java.base/jdk.internal.reflect.DelegatingMethodAccessorImpl.invoke(DelegatingMethodAccessorImpl.java:43)
)

08-11-2024T10:04:17 - [TEST_STEP][PASSED] - println(numberOfErrors): null

08-11-2024T10:04:17 - [TEST_STEP][PASSED] - if (a == 28 || a == 77 || a == 74 || a == 65 || a == 36 || a == 44 || a == 54 || a == 1 || a == 18 || a == 59): null

08-11-2024T10:04:17 - [TEST_STEP][PASSED] - Script1718980020443.Filials(a, typeOfData, todaysDate, pageInt, fileInt, pageDouble, fileDouble, dZO, dzoNum, filialNum): null

08-11-2024T10:04:17 - [TEST_STEP][PASSED] - i = <not implemented yet for class: org.codehaus.groovy.ast.expr.EmptyExpression>: null

08-11-2024T10:04:17 - [TEST_STEP][PASSED] - c = <not implemented yet for class: org.codehaus.groovy.ast.expr.EmptyExpression>: null

08-11-2024T10:04:17 - [TEST_STEP][PASSED] - page = <not implemented yet for class: org.codehaus.groovy.ast.expr.EmptyExpression>: null

08-11-2024T10:04:17 - [TEST_STEP][PASSED] - println(dZO): null

08-11-2024T10:04:17 - [TEST_STEP][PASSED] - reducedDZO = <not implemented yet for class: org.codehaus.groovy.ast.expr.EmptyExpression>: null

08-11-2024T10:04:17 - [TEST_STEP][PASSED] - reducedDZO = dZO.substring(dZO.indexOf(" ") + 1, dZO.length()): null

08-11-2024T10:04:17 - [TEST_STEP][PASSED] - if (reducedDZO.contains(" ")): null

08-11-2024T10:04:17 - [TEST_STEP][PASSED] - reducedDZO = reducedDZO.substring(reducedDZO.indexOf(" ") + 1, reducedDZO.length()): null

08-11-2024T10:04:17 - [TEST_STEP][PASSED] - if (reducedDZO.contains(" ")): null

08-11-2024T10:04:17 - [TEST_STEP][PASSED] - reducedDZO = reducedDZO.substring(reducedDZO.indexOf(" ") + 1, reducedDZO.length()): null

08-11-2024T10:04:17 - [TEST_STEP][PASSED] - println(reducedDZO): null

08-11-2024T10:04:17 - [TEST_STEP][PASSED] - dzoCut = <not implemented yet for class: org.codehaus.groovy.ast.expr.EmptyExpression>: null

08-11-2024T10:04:17 - [TEST_STEP][PASSED] - Script1718980020443.DZO(a): null

08-11-2024T10:04:17 - [TEST_STEP][PASSED] - Script1718980020443.OpenFilter(): null

08-11-2024T10:04:17 - [TEST_STEP][PASSED] - click(findTestObject("Object Repository/Выполнение бизнес-плана/Фильтр ДЗО")): Object: 'Object Repository/Выполнение бизнес-плана/Фильтр ДЗО' is clicked on

08-11-2024T10:04:17 - [MESSAGE][PASSED] - Object: 'Object Repository/Выполнение бизнес-плана/Фильтр ДЗО' is clicked on

08-11-2024T10:04:17 - [TEST_STEP][PASSED] - click(findTestObject("Выполнение бизнес-плана/Снять выделение в фильтре ДЗО")): Object: 'Object Repository/Выполнение бизнес-плана/Снять выделение в фильтре ДЗО' is clicked on

08-11-2024T10:04:18 - [MESSAGE][PASSED] - Object: 'Object Repository/Выполнение бизнес-плана/Снять выделение в фильтре ДЗО' is clicked on

08-11-2024T10:04:18 - [TEST_STEP][PASSED] - Script1718980020443.OpenRSK(): null

08-11-2024T10:04:18 - [TEST_STEP][PASSED] - click(findTestObject("Выполнение бизнес-плана/Раскрыть список ПАО Россети в фильтре ДЗО")): Object: 'Object Repository/Выполнение бизнес-плана/Раскрыть список ПАО Россети в фильтре ДЗО' is clicked on

08-11-2024T10:04:18 - [MESSAGE][PASSED] - Object: 'Object Repository/Выполнение бизнес-плана/Раскрыть список ПАО Россети в фильтре ДЗО' is clicked on

08-11-2024T10:04:18 - [TEST_STEP][PASSED] - click(findTestObject("Выполнение бизнес-плана/Раскрыть список РаспредКомплекс в фильтре ДЗО")): Object: 'Object Repository/Выполнение бизнес-плана/Раскрыть список РаспредКомплекс в фильтре ДЗО' is clicked on

08-11-2024T10:04:18 - [MESSAGE][PASSED] - Object: 'Object Repository/Выполнение бизнес-плана/Раскрыть список РаспредКомплекс в фильтре ДЗО' is clicked on

08-11-2024T10:04:18 - [TEST_STEP][PASSED] - if (a == 28): null

08-11-2024T10:04:18 - [TEST_STEP][PASSED] - if (a == 77): null

08-11-2024T10:04:18 - [TEST_STEP][PASSED] - if (a == 74): null

08-11-2024T10:04:18 - [TEST_STEP][PASSED] - if (a == 65): null

08-11-2024T10:04:18 - [TEST_STEP][PASSED] - if (a == 36): null

08-11-2024T10:04:18 - [TEST_STEP][PASSED] - if (a == 44): null

08-11-2024T10:04:18 - [TEST_STEP][PASSED] - if (a == 54): null

08-11-2024T10:04:18 - [TEST_STEP][PASSED] - if (a == 1): null

08-11-2024T10:04:18 - [TEST_STEP][PASSED] - if (a == 18): Object: 'Object Repository/Выполнение бизнес-плана/Россети Центр и Приволжье' is clicked on

08-11-2024T10:04:18 - [TEST_STEP][PASSED] - scrollToElement(findTestObject("Выполнение бизнес-плана/Россети Центр и Приволжье"), 30): Scroll to object 'Object Repository/Выполнение бизнес-плана/Россети Центр и Приволжье' successfully

08-11-2024T10:04:19 - [MESSAGE][PASSED] - Scroll to object 'Object Repository/Выполнение бизнес-плана/Россети Центр и Приволжье' successfully

08-11-2024T10:04:19 - [TEST_STEP][PASSED] - click(findTestObject("Выполнение бизнес-плана/Россети Центр и Приволжье")): Object: 'Object Repository/Выполнение бизнес-плана/Россети Центр и Приволжье' is clicked on

08-11-2024T10:04:19 - [MESSAGE][PASSED] - Object: 'Object Repository/Выполнение бизнес-плана/Россети Центр и Приволжье' is clicked on

08-11-2024T10:04:19 - [TEST_STEP][PASSED] - if (a == 59): null

08-11-2024T10:04:19 - [TEST_STEP][PASSED] - Script1718980020443.CloseFilter(): null

08-11-2024T10:04:19 - [TEST_STEP][PASSED] - scrollToElement(findTestObject("Выполнение бизнес-плана/Заголовок дашборда"), 30): Scroll to object 'Object Repository/Выполнение бизнес-плана/Заголовок дашборда' successfully

08-11-2024T10:04:19 - [MESSAGE][PASSED] - Scroll to object 'Object Repository/Выполнение бизнес-плана/Заголовок дашборда' successfully

08-11-2024T10:04:19 - [TEST_STEP][PASSED] - click(findTestObject("Object Repository/Выполнение бизнес-плана/Применить в фильтре ДЗО")): Object: 'Object Repository/Выполнение бизнес-плана/Применить в фильтре ДЗО' is clicked on

08-11-2024T10:04:20 - [MESSAGE][PASSED] - Object: 'Object Repository/Выполнение бизнес-плана/Применить в фильтре ДЗО' is clicked on

08-11-2024T10:04:20 - [TEST_STEP][PASSED] - Script1718980020443.ZakrytOpoveshenie(): null

08-11-2024T10:04:20 - [TEST_STEP][PASSED] - delay(10): Delayed 10 second(s)

08-11-2024T10:04:30 - [MESSAGE][PASSED] - Delayed 10 second(s)

08-11-2024T10:04:30 - [TEST_STEP][PASSED] - opoveshenie = getText(findTestObject("Выполнение бизнес-плана/Просьба обратить внимание")): Text of object 'Object Repository/Выполнение бизнес-плана/Просьба обратить внимание' is: ''

08-11-2024T10:04:41 - [MESSAGE][PASSED] - Text of object 'Object Repository/Выполнение бизнес-плана/Просьба обратить внимание' is: ''

08-11-2024T10:04:41 - [TEST_STEP][PASSED] - println(opoveshenie): null

08-11-2024T10:04:41 - [TEST_STEP][PASSED] - if (opoveshenie == "Просьба обратить внимание"): null

08-11-2024T10:04:41 - [TEST_STEP][PASSED] - page = getText(findTestObject("Object Repository/Выполнение бизнес-плана/Filials")): Text of object 'Object Repository/Выполнение бизнес-плана/Filials' is: 'Россети Центр и Приволжье (ГК)
0
10
20
30
40
50
60
70'

08-11-2024T10:04:41 - [MESSAGE][PASSED] - Text of object 'Object Repository/Выполнение бизнес-плана/Filials' is: 'Россети Центр и Приволжье (ГК)
0
10
20
30
40
50
60
70'

08-11-2024T10:04:41 - [TEST_STEP][PASSED] - println(page): null

08-11-2024T10:04:41 - [TEST_STEP][PASSED] - c = page.indexOf(reducedDZO): null

08-11-2024T10:04:41 - [TEST_STEP][PASSED] - if (c > -1): null

08-11-2024T10:04:41 - [TEST_STEP][PASSED] - click(findTestObject("Выполнение бизнес-плана/список")): Object: 'Object Repository/Выполнение бизнес-плана/список' is clicked on

08-11-2024T10:04:42 - [MESSAGE][PASSED] - Object: 'Object Repository/Выполнение бизнес-плана/список' is clicked on

08-11-2024T10:04:42 - [TEST_STEP][PASSED] - delay(10): Delayed 10 second(s)

08-11-2024T10:04:52 - [MESSAGE][PASSED] - Delayed 10 second(s)

08-11-2024T10:04:52 - [TEST_STEP][PASSED] - click(findTestObject("Выполнение бизнес-плана/Раскрытие списка")): Object: 'Object Repository/Выполнение бизнес-плана/Раскрытие списка' is clicked on

08-11-2024T10:04:52 - [MESSAGE][PASSED] - Object: 'Object Repository/Выполнение бизнес-плана/Раскрытие списка' is clicked on

08-11-2024T10:04:52 - [TEST_STEP][PASSED] - delay(10): Delayed 10 second(s)

08-11-2024T10:05:02 - [MESSAGE][PASSED] - Delayed 10 second(s)

08-11-2024T10:05:02 - [TEST_STEP][PASSED] - page = getText(findTestObject("Object Repository/Выполнение бизнес-плана/Filials")): Text of object 'Object Repository/Выполнение бизнес-плана/Filials' is: 'Владимирэнерго
Ивэнерго
Калугаэнерго
Кировэнерго
Мариэнерго
Нижновэнерго
Рязаньэнерго
Тулэнерго
Удмуртэнерго
0
10
20
30
40
50
60
70'

08-11-2024T10:05:03 - [MESSAGE][PASSED] - Text of object 'Object Repository/Выполнение бизнес-плана/Filials' is: 'Владимирэнерго
Ивэнерго
Калугаэнерго
Кировэнерго
Мариэнерго
Нижновэнерго
Рязаньэнерго
Тулэнерго
Удмуртэнерго
0
10
20
30
40
50
60
70'

08-11-2024T10:05:03 - [TEST_STEP][PASSED] - println(page): null

08-11-2024T10:05:03 - [TEST_STEP][PASSED] - c = page.indexOf(reducedDZO): null

08-11-2024T10:05:03 - [TEST_STEP][PASSED] - x2 = getText(findTestObject("Выполнение бизнес-плана/Список ДЗО старый")): Text of object 'Object Repository/Выполнение бизнес-плана/Список ДЗО старый' is: 'Владимирэнерго
Ивэнерго
Калугаэнерго
Кировэнерго
Мариэнерго
Нижновэнерго
Рязаньэнерго
Тулэнерго
Удмуртэнерго
0
10
20
30
40
50
60
70'

08-11-2024T10:05:03 - [MESSAGE][PASSED] - Text of object 'Object Repository/Выполнение бизнес-плана/Список ДЗО старый' is: 'Владимирэнерго
Ивэнерго
Калугаэнерго
Кировэнерго
Мариэнерго
Нижновэнерго
Рязаньэнерго
Тулэнерго
Удмуртэнерго
0
10
20
30
40
50
60
70'

08-11-2024T10:05:03 - [TEST_STEP][PASSED] - if (a == 28): null

08-11-2024T10:05:03 - [TEST_STEP][PASSED] - if (a == 77): null

08-11-2024T10:05:03 - [TEST_STEP][PASSED] - if (a == 74): null

08-11-2024T10:05:03 - [TEST_STEP][PASSED] - if (a == 65): null

08-11-2024T10:05:03 - [TEST_STEP][PASSED] - if (a == 1): null

08-11-2024T10:05:03 - [TEST_STEP][PASSED] - if (a == 18): null

08-11-2024T10:05:03 - [TEST_STEP][PASSED] - dZO = "Владимирэнерго": null

08-11-2024T10:05:03 - [TEST_STEP][PASSED] - a = 19: null

08-11-2024T10:05:03 - [TEST_STEP][PASSED] - if (x2.contains(dZO)): null

08-11-2024T10:05:03 - [TEST_STEP][PASSED] - filialNum = filialNum + 1: null

08-11-2024T10:05:03 - [TEST_STEP][PASSED] - Script1718980020443.Numbers(a, typeOfData, todaysDate, pageInt, fileInt, pageDouble, fileDouble, dZO, dzoNum, filialNum): null

08-11-2024T10:05:03 - [TEST_STEP][PASSED] - println(dzoNum): null

08-11-2024T10:05:03 - [TEST_STEP][PASSED] - planFact = <not implemented yet for class: org.codehaus.groovy.ast.expr.EmptyExpression>: null

08-11-2024T10:05:03 - [TEST_STEP][PASSED] - page = <not implemented yet for class: org.codehaus.groovy.ast.expr.EmptyExpression>: null

08-11-2024T10:05:03 - [TEST_STEP][PASSED] - page1 = <not implemented yet for class: org.codehaus.groovy.ast.expr.EmptyExpression>: null

08-11-2024T10:05:03 - [TEST_STEP][PASSED] - page2 = <not implemented yet for class: org.codehaus.groovy.ast.expr.EmptyExpression>: null

08-11-2024T10:05:03 - [TEST_STEP][PASSED] - filialNumberInRow = <not implemented yet for class: org.codehaus.groovy.ast.expr.EmptyExpression>: null

08-11-2024T10:05:03 - [TEST_STEP][PASSED] - filialsDzoNames = <not implemented yet for class: org.codehaus.groovy.ast.expr.EmptyExpression>: null

08-11-2024T10:05:03 - [TEST_STEP][PASSED] - numberOfFilials = <not implemented yet for class: org.codehaus.groovy.ast.expr.EmptyExpression>: null

08-11-2024T10:05:03 - [TEST_STEP][PASSED] - numberOfSpaces = <not implemented yet for class: org.codehaus.groovy.ast.expr.EmptyExpression>: null

08-11-2024T10:05:03 - [TEST_STEP][PASSED] - file = <not implemented yet for class: org.codehaus.groovy.ast.expr.EmptyExpression>: null

08-11-2024T10:05:03 - [TEST_STEP][PASSED] - otpusk = <not implemented yet for class: org.codehaus.groovy.ast.expr.EmptyExpression>: null

08-11-2024T10:05:03 - [TEST_STEP][PASSED] - poteri = <not implemented yet for class: org.codehaus.groovy.ast.expr.EmptyExpression>: null

08-11-2024T10:05:03 - [TEST_STEP][PASSED] - dataFolder = "Выполнение бизнес-плана/Значения со страницы Выполнение бизнес-плана/": null

08-11-2024T10:05:03 - [TEST_STEP][PASSED] - path = <not implemented yet for class: org.codehaus.groovy.ast.expr.EmptyExpression>: null

08-11-2024T10:05:03 - [TEST_STEP][PASSED] - typeOfDataMain = <not implemented yet for class: org.codehaus.groovy.ast.expr.EmptyExpression>: null

08-11-2024T10:05:03 - [TEST_STEP][PASSED] - fileOtpuskVSet = <not implemented yet for class: org.codehaus.groovy.ast.expr.EmptyExpression>: null

08-11-2024T10:05:03 - [TEST_STEP][PASSED] - pageOtpuskVSet = <not implemented yet for class: org.codehaus.groovy.ast.expr.EmptyExpression>: null

08-11-2024T10:05:03 - [TEST_STEP][PASSED] - filePoteri = <not implemented yet for class: org.codehaus.groovy.ast.expr.EmptyExpression>: null

08-11-2024T10:05:03 - [TEST_STEP][PASSED] - pagePoteri = <not implemented yet for class: org.codehaus.groovy.ast.expr.EmptyExpression>: null

08-11-2024T10:05:03 - [TEST_STEP][PASSED] - compare = <not implemented yet for class: org.codehaus.groovy.ast.expr.EmptyExpression>: null

08-11-2024T10:05:03 - [TEST_STEP][PASSED] - b = <not implemented yet for class: org.codehaus.groovy.ast.expr.EmptyExpression>: null

08-11-2024T10:05:03 - [TEST_STEP][PASSED] - i = <not implemented yet for class: org.codehaus.groovy.ast.expr.EmptyExpression>: null

08-11-2024T10:05:03 - [TEST_STEP][PASSED] - ii = <not implemented yet for class: org.codehaus.groovy.ast.expr.EmptyExpression>: null

08-11-2024T10:05:03 - [TEST_STEP][PASSED] - c = <not implemented yet for class: org.codehaus.groovy.ast.expr.EmptyExpression>: null

08-11-2024T10:05:03 - [TEST_STEP][PASSED] - numberOfErrors = 0: null

08-11-2024T10:05:03 - [TEST_STEP][PASSED] - if (a == 82): null

08-11-2024T10:05:03 - [TEST_STEP][PASSED] - b = findTestData("PlanFact").getValue(1, a): null

08-11-2024T10:05:03 - [TEST_STEP][PASSED] - i = b.indexOf(" (ГК)"): null

08-11-2024T10:05:03 - [TEST_STEP][PASSED] - if (i > -1): null

08-11-2024T10:05:03 - [TEST_STEP][PASSED] - i = b.indexOf("О ""): null

08-11-2024T10:05:03 - [TEST_STEP][PASSED] - if (i > -1): null

08-11-2024T10:05:03 - [TEST_STEP][PASSED] - i = b.indexOf("О «"): null

08-11-2024T10:05:03 - [TEST_STEP][PASSED] - if (i > -1): null

08-11-2024T10:05:03 - [TEST_STEP][PASSED] - i = b.indexOf("г. "): null

08-11-2024T10:05:03 - [TEST_STEP][PASSED] - if (i > -1): null

08-11-2024T10:05:03 - [TEST_STEP][PASSED] - println(b): null

08-11-2024T10:05:03 - [TEST_STEP][PASSED] - for ([planFact = 1, planFact < 3, (planFact++)]): Object: 'Object Repository/Выполнение бизнес-плана/Кнопка Факт' is clicked on

08-11-2024T10:05:03 - [TEST_STEP][PASSED] - if (planFact == 1): null

08-11-2024T10:05:03 - [TEST_STEP][PASSED] - typeOfDataMain = "Факт": null

08-11-2024T10:05:03 - [TEST_STEP][PASSED] - otpusk = findTestData("PlanFact").getValue(5, a): null

08-11-2024T10:05:03 - [TEST_STEP][PASSED] - poteri = findTestData("PlanFact").getValue(6, a): null

08-11-2024T10:05:03 - [TEST_STEP][PASSED] - otpusk = otpusk.replaceAll("\s+", ""): null

08-11-2024T10:05:03 - [TEST_STEP][PASSED] - poteri = poteri.replaceAll("\s+", ""): null

08-11-2024T10:05:03 - [TEST_STEP][PASSED] - typeOfData = typeOfDataMain + " Отпуск в сеть": null

08-11-2024T10:05:03 - [TEST_STEP][PASSED] - if (a == 82): null

08-11-2024T10:05:03 - [TEST_STEP][PASSED] - else if (a == 84): null

08-11-2024T10:05:03 - [TEST_STEP][PASSED] - else if (a == 52 || a == 72 || a == 28 || a == 73 || a == 77 || a == 74 || a == 65 || a == 36 || a == 44 || a == 53 || a == 80 || a == 54 || a == 1 || a == 18 || a == 59 || a == 81): null

08-11-2024T10:05:03 - [TEST_STEP][PASSED] - else: null

08-11-2024T10:05:03 - [TEST_STEP][PASSED] - path = dataFolder + typeOfData + " за отчётный период " + b: null

08-11-2024T10:05:03 - [TEST_STEP][PASSED] - println(path): null

08-11-2024T10:05:03 - [TEST_STEP][PASSED] - page = getText(findTestObject(path)): Text of object 'Object Repository/Выполнение бизнес-плана/Значения со страницы Выполнение бизнес-плана/Факт Отпуск в сеть за отчётный период Владимирэнерго' is: '4 581 524'

08-11-2024T10:05:03 - [MESSAGE][PASSED] - Text of object 'Object Repository/Выполнение бизнес-плана/Значения со страницы Выполнение бизнес-плана/Факт Отпуск в сеть за отчётный период Владимирэнерго' is: '4 581 524'

08-11-2024T10:05:03 - [TEST_STEP][PASSED] - page = page.replaceAll("\s+", ""): null

08-11-2024T10:05:03 - [TEST_STEP][PASSED] - fileOtpuskVSet = otpusk.toInteger(): null

08-11-2024T10:05:03 - [TEST_STEP][PASSED] - pageOtpuskVSet = page.toInteger(): null

08-11-2024T10:05:03 - [TEST_STEP][PASSED] - typeOfData = typeOfDataMain + " Потери": null

08-11-2024T10:05:03 - [TEST_STEP][PASSED] - if (a == 82): null

08-11-2024T10:05:03 - [TEST_STEP][PASSED] - else if (a == 84): null

08-11-2024T10:05:03 - [TEST_STEP][PASSED] - else if (a == 52 || a == 72 || a == 28 || a == 73 || a == 77 || a == 74 || a == 65 || a == 36 || a == 44 || a == 53 || a == 80 || a == 54 || a == 1 || a == 18 || a == 59 || a == 81): null

08-11-2024T10:05:03 - [TEST_STEP][PASSED] - else: null

08-11-2024T10:05:03 - [TEST_STEP][PASSED] - path = dataFolder + typeOfData + " за отчётный период " + b: null

08-11-2024T10:05:03 - [TEST_STEP][PASSED] - page = getText(findTestObject(path)): Text of object 'Object Repository/Выполнение бизнес-плана/Значения со страницы Выполнение бизнес-плана/Факт Потери за отчётный период Владимирэнерго' is: '255 337'

08-11-2024T10:05:04 - [MESSAGE][PASSED] - Text of object 'Object Repository/Выполнение бизнес-плана/Значения со страницы Выполнение бизнес-плана/Факт Потери за отчётный период Владимирэнерго' is: '255 337'

08-11-2024T10:05:04 - [TEST_STEP][PASSED] - page = page.replaceAll("\s+", ""): null

08-11-2024T10:05:04 - [TEST_STEP][PASSED] - filePoteri = poteri.toInteger(): null

08-11-2024T10:05:04 - [TEST_STEP][PASSED] - pagePoteri = page.toInteger(): null

08-11-2024T10:05:04 - [TEST_STEP][PASSED] - compare = pageOtpuskVSet: null

08-11-2024T10:05:04 - [TEST_STEP][PASSED] - if (compare == fileOtpuskVSet): null

08-11-2024T10:05:04 - [TEST_STEP][PASSED] - if (compare == fileOtpuskVSet): null

08-11-2024T10:05:04 - [TEST_STEP][PASSED] - compare = pagePoteri: null

08-11-2024T10:05:04 - [TEST_STEP][PASSED] - if (compare == filePoteri): null

08-11-2024T10:05:04 - [TEST_STEP][PASSED] - if (compare == filePoteri): null

08-11-2024T10:05:04 - [TEST_STEP][PASSED] - if (planFact == 2): null

08-11-2024T10:05:04 - [TEST_STEP][PASSED] - if (planFact == 1): null

08-11-2024T10:05:04 - [TEST_STEP][PASSED] - else if (planFact == 2): null

08-11-2024T10:05:04 - [TEST_STEP][PASSED] - click(findTestObject("Выполнение бизнес-плана/Кнопка План")): Object: 'Object Repository/Выполнение бизнес-плана/Кнопка План' is clicked on

08-11-2024T10:05:04 - [MESSAGE][PASSED] - Object: 'Object Repository/Выполнение бизнес-плана/Кнопка План' is clicked on

08-11-2024T10:05:04 - [TEST_STEP][PASSED] - typeOfDataMain = "План": null

08-11-2024T10:05:04 - [TEST_STEP][PASSED] - otpusk = findTestData("PlanFact").getValue(2, a): null

08-11-2024T10:05:04 - [TEST_STEP][PASSED] - poteri = findTestData("PlanFact").getValue(3, a): null

08-11-2024T10:05:04 - [TEST_STEP][PASSED] - otpusk = otpusk.replaceAll("\s+", ""): null

08-11-2024T10:05:04 - [TEST_STEP][PASSED] - poteri = poteri.replaceAll("\s+", ""): null

08-11-2024T10:05:04 - [TEST_STEP][PASSED] - typeOfData = typeOfDataMain + " Отпуск в сеть": null

08-11-2024T10:05:04 - [TEST_STEP][PASSED] - if (a == 82): null

08-11-2024T10:05:04 - [TEST_STEP][PASSED] - else if (a == 84): null

08-11-2024T10:05:04 - [TEST_STEP][PASSED] - else if (a == 52 || a == 72 || a == 28 || a == 73 || a == 77 || a == 74 || a == 65 || a == 36 || a == 44 || a == 53 || a == 80 || a == 54 || a == 1 || a == 18 || a == 59 || a == 81): null

08-11-2024T10:05:04 - [TEST_STEP][PASSED] - else: null

08-11-2024T10:05:04 - [TEST_STEP][PASSED] - path = dataFolder + typeOfData + " за отчётный период " + b: null

08-11-2024T10:05:04 - [TEST_STEP][PASSED] - println(path): null

08-11-2024T10:05:04 - [TEST_STEP][PASSED] - page = getText(findTestObject(path)): Text of object 'Object Repository/Выполнение бизнес-плана/Значения со страницы Выполнение бизнес-плана/План Отпуск в сеть за отчётный период Владимирэнерго' is: '4 404 966'

08-11-2024T10:05:05 - [MESSAGE][PASSED] - Text of object 'Object Repository/Выполнение бизнес-плана/Значения со страницы Выполнение бизнес-плана/План Отпуск в сеть за отчётный период Владимирэнерго' is: '4 404 966'

08-11-2024T10:05:05 - [TEST_STEP][PASSED] - page = page.replaceAll("\s+", ""): null

08-11-2024T10:05:05 - [TEST_STEP][PASSED] - fileOtpuskVSet = otpusk.toInteger(): null

08-11-2024T10:05:05 - [TEST_STEP][PASSED] - pageOtpuskVSet = page.toInteger(): null

08-11-2024T10:05:05 - [TEST_STEP][PASSED] - typeOfData = typeOfDataMain + " Потери": null

08-11-2024T10:05:05 - [TEST_STEP][PASSED] - if (a == 82): null

08-11-2024T10:05:05 - [TEST_STEP][PASSED] - else if (a == 84): null

08-11-2024T10:05:05 - [TEST_STEP][PASSED] - else if (a == 52 || a == 72 || a == 28 || a == 73 || a == 77 || a == 74 || a == 65 || a == 36 || a == 44 || a == 53 || a == 80 || a == 54 || a == 1 || a == 18 || a == 59 || a == 81): null

08-11-2024T10:05:05 - [TEST_STEP][PASSED] - else: null

08-11-2024T10:05:05 - [TEST_STEP][PASSED] - path = dataFolder + typeOfData + " за отчётный период " + b: null

08-11-2024T10:05:05 - [TEST_STEP][PASSED] - page = getText(findTestObject(path)): Text of object 'Object Repository/Выполнение бизнес-плана/Значения со страницы Выполнение бизнес-плана/План Потери за отчётный период Владимирэнерго' is: '276 917'

08-11-2024T10:05:05 - [MESSAGE][PASSED] - Text of object 'Object Repository/Выполнение бизнес-плана/Значения со страницы Выполнение бизнес-плана/План Потери за отчётный период Владимирэнерго' is: '276 917'

08-11-2024T10:05:05 - [TEST_STEP][PASSED] - page = page.replaceAll("\s+", ""): null

08-11-2024T10:05:05 - [TEST_STEP][PASSED] - filePoteri = poteri.toInteger(): null

08-11-2024T10:05:05 - [TEST_STEP][PASSED] - pagePoteri = page.toInteger(): null

08-11-2024T10:05:05 - [TEST_STEP][PASSED] - compare = pageOtpuskVSet: null

08-11-2024T10:05:05 - [TEST_STEP][PASSED] - if (compare == fileOtpuskVSet): null

08-11-2024T10:05:05 - [TEST_STEP][PASSED] - if (compare == fileOtpuskVSet): null

08-11-2024T10:05:05 - [TEST_STEP][PASSED] - compare = pagePoteri: null

08-11-2024T10:05:05 - [TEST_STEP][PASSED] - if (compare == filePoteri): null

08-11-2024T10:05:05 - [TEST_STEP][PASSED] - if (compare == filePoteri): null

08-11-2024T10:05:05 - [TEST_STEP][PASSED] - if (planFact == 2): Object: 'Object Repository/Выполнение бизнес-плана/Кнопка Факт' is clicked on

08-11-2024T10:05:05 - [TEST_STEP][PASSED] - click(findTestObject("Выполнение бизнес-плана/Кнопка Факт")): Object: 'Object Repository/Выполнение бизнес-плана/Кнопка Факт' is clicked on

08-11-2024T10:05:05 - [MESSAGE][PASSED] - Object: 'Object Repository/Выполнение бизнес-плана/Кнопка Факт' is clicked on

08-11-2024T10:05:05 - [TEST_STEP][PASSED] - if (a == 84 || a == 82): null

08-11-2024T10:05:05 - [TEST_STEP][PASSED] - else if (a == 52 || a == 72 || a == 28 || a == 73 || a == 77 || a == 74 || a == 65 || a == 36 || a == 44 || a == 53 || a == 80 || a == 54 || a == 1 || a == 18 || a == 59 || a == 81): null

08-11-2024T10:05:05 - [TEST_STEP][PASSED] - else: null

08-11-2024T10:05:05 - [TEST_STEP][PASSED] - page1 = getText(findTestObject("Object Repository/Выполнение бизнес-плана/spanPlan" + filialNum)): Text of object 'Object Repository/Выполнение бизнес-плана/spanPlan1' is: '6.29
|'

08-11-2024T10:05:05 - [MESSAGE][PASSED] - Text of object 'Object Repository/Выполнение бизнес-плана/spanPlan1' is: '6.29
|'

08-11-2024T10:05:05 - [TEST_STEP][PASSED] - page1 = page1.replace("|", ""): null

08-11-2024T10:05:05 - [TEST_STEP][PASSED] - page2 = getText(findTestObject("Object Repository/Выполнение бизнес-плана/spanFact" + filialNum)): Text of object 'Object Repository/Выполнение бизнес-плана/spanFact1' is: '5.57
|'

08-11-2024T10:05:06 - [MESSAGE][PASSED] - Text of object 'Object Repository/Выполнение бизнес-плана/spanFact1' is: '5.57
|'

08-11-2024T10:05:06 - [TEST_STEP][PASSED] - page2 = page2.replace("|", ""): null

08-11-2024T10:05:06 - [TEST_STEP][PASSED] - println("page1: " + page1): null

08-11-2024T10:05:06 - [TEST_STEP][PASSED] - println("page2: " + page2): null

08-11-2024T10:05:06 - [TEST_STEP][PASSED] - file = findTestData("PlanFact").getValue(4, a): null

08-11-2024T10:05:06 - [TEST_STEP][PASSED] - file = file.replace(",", "."): null

08-11-2024T10:05:06 - [TEST_STEP][PASSED] - println("file Plan: " + file): null

08-11-2024T10:05:06 - [TEST_STEP][PASSED] - typeOfData = "План в процентах": null

08-11-2024T10:05:06 - [TEST_STEP][PASSED] - fileDouble = file.toDouble(): null

08-11-2024T10:05:06 - [TEST_STEP][PASSED] - pageDouble = page1.toDouble(): null

08-11-2024T10:05:06 - [TEST_STEP][PASSED] - if (fileDouble != pageDouble): null

08-11-2024T10:05:06 - [TEST_STEP][PASSED] - file = findTestData("PlanFact").getValue(7, a): null

08-11-2024T10:05:06 - [TEST_STEP][PASSED] - file = file.replace(",", "."): null

08-11-2024T10:05:06 - [TEST_STEP][PASSED] - println("file Fact: " + file): null

08-11-2024T10:05:06 - [TEST_STEP][PASSED] - fileDouble = file.toDouble(): null

08-11-2024T10:05:06 - [TEST_STEP][PASSED] - typeOfData = "Факт в процентах": null

08-11-2024T10:05:06 - [TEST_STEP][PASSED] - fileDouble = file.toDouble(): null

08-11-2024T10:05:06 - [TEST_STEP][PASSED] - pageDouble = page2.toDouble(): null

08-11-2024T10:05:06 - [TEST_STEP][PASSED] - if (fileDouble != pageDouble): null

08-11-2024T10:05:06 - [TEST_STEP][PASSED] - if (verifyEqual(numberOfErrors, 0) == false): Actual object '0' and expected object '0' are equal

08-11-2024T10:05:06 - [MESSAGE][PASSED] - Actual object '0' and expected object '0' are equal

08-11-2024T10:05:06 - [TEST_STEP][PASSED] - if (a == 82): null

08-11-2024T10:05:06 - [TEST_STEP][PASSED] - dZO = "Ивэнерго": null

08-11-2024T10:05:06 - [TEST_STEP][PASSED] - a = 20: null

08-11-2024T10:05:06 - [TEST_STEP][PASSED] - if (x2.contains(dZO)): null

08-11-2024T10:05:06 - [TEST_STEP][PASSED] - filialNum = filialNum + 1: null

08-11-2024T10:05:06 - [TEST_STEP][PASSED] - Script1718980020443.Numbers(a, typeOfData, todaysDate, pageInt, fileInt, pageDouble, fileDouble, dZO, dzoNum, filialNum): null

08-11-2024T10:05:06 - [TEST_STEP][PASSED] - println(dzoNum): null

08-11-2024T10:05:06 - [TEST_STEP][PASSED] - planFact = <not implemented yet for class: org.codehaus.groovy.ast.expr.EmptyExpression>: null

08-11-2024T10:05:06 - [TEST_STEP][PASSED] - page = <not implemented yet for class: org.codehaus.groovy.ast.expr.EmptyExpression>: null

08-11-2024T10:05:06 - [TEST_STEP][PASSED] - page1 = <not implemented yet for class: org.codehaus.groovy.ast.expr.EmptyExpression>: null

08-11-2024T10:05:06 - [TEST_STEP][PASSED] - page2 = <not implemented yet for class: org.codehaus.groovy.ast.expr.EmptyExpression>: null

08-11-2024T10:05:06 - [TEST_STEP][PASSED] - filialNumberInRow = <not implemented yet for class: org.codehaus.groovy.ast.expr.EmptyExpression>: null

08-11-2024T10:05:06 - [TEST_STEP][PASSED] - filialsDzoNames = <not implemented yet for class: org.codehaus.groovy.ast.expr.EmptyExpression>: null

08-11-2024T10:05:06 - [TEST_STEP][PASSED] - numberOfFilials = <not implemented yet for class: org.codehaus.groovy.ast.expr.EmptyExpression>: null

08-11-2024T10:05:06 - [TEST_STEP][PASSED] - numberOfSpaces = <not implemented yet for class: org.codehaus.groovy.ast.expr.EmptyExpression>: null

08-11-2024T10:05:06 - [TEST_STEP][PASSED] - file = <not implemented yet for class: org.codehaus.groovy.ast.expr.EmptyExpression>: null

08-11-2024T10:05:06 - [TEST_STEP][PASSED] - otpusk = <not implemented yet for class: org.codehaus.groovy.ast.expr.EmptyExpression>: null

08-11-2024T10:05:06 - [TEST_STEP][PASSED] - poteri = <not implemented yet for class: org.codehaus.groovy.ast.expr.EmptyExpression>: null

08-11-2024T10:05:06 - [TEST_STEP][PASSED] - dataFolder = "Выполнение бизнес-плана/Значения со страницы Выполнение бизнес-плана/": null

08-11-2024T10:05:06 - [TEST_STEP][PASSED] - path = <not implemented yet for class: org.codehaus.groovy.ast.expr.EmptyExpression>: null

08-11-2024T10:05:06 - [TEST_STEP][PASSED] - typeOfDataMain = <not implemented yet for class: org.codehaus.groovy.ast.expr.EmptyExpression>: null

08-11-2024T10:05:06 - [TEST_STEP][PASSED] - fileOtpuskVSet = <not implemented yet for class: org.codehaus.groovy.ast.expr.EmptyExpression>: null

08-11-2024T10:05:06 - [TEST_STEP][PASSED] - pageOtpuskVSet = <not implemented yet for class: org.codehaus.groovy.ast.expr.EmptyExpression>: null

08-11-2024T10:05:06 - [TEST_STEP][PASSED] - filePoteri = <not implemented yet for class: org.codehaus.groovy.ast.expr.EmptyExpression>: null

08-11-2024T10:05:06 - [TEST_STEP][PASSED] - pagePoteri = <not implemented yet for class: org.codehaus.groovy.ast.expr.EmptyExpression>: null

08-11-2024T10:05:06 - [TEST_STEP][PASSED] - compare = <not implemented yet for class: org.codehaus.groovy.ast.expr.EmptyExpression>: null

08-11-2024T10:05:06 - [TEST_STEP][PASSED] - b = <not implemented yet for class: org.codehaus.groovy.ast.expr.EmptyExpression>: null

08-11-2024T10:05:06 - [TEST_STEP][PASSED] - i = <not implemented yet for class: org.codehaus.groovy.ast.expr.EmptyExpression>: null

08-11-2024T10:05:06 - [TEST_STEP][PASSED] - ii = <not implemented yet for class: org.codehaus.groovy.ast.expr.EmptyExpression>: null

08-11-2024T10:05:06 - [TEST_STEP][PASSED] - c = <not implemented yet for class: org.codehaus.groovy.ast.expr.EmptyExpression>: null

08-11-2024T10:05:06 - [TEST_STEP][PASSED] - numberOfErrors = 0: null

08-11-2024T10:05:06 - [TEST_STEP][PASSED] - if (a == 82): null

08-11-2024T10:05:06 - [TEST_STEP][PASSED] - b = findTestData("PlanFact").getValue(1, a): null

08-11-2024T10:05:06 - [TEST_STEP][PASSED] - i = b.indexOf(" (ГК)"): null

08-11-2024T10:05:06 - [TEST_STEP][PASSED] - if (i > -1): null

08-11-2024T10:05:06 - [TEST_STEP][PASSED] - i = b.indexOf("О ""): null

08-11-2024T10:05:06 - [TEST_STEP][PASSED] - if (i > -1): null

08-11-2024T10:05:06 - [TEST_STEP][PASSED] - i = b.indexOf("О «"): null

08-11-2024T10:05:06 - [TEST_STEP][PASSED] - if (i > -1): null

08-11-2024T10:05:06 - [TEST_STEP][PASSED] - i = b.indexOf("г. "): null

08-11-2024T10:05:06 - [TEST_STEP][PASSED] - if (i > -1): null

08-11-2024T10:05:06 - [TEST_STEP][PASSED] - println(b): null

08-11-2024T10:05:06 - [TEST_STEP][PASSED] - for ([planFact = 1, planFact < 3, (planFact++)]): Object: 'Object Repository/Выполнение бизнес-плана/Кнопка Факт' is clicked on

08-11-2024T10:05:06 - [TEST_STEP][PASSED] - if (planFact == 1): null

08-11-2024T10:05:06 - [TEST_STEP][PASSED] - typeOfDataMain = "Факт": null

08-11-2024T10:05:06 - [TEST_STEP][PASSED] - otpusk = findTestData("PlanFact").getValue(5, a): null

08-11-2024T10:05:06 - [TEST_STEP][PASSED] - poteri = findTestData("PlanFact").getValue(6, a): null

08-11-2024T10:05:06 - [TEST_STEP][PASSED] - otpusk = otpusk.replaceAll("\s+", ""): null

08-11-2024T10:05:06 - [TEST_STEP][PASSED] - poteri = poteri.replaceAll("\s+", ""): null

08-11-2024T10:05:06 - [TEST_STEP][PASSED] - typeOfData = typeOfDataMain + " Отпуск в сеть": null

08-11-2024T10:05:06 - [TEST_STEP][PASSED] - if (a == 82): null

08-11-2024T10:05:06 - [TEST_STEP][PASSED] - else if (a == 84): null

08-11-2024T10:05:06 - [TEST_STEP][PASSED] - else if (a == 52 || a == 72 || a == 28 || a == 73 || a == 77 || a == 74 || a == 65 || a == 36 || a == 44 || a == 53 || a == 80 || a == 54 || a == 1 || a == 18 || a == 59 || a == 81): null

08-11-2024T10:05:06 - [TEST_STEP][PASSED] - else: null

08-11-2024T10:05:06 - [TEST_STEP][PASSED] - path = dataFolder + typeOfData + " за отчётный период " + b: null

08-11-2024T10:05:06 - [TEST_STEP][PASSED] - println(path): null

08-11-2024T10:05:06 - [TEST_STEP][PASSED] - page = getText(findTestObject(path)): Text of object 'Object Repository/Выполнение бизнес-плана/Значения со страницы Выполнение бизнес-плана/Факт Отпуск в сеть за отчётный период Ивэнерго' is: '2 277 416'

08-11-2024T10:05:06 - [MESSAGE][PASSED] - Text of object 'Object Repository/Выполнение бизнес-плана/Значения со страницы Выполнение бизнес-плана/Факт Отпуск в сеть за отчётный период Ивэнерго' is: '2 277 416'

08-11-2024T10:05:06 - [TEST_STEP][PASSED] - page = page.replaceAll("\s+", ""): null

08-11-2024T10:05:06 - [TEST_STEP][PASSED] - fileOtpuskVSet = otpusk.toInteger(): null

08-11-2024T10:05:06 - [TEST_STEP][PASSED] - pageOtpuskVSet = page.toInteger(): null

08-11-2024T10:05:06 - [TEST_STEP][PASSED] - typeOfData = typeOfDataMain + " Потери": null

08-11-2024T10:05:06 - [TEST_STEP][PASSED] - if (a == 82): null

08-11-2024T10:05:06 - [TEST_STEP][PASSED] - else if (a == 84): null

08-11-2024T10:05:06 - [TEST_STEP][PASSED] - else if (a == 52 || a == 72 || a == 28 || a == 73 || a == 77 || a == 74 || a == 65 || a == 36 || a == 44 || a == 53 || a == 80 || a == 54 || a == 1 || a == 18 || a == 59 || a == 81): null

08-11-2024T10:05:06 - [TEST_STEP][PASSED] - else: null

08-11-2024T10:05:06 - [TEST_STEP][PASSED] - path = dataFolder + typeOfData + " за отчётный период " + b: null

08-11-2024T10:05:06 - [TEST_STEP][PASSED] - page = getText(findTestObject(path)): Text of object 'Object Repository/Выполнение бизнес-плана/Значения со страницы Выполнение бизнес-плана/Факт Потери за отчётный период Ивэнерго' is: '191 557'

08-11-2024T10:05:07 - [MESSAGE][PASSED] - Text of object 'Object Repository/Выполнение бизнес-плана/Значения со страницы Выполнение бизнес-плана/Факт Потери за отчётный период Ивэнерго' is: '191 557'

08-11-2024T10:05:07 - [TEST_STEP][PASSED] - page = page.replaceAll("\s+", ""): null

08-11-2024T10:05:07 - [TEST_STEP][PASSED] - filePoteri = poteri.toInteger(): null

08-11-2024T10:05:07 - [TEST_STEP][PASSED] - pagePoteri = page.toInteger(): null

08-11-2024T10:05:07 - [TEST_STEP][PASSED] - compare = pageOtpuskVSet: null

08-11-2024T10:05:07 - [TEST_STEP][PASSED] - if (compare == fileOtpuskVSet): null

08-11-2024T10:05:07 - [TEST_STEP][PASSED] - if (compare == fileOtpuskVSet): null

08-11-2024T10:05:07 - [TEST_STEP][PASSED] - compare = pagePoteri: null

08-11-2024T10:05:07 - [TEST_STEP][PASSED] - if (compare == filePoteri): null

08-11-2024T10:05:07 - [TEST_STEP][PASSED] - if (compare == filePoteri): null

08-11-2024T10:05:07 - [TEST_STEP][PASSED] - if (planFact == 2): null

08-11-2024T10:05:07 - [TEST_STEP][PASSED] - if (planFact == 1): null

08-11-2024T10:05:07 - [TEST_STEP][PASSED] - else if (planFact == 2): null

08-11-2024T10:05:07 - [TEST_STEP][PASSED] - click(findTestObject("Выполнение бизнес-плана/Кнопка План")): Object: 'Object Repository/Выполнение бизнес-плана/Кнопка План' is clicked on

08-11-2024T10:05:07 - [MESSAGE][PASSED] - Object: 'Object Repository/Выполнение бизнес-плана/Кнопка План' is clicked on

08-11-2024T10:05:07 - [TEST_STEP][PASSED] - typeOfDataMain = "План": null

08-11-2024T10:05:07 - [TEST_STEP][PASSED] - otpusk = findTestData("PlanFact").getValue(2, a): null

08-11-2024T10:05:07 - [TEST_STEP][PASSED] - poteri = findTestData("PlanFact").getValue(3, a): null

08-11-2024T10:05:07 - [TEST_STEP][PASSED] - otpusk = otpusk.replaceAll("\s+", ""): null

08-11-2024T10:05:07 - [TEST_STEP][PASSED] - poteri = poteri.replaceAll("\s+", ""): null

08-11-2024T10:05:07 - [TEST_STEP][PASSED] - typeOfData = typeOfDataMain + " Отпуск в сеть": null

08-11-2024T10:05:07 - [TEST_STEP][PASSED] - if (a == 82): null

08-11-2024T10:05:07 - [TEST_STEP][PASSED] - else if (a == 84): null

08-11-2024T10:05:07 - [TEST_STEP][PASSED] - else if (a == 52 || a == 72 || a == 28 || a == 73 || a == 77 || a == 74 || a == 65 || a == 36 || a == 44 || a == 53 || a == 80 || a == 54 || a == 1 || a == 18 || a == 59 || a == 81): null

08-11-2024T10:05:07 - [TEST_STEP][PASSED] - else: null

08-11-2024T10:05:07 - [TEST_STEP][PASSED] - path = dataFolder + typeOfData + " за отчётный период " + b: null

08-11-2024T10:05:07 - [TEST_STEP][PASSED] - println(path): null

08-11-2024T10:05:07 - [TEST_STEP][PASSED] - page = getText(findTestObject(path)): Text of object 'Object Repository/Выполнение бизнес-плана/Значения со страницы Выполнение бизнес-плана/План Отпуск в сеть за отчётный период Ивэнерго' is: '2 196 097'

08-11-2024T10:05:07 - [MESSAGE][PASSED] - Text of object 'Object Repository/Выполнение бизнес-плана/Значения со страницы Выполнение бизнес-плана/План Отпуск в сеть за отчётный период Ивэнерго' is: '2 196 097'

08-11-2024T10:05:07 - [TEST_STEP][PASSED] - page = page.replaceAll("\s+", ""): null

08-11-2024T10:05:07 - [TEST_STEP][PASSED] - fileOtpuskVSet = otpusk.toInteger(): null

08-11-2024T10:05:07 - [TEST_STEP][PASSED] - pageOtpuskVSet = page.toInteger(): null

08-11-2024T10:05:07 - [TEST_STEP][PASSED] - typeOfData = typeOfDataMain + " Потери": null

08-11-2024T10:05:07 - [TEST_STEP][PASSED] - if (a == 82): null

08-11-2024T10:05:07 - [TEST_STEP][PASSED] - else if (a == 84): null

08-11-2024T10:05:07 - [TEST_STEP][PASSED] - else if (a == 52 || a == 72 || a == 28 || a == 73 || a == 77 || a == 74 || a == 65 || a == 36 || a == 44 || a == 53 || a == 80 || a == 54 || a == 1 || a == 18 || a == 59 || a == 81): null

08-11-2024T10:05:07 - [TEST_STEP][PASSED] - else: null

08-11-2024T10:05:07 - [TEST_STEP][PASSED] - path = dataFolder + typeOfData + " за отчётный период " + b: null

08-11-2024T10:05:07 - [TEST_STEP][PASSED] - page = getText(findTestObject(path)): Text of object 'Object Repository/Выполнение бизнес-плана/Значения со страницы Выполнение бизнес-плана/План Потери за отчётный период Ивэнерго' is: '178 853'

08-11-2024T10:05:08 - [MESSAGE][PASSED] - Text of object 'Object Repository/Выполнение бизнес-плана/Значения со страницы Выполнение бизнес-плана/План Потери за отчётный период Ивэнерго' is: '178 853'

08-11-2024T10:05:08 - [TEST_STEP][PASSED] - page = page.replaceAll("\s+", ""): null

08-11-2024T10:05:08 - [TEST_STEP][PASSED] - filePoteri = poteri.toInteger(): null

08-11-2024T10:05:08 - [TEST_STEP][PASSED] - pagePoteri = page.toInteger(): null

08-11-2024T10:05:08 - [TEST_STEP][PASSED] - compare = pageOtpuskVSet: null

08-11-2024T10:05:08 - [TEST_STEP][PASSED] - if (compare == fileOtpuskVSet): null

08-11-2024T10:05:08 - [TEST_STEP][PASSED] - if (compare == fileOtpuskVSet): null

08-11-2024T10:05:08 - [TEST_STEP][PASSED] - compare = pagePoteri: null

08-11-2024T10:05:08 - [TEST_STEP][PASSED] - if (compare == filePoteri): null

08-11-2024T10:05:08 - [TEST_STEP][PASSED] - if (compare == filePoteri): null

08-11-2024T10:05:08 - [TEST_STEP][PASSED] - if (planFact == 2): Object: 'Object Repository/Выполнение бизнес-плана/Кнопка Факт' is clicked on

08-11-2024T10:05:08 - [TEST_STEP][PASSED] - click(findTestObject("Выполнение бизнес-плана/Кнопка Факт")): Object: 'Object Repository/Выполнение бизнес-плана/Кнопка Факт' is clicked on

08-11-2024T10:05:08 - [MESSAGE][PASSED] - Object: 'Object Repository/Выполнение бизнес-плана/Кнопка Факт' is clicked on

08-11-2024T10:05:08 - [TEST_STEP][PASSED] - if (a == 84 || a == 82): null

08-11-2024T10:05:08 - [TEST_STEP][PASSED] - else if (a == 52 || a == 72 || a == 28 || a == 73 || a == 77 || a == 74 || a == 65 || a == 36 || a == 44 || a == 53 || a == 80 || a == 54 || a == 1 || a == 18 || a == 59 || a == 81): null

08-11-2024T10:05:08 - [TEST_STEP][PASSED] - else: null

08-11-2024T10:05:08 - [TEST_STEP][PASSED] - page1 = getText(findTestObject("Object Repository/Выполнение бизнес-плана/spanPlan" + filialNum)): Text of object 'Object Repository/Выполнение бизнес-плана/spanPlan2' is: '8.14
|'

08-11-2024T10:05:08 - [MESSAGE][PASSED] - Text of object 'Object Repository/Выполнение бизнес-плана/spanPlan2' is: '8.14
|'

08-11-2024T10:05:08 - [TEST_STEP][PASSED] - page1 = page1.replace("|", ""): null

08-11-2024T10:05:08 - [TEST_STEP][PASSED] - page2 = getText(findTestObject("Object Repository/Выполнение бизнес-плана/spanFact" + filialNum)): Text of object 'Object Repository/Выполнение бизнес-плана/spanFact2' is: '8.41
|'

08-11-2024T10:05:09 - [MESSAGE][PASSED] - Text of object 'Object Repository/Выполнение бизнес-плана/spanFact2' is: '8.41
|'

08-11-2024T10:05:09 - [TEST_STEP][PASSED] - page2 = page2.replace("|", ""): null

08-11-2024T10:05:09 - [TEST_STEP][PASSED] - println("page1: " + page1): null

08-11-2024T10:05:09 - [TEST_STEP][PASSED] - println("page2: " + page2): null

08-11-2024T10:05:09 - [TEST_STEP][PASSED] - file = findTestData("PlanFact").getValue(4, a): null

08-11-2024T10:05:09 - [TEST_STEP][PASSED] - file = file.replace(",", "."): null

08-11-2024T10:05:09 - [TEST_STEP][PASSED] - println("file Plan: " + file): null

08-11-2024T10:05:09 - [TEST_STEP][PASSED] - typeOfData = "План в процентах": null

08-11-2024T10:05:09 - [TEST_STEP][PASSED] - fileDouble = file.toDouble(): null

08-11-2024T10:05:09 - [TEST_STEP][PASSED] - pageDouble = page1.toDouble(): null

08-11-2024T10:05:09 - [TEST_STEP][PASSED] - if (fileDouble != pageDouble): null

08-11-2024T10:05:09 - [TEST_STEP][PASSED] - file = findTestData("PlanFact").getValue(7, a): null

08-11-2024T10:05:09 - [TEST_STEP][PASSED] - file = file.replace(",", "."): null

08-11-2024T10:05:09 - [TEST_STEP][PASSED] - println("file Fact: " + file): null

08-11-2024T10:05:09 - [TEST_STEP][PASSED] - fileDouble = file.toDouble(): null

08-11-2024T10:05:09 - [TEST_STEP][PASSED] - typeOfData = "Факт в процентах": null

08-11-2024T10:05:09 - [TEST_STEP][PASSED] - fileDouble = file.toDouble(): null

08-11-2024T10:05:09 - [TEST_STEP][PASSED] - pageDouble = page2.toDouble(): null

08-11-2024T10:05:09 - [TEST_STEP][PASSED] - if (fileDouble != pageDouble): null

08-11-2024T10:05:09 - [TEST_STEP][PASSED] - if (verifyEqual(numberOfErrors, 0) == false): Actual object '0' and expected object '0' are equal

08-11-2024T10:05:09 - [MESSAGE][PASSED] - Actual object '0' and expected object '0' are equal

08-11-2024T10:05:09 - [TEST_STEP][PASSED] - if (a == 82): null

08-11-2024T10:05:09 - [TEST_STEP][PASSED] - dZO = "Калугаэнерго": null

08-11-2024T10:05:09 - [TEST_STEP][PASSED] - a = 21: null

08-11-2024T10:05:09 - [TEST_STEP][PASSED] - if (x2.contains(dZO)): null

08-11-2024T10:05:09 - [TEST_STEP][PASSED] - filialNum = filialNum + 1: null

08-11-2024T10:05:09 - [TEST_STEP][PASSED] - Script1718980020443.Numbers(a, typeOfData, todaysDate, pageInt, fileInt, pageDouble, fileDouble, dZO, dzoNum, filialNum): null

08-11-2024T10:05:09 - [TEST_STEP][PASSED] - println(dzoNum): null

08-11-2024T10:05:09 - [TEST_STEP][PASSED] - planFact = <not implemented yet for class: org.codehaus.groovy.ast.expr.EmptyExpression>: null

08-11-2024T10:05:09 - [TEST_STEP][PASSED] - page = <not implemented yet for class: org.codehaus.groovy.ast.expr.EmptyExpression>: null

08-11-2024T10:05:09 - [TEST_STEP][PASSED] - page1 = <not implemented yet for class: org.codehaus.groovy.ast.expr.EmptyExpression>: null

08-11-2024T10:05:09 - [TEST_STEP][PASSED] - page2 = <not implemented yet for class: org.codehaus.groovy.ast.expr.EmptyExpression>: null

08-11-2024T10:05:09 - [TEST_STEP][PASSED] - filialNumberInRow = <not implemented yet for class: org.codehaus.groovy.ast.expr.EmptyExpression>: null

08-11-2024T10:05:09 - [TEST_STEP][PASSED] - filialsDzoNames = <not implemented yet for class: org.codehaus.groovy.ast.expr.EmptyExpression>: null

08-11-2024T10:05:09 - [TEST_STEP][PASSED] - numberOfFilials = <not implemented yet for class: org.codehaus.groovy.ast.expr.EmptyExpression>: null

08-11-2024T10:05:09 - [TEST_STEP][PASSED] - numberOfSpaces = <not implemented yet for class: org.codehaus.groovy.ast.expr.EmptyExpression>: null

08-11-2024T10:05:09 - [TEST_STEP][PASSED] - file = <not implemented yet for class: org.codehaus.groovy.ast.expr.EmptyExpression>: null

08-11-2024T10:05:09 - [TEST_STEP][PASSED] - otpusk = <not implemented yet for class: org.codehaus.groovy.ast.expr.EmptyExpression>: null

08-11-2024T10:05:09 - [TEST_STEP][PASSED] - poteri = <not implemented yet for class: org.codehaus.groovy.ast.expr.EmptyExpression>: null

08-11-2024T10:05:09 - [TEST_STEP][PASSED] - dataFolder = "Выполнение бизнес-плана/Значения со страницы Выполнение бизнес-плана/": null

08-11-2024T10:05:09 - [TEST_STEP][PASSED] - path = <not implemented yet for class: org.codehaus.groovy.ast.expr.EmptyExpression>: null

08-11-2024T10:05:09 - [TEST_STEP][PASSED] - typeOfDataMain = <not implemented yet for class: org.codehaus.groovy.ast.expr.EmptyExpression>: null

08-11-2024T10:05:09 - [TEST_STEP][PASSED] - fileOtpuskVSet = <not implemented yet for class: org.codehaus.groovy.ast.expr.EmptyExpression>: null

08-11-2024T10:05:09 - [TEST_STEP][PASSED] - pageOtpuskVSet = <not implemented yet for class: org.codehaus.groovy.ast.expr.EmptyExpression>: null

08-11-2024T10:05:09 - [TEST_STEP][PASSED] - filePoteri = <not implemented yet for class: org.codehaus.groovy.ast.expr.EmptyExpression>: null

08-11-2024T10:05:09 - [TEST_STEP][PASSED] - pagePoteri = <not implemented yet for class: org.codehaus.groovy.ast.expr.EmptyExpression>: null

08-11-2024T10:05:09 - [TEST_STEP][PASSED] - compare = <not implemented yet for class: org.codehaus.groovy.ast.expr.EmptyExpression>: null

08-11-2024T10:05:09 - [TEST_STEP][PASSED] - b = <not implemented yet for class: org.codehaus.groovy.ast.expr.EmptyExpression>: null

08-11-2024T10:05:09 - [TEST_STEP][PASSED] - i = <not implemented yet for class: org.codehaus.groovy.ast.expr.EmptyExpression>: null

08-11-2024T10:05:09 - [TEST_STEP][PASSED] - ii = <not implemented yet for class: org.codehaus.groovy.ast.expr.EmptyExpression>: null

08-11-2024T10:05:09 - [TEST_STEP][PASSED] - c = <not implemented yet for class: org.codehaus.groovy.ast.expr.EmptyExpression>: null

08-11-2024T10:05:09 - [TEST_STEP][PASSED] - numberOfErrors = 0: null

08-11-2024T10:05:09 - [TEST_STEP][PASSED] - if (a == 82): null

08-11-2024T10:05:09 - [TEST_STEP][PASSED] - b = findTestData("PlanFact").getValue(1, a): null

08-11-2024T10:05:09 - [TEST_STEP][PASSED] - i = b.indexOf(" (ГК)"): null

08-11-2024T10:05:09 - [TEST_STEP][PASSED] - if (i > -1): null

08-11-2024T10:05:09 - [TEST_STEP][PASSED] - i = b.indexOf("О ""): null

08-11-2024T10:05:09 - [TEST_STEP][PASSED] - if (i > -1): null

08-11-2024T10:05:09 - [TEST_STEP][PASSED] - i = b.indexOf("О «"): null

08-11-2024T10:05:09 - [TEST_STEP][PASSED] - if (i > -1): null

08-11-2024T10:05:09 - [TEST_STEP][PASSED] - i = b.indexOf("г. "): null

08-11-2024T10:05:09 - [TEST_STEP][PASSED] - if (i > -1): null

08-11-2024T10:05:09 - [TEST_STEP][PASSED] - println(b): null

08-11-2024T10:05:09 - [TEST_STEP][PASSED] - for ([planFact = 1, planFact < 3, (planFact++)]): Object: 'Object Repository/Выполнение бизнес-плана/Кнопка Факт' is clicked on

08-11-2024T10:05:09 - [TEST_STEP][PASSED] - if (planFact == 1): null

08-11-2024T10:05:09 - [TEST_STEP][PASSED] - typeOfDataMain = "Факт": null

08-11-2024T10:05:09 - [TEST_STEP][PASSED] - otpusk = findTestData("PlanFact").getValue(5, a): null

08-11-2024T10:05:09 - [TEST_STEP][PASSED] - poteri = findTestData("PlanFact").getValue(6, a): null

08-11-2024T10:05:09 - [TEST_STEP][PASSED] - otpusk = otpusk.replaceAll("\s+", ""): null

08-11-2024T10:05:09 - [TEST_STEP][PASSED] - poteri = poteri.replaceAll("\s+", ""): null

08-11-2024T10:05:09 - [TEST_STEP][PASSED] - typeOfData = typeOfDataMain + " Отпуск в сеть": null

08-11-2024T10:05:09 - [TEST_STEP][PASSED] - if (a == 82): null

08-11-2024T10:05:09 - [TEST_STEP][PASSED] - else if (a == 84): null

08-11-2024T10:05:09 - [TEST_STEP][PASSED] - else if (a == 52 || a == 72 || a == 28 || a == 73 || a == 77 || a == 74 || a == 65 || a == 36 || a == 44 || a == 53 || a == 80 || a == 54 || a == 1 || a == 18 || a == 59 || a == 81): null

08-11-2024T10:05:09 - [TEST_STEP][PASSED] - else: null

08-11-2024T10:05:09 - [TEST_STEP][PASSED] - path = dataFolder + typeOfData + " за отчётный период " + b: null

08-11-2024T10:05:09 - [TEST_STEP][PASSED] - println(path): null

08-11-2024T10:05:09 - [TEST_STEP][PASSED] - page = getText(findTestObject(path)): Text of object 'Object Repository/Выполнение бизнес-плана/Значения со страницы Выполнение бизнес-плана/Факт Отпуск в сеть за отчётный период Калугаэнерго' is: '4 177 670'

08-11-2024T10:05:09 - [MESSAGE][PASSED] - Text of object 'Object Repository/Выполнение бизнес-плана/Значения со страницы Выполнение бизнес-плана/Факт Отпуск в сеть за отчётный период Калугаэнерго' is: '4 177 670'

08-11-2024T10:05:09 - [TEST_STEP][PASSED] - page = page.replaceAll("\s+", ""): null

08-11-2024T10:05:09 - [TEST_STEP][PASSED] - fileOtpuskVSet = otpusk.toInteger(): null

08-11-2024T10:05:09 - [TEST_STEP][PASSED] - pageOtpuskVSet = page.toInteger(): null

08-11-2024T10:05:09 - [TEST_STEP][PASSED] - typeOfData = typeOfDataMain + " Потери": null

08-11-2024T10:05:09 - [TEST_STEP][PASSED] - if (a == 82): null

08-11-2024T10:05:09 - [TEST_STEP][PASSED] - else if (a == 84): null

08-11-2024T10:05:09 - [TEST_STEP][PASSED] - else if (a == 52 || a == 72 || a == 28 || a == 73 || a == 77 || a == 74 || a == 65 || a == 36 || a == 44 || a == 53 || a == 80 || a == 54 || a == 1 || a == 18 || a == 59 || a == 81): null

08-11-2024T10:05:09 - [TEST_STEP][PASSED] - else: null

08-11-2024T10:05:09 - [TEST_STEP][PASSED] - path = dataFolder + typeOfData + " за отчётный период " + b: null

08-11-2024T10:05:09 - [TEST_STEP][PASSED] - page = getText(findTestObject(path)): Text of object 'Object Repository/Выполнение бизнес-плана/Значения со страницы Выполнение бизнес-плана/Факт Потери за отчётный период Калугаэнерго' is: '334 842'

08-11-2024T10:05:10 - [MESSAGE][PASSED] - Text of object 'Object Repository/Выполнение бизнес-плана/Значения со страницы Выполнение бизнес-плана/Факт Потери за отчётный период Калугаэнерго' is: '334 842'

08-11-2024T10:05:10 - [TEST_STEP][PASSED] - page = page.replaceAll("\s+", ""): null

08-11-2024T10:05:10 - [TEST_STEP][PASSED] - filePoteri = poteri.toInteger(): null

08-11-2024T10:05:10 - [TEST_STEP][PASSED] - pagePoteri = page.toInteger(): null

08-11-2024T10:05:10 - [TEST_STEP][PASSED] - compare = pageOtpuskVSet: null

08-11-2024T10:05:10 - [TEST_STEP][PASSED] - if (compare == fileOtpuskVSet): null

08-11-2024T10:05:10 - [TEST_STEP][PASSED] - if (compare == fileOtpuskVSet): null

08-11-2024T10:05:10 - [TEST_STEP][PASSED] - compare = pagePoteri: null

08-11-2024T10:05:10 - [TEST_STEP][PASSED] - if (compare == filePoteri): null

08-11-2024T10:05:10 - [TEST_STEP][PASSED] - if (compare == filePoteri): null

08-11-2024T10:05:10 - [TEST_STEP][PASSED] - if (planFact == 2): null

08-11-2024T10:05:10 - [TEST_STEP][PASSED] - if (planFact == 1): null

08-11-2024T10:05:10 - [TEST_STEP][PASSED] - else if (planFact == 2): null

08-11-2024T10:05:10 - [TEST_STEP][PASSED] - click(findTestObject("Выполнение бизнес-плана/Кнопка План")): Object: 'Object Repository/Выполнение бизнес-плана/Кнопка План' is clicked on

08-11-2024T10:05:10 - [MESSAGE][PASSED] - Object: 'Object Repository/Выполнение бизнес-плана/Кнопка План' is clicked on

08-11-2024T10:05:10 - [TEST_STEP][PASSED] - typeOfDataMain = "План": null

08-11-2024T10:05:10 - [TEST_STEP][PASSED] - otpusk = findTestData("PlanFact").getValue(2, a): null

08-11-2024T10:05:10 - [TEST_STEP][PASSED] - poteri = findTestData("PlanFact").getValue(3, a): null

08-11-2024T10:05:10 - [TEST_STEP][PASSED] - otpusk = otpusk.replaceAll("\s+", ""): null

08-11-2024T10:05:10 - [TEST_STEP][PASSED] - poteri = poteri.replaceAll("\s+", ""): null

08-11-2024T10:05:10 - [TEST_STEP][PASSED] - typeOfData = typeOfDataMain + " Отпуск в сеть": null

08-11-2024T10:05:10 - [TEST_STEP][PASSED] - if (a == 82): null

08-11-2024T10:05:10 - [TEST_STEP][PASSED] - else if (a == 84): null

08-11-2024T10:05:10 - [TEST_STEP][PASSED] - else if (a == 52 || a == 72 || a == 28 || a == 73 || a == 77 || a == 74 || a == 65 || a == 36 || a == 44 || a == 53 || a == 80 || a == 54 || a == 1 || a == 18 || a == 59 || a == 81): null

08-11-2024T10:05:10 - [TEST_STEP][PASSED] - else: null

08-11-2024T10:05:10 - [TEST_STEP][PASSED] - path = dataFolder + typeOfData + " за отчётный период " + b: null

08-11-2024T10:05:10 - [TEST_STEP][PASSED] - println(path): null

08-11-2024T10:05:10 - [TEST_STEP][PASSED] - page = getText(findTestObject(path)): Text of object 'Object Repository/Выполнение бизнес-плана/Значения со страницы Выполнение бизнес-плана/План Отпуск в сеть за отчётный период Калугаэнерго' is: '3 975 291'

08-11-2024T10:05:10 - [MESSAGE][PASSED] - Text of object 'Object Repository/Выполнение бизнес-плана/Значения со страницы Выполнение бизнес-плана/План Отпуск в сеть за отчётный период Калугаэнерго' is: '3 975 291'

08-11-2024T10:05:10 - [TEST_STEP][PASSED] - page = page.replaceAll("\s+", ""): null

08-11-2024T10:05:10 - [TEST_STEP][PASSED] - fileOtpuskVSet = otpusk.toInteger(): null

08-11-2024T10:05:10 - [TEST_STEP][PASSED] - pageOtpuskVSet = page.toInteger(): null

08-11-2024T10:05:10 - [TEST_STEP][PASSED] - typeOfData = typeOfDataMain + " Потери": null

08-11-2024T10:05:10 - [TEST_STEP][PASSED] - if (a == 82): null

08-11-2024T10:05:10 - [TEST_STEP][PASSED] - else if (a == 84): null

08-11-2024T10:05:10 - [TEST_STEP][PASSED] - else if (a == 52 || a == 72 || a == 28 || a == 73 || a == 77 || a == 74 || a == 65 || a == 36 || a == 44 || a == 53 || a == 80 || a == 54 || a == 1 || a == 18 || a == 59 || a == 81): null

08-11-2024T10:05:10 - [TEST_STEP][PASSED] - else: null

08-11-2024T10:05:10 - [TEST_STEP][PASSED] - path = dataFolder + typeOfData + " за отчётный период " + b: null

08-11-2024T10:05:10 - [TEST_STEP][PASSED] - page = getText(findTestObject(path)): Text of object 'Object Repository/Выполнение бизнес-плана/Значения со страницы Выполнение бизнес-плана/План Потери за отчётный период Калугаэнерго' is: '330 104'

08-11-2024T10:05:11 - [MESSAGE][PASSED] - Text of object 'Object Repository/Выполнение бизнес-плана/Значения со страницы Выполнение бизнес-плана/План Потери за отчётный период Калугаэнерго' is: '330 104'

08-11-2024T10:05:11 - [TEST_STEP][PASSED] - page = page.replaceAll("\s+", ""): null

08-11-2024T10:05:11 - [TEST_STEP][PASSED] - filePoteri = poteri.toInteger(): null

08-11-2024T10:05:11 - [TEST_STEP][PASSED] - pagePoteri = page.toInteger(): null

08-11-2024T10:05:11 - [TEST_STEP][PASSED] - compare = pageOtpuskVSet: null

08-11-2024T10:05:11 - [TEST_STEP][PASSED] - if (compare == fileOtpuskVSet): null

08-11-2024T10:05:11 - [TEST_STEP][PASSED] - if (compare == fileOtpuskVSet): null

08-11-2024T10:05:11 - [TEST_STEP][PASSED] - compare = pagePoteri: null

08-11-2024T10:05:11 - [TEST_STEP][PASSED] - if (compare == filePoteri): null

08-11-2024T10:05:11 - [TEST_STEP][PASSED] - if (compare == filePoteri): null

08-11-2024T10:05:11 - [TEST_STEP][PASSED] - if (planFact == 2): Object: 'Object Repository/Выполнение бизнес-плана/Кнопка Факт' is clicked on

08-11-2024T10:05:11 - [TEST_STEP][PASSED] - click(findTestObject("Выполнение бизнес-плана/Кнопка Факт")): Object: 'Object Repository/Выполнение бизнес-плана/Кнопка Факт' is clicked on

08-11-2024T10:05:11 - [MESSAGE][PASSED] - Object: 'Object Repository/Выполнение бизнес-плана/Кнопка Факт' is clicked on

08-11-2024T10:05:11 - [TEST_STEP][PASSED] - if (a == 84 || a == 82): null

08-11-2024T10:05:11 - [TEST_STEP][PASSED] - else if (a == 52 || a == 72 || a == 28 || a == 73 || a == 77 || a == 74 || a == 65 || a == 36 || a == 44 || a == 53 || a == 80 || a == 54 || a == 1 || a == 18 || a == 59 || a == 81): null

08-11-2024T10:05:11 - [TEST_STEP][PASSED] - else: null

08-11-2024T10:05:11 - [TEST_STEP][PASSED] - page1 = getText(findTestObject("Object Repository/Выполнение бизнес-плана/spanPlan" + filialNum)): Text of object 'Object Repository/Выполнение бизнес-плана/spanPlan3' is: '8.30
|'

08-11-2024T10:05:11 - [MESSAGE][PASSED] - Text of object 'Object Repository/Выполнение бизнес-плана/spanPlan3' is: '8.30
|'

08-11-2024T10:05:11 - [TEST_STEP][PASSED] - page1 = page1.replace("|", ""): null

08-11-2024T10:05:11 - [TEST_STEP][PASSED] - page2 = getText(findTestObject("Object Repository/Выполнение бизнес-плана/spanFact" + filialNum)): Text of object 'Object Repository/Выполнение бизнес-плана/spanFact3' is: '8.02
|'

08-11-2024T10:05:12 - [MESSAGE][PASSED] - Text of object 'Object Repository/Выполнение бизнес-плана/spanFact3' is: '8.02
|'

08-11-2024T10:05:12 - [TEST_STEP][PASSED] - page2 = page2.replace("|", ""): null

08-11-2024T10:05:12 - [TEST_STEP][PASSED] - println("page1: " + page1): null

08-11-2024T10:05:12 - [TEST_STEP][PASSED] - println("page2: " + page2): null

08-11-2024T10:05:12 - [TEST_STEP][PASSED] - file = findTestData("PlanFact").getValue(4, a): null

08-11-2024T10:05:12 - [TEST_STEP][PASSED] - file = file.replace(",", "."): null

08-11-2024T10:05:12 - [TEST_STEP][PASSED] - println("file Plan: " + file): null

08-11-2024T10:05:12 - [TEST_STEP][PASSED] - typeOfData = "План в процентах": null

08-11-2024T10:05:12 - [TEST_STEP][PASSED] - fileDouble = file.toDouble(): null

08-11-2024T10:05:12 - [TEST_STEP][PASSED] - pageDouble = page1.toDouble(): null

08-11-2024T10:05:12 - [TEST_STEP][PASSED] - if (fileDouble != pageDouble): null

08-11-2024T10:05:12 - [TEST_STEP][PASSED] - file = findTestData("PlanFact").getValue(7, a): null

08-11-2024T10:05:12 - [TEST_STEP][PASSED] - file = file.replace(",", "."): null

08-11-2024T10:05:12 - [TEST_STEP][PASSED] - println("file Fact: " + file): null

08-11-2024T10:05:12 - [TEST_STEP][PASSED] - fileDouble = file.toDouble(): null

08-11-2024T10:05:12 - [TEST_STEP][PASSED] - typeOfData = "Факт в процентах": null

08-11-2024T10:05:12 - [TEST_STEP][PASSED] - fileDouble = file.toDouble(): null

08-11-2024T10:05:12 - [TEST_STEP][PASSED] - pageDouble = page2.toDouble(): null

08-11-2024T10:05:12 - [TEST_STEP][PASSED] - if (fileDouble != pageDouble): null

08-11-2024T10:05:12 - [TEST_STEP][PASSED] - if (verifyEqual(numberOfErrors, 0) == false): Actual object '0' and expected object '0' are equal

08-11-2024T10:05:12 - [MESSAGE][PASSED] - Actual object '0' and expected object '0' are equal

08-11-2024T10:05:12 - [TEST_STEP][PASSED] - if (a == 82): null

08-11-2024T10:05:12 - [TEST_STEP][PASSED] - dZO = "Кировэнерго": null

08-11-2024T10:05:12 - [TEST_STEP][PASSED] - a = 22: null

08-11-2024T10:05:12 - [TEST_STEP][PASSED] - if (x2.contains(dZO)): null

08-11-2024T10:05:12 - [TEST_STEP][PASSED] - filialNum = filialNum + 1: null

08-11-2024T10:05:12 - [TEST_STEP][PASSED] - Script1718980020443.Numbers(a, typeOfData, todaysDate, pageInt, fileInt, pageDouble, fileDouble, dZO, dzoNum, filialNum): null

08-11-2024T10:05:12 - [TEST_STEP][PASSED] - println(dzoNum): null

08-11-2024T10:05:12 - [TEST_STEP][PASSED] - planFact = <not implemented yet for class: org.codehaus.groovy.ast.expr.EmptyExpression>: null

08-11-2024T10:05:12 - [TEST_STEP][PASSED] - page = <not implemented yet for class: org.codehaus.groovy.ast.expr.EmptyExpression>: null

08-11-2024T10:05:12 - [TEST_STEP][PASSED] - page1 = <not implemented yet for class: org.codehaus.groovy.ast.expr.EmptyExpression>: null

08-11-2024T10:05:12 - [TEST_STEP][PASSED] - page2 = <not implemented yet for class: org.codehaus.groovy.ast.expr.EmptyExpression>: null

08-11-2024T10:05:12 - [TEST_STEP][PASSED] - filialNumberInRow = <not implemented yet for class: org.codehaus.groovy.ast.expr.EmptyExpression>: null

08-11-2024T10:05:12 - [TEST_STEP][PASSED] - filialsDzoNames = <not implemented yet for class: org.codehaus.groovy.ast.expr.EmptyExpression>: null

08-11-2024T10:05:12 - [TEST_STEP][PASSED] - numberOfFilials = <not implemented yet for class: org.codehaus.groovy.ast.expr.EmptyExpression>: null

08-11-2024T10:05:12 - [TEST_STEP][PASSED] - numberOfSpaces = <not implemented yet for class: org.codehaus.groovy.ast.expr.EmptyExpression>: null

08-11-2024T10:05:12 - [TEST_STEP][PASSED] - file = <not implemented yet for class: org.codehaus.groovy.ast.expr.EmptyExpression>: null

08-11-2024T10:05:12 - [TEST_STEP][PASSED] - otpusk = <not implemented yet for class: org.codehaus.groovy.ast.expr.EmptyExpression>: null

08-11-2024T10:05:12 - [TEST_STEP][PASSED] - poteri = <not implemented yet for class: org.codehaus.groovy.ast.expr.EmptyExpression>: null

08-11-2024T10:05:12 - [TEST_STEP][PASSED] - dataFolder = "Выполнение бизнес-плана/Значения со страницы Выполнение бизнес-плана/": null

08-11-2024T10:05:12 - [TEST_STEP][PASSED] - path = <not implemented yet for class: org.codehaus.groovy.ast.expr.EmptyExpression>: null

08-11-2024T10:05:12 - [TEST_STEP][PASSED] - typeOfDataMain = <not implemented yet for class: org.codehaus.groovy.ast.expr.EmptyExpression>: null

08-11-2024T10:05:12 - [TEST_STEP][PASSED] - fileOtpuskVSet = <not implemented yet for class: org.codehaus.groovy.ast.expr.EmptyExpression>: null

08-11-2024T10:05:12 - [TEST_STEP][PASSED] - pageOtpuskVSet = <not implemented yet for class: org.codehaus.groovy.ast.expr.EmptyExpression>: null

08-11-2024T10:05:12 - [TEST_STEP][PASSED] - filePoteri = <not implemented yet for class: org.codehaus.groovy.ast.expr.EmptyExpression>: null

08-11-2024T10:05:12 - [TEST_STEP][PASSED] - pagePoteri = <not implemented yet for class: org.codehaus.groovy.ast.expr.EmptyExpression>: null

08-11-2024T10:05:12 - [TEST_STEP][PASSED] - compare = <not implemented yet for class: org.codehaus.groovy.ast.expr.EmptyExpression>: null

08-11-2024T10:05:12 - [TEST_STEP][PASSED] - b = <not implemented yet for class: org.codehaus.groovy.ast.expr.EmptyExpression>: null

08-11-2024T10:05:12 - [TEST_STEP][PASSED] - i = <not implemented yet for class: org.codehaus.groovy.ast.expr.EmptyExpression>: null

08-11-2024T10:05:12 - [TEST_STEP][PASSED] - ii = <not implemented yet for class: org.codehaus.groovy.ast.expr.EmptyExpression>: null

08-11-2024T10:05:12 - [TEST_STEP][PASSED] - c = <not implemented yet for class: org.codehaus.groovy.ast.expr.EmptyExpression>: null

08-11-2024T10:05:12 - [TEST_STEP][PASSED] - numberOfErrors = 0: null

08-11-2024T10:05:12 - [TEST_STEP][PASSED] - if (a == 82): null

08-11-2024T10:05:12 - [TEST_STEP][PASSED] - b = findTestData("PlanFact").getValue(1, a): null

08-11-2024T10:05:12 - [TEST_STEP][PASSED] - i = b.indexOf(" (ГК)"): null

08-11-2024T10:05:12 - [TEST_STEP][PASSED] - if (i > -1): null

08-11-2024T10:05:12 - [TEST_STEP][PASSED] - i = b.indexOf("О ""): null

08-11-2024T10:05:12 - [TEST_STEP][PASSED] - if (i > -1): null

08-11-2024T10:05:12 - [TEST_STEP][PASSED] - i = b.indexOf("О «"): null

08-11-2024T10:05:12 - [TEST_STEP][PASSED] - if (i > -1): null

08-11-2024T10:05:12 - [TEST_STEP][PASSED] - i = b.indexOf("г. "): null

08-11-2024T10:05:12 - [TEST_STEP][PASSED] - if (i > -1): null

08-11-2024T10:05:12 - [TEST_STEP][PASSED] - println(b): null

08-11-2024T10:05:12 - [TEST_STEP][PASSED] - for ([planFact = 1, planFact < 3, (planFact++)]): Object: 'Object Repository/Выполнение бизнес-плана/Кнопка Факт' is clicked on

08-11-2024T10:05:12 - [TEST_STEP][PASSED] - if (planFact == 1): null

08-11-2024T10:05:12 - [TEST_STEP][PASSED] - typeOfDataMain = "Факт": null

08-11-2024T10:05:12 - [TEST_STEP][PASSED] - otpusk = findTestData("PlanFact").getValue(5, a): null

08-11-2024T10:05:12 - [TEST_STEP][PASSED] - poteri = findTestData("PlanFact").getValue(6, a): null

08-11-2024T10:05:12 - [TEST_STEP][PASSED] - otpusk = otpusk.replaceAll("\s+", ""): null

08-11-2024T10:05:12 - [TEST_STEP][PASSED] - poteri = poteri.replaceAll("\s+", ""): null

08-11-2024T10:05:12 - [TEST_STEP][PASSED] - typeOfData = typeOfDataMain + " Отпуск в сеть": null

08-11-2024T10:05:12 - [TEST_STEP][PASSED] - if (a == 82): null

08-11-2024T10:05:12 - [TEST_STEP][PASSED] - else if (a == 84): null

08-11-2024T10:05:12 - [TEST_STEP][PASSED] - else if (a == 52 || a == 72 || a == 28 || a == 73 || a == 77 || a == 74 || a == 65 || a == 36 || a == 44 || a == 53 || a == 80 || a == 54 || a == 1 || a == 18 || a == 59 || a == 81): null

08-11-2024T10:05:12 - [TEST_STEP][PASSED] - else: null

08-11-2024T10:05:12 - [TEST_STEP][PASSED] - path = dataFolder + typeOfData + " за отчётный период " + b: null

08-11-2024T10:05:12 - [TEST_STEP][PASSED] - println(path): null

08-11-2024T10:05:12 - [TEST_STEP][PASSED] - page = getText(findTestObject(path)): Text of object 'Object Repository/Выполнение бизнес-плана/Значения со страницы Выполнение бизнес-плана/Факт Отпуск в сеть за отчётный период Кировэнерго' is: '4 164 243'

08-11-2024T10:05:12 - [MESSAGE][PASSED] - Text of object 'Object Repository/Выполнение бизнес-плана/Значения со страницы Выполнение бизнес-плана/Факт Отпуск в сеть за отчётный период Кировэнерго' is: '4 164 243'

08-11-2024T10:05:12 - [TEST_STEP][PASSED] - page = page.replaceAll("\s+", ""): null

08-11-2024T10:05:12 - [TEST_STEP][PASSED] - fileOtpuskVSet = otpusk.toInteger(): null

08-11-2024T10:05:12 - [TEST_STEP][PASSED] - pageOtpuskVSet = page.toInteger(): null

08-11-2024T10:05:12 - [TEST_STEP][PASSED] - typeOfData = typeOfDataMain + " Потери": null

08-11-2024T10:05:12 - [TEST_STEP][PASSED] - if (a == 82): null

08-11-2024T10:05:12 - [TEST_STEP][PASSED] - else if (a == 84): null

08-11-2024T10:05:12 - [TEST_STEP][PASSED] - else if (a == 52 || a == 72 || a == 28 || a == 73 || a == 77 || a == 74 || a == 65 || a == 36 || a == 44 || a == 53 || a == 80 || a == 54 || a == 1 || a == 18 || a == 59 || a == 81): null

08-11-2024T10:05:12 - [TEST_STEP][PASSED] - else: null

08-11-2024T10:05:12 - [TEST_STEP][PASSED] - path = dataFolder + typeOfData + " за отчётный период " + b: null

08-11-2024T10:05:12 - [TEST_STEP][PASSED] - page = getText(findTestObject(path)): Text of object 'Object Repository/Выполнение бизнес-плана/Значения со страницы Выполнение бизнес-плана/Факт Потери за отчётный период Кировэнерго' is: '145 883'

08-11-2024T10:05:13 - [MESSAGE][PASSED] - Text of object 'Object Repository/Выполнение бизнес-плана/Значения со страницы Выполнение бизнес-плана/Факт Потери за отчётный период Кировэнерго' is: '145 883'

08-11-2024T10:05:13 - [TEST_STEP][PASSED] - page = page.replaceAll("\s+", ""): null

08-11-2024T10:05:13 - [TEST_STEP][PASSED] - filePoteri = poteri.toInteger(): null

08-11-2024T10:05:13 - [TEST_STEP][PASSED] - pagePoteri = page.toInteger(): null

08-11-2024T10:05:13 - [TEST_STEP][PASSED] - compare = pageOtpuskVSet: null

08-11-2024T10:05:13 - [TEST_STEP][PASSED] - if (compare == fileOtpuskVSet): null

08-11-2024T10:05:13 - [TEST_STEP][PASSED] - if (compare == fileOtpuskVSet): null

08-11-2024T10:05:13 - [TEST_STEP][PASSED] - compare = pagePoteri: null

08-11-2024T10:05:13 - [TEST_STEP][PASSED] - if (compare == filePoteri): null

08-11-2024T10:05:13 - [TEST_STEP][PASSED] - if (compare == filePoteri): null

08-11-2024T10:05:13 - [TEST_STEP][PASSED] - if (planFact == 2): null

08-11-2024T10:05:13 - [TEST_STEP][PASSED] - if (planFact == 1): null

08-11-2024T10:05:13 - [TEST_STEP][PASSED] - else if (planFact == 2): null

08-11-2024T10:05:13 - [TEST_STEP][PASSED] - click(findTestObject("Выполнение бизнес-плана/Кнопка План")): Object: 'Object Repository/Выполнение бизнес-плана/Кнопка План' is clicked on

08-11-2024T10:05:13 - [MESSAGE][PASSED] - Object: 'Object Repository/Выполнение бизнес-плана/Кнопка План' is clicked on

08-11-2024T10:05:13 - [TEST_STEP][PASSED] - typeOfDataMain = "План": null

08-11-2024T10:05:13 - [TEST_STEP][PASSED] - otpusk = findTestData("PlanFact").getValue(2, a): null

08-11-2024T10:05:13 - [TEST_STEP][PASSED] - poteri = findTestData("PlanFact").getValue(3, a): null

08-11-2024T10:05:13 - [TEST_STEP][PASSED] - otpusk = otpusk.replaceAll("\s+", ""): null

08-11-2024T10:05:13 - [TEST_STEP][PASSED] - poteri = poteri.replaceAll("\s+", ""): null

08-11-2024T10:05:13 - [TEST_STEP][PASSED] - typeOfData = typeOfDataMain + " Отпуск в сеть": null

08-11-2024T10:05:13 - [TEST_STEP][PASSED] - if (a == 82): null

08-11-2024T10:05:13 - [TEST_STEP][PASSED] - else if (a == 84): null

08-11-2024T10:05:13 - [TEST_STEP][PASSED] - else if (a == 52 || a == 72 || a == 28 || a == 73 || a == 77 || a == 74 || a == 65 || a == 36 || a == 44 || a == 53 || a == 80 || a == 54 || a == 1 || a == 18 || a == 59 || a == 81): null

08-11-2024T10:05:13 - [TEST_STEP][PASSED] - else: null

08-11-2024T10:05:13 - [TEST_STEP][PASSED] - path = dataFolder + typeOfData + " за отчётный период " + b: null

08-11-2024T10:05:13 - [TEST_STEP][PASSED] - println(path): null

08-11-2024T10:05:13 - [TEST_STEP][PASSED] - page = getText(findTestObject(path)): Text of object 'Object Repository/Выполнение бизнес-плана/Значения со страницы Выполнение бизнес-плана/План Отпуск в сеть за отчётный период Кировэнерго' is: '3 988 007'

08-11-2024T10:05:13 - [MESSAGE][PASSED] - Text of object 'Object Repository/Выполнение бизнес-плана/Значения со страницы Выполнение бизнес-плана/План Отпуск в сеть за отчётный период Кировэнерго' is: '3 988 007'

08-11-2024T10:05:13 - [TEST_STEP][PASSED] - page = page.replaceAll("\s+", ""): null

08-11-2024T10:05:13 - [TEST_STEP][PASSED] - fileOtpuskVSet = otpusk.toInteger(): null

08-11-2024T10:05:13 - [TEST_STEP][PASSED] - pageOtpuskVSet = page.toInteger(): null

08-11-2024T10:05:13 - [TEST_STEP][PASSED] - typeOfData = typeOfDataMain + " Потери": null

08-11-2024T10:05:13 - [TEST_STEP][PASSED] - if (a == 82): null

08-11-2024T10:05:13 - [TEST_STEP][PASSED] - else if (a == 84): null

08-11-2024T10:05:13 - [TEST_STEP][PASSED] - else if (a == 52 || a == 72 || a == 28 || a == 73 || a == 77 || a == 74 || a == 65 || a == 36 || a == 44 || a == 53 || a == 80 || a == 54 || a == 1 || a == 18 || a == 59 || a == 81): null

08-11-2024T10:05:13 - [TEST_STEP][PASSED] - else: null

08-11-2024T10:05:13 - [TEST_STEP][PASSED] - path = dataFolder + typeOfData + " за отчётный период " + b: null

08-11-2024T10:05:13 - [TEST_STEP][PASSED] - page = getText(findTestObject(path)): Text of object 'Object Repository/Выполнение бизнес-плана/Значения со страницы Выполнение бизнес-плана/План Потери за отчётный период Кировэнерго' is: '163 583'

08-11-2024T10:05:14 - [MESSAGE][PASSED] - Text of object 'Object Repository/Выполнение бизнес-плана/Значения со страницы Выполнение бизнес-плана/План Потери за отчётный период Кировэнерго' is: '163 583'

08-11-2024T10:05:14 - [TEST_STEP][PASSED] - page = page.replaceAll("\s+", ""): null

08-11-2024T10:05:14 - [TEST_STEP][PASSED] - filePoteri = poteri.toInteger(): null

08-11-2024T10:05:14 - [TEST_STEP][PASSED] - pagePoteri = page.toInteger(): null

08-11-2024T10:05:14 - [TEST_STEP][PASSED] - compare = pageOtpuskVSet: null

08-11-2024T10:05:14 - [TEST_STEP][PASSED] - if (compare == fileOtpuskVSet): null

08-11-2024T10:05:14 - [TEST_STEP][PASSED] - if (compare == fileOtpuskVSet): null

08-11-2024T10:05:14 - [TEST_STEP][PASSED] - compare = pagePoteri: null

08-11-2024T10:05:14 - [TEST_STEP][PASSED] - if (compare == filePoteri): null

08-11-2024T10:05:14 - [TEST_STEP][PASSED] - if (compare == filePoteri): null

08-11-2024T10:05:14 - [TEST_STEP][PASSED] - if (planFact == 2): Object: 'Object Repository/Выполнение бизнес-плана/Кнопка Факт' is clicked on

08-11-2024T10:05:14 - [TEST_STEP][PASSED] - click(findTestObject("Выполнение бизнес-плана/Кнопка Факт")): Object: 'Object Repository/Выполнение бизнес-плана/Кнопка Факт' is clicked on

08-11-2024T10:05:14 - [MESSAGE][PASSED] - Object: 'Object Repository/Выполнение бизнес-плана/Кнопка Факт' is clicked on

08-11-2024T10:05:14 - [TEST_STEP][PASSED] - if (a == 84 || a == 82): null

08-11-2024T10:05:14 - [TEST_STEP][PASSED] - else if (a == 52 || a == 72 || a == 28 || a == 73 || a == 77 || a == 74 || a == 65 || a == 36 || a == 44 || a == 53 || a == 80 || a == 54 || a == 1 || a == 18 || a == 59 || a == 81): null

08-11-2024T10:05:14 - [TEST_STEP][PASSED] - else: null

08-11-2024T10:05:14 - [TEST_STEP][PASSED] - page1 = getText(findTestObject("Object Repository/Выполнение бизнес-плана/spanPlan" + filialNum)): Text of object 'Object Repository/Выполнение бизнес-плана/spanPlan4' is: '4.10
|'

08-11-2024T10:05:14 - [MESSAGE][PASSED] - Text of object 'Object Repository/Выполнение бизнес-плана/spanPlan4' is: '4.10
|'

08-11-2024T10:05:14 - [TEST_STEP][PASSED] - page1 = page1.replace("|", ""): null

08-11-2024T10:05:14 - [TEST_STEP][PASSED] - page2 = getText(findTestObject("Object Repository/Выполнение бизнес-плана/spanFact" + filialNum)): Text of object 'Object Repository/Выполнение бизнес-плана/spanFact4' is: '3.50
|'

08-11-2024T10:05:15 - [MESSAGE][PASSED] - Text of object 'Object Repository/Выполнение бизнес-плана/spanFact4' is: '3.50
|'

08-11-2024T10:05:15 - [TEST_STEP][PASSED] - page2 = page2.replace("|", ""): null

08-11-2024T10:05:15 - [TEST_STEP][PASSED] - println("page1: " + page1): null

08-11-2024T10:05:15 - [TEST_STEP][PASSED] - println("page2: " + page2): null

08-11-2024T10:05:15 - [TEST_STEP][PASSED] - file = findTestData("PlanFact").getValue(4, a): null

08-11-2024T10:05:15 - [TEST_STEP][PASSED] - file = file.replace(",", "."): null

08-11-2024T10:05:15 - [TEST_STEP][PASSED] - println("file Plan: " + file): null

08-11-2024T10:05:15 - [TEST_STEP][PASSED] - typeOfData = "План в процентах": null

08-11-2024T10:05:15 - [TEST_STEP][PASSED] - fileDouble = file.toDouble(): null

08-11-2024T10:05:15 - [TEST_STEP][PASSED] - pageDouble = page1.toDouble(): null

08-11-2024T10:05:15 - [TEST_STEP][PASSED] - if (fileDouble != pageDouble): null

08-11-2024T10:05:15 - [TEST_STEP][PASSED] - file = findTestData("PlanFact").getValue(7, a): null

08-11-2024T10:05:15 - [TEST_STEP][PASSED] - file = file.replace(",", "."): null

08-11-2024T10:05:15 - [TEST_STEP][PASSED] - println("file Fact: " + file): null

08-11-2024T10:05:15 - [TEST_STEP][PASSED] - fileDouble = file.toDouble(): null

08-11-2024T10:05:15 - [TEST_STEP][PASSED] - typeOfData = "Факт в процентах": null

08-11-2024T10:05:15 - [TEST_STEP][PASSED] - fileDouble = file.toDouble(): null

08-11-2024T10:05:15 - [TEST_STEP][PASSED] - pageDouble = page2.toDouble(): null

08-11-2024T10:05:15 - [TEST_STEP][PASSED] - if (fileDouble != pageDouble): null

08-11-2024T10:05:15 - [TEST_STEP][PASSED] - if (verifyEqual(numberOfErrors, 0) == false): Actual object '0' and expected object '0' are equal

08-11-2024T10:05:15 - [MESSAGE][PASSED] - Actual object '0' and expected object '0' are equal

08-11-2024T10:05:15 - [TEST_STEP][PASSED] - if (a == 82): null

08-11-2024T10:05:15 - [TEST_STEP][PASSED] - dZO = "Мариэнерго": null

08-11-2024T10:05:15 - [TEST_STEP][PASSED] - a = 23: null

08-11-2024T10:05:15 - [TEST_STEP][PASSED] - if (x2.contains(dZO)): null

08-11-2024T10:05:15 - [TEST_STEP][PASSED] - filialNum = filialNum + 1: null

08-11-2024T10:05:15 - [TEST_STEP][PASSED] - Script1718980020443.Numbers(a, typeOfData, todaysDate, pageInt, fileInt, pageDouble, fileDouble, dZO, dzoNum, filialNum): null

08-11-2024T10:05:15 - [TEST_STEP][PASSED] - println(dzoNum): null

08-11-2024T10:05:15 - [TEST_STEP][PASSED] - planFact = <not implemented yet for class: org.codehaus.groovy.ast.expr.EmptyExpression>: null

08-11-2024T10:05:15 - [TEST_STEP][PASSED] - page = <not implemented yet for class: org.codehaus.groovy.ast.expr.EmptyExpression>: null

08-11-2024T10:05:15 - [TEST_STEP][PASSED] - page1 = <not implemented yet for class: org.codehaus.groovy.ast.expr.EmptyExpression>: null

08-11-2024T10:05:15 - [TEST_STEP][PASSED] - page2 = <not implemented yet for class: org.codehaus.groovy.ast.expr.EmptyExpression>: null

08-11-2024T10:05:15 - [TEST_STEP][PASSED] - filialNumberInRow = <not implemented yet for class: org.codehaus.groovy.ast.expr.EmptyExpression>: null

08-11-2024T10:05:15 - [TEST_STEP][PASSED] - filialsDzoNames = <not implemented yet for class: org.codehaus.groovy.ast.expr.EmptyExpression>: null

08-11-2024T10:05:15 - [TEST_STEP][PASSED] - numberOfFilials = <not implemented yet for class: org.codehaus.groovy.ast.expr.EmptyExpression>: null

08-11-2024T10:05:15 - [TEST_STEP][PASSED] - numberOfSpaces = <not implemented yet for class: org.codehaus.groovy.ast.expr.EmptyExpression>: null

08-11-2024T10:05:15 - [TEST_STEP][PASSED] - file = <not implemented yet for class: org.codehaus.groovy.ast.expr.EmptyExpression>: null

08-11-2024T10:05:15 - [TEST_STEP][PASSED] - otpusk = <not implemented yet for class: org.codehaus.groovy.ast.expr.EmptyExpression>: null

08-11-2024T10:05:15 - [TEST_STEP][PASSED] - poteri = <not implemented yet for class: org.codehaus.groovy.ast.expr.EmptyExpression>: null

08-11-2024T10:05:15 - [TEST_STEP][PASSED] - dataFolder = "Выполнение бизнес-плана/Значения со страницы Выполнение бизнес-плана/": null

08-11-2024T10:05:15 - [TEST_STEP][PASSED] - path = <not implemented yet for class: org.codehaus.groovy.ast.expr.EmptyExpression>: null

08-11-2024T10:05:15 - [TEST_STEP][PASSED] - typeOfDataMain = <not implemented yet for class: org.codehaus.groovy.ast.expr.EmptyExpression>: null

08-11-2024T10:05:15 - [TEST_STEP][PASSED] - fileOtpuskVSet = <not implemented yet for class: org.codehaus.groovy.ast.expr.EmptyExpression>: null

08-11-2024T10:05:15 - [TEST_STEP][PASSED] - pageOtpuskVSet = <not implemented yet for class: org.codehaus.groovy.ast.expr.EmptyExpression>: null

08-11-2024T10:05:15 - [TEST_STEP][PASSED] - filePoteri = <not implemented yet for class: org.codehaus.groovy.ast.expr.EmptyExpression>: null

08-11-2024T10:05:15 - [TEST_STEP][PASSED] - pagePoteri = <not implemented yet for class: org.codehaus.groovy.ast.expr.EmptyExpression>: null

08-11-2024T10:05:15 - [TEST_STEP][PASSED] - compare = <not implemented yet for class: org.codehaus.groovy.ast.expr.EmptyExpression>: null

08-11-2024T10:05:15 - [TEST_STEP][PASSED] - b = <not implemented yet for class: org.codehaus.groovy.ast.expr.EmptyExpression>: null

08-11-2024T10:05:15 - [TEST_STEP][PASSED] - i = <not implemented yet for class: org.codehaus.groovy.ast.expr.EmptyExpression>: null

08-11-2024T10:05:15 - [TEST_STEP][PASSED] - ii = <not implemented yet for class: org.codehaus.groovy.ast.expr.EmptyExpression>: null

08-11-2024T10:05:15 - [TEST_STEP][PASSED] - c = <not implemented yet for class: org.codehaus.groovy.ast.expr.EmptyExpression>: null

08-11-2024T10:05:15 - [TEST_STEP][PASSED] - numberOfErrors = 0: null

08-11-2024T10:05:15 - [TEST_STEP][PASSED] - if (a == 82): null

08-11-2024T10:05:15 - [TEST_STEP][PASSED] - b = findTestData("PlanFact").getValue(1, a): null

08-11-2024T10:05:15 - [TEST_STEP][PASSED] - i = b.indexOf(" (ГК)"): null

08-11-2024T10:05:15 - [TEST_STEP][PASSED] - if (i > -1): null

08-11-2024T10:05:15 - [TEST_STEP][PASSED] - i = b.indexOf("О ""): null

08-11-2024T10:05:15 - [TEST_STEP][PASSED] - if (i > -1): null

08-11-2024T10:05:15 - [TEST_STEP][PASSED] - i = b.indexOf("О «"): null

08-11-2024T10:05:15 - [TEST_STEP][PASSED] - if (i > -1): null

08-11-2024T10:05:15 - [TEST_STEP][PASSED] - i = b.indexOf("г. "): null

08-11-2024T10:05:15 - [TEST_STEP][PASSED] - if (i > -1): null

08-11-2024T10:05:15 - [TEST_STEP][PASSED] - println(b): null

08-11-2024T10:05:15 - [TEST_STEP][PASSED] - for ([planFact = 1, planFact < 3, (planFact++)]): Object: 'Object Repository/Выполнение бизнес-плана/Кнопка Факт' is clicked on

08-11-2024T10:05:15 - [TEST_STEP][PASSED] - if (planFact == 1): null

08-11-2024T10:05:15 - [TEST_STEP][PASSED] - typeOfDataMain = "Факт": null

08-11-2024T10:05:15 - [TEST_STEP][PASSED] - otpusk = findTestData("PlanFact").getValue(5, a): null

08-11-2024T10:05:15 - [TEST_STEP][PASSED] - poteri = findTestData("PlanFact").getValue(6, a): null

08-11-2024T10:05:15 - [TEST_STEP][PASSED] - otpusk = otpusk.replaceAll("\s+", ""): null

08-11-2024T10:05:15 - [TEST_STEP][PASSED] - poteri = poteri.replaceAll("\s+", ""): null

08-11-2024T10:05:15 - [TEST_STEP][PASSED] - typeOfData = typeOfDataMain + " Отпуск в сеть": null

08-11-2024T10:05:15 - [TEST_STEP][PASSED] - if (a == 82): null

08-11-2024T10:05:15 - [TEST_STEP][PASSED] - else if (a == 84): null

08-11-2024T10:05:15 - [TEST_STEP][PASSED] - else if (a == 52 || a == 72 || a == 28 || a == 73 || a == 77 || a == 74 || a == 65 || a == 36 || a == 44 || a == 53 || a == 80 || a == 54 || a == 1 || a == 18 || a == 59 || a == 81): null

08-11-2024T10:05:15 - [TEST_STEP][PASSED] - else: null

08-11-2024T10:05:15 - [TEST_STEP][PASSED] - path = dataFolder + typeOfData + " за отчётный период " + b: null

08-11-2024T10:05:15 - [TEST_STEP][PASSED] - println(path): null

08-11-2024T10:05:15 - [TEST_STEP][PASSED] - page = getText(findTestObject(path)): Text of object 'Object Repository/Выполнение бизнес-плана/Значения со страницы Выполнение бизнес-плана/Факт Отпуск в сеть за отчётный период Мариэнерго' is: '1 464 353'

08-11-2024T10:05:15 - [MESSAGE][PASSED] - Text of object 'Object Repository/Выполнение бизнес-плана/Значения со страницы Выполнение бизнес-плана/Факт Отпуск в сеть за отчётный период Мариэнерго' is: '1 464 353'

08-11-2024T10:05:15 - [TEST_STEP][PASSED] - page = page.replaceAll("\s+", ""): null

08-11-2024T10:05:15 - [TEST_STEP][PASSED] - fileOtpuskVSet = otpusk.toInteger(): null

08-11-2024T10:05:15 - [TEST_STEP][PASSED] - pageOtpuskVSet = page.toInteger(): null

08-11-2024T10:05:15 - [TEST_STEP][PASSED] - typeOfData = typeOfDataMain + " Потери": null

08-11-2024T10:05:15 - [TEST_STEP][PASSED] - if (a == 82): null

08-11-2024T10:05:15 - [TEST_STEP][PASSED] - else if (a == 84): null

08-11-2024T10:05:15 - [TEST_STEP][PASSED] - else if (a == 52 || a == 72 || a == 28 || a == 73 || a == 77 || a == 74 || a == 65 || a == 36 || a == 44 || a == 53 || a == 80 || a == 54 || a == 1 || a == 18 || a == 59 || a == 81): null

08-11-2024T10:05:15 - [TEST_STEP][PASSED] - else: null

08-11-2024T10:05:15 - [TEST_STEP][PASSED] - path = dataFolder + typeOfData + " за отчётный период " + b: null

08-11-2024T10:05:15 - [TEST_STEP][PASSED] - page = getText(findTestObject(path)): Text of object 'Object Repository/Выполнение бизнес-плана/Значения со страницы Выполнение бизнес-плана/Факт Потери за отчётный период Мариэнерго' is: '114 010'

08-11-2024T10:05:15 - [MESSAGE][PASSED] - Text of object 'Object Repository/Выполнение бизнес-плана/Значения со страницы Выполнение бизнес-плана/Факт Потери за отчётный период Мариэнерго' is: '114 010'

08-11-2024T10:05:15 - [TEST_STEP][PASSED] - page = page.replaceAll("\s+", ""): null

08-11-2024T10:05:15 - [TEST_STEP][PASSED] - filePoteri = poteri.toInteger(): null

08-11-2024T10:05:15 - [TEST_STEP][PASSED] - pagePoteri = page.toInteger(): null

08-11-2024T10:05:15 - [TEST_STEP][PASSED] - compare = pageOtpuskVSet: null

08-11-2024T10:05:15 - [TEST_STEP][PASSED] - if (compare == fileOtpuskVSet): null

08-11-2024T10:05:15 - [TEST_STEP][PASSED] - if (compare == fileOtpuskVSet): null

08-11-2024T10:05:15 - [TEST_STEP][PASSED] - compare = pagePoteri: null

08-11-2024T10:05:15 - [TEST_STEP][PASSED] - if (compare == filePoteri): null

08-11-2024T10:05:15 - [TEST_STEP][PASSED] - if (compare == filePoteri): null

08-11-2024T10:05:15 - [TEST_STEP][PASSED] - if (planFact == 2): null

08-11-2024T10:05:15 - [TEST_STEP][PASSED] - if (planFact == 1): null

08-11-2024T10:05:15 - [TEST_STEP][PASSED] - else if (planFact == 2): null

08-11-2024T10:05:15 - [TEST_STEP][PASSED] - click(findTestObject("Выполнение бизнес-плана/Кнопка План")): Object: 'Object Repository/Выполнение бизнес-плана/Кнопка План' is clicked on

08-11-2024T10:05:16 - [MESSAGE][PASSED] - Object: 'Object Repository/Выполнение бизнес-плана/Кнопка План' is clicked on

08-11-2024T10:05:16 - [TEST_STEP][PASSED] - typeOfDataMain = "План": null

08-11-2024T10:05:16 - [TEST_STEP][PASSED] - otpusk = findTestData("PlanFact").getValue(2, a): null

08-11-2024T10:05:16 - [TEST_STEP][PASSED] - poteri = findTestData("PlanFact").getValue(3, a): null

08-11-2024T10:05:16 - [TEST_STEP][PASSED] - otpusk = otpusk.replaceAll("\s+", ""): null

08-11-2024T10:05:16 - [TEST_STEP][PASSED] - poteri = poteri.replaceAll("\s+", ""): null

08-11-2024T10:05:16 - [TEST_STEP][PASSED] - typeOfData = typeOfDataMain + " Отпуск в сеть": null

08-11-2024T10:05:16 - [TEST_STEP][PASSED] - if (a == 82): null

08-11-2024T10:05:16 - [TEST_STEP][PASSED] - else if (a == 84): null

08-11-2024T10:05:16 - [TEST_STEP][PASSED] - else if (a == 52 || a == 72 || a == 28 || a == 73 || a == 77 || a == 74 || a == 65 || a == 36 || a == 44 || a == 53 || a == 80 || a == 54 || a == 1 || a == 18 || a == 59 || a == 81): null

08-11-2024T10:05:16 - [TEST_STEP][PASSED] - else: null

08-11-2024T10:05:16 - [TEST_STEP][PASSED] - path = dataFolder + typeOfData + " за отчётный период " + b: null

08-11-2024T10:05:16 - [TEST_STEP][PASSED] - println(path): null

08-11-2024T10:05:16 - [TEST_STEP][PASSED] - page = getText(findTestObject(path)): Text of object 'Object Repository/Выполнение бизнес-плана/Значения со страницы Выполнение бизнес-плана/План Отпуск в сеть за отчётный период Мариэнерго' is: '1 417 451'

08-11-2024T10:05:16 - [MESSAGE][PASSED] - Text of object 'Object Repository/Выполнение бизнес-плана/Значения со страницы Выполнение бизнес-плана/План Отпуск в сеть за отчётный период Мариэнерго' is: '1 417 451'

08-11-2024T10:05:16 - [TEST_STEP][PASSED] - page = page.replaceAll("\s+", ""): null

08-11-2024T10:05:16 - [TEST_STEP][PASSED] - fileOtpuskVSet = otpusk.toInteger(): null

08-11-2024T10:05:16 - [TEST_STEP][PASSED] - pageOtpuskVSet = page.toInteger(): null

08-11-2024T10:05:16 - [TEST_STEP][PASSED] - typeOfData = typeOfDataMain + " Потери": null

08-11-2024T10:05:16 - [TEST_STEP][PASSED] - if (a == 82): null

08-11-2024T10:05:16 - [TEST_STEP][PASSED] - else if (a == 84): null

08-11-2024T10:05:16 - [TEST_STEP][PASSED] - else if (a == 52 || a == 72 || a == 28 || a == 73 || a == 77 || a == 74 || a == 65 || a == 36 || a == 44 || a == 53 || a == 80 || a == 54 || a == 1 || a == 18 || a == 59 || a == 81): null

08-11-2024T10:05:16 - [TEST_STEP][PASSED] - else: null

08-11-2024T10:05:16 - [TEST_STEP][PASSED] - path = dataFolder + typeOfData + " за отчётный период " + b: null

08-11-2024T10:05:16 - [TEST_STEP][PASSED] - page = getText(findTestObject(path)): Text of object 'Object Repository/Выполнение бизнес-плана/Значения со страницы Выполнение бизнес-плана/План Потери за отчётный период Мариэнерго' is: '114 726'

08-11-2024T10:05:17 - [MESSAGE][PASSED] - Text of object 'Object Repository/Выполнение бизнес-плана/Значения со страницы Выполнение бизнес-плана/План Потери за отчётный период Мариэнерго' is: '114 726'

08-11-2024T10:05:17 - [TEST_STEP][PASSED] - page = page.replaceAll("\s+", ""): null

08-11-2024T10:05:17 - [TEST_STEP][PASSED] - filePoteri = poteri.toInteger(): null

08-11-2024T10:05:17 - [TEST_STEP][PASSED] - pagePoteri = page.toInteger(): null

08-11-2024T10:05:17 - [TEST_STEP][PASSED] - compare = pageOtpuskVSet: null

08-11-2024T10:05:17 - [TEST_STEP][PASSED] - if (compare == fileOtpuskVSet): null

08-11-2024T10:05:17 - [TEST_STEP][PASSED] - if (compare == fileOtpuskVSet): null

08-11-2024T10:05:17 - [TEST_STEP][PASSED] - compare = pagePoteri: null

08-11-2024T10:05:17 - [TEST_STEP][PASSED] - if (compare == filePoteri): null

08-11-2024T10:05:17 - [TEST_STEP][PASSED] - if (compare == filePoteri): null

08-11-2024T10:05:17 - [TEST_STEP][PASSED] - if (planFact == 2): Object: 'Object Repository/Выполнение бизнес-плана/Кнопка Факт' is clicked on

08-11-2024T10:05:17 - [TEST_STEP][PASSED] - click(findTestObject("Выполнение бизнес-плана/Кнопка Факт")): Object: 'Object Repository/Выполнение бизнес-плана/Кнопка Факт' is clicked on

08-11-2024T10:05:17 - [MESSAGE][PASSED] - Object: 'Object Repository/Выполнение бизнес-плана/Кнопка Факт' is clicked on

08-11-2024T10:05:17 - [TEST_STEP][PASSED] - if (a == 84 || a == 82): null

08-11-2024T10:05:17 - [TEST_STEP][PASSED] - else if (a == 52 || a == 72 || a == 28 || a == 73 || a == 77 || a == 74 || a == 65 || a == 36 || a == 44 || a == 53 || a == 80 || a == 54 || a == 1 || a == 18 || a == 59 || a == 81): null

08-11-2024T10:05:17 - [TEST_STEP][PASSED] - else: null

08-11-2024T10:05:17 - [TEST_STEP][PASSED] - page1 = getText(findTestObject("Object Repository/Выполнение бизнес-плана/spanPlan" + filialNum)): Text of object 'Object Repository/Выполнение бизнес-плана/spanPlan5' is: '8.09
|'

08-11-2024T10:05:17 - [MESSAGE][PASSED] - Text of object 'Object Repository/Выполнение бизнес-плана/spanPlan5' is: '8.09
|'

08-11-2024T10:05:17 - [TEST_STEP][PASSED] - page1 = page1.replace("|", ""): null

08-11-2024T10:05:17 - [TEST_STEP][PASSED] - page2 = getText(findTestObject("Object Repository/Выполнение бизнес-плана/spanFact" + filialNum)): Text of object 'Object Repository/Выполнение бизнес-плана/spanFact5' is: '7.79
|'

08-11-2024T10:05:17 - [MESSAGE][PASSED] - Text of object 'Object Repository/Выполнение бизнес-плана/spanFact5' is: '7.79
|'

08-11-2024T10:05:17 - [TEST_STEP][PASSED] - page2 = page2.replace("|", ""): null

08-11-2024T10:05:17 - [TEST_STEP][PASSED] - println("page1: " + page1): null

08-11-2024T10:05:17 - [TEST_STEP][PASSED] - println("page2: " + page2): null

08-11-2024T10:05:17 - [TEST_STEP][PASSED] - file = findTestData("PlanFact").getValue(4, a): null

08-11-2024T10:05:17 - [TEST_STEP][PASSED] - file = file.replace(",", "."): null

08-11-2024T10:05:17 - [TEST_STEP][PASSED] - println("file Plan: " + file): null

08-11-2024T10:05:17 - [TEST_STEP][PASSED] - typeOfData = "План в процентах": null

08-11-2024T10:05:17 - [TEST_STEP][PASSED] - fileDouble = file.toDouble(): null

08-11-2024T10:05:17 - [TEST_STEP][PASSED] - pageDouble = page1.toDouble(): null

08-11-2024T10:05:17 - [TEST_STEP][PASSED] - if (fileDouble != pageDouble): null

08-11-2024T10:05:17 - [TEST_STEP][PASSED] - file = findTestData("PlanFact").getValue(7, a): null

08-11-2024T10:05:18 - [TEST_STEP][PASSED] - file = file.replace(",", "."): null

08-11-2024T10:05:18 - [TEST_STEP][PASSED] - println("file Fact: " + file): null

08-11-2024T10:05:18 - [TEST_STEP][PASSED] - fileDouble = file.toDouble(): null

08-11-2024T10:05:18 - [TEST_STEP][PASSED] - typeOfData = "Факт в процентах": null

08-11-2024T10:05:18 - [TEST_STEP][PASSED] - fileDouble = file.toDouble(): null

08-11-2024T10:05:18 - [TEST_STEP][PASSED] - pageDouble = page2.toDouble(): null

08-11-2024T10:05:18 - [TEST_STEP][PASSED] - if (fileDouble != pageDouble): null

08-11-2024T10:05:18 - [TEST_STEP][PASSED] - if (verifyEqual(numberOfErrors, 0) == false): Actual object '0' and expected object '0' are equal

08-11-2024T10:05:18 - [MESSAGE][PASSED] - Actual object '0' and expected object '0' are equal

08-11-2024T10:05:18 - [TEST_STEP][PASSED] - if (a == 82): null

08-11-2024T10:05:18 - [TEST_STEP][PASSED] - dZO = "Нижновэнерго": null

08-11-2024T10:05:18 - [TEST_STEP][PASSED] - a = 24: null

08-11-2024T10:05:18 - [TEST_STEP][PASSED] - if (x2.contains(dZO)): null

08-11-2024T10:05:18 - [TEST_STEP][PASSED] - filialNum = filialNum + 1: null

08-11-2024T10:05:18 - [TEST_STEP][PASSED] - Script1718980020443.Numbers(a, typeOfData, todaysDate, pageInt, fileInt, pageDouble, fileDouble, dZO, dzoNum, filialNum): null

08-11-2024T10:05:18 - [TEST_STEP][PASSED] - println(dzoNum): null

08-11-2024T10:05:18 - [TEST_STEP][PASSED] - planFact = <not implemented yet for class: org.codehaus.groovy.ast.expr.EmptyExpression>: null

08-11-2024T10:05:18 - [TEST_STEP][PASSED] - page = <not implemented yet for class: org.codehaus.groovy.ast.expr.EmptyExpression>: null

08-11-2024T10:05:18 - [TEST_STEP][PASSED] - page1 = <not implemented yet for class: org.codehaus.groovy.ast.expr.EmptyExpression>: null

08-11-2024T10:05:18 - [TEST_STEP][PASSED] - page2 = <not implemented yet for class: org.codehaus.groovy.ast.expr.EmptyExpression>: null

08-11-2024T10:05:18 - [TEST_STEP][PASSED] - filialNumberInRow = <not implemented yet for class: org.codehaus.groovy.ast.expr.EmptyExpression>: null

08-11-2024T10:05:18 - [TEST_STEP][PASSED] - filialsDzoNames = <not implemented yet for class: org.codehaus.groovy.ast.expr.EmptyExpression>: null

08-11-2024T10:05:18 - [TEST_STEP][PASSED] - numberOfFilials = <not implemented yet for class: org.codehaus.groovy.ast.expr.EmptyExpression>: null

08-11-2024T10:05:18 - [TEST_STEP][PASSED] - numberOfSpaces = <not implemented yet for class: org.codehaus.groovy.ast.expr.EmptyExpression>: null

08-11-2024T10:05:18 - [TEST_STEP][PASSED] - file = <not implemented yet for class: org.codehaus.groovy.ast.expr.EmptyExpression>: null

08-11-2024T10:05:18 - [TEST_STEP][PASSED] - otpusk = <not implemented yet for class: org.codehaus.groovy.ast.expr.EmptyExpression>: null

08-11-2024T10:05:18 - [TEST_STEP][PASSED] - poteri = <not implemented yet for class: org.codehaus.groovy.ast.expr.EmptyExpression>: null

08-11-2024T10:05:18 - [TEST_STEP][PASSED] - dataFolder = "Выполнение бизнес-плана/Значения со страницы Выполнение бизнес-плана/": null

08-11-2024T10:05:18 - [TEST_STEP][PASSED] - path = <not implemented yet for class: org.codehaus.groovy.ast.expr.EmptyExpression>: null

08-11-2024T10:05:18 - [TEST_STEP][PASSED] - typeOfDataMain = <not implemented yet for class: org.codehaus.groovy.ast.expr.EmptyExpression>: null

08-11-2024T10:05:18 - [TEST_STEP][PASSED] - fileOtpuskVSet = <not implemented yet for class: org.codehaus.groovy.ast.expr.EmptyExpression>: null

08-11-2024T10:05:18 - [TEST_STEP][PASSED] - pageOtpuskVSet = <not implemented yet for class: org.codehaus.groovy.ast.expr.EmptyExpression>: null

08-11-2024T10:05:18 - [TEST_STEP][PASSED] - filePoteri = <not implemented yet for class: org.codehaus.groovy.ast.expr.EmptyExpression>: null

08-11-2024T10:05:18 - [TEST_STEP][PASSED] - pagePoteri = <not implemented yet for class: org.codehaus.groovy.ast.expr.EmptyExpression>: null

08-11-2024T10:05:18 - [TEST_STEP][PASSED] - compare = <not implemented yet for class: org.codehaus.groovy.ast.expr.EmptyExpression>: null

08-11-2024T10:05:18 - [TEST_STEP][PASSED] - b = <not implemented yet for class: org.codehaus.groovy.ast.expr.EmptyExpression>: null

08-11-2024T10:05:18 - [TEST_STEP][PASSED] - i = <not implemented yet for class: org.codehaus.groovy.ast.expr.EmptyExpression>: null

08-11-2024T10:05:18 - [TEST_STEP][PASSED] - ii = <not implemented yet for class: org.codehaus.groovy.ast.expr.EmptyExpression>: null

08-11-2024T10:05:18 - [TEST_STEP][PASSED] - c = <not implemented yet for class: org.codehaus.groovy.ast.expr.EmptyExpression>: null

08-11-2024T10:05:18 - [TEST_STEP][PASSED] - numberOfErrors = 0: null

08-11-2024T10:05:18 - [TEST_STEP][PASSED] - if (a == 82): null

08-11-2024T10:05:18 - [TEST_STEP][PASSED] - b = findTestData("PlanFact").getValue(1, a): null

08-11-2024T10:05:18 - [TEST_STEP][PASSED] - i = b.indexOf(" (ГК)"): null

08-11-2024T10:05:18 - [TEST_STEP][PASSED] - if (i > -1): null

08-11-2024T10:05:18 - [TEST_STEP][PASSED] - i = b.indexOf("О ""): null

08-11-2024T10:05:18 - [TEST_STEP][PASSED] - if (i > -1): null

08-11-2024T10:05:18 - [TEST_STEP][PASSED] - i = b.indexOf("О «"): null

08-11-2024T10:05:18 - [TEST_STEP][PASSED] - if (i > -1): null

08-11-2024T10:05:18 - [TEST_STEP][PASSED] - i = b.indexOf("г. "): null

08-11-2024T10:05:18 - [TEST_STEP][PASSED] - if (i > -1): null

08-11-2024T10:05:18 - [TEST_STEP][PASSED] - println(b): null

08-11-2024T10:05:18 - [TEST_STEP][PASSED] - for ([planFact = 1, planFact < 3, (planFact++)]): Object: 'Object Repository/Выполнение бизнес-плана/Кнопка Факт' is clicked on

08-11-2024T10:05:18 - [TEST_STEP][PASSED] - if (planFact == 1): null

08-11-2024T10:05:18 - [TEST_STEP][PASSED] - typeOfDataMain = "Факт": null

08-11-2024T10:05:18 - [TEST_STEP][PASSED] - otpusk = findTestData("PlanFact").getValue(5, a): null

08-11-2024T10:05:18 - [TEST_STEP][PASSED] - poteri = findTestData("PlanFact").getValue(6, a): null

08-11-2024T10:05:18 - [TEST_STEP][PASSED] - otpusk = otpusk.replaceAll("\s+", ""): null

08-11-2024T10:05:18 - [TEST_STEP][PASSED] - poteri = poteri.replaceAll("\s+", ""): null

08-11-2024T10:05:18 - [TEST_STEP][PASSED] - typeOfData = typeOfDataMain + " Отпуск в сеть": null

08-11-2024T10:05:18 - [TEST_STEP][PASSED] - if (a == 82): null

08-11-2024T10:05:18 - [TEST_STEP][PASSED] - else if (a == 84): null

08-11-2024T10:05:18 - [TEST_STEP][PASSED] - else if (a == 52 || a == 72 || a == 28 || a == 73 || a == 77 || a == 74 || a == 65 || a == 36 || a == 44 || a == 53 || a == 80 || a == 54 || a == 1 || a == 18 || a == 59 || a == 81): null

08-11-2024T10:05:18 - [TEST_STEP][PASSED] - else: null

08-11-2024T10:05:18 - [TEST_STEP][PASSED] - path = dataFolder + typeOfData + " за отчётный период " + b: null

08-11-2024T10:05:18 - [TEST_STEP][PASSED] - println(path): null

08-11-2024T10:05:18 - [TEST_STEP][PASSED] - page = getText(findTestObject(path)): Text of object 'Object Repository/Выполнение бизнес-плана/Значения со страницы Выполнение бизнес-плана/Факт Отпуск в сеть за отчётный период Нижновэнерго' is: '9 396 960'

08-11-2024T10:05:18 - [MESSAGE][PASSED] - Text of object 'Object Repository/Выполнение бизнес-плана/Значения со страницы Выполнение бизнес-плана/Факт Отпуск в сеть за отчётный период Нижновэнерго' is: '9 396 960'

08-11-2024T10:05:18 - [TEST_STEP][PASSED] - page = page.replaceAll("\s+", ""): null

08-11-2024T10:05:18 - [TEST_STEP][PASSED] - fileOtpuskVSet = otpusk.toInteger(): null

08-11-2024T10:05:18 - [TEST_STEP][PASSED] - pageOtpuskVSet = page.toInteger(): null

08-11-2024T10:05:18 - [TEST_STEP][PASSED] - typeOfData = typeOfDataMain + " Потери": null

08-11-2024T10:05:18 - [TEST_STEP][PASSED] - if (a == 82): null

08-11-2024T10:05:18 - [TEST_STEP][PASSED] - else if (a == 84): null

08-11-2024T10:05:18 - [TEST_STEP][PASSED] - else if (a == 52 || a == 72 || a == 28 || a == 73 || a == 77 || a == 74 || a == 65 || a == 36 || a == 44 || a == 53 || a == 80 || a == 54 || a == 1 || a == 18 || a == 59 || a == 81): null

08-11-2024T10:05:18 - [TEST_STEP][PASSED] - else: null

08-11-2024T10:05:18 - [TEST_STEP][PASSED] - path = dataFolder + typeOfData + " за отчётный период " + b: null

08-11-2024T10:05:18 - [TEST_STEP][PASSED] - page = getText(findTestObject(path)): Text of object 'Object Repository/Выполнение бизнес-плана/Значения со страницы Выполнение бизнес-плана/Факт Потери за отчётный период Нижновэнерго' is: '783 521'

08-11-2024T10:05:18 - [MESSAGE][PASSED] - Text of object 'Object Repository/Выполнение бизнес-плана/Значения со страницы Выполнение бизнес-плана/Факт Потери за отчётный период Нижновэнерго' is: '783 521'

08-11-2024T10:05:18 - [TEST_STEP][PASSED] - page = page.replaceAll("\s+", ""): null

08-11-2024T10:05:18 - [TEST_STEP][PASSED] - filePoteri = poteri.toInteger(): null

08-11-2024T10:05:18 - [TEST_STEP][PASSED] - pagePoteri = page.toInteger(): null

08-11-2024T10:05:18 - [TEST_STEP][PASSED] - compare = pageOtpuskVSet: null

08-11-2024T10:05:18 - [TEST_STEP][PASSED] - if (compare == fileOtpuskVSet): null

08-11-2024T10:05:18 - [TEST_STEP][PASSED] - if (compare == fileOtpuskVSet): null

08-11-2024T10:05:18 - [TEST_STEP][PASSED] - compare = pagePoteri: null

08-11-2024T10:05:18 - [TEST_STEP][PASSED] - if (compare == filePoteri): null

08-11-2024T10:05:18 - [TEST_STEP][PASSED] - if (compare == filePoteri): null

08-11-2024T10:05:18 - [TEST_STEP][PASSED] - if (planFact == 2): null

08-11-2024T10:05:18 - [TEST_STEP][PASSED] - if (planFact == 1): null

08-11-2024T10:05:18 - [TEST_STEP][PASSED] - else if (planFact == 2): null

08-11-2024T10:05:18 - [TEST_STEP][PASSED] - click(findTestObject("Выполнение бизнес-плана/Кнопка План")): Object: 'Object Repository/Выполнение бизнес-плана/Кнопка План' is clicked on

08-11-2024T10:05:19 - [MESSAGE][PASSED] - Object: 'Object Repository/Выполнение бизнес-плана/Кнопка План' is clicked on

08-11-2024T10:05:19 - [TEST_STEP][PASSED] - typeOfDataMain = "План": null

08-11-2024T10:05:19 - [TEST_STEP][PASSED] - otpusk = findTestData("PlanFact").getValue(2, a): null

08-11-2024T10:05:19 - [TEST_STEP][PASSED] - poteri = findTestData("PlanFact").getValue(3, a): null

08-11-2024T10:05:19 - [TEST_STEP][PASSED] - otpusk = otpusk.replaceAll("\s+", ""): null

08-11-2024T10:05:19 - [TEST_STEP][PASSED] - poteri = poteri.replaceAll("\s+", ""): null

08-11-2024T10:05:19 - [TEST_STEP][PASSED] - typeOfData = typeOfDataMain + " Отпуск в сеть": null

08-11-2024T10:05:19 - [TEST_STEP][PASSED] - if (a == 82): null

08-11-2024T10:05:19 - [TEST_STEP][PASSED] - else if (a == 84): null

08-11-2024T10:05:19 - [TEST_STEP][PASSED] - else if (a == 52 || a == 72 || a == 28 || a == 73 || a == 77 || a == 74 || a == 65 || a == 36 || a == 44 || a == 53 || a == 80 || a == 54 || a == 1 || a == 18 || a == 59 || a == 81): null

08-11-2024T10:05:19 - [TEST_STEP][PASSED] - else: null

08-11-2024T10:05:19 - [TEST_STEP][PASSED] - path = dataFolder + typeOfData + " за отчётный период " + b: null

08-11-2024T10:05:19 - [TEST_STEP][PASSED] - println(path): null

08-11-2024T10:05:19 - [TEST_STEP][PASSED] - page = getText(findTestObject(path)): Text of object 'Object Repository/Выполнение бизнес-плана/Значения со страницы Выполнение бизнес-плана/План Отпуск в сеть за отчётный период Нижновэнерго' is: '9 157 487'

08-11-2024T10:05:19 - [MESSAGE][PASSED] - Text of object 'Object Repository/Выполнение бизнес-плана/Значения со страницы Выполнение бизнес-плана/План Отпуск в сеть за отчётный период Нижновэнерго' is: '9 157 487'

08-11-2024T10:05:19 - [TEST_STEP][PASSED] - page = page.replaceAll("\s+", ""): null

08-11-2024T10:05:19 - [TEST_STEP][PASSED] - fileOtpuskVSet = otpusk.toInteger(): null

08-11-2024T10:05:19 - [TEST_STEP][PASSED] - pageOtpuskVSet = page.toInteger(): null

08-11-2024T10:05:19 - [TEST_STEP][PASSED] - typeOfData = typeOfDataMain + " Потери": null

08-11-2024T10:05:19 - [TEST_STEP][PASSED] - if (a == 82): null

08-11-2024T10:05:19 - [TEST_STEP][PASSED] - else if (a == 84): null

08-11-2024T10:05:19 - [TEST_STEP][PASSED] - else if (a == 52 || a == 72 || a == 28 || a == 73 || a == 77 || a == 74 || a == 65 || a == 36 || a == 44 || a == 53 || a == 80 || a == 54 || a == 1 || a == 18 || a == 59 || a == 81): null

08-11-2024T10:05:19 - [TEST_STEP][PASSED] - else: null

08-11-2024T10:05:19 - [TEST_STEP][PASSED] - path = dataFolder + typeOfData + " за отчётный период " + b: null

08-11-2024T10:05:19 - [TEST_STEP][PASSED] - page = getText(findTestObject(path)): Text of object 'Object Repository/Выполнение бизнес-плана/Значения со страницы Выполнение бизнес-плана/План Потери за отчётный период Нижновэнерго' is: '751 132'

08-11-2024T10:05:19 - [MESSAGE][PASSED] - Text of object 'Object Repository/Выполнение бизнес-плана/Значения со страницы Выполнение бизнес-плана/План Потери за отчётный период Нижновэнерго' is: '751 132'

08-11-2024T10:05:19 - [TEST_STEP][PASSED] - page = page.replaceAll("\s+", ""): null

08-11-2024T10:05:19 - [TEST_STEP][PASSED] - filePoteri = poteri.toInteger(): null

08-11-2024T10:05:19 - [TEST_STEP][PASSED] - pagePoteri = page.toInteger(): null

08-11-2024T10:05:19 - [TEST_STEP][PASSED] - compare = pageOtpuskVSet: null

08-11-2024T10:05:19 - [TEST_STEP][PASSED] - if (compare == fileOtpuskVSet): null

08-11-2024T10:05:19 - [TEST_STEP][PASSED] - if (compare == fileOtpuskVSet): null

08-11-2024T10:05:19 - [TEST_STEP][PASSED] - compare = pagePoteri: null

08-11-2024T10:05:19 - [TEST_STEP][PASSED] - if (compare == filePoteri): null

08-11-2024T10:05:19 - [TEST_STEP][PASSED] - if (compare == filePoteri): null

08-11-2024T10:05:19 - [TEST_STEP][PASSED] - if (planFact == 2): Object: 'Object Repository/Выполнение бизнес-плана/Кнопка Факт' is clicked on

08-11-2024T10:05:19 - [TEST_STEP][PASSED] - click(findTestObject("Выполнение бизнес-плана/Кнопка Факт")): Object: 'Object Repository/Выполнение бизнес-плана/Кнопка Факт' is clicked on

08-11-2024T10:05:20 - [MESSAGE][PASSED] - Object: 'Object Repository/Выполнение бизнес-плана/Кнопка Факт' is clicked on

08-11-2024T10:05:20 - [TEST_STEP][PASSED] - if (a == 84 || a == 82): null

08-11-2024T10:05:20 - [TEST_STEP][PASSED] - else if (a == 52 || a == 72 || a == 28 || a == 73 || a == 77 || a == 74 || a == 65 || a == 36 || a == 44 || a == 53 || a == 80 || a == 54 || a == 1 || a == 18 || a == 59 || a == 81): null

08-11-2024T10:05:20 - [TEST_STEP][PASSED] - else: null

08-11-2024T10:05:20 - [TEST_STEP][PASSED] - page1 = getText(findTestObject("Object Repository/Выполнение бизнес-плана/spanPlan" + filialNum)): Text of object 'Object Repository/Выполнение бизнес-плана/spanPlan6' is: '8.20
|'

08-11-2024T10:05:20 - [MESSAGE][PASSED] - Text of object 'Object Repository/Выполнение бизнес-плана/spanPlan6' is: '8.20
|'

08-11-2024T10:05:20 - [TEST_STEP][PASSED] - page1 = page1.replace("|", ""): null

08-11-2024T10:05:20 - [TEST_STEP][PASSED] - page2 = getText(findTestObject("Object Repository/Выполнение бизнес-плана/spanFact" + filialNum)): Text of object 'Object Repository/Выполнение бизнес-плана/spanFact6' is: '8.34
|'

08-11-2024T10:05:20 - [MESSAGE][PASSED] - Text of object 'Object Repository/Выполнение бизнес-плана/spanFact6' is: '8.34
|'

08-11-2024T10:05:20 - [TEST_STEP][PASSED] - page2 = page2.replace("|", ""): null

08-11-2024T10:05:20 - [TEST_STEP][PASSED] - println("page1: " + page1): null

08-11-2024T10:05:20 - [TEST_STEP][PASSED] - println("page2: " + page2): null

08-11-2024T10:05:20 - [TEST_STEP][PASSED] - file = findTestData("PlanFact").getValue(4, a): null

08-11-2024T10:05:20 - [TEST_STEP][PASSED] - file = file.replace(",", "."): null

08-11-2024T10:05:20 - [TEST_STEP][PASSED] - println("file Plan: " + file): null

08-11-2024T10:05:20 - [TEST_STEP][PASSED] - typeOfData = "План в процентах": null

08-11-2024T10:05:20 - [TEST_STEP][PASSED] - fileDouble = file.toDouble(): null

08-11-2024T10:05:20 - [TEST_STEP][PASSED] - pageDouble = page1.toDouble(): null

08-11-2024T10:05:20 - [TEST_STEP][PASSED] - if (fileDouble != pageDouble): null

08-11-2024T10:05:20 - [TEST_STEP][PASSED] - file = findTestData("PlanFact").getValue(7, a): null

08-11-2024T10:05:20 - [TEST_STEP][PASSED] - file = file.replace(",", "."): null

08-11-2024T10:05:20 - [TEST_STEP][PASSED] - println("file Fact: " + file): null

08-11-2024T10:05:20 - [TEST_STEP][PASSED] - fileDouble = file.toDouble(): null

08-11-2024T10:05:20 - [TEST_STEP][PASSED] - typeOfData = "Факт в процентах": null

08-11-2024T10:05:20 - [TEST_STEP][PASSED] - fileDouble = file.toDouble(): null

08-11-2024T10:05:20 - [TEST_STEP][PASSED] - pageDouble = page2.toDouble(): null

08-11-2024T10:05:20 - [TEST_STEP][PASSED] - if (fileDouble != pageDouble): null

08-11-2024T10:05:20 - [TEST_STEP][PASSED] - if (verifyEqual(numberOfErrors, 0) == false): Actual object '0' and expected object '0' are equal

08-11-2024T10:05:20 - [MESSAGE][PASSED] - Actual object '0' and expected object '0' are equal

08-11-2024T10:05:20 - [TEST_STEP][PASSED] - if (a == 82): null

08-11-2024T10:05:20 - [TEST_STEP][PASSED] - dZO = "Рязаньэнерго": null

08-11-2024T10:05:20 - [TEST_STEP][PASSED] - a = 25: null

08-11-2024T10:05:20 - [TEST_STEP][PASSED] - if (x2.contains(dZO)): null

08-11-2024T10:05:20 - [TEST_STEP][PASSED] - filialNum = filialNum + 1: null

08-11-2024T10:05:20 - [TEST_STEP][PASSED] - Script1718980020443.Numbers(a, typeOfData, todaysDate, pageInt, fileInt, pageDouble, fileDouble, dZO, dzoNum, filialNum): null

08-11-2024T10:05:20 - [TEST_STEP][PASSED] - println(dzoNum): null

08-11-2024T10:05:20 - [TEST_STEP][PASSED] - planFact = <not implemented yet for class: org.codehaus.groovy.ast.expr.EmptyExpression>: null

08-11-2024T10:05:20 - [TEST_STEP][PASSED] - page = <not implemented yet for class: org.codehaus.groovy.ast.expr.EmptyExpression>: null

08-11-2024T10:05:20 - [TEST_STEP][PASSED] - page1 = <not implemented yet for class: org.codehaus.groovy.ast.expr.EmptyExpression>: null

08-11-2024T10:05:20 - [TEST_STEP][PASSED] - page2 = <not implemented yet for class: org.codehaus.groovy.ast.expr.EmptyExpression>: null

08-11-2024T10:05:20 - [TEST_STEP][PASSED] - filialNumberInRow = <not implemented yet for class: org.codehaus.groovy.ast.expr.EmptyExpression>: null

08-11-2024T10:05:20 - [TEST_STEP][PASSED] - filialsDzoNames = <not implemented yet for class: org.codehaus.groovy.ast.expr.EmptyExpression>: null

08-11-2024T10:05:20 - [TEST_STEP][PASSED] - numberOfFilials = <not implemented yet for class: org.codehaus.groovy.ast.expr.EmptyExpression>: null

08-11-2024T10:05:20 - [TEST_STEP][PASSED] - numberOfSpaces = <not implemented yet for class: org.codehaus.groovy.ast.expr.EmptyExpression>: null

08-11-2024T10:05:20 - [TEST_STEP][PASSED] - file = <not implemented yet for class: org.codehaus.groovy.ast.expr.EmptyExpression>: null

08-11-2024T10:05:20 - [TEST_STEP][PASSED] - otpusk = <not implemented yet for class: org.codehaus.groovy.ast.expr.EmptyExpression>: null

08-11-2024T10:05:20 - [TEST_STEP][PASSED] - poteri = <not implemented yet for class: org.codehaus.groovy.ast.expr.EmptyExpression>: null

08-11-2024T10:05:20 - [TEST_STEP][PASSED] - dataFolder = "Выполнение бизнес-плана/Значения со страницы Выполнение бизнес-плана/": null

08-11-2024T10:05:20 - [TEST_STEP][PASSED] - path = <not implemented yet for class: org.codehaus.groovy.ast.expr.EmptyExpression>: null

08-11-2024T10:05:20 - [TEST_STEP][PASSED] - typeOfDataMain = <not implemented yet for class: org.codehaus.groovy.ast.expr.EmptyExpression>: null

08-11-2024T10:05:20 - [TEST_STEP][PASSED] - fileOtpuskVSet = <not implemented yet for class: org.codehaus.groovy.ast.expr.EmptyExpression>: null

08-11-2024T10:05:20 - [TEST_STEP][PASSED] - pageOtpuskVSet = <not implemented yet for class: org.codehaus.groovy.ast.expr.EmptyExpression>: null

08-11-2024T10:05:20 - [TEST_STEP][PASSED] - filePoteri = <not implemented yet for class: org.codehaus.groovy.ast.expr.EmptyExpression>: null

08-11-2024T10:05:20 - [TEST_STEP][PASSED] - pagePoteri = <not implemented yet for class: org.codehaus.groovy.ast.expr.EmptyExpression>: null

08-11-2024T10:05:20 - [TEST_STEP][PASSED] - compare = <not implemented yet for class: org.codehaus.groovy.ast.expr.EmptyExpression>: null

08-11-2024T10:05:20 - [TEST_STEP][PASSED] - b = <not implemented yet for class: org.codehaus.groovy.ast.expr.EmptyExpression>: null

08-11-2024T10:05:20 - [TEST_STEP][PASSED] - i = <not implemented yet for class: org.codehaus.groovy.ast.expr.EmptyExpression>: null

08-11-2024T10:05:20 - [TEST_STEP][PASSED] - ii = <not implemented yet for class: org.codehaus.groovy.ast.expr.EmptyExpression>: null

08-11-2024T10:05:20 - [TEST_STEP][PASSED] - c = <not implemented yet for class: org.codehaus.groovy.ast.expr.EmptyExpression>: null

08-11-2024T10:05:20 - [TEST_STEP][PASSED] - numberOfErrors = 0: null

08-11-2024T10:05:20 - [TEST_STEP][PASSED] - if (a == 82): null

08-11-2024T10:05:20 - [TEST_STEP][PASSED] - b = findTestData("PlanFact").getValue(1, a): null

08-11-2024T10:05:21 - [TEST_STEP][PASSED] - i = b.indexOf(" (ГК)"): null

08-11-2024T10:05:21 - [TEST_STEP][PASSED] - if (i > -1): null

08-11-2024T10:05:21 - [TEST_STEP][PASSED] - i = b.indexOf("О ""): null

08-11-2024T10:05:21 - [TEST_STEP][PASSED] - if (i > -1): null

08-11-2024T10:05:21 - [TEST_STEP][PASSED] - i = b.indexOf("О «"): null

08-11-2024T10:05:21 - [TEST_STEP][PASSED] - if (i > -1): null

08-11-2024T10:05:21 - [TEST_STEP][PASSED] - i = b.indexOf("г. "): null

08-11-2024T10:05:21 - [TEST_STEP][PASSED] - if (i > -1): null

08-11-2024T10:05:21 - [TEST_STEP][PASSED] - println(b): null

08-11-2024T10:05:21 - [TEST_STEP][PASSED] - for ([planFact = 1, planFact < 3, (planFact++)]): Object: 'Object Repository/Выполнение бизнес-плана/Кнопка Факт' is clicked on

08-11-2024T10:05:21 - [TEST_STEP][PASSED] - if (planFact == 1): null

08-11-2024T10:05:21 - [TEST_STEP][PASSED] - typeOfDataMain = "Факт": null

08-11-2024T10:05:21 - [TEST_STEP][PASSED] - otpusk = findTestData("PlanFact").getValue(5, a): null

08-11-2024T10:05:21 - [TEST_STEP][PASSED] - poteri = findTestData("PlanFact").getValue(6, a): null

08-11-2024T10:05:21 - [TEST_STEP][PASSED] - otpusk = otpusk.replaceAll("\s+", ""): null

08-11-2024T10:05:21 - [TEST_STEP][PASSED] - poteri = poteri.replaceAll("\s+", ""): null

08-11-2024T10:05:21 - [TEST_STEP][PASSED] - typeOfData = typeOfDataMain + " Отпуск в сеть": null

08-11-2024T10:05:21 - [TEST_STEP][PASSED] - if (a == 82): null

08-11-2024T10:05:21 - [TEST_STEP][PASSED] - else if (a == 84): null

08-11-2024T10:05:21 - [TEST_STEP][PASSED] - else if (a == 52 || a == 72 || a == 28 || a == 73 || a == 77 || a == 74 || a == 65 || a == 36 || a == 44 || a == 53 || a == 80 || a == 54 || a == 1 || a == 18 || a == 59 || a == 81): null

08-11-2024T10:05:21 - [TEST_STEP][PASSED] - else: null

08-11-2024T10:05:21 - [TEST_STEP][PASSED] - path = dataFolder + typeOfData + " за отчётный период " + b: null

08-11-2024T10:05:21 - [TEST_STEP][PASSED] - println(path): null

08-11-2024T10:05:21 - [TEST_STEP][PASSED] - page = getText(findTestObject(path)): Text of object 'Object Repository/Выполнение бизнес-плана/Значения со страницы Выполнение бизнес-плана/Факт Отпуск в сеть за отчётный период Рязаньэнерго' is: '4 163 601'

08-11-2024T10:05:21 - [MESSAGE][PASSED] - Text of object 'Object Repository/Выполнение бизнес-плана/Значения со страницы Выполнение бизнес-плана/Факт Отпуск в сеть за отчётный период Рязаньэнерго' is: '4 163 601'

08-11-2024T10:05:21 - [TEST_STEP][PASSED] - page = page.replaceAll("\s+", ""): null

08-11-2024T10:05:21 - [TEST_STEP][PASSED] - fileOtpuskVSet = otpusk.toInteger(): null

08-11-2024T10:05:21 - [TEST_STEP][PASSED] - pageOtpuskVSet = page.toInteger(): null

08-11-2024T10:05:21 - [TEST_STEP][PASSED] - typeOfData = typeOfDataMain + " Потери": null

08-11-2024T10:05:21 - [TEST_STEP][PASSED] - if (a == 82): null

08-11-2024T10:05:21 - [TEST_STEP][PASSED] - else if (a == 84): null

08-11-2024T10:05:21 - [TEST_STEP][PASSED] - else if (a == 52 || a == 72 || a == 28 || a == 73 || a == 77 || a == 74 || a == 65 || a == 36 || a == 44 || a == 53 || a == 80 || a == 54 || a == 1 || a == 18 || a == 59 || a == 81): null

08-11-2024T10:05:21 - [TEST_STEP][PASSED] - else: null

08-11-2024T10:05:21 - [TEST_STEP][PASSED] - path = dataFolder + typeOfData + " за отчётный период " + b: null

08-11-2024T10:05:21 - [TEST_STEP][PASSED] - page = getText(findTestObject(path)): Text of object 'Object Repository/Выполнение бизнес-плана/Значения со страницы Выполнение бизнес-плана/Факт Потери за отчётный период Рязаньэнерго' is: '185 955'

08-11-2024T10:05:21 - [MESSAGE][PASSED] - Text of object 'Object Repository/Выполнение бизнес-плана/Значения со страницы Выполнение бизнес-плана/Факт Потери за отчётный период Рязаньэнерго' is: '185 955'

08-11-2024T10:05:21 - [TEST_STEP][PASSED] - page = page.replaceAll("\s+", ""): null

08-11-2024T10:05:21 - [TEST_STEP][PASSED] - filePoteri = poteri.toInteger(): null

08-11-2024T10:05:21 - [TEST_STEP][PASSED] - pagePoteri = page.toInteger(): null

08-11-2024T10:05:21 - [TEST_STEP][PASSED] - compare = pageOtpuskVSet: null

08-11-2024T10:05:21 - [TEST_STEP][PASSED] - if (compare == fileOtpuskVSet): null

08-11-2024T10:05:21 - [TEST_STEP][PASSED] - if (compare == fileOtpuskVSet): null

08-11-2024T10:05:21 - [TEST_STEP][PASSED] - compare = pagePoteri: null

08-11-2024T10:05:21 - [TEST_STEP][PASSED] - if (compare == filePoteri): null

08-11-2024T10:05:21 - [TEST_STEP][PASSED] - if (compare == filePoteri): null

08-11-2024T10:05:21 - [TEST_STEP][PASSED] - if (planFact == 2): null

08-11-2024T10:05:21 - [TEST_STEP][PASSED] - if (planFact == 1): null

08-11-2024T10:05:21 - [TEST_STEP][PASSED] - else if (planFact == 2): null

08-11-2024T10:05:21 - [TEST_STEP][PASSED] - click(findTestObject("Выполнение бизнес-плана/Кнопка План")): Object: 'Object Repository/Выполнение бизнес-плана/Кнопка План' is clicked on

08-11-2024T10:05:22 - [MESSAGE][PASSED] - Object: 'Object Repository/Выполнение бизнес-плана/Кнопка План' is clicked on

08-11-2024T10:05:22 - [TEST_STEP][PASSED] - typeOfDataMain = "План": null

08-11-2024T10:05:22 - [TEST_STEP][PASSED] - otpusk = findTestData("PlanFact").getValue(2, a): null

08-11-2024T10:05:22 - [TEST_STEP][PASSED] - poteri = findTestData("PlanFact").getValue(3, a): null

08-11-2024T10:05:22 - [TEST_STEP][PASSED] - otpusk = otpusk.replaceAll("\s+", ""): null

08-11-2024T10:05:22 - [TEST_STEP][PASSED] - poteri = poteri.replaceAll("\s+", ""): null

08-11-2024T10:05:22 - [TEST_STEP][PASSED] - typeOfData = typeOfDataMain + " Отпуск в сеть": null

08-11-2024T10:05:22 - [TEST_STEP][PASSED] - if (a == 82): null

08-11-2024T10:05:22 - [TEST_STEP][PASSED] - else if (a == 84): null

08-11-2024T10:05:22 - [TEST_STEP][PASSED] - else if (a == 52 || a == 72 || a == 28 || a == 73 || a == 77 || a == 74 || a == 65 || a == 36 || a == 44 || a == 53 || a == 80 || a == 54 || a == 1 || a == 18 || a == 59 || a == 81): null

08-11-2024T10:05:22 - [TEST_STEP][PASSED] - else: null

08-11-2024T10:05:22 - [TEST_STEP][PASSED] - path = dataFolder + typeOfData + " за отчётный период " + b: null

08-11-2024T10:05:22 - [TEST_STEP][PASSED] - println(path): null

08-11-2024T10:05:22 - [TEST_STEP][PASSED] - page = getText(findTestObject(path)): Text of object 'Object Repository/Выполнение бизнес-плана/Значения со страницы Выполнение бизнес-плана/План Отпуск в сеть за отчётный период Рязаньэнерго' is: '4 037 286'

08-11-2024T10:05:22 - [MESSAGE][PASSED] - Text of object 'Object Repository/Выполнение бизнес-плана/Значения со страницы Выполнение бизнес-плана/План Отпуск в сеть за отчётный период Рязаньэнерго' is: '4 037 286'

08-11-2024T10:05:22 - [TEST_STEP][PASSED] - page = page.replaceAll("\s+", ""): null

08-11-2024T10:05:22 - [TEST_STEP][PASSED] - fileOtpuskVSet = otpusk.toInteger(): null

08-11-2024T10:05:22 - [TEST_STEP][PASSED] - pageOtpuskVSet = page.toInteger(): null

08-11-2024T10:05:22 - [TEST_STEP][PASSED] - typeOfData = typeOfDataMain + " Потери": null

08-11-2024T10:05:22 - [TEST_STEP][PASSED] - if (a == 82): null

08-11-2024T10:05:22 - [TEST_STEP][PASSED] - else if (a == 84): null

08-11-2024T10:05:22 - [TEST_STEP][PASSED] - else if (a == 52 || a == 72 || a == 28 || a == 73 || a == 77 || a == 74 || a == 65 || a == 36 || a == 44 || a == 53 || a == 80 || a == 54 || a == 1 || a == 18 || a == 59 || a == 81): null

08-11-2024T10:05:22 - [TEST_STEP][PASSED] - else: null

08-11-2024T10:05:22 - [TEST_STEP][PASSED] - path = dataFolder + typeOfData + " за отчётный период " + b: null

08-11-2024T10:05:22 - [TEST_STEP][PASSED] - page = getText(findTestObject(path)): Text of object 'Object Repository/Выполнение бизнес-плана/Значения со страницы Выполнение бизнес-плана/План Потери за отчётный период Рязаньэнерго' is: '180 720'

08-11-2024T10:05:22 - [MESSAGE][PASSED] - Text of object 'Object Repository/Выполнение бизнес-плана/Значения со страницы Выполнение бизнес-плана/План Потери за отчётный период Рязаньэнерго' is: '180 720'

08-11-2024T10:05:22 - [TEST_STEP][PASSED] - page = page.replaceAll("\s+", ""): null

08-11-2024T10:05:22 - [TEST_STEP][PASSED] - filePoteri = poteri.toInteger(): null

08-11-2024T10:05:22 - [TEST_STEP][PASSED] - pagePoteri = page.toInteger(): null

08-11-2024T10:05:22 - [TEST_STEP][PASSED] - compare = pageOtpuskVSet: null

08-11-2024T10:05:22 - [TEST_STEP][PASSED] - if (compare == fileOtpuskVSet): null

08-11-2024T10:05:22 - [TEST_STEP][PASSED] - if (compare == fileOtpuskVSet): null

08-11-2024T10:05:22 - [TEST_STEP][PASSED] - compare = pagePoteri: null

08-11-2024T10:05:22 - [TEST_STEP][PASSED] - if (compare == filePoteri): null

08-11-2024T10:05:22 - [TEST_STEP][PASSED] - if (compare == filePoteri): null

08-11-2024T10:05:22 - [TEST_STEP][PASSED] - if (planFact == 2): Object: 'Object Repository/Выполнение бизнес-плана/Кнопка Факт' is clicked on

08-11-2024T10:05:22 - [TEST_STEP][PASSED] - click(findTestObject("Выполнение бизнес-плана/Кнопка Факт")): Object: 'Object Repository/Выполнение бизнес-плана/Кнопка Факт' is clicked on

08-11-2024T10:05:23 - [MESSAGE][PASSED] - Object: 'Object Repository/Выполнение бизнес-плана/Кнопка Факт' is clicked on

08-11-2024T10:05:23 - [TEST_STEP][PASSED] - if (a == 84 || a == 82): null

08-11-2024T10:05:23 - [TEST_STEP][PASSED] - else if (a == 52 || a == 72 || a == 28 || a == 73 || a == 77 || a == 74 || a == 65 || a == 36 || a == 44 || a == 53 || a == 80 || a == 54 || a == 1 || a == 18 || a == 59 || a == 81): null

08-11-2024T10:05:23 - [TEST_STEP][PASSED] - else: null

08-11-2024T10:05:23 - [TEST_STEP][PASSED] - page1 = getText(findTestObject("Object Repository/Выполнение бизнес-плана/spanPlan" + filialNum)): Text of object 'Object Repository/Выполнение бизнес-плана/spanPlan7' is: '4.48
|'

08-11-2024T10:05:23 - [MESSAGE][PASSED] - Text of object 'Object Repository/Выполнение бизнес-плана/spanPlan7' is: '4.48
|'

08-11-2024T10:05:23 - [TEST_STEP][PASSED] - page1 = page1.replace("|", ""): null

08-11-2024T10:05:23 - [TEST_STEP][PASSED] - page2 = getText(findTestObject("Object Repository/Выполнение бизнес-плана/spanFact" + filialNum)): Text of object 'Object Repository/Выполнение бизнес-плана/spanFact7' is: '4.47
|'

08-11-2024T10:05:23 - [MESSAGE][PASSED] - Text of object 'Object Repository/Выполнение бизнес-плана/spanFact7' is: '4.47
|'

08-11-2024T10:05:23 - [TEST_STEP][PASSED] - page2 = page2.replace("|", ""): null

08-11-2024T10:05:23 - [TEST_STEP][PASSED] - println("page1: " + page1): null

08-11-2024T10:05:23 - [TEST_STEP][PASSED] - println("page2: " + page2): null

08-11-2024T10:05:23 - [TEST_STEP][PASSED] - file = findTestData("PlanFact").getValue(4, a): null

08-11-2024T10:05:23 - [TEST_STEP][PASSED] - file = file.replace(",", "."): null

08-11-2024T10:05:23 - [TEST_STEP][PASSED] - println("file Plan: " + file): null

08-11-2024T10:05:23 - [TEST_STEP][PASSED] - typeOfData = "План в процентах": null

08-11-2024T10:05:23 - [TEST_STEP][PASSED] - fileDouble = file.toDouble(): null

08-11-2024T10:05:23 - [TEST_STEP][PASSED] - pageDouble = page1.toDouble(): null

08-11-2024T10:05:23 - [TEST_STEP][PASSED] - if (fileDouble != pageDouble): null

08-11-2024T10:05:23 - [TEST_STEP][PASSED] - file = findTestData("PlanFact").getValue(7, a): null

08-11-2024T10:05:24 - [TEST_STEP][PASSED] - file = file.replace(",", "."): null

08-11-2024T10:05:24 - [TEST_STEP][PASSED] - println("file Fact: " + file): null

08-11-2024T10:05:24 - [TEST_STEP][PASSED] - fileDouble = file.toDouble(): null

08-11-2024T10:05:24 - [TEST_STEP][PASSED] - typeOfData = "Факт в процентах": null

08-11-2024T10:05:24 - [TEST_STEP][PASSED] - fileDouble = file.toDouble(): null

08-11-2024T10:05:24 - [TEST_STEP][PASSED] - pageDouble = page2.toDouble(): null

08-11-2024T10:05:24 - [TEST_STEP][PASSED] - if (fileDouble != pageDouble): null

08-11-2024T10:05:24 - [TEST_STEP][PASSED] - if (verifyEqual(numberOfErrors, 0) == false): Actual object '0' and expected object '0' are equal

08-11-2024T10:05:24 - [MESSAGE][PASSED] - Actual object '0' and expected object '0' are equal

08-11-2024T10:05:24 - [TEST_STEP][PASSED] - if (a == 82): null

08-11-2024T10:05:24 - [TEST_STEP][PASSED] - dZO = "Тулэнерго": null

08-11-2024T10:05:24 - [TEST_STEP][PASSED] - a = 26: null

08-11-2024T10:05:24 - [TEST_STEP][PASSED] - if (x2.contains(dZO)): null

08-11-2024T10:05:24 - [TEST_STEP][PASSED] - filialNum = filialNum + 1: null

08-11-2024T10:05:24 - [TEST_STEP][PASSED] - Script1718980020443.Numbers(a, typeOfData, todaysDate, pageInt, fileInt, pageDouble, fileDouble, dZO, dzoNum, filialNum): null

08-11-2024T10:05:24 - [TEST_STEP][PASSED] - println(dzoNum): null

08-11-2024T10:05:24 - [TEST_STEP][PASSED] - planFact = <not implemented yet for class: org.codehaus.groovy.ast.expr.EmptyExpression>: null

08-11-2024T10:05:24 - [TEST_STEP][PASSED] - page = <not implemented yet for class: org.codehaus.groovy.ast.expr.EmptyExpression>: null

08-11-2024T10:05:24 - [TEST_STEP][PASSED] - page1 = <not implemented yet for class: org.codehaus.groovy.ast.expr.EmptyExpression>: null

08-11-2024T10:05:24 - [TEST_STEP][PASSED] - page2 = <not implemented yet for class: org.codehaus.groovy.ast.expr.EmptyExpression>: null

08-11-2024T10:05:24 - [TEST_STEP][PASSED] - filialNumberInRow = <not implemented yet for class: org.codehaus.groovy.ast.expr.EmptyExpression>: null

08-11-2024T10:05:24 - [TEST_STEP][PASSED] - filialsDzoNames = <not implemented yet for class: org.codehaus.groovy.ast.expr.EmptyExpression>: null

08-11-2024T10:05:24 - [TEST_STEP][PASSED] - numberOfFilials = <not implemented yet for class: org.codehaus.groovy.ast.expr.EmptyExpression>: null

08-11-2024T10:05:24 - [TEST_STEP][PASSED] - numberOfSpaces = <not implemented yet for class: org.codehaus.groovy.ast.expr.EmptyExpression>: null

08-11-2024T10:05:24 - [TEST_STEP][PASSED] - file = <not implemented yet for class: org.codehaus.groovy.ast.expr.EmptyExpression>: null

08-11-2024T10:05:24 - [TEST_STEP][PASSED] - otpusk = <not implemented yet for class: org.codehaus.groovy.ast.expr.EmptyExpression>: null

08-11-2024T10:05:24 - [TEST_STEP][PASSED] - poteri = <not implemented yet for class: org.codehaus.groovy.ast.expr.EmptyExpression>: null

08-11-2024T10:05:24 - [TEST_STEP][PASSED] - dataFolder = "Выполнение бизнес-плана/Значения со страницы Выполнение бизнес-плана/": null

08-11-2024T10:05:24 - [TEST_STEP][PASSED] - path = <not implemented yet for class: org.codehaus.groovy.ast.expr.EmptyExpression>: null

08-11-2024T10:05:24 - [TEST_STEP][PASSED] - typeOfDataMain = <not implemented yet for class: org.codehaus.groovy.ast.expr.EmptyExpression>: null

08-11-2024T10:05:24 - [TEST_STEP][PASSED] - fileOtpuskVSet = <not implemented yet for class: org.codehaus.groovy.ast.expr.EmptyExpression>: null

08-11-2024T10:05:24 - [TEST_STEP][PASSED] - pageOtpuskVSet = <not implemented yet for class: org.codehaus.groovy.ast.expr.EmptyExpression>: null

08-11-2024T10:05:24 - [TEST_STEP][PASSED] - filePoteri = <not implemented yet for class: org.codehaus.groovy.ast.expr.EmptyExpression>: null

08-11-2024T10:05:24 - [TEST_STEP][PASSED] - pagePoteri = <not implemented yet for class: org.codehaus.groovy.ast.expr.EmptyExpression>: null

08-11-2024T10:05:24 - [TEST_STEP][PASSED] - compare = <not implemented yet for class: org.codehaus.groovy.ast.expr.EmptyExpression>: null

08-11-2024T10:05:24 - [TEST_STEP][PASSED] - b = <not implemented yet for class: org.codehaus.groovy.ast.expr.EmptyExpression>: null

08-11-2024T10:05:24 - [TEST_STEP][PASSED] - i = <not implemented yet for class: org.codehaus.groovy.ast.expr.EmptyExpression>: null

08-11-2024T10:05:24 - [TEST_STEP][PASSED] - ii = <not implemented yet for class: org.codehaus.groovy.ast.expr.EmptyExpression>: null

08-11-2024T10:05:24 - [TEST_STEP][PASSED] - c = <not implemented yet for class: org.codehaus.groovy.ast.expr.EmptyExpression>: null

08-11-2024T10:05:24 - [TEST_STEP][PASSED] - numberOfErrors = 0: null

08-11-2024T10:05:24 - [TEST_STEP][PASSED] - if (a == 82): null

08-11-2024T10:05:24 - [TEST_STEP][PASSED] - b = findTestData("PlanFact").getValue(1, a): null

08-11-2024T10:05:24 - [TEST_STEP][PASSED] - i = b.indexOf(" (ГК)"): null

08-11-2024T10:05:24 - [TEST_STEP][PASSED] - if (i > -1): null

08-11-2024T10:05:24 - [TEST_STEP][PASSED] - i = b.indexOf("О ""): null

08-11-2024T10:05:24 - [TEST_STEP][PASSED] - if (i > -1): null

08-11-2024T10:05:24 - [TEST_STEP][PASSED] - i = b.indexOf("О «"): null

08-11-2024T10:05:24 - [TEST_STEP][PASSED] - if (i > -1): null

08-11-2024T10:05:24 - [TEST_STEP][PASSED] - i = b.indexOf("г. "): null

08-11-2024T10:05:24 - [TEST_STEP][PASSED] - if (i > -1): null

08-11-2024T10:05:24 - [TEST_STEP][PASSED] - println(b): null

08-11-2024T10:05:24 - [TEST_STEP][PASSED] - for ([planFact = 1, planFact < 3, (planFact++)]): Object: 'Object Repository/Выполнение бизнес-плана/Кнопка Факт' is clicked on

08-11-2024T10:05:24 - [TEST_STEP][PASSED] - if (planFact == 1): null

08-11-2024T10:05:24 - [TEST_STEP][PASSED] - typeOfDataMain = "Факт": null

08-11-2024T10:05:24 - [TEST_STEP][PASSED] - otpusk = findTestData("PlanFact").getValue(5, a): null

08-11-2024T10:05:24 - [TEST_STEP][PASSED] - poteri = findTestData("PlanFact").getValue(6, a): null

08-11-2024T10:05:24 - [TEST_STEP][PASSED] - otpusk = otpusk.replaceAll("\s+", ""): null

08-11-2024T10:05:24 - [TEST_STEP][PASSED] - poteri = poteri.replaceAll("\s+", ""): null

08-11-2024T10:05:24 - [TEST_STEP][PASSED] - typeOfData = typeOfDataMain + " Отпуск в сеть": null

08-11-2024T10:05:24 - [TEST_STEP][PASSED] - if (a == 82): null

08-11-2024T10:05:24 - [TEST_STEP][PASSED] - else if (a == 84): null

08-11-2024T10:05:24 - [TEST_STEP][PASSED] - else if (a == 52 || a == 72 || a == 28 || a == 73 || a == 77 || a == 74 || a == 65 || a == 36 || a == 44 || a == 53 || a == 80 || a == 54 || a == 1 || a == 18 || a == 59 || a == 81): null

08-11-2024T10:05:24 - [TEST_STEP][PASSED] - else: null

08-11-2024T10:05:24 - [TEST_STEP][PASSED] - path = dataFolder + typeOfData + " за отчётный период " + b: null

08-11-2024T10:05:24 - [TEST_STEP][PASSED] - println(path): null

08-11-2024T10:05:24 - [TEST_STEP][PASSED] - page = getText(findTestObject(path)): Text of object 'Object Repository/Выполнение бизнес-плана/Значения со страницы Выполнение бизнес-плана/Факт Отпуск в сеть за отчётный период Тулэнерго' is: '4 849 854'

08-11-2024T10:05:24 - [MESSAGE][PASSED] - Text of object 'Object Repository/Выполнение бизнес-плана/Значения со страницы Выполнение бизнес-плана/Факт Отпуск в сеть за отчётный период Тулэнерго' is: '4 849 854'

08-11-2024T10:05:24 - [TEST_STEP][PASSED] - page = page.replaceAll("\s+", ""): null

08-11-2024T10:05:24 - [TEST_STEP][PASSED] - fileOtpuskVSet = otpusk.toInteger(): null

08-11-2024T10:05:24 - [TEST_STEP][PASSED] - pageOtpuskVSet = page.toInteger(): null

08-11-2024T10:05:24 - [TEST_STEP][PASSED] - typeOfData = typeOfDataMain + " Потери": null

08-11-2024T10:05:24 - [TEST_STEP][PASSED] - if (a == 82): null

08-11-2024T10:05:24 - [TEST_STEP][PASSED] - else if (a == 84): null

08-11-2024T10:05:24 - [TEST_STEP][PASSED] - else if (a == 52 || a == 72 || a == 28 || a == 73 || a == 77 || a == 74 || a == 65 || a == 36 || a == 44 || a == 53 || a == 80 || a == 54 || a == 1 || a == 18 || a == 59 || a == 81): null

08-11-2024T10:05:24 - [TEST_STEP][PASSED] - else: null

08-11-2024T10:05:24 - [TEST_STEP][PASSED] - path = dataFolder + typeOfData + " за отчётный период " + b: null

08-11-2024T10:05:24 - [TEST_STEP][PASSED] - page = getText(findTestObject(path)): Text of object 'Object Repository/Выполнение бизнес-плана/Значения со страницы Выполнение бизнес-плана/Факт Потери за отчётный период Тулэнерго' is: '347 918'

08-11-2024T10:05:24 - [MESSAGE][PASSED] - Text of object 'Object Repository/Выполнение бизнес-плана/Значения со страницы Выполнение бизнес-плана/Факт Потери за отчётный период Тулэнерго' is: '347 918'

08-11-2024T10:05:24 - [TEST_STEP][PASSED] - page = page.replaceAll("\s+", ""): null

08-11-2024T10:05:24 - [TEST_STEP][PASSED] - filePoteri = poteri.toInteger(): null

08-11-2024T10:05:24 - [TEST_STEP][PASSED] - pagePoteri = page.toInteger(): null

08-11-2024T10:05:24 - [TEST_STEP][PASSED] - compare = pageOtpuskVSet: null

08-11-2024T10:05:24 - [TEST_STEP][PASSED] - if (compare == fileOtpuskVSet): null

08-11-2024T10:05:24 - [TEST_STEP][PASSED] - if (compare == fileOtpuskVSet): null

08-11-2024T10:05:24 - [TEST_STEP][PASSED] - compare = pagePoteri: null

08-11-2024T10:05:24 - [TEST_STEP][PASSED] - if (compare == filePoteri): null

08-11-2024T10:05:24 - [TEST_STEP][PASSED] - if (compare == filePoteri): null

08-11-2024T10:05:24 - [TEST_STEP][PASSED] - if (planFact == 2): null

08-11-2024T10:05:24 - [TEST_STEP][PASSED] - if (planFact == 1): null

08-11-2024T10:05:24 - [TEST_STEP][PASSED] - else if (planFact == 2): null

08-11-2024T10:05:24 - [TEST_STEP][PASSED] - click(findTestObject("Выполнение бизнес-плана/Кнопка План")): Object: 'Object Repository/Выполнение бизнес-плана/Кнопка План' is clicked on

08-11-2024T10:05:25 - [MESSAGE][PASSED] - Object: 'Object Repository/Выполнение бизнес-плана/Кнопка План' is clicked on

08-11-2024T10:05:25 - [TEST_STEP][PASSED] - typeOfDataMain = "План": null

08-11-2024T10:05:25 - [TEST_STEP][PASSED] - otpusk = findTestData("PlanFact").getValue(2, a): null

08-11-2024T10:05:25 - [TEST_STEP][PASSED] - poteri = findTestData("PlanFact").getValue(3, a): null

08-11-2024T10:05:25 - [TEST_STEP][PASSED] - otpusk = otpusk.replaceAll("\s+", ""): null

08-11-2024T10:05:25 - [TEST_STEP][PASSED] - poteri = poteri.replaceAll("\s+", ""): null

08-11-2024T10:05:25 - [TEST_STEP][PASSED] - typeOfData = typeOfDataMain + " Отпуск в сеть": null

08-11-2024T10:05:25 - [TEST_STEP][PASSED] - if (a == 82): null

08-11-2024T10:05:25 - [TEST_STEP][PASSED] - else if (a == 84): null

08-11-2024T10:05:25 - [TEST_STEP][PASSED] - else if (a == 52 || a == 72 || a == 28 || a == 73 || a == 77 || a == 74 || a == 65 || a == 36 || a == 44 || a == 53 || a == 80 || a == 54 || a == 1 || a == 18 || a == 59 || a == 81): null

08-11-2024T10:05:25 - [TEST_STEP][PASSED] - else: null

08-11-2024T10:05:25 - [TEST_STEP][PASSED] - path = dataFolder + typeOfData + " за отчётный период " + b: null

08-11-2024T10:05:25 - [TEST_STEP][PASSED] - println(path): null

08-11-2024T10:05:25 - [TEST_STEP][PASSED] - page = getText(findTestObject(path)): Text of object 'Object Repository/Выполнение бизнес-плана/Значения со страницы Выполнение бизнес-плана/План Отпуск в сеть за отчётный период Тулэнерго' is: '4 646 129'

08-11-2024T10:05:25 - [MESSAGE][PASSED] - Text of object 'Object Repository/Выполнение бизнес-плана/Значения со страницы Выполнение бизнес-плана/План Отпуск в сеть за отчётный период Тулэнерго' is: '4 646 129'

08-11-2024T10:05:25 - [TEST_STEP][PASSED] - page = page.replaceAll("\s+", ""): null

08-11-2024T10:05:25 - [TEST_STEP][PASSED] - fileOtpuskVSet = otpusk.toInteger(): null

08-11-2024T10:05:25 - [TEST_STEP][PASSED] - pageOtpuskVSet = page.toInteger(): null

08-11-2024T10:05:25 - [TEST_STEP][PASSED] - typeOfData = typeOfDataMain + " Потери": null

08-11-2024T10:05:25 - [TEST_STEP][PASSED] - if (a == 82): null

08-11-2024T10:05:25 - [TEST_STEP][PASSED] - else if (a == 84): null

08-11-2024T10:05:25 - [TEST_STEP][PASSED] - else if (a == 52 || a == 72 || a == 28 || a == 73 || a == 77 || a == 74 || a == 65 || a == 36 || a == 44 || a == 53 || a == 80 || a == 54 || a == 1 || a == 18 || a == 59 || a == 81): null

08-11-2024T10:05:25 - [TEST_STEP][PASSED] - else: null

08-11-2024T10:05:25 - [TEST_STEP][PASSED] - path = dataFolder + typeOfData + " за отчётный период " + b: null

08-11-2024T10:05:25 - [TEST_STEP][PASSED] - page = getText(findTestObject(path)): Text of object 'Object Repository/Выполнение бизнес-плана/Значения со страницы Выполнение бизнес-плана/План Потери за отчётный период Тулэнерго' is: '369 626'

08-11-2024T10:05:25 - [MESSAGE][PASSED] - Text of object 'Object Repository/Выполнение бизнес-плана/Значения со страницы Выполнение бизнес-плана/План Потери за отчётный период Тулэнерго' is: '369 626'

08-11-2024T10:05:25 - [TEST_STEP][PASSED] - page = page.replaceAll("\s+", ""): null

08-11-2024T10:05:25 - [TEST_STEP][PASSED] - filePoteri = poteri.toInteger(): null

08-11-2024T10:05:25 - [TEST_STEP][PASSED] - pagePoteri = page.toInteger(): null

08-11-2024T10:05:25 - [TEST_STEP][PASSED] - compare = pageOtpuskVSet: null

08-11-2024T10:05:25 - [TEST_STEP][PASSED] - if (compare == fileOtpuskVSet): null

08-11-2024T10:05:25 - [TEST_STEP][PASSED] - if (compare == fileOtpuskVSet): null

08-11-2024T10:05:25 - [TEST_STEP][PASSED] - compare = pagePoteri: null

08-11-2024T10:05:25 - [TEST_STEP][PASSED] - if (compare == filePoteri): null

08-11-2024T10:05:25 - [TEST_STEP][PASSED] - if (compare == filePoteri): null

08-11-2024T10:05:25 - [TEST_STEP][PASSED] - if (planFact == 2): Object: 'Object Repository/Выполнение бизнес-плана/Кнопка Факт' is clicked on

08-11-2024T10:05:25 - [TEST_STEP][PASSED] - click(findTestObject("Выполнение бизнес-плана/Кнопка Факт")): Object: 'Object Repository/Выполнение бизнес-плана/Кнопка Факт' is clicked on

08-11-2024T10:05:26 - [MESSAGE][PASSED] - Object: 'Object Repository/Выполнение бизнес-плана/Кнопка Факт' is clicked on

08-11-2024T10:05:26 - [TEST_STEP][PASSED] - if (a == 84 || a == 82): null

08-11-2024T10:05:26 - [TEST_STEP][PASSED] - else if (a == 52 || a == 72 || a == 28 || a == 73 || a == 77 || a == 74 || a == 65 || a == 36 || a == 44 || a == 53 || a == 80 || a == 54 || a == 1 || a == 18 || a == 59 || a == 81): null

08-11-2024T10:05:26 - [TEST_STEP][PASSED] - else: null

08-11-2024T10:05:26 - [TEST_STEP][PASSED] - page1 = getText(findTestObject("Object Repository/Выполнение бизнес-плана/spanPlan" + filialNum)): Text of object 'Object Repository/Выполнение бизнес-плана/spanPlan8' is: '7.96
|'

08-11-2024T10:05:26 - [MESSAGE][PASSED] - Text of object 'Object Repository/Выполнение бизнес-плана/spanPlan8' is: '7.96
|'

08-11-2024T10:05:26 - [TEST_STEP][PASSED] - page1 = page1.replace("|", ""): null

08-11-2024T10:05:26 - [TEST_STEP][PASSED] - page2 = getText(findTestObject("Object Repository/Выполнение бизнес-плана/spanFact" + filialNum)): Text of object 'Object Repository/Выполнение бизнес-плана/spanFact8' is: '7.17
|'

08-11-2024T10:05:26 - [MESSAGE][PASSED] - Text of object 'Object Repository/Выполнение бизнес-плана/spanFact8' is: '7.17
|'

08-11-2024T10:05:26 - [TEST_STEP][PASSED] - page2 = page2.replace("|", ""): null

08-11-2024T10:05:26 - [TEST_STEP][PASSED] - println("page1: " + page1): null

08-11-2024T10:05:26 - [TEST_STEP][PASSED] - println("page2: " + page2): null

08-11-2024T10:05:26 - [TEST_STEP][PASSED] - file = findTestData("PlanFact").getValue(4, a): null

08-11-2024T10:05:26 - [TEST_STEP][PASSED] - file = file.replace(",", "."): null

08-11-2024T10:05:26 - [TEST_STEP][PASSED] - println("file Plan: " + file): null

08-11-2024T10:05:26 - [TEST_STEP][PASSED] - typeOfData = "План в процентах": null

08-11-2024T10:05:26 - [TEST_STEP][PASSED] - fileDouble = file.toDouble(): null

08-11-2024T10:05:26 - [TEST_STEP][PASSED] - pageDouble = page1.toDouble(): null

08-11-2024T10:05:26 - [TEST_STEP][PASSED] - if (fileDouble != pageDouble): null

08-11-2024T10:05:26 - [TEST_STEP][PASSED] - file = findTestData("PlanFact").getValue(7, a): null

08-11-2024T10:05:26 - [TEST_STEP][PASSED] - file = file.replace(",", "."): null

08-11-2024T10:05:26 - [TEST_STEP][PASSED] - println("file Fact: " + file): null

08-11-2024T10:05:26 - [TEST_STEP][PASSED] - fileDouble = file.toDouble(): null

08-11-2024T10:05:26 - [TEST_STEP][PASSED] - typeOfData = "Факт в процентах": null

08-11-2024T10:05:26 - [TEST_STEP][PASSED] - fileDouble = file.toDouble(): null

08-11-2024T10:05:26 - [TEST_STEP][PASSED] - pageDouble = page2.toDouble(): null

08-11-2024T10:05:26 - [TEST_STEP][PASSED] - if (fileDouble != pageDouble): null

08-11-2024T10:05:26 - [TEST_STEP][PASSED] - if (verifyEqual(numberOfErrors, 0) == false): Actual object '0' and expected object '0' are equal

08-11-2024T10:05:26 - [MESSAGE][PASSED] - Actual object '0' and expected object '0' are equal

08-11-2024T10:05:26 - [TEST_STEP][PASSED] - if (a == 82): null

08-11-2024T10:05:26 - [TEST_STEP][PASSED] - dZO = "Удмуртэнерго": null

08-11-2024T10:05:26 - [TEST_STEP][PASSED] - a = 27: null

08-11-2024T10:05:26 - [TEST_STEP][PASSED] - if (x2.contains(dZO)): null

08-11-2024T10:05:26 - [TEST_STEP][PASSED] - filialNum = filialNum + 1: null

08-11-2024T10:05:26 - [TEST_STEP][PASSED] - Script1718980020443.Numbers(a, typeOfData, todaysDate, pageInt, fileInt, pageDouble, fileDouble, dZO, dzoNum, filialNum): null

08-11-2024T10:05:26 - [TEST_STEP][PASSED] - println(dzoNum): null

08-11-2024T10:05:26 - [TEST_STEP][PASSED] - planFact = <not implemented yet for class: org.codehaus.groovy.ast.expr.EmptyExpression>: null

08-11-2024T10:05:26 - [TEST_STEP][PASSED] - page = <not implemented yet for class: org.codehaus.groovy.ast.expr.EmptyExpression>: null

08-11-2024T10:05:26 - [TEST_STEP][PASSED] - page1 = <not implemented yet for class: org.codehaus.groovy.ast.expr.EmptyExpression>: null

08-11-2024T10:05:26 - [TEST_STEP][PASSED] - page2 = <not implemented yet for class: org.codehaus.groovy.ast.expr.EmptyExpression>: null

08-11-2024T10:05:26 - [TEST_STEP][PASSED] - filialNumberInRow = <not implemented yet for class: org.codehaus.groovy.ast.expr.EmptyExpression>: null

08-11-2024T10:05:26 - [TEST_STEP][PASSED] - filialsDzoNames = <not implemented yet for class: org.codehaus.groovy.ast.expr.EmptyExpression>: null

08-11-2024T10:05:26 - [TEST_STEP][PASSED] - numberOfFilials = <not implemented yet for class: org.codehaus.groovy.ast.expr.EmptyExpression>: null

08-11-2024T10:05:26 - [TEST_STEP][PASSED] - numberOfSpaces = <not implemented yet for class: org.codehaus.groovy.ast.expr.EmptyExpression>: null

08-11-2024T10:05:26 - [TEST_STEP][PASSED] - file = <not implemented yet for class: org.codehaus.groovy.ast.expr.EmptyExpression>: null

08-11-2024T10:05:26 - [TEST_STEP][PASSED] - otpusk = <not implemented yet for class: org.codehaus.groovy.ast.expr.EmptyExpression>: null

08-11-2024T10:05:26 - [TEST_STEP][PASSED] - poteri = <not implemented yet for class: org.codehaus.groovy.ast.expr.EmptyExpression>: null

08-11-2024T10:05:26 - [TEST_STEP][PASSED] - dataFolder = "Выполнение бизнес-плана/Значения со страницы Выполнение бизнес-плана/": null

08-11-2024T10:05:26 - [TEST_STEP][PASSED] - path = <not implemented yet for class: org.codehaus.groovy.ast.expr.EmptyExpression>: null

08-11-2024T10:05:26 - [TEST_STEP][PASSED] - typeOfDataMain = <not implemented yet for class: org.codehaus.groovy.ast.expr.EmptyExpression>: null

08-11-2024T10:05:26 - [TEST_STEP][PASSED] - fileOtpuskVSet = <not implemented yet for class: org.codehaus.groovy.ast.expr.EmptyExpression>: null

08-11-2024T10:05:26 - [TEST_STEP][PASSED] - pageOtpuskVSet = <not implemented yet for class: org.codehaus.groovy.ast.expr.EmptyExpression>: null

08-11-2024T10:05:26 - [TEST_STEP][PASSED] - filePoteri = <not implemented yet for class: org.codehaus.groovy.ast.expr.EmptyExpression>: null

08-11-2024T10:05:26 - [TEST_STEP][PASSED] - pagePoteri = <not implemented yet for class: org.codehaus.groovy.ast.expr.EmptyExpression>: null

08-11-2024T10:05:26 - [TEST_STEP][PASSED] - compare = <not implemented yet for class: org.codehaus.groovy.ast.expr.EmptyExpression>: null

08-11-2024T10:05:26 - [TEST_STEP][PASSED] - b = <not implemented yet for class: org.codehaus.groovy.ast.expr.EmptyExpression>: null

08-11-2024T10:05:26 - [TEST_STEP][PASSED] - i = <not implemented yet for class: org.codehaus.groovy.ast.expr.EmptyExpression>: null

08-11-2024T10:05:26 - [TEST_STEP][PASSED] - ii = <not implemented yet for class: org.codehaus.groovy.ast.expr.EmptyExpression>: null

08-11-2024T10:05:26 - [TEST_STEP][PASSED] - c = <not implemented yet for class: org.codehaus.groovy.ast.expr.EmptyExpression>: null

08-11-2024T10:05:26 - [TEST_STEP][PASSED] - numberOfErrors = 0: null

08-11-2024T10:05:26 - [TEST_STEP][PASSED] - if (a == 82): null

08-11-2024T10:05:26 - [TEST_STEP][PASSED] - b = findTestData("PlanFact").getValue(1, a): null

08-11-2024T10:05:26 - [TEST_STEP][PASSED] - i = b.indexOf(" (ГК)"): null

08-11-2024T10:05:26 - [TEST_STEP][PASSED] - if (i > -1): null

08-11-2024T10:05:26 - [TEST_STEP][PASSED] - i = b.indexOf("О ""): null

08-11-2024T10:05:26 - [TEST_STEP][PASSED] - if (i > -1): null

08-11-2024T10:05:26 - [TEST_STEP][PASSED] - i = b.indexOf("О «"): null

08-11-2024T10:05:26 - [TEST_STEP][PASSED] - if (i > -1): null

08-11-2024T10:05:26 - [TEST_STEP][PASSED] - i = b.indexOf("г. "): null

08-11-2024T10:05:26 - [TEST_STEP][PASSED] - if (i > -1): null

08-11-2024T10:05:26 - [TEST_STEP][PASSED] - println(b): null

08-11-2024T10:05:26 - [TEST_STEP][PASSED] - for ([planFact = 1, planFact < 3, (planFact++)]): Object: 'Object Repository/Выполнение бизнес-плана/Кнопка Факт' is clicked on

08-11-2024T10:05:26 - [TEST_STEP][PASSED] - if (planFact == 1): null

08-11-2024T10:05:26 - [TEST_STEP][PASSED] - typeOfDataMain = "Факт": null

08-11-2024T10:05:26 - [TEST_STEP][PASSED] - otpusk = findTestData("PlanFact").getValue(5, a): null

08-11-2024T10:05:27 - [TEST_STEP][PASSED] - poteri = findTestData("PlanFact").getValue(6, a): null

08-11-2024T10:05:27 - [TEST_STEP][PASSED] - otpusk = otpusk.replaceAll("\s+", ""): null

08-11-2024T10:05:27 - [TEST_STEP][PASSED] - poteri = poteri.replaceAll("\s+", ""): null

08-11-2024T10:05:27 - [TEST_STEP][PASSED] - typeOfData = typeOfDataMain + " Отпуск в сеть": null

08-11-2024T10:05:27 - [TEST_STEP][PASSED] - if (a == 82): null

08-11-2024T10:05:27 - [TEST_STEP][PASSED] - else if (a == 84): null

08-11-2024T10:05:27 - [TEST_STEP][PASSED] - else if (a == 52 || a == 72 || a == 28 || a == 73 || a == 77 || a == 74 || a == 65 || a == 36 || a == 44 || a == 53 || a == 80 || a == 54 || a == 1 || a == 18 || a == 59 || a == 81): null

08-11-2024T10:05:27 - [TEST_STEP][PASSED] - else: null

08-11-2024T10:05:27 - [TEST_STEP][PASSED] - path = dataFolder + typeOfData + " за отчётный период " + b: null

08-11-2024T10:05:27 - [TEST_STEP][PASSED] - println(path): null

08-11-2024T10:05:27 - [TEST_STEP][PASSED] - page = getText(findTestObject(path)): Text of object 'Object Repository/Выполнение бизнес-плана/Значения со страницы Выполнение бизнес-плана/Факт Отпуск в сеть за отчётный период Удмуртэнерго' is: '5 818 614'

08-11-2024T10:05:27 - [MESSAGE][PASSED] - Text of object 'Object Repository/Выполнение бизнес-плана/Значения со страницы Выполнение бизнес-плана/Факт Отпуск в сеть за отчётный период Удмуртэнерго' is: '5 818 614'

08-11-2024T10:05:27 - [TEST_STEP][PASSED] - page = page.replaceAll("\s+", ""): null

08-11-2024T10:05:27 - [TEST_STEP][PASSED] - fileOtpuskVSet = otpusk.toInteger(): null

08-11-2024T10:05:27 - [TEST_STEP][PASSED] - pageOtpuskVSet = page.toInteger(): null

08-11-2024T10:05:27 - [TEST_STEP][PASSED] - typeOfData = typeOfDataMain + " Потери": null

08-11-2024T10:05:27 - [TEST_STEP][PASSED] - if (a == 82): null

08-11-2024T10:05:27 - [TEST_STEP][PASSED] - else if (a == 84): null

08-11-2024T10:05:27 - [TEST_STEP][PASSED] - else if (a == 52 || a == 72 || a == 28 || a == 73 || a == 77 || a == 74 || a == 65 || a == 36 || a == 44 || a == 53 || a == 80 || a == 54 || a == 1 || a == 18 || a == 59 || a == 81): null

08-11-2024T10:05:27 - [TEST_STEP][PASSED] - else: null

08-11-2024T10:05:27 - [TEST_STEP][PASSED] - path = dataFolder + typeOfData + " за отчётный период " + b: null

08-11-2024T10:05:27 - [TEST_STEP][PASSED] - page = getText(findTestObject(path)): Text of object 'Object Repository/Выполнение бизнес-плана/Значения со страницы Выполнение бизнес-плана/Факт Потери за отчётный период Удмуртэнерго' is: '352 290'

08-11-2024T10:05:27 - [MESSAGE][PASSED] - Text of object 'Object Repository/Выполнение бизнес-плана/Значения со страницы Выполнение бизнес-плана/Факт Потери за отчётный период Удмуртэнерго' is: '352 290'

08-11-2024T10:05:27 - [TEST_STEP][PASSED] - page = page.replaceAll("\s+", ""): null

08-11-2024T10:05:27 - [TEST_STEP][PASSED] - filePoteri = poteri.toInteger(): null

08-11-2024T10:05:27 - [TEST_STEP][PASSED] - pagePoteri = page.toInteger(): null

08-11-2024T10:05:27 - [TEST_STEP][PASSED] - compare = pageOtpuskVSet: null

08-11-2024T10:05:27 - [TEST_STEP][PASSED] - if (compare == fileOtpuskVSet): null

08-11-2024T10:05:27 - [TEST_STEP][PASSED] - if (compare == fileOtpuskVSet): null

08-11-2024T10:05:27 - [TEST_STEP][PASSED] - compare = pagePoteri: null

08-11-2024T10:05:27 - [TEST_STEP][PASSED] - if (compare == filePoteri): null

08-11-2024T10:05:27 - [TEST_STEP][PASSED] - if (compare == filePoteri): null

08-11-2024T10:05:27 - [TEST_STEP][PASSED] - if (planFact == 2): null

08-11-2024T10:05:27 - [TEST_STEP][PASSED] - if (planFact == 1): null

08-11-2024T10:05:27 - [TEST_STEP][PASSED] - else if (planFact == 2): null

08-11-2024T10:05:27 - [TEST_STEP][PASSED] - click(findTestObject("Выполнение бизнес-плана/Кнопка План")): Object: 'Object Repository/Выполнение бизнес-плана/Кнопка План' is clicked on

08-11-2024T10:05:28 - [MESSAGE][PASSED] - Object: 'Object Repository/Выполнение бизнес-плана/Кнопка План' is clicked on

08-11-2024T10:05:28 - [TEST_STEP][PASSED] - typeOfDataMain = "План": null

08-11-2024T10:05:28 - [TEST_STEP][PASSED] - otpusk = findTestData("PlanFact").getValue(2, a): null

08-11-2024T10:05:28 - [TEST_STEP][PASSED] - poteri = findTestData("PlanFact").getValue(3, a): null

08-11-2024T10:05:28 - [TEST_STEP][PASSED] - otpusk = otpusk.replaceAll("\s+", ""): null

08-11-2024T10:05:28 - [TEST_STEP][PASSED] - poteri = poteri.replaceAll("\s+", ""): null

08-11-2024T10:05:28 - [TEST_STEP][PASSED] - typeOfData = typeOfDataMain + " Отпуск в сеть": null

08-11-2024T10:05:28 - [TEST_STEP][PASSED] - if (a == 82): null

08-11-2024T10:05:28 - [TEST_STEP][PASSED] - else if (a == 84): null

08-11-2024T10:05:28 - [TEST_STEP][PASSED] - else if (a == 52 || a == 72 || a == 28 || a == 73 || a == 77 || a == 74 || a == 65 || a == 36 || a == 44 || a == 53 || a == 80 || a == 54 || a == 1 || a == 18 || a == 59 || a == 81): null

08-11-2024T10:05:28 - [TEST_STEP][PASSED] - else: null

08-11-2024T10:05:28 - [TEST_STEP][PASSED] - path = dataFolder + typeOfData + " за отчётный период " + b: null

08-11-2024T10:05:28 - [TEST_STEP][PASSED] - println(path): null

08-11-2024T10:05:28 - [TEST_STEP][PASSED] - page = getText(findTestObject(path)): Text of object 'Object Repository/Выполнение бизнес-плана/Значения со страницы Выполнение бизнес-плана/План Отпуск в сеть за отчётный период Удмуртэнерго' is: '5 628 783'

08-11-2024T10:05:28 - [MESSAGE][PASSED] - Text of object 'Object Repository/Выполнение бизнес-плана/Значения со страницы Выполнение бизнес-плана/План Отпуск в сеть за отчётный период Удмуртэнерго' is: '5 628 783'

08-11-2024T10:05:28 - [TEST_STEP][PASSED] - page = page.replaceAll("\s+", ""): null

08-11-2024T10:05:28 - [TEST_STEP][PASSED] - fileOtpuskVSet = otpusk.toInteger(): null

08-11-2024T10:05:28 - [TEST_STEP][PASSED] - pageOtpuskVSet = page.toInteger(): null

08-11-2024T10:05:28 - [TEST_STEP][PASSED] - typeOfData = typeOfDataMain + " Потери": null

08-11-2024T10:05:28 - [TEST_STEP][PASSED] - if (a == 82): null

08-11-2024T10:05:28 - [TEST_STEP][PASSED] - else if (a == 84): null

08-11-2024T10:05:28 - [TEST_STEP][PASSED] - else if (a == 52 || a == 72 || a == 28 || a == 73 || a == 77 || a == 74 || a == 65 || a == 36 || a == 44 || a == 53 || a == 80 || a == 54 || a == 1 || a == 18 || a == 59 || a == 81): null

08-11-2024T10:05:28 - [TEST_STEP][PASSED] - else: null

08-11-2024T10:05:28 - [TEST_STEP][PASSED] - path = dataFolder + typeOfData + " за отчётный период " + b: null

08-11-2024T10:05:28 - [TEST_STEP][PASSED] - page = getText(findTestObject(path)): Text of object 'Object Repository/Выполнение бизнес-плана/Значения со страницы Выполнение бизнес-плана/План Потери за отчётный период Удмуртэнерго' is: '347 803'

08-11-2024T10:05:28 - [MESSAGE][PASSED] - Text of object 'Object Repository/Выполнение бизнес-плана/Значения со страницы Выполнение бизнес-плана/План Потери за отчётный период Удмуртэнерго' is: '347 803'

08-11-2024T10:05:28 - [TEST_STEP][PASSED] - page = page.replaceAll("\s+", ""): null

08-11-2024T10:05:28 - [TEST_STEP][PASSED] - filePoteri = poteri.toInteger(): null

08-11-2024T10:05:28 - [TEST_STEP][PASSED] - pagePoteri = page.toInteger(): null

08-11-2024T10:05:28 - [TEST_STEP][PASSED] - compare = pageOtpuskVSet: null

08-11-2024T10:05:28 - [TEST_STEP][PASSED] - if (compare == fileOtpuskVSet): null

08-11-2024T10:05:28 - [TEST_STEP][PASSED] - if (compare == fileOtpuskVSet): null

08-11-2024T10:05:28 - [TEST_STEP][PASSED] - compare = pagePoteri: null

08-11-2024T10:05:28 - [TEST_STEP][PASSED] - if (compare == filePoteri): null

08-11-2024T10:05:28 - [TEST_STEP][PASSED] - if (compare == filePoteri): null

08-11-2024T10:05:28 - [TEST_STEP][PASSED] - if (planFact == 2): Object: 'Object Repository/Выполнение бизнес-плана/Кнопка Факт' is clicked on

08-11-2024T10:05:28 - [TEST_STEP][PASSED] - click(findTestObject("Выполнение бизнес-плана/Кнопка Факт")): Object: 'Object Repository/Выполнение бизнес-плана/Кнопка Факт' is clicked on

08-11-2024T10:05:29 - [MESSAGE][PASSED] - Object: 'Object Repository/Выполнение бизнес-плана/Кнопка Факт' is clicked on

08-11-2024T10:05:29 - [TEST_STEP][PASSED] - if (a == 84 || a == 82): null

08-11-2024T10:05:29 - [TEST_STEP][PASSED] - else if (a == 52 || a == 72 || a == 28 || a == 73 || a == 77 || a == 74 || a == 65 || a == 36 || a == 44 || a == 53 || a == 80 || a == 54 || a == 1 || a == 18 || a == 59 || a == 81): null

08-11-2024T10:05:29 - [TEST_STEP][PASSED] - else: null

08-11-2024T10:05:29 - [TEST_STEP][PASSED] - page1 = getText(findTestObject("Object Repository/Выполнение бизнес-плана/spanPlan" + filialNum)): Text of object 'Object Repository/Выполнение бизнес-плана/spanPlan9' is: '6.18
|'

08-11-2024T10:05:29 - [MESSAGE][PASSED] - Text of object 'Object Repository/Выполнение бизнес-плана/spanPlan9' is: '6.18
|'

08-11-2024T10:05:29 - [TEST_STEP][PASSED] - page1 = page1.replace("|", ""): null

08-11-2024T10:05:29 - [TEST_STEP][PASSED] - page2 = getText(findTestObject("Object Repository/Выполнение бизнес-плана/spanFact" + filialNum)): Text of object 'Object Repository/Выполнение бизнес-плана/spanFact9' is: '6.05
|'

08-11-2024T10:05:29 - [MESSAGE][PASSED] - Text of object 'Object Repository/Выполнение бизнес-плана/spanFact9' is: '6.05
|'

08-11-2024T10:05:29 - [TEST_STEP][PASSED] - page2 = page2.replace("|", ""): null

08-11-2024T10:05:29 - [TEST_STEP][PASSED] - println("page1: " + page1): null

08-11-2024T10:05:29 - [TEST_STEP][PASSED] - println("page2: " + page2): null

08-11-2024T10:05:29 - [TEST_STEP][PASSED] - file = findTestData("PlanFact").getValue(4, a): null

08-11-2024T10:05:29 - [TEST_STEP][PASSED] - file = file.replace(",", "."): null

08-11-2024T10:05:29 - [TEST_STEP][PASSED] - println("file Plan: " + file): null

08-11-2024T10:05:29 - [TEST_STEP][PASSED] - typeOfData = "План в процентах": null

08-11-2024T10:05:29 - [TEST_STEP][PASSED] - fileDouble = file.toDouble(): null

08-11-2024T10:05:29 - [TEST_STEP][PASSED] - pageDouble = page1.toDouble(): null

08-11-2024T10:05:29 - [TEST_STEP][PASSED] - if (fileDouble != pageDouble): null

08-11-2024T10:05:29 - [TEST_STEP][PASSED] - file = findTestData("PlanFact").getValue(7, a): null

08-11-2024T10:05:29 - [TEST_STEP][PASSED] - file = file.replace(",", "."): null

08-11-2024T10:05:29 - [TEST_STEP][PASSED] - println("file Fact: " + file): null

08-11-2024T10:05:29 - [TEST_STEP][PASSED] - fileDouble = file.toDouble(): null

08-11-2024T10:05:29 - [TEST_STEP][PASSED] - typeOfData = "Факт в процентах": null

08-11-2024T10:05:29 - [TEST_STEP][PASSED] - fileDouble = file.toDouble(): null

08-11-2024T10:05:29 - [TEST_STEP][PASSED] - pageDouble = page2.toDouble(): null

08-11-2024T10:05:29 - [TEST_STEP][PASSED] - if (fileDouble != pageDouble): null

08-11-2024T10:05:29 - [TEST_STEP][PASSED] - if (verifyEqual(numberOfErrors, 0) == false): Actual object '0' and expected object '0' are equal

08-11-2024T10:05:29 - [MESSAGE][PASSED] - Actual object '0' and expected object '0' are equal

08-11-2024T10:05:29 - [TEST_STEP][PASSED] - if (a == 82): null

08-11-2024T10:05:29 - [TEST_STEP][PASSED] - filialNum = 0: null

08-11-2024T10:05:29 - [TEST_STEP][PASSED] - if (a == 36): null

08-11-2024T10:05:29 - [TEST_STEP][PASSED] - if (a == 44): null

08-11-2024T10:05:29 - [TEST_STEP][PASSED] - if (a == 54): null

08-11-2024T10:05:29 - [TEST_STEP][PASSED] - if (a == 59): null

08-11-2024T10:05:29 - [TEST_STEP][PASSED] - Script1718980020443.OpenFilter(): null

08-11-2024T10:05:29 - [TEST_STEP][PASSED] - click(findTestObject("Object Repository/Выполнение бизнес-плана/Фильтр ДЗО")): Object: 'Object Repository/Выполнение бизнес-плана/Фильтр ДЗО' is clicked on

08-11-2024T10:05:30 - [MESSAGE][PASSED] - Object: 'Object Repository/Выполнение бизнес-плана/Фильтр ДЗО' is clicked on

08-11-2024T10:05:30 - [TEST_STEP][PASSED] - click(findTestObject("Выполнение бизнес-плана/Снять выделение в фильтре ДЗО")): Object: 'Object Repository/Выполнение бизнес-плана/Снять выделение в фильтре ДЗО' is clicked on

08-11-2024T10:05:30 - [MESSAGE][PASSED] - Object: 'Object Repository/Выполнение бизнес-плана/Снять выделение в фильтре ДЗО' is clicked on

08-11-2024T10:05:30 - [TEST_STEP][PASSED] - Script1718980020443.CloseFilter(): null

08-11-2024T10:05:30 - [TEST_STEP][PASSED] - scrollToElement(findTestObject("Выполнение бизнес-плана/Заголовок дашборда"), 30): Scroll to object 'Object Repository/Выполнение бизнес-плана/Заголовок дашборда' successfully

08-11-2024T10:05:31 - [MESSAGE][PASSED] - Scroll to object 'Object Repository/Выполнение бизнес-плана/Заголовок дашборда' successfully

08-11-2024T10:05:31 - [TEST_STEP][PASSED] - click(findTestObject("Object Repository/Выполнение бизнес-плана/Применить в фильтре ДЗО")): Object: 'Object Repository/Выполнение бизнес-плана/Применить в фильтре ДЗО' is clicked on

08-11-2024T10:05:31 - [MESSAGE][PASSED] - Object: 'Object Repository/Выполнение бизнес-плана/Применить в фильтре ДЗО' is clicked on

08-11-2024T10:05:31 - [TEST_STEP][PASSED] - if (a == 82): null

08-11-2024T10:05:31 - [TEST_STEP][PASSED] - println(dzoNum): null

08-11-2024T10:05:31 - [TEST_STEP][PASSED] - dZO = "Россети Юг": null

08-11-2024T10:05:31 - [TEST_STEP][PASSED] - a = 59: null

08-11-2024T10:05:31 - [TEST_STEP][PASSED] - if (x1.contains(dZO)): null

08-11-2024T10:05:31 - [TEST_STEP][PASSED] - else: null

08-11-2024T10:05:31 - [TEST_STEP][PASSED] - Script1718980020443.NoData(a, typeOfData, todaysDate, fileInt, fileDouble, dZO): null

08-11-2024T10:05:31 - [TEST_STEP][PASSED] - println(a): null

08-11-2024T10:05:31 - [TEST_STEP][PASSED] - println(todaysDate): null

08-11-2024T10:05:31 - [TEST_STEP][PASSED] - println(fileInt): null

08-11-2024T10:05:31 - [TEST_STEP][PASSED] - println(fileDouble): null

08-11-2024T10:05:31 - [TEST_STEP][PASSED] - println(dZO): null

08-11-2024T10:05:31 - [TEST_STEP][PASSED] - typeOfData = "Факт Отпуск в сеть": null

08-11-2024T10:05:31 - [TEST_STEP][PASSED] - fileInt = replaceAll("\s+", "").toInteger(): null

08-11-2024T10:05:32 - [TEST_STEP][PASSED] - Script1718980020443.WriteToExcelNoData(a, typeOfData, todaysDate, fileInt, fileDouble, dZO): null

08-11-2024T10:05:32 - [TEST_STEP][PASSED] - sheetName = "Sheet1": null

08-11-2024T10:05:32 - [TEST_STEP][PASSED] - data = findTestData("PlanFact"): null

08-11-2024T10:05:32 - [TEST_STEP][PASSED] - n = data.getRowNumbers() + 1: null

08-11-2024T10:05:32 - [TEST_STEP][PASSED] - year = todaysDate.substring(todaysDate.length() - 4, todaysDate.length()): null

08-11-2024T10:05:32 - [TEST_STEP][PASSED] - y = year.toInteger(): null

08-11-2024T10:05:32 - [TEST_STEP][PASSED] - m = getText(findTestObject("Выполнение бизнес-плана/Период")): Text of object 'Object Repository/Выполнение бизнес-плана/Период' is: '1, 2, 3 кв. 2024 года'

08-11-2024T10:05:52 - [MESSAGE][PASSED] - Text of object 'Object Repository/Выполнение бизнес-плана/Период' is: '1, 2, 3 кв. 2024 года'

08-11-2024T10:05:52 - [TEST_STEP][PASSED] - m = m.substring(0, m.indexOf("2024")): null

08-11-2024T10:05:52 - [TEST_STEP][PASSED] - m = m.trim(): null

08-11-2024T10:05:52 - [TEST_STEP][PASSED] - dashboardName = "Выполнение бизнес-плана": null

08-11-2024T10:05:52 - [TEST_STEP][PASSED] - workbook01 = getWorkbook(excelFilePath): null

08-11-2024T10:05:52 - [TEST_STEP][PASSED] - sheet01 = getExcelSheet(workbook01, sheetName): null

08-11-2024T10:05:52 - [TEST_STEP][PASSED] - setValueToCellByIndex(sheet01, n, 0, dashboardName): null

08-11-2024T10:05:52 - [TEST_STEP][PASSED] - setValueToCellByIndex(sheet01, n, 1, dZO): null

08-11-2024T10:05:52 - [TEST_STEP][PASSED] - setValueToCellByIndex(sheet01, n, 2, typeOfData): null

08-11-2024T10:05:52 - [TEST_STEP][PASSED] - if (typeOfData == "Факт в процентах" || typeOfData == "План в процентах"): null

08-11-2024T10:05:52 - [TEST_STEP][PASSED] - else: null

08-11-2024T10:05:52 - [TEST_STEP][PASSED] - setValueToCellByIndex(sheet01, n, 3, fileInt): null

08-11-2024T10:05:52 - [TEST_STEP][PASSED] - setValueToCellByIndex(sheet01, n, 4, "нет данных"): null

08-11-2024T10:05:52 - [TEST_STEP][PASSED] - setValueToCellByIndex(sheet01, n, 5, m): null

08-11-2024T10:05:52 - [TEST_STEP][PASSED] - setValueToCellByIndex(sheet01, n, 6, y): null

08-11-2024T10:05:52 - [TEST_STEP][PASSED] - setValueToCellByIndex(sheet01, n, 7, todaysDate): null

08-11-2024T10:05:52 - [TEST_STEP][PASSED] - n = n + 1: null

08-11-2024T10:05:52 - [TEST_STEP][PASSED] - saveWorkbook(excelFilePath, workbook01): null

08-11-2024T10:05:52 - [TEST_STEP][PASSED] - typeOfData = "Факт Потери": null

08-11-2024T10:05:52 - [TEST_STEP][PASSED] - fileInt = replaceAll("\s+", "").toInteger(): null

08-11-2024T10:05:52 - [TEST_STEP][PASSED] - Script1718980020443.WriteToExcelNoData(a, typeOfData, todaysDate, fileInt, fileDouble, dZO): null

08-11-2024T10:05:52 - [TEST_STEP][PASSED] - sheetName = "Sheet1": null

08-11-2024T10:05:52 - [TEST_STEP][PASSED] - data = findTestData("PlanFact"): null

08-11-2024T10:05:52 - [TEST_STEP][PASSED] - n = data.getRowNumbers() + 1: null

08-11-2024T10:05:52 - [TEST_STEP][PASSED] - year = todaysDate.substring(todaysDate.length() - 4, todaysDate.length()): null

08-11-2024T10:05:52 - [TEST_STEP][PASSED] - y = year.toInteger(): null

08-11-2024T10:05:52 - [TEST_STEP][PASSED] - m = getText(findTestObject("Выполнение бизнес-плана/Период")): Text of object 'Object Repository/Выполнение бизнес-плана/Период' is: '1, 2, 3 кв. 2024 года'

08-11-2024T10:05:53 - [MESSAGE][PASSED] - Text of object 'Object Repository/Выполнение бизнес-плана/Период' is: '1, 2, 3 кв. 2024 года'

08-11-2024T10:05:53 - [TEST_STEP][PASSED] - m = m.substring(0, m.indexOf("2024")): null

08-11-2024T10:05:53 - [TEST_STEP][PASSED] - m = m.trim(): null

08-11-2024T10:05:53 - [TEST_STEP][PASSED] - dashboardName = "Выполнение бизнес-плана": null

08-11-2024T10:05:53 - [TEST_STEP][PASSED] - workbook01 = getWorkbook(excelFilePath): null

08-11-2024T10:05:53 - [TEST_STEP][PASSED] - sheet01 = getExcelSheet(workbook01, sheetName): null

08-11-2024T10:05:53 - [TEST_STEP][PASSED] - setValueToCellByIndex(sheet01, n, 0, dashboardName): null

08-11-2024T10:05:53 - [TEST_STEP][PASSED] - setValueToCellByIndex(sheet01, n, 1, dZO): null

08-11-2024T10:05:53 - [TEST_STEP][PASSED] - setValueToCellByIndex(sheet01, n, 2, typeOfData): null

08-11-2024T10:05:53 - [TEST_STEP][PASSED] - if (typeOfData == "Факт в процентах" || typeOfData == "План в процентах"): null

08-11-2024T10:05:53 - [TEST_STEP][PASSED] - else: null

08-11-2024T10:05:53 - [TEST_STEP][PASSED] - setValueToCellByIndex(sheet01, n, 3, fileInt): null

08-11-2024T10:05:53 - [TEST_STEP][PASSED] - setValueToCellByIndex(sheet01, n, 4, "нет данных"): null

08-11-2024T10:05:53 - [TEST_STEP][PASSED] - setValueToCellByIndex(sheet01, n, 5, m): null

08-11-2024T10:05:53 - [TEST_STEP][PASSED] - setValueToCellByIndex(sheet01, n, 6, y): null

08-11-2024T10:05:53 - [TEST_STEP][PASSED] - setValueToCellByIndex(sheet01, n, 7, todaysDate): null

08-11-2024T10:05:53 - [TEST_STEP][PASSED] - n = n + 1: null

08-11-2024T10:05:53 - [TEST_STEP][PASSED] - saveWorkbook(excelFilePath, workbook01): null

08-11-2024T10:05:53 - [TEST_STEP][PASSED] - typeOfData = "План Отпуск в сеть": null

08-11-2024T10:05:53 - [TEST_STEP][PASSED] - fileInt = replaceAll("\s+", "").toInteger(): null

08-11-2024T10:05:53 - [TEST_STEP][PASSED] - Script1718980020443.WriteToExcelNoData(a, typeOfData, todaysDate, fileInt, fileDouble, dZO): null

08-11-2024T10:05:53 - [TEST_STEP][PASSED] - sheetName = "Sheet1": null

08-11-2024T10:05:53 - [TEST_STEP][PASSED] - data = findTestData("PlanFact"): null

08-11-2024T10:05:53 - [TEST_STEP][PASSED] - n = data.getRowNumbers() + 1: null

08-11-2024T10:05:53 - [TEST_STEP][PASSED] - year = todaysDate.substring(todaysDate.length() - 4, todaysDate.length()): null

08-11-2024T10:05:53 - [TEST_STEP][PASSED] - y = year.toInteger(): null

08-11-2024T10:05:53 - [TEST_STEP][PASSED] - m = getText(findTestObject("Выполнение бизнес-плана/Период")): Text of object 'Object Repository/Выполнение бизнес-плана/Период' is: '1, 2, 3 кв. 2024 года'

08-11-2024T10:05:53 - [MESSAGE][PASSED] - Text of object 'Object Repository/Выполнение бизнес-плана/Период' is: '1, 2, 3 кв. 2024 года'

08-11-2024T10:05:53 - [TEST_STEP][PASSED] - m = m.substring(0, m.indexOf("2024")): null

08-11-2024T10:05:53 - [TEST_STEP][PASSED] - m = m.trim(): null

08-11-2024T10:05:53 - [TEST_STEP][PASSED] - dashboardName = "Выполнение бизнес-плана": null

08-11-2024T10:05:53 - [TEST_STEP][PASSED] - workbook01 = getWorkbook(excelFilePath): null

08-11-2024T10:05:53 - [TEST_STEP][PASSED] - sheet01 = getExcelSheet(workbook01, sheetName): null

08-11-2024T10:05:53 - [TEST_STEP][PASSED] - setValueToCellByIndex(sheet01, n, 0, dashboardName): null

08-11-2024T10:05:53 - [TEST_STEP][PASSED] - setValueToCellByIndex(sheet01, n, 1, dZO): null

08-11-2024T10:05:53 - [TEST_STEP][PASSED] - setValueToCellByIndex(sheet01, n, 2, typeOfData): null

08-11-2024T10:05:53 - [TEST_STEP][PASSED] - if (typeOfData == "Факт в процентах" || typeOfData == "План в процентах"): null

08-11-2024T10:05:53 - [TEST_STEP][PASSED] - else: null

08-11-2024T10:05:53 - [TEST_STEP][PASSED] - setValueToCellByIndex(sheet01, n, 3, fileInt): null

08-11-2024T10:05:53 - [TEST_STEP][PASSED] - setValueToCellByIndex(sheet01, n, 4, "нет данных"): null

08-11-2024T10:05:53 - [TEST_STEP][PASSED] - setValueToCellByIndex(sheet01, n, 5, m): null

08-11-2024T10:05:53 - [TEST_STEP][PASSED] - setValueToCellByIndex(sheet01, n, 6, y): null

08-11-2024T10:05:53 - [TEST_STEP][PASSED] - setValueToCellByIndex(sheet01, n, 7, todaysDate): null

08-11-2024T10:05:53 - [TEST_STEP][PASSED] - n = n + 1: null

08-11-2024T10:05:53 - [TEST_STEP][PASSED] - saveWorkbook(excelFilePath, workbook01): null

08-11-2024T10:05:54 - [TEST_STEP][PASSED] - typeOfData = "План Потери": null

08-11-2024T10:05:54 - [TEST_STEP][PASSED] - fileInt = replaceAll("\s+", "").toInteger(): null

08-11-2024T10:05:54 - [TEST_STEP][PASSED] - Script1718980020443.WriteToExcelNoData(a, typeOfData, todaysDate, fileInt, fileDouble, dZO): null

08-11-2024T10:05:54 - [TEST_STEP][PASSED] - sheetName = "Sheet1": null

08-11-2024T10:05:54 - [TEST_STEP][PASSED] - data = findTestData("PlanFact"): null

08-11-2024T10:05:54 - [TEST_STEP][PASSED] - n = data.getRowNumbers() + 1: null

08-11-2024T10:05:54 - [TEST_STEP][PASSED] - year = todaysDate.substring(todaysDate.length() - 4, todaysDate.length()): null

08-11-2024T10:05:54 - [TEST_STEP][PASSED] - y = year.toInteger(): null

08-11-2024T10:05:54 - [TEST_STEP][PASSED] - m = getText(findTestObject("Выполнение бизнес-плана/Период")): Text of object 'Object Repository/Выполнение бизнес-плана/Период' is: '1, 2, 3 кв. 2024 года'

08-11-2024T10:05:54 - [MESSAGE][PASSED] - Text of object 'Object Repository/Выполнение бизнес-плана/Период' is: '1, 2, 3 кв. 2024 года'

08-11-2024T10:05:54 - [TEST_STEP][PASSED] - m = m.substring(0, m.indexOf("2024")): null

08-11-2024T10:05:54 - [TEST_STEP][PASSED] - m = m.trim(): null

08-11-2024T10:05:54 - [TEST_STEP][PASSED] - dashboardName = "Выполнение бизнес-плана": null

08-11-2024T10:05:54 - [TEST_STEP][PASSED] - workbook01 = getWorkbook(excelFilePath): null

08-11-2024T10:05:54 - [TEST_STEP][PASSED] - sheet01 = getExcelSheet(workbook01, sheetName): null

08-11-2024T10:05:54 - [TEST_STEP][PASSED] - setValueToCellByIndex(sheet01, n, 0, dashboardName): null

08-11-2024T10:05:54 - [TEST_STEP][PASSED] - setValueToCellByIndex(sheet01, n, 1, dZO): null

08-11-2024T10:05:54 - [TEST_STEP][PASSED] - setValueToCellByIndex(sheet01, n, 2, typeOfData): null

08-11-2024T10:05:54 - [TEST_STEP][PASSED] - if (typeOfData == "Факт в процентах" || typeOfData == "План в процентах"): null

08-11-2024T10:05:54 - [TEST_STEP][PASSED] - else: null

08-11-2024T10:05:54 - [TEST_STEP][PASSED] - setValueToCellByIndex(sheet01, n, 3, fileInt): null

08-11-2024T10:05:54 - [TEST_STEP][PASSED] - setValueToCellByIndex(sheet01, n, 4, "нет данных"): null

08-11-2024T10:05:54 - [TEST_STEP][PASSED] - setValueToCellByIndex(sheet01, n, 5, m): null

08-11-2024T10:05:54 - [TEST_STEP][PASSED] - setValueToCellByIndex(sheet01, n, 6, y): null

08-11-2024T10:05:54 - [TEST_STEP][PASSED] - setValueToCellByIndex(sheet01, n, 7, todaysDate): null

08-11-2024T10:05:54 - [TEST_STEP][PASSED] - n = n + 1: null

08-11-2024T10:05:54 - [TEST_STEP][PASSED] - saveWorkbook(excelFilePath, workbook01): null

08-11-2024T10:05:54 - [TEST_STEP][PASSED] - typeOfData = "План в процентах": null

08-11-2024T10:05:54 - [TEST_STEP][PASSED] - fileDouble = ").toDouble(): null

08-11-2024T10:05:54 - [TEST_STEP][PASSED] - Script1718980020443.WriteToExcelNoData(a, typeOfData, todaysDate, fileInt, fileDouble, dZO): null

08-11-2024T10:05:54 - [TEST_STEP][PASSED] - sheetName = "Sheet1": null

08-11-2024T10:05:54 - [TEST_STEP][PASSED] - data = findTestData("PlanFact"): null

08-11-2024T10:05:54 - [TEST_STEP][PASSED] - n = data.getRowNumbers() + 1: null

08-11-2024T10:05:54 - [TEST_STEP][PASSED] - year = todaysDate.substring(todaysDate.length() - 4, todaysDate.length()): null

08-11-2024T10:05:54 - [TEST_STEP][PASSED] - y = year.toInteger(): null

08-11-2024T10:05:54 - [TEST_STEP][PASSED] - m = getText(findTestObject("Выполнение бизнес-плана/Период")): Text of object 'Object Repository/Выполнение бизнес-плана/Период' is: '1, 2, 3 кв. 2024 года'

08-11-2024T10:05:55 - [MESSAGE][PASSED] - Text of object 'Object Repository/Выполнение бизнес-плана/Период' is: '1, 2, 3 кв. 2024 года'

08-11-2024T10:05:55 - [TEST_STEP][PASSED] - m = m.substring(0, m.indexOf("2024")): null

08-11-2024T10:05:55 - [TEST_STEP][PASSED] - m = m.trim(): null

08-11-2024T10:05:55 - [TEST_STEP][PASSED] - dashboardName = "Выполнение бизнес-плана": null

08-11-2024T10:05:55 - [TEST_STEP][PASSED] - workbook01 = getWorkbook(excelFilePath): null

08-11-2024T10:05:55 - [TEST_STEP][PASSED] - sheet01 = getExcelSheet(workbook01, sheetName): null

08-11-2024T10:05:55 - [TEST_STEP][PASSED] - setValueToCellByIndex(sheet01, n, 0, dashboardName): null

08-11-2024T10:05:55 - [TEST_STEP][PASSED] - setValueToCellByIndex(sheet01, n, 1, dZO): null

08-11-2024T10:05:55 - [TEST_STEP][PASSED] - setValueToCellByIndex(sheet01, n, 2, typeOfData): null

08-11-2024T10:05:55 - [TEST_STEP][PASSED] - if (typeOfData == "Факт в процентах" || typeOfData == "План в процентах"): null

08-11-2024T10:05:55 - [TEST_STEP][PASSED] - setValueToCellByIndex(sheet01, n, 3, fileDouble): null

08-11-2024T10:05:55 - [TEST_STEP][PASSED] - setValueToCellByIndex(sheet01, n, 4, "нет данных"): null

08-11-2024T10:05:55 - [TEST_STEP][PASSED] - setValueToCellByIndex(sheet01, n, 5, m): null

08-11-2024T10:05:55 - [TEST_STEP][PASSED] - setValueToCellByIndex(sheet01, n, 6, y): null

08-11-2024T10:05:55 - [TEST_STEP][PASSED] - setValueToCellByIndex(sheet01, n, 7, todaysDate): null

08-11-2024T10:05:55 - [TEST_STEP][PASSED] - n = n + 1: null

08-11-2024T10:05:55 - [TEST_STEP][PASSED] - saveWorkbook(excelFilePath, workbook01): null

08-11-2024T10:05:55 - [TEST_STEP][PASSED] - typeOfData = "Факт в процентах": null

08-11-2024T10:05:55 - [TEST_STEP][PASSED] - fileDouble = ").toDouble(): null

08-11-2024T10:05:55 - [TEST_STEP][PASSED] - Script1718980020443.WriteToExcelNoData(a, typeOfData, todaysDate, fileInt, fileDouble, dZO): null

08-11-2024T10:05:55 - [TEST_STEP][PASSED] - sheetName = "Sheet1": null

08-11-2024T10:05:55 - [TEST_STEP][PASSED] - data = findTestData("PlanFact"): null

08-11-2024T10:05:55 - [TEST_STEP][PASSED] - n = data.getRowNumbers() + 1: null

08-11-2024T10:05:55 - [TEST_STEP][PASSED] - year = todaysDate.substring(todaysDate.length() - 4, todaysDate.length()): null

08-11-2024T10:05:55 - [TEST_STEP][PASSED] - y = year.toInteger(): null

08-11-2024T10:05:55 - [TEST_STEP][PASSED] - m = getText(findTestObject("Выполнение бизнес-плана/Период")): Text of object 'Object Repository/Выполнение бизнес-плана/Период' is: '1, 2, 3 кв. 2024 года'

08-11-2024T10:05:55 - [MESSAGE][PASSED] - Text of object 'Object Repository/Выполнение бизнес-плана/Период' is: '1, 2, 3 кв. 2024 года'

08-11-2024T10:05:55 - [TEST_STEP][PASSED] - m = m.substring(0, m.indexOf("2024")): null

08-11-2024T10:05:55 - [TEST_STEP][PASSED] - m = m.trim(): null

08-11-2024T10:05:55 - [TEST_STEP][PASSED] - dashboardName = "Выполнение бизнес-плана": null

08-11-2024T10:05:55 - [TEST_STEP][PASSED] - workbook01 = getWorkbook(excelFilePath): null

08-11-2024T10:05:55 - [TEST_STEP][PASSED] - sheet01 = getExcelSheet(workbook01, sheetName): null

08-11-2024T10:05:55 - [TEST_STEP][PASSED] - setValueToCellByIndex(sheet01, n, 0, dashboardName): null

08-11-2024T10:05:55 - [TEST_STEP][PASSED] - setValueToCellByIndex(sheet01, n, 1, dZO): null

08-11-2024T10:05:55 - [TEST_STEP][PASSED] - setValueToCellByIndex(sheet01, n, 2, typeOfData): null

08-11-2024T10:05:55 - [TEST_STEP][PASSED] - if (typeOfData == "Факт в процентах" || typeOfData == "План в процентах"): null

08-11-2024T10:05:55 - [TEST_STEP][PASSED] - setValueToCellByIndex(sheet01, n, 3, fileDouble): null

08-11-2024T10:05:55 - [TEST_STEP][PASSED] - setValueToCellByIndex(sheet01, n, 4, "нет данных"): null

08-11-2024T10:05:55 - [TEST_STEP][PASSED] - setValueToCellByIndex(sheet01, n, 5, m): null

08-11-2024T10:05:55 - [TEST_STEP][PASSED] - setValueToCellByIndex(sheet01, n, 6, y): null

08-11-2024T10:05:55 - [TEST_STEP][PASSED] - setValueToCellByIndex(sheet01, n, 7, todaysDate): null

08-11-2024T10:05:55 - [TEST_STEP][PASSED] - n = n + 1: null

08-11-2024T10:05:55 - [TEST_STEP][PASSED] - saveWorkbook(excelFilePath, workbook01): null

08-11-2024T10:05:56 - [TEST_STEP][PASSED] - println(dzoNum): null

08-11-2024T10:05:56 - [TEST_STEP][PASSED] - dZO = "Россети Янтарь": null

08-11-2024T10:05:56 - [TEST_STEP][PASSED] - a = 81: null

08-11-2024T10:05:56 - [TEST_STEP][PASSED] - if (x1.contains(dZO)): null

08-11-2024T10:05:56 - [TEST_STEP][PASSED] - else: null

08-11-2024T10:05:56 - [TEST_STEP][PASSED] - Script1718980020443.NoData(a, typeOfData, todaysDate, fileInt, fileDouble, dZO): null

08-11-2024T10:05:56 - [TEST_STEP][PASSED] - println(a): null

08-11-2024T10:05:56 - [TEST_STEP][PASSED] - println(todaysDate): null

08-11-2024T10:05:56 - [TEST_STEP][PASSED] - println(fileInt): null

08-11-2024T10:05:56 - [TEST_STEP][PASSED] - println(fileDouble): null

08-11-2024T10:05:56 - [TEST_STEP][PASSED] - println(dZO): null

08-11-2024T10:05:56 - [TEST_STEP][PASSED] - typeOfData = "Факт Отпуск в сеть": null

08-11-2024T10:05:56 - [TEST_STEP][PASSED] - fileInt = replaceAll("\s+", "").toInteger(): null

08-11-2024T10:05:56 - [TEST_STEP][PASSED] - Script1718980020443.WriteToExcelNoData(a, typeOfData, todaysDate, fileInt, fileDouble, dZO): null

08-11-2024T10:05:56 - [TEST_STEP][PASSED] - sheetName = "Sheet1": null

08-11-2024T10:05:56 - [TEST_STEP][PASSED] - data = findTestData("PlanFact"): null

08-11-2024T10:05:56 - [TEST_STEP][PASSED] - n = data.getRowNumbers() + 1: null

08-11-2024T10:05:56 - [TEST_STEP][PASSED] - year = todaysDate.substring(todaysDate.length() - 4, todaysDate.length()): null

08-11-2024T10:05:56 - [TEST_STEP][PASSED] - y = year.toInteger(): null

08-11-2024T10:05:56 - [TEST_STEP][PASSED] - m = getText(findTestObject("Выполнение бизнес-плана/Период")): Text of object 'Object Repository/Выполнение бизнес-плана/Период' is: '1, 2, 3 кв. 2024 года'

08-11-2024T10:05:56 - [MESSAGE][PASSED] - Text of object 'Object Repository/Выполнение бизнес-плана/Период' is: '1, 2, 3 кв. 2024 года'

08-11-2024T10:05:56 - [TEST_STEP][PASSED] - m = m.substring(0, m.indexOf("2024")): null

08-11-2024T10:05:56 - [TEST_STEP][PASSED] - m = m.trim(): null

08-11-2024T10:05:56 - [TEST_STEP][PASSED] - dashboardName = "Выполнение бизнес-плана": null

08-11-2024T10:05:56 - [TEST_STEP][PASSED] - workbook01 = getWorkbook(excelFilePath): null

08-11-2024T10:05:56 - [TEST_STEP][PASSED] - sheet01 = getExcelSheet(workbook01, sheetName): null

08-11-2024T10:05:56 - [TEST_STEP][PASSED] - setValueToCellByIndex(sheet01, n, 0, dashboardName): null

08-11-2024T10:05:56 - [TEST_STEP][PASSED] - setValueToCellByIndex(sheet01, n, 1, dZO): null

08-11-2024T10:05:56 - [TEST_STEP][PASSED] - setValueToCellByIndex(sheet01, n, 2, typeOfData): null

08-11-2024T10:05:56 - [TEST_STEP][PASSED] - if (typeOfData == "Факт в процентах" || typeOfData == "План в процентах"): null

08-11-2024T10:05:56 - [TEST_STEP][PASSED] - else: null

08-11-2024T10:05:56 - [TEST_STEP][PASSED] - setValueToCellByIndex(sheet01, n, 3, fileInt): null

08-11-2024T10:05:56 - [TEST_STEP][PASSED] - setValueToCellByIndex(sheet01, n, 4, "нет данных"): null

08-11-2024T10:05:56 - [TEST_STEP][PASSED] - setValueToCellByIndex(sheet01, n, 5, m): null

08-11-2024T10:05:56 - [TEST_STEP][PASSED] - setValueToCellByIndex(sheet01, n, 6, y): null

08-11-2024T10:05:56 - [TEST_STEP][PASSED] - setValueToCellByIndex(sheet01, n, 7, todaysDate): null

08-11-2024T10:05:56 - [TEST_STEP][PASSED] - n = n + 1: null

08-11-2024T10:05:56 - [TEST_STEP][PASSED] - saveWorkbook(excelFilePath, workbook01): null

08-11-2024T10:05:56 - [TEST_STEP][PASSED] - typeOfData = "Факт Потери": null

08-11-2024T10:05:56 - [TEST_STEP][PASSED] - fileInt = replaceAll("\s+", "").toInteger(): null

08-11-2024T10:05:56 - [TEST_STEP][PASSED] - Script1718980020443.WriteToExcelNoData(a, typeOfData, todaysDate, fileInt, fileDouble, dZO): null

08-11-2024T10:05:56 - [TEST_STEP][PASSED] - sheetName = "Sheet1": null

08-11-2024T10:05:56 - [TEST_STEP][PASSED] - data = findTestData("PlanFact"): null

08-11-2024T10:05:56 - [TEST_STEP][PASSED] - n = data.getRowNumbers() + 1: null

08-11-2024T10:05:56 - [TEST_STEP][PASSED] - year = todaysDate.substring(todaysDate.length() - 4, todaysDate.length()): null

08-11-2024T10:05:56 - [TEST_STEP][PASSED] - y = year.toInteger(): null

08-11-2024T10:05:56 - [TEST_STEP][PASSED] - m = getText(findTestObject("Выполнение бизнес-плана/Период")): Text of object 'Object Repository/Выполнение бизнес-плана/Период' is: '1, 2, 3 кв. 2024 года'

08-11-2024T10:05:57 - [MESSAGE][PASSED] - Text of object 'Object Repository/Выполнение бизнес-плана/Период' is: '1, 2, 3 кв. 2024 года'

08-11-2024T10:05:57 - [TEST_STEP][PASSED] - m = m.substring(0, m.indexOf("2024")): null

08-11-2024T10:05:57 - [TEST_STEP][PASSED] - m = m.trim(): null

08-11-2024T10:05:57 - [TEST_STEP][PASSED] - dashboardName = "Выполнение бизнес-плана": null

08-11-2024T10:05:57 - [TEST_STEP][PASSED] - workbook01 = getWorkbook(excelFilePath): null

08-11-2024T10:05:57 - [TEST_STEP][PASSED] - sheet01 = getExcelSheet(workbook01, sheetName): null

08-11-2024T10:05:57 - [TEST_STEP][PASSED] - setValueToCellByIndex(sheet01, n, 0, dashboardName): null

08-11-2024T10:05:57 - [TEST_STEP][PASSED] - setValueToCellByIndex(sheet01, n, 1, dZO): null

08-11-2024T10:05:57 - [TEST_STEP][PASSED] - setValueToCellByIndex(sheet01, n, 2, typeOfData): null

08-11-2024T10:05:57 - [TEST_STEP][PASSED] - if (typeOfData == "Факт в процентах" || typeOfData == "План в процентах"): null

08-11-2024T10:05:57 - [TEST_STEP][PASSED] - else: null

08-11-2024T10:05:57 - [TEST_STEP][PASSED] - setValueToCellByIndex(sheet01, n, 3, fileInt): null

08-11-2024T10:05:57 - [TEST_STEP][PASSED] - setValueToCellByIndex(sheet01, n, 4, "нет данных"): null

08-11-2024T10:05:57 - [TEST_STEP][PASSED] - setValueToCellByIndex(sheet01, n, 5, m): null

08-11-2024T10:05:57 - [TEST_STEP][PASSED] - setValueToCellByIndex(sheet01, n, 6, y): null

08-11-2024T10:05:57 - [TEST_STEP][PASSED] - setValueToCellByIndex(sheet01, n, 7, todaysDate): null

08-11-2024T10:05:57 - [TEST_STEP][PASSED] - n = n + 1: null

08-11-2024T10:05:57 - [TEST_STEP][PASSED] - saveWorkbook(excelFilePath, workbook01): null

08-11-2024T10:05:57 - [TEST_STEP][PASSED] - typeOfData = "План Отпуск в сеть": null

08-11-2024T10:05:57 - [TEST_STEP][PASSED] - fileInt = replaceAll("\s+", "").toInteger(): null

08-11-2024T10:05:57 - [TEST_STEP][PASSED] - Script1718980020443.WriteToExcelNoData(a, typeOfData, todaysDate, fileInt, fileDouble, dZO): null

08-11-2024T10:05:57 - [TEST_STEP][PASSED] - sheetName = "Sheet1": null

08-11-2024T10:05:57 - [TEST_STEP][PASSED] - data = findTestData("PlanFact"): null

08-11-2024T10:05:57 - [TEST_STEP][PASSED] - n = data.getRowNumbers() + 1: null

08-11-2024T10:05:57 - [TEST_STEP][PASSED] - year = todaysDate.substring(todaysDate.length() - 4, todaysDate.length()): null

08-11-2024T10:05:57 - [TEST_STEP][PASSED] - y = year.toInteger(): null

08-11-2024T10:05:57 - [TEST_STEP][PASSED] - m = getText(findTestObject("Выполнение бизнес-плана/Период")): Text of object 'Object Repository/Выполнение бизнес-плана/Период' is: '1, 2, 3 кв. 2024 года'

08-11-2024T10:05:57 - [MESSAGE][PASSED] - Text of object 'Object Repository/Выполнение бизнес-плана/Период' is: '1, 2, 3 кв. 2024 года'

08-11-2024T10:05:57 - [TEST_STEP][PASSED] - m = m.substring(0, m.indexOf("2024")): null

08-11-2024T10:05:57 - [TEST_STEP][PASSED] - m = m.trim(): null

08-11-2024T10:05:57 - [TEST_STEP][PASSED] - dashboardName = "Выполнение бизнес-плана": null

08-11-2024T10:05:57 - [TEST_STEP][PASSED] - workbook01 = getWorkbook(excelFilePath): null

08-11-2024T10:05:57 - [TEST_STEP][PASSED] - sheet01 = getExcelSheet(workbook01, sheetName): null

08-11-2024T10:05:57 - [TEST_STEP][PASSED] - setValueToCellByIndex(sheet01, n, 0, dashboardName): null

08-11-2024T10:05:57 - [TEST_STEP][PASSED] - setValueToCellByIndex(sheet01, n, 1, dZO): null

08-11-2024T10:05:57 - [TEST_STEP][PASSED] - setValueToCellByIndex(sheet01, n, 2, typeOfData): null

08-11-2024T10:05:57 - [TEST_STEP][PASSED] - if (typeOfData == "Факт в процентах" || typeOfData == "План в процентах"): null

08-11-2024T10:05:57 - [TEST_STEP][PASSED] - else: null

08-11-2024T10:05:57 - [TEST_STEP][PASSED] - setValueToCellByIndex(sheet01, n, 3, fileInt): null

08-11-2024T10:05:57 - [TEST_STEP][PASSED] - setValueToCellByIndex(sheet01, n, 4, "нет данных"): null

08-11-2024T10:05:57 - [TEST_STEP][PASSED] - setValueToCellByIndex(sheet01, n, 5, m): null

08-11-2024T10:05:57 - [TEST_STEP][PASSED] - setValueToCellByIndex(sheet01, n, 6, y): null

08-11-2024T10:05:57 - [TEST_STEP][PASSED] - setValueToCellByIndex(sheet01, n, 7, todaysDate): null

08-11-2024T10:05:57 - [TEST_STEP][PASSED] - n = n + 1: null

08-11-2024T10:05:57 - [TEST_STEP][PASSED] - saveWorkbook(excelFilePath, workbook01): null

08-11-2024T10:05:58 - [TEST_STEP][PASSED] - typeOfData = "План Потери": null

08-11-2024T10:05:58 - [TEST_STEP][PASSED] - fileInt = replaceAll("\s+", "").toInteger(): null

08-11-2024T10:05:58 - [TEST_STEP][PASSED] - Script1718980020443.WriteToExcelNoData(a, typeOfData, todaysDate, fileInt, fileDouble, dZO): null

08-11-2024T10:05:58 - [TEST_STEP][PASSED] - sheetName = "Sheet1": null

08-11-2024T10:05:58 - [TEST_STEP][PASSED] - data = findTestData("PlanFact"): null

08-11-2024T10:05:58 - [TEST_STEP][PASSED] - n = data.getRowNumbers() + 1: null

08-11-2024T10:05:58 - [TEST_STEP][PASSED] - year = todaysDate.substring(todaysDate.length() - 4, todaysDate.length()): null

08-11-2024T10:05:58 - [TEST_STEP][PASSED] - y = year.toInteger(): null

08-11-2024T10:05:58 - [TEST_STEP][PASSED] - m = getText(findTestObject("Выполнение бизнес-плана/Период")): Text of object 'Object Repository/Выполнение бизнес-плана/Период' is: '1, 2, 3 кв. 2024 года'

08-11-2024T10:05:58 - [MESSAGE][PASSED] - Text of object 'Object Repository/Выполнение бизнес-плана/Период' is: '1, 2, 3 кв. 2024 года'

08-11-2024T10:05:58 - [TEST_STEP][PASSED] - m = m.substring(0, m.indexOf("2024")): null

08-11-2024T10:05:58 - [TEST_STEP][PASSED] - m = m.trim(): null

08-11-2024T10:05:58 - [TEST_STEP][PASSED] - dashboardName = "Выполнение бизнес-плана": null

08-11-2024T10:05:58 - [TEST_STEP][PASSED] - workbook01 = getWorkbook(excelFilePath): null

08-11-2024T10:05:58 - [TEST_STEP][PASSED] - sheet01 = getExcelSheet(workbook01, sheetName): null

08-11-2024T10:05:58 - [TEST_STEP][PASSED] - setValueToCellByIndex(sheet01, n, 0, dashboardName): null

08-11-2024T10:05:58 - [TEST_STEP][PASSED] - setValueToCellByIndex(sheet01, n, 1, dZO): null

08-11-2024T10:05:58 - [TEST_STEP][PASSED] - setValueToCellByIndex(sheet01, n, 2, typeOfData): null

08-11-2024T10:05:58 - [TEST_STEP][PASSED] - if (typeOfData == "Факт в процентах" || typeOfData == "План в процентах"): null

08-11-2024T10:05:58 - [TEST_STEP][PASSED] - else: null

08-11-2024T10:05:58 - [TEST_STEP][PASSED] - setValueToCellByIndex(sheet01, n, 3, fileInt): null

08-11-2024T10:05:58 - [TEST_STEP][PASSED] - setValueToCellByIndex(sheet01, n, 4, "нет данных"): null

08-11-2024T10:05:58 - [TEST_STEP][PASSED] - setValueToCellByIndex(sheet01, n, 5, m): null

08-11-2024T10:05:58 - [TEST_STEP][PASSED] - setValueToCellByIndex(sheet01, n, 6, y): null

08-11-2024T10:05:58 - [TEST_STEP][PASSED] - setValueToCellByIndex(sheet01, n, 7, todaysDate): null

08-11-2024T10:05:58 - [TEST_STEP][PASSED] - n = n + 1: null

08-11-2024T10:05:58 - [TEST_STEP][PASSED] - saveWorkbook(excelFilePath, workbook01): null

08-11-2024T10:05:58 - [TEST_STEP][PASSED] - typeOfData = "План в процентах": null

08-11-2024T10:05:58 - [TEST_STEP][PASSED] - fileDouble = ").toDouble(): null

08-11-2024T10:05:58 - [TEST_STEP][PASSED] - Script1718980020443.WriteToExcelNoData(a, typeOfData, todaysDate, fileInt, fileDouble, dZO): null

08-11-2024T10:05:58 - [TEST_STEP][PASSED] - sheetName = "Sheet1": null

08-11-2024T10:05:58 - [TEST_STEP][PASSED] - data = findTestData("PlanFact"): null

08-11-2024T10:05:58 - [TEST_STEP][PASSED] - n = data.getRowNumbers() + 1: null

08-11-2024T10:05:58 - [TEST_STEP][PASSED] - year = todaysDate.substring(todaysDate.length() - 4, todaysDate.length()): null

08-11-2024T10:05:58 - [TEST_STEP][PASSED] - y = year.toInteger(): null

08-11-2024T10:05:58 - [TEST_STEP][PASSED] - m = getText(findTestObject("Выполнение бизнес-плана/Период")): Text of object 'Object Repository/Выполнение бизнес-плана/Период' is: '1, 2, 3 кв. 2024 года'

08-11-2024T10:05:59 - [MESSAGE][PASSED] - Text of object 'Object Repository/Выполнение бизнес-плана/Период' is: '1, 2, 3 кв. 2024 года'

08-11-2024T10:05:59 - [TEST_STEP][PASSED] - m = m.substring(0, m.indexOf("2024")): null

08-11-2024T10:05:59 - [TEST_STEP][PASSED] - m = m.trim(): null

08-11-2024T10:05:59 - [TEST_STEP][PASSED] - dashboardName = "Выполнение бизнес-плана": null

08-11-2024T10:05:59 - [TEST_STEP][PASSED] - workbook01 = getWorkbook(excelFilePath): null

08-11-2024T10:05:59 - [TEST_STEP][PASSED] - sheet01 = getExcelSheet(workbook01, sheetName): null

08-11-2024T10:05:59 - [TEST_STEP][PASSED] - setValueToCellByIndex(sheet01, n, 0, dashboardName): null

08-11-2024T10:05:59 - [TEST_STEP][PASSED] - setValueToCellByIndex(sheet01, n, 1, dZO): null

08-11-2024T10:05:59 - [TEST_STEP][PASSED] - setValueToCellByIndex(sheet01, n, 2, typeOfData): null

08-11-2024T10:05:59 - [TEST_STEP][PASSED] - if (typeOfData == "Факт в процентах" || typeOfData == "План в процентах"): null

08-11-2024T10:05:59 - [TEST_STEP][PASSED] - setValueToCellByIndex(sheet01, n, 3, fileDouble): null

08-11-2024T10:05:59 - [TEST_STEP][PASSED] - setValueToCellByIndex(sheet01, n, 4, "нет данных"): null

08-11-2024T10:05:59 - [TEST_STEP][PASSED] - setValueToCellByIndex(sheet01, n, 5, m): null

08-11-2024T10:05:59 - [TEST_STEP][PASSED] - setValueToCellByIndex(sheet01, n, 6, y): null

08-11-2024T10:05:59 - [TEST_STEP][PASSED] - setValueToCellByIndex(sheet01, n, 7, todaysDate): null

08-11-2024T10:05:59 - [TEST_STEP][PASSED] - n = n + 1: null

08-11-2024T10:05:59 - [TEST_STEP][PASSED] - saveWorkbook(excelFilePath, workbook01): null

08-11-2024T10:05:59 - [TEST_STEP][PASSED] - typeOfData = "Факт в процентах": null

08-11-2024T10:05:59 - [TEST_STEP][PASSED] - fileDouble = ").toDouble(): null

08-11-2024T10:05:59 - [TEST_STEP][PASSED] - Script1718980020443.WriteToExcelNoData(a, typeOfData, todaysDate, fileInt, fileDouble, dZO): null

08-11-2024T10:05:59 - [TEST_STEP][PASSED] - sheetName = "Sheet1": null

08-11-2024T10:05:59 - [TEST_STEP][PASSED] - data = findTestData("PlanFact"): null

08-11-2024T10:05:59 - [TEST_STEP][PASSED] - n = data.getRowNumbers() + 1: null

08-11-2024T10:05:59 - [TEST_STEP][PASSED] - year = todaysDate.substring(todaysDate.length() - 4, todaysDate.length()): null

08-11-2024T10:05:59 - [TEST_STEP][PASSED] - y = year.toInteger(): null

08-11-2024T10:05:59 - [TEST_STEP][PASSED] - m = getText(findTestObject("Выполнение бизнес-плана/Период")): Text of object 'Object Repository/Выполнение бизнес-плана/Период' is: '1, 2, 3 кв. 2024 года'

08-11-2024T10:05:59 - [MESSAGE][PASSED] - Text of object 'Object Repository/Выполнение бизнес-плана/Период' is: '1, 2, 3 кв. 2024 года'

08-11-2024T10:05:59 - [TEST_STEP][PASSED] - m = m.substring(0, m.indexOf("2024")): null

08-11-2024T10:05:59 - [TEST_STEP][PASSED] - m = m.trim(): null

08-11-2024T10:05:59 - [TEST_STEP][PASSED] - dashboardName = "Выполнение бизнес-плана": null

08-11-2024T10:05:59 - [TEST_STEP][PASSED] - workbook01 = getWorkbook(excelFilePath): null

08-11-2024T10:05:59 - [TEST_STEP][PASSED] - sheet01 = getExcelSheet(workbook01, sheetName): null

08-11-2024T10:05:59 - [TEST_STEP][PASSED] - setValueToCellByIndex(sheet01, n, 0, dashboardName): null

08-11-2024T10:05:59 - [TEST_STEP][PASSED] - setValueToCellByIndex(sheet01, n, 1, dZO): null

08-11-2024T10:05:59 - [TEST_STEP][PASSED] - setValueToCellByIndex(sheet01, n, 2, typeOfData): null

08-11-2024T10:05:59 - [TEST_STEP][PASSED] - if (typeOfData == "Факт в процентах" || typeOfData == "План в процентах"): null

08-11-2024T10:05:59 - [TEST_STEP][PASSED] - setValueToCellByIndex(sheet01, n, 3, fileDouble): null

08-11-2024T10:05:59 - [TEST_STEP][PASSED] - setValueToCellByIndex(sheet01, n, 4, "нет данных"): null

08-11-2024T10:05:59 - [TEST_STEP][PASSED] - setValueToCellByIndex(sheet01, n, 5, m): null

08-11-2024T10:05:59 - [TEST_STEP][PASSED] - setValueToCellByIndex(sheet01, n, 6, y): null

08-11-2024T10:05:59 - [TEST_STEP][PASSED] - setValueToCellByIndex(sheet01, n, 7, todaysDate): null

08-11-2024T10:05:59 - [TEST_STEP][PASSED] - n = n + 1: null

08-11-2024T10:05:59 - [TEST_STEP][PASSED] - saveWorkbook(excelFilePath, workbook01): null

08-11-2024T10:06:00 - [TEST_STEP][PASSED] - println(dzoNum): null

08-11-2024T10:06:00 - [TEST_STEP][PASSED] - closeBrowser(): Browser is closed

08-11-2024T10:06:00 - [MESSAGE][PASSED] - Browser is closed]]></system-out>
         <system-err><![CDATA[08-11-2024T07:22:21 - [TEST_CASE][FAILED] - Test Cases/Выполнение бизнес-плана/Выполнение бизнес-плана Сверка ПАО Россети все филиалы: Test Cases/Выполнение бизнес-плана/Выполнение бизнес-плана Сверка ПАО Россети все филиалы FAILED.
Reason:
com.kms.katalon.core.exception.StepFailedException: Unable to verify equal between actual object '6' and expected object '0' (Root cause: com.kms.katalon.core.exception.StepFailedException: Actual object '6' and expected object '0' are not equal
	at com.kms.katalon.core.keyword.builtin.VerifyEqualKeyword$_verifyEqual_closure1.doCall(VerifyEqualKeyword.groovy:58)
	at com.kms.katalon.core.keyword.builtin.VerifyEqualKeyword$_verifyEqual_closure1.call(VerifyEqualKeyword.groovy)
	at com.kms.katalon.core.keyword.internal.KeywordMain.runKeyword(KeywordMain.groovy:75)
	at com.kms.katalon.core.keyword.builtin.VerifyEqualKeyword.verifyEqual(VerifyEqualKeyword.groovy:63)
	at com.kms.katalon.core.keyword.builtin.VerifyEqualKeyword.execute(VerifyEqualKeyword.groovy:44)
	at com.kms.katalon.core.keyword.internal.KeywordExecutor.executeKeywordForPlatform(KeywordExecutor.groovy:74)
	at com.kms.katalon.core.keyword.BuiltinKeywords.verifyEqual(BuiltinKeywords.groovy:146)
	at java.base/jdk.internal.reflect.NativeMethodAccessorImpl.invoke0(Native Method)
	at java.base/jdk.internal.reflect.NativeMethodAccessorImpl.invoke(NativeMethodAccessorImpl.java:77)
	at java.base/jdk.internal.reflect.DelegatingMethodAccessorImpl.invoke(DelegatingMethodAccessorImpl.java:43)
	at Выполнение бизнес-плана Сверка ПАО Россети все филиалы.Numbers(Выполнение бизнес-плана Сверка ПАО Россети все филиалы:740)
	at Выполнение бизнес-плана Сверка ПАО Россети все филиалы.run(Выполнение бизнес-плана Сверка ПАО Россети все филиалы:189)
	at com.kms.katalon.core.main.ScriptEngine.run(ScriptEngine.java:194)
	at com.kms.katalon.core.main.ScriptEngine.runScriptAsRawText(ScriptEngine.java:119)
	at com.kms.katalon.core.main.TestCaseExecutor.runScript(TestCaseExecutor.java:448)
	at com.kms.katalon.core.main.TestCaseExecutor.doExecute(TestCaseExecutor.java:439)
	at com.kms.katalon.core.main.TestCaseExecutor.processExecutionPhase(TestCaseExecutor.java:418)
	at com.kms.katalon.core.main.TestCaseExecutor.accessMainPhase(TestCaseExecutor.java:410)
	at com.kms.katalon.core.main.TestCaseExecutor.execute(TestCaseExecutor.java:285)
	at com.kms.katalon.core.common.CommonExecutor.accessTestCaseMainPhase(CommonExecutor.java:65)
	at com.kms.katalon.core.main.TestSuiteExecutor.accessTestSuiteMainPhase(TestSuiteExecutor.java:150)
	at com.kms.katalon.core.main.TestSuiteExecutor.execute(TestSuiteExecutor.java:106)
	at com.kms.katalon.core.main.TestCaseMain.startTestSuite(TestCaseMain.java:180)
	at TempTestSuite1731039737176.run(TempTestSuite1731039737176.groovy:35)
	at java.base/jdk.internal.reflect.NativeMethodAccessorImpl.invoke0(Native Method)
	at java.base/jdk.internal.reflect.NativeMethodAccessorImpl.invoke(NativeMethodAccessorImpl.java:77)
	at java.base/jdk.internal.reflect.DelegatingMethodAccessorImpl.invoke(DelegatingMethodAccessorImpl.java:43)
)
	at com.kms.katalon.core.keyword.internal.KeywordMain.stepFailed(KeywordMain.groovy:39)
	at com.kms.katalon.core.keyword.internal.KeywordMain.stepFailed(KeywordMain.groovy)
	at com.kms.katalon.core.keyword.internal.KeywordMain.runKeyword(KeywordMain.groovy:77)
	at com.kms.katalon.core.keyword.builtin.VerifyEqualKeyword.verifyEqual(VerifyEqualKeyword.groovy:63)
	at com.kms.katalon.core.keyword.builtin.VerifyEqualKeyword.execute(VerifyEqualKeyword.groovy:44)
	at com.kms.katalon.core.keyword.internal.KeywordExecutor.executeKeywordForPlatform(KeywordExecutor.groovy:74)
	at com.kms.katalon.core.keyword.BuiltinKeywords.verifyEqual(BuiltinKeywords.groovy:146)
	at java.base/jdk.internal.reflect.NativeMethodAccessorImpl.invoke0(Native Method)
	at java.base/jdk.internal.reflect.NativeMethodAccessorImpl.invoke(NativeMethodAccessorImpl.java:77)
	at java.base/jdk.internal.reflect.DelegatingMethodAccessorImpl.invoke(DelegatingMethodAccessorImpl.java:43)
	at Выполнение бизнес-плана Сверка ПАО Россети все филиалы.Numbers(Выполнение бизнес-плана Сверка ПАО Россети все филиалы:740)
	at Выполнение бизнес-плана Сверка ПАО Россети все филиалы.run(Выполнение бизнес-плана Сверка ПАО Россети все филиалы:189)
	at com.kms.katalon.core.main.ScriptEngine.run(ScriptEngine.java:194)
	at com.kms.katalon.core.main.ScriptEngine.runScriptAsRawText(ScriptEngine.java:119)
	at com.kms.katalon.core.main.TestCaseExecutor.runScript(TestCaseExecutor.java:448)
	at com.kms.katalon.core.main.TestCaseExecutor.doExecute(TestCaseExecutor.java:439)
	at com.kms.katalon.core.main.TestCaseExecutor.processExecutionPhase(TestCaseExecutor.java:418)
	at com.kms.katalon.core.main.TestCaseExecutor.accessMainPhase(TestCaseExecutor.java:410)
	at com.kms.katalon.core.main.TestCaseExecutor.execute(TestCaseExecutor.java:285)
	at com.kms.katalon.core.common.CommonExecutor.accessTestCaseMainPhase(CommonExecutor.java:65)
	at com.kms.katalon.core.main.TestSuiteExecutor.accessTestSuiteMainPhase(TestSuiteExecutor.java:150)
	at com.kms.katalon.core.main.TestSuiteExecutor.execute(TestSuiteExecutor.java:106)
	at com.kms.katalon.core.main.TestCaseMain.startTestSuite(TestCaseMain.java:180)
	at TempTestSuite1731039737176.run(TempTestSuite1731039737176.groovy:35)
	at java.base/jdk.internal.reflect.NativeMethodAccessorImpl.invoke0(Native Method)
	at java.base/jdk.internal.reflect.NativeMethodAccessorImpl.invoke(NativeMethodAccessorImpl.java:77)
	at java.base/jdk.internal.reflect.DelegatingMethodAccessorImpl.invoke(DelegatingMethodAccessorImpl.java:43)
Caused by: com.kms.katalon.core.exception.StepFailedException: Actual object '6' and expected object '0' are not equal
	at com.kms.katalon.core.keyword.builtin.VerifyEqualKeyword$_verifyEqual_closure1.doCall(VerifyEqualKeyword.groovy:58)
	at com.kms.katalon.core.keyword.builtin.VerifyEqualKeyword$_verifyEqual_closure1.call(VerifyEqualKeyword.groovy)
	at com.kms.katalon.core.keyword.internal.KeywordMain.runKeyword(KeywordMain.groovy:75)
	... 24 more]]></system-err>
      </testcase>
      <system-out><![CDATA[08-11-2024T07:22:21 - [TEST_SUITE][FAILED] - Сверка с ПБЭ: Test Cases/Выполнение бизнес-плана/Выполнение бизнес-плана Сверка ПАО Россети все филиалы FAILED.
Reason:
com.kms.katalon.core.exception.StepFailedException: Unable to verify equal between actual object '6' and expected object '0' (Root cause: com.kms.katalon.core.exception.StepFailedException: Actual object '6' and expected object '0' are not equal
	at com.kms.katalon.core.keyword.builtin.VerifyEqualKeyword$_verifyEqual_closure1.doCall(VerifyEqualKeyword.groovy:58)
	at com.kms.katalon.core.keyword.builtin.VerifyEqualKeyword$_verifyEqual_closure1.call(VerifyEqualKeyword.groovy)
	at com.kms.katalon.core.keyword.internal.KeywordMain.runKeyword(KeywordMain.groovy:75)
	at com.kms.katalon.core.keyword.builtin.VerifyEqualKeyword.verifyEqual(VerifyEqualKeyword.groovy:63)
	at com.kms.katalon.core.keyword.builtin.VerifyEqualKeyword.execute(VerifyEqualKeyword.groovy:44)
	at com.kms.katalon.core.keyword.internal.KeywordExecutor.executeKeywordForPlatform(KeywordExecutor.groovy:74)
	at com.kms.katalon.core.keyword.BuiltinKeywords.verifyEqual(BuiltinKeywords.groovy:146)
	at java.base/jdk.internal.reflect.NativeMethodAccessorImpl.invoke0(Native Method)
	at java.base/jdk.internal.reflect.NativeMethodAccessorImpl.invoke(NativeMethodAccessorImpl.java:77)
	at java.base/jdk.internal.reflect.DelegatingMethodAccessorImpl.invoke(DelegatingMethodAccessorImpl.java:43)
	at Выполнение бизнес-плана Сверка ПАО Россети все филиалы.Numbers(Выполнение бизнес-плана Сверка ПАО Россети все филиалы:740)
	at Выполнение бизнес-плана Сверка ПАО Россети все филиалы.run(Выполнение бизнес-плана Сверка ПАО Россети все филиалы:189)
	at com.kms.katalon.core.main.ScriptEngine.run(ScriptEngine.java:194)
	at com.kms.katalon.core.main.ScriptEngine.runScriptAsRawText(ScriptEngine.java:119)
	at com.kms.katalon.core.main.TestCaseExecutor.runScript(TestCaseExecutor.java:448)
	at com.kms.katalon.core.main.TestCaseExecutor.doExecute(TestCaseExecutor.java:439)
	at com.kms.katalon.core.main.TestCaseExecutor.processExecutionPhase(TestCaseExecutor.java:418)
	at com.kms.katalon.core.main.TestCaseExecutor.accessMainPhase(TestCaseExecutor.java:410)
	at com.kms.katalon.core.main.TestCaseExecutor.execute(TestCaseExecutor.java:285)
	at com.kms.katalon.core.common.CommonExecutor.accessTestCaseMainPhase(CommonExecutor.java:65)
	at com.kms.katalon.core.main.TestSuiteExecutor.accessTestSuiteMainPhase(TestSuiteExecutor.java:150)
	at com.kms.katalon.core.main.TestSuiteExecutor.execute(TestSuiteExecutor.java:106)
	at com.kms.katalon.core.main.TestCaseMain.startTestSuite(TestCaseMain.java:180)
	at TempTestSuite1731039737176.run(TempTestSuite1731039737176.groovy:35)
	at java.base/jdk.internal.reflect.NativeMethodAccessorImpl.invoke0(Native Method)
	at java.base/jdk.internal.reflect.NativeMethodAccessorImpl.invoke(NativeMethodAccessorImpl.java:77)
	at java.base/jdk.internal.reflect.DelegatingMethodAccessorImpl.invoke(DelegatingMethodAccessorImpl.java:43)
)
	at com.kms.katalon.core.keyword.internal.KeywordMain.stepFailed(KeywordMain.groovy:39)
	at com.kms.katalon.core.keyword.internal.KeywordMain.stepFailed(KeywordMain.groovy)
	at com.kms.katalon.core.keyword.internal.KeywordMain.runKeyword(KeywordMain.groovy:77)
	at com.kms.katalon.core.keyword.builtin.VerifyEqualKeyword.verifyEqual(VerifyEqualKeyword.groovy:63)
	at com.kms.katalon.core.keyword.builtin.VerifyEqualKeyword.execute(VerifyEqualKeyword.groovy:44)
	at com.kms.katalon.core.keyword.internal.KeywordExecutor.executeKeywordForPlatform(KeywordExecutor.groovy:74)
	at com.kms.katalon.core.keyword.BuiltinKeywords.verifyEqual(BuiltinKeywords.groovy:146)
	at java.base/jdk.internal.reflect.NativeMethodAccessorImpl.invoke0(Native Method)
	at java.base/jdk.internal.reflect.NativeMethodAccessorImpl.invoke(NativeMethodAccessorImpl.java:77)
	at java.base/jdk.internal.reflect.DelegatingMethodAccessorImpl.invoke(DelegatingMethodAccessorImpl.java:43)
	at Выполнение бизнес-плана Сверка ПАО Россети все филиалы.Numbers(Выполнение бизнес-плана Сверка ПАО Россети все филиалы:740)
	at Выполнение бизнес-плана Сверка ПАО Россети все филиалы.run(Выполнение бизнес-плана Сверка ПАО Россети все филиалы:189)
	at com.kms.katalon.core.main.ScriptEngine.run(ScriptEngine.java:194)
	at com.kms.katalon.core.main.ScriptEngine.runScriptAsRawText(ScriptEngine.java:119)
	at com.kms.katalon.core.main.TestCaseExecutor.runScript(TestCaseExecutor.java:448)
	at com.kms.katalon.core.main.TestCaseExecutor.doExecute(TestCaseExecutor.java:439)
	at com.kms.katalon.core.main.TestCaseExecutor.processExecutionPhase(TestCaseExecutor.java:418)
	at com.kms.katalon.core.main.TestCaseExecutor.accessMainPhase(TestCaseExecutor.java:410)
	at com.kms.katalon.core.main.TestCaseExecutor.execute(TestCaseExecutor.java:285)
	at com.kms.katalon.core.common.CommonExecutor.accessTestCaseMainPhase(CommonExecutor.java:65)
	at com.kms.katalon.core.main.TestSuiteExecutor.accessTestSuiteMainPhase(TestSuiteExecutor.java:150)
	at com.kms.katalon.core.main.TestSuiteExecutor.execute(TestSuiteExecutor.java:106)
	at com.kms.katalon.core.main.TestCaseMain.startTestSuite(TestCaseMain.java:180)
	at TempTestSuite1731039737176.run(TempTestSuite1731039737176.groovy:35)
	at java.base/jdk.internal.reflect.NativeMethodAccessorImpl.invoke0(Native Method)
	at java.base/jdk.internal.reflect.NativeMethodAccessorImpl.invoke(NativeMethodAccessorImpl.java:77)
	at java.base/jdk.internal.reflect.DelegatingMethodAccessorImpl.invoke(DelegatingMethodAccessorImpl.java:43)
Caused by: com.kms.katalon.core.exception.StepFailedException: Actual object '6' and expected object '0' are not equal
	at com.kms.katalon.core.keyword.builtin.VerifyEqualKeyword$_verifyEqual_closure1.doCall(VerifyEqualKeyword.groovy:58)
	at com.kms.katalon.core.keyword.builtin.VerifyEqualKeyword$_verifyEqual_closure1.call(VerifyEqualKeyword.groovy)
	at com.kms.katalon.core.keyword.internal.KeywordMain.runKeyword(KeywordMain.groovy:75)
	... 24 more]]></system-out>
      <system-err><![CDATA[08-11-2024T07:22:21 - [TEST_SUITE][FAILED] - Сверка с ПБЭ: Test Cases/Выполнение бизнес-плана/Выполнение бизнес-плана Сверка ПАО Россети все филиалы FAILED.
Reason:
com.kms.katalon.core.exception.StepFailedException: Unable to verify equal between actual object '6' and expected object '0' (Root cause: com.kms.katalon.core.exception.StepFailedException: Actual object '6' and expected object '0' are not equal
	at com.kms.katalon.core.keyword.builtin.VerifyEqualKeyword$_verifyEqual_closure1.doCall(VerifyEqualKeyword.groovy:58)
	at com.kms.katalon.core.keyword.builtin.VerifyEqualKeyword$_verifyEqual_closure1.call(VerifyEqualKeyword.groovy)
	at com.kms.katalon.core.keyword.internal.KeywordMain.runKeyword(KeywordMain.groovy:75)
	at com.kms.katalon.core.keyword.builtin.VerifyEqualKeyword.verifyEqual(VerifyEqualKeyword.groovy:63)
	at com.kms.katalon.core.keyword.builtin.VerifyEqualKeyword.execute(VerifyEqualKeyword.groovy:44)
	at com.kms.katalon.core.keyword.internal.KeywordExecutor.executeKeywordForPlatform(KeywordExecutor.groovy:74)
	at com.kms.katalon.core.keyword.BuiltinKeywords.verifyEqual(BuiltinKeywords.groovy:146)
	at java.base/jdk.internal.reflect.NativeMethodAccessorImpl.invoke0(Native Method)
	at java.base/jdk.internal.reflect.NativeMethodAccessorImpl.invoke(NativeMethodAccessorImpl.java:77)
	at java.base/jdk.internal.reflect.DelegatingMethodAccessorImpl.invoke(DelegatingMethodAccessorImpl.java:43)
	at Выполнение бизнес-плана Сверка ПАО Россети все филиалы.Numbers(Выполнение бизнес-плана Сверка ПАО Россети все филиалы:740)
	at Выполнение бизнес-плана Сверка ПАО Россети все филиалы.run(Выполнение бизнес-плана Сверка ПАО Россети все филиалы:189)
	at com.kms.katalon.core.main.ScriptEngine.run(ScriptEngine.java:194)
	at com.kms.katalon.core.main.ScriptEngine.runScriptAsRawText(ScriptEngine.java:119)
	at com.kms.katalon.core.main.TestCaseExecutor.runScript(TestCaseExecutor.java:448)
	at com.kms.katalon.core.main.TestCaseExecutor.doExecute(TestCaseExecutor.java:439)
	at com.kms.katalon.core.main.TestCaseExecutor.processExecutionPhase(TestCaseExecutor.java:418)
	at com.kms.katalon.core.main.TestCaseExecutor.accessMainPhase(TestCaseExecutor.java:410)
	at com.kms.katalon.core.main.TestCaseExecutor.execute(TestCaseExecutor.java:285)
	at com.kms.katalon.core.common.CommonExecutor.accessTestCaseMainPhase(CommonExecutor.java:65)
	at com.kms.katalon.core.main.TestSuiteExecutor.accessTestSuiteMainPhase(TestSuiteExecutor.java:150)
	at com.kms.katalon.core.main.TestSuiteExecutor.execute(TestSuiteExecutor.java:106)
	at com.kms.katalon.core.main.TestCaseMain.startTestSuite(TestCaseMain.java:180)
	at TempTestSuite1731039737176.run(TempTestSuite1731039737176.groovy:35)
	at java.base/jdk.internal.reflect.NativeMethodAccessorImpl.invoke0(Native Method)
	at java.base/jdk.internal.reflect.NativeMethodAccessorImpl.invoke(NativeMethodAccessorImpl.java:77)
	at java.base/jdk.internal.reflect.DelegatingMethodAccessorImpl.invoke(DelegatingMethodAccessorImpl.java:43)
)
	at com.kms.katalon.core.keyword.internal.KeywordMain.stepFailed(KeywordMain.groovy:39)
	at com.kms.katalon.core.keyword.internal.KeywordMain.stepFailed(KeywordMain.groovy)
	at com.kms.katalon.core.keyword.internal.KeywordMain.runKeyword(KeywordMain.groovy:77)
	at com.kms.katalon.core.keyword.builtin.VerifyEqualKeyword.verifyEqual(VerifyEqualKeyword.groovy:63)
	at com.kms.katalon.core.keyword.builtin.VerifyEqualKeyword.execute(VerifyEqualKeyword.groovy:44)
	at com.kms.katalon.core.keyword.internal.KeywordExecutor.executeKeywordForPlatform(KeywordExecutor.groovy:74)
	at com.kms.katalon.core.keyword.BuiltinKeywords.verifyEqual(BuiltinKeywords.groovy:146)
	at java.base/jdk.internal.reflect.NativeMethodAccessorImpl.invoke0(Native Method)
	at java.base/jdk.internal.reflect.NativeMethodAccessorImpl.invoke(NativeMethodAccessorImpl.java:77)
	at java.base/jdk.internal.reflect.DelegatingMethodAccessorImpl.invoke(DelegatingMethodAccessorImpl.java:43)
	at Выполнение бизнес-плана Сверка ПАО Россети все филиалы.Numbers(Выполнение бизнес-плана Сверка ПАО Россети все филиалы:740)
	at Выполнение бизнес-плана Сверка ПАО Россети все филиалы.run(Выполнение бизнес-плана Сверка ПАО Россети все филиалы:189)
	at com.kms.katalon.core.main.ScriptEngine.run(ScriptEngine.java:194)
	at com.kms.katalon.core.main.ScriptEngine.runScriptAsRawText(ScriptEngine.java:119)
	at com.kms.katalon.core.main.TestCaseExecutor.runScript(TestCaseExecutor.java:448)
	at com.kms.katalon.core.main.TestCaseExecutor.doExecute(TestCaseExecutor.java:439)
	at com.kms.katalon.core.main.TestCaseExecutor.processExecutionPhase(TestCaseExecutor.java:418)
	at com.kms.katalon.core.main.TestCaseExecutor.accessMainPhase(TestCaseExecutor.java:410)
	at com.kms.katalon.core.main.TestCaseExecutor.execute(TestCaseExecutor.java:285)
	at com.kms.katalon.core.common.CommonExecutor.accessTestCaseMainPhase(CommonExecutor.java:65)
	at com.kms.katalon.core.main.TestSuiteExecutor.accessTestSuiteMainPhase(TestSuiteExecutor.java:150)
	at com.kms.katalon.core.main.TestSuiteExecutor.execute(TestSuiteExecutor.java:106)
	at com.kms.katalon.core.main.TestCaseMain.startTestSuite(TestCaseMain.java:180)
	at TempTestSuite1731039737176.run(TempTestSuite1731039737176.groovy:35)
	at java.base/jdk.internal.reflect.NativeMethodAccessorImpl.invoke0(Native Method)
	at java.base/jdk.internal.reflect.NativeMethodAccessorImpl.invoke(NativeMethodAccessorImpl.java:77)
	at java.base/jdk.internal.reflect.DelegatingMethodAccessorImpl.invoke(DelegatingMethodAccessorImpl.java:43)
Caused by: com.kms.katalon.core.exception.StepFailedException: Actual object '6' and expected object '0' are not equal
	at com.kms.katalon.core.keyword.builtin.VerifyEqualKeyword$_verifyEqual_closure1.doCall(VerifyEqualKeyword.groovy:58)
	at com.kms.katalon.core.keyword.builtin.VerifyEqualKeyword$_verifyEqual_closure1.call(VerifyEqualKeyword.groovy)
	at com.kms.katalon.core.keyword.internal.KeywordMain.runKeyword(KeywordMain.groovy:75)
	... 24 more]]></system-err>
   </testsuite>
</testsuites>
