<?xml version="1.0" encoding="UTF-8"?>
<testsuites name="Сверка дашбордов из разных блоков" time="6158.911" tests="4" failures="2" errors="0">
   <testsuite name="Сверка дашбордов из разных блоков" tests="4" failures="2" errors="0" time="6158.911" skipped="0" timestamp="18-10-2024T04:44:20" hostname="liazgina-di - UVV-WS904-D.ot.ru" id="Test Suites/Пн-Ср-Пт/Сверка дашбордов из разных блоков">
      <properties>
         <property name="deviceName" value=""/>
         <property name="devicePlatform"/>
         <property name="logFolder" value="C:\\Users\\LIAZGINA-DI\\git\\SPORU\\Reports\\20241018_044414\\\u041F\u043D-\u0421\u0440-\u041F\u0442\\\u0421\u0432\u0435\u0440\u043A\u0430 \u0434\u0430\u0448\u0431\u043E\u0440\u0434\u043E\u0432 \u0438\u0437 \u0440\u0430\u0437\u043D\u044B\u0445 \u0431\u043B\u043E\u043A\u043E\u0432\\20241018_044415"/>
         <property name="logFiles" value="C:\\Users\\LIAZGINA-DI\\git\\SPORU\\Reports\\20241018_044414\\\u041F\u043D-\u0421\u0440-\u041F\u0442\\\u0421\u0432\u0435\u0440\u043A\u0430 \u0434\u0430\u0448\u0431\u043E\u0440\u0434\u043E\u0432 \u0438\u0437 \u0440\u0430\u0437\u043D\u044B\u0445 \u0431\u043B\u043E\u043A\u043E\u0432\\20241018_044415\\execution0.log"/>
         <property name="attachments" value=""/>
         <property name="hostName" value="liazgina-di - UVV-WS904-D.ot.ru"/>
         <property name="os" value="Windows 10 64bit"/>
         <property name="katalonVersion" value="9.5.0.217"/>
         <property name="browser" value="Chrome 129.0.0.0"/>
         <property name="hostAddress" value="192.168.0.19"/>
         <property name="sessionId" value="e414f088255d2215d8d7ab744d604cd9"/>
         <property name="seleniumVersion" value="3.141.59"/>
         <property name="proxyInformation" value="ProxyInformation { proxyOption=NO_PROXY, proxyServerType=HTTP, username=, password=********, proxyServerAddress=, proxyServerPort=0, executionList=&quot;&quot;, isApplyToDesiredCapabilities=true }"/>
         <property name="platform" value="Windows 10"/>
      </properties>
      <testcase name="Test Cases/Сверки дашбордов/Выручка в рублях сверка дашбордов ПАО Россети" time="5049.746" classname="Test Cases/Сверки дашбордов/Выручка в рублях сверка дашбордов ПАО Россети" status="FAILED">
         <failure type="FAILED" message="Test Cases/Сверки дашбордов/Выручка в рублях сверка дашбордов ПАО Россети FAILED.&#xa;Reason:&#xa;com.kms.katalon.core.exception.StepFailedException: Unable to verify equal between actual object '-23.85' and expected object '2.78' (Root cause: com.kms.katalon.core.exception.StepFailedException: Actual object '-23.85' and expected object '2.78' are not equal&#xa;	at com.kms.katalon.core.keyword.builtin.VerifyEqualKeyword$_verifyEqual_closure1.doCall(VerifyEqualKeyword.groovy:58)&#xa;	at com.kms.katalon.core.keyword.builtin.VerifyEqualKeyword$_verifyEqual_closure1.call(VerifyEqualKeyword.groovy)&#xa;	at com.kms.katalon.core.keyword.internal.KeywordMain.runKeyword(KeywordMain.groovy:75)&#xa;	at com.kms.katalon.core.keyword.builtin.VerifyEqualKeyword.verifyEqual(VerifyEqualKeyword.groovy:63)&#xa;	at com.kms.katalon.core.keyword.builtin.VerifyEqualKeyword.execute(VerifyEqualKeyword.groovy:44)&#xa;	at com.kms.katalon.core.keyword.internal.KeywordExecutor.executeKeywordForPlatform(KeywordExecutor.groovy:74)&#xa;	at com.kms.katalon.core.keyword.BuiltinKeywords.verifyEqual(BuiltinKeywords.groovy:146)&#xa;	at jdk.internal.reflect.GeneratedMethodAccessor21.invoke(Unknown Source)&#xa;	at java.base/jdk.internal.reflect.DelegatingMethodAccessorImpl.invoke(DelegatingMethodAccessorImpl.java:43)&#xa;	at Выручка в рублях сверка дашбордов ПАО Россети.Blocks(Выручка в рублях сверка дашбордов ПАО Россети:357)&#xa;	at Выручка в рублях сверка дашбордов ПАО Россети.ViruchkaChange(Выручка в рублях сверка дашбордов ПАО Россети:60)&#xa;	at Выручка в рублях сверка дашбордов ПАО Россети.run(Выручка в рублях сверка дашбордов ПАО Россети:55)&#xa;	at com.kms.katalon.core.main.ScriptEngine.run(ScriptEngine.java:194)&#xa;	at com.kms.katalon.core.main.ScriptEngine.runScriptAsRawText(ScriptEngine.java:119)&#xa;	at com.kms.katalon.core.main.TestCaseExecutor.runScript(TestCaseExecutor.java:448)&#xa;	at com.kms.katalon.core.main.TestCaseExecutor.doExecute(TestCaseExecutor.java:439)&#xa;	at com.kms.katalon.core.main.TestCaseExecutor.processExecutionPhase(TestCaseExecutor.java:418)&#xa;	at com.kms.katalon.core.main.TestCaseExecutor.accessMainPhase(TestCaseExecutor.java:410)&#xa;	at com.kms.katalon.core.main.TestCaseExecutor.execute(TestCaseExecutor.java:285)&#xa;	at com.kms.katalon.core.common.CommonExecutor.accessTestCaseMainPhase(CommonExecutor.java:65)&#xa;	at com.kms.katalon.core.main.TestSuiteExecutor.accessTestSuiteMainPhase(TestSuiteExecutor.java:150)&#xa;	at com.kms.katalon.core.main.TestSuiteExecutor.execute(TestSuiteExecutor.java:106)&#xa;	at com.kms.katalon.core.main.TestCaseMain.startTestSuite(TestCaseMain.java:180)&#xa;	at TempTestSuite1729215855985.run(TempTestSuite1729215855985.groovy:35)&#xa;	at java.base/jdk.internal.reflect.NativeMethodAccessorImpl.invoke0(Native Method)&#xa;	at java.base/jdk.internal.reflect.NativeMethodAccessorImpl.invoke(NativeMethodAccessorImpl.java:77)&#xa;	at java.base/jdk.internal.reflect.DelegatingMethodAccessorImpl.invoke(DelegatingMethodAccessorImpl.java:43)&#xa;)&#xa;	at com.kms.katalon.core.keyword.internal.KeywordMain.stepFailed(KeywordMain.groovy:39)&#xa;	at com.kms.katalon.core.keyword.internal.KeywordMain.stepFailed(KeywordMain.groovy)&#xa;	at com.kms.katalon.core.keyword.internal.KeywordMain.runKeyword(KeywordMain.groovy:77)&#xa;	at com.kms.katalon.core.keyword.builtin.VerifyEqualKeyword.verifyEqual(VerifyEqualKeyword.groovy:63)&#xa;	at com.kms.katalon.core.keyword.builtin.VerifyEqualKeyword.execute(VerifyEqualKeyword.groovy:44)&#xa;	at com.kms.katalon.core.keyword.internal.KeywordExecutor.executeKeywordForPlatform(KeywordExecutor.groovy:74)&#xa;	at com.kms.katalon.core.keyword.BuiltinKeywords.verifyEqual(BuiltinKeywords.groovy:146)&#xa;	at jdk.internal.reflect.GeneratedMethodAccessor21.invoke(Unknown Source)&#xa;	at java.base/jdk.internal.reflect.DelegatingMethodAccessorImpl.invoke(DelegatingMethodAccessorImpl.java:43)&#xa;	at Выручка в рублях сверка дашбордов ПАО Россети.Blocks(Выручка в рублях сверка дашбордов ПАО Россети:357)&#xa;	at Выручка в рублях сверка дашбордов ПАО Россети.ViruchkaChange(Выручка в рублях сверка дашбордов ПАО Россети:60)&#xa;	at Выручка в рублях сверка дашбордов ПАО Россети.run(Выручка в рублях сверка дашбордов ПАО Россети:55)&#xa;	at com.kms.katalon.core.main.ScriptEngine.run(ScriptEngine.java:194)&#xa;	at com.kms.katalon.core.main.ScriptEngine.runScriptAsRawText(ScriptEngine.java:119)&#xa;	at com.kms.katalon.core.main.TestCaseExecutor.runScript(TestCaseExecutor.java:448)&#xa;	at com.kms.katalon.core.main.TestCaseExecutor.doExecute(TestCaseExecutor.java:439)&#xa;	at com.kms.katalon.core.main.TestCaseExecutor.processExecutionPhase(TestCaseExecutor.java:418)&#xa;	at com.kms.katalon.core.main.TestCaseExecutor.accessMainPhase(TestCaseExecutor.java:410)&#xa;	at com.kms.katalon.core.main.TestCaseExecutor.execute(TestCaseExecutor.java:285)&#xa;	at com.kms.katalon.core.common.CommonExecutor.accessTestCaseMainPhase(CommonExecutor.java:65)&#xa;	at com.kms.katalon.core.main.TestSuiteExecutor.accessTestSuiteMainPhase(TestSuiteExecutor.java:150)&#xa;	at com.kms.katalon.core.main.TestSuiteExecutor.execute(TestSuiteExecutor.java:106)&#xa;	at com.kms.katalon.core.main.TestCaseMain.startTestSuite(TestCaseMain.java:180)&#xa;	at TempTestSuite1729215855985.run(TempTestSuite1729215855985.groovy:35)&#xa;	at java.base/jdk.internal.reflect.NativeMethodAccessorImpl.invoke0(Native Method)&#xa;	at java.base/jdk.internal.reflect.NativeMethodAccessorImpl.invoke(NativeMethodAccessorImpl.java:77)&#xa;	at java.base/jdk.internal.reflect.DelegatingMethodAccessorImpl.invoke(DelegatingMethodAccessorImpl.java:43)&#xa;Caused by: com.kms.katalon.core.exception.StepFailedException: Actual object '-23.85' and expected object '2.78' are not equal&#xa;	at com.kms.katalon.core.keyword.builtin.VerifyEqualKeyword$_verifyEqual_closure1.doCall(VerifyEqualKeyword.groovy:58)&#xa;	at com.kms.katalon.core.keyword.builtin.VerifyEqualKeyword$_verifyEqual_closure1.call(VerifyEqualKeyword.groovy)&#xa;	at com.kms.katalon.core.keyword.internal.KeywordMain.runKeyword(KeywordMain.groovy:75)&#xa;	... 24 more&#xa;"/>
         <system-out><![CDATA[18-10-2024T04:44:20 - [TEST_CASE][FAILED] - Test Cases/Сверки дашбордов/Выручка в рублях сверка дашбордов ПАО Россети: Test Cases/Сверки дашбордов/Выручка в рублях сверка дашбордов ПАО Россети FAILED.
Reason:
com.kms.katalon.core.exception.StepFailedException: Unable to verify equal between actual object '-23.85' and expected object '2.78' (Root cause: com.kms.katalon.core.exception.StepFailedException: Actual object '-23.85' and expected object '2.78' are not equal
	at com.kms.katalon.core.keyword.builtin.VerifyEqualKeyword$_verifyEqual_closure1.doCall(VerifyEqualKeyword.groovy:58)
	at com.kms.katalon.core.keyword.builtin.VerifyEqualKeyword$_verifyEqual_closure1.call(VerifyEqualKeyword.groovy)
	at com.kms.katalon.core.keyword.internal.KeywordMain.runKeyword(KeywordMain.groovy:75)
	at com.kms.katalon.core.keyword.builtin.VerifyEqualKeyword.verifyEqual(VerifyEqualKeyword.groovy:63)
	at com.kms.katalon.core.keyword.builtin.VerifyEqualKeyword.execute(VerifyEqualKeyword.groovy:44)
	at com.kms.katalon.core.keyword.internal.KeywordExecutor.executeKeywordForPlatform(KeywordExecutor.groovy:74)
	at com.kms.katalon.core.keyword.BuiltinKeywords.verifyEqual(BuiltinKeywords.groovy:146)
	at jdk.internal.reflect.GeneratedMethodAccessor21.invoke(Unknown Source)
	at java.base/jdk.internal.reflect.DelegatingMethodAccessorImpl.invoke(DelegatingMethodAccessorImpl.java:43)
	at Выручка в рублях сверка дашбордов ПАО Россети.Blocks(Выручка в рублях сверка дашбордов ПАО Россети:357)
	at Выручка в рублях сверка дашбордов ПАО Россети.ViruchkaChange(Выручка в рублях сверка дашбордов ПАО Россети:60)
	at Выручка в рублях сверка дашбордов ПАО Россети.run(Выручка в рублях сверка дашбордов ПАО Россети:55)
	at com.kms.katalon.core.main.ScriptEngine.run(ScriptEngine.java:194)
	at com.kms.katalon.core.main.ScriptEngine.runScriptAsRawText(ScriptEngine.java:119)
	at com.kms.katalon.core.main.TestCaseExecutor.runScript(TestCaseExecutor.java:448)
	at com.kms.katalon.core.main.TestCaseExecutor.doExecute(TestCaseExecutor.java:439)
	at com.kms.katalon.core.main.TestCaseExecutor.processExecutionPhase(TestCaseExecutor.java:418)
	at com.kms.katalon.core.main.TestCaseExecutor.accessMainPhase(TestCaseExecutor.java:410)
	at com.kms.katalon.core.main.TestCaseExecutor.execute(TestCaseExecutor.java:285)
	at com.kms.katalon.core.common.CommonExecutor.accessTestCaseMainPhase(CommonExecutor.java:65)
	at com.kms.katalon.core.main.TestSuiteExecutor.accessTestSuiteMainPhase(TestSuiteExecutor.java:150)
	at com.kms.katalon.core.main.TestSuiteExecutor.execute(TestSuiteExecutor.java:106)
	at com.kms.katalon.core.main.TestCaseMain.startTestSuite(TestCaseMain.java:180)
	at TempTestSuite1729215855985.run(TempTestSuite1729215855985.groovy:35)
	at java.base/jdk.internal.reflect.NativeMethodAccessorImpl.invoke0(Native Method)
	at java.base/jdk.internal.reflect.NativeMethodAccessorImpl.invoke(NativeMethodAccessorImpl.java:77)
	at java.base/jdk.internal.reflect.DelegatingMethodAccessorImpl.invoke(DelegatingMethodAccessorImpl.java:43)
)
	at com.kms.katalon.core.keyword.internal.KeywordMain.stepFailed(KeywordMain.groovy:39)
	at com.kms.katalon.core.keyword.internal.KeywordMain.stepFailed(KeywordMain.groovy)
	at com.kms.katalon.core.keyword.internal.KeywordMain.runKeyword(KeywordMain.groovy:77)
	at com.kms.katalon.core.keyword.builtin.VerifyEqualKeyword.verifyEqual(VerifyEqualKeyword.groovy:63)
	at com.kms.katalon.core.keyword.builtin.VerifyEqualKeyword.execute(VerifyEqualKeyword.groovy:44)
	at com.kms.katalon.core.keyword.internal.KeywordExecutor.executeKeywordForPlatform(KeywordExecutor.groovy:74)
	at com.kms.katalon.core.keyword.BuiltinKeywords.verifyEqual(BuiltinKeywords.groovy:146)
	at jdk.internal.reflect.GeneratedMethodAccessor21.invoke(Unknown Source)
	at java.base/jdk.internal.reflect.DelegatingMethodAccessorImpl.invoke(DelegatingMethodAccessorImpl.java:43)
	at Выручка в рублях сверка дашбордов ПАО Россети.Blocks(Выручка в рублях сверка дашбордов ПАО Россети:357)
	at Выручка в рублях сверка дашбордов ПАО Россети.ViruchkaChange(Выручка в рублях сверка дашбордов ПАО Россети:60)
	at Выручка в рублях сверка дашбордов ПАО Россети.run(Выручка в рублях сверка дашбордов ПАО Россети:55)
	at com.kms.katalon.core.main.ScriptEngine.run(ScriptEngine.java:194)
	at com.kms.katalon.core.main.ScriptEngine.runScriptAsRawText(ScriptEngine.java:119)
	at com.kms.katalon.core.main.TestCaseExecutor.runScript(TestCaseExecutor.java:448)
	at com.kms.katalon.core.main.TestCaseExecutor.doExecute(TestCaseExecutor.java:439)
	at com.kms.katalon.core.main.TestCaseExecutor.processExecutionPhase(TestCaseExecutor.java:418)
	at com.kms.katalon.core.main.TestCaseExecutor.accessMainPhase(TestCaseExecutor.java:410)
	at com.kms.katalon.core.main.TestCaseExecutor.execute(TestCaseExecutor.java:285)
	at com.kms.katalon.core.common.CommonExecutor.accessTestCaseMainPhase(CommonExecutor.java:65)
	at com.kms.katalon.core.main.TestSuiteExecutor.accessTestSuiteMainPhase(TestSuiteExecutor.java:150)
	at com.kms.katalon.core.main.TestSuiteExecutor.execute(TestSuiteExecutor.java:106)
	at com.kms.katalon.core.main.TestCaseMain.startTestSuite(TestCaseMain.java:180)
	at TempTestSuite1729215855985.run(TempTestSuite1729215855985.groovy:35)
	at java.base/jdk.internal.reflect.NativeMethodAccessorImpl.invoke0(Native Method)
	at java.base/jdk.internal.reflect.NativeMethodAccessorImpl.invoke(NativeMethodAccessorImpl.java:77)
	at java.base/jdk.internal.reflect.DelegatingMethodAccessorImpl.invoke(DelegatingMethodAccessorImpl.java:43)
Caused by: com.kms.katalon.core.exception.StepFailedException: Actual object '-23.85' and expected object '2.78' are not equal
	at com.kms.katalon.core.keyword.builtin.VerifyEqualKeyword$_verifyEqual_closure1.doCall(VerifyEqualKeyword.groovy:58)
	at com.kms.katalon.core.keyword.builtin.VerifyEqualKeyword$_verifyEqual_closure1.call(VerifyEqualKeyword.groovy)
	at com.kms.katalon.core.keyword.internal.KeywordMain.runKeyword(KeywordMain.groovy:75)
	... 24 more


18-10-2024T04:44:21 - [TEST_STEP][PASSED] - date = new java.util.Date(): null

18-10-2024T04:44:21 - [TEST_STEP][PASSED] - todaysDate = date.format("dd.MM.yyyy"): null

18-10-2024T04:44:21 - [TEST_STEP][PASSED] - println(todaysDate): null

18-10-2024T04:44:21 - [TEST_STEP][PASSED] - run = 1: null

18-10-2024T04:44:21 - [TEST_STEP][PASSED] - vir = 1: null

18-10-2024T04:44:21 - [TEST_STEP][PASSED] - block = 1: null

18-10-2024T04:44:21 - [TEST_STEP][PASSED] - vidget = <not implemented yet for class: org.codehaus.groovy.ast.expr.EmptyExpression>: null

18-10-2024T04:44:21 - [TEST_STEP][PASSED] - nameOfBlock = <not implemented yet for class: org.codehaus.groovy.ast.expr.EmptyExpression>: null

18-10-2024T04:44:21 - [TEST_STEP][PASSED] - typeOfData = <not implemented yet for class: org.codehaus.groovy.ast.expr.EmptyExpression>: null

18-10-2024T04:44:21 - [TEST_STEP][PASSED] - viruchka = <not implemented yet for class: org.codehaus.groovy.ast.expr.EmptyExpression>: null

18-10-2024T04:44:21 - [TEST_STEP][PASSED] - a = <not implemented yet for class: org.codehaus.groovy.ast.expr.EmptyExpression>: null

18-10-2024T04:44:21 - [TEST_STEP][PASSED] - b = <not implemented yet for class: org.codehaus.groovy.ast.expr.EmptyExpression>: null

18-10-2024T04:44:21 - [TEST_STEP][PASSED] - x = <not implemented yet for class: org.codehaus.groovy.ast.expr.EmptyExpression>: null

18-10-2024T04:44:21 - [TEST_STEP][PASSED] - y = <not implemented yet for class: org.codehaus.groovy.ast.expr.EmptyExpression>: null

18-10-2024T04:44:21 - [TEST_STEP][PASSED] - dZO = "ПАО Россети": null

18-10-2024T04:44:21 - [TEST_STEP][PASSED] - for ([run = 1, run < 3, (run++)]): null

18-10-2024T04:44:21 - [TEST_STEP][PASSED] - Script1710234207206.ViruchkaChange(run, vir, block, nameOfBlock, typeOfData, viruchka, vidget, todaysDate, a, b, dZO, x, y): null

18-10-2024T04:44:21 - [TEST_STEP][PASSED] - for ([vir = 1, vir < 4, (vir++)]): null

18-10-2024T04:44:21 - [TEST_STEP][PASSED] - Script1710234207206.Blocks(run, vir, block, nameOfBlock, typeOfData, viruchka, vidget, todaysDate, a, b, dZO, x, y): null

18-10-2024T04:44:21 - [TEST_STEP][PASSED] - i = <not implemented yet for class: org.codehaus.groovy.ast.expr.EmptyExpression>: null

18-10-2024T04:44:21 - [TEST_STEP][PASSED] - perc = "": null

18-10-2024T04:44:21 - [TEST_STEP][PASSED] - a1 = <not implemented yet for class: org.codehaus.groovy.ast.expr.EmptyExpression>: null

18-10-2024T04:44:21 - [TEST_STEP][PASSED] - a2 = <not implemented yet for class: org.codehaus.groovy.ast.expr.EmptyExpression>: null

18-10-2024T04:44:21 - [TEST_STEP][PASSED] - a30 = <not implemented yet for class: org.codehaus.groovy.ast.expr.EmptyExpression>: null

18-10-2024T04:44:21 - [TEST_STEP][PASSED] - a31 = <not implemented yet for class: org.codehaus.groovy.ast.expr.EmptyExpression>: null

18-10-2024T04:44:21 - [TEST_STEP][PASSED] - a32 = <not implemented yet for class: org.codehaus.groovy.ast.expr.EmptyExpression>: null

18-10-2024T04:44:21 - [TEST_STEP][PASSED] - a33 = <not implemented yet for class: org.codehaus.groovy.ast.expr.EmptyExpression>: null

18-10-2024T04:44:21 - [TEST_STEP][PASSED] - a34 = <not implemented yet for class: org.codehaus.groovy.ast.expr.EmptyExpression>: null

18-10-2024T04:44:21 - [TEST_STEP][PASSED] - a35 = <not implemented yet for class: org.codehaus.groovy.ast.expr.EmptyExpression>: null

18-10-2024T04:44:21 - [TEST_STEP][PASSED] - a36 = <not implemented yet for class: org.codehaus.groovy.ast.expr.EmptyExpression>: null

18-10-2024T04:44:21 - [TEST_STEP][PASSED] - a37 = <not implemented yet for class: org.codehaus.groovy.ast.expr.EmptyExpression>: null

18-10-2024T04:44:21 - [TEST_STEP][PASSED] - a38 = <not implemented yet for class: org.codehaus.groovy.ast.expr.EmptyExpression>: null

18-10-2024T04:44:21 - [TEST_STEP][PASSED] - a39 = <not implemented yet for class: org.codehaus.groovy.ast.expr.EmptyExpression>: null

18-10-2024T04:44:21 - [TEST_STEP][PASSED] - a310 = <not implemented yet for class: org.codehaus.groovy.ast.expr.EmptyExpression>: null

18-10-2024T04:44:21 - [TEST_STEP][PASSED] - a311 = <not implemented yet for class: org.codehaus.groovy.ast.expr.EmptyExpression>: null

18-10-2024T04:44:21 - [TEST_STEP][PASSED] - a312 = <not implemented yet for class: org.codehaus.groovy.ast.expr.EmptyExpression>: null

18-10-2024T04:44:21 - [TEST_STEP][PASSED] - a313 = <not implemented yet for class: org.codehaus.groovy.ast.expr.EmptyExpression>: null

18-10-2024T04:44:21 - [TEST_STEP][PASSED] - a314 = <not implemented yet for class: org.codehaus.groovy.ast.expr.EmptyExpression>: null

18-10-2024T04:44:21 - [TEST_STEP][PASSED] - a315 = <not implemented yet for class: org.codehaus.groovy.ast.expr.EmptyExpression>: null

18-10-2024T04:44:21 - [TEST_STEP][PASSED] - a316 = <not implemented yet for class: org.codehaus.groovy.ast.expr.EmptyExpression>: null

18-10-2024T04:44:21 - [TEST_STEP][PASSED] - a317 = <not implemented yet for class: org.codehaus.groovy.ast.expr.EmptyExpression>: null

18-10-2024T04:44:21 - [TEST_STEP][PASSED] - b1 = <not implemented yet for class: org.codehaus.groovy.ast.expr.EmptyExpression>: null

18-10-2024T04:44:21 - [TEST_STEP][PASSED] - b2 = <not implemented yet for class: org.codehaus.groovy.ast.expr.EmptyExpression>: null

18-10-2024T04:44:21 - [TEST_STEP][PASSED] - b30 = <not implemented yet for class: org.codehaus.groovy.ast.expr.EmptyExpression>: null

18-10-2024T04:44:21 - [TEST_STEP][PASSED] - b31 = <not implemented yet for class: org.codehaus.groovy.ast.expr.EmptyExpression>: null

18-10-2024T04:44:21 - [TEST_STEP][PASSED] - b32 = <not implemented yet for class: org.codehaus.groovy.ast.expr.EmptyExpression>: null

18-10-2024T04:44:21 - [TEST_STEP][PASSED] - b33 = <not implemented yet for class: org.codehaus.groovy.ast.expr.EmptyExpression>: null

18-10-2024T04:44:21 - [TEST_STEP][PASSED] - b34 = <not implemented yet for class: org.codehaus.groovy.ast.expr.EmptyExpression>: null

18-10-2024T04:44:21 - [TEST_STEP][PASSED] - b35 = <not implemented yet for class: org.codehaus.groovy.ast.expr.EmptyExpression>: null

18-10-2024T04:44:21 - [TEST_STEP][PASSED] - b36 = <not implemented yet for class: org.codehaus.groovy.ast.expr.EmptyExpression>: null

18-10-2024T04:44:21 - [TEST_STEP][PASSED] - b37 = <not implemented yet for class: org.codehaus.groovy.ast.expr.EmptyExpression>: null

18-10-2024T04:44:21 - [TEST_STEP][PASSED] - b38 = <not implemented yet for class: org.codehaus.groovy.ast.expr.EmptyExpression>: null

18-10-2024T04:44:21 - [TEST_STEP][PASSED] - b39 = <not implemented yet for class: org.codehaus.groovy.ast.expr.EmptyExpression>: null

18-10-2024T04:44:21 - [TEST_STEP][PASSED] - b310 = <not implemented yet for class: org.codehaus.groovy.ast.expr.EmptyExpression>: null

18-10-2024T04:44:21 - [TEST_STEP][PASSED] - b311 = <not implemented yet for class: org.codehaus.groovy.ast.expr.EmptyExpression>: null

18-10-2024T04:44:21 - [TEST_STEP][PASSED] - b312 = <not implemented yet for class: org.codehaus.groovy.ast.expr.EmptyExpression>: null

18-10-2024T04:44:21 - [TEST_STEP][PASSED] - b313 = <not implemented yet for class: org.codehaus.groovy.ast.expr.EmptyExpression>: null

18-10-2024T04:44:21 - [TEST_STEP][PASSED] - b314 = <not implemented yet for class: org.codehaus.groovy.ast.expr.EmptyExpression>: null

18-10-2024T04:44:21 - [TEST_STEP][PASSED] - b315 = <not implemented yet for class: org.codehaus.groovy.ast.expr.EmptyExpression>: null

18-10-2024T04:44:21 - [TEST_STEP][PASSED] - b316 = <not implemented yet for class: org.codehaus.groovy.ast.expr.EmptyExpression>: null

18-10-2024T04:44:21 - [TEST_STEP][PASSED] - b317 = <not implemented yet for class: org.codehaus.groovy.ast.expr.EmptyExpression>: null

18-10-2024T04:44:21 - [TEST_STEP][PASSED] - block = 1: null

18-10-2024T04:44:21 - [TEST_STEP][PASSED] - nameOfBlock = "": null

18-10-2024T04:44:21 - [TEST_STEP][PASSED] - Script1710234207206.PreSettings(run, vir, block, nameOfBlock, typeOfData, todaysDate): null

18-10-2024T04:44:21 - [TEST_STEP][PASSED] - openBrowser(""): Browser is opened with url: ''

18-10-2024T04:44:22 - [MESSAGE][INFO] - Starting 'Chrome' driver

18-10-2024T04:44:22 - [MESSAGE][INFO] - Action delay is set to 0 milliseconds

18-10-2024T04:44:24 - [MESSAGE][PASSED] - Browser is opened with url: ''

18-10-2024T04:44:24 - [TEST_STEP][PASSED] - refresh(): Refresh successfully

18-10-2024T04:44:24 - [MESSAGE][PASSED] - Refresh successfully

18-10-2024T04:44:24 - [TEST_STEP][PASSED] - delay(50): Delayed 50 second(s)

18-10-2024T04:45:14 - [MESSAGE][PASSED] - Delayed 50 second(s)

18-10-2024T04:45:14 - [TEST_STEP][PASSED] - println("run:" + run): null

18-10-2024T04:45:14 - [TEST_STEP][PASSED] - println("vir:" + vir): null

18-10-2024T04:45:14 - [TEST_STEP][PASSED] - println("block:" + block): null

18-10-2024T04:45:14 - [TEST_STEP][PASSED] - if (block == 1): null

18-10-2024T04:45:14 - [TEST_STEP][PASSED] - nameOfBlock = "": null

18-10-2024T04:45:14 - [TEST_STEP][PASSED] - println("nameOfBlock:" + nameOfBlock): null

18-10-2024T04:45:14 - [TEST_STEP][PASSED] - println("typeOfData:" + typeOfData): null

18-10-2024T04:45:14 - [TEST_STEP][PASSED] - println("todaysDate:" + todaysDate): null

18-10-2024T04:45:14 - [TEST_STEP][PASSED] - Script1710234207206.Autorization(block, nameOfBlock): null

18-10-2024T04:45:14 - [TEST_STEP][PASSED] - i = <not implemented yet for class: org.codehaus.groovy.ast.expr.EmptyExpression>: null

18-10-2024T04:45:14 - [TEST_STEP][PASSED] - ii = <not implemented yet for class: org.codehaus.groovy.ast.expr.EmptyExpression>: null

18-10-2024T04:45:14 - [TEST_STEP][PASSED] - urlData = <not implemented yet for class: org.codehaus.groovy.ast.expr.EmptyExpression>: null

18-10-2024T04:45:14 - [TEST_STEP][PASSED] - searchWord = <not implemented yet for class: org.codehaus.groovy.ast.expr.EmptyExpression>: null

18-10-2024T04:45:14 - [TEST_STEP][PASSED] - urlText = <not implemented yet for class: org.codehaus.groovy.ast.expr.EmptyExpression>: null

18-10-2024T04:45:14 - [TEST_STEP][PASSED] - println("block:" + block): null

18-10-2024T04:45:14 - [TEST_STEP][PASSED] - if (block == 1): null

18-10-2024T04:45:14 - [TEST_STEP][PASSED] - nameOfBlock = "": null

18-10-2024T04:45:14 - [TEST_STEP][PASSED] - println("nameOfBlock:" + nameOfBlock): null

18-10-2024T04:45:14 - [TEST_STEP][PASSED] - if (block == 1): Delayed 45 second(s)

18-10-2024T04:45:14 - [TEST_STEP][PASSED] - urlData = 2: null

18-10-2024T04:45:14 - [TEST_STEP][PASSED] - delay(45): Delayed 45 second(s)

18-10-2024T04:45:59 - [MESSAGE][PASSED] - Delayed 45 second(s)

18-10-2024T04:45:59 - [TEST_STEP][PASSED] - navigateToUrl(findTestData("PlanFact").getValue(10, urlData)): Navigate to 'https://bi.rosseti.digital/viewer?dashboardGuid=2301950b23be4ed89c1df75f2020051e&sheetGuid=b723206f698544fb87299f3095c00435&fit=true' successfully

18-10-2024T04:46:04 - [MESSAGE][PASSED] - Navigate to 'https://bi.rosseti.digital/viewer?dashboardGuid=2301950b23be4ed89c1df75f2020051e&sheetGuid=b723206f698544fb87299f3095c00435&fit=true' successfully

18-10-2024T04:46:04 - [TEST_STEP][PASSED] - urlText = getText(findTestObject("Страница авторизации/Text")): Text of object 'Object Repository/Страница авторизации/Text' is: 'Вход'

18-10-2024T04:46:07 - [MESSAGE][PASSED] - Text of object 'Object Repository/Страница авторизации/Text' is: 'Вход'

18-10-2024T04:46:07 - [TEST_STEP][PASSED] - searchWord = "Вход": null

18-10-2024T04:46:07 - [TEST_STEP][PASSED] - if (urlText.contains("ошибка") || urlText.contains(searchWord) == false): null

18-10-2024T04:46:07 - [TEST_STEP][PASSED] - if (verifyElementPresent(findTestObject("Страница авторизации/button_"), 30) == true): null

18-10-2024T04:46:08 - [MESSAGE][PASSED] - Object 'Object Repository/Страница авторизации/button_' is present

18-10-2024T04:46:08 - [TEST_STEP][PASSED] - setText(findTestObject("Страница авторизации/input__username"), findTestData("PlanFact").getValue(8, 1)): Text 'shekhov-aa' is set on object 'Object Repository/Страница авторизации/input__username'

18-10-2024T04:46:08 - [MESSAGE][PASSED] - Text 'shekhov-aa' is set on object 'Object Repository/Страница авторизации/input__username'

18-10-2024T04:46:08 - [TEST_STEP][PASSED] - setText(findTestObject("Страница авторизации/input__password"), findTestData("PlanFact").getValue(9, 1)): Text 'i)RpQLLlXv9gUDC9' is set on object 'Object Repository/Страница авторизации/input__password'

18-10-2024T04:46:09 - [MESSAGE][PASSED] - Text 'i)RpQLLlXv9gUDC9' is set on object 'Object Repository/Страница авторизации/input__password'

18-10-2024T04:46:09 - [TEST_STEP][PASSED] - click(findTestObject("Страница авторизации/button_")): Object: 'Object Repository/Страница авторизации/button_' is clicked on

18-10-2024T04:46:14 - [MESSAGE][PASSED] - Object: 'Object Repository/Страница авторизации/button_' is clicked on

18-10-2024T04:46:14 - [TEST_STEP][PASSED] - delay(45): Delayed 45 second(s)

18-10-2024T04:46:59 - [MESSAGE][PASSED] - Delayed 45 second(s)

18-10-2024T04:46:59 - [TEST_STEP][PASSED] - urlText = getText(findTestObject("Страница авторизации/Text")): Text of object 'Object Repository/Страница авторизации/Text' is: 'Период
1, 2 кв., Июль, Август 2024 года
Выручка
Все
Выполнение плановых показателей по ПАО Россети за 1, 2 кв., Июль, Август 2024 года
План
Факт
Динамика
2024 год
0 млн.руб.
100 000 млн.руб.
200 000 млн.руб.
300 000 млн.руб.
400 000 млн.руб.
500 000 млн.руб.
600 000 млн.руб.
700 000 млн.руб.
800 000 млн.руб.
900 000 млн.руб.
1 000 000 млн.руб.
1 100 000 млн.руб.
1 200 000 млн.руб.
938 020
964 061
↑
ДЗО 
Все
Внутренний оборот - выручка за услуги по передаче электрической энергии, учтенная в выручке за электроэнергию для конечных потребителей, при выполнении ДЗО функций гарантирующего поставщика
Подписи данных
⬤Отклонение
АО «Тываэнерго»
АО «Чеченэнерго»
Россети Волга
Россети Кубань
Россети Ленэнерго (ГК)
Россети Московский регион
Россети Северный Кавказ (ГК)
Россети Северо-Запад
Россети Сибирь (ГК)
Россети Томск
Россети Тюмень
Россети Урал (ГК)
Россети ФСК ЕЭС
Россети Центр
Россети Центр и Приволжье (ГК)
Россети Юг (ГК)
Россети Янтарь
-4 000 млн.руб.
-3 000 млн.руб.
-2 000 млн.руб.
-1 000 млн.руб.
0 млн.руб.
1 000 млн.руб.
2 000 млн.руб.
3 000 млн.руб.
4 000 млн.руб.
5 000 млн.руб.
6 000 млн.руб.
7 000 млн.руб.
8 000 млн.руб.
173
44
122
3 000
3 666
6 842
695
1 000
1 910
228
-3 453
1 778
1 353
3 442
3 872
1 131
237
млн.
%
Выручка
Отклонение выручки по ПАО Россети за 1, 2 кв., Июль, Август 2024 года (факт/план, млн. руб)
ПАО Россети
26 040.4 млн.руб.
 '

18-10-2024T04:47:00 - [MESSAGE][PASSED] - Text of object 'Object Repository/Страница авторизации/Text' is: 'Период
1, 2 кв., Июль, Август 2024 года
Выручка
Все
Выполнение плановых показателей по ПАО Россети за 1, 2 кв., Июль, Август 2024 года
План
Факт
Динамика
2024 год
0 млн.руб.
100 000 млн.руб.
200 000 млн.руб.
300 000 млн.руб.
400 000 млн.руб.
500 000 млн.руб.
600 000 млн.руб.
700 000 млн.руб.
800 000 млн.руб.
900 000 млн.руб.
1 000 000 млн.руб.
1 100 000 млн.руб.
1 200 000 млн.руб.
938 020
964 061
↑
ДЗО 
Все
Внутренний оборот - выручка за услуги по передаче электрической энергии, учтенная в выручке за электроэнергию для конечных потребителей, при выполнении ДЗО функций гарантирующего поставщика
Подписи данных
⬤Отклонение
АО «Тываэнерго»
АО «Чеченэнерго»
Россети Волга
Россети Кубань
Россети Ленэнерго (ГК)
Россети Московский регион
Россети Северный Кавказ (ГК)
Россети Северо-Запад
Россети Сибирь (ГК)
Россети Томск
Россети Тюмень
Россети Урал (ГК)
Россети ФСК ЕЭС
Россети Центр
Россети Центр и Приволжье (ГК)
Россети Юг (ГК)
Россети Янтарь
-4 000 млн.руб.
-3 000 млн.руб.
-2 000 млн.руб.
-1 000 млн.руб.
0 млн.руб.
1 000 млн.руб.
2 000 млн.руб.
3 000 млн.руб.
4 000 млн.руб.
5 000 млн.руб.
6 000 млн.руб.
7 000 млн.руб.
8 000 млн.руб.
173
44
122
3 000
3 666
6 842
695
1 000
1 910
228
-3 453
1 778
1 353
3 442
3 872
1 131
237
млн.
%
Выручка
Отклонение выручки по ПАО Россети за 1, 2 кв., Июль, Август 2024 года (факт/план, млн. руб)
ПАО Россети
26 040.4 млн.руб.
 '

18-10-2024T04:47:00 - [TEST_STEP][PASSED] - searchWord = "а": null

18-10-2024T04:47:00 - [TEST_STEP][PASSED] - if (urlText.contains("ошибка") || urlText.contains(searchWord) == false): null

18-10-2024T04:47:00 - [TEST_STEP][PASSED] - delay(45): Delayed 45 second(s)

18-10-2024T04:47:45 - [MESSAGE][PASSED] - Delayed 45 second(s)

18-10-2024T04:47:45 - [TEST_STEP][PASSED] - if (block == 2): null

18-10-2024T04:47:45 - [TEST_STEP][PASSED] - click(findTestObject("Выручка в рублях/Фильтр Период" + nameOfBlock)): Object: 'Object Repository/Выручка в рублях/Фильтр Период' is clicked on

18-10-2024T04:47:45 - [MESSAGE][PASSED] - Object: 'Object Repository/Выручка в рублях/Фильтр Период' is clicked on

18-10-2024T04:47:45 - [TEST_STEP][PASSED] - click(findTestObject("Выручка в рублях/Снять выделение в фильтре Дата" + nameOfBlock)): Object: 'Object Repository/Выручка в рублях/Снять выделение в фильтре Дата' is clicked on

18-10-2024T04:47:46 - [MESSAGE][PASSED] - Object: 'Object Repository/Выручка в рублях/Снять выделение в фильтре Дата' is clicked on

18-10-2024T04:47:46 - [TEST_STEP][PASSED] - click(findTestObject("Выручка в рублях/Применить в фильтре Дата" + nameOfBlock)): Object: 'Object Repository/Выручка в рублях/Применить в фильтре Дата' is clicked on

18-10-2024T04:47:46 - [MESSAGE][PASSED] - Object: 'Object Repository/Выручка в рублях/Применить в фильтре Дата' is clicked on

18-10-2024T04:47:46 - [TEST_STEP][PASSED] - delay(50): Delayed 50 second(s)

18-10-2024T04:48:36 - [MESSAGE][PASSED] - Delayed 50 second(s)

18-10-2024T04:48:36 - [TEST_STEP][PASSED] - click(findTestObject("Выручка в рублях/Фильтр Период" + nameOfBlock)): Object: 'Object Repository/Выручка в рублях/Фильтр Период' is clicked on

18-10-2024T04:48:37 - [MESSAGE][PASSED] - Object: 'Object Repository/Выручка в рублях/Фильтр Период' is clicked on

18-10-2024T04:48:37 - [TEST_STEP][PASSED] - click(findTestObject("Выручка в рублях/Снять выделение в фильтре Дата" + nameOfBlock)): Object: 'Object Repository/Выручка в рублях/Снять выделение в фильтре Дата' is clicked on

18-10-2024T04:48:37 - [MESSAGE][PASSED] - Object: 'Object Repository/Выручка в рублях/Снять выделение в фильтре Дата' is clicked on

18-10-2024T04:48:37 - [TEST_STEP][PASSED] - scrollToElement(findTestObject("Выручка в рублях/2024 список" + nameOfBlock), 30): Scroll to object 'Object Repository/Выручка в рублях/2024 список' successfully

18-10-2024T04:48:38 - [MESSAGE][PASSED] - Scroll to object 'Object Repository/Выручка в рублях/2024 список' successfully

18-10-2024T04:48:38 - [TEST_STEP][PASSED] - click(findTestObject("Выручка в рублях/2024 список" + nameOfBlock)): Object: 'Object Repository/Выручка в рублях/2024 список' is clicked on

18-10-2024T04:48:38 - [MESSAGE][PASSED] - Object: 'Object Repository/Выручка в рублях/2024 список' is clicked on

18-10-2024T04:48:38 - [TEST_STEP][PASSED] - scrollToElement(findTestObject("Выручка в рублях/1 квартал 2024 выбрать" + nameOfBlock), 30): Scroll to object 'Object Repository/Выручка в рублях/1 квартал 2024 выбрать' successfully

18-10-2024T04:48:38 - [MESSAGE][PASSED] - Scroll to object 'Object Repository/Выручка в рублях/1 квартал 2024 выбрать' successfully

18-10-2024T04:48:38 - [TEST_STEP][PASSED] - click(findTestObject("Выручка в рублях/1 квартал 2024 выбрать" + nameOfBlock)): Object: 'Object Repository/Выручка в рублях/1 квартал 2024 выбрать' is clicked on

18-10-2024T04:48:39 - [MESSAGE][PASSED] - Object: 'Object Repository/Выручка в рублях/1 квартал 2024 выбрать' is clicked on

18-10-2024T04:48:39 - [TEST_STEP][PASSED] - scrollToElement(findTestObject("Выручка в рублях/2 квартал 2024 выбрать" + nameOfBlock), 30): Scroll to object 'Object Repository/Выручка в рублях/2 квартал 2024 выбрать' successfully

18-10-2024T04:48:39 - [MESSAGE][PASSED] - Scroll to object 'Object Repository/Выручка в рублях/2 квартал 2024 выбрать' successfully

18-10-2024T04:48:39 - [TEST_STEP][PASSED] - click(findTestObject("Выручка в рублях/2 квартал 2024 выбрать" + nameOfBlock)): Object: 'Object Repository/Выручка в рублях/2 квартал 2024 выбрать' is clicked on

18-10-2024T04:48:40 - [MESSAGE][PASSED] - Object: 'Object Repository/Выручка в рублях/2 квартал 2024 выбрать' is clicked on

18-10-2024T04:48:40 - [TEST_STEP][PASSED] - scrollToElement(findTestObject("Выручка в рублях/3 квартал 2024 список" + nameOfBlock), 30): Scroll to object 'Object Repository/Выручка в рублях/3 квартал 2024 список' successfully

18-10-2024T04:48:40 - [MESSAGE][PASSED] - Scroll to object 'Object Repository/Выручка в рублях/3 квартал 2024 список' successfully

18-10-2024T04:48:40 - [TEST_STEP][PASSED] - click(findTestObject("Выручка в рублях/3 квартал 2024 список" + nameOfBlock)): Object: 'Object Repository/Выручка в рублях/3 квартал 2024 список' is clicked on

18-10-2024T04:48:40 - [MESSAGE][PASSED] - Object: 'Object Repository/Выручка в рублях/3 квартал 2024 список' is clicked on

18-10-2024T04:48:40 - [TEST_STEP][PASSED] - click(findTestObject("Выручка в рублях/Июль 2024" + nameOfBlock)): Object: 'Object Repository/Выручка в рублях/Июль 2024' is clicked on

18-10-2024T04:48:41 - [MESSAGE][PASSED] - Object: 'Object Repository/Выручка в рублях/Июль 2024' is clicked on

18-10-2024T04:48:41 - [TEST_STEP][PASSED] - scrollToElement(findTestObject("Выручка в рублях/Август 2024" + nameOfBlock), 30): Scroll to object 'Object Repository/Выручка в рублях/Август 2024' successfully

18-10-2024T04:48:41 - [MESSAGE][PASSED] - Scroll to object 'Object Repository/Выручка в рублях/Август 2024' successfully

18-10-2024T04:48:41 - [TEST_STEP][PASSED] - click(findTestObject("Выручка в рублях/Август 2024" + nameOfBlock)): Object: 'Object Repository/Выручка в рублях/Август 2024' is clicked on

18-10-2024T04:48:42 - [MESSAGE][PASSED] - Object: 'Object Repository/Выручка в рублях/Август 2024' is clicked on

18-10-2024T04:48:42 - [TEST_STEP][PASSED] - scrollToElement(findTestObject("Выручка в рублях/Заголовок дашборда" + nameOfBlock), 30): Scroll to object 'Object Repository/Выручка в рублях/Заголовок дашборда' successfully

18-10-2024T04:48:42 - [MESSAGE][PASSED] - Scroll to object 'Object Repository/Выручка в рублях/Заголовок дашборда' successfully

18-10-2024T04:48:42 - [TEST_STEP][PASSED] - click(findTestObject("Выручка в рублях/Применить в фильтре Дата" + nameOfBlock)): Object: 'Object Repository/Выручка в рублях/Применить в фильтре Дата' is clicked on

18-10-2024T04:48:43 - [MESSAGE][PASSED] - Object: 'Object Repository/Выручка в рублях/Применить в фильтре Дата' is clicked on

18-10-2024T04:48:43 - [TEST_STEP][PASSED] - delay(50): Delayed 50 second(s)

18-10-2024T04:49:33 - [MESSAGE][PASSED] - Delayed 50 second(s)

18-10-2024T04:49:33 - [TEST_STEP][PASSED] - click(findTestObject("Выручка в рублях/Фильтр ДЗО" + nameOfBlock)): Object: 'Object Repository/Выручка в рублях/Фильтр ДЗО' is clicked on

18-10-2024T04:49:33 - [MESSAGE][PASSED] - Object: 'Object Repository/Выручка в рублях/Фильтр ДЗО' is clicked on

18-10-2024T04:49:33 - [TEST_STEP][PASSED] - click(findTestObject("Выручка в рублях/Снять выделение в фильтре ДЗО" + nameOfBlock)): Object: 'Object Repository/Выручка в рублях/Снять выделение в фильтре ДЗО' is clicked on

18-10-2024T04:49:34 - [MESSAGE][PASSED] - Object: 'Object Repository/Выручка в рублях/Снять выделение в фильтре ДЗО' is clicked on

18-10-2024T04:49:34 - [TEST_STEP][PASSED] - click(findTestObject("Выручка в рублях/Применить в фильтре ДЗО" + nameOfBlock)): Object: 'Object Repository/Выручка в рублях/Применить в фильтре ДЗО' is clicked on

18-10-2024T04:49:34 - [MESSAGE][PASSED] - Object: 'Object Repository/Выручка в рублях/Применить в фильтре ДЗО' is clicked on

18-10-2024T04:49:34 - [TEST_STEP][PASSED] - delay(50): Delayed 50 second(s)

18-10-2024T04:50:24 - [MESSAGE][PASSED] - Delayed 50 second(s)

18-10-2024T04:50:24 - [TEST_STEP][PASSED] - Script1710234207206.Tumbler(run, vir, block, nameOfBlock): null

18-10-2024T04:50:24 - [TEST_STEP][PASSED] - println("run:" + run): null

18-10-2024T04:50:24 - [TEST_STEP][PASSED] - println("vir:" + vir): null

18-10-2024T04:50:24 - [TEST_STEP][PASSED] - println("block:" + block): null

18-10-2024T04:50:24 - [TEST_STEP][PASSED] - println("nameOfBlock:" + nameOfBlock): null

18-10-2024T04:50:24 - [TEST_STEP][PASSED] - if (vir == 1): null

18-10-2024T04:50:24 - [TEST_STEP][PASSED] - if (run == 2): null

18-10-2024T04:50:24 - [TEST_STEP][PASSED] - click(findTestObject("Выручка в рублях/Фильтр ДЗО" + nameOfBlock)): Object: 'Object Repository/Выручка в рублях/Фильтр ДЗО' is clicked on

18-10-2024T04:50:24 - [MESSAGE][PASSED] - Object: 'Object Repository/Выручка в рублях/Фильтр ДЗО' is clicked on

18-10-2024T04:50:24 - [TEST_STEP][PASSED] - Script1710234207206.Rosseti(nameOfBlock): null

18-10-2024T04:50:24 - [TEST_STEP][PASSED] - println("nameOfBlock:" + nameOfBlock): null

18-10-2024T04:50:24 - [TEST_STEP][PASSED] - click(findTestObject("Выручка в рублях/ПАО Россети" + nameOfBlock)): Object: 'Object Repository/Выручка в рублях/ПАО Россети' is clicked on

18-10-2024T04:50:25 - [MESSAGE][PASSED] - Object: 'Object Repository/Выручка в рублях/ПАО Россети' is clicked on

18-10-2024T04:50:25 - [TEST_STEP][PASSED] - click(findTestObject("Выручка в рублях/Применить в фильтре ДЗО" + nameOfBlock)): Object: 'Object Repository/Выручка в рублях/Применить в фильтре ДЗО' is clicked on

18-10-2024T04:50:26 - [MESSAGE][PASSED] - Object: 'Object Repository/Выручка в рублях/Применить в фильтре ДЗО' is clicked on

18-10-2024T04:50:26 - [TEST_STEP][PASSED] - if (run == 2): null

18-10-2024T04:50:26 - [TEST_STEP][PASSED] - if (vir == 1 || vir == 2): Text of object 'Object Repository/Выручка в рублях/График План' is: '938 020'

18-10-2024T04:50:26 - [TEST_STEP][PASSED] - a1 = getText(findTestObject("Выручка в рублях/График План")): Text of object 'Object Repository/Выручка в рублях/График План' is: '938 020'

18-10-2024T04:50:28 - [MESSAGE][PASSED] - Text of object 'Object Repository/Выручка в рублях/График План' is: '938 020'

18-10-2024T04:50:28 - [TEST_STEP][PASSED] - if (vir == 1 || vir == 2): Text of object 'Object Repository/Выручка в рублях/График Факт' is: '964 061'

18-10-2024T04:50:28 - [TEST_STEP][PASSED] - a2 = getText(findTestObject("Выручка в рублях/График Факт")): Text of object 'Object Repository/Выручка в рублях/График Факт' is: '964 061'

18-10-2024T04:50:29 - [MESSAGE][PASSED] - Text of object 'Object Repository/Выручка в рублях/График Факт' is: '964 061'

18-10-2024T04:50:29 - [TEST_STEP][PASSED] - a30 = getText(findTestObject("Выручка в рублях/span1" + perc)): Text of object 'Object Repository/Выручка в рублях/span1' is: '26 040.4 млн.руб.'

18-10-2024T04:50:29 - [MESSAGE][PASSED] - Text of object 'Object Repository/Выручка в рублях/span1' is: '26 040.4 млн.руб.'

18-10-2024T04:50:29 - [TEST_STEP][PASSED] - i = a30.indexOf("млн.руб."): null

18-10-2024T04:50:29 - [TEST_STEP][PASSED] - if (i > -1): null

18-10-2024T04:50:29 - [TEST_STEP][PASSED] - a30 = a30.substring(0, i): null

18-10-2024T04:50:29 - [TEST_STEP][PASSED] - a30 = a30.replaceAll(" ", ""): null

18-10-2024T04:50:29 - [TEST_STEP][PASSED] - if (a30.contains("%")): null

18-10-2024T04:50:29 - [TEST_STEP][PASSED] - a30 = ").trim(): null

18-10-2024T04:50:29 - [TEST_STEP][PASSED] - println("a30: " + a30): null

18-10-2024T04:50:29 - [TEST_STEP][PASSED] - if (vir == 1 || vir == 2): Text of object 'Object Repository/Выручка в рублях/span2' is: '173'

18-10-2024T04:50:29 - [TEST_STEP][PASSED] - a31 = ").trim(): Text of object 'Object Repository/Выручка в рублях/span2' is: '173'

18-10-2024T04:50:29 - [MESSAGE][PASSED] - Text of object 'Object Repository/Выручка в рублях/span2' is: '173'

18-10-2024T04:50:29 - [TEST_STEP][PASSED] - if (vir == 1 || vir == 2): Text of object 'Object Repository/Выручка в рублях/span3' is: '44'

18-10-2024T04:50:29 - [TEST_STEP][PASSED] - a32 = ").trim(): Text of object 'Object Repository/Выручка в рублях/span3' is: '44'

18-10-2024T04:50:30 - [MESSAGE][PASSED] - Text of object 'Object Repository/Выручка в рублях/span3' is: '44'

18-10-2024T04:50:30 - [TEST_STEP][PASSED] - if (vir == 1 || vir == 2): Text of object 'Object Repository/Выручка в рублях/span8' is: '695'

18-10-2024T04:50:30 - [TEST_STEP][PASSED] - a33 = ").trim(): Text of object 'Object Repository/Выручка в рублях/span4' is: '122'

18-10-2024T04:50:30 - [MESSAGE][PASSED] - Text of object 'Object Repository/Выручка в рублях/span4' is: '122'

18-10-2024T04:50:30 - [TEST_STEP][PASSED] - a34 = ").trim(): Text of object 'Object Repository/Выручка в рублях/span5' is: '3 000'

18-10-2024T04:50:30 - [MESSAGE][PASSED] - Text of object 'Object Repository/Выручка в рублях/span5' is: '3 000'

18-10-2024T04:50:30 - [TEST_STEP][PASSED] - a35 = ").trim(): Text of object 'Object Repository/Выручка в рублях/span6' is: '3 666'

18-10-2024T04:50:30 - [MESSAGE][PASSED] - Text of object 'Object Repository/Выручка в рублях/span6' is: '3 666'

18-10-2024T04:50:30 - [TEST_STEP][PASSED] - a36 = ").trim(): Text of object 'Object Repository/Выручка в рублях/span7' is: '6 842'

18-10-2024T04:50:31 - [MESSAGE][PASSED] - Text of object 'Object Repository/Выручка в рублях/span7' is: '6 842'

18-10-2024T04:50:31 - [TEST_STEP][PASSED] - a37 = ").trim(): Text of object 'Object Repository/Выручка в рублях/span8' is: '695'

18-10-2024T04:50:31 - [MESSAGE][PASSED] - Text of object 'Object Repository/Выручка в рублях/span8' is: '695'

18-10-2024T04:50:31 - [TEST_STEP][PASSED] - if (vir == 1 || vir == 2): Text of object 'Object Repository/Выручка в рублях/span17' is: '1 131'

18-10-2024T04:50:31 - [TEST_STEP][PASSED] - a38 = ").trim(): Text of object 'Object Repository/Выручка в рублях/span9' is: '1 000'

18-10-2024T04:50:31 - [MESSAGE][PASSED] - Text of object 'Object Repository/Выручка в рублях/span9' is: '1 000'

18-10-2024T04:50:31 - [TEST_STEP][PASSED] - a39 = ").trim(): Text of object 'Object Repository/Выручка в рублях/span10' is: '1 910'

18-10-2024T04:50:32 - [MESSAGE][PASSED] - Text of object 'Object Repository/Выручка в рублях/span10' is: '1 910'

18-10-2024T04:50:32 - [TEST_STEP][PASSED] - a310 = ").trim(): Text of object 'Object Repository/Выручка в рублях/span11' is: '228'

18-10-2024T04:50:32 - [MESSAGE][PASSED] - Text of object 'Object Repository/Выручка в рублях/span11' is: '228'

18-10-2024T04:50:32 - [TEST_STEP][PASSED] - a311 = ").trim(): Text of object 'Object Repository/Выручка в рублях/span12' is: '-3 453'

18-10-2024T04:50:32 - [MESSAGE][PASSED] - Text of object 'Object Repository/Выручка в рублях/span12' is: '-3 453'

18-10-2024T04:50:32 - [TEST_STEP][PASSED] - a312 = ").trim(): Text of object 'Object Repository/Выручка в рублях/span13' is: '1 778'

18-10-2024T04:50:33 - [MESSAGE][PASSED] - Text of object 'Object Repository/Выручка в рублях/span13' is: '1 778'

18-10-2024T04:50:33 - [TEST_STEP][PASSED] - a313 = ").trim(): Text of object 'Object Repository/Выручка в рублях/span14' is: '1 353'

18-10-2024T04:50:33 - [MESSAGE][PASSED] - Text of object 'Object Repository/Выручка в рублях/span14' is: '1 353'

18-10-2024T04:50:33 - [TEST_STEP][PASSED] - a314 = ").trim(): Text of object 'Object Repository/Выручка в рублях/span15' is: '3 442'

18-10-2024T04:50:33 - [MESSAGE][PASSED] - Text of object 'Object Repository/Выручка в рублях/span15' is: '3 442'

18-10-2024T04:50:33 - [TEST_STEP][PASSED] - a315 = ").trim(): Text of object 'Object Repository/Выручка в рублях/span16' is: '3 872'

18-10-2024T04:50:33 - [MESSAGE][PASSED] - Text of object 'Object Repository/Выручка в рублях/span16' is: '3 872'

18-10-2024T04:50:33 - [TEST_STEP][PASSED] - a316 = ").trim(): Text of object 'Object Repository/Выручка в рублях/span17' is: '1 131'

18-10-2024T04:50:34 - [MESSAGE][PASSED] - Text of object 'Object Repository/Выручка в рублях/span17' is: '1 131'

18-10-2024T04:50:34 - [TEST_STEP][PASSED] - if (vir == 1 || vir == 2): Text of object 'Object Repository/Выручка в рублях/span18' is: '237'

18-10-2024T04:50:34 - [TEST_STEP][PASSED] - a317 = ").trim(): Text of object 'Object Repository/Выручка в рублях/span18' is: '237'

18-10-2024T04:50:34 - [MESSAGE][PASSED] - Text of object 'Object Repository/Выручка в рублях/span18' is: '237'

18-10-2024T04:50:34 - [TEST_STEP][PASSED] - block = 2: null

18-10-2024T04:50:34 - [TEST_STEP][PASSED] - nameOfBlock = " Выручка": null

18-10-2024T04:50:34 - [TEST_STEP][PASSED] - Script1710234207206.PreSettings(run, vir, block, nameOfBlock, typeOfData, todaysDate): null

18-10-2024T04:50:34 - [TEST_STEP][PASSED] - openBrowser(""): Browser is opened with url: ''

18-10-2024T04:50:34 - [MESSAGE][WARNING] - A browser is already opened. Closing browser and opening a new one

18-10-2024T04:50:34 - [MESSAGE][INFO] - Starting 'Chrome' driver

18-10-2024T04:50:34 - [MESSAGE][INFO] - Action delay is set to 0 milliseconds

18-10-2024T04:50:35 - [MESSAGE][PASSED] - Browser is opened with url: ''

18-10-2024T04:50:35 - [TEST_STEP][PASSED] - refresh(): Refresh successfully

18-10-2024T04:50:35 - [MESSAGE][PASSED] - Refresh successfully

18-10-2024T04:50:35 - [TEST_STEP][PASSED] - delay(50): Delayed 50 second(s)

18-10-2024T04:51:25 - [MESSAGE][PASSED] - Delayed 50 second(s)

18-10-2024T04:51:25 - [TEST_STEP][PASSED] - println("run:" + run): null

18-10-2024T04:51:25 - [TEST_STEP][PASSED] - println("vir:" + vir): null

18-10-2024T04:51:25 - [TEST_STEP][PASSED] - println("block:" + block): null

18-10-2024T04:51:25 - [TEST_STEP][PASSED] - if (block == 1): null

18-10-2024T04:51:25 - [TEST_STEP][PASSED] - else: null

18-10-2024T04:51:25 - [TEST_STEP][PASSED] - nameOfBlock = " Выручка": null

18-10-2024T04:51:25 - [TEST_STEP][PASSED] - println("nameOfBlock:" + nameOfBlock): null

18-10-2024T04:51:25 - [TEST_STEP][PASSED] - println("typeOfData:" + typeOfData): null

18-10-2024T04:51:25 - [TEST_STEP][PASSED] - println("todaysDate:" + todaysDate): null

18-10-2024T04:51:25 - [TEST_STEP][PASSED] - Script1710234207206.Autorization(block, nameOfBlock): null

18-10-2024T04:51:25 - [TEST_STEP][PASSED] - i = <not implemented yet for class: org.codehaus.groovy.ast.expr.EmptyExpression>: null

18-10-2024T04:51:25 - [TEST_STEP][PASSED] - ii = <not implemented yet for class: org.codehaus.groovy.ast.expr.EmptyExpression>: null

18-10-2024T04:51:25 - [TEST_STEP][PASSED] - urlData = <not implemented yet for class: org.codehaus.groovy.ast.expr.EmptyExpression>: null

18-10-2024T04:51:25 - [TEST_STEP][PASSED] - searchWord = <not implemented yet for class: org.codehaus.groovy.ast.expr.EmptyExpression>: null

18-10-2024T04:51:25 - [TEST_STEP][PASSED] - urlText = <not implemented yet for class: org.codehaus.groovy.ast.expr.EmptyExpression>: null

18-10-2024T04:51:25 - [TEST_STEP][PASSED] - println("block:" + block): null

18-10-2024T04:51:25 - [TEST_STEP][PASSED] - if (block == 1): null

18-10-2024T04:51:25 - [TEST_STEP][PASSED] - else: null

18-10-2024T04:51:25 - [TEST_STEP][PASSED] - delay(45): Delayed 45 second(s)

18-10-2024T04:52:10 - [MESSAGE][PASSED] - Delayed 45 second(s)

18-10-2024T04:52:10 - [TEST_STEP][PASSED] - nameOfBlock = " Выручка": null

18-10-2024T04:52:10 - [TEST_STEP][PASSED] - println("nameOfBlock:" + nameOfBlock): null

18-10-2024T04:52:10 - [TEST_STEP][PASSED] - if (block == 1): null

18-10-2024T04:52:10 - [TEST_STEP][PASSED] - else: Delayed 45 second(s)

18-10-2024T04:52:10 - [TEST_STEP][PASSED] - urlData = 9: null

18-10-2024T04:52:10 - [TEST_STEP][PASSED] - delay(45): Delayed 45 second(s)

18-10-2024T04:52:55 - [MESSAGE][PASSED] - Delayed 45 second(s)

18-10-2024T04:52:55 - [TEST_STEP][PASSED] - navigateToUrl(findTestData("PlanFact").getValue(10, urlData)): Navigate to 'https://bi.rosseti.digital/viewer?dashboardGuid=a1fd28b3785d443cbc4d7690a1d78e31&sheetGuid=86092a20c5984827a0c87b24cac76a50&fit=true' successfully

18-10-2024T04:53:04 - [MESSAGE][PASSED] - Navigate to 'https://bi.rosseti.digital/viewer?dashboardGuid=a1fd28b3785d443cbc4d7690a1d78e31&sheetGuid=86092a20c5984827a0c87b24cac76a50&fit=true' successfully

18-10-2024T04:53:04 - [TEST_STEP][PASSED] - urlText = getText(findTestObject("Страница авторизации/Text")): Text of object 'Object Repository/Страница авторизации/Text' is: 'Вход'

18-10-2024T04:53:04 - [MESSAGE][PASSED] - Text of object 'Object Repository/Страница авторизации/Text' is: 'Вход'

18-10-2024T04:53:04 - [TEST_STEP][PASSED] - searchWord = "Вход": null

18-10-2024T04:53:04 - [TEST_STEP][PASSED] - if (urlText.contains("ошибка") || urlText.contains(searchWord) == false): null

18-10-2024T04:53:04 - [TEST_STEP][PASSED] - if (verifyElementPresent(findTestObject("Страница авторизации/button_"), 30) == true): null

18-10-2024T04:53:04 - [MESSAGE][PASSED] - Object 'Object Repository/Страница авторизации/button_' is present

18-10-2024T04:53:04 - [TEST_STEP][PASSED] - setText(findTestObject("Страница авторизации/input__username"), findTestData("PlanFact").getValue(8, 1)): Text 'shekhov-aa' is set on object 'Object Repository/Страница авторизации/input__username'

18-10-2024T04:53:05 - [MESSAGE][PASSED] - Text 'shekhov-aa' is set on object 'Object Repository/Страница авторизации/input__username'

18-10-2024T04:53:05 - [TEST_STEP][PASSED] - setText(findTestObject("Страница авторизации/input__password"), findTestData("PlanFact").getValue(9, 1)): Text 'i)RpQLLlXv9gUDC9' is set on object 'Object Repository/Страница авторизации/input__password'

18-10-2024T04:53:06 - [MESSAGE][PASSED] - Text 'i)RpQLLlXv9gUDC9' is set on object 'Object Repository/Страница авторизации/input__password'

18-10-2024T04:53:06 - [TEST_STEP][PASSED] - click(findTestObject("Страница авторизации/button_")): Object: 'Object Repository/Страница авторизации/button_' is clicked on

18-10-2024T04:53:09 - [MESSAGE][PASSED] - Object: 'Object Repository/Страница авторизации/button_' is clicked on

18-10-2024T04:53:09 - [TEST_STEP][PASSED] - delay(45): Delayed 45 second(s)

18-10-2024T04:53:54 - [MESSAGE][PASSED] - Delayed 45 second(s)

18-10-2024T04:53:54 - [TEST_STEP][PASSED] - urlText = getText(findTestObject("Страница авторизации/Text")): Text of object 'Object Repository/Страница авторизации/Text' is: 'Период
Январь, Февраль, Март, Апрель, Май, Июнь, Июль, Август 2024 года
Выручка
Все
Выполнение плановых показателей, млн.руб.
План
Факт
Динамика
2024 год
0 млн.руб.
100 000 млн.руб.
200 000 млн.руб.
300 000 млн.руб.
400 000 млн.руб.
500 000 млн.руб.
600 000 млн.руб.
700 000 млн.руб.
800 000 млн.руб.
900 000 млн.руб.
1 000 000 млн.руб.
1 100 000 млн.руб.
1 200 000 млн.руб.
938 020
964 061
↑
ДЗО 
Все
Подписи данных
⬤Отклонение
АО «Тываэнерго»
АО «Чеченэнерго»
Россети Волга
Россети Кубань
Россети Ленэнерго (ГК)
Россети Московский регион
Россети Северный Кавказ (ГК)
Россети Северо-Запад
Россети Сибирь (ГК)
Россети Томск
Россети Тюмень
Россети Урал (ГК)
Россети ФСК ЕЭС
Россети Центр
Россети Центр и Приволжье (ГК)
Россети Юг (ГК)
Россети Янтарь
-4 000 млн.руб.
-3 000 млн.руб.
-2 000 млн.руб.
-1 000 млн.руб.
0 млн.руб.
1 000 млн.руб.
2 000 млн.руб.
3 000 млн.руб.
4 000 млн.руб.
5 000 млн.руб.
6 000 млн.руб.
7 000 млн.руб.
8 000 млн.руб.
173
44
122
3 000
3 666
6 842
695
1 000
1 910
228
-3 453
1 778
1 353
3 442
3 872
1 131
237
млн.
%
Выручка
Отклонение выручки (факт/план, млн. руб) 
ПАО Россети
26 040.4 млн.руб.
Статус данных
×
Просьба обратить внимание
Данные занесены не полностью
ВЫБРАННЫЕ ЗНАЧЕНИЯ ФИЛЬТРОВ
ДЗО | ПЕРИОД
ПАО Россети: [«Выбраны все филиалы по всем ДЗО по всем категориям»]
2024: [Янв, Фев, Мар, Апр, Май, Июн, Июл, Авг]
*Внутренний оборот'

18-10-2024T04:53:54 - [MESSAGE][PASSED] - Text of object 'Object Repository/Страница авторизации/Text' is: 'Период
Январь, Февраль, Март, Апрель, Май, Июнь, Июль, Август 2024 года
Выручка
Все
Выполнение плановых показателей, млн.руб.
План
Факт
Динамика
2024 год
0 млн.руб.
100 000 млн.руб.
200 000 млн.руб.
300 000 млн.руб.
400 000 млн.руб.
500 000 млн.руб.
600 000 млн.руб.
700 000 млн.руб.
800 000 млн.руб.
900 000 млн.руб.
1 000 000 млн.руб.
1 100 000 млн.руб.
1 200 000 млн.руб.
938 020
964 061
↑
ДЗО 
Все
Подписи данных
⬤Отклонение
АО «Тываэнерго»
АО «Чеченэнерго»
Россети Волга
Россети Кубань
Россети Ленэнерго (ГК)
Россети Московский регион
Россети Северный Кавказ (ГК)
Россети Северо-Запад
Россети Сибирь (ГК)
Россети Томск
Россети Тюмень
Россети Урал (ГК)
Россети ФСК ЕЭС
Россети Центр
Россети Центр и Приволжье (ГК)
Россети Юг (ГК)
Россети Янтарь
-4 000 млн.руб.
-3 000 млн.руб.
-2 000 млн.руб.
-1 000 млн.руб.
0 млн.руб.
1 000 млн.руб.
2 000 млн.руб.
3 000 млн.руб.
4 000 млн.руб.
5 000 млн.руб.
6 000 млн.руб.
7 000 млн.руб.
8 000 млн.руб.
173
44
122
3 000
3 666
6 842
695
1 000
1 910
228
-3 453
1 778
1 353
3 442
3 872
1 131
237
млн.
%
Выручка
Отклонение выручки (факт/план, млн. руб) 
ПАО Россети
26 040.4 млн.руб.
Статус данных
×
Просьба обратить внимание
Данные занесены не полностью
ВЫБРАННЫЕ ЗНАЧЕНИЯ ФИЛЬТРОВ
ДЗО | ПЕРИОД
ПАО Россети: [«Выбраны все филиалы по всем ДЗО по всем категориям»]
2024: [Янв, Фев, Мар, Апр, Май, Июн, Июл, Авг]
*Внутренний оборот'

18-10-2024T04:53:54 - [TEST_STEP][PASSED] - searchWord = "а": null

18-10-2024T04:53:54 - [TEST_STEP][PASSED] - if (urlText.contains("ошибка") || urlText.contains(searchWord) == false): null

18-10-2024T04:53:54 - [TEST_STEP][PASSED] - delay(45): Delayed 45 second(s)

18-10-2024T04:54:39 - [MESSAGE][PASSED] - Delayed 45 second(s)

18-10-2024T04:54:39 - [TEST_STEP][PASSED] - if (block == 2): Delayed 50 second(s)

18-10-2024T04:54:39 - [TEST_STEP][PASSED] - opoveshenie = getText(findTestObject("Выручка в рублях/Просьба обратить внимание")): Text of object 'Object Repository/Выручка в рублях/Просьба обратить внимание' is: 'Просьба обратить внимание'

18-10-2024T04:54:40 - [MESSAGE][PASSED] - Text of object 'Object Repository/Выручка в рублях/Просьба обратить внимание' is: 'Просьба обратить внимание'

18-10-2024T04:54:40 - [TEST_STEP][PASSED] - if (opoveshenie == "Просьба обратить внимание"): Delayed 50 second(s)

18-10-2024T04:54:40 - [TEST_STEP][PASSED] - click(findTestObject("Выручка в рублях/Закрыть оповещение")): Object: 'Object Repository/Выручка в рублях/Закрыть оповещение' is clicked on

18-10-2024T04:54:40 - [MESSAGE][PASSED] - Object: 'Object Repository/Выручка в рублях/Закрыть оповещение' is clicked on

18-10-2024T04:54:40 - [TEST_STEP][PASSED] - delay(50): Delayed 50 second(s)

18-10-2024T04:55:30 - [MESSAGE][PASSED] - Delayed 50 second(s)

18-10-2024T04:55:30 - [TEST_STEP][PASSED] - click(findTestObject("Выручка в рублях/Фильтр Период" + nameOfBlock)): Object: 'Object Repository/Выручка в рублях/Фильтр Период Выручка' is clicked on

18-10-2024T04:55:30 - [MESSAGE][PASSED] - Object: 'Object Repository/Выручка в рублях/Фильтр Период Выручка' is clicked on

18-10-2024T04:55:30 - [TEST_STEP][PASSED] - click(findTestObject("Выручка в рублях/Снять выделение в фильтре Дата" + nameOfBlock)): Object: 'Object Repository/Выручка в рублях/Снять выделение в фильтре Дата Выручка' is clicked on

18-10-2024T04:55:31 - [MESSAGE][PASSED] - Object: 'Object Repository/Выручка в рублях/Снять выделение в фильтре Дата Выручка' is clicked on

18-10-2024T04:55:31 - [TEST_STEP][PASSED] - click(findTestObject("Выручка в рублях/Применить в фильтре Дата" + nameOfBlock)): Object: 'Object Repository/Выручка в рублях/Применить в фильтре Дата Выручка' is clicked on

18-10-2024T04:55:32 - [MESSAGE][PASSED] - Object: 'Object Repository/Выручка в рублях/Применить в фильтре Дата Выручка' is clicked on

18-10-2024T04:55:32 - [TEST_STEP][PASSED] - delay(50): Delayed 50 second(s)

18-10-2024T04:56:22 - [MESSAGE][PASSED] - Delayed 50 second(s)

18-10-2024T04:56:22 - [TEST_STEP][PASSED] - click(findTestObject("Выручка в рублях/Фильтр Период" + nameOfBlock)): Object: 'Object Repository/Выручка в рублях/Фильтр Период Выручка' is clicked on

18-10-2024T04:56:22 - [MESSAGE][PASSED] - Object: 'Object Repository/Выручка в рублях/Фильтр Период Выручка' is clicked on

18-10-2024T04:56:22 - [TEST_STEP][PASSED] - click(findTestObject("Выручка в рублях/Снять выделение в фильтре Дата" + nameOfBlock)): Object: 'Object Repository/Выручка в рублях/Снять выделение в фильтре Дата Выручка' is clicked on

18-10-2024T04:56:22 - [MESSAGE][PASSED] - Object: 'Object Repository/Выручка в рублях/Снять выделение в фильтре Дата Выручка' is clicked on

18-10-2024T04:56:22 - [TEST_STEP][PASSED] - scrollToElement(findTestObject("Выручка в рублях/2024 список" + nameOfBlock), 30): Scroll to object 'Object Repository/Выручка в рублях/2024 список Выручка' successfully

18-10-2024T04:56:23 - [MESSAGE][PASSED] - Scroll to object 'Object Repository/Выручка в рублях/2024 список Выручка' successfully

18-10-2024T04:56:23 - [TEST_STEP][PASSED] - click(findTestObject("Выручка в рублях/2024 список" + nameOfBlock)): Object: 'Object Repository/Выручка в рублях/2024 список Выручка' is clicked on

18-10-2024T04:56:23 - [MESSAGE][PASSED] - Object: 'Object Repository/Выручка в рублях/2024 список Выручка' is clicked on

18-10-2024T04:56:23 - [TEST_STEP][PASSED] - scrollToElement(findTestObject("Выручка в рублях/1 квартал 2024 выбрать" + nameOfBlock), 30): Scroll to object 'Object Repository/Выручка в рублях/1 квартал 2024 выбрать Выручка' successfully

18-10-2024T04:56:24 - [MESSAGE][PASSED] - Scroll to object 'Object Repository/Выручка в рублях/1 квартал 2024 выбрать Выручка' successfully

18-10-2024T04:56:24 - [TEST_STEP][PASSED] - click(findTestObject("Выручка в рублях/1 квартал 2024 выбрать" + nameOfBlock)): Object: 'Object Repository/Выручка в рублях/1 квартал 2024 выбрать Выручка' is clicked on

18-10-2024T04:56:24 - [MESSAGE][PASSED] - Object: 'Object Repository/Выручка в рублях/1 квартал 2024 выбрать Выручка' is clicked on

18-10-2024T04:56:24 - [TEST_STEP][PASSED] - scrollToElement(findTestObject("Выручка в рублях/2 квартал 2024 выбрать" + nameOfBlock), 30): Scroll to object 'Object Repository/Выручка в рублях/2 квартал 2024 выбрать Выручка' successfully

18-10-2024T04:56:24 - [MESSAGE][PASSED] - Scroll to object 'Object Repository/Выручка в рублях/2 квартал 2024 выбрать Выручка' successfully

18-10-2024T04:56:24 - [TEST_STEP][PASSED] - click(findTestObject("Выручка в рублях/2 квартал 2024 выбрать" + nameOfBlock)): Object: 'Object Repository/Выручка в рублях/2 квартал 2024 выбрать Выручка' is clicked on

18-10-2024T04:56:25 - [MESSAGE][PASSED] - Object: 'Object Repository/Выручка в рублях/2 квартал 2024 выбрать Выручка' is clicked on

18-10-2024T04:56:25 - [TEST_STEP][PASSED] - scrollToElement(findTestObject("Выручка в рублях/3 квартал 2024 список" + nameOfBlock), 30): Scroll to object 'Object Repository/Выручка в рублях/3 квартал 2024 список Выручка' successfully

18-10-2024T04:56:25 - [MESSAGE][PASSED] - Scroll to object 'Object Repository/Выручка в рублях/3 квартал 2024 список Выручка' successfully

18-10-2024T04:56:25 - [TEST_STEP][PASSED] - click(findTestObject("Выручка в рублях/3 квартал 2024 список" + nameOfBlock)): Object: 'Object Repository/Выручка в рублях/3 квартал 2024 список Выручка' is clicked on

18-10-2024T04:56:26 - [MESSAGE][PASSED] - Object: 'Object Repository/Выручка в рублях/3 квартал 2024 список Выручка' is clicked on

18-10-2024T04:56:26 - [TEST_STEP][PASSED] - click(findTestObject("Выручка в рублях/Июль 2024" + nameOfBlock)): Object: 'Object Repository/Выручка в рублях/Июль 2024 Выручка' is clicked on

18-10-2024T04:56:26 - [MESSAGE][PASSED] - Object: 'Object Repository/Выручка в рублях/Июль 2024 Выручка' is clicked on

18-10-2024T04:56:26 - [TEST_STEP][PASSED] - scrollToElement(findTestObject("Выручка в рублях/Август 2024" + nameOfBlock), 30): Scroll to object 'Object Repository/Выручка в рублях/Август 2024 Выручка' successfully

18-10-2024T04:56:26 - [MESSAGE][PASSED] - Scroll to object 'Object Repository/Выручка в рублях/Август 2024 Выручка' successfully

18-10-2024T04:56:26 - [TEST_STEP][PASSED] - click(findTestObject("Выручка в рублях/Август 2024" + nameOfBlock)): Object: 'Object Repository/Выручка в рублях/Август 2024 Выручка' is clicked on

18-10-2024T04:56:27 - [MESSAGE][PASSED] - Object: 'Object Repository/Выручка в рублях/Август 2024 Выручка' is clicked on

18-10-2024T04:56:27 - [TEST_STEP][PASSED] - scrollToElement(findTestObject("Выручка в рублях/Заголовок дашборда" + nameOfBlock), 30): Scroll to object 'Object Repository/Выручка в рублях/Заголовок дашборда Выручка' successfully

18-10-2024T04:56:27 - [MESSAGE][PASSED] - Scroll to object 'Object Repository/Выручка в рублях/Заголовок дашборда Выручка' successfully

18-10-2024T04:56:27 - [TEST_STEP][PASSED] - click(findTestObject("Выручка в рублях/Применить в фильтре Дата" + nameOfBlock)): Object: 'Object Repository/Выручка в рублях/Применить в фильтре Дата Выручка' is clicked on

18-10-2024T04:56:28 - [MESSAGE][PASSED] - Object: 'Object Repository/Выручка в рублях/Применить в фильтре Дата Выручка' is clicked on

18-10-2024T04:56:28 - [TEST_STEP][PASSED] - delay(50): Delayed 50 second(s)

18-10-2024T04:57:18 - [MESSAGE][PASSED] - Delayed 50 second(s)

18-10-2024T04:57:18 - [TEST_STEP][PASSED] - click(findTestObject("Выручка в рублях/Фильтр ДЗО" + nameOfBlock)): Object: 'Object Repository/Выручка в рублях/Фильтр ДЗО Выручка' is clicked on

18-10-2024T04:57:18 - [MESSAGE][PASSED] - Object: 'Object Repository/Выручка в рублях/Фильтр ДЗО Выручка' is clicked on

18-10-2024T04:57:18 - [TEST_STEP][PASSED] - click(findTestObject("Выручка в рублях/Снять выделение в фильтре ДЗО" + nameOfBlock)): Object: 'Object Repository/Выручка в рублях/Снять выделение в фильтре ДЗО Выручка' is clicked on

18-10-2024T04:57:19 - [MESSAGE][PASSED] - Object: 'Object Repository/Выручка в рублях/Снять выделение в фильтре ДЗО Выручка' is clicked on

18-10-2024T04:57:19 - [TEST_STEP][PASSED] - click(findTestObject("Выручка в рублях/Применить в фильтре ДЗО" + nameOfBlock)): Object: 'Object Repository/Выручка в рублях/Применить в фильтре ДЗО Выручка' is clicked on

18-10-2024T04:57:19 - [MESSAGE][PASSED] - Object: 'Object Repository/Выручка в рублях/Применить в фильтре ДЗО Выручка' is clicked on

18-10-2024T04:57:19 - [TEST_STEP][PASSED] - delay(50): Delayed 50 second(s)

18-10-2024T04:58:09 - [MESSAGE][PASSED] - Delayed 50 second(s)

18-10-2024T04:58:09 - [TEST_STEP][PASSED] - Script1710234207206.Tumbler(run, vir, block, nameOfBlock): null

18-10-2024T04:58:09 - [TEST_STEP][PASSED] - println("run:" + run): null

18-10-2024T04:58:09 - [TEST_STEP][PASSED] - println("vir:" + vir): null

18-10-2024T04:58:09 - [TEST_STEP][PASSED] - println("block:" + block): null

18-10-2024T04:58:09 - [TEST_STEP][PASSED] - println("nameOfBlock:" + nameOfBlock): null

18-10-2024T04:58:09 - [TEST_STEP][PASSED] - if (vir == 1): null

18-10-2024T04:58:09 - [TEST_STEP][PASSED] - if (run == 2): null

18-10-2024T04:58:09 - [TEST_STEP][PASSED] - click(findTestObject("Выручка в рублях/Фильтр ДЗО" + nameOfBlock)): Object: 'Object Repository/Выручка в рублях/Фильтр ДЗО Выручка' is clicked on

18-10-2024T04:58:09 - [MESSAGE][PASSED] - Object: 'Object Repository/Выручка в рублях/Фильтр ДЗО Выручка' is clicked on

18-10-2024T04:58:09 - [TEST_STEP][PASSED] - Script1710234207206.Rosseti(nameOfBlock): null

18-10-2024T04:58:09 - [TEST_STEP][PASSED] - println("nameOfBlock:" + nameOfBlock): null

18-10-2024T04:58:09 - [TEST_STEP][PASSED] - click(findTestObject("Выручка в рублях/ПАО Россети" + nameOfBlock)): Object: 'Object Repository/Выручка в рублях/ПАО Россети Выручка' is clicked on

18-10-2024T04:58:10 - [MESSAGE][PASSED] - Object: 'Object Repository/Выручка в рублях/ПАО Россети Выручка' is clicked on

18-10-2024T04:58:10 - [TEST_STEP][PASSED] - click(findTestObject("Выручка в рублях/Применить в фильтре ДЗО" + nameOfBlock)): Object: 'Object Repository/Выручка в рублях/Применить в фильтре ДЗО Выручка' is clicked on

18-10-2024T04:58:11 - [MESSAGE][PASSED] - Object: 'Object Repository/Выручка в рублях/Применить в фильтре ДЗО Выручка' is clicked on

18-10-2024T04:58:11 - [TEST_STEP][PASSED] - if (vir == 1 || vir == 2): Text of object 'Object Repository/Выручка в рублях/График План Выручка' is: '938 020'

18-10-2024T04:58:11 - [TEST_STEP][PASSED] - b1 = getText(findTestObject("Выручка в рублях/График План Выручка")): Text of object 'Object Repository/Выручка в рублях/График План Выручка' is: '938 020'

18-10-2024T04:58:14 - [MESSAGE][PASSED] - Text of object 'Object Repository/Выручка в рублях/График План Выручка' is: '938 020'

18-10-2024T04:58:14 - [TEST_STEP][PASSED] - if (vir == 1 || vir == 2): Text of object 'Object Repository/Выручка в рублях/График Факт Выручка' is: '964 061'

18-10-2024T04:58:14 - [TEST_STEP][PASSED] - b2 = getText(findTestObject("Выручка в рублях/График Факт Выручка")): Text of object 'Object Repository/Выручка в рублях/График Факт Выручка' is: '964 061'

18-10-2024T04:58:14 - [MESSAGE][PASSED] - Text of object 'Object Repository/Выручка в рублях/График Факт Выручка' is: '964 061'

18-10-2024T04:58:14 - [TEST_STEP][PASSED] - b30 = getText(findTestObject("Выручка в рублях/span1" + perc)): Text of object 'Object Repository/Выручка в рублях/span1' is: '26 040.4 млн.руб.'

18-10-2024T04:58:14 - [MESSAGE][PASSED] - Text of object 'Object Repository/Выручка в рублях/span1' is: '26 040.4 млн.руб.'

18-10-2024T04:58:14 - [TEST_STEP][PASSED] - i = b30.indexOf("млн.руб."): null

18-10-2024T04:58:14 - [TEST_STEP][PASSED] - if (i > -1): null

18-10-2024T04:58:14 - [TEST_STEP][PASSED] - b30 = b30.substring(0, i): null

18-10-2024T04:58:14 - [TEST_STEP][PASSED] - b30 = b30.replaceAll(" ", ""): null

18-10-2024T04:58:14 - [TEST_STEP][PASSED] - if (b30.contains("%")): null

18-10-2024T04:58:14 - [TEST_STEP][PASSED] - b30 = ").trim(): null

18-10-2024T04:58:14 - [TEST_STEP][PASSED] - println("b30: " + b30): null

18-10-2024T04:58:14 - [TEST_STEP][PASSED] - if (vir == 1 || vir == 2): Text of object 'Object Repository/Выручка в рублях/span2' is: '173'

18-10-2024T04:58:14 - [TEST_STEP][PASSED] - b31 = ").trim(): Text of object 'Object Repository/Выручка в рублях/span2' is: '173'

18-10-2024T04:58:15 - [MESSAGE][PASSED] - Text of object 'Object Repository/Выручка в рублях/span2' is: '173'

18-10-2024T04:58:15 - [TEST_STEP][PASSED] - if (vir == 1 || vir == 2): Text of object 'Object Repository/Выручка в рублях/span3' is: '44'

18-10-2024T04:58:15 - [TEST_STEP][PASSED] - b32 = ").trim(): Text of object 'Object Repository/Выручка в рублях/span3' is: '44'

18-10-2024T04:58:15 - [MESSAGE][PASSED] - Text of object 'Object Repository/Выручка в рублях/span3' is: '44'

18-10-2024T04:58:15 - [TEST_STEP][PASSED] - if (vir == 1 || vir == 2): Text of object 'Object Repository/Выручка в рублях/span8' is: '695'

18-10-2024T04:58:15 - [TEST_STEP][PASSED] - b33 = ").trim(): Text of object 'Object Repository/Выручка в рублях/span4' is: '122'

18-10-2024T04:58:15 - [MESSAGE][PASSED] - Text of object 'Object Repository/Выручка в рублях/span4' is: '122'

18-10-2024T04:58:15 - [TEST_STEP][PASSED] - b34 = ").trim(): Text of object 'Object Repository/Выручка в рублях/span5' is: '3 000'

18-10-2024T04:58:16 - [MESSAGE][PASSED] - Text of object 'Object Repository/Выручка в рублях/span5' is: '3 000'

18-10-2024T04:58:16 - [TEST_STEP][PASSED] - b35 = ").trim(): Text of object 'Object Repository/Выручка в рублях/span6' is: '3 666'

18-10-2024T04:58:16 - [MESSAGE][PASSED] - Text of object 'Object Repository/Выручка в рублях/span6' is: '3 666'

18-10-2024T04:58:16 - [TEST_STEP][PASSED] - b36 = ").trim(): Text of object 'Object Repository/Выручка в рублях/span7' is: '6 842'

18-10-2024T04:58:16 - [MESSAGE][PASSED] - Text of object 'Object Repository/Выручка в рублях/span7' is: '6 842'

18-10-2024T04:58:16 - [TEST_STEP][PASSED] - b37 = ").trim(): Text of object 'Object Repository/Выручка в рублях/span8' is: '695'

18-10-2024T04:58:16 - [MESSAGE][PASSED] - Text of object 'Object Repository/Выручка в рублях/span8' is: '695'

18-10-2024T04:58:16 - [TEST_STEP][PASSED] - if (vir == 1 || vir == 2): Text of object 'Object Repository/Выручка в рублях/span17' is: '1 131'

18-10-2024T04:58:16 - [TEST_STEP][PASSED] - b38 = ").trim(): Text of object 'Object Repository/Выручка в рублях/span9' is: '1 000'

18-10-2024T04:58:17 - [MESSAGE][PASSED] - Text of object 'Object Repository/Выручка в рублях/span9' is: '1 000'

18-10-2024T04:58:17 - [TEST_STEP][PASSED] - b39 = ").trim(): Text of object 'Object Repository/Выручка в рублях/span10' is: '1 910'

18-10-2024T04:58:17 - [MESSAGE][PASSED] - Text of object 'Object Repository/Выручка в рублях/span10' is: '1 910'

18-10-2024T04:58:17 - [TEST_STEP][PASSED] - b310 = ").trim(): Text of object 'Object Repository/Выручка в рублях/span11' is: '228'

18-10-2024T04:58:17 - [MESSAGE][PASSED] - Text of object 'Object Repository/Выручка в рублях/span11' is: '228'

18-10-2024T04:58:17 - [TEST_STEP][PASSED] - b311 = ").trim(): Text of object 'Object Repository/Выручка в рублях/span12' is: '-3 453'

18-10-2024T04:58:18 - [MESSAGE][PASSED] - Text of object 'Object Repository/Выручка в рублях/span12' is: '-3 453'

18-10-2024T04:58:18 - [TEST_STEP][PASSED] - b312 = ").trim(): Text of object 'Object Repository/Выручка в рублях/span13' is: '1 778'

18-10-2024T04:58:18 - [MESSAGE][PASSED] - Text of object 'Object Repository/Выручка в рублях/span13' is: '1 778'

18-10-2024T04:58:18 - [TEST_STEP][PASSED] - b313 = ").trim(): Text of object 'Object Repository/Выручка в рублях/span14' is: '1 353'

18-10-2024T04:58:18 - [MESSAGE][PASSED] - Text of object 'Object Repository/Выручка в рублях/span14' is: '1 353'

18-10-2024T04:58:18 - [TEST_STEP][PASSED] - b314 = ").trim(): Text of object 'Object Repository/Выручка в рублях/span15' is: '3 442'

18-10-2024T04:58:18 - [MESSAGE][PASSED] - Text of object 'Object Repository/Выручка в рублях/span15' is: '3 442'

18-10-2024T04:58:18 - [TEST_STEP][PASSED] - b315 = ").trim(): Text of object 'Object Repository/Выручка в рублях/span16' is: '3 872'

18-10-2024T04:58:19 - [MESSAGE][PASSED] - Text of object 'Object Repository/Выручка в рублях/span16' is: '3 872'

18-10-2024T04:58:19 - [TEST_STEP][PASSED] - b316 = ").trim(): Text of object 'Object Repository/Выручка в рублях/span17' is: '1 131'

18-10-2024T04:58:19 - [MESSAGE][PASSED] - Text of object 'Object Repository/Выручка в рублях/span17' is: '1 131'

18-10-2024T04:58:19 - [TEST_STEP][PASSED] - if (vir == 1 || vir == 2): Text of object 'Object Repository/Выручка в рублях/span18' is: '237'

18-10-2024T04:58:19 - [TEST_STEP][PASSED] - b317 = ").trim(): Text of object 'Object Repository/Выручка в рублях/span18' is: '237'

18-10-2024T04:58:19 - [MESSAGE][PASSED] - Text of object 'Object Repository/Выручка в рублях/span18' is: '237'

18-10-2024T04:58:19 - [TEST_STEP][PASSED] - dZO = "ПАО Россети": null

18-10-2024T04:58:19 - [TEST_STEP][PASSED] - if (verifyEqual(a1, b1) == false): Actual object '938 020' and expected object '938 020' are equal

18-10-2024T04:58:19 - [MESSAGE][PASSED] - Actual object '938 020' and expected object '938 020' are equal

18-10-2024T04:58:19 - [TEST_STEP][PASSED] - if (verifyEqual(a2, b2) == false): Actual object '964 061' and expected object '964 061' are equal

18-10-2024T04:58:19 - [MESSAGE][PASSED] - Actual object '964 061' and expected object '964 061' are equal

18-10-2024T04:58:19 - [TEST_STEP][PASSED] - vidget = "Отклонения": null

18-10-2024T04:58:19 - [TEST_STEP][PASSED] - if (verifyEqual(a30, b30) == false): Actual object '26040.4' and expected object '26040.4' are equal

18-10-2024T04:58:19 - [MESSAGE][PASSED] - Actual object '26040.4' and expected object '26040.4' are equal

18-10-2024T04:58:19 - [TEST_STEP][PASSED] - dZO = "АО «Тываэнерго»": null

18-10-2024T04:58:19 - [TEST_STEP][PASSED] - if (verifyEqual(a31, b31) == false): Actual object '173' and expected object '173' are equal

18-10-2024T04:58:19 - [MESSAGE][PASSED] - Actual object '173' and expected object '173' are equal

18-10-2024T04:58:19 - [TEST_STEP][PASSED] - dZO = "АО «Чеченэнерго»": null

18-10-2024T04:58:19 - [TEST_STEP][PASSED] - if (verifyEqual(a32, b32) == false): Actual object '44' and expected object '44' are equal

18-10-2024T04:58:19 - [MESSAGE][PASSED] - Actual object '44' and expected object '44' are equal

18-10-2024T04:58:19 - [TEST_STEP][PASSED] - dZO = "Россети Волга": null

18-10-2024T04:58:19 - [TEST_STEP][PASSED] - if (verifyEqual(a33, b33) == false): Actual object '122' and expected object '122' are equal

18-10-2024T04:58:19 - [MESSAGE][PASSED] - Actual object '122' and expected object '122' are equal

18-10-2024T04:58:19 - [TEST_STEP][PASSED] - dZO = "Россети Кубань": null

18-10-2024T04:58:19 - [TEST_STEP][PASSED] - if (verifyEqual(a34, b34) == false): Actual object '3 000' and expected object '3 000' are equal

18-10-2024T04:58:19 - [MESSAGE][PASSED] - Actual object '3 000' and expected object '3 000' are equal

18-10-2024T04:58:19 - [TEST_STEP][PASSED] - dZO = "Россети Ленэнерго (ГК)": null

18-10-2024T04:58:19 - [TEST_STEP][PASSED] - if (verifyEqual(a35, b35) == false): Actual object '3 666' and expected object '3 666' are equal

18-10-2024T04:58:19 - [MESSAGE][PASSED] - Actual object '3 666' and expected object '3 666' are equal

18-10-2024T04:58:19 - [TEST_STEP][PASSED] - dZO = "Россети Московский регион": null

18-10-2024T04:58:19 - [TEST_STEP][PASSED] - if (verifyEqual(a36, b36) == false): Actual object '6 842' and expected object '6 842' are equal

18-10-2024T04:58:19 - [MESSAGE][PASSED] - Actual object '6 842' and expected object '6 842' are equal

18-10-2024T04:58:19 - [TEST_STEP][PASSED] - dZO = "Россети Северный Кавказ (ГК)": null

18-10-2024T04:58:19 - [TEST_STEP][PASSED] - if (verifyEqual(a37, b37) == false): Actual object '695' and expected object '695' are equal

18-10-2024T04:58:19 - [MESSAGE][PASSED] - Actual object '695' and expected object '695' are equal

18-10-2024T04:58:19 - [TEST_STEP][PASSED] - dZO = "Россети Северо-Запад": null

18-10-2024T04:58:19 - [TEST_STEP][PASSED] - if (verifyEqual(a38, b38) == false): Actual object '1 000' and expected object '1 000' are equal

18-10-2024T04:58:19 - [MESSAGE][PASSED] - Actual object '1 000' and expected object '1 000' are equal

18-10-2024T04:58:19 - [TEST_STEP][PASSED] - dZO = "Россети Сибирь (ГК)": null

18-10-2024T04:58:19 - [TEST_STEP][PASSED] - if (verifyEqual(a39, b39) == false): Actual object '1 910' and expected object '1 910' are equal

18-10-2024T04:58:19 - [MESSAGE][PASSED] - Actual object '1 910' and expected object '1 910' are equal

18-10-2024T04:58:19 - [TEST_STEP][PASSED] - dZO = "Россети Томск": null

18-10-2024T04:58:19 - [TEST_STEP][PASSED] - if (verifyEqual(a310, b310) == false): Actual object '228' and expected object '228' are equal

18-10-2024T04:58:19 - [MESSAGE][PASSED] - Actual object '228' and expected object '228' are equal

18-10-2024T04:58:19 - [TEST_STEP][PASSED] - dZO = "Россети Тюмень": null

18-10-2024T04:58:19 - [TEST_STEP][PASSED] - if (verifyEqual(a311, b311) == false): Actual object '-3 453' and expected object '-3 453' are equal

18-10-2024T04:58:19 - [MESSAGE][PASSED] - Actual object '-3 453' and expected object '-3 453' are equal

18-10-2024T04:58:19 - [TEST_STEP][PASSED] - dZO = "Россети Урал (ГК)": null

18-10-2024T04:58:19 - [TEST_STEP][PASSED] - if (verifyEqual(a312, b312) == false): Actual object '1 778' and expected object '1 778' are equal

18-10-2024T04:58:19 - [MESSAGE][PASSED] - Actual object '1 778' and expected object '1 778' are equal

18-10-2024T04:58:19 - [TEST_STEP][PASSED] - dZO = "Россети ФСК ЕЭС": null

18-10-2024T04:58:19 - [TEST_STEP][PASSED] - if (verifyEqual(a313, b313) == false): Actual object '1 353' and expected object '1 353' are equal

18-10-2024T04:58:19 - [MESSAGE][PASSED] - Actual object '1 353' and expected object '1 353' are equal

18-10-2024T04:58:19 - [TEST_STEP][PASSED] - dZO = "Россети Центр": null

18-10-2024T04:58:19 - [TEST_STEP][PASSED] - if (verifyEqual(a314, b314) == false): Actual object '3 442' and expected object '3 442' are equal

18-10-2024T04:58:19 - [MESSAGE][PASSED] - Actual object '3 442' and expected object '3 442' are equal

18-10-2024T04:58:19 - [TEST_STEP][PASSED] - dZO = "Россети Центр и Приволжье (ГК)": null

18-10-2024T04:58:19 - [TEST_STEP][PASSED] - if (verifyEqual(a315, b315) == false): Actual object '3 872' and expected object '3 872' are equal

18-10-2024T04:58:19 - [MESSAGE][PASSED] - Actual object '3 872' and expected object '3 872' are equal

18-10-2024T04:58:19 - [TEST_STEP][PASSED] - dZO = "Россети Юг (ГК)": null

18-10-2024T04:58:19 - [TEST_STEP][PASSED] - if (verifyEqual(a316, b316) == false): Actual object '1 131' and expected object '1 131' are equal

18-10-2024T04:58:19 - [MESSAGE][PASSED] - Actual object '1 131' and expected object '1 131' are equal

18-10-2024T04:58:19 - [TEST_STEP][PASSED] - dZO = "Россети Янтарь": null

18-10-2024T04:58:19 - [TEST_STEP][PASSED] - if (verifyEqual(a317, b317) == false): Actual object '237' and expected object '237' are equal

18-10-2024T04:58:19 - [MESSAGE][PASSED] - Actual object '237' and expected object '237' are equal

18-10-2024T04:58:19 - [TEST_STEP][PASSED] - closeBrowser(): null

18-10-2024T04:58:20 - [MESSAGE][PASSED] - Browser is closed

18-10-2024T04:58:20 - [TEST_STEP][PASSED] - Script1710234207206.Blocks(run, vir, block, nameOfBlock, typeOfData, viruchka, vidget, todaysDate, a, b, dZO, x, y): null

18-10-2024T04:58:20 - [TEST_STEP][PASSED] - i = <not implemented yet for class: org.codehaus.groovy.ast.expr.EmptyExpression>: null

18-10-2024T04:58:20 - [TEST_STEP][PASSED] - perc = "": null

18-10-2024T04:58:20 - [TEST_STEP][PASSED] - a1 = <not implemented yet for class: org.codehaus.groovy.ast.expr.EmptyExpression>: null

18-10-2024T04:58:20 - [TEST_STEP][PASSED] - a2 = <not implemented yet for class: org.codehaus.groovy.ast.expr.EmptyExpression>: null

18-10-2024T04:58:20 - [TEST_STEP][PASSED] - a30 = <not implemented yet for class: org.codehaus.groovy.ast.expr.EmptyExpression>: null

18-10-2024T04:58:20 - [TEST_STEP][PASSED] - a31 = <not implemented yet for class: org.codehaus.groovy.ast.expr.EmptyExpression>: null

18-10-2024T04:58:20 - [TEST_STEP][PASSED] - a32 = <not implemented yet for class: org.codehaus.groovy.ast.expr.EmptyExpression>: null

18-10-2024T04:58:20 - [TEST_STEP][PASSED] - a33 = <not implemented yet for class: org.codehaus.groovy.ast.expr.EmptyExpression>: null

18-10-2024T04:58:20 - [TEST_STEP][PASSED] - a34 = <not implemented yet for class: org.codehaus.groovy.ast.expr.EmptyExpression>: null

18-10-2024T04:58:20 - [TEST_STEP][PASSED] - a35 = <not implemented yet for class: org.codehaus.groovy.ast.expr.EmptyExpression>: null

18-10-2024T04:58:20 - [TEST_STEP][PASSED] - a36 = <not implemented yet for class: org.codehaus.groovy.ast.expr.EmptyExpression>: null

18-10-2024T04:58:20 - [TEST_STEP][PASSED] - a37 = <not implemented yet for class: org.codehaus.groovy.ast.expr.EmptyExpression>: null

18-10-2024T04:58:20 - [TEST_STEP][PASSED] - a38 = <not implemented yet for class: org.codehaus.groovy.ast.expr.EmptyExpression>: null

18-10-2024T04:58:20 - [TEST_STEP][PASSED] - a39 = <not implemented yet for class: org.codehaus.groovy.ast.expr.EmptyExpression>: null

18-10-2024T04:58:20 - [TEST_STEP][PASSED] - a310 = <not implemented yet for class: org.codehaus.groovy.ast.expr.EmptyExpression>: null

18-10-2024T04:58:20 - [TEST_STEP][PASSED] - a311 = <not implemented yet for class: org.codehaus.groovy.ast.expr.EmptyExpression>: null

18-10-2024T04:58:20 - [TEST_STEP][PASSED] - a312 = <not implemented yet for class: org.codehaus.groovy.ast.expr.EmptyExpression>: null

18-10-2024T04:58:20 - [TEST_STEP][PASSED] - a313 = <not implemented yet for class: org.codehaus.groovy.ast.expr.EmptyExpression>: null

18-10-2024T04:58:20 - [TEST_STEP][PASSED] - a314 = <not implemented yet for class: org.codehaus.groovy.ast.expr.EmptyExpression>: null

18-10-2024T04:58:20 - [TEST_STEP][PASSED] - a315 = <not implemented yet for class: org.codehaus.groovy.ast.expr.EmptyExpression>: null

18-10-2024T04:58:20 - [TEST_STEP][PASSED] - a316 = <not implemented yet for class: org.codehaus.groovy.ast.expr.EmptyExpression>: null

18-10-2024T04:58:20 - [TEST_STEP][PASSED] - a317 = <not implemented yet for class: org.codehaus.groovy.ast.expr.EmptyExpression>: null

18-10-2024T04:58:20 - [TEST_STEP][PASSED] - b1 = <not implemented yet for class: org.codehaus.groovy.ast.expr.EmptyExpression>: null

18-10-2024T04:58:20 - [TEST_STEP][PASSED] - b2 = <not implemented yet for class: org.codehaus.groovy.ast.expr.EmptyExpression>: null

18-10-2024T04:58:20 - [TEST_STEP][PASSED] - b30 = <not implemented yet for class: org.codehaus.groovy.ast.expr.EmptyExpression>: null

18-10-2024T04:58:20 - [TEST_STEP][PASSED] - b31 = <not implemented yet for class: org.codehaus.groovy.ast.expr.EmptyExpression>: null

18-10-2024T04:58:20 - [TEST_STEP][PASSED] - b32 = <not implemented yet for class: org.codehaus.groovy.ast.expr.EmptyExpression>: null

18-10-2024T04:58:20 - [TEST_STEP][PASSED] - b33 = <not implemented yet for class: org.codehaus.groovy.ast.expr.EmptyExpression>: null

18-10-2024T04:58:20 - [TEST_STEP][PASSED] - b34 = <not implemented yet for class: org.codehaus.groovy.ast.expr.EmptyExpression>: null

18-10-2024T04:58:20 - [TEST_STEP][PASSED] - b35 = <not implemented yet for class: org.codehaus.groovy.ast.expr.EmptyExpression>: null

18-10-2024T04:58:20 - [TEST_STEP][PASSED] - b36 = <not implemented yet for class: org.codehaus.groovy.ast.expr.EmptyExpression>: null

18-10-2024T04:58:20 - [TEST_STEP][PASSED] - b37 = <not implemented yet for class: org.codehaus.groovy.ast.expr.EmptyExpression>: null

18-10-2024T04:58:20 - [TEST_STEP][PASSED] - b38 = <not implemented yet for class: org.codehaus.groovy.ast.expr.EmptyExpression>: null

18-10-2024T04:58:20 - [TEST_STEP][PASSED] - b39 = <not implemented yet for class: org.codehaus.groovy.ast.expr.EmptyExpression>: null

18-10-2024T04:58:20 - [TEST_STEP][PASSED] - b310 = <not implemented yet for class: org.codehaus.groovy.ast.expr.EmptyExpression>: null

18-10-2024T04:58:20 - [TEST_STEP][PASSED] - b311 = <not implemented yet for class: org.codehaus.groovy.ast.expr.EmptyExpression>: null

18-10-2024T04:58:20 - [TEST_STEP][PASSED] - b312 = <not implemented yet for class: org.codehaus.groovy.ast.expr.EmptyExpression>: null

18-10-2024T04:58:20 - [TEST_STEP][PASSED] - b313 = <not implemented yet for class: org.codehaus.groovy.ast.expr.EmptyExpression>: null

18-10-2024T04:58:20 - [TEST_STEP][PASSED] - b314 = <not implemented yet for class: org.codehaus.groovy.ast.expr.EmptyExpression>: null

18-10-2024T04:58:20 - [TEST_STEP][PASSED] - b315 = <not implemented yet for class: org.codehaus.groovy.ast.expr.EmptyExpression>: null

18-10-2024T04:58:20 - [TEST_STEP][PASSED] - b316 = <not implemented yet for class: org.codehaus.groovy.ast.expr.EmptyExpression>: null

18-10-2024T04:58:20 - [TEST_STEP][PASSED] - b317 = <not implemented yet for class: org.codehaus.groovy.ast.expr.EmptyExpression>: null

18-10-2024T04:58:20 - [TEST_STEP][PASSED] - block = 1: null

18-10-2024T04:58:20 - [TEST_STEP][PASSED] - nameOfBlock = "": null

18-10-2024T04:58:20 - [TEST_STEP][PASSED] - Script1710234207206.PreSettings(run, vir, block, nameOfBlock, typeOfData, todaysDate): null

18-10-2024T04:58:20 - [TEST_STEP][PASSED] - openBrowser(""): Browser is opened with url: ''

18-10-2024T04:58:20 - [MESSAGE][INFO] - Starting 'Chrome' driver

18-10-2024T04:58:20 - [MESSAGE][INFO] - Action delay is set to 0 milliseconds

18-10-2024T04:58:21 - [MESSAGE][PASSED] - Browser is opened with url: ''

18-10-2024T04:58:21 - [TEST_STEP][PASSED] - refresh(): Refresh successfully

18-10-2024T04:58:21 - [MESSAGE][PASSED] - Refresh successfully

18-10-2024T04:58:21 - [TEST_STEP][PASSED] - delay(50): Delayed 50 second(s)

18-10-2024T04:59:11 - [MESSAGE][PASSED] - Delayed 50 second(s)

18-10-2024T04:59:11 - [TEST_STEP][PASSED] - println("run:" + run): null

18-10-2024T04:59:11 - [TEST_STEP][PASSED] - println("vir:" + vir): null

18-10-2024T04:59:11 - [TEST_STEP][PASSED] - println("block:" + block): null

18-10-2024T04:59:11 - [TEST_STEP][PASSED] - if (block == 1): null

18-10-2024T04:59:11 - [TEST_STEP][PASSED] - nameOfBlock = "": null

18-10-2024T04:59:11 - [TEST_STEP][PASSED] - println("nameOfBlock:" + nameOfBlock): null

18-10-2024T04:59:11 - [TEST_STEP][PASSED] - println("typeOfData:" + typeOfData): null

18-10-2024T04:59:11 - [TEST_STEP][PASSED] - println("todaysDate:" + todaysDate): null

18-10-2024T04:59:11 - [TEST_STEP][PASSED] - Script1710234207206.Autorization(block, nameOfBlock): null

18-10-2024T04:59:11 - [TEST_STEP][PASSED] - i = <not implemented yet for class: org.codehaus.groovy.ast.expr.EmptyExpression>: null

18-10-2024T04:59:11 - [TEST_STEP][PASSED] - ii = <not implemented yet for class: org.codehaus.groovy.ast.expr.EmptyExpression>: null

18-10-2024T04:59:11 - [TEST_STEP][PASSED] - urlData = <not implemented yet for class: org.codehaus.groovy.ast.expr.EmptyExpression>: null

18-10-2024T04:59:11 - [TEST_STEP][PASSED] - searchWord = <not implemented yet for class: org.codehaus.groovy.ast.expr.EmptyExpression>: null

18-10-2024T04:59:11 - [TEST_STEP][PASSED] - urlText = <not implemented yet for class: org.codehaus.groovy.ast.expr.EmptyExpression>: null

18-10-2024T04:59:11 - [TEST_STEP][PASSED] - println("block:" + block): null

18-10-2024T04:59:11 - [TEST_STEP][PASSED] - if (block == 1): null

18-10-2024T04:59:11 - [TEST_STEP][PASSED] - nameOfBlock = "": null

18-10-2024T04:59:11 - [TEST_STEP][PASSED] - println("nameOfBlock:" + nameOfBlock): null

18-10-2024T04:59:11 - [TEST_STEP][PASSED] - if (block == 1): Delayed 45 second(s)

18-10-2024T04:59:11 - [TEST_STEP][PASSED] - urlData = 2: null

18-10-2024T04:59:11 - [TEST_STEP][PASSED] - delay(45): Delayed 45 second(s)

18-10-2024T04:59:56 - [MESSAGE][PASSED] - Delayed 45 second(s)

18-10-2024T04:59:56 - [TEST_STEP][PASSED] - navigateToUrl(findTestData("PlanFact").getValue(10, urlData)): Navigate to 'https://bi.rosseti.digital/viewer?dashboardGuid=2301950b23be4ed89c1df75f2020051e&sheetGuid=b723206f698544fb87299f3095c00435&fit=true' successfully

18-10-2024T05:00:01 - [MESSAGE][PASSED] - Navigate to 'https://bi.rosseti.digital/viewer?dashboardGuid=2301950b23be4ed89c1df75f2020051e&sheetGuid=b723206f698544fb87299f3095c00435&fit=true' successfully

18-10-2024T05:00:01 - [TEST_STEP][PASSED] - urlText = getText(findTestObject("Страница авторизации/Text")): Text of object 'Object Repository/Страница авторизации/Text' is: 'Вход'

18-10-2024T05:00:05 - [MESSAGE][PASSED] - Text of object 'Object Repository/Страница авторизации/Text' is: 'Вход'

18-10-2024T05:00:05 - [TEST_STEP][PASSED] - searchWord = "Вход": null

18-10-2024T05:00:05 - [TEST_STEP][PASSED] - if (urlText.contains("ошибка") || urlText.contains(searchWord) == false): null

18-10-2024T05:00:05 - [TEST_STEP][PASSED] - if (verifyElementPresent(findTestObject("Страница авторизации/button_"), 30) == true): null

18-10-2024T05:00:05 - [MESSAGE][PASSED] - Object 'Object Repository/Страница авторизации/button_' is present

18-10-2024T05:00:05 - [TEST_STEP][PASSED] - setText(findTestObject("Страница авторизации/input__username"), findTestData("PlanFact").getValue(8, 1)): Text 'shekhov-aa' is set on object 'Object Repository/Страница авторизации/input__username'

18-10-2024T05:00:06 - [MESSAGE][PASSED] - Text 'shekhov-aa' is set on object 'Object Repository/Страница авторизации/input__username'

18-10-2024T05:00:06 - [TEST_STEP][PASSED] - setText(findTestObject("Страница авторизации/input__password"), findTestData("PlanFact").getValue(9, 1)): Text 'i)RpQLLlXv9gUDC9' is set on object 'Object Repository/Страница авторизации/input__password'

18-10-2024T05:00:06 - [MESSAGE][PASSED] - Text 'i)RpQLLlXv9gUDC9' is set on object 'Object Repository/Страница авторизации/input__password'

18-10-2024T05:00:06 - [TEST_STEP][PASSED] - click(findTestObject("Страница авторизации/button_")): Object: 'Object Repository/Страница авторизации/button_' is clicked on

18-10-2024T05:00:09 - [MESSAGE][PASSED] - Object: 'Object Repository/Страница авторизации/button_' is clicked on

18-10-2024T05:00:09 - [TEST_STEP][PASSED] - delay(45): Delayed 45 second(s)

18-10-2024T05:00:54 - [MESSAGE][PASSED] - Delayed 45 second(s)

18-10-2024T05:00:54 - [TEST_STEP][PASSED] - urlText = getText(findTestObject("Страница авторизации/Text")): Text of object 'Object Repository/Страница авторизации/Text' is: 'Период
1, 2 кв., Июль, Август 2024 года
Выручка
Все
Выполнение плановых показателей по ПАО Россети за 1, 2 кв., Июль, Август 2024 года
План
Факт
Динамика
2024 год
0 млн.руб.
100 000 млн.руб.
200 000 млн.руб.
300 000 млн.руб.
400 000 млн.руб.
500 000 млн.руб.
600 000 млн.руб.
700 000 млн.руб.
800 000 млн.руб.
900 000 млн.руб.
1 000 000 млн.руб.
1 100 000 млн.руб.
1 200 000 млн.руб.
938 020
964 061
↑
ДЗО 
Все
Внутренний оборот - выручка за услуги по передаче электрической энергии, учтенная в выручке за электроэнергию для конечных потребителей, при выполнении ДЗО функций гарантирующего поставщика
Подписи данных
⬤Отклонение
АО «Тываэнерго»
АО «Чеченэнерго»
Россети Волга
Россети Кубань
Россети Ленэнерго (ГК)
Россети Московский регион
Россети Северный Кавказ (ГК)
Россети Северо-Запад
Россети Сибирь (ГК)
Россети Томск
Россети Тюмень
Россети Урал (ГК)
Россети ФСК ЕЭС
Россети Центр
Россети Центр и Приволжье (ГК)
Россети Юг (ГК)
Россети Янтарь
-4 000 млн.руб.
-3 000 млн.руб.
-2 000 млн.руб.
-1 000 млн.руб.
0 млн.руб.
1 000 млн.руб.
2 000 млн.руб.
3 000 млн.руб.
4 000 млн.руб.
5 000 млн.руб.
6 000 млн.руб.
7 000 млн.руб.
8 000 млн.руб.
173
44
122
3 000
3 666
6 842
695
1 000
1 910
228
-3 453
1 778
1 353
3 442
3 872
1 131
237
млн.
%
Выручка
Отклонение выручки по ПАО Россети за 1, 2 кв., Июль, Август 2024 года (факт/план, млн. руб)
ПАО Россети
26 040.4 млн.руб.
 '

18-10-2024T05:00:55 - [MESSAGE][PASSED] - Text of object 'Object Repository/Страница авторизации/Text' is: 'Период
1, 2 кв., Июль, Август 2024 года
Выручка
Все
Выполнение плановых показателей по ПАО Россети за 1, 2 кв., Июль, Август 2024 года
План
Факт
Динамика
2024 год
0 млн.руб.
100 000 млн.руб.
200 000 млн.руб.
300 000 млн.руб.
400 000 млн.руб.
500 000 млн.руб.
600 000 млн.руб.
700 000 млн.руб.
800 000 млн.руб.
900 000 млн.руб.
1 000 000 млн.руб.
1 100 000 млн.руб.
1 200 000 млн.руб.
938 020
964 061
↑
ДЗО 
Все
Внутренний оборот - выручка за услуги по передаче электрической энергии, учтенная в выручке за электроэнергию для конечных потребителей, при выполнении ДЗО функций гарантирующего поставщика
Подписи данных
⬤Отклонение
АО «Тываэнерго»
АО «Чеченэнерго»
Россети Волга
Россети Кубань
Россети Ленэнерго (ГК)
Россети Московский регион
Россети Северный Кавказ (ГК)
Россети Северо-Запад
Россети Сибирь (ГК)
Россети Томск
Россети Тюмень
Россети Урал (ГК)
Россети ФСК ЕЭС
Россети Центр
Россети Центр и Приволжье (ГК)
Россети Юг (ГК)
Россети Янтарь
-4 000 млн.руб.
-3 000 млн.руб.
-2 000 млн.руб.
-1 000 млн.руб.
0 млн.руб.
1 000 млн.руб.
2 000 млн.руб.
3 000 млн.руб.
4 000 млн.руб.
5 000 млн.руб.
6 000 млн.руб.
7 000 млн.руб.
8 000 млн.руб.
173
44
122
3 000
3 666
6 842
695
1 000
1 910
228
-3 453
1 778
1 353
3 442
3 872
1 131
237
млн.
%
Выручка
Отклонение выручки по ПАО Россети за 1, 2 кв., Июль, Август 2024 года (факт/план, млн. руб)
ПАО Россети
26 040.4 млн.руб.
 '

18-10-2024T05:00:55 - [TEST_STEP][PASSED] - searchWord = "а": null

18-10-2024T05:00:55 - [TEST_STEP][PASSED] - if (urlText.contains("ошибка") || urlText.contains(searchWord) == false): null

18-10-2024T05:00:55 - [TEST_STEP][PASSED] - delay(45): Delayed 45 second(s)

18-10-2024T05:01:40 - [MESSAGE][PASSED] - Delayed 45 second(s)

18-10-2024T05:01:40 - [TEST_STEP][PASSED] - if (block == 2): null

18-10-2024T05:01:40 - [TEST_STEP][PASSED] - click(findTestObject("Выручка в рублях/Фильтр Период" + nameOfBlock)): Object: 'Object Repository/Выручка в рублях/Фильтр Период' is clicked on

18-10-2024T05:01:40 - [MESSAGE][PASSED] - Object: 'Object Repository/Выручка в рублях/Фильтр Период' is clicked on

18-10-2024T05:01:40 - [TEST_STEP][PASSED] - click(findTestObject("Выручка в рублях/Снять выделение в фильтре Дата" + nameOfBlock)): Object: 'Object Repository/Выручка в рублях/Снять выделение в фильтре Дата' is clicked on

18-10-2024T05:01:41 - [MESSAGE][PASSED] - Object: 'Object Repository/Выручка в рублях/Снять выделение в фильтре Дата' is clicked on

18-10-2024T05:01:41 - [TEST_STEP][PASSED] - click(findTestObject("Выручка в рублях/Применить в фильтре Дата" + nameOfBlock)): Object: 'Object Repository/Выручка в рублях/Применить в фильтре Дата' is clicked on

18-10-2024T05:01:41 - [MESSAGE][PASSED] - Object: 'Object Repository/Выручка в рублях/Применить в фильтре Дата' is clicked on

18-10-2024T05:01:41 - [TEST_STEP][PASSED] - delay(50): Delayed 50 second(s)

18-10-2024T05:02:31 - [MESSAGE][PASSED] - Delayed 50 second(s)

18-10-2024T05:02:31 - [TEST_STEP][PASSED] - click(findTestObject("Выручка в рублях/Фильтр Период" + nameOfBlock)): Object: 'Object Repository/Выручка в рублях/Фильтр Период' is clicked on

18-10-2024T05:02:32 - [MESSAGE][PASSED] - Object: 'Object Repository/Выручка в рублях/Фильтр Период' is clicked on

18-10-2024T05:02:32 - [TEST_STEP][PASSED] - click(findTestObject("Выручка в рублях/Снять выделение в фильтре Дата" + nameOfBlock)): Object: 'Object Repository/Выручка в рублях/Снять выделение в фильтре Дата' is clicked on

18-10-2024T05:02:32 - [MESSAGE][PASSED] - Object: 'Object Repository/Выручка в рублях/Снять выделение в фильтре Дата' is clicked on

18-10-2024T05:02:32 - [TEST_STEP][PASSED] - scrollToElement(findTestObject("Выручка в рублях/2024 список" + nameOfBlock), 30): Scroll to object 'Object Repository/Выручка в рублях/2024 список' successfully

18-10-2024T05:02:33 - [MESSAGE][PASSED] - Scroll to object 'Object Repository/Выручка в рублях/2024 список' successfully

18-10-2024T05:02:33 - [TEST_STEP][PASSED] - click(findTestObject("Выручка в рублях/2024 список" + nameOfBlock)): Object: 'Object Repository/Выручка в рублях/2024 список' is clicked on

18-10-2024T05:02:33 - [MESSAGE][PASSED] - Object: 'Object Repository/Выручка в рублях/2024 список' is clicked on

18-10-2024T05:02:33 - [TEST_STEP][PASSED] - scrollToElement(findTestObject("Выручка в рублях/1 квартал 2024 выбрать" + nameOfBlock), 30): Scroll to object 'Object Repository/Выручка в рублях/1 квартал 2024 выбрать' successfully

18-10-2024T05:02:33 - [MESSAGE][PASSED] - Scroll to object 'Object Repository/Выручка в рублях/1 квартал 2024 выбрать' successfully

18-10-2024T05:02:33 - [TEST_STEP][PASSED] - click(findTestObject("Выручка в рублях/1 квартал 2024 выбрать" + nameOfBlock)): Object: 'Object Repository/Выручка в рублях/1 квартал 2024 выбрать' is clicked on

18-10-2024T05:02:34 - [MESSAGE][PASSED] - Object: 'Object Repository/Выручка в рублях/1 квартал 2024 выбрать' is clicked on

18-10-2024T05:02:34 - [TEST_STEP][PASSED] - scrollToElement(findTestObject("Выручка в рублях/2 квартал 2024 выбрать" + nameOfBlock), 30): Scroll to object 'Object Repository/Выручка в рублях/2 квартал 2024 выбрать' successfully

18-10-2024T05:02:34 - [MESSAGE][PASSED] - Scroll to object 'Object Repository/Выручка в рублях/2 квартал 2024 выбрать' successfully

18-10-2024T05:02:34 - [TEST_STEP][PASSED] - click(findTestObject("Выручка в рублях/2 квартал 2024 выбрать" + nameOfBlock)): Object: 'Object Repository/Выручка в рублях/2 квартал 2024 выбрать' is clicked on

18-10-2024T05:02:35 - [MESSAGE][PASSED] - Object: 'Object Repository/Выручка в рублях/2 квартал 2024 выбрать' is clicked on

18-10-2024T05:02:35 - [TEST_STEP][PASSED] - scrollToElement(findTestObject("Выручка в рублях/3 квартал 2024 список" + nameOfBlock), 30): Scroll to object 'Object Repository/Выручка в рублях/3 квартал 2024 список' successfully

18-10-2024T05:02:35 - [MESSAGE][PASSED] - Scroll to object 'Object Repository/Выручка в рублях/3 квартал 2024 список' successfully

18-10-2024T05:02:35 - [TEST_STEP][PASSED] - click(findTestObject("Выручка в рублях/3 квартал 2024 список" + nameOfBlock)): Object: 'Object Repository/Выручка в рублях/3 квартал 2024 список' is clicked on

18-10-2024T05:02:35 - [MESSAGE][PASSED] - Object: 'Object Repository/Выручка в рублях/3 квартал 2024 список' is clicked on

18-10-2024T05:02:35 - [TEST_STEP][PASSED] - click(findTestObject("Выручка в рублях/Июль 2024" + nameOfBlock)): Object: 'Object Repository/Выручка в рублях/Июль 2024' is clicked on

18-10-2024T05:02:36 - [MESSAGE][PASSED] - Object: 'Object Repository/Выручка в рублях/Июль 2024' is clicked on

18-10-2024T05:02:36 - [TEST_STEP][PASSED] - scrollToElement(findTestObject("Выручка в рублях/Август 2024" + nameOfBlock), 30): Scroll to object 'Object Repository/Выручка в рублях/Август 2024' successfully

18-10-2024T05:02:36 - [MESSAGE][PASSED] - Scroll to object 'Object Repository/Выручка в рублях/Август 2024' successfully

18-10-2024T05:02:36 - [TEST_STEP][PASSED] - click(findTestObject("Выручка в рублях/Август 2024" + nameOfBlock)): Object: 'Object Repository/Выручка в рублях/Август 2024' is clicked on

18-10-2024T05:02:37 - [MESSAGE][PASSED] - Object: 'Object Repository/Выручка в рублях/Август 2024' is clicked on

18-10-2024T05:02:37 - [TEST_STEP][PASSED] - scrollToElement(findTestObject("Выручка в рублях/Заголовок дашборда" + nameOfBlock), 30): Scroll to object 'Object Repository/Выручка в рублях/Заголовок дашборда' successfully

18-10-2024T05:02:37 - [MESSAGE][PASSED] - Scroll to object 'Object Repository/Выручка в рублях/Заголовок дашборда' successfully

18-10-2024T05:02:37 - [TEST_STEP][PASSED] - click(findTestObject("Выручка в рублях/Применить в фильтре Дата" + nameOfBlock)): Object: 'Object Repository/Выручка в рублях/Применить в фильтре Дата' is clicked on

18-10-2024T05:02:38 - [MESSAGE][PASSED] - Object: 'Object Repository/Выручка в рублях/Применить в фильтре Дата' is clicked on

18-10-2024T05:02:38 - [TEST_STEP][PASSED] - delay(50): Delayed 50 second(s)

18-10-2024T05:03:28 - [MESSAGE][PASSED] - Delayed 50 second(s)

18-10-2024T05:03:28 - [TEST_STEP][PASSED] - click(findTestObject("Выручка в рублях/Фильтр ДЗО" + nameOfBlock)): Object: 'Object Repository/Выручка в рублях/Фильтр ДЗО' is clicked on

18-10-2024T05:03:28 - [MESSAGE][PASSED] - Object: 'Object Repository/Выручка в рублях/Фильтр ДЗО' is clicked on

18-10-2024T05:03:28 - [TEST_STEP][PASSED] - click(findTestObject("Выручка в рублях/Снять выделение в фильтре ДЗО" + nameOfBlock)): Object: 'Object Repository/Выручка в рублях/Снять выделение в фильтре ДЗО' is clicked on

18-10-2024T05:03:28 - [MESSAGE][PASSED] - Object: 'Object Repository/Выручка в рублях/Снять выделение в фильтре ДЗО' is clicked on

18-10-2024T05:03:28 - [TEST_STEP][PASSED] - click(findTestObject("Выручка в рублях/Применить в фильтре ДЗО" + nameOfBlock)): Object: 'Object Repository/Выручка в рублях/Применить в фильтре ДЗО' is clicked on

18-10-2024T05:03:29 - [MESSAGE][PASSED] - Object: 'Object Repository/Выручка в рублях/Применить в фильтре ДЗО' is clicked on

18-10-2024T05:03:29 - [TEST_STEP][PASSED] - delay(50): Delayed 50 second(s)

18-10-2024T05:04:19 - [MESSAGE][PASSED] - Delayed 50 second(s)

18-10-2024T05:04:19 - [TEST_STEP][PASSED] - Script1710234207206.Tumbler(run, vir, block, nameOfBlock): null

18-10-2024T05:04:19 - [TEST_STEP][PASSED] - println("run:" + run): null

18-10-2024T05:04:19 - [TEST_STEP][PASSED] - println("vir:" + vir): null

18-10-2024T05:04:19 - [TEST_STEP][PASSED] - println("block:" + block): null

18-10-2024T05:04:19 - [TEST_STEP][PASSED] - println("nameOfBlock:" + nameOfBlock): null

18-10-2024T05:04:19 - [TEST_STEP][PASSED] - if (vir == 1): null

18-10-2024T05:04:19 - [TEST_STEP][PASSED] - else if (vir == 2): Object: 'Object Repository/Выручка в рублях/Применить в фильтре Выручка' is clicked on

18-10-2024T05:04:19 - [TEST_STEP][PASSED] - if (run == 2): null

18-10-2024T05:04:19 - [TEST_STEP][PASSED] - click(findTestObject("Выручка в рублях/Фильтр Выручка" + nameOfBlock)): Object: 'Object Repository/Выручка в рублях/Фильтр Выручка' is clicked on

18-10-2024T05:04:19 - [MESSAGE][PASSED] - Object: 'Object Repository/Выручка в рублях/Фильтр Выручка' is clicked on

18-10-2024T05:04:19 - [TEST_STEP][PASSED] - click(findTestObject("Выручка в рублях/Итого в фильтре Выручка" + nameOfBlock)): Object: 'Object Repository/Выручка в рублях/Итого в фильтре Выручка' is clicked on

18-10-2024T05:04:20 - [MESSAGE][PASSED] - Object: 'Object Repository/Выручка в рублях/Итого в фильтре Выручка' is clicked on

18-10-2024T05:04:20 - [TEST_STEP][PASSED] - click(findTestObject("Выручка в рублях/Применить в фильтре Выручка" + nameOfBlock)): Object: 'Object Repository/Выручка в рублях/Применить в фильтре Выручка' is clicked on

18-10-2024T05:04:21 - [MESSAGE][PASSED] - Object: 'Object Repository/Выручка в рублях/Применить в фильтре Выручка' is clicked on

18-10-2024T05:04:21 - [TEST_STEP][PASSED] - click(findTestObject("Выручка в рублях/Фильтр ДЗО" + nameOfBlock)): Object: 'Object Repository/Выручка в рублях/Фильтр ДЗО' is clicked on

18-10-2024T05:04:23 - [MESSAGE][PASSED] - Object: 'Object Repository/Выручка в рублях/Фильтр ДЗО' is clicked on

18-10-2024T05:04:23 - [TEST_STEP][PASSED] - Script1710234207206.Rosseti(nameOfBlock): null

18-10-2024T05:04:23 - [TEST_STEP][PASSED] - println("nameOfBlock:" + nameOfBlock): null

18-10-2024T05:04:23 - [TEST_STEP][PASSED] - click(findTestObject("Выручка в рублях/ПАО Россети" + nameOfBlock)): Object: 'Object Repository/Выручка в рублях/ПАО Россети' is clicked on

18-10-2024T05:04:24 - [MESSAGE][PASSED] - Object: 'Object Repository/Выручка в рублях/ПАО Россети' is clicked on

18-10-2024T05:04:24 - [TEST_STEP][PASSED] - click(findTestObject("Выручка в рублях/Применить в фильтре ДЗО" + nameOfBlock)): Object: 'Object Repository/Выручка в рублях/Применить в фильтре ДЗО' is clicked on

18-10-2024T05:04:24 - [MESSAGE][PASSED] - Object: 'Object Repository/Выручка в рублях/Применить в фильтре ДЗО' is clicked on

18-10-2024T05:04:24 - [TEST_STEP][PASSED] - if (run == 2): null

18-10-2024T05:04:24 - [TEST_STEP][PASSED] - if (vir == 1 || vir == 2): Text of object 'Object Repository/Выручка в рублях/График План' is: '922 071'

18-10-2024T05:04:24 - [TEST_STEP][PASSED] - a1 = getText(findTestObject("Выручка в рублях/График План")): Text of object 'Object Repository/Выручка в рублях/График План' is: '922 071'

18-10-2024T05:04:27 - [MESSAGE][PASSED] - Text of object 'Object Repository/Выручка в рублях/График План' is: '922 071'

18-10-2024T05:04:27 - [TEST_STEP][PASSED] - if (vir == 1 || vir == 2): Text of object 'Object Repository/Выручка в рублях/График Факт' is: '947 588'

18-10-2024T05:04:27 - [TEST_STEP][PASSED] - a2 = getText(findTestObject("Выручка в рублях/График Факт")): Text of object 'Object Repository/Выручка в рублях/График Факт' is: '947 588'

18-10-2024T05:04:27 - [MESSAGE][PASSED] - Text of object 'Object Repository/Выручка в рублях/График Факт' is: '947 588'

18-10-2024T05:04:27 - [TEST_STEP][PASSED] - a30 = getText(findTestObject("Выручка в рублях/span1" + perc)): Text of object 'Object Repository/Выручка в рублях/span1' is: '25 516.4 млн.руб.'

18-10-2024T05:04:27 - [MESSAGE][PASSED] - Text of object 'Object Repository/Выручка в рублях/span1' is: '25 516.4 млн.руб.'

18-10-2024T05:04:27 - [TEST_STEP][PASSED] - i = a30.indexOf("млн.руб."): null

18-10-2024T05:04:27 - [TEST_STEP][PASSED] - if (i > -1): null

18-10-2024T05:04:27 - [TEST_STEP][PASSED] - a30 = a30.substring(0, i): null

18-10-2024T05:04:27 - [TEST_STEP][PASSED] - a30 = a30.replaceAll(" ", ""): null

18-10-2024T05:04:27 - [TEST_STEP][PASSED] - if (a30.contains("%")): null

18-10-2024T05:04:27 - [TEST_STEP][PASSED] - a30 = ").trim(): null

18-10-2024T05:04:27 - [TEST_STEP][PASSED] - println("a30: " + a30): null

18-10-2024T05:04:27 - [TEST_STEP][PASSED] - if (vir == 1 || vir == 2): Text of object 'Object Repository/Выручка в рублях/span2' is: '194'

18-10-2024T05:04:27 - [TEST_STEP][PASSED] - a31 = ").trim(): Text of object 'Object Repository/Выручка в рублях/span2' is: '194'

18-10-2024T05:04:27 - [MESSAGE][PASSED] - Text of object 'Object Repository/Выручка в рублях/span2' is: '194'

18-10-2024T05:04:27 - [TEST_STEP][PASSED] - if (vir == 1 || vir == 2): Text of object 'Object Repository/Выручка в рублях/span3' is: '-10'

18-10-2024T05:04:27 - [TEST_STEP][PASSED] - a32 = ").trim(): Text of object 'Object Repository/Выручка в рублях/span3' is: '-10'

18-10-2024T05:04:28 - [MESSAGE][PASSED] - Text of object 'Object Repository/Выручка в рублях/span3' is: '-10'

18-10-2024T05:04:28 - [TEST_STEP][PASSED] - if (vir == 1 || vir == 2): Text of object 'Object Repository/Выручка в рублях/span8' is: '236'

18-10-2024T05:04:28 - [TEST_STEP][PASSED] - a33 = ").trim(): Text of object 'Object Repository/Выручка в рублях/span4' is: '122'

18-10-2024T05:04:28 - [MESSAGE][PASSED] - Text of object 'Object Repository/Выручка в рублях/span4' is: '122'

18-10-2024T05:04:28 - [TEST_STEP][PASSED] - a34 = ").trim(): Text of object 'Object Repository/Выручка в рублях/span5' is: '3 000'

18-10-2024T05:04:28 - [MESSAGE][PASSED] - Text of object 'Object Repository/Выручка в рублях/span5' is: '3 000'

18-10-2024T05:04:28 - [TEST_STEP][PASSED] - a35 = ").trim(): Text of object 'Object Repository/Выручка в рублях/span6' is: '3 666'

18-10-2024T05:04:29 - [MESSAGE][PASSED] - Text of object 'Object Repository/Выручка в рублях/span6' is: '3 666'

18-10-2024T05:04:29 - [TEST_STEP][PASSED] - a36 = ").trim(): Text of object 'Object Repository/Выручка в рублях/span7' is: '6 842'

18-10-2024T05:04:29 - [MESSAGE][PASSED] - Text of object 'Object Repository/Выручка в рублях/span7' is: '6 842'

18-10-2024T05:04:29 - [TEST_STEP][PASSED] - a37 = ").trim(): Text of object 'Object Repository/Выручка в рублях/span8' is: '236'

18-10-2024T05:04:29 - [MESSAGE][PASSED] - Text of object 'Object Repository/Выручка в рублях/span8' is: '236'

18-10-2024T05:04:29 - [TEST_STEP][PASSED] - if (vir == 1 || vir == 2): Text of object 'Object Repository/Выручка в рублях/span17' is: '1 099'

18-10-2024T05:04:29 - [TEST_STEP][PASSED] - a38 = ").trim(): Text of object 'Object Repository/Выручка в рублях/span9' is: '1 000'

18-10-2024T05:04:30 - [MESSAGE][PASSED] - Text of object 'Object Repository/Выручка в рублях/span9' is: '1 000'

18-10-2024T05:04:30 - [TEST_STEP][PASSED] - a39 = ").trim(): Text of object 'Object Repository/Выручка в рублях/span10' is: '1 910'

18-10-2024T05:04:30 - [MESSAGE][PASSED] - Text of object 'Object Repository/Выручка в рублях/span10' is: '1 910'

18-10-2024T05:04:30 - [TEST_STEP][PASSED] - a310 = ").trim(): Text of object 'Object Repository/Выручка в рублях/span11' is: '228'

18-10-2024T05:04:30 - [MESSAGE][PASSED] - Text of object 'Object Repository/Выручка в рублях/span11' is: '228'

18-10-2024T05:04:30 - [TEST_STEP][PASSED] - a311 = ").trim(): Text of object 'Object Repository/Выручка в рублях/span12' is: '-3 453'

18-10-2024T05:04:30 - [MESSAGE][PASSED] - Text of object 'Object Repository/Выручка в рублях/span12' is: '-3 453'

18-10-2024T05:04:30 - [TEST_STEP][PASSED] - a312 = ").trim(): Text of object 'Object Repository/Выручка в рублях/span13' is: '1 778'

18-10-2024T05:04:31 - [MESSAGE][PASSED] - Text of object 'Object Repository/Выручка в рублях/span13' is: '1 778'

18-10-2024T05:04:31 - [TEST_STEP][PASSED] - a313 = ").trim(): Text of object 'Object Repository/Выручка в рублях/span14' is: '1 353'

18-10-2024T05:04:31 - [MESSAGE][PASSED] - Text of object 'Object Repository/Выручка в рублях/span14' is: '1 353'

18-10-2024T05:04:31 - [TEST_STEP][PASSED] - a314 = ").trim(): Text of object 'Object Repository/Выручка в рублях/span15' is: '3 442'

18-10-2024T05:04:31 - [MESSAGE][PASSED] - Text of object 'Object Repository/Выручка в рублях/span15' is: '3 442'

18-10-2024T05:04:31 - [TEST_STEP][PASSED] - a315 = ").trim(): Text of object 'Object Repository/Выручка в рублях/span16' is: '3 872'

18-10-2024T05:04:32 - [MESSAGE][PASSED] - Text of object 'Object Repository/Выручка в рублях/span16' is: '3 872'

18-10-2024T05:04:32 - [TEST_STEP][PASSED] - a316 = ").trim(): Text of object 'Object Repository/Выручка в рублях/span17' is: '1 099'

18-10-2024T05:04:32 - [MESSAGE][PASSED] - Text of object 'Object Repository/Выручка в рублях/span17' is: '1 099'

18-10-2024T05:04:32 - [TEST_STEP][PASSED] - if (vir == 1 || vir == 2): Text of object 'Object Repository/Выручка в рублях/span18' is: '237'

18-10-2024T05:04:32 - [TEST_STEP][PASSED] - a317 = ").trim(): Text of object 'Object Repository/Выручка в рублях/span18' is: '237'

18-10-2024T05:04:32 - [MESSAGE][PASSED] - Text of object 'Object Repository/Выручка в рублях/span18' is: '237'

18-10-2024T05:04:32 - [TEST_STEP][PASSED] - block = 2: null

18-10-2024T05:04:32 - [TEST_STEP][PASSED] - nameOfBlock = " Выручка": null

18-10-2024T05:04:32 - [TEST_STEP][PASSED] - Script1710234207206.PreSettings(run, vir, block, nameOfBlock, typeOfData, todaysDate): null

18-10-2024T05:04:32 - [TEST_STEP][PASSED] - openBrowser(""): Browser is opened with url: ''

18-10-2024T05:04:32 - [MESSAGE][WARNING] - A browser is already opened. Closing browser and opening a new one

18-10-2024T05:04:33 - [MESSAGE][INFO] - Starting 'Chrome' driver

18-10-2024T05:04:33 - [MESSAGE][INFO] - Action delay is set to 0 milliseconds

18-10-2024T05:04:33 - [MESSAGE][PASSED] - Browser is opened with url: ''

18-10-2024T05:04:33 - [TEST_STEP][PASSED] - refresh(): Refresh successfully

18-10-2024T05:04:33 - [MESSAGE][PASSED] - Refresh successfully

18-10-2024T05:04:33 - [TEST_STEP][PASSED] - delay(50): Delayed 50 second(s)

18-10-2024T05:05:23 - [MESSAGE][PASSED] - Delayed 50 second(s)

18-10-2024T05:05:23 - [TEST_STEP][PASSED] - println("run:" + run): null

18-10-2024T05:05:23 - [TEST_STEP][PASSED] - println("vir:" + vir): null

18-10-2024T05:05:23 - [TEST_STEP][PASSED] - println("block:" + block): null

18-10-2024T05:05:23 - [TEST_STEP][PASSED] - if (block == 1): null

18-10-2024T05:05:23 - [TEST_STEP][PASSED] - else: null

18-10-2024T05:05:23 - [TEST_STEP][PASSED] - nameOfBlock = " Выручка": null

18-10-2024T05:05:23 - [TEST_STEP][PASSED] - println("nameOfBlock:" + nameOfBlock): null

18-10-2024T05:05:23 - [TEST_STEP][PASSED] - println("typeOfData:" + typeOfData): null

18-10-2024T05:05:23 - [TEST_STEP][PASSED] - println("todaysDate:" + todaysDate): null

18-10-2024T05:05:23 - [TEST_STEP][PASSED] - Script1710234207206.Autorization(block, nameOfBlock): null

18-10-2024T05:05:23 - [TEST_STEP][PASSED] - i = <not implemented yet for class: org.codehaus.groovy.ast.expr.EmptyExpression>: null

18-10-2024T05:05:23 - [TEST_STEP][PASSED] - ii = <not implemented yet for class: org.codehaus.groovy.ast.expr.EmptyExpression>: null

18-10-2024T05:05:23 - [TEST_STEP][PASSED] - urlData = <not implemented yet for class: org.codehaus.groovy.ast.expr.EmptyExpression>: null

18-10-2024T05:05:23 - [TEST_STEP][PASSED] - searchWord = <not implemented yet for class: org.codehaus.groovy.ast.expr.EmptyExpression>: null

18-10-2024T05:05:23 - [TEST_STEP][PASSED] - urlText = <not implemented yet for class: org.codehaus.groovy.ast.expr.EmptyExpression>: null

18-10-2024T05:05:23 - [TEST_STEP][PASSED] - println("block:" + block): null

18-10-2024T05:05:23 - [TEST_STEP][PASSED] - if (block == 1): null

18-10-2024T05:05:23 - [TEST_STEP][PASSED] - else: null

18-10-2024T05:05:23 - [TEST_STEP][PASSED] - delay(45): Delayed 45 second(s)

18-10-2024T05:06:08 - [MESSAGE][PASSED] - Delayed 45 second(s)

18-10-2024T05:06:08 - [TEST_STEP][PASSED] - nameOfBlock = " Выручка": null

18-10-2024T05:06:08 - [TEST_STEP][PASSED] - println("nameOfBlock:" + nameOfBlock): null

18-10-2024T05:06:08 - [TEST_STEP][PASSED] - if (block == 1): null

18-10-2024T05:06:08 - [TEST_STEP][PASSED] - else: Delayed 45 second(s)

18-10-2024T05:06:08 - [TEST_STEP][PASSED] - urlData = 9: null

18-10-2024T05:06:08 - [TEST_STEP][PASSED] - delay(45): Delayed 45 second(s)

18-10-2024T05:06:53 - [MESSAGE][PASSED] - Delayed 45 second(s)

18-10-2024T05:06:53 - [TEST_STEP][PASSED] - navigateToUrl(findTestData("PlanFact").getValue(10, urlData)): Navigate to 'https://bi.rosseti.digital/viewer?dashboardGuid=a1fd28b3785d443cbc4d7690a1d78e31&sheetGuid=86092a20c5984827a0c87b24cac76a50&fit=true' successfully

18-10-2024T05:06:58 - [MESSAGE][PASSED] - Navigate to 'https://bi.rosseti.digital/viewer?dashboardGuid=a1fd28b3785d443cbc4d7690a1d78e31&sheetGuid=86092a20c5984827a0c87b24cac76a50&fit=true' successfully

18-10-2024T05:06:58 - [TEST_STEP][PASSED] - urlText = getText(findTestObject("Страница авторизации/Text")): Text of object 'Object Repository/Страница авторизации/Text' is: 'Вход'

18-10-2024T05:07:01 - [MESSAGE][PASSED] - Text of object 'Object Repository/Страница авторизации/Text' is: 'Вход'

18-10-2024T05:07:01 - [TEST_STEP][PASSED] - searchWord = "Вход": null

18-10-2024T05:07:01 - [TEST_STEP][PASSED] - if (urlText.contains("ошибка") || urlText.contains(searchWord) == false): null

18-10-2024T05:07:01 - [TEST_STEP][PASSED] - if (verifyElementPresent(findTestObject("Страница авторизации/button_"), 30) == true): null

18-10-2024T05:07:01 - [MESSAGE][PASSED] - Object 'Object Repository/Страница авторизации/button_' is present

18-10-2024T05:07:01 - [TEST_STEP][PASSED] - setText(findTestObject("Страница авторизации/input__username"), findTestData("PlanFact").getValue(8, 1)): Text 'shekhov-aa' is set on object 'Object Repository/Страница авторизации/input__username'

18-10-2024T05:07:02 - [MESSAGE][PASSED] - Text 'shekhov-aa' is set on object 'Object Repository/Страница авторизации/input__username'

18-10-2024T05:07:02 - [TEST_STEP][PASSED] - setText(findTestObject("Страница авторизации/input__password"), findTestData("PlanFact").getValue(9, 1)): Text 'i)RpQLLlXv9gUDC9' is set on object 'Object Repository/Страница авторизации/input__password'

18-10-2024T05:07:02 - [MESSAGE][PASSED] - Text 'i)RpQLLlXv9gUDC9' is set on object 'Object Repository/Страница авторизации/input__password'

18-10-2024T05:07:02 - [TEST_STEP][PASSED] - click(findTestObject("Страница авторизации/button_")): Object: 'Object Repository/Страница авторизации/button_' is clicked on

18-10-2024T05:07:05 - [MESSAGE][PASSED] - Object: 'Object Repository/Страница авторизации/button_' is clicked on

18-10-2024T05:07:05 - [TEST_STEP][PASSED] - delay(45): Delayed 45 second(s)

18-10-2024T05:07:50 - [MESSAGE][PASSED] - Delayed 45 second(s)

18-10-2024T05:07:50 - [TEST_STEP][PASSED] - urlText = getText(findTestObject("Страница авторизации/Text")): Text of object 'Object Repository/Страница авторизации/Text' is: 'Период
Январь, Февраль, Март, Апрель, Май, Июнь, Июль, Август 2024 года
Выручка
Все
Выполнение плановых показателей по ПАО Россети за Январь, Февраль, Март, Апрель, Май, Июнь, Июль, Август 2024 года
План
Факт
Динамика
2024 год
0 млн.руб.
100 000 млн.руб.
200 000 млн.руб.
300 000 млн.руб.
400 000 млн.руб.
500 000 млн.руб.
600 000 млн.руб.
700 000 млн.руб.
800 000 млн.руб.
900 000 млн.руб.
1 000 000 млн.руб.
1 100 000 млн.руб.
1 200 000 млн.руб.
938 020
964 061
↑
ДЗО 
Все
Подписи данных
⬤Отклонение
АО «Тываэнерго»
АО «Чеченэнерго»
Россети Волга
Россети Кубань
Россети Ленэнерго (ГК)
Россети Московский регион
Россети Северный Кавказ (ГК)
Россети Северо-Запад
Россети Сибирь (ГК)
Россети Томск
Россети Тюмень
Россети Урал (ГК)
Россети ФСК ЕЭС
Россети Центр
Россети Центр и Приволжье (ГК)
Россети Юг (ГК)
Россети Янтарь
-4 000 млн.руб.
-3 000 млн.руб.
-2 000 млн.руб.
-1 000 млн.руб.
0 млн.руб.
1 000 млн.руб.
2 000 млн.руб.
3 000 млн.руб.
4 000 млн.руб.
5 000 млн.руб.
6 000 млн.руб.
7 000 млн.руб.
8 000 млн.руб.
173
44
122
3 000
3 666
6 842
695
1 000
1 910
228
-3 453
1 778
1 353
3 442
3 872
1 131
237
млн.
%
Выручка
Отклонение выручки (факт/план, млн. руб) 
ПАО Россети
26 040.4 млн.руб.
Статус данных
×
Просьба обратить внимание
Данные занесены не полностью
ВЫБРАННЫЕ ЗНАЧЕНИЯ ФИЛЬТРОВ
ДЗО | ПЕРИОД
ПАО Россети: [«Выбраны все филиалы по всем ДЗО по всем категориям»]
2024: [Янв, Фев, Мар, Апр, Май, Июн, Июл, Авг]
*Внутренний оборот'

18-10-2024T05:07:51 - [MESSAGE][PASSED] - Text of object 'Object Repository/Страница авторизации/Text' is: 'Период
Январь, Февраль, Март, Апрель, Май, Июнь, Июль, Август 2024 года
Выручка
Все
Выполнение плановых показателей по ПАО Россети за Январь, Февраль, Март, Апрель, Май, Июнь, Июль, Август 2024 года
План
Факт
Динамика
2024 год
0 млн.руб.
100 000 млн.руб.
200 000 млн.руб.
300 000 млн.руб.
400 000 млн.руб.
500 000 млн.руб.
600 000 млн.руб.
700 000 млн.руб.
800 000 млн.руб.
900 000 млн.руб.
1 000 000 млн.руб.
1 100 000 млн.руб.
1 200 000 млн.руб.
938 020
964 061
↑
ДЗО 
Все
Подписи данных
⬤Отклонение
АО «Тываэнерго»
АО «Чеченэнерго»
Россети Волга
Россети Кубань
Россети Ленэнерго (ГК)
Россети Московский регион
Россети Северный Кавказ (ГК)
Россети Северо-Запад
Россети Сибирь (ГК)
Россети Томск
Россети Тюмень
Россети Урал (ГК)
Россети ФСК ЕЭС
Россети Центр
Россети Центр и Приволжье (ГК)
Россети Юг (ГК)
Россети Янтарь
-4 000 млн.руб.
-3 000 млн.руб.
-2 000 млн.руб.
-1 000 млн.руб.
0 млн.руб.
1 000 млн.руб.
2 000 млн.руб.
3 000 млн.руб.
4 000 млн.руб.
5 000 млн.руб.
6 000 млн.руб.
7 000 млн.руб.
8 000 млн.руб.
173
44
122
3 000
3 666
6 842
695
1 000
1 910
228
-3 453
1 778
1 353
3 442
3 872
1 131
237
млн.
%
Выручка
Отклонение выручки (факт/план, млн. руб) 
ПАО Россети
26 040.4 млн.руб.
Статус данных
×
Просьба обратить внимание
Данные занесены не полностью
ВЫБРАННЫЕ ЗНАЧЕНИЯ ФИЛЬТРОВ
ДЗО | ПЕРИОД
ПАО Россети: [«Выбраны все филиалы по всем ДЗО по всем категориям»]
2024: [Янв, Фев, Мар, Апр, Май, Июн, Июл, Авг]
*Внутренний оборот'

18-10-2024T05:07:51 - [TEST_STEP][PASSED] - searchWord = "а": null

18-10-2024T05:07:51 - [TEST_STEP][PASSED] - if (urlText.contains("ошибка") || urlText.contains(searchWord) == false): null

18-10-2024T05:07:51 - [TEST_STEP][PASSED] - delay(45): Delayed 45 second(s)

18-10-2024T05:08:36 - [MESSAGE][PASSED] - Delayed 45 second(s)

18-10-2024T05:08:36 - [TEST_STEP][PASSED] - if (block == 2): Delayed 50 second(s)

18-10-2024T05:08:36 - [TEST_STEP][PASSED] - opoveshenie = getText(findTestObject("Выручка в рублях/Просьба обратить внимание")): Text of object 'Object Repository/Выручка в рублях/Просьба обратить внимание' is: 'Просьба обратить внимание'

18-10-2024T05:08:36 - [MESSAGE][PASSED] - Text of object 'Object Repository/Выручка в рублях/Просьба обратить внимание' is: 'Просьба обратить внимание'

18-10-2024T05:08:36 - [TEST_STEP][PASSED] - if (opoveshenie == "Просьба обратить внимание"): Delayed 50 second(s)

18-10-2024T05:08:36 - [TEST_STEP][PASSED] - click(findTestObject("Выручка в рублях/Закрыть оповещение")): Object: 'Object Repository/Выручка в рублях/Закрыть оповещение' is clicked on

18-10-2024T05:08:37 - [MESSAGE][PASSED] - Object: 'Object Repository/Выручка в рублях/Закрыть оповещение' is clicked on

18-10-2024T05:08:37 - [TEST_STEP][PASSED] - delay(50): Delayed 50 second(s)

18-10-2024T05:09:27 - [MESSAGE][PASSED] - Delayed 50 second(s)

18-10-2024T05:09:27 - [TEST_STEP][PASSED] - click(findTestObject("Выручка в рублях/Фильтр Период" + nameOfBlock)): Object: 'Object Repository/Выручка в рублях/Фильтр Период Выручка' is clicked on

18-10-2024T05:09:27 - [MESSAGE][PASSED] - Object: 'Object Repository/Выручка в рублях/Фильтр Период Выручка' is clicked on

18-10-2024T05:09:27 - [TEST_STEP][PASSED] - click(findTestObject("Выручка в рублях/Снять выделение в фильтре Дата" + nameOfBlock)): Object: 'Object Repository/Выручка в рублях/Снять выделение в фильтре Дата Выручка' is clicked on

18-10-2024T05:09:28 - [MESSAGE][PASSED] - Object: 'Object Repository/Выручка в рублях/Снять выделение в фильтре Дата Выручка' is clicked on

18-10-2024T05:09:28 - [TEST_STEP][PASSED] - click(findTestObject("Выручка в рублях/Применить в фильтре Дата" + nameOfBlock)): Object: 'Object Repository/Выручка в рублях/Применить в фильтре Дата Выручка' is clicked on

18-10-2024T05:09:28 - [MESSAGE][PASSED] - Object: 'Object Repository/Выручка в рублях/Применить в фильтре Дата Выручка' is clicked on

18-10-2024T05:09:28 - [TEST_STEP][PASSED] - delay(50): Delayed 50 second(s)

18-10-2024T05:10:18 - [MESSAGE][PASSED] - Delayed 50 second(s)

18-10-2024T05:10:18 - [TEST_STEP][PASSED] - click(findTestObject("Выручка в рублях/Фильтр Период" + nameOfBlock)): Object: 'Object Repository/Выручка в рублях/Фильтр Период Выручка' is clicked on

18-10-2024T05:10:18 - [MESSAGE][PASSED] - Object: 'Object Repository/Выручка в рублях/Фильтр Период Выручка' is clicked on

18-10-2024T05:10:18 - [TEST_STEP][PASSED] - click(findTestObject("Выручка в рублях/Снять выделение в фильтре Дата" + nameOfBlock)): Object: 'Object Repository/Выручка в рублях/Снять выделение в фильтре Дата Выручка' is clicked on

18-10-2024T05:10:19 - [MESSAGE][PASSED] - Object: 'Object Repository/Выручка в рублях/Снять выделение в фильтре Дата Выручка' is clicked on

18-10-2024T05:10:19 - [TEST_STEP][PASSED] - scrollToElement(findTestObject("Выручка в рублях/2024 список" + nameOfBlock), 30): Scroll to object 'Object Repository/Выручка в рублях/2024 список Выручка' successfully

18-10-2024T05:10:19 - [MESSAGE][PASSED] - Scroll to object 'Object Repository/Выручка в рублях/2024 список Выручка' successfully

18-10-2024T05:10:19 - [TEST_STEP][PASSED] - click(findTestObject("Выручка в рублях/2024 список" + nameOfBlock)): Object: 'Object Repository/Выручка в рублях/2024 список Выручка' is clicked on

18-10-2024T05:10:20 - [MESSAGE][PASSED] - Object: 'Object Repository/Выручка в рублях/2024 список Выручка' is clicked on

18-10-2024T05:10:20 - [TEST_STEP][PASSED] - scrollToElement(findTestObject("Выручка в рублях/1 квартал 2024 выбрать" + nameOfBlock), 30): Scroll to object 'Object Repository/Выручка в рублях/1 квартал 2024 выбрать Выручка' successfully

18-10-2024T05:10:20 - [MESSAGE][PASSED] - Scroll to object 'Object Repository/Выручка в рублях/1 квартал 2024 выбрать Выручка' successfully

18-10-2024T05:10:20 - [TEST_STEP][PASSED] - click(findTestObject("Выручка в рублях/1 квартал 2024 выбрать" + nameOfBlock)): Object: 'Object Repository/Выручка в рублях/1 квартал 2024 выбрать Выручка' is clicked on

18-10-2024T05:10:20 - [MESSAGE][PASSED] - Object: 'Object Repository/Выручка в рублях/1 квартал 2024 выбрать Выручка' is clicked on

18-10-2024T05:10:20 - [TEST_STEP][PASSED] - scrollToElement(findTestObject("Выручка в рублях/2 квартал 2024 выбрать" + nameOfBlock), 30): Scroll to object 'Object Repository/Выручка в рублях/2 квартал 2024 выбрать Выручка' successfully

18-10-2024T05:10:21 - [MESSAGE][PASSED] - Scroll to object 'Object Repository/Выручка в рублях/2 квартал 2024 выбрать Выручка' successfully

18-10-2024T05:10:21 - [TEST_STEP][PASSED] - click(findTestObject("Выручка в рублях/2 квартал 2024 выбрать" + nameOfBlock)): Object: 'Object Repository/Выручка в рублях/2 квартал 2024 выбрать Выручка' is clicked on

18-10-2024T05:10:21 - [MESSAGE][PASSED] - Object: 'Object Repository/Выручка в рублях/2 квартал 2024 выбрать Выручка' is clicked on

18-10-2024T05:10:21 - [TEST_STEP][PASSED] - scrollToElement(findTestObject("Выручка в рублях/3 квартал 2024 список" + nameOfBlock), 30): Scroll to object 'Object Repository/Выручка в рублях/3 квартал 2024 список Выручка' successfully

18-10-2024T05:10:22 - [MESSAGE][PASSED] - Scroll to object 'Object Repository/Выручка в рублях/3 квартал 2024 список Выручка' successfully

18-10-2024T05:10:22 - [TEST_STEP][PASSED] - click(findTestObject("Выручка в рублях/3 квартал 2024 список" + nameOfBlock)): Object: 'Object Repository/Выручка в рублях/3 квартал 2024 список Выручка' is clicked on

18-10-2024T05:10:22 - [MESSAGE][PASSED] - Object: 'Object Repository/Выручка в рублях/3 квартал 2024 список Выручка' is clicked on

18-10-2024T05:10:22 - [TEST_STEP][PASSED] - click(findTestObject("Выручка в рублях/Июль 2024" + nameOfBlock)): Object: 'Object Repository/Выручка в рублях/Июль 2024 Выручка' is clicked on

18-10-2024T05:10:22 - [MESSAGE][PASSED] - Object: 'Object Repository/Выручка в рублях/Июль 2024 Выручка' is clicked on

18-10-2024T05:10:22 - [TEST_STEP][PASSED] - scrollToElement(findTestObject("Выручка в рублях/Август 2024" + nameOfBlock), 30): Scroll to object 'Object Repository/Выручка в рублях/Август 2024 Выручка' successfully

18-10-2024T05:10:23 - [MESSAGE][PASSED] - Scroll to object 'Object Repository/Выручка в рублях/Август 2024 Выручка' successfully

18-10-2024T05:10:23 - [TEST_STEP][PASSED] - click(findTestObject("Выручка в рублях/Август 2024" + nameOfBlock)): Object: 'Object Repository/Выручка в рублях/Август 2024 Выручка' is clicked on

18-10-2024T05:10:23 - [MESSAGE][PASSED] - Object: 'Object Repository/Выручка в рублях/Август 2024 Выручка' is clicked on

18-10-2024T05:10:23 - [TEST_STEP][PASSED] - scrollToElement(findTestObject("Выручка в рублях/Заголовок дашборда" + nameOfBlock), 30): Scroll to object 'Object Repository/Выручка в рублях/Заголовок дашборда Выручка' successfully

18-10-2024T05:10:24 - [MESSAGE][PASSED] - Scroll to object 'Object Repository/Выручка в рублях/Заголовок дашборда Выручка' successfully

18-10-2024T05:10:24 - [TEST_STEP][PASSED] - click(findTestObject("Выручка в рублях/Применить в фильтре Дата" + nameOfBlock)): Object: 'Object Repository/Выручка в рублях/Применить в фильтре Дата Выручка' is clicked on

18-10-2024T05:10:24 - [MESSAGE][PASSED] - Object: 'Object Repository/Выручка в рублях/Применить в фильтре Дата Выручка' is clicked on

18-10-2024T05:10:24 - [TEST_STEP][PASSED] - delay(50): Delayed 50 second(s)

18-10-2024T05:11:14 - [MESSAGE][PASSED] - Delayed 50 second(s)

18-10-2024T05:11:14 - [TEST_STEP][PASSED] - click(findTestObject("Выручка в рублях/Фильтр ДЗО" + nameOfBlock)): Object: 'Object Repository/Выручка в рублях/Фильтр ДЗО Выручка' is clicked on

18-10-2024T05:11:15 - [MESSAGE][PASSED] - Object: 'Object Repository/Выручка в рублях/Фильтр ДЗО Выручка' is clicked on

18-10-2024T05:11:15 - [TEST_STEP][PASSED] - click(findTestObject("Выручка в рублях/Снять выделение в фильтре ДЗО" + nameOfBlock)): Object: 'Object Repository/Выручка в рублях/Снять выделение в фильтре ДЗО Выручка' is clicked on

18-10-2024T05:11:15 - [MESSAGE][PASSED] - Object: 'Object Repository/Выручка в рублях/Снять выделение в фильтре ДЗО Выручка' is clicked on

18-10-2024T05:11:15 - [TEST_STEP][PASSED] - click(findTestObject("Выручка в рублях/Применить в фильтре ДЗО" + nameOfBlock)): Object: 'Object Repository/Выручка в рублях/Применить в фильтре ДЗО Выручка' is clicked on

18-10-2024T05:11:16 - [MESSAGE][PASSED] - Object: 'Object Repository/Выручка в рублях/Применить в фильтре ДЗО Выручка' is clicked on

18-10-2024T05:11:16 - [TEST_STEP][PASSED] - delay(50): Delayed 50 second(s)

18-10-2024T05:12:06 - [MESSAGE][PASSED] - Delayed 50 second(s)

18-10-2024T05:12:06 - [TEST_STEP][PASSED] - Script1710234207206.Tumbler(run, vir, block, nameOfBlock): null

18-10-2024T05:12:06 - [TEST_STEP][PASSED] - println("run:" + run): null

18-10-2024T05:12:06 - [TEST_STEP][PASSED] - println("vir:" + vir): null

18-10-2024T05:12:06 - [TEST_STEP][PASSED] - println("block:" + block): null

18-10-2024T05:12:06 - [TEST_STEP][PASSED] - println("nameOfBlock:" + nameOfBlock): null

18-10-2024T05:12:06 - [TEST_STEP][PASSED] - if (vir == 1): null

18-10-2024T05:12:06 - [TEST_STEP][PASSED] - else if (vir == 2): Object: 'Object Repository/Выручка в рублях/Применить в фильтре Выручка Выручка' is clicked on

18-10-2024T05:12:06 - [TEST_STEP][PASSED] - if (run == 2): null

18-10-2024T05:12:06 - [TEST_STEP][PASSED] - click(findTestObject("Выручка в рублях/Фильтр Выручка" + nameOfBlock)): Object: 'Object Repository/Выручка в рублях/Фильтр Выручка Выручка' is clicked on

18-10-2024T05:12:06 - [MESSAGE][PASSED] - Object: 'Object Repository/Выручка в рублях/Фильтр Выручка Выручка' is clicked on

18-10-2024T05:12:06 - [TEST_STEP][PASSED] - click(findTestObject("Выручка в рублях/Итого в фильтре Выручка" + nameOfBlock)): Object: 'Object Repository/Выручка в рублях/Итого в фильтре Выручка Выручка' is clicked on

18-10-2024T05:12:07 - [MESSAGE][PASSED] - Object: 'Object Repository/Выручка в рублях/Итого в фильтре Выручка Выручка' is clicked on

18-10-2024T05:12:07 - [TEST_STEP][PASSED] - click(findTestObject("Выручка в рублях/Применить в фильтре Выручка" + nameOfBlock)): Object: 'Object Repository/Выручка в рублях/Применить в фильтре Выручка Выручка' is clicked on

18-10-2024T05:12:07 - [MESSAGE][PASSED] - Object: 'Object Repository/Выручка в рублях/Применить в фильтре Выручка Выручка' is clicked on

18-10-2024T05:12:07 - [TEST_STEP][PASSED] - click(findTestObject("Выручка в рублях/Фильтр ДЗО" + nameOfBlock)): Object: 'Object Repository/Выручка в рублях/Фильтр ДЗО Выручка' is clicked on

18-10-2024T05:12:10 - [MESSAGE][PASSED] - Object: 'Object Repository/Выручка в рублях/Фильтр ДЗО Выручка' is clicked on

18-10-2024T05:12:10 - [TEST_STEP][PASSED] - Script1710234207206.Rosseti(nameOfBlock): null

18-10-2024T05:12:10 - [TEST_STEP][PASSED] - println("nameOfBlock:" + nameOfBlock): null

18-10-2024T05:12:10 - [TEST_STEP][PASSED] - click(findTestObject("Выручка в рублях/ПАО Россети" + nameOfBlock)): Object: 'Object Repository/Выручка в рублях/ПАО Россети Выручка' is clicked on

18-10-2024T05:12:10 - [MESSAGE][PASSED] - Object: 'Object Repository/Выручка в рублях/ПАО Россети Выручка' is clicked on

18-10-2024T05:12:10 - [TEST_STEP][PASSED] - click(findTestObject("Выручка в рублях/Применить в фильтре ДЗО" + nameOfBlock)): Object: 'Object Repository/Выручка в рублях/Применить в фильтре ДЗО Выручка' is clicked on

18-10-2024T05:12:11 - [MESSAGE][PASSED] - Object: 'Object Repository/Выручка в рублях/Применить в фильтре ДЗО Выручка' is clicked on

18-10-2024T05:12:11 - [TEST_STEP][PASSED] - if (vir == 1 || vir == 2): Text of object 'Object Repository/Выручка в рублях/График План Выручка' is: '922 071'

18-10-2024T05:12:11 - [TEST_STEP][PASSED] - b1 = getText(findTestObject("Выручка в рублях/График План Выручка")): Text of object 'Object Repository/Выручка в рублях/График План Выручка' is: '922 071'

18-10-2024T05:12:14 - [MESSAGE][PASSED] - Text of object 'Object Repository/Выручка в рублях/График План Выручка' is: '922 071'

18-10-2024T05:12:14 - [TEST_STEP][PASSED] - if (vir == 1 || vir == 2): Text of object 'Object Repository/Выручка в рублях/График Факт Выручка' is: '947 588'

18-10-2024T05:12:14 - [TEST_STEP][PASSED] - b2 = getText(findTestObject("Выручка в рублях/График Факт Выручка")): Text of object 'Object Repository/Выручка в рублях/График Факт Выручка' is: '947 588'

18-10-2024T05:12:14 - [MESSAGE][PASSED] - Text of object 'Object Repository/Выручка в рублях/График Факт Выручка' is: '947 588'

18-10-2024T05:12:14 - [TEST_STEP][PASSED] - b30 = getText(findTestObject("Выручка в рублях/span1" + perc)): Text of object 'Object Repository/Выручка в рублях/span1' is: '25 516.4 млн.руб.'

18-10-2024T05:12:15 - [MESSAGE][PASSED] - Text of object 'Object Repository/Выручка в рублях/span1' is: '25 516.4 млн.руб.'

18-10-2024T05:12:15 - [TEST_STEP][PASSED] - i = b30.indexOf("млн.руб."): null

18-10-2024T05:12:15 - [TEST_STEP][PASSED] - if (i > -1): null

18-10-2024T05:12:15 - [TEST_STEP][PASSED] - b30 = b30.substring(0, i): null

18-10-2024T05:12:15 - [TEST_STEP][PASSED] - b30 = b30.replaceAll(" ", ""): null

18-10-2024T05:12:15 - [TEST_STEP][PASSED] - if (b30.contains("%")): null

18-10-2024T05:12:15 - [TEST_STEP][PASSED] - b30 = ").trim(): null

18-10-2024T05:12:15 - [TEST_STEP][PASSED] - println("b30: " + b30): null

18-10-2024T05:12:15 - [TEST_STEP][PASSED] - if (vir == 1 || vir == 2): Text of object 'Object Repository/Выручка в рублях/span2' is: '194'

18-10-2024T05:12:15 - [TEST_STEP][PASSED] - b31 = ").trim(): Text of object 'Object Repository/Выручка в рублях/span2' is: '194'

18-10-2024T05:12:15 - [MESSAGE][PASSED] - Text of object 'Object Repository/Выручка в рублях/span2' is: '194'

18-10-2024T05:12:15 - [TEST_STEP][PASSED] - if (vir == 1 || vir == 2): Text of object 'Object Repository/Выручка в рублях/span3' is: '-10'

18-10-2024T05:12:15 - [TEST_STEP][PASSED] - b32 = ").trim(): Text of object 'Object Repository/Выручка в рублях/span3' is: '-10'

18-10-2024T05:12:15 - [MESSAGE][PASSED] - Text of object 'Object Repository/Выручка в рублях/span3' is: '-10'

18-10-2024T05:12:15 - [TEST_STEP][PASSED] - if (vir == 1 || vir == 2): Text of object 'Object Repository/Выручка в рублях/span8' is: '236'

18-10-2024T05:12:15 - [TEST_STEP][PASSED] - b33 = ").trim(): Text of object 'Object Repository/Выручка в рублях/span4' is: '122'

18-10-2024T05:12:15 - [MESSAGE][PASSED] - Text of object 'Object Repository/Выручка в рублях/span4' is: '122'

18-10-2024T05:12:15 - [TEST_STEP][PASSED] - b34 = ").trim(): Text of object 'Object Repository/Выручка в рублях/span5' is: '3 000'

18-10-2024T05:12:16 - [MESSAGE][PASSED] - Text of object 'Object Repository/Выручка в рублях/span5' is: '3 000'

18-10-2024T05:12:16 - [TEST_STEP][PASSED] - b35 = ").trim(): Text of object 'Object Repository/Выручка в рублях/span6' is: '3 666'

18-10-2024T05:12:16 - [MESSAGE][PASSED] - Text of object 'Object Repository/Выручка в рублях/span6' is: '3 666'

18-10-2024T05:12:16 - [TEST_STEP][PASSED] - b36 = ").trim(): Text of object 'Object Repository/Выручка в рублях/span7' is: '6 842'

18-10-2024T05:12:16 - [MESSAGE][PASSED] - Text of object 'Object Repository/Выручка в рублях/span7' is: '6 842'

18-10-2024T05:12:16 - [TEST_STEP][PASSED] - b37 = ").trim(): Text of object 'Object Repository/Выручка в рублях/span8' is: '236'

18-10-2024T05:12:17 - [MESSAGE][PASSED] - Text of object 'Object Repository/Выручка в рублях/span8' is: '236'

18-10-2024T05:12:17 - [TEST_STEP][PASSED] - if (vir == 1 || vir == 2): Text of object 'Object Repository/Выручка в рублях/span17' is: '1 099'

18-10-2024T05:12:17 - [TEST_STEP][PASSED] - b38 = ").trim(): Text of object 'Object Repository/Выручка в рублях/span9' is: '1 000'

18-10-2024T05:12:17 - [MESSAGE][PASSED] - Text of object 'Object Repository/Выручка в рублях/span9' is: '1 000'

18-10-2024T05:12:17 - [TEST_STEP][PASSED] - b39 = ").trim(): Text of object 'Object Repository/Выручка в рублях/span10' is: '1 910'

18-10-2024T05:12:17 - [MESSAGE][PASSED] - Text of object 'Object Repository/Выручка в рублях/span10' is: '1 910'

18-10-2024T05:12:17 - [TEST_STEP][PASSED] - b310 = ").trim(): Text of object 'Object Repository/Выручка в рублях/span11' is: '228'

18-10-2024T05:12:18 - [MESSAGE][PASSED] - Text of object 'Object Repository/Выручка в рублях/span11' is: '228'

18-10-2024T05:12:18 - [TEST_STEP][PASSED] - b311 = ").trim(): Text of object 'Object Repository/Выручка в рублях/span12' is: '-3 453'

18-10-2024T05:12:18 - [MESSAGE][PASSED] - Text of object 'Object Repository/Выручка в рублях/span12' is: '-3 453'

18-10-2024T05:12:18 - [TEST_STEP][PASSED] - b312 = ").trim(): Text of object 'Object Repository/Выручка в рублях/span13' is: '1 778'

18-10-2024T05:12:18 - [MESSAGE][PASSED] - Text of object 'Object Repository/Выручка в рублях/span13' is: '1 778'

18-10-2024T05:12:18 - [TEST_STEP][PASSED] - b313 = ").trim(): Text of object 'Object Repository/Выручка в рублях/span14' is: '1 353'

18-10-2024T05:12:18 - [MESSAGE][PASSED] - Text of object 'Object Repository/Выручка в рублях/span14' is: '1 353'

18-10-2024T05:12:18 - [TEST_STEP][PASSED] - b314 = ").trim(): Text of object 'Object Repository/Выручка в рублях/span15' is: '3 442'

18-10-2024T05:12:19 - [MESSAGE][PASSED] - Text of object 'Object Repository/Выручка в рублях/span15' is: '3 442'

18-10-2024T05:12:19 - [TEST_STEP][PASSED] - b315 = ").trim(): Text of object 'Object Repository/Выручка в рублях/span16' is: '3 872'

18-10-2024T05:12:19 - [MESSAGE][PASSED] - Text of object 'Object Repository/Выручка в рублях/span16' is: '3 872'

18-10-2024T05:12:19 - [TEST_STEP][PASSED] - b316 = ").trim(): Text of object 'Object Repository/Выручка в рублях/span17' is: '1 099'

18-10-2024T05:12:19 - [MESSAGE][PASSED] - Text of object 'Object Repository/Выручка в рублях/span17' is: '1 099'

18-10-2024T05:12:19 - [TEST_STEP][PASSED] - if (vir == 1 || vir == 2): Text of object 'Object Repository/Выручка в рублях/span18' is: '237'

18-10-2024T05:12:19 - [TEST_STEP][PASSED] - b317 = ").trim(): Text of object 'Object Repository/Выручка в рублях/span18' is: '237'

18-10-2024T05:12:20 - [MESSAGE][PASSED] - Text of object 'Object Repository/Выручка в рублях/span18' is: '237'

18-10-2024T05:12:20 - [TEST_STEP][PASSED] - dZO = "ПАО Россети": null

18-10-2024T05:12:20 - [TEST_STEP][PASSED] - if (verifyEqual(a1, b1) == false): Actual object '922 071' and expected object '922 071' are equal

18-10-2024T05:12:20 - [MESSAGE][PASSED] - Actual object '922 071' and expected object '922 071' are equal

18-10-2024T05:12:20 - [TEST_STEP][PASSED] - if (verifyEqual(a2, b2) == false): Actual object '947 588' and expected object '947 588' are equal

18-10-2024T05:12:20 - [MESSAGE][PASSED] - Actual object '947 588' and expected object '947 588' are equal

18-10-2024T05:12:20 - [TEST_STEP][PASSED] - vidget = "Отклонения": null

18-10-2024T05:12:20 - [TEST_STEP][PASSED] - if (verifyEqual(a30, b30) == false): Actual object '25516.4' and expected object '25516.4' are equal

18-10-2024T05:12:20 - [MESSAGE][PASSED] - Actual object '25516.4' and expected object '25516.4' are equal

18-10-2024T05:12:20 - [TEST_STEP][PASSED] - dZO = "АО «Тываэнерго»": null

18-10-2024T05:12:20 - [TEST_STEP][PASSED] - if (verifyEqual(a31, b31) == false): Actual object '194' and expected object '194' are equal

18-10-2024T05:12:20 - [MESSAGE][PASSED] - Actual object '194' and expected object '194' are equal

18-10-2024T05:12:20 - [TEST_STEP][PASSED] - dZO = "АО «Чеченэнерго»": null

18-10-2024T05:12:20 - [TEST_STEP][PASSED] - if (verifyEqual(a32, b32) == false): Actual object '-10' and expected object '-10' are equal

18-10-2024T05:12:20 - [MESSAGE][PASSED] - Actual object '-10' and expected object '-10' are equal

18-10-2024T05:12:20 - [TEST_STEP][PASSED] - dZO = "Россети Волга": null

18-10-2024T05:12:20 - [TEST_STEP][PASSED] - if (verifyEqual(a33, b33) == false): Actual object '122' and expected object '122' are equal

18-10-2024T05:12:20 - [MESSAGE][PASSED] - Actual object '122' and expected object '122' are equal

18-10-2024T05:12:20 - [TEST_STEP][PASSED] - dZO = "Россети Кубань": null

18-10-2024T05:12:20 - [TEST_STEP][PASSED] - if (verifyEqual(a34, b34) == false): Actual object '3 000' and expected object '3 000' are equal

18-10-2024T05:12:20 - [MESSAGE][PASSED] - Actual object '3 000' and expected object '3 000' are equal

18-10-2024T05:12:20 - [TEST_STEP][PASSED] - dZO = "Россети Ленэнерго (ГК)": null

18-10-2024T05:12:20 - [TEST_STEP][PASSED] - if (verifyEqual(a35, b35) == false): Actual object '3 666' and expected object '3 666' are equal

18-10-2024T05:12:20 - [MESSAGE][PASSED] - Actual object '3 666' and expected object '3 666' are equal

18-10-2024T05:12:20 - [TEST_STEP][PASSED] - dZO = "Россети Московский регион": null

18-10-2024T05:12:20 - [TEST_STEP][PASSED] - if (verifyEqual(a36, b36) == false): Actual object '6 842' and expected object '6 842' are equal

18-10-2024T05:12:20 - [MESSAGE][PASSED] - Actual object '6 842' and expected object '6 842' are equal

18-10-2024T05:12:20 - [TEST_STEP][PASSED] - dZO = "Россети Северный Кавказ (ГК)": null

18-10-2024T05:12:20 - [TEST_STEP][PASSED] - if (verifyEqual(a37, b37) == false): Actual object '236' and expected object '236' are equal

18-10-2024T05:12:20 - [MESSAGE][PASSED] - Actual object '236' and expected object '236' are equal

18-10-2024T05:12:20 - [TEST_STEP][PASSED] - dZO = "Россети Северо-Запад": null

18-10-2024T05:12:20 - [TEST_STEP][PASSED] - if (verifyEqual(a38, b38) == false): Actual object '1 000' and expected object '1 000' are equal

18-10-2024T05:12:20 - [MESSAGE][PASSED] - Actual object '1 000' and expected object '1 000' are equal

18-10-2024T05:12:20 - [TEST_STEP][PASSED] - dZO = "Россети Сибирь (ГК)": null

18-10-2024T05:12:20 - [TEST_STEP][PASSED] - if (verifyEqual(a39, b39) == false): Actual object '1 910' and expected object '1 910' are equal

18-10-2024T05:12:20 - [MESSAGE][PASSED] - Actual object '1 910' and expected object '1 910' are equal

18-10-2024T05:12:20 - [TEST_STEP][PASSED] - dZO = "Россети Томск": null

18-10-2024T05:12:20 - [TEST_STEP][PASSED] - if (verifyEqual(a310, b310) == false): Actual object '228' and expected object '228' are equal

18-10-2024T05:12:20 - [MESSAGE][PASSED] - Actual object '228' and expected object '228' are equal

18-10-2024T05:12:20 - [TEST_STEP][PASSED] - dZO = "Россети Тюмень": null

18-10-2024T05:12:20 - [TEST_STEP][PASSED] - if (verifyEqual(a311, b311) == false): Actual object '-3 453' and expected object '-3 453' are equal

18-10-2024T05:12:20 - [MESSAGE][PASSED] - Actual object '-3 453' and expected object '-3 453' are equal

18-10-2024T05:12:20 - [TEST_STEP][PASSED] - dZO = "Россети Урал (ГК)": null

18-10-2024T05:12:20 - [TEST_STEP][PASSED] - if (verifyEqual(a312, b312) == false): Actual object '1 778' and expected object '1 778' are equal

18-10-2024T05:12:20 - [MESSAGE][PASSED] - Actual object '1 778' and expected object '1 778' are equal

18-10-2024T05:12:20 - [TEST_STEP][PASSED] - dZO = "Россети ФСК ЕЭС": null

18-10-2024T05:12:20 - [TEST_STEP][PASSED] - if (verifyEqual(a313, b313) == false): Actual object '1 353' and expected object '1 353' are equal

18-10-2024T05:12:20 - [MESSAGE][PASSED] - Actual object '1 353' and expected object '1 353' are equal

18-10-2024T05:12:20 - [TEST_STEP][PASSED] - dZO = "Россети Центр": null

18-10-2024T05:12:20 - [TEST_STEP][PASSED] - if (verifyEqual(a314, b314) == false): Actual object '3 442' and expected object '3 442' are equal

18-10-2024T05:12:20 - [MESSAGE][PASSED] - Actual object '3 442' and expected object '3 442' are equal

18-10-2024T05:12:20 - [TEST_STEP][PASSED] - dZO = "Россети Центр и Приволжье (ГК)": null

18-10-2024T05:12:20 - [TEST_STEP][PASSED] - if (verifyEqual(a315, b315) == false): Actual object '3 872' and expected object '3 872' are equal

18-10-2024T05:12:20 - [MESSAGE][PASSED] - Actual object '3 872' and expected object '3 872' are equal

18-10-2024T05:12:20 - [TEST_STEP][PASSED] - dZO = "Россети Юг (ГК)": null

18-10-2024T05:12:20 - [TEST_STEP][PASSED] - if (verifyEqual(a316, b316) == false): Actual object '1 099' and expected object '1 099' are equal

18-10-2024T05:12:20 - [MESSAGE][PASSED] - Actual object '1 099' and expected object '1 099' are equal

18-10-2024T05:12:20 - [TEST_STEP][PASSED] - dZO = "Россети Янтарь": null

18-10-2024T05:12:20 - [TEST_STEP][PASSED] - if (verifyEqual(a317, b317) == false): Actual object '237' and expected object '237' are equal

18-10-2024T05:12:20 - [MESSAGE][PASSED] - Actual object '237' and expected object '237' are equal

18-10-2024T05:12:20 - [TEST_STEP][PASSED] - closeBrowser(): null

18-10-2024T05:12:20 - [MESSAGE][PASSED] - Browser is closed

18-10-2024T05:12:20 - [TEST_STEP][PASSED] - Script1710234207206.Blocks(run, vir, block, nameOfBlock, typeOfData, viruchka, vidget, todaysDate, a, b, dZO, x, y): null

18-10-2024T05:12:20 - [TEST_STEP][PASSED] - i = <not implemented yet for class: org.codehaus.groovy.ast.expr.EmptyExpression>: null

18-10-2024T05:12:20 - [TEST_STEP][PASSED] - perc = "": null

18-10-2024T05:12:20 - [TEST_STEP][PASSED] - a1 = <not implemented yet for class: org.codehaus.groovy.ast.expr.EmptyExpression>: null

18-10-2024T05:12:20 - [TEST_STEP][PASSED] - a2 = <not implemented yet for class: org.codehaus.groovy.ast.expr.EmptyExpression>: null

18-10-2024T05:12:20 - [TEST_STEP][PASSED] - a30 = <not implemented yet for class: org.codehaus.groovy.ast.expr.EmptyExpression>: null

18-10-2024T05:12:20 - [TEST_STEP][PASSED] - a31 = <not implemented yet for class: org.codehaus.groovy.ast.expr.EmptyExpression>: null

18-10-2024T05:12:20 - [TEST_STEP][PASSED] - a32 = <not implemented yet for class: org.codehaus.groovy.ast.expr.EmptyExpression>: null

18-10-2024T05:12:20 - [TEST_STEP][PASSED] - a33 = <not implemented yet for class: org.codehaus.groovy.ast.expr.EmptyExpression>: null

18-10-2024T05:12:20 - [TEST_STEP][PASSED] - a34 = <not implemented yet for class: org.codehaus.groovy.ast.expr.EmptyExpression>: null

18-10-2024T05:12:20 - [TEST_STEP][PASSED] - a35 = <not implemented yet for class: org.codehaus.groovy.ast.expr.EmptyExpression>: null

18-10-2024T05:12:20 - [TEST_STEP][PASSED] - a36 = <not implemented yet for class: org.codehaus.groovy.ast.expr.EmptyExpression>: null

18-10-2024T05:12:20 - [TEST_STEP][PASSED] - a37 = <not implemented yet for class: org.codehaus.groovy.ast.expr.EmptyExpression>: null

18-10-2024T05:12:20 - [TEST_STEP][PASSED] - a38 = <not implemented yet for class: org.codehaus.groovy.ast.expr.EmptyExpression>: null

18-10-2024T05:12:20 - [TEST_STEP][PASSED] - a39 = <not implemented yet for class: org.codehaus.groovy.ast.expr.EmptyExpression>: null

18-10-2024T05:12:20 - [TEST_STEP][PASSED] - a310 = <not implemented yet for class: org.codehaus.groovy.ast.expr.EmptyExpression>: null

18-10-2024T05:12:20 - [TEST_STEP][PASSED] - a311 = <not implemented yet for class: org.codehaus.groovy.ast.expr.EmptyExpression>: null

18-10-2024T05:12:20 - [TEST_STEP][PASSED] - a312 = <not implemented yet for class: org.codehaus.groovy.ast.expr.EmptyExpression>: null

18-10-2024T05:12:20 - [TEST_STEP][PASSED] - a313 = <not implemented yet for class: org.codehaus.groovy.ast.expr.EmptyExpression>: null

18-10-2024T05:12:20 - [TEST_STEP][PASSED] - a314 = <not implemented yet for class: org.codehaus.groovy.ast.expr.EmptyExpression>: null

18-10-2024T05:12:20 - [TEST_STEP][PASSED] - a315 = <not implemented yet for class: org.codehaus.groovy.ast.expr.EmptyExpression>: null

18-10-2024T05:12:20 - [TEST_STEP][PASSED] - a316 = <not implemented yet for class: org.codehaus.groovy.ast.expr.EmptyExpression>: null

18-10-2024T05:12:20 - [TEST_STEP][PASSED] - a317 = <not implemented yet for class: org.codehaus.groovy.ast.expr.EmptyExpression>: null

18-10-2024T05:12:20 - [TEST_STEP][PASSED] - b1 = <not implemented yet for class: org.codehaus.groovy.ast.expr.EmptyExpression>: null

18-10-2024T05:12:20 - [TEST_STEP][PASSED] - b2 = <not implemented yet for class: org.codehaus.groovy.ast.expr.EmptyExpression>: null

18-10-2024T05:12:20 - [TEST_STEP][PASSED] - b30 = <not implemented yet for class: org.codehaus.groovy.ast.expr.EmptyExpression>: null

18-10-2024T05:12:20 - [TEST_STEP][PASSED] - b31 = <not implemented yet for class: org.codehaus.groovy.ast.expr.EmptyExpression>: null

18-10-2024T05:12:20 - [TEST_STEP][PASSED] - b32 = <not implemented yet for class: org.codehaus.groovy.ast.expr.EmptyExpression>: null

18-10-2024T05:12:20 - [TEST_STEP][PASSED] - b33 = <not implemented yet for class: org.codehaus.groovy.ast.expr.EmptyExpression>: null

18-10-2024T05:12:20 - [TEST_STEP][PASSED] - b34 = <not implemented yet for class: org.codehaus.groovy.ast.expr.EmptyExpression>: null

18-10-2024T05:12:20 - [TEST_STEP][PASSED] - b35 = <not implemented yet for class: org.codehaus.groovy.ast.expr.EmptyExpression>: null

18-10-2024T05:12:20 - [TEST_STEP][PASSED] - b36 = <not implemented yet for class: org.codehaus.groovy.ast.expr.EmptyExpression>: null

18-10-2024T05:12:20 - [TEST_STEP][PASSED] - b37 = <not implemented yet for class: org.codehaus.groovy.ast.expr.EmptyExpression>: null

18-10-2024T05:12:20 - [TEST_STEP][PASSED] - b38 = <not implemented yet for class: org.codehaus.groovy.ast.expr.EmptyExpression>: null

18-10-2024T05:12:20 - [TEST_STEP][PASSED] - b39 = <not implemented yet for class: org.codehaus.groovy.ast.expr.EmptyExpression>: null

18-10-2024T05:12:20 - [TEST_STEP][PASSED] - b310 = <not implemented yet for class: org.codehaus.groovy.ast.expr.EmptyExpression>: null

18-10-2024T05:12:20 - [TEST_STEP][PASSED] - b311 = <not implemented yet for class: org.codehaus.groovy.ast.expr.EmptyExpression>: null

18-10-2024T05:12:20 - [TEST_STEP][PASSED] - b312 = <not implemented yet for class: org.codehaus.groovy.ast.expr.EmptyExpression>: null

18-10-2024T05:12:20 - [TEST_STEP][PASSED] - b313 = <not implemented yet for class: org.codehaus.groovy.ast.expr.EmptyExpression>: null

18-10-2024T05:12:20 - [TEST_STEP][PASSED] - b314 = <not implemented yet for class: org.codehaus.groovy.ast.expr.EmptyExpression>: null

18-10-2024T05:12:20 - [TEST_STEP][PASSED] - b315 = <not implemented yet for class: org.codehaus.groovy.ast.expr.EmptyExpression>: null

18-10-2024T05:12:20 - [TEST_STEP][PASSED] - b316 = <not implemented yet for class: org.codehaus.groovy.ast.expr.EmptyExpression>: null

18-10-2024T05:12:20 - [TEST_STEP][PASSED] - b317 = <not implemented yet for class: org.codehaus.groovy.ast.expr.EmptyExpression>: null

18-10-2024T05:12:20 - [TEST_STEP][PASSED] - block = 1: null

18-10-2024T05:12:20 - [TEST_STEP][PASSED] - nameOfBlock = "": null

18-10-2024T05:12:20 - [TEST_STEP][PASSED] - Script1710234207206.PreSettings(run, vir, block, nameOfBlock, typeOfData, todaysDate): null

18-10-2024T05:12:20 - [TEST_STEP][PASSED] - openBrowser(""): Browser is opened with url: ''

18-10-2024T05:12:20 - [MESSAGE][INFO] - Starting 'Chrome' driver

18-10-2024T05:12:20 - [MESSAGE][INFO] - Action delay is set to 0 milliseconds

18-10-2024T05:12:21 - [MESSAGE][PASSED] - Browser is opened with url: ''

18-10-2024T05:12:21 - [TEST_STEP][PASSED] - refresh(): Refresh successfully

18-10-2024T05:12:21 - [MESSAGE][PASSED] - Refresh successfully

18-10-2024T05:12:21 - [TEST_STEP][PASSED] - delay(50): Delayed 50 second(s)

18-10-2024T05:13:11 - [MESSAGE][PASSED] - Delayed 50 second(s)

18-10-2024T05:13:11 - [TEST_STEP][PASSED] - println("run:" + run): null

18-10-2024T05:13:11 - [TEST_STEP][PASSED] - println("vir:" + vir): null

18-10-2024T05:13:11 - [TEST_STEP][PASSED] - println("block:" + block): null

18-10-2024T05:13:11 - [TEST_STEP][PASSED] - if (block == 1): null

18-10-2024T05:13:11 - [TEST_STEP][PASSED] - nameOfBlock = "": null

18-10-2024T05:13:11 - [TEST_STEP][PASSED] - println("nameOfBlock:" + nameOfBlock): null

18-10-2024T05:13:11 - [TEST_STEP][PASSED] - println("typeOfData:" + typeOfData): null

18-10-2024T05:13:11 - [TEST_STEP][PASSED] - println("todaysDate:" + todaysDate): null

18-10-2024T05:13:11 - [TEST_STEP][PASSED] - Script1710234207206.Autorization(block, nameOfBlock): null

18-10-2024T05:13:11 - [TEST_STEP][PASSED] - i = <not implemented yet for class: org.codehaus.groovy.ast.expr.EmptyExpression>: null

18-10-2024T05:13:11 - [TEST_STEP][PASSED] - ii = <not implemented yet for class: org.codehaus.groovy.ast.expr.EmptyExpression>: null

18-10-2024T05:13:11 - [TEST_STEP][PASSED] - urlData = <not implemented yet for class: org.codehaus.groovy.ast.expr.EmptyExpression>: null

18-10-2024T05:13:11 - [TEST_STEP][PASSED] - searchWord = <not implemented yet for class: org.codehaus.groovy.ast.expr.EmptyExpression>: null

18-10-2024T05:13:11 - [TEST_STEP][PASSED] - urlText = <not implemented yet for class: org.codehaus.groovy.ast.expr.EmptyExpression>: null

18-10-2024T05:13:11 - [TEST_STEP][PASSED] - println("block:" + block): null

18-10-2024T05:13:11 - [TEST_STEP][PASSED] - if (block == 1): null

18-10-2024T05:13:11 - [TEST_STEP][PASSED] - nameOfBlock = "": null

18-10-2024T05:13:11 - [TEST_STEP][PASSED] - println("nameOfBlock:" + nameOfBlock): null

18-10-2024T05:13:11 - [TEST_STEP][PASSED] - if (block == 1): Delayed 45 second(s)

18-10-2024T05:13:11 - [TEST_STEP][PASSED] - urlData = 2: null

18-10-2024T05:13:11 - [TEST_STEP][PASSED] - delay(45): Delayed 45 second(s)

18-10-2024T05:13:56 - [MESSAGE][PASSED] - Delayed 45 second(s)

18-10-2024T05:13:56 - [TEST_STEP][PASSED] - navigateToUrl(findTestData("PlanFact").getValue(10, urlData)): Navigate to 'https://bi.rosseti.digital/viewer?dashboardGuid=2301950b23be4ed89c1df75f2020051e&sheetGuid=b723206f698544fb87299f3095c00435&fit=true' successfully

18-10-2024T05:14:01 - [MESSAGE][PASSED] - Navigate to 'https://bi.rosseti.digital/viewer?dashboardGuid=2301950b23be4ed89c1df75f2020051e&sheetGuid=b723206f698544fb87299f3095c00435&fit=true' successfully

18-10-2024T05:14:01 - [TEST_STEP][PASSED] - urlText = getText(findTestObject("Страница авторизации/Text")): Text of object 'Object Repository/Страница авторизации/Text' is: 'Вход'

18-10-2024T05:14:04 - [MESSAGE][PASSED] - Text of object 'Object Repository/Страница авторизации/Text' is: 'Вход'

18-10-2024T05:14:04 - [TEST_STEP][PASSED] - searchWord = "Вход": null

18-10-2024T05:14:04 - [TEST_STEP][PASSED] - if (urlText.contains("ошибка") || urlText.contains(searchWord) == false): null

18-10-2024T05:14:04 - [TEST_STEP][PASSED] - if (verifyElementPresent(findTestObject("Страница авторизации/button_"), 30) == true): null

18-10-2024T05:14:04 - [MESSAGE][PASSED] - Object 'Object Repository/Страница авторизации/button_' is present

18-10-2024T05:14:04 - [TEST_STEP][PASSED] - setText(findTestObject("Страница авторизации/input__username"), findTestData("PlanFact").getValue(8, 1)): Text 'shekhov-aa' is set on object 'Object Repository/Страница авторизации/input__username'

18-10-2024T05:14:05 - [MESSAGE][PASSED] - Text 'shekhov-aa' is set on object 'Object Repository/Страница авторизации/input__username'

18-10-2024T05:14:05 - [TEST_STEP][PASSED] - setText(findTestObject("Страница авторизации/input__password"), findTestData("PlanFact").getValue(9, 1)): Text 'i)RpQLLlXv9gUDC9' is set on object 'Object Repository/Страница авторизации/input__password'

18-10-2024T05:14:06 - [MESSAGE][PASSED] - Text 'i)RpQLLlXv9gUDC9' is set on object 'Object Repository/Страница авторизации/input__password'

18-10-2024T05:14:06 - [TEST_STEP][PASSED] - click(findTestObject("Страница авторизации/button_")): Object: 'Object Repository/Страница авторизации/button_' is clicked on

18-10-2024T05:14:09 - [MESSAGE][PASSED] - Object: 'Object Repository/Страница авторизации/button_' is clicked on

18-10-2024T05:14:09 - [TEST_STEP][PASSED] - delay(45): Delayed 45 second(s)

18-10-2024T05:14:54 - [MESSAGE][PASSED] - Delayed 45 second(s)

18-10-2024T05:14:54 - [TEST_STEP][PASSED] - urlText = getText(findTestObject("Страница авторизации/Text")): Text of object 'Object Repository/Страница авторизации/Text' is: 'Период
1, 2 кв., Июль, Август 2024 года
Выручка
Все
Выполнение плановых показателей по ПАО Россети за 1, 2 кв., Июль, Август 2024 года
План
Факт
Динамика
2024 год
0 млн.руб.
100 000 млн.руб.
200 000 млн.руб.
300 000 млн.руб.
400 000 млн.руб.
500 000 млн.руб.
600 000 млн.руб.
700 000 млн.руб.
800 000 млн.руб.
900 000 млн.руб.
1 000 000 млн.руб.
1 100 000 млн.руб.
1 200 000 млн.руб.
938 020
964 061
↑
ДЗО 
Все
Внутренний оборот - выручка за услуги по передаче электрической энергии, учтенная в выручке за электроэнергию для конечных потребителей, при выполнении ДЗО функций гарантирующего поставщика
Подписи данных
⬤Отклонение
АО «Тываэнерго»
АО «Чеченэнерго»
Россети Волга
Россети Кубань
Россети Ленэнерго (ГК)
Россети Московский регион
Россети Северный Кавказ (ГК)
Россети Северо-Запад
Россети Сибирь (ГК)
Россети Томск
Россети Тюмень
Россети Урал (ГК)
Россети ФСК ЕЭС
Россети Центр
Россети Центр и Приволжье (ГК)
Россети Юг (ГК)
Россети Янтарь
-4 000 млн.руб.
-3 000 млн.руб.
-2 000 млн.руб.
-1 000 млн.руб.
0 млн.руб.
1 000 млн.руб.
2 000 млн.руб.
3 000 млн.руб.
4 000 млн.руб.
5 000 млн.руб.
6 000 млн.руб.
7 000 млн.руб.
8 000 млн.руб.
173
44
122
3 000
3 666
6 842
695
1 000
1 910
228
-3 453
1 778
1 353
3 442
3 872
1 131
237
млн.
%
Выручка
Отклонение выручки по ПАО Россети за 1, 2 кв., Июль, Август 2024 года (факт/план, млн. руб)
ПАО Россети
26 040.4 млн.руб.
 '

18-10-2024T05:14:54 - [MESSAGE][PASSED] - Text of object 'Object Repository/Страница авторизации/Text' is: 'Период
1, 2 кв., Июль, Август 2024 года
Выручка
Все
Выполнение плановых показателей по ПАО Россети за 1, 2 кв., Июль, Август 2024 года
План
Факт
Динамика
2024 год
0 млн.руб.
100 000 млн.руб.
200 000 млн.руб.
300 000 млн.руб.
400 000 млн.руб.
500 000 млн.руб.
600 000 млн.руб.
700 000 млн.руб.
800 000 млн.руб.
900 000 млн.руб.
1 000 000 млн.руб.
1 100 000 млн.руб.
1 200 000 млн.руб.
938 020
964 061
↑
ДЗО 
Все
Внутренний оборот - выручка за услуги по передаче электрической энергии, учтенная в выручке за электроэнергию для конечных потребителей, при выполнении ДЗО функций гарантирующего поставщика
Подписи данных
⬤Отклонение
АО «Тываэнерго»
АО «Чеченэнерго»
Россети Волга
Россети Кубань
Россети Ленэнерго (ГК)
Россети Московский регион
Россети Северный Кавказ (ГК)
Россети Северо-Запад
Россети Сибирь (ГК)
Россети Томск
Россети Тюмень
Россети Урал (ГК)
Россети ФСК ЕЭС
Россети Центр
Россети Центр и Приволжье (ГК)
Россети Юг (ГК)
Россети Янтарь
-4 000 млн.руб.
-3 000 млн.руб.
-2 000 млн.руб.
-1 000 млн.руб.
0 млн.руб.
1 000 млн.руб.
2 000 млн.руб.
3 000 млн.руб.
4 000 млн.руб.
5 000 млн.руб.
6 000 млн.руб.
7 000 млн.руб.
8 000 млн.руб.
173
44
122
3 000
3 666
6 842
695
1 000
1 910
228
-3 453
1 778
1 353
3 442
3 872
1 131
237
млн.
%
Выручка
Отклонение выручки по ПАО Россети за 1, 2 кв., Июль, Август 2024 года (факт/план, млн. руб)
ПАО Россети
26 040.4 млн.руб.
 '

18-10-2024T05:14:54 - [TEST_STEP][PASSED] - searchWord = "а": null

18-10-2024T05:14:54 - [TEST_STEP][PASSED] - if (urlText.contains("ошибка") || urlText.contains(searchWord) == false): null

18-10-2024T05:14:54 - [TEST_STEP][PASSED] - delay(45): Delayed 45 second(s)

18-10-2024T05:15:39 - [MESSAGE][PASSED] - Delayed 45 second(s)

18-10-2024T05:15:39 - [TEST_STEP][PASSED] - if (block == 2): null

18-10-2024T05:15:39 - [TEST_STEP][PASSED] - click(findTestObject("Выручка в рублях/Фильтр Период" + nameOfBlock)): Object: 'Object Repository/Выручка в рублях/Фильтр Период' is clicked on

18-10-2024T05:15:40 - [MESSAGE][PASSED] - Object: 'Object Repository/Выручка в рублях/Фильтр Период' is clicked on

18-10-2024T05:15:40 - [TEST_STEP][PASSED] - click(findTestObject("Выручка в рублях/Снять выделение в фильтре Дата" + nameOfBlock)): Object: 'Object Repository/Выручка в рублях/Снять выделение в фильтре Дата' is clicked on

18-10-2024T05:15:40 - [MESSAGE][PASSED] - Object: 'Object Repository/Выручка в рублях/Снять выделение в фильтре Дата' is clicked on

18-10-2024T05:15:40 - [TEST_STEP][PASSED] - click(findTestObject("Выручка в рублях/Применить в фильтре Дата" + nameOfBlock)): Object: 'Object Repository/Выручка в рублях/Применить в фильтре Дата' is clicked on

18-10-2024T05:15:41 - [MESSAGE][PASSED] - Object: 'Object Repository/Выручка в рублях/Применить в фильтре Дата' is clicked on

18-10-2024T05:15:41 - [TEST_STEP][PASSED] - delay(50): Delayed 50 second(s)

18-10-2024T05:16:31 - [MESSAGE][PASSED] - Delayed 50 second(s)

18-10-2024T05:16:31 - [TEST_STEP][PASSED] - click(findTestObject("Выручка в рублях/Фильтр Период" + nameOfBlock)): Object: 'Object Repository/Выручка в рублях/Фильтр Период' is clicked on

18-10-2024T05:16:31 - [MESSAGE][PASSED] - Object: 'Object Repository/Выручка в рублях/Фильтр Период' is clicked on

18-10-2024T05:16:31 - [TEST_STEP][PASSED] - click(findTestObject("Выручка в рублях/Снять выделение в фильтре Дата" + nameOfBlock)): Object: 'Object Repository/Выручка в рублях/Снять выделение в фильтре Дата' is clicked on

18-10-2024T05:16:32 - [MESSAGE][PASSED] - Object: 'Object Repository/Выручка в рублях/Снять выделение в фильтре Дата' is clicked on

18-10-2024T05:16:32 - [TEST_STEP][PASSED] - scrollToElement(findTestObject("Выручка в рублях/2024 список" + nameOfBlock), 30): Scroll to object 'Object Repository/Выручка в рублях/2024 список' successfully

18-10-2024T05:16:32 - [MESSAGE][PASSED] - Scroll to object 'Object Repository/Выручка в рублях/2024 список' successfully

18-10-2024T05:16:32 - [TEST_STEP][PASSED] - click(findTestObject("Выручка в рублях/2024 список" + nameOfBlock)): Object: 'Object Repository/Выручка в рублях/2024 список' is clicked on

18-10-2024T05:16:32 - [MESSAGE][PASSED] - Object: 'Object Repository/Выручка в рублях/2024 список' is clicked on

18-10-2024T05:16:32 - [TEST_STEP][PASSED] - scrollToElement(findTestObject("Выручка в рублях/1 квартал 2024 выбрать" + nameOfBlock), 30): Scroll to object 'Object Repository/Выручка в рублях/1 квартал 2024 выбрать' successfully

18-10-2024T05:16:33 - [MESSAGE][PASSED] - Scroll to object 'Object Repository/Выручка в рублях/1 квартал 2024 выбрать' successfully

18-10-2024T05:16:33 - [TEST_STEP][PASSED] - click(findTestObject("Выручка в рублях/1 квартал 2024 выбрать" + nameOfBlock)): Object: 'Object Repository/Выручка в рублях/1 квартал 2024 выбрать' is clicked on

18-10-2024T05:16:33 - [MESSAGE][PASSED] - Object: 'Object Repository/Выручка в рублях/1 квартал 2024 выбрать' is clicked on

18-10-2024T05:16:33 - [TEST_STEP][PASSED] - scrollToElement(findTestObject("Выручка в рублях/2 квартал 2024 выбрать" + nameOfBlock), 30): Scroll to object 'Object Repository/Выручка в рублях/2 квартал 2024 выбрать' successfully

18-10-2024T05:16:34 - [MESSAGE][PASSED] - Scroll to object 'Object Repository/Выручка в рублях/2 квартал 2024 выбрать' successfully

18-10-2024T05:16:34 - [TEST_STEP][PASSED] - click(findTestObject("Выручка в рублях/2 квартал 2024 выбрать" + nameOfBlock)): Object: 'Object Repository/Выручка в рублях/2 квартал 2024 выбрать' is clicked on

18-10-2024T05:16:34 - [MESSAGE][PASSED] - Object: 'Object Repository/Выручка в рублях/2 квартал 2024 выбрать' is clicked on

18-10-2024T05:16:34 - [TEST_STEP][PASSED] - scrollToElement(findTestObject("Выручка в рублях/3 квартал 2024 список" + nameOfBlock), 30): Scroll to object 'Object Repository/Выручка в рублях/3 квартал 2024 список' successfully

18-10-2024T05:16:35 - [MESSAGE][PASSED] - Scroll to object 'Object Repository/Выручка в рублях/3 квартал 2024 список' successfully

18-10-2024T05:16:35 - [TEST_STEP][PASSED] - click(findTestObject("Выручка в рублях/3 квартал 2024 список" + nameOfBlock)): Object: 'Object Repository/Выручка в рублях/3 квартал 2024 список' is clicked on

18-10-2024T05:16:35 - [MESSAGE][PASSED] - Object: 'Object Repository/Выручка в рублях/3 квартал 2024 список' is clicked on

18-10-2024T05:16:35 - [TEST_STEP][PASSED] - click(findTestObject("Выручка в рублях/Июль 2024" + nameOfBlock)): Object: 'Object Repository/Выручка в рублях/Июль 2024' is clicked on

18-10-2024T05:16:35 - [MESSAGE][PASSED] - Object: 'Object Repository/Выручка в рублях/Июль 2024' is clicked on

18-10-2024T05:16:35 - [TEST_STEP][PASSED] - scrollToElement(findTestObject("Выручка в рублях/Август 2024" + nameOfBlock), 30): Scroll to object 'Object Repository/Выручка в рублях/Август 2024' successfully

18-10-2024T05:16:36 - [MESSAGE][PASSED] - Scroll to object 'Object Repository/Выручка в рублях/Август 2024' successfully

18-10-2024T05:16:36 - [TEST_STEP][PASSED] - click(findTestObject("Выручка в рублях/Август 2024" + nameOfBlock)): Object: 'Object Repository/Выручка в рублях/Август 2024' is clicked on

18-10-2024T05:16:36 - [MESSAGE][PASSED] - Object: 'Object Repository/Выручка в рублях/Август 2024' is clicked on

18-10-2024T05:16:36 - [TEST_STEP][PASSED] - scrollToElement(findTestObject("Выручка в рублях/Заголовок дашборда" + nameOfBlock), 30): Scroll to object 'Object Repository/Выручка в рублях/Заголовок дашборда' successfully

18-10-2024T05:16:37 - [MESSAGE][PASSED] - Scroll to object 'Object Repository/Выручка в рублях/Заголовок дашборда' successfully

18-10-2024T05:16:37 - [TEST_STEP][PASSED] - click(findTestObject("Выручка в рублях/Применить в фильтре Дата" + nameOfBlock)): Object: 'Object Repository/Выручка в рублях/Применить в фильтре Дата' is clicked on

18-10-2024T05:16:37 - [MESSAGE][PASSED] - Object: 'Object Repository/Выручка в рублях/Применить в фильтре Дата' is clicked on

18-10-2024T05:16:37 - [TEST_STEP][PASSED] - delay(50): Delayed 50 second(s)

18-10-2024T05:17:27 - [MESSAGE][PASSED] - Delayed 50 second(s)

18-10-2024T05:17:27 - [TEST_STEP][PASSED] - click(findTestObject("Выручка в рублях/Фильтр ДЗО" + nameOfBlock)): Object: 'Object Repository/Выручка в рублях/Фильтр ДЗО' is clicked on

18-10-2024T05:17:27 - [MESSAGE][PASSED] - Object: 'Object Repository/Выручка в рублях/Фильтр ДЗО' is clicked on

18-10-2024T05:17:27 - [TEST_STEP][PASSED] - click(findTestObject("Выручка в рублях/Снять выделение в фильтре ДЗО" + nameOfBlock)): Object: 'Object Repository/Выручка в рублях/Снять выделение в фильтре ДЗО' is clicked on

18-10-2024T05:17:28 - [MESSAGE][PASSED] - Object: 'Object Repository/Выручка в рублях/Снять выделение в фильтре ДЗО' is clicked on

18-10-2024T05:17:28 - [TEST_STEP][PASSED] - click(findTestObject("Выручка в рублях/Применить в фильтре ДЗО" + nameOfBlock)): Object: 'Object Repository/Выручка в рублях/Применить в фильтре ДЗО' is clicked on

18-10-2024T05:17:28 - [MESSAGE][PASSED] - Object: 'Object Repository/Выручка в рублях/Применить в фильтре ДЗО' is clicked on

18-10-2024T05:17:28 - [TEST_STEP][PASSED] - delay(50): Delayed 50 second(s)

18-10-2024T05:18:18 - [MESSAGE][PASSED] - Delayed 50 second(s)

18-10-2024T05:18:18 - [TEST_STEP][PASSED] - Script1710234207206.Tumbler(run, vir, block, nameOfBlock): null

18-10-2024T05:18:18 - [TEST_STEP][PASSED] - println("run:" + run): null

18-10-2024T05:18:18 - [TEST_STEP][PASSED] - println("vir:" + vir): null

18-10-2024T05:18:18 - [TEST_STEP][PASSED] - println("block:" + block): null

18-10-2024T05:18:18 - [TEST_STEP][PASSED] - println("nameOfBlock:" + nameOfBlock): null

18-10-2024T05:18:18 - [TEST_STEP][PASSED] - if (vir == 1): null

18-10-2024T05:18:18 - [TEST_STEP][PASSED] - else if (vir == 2): null

18-10-2024T05:18:18 - [TEST_STEP][PASSED] - else if (vir == 3): Object: 'Object Repository/Выручка в рублях/Применить в фильтре Выручка' is clicked on

18-10-2024T05:18:18 - [TEST_STEP][PASSED] - if (run == 2): null

18-10-2024T05:18:18 - [TEST_STEP][PASSED] - click(findTestObject("Выручка в рублях/Фильтр Выручка" + nameOfBlock)): Object: 'Object Repository/Выручка в рублях/Фильтр Выручка' is clicked on

18-10-2024T05:18:19 - [MESSAGE][PASSED] - Object: 'Object Repository/Выручка в рублях/Фильтр Выручка' is clicked on

18-10-2024T05:18:19 - [TEST_STEP][PASSED] - click(findTestObject("Выручка в рублях/Внутренний оборот в фильтре Выручка" + nameOfBlock)): Object: 'Object Repository/Выручка в рублях/Внутренний оборот в фильтре Выручка' is clicked on

18-10-2024T05:18:19 - [MESSAGE][PASSED] - Object: 'Object Repository/Выручка в рублях/Внутренний оборот в фильтре Выручка' is clicked on

18-10-2024T05:18:19 - [TEST_STEP][PASSED] - click(findTestObject("Выручка в рублях/Применить в фильтре Выручка" + nameOfBlock)): Object: 'Object Repository/Выручка в рублях/Применить в фильтре Выручка' is clicked on

18-10-2024T05:18:20 - [MESSAGE][PASSED] - Object: 'Object Repository/Выручка в рублях/Применить в фильтре Выручка' is clicked on

18-10-2024T05:18:20 - [TEST_STEP][PASSED] - click(findTestObject("Выручка в рублях/Фильтр ДЗО" + nameOfBlock)): Object: 'Object Repository/Выручка в рублях/Фильтр ДЗО' is clicked on

18-10-2024T05:18:23 - [MESSAGE][PASSED] - Object: 'Object Repository/Выручка в рублях/Фильтр ДЗО' is clicked on

18-10-2024T05:18:23 - [TEST_STEP][PASSED] - Script1710234207206.Rosseti(nameOfBlock): null

18-10-2024T05:18:23 - [TEST_STEP][PASSED] - println("nameOfBlock:" + nameOfBlock): null

18-10-2024T05:18:23 - [TEST_STEP][PASSED] - click(findTestObject("Выручка в рублях/ПАО Россети" + nameOfBlock)): Object: 'Object Repository/Выручка в рублях/ПАО Россети' is clicked on

18-10-2024T05:18:23 - [MESSAGE][PASSED] - Object: 'Object Repository/Выручка в рублях/ПАО Россети' is clicked on

18-10-2024T05:18:23 - [TEST_STEP][PASSED] - click(findTestObject("Выручка в рублях/Применить в фильтре ДЗО" + nameOfBlock)): Object: 'Object Repository/Выручка в рублях/Применить в фильтре ДЗО' is clicked on

18-10-2024T05:18:24 - [MESSAGE][PASSED] - Object: 'Object Repository/Выручка в рублях/Применить в фильтре ДЗО' is clicked on

18-10-2024T05:18:24 - [TEST_STEP][PASSED] - if (run == 2): null

18-10-2024T05:18:24 - [TEST_STEP][PASSED] - if (vir == 1 || vir == 2): null

18-10-2024T05:18:24 - [TEST_STEP][PASSED] - else: Text of object 'Object Repository/Выручка в рублях/vir3Plan' is: '15 949'

18-10-2024T05:18:24 - [TEST_STEP][PASSED] - a1 = getText(findTestObject("Выручка в рублях/vir3Plan")): Text of object 'Object Repository/Выручка в рублях/vir3Plan' is: '15 949'

18-10-2024T05:18:26 - [MESSAGE][PASSED] - Text of object 'Object Repository/Выручка в рублях/vir3Plan' is: '15 949'

18-10-2024T05:18:26 - [TEST_STEP][PASSED] - if (vir == 1 || vir == 2): null

18-10-2024T05:18:26 - [TEST_STEP][PASSED] - else: Text of object 'Object Repository/Выручка в рублях/vir3Fact' is: '16 473'

18-10-2024T05:18:26 - [TEST_STEP][PASSED] - a2 = getText(findTestObject("Выручка в рублях/vir3Fact")): Text of object 'Object Repository/Выручка в рублях/vir3Fact' is: '16 473'

18-10-2024T05:18:26 - [MESSAGE][PASSED] - Text of object 'Object Repository/Выручка в рублях/vir3Fact' is: '16 473'

18-10-2024T05:18:26 - [TEST_STEP][PASSED] - a30 = getText(findTestObject("Выручка в рублях/span1" + perc)): Text of object 'Object Repository/Выручка в рублях/span1' is: '524 млн.руб.'

18-10-2024T05:18:27 - [MESSAGE][PASSED] - Text of object 'Object Repository/Выручка в рублях/span1' is: '524 млн.руб.'

18-10-2024T05:18:27 - [TEST_STEP][PASSED] - i = a30.indexOf("млн.руб."): null

18-10-2024T05:18:27 - [TEST_STEP][PASSED] - if (i > -1): null

18-10-2024T05:18:27 - [TEST_STEP][PASSED] - a30 = a30.substring(0, i): null

18-10-2024T05:18:27 - [TEST_STEP][PASSED] - a30 = a30.replaceAll(" ", ""): null

18-10-2024T05:18:27 - [TEST_STEP][PASSED] - if (a30.contains("%")): null

18-10-2024T05:18:27 - [TEST_STEP][PASSED] - a30 = ").trim(): null

18-10-2024T05:18:27 - [TEST_STEP][PASSED] - println("a30: " + a30): null

18-10-2024T05:18:27 - [TEST_STEP][PASSED] - if (vir == 1 || vir == 2): null

18-10-2024T05:18:27 - [TEST_STEP][PASSED] - else: Text of object 'Object Repository/Выручка в рублях/span15' is: '-20'

18-10-2024T05:18:27 - [TEST_STEP][PASSED] - a31 = ").trim(): Text of object 'Object Repository/Выручка в рублях/span15' is: '-20'

18-10-2024T05:18:27 - [MESSAGE][PASSED] - Text of object 'Object Repository/Выручка в рублях/span15' is: '-20'

18-10-2024T05:18:27 - [TEST_STEP][PASSED] - if (vir == 1 || vir == 2): null

18-10-2024T05:18:27 - [TEST_STEP][PASSED] - else: Text of object 'Object Repository/Выручка в рублях/span16' is: '54'

18-10-2024T05:18:27 - [TEST_STEP][PASSED] - a32 = ").trim(): Text of object 'Object Repository/Выручка в рублях/span16' is: '54'

18-10-2024T05:18:27 - [MESSAGE][PASSED] - Text of object 'Object Repository/Выручка в рублях/span16' is: '54'

18-10-2024T05:18:27 - [TEST_STEP][PASSED] - if (vir == 1 || vir == 2): null

18-10-2024T05:18:27 - [TEST_STEP][PASSED] - else: Text of object 'Object Repository/Выручка в рублях/span17' is: '458'

18-10-2024T05:18:27 - [TEST_STEP][PASSED] - a37 = ").trim(): Text of object 'Object Repository/Выручка в рублях/span17' is: '458'

18-10-2024T05:18:28 - [MESSAGE][PASSED] - Text of object 'Object Repository/Выручка в рублях/span17' is: '458'

18-10-2024T05:18:28 - [TEST_STEP][PASSED] - if (vir == 1 || vir == 2): null

18-10-2024T05:18:28 - [TEST_STEP][PASSED] - else: Text of object 'Object Repository/Выручка в рублях/span18' is: '32'

18-10-2024T05:18:28 - [TEST_STEP][PASSED] - a316 = ").trim(): Text of object 'Object Repository/Выручка в рублях/span18' is: '32'

18-10-2024T05:18:28 - [MESSAGE][PASSED] - Text of object 'Object Repository/Выручка в рублях/span18' is: '32'

18-10-2024T05:18:28 - [TEST_STEP][PASSED] - if (vir == 1 || vir == 2): null

18-10-2024T05:18:28 - [TEST_STEP][PASSED] - block = 2: null

18-10-2024T05:18:28 - [TEST_STEP][PASSED] - nameOfBlock = " Выручка": null

18-10-2024T05:18:28 - [TEST_STEP][PASSED] - Script1710234207206.PreSettings(run, vir, block, nameOfBlock, typeOfData, todaysDate): null

18-10-2024T05:18:28 - [TEST_STEP][PASSED] - openBrowser(""): Browser is opened with url: ''

18-10-2024T05:18:28 - [MESSAGE][WARNING] - A browser is already opened. Closing browser and opening a new one

18-10-2024T05:18:28 - [MESSAGE][INFO] - Starting 'Chrome' driver

18-10-2024T05:18:28 - [MESSAGE][INFO] - Action delay is set to 0 milliseconds

18-10-2024T05:18:29 - [MESSAGE][PASSED] - Browser is opened with url: ''

18-10-2024T05:18:29 - [TEST_STEP][PASSED] - refresh(): Refresh successfully

18-10-2024T05:18:29 - [MESSAGE][PASSED] - Refresh successfully

18-10-2024T05:18:29 - [TEST_STEP][PASSED] - delay(50): Delayed 50 second(s)

18-10-2024T05:19:19 - [MESSAGE][PASSED] - Delayed 50 second(s)

18-10-2024T05:19:19 - [TEST_STEP][PASSED] - println("run:" + run): null

18-10-2024T05:19:19 - [TEST_STEP][PASSED] - println("vir:" + vir): null

18-10-2024T05:19:19 - [TEST_STEP][PASSED] - println("block:" + block): null

18-10-2024T05:19:19 - [TEST_STEP][PASSED] - if (block == 1): null

18-10-2024T05:19:19 - [TEST_STEP][PASSED] - else: null

18-10-2024T05:19:19 - [TEST_STEP][PASSED] - nameOfBlock = " Выручка": null

18-10-2024T05:19:19 - [TEST_STEP][PASSED] - println("nameOfBlock:" + nameOfBlock): null

18-10-2024T05:19:19 - [TEST_STEP][PASSED] - println("typeOfData:" + typeOfData): null

18-10-2024T05:19:19 - [TEST_STEP][PASSED] - println("todaysDate:" + todaysDate): null

18-10-2024T05:19:19 - [TEST_STEP][PASSED] - Script1710234207206.Autorization(block, nameOfBlock): null

18-10-2024T05:19:19 - [TEST_STEP][PASSED] - i = <not implemented yet for class: org.codehaus.groovy.ast.expr.EmptyExpression>: null

18-10-2024T05:19:19 - [TEST_STEP][PASSED] - ii = <not implemented yet for class: org.codehaus.groovy.ast.expr.EmptyExpression>: null

18-10-2024T05:19:19 - [TEST_STEP][PASSED] - urlData = <not implemented yet for class: org.codehaus.groovy.ast.expr.EmptyExpression>: null

18-10-2024T05:19:19 - [TEST_STEP][PASSED] - searchWord = <not implemented yet for class: org.codehaus.groovy.ast.expr.EmptyExpression>: null

18-10-2024T05:19:19 - [TEST_STEP][PASSED] - urlText = <not implemented yet for class: org.codehaus.groovy.ast.expr.EmptyExpression>: null

18-10-2024T05:19:19 - [TEST_STEP][PASSED] - println("block:" + block): null

18-10-2024T05:19:19 - [TEST_STEP][PASSED] - if (block == 1): null

18-10-2024T05:19:19 - [TEST_STEP][PASSED] - else: null

18-10-2024T05:19:19 - [TEST_STEP][PASSED] - delay(45): Delayed 45 second(s)

18-10-2024T05:20:04 - [MESSAGE][PASSED] - Delayed 45 second(s)

18-10-2024T05:20:04 - [TEST_STEP][PASSED] - nameOfBlock = " Выручка": null

18-10-2024T05:20:04 - [TEST_STEP][PASSED] - println("nameOfBlock:" + nameOfBlock): null

18-10-2024T05:20:04 - [TEST_STEP][PASSED] - if (block == 1): null

18-10-2024T05:20:04 - [TEST_STEP][PASSED] - else: Delayed 45 second(s)

18-10-2024T05:20:04 - [TEST_STEP][PASSED] - urlData = 9: null

18-10-2024T05:20:04 - [TEST_STEP][PASSED] - delay(45): Delayed 45 second(s)

18-10-2024T05:20:49 - [MESSAGE][PASSED] - Delayed 45 second(s)

18-10-2024T05:20:49 - [TEST_STEP][PASSED] - navigateToUrl(findTestData("PlanFact").getValue(10, urlData)): Navigate to 'https://bi.rosseti.digital/viewer?dashboardGuid=a1fd28b3785d443cbc4d7690a1d78e31&sheetGuid=86092a20c5984827a0c87b24cac76a50&fit=true' successfully

18-10-2024T05:20:54 - [MESSAGE][PASSED] - Navigate to 'https://bi.rosseti.digital/viewer?dashboardGuid=a1fd28b3785d443cbc4d7690a1d78e31&sheetGuid=86092a20c5984827a0c87b24cac76a50&fit=true' successfully

18-10-2024T05:20:54 - [TEST_STEP][PASSED] - urlText = getText(findTestObject("Страница авторизации/Text")): Text of object 'Object Repository/Страница авторизации/Text' is: 'Вход'

18-10-2024T05:20:57 - [MESSAGE][PASSED] - Text of object 'Object Repository/Страница авторизации/Text' is: 'Вход'

18-10-2024T05:20:57 - [TEST_STEP][PASSED] - searchWord = "Вход": null

18-10-2024T05:20:57 - [TEST_STEP][PASSED] - if (urlText.contains("ошибка") || urlText.contains(searchWord) == false): null

18-10-2024T05:20:57 - [TEST_STEP][PASSED] - if (verifyElementPresent(findTestObject("Страница авторизации/button_"), 30) == true): null

18-10-2024T05:20:57 - [MESSAGE][PASSED] - Object 'Object Repository/Страница авторизации/button_' is present

18-10-2024T05:20:57 - [TEST_STEP][PASSED] - setText(findTestObject("Страница авторизации/input__username"), findTestData("PlanFact").getValue(8, 1)): Text 'shekhov-aa' is set on object 'Object Repository/Страница авторизации/input__username'

18-10-2024T05:20:58 - [MESSAGE][PASSED] - Text 'shekhov-aa' is set on object 'Object Repository/Страница авторизации/input__username'

18-10-2024T05:20:58 - [TEST_STEP][PASSED] - setText(findTestObject("Страница авторизации/input__password"), findTestData("PlanFact").getValue(9, 1)): Text 'i)RpQLLlXv9gUDC9' is set on object 'Object Repository/Страница авторизации/input__password'

18-10-2024T05:20:59 - [MESSAGE][PASSED] - Text 'i)RpQLLlXv9gUDC9' is set on object 'Object Repository/Страница авторизации/input__password'

18-10-2024T05:20:59 - [TEST_STEP][PASSED] - click(findTestObject("Страница авторизации/button_")): Object: 'Object Repository/Страница авторизации/button_' is clicked on

18-10-2024T05:21:01 - [MESSAGE][PASSED] - Object: 'Object Repository/Страница авторизации/button_' is clicked on

18-10-2024T05:21:01 - [TEST_STEP][PASSED] - delay(45): Delayed 45 second(s)

18-10-2024T05:21:46 - [MESSAGE][PASSED] - Delayed 45 second(s)

18-10-2024T05:21:46 - [TEST_STEP][PASSED] - urlText = getText(findTestObject("Страница авторизации/Text")): Text of object 'Object Repository/Страница авторизации/Text' is: 'Период
Выбрано: 4
Выручка
Все
Выполнение плановых показателей, млн.руб.
План
Факт
Динамика
2024 год
0 млн.руб.
100 000 млн.руб.
200 000 млн.руб.
300 000 млн.руб.
400 000 млн.руб.
500 000 млн.руб.
600 000 млн.руб.
700 000 млн.руб.
800 000 млн.руб.
900 000 млн.руб.
1 000 000 млн.руб.
1 100 000 млн.руб.
1 200 000 млн.руб.
938 020
964 061
↑
ДЗО 
Все
Подписи данных
⬤Отклонение
АО «Тываэнерго»
АО «Чеченэнерго»
Россети Волга
Россети Кубань
Россети Ленэнерго (ГК)
Россети Московский регион
Россети Северный Кавказ (ГК)
Россети Северо-Запад
Россети Сибирь (ГК)
Россети Томск
Россети Тюмень
Россети Урал (ГК)
Россети ФСК ЕЭС
Россети Центр
Россети Центр и Приволжье (ГК)
Россети Юг (ГК)
Россети Янтарь
-4 000 млн.руб.
-3 000 млн.руб.
-2 000 млн.руб.
-1 000 млн.руб.
0 млн.руб.
1 000 млн.руб.
2 000 млн.руб.
3 000 млн.руб.
4 000 млн.руб.
5 000 млн.руб.
6 000 млн.руб.
7 000 млн.руб.
8 000 млн.руб.
173
44
122
3 000
3 666
6 842
695
1 000
1 910
228
-3 453
1 778
1 353
3 442
3 872
1 131
237
млн.
%
Выручка
Отклонение выручки (факт/план, млн. руб) 
ПАО Россети
26 040.4 млн.руб.
Статус данных
×
Просьба обратить внимание
Данные занесены не полностью
ВЫБРАННЫЕ ЗНАЧЕНИЯ ФИЛЬТРОВ
ДЗО | ПЕРИОД
ПАО Россети: [«Выбраны все филиалы по всем ДЗО по всем категориям»]
2024: [Янв, Фев, Мар, Апр, Май, Июн, Июл, Авг]
*Внутренний оборот'

18-10-2024T05:21:47 - [MESSAGE][PASSED] - Text of object 'Object Repository/Страница авторизации/Text' is: 'Период
Выбрано: 4
Выручка
Все
Выполнение плановых показателей, млн.руб.
План
Факт
Динамика
2024 год
0 млн.руб.
100 000 млн.руб.
200 000 млн.руб.
300 000 млн.руб.
400 000 млн.руб.
500 000 млн.руб.
600 000 млн.руб.
700 000 млн.руб.
800 000 млн.руб.
900 000 млн.руб.
1 000 000 млн.руб.
1 100 000 млн.руб.
1 200 000 млн.руб.
938 020
964 061
↑
ДЗО 
Все
Подписи данных
⬤Отклонение
АО «Тываэнерго»
АО «Чеченэнерго»
Россети Волга
Россети Кубань
Россети Ленэнерго (ГК)
Россети Московский регион
Россети Северный Кавказ (ГК)
Россети Северо-Запад
Россети Сибирь (ГК)
Россети Томск
Россети Тюмень
Россети Урал (ГК)
Россети ФСК ЕЭС
Россети Центр
Россети Центр и Приволжье (ГК)
Россети Юг (ГК)
Россети Янтарь
-4 000 млн.руб.
-3 000 млн.руб.
-2 000 млн.руб.
-1 000 млн.руб.
0 млн.руб.
1 000 млн.руб.
2 000 млн.руб.
3 000 млн.руб.
4 000 млн.руб.
5 000 млн.руб.
6 000 млн.руб.
7 000 млн.руб.
8 000 млн.руб.
173
44
122
3 000
3 666
6 842
695
1 000
1 910
228
-3 453
1 778
1 353
3 442
3 872
1 131
237
млн.
%
Выручка
Отклонение выручки (факт/план, млн. руб) 
ПАО Россети
26 040.4 млн.руб.
Статус данных
×
Просьба обратить внимание
Данные занесены не полностью
ВЫБРАННЫЕ ЗНАЧЕНИЯ ФИЛЬТРОВ
ДЗО | ПЕРИОД
ПАО Россети: [«Выбраны все филиалы по всем ДЗО по всем категориям»]
2024: [Янв, Фев, Мар, Апр, Май, Июн, Июл, Авг]
*Внутренний оборот'

18-10-2024T05:21:47 - [TEST_STEP][PASSED] - searchWord = "а": null

18-10-2024T05:21:47 - [TEST_STEP][PASSED] - if (urlText.contains("ошибка") || urlText.contains(searchWord) == false): null

18-10-2024T05:21:47 - [TEST_STEP][PASSED] - delay(45): Delayed 45 second(s)

18-10-2024T05:22:32 - [MESSAGE][PASSED] - Delayed 45 second(s)

18-10-2024T05:22:32 - [TEST_STEP][PASSED] - if (block == 2): Delayed 50 second(s)

18-10-2024T05:22:32 - [TEST_STEP][PASSED] - opoveshenie = getText(findTestObject("Выручка в рублях/Просьба обратить внимание")): Text of object 'Object Repository/Выручка в рублях/Просьба обратить внимание' is: 'Просьба обратить внимание'

18-10-2024T05:22:32 - [MESSAGE][PASSED] - Text of object 'Object Repository/Выручка в рублях/Просьба обратить внимание' is: 'Просьба обратить внимание'

18-10-2024T05:22:32 - [TEST_STEP][PASSED] - if (opoveshenie == "Просьба обратить внимание"): Delayed 50 second(s)

18-10-2024T05:22:32 - [TEST_STEP][PASSED] - click(findTestObject("Выручка в рублях/Закрыть оповещение")): Object: 'Object Repository/Выручка в рублях/Закрыть оповещение' is clicked on

18-10-2024T05:22:33 - [MESSAGE][PASSED] - Object: 'Object Repository/Выручка в рублях/Закрыть оповещение' is clicked on

18-10-2024T05:22:33 - [TEST_STEP][PASSED] - delay(50): Delayed 50 second(s)

18-10-2024T05:23:23 - [MESSAGE][PASSED] - Delayed 50 second(s)

18-10-2024T05:23:23 - [TEST_STEP][PASSED] - click(findTestObject("Выручка в рублях/Фильтр Период" + nameOfBlock)): Object: 'Object Repository/Выручка в рублях/Фильтр Период Выручка' is clicked on

18-10-2024T05:23:23 - [MESSAGE][PASSED] - Object: 'Object Repository/Выручка в рублях/Фильтр Период Выручка' is clicked on

18-10-2024T05:23:23 - [TEST_STEP][PASSED] - click(findTestObject("Выручка в рублях/Снять выделение в фильтре Дата" + nameOfBlock)): Object: 'Object Repository/Выручка в рублях/Снять выделение в фильтре Дата Выручка' is clicked on

18-10-2024T05:23:24 - [MESSAGE][PASSED] - Object: 'Object Repository/Выручка в рублях/Снять выделение в фильтре Дата Выручка' is clicked on

18-10-2024T05:23:24 - [TEST_STEP][PASSED] - click(findTestObject("Выручка в рублях/Применить в фильтре Дата" + nameOfBlock)): Object: 'Object Repository/Выручка в рублях/Применить в фильтре Дата Выручка' is clicked on

18-10-2024T05:23:24 - [MESSAGE][PASSED] - Object: 'Object Repository/Выручка в рублях/Применить в фильтре Дата Выручка' is clicked on

18-10-2024T05:23:24 - [TEST_STEP][PASSED] - delay(50): Delayed 50 second(s)

18-10-2024T05:24:14 - [MESSAGE][PASSED] - Delayed 50 second(s)

18-10-2024T05:24:14 - [TEST_STEP][PASSED] - click(findTestObject("Выручка в рублях/Фильтр Период" + nameOfBlock)): Object: 'Object Repository/Выручка в рублях/Фильтр Период Выручка' is clicked on

18-10-2024T05:24:15 - [MESSAGE][PASSED] - Object: 'Object Repository/Выручка в рублях/Фильтр Период Выручка' is clicked on

18-10-2024T05:24:15 - [TEST_STEP][PASSED] - click(findTestObject("Выручка в рублях/Снять выделение в фильтре Дата" + nameOfBlock)): Object: 'Object Repository/Выручка в рублях/Снять выделение в фильтре Дата Выручка' is clicked on

18-10-2024T05:24:15 - [MESSAGE][PASSED] - Object: 'Object Repository/Выручка в рублях/Снять выделение в фильтре Дата Выручка' is clicked on

18-10-2024T05:24:15 - [TEST_STEP][PASSED] - scrollToElement(findTestObject("Выручка в рублях/2024 список" + nameOfBlock), 30): Scroll to object 'Object Repository/Выручка в рублях/2024 список Выручка' successfully

18-10-2024T05:24:15 - [MESSAGE][PASSED] - Scroll to object 'Object Repository/Выручка в рублях/2024 список Выручка' successfully

18-10-2024T05:24:15 - [TEST_STEP][PASSED] - click(findTestObject("Выручка в рублях/2024 список" + nameOfBlock)): Object: 'Object Repository/Выручка в рублях/2024 список Выручка' is clicked on

18-10-2024T05:24:16 - [MESSAGE][PASSED] - Object: 'Object Repository/Выручка в рублях/2024 список Выручка' is clicked on

18-10-2024T05:24:16 - [TEST_STEP][PASSED] - scrollToElement(findTestObject("Выручка в рублях/1 квартал 2024 выбрать" + nameOfBlock), 30): Scroll to object 'Object Repository/Выручка в рублях/1 квартал 2024 выбрать Выручка' successfully

18-10-2024T05:24:16 - [MESSAGE][PASSED] - Scroll to object 'Object Repository/Выручка в рублях/1 квартал 2024 выбрать Выручка' successfully

18-10-2024T05:24:16 - [TEST_STEP][PASSED] - click(findTestObject("Выручка в рублях/1 квартал 2024 выбрать" + nameOfBlock)): Object: 'Object Repository/Выручка в рублях/1 квартал 2024 выбрать Выручка' is clicked on

18-10-2024T05:24:17 - [MESSAGE][PASSED] - Object: 'Object Repository/Выручка в рублях/1 квартал 2024 выбрать Выручка' is clicked on

18-10-2024T05:24:17 - [TEST_STEP][PASSED] - scrollToElement(findTestObject("Выручка в рублях/2 квартал 2024 выбрать" + nameOfBlock), 30): Scroll to object 'Object Repository/Выручка в рублях/2 квартал 2024 выбрать Выручка' successfully

18-10-2024T05:24:17 - [MESSAGE][PASSED] - Scroll to object 'Object Repository/Выручка в рублях/2 квартал 2024 выбрать Выручка' successfully

18-10-2024T05:24:17 - [TEST_STEP][PASSED] - click(findTestObject("Выручка в рублях/2 квартал 2024 выбрать" + nameOfBlock)): Object: 'Object Repository/Выручка в рублях/2 квартал 2024 выбрать Выручка' is clicked on

18-10-2024T05:24:17 - [MESSAGE][PASSED] - Object: 'Object Repository/Выручка в рублях/2 квартал 2024 выбрать Выручка' is clicked on

18-10-2024T05:24:17 - [TEST_STEP][PASSED] - scrollToElement(findTestObject("Выручка в рублях/3 квартал 2024 список" + nameOfBlock), 30): Scroll to object 'Object Repository/Выручка в рублях/3 квартал 2024 список Выручка' successfully

18-10-2024T05:24:18 - [MESSAGE][PASSED] - Scroll to object 'Object Repository/Выручка в рублях/3 квартал 2024 список Выручка' successfully

18-10-2024T05:24:18 - [TEST_STEP][PASSED] - click(findTestObject("Выручка в рублях/3 квартал 2024 список" + nameOfBlock)): Object: 'Object Repository/Выручка в рублях/3 квартал 2024 список Выручка' is clicked on

18-10-2024T05:24:18 - [MESSAGE][PASSED] - Object: 'Object Repository/Выручка в рублях/3 квартал 2024 список Выручка' is clicked on

18-10-2024T05:24:18 - [TEST_STEP][PASSED] - click(findTestObject("Выручка в рублях/Июль 2024" + nameOfBlock)): Object: 'Object Repository/Выручка в рублях/Июль 2024 Выручка' is clicked on

18-10-2024T05:24:18 - [MESSAGE][PASSED] - Object: 'Object Repository/Выручка в рублях/Июль 2024 Выручка' is clicked on

18-10-2024T05:24:18 - [TEST_STEP][PASSED] - scrollToElement(findTestObject("Выручка в рублях/Август 2024" + nameOfBlock), 30): Scroll to object 'Object Repository/Выручка в рублях/Август 2024 Выручка' successfully

18-10-2024T05:24:19 - [MESSAGE][PASSED] - Scroll to object 'Object Repository/Выручка в рублях/Август 2024 Выручка' successfully

18-10-2024T05:24:19 - [TEST_STEP][PASSED] - click(findTestObject("Выручка в рублях/Август 2024" + nameOfBlock)): Object: 'Object Repository/Выручка в рублях/Август 2024 Выручка' is clicked on

18-10-2024T05:24:19 - [MESSAGE][PASSED] - Object: 'Object Repository/Выручка в рублях/Август 2024 Выручка' is clicked on

18-10-2024T05:24:19 - [TEST_STEP][PASSED] - scrollToElement(findTestObject("Выручка в рублях/Заголовок дашборда" + nameOfBlock), 30): Scroll to object 'Object Repository/Выручка в рублях/Заголовок дашборда Выручка' successfully

18-10-2024T05:24:20 - [MESSAGE][PASSED] - Scroll to object 'Object Repository/Выручка в рублях/Заголовок дашборда Выручка' successfully

18-10-2024T05:24:20 - [TEST_STEP][PASSED] - click(findTestObject("Выручка в рублях/Применить в фильтре Дата" + nameOfBlock)): Object: 'Object Repository/Выручка в рублях/Применить в фильтре Дата Выручка' is clicked on

18-10-2024T05:24:20 - [MESSAGE][PASSED] - Object: 'Object Repository/Выручка в рублях/Применить в фильтре Дата Выручка' is clicked on

18-10-2024T05:24:20 - [TEST_STEP][PASSED] - delay(50): Delayed 50 second(s)

18-10-2024T05:25:10 - [MESSAGE][PASSED] - Delayed 50 second(s)

18-10-2024T05:25:10 - [TEST_STEP][PASSED] - click(findTestObject("Выручка в рублях/Фильтр ДЗО" + nameOfBlock)): Object: 'Object Repository/Выручка в рублях/Фильтр ДЗО Выручка' is clicked on

18-10-2024T05:25:11 - [MESSAGE][PASSED] - Object: 'Object Repository/Выручка в рублях/Фильтр ДЗО Выручка' is clicked on

18-10-2024T05:25:11 - [TEST_STEP][PASSED] - click(findTestObject("Выручка в рублях/Снять выделение в фильтре ДЗО" + nameOfBlock)): Object: 'Object Repository/Выручка в рублях/Снять выделение в фильтре ДЗО Выручка' is clicked on

18-10-2024T05:25:11 - [MESSAGE][PASSED] - Object: 'Object Repository/Выручка в рублях/Снять выделение в фильтре ДЗО Выручка' is clicked on

18-10-2024T05:25:11 - [TEST_STEP][PASSED] - click(findTestObject("Выручка в рублях/Применить в фильтре ДЗО" + nameOfBlock)): Object: 'Object Repository/Выручка в рублях/Применить в фильтре ДЗО Выручка' is clicked on

18-10-2024T05:25:12 - [MESSAGE][PASSED] - Object: 'Object Repository/Выручка в рублях/Применить в фильтре ДЗО Выручка' is clicked on

18-10-2024T05:25:12 - [TEST_STEP][PASSED] - delay(50): Delayed 50 second(s)

18-10-2024T05:26:02 - [MESSAGE][PASSED] - Delayed 50 second(s)

18-10-2024T05:26:02 - [TEST_STEP][PASSED] - Script1710234207206.Tumbler(run, vir, block, nameOfBlock): null

18-10-2024T05:26:02 - [TEST_STEP][PASSED] - println("run:" + run): null

18-10-2024T05:26:02 - [TEST_STEP][PASSED] - println("vir:" + vir): null

18-10-2024T05:26:02 - [TEST_STEP][PASSED] - println("block:" + block): null

18-10-2024T05:26:02 - [TEST_STEP][PASSED] - println("nameOfBlock:" + nameOfBlock): null

18-10-2024T05:26:02 - [TEST_STEP][PASSED] - if (vir == 1): null

18-10-2024T05:26:02 - [TEST_STEP][PASSED] - else if (vir == 2): null

18-10-2024T05:26:02 - [TEST_STEP][PASSED] - else if (vir == 3): Object: 'Object Repository/Выручка в рублях/Применить в фильтре Выручка Выручка' is clicked on

18-10-2024T05:26:02 - [TEST_STEP][PASSED] - if (run == 2): null

18-10-2024T05:26:02 - [TEST_STEP][PASSED] - click(findTestObject("Выручка в рублях/Фильтр Выручка" + nameOfBlock)): Object: 'Object Repository/Выручка в рублях/Фильтр Выручка Выручка' is clicked on

18-10-2024T05:26:02 - [MESSAGE][PASSED] - Object: 'Object Repository/Выручка в рублях/Фильтр Выручка Выручка' is clicked on

18-10-2024T05:26:02 - [TEST_STEP][PASSED] - click(findTestObject("Выручка в рублях/Внутренний оборот в фильтре Выручка" + nameOfBlock)): Object: 'Object Repository/Выручка в рублях/Внутренний оборот в фильтре Выручка Выручка' is clicked on

18-10-2024T05:26:03 - [MESSAGE][PASSED] - Object: 'Object Repository/Выручка в рублях/Внутренний оборот в фильтре Выручка Выручка' is clicked on

18-10-2024T05:26:03 - [TEST_STEP][PASSED] - click(findTestObject("Выручка в рублях/Применить в фильтре Выручка" + nameOfBlock)): Object: 'Object Repository/Выручка в рублях/Применить в фильтре Выручка Выручка' is clicked on

18-10-2024T05:26:03 - [MESSAGE][PASSED] - Object: 'Object Repository/Выручка в рублях/Применить в фильтре Выручка Выручка' is clicked on

18-10-2024T05:26:03 - [TEST_STEP][PASSED] - click(findTestObject("Выручка в рублях/Фильтр ДЗО" + nameOfBlock)): Object: 'Object Repository/Выручка в рублях/Фильтр ДЗО Выручка' is clicked on

18-10-2024T05:26:06 - [MESSAGE][PASSED] - Object: 'Object Repository/Выручка в рублях/Фильтр ДЗО Выручка' is clicked on

18-10-2024T05:26:06 - [TEST_STEP][PASSED] - Script1710234207206.Rosseti(nameOfBlock): null

18-10-2024T05:26:06 - [TEST_STEP][PASSED] - println("nameOfBlock:" + nameOfBlock): null

18-10-2024T05:26:06 - [TEST_STEP][PASSED] - click(findTestObject("Выручка в рублях/ПАО Россети" + nameOfBlock)): Object: 'Object Repository/Выручка в рублях/ПАО Россети Выручка' is clicked on

18-10-2024T05:26:06 - [MESSAGE][PASSED] - Object: 'Object Repository/Выручка в рублях/ПАО Россети Выручка' is clicked on

18-10-2024T05:26:06 - [TEST_STEP][PASSED] - click(findTestObject("Выручка в рублях/Применить в фильтре ДЗО" + nameOfBlock)): Object: 'Object Repository/Выручка в рублях/Применить в фильтре ДЗО Выручка' is clicked on

18-10-2024T05:26:07 - [MESSAGE][PASSED] - Object: 'Object Repository/Выручка в рублях/Применить в фильтре ДЗО Выручка' is clicked on

18-10-2024T05:26:07 - [TEST_STEP][PASSED] - if (vir == 1 || vir == 2): null

18-10-2024T05:26:07 - [TEST_STEP][PASSED] - else: Text of object 'Object Repository/Выручка в рублях/vir3Plan Выручка' is: '15 949'

18-10-2024T05:26:07 - [TEST_STEP][PASSED] - b1 = getText(findTestObject("Выручка в рублях/vir3Plan Выручка")): Text of object 'Object Repository/Выручка в рублях/vir3Plan Выручка' is: '15 949'

18-10-2024T05:26:09 - [MESSAGE][PASSED] - Text of object 'Object Repository/Выручка в рублях/vir3Plan Выручка' is: '15 949'

18-10-2024T05:26:09 - [TEST_STEP][PASSED] - if (vir == 1 || vir == 2): null

18-10-2024T05:26:09 - [TEST_STEP][PASSED] - else: Text of object 'Object Repository/Выручка в рублях/vir3Fact Выручка' is: '16 473'

18-10-2024T05:26:09 - [TEST_STEP][PASSED] - b2 = getText(findTestObject("Выручка в рублях/vir3Fact Выручка")): Text of object 'Object Repository/Выручка в рублях/vir3Fact Выручка' is: '16 473'

18-10-2024T05:26:10 - [MESSAGE][PASSED] - Text of object 'Object Repository/Выручка в рублях/vir3Fact Выручка' is: '16 473'

18-10-2024T05:26:10 - [TEST_STEP][PASSED] - b30 = getText(findTestObject("Выручка в рублях/span1" + perc)): Text of object 'Object Repository/Выручка в рублях/span1' is: '524 млн.руб.'

18-10-2024T05:26:10 - [MESSAGE][PASSED] - Text of object 'Object Repository/Выручка в рублях/span1' is: '524 млн.руб.'

18-10-2024T05:26:10 - [TEST_STEP][PASSED] - i = b30.indexOf("млн.руб."): null

18-10-2024T05:26:10 - [TEST_STEP][PASSED] - if (i > -1): null

18-10-2024T05:26:10 - [TEST_STEP][PASSED] - b30 = b30.substring(0, i): null

18-10-2024T05:26:10 - [TEST_STEP][PASSED] - b30 = b30.replaceAll(" ", ""): null

18-10-2024T05:26:10 - [TEST_STEP][PASSED] - if (b30.contains("%")): null

18-10-2024T05:26:10 - [TEST_STEP][PASSED] - b30 = ").trim(): null

18-10-2024T05:26:10 - [TEST_STEP][PASSED] - println("b30: " + b30): null

18-10-2024T05:26:10 - [TEST_STEP][PASSED] - if (vir == 1 || vir == 2): null

18-10-2024T05:26:10 - [TEST_STEP][PASSED] - else: Text of object 'Object Repository/Выручка в рублях/span15' is: '-20'

18-10-2024T05:26:10 - [TEST_STEP][PASSED] - b31 = ").trim(): Text of object 'Object Repository/Выручка в рублях/span15' is: '-20'

18-10-2024T05:26:10 - [MESSAGE][PASSED] - Text of object 'Object Repository/Выручка в рублях/span15' is: '-20'

18-10-2024T05:26:10 - [TEST_STEP][PASSED] - if (vir == 1 || vir == 2): null

18-10-2024T05:26:10 - [TEST_STEP][PASSED] - else: Text of object 'Object Repository/Выручка в рублях/span16' is: '54'

18-10-2024T05:26:10 - [TEST_STEP][PASSED] - b32 = ").trim(): Text of object 'Object Repository/Выручка в рублях/span16' is: '54'

18-10-2024T05:26:10 - [MESSAGE][PASSED] - Text of object 'Object Repository/Выручка в рублях/span16' is: '54'

18-10-2024T05:26:10 - [TEST_STEP][PASSED] - if (vir == 1 || vir == 2): null

18-10-2024T05:26:10 - [TEST_STEP][PASSED] - else: Text of object 'Object Repository/Выручка в рублях/span17' is: '458'

18-10-2024T05:26:10 - [TEST_STEP][PASSED] - b37 = ").trim(): Text of object 'Object Repository/Выручка в рублях/span17' is: '458'

18-10-2024T05:26:11 - [MESSAGE][PASSED] - Text of object 'Object Repository/Выручка в рублях/span17' is: '458'

18-10-2024T05:26:11 - [TEST_STEP][PASSED] - if (vir == 1 || vir == 2): null

18-10-2024T05:26:11 - [TEST_STEP][PASSED] - else: Text of object 'Object Repository/Выручка в рублях/span18' is: '32'

18-10-2024T05:26:11 - [TEST_STEP][PASSED] - b316 = ").trim(): Text of object 'Object Repository/Выручка в рублях/span18' is: '32'

18-10-2024T05:26:11 - [MESSAGE][PASSED] - Text of object 'Object Repository/Выручка в рублях/span18' is: '32'

18-10-2024T05:26:11 - [TEST_STEP][PASSED] - if (vir == 1 || vir == 2): null

18-10-2024T05:26:11 - [TEST_STEP][PASSED] - dZO = "ПАО Россети": null

18-10-2024T05:26:11 - [TEST_STEP][PASSED] - if (verifyEqual(a1, b1) == false): Actual object '15 949' and expected object '15 949' are equal

18-10-2024T05:26:11 - [MESSAGE][PASSED] - Actual object '15 949' and expected object '15 949' are equal

18-10-2024T05:26:11 - [TEST_STEP][PASSED] - if (verifyEqual(a2, b2) == false): Actual object '16 473' and expected object '16 473' are equal

18-10-2024T05:26:11 - [MESSAGE][PASSED] - Actual object '16 473' and expected object '16 473' are equal

18-10-2024T05:26:11 - [TEST_STEP][PASSED] - vidget = "Отклонения": null

18-10-2024T05:26:11 - [TEST_STEP][PASSED] - if (verifyEqual(a30, b30) == false): Actual object '524' and expected object '524' are equal

18-10-2024T05:26:11 - [MESSAGE][PASSED] - Actual object '524' and expected object '524' are equal

18-10-2024T05:26:11 - [TEST_STEP][PASSED] - dZO = "АО «Тываэнерго»": null

18-10-2024T05:26:11 - [TEST_STEP][PASSED] - if (verifyEqual(a31, b31) == false): Actual object '-20' and expected object '-20' are equal

18-10-2024T05:26:11 - [MESSAGE][PASSED] - Actual object '-20' and expected object '-20' are equal

18-10-2024T05:26:11 - [TEST_STEP][PASSED] - dZO = "АО «Чеченэнерго»": null

18-10-2024T05:26:11 - [TEST_STEP][PASSED] - if (verifyEqual(a32, b32) == false): Actual object '54' and expected object '54' are equal

18-10-2024T05:26:11 - [MESSAGE][PASSED] - Actual object '54' and expected object '54' are equal

18-10-2024T05:26:11 - [TEST_STEP][PASSED] - dZO = "Россети Волга": null

18-10-2024T05:26:11 - [TEST_STEP][PASSED] - if (verifyEqual(a33, b33) == false): Actual object 'null' and expected object 'null' are equal

18-10-2024T05:26:11 - [MESSAGE][PASSED] - Actual object 'null' and expected object 'null' are equal

18-10-2024T05:26:11 - [TEST_STEP][PASSED] - dZO = "Россети Кубань": null

18-10-2024T05:26:11 - [TEST_STEP][PASSED] - if (verifyEqual(a34, b34) == false): Actual object 'null' and expected object 'null' are equal

18-10-2024T05:26:11 - [MESSAGE][PASSED] - Actual object 'null' and expected object 'null' are equal

18-10-2024T05:26:11 - [TEST_STEP][PASSED] - dZO = "Россети Ленэнерго (ГК)": null

18-10-2024T05:26:11 - [TEST_STEP][PASSED] - if (verifyEqual(a35, b35) == false): Actual object 'null' and expected object 'null' are equal

18-10-2024T05:26:11 - [MESSAGE][PASSED] - Actual object 'null' and expected object 'null' are equal

18-10-2024T05:26:11 - [TEST_STEP][PASSED] - dZO = "Россети Московский регион": null

18-10-2024T05:26:11 - [TEST_STEP][PASSED] - if (verifyEqual(a36, b36) == false): Actual object 'null' and expected object 'null' are equal

18-10-2024T05:26:11 - [MESSAGE][PASSED] - Actual object 'null' and expected object 'null' are equal

18-10-2024T05:26:11 - [TEST_STEP][PASSED] - dZO = "Россети Северный Кавказ (ГК)": null

18-10-2024T05:26:11 - [TEST_STEP][PASSED] - if (verifyEqual(a37, b37) == false): Actual object '458' and expected object '458' are equal

18-10-2024T05:26:11 - [MESSAGE][PASSED] - Actual object '458' and expected object '458' are equal

18-10-2024T05:26:11 - [TEST_STEP][PASSED] - dZO = "Россети Северо-Запад": null

18-10-2024T05:26:11 - [TEST_STEP][PASSED] - if (verifyEqual(a38, b38) == false): Actual object 'null' and expected object 'null' are equal

18-10-2024T05:26:11 - [MESSAGE][PASSED] - Actual object 'null' and expected object 'null' are equal

18-10-2024T05:26:11 - [TEST_STEP][PASSED] - dZO = "Россети Сибирь (ГК)": null

18-10-2024T05:26:11 - [TEST_STEP][PASSED] - if (verifyEqual(a39, b39) == false): Actual object 'null' and expected object 'null' are equal

18-10-2024T05:26:11 - [MESSAGE][PASSED] - Actual object 'null' and expected object 'null' are equal

18-10-2024T05:26:11 - [TEST_STEP][PASSED] - dZO = "Россети Томск": null

18-10-2024T05:26:11 - [TEST_STEP][PASSED] - if (verifyEqual(a310, b310) == false): Actual object 'null' and expected object 'null' are equal

18-10-2024T05:26:11 - [MESSAGE][PASSED] - Actual object 'null' and expected object 'null' are equal

18-10-2024T05:26:11 - [TEST_STEP][PASSED] - dZO = "Россети Тюмень": null

18-10-2024T05:26:11 - [TEST_STEP][PASSED] - if (verifyEqual(a311, b311) == false): Actual object 'null' and expected object 'null' are equal

18-10-2024T05:26:11 - [MESSAGE][PASSED] - Actual object 'null' and expected object 'null' are equal

18-10-2024T05:26:11 - [TEST_STEP][PASSED] - dZO = "Россети Урал (ГК)": null

18-10-2024T05:26:11 - [TEST_STEP][PASSED] - if (verifyEqual(a312, b312) == false): Actual object 'null' and expected object 'null' are equal

18-10-2024T05:26:11 - [MESSAGE][PASSED] - Actual object 'null' and expected object 'null' are equal

18-10-2024T05:26:11 - [TEST_STEP][PASSED] - dZO = "Россети ФСК ЕЭС": null

18-10-2024T05:26:11 - [TEST_STEP][PASSED] - if (verifyEqual(a313, b313) == false): Actual object 'null' and expected object 'null' are equal

18-10-2024T05:26:11 - [MESSAGE][PASSED] - Actual object 'null' and expected object 'null' are equal

18-10-2024T05:26:11 - [TEST_STEP][PASSED] - dZO = "Россети Центр": null

18-10-2024T05:26:11 - [TEST_STEP][PASSED] - if (verifyEqual(a314, b314) == false): Actual object 'null' and expected object 'null' are equal

18-10-2024T05:26:11 - [MESSAGE][PASSED] - Actual object 'null' and expected object 'null' are equal

18-10-2024T05:26:11 - [TEST_STEP][PASSED] - dZO = "Россети Центр и Приволжье (ГК)": null

18-10-2024T05:26:11 - [TEST_STEP][PASSED] - if (verifyEqual(a315, b315) == false): Actual object 'null' and expected object 'null' are equal

18-10-2024T05:26:11 - [MESSAGE][PASSED] - Actual object 'null' and expected object 'null' are equal

18-10-2024T05:26:11 - [TEST_STEP][PASSED] - dZO = "Россети Юг (ГК)": null

18-10-2024T05:26:11 - [TEST_STEP][PASSED] - if (verifyEqual(a316, b316) == false): Actual object '32' and expected object '32' are equal

18-10-2024T05:26:11 - [MESSAGE][PASSED] - Actual object '32' and expected object '32' are equal

18-10-2024T05:26:11 - [TEST_STEP][PASSED] - dZO = "Россети Янтарь": null

18-10-2024T05:26:11 - [TEST_STEP][PASSED] - if (verifyEqual(a317, b317) == false): Actual object 'null' and expected object 'null' are equal

18-10-2024T05:26:11 - [MESSAGE][PASSED] - Actual object 'null' and expected object 'null' are equal

18-10-2024T05:26:11 - [TEST_STEP][PASSED] - closeBrowser(): null

18-10-2024T05:26:11 - [MESSAGE][PASSED] - Browser is closed

18-10-2024T05:26:11 - [TEST_STEP][PASSED] - Script1710234207206.ViruchkaChange(run, vir, block, nameOfBlock, typeOfData, viruchka, vidget, todaysDate, a, b, dZO, x, y): null

18-10-2024T05:26:11 - [TEST_STEP][PASSED] - for ([vir = 1, vir < 4, (vir++)]): null

18-10-2024T05:26:11 - [TEST_STEP][PASSED] - Script1710234207206.Blocks(run, vir, block, nameOfBlock, typeOfData, viruchka, vidget, todaysDate, a, b, dZO, x, y): null

18-10-2024T05:26:11 - [TEST_STEP][PASSED] - i = <not implemented yet for class: org.codehaus.groovy.ast.expr.EmptyExpression>: null

18-10-2024T05:26:11 - [TEST_STEP][PASSED] - perc = "": null

18-10-2024T05:26:11 - [TEST_STEP][PASSED] - a1 = <not implemented yet for class: org.codehaus.groovy.ast.expr.EmptyExpression>: null

18-10-2024T05:26:11 - [TEST_STEP][PASSED] - a2 = <not implemented yet for class: org.codehaus.groovy.ast.expr.EmptyExpression>: null

18-10-2024T05:26:11 - [TEST_STEP][PASSED] - a30 = <not implemented yet for class: org.codehaus.groovy.ast.expr.EmptyExpression>: null

18-10-2024T05:26:11 - [TEST_STEP][PASSED] - a31 = <not implemented yet for class: org.codehaus.groovy.ast.expr.EmptyExpression>: null

18-10-2024T05:26:11 - [TEST_STEP][PASSED] - a32 = <not implemented yet for class: org.codehaus.groovy.ast.expr.EmptyExpression>: null

18-10-2024T05:26:11 - [TEST_STEP][PASSED] - a33 = <not implemented yet for class: org.codehaus.groovy.ast.expr.EmptyExpression>: null

18-10-2024T05:26:11 - [TEST_STEP][PASSED] - a34 = <not implemented yet for class: org.codehaus.groovy.ast.expr.EmptyExpression>: null

18-10-2024T05:26:11 - [TEST_STEP][PASSED] - a35 = <not implemented yet for class: org.codehaus.groovy.ast.expr.EmptyExpression>: null

18-10-2024T05:26:11 - [TEST_STEP][PASSED] - a36 = <not implemented yet for class: org.codehaus.groovy.ast.expr.EmptyExpression>: null

18-10-2024T05:26:11 - [TEST_STEP][PASSED] - a37 = <not implemented yet for class: org.codehaus.groovy.ast.expr.EmptyExpression>: null

18-10-2024T05:26:11 - [TEST_STEP][PASSED] - a38 = <not implemented yet for class: org.codehaus.groovy.ast.expr.EmptyExpression>: null

18-10-2024T05:26:11 - [TEST_STEP][PASSED] - a39 = <not implemented yet for class: org.codehaus.groovy.ast.expr.EmptyExpression>: null

18-10-2024T05:26:11 - [TEST_STEP][PASSED] - a310 = <not implemented yet for class: org.codehaus.groovy.ast.expr.EmptyExpression>: null

18-10-2024T05:26:11 - [TEST_STEP][PASSED] - a311 = <not implemented yet for class: org.codehaus.groovy.ast.expr.EmptyExpression>: null

18-10-2024T05:26:11 - [TEST_STEP][PASSED] - a312 = <not implemented yet for class: org.codehaus.groovy.ast.expr.EmptyExpression>: null

18-10-2024T05:26:11 - [TEST_STEP][PASSED] - a313 = <not implemented yet for class: org.codehaus.groovy.ast.expr.EmptyExpression>: null

18-10-2024T05:26:11 - [TEST_STEP][PASSED] - a314 = <not implemented yet for class: org.codehaus.groovy.ast.expr.EmptyExpression>: null

18-10-2024T05:26:11 - [TEST_STEP][PASSED] - a315 = <not implemented yet for class: org.codehaus.groovy.ast.expr.EmptyExpression>: null

18-10-2024T05:26:11 - [TEST_STEP][PASSED] - a316 = <not implemented yet for class: org.codehaus.groovy.ast.expr.EmptyExpression>: null

18-10-2024T05:26:11 - [TEST_STEP][PASSED] - a317 = <not implemented yet for class: org.codehaus.groovy.ast.expr.EmptyExpression>: null

18-10-2024T05:26:11 - [TEST_STEP][PASSED] - b1 = <not implemented yet for class: org.codehaus.groovy.ast.expr.EmptyExpression>: null

18-10-2024T05:26:11 - [TEST_STEP][PASSED] - b2 = <not implemented yet for class: org.codehaus.groovy.ast.expr.EmptyExpression>: null

18-10-2024T05:26:11 - [TEST_STEP][PASSED] - b30 = <not implemented yet for class: org.codehaus.groovy.ast.expr.EmptyExpression>: null

18-10-2024T05:26:11 - [TEST_STEP][PASSED] - b31 = <not implemented yet for class: org.codehaus.groovy.ast.expr.EmptyExpression>: null

18-10-2024T05:26:11 - [TEST_STEP][PASSED] - b32 = <not implemented yet for class: org.codehaus.groovy.ast.expr.EmptyExpression>: null

18-10-2024T05:26:11 - [TEST_STEP][PASSED] - b33 = <not implemented yet for class: org.codehaus.groovy.ast.expr.EmptyExpression>: null

18-10-2024T05:26:11 - [TEST_STEP][PASSED] - b34 = <not implemented yet for class: org.codehaus.groovy.ast.expr.EmptyExpression>: null

18-10-2024T05:26:11 - [TEST_STEP][PASSED] - b35 = <not implemented yet for class: org.codehaus.groovy.ast.expr.EmptyExpression>: null

18-10-2024T05:26:11 - [TEST_STEP][PASSED] - b36 = <not implemented yet for class: org.codehaus.groovy.ast.expr.EmptyExpression>: null

18-10-2024T05:26:11 - [TEST_STEP][PASSED] - b37 = <not implemented yet for class: org.codehaus.groovy.ast.expr.EmptyExpression>: null

18-10-2024T05:26:11 - [TEST_STEP][PASSED] - b38 = <not implemented yet for class: org.codehaus.groovy.ast.expr.EmptyExpression>: null

18-10-2024T05:26:11 - [TEST_STEP][PASSED] - b39 = <not implemented yet for class: org.codehaus.groovy.ast.expr.EmptyExpression>: null

18-10-2024T05:26:11 - [TEST_STEP][PASSED] - b310 = <not implemented yet for class: org.codehaus.groovy.ast.expr.EmptyExpression>: null

18-10-2024T05:26:11 - [TEST_STEP][PASSED] - b311 = <not implemented yet for class: org.codehaus.groovy.ast.expr.EmptyExpression>: null

18-10-2024T05:26:11 - [TEST_STEP][PASSED] - b312 = <not implemented yet for class: org.codehaus.groovy.ast.expr.EmptyExpression>: null

18-10-2024T05:26:11 - [TEST_STEP][PASSED] - b313 = <not implemented yet for class: org.codehaus.groovy.ast.expr.EmptyExpression>: null

18-10-2024T05:26:11 - [TEST_STEP][PASSED] - b314 = <not implemented yet for class: org.codehaus.groovy.ast.expr.EmptyExpression>: null

18-10-2024T05:26:11 - [TEST_STEP][PASSED] - b315 = <not implemented yet for class: org.codehaus.groovy.ast.expr.EmptyExpression>: null

18-10-2024T05:26:11 - [TEST_STEP][PASSED] - b316 = <not implemented yet for class: org.codehaus.groovy.ast.expr.EmptyExpression>: null

18-10-2024T05:26:11 - [TEST_STEP][PASSED] - b317 = <not implemented yet for class: org.codehaus.groovy.ast.expr.EmptyExpression>: null

18-10-2024T05:26:11 - [TEST_STEP][PASSED] - block = 1: null

18-10-2024T05:26:11 - [TEST_STEP][PASSED] - nameOfBlock = "": null

18-10-2024T05:26:11 - [TEST_STEP][PASSED] - Script1710234207206.PreSettings(run, vir, block, nameOfBlock, typeOfData, todaysDate): null

18-10-2024T05:26:11 - [TEST_STEP][PASSED] - openBrowser(""): Browser is opened with url: ''

18-10-2024T05:26:11 - [MESSAGE][INFO] - Starting 'Chrome' driver

18-10-2024T05:26:11 - [MESSAGE][INFO] - Action delay is set to 0 milliseconds

18-10-2024T05:26:12 - [MESSAGE][PASSED] - Browser is opened with url: ''

18-10-2024T05:26:12 - [TEST_STEP][PASSED] - refresh(): Refresh successfully

18-10-2024T05:26:12 - [MESSAGE][PASSED] - Refresh successfully

18-10-2024T05:26:12 - [TEST_STEP][PASSED] - delay(50): Delayed 50 second(s)

18-10-2024T05:27:02 - [MESSAGE][PASSED] - Delayed 50 second(s)

18-10-2024T05:27:02 - [TEST_STEP][PASSED] - println("run:" + run): null

18-10-2024T05:27:02 - [TEST_STEP][PASSED] - println("vir:" + vir): null

18-10-2024T05:27:02 - [TEST_STEP][PASSED] - println("block:" + block): null

18-10-2024T05:27:02 - [TEST_STEP][PASSED] - if (block == 1): null

18-10-2024T05:27:02 - [TEST_STEP][PASSED] - nameOfBlock = "": null

18-10-2024T05:27:02 - [TEST_STEP][PASSED] - println("nameOfBlock:" + nameOfBlock): null

18-10-2024T05:27:02 - [TEST_STEP][PASSED] - println("typeOfData:" + typeOfData): null

18-10-2024T05:27:02 - [TEST_STEP][PASSED] - println("todaysDate:" + todaysDate): null

18-10-2024T05:27:02 - [TEST_STEP][PASSED] - Script1710234207206.Autorization(block, nameOfBlock): null

18-10-2024T05:27:02 - [TEST_STEP][PASSED] - i = <not implemented yet for class: org.codehaus.groovy.ast.expr.EmptyExpression>: null

18-10-2024T05:27:02 - [TEST_STEP][PASSED] - ii = <not implemented yet for class: org.codehaus.groovy.ast.expr.EmptyExpression>: null

18-10-2024T05:27:02 - [TEST_STEP][PASSED] - urlData = <not implemented yet for class: org.codehaus.groovy.ast.expr.EmptyExpression>: null

18-10-2024T05:27:02 - [TEST_STEP][PASSED] - searchWord = <not implemented yet for class: org.codehaus.groovy.ast.expr.EmptyExpression>: null

18-10-2024T05:27:02 - [TEST_STEP][PASSED] - urlText = <not implemented yet for class: org.codehaus.groovy.ast.expr.EmptyExpression>: null

18-10-2024T05:27:02 - [TEST_STEP][PASSED] - println("block:" + block): null

18-10-2024T05:27:02 - [TEST_STEP][PASSED] - if (block == 1): null

18-10-2024T05:27:02 - [TEST_STEP][PASSED] - nameOfBlock = "": null

18-10-2024T05:27:02 - [TEST_STEP][PASSED] - println("nameOfBlock:" + nameOfBlock): null

18-10-2024T05:27:02 - [TEST_STEP][PASSED] - if (block == 1): Delayed 45 second(s)

18-10-2024T05:27:02 - [TEST_STEP][PASSED] - urlData = 2: null

18-10-2024T05:27:02 - [TEST_STEP][PASSED] - delay(45): Delayed 45 second(s)

18-10-2024T05:27:47 - [MESSAGE][PASSED] - Delayed 45 second(s)

18-10-2024T05:27:47 - [TEST_STEP][PASSED] - navigateToUrl(findTestData("PlanFact").getValue(10, urlData)): Navigate to 'https://bi.rosseti.digital/viewer?dashboardGuid=2301950b23be4ed89c1df75f2020051e&sheetGuid=b723206f698544fb87299f3095c00435&fit=true' successfully

18-10-2024T05:27:52 - [MESSAGE][PASSED] - Navigate to 'https://bi.rosseti.digital/viewer?dashboardGuid=2301950b23be4ed89c1df75f2020051e&sheetGuid=b723206f698544fb87299f3095c00435&fit=true' successfully

18-10-2024T05:27:52 - [TEST_STEP][PASSED] - urlText = getText(findTestObject("Страница авторизации/Text")): Text of object 'Object Repository/Страница авторизации/Text' is: 'Вход'

18-10-2024T05:27:55 - [MESSAGE][PASSED] - Text of object 'Object Repository/Страница авторизации/Text' is: 'Вход'

18-10-2024T05:27:55 - [TEST_STEP][PASSED] - searchWord = "Вход": null

18-10-2024T05:27:55 - [TEST_STEP][PASSED] - if (urlText.contains("ошибка") || urlText.contains(searchWord) == false): null

18-10-2024T05:27:55 - [TEST_STEP][PASSED] - if (verifyElementPresent(findTestObject("Страница авторизации/button_"), 30) == true): null

18-10-2024T05:27:55 - [MESSAGE][PASSED] - Object 'Object Repository/Страница авторизации/button_' is present

18-10-2024T05:27:55 - [TEST_STEP][PASSED] - setText(findTestObject("Страница авторизации/input__username"), findTestData("PlanFact").getValue(8, 1)): Text 'shekhov-aa' is set on object 'Object Repository/Страница авторизации/input__username'

18-10-2024T05:27:56 - [MESSAGE][PASSED] - Text 'shekhov-aa' is set on object 'Object Repository/Страница авторизации/input__username'

18-10-2024T05:27:56 - [TEST_STEP][PASSED] - setText(findTestObject("Страница авторизации/input__password"), findTestData("PlanFact").getValue(9, 1)): Text 'i)RpQLLlXv9gUDC9' is set on object 'Object Repository/Страница авторизации/input__password'

18-10-2024T05:27:57 - [MESSAGE][PASSED] - Text 'i)RpQLLlXv9gUDC9' is set on object 'Object Repository/Страница авторизации/input__password'

18-10-2024T05:27:57 - [TEST_STEP][PASSED] - click(findTestObject("Страница авторизации/button_")): Object: 'Object Repository/Страница авторизации/button_' is clicked on

18-10-2024T05:27:59 - [MESSAGE][PASSED] - Object: 'Object Repository/Страница авторизации/button_' is clicked on

18-10-2024T05:27:59 - [TEST_STEP][PASSED] - delay(45): Delayed 45 second(s)

18-10-2024T05:28:44 - [MESSAGE][PASSED] - Delayed 45 second(s)

18-10-2024T05:28:44 - [TEST_STEP][PASSED] - urlText = getText(findTestObject("Страница авторизации/Text")): Text of object 'Object Repository/Страница авторизации/Text' is: 'Период
1, 2 кв., Июль, Август 2024 года
Выручка
Все
Выполнение плановых показателей по ПАО Россети за 1, 2 кв., Июль, Август 2024 года
План
Факт
Динамика
2024 год
0 млн.руб.
100 000 млн.руб.
200 000 млн.руб.
300 000 млн.руб.
400 000 млн.руб.
500 000 млн.руб.
600 000 млн.руб.
700 000 млн.руб.
800 000 млн.руб.
900 000 млн.руб.
1 000 000 млн.руб.
1 100 000 млн.руб.
1 200 000 млн.руб.
938 020
964 061
↑
ДЗО 
Все
Внутренний оборот - выручка за услуги по передаче электрической энергии, учтенная в выручке за электроэнергию для конечных потребителей, при выполнении ДЗО функций гарантирующего поставщика
Подписи данных
⬤Отклонение
АО «Тываэнерго»
АО «Чеченэнерго»
Россети Волга
Россети Кубань
Россети Ленэнерго (ГК)
Россети Московский регион
Россети Северный Кавказ (ГК)
Россети Северо-Запад
Россети Сибирь (ГК)
Россети Томск
Россети Тюмень
Россети Урал (ГК)
Россети ФСК ЕЭС
Россети Центр
Россети Центр и Приволжье (ГК)
Россети Юг (ГК)
Россети Янтарь
-4 000 млн.руб.
-3 000 млн.руб.
-2 000 млн.руб.
-1 000 млн.руб.
0 млн.руб.
1 000 млн.руб.
2 000 млн.руб.
3 000 млн.руб.
4 000 млн.руб.
5 000 млн.руб.
6 000 млн.руб.
7 000 млн.руб.
8 000 млн.руб.
173
44
122
3 000
3 666
6 842
695
1 000
1 910
228
-3 453
1 778
1 353
3 442
3 872
1 131
237
млн.
%
Выручка
Отклонение выручки по ПАО Россети за 1, 2 кв., Июль, Август 2024 года (факт/план, млн. руб)
ПАО Россети
26 040.4 млн.руб.
 '

18-10-2024T05:28:45 - [MESSAGE][PASSED] - Text of object 'Object Repository/Страница авторизации/Text' is: 'Период
1, 2 кв., Июль, Август 2024 года
Выручка
Все
Выполнение плановых показателей по ПАО Россети за 1, 2 кв., Июль, Август 2024 года
План
Факт
Динамика
2024 год
0 млн.руб.
100 000 млн.руб.
200 000 млн.руб.
300 000 млн.руб.
400 000 млн.руб.
500 000 млн.руб.
600 000 млн.руб.
700 000 млн.руб.
800 000 млн.руб.
900 000 млн.руб.
1 000 000 млн.руб.
1 100 000 млн.руб.
1 200 000 млн.руб.
938 020
964 061
↑
ДЗО 
Все
Внутренний оборот - выручка за услуги по передаче электрической энергии, учтенная в выручке за электроэнергию для конечных потребителей, при выполнении ДЗО функций гарантирующего поставщика
Подписи данных
⬤Отклонение
АО «Тываэнерго»
АО «Чеченэнерго»
Россети Волга
Россети Кубань
Россети Ленэнерго (ГК)
Россети Московский регион
Россети Северный Кавказ (ГК)
Россети Северо-Запад
Россети Сибирь (ГК)
Россети Томск
Россети Тюмень
Россети Урал (ГК)
Россети ФСК ЕЭС
Россети Центр
Россети Центр и Приволжье (ГК)
Россети Юг (ГК)
Россети Янтарь
-4 000 млн.руб.
-3 000 млн.руб.
-2 000 млн.руб.
-1 000 млн.руб.
0 млн.руб.
1 000 млн.руб.
2 000 млн.руб.
3 000 млн.руб.
4 000 млн.руб.
5 000 млн.руб.
6 000 млн.руб.
7 000 млн.руб.
8 000 млн.руб.
173
44
122
3 000
3 666
6 842
695
1 000
1 910
228
-3 453
1 778
1 353
3 442
3 872
1 131
237
млн.
%
Выручка
Отклонение выручки по ПАО Россети за 1, 2 кв., Июль, Август 2024 года (факт/план, млн. руб)
ПАО Россети
26 040.4 млн.руб.
 '

18-10-2024T05:28:45 - [TEST_STEP][PASSED] - searchWord = "а": null

18-10-2024T05:28:45 - [TEST_STEP][PASSED] - if (urlText.contains("ошибка") || urlText.contains(searchWord) == false): null

18-10-2024T05:28:45 - [TEST_STEP][PASSED] - delay(45): Delayed 45 second(s)

18-10-2024T05:29:30 - [MESSAGE][PASSED] - Delayed 45 second(s)

18-10-2024T05:29:30 - [TEST_STEP][PASSED] - if (block == 2): null

18-10-2024T05:29:30 - [TEST_STEP][PASSED] - click(findTestObject("Выручка в рублях/Фильтр Период" + nameOfBlock)): Object: 'Object Repository/Выручка в рублях/Фильтр Период' is clicked on

18-10-2024T05:29:30 - [MESSAGE][PASSED] - Object: 'Object Repository/Выручка в рублях/Фильтр Период' is clicked on

18-10-2024T05:29:30 - [TEST_STEP][PASSED] - click(findTestObject("Выручка в рублях/Снять выделение в фильтре Дата" + nameOfBlock)): Object: 'Object Repository/Выручка в рублях/Снять выделение в фильтре Дата' is clicked on

18-10-2024T05:29:31 - [MESSAGE][PASSED] - Object: 'Object Repository/Выручка в рублях/Снять выделение в фильтре Дата' is clicked on

18-10-2024T05:29:31 - [TEST_STEP][PASSED] - click(findTestObject("Выручка в рублях/Применить в фильтре Дата" + nameOfBlock)): Object: 'Object Repository/Выручка в рублях/Применить в фильтре Дата' is clicked on

18-10-2024T05:29:32 - [MESSAGE][PASSED] - Object: 'Object Repository/Выручка в рублях/Применить в фильтре Дата' is clicked on

18-10-2024T05:29:32 - [TEST_STEP][PASSED] - delay(50): Delayed 50 second(s)

18-10-2024T05:30:22 - [MESSAGE][PASSED] - Delayed 50 second(s)

18-10-2024T05:30:22 - [TEST_STEP][PASSED] - click(findTestObject("Выручка в рублях/Фильтр Период" + nameOfBlock)): Object: 'Object Repository/Выручка в рублях/Фильтр Период' is clicked on

18-10-2024T05:30:22 - [MESSAGE][PASSED] - Object: 'Object Repository/Выручка в рублях/Фильтр Период' is clicked on

18-10-2024T05:30:22 - [TEST_STEP][PASSED] - click(findTestObject("Выручка в рублях/Снять выделение в фильтре Дата" + nameOfBlock)): Object: 'Object Repository/Выручка в рублях/Снять выделение в фильтре Дата' is clicked on

18-10-2024T05:30:22 - [MESSAGE][PASSED] - Object: 'Object Repository/Выручка в рублях/Снять выделение в фильтре Дата' is clicked on

18-10-2024T05:30:22 - [TEST_STEP][PASSED] - scrollToElement(findTestObject("Выручка в рублях/2024 список" + nameOfBlock), 30): Scroll to object 'Object Repository/Выручка в рублях/2024 список' successfully

18-10-2024T05:30:23 - [MESSAGE][PASSED] - Scroll to object 'Object Repository/Выручка в рублях/2024 список' successfully

18-10-2024T05:30:23 - [TEST_STEP][PASSED] - click(findTestObject("Выручка в рублях/2024 список" + nameOfBlock)): Object: 'Object Repository/Выручка в рублях/2024 список' is clicked on

18-10-2024T05:30:23 - [MESSAGE][PASSED] - Object: 'Object Repository/Выручка в рублях/2024 список' is clicked on

18-10-2024T05:30:23 - [TEST_STEP][PASSED] - scrollToElement(findTestObject("Выручка в рублях/1 квартал 2024 выбрать" + nameOfBlock), 30): Scroll to object 'Object Repository/Выручка в рублях/1 квартал 2024 выбрать' successfully

18-10-2024T05:30:24 - [MESSAGE][PASSED] - Scroll to object 'Object Repository/Выручка в рублях/1 квартал 2024 выбрать' successfully

18-10-2024T05:30:24 - [TEST_STEP][PASSED] - click(findTestObject("Выручка в рублях/1 квартал 2024 выбрать" + nameOfBlock)): Object: 'Object Repository/Выручка в рублях/1 квартал 2024 выбрать' is clicked on

18-10-2024T05:30:24 - [MESSAGE][PASSED] - Object: 'Object Repository/Выручка в рублях/1 квартал 2024 выбрать' is clicked on

18-10-2024T05:30:24 - [TEST_STEP][PASSED] - scrollToElement(findTestObject("Выручка в рублях/2 квартал 2024 выбрать" + nameOfBlock), 30): Scroll to object 'Object Repository/Выручка в рублях/2 квартал 2024 выбрать' successfully

18-10-2024T05:30:24 - [MESSAGE][PASSED] - Scroll to object 'Object Repository/Выручка в рублях/2 квартал 2024 выбрать' successfully

18-10-2024T05:30:24 - [TEST_STEP][PASSED] - click(findTestObject("Выручка в рублях/2 квартал 2024 выбрать" + nameOfBlock)): Object: 'Object Repository/Выручка в рублях/2 квартал 2024 выбрать' is clicked on

18-10-2024T05:30:25 - [MESSAGE][PASSED] - Object: 'Object Repository/Выручка в рублях/2 квартал 2024 выбрать' is clicked on

18-10-2024T05:30:25 - [TEST_STEP][PASSED] - scrollToElement(findTestObject("Выручка в рублях/3 квартал 2024 список" + nameOfBlock), 30): Scroll to object 'Object Repository/Выручка в рублях/3 квартал 2024 список' successfully

18-10-2024T05:30:25 - [MESSAGE][PASSED] - Scroll to object 'Object Repository/Выручка в рублях/3 квартал 2024 список' successfully

18-10-2024T05:30:25 - [TEST_STEP][PASSED] - click(findTestObject("Выручка в рублях/3 квартал 2024 список" + nameOfBlock)): Object: 'Object Repository/Выручка в рублях/3 квартал 2024 список' is clicked on

18-10-2024T05:30:26 - [MESSAGE][PASSED] - Object: 'Object Repository/Выручка в рублях/3 квартал 2024 список' is clicked on

18-10-2024T05:30:26 - [TEST_STEP][PASSED] - click(findTestObject("Выручка в рублях/Июль 2024" + nameOfBlock)): Object: 'Object Repository/Выручка в рублях/Июль 2024' is clicked on

18-10-2024T05:30:26 - [MESSAGE][PASSED] - Object: 'Object Repository/Выручка в рублях/Июль 2024' is clicked on

18-10-2024T05:30:26 - [TEST_STEP][PASSED] - scrollToElement(findTestObject("Выручка в рублях/Август 2024" + nameOfBlock), 30): Scroll to object 'Object Repository/Выручка в рублях/Август 2024' successfully

18-10-2024T05:30:26 - [MESSAGE][PASSED] - Scroll to object 'Object Repository/Выручка в рублях/Август 2024' successfully

18-10-2024T05:30:26 - [TEST_STEP][PASSED] - click(findTestObject("Выручка в рублях/Август 2024" + nameOfBlock)): Object: 'Object Repository/Выручка в рублях/Август 2024' is clicked on

18-10-2024T05:30:27 - [MESSAGE][PASSED] - Object: 'Object Repository/Выручка в рублях/Август 2024' is clicked on

18-10-2024T05:30:27 - [TEST_STEP][PASSED] - scrollToElement(findTestObject("Выручка в рублях/Заголовок дашборда" + nameOfBlock), 30): Scroll to object 'Object Repository/Выручка в рублях/Заголовок дашборда' successfully

18-10-2024T05:30:27 - [MESSAGE][PASSED] - Scroll to object 'Object Repository/Выручка в рублях/Заголовок дашборда' successfully

18-10-2024T05:30:27 - [TEST_STEP][PASSED] - click(findTestObject("Выручка в рублях/Применить в фильтре Дата" + nameOfBlock)): Object: 'Object Repository/Выручка в рублях/Применить в фильтре Дата' is clicked on

18-10-2024T05:30:28 - [MESSAGE][PASSED] - Object: 'Object Repository/Выручка в рублях/Применить в фильтре Дата' is clicked on

18-10-2024T05:30:28 - [TEST_STEP][PASSED] - delay(50): Delayed 50 second(s)

18-10-2024T05:31:18 - [MESSAGE][PASSED] - Delayed 50 second(s)

18-10-2024T05:31:18 - [TEST_STEP][PASSED] - click(findTestObject("Выручка в рублях/Фильтр ДЗО" + nameOfBlock)): Object: 'Object Repository/Выручка в рублях/Фильтр ДЗО' is clicked on

18-10-2024T05:31:18 - [MESSAGE][PASSED] - Object: 'Object Repository/Выручка в рублях/Фильтр ДЗО' is clicked on

18-10-2024T05:31:18 - [TEST_STEP][PASSED] - click(findTestObject("Выручка в рублях/Снять выделение в фильтре ДЗО" + nameOfBlock)): Object: 'Object Repository/Выручка в рублях/Снять выделение в фильтре ДЗО' is clicked on

18-10-2024T05:31:19 - [MESSAGE][PASSED] - Object: 'Object Repository/Выручка в рублях/Снять выделение в фильтре ДЗО' is clicked on

18-10-2024T05:31:19 - [TEST_STEP][PASSED] - click(findTestObject("Выручка в рублях/Применить в фильтре ДЗО" + nameOfBlock)): Object: 'Object Repository/Выручка в рублях/Применить в фильтре ДЗО' is clicked on

18-10-2024T05:31:19 - [MESSAGE][PASSED] - Object: 'Object Repository/Выручка в рублях/Применить в фильтре ДЗО' is clicked on

18-10-2024T05:31:19 - [TEST_STEP][PASSED] - delay(50): Delayed 50 second(s)

18-10-2024T05:32:09 - [MESSAGE][PASSED] - Delayed 50 second(s)

18-10-2024T05:32:09 - [TEST_STEP][PASSED] - Script1710234207206.Tumbler(run, vir, block, nameOfBlock): null

18-10-2024T05:32:09 - [TEST_STEP][PASSED] - println("run:" + run): null

18-10-2024T05:32:09 - [TEST_STEP][PASSED] - println("vir:" + vir): null

18-10-2024T05:32:09 - [TEST_STEP][PASSED] - println("block:" + block): null

18-10-2024T05:32:09 - [TEST_STEP][PASSED] - println("nameOfBlock:" + nameOfBlock): null

18-10-2024T05:32:09 - [TEST_STEP][PASSED] - if (vir == 1): Object: 'Object Repository/Выручка в рублях/Переключить отображение с млн на проценты Выручка в рублях' is clicked on

18-10-2024T05:32:09 - [TEST_STEP][PASSED] - if (run == 2): Object: 'Object Repository/Выручка в рублях/Переключить отображение с млн на проценты Выручка в рублях' is clicked on

18-10-2024T05:32:09 - [TEST_STEP][PASSED] - click(findTestObject("Выручка в рублях/Переключить отображение с млн на проценты Выручка в рублях" + nameOfBlock)): Object: 'Object Repository/Выручка в рублях/Переключить отображение с млн на проценты Выручка в рублях' is clicked on

18-10-2024T05:32:09 - [MESSAGE][PASSED] - Object: 'Object Repository/Выручка в рублях/Переключить отображение с млн на проценты Выручка в рублях' is clicked on

18-10-2024T05:32:09 - [TEST_STEP][PASSED] - click(findTestObject("Выручка в рублях/Фильтр ДЗО" + nameOfBlock)): Object: 'Object Repository/Выручка в рублях/Фильтр ДЗО' is clicked on

18-10-2024T05:32:10 - [MESSAGE][PASSED] - Object: 'Object Repository/Выручка в рублях/Фильтр ДЗО' is clicked on

18-10-2024T05:32:10 - [TEST_STEP][PASSED] - Script1710234207206.Rosseti(nameOfBlock): null

18-10-2024T05:32:10 - [TEST_STEP][PASSED] - println("nameOfBlock:" + nameOfBlock): null

18-10-2024T05:32:10 - [TEST_STEP][PASSED] - click(findTestObject("Выручка в рублях/ПАО Россети" + nameOfBlock)): Object: 'Object Repository/Выручка в рублях/ПАО Россети' is clicked on

18-10-2024T05:32:10 - [MESSAGE][PASSED] - Object: 'Object Repository/Выручка в рублях/ПАО Россети' is clicked on

18-10-2024T05:32:10 - [TEST_STEP][PASSED] - click(findTestObject("Выручка в рублях/Применить в фильтре ДЗО" + nameOfBlock)): Object: 'Object Repository/Выручка в рублях/Применить в фильтре ДЗО' is clicked on

18-10-2024T05:32:11 - [MESSAGE][PASSED] - Object: 'Object Repository/Выручка в рублях/Применить в фильтре ДЗО' is clicked on

18-10-2024T05:32:11 - [TEST_STEP][PASSED] - if (run == 2): null

18-10-2024T05:32:11 - [TEST_STEP][PASSED] - perc = " Perc": null

18-10-2024T05:32:11 - [TEST_STEP][PASSED] - if (vir == 1 || vir == 2): Text of object 'Object Repository/Выручка в рублях/График План' is: '938 020'

18-10-2024T05:32:11 - [TEST_STEP][PASSED] - a1 = getText(findTestObject("Выручка в рублях/График План")): Text of object 'Object Repository/Выручка в рублях/График План' is: '938 020'

18-10-2024T05:32:15 - [MESSAGE][PASSED] - Text of object 'Object Repository/Выручка в рублях/График План' is: '938 020'

18-10-2024T05:32:15 - [TEST_STEP][PASSED] - if (vir == 1 || vir == 2): Text of object 'Object Repository/Выручка в рублях/График Факт' is: '964 061'

18-10-2024T05:32:15 - [TEST_STEP][PASSED] - a2 = getText(findTestObject("Выручка в рублях/График Факт")): Text of object 'Object Repository/Выручка в рублях/График Факт' is: '964 061'

18-10-2024T05:32:15 - [MESSAGE][PASSED] - Text of object 'Object Repository/Выручка в рублях/График Факт' is: '964 061'

18-10-2024T05:32:15 - [TEST_STEP][PASSED] - a30 = getText(findTestObject("Выручка в рублях/span1" + perc)): Text of object 'Object Repository/Выручка в рублях/span1 Perc' is: '-23.85 %'

18-10-2024T05:32:16 - [MESSAGE][PASSED] - Text of object 'Object Repository/Выручка в рублях/span1 Perc' is: '-23.85 %'

18-10-2024T05:32:16 - [TEST_STEP][PASSED] - i = a30.indexOf("млн.руб."): null

18-10-2024T05:32:16 - [TEST_STEP][PASSED] - if (i > -1): null

18-10-2024T05:32:16 - [TEST_STEP][PASSED] - if (a30.contains("%")): null

18-10-2024T05:32:16 - [TEST_STEP][PASSED] - a30 = a30.replaceAll("%", ""): null

18-10-2024T05:32:16 - [TEST_STEP][PASSED] - a30 = ").trim(): null

18-10-2024T05:32:16 - [TEST_STEP][PASSED] - println("a30: " + a30): null

18-10-2024T05:32:16 - [TEST_STEP][PASSED] - if (vir == 1 || vir == 2): Text of object 'Object Repository/Выручка в рублях/span2 Perc' is: '14.04 %'

18-10-2024T05:32:16 - [TEST_STEP][PASSED] - a31 = ").trim(): Text of object 'Object Repository/Выручка в рублях/span2 Perc' is: '14.04 %'

18-10-2024T05:32:16 - [MESSAGE][PASSED] - Text of object 'Object Repository/Выручка в рублях/span2 Perc' is: '14.04 %'

18-10-2024T05:32:16 - [TEST_STEP][PASSED] - if (vir == 1 || vir == 2): Text of object 'Object Repository/Выручка в рублях/span3 Perc' is: '-49.27 %'

18-10-2024T05:32:16 - [TEST_STEP][PASSED] - a32 = ").trim(): Text of object 'Object Repository/Выручка в рублях/span3 Perc' is: '-49.27 %'

18-10-2024T05:32:16 - [MESSAGE][PASSED] - Text of object 'Object Repository/Выручка в рублях/span3 Perc' is: '-49.27 %'

18-10-2024T05:32:16 - [TEST_STEP][PASSED] - if (vir == 1 || vir == 2): Text of object 'Object Repository/Выручка в рублях/span8 Perc' is: '-49.2 %'

18-10-2024T05:32:16 - [TEST_STEP][PASSED] - a33 = ").trim(): Text of object 'Object Repository/Выручка в рублях/span4 Perc' is: '-49.88 %'

18-10-2024T05:32:16 - [MESSAGE][PASSED] - Text of object 'Object Repository/Выручка в рублях/span4 Perc' is: '-49.88 %'

18-10-2024T05:32:16 - [TEST_STEP][PASSED] - a34 = ").trim(): Text of object 'Object Repository/Выручка в рублях/span5 Perc' is: '-47.01 %'

18-10-2024T05:32:17 - [MESSAGE][PASSED] - Text of object 'Object Repository/Выручка в рублях/span5 Perc' is: '-47.01 %'

18-10-2024T05:32:17 - [TEST_STEP][PASSED] - a35 = ").trim(): Text of object 'Object Repository/Выручка в рублях/span6 Perc' is: '-47.21 %'

18-10-2024T05:32:17 - [MESSAGE][PASSED] - Text of object 'Object Repository/Выручка в рублях/span6 Perc' is: '-47.21 %'

18-10-2024T05:32:17 - [TEST_STEP][PASSED] - a36 = ").trim(): Text of object 'Object Repository/Выручка в рублях/span7 Perc' is: '5.03 %'

18-10-2024T05:32:17 - [MESSAGE][PASSED] - Text of object 'Object Repository/Выручка в рублях/span7 Perc' is: '5.03 %'

18-10-2024T05:32:17 - [TEST_STEP][PASSED] - a37 = ").trim(): Text of object 'Object Repository/Выручка в рублях/span8 Perc' is: '-49.2 %'

18-10-2024T05:32:18 - [MESSAGE][PASSED] - Text of object 'Object Repository/Выручка в рублях/span8 Perc' is: '-49.2 %'

18-10-2024T05:32:18 - [TEST_STEP][PASSED] - if (vir == 1 || vir == 2): Text of object 'Object Repository/Выручка в рублях/span17 Perc' is: '-48.36 %'

18-10-2024T05:32:18 - [TEST_STEP][PASSED] - a38 = ").trim(): Text of object 'Object Repository/Выручка в рублях/span9 Perc' is: '2.9 %'

18-10-2024T05:32:18 - [MESSAGE][PASSED] - Text of object 'Object Repository/Выручка в рублях/span9 Perc' is: '2.9 %'

18-10-2024T05:32:18 - [TEST_STEP][PASSED] - a39 = ").trim(): Text of object 'Object Repository/Выручка в рублях/span10 Perc' is: '4.21 %'

18-10-2024T05:32:18 - [MESSAGE][PASSED] - Text of object 'Object Repository/Выручка в рублях/span10 Perc' is: '4.21 %'

18-10-2024T05:32:18 - [TEST_STEP][PASSED] - a310 = ").trim(): Text of object 'Object Repository/Выручка в рублях/span11 Perc' is: '-48.15 %'

18-10-2024T05:32:19 - [MESSAGE][PASSED] - Text of object 'Object Repository/Выручка в рублях/span11 Perc' is: '-48.15 %'

18-10-2024T05:32:19 - [TEST_STEP][PASSED] - a311 = ").trim(): Text of object 'Object Repository/Выручка в рублях/span12 Perc' is: '-53.15 %'

18-10-2024T05:32:19 - [MESSAGE][PASSED] - Text of object 'Object Repository/Выручка в рублях/span12 Perc' is: '-53.15 %'

18-10-2024T05:32:19 - [TEST_STEP][PASSED] - a312 = ").trim(): Text of object 'Object Repository/Выручка в рублях/span13 Perc' is: '2.61 %'

18-10-2024T05:32:19 - [MESSAGE][PASSED] - Text of object 'Object Repository/Выручка в рублях/span13 Perc' is: '2.61 %'

18-10-2024T05:32:19 - [TEST_STEP][PASSED] - a313 = ").trim(): Text of object 'Object Repository/Выручка в рублях/span14 Perc' is: '0.66 %'

18-10-2024T05:32:20 - [MESSAGE][PASSED] - Text of object 'Object Repository/Выручка в рублях/span14 Perc' is: '0.66 %'

18-10-2024T05:32:20 - [TEST_STEP][PASSED] - a314 = ").trim(): Text of object 'Object Repository/Выручка в рублях/span15 Perc' is: '-32.03 %'

18-10-2024T05:32:20 - [MESSAGE][PASSED] - Text of object 'Object Repository/Выручка в рублях/span15 Perc' is: '-32.03 %'

18-10-2024T05:32:20 - [TEST_STEP][PASSED] - a315 = ").trim(): Text of object 'Object Repository/Выручка в рублях/span16 Perc' is: '4.79 %'

18-10-2024T05:32:20 - [MESSAGE][PASSED] - Text of object 'Object Repository/Выручка в рублях/span16 Perc' is: '4.79 %'

18-10-2024T05:32:20 - [TEST_STEP][PASSED] - a316 = ").trim(): Text of object 'Object Repository/Выручка в рублях/span17 Perc' is: '-48.36 %'

18-10-2024T05:32:20 - [MESSAGE][PASSED] - Text of object 'Object Repository/Выручка в рублях/span17 Perc' is: '-48.36 %'

18-10-2024T05:32:20 - [TEST_STEP][PASSED] - if (vir == 1 || vir == 2): Text of object 'Object Repository/Выручка в рублях/span18 Perc' is: '3.76 %'

18-10-2024T05:32:20 - [TEST_STEP][PASSED] - a317 = ").trim(): Text of object 'Object Repository/Выручка в рублях/span18 Perc' is: '3.76 %'

18-10-2024T05:32:21 - [MESSAGE][PASSED] - Text of object 'Object Repository/Выручка в рублях/span18 Perc' is: '3.76 %'

18-10-2024T05:32:21 - [TEST_STEP][PASSED] - block = 2: null

18-10-2024T05:32:21 - [TEST_STEP][PASSED] - nameOfBlock = " Выручка": null

18-10-2024T05:32:21 - [TEST_STEP][PASSED] - Script1710234207206.PreSettings(run, vir, block, nameOfBlock, typeOfData, todaysDate): null

18-10-2024T05:32:21 - [TEST_STEP][PASSED] - openBrowser(""): Browser is opened with url: ''

18-10-2024T05:32:21 - [MESSAGE][WARNING] - A browser is already opened. Closing browser and opening a new one

18-10-2024T05:32:21 - [MESSAGE][INFO] - Starting 'Chrome' driver

18-10-2024T05:32:21 - [MESSAGE][INFO] - Action delay is set to 0 milliseconds

18-10-2024T05:32:22 - [MESSAGE][PASSED] - Browser is opened with url: ''

18-10-2024T05:32:22 - [TEST_STEP][PASSED] - refresh(): Refresh successfully

18-10-2024T05:32:22 - [MESSAGE][PASSED] - Refresh successfully

18-10-2024T05:32:22 - [TEST_STEP][PASSED] - delay(50): Delayed 50 second(s)

18-10-2024T05:33:12 - [MESSAGE][PASSED] - Delayed 50 second(s)

18-10-2024T05:33:12 - [TEST_STEP][PASSED] - println("run:" + run): null

18-10-2024T05:33:12 - [TEST_STEP][PASSED] - println("vir:" + vir): null

18-10-2024T05:33:12 - [TEST_STEP][PASSED] - println("block:" + block): null

18-10-2024T05:33:12 - [TEST_STEP][PASSED] - if (block == 1): null

18-10-2024T05:33:12 - [TEST_STEP][PASSED] - else: null

18-10-2024T05:33:12 - [TEST_STEP][PASSED] - nameOfBlock = " Выручка": null

18-10-2024T05:33:12 - [TEST_STEP][PASSED] - println("nameOfBlock:" + nameOfBlock): null

18-10-2024T05:33:12 - [TEST_STEP][PASSED] - println("typeOfData:" + typeOfData): null

18-10-2024T05:33:12 - [TEST_STEP][PASSED] - println("todaysDate:" + todaysDate): null

18-10-2024T05:33:12 - [TEST_STEP][PASSED] - Script1710234207206.Autorization(block, nameOfBlock): null

18-10-2024T05:33:12 - [TEST_STEP][PASSED] - i = <not implemented yet for class: org.codehaus.groovy.ast.expr.EmptyExpression>: null

18-10-2024T05:33:12 - [TEST_STEP][PASSED] - ii = <not implemented yet for class: org.codehaus.groovy.ast.expr.EmptyExpression>: null

18-10-2024T05:33:12 - [TEST_STEP][PASSED] - urlData = <not implemented yet for class: org.codehaus.groovy.ast.expr.EmptyExpression>: null

18-10-2024T05:33:12 - [TEST_STEP][PASSED] - searchWord = <not implemented yet for class: org.codehaus.groovy.ast.expr.EmptyExpression>: null

18-10-2024T05:33:12 - [TEST_STEP][PASSED] - urlText = <not implemented yet for class: org.codehaus.groovy.ast.expr.EmptyExpression>: null

18-10-2024T05:33:12 - [TEST_STEP][PASSED] - println("block:" + block): null

18-10-2024T05:33:12 - [TEST_STEP][PASSED] - if (block == 1): null

18-10-2024T05:33:12 - [TEST_STEP][PASSED] - else: null

18-10-2024T05:33:12 - [TEST_STEP][PASSED] - delay(45): Delayed 45 second(s)

18-10-2024T05:33:57 - [MESSAGE][PASSED] - Delayed 45 second(s)

18-10-2024T05:33:57 - [TEST_STEP][PASSED] - nameOfBlock = " Выручка": null

18-10-2024T05:33:57 - [TEST_STEP][PASSED] - println("nameOfBlock:" + nameOfBlock): null

18-10-2024T05:33:57 - [TEST_STEP][PASSED] - if (block == 1): null

18-10-2024T05:33:57 - [TEST_STEP][PASSED] - else: Delayed 45 second(s)

18-10-2024T05:33:57 - [TEST_STEP][PASSED] - urlData = 9: null

18-10-2024T05:33:57 - [TEST_STEP][PASSED] - delay(45): Delayed 45 second(s)

18-10-2024T05:34:42 - [MESSAGE][PASSED] - Delayed 45 second(s)

18-10-2024T05:34:42 - [TEST_STEP][PASSED] - navigateToUrl(findTestData("PlanFact").getValue(10, urlData)): Navigate to 'https://bi.rosseti.digital/viewer?dashboardGuid=a1fd28b3785d443cbc4d7690a1d78e31&sheetGuid=86092a20c5984827a0c87b24cac76a50&fit=true' successfully

18-10-2024T05:34:47 - [MESSAGE][PASSED] - Navigate to 'https://bi.rosseti.digital/viewer?dashboardGuid=a1fd28b3785d443cbc4d7690a1d78e31&sheetGuid=86092a20c5984827a0c87b24cac76a50&fit=true' successfully

18-10-2024T05:34:47 - [TEST_STEP][PASSED] - urlText = getText(findTestObject("Страница авторизации/Text")): Text of object 'Object Repository/Страница авторизации/Text' is: 'Вход'

18-10-2024T05:34:52 - [MESSAGE][PASSED] - Text of object 'Object Repository/Страница авторизации/Text' is: 'Вход'

18-10-2024T05:34:52 - [TEST_STEP][PASSED] - searchWord = "Вход": null

18-10-2024T05:34:52 - [TEST_STEP][PASSED] - if (urlText.contains("ошибка") || urlText.contains(searchWord) == false): null

18-10-2024T05:34:52 - [TEST_STEP][PASSED] - if (verifyElementPresent(findTestObject("Страница авторизации/button_"), 30) == true): null

18-10-2024T05:34:52 - [MESSAGE][PASSED] - Object 'Object Repository/Страница авторизации/button_' is present

18-10-2024T05:34:52 - [TEST_STEP][PASSED] - setText(findTestObject("Страница авторизации/input__username"), findTestData("PlanFact").getValue(8, 1)): Text 'shekhov-aa' is set on object 'Object Repository/Страница авторизации/input__username'

18-10-2024T05:34:53 - [MESSAGE][PASSED] - Text 'shekhov-aa' is set on object 'Object Repository/Страница авторизации/input__username'

18-10-2024T05:34:53 - [TEST_STEP][PASSED] - setText(findTestObject("Страница авторизации/input__password"), findTestData("PlanFact").getValue(9, 1)): Text 'i)RpQLLlXv9gUDC9' is set on object 'Object Repository/Страница авторизации/input__password'

18-10-2024T05:34:54 - [MESSAGE][PASSED] - Text 'i)RpQLLlXv9gUDC9' is set on object 'Object Repository/Страница авторизации/input__password'

18-10-2024T05:34:54 - [TEST_STEP][PASSED] - click(findTestObject("Страница авторизации/button_")): Object: 'Object Repository/Страница авторизации/button_' is clicked on

18-10-2024T05:34:57 - [MESSAGE][PASSED] - Object: 'Object Repository/Страница авторизации/button_' is clicked on

18-10-2024T05:34:57 - [TEST_STEP][PASSED] - delay(45): Delayed 45 second(s)

18-10-2024T05:35:42 - [MESSAGE][PASSED] - Delayed 45 second(s)

18-10-2024T05:35:42 - [TEST_STEP][PASSED] - urlText = getText(findTestObject("Страница авторизации/Text")): Text of object 'Object Repository/Страница авторизации/Text' is: 'Период
Январь, Февраль, Март, Апрель, Май, Июнь, Июль, Август 2024 года
Выручка
Все
Выполнение плановых показателей, млн.руб.
План
Факт
Динамика
2024 год
0 млн.руб.
100 000 млн.руб.
200 000 млн.руб.
300 000 млн.руб.
400 000 млн.руб.
500 000 млн.руб.
600 000 млн.руб.
700 000 млн.руб.
800 000 млн.руб.
900 000 млн.руб.
1 000 000 млн.руб.
1 100 000 млн.руб.
1 200 000 млн.руб.
938 020
964 061
↑
ДЗО 
Все
Подписи данных
⬤Отклонение
АО «Тываэнерго»
АО «Чеченэнерго»
Россети Волга
Россети Кубань
Россети Ленэнерго (ГК)
Россети Московский регион
Россети Северный Кавказ (ГК)
Россети Северо-Запад
Россети Сибирь (ГК)
Россети Томск
Россети Тюмень
Россети Урал (ГК)
Россети ФСК ЕЭС
Россети Центр
Россети Центр и Приволжье (ГК)
Россети Юг (ГК)
Россети Янтарь
-4 000 млн.руб.
-3 000 млн.руб.
-2 000 млн.руб.
-1 000 млн.руб.
0 млн.руб.
1 000 млн.руб.
2 000 млн.руб.
3 000 млн.руб.
4 000 млн.руб.
5 000 млн.руб.
6 000 млн.руб.
7 000 млн.руб.
8 000 млн.руб.
173
44
122
3 000
3 666
6 842
695
1 000
1 910
228
-3 453
1 778
1 353
3 442
3 872
1 131
237
млн.
%
Выручка
Отклонение выручки по ПАО Россети за Январь, Февраль, Март, Апрель, Май, Июнь, Июль, Август 2024 года (факт/план, млн. руб)
ПАО Россети
26 040.4 млн.руб.
Статус данных
×
Просьба обратить внимание
Данные занесены не полностью
ВЫБРАННЫЕ ЗНАЧЕНИЯ ФИЛЬТРОВ
ДЗО | ПЕРИОД
ПАО Россети: [«Выбраны все филиалы по всем ДЗО по всем категориям»]
2024: [Янв, Фев, Мар, Апр, Май, Июн, Июл, Авг]
*Внутренний оборот'

18-10-2024T05:35:43 - [MESSAGE][PASSED] - Text of object 'Object Repository/Страница авторизации/Text' is: 'Период
Январь, Февраль, Март, Апрель, Май, Июнь, Июль, Август 2024 года
Выручка
Все
Выполнение плановых показателей, млн.руб.
План
Факт
Динамика
2024 год
0 млн.руб.
100 000 млн.руб.
200 000 млн.руб.
300 000 млн.руб.
400 000 млн.руб.
500 000 млн.руб.
600 000 млн.руб.
700 000 млн.руб.
800 000 млн.руб.
900 000 млн.руб.
1 000 000 млн.руб.
1 100 000 млн.руб.
1 200 000 млн.руб.
938 020
964 061
↑
ДЗО 
Все
Подписи данных
⬤Отклонение
АО «Тываэнерго»
АО «Чеченэнерго»
Россети Волга
Россети Кубань
Россети Ленэнерго (ГК)
Россети Московский регион
Россети Северный Кавказ (ГК)
Россети Северо-Запад
Россети Сибирь (ГК)
Россети Томск
Россети Тюмень
Россети Урал (ГК)
Россети ФСК ЕЭС
Россети Центр
Россети Центр и Приволжье (ГК)
Россети Юг (ГК)
Россети Янтарь
-4 000 млн.руб.
-3 000 млн.руб.
-2 000 млн.руб.
-1 000 млн.руб.
0 млн.руб.
1 000 млн.руб.
2 000 млн.руб.
3 000 млн.руб.
4 000 млн.руб.
5 000 млн.руб.
6 000 млн.руб.
7 000 млн.руб.
8 000 млн.руб.
173
44
122
3 000
3 666
6 842
695
1 000
1 910
228
-3 453
1 778
1 353
3 442
3 872
1 131
237
млн.
%
Выручка
Отклонение выручки по ПАО Россети за Январь, Февраль, Март, Апрель, Май, Июнь, Июль, Август 2024 года (факт/план, млн. руб)
ПАО Россети
26 040.4 млн.руб.
Статус данных
×
Просьба обратить внимание
Данные занесены не полностью
ВЫБРАННЫЕ ЗНАЧЕНИЯ ФИЛЬТРОВ
ДЗО | ПЕРИОД
ПАО Россети: [«Выбраны все филиалы по всем ДЗО по всем категориям»]
2024: [Янв, Фев, Мар, Апр, Май, Июн, Июл, Авг]
*Внутренний оборот'

18-10-2024T05:35:43 - [TEST_STEP][PASSED] - searchWord = "а": null

18-10-2024T05:35:43 - [TEST_STEP][PASSED] - if (urlText.contains("ошибка") || urlText.contains(searchWord) == false): null

18-10-2024T05:35:43 - [TEST_STEP][PASSED] - delay(45): Delayed 45 second(s)

18-10-2024T05:36:28 - [MESSAGE][PASSED] - Delayed 45 second(s)

18-10-2024T05:36:28 - [TEST_STEP][PASSED] - if (block == 2): Delayed 50 second(s)

18-10-2024T05:36:28 - [TEST_STEP][PASSED] - opoveshenie = getText(findTestObject("Выручка в рублях/Просьба обратить внимание")): Text of object 'Object Repository/Выручка в рублях/Просьба обратить внимание' is: 'Просьба обратить внимание'

18-10-2024T05:36:28 - [MESSAGE][PASSED] - Text of object 'Object Repository/Выручка в рублях/Просьба обратить внимание' is: 'Просьба обратить внимание'

18-10-2024T05:36:28 - [TEST_STEP][PASSED] - if (opoveshenie == "Просьба обратить внимание"): Delayed 50 second(s)

18-10-2024T05:36:28 - [TEST_STEP][PASSED] - click(findTestObject("Выручка в рублях/Закрыть оповещение")): Object: 'Object Repository/Выручка в рублях/Закрыть оповещение' is clicked on

18-10-2024T05:36:28 - [MESSAGE][PASSED] - Object: 'Object Repository/Выручка в рублях/Закрыть оповещение' is clicked on

18-10-2024T05:36:28 - [TEST_STEP][PASSED] - delay(50): Delayed 50 second(s)

18-10-2024T05:37:18 - [MESSAGE][PASSED] - Delayed 50 second(s)

18-10-2024T05:37:18 - [TEST_STEP][PASSED] - click(findTestObject("Выручка в рублях/Фильтр Период" + nameOfBlock)): Object: 'Object Repository/Выручка в рублях/Фильтр Период Выручка' is clicked on

18-10-2024T05:37:19 - [MESSAGE][PASSED] - Object: 'Object Repository/Выручка в рублях/Фильтр Период Выручка' is clicked on

18-10-2024T05:37:19 - [TEST_STEP][PASSED] - click(findTestObject("Выручка в рублях/Снять выделение в фильтре Дата" + nameOfBlock)): Object: 'Object Repository/Выручка в рублях/Снять выделение в фильтре Дата Выручка' is clicked on

18-10-2024T05:37:19 - [MESSAGE][PASSED] - Object: 'Object Repository/Выручка в рублях/Снять выделение в фильтре Дата Выручка' is clicked on

18-10-2024T05:37:19 - [TEST_STEP][PASSED] - click(findTestObject("Выручка в рублях/Применить в фильтре Дата" + nameOfBlock)): Object: 'Object Repository/Выручка в рублях/Применить в фильтре Дата Выручка' is clicked on

18-10-2024T05:37:20 - [MESSAGE][PASSED] - Object: 'Object Repository/Выручка в рублях/Применить в фильтре Дата Выручка' is clicked on

18-10-2024T05:37:20 - [TEST_STEP][PASSED] - delay(50): Delayed 50 second(s)

18-10-2024T05:38:10 - [MESSAGE][PASSED] - Delayed 50 second(s)

18-10-2024T05:38:10 - [TEST_STEP][PASSED] - click(findTestObject("Выручка в рублях/Фильтр Период" + nameOfBlock)): Object: 'Object Repository/Выручка в рублях/Фильтр Период Выручка' is clicked on

18-10-2024T05:38:10 - [MESSAGE][PASSED] - Object: 'Object Repository/Выручка в рублях/Фильтр Период Выручка' is clicked on

18-10-2024T05:38:10 - [TEST_STEP][PASSED] - click(findTestObject("Выручка в рублях/Снять выделение в фильтре Дата" + nameOfBlock)): Object: 'Object Repository/Выручка в рублях/Снять выделение в фильтре Дата Выручка' is clicked on

18-10-2024T05:38:11 - [MESSAGE][PASSED] - Object: 'Object Repository/Выручка в рублях/Снять выделение в фильтре Дата Выручка' is clicked on

18-10-2024T05:38:11 - [TEST_STEP][PASSED] - scrollToElement(findTestObject("Выручка в рублях/2024 список" + nameOfBlock), 30): Scroll to object 'Object Repository/Выручка в рублях/2024 список Выручка' successfully

18-10-2024T05:38:11 - [MESSAGE][PASSED] - Scroll to object 'Object Repository/Выручка в рублях/2024 список Выручка' successfully

18-10-2024T05:38:11 - [TEST_STEP][PASSED] - click(findTestObject("Выручка в рублях/2024 список" + nameOfBlock)): Object: 'Object Repository/Выручка в рублях/2024 список Выручка' is clicked on

18-10-2024T05:38:11 - [MESSAGE][PASSED] - Object: 'Object Repository/Выручка в рублях/2024 список Выручка' is clicked on

18-10-2024T05:38:11 - [TEST_STEP][PASSED] - scrollToElement(findTestObject("Выручка в рублях/1 квартал 2024 выбрать" + nameOfBlock), 30): Scroll to object 'Object Repository/Выручка в рублях/1 квартал 2024 выбрать Выручка' successfully

18-10-2024T05:38:12 - [MESSAGE][PASSED] - Scroll to object 'Object Repository/Выручка в рублях/1 квартал 2024 выбрать Выручка' successfully

18-10-2024T05:38:12 - [TEST_STEP][PASSED] - click(findTestObject("Выручка в рублях/1 квартал 2024 выбрать" + nameOfBlock)): Object: 'Object Repository/Выручка в рублях/1 квартал 2024 выбрать Выручка' is clicked on

18-10-2024T05:38:12 - [MESSAGE][PASSED] - Object: 'Object Repository/Выручка в рублях/1 квартал 2024 выбрать Выручка' is clicked on

18-10-2024T05:38:12 - [TEST_STEP][PASSED] - scrollToElement(findTestObject("Выручка в рублях/2 квартал 2024 выбрать" + nameOfBlock), 30): Scroll to object 'Object Repository/Выручка в рублях/2 квартал 2024 выбрать Выручка' successfully

18-10-2024T05:38:13 - [MESSAGE][PASSED] - Scroll to object 'Object Repository/Выручка в рублях/2 квартал 2024 выбрать Выручка' successfully

18-10-2024T05:38:13 - [TEST_STEP][PASSED] - click(findTestObject("Выручка в рублях/2 квартал 2024 выбрать" + nameOfBlock)): Object: 'Object Repository/Выручка в рублях/2 квартал 2024 выбрать Выручка' is clicked on

18-10-2024T05:38:13 - [MESSAGE][PASSED] - Object: 'Object Repository/Выручка в рублях/2 квартал 2024 выбрать Выручка' is clicked on

18-10-2024T05:38:13 - [TEST_STEP][PASSED] - scrollToElement(findTestObject("Выручка в рублях/3 квартал 2024 список" + nameOfBlock), 30): Scroll to object 'Object Repository/Выручка в рублях/3 квартал 2024 список Выручка' successfully

18-10-2024T05:38:13 - [MESSAGE][PASSED] - Scroll to object 'Object Repository/Выручка в рублях/3 квартал 2024 список Выручка' successfully

18-10-2024T05:38:13 - [TEST_STEP][PASSED] - click(findTestObject("Выручка в рублях/3 квартал 2024 список" + nameOfBlock)): Object: 'Object Repository/Выручка в рублях/3 квартал 2024 список Выручка' is clicked on

18-10-2024T05:38:14 - [MESSAGE][PASSED] - Object: 'Object Repository/Выручка в рублях/3 квартал 2024 список Выручка' is clicked on

18-10-2024T05:38:14 - [TEST_STEP][PASSED] - click(findTestObject("Выручка в рублях/Июль 2024" + nameOfBlock)): Object: 'Object Repository/Выручка в рублях/Июль 2024 Выручка' is clicked on

18-10-2024T05:38:14 - [MESSAGE][PASSED] - Object: 'Object Repository/Выручка в рублях/Июль 2024 Выручка' is clicked on

18-10-2024T05:38:14 - [TEST_STEP][PASSED] - scrollToElement(findTestObject("Выручка в рублях/Август 2024" + nameOfBlock), 30): Scroll to object 'Object Repository/Выручка в рублях/Август 2024 Выручка' successfully

18-10-2024T05:38:15 - [MESSAGE][PASSED] - Scroll to object 'Object Repository/Выручка в рублях/Август 2024 Выручка' successfully

18-10-2024T05:38:15 - [TEST_STEP][PASSED] - click(findTestObject("Выручка в рублях/Август 2024" + nameOfBlock)): Object: 'Object Repository/Выручка в рублях/Август 2024 Выручка' is clicked on

18-10-2024T05:38:15 - [MESSAGE][PASSED] - Object: 'Object Repository/Выручка в рублях/Август 2024 Выручка' is clicked on

18-10-2024T05:38:15 - [TEST_STEP][PASSED] - scrollToElement(findTestObject("Выручка в рублях/Заголовок дашборда" + nameOfBlock), 30): Scroll to object 'Object Repository/Выручка в рублях/Заголовок дашборда Выручка' successfully

18-10-2024T05:38:15 - [MESSAGE][PASSED] - Scroll to object 'Object Repository/Выручка в рублях/Заголовок дашборда Выручка' successfully

18-10-2024T05:38:15 - [TEST_STEP][PASSED] - click(findTestObject("Выручка в рублях/Применить в фильтре Дата" + nameOfBlock)): Object: 'Object Repository/Выручка в рублях/Применить в фильтре Дата Выручка' is clicked on

18-10-2024T05:38:16 - [MESSAGE][PASSED] - Object: 'Object Repository/Выручка в рублях/Применить в фильтре Дата Выручка' is clicked on

18-10-2024T05:38:16 - [TEST_STEP][PASSED] - delay(50): Delayed 50 second(s)

18-10-2024T05:39:06 - [MESSAGE][PASSED] - Delayed 50 second(s)

18-10-2024T05:39:06 - [TEST_STEP][PASSED] - click(findTestObject("Выручка в рублях/Фильтр ДЗО" + nameOfBlock)): Object: 'Object Repository/Выручка в рублях/Фильтр ДЗО Выручка' is clicked on

18-10-2024T05:39:06 - [MESSAGE][PASSED] - Object: 'Object Repository/Выручка в рублях/Фильтр ДЗО Выручка' is clicked on

18-10-2024T05:39:06 - [TEST_STEP][PASSED] - click(findTestObject("Выручка в рублях/Снять выделение в фильтре ДЗО" + nameOfBlock)): Object: 'Object Repository/Выручка в рублях/Снять выделение в фильтре ДЗО Выручка' is clicked on

18-10-2024T05:39:07 - [MESSAGE][PASSED] - Object: 'Object Repository/Выручка в рублях/Снять выделение в фильтре ДЗО Выручка' is clicked on

18-10-2024T05:39:07 - [TEST_STEP][PASSED] - click(findTestObject("Выручка в рублях/Применить в фильтре ДЗО" + nameOfBlock)): Object: 'Object Repository/Выручка в рублях/Применить в фильтре ДЗО Выручка' is clicked on

18-10-2024T05:39:07 - [MESSAGE][PASSED] - Object: 'Object Repository/Выручка в рублях/Применить в фильтре ДЗО Выручка' is clicked on

18-10-2024T05:39:07 - [TEST_STEP][PASSED] - delay(50): Delayed 50 second(s)

18-10-2024T05:39:57 - [MESSAGE][PASSED] - Delayed 50 second(s)

18-10-2024T05:39:57 - [TEST_STEP][PASSED] - Script1710234207206.Tumbler(run, vir, block, nameOfBlock): null

18-10-2024T05:39:57 - [TEST_STEP][PASSED] - println("run:" + run): null

18-10-2024T05:39:57 - [TEST_STEP][PASSED] - println("vir:" + vir): null

18-10-2024T05:39:57 - [TEST_STEP][PASSED] - println("block:" + block): null

18-10-2024T05:39:57 - [TEST_STEP][PASSED] - println("nameOfBlock:" + nameOfBlock): null

18-10-2024T05:39:57 - [TEST_STEP][PASSED] - if (vir == 1): Object: 'Object Repository/Выручка в рублях/Переключить отображение с млн на проценты Выручка в рублях Выручка' is clicked on

18-10-2024T05:39:57 - [TEST_STEP][PASSED] - if (run == 2): Object: 'Object Repository/Выручка в рублях/Переключить отображение с млн на проценты Выручка в рублях Выручка' is clicked on

18-10-2024T05:39:57 - [TEST_STEP][PASSED] - click(findTestObject("Выручка в рублях/Переключить отображение с млн на проценты Выручка в рублях" + nameOfBlock)): Object: 'Object Repository/Выручка в рублях/Переключить отображение с млн на проценты Выручка в рублях Выручка' is clicked on

18-10-2024T05:39:58 - [MESSAGE][PASSED] - Object: 'Object Repository/Выручка в рублях/Переключить отображение с млн на проценты Выручка в рублях Выручка' is clicked on

18-10-2024T05:39:58 - [TEST_STEP][PASSED] - click(findTestObject("Выручка в рублях/Фильтр ДЗО" + nameOfBlock)): Object: 'Object Repository/Выручка в рублях/Фильтр ДЗО Выручка' is clicked on

18-10-2024T05:39:58 - [MESSAGE][PASSED] - Object: 'Object Repository/Выручка в рублях/Фильтр ДЗО Выручка' is clicked on

18-10-2024T05:39:58 - [TEST_STEP][PASSED] - Script1710234207206.Rosseti(nameOfBlock): null

18-10-2024T05:39:58 - [TEST_STEP][PASSED] - println("nameOfBlock:" + nameOfBlock): null

18-10-2024T05:39:58 - [TEST_STEP][PASSED] - click(findTestObject("Выручка в рублях/ПАО Россети" + nameOfBlock)): Object: 'Object Repository/Выручка в рублях/ПАО Россети Выручка' is clicked on

18-10-2024T05:39:59 - [MESSAGE][PASSED] - Object: 'Object Repository/Выручка в рублях/ПАО Россети Выручка' is clicked on

18-10-2024T05:39:59 - [TEST_STEP][PASSED] - click(findTestObject("Выручка в рублях/Применить в фильтре ДЗО" + nameOfBlock)): Object: 'Object Repository/Выручка в рублях/Применить в фильтре ДЗО Выручка' is clicked on

18-10-2024T05:39:59 - [MESSAGE][PASSED] - Object: 'Object Repository/Выручка в рублях/Применить в фильтре ДЗО Выручка' is clicked on

18-10-2024T05:39:59 - [TEST_STEP][PASSED] - if (vir == 1 || vir == 2): Text of object 'Object Repository/Выручка в рублях/График План Выручка' is: '938 020'

18-10-2024T05:39:59 - [TEST_STEP][PASSED] - b1 = getText(findTestObject("Выручка в рублях/График План Выручка")): Text of object 'Object Repository/Выручка в рублях/График План Выручка' is: '938 020'

18-10-2024T05:40:02 - [MESSAGE][PASSED] - Text of object 'Object Repository/Выручка в рублях/График План Выручка' is: '938 020'

18-10-2024T05:40:02 - [TEST_STEP][PASSED] - if (vir == 1 || vir == 2): Text of object 'Object Repository/Выручка в рублях/График Факт Выручка' is: '964 061'

18-10-2024T05:40:02 - [TEST_STEP][PASSED] - b2 = getText(findTestObject("Выручка в рублях/График Факт Выручка")): Text of object 'Object Repository/Выручка в рублях/График Факт Выручка' is: '964 061'

18-10-2024T05:40:02 - [MESSAGE][PASSED] - Text of object 'Object Repository/Выручка в рублях/График Факт Выручка' is: '964 061'

18-10-2024T05:40:02 - [TEST_STEP][PASSED] - b30 = getText(findTestObject("Выручка в рублях/span1" + perc)): Text of object 'Object Repository/Выручка в рублях/span1 Perc' is: '2.78 %'

18-10-2024T05:40:02 - [MESSAGE][PASSED] - Text of object 'Object Repository/Выручка в рублях/span1 Perc' is: '2.78 %'

18-10-2024T05:40:02 - [TEST_STEP][PASSED] - i = b30.indexOf("млн.руб."): null

18-10-2024T05:40:02 - [TEST_STEP][PASSED] - if (i > -1): null

18-10-2024T05:40:02 - [TEST_STEP][PASSED] - if (b30.contains("%")): null

18-10-2024T05:40:02 - [TEST_STEP][PASSED] - b30 = b30.replaceAll("%", ""): null

18-10-2024T05:40:02 - [TEST_STEP][PASSED] - b30 = ").trim(): null

18-10-2024T05:40:02 - [TEST_STEP][PASSED] - println("b30: " + b30): null

18-10-2024T05:40:02 - [TEST_STEP][PASSED] - if (vir == 1 || vir == 2): Text of object 'Object Repository/Выручка в рублях/span2 Perc' is: '14.04 %'

18-10-2024T05:40:02 - [TEST_STEP][PASSED] - b31 = ").trim(): Text of object 'Object Repository/Выручка в рублях/span2 Perc' is: '14.04 %'

18-10-2024T05:40:03 - [MESSAGE][PASSED] - Text of object 'Object Repository/Выручка в рублях/span2 Perc' is: '14.04 %'

18-10-2024T05:40:03 - [TEST_STEP][PASSED] - if (vir == 1 || vir == 2): Text of object 'Object Repository/Выручка в рублях/span3 Perc' is: '1.47 %'

18-10-2024T05:40:03 - [TEST_STEP][PASSED] - b32 = ").trim(): Text of object 'Object Repository/Выручка в рублях/span3 Perc' is: '1.47 %'

18-10-2024T05:40:03 - [MESSAGE][PASSED] - Text of object 'Object Repository/Выручка в рублях/span3 Perc' is: '1.47 %'

18-10-2024T05:40:03 - [TEST_STEP][PASSED] - if (vir == 1 || vir == 2): Text of object 'Object Repository/Выручка в рублях/span8 Perc' is: '3.36 %'

18-10-2024T05:40:03 - [TEST_STEP][PASSED] - b33 = ").trim(): Text of object 'Object Repository/Выручка в рублях/span4 Perc' is: '0.24 %'

18-10-2024T05:40:03 - [MESSAGE][PASSED] - Text of object 'Object Repository/Выручка в рублях/span4 Perc' is: '0.24 %'

18-10-2024T05:40:03 - [TEST_STEP][PASSED] - b34 = ").trim(): Text of object 'Object Repository/Выручка в рублях/span5 Perc' is: '5.99 %'

18-10-2024T05:40:04 - [MESSAGE][PASSED] - Text of object 'Object Repository/Выручка в рублях/span5 Perc' is: '5.99 %'

18-10-2024T05:40:04 - [TEST_STEP][PASSED] - b35 = ").trim(): Text of object 'Object Repository/Выручка в рублях/span6 Perc' is: '5.58 %'

18-10-2024T05:40:04 - [MESSAGE][PASSED] - Text of object 'Object Repository/Выручка в рублях/span6 Perc' is: '5.58 %'

18-10-2024T05:40:04 - [TEST_STEP][PASSED] - b36 = ").trim(): Text of object 'Object Repository/Выручка в рублях/span7 Perc' is: '5.03 %'

18-10-2024T05:40:04 - [MESSAGE][PASSED] - Text of object 'Object Repository/Выручка в рублях/span7 Perc' is: '5.03 %'

18-10-2024T05:40:04 - [TEST_STEP][PASSED] - b37 = ").trim(): Text of object 'Object Repository/Выручка в рублях/span8 Perc' is: '3.36 %'

18-10-2024T05:40:05 - [MESSAGE][PASSED] - Text of object 'Object Repository/Выручка в рублях/span8 Perc' is: '3.36 %'

18-10-2024T05:40:05 - [TEST_STEP][PASSED] - if (vir == 1 || vir == 2): Text of object 'Object Repository/Выручка в рублях/span17 Perc' is: '3.28 %'

18-10-2024T05:40:05 - [TEST_STEP][PASSED] - b38 = ").trim(): Text of object 'Object Repository/Выручка в рублях/span9 Perc' is: '2.9 %'

18-10-2024T05:40:05 - [MESSAGE][PASSED] - Text of object 'Object Repository/Выручка в рублях/span9 Perc' is: '2.9 %'

18-10-2024T05:40:05 - [TEST_STEP][PASSED] - b39 = ").trim(): Text of object 'Object Repository/Выручка в рублях/span10 Perc' is: '4.21 %'

18-10-2024T05:40:05 - [MESSAGE][PASSED] - Text of object 'Object Repository/Выручка в рублях/span10 Perc' is: '4.21 %'

18-10-2024T05:40:05 - [TEST_STEP][PASSED] - b310 = ").trim(): Text of object 'Object Repository/Выручка в рублях/span11 Perc' is: '3.71 %'

18-10-2024T05:40:05 - [MESSAGE][PASSED] - Text of object 'Object Repository/Выручка в рублях/span11 Perc' is: '3.71 %'

18-10-2024T05:40:05 - [TEST_STEP][PASSED] - b311 = ").trim(): Text of object 'Object Repository/Выручка в рублях/span12 Perc' is: '-6.3 %'

18-10-2024T05:40:06 - [MESSAGE][PASSED] - Text of object 'Object Repository/Выручка в рублях/span12 Perc' is: '-6.3 %'

18-10-2024T05:40:06 - [TEST_STEP][PASSED] - b312 = ").trim(): Text of object 'Object Repository/Выручка в рублях/span13 Perc' is: '2.61 %'

18-10-2024T05:40:06 - [MESSAGE][PASSED] - Text of object 'Object Repository/Выручка в рублях/span13 Perc' is: '2.61 %'

18-10-2024T05:40:06 - [TEST_STEP][PASSED] - b313 = ").trim(): Text of object 'Object Repository/Выручка в рублях/span14 Perc' is: '0.66 %'

18-10-2024T05:40:06 - [MESSAGE][PASSED] - Text of object 'Object Repository/Выручка в рублях/span14 Perc' is: '0.66 %'

18-10-2024T05:40:06 - [TEST_STEP][PASSED] - b314 = ").trim(): Text of object 'Object Repository/Выручка в рублях/span15 Perc' is: '4.55 %'

18-10-2024T05:40:07 - [MESSAGE][PASSED] - Text of object 'Object Repository/Выручка в рублях/span15 Perc' is: '4.55 %'

18-10-2024T05:40:07 - [TEST_STEP][PASSED] - b315 = ").trim(): Text of object 'Object Repository/Выручка в рублях/span16 Perc' is: '4.79 %'

18-10-2024T05:40:07 - [MESSAGE][PASSED] - Text of object 'Object Repository/Выручка в рублях/span16 Perc' is: '4.79 %'

18-10-2024T05:40:07 - [TEST_STEP][PASSED] - b316 = ").trim(): Text of object 'Object Repository/Выручка в рублях/span17 Perc' is: '3.28 %'

18-10-2024T05:40:07 - [MESSAGE][PASSED] - Text of object 'Object Repository/Выручка в рублях/span17 Perc' is: '3.28 %'

18-10-2024T05:40:07 - [TEST_STEP][PASSED] - if (vir == 1 || vir == 2): Text of object 'Object Repository/Выручка в рублях/span18 Perc' is: '3.76 %'

18-10-2024T05:40:07 - [TEST_STEP][PASSED] - b317 = ").trim(): Text of object 'Object Repository/Выручка в рублях/span18 Perc' is: '3.76 %'

18-10-2024T05:40:08 - [MESSAGE][PASSED] - Text of object 'Object Repository/Выручка в рублях/span18 Perc' is: '3.76 %'

18-10-2024T05:40:08 - [TEST_STEP][PASSED] - dZO = "ПАО Россети": null

18-10-2024T05:40:08 - [TEST_STEP][PASSED] - if (verifyEqual(a1, b1) == false): Actual object '938 020' and expected object '938 020' are equal

18-10-2024T05:40:08 - [MESSAGE][PASSED] - Actual object '938 020' and expected object '938 020' are equal

18-10-2024T05:40:08 - [TEST_STEP][PASSED] - if (verifyEqual(a2, b2) == false): Actual object '964 061' and expected object '964 061' are equal

18-10-2024T05:40:08 - [MESSAGE][PASSED] - Actual object '964 061' and expected object '964 061' are equal

18-10-2024T05:40:08 - [TEST_STEP][PASSED] - vidget = "Отклонения": null

18-10-2024T05:40:08 - [TEST_STEP][FAILED] - if (verifyEqual(a30, b30) == false): null

18-10-2024T05:40:08 - [MESSAGE][FAILED] - Unable to verify equal between actual object '-23.85' and expected object '2.78' (Root cause: com.kms.katalon.core.exception.StepFailedException: Actual object '-23.85' and expected object '2.78' are not equal
	at com.kms.katalon.core.keyword.builtin.VerifyEqualKeyword$_verifyEqual_closure1.doCall(VerifyEqualKeyword.groovy:58)
	at com.kms.katalon.core.keyword.builtin.VerifyEqualKeyword$_verifyEqual_closure1.call(VerifyEqualKeyword.groovy)
	at com.kms.katalon.core.keyword.internal.KeywordMain.runKeyword(KeywordMain.groovy:75)
	at com.kms.katalon.core.keyword.builtin.VerifyEqualKeyword.verifyEqual(VerifyEqualKeyword.groovy:63)
	at com.kms.katalon.core.keyword.builtin.VerifyEqualKeyword.execute(VerifyEqualKeyword.groovy:44)
	at com.kms.katalon.core.keyword.internal.KeywordExecutor.executeKeywordForPlatform(KeywordExecutor.groovy:74)
	at com.kms.katalon.core.keyword.BuiltinKeywords.verifyEqual(BuiltinKeywords.groovy:146)
	at jdk.internal.reflect.GeneratedMethodAccessor21.invoke(Unknown Source)
	at java.base/jdk.internal.reflect.DelegatingMethodAccessorImpl.invoke(DelegatingMethodAccessorImpl.java:43)
	at Выручка в рублях сверка дашбордов ПАО Россети.Blocks(Выручка в рублях сверка дашбордов ПАО Россети:357)
	at Выручка в рублях сверка дашбордов ПАО Россети.ViruchkaChange(Выручка в рублях сверка дашбордов ПАО Россети:60)
	at Выручка в рублях сверка дашбордов ПАО Россети.run(Выручка в рублях сверка дашбордов ПАО Россети:55)
	at com.kms.katalon.core.main.ScriptEngine.run(ScriptEngine.java:194)
	at com.kms.katalon.core.main.ScriptEngine.runScriptAsRawText(ScriptEngine.java:119)
	at com.kms.katalon.core.main.TestCaseExecutor.runScript(TestCaseExecutor.java:448)
	at com.kms.katalon.core.main.TestCaseExecutor.doExecute(TestCaseExecutor.java:439)
	at com.kms.katalon.core.main.TestCaseExecutor.processExecutionPhase(TestCaseExecutor.java:418)
	at com.kms.katalon.core.main.TestCaseExecutor.accessMainPhase(TestCaseExecutor.java:410)
	at com.kms.katalon.core.main.TestCaseExecutor.execute(TestCaseExecutor.java:285)
	at com.kms.katalon.core.common.CommonExecutor.accessTestCaseMainPhase(CommonExecutor.java:65)
	at com.kms.katalon.core.main.TestSuiteExecutor.accessTestSuiteMainPhase(TestSuiteExecutor.java:150)
	at com.kms.katalon.core.main.TestSuiteExecutor.execute(TestSuiteExecutor.java:106)
	at com.kms.katalon.core.main.TestCaseMain.startTestSuite(TestCaseMain.java:180)
	at TempTestSuite1729215855985.run(TempTestSuite1729215855985.groovy:35)
	at java.base/jdk.internal.reflect.NativeMethodAccessorImpl.invoke0(Native Method)
	at java.base/jdk.internal.reflect.NativeMethodAccessorImpl.invoke(NativeMethodAccessorImpl.java:77)
	at java.base/jdk.internal.reflect.DelegatingMethodAccessorImpl.invoke(DelegatingMethodAccessorImpl.java:43)
)

18-10-2024T05:40:08 - [TEST_STEP][PASSED] - a = a30.toDouble(): null

18-10-2024T05:40:08 - [TEST_STEP][PASSED] - b = b30.toDouble(): null

18-10-2024T05:40:08 - [TEST_STEP][PASSED] - Script1710234207206.WriteToExcel(todaysDate, run, vir, block, typeOfData, viruchka, vidget, nameOfBlock, a, b, dZO): null

18-10-2024T05:40:08 - [TEST_STEP][PASSED] - println(run): null

18-10-2024T05:40:08 - [TEST_STEP][PASSED] - if (run == 1): null

18-10-2024T05:40:08 - [TEST_STEP][PASSED] - else if (run == 2): null

18-10-2024T05:40:08 - [TEST_STEP][PASSED] - typeOfData = "Проценты": null

18-10-2024T05:40:08 - [TEST_STEP][PASSED] - println("todaysDate:" + todaysDate): null

18-10-2024T05:40:08 - [TEST_STEP][PASSED] - println("typeOfData:" + typeOfData): null

18-10-2024T05:40:08 - [TEST_STEP][PASSED] - viruchka = getText(findTestObject("Выручка в рублях/Фильтр Выручка" + nameOfBlock)): Text of object 'Object Repository/Выручка в рублях/Фильтр Выручка Выручка' is: 'Все'

18-10-2024T05:40:08 - [MESSAGE][PASSED] - Text of object 'Object Repository/Выручка в рублях/Фильтр Выручка Выручка' is: 'Все'

18-10-2024T05:40:08 - [TEST_STEP][PASSED] - println("viruchka" + viruchka): null

18-10-2024T05:40:08 - [TEST_STEP][PASSED] - println("vidget" + vidget): null

18-10-2024T05:40:08 - [TEST_STEP][PASSED] - println("a" + a): null

18-10-2024T05:40:08 - [TEST_STEP][PASSED] - println("b" + b): null

18-10-2024T05:40:08 - [TEST_STEP][PASSED] - sheetName = "Sheet1": null

18-10-2024T05:40:08 - [TEST_STEP][PASSED] - data = findTestData("PlanFact"): null

18-10-2024T05:40:08 - [TEST_STEP][PASSED] - n = data.getRowNumbers() + 1: null

18-10-2024T05:40:08 - [TEST_STEP][PASSED] - period = getText(findTestObject("Выручка в рублях/Фильтр Период")): Text of object 'Object Repository/Выручка в рублях/Фильтр Период' is: 'Июль, Август и 1, 2 кв. 2024 года'

18-10-2024T05:40:08 - [MESSAGE][PASSED] - Text of object 'Object Repository/Выручка в рублях/Фильтр Период' is: 'Июль, Август и 1, 2 кв. 2024 года'

18-10-2024T05:40:08 - [TEST_STEP][PASSED] - println(period): null

18-10-2024T05:40:08 - [TEST_STEP][PASSED] - dashboardName = "Выручка в рублях": null

18-10-2024T05:40:08 - [TEST_STEP][PASSED] - workbook01 = getWorkbook(excelFilePath): null

18-10-2024T05:40:08 - [TEST_STEP][PASSED] - sheet01 = getExcelSheet(workbook01, sheetName): null

18-10-2024T05:40:08 - [TEST_STEP][PASSED] - setValueToCellByIndex(sheet01, n, 0, dashboardName): null

18-10-2024T05:40:08 - [TEST_STEP][PASSED] - setValueToCellByIndex(sheet01, n, 1, dZO): null

18-10-2024T05:40:08 - [TEST_STEP][PASSED] - setValueToCellByIndex(sheet01, n, 2, vidget): null

18-10-2024T05:40:08 - [TEST_STEP][PASSED] - setValueToCellByIndex(sheet01, n, 3, viruchka): null

18-10-2024T05:40:08 - [TEST_STEP][PASSED] - setValueToCellByIndex(sheet01, n, 4, typeOfData): null

18-10-2024T05:40:08 - [TEST_STEP][PASSED] - if (a == null): null

18-10-2024T05:40:08 - [TEST_STEP][PASSED] - else: null

18-10-2024T05:40:08 - [TEST_STEP][PASSED] - setValueToCellByIndex(sheet01, n, 5, a): null

18-10-2024T05:40:08 - [TEST_STEP][PASSED] - if (b == null): null

18-10-2024T05:40:08 - [TEST_STEP][PASSED] - else: null

18-10-2024T05:40:08 - [TEST_STEP][PASSED] - setValueToCellByIndex(sheet01, n, 6, b): null

18-10-2024T05:40:08 - [TEST_STEP][PASSED] - setValueToCellByIndex(sheet01, n, 7, period): null

18-10-2024T05:40:08 - [TEST_STEP][PASSED] - setValueToCellByIndex(sheet01, n, 8, todaysDate): null

18-10-2024T05:40:08 - [TEST_STEP][PASSED] - n = n + 1: null

18-10-2024T05:40:08 - [TEST_STEP][PASSED] - saveWorkbook(excelFilePath, workbook01): null

18-10-2024T05:40:09 - [TEST_STEP][PASSED] - dZO = "АО «Тываэнерго»": null

18-10-2024T05:40:09 - [TEST_STEP][PASSED] - if (verifyEqual(a31, b31) == false): Actual object '14.04' and expected object '14.04' are equal

18-10-2024T05:40:09 - [MESSAGE][PASSED] - Actual object '14.04' and expected object '14.04' are equal

18-10-2024T05:40:09 - [TEST_STEP][PASSED] - dZO = "АО «Чеченэнерго»": null

18-10-2024T05:40:09 - [TEST_STEP][FAILED] - if (verifyEqual(a32, b32) == false): null

18-10-2024T05:40:09 - [MESSAGE][FAILED] - Unable to verify equal between actual object '-49.27' and expected object '1.47' (Root cause: com.kms.katalon.core.exception.StepFailedException: Actual object '-49.27' and expected object '1.47' are not equal
	at com.kms.katalon.core.keyword.builtin.VerifyEqualKeyword$_verifyEqual_closure1.doCall(VerifyEqualKeyword.groovy:58)
	at com.kms.katalon.core.keyword.builtin.VerifyEqualKeyword$_verifyEqual_closure1.call(VerifyEqualKeyword.groovy)
	at com.kms.katalon.core.keyword.internal.KeywordMain.runKeyword(KeywordMain.groovy:75)
	at com.kms.katalon.core.keyword.builtin.VerifyEqualKeyword.verifyEqual(VerifyEqualKeyword.groovy:63)
	at com.kms.katalon.core.keyword.builtin.VerifyEqualKeyword.execute(VerifyEqualKeyword.groovy:44)
	at com.kms.katalon.core.keyword.internal.KeywordExecutor.executeKeywordForPlatform(KeywordExecutor.groovy:74)
	at com.kms.katalon.core.keyword.BuiltinKeywords.verifyEqual(BuiltinKeywords.groovy:146)
	at jdk.internal.reflect.GeneratedMethodAccessor21.invoke(Unknown Source)
	at java.base/jdk.internal.reflect.DelegatingMethodAccessorImpl.invoke(DelegatingMethodAccessorImpl.java:43)
	at Выручка в рублях сверка дашбордов ПАО Россети.Blocks(Выручка в рублях сверка дашбордов ПАО Россети:377)
	at Выручка в рублях сверка дашбордов ПАО Россети.ViruchkaChange(Выручка в рублях сверка дашбордов ПАО Россети:60)
	at Выручка в рублях сверка дашбордов ПАО Россети.run(Выручка в рублях сверка дашбордов ПАО Россети:55)
	at com.kms.katalon.core.main.ScriptEngine.run(ScriptEngine.java:194)
	at com.kms.katalon.core.main.ScriptEngine.runScriptAsRawText(ScriptEngine.java:119)
	at com.kms.katalon.core.main.TestCaseExecutor.runScript(TestCaseExecutor.java:448)
	at com.kms.katalon.core.main.TestCaseExecutor.doExecute(TestCaseExecutor.java:439)
	at com.kms.katalon.core.main.TestCaseExecutor.processExecutionPhase(TestCaseExecutor.java:418)
	at com.kms.katalon.core.main.TestCaseExecutor.accessMainPhase(TestCaseExecutor.java:410)
	at com.kms.katalon.core.main.TestCaseExecutor.execute(TestCaseExecutor.java:285)
	at com.kms.katalon.core.common.CommonExecutor.accessTestCaseMainPhase(CommonExecutor.java:65)
	at com.kms.katalon.core.main.TestSuiteExecutor.accessTestSuiteMainPhase(TestSuiteExecutor.java:150)
	at com.kms.katalon.core.main.TestSuiteExecutor.execute(TestSuiteExecutor.java:106)
	at com.kms.katalon.core.main.TestCaseMain.startTestSuite(TestCaseMain.java:180)
	at TempTestSuite1729215855985.run(TempTestSuite1729215855985.groovy:35)
	at java.base/jdk.internal.reflect.NativeMethodAccessorImpl.invoke0(Native Method)
	at java.base/jdk.internal.reflect.NativeMethodAccessorImpl.invoke(NativeMethodAccessorImpl.java:77)
	at java.base/jdk.internal.reflect.DelegatingMethodAccessorImpl.invoke(DelegatingMethodAccessorImpl.java:43)
)

18-10-2024T05:40:09 - [TEST_STEP][PASSED] - a = a32.toDouble(): null

18-10-2024T05:40:09 - [TEST_STEP][PASSED] - b = b32.toDouble(): null

18-10-2024T05:40:09 - [TEST_STEP][PASSED] - Script1710234207206.WriteToExcel(todaysDate, run, vir, block, typeOfData, viruchka, vidget, nameOfBlock, a, b, dZO): null

18-10-2024T05:40:09 - [TEST_STEP][PASSED] - println(run): null

18-10-2024T05:40:09 - [TEST_STEP][PASSED] - if (run == 1): null

18-10-2024T05:40:09 - [TEST_STEP][PASSED] - else if (run == 2): null

18-10-2024T05:40:09 - [TEST_STEP][PASSED] - typeOfData = "Проценты": null

18-10-2024T05:40:09 - [TEST_STEP][PASSED] - println("todaysDate:" + todaysDate): null

18-10-2024T05:40:09 - [TEST_STEP][PASSED] - println("typeOfData:" + typeOfData): null

18-10-2024T05:40:09 - [TEST_STEP][PASSED] - viruchka = getText(findTestObject("Выручка в рублях/Фильтр Выручка" + nameOfBlock)): Text of object 'Object Repository/Выручка в рублях/Фильтр Выручка Выручка' is: 'Все'

18-10-2024T05:40:09 - [MESSAGE][PASSED] - Text of object 'Object Repository/Выручка в рублях/Фильтр Выручка Выручка' is: 'Все'

18-10-2024T05:40:09 - [TEST_STEP][PASSED] - println("viruchka" + viruchka): null

18-10-2024T05:40:09 - [TEST_STEP][PASSED] - println("vidget" + vidget): null

18-10-2024T05:40:09 - [TEST_STEP][PASSED] - println("a" + a): null

18-10-2024T05:40:09 - [TEST_STEP][PASSED] - println("b" + b): null

18-10-2024T05:40:09 - [TEST_STEP][PASSED] - sheetName = "Sheet1": null

18-10-2024T05:40:09 - [TEST_STEP][PASSED] - data = findTestData("PlanFact"): null

18-10-2024T05:40:09 - [TEST_STEP][PASSED] - n = data.getRowNumbers() + 1: null

18-10-2024T05:40:09 - [TEST_STEP][PASSED] - period = getText(findTestObject("Выручка в рублях/Фильтр Период")): Text of object 'Object Repository/Выручка в рублях/Фильтр Период' is: 'Июль, Август и 1, 2 кв. 2024 года'

18-10-2024T05:40:10 - [MESSAGE][PASSED] - Text of object 'Object Repository/Выручка в рублях/Фильтр Период' is: 'Июль, Август и 1, 2 кв. 2024 года'

18-10-2024T05:40:10 - [TEST_STEP][PASSED] - println(period): null

18-10-2024T05:40:10 - [TEST_STEP][PASSED] - dashboardName = "Выручка в рублях": null

18-10-2024T05:40:10 - [TEST_STEP][PASSED] - workbook01 = getWorkbook(excelFilePath): null

18-10-2024T05:40:10 - [TEST_STEP][PASSED] - sheet01 = getExcelSheet(workbook01, sheetName): null

18-10-2024T05:40:10 - [TEST_STEP][PASSED] - setValueToCellByIndex(sheet01, n, 0, dashboardName): null

18-10-2024T05:40:10 - [TEST_STEP][PASSED] - setValueToCellByIndex(sheet01, n, 1, dZO): null

18-10-2024T05:40:10 - [TEST_STEP][PASSED] - setValueToCellByIndex(sheet01, n, 2, vidget): null

18-10-2024T05:40:10 - [TEST_STEP][PASSED] - setValueToCellByIndex(sheet01, n, 3, viruchka): null

18-10-2024T05:40:10 - [TEST_STEP][PASSED] - setValueToCellByIndex(sheet01, n, 4, typeOfData): null

18-10-2024T05:40:10 - [TEST_STEP][PASSED] - if (a == null): null

18-10-2024T05:40:10 - [TEST_STEP][PASSED] - else: null

18-10-2024T05:40:10 - [TEST_STEP][PASSED] - setValueToCellByIndex(sheet01, n, 5, a): null

18-10-2024T05:40:10 - [TEST_STEP][PASSED] - if (b == null): null

18-10-2024T05:40:10 - [TEST_STEP][PASSED] - else: null

18-10-2024T05:40:10 - [TEST_STEP][PASSED] - setValueToCellByIndex(sheet01, n, 6, b): null

18-10-2024T05:40:10 - [TEST_STEP][PASSED] - setValueToCellByIndex(sheet01, n, 7, period): null

18-10-2024T05:40:10 - [TEST_STEP][PASSED] - setValueToCellByIndex(sheet01, n, 8, todaysDate): null

18-10-2024T05:40:10 - [TEST_STEP][PASSED] - n = n + 1: null

18-10-2024T05:40:10 - [TEST_STEP][PASSED] - saveWorkbook(excelFilePath, workbook01): null

18-10-2024T05:40:10 - [TEST_STEP][PASSED] - dZO = "Россети Волга": null

18-10-2024T05:40:10 - [TEST_STEP][FAILED] - if (verifyEqual(a33, b33) == false): null

18-10-2024T05:40:10 - [MESSAGE][FAILED] - Unable to verify equal between actual object '-49.88' and expected object '0.24' (Root cause: com.kms.katalon.core.exception.StepFailedException: Actual object '-49.88' and expected object '0.24' are not equal
	at com.kms.katalon.core.keyword.builtin.VerifyEqualKeyword$_verifyEqual_closure1.doCall(VerifyEqualKeyword.groovy:58)
	at com.kms.katalon.core.keyword.builtin.VerifyEqualKeyword$_verifyEqual_closure1.call(VerifyEqualKeyword.groovy)
	at com.kms.katalon.core.keyword.internal.KeywordMain.runKeyword(KeywordMain.groovy:75)
	at com.kms.katalon.core.keyword.builtin.VerifyEqualKeyword.verifyEqual(VerifyEqualKeyword.groovy:63)
	at com.kms.katalon.core.keyword.builtin.VerifyEqualKeyword.execute(VerifyEqualKeyword.groovy:44)
	at com.kms.katalon.core.keyword.internal.KeywordExecutor.executeKeywordForPlatform(KeywordExecutor.groovy:74)
	at com.kms.katalon.core.keyword.BuiltinKeywords.verifyEqual(BuiltinKeywords.groovy:146)
	at jdk.internal.reflect.GeneratedMethodAccessor21.invoke(Unknown Source)
	at java.base/jdk.internal.reflect.DelegatingMethodAccessorImpl.invoke(DelegatingMethodAccessorImpl.java:43)
	at Выручка в рублях сверка дашбордов ПАО Россети.Blocks(Выручка в рублях сверка дашбордов ПАО Россети:387)
	at Выручка в рублях сверка дашбордов ПАО Россети.ViruchkaChange(Выручка в рублях сверка дашбордов ПАО Россети:60)
	at Выручка в рублях сверка дашбордов ПАО Россети.run(Выручка в рублях сверка дашбордов ПАО Россети:55)
	at com.kms.katalon.core.main.ScriptEngine.run(ScriptEngine.java:194)
	at com.kms.katalon.core.main.ScriptEngine.runScriptAsRawText(ScriptEngine.java:119)
	at com.kms.katalon.core.main.TestCaseExecutor.runScript(TestCaseExecutor.java:448)
	at com.kms.katalon.core.main.TestCaseExecutor.doExecute(TestCaseExecutor.java:439)
	at com.kms.katalon.core.main.TestCaseExecutor.processExecutionPhase(TestCaseExecutor.java:418)
	at com.kms.katalon.core.main.TestCaseExecutor.accessMainPhase(TestCaseExecutor.java:410)
	at com.kms.katalon.core.main.TestCaseExecutor.execute(TestCaseExecutor.java:285)
	at com.kms.katalon.core.common.CommonExecutor.accessTestCaseMainPhase(CommonExecutor.java:65)
	at com.kms.katalon.core.main.TestSuiteExecutor.accessTestSuiteMainPhase(TestSuiteExecutor.java:150)
	at com.kms.katalon.core.main.TestSuiteExecutor.execute(TestSuiteExecutor.java:106)
	at com.kms.katalon.core.main.TestCaseMain.startTestSuite(TestCaseMain.java:180)
	at TempTestSuite1729215855985.run(TempTestSuite1729215855985.groovy:35)
	at java.base/jdk.internal.reflect.NativeMethodAccessorImpl.invoke0(Native Method)
	at java.base/jdk.internal.reflect.NativeMethodAccessorImpl.invoke(NativeMethodAccessorImpl.java:77)
	at java.base/jdk.internal.reflect.DelegatingMethodAccessorImpl.invoke(DelegatingMethodAccessorImpl.java:43)
)

18-10-2024T05:40:10 - [TEST_STEP][PASSED] - a = a33.toDouble(): null

18-10-2024T05:40:10 - [TEST_STEP][PASSED] - b = b33.toDouble(): null

18-10-2024T05:40:10 - [TEST_STEP][PASSED] - Script1710234207206.WriteToExcel(todaysDate, run, vir, block, typeOfData, viruchka, vidget, nameOfBlock, a, b, dZO): null

18-10-2024T05:40:10 - [TEST_STEP][PASSED] - println(run): null

18-10-2024T05:40:10 - [TEST_STEP][PASSED] - if (run == 1): null

18-10-2024T05:40:10 - [TEST_STEP][PASSED] - else if (run == 2): null

18-10-2024T05:40:10 - [TEST_STEP][PASSED] - typeOfData = "Проценты": null

18-10-2024T05:40:10 - [TEST_STEP][PASSED] - println("todaysDate:" + todaysDate): null

18-10-2024T05:40:10 - [TEST_STEP][PASSED] - println("typeOfData:" + typeOfData): null

18-10-2024T05:40:10 - [TEST_STEP][PASSED] - viruchka = getText(findTestObject("Выручка в рублях/Фильтр Выручка" + nameOfBlock)): Text of object 'Object Repository/Выручка в рублях/Фильтр Выручка Выручка' is: 'Все'

18-10-2024T05:40:10 - [MESSAGE][PASSED] - Text of object 'Object Repository/Выручка в рублях/Фильтр Выручка Выручка' is: 'Все'

18-10-2024T05:40:10 - [TEST_STEP][PASSED] - println("viruchka" + viruchka): null

18-10-2024T05:40:10 - [TEST_STEP][PASSED] - println("vidget" + vidget): null

18-10-2024T05:40:10 - [TEST_STEP][PASSED] - println("a" + a): null

18-10-2024T05:40:10 - [TEST_STEP][PASSED] - println("b" + b): null

18-10-2024T05:40:10 - [TEST_STEP][PASSED] - sheetName = "Sheet1": null

18-10-2024T05:40:10 - [TEST_STEP][PASSED] - data = findTestData("PlanFact"): null

18-10-2024T05:40:10 - [TEST_STEP][PASSED] - n = data.getRowNumbers() + 1: null

18-10-2024T05:40:10 - [TEST_STEP][PASSED] - period = getText(findTestObject("Выручка в рублях/Фильтр Период")): Text of object 'Object Repository/Выручка в рублях/Фильтр Период' is: 'Июль, Август и 1, 2 кв. 2024 года'

18-10-2024T05:40:11 - [MESSAGE][PASSED] - Text of object 'Object Repository/Выручка в рублях/Фильтр Период' is: 'Июль, Август и 1, 2 кв. 2024 года'

18-10-2024T05:40:11 - [TEST_STEP][PASSED] - println(period): null

18-10-2024T05:40:11 - [TEST_STEP][PASSED] - dashboardName = "Выручка в рублях": null

18-10-2024T05:40:11 - [TEST_STEP][PASSED] - workbook01 = getWorkbook(excelFilePath): null

18-10-2024T05:40:11 - [TEST_STEP][PASSED] - sheet01 = getExcelSheet(workbook01, sheetName): null

18-10-2024T05:40:11 - [TEST_STEP][PASSED] - setValueToCellByIndex(sheet01, n, 0, dashboardName): null

18-10-2024T05:40:11 - [TEST_STEP][PASSED] - setValueToCellByIndex(sheet01, n, 1, dZO): null

18-10-2024T05:40:11 - [TEST_STEP][PASSED] - setValueToCellByIndex(sheet01, n, 2, vidget): null

18-10-2024T05:40:11 - [TEST_STEP][PASSED] - setValueToCellByIndex(sheet01, n, 3, viruchka): null

18-10-2024T05:40:11 - [TEST_STEP][PASSED] - setValueToCellByIndex(sheet01, n, 4, typeOfData): null

18-10-2024T05:40:11 - [TEST_STEP][PASSED] - if (a == null): null

18-10-2024T05:40:11 - [TEST_STEP][PASSED] - else: null

18-10-2024T05:40:11 - [TEST_STEP][PASSED] - setValueToCellByIndex(sheet01, n, 5, a): null

18-10-2024T05:40:11 - [TEST_STEP][PASSED] - if (b == null): null

18-10-2024T05:40:11 - [TEST_STEP][PASSED] - else: null

18-10-2024T05:40:11 - [TEST_STEP][PASSED] - setValueToCellByIndex(sheet01, n, 6, b): null

18-10-2024T05:40:11 - [TEST_STEP][PASSED] - setValueToCellByIndex(sheet01, n, 7, period): null

18-10-2024T05:40:11 - [TEST_STEP][PASSED] - setValueToCellByIndex(sheet01, n, 8, todaysDate): null

18-10-2024T05:40:11 - [TEST_STEP][PASSED] - n = n + 1: null

18-10-2024T05:40:11 - [TEST_STEP][PASSED] - saveWorkbook(excelFilePath, workbook01): null

18-10-2024T05:40:11 - [TEST_STEP][PASSED] - dZO = "Россети Кубань": null

18-10-2024T05:40:11 - [TEST_STEP][FAILED] - if (verifyEqual(a34, b34) == false): null

18-10-2024T05:40:11 - [MESSAGE][FAILED] - Unable to verify equal between actual object '-47.01' and expected object '5.99' (Root cause: com.kms.katalon.core.exception.StepFailedException: Actual object '-47.01' and expected object '5.99' are not equal
	at com.kms.katalon.core.keyword.builtin.VerifyEqualKeyword$_verifyEqual_closure1.doCall(VerifyEqualKeyword.groovy:58)
	at com.kms.katalon.core.keyword.builtin.VerifyEqualKeyword$_verifyEqual_closure1.call(VerifyEqualKeyword.groovy)
	at com.kms.katalon.core.keyword.internal.KeywordMain.runKeyword(KeywordMain.groovy:75)
	at com.kms.katalon.core.keyword.builtin.VerifyEqualKeyword.verifyEqual(VerifyEqualKeyword.groovy:63)
	at com.kms.katalon.core.keyword.builtin.VerifyEqualKeyword.execute(VerifyEqualKeyword.groovy:44)
	at com.kms.katalon.core.keyword.internal.KeywordExecutor.executeKeywordForPlatform(KeywordExecutor.groovy:74)
	at com.kms.katalon.core.keyword.BuiltinKeywords.verifyEqual(BuiltinKeywords.groovy:146)
	at jdk.internal.reflect.GeneratedMethodAccessor21.invoke(Unknown Source)
	at java.base/jdk.internal.reflect.DelegatingMethodAccessorImpl.invoke(DelegatingMethodAccessorImpl.java:43)
	at Выручка в рублях сверка дашбордов ПАО Россети.Blocks(Выручка в рублях сверка дашбордов ПАО Россети:397)
	at Выручка в рублях сверка дашбордов ПАО Россети.ViruchkaChange(Выручка в рублях сверка дашбордов ПАО Россети:60)
	at Выручка в рублях сверка дашбордов ПАО Россети.run(Выручка в рублях сверка дашбордов ПАО Россети:55)
	at com.kms.katalon.core.main.ScriptEngine.run(ScriptEngine.java:194)
	at com.kms.katalon.core.main.ScriptEngine.runScriptAsRawText(ScriptEngine.java:119)
	at com.kms.katalon.core.main.TestCaseExecutor.runScript(TestCaseExecutor.java:448)
	at com.kms.katalon.core.main.TestCaseExecutor.doExecute(TestCaseExecutor.java:439)
	at com.kms.katalon.core.main.TestCaseExecutor.processExecutionPhase(TestCaseExecutor.java:418)
	at com.kms.katalon.core.main.TestCaseExecutor.accessMainPhase(TestCaseExecutor.java:410)
	at com.kms.katalon.core.main.TestCaseExecutor.execute(TestCaseExecutor.java:285)
	at com.kms.katalon.core.common.CommonExecutor.accessTestCaseMainPhase(CommonExecutor.java:65)
	at com.kms.katalon.core.main.TestSuiteExecutor.accessTestSuiteMainPhase(TestSuiteExecutor.java:150)
	at com.kms.katalon.core.main.TestSuiteExecutor.execute(TestSuiteExecutor.java:106)
	at com.kms.katalon.core.main.TestCaseMain.startTestSuite(TestCaseMain.java:180)
	at TempTestSuite1729215855985.run(TempTestSuite1729215855985.groovy:35)
	at java.base/jdk.internal.reflect.NativeMethodAccessorImpl.invoke0(Native Method)
	at java.base/jdk.internal.reflect.NativeMethodAccessorImpl.invoke(NativeMethodAccessorImpl.java:77)
	at java.base/jdk.internal.reflect.DelegatingMethodAccessorImpl.invoke(DelegatingMethodAccessorImpl.java:43)
)

18-10-2024T05:40:11 - [TEST_STEP][PASSED] - a = a34.toDouble(): null

18-10-2024T05:40:11 - [TEST_STEP][PASSED] - b = b34.toDouble(): null

18-10-2024T05:40:11 - [TEST_STEP][PASSED] - Script1710234207206.WriteToExcel(todaysDate, run, vir, block, typeOfData, viruchka, vidget, nameOfBlock, a, b, dZO): null

18-10-2024T05:40:11 - [TEST_STEP][PASSED] - println(run): null

18-10-2024T05:40:11 - [TEST_STEP][PASSED] - if (run == 1): null

18-10-2024T05:40:11 - [TEST_STEP][PASSED] - else if (run == 2): null

18-10-2024T05:40:11 - [TEST_STEP][PASSED] - typeOfData = "Проценты": null

18-10-2024T05:40:11 - [TEST_STEP][PASSED] - println("todaysDate:" + todaysDate): null

18-10-2024T05:40:11 - [TEST_STEP][PASSED] - println("typeOfData:" + typeOfData): null

18-10-2024T05:40:11 - [TEST_STEP][PASSED] - viruchka = getText(findTestObject("Выручка в рублях/Фильтр Выручка" + nameOfBlock)): Text of object 'Object Repository/Выручка в рублях/Фильтр Выручка Выручка' is: 'Все'

18-10-2024T05:40:11 - [MESSAGE][PASSED] - Text of object 'Object Repository/Выручка в рублях/Фильтр Выручка Выручка' is: 'Все'

18-10-2024T05:40:11 - [TEST_STEP][PASSED] - println("viruchka" + viruchka): null

18-10-2024T05:40:11 - [TEST_STEP][PASSED] - println("vidget" + vidget): null

18-10-2024T05:40:11 - [TEST_STEP][PASSED] - println("a" + a): null

18-10-2024T05:40:11 - [TEST_STEP][PASSED] - println("b" + b): null

18-10-2024T05:40:11 - [TEST_STEP][PASSED] - sheetName = "Sheet1": null

18-10-2024T05:40:11 - [TEST_STEP][PASSED] - data = findTestData("PlanFact"): null

18-10-2024T05:40:11 - [TEST_STEP][PASSED] - n = data.getRowNumbers() + 1: null

18-10-2024T05:40:11 - [TEST_STEP][PASSED] - period = getText(findTestObject("Выручка в рублях/Фильтр Период")): Text of object 'Object Repository/Выручка в рублях/Фильтр Период' is: 'Июль, Август и 1, 2 кв. 2024 года'

18-10-2024T05:40:12 - [MESSAGE][PASSED] - Text of object 'Object Repository/Выручка в рублях/Фильтр Период' is: 'Июль, Август и 1, 2 кв. 2024 года'

18-10-2024T05:40:12 - [TEST_STEP][PASSED] - println(period): null

18-10-2024T05:40:12 - [TEST_STEP][PASSED] - dashboardName = "Выручка в рублях": null

18-10-2024T05:40:12 - [TEST_STEP][PASSED] - workbook01 = getWorkbook(excelFilePath): null

18-10-2024T05:40:12 - [TEST_STEP][PASSED] - sheet01 = getExcelSheet(workbook01, sheetName): null

18-10-2024T05:40:12 - [TEST_STEP][PASSED] - setValueToCellByIndex(sheet01, n, 0, dashboardName): null

18-10-2024T05:40:12 - [TEST_STEP][PASSED] - setValueToCellByIndex(sheet01, n, 1, dZO): null

18-10-2024T05:40:12 - [TEST_STEP][PASSED] - setValueToCellByIndex(sheet01, n, 2, vidget): null

18-10-2024T05:40:12 - [TEST_STEP][PASSED] - setValueToCellByIndex(sheet01, n, 3, viruchka): null

18-10-2024T05:40:12 - [TEST_STEP][PASSED] - setValueToCellByIndex(sheet01, n, 4, typeOfData): null

18-10-2024T05:40:12 - [TEST_STEP][PASSED] - if (a == null): null

18-10-2024T05:40:12 - [TEST_STEP][PASSED] - else: null

18-10-2024T05:40:12 - [TEST_STEP][PASSED] - setValueToCellByIndex(sheet01, n, 5, a): null

18-10-2024T05:40:12 - [TEST_STEP][PASSED] - if (b == null): null

18-10-2024T05:40:12 - [TEST_STEP][PASSED] - else: null

18-10-2024T05:40:12 - [TEST_STEP][PASSED] - setValueToCellByIndex(sheet01, n, 6, b): null

18-10-2024T05:40:12 - [TEST_STEP][PASSED] - setValueToCellByIndex(sheet01, n, 7, period): null

18-10-2024T05:40:12 - [TEST_STEP][PASSED] - setValueToCellByIndex(sheet01, n, 8, todaysDate): null

18-10-2024T05:40:12 - [TEST_STEP][PASSED] - n = n + 1: null

18-10-2024T05:40:12 - [TEST_STEP][PASSED] - saveWorkbook(excelFilePath, workbook01): null

18-10-2024T05:40:12 - [TEST_STEP][PASSED] - dZO = "Россети Ленэнерго (ГК)": null

18-10-2024T05:40:12 - [TEST_STEP][FAILED] - if (verifyEqual(a35, b35) == false): null

18-10-2024T05:40:12 - [MESSAGE][FAILED] - Unable to verify equal between actual object '-47.21' and expected object '5.58' (Root cause: com.kms.katalon.core.exception.StepFailedException: Actual object '-47.21' and expected object '5.58' are not equal
	at com.kms.katalon.core.keyword.builtin.VerifyEqualKeyword$_verifyEqual_closure1.doCall(VerifyEqualKeyword.groovy:58)
	at com.kms.katalon.core.keyword.builtin.VerifyEqualKeyword$_verifyEqual_closure1.call(VerifyEqualKeyword.groovy)
	at com.kms.katalon.core.keyword.internal.KeywordMain.runKeyword(KeywordMain.groovy:75)
	at com.kms.katalon.core.keyword.builtin.VerifyEqualKeyword.verifyEqual(VerifyEqualKeyword.groovy:63)
	at com.kms.katalon.core.keyword.builtin.VerifyEqualKeyword.execute(VerifyEqualKeyword.groovy:44)
	at com.kms.katalon.core.keyword.internal.KeywordExecutor.executeKeywordForPlatform(KeywordExecutor.groovy:74)
	at com.kms.katalon.core.keyword.BuiltinKeywords.verifyEqual(BuiltinKeywords.groovy:146)
	at jdk.internal.reflect.GeneratedMethodAccessor21.invoke(Unknown Source)
	at java.base/jdk.internal.reflect.DelegatingMethodAccessorImpl.invoke(DelegatingMethodAccessorImpl.java:43)
	at Выручка в рублях сверка дашбордов ПАО Россети.Blocks(Выручка в рублях сверка дашбордов ПАО Россети:407)
	at Выручка в рублях сверка дашбордов ПАО Россети.ViruchkaChange(Выручка в рублях сверка дашбордов ПАО Россети:60)
	at Выручка в рублях сверка дашбордов ПАО Россети.run(Выручка в рублях сверка дашбордов ПАО Россети:55)
	at com.kms.katalon.core.main.ScriptEngine.run(ScriptEngine.java:194)
	at com.kms.katalon.core.main.ScriptEngine.runScriptAsRawText(ScriptEngine.java:119)
	at com.kms.katalon.core.main.TestCaseExecutor.runScript(TestCaseExecutor.java:448)
	at com.kms.katalon.core.main.TestCaseExecutor.doExecute(TestCaseExecutor.java:439)
	at com.kms.katalon.core.main.TestCaseExecutor.processExecutionPhase(TestCaseExecutor.java:418)
	at com.kms.katalon.core.main.TestCaseExecutor.accessMainPhase(TestCaseExecutor.java:410)
	at com.kms.katalon.core.main.TestCaseExecutor.execute(TestCaseExecutor.java:285)
	at com.kms.katalon.core.common.CommonExecutor.accessTestCaseMainPhase(CommonExecutor.java:65)
	at com.kms.katalon.core.main.TestSuiteExecutor.accessTestSuiteMainPhase(TestSuiteExecutor.java:150)
	at com.kms.katalon.core.main.TestSuiteExecutor.execute(TestSuiteExecutor.java:106)
	at com.kms.katalon.core.main.TestCaseMain.startTestSuite(TestCaseMain.java:180)
	at TempTestSuite1729215855985.run(TempTestSuite1729215855985.groovy:35)
	at java.base/jdk.internal.reflect.NativeMethodAccessorImpl.invoke0(Native Method)
	at java.base/jdk.internal.reflect.NativeMethodAccessorImpl.invoke(NativeMethodAccessorImpl.java:77)
	at java.base/jdk.internal.reflect.DelegatingMethodAccessorImpl.invoke(DelegatingMethodAccessorImpl.java:43)
)

18-10-2024T05:40:12 - [TEST_STEP][PASSED] - a = a35.toDouble(): null

18-10-2024T05:40:12 - [TEST_STEP][PASSED] - b = b35.toDouble(): null

18-10-2024T05:40:12 - [TEST_STEP][PASSED] - Script1710234207206.WriteToExcel(todaysDate, run, vir, block, typeOfData, viruchka, vidget, nameOfBlock, a, b, dZO): null

18-10-2024T05:40:12 - [TEST_STEP][PASSED] - println(run): null

18-10-2024T05:40:12 - [TEST_STEP][PASSED] - if (run == 1): null

18-10-2024T05:40:12 - [TEST_STEP][PASSED] - else if (run == 2): null

18-10-2024T05:40:12 - [TEST_STEP][PASSED] - typeOfData = "Проценты": null

18-10-2024T05:40:12 - [TEST_STEP][PASSED] - println("todaysDate:" + todaysDate): null

18-10-2024T05:40:12 - [TEST_STEP][PASSED] - println("typeOfData:" + typeOfData): null

18-10-2024T05:40:12 - [TEST_STEP][PASSED] - viruchka = getText(findTestObject("Выручка в рублях/Фильтр Выручка" + nameOfBlock)): Text of object 'Object Repository/Выручка в рублях/Фильтр Выручка Выручка' is: 'Все'

18-10-2024T05:40:12 - [MESSAGE][PASSED] - Text of object 'Object Repository/Выручка в рублях/Фильтр Выручка Выручка' is: 'Все'

18-10-2024T05:40:12 - [TEST_STEP][PASSED] - println("viruchka" + viruchka): null

18-10-2024T05:40:12 - [TEST_STEP][PASSED] - println("vidget" + vidget): null

18-10-2024T05:40:12 - [TEST_STEP][PASSED] - println("a" + a): null

18-10-2024T05:40:12 - [TEST_STEP][PASSED] - println("b" + b): null

18-10-2024T05:40:12 - [TEST_STEP][PASSED] - sheetName = "Sheet1": null

18-10-2024T05:40:12 - [TEST_STEP][PASSED] - data = findTestData("PlanFact"): null

18-10-2024T05:40:12 - [TEST_STEP][PASSED] - n = data.getRowNumbers() + 1: null

18-10-2024T05:40:12 - [TEST_STEP][PASSED] - period = getText(findTestObject("Выручка в рублях/Фильтр Период")): Text of object 'Object Repository/Выручка в рублях/Фильтр Период' is: 'Июль, Август и 1, 2 кв. 2024 года'

18-10-2024T05:40:13 - [MESSAGE][PASSED] - Text of object 'Object Repository/Выручка в рублях/Фильтр Период' is: 'Июль, Август и 1, 2 кв. 2024 года'

18-10-2024T05:40:13 - [TEST_STEP][PASSED] - println(period): null

18-10-2024T05:40:13 - [TEST_STEP][PASSED] - dashboardName = "Выручка в рублях": null

18-10-2024T05:40:13 - [TEST_STEP][PASSED] - workbook01 = getWorkbook(excelFilePath): null

18-10-2024T05:40:13 - [TEST_STEP][PASSED] - sheet01 = getExcelSheet(workbook01, sheetName): null

18-10-2024T05:40:13 - [TEST_STEP][PASSED] - setValueToCellByIndex(sheet01, n, 0, dashboardName): null

18-10-2024T05:40:13 - [TEST_STEP][PASSED] - setValueToCellByIndex(sheet01, n, 1, dZO): null

18-10-2024T05:40:13 - [TEST_STEP][PASSED] - setValueToCellByIndex(sheet01, n, 2, vidget): null

18-10-2024T05:40:13 - [TEST_STEP][PASSED] - setValueToCellByIndex(sheet01, n, 3, viruchka): null

18-10-2024T05:40:13 - [TEST_STEP][PASSED] - setValueToCellByIndex(sheet01, n, 4, typeOfData): null

18-10-2024T05:40:13 - [TEST_STEP][PASSED] - if (a == null): null

18-10-2024T05:40:13 - [TEST_STEP][PASSED] - else: null

18-10-2024T05:40:13 - [TEST_STEP][PASSED] - setValueToCellByIndex(sheet01, n, 5, a): null

18-10-2024T05:40:13 - [TEST_STEP][PASSED] - if (b == null): null

18-10-2024T05:40:13 - [TEST_STEP][PASSED] - else: null

18-10-2024T05:40:13 - [TEST_STEP][PASSED] - setValueToCellByIndex(sheet01, n, 6, b): null

18-10-2024T05:40:13 - [TEST_STEP][PASSED] - setValueToCellByIndex(sheet01, n, 7, period): null

18-10-2024T05:40:13 - [TEST_STEP][PASSED] - setValueToCellByIndex(sheet01, n, 8, todaysDate): null

18-10-2024T05:40:13 - [TEST_STEP][PASSED] - n = n + 1: null

18-10-2024T05:40:13 - [TEST_STEP][PASSED] - saveWorkbook(excelFilePath, workbook01): null

18-10-2024T05:40:13 - [TEST_STEP][PASSED] - dZO = "Россети Московский регион": null

18-10-2024T05:40:13 - [TEST_STEP][PASSED] - if (verifyEqual(a36, b36) == false): Actual object '5.03' and expected object '5.03' are equal

18-10-2024T05:40:13 - [MESSAGE][PASSED] - Actual object '5.03' and expected object '5.03' are equal

18-10-2024T05:40:13 - [TEST_STEP][PASSED] - dZO = "Россети Северный Кавказ (ГК)": null

18-10-2024T05:40:13 - [TEST_STEP][FAILED] - if (verifyEqual(a37, b37) == false): null

18-10-2024T05:40:13 - [MESSAGE][FAILED] - Unable to verify equal between actual object '-49.2' and expected object '3.36' (Root cause: com.kms.katalon.core.exception.StepFailedException: Actual object '-49.2' and expected object '3.36' are not equal
	at com.kms.katalon.core.keyword.builtin.VerifyEqualKeyword$_verifyEqual_closure1.doCall(VerifyEqualKeyword.groovy:58)
	at com.kms.katalon.core.keyword.builtin.VerifyEqualKeyword$_verifyEqual_closure1.call(VerifyEqualKeyword.groovy)
	at com.kms.katalon.core.keyword.internal.KeywordMain.runKeyword(KeywordMain.groovy:75)
	at com.kms.katalon.core.keyword.builtin.VerifyEqualKeyword.verifyEqual(VerifyEqualKeyword.groovy:63)
	at com.kms.katalon.core.keyword.builtin.VerifyEqualKeyword.execute(VerifyEqualKeyword.groovy:44)
	at com.kms.katalon.core.keyword.internal.KeywordExecutor.executeKeywordForPlatform(KeywordExecutor.groovy:74)
	at com.kms.katalon.core.keyword.BuiltinKeywords.verifyEqual(BuiltinKeywords.groovy:146)
	at jdk.internal.reflect.GeneratedMethodAccessor21.invoke(Unknown Source)
	at java.base/jdk.internal.reflect.DelegatingMethodAccessorImpl.invoke(DelegatingMethodAccessorImpl.java:43)
	at Выручка в рублях сверка дашбордов ПАО Россети.Blocks(Выручка в рублях сверка дашбордов ПАО Россети:427)
	at Выручка в рублях сверка дашбордов ПАО Россети.ViruchkaChange(Выручка в рублях сверка дашбордов ПАО Россети:60)
	at Выручка в рублях сверка дашбордов ПАО Россети.run(Выручка в рублях сверка дашбордов ПАО Россети:55)
	at com.kms.katalon.core.main.ScriptEngine.run(ScriptEngine.java:194)
	at com.kms.katalon.core.main.ScriptEngine.runScriptAsRawText(ScriptEngine.java:119)
	at com.kms.katalon.core.main.TestCaseExecutor.runScript(TestCaseExecutor.java:448)
	at com.kms.katalon.core.main.TestCaseExecutor.doExecute(TestCaseExecutor.java:439)
	at com.kms.katalon.core.main.TestCaseExecutor.processExecutionPhase(TestCaseExecutor.java:418)
	at com.kms.katalon.core.main.TestCaseExecutor.accessMainPhase(TestCaseExecutor.java:410)
	at com.kms.katalon.core.main.TestCaseExecutor.execute(TestCaseExecutor.java:285)
	at com.kms.katalon.core.common.CommonExecutor.accessTestCaseMainPhase(CommonExecutor.java:65)
	at com.kms.katalon.core.main.TestSuiteExecutor.accessTestSuiteMainPhase(TestSuiteExecutor.java:150)
	at com.kms.katalon.core.main.TestSuiteExecutor.execute(TestSuiteExecutor.java:106)
	at com.kms.katalon.core.main.TestCaseMain.startTestSuite(TestCaseMain.java:180)
	at TempTestSuite1729215855985.run(TempTestSuite1729215855985.groovy:35)
	at java.base/jdk.internal.reflect.NativeMethodAccessorImpl.invoke0(Native Method)
	at java.base/jdk.internal.reflect.NativeMethodAccessorImpl.invoke(NativeMethodAccessorImpl.java:77)
	at java.base/jdk.internal.reflect.DelegatingMethodAccessorImpl.invoke(DelegatingMethodAccessorImpl.java:43)
)

18-10-2024T05:40:13 - [TEST_STEP][PASSED] - a = a37.toDouble(): null

18-10-2024T05:40:13 - [TEST_STEP][PASSED] - b = b37.toDouble(): null

18-10-2024T05:40:13 - [TEST_STEP][PASSED] - Script1710234207206.WriteToExcel(todaysDate, run, vir, block, typeOfData, viruchka, vidget, nameOfBlock, a, b, dZO): null

18-10-2024T05:40:13 - [TEST_STEP][PASSED] - println(run): null

18-10-2024T05:40:13 - [TEST_STEP][PASSED] - if (run == 1): null

18-10-2024T05:40:13 - [TEST_STEP][PASSED] - else if (run == 2): null

18-10-2024T05:40:13 - [TEST_STEP][PASSED] - typeOfData = "Проценты": null

18-10-2024T05:40:13 - [TEST_STEP][PASSED] - println("todaysDate:" + todaysDate): null

18-10-2024T05:40:13 - [TEST_STEP][PASSED] - println("typeOfData:" + typeOfData): null

18-10-2024T05:40:13 - [TEST_STEP][PASSED] - viruchka = getText(findTestObject("Выручка в рублях/Фильтр Выручка" + nameOfBlock)): Text of object 'Object Repository/Выручка в рублях/Фильтр Выручка Выручка' is: 'Все'

18-10-2024T05:40:13 - [MESSAGE][PASSED] - Text of object 'Object Repository/Выручка в рублях/Фильтр Выручка Выручка' is: 'Все'

18-10-2024T05:40:13 - [TEST_STEP][PASSED] - println("viruchka" + viruchka): null

18-10-2024T05:40:13 - [TEST_STEP][PASSED] - println("vidget" + vidget): null

18-10-2024T05:40:13 - [TEST_STEP][PASSED] - println("a" + a): null

18-10-2024T05:40:13 - [TEST_STEP][PASSED] - println("b" + b): null

18-10-2024T05:40:13 - [TEST_STEP][PASSED] - sheetName = "Sheet1": null

18-10-2024T05:40:13 - [TEST_STEP][PASSED] - data = findTestData("PlanFact"): null

18-10-2024T05:40:13 - [TEST_STEP][PASSED] - n = data.getRowNumbers() + 1: null

18-10-2024T05:40:13 - [TEST_STEP][PASSED] - period = getText(findTestObject("Выручка в рублях/Фильтр Период")): Text of object 'Object Repository/Выручка в рублях/Фильтр Период' is: 'Июль, Август и 1, 2 кв. 2024 года'

18-10-2024T05:40:14 - [MESSAGE][PASSED] - Text of object 'Object Repository/Выручка в рублях/Фильтр Период' is: 'Июль, Август и 1, 2 кв. 2024 года'

18-10-2024T05:40:14 - [TEST_STEP][PASSED] - println(period): null

18-10-2024T05:40:14 - [TEST_STEP][PASSED] - dashboardName = "Выручка в рублях": null

18-10-2024T05:40:14 - [TEST_STEP][PASSED] - workbook01 = getWorkbook(excelFilePath): null

18-10-2024T05:40:14 - [TEST_STEP][PASSED] - sheet01 = getExcelSheet(workbook01, sheetName): null

18-10-2024T05:40:14 - [TEST_STEP][PASSED] - setValueToCellByIndex(sheet01, n, 0, dashboardName): null

18-10-2024T05:40:14 - [TEST_STEP][PASSED] - setValueToCellByIndex(sheet01, n, 1, dZO): null

18-10-2024T05:40:14 - [TEST_STEP][PASSED] - setValueToCellByIndex(sheet01, n, 2, vidget): null

18-10-2024T05:40:14 - [TEST_STEP][PASSED] - setValueToCellByIndex(sheet01, n, 3, viruchka): null

18-10-2024T05:40:14 - [TEST_STEP][PASSED] - setValueToCellByIndex(sheet01, n, 4, typeOfData): null

18-10-2024T05:40:14 - [TEST_STEP][PASSED] - if (a == null): null

18-10-2024T05:40:14 - [TEST_STEP][PASSED] - else: null

18-10-2024T05:40:14 - [TEST_STEP][PASSED] - setValueToCellByIndex(sheet01, n, 5, a): null

18-10-2024T05:40:14 - [TEST_STEP][PASSED] - if (b == null): null

18-10-2024T05:40:14 - [TEST_STEP][PASSED] - else: null

18-10-2024T05:40:14 - [TEST_STEP][PASSED] - setValueToCellByIndex(sheet01, n, 6, b): null

18-10-2024T05:40:14 - [TEST_STEP][PASSED] - setValueToCellByIndex(sheet01, n, 7, period): null

18-10-2024T05:40:14 - [TEST_STEP][PASSED] - setValueToCellByIndex(sheet01, n, 8, todaysDate): null

18-10-2024T05:40:14 - [TEST_STEP][PASSED] - n = n + 1: null

18-10-2024T05:40:14 - [TEST_STEP][PASSED] - saveWorkbook(excelFilePath, workbook01): null

18-10-2024T05:40:14 - [TEST_STEP][PASSED] - dZO = "Россети Северо-Запад": null

18-10-2024T05:40:14 - [TEST_STEP][PASSED] - if (verifyEqual(a38, b38) == false): Actual object '2.9' and expected object '2.9' are equal

18-10-2024T05:40:14 - [MESSAGE][PASSED] - Actual object '2.9' and expected object '2.9' are equal

18-10-2024T05:40:14 - [TEST_STEP][PASSED] - dZO = "Россети Сибирь (ГК)": null

18-10-2024T05:40:14 - [TEST_STEP][PASSED] - if (verifyEqual(a39, b39) == false): Actual object '4.21' and expected object '4.21' are equal

18-10-2024T05:40:14 - [MESSAGE][PASSED] - Actual object '4.21' and expected object '4.21' are equal

18-10-2024T05:40:14 - [TEST_STEP][PASSED] - dZO = "Россети Томск": null

18-10-2024T05:40:14 - [TEST_STEP][FAILED] - if (verifyEqual(a310, b310) == false): null

18-10-2024T05:40:14 - [MESSAGE][FAILED] - Unable to verify equal between actual object '-48.15' and expected object '3.71' (Root cause: com.kms.katalon.core.exception.StepFailedException: Actual object '-48.15' and expected object '3.71' are not equal
	at com.kms.katalon.core.keyword.builtin.VerifyEqualKeyword$_verifyEqual_closure1.doCall(VerifyEqualKeyword.groovy:58)
	at com.kms.katalon.core.keyword.builtin.VerifyEqualKeyword$_verifyEqual_closure1.call(VerifyEqualKeyword.groovy)
	at com.kms.katalon.core.keyword.internal.KeywordMain.runKeyword(KeywordMain.groovy:75)
	at com.kms.katalon.core.keyword.builtin.VerifyEqualKeyword.verifyEqual(VerifyEqualKeyword.groovy:63)
	at com.kms.katalon.core.keyword.builtin.VerifyEqualKeyword.execute(VerifyEqualKeyword.groovy:44)
	at com.kms.katalon.core.keyword.internal.KeywordExecutor.executeKeywordForPlatform(KeywordExecutor.groovy:74)
	at com.kms.katalon.core.keyword.BuiltinKeywords.verifyEqual(BuiltinKeywords.groovy:146)
	at jdk.internal.reflect.GeneratedMethodAccessor21.invoke(Unknown Source)
	at java.base/jdk.internal.reflect.DelegatingMethodAccessorImpl.invoke(DelegatingMethodAccessorImpl.java:43)
	at Выручка в рублях сверка дашбордов ПАО Россети.Blocks(Выручка в рублях сверка дашбордов ПАО Россети:457)
	at Выручка в рублях сверка дашбордов ПАО Россети.ViruchkaChange(Выручка в рублях сверка дашбордов ПАО Россети:60)
	at Выручка в рублях сверка дашбордов ПАО Россети.run(Выручка в рублях сверка дашбордов ПАО Россети:55)
	at com.kms.katalon.core.main.ScriptEngine.run(ScriptEngine.java:194)
	at com.kms.katalon.core.main.ScriptEngine.runScriptAsRawText(ScriptEngine.java:119)
	at com.kms.katalon.core.main.TestCaseExecutor.runScript(TestCaseExecutor.java:448)
	at com.kms.katalon.core.main.TestCaseExecutor.doExecute(TestCaseExecutor.java:439)
	at com.kms.katalon.core.main.TestCaseExecutor.processExecutionPhase(TestCaseExecutor.java:418)
	at com.kms.katalon.core.main.TestCaseExecutor.accessMainPhase(TestCaseExecutor.java:410)
	at com.kms.katalon.core.main.TestCaseExecutor.execute(TestCaseExecutor.java:285)
	at com.kms.katalon.core.common.CommonExecutor.accessTestCaseMainPhase(CommonExecutor.java:65)
	at com.kms.katalon.core.main.TestSuiteExecutor.accessTestSuiteMainPhase(TestSuiteExecutor.java:150)
	at com.kms.katalon.core.main.TestSuiteExecutor.execute(TestSuiteExecutor.java:106)
	at com.kms.katalon.core.main.TestCaseMain.startTestSuite(TestCaseMain.java:180)
	at TempTestSuite1729215855985.run(TempTestSuite1729215855985.groovy:35)
	at java.base/jdk.internal.reflect.NativeMethodAccessorImpl.invoke0(Native Method)
	at java.base/jdk.internal.reflect.NativeMethodAccessorImpl.invoke(NativeMethodAccessorImpl.java:77)
	at java.base/jdk.internal.reflect.DelegatingMethodAccessorImpl.invoke(DelegatingMethodAccessorImpl.java:43)
)

18-10-2024T05:40:14 - [TEST_STEP][PASSED] - a = a310.toDouble(): null

18-10-2024T05:40:14 - [TEST_STEP][PASSED] - b = b310.toDouble(): null

18-10-2024T05:40:14 - [TEST_STEP][PASSED] - Script1710234207206.WriteToExcel(todaysDate, run, vir, block, typeOfData, viruchka, vidget, nameOfBlock, a, b, dZO): null

18-10-2024T05:40:14 - [TEST_STEP][PASSED] - println(run): null

18-10-2024T05:40:14 - [TEST_STEP][PASSED] - if (run == 1): null

18-10-2024T05:40:14 - [TEST_STEP][PASSED] - else if (run == 2): null

18-10-2024T05:40:14 - [TEST_STEP][PASSED] - typeOfData = "Проценты": null

18-10-2024T05:40:14 - [TEST_STEP][PASSED] - println("todaysDate:" + todaysDate): null

18-10-2024T05:40:14 - [TEST_STEP][PASSED] - println("typeOfData:" + typeOfData): null

18-10-2024T05:40:14 - [TEST_STEP][PASSED] - viruchka = getText(findTestObject("Выручка в рублях/Фильтр Выручка" + nameOfBlock)): Text of object 'Object Repository/Выручка в рублях/Фильтр Выручка Выручка' is: 'Все'

18-10-2024T05:40:14 - [MESSAGE][PASSED] - Text of object 'Object Repository/Выручка в рублях/Фильтр Выручка Выручка' is: 'Все'

18-10-2024T05:40:14 - [TEST_STEP][PASSED] - println("viruchka" + viruchka): null

18-10-2024T05:40:14 - [TEST_STEP][PASSED] - println("vidget" + vidget): null

18-10-2024T05:40:14 - [TEST_STEP][PASSED] - println("a" + a): null

18-10-2024T05:40:14 - [TEST_STEP][PASSED] - println("b" + b): null

18-10-2024T05:40:14 - [TEST_STEP][PASSED] - sheetName = "Sheet1": null

18-10-2024T05:40:14 - [TEST_STEP][PASSED] - data = findTestData("PlanFact"): null

18-10-2024T05:40:14 - [TEST_STEP][PASSED] - n = data.getRowNumbers() + 1: null

18-10-2024T05:40:14 - [TEST_STEP][PASSED] - period = getText(findTestObject("Выручка в рублях/Фильтр Период")): Text of object 'Object Repository/Выручка в рублях/Фильтр Период' is: 'Июль, Август и 1, 2 кв. 2024 года'

18-10-2024T05:40:15 - [MESSAGE][PASSED] - Text of object 'Object Repository/Выручка в рублях/Фильтр Период' is: 'Июль, Август и 1, 2 кв. 2024 года'

18-10-2024T05:40:15 - [TEST_STEP][PASSED] - println(period): null

18-10-2024T05:40:15 - [TEST_STEP][PASSED] - dashboardName = "Выручка в рублях": null

18-10-2024T05:40:15 - [TEST_STEP][PASSED] - workbook01 = getWorkbook(excelFilePath): null

18-10-2024T05:40:15 - [TEST_STEP][PASSED] - sheet01 = getExcelSheet(workbook01, sheetName): null

18-10-2024T05:40:15 - [TEST_STEP][PASSED] - setValueToCellByIndex(sheet01, n, 0, dashboardName): null

18-10-2024T05:40:15 - [TEST_STEP][PASSED] - setValueToCellByIndex(sheet01, n, 1, dZO): null

18-10-2024T05:40:15 - [TEST_STEP][PASSED] - setValueToCellByIndex(sheet01, n, 2, vidget): null

18-10-2024T05:40:15 - [TEST_STEP][PASSED] - setValueToCellByIndex(sheet01, n, 3, viruchka): null

18-10-2024T05:40:15 - [TEST_STEP][PASSED] - setValueToCellByIndex(sheet01, n, 4, typeOfData): null

18-10-2024T05:40:15 - [TEST_STEP][PASSED] - if (a == null): null

18-10-2024T05:40:15 - [TEST_STEP][PASSED] - else: null

18-10-2024T05:40:15 - [TEST_STEP][PASSED] - setValueToCellByIndex(sheet01, n, 5, a): null

18-10-2024T05:40:15 - [TEST_STEP][PASSED] - if (b == null): null

18-10-2024T05:40:15 - [TEST_STEP][PASSED] - else: null

18-10-2024T05:40:15 - [TEST_STEP][PASSED] - setValueToCellByIndex(sheet01, n, 6, b): null

18-10-2024T05:40:15 - [TEST_STEP][PASSED] - setValueToCellByIndex(sheet01, n, 7, period): null

18-10-2024T05:40:15 - [TEST_STEP][PASSED] - setValueToCellByIndex(sheet01, n, 8, todaysDate): null

18-10-2024T05:40:15 - [TEST_STEP][PASSED] - n = n + 1: null

18-10-2024T05:40:15 - [TEST_STEP][PASSED] - saveWorkbook(excelFilePath, workbook01): null

18-10-2024T05:40:15 - [TEST_STEP][PASSED] - dZO = "Россети Тюмень": null

18-10-2024T05:40:15 - [TEST_STEP][FAILED] - if (verifyEqual(a311, b311) == false): null

18-10-2024T05:40:15 - [MESSAGE][FAILED] - Unable to verify equal between actual object '-53.15' and expected object '-6.3' (Root cause: com.kms.katalon.core.exception.StepFailedException: Actual object '-53.15' and expected object '-6.3' are not equal
	at com.kms.katalon.core.keyword.builtin.VerifyEqualKeyword$_verifyEqual_closure1.doCall(VerifyEqualKeyword.groovy:58)
	at com.kms.katalon.core.keyword.builtin.VerifyEqualKeyword$_verifyEqual_closure1.call(VerifyEqualKeyword.groovy)
	at com.kms.katalon.core.keyword.internal.KeywordMain.runKeyword(KeywordMain.groovy:75)
	at com.kms.katalon.core.keyword.builtin.VerifyEqualKeyword.verifyEqual(VerifyEqualKeyword.groovy:63)
	at com.kms.katalon.core.keyword.builtin.VerifyEqualKeyword.execute(VerifyEqualKeyword.groovy:44)
	at com.kms.katalon.core.keyword.internal.KeywordExecutor.executeKeywordForPlatform(KeywordExecutor.groovy:74)
	at com.kms.katalon.core.keyword.BuiltinKeywords.verifyEqual(BuiltinKeywords.groovy:146)
	at jdk.internal.reflect.GeneratedMethodAccessor21.invoke(Unknown Source)
	at java.base/jdk.internal.reflect.DelegatingMethodAccessorImpl.invoke(DelegatingMethodAccessorImpl.java:43)
	at Выручка в рублях сверка дашбордов ПАО Россети.Blocks(Выручка в рублях сверка дашбордов ПАО Россети:467)
	at Выручка в рублях сверка дашбордов ПАО Россети.ViruchkaChange(Выручка в рублях сверка дашбордов ПАО Россети:60)
	at Выручка в рублях сверка дашбордов ПАО Россети.run(Выручка в рублях сверка дашбордов ПАО Россети:55)
	at com.kms.katalon.core.main.ScriptEngine.run(ScriptEngine.java:194)
	at com.kms.katalon.core.main.ScriptEngine.runScriptAsRawText(ScriptEngine.java:119)
	at com.kms.katalon.core.main.TestCaseExecutor.runScript(TestCaseExecutor.java:448)
	at com.kms.katalon.core.main.TestCaseExecutor.doExecute(TestCaseExecutor.java:439)
	at com.kms.katalon.core.main.TestCaseExecutor.processExecutionPhase(TestCaseExecutor.java:418)
	at com.kms.katalon.core.main.TestCaseExecutor.accessMainPhase(TestCaseExecutor.java:410)
	at com.kms.katalon.core.main.TestCaseExecutor.execute(TestCaseExecutor.java:285)
	at com.kms.katalon.core.common.CommonExecutor.accessTestCaseMainPhase(CommonExecutor.java:65)
	at com.kms.katalon.core.main.TestSuiteExecutor.accessTestSuiteMainPhase(TestSuiteExecutor.java:150)
	at com.kms.katalon.core.main.TestSuiteExecutor.execute(TestSuiteExecutor.java:106)
	at com.kms.katalon.core.main.TestCaseMain.startTestSuite(TestCaseMain.java:180)
	at TempTestSuite1729215855985.run(TempTestSuite1729215855985.groovy:35)
	at java.base/jdk.internal.reflect.NativeMethodAccessorImpl.invoke0(Native Method)
	at java.base/jdk.internal.reflect.NativeMethodAccessorImpl.invoke(NativeMethodAccessorImpl.java:77)
	at java.base/jdk.internal.reflect.DelegatingMethodAccessorImpl.invoke(DelegatingMethodAccessorImpl.java:43)
)

18-10-2024T05:40:15 - [TEST_STEP][PASSED] - a = a311.toDouble(): null

18-10-2024T05:40:15 - [TEST_STEP][PASSED] - b = b311.toDouble(): null

18-10-2024T05:40:15 - [TEST_STEP][PASSED] - Script1710234207206.WriteToExcel(todaysDate, run, vir, block, typeOfData, viruchka, vidget, nameOfBlock, a, b, dZO): null

18-10-2024T05:40:15 - [TEST_STEP][PASSED] - println(run): null

18-10-2024T05:40:15 - [TEST_STEP][PASSED] - if (run == 1): null

18-10-2024T05:40:15 - [TEST_STEP][PASSED] - else if (run == 2): null

18-10-2024T05:40:15 - [TEST_STEP][PASSED] - typeOfData = "Проценты": null

18-10-2024T05:40:15 - [TEST_STEP][PASSED] - println("todaysDate:" + todaysDate): null

18-10-2024T05:40:15 - [TEST_STEP][PASSED] - println("typeOfData:" + typeOfData): null

18-10-2024T05:40:15 - [TEST_STEP][PASSED] - viruchka = getText(findTestObject("Выручка в рублях/Фильтр Выручка" + nameOfBlock)): Text of object 'Object Repository/Выручка в рублях/Фильтр Выручка Выручка' is: 'Все'

18-10-2024T05:40:15 - [MESSAGE][PASSED] - Text of object 'Object Repository/Выручка в рублях/Фильтр Выручка Выручка' is: 'Все'

18-10-2024T05:40:15 - [TEST_STEP][PASSED] - println("viruchka" + viruchka): null

18-10-2024T05:40:15 - [TEST_STEP][PASSED] - println("vidget" + vidget): null

18-10-2024T05:40:15 - [TEST_STEP][PASSED] - println("a" + a): null

18-10-2024T05:40:15 - [TEST_STEP][PASSED] - println("b" + b): null

18-10-2024T05:40:15 - [TEST_STEP][PASSED] - sheetName = "Sheet1": null

18-10-2024T05:40:15 - [TEST_STEP][PASSED] - data = findTestData("PlanFact"): null

18-10-2024T05:40:15 - [TEST_STEP][PASSED] - n = data.getRowNumbers() + 1: null

18-10-2024T05:40:15 - [TEST_STEP][PASSED] - period = getText(findTestObject("Выручка в рублях/Фильтр Период")): Text of object 'Object Repository/Выручка в рублях/Фильтр Период' is: 'Июль, Август и 1, 2 кв. 2024 года'

18-10-2024T05:40:16 - [MESSAGE][PASSED] - Text of object 'Object Repository/Выручка в рублях/Фильтр Период' is: 'Июль, Август и 1, 2 кв. 2024 года'

18-10-2024T05:40:16 - [TEST_STEP][PASSED] - println(period): null

18-10-2024T05:40:16 - [TEST_STEP][PASSED] - dashboardName = "Выручка в рублях": null

18-10-2024T05:40:16 - [TEST_STEP][PASSED] - workbook01 = getWorkbook(excelFilePath): null

18-10-2024T05:40:16 - [TEST_STEP][PASSED] - sheet01 = getExcelSheet(workbook01, sheetName): null

18-10-2024T05:40:16 - [TEST_STEP][PASSED] - setValueToCellByIndex(sheet01, n, 0, dashboardName): null

18-10-2024T05:40:16 - [TEST_STEP][PASSED] - setValueToCellByIndex(sheet01, n, 1, dZO): null

18-10-2024T05:40:16 - [TEST_STEP][PASSED] - setValueToCellByIndex(sheet01, n, 2, vidget): null

18-10-2024T05:40:16 - [TEST_STEP][PASSED] - setValueToCellByIndex(sheet01, n, 3, viruchka): null

18-10-2024T05:40:16 - [TEST_STEP][PASSED] - setValueToCellByIndex(sheet01, n, 4, typeOfData): null

18-10-2024T05:40:16 - [TEST_STEP][PASSED] - if (a == null): null

18-10-2024T05:40:16 - [TEST_STEP][PASSED] - else: null

18-10-2024T05:40:16 - [TEST_STEP][PASSED] - setValueToCellByIndex(sheet01, n, 5, a): null

18-10-2024T05:40:16 - [TEST_STEP][PASSED] - if (b == null): null

18-10-2024T05:40:16 - [TEST_STEP][PASSED] - else: null

18-10-2024T05:40:16 - [TEST_STEP][PASSED] - setValueToCellByIndex(sheet01, n, 6, b): null

18-10-2024T05:40:16 - [TEST_STEP][PASSED] - setValueToCellByIndex(sheet01, n, 7, period): null

18-10-2024T05:40:16 - [TEST_STEP][PASSED] - setValueToCellByIndex(sheet01, n, 8, todaysDate): null

18-10-2024T05:40:16 - [TEST_STEP][PASSED] - n = n + 1: null

18-10-2024T05:40:16 - [TEST_STEP][PASSED] - saveWorkbook(excelFilePath, workbook01): null

18-10-2024T05:40:16 - [TEST_STEP][PASSED] - dZO = "Россети Урал (ГК)": null

18-10-2024T05:40:16 - [TEST_STEP][PASSED] - if (verifyEqual(a312, b312) == false): Actual object '2.61' and expected object '2.61' are equal

18-10-2024T05:40:16 - [MESSAGE][PASSED] - Actual object '2.61' and expected object '2.61' are equal

18-10-2024T05:40:16 - [TEST_STEP][PASSED] - dZO = "Россети ФСК ЕЭС": null

18-10-2024T05:40:16 - [TEST_STEP][PASSED] - if (verifyEqual(a313, b313) == false): Actual object '0.66' and expected object '0.66' are equal

18-10-2024T05:40:16 - [MESSAGE][PASSED] - Actual object '0.66' and expected object '0.66' are equal

18-10-2024T05:40:16 - [TEST_STEP][PASSED] - dZO = "Россети Центр": null

18-10-2024T05:40:16 - [TEST_STEP][FAILED] - if (verifyEqual(a314, b314) == false): null

18-10-2024T05:40:16 - [MESSAGE][FAILED] - Unable to verify equal between actual object '-32.03' and expected object '4.55' (Root cause: com.kms.katalon.core.exception.StepFailedException: Actual object '-32.03' and expected object '4.55' are not equal
	at com.kms.katalon.core.keyword.builtin.VerifyEqualKeyword$_verifyEqual_closure1.doCall(VerifyEqualKeyword.groovy:58)
	at com.kms.katalon.core.keyword.builtin.VerifyEqualKeyword$_verifyEqual_closure1.call(VerifyEqualKeyword.groovy)
	at com.kms.katalon.core.keyword.internal.KeywordMain.runKeyword(KeywordMain.groovy:75)
	at com.kms.katalon.core.keyword.builtin.VerifyEqualKeyword.verifyEqual(VerifyEqualKeyword.groovy:63)
	at com.kms.katalon.core.keyword.builtin.VerifyEqualKeyword.execute(VerifyEqualKeyword.groovy:44)
	at com.kms.katalon.core.keyword.internal.KeywordExecutor.executeKeywordForPlatform(KeywordExecutor.groovy:74)
	at com.kms.katalon.core.keyword.BuiltinKeywords.verifyEqual(BuiltinKeywords.groovy:146)
	at jdk.internal.reflect.GeneratedMethodAccessor21.invoke(Unknown Source)
	at java.base/jdk.internal.reflect.DelegatingMethodAccessorImpl.invoke(DelegatingMethodAccessorImpl.java:43)
	at Выручка в рублях сверка дашбордов ПАО Россети.Blocks(Выручка в рублях сверка дашбордов ПАО Россети:497)
	at Выручка в рублях сверка дашбордов ПАО Россети.ViruchkaChange(Выручка в рублях сверка дашбордов ПАО Россети:60)
	at Выручка в рублях сверка дашбордов ПАО Россети.run(Выручка в рублях сверка дашбордов ПАО Россети:55)
	at com.kms.katalon.core.main.ScriptEngine.run(ScriptEngine.java:194)
	at com.kms.katalon.core.main.ScriptEngine.runScriptAsRawText(ScriptEngine.java:119)
	at com.kms.katalon.core.main.TestCaseExecutor.runScript(TestCaseExecutor.java:448)
	at com.kms.katalon.core.main.TestCaseExecutor.doExecute(TestCaseExecutor.java:439)
	at com.kms.katalon.core.main.TestCaseExecutor.processExecutionPhase(TestCaseExecutor.java:418)
	at com.kms.katalon.core.main.TestCaseExecutor.accessMainPhase(TestCaseExecutor.java:410)
	at com.kms.katalon.core.main.TestCaseExecutor.execute(TestCaseExecutor.java:285)
	at com.kms.katalon.core.common.CommonExecutor.accessTestCaseMainPhase(CommonExecutor.java:65)
	at com.kms.katalon.core.main.TestSuiteExecutor.accessTestSuiteMainPhase(TestSuiteExecutor.java:150)
	at com.kms.katalon.core.main.TestSuiteExecutor.execute(TestSuiteExecutor.java:106)
	at com.kms.katalon.core.main.TestCaseMain.startTestSuite(TestCaseMain.java:180)
	at TempTestSuite1729215855985.run(TempTestSuite1729215855985.groovy:35)
	at java.base/jdk.internal.reflect.NativeMethodAccessorImpl.invoke0(Native Method)
	at java.base/jdk.internal.reflect.NativeMethodAccessorImpl.invoke(NativeMethodAccessorImpl.java:77)
	at java.base/jdk.internal.reflect.DelegatingMethodAccessorImpl.invoke(DelegatingMethodAccessorImpl.java:43)
)

18-10-2024T05:40:16 - [TEST_STEP][PASSED] - a = a314.toDouble(): null

18-10-2024T05:40:16 - [TEST_STEP][PASSED] - b = b314.toDouble(): null

18-10-2024T05:40:16 - [TEST_STEP][PASSED] - Script1710234207206.WriteToExcel(todaysDate, run, vir, block, typeOfData, viruchka, vidget, nameOfBlock, a, b, dZO): null

18-10-2024T05:40:16 - [TEST_STEP][PASSED] - println(run): null

18-10-2024T05:40:16 - [TEST_STEP][PASSED] - if (run == 1): null

18-10-2024T05:40:16 - [TEST_STEP][PASSED] - else if (run == 2): null

18-10-2024T05:40:16 - [TEST_STEP][PASSED] - typeOfData = "Проценты": null

18-10-2024T05:40:16 - [TEST_STEP][PASSED] - println("todaysDate:" + todaysDate): null

18-10-2024T05:40:16 - [TEST_STEP][PASSED] - println("typeOfData:" + typeOfData): null

18-10-2024T05:40:16 - [TEST_STEP][PASSED] - viruchka = getText(findTestObject("Выручка в рублях/Фильтр Выручка" + nameOfBlock)): Text of object 'Object Repository/Выручка в рублях/Фильтр Выручка Выручка' is: 'Все'

18-10-2024T05:40:16 - [MESSAGE][PASSED] - Text of object 'Object Repository/Выручка в рублях/Фильтр Выручка Выручка' is: 'Все'

18-10-2024T05:40:16 - [TEST_STEP][PASSED] - println("viruchka" + viruchka): null

18-10-2024T05:40:16 - [TEST_STEP][PASSED] - println("vidget" + vidget): null

18-10-2024T05:40:16 - [TEST_STEP][PASSED] - println("a" + a): null

18-10-2024T05:40:16 - [TEST_STEP][PASSED] - println("b" + b): null

18-10-2024T05:40:16 - [TEST_STEP][PASSED] - sheetName = "Sheet1": null

18-10-2024T05:40:16 - [TEST_STEP][PASSED] - data = findTestData("PlanFact"): null

18-10-2024T05:40:16 - [TEST_STEP][PASSED] - n = data.getRowNumbers() + 1: null

18-10-2024T05:40:16 - [TEST_STEP][PASSED] - period = getText(findTestObject("Выручка в рублях/Фильтр Период")): Text of object 'Object Repository/Выручка в рублях/Фильтр Период' is: 'Июль, Август и 1, 2 кв. 2024 года'

18-10-2024T05:40:17 - [MESSAGE][PASSED] - Text of object 'Object Repository/Выручка в рублях/Фильтр Период' is: 'Июль, Август и 1, 2 кв. 2024 года'

18-10-2024T05:40:17 - [TEST_STEP][PASSED] - println(period): null

18-10-2024T05:40:17 - [TEST_STEP][PASSED] - dashboardName = "Выручка в рублях": null

18-10-2024T05:40:17 - [TEST_STEP][PASSED] - workbook01 = getWorkbook(excelFilePath): null

18-10-2024T05:40:17 - [TEST_STEP][PASSED] - sheet01 = getExcelSheet(workbook01, sheetName): null

18-10-2024T05:40:17 - [TEST_STEP][PASSED] - setValueToCellByIndex(sheet01, n, 0, dashboardName): null

18-10-2024T05:40:17 - [TEST_STEP][PASSED] - setValueToCellByIndex(sheet01, n, 1, dZO): null

18-10-2024T05:40:17 - [TEST_STEP][PASSED] - setValueToCellByIndex(sheet01, n, 2, vidget): null

18-10-2024T05:40:17 - [TEST_STEP][PASSED] - setValueToCellByIndex(sheet01, n, 3, viruchka): null

18-10-2024T05:40:17 - [TEST_STEP][PASSED] - setValueToCellByIndex(sheet01, n, 4, typeOfData): null

18-10-2024T05:40:17 - [TEST_STEP][PASSED] - if (a == null): null

18-10-2024T05:40:17 - [TEST_STEP][PASSED] - else: null

18-10-2024T05:40:17 - [TEST_STEP][PASSED] - setValueToCellByIndex(sheet01, n, 5, a): null

18-10-2024T05:40:17 - [TEST_STEP][PASSED] - if (b == null): null

18-10-2024T05:40:17 - [TEST_STEP][PASSED] - else: null

18-10-2024T05:40:17 - [TEST_STEP][PASSED] - setValueToCellByIndex(sheet01, n, 6, b): null

18-10-2024T05:40:17 - [TEST_STEP][PASSED] - setValueToCellByIndex(sheet01, n, 7, period): null

18-10-2024T05:40:17 - [TEST_STEP][PASSED] - setValueToCellByIndex(sheet01, n, 8, todaysDate): null

18-10-2024T05:40:17 - [TEST_STEP][PASSED] - n = n + 1: null

18-10-2024T05:40:17 - [TEST_STEP][PASSED] - saveWorkbook(excelFilePath, workbook01): null

18-10-2024T05:40:17 - [TEST_STEP][PASSED] - dZO = "Россети Центр и Приволжье (ГК)": null

18-10-2024T05:40:17 - [TEST_STEP][PASSED] - if (verifyEqual(a315, b315) == false): Actual object '4.79' and expected object '4.79' are equal

18-10-2024T05:40:17 - [MESSAGE][PASSED] - Actual object '4.79' and expected object '4.79' are equal

18-10-2024T05:40:17 - [TEST_STEP][PASSED] - dZO = "Россети Юг (ГК)": null

18-10-2024T05:40:17 - [TEST_STEP][FAILED] - if (verifyEqual(a316, b316) == false): null

18-10-2024T05:40:17 - [MESSAGE][FAILED] - Unable to verify equal between actual object '-48.36' and expected object '3.28' (Root cause: com.kms.katalon.core.exception.StepFailedException: Actual object '-48.36' and expected object '3.28' are not equal
	at com.kms.katalon.core.keyword.builtin.VerifyEqualKeyword$_verifyEqual_closure1.doCall(VerifyEqualKeyword.groovy:58)
	at com.kms.katalon.core.keyword.builtin.VerifyEqualKeyword$_verifyEqual_closure1.call(VerifyEqualKeyword.groovy)
	at com.kms.katalon.core.keyword.internal.KeywordMain.runKeyword(KeywordMain.groovy:75)
	at com.kms.katalon.core.keyword.builtin.VerifyEqualKeyword.verifyEqual(VerifyEqualKeyword.groovy:63)
	at com.kms.katalon.core.keyword.builtin.VerifyEqualKeyword.execute(VerifyEqualKeyword.groovy:44)
	at com.kms.katalon.core.keyword.internal.KeywordExecutor.executeKeywordForPlatform(KeywordExecutor.groovy:74)
	at com.kms.katalon.core.keyword.BuiltinKeywords.verifyEqual(BuiltinKeywords.groovy:146)
	at jdk.internal.reflect.GeneratedMethodAccessor21.invoke(Unknown Source)
	at java.base/jdk.internal.reflect.DelegatingMethodAccessorImpl.invoke(DelegatingMethodAccessorImpl.java:43)
	at Выручка в рублях сверка дашбордов ПАО Россети.Blocks(Выручка в рублях сверка дашбордов ПАО Россети:517)
	at Выручка в рублях сверка дашбордов ПАО Россети.ViruchkaChange(Выручка в рублях сверка дашбордов ПАО Россети:60)
	at Выручка в рублях сверка дашбордов ПАО Россети.run(Выручка в рублях сверка дашбордов ПАО Россети:55)
	at com.kms.katalon.core.main.ScriptEngine.run(ScriptEngine.java:194)
	at com.kms.katalon.core.main.ScriptEngine.runScriptAsRawText(ScriptEngine.java:119)
	at com.kms.katalon.core.main.TestCaseExecutor.runScript(TestCaseExecutor.java:448)
	at com.kms.katalon.core.main.TestCaseExecutor.doExecute(TestCaseExecutor.java:439)
	at com.kms.katalon.core.main.TestCaseExecutor.processExecutionPhase(TestCaseExecutor.java:418)
	at com.kms.katalon.core.main.TestCaseExecutor.accessMainPhase(TestCaseExecutor.java:410)
	at com.kms.katalon.core.main.TestCaseExecutor.execute(TestCaseExecutor.java:285)
	at com.kms.katalon.core.common.CommonExecutor.accessTestCaseMainPhase(CommonExecutor.java:65)
	at com.kms.katalon.core.main.TestSuiteExecutor.accessTestSuiteMainPhase(TestSuiteExecutor.java:150)
	at com.kms.katalon.core.main.TestSuiteExecutor.execute(TestSuiteExecutor.java:106)
	at com.kms.katalon.core.main.TestCaseMain.startTestSuite(TestCaseMain.java:180)
	at TempTestSuite1729215855985.run(TempTestSuite1729215855985.groovy:35)
	at java.base/jdk.internal.reflect.NativeMethodAccessorImpl.invoke0(Native Method)
	at java.base/jdk.internal.reflect.NativeMethodAccessorImpl.invoke(NativeMethodAccessorImpl.java:77)
	at java.base/jdk.internal.reflect.DelegatingMethodAccessorImpl.invoke(DelegatingMethodAccessorImpl.java:43)
)

18-10-2024T05:40:17 - [TEST_STEP][PASSED] - a = a316.toDouble(): null

18-10-2024T05:40:17 - [TEST_STEP][PASSED] - b = b316.toDouble(): null

18-10-2024T05:40:17 - [TEST_STEP][PASSED] - Script1710234207206.WriteToExcel(todaysDate, run, vir, block, typeOfData, viruchka, vidget, nameOfBlock, a, b, dZO): null

18-10-2024T05:40:17 - [TEST_STEP][PASSED] - println(run): null

18-10-2024T05:40:17 - [TEST_STEP][PASSED] - if (run == 1): null

18-10-2024T05:40:17 - [TEST_STEP][PASSED] - else if (run == 2): null

18-10-2024T05:40:17 - [TEST_STEP][PASSED] - typeOfData = "Проценты": null

18-10-2024T05:40:17 - [TEST_STEP][PASSED] - println("todaysDate:" + todaysDate): null

18-10-2024T05:40:17 - [TEST_STEP][PASSED] - println("typeOfData:" + typeOfData): null

18-10-2024T05:40:17 - [TEST_STEP][PASSED] - viruchka = getText(findTestObject("Выручка в рублях/Фильтр Выручка" + nameOfBlock)): Text of object 'Object Repository/Выручка в рублях/Фильтр Выручка Выручка' is: 'Все'

18-10-2024T05:40:17 - [MESSAGE][PASSED] - Text of object 'Object Repository/Выручка в рублях/Фильтр Выручка Выручка' is: 'Все'

18-10-2024T05:40:17 - [TEST_STEP][PASSED] - println("viruchka" + viruchka): null

18-10-2024T05:40:17 - [TEST_STEP][PASSED] - println("vidget" + vidget): null

18-10-2024T05:40:17 - [TEST_STEP][PASSED] - println("a" + a): null

18-10-2024T05:40:17 - [TEST_STEP][PASSED] - println("b" + b): null

18-10-2024T05:40:17 - [TEST_STEP][PASSED] - sheetName = "Sheet1": null

18-10-2024T05:40:17 - [TEST_STEP][PASSED] - data = findTestData("PlanFact"): null

18-10-2024T05:40:17 - [TEST_STEP][PASSED] - n = data.getRowNumbers() + 1: null

18-10-2024T05:40:17 - [TEST_STEP][PASSED] - period = getText(findTestObject("Выручка в рублях/Фильтр Период")): Text of object 'Object Repository/Выручка в рублях/Фильтр Период' is: 'Июль, Август и 1, 2 кв. 2024 года'

18-10-2024T05:40:18 - [MESSAGE][PASSED] - Text of object 'Object Repository/Выручка в рублях/Фильтр Период' is: 'Июль, Август и 1, 2 кв. 2024 года'

18-10-2024T05:40:18 - [TEST_STEP][PASSED] - println(period): null

18-10-2024T05:40:18 - [TEST_STEP][PASSED] - dashboardName = "Выручка в рублях": null

18-10-2024T05:40:18 - [TEST_STEP][PASSED] - workbook01 = getWorkbook(excelFilePath): null

18-10-2024T05:40:18 - [TEST_STEP][PASSED] - sheet01 = getExcelSheet(workbook01, sheetName): null

18-10-2024T05:40:18 - [TEST_STEP][PASSED] - setValueToCellByIndex(sheet01, n, 0, dashboardName): null

18-10-2024T05:40:18 - [TEST_STEP][PASSED] - setValueToCellByIndex(sheet01, n, 1, dZO): null

18-10-2024T05:40:18 - [TEST_STEP][PASSED] - setValueToCellByIndex(sheet01, n, 2, vidget): null

18-10-2024T05:40:18 - [TEST_STEP][PASSED] - setValueToCellByIndex(sheet01, n, 3, viruchka): null

18-10-2024T05:40:18 - [TEST_STEP][PASSED] - setValueToCellByIndex(sheet01, n, 4, typeOfData): null

18-10-2024T05:40:18 - [TEST_STEP][PASSED] - if (a == null): null

18-10-2024T05:40:18 - [TEST_STEP][PASSED] - else: null

18-10-2024T05:40:18 - [TEST_STEP][PASSED] - setValueToCellByIndex(sheet01, n, 5, a): null

18-10-2024T05:40:18 - [TEST_STEP][PASSED] - if (b == null): null

18-10-2024T05:40:18 - [TEST_STEP][PASSED] - else: null

18-10-2024T05:40:18 - [TEST_STEP][PASSED] - setValueToCellByIndex(sheet01, n, 6, b): null

18-10-2024T05:40:18 - [TEST_STEP][PASSED] - setValueToCellByIndex(sheet01, n, 7, period): null

18-10-2024T05:40:18 - [TEST_STEP][PASSED] - setValueToCellByIndex(sheet01, n, 8, todaysDate): null

18-10-2024T05:40:18 - [TEST_STEP][PASSED] - n = n + 1: null

18-10-2024T05:40:18 - [TEST_STEP][PASSED] - saveWorkbook(excelFilePath, workbook01): null

18-10-2024T05:40:18 - [TEST_STEP][PASSED] - dZO = "Россети Янтарь": null

18-10-2024T05:40:18 - [TEST_STEP][PASSED] - if (verifyEqual(a317, b317) == false): Actual object '3.76' and expected object '3.76' are equal

18-10-2024T05:40:18 - [MESSAGE][PASSED] - Actual object '3.76' and expected object '3.76' are equal

18-10-2024T05:40:18 - [TEST_STEP][PASSED] - closeBrowser(): null

18-10-2024T05:40:18 - [MESSAGE][PASSED] - Browser is closed

18-10-2024T05:40:18 - [TEST_STEP][PASSED] - Script1710234207206.Blocks(run, vir, block, nameOfBlock, typeOfData, viruchka, vidget, todaysDate, a, b, dZO, x, y): null

18-10-2024T05:40:18 - [TEST_STEP][PASSED] - i = <not implemented yet for class: org.codehaus.groovy.ast.expr.EmptyExpression>: null

18-10-2024T05:40:18 - [TEST_STEP][PASSED] - perc = "": null

18-10-2024T05:40:18 - [TEST_STEP][PASSED] - a1 = <not implemented yet for class: org.codehaus.groovy.ast.expr.EmptyExpression>: null

18-10-2024T05:40:18 - [TEST_STEP][PASSED] - a2 = <not implemented yet for class: org.codehaus.groovy.ast.expr.EmptyExpression>: null

18-10-2024T05:40:18 - [TEST_STEP][PASSED] - a30 = <not implemented yet for class: org.codehaus.groovy.ast.expr.EmptyExpression>: null

18-10-2024T05:40:18 - [TEST_STEP][PASSED] - a31 = <not implemented yet for class: org.codehaus.groovy.ast.expr.EmptyExpression>: null

18-10-2024T05:40:18 - [TEST_STEP][PASSED] - a32 = <not implemented yet for class: org.codehaus.groovy.ast.expr.EmptyExpression>: null

18-10-2024T05:40:18 - [TEST_STEP][PASSED] - a33 = <not implemented yet for class: org.codehaus.groovy.ast.expr.EmptyExpression>: null

18-10-2024T05:40:18 - [TEST_STEP][PASSED] - a34 = <not implemented yet for class: org.codehaus.groovy.ast.expr.EmptyExpression>: null

18-10-2024T05:40:18 - [TEST_STEP][PASSED] - a35 = <not implemented yet for class: org.codehaus.groovy.ast.expr.EmptyExpression>: null

18-10-2024T05:40:18 - [TEST_STEP][PASSED] - a36 = <not implemented yet for class: org.codehaus.groovy.ast.expr.EmptyExpression>: null

18-10-2024T05:40:18 - [TEST_STEP][PASSED] - a37 = <not implemented yet for class: org.codehaus.groovy.ast.expr.EmptyExpression>: null

18-10-2024T05:40:18 - [TEST_STEP][PASSED] - a38 = <not implemented yet for class: org.codehaus.groovy.ast.expr.EmptyExpression>: null

18-10-2024T05:40:18 - [TEST_STEP][PASSED] - a39 = <not implemented yet for class: org.codehaus.groovy.ast.expr.EmptyExpression>: null

18-10-2024T05:40:18 - [TEST_STEP][PASSED] - a310 = <not implemented yet for class: org.codehaus.groovy.ast.expr.EmptyExpression>: null

18-10-2024T05:40:18 - [TEST_STEP][PASSED] - a311 = <not implemented yet for class: org.codehaus.groovy.ast.expr.EmptyExpression>: null

18-10-2024T05:40:18 - [TEST_STEP][PASSED] - a312 = <not implemented yet for class: org.codehaus.groovy.ast.expr.EmptyExpression>: null

18-10-2024T05:40:18 - [TEST_STEP][PASSED] - a313 = <not implemented yet for class: org.codehaus.groovy.ast.expr.EmptyExpression>: null

18-10-2024T05:40:18 - [TEST_STEP][PASSED] - a314 = <not implemented yet for class: org.codehaus.groovy.ast.expr.EmptyExpression>: null

18-10-2024T05:40:18 - [TEST_STEP][PASSED] - a315 = <not implemented yet for class: org.codehaus.groovy.ast.expr.EmptyExpression>: null

18-10-2024T05:40:18 - [TEST_STEP][PASSED] - a316 = <not implemented yet for class: org.codehaus.groovy.ast.expr.EmptyExpression>: null

18-10-2024T05:40:18 - [TEST_STEP][PASSED] - a317 = <not implemented yet for class: org.codehaus.groovy.ast.expr.EmptyExpression>: null

18-10-2024T05:40:18 - [TEST_STEP][PASSED] - b1 = <not implemented yet for class: org.codehaus.groovy.ast.expr.EmptyExpression>: null

18-10-2024T05:40:18 - [TEST_STEP][PASSED] - b2 = <not implemented yet for class: org.codehaus.groovy.ast.expr.EmptyExpression>: null

18-10-2024T05:40:18 - [TEST_STEP][PASSED] - b30 = <not implemented yet for class: org.codehaus.groovy.ast.expr.EmptyExpression>: null

18-10-2024T05:40:18 - [TEST_STEP][PASSED] - b31 = <not implemented yet for class: org.codehaus.groovy.ast.expr.EmptyExpression>: null

18-10-2024T05:40:18 - [TEST_STEP][PASSED] - b32 = <not implemented yet for class: org.codehaus.groovy.ast.expr.EmptyExpression>: null

18-10-2024T05:40:18 - [TEST_STEP][PASSED] - b33 = <not implemented yet for class: org.codehaus.groovy.ast.expr.EmptyExpression>: null

18-10-2024T05:40:18 - [TEST_STEP][PASSED] - b34 = <not implemented yet for class: org.codehaus.groovy.ast.expr.EmptyExpression>: null

18-10-2024T05:40:18 - [TEST_STEP][PASSED] - b35 = <not implemented yet for class: org.codehaus.groovy.ast.expr.EmptyExpression>: null

18-10-2024T05:40:18 - [TEST_STEP][PASSED] - b36 = <not implemented yet for class: org.codehaus.groovy.ast.expr.EmptyExpression>: null

18-10-2024T05:40:18 - [TEST_STEP][PASSED] - b37 = <not implemented yet for class: org.codehaus.groovy.ast.expr.EmptyExpression>: null

18-10-2024T05:40:18 - [TEST_STEP][PASSED] - b38 = <not implemented yet for class: org.codehaus.groovy.ast.expr.EmptyExpression>: null

18-10-2024T05:40:18 - [TEST_STEP][PASSED] - b39 = <not implemented yet for class: org.codehaus.groovy.ast.expr.EmptyExpression>: null

18-10-2024T05:40:18 - [TEST_STEP][PASSED] - b310 = <not implemented yet for class: org.codehaus.groovy.ast.expr.EmptyExpression>: null

18-10-2024T05:40:18 - [TEST_STEP][PASSED] - b311 = <not implemented yet for class: org.codehaus.groovy.ast.expr.EmptyExpression>: null

18-10-2024T05:40:18 - [TEST_STEP][PASSED] - b312 = <not implemented yet for class: org.codehaus.groovy.ast.expr.EmptyExpression>: null

18-10-2024T05:40:18 - [TEST_STEP][PASSED] - b313 = <not implemented yet for class: org.codehaus.groovy.ast.expr.EmptyExpression>: null

18-10-2024T05:40:18 - [TEST_STEP][PASSED] - b314 = <not implemented yet for class: org.codehaus.groovy.ast.expr.EmptyExpression>: null

18-10-2024T05:40:18 - [TEST_STEP][PASSED] - b315 = <not implemented yet for class: org.codehaus.groovy.ast.expr.EmptyExpression>: null

18-10-2024T05:40:18 - [TEST_STEP][PASSED] - b316 = <not implemented yet for class: org.codehaus.groovy.ast.expr.EmptyExpression>: null

18-10-2024T05:40:18 - [TEST_STEP][PASSED] - b317 = <not implemented yet for class: org.codehaus.groovy.ast.expr.EmptyExpression>: null

18-10-2024T05:40:18 - [TEST_STEP][PASSED] - block = 1: null

18-10-2024T05:40:18 - [TEST_STEP][PASSED] - nameOfBlock = "": null

18-10-2024T05:40:18 - [TEST_STEP][PASSED] - Script1710234207206.PreSettings(run, vir, block, nameOfBlock, typeOfData, todaysDate): null

18-10-2024T05:40:18 - [TEST_STEP][PASSED] - openBrowser(""): Browser is opened with url: ''

18-10-2024T05:40:18 - [MESSAGE][INFO] - Starting 'Chrome' driver

18-10-2024T05:40:18 - [MESSAGE][INFO] - Action delay is set to 0 milliseconds

18-10-2024T05:40:19 - [MESSAGE][PASSED] - Browser is opened with url: ''

18-10-2024T05:40:19 - [TEST_STEP][PASSED] - refresh(): Refresh successfully

18-10-2024T05:40:19 - [MESSAGE][PASSED] - Refresh successfully

18-10-2024T05:40:19 - [TEST_STEP][PASSED] - delay(50): Delayed 50 second(s)

18-10-2024T05:41:09 - [MESSAGE][PASSED] - Delayed 50 second(s)

18-10-2024T05:41:09 - [TEST_STEP][PASSED] - println("run:" + run): null

18-10-2024T05:41:09 - [TEST_STEP][PASSED] - println("vir:" + vir): null

18-10-2024T05:41:09 - [TEST_STEP][PASSED] - println("block:" + block): null

18-10-2024T05:41:09 - [TEST_STEP][PASSED] - if (block == 1): null

18-10-2024T05:41:09 - [TEST_STEP][PASSED] - nameOfBlock = "": null

18-10-2024T05:41:09 - [TEST_STEP][PASSED] - println("nameOfBlock:" + nameOfBlock): null

18-10-2024T05:41:09 - [TEST_STEP][PASSED] - println("typeOfData:" + typeOfData): null

18-10-2024T05:41:09 - [TEST_STEP][PASSED] - println("todaysDate:" + todaysDate): null

18-10-2024T05:41:09 - [TEST_STEP][PASSED] - Script1710234207206.Autorization(block, nameOfBlock): null

18-10-2024T05:41:09 - [TEST_STEP][PASSED] - i = <not implemented yet for class: org.codehaus.groovy.ast.expr.EmptyExpression>: null

18-10-2024T05:41:09 - [TEST_STEP][PASSED] - ii = <not implemented yet for class: org.codehaus.groovy.ast.expr.EmptyExpression>: null

18-10-2024T05:41:09 - [TEST_STEP][PASSED] - urlData = <not implemented yet for class: org.codehaus.groovy.ast.expr.EmptyExpression>: null

18-10-2024T05:41:09 - [TEST_STEP][PASSED] - searchWord = <not implemented yet for class: org.codehaus.groovy.ast.expr.EmptyExpression>: null

18-10-2024T05:41:09 - [TEST_STEP][PASSED] - urlText = <not implemented yet for class: org.codehaus.groovy.ast.expr.EmptyExpression>: null

18-10-2024T05:41:09 - [TEST_STEP][PASSED] - println("block:" + block): null

18-10-2024T05:41:09 - [TEST_STEP][PASSED] - if (block == 1): null

18-10-2024T05:41:09 - [TEST_STEP][PASSED] - nameOfBlock = "": null

18-10-2024T05:41:09 - [TEST_STEP][PASSED] - println("nameOfBlock:" + nameOfBlock): null

18-10-2024T05:41:09 - [TEST_STEP][PASSED] - if (block == 1): Delayed 45 second(s)

18-10-2024T05:41:09 - [TEST_STEP][PASSED] - urlData = 2: null

18-10-2024T05:41:09 - [TEST_STEP][PASSED] - delay(45): Delayed 45 second(s)

18-10-2024T05:41:54 - [MESSAGE][PASSED] - Delayed 45 second(s)

18-10-2024T05:41:54 - [TEST_STEP][PASSED] - navigateToUrl(findTestData("PlanFact").getValue(10, urlData)): Navigate to 'https://bi.rosseti.digital/viewer?dashboardGuid=2301950b23be4ed89c1df75f2020051e&sheetGuid=b723206f698544fb87299f3095c00435&fit=true' successfully

18-10-2024T05:42:00 - [MESSAGE][PASSED] - Navigate to 'https://bi.rosseti.digital/viewer?dashboardGuid=2301950b23be4ed89c1df75f2020051e&sheetGuid=b723206f698544fb87299f3095c00435&fit=true' successfully

18-10-2024T05:42:00 - [TEST_STEP][PASSED] - urlText = getText(findTestObject("Страница авторизации/Text")): Text of object 'Object Repository/Страница авторизации/Text' is: 'Вход'

18-10-2024T05:42:03 - [MESSAGE][PASSED] - Text of object 'Object Repository/Страница авторизации/Text' is: 'Вход'

18-10-2024T05:42:03 - [TEST_STEP][PASSED] - searchWord = "Вход": null

18-10-2024T05:42:03 - [TEST_STEP][PASSED] - if (urlText.contains("ошибка") || urlText.contains(searchWord) == false): null

18-10-2024T05:42:03 - [TEST_STEP][PASSED] - if (verifyElementPresent(findTestObject("Страница авторизации/button_"), 30) == true): null

18-10-2024T05:42:03 - [MESSAGE][PASSED] - Object 'Object Repository/Страница авторизации/button_' is present

18-10-2024T05:42:03 - [TEST_STEP][PASSED] - setText(findTestObject("Страница авторизации/input__username"), findTestData("PlanFact").getValue(8, 1)): Text 'shekhov-aa' is set on object 'Object Repository/Страница авторизации/input__username'

18-10-2024T05:42:04 - [MESSAGE][PASSED] - Text 'shekhov-aa' is set on object 'Object Repository/Страница авторизации/input__username'

18-10-2024T05:42:04 - [TEST_STEP][PASSED] - setText(findTestObject("Страница авторизации/input__password"), findTestData("PlanFact").getValue(9, 1)): Text 'i)RpQLLlXv9gUDC9' is set on object 'Object Repository/Страница авторизации/input__password'

18-10-2024T05:42:04 - [MESSAGE][PASSED] - Text 'i)RpQLLlXv9gUDC9' is set on object 'Object Repository/Страница авторизации/input__password'

18-10-2024T05:42:04 - [TEST_STEP][PASSED] - click(findTestObject("Страница авторизации/button_")): Object: 'Object Repository/Страница авторизации/button_' is clicked on

18-10-2024T05:42:07 - [MESSAGE][PASSED] - Object: 'Object Repository/Страница авторизации/button_' is clicked on

18-10-2024T05:42:07 - [TEST_STEP][PASSED] - delay(45): Delayed 45 second(s)

18-10-2024T05:42:52 - [MESSAGE][PASSED] - Delayed 45 second(s)

18-10-2024T05:42:52 - [TEST_STEP][PASSED] - urlText = getText(findTestObject("Страница авторизации/Text")): Text of object 'Object Repository/Страница авторизации/Text' is: 'Период
1, 2 кв., Июль, Август 2024 года
Выручка
Все
Выполнение плановых показателей по ПАО Россети за 1, 2 кв., Июль, Август 2024 года
План
Факт
Динамика
2024 год
0 млн.руб.
100 000 млн.руб.
200 000 млн.руб.
300 000 млн.руб.
400 000 млн.руб.
500 000 млн.руб.
600 000 млн.руб.
700 000 млн.руб.
800 000 млн.руб.
900 000 млн.руб.
1 000 000 млн.руб.
1 100 000 млн.руб.
1 200 000 млн.руб.
938 020
964 061
↑
ДЗО 
Все
Внутренний оборот - выручка за услуги по передаче электрической энергии, учтенная в выручке за электроэнергию для конечных потребителей, при выполнении ДЗО функций гарантирующего поставщика
Подписи данных
⬤Отклонение
АО «Тываэнерго»
АО «Чеченэнерго»
Россети Волга
Россети Кубань
Россети Ленэнерго (ГК)
Россети Московский регион
Россети Северный Кавказ (ГК)
Россети Северо-Запад
Россети Сибирь (ГК)
Россети Томск
Россети Тюмень
Россети Урал (ГК)
Россети ФСК ЕЭС
Россети Центр
Россети Центр и Приволжье (ГК)
Россети Юг (ГК)
Россети Янтарь
-4 000 млн.руб.
-3 000 млн.руб.
-2 000 млн.руб.
-1 000 млн.руб.
0 млн.руб.
1 000 млн.руб.
2 000 млн.руб.
3 000 млн.руб.
4 000 млн.руб.
5 000 млн.руб.
6 000 млн.руб.
7 000 млн.руб.
8 000 млн.руб.
173
44
122
3 000
3 666
6 842
695
1 000
1 910
228
-3 453
1 778
1 353
3 442
3 872
1 131
237
млн.
%
Выручка
Отклонение выручки по ПАО Россети за 1, 2 кв., Июль, Август 2024 года (факт/план, млн. руб)
ПАО Россети
26 040.4 млн.руб.
 '

18-10-2024T05:42:53 - [MESSAGE][PASSED] - Text of object 'Object Repository/Страница авторизации/Text' is: 'Период
1, 2 кв., Июль, Август 2024 года
Выручка
Все
Выполнение плановых показателей по ПАО Россети за 1, 2 кв., Июль, Август 2024 года
План
Факт
Динамика
2024 год
0 млн.руб.
100 000 млн.руб.
200 000 млн.руб.
300 000 млн.руб.
400 000 млн.руб.
500 000 млн.руб.
600 000 млн.руб.
700 000 млн.руб.
800 000 млн.руб.
900 000 млн.руб.
1 000 000 млн.руб.
1 100 000 млн.руб.
1 200 000 млн.руб.
938 020
964 061
↑
ДЗО 
Все
Внутренний оборот - выручка за услуги по передаче электрической энергии, учтенная в выручке за электроэнергию для конечных потребителей, при выполнении ДЗО функций гарантирующего поставщика
Подписи данных
⬤Отклонение
АО «Тываэнерго»
АО «Чеченэнерго»
Россети Волга
Россети Кубань
Россети Ленэнерго (ГК)
Россети Московский регион
Россети Северный Кавказ (ГК)
Россети Северо-Запад
Россети Сибирь (ГК)
Россети Томск
Россети Тюмень
Россети Урал (ГК)
Россети ФСК ЕЭС
Россети Центр
Россети Центр и Приволжье (ГК)
Россети Юг (ГК)
Россети Янтарь
-4 000 млн.руб.
-3 000 млн.руб.
-2 000 млн.руб.
-1 000 млн.руб.
0 млн.руб.
1 000 млн.руб.
2 000 млн.руб.
3 000 млн.руб.
4 000 млн.руб.
5 000 млн.руб.
6 000 млн.руб.
7 000 млн.руб.
8 000 млн.руб.
173
44
122
3 000
3 666
6 842
695
1 000
1 910
228
-3 453
1 778
1 353
3 442
3 872
1 131
237
млн.
%
Выручка
Отклонение выручки по ПАО Россети за 1, 2 кв., Июль, Август 2024 года (факт/план, млн. руб)
ПАО Россети
26 040.4 млн.руб.
 '

18-10-2024T05:42:53 - [TEST_STEP][PASSED] - searchWord = "а": null

18-10-2024T05:42:53 - [TEST_STEP][PASSED] - if (urlText.contains("ошибка") || urlText.contains(searchWord) == false): null

18-10-2024T05:42:53 - [TEST_STEP][PASSED] - delay(45): Delayed 45 second(s)

18-10-2024T05:43:38 - [MESSAGE][PASSED] - Delayed 45 second(s)

18-10-2024T05:43:38 - [TEST_STEP][PASSED] - if (block == 2): null

18-10-2024T05:43:38 - [TEST_STEP][PASSED] - click(findTestObject("Выручка в рублях/Фильтр Период" + nameOfBlock)): Object: 'Object Repository/Выручка в рублях/Фильтр Период' is clicked on

18-10-2024T05:43:38 - [MESSAGE][PASSED] - Object: 'Object Repository/Выручка в рублях/Фильтр Период' is clicked on

18-10-2024T05:43:38 - [TEST_STEP][PASSED] - click(findTestObject("Выручка в рублях/Снять выделение в фильтре Дата" + nameOfBlock)): Object: 'Object Repository/Выручка в рублях/Снять выделение в фильтре Дата' is clicked on

18-10-2024T05:43:39 - [MESSAGE][PASSED] - Object: 'Object Repository/Выручка в рублях/Снять выделение в фильтре Дата' is clicked on

18-10-2024T05:43:39 - [TEST_STEP][PASSED] - click(findTestObject("Выручка в рублях/Применить в фильтре Дата" + nameOfBlock)): Object: 'Object Repository/Выручка в рублях/Применить в фильтре Дата' is clicked on

18-10-2024T05:43:39 - [MESSAGE][PASSED] - Object: 'Object Repository/Выручка в рублях/Применить в фильтре Дата' is clicked on

18-10-2024T05:43:39 - [TEST_STEP][PASSED] - delay(50): Delayed 50 second(s)

18-10-2024T05:44:29 - [MESSAGE][PASSED] - Delayed 50 second(s)

18-10-2024T05:44:29 - [TEST_STEP][PASSED] - click(findTestObject("Выручка в рублях/Фильтр Период" + nameOfBlock)): Object: 'Object Repository/Выручка в рублях/Фильтр Период' is clicked on

18-10-2024T05:44:30 - [MESSAGE][PASSED] - Object: 'Object Repository/Выручка в рублях/Фильтр Период' is clicked on

18-10-2024T05:44:30 - [TEST_STEP][PASSED] - click(findTestObject("Выручка в рублях/Снять выделение в фильтре Дата" + nameOfBlock)): Object: 'Object Repository/Выручка в рублях/Снять выделение в фильтре Дата' is clicked on

18-10-2024T05:44:30 - [MESSAGE][PASSED] - Object: 'Object Repository/Выручка в рублях/Снять выделение в фильтре Дата' is clicked on

18-10-2024T05:44:30 - [TEST_STEP][PASSED] - scrollToElement(findTestObject("Выручка в рублях/2024 список" + nameOfBlock), 30): Scroll to object 'Object Repository/Выручка в рублях/2024 список' successfully

18-10-2024T05:44:31 - [MESSAGE][PASSED] - Scroll to object 'Object Repository/Выручка в рублях/2024 список' successfully

18-10-2024T05:44:31 - [TEST_STEP][PASSED] - click(findTestObject("Выручка в рублях/2024 список" + nameOfBlock)): Object: 'Object Repository/Выручка в рублях/2024 список' is clicked on

18-10-2024T05:44:31 - [MESSAGE][PASSED] - Object: 'Object Repository/Выручка в рублях/2024 список' is clicked on

18-10-2024T05:44:31 - [TEST_STEP][PASSED] - scrollToElement(findTestObject("Выручка в рублях/1 квартал 2024 выбрать" + nameOfBlock), 30): Scroll to object 'Object Repository/Выручка в рублях/1 квартал 2024 выбрать' successfully

18-10-2024T05:44:31 - [MESSAGE][PASSED] - Scroll to object 'Object Repository/Выручка в рублях/1 квартал 2024 выбрать' successfully

18-10-2024T05:44:31 - [TEST_STEP][PASSED] - click(findTestObject("Выручка в рублях/1 квартал 2024 выбрать" + nameOfBlock)): Object: 'Object Repository/Выручка в рублях/1 квартал 2024 выбрать' is clicked on

18-10-2024T05:44:32 - [MESSAGE][PASSED] - Object: 'Object Repository/Выручка в рублях/1 квартал 2024 выбрать' is clicked on

18-10-2024T05:44:32 - [TEST_STEP][PASSED] - scrollToElement(findTestObject("Выручка в рублях/2 квартал 2024 выбрать" + nameOfBlock), 30): Scroll to object 'Object Repository/Выручка в рублях/2 квартал 2024 выбрать' successfully

18-10-2024T05:44:32 - [MESSAGE][PASSED] - Scroll to object 'Object Repository/Выручка в рублях/2 квартал 2024 выбрать' successfully

18-10-2024T05:44:32 - [TEST_STEP][PASSED] - click(findTestObject("Выручка в рублях/2 квартал 2024 выбрать" + nameOfBlock)): Object: 'Object Repository/Выручка в рублях/2 квартал 2024 выбрать' is clicked on

18-10-2024T05:44:33 - [MESSAGE][PASSED] - Object: 'Object Repository/Выручка в рублях/2 квартал 2024 выбрать' is clicked on

18-10-2024T05:44:33 - [TEST_STEP][PASSED] - scrollToElement(findTestObject("Выручка в рублях/3 квартал 2024 список" + nameOfBlock), 30): Scroll to object 'Object Repository/Выручка в рублях/3 квартал 2024 список' successfully

18-10-2024T05:44:33 - [MESSAGE][PASSED] - Scroll to object 'Object Repository/Выручка в рублях/3 квартал 2024 список' successfully

18-10-2024T05:44:33 - [TEST_STEP][PASSED] - click(findTestObject("Выручка в рублях/3 квартал 2024 список" + nameOfBlock)): Object: 'Object Repository/Выручка в рублях/3 квартал 2024 список' is clicked on

18-10-2024T05:44:33 - [MESSAGE][PASSED] - Object: 'Object Repository/Выручка в рублях/3 квартал 2024 список' is clicked on

18-10-2024T05:44:33 - [TEST_STEP][PASSED] - click(findTestObject("Выручка в рублях/Июль 2024" + nameOfBlock)): Object: 'Object Repository/Выручка в рублях/Июль 2024' is clicked on

18-10-2024T05:44:34 - [MESSAGE][PASSED] - Object: 'Object Repository/Выручка в рублях/Июль 2024' is clicked on

18-10-2024T05:44:34 - [TEST_STEP][PASSED] - scrollToElement(findTestObject("Выручка в рублях/Август 2024" + nameOfBlock), 30): Scroll to object 'Object Repository/Выручка в рублях/Август 2024' successfully

18-10-2024T05:44:34 - [MESSAGE][PASSED] - Scroll to object 'Object Repository/Выручка в рублях/Август 2024' successfully

18-10-2024T05:44:34 - [TEST_STEP][PASSED] - click(findTestObject("Выручка в рублях/Август 2024" + nameOfBlock)): Object: 'Object Repository/Выручка в рублях/Август 2024' is clicked on

18-10-2024T05:44:35 - [MESSAGE][PASSED] - Object: 'Object Repository/Выручка в рублях/Август 2024' is clicked on

18-10-2024T05:44:35 - [TEST_STEP][PASSED] - scrollToElement(findTestObject("Выручка в рублях/Заголовок дашборда" + nameOfBlock), 30): Scroll to object 'Object Repository/Выручка в рублях/Заголовок дашборда' successfully

18-10-2024T05:44:35 - [MESSAGE][PASSED] - Scroll to object 'Object Repository/Выручка в рублях/Заголовок дашборда' successfully

18-10-2024T05:44:35 - [TEST_STEP][PASSED] - click(findTestObject("Выручка в рублях/Применить в фильтре Дата" + nameOfBlock)): Object: 'Object Repository/Выручка в рублях/Применить в фильтре Дата' is clicked on

18-10-2024T05:44:36 - [MESSAGE][PASSED] - Object: 'Object Repository/Выручка в рублях/Применить в фильтре Дата' is clicked on

18-10-2024T05:44:36 - [TEST_STEP][PASSED] - delay(50): Delayed 50 second(s)

18-10-2024T05:45:26 - [MESSAGE][PASSED] - Delayed 50 second(s)

18-10-2024T05:45:26 - [TEST_STEP][PASSED] - click(findTestObject("Выручка в рублях/Фильтр ДЗО" + nameOfBlock)): Object: 'Object Repository/Выручка в рублях/Фильтр ДЗО' is clicked on

18-10-2024T05:45:26 - [MESSAGE][PASSED] - Object: 'Object Repository/Выручка в рублях/Фильтр ДЗО' is clicked on

18-10-2024T05:45:26 - [TEST_STEP][PASSED] - click(findTestObject("Выручка в рублях/Снять выделение в фильтре ДЗО" + nameOfBlock)): Object: 'Object Repository/Выручка в рублях/Снять выделение в фильтре ДЗО' is clicked on

18-10-2024T05:45:26 - [MESSAGE][PASSED] - Object: 'Object Repository/Выручка в рублях/Снять выделение в фильтре ДЗО' is clicked on

18-10-2024T05:45:26 - [TEST_STEP][PASSED] - click(findTestObject("Выручка в рублях/Применить в фильтре ДЗО" + nameOfBlock)): Object: 'Object Repository/Выручка в рублях/Применить в фильтре ДЗО' is clicked on

18-10-2024T05:45:27 - [MESSAGE][PASSED] - Object: 'Object Repository/Выручка в рублях/Применить в фильтре ДЗО' is clicked on

18-10-2024T05:45:27 - [TEST_STEP][PASSED] - delay(50): Delayed 50 second(s)

18-10-2024T05:46:17 - [MESSAGE][PASSED] - Delayed 50 second(s)

18-10-2024T05:46:17 - [TEST_STEP][PASSED] - Script1710234207206.Tumbler(run, vir, block, nameOfBlock): null

18-10-2024T05:46:17 - [TEST_STEP][PASSED] - println("run:" + run): null

18-10-2024T05:46:17 - [TEST_STEP][PASSED] - println("vir:" + vir): null

18-10-2024T05:46:17 - [TEST_STEP][PASSED] - println("block:" + block): null

18-10-2024T05:46:17 - [TEST_STEP][PASSED] - println("nameOfBlock:" + nameOfBlock): null

18-10-2024T05:46:17 - [TEST_STEP][PASSED] - if (vir == 1): null

18-10-2024T05:46:17 - [TEST_STEP][PASSED] - else if (vir == 2): Object: 'Object Repository/Выручка в рублях/Применить в фильтре Выручка' is clicked on

18-10-2024T05:46:17 - [TEST_STEP][PASSED] - if (run == 2): Object: 'Object Repository/Выручка в рублях/Переключить отображение с млн на проценты Выручка в рублях' is clicked on

18-10-2024T05:46:17 - [TEST_STEP][PASSED] - click(findTestObject("Выручка в рублях/Переключить отображение с млн на проценты Выручка в рублях" + nameOfBlock)): Object: 'Object Repository/Выручка в рублях/Переключить отображение с млн на проценты Выручка в рублях' is clicked on

18-10-2024T05:46:17 - [MESSAGE][PASSED] - Object: 'Object Repository/Выручка в рублях/Переключить отображение с млн на проценты Выручка в рублях' is clicked on

18-10-2024T05:46:17 - [TEST_STEP][PASSED] - click(findTestObject("Выручка в рублях/Фильтр Выручка" + nameOfBlock)): Object: 'Object Repository/Выручка в рублях/Фильтр Выручка' is clicked on

18-10-2024T05:46:18 - [MESSAGE][PASSED] - Object: 'Object Repository/Выручка в рублях/Фильтр Выручка' is clicked on

18-10-2024T05:46:18 - [TEST_STEP][PASSED] - click(findTestObject("Выручка в рублях/Итого в фильтре Выручка" + nameOfBlock)): Object: 'Object Repository/Выручка в рублях/Итого в фильтре Выручка' is clicked on

18-10-2024T05:46:18 - [MESSAGE][PASSED] - Object: 'Object Repository/Выручка в рублях/Итого в фильтре Выручка' is clicked on

18-10-2024T05:46:18 - [TEST_STEP][PASSED] - click(findTestObject("Выручка в рублях/Применить в фильтре Выручка" + nameOfBlock)): Object: 'Object Repository/Выручка в рублях/Применить в фильтре Выручка' is clicked on

18-10-2024T05:46:19 - [MESSAGE][PASSED] - Object: 'Object Repository/Выручка в рублях/Применить в фильтре Выручка' is clicked on

18-10-2024T05:46:19 - [TEST_STEP][PASSED] - click(findTestObject("Выручка в рублях/Фильтр ДЗО" + nameOfBlock)): Object: 'Object Repository/Выручка в рублях/Фильтр ДЗО' is clicked on

18-10-2024T05:46:22 - [MESSAGE][PASSED] - Object: 'Object Repository/Выручка в рублях/Фильтр ДЗО' is clicked on

18-10-2024T05:46:22 - [TEST_STEP][PASSED] - Script1710234207206.Rosseti(nameOfBlock): null

18-10-2024T05:46:22 - [TEST_STEP][PASSED] - println("nameOfBlock:" + nameOfBlock): null

18-10-2024T05:46:22 - [TEST_STEP][PASSED] - click(findTestObject("Выручка в рублях/ПАО Россети" + nameOfBlock)): Object: 'Object Repository/Выручка в рублях/ПАО Россети' is clicked on

18-10-2024T05:46:22 - [MESSAGE][PASSED] - Object: 'Object Repository/Выручка в рублях/ПАО Россети' is clicked on

18-10-2024T05:46:22 - [TEST_STEP][PASSED] - click(findTestObject("Выручка в рублях/Применить в фильтре ДЗО" + nameOfBlock)): Object: 'Object Repository/Выручка в рублях/Применить в фильтре ДЗО' is clicked on

18-10-2024T05:46:23 - [MESSAGE][PASSED] - Object: 'Object Repository/Выручка в рублях/Применить в фильтре ДЗО' is clicked on

18-10-2024T05:46:23 - [TEST_STEP][PASSED] - if (run == 2): null

18-10-2024T05:46:23 - [TEST_STEP][PASSED] - perc = " Perc": null

18-10-2024T05:46:23 - [TEST_STEP][PASSED] - if (vir == 1 || vir == 2): Text of object 'Object Repository/Выручка в рублях/График План' is: '922 071'

18-10-2024T05:46:23 - [TEST_STEP][PASSED] - a1 = getText(findTestObject("Выручка в рублях/График План")): Text of object 'Object Repository/Выручка в рублях/График План' is: '922 071'

18-10-2024T05:46:25 - [MESSAGE][PASSED] - Text of object 'Object Repository/Выручка в рублях/График План' is: '922 071'

18-10-2024T05:46:25 - [TEST_STEP][PASSED] - if (vir == 1 || vir == 2): Text of object 'Object Repository/Выручка в рублях/График Факт' is: '947 588'

18-10-2024T05:46:25 - [TEST_STEP][PASSED] - a2 = getText(findTestObject("Выручка в рублях/График Факт")): Text of object 'Object Repository/Выручка в рублях/График Факт' is: '947 588'

18-10-2024T05:46:25 - [MESSAGE][PASSED] - Text of object 'Object Repository/Выручка в рублях/График Факт' is: '947 588'

18-10-2024T05:46:25 - [TEST_STEP][PASSED] - a30 = getText(findTestObject("Выручка в рублях/span1" + perc)): Text of object 'Object Repository/Выручка в рублях/span1 Perc' is: '-23.24 %'

18-10-2024T05:46:26 - [MESSAGE][PASSED] - Text of object 'Object Repository/Выручка в рублях/span1 Perc' is: '-23.24 %'

18-10-2024T05:46:26 - [TEST_STEP][PASSED] - i = a30.indexOf("млн.руб."): null

18-10-2024T05:46:26 - [TEST_STEP][PASSED] - if (i > -1): null

18-10-2024T05:46:26 - [TEST_STEP][PASSED] - if (a30.contains("%")): null

18-10-2024T05:46:26 - [TEST_STEP][PASSED] - a30 = a30.replaceAll("%", ""): null

18-10-2024T05:46:26 - [TEST_STEP][PASSED] - a30 = ").trim(): null

18-10-2024T05:46:26 - [TEST_STEP][PASSED] - println("a30: " + a30): null

18-10-2024T05:46:26 - [TEST_STEP][PASSED] - if (vir == 1 || vir == 2): Text of object 'Object Repository/Выручка в рублях/span2 Perc' is: '199.89 %'

18-10-2024T05:46:26 - [TEST_STEP][PASSED] - a31 = ").trim(): Text of object 'Object Repository/Выручка в рублях/span2 Perc' is: '199.89 %'

18-10-2024T05:46:26 - [MESSAGE][PASSED] - Text of object 'Object Repository/Выручка в рублях/span2 Perc' is: '199.89 %'

18-10-2024T05:46:26 - [TEST_STEP][PASSED] - if (vir == 1 || vir == 2): Text of object 'Object Repository/Выручка в рублях/span3 Perc' is: '-73.13 %'

18-10-2024T05:46:26 - [TEST_STEP][PASSED] - a32 = ").trim(): Text of object 'Object Repository/Выручка в рублях/span3 Perc' is: '-73.13 %'

18-10-2024T05:46:26 - [MESSAGE][PASSED] - Text of object 'Object Repository/Выручка в рублях/span3 Perc' is: '-73.13 %'

18-10-2024T05:46:26 - [TEST_STEP][PASSED] - if (vir == 1 || vir == 2): Text of object 'Object Repository/Выручка в рублях/span8 Perc' is: '-48.91 %'

18-10-2024T05:46:26 - [TEST_STEP][PASSED] - a33 = ").trim(): Text of object 'Object Repository/Выручка в рублях/span4 Perc' is: '-49.88 %'

18-10-2024T05:46:27 - [MESSAGE][PASSED] - Text of object 'Object Repository/Выручка в рублях/span4 Perc' is: '-49.88 %'

18-10-2024T05:46:27 - [TEST_STEP][PASSED] - a34 = ").trim(): Text of object 'Object Repository/Выручка в рублях/span5 Perc' is: '-47.01 %'

18-10-2024T05:46:27 - [MESSAGE][PASSED] - Text of object 'Object Repository/Выручка в рублях/span5 Perc' is: '-47.01 %'

18-10-2024T05:46:27 - [TEST_STEP][PASSED] - a35 = ").trim(): Text of object 'Object Repository/Выручка в рублях/span6 Perc' is: '-47.21 %'

18-10-2024T05:46:27 - [MESSAGE][PASSED] - Text of object 'Object Repository/Выручка в рублях/span6 Perc' is: '-47.21 %'

18-10-2024T05:46:27 - [TEST_STEP][PASSED] - a36 = ").trim(): Text of object 'Object Repository/Выручка в рублях/span7 Perc' is: '5.03 %'

18-10-2024T05:46:28 - [MESSAGE][PASSED] - Text of object 'Object Repository/Выручка в рублях/span7 Perc' is: '5.03 %'

18-10-2024T05:46:28 - [TEST_STEP][PASSED] - a37 = ").trim(): Text of object 'Object Repository/Выручка в рублях/span8 Perc' is: '-48.91 %'

18-10-2024T05:46:28 - [MESSAGE][PASSED] - Text of object 'Object Repository/Выручка в рублях/span8 Perc' is: '-48.91 %'

18-10-2024T05:46:28 - [TEST_STEP][PASSED] - if (vir == 1 || vir == 2): Text of object 'Object Repository/Выручка в рублях/span17 Perc' is: '-48.39 %'

18-10-2024T05:46:28 - [TEST_STEP][PASSED] - a38 = ").trim(): Text of object 'Object Repository/Выручка в рублях/span9 Perc' is: '2.9 %'

18-10-2024T05:46:28 - [MESSAGE][PASSED] - Text of object 'Object Repository/Выручка в рублях/span9 Perc' is: '2.9 %'

18-10-2024T05:46:28 - [TEST_STEP][PASSED] - a39 = ").trim(): Text of object 'Object Repository/Выручка в рублях/span10 Perc' is: '4.21 %'

18-10-2024T05:46:28 - [MESSAGE][PASSED] - Text of object 'Object Repository/Выручка в рублях/span10 Perc' is: '4.21 %'

18-10-2024T05:46:28 - [TEST_STEP][PASSED] - a310 = ").trim(): Text of object 'Object Repository/Выручка в рублях/span11 Perc' is: '-48.15 %'

18-10-2024T05:46:29 - [MESSAGE][PASSED] - Text of object 'Object Repository/Выручка в рублях/span11 Perc' is: '-48.15 %'

18-10-2024T05:46:29 - [TEST_STEP][PASSED] - a311 = ").trim(): Text of object 'Object Repository/Выручка в рублях/span12 Perc' is: '-53.15 %'

18-10-2024T05:46:29 - [MESSAGE][PASSED] - Text of object 'Object Repository/Выручка в рублях/span12 Perc' is: '-53.15 %'

18-10-2024T05:46:29 - [TEST_STEP][PASSED] - a312 = ").trim(): Text of object 'Object Repository/Выручка в рублях/span13 Perc' is: '2.61 %'

18-10-2024T05:46:29 - [MESSAGE][PASSED] - Text of object 'Object Repository/Выручка в рублях/span13 Perc' is: '2.61 %'

18-10-2024T05:46:29 - [TEST_STEP][PASSED] - a313 = ").trim(): Text of object 'Object Repository/Выручка в рублях/span14 Perc' is: '0.66 %'

18-10-2024T05:46:30 - [MESSAGE][PASSED] - Text of object 'Object Repository/Выручка в рублях/span14 Perc' is: '0.66 %'

18-10-2024T05:46:30 - [TEST_STEP][PASSED] - a314 = ").trim(): Text of object 'Object Repository/Выручка в рублях/span15 Perc' is: '-32.03 %'

18-10-2024T05:46:30 - [MESSAGE][PASSED] - Text of object 'Object Repository/Выручка в рублях/span15 Perc' is: '-32.03 %'

18-10-2024T05:46:30 - [TEST_STEP][PASSED] - a315 = ").trim(): Text of object 'Object Repository/Выручка в рублях/span16 Perc' is: '4.79 %'

18-10-2024T05:46:30 - [MESSAGE][PASSED] - Text of object 'Object Repository/Выручка в рублях/span16 Perc' is: '4.79 %'

18-10-2024T05:46:30 - [TEST_STEP][PASSED] - a316 = ").trim(): Text of object 'Object Repository/Выручка в рублях/span17 Perc' is: '-48.39 %'

18-10-2024T05:46:31 - [MESSAGE][PASSED] - Text of object 'Object Repository/Выручка в рублях/span17 Perc' is: '-48.39 %'

18-10-2024T05:46:31 - [TEST_STEP][PASSED] - if (vir == 1 || vir == 2): Text of object 'Object Repository/Выручка в рублях/span18 Perc' is: '3.76 %'

18-10-2024T05:46:31 - [TEST_STEP][PASSED] - a317 = ").trim(): Text of object 'Object Repository/Выручка в рублях/span18 Perc' is: '3.76 %'

18-10-2024T05:46:31 - [MESSAGE][PASSED] - Text of object 'Object Repository/Выручка в рублях/span18 Perc' is: '3.76 %'

18-10-2024T05:46:31 - [TEST_STEP][PASSED] - block = 2: null

18-10-2024T05:46:31 - [TEST_STEP][PASSED] - nameOfBlock = " Выручка": null

18-10-2024T05:46:31 - [TEST_STEP][PASSED] - Script1710234207206.PreSettings(run, vir, block, nameOfBlock, typeOfData, todaysDate): null

18-10-2024T05:46:31 - [TEST_STEP][PASSED] - openBrowser(""): Browser is opened with url: ''

18-10-2024T05:46:31 - [MESSAGE][WARNING] - A browser is already opened. Closing browser and opening a new one

18-10-2024T05:46:31 - [MESSAGE][INFO] - Starting 'Chrome' driver

18-10-2024T05:46:31 - [MESSAGE][INFO] - Action delay is set to 0 milliseconds

18-10-2024T05:46:32 - [MESSAGE][PASSED] - Browser is opened with url: ''

18-10-2024T05:46:32 - [TEST_STEP][PASSED] - refresh(): Refresh successfully

18-10-2024T05:46:32 - [MESSAGE][PASSED] - Refresh successfully

18-10-2024T05:46:32 - [TEST_STEP][PASSED] - delay(50): Delayed 50 second(s)

18-10-2024T05:47:22 - [MESSAGE][PASSED] - Delayed 50 second(s)

18-10-2024T05:47:22 - [TEST_STEP][PASSED] - println("run:" + run): null

18-10-2024T05:47:22 - [TEST_STEP][PASSED] - println("vir:" + vir): null

18-10-2024T05:47:22 - [TEST_STEP][PASSED] - println("block:" + block): null

18-10-2024T05:47:22 - [TEST_STEP][PASSED] - if (block == 1): null

18-10-2024T05:47:22 - [TEST_STEP][PASSED] - else: null

18-10-2024T05:47:22 - [TEST_STEP][PASSED] - nameOfBlock = " Выручка": null

18-10-2024T05:47:22 - [TEST_STEP][PASSED] - println("nameOfBlock:" + nameOfBlock): null

18-10-2024T05:47:22 - [TEST_STEP][PASSED] - println("typeOfData:" + typeOfData): null

18-10-2024T05:47:22 - [TEST_STEP][PASSED] - println("todaysDate:" + todaysDate): null

18-10-2024T05:47:22 - [TEST_STEP][PASSED] - Script1710234207206.Autorization(block, nameOfBlock): null

18-10-2024T05:47:22 - [TEST_STEP][PASSED] - i = <not implemented yet for class: org.codehaus.groovy.ast.expr.EmptyExpression>: null

18-10-2024T05:47:22 - [TEST_STEP][PASSED] - ii = <not implemented yet for class: org.codehaus.groovy.ast.expr.EmptyExpression>: null

18-10-2024T05:47:22 - [TEST_STEP][PASSED] - urlData = <not implemented yet for class: org.codehaus.groovy.ast.expr.EmptyExpression>: null

18-10-2024T05:47:22 - [TEST_STEP][PASSED] - searchWord = <not implemented yet for class: org.codehaus.groovy.ast.expr.EmptyExpression>: null

18-10-2024T05:47:22 - [TEST_STEP][PASSED] - urlText = <not implemented yet for class: org.codehaus.groovy.ast.expr.EmptyExpression>: null

18-10-2024T05:47:22 - [TEST_STEP][PASSED] - println("block:" + block): null

18-10-2024T05:47:22 - [TEST_STEP][PASSED] - if (block == 1): null

18-10-2024T05:47:22 - [TEST_STEP][PASSED] - else: null

18-10-2024T05:47:22 - [TEST_STEP][PASSED] - delay(45): Delayed 45 second(s)

18-10-2024T05:48:07 - [MESSAGE][PASSED] - Delayed 45 second(s)

18-10-2024T05:48:07 - [TEST_STEP][PASSED] - nameOfBlock = " Выручка": null

18-10-2024T05:48:07 - [TEST_STEP][PASSED] - println("nameOfBlock:" + nameOfBlock): null

18-10-2024T05:48:07 - [TEST_STEP][PASSED] - if (block == 1): null

18-10-2024T05:48:07 - [TEST_STEP][PASSED] - else: Delayed 45 second(s)

18-10-2024T05:48:07 - [TEST_STEP][PASSED] - urlData = 9: null

18-10-2024T05:48:07 - [TEST_STEP][PASSED] - delay(45): Delayed 45 second(s)

18-10-2024T05:48:52 - [MESSAGE][PASSED] - Delayed 45 second(s)

18-10-2024T05:48:52 - [TEST_STEP][PASSED] - navigateToUrl(findTestData("PlanFact").getValue(10, urlData)): Navigate to 'https://bi.rosseti.digital/viewer?dashboardGuid=a1fd28b3785d443cbc4d7690a1d78e31&sheetGuid=86092a20c5984827a0c87b24cac76a50&fit=true' successfully

18-10-2024T05:48:57 - [MESSAGE][PASSED] - Navigate to 'https://bi.rosseti.digital/viewer?dashboardGuid=a1fd28b3785d443cbc4d7690a1d78e31&sheetGuid=86092a20c5984827a0c87b24cac76a50&fit=true' successfully

18-10-2024T05:48:57 - [TEST_STEP][PASSED] - urlText = getText(findTestObject("Страница авторизации/Text")): Text of object 'Object Repository/Страница авторизации/Text' is: 'Вход'

18-10-2024T05:49:00 - [MESSAGE][PASSED] - Text of object 'Object Repository/Страница авторизации/Text' is: 'Вход'

18-10-2024T05:49:00 - [TEST_STEP][PASSED] - searchWord = "Вход": null

18-10-2024T05:49:00 - [TEST_STEP][PASSED] - if (urlText.contains("ошибка") || urlText.contains(searchWord) == false): null

18-10-2024T05:49:00 - [TEST_STEP][PASSED] - if (verifyElementPresent(findTestObject("Страница авторизации/button_"), 30) == true): null

18-10-2024T05:49:01 - [MESSAGE][PASSED] - Object 'Object Repository/Страница авторизации/button_' is present

18-10-2024T05:49:01 - [TEST_STEP][PASSED] - setText(findTestObject("Страница авторизации/input__username"), findTestData("PlanFact").getValue(8, 1)): Text 'shekhov-aa' is set on object 'Object Repository/Страница авторизации/input__username'

18-10-2024T05:49:01 - [MESSAGE][PASSED] - Text 'shekhov-aa' is set on object 'Object Repository/Страница авторизации/input__username'

18-10-2024T05:49:01 - [TEST_STEP][PASSED] - setText(findTestObject("Страница авторизации/input__password"), findTestData("PlanFact").getValue(9, 1)): Text 'i)RpQLLlXv9gUDC9' is set on object 'Object Repository/Страница авторизации/input__password'

18-10-2024T05:49:02 - [MESSAGE][PASSED] - Text 'i)RpQLLlXv9gUDC9' is set on object 'Object Repository/Страница авторизации/input__password'

18-10-2024T05:49:02 - [TEST_STEP][PASSED] - click(findTestObject("Страница авторизации/button_")): Object: 'Object Repository/Страница авторизации/button_' is clicked on

18-10-2024T05:49:05 - [MESSAGE][PASSED] - Object: 'Object Repository/Страница авторизации/button_' is clicked on

18-10-2024T05:49:05 - [TEST_STEP][PASSED] - delay(45): Delayed 45 second(s)

18-10-2024T05:49:50 - [MESSAGE][PASSED] - Delayed 45 second(s)

18-10-2024T05:49:50 - [TEST_STEP][PASSED] - urlText = getText(findTestObject("Страница авторизации/Text")): Text of object 'Object Repository/Страница авторизации/Text' is: 'Период
Выбрано: 4
Выручка
Все
Выполнение плановых показателей, млн.руб.
План
Факт
Динамика
2024 год
0 млн.руб.
100 000 млн.руб.
200 000 млн.руб.
300 000 млн.руб.
400 000 млн.руб.
500 000 млн.руб.
600 000 млн.руб.
700 000 млн.руб.
800 000 млн.руб.
900 000 млн.руб.
1 000 000 млн.руб.
1 100 000 млн.руб.
1 200 000 млн.руб.
938 020
964 061
↑
ДЗО 
Все
Подписи данных
⬤Отклонение
АО «Тываэнерго»
АО «Чеченэнерго»
Россети Волга
Россети Кубань
Россети Ленэнерго (ГК)
Россети Московский регион
Россети Северный Кавказ (ГК)
Россети Северо-Запад
Россети Сибирь (ГК)
Россети Томск
Россети Тюмень
Россети Урал (ГК)
Россети ФСК ЕЭС
Россети Центр
Россети Центр и Приволжье (ГК)
Россети Юг (ГК)
Россети Янтарь
-4 000 млн.руб.
-3 000 млн.руб.
-2 000 млн.руб.
-1 000 млн.руб.
0 млн.руб.
1 000 млн.руб.
2 000 млн.руб.
3 000 млн.руб.
4 000 млн.руб.
5 000 млн.руб.
6 000 млн.руб.
7 000 млн.руб.
8 000 млн.руб.
173
44
122
3 000
3 666
6 842
695
1 000
1 910
228
-3 453
1 778
1 353
3 442
3 872
1 131
237
млн.
%
Выручка
Отклонение выручки (факт/план, млн. руб) 
ПАО Россети
26 040.4 млн.руб.
Статус данных
×
Просьба обратить внимание
Данные занесены не полностью
ВЫБРАННЫЕ ЗНАЧЕНИЯ ФИЛЬТРОВ
ДЗО | ПЕРИОД
ПАО Россети: [«Выбраны все филиалы по всем ДЗО по всем категориям»]
2024: [Янв, Фев, Мар, Апр, Май, Июн, Июл, Авг]
*Внутренний оборот'

18-10-2024T05:49:51 - [MESSAGE][PASSED] - Text of object 'Object Repository/Страница авторизации/Text' is: 'Период
Выбрано: 4
Выручка
Все
Выполнение плановых показателей, млн.руб.
План
Факт
Динамика
2024 год
0 млн.руб.
100 000 млн.руб.
200 000 млн.руб.
300 000 млн.руб.
400 000 млн.руб.
500 000 млн.руб.
600 000 млн.руб.
700 000 млн.руб.
800 000 млн.руб.
900 000 млн.руб.
1 000 000 млн.руб.
1 100 000 млн.руб.
1 200 000 млн.руб.
938 020
964 061
↑
ДЗО 
Все
Подписи данных
⬤Отклонение
АО «Тываэнерго»
АО «Чеченэнерго»
Россети Волга
Россети Кубань
Россети Ленэнерго (ГК)
Россети Московский регион
Россети Северный Кавказ (ГК)
Россети Северо-Запад
Россети Сибирь (ГК)
Россети Томск
Россети Тюмень
Россети Урал (ГК)
Россети ФСК ЕЭС
Россети Центр
Россети Центр и Приволжье (ГК)
Россети Юг (ГК)
Россети Янтарь
-4 000 млн.руб.
-3 000 млн.руб.
-2 000 млн.руб.
-1 000 млн.руб.
0 млн.руб.
1 000 млн.руб.
2 000 млн.руб.
3 000 млн.руб.
4 000 млн.руб.
5 000 млн.руб.
6 000 млн.руб.
7 000 млн.руб.
8 000 млн.руб.
173
44
122
3 000
3 666
6 842
695
1 000
1 910
228
-3 453
1 778
1 353
3 442
3 872
1 131
237
млн.
%
Выручка
Отклонение выручки (факт/план, млн. руб) 
ПАО Россети
26 040.4 млн.руб.
Статус данных
×
Просьба обратить внимание
Данные занесены не полностью
ВЫБРАННЫЕ ЗНАЧЕНИЯ ФИЛЬТРОВ
ДЗО | ПЕРИОД
ПАО Россети: [«Выбраны все филиалы по всем ДЗО по всем категориям»]
2024: [Янв, Фев, Мар, Апр, Май, Июн, Июл, Авг]
*Внутренний оборот'

18-10-2024T05:49:51 - [TEST_STEP][PASSED] - searchWord = "а": null

18-10-2024T05:49:51 - [TEST_STEP][PASSED] - if (urlText.contains("ошибка") || urlText.contains(searchWord) == false): null

18-10-2024T05:49:51 - [TEST_STEP][PASSED] - delay(45): Delayed 45 second(s)

18-10-2024T05:50:36 - [MESSAGE][PASSED] - Delayed 45 second(s)

18-10-2024T05:50:36 - [TEST_STEP][PASSED] - if (block == 2): Delayed 50 second(s)

18-10-2024T05:50:36 - [TEST_STEP][PASSED] - opoveshenie = getText(findTestObject("Выручка в рублях/Просьба обратить внимание")): Text of object 'Object Repository/Выручка в рублях/Просьба обратить внимание' is: 'Просьба обратить внимание'

18-10-2024T05:50:36 - [MESSAGE][PASSED] - Text of object 'Object Repository/Выручка в рублях/Просьба обратить внимание' is: 'Просьба обратить внимание'

18-10-2024T05:50:36 - [TEST_STEP][PASSED] - if (opoveshenie == "Просьба обратить внимание"): Delayed 50 second(s)

18-10-2024T05:50:36 - [TEST_STEP][PASSED] - click(findTestObject("Выручка в рублях/Закрыть оповещение")): Object: 'Object Repository/Выручка в рублях/Закрыть оповещение' is clicked on

18-10-2024T05:50:36 - [MESSAGE][PASSED] - Object: 'Object Repository/Выручка в рублях/Закрыть оповещение' is clicked on

18-10-2024T05:50:36 - [TEST_STEP][PASSED] - delay(50): Delayed 50 second(s)

18-10-2024T05:51:26 - [MESSAGE][PASSED] - Delayed 50 second(s)

18-10-2024T05:51:26 - [TEST_STEP][PASSED] - click(findTestObject("Выручка в рублях/Фильтр Период" + nameOfBlock)): Object: 'Object Repository/Выручка в рублях/Фильтр Период Выручка' is clicked on

18-10-2024T05:51:27 - [MESSAGE][PASSED] - Object: 'Object Repository/Выручка в рублях/Фильтр Период Выручка' is clicked on

18-10-2024T05:51:27 - [TEST_STEP][PASSED] - click(findTestObject("Выручка в рублях/Снять выделение в фильтре Дата" + nameOfBlock)): Object: 'Object Repository/Выручка в рублях/Снять выделение в фильтре Дата Выручка' is clicked on

18-10-2024T05:51:27 - [MESSAGE][PASSED] - Object: 'Object Repository/Выручка в рублях/Снять выделение в фильтре Дата Выручка' is clicked on

18-10-2024T05:51:27 - [TEST_STEP][PASSED] - click(findTestObject("Выручка в рублях/Применить в фильтре Дата" + nameOfBlock)): Object: 'Object Repository/Выручка в рублях/Применить в фильтре Дата Выручка' is clicked on

18-10-2024T05:51:28 - [MESSAGE][PASSED] - Object: 'Object Repository/Выручка в рублях/Применить в фильтре Дата Выручка' is clicked on

18-10-2024T05:51:28 - [TEST_STEP][PASSED] - delay(50): Delayed 50 second(s)

18-10-2024T05:52:18 - [MESSAGE][PASSED] - Delayed 50 second(s)

18-10-2024T05:52:18 - [TEST_STEP][PASSED] - click(findTestObject("Выручка в рублях/Фильтр Период" + nameOfBlock)): Object: 'Object Repository/Выручка в рублях/Фильтр Период Выручка' is clicked on

18-10-2024T05:52:18 - [MESSAGE][PASSED] - Object: 'Object Repository/Выручка в рублях/Фильтр Период Выручка' is clicked on

18-10-2024T05:52:18 - [TEST_STEP][PASSED] - click(findTestObject("Выручка в рублях/Снять выделение в фильтре Дата" + nameOfBlock)): Object: 'Object Repository/Выручка в рублях/Снять выделение в фильтре Дата Выручка' is clicked on

18-10-2024T05:52:19 - [MESSAGE][PASSED] - Object: 'Object Repository/Выручка в рублях/Снять выделение в фильтре Дата Выручка' is clicked on

18-10-2024T05:52:19 - [TEST_STEP][PASSED] - scrollToElement(findTestObject("Выручка в рублях/2024 список" + nameOfBlock), 30): Scroll to object 'Object Repository/Выручка в рублях/2024 список Выручка' successfully

18-10-2024T05:52:19 - [MESSAGE][PASSED] - Scroll to object 'Object Repository/Выручка в рублях/2024 список Выручка' successfully

18-10-2024T05:52:19 - [TEST_STEP][PASSED] - click(findTestObject("Выручка в рублях/2024 список" + nameOfBlock)): Object: 'Object Repository/Выручка в рублях/2024 список Выручка' is clicked on

18-10-2024T05:52:19 - [MESSAGE][PASSED] - Object: 'Object Repository/Выручка в рублях/2024 список Выручка' is clicked on

18-10-2024T05:52:19 - [TEST_STEP][PASSED] - scrollToElement(findTestObject("Выручка в рублях/1 квартал 2024 выбрать" + nameOfBlock), 30): Scroll to object 'Object Repository/Выручка в рублях/1 квартал 2024 выбрать Выручка' successfully

18-10-2024T05:52:20 - [MESSAGE][PASSED] - Scroll to object 'Object Repository/Выручка в рублях/1 квартал 2024 выбрать Выручка' successfully

18-10-2024T05:52:20 - [TEST_STEP][PASSED] - click(findTestObject("Выручка в рублях/1 квартал 2024 выбрать" + nameOfBlock)): Object: 'Object Repository/Выручка в рублях/1 квартал 2024 выбрать Выручка' is clicked on

18-10-2024T05:52:20 - [MESSAGE][PASSED] - Object: 'Object Repository/Выручка в рублях/1 квартал 2024 выбрать Выручка' is clicked on

18-10-2024T05:52:20 - [TEST_STEP][PASSED] - scrollToElement(findTestObject("Выручка в рублях/2 квартал 2024 выбрать" + nameOfBlock), 30): Scroll to object 'Object Repository/Выручка в рублях/2 квартал 2024 выбрать Выручка' successfully

18-10-2024T05:52:20 - [MESSAGE][PASSED] - Scroll to object 'Object Repository/Выручка в рублях/2 квартал 2024 выбрать Выручка' successfully

18-10-2024T05:52:20 - [TEST_STEP][PASSED] - click(findTestObject("Выручка в рублях/2 квартал 2024 выбрать" + nameOfBlock)): Object: 'Object Repository/Выручка в рублях/2 квартал 2024 выбрать Выручка' is clicked on

18-10-2024T05:52:21 - [MESSAGE][PASSED] - Object: 'Object Repository/Выручка в рублях/2 квартал 2024 выбрать Выручка' is clicked on

18-10-2024T05:52:21 - [TEST_STEP][PASSED] - scrollToElement(findTestObject("Выручка в рублях/3 квартал 2024 список" + nameOfBlock), 30): Scroll to object 'Object Repository/Выручка в рублях/3 квартал 2024 список Выручка' successfully

18-10-2024T05:52:21 - [MESSAGE][PASSED] - Scroll to object 'Object Repository/Выручка в рублях/3 квартал 2024 список Выручка' successfully

18-10-2024T05:52:21 - [TEST_STEP][PASSED] - click(findTestObject("Выручка в рублях/3 квартал 2024 список" + nameOfBlock)): Object: 'Object Repository/Выручка в рублях/3 квартал 2024 список Выручка' is clicked on

18-10-2024T05:52:22 - [MESSAGE][PASSED] - Object: 'Object Repository/Выручка в рублях/3 квартал 2024 список Выручка' is clicked on

18-10-2024T05:52:22 - [TEST_STEP][PASSED] - click(findTestObject("Выручка в рублях/Июль 2024" + nameOfBlock)): Object: 'Object Repository/Выручка в рублях/Июль 2024 Выручка' is clicked on

18-10-2024T05:52:22 - [MESSAGE][PASSED] - Object: 'Object Repository/Выручка в рублях/Июль 2024 Выручка' is clicked on

18-10-2024T05:52:22 - [TEST_STEP][PASSED] - scrollToElement(findTestObject("Выручка в рублях/Август 2024" + nameOfBlock), 30): Scroll to object 'Object Repository/Выручка в рублях/Август 2024 Выручка' successfully

18-10-2024T05:52:22 - [MESSAGE][PASSED] - Scroll to object 'Object Repository/Выручка в рублях/Август 2024 Выручка' successfully

18-10-2024T05:52:22 - [TEST_STEP][PASSED] - click(findTestObject("Выручка в рублях/Август 2024" + nameOfBlock)): Object: 'Object Repository/Выручка в рублях/Август 2024 Выручка' is clicked on

18-10-2024T05:52:23 - [MESSAGE][PASSED] - Object: 'Object Repository/Выручка в рублях/Август 2024 Выручка' is clicked on

18-10-2024T05:52:23 - [TEST_STEP][PASSED] - scrollToElement(findTestObject("Выручка в рублях/Заголовок дашборда" + nameOfBlock), 30): Scroll to object 'Object Repository/Выручка в рублях/Заголовок дашборда Выручка' successfully

18-10-2024T05:52:23 - [MESSAGE][PASSED] - Scroll to object 'Object Repository/Выручка в рублях/Заголовок дашборда Выручка' successfully

18-10-2024T05:52:23 - [TEST_STEP][PASSED] - click(findTestObject("Выручка в рублях/Применить в фильтре Дата" + nameOfBlock)): Object: 'Object Repository/Выручка в рублях/Применить в фильтре Дата Выручка' is clicked on

18-10-2024T05:52:24 - [MESSAGE][PASSED] - Object: 'Object Repository/Выручка в рублях/Применить в фильтре Дата Выручка' is clicked on

18-10-2024T05:52:24 - [TEST_STEP][PASSED] - delay(50): Delayed 50 second(s)

18-10-2024T05:53:14 - [MESSAGE][PASSED] - Delayed 50 second(s)

18-10-2024T05:53:14 - [TEST_STEP][PASSED] - click(findTestObject("Выручка в рублях/Фильтр ДЗО" + nameOfBlock)): Object: 'Object Repository/Выручка в рублях/Фильтр ДЗО Выручка' is clicked on

18-10-2024T05:53:14 - [MESSAGE][PASSED] - Object: 'Object Repository/Выручка в рублях/Фильтр ДЗО Выручка' is clicked on

18-10-2024T05:53:14 - [TEST_STEP][PASSED] - click(findTestObject("Выручка в рублях/Снять выделение в фильтре ДЗО" + nameOfBlock)): Object: 'Object Repository/Выручка в рублях/Снять выделение в фильтре ДЗО Выручка' is clicked on

18-10-2024T05:53:15 - [MESSAGE][PASSED] - Object: 'Object Repository/Выручка в рублях/Снять выделение в фильтре ДЗО Выручка' is clicked on

18-10-2024T05:53:15 - [TEST_STEP][PASSED] - click(findTestObject("Выручка в рублях/Применить в фильтре ДЗО" + nameOfBlock)): Object: 'Object Repository/Выручка в рублях/Применить в фильтре ДЗО Выручка' is clicked on

18-10-2024T05:53:15 - [MESSAGE][PASSED] - Object: 'Object Repository/Выручка в рублях/Применить в фильтре ДЗО Выручка' is clicked on

18-10-2024T05:53:15 - [TEST_STEP][PASSED] - delay(50): Delayed 50 second(s)

18-10-2024T05:54:05 - [MESSAGE][PASSED] - Delayed 50 second(s)

18-10-2024T05:54:05 - [TEST_STEP][PASSED] - Script1710234207206.Tumbler(run, vir, block, nameOfBlock): null

18-10-2024T05:54:05 - [TEST_STEP][PASSED] - println("run:" + run): null

18-10-2024T05:54:05 - [TEST_STEP][PASSED] - println("vir:" + vir): null

18-10-2024T05:54:05 - [TEST_STEP][PASSED] - println("block:" + block): null

18-10-2024T05:54:05 - [TEST_STEP][PASSED] - println("nameOfBlock:" + nameOfBlock): null

18-10-2024T05:54:05 - [TEST_STEP][PASSED] - if (vir == 1): null

18-10-2024T05:54:05 - [TEST_STEP][PASSED] - else if (vir == 2): Object: 'Object Repository/Выручка в рублях/Применить в фильтре Выручка Выручка' is clicked on

18-10-2024T05:54:05 - [TEST_STEP][PASSED] - if (run == 2): Object: 'Object Repository/Выручка в рублях/Переключить отображение с млн на проценты Выручка в рублях Выручка' is clicked on

18-10-2024T05:54:05 - [TEST_STEP][PASSED] - click(findTestObject("Выручка в рублях/Переключить отображение с млн на проценты Выручка в рублях" + nameOfBlock)): Object: 'Object Repository/Выручка в рублях/Переключить отображение с млн на проценты Выручка в рублях Выручка' is clicked on

18-10-2024T05:54:06 - [MESSAGE][PASSED] - Object: 'Object Repository/Выручка в рублях/Переключить отображение с млн на проценты Выручка в рублях Выручка' is clicked on

18-10-2024T05:54:06 - [TEST_STEP][PASSED] - click(findTestObject("Выручка в рублях/Фильтр Выручка" + nameOfBlock)): Object: 'Object Repository/Выручка в рублях/Фильтр Выручка Выручка' is clicked on

18-10-2024T05:54:06 - [MESSAGE][PASSED] - Object: 'Object Repository/Выручка в рублях/Фильтр Выручка Выручка' is clicked on

18-10-2024T05:54:06 - [TEST_STEP][PASSED] - click(findTestObject("Выручка в рублях/Итого в фильтре Выручка" + nameOfBlock)): Object: 'Object Repository/Выручка в рублях/Итого в фильтре Выручка Выручка' is clicked on

18-10-2024T05:54:07 - [MESSAGE][PASSED] - Object: 'Object Repository/Выручка в рублях/Итого в фильтре Выручка Выручка' is clicked on

18-10-2024T05:54:07 - [TEST_STEP][PASSED] - click(findTestObject("Выручка в рублях/Применить в фильтре Выручка" + nameOfBlock)): Object: 'Object Repository/Выручка в рублях/Применить в фильтре Выручка Выручка' is clicked on

18-10-2024T05:54:07 - [MESSAGE][PASSED] - Object: 'Object Repository/Выручка в рублях/Применить в фильтре Выручка Выручка' is clicked on

18-10-2024T05:54:07 - [TEST_STEP][PASSED] - click(findTestObject("Выручка в рублях/Фильтр ДЗО" + nameOfBlock)): Object: 'Object Repository/Выручка в рублях/Фильтр ДЗО Выручка' is clicked on

18-10-2024T05:54:10 - [MESSAGE][PASSED] - Object: 'Object Repository/Выручка в рублях/Фильтр ДЗО Выручка' is clicked on

18-10-2024T05:54:10 - [TEST_STEP][PASSED] - Script1710234207206.Rosseti(nameOfBlock): null

18-10-2024T05:54:10 - [TEST_STEP][PASSED] - println("nameOfBlock:" + nameOfBlock): null

18-10-2024T05:54:10 - [TEST_STEP][PASSED] - click(findTestObject("Выручка в рублях/ПАО Россети" + nameOfBlock)): Object: 'Object Repository/Выручка в рублях/ПАО Россети Выручка' is clicked on

18-10-2024T05:54:10 - [MESSAGE][PASSED] - Object: 'Object Repository/Выручка в рублях/ПАО Россети Выручка' is clicked on

18-10-2024T05:54:10 - [TEST_STEP][PASSED] - click(findTestObject("Выручка в рублях/Применить в фильтре ДЗО" + nameOfBlock)): Object: 'Object Repository/Выручка в рублях/Применить в фильтре ДЗО Выручка' is clicked on

18-10-2024T05:54:11 - [MESSAGE][PASSED] - Object: 'Object Repository/Выручка в рублях/Применить в фильтре ДЗО Выручка' is clicked on

18-10-2024T05:54:11 - [TEST_STEP][PASSED] - if (vir == 1 || vir == 2): Text of object 'Object Repository/Выручка в рублях/График План Выручка' is: '922 071'

18-10-2024T05:54:11 - [TEST_STEP][PASSED] - b1 = getText(findTestObject("Выручка в рублях/График План Выручка")): Text of object 'Object Repository/Выручка в рублях/График План Выручка' is: '922 071'

18-10-2024T05:54:15 - [MESSAGE][PASSED] - Text of object 'Object Repository/Выручка в рублях/График План Выручка' is: '922 071'

18-10-2024T05:54:15 - [TEST_STEP][PASSED] - if (vir == 1 || vir == 2): Text of object 'Object Repository/Выручка в рублях/График Факт Выручка' is: '947 588'

18-10-2024T05:54:15 - [TEST_STEP][PASSED] - b2 = getText(findTestObject("Выручка в рублях/График Факт Выручка")): Text of object 'Object Repository/Выручка в рублях/График Факт Выручка' is: '947 588'

18-10-2024T05:54:15 - [MESSAGE][PASSED] - Text of object 'Object Repository/Выручка в рублях/График Факт Выручка' is: '947 588'

18-10-2024T05:54:15 - [TEST_STEP][PASSED] - b30 = getText(findTestObject("Выручка в рублях/span1" + perc)): Text of object 'Object Repository/Выручка в рублях/span1 Perc' is: '2.77 %'

18-10-2024T05:54:15 - [MESSAGE][PASSED] - Text of object 'Object Repository/Выручка в рублях/span1 Perc' is: '2.77 %'

18-10-2024T05:54:15 - [TEST_STEP][PASSED] - i = b30.indexOf("млн.руб."): null

18-10-2024T05:54:15 - [TEST_STEP][PASSED] - if (i > -1): null

18-10-2024T05:54:15 - [TEST_STEP][PASSED] - if (b30.contains("%")): null

18-10-2024T05:54:15 - [TEST_STEP][PASSED] - b30 = b30.replaceAll("%", ""): null

18-10-2024T05:54:15 - [TEST_STEP][PASSED] - b30 = ").trim(): null

18-10-2024T05:54:15 - [TEST_STEP][PASSED] - println("b30: " + b30): null

18-10-2024T05:54:15 - [TEST_STEP][PASSED] - if (vir == 1 || vir == 2): Text of object 'Object Repository/Выручка в рублях/span2 Perc' is: '199.89 %'

18-10-2024T05:54:15 - [TEST_STEP][PASSED] - b31 = ").trim(): Text of object 'Object Repository/Выручка в рублях/span2 Perc' is: '199.89 %'

18-10-2024T05:54:16 - [MESSAGE][PASSED] - Text of object 'Object Repository/Выручка в рублях/span2 Perc' is: '199.89 %'

18-10-2024T05:54:16 - [TEST_STEP][PASSED] - if (vir == 1 || vir == 2): Text of object 'Object Repository/Выручка в рублях/span3 Perc' is: '-46.26 %'

18-10-2024T05:54:16 - [TEST_STEP][PASSED] - b32 = ").trim(): Text of object 'Object Repository/Выручка в рублях/span3 Perc' is: '-46.26 %'

18-10-2024T05:54:16 - [MESSAGE][PASSED] - Text of object 'Object Repository/Выручка в рублях/span3 Perc' is: '-46.26 %'

18-10-2024T05:54:16 - [TEST_STEP][PASSED] - if (vir == 1 || vir == 2): Text of object 'Object Repository/Выручка в рублях/span8 Perc' is: '2.55 %'

18-10-2024T05:54:16 - [TEST_STEP][PASSED] - b33 = ").trim(): Text of object 'Object Repository/Выручка в рублях/span4 Perc' is: '0.24 %'

18-10-2024T05:54:16 - [MESSAGE][PASSED] - Text of object 'Object Repository/Выручка в рублях/span4 Perc' is: '0.24 %'

18-10-2024T05:54:16 - [TEST_STEP][PASSED] - b34 = ").trim(): Text of object 'Object Repository/Выручка в рублях/span5 Perc' is: '5.99 %'

18-10-2024T05:54:17 - [MESSAGE][PASSED] - Text of object 'Object Repository/Выручка в рублях/span5 Perc' is: '5.99 %'

18-10-2024T05:54:17 - [TEST_STEP][PASSED] - b35 = ").trim(): Text of object 'Object Repository/Выручка в рублях/span6 Perc' is: '5.58 %'

18-10-2024T05:54:17 - [MESSAGE][PASSED] - Text of object 'Object Repository/Выручка в рублях/span6 Perc' is: '5.58 %'

18-10-2024T05:54:17 - [TEST_STEP][PASSED] - b36 = ").trim(): Text of object 'Object Repository/Выручка в рублях/span7 Perc' is: '5.03 %'

18-10-2024T05:54:17 - [MESSAGE][PASSED] - Text of object 'Object Repository/Выручка в рублях/span7 Perc' is: '5.03 %'

18-10-2024T05:54:17 - [TEST_STEP][PASSED] - b37 = ").trim(): Text of object 'Object Repository/Выручка в рублях/span8 Perc' is: '2.55 %'

18-10-2024T05:54:17 - [MESSAGE][PASSED] - Text of object 'Object Repository/Выручка в рублях/span8 Perc' is: '2.55 %'

18-10-2024T05:54:17 - [TEST_STEP][PASSED] - if (vir == 1 || vir == 2): Text of object 'Object Repository/Выручка в рублях/span17 Perc' is: '3.22 %'

18-10-2024T05:54:17 - [TEST_STEP][PASSED] - b38 = ").trim(): Text of object 'Object Repository/Выручка в рублях/span9 Perc' is: '2.9 %'

18-10-2024T05:54:18 - [MESSAGE][PASSED] - Text of object 'Object Repository/Выручка в рублях/span9 Perc' is: '2.9 %'

18-10-2024T05:54:18 - [TEST_STEP][PASSED] - b39 = ").trim(): Text of object 'Object Repository/Выручка в рублях/span10 Perc' is: '4.21 %'

18-10-2024T05:54:18 - [MESSAGE][PASSED] - Text of object 'Object Repository/Выручка в рублях/span10 Perc' is: '4.21 %'

18-10-2024T05:54:18 - [TEST_STEP][PASSED] - b310 = ").trim(): Text of object 'Object Repository/Выручка в рублях/span11 Perc' is: '3.71 %'

18-10-2024T05:54:18 - [MESSAGE][PASSED] - Text of object 'Object Repository/Выручка в рублях/span11 Perc' is: '3.71 %'

18-10-2024T05:54:18 - [TEST_STEP][PASSED] - b311 = ").trim(): Text of object 'Object Repository/Выручка в рублях/span12 Perc' is: '-6.3 %'

18-10-2024T05:54:19 - [MESSAGE][PASSED] - Text of object 'Object Repository/Выручка в рублях/span12 Perc' is: '-6.3 %'

18-10-2024T05:54:19 - [TEST_STEP][PASSED] - b312 = ").trim(): Text of object 'Object Repository/Выручка в рублях/span13 Perc' is: '2.61 %'

18-10-2024T05:54:19 - [MESSAGE][PASSED] - Text of object 'Object Repository/Выручка в рублях/span13 Perc' is: '2.61 %'

18-10-2024T05:54:19 - [TEST_STEP][PASSED] - b313 = ").trim(): Text of object 'Object Repository/Выручка в рублях/span14 Perc' is: '0.66 %'

18-10-2024T05:54:19 - [MESSAGE][PASSED] - Text of object 'Object Repository/Выручка в рублях/span14 Perc' is: '0.66 %'

18-10-2024T05:54:19 - [TEST_STEP][PASSED] - b314 = ").trim(): Text of object 'Object Repository/Выручка в рублях/span15 Perc' is: '4.55 %'

18-10-2024T05:54:19 - [MESSAGE][PASSED] - Text of object 'Object Repository/Выручка в рублях/span15 Perc' is: '4.55 %'

18-10-2024T05:54:19 - [TEST_STEP][PASSED] - b315 = ").trim(): Text of object 'Object Repository/Выручка в рублях/span16 Perc' is: '4.79 %'

18-10-2024T05:54:20 - [MESSAGE][PASSED] - Text of object 'Object Repository/Выручка в рублях/span16 Perc' is: '4.79 %'

18-10-2024T05:54:20 - [TEST_STEP][PASSED] - b316 = ").trim(): Text of object 'Object Repository/Выручка в рублях/span17 Perc' is: '3.22 %'

18-10-2024T05:54:20 - [MESSAGE][PASSED] - Text of object 'Object Repository/Выручка в рублях/span17 Perc' is: '3.22 %'

18-10-2024T05:54:20 - [TEST_STEP][PASSED] - if (vir == 1 || vir == 2): Text of object 'Object Repository/Выручка в рублях/span18 Perc' is: '3.76 %'

18-10-2024T05:54:20 - [TEST_STEP][PASSED] - b317 = ").trim(): Text of object 'Object Repository/Выручка в рублях/span18 Perc' is: '3.76 %'

18-10-2024T05:54:20 - [MESSAGE][PASSED] - Text of object 'Object Repository/Выручка в рублях/span18 Perc' is: '3.76 %'

18-10-2024T05:54:20 - [TEST_STEP][PASSED] - dZO = "ПАО Россети": null

18-10-2024T05:54:20 - [TEST_STEP][PASSED] - if (verifyEqual(a1, b1) == false): Actual object '922 071' and expected object '922 071' are equal

18-10-2024T05:54:20 - [MESSAGE][PASSED] - Actual object '922 071' and expected object '922 071' are equal

18-10-2024T05:54:20 - [TEST_STEP][PASSED] - if (verifyEqual(a2, b2) == false): Actual object '947 588' and expected object '947 588' are equal

18-10-2024T05:54:20 - [MESSAGE][PASSED] - Actual object '947 588' and expected object '947 588' are equal

18-10-2024T05:54:20 - [TEST_STEP][PASSED] - vidget = "Отклонения": null

18-10-2024T05:54:20 - [TEST_STEP][FAILED] - if (verifyEqual(a30, b30) == false): null

18-10-2024T05:54:20 - [MESSAGE][FAILED] - Unable to verify equal between actual object '-23.24' and expected object '2.77' (Root cause: com.kms.katalon.core.exception.StepFailedException: Actual object '-23.24' and expected object '2.77' are not equal
	at com.kms.katalon.core.keyword.builtin.VerifyEqualKeyword$_verifyEqual_closure1.doCall(VerifyEqualKeyword.groovy:58)
	at com.kms.katalon.core.keyword.builtin.VerifyEqualKeyword$_verifyEqual_closure1.call(VerifyEqualKeyword.groovy)
	at com.kms.katalon.core.keyword.internal.KeywordMain.runKeyword(KeywordMain.groovy:75)
	at com.kms.katalon.core.keyword.builtin.VerifyEqualKeyword.verifyEqual(VerifyEqualKeyword.groovy:63)
	at com.kms.katalon.core.keyword.builtin.VerifyEqualKeyword.execute(VerifyEqualKeyword.groovy:44)
	at com.kms.katalon.core.keyword.internal.KeywordExecutor.executeKeywordForPlatform(KeywordExecutor.groovy:74)
	at com.kms.katalon.core.keyword.BuiltinKeywords.verifyEqual(BuiltinKeywords.groovy:146)
	at jdk.internal.reflect.GeneratedMethodAccessor21.invoke(Unknown Source)
	at java.base/jdk.internal.reflect.DelegatingMethodAccessorImpl.invoke(DelegatingMethodAccessorImpl.java:43)
	at Выручка в рублях сверка дашбордов ПАО Россети.Blocks(Выручка в рублях сверка дашбордов ПАО Россети:357)
	at Выручка в рублях сверка дашбордов ПАО Россети.ViruchkaChange(Выручка в рублях сверка дашбордов ПАО Россети:60)
	at Выручка в рублях сверка дашбордов ПАО Россети.run(Выручка в рублях сверка дашбордов ПАО Россети:55)
	at com.kms.katalon.core.main.ScriptEngine.run(ScriptEngine.java:194)
	at com.kms.katalon.core.main.ScriptEngine.runScriptAsRawText(ScriptEngine.java:119)
	at com.kms.katalon.core.main.TestCaseExecutor.runScript(TestCaseExecutor.java:448)
	at com.kms.katalon.core.main.TestCaseExecutor.doExecute(TestCaseExecutor.java:439)
	at com.kms.katalon.core.main.TestCaseExecutor.processExecutionPhase(TestCaseExecutor.java:418)
	at com.kms.katalon.core.main.TestCaseExecutor.accessMainPhase(TestCaseExecutor.java:410)
	at com.kms.katalon.core.main.TestCaseExecutor.execute(TestCaseExecutor.java:285)
	at com.kms.katalon.core.common.CommonExecutor.accessTestCaseMainPhase(CommonExecutor.java:65)
	at com.kms.katalon.core.main.TestSuiteExecutor.accessTestSuiteMainPhase(TestSuiteExecutor.java:150)
	at com.kms.katalon.core.main.TestSuiteExecutor.execute(TestSuiteExecutor.java:106)
	at com.kms.katalon.core.main.TestCaseMain.startTestSuite(TestCaseMain.java:180)
	at TempTestSuite1729215855985.run(TempTestSuite1729215855985.groovy:35)
	at java.base/jdk.internal.reflect.NativeMethodAccessorImpl.invoke0(Native Method)
	at java.base/jdk.internal.reflect.NativeMethodAccessorImpl.invoke(NativeMethodAccessorImpl.java:77)
	at java.base/jdk.internal.reflect.DelegatingMethodAccessorImpl.invoke(DelegatingMethodAccessorImpl.java:43)
)

18-10-2024T05:54:20 - [TEST_STEP][PASSED] - a = a30.toDouble(): null

18-10-2024T05:54:20 - [TEST_STEP][PASSED] - b = b30.toDouble(): null

18-10-2024T05:54:20 - [TEST_STEP][PASSED] - Script1710234207206.WriteToExcel(todaysDate, run, vir, block, typeOfData, viruchka, vidget, nameOfBlock, a, b, dZO): null

18-10-2024T05:54:20 - [TEST_STEP][PASSED] - println(run): null

18-10-2024T05:54:20 - [TEST_STEP][PASSED] - if (run == 1): null

18-10-2024T05:54:20 - [TEST_STEP][PASSED] - else if (run == 2): null

18-10-2024T05:54:20 - [TEST_STEP][PASSED] - typeOfData = "Проценты": null

18-10-2024T05:54:20 - [TEST_STEP][PASSED] - println("todaysDate:" + todaysDate): null

18-10-2024T05:54:20 - [TEST_STEP][PASSED] - println("typeOfData:" + typeOfData): null

18-10-2024T05:54:20 - [TEST_STEP][PASSED] - viruchka = getText(findTestObject("Выручка в рублях/Фильтр Выручка" + nameOfBlock)): Text of object 'Object Repository/Выручка в рублях/Фильтр Выручка Выручка' is: 'ПЕРЕДАЧА ЭЛЕКТРОЭНЕРГИИ (ИТОГО, по всем видам тарифа)'

18-10-2024T05:54:21 - [MESSAGE][PASSED] - Text of object 'Object Repository/Выручка в рублях/Фильтр Выручка Выручка' is: 'ПЕРЕДАЧА ЭЛЕКТРОЭНЕРГИИ (ИТОГО, по всем видам тарифа)'

18-10-2024T05:54:21 - [TEST_STEP][PASSED] - println("viruchka" + viruchka): null

18-10-2024T05:54:21 - [TEST_STEP][PASSED] - println("vidget" + vidget): null

18-10-2024T05:54:21 - [TEST_STEP][PASSED] - println("a" + a): null

18-10-2024T05:54:21 - [TEST_STEP][PASSED] - println("b" + b): null

18-10-2024T05:54:21 - [TEST_STEP][PASSED] - sheetName = "Sheet1": null

18-10-2024T05:54:21 - [TEST_STEP][PASSED] - data = findTestData("PlanFact"): null

18-10-2024T05:54:21 - [TEST_STEP][PASSED] - n = data.getRowNumbers() + 1: null

18-10-2024T05:54:21 - [TEST_STEP][PASSED] - period = getText(findTestObject("Выручка в рублях/Фильтр Период")): Text of object 'Object Repository/Выручка в рублях/Фильтр Период' is: 'Июль, Август и 1, 2 кв. 2024 года'

18-10-2024T05:54:21 - [MESSAGE][PASSED] - Text of object 'Object Repository/Выручка в рублях/Фильтр Период' is: 'Июль, Август и 1, 2 кв. 2024 года'

18-10-2024T05:54:21 - [TEST_STEP][PASSED] - println(period): null

18-10-2024T05:54:21 - [TEST_STEP][PASSED] - dashboardName = "Выручка в рублях": null

18-10-2024T05:54:21 - [TEST_STEP][PASSED] - workbook01 = getWorkbook(excelFilePath): null

18-10-2024T05:54:21 - [TEST_STEP][PASSED] - sheet01 = getExcelSheet(workbook01, sheetName): null

18-10-2024T05:54:21 - [TEST_STEP][PASSED] - setValueToCellByIndex(sheet01, n, 0, dashboardName): null

18-10-2024T05:54:21 - [TEST_STEP][PASSED] - setValueToCellByIndex(sheet01, n, 1, dZO): null

18-10-2024T05:54:21 - [TEST_STEP][PASSED] - setValueToCellByIndex(sheet01, n, 2, vidget): null

18-10-2024T05:54:21 - [TEST_STEP][PASSED] - setValueToCellByIndex(sheet01, n, 3, viruchka): null

18-10-2024T05:54:21 - [TEST_STEP][PASSED] - setValueToCellByIndex(sheet01, n, 4, typeOfData): null

18-10-2024T05:54:21 - [TEST_STEP][PASSED] - if (a == null): null

18-10-2024T05:54:21 - [TEST_STEP][PASSED] - else: null

18-10-2024T05:54:21 - [TEST_STEP][PASSED] - setValueToCellByIndex(sheet01, n, 5, a): null

18-10-2024T05:54:21 - [TEST_STEP][PASSED] - if (b == null): null

18-10-2024T05:54:21 - [TEST_STEP][PASSED] - else: null

18-10-2024T05:54:21 - [TEST_STEP][PASSED] - setValueToCellByIndex(sheet01, n, 6, b): null

18-10-2024T05:54:21 - [TEST_STEP][PASSED] - setValueToCellByIndex(sheet01, n, 7, period): null

18-10-2024T05:54:21 - [TEST_STEP][PASSED] - setValueToCellByIndex(sheet01, n, 8, todaysDate): null

18-10-2024T05:54:21 - [TEST_STEP][PASSED] - n = n + 1: null

18-10-2024T05:54:21 - [TEST_STEP][PASSED] - saveWorkbook(excelFilePath, workbook01): null

18-10-2024T05:54:21 - [TEST_STEP][PASSED] - dZO = "АО «Тываэнерго»": null

18-10-2024T05:54:21 - [TEST_STEP][PASSED] - if (verifyEqual(a31, b31) == false): Actual object '199.89' and expected object '199.89' are equal

18-10-2024T05:54:21 - [MESSAGE][PASSED] - Actual object '199.89' and expected object '199.89' are equal

18-10-2024T05:54:21 - [TEST_STEP][PASSED] - dZO = "АО «Чеченэнерго»": null

18-10-2024T05:54:21 - [TEST_STEP][FAILED] - if (verifyEqual(a32, b32) == false): null

18-10-2024T05:54:21 - [MESSAGE][FAILED] - Unable to verify equal between actual object '-73.13' and expected object '-46.26' (Root cause: com.kms.katalon.core.exception.StepFailedException: Actual object '-73.13' and expected object '-46.26' are not equal
	at com.kms.katalon.core.keyword.builtin.VerifyEqualKeyword$_verifyEqual_closure1.doCall(VerifyEqualKeyword.groovy:58)
	at com.kms.katalon.core.keyword.builtin.VerifyEqualKeyword$_verifyEqual_closure1.call(VerifyEqualKeyword.groovy)
	at com.kms.katalon.core.keyword.internal.KeywordMain.runKeyword(KeywordMain.groovy:75)
	at com.kms.katalon.core.keyword.builtin.VerifyEqualKeyword.verifyEqual(VerifyEqualKeyword.groovy:63)
	at com.kms.katalon.core.keyword.builtin.VerifyEqualKeyword.execute(VerifyEqualKeyword.groovy:44)
	at com.kms.katalon.core.keyword.internal.KeywordExecutor.executeKeywordForPlatform(KeywordExecutor.groovy:74)
	at com.kms.katalon.core.keyword.BuiltinKeywords.verifyEqual(BuiltinKeywords.groovy:146)
	at jdk.internal.reflect.GeneratedMethodAccessor21.invoke(Unknown Source)
	at java.base/jdk.internal.reflect.DelegatingMethodAccessorImpl.invoke(DelegatingMethodAccessorImpl.java:43)
	at Выручка в рублях сверка дашбордов ПАО Россети.Blocks(Выручка в рублях сверка дашбордов ПАО Россети:377)
	at Выручка в рублях сверка дашбордов ПАО Россети.ViruchkaChange(Выручка в рублях сверка дашбордов ПАО Россети:60)
	at Выручка в рублях сверка дашбордов ПАО Россети.run(Выручка в рублях сверка дашбордов ПАО Россети:55)
	at com.kms.katalon.core.main.ScriptEngine.run(ScriptEngine.java:194)
	at com.kms.katalon.core.main.ScriptEngine.runScriptAsRawText(ScriptEngine.java:119)
	at com.kms.katalon.core.main.TestCaseExecutor.runScript(TestCaseExecutor.java:448)
	at com.kms.katalon.core.main.TestCaseExecutor.doExecute(TestCaseExecutor.java:439)
	at com.kms.katalon.core.main.TestCaseExecutor.processExecutionPhase(TestCaseExecutor.java:418)
	at com.kms.katalon.core.main.TestCaseExecutor.accessMainPhase(TestCaseExecutor.java:410)
	at com.kms.katalon.core.main.TestCaseExecutor.execute(TestCaseExecutor.java:285)
	at com.kms.katalon.core.common.CommonExecutor.accessTestCaseMainPhase(CommonExecutor.java:65)
	at com.kms.katalon.core.main.TestSuiteExecutor.accessTestSuiteMainPhase(TestSuiteExecutor.java:150)
	at com.kms.katalon.core.main.TestSuiteExecutor.execute(TestSuiteExecutor.java:106)
	at com.kms.katalon.core.main.TestCaseMain.startTestSuite(TestCaseMain.java:180)
	at TempTestSuite1729215855985.run(TempTestSuite1729215855985.groovy:35)
	at java.base/jdk.internal.reflect.NativeMethodAccessorImpl.invoke0(Native Method)
	at java.base/jdk.internal.reflect.NativeMethodAccessorImpl.invoke(NativeMethodAccessorImpl.java:77)
	at java.base/jdk.internal.reflect.DelegatingMethodAccessorImpl.invoke(DelegatingMethodAccessorImpl.java:43)
)

18-10-2024T05:54:21 - [TEST_STEP][PASSED] - a = a32.toDouble(): null

18-10-2024T05:54:21 - [TEST_STEP][PASSED] - b = b32.toDouble(): null

18-10-2024T05:54:21 - [TEST_STEP][PASSED] - Script1710234207206.WriteToExcel(todaysDate, run, vir, block, typeOfData, viruchka, vidget, nameOfBlock, a, b, dZO): null

18-10-2024T05:54:21 - [TEST_STEP][PASSED] - println(run): null

18-10-2024T05:54:21 - [TEST_STEP][PASSED] - if (run == 1): null

18-10-2024T05:54:21 - [TEST_STEP][PASSED] - else if (run == 2): null

18-10-2024T05:54:21 - [TEST_STEP][PASSED] - typeOfData = "Проценты": null

18-10-2024T05:54:21 - [TEST_STEP][PASSED] - println("todaysDate:" + todaysDate): null

18-10-2024T05:54:21 - [TEST_STEP][PASSED] - println("typeOfData:" + typeOfData): null

18-10-2024T05:54:21 - [TEST_STEP][PASSED] - viruchka = getText(findTestObject("Выручка в рублях/Фильтр Выручка" + nameOfBlock)): Text of object 'Object Repository/Выручка в рублях/Фильтр Выручка Выручка' is: 'ПЕРЕДАЧА ЭЛЕКТРОЭНЕРГИИ (ИТОГО, по всем видам тарифа)'

18-10-2024T05:54:22 - [MESSAGE][PASSED] - Text of object 'Object Repository/Выручка в рублях/Фильтр Выручка Выручка' is: 'ПЕРЕДАЧА ЭЛЕКТРОЭНЕРГИИ (ИТОГО, по всем видам тарифа)'

18-10-2024T05:54:22 - [TEST_STEP][PASSED] - println("viruchka" + viruchka): null

18-10-2024T05:54:22 - [TEST_STEP][PASSED] - println("vidget" + vidget): null

18-10-2024T05:54:22 - [TEST_STEP][PASSED] - println("a" + a): null

18-10-2024T05:54:22 - [TEST_STEP][PASSED] - println("b" + b): null

18-10-2024T05:54:22 - [TEST_STEP][PASSED] - sheetName = "Sheet1": null

18-10-2024T05:54:22 - [TEST_STEP][PASSED] - data = findTestData("PlanFact"): null

18-10-2024T05:54:22 - [TEST_STEP][PASSED] - n = data.getRowNumbers() + 1: null

18-10-2024T05:54:22 - [TEST_STEP][PASSED] - period = getText(findTestObject("Выручка в рублях/Фильтр Период")): Text of object 'Object Repository/Выручка в рублях/Фильтр Период' is: 'Июль, Август и 1, 2 кв. 2024 года'

18-10-2024T05:54:22 - [MESSAGE][PASSED] - Text of object 'Object Repository/Выручка в рублях/Фильтр Период' is: 'Июль, Август и 1, 2 кв. 2024 года'

18-10-2024T05:54:22 - [TEST_STEP][PASSED] - println(period): null

18-10-2024T05:54:22 - [TEST_STEP][PASSED] - dashboardName = "Выручка в рублях": null

18-10-2024T05:54:22 - [TEST_STEP][PASSED] - workbook01 = getWorkbook(excelFilePath): null

18-10-2024T05:54:22 - [TEST_STEP][PASSED] - sheet01 = getExcelSheet(workbook01, sheetName): null

18-10-2024T05:54:22 - [TEST_STEP][PASSED] - setValueToCellByIndex(sheet01, n, 0, dashboardName): null

18-10-2024T05:54:22 - [TEST_STEP][PASSED] - setValueToCellByIndex(sheet01, n, 1, dZO): null

18-10-2024T05:54:22 - [TEST_STEP][PASSED] - setValueToCellByIndex(sheet01, n, 2, vidget): null

18-10-2024T05:54:22 - [TEST_STEP][PASSED] - setValueToCellByIndex(sheet01, n, 3, viruchka): null

18-10-2024T05:54:22 - [TEST_STEP][PASSED] - setValueToCellByIndex(sheet01, n, 4, typeOfData): null

18-10-2024T05:54:22 - [TEST_STEP][PASSED] - if (a == null): null

18-10-2024T05:54:22 - [TEST_STEP][PASSED] - else: null

18-10-2024T05:54:22 - [TEST_STEP][PASSED] - setValueToCellByIndex(sheet01, n, 5, a): null

18-10-2024T05:54:22 - [TEST_STEP][PASSED] - if (b == null): null

18-10-2024T05:54:22 - [TEST_STEP][PASSED] - else: null

18-10-2024T05:54:22 - [TEST_STEP][PASSED] - setValueToCellByIndex(sheet01, n, 6, b): null

18-10-2024T05:54:22 - [TEST_STEP][PASSED] - setValueToCellByIndex(sheet01, n, 7, period): null

18-10-2024T05:54:22 - [TEST_STEP][PASSED] - setValueToCellByIndex(sheet01, n, 8, todaysDate): null

18-10-2024T05:54:22 - [TEST_STEP][PASSED] - n = n + 1: null

18-10-2024T05:54:22 - [TEST_STEP][PASSED] - saveWorkbook(excelFilePath, workbook01): null

18-10-2024T05:54:22 - [TEST_STEP][PASSED] - dZO = "Россети Волга": null

18-10-2024T05:54:22 - [TEST_STEP][FAILED] - if (verifyEqual(a33, b33) == false): null

18-10-2024T05:54:22 - [MESSAGE][FAILED] - Unable to verify equal between actual object '-49.88' and expected object '0.24' (Root cause: com.kms.katalon.core.exception.StepFailedException: Actual object '-49.88' and expected object '0.24' are not equal
	at com.kms.katalon.core.keyword.builtin.VerifyEqualKeyword$_verifyEqual_closure1.doCall(VerifyEqualKeyword.groovy:58)
	at com.kms.katalon.core.keyword.builtin.VerifyEqualKeyword$_verifyEqual_closure1.call(VerifyEqualKeyword.groovy)
	at com.kms.katalon.core.keyword.internal.KeywordMain.runKeyword(KeywordMain.groovy:75)
	at com.kms.katalon.core.keyword.builtin.VerifyEqualKeyword.verifyEqual(VerifyEqualKeyword.groovy:63)
	at com.kms.katalon.core.keyword.builtin.VerifyEqualKeyword.execute(VerifyEqualKeyword.groovy:44)
	at com.kms.katalon.core.keyword.internal.KeywordExecutor.executeKeywordForPlatform(KeywordExecutor.groovy:74)
	at com.kms.katalon.core.keyword.BuiltinKeywords.verifyEqual(BuiltinKeywords.groovy:146)
	at jdk.internal.reflect.GeneratedMethodAccessor21.invoke(Unknown Source)
	at java.base/jdk.internal.reflect.DelegatingMethodAccessorImpl.invoke(DelegatingMethodAccessorImpl.java:43)
	at Выручка в рублях сверка дашбордов ПАО Россети.Blocks(Выручка в рублях сверка дашбордов ПАО Россети:387)
	at Выручка в рублях сверка дашбордов ПАО Россети.ViruchkaChange(Выручка в рублях сверка дашбордов ПАО Россети:60)
	at Выручка в рублях сверка дашбордов ПАО Россети.run(Выручка в рублях сверка дашбордов ПАО Россети:55)
	at com.kms.katalon.core.main.ScriptEngine.run(ScriptEngine.java:194)
	at com.kms.katalon.core.main.ScriptEngine.runScriptAsRawText(ScriptEngine.java:119)
	at com.kms.katalon.core.main.TestCaseExecutor.runScript(TestCaseExecutor.java:448)
	at com.kms.katalon.core.main.TestCaseExecutor.doExecute(TestCaseExecutor.java:439)
	at com.kms.katalon.core.main.TestCaseExecutor.processExecutionPhase(TestCaseExecutor.java:418)
	at com.kms.katalon.core.main.TestCaseExecutor.accessMainPhase(TestCaseExecutor.java:410)
	at com.kms.katalon.core.main.TestCaseExecutor.execute(TestCaseExecutor.java:285)
	at com.kms.katalon.core.common.CommonExecutor.accessTestCaseMainPhase(CommonExecutor.java:65)
	at com.kms.katalon.core.main.TestSuiteExecutor.accessTestSuiteMainPhase(TestSuiteExecutor.java:150)
	at com.kms.katalon.core.main.TestSuiteExecutor.execute(TestSuiteExecutor.java:106)
	at com.kms.katalon.core.main.TestCaseMain.startTestSuite(TestCaseMain.java:180)
	at TempTestSuite1729215855985.run(TempTestSuite1729215855985.groovy:35)
	at java.base/jdk.internal.reflect.NativeMethodAccessorImpl.invoke0(Native Method)
	at java.base/jdk.internal.reflect.NativeMethodAccessorImpl.invoke(NativeMethodAccessorImpl.java:77)
	at java.base/jdk.internal.reflect.DelegatingMethodAccessorImpl.invoke(DelegatingMethodAccessorImpl.java:43)
)

18-10-2024T05:54:22 - [TEST_STEP][PASSED] - a = a33.toDouble(): null

18-10-2024T05:54:22 - [TEST_STEP][PASSED] - b = b33.toDouble(): null

18-10-2024T05:54:22 - [TEST_STEP][PASSED] - Script1710234207206.WriteToExcel(todaysDate, run, vir, block, typeOfData, viruchka, vidget, nameOfBlock, a, b, dZO): null

18-10-2024T05:54:22 - [TEST_STEP][PASSED] - println(run): null

18-10-2024T05:54:22 - [TEST_STEP][PASSED] - if (run == 1): null

18-10-2024T05:54:22 - [TEST_STEP][PASSED] - else if (run == 2): null

18-10-2024T05:54:22 - [TEST_STEP][PASSED] - typeOfData = "Проценты": null

18-10-2024T05:54:22 - [TEST_STEP][PASSED] - println("todaysDate:" + todaysDate): null

18-10-2024T05:54:22 - [TEST_STEP][PASSED] - println("typeOfData:" + typeOfData): null

18-10-2024T05:54:22 - [TEST_STEP][PASSED] - viruchka = getText(findTestObject("Выручка в рублях/Фильтр Выручка" + nameOfBlock)): Text of object 'Object Repository/Выручка в рублях/Фильтр Выручка Выручка' is: 'ПЕРЕДАЧА ЭЛЕКТРОЭНЕРГИИ (ИТОГО, по всем видам тарифа)'

18-10-2024T05:54:23 - [MESSAGE][PASSED] - Text of object 'Object Repository/Выручка в рублях/Фильтр Выручка Выручка' is: 'ПЕРЕДАЧА ЭЛЕКТРОЭНЕРГИИ (ИТОГО, по всем видам тарифа)'

18-10-2024T05:54:23 - [TEST_STEP][PASSED] - println("viruchka" + viruchka): null

18-10-2024T05:54:23 - [TEST_STEP][PASSED] - println("vidget" + vidget): null

18-10-2024T05:54:23 - [TEST_STEP][PASSED] - println("a" + a): null

18-10-2024T05:54:23 - [TEST_STEP][PASSED] - println("b" + b): null

18-10-2024T05:54:23 - [TEST_STEP][PASSED] - sheetName = "Sheet1": null

18-10-2024T05:54:23 - [TEST_STEP][PASSED] - data = findTestData("PlanFact"): null

18-10-2024T05:54:23 - [TEST_STEP][PASSED] - n = data.getRowNumbers() + 1: null

18-10-2024T05:54:23 - [TEST_STEP][PASSED] - period = getText(findTestObject("Выручка в рублях/Фильтр Период")): Text of object 'Object Repository/Выручка в рублях/Фильтр Период' is: 'Июль, Август и 1, 2 кв. 2024 года'

18-10-2024T05:54:23 - [MESSAGE][PASSED] - Text of object 'Object Repository/Выручка в рублях/Фильтр Период' is: 'Июль, Август и 1, 2 кв. 2024 года'

18-10-2024T05:54:23 - [TEST_STEP][PASSED] - println(period): null

18-10-2024T05:54:23 - [TEST_STEP][PASSED] - dashboardName = "Выручка в рублях": null

18-10-2024T05:54:23 - [TEST_STEP][PASSED] - workbook01 = getWorkbook(excelFilePath): null

18-10-2024T05:54:23 - [TEST_STEP][PASSED] - sheet01 = getExcelSheet(workbook01, sheetName): null

18-10-2024T05:54:23 - [TEST_STEP][PASSED] - setValueToCellByIndex(sheet01, n, 0, dashboardName): null

18-10-2024T05:54:23 - [TEST_STEP][PASSED] - setValueToCellByIndex(sheet01, n, 1, dZO): null

18-10-2024T05:54:23 - [TEST_STEP][PASSED] - setValueToCellByIndex(sheet01, n, 2, vidget): null

18-10-2024T05:54:23 - [TEST_STEP][PASSED] - setValueToCellByIndex(sheet01, n, 3, viruchka): null

18-10-2024T05:54:23 - [TEST_STEP][PASSED] - setValueToCellByIndex(sheet01, n, 4, typeOfData): null

18-10-2024T05:54:23 - [TEST_STEP][PASSED] - if (a == null): null

18-10-2024T05:54:23 - [TEST_STEP][PASSED] - else: null

18-10-2024T05:54:23 - [TEST_STEP][PASSED] - setValueToCellByIndex(sheet01, n, 5, a): null

18-10-2024T05:54:23 - [TEST_STEP][PASSED] - if (b == null): null

18-10-2024T05:54:23 - [TEST_STEP][PASSED] - else: null

18-10-2024T05:54:23 - [TEST_STEP][PASSED] - setValueToCellByIndex(sheet01, n, 6, b): null

18-10-2024T05:54:23 - [TEST_STEP][PASSED] - setValueToCellByIndex(sheet01, n, 7, period): null

18-10-2024T05:54:23 - [TEST_STEP][PASSED] - setValueToCellByIndex(sheet01, n, 8, todaysDate): null

18-10-2024T05:54:23 - [TEST_STEP][PASSED] - n = n + 1: null

18-10-2024T05:54:23 - [TEST_STEP][PASSED] - saveWorkbook(excelFilePath, workbook01): null

18-10-2024T05:54:23 - [TEST_STEP][PASSED] - dZO = "Россети Кубань": null

18-10-2024T05:54:23 - [TEST_STEP][FAILED] - if (verifyEqual(a34, b34) == false): null

18-10-2024T05:54:23 - [MESSAGE][FAILED] - Unable to verify equal between actual object '-47.01' and expected object '5.99' (Root cause: com.kms.katalon.core.exception.StepFailedException: Actual object '-47.01' and expected object '5.99' are not equal
	at com.kms.katalon.core.keyword.builtin.VerifyEqualKeyword$_verifyEqual_closure1.doCall(VerifyEqualKeyword.groovy:58)
	at com.kms.katalon.core.keyword.builtin.VerifyEqualKeyword$_verifyEqual_closure1.call(VerifyEqualKeyword.groovy)
	at com.kms.katalon.core.keyword.internal.KeywordMain.runKeyword(KeywordMain.groovy:75)
	at com.kms.katalon.core.keyword.builtin.VerifyEqualKeyword.verifyEqual(VerifyEqualKeyword.groovy:63)
	at com.kms.katalon.core.keyword.builtin.VerifyEqualKeyword.execute(VerifyEqualKeyword.groovy:44)
	at com.kms.katalon.core.keyword.internal.KeywordExecutor.executeKeywordForPlatform(KeywordExecutor.groovy:74)
	at com.kms.katalon.core.keyword.BuiltinKeywords.verifyEqual(BuiltinKeywords.groovy:146)
	at jdk.internal.reflect.GeneratedMethodAccessor21.invoke(Unknown Source)
	at java.base/jdk.internal.reflect.DelegatingMethodAccessorImpl.invoke(DelegatingMethodAccessorImpl.java:43)
	at Выручка в рублях сверка дашбордов ПАО Россети.Blocks(Выручка в рублях сверка дашбордов ПАО Россети:397)
	at Выручка в рублях сверка дашбордов ПАО Россети.ViruchkaChange(Выручка в рублях сверка дашбордов ПАО Россети:60)
	at Выручка в рублях сверка дашбордов ПАО Россети.run(Выручка в рублях сверка дашбордов ПАО Россети:55)
	at com.kms.katalon.core.main.ScriptEngine.run(ScriptEngine.java:194)
	at com.kms.katalon.core.main.ScriptEngine.runScriptAsRawText(ScriptEngine.java:119)
	at com.kms.katalon.core.main.TestCaseExecutor.runScript(TestCaseExecutor.java:448)
	at com.kms.katalon.core.main.TestCaseExecutor.doExecute(TestCaseExecutor.java:439)
	at com.kms.katalon.core.main.TestCaseExecutor.processExecutionPhase(TestCaseExecutor.java:418)
	at com.kms.katalon.core.main.TestCaseExecutor.accessMainPhase(TestCaseExecutor.java:410)
	at com.kms.katalon.core.main.TestCaseExecutor.execute(TestCaseExecutor.java:285)
	at com.kms.katalon.core.common.CommonExecutor.accessTestCaseMainPhase(CommonExecutor.java:65)
	at com.kms.katalon.core.main.TestSuiteExecutor.accessTestSuiteMainPhase(TestSuiteExecutor.java:150)
	at com.kms.katalon.core.main.TestSuiteExecutor.execute(TestSuiteExecutor.java:106)
	at com.kms.katalon.core.main.TestCaseMain.startTestSuite(TestCaseMain.java:180)
	at TempTestSuite1729215855985.run(TempTestSuite1729215855985.groovy:35)
	at java.base/jdk.internal.reflect.NativeMethodAccessorImpl.invoke0(Native Method)
	at java.base/jdk.internal.reflect.NativeMethodAccessorImpl.invoke(NativeMethodAccessorImpl.java:77)
	at java.base/jdk.internal.reflect.DelegatingMethodAccessorImpl.invoke(DelegatingMethodAccessorImpl.java:43)
)

18-10-2024T05:54:23 - [TEST_STEP][PASSED] - a = a34.toDouble(): null

18-10-2024T05:54:23 - [TEST_STEP][PASSED] - b = b34.toDouble(): null

18-10-2024T05:54:23 - [TEST_STEP][PASSED] - Script1710234207206.WriteToExcel(todaysDate, run, vir, block, typeOfData, viruchka, vidget, nameOfBlock, a, b, dZO): null

18-10-2024T05:54:23 - [TEST_STEP][PASSED] - println(run): null

18-10-2024T05:54:23 - [TEST_STEP][PASSED] - if (run == 1): null

18-10-2024T05:54:23 - [TEST_STEP][PASSED] - else if (run == 2): null

18-10-2024T05:54:23 - [TEST_STEP][PASSED] - typeOfData = "Проценты": null

18-10-2024T05:54:23 - [TEST_STEP][PASSED] - println("todaysDate:" + todaysDate): null

18-10-2024T05:54:23 - [TEST_STEP][PASSED] - println("typeOfData:" + typeOfData): null

18-10-2024T05:54:23 - [TEST_STEP][PASSED] - viruchka = getText(findTestObject("Выручка в рублях/Фильтр Выручка" + nameOfBlock)): Text of object 'Object Repository/Выручка в рублях/Фильтр Выручка Выручка' is: 'ПЕРЕДАЧА ЭЛЕКТРОЭНЕРГИИ (ИТОГО, по всем видам тарифа)'

18-10-2024T05:54:24 - [MESSAGE][PASSED] - Text of object 'Object Repository/Выручка в рублях/Фильтр Выручка Выручка' is: 'ПЕРЕДАЧА ЭЛЕКТРОЭНЕРГИИ (ИТОГО, по всем видам тарифа)'

18-10-2024T05:54:24 - [TEST_STEP][PASSED] - println("viruchka" + viruchka): null

18-10-2024T05:54:24 - [TEST_STEP][PASSED] - println("vidget" + vidget): null

18-10-2024T05:54:24 - [TEST_STEP][PASSED] - println("a" + a): null

18-10-2024T05:54:24 - [TEST_STEP][PASSED] - println("b" + b): null

18-10-2024T05:54:24 - [TEST_STEP][PASSED] - sheetName = "Sheet1": null

18-10-2024T05:54:24 - [TEST_STEP][PASSED] - data = findTestData("PlanFact"): null

18-10-2024T05:54:24 - [TEST_STEP][PASSED] - n = data.getRowNumbers() + 1: null

18-10-2024T05:54:24 - [TEST_STEP][PASSED] - period = getText(findTestObject("Выручка в рублях/Фильтр Период")): Text of object 'Object Repository/Выручка в рублях/Фильтр Период' is: 'Июль, Август и 1, 2 кв. 2024 года'

18-10-2024T05:54:24 - [MESSAGE][PASSED] - Text of object 'Object Repository/Выручка в рублях/Фильтр Период' is: 'Июль, Август и 1, 2 кв. 2024 года'

18-10-2024T05:54:24 - [TEST_STEP][PASSED] - println(period): null

18-10-2024T05:54:24 - [TEST_STEP][PASSED] - dashboardName = "Выручка в рублях": null

18-10-2024T05:54:24 - [TEST_STEP][PASSED] - workbook01 = getWorkbook(excelFilePath): null

18-10-2024T05:54:24 - [TEST_STEP][PASSED] - sheet01 = getExcelSheet(workbook01, sheetName): null

18-10-2024T05:54:24 - [TEST_STEP][PASSED] - setValueToCellByIndex(sheet01, n, 0, dashboardName): null

18-10-2024T05:54:24 - [TEST_STEP][PASSED] - setValueToCellByIndex(sheet01, n, 1, dZO): null

18-10-2024T05:54:24 - [TEST_STEP][PASSED] - setValueToCellByIndex(sheet01, n, 2, vidget): null

18-10-2024T05:54:24 - [TEST_STEP][PASSED] - setValueToCellByIndex(sheet01, n, 3, viruchka): null

18-10-2024T05:54:24 - [TEST_STEP][PASSED] - setValueToCellByIndex(sheet01, n, 4, typeOfData): null

18-10-2024T05:54:24 - [TEST_STEP][PASSED] - if (a == null): null

18-10-2024T05:54:24 - [TEST_STEP][PASSED] - else: null

18-10-2024T05:54:24 - [TEST_STEP][PASSED] - setValueToCellByIndex(sheet01, n, 5, a): null

18-10-2024T05:54:24 - [TEST_STEP][PASSED] - if (b == null): null

18-10-2024T05:54:24 - [TEST_STEP][PASSED] - else: null

18-10-2024T05:54:24 - [TEST_STEP][PASSED] - setValueToCellByIndex(sheet01, n, 6, b): null

18-10-2024T05:54:24 - [TEST_STEP][PASSED] - setValueToCellByIndex(sheet01, n, 7, period): null

18-10-2024T05:54:24 - [TEST_STEP][PASSED] - setValueToCellByIndex(sheet01, n, 8, todaysDate): null

18-10-2024T05:54:24 - [TEST_STEP][PASSED] - n = n + 1: null

18-10-2024T05:54:24 - [TEST_STEP][PASSED] - saveWorkbook(excelFilePath, workbook01): null

18-10-2024T05:54:24 - [TEST_STEP][PASSED] - dZO = "Россети Ленэнерго (ГК)": null

18-10-2024T05:54:24 - [TEST_STEP][FAILED] - if (verifyEqual(a35, b35) == false): null

18-10-2024T05:54:24 - [MESSAGE][FAILED] - Unable to verify equal between actual object '-47.21' and expected object '5.58' (Root cause: com.kms.katalon.core.exception.StepFailedException: Actual object '-47.21' and expected object '5.58' are not equal
	at com.kms.katalon.core.keyword.builtin.VerifyEqualKeyword$_verifyEqual_closure1.doCall(VerifyEqualKeyword.groovy:58)
	at com.kms.katalon.core.keyword.builtin.VerifyEqualKeyword$_verifyEqual_closure1.call(VerifyEqualKeyword.groovy)
	at com.kms.katalon.core.keyword.internal.KeywordMain.runKeyword(KeywordMain.groovy:75)
	at com.kms.katalon.core.keyword.builtin.VerifyEqualKeyword.verifyEqual(VerifyEqualKeyword.groovy:63)
	at com.kms.katalon.core.keyword.builtin.VerifyEqualKeyword.execute(VerifyEqualKeyword.groovy:44)
	at com.kms.katalon.core.keyword.internal.KeywordExecutor.executeKeywordForPlatform(KeywordExecutor.groovy:74)
	at com.kms.katalon.core.keyword.BuiltinKeywords.verifyEqual(BuiltinKeywords.groovy:146)
	at jdk.internal.reflect.GeneratedMethodAccessor21.invoke(Unknown Source)
	at java.base/jdk.internal.reflect.DelegatingMethodAccessorImpl.invoke(DelegatingMethodAccessorImpl.java:43)
	at Выручка в рублях сверка дашбордов ПАО Россети.Blocks(Выручка в рублях сверка дашбордов ПАО Россети:407)
	at Выручка в рублях сверка дашбордов ПАО Россети.ViruchkaChange(Выручка в рублях сверка дашбордов ПАО Россети:60)
	at Выручка в рублях сверка дашбордов ПАО Россети.run(Выручка в рублях сверка дашбордов ПАО Россети:55)
	at com.kms.katalon.core.main.ScriptEngine.run(ScriptEngine.java:194)
	at com.kms.katalon.core.main.ScriptEngine.runScriptAsRawText(ScriptEngine.java:119)
	at com.kms.katalon.core.main.TestCaseExecutor.runScript(TestCaseExecutor.java:448)
	at com.kms.katalon.core.main.TestCaseExecutor.doExecute(TestCaseExecutor.java:439)
	at com.kms.katalon.core.main.TestCaseExecutor.processExecutionPhase(TestCaseExecutor.java:418)
	at com.kms.katalon.core.main.TestCaseExecutor.accessMainPhase(TestCaseExecutor.java:410)
	at com.kms.katalon.core.main.TestCaseExecutor.execute(TestCaseExecutor.java:285)
	at com.kms.katalon.core.common.CommonExecutor.accessTestCaseMainPhase(CommonExecutor.java:65)
	at com.kms.katalon.core.main.TestSuiteExecutor.accessTestSuiteMainPhase(TestSuiteExecutor.java:150)
	at com.kms.katalon.core.main.TestSuiteExecutor.execute(TestSuiteExecutor.java:106)
	at com.kms.katalon.core.main.TestCaseMain.startTestSuite(TestCaseMain.java:180)
	at TempTestSuite1729215855985.run(TempTestSuite1729215855985.groovy:35)
	at java.base/jdk.internal.reflect.NativeMethodAccessorImpl.invoke0(Native Method)
	at java.base/jdk.internal.reflect.NativeMethodAccessorImpl.invoke(NativeMethodAccessorImpl.java:77)
	at java.base/jdk.internal.reflect.DelegatingMethodAccessorImpl.invoke(DelegatingMethodAccessorImpl.java:43)
)

18-10-2024T05:54:24 - [TEST_STEP][PASSED] - a = a35.toDouble(): null

18-10-2024T05:54:24 - [TEST_STEP][PASSED] - b = b35.toDouble(): null

18-10-2024T05:54:24 - [TEST_STEP][PASSED] - Script1710234207206.WriteToExcel(todaysDate, run, vir, block, typeOfData, viruchka, vidget, nameOfBlock, a, b, dZO): null

18-10-2024T05:54:24 - [TEST_STEP][PASSED] - println(run): null

18-10-2024T05:54:24 - [TEST_STEP][PASSED] - if (run == 1): null

18-10-2024T05:54:24 - [TEST_STEP][PASSED] - else if (run == 2): null

18-10-2024T05:54:24 - [TEST_STEP][PASSED] - typeOfData = "Проценты": null

18-10-2024T05:54:24 - [TEST_STEP][PASSED] - println("todaysDate:" + todaysDate): null

18-10-2024T05:54:24 - [TEST_STEP][PASSED] - println("typeOfData:" + typeOfData): null

18-10-2024T05:54:24 - [TEST_STEP][PASSED] - viruchka = getText(findTestObject("Выручка в рублях/Фильтр Выручка" + nameOfBlock)): Text of object 'Object Repository/Выручка в рублях/Фильтр Выручка Выручка' is: 'ПЕРЕДАЧА ЭЛЕКТРОЭНЕРГИИ (ИТОГО, по всем видам тарифа)'

18-10-2024T05:54:25 - [MESSAGE][PASSED] - Text of object 'Object Repository/Выручка в рублях/Фильтр Выручка Выручка' is: 'ПЕРЕДАЧА ЭЛЕКТРОЭНЕРГИИ (ИТОГО, по всем видам тарифа)'

18-10-2024T05:54:25 - [TEST_STEP][PASSED] - println("viruchka" + viruchka): null

18-10-2024T05:54:25 - [TEST_STEP][PASSED] - println("vidget" + vidget): null

18-10-2024T05:54:25 - [TEST_STEP][PASSED] - println("a" + a): null

18-10-2024T05:54:25 - [TEST_STEP][PASSED] - println("b" + b): null

18-10-2024T05:54:25 - [TEST_STEP][PASSED] - sheetName = "Sheet1": null

18-10-2024T05:54:25 - [TEST_STEP][PASSED] - data = findTestData("PlanFact"): null

18-10-2024T05:54:25 - [TEST_STEP][PASSED] - n = data.getRowNumbers() + 1: null

18-10-2024T05:54:25 - [TEST_STEP][PASSED] - period = getText(findTestObject("Выручка в рублях/Фильтр Период")): Text of object 'Object Repository/Выручка в рублях/Фильтр Период' is: 'Июль, Август и 1, 2 кв. 2024 года'

18-10-2024T05:54:25 - [MESSAGE][PASSED] - Text of object 'Object Repository/Выручка в рублях/Фильтр Период' is: 'Июль, Август и 1, 2 кв. 2024 года'

18-10-2024T05:54:25 - [TEST_STEP][PASSED] - println(period): null

18-10-2024T05:54:25 - [TEST_STEP][PASSED] - dashboardName = "Выручка в рублях": null

18-10-2024T05:54:25 - [TEST_STEP][PASSED] - workbook01 = getWorkbook(excelFilePath): null

18-10-2024T05:54:25 - [TEST_STEP][PASSED] - sheet01 = getExcelSheet(workbook01, sheetName): null

18-10-2024T05:54:25 - [TEST_STEP][PASSED] - setValueToCellByIndex(sheet01, n, 0, dashboardName): null

18-10-2024T05:54:25 - [TEST_STEP][PASSED] - setValueToCellByIndex(sheet01, n, 1, dZO): null

18-10-2024T05:54:25 - [TEST_STEP][PASSED] - setValueToCellByIndex(sheet01, n, 2, vidget): null

18-10-2024T05:54:25 - [TEST_STEP][PASSED] - setValueToCellByIndex(sheet01, n, 3, viruchka): null

18-10-2024T05:54:25 - [TEST_STEP][PASSED] - setValueToCellByIndex(sheet01, n, 4, typeOfData): null

18-10-2024T05:54:25 - [TEST_STEP][PASSED] - if (a == null): null

18-10-2024T05:54:25 - [TEST_STEP][PASSED] - else: null

18-10-2024T05:54:25 - [TEST_STEP][PASSED] - setValueToCellByIndex(sheet01, n, 5, a): null

18-10-2024T05:54:25 - [TEST_STEP][PASSED] - if (b == null): null

18-10-2024T05:54:25 - [TEST_STEP][PASSED] - else: null

18-10-2024T05:54:25 - [TEST_STEP][PASSED] - setValueToCellByIndex(sheet01, n, 6, b): null

18-10-2024T05:54:25 - [TEST_STEP][PASSED] - setValueToCellByIndex(sheet01, n, 7, period): null

18-10-2024T05:54:25 - [TEST_STEP][PASSED] - setValueToCellByIndex(sheet01, n, 8, todaysDate): null

18-10-2024T05:54:25 - [TEST_STEP][PASSED] - n = n + 1: null

18-10-2024T05:54:25 - [TEST_STEP][PASSED] - saveWorkbook(excelFilePath, workbook01): null

18-10-2024T05:54:25 - [TEST_STEP][PASSED] - dZO = "Россети Московский регион": null

18-10-2024T05:54:25 - [TEST_STEP][PASSED] - if (verifyEqual(a36, b36) == false): Actual object '5.03' and expected object '5.03' are equal

18-10-2024T05:54:25 - [MESSAGE][PASSED] - Actual object '5.03' and expected object '5.03' are equal

18-10-2024T05:54:25 - [TEST_STEP][PASSED] - dZO = "Россети Северный Кавказ (ГК)": null

18-10-2024T05:54:25 - [TEST_STEP][FAILED] - if (verifyEqual(a37, b37) == false): null

18-10-2024T05:54:25 - [MESSAGE][FAILED] - Unable to verify equal between actual object '-48.91' and expected object '2.55' (Root cause: com.kms.katalon.core.exception.StepFailedException: Actual object '-48.91' and expected object '2.55' are not equal
	at com.kms.katalon.core.keyword.builtin.VerifyEqualKeyword$_verifyEqual_closure1.doCall(VerifyEqualKeyword.groovy:58)
	at com.kms.katalon.core.keyword.builtin.VerifyEqualKeyword$_verifyEqual_closure1.call(VerifyEqualKeyword.groovy)
	at com.kms.katalon.core.keyword.internal.KeywordMain.runKeyword(KeywordMain.groovy:75)
	at com.kms.katalon.core.keyword.builtin.VerifyEqualKeyword.verifyEqual(VerifyEqualKeyword.groovy:63)
	at com.kms.katalon.core.keyword.builtin.VerifyEqualKeyword.execute(VerifyEqualKeyword.groovy:44)
	at com.kms.katalon.core.keyword.internal.KeywordExecutor.executeKeywordForPlatform(KeywordExecutor.groovy:74)
	at com.kms.katalon.core.keyword.BuiltinKeywords.verifyEqual(BuiltinKeywords.groovy:146)
	at jdk.internal.reflect.GeneratedMethodAccessor21.invoke(Unknown Source)
	at java.base/jdk.internal.reflect.DelegatingMethodAccessorImpl.invoke(DelegatingMethodAccessorImpl.java:43)
	at Выручка в рублях сверка дашбордов ПАО Россети.Blocks(Выручка в рублях сверка дашбордов ПАО Россети:427)
	at Выручка в рублях сверка дашбордов ПАО Россети.ViruchkaChange(Выручка в рублях сверка дашбордов ПАО Россети:60)
	at Выручка в рублях сверка дашбордов ПАО Россети.run(Выручка в рублях сверка дашбордов ПАО Россети:55)
	at com.kms.katalon.core.main.ScriptEngine.run(ScriptEngine.java:194)
	at com.kms.katalon.core.main.ScriptEngine.runScriptAsRawText(ScriptEngine.java:119)
	at com.kms.katalon.core.main.TestCaseExecutor.runScript(TestCaseExecutor.java:448)
	at com.kms.katalon.core.main.TestCaseExecutor.doExecute(TestCaseExecutor.java:439)
	at com.kms.katalon.core.main.TestCaseExecutor.processExecutionPhase(TestCaseExecutor.java:418)
	at com.kms.katalon.core.main.TestCaseExecutor.accessMainPhase(TestCaseExecutor.java:410)
	at com.kms.katalon.core.main.TestCaseExecutor.execute(TestCaseExecutor.java:285)
	at com.kms.katalon.core.common.CommonExecutor.accessTestCaseMainPhase(CommonExecutor.java:65)
	at com.kms.katalon.core.main.TestSuiteExecutor.accessTestSuiteMainPhase(TestSuiteExecutor.java:150)
	at com.kms.katalon.core.main.TestSuiteExecutor.execute(TestSuiteExecutor.java:106)
	at com.kms.katalon.core.main.TestCaseMain.startTestSuite(TestCaseMain.java:180)
	at TempTestSuite1729215855985.run(TempTestSuite1729215855985.groovy:35)
	at java.base/jdk.internal.reflect.NativeMethodAccessorImpl.invoke0(Native Method)
	at java.base/jdk.internal.reflect.NativeMethodAccessorImpl.invoke(NativeMethodAccessorImpl.java:77)
	at java.base/jdk.internal.reflect.DelegatingMethodAccessorImpl.invoke(DelegatingMethodAccessorImpl.java:43)
)

18-10-2024T05:54:25 - [TEST_STEP][PASSED] - a = a37.toDouble(): null

18-10-2024T05:54:25 - [TEST_STEP][PASSED] - b = b37.toDouble(): null

18-10-2024T05:54:25 - [TEST_STEP][PASSED] - Script1710234207206.WriteToExcel(todaysDate, run, vir, block, typeOfData, viruchka, vidget, nameOfBlock, a, b, dZO): null

18-10-2024T05:54:25 - [TEST_STEP][PASSED] - println(run): null

18-10-2024T05:54:25 - [TEST_STEP][PASSED] - if (run == 1): null

18-10-2024T05:54:25 - [TEST_STEP][PASSED] - else if (run == 2): null

18-10-2024T05:54:25 - [TEST_STEP][PASSED] - typeOfData = "Проценты": null

18-10-2024T05:54:25 - [TEST_STEP][PASSED] - println("todaysDate:" + todaysDate): null

18-10-2024T05:54:25 - [TEST_STEP][PASSED] - println("typeOfData:" + typeOfData): null

18-10-2024T05:54:25 - [TEST_STEP][PASSED] - viruchka = getText(findTestObject("Выручка в рублях/Фильтр Выручка" + nameOfBlock)): Text of object 'Object Repository/Выручка в рублях/Фильтр Выручка Выручка' is: 'ПЕРЕДАЧА ЭЛЕКТРОЭНЕРГИИ (ИТОГО, по всем видам тарифа)'

18-10-2024T05:54:26 - [MESSAGE][PASSED] - Text of object 'Object Repository/Выручка в рублях/Фильтр Выручка Выручка' is: 'ПЕРЕДАЧА ЭЛЕКТРОЭНЕРГИИ (ИТОГО, по всем видам тарифа)'

18-10-2024T05:54:26 - [TEST_STEP][PASSED] - println("viruchka" + viruchka): null

18-10-2024T05:54:26 - [TEST_STEP][PASSED] - println("vidget" + vidget): null

18-10-2024T05:54:26 - [TEST_STEP][PASSED] - println("a" + a): null

18-10-2024T05:54:26 - [TEST_STEP][PASSED] - println("b" + b): null

18-10-2024T05:54:26 - [TEST_STEP][PASSED] - sheetName = "Sheet1": null

18-10-2024T05:54:26 - [TEST_STEP][PASSED] - data = findTestData("PlanFact"): null

18-10-2024T05:54:26 - [TEST_STEP][PASSED] - n = data.getRowNumbers() + 1: null

18-10-2024T05:54:26 - [TEST_STEP][PASSED] - period = getText(findTestObject("Выручка в рублях/Фильтр Период")): Text of object 'Object Repository/Выручка в рублях/Фильтр Период' is: 'Июль, Август и 1, 2 кв. 2024 года'

18-10-2024T05:54:26 - [MESSAGE][PASSED] - Text of object 'Object Repository/Выручка в рублях/Фильтр Период' is: 'Июль, Август и 1, 2 кв. 2024 года'

18-10-2024T05:54:26 - [TEST_STEP][PASSED] - println(period): null

18-10-2024T05:54:26 - [TEST_STEP][PASSED] - dashboardName = "Выручка в рублях": null

18-10-2024T05:54:26 - [TEST_STEP][PASSED] - workbook01 = getWorkbook(excelFilePath): null

18-10-2024T05:54:26 - [TEST_STEP][PASSED] - sheet01 = getExcelSheet(workbook01, sheetName): null

18-10-2024T05:54:26 - [TEST_STEP][PASSED] - setValueToCellByIndex(sheet01, n, 0, dashboardName): null

18-10-2024T05:54:26 - [TEST_STEP][PASSED] - setValueToCellByIndex(sheet01, n, 1, dZO): null

18-10-2024T05:54:26 - [TEST_STEP][PASSED] - setValueToCellByIndex(sheet01, n, 2, vidget): null

18-10-2024T05:54:26 - [TEST_STEP][PASSED] - setValueToCellByIndex(sheet01, n, 3, viruchka): null

18-10-2024T05:54:26 - [TEST_STEP][PASSED] - setValueToCellByIndex(sheet01, n, 4, typeOfData): null

18-10-2024T05:54:26 - [TEST_STEP][PASSED] - if (a == null): null

18-10-2024T05:54:26 - [TEST_STEP][PASSED] - else: null

18-10-2024T05:54:26 - [TEST_STEP][PASSED] - setValueToCellByIndex(sheet01, n, 5, a): null

18-10-2024T05:54:26 - [TEST_STEP][PASSED] - if (b == null): null

18-10-2024T05:54:26 - [TEST_STEP][PASSED] - else: null

18-10-2024T05:54:26 - [TEST_STEP][PASSED] - setValueToCellByIndex(sheet01, n, 6, b): null

18-10-2024T05:54:26 - [TEST_STEP][PASSED] - setValueToCellByIndex(sheet01, n, 7, period): null

18-10-2024T05:54:26 - [TEST_STEP][PASSED] - setValueToCellByIndex(sheet01, n, 8, todaysDate): null

18-10-2024T05:54:26 - [TEST_STEP][PASSED] - n = n + 1: null

18-10-2024T05:54:26 - [TEST_STEP][PASSED] - saveWorkbook(excelFilePath, workbook01): null

18-10-2024T05:54:26 - [TEST_STEP][PASSED] - dZO = "Россети Северо-Запад": null

18-10-2024T05:54:26 - [TEST_STEP][PASSED] - if (verifyEqual(a38, b38) == false): Actual object '2.9' and expected object '2.9' are equal

18-10-2024T05:54:26 - [MESSAGE][PASSED] - Actual object '2.9' and expected object '2.9' are equal

18-10-2024T05:54:26 - [TEST_STEP][PASSED] - dZO = "Россети Сибирь (ГК)": null

18-10-2024T05:54:26 - [TEST_STEP][PASSED] - if (verifyEqual(a39, b39) == false): Actual object '4.21' and expected object '4.21' are equal

18-10-2024T05:54:26 - [MESSAGE][PASSED] - Actual object '4.21' and expected object '4.21' are equal

18-10-2024T05:54:26 - [TEST_STEP][PASSED] - dZO = "Россети Томск": null

18-10-2024T05:54:26 - [TEST_STEP][FAILED] - if (verifyEqual(a310, b310) == false): null

18-10-2024T05:54:26 - [MESSAGE][FAILED] - Unable to verify equal between actual object '-48.15' and expected object '3.71' (Root cause: com.kms.katalon.core.exception.StepFailedException: Actual object '-48.15' and expected object '3.71' are not equal
	at com.kms.katalon.core.keyword.builtin.VerifyEqualKeyword$_verifyEqual_closure1.doCall(VerifyEqualKeyword.groovy:58)
	at com.kms.katalon.core.keyword.builtin.VerifyEqualKeyword$_verifyEqual_closure1.call(VerifyEqualKeyword.groovy)
	at com.kms.katalon.core.keyword.internal.KeywordMain.runKeyword(KeywordMain.groovy:75)
	at com.kms.katalon.core.keyword.builtin.VerifyEqualKeyword.verifyEqual(VerifyEqualKeyword.groovy:63)
	at com.kms.katalon.core.keyword.builtin.VerifyEqualKeyword.execute(VerifyEqualKeyword.groovy:44)
	at com.kms.katalon.core.keyword.internal.KeywordExecutor.executeKeywordForPlatform(KeywordExecutor.groovy:74)
	at com.kms.katalon.core.keyword.BuiltinKeywords.verifyEqual(BuiltinKeywords.groovy:146)
	at jdk.internal.reflect.GeneratedMethodAccessor21.invoke(Unknown Source)
	at java.base/jdk.internal.reflect.DelegatingMethodAccessorImpl.invoke(DelegatingMethodAccessorImpl.java:43)
	at Выручка в рублях сверка дашбордов ПАО Россети.Blocks(Выручка в рублях сверка дашбордов ПАО Россети:457)
	at Выручка в рублях сверка дашбордов ПАО Россети.ViruchkaChange(Выручка в рублях сверка дашбордов ПАО Россети:60)
	at Выручка в рублях сверка дашбордов ПАО Россети.run(Выручка в рублях сверка дашбордов ПАО Россети:55)
	at com.kms.katalon.core.main.ScriptEngine.run(ScriptEngine.java:194)
	at com.kms.katalon.core.main.ScriptEngine.runScriptAsRawText(ScriptEngine.java:119)
	at com.kms.katalon.core.main.TestCaseExecutor.runScript(TestCaseExecutor.java:448)
	at com.kms.katalon.core.main.TestCaseExecutor.doExecute(TestCaseExecutor.java:439)
	at com.kms.katalon.core.main.TestCaseExecutor.processExecutionPhase(TestCaseExecutor.java:418)
	at com.kms.katalon.core.main.TestCaseExecutor.accessMainPhase(TestCaseExecutor.java:410)
	at com.kms.katalon.core.main.TestCaseExecutor.execute(TestCaseExecutor.java:285)
	at com.kms.katalon.core.common.CommonExecutor.accessTestCaseMainPhase(CommonExecutor.java:65)
	at com.kms.katalon.core.main.TestSuiteExecutor.accessTestSuiteMainPhase(TestSuiteExecutor.java:150)
	at com.kms.katalon.core.main.TestSuiteExecutor.execute(TestSuiteExecutor.java:106)
	at com.kms.katalon.core.main.TestCaseMain.startTestSuite(TestCaseMain.java:180)
	at TempTestSuite1729215855985.run(TempTestSuite1729215855985.groovy:35)
	at java.base/jdk.internal.reflect.NativeMethodAccessorImpl.invoke0(Native Method)
	at java.base/jdk.internal.reflect.NativeMethodAccessorImpl.invoke(NativeMethodAccessorImpl.java:77)
	at java.base/jdk.internal.reflect.DelegatingMethodAccessorImpl.invoke(DelegatingMethodAccessorImpl.java:43)
)

18-10-2024T05:54:26 - [TEST_STEP][PASSED] - a = a310.toDouble(): null

18-10-2024T05:54:26 - [TEST_STEP][PASSED] - b = b310.toDouble(): null

18-10-2024T05:54:26 - [TEST_STEP][PASSED] - Script1710234207206.WriteToExcel(todaysDate, run, vir, block, typeOfData, viruchka, vidget, nameOfBlock, a, b, dZO): null

18-10-2024T05:54:26 - [TEST_STEP][PASSED] - println(run): null

18-10-2024T05:54:26 - [TEST_STEP][PASSED] - if (run == 1): null

18-10-2024T05:54:26 - [TEST_STEP][PASSED] - else if (run == 2): null

18-10-2024T05:54:26 - [TEST_STEP][PASSED] - typeOfData = "Проценты": null

18-10-2024T05:54:26 - [TEST_STEP][PASSED] - println("todaysDate:" + todaysDate): null

18-10-2024T05:54:26 - [TEST_STEP][PASSED] - println("typeOfData:" + typeOfData): null

18-10-2024T05:54:26 - [TEST_STEP][PASSED] - viruchka = getText(findTestObject("Выручка в рублях/Фильтр Выручка" + nameOfBlock)): Text of object 'Object Repository/Выручка в рублях/Фильтр Выручка Выручка' is: 'ПЕРЕДАЧА ЭЛЕКТРОЭНЕРГИИ (ИТОГО, по всем видам тарифа)'

18-10-2024T05:54:27 - [MESSAGE][PASSED] - Text of object 'Object Repository/Выручка в рублях/Фильтр Выручка Выручка' is: 'ПЕРЕДАЧА ЭЛЕКТРОЭНЕРГИИ (ИТОГО, по всем видам тарифа)'

18-10-2024T05:54:27 - [TEST_STEP][PASSED] - println("viruchka" + viruchka): null

18-10-2024T05:54:27 - [TEST_STEP][PASSED] - println("vidget" + vidget): null

18-10-2024T05:54:27 - [TEST_STEP][PASSED] - println("a" + a): null

18-10-2024T05:54:27 - [TEST_STEP][PASSED] - println("b" + b): null

18-10-2024T05:54:27 - [TEST_STEP][PASSED] - sheetName = "Sheet1": null

18-10-2024T05:54:27 - [TEST_STEP][PASSED] - data = findTestData("PlanFact"): null

18-10-2024T05:54:27 - [TEST_STEP][PASSED] - n = data.getRowNumbers() + 1: null

18-10-2024T05:54:27 - [TEST_STEP][PASSED] - period = getText(findTestObject("Выручка в рублях/Фильтр Период")): Text of object 'Object Repository/Выручка в рублях/Фильтр Период' is: 'Июль, Август и 1, 2 кв. 2024 года'

18-10-2024T05:54:27 - [MESSAGE][PASSED] - Text of object 'Object Repository/Выручка в рублях/Фильтр Период' is: 'Июль, Август и 1, 2 кв. 2024 года'

18-10-2024T05:54:27 - [TEST_STEP][PASSED] - println(period): null

18-10-2024T05:54:27 - [TEST_STEP][PASSED] - dashboardName = "Выручка в рублях": null

18-10-2024T05:54:27 - [TEST_STEP][PASSED] - workbook01 = getWorkbook(excelFilePath): null

18-10-2024T05:54:27 - [TEST_STEP][PASSED] - sheet01 = getExcelSheet(workbook01, sheetName): null

18-10-2024T05:54:27 - [TEST_STEP][PASSED] - setValueToCellByIndex(sheet01, n, 0, dashboardName): null

18-10-2024T05:54:27 - [TEST_STEP][PASSED] - setValueToCellByIndex(sheet01, n, 1, dZO): null

18-10-2024T05:54:27 - [TEST_STEP][PASSED] - setValueToCellByIndex(sheet01, n, 2, vidget): null

18-10-2024T05:54:27 - [TEST_STEP][PASSED] - setValueToCellByIndex(sheet01, n, 3, viruchka): null

18-10-2024T05:54:27 - [TEST_STEP][PASSED] - setValueToCellByIndex(sheet01, n, 4, typeOfData): null

18-10-2024T05:54:27 - [TEST_STEP][PASSED] - if (a == null): null

18-10-2024T05:54:27 - [TEST_STEP][PASSED] - else: null

18-10-2024T05:54:27 - [TEST_STEP][PASSED] - setValueToCellByIndex(sheet01, n, 5, a): null

18-10-2024T05:54:27 - [TEST_STEP][PASSED] - if (b == null): null

18-10-2024T05:54:27 - [TEST_STEP][PASSED] - else: null

18-10-2024T05:54:27 - [TEST_STEP][PASSED] - setValueToCellByIndex(sheet01, n, 6, b): null

18-10-2024T05:54:27 - [TEST_STEP][PASSED] - setValueToCellByIndex(sheet01, n, 7, period): null

18-10-2024T05:54:27 - [TEST_STEP][PASSED] - setValueToCellByIndex(sheet01, n, 8, todaysDate): null

18-10-2024T05:54:27 - [TEST_STEP][PASSED] - n = n + 1: null

18-10-2024T05:54:27 - [TEST_STEP][PASSED] - saveWorkbook(excelFilePath, workbook01): null

18-10-2024T05:54:27 - [TEST_STEP][PASSED] - dZO = "Россети Тюмень": null

18-10-2024T05:54:27 - [TEST_STEP][FAILED] - if (verifyEqual(a311, b311) == false): null

18-10-2024T05:54:27 - [MESSAGE][FAILED] - Unable to verify equal between actual object '-53.15' and expected object '-6.3' (Root cause: com.kms.katalon.core.exception.StepFailedException: Actual object '-53.15' and expected object '-6.3' are not equal
	at com.kms.katalon.core.keyword.builtin.VerifyEqualKeyword$_verifyEqual_closure1.doCall(VerifyEqualKeyword.groovy:58)
	at com.kms.katalon.core.keyword.builtin.VerifyEqualKeyword$_verifyEqual_closure1.call(VerifyEqualKeyword.groovy)
	at com.kms.katalon.core.keyword.internal.KeywordMain.runKeyword(KeywordMain.groovy:75)
	at com.kms.katalon.core.keyword.builtin.VerifyEqualKeyword.verifyEqual(VerifyEqualKeyword.groovy:63)
	at com.kms.katalon.core.keyword.builtin.VerifyEqualKeyword.execute(VerifyEqualKeyword.groovy:44)
	at com.kms.katalon.core.keyword.internal.KeywordExecutor.executeKeywordForPlatform(KeywordExecutor.groovy:74)
	at com.kms.katalon.core.keyword.BuiltinKeywords.verifyEqual(BuiltinKeywords.groovy:146)
	at jdk.internal.reflect.GeneratedMethodAccessor21.invoke(Unknown Source)
	at java.base/jdk.internal.reflect.DelegatingMethodAccessorImpl.invoke(DelegatingMethodAccessorImpl.java:43)
	at Выручка в рублях сверка дашбордов ПАО Россети.Blocks(Выручка в рублях сверка дашбордов ПАО Россети:467)
	at Выручка в рублях сверка дашбордов ПАО Россети.ViruchkaChange(Выручка в рублях сверка дашбордов ПАО Россети:60)
	at Выручка в рублях сверка дашбордов ПАО Россети.run(Выручка в рублях сверка дашбордов ПАО Россети:55)
	at com.kms.katalon.core.main.ScriptEngine.run(ScriptEngine.java:194)
	at com.kms.katalon.core.main.ScriptEngine.runScriptAsRawText(ScriptEngine.java:119)
	at com.kms.katalon.core.main.TestCaseExecutor.runScript(TestCaseExecutor.java:448)
	at com.kms.katalon.core.main.TestCaseExecutor.doExecute(TestCaseExecutor.java:439)
	at com.kms.katalon.core.main.TestCaseExecutor.processExecutionPhase(TestCaseExecutor.java:418)
	at com.kms.katalon.core.main.TestCaseExecutor.accessMainPhase(TestCaseExecutor.java:410)
	at com.kms.katalon.core.main.TestCaseExecutor.execute(TestCaseExecutor.java:285)
	at com.kms.katalon.core.common.CommonExecutor.accessTestCaseMainPhase(CommonExecutor.java:65)
	at com.kms.katalon.core.main.TestSuiteExecutor.accessTestSuiteMainPhase(TestSuiteExecutor.java:150)
	at com.kms.katalon.core.main.TestSuiteExecutor.execute(TestSuiteExecutor.java:106)
	at com.kms.katalon.core.main.TestCaseMain.startTestSuite(TestCaseMain.java:180)
	at TempTestSuite1729215855985.run(TempTestSuite1729215855985.groovy:35)
	at java.base/jdk.internal.reflect.NativeMethodAccessorImpl.invoke0(Native Method)
	at java.base/jdk.internal.reflect.NativeMethodAccessorImpl.invoke(NativeMethodAccessorImpl.java:77)
	at java.base/jdk.internal.reflect.DelegatingMethodAccessorImpl.invoke(DelegatingMethodAccessorImpl.java:43)
)

18-10-2024T05:54:27 - [TEST_STEP][PASSED] - a = a311.toDouble(): null

18-10-2024T05:54:27 - [TEST_STEP][PASSED] - b = b311.toDouble(): null

18-10-2024T05:54:27 - [TEST_STEP][PASSED] - Script1710234207206.WriteToExcel(todaysDate, run, vir, block, typeOfData, viruchka, vidget, nameOfBlock, a, b, dZO): null

18-10-2024T05:54:27 - [TEST_STEP][PASSED] - println(run): null

18-10-2024T05:54:27 - [TEST_STEP][PASSED] - if (run == 1): null

18-10-2024T05:54:27 - [TEST_STEP][PASSED] - else if (run == 2): null

18-10-2024T05:54:27 - [TEST_STEP][PASSED] - typeOfData = "Проценты": null

18-10-2024T05:54:27 - [TEST_STEP][PASSED] - println("todaysDate:" + todaysDate): null

18-10-2024T05:54:27 - [TEST_STEP][PASSED] - println("typeOfData:" + typeOfData): null

18-10-2024T05:54:27 - [TEST_STEP][PASSED] - viruchka = getText(findTestObject("Выручка в рублях/Фильтр Выручка" + nameOfBlock)): Text of object 'Object Repository/Выручка в рублях/Фильтр Выручка Выручка' is: 'ПЕРЕДАЧА ЭЛЕКТРОЭНЕРГИИ (ИТОГО, по всем видам тарифа)'

18-10-2024T05:54:27 - [MESSAGE][PASSED] - Text of object 'Object Repository/Выручка в рублях/Фильтр Выручка Выручка' is: 'ПЕРЕДАЧА ЭЛЕКТРОЭНЕРГИИ (ИТОГО, по всем видам тарифа)'

18-10-2024T05:54:27 - [TEST_STEP][PASSED] - println("viruchka" + viruchka): null

18-10-2024T05:54:27 - [TEST_STEP][PASSED] - println("vidget" + vidget): null

18-10-2024T05:54:27 - [TEST_STEP][PASSED] - println("a" + a): null

18-10-2024T05:54:27 - [TEST_STEP][PASSED] - println("b" + b): null

18-10-2024T05:54:27 - [TEST_STEP][PASSED] - sheetName = "Sheet1": null

18-10-2024T05:54:27 - [TEST_STEP][PASSED] - data = findTestData("PlanFact"): null

18-10-2024T05:54:28 - [TEST_STEP][PASSED] - n = data.getRowNumbers() + 1: null

18-10-2024T05:54:28 - [TEST_STEP][PASSED] - period = getText(findTestObject("Выручка в рублях/Фильтр Период")): Text of object 'Object Repository/Выручка в рублях/Фильтр Период' is: 'Июль, Август и 1, 2 кв. 2024 года'

18-10-2024T05:54:28 - [MESSAGE][PASSED] - Text of object 'Object Repository/Выручка в рублях/Фильтр Период' is: 'Июль, Август и 1, 2 кв. 2024 года'

18-10-2024T05:54:28 - [TEST_STEP][PASSED] - println(period): null

18-10-2024T05:54:28 - [TEST_STEP][PASSED] - dashboardName = "Выручка в рублях": null

18-10-2024T05:54:28 - [TEST_STEP][PASSED] - workbook01 = getWorkbook(excelFilePath): null

18-10-2024T05:54:28 - [TEST_STEP][PASSED] - sheet01 = getExcelSheet(workbook01, sheetName): null

18-10-2024T05:54:28 - [TEST_STEP][PASSED] - setValueToCellByIndex(sheet01, n, 0, dashboardName): null

18-10-2024T05:54:28 - [TEST_STEP][PASSED] - setValueToCellByIndex(sheet01, n, 1, dZO): null

18-10-2024T05:54:28 - [TEST_STEP][PASSED] - setValueToCellByIndex(sheet01, n, 2, vidget): null

18-10-2024T05:54:28 - [TEST_STEP][PASSED] - setValueToCellByIndex(sheet01, n, 3, viruchka): null

18-10-2024T05:54:28 - [TEST_STEP][PASSED] - setValueToCellByIndex(sheet01, n, 4, typeOfData): null

18-10-2024T05:54:28 - [TEST_STEP][PASSED] - if (a == null): null

18-10-2024T05:54:28 - [TEST_STEP][PASSED] - else: null

18-10-2024T05:54:28 - [TEST_STEP][PASSED] - setValueToCellByIndex(sheet01, n, 5, a): null

18-10-2024T05:54:28 - [TEST_STEP][PASSED] - if (b == null): null

18-10-2024T05:54:28 - [TEST_STEP][PASSED] - else: null

18-10-2024T05:54:28 - [TEST_STEP][PASSED] - setValueToCellByIndex(sheet01, n, 6, b): null

18-10-2024T05:54:28 - [TEST_STEP][PASSED] - setValueToCellByIndex(sheet01, n, 7, period): null

18-10-2024T05:54:28 - [TEST_STEP][PASSED] - setValueToCellByIndex(sheet01, n, 8, todaysDate): null

18-10-2024T05:54:28 - [TEST_STEP][PASSED] - n = n + 1: null

18-10-2024T05:54:28 - [TEST_STEP][PASSED] - saveWorkbook(excelFilePath, workbook01): null

18-10-2024T05:54:28 - [TEST_STEP][PASSED] - dZO = "Россети Урал (ГК)": null

18-10-2024T05:54:28 - [TEST_STEP][PASSED] - if (verifyEqual(a312, b312) == false): Actual object '2.61' and expected object '2.61' are equal

18-10-2024T05:54:28 - [MESSAGE][PASSED] - Actual object '2.61' and expected object '2.61' are equal

18-10-2024T05:54:28 - [TEST_STEP][PASSED] - dZO = "Россети ФСК ЕЭС": null

18-10-2024T05:54:28 - [TEST_STEP][PASSED] - if (verifyEqual(a313, b313) == false): Actual object '0.66' and expected object '0.66' are equal

18-10-2024T05:54:28 - [MESSAGE][PASSED] - Actual object '0.66' and expected object '0.66' are equal

18-10-2024T05:54:28 - [TEST_STEP][PASSED] - dZO = "Россети Центр": null

18-10-2024T05:54:28 - [TEST_STEP][FAILED] - if (verifyEqual(a314, b314) == false): null

18-10-2024T05:54:28 - [MESSAGE][FAILED] - Unable to verify equal between actual object '-32.03' and expected object '4.55' (Root cause: com.kms.katalon.core.exception.StepFailedException: Actual object '-32.03' and expected object '4.55' are not equal
	at com.kms.katalon.core.keyword.builtin.VerifyEqualKeyword$_verifyEqual_closure1.doCall(VerifyEqualKeyword.groovy:58)
	at com.kms.katalon.core.keyword.builtin.VerifyEqualKeyword$_verifyEqual_closure1.call(VerifyEqualKeyword.groovy)
	at com.kms.katalon.core.keyword.internal.KeywordMain.runKeyword(KeywordMain.groovy:75)
	at com.kms.katalon.core.keyword.builtin.VerifyEqualKeyword.verifyEqual(VerifyEqualKeyword.groovy:63)
	at com.kms.katalon.core.keyword.builtin.VerifyEqualKeyword.execute(VerifyEqualKeyword.groovy:44)
	at com.kms.katalon.core.keyword.internal.KeywordExecutor.executeKeywordForPlatform(KeywordExecutor.groovy:74)
	at com.kms.katalon.core.keyword.BuiltinKeywords.verifyEqual(BuiltinKeywords.groovy:146)
	at jdk.internal.reflect.GeneratedMethodAccessor21.invoke(Unknown Source)
	at java.base/jdk.internal.reflect.DelegatingMethodAccessorImpl.invoke(DelegatingMethodAccessorImpl.java:43)
	at Выручка в рублях сверка дашбордов ПАО Россети.Blocks(Выручка в рублях сверка дашбордов ПАО Россети:497)
	at Выручка в рублях сверка дашбордов ПАО Россети.ViruchkaChange(Выручка в рублях сверка дашбордов ПАО Россети:60)
	at Выручка в рублях сверка дашбордов ПАО Россети.run(Выручка в рублях сверка дашбордов ПАО Россети:55)
	at com.kms.katalon.core.main.ScriptEngine.run(ScriptEngine.java:194)
	at com.kms.katalon.core.main.ScriptEngine.runScriptAsRawText(ScriptEngine.java:119)
	at com.kms.katalon.core.main.TestCaseExecutor.runScript(TestCaseExecutor.java:448)
	at com.kms.katalon.core.main.TestCaseExecutor.doExecute(TestCaseExecutor.java:439)
	at com.kms.katalon.core.main.TestCaseExecutor.processExecutionPhase(TestCaseExecutor.java:418)
	at com.kms.katalon.core.main.TestCaseExecutor.accessMainPhase(TestCaseExecutor.java:410)
	at com.kms.katalon.core.main.TestCaseExecutor.execute(TestCaseExecutor.java:285)
	at com.kms.katalon.core.common.CommonExecutor.accessTestCaseMainPhase(CommonExecutor.java:65)
	at com.kms.katalon.core.main.TestSuiteExecutor.accessTestSuiteMainPhase(TestSuiteExecutor.java:150)
	at com.kms.katalon.core.main.TestSuiteExecutor.execute(TestSuiteExecutor.java:106)
	at com.kms.katalon.core.main.TestCaseMain.startTestSuite(TestCaseMain.java:180)
	at TempTestSuite1729215855985.run(TempTestSuite1729215855985.groovy:35)
	at java.base/jdk.internal.reflect.NativeMethodAccessorImpl.invoke0(Native Method)
	at java.base/jdk.internal.reflect.NativeMethodAccessorImpl.invoke(NativeMethodAccessorImpl.java:77)
	at java.base/jdk.internal.reflect.DelegatingMethodAccessorImpl.invoke(DelegatingMethodAccessorImpl.java:43)
)

18-10-2024T05:54:28 - [TEST_STEP][PASSED] - a = a314.toDouble(): null

18-10-2024T05:54:28 - [TEST_STEP][PASSED] - b = b314.toDouble(): null

18-10-2024T05:54:28 - [TEST_STEP][PASSED] - Script1710234207206.WriteToExcel(todaysDate, run, vir, block, typeOfData, viruchka, vidget, nameOfBlock, a, b, dZO): null

18-10-2024T05:54:28 - [TEST_STEP][PASSED] - println(run): null

18-10-2024T05:54:28 - [TEST_STEP][PASSED] - if (run == 1): null

18-10-2024T05:54:28 - [TEST_STEP][PASSED] - else if (run == 2): null

18-10-2024T05:54:28 - [TEST_STEP][PASSED] - typeOfData = "Проценты": null

18-10-2024T05:54:28 - [TEST_STEP][PASSED] - println("todaysDate:" + todaysDate): null

18-10-2024T05:54:28 - [TEST_STEP][PASSED] - println("typeOfData:" + typeOfData): null

18-10-2024T05:54:28 - [TEST_STEP][PASSED] - viruchka = getText(findTestObject("Выручка в рублях/Фильтр Выручка" + nameOfBlock)): Text of object 'Object Repository/Выручка в рублях/Фильтр Выручка Выручка' is: 'ПЕРЕДАЧА ЭЛЕКТРОЭНЕРГИИ (ИТОГО, по всем видам тарифа)'

18-10-2024T05:54:28 - [MESSAGE][PASSED] - Text of object 'Object Repository/Выручка в рублях/Фильтр Выручка Выручка' is: 'ПЕРЕДАЧА ЭЛЕКТРОЭНЕРГИИ (ИТОГО, по всем видам тарифа)'

18-10-2024T05:54:28 - [TEST_STEP][PASSED] - println("viruchka" + viruchka): null

18-10-2024T05:54:28 - [TEST_STEP][PASSED] - println("vidget" + vidget): null

18-10-2024T05:54:28 - [TEST_STEP][PASSED] - println("a" + a): null

18-10-2024T05:54:28 - [TEST_STEP][PASSED] - println("b" + b): null

18-10-2024T05:54:28 - [TEST_STEP][PASSED] - sheetName = "Sheet1": null

18-10-2024T05:54:28 - [TEST_STEP][PASSED] - data = findTestData("PlanFact"): null

18-10-2024T05:54:28 - [TEST_STEP][PASSED] - n = data.getRowNumbers() + 1: null

18-10-2024T05:54:28 - [TEST_STEP][PASSED] - period = getText(findTestObject("Выручка в рублях/Фильтр Период")): Text of object 'Object Repository/Выручка в рублях/Фильтр Период' is: 'Июль, Август и 1, 2 кв. 2024 года'

18-10-2024T05:54:29 - [MESSAGE][PASSED] - Text of object 'Object Repository/Выручка в рублях/Фильтр Период' is: 'Июль, Август и 1, 2 кв. 2024 года'

18-10-2024T05:54:29 - [TEST_STEP][PASSED] - println(period): null

18-10-2024T05:54:29 - [TEST_STEP][PASSED] - dashboardName = "Выручка в рублях": null

18-10-2024T05:54:29 - [TEST_STEP][PASSED] - workbook01 = getWorkbook(excelFilePath): null

18-10-2024T05:54:29 - [TEST_STEP][PASSED] - sheet01 = getExcelSheet(workbook01, sheetName): null

18-10-2024T05:54:29 - [TEST_STEP][PASSED] - setValueToCellByIndex(sheet01, n, 0, dashboardName): null

18-10-2024T05:54:29 - [TEST_STEP][PASSED] - setValueToCellByIndex(sheet01, n, 1, dZO): null

18-10-2024T05:54:29 - [TEST_STEP][PASSED] - setValueToCellByIndex(sheet01, n, 2, vidget): null

18-10-2024T05:54:29 - [TEST_STEP][PASSED] - setValueToCellByIndex(sheet01, n, 3, viruchka): null

18-10-2024T05:54:29 - [TEST_STEP][PASSED] - setValueToCellByIndex(sheet01, n, 4, typeOfData): null

18-10-2024T05:54:29 - [TEST_STEP][PASSED] - if (a == null): null

18-10-2024T05:54:29 - [TEST_STEP][PASSED] - else: null

18-10-2024T05:54:29 - [TEST_STEP][PASSED] - setValueToCellByIndex(sheet01, n, 5, a): null

18-10-2024T05:54:29 - [TEST_STEP][PASSED] - if (b == null): null

18-10-2024T05:54:29 - [TEST_STEP][PASSED] - else: null

18-10-2024T05:54:29 - [TEST_STEP][PASSED] - setValueToCellByIndex(sheet01, n, 6, b): null

18-10-2024T05:54:29 - [TEST_STEP][PASSED] - setValueToCellByIndex(sheet01, n, 7, period): null

18-10-2024T05:54:29 - [TEST_STEP][PASSED] - setValueToCellByIndex(sheet01, n, 8, todaysDate): null

18-10-2024T05:54:29 - [TEST_STEP][PASSED] - n = n + 1: null

18-10-2024T05:54:29 - [TEST_STEP][PASSED] - saveWorkbook(excelFilePath, workbook01): null

18-10-2024T05:54:29 - [TEST_STEP][PASSED] - dZO = "Россети Центр и Приволжье (ГК)": null

18-10-2024T05:54:29 - [TEST_STEP][PASSED] - if (verifyEqual(a315, b315) == false): Actual object '4.79' and expected object '4.79' are equal

18-10-2024T05:54:29 - [MESSAGE][PASSED] - Actual object '4.79' and expected object '4.79' are equal

18-10-2024T05:54:29 - [TEST_STEP][PASSED] - dZO = "Россети Юг (ГК)": null

18-10-2024T05:54:29 - [TEST_STEP][FAILED] - if (verifyEqual(a316, b316) == false): null

18-10-2024T05:54:29 - [MESSAGE][FAILED] - Unable to verify equal between actual object '-48.39' and expected object '3.22' (Root cause: com.kms.katalon.core.exception.StepFailedException: Actual object '-48.39' and expected object '3.22' are not equal
	at com.kms.katalon.core.keyword.builtin.VerifyEqualKeyword$_verifyEqual_closure1.doCall(VerifyEqualKeyword.groovy:58)
	at com.kms.katalon.core.keyword.builtin.VerifyEqualKeyword$_verifyEqual_closure1.call(VerifyEqualKeyword.groovy)
	at com.kms.katalon.core.keyword.internal.KeywordMain.runKeyword(KeywordMain.groovy:75)
	at com.kms.katalon.core.keyword.builtin.VerifyEqualKeyword.verifyEqual(VerifyEqualKeyword.groovy:63)
	at com.kms.katalon.core.keyword.builtin.VerifyEqualKeyword.execute(VerifyEqualKeyword.groovy:44)
	at com.kms.katalon.core.keyword.internal.KeywordExecutor.executeKeywordForPlatform(KeywordExecutor.groovy:74)
	at com.kms.katalon.core.keyword.BuiltinKeywords.verifyEqual(BuiltinKeywords.groovy:146)
	at jdk.internal.reflect.GeneratedMethodAccessor21.invoke(Unknown Source)
	at java.base/jdk.internal.reflect.DelegatingMethodAccessorImpl.invoke(DelegatingMethodAccessorImpl.java:43)
	at Выручка в рублях сверка дашбордов ПАО Россети.Blocks(Выручка в рублях сверка дашбордов ПАО Россети:517)
	at Выручка в рублях сверка дашбордов ПАО Россети.ViruchkaChange(Выручка в рублях сверка дашбордов ПАО Россети:60)
	at Выручка в рублях сверка дашбордов ПАО Россети.run(Выручка в рублях сверка дашбордов ПАО Россети:55)
	at com.kms.katalon.core.main.ScriptEngine.run(ScriptEngine.java:194)
	at com.kms.katalon.core.main.ScriptEngine.runScriptAsRawText(ScriptEngine.java:119)
	at com.kms.katalon.core.main.TestCaseExecutor.runScript(TestCaseExecutor.java:448)
	at com.kms.katalon.core.main.TestCaseExecutor.doExecute(TestCaseExecutor.java:439)
	at com.kms.katalon.core.main.TestCaseExecutor.processExecutionPhase(TestCaseExecutor.java:418)
	at com.kms.katalon.core.main.TestCaseExecutor.accessMainPhase(TestCaseExecutor.java:410)
	at com.kms.katalon.core.main.TestCaseExecutor.execute(TestCaseExecutor.java:285)
	at com.kms.katalon.core.common.CommonExecutor.accessTestCaseMainPhase(CommonExecutor.java:65)
	at com.kms.katalon.core.main.TestSuiteExecutor.accessTestSuiteMainPhase(TestSuiteExecutor.java:150)
	at com.kms.katalon.core.main.TestSuiteExecutor.execute(TestSuiteExecutor.java:106)
	at com.kms.katalon.core.main.TestCaseMain.startTestSuite(TestCaseMain.java:180)
	at TempTestSuite1729215855985.run(TempTestSuite1729215855985.groovy:35)
	at java.base/jdk.internal.reflect.NativeMethodAccessorImpl.invoke0(Native Method)
	at java.base/jdk.internal.reflect.NativeMethodAccessorImpl.invoke(NativeMethodAccessorImpl.java:77)
	at java.base/jdk.internal.reflect.DelegatingMethodAccessorImpl.invoke(DelegatingMethodAccessorImpl.java:43)
)

18-10-2024T05:54:29 - [TEST_STEP][PASSED] - a = a316.toDouble(): null

18-10-2024T05:54:29 - [TEST_STEP][PASSED] - b = b316.toDouble(): null

18-10-2024T05:54:29 - [TEST_STEP][PASSED] - Script1710234207206.WriteToExcel(todaysDate, run, vir, block, typeOfData, viruchka, vidget, nameOfBlock, a, b, dZO): null

18-10-2024T05:54:29 - [TEST_STEP][PASSED] - println(run): null

18-10-2024T05:54:29 - [TEST_STEP][PASSED] - if (run == 1): null

18-10-2024T05:54:29 - [TEST_STEP][PASSED] - else if (run == 2): null

18-10-2024T05:54:29 - [TEST_STEP][PASSED] - typeOfData = "Проценты": null

18-10-2024T05:54:29 - [TEST_STEP][PASSED] - println("todaysDate:" + todaysDate): null

18-10-2024T05:54:29 - [TEST_STEP][PASSED] - println("typeOfData:" + typeOfData): null

18-10-2024T05:54:29 - [TEST_STEP][PASSED] - viruchka = getText(findTestObject("Выручка в рублях/Фильтр Выручка" + nameOfBlock)): Text of object 'Object Repository/Выручка в рублях/Фильтр Выручка Выручка' is: 'ПЕРЕДАЧА ЭЛЕКТРОЭНЕРГИИ (ИТОГО, по всем видам тарифа)'

18-10-2024T05:54:29 - [MESSAGE][PASSED] - Text of object 'Object Repository/Выручка в рублях/Фильтр Выручка Выручка' is: 'ПЕРЕДАЧА ЭЛЕКТРОЭНЕРГИИ (ИТОГО, по всем видам тарифа)'

18-10-2024T05:54:29 - [TEST_STEP][PASSED] - println("viruchka" + viruchka): null

18-10-2024T05:54:29 - [TEST_STEP][PASSED] - println("vidget" + vidget): null

18-10-2024T05:54:29 - [TEST_STEP][PASSED] - println("a" + a): null

18-10-2024T05:54:29 - [TEST_STEP][PASSED] - println("b" + b): null

18-10-2024T05:54:29 - [TEST_STEP][PASSED] - sheetName = "Sheet1": null

18-10-2024T05:54:29 - [TEST_STEP][PASSED] - data = findTestData("PlanFact"): null

18-10-2024T05:54:29 - [TEST_STEP][PASSED] - n = data.getRowNumbers() + 1: null

18-10-2024T05:54:29 - [TEST_STEP][PASSED] - period = getText(findTestObject("Выручка в рублях/Фильтр Период")): Text of object 'Object Repository/Выручка в рублях/Фильтр Период' is: 'Июль, Август и 1, 2 кв. 2024 года'

18-10-2024T05:54:30 - [MESSAGE][PASSED] - Text of object 'Object Repository/Выручка в рублях/Фильтр Период' is: 'Июль, Август и 1, 2 кв. 2024 года'

18-10-2024T05:54:30 - [TEST_STEP][PASSED] - println(period): null

18-10-2024T05:54:30 - [TEST_STEP][PASSED] - dashboardName = "Выручка в рублях": null

18-10-2024T05:54:30 - [TEST_STEP][PASSED] - workbook01 = getWorkbook(excelFilePath): null

18-10-2024T05:54:30 - [TEST_STEP][PASSED] - sheet01 = getExcelSheet(workbook01, sheetName): null

18-10-2024T05:54:30 - [TEST_STEP][PASSED] - setValueToCellByIndex(sheet01, n, 0, dashboardName): null

18-10-2024T05:54:30 - [TEST_STEP][PASSED] - setValueToCellByIndex(sheet01, n, 1, dZO): null

18-10-2024T05:54:30 - [TEST_STEP][PASSED] - setValueToCellByIndex(sheet01, n, 2, vidget): null

18-10-2024T05:54:30 - [TEST_STEP][PASSED] - setValueToCellByIndex(sheet01, n, 3, viruchka): null

18-10-2024T05:54:30 - [TEST_STEP][PASSED] - setValueToCellByIndex(sheet01, n, 4, typeOfData): null

18-10-2024T05:54:30 - [TEST_STEP][PASSED] - if (a == null): null

18-10-2024T05:54:30 - [TEST_STEP][PASSED] - else: null

18-10-2024T05:54:30 - [TEST_STEP][PASSED] - setValueToCellByIndex(sheet01, n, 5, a): null

18-10-2024T05:54:30 - [TEST_STEP][PASSED] - if (b == null): null

18-10-2024T05:54:30 - [TEST_STEP][PASSED] - else: null

18-10-2024T05:54:30 - [TEST_STEP][PASSED] - setValueToCellByIndex(sheet01, n, 6, b): null

18-10-2024T05:54:30 - [TEST_STEP][PASSED] - setValueToCellByIndex(sheet01, n, 7, period): null

18-10-2024T05:54:30 - [TEST_STEP][PASSED] - setValueToCellByIndex(sheet01, n, 8, todaysDate): null

18-10-2024T05:54:30 - [TEST_STEP][PASSED] - n = n + 1: null

18-10-2024T05:54:30 - [TEST_STEP][PASSED] - saveWorkbook(excelFilePath, workbook01): null

18-10-2024T05:54:30 - [TEST_STEP][PASSED] - dZO = "Россети Янтарь": null

18-10-2024T05:54:30 - [TEST_STEP][PASSED] - if (verifyEqual(a317, b317) == false): Actual object '3.76' and expected object '3.76' are equal

18-10-2024T05:54:30 - [MESSAGE][PASSED] - Actual object '3.76' and expected object '3.76' are equal

18-10-2024T05:54:30 - [TEST_STEP][PASSED] - closeBrowser(): null

18-10-2024T05:54:30 - [MESSAGE][PASSED] - Browser is closed

18-10-2024T05:54:30 - [TEST_STEP][PASSED] - Script1710234207206.Blocks(run, vir, block, nameOfBlock, typeOfData, viruchka, vidget, todaysDate, a, b, dZO, x, y): null

18-10-2024T05:54:30 - [TEST_STEP][PASSED] - i = <not implemented yet for class: org.codehaus.groovy.ast.expr.EmptyExpression>: null

18-10-2024T05:54:30 - [TEST_STEP][PASSED] - perc = "": null

18-10-2024T05:54:30 - [TEST_STEP][PASSED] - a1 = <not implemented yet for class: org.codehaus.groovy.ast.expr.EmptyExpression>: null

18-10-2024T05:54:30 - [TEST_STEP][PASSED] - a2 = <not implemented yet for class: org.codehaus.groovy.ast.expr.EmptyExpression>: null

18-10-2024T05:54:30 - [TEST_STEP][PASSED] - a30 = <not implemented yet for class: org.codehaus.groovy.ast.expr.EmptyExpression>: null

18-10-2024T05:54:30 - [TEST_STEP][PASSED] - a31 = <not implemented yet for class: org.codehaus.groovy.ast.expr.EmptyExpression>: null

18-10-2024T05:54:30 - [TEST_STEP][PASSED] - a32 = <not implemented yet for class: org.codehaus.groovy.ast.expr.EmptyExpression>: null

18-10-2024T05:54:30 - [TEST_STEP][PASSED] - a33 = <not implemented yet for class: org.codehaus.groovy.ast.expr.EmptyExpression>: null

18-10-2024T05:54:30 - [TEST_STEP][PASSED] - a34 = <not implemented yet for class: org.codehaus.groovy.ast.expr.EmptyExpression>: null

18-10-2024T05:54:30 - [TEST_STEP][PASSED] - a35 = <not implemented yet for class: org.codehaus.groovy.ast.expr.EmptyExpression>: null

18-10-2024T05:54:30 - [TEST_STEP][PASSED] - a36 = <not implemented yet for class: org.codehaus.groovy.ast.expr.EmptyExpression>: null

18-10-2024T05:54:30 - [TEST_STEP][PASSED] - a37 = <not implemented yet for class: org.codehaus.groovy.ast.expr.EmptyExpression>: null

18-10-2024T05:54:30 - [TEST_STEP][PASSED] - a38 = <not implemented yet for class: org.codehaus.groovy.ast.expr.EmptyExpression>: null

18-10-2024T05:54:30 - [TEST_STEP][PASSED] - a39 = <not implemented yet for class: org.codehaus.groovy.ast.expr.EmptyExpression>: null

18-10-2024T05:54:30 - [TEST_STEP][PASSED] - a310 = <not implemented yet for class: org.codehaus.groovy.ast.expr.EmptyExpression>: null

18-10-2024T05:54:30 - [TEST_STEP][PASSED] - a311 = <not implemented yet for class: org.codehaus.groovy.ast.expr.EmptyExpression>: null

18-10-2024T05:54:30 - [TEST_STEP][PASSED] - a312 = <not implemented yet for class: org.codehaus.groovy.ast.expr.EmptyExpression>: null

18-10-2024T05:54:30 - [TEST_STEP][PASSED] - a313 = <not implemented yet for class: org.codehaus.groovy.ast.expr.EmptyExpression>: null

18-10-2024T05:54:30 - [TEST_STEP][PASSED] - a314 = <not implemented yet for class: org.codehaus.groovy.ast.expr.EmptyExpression>: null

18-10-2024T05:54:30 - [TEST_STEP][PASSED] - a315 = <not implemented yet for class: org.codehaus.groovy.ast.expr.EmptyExpression>: null

18-10-2024T05:54:30 - [TEST_STEP][PASSED] - a316 = <not implemented yet for class: org.codehaus.groovy.ast.expr.EmptyExpression>: null

18-10-2024T05:54:30 - [TEST_STEP][PASSED] - a317 = <not implemented yet for class: org.codehaus.groovy.ast.expr.EmptyExpression>: null

18-10-2024T05:54:30 - [TEST_STEP][PASSED] - b1 = <not implemented yet for class: org.codehaus.groovy.ast.expr.EmptyExpression>: null

18-10-2024T05:54:30 - [TEST_STEP][PASSED] - b2 = <not implemented yet for class: org.codehaus.groovy.ast.expr.EmptyExpression>: null

18-10-2024T05:54:30 - [TEST_STEP][PASSED] - b30 = <not implemented yet for class: org.codehaus.groovy.ast.expr.EmptyExpression>: null

18-10-2024T05:54:30 - [TEST_STEP][PASSED] - b31 = <not implemented yet for class: org.codehaus.groovy.ast.expr.EmptyExpression>: null

18-10-2024T05:54:30 - [TEST_STEP][PASSED] - b32 = <not implemented yet for class: org.codehaus.groovy.ast.expr.EmptyExpression>: null

18-10-2024T05:54:30 - [TEST_STEP][PASSED] - b33 = <not implemented yet for class: org.codehaus.groovy.ast.expr.EmptyExpression>: null

18-10-2024T05:54:30 - [TEST_STEP][PASSED] - b34 = <not implemented yet for class: org.codehaus.groovy.ast.expr.EmptyExpression>: null

18-10-2024T05:54:30 - [TEST_STEP][PASSED] - b35 = <not implemented yet for class: org.codehaus.groovy.ast.expr.EmptyExpression>: null

18-10-2024T05:54:30 - [TEST_STEP][PASSED] - b36 = <not implemented yet for class: org.codehaus.groovy.ast.expr.EmptyExpression>: null

18-10-2024T05:54:30 - [TEST_STEP][PASSED] - b37 = <not implemented yet for class: org.codehaus.groovy.ast.expr.EmptyExpression>: null

18-10-2024T05:54:30 - [TEST_STEP][PASSED] - b38 = <not implemented yet for class: org.codehaus.groovy.ast.expr.EmptyExpression>: null

18-10-2024T05:54:30 - [TEST_STEP][PASSED] - b39 = <not implemented yet for class: org.codehaus.groovy.ast.expr.EmptyExpression>: null

18-10-2024T05:54:30 - [TEST_STEP][PASSED] - b310 = <not implemented yet for class: org.codehaus.groovy.ast.expr.EmptyExpression>: null

18-10-2024T05:54:30 - [TEST_STEP][PASSED] - b311 = <not implemented yet for class: org.codehaus.groovy.ast.expr.EmptyExpression>: null

18-10-2024T05:54:30 - [TEST_STEP][PASSED] - b312 = <not implemented yet for class: org.codehaus.groovy.ast.expr.EmptyExpression>: null

18-10-2024T05:54:30 - [TEST_STEP][PASSED] - b313 = <not implemented yet for class: org.codehaus.groovy.ast.expr.EmptyExpression>: null

18-10-2024T05:54:30 - [TEST_STEP][PASSED] - b314 = <not implemented yet for class: org.codehaus.groovy.ast.expr.EmptyExpression>: null

18-10-2024T05:54:30 - [TEST_STEP][PASSED] - b315 = <not implemented yet for class: org.codehaus.groovy.ast.expr.EmptyExpression>: null

18-10-2024T05:54:30 - [TEST_STEP][PASSED] - b316 = <not implemented yet for class: org.codehaus.groovy.ast.expr.EmptyExpression>: null

18-10-2024T05:54:30 - [TEST_STEP][PASSED] - b317 = <not implemented yet for class: org.codehaus.groovy.ast.expr.EmptyExpression>: null

18-10-2024T05:54:30 - [TEST_STEP][PASSED] - block = 1: null

18-10-2024T05:54:30 - [TEST_STEP][PASSED] - nameOfBlock = "": null

18-10-2024T05:54:30 - [TEST_STEP][PASSED] - Script1710234207206.PreSettings(run, vir, block, nameOfBlock, typeOfData, todaysDate): null

18-10-2024T05:54:30 - [TEST_STEP][PASSED] - openBrowser(""): Browser is opened with url: ''

18-10-2024T05:54:30 - [MESSAGE][INFO] - Starting 'Chrome' driver

18-10-2024T05:54:30 - [MESSAGE][INFO] - Action delay is set to 0 milliseconds

18-10-2024T05:54:31 - [MESSAGE][PASSED] - Browser is opened with url: ''

18-10-2024T05:54:31 - [TEST_STEP][PASSED] - refresh(): Refresh successfully

18-10-2024T05:54:31 - [MESSAGE][PASSED] - Refresh successfully

18-10-2024T05:54:31 - [TEST_STEP][PASSED] - delay(50): Delayed 50 second(s)

18-10-2024T05:55:21 - [MESSAGE][PASSED] - Delayed 50 second(s)

18-10-2024T05:55:21 - [TEST_STEP][PASSED] - println("run:" + run): null

18-10-2024T05:55:21 - [TEST_STEP][PASSED] - println("vir:" + vir): null

18-10-2024T05:55:21 - [TEST_STEP][PASSED] - println("block:" + block): null

18-10-2024T05:55:21 - [TEST_STEP][PASSED] - if (block == 1): null

18-10-2024T05:55:21 - [TEST_STEP][PASSED] - nameOfBlock = "": null

18-10-2024T05:55:21 - [TEST_STEP][PASSED] - println("nameOfBlock:" + nameOfBlock): null

18-10-2024T05:55:21 - [TEST_STEP][PASSED] - println("typeOfData:" + typeOfData): null

18-10-2024T05:55:21 - [TEST_STEP][PASSED] - println("todaysDate:" + todaysDate): null

18-10-2024T05:55:21 - [TEST_STEP][PASSED] - Script1710234207206.Autorization(block, nameOfBlock): null

18-10-2024T05:55:21 - [TEST_STEP][PASSED] - i = <not implemented yet for class: org.codehaus.groovy.ast.expr.EmptyExpression>: null

18-10-2024T05:55:21 - [TEST_STEP][PASSED] - ii = <not implemented yet for class: org.codehaus.groovy.ast.expr.EmptyExpression>: null

18-10-2024T05:55:21 - [TEST_STEP][PASSED] - urlData = <not implemented yet for class: org.codehaus.groovy.ast.expr.EmptyExpression>: null

18-10-2024T05:55:21 - [TEST_STEP][PASSED] - searchWord = <not implemented yet for class: org.codehaus.groovy.ast.expr.EmptyExpression>: null

18-10-2024T05:55:21 - [TEST_STEP][PASSED] - urlText = <not implemented yet for class: org.codehaus.groovy.ast.expr.EmptyExpression>: null

18-10-2024T05:55:21 - [TEST_STEP][PASSED] - println("block:" + block): null

18-10-2024T05:55:21 - [TEST_STEP][PASSED] - if (block == 1): null

18-10-2024T05:55:21 - [TEST_STEP][PASSED] - nameOfBlock = "": null

18-10-2024T05:55:21 - [TEST_STEP][PASSED] - println("nameOfBlock:" + nameOfBlock): null

18-10-2024T05:55:21 - [TEST_STEP][PASSED] - if (block == 1): Delayed 45 second(s)

18-10-2024T05:55:21 - [TEST_STEP][PASSED] - urlData = 2: null

18-10-2024T05:55:21 - [TEST_STEP][PASSED] - delay(45): Delayed 45 second(s)

18-10-2024T05:56:06 - [MESSAGE][PASSED] - Delayed 45 second(s)

18-10-2024T05:56:06 - [TEST_STEP][PASSED] - navigateToUrl(findTestData("PlanFact").getValue(10, urlData)): Navigate to 'https://bi.rosseti.digital/viewer?dashboardGuid=2301950b23be4ed89c1df75f2020051e&sheetGuid=b723206f698544fb87299f3095c00435&fit=true' successfully

18-10-2024T05:56:15 - [MESSAGE][PASSED] - Navigate to 'https://bi.rosseti.digital/viewer?dashboardGuid=2301950b23be4ed89c1df75f2020051e&sheetGuid=b723206f698544fb87299f3095c00435&fit=true' successfully

18-10-2024T05:56:15 - [TEST_STEP][PASSED] - urlText = getText(findTestObject("Страница авторизации/Text")): Text of object 'Object Repository/Страница авторизации/Text' is: 'Вход'

18-10-2024T05:56:18 - [MESSAGE][PASSED] - Text of object 'Object Repository/Страница авторизации/Text' is: 'Вход'

18-10-2024T05:56:18 - [TEST_STEP][PASSED] - searchWord = "Вход": null

18-10-2024T05:56:18 - [TEST_STEP][PASSED] - if (urlText.contains("ошибка") || urlText.contains(searchWord) == false): null

18-10-2024T05:56:18 - [TEST_STEP][PASSED] - if (verifyElementPresent(findTestObject("Страница авторизации/button_"), 30) == true): null

18-10-2024T05:56:18 - [MESSAGE][PASSED] - Object 'Object Repository/Страница авторизации/button_' is present

18-10-2024T05:56:18 - [TEST_STEP][PASSED] - setText(findTestObject("Страница авторизации/input__username"), findTestData("PlanFact").getValue(8, 1)): Text 'shekhov-aa' is set on object 'Object Repository/Страница авторизации/input__username'

18-10-2024T05:56:19 - [MESSAGE][PASSED] - Text 'shekhov-aa' is set on object 'Object Repository/Страница авторизации/input__username'

18-10-2024T05:56:19 - [TEST_STEP][PASSED] - setText(findTestObject("Страница авторизации/input__password"), findTestData("PlanFact").getValue(9, 1)): Text 'i)RpQLLlXv9gUDC9' is set on object 'Object Repository/Страница авторизации/input__password'

18-10-2024T05:56:20 - [MESSAGE][PASSED] - Text 'i)RpQLLlXv9gUDC9' is set on object 'Object Repository/Страница авторизации/input__password'

18-10-2024T05:56:20 - [TEST_STEP][PASSED] - click(findTestObject("Страница авторизации/button_")): Object: 'Object Repository/Страница авторизации/button_' is clicked on

18-10-2024T05:56:22 - [MESSAGE][PASSED] - Object: 'Object Repository/Страница авторизации/button_' is clicked on

18-10-2024T05:56:22 - [TEST_STEP][PASSED] - delay(45): Delayed 45 second(s)

18-10-2024T05:57:07 - [MESSAGE][PASSED] - Delayed 45 second(s)

18-10-2024T05:57:07 - [TEST_STEP][PASSED] - urlText = getText(findTestObject("Страница авторизации/Text")): Text of object 'Object Repository/Страница авторизации/Text' is: 'Период
1, 2 кв., Июль, Август 2024 года
Выручка
Все
Выполнение плановых показателей по ПАО Россети за 1, 2 кв., Июль, Август 2024 года
План
Факт
Динамика
2024 год
0 млн.руб.
100 000 млн.руб.
200 000 млн.руб.
300 000 млн.руб.
400 000 млн.руб.
500 000 млн.руб.
600 000 млн.руб.
700 000 млн.руб.
800 000 млн.руб.
900 000 млн.руб.
1 000 000 млн.руб.
1 100 000 млн.руб.
1 200 000 млн.руб.
938 020
964 061
↑
ДЗО 
Все
Внутренний оборот - выручка за услуги по передаче электрической энергии, учтенная в выручке за электроэнергию для конечных потребителей, при выполнении ДЗО функций гарантирующего поставщика
Подписи данных
⬤Отклонение
АО «Тываэнерго»
АО «Чеченэнерго»
Россети Волга
Россети Кубань
Россети Ленэнерго (ГК)
Россети Московский регион
Россети Северный Кавказ (ГК)
Россети Северо-Запад
Россети Сибирь (ГК)
Россети Томск
Россети Тюмень
Россети Урал (ГК)
Россети ФСК ЕЭС
Россети Центр
Россети Центр и Приволжье (ГК)
Россети Юг (ГК)
Россети Янтарь
-4 000 млн.руб.
-3 000 млн.руб.
-2 000 млн.руб.
-1 000 млн.руб.
0 млн.руб.
1 000 млн.руб.
2 000 млн.руб.
3 000 млн.руб.
4 000 млн.руб.
5 000 млн.руб.
6 000 млн.руб.
7 000 млн.руб.
8 000 млн.руб.
173
44
122
3 000
3 666
6 842
695
1 000
1 910
228
-3 453
1 778
1 353
3 442
3 872
1 131
237
млн.
%
Выручка
Отклонение выручки по ПАО Россети за 1, 2 кв., Июль, Август 2024 года (факт/план, млн. руб)
ПАО Россети
26 040.4 млн.руб.
 '

18-10-2024T05:57:08 - [MESSAGE][PASSED] - Text of object 'Object Repository/Страница авторизации/Text' is: 'Период
1, 2 кв., Июль, Август 2024 года
Выручка
Все
Выполнение плановых показателей по ПАО Россети за 1, 2 кв., Июль, Август 2024 года
План
Факт
Динамика
2024 год
0 млн.руб.
100 000 млн.руб.
200 000 млн.руб.
300 000 млн.руб.
400 000 млн.руб.
500 000 млн.руб.
600 000 млн.руб.
700 000 млн.руб.
800 000 млн.руб.
900 000 млн.руб.
1 000 000 млн.руб.
1 100 000 млн.руб.
1 200 000 млн.руб.
938 020
964 061
↑
ДЗО 
Все
Внутренний оборот - выручка за услуги по передаче электрической энергии, учтенная в выручке за электроэнергию для конечных потребителей, при выполнении ДЗО функций гарантирующего поставщика
Подписи данных
⬤Отклонение
АО «Тываэнерго»
АО «Чеченэнерго»
Россети Волга
Россети Кубань
Россети Ленэнерго (ГК)
Россети Московский регион
Россети Северный Кавказ (ГК)
Россети Северо-Запад
Россети Сибирь (ГК)
Россети Томск
Россети Тюмень
Россети Урал (ГК)
Россети ФСК ЕЭС
Россети Центр
Россети Центр и Приволжье (ГК)
Россети Юг (ГК)
Россети Янтарь
-4 000 млн.руб.
-3 000 млн.руб.
-2 000 млн.руб.
-1 000 млн.руб.
0 млн.руб.
1 000 млн.руб.
2 000 млн.руб.
3 000 млн.руб.
4 000 млн.руб.
5 000 млн.руб.
6 000 млн.руб.
7 000 млн.руб.
8 000 млн.руб.
173
44
122
3 000
3 666
6 842
695
1 000
1 910
228
-3 453
1 778
1 353
3 442
3 872
1 131
237
млн.
%
Выручка
Отклонение выручки по ПАО Россети за 1, 2 кв., Июль, Август 2024 года (факт/план, млн. руб)
ПАО Россети
26 040.4 млн.руб.
 '

18-10-2024T05:57:08 - [TEST_STEP][PASSED] - searchWord = "а": null

18-10-2024T05:57:08 - [TEST_STEP][PASSED] - if (urlText.contains("ошибка") || urlText.contains(searchWord) == false): null

18-10-2024T05:57:08 - [TEST_STEP][PASSED] - delay(45): Delayed 45 second(s)

18-10-2024T05:57:53 - [MESSAGE][PASSED] - Delayed 45 second(s)

18-10-2024T05:57:53 - [TEST_STEP][PASSED] - if (block == 2): null

18-10-2024T05:57:53 - [TEST_STEP][PASSED] - click(findTestObject("Выручка в рублях/Фильтр Период" + nameOfBlock)): Object: 'Object Repository/Выручка в рублях/Фильтр Период' is clicked on

18-10-2024T05:57:54 - [MESSAGE][PASSED] - Object: 'Object Repository/Выручка в рублях/Фильтр Период' is clicked on

18-10-2024T05:57:54 - [TEST_STEP][PASSED] - click(findTestObject("Выручка в рублях/Снять выделение в фильтре Дата" + nameOfBlock)): Object: 'Object Repository/Выручка в рублях/Снять выделение в фильтре Дата' is clicked on

18-10-2024T05:57:54 - [MESSAGE][PASSED] - Object: 'Object Repository/Выручка в рублях/Снять выделение в фильтре Дата' is clicked on

18-10-2024T05:57:54 - [TEST_STEP][PASSED] - click(findTestObject("Выручка в рублях/Применить в фильтре Дата" + nameOfBlock)): Object: 'Object Repository/Выручка в рублях/Применить в фильтре Дата' is clicked on

18-10-2024T05:57:55 - [MESSAGE][PASSED] - Object: 'Object Repository/Выручка в рублях/Применить в фильтре Дата' is clicked on

18-10-2024T05:57:55 - [TEST_STEP][PASSED] - delay(50): Delayed 50 second(s)

18-10-2024T05:58:45 - [MESSAGE][PASSED] - Delayed 50 second(s)

18-10-2024T05:58:45 - [TEST_STEP][PASSED] - click(findTestObject("Выручка в рублях/Фильтр Период" + nameOfBlock)): Object: 'Object Repository/Выручка в рублях/Фильтр Период' is clicked on

18-10-2024T05:58:45 - [MESSAGE][PASSED] - Object: 'Object Repository/Выручка в рублях/Фильтр Период' is clicked on

18-10-2024T05:58:45 - [TEST_STEP][PASSED] - click(findTestObject("Выручка в рублях/Снять выделение в фильтре Дата" + nameOfBlock)): Object: 'Object Repository/Выручка в рублях/Снять выделение в фильтре Дата' is clicked on

18-10-2024T05:58:45 - [MESSAGE][PASSED] - Object: 'Object Repository/Выручка в рублях/Снять выделение в фильтре Дата' is clicked on

18-10-2024T05:58:45 - [TEST_STEP][PASSED] - scrollToElement(findTestObject("Выручка в рублях/2024 список" + nameOfBlock), 30): Scroll to object 'Object Repository/Выручка в рублях/2024 список' successfully

18-10-2024T05:58:46 - [MESSAGE][PASSED] - Scroll to object 'Object Repository/Выручка в рублях/2024 список' successfully

18-10-2024T05:58:46 - [TEST_STEP][PASSED] - click(findTestObject("Выручка в рублях/2024 список" + nameOfBlock)): Object: 'Object Repository/Выручка в рублях/2024 список' is clicked on

18-10-2024T05:58:46 - [MESSAGE][PASSED] - Object: 'Object Repository/Выручка в рублях/2024 список' is clicked on

18-10-2024T05:58:46 - [TEST_STEP][PASSED] - scrollToElement(findTestObject("Выручка в рублях/1 квартал 2024 выбрать" + nameOfBlock), 30): Scroll to object 'Object Repository/Выручка в рублях/1 квартал 2024 выбрать' successfully

18-10-2024T05:58:47 - [MESSAGE][PASSED] - Scroll to object 'Object Repository/Выручка в рублях/1 квартал 2024 выбрать' successfully

18-10-2024T05:58:47 - [TEST_STEP][PASSED] - click(findTestObject("Выручка в рублях/1 квартал 2024 выбрать" + nameOfBlock)): Object: 'Object Repository/Выручка в рублях/1 квартал 2024 выбрать' is clicked on

18-10-2024T05:58:47 - [MESSAGE][PASSED] - Object: 'Object Repository/Выручка в рублях/1 квартал 2024 выбрать' is clicked on

18-10-2024T05:58:47 - [TEST_STEP][PASSED] - scrollToElement(findTestObject("Выручка в рублях/2 квартал 2024 выбрать" + nameOfBlock), 30): Scroll to object 'Object Repository/Выручка в рублях/2 квартал 2024 выбрать' successfully

18-10-2024T05:58:47 - [MESSAGE][PASSED] - Scroll to object 'Object Repository/Выручка в рублях/2 квартал 2024 выбрать' successfully

18-10-2024T05:58:47 - [TEST_STEP][PASSED] - click(findTestObject("Выручка в рублях/2 квартал 2024 выбрать" + nameOfBlock)): Object: 'Object Repository/Выручка в рублях/2 квартал 2024 выбрать' is clicked on

18-10-2024T05:58:48 - [MESSAGE][PASSED] - Object: 'Object Repository/Выручка в рублях/2 квартал 2024 выбрать' is clicked on

18-10-2024T05:58:48 - [TEST_STEP][PASSED] - scrollToElement(findTestObject("Выручка в рублях/3 квартал 2024 список" + nameOfBlock), 30): Scroll to object 'Object Repository/Выручка в рублях/3 квартал 2024 список' successfully

18-10-2024T05:58:48 - [MESSAGE][PASSED] - Scroll to object 'Object Repository/Выручка в рублях/3 квартал 2024 список' successfully

18-10-2024T05:58:48 - [TEST_STEP][PASSED] - click(findTestObject("Выручка в рублях/3 квартал 2024 список" + nameOfBlock)): Object: 'Object Repository/Выручка в рублях/3 квартал 2024 список' is clicked on

18-10-2024T05:58:48 - [MESSAGE][PASSED] - Object: 'Object Repository/Выручка в рублях/3 квартал 2024 список' is clicked on

18-10-2024T05:58:48 - [TEST_STEP][PASSED] - click(findTestObject("Выручка в рублях/Июль 2024" + nameOfBlock)): Object: 'Object Repository/Выручка в рублях/Июль 2024' is clicked on

18-10-2024T05:58:49 - [MESSAGE][PASSED] - Object: 'Object Repository/Выручка в рублях/Июль 2024' is clicked on

18-10-2024T05:58:49 - [TEST_STEP][PASSED] - scrollToElement(findTestObject("Выручка в рублях/Август 2024" + nameOfBlock), 30): Scroll to object 'Object Repository/Выручка в рублях/Август 2024' successfully

18-10-2024T05:58:49 - [MESSAGE][PASSED] - Scroll to object 'Object Repository/Выручка в рублях/Август 2024' successfully

18-10-2024T05:58:49 - [TEST_STEP][PASSED] - click(findTestObject("Выручка в рублях/Август 2024" + nameOfBlock)): Object: 'Object Repository/Выручка в рублях/Август 2024' is clicked on

18-10-2024T05:58:50 - [MESSAGE][PASSED] - Object: 'Object Repository/Выручка в рублях/Август 2024' is clicked on

18-10-2024T05:58:50 - [TEST_STEP][PASSED] - scrollToElement(findTestObject("Выручка в рублях/Заголовок дашборда" + nameOfBlock), 30): Scroll to object 'Object Repository/Выручка в рублях/Заголовок дашборда' successfully

18-10-2024T05:58:50 - [MESSAGE][PASSED] - Scroll to object 'Object Repository/Выручка в рублях/Заголовок дашборда' successfully

18-10-2024T05:58:50 - [TEST_STEP][PASSED] - click(findTestObject("Выручка в рублях/Применить в фильтре Дата" + nameOfBlock)): Object: 'Object Repository/Выручка в рублях/Применить в фильтре Дата' is clicked on

18-10-2024T05:58:51 - [MESSAGE][PASSED] - Object: 'Object Repository/Выручка в рублях/Применить в фильтре Дата' is clicked on

18-10-2024T05:58:51 - [TEST_STEP][PASSED] - delay(50): Delayed 50 second(s)

18-10-2024T05:59:41 - [MESSAGE][PASSED] - Delayed 50 second(s)

18-10-2024T05:59:41 - [TEST_STEP][PASSED] - click(findTestObject("Выручка в рублях/Фильтр ДЗО" + nameOfBlock)): Object: 'Object Repository/Выручка в рублях/Фильтр ДЗО' is clicked on

18-10-2024T05:59:41 - [MESSAGE][PASSED] - Object: 'Object Repository/Выручка в рублях/Фильтр ДЗО' is clicked on

18-10-2024T05:59:41 - [TEST_STEP][PASSED] - click(findTestObject("Выручка в рублях/Снять выделение в фильтре ДЗО" + nameOfBlock)): Object: 'Object Repository/Выручка в рублях/Снять выделение в фильтре ДЗО' is clicked on

18-10-2024T05:59:42 - [MESSAGE][PASSED] - Object: 'Object Repository/Выручка в рублях/Снять выделение в фильтре ДЗО' is clicked on

18-10-2024T05:59:42 - [TEST_STEP][PASSED] - click(findTestObject("Выручка в рублях/Применить в фильтре ДЗО" + nameOfBlock)): Object: 'Object Repository/Выручка в рублях/Применить в фильтре ДЗО' is clicked on

18-10-2024T05:59:42 - [MESSAGE][PASSED] - Object: 'Object Repository/Выручка в рублях/Применить в фильтре ДЗО' is clicked on

18-10-2024T05:59:42 - [TEST_STEP][PASSED] - delay(50): Delayed 50 second(s)

18-10-2024T06:00:32 - [MESSAGE][PASSED] - Delayed 50 second(s)

18-10-2024T06:00:32 - [TEST_STEP][PASSED] - Script1710234207206.Tumbler(run, vir, block, nameOfBlock): null

18-10-2024T06:00:32 - [TEST_STEP][PASSED] - println("run:" + run): null

18-10-2024T06:00:32 - [TEST_STEP][PASSED] - println("vir:" + vir): null

18-10-2024T06:00:32 - [TEST_STEP][PASSED] - println("block:" + block): null

18-10-2024T06:00:32 - [TEST_STEP][PASSED] - println("nameOfBlock:" + nameOfBlock): null

18-10-2024T06:00:32 - [TEST_STEP][PASSED] - if (vir == 1): null

18-10-2024T06:00:32 - [TEST_STEP][PASSED] - else if (vir == 2): null

18-10-2024T06:00:32 - [TEST_STEP][PASSED] - else if (vir == 3): Object: 'Object Repository/Выручка в рублях/Применить в фильтре Выручка' is clicked on

18-10-2024T06:00:32 - [TEST_STEP][PASSED] - if (run == 2): Object: 'Object Repository/Выручка в рублях/Переключить отображение с млн на проценты Выручка в рублях' is clicked on

18-10-2024T06:00:32 - [TEST_STEP][PASSED] - click(findTestObject("Выручка в рублях/Переключить отображение с млн на проценты Выручка в рублях" + nameOfBlock)): Object: 'Object Repository/Выручка в рублях/Переключить отображение с млн на проценты Выручка в рублях' is clicked on

18-10-2024T06:00:32 - [MESSAGE][PASSED] - Object: 'Object Repository/Выручка в рублях/Переключить отображение с млн на проценты Выручка в рублях' is clicked on

18-10-2024T06:00:32 - [TEST_STEP][PASSED] - click(findTestObject("Выручка в рублях/Фильтр Выручка" + nameOfBlock)): Object: 'Object Repository/Выручка в рублях/Фильтр Выручка' is clicked on

18-10-2024T06:00:33 - [MESSAGE][PASSED] - Object: 'Object Repository/Выручка в рублях/Фильтр Выручка' is clicked on

18-10-2024T06:00:33 - [TEST_STEP][PASSED] - click(findTestObject("Выручка в рублях/Внутренний оборот в фильтре Выручка" + nameOfBlock)): Object: 'Object Repository/Выручка в рублях/Внутренний оборот в фильтре Выручка' is clicked on

18-10-2024T06:00:33 - [MESSAGE][PASSED] - Object: 'Object Repository/Выручка в рублях/Внутренний оборот в фильтре Выручка' is clicked on

18-10-2024T06:00:33 - [TEST_STEP][PASSED] - click(findTestObject("Выручка в рублях/Применить в фильтре Выручка" + nameOfBlock)): Object: 'Object Repository/Выручка в рублях/Применить в фильтре Выручка' is clicked on

18-10-2024T06:00:34 - [MESSAGE][PASSED] - Object: 'Object Repository/Выручка в рублях/Применить в фильтре Выручка' is clicked on

18-10-2024T06:00:34 - [TEST_STEP][PASSED] - click(findTestObject("Выручка в рублях/Фильтр ДЗО" + nameOfBlock)): Object: 'Object Repository/Выручка в рублях/Фильтр ДЗО' is clicked on

18-10-2024T06:00:36 - [MESSAGE][PASSED] - Object: 'Object Repository/Выручка в рублях/Фильтр ДЗО' is clicked on

18-10-2024T06:00:36 - [TEST_STEP][PASSED] - Script1710234207206.Rosseti(nameOfBlock): null

18-10-2024T06:00:36 - [TEST_STEP][PASSED] - println("nameOfBlock:" + nameOfBlock): null

18-10-2024T06:00:36 - [TEST_STEP][PASSED] - click(findTestObject("Выручка в рублях/ПАО Россети" + nameOfBlock)): Object: 'Object Repository/Выручка в рублях/ПАО Россети' is clicked on

18-10-2024T06:00:37 - [MESSAGE][PASSED] - Object: 'Object Repository/Выручка в рублях/ПАО Россети' is clicked on

18-10-2024T06:00:37 - [TEST_STEP][PASSED] - click(findTestObject("Выручка в рублях/Применить в фильтре ДЗО" + nameOfBlock)): Object: 'Object Repository/Выручка в рублях/Применить в фильтре ДЗО' is clicked on

18-10-2024T06:00:37 - [MESSAGE][PASSED] - Object: 'Object Repository/Выручка в рублях/Применить в фильтре ДЗО' is clicked on

18-10-2024T06:00:37 - [TEST_STEP][PASSED] - if (run == 2): null

18-10-2024T06:00:37 - [TEST_STEP][PASSED] - perc = " Perc": null

18-10-2024T06:00:37 - [TEST_STEP][PASSED] - if (vir == 1 || vir == 2): null

18-10-2024T06:00:37 - [TEST_STEP][PASSED] - else: Text of object 'Object Repository/Выручка в рублях/vir3Plan' is: '15 949'

18-10-2024T06:00:37 - [TEST_STEP][PASSED] - a1 = getText(findTestObject("Выручка в рублях/vir3Plan")): Text of object 'Object Repository/Выручка в рублях/vir3Plan' is: '15 949'

18-10-2024T06:00:39 - [MESSAGE][PASSED] - Text of object 'Object Repository/Выручка в рублях/vir3Plan' is: '15 949'

18-10-2024T06:00:39 - [TEST_STEP][PASSED] - if (vir == 1 || vir == 2): null

18-10-2024T06:00:39 - [TEST_STEP][PASSED] - else: Text of object 'Object Repository/Выручка в рублях/vir3Fact' is: '16 473'

18-10-2024T06:00:39 - [TEST_STEP][PASSED] - a2 = getText(findTestObject("Выручка в рублях/vir3Fact")): Text of object 'Object Repository/Выручка в рублях/vir3Fact' is: '16 473'

18-10-2024T06:00:40 - [MESSAGE][PASSED] - Text of object 'Object Repository/Выручка в рублях/vir3Fact' is: '16 473'

18-10-2024T06:00:40 - [TEST_STEP][PASSED] - a30 = getText(findTestObject("Выручка в рублях/span1" + perc)): Text of object 'Object Repository/Выручка в рублях/span1 Perc' is: '-47.55 %'

18-10-2024T06:00:40 - [MESSAGE][PASSED] - Text of object 'Object Repository/Выручка в рублях/span1 Perc' is: '-47.55 %'

18-10-2024T06:00:40 - [TEST_STEP][PASSED] - i = a30.indexOf("млн.руб."): null

18-10-2024T06:00:40 - [TEST_STEP][PASSED] - if (i > -1): null

18-10-2024T06:00:40 - [TEST_STEP][PASSED] - if (a30.contains("%")): null

18-10-2024T06:00:40 - [TEST_STEP][PASSED] - a30 = a30.replaceAll("%", ""): null

18-10-2024T06:00:40 - [TEST_STEP][PASSED] - a30 = ").trim(): null

18-10-2024T06:00:40 - [TEST_STEP][PASSED] - println("a30: " + a30): null

18-10-2024T06:00:40 - [TEST_STEP][PASSED] - if (vir == 1 || vir == 2): null

18-10-2024T06:00:40 - [TEST_STEP][PASSED] - else: Text of object 'Object Repository/Выручка в рублях/span15 Perc' is: '-1.78 %'

18-10-2024T06:00:40 - [TEST_STEP][PASSED] - a31 = ").trim(): Text of object 'Object Repository/Выручка в рублях/span15 Perc' is: '-1.78 %'

18-10-2024T06:00:40 - [MESSAGE][PASSED] - Text of object 'Object Repository/Выручка в рублях/span15 Perc' is: '-1.78 %'

18-10-2024T06:00:40 - [TEST_STEP][PASSED] - if (vir == 1 || vir == 2): null

18-10-2024T06:00:40 - [TEST_STEP][PASSED] - else: Text of object 'Object Repository/Выручка в рублях/span16 Perc' is: '-49.1 %'

18-10-2024T06:00:40 - [TEST_STEP][PASSED] - a32 = ").trim(): Text of object 'Object Repository/Выручка в рублях/span16 Perc' is: '-49.1 %'

18-10-2024T06:00:41 - [MESSAGE][PASSED] - Text of object 'Object Repository/Выручка в рублях/span16 Perc' is: '-49.1 %'

18-10-2024T06:00:41 - [TEST_STEP][PASSED] - if (vir == 1 || vir == 2): null

18-10-2024T06:00:41 - [TEST_STEP][PASSED] - else: Text of object 'Object Repository/Выручка в рублях/span17 Perc' is: '-49.42 %'

18-10-2024T06:00:41 - [TEST_STEP][PASSED] - a37 = ").trim(): Text of object 'Object Repository/Выручка в рублях/span17 Perc' is: '-49.42 %'

18-10-2024T06:00:41 - [MESSAGE][PASSED] - Text of object 'Object Repository/Выручка в рублях/span17 Perc' is: '-49.42 %'

18-10-2024T06:00:41 - [TEST_STEP][PASSED] - if (vir == 1 || vir == 2): null

18-10-2024T06:00:41 - [TEST_STEP][PASSED] - else: Text of object 'Object Repository/Выручка в рублях/span18 Perc' is: '-45.8 %'

18-10-2024T06:00:41 - [TEST_STEP][PASSED] - a316 = ").trim(): Text of object 'Object Repository/Выручка в рублях/span18 Perc' is: '-45.8 %'

18-10-2024T06:00:41 - [MESSAGE][PASSED] - Text of object 'Object Repository/Выручка в рублях/span18 Perc' is: '-45.8 %'

18-10-2024T06:00:41 - [TEST_STEP][PASSED] - if (vir == 1 || vir == 2): null

18-10-2024T06:00:41 - [TEST_STEP][PASSED] - block = 2: null

18-10-2024T06:00:41 - [TEST_STEP][PASSED] - nameOfBlock = " Выручка": null

18-10-2024T06:00:41 - [TEST_STEP][PASSED] - Script1710234207206.PreSettings(run, vir, block, nameOfBlock, typeOfData, todaysDate): null

18-10-2024T06:00:41 - [TEST_STEP][PASSED] - openBrowser(""): Browser is opened with url: ''

18-10-2024T06:00:41 - [MESSAGE][WARNING] - A browser is already opened. Closing browser and opening a new one

18-10-2024T06:00:42 - [MESSAGE][INFO] - Starting 'Chrome' driver

18-10-2024T06:00:42 - [MESSAGE][INFO] - Action delay is set to 0 milliseconds

18-10-2024T06:00:43 - [MESSAGE][PASSED] - Browser is opened with url: ''

18-10-2024T06:00:43 - [TEST_STEP][PASSED] - refresh(): Refresh successfully

18-10-2024T06:00:43 - [MESSAGE][PASSED] - Refresh successfully

18-10-2024T06:00:43 - [TEST_STEP][PASSED] - delay(50): Delayed 50 second(s)

18-10-2024T06:01:33 - [MESSAGE][PASSED] - Delayed 50 second(s)

18-10-2024T06:01:33 - [TEST_STEP][PASSED] - println("run:" + run): null

18-10-2024T06:01:33 - [TEST_STEP][PASSED] - println("vir:" + vir): null

18-10-2024T06:01:33 - [TEST_STEP][PASSED] - println("block:" + block): null

18-10-2024T06:01:33 - [TEST_STEP][PASSED] - if (block == 1): null

18-10-2024T06:01:33 - [TEST_STEP][PASSED] - else: null

18-10-2024T06:01:33 - [TEST_STEP][PASSED] - nameOfBlock = " Выручка": null

18-10-2024T06:01:33 - [TEST_STEP][PASSED] - println("nameOfBlock:" + nameOfBlock): null

18-10-2024T06:01:33 - [TEST_STEP][PASSED] - println("typeOfData:" + typeOfData): null

18-10-2024T06:01:33 - [TEST_STEP][PASSED] - println("todaysDate:" + todaysDate): null

18-10-2024T06:01:33 - [TEST_STEP][PASSED] - Script1710234207206.Autorization(block, nameOfBlock): null

18-10-2024T06:01:33 - [TEST_STEP][PASSED] - i = <not implemented yet for class: org.codehaus.groovy.ast.expr.EmptyExpression>: null

18-10-2024T06:01:33 - [TEST_STEP][PASSED] - ii = <not implemented yet for class: org.codehaus.groovy.ast.expr.EmptyExpression>: null

18-10-2024T06:01:33 - [TEST_STEP][PASSED] - urlData = <not implemented yet for class: org.codehaus.groovy.ast.expr.EmptyExpression>: null

18-10-2024T06:01:33 - [TEST_STEP][PASSED] - searchWord = <not implemented yet for class: org.codehaus.groovy.ast.expr.EmptyExpression>: null

18-10-2024T06:01:33 - [TEST_STEP][PASSED] - urlText = <not implemented yet for class: org.codehaus.groovy.ast.expr.EmptyExpression>: null

18-10-2024T06:01:33 - [TEST_STEP][PASSED] - println("block:" + block): null

18-10-2024T06:01:33 - [TEST_STEP][PASSED] - if (block == 1): null

18-10-2024T06:01:33 - [TEST_STEP][PASSED] - else: null

18-10-2024T06:01:33 - [TEST_STEP][PASSED] - delay(45): Delayed 45 second(s)

18-10-2024T06:02:18 - [MESSAGE][PASSED] - Delayed 45 second(s)

18-10-2024T06:02:18 - [TEST_STEP][PASSED] - nameOfBlock = " Выручка": null

18-10-2024T06:02:18 - [TEST_STEP][PASSED] - println("nameOfBlock:" + nameOfBlock): null

18-10-2024T06:02:18 - [TEST_STEP][PASSED] - if (block == 1): null

18-10-2024T06:02:18 - [TEST_STEP][PASSED] - else: Delayed 45 second(s)

18-10-2024T06:02:18 - [TEST_STEP][PASSED] - urlData = 9: null

18-10-2024T06:02:18 - [TEST_STEP][PASSED] - delay(45): Delayed 45 second(s)

18-10-2024T06:03:03 - [MESSAGE][PASSED] - Delayed 45 second(s)

18-10-2024T06:03:03 - [TEST_STEP][PASSED] - navigateToUrl(findTestData("PlanFact").getValue(10, urlData)): Navigate to 'https://bi.rosseti.digital/viewer?dashboardGuid=a1fd28b3785d443cbc4d7690a1d78e31&sheetGuid=86092a20c5984827a0c87b24cac76a50&fit=true' successfully

18-10-2024T06:03:08 - [MESSAGE][PASSED] - Navigate to 'https://bi.rosseti.digital/viewer?dashboardGuid=a1fd28b3785d443cbc4d7690a1d78e31&sheetGuid=86092a20c5984827a0c87b24cac76a50&fit=true' successfully

18-10-2024T06:03:08 - [TEST_STEP][PASSED] - urlText = getText(findTestObject("Страница авторизации/Text")): Text of object 'Object Repository/Страница авторизации/Text' is: 'Вход'

18-10-2024T06:03:11 - [MESSAGE][PASSED] - Text of object 'Object Repository/Страница авторизации/Text' is: 'Вход'

18-10-2024T06:03:11 - [TEST_STEP][PASSED] - searchWord = "Вход": null

18-10-2024T06:03:11 - [TEST_STEP][PASSED] - if (urlText.contains("ошибка") || urlText.contains(searchWord) == false): null

18-10-2024T06:03:11 - [TEST_STEP][PASSED] - if (verifyElementPresent(findTestObject("Страница авторизации/button_"), 30) == true): null

18-10-2024T06:03:12 - [MESSAGE][PASSED] - Object 'Object Repository/Страница авторизации/button_' is present

18-10-2024T06:03:12 - [TEST_STEP][PASSED] - setText(findTestObject("Страница авторизации/input__username"), findTestData("PlanFact").getValue(8, 1)): Text 'shekhov-aa' is set on object 'Object Repository/Страница авторизации/input__username'

18-10-2024T06:03:12 - [MESSAGE][PASSED] - Text 'shekhov-aa' is set on object 'Object Repository/Страница авторизации/input__username'

18-10-2024T06:03:12 - [TEST_STEP][PASSED] - setText(findTestObject("Страница авторизации/input__password"), findTestData("PlanFact").getValue(9, 1)): Text 'i)RpQLLlXv9gUDC9' is set on object 'Object Repository/Страница авторизации/input__password'

18-10-2024T06:03:13 - [MESSAGE][PASSED] - Text 'i)RpQLLlXv9gUDC9' is set on object 'Object Repository/Страница авторизации/input__password'

18-10-2024T06:03:13 - [TEST_STEP][PASSED] - click(findTestObject("Страница авторизации/button_")): Object: 'Object Repository/Страница авторизации/button_' is clicked on

18-10-2024T06:03:16 - [MESSAGE][PASSED] - Object: 'Object Repository/Страница авторизации/button_' is clicked on

18-10-2024T06:03:16 - [TEST_STEP][PASSED] - delay(45): Delayed 45 second(s)

18-10-2024T06:04:01 - [MESSAGE][PASSED] - Delayed 45 second(s)

18-10-2024T06:04:01 - [TEST_STEP][PASSED] - urlText = getText(findTestObject("Страница авторизации/Text")): Text of object 'Object Repository/Страница авторизации/Text' is: 'Период
Выбрано: 4
Выручка
Все
Выполнение плановых показателей, млн.руб.
План
Факт
Динамика
2024 год
0 млн.руб.
100 000 млн.руб.
200 000 млн.руб.
300 000 млн.руб.
400 000 млн.руб.
500 000 млн.руб.
600 000 млн.руб.
700 000 млн.руб.
800 000 млн.руб.
900 000 млн.руб.
1 000 000 млн.руб.
1 100 000 млн.руб.
1 200 000 млн.руб.
938 020
964 061
↑
ДЗО 
Все
Подписи данных
⬤Отклонение
АО «Тываэнерго»
АО «Чеченэнерго»
Россети Волга
Россети Кубань
Россети Ленэнерго (ГК)
Россети Московский регион
Россети Северный Кавказ (ГК)
Россети Северо-Запад
Россети Сибирь (ГК)
Россети Томск
Россети Тюмень
Россети Урал (ГК)
Россети ФСК ЕЭС
Россети Центр
Россети Центр и Приволжье (ГК)
Россети Юг (ГК)
Россети Янтарь
-4 000 млн.руб.
-3 000 млн.руб.
-2 000 млн.руб.
-1 000 млн.руб.
0 млн.руб.
1 000 млн.руб.
2 000 млн.руб.
3 000 млн.руб.
4 000 млн.руб.
5 000 млн.руб.
6 000 млн.руб.
7 000 млн.руб.
8 000 млн.руб.
173
44
122
3 000
3 666
6 842
695
1 000
1 910
228
-3 453
1 778
1 353
3 442
3 872
1 131
237
млн.
%
Выручка
Отклонение выручки (факт/план, млн. руб) 
ПАО Россети
26 040.4 млн.руб.
Статус данных
×
Просьба обратить внимание
Данные занесены не полностью
ВЫБРАННЫЕ ЗНАЧЕНИЯ ФИЛЬТРОВ
ДЗО | ПЕРИОД
ПАО Россети: [«Выбраны все филиалы по всем ДЗО по всем категориям»]
2024: [Янв, Фев, Мар, Апр, Май, Июн, Июл, Авг]
*Внутренний оборот'

18-10-2024T06:04:02 - [MESSAGE][PASSED] - Text of object 'Object Repository/Страница авторизации/Text' is: 'Период
Выбрано: 4
Выручка
Все
Выполнение плановых показателей, млн.руб.
План
Факт
Динамика
2024 год
0 млн.руб.
100 000 млн.руб.
200 000 млн.руб.
300 000 млн.руб.
400 000 млн.руб.
500 000 млн.руб.
600 000 млн.руб.
700 000 млн.руб.
800 000 млн.руб.
900 000 млн.руб.
1 000 000 млн.руб.
1 100 000 млн.руб.
1 200 000 млн.руб.
938 020
964 061
↑
ДЗО 
Все
Подписи данных
⬤Отклонение
АО «Тываэнерго»
АО «Чеченэнерго»
Россети Волга
Россети Кубань
Россети Ленэнерго (ГК)
Россети Московский регион
Россети Северный Кавказ (ГК)
Россети Северо-Запад
Россети Сибирь (ГК)
Россети Томск
Россети Тюмень
Россети Урал (ГК)
Россети ФСК ЕЭС
Россети Центр
Россети Центр и Приволжье (ГК)
Россети Юг (ГК)
Россети Янтарь
-4 000 млн.руб.
-3 000 млн.руб.
-2 000 млн.руб.
-1 000 млн.руб.
0 млн.руб.
1 000 млн.руб.
2 000 млн.руб.
3 000 млн.руб.
4 000 млн.руб.
5 000 млн.руб.
6 000 млн.руб.
7 000 млн.руб.
8 000 млн.руб.
173
44
122
3 000
3 666
6 842
695
1 000
1 910
228
-3 453
1 778
1 353
3 442
3 872
1 131
237
млн.
%
Выручка
Отклонение выручки (факт/план, млн. руб) 
ПАО Россети
26 040.4 млн.руб.
Статус данных
×
Просьба обратить внимание
Данные занесены не полностью
ВЫБРАННЫЕ ЗНАЧЕНИЯ ФИЛЬТРОВ
ДЗО | ПЕРИОД
ПАО Россети: [«Выбраны все филиалы по всем ДЗО по всем категориям»]
2024: [Янв, Фев, Мар, Апр, Май, Июн, Июл, Авг]
*Внутренний оборот'

18-10-2024T06:04:02 - [TEST_STEP][PASSED] - searchWord = "а": null

18-10-2024T06:04:02 - [TEST_STEP][PASSED] - if (urlText.contains("ошибка") || urlText.contains(searchWord) == false): null

18-10-2024T06:04:02 - [TEST_STEP][PASSED] - delay(45): Delayed 45 second(s)

18-10-2024T06:04:47 - [MESSAGE][PASSED] - Delayed 45 second(s)

18-10-2024T06:04:47 - [TEST_STEP][PASSED] - if (block == 2): Delayed 50 second(s)

18-10-2024T06:04:47 - [TEST_STEP][PASSED] - opoveshenie = getText(findTestObject("Выручка в рублях/Просьба обратить внимание")): Text of object 'Object Repository/Выручка в рублях/Просьба обратить внимание' is: 'Просьба обратить внимание'

18-10-2024T06:04:47 - [MESSAGE][PASSED] - Text of object 'Object Repository/Выручка в рублях/Просьба обратить внимание' is: 'Просьба обратить внимание'

18-10-2024T06:04:47 - [TEST_STEP][PASSED] - if (opoveshenie == "Просьба обратить внимание"): Delayed 50 second(s)

18-10-2024T06:04:47 - [TEST_STEP][PASSED] - click(findTestObject("Выручка в рублях/Закрыть оповещение")): Object: 'Object Repository/Выручка в рублях/Закрыть оповещение' is clicked on

18-10-2024T06:04:47 - [MESSAGE][PASSED] - Object: 'Object Repository/Выручка в рублях/Закрыть оповещение' is clicked on

18-10-2024T06:04:47 - [TEST_STEP][PASSED] - delay(50): Delayed 50 second(s)

18-10-2024T06:05:37 - [MESSAGE][PASSED] - Delayed 50 second(s)

18-10-2024T06:05:37 - [TEST_STEP][PASSED] - click(findTestObject("Выручка в рублях/Фильтр Период" + nameOfBlock)): Object: 'Object Repository/Выручка в рублях/Фильтр Период Выручка' is clicked on

18-10-2024T06:05:38 - [MESSAGE][PASSED] - Object: 'Object Repository/Выручка в рублях/Фильтр Период Выручка' is clicked on

18-10-2024T06:05:38 - [TEST_STEP][PASSED] - click(findTestObject("Выручка в рублях/Снять выделение в фильтре Дата" + nameOfBlock)): Object: 'Object Repository/Выручка в рублях/Снять выделение в фильтре Дата Выручка' is clicked on

18-10-2024T06:05:38 - [MESSAGE][PASSED] - Object: 'Object Repository/Выручка в рублях/Снять выделение в фильтре Дата Выручка' is clicked on

18-10-2024T06:05:38 - [TEST_STEP][PASSED] - click(findTestObject("Выручка в рублях/Применить в фильтре Дата" + nameOfBlock)): Object: 'Object Repository/Выручка в рублях/Применить в фильтре Дата Выручка' is clicked on

18-10-2024T06:05:39 - [MESSAGE][PASSED] - Object: 'Object Repository/Выручка в рублях/Применить в фильтре Дата Выручка' is clicked on

18-10-2024T06:05:39 - [TEST_STEP][PASSED] - delay(50): Delayed 50 second(s)

18-10-2024T06:06:29 - [MESSAGE][PASSED] - Delayed 50 second(s)

18-10-2024T06:06:29 - [TEST_STEP][PASSED] - click(findTestObject("Выручка в рублях/Фильтр Период" + nameOfBlock)): Object: 'Object Repository/Выручка в рублях/Фильтр Период Выручка' is clicked on

18-10-2024T06:06:29 - [MESSAGE][PASSED] - Object: 'Object Repository/Выручка в рублях/Фильтр Период Выручка' is clicked on

18-10-2024T06:06:29 - [TEST_STEP][PASSED] - click(findTestObject("Выручка в рублях/Снять выделение в фильтре Дата" + nameOfBlock)): Object: 'Object Repository/Выручка в рублях/Снять выделение в фильтре Дата Выручка' is clicked on

18-10-2024T06:06:30 - [MESSAGE][PASSED] - Object: 'Object Repository/Выручка в рублях/Снять выделение в фильтре Дата Выручка' is clicked on

18-10-2024T06:06:30 - [TEST_STEP][PASSED] - scrollToElement(findTestObject("Выручка в рублях/2024 список" + nameOfBlock), 30): Scroll to object 'Object Repository/Выручка в рублях/2024 список Выручка' successfully

18-10-2024T06:06:30 - [MESSAGE][PASSED] - Scroll to object 'Object Repository/Выручка в рублях/2024 список Выручка' successfully

18-10-2024T06:06:30 - [TEST_STEP][PASSED] - click(findTestObject("Выручка в рублях/2024 список" + nameOfBlock)): Object: 'Object Repository/Выручка в рублях/2024 список Выручка' is clicked on

18-10-2024T06:06:30 - [MESSAGE][PASSED] - Object: 'Object Repository/Выручка в рублях/2024 список Выручка' is clicked on

18-10-2024T06:06:30 - [TEST_STEP][PASSED] - scrollToElement(findTestObject("Выручка в рублях/1 квартал 2024 выбрать" + nameOfBlock), 30): Scroll to object 'Object Repository/Выручка в рублях/1 квартал 2024 выбрать Выручка' successfully

18-10-2024T06:06:31 - [MESSAGE][PASSED] - Scroll to object 'Object Repository/Выручка в рублях/1 квартал 2024 выбрать Выручка' successfully

18-10-2024T06:06:31 - [TEST_STEP][PASSED] - click(findTestObject("Выручка в рублях/1 квартал 2024 выбрать" + nameOfBlock)): Object: 'Object Repository/Выручка в рублях/1 квартал 2024 выбрать Выручка' is clicked on

18-10-2024T06:06:31 - [MESSAGE][PASSED] - Object: 'Object Repository/Выручка в рублях/1 квартал 2024 выбрать Выручка' is clicked on

18-10-2024T06:06:31 - [TEST_STEP][PASSED] - scrollToElement(findTestObject("Выручка в рублях/2 квартал 2024 выбрать" + nameOfBlock), 30): Scroll to object 'Object Repository/Выручка в рублях/2 квартал 2024 выбрать Выручка' successfully

18-10-2024T06:06:31 - [MESSAGE][PASSED] - Scroll to object 'Object Repository/Выручка в рублях/2 квартал 2024 выбрать Выручка' successfully

18-10-2024T06:06:31 - [TEST_STEP][PASSED] - click(findTestObject("Выручка в рублях/2 квартал 2024 выбрать" + nameOfBlock)): Object: 'Object Repository/Выручка в рублях/2 квартал 2024 выбрать Выручка' is clicked on

18-10-2024T06:06:32 - [MESSAGE][PASSED] - Object: 'Object Repository/Выручка в рублях/2 квартал 2024 выбрать Выручка' is clicked on

18-10-2024T06:06:32 - [TEST_STEP][PASSED] - scrollToElement(findTestObject("Выручка в рублях/3 квартал 2024 список" + nameOfBlock), 30): Scroll to object 'Object Repository/Выручка в рублях/3 квартал 2024 список Выручка' successfully

18-10-2024T06:06:32 - [MESSAGE][PASSED] - Scroll to object 'Object Repository/Выручка в рублях/3 квартал 2024 список Выручка' successfully

18-10-2024T06:06:32 - [TEST_STEP][PASSED] - click(findTestObject("Выручка в рублях/3 квартал 2024 список" + nameOfBlock)): Object: 'Object Repository/Выручка в рублях/3 квартал 2024 список Выручка' is clicked on

18-10-2024T06:06:33 - [MESSAGE][PASSED] - Object: 'Object Repository/Выручка в рублях/3 квартал 2024 список Выручка' is clicked on

18-10-2024T06:06:33 - [TEST_STEP][PASSED] - click(findTestObject("Выручка в рублях/Июль 2024" + nameOfBlock)): Object: 'Object Repository/Выручка в рублях/Июль 2024 Выручка' is clicked on

18-10-2024T06:06:33 - [MESSAGE][PASSED] - Object: 'Object Repository/Выручка в рублях/Июль 2024 Выручка' is clicked on

18-10-2024T06:06:33 - [TEST_STEP][PASSED] - scrollToElement(findTestObject("Выручка в рублях/Август 2024" + nameOfBlock), 30): Scroll to object 'Object Repository/Выручка в рублях/Август 2024 Выручка' successfully

18-10-2024T06:06:33 - [MESSAGE][PASSED] - Scroll to object 'Object Repository/Выручка в рублях/Август 2024 Выручка' successfully

18-10-2024T06:06:33 - [TEST_STEP][PASSED] - click(findTestObject("Выручка в рублях/Август 2024" + nameOfBlock)): Object: 'Object Repository/Выручка в рублях/Август 2024 Выручка' is clicked on

18-10-2024T06:06:34 - [MESSAGE][PASSED] - Object: 'Object Repository/Выручка в рублях/Август 2024 Выручка' is clicked on

18-10-2024T06:06:34 - [TEST_STEP][PASSED] - scrollToElement(findTestObject("Выручка в рублях/Заголовок дашборда" + nameOfBlock), 30): Scroll to object 'Object Repository/Выручка в рублях/Заголовок дашборда Выручка' successfully

18-10-2024T06:06:34 - [MESSAGE][PASSED] - Scroll to object 'Object Repository/Выручка в рублях/Заголовок дашборда Выручка' successfully

18-10-2024T06:06:34 - [TEST_STEP][PASSED] - click(findTestObject("Выручка в рублях/Применить в фильтре Дата" + nameOfBlock)): Object: 'Object Repository/Выручка в рублях/Применить в фильтре Дата Выручка' is clicked on

18-10-2024T06:06:35 - [MESSAGE][PASSED] - Object: 'Object Repository/Выручка в рублях/Применить в фильтре Дата Выручка' is clicked on

18-10-2024T06:06:35 - [TEST_STEP][PASSED] - delay(50): Delayed 50 second(s)

18-10-2024T06:07:25 - [MESSAGE][PASSED] - Delayed 50 second(s)

18-10-2024T06:07:25 - [TEST_STEP][PASSED] - click(findTestObject("Выручка в рублях/Фильтр ДЗО" + nameOfBlock)): Object: 'Object Repository/Выручка в рублях/Фильтр ДЗО Выручка' is clicked on

18-10-2024T06:07:25 - [MESSAGE][PASSED] - Object: 'Object Repository/Выручка в рублях/Фильтр ДЗО Выручка' is clicked on

18-10-2024T06:07:25 - [TEST_STEP][PASSED] - click(findTestObject("Выручка в рублях/Снять выделение в фильтре ДЗО" + nameOfBlock)): Object: 'Object Repository/Выручка в рублях/Снять выделение в фильтре ДЗО Выручка' is clicked on

18-10-2024T06:07:26 - [MESSAGE][PASSED] - Object: 'Object Repository/Выручка в рублях/Снять выделение в фильтре ДЗО Выручка' is clicked on

18-10-2024T06:07:26 - [TEST_STEP][PASSED] - click(findTestObject("Выручка в рублях/Применить в фильтре ДЗО" + nameOfBlock)): Object: 'Object Repository/Выручка в рублях/Применить в фильтре ДЗО Выручка' is clicked on

18-10-2024T06:07:26 - [MESSAGE][PASSED] - Object: 'Object Repository/Выручка в рублях/Применить в фильтре ДЗО Выручка' is clicked on

18-10-2024T06:07:26 - [TEST_STEP][PASSED] - delay(50): Delayed 50 second(s)

18-10-2024T06:08:16 - [MESSAGE][PASSED] - Delayed 50 second(s)

18-10-2024T06:08:16 - [TEST_STEP][PASSED] - Script1710234207206.Tumbler(run, vir, block, nameOfBlock): null

18-10-2024T06:08:16 - [TEST_STEP][PASSED] - println("run:" + run): null

18-10-2024T06:08:16 - [TEST_STEP][PASSED] - println("vir:" + vir): null

18-10-2024T06:08:16 - [TEST_STEP][PASSED] - println("block:" + block): null

18-10-2024T06:08:16 - [TEST_STEP][PASSED] - println("nameOfBlock:" + nameOfBlock): null

18-10-2024T06:08:16 - [TEST_STEP][PASSED] - if (vir == 1): null

18-10-2024T06:08:16 - [TEST_STEP][PASSED] - else if (vir == 2): null

18-10-2024T06:08:16 - [TEST_STEP][PASSED] - else if (vir == 3): Object: 'Object Repository/Выручка в рублях/Применить в фильтре Выручка Выручка' is clicked on

18-10-2024T06:08:16 - [TEST_STEP][PASSED] - if (run == 2): Object: 'Object Repository/Выручка в рублях/Переключить отображение с млн на проценты Выручка в рублях Выручка' is clicked on

18-10-2024T06:08:16 - [TEST_STEP][PASSED] - click(findTestObject("Выручка в рублях/Переключить отображение с млн на проценты Выручка в рублях" + nameOfBlock)): Object: 'Object Repository/Выручка в рублях/Переключить отображение с млн на проценты Выручка в рублях Выручка' is clicked on

18-10-2024T06:08:17 - [MESSAGE][PASSED] - Object: 'Object Repository/Выручка в рублях/Переключить отображение с млн на проценты Выручка в рублях Выручка' is clicked on

18-10-2024T06:08:17 - [TEST_STEP][PASSED] - click(findTestObject("Выручка в рублях/Фильтр Выручка" + nameOfBlock)): Object: 'Object Repository/Выручка в рублях/Фильтр Выручка Выручка' is clicked on

18-10-2024T06:08:17 - [MESSAGE][PASSED] - Object: 'Object Repository/Выручка в рублях/Фильтр Выручка Выручка' is clicked on

18-10-2024T06:08:17 - [TEST_STEP][PASSED] - click(findTestObject("Выручка в рублях/Внутренний оборот в фильтре Выручка" + nameOfBlock)): Object: 'Object Repository/Выручка в рублях/Внутренний оборот в фильтре Выручка Выручка' is clicked on

18-10-2024T06:08:17 - [MESSAGE][PASSED] - Object: 'Object Repository/Выручка в рублях/Внутренний оборот в фильтре Выручка Выручка' is clicked on

18-10-2024T06:08:17 - [TEST_STEP][PASSED] - click(findTestObject("Выручка в рублях/Применить в фильтре Выручка" + nameOfBlock)): Object: 'Object Repository/Выручка в рублях/Применить в фильтре Выручка Выручка' is clicked on

18-10-2024T06:08:18 - [MESSAGE][PASSED] - Object: 'Object Repository/Выручка в рублях/Применить в фильтре Выручка Выручка' is clicked on

18-10-2024T06:08:18 - [TEST_STEP][PASSED] - click(findTestObject("Выручка в рублях/Фильтр ДЗО" + nameOfBlock)): Object: 'Object Repository/Выручка в рублях/Фильтр ДЗО Выручка' is clicked on

18-10-2024T06:08:21 - [MESSAGE][PASSED] - Object: 'Object Repository/Выручка в рублях/Фильтр ДЗО Выручка' is clicked on

18-10-2024T06:08:21 - [TEST_STEP][PASSED] - Script1710234207206.Rosseti(nameOfBlock): null

18-10-2024T06:08:21 - [TEST_STEP][PASSED] - println("nameOfBlock:" + nameOfBlock): null

18-10-2024T06:08:21 - [TEST_STEP][PASSED] - click(findTestObject("Выручка в рублях/ПАО Россети" + nameOfBlock)): Object: 'Object Repository/Выручка в рублях/ПАО Россети Выручка' is clicked on

18-10-2024T06:08:21 - [MESSAGE][PASSED] - Object: 'Object Repository/Выручка в рублях/ПАО Россети Выручка' is clicked on

18-10-2024T06:08:21 - [TEST_STEP][PASSED] - click(findTestObject("Выручка в рублях/Применить в фильтре ДЗО" + nameOfBlock)): Object: 'Object Repository/Выручка в рублях/Применить в фильтре ДЗО Выручка' is clicked on

18-10-2024T06:08:22 - [MESSAGE][PASSED] - Object: 'Object Repository/Выручка в рублях/Применить в фильтре ДЗО Выручка' is clicked on

18-10-2024T06:08:22 - [TEST_STEP][PASSED] - if (vir == 1 || vir == 2): null

18-10-2024T06:08:22 - [TEST_STEP][PASSED] - else: Text of object 'Object Repository/Выручка в рублях/vir3Plan Выручка' is: '15 949'

18-10-2024T06:08:22 - [TEST_STEP][PASSED] - b1 = getText(findTestObject("Выручка в рублях/vir3Plan Выручка")): Text of object 'Object Repository/Выручка в рублях/vir3Plan Выручка' is: '15 949'

18-10-2024T06:08:24 - [MESSAGE][PASSED] - Text of object 'Object Repository/Выручка в рублях/vir3Plan Выручка' is: '15 949'

18-10-2024T06:08:24 - [TEST_STEP][PASSED] - if (vir == 1 || vir == 2): null

18-10-2024T06:08:24 - [TEST_STEP][PASSED] - else: Text of object 'Object Repository/Выручка в рублях/vir3Fact Выручка' is: '16 473'

18-10-2024T06:08:24 - [TEST_STEP][PASSED] - b2 = getText(findTestObject("Выручка в рублях/vir3Fact Выручка")): Text of object 'Object Repository/Выручка в рублях/vir3Fact Выручка' is: '16 473'

18-10-2024T06:08:24 - [MESSAGE][PASSED] - Text of object 'Object Repository/Выручка в рублях/vir3Fact Выручка' is: '16 473'

18-10-2024T06:08:24 - [TEST_STEP][PASSED] - b30 = getText(findTestObject("Выручка в рублях/span1" + perc)): Text of object 'Object Repository/Выручка в рублях/span1 Perc' is: '3.29 %'

18-10-2024T06:08:25 - [MESSAGE][PASSED] - Text of object 'Object Repository/Выручка в рублях/span1 Perc' is: '3.29 %'

18-10-2024T06:08:25 - [TEST_STEP][PASSED] - i = b30.indexOf("млн.руб."): null

18-10-2024T06:08:25 - [TEST_STEP][PASSED] - if (i > -1): null

18-10-2024T06:08:25 - [TEST_STEP][PASSED] - if (b30.contains("%")): null

18-10-2024T06:08:25 - [TEST_STEP][PASSED] - b30 = b30.replaceAll("%", ""): null

18-10-2024T06:08:25 - [TEST_STEP][PASSED] - b30 = ").trim(): null

18-10-2024T06:08:25 - [TEST_STEP][PASSED] - println("b30: " + b30): null

18-10-2024T06:08:25 - [TEST_STEP][PASSED] - if (vir == 1 || vir == 2): null

18-10-2024T06:08:25 - [TEST_STEP][PASSED] - else: Text of object 'Object Repository/Выручка в рублях/span15 Perc' is: '-1.78 %'

18-10-2024T06:08:25 - [TEST_STEP][PASSED] - b31 = ").trim(): Text of object 'Object Repository/Выручка в рублях/span15 Perc' is: '-1.78 %'

18-10-2024T06:08:25 - [MESSAGE][PASSED] - Text of object 'Object Repository/Выручка в рублях/span15 Perc' is: '-1.78 %'

18-10-2024T06:08:25 - [TEST_STEP][PASSED] - if (vir == 1 || vir == 2): null

18-10-2024T06:08:25 - [TEST_STEP][PASSED] - else: Text of object 'Object Repository/Выручка в рублях/span16 Perc' is: '1.81 %'

18-10-2024T06:08:25 - [TEST_STEP][PASSED] - b32 = ").trim(): Text of object 'Object Repository/Выручка в рублях/span16 Perc' is: '1.81 %'

18-10-2024T06:08:25 - [MESSAGE][PASSED] - Text of object 'Object Repository/Выручка в рублях/span16 Perc' is: '1.81 %'

18-10-2024T06:08:25 - [TEST_STEP][PASSED] - if (vir == 1 || vir == 2): null

18-10-2024T06:08:25 - [TEST_STEP][PASSED] - else: Text of object 'Object Repository/Выручка в рублях/span17 Perc' is: '4.01 %'

18-10-2024T06:08:25 - [TEST_STEP][PASSED] - b37 = ").trim(): Text of object 'Object Repository/Выручка в рублях/span17 Perc' is: '4.01 %'

18-10-2024T06:08:25 - [MESSAGE][PASSED] - Text of object 'Object Repository/Выручка в рублях/span17 Perc' is: '4.01 %'

18-10-2024T06:08:25 - [TEST_STEP][PASSED] - if (vir == 1 || vir == 2): null

18-10-2024T06:08:25 - [TEST_STEP][PASSED] - else: Text of object 'Object Repository/Выручка в рублях/span18 Perc' is: '8.4 %'

18-10-2024T06:08:25 - [TEST_STEP][PASSED] - b316 = ").trim(): Text of object 'Object Repository/Выручка в рублях/span18 Perc' is: '8.4 %'

18-10-2024T06:08:26 - [MESSAGE][PASSED] - Text of object 'Object Repository/Выручка в рублях/span18 Perc' is: '8.4 %'

18-10-2024T06:08:26 - [TEST_STEP][PASSED] - if (vir == 1 || vir == 2): null

18-10-2024T06:08:26 - [TEST_STEP][PASSED] - dZO = "ПАО Россети": null

18-10-2024T06:08:26 - [TEST_STEP][PASSED] - if (verifyEqual(a1, b1) == false): Actual object '15 949' and expected object '15 949' are equal

18-10-2024T06:08:26 - [MESSAGE][PASSED] - Actual object '15 949' and expected object '15 949' are equal

18-10-2024T06:08:26 - [TEST_STEP][PASSED] - if (verifyEqual(a2, b2) == false): Actual object '16 473' and expected object '16 473' are equal

18-10-2024T06:08:26 - [MESSAGE][PASSED] - Actual object '16 473' and expected object '16 473' are equal

18-10-2024T06:08:26 - [TEST_STEP][PASSED] - vidget = "Отклонения": null

18-10-2024T06:08:26 - [TEST_STEP][FAILED] - if (verifyEqual(a30, b30) == false): null

18-10-2024T06:08:26 - [MESSAGE][FAILED] - Unable to verify equal between actual object '-47.55' and expected object '3.29' (Root cause: com.kms.katalon.core.exception.StepFailedException: Actual object '-47.55' and expected object '3.29' are not equal
	at com.kms.katalon.core.keyword.builtin.VerifyEqualKeyword$_verifyEqual_closure1.doCall(VerifyEqualKeyword.groovy:58)
	at com.kms.katalon.core.keyword.builtin.VerifyEqualKeyword$_verifyEqual_closure1.call(VerifyEqualKeyword.groovy)
	at com.kms.katalon.core.keyword.internal.KeywordMain.runKeyword(KeywordMain.groovy:75)
	at com.kms.katalon.core.keyword.builtin.VerifyEqualKeyword.verifyEqual(VerifyEqualKeyword.groovy:63)
	at com.kms.katalon.core.keyword.builtin.VerifyEqualKeyword.execute(VerifyEqualKeyword.groovy:44)
	at com.kms.katalon.core.keyword.internal.KeywordExecutor.executeKeywordForPlatform(KeywordExecutor.groovy:74)
	at com.kms.katalon.core.keyword.BuiltinKeywords.verifyEqual(BuiltinKeywords.groovy:146)
	at jdk.internal.reflect.GeneratedMethodAccessor21.invoke(Unknown Source)
	at java.base/jdk.internal.reflect.DelegatingMethodAccessorImpl.invoke(DelegatingMethodAccessorImpl.java:43)
	at Выручка в рублях сверка дашбордов ПАО Россети.Blocks(Выручка в рублях сверка дашбордов ПАО Россети:357)
	at Выручка в рублях сверка дашбордов ПАО Россети.ViruchkaChange(Выручка в рублях сверка дашбордов ПАО Россети:60)
	at Выручка в рублях сверка дашбордов ПАО Россети.run(Выручка в рублях сверка дашбордов ПАО Россети:55)
	at com.kms.katalon.core.main.ScriptEngine.run(ScriptEngine.java:194)
	at com.kms.katalon.core.main.ScriptEngine.runScriptAsRawText(ScriptEngine.java:119)
	at com.kms.katalon.core.main.TestCaseExecutor.runScript(TestCaseExecutor.java:448)
	at com.kms.katalon.core.main.TestCaseExecutor.doExecute(TestCaseExecutor.java:439)
	at com.kms.katalon.core.main.TestCaseExecutor.processExecutionPhase(TestCaseExecutor.java:418)
	at com.kms.katalon.core.main.TestCaseExecutor.accessMainPhase(TestCaseExecutor.java:410)
	at com.kms.katalon.core.main.TestCaseExecutor.execute(TestCaseExecutor.java:285)
	at com.kms.katalon.core.common.CommonExecutor.accessTestCaseMainPhase(CommonExecutor.java:65)
	at com.kms.katalon.core.main.TestSuiteExecutor.accessTestSuiteMainPhase(TestSuiteExecutor.java:150)
	at com.kms.katalon.core.main.TestSuiteExecutor.execute(TestSuiteExecutor.java:106)
	at com.kms.katalon.core.main.TestCaseMain.startTestSuite(TestCaseMain.java:180)
	at TempTestSuite1729215855985.run(TempTestSuite1729215855985.groovy:35)
	at java.base/jdk.internal.reflect.NativeMethodAccessorImpl.invoke0(Native Method)
	at java.base/jdk.internal.reflect.NativeMethodAccessorImpl.invoke(NativeMethodAccessorImpl.java:77)
	at java.base/jdk.internal.reflect.DelegatingMethodAccessorImpl.invoke(DelegatingMethodAccessorImpl.java:43)
)

18-10-2024T06:08:26 - [TEST_STEP][PASSED] - a = a30.toDouble(): null

18-10-2024T06:08:26 - [TEST_STEP][PASSED] - b = b30.toDouble(): null

18-10-2024T06:08:26 - [TEST_STEP][PASSED] - Script1710234207206.WriteToExcel(todaysDate, run, vir, block, typeOfData, viruchka, vidget, nameOfBlock, a, b, dZO): null

18-10-2024T06:08:26 - [TEST_STEP][PASSED] - println(run): null

18-10-2024T06:08:26 - [TEST_STEP][PASSED] - if (run == 1): null

18-10-2024T06:08:26 - [TEST_STEP][PASSED] - else if (run == 2): null

18-10-2024T06:08:26 - [TEST_STEP][PASSED] - typeOfData = "Проценты": null

18-10-2024T06:08:26 - [TEST_STEP][PASSED] - println("todaysDate:" + todaysDate): null

18-10-2024T06:08:26 - [TEST_STEP][PASSED] - println("typeOfData:" + typeOfData): null

18-10-2024T06:08:26 - [TEST_STEP][PASSED] - viruchka = getText(findTestObject("Выручка в рублях/Фильтр Выручка" + nameOfBlock)): Text of object 'Object Repository/Выручка в рублях/Фильтр Выручка Выручка' is: 'ПЕРЕДАЧА ЭЛЕКТРОЭНЕРГИИ, внутренний оборот'

18-10-2024T06:08:26 - [MESSAGE][PASSED] - Text of object 'Object Repository/Выручка в рублях/Фильтр Выручка Выручка' is: 'ПЕРЕДАЧА ЭЛЕКТРОЭНЕРГИИ, внутренний оборот'

18-10-2024T06:08:26 - [TEST_STEP][PASSED] - println("viruchka" + viruchka): null

18-10-2024T06:08:26 - [TEST_STEP][PASSED] - println("vidget" + vidget): null

18-10-2024T06:08:26 - [TEST_STEP][PASSED] - println("a" + a): null

18-10-2024T06:08:26 - [TEST_STEP][PASSED] - println("b" + b): null

18-10-2024T06:08:26 - [TEST_STEP][PASSED] - sheetName = "Sheet1": null

18-10-2024T06:08:26 - [TEST_STEP][PASSED] - data = findTestData("PlanFact"): null

18-10-2024T06:08:26 - [TEST_STEP][PASSED] - n = data.getRowNumbers() + 1: null

18-10-2024T06:08:26 - [TEST_STEP][PASSED] - period = getText(findTestObject("Выручка в рублях/Фильтр Период")): Text of object 'Object Repository/Выручка в рублях/Фильтр Период' is: 'Июль, Август и 1, 2 кв. 2024 года'

18-10-2024T06:08:26 - [MESSAGE][PASSED] - Text of object 'Object Repository/Выручка в рублях/Фильтр Период' is: 'Июль, Август и 1, 2 кв. 2024 года'

18-10-2024T06:08:26 - [TEST_STEP][PASSED] - println(period): null

18-10-2024T06:08:26 - [TEST_STEP][PASSED] - dashboardName = "Выручка в рублях": null

18-10-2024T06:08:26 - [TEST_STEP][PASSED] - workbook01 = getWorkbook(excelFilePath): null

18-10-2024T06:08:26 - [TEST_STEP][PASSED] - sheet01 = getExcelSheet(workbook01, sheetName): null

18-10-2024T06:08:26 - [TEST_STEP][PASSED] - setValueToCellByIndex(sheet01, n, 0, dashboardName): null

18-10-2024T06:08:26 - [TEST_STEP][PASSED] - setValueToCellByIndex(sheet01, n, 1, dZO): null

18-10-2024T06:08:26 - [TEST_STEP][PASSED] - setValueToCellByIndex(sheet01, n, 2, vidget): null

18-10-2024T06:08:26 - [TEST_STEP][PASSED] - setValueToCellByIndex(sheet01, n, 3, viruchka): null

18-10-2024T06:08:26 - [TEST_STEP][PASSED] - setValueToCellByIndex(sheet01, n, 4, typeOfData): null

18-10-2024T06:08:26 - [TEST_STEP][PASSED] - if (a == null): null

18-10-2024T06:08:26 - [TEST_STEP][PASSED] - else: null

18-10-2024T06:08:26 - [TEST_STEP][PASSED] - setValueToCellByIndex(sheet01, n, 5, a): null

18-10-2024T06:08:26 - [TEST_STEP][PASSED] - if (b == null): null

18-10-2024T06:08:26 - [TEST_STEP][PASSED] - else: null

18-10-2024T06:08:26 - [TEST_STEP][PASSED] - setValueToCellByIndex(sheet01, n, 6, b): null

18-10-2024T06:08:26 - [TEST_STEP][PASSED] - setValueToCellByIndex(sheet01, n, 7, period): null

18-10-2024T06:08:26 - [TEST_STEP][PASSED] - setValueToCellByIndex(sheet01, n, 8, todaysDate): null

18-10-2024T06:08:26 - [TEST_STEP][PASSED] - n = n + 1: null

18-10-2024T06:08:26 - [TEST_STEP][PASSED] - saveWorkbook(excelFilePath, workbook01): null

18-10-2024T06:08:27 - [TEST_STEP][PASSED] - dZO = "АО «Тываэнерго»": null

18-10-2024T06:08:27 - [TEST_STEP][PASSED] - if (verifyEqual(a31, b31) == false): Actual object '-1.78' and expected object '-1.78' are equal

18-10-2024T06:08:27 - [MESSAGE][PASSED] - Actual object '-1.78' and expected object '-1.78' are equal

18-10-2024T06:08:27 - [TEST_STEP][PASSED] - dZO = "АО «Чеченэнерго»": null

18-10-2024T06:08:27 - [TEST_STEP][FAILED] - if (verifyEqual(a32, b32) == false): null

18-10-2024T06:08:27 - [MESSAGE][FAILED] - Unable to verify equal between actual object '-49.1' and expected object '1.81' (Root cause: com.kms.katalon.core.exception.StepFailedException: Actual object '-49.1' and expected object '1.81' are not equal
	at com.kms.katalon.core.keyword.builtin.VerifyEqualKeyword$_verifyEqual_closure1.doCall(VerifyEqualKeyword.groovy:58)
	at com.kms.katalon.core.keyword.builtin.VerifyEqualKeyword$_verifyEqual_closure1.call(VerifyEqualKeyword.groovy)
	at com.kms.katalon.core.keyword.internal.KeywordMain.runKeyword(KeywordMain.groovy:75)
	at com.kms.katalon.core.keyword.builtin.VerifyEqualKeyword.verifyEqual(VerifyEqualKeyword.groovy:63)
	at com.kms.katalon.core.keyword.builtin.VerifyEqualKeyword.execute(VerifyEqualKeyword.groovy:44)
	at com.kms.katalon.core.keyword.internal.KeywordExecutor.executeKeywordForPlatform(KeywordExecutor.groovy:74)
	at com.kms.katalon.core.keyword.BuiltinKeywords.verifyEqual(BuiltinKeywords.groovy:146)
	at jdk.internal.reflect.GeneratedMethodAccessor21.invoke(Unknown Source)
	at java.base/jdk.internal.reflect.DelegatingMethodAccessorImpl.invoke(DelegatingMethodAccessorImpl.java:43)
	at Выручка в рублях сверка дашбордов ПАО Россети.Blocks(Выручка в рублях сверка дашбордов ПАО Россети:377)
	at Выручка в рублях сверка дашбордов ПАО Россети.ViruchkaChange(Выручка в рублях сверка дашбордов ПАО Россети:60)
	at Выручка в рублях сверка дашбордов ПАО Россети.run(Выручка в рублях сверка дашбордов ПАО Россети:55)
	at com.kms.katalon.core.main.ScriptEngine.run(ScriptEngine.java:194)
	at com.kms.katalon.core.main.ScriptEngine.runScriptAsRawText(ScriptEngine.java:119)
	at com.kms.katalon.core.main.TestCaseExecutor.runScript(TestCaseExecutor.java:448)
	at com.kms.katalon.core.main.TestCaseExecutor.doExecute(TestCaseExecutor.java:439)
	at com.kms.katalon.core.main.TestCaseExecutor.processExecutionPhase(TestCaseExecutor.java:418)
	at com.kms.katalon.core.main.TestCaseExecutor.accessMainPhase(TestCaseExecutor.java:410)
	at com.kms.katalon.core.main.TestCaseExecutor.execute(TestCaseExecutor.java:285)
	at com.kms.katalon.core.common.CommonExecutor.accessTestCaseMainPhase(CommonExecutor.java:65)
	at com.kms.katalon.core.main.TestSuiteExecutor.accessTestSuiteMainPhase(TestSuiteExecutor.java:150)
	at com.kms.katalon.core.main.TestSuiteExecutor.execute(TestSuiteExecutor.java:106)
	at com.kms.katalon.core.main.TestCaseMain.startTestSuite(TestCaseMain.java:180)
	at TempTestSuite1729215855985.run(TempTestSuite1729215855985.groovy:35)
	at java.base/jdk.internal.reflect.NativeMethodAccessorImpl.invoke0(Native Method)
	at java.base/jdk.internal.reflect.NativeMethodAccessorImpl.invoke(NativeMethodAccessorImpl.java:77)
	at java.base/jdk.internal.reflect.DelegatingMethodAccessorImpl.invoke(DelegatingMethodAccessorImpl.java:43)
)

18-10-2024T06:08:27 - [TEST_STEP][PASSED] - a = a32.toDouble(): null

18-10-2024T06:08:27 - [TEST_STEP][PASSED] - b = b32.toDouble(): null

18-10-2024T06:08:27 - [TEST_STEP][PASSED] - Script1710234207206.WriteToExcel(todaysDate, run, vir, block, typeOfData, viruchka, vidget, nameOfBlock, a, b, dZO): null

18-10-2024T06:08:27 - [TEST_STEP][PASSED] - println(run): null

18-10-2024T06:08:27 - [TEST_STEP][PASSED] - if (run == 1): null

18-10-2024T06:08:27 - [TEST_STEP][PASSED] - else if (run == 2): null

18-10-2024T06:08:27 - [TEST_STEP][PASSED] - typeOfData = "Проценты": null

18-10-2024T06:08:27 - [TEST_STEP][PASSED] - println("todaysDate:" + todaysDate): null

18-10-2024T06:08:27 - [TEST_STEP][PASSED] - println("typeOfData:" + typeOfData): null

18-10-2024T06:08:27 - [TEST_STEP][PASSED] - viruchka = getText(findTestObject("Выручка в рублях/Фильтр Выручка" + nameOfBlock)): Text of object 'Object Repository/Выручка в рублях/Фильтр Выручка Выручка' is: 'ПЕРЕДАЧА ЭЛЕКТРОЭНЕРГИИ, внутренний оборот'

18-10-2024T06:08:27 - [MESSAGE][PASSED] - Text of object 'Object Repository/Выручка в рублях/Фильтр Выручка Выручка' is: 'ПЕРЕДАЧА ЭЛЕКТРОЭНЕРГИИ, внутренний оборот'

18-10-2024T06:08:27 - [TEST_STEP][PASSED] - println("viruchka" + viruchka): null

18-10-2024T06:08:27 - [TEST_STEP][PASSED] - println("vidget" + vidget): null

18-10-2024T06:08:27 - [TEST_STEP][PASSED] - println("a" + a): null

18-10-2024T06:08:27 - [TEST_STEP][PASSED] - println("b" + b): null

18-10-2024T06:08:27 - [TEST_STEP][PASSED] - sheetName = "Sheet1": null

18-10-2024T06:08:27 - [TEST_STEP][PASSED] - data = findTestData("PlanFact"): null

18-10-2024T06:08:27 - [TEST_STEP][PASSED] - n = data.getRowNumbers() + 1: null

18-10-2024T06:08:27 - [TEST_STEP][PASSED] - period = getText(findTestObject("Выручка в рублях/Фильтр Период")): Text of object 'Object Repository/Выручка в рублях/Фильтр Период' is: 'Июль, Август и 1, 2 кв. 2024 года'

18-10-2024T06:08:27 - [MESSAGE][PASSED] - Text of object 'Object Repository/Выручка в рублях/Фильтр Период' is: 'Июль, Август и 1, 2 кв. 2024 года'

18-10-2024T06:08:27 - [TEST_STEP][PASSED] - println(period): null

18-10-2024T06:08:27 - [TEST_STEP][PASSED] - dashboardName = "Выручка в рублях": null

18-10-2024T06:08:27 - [TEST_STEP][PASSED] - workbook01 = getWorkbook(excelFilePath): null

18-10-2024T06:08:27 - [TEST_STEP][PASSED] - sheet01 = getExcelSheet(workbook01, sheetName): null

18-10-2024T06:08:27 - [TEST_STEP][PASSED] - setValueToCellByIndex(sheet01, n, 0, dashboardName): null

18-10-2024T06:08:27 - [TEST_STEP][PASSED] - setValueToCellByIndex(sheet01, n, 1, dZO): null

18-10-2024T06:08:27 - [TEST_STEP][PASSED] - setValueToCellByIndex(sheet01, n, 2, vidget): null

18-10-2024T06:08:27 - [TEST_STEP][PASSED] - setValueToCellByIndex(sheet01, n, 3, viruchka): null

18-10-2024T06:08:27 - [TEST_STEP][PASSED] - setValueToCellByIndex(sheet01, n, 4, typeOfData): null

18-10-2024T06:08:27 - [TEST_STEP][PASSED] - if (a == null): null

18-10-2024T06:08:27 - [TEST_STEP][PASSED] - else: null

18-10-2024T06:08:27 - [TEST_STEP][PASSED] - setValueToCellByIndex(sheet01, n, 5, a): null

18-10-2024T06:08:27 - [TEST_STEP][PASSED] - if (b == null): null

18-10-2024T06:08:27 - [TEST_STEP][PASSED] - else: null

18-10-2024T06:08:27 - [TEST_STEP][PASSED] - setValueToCellByIndex(sheet01, n, 6, b): null

18-10-2024T06:08:27 - [TEST_STEP][PASSED] - setValueToCellByIndex(sheet01, n, 7, period): null

18-10-2024T06:08:27 - [TEST_STEP][PASSED] - setValueToCellByIndex(sheet01, n, 8, todaysDate): null

18-10-2024T06:08:27 - [TEST_STEP][PASSED] - n = n + 1: null

18-10-2024T06:08:27 - [TEST_STEP][PASSED] - saveWorkbook(excelFilePath, workbook01): null

18-10-2024T06:08:28 - [TEST_STEP][PASSED] - dZO = "Россети Волга": null

18-10-2024T06:08:28 - [TEST_STEP][PASSED] - if (verifyEqual(a33, b33) == false): Actual object 'null' and expected object 'null' are equal

18-10-2024T06:08:28 - [MESSAGE][PASSED] - Actual object 'null' and expected object 'null' are equal

18-10-2024T06:08:28 - [TEST_STEP][PASSED] - dZO = "Россети Кубань": null

18-10-2024T06:08:28 - [TEST_STEP][PASSED] - if (verifyEqual(a34, b34) == false): Actual object 'null' and expected object 'null' are equal

18-10-2024T06:08:28 - [MESSAGE][PASSED] - Actual object 'null' and expected object 'null' are equal

18-10-2024T06:08:28 - [TEST_STEP][PASSED] - dZO = "Россети Ленэнерго (ГК)": null

18-10-2024T06:08:28 - [TEST_STEP][PASSED] - if (verifyEqual(a35, b35) == false): Actual object 'null' and expected object 'null' are equal

18-10-2024T06:08:28 - [MESSAGE][PASSED] - Actual object 'null' and expected object 'null' are equal

18-10-2024T06:08:28 - [TEST_STEP][PASSED] - dZO = "Россети Московский регион": null

18-10-2024T06:08:28 - [TEST_STEP][PASSED] - if (verifyEqual(a36, b36) == false): Actual object 'null' and expected object 'null' are equal

18-10-2024T06:08:28 - [MESSAGE][PASSED] - Actual object 'null' and expected object 'null' are equal

18-10-2024T06:08:28 - [TEST_STEP][PASSED] - dZO = "Россети Северный Кавказ (ГК)": null

18-10-2024T06:08:28 - [TEST_STEP][FAILED] - if (verifyEqual(a37, b37) == false): null

18-10-2024T06:08:28 - [MESSAGE][FAILED] - Unable to verify equal between actual object '-49.42' and expected object '4.01' (Root cause: com.kms.katalon.core.exception.StepFailedException: Actual object '-49.42' and expected object '4.01' are not equal
	at com.kms.katalon.core.keyword.builtin.VerifyEqualKeyword$_verifyEqual_closure1.doCall(VerifyEqualKeyword.groovy:58)
	at com.kms.katalon.core.keyword.builtin.VerifyEqualKeyword$_verifyEqual_closure1.call(VerifyEqualKeyword.groovy)
	at com.kms.katalon.core.keyword.internal.KeywordMain.runKeyword(KeywordMain.groovy:75)
	at com.kms.katalon.core.keyword.builtin.VerifyEqualKeyword.verifyEqual(VerifyEqualKeyword.groovy:63)
	at com.kms.katalon.core.keyword.builtin.VerifyEqualKeyword.execute(VerifyEqualKeyword.groovy:44)
	at com.kms.katalon.core.keyword.internal.KeywordExecutor.executeKeywordForPlatform(KeywordExecutor.groovy:74)
	at com.kms.katalon.core.keyword.BuiltinKeywords.verifyEqual(BuiltinKeywords.groovy:146)
	at jdk.internal.reflect.GeneratedMethodAccessor21.invoke(Unknown Source)
	at java.base/jdk.internal.reflect.DelegatingMethodAccessorImpl.invoke(DelegatingMethodAccessorImpl.java:43)
	at Выручка в рублях сверка дашбордов ПАО Россети.Blocks(Выручка в рублях сверка дашбордов ПАО Россети:427)
	at Выручка в рублях сверка дашбордов ПАО Россети.ViruchkaChange(Выручка в рублях сверка дашбордов ПАО Россети:60)
	at Выручка в рублях сверка дашбордов ПАО Россети.run(Выручка в рублях сверка дашбордов ПАО Россети:55)
	at com.kms.katalon.core.main.ScriptEngine.run(ScriptEngine.java:194)
	at com.kms.katalon.core.main.ScriptEngine.runScriptAsRawText(ScriptEngine.java:119)
	at com.kms.katalon.core.main.TestCaseExecutor.runScript(TestCaseExecutor.java:448)
	at com.kms.katalon.core.main.TestCaseExecutor.doExecute(TestCaseExecutor.java:439)
	at com.kms.katalon.core.main.TestCaseExecutor.processExecutionPhase(TestCaseExecutor.java:418)
	at com.kms.katalon.core.main.TestCaseExecutor.accessMainPhase(TestCaseExecutor.java:410)
	at com.kms.katalon.core.main.TestCaseExecutor.execute(TestCaseExecutor.java:285)
	at com.kms.katalon.core.common.CommonExecutor.accessTestCaseMainPhase(CommonExecutor.java:65)
	at com.kms.katalon.core.main.TestSuiteExecutor.accessTestSuiteMainPhase(TestSuiteExecutor.java:150)
	at com.kms.katalon.core.main.TestSuiteExecutor.execute(TestSuiteExecutor.java:106)
	at com.kms.katalon.core.main.TestCaseMain.startTestSuite(TestCaseMain.java:180)
	at TempTestSuite1729215855985.run(TempTestSuite1729215855985.groovy:35)
	at java.base/jdk.internal.reflect.NativeMethodAccessorImpl.invoke0(Native Method)
	at java.base/jdk.internal.reflect.NativeMethodAccessorImpl.invoke(NativeMethodAccessorImpl.java:77)
	at java.base/jdk.internal.reflect.DelegatingMethodAccessorImpl.invoke(DelegatingMethodAccessorImpl.java:43)
)

18-10-2024T06:08:28 - [TEST_STEP][PASSED] - a = a37.toDouble(): null

18-10-2024T06:08:28 - [TEST_STEP][PASSED] - b = b37.toDouble(): null

18-10-2024T06:08:28 - [TEST_STEP][PASSED] - Script1710234207206.WriteToExcel(todaysDate, run, vir, block, typeOfData, viruchka, vidget, nameOfBlock, a, b, dZO): null

18-10-2024T06:08:28 - [TEST_STEP][PASSED] - println(run): null

18-10-2024T06:08:28 - [TEST_STEP][PASSED] - if (run == 1): null

18-10-2024T06:08:28 - [TEST_STEP][PASSED] - else if (run == 2): null

18-10-2024T06:08:28 - [TEST_STEP][PASSED] - typeOfData = "Проценты": null

18-10-2024T06:08:28 - [TEST_STEP][PASSED] - println("todaysDate:" + todaysDate): null

18-10-2024T06:08:28 - [TEST_STEP][PASSED] - println("typeOfData:" + typeOfData): null

18-10-2024T06:08:28 - [TEST_STEP][PASSED] - viruchka = getText(findTestObject("Выручка в рублях/Фильтр Выручка" + nameOfBlock)): Text of object 'Object Repository/Выручка в рублях/Фильтр Выручка Выручка' is: 'ПЕРЕДАЧА ЭЛЕКТРОЭНЕРГИИ, внутренний оборот'

18-10-2024T06:08:28 - [MESSAGE][PASSED] - Text of object 'Object Repository/Выручка в рублях/Фильтр Выручка Выручка' is: 'ПЕРЕДАЧА ЭЛЕКТРОЭНЕРГИИ, внутренний оборот'

18-10-2024T06:08:28 - [TEST_STEP][PASSED] - println("viruchka" + viruchka): null

18-10-2024T06:08:28 - [TEST_STEP][PASSED] - println("vidget" + vidget): null

18-10-2024T06:08:28 - [TEST_STEP][PASSED] - println("a" + a): null

18-10-2024T06:08:28 - [TEST_STEP][PASSED] - println("b" + b): null

18-10-2024T06:08:28 - [TEST_STEP][PASSED] - sheetName = "Sheet1": null

18-10-2024T06:08:28 - [TEST_STEP][PASSED] - data = findTestData("PlanFact"): null

18-10-2024T06:08:28 - [TEST_STEP][PASSED] - n = data.getRowNumbers() + 1: null

18-10-2024T06:08:28 - [TEST_STEP][PASSED] - period = getText(findTestObject("Выручка в рублях/Фильтр Период")): Text of object 'Object Repository/Выручка в рублях/Фильтр Период' is: 'Июль, Август и 1, 2 кв. 2024 года'

18-10-2024T06:08:28 - [MESSAGE][PASSED] - Text of object 'Object Repository/Выручка в рублях/Фильтр Период' is: 'Июль, Август и 1, 2 кв. 2024 года'

18-10-2024T06:08:28 - [TEST_STEP][PASSED] - println(period): null

18-10-2024T06:08:28 - [TEST_STEP][PASSED] - dashboardName = "Выручка в рублях": null

18-10-2024T06:08:28 - [TEST_STEP][PASSED] - workbook01 = getWorkbook(excelFilePath): null

18-10-2024T06:08:28 - [TEST_STEP][PASSED] - sheet01 = getExcelSheet(workbook01, sheetName): null

18-10-2024T06:08:28 - [TEST_STEP][PASSED] - setValueToCellByIndex(sheet01, n, 0, dashboardName): null

18-10-2024T06:08:28 - [TEST_STEP][PASSED] - setValueToCellByIndex(sheet01, n, 1, dZO): null

18-10-2024T06:08:28 - [TEST_STEP][PASSED] - setValueToCellByIndex(sheet01, n, 2, vidget): null

18-10-2024T06:08:28 - [TEST_STEP][PASSED] - setValueToCellByIndex(sheet01, n, 3, viruchka): null

18-10-2024T06:08:28 - [TEST_STEP][PASSED] - setValueToCellByIndex(sheet01, n, 4, typeOfData): null

18-10-2024T06:08:28 - [TEST_STEP][PASSED] - if (a == null): null

18-10-2024T06:08:28 - [TEST_STEP][PASSED] - else: null

18-10-2024T06:08:28 - [TEST_STEP][PASSED] - setValueToCellByIndex(sheet01, n, 5, a): null

18-10-2024T06:08:28 - [TEST_STEP][PASSED] - if (b == null): null

18-10-2024T06:08:28 - [TEST_STEP][PASSED] - else: null

18-10-2024T06:08:28 - [TEST_STEP][PASSED] - setValueToCellByIndex(sheet01, n, 6, b): null

18-10-2024T06:08:28 - [TEST_STEP][PASSED] - setValueToCellByIndex(sheet01, n, 7, period): null

18-10-2024T06:08:28 - [TEST_STEP][PASSED] - setValueToCellByIndex(sheet01, n, 8, todaysDate): null

18-10-2024T06:08:28 - [TEST_STEP][PASSED] - n = n + 1: null

18-10-2024T06:08:28 - [TEST_STEP][PASSED] - saveWorkbook(excelFilePath, workbook01): null

18-10-2024T06:08:29 - [TEST_STEP][PASSED] - dZO = "Россети Северо-Запад": null

18-10-2024T06:08:29 - [TEST_STEP][PASSED] - if (verifyEqual(a38, b38) == false): Actual object 'null' and expected object 'null' are equal

18-10-2024T06:08:29 - [MESSAGE][PASSED] - Actual object 'null' and expected object 'null' are equal

18-10-2024T06:08:29 - [TEST_STEP][PASSED] - dZO = "Россети Сибирь (ГК)": null

18-10-2024T06:08:29 - [TEST_STEP][PASSED] - if (verifyEqual(a39, b39) == false): Actual object 'null' and expected object 'null' are equal

18-10-2024T06:08:29 - [MESSAGE][PASSED] - Actual object 'null' and expected object 'null' are equal

18-10-2024T06:08:29 - [TEST_STEP][PASSED] - dZO = "Россети Томск": null

18-10-2024T06:08:29 - [TEST_STEP][PASSED] - if (verifyEqual(a310, b310) == false): Actual object 'null' and expected object 'null' are equal

18-10-2024T06:08:29 - [MESSAGE][PASSED] - Actual object 'null' and expected object 'null' are equal

18-10-2024T06:08:29 - [TEST_STEP][PASSED] - dZO = "Россети Тюмень": null

18-10-2024T06:08:29 - [TEST_STEP][PASSED] - if (verifyEqual(a311, b311) == false): Actual object 'null' and expected object 'null' are equal

18-10-2024T06:08:29 - [MESSAGE][PASSED] - Actual object 'null' and expected object 'null' are equal

18-10-2024T06:08:29 - [TEST_STEP][PASSED] - dZO = "Россети Урал (ГК)": null

18-10-2024T06:08:29 - [TEST_STEP][PASSED] - if (verifyEqual(a312, b312) == false): Actual object 'null' and expected object 'null' are equal

18-10-2024T06:08:29 - [MESSAGE][PASSED] - Actual object 'null' and expected object 'null' are equal

18-10-2024T06:08:29 - [TEST_STEP][PASSED] - dZO = "Россети ФСК ЕЭС": null

18-10-2024T06:08:29 - [TEST_STEP][PASSED] - if (verifyEqual(a313, b313) == false): Actual object 'null' and expected object 'null' are equal

18-10-2024T06:08:29 - [MESSAGE][PASSED] - Actual object 'null' and expected object 'null' are equal

18-10-2024T06:08:29 - [TEST_STEP][PASSED] - dZO = "Россети Центр": null

18-10-2024T06:08:29 - [TEST_STEP][PASSED] - if (verifyEqual(a314, b314) == false): Actual object 'null' and expected object 'null' are equal

18-10-2024T06:08:29 - [MESSAGE][PASSED] - Actual object 'null' and expected object 'null' are equal

18-10-2024T06:08:29 - [TEST_STEP][PASSED] - dZO = "Россети Центр и Приволжье (ГК)": null

18-10-2024T06:08:29 - [TEST_STEP][PASSED] - if (verifyEqual(a315, b315) == false): Actual object 'null' and expected object 'null' are equal

18-10-2024T06:08:29 - [MESSAGE][PASSED] - Actual object 'null' and expected object 'null' are equal

18-10-2024T06:08:29 - [TEST_STEP][PASSED] - dZO = "Россети Юг (ГК)": null

18-10-2024T06:08:29 - [TEST_STEP][FAILED] - if (verifyEqual(a316, b316) == false): null

18-10-2024T06:08:29 - [MESSAGE][FAILED] - Unable to verify equal between actual object '-45.8' and expected object '8.4' (Root cause: com.kms.katalon.core.exception.StepFailedException: Actual object '-45.8' and expected object '8.4' are not equal
	at com.kms.katalon.core.keyword.builtin.VerifyEqualKeyword$_verifyEqual_closure1.doCall(VerifyEqualKeyword.groovy:58)
	at com.kms.katalon.core.keyword.builtin.VerifyEqualKeyword$_verifyEqual_closure1.call(VerifyEqualKeyword.groovy)
	at com.kms.katalon.core.keyword.internal.KeywordMain.runKeyword(KeywordMain.groovy:75)
	at com.kms.katalon.core.keyword.builtin.VerifyEqualKeyword.verifyEqual(VerifyEqualKeyword.groovy:63)
	at com.kms.katalon.core.keyword.builtin.VerifyEqualKeyword.execute(VerifyEqualKeyword.groovy:44)
	at com.kms.katalon.core.keyword.internal.KeywordExecutor.executeKeywordForPlatform(KeywordExecutor.groovy:74)
	at com.kms.katalon.core.keyword.BuiltinKeywords.verifyEqual(BuiltinKeywords.groovy:146)
	at jdk.internal.reflect.GeneratedMethodAccessor21.invoke(Unknown Source)
	at java.base/jdk.internal.reflect.DelegatingMethodAccessorImpl.invoke(DelegatingMethodAccessorImpl.java:43)
	at Выручка в рублях сверка дашбордов ПАО Россети.Blocks(Выручка в рублях сверка дашбордов ПАО Россети:517)
	at Выручка в рублях сверка дашбордов ПАО Россети.ViruchkaChange(Выручка в рублях сверка дашбордов ПАО Россети:60)
	at Выручка в рублях сверка дашбордов ПАО Россети.run(Выручка в рублях сверка дашбордов ПАО Россети:55)
	at com.kms.katalon.core.main.ScriptEngine.run(ScriptEngine.java:194)
	at com.kms.katalon.core.main.ScriptEngine.runScriptAsRawText(ScriptEngine.java:119)
	at com.kms.katalon.core.main.TestCaseExecutor.runScript(TestCaseExecutor.java:448)
	at com.kms.katalon.core.main.TestCaseExecutor.doExecute(TestCaseExecutor.java:439)
	at com.kms.katalon.core.main.TestCaseExecutor.processExecutionPhase(TestCaseExecutor.java:418)
	at com.kms.katalon.core.main.TestCaseExecutor.accessMainPhase(TestCaseExecutor.java:410)
	at com.kms.katalon.core.main.TestCaseExecutor.execute(TestCaseExecutor.java:285)
	at com.kms.katalon.core.common.CommonExecutor.accessTestCaseMainPhase(CommonExecutor.java:65)
	at com.kms.katalon.core.main.TestSuiteExecutor.accessTestSuiteMainPhase(TestSuiteExecutor.java:150)
	at com.kms.katalon.core.main.TestSuiteExecutor.execute(TestSuiteExecutor.java:106)
	at com.kms.katalon.core.main.TestCaseMain.startTestSuite(TestCaseMain.java:180)
	at TempTestSuite1729215855985.run(TempTestSuite1729215855985.groovy:35)
	at java.base/jdk.internal.reflect.NativeMethodAccessorImpl.invoke0(Native Method)
	at java.base/jdk.internal.reflect.NativeMethodAccessorImpl.invoke(NativeMethodAccessorImpl.java:77)
	at java.base/jdk.internal.reflect.DelegatingMethodAccessorImpl.invoke(DelegatingMethodAccessorImpl.java:43)
)

18-10-2024T06:08:29 - [TEST_STEP][PASSED] - a = a316.toDouble(): null

18-10-2024T06:08:29 - [TEST_STEP][PASSED] - b = b316.toDouble(): null

18-10-2024T06:08:29 - [TEST_STEP][PASSED] - Script1710234207206.WriteToExcel(todaysDate, run, vir, block, typeOfData, viruchka, vidget, nameOfBlock, a, b, dZO): null

18-10-2024T06:08:29 - [TEST_STEP][PASSED] - println(run): null

18-10-2024T06:08:29 - [TEST_STEP][PASSED] - if (run == 1): null

18-10-2024T06:08:29 - [TEST_STEP][PASSED] - else if (run == 2): null

18-10-2024T06:08:29 - [TEST_STEP][PASSED] - typeOfData = "Проценты": null

18-10-2024T06:08:29 - [TEST_STEP][PASSED] - println("todaysDate:" + todaysDate): null

18-10-2024T06:08:29 - [TEST_STEP][PASSED] - println("typeOfData:" + typeOfData): null

18-10-2024T06:08:29 - [TEST_STEP][PASSED] - viruchka = getText(findTestObject("Выручка в рублях/Фильтр Выручка" + nameOfBlock)): Text of object 'Object Repository/Выручка в рублях/Фильтр Выручка Выручка' is: 'ПЕРЕДАЧА ЭЛЕКТРОЭНЕРГИИ, внутренний оборот'

18-10-2024T06:08:29 - [MESSAGE][PASSED] - Text of object 'Object Repository/Выручка в рублях/Фильтр Выручка Выручка' is: 'ПЕРЕДАЧА ЭЛЕКТРОЭНЕРГИИ, внутренний оборот'

18-10-2024T06:08:29 - [TEST_STEP][PASSED] - println("viruchka" + viruchka): null

18-10-2024T06:08:29 - [TEST_STEP][PASSED] - println("vidget" + vidget): null

18-10-2024T06:08:29 - [TEST_STEP][PASSED] - println("a" + a): null

18-10-2024T06:08:29 - [TEST_STEP][PASSED] - println("b" + b): null

18-10-2024T06:08:29 - [TEST_STEP][PASSED] - sheetName = "Sheet1": null

18-10-2024T06:08:29 - [TEST_STEP][PASSED] - data = findTestData("PlanFact"): null

18-10-2024T06:08:29 - [TEST_STEP][PASSED] - n = data.getRowNumbers() + 1: null

18-10-2024T06:08:29 - [TEST_STEP][PASSED] - period = getText(findTestObject("Выручка в рублях/Фильтр Период")): Text of object 'Object Repository/Выручка в рублях/Фильтр Период' is: 'Июль, Август и 1, 2 кв. 2024 года'

18-10-2024T06:08:29 - [MESSAGE][PASSED] - Text of object 'Object Repository/Выручка в рублях/Фильтр Период' is: 'Июль, Август и 1, 2 кв. 2024 года'

18-10-2024T06:08:29 - [TEST_STEP][PASSED] - println(period): null

18-10-2024T06:08:29 - [TEST_STEP][PASSED] - dashboardName = "Выручка в рублях": null

18-10-2024T06:08:29 - [TEST_STEP][PASSED] - workbook01 = getWorkbook(excelFilePath): null

18-10-2024T06:08:29 - [TEST_STEP][PASSED] - sheet01 = getExcelSheet(workbook01, sheetName): null

18-10-2024T06:08:29 - [TEST_STEP][PASSED] - setValueToCellByIndex(sheet01, n, 0, dashboardName): null

18-10-2024T06:08:29 - [TEST_STEP][PASSED] - setValueToCellByIndex(sheet01, n, 1, dZO): null

18-10-2024T06:08:29 - [TEST_STEP][PASSED] - setValueToCellByIndex(sheet01, n, 2, vidget): null

18-10-2024T06:08:29 - [TEST_STEP][PASSED] - setValueToCellByIndex(sheet01, n, 3, viruchka): null

18-10-2024T06:08:29 - [TEST_STEP][PASSED] - setValueToCellByIndex(sheet01, n, 4, typeOfData): null

18-10-2024T06:08:29 - [TEST_STEP][PASSED] - if (a == null): null

18-10-2024T06:08:29 - [TEST_STEP][PASSED] - else: null

18-10-2024T06:08:29 - [TEST_STEP][PASSED] - setValueToCellByIndex(sheet01, n, 5, a): null

18-10-2024T06:08:29 - [TEST_STEP][PASSED] - if (b == null): null

18-10-2024T06:08:29 - [TEST_STEP][PASSED] - else: null

18-10-2024T06:08:29 - [TEST_STEP][PASSED] - setValueToCellByIndex(sheet01, n, 6, b): null

18-10-2024T06:08:29 - [TEST_STEP][PASSED] - setValueToCellByIndex(sheet01, n, 7, period): null

18-10-2024T06:08:29 - [TEST_STEP][PASSED] - setValueToCellByIndex(sheet01, n, 8, todaysDate): null

18-10-2024T06:08:29 - [TEST_STEP][PASSED] - n = n + 1: null

18-10-2024T06:08:29 - [TEST_STEP][PASSED] - saveWorkbook(excelFilePath, workbook01): null

18-10-2024T06:08:30 - [TEST_STEP][PASSED] - dZO = "Россети Янтарь": null

18-10-2024T06:08:30 - [TEST_STEP][PASSED] - if (verifyEqual(a317, b317) == false): Actual object 'null' and expected object 'null' are equal

18-10-2024T06:08:30 - [MESSAGE][PASSED] - Actual object 'null' and expected object 'null' are equal

18-10-2024T06:08:30 - [TEST_STEP][PASSED] - closeBrowser(): Browser is closed

18-10-2024T06:08:30 - [MESSAGE][PASSED] - Browser is closed]]></system-out>
         <system-err><![CDATA[18-10-2024T04:44:20 - [TEST_CASE][FAILED] - Test Cases/Сверки дашбордов/Выручка в рублях сверка дашбордов ПАО Россети: Test Cases/Сверки дашбордов/Выручка в рублях сверка дашбордов ПАО Россети FAILED.
Reason:
com.kms.katalon.core.exception.StepFailedException: Unable to verify equal between actual object '-23.85' and expected object '2.78' (Root cause: com.kms.katalon.core.exception.StepFailedException: Actual object '-23.85' and expected object '2.78' are not equal
	at com.kms.katalon.core.keyword.builtin.VerifyEqualKeyword$_verifyEqual_closure1.doCall(VerifyEqualKeyword.groovy:58)
	at com.kms.katalon.core.keyword.builtin.VerifyEqualKeyword$_verifyEqual_closure1.call(VerifyEqualKeyword.groovy)
	at com.kms.katalon.core.keyword.internal.KeywordMain.runKeyword(KeywordMain.groovy:75)
	at com.kms.katalon.core.keyword.builtin.VerifyEqualKeyword.verifyEqual(VerifyEqualKeyword.groovy:63)
	at com.kms.katalon.core.keyword.builtin.VerifyEqualKeyword.execute(VerifyEqualKeyword.groovy:44)
	at com.kms.katalon.core.keyword.internal.KeywordExecutor.executeKeywordForPlatform(KeywordExecutor.groovy:74)
	at com.kms.katalon.core.keyword.BuiltinKeywords.verifyEqual(BuiltinKeywords.groovy:146)
	at jdk.internal.reflect.GeneratedMethodAccessor21.invoke(Unknown Source)
	at java.base/jdk.internal.reflect.DelegatingMethodAccessorImpl.invoke(DelegatingMethodAccessorImpl.java:43)
	at Выручка в рублях сверка дашбордов ПАО Россети.Blocks(Выручка в рублях сверка дашбордов ПАО Россети:357)
	at Выручка в рублях сверка дашбордов ПАО Россети.ViruchkaChange(Выручка в рублях сверка дашбордов ПАО Россети:60)
	at Выручка в рублях сверка дашбордов ПАО Россети.run(Выручка в рублях сверка дашбордов ПАО Россети:55)
	at com.kms.katalon.core.main.ScriptEngine.run(ScriptEngine.java:194)
	at com.kms.katalon.core.main.ScriptEngine.runScriptAsRawText(ScriptEngine.java:119)
	at com.kms.katalon.core.main.TestCaseExecutor.runScript(TestCaseExecutor.java:448)
	at com.kms.katalon.core.main.TestCaseExecutor.doExecute(TestCaseExecutor.java:439)
	at com.kms.katalon.core.main.TestCaseExecutor.processExecutionPhase(TestCaseExecutor.java:418)
	at com.kms.katalon.core.main.TestCaseExecutor.accessMainPhase(TestCaseExecutor.java:410)
	at com.kms.katalon.core.main.TestCaseExecutor.execute(TestCaseExecutor.java:285)
	at com.kms.katalon.core.common.CommonExecutor.accessTestCaseMainPhase(CommonExecutor.java:65)
	at com.kms.katalon.core.main.TestSuiteExecutor.accessTestSuiteMainPhase(TestSuiteExecutor.java:150)
	at com.kms.katalon.core.main.TestSuiteExecutor.execute(TestSuiteExecutor.java:106)
	at com.kms.katalon.core.main.TestCaseMain.startTestSuite(TestCaseMain.java:180)
	at TempTestSuite1729215855985.run(TempTestSuite1729215855985.groovy:35)
	at java.base/jdk.internal.reflect.NativeMethodAccessorImpl.invoke0(Native Method)
	at java.base/jdk.internal.reflect.NativeMethodAccessorImpl.invoke(NativeMethodAccessorImpl.java:77)
	at java.base/jdk.internal.reflect.DelegatingMethodAccessorImpl.invoke(DelegatingMethodAccessorImpl.java:43)
)
	at com.kms.katalon.core.keyword.internal.KeywordMain.stepFailed(KeywordMain.groovy:39)
	at com.kms.katalon.core.keyword.internal.KeywordMain.stepFailed(KeywordMain.groovy)
	at com.kms.katalon.core.keyword.internal.KeywordMain.runKeyword(KeywordMain.groovy:77)
	at com.kms.katalon.core.keyword.builtin.VerifyEqualKeyword.verifyEqual(VerifyEqualKeyword.groovy:63)
	at com.kms.katalon.core.keyword.builtin.VerifyEqualKeyword.execute(VerifyEqualKeyword.groovy:44)
	at com.kms.katalon.core.keyword.internal.KeywordExecutor.executeKeywordForPlatform(KeywordExecutor.groovy:74)
	at com.kms.katalon.core.keyword.BuiltinKeywords.verifyEqual(BuiltinKeywords.groovy:146)
	at jdk.internal.reflect.GeneratedMethodAccessor21.invoke(Unknown Source)
	at java.base/jdk.internal.reflect.DelegatingMethodAccessorImpl.invoke(DelegatingMethodAccessorImpl.java:43)
	at Выручка в рублях сверка дашбордов ПАО Россети.Blocks(Выручка в рублях сверка дашбордов ПАО Россети:357)
	at Выручка в рублях сверка дашбордов ПАО Россети.ViruchkaChange(Выручка в рублях сверка дашбордов ПАО Россети:60)
	at Выручка в рублях сверка дашбордов ПАО Россети.run(Выручка в рублях сверка дашбордов ПАО Россети:55)
	at com.kms.katalon.core.main.ScriptEngine.run(ScriptEngine.java:194)
	at com.kms.katalon.core.main.ScriptEngine.runScriptAsRawText(ScriptEngine.java:119)
	at com.kms.katalon.core.main.TestCaseExecutor.runScript(TestCaseExecutor.java:448)
	at com.kms.katalon.core.main.TestCaseExecutor.doExecute(TestCaseExecutor.java:439)
	at com.kms.katalon.core.main.TestCaseExecutor.processExecutionPhase(TestCaseExecutor.java:418)
	at com.kms.katalon.core.main.TestCaseExecutor.accessMainPhase(TestCaseExecutor.java:410)
	at com.kms.katalon.core.main.TestCaseExecutor.execute(TestCaseExecutor.java:285)
	at com.kms.katalon.core.common.CommonExecutor.accessTestCaseMainPhase(CommonExecutor.java:65)
	at com.kms.katalon.core.main.TestSuiteExecutor.accessTestSuiteMainPhase(TestSuiteExecutor.java:150)
	at com.kms.katalon.core.main.TestSuiteExecutor.execute(TestSuiteExecutor.java:106)
	at com.kms.katalon.core.main.TestCaseMain.startTestSuite(TestCaseMain.java:180)
	at TempTestSuite1729215855985.run(TempTestSuite1729215855985.groovy:35)
	at java.base/jdk.internal.reflect.NativeMethodAccessorImpl.invoke0(Native Method)
	at java.base/jdk.internal.reflect.NativeMethodAccessorImpl.invoke(NativeMethodAccessorImpl.java:77)
	at java.base/jdk.internal.reflect.DelegatingMethodAccessorImpl.invoke(DelegatingMethodAccessorImpl.java:43)
Caused by: com.kms.katalon.core.exception.StepFailedException: Actual object '-23.85' and expected object '2.78' are not equal
	at com.kms.katalon.core.keyword.builtin.VerifyEqualKeyword$_verifyEqual_closure1.doCall(VerifyEqualKeyword.groovy:58)
	at com.kms.katalon.core.keyword.builtin.VerifyEqualKeyword$_verifyEqual_closure1.call(VerifyEqualKeyword.groovy)
	at com.kms.katalon.core.keyword.internal.KeywordMain.runKeyword(KeywordMain.groovy:75)
	... 24 more]]></system-err>
      </testcase>
      <testcase name="Test Cases/Сверки дашбордов/Выручка по ДЗО сверка дашбордов" time="97.136" classname="Test Cases/Сверки дашбордов/Выручка по ДЗО сверка дашбордов" status="PASSED">
         <system-out><![CDATA[18-10-2024T06:08:30 - [TEST_CASE][PASSED] - Test Cases/Сверки дашбордов/Выручка по ДЗО сверка дашбордов: Test Cases/Сверки дашбордов/Выручка по ДЗО сверка дашбордов

18-10-2024T06:08:30 - [TEST_STEP][PASSED] - date = new java.util.Date(): null

18-10-2024T06:08:30 - [TEST_STEP][PASSED] - todaysDate = date.format("dd.MM.yyyy"): null

18-10-2024T06:08:30 - [TEST_STEP][PASSED] - println(todaysDate): null

18-10-2024T06:08:30 - [TEST_STEP][PASSED] - openBrowser(""): Browser is opened with url: ''

18-10-2024T06:08:30 - [MESSAGE][INFO] - Starting 'Chrome' driver

18-10-2024T06:08:30 - [MESSAGE][INFO] - Action delay is set to 0 milliseconds

18-10-2024T06:08:31 - [MESSAGE][PASSED] - Browser is opened with url: ''

18-10-2024T06:08:31 - [TEST_STEP][PASSED] - navigateToUrl(findTestData("PlanFact").getValue(10, 5)): Navigate to 'https://bi.rosseti.digital/viewer?dashboardGuid=2301950b23be4ed89c1df75f2020051e&sheetGuid=31530aa0b6664c09b016b7f2ab9d853e&fit=true' successfully

18-10-2024T06:08:37 - [MESSAGE][PASSED] - Navigate to 'https://bi.rosseti.digital/viewer?dashboardGuid=2301950b23be4ed89c1df75f2020051e&sheetGuid=31530aa0b6664c09b016b7f2ab9d853e&fit=true' successfully

18-10-2024T06:08:37 - [TEST_STEP][PASSED] - setText(findTestObject("Страница авторизации/input__username"), findTestData("PlanFact").getValue(8, 1)): Text 'shekhov-aa' is set on object 'Object Repository/Страница авторизации/input__username'

18-10-2024T06:08:41 - [MESSAGE][PASSED] - Text 'shekhov-aa' is set on object 'Object Repository/Страница авторизации/input__username'

18-10-2024T06:08:41 - [TEST_STEP][PASSED] - setText(findTestObject("Страница авторизации/input__password"), findTestData("PlanFact").getValue(9, 1)): Text 'i)RpQLLlXv9gUDC9' is set on object 'Object Repository/Страница авторизации/input__password'

18-10-2024T06:08:41 - [MESSAGE][PASSED] - Text 'i)RpQLLlXv9gUDC9' is set on object 'Object Repository/Страница авторизации/input__password'

18-10-2024T06:08:41 - [TEST_STEP][PASSED] - click(findTestObject("Страница авторизации/button_")): Object: 'Object Repository/Страница авторизации/button_' is clicked on

18-10-2024T06:08:44 - [MESSAGE][PASSED] - Object: 'Object Repository/Страница авторизации/button_' is clicked on

18-10-2024T06:08:44 - [TEST_STEP][PASSED] - delay(30): Delayed 30 second(s)

18-10-2024T06:09:14 - [MESSAGE][PASSED] - Delayed 30 second(s)

18-10-2024T06:09:14 - [TEST_STEP][PASSED] - click(findTestObject("Выручка по ДЗО/Фильтр Дата")): Object: 'Object Repository/Выручка по ДЗО/Фильтр Дата' is clicked on

18-10-2024T06:09:15 - [MESSAGE][PASSED] - Object: 'Object Repository/Выручка по ДЗО/Фильтр Дата' is clicked on

18-10-2024T06:09:15 - [TEST_STEP][PASSED] - click(findTestObject("Выручка по ДЗО/Снять выделение в фильтре Дата")): Object: 'Object Repository/Выручка по ДЗО/Снять выделение в фильтре Дата' is clicked on

18-10-2024T06:09:15 - [MESSAGE][PASSED] - Object: 'Object Repository/Выручка по ДЗО/Снять выделение в фильтре Дата' is clicked on

18-10-2024T06:09:15 - [TEST_STEP][PASSED] - click(findTestObject("Выручка по ДЗО/Применить в фильтре Дата")): Object: 'Object Repository/Выручка по ДЗО/Применить в фильтре Дата' is clicked on

18-10-2024T06:09:16 - [MESSAGE][PASSED] - Object: 'Object Repository/Выручка по ДЗО/Применить в фильтре Дата' is clicked on

18-10-2024T06:09:16 - [TEST_STEP][PASSED] - click(findTestObject("Выручка по ДЗО/Фильтр Дата")): Object: 'Object Repository/Выручка по ДЗО/Фильтр Дата' is clicked on

18-10-2024T06:09:18 - [MESSAGE][PASSED] - Object: 'Object Repository/Выручка по ДЗО/Фильтр Дата' is clicked on

18-10-2024T06:09:18 - [TEST_STEP][PASSED] - click(findTestObject("Выручка по ДЗО/Снять выделение в фильтре Дата")): Object: 'Object Repository/Выручка по ДЗО/Снять выделение в фильтре Дата' is clicked on

18-10-2024T06:09:18 - [MESSAGE][PASSED] - Object: 'Object Repository/Выручка по ДЗО/Снять выделение в фильтре Дата' is clicked on

18-10-2024T06:09:18 - [TEST_STEP][PASSED] - scrollToElement(findTestObject("Выручка по ДЗО/2024 список"), 30): Scroll to object 'Object Repository/Выручка по ДЗО/2024 список' successfully

18-10-2024T06:09:19 - [MESSAGE][PASSED] - Scroll to object 'Object Repository/Выручка по ДЗО/2024 список' successfully

18-10-2024T06:09:19 - [TEST_STEP][PASSED] - click(findTestObject("Выручка по ДЗО/2024 список")): Object: 'Object Repository/Выручка по ДЗО/2024 список' is clicked on

18-10-2024T06:09:19 - [MESSAGE][PASSED] - Object: 'Object Repository/Выручка по ДЗО/2024 список' is clicked on

18-10-2024T06:09:19 - [TEST_STEP][PASSED] - scrollToElement(findTestObject("Выручка по ДЗО/1 квартал 2024 выбрать"), 30): Scroll to object 'Object Repository/Выручка по ДЗО/1 квартал 2024 выбрать' successfully

18-10-2024T06:09:20 - [MESSAGE][PASSED] - Scroll to object 'Object Repository/Выручка по ДЗО/1 квартал 2024 выбрать' successfully

18-10-2024T06:09:20 - [TEST_STEP][PASSED] - click(findTestObject("Выручка по ДЗО/1 квартал 2024 выбрать")): Object: 'Object Repository/Выручка по ДЗО/1 квартал 2024 выбрать' is clicked on

18-10-2024T06:09:20 - [MESSAGE][PASSED] - Object: 'Object Repository/Выручка по ДЗО/1 квартал 2024 выбрать' is clicked on

18-10-2024T06:09:20 - [TEST_STEP][PASSED] - scrollToElement(findTestObject("Выручка по ДЗО/2 квартал 2024 выбрать"), 30): Scroll to object 'Object Repository/Выручка по ДЗО/2 квартал 2024 выбрать' successfully

18-10-2024T06:09:20 - [MESSAGE][PASSED] - Scroll to object 'Object Repository/Выручка по ДЗО/2 квартал 2024 выбрать' successfully

18-10-2024T06:09:20 - [TEST_STEP][PASSED] - click(findTestObject("Выручка по ДЗО/2 квартал 2024 выбрать"), CONTINUE_ON_FAILURE): Object: 'Object Repository/Выручка по ДЗО/2 квартал 2024 выбрать' is clicked on

18-10-2024T06:09:21 - [MESSAGE][PASSED] - Object: 'Object Repository/Выручка по ДЗО/2 квартал 2024 выбрать' is clicked on

18-10-2024T06:09:21 - [TEST_STEP][PASSED] - scrollToElement(findTestObject("Выручка по ДЗО/Заголовок дашборда"), 30): Scroll to object 'Object Repository/Выручка по ДЗО/Заголовок дашборда' successfully

18-10-2024T06:09:21 - [MESSAGE][PASSED] - Scroll to object 'Object Repository/Выручка по ДЗО/Заголовок дашборда' successfully

18-10-2024T06:09:21 - [TEST_STEP][PASSED] - click(findTestObject("Выручка по ДЗО/3 квартал 2024 список"), CONTINUE_ON_FAILURE): Object: 'Object Repository/Выручка по ДЗО/3 квартал 2024 список' is clicked on

18-10-2024T06:09:22 - [MESSAGE][PASSED] - Object: 'Object Repository/Выручка по ДЗО/3 квартал 2024 список' is clicked on

18-10-2024T06:09:22 - [TEST_STEP][PASSED] - click(findTestObject("Выручка по ДЗО/Июль 2024"), CONTINUE_ON_FAILURE): Object: 'Object Repository/Выручка по ДЗО/Июль 2024' is clicked on

18-10-2024T06:09:22 - [MESSAGE][PASSED] - Object: 'Object Repository/Выручка по ДЗО/Июль 2024' is clicked on

18-10-2024T06:09:22 - [TEST_STEP][PASSED] - scrollToElement(findTestObject("Выручка по ДЗО/Август 2024"), 30): Scroll to object 'Object Repository/Выручка по ДЗО/Август 2024' successfully

18-10-2024T06:09:22 - [MESSAGE][PASSED] - Scroll to object 'Object Repository/Выручка по ДЗО/Август 2024' successfully

18-10-2024T06:09:22 - [TEST_STEP][PASSED] - click(findTestObject("Выручка по ДЗО/Август 2024"), CONTINUE_ON_FAILURE): Object: 'Object Repository/Выручка по ДЗО/Август 2024' is clicked on

18-10-2024T06:09:23 - [MESSAGE][PASSED] - Object: 'Object Repository/Выручка по ДЗО/Август 2024' is clicked on

18-10-2024T06:09:23 - [TEST_STEP][PASSED] - click(findTestObject("Выручка по ДЗО/Применить в фильтре Дата")): Object: 'Object Repository/Выручка по ДЗО/Применить в фильтре Дата' is clicked on

18-10-2024T06:09:24 - [MESSAGE][PASSED] - Object: 'Object Repository/Выручка по ДЗО/Применить в фильтре Дата' is clicked on

18-10-2024T06:09:24 - [TEST_STEP][PASSED] - a1 = getText(findTestObject("Выручка по ДЗО/График1 Выполнение плановых показателей Блок руководителя")): Text of object 'Object Repository/Выручка по ДЗО/График1 Выполнение плановых показателей Блок руководителя' is: '1 235 1 235
3 018 3 018
51 563 51 563
50 112 50 112
65 744 65 744
136 046 136 046
20 700 20 700
34 491 34 491
45 358 45 358
6 150 6 150
54 779 54 779
68 163 68 163
203 628 203 628
75 373 75 373
80 865 80 865
34 501 34 501
6 294 6 294
1 408 1 408
3 063 3 063
51 685 51 685
53 112 53 112
69 410 69 410
142 888 142 888
21 395 21 395
35 492 35 492
47 268 47 268
6 378 6 378
51 326 51 326
69 941 69 941
204 982 204 982
78 814 78 814
84 737 84 737
35 632 35 632
6 530 6 530
План
Факт
АО «Тываэнерго»
АО «Чеченэнерго»
Россети Волга
Россети Кубань
Россети Ленэнерго (ГК)
Россети Московский регион
Россети Северный Кавказ (ГК)
Россети Северо-Запад
Россети Сибирь (ГК)
Россети Томск
Россети Тюмень
Россети Урал (ГК)
Россети ФСК ЕЭС
Россети Центр
Россети Центр и Приволжье (ГК)
Россети Юг (ГК)
Россети Янтарь
0 млн. руб.
100 000 млн. руб.
200 000 млн. руб.
25 000 млн. руб.
50 000 млн. руб.
75 000 млн. руб.
125 000 млн. руб.
150 000 млн. руб.
175 000 млн. руб.
225 000 млн. руб.'

18-10-2024T06:09:25 - [MESSAGE][PASSED] - Text of object 'Object Repository/Выручка по ДЗО/График1 Выполнение плановых показателей Блок руководителя' is: '1 235 1 235
3 018 3 018
51 563 51 563
50 112 50 112
65 744 65 744
136 046 136 046
20 700 20 700
34 491 34 491
45 358 45 358
6 150 6 150
54 779 54 779
68 163 68 163
203 628 203 628
75 373 75 373
80 865 80 865
34 501 34 501
6 294 6 294
1 408 1 408
3 063 3 063
51 685 51 685
53 112 53 112
69 410 69 410
142 888 142 888
21 395 21 395
35 492 35 492
47 268 47 268
6 378 6 378
51 326 51 326
69 941 69 941
204 982 204 982
78 814 78 814
84 737 84 737
35 632 35 632
6 530 6 530
План
Факт
АО «Тываэнерго»
АО «Чеченэнерго»
Россети Волга
Россети Кубань
Россети Ленэнерго (ГК)
Россети Московский регион
Россети Северный Кавказ (ГК)
Россети Северо-Запад
Россети Сибирь (ГК)
Россети Томск
Россети Тюмень
Россети Урал (ГК)
Россети ФСК ЕЭС
Россети Центр
Россети Центр и Приволжье (ГК)
Россети Юг (ГК)
Россети Янтарь
0 млн. руб.
100 000 млн. руб.
200 000 млн. руб.
25 000 млн. руб.
50 000 млн. руб.
75 000 млн. руб.
125 000 млн. руб.
150 000 млн. руб.
175 000 млн. руб.
225 000 млн. руб.'

18-10-2024T06:09:25 - [TEST_STEP][PASSED] - println("a1: " + a1): null

18-10-2024T06:09:25 - [TEST_STEP][PASSED] - i = a1.indexOf("План"): null

18-10-2024T06:09:25 - [TEST_STEP][PASSED] - a1 = a1.substring(0, i): null

18-10-2024T06:09:25 - [TEST_STEP][PASSED] - println("a1: " + a1): null

18-10-2024T06:09:25 - [TEST_STEP][PASSED] - a2 = getText(findTestObject("Выручка по ДЗО/График2 Выполнение плановых показателей Блок руководителя")): Text of object 'Object Repository/Выручка по ДЗО/График2 Выполнение плановых показателей Блок руководителя' is: '0,15%0,15%
0,32%0,32%
5,36%5,36%
5,51%5,51%
7,2%7,2%
14,82%14,82%
2,22%2,22%
3,68%3,68%
4,9%4,9%
0,66%0,66%
5,32%5,32%
7,25%7,25%
21,26%21,26%
8,18%8,18%
8,79%8,79%
3,7%3,7%
0,68%0,68%
АО «Тываэнерго»
АО «Чеченэнерго»
Россети Волга
Россети Кубань
Россети Ленэнерго (ГК)
Россети Московский регион
Россети Северный Кавказ (ГК)
Россети Северо-Запад
Россети Сибирь (ГК)
Россети Томск
Россети Тюмень
Россети Урал (ГК)
Россети ФСК ЕЭС
Россети Центр
Россети Центр и Приволжье (ГК)
Россети Юг (ГК)
Россети Янтарь
Россети Центр и Приволжье (ГК): 84 737 018,72'

18-10-2024T06:09:25 - [MESSAGE][PASSED] - Text of object 'Object Repository/Выручка по ДЗО/График2 Выполнение плановых показателей Блок руководителя' is: '0,15%0,15%
0,32%0,32%
5,36%5,36%
5,51%5,51%
7,2%7,2%
14,82%14,82%
2,22%2,22%
3,68%3,68%
4,9%4,9%
0,66%0,66%
5,32%5,32%
7,25%7,25%
21,26%21,26%
8,18%8,18%
8,79%8,79%
3,7%3,7%
0,68%0,68%
АО «Тываэнерго»
АО «Чеченэнерго»
Россети Волга
Россети Кубань
Россети Ленэнерго (ГК)
Россети Московский регион
Россети Северный Кавказ (ГК)
Россети Северо-Запад
Россети Сибирь (ГК)
Россети Томск
Россети Тюмень
Россети Урал (ГК)
Россети ФСК ЕЭС
Россети Центр
Россети Центр и Приволжье (ГК)
Россети Юг (ГК)
Россети Янтарь
Россети Центр и Приволжье (ГК): 84 737 018,72'

18-10-2024T06:09:25 - [TEST_STEP][PASSED] - println("a2: " + a2): null

18-10-2024T06:09:25 - [TEST_STEP][PASSED] - i = a2.indexOf("АО «Тываэнерго»"): null

18-10-2024T06:09:25 - [TEST_STEP][PASSED] - a2 = a2.substring(0, i): null

18-10-2024T06:09:25 - [TEST_STEP][PASSED] - navigateToUrl(findTestData("PlanFact").getValue(10, 10)): Navigate to 'https://bi.rosseti.digital/viewer?dashboardGuid=a1fd28b3785d443cbc4d7690a1d78e31&sheetGuid=4a2f47326819444da0508dec5c59e502&fit=true' successfully

18-10-2024T06:09:26 - [MESSAGE][PASSED] - Navigate to 'https://bi.rosseti.digital/viewer?dashboardGuid=a1fd28b3785d443cbc4d7690a1d78e31&sheetGuid=4a2f47326819444da0508dec5c59e502&fit=true' successfully

18-10-2024T06:09:26 - [TEST_STEP][PASSED] - delay(30): Delayed 30 second(s)

18-10-2024T06:09:56 - [MESSAGE][PASSED] - Delayed 30 second(s)

18-10-2024T06:09:56 - [TEST_STEP][PASSED] - click(findTestObject("Выручка по ДЗО/Фильтр Дата Выручка")): Object: 'Object Repository/Выручка по ДЗО/Фильтр Дата Выручка' is clicked on

18-10-2024T06:09:57 - [MESSAGE][PASSED] - Object: 'Object Repository/Выручка по ДЗО/Фильтр Дата Выручка' is clicked on

18-10-2024T06:09:57 - [TEST_STEP][PASSED] - click(findTestObject("Выручка по ДЗО/Снять выделение в фильтре Дата Выручка")): Object: 'Object Repository/Выручка по ДЗО/Снять выделение в фильтре Дата Выручка' is clicked on

18-10-2024T06:09:57 - [MESSAGE][PASSED] - Object: 'Object Repository/Выручка по ДЗО/Снять выделение в фильтре Дата Выручка' is clicked on

18-10-2024T06:09:57 - [TEST_STEP][PASSED] - click(findTestObject("Выручка по ДЗО/Применить в фильтре Дата Выручка")): Object: 'Object Repository/Выручка по ДЗО/Применить в фильтре Дата Выручка' is clicked on

18-10-2024T06:09:58 - [MESSAGE][PASSED] - Object: 'Object Repository/Выручка по ДЗО/Применить в фильтре Дата Выручка' is clicked on

18-10-2024T06:09:58 - [TEST_STEP][PASSED] - click(findTestObject("Выручка по ДЗО/Фильтр Дата Выручка")): Object: 'Object Repository/Выручка по ДЗО/Фильтр Дата Выручка' is clicked on

18-10-2024T06:09:59 - [MESSAGE][PASSED] - Object: 'Object Repository/Выручка по ДЗО/Фильтр Дата Выручка' is clicked on

18-10-2024T06:09:59 - [TEST_STEP][PASSED] - click(findTestObject("Выручка по ДЗО/Снять выделение в фильтре Дата Выручка")): Object: 'Object Repository/Выручка по ДЗО/Снять выделение в фильтре Дата Выручка' is clicked on

18-10-2024T06:10:00 - [MESSAGE][PASSED] - Object: 'Object Repository/Выручка по ДЗО/Снять выделение в фильтре Дата Выручка' is clicked on

18-10-2024T06:10:00 - [TEST_STEP][PASSED] - scrollToElement(findTestObject("Выручка по ДЗО/2024 список Выручка"), 30): Scroll to object 'Object Repository/Выручка по ДЗО/2024 список Выручка' successfully

18-10-2024T06:10:00 - [MESSAGE][PASSED] - Scroll to object 'Object Repository/Выручка по ДЗО/2024 список Выручка' successfully

18-10-2024T06:10:00 - [TEST_STEP][PASSED] - click(findTestObject("Выручка по ДЗО/2024 список Выручка")): Object: 'Object Repository/Выручка по ДЗО/2024 список Выручка' is clicked on

18-10-2024T06:10:00 - [MESSAGE][PASSED] - Object: 'Object Repository/Выручка по ДЗО/2024 список Выручка' is clicked on

18-10-2024T06:10:00 - [TEST_STEP][PASSED] - scrollToElement(findTestObject("Выручка по ДЗО/1 квартал 2024 выбрать Выручка"), 30): Scroll to object 'Object Repository/Выручка по ДЗО/1 квартал 2024 выбрать Выручка' successfully

18-10-2024T06:10:01 - [MESSAGE][PASSED] - Scroll to object 'Object Repository/Выручка по ДЗО/1 квартал 2024 выбрать Выручка' successfully

18-10-2024T06:10:01 - [TEST_STEP][PASSED] - click(findTestObject("Выручка по ДЗО/1 квартал 2024 выбрать Выручка")): Object: 'Object Repository/Выручка по ДЗО/1 квартал 2024 выбрать Выручка' is clicked on

18-10-2024T06:10:01 - [MESSAGE][PASSED] - Object: 'Object Repository/Выручка по ДЗО/1 квартал 2024 выбрать Выручка' is clicked on

18-10-2024T06:10:01 - [TEST_STEP][PASSED] - scrollToElement(findTestObject("Выручка по ДЗО/2 квартал 2024 выбрать Выручка"), 30): Scroll to object 'Object Repository/Выручка по ДЗО/2 квартал 2024 выбрать Выручка' successfully

18-10-2024T06:10:02 - [MESSAGE][PASSED] - Scroll to object 'Object Repository/Выручка по ДЗО/2 квартал 2024 выбрать Выручка' successfully

18-10-2024T06:10:02 - [TEST_STEP][PASSED] - click(findTestObject("Выручка по ДЗО/2 квартал 2024 выбрать Выручка"), CONTINUE_ON_FAILURE): Object: 'Object Repository/Выручка по ДЗО/2 квартал 2024 выбрать Выручка' is clicked on

18-10-2024T06:10:02 - [MESSAGE][PASSED] - Object: 'Object Repository/Выручка по ДЗО/2 квартал 2024 выбрать Выручка' is clicked on

18-10-2024T06:10:02 - [TEST_STEP][PASSED] - click(findTestObject("Выручка по ДЗО/3 квартал 2024 список Выручка"), CONTINUE_ON_FAILURE): Object: 'Object Repository/Выручка по ДЗО/3 квартал 2024 список Выручка' is clicked on

18-10-2024T06:10:02 - [MESSAGE][PASSED] - Object: 'Object Repository/Выручка по ДЗО/3 квартал 2024 список Выручка' is clicked on

18-10-2024T06:10:02 - [TEST_STEP][PASSED] - click(findTestObject("Выручка по ДЗО/Июль 2024 Выручка"), CONTINUE_ON_FAILURE): Object: 'Object Repository/Выручка по ДЗО/Июль 2024 Выручка' is clicked on

18-10-2024T06:10:03 - [MESSAGE][PASSED] - Object: 'Object Repository/Выручка по ДЗО/Июль 2024 Выручка' is clicked on

18-10-2024T06:10:03 - [TEST_STEP][PASSED] - scrollToElement(findTestObject("Выручка по ДЗО/Август 2024 Выручка"), 30): Scroll to object 'Object Repository/Выручка по ДЗО/Август 2024 Выручка' successfully

18-10-2024T06:10:03 - [MESSAGE][PASSED] - Scroll to object 'Object Repository/Выручка по ДЗО/Август 2024 Выручка' successfully

18-10-2024T06:10:03 - [TEST_STEP][PASSED] - click(findTestObject("Выручка по ДЗО/Август 2024 Выручка"), CONTINUE_ON_FAILURE): Object: 'Object Repository/Выручка по ДЗО/Август 2024 Выручка' is clicked on

18-10-2024T06:10:04 - [MESSAGE][PASSED] - Object: 'Object Repository/Выручка по ДЗО/Август 2024 Выручка' is clicked on

18-10-2024T06:10:04 - [TEST_STEP][PASSED] - scrollToElement(findTestObject("Выручка по ДЗО/Заголовок дашборда Выручка"), 30): Scroll to object 'Object Repository/Выручка по ДЗО/Заголовок дашборда Выручка' successfully

18-10-2024T06:10:04 - [MESSAGE][PASSED] - Scroll to object 'Object Repository/Выручка по ДЗО/Заголовок дашборда Выручка' successfully

18-10-2024T06:10:04 - [TEST_STEP][PASSED] - click(findTestObject("Выручка по ДЗО/Применить в фильтре Дата Выручка")): Object: 'Object Repository/Выручка по ДЗО/Применить в фильтре Дата Выручка' is clicked on

18-10-2024T06:10:05 - [MESSAGE][PASSED] - Object: 'Object Repository/Выручка по ДЗО/Применить в фильтре Дата Выручка' is clicked on

18-10-2024T06:10:05 - [TEST_STEP][PASSED] - b1 = getText(findTestObject("Выручка по ДЗО/График1 Выполнение плановых показателей Выручка")): Text of object 'Object Repository/Выручка по ДЗО/График1 Выполнение плановых показателей Выручка' is: '1 235 1 235
3 018 3 018
51 563 51 563
50 112 50 112
65 744 65 744
136 046 136 046
20 700 20 700
34 491 34 491
45 358 45 358
6 150 6 150
54 779 54 779
68 163 68 163
203 628 203 628
75 373 75 373
80 865 80 865
34 501 34 501
6 294 6 294
1 408 1 408
3 063 3 063
51 685 51 685
53 112 53 112
69 410 69 410
142 888 142 888
21 395 21 395
35 492 35 492
47 268 47 268
6 378 6 378
51 326 51 326
69 941 69 941
204 982 204 982
78 814 78 814
84 737 84 737
35 632 35 632
6 530 6 530
План
Факт
АО «Тываэнерго»
АО «Чеченэнерго»
Россети Волга
Россети Кубань
Россети Ленэнерго (ГК)
Россети Московский регион
Россети Северный Кавказ (ГК)
Россети Северо-Запад
Россети Сибирь (ГК)
Россети Томск
Россети Тюмень
Россети Урал (ГК)
Россети ФСК ЕЭС
Россети Центр
Россети Центр и Приволжье (ГК)
Россети Юг (ГК)
Россети Янтарь
0 млн. руб.
100 000 млн. руб.
200 000 млн. руб.
25 000 млн. руб.
50 000 млн. руб.
75 000 млн. руб.
125 000 млн. руб.
150 000 млн. руб.
175 000 млн. руб.
225 000 млн. руб.'

18-10-2024T06:10:06 - [MESSAGE][PASSED] - Text of object 'Object Repository/Выручка по ДЗО/График1 Выполнение плановых показателей Выручка' is: '1 235 1 235
3 018 3 018
51 563 51 563
50 112 50 112
65 744 65 744
136 046 136 046
20 700 20 700
34 491 34 491
45 358 45 358
6 150 6 150
54 779 54 779
68 163 68 163
203 628 203 628
75 373 75 373
80 865 80 865
34 501 34 501
6 294 6 294
1 408 1 408
3 063 3 063
51 685 51 685
53 112 53 112
69 410 69 410
142 888 142 888
21 395 21 395
35 492 35 492
47 268 47 268
6 378 6 378
51 326 51 326
69 941 69 941
204 982 204 982
78 814 78 814
84 737 84 737
35 632 35 632
6 530 6 530
План
Факт
АО «Тываэнерго»
АО «Чеченэнерго»
Россети Волга
Россети Кубань
Россети Ленэнерго (ГК)
Россети Московский регион
Россети Северный Кавказ (ГК)
Россети Северо-Запад
Россети Сибирь (ГК)
Россети Томск
Россети Тюмень
Россети Урал (ГК)
Россети ФСК ЕЭС
Россети Центр
Россети Центр и Приволжье (ГК)
Россети Юг (ГК)
Россети Янтарь
0 млн. руб.
100 000 млн. руб.
200 000 млн. руб.
25 000 млн. руб.
50 000 млн. руб.
75 000 млн. руб.
125 000 млн. руб.
150 000 млн. руб.
175 000 млн. руб.
225 000 млн. руб.'

18-10-2024T06:10:06 - [TEST_STEP][PASSED] - println("b1: " + b1): null

18-10-2024T06:10:06 - [TEST_STEP][PASSED] - i = b1.indexOf("План"): null

18-10-2024T06:10:06 - [TEST_STEP][PASSED] - b1 = b1.substring(0, i): null

18-10-2024T06:10:06 - [TEST_STEP][PASSED] - println("b1: " + b1): null

18-10-2024T06:10:06 - [TEST_STEP][PASSED] - b2 = getText(findTestObject("Выручка по ДЗО/График2 Выполнение плановых показателей Выручка")): Text of object 'Object Repository/Выручка по ДЗО/График2 Выполнение плановых показателей Выручка' is: '0,15%0,15%
0,32%0,32%
5,36%5,36%
5,51%5,51%
7,2%7,2%
14,82%14,82%
2,22%2,22%
3,68%3,68%
4,9%4,9%
0,66%0,66%
5,32%5,32%
7,25%7,25%
21,26%21,26%
8,18%8,18%
8,79%8,79%
3,7%3,7%
0,68%0,68%
АО «Тываэнерго»
АО «Чеченэнерго»
Россети Волга
Россети Кубань
Россети Ленэнерго (ГК)
Россети Московский регион
Россети Северный Кавказ (ГК)
Россети Северо-Запад
Россети Сибирь (ГК)
Россети Томск
Россети Тюмень
Россети Урал (ГК)
Россети ФСК ЕЭС
Россети Центр
Россети Центр и Приволжье (ГК)
Россети Юг (ГК)
Россети Янтарь'

18-10-2024T06:10:07 - [MESSAGE][PASSED] - Text of object 'Object Repository/Выручка по ДЗО/График2 Выполнение плановых показателей Выручка' is: '0,15%0,15%
0,32%0,32%
5,36%5,36%
5,51%5,51%
7,2%7,2%
14,82%14,82%
2,22%2,22%
3,68%3,68%
4,9%4,9%
0,66%0,66%
5,32%5,32%
7,25%7,25%
21,26%21,26%
8,18%8,18%
8,79%8,79%
3,7%3,7%
0,68%0,68%
АО «Тываэнерго»
АО «Чеченэнерго»
Россети Волга
Россети Кубань
Россети Ленэнерго (ГК)
Россети Московский регион
Россети Северный Кавказ (ГК)
Россети Северо-Запад
Россети Сибирь (ГК)
Россети Томск
Россети Тюмень
Россети Урал (ГК)
Россети ФСК ЕЭС
Россети Центр
Россети Центр и Приволжье (ГК)
Россети Юг (ГК)
Россети Янтарь'

18-10-2024T06:10:07 - [TEST_STEP][PASSED] - i = b2.indexOf("АО «Тываэнерго»"): null

18-10-2024T06:10:07 - [TEST_STEP][PASSED] - b2 = b2.substring(0, i): null

18-10-2024T06:10:07 - [TEST_STEP][PASSED] - println(b2): null

18-10-2024T06:10:07 - [TEST_STEP][PASSED] - verifyEqual(a1, b1): Actual object '1 235 1 235
3 018 3 018
51 563 51 563
50 112 50 112
65 744 65 744
136 046 136 046
20 700 20 700
34 491 34 491
45 358 45 358
6 150 6 150
54 779 54 779
68 163 68 163
203 628 203 628
75 373 75 373
80 865 80 865
34 501 34 501
6 294 6 294
1 408 1 408
3 063 3 063
51 685 51 685
53 112 53 112
69 410 69 410
142 888 142 888
21 395 21 395
35 492 35 492
47 268 47 268
6 378 6 378
51 326 51 326
69 941 69 941
204 982 204 982
78 814 78 814
84 737 84 737
35 632 35 632
6 530 6 530
' and expected object '1 235 1 235
3 018 3 018
51 563 51 563
50 112 50 112
65 744 65 744
136 046 136 046
20 700 20 700
34 491 34 491
45 358 45 358
6 150 6 150
54 779 54 779
68 163 68 163
203 628 203 628
75 373 75 373
80 865 80 865
34 501 34 501
6 294 6 294
1 408 1 408
3 063 3 063
51 685 51 685
53 112 53 112
69 410 69 410
142 888 142 888
21 395 21 395
35 492 35 492
47 268 47 268
6 378 6 378
51 326 51 326
69 941 69 941
204 982 204 982
78 814 78 814
84 737 84 737
35 632 35 632
6 530 6 530
' are equal

18-10-2024T06:10:07 - [MESSAGE][PASSED] - Actual object '1 235 1 235
3 018 3 018
51 563 51 563
50 112 50 112
65 744 65 744
136 046 136 046
20 700 20 700
34 491 34 491
45 358 45 358
6 150 6 150
54 779 54 779
68 163 68 163
203 628 203 628
75 373 75 373
80 865 80 865
34 501 34 501
6 294 6 294
1 408 1 408
3 063 3 063
51 685 51 685
53 112 53 112
69 410 69 410
142 888 142 888
21 395 21 395
35 492 35 492
47 268 47 268
6 378 6 378
51 326 51 326
69 941 69 941
204 982 204 982
78 814 78 814
84 737 84 737
35 632 35 632
6 530 6 530
' and expected object '1 235 1 235
3 018 3 018
51 563 51 563
50 112 50 112
65 744 65 744
136 046 136 046
20 700 20 700
34 491 34 491
45 358 45 358
6 150 6 150
54 779 54 779
68 163 68 163
203 628 203 628
75 373 75 373
80 865 80 865
34 501 34 501
6 294 6 294
1 408 1 408
3 063 3 063
51 685 51 685
53 112 53 112
69 410 69 410
142 888 142 888
21 395 21 395
35 492 35 492
47 268 47 268
6 378 6 378
51 326 51 326
69 941 69 941
204 982 204 982
78 814 78 814
84 737 84 737
35 632 35 632
6 530 6 530
' are equal

18-10-2024T06:10:07 - [TEST_STEP][PASSED] - if (verifyEqual(a1, b1) == true): Actual object '1 235 1 235
3 018 3 018
51 563 51 563
50 112 50 112
65 744 65 744
136 046 136 046
20 700 20 700
34 491 34 491
45 358 45 358
6 150 6 150
54 779 54 779
68 163 68 163
203 628 203 628
75 373 75 373
80 865 80 865
34 501 34 501
6 294 6 294
1 408 1 408
3 063 3 063
51 685 51 685
53 112 53 112
69 410 69 410
142 888 142 888
21 395 21 395
35 492 35 492
47 268 47 268
6 378 6 378
51 326 51 326
69 941 69 941
204 982 204 982
78 814 78 814
84 737 84 737
35 632 35 632
6 530 6 530
' and expected object '1 235 1 235
3 018 3 018
51 563 51 563
50 112 50 112
65 744 65 744
136 046 136 046
20 700 20 700
34 491 34 491
45 358 45 358
6 150 6 150
54 779 54 779
68 163 68 163
203 628 203 628
75 373 75 373
80 865 80 865
34 501 34 501
6 294 6 294
1 408 1 408
3 063 3 063
51 685 51 685
53 112 53 112
69 410 69 410
142 888 142 888
21 395 21 395
35 492 35 492
47 268 47 268
6 378 6 378
51 326 51 326
69 941 69 941
204 982 204 982
78 814 78 814
84 737 84 737
35 632 35 632
6 530 6 530
' are equal

18-10-2024T06:10:07 - [MESSAGE][PASSED] - Actual object '1 235 1 235
3 018 3 018
51 563 51 563
50 112 50 112
65 744 65 744
136 046 136 046
20 700 20 700
34 491 34 491
45 358 45 358
6 150 6 150
54 779 54 779
68 163 68 163
203 628 203 628
75 373 75 373
80 865 80 865
34 501 34 501
6 294 6 294
1 408 1 408
3 063 3 063
51 685 51 685
53 112 53 112
69 410 69 410
142 888 142 888
21 395 21 395
35 492 35 492
47 268 47 268
6 378 6 378
51 326 51 326
69 941 69 941
204 982 204 982
78 814 78 814
84 737 84 737
35 632 35 632
6 530 6 530
' and expected object '1 235 1 235
3 018 3 018
51 563 51 563
50 112 50 112
65 744 65 744
136 046 136 046
20 700 20 700
34 491 34 491
45 358 45 358
6 150 6 150
54 779 54 779
68 163 68 163
203 628 203 628
75 373 75 373
80 865 80 865
34 501 34 501
6 294 6 294
1 408 1 408
3 063 3 063
51 685 51 685
53 112 53 112
69 410 69 410
142 888 142 888
21 395 21 395
35 492 35 492
47 268 47 268
6 378 6 378
51 326 51 326
69 941 69 941
204 982 204 982
78 814 78 814
84 737 84 737
35 632 35 632
6 530 6 530
' are equal

18-10-2024T06:10:07 - [TEST_STEP][PASSED] - verifyEqual(a2, b2): Actual object '0,15%0,15%
0,32%0,32%
5,36%5,36%
5,51%5,51%
7,2%7,2%
14,82%14,82%
2,22%2,22%
3,68%3,68%
4,9%4,9%
0,66%0,66%
5,32%5,32%
7,25%7,25%
21,26%21,26%
8,18%8,18%
8,79%8,79%
3,7%3,7%
0,68%0,68%
' and expected object '0,15%0,15%
0,32%0,32%
5,36%5,36%
5,51%5,51%
7,2%7,2%
14,82%14,82%
2,22%2,22%
3,68%3,68%
4,9%4,9%
0,66%0,66%
5,32%5,32%
7,25%7,25%
21,26%21,26%
8,18%8,18%
8,79%8,79%
3,7%3,7%
0,68%0,68%
' are equal

18-10-2024T06:10:07 - [MESSAGE][PASSED] - Actual object '0,15%0,15%
0,32%0,32%
5,36%5,36%
5,51%5,51%
7,2%7,2%
14,82%14,82%
2,22%2,22%
3,68%3,68%
4,9%4,9%
0,66%0,66%
5,32%5,32%
7,25%7,25%
21,26%21,26%
8,18%8,18%
8,79%8,79%
3,7%3,7%
0,68%0,68%
' and expected object '0,15%0,15%
0,32%0,32%
5,36%5,36%
5,51%5,51%
7,2%7,2%
14,82%14,82%
2,22%2,22%
3,68%3,68%
4,9%4,9%
0,66%0,66%
5,32%5,32%
7,25%7,25%
21,26%21,26%
8,18%8,18%
8,79%8,79%
3,7%3,7%
0,68%0,68%
' are equal

18-10-2024T06:10:07 - [TEST_STEP][PASSED] - if (verifyEqual(a2, b2) == true): Actual object '0,15%0,15%
0,32%0,32%
5,36%5,36%
5,51%5,51%
7,2%7,2%
14,82%14,82%
2,22%2,22%
3,68%3,68%
4,9%4,9%
0,66%0,66%
5,32%5,32%
7,25%7,25%
21,26%21,26%
8,18%8,18%
8,79%8,79%
3,7%3,7%
0,68%0,68%
' and expected object '0,15%0,15%
0,32%0,32%
5,36%5,36%
5,51%5,51%
7,2%7,2%
14,82%14,82%
2,22%2,22%
3,68%3,68%
4,9%4,9%
0,66%0,66%
5,32%5,32%
7,25%7,25%
21,26%21,26%
8,18%8,18%
8,79%8,79%
3,7%3,7%
0,68%0,68%
' are equal

18-10-2024T06:10:07 - [MESSAGE][PASSED] - Actual object '0,15%0,15%
0,32%0,32%
5,36%5,36%
5,51%5,51%
7,2%7,2%
14,82%14,82%
2,22%2,22%
3,68%3,68%
4,9%4,9%
0,66%0,66%
5,32%5,32%
7,25%7,25%
21,26%21,26%
8,18%8,18%
8,79%8,79%
3,7%3,7%
0,68%0,68%
' and expected object '0,15%0,15%
0,32%0,32%
5,36%5,36%
5,51%5,51%
7,2%7,2%
14,82%14,82%
2,22%2,22%
3,68%3,68%
4,9%4,9%
0,66%0,66%
5,32%5,32%
7,25%7,25%
21,26%21,26%
8,18%8,18%
8,79%8,79%
3,7%3,7%
0,68%0,68%
' are equal

18-10-2024T06:10:07 - [TEST_STEP][PASSED] - closeBrowser(): Browser is closed

18-10-2024T06:10:07 - [MESSAGE][PASSED] - Browser is closed]]></system-out>
         <system-err><![CDATA[]]></system-err>
      </testcase>
      <testcase name="Test Cases/Сверки дашбордов/Прогноз по отраслям сверка дашбордов" time="810.564" classname="Test Cases/Сверки дашбордов/Прогноз по отраслям сверка дашбордов" status="PASSED">
         <system-out><![CDATA[18-10-2024T06:10:07 - [TEST_CASE][PASSED] - Test Cases/Сверки дашбордов/Прогноз по отраслям сверка дашбордов: Test Cases/Сверки дашбордов/Прогноз по отраслям сверка дашбордов

18-10-2024T06:10:07 - [TEST_STEP][PASSED] - date = new java.util.Date(): null

18-10-2024T06:10:07 - [TEST_STEP][PASSED] - todaysDate = date.format("dd.MM.yyyy"): null

18-10-2024T06:10:07 - [TEST_STEP][PASSED] - println(todaysDate): null

18-10-2024T06:10:07 - [TEST_STEP][PASSED] - typeOfData = <not implemented yet for class: org.codehaus.groovy.ast.expr.EmptyExpression>: null

18-10-2024T06:10:07 - [TEST_STEP][PASSED] - filterSravnenie = <not implemented yet for class: org.codehaus.groovy.ast.expr.EmptyExpression>: null

18-10-2024T06:10:07 - [TEST_STEP][PASSED] - kpoOtpusk = <not implemented yet for class: org.codehaus.groovy.ast.expr.EmptyExpression>: null

18-10-2024T06:10:07 - [TEST_STEP][PASSED] - openBrowser(""): Browser is opened with url: ''

18-10-2024T06:10:07 - [MESSAGE][INFO] - Starting 'Chrome' driver

18-10-2024T06:10:07 - [MESSAGE][INFO] - Action delay is set to 0 milliseconds

18-10-2024T06:10:08 - [MESSAGE][PASSED] - Browser is opened with url: ''

18-10-2024T06:10:08 - [TEST_STEP][PASSED] - navigateToUrl(findTestData("PlanFact").getValue(10, 6)): Navigate to 'https://bi.rosseti.digital/viewer?dashboardGuid=d6acb5b1a7114a9791b34de39263106e&sheetGuid=0b6d261d7f7b4424a967aa8f3a724189&fit=true' successfully

18-10-2024T06:10:24 - [MESSAGE][PASSED] - Navigate to 'https://bi.rosseti.digital/viewer?dashboardGuid=d6acb5b1a7114a9791b34de39263106e&sheetGuid=0b6d261d7f7b4424a967aa8f3a724189&fit=true' successfully

18-10-2024T06:10:24 - [TEST_STEP][PASSED] - setText(findTestObject("Страница авторизации/input__username"), findTestData("PlanFact").getValue(8, 1)): Text 'shekhov-aa' is set on object 'Object Repository/Страница авторизации/input__username'

18-10-2024T06:10:29 - [MESSAGE][PASSED] - Text 'shekhov-aa' is set on object 'Object Repository/Страница авторизации/input__username'

18-10-2024T06:10:29 - [TEST_STEP][PASSED] - setText(findTestObject("Страница авторизации/input__password"), findTestData("PlanFact").getValue(9, 1)): Text 'i)RpQLLlXv9gUDC9' is set on object 'Object Repository/Страница авторизации/input__password'

18-10-2024T06:10:29 - [MESSAGE][PASSED] - Text 'i)RpQLLlXv9gUDC9' is set on object 'Object Repository/Страница авторизации/input__password'

18-10-2024T06:10:29 - [TEST_STEP][PASSED] - click(findTestObject("Страница авторизации/button_")): Object: 'Object Repository/Страница авторизации/button_' is clicked on

18-10-2024T06:10:33 - [MESSAGE][PASSED] - Object: 'Object Repository/Страница авторизации/button_' is clicked on

18-10-2024T06:10:33 - [TEST_STEP][PASSED] - delay(50): Delayed 50 second(s)

18-10-2024T06:11:23 - [MESSAGE][PASSED] - Delayed 50 second(s)

18-10-2024T06:11:23 - [TEST_STEP][PASSED] - click(findTestObject("Прогноз по отраслям/Фильтр Месяц")): Object: 'Object Repository/Прогноз по отраслям/Фильтр Месяц' is clicked on

18-10-2024T06:11:23 - [MESSAGE][PASSED] - Object: 'Object Repository/Прогноз по отраслям/Фильтр Месяц' is clicked on

18-10-2024T06:11:23 - [TEST_STEP][PASSED] - scrollToElement(findTestObject("Прогноз по отраслям/Ноябрь"), 30): Scroll to object 'Object Repository/Прогноз по отраслям/Ноябрь' successfully

18-10-2024T06:11:24 - [MESSAGE][PASSED] - Scroll to object 'Object Repository/Прогноз по отраслям/Ноябрь' successfully

18-10-2024T06:11:24 - [TEST_STEP][PASSED] - click(findTestObject("Прогноз по отраслям/Ноябрь"), CONTINUE_ON_FAILURE): Object: 'Object Repository/Прогноз по отраслям/Ноябрь' is clicked on

18-10-2024T06:11:25 - [MESSAGE][PASSED] - Object: 'Object Repository/Прогноз по отраслям/Ноябрь' is clicked on

18-10-2024T06:11:25 - [TEST_STEP][PASSED] - scrollToElement(findTestObject("Прогноз по отраслям/Заголовок дашборда"), 30): Scroll to object 'Object Repository/Прогноз по отраслям/Заголовок дашборда' successfully

18-10-2024T06:11:27 - [MESSAGE][PASSED] - Scroll to object 'Object Repository/Прогноз по отраслям/Заголовок дашборда' successfully

18-10-2024T06:11:27 - [TEST_STEP][PASSED] - click(findTestObject("Прогноз по отраслям/Фильтр Сравнение с")): Object: 'Object Repository/Прогноз по отраслям/Фильтр Сравнение с' is clicked on

18-10-2024T06:11:27 - [MESSAGE][PASSED] - Object: 'Object Repository/Прогноз по отраслям/Фильтр Сравнение с' is clicked on

18-10-2024T06:11:27 - [TEST_STEP][PASSED] - click(findTestObject("Прогноз по отраслям/Факт прошлого года")): Object: 'Object Repository/Прогноз по отраслям/Факт прошлого года' is clicked on

18-10-2024T06:11:28 - [MESSAGE][PASSED] - Object: 'Object Repository/Прогноз по отраслям/Факт прошлого года' is clicked on

18-10-2024T06:11:28 - [TEST_STEP][PASSED] - click(findTestObject("Прогноз по отраслям/Фильтр КПО-Отпуск")): Object: 'Object Repository/Прогноз по отраслям/Фильтр КПО-Отпуск' is clicked on

18-10-2024T06:11:29 - [MESSAGE][PASSED] - Object: 'Object Repository/Прогноз по отраслям/Фильтр КПО-Отпуск' is clicked on

18-10-2024T06:11:29 - [TEST_STEP][PASSED] - click(findTestObject("Прогноз по отраслям/Отпуск")): Object: 'Object Repository/Прогноз по отраслям/Отпуск' is clicked on

18-10-2024T06:11:30 - [MESSAGE][PASSED] - Object: 'Object Repository/Прогноз по отраслям/Отпуск' is clicked on

18-10-2024T06:11:30 - [TEST_STEP][PASSED] - delay(25): Delayed 25 second(s)

18-10-2024T06:11:55 - [MESSAGE][PASSED] - Delayed 25 second(s)

18-10-2024T06:11:55 - [TEST_STEP][PASSED] - a1 = getText(findTestObject("Прогноз по отраслям/Виджеты дашборда")): Text of object 'Object Repository/Прогноз по отраслям/Виджеты дашборда' is: 'Год 
2023 год
Сравнение с 
Факт прошлого года
Динамика электропотребления, млрд. кВт.ч. по ПАО Россети на 2023 год
12 12
186 186
36 36
50 50
10 10
19 19
0 0
17 17
85 85
19 19
82 82
604 604
10 10
197 197
37 37
48 48
10 10
15 15
4 4
18 18
80 80
19 19
82 82
608 608
Факт прошлого года
Ожидаемое (прогноз по конца года)
Интер РАО (дляФСК)
Промышленныепотребители
Транспорт
Нефтедобыча
Нефтепереработка
Нефтепроводы
Газопроводы
Сельскоехозяйство ипищеваяпромышленность
Непромышленныепотребители
Государственные(муниципальные)организации ипрочиебюджетныепотребители
Население иприравненныегруппыпотребителей
Территориальныесетевыеорганизации
Выручка по ПАО Россети на 2023 год
5 5
285 285
72 72
72 72
18 18
22 22
0 0
50 50
201 201
61 61
190 190
227 227
6 6
331 331
82 82
77 77
20 20
20 20
3 3
57 57
220 220
68 68
214 214
258 258
Факт прошлого года
Ожидаемое (прогноз по конца года)
Интер РАО (дляФСК)
Промышленныепотребители
Транспорт
Нефтедобыча
Нефтепереработка
Нефтепроводы
Газопроводы
Сельскоехозяйство ипищеваяпромышленность
Непромышленныепотребители
Государственные(муниципальные)организации ипрочиебюджетныепотребители
Население иприравненныегруппыпотребителей
Территориальныесетевыеорганизации
Отклонения по ПАО Россети на 2023 год
-18.5% -18.5%
5.9% 5.9%
3.6% 3.6%
-3.9% -3.9%
0.9% 0.9%
-20.7% -20.7%
3 313.2% 3 313.2%
3.8% 3.8%
-5.6% -5.6%
1.3% 1.3%
-0.9% -0.9%
0.7% 0.7%
⬤ Отклонение, %
Интер РАО (для ФСК)
Промышленные потребители
Транспорт
Нефтедобыча
Нефтепереработка
Нефтепроводы
Газопроводы
Сельское хозяйство и пищевая пр…
Непромышленные потребители
Государственные (муниципальные…
Население и приравненные групп…
Территориальные сетевые органи…
Выручка отклонения по ПАО Россети на 2023 год
7.7% 7.7%
16.0% 16.0%
13.2% 13.2%
6.7% 6.7%
13.3% 13.3%
-7.7% -7.7%
1 331.5% 1 331.5%
14.2% 14.2%
9.9% 9.9%
12.0% 12.0%
12.4% 12.4%
13.7% 13.7%
⬤ Отклонение, %
Интер РАО (для ФСК)
Промышленные потребители
Транспорт
Нефтедобыча
Нефтепереработка
Нефтепроводы
Газопроводы
Сельское хозяйство и пищевая пр…
Непромышленные потребители
Государственные (муниципальные…
Население и приравненные групп…
Территориальные сетевые органи…
абс.
%
Прогноз на месяц 
Ноябрь
КПО/Отпуск из сети 
Отпуск из сети, млн. кВт.ч
Организация 
Все
Прогноз электропотребления и выручки за услуги по передаче в разрезе отраслей'

18-10-2024T06:11:56 - [MESSAGE][PASSED] - Text of object 'Object Repository/Прогноз по отраслям/Виджеты дашборда' is: 'Год 
2023 год
Сравнение с 
Факт прошлого года
Динамика электропотребления, млрд. кВт.ч. по ПАО Россети на 2023 год
12 12
186 186
36 36
50 50
10 10
19 19
0 0
17 17
85 85
19 19
82 82
604 604
10 10
197 197
37 37
48 48
10 10
15 15
4 4
18 18
80 80
19 19
82 82
608 608
Факт прошлого года
Ожидаемое (прогноз по конца года)
Интер РАО (дляФСК)
Промышленныепотребители
Транспорт
Нефтедобыча
Нефтепереработка
Нефтепроводы
Газопроводы
Сельскоехозяйство ипищеваяпромышленность
Непромышленныепотребители
Государственные(муниципальные)организации ипрочиебюджетныепотребители
Население иприравненныегруппыпотребителей
Территориальныесетевыеорганизации
Выручка по ПАО Россети на 2023 год
5 5
285 285
72 72
72 72
18 18
22 22
0 0
50 50
201 201
61 61
190 190
227 227
6 6
331 331
82 82
77 77
20 20
20 20
3 3
57 57
220 220
68 68
214 214
258 258
Факт прошлого года
Ожидаемое (прогноз по конца года)
Интер РАО (дляФСК)
Промышленныепотребители
Транспорт
Нефтедобыча
Нефтепереработка
Нефтепроводы
Газопроводы
Сельскоехозяйство ипищеваяпромышленность
Непромышленныепотребители
Государственные(муниципальные)организации ипрочиебюджетныепотребители
Население иприравненныегруппыпотребителей
Территориальныесетевыеорганизации
Отклонения по ПАО Россети на 2023 год
-18.5% -18.5%
5.9% 5.9%
3.6% 3.6%
-3.9% -3.9%
0.9% 0.9%
-20.7% -20.7%
3 313.2% 3 313.2%
3.8% 3.8%
-5.6% -5.6%
1.3% 1.3%
-0.9% -0.9%
0.7% 0.7%
⬤ Отклонение, %
Интер РАО (для ФСК)
Промышленные потребители
Транспорт
Нефтедобыча
Нефтепереработка
Нефтепроводы
Газопроводы
Сельское хозяйство и пищевая пр…
Непромышленные потребители
Государственные (муниципальные…
Население и приравненные групп…
Территориальные сетевые органи…
Выручка отклонения по ПАО Россети на 2023 год
7.7% 7.7%
16.0% 16.0%
13.2% 13.2%
6.7% 6.7%
13.3% 13.3%
-7.7% -7.7%
1 331.5% 1 331.5%
14.2% 14.2%
9.9% 9.9%
12.0% 12.0%
12.4% 12.4%
13.7% 13.7%
⬤ Отклонение, %
Интер РАО (для ФСК)
Промышленные потребители
Транспорт
Нефтедобыча
Нефтепереработка
Нефтепроводы
Газопроводы
Сельское хозяйство и пищевая пр…
Непромышленные потребители
Государственные (муниципальные…
Население и приравненные групп…
Территориальные сетевые органи…
абс.
%
Прогноз на месяц 
Ноябрь
КПО/Отпуск из сети 
Отпуск из сети, млн. кВт.ч
Организация 
Все
Прогноз электропотребления и выручки за услуги по передаче в разрезе отраслей'

18-10-2024T06:11:56 - [TEST_STEP][PASSED] - a1 = a1.replaceAll("[^0-9]", ""): null

18-10-2024T06:11:56 - [TEST_STEP][PASSED] - println("a1:" + a1): null

18-10-2024T06:11:56 - [TEST_STEP][PASSED] - click(findTestObject("Прогноз по отраслям/Фильтр Сравнение с")): Object: 'Object Repository/Прогноз по отраслям/Фильтр Сравнение с' is clicked on

18-10-2024T06:11:56 - [MESSAGE][PASSED] - Object: 'Object Repository/Прогноз по отраслям/Фильтр Сравнение с' is clicked on

18-10-2024T06:11:56 - [TEST_STEP][PASSED] - click(findTestObject("Прогноз по отраслям/План")): Object: 'Object Repository/Прогноз по отраслям/План' is clicked on

18-10-2024T06:11:57 - [MESSAGE][PASSED] - Object: 'Object Repository/Прогноз по отраслям/План' is clicked on

18-10-2024T06:11:57 - [TEST_STEP][PASSED] - delay(25): Delayed 25 second(s)

18-10-2024T06:12:22 - [MESSAGE][PASSED] - Delayed 25 second(s)

18-10-2024T06:12:22 - [TEST_STEP][PASSED] - a2 = getText(findTestObject("Прогноз по отраслям/Виджеты дашборда")): Text of object 'Object Repository/Прогноз по отраслям/Виджеты дашборда' is: 'Год 
2023 год
Сравнение с 
План
Динамика электропотребления, млрд. кВт.ч. по ПАО Россети на 2023 год
10 10
190 190
36 36
14 14
9 9
14 14
4 4
17 17
80 80
19 19
82 82
588 588
10 10
197 197
37 37
48 48
10 10
15 15
4 4
18 18
80 80
19 19
82 82
608 608
План
Ожидаемое (прогноз по конца года)
Интер РАО (дляФСК)
Промышленныепотребители
Транспорт
Нефтедобыча
Нефтепереработка
Нефтепроводы
Газопроводы
Сельскоехозяйство ипищеваяпромышленность
Непромышленныепотребители
Государственные(муниципальные)организации ипрочиебюджетныепотребители
Население иприравненныегруппыпотребителей
Территориальныесетевыеорганизации
Выручка по ПАО Россети на 2023 год
5 5
319 319
81 81
16 16
16 16
20 20
2 2
56 56
215 215
67 67
218 218
239 239
6 6
331 331
82 82
77 77
20 20
20 20
3 3
57 57
220 220
68 68
214 214
258 258
План
Ожидаемое (прогноз по конца года)
Интер РАО (дляФСК)
Промышленныепотребители
Транспорт
Нефтедобыча
Нефтепереработка
Нефтепроводы
Газопроводы
Сельскоехозяйство ипищеваяпромышленность
Непромышленныепотребители
Государственные(муниципальные)организации ипрочиебюджетныепотребители
Население иприравненныегруппыпотребителей
Территориальныесетевыеорганизации
Отклонения по ПАО Россети на 2023 год
-4.7% -4.7%
3.8% 3.8%
1.9% 1.9%
230.3% 230.3%
10.9% 10.9%
4.2% 4.2%
21.7% 21.7%
3.9% 3.9%
-0.6% -0.6%
1.6% 1.6%
-1.0% -1.0%
3.3% 3.3%
⬤ Отклонение, %
Интер РАО (для ФСК)
Промышленные потребители
Транспорт
Нефтедобыча
Нефтепереработка
Нефтепроводы
Газопроводы
Сельское хозяйство и пищевая пр…
Непромышленные потребители
Государственные (муниципальные…
Население и приравненные групп…
Территориальные сетевые органи…
Выручка отклонения по ПАО Россети на 2023 год
15.6% 15.6%
3.8% 3.8%
1.2% 1.2%
398.2% 398.2%
26.9% 26.9%
-0.6% -0.6%
26.9% 26.9%
1.5% 1.5%
2.7% 2.7%
2.0% 2.0%
-2.0% -2.0%
7.9% 7.9%
⬤ Отклонение, %
Интер РАО (для ФСК)
Промышленные потребители
Транспорт
Нефтедобыча
Нефтепереработка
Нефтепроводы
Газопроводы
Сельское хозяйство и пищевая пр…
Непромышленные потребители
Государственные (муниципальные…
Население и приравненные групп…
Территориальные сетевые органи…
абс.
%
Прогноз на месяц 
Ноябрь
КПО/Отпуск из сети 
Отпуск из сети, млн. кВт.ч
Организация 
Все
Прогноз электропотребления и выручки за услуги по передаче в разрезе отраслей'

18-10-2024T06:12:23 - [MESSAGE][PASSED] - Text of object 'Object Repository/Прогноз по отраслям/Виджеты дашборда' is: 'Год 
2023 год
Сравнение с 
План
Динамика электропотребления, млрд. кВт.ч. по ПАО Россети на 2023 год
10 10
190 190
36 36
14 14
9 9
14 14
4 4
17 17
80 80
19 19
82 82
588 588
10 10
197 197
37 37
48 48
10 10
15 15
4 4
18 18
80 80
19 19
82 82
608 608
План
Ожидаемое (прогноз по конца года)
Интер РАО (дляФСК)
Промышленныепотребители
Транспорт
Нефтедобыча
Нефтепереработка
Нефтепроводы
Газопроводы
Сельскоехозяйство ипищеваяпромышленность
Непромышленныепотребители
Государственные(муниципальные)организации ипрочиебюджетныепотребители
Население иприравненныегруппыпотребителей
Территориальныесетевыеорганизации
Выручка по ПАО Россети на 2023 год
5 5
319 319
81 81
16 16
16 16
20 20
2 2
56 56
215 215
67 67
218 218
239 239
6 6
331 331
82 82
77 77
20 20
20 20
3 3
57 57
220 220
68 68
214 214
258 258
План
Ожидаемое (прогноз по конца года)
Интер РАО (дляФСК)
Промышленныепотребители
Транспорт
Нефтедобыча
Нефтепереработка
Нефтепроводы
Газопроводы
Сельскоехозяйство ипищеваяпромышленность
Непромышленныепотребители
Государственные(муниципальные)организации ипрочиебюджетныепотребители
Население иприравненныегруппыпотребителей
Территориальныесетевыеорганизации
Отклонения по ПАО Россети на 2023 год
-4.7% -4.7%
3.8% 3.8%
1.9% 1.9%
230.3% 230.3%
10.9% 10.9%
4.2% 4.2%
21.7% 21.7%
3.9% 3.9%
-0.6% -0.6%
1.6% 1.6%
-1.0% -1.0%
3.3% 3.3%
⬤ Отклонение, %
Интер РАО (для ФСК)
Промышленные потребители
Транспорт
Нефтедобыча
Нефтепереработка
Нефтепроводы
Газопроводы
Сельское хозяйство и пищевая пр…
Непромышленные потребители
Государственные (муниципальные…
Население и приравненные групп…
Территориальные сетевые органи…
Выручка отклонения по ПАО Россети на 2023 год
15.6% 15.6%
3.8% 3.8%
1.2% 1.2%
398.2% 398.2%
26.9% 26.9%
-0.6% -0.6%
26.9% 26.9%
1.5% 1.5%
2.7% 2.7%
2.0% 2.0%
-2.0% -2.0%
7.9% 7.9%
⬤ Отклонение, %
Интер РАО (для ФСК)
Промышленные потребители
Транспорт
Нефтедобыча
Нефтепереработка
Нефтепроводы
Газопроводы
Сельское хозяйство и пищевая пр…
Непромышленные потребители
Государственные (муниципальные…
Население и приравненные групп…
Территориальные сетевые органи…
абс.
%
Прогноз на месяц 
Ноябрь
КПО/Отпуск из сети 
Отпуск из сети, млн. кВт.ч
Организация 
Все
Прогноз электропотребления и выручки за услуги по передаче в разрезе отраслей'

18-10-2024T06:12:23 - [TEST_STEP][PASSED] - a2 = a2.replaceAll("[^0-9]", ""): null

18-10-2024T06:12:23 - [TEST_STEP][PASSED] - println("a2:" + a2): null

18-10-2024T06:12:23 - [TEST_STEP][PASSED] - click(findTestObject("Прогноз по отраслям/Фильтр Сравнение с")): Object: 'Object Repository/Прогноз по отраслям/Фильтр Сравнение с' is clicked on

18-10-2024T06:12:23 - [MESSAGE][PASSED] - Object: 'Object Repository/Прогноз по отраслям/Фильтр Сравнение с' is clicked on

18-10-2024T06:12:23 - [TEST_STEP][PASSED] - click(findTestObject("Прогноз по отраслям/План СУ")): Object: 'Object Repository/Прогноз по отраслям/План СУ' is clicked on

18-10-2024T06:12:24 - [MESSAGE][PASSED] - Object: 'Object Repository/Прогноз по отраслям/План СУ' is clicked on

18-10-2024T06:12:24 - [TEST_STEP][PASSED] - delay(25): Delayed 25 second(s)

18-10-2024T06:12:49 - [MESSAGE][PASSED] - Delayed 25 second(s)

18-10-2024T06:12:49 - [TEST_STEP][PASSED] - a3 = getText(findTestObject("Прогноз по отраслям/Виджеты дашборда")): Text of object 'Object Repository/Прогноз по отраслям/Виджеты дашборда' is: 'Год 
2023 год
Сравнение с 
План/СУ
Динамика электропотребления, млрд. кВт.ч. по ПАО Россети на 2023 год
10 10
186 186
36 36
15 15
9 9
14 14
4 4
17 17
88 88
19 19
83 83
597 597
10 10
197 197
37 37
48 48
10 10
15 15
4 4
18 18
80 80
19 19
82 82
608 608
СУ
Ожидаемое (прогноз по конца года)
Интер РАО (дляФСК)
Промышленныепотребители
Транспорт
Нефтедобыча
Нефтепереработка
Нефтепроводы
Газопроводы
Сельскоехозяйство ипищеваяпромышленность
Непромышленныепотребители
Государственные(муниципальные)организации ипрочиебюджетныепотребители
Население иприравненныегруппыпотребителей
Территориальныесетевыеорганизации
Выручка по ПАО Россети на 2023 год
6 6
331 331
82 82
77 77
20 20
20 20
3 3
57 57
220 220
68 68
214 214
258 258
Ожидаемое (прогноз по конца года)
Интер РАО (дляФСК)
Промышленныепотребители
Транспорт
Нефтедобыча
Нефтепереработка
Нефтепроводы
Газопроводы
Сельскоехозяйство ипищеваяпромышленность
Непромышленныепотребители
Государственные(муниципальные)организации ипрочиебюджетныепотребители
Население иприравненныегруппыпотребителей
Территориальныесетевыеорганизации
Отклонения по ПАО Россети на 2023 год
2.5% 2.5%
5.9% 5.9%
1.9% 1.9%
219.1% 219.1%
11.7% 11.7%
1.9% 1.9%
13.1% 13.1%
3.5% 3.5%
-8.7% -8.7%
0.2% 0.2%
-1.6% -1.6%
1.8% 1.8%
⬤ Отклонение, %
Интер РАО (для ФСК)
Промышленные потребители
Транспорт
Нефтедобыча
Нефтепереработка
Нефтепроводы
Газопроводы
Сельское хозяйство и пищевая пр…
Непромышленные потребители
Государственные (муниципальные…
Население и приравненные групп…
Территориальные сетевые органи…
Выручка отклонения по ПАО Россети на 2023 год
⬤ Отклонение, %
Интер РАО (для ФСК)
Промышленные потребители
Транспорт
Нефтедобыча
Нефтепереработка
Нефтепроводы
Газопроводы
Сельское хозяйство и пищевая пр…
Непромышленные потребители
Государственные (муниципальные…
Население и приравненные групп…
Территориальные сетевые органи…
абс.
%
Прогноз на месяц 
Ноябрь
КПО/Отпуск из сети 
Отпуск из сети, млн. кВт.ч
Организация 
Все
Прогноз электропотребления и выручки за услуги по передаче в разрезе отраслей'

18-10-2024T06:12:49 - [MESSAGE][PASSED] - Text of object 'Object Repository/Прогноз по отраслям/Виджеты дашборда' is: 'Год 
2023 год
Сравнение с 
План/СУ
Динамика электропотребления, млрд. кВт.ч. по ПАО Россети на 2023 год
10 10
186 186
36 36
15 15
9 9
14 14
4 4
17 17
88 88
19 19
83 83
597 597
10 10
197 197
37 37
48 48
10 10
15 15
4 4
18 18
80 80
19 19
82 82
608 608
СУ
Ожидаемое (прогноз по конца года)
Интер РАО (дляФСК)
Промышленныепотребители
Транспорт
Нефтедобыча
Нефтепереработка
Нефтепроводы
Газопроводы
Сельскоехозяйство ипищеваяпромышленность
Непромышленныепотребители
Государственные(муниципальные)организации ипрочиебюджетныепотребители
Население иприравненныегруппыпотребителей
Территориальныесетевыеорганизации
Выручка по ПАО Россети на 2023 год
6 6
331 331
82 82
77 77
20 20
20 20
3 3
57 57
220 220
68 68
214 214
258 258
Ожидаемое (прогноз по конца года)
Интер РАО (дляФСК)
Промышленныепотребители
Транспорт
Нефтедобыча
Нефтепереработка
Нефтепроводы
Газопроводы
Сельскоехозяйство ипищеваяпромышленность
Непромышленныепотребители
Государственные(муниципальные)организации ипрочиебюджетныепотребители
Население иприравненныегруппыпотребителей
Территориальныесетевыеорганизации
Отклонения по ПАО Россети на 2023 год
2.5% 2.5%
5.9% 5.9%
1.9% 1.9%
219.1% 219.1%
11.7% 11.7%
1.9% 1.9%
13.1% 13.1%
3.5% 3.5%
-8.7% -8.7%
0.2% 0.2%
-1.6% -1.6%
1.8% 1.8%
⬤ Отклонение, %
Интер РАО (для ФСК)
Промышленные потребители
Транспорт
Нефтедобыча
Нефтепереработка
Нефтепроводы
Газопроводы
Сельское хозяйство и пищевая пр…
Непромышленные потребители
Государственные (муниципальные…
Население и приравненные групп…
Территориальные сетевые органи…
Выручка отклонения по ПАО Россети на 2023 год
⬤ Отклонение, %
Интер РАО (для ФСК)
Промышленные потребители
Транспорт
Нефтедобыча
Нефтепереработка
Нефтепроводы
Газопроводы
Сельское хозяйство и пищевая пр…
Непромышленные потребители
Государственные (муниципальные…
Население и приравненные групп…
Территориальные сетевые органи…
абс.
%
Прогноз на месяц 
Ноябрь
КПО/Отпуск из сети 
Отпуск из сети, млн. кВт.ч
Организация 
Все
Прогноз электропотребления и выручки за услуги по передаче в разрезе отраслей'

18-10-2024T06:12:49 - [TEST_STEP][PASSED] - a3 = a3.replaceAll("[^0-9]", ""): null

18-10-2024T06:12:49 - [TEST_STEP][PASSED] - println("a3:" + a3): null

18-10-2024T06:12:49 - [TEST_STEP][PASSED] - click(findTestObject("Прогноз по отраслям/Фильтр Сравнение с")): Object: 'Object Repository/Прогноз по отраслям/Фильтр Сравнение с' is clicked on

18-10-2024T06:12:50 - [MESSAGE][PASSED] - Object: 'Object Repository/Прогноз по отраслям/Фильтр Сравнение с' is clicked on

18-10-2024T06:12:50 - [TEST_STEP][PASSED] - click(findTestObject("Прогноз по отраслям/Факт прошлого года")): Object: 'Object Repository/Прогноз по отраслям/Факт прошлого года' is clicked on

18-10-2024T06:12:51 - [MESSAGE][PASSED] - Object: 'Object Repository/Прогноз по отраслям/Факт прошлого года' is clicked on

18-10-2024T06:12:51 - [TEST_STEP][PASSED] - click(findTestObject("Прогноз по отраслям/Фильтр КПО-Отпуск")): Object: 'Object Repository/Прогноз по отраслям/Фильтр КПО-Отпуск' is clicked on

18-10-2024T06:12:52 - [MESSAGE][PASSED] - Object: 'Object Repository/Прогноз по отраслям/Фильтр КПО-Отпуск' is clicked on

18-10-2024T06:12:52 - [TEST_STEP][PASSED] - click(findTestObject("Прогноз по отраслям/КПО")): Object: 'Object Repository/Прогноз по отраслям/КПО' is clicked on

18-10-2024T06:12:53 - [MESSAGE][PASSED] - Object: 'Object Repository/Прогноз по отраслям/КПО' is clicked on

18-10-2024T06:12:53 - [TEST_STEP][PASSED] - delay(25): Delayed 25 second(s)

18-10-2024T06:13:18 - [MESSAGE][PASSED] - Delayed 25 second(s)

18-10-2024T06:13:18 - [TEST_STEP][PASSED] - a4 = getText(findTestObject("Прогноз по отраслям/Виджеты дашборда")): Text of object 'Object Repository/Прогноз по отраслям/Виджеты дашборда' is: 'Год 
2023 год
Сравнение с 
Факт прошлого года
Динамика электропотребления, млрд. кВт.ч. по ПАО Россети на 2023 год
0 0
120 120
38 38
41 41
8 8
10 10
0 0
19 19
77 77
25 25
122 122
61 61
0 0
120 120
39 39
39 39
8 8
8 8
1 1
20 20
78 78
26 26
121 121
60 60
Факт прошлого года
Ожидаемое (прогноз по конца года)
Интер РАО (дляФСК)
Промышленныепотребители
Транспорт
Нефтедобыча
Нефтепереработка
Нефтепроводы
Газопроводы
Сельскоехозяйство ипищеваяпромышленность
Непромышленныепотребители
Государственные(муниципальные)организации ипрочиебюджетныепотребители
Население иприравненныегруппыпотребителей
Территориальныесетевыеорганизации
Выручка по ПАО Россети на 2023 год
5 5
285 285
72 72
72 72
18 18
22 22
0 0
50 50
201 201
61 61
190 190
227 227
6 6
331 331
82 82
77 77
20 20
20 20
3 3
57 57
220 220
68 68
214 214
258 258
Факт прошлого года
Ожидаемое (прогноз по конца года)
Интер РАО (дляФСК)
Промышленныепотребители
Транспорт
Нефтедобыча
Нефтепереработка
Нефтепроводы
Газопроводы
Сельскоехозяйство ипищеваяпромышленность
Непромышленныепотребители
Государственные(муниципальные)организации ипрочиебюджетныепотребители
Население иприравненныегруппыпотребителей
Территориальныесетевыеорганизации
Отклонения по ПАО Россети на 2023 год
0.5% 0.5%
0.9% 0.9%
-5.9% -5.9%
3.1% 3.1%
-17.9% -17.9%
578.4% 578.4%
2.3% 2.3%
1.8% 1.8%
2.1% 2.1%
-0.9% -0.9%
-0.2% -0.2%
⬤ Отклонение, %
Интер РАО (для ФСК)
Промышленные потребители
Транспорт
Нефтедобыча
Нефтепереработка
Нефтепроводы
Газопроводы
Сельское хозяйство и пищевая пр…
Непромышленные потребители
Государственные (муниципальные…
Население и приравненные групп…
Территориальные сетевые органи…
Выручка отклонения по ПАО Россети на 2023 год
7.7% 7.7%
16.0% 16.0%
13.2% 13.2%
6.7% 6.7%
13.3% 13.3%
-7.7% -7.7%
1 331.5% 1 331.5%
14.2% 14.2%
9.9% 9.9%
12.0% 12.0%
12.4% 12.4%
13.7% 13.7%
⬤ Отклонение, %
Интер РАО (для ФСК)
Промышленные потребители
Транспорт
Нефтедобыча
Нефтепереработка
Нефтепроводы
Газопроводы
Сельское хозяйство и пищевая пр…
Непромышленные потребители
Государственные (муниципальные…
Население и приравненные групп…
Территориальные сетевые органи…
абс.
%
Прогноз на месяц 
Ноябрь
КПО/Отпуск из сети 
Котловой полезный отпуск, млн. кВт.ч
Организация 
Все
Прогноз электропотребления и выручки за услуги по передаче в разрезе отраслей'

18-10-2024T06:13:19 - [MESSAGE][PASSED] - Text of object 'Object Repository/Прогноз по отраслям/Виджеты дашборда' is: 'Год 
2023 год
Сравнение с 
Факт прошлого года
Динамика электропотребления, млрд. кВт.ч. по ПАО Россети на 2023 год
0 0
120 120
38 38
41 41
8 8
10 10
0 0
19 19
77 77
25 25
122 122
61 61
0 0
120 120
39 39
39 39
8 8
8 8
1 1
20 20
78 78
26 26
121 121
60 60
Факт прошлого года
Ожидаемое (прогноз по конца года)
Интер РАО (дляФСК)
Промышленныепотребители
Транспорт
Нефтедобыча
Нефтепереработка
Нефтепроводы
Газопроводы
Сельскоехозяйство ипищеваяпромышленность
Непромышленныепотребители
Государственные(муниципальные)организации ипрочиебюджетныепотребители
Население иприравненныегруппыпотребителей
Территориальныесетевыеорганизации
Выручка по ПАО Россети на 2023 год
5 5
285 285
72 72
72 72
18 18
22 22
0 0
50 50
201 201
61 61
190 190
227 227
6 6
331 331
82 82
77 77
20 20
20 20
3 3
57 57
220 220
68 68
214 214
258 258
Факт прошлого года
Ожидаемое (прогноз по конца года)
Интер РАО (дляФСК)
Промышленныепотребители
Транспорт
Нефтедобыча
Нефтепереработка
Нефтепроводы
Газопроводы
Сельскоехозяйство ипищеваяпромышленность
Непромышленныепотребители
Государственные(муниципальные)организации ипрочиебюджетныепотребители
Население иприравненныегруппыпотребителей
Территориальныесетевыеорганизации
Отклонения по ПАО Россети на 2023 год
0.5% 0.5%
0.9% 0.9%
-5.9% -5.9%
3.1% 3.1%
-17.9% -17.9%
578.4% 578.4%
2.3% 2.3%
1.8% 1.8%
2.1% 2.1%
-0.9% -0.9%
-0.2% -0.2%
⬤ Отклонение, %
Интер РАО (для ФСК)
Промышленные потребители
Транспорт
Нефтедобыча
Нефтепереработка
Нефтепроводы
Газопроводы
Сельское хозяйство и пищевая пр…
Непромышленные потребители
Государственные (муниципальные…
Население и приравненные групп…
Территориальные сетевые органи…
Выручка отклонения по ПАО Россети на 2023 год
7.7% 7.7%
16.0% 16.0%
13.2% 13.2%
6.7% 6.7%
13.3% 13.3%
-7.7% -7.7%
1 331.5% 1 331.5%
14.2% 14.2%
9.9% 9.9%
12.0% 12.0%
12.4% 12.4%
13.7% 13.7%
⬤ Отклонение, %
Интер РАО (для ФСК)
Промышленные потребители
Транспорт
Нефтедобыча
Нефтепереработка
Нефтепроводы
Газопроводы
Сельское хозяйство и пищевая пр…
Непромышленные потребители
Государственные (муниципальные…
Население и приравненные групп…
Территориальные сетевые органи…
абс.
%
Прогноз на месяц 
Ноябрь
КПО/Отпуск из сети 
Котловой полезный отпуск, млн. кВт.ч
Организация 
Все
Прогноз электропотребления и выручки за услуги по передаче в разрезе отраслей'

18-10-2024T06:13:19 - [TEST_STEP][PASSED] - a4 = a4.replaceAll("[^0-9]", ""): null

18-10-2024T06:13:19 - [TEST_STEP][PASSED] - println("a4:" + a4): null

18-10-2024T06:13:19 - [TEST_STEP][PASSED] - click(findTestObject("Прогноз по отраслям/Фильтр Сравнение с")): Object: 'Object Repository/Прогноз по отраслям/Фильтр Сравнение с' is clicked on

18-10-2024T06:13:19 - [MESSAGE][PASSED] - Object: 'Object Repository/Прогноз по отраслям/Фильтр Сравнение с' is clicked on

18-10-2024T06:13:19 - [TEST_STEP][PASSED] - click(findTestObject("Прогноз по отраслям/План")): Object: 'Object Repository/Прогноз по отраслям/План' is clicked on

18-10-2024T06:13:20 - [MESSAGE][PASSED] - Object: 'Object Repository/Прогноз по отраслям/План' is clicked on

18-10-2024T06:13:20 - [TEST_STEP][PASSED] - delay(25): Delayed 25 second(s)

18-10-2024T06:13:45 - [MESSAGE][PASSED] - Delayed 25 second(s)

18-10-2024T06:13:45 - [TEST_STEP][PASSED] - a5 = getText(findTestObject("Прогноз по отраслям/Виджеты дашборда")): Text of object 'Object Repository/Прогноз по отраслям/Виджеты дашборда' is: 'Год 
2023 год
Сравнение с 
План
Динамика электропотребления, млрд. кВт.ч. по ПАО Россети на 2023 год
0 0
119 119
37 37
7 7
7 7
8 8
1 1
19 19
75 75
25 25
123 123
55 55
0 0
120 120
39 39
39 39
8 8
8 8
1 1
20 20
78 78
26 26
121 121
60 60
План
Ожидаемое (прогноз по конца года)
Интер РАО (дляФСК)
Промышленныепотребители
Транспорт
Нефтедобыча
Нефтепереработка
Нефтепроводы
Газопроводы
Сельскоехозяйство ипищеваяпромышленность
Непромышленныепотребители
Государственные(муниципальные)организации ипрочиебюджетныепотребители
Население иприравненныегруппыпотребителей
Территориальныесетевыеорганизации
Выручка по ПАО Россети на 2023 год
5 5
319 319
81 81
16 16
16 16
20 20
2 2
56 56
215 215
67 67
218 218
239 239
6 6
331 331
82 82
77 77
20 20
20 20
3 3
57 57
220 220
68 68
214 214
258 258
План
Ожидаемое (прогноз по конца года)
Интер РАО (дляФСК)
Промышленныепотребители
Транспорт
Нефтедобыча
Нефтепереработка
Нефтепроводы
Газопроводы
Сельскоехозяйство ипищеваяпромышленность
Непромышленныепотребители
Государственные(муниципальные)организации ипрочиебюджетныепотребители
Население иприравненныегруппыпотребителей
Территориальныесетевыеорганизации
Отклонения по ПАО Россети на 2023 год
1.2% 1.2%
3.2% 3.2%
492.1% 492.1%
18.1% 18.1%
4.4% 4.4%
11.9% 11.9%
1.2% 1.2%
4.1% 4.1%
2.4% 2.4%
-1.4% -1.4%
9.7% 9.7%
⬤ Отклонение, %
Интер РАО (для ФСК)
Промышленные потребители
Транспорт
Нефтедобыча
Нефтепереработка
Нефтепроводы
Газопроводы
Сельское хозяйство и пищевая пр…
Непромышленные потребители
Государственные (муниципальные…
Население и приравненные групп…
Территориальные сетевые органи…
Выручка отклонения по ПАО Россети на 2023 год
15.6% 15.6%
3.8% 3.8%
1.2% 1.2%
398.2% 398.2%
26.9% 26.9%
-0.6% -0.6%
26.9% 26.9%
1.5% 1.5%
2.7% 2.7%
2.0% 2.0%
-2.0% -2.0%
7.9% 7.9%
⬤ Отклонение, %
Интер РАО (для ФСК)
Промышленные потребители
Транспорт
Нефтедобыча
Нефтепереработка
Нефтепроводы
Газопроводы
Сельское хозяйство и пищевая пр…
Непромышленные потребители
Государственные (муниципальные…
Население и приравненные групп…
Территориальные сетевые органи…
абс.
%
Прогноз на месяц 
Ноябрь
КПО/Отпуск из сети 
Котловой полезный отпуск, млн. кВт.ч
Организация 
Все
Прогноз электропотребления и выручки за услуги по передаче в разрезе отраслей'

18-10-2024T06:13:45 - [MESSAGE][PASSED] - Text of object 'Object Repository/Прогноз по отраслям/Виджеты дашборда' is: 'Год 
2023 год
Сравнение с 
План
Динамика электропотребления, млрд. кВт.ч. по ПАО Россети на 2023 год
0 0
119 119
37 37
7 7
7 7
8 8
1 1
19 19
75 75
25 25
123 123
55 55
0 0
120 120
39 39
39 39
8 8
8 8
1 1
20 20
78 78
26 26
121 121
60 60
План
Ожидаемое (прогноз по конца года)
Интер РАО (дляФСК)
Промышленныепотребители
Транспорт
Нефтедобыча
Нефтепереработка
Нефтепроводы
Газопроводы
Сельскоехозяйство ипищеваяпромышленность
Непромышленныепотребители
Государственные(муниципальные)организации ипрочиебюджетныепотребители
Население иприравненныегруппыпотребителей
Территориальныесетевыеорганизации
Выручка по ПАО Россети на 2023 год
5 5
319 319
81 81
16 16
16 16
20 20
2 2
56 56
215 215
67 67
218 218
239 239
6 6
331 331
82 82
77 77
20 20
20 20
3 3
57 57
220 220
68 68
214 214
258 258
План
Ожидаемое (прогноз по конца года)
Интер РАО (дляФСК)
Промышленныепотребители
Транспорт
Нефтедобыча
Нефтепереработка
Нефтепроводы
Газопроводы
Сельскоехозяйство ипищеваяпромышленность
Непромышленныепотребители
Государственные(муниципальные)организации ипрочиебюджетныепотребители
Население иприравненныегруппыпотребителей
Территориальныесетевыеорганизации
Отклонения по ПАО Россети на 2023 год
1.2% 1.2%
3.2% 3.2%
492.1% 492.1%
18.1% 18.1%
4.4% 4.4%
11.9% 11.9%
1.2% 1.2%
4.1% 4.1%
2.4% 2.4%
-1.4% -1.4%
9.7% 9.7%
⬤ Отклонение, %
Интер РАО (для ФСК)
Промышленные потребители
Транспорт
Нефтедобыча
Нефтепереработка
Нефтепроводы
Газопроводы
Сельское хозяйство и пищевая пр…
Непромышленные потребители
Государственные (муниципальные…
Население и приравненные групп…
Территориальные сетевые органи…
Выручка отклонения по ПАО Россети на 2023 год
15.6% 15.6%
3.8% 3.8%
1.2% 1.2%
398.2% 398.2%
26.9% 26.9%
-0.6% -0.6%
26.9% 26.9%
1.5% 1.5%
2.7% 2.7%
2.0% 2.0%
-2.0% -2.0%
7.9% 7.9%
⬤ Отклонение, %
Интер РАО (для ФСК)
Промышленные потребители
Транспорт
Нефтедобыча
Нефтепереработка
Нефтепроводы
Газопроводы
Сельское хозяйство и пищевая пр…
Непромышленные потребители
Государственные (муниципальные…
Население и приравненные групп…
Территориальные сетевые органи…
абс.
%
Прогноз на месяц 
Ноябрь
КПО/Отпуск из сети 
Котловой полезный отпуск, млн. кВт.ч
Организация 
Все
Прогноз электропотребления и выручки за услуги по передаче в разрезе отраслей'

18-10-2024T06:13:45 - [TEST_STEP][PASSED] - println("a5:" + a5): null

18-10-2024T06:13:45 - [TEST_STEP][PASSED] - a5 = a5.replaceAll("[^0-9]", ""): null

18-10-2024T06:13:45 - [TEST_STEP][PASSED] - println("a5:" + a5): null

18-10-2024T06:13:45 - [TEST_STEP][PASSED] - click(findTestObject("Прогноз по отраслям/Фильтр Сравнение с")): Object: 'Object Repository/Прогноз по отраслям/Фильтр Сравнение с' is clicked on

18-10-2024T06:13:46 - [MESSAGE][PASSED] - Object: 'Object Repository/Прогноз по отраслям/Фильтр Сравнение с' is clicked on

18-10-2024T06:13:46 - [TEST_STEP][PASSED] - click(findTestObject("Прогноз по отраслям/План СУ")): Object: 'Object Repository/Прогноз по отраслям/План СУ' is clicked on

18-10-2024T06:13:47 - [MESSAGE][PASSED] - Object: 'Object Repository/Прогноз по отраслям/План СУ' is clicked on

18-10-2024T06:13:47 - [TEST_STEP][PASSED] - delay(25): Delayed 25 second(s)

18-10-2024T06:14:12 - [MESSAGE][PASSED] - Delayed 25 second(s)

18-10-2024T06:14:12 - [TEST_STEP][PASSED] - a6 = getText(findTestObject("Прогноз по отраслям/Виджеты дашборда")): Text of object 'Object Repository/Прогноз по отраслям/Виджеты дашборда' is: 'Год 
2023 год
Сравнение с 
План/СУ
Динамика электропотребления, млрд. кВт.ч. по ПАО Россети на 2023 год
0 0
0 0
0 0
0 0
0 0
0 0
0 0
0 0
0 0
0 0
0 0
0 0
0 0
120 120
39 39
39 39
8 8
8 8
1 1
20 20
78 78
26 26
121 121
60 60
СУ
Ожидаемое (прогноз по конца года)
Интер РАО (дляФСК)
Промышленныепотребители
Транспорт
Нефтедобыча
Нефтепереработка
Нефтепроводы
Газопроводы
Сельскоехозяйство ипищеваяпромышленность
Непромышленныепотребители
Государственные(муниципальные)организации ипрочиебюджетныепотребители
Население иприравненныегруппыпотребителей
Территориальныесетевыеорганизации
Выручка по ПАО Россети на 2023 год
6 6
331 331
82 82
77 77
20 20
20 20
3 3
57 57
220 220
68 68
214 214
258 258
Ожидаемое (прогноз по конца года)
Интер РАО (дляФСК)
Промышленныепотребители
Транспорт
Нефтедобыча
Нефтепереработка
Нефтепроводы
Газопроводы
Сельскоехозяйство ипищеваяпромышленность
Непромышленныепотребители
Государственные(муниципальные)организации ипрочиебюджетныепотребители
Население иприравненныегруппыпотребителей
Территориальныесетевыеорганизации
Отклонения по ПАО Россети на 2023 год
⬤ Отклонение, %
Интер РАО (для ФСК)
Промышленные потребители
Транспорт
Нефтедобыча
Нефтепереработка
Нефтепроводы
Газопроводы
Сельское хозяйство и пищевая пр…
Непромышленные потребители
Государственные (муниципальные…
Население и приравненные групп…
Территориальные сетевые органи…
Выручка отклонения по ПАО Россети на 2023 год
⬤ Отклонение, %
Интер РАО (для ФСК)
Промышленные потребители
Транспорт
Нефтедобыча
Нефтепереработка
Нефтепроводы
Газопроводы
Сельское хозяйство и пищевая пр…
Непромышленные потребители
Государственные (муниципальные…
Население и приравненные групп…
Территориальные сетевые органи…
абс.
%
Прогноз на месяц 
Ноябрь
КПО/Отпуск из сети 
Котловой полезный отпуск, млн. кВт.ч
Организация 
Все
Прогноз электропотребления и выручки за услуги по передаче в разрезе отраслей'

18-10-2024T06:14:12 - [MESSAGE][PASSED] - Text of object 'Object Repository/Прогноз по отраслям/Виджеты дашборда' is: 'Год 
2023 год
Сравнение с 
План/СУ
Динамика электропотребления, млрд. кВт.ч. по ПАО Россети на 2023 год
0 0
0 0
0 0
0 0
0 0
0 0
0 0
0 0
0 0
0 0
0 0
0 0
0 0
120 120
39 39
39 39
8 8
8 8
1 1
20 20
78 78
26 26
121 121
60 60
СУ
Ожидаемое (прогноз по конца года)
Интер РАО (дляФСК)
Промышленныепотребители
Транспорт
Нефтедобыча
Нефтепереработка
Нефтепроводы
Газопроводы
Сельскоехозяйство ипищеваяпромышленность
Непромышленныепотребители
Государственные(муниципальные)организации ипрочиебюджетныепотребители
Население иприравненныегруппыпотребителей
Территориальныесетевыеорганизации
Выручка по ПАО Россети на 2023 год
6 6
331 331
82 82
77 77
20 20
20 20
3 3
57 57
220 220
68 68
214 214
258 258
Ожидаемое (прогноз по конца года)
Интер РАО (дляФСК)
Промышленныепотребители
Транспорт
Нефтедобыча
Нефтепереработка
Нефтепроводы
Газопроводы
Сельскоехозяйство ипищеваяпромышленность
Непромышленныепотребители
Государственные(муниципальные)организации ипрочиебюджетныепотребители
Население иприравненныегруппыпотребителей
Территориальныесетевыеорганизации
Отклонения по ПАО Россети на 2023 год
⬤ Отклонение, %
Интер РАО (для ФСК)
Промышленные потребители
Транспорт
Нефтедобыча
Нефтепереработка
Нефтепроводы
Газопроводы
Сельское хозяйство и пищевая пр…
Непромышленные потребители
Государственные (муниципальные…
Население и приравненные групп…
Территориальные сетевые органи…
Выручка отклонения по ПАО Россети на 2023 год
⬤ Отклонение, %
Интер РАО (для ФСК)
Промышленные потребители
Транспорт
Нефтедобыча
Нефтепереработка
Нефтепроводы
Газопроводы
Сельское хозяйство и пищевая пр…
Непромышленные потребители
Государственные (муниципальные…
Население и приравненные групп…
Территориальные сетевые органи…
абс.
%
Прогноз на месяц 
Ноябрь
КПО/Отпуск из сети 
Котловой полезный отпуск, млн. кВт.ч
Организация 
Все
Прогноз электропотребления и выручки за услуги по передаче в разрезе отраслей'

18-10-2024T06:14:12 - [TEST_STEP][PASSED] - a6 = a6.replaceAll("[^0-9]", ""): null

18-10-2024T06:14:12 - [TEST_STEP][PASSED] - println("a6:" + a6): null

18-10-2024T06:14:12 - [TEST_STEP][PASSED] - click(findTestObject("Прогноз по отраслям/Переключить отображение с процентов на абс Блок руководителя")): Object: 'Object Repository/Прогноз по отраслям/Переключить отображение с процентов на абс Блок руководителя' is clicked on

18-10-2024T06:14:13 - [MESSAGE][PASSED] - Object: 'Object Repository/Прогноз по отраслям/Переключить отображение с процентов на абс Блок руководителя' is clicked on

18-10-2024T06:14:13 - [TEST_STEP][PASSED] - click(findTestObject("Прогноз по отраслям/Фильтр Сравнение с")): Object: 'Object Repository/Прогноз по отраслям/Фильтр Сравнение с' is clicked on

18-10-2024T06:14:13 - [MESSAGE][PASSED] - Object: 'Object Repository/Прогноз по отраслям/Фильтр Сравнение с' is clicked on

18-10-2024T06:14:13 - [TEST_STEP][PASSED] - click(findTestObject("Прогноз по отраслям/Факт прошлого года")): Object: 'Object Repository/Прогноз по отраслям/Факт прошлого года' is clicked on

18-10-2024T06:14:14 - [MESSAGE][PASSED] - Object: 'Object Repository/Прогноз по отраслям/Факт прошлого года' is clicked on

18-10-2024T06:14:14 - [TEST_STEP][PASSED] - click(findTestObject("Прогноз по отраслям/Фильтр КПО-Отпуск")): Object: 'Object Repository/Прогноз по отраслям/Фильтр КПО-Отпуск' is clicked on

18-10-2024T06:14:16 - [MESSAGE][PASSED] - Object: 'Object Repository/Прогноз по отраслям/Фильтр КПО-Отпуск' is clicked on

18-10-2024T06:14:16 - [TEST_STEP][PASSED] - click(findTestObject("Прогноз по отраслям/Отпуск")): Object: 'Object Repository/Прогноз по отраслям/Отпуск' is clicked on

18-10-2024T06:14:16 - [MESSAGE][PASSED] - Object: 'Object Repository/Прогноз по отраслям/Отпуск' is clicked on

18-10-2024T06:14:16 - [TEST_STEP][PASSED] - delay(25): Delayed 25 second(s)

18-10-2024T06:14:41 - [MESSAGE][PASSED] - Delayed 25 second(s)

18-10-2024T06:14:41 - [TEST_STEP][PASSED] - a7 = getText(findTestObject("Прогноз по отраслям/Виджеты дашборда")): Text of object 'Object Repository/Прогноз по отраслям/Виджеты дашборда' is: 'Год 
2023 год
Сравнение с 
Факт прошлого года
Отклонения по ПАО Россети на 2023 год
-2 263.5 -2 263.5
11 054.6 11 054.6
1 280.2 1 280.2
-1 947.5 -1 947.5
90.9 90.9
-3 845.0 -3 845.0
4 162.1 4 162.1
651.7 651.7
-4 727.7 -4 727.7
256.5 256.5
-723.9 -723.9
4 292.3 4 292.3
⬤ Отклонение, млн. кВт.ч
Интер РАО (для ФСК)
Промышленные потребители
Транспорт
Нефтедобыча
Нефтепереработка
Нефтепроводы
Газопроводы
Сельское хозяйство и пищевая пр…
Непромышленные потребители
Государственные (муниципальные…
Население и приравненные групп…
Территориальные сетевые органи…
Выручка отклонения по ПАО Россети на 2023 год
421.3 421.3
45 574.9 45 574.9
9 547.5 9 547.5
4 889.3 4 889.3
2 337.4 2 337.4
-1 682.6 -1 682.6
2 919.4 2 919.4
7 110.2 7 110.2
19 840.8 19 840.8
7 289.5 7 289.5
23 664.8 23 664.8
31 028.3 31 028.3
⬤ Отклонение, млн. руб.
Интер РАО (для ФСК)
Промышленные потребители
Транспорт
Нефтедобыча
Нефтепереработка
Нефтепроводы
Газопроводы
Сельское хозяйство и пищевая пр…
Непромышленные потребители
Государственные (муниципальные…
Население и приравненные групп…
Территориальные сетевые органи…
Динамика электропотребления, млрд. кВт.ч. по ПАО Россети на 2023 год
12 12
186 186
36 36
50 50
10 10
19 19
0 0
17 17
85 85
19 19
82 82
604 604
10 10
197 197
37 37
48 48
10 10
15 15
4 4
18 18
80 80
19 19
82 82
608 608
Факт прошлого года
Ожидаемое (прогноз по конца года)
Интер РАО (дляФСК)
Промышленныепотребители
Транспорт
Нефтедобыча
Нефтепереработка
Нефтепроводы
Газопроводы
Сельскоехозяйство ипищеваяпромышленность
Непромышленныепотребители
Государственные(муниципальные)организации ипрочиебюджетныепотребители
Население иприравненныегруппыпотребителей
Территориальныесетевыеорганизации
Выручка по ПАО Россети на 2023 год
5 5
285 285
72 72
72 72
18 18
22 22
0 0
50 50
201 201
61 61
190 190
227 227
6 6
331 331
82 82
77 77
20 20
20 20
3 3
57 57
220 220
68 68
214 214
258 258
Факт прошлого года
Ожидаемое (прогноз по конца года)
Интер РАО (дляФСК)
Промышленныепотребители
Транспорт
Нефтедобыча
Нефтепереработка
Нефтепроводы
Газопроводы
Сельскоехозяйство ипищеваяпромышленность
Непромышленныепотребители
Государственные(муниципальные)организации ипрочиебюджетныепотребители
Население иприравненныегруппыпотребителей
Территориальныесетевыеорганизации
абс.
%
Прогноз на месяц 
Ноябрь
КПО/Отпуск из сети 
Отпуск из сети, млн. кВт.ч
Организация 
Все
Прогноз электропотребления и выручки за услуги по передаче в разрезе отраслей'

18-10-2024T06:14:42 - [MESSAGE][PASSED] - Text of object 'Object Repository/Прогноз по отраслям/Виджеты дашборда' is: 'Год 
2023 год
Сравнение с 
Факт прошлого года
Отклонения по ПАО Россети на 2023 год
-2 263.5 -2 263.5
11 054.6 11 054.6
1 280.2 1 280.2
-1 947.5 -1 947.5
90.9 90.9
-3 845.0 -3 845.0
4 162.1 4 162.1
651.7 651.7
-4 727.7 -4 727.7
256.5 256.5
-723.9 -723.9
4 292.3 4 292.3
⬤ Отклонение, млн. кВт.ч
Интер РАО (для ФСК)
Промышленные потребители
Транспорт
Нефтедобыча
Нефтепереработка
Нефтепроводы
Газопроводы
Сельское хозяйство и пищевая пр…
Непромышленные потребители
Государственные (муниципальные…
Население и приравненные групп…
Территориальные сетевые органи…
Выручка отклонения по ПАО Россети на 2023 год
421.3 421.3
45 574.9 45 574.9
9 547.5 9 547.5
4 889.3 4 889.3
2 337.4 2 337.4
-1 682.6 -1 682.6
2 919.4 2 919.4
7 110.2 7 110.2
19 840.8 19 840.8
7 289.5 7 289.5
23 664.8 23 664.8
31 028.3 31 028.3
⬤ Отклонение, млн. руб.
Интер РАО (для ФСК)
Промышленные потребители
Транспорт
Нефтедобыча
Нефтепереработка
Нефтепроводы
Газопроводы
Сельское хозяйство и пищевая пр…
Непромышленные потребители
Государственные (муниципальные…
Население и приравненные групп…
Территориальные сетевые органи…
Динамика электропотребления, млрд. кВт.ч. по ПАО Россети на 2023 год
12 12
186 186
36 36
50 50
10 10
19 19
0 0
17 17
85 85
19 19
82 82
604 604
10 10
197 197
37 37
48 48
10 10
15 15
4 4
18 18
80 80
19 19
82 82
608 608
Факт прошлого года
Ожидаемое (прогноз по конца года)
Интер РАО (дляФСК)
Промышленныепотребители
Транспорт
Нефтедобыча
Нефтепереработка
Нефтепроводы
Газопроводы
Сельскоехозяйство ипищеваяпромышленность
Непромышленныепотребители
Государственные(муниципальные)организации ипрочиебюджетныепотребители
Население иприравненныегруппыпотребителей
Территориальныесетевыеорганизации
Выручка по ПАО Россети на 2023 год
5 5
285 285
72 72
72 72
18 18
22 22
0 0
50 50
201 201
61 61
190 190
227 227
6 6
331 331
82 82
77 77
20 20
20 20
3 3
57 57
220 220
68 68
214 214
258 258
Факт прошлого года
Ожидаемое (прогноз по конца года)
Интер РАО (дляФСК)
Промышленныепотребители
Транспорт
Нефтедобыча
Нефтепереработка
Нефтепроводы
Газопроводы
Сельскоехозяйство ипищеваяпромышленность
Непромышленныепотребители
Государственные(муниципальные)организации ипрочиебюджетныепотребители
Население иприравненныегруппыпотребителей
Территориальныесетевыеорганизации
абс.
%
Прогноз на месяц 
Ноябрь
КПО/Отпуск из сети 
Отпуск из сети, млн. кВт.ч
Организация 
Все
Прогноз электропотребления и выручки за услуги по передаче в разрезе отраслей'

18-10-2024T06:14:42 - [TEST_STEP][PASSED] - a7 = a7.replaceAll("[^0-9]", ""): null

18-10-2024T06:14:42 - [TEST_STEP][PASSED] - println("a7:" + a7): null

18-10-2024T06:14:42 - [TEST_STEP][PASSED] - click(findTestObject("Прогноз по отраслям/Фильтр Сравнение с")): Object: 'Object Repository/Прогноз по отраслям/Фильтр Сравнение с' is clicked on

18-10-2024T06:14:42 - [MESSAGE][PASSED] - Object: 'Object Repository/Прогноз по отраслям/Фильтр Сравнение с' is clicked on

18-10-2024T06:14:42 - [TEST_STEP][PASSED] - click(findTestObject("Прогноз по отраслям/План")): Object: 'Object Repository/Прогноз по отраслям/План' is clicked on

18-10-2024T06:14:43 - [MESSAGE][PASSED] - Object: 'Object Repository/Прогноз по отраслям/План' is clicked on

18-10-2024T06:14:43 - [TEST_STEP][PASSED] - delay(25): Delayed 25 second(s)

18-10-2024T06:15:08 - [MESSAGE][PASSED] - Delayed 25 second(s)

18-10-2024T06:15:08 - [TEST_STEP][PASSED] - a8 = getText(findTestObject("Прогноз по отраслям/Виджеты дашборда")): Text of object 'Object Repository/Прогноз по отраслям/Виджеты дашборда' is: 'Год 
2023 год
Сравнение с 
План
Отклонения по ПАО Россети на 2023 год
-492.2 -492.2
7 165.1 7 165.1
689.3 689.3
33 271.7 33 271.7
986.4 986.4
593.8 593.8
764.0 764.0
670.4 670.4
-592.4 -592.4
308.8 308.8
-940.9 -940.9
19 604.1 19 604.1
⬤ Отклонение, млн. кВт.ч
Интер РАО (для ФСК)
Промышленные потребители
Транспорт
Нефтедобыча
Нефтепереработка
Нефтепроводы
Газопроводы
Сельское хозяйство и пищевая пр…
Непромышленные потребители
Государственные (муниципальные…
Население и приравненные групп…
Территориальные сетевые органи…
Выручка отклонения по ПАО Россети на 2023 год
794.9 794.9
12 195.0 12 195.0
972.7 972.7
61 803.9 61 803.9
4 222.3 4 222.3
-121.8 -121.8
666.2 666.2
873.2 873.2
5 809.6 5 809.6
1 342.6 1 342.6
-4 463.2 -4 463.2
18 375.5 18 375.5
⬤ Отклонение, млн. руб.
Интер РАО (для ФСК)
Промышленные потребители
Транспорт
Нефтедобыча
Нефтепереработка
Нефтепроводы
Газопроводы
Сельское хозяйство и пищевая пр…
Непромышленные потребители
Государственные (муниципальные…
Население и приравненные групп…
Территориальные сетевые органи…
Динамика электропотребления, млрд. кВт.ч. по ПАО Россети на 2023 год
10 10
190 190
36 36
14 14
9 9
14 14
4 4
17 17
80 80
19 19
82 82
588 588
10 10
197 197
37 37
48 48
10 10
15 15
4 4
18 18
80 80
19 19
82 82
608 608
План
Ожидаемое (прогноз по конца года)
Интер РАО (дляФСК)
Промышленныепотребители
Транспорт
Нефтедобыча
Нефтепереработка
Нефтепроводы
Газопроводы
Сельскоехозяйство ипищеваяпромышленность
Непромышленныепотребители
Государственные(муниципальные)организации ипрочиебюджетныепотребители
Население иприравненныегруппыпотребителей
Территориальныесетевыеорганизации
Выручка по ПАО Россети на 2023 год
5 5
319 319
81 81
16 16
16 16
20 20
2 2
56 56
215 215
67 67
218 218
239 239
6 6
331 331
82 82
77 77
20 20
20 20
3 3
57 57
220 220
68 68
214 214
258 258
План
Ожидаемое (прогноз по конца года)
Интер РАО (дляФСК)
Промышленныепотребители
Транспорт
Нефтедобыча
Нефтепереработка
Нефтепроводы
Газопроводы
Сельскоехозяйство ипищеваяпромышленность
Непромышленныепотребители
Государственные(муниципальные)организации ипрочиебюджетныепотребители
Население иприравненныегруппыпотребителей
Территориальныесетевыеорганизации
абс.
%
Прогноз на месяц 
Ноябрь
КПО/Отпуск из сети 
Отпуск из сети, млн. кВт.ч
Организация 
Все
Прогноз электропотребления и выручки за услуги по передаче в разрезе отраслей'

18-10-2024T06:15:09 - [MESSAGE][PASSED] - Text of object 'Object Repository/Прогноз по отраслям/Виджеты дашборда' is: 'Год 
2023 год
Сравнение с 
План
Отклонения по ПАО Россети на 2023 год
-492.2 -492.2
7 165.1 7 165.1
689.3 689.3
33 271.7 33 271.7
986.4 986.4
593.8 593.8
764.0 764.0
670.4 670.4
-592.4 -592.4
308.8 308.8
-940.9 -940.9
19 604.1 19 604.1
⬤ Отклонение, млн. кВт.ч
Интер РАО (для ФСК)
Промышленные потребители
Транспорт
Нефтедобыча
Нефтепереработка
Нефтепроводы
Газопроводы
Сельское хозяйство и пищевая пр…
Непромышленные потребители
Государственные (муниципальные…
Население и приравненные групп…
Территориальные сетевые органи…
Выручка отклонения по ПАО Россети на 2023 год
794.9 794.9
12 195.0 12 195.0
972.7 972.7
61 803.9 61 803.9
4 222.3 4 222.3
-121.8 -121.8
666.2 666.2
873.2 873.2
5 809.6 5 809.6
1 342.6 1 342.6
-4 463.2 -4 463.2
18 375.5 18 375.5
⬤ Отклонение, млн. руб.
Интер РАО (для ФСК)
Промышленные потребители
Транспорт
Нефтедобыча
Нефтепереработка
Нефтепроводы
Газопроводы
Сельское хозяйство и пищевая пр…
Непромышленные потребители
Государственные (муниципальные…
Население и приравненные групп…
Территориальные сетевые органи…
Динамика электропотребления, млрд. кВт.ч. по ПАО Россети на 2023 год
10 10
190 190
36 36
14 14
9 9
14 14
4 4
17 17
80 80
19 19
82 82
588 588
10 10
197 197
37 37
48 48
10 10
15 15
4 4
18 18
80 80
19 19
82 82
608 608
План
Ожидаемое (прогноз по конца года)
Интер РАО (дляФСК)
Промышленныепотребители
Транспорт
Нефтедобыча
Нефтепереработка
Нефтепроводы
Газопроводы
Сельскоехозяйство ипищеваяпромышленность
Непромышленныепотребители
Государственные(муниципальные)организации ипрочиебюджетныепотребители
Население иприравненныегруппыпотребителей
Территориальныесетевыеорганизации
Выручка по ПАО Россети на 2023 год
5 5
319 319
81 81
16 16
16 16
20 20
2 2
56 56
215 215
67 67
218 218
239 239
6 6
331 331
82 82
77 77
20 20
20 20
3 3
57 57
220 220
68 68
214 214
258 258
План
Ожидаемое (прогноз по конца года)
Интер РАО (дляФСК)
Промышленныепотребители
Транспорт
Нефтедобыча
Нефтепереработка
Нефтепроводы
Газопроводы
Сельскоехозяйство ипищеваяпромышленность
Непромышленныепотребители
Государственные(муниципальные)организации ипрочиебюджетныепотребители
Население иприравненныегруппыпотребителей
Территориальныесетевыеорганизации
абс.
%
Прогноз на месяц 
Ноябрь
КПО/Отпуск из сети 
Отпуск из сети, млн. кВт.ч
Организация 
Все
Прогноз электропотребления и выручки за услуги по передаче в разрезе отраслей'

18-10-2024T06:15:09 - [TEST_STEP][PASSED] - a8 = a8.replaceAll("[^0-9]", ""): null

18-10-2024T06:15:09 - [TEST_STEP][PASSED] - println("a8:" + a8): null

18-10-2024T06:15:09 - [TEST_STEP][PASSED] - click(findTestObject("Прогноз по отраслям/Фильтр Сравнение с")): Object: 'Object Repository/Прогноз по отраслям/Фильтр Сравнение с' is clicked on

18-10-2024T06:15:09 - [MESSAGE][PASSED] - Object: 'Object Repository/Прогноз по отраслям/Фильтр Сравнение с' is clicked on

18-10-2024T06:15:09 - [TEST_STEP][PASSED] - click(findTestObject("Прогноз по отраслям/План СУ")): Object: 'Object Repository/Прогноз по отраслям/План СУ' is clicked on

18-10-2024T06:15:10 - [MESSAGE][PASSED] - Object: 'Object Repository/Прогноз по отраслям/План СУ' is clicked on

18-10-2024T06:15:10 - [TEST_STEP][PASSED] - delay(25): Delayed 25 second(s)

18-10-2024T06:15:35 - [MESSAGE][PASSED] - Delayed 25 second(s)

18-10-2024T06:15:35 - [TEST_STEP][PASSED] - a9 = getText(findTestObject("Прогноз по отраслям/Виджеты дашборда")): Text of object 'Object Repository/Прогноз по отраслям/Виджеты дашборда' is: 'Год 
2023 год
Сравнение с 
План/СУ
Отклонения по ПАО Россети на 2023 год
243.5 243.5
11 013.5 11 013.5
674.8 674.8
32 765.3 32 765.3
1 049.4 1 049.4
271.8 271.8
495.2 495.2
588.7 588.7
-7 607.7 -7 607.7
31.9 31.9
-1 318.1 -1 318.1
10 906.5 10 906.5
⬤ Отклонение, млн. кВт.ч
Интер РАО (для ФСК)
Промышленные потребители
Транспорт
Нефтедобыча
Нефтепереработка
Нефтепроводы
Газопроводы
Сельское хозяйство и пищевая пр…
Непромышленные потребители
Государственные (муниципальные…
Население и приравненные групп…
Территориальные сетевые органи…
Выручка отклонения по ПАО Россети на 2023 год
⬤ Отклонение, млн. руб.
Интер РАО (для ФСК)
Промышленные потребители
Транспорт
Нефтедобыча
Нефтепереработка
Нефтепроводы
Газопроводы
Сельское хозяйство и пищевая пр…
Непромышленные потребители
Государственные (муниципальные…
Население и приравненные групп…
Территориальные сетевые органи…
Динамика электропотребления, млрд. кВт.ч. по ПАО Россети на 2023 год
10 10
186 186
36 36
15 15
9 9
14 14
4 4
17 17
88 88
19 19
83 83
597 597
10 10
197 197
37 37
48 48
10 10
15 15
4 4
18 18
80 80
19 19
82 82
608 608
СУ
Ожидаемое (прогноз по конца года)
Интер РАО (дляФСК)
Промышленныепотребители
Транспорт
Нефтедобыча
Нефтепереработка
Нефтепроводы
Газопроводы
Сельскоехозяйство ипищеваяпромышленность
Непромышленныепотребители
Государственные(муниципальные)организации ипрочиебюджетныепотребители
Население иприравненныегруппыпотребителей
Территориальныесетевыеорганизации
Выручка по ПАО Россети на 2023 год
6 6
331 331
82 82
77 77
20 20
20 20
3 3
57 57
220 220
68 68
214 214
258 258
Ожидаемое (прогноз по конца года)
Интер РАО (дляФСК)
Промышленныепотребители
Транспорт
Нефтедобыча
Нефтепереработка
Нефтепроводы
Газопроводы
Сельскоехозяйство ипищеваяпромышленность
Непромышленныепотребители
Государственные(муниципальные)организации ипрочиебюджетныепотребители
Население иприравненныегруппыпотребителей
Территориальныесетевыеорганизации
абс.
%
Прогноз на месяц 
Ноябрь
КПО/Отпуск из сети 
Отпуск из сети, млн. кВт.ч
Организация 
Все
Прогноз электропотребления и выручки за услуги по передаче в разрезе отраслей'

18-10-2024T06:15:35 - [MESSAGE][PASSED] - Text of object 'Object Repository/Прогноз по отраслям/Виджеты дашборда' is: 'Год 
2023 год
Сравнение с 
План/СУ
Отклонения по ПАО Россети на 2023 год
243.5 243.5
11 013.5 11 013.5
674.8 674.8
32 765.3 32 765.3
1 049.4 1 049.4
271.8 271.8
495.2 495.2
588.7 588.7
-7 607.7 -7 607.7
31.9 31.9
-1 318.1 -1 318.1
10 906.5 10 906.5
⬤ Отклонение, млн. кВт.ч
Интер РАО (для ФСК)
Промышленные потребители
Транспорт
Нефтедобыча
Нефтепереработка
Нефтепроводы
Газопроводы
Сельское хозяйство и пищевая пр…
Непромышленные потребители
Государственные (муниципальные…
Население и приравненные групп…
Территориальные сетевые органи…
Выручка отклонения по ПАО Россети на 2023 год
⬤ Отклонение, млн. руб.
Интер РАО (для ФСК)
Промышленные потребители
Транспорт
Нефтедобыча
Нефтепереработка
Нефтепроводы
Газопроводы
Сельское хозяйство и пищевая пр…
Непромышленные потребители
Государственные (муниципальные…
Население и приравненные групп…
Территориальные сетевые органи…
Динамика электропотребления, млрд. кВт.ч. по ПАО Россети на 2023 год
10 10
186 186
36 36
15 15
9 9
14 14
4 4
17 17
88 88
19 19
83 83
597 597
10 10
197 197
37 37
48 48
10 10
15 15
4 4
18 18
80 80
19 19
82 82
608 608
СУ
Ожидаемое (прогноз по конца года)
Интер РАО (дляФСК)
Промышленныепотребители
Транспорт
Нефтедобыча
Нефтепереработка
Нефтепроводы
Газопроводы
Сельскоехозяйство ипищеваяпромышленность
Непромышленныепотребители
Государственные(муниципальные)организации ипрочиебюджетныепотребители
Население иприравненныегруппыпотребителей
Территориальныесетевыеорганизации
Выручка по ПАО Россети на 2023 год
6 6
331 331
82 82
77 77
20 20
20 20
3 3
57 57
220 220
68 68
214 214
258 258
Ожидаемое (прогноз по конца года)
Интер РАО (дляФСК)
Промышленныепотребители
Транспорт
Нефтедобыча
Нефтепереработка
Нефтепроводы
Газопроводы
Сельскоехозяйство ипищеваяпромышленность
Непромышленныепотребители
Государственные(муниципальные)организации ипрочиебюджетныепотребители
Население иприравненныегруппыпотребителей
Территориальныесетевыеорганизации
абс.
%
Прогноз на месяц 
Ноябрь
КПО/Отпуск из сети 
Отпуск из сети, млн. кВт.ч
Организация 
Все
Прогноз электропотребления и выручки за услуги по передаче в разрезе отраслей'

18-10-2024T06:15:35 - [TEST_STEP][PASSED] - a9 = a9.replaceAll("[^0-9]", ""): null

18-10-2024T06:15:35 - [TEST_STEP][PASSED] - println("a9:" + a9): null

18-10-2024T06:15:35 - [TEST_STEP][PASSED] - click(findTestObject("Прогноз по отраслям/Фильтр Сравнение с")): Object: 'Object Repository/Прогноз по отраслям/Фильтр Сравнение с' is clicked on

18-10-2024T06:15:36 - [MESSAGE][PASSED] - Object: 'Object Repository/Прогноз по отраслям/Фильтр Сравнение с' is clicked on

18-10-2024T06:15:36 - [TEST_STEP][PASSED] - click(findTestObject("Прогноз по отраслям/Факт прошлого года")): Object: 'Object Repository/Прогноз по отраслям/Факт прошлого года' is clicked on

18-10-2024T06:15:37 - [MESSAGE][PASSED] - Object: 'Object Repository/Прогноз по отраслям/Факт прошлого года' is clicked on

18-10-2024T06:15:37 - [TEST_STEP][PASSED] - click(findTestObject("Прогноз по отраслям/Фильтр КПО-Отпуск")): Object: 'Object Repository/Прогноз по отраслям/Фильтр КПО-Отпуск' is clicked on

18-10-2024T06:15:39 - [MESSAGE][PASSED] - Object: 'Object Repository/Прогноз по отраслям/Фильтр КПО-Отпуск' is clicked on

18-10-2024T06:15:39 - [TEST_STEP][PASSED] - click(findTestObject("Прогноз по отраслям/КПО")): Object: 'Object Repository/Прогноз по отраслям/КПО' is clicked on

18-10-2024T06:15:40 - [MESSAGE][PASSED] - Object: 'Object Repository/Прогноз по отраслям/КПО' is clicked on

18-10-2024T06:15:40 - [TEST_STEP][PASSED] - delay(25): Delayed 25 second(s)

18-10-2024T06:16:05 - [MESSAGE][PASSED] - Delayed 25 second(s)

18-10-2024T06:16:05 - [TEST_STEP][PASSED] - a10 = getText(findTestObject("Прогноз по отраслям/Виджеты дашборда")): Text of object 'Object Repository/Прогноз по отраслям/Виджеты дашборда' is: 'Год 
2023 год
Сравнение с 
Факт прошлого года
Отклонения по ПАО Россети на 2023 год
0.0 0.0
646.5 646.5
341.1 341.1
-2 455.6 -2 455.6
245.6 245.6
-1 796.0 -1 796.0
676.2 676.2
452.4 452.4
1 386.2 1 386.2
527.5 527.5
-1 130.4 -1 130.4
-128.7 -128.7
⬤ Отклонение, млн. кВт.ч
Интер РАО (для ФСК)
Промышленные потребители
Транспорт
Нефтедобыча
Нефтепереработка
Нефтепроводы
Газопроводы
Сельское хозяйство и пищевая пр…
Непромышленные потребители
Государственные (муниципальные…
Население и приравненные групп…
Территориальные сетевые органи…
Выручка отклонения по ПАО Россети на 2023 год
421.3 421.3
45 574.9 45 574.9
9 547.5 9 547.5
4 889.3 4 889.3
2 337.4 2 337.4
-1 682.6 -1 682.6
2 919.4 2 919.4
7 110.2 7 110.2
19 840.8 19 840.8
7 289.5 7 289.5
23 664.8 23 664.8
31 028.3 31 028.3
⬤ Отклонение, млн. руб.
Интер РАО (для ФСК)
Промышленные потребители
Транспорт
Нефтедобыча
Нефтепереработка
Нефтепроводы
Газопроводы
Сельское хозяйство и пищевая пр…
Непромышленные потребители
Государственные (муниципальные…
Население и приравненные групп…
Территориальные сетевые органи…
Динамика электропотребления, млрд. кВт.ч. по ПАО Россети на 2023 год
0 0
120 120
38 38
41 41
8 8
10 10
0 0
19 19
77 77
25 25
122 122
61 61
0 0
120 120
39 39
39 39
8 8
8 8
1 1
20 20
78 78
26 26
121 121
60 60
Факт прошлого года
Ожидаемое (прогноз по конца года)
Интер РАО (дляФСК)
Промышленныепотребители
Транспорт
Нефтедобыча
Нефтепереработка
Нефтепроводы
Газопроводы
Сельскоехозяйство ипищеваяпромышленность
Непромышленныепотребители
Государственные(муниципальные)организации ипрочиебюджетныепотребители
Население иприравненныегруппыпотребителей
Территориальныесетевыеорганизации
Выручка по ПАО Россети на 2023 год
5 5
285 285
72 72
72 72
18 18
22 22
0 0
50 50
201 201
61 61
190 190
227 227
6 6
331 331
82 82
77 77
20 20
20 20
3 3
57 57
220 220
68 68
214 214
258 258
Факт прошлого года
Ожидаемое (прогноз по конца года)
Интер РАО (дляФСК)
Промышленныепотребители
Транспорт
Нефтедобыча
Нефтепереработка
Нефтепроводы
Газопроводы
Сельскоехозяйство ипищеваяпромышленность
Непромышленныепотребители
Государственные(муниципальные)организации ипрочиебюджетныепотребители
Население иприравненныегруппыпотребителей
Территориальныесетевыеорганизации
абс.
%
Прогноз на месяц 
Ноябрь
КПО/Отпуск из сети 
Котловой полезный отпуск, млн. кВт.ч
Организация 
Все
Прогноз электропотребления и выручки за услуги по передаче в разрезе отраслей'

18-10-2024T06:16:05 - [MESSAGE][PASSED] - Text of object 'Object Repository/Прогноз по отраслям/Виджеты дашборда' is: 'Год 
2023 год
Сравнение с 
Факт прошлого года
Отклонения по ПАО Россети на 2023 год
0.0 0.0
646.5 646.5
341.1 341.1
-2 455.6 -2 455.6
245.6 245.6
-1 796.0 -1 796.0
676.2 676.2
452.4 452.4
1 386.2 1 386.2
527.5 527.5
-1 130.4 -1 130.4
-128.7 -128.7
⬤ Отклонение, млн. кВт.ч
Интер РАО (для ФСК)
Промышленные потребители
Транспорт
Нефтедобыча
Нефтепереработка
Нефтепроводы
Газопроводы
Сельское хозяйство и пищевая пр…
Непромышленные потребители
Государственные (муниципальные…
Население и приравненные групп…
Территориальные сетевые органи…
Выручка отклонения по ПАО Россети на 2023 год
421.3 421.3
45 574.9 45 574.9
9 547.5 9 547.5
4 889.3 4 889.3
2 337.4 2 337.4
-1 682.6 -1 682.6
2 919.4 2 919.4
7 110.2 7 110.2
19 840.8 19 840.8
7 289.5 7 289.5
23 664.8 23 664.8
31 028.3 31 028.3
⬤ Отклонение, млн. руб.
Интер РАО (для ФСК)
Промышленные потребители
Транспорт
Нефтедобыча
Нефтепереработка
Нефтепроводы
Газопроводы
Сельское хозяйство и пищевая пр…
Непромышленные потребители
Государственные (муниципальные…
Население и приравненные групп…
Территориальные сетевые органи…
Динамика электропотребления, млрд. кВт.ч. по ПАО Россети на 2023 год
0 0
120 120
38 38
41 41
8 8
10 10
0 0
19 19
77 77
25 25
122 122
61 61
0 0
120 120
39 39
39 39
8 8
8 8
1 1
20 20
78 78
26 26
121 121
60 60
Факт прошлого года
Ожидаемое (прогноз по конца года)
Интер РАО (дляФСК)
Промышленныепотребители
Транспорт
Нефтедобыча
Нефтепереработка
Нефтепроводы
Газопроводы
Сельскоехозяйство ипищеваяпромышленность
Непромышленныепотребители
Государственные(муниципальные)организации ипрочиебюджетныепотребители
Население иприравненныегруппыпотребителей
Территориальныесетевыеорганизации
Выручка по ПАО Россети на 2023 год
5 5
285 285
72 72
72 72
18 18
22 22
0 0
50 50
201 201
61 61
190 190
227 227
6 6
331 331
82 82
77 77
20 20
20 20
3 3
57 57
220 220
68 68
214 214
258 258
Факт прошлого года
Ожидаемое (прогноз по конца года)
Интер РАО (дляФСК)
Промышленныепотребители
Транспорт
Нефтедобыча
Нефтепереработка
Нефтепроводы
Газопроводы
Сельскоехозяйство ипищеваяпромышленность
Непромышленныепотребители
Государственные(муниципальные)организации ипрочиебюджетныепотребители
Население иприравненныегруппыпотребителей
Территориальныесетевыеорганизации
абс.
%
Прогноз на месяц 
Ноябрь
КПО/Отпуск из сети 
Котловой полезный отпуск, млн. кВт.ч
Организация 
Все
Прогноз электропотребления и выручки за услуги по передаче в разрезе отраслей'

18-10-2024T06:16:05 - [TEST_STEP][PASSED] - a10 = a10.replaceAll("[^0-9]", ""): null

18-10-2024T06:16:05 - [TEST_STEP][PASSED] - println("a10:" + a10): null

18-10-2024T06:16:05 - [TEST_STEP][PASSED] - click(findTestObject("Прогноз по отраслям/Фильтр Сравнение с")): Object: 'Object Repository/Прогноз по отраслям/Фильтр Сравнение с' is clicked on

18-10-2024T06:16:06 - [MESSAGE][PASSED] - Object: 'Object Repository/Прогноз по отраслям/Фильтр Сравнение с' is clicked on

18-10-2024T06:16:06 - [TEST_STEP][PASSED] - click(findTestObject("Прогноз по отраслям/План")): Object: 'Object Repository/Прогноз по отраслям/План' is clicked on

18-10-2024T06:16:07 - [MESSAGE][PASSED] - Object: 'Object Repository/Прогноз по отраслям/План' is clicked on

18-10-2024T06:16:07 - [TEST_STEP][PASSED] - delay(25): Delayed 25 second(s)

18-10-2024T06:16:32 - [MESSAGE][PASSED] - Delayed 25 second(s)

18-10-2024T06:16:32 - [TEST_STEP][PASSED] - a11 = getText(findTestObject("Прогноз по отраслям/Виджеты дашборда")): Text of object 'Object Repository/Прогноз по отраслям/Виджеты дашборда' is: 'Год 
2023 год
Сравнение с 
План
Отклонения по ПАО Россети на 2023 год
0.0 0.0
1 471.7 1 471.7
1 186.5 1 186.5
32 445.2 32 445.2
1 268.3 1 268.3
349.4 349.4
84.3 84.3
239.8 239.8
2 969.4 2 969.4
589.2 589.2
-1 798.4 -1 798.4
5 359.3 5 359.3
⬤ Отклонение, млн. кВт.ч
Интер РАО (для ФСК)
Промышленные потребители
Транспорт
Нефтедобыча
Нефтепереработка
Нефтепроводы
Газопроводы
Сельское хозяйство и пищевая пр…
Непромышленные потребители
Государственные (муниципальные…
Население и приравненные групп…
Территориальные сетевые органи…
Выручка отклонения по ПАО Россети на 2023 год
794.9 794.9
12 195.0 12 195.0
972.7 972.7
61 803.9 61 803.9
4 222.3 4 222.3
-121.8 -121.8
666.2 666.2
873.2 873.2
5 809.6 5 809.6
1 342.6 1 342.6
-4 463.2 -4 463.2
18 375.5 18 375.5
⬤ Отклонение, млн. руб.
Интер РАО (для ФСК)
Промышленные потребители
Транспорт
Нефтедобыча
Нефтепереработка
Нефтепроводы
Газопроводы
Сельское хозяйство и пищевая пр…
Непромышленные потребители
Государственные (муниципальные…
Население и приравненные групп…
Территориальные сетевые органи…
Динамика электропотребления, млрд. кВт.ч. по ПАО Россети на 2023 год
0 0
119 119
37 37
7 7
7 7
8 8
1 1
19 19
75 75
25 25
123 123
55 55
0 0
120 120
39 39
39 39
8 8
8 8
1 1
20 20
78 78
26 26
121 121
60 60
План
Ожидаемое (прогноз по конца года)
Интер РАО (дляФСК)
Промышленныепотребители
Транспорт
Нефтедобыча
Нефтепереработка
Нефтепроводы
Газопроводы
Сельскоехозяйство ипищеваяпромышленность
Непромышленныепотребители
Государственные(муниципальные)организации ипрочиебюджетныепотребители
Население иприравненныегруппыпотребителей
Территориальныесетевыеорганизации
Выручка по ПАО Россети на 2023 год
5 5
319 319
81 81
16 16
16 16
20 20
2 2
56 56
215 215
67 67
218 218
239 239
6 6
331 331
82 82
77 77
20 20
20 20
3 3
57 57
220 220
68 68
214 214
258 258
План
Ожидаемое (прогноз по конца года)
Интер РАО (дляФСК)
Промышленныепотребители
Транспорт
Нефтедобыча
Нефтепереработка
Нефтепроводы
Газопроводы
Сельскоехозяйство ипищеваяпромышленность
Непромышленныепотребители
Государственные(муниципальные)организации ипрочиебюджетныепотребители
Население иприравненныегруппыпотребителей
Территориальныесетевыеорганизации
абс.
%
Прогноз на месяц 
Ноябрь
КПО/Отпуск из сети 
Котловой полезный отпуск, млн. кВт.ч
Организация 
Все
Прогноз электропотребления и выручки за услуги по передаче в разрезе отраслей'

18-10-2024T06:16:32 - [MESSAGE][PASSED] - Text of object 'Object Repository/Прогноз по отраслям/Виджеты дашборда' is: 'Год 
2023 год
Сравнение с 
План
Отклонения по ПАО Россети на 2023 год
0.0 0.0
1 471.7 1 471.7
1 186.5 1 186.5
32 445.2 32 445.2
1 268.3 1 268.3
349.4 349.4
84.3 84.3
239.8 239.8
2 969.4 2 969.4
589.2 589.2
-1 798.4 -1 798.4
5 359.3 5 359.3
⬤ Отклонение, млн. кВт.ч
Интер РАО (для ФСК)
Промышленные потребители
Транспорт
Нефтедобыча
Нефтепереработка
Нефтепроводы
Газопроводы
Сельское хозяйство и пищевая пр…
Непромышленные потребители
Государственные (муниципальные…
Население и приравненные групп…
Территориальные сетевые органи…
Выручка отклонения по ПАО Россети на 2023 год
794.9 794.9
12 195.0 12 195.0
972.7 972.7
61 803.9 61 803.9
4 222.3 4 222.3
-121.8 -121.8
666.2 666.2
873.2 873.2
5 809.6 5 809.6
1 342.6 1 342.6
-4 463.2 -4 463.2
18 375.5 18 375.5
⬤ Отклонение, млн. руб.
Интер РАО (для ФСК)
Промышленные потребители
Транспорт
Нефтедобыча
Нефтепереработка
Нефтепроводы
Газопроводы
Сельское хозяйство и пищевая пр…
Непромышленные потребители
Государственные (муниципальные…
Население и приравненные групп…
Территориальные сетевые органи…
Динамика электропотребления, млрд. кВт.ч. по ПАО Россети на 2023 год
0 0
119 119
37 37
7 7
7 7
8 8
1 1
19 19
75 75
25 25
123 123
55 55
0 0
120 120
39 39
39 39
8 8
8 8
1 1
20 20
78 78
26 26
121 121
60 60
План
Ожидаемое (прогноз по конца года)
Интер РАО (дляФСК)
Промышленныепотребители
Транспорт
Нефтедобыча
Нефтепереработка
Нефтепроводы
Газопроводы
Сельскоехозяйство ипищеваяпромышленность
Непромышленныепотребители
Государственные(муниципальные)организации ипрочиебюджетныепотребители
Население иприравненныегруппыпотребителей
Территориальныесетевыеорганизации
Выручка по ПАО Россети на 2023 год
5 5
319 319
81 81
16 16
16 16
20 20
2 2
56 56
215 215
67 67
218 218
239 239
6 6
331 331
82 82
77 77
20 20
20 20
3 3
57 57
220 220
68 68
214 214
258 258
План
Ожидаемое (прогноз по конца года)
Интер РАО (дляФСК)
Промышленныепотребители
Транспорт
Нефтедобыча
Нефтепереработка
Нефтепроводы
Газопроводы
Сельскоехозяйство ипищеваяпромышленность
Непромышленныепотребители
Государственные(муниципальные)организации ипрочиебюджетныепотребители
Население иприравненныегруппыпотребителей
Территориальныесетевыеорганизации
абс.
%
Прогноз на месяц 
Ноябрь
КПО/Отпуск из сети 
Котловой полезный отпуск, млн. кВт.ч
Организация 
Все
Прогноз электропотребления и выручки за услуги по передаче в разрезе отраслей'

18-10-2024T06:16:32 - [TEST_STEP][PASSED] - println("a11:" + a11): null

18-10-2024T06:16:32 - [TEST_STEP][PASSED] - a11 = a11.replaceAll("[^0-9]", ""): null

18-10-2024T06:16:32 - [TEST_STEP][PASSED] - println("a11:" + a11): null

18-10-2024T06:16:32 - [TEST_STEP][PASSED] - click(findTestObject("Прогноз по отраслям/Фильтр Сравнение с")): Object: 'Object Repository/Прогноз по отраслям/Фильтр Сравнение с' is clicked on

18-10-2024T06:16:32 - [MESSAGE][PASSED] - Object: 'Object Repository/Прогноз по отраслям/Фильтр Сравнение с' is clicked on

18-10-2024T06:16:32 - [TEST_STEP][PASSED] - click(findTestObject("Прогноз по отраслям/План СУ")): Object: 'Object Repository/Прогноз по отраслям/План СУ' is clicked on

18-10-2024T06:16:33 - [MESSAGE][PASSED] - Object: 'Object Repository/Прогноз по отраслям/План СУ' is clicked on

18-10-2024T06:16:33 - [TEST_STEP][PASSED] - delay(25): Delayed 25 second(s)

18-10-2024T06:16:58 - [MESSAGE][PASSED] - Delayed 25 second(s)

18-10-2024T06:16:58 - [TEST_STEP][PASSED] - a12 = getText(findTestObject("Прогноз по отраслям/Виджеты дашборда")): Text of object 'Object Repository/Прогноз по отраслям/Виджеты дашборда' is: 'Год 
2023 год
Сравнение с 
План/СУ
Отклонения по ПАО Россети на 2023 год
0.0 0.0
120 322.6 120 322.6
38 655.4 38 655.4
39 037.8 39 037.8
8 291.7 8 291.7
8 259.5 8 259.5
793.1 793.1
19 706.6 19 706.6
78 310.2 78 310.2
25 579.5 25 579.5
121 219.7 121 219.7
60 414.9 60 414.9
⬤ Отклонение, млн. кВт.ч
Интер РАО (для ФСК)
Промышленные потребители
Транспорт
Нефтедобыча
Нефтепереработка
Нефтепроводы
Газопроводы
Сельское хозяйство и пищевая пр…
Непромышленные потребители
Государственные (муниципальные…
Население и приравненные групп…
Территориальные сетевые органи…
Выручка отклонения по ПАО Россети на 2023 год
⬤ Отклонение, млн. руб.
Интер РАО (для ФСК)
Промышленные потребители
Транспорт
Нефтедобыча
Нефтепереработка
Нефтепроводы
Газопроводы
Сельское хозяйство и пищевая пр…
Непромышленные потребители
Государственные (муниципальные…
Население и приравненные групп…
Территориальные сетевые органи…
Динамика электропотребления, млрд. кВт.ч. по ПАО Россети на 2023 год
0 0
0 0
0 0
0 0
0 0
0 0
0 0
0 0
0 0
0 0
0 0
0 0
0 0
120 120
39 39
39 39
8 8
8 8
1 1
20 20
78 78
26 26
121 121
60 60
СУ
Ожидаемое (прогноз по конца года)
Интер РАО (дляФСК)
Промышленныепотребители
Транспорт
Нефтедобыча
Нефтепереработка
Нефтепроводы
Газопроводы
Сельскоехозяйство ипищеваяпромышленность
Непромышленныепотребители
Государственные(муниципальные)организации ипрочиебюджетныепотребители
Население иприравненныегруппыпотребителей
Территориальныесетевыеорганизации
Выручка по ПАО Россети на 2023 год
6 6
331 331
82 82
77 77
20 20
20 20
3 3
57 57
220 220
68 68
214 214
258 258
Ожидаемое (прогноз по конца года)
Интер РАО (дляФСК)
Промышленныепотребители
Транспорт
Нефтедобыча
Нефтепереработка
Нефтепроводы
Газопроводы
Сельскоехозяйство ипищеваяпромышленность
Непромышленныепотребители
Государственные(муниципальные)организации ипрочиебюджетныепотребители
Население иприравненныегруппыпотребителей
Территориальныесетевыеорганизации
абс.
%
Прогноз на месяц 
Ноябрь
КПО/Отпуск из сети 
Котловой полезный отпуск, млн. кВт.ч
Организация 
Все
Прогноз электропотребления и выручки за услуги по передаче в разрезе отраслей'

18-10-2024T06:16:59 - [MESSAGE][PASSED] - Text of object 'Object Repository/Прогноз по отраслям/Виджеты дашборда' is: 'Год 
2023 год
Сравнение с 
План/СУ
Отклонения по ПАО Россети на 2023 год
0.0 0.0
120 322.6 120 322.6
38 655.4 38 655.4
39 037.8 39 037.8
8 291.7 8 291.7
8 259.5 8 259.5
793.1 793.1
19 706.6 19 706.6
78 310.2 78 310.2
25 579.5 25 579.5
121 219.7 121 219.7
60 414.9 60 414.9
⬤ Отклонение, млн. кВт.ч
Интер РАО (для ФСК)
Промышленные потребители
Транспорт
Нефтедобыча
Нефтепереработка
Нефтепроводы
Газопроводы
Сельское хозяйство и пищевая пр…
Непромышленные потребители
Государственные (муниципальные…
Население и приравненные групп…
Территориальные сетевые органи…
Выручка отклонения по ПАО Россети на 2023 год
⬤ Отклонение, млн. руб.
Интер РАО (для ФСК)
Промышленные потребители
Транспорт
Нефтедобыча
Нефтепереработка
Нефтепроводы
Газопроводы
Сельское хозяйство и пищевая пр…
Непромышленные потребители
Государственные (муниципальные…
Население и приравненные групп…
Территориальные сетевые органи…
Динамика электропотребления, млрд. кВт.ч. по ПАО Россети на 2023 год
0 0
0 0
0 0
0 0
0 0
0 0
0 0
0 0
0 0
0 0
0 0
0 0
0 0
120 120
39 39
39 39
8 8
8 8
1 1
20 20
78 78
26 26
121 121
60 60
СУ
Ожидаемое (прогноз по конца года)
Интер РАО (дляФСК)
Промышленныепотребители
Транспорт
Нефтедобыча
Нефтепереработка
Нефтепроводы
Газопроводы
Сельскоехозяйство ипищеваяпромышленность
Непромышленныепотребители
Государственные(муниципальные)организации ипрочиебюджетныепотребители
Население иприравненныегруппыпотребителей
Территориальныесетевыеорганизации
Выручка по ПАО Россети на 2023 год
6 6
331 331
82 82
77 77
20 20
20 20
3 3
57 57
220 220
68 68
214 214
258 258
Ожидаемое (прогноз по конца года)
Интер РАО (дляФСК)
Промышленныепотребители
Транспорт
Нефтедобыча
Нефтепереработка
Нефтепроводы
Газопроводы
Сельскоехозяйство ипищеваяпромышленность
Непромышленныепотребители
Государственные(муниципальные)организации ипрочиебюджетныепотребители
Население иприравненныегруппыпотребителей
Территориальныесетевыеорганизации
абс.
%
Прогноз на месяц 
Ноябрь
КПО/Отпуск из сети 
Котловой полезный отпуск, млн. кВт.ч
Организация 
Все
Прогноз электропотребления и выручки за услуги по передаче в разрезе отраслей'

18-10-2024T06:16:59 - [TEST_STEP][PASSED] - a12 = a12.replaceAll("[^0-9]", ""): null

18-10-2024T06:16:59 - [TEST_STEP][PASSED] - println("a12:" + a12): null

18-10-2024T06:16:59 - [TEST_STEP][PASSED] - navigateToUrl(findTestData("PlanFact").getValue(10, 12)): Navigate to 'https://bi.rosseti.digital/viewer?dashboardGuid=d218b6eb1b7845df8f1994d6a65c072b&sheetGuid=3059d1e0f28043ee8c80901707e9c246&fit=true' successfully

18-10-2024T06:16:59 - [MESSAGE][PASSED] - Navigate to 'https://bi.rosseti.digital/viewer?dashboardGuid=d218b6eb1b7845df8f1994d6a65c072b&sheetGuid=3059d1e0f28043ee8c80901707e9c246&fit=true' successfully

18-10-2024T06:16:59 - [TEST_STEP][PASSED] - delay(50): Delayed 50 second(s)

18-10-2024T06:17:49 - [MESSAGE][PASSED] - Delayed 50 second(s)

18-10-2024T06:17:49 - [TEST_STEP][PASSED] - click(findTestObject("Прогноз по отраслям/Фильтр месяц Стресс")): Object: 'Object Repository/Прогноз по отраслям/Фильтр месяц Стресс' is clicked on

18-10-2024T06:17:50 - [MESSAGE][PASSED] - Object: 'Object Repository/Прогноз по отраслям/Фильтр месяц Стресс' is clicked on

18-10-2024T06:17:50 - [TEST_STEP][PASSED] - scrollToElement(findTestObject("Прогноз по отраслям/Ноябрь Стресс"), 30): Scroll to object 'Object Repository/Прогноз по отраслям/Ноябрь Стресс' successfully

18-10-2024T06:17:50 - [MESSAGE][PASSED] - Scroll to object 'Object Repository/Прогноз по отраслям/Ноябрь Стресс' successfully

18-10-2024T06:17:50 - [TEST_STEP][PASSED] - click(findTestObject("Прогноз по отраслям/Ноябрь Стресс")): Object: 'Object Repository/Прогноз по отраслям/Ноябрь Стресс' is clicked on

18-10-2024T06:17:51 - [MESSAGE][PASSED] - Object: 'Object Repository/Прогноз по отраслям/Ноябрь Стресс' is clicked on

18-10-2024T06:17:51 - [TEST_STEP][PASSED] - scrollToElement(findTestObject("Прогноз по отраслям/Заголовок дашборда Стресс"), 30): Scroll to object 'Object Repository/Прогноз по отраслям/Заголовок дашборда Стресс' successfully

18-10-2024T06:17:53 - [MESSAGE][PASSED] - Scroll to object 'Object Repository/Прогноз по отраслям/Заголовок дашборда Стресс' successfully

18-10-2024T06:17:53 - [TEST_STEP][PASSED] - click(findTestObject("Прогноз по отраслям/Фильтр Сравнение с Стресс")): Object: 'Object Repository/Прогноз по отраслям/Фильтр Сравнение с Стресс' is clicked on

18-10-2024T06:17:54 - [MESSAGE][PASSED] - Object: 'Object Repository/Прогноз по отраслям/Фильтр Сравнение с Стресс' is clicked on

18-10-2024T06:17:54 - [TEST_STEP][PASSED] - click(findTestObject("Прогноз по отраслям/Факт прошлого года Стресс")): Object: 'Object Repository/Прогноз по отраслям/Факт прошлого года Стресс' is clicked on

18-10-2024T06:17:55 - [MESSAGE][PASSED] - Object: 'Object Repository/Прогноз по отраслям/Факт прошлого года Стресс' is clicked on

18-10-2024T06:17:55 - [TEST_STEP][PASSED] - click(findTestObject("Прогноз по отраслям/Фильтр КПО-Отпуск Стресс")): Object: 'Object Repository/Прогноз по отраслям/Фильтр КПО-Отпуск Стресс' is clicked on

18-10-2024T06:17:57 - [MESSAGE][PASSED] - Object: 'Object Repository/Прогноз по отраслям/Фильтр КПО-Отпуск Стресс' is clicked on

18-10-2024T06:17:57 - [TEST_STEP][PASSED] - click(findTestObject("Прогноз по отраслям/Отпуск Стресс")): Object: 'Object Repository/Прогноз по отраслям/Отпуск Стресс' is clicked on

18-10-2024T06:17:58 - [MESSAGE][PASSED] - Object: 'Object Repository/Прогноз по отраслям/Отпуск Стресс' is clicked on

18-10-2024T06:17:58 - [TEST_STEP][PASSED] - delay(25): Delayed 25 second(s)

18-10-2024T06:18:23 - [MESSAGE][PASSED] - Delayed 25 second(s)

18-10-2024T06:18:23 - [TEST_STEP][PASSED] - b1 = getText(findTestObject("Прогноз по отраслям/Виджеты дашборда")): Text of object 'Object Repository/Прогноз по отраслям/Виджеты дашборда' is: 'Год 
2023 год
Сравнение с 
Факт прошлого года
Динамика электропотребления, млрд. кВт.ч., по ПАО Россети на 2023 год
12 12
186 186
36 36
50 50
10 10
19 19
0 0
17 17
85 85
19 19
82 82
604 604
10 10
197 197
37 37
48 48
10 10
15 15
4 4
18 18
80 80
19 19
82 82
608 608
Факт прошлого года
Ожидаемое (прогноз до конца года)
Интер РАО(для ФСК)
Промышленныепотребители
Транспорт
Нефтедобыча
Нефтеперераб…
Нефтепроводы
Газопроводы
Сельское хозя…
Непромышлен…
Государственн…
Население иприравненныегруппыпотребителей
Территориальн…
Выручка, млрд. руб, по ПАО Россети на 2023 год
5 5
285 285
72 72
72 72
18 18
22 22
0 0
50 50
201 201
61 61
190 190
227 227
6 6
331 331
82 82
77 77
20 20
20 20
3 3
57 57
220 220
68 68
214 214
258 258
Факт прошлого года
Ожидаемое (прогноз до конца года)
Интер РАО(для ФСК)
Промышленныепотребители
Транспорт
Нефтедобыча
Нефтеперераб…
Нефтепроводы
Газопроводы
Сельское хозя…
Непромышлен…
Государственн…
Население иприравненныегруппыпотребителей
Территориальн…
Отклонения по ПАО Россети на 2023 год
-18.5% -18.5%
5.9% 5.9%
3.6% 3.6%
-3.9% -3.9%
0.9% 0.9%
-20.7% -20.7%
3 313.2% 3 313.2%
3.8% 3.8%
-5.6% -5.6%
1.3% 1.3%
-0.9% -0.9%
0.7% 0.7%
⬤ Отклонение, %
Интер РАО (для ФСК)
Промышленные потребители
Транспорт
Нефтедобыча
Нефтепереработка
Нефтепроводы
Газопроводы
Сельское хозяйство и пищевая про…
Непромышленные потребители
Государственные (муниципальные)…
Население и приравненные группы…
Территориальные сетевые организ…
Выручка отклонения по ПАО Россети на 2023 год
7.7% 7.7%
16.0% 16.0%
13.2% 13.2%
6.7% 6.7%
13.3% 13.3%
-7.7% -7.7%
1 331.5% 1 331.5%
14.2% 14.2%
9.9% 9.9%
12.0% 12.0%
12.4% 12.4%
13.7% 13.7%
⬤ Отклонение, %
Интер РАО (для ФСК)
Промышленные потребители
Транспорт
Нефтедобыча
Нефтепереработка
Нефтепроводы
Газопроводы
Сельское хозяйство и пищевая про…
Непромышленные потребители
Государственные (муниципальные)…
Население и приравненные группы…
Территориальные сетевые организ…
абс.
%
Прогноз на месяц 
Ноябрь
КПО/Отпуск из сети 
Отпуск из сети, млн. кВт.ч
Организация 
Все
Прогноз электропотребления и выручки за услуги по передаче в разрезе отраслей'

18-10-2024T06:18:24 - [MESSAGE][PASSED] - Text of object 'Object Repository/Прогноз по отраслям/Виджеты дашборда' is: 'Год 
2023 год
Сравнение с 
Факт прошлого года
Динамика электропотребления, млрд. кВт.ч., по ПАО Россети на 2023 год
12 12
186 186
36 36
50 50
10 10
19 19
0 0
17 17
85 85
19 19
82 82
604 604
10 10
197 197
37 37
48 48
10 10
15 15
4 4
18 18
80 80
19 19
82 82
608 608
Факт прошлого года
Ожидаемое (прогноз до конца года)
Интер РАО(для ФСК)
Промышленныепотребители
Транспорт
Нефтедобыча
Нефтеперераб…
Нефтепроводы
Газопроводы
Сельское хозя…
Непромышлен…
Государственн…
Население иприравненныегруппыпотребителей
Территориальн…
Выручка, млрд. руб, по ПАО Россети на 2023 год
5 5
285 285
72 72
72 72
18 18
22 22
0 0
50 50
201 201
61 61
190 190
227 227
6 6
331 331
82 82
77 77
20 20
20 20
3 3
57 57
220 220
68 68
214 214
258 258
Факт прошлого года
Ожидаемое (прогноз до конца года)
Интер РАО(для ФСК)
Промышленныепотребители
Транспорт
Нефтедобыча
Нефтеперераб…
Нефтепроводы
Газопроводы
Сельское хозя…
Непромышлен…
Государственн…
Население иприравненныегруппыпотребителей
Территориальн…
Отклонения по ПАО Россети на 2023 год
-18.5% -18.5%
5.9% 5.9%
3.6% 3.6%
-3.9% -3.9%
0.9% 0.9%
-20.7% -20.7%
3 313.2% 3 313.2%
3.8% 3.8%
-5.6% -5.6%
1.3% 1.3%
-0.9% -0.9%
0.7% 0.7%
⬤ Отклонение, %
Интер РАО (для ФСК)
Промышленные потребители
Транспорт
Нефтедобыча
Нефтепереработка
Нефтепроводы
Газопроводы
Сельское хозяйство и пищевая про…
Непромышленные потребители
Государственные (муниципальные)…
Население и приравненные группы…
Территориальные сетевые организ…
Выручка отклонения по ПАО Россети на 2023 год
7.7% 7.7%
16.0% 16.0%
13.2% 13.2%
6.7% 6.7%
13.3% 13.3%
-7.7% -7.7%
1 331.5% 1 331.5%
14.2% 14.2%
9.9% 9.9%
12.0% 12.0%
12.4% 12.4%
13.7% 13.7%
⬤ Отклонение, %
Интер РАО (для ФСК)
Промышленные потребители
Транспорт
Нефтедобыча
Нефтепереработка
Нефтепроводы
Газопроводы
Сельское хозяйство и пищевая про…
Непромышленные потребители
Государственные (муниципальные)…
Население и приравненные группы…
Территориальные сетевые организ…
абс.
%
Прогноз на месяц 
Ноябрь
КПО/Отпуск из сети 
Отпуск из сети, млн. кВт.ч
Организация 
Все
Прогноз электропотребления и выручки за услуги по передаче в разрезе отраслей'

18-10-2024T06:18:24 - [TEST_STEP][PASSED] - b1 = b1.replaceAll("[^0-9]", ""): null

18-10-2024T06:18:24 - [TEST_STEP][PASSED] - println("b1:" + b1): null

18-10-2024T06:18:24 - [TEST_STEP][PASSED] - click(findTestObject("Прогноз по отраслям/Фильтр Сравнение с Стресс")): Object: 'Object Repository/Прогноз по отраслям/Фильтр Сравнение с Стресс' is clicked on

18-10-2024T06:18:24 - [MESSAGE][PASSED] - Object: 'Object Repository/Прогноз по отраслям/Фильтр Сравнение с Стресс' is clicked on

18-10-2024T06:18:24 - [TEST_STEP][PASSED] - click(findTestObject("Прогноз по отраслям/План Стресс")): Object: 'Object Repository/Прогноз по отраслям/План Стресс' is clicked on

18-10-2024T06:18:25 - [MESSAGE][PASSED] - Object: 'Object Repository/Прогноз по отраслям/План Стресс' is clicked on

18-10-2024T06:18:25 - [TEST_STEP][PASSED] - delay(25): Delayed 25 second(s)

18-10-2024T06:18:50 - [MESSAGE][PASSED] - Delayed 25 second(s)

18-10-2024T06:18:50 - [TEST_STEP][PASSED] - b2 = getText(findTestObject("Прогноз по отраслям/Виджеты дашборда")): Text of object 'Object Repository/Прогноз по отраслям/Виджеты дашборда' is: 'Год 
2023 год
Сравнение с 
План
Динамика электропотребления, млрд. кВт.ч., по ПАО Россети на 2023 год
10 10
190 190
36 36
14 14
9 9
14 14
4 4
17 17
80 80
19 19
82 82
588 588
10 10
197 197
37 37
48 48
10 10
15 15
4 4
18 18
80 80
19 19
82 82
608 608
План
Ожидаемое (прогноз до конца года)
Интер РАО(для ФСК)
Промышленныепотребители
Транспорт
Нефтедобыча
Нефтеперераб…
Нефтепроводы
Газопроводы
Сельское хозя…
Непромышлен…
Государственн…
Население иприравненныегруппыпотребителей
Территориальн…
Выручка, млрд. руб, по ПАО Россети на 2023 год
5 5
319 319
81 81
16 16
16 16
20 20
2 2
56 56
215 215
67 67
218 218
239 239
6 6
331 331
82 82
77 77
20 20
20 20
3 3
57 57
220 220
68 68
214 214
258 258
План
Ожидаемое (прогноз до конца года)
Интер РАО(для ФСК)
Промышленныепотребители
Транспорт
Нефтедобыча
Нефтеперераб…
Нефтепроводы
Газопроводы
Сельское хозя…
Непромышлен…
Государственн…
Население иприравненныегруппыпотребителей
Территориальн…
Отклонения по ПАО Россети на 2023 год
-4.7% -4.7%
3.8% 3.8%
1.9% 1.9%
230.3% 230.3%
10.9% 10.9%
4.2% 4.2%
21.7% 21.7%
3.9% 3.9%
-0.6% -0.6%
1.6% 1.6%
-1.0% -1.0%
3.3% 3.3%
⬤ Отклонение, %
Интер РАО (для ФСК)
Промышленные потребители
Транспорт
Нефтедобыча
Нефтепереработка
Нефтепроводы
Газопроводы
Сельское хозяйство и пищевая про…
Непромышленные потребители
Государственные (муниципальные)…
Население и приравненные группы…
Территориальные сетевые организ…
Выручка отклонения по ПАО Россети на 2023 год
15.6% 15.6%
3.8% 3.8%
1.2% 1.2%
398.2% 398.2%
26.9% 26.9%
-0.6% -0.6%
26.9% 26.9%
1.5% 1.5%
2.7% 2.7%
2.0% 2.0%
-2.0% -2.0%
7.9% 7.9%
⬤ Отклонение, %
Интер РАО (для ФСК)
Промышленные потребители
Транспорт
Нефтедобыча
Нефтепереработка
Нефтепроводы
Газопроводы
Сельское хозяйство и пищевая про…
Непромышленные потребители
Государственные (муниципальные)…
Население и приравненные группы…
Территориальные сетевые организ…
абс.
%
Прогноз на месяц 
Ноябрь
КПО/Отпуск из сети 
Отпуск из сети, млн. кВт.ч
Организация 
Все
Прогноз электропотребления и выручки за услуги по передаче в разрезе отраслей'

18-10-2024T06:18:51 - [MESSAGE][PASSED] - Text of object 'Object Repository/Прогноз по отраслям/Виджеты дашборда' is: 'Год 
2023 год
Сравнение с 
План
Динамика электропотребления, млрд. кВт.ч., по ПАО Россети на 2023 год
10 10
190 190
36 36
14 14
9 9
14 14
4 4
17 17
80 80
19 19
82 82
588 588
10 10
197 197
37 37
48 48
10 10
15 15
4 4
18 18
80 80
19 19
82 82
608 608
План
Ожидаемое (прогноз до конца года)
Интер РАО(для ФСК)
Промышленныепотребители
Транспорт
Нефтедобыча
Нефтеперераб…
Нефтепроводы
Газопроводы
Сельское хозя…
Непромышлен…
Государственн…
Население иприравненныегруппыпотребителей
Территориальн…
Выручка, млрд. руб, по ПАО Россети на 2023 год
5 5
319 319
81 81
16 16
16 16
20 20
2 2
56 56
215 215
67 67
218 218
239 239
6 6
331 331
82 82
77 77
20 20
20 20
3 3
57 57
220 220
68 68
214 214
258 258
План
Ожидаемое (прогноз до конца года)
Интер РАО(для ФСК)
Промышленныепотребители
Транспорт
Нефтедобыча
Нефтеперераб…
Нефтепроводы
Газопроводы
Сельское хозя…
Непромышлен…
Государственн…
Население иприравненныегруппыпотребителей
Территориальн…
Отклонения по ПАО Россети на 2023 год
-4.7% -4.7%
3.8% 3.8%
1.9% 1.9%
230.3% 230.3%
10.9% 10.9%
4.2% 4.2%
21.7% 21.7%
3.9% 3.9%
-0.6% -0.6%
1.6% 1.6%
-1.0% -1.0%
3.3% 3.3%
⬤ Отклонение, %
Интер РАО (для ФСК)
Промышленные потребители
Транспорт
Нефтедобыча
Нефтепереработка
Нефтепроводы
Газопроводы
Сельское хозяйство и пищевая про…
Непромышленные потребители
Государственные (муниципальные)…
Население и приравненные группы…
Территориальные сетевые организ…
Выручка отклонения по ПАО Россети на 2023 год
15.6% 15.6%
3.8% 3.8%
1.2% 1.2%
398.2% 398.2%
26.9% 26.9%
-0.6% -0.6%
26.9% 26.9%
1.5% 1.5%
2.7% 2.7%
2.0% 2.0%
-2.0% -2.0%
7.9% 7.9%
⬤ Отклонение, %
Интер РАО (для ФСК)
Промышленные потребители
Транспорт
Нефтедобыча
Нефтепереработка
Нефтепроводы
Газопроводы
Сельское хозяйство и пищевая про…
Непромышленные потребители
Государственные (муниципальные)…
Население и приравненные группы…
Территориальные сетевые организ…
абс.
%
Прогноз на месяц 
Ноябрь
КПО/Отпуск из сети 
Отпуск из сети, млн. кВт.ч
Организация 
Все
Прогноз электропотребления и выручки за услуги по передаче в разрезе отраслей'

18-10-2024T06:18:51 - [TEST_STEP][PASSED] - b2 = b2.replaceAll("[^0-9]", ""): null

18-10-2024T06:18:51 - [TEST_STEP][PASSED] - println("b2:" + b2): null

18-10-2024T06:18:51 - [TEST_STEP][PASSED] - click(findTestObject("Прогноз по отраслям/Фильтр Сравнение с Стресс")): Object: 'Object Repository/Прогноз по отраслям/Фильтр Сравнение с Стресс' is clicked on

18-10-2024T06:18:52 - [MESSAGE][PASSED] - Object: 'Object Repository/Прогноз по отраслям/Фильтр Сравнение с Стресс' is clicked on

18-10-2024T06:18:52 - [TEST_STEP][PASSED] - click(findTestObject("Прогноз по отраслям/План СУ Стресс")): Object: 'Object Repository/Прогноз по отраслям/План СУ Стресс' is clicked on

18-10-2024T06:18:53 - [MESSAGE][PASSED] - Object: 'Object Repository/Прогноз по отраслям/План СУ Стресс' is clicked on

18-10-2024T06:18:53 - [TEST_STEP][PASSED] - delay(25): Delayed 25 second(s)

18-10-2024T06:19:18 - [MESSAGE][PASSED] - Delayed 25 second(s)

18-10-2024T06:19:18 - [TEST_STEP][PASSED] - b3 = getText(findTestObject("Прогноз по отраслям/Виджеты дашборда")): Text of object 'Object Repository/Прогноз по отраслям/Виджеты дашборда' is: 'Год 
2023 год
Сравнение с 
План/СУ
Динамика электропотребления, млрд. кВт.ч., по ПАО Россети на 2023 год
10 10
186 186
36 36
15 15
9 9
14 14
4 4
17 17
88 88
19 19
83 83
597 597
10 10
197 197
37 37
48 48
10 10
15 15
4 4
18 18
80 80
19 19
82 82
608 608
СУ
Ожидаемое (прогноз до конца года)
Интер РАО(для ФСК)
Промышленныепотребители
Транспорт
Нефтедобыча
Нефтеперераб…
Нефтепроводы
Газопроводы
Сельское хозя…
Непромышлен…
Государственн…
Население иприравненныегруппыпотребителей
Территориальн…
Выручка, млрд. руб, по ПАО Россети на 2023 год
6 6
331 331
82 82
77 77
20 20
20 20
3 3
57 57
220 220
68 68
214 214
258 258
Ожидаемое (прогноз до конца года)
Интер РАО(для ФСК)
Промышленныепотребители
Транспорт
Нефтедобыча
Нефтеперераб…
Нефтепроводы
Газопроводы
Сельское хозя…
Непромышлен…
Государственн…
Население иприравненныегруппыпотребителей
Территориальн…
Отклонения по ПАО Россети на 2023 год
2.5% 2.5%
5.9% 5.9%
1.9% 1.9%
219.1% 219.1%
11.7% 11.7%
1.9% 1.9%
13.1% 13.1%
3.5% 3.5%
-8.7% -8.7%
0.2% 0.2%
-1.6% -1.6%
1.8% 1.8%
⬤ Отклонение, %
Интер РАО (для ФСК)
Промышленные потребители
Транспорт
Нефтедобыча
Нефтепереработка
Нефтепроводы
Газопроводы
Сельское хозяйство и пищевая про…
Непромышленные потребители
Государственные (муниципальные)…
Население и приравненные группы…
Территориальные сетевые организ…
Выручка отклонения по ПАО Россети на 2023 год
⬤ Отклонение, %
Интер РАО (для ФСК)
Промышленные потребители
Транспорт
Нефтедобыча
Нефтепереработка
Нефтепроводы
Газопроводы
Сельское хозяйство и пищевая про…
Непромышленные потребители
Государственные (муниципальные)…
Население и приравненные группы…
Территориальные сетевые организ…
абс.
%
Прогноз на месяц 
Ноябрь
КПО/Отпуск из сети 
Отпуск из сети, млн. кВт.ч
Организация 
Все
Прогноз электропотребления и выручки за услуги по передаче в разрезе отраслей'

18-10-2024T06:19:19 - [MESSAGE][PASSED] - Text of object 'Object Repository/Прогноз по отраслям/Виджеты дашборда' is: 'Год 
2023 год
Сравнение с 
План/СУ
Динамика электропотребления, млрд. кВт.ч., по ПАО Россети на 2023 год
10 10
186 186
36 36
15 15
9 9
14 14
4 4
17 17
88 88
19 19
83 83
597 597
10 10
197 197
37 37
48 48
10 10
15 15
4 4
18 18
80 80
19 19
82 82
608 608
СУ
Ожидаемое (прогноз до конца года)
Интер РАО(для ФСК)
Промышленныепотребители
Транспорт
Нефтедобыча
Нефтеперераб…
Нефтепроводы
Газопроводы
Сельское хозя…
Непромышлен…
Государственн…
Население иприравненныегруппыпотребителей
Территориальн…
Выручка, млрд. руб, по ПАО Россети на 2023 год
6 6
331 331
82 82
77 77
20 20
20 20
3 3
57 57
220 220
68 68
214 214
258 258
Ожидаемое (прогноз до конца года)
Интер РАО(для ФСК)
Промышленныепотребители
Транспорт
Нефтедобыча
Нефтеперераб…
Нефтепроводы
Газопроводы
Сельское хозя…
Непромышлен…
Государственн…
Население иприравненныегруппыпотребителей
Территориальн…
Отклонения по ПАО Россети на 2023 год
2.5% 2.5%
5.9% 5.9%
1.9% 1.9%
219.1% 219.1%
11.7% 11.7%
1.9% 1.9%
13.1% 13.1%
3.5% 3.5%
-8.7% -8.7%
0.2% 0.2%
-1.6% -1.6%
1.8% 1.8%
⬤ Отклонение, %
Интер РАО (для ФСК)
Промышленные потребители
Транспорт
Нефтедобыча
Нефтепереработка
Нефтепроводы
Газопроводы
Сельское хозяйство и пищевая про…
Непромышленные потребители
Государственные (муниципальные)…
Население и приравненные группы…
Территориальные сетевые организ…
Выручка отклонения по ПАО Россети на 2023 год
⬤ Отклонение, %
Интер РАО (для ФСК)
Промышленные потребители
Транспорт
Нефтедобыча
Нефтепереработка
Нефтепроводы
Газопроводы
Сельское хозяйство и пищевая про…
Непромышленные потребители
Государственные (муниципальные)…
Население и приравненные группы…
Территориальные сетевые организ…
абс.
%
Прогноз на месяц 
Ноябрь
КПО/Отпуск из сети 
Отпуск из сети, млн. кВт.ч
Организация 
Все
Прогноз электропотребления и выручки за услуги по передаче в разрезе отраслей'

18-10-2024T06:19:19 - [TEST_STEP][PASSED] - b3 = b3.replaceAll("[^0-9]", ""): null

18-10-2024T06:19:19 - [TEST_STEP][PASSED] - println("b3:" + b3): null

18-10-2024T06:19:19 - [TEST_STEP][PASSED] - click(findTestObject("Прогноз по отраслям/Фильтр Сравнение с Стресс")): Object: 'Object Repository/Прогноз по отраслям/Фильтр Сравнение с Стресс' is clicked on

18-10-2024T06:19:19 - [MESSAGE][PASSED] - Object: 'Object Repository/Прогноз по отраслям/Фильтр Сравнение с Стресс' is clicked on

18-10-2024T06:19:19 - [TEST_STEP][PASSED] - click(findTestObject("Прогноз по отраслям/Факт прошлого года Стресс")): Object: 'Object Repository/Прогноз по отраслям/Факт прошлого года Стресс' is clicked on

18-10-2024T06:19:20 - [MESSAGE][PASSED] - Object: 'Object Repository/Прогноз по отраслям/Факт прошлого года Стресс' is clicked on

18-10-2024T06:19:20 - [TEST_STEP][PASSED] - click(findTestObject("Прогноз по отраслям/Фильтр КПО-Отпуск Стресс")): Object: 'Object Repository/Прогноз по отраслям/Фильтр КПО-Отпуск Стресс' is clicked on

18-10-2024T06:19:23 - [MESSAGE][PASSED] - Object: 'Object Repository/Прогноз по отраслям/Фильтр КПО-Отпуск Стресс' is clicked on

18-10-2024T06:19:23 - [TEST_STEP][PASSED] - click(findTestObject("Прогноз по отраслям/КПО Стресс")): Object: 'Object Repository/Прогноз по отраслям/КПО Стресс' is clicked on

18-10-2024T06:19:24 - [MESSAGE][PASSED] - Object: 'Object Repository/Прогноз по отраслям/КПО Стресс' is clicked on

18-10-2024T06:19:24 - [TEST_STEP][PASSED] - delay(25): Delayed 25 second(s)

18-10-2024T06:19:49 - [MESSAGE][PASSED] - Delayed 25 second(s)

18-10-2024T06:19:49 - [TEST_STEP][PASSED] - b4 = getText(findTestObject("Прогноз по отраслям/Виджеты дашборда")): Text of object 'Object Repository/Прогноз по отраслям/Виджеты дашборда' is: 'Год 
2023 год
Сравнение с 
Факт прошлого года
Динамика электропотребления, млрд. кВт.ч., по ПАО Россети на 2023 год
0 0
120 120
38 38
41 41
8 8
10 10
0 0
19 19
77 77
25 25
122 122
61 61
0 0
120 120
39 39
39 39
8 8
8 8
1 1
20 20
78 78
26 26
121 121
60 60
Факт прошлого года
Ожидаемое (прогноз до конца года)
Интер РАО(для ФСК)
Промышленныепотребители
Транспорт
Нефтедобыча
Нефтеперераб…
Нефтепроводы
Газопроводы
Сельское хозя…
Непромышлен…
Государственн…
Население иприравненныегруппыпотребителей
Территориальн…
Выручка, млрд. руб, по ПАО Россети на 2023 год
5 5
285 285
72 72
72 72
18 18
22 22
0 0
50 50
201 201
61 61
190 190
227 227
6 6
331 331
82 82
77 77
20 20
20 20
3 3
57 57
220 220
68 68
214 214
258 258
Факт прошлого года
Ожидаемое (прогноз до конца года)
Интер РАО(для ФСК)
Промышленныепотребители
Транспорт
Нефтедобыча
Нефтеперераб…
Нефтепроводы
Газопроводы
Сельское хозя…
Непромышлен…
Государственн…
Население иприравненныегруппыпотребителей
Территориальн…
Отклонения по ПАО Россети на 2023 год
0.5% 0.5%
0.9% 0.9%
-5.9% -5.9%
3.1% 3.1%
-17.9% -17.9%
578.4% 578.4%
2.3% 2.3%
1.8% 1.8%
2.1% 2.1%
-0.9% -0.9%
-0.2% -0.2%
⬤ Отклонение, %
Интер РАО (для ФСК)
Промышленные потребители
Транспорт
Нефтедобыча
Нефтепереработка
Нефтепроводы
Газопроводы
Сельское хозяйство и пищевая про…
Непромышленные потребители
Государственные (муниципальные)…
Население и приравненные группы…
Территориальные сетевые организ…
Выручка отклонения по ПАО Россети на 2023 год
7.7% 7.7%
16.0% 16.0%
13.2% 13.2%
6.7% 6.7%
13.3% 13.3%
-7.7% -7.7%
1 331.5% 1 331.5%
14.2% 14.2%
9.9% 9.9%
12.0% 12.0%
12.4% 12.4%
13.7% 13.7%
⬤ Отклонение, %
Интер РАО (для ФСК)
Промышленные потребители
Транспорт
Нефтедобыча
Нефтепереработка
Нефтепроводы
Газопроводы
Сельское хозяйство и пищевая про…
Непромышленные потребители
Государственные (муниципальные)…
Население и приравненные группы…
Территориальные сетевые организ…
абс.
%
Прогноз на месяц 
Ноябрь
КПО/Отпуск из сети 
Котловой полезный отпуск, млн. кВт.ч
Организация 
Все
Прогноз электропотребления и выручки за услуги по передаче в разрезе отраслей'

18-10-2024T06:19:50 - [MESSAGE][PASSED] - Text of object 'Object Repository/Прогноз по отраслям/Виджеты дашборда' is: 'Год 
2023 год
Сравнение с 
Факт прошлого года
Динамика электропотребления, млрд. кВт.ч., по ПАО Россети на 2023 год
0 0
120 120
38 38
41 41
8 8
10 10
0 0
19 19
77 77
25 25
122 122
61 61
0 0
120 120
39 39
39 39
8 8
8 8
1 1
20 20
78 78
26 26
121 121
60 60
Факт прошлого года
Ожидаемое (прогноз до конца года)
Интер РАО(для ФСК)
Промышленныепотребители
Транспорт
Нефтедобыча
Нефтеперераб…
Нефтепроводы
Газопроводы
Сельское хозя…
Непромышлен…
Государственн…
Население иприравненныегруппыпотребителей
Территориальн…
Выручка, млрд. руб, по ПАО Россети на 2023 год
5 5
285 285
72 72
72 72
18 18
22 22
0 0
50 50
201 201
61 61
190 190
227 227
6 6
331 331
82 82
77 77
20 20
20 20
3 3
57 57
220 220
68 68
214 214
258 258
Факт прошлого года
Ожидаемое (прогноз до конца года)
Интер РАО(для ФСК)
Промышленныепотребители
Транспорт
Нефтедобыча
Нефтеперераб…
Нефтепроводы
Газопроводы
Сельское хозя…
Непромышлен…
Государственн…
Население иприравненныегруппыпотребителей
Территориальн…
Отклонения по ПАО Россети на 2023 год
0.5% 0.5%
0.9% 0.9%
-5.9% -5.9%
3.1% 3.1%
-17.9% -17.9%
578.4% 578.4%
2.3% 2.3%
1.8% 1.8%
2.1% 2.1%
-0.9% -0.9%
-0.2% -0.2%
⬤ Отклонение, %
Интер РАО (для ФСК)
Промышленные потребители
Транспорт
Нефтедобыча
Нефтепереработка
Нефтепроводы
Газопроводы
Сельское хозяйство и пищевая про…
Непромышленные потребители
Государственные (муниципальные)…
Население и приравненные группы…
Территориальные сетевые организ…
Выручка отклонения по ПАО Россети на 2023 год
7.7% 7.7%
16.0% 16.0%
13.2% 13.2%
6.7% 6.7%
13.3% 13.3%
-7.7% -7.7%
1 331.5% 1 331.5%
14.2% 14.2%
9.9% 9.9%
12.0% 12.0%
12.4% 12.4%
13.7% 13.7%
⬤ Отклонение, %
Интер РАО (для ФСК)
Промышленные потребители
Транспорт
Нефтедобыча
Нефтепереработка
Нефтепроводы
Газопроводы
Сельское хозяйство и пищевая про…
Непромышленные потребители
Государственные (муниципальные)…
Население и приравненные группы…
Территориальные сетевые организ…
абс.
%
Прогноз на месяц 
Ноябрь
КПО/Отпуск из сети 
Котловой полезный отпуск, млн. кВт.ч
Организация 
Все
Прогноз электропотребления и выручки за услуги по передаче в разрезе отраслей'

18-10-2024T06:19:50 - [TEST_STEP][PASSED] - b4 = b4.replaceAll("[^0-9]", ""): null

18-10-2024T06:19:50 - [TEST_STEP][PASSED] - println("b4:" + b4): null

18-10-2024T06:19:50 - [TEST_STEP][PASSED] - click(findTestObject("Прогноз по отраслям/Фильтр Сравнение с Стресс")): Object: 'Object Repository/Прогноз по отраслям/Фильтр Сравнение с Стресс' is clicked on

18-10-2024T06:19:50 - [MESSAGE][PASSED] - Object: 'Object Repository/Прогноз по отраслям/Фильтр Сравнение с Стресс' is clicked on

18-10-2024T06:19:50 - [TEST_STEP][PASSED] - click(findTestObject("Прогноз по отраслям/План Стресс")): Object: 'Object Repository/Прогноз по отраслям/План Стресс' is clicked on

18-10-2024T06:19:51 - [MESSAGE][PASSED] - Object: 'Object Repository/Прогноз по отраслям/План Стресс' is clicked on

18-10-2024T06:19:51 - [TEST_STEP][PASSED] - delay(25): Delayed 25 second(s)

18-10-2024T06:20:16 - [MESSAGE][PASSED] - Delayed 25 second(s)

18-10-2024T06:20:16 - [TEST_STEP][PASSED] - b5 = getText(findTestObject("Прогноз по отраслям/Виджеты дашборда")): Text of object 'Object Repository/Прогноз по отраслям/Виджеты дашборда' is: 'Год 
2023 год
Сравнение с 
План
Динамика электропотребления, млрд. кВт.ч., по ПАО Россети на 2023 год
0 0
119 119
37 37
7 7
7 7
8 8
1 1
19 19
75 75
25 25
123 123
55 55
0 0
120 120
39 39
39 39
8 8
8 8
1 1
20 20
78 78
26 26
121 121
60 60
План
Ожидаемое (прогноз до конца года)
Интер РАО(для ФСК)
Промышленныепотребители
Транспорт
Нефтедобыча
Нефтеперераб…
Нефтепроводы
Газопроводы
Сельское хозя…
Непромышлен…
Государственн…
Население иприравненныегруппыпотребителей
Территориальн…
Выручка, млрд. руб, по ПАО Россети на 2023 год
5 5
319 319
81 81
16 16
16 16
20 20
2 2
56 56
215 215
67 67
218 218
239 239
6 6
331 331
82 82
77 77
20 20
20 20
3 3
57 57
220 220
68 68
214 214
258 258
План
Ожидаемое (прогноз до конца года)
Интер РАО(для ФСК)
Промышленныепотребители
Транспорт
Нефтедобыча
Нефтеперераб…
Нефтепроводы
Газопроводы
Сельское хозя…
Непромышлен…
Государственн…
Население иприравненныегруппыпотребителей
Территориальн…
Отклонения по ПАО Россети на 2023 год
1.2% 1.2%
3.2% 3.2%
492.1% 492.1%
18.1% 18.1%
4.4% 4.4%
11.9% 11.9%
1.2% 1.2%
4.1% 4.1%
2.4% 2.4%
-1.4% -1.4%
9.7% 9.7%
⬤ Отклонение, %
Интер РАО (для ФСК)
Промышленные потребители
Транспорт
Нефтедобыча
Нефтепереработка
Нефтепроводы
Газопроводы
Сельское хозяйство и пищевая про…
Непромышленные потребители
Государственные (муниципальные)…
Население и приравненные группы…
Территориальные сетевые организ…
Выручка отклонения по ПАО Россети на 2023 год
15.6% 15.6%
3.8% 3.8%
1.2% 1.2%
398.2% 398.2%
26.9% 26.9%
-0.6% -0.6%
26.9% 26.9%
1.5% 1.5%
2.7% 2.7%
2.0% 2.0%
-2.0% -2.0%
7.9% 7.9%
⬤ Отклонение, %
Интер РАО (для ФСК)
Промышленные потребители
Транспорт
Нефтедобыча
Нефтепереработка
Нефтепроводы
Газопроводы
Сельское хозяйство и пищевая про…
Непромышленные потребители
Государственные (муниципальные)…
Население и приравненные группы…
Территориальные сетевые организ…
абс.
%
Прогноз на месяц 
Ноябрь
КПО/Отпуск из сети 
Котловой полезный отпуск, млн. кВт.ч
Организация 
Все
Прогноз электропотребления и выручки за услуги по передаче в разрезе отраслей'

18-10-2024T06:20:17 - [MESSAGE][PASSED] - Text of object 'Object Repository/Прогноз по отраслям/Виджеты дашборда' is: 'Год 
2023 год
Сравнение с 
План
Динамика электропотребления, млрд. кВт.ч., по ПАО Россети на 2023 год
0 0
119 119
37 37
7 7
7 7
8 8
1 1
19 19
75 75
25 25
123 123
55 55
0 0
120 120
39 39
39 39
8 8
8 8
1 1
20 20
78 78
26 26
121 121
60 60
План
Ожидаемое (прогноз до конца года)
Интер РАО(для ФСК)
Промышленныепотребители
Транспорт
Нефтедобыча
Нефтеперераб…
Нефтепроводы
Газопроводы
Сельское хозя…
Непромышлен…
Государственн…
Население иприравненныегруппыпотребителей
Территориальн…
Выручка, млрд. руб, по ПАО Россети на 2023 год
5 5
319 319
81 81
16 16
16 16
20 20
2 2
56 56
215 215
67 67
218 218
239 239
6 6
331 331
82 82
77 77
20 20
20 20
3 3
57 57
220 220
68 68
214 214
258 258
План
Ожидаемое (прогноз до конца года)
Интер РАО(для ФСК)
Промышленныепотребители
Транспорт
Нефтедобыча
Нефтеперераб…
Нефтепроводы
Газопроводы
Сельское хозя…
Непромышлен…
Государственн…
Население иприравненныегруппыпотребителей
Территориальн…
Отклонения по ПАО Россети на 2023 год
1.2% 1.2%
3.2% 3.2%
492.1% 492.1%
18.1% 18.1%
4.4% 4.4%
11.9% 11.9%
1.2% 1.2%
4.1% 4.1%
2.4% 2.4%
-1.4% -1.4%
9.7% 9.7%
⬤ Отклонение, %
Интер РАО (для ФСК)
Промышленные потребители
Транспорт
Нефтедобыча
Нефтепереработка
Нефтепроводы
Газопроводы
Сельское хозяйство и пищевая про…
Непромышленные потребители
Государственные (муниципальные)…
Население и приравненные группы…
Территориальные сетевые организ…
Выручка отклонения по ПАО Россети на 2023 год
15.6% 15.6%
3.8% 3.8%
1.2% 1.2%
398.2% 398.2%
26.9% 26.9%
-0.6% -0.6%
26.9% 26.9%
1.5% 1.5%
2.7% 2.7%
2.0% 2.0%
-2.0% -2.0%
7.9% 7.9%
⬤ Отклонение, %
Интер РАО (для ФСК)
Промышленные потребители
Транспорт
Нефтедобыча
Нефтепереработка
Нефтепроводы
Газопроводы
Сельское хозяйство и пищевая про…
Непромышленные потребители
Государственные (муниципальные)…
Население и приравненные группы…
Территориальные сетевые организ…
абс.
%
Прогноз на месяц 
Ноябрь
КПО/Отпуск из сети 
Котловой полезный отпуск, млн. кВт.ч
Организация 
Все
Прогноз электропотребления и выручки за услуги по передаче в разрезе отраслей'

18-10-2024T06:20:17 - [TEST_STEP][PASSED] - println("b5:" + b5): null

18-10-2024T06:20:17 - [TEST_STEP][PASSED] - b5 = b5.replaceAll("[^0-9]", ""): null

18-10-2024T06:20:17 - [TEST_STEP][PASSED] - println("b5:" + b5): null

18-10-2024T06:20:17 - [TEST_STEP][PASSED] - click(findTestObject("Прогноз по отраслям/Фильтр Сравнение с Стресс")): Object: 'Object Repository/Прогноз по отраслям/Фильтр Сравнение с Стресс' is clicked on

18-10-2024T06:20:17 - [MESSAGE][PASSED] - Object: 'Object Repository/Прогноз по отраслям/Фильтр Сравнение с Стресс' is clicked on

18-10-2024T06:20:17 - [TEST_STEP][PASSED] - click(findTestObject("Прогноз по отраслям/План СУ Стресс")): Object: 'Object Repository/Прогноз по отраслям/План СУ Стресс' is clicked on

18-10-2024T06:20:19 - [MESSAGE][PASSED] - Object: 'Object Repository/Прогноз по отраслям/План СУ Стресс' is clicked on

18-10-2024T06:20:19 - [TEST_STEP][PASSED] - delay(25): Delayed 25 second(s)

18-10-2024T06:20:44 - [MESSAGE][PASSED] - Delayed 25 second(s)

18-10-2024T06:20:44 - [TEST_STEP][PASSED] - b6 = getText(findTestObject("Прогноз по отраслям/Виджеты дашборда")): Text of object 'Object Repository/Прогноз по отраслям/Виджеты дашборда' is: 'Год 
2023 год
Сравнение с 
План/СУ
Динамика электропотребления, млрд. кВт.ч., по ПАО Россети на 2023 год
0 0
0 0
0 0
0 0
0 0
0 0
0 0
0 0
0 0
0 0
0 0
0 0
0 0
120 120
39 39
39 39
8 8
8 8
1 1
20 20
78 78
26 26
121 121
60 60
СУ
Ожидаемое (прогноз до конца года)
Интер РАО(для ФСК)
Промышленныепотребители
Транспорт
Нефтедобыча
Нефтеперераб…
Нефтепроводы
Газопроводы
Сельское хозя…
Непромышлен…
Государственн…
Население иприравненныегруппыпотребителей
Территориальн…
Выручка, млрд. руб, по ПАО Россети на 2023 год
6 6
331 331
82 82
77 77
20 20
20 20
3 3
57 57
220 220
68 68
214 214
258 258
Ожидаемое (прогноз до конца года)
Интер РАО(для ФСК)
Промышленныепотребители
Транспорт
Нефтедобыча
Нефтеперераб…
Нефтепроводы
Газопроводы
Сельское хозя…
Непромышлен…
Государственн…
Население иприравненныегруппыпотребителей
Территориальн…
Отклонения по ПАО Россети на 2023 год
⬤ Отклонение, %
Интер РАО (для ФСК)
Промышленные потребители
Транспорт
Нефтедобыча
Нефтепереработка
Нефтепроводы
Газопроводы
Сельское хозяйство и пищевая про…
Непромышленные потребители
Государственные (муниципальные)…
Население и приравненные группы…
Территориальные сетевые организ…
Выручка отклонения по ПАО Россети на 2023 год
⬤ Отклонение, %
Интер РАО (для ФСК)
Промышленные потребители
Транспорт
Нефтедобыча
Нефтепереработка
Нефтепроводы
Газопроводы
Сельское хозяйство и пищевая про…
Непромышленные потребители
Государственные (муниципальные)…
Население и приравненные группы…
Территориальные сетевые организ…
абс.
%
Прогноз на месяц 
Ноябрь
КПО/Отпуск из сети 
Котловой полезный отпуск, млн. кВт.ч
Организация 
Все
Прогноз электропотребления и выручки за услуги по передаче в разрезе отраслей'

18-10-2024T06:20:44 - [MESSAGE][PASSED] - Text of object 'Object Repository/Прогноз по отраслям/Виджеты дашборда' is: 'Год 
2023 год
Сравнение с 
План/СУ
Динамика электропотребления, млрд. кВт.ч., по ПАО Россети на 2023 год
0 0
0 0
0 0
0 0
0 0
0 0
0 0
0 0
0 0
0 0
0 0
0 0
0 0
120 120
39 39
39 39
8 8
8 8
1 1
20 20
78 78
26 26
121 121
60 60
СУ
Ожидаемое (прогноз до конца года)
Интер РАО(для ФСК)
Промышленныепотребители
Транспорт
Нефтедобыча
Нефтеперераб…
Нефтепроводы
Газопроводы
Сельское хозя…
Непромышлен…
Государственн…
Население иприравненныегруппыпотребителей
Территориальн…
Выручка, млрд. руб, по ПАО Россети на 2023 год
6 6
331 331
82 82
77 77
20 20
20 20
3 3
57 57
220 220
68 68
214 214
258 258
Ожидаемое (прогноз до конца года)
Интер РАО(для ФСК)
Промышленныепотребители
Транспорт
Нефтедобыча
Нефтеперераб…
Нефтепроводы
Газопроводы
Сельское хозя…
Непромышлен…
Государственн…
Население иприравненныегруппыпотребителей
Территориальн…
Отклонения по ПАО Россети на 2023 год
⬤ Отклонение, %
Интер РАО (для ФСК)
Промышленные потребители
Транспорт
Нефтедобыча
Нефтепереработка
Нефтепроводы
Газопроводы
Сельское хозяйство и пищевая про…
Непромышленные потребители
Государственные (муниципальные)…
Население и приравненные группы…
Территориальные сетевые организ…
Выручка отклонения по ПАО Россети на 2023 год
⬤ Отклонение, %
Интер РАО (для ФСК)
Промышленные потребители
Транспорт
Нефтедобыча
Нефтепереработка
Нефтепроводы
Газопроводы
Сельское хозяйство и пищевая про…
Непромышленные потребители
Государственные (муниципальные)…
Население и приравненные группы…
Территориальные сетевые организ…
абс.
%
Прогноз на месяц 
Ноябрь
КПО/Отпуск из сети 
Котловой полезный отпуск, млн. кВт.ч
Организация 
Все
Прогноз электропотребления и выручки за услуги по передаче в разрезе отраслей'

18-10-2024T06:20:44 - [TEST_STEP][PASSED] - b6 = b6.replaceAll("[^0-9]", ""): null

18-10-2024T06:20:44 - [TEST_STEP][PASSED] - println("b6:" + b6): null

18-10-2024T06:20:44 - [TEST_STEP][PASSED] - click(findTestObject("Прогноз по отраслям/Переключить отображение с процентов на абс Стресс-сценарий")): Object: 'Object Repository/Прогноз по отраслям/Переключить отображение с процентов на абс Стресс-сценарий' is clicked on

18-10-2024T06:20:45 - [MESSAGE][PASSED] - Object: 'Object Repository/Прогноз по отраслям/Переключить отображение с процентов на абс Стресс-сценарий' is clicked on

18-10-2024T06:20:45 - [TEST_STEP][PASSED] - click(findTestObject("Прогноз по отраслям/Фильтр Сравнение с Стресс")): Object: 'Object Repository/Прогноз по отраслям/Фильтр Сравнение с Стресс' is clicked on

18-10-2024T06:20:45 - [MESSAGE][PASSED] - Object: 'Object Repository/Прогноз по отраслям/Фильтр Сравнение с Стресс' is clicked on

18-10-2024T06:20:45 - [TEST_STEP][PASSED] - click(findTestObject("Прогноз по отраслям/Факт прошлого года Стресс")): Object: 'Object Repository/Прогноз по отраслям/Факт прошлого года Стресс' is clicked on

18-10-2024T06:20:46 - [MESSAGE][PASSED] - Object: 'Object Repository/Прогноз по отраслям/Факт прошлого года Стресс' is clicked on

18-10-2024T06:20:46 - [TEST_STEP][PASSED] - click(findTestObject("Прогноз по отраслям/Фильтр КПО-Отпуск Стресс")): Object: 'Object Repository/Прогноз по отраслям/Фильтр КПО-Отпуск Стресс' is clicked on

18-10-2024T06:20:48 - [MESSAGE][PASSED] - Object: 'Object Repository/Прогноз по отраслям/Фильтр КПО-Отпуск Стресс' is clicked on

18-10-2024T06:20:48 - [TEST_STEP][PASSED] - click(findTestObject("Прогноз по отраслям/Отпуск Стресс")): Object: 'Object Repository/Прогноз по отраслям/Отпуск Стресс' is clicked on

18-10-2024T06:20:50 - [MESSAGE][PASSED] - Object: 'Object Repository/Прогноз по отраслям/Отпуск Стресс' is clicked on

18-10-2024T06:20:50 - [TEST_STEP][PASSED] - delay(25): Delayed 25 second(s)

18-10-2024T06:21:15 - [MESSAGE][PASSED] - Delayed 25 second(s)

18-10-2024T06:21:15 - [TEST_STEP][PASSED] - b7 = getText(findTestObject("Прогноз по отраслям/Виджеты дашборда")): Text of object 'Object Repository/Прогноз по отраслям/Виджеты дашборда' is: 'Год 
2023 год
Сравнение с 
Факт прошлого года
Отклонения по ПАО Россети на 2023 год
-2 263.5 -2 263.5
11 054.6 11 054.6
1 280.2 1 280.2
-1 947.5 -1 947.5
90.9 90.9
-3 845.0 -3 845.0
4 162.1 4 162.1
651.7 651.7
-4 727.7 -4 727.7
256.5 256.5
-723.9 -723.9
4 292.3 4 292.3
⬤ Отклонение, млн. кВт.ч
Интер РАО (для ФСК)
Промышленные потребители
Транспорт
Нефтедобыча
Нефтепереработка
Нефтепроводы
Газопроводы
Сельское хозяйство и пищевая про…
Непромышленные потребители
Государственные (муниципальные…
Население и приравненные группы…
Территориальные сетевые организ…
Выручка отклонения по ПАО Россети на 2023 год
421.3 421.3
45 574.9 45 574.9
9 547.5 9 547.5
4 889.3 4 889.3
2 337.4 2 337.4
-1 682.6 -1 682.6
2 919.4 2 919.4
7 110.2 7 110.2
19 840.8 19 840.8
7 289.5 7 289.5
23 664.8 23 664.8
31 028.3 31 028.3
⬤ Отклонение, млн. руб
Интер РАО (для ФСК)
Промышленные потребители
Транспорт
Нефтедобыча
Нефтепереработка
Нефтепроводы
Газопроводы
Сельское хозяйство и пищевая про…
Непромышленные потребители
Государственные (муниципальные…
Население и приравненные группы…
Территориальные сетевые организ…
Динамика электропотребления, млрд. кВт.ч., по ПАО Россети на 2023 год
12 12
186 186
36 36
50 50
10 10
19 19
0 0
17 17
85 85
19 19
82 82
604 604
10 10
197 197
37 37
48 48
10 10
15 15
4 4
18 18
80 80
19 19
82 82
608 608
Факт прошлого года
Ожидаемое (прогноз до конца года)
Интер РАО(для ФСК)
Промышленныепотребители
Транспорт
Нефтедобыча
Нефтеперераб…
Нефтепроводы
Газопроводы
Сельское хозя…
Непромышлен…
Государственн…
Население иприравненныегруппыпотребителей
Территориальн…
Выручка, млрд. руб, по ПАО Россети на 2023 год
5 5
285 285
72 72
72 72
18 18
22 22
0 0
50 50
201 201
61 61
190 190
227 227
6 6
331 331
82 82
77 77
20 20
20 20
3 3
57 57
220 220
68 68
214 214
258 258
Факт прошлого года
Ожидаемое (прогноз до конца года)
Интер РАО(для ФСК)
Промышленныепотребители
Транспорт
Нефтедобыча
Нефтеперераб…
Нефтепроводы
Газопроводы
Сельское хозя…
Непромышлен…
Государственн…
Население иприравненныегруппыпотребителей
Территориальн…
абс.
%
Прогноз на месяц 
Ноябрь
КПО/Отпуск из сети 
Отпуск из сети, млн. кВт.ч
Организация 
Все
Прогноз электропотребления и выручки за услуги по передаче в разрезе отраслей'

18-10-2024T06:21:15 - [MESSAGE][PASSED] - Text of object 'Object Repository/Прогноз по отраслям/Виджеты дашборда' is: 'Год 
2023 год
Сравнение с 
Факт прошлого года
Отклонения по ПАО Россети на 2023 год
-2 263.5 -2 263.5
11 054.6 11 054.6
1 280.2 1 280.2
-1 947.5 -1 947.5
90.9 90.9
-3 845.0 -3 845.0
4 162.1 4 162.1
651.7 651.7
-4 727.7 -4 727.7
256.5 256.5
-723.9 -723.9
4 292.3 4 292.3
⬤ Отклонение, млн. кВт.ч
Интер РАО (для ФСК)
Промышленные потребители
Транспорт
Нефтедобыча
Нефтепереработка
Нефтепроводы
Газопроводы
Сельское хозяйство и пищевая про…
Непромышленные потребители
Государственные (муниципальные…
Население и приравненные группы…
Территориальные сетевые организ…
Выручка отклонения по ПАО Россети на 2023 год
421.3 421.3
45 574.9 45 574.9
9 547.5 9 547.5
4 889.3 4 889.3
2 337.4 2 337.4
-1 682.6 -1 682.6
2 919.4 2 919.4
7 110.2 7 110.2
19 840.8 19 840.8
7 289.5 7 289.5
23 664.8 23 664.8
31 028.3 31 028.3
⬤ Отклонение, млн. руб
Интер РАО (для ФСК)
Промышленные потребители
Транспорт
Нефтедобыча
Нефтепереработка
Нефтепроводы
Газопроводы
Сельское хозяйство и пищевая про…
Непромышленные потребители
Государственные (муниципальные…
Население и приравненные группы…
Территориальные сетевые организ…
Динамика электропотребления, млрд. кВт.ч., по ПАО Россети на 2023 год
12 12
186 186
36 36
50 50
10 10
19 19
0 0
17 17
85 85
19 19
82 82
604 604
10 10
197 197
37 37
48 48
10 10
15 15
4 4
18 18
80 80
19 19
82 82
608 608
Факт прошлого года
Ожидаемое (прогноз до конца года)
Интер РАО(для ФСК)
Промышленныепотребители
Транспорт
Нефтедобыча
Нефтеперераб…
Нефтепроводы
Газопроводы
Сельское хозя…
Непромышлен…
Государственн…
Население иприравненныегруппыпотребителей
Территориальн…
Выручка, млрд. руб, по ПАО Россети на 2023 год
5 5
285 285
72 72
72 72
18 18
22 22
0 0
50 50
201 201
61 61
190 190
227 227
6 6
331 331
82 82
77 77
20 20
20 20
3 3
57 57
220 220
68 68
214 214
258 258
Факт прошлого года
Ожидаемое (прогноз до конца года)
Интер РАО(для ФСК)
Промышленныепотребители
Транспорт
Нефтедобыча
Нефтеперераб…
Нефтепроводы
Газопроводы
Сельское хозя…
Непромышлен…
Государственн…
Население иприравненныегруппыпотребителей
Территориальн…
абс.
%
Прогноз на месяц 
Ноябрь
КПО/Отпуск из сети 
Отпуск из сети, млн. кВт.ч
Организация 
Все
Прогноз электропотребления и выручки за услуги по передаче в разрезе отраслей'

18-10-2024T06:21:15 - [TEST_STEP][PASSED] - b7 = b7.replaceAll("[^0-9]", ""): null

18-10-2024T06:21:15 - [TEST_STEP][PASSED] - println("b7:" + b7): null

18-10-2024T06:21:15 - [TEST_STEP][PASSED] - click(findTestObject("Прогноз по отраслям/Фильтр Сравнение с Стресс")): Object: 'Object Repository/Прогноз по отраслям/Фильтр Сравнение с Стресс' is clicked on

18-10-2024T06:21:16 - [MESSAGE][PASSED] - Object: 'Object Repository/Прогноз по отраслям/Фильтр Сравнение с Стресс' is clicked on

18-10-2024T06:21:16 - [TEST_STEP][PASSED] - click(findTestObject("Прогноз по отраслям/План Стресс")): Object: 'Object Repository/Прогноз по отраслям/План Стресс' is clicked on

18-10-2024T06:21:17 - [MESSAGE][PASSED] - Object: 'Object Repository/Прогноз по отраслям/План Стресс' is clicked on

18-10-2024T06:21:17 - [TEST_STEP][PASSED] - delay(25): Delayed 25 second(s)

18-10-2024T06:21:42 - [MESSAGE][PASSED] - Delayed 25 second(s)

18-10-2024T06:21:42 - [TEST_STEP][PASSED] - b8 = getText(findTestObject("Прогноз по отраслям/Виджеты дашборда")): Text of object 'Object Repository/Прогноз по отраслям/Виджеты дашборда' is: 'Год 
2023 год
Сравнение с 
План
Отклонения по ПАО Россети на 2023 год
-492.2 -492.2
7 165.1 7 165.1
689.3 689.3
33 271.7 33 271.7
986.4 986.4
593.8 593.8
764.0 764.0
670.4 670.4
-592.4 -592.4
308.8 308.8
-940.9 -940.9
19 604.1 19 604.1
⬤ Отклонение, млн. кВт.ч
Интер РАО (для ФСК)
Промышленные потребители
Транспорт
Нефтедобыча
Нефтепереработка
Нефтепроводы
Газопроводы
Сельское хозяйство и пищевая про…
Непромышленные потребители
Государственные (муниципальные…
Население и приравненные группы…
Территориальные сетевые организ…
Выручка отклонения по ПАО Россети на 2023 год
794.9 794.9
12 195.0 12 195.0
972.7 972.7
61 803.9 61 803.9
4 222.3 4 222.3
-121.8 -121.8
666.2 666.2
873.2 873.2
5 809.6 5 809.6
1 342.6 1 342.6
-4 463.2 -4 463.2
18 375.5 18 375.5
⬤ Отклонение, млн. руб
Интер РАО (для ФСК)
Промышленные потребители
Транспорт
Нефтедобыча
Нефтепереработка
Нефтепроводы
Газопроводы
Сельское хозяйство и пищевая про…
Непромышленные потребители
Государственные (муниципальные…
Население и приравненные группы…
Территориальные сетевые организ…
Динамика электропотребления, млрд. кВт.ч., по ПАО Россети на 2023 год
10 10
190 190
36 36
14 14
9 9
14 14
4 4
17 17
80 80
19 19
82 82
588 588
10 10
197 197
37 37
48 48
10 10
15 15
4 4
18 18
80 80
19 19
82 82
608 608
План
Ожидаемое (прогноз до конца года)
Интер РАО(для ФСК)
Промышленныепотребители
Транспорт
Нефтедобыча
Нефтеперераб…
Нефтепроводы
Газопроводы
Сельское хозя…
Непромышлен…
Государственн…
Население иприравненныегруппыпотребителей
Территориальн…
Выручка, млрд. руб, по ПАО Россети на 2023 год
5 5
319 319
81 81
16 16
16 16
20 20
2 2
56 56
215 215
67 67
218 218
239 239
6 6
331 331
82 82
77 77
20 20
20 20
3 3
57 57
220 220
68 68
214 214
258 258
План
Ожидаемое (прогноз до конца года)
Интер РАО(для ФСК)
Промышленныепотребители
Транспорт
Нефтедобыча
Нефтеперераб…
Нефтепроводы
Газопроводы
Сельское хозя…
Непромышлен…
Государственн…
Население иприравненныегруппыпотребителей
Территориальн…
абс.
%
Прогноз на месяц 
Ноябрь
КПО/Отпуск из сети 
Отпуск из сети, млн. кВт.ч
Организация 
Все
Прогноз электропотребления и выручки за услуги по передаче в разрезе отраслей'

18-10-2024T06:21:43 - [MESSAGE][PASSED] - Text of object 'Object Repository/Прогноз по отраслям/Виджеты дашборда' is: 'Год 
2023 год
Сравнение с 
План
Отклонения по ПАО Россети на 2023 год
-492.2 -492.2
7 165.1 7 165.1
689.3 689.3
33 271.7 33 271.7
986.4 986.4
593.8 593.8
764.0 764.0
670.4 670.4
-592.4 -592.4
308.8 308.8
-940.9 -940.9
19 604.1 19 604.1
⬤ Отклонение, млн. кВт.ч
Интер РАО (для ФСК)
Промышленные потребители
Транспорт
Нефтедобыча
Нефтепереработка
Нефтепроводы
Газопроводы
Сельское хозяйство и пищевая про…
Непромышленные потребители
Государственные (муниципальные…
Население и приравненные группы…
Территориальные сетевые организ…
Выручка отклонения по ПАО Россети на 2023 год
794.9 794.9
12 195.0 12 195.0
972.7 972.7
61 803.9 61 803.9
4 222.3 4 222.3
-121.8 -121.8
666.2 666.2
873.2 873.2
5 809.6 5 809.6
1 342.6 1 342.6
-4 463.2 -4 463.2
18 375.5 18 375.5
⬤ Отклонение, млн. руб
Интер РАО (для ФСК)
Промышленные потребители
Транспорт
Нефтедобыча
Нефтепереработка
Нефтепроводы
Газопроводы
Сельское хозяйство и пищевая про…
Непромышленные потребители
Государственные (муниципальные…
Население и приравненные группы…
Территориальные сетевые организ…
Динамика электропотребления, млрд. кВт.ч., по ПАО Россети на 2023 год
10 10
190 190
36 36
14 14
9 9
14 14
4 4
17 17
80 80
19 19
82 82
588 588
10 10
197 197
37 37
48 48
10 10
15 15
4 4
18 18
80 80
19 19
82 82
608 608
План
Ожидаемое (прогноз до конца года)
Интер РАО(для ФСК)
Промышленныепотребители
Транспорт
Нефтедобыча
Нефтеперераб…
Нефтепроводы
Газопроводы
Сельское хозя…
Непромышлен…
Государственн…
Население иприравненныегруппыпотребителей
Территориальн…
Выручка, млрд. руб, по ПАО Россети на 2023 год
5 5
319 319
81 81
16 16
16 16
20 20
2 2
56 56
215 215
67 67
218 218
239 239
6 6
331 331
82 82
77 77
20 20
20 20
3 3
57 57
220 220
68 68
214 214
258 258
План
Ожидаемое (прогноз до конца года)
Интер РАО(для ФСК)
Промышленныепотребители
Транспорт
Нефтедобыча
Нефтеперераб…
Нефтепроводы
Газопроводы
Сельское хозя…
Непромышлен…
Государственн…
Население иприравненныегруппыпотребителей
Территориальн…
абс.
%
Прогноз на месяц 
Ноябрь
КПО/Отпуск из сети 
Отпуск из сети, млн. кВт.ч
Организация 
Все
Прогноз электропотребления и выручки за услуги по передаче в разрезе отраслей'

18-10-2024T06:21:43 - [TEST_STEP][PASSED] - b8 = b8.replaceAll("[^0-9]", ""): null

18-10-2024T06:21:43 - [TEST_STEP][PASSED] - println("b8:" + b8): null

18-10-2024T06:21:43 - [TEST_STEP][PASSED] - click(findTestObject("Прогноз по отраслям/Фильтр Сравнение с Стресс")): Object: 'Object Repository/Прогноз по отраслям/Фильтр Сравнение с Стресс' is clicked on

18-10-2024T06:21:43 - [MESSAGE][PASSED] - Object: 'Object Repository/Прогноз по отраслям/Фильтр Сравнение с Стресс' is clicked on

18-10-2024T06:21:43 - [TEST_STEP][PASSED] - click(findTestObject("Прогноз по отраслям/План СУ Стресс")): Object: 'Object Repository/Прогноз по отраслям/План СУ Стресс' is clicked on

18-10-2024T06:21:44 - [MESSAGE][PASSED] - Object: 'Object Repository/Прогноз по отраслям/План СУ Стресс' is clicked on

18-10-2024T06:21:44 - [TEST_STEP][PASSED] - delay(25): Delayed 25 second(s)

18-10-2024T06:22:09 - [MESSAGE][PASSED] - Delayed 25 second(s)

18-10-2024T06:22:09 - [TEST_STEP][PASSED] - b9 = getText(findTestObject("Прогноз по отраслям/Виджеты дашборда")): Text of object 'Object Repository/Прогноз по отраслям/Виджеты дашборда' is: 'Год 
2023 год
Сравнение с 
План/СУ
Отклонения по ПАО Россети на 2023 год
243.5 243.5
11 013.5 11 013.5
674.8 674.8
32 765.3 32 765.3
1 049.4 1 049.4
271.8 271.8
495.2 495.2
588.7 588.7
-7 607.7 -7 607.7
31.9 31.9
-1 318.1 -1 318.1
10 906.5 10 906.5
⬤ Отклонение, млн. кВт.ч
Интер РАО (для ФСК)
Промышленные потребители
Транспорт
Нефтедобыча
Нефтепереработка
Нефтепроводы
Газопроводы
Сельское хозяйство и пищевая про…
Непромышленные потребители
Государственные (муниципальные…
Население и приравненные группы…
Территориальные сетевые организ…
Выручка отклонения по ПАО Россети на 2023 год
⬤ Отклонение, млн. руб
Интер РАО (для ФСК)
Промышленные потребители
Транспорт
Нефтедобыча
Нефтепереработка
Нефтепроводы
Газопроводы
Сельское хозяйство и пищевая про…
Непромышленные потребители
Государственные (муниципальные…
Население и приравненные группы…
Территориальные сетевые организ…
Динамика электропотребления, млрд. кВт.ч., по ПАО Россети на 2023 год
10 10
186 186
36 36
15 15
9 9
14 14
4 4
17 17
88 88
19 19
83 83
597 597
10 10
197 197
37 37
48 48
10 10
15 15
4 4
18 18
80 80
19 19
82 82
608 608
СУ
Ожидаемое (прогноз до конца года)
Интер РАО(для ФСК)
Промышленныепотребители
Транспорт
Нефтедобыча
Нефтеперераб…
Нефтепроводы
Газопроводы
Сельское хозя…
Непромышлен…
Государственн…
Население иприравненныегруппыпотребителей
Территориальн…
Выручка, млрд. руб, по ПАО Россети на 2023 год
6 6
331 331
82 82
77 77
20 20
20 20
3 3
57 57
220 220
68 68
214 214
258 258
Ожидаемое (прогноз до конца года)
Интер РАО(для ФСК)
Промышленныепотребители
Транспорт
Нефтедобыча
Нефтеперераб…
Нефтепроводы
Газопроводы
Сельское хозя…
Непромышлен…
Государственн…
Население иприравненныегруппыпотребителей
Территориальн…
абс.
%
Прогноз на месяц 
Ноябрь
КПО/Отпуск из сети 
Отпуск из сети, млн. кВт.ч
Организация 
Все
Прогноз электропотребления и выручки за услуги по передаче в разрезе отраслей'

18-10-2024T06:22:10 - [MESSAGE][PASSED] - Text of object 'Object Repository/Прогноз по отраслям/Виджеты дашборда' is: 'Год 
2023 год
Сравнение с 
План/СУ
Отклонения по ПАО Россети на 2023 год
243.5 243.5
11 013.5 11 013.5
674.8 674.8
32 765.3 32 765.3
1 049.4 1 049.4
271.8 271.8
495.2 495.2
588.7 588.7
-7 607.7 -7 607.7
31.9 31.9
-1 318.1 -1 318.1
10 906.5 10 906.5
⬤ Отклонение, млн. кВт.ч
Интер РАО (для ФСК)
Промышленные потребители
Транспорт
Нефтедобыча
Нефтепереработка
Нефтепроводы
Газопроводы
Сельское хозяйство и пищевая про…
Непромышленные потребители
Государственные (муниципальные…
Население и приравненные группы…
Территориальные сетевые организ…
Выручка отклонения по ПАО Россети на 2023 год
⬤ Отклонение, млн. руб
Интер РАО (для ФСК)
Промышленные потребители
Транспорт
Нефтедобыча
Нефтепереработка
Нефтепроводы
Газопроводы
Сельское хозяйство и пищевая про…
Непромышленные потребители
Государственные (муниципальные…
Население и приравненные группы…
Территориальные сетевые организ…
Динамика электропотребления, млрд. кВт.ч., по ПАО Россети на 2023 год
10 10
186 186
36 36
15 15
9 9
14 14
4 4
17 17
88 88
19 19
83 83
597 597
10 10
197 197
37 37
48 48
10 10
15 15
4 4
18 18
80 80
19 19
82 82
608 608
СУ
Ожидаемое (прогноз до конца года)
Интер РАО(для ФСК)
Промышленныепотребители
Транспорт
Нефтедобыча
Нефтеперераб…
Нефтепроводы
Газопроводы
Сельское хозя…
Непромышлен…
Государственн…
Население иприравненныегруппыпотребителей
Территориальн…
Выручка, млрд. руб, по ПАО Россети на 2023 год
6 6
331 331
82 82
77 77
20 20
20 20
3 3
57 57
220 220
68 68
214 214
258 258
Ожидаемое (прогноз до конца года)
Интер РАО(для ФСК)
Промышленныепотребители
Транспорт
Нефтедобыча
Нефтеперераб…
Нефтепроводы
Газопроводы
Сельское хозя…
Непромышлен…
Государственн…
Население иприравненныегруппыпотребителей
Территориальн…
абс.
%
Прогноз на месяц 
Ноябрь
КПО/Отпуск из сети 
Отпуск из сети, млн. кВт.ч
Организация 
Все
Прогноз электропотребления и выручки за услуги по передаче в разрезе отраслей'

18-10-2024T06:22:10 - [TEST_STEP][PASSED] - b9 = b9.replaceAll("[^0-9]", ""): null

18-10-2024T06:22:10 - [TEST_STEP][PASSED] - println("b9:" + b9): null

18-10-2024T06:22:10 - [TEST_STEP][PASSED] - click(findTestObject("Прогноз по отраслям/Фильтр Сравнение с Стресс")): Object: 'Object Repository/Прогноз по отраслям/Фильтр Сравнение с Стресс' is clicked on

18-10-2024T06:22:10 - [MESSAGE][PASSED] - Object: 'Object Repository/Прогноз по отраслям/Фильтр Сравнение с Стресс' is clicked on

18-10-2024T06:22:10 - [TEST_STEP][PASSED] - click(findTestObject("Прогноз по отраслям/Факт прошлого года Стресс")): Object: 'Object Repository/Прогноз по отраслям/Факт прошлого года Стресс' is clicked on

18-10-2024T06:22:12 - [MESSAGE][PASSED] - Object: 'Object Repository/Прогноз по отраслям/Факт прошлого года Стресс' is clicked on

18-10-2024T06:22:12 - [TEST_STEP][PASSED] - click(findTestObject("Прогноз по отраслям/Фильтр КПО-Отпуск Стресс")): Object: 'Object Repository/Прогноз по отраслям/Фильтр КПО-Отпуск Стресс' is clicked on

18-10-2024T06:22:15 - [MESSAGE][PASSED] - Object: 'Object Repository/Прогноз по отраслям/Фильтр КПО-Отпуск Стресс' is clicked on

18-10-2024T06:22:15 - [TEST_STEP][PASSED] - click(findTestObject("Прогноз по отраслям/КПО Стресс")): Object: 'Object Repository/Прогноз по отраслям/КПО Стресс' is clicked on

18-10-2024T06:22:17 - [MESSAGE][PASSED] - Object: 'Object Repository/Прогноз по отраслям/КПО Стресс' is clicked on

18-10-2024T06:22:17 - [TEST_STEP][PASSED] - delay(25): Delayed 25 second(s)

18-10-2024T06:22:42 - [MESSAGE][PASSED] - Delayed 25 second(s)

18-10-2024T06:22:42 - [TEST_STEP][PASSED] - b10 = getText(findTestObject("Прогноз по отраслям/Виджеты дашборда")): Text of object 'Object Repository/Прогноз по отраслям/Виджеты дашборда' is: 'Год 
2023 год
Сравнение с 
Факт прошлого года
Отклонения по ПАО Россети на 2023 год
0.0 0.0
646.5 646.5
341.1 341.1
-2 455.6 -2 455.6
245.6 245.6
-1 796.0 -1 796.0
676.2 676.2
452.4 452.4
1 386.2 1 386.2
527.5 527.5
-1 130.4 -1 130.4
-128.7 -128.7
⬤ Отклонение, млн. кВт.ч
Интер РАО (для ФСК)
Промышленные потребители
Транспорт
Нефтедобыча
Нефтепереработка
Нефтепроводы
Газопроводы
Сельское хозяйство и пищевая про…
Непромышленные потребители
Государственные (муниципальные…
Население и приравненные группы…
Территориальные сетевые организ…
Выручка отклонения по ПАО Россети на 2023 год
421.3 421.3
45 574.9 45 574.9
9 547.5 9 547.5
4 889.3 4 889.3
2 337.4 2 337.4
-1 682.6 -1 682.6
2 919.4 2 919.4
7 110.2 7 110.2
19 840.8 19 840.8
7 289.5 7 289.5
23 664.8 23 664.8
31 028.3 31 028.3
⬤ Отклонение, млн. руб
Интер РАО (для ФСК)
Промышленные потребители
Транспорт
Нефтедобыча
Нефтепереработка
Нефтепроводы
Газопроводы
Сельское хозяйство и пищевая про…
Непромышленные потребители
Государственные (муниципальные…
Население и приравненные группы…
Территориальные сетевые организ…
Динамика электропотребления, млрд. кВт.ч., по ПАО Россети на 2023 год
0 0
120 120
38 38
41 41
8 8
10 10
0 0
19 19
77 77
25 25
122 122
61 61
0 0
120 120
39 39
39 39
8 8
8 8
1 1
20 20
78 78
26 26
121 121
60 60
Факт прошлого года
Ожидаемое (прогноз до конца года)
Интер РАО(для ФСК)
Промышленныепотребители
Транспорт
Нефтедобыча
Нефтеперераб…
Нефтепроводы
Газопроводы
Сельское хозя…
Непромышлен…
Государственн…
Население иприравненныегруппыпотребителей
Территориальн…
Выручка, млрд. руб, по ПАО Россети на 2023 год
5 5
285 285
72 72
72 72
18 18
22 22
0 0
50 50
201 201
61 61
190 190
227 227
6 6
331 331
82 82
77 77
20 20
20 20
3 3
57 57
220 220
68 68
214 214
258 258
Факт прошлого года
Ожидаемое (прогноз до конца года)
Интер РАО(для ФСК)
Промышленныепотребители
Транспорт
Нефтедобыча
Нефтеперераб…
Нефтепроводы
Газопроводы
Сельское хозя…
Непромышлен…
Государственн…
Население иприравненныегруппыпотребителей
Территориальн…
абс.
%
Прогноз на месяц 
Ноябрь
КПО/Отпуск из сети 
Котловой полезный отпуск, млн. кВт.ч
Организация 
Все
Прогноз электропотребления и выручки за услуги по передаче в разрезе отраслей'

18-10-2024T06:22:42 - [MESSAGE][PASSED] - Text of object 'Object Repository/Прогноз по отраслям/Виджеты дашборда' is: 'Год 
2023 год
Сравнение с 
Факт прошлого года
Отклонения по ПАО Россети на 2023 год
0.0 0.0
646.5 646.5
341.1 341.1
-2 455.6 -2 455.6
245.6 245.6
-1 796.0 -1 796.0
676.2 676.2
452.4 452.4
1 386.2 1 386.2
527.5 527.5
-1 130.4 -1 130.4
-128.7 -128.7
⬤ Отклонение, млн. кВт.ч
Интер РАО (для ФСК)
Промышленные потребители
Транспорт
Нефтедобыча
Нефтепереработка
Нефтепроводы
Газопроводы
Сельское хозяйство и пищевая про…
Непромышленные потребители
Государственные (муниципальные…
Население и приравненные группы…
Территориальные сетевые организ…
Выручка отклонения по ПАО Россети на 2023 год
421.3 421.3
45 574.9 45 574.9
9 547.5 9 547.5
4 889.3 4 889.3
2 337.4 2 337.4
-1 682.6 -1 682.6
2 919.4 2 919.4
7 110.2 7 110.2
19 840.8 19 840.8
7 289.5 7 289.5
23 664.8 23 664.8
31 028.3 31 028.3
⬤ Отклонение, млн. руб
Интер РАО (для ФСК)
Промышленные потребители
Транспорт
Нефтедобыча
Нефтепереработка
Нефтепроводы
Газопроводы
Сельское хозяйство и пищевая про…
Непромышленные потребители
Государственные (муниципальные…
Население и приравненные группы…
Территориальные сетевые организ…
Динамика электропотребления, млрд. кВт.ч., по ПАО Россети на 2023 год
0 0
120 120
38 38
41 41
8 8
10 10
0 0
19 19
77 77
25 25
122 122
61 61
0 0
120 120
39 39
39 39
8 8
8 8
1 1
20 20
78 78
26 26
121 121
60 60
Факт прошлого года
Ожидаемое (прогноз до конца года)
Интер РАО(для ФСК)
Промышленныепотребители
Транспорт
Нефтедобыча
Нефтеперераб…
Нефтепроводы
Газопроводы
Сельское хозя…
Непромышлен…
Государственн…
Население иприравненныегруппыпотребителей
Территориальн…
Выручка, млрд. руб, по ПАО Россети на 2023 год
5 5
285 285
72 72
72 72
18 18
22 22
0 0
50 50
201 201
61 61
190 190
227 227
6 6
331 331
82 82
77 77
20 20
20 20
3 3
57 57
220 220
68 68
214 214
258 258
Факт прошлого года
Ожидаемое (прогноз до конца года)
Интер РАО(для ФСК)
Промышленныепотребители
Транспорт
Нефтедобыча
Нефтеперераб…
Нефтепроводы
Газопроводы
Сельское хозя…
Непромышлен…
Государственн…
Население иприравненныегруппыпотребителей
Территориальн…
абс.
%
Прогноз на месяц 
Ноябрь
КПО/Отпуск из сети 
Котловой полезный отпуск, млн. кВт.ч
Организация 
Все
Прогноз электропотребления и выручки за услуги по передаче в разрезе отраслей'

18-10-2024T06:22:42 - [TEST_STEP][PASSED] - b10 = b10.replaceAll("[^0-9]", ""): null

18-10-2024T06:22:42 - [TEST_STEP][PASSED] - println("b10:" + b10): null

18-10-2024T06:22:42 - [TEST_STEP][PASSED] - click(findTestObject("Прогноз по отраслям/Фильтр Сравнение с Стресс")): Object: 'Object Repository/Прогноз по отраслям/Фильтр Сравнение с Стресс' is clicked on

18-10-2024T06:22:43 - [MESSAGE][PASSED] - Object: 'Object Repository/Прогноз по отраслям/Фильтр Сравнение с Стресс' is clicked on

18-10-2024T06:22:43 - [TEST_STEP][PASSED] - click(findTestObject("Прогноз по отраслям/План Стресс")): Object: 'Object Repository/Прогноз по отраслям/План Стресс' is clicked on

18-10-2024T06:22:44 - [MESSAGE][PASSED] - Object: 'Object Repository/Прогноз по отраслям/План Стресс' is clicked on

18-10-2024T06:22:44 - [TEST_STEP][PASSED] - delay(25): Delayed 25 second(s)

18-10-2024T06:23:09 - [MESSAGE][PASSED] - Delayed 25 second(s)

18-10-2024T06:23:09 - [TEST_STEP][PASSED] - b11 = getText(findTestObject("Прогноз по отраслям/Виджеты дашборда")): Text of object 'Object Repository/Прогноз по отраслям/Виджеты дашборда' is: 'Год 
2023 год
Сравнение с 
План
Отклонения по ПАО Россети на 2023 год
0.0 0.0
1 471.7 1 471.7
1 186.5 1 186.5
32 445.2 32 445.2
1 268.3 1 268.3
349.4 349.4
84.3 84.3
239.8 239.8
2 969.4 2 969.4
589.2 589.2
-1 798.4 -1 798.4
5 359.3 5 359.3
⬤ Отклонение, млн. кВт.ч
Интер РАО (для ФСК)
Промышленные потребители
Транспорт
Нефтедобыча
Нефтепереработка
Нефтепроводы
Газопроводы
Сельское хозяйство и пищевая про…
Непромышленные потребители
Государственные (муниципальные…
Население и приравненные группы…
Территориальные сетевые организ…
Выручка отклонения по ПАО Россети на 2023 год
794.9 794.9
12 195.0 12 195.0
972.7 972.7
61 803.9 61 803.9
4 222.3 4 222.3
-121.8 -121.8
666.2 666.2
873.2 873.2
5 809.6 5 809.6
1 342.6 1 342.6
-4 463.2 -4 463.2
18 375.5 18 375.5
⬤ Отклонение, млн. руб
Интер РАО (для ФСК)
Промышленные потребители
Транспорт
Нефтедобыча
Нефтепереработка
Нефтепроводы
Газопроводы
Сельское хозяйство и пищевая про…
Непромышленные потребители
Государственные (муниципальные…
Население и приравненные группы…
Территориальные сетевые организ…
Динамика электропотребления, млрд. кВт.ч., по ПАО Россети на 2023 год
0 0
119 119
37 37
7 7
7 7
8 8
1 1
19 19
75 75
25 25
123 123
55 55
0 0
120 120
39 39
39 39
8 8
8 8
1 1
20 20
78 78
26 26
121 121
60 60
План
Ожидаемое (прогноз до конца года)
Интер РАО(для ФСК)
Промышленныепотребители
Транспорт
Нефтедобыча
Нефтеперераб…
Нефтепроводы
Газопроводы
Сельское хозя…
Непромышлен…
Государственн…
Население иприравненныегруппыпотребителей
Территориальн…
Выручка, млрд. руб, по ПАО Россети на 2023 год
5 5
319 319
81 81
16 16
16 16
20 20
2 2
56 56
215 215
67 67
218 218
239 239
6 6
331 331
82 82
77 77
20 20
20 20
3 3
57 57
220 220
68 68
214 214
258 258
План
Ожидаемое (прогноз до конца года)
Интер РАО(для ФСК)
Промышленныепотребители
Транспорт
Нефтедобыча
Нефтеперераб…
Нефтепроводы
Газопроводы
Сельское хозя…
Непромышлен…
Государственн…
Население иприравненныегруппыпотребителей
Территориальн…
абс.
%
Прогноз на месяц 
Ноябрь
КПО/Отпуск из сети 
Котловой полезный отпуск, млн. кВт.ч
Организация 
Все
Прогноз электропотребления и выручки за услуги по передаче в разрезе отраслей'

18-10-2024T06:23:10 - [MESSAGE][PASSED] - Text of object 'Object Repository/Прогноз по отраслям/Виджеты дашборда' is: 'Год 
2023 год
Сравнение с 
План
Отклонения по ПАО Россети на 2023 год
0.0 0.0
1 471.7 1 471.7
1 186.5 1 186.5
32 445.2 32 445.2
1 268.3 1 268.3
349.4 349.4
84.3 84.3
239.8 239.8
2 969.4 2 969.4
589.2 589.2
-1 798.4 -1 798.4
5 359.3 5 359.3
⬤ Отклонение, млн. кВт.ч
Интер РАО (для ФСК)
Промышленные потребители
Транспорт
Нефтедобыча
Нефтепереработка
Нефтепроводы
Газопроводы
Сельское хозяйство и пищевая про…
Непромышленные потребители
Государственные (муниципальные…
Население и приравненные группы…
Территориальные сетевые организ…
Выручка отклонения по ПАО Россети на 2023 год
794.9 794.9
12 195.0 12 195.0
972.7 972.7
61 803.9 61 803.9
4 222.3 4 222.3
-121.8 -121.8
666.2 666.2
873.2 873.2
5 809.6 5 809.6
1 342.6 1 342.6
-4 463.2 -4 463.2
18 375.5 18 375.5
⬤ Отклонение, млн. руб
Интер РАО (для ФСК)
Промышленные потребители
Транспорт
Нефтедобыча
Нефтепереработка
Нефтепроводы
Газопроводы
Сельское хозяйство и пищевая про…
Непромышленные потребители
Государственные (муниципальные…
Население и приравненные группы…
Территориальные сетевые организ…
Динамика электропотребления, млрд. кВт.ч., по ПАО Россети на 2023 год
0 0
119 119
37 37
7 7
7 7
8 8
1 1
19 19
75 75
25 25
123 123
55 55
0 0
120 120
39 39
39 39
8 8
8 8
1 1
20 20
78 78
26 26
121 121
60 60
План
Ожидаемое (прогноз до конца года)
Интер РАО(для ФСК)
Промышленныепотребители
Транспорт
Нефтедобыча
Нефтеперераб…
Нефтепроводы
Газопроводы
Сельское хозя…
Непромышлен…
Государственн…
Население иприравненныегруппыпотребителей
Территориальн…
Выручка, млрд. руб, по ПАО Россети на 2023 год
5 5
319 319
81 81
16 16
16 16
20 20
2 2
56 56
215 215
67 67
218 218
239 239
6 6
331 331
82 82
77 77
20 20
20 20
3 3
57 57
220 220
68 68
214 214
258 258
План
Ожидаемое (прогноз до конца года)
Интер РАО(для ФСК)
Промышленныепотребители
Транспорт
Нефтедобыча
Нефтеперераб…
Нефтепроводы
Газопроводы
Сельское хозя…
Непромышлен…
Государственн…
Население иприравненныегруппыпотребителей
Территориальн…
абс.
%
Прогноз на месяц 
Ноябрь
КПО/Отпуск из сети 
Котловой полезный отпуск, млн. кВт.ч
Организация 
Все
Прогноз электропотребления и выручки за услуги по передаче в разрезе отраслей'

18-10-2024T06:23:10 - [TEST_STEP][PASSED] - println("b11:" + b11): null

18-10-2024T06:23:10 - [TEST_STEP][PASSED] - b11 = b11.replaceAll("[^0-9]", ""): null

18-10-2024T06:23:10 - [TEST_STEP][PASSED] - println("b11:" + b11): null

18-10-2024T06:23:10 - [TEST_STEP][PASSED] - click(findTestObject("Прогноз по отраслям/Фильтр Сравнение с Стресс")): Object: 'Object Repository/Прогноз по отраслям/Фильтр Сравнение с Стресс' is clicked on

18-10-2024T06:23:10 - [MESSAGE][PASSED] - Object: 'Object Repository/Прогноз по отраслям/Фильтр Сравнение с Стресс' is clicked on

18-10-2024T06:23:10 - [TEST_STEP][PASSED] - click(findTestObject("Прогноз по отраслям/План СУ Стресс")): Object: 'Object Repository/Прогноз по отраслям/План СУ Стресс' is clicked on

18-10-2024T06:23:12 - [MESSAGE][PASSED] - Object: 'Object Repository/Прогноз по отраслям/План СУ Стресс' is clicked on

18-10-2024T06:23:12 - [TEST_STEP][PASSED] - delay(25): Delayed 25 second(s)

18-10-2024T06:23:37 - [MESSAGE][PASSED] - Delayed 25 second(s)

18-10-2024T06:23:37 - [TEST_STEP][PASSED] - b12 = getText(findTestObject("Прогноз по отраслям/Виджеты дашборда")): Text of object 'Object Repository/Прогноз по отраслям/Виджеты дашборда' is: 'Год 
2023 год
Сравнение с 
План/СУ
Отклонения по ПАО Россети на 2023 год
0.0 0.0
120 322.6 120 322.6
38 655.4 38 655.4
39 037.8 39 037.8
8 291.7 8 291.7
8 259.5 8 259.5
793.1 793.1
19 706.6 19 706.6
78 310.2 78 310.2
25 579.5 25 579.5
121 219.7 121 219.7
60 414.9 60 414.9
⬤ Отклонение, млн. кВт.ч
Интер РАО (для ФСК)
Промышленные потребители
Транспорт
Нефтедобыча
Нефтепереработка
Нефтепроводы
Газопроводы
Сельское хозяйство и пищевая про…
Непромышленные потребители
Государственные (муниципальные…
Население и приравненные группы…
Территориальные сетевые организ…
Выручка отклонения по ПАО Россети на 2023 год
⬤ Отклонение, млн. руб
Интер РАО (для ФСК)
Промышленные потребители
Транспорт
Нефтедобыча
Нефтепереработка
Нефтепроводы
Газопроводы
Сельское хозяйство и пищевая про…
Непромышленные потребители
Государственные (муниципальные…
Население и приравненные группы…
Территориальные сетевые организ…
Динамика электропотребления, млрд. кВт.ч., по ПАО Россети на 2023 год
0 0
0 0
0 0
0 0
0 0
0 0
0 0
0 0
0 0
0 0
0 0
0 0
0 0
120 120
39 39
39 39
8 8
8 8
1 1
20 20
78 78
26 26
121 121
60 60
СУ
Ожидаемое (прогноз до конца года)
Интер РАО(для ФСК)
Промышленныепотребители
Транспорт
Нефтедобыча
Нефтеперераб…
Нефтепроводы
Газопроводы
Сельское хозя…
Непромышлен…
Государственн…
Население иприравненныегруппыпотребителей
Территориальн…
Выручка, млрд. руб, по ПАО Россети на 2023 год
6 6
331 331
82 82
77 77
20 20
20 20
3 3
57 57
220 220
68 68
214 214
258 258
Ожидаемое (прогноз до конца года)
Интер РАО(для ФСК)
Промышленныепотребители
Транспорт
Нефтедобыча
Нефтеперераб…
Нефтепроводы
Газопроводы
Сельское хозя…
Непромышлен…
Государственн…
Население иприравненныегруппыпотребителей
Территориальн…
абс.
%
Прогноз на месяц 
Ноябрь
КПО/Отпуск из сети 
Котловой полезный отпуск, млн. кВт.ч
Организация 
Все
Прогноз электропотребления и выручки за услуги по передаче в разрезе отраслей'

18-10-2024T06:23:37 - [MESSAGE][PASSED] - Text of object 'Object Repository/Прогноз по отраслям/Виджеты дашборда' is: 'Год 
2023 год
Сравнение с 
План/СУ
Отклонения по ПАО Россети на 2023 год
0.0 0.0
120 322.6 120 322.6
38 655.4 38 655.4
39 037.8 39 037.8
8 291.7 8 291.7
8 259.5 8 259.5
793.1 793.1
19 706.6 19 706.6
78 310.2 78 310.2
25 579.5 25 579.5
121 219.7 121 219.7
60 414.9 60 414.9
⬤ Отклонение, млн. кВт.ч
Интер РАО (для ФСК)
Промышленные потребители
Транспорт
Нефтедобыча
Нефтепереработка
Нефтепроводы
Газопроводы
Сельское хозяйство и пищевая про…
Непромышленные потребители
Государственные (муниципальные…
Население и приравненные группы…
Территориальные сетевые организ…
Выручка отклонения по ПАО Россети на 2023 год
⬤ Отклонение, млн. руб
Интер РАО (для ФСК)
Промышленные потребители
Транспорт
Нефтедобыча
Нефтепереработка
Нефтепроводы
Газопроводы
Сельское хозяйство и пищевая про…
Непромышленные потребители
Государственные (муниципальные…
Население и приравненные группы…
Территориальные сетевые организ…
Динамика электропотребления, млрд. кВт.ч., по ПАО Россети на 2023 год
0 0
0 0
0 0
0 0
0 0
0 0
0 0
0 0
0 0
0 0
0 0
0 0
0 0
120 120
39 39
39 39
8 8
8 8
1 1
20 20
78 78
26 26
121 121
60 60
СУ
Ожидаемое (прогноз до конца года)
Интер РАО(для ФСК)
Промышленныепотребители
Транспорт
Нефтедобыча
Нефтеперераб…
Нефтепроводы
Газопроводы
Сельское хозя…
Непромышлен…
Государственн…
Население иприравненныегруппыпотребителей
Территориальн…
Выручка, млрд. руб, по ПАО Россети на 2023 год
6 6
331 331
82 82
77 77
20 20
20 20
3 3
57 57
220 220
68 68
214 214
258 258
Ожидаемое (прогноз до конца года)
Интер РАО(для ФСК)
Промышленныепотребители
Транспорт
Нефтедобыча
Нефтеперераб…
Нефтепроводы
Газопроводы
Сельское хозя…
Непромышлен…
Государственн…
Население иприравненныегруппыпотребителей
Территориальн…
абс.
%
Прогноз на месяц 
Ноябрь
КПО/Отпуск из сети 
Котловой полезный отпуск, млн. кВт.ч
Организация 
Все
Прогноз электропотребления и выручки за услуги по передаче в разрезе отраслей'

18-10-2024T06:23:37 - [TEST_STEP][PASSED] - b12 = b12.replaceAll("[^0-9]", ""): null

18-10-2024T06:23:37 - [TEST_STEP][PASSED] - println("b12:" + b12): null

18-10-2024T06:23:37 - [TEST_STEP][PASSED] - if (verifyEqual(a1, b1) == true): Actual object '20232023121218618636365050101019190017178585191982826046041010197197373748481010151544181880801919828260860820235528528572727272181822220050502012016161190190227227663313318282777720202020335757220220686821421425825820231851855959363639390909207207331323313238385656131309090707202377771601601321326767133133777713315133151421429999120120124124137137' and expected object '20232023121218618636365050101019190017178585191982826046041010197197373748481010151544181880801919828260860820235528528572727272181822220050502012016161190190227227663313318282777720202020335757220220686821421425825820231851855959363639390909207207331323313238385656131309090707202377771601601321326767133133777713315133151421429999120120124124137137' are equal

18-10-2024T06:23:37 - [MESSAGE][PASSED] - Actual object '20232023121218618636365050101019190017178585191982826046041010197197373748481010151544181880801919828260860820235528528572727272181822220050502012016161190190227227663313318282777720202020335757220220686821421425825820231851855959363639390909207207331323313238385656131309090707202377771601601321326767133133777713315133151421429999120120124124137137' and expected object '20232023121218618636365050101019190017178585191982826046041010197197373748481010151544181880801919828260860820235528528572727272181822220050502012016161190190227227663313318282777720202020335757220220686821421425825820231851855959363639390909207207331323313238385656131309090707202377771601601321326767133133777713315133151421429999120120124124137137' are equal

18-10-2024T06:23:37 - [TEST_STEP][PASSED] - if (verifyEqual(a2, b2) == true): Actual object '202320231010190190363614149914144417178080191982825885881010197197373748481010151544181880801919828260860820235531931981811616161620202256562152156767218218239239663313318282777720202020335757220220686821421425825820234747383819192303230310910942422172173939060616161010333320231561563838121239823982269269060626926915152727202020207979' and expected object '202320231010190190363614149914144417178080191982825885881010197197373748481010151544181880801919828260860820235531931981811616161620202256562152156767218218239239663313318282777720202020335757220220686821421425825820234747383819192303230310910942422172173939060616161010333320231561563838121239823982269269060626926915152727202020207979' are equal

18-10-2024T06:23:37 - [MESSAGE][PASSED] - Actual object '202320231010190190363614149914144417178080191982825885881010197197373748481010151544181880801919828260860820235531931981811616161620202256562152156767218218239239663313318282777720202020335757220220686821421425825820234747383819192303230310910942422172173939060616161010333320231561563838121239823982269269060626926915152727202020207979' and expected object '202320231010190190363614149914144417178080191982825885881010197197373748481010151544181880801919828260860820235531931981811616161620202256562152156767218218239239663313318282777720202020335757220220686821421425825820234747383819192303230310910942422172173939060616161010333320231561563838121239823982269269060626926915152727202020207979' are equal

18-10-2024T06:23:37 - [TEST_STEP][PASSED] - if (verifyEqual(a3, b3) == true): Actual object '2023202310101861863636151599141444171788881919838359759710101971973737484810101515441818808019198282608608202366331331828277772020202033575722022068682142142582582023252559591919219121911171171919131131353587870202161618182023' and expected object '2023202310101861863636151599141444171788881919838359759710101971973737484810101515441818808019198282608608202366331331828277772020202033575722022068682142142582582023252559591919219121911171171919131131353587870202161618182023' are equal

18-10-2024T06:23:37 - [MESSAGE][PASSED] - Actual object '2023202310101861863636151599141444171788881919838359759710101971973737484810101515441818808019198282608608202366331331828277772020202033575722022068682142142582582023252559591919219121911171171919131131353587870202161618182023' and expected object '2023202310101861863636151599141444171788881919838359759710101971973737484810101515441818808019198282608608202366331331828277772020202033575722022068682142142582582023252559591919219121911171171919131131353587870202161618182023' are equal

18-10-2024T06:23:37 - [TEST_STEP][PASSED] - if (verifyEqual(a4, b4) == true): Actual object '20232023001201203838414188101000191977772525122122616100120120393939398888112020787826261211216060202355285285727272721818222200505020120161611901902272276633133182827777202020203357572202206868214214258258202305050909595931311791795784578423231818212109090202202377771601601321326767133133777713315133151421429999120120124124137137' and expected object '20232023001201203838414188101000191977772525122122616100120120393939398888112020787826261211216060202355285285727272721818222200505020120161611901902272276633133182827777202020203357572202206868214214258258202305050909595931311791795784578423231818212109090202202377771601601321326767133133777713315133151421429999120120124124137137' are equal

18-10-2024T06:23:37 - [MESSAGE][PASSED] - Actual object '20232023001201203838414188101000191977772525122122616100120120393939398888112020787826261211216060202355285285727272721818222200505020120161611901902272276633133182827777202020203357572202206868214214258258202305050909595931311791795784578423231818212109090202202377771601601321326767133133777713315133151421429999120120124124137137' and expected object '20232023001201203838414188101000191977772525122122616100120120393939398888112020787826261211216060202355285285727272721818222200505020120161611901902272276633133182827777202020203357572202206868214214258258202305050909595931311791795784578423231818212109090202202377771601601321326767133133777713315133151421429999120120124124137137' are equal

18-10-2024T06:23:37 - [TEST_STEP][PASSED] - if (verifyEqual(a5, b5) == true): Actual object '20232023001191193737777788111919757525251231235555001201203939393988881120207878262612112160602023553193198181161616162020225656215215676721821823923966331331828277772020202033575722022068682142142582582023121232324921492118118144441191191212414124241414979720231561563838121239823982269269060626926915152727202020207979' and expected object '20232023001191193737777788111919757525251231235555001201203939393988881120207878262612112160602023553193198181161616162020225656215215676721821823923966331331828277772020202033575722022068682142142582582023121232324921492118118144441191191212414124241414979720231561563838121239823982269269060626926915152727202020207979' are equal

18-10-2024T06:23:37 - [MESSAGE][PASSED] - Actual object '20232023001191193737777788111919757525251231235555001201203939393988881120207878262612112160602023553193198181161616162020225656215215676721821823923966331331828277772020202033575722022068682142142582582023121232324921492118118144441191191212414124241414979720231561563838121239823982269269060626926915152727202020207979' and expected object '20232023001191193737777788111919757525251231235555001201203939393988881120207878262612112160602023553193198181161616162020225656215215676721821823923966331331828277772020202033575722022068682142142582582023121232324921492118118144441191191212414124241414979720231561563838121239823982269269060626926915152727202020207979' are equal

18-10-2024T06:23:37 - [TEST_STEP][PASSED] - if (verifyEqual(a6, b6) == true): Actual object '20232023000000000000000000000000001201203939393988881120207878262612112160602023663313318282777720202020335757220220686821421425825820232023' and expected object '20232023000000000000000000000000001201203939393988881120207878262612112160602023663313318282777720202020335757220220686821421425825820232023' are equal

18-10-2024T06:23:37 - [MESSAGE][PASSED] - Actual object '20232023000000000000000000000000001201203939393988881120207878262612112160602023663313318282777720202020335757220220686821421425825820232023' and expected object '20232023000000000000000000000000001201203939393988881120207878262612112160602023663313318282777720202020335757220220686821421425825820232023' are equal

18-10-2024T06:23:37 - [TEST_STEP][PASSED] - if (verifyEqual(a7, b7) == true): Actual object '202320232263522635110546110546128021280219475194759099093845038450416214162165176517472774727725652565723972394292342923202342134213455749455749954759547548893488932337423374168261682629194291947110271102198408198408728957289523664823664831028331028320231212186186363650501010191900171785851919828260460410101971973737484810101515441818808019198282608608202355285285727272721818222200505020120161611901902272276633133182827777202020203357572202206868214214258258' and expected object '202320232263522635110546110546128021280219475194759099093845038450416214162165176517472774727725652565723972394292342923202342134213455749455749954759547548893488932337423374168261682629194291947110271102198408198408728957289523664823664831028331028320231212186186363650501010191900171785851919828260460410101971973737484810101515441818808019198282608608202355285285727272721818222200505020120161611901902272276633133182827777202020203357572202206868214214258258' are equal

18-10-2024T06:23:37 - [MESSAGE][PASSED] - Actual object '202320232263522635110546110546128021280219475194759099093845038450416214162165176517472774727725652565723972394292342923202342134213455749455749954759547548893488932337423374168261682629194291947110271102198408198408728957289523664823664831028331028320231212186186363650501010191900171785851919828260460410101971973737484810101515441818808019198282608608202355285285727272721818222200505020120161611901902272276633133182827777202020203357572202206868214214258258' and expected object '202320232263522635110546110546128021280219475194759099093845038450416214162165176517472774727725652565723972394292342923202342134213455749455749954759547548893488932337423374168261682629194291947110271102198408198408728957289523664823664831028331028320231212186186363650501010191900171785851919828260460410101971973737484810101515441818808019198282608608202355285285727272721818222200505020120161611901902272276633133182827777202020203357572202206868214214258258' are equal

18-10-2024T06:23:37 - [TEST_STEP][PASSED] - if (verifyEqual(a8, b8) == true): Actual object '202320234922492271651716516893689333271733271798649864593859387640764067046704592459243088308894099409196041196041202379497949121950121950972797276180396180394222342223121812186662666287328732580965809613426134264463244632183755183755202310101901903636141499141444171780801919828258858810101971973737484810101515441818808019198282608608202355319319818116161616202022565621521567672182182392396633133182827777202020203357572202206868214214258258' and expected object '202320234922492271651716516893689333271733271798649864593859387640764067046704592459243088308894099409196041196041202379497949121950121950972797276180396180394222342223121812186662666287328732580965809613426134264463244632183755183755202310101901903636141499141444171780801919828258858810101971973737484810101515441818808019198282608608202355319319818116161616202022565621521567672182182392396633133182827777202020203357572202206868214214258258' are equal

18-10-2024T06:23:37 - [MESSAGE][PASSED] - Actual object '202320234922492271651716516893689333271733271798649864593859387640764067046704592459243088308894099409196041196041202379497949121950121950972797276180396180394222342223121812186662666287328732580965809613426134264463244632183755183755202310101901903636141499141444171780801919828258858810101971973737484810101515441818808019198282608608202355319319818116161616202022565621521567672182182392396633133182827777202020203357572202206868214214258258' and expected object '202320234922492271651716516893689333271733271798649864593859387640764067046704592459243088308894099409196041196041202379497949121950121950972797276180396180394222342223121812186662666287328732580965809613426134264463244632183755183755202310101901903636141499141444171780801919828258858810101971973737484810101515441818808019198282608608202355319319818116161616202022565621521567672182182392396633133182827777202020203357572202206868214214258258' are equal

18-10-2024T06:23:37 - [TEST_STEP][PASSED] - if (verifyEqual(a9, b9) == true): Actual object '202320232435243511013511013567486748327653327653104941049427182718495249525887588776077760773193191318113181109065109065202320231010186186363615159914144417178888191983835975971010197197373748481010151544181880801919828260860820236633133182827777202020203357572202206868214214258258' and expected object '202320232435243511013511013567486748327653327653104941049427182718495249525887588776077760773193191318113181109065109065202320231010186186363615159914144417178888191983835975971010197197373748481010151544181880801919828260860820236633133182827777202020203357572202206868214214258258' are equal

18-10-2024T06:23:37 - [MESSAGE][PASSED] - Actual object '202320232435243511013511013567486748327653327653104941049427182718495249525887588776077760773193191318113181109065109065202320231010186186363615159914144417178888191983835975971010197197373748481010151544181880801919828260860820236633133182827777202020203357572202206868214214258258' and expected object '202320232435243511013511013567486748327653327653104941049427182718495249525887588776077760773193191318113181109065109065202320231010186186363615159914144417178888191983835975971010197197373748481010151544181880801919828260860820236633133182827777202020203357572202206868214214258258' are equal

18-10-2024T06:23:37 - [TEST_STEP][PASSED] - if (verifyEqual(a10, b10) == true): Actual object '20232023000064656465341134112455624556245624561796017960676267624524452413862138625275527511304113041287128720234213421345574945574995475954754889348893233742337416826168262919429194711027110219840819840872895728952366482366483102833102832023001201203838414188101000191977772525122122616100120120393939398888112020787826261211216060202355285285727272721818222200505020120161611901902272276633133182827777202020203357572202206868214214258258' and expected object '20232023000064656465341134112455624556245624561796017960676267624524452413862138625275527511304113041287128720234213421345574945574995475954754889348893233742337416826168262919429194711027110219840819840872895728952366482366483102833102832023001201203838414188101000191977772525122122616100120120393939398888112020787826261211216060202355285285727272721818222200505020120161611901902272276633133182827777202020203357572202206868214214258258' are equal

18-10-2024T06:23:37 - [MESSAGE][PASSED] - Actual object '20232023000064656465341134112455624556245624561796017960676267624524452413862138625275527511304113041287128720234213421345574945574995475954754889348893233742337416826168262919429194711027110219840819840872895728952366482366483102833102832023001201203838414188101000191977772525122122616100120120393939398888112020787826261211216060202355285285727272721818222200505020120161611901902272276633133182827777202020203357572202206868214214258258' and expected object '20232023000064656465341134112455624556245624561796017960676267624524452413862138625275527511304113041287128720234213421345574945574995475954754889348893233742337416826168262919429194711027110219840819840872895728952366482366483102833102832023001201203838414188101000191977772525122122616100120120393939398888112020787826261211216060202355285285727272721818222200505020120161611901902272276633133182827777202020203357572202206868214214258258' are equal

18-10-2024T06:23:37 - [TEST_STEP][PASSED] - if (verifyEqual(a11, b11) == true): Actual object '202320230000147171471711865118653244523244521268312683349434948438432398239829694296945892589217984179845359353593202379497949121950121950972797276180396180394222342223121812186662666287328732580965809613426134264463244632183755183755202300119119373777778811191975752525123123555500120120393939398888112020787826261211216060202355319319818116161616202022565621521567672182182392396633133182827777202020203357572202206868214214258258' and expected object '202320230000147171471711865118653244523244521268312683349434948438432398239829694296945892589217984179845359353593202379497949121950121950972797276180396180394222342223121812186662666287328732580965809613426134264463244632183755183755202300119119373777778811191975752525123123555500120120393939398888112020787826261211216060202355319319818116161616202022565621521567672182182392396633133182827777202020203357572202206868214214258258' are equal

18-10-2024T06:23:37 - [MESSAGE][PASSED] - Actual object '202320230000147171471711865118653244523244521268312683349434948438432398239829694296945892589217984179845359353593202379497949121950121950972797276180396180394222342223121812186662666287328732580965809613426134264463244632183755183755202300119119373777778811191975752525123123555500120120393939398888112020787826261211216060202355319319818116161616202022565621521567672182182392396633133182827777202020203357572202206868214214258258' and expected object '202320230000147171471711865118653244523244521268312683349434948438432398239829694296945892589217984179845359353593202379497949121950121950972797276180396180394222342223121812186662666287328732580965809613426134264463244632183755183755202300119119373777778811191975752525123123555500120120393939398888112020787826261211216060202355319319818116161616202022565621521567672182182392396633133182827777202020203357572202206868214214258258' are equal

18-10-2024T06:23:37 - [TEST_STEP][PASSED] - if (verifyEqual(a12, b12) == true): Actual object '20232023000012032261203226386554386554390378390378829178291782595825957931793119706619706678310278310225579525579512121971212197604149604149202320230000000000000000000000000012012039393939888811202078782626121121606020236633133182827777202020203357572202206868214214258258' and expected object '20232023000012032261203226386554386554390378390378829178291782595825957931793119706619706678310278310225579525579512121971212197604149604149202320230000000000000000000000000012012039393939888811202078782626121121606020236633133182827777202020203357572202206868214214258258' are equal

18-10-2024T06:23:37 - [MESSAGE][PASSED] - Actual object '20232023000012032261203226386554386554390378390378829178291782595825957931793119706619706678310278310225579525579512121971212197604149604149202320230000000000000000000000000012012039393939888811202078782626121121606020236633133182827777202020203357572202206868214214258258' and expected object '20232023000012032261203226386554386554390378390378829178291782595825957931793119706619706678310278310225579525579512121971212197604149604149202320230000000000000000000000000012012039393939888811202078782626121121606020236633133182827777202020203357572202206868214214258258' are equal

18-10-2024T06:23:37 - [TEST_STEP][PASSED] - closeBrowser(): Browser is closed

18-10-2024T06:23:38 - [MESSAGE][PASSED] - Browser is closed]]></system-out>
         <system-err><![CDATA[]]></system-err>
      </testcase>
      <testcase name="Test Cases/Сверки дашбордов/Факторный анализ сверка дашбордов" time="201.259" classname="Test Cases/Сверки дашбордов/Факторный анализ сверка дашбордов" status="FAILED">
         <failure type="FAILED" message="Test Cases/Сверки дашбордов/Факторный анализ сверка дашбордов FAILED.&#xa;Reason:&#xa;com.kms.katalon.core.exception.StepFailedException: Unable to verify equal between actual object '-292398' and expected object '34997' (Root cause: com.kms.katalon.core.exception.StepFailedException: Actual object '-292398' and expected object '34997' are not equal&#xa;	at com.kms.katalon.core.keyword.builtin.VerifyEqualKeyword$_verifyEqual_closure1.doCall(VerifyEqualKeyword.groovy:58)&#xa;	at com.kms.katalon.core.keyword.builtin.VerifyEqualKeyword$_verifyEqual_closure1.call(VerifyEqualKeyword.groovy)&#xa;	at com.kms.katalon.core.keyword.internal.KeywordMain.runKeyword(KeywordMain.groovy:75)&#xa;	at com.kms.katalon.core.keyword.builtin.VerifyEqualKeyword.verifyEqual(VerifyEqualKeyword.groovy:63)&#xa;	at com.kms.katalon.core.keyword.builtin.VerifyEqualKeyword.execute(VerifyEqualKeyword.groovy:44)&#xa;	at com.kms.katalon.core.keyword.internal.KeywordExecutor.executeKeywordForPlatform(KeywordExecutor.groovy:74)&#xa;	at com.kms.katalon.core.keyword.BuiltinKeywords.verifyEqual(BuiltinKeywords.groovy:146)&#xa;	at jdk.internal.reflect.GeneratedMethodAccessor21.invoke(Unknown Source)&#xa;	at java.base/jdk.internal.reflect.DelegatingMethodAccessorImpl.invoke(DelegatingMethodAccessorImpl.java:43)&#xa;	at Факторный анализ сверка дашбордов.Compare(Факторный анализ сверка дашбордов:668)&#xa;	at Факторный анализ сверка дашбордов.Test(Факторный анализ сверка дашбордов:432)&#xa;	at Факторный анализ сверка дашбордов.run(Факторный анализ сверка дашбордов:44)&#xa;	at com.kms.katalon.core.main.ScriptEngine.run(ScriptEngine.java:194)&#xa;	at com.kms.katalon.core.main.ScriptEngine.runScriptAsRawText(ScriptEngine.java:119)&#xa;	at com.kms.katalon.core.main.TestCaseExecutor.runScript(TestCaseExecutor.java:448)&#xa;	at com.kms.katalon.core.main.TestCaseExecutor.doExecute(TestCaseExecutor.java:439)&#xa;	at com.kms.katalon.core.main.TestCaseExecutor.processExecutionPhase(TestCaseExecutor.java:418)&#xa;	at com.kms.katalon.core.main.TestCaseExecutor.accessMainPhase(TestCaseExecutor.java:410)&#xa;	at com.kms.katalon.core.main.TestCaseExecutor.execute(TestCaseExecutor.java:285)&#xa;	at com.kms.katalon.core.common.CommonExecutor.accessTestCaseMainPhase(CommonExecutor.java:65)&#xa;	at com.kms.katalon.core.main.TestSuiteExecutor.accessTestSuiteMainPhase(TestSuiteExecutor.java:150)&#xa;	at com.kms.katalon.core.main.TestSuiteExecutor.execute(TestSuiteExecutor.java:106)&#xa;	at com.kms.katalon.core.main.TestCaseMain.startTestSuite(TestCaseMain.java:180)&#xa;	at TempTestSuite1729215855985.run(TempTestSuite1729215855985.groovy:35)&#xa;	at java.base/jdk.internal.reflect.NativeMethodAccessorImpl.invoke0(Native Method)&#xa;	at java.base/jdk.internal.reflect.NativeMethodAccessorImpl.invoke(NativeMethodAccessorImpl.java:77)&#xa;	at java.base/jdk.internal.reflect.DelegatingMethodAccessorImpl.invoke(DelegatingMethodAccessorImpl.java:43)&#xa;)&#xa;	at com.kms.katalon.core.keyword.internal.KeywordMain.stepFailed(KeywordMain.groovy:39)&#xa;	at com.kms.katalon.core.keyword.internal.KeywordMain.stepFailed(KeywordMain.groovy)&#xa;	at com.kms.katalon.core.keyword.internal.KeywordMain.runKeyword(KeywordMain.groovy:77)&#xa;	at com.kms.katalon.core.keyword.builtin.VerifyEqualKeyword.verifyEqual(VerifyEqualKeyword.groovy:63)&#xa;	at com.kms.katalon.core.keyword.builtin.VerifyEqualKeyword.execute(VerifyEqualKeyword.groovy:44)&#xa;	at com.kms.katalon.core.keyword.internal.KeywordExecutor.executeKeywordForPlatform(KeywordExecutor.groovy:74)&#xa;	at com.kms.katalon.core.keyword.BuiltinKeywords.verifyEqual(BuiltinKeywords.groovy:146)&#xa;	at jdk.internal.reflect.GeneratedMethodAccessor21.invoke(Unknown Source)&#xa;	at java.base/jdk.internal.reflect.DelegatingMethodAccessorImpl.invoke(DelegatingMethodAccessorImpl.java:43)&#xa;	at Факторный анализ сверка дашбордов.Compare(Факторный анализ сверка дашбордов:668)&#xa;	at Факторный анализ сверка дашбордов.Test(Факторный анализ сверка дашбордов:432)&#xa;	at Факторный анализ сверка дашбордов.run(Факторный анализ сверка дашбордов:44)&#xa;	at com.kms.katalon.core.main.ScriptEngine.run(ScriptEngine.java:194)&#xa;	at com.kms.katalon.core.main.ScriptEngine.runScriptAsRawText(ScriptEngine.java:119)&#xa;	at com.kms.katalon.core.main.TestCaseExecutor.runScript(TestCaseExecutor.java:448)&#xa;	at com.kms.katalon.core.main.TestCaseExecutor.doExecute(TestCaseExecutor.java:439)&#xa;	at com.kms.katalon.core.main.TestCaseExecutor.processExecutionPhase(TestCaseExecutor.java:418)&#xa;	at com.kms.katalon.core.main.TestCaseExecutor.accessMainPhase(TestCaseExecutor.java:410)&#xa;	at com.kms.katalon.core.main.TestCaseExecutor.execute(TestCaseExecutor.java:285)&#xa;	at com.kms.katalon.core.common.CommonExecutor.accessTestCaseMainPhase(CommonExecutor.java:65)&#xa;	at com.kms.katalon.core.main.TestSuiteExecutor.accessTestSuiteMainPhase(TestSuiteExecutor.java:150)&#xa;	at com.kms.katalon.core.main.TestSuiteExecutor.execute(TestSuiteExecutor.java:106)&#xa;	at com.kms.katalon.core.main.TestCaseMain.startTestSuite(TestCaseMain.java:180)&#xa;	at TempTestSuite1729215855985.run(TempTestSuite1729215855985.groovy:35)&#xa;	at java.base/jdk.internal.reflect.NativeMethodAccessorImpl.invoke0(Native Method)&#xa;	at java.base/jdk.internal.reflect.NativeMethodAccessorImpl.invoke(NativeMethodAccessorImpl.java:77)&#xa;	at java.base/jdk.internal.reflect.DelegatingMethodAccessorImpl.invoke(DelegatingMethodAccessorImpl.java:43)&#xa;Caused by: com.kms.katalon.core.exception.StepFailedException: Actual object '-292398' and expected object '34997' are not equal&#xa;	at com.kms.katalon.core.keyword.builtin.VerifyEqualKeyword$_verifyEqual_closure1.doCall(VerifyEqualKeyword.groovy:58)&#xa;	at com.kms.katalon.core.keyword.builtin.VerifyEqualKeyword$_verifyEqual_closure1.call(VerifyEqualKeyword.groovy)&#xa;	at com.kms.katalon.core.keyword.internal.KeywordMain.runKeyword(KeywordMain.groovy:75)&#xa;	... 24 more&#xa;"/>
         <system-out><![CDATA[18-10-2024T06:23:38 - [TEST_CASE][FAILED] - Test Cases/Сверки дашбордов/Факторный анализ сверка дашбордов: Test Cases/Сверки дашбордов/Факторный анализ сверка дашбордов FAILED.
Reason:
com.kms.katalon.core.exception.StepFailedException: Unable to verify equal between actual object '-292398' and expected object '34997' (Root cause: com.kms.katalon.core.exception.StepFailedException: Actual object '-292398' and expected object '34997' are not equal
	at com.kms.katalon.core.keyword.builtin.VerifyEqualKeyword$_verifyEqual_closure1.doCall(VerifyEqualKeyword.groovy:58)
	at com.kms.katalon.core.keyword.builtin.VerifyEqualKeyword$_verifyEqual_closure1.call(VerifyEqualKeyword.groovy)
	at com.kms.katalon.core.keyword.internal.KeywordMain.runKeyword(KeywordMain.groovy:75)
	at com.kms.katalon.core.keyword.builtin.VerifyEqualKeyword.verifyEqual(VerifyEqualKeyword.groovy:63)
	at com.kms.katalon.core.keyword.builtin.VerifyEqualKeyword.execute(VerifyEqualKeyword.groovy:44)
	at com.kms.katalon.core.keyword.internal.KeywordExecutor.executeKeywordForPlatform(KeywordExecutor.groovy:74)
	at com.kms.katalon.core.keyword.BuiltinKeywords.verifyEqual(BuiltinKeywords.groovy:146)
	at jdk.internal.reflect.GeneratedMethodAccessor21.invoke(Unknown Source)
	at java.base/jdk.internal.reflect.DelegatingMethodAccessorImpl.invoke(DelegatingMethodAccessorImpl.java:43)
	at Факторный анализ сверка дашбордов.Compare(Факторный анализ сверка дашбордов:668)
	at Факторный анализ сверка дашбордов.Test(Факторный анализ сверка дашбордов:432)
	at Факторный анализ сверка дашбордов.run(Факторный анализ сверка дашбордов:44)
	at com.kms.katalon.core.main.ScriptEngine.run(ScriptEngine.java:194)
	at com.kms.katalon.core.main.ScriptEngine.runScriptAsRawText(ScriptEngine.java:119)
	at com.kms.katalon.core.main.TestCaseExecutor.runScript(TestCaseExecutor.java:448)
	at com.kms.katalon.core.main.TestCaseExecutor.doExecute(TestCaseExecutor.java:439)
	at com.kms.katalon.core.main.TestCaseExecutor.processExecutionPhase(TestCaseExecutor.java:418)
	at com.kms.katalon.core.main.TestCaseExecutor.accessMainPhase(TestCaseExecutor.java:410)
	at com.kms.katalon.core.main.TestCaseExecutor.execute(TestCaseExecutor.java:285)
	at com.kms.katalon.core.common.CommonExecutor.accessTestCaseMainPhase(CommonExecutor.java:65)
	at com.kms.katalon.core.main.TestSuiteExecutor.accessTestSuiteMainPhase(TestSuiteExecutor.java:150)
	at com.kms.katalon.core.main.TestSuiteExecutor.execute(TestSuiteExecutor.java:106)
	at com.kms.katalon.core.main.TestCaseMain.startTestSuite(TestCaseMain.java:180)
	at TempTestSuite1729215855985.run(TempTestSuite1729215855985.groovy:35)
	at java.base/jdk.internal.reflect.NativeMethodAccessorImpl.invoke0(Native Method)
	at java.base/jdk.internal.reflect.NativeMethodAccessorImpl.invoke(NativeMethodAccessorImpl.java:77)
	at java.base/jdk.internal.reflect.DelegatingMethodAccessorImpl.invoke(DelegatingMethodAccessorImpl.java:43)
)
	at com.kms.katalon.core.keyword.internal.KeywordMain.stepFailed(KeywordMain.groovy:39)
	at com.kms.katalon.core.keyword.internal.KeywordMain.stepFailed(KeywordMain.groovy)
	at com.kms.katalon.core.keyword.internal.KeywordMain.runKeyword(KeywordMain.groovy:77)
	at com.kms.katalon.core.keyword.builtin.VerifyEqualKeyword.verifyEqual(VerifyEqualKeyword.groovy:63)
	at com.kms.katalon.core.keyword.builtin.VerifyEqualKeyword.execute(VerifyEqualKeyword.groovy:44)
	at com.kms.katalon.core.keyword.internal.KeywordExecutor.executeKeywordForPlatform(KeywordExecutor.groovy:74)
	at com.kms.katalon.core.keyword.BuiltinKeywords.verifyEqual(BuiltinKeywords.groovy:146)
	at jdk.internal.reflect.GeneratedMethodAccessor21.invoke(Unknown Source)
	at java.base/jdk.internal.reflect.DelegatingMethodAccessorImpl.invoke(DelegatingMethodAccessorImpl.java:43)
	at Факторный анализ сверка дашбордов.Compare(Факторный анализ сверка дашбордов:668)
	at Факторный анализ сверка дашбордов.Test(Факторный анализ сверка дашбордов:432)
	at Факторный анализ сверка дашбордов.run(Факторный анализ сверка дашбордов:44)
	at com.kms.katalon.core.main.ScriptEngine.run(ScriptEngine.java:194)
	at com.kms.katalon.core.main.ScriptEngine.runScriptAsRawText(ScriptEngine.java:119)
	at com.kms.katalon.core.main.TestCaseExecutor.runScript(TestCaseExecutor.java:448)
	at com.kms.katalon.core.main.TestCaseExecutor.doExecute(TestCaseExecutor.java:439)
	at com.kms.katalon.core.main.TestCaseExecutor.processExecutionPhase(TestCaseExecutor.java:418)
	at com.kms.katalon.core.main.TestCaseExecutor.accessMainPhase(TestCaseExecutor.java:410)
	at com.kms.katalon.core.main.TestCaseExecutor.execute(TestCaseExecutor.java:285)
	at com.kms.katalon.core.common.CommonExecutor.accessTestCaseMainPhase(CommonExecutor.java:65)
	at com.kms.katalon.core.main.TestSuiteExecutor.accessTestSuiteMainPhase(TestSuiteExecutor.java:150)
	at com.kms.katalon.core.main.TestSuiteExecutor.execute(TestSuiteExecutor.java:106)
	at com.kms.katalon.core.main.TestCaseMain.startTestSuite(TestCaseMain.java:180)
	at TempTestSuite1729215855985.run(TempTestSuite1729215855985.groovy:35)
	at java.base/jdk.internal.reflect.NativeMethodAccessorImpl.invoke0(Native Method)
	at java.base/jdk.internal.reflect.NativeMethodAccessorImpl.invoke(NativeMethodAccessorImpl.java:77)
	at java.base/jdk.internal.reflect.DelegatingMethodAccessorImpl.invoke(DelegatingMethodAccessorImpl.java:43)
Caused by: com.kms.katalon.core.exception.StepFailedException: Actual object '-292398' and expected object '34997' are not equal
	at com.kms.katalon.core.keyword.builtin.VerifyEqualKeyword$_verifyEqual_closure1.doCall(VerifyEqualKeyword.groovy:58)
	at com.kms.katalon.core.keyword.builtin.VerifyEqualKeyword$_verifyEqual_closure1.call(VerifyEqualKeyword.groovy)
	at com.kms.katalon.core.keyword.internal.KeywordMain.runKeyword(KeywordMain.groovy:75)
	... 24 more


18-10-2024T06:23:38 - [TEST_STEP][PASSED] - date = new java.util.Date(): null

18-10-2024T06:23:38 - [TEST_STEP][PASSED] - todaysDate = date.format("dd.MM.yyyy"): null

18-10-2024T06:23:38 - [TEST_STEP][PASSED] - typeOfData = <not implemented yet for class: org.codehaus.groovy.ast.expr.EmptyExpression>: null

18-10-2024T06:23:38 - [TEST_STEP][PASSED] - otobrajeniyeDannyh = <not implemented yet for class: org.codehaus.groovy.ast.expr.EmptyExpression>: null

18-10-2024T06:23:38 - [TEST_STEP][PASSED] - println(todaysDate): null

18-10-2024T06:23:38 - [TEST_STEP][PASSED] - vidget = <not implemented yet for class: org.codehaus.groovy.ast.expr.EmptyExpression>: null

18-10-2024T06:23:38 - [TEST_STEP][PASSED] - x = <not implemented yet for class: org.codehaus.groovy.ast.expr.EmptyExpression>: null

18-10-2024T06:23:38 - [TEST_STEP][PASSED] - y = <not implemented yet for class: org.codehaus.groovy.ast.expr.EmptyExpression>: null

18-10-2024T06:23:38 - [TEST_STEP][PASSED] - DZO = <not implemented yet for class: org.codehaus.groovy.ast.expr.EmptyExpression>: null

18-10-2024T06:23:38 - [TEST_STEP][PASSED] - openBrowser(""): Browser is opened with url: ''

18-10-2024T06:23:38 - [MESSAGE][INFO] - Starting 'Chrome' driver

18-10-2024T06:23:38 - [MESSAGE][INFO] - Action delay is set to 0 milliseconds

18-10-2024T06:23:39 - [MESSAGE][PASSED] - Browser is opened with url: ''

18-10-2024T06:23:39 - [TEST_STEP][PASSED] - run = 1: null

18-10-2024T06:23:39 - [TEST_STEP][PASSED] - for ([run = 1, run < 3, (run++)]): null

18-10-2024T06:23:39 - [TEST_STEP][PASSED] - Script1719551244403.Test(run, todaysDate, typeOfData, otobrajeniyeDannyh, x, y, vidget, DZO): null

18-10-2024T06:23:39 - [TEST_STEP][PASSED] - navigateToUrl(findTestData("PlanFact").getValue(10, 3)): Navigate to 'https://bi.rosseti.digital/viewer?dashboardGuid=2301950b23be4ed89c1df75f2020051e&sheetGuid=ccd7d7486b3d4e6fa0ee9b1eaebed46c&fit=true' successfully

18-10-2024T06:23:45 - [MESSAGE][PASSED] - Navigate to 'https://bi.rosseti.digital/viewer?dashboardGuid=2301950b23be4ed89c1df75f2020051e&sheetGuid=ccd7d7486b3d4e6fa0ee9b1eaebed46c&fit=true' successfully

18-10-2024T06:23:45 - [TEST_STEP][PASSED] - Script1719551244403.Autorization(run): null

18-10-2024T06:23:45 - [TEST_STEP][PASSED] - delay(10): Delayed 10 second(s)

18-10-2024T06:23:55 - [MESSAGE][PASSED] - Delayed 10 second(s)

18-10-2024T06:23:55 - [TEST_STEP][PASSED] - if (run == 1): Delayed 10 second(s)

18-10-2024T06:23:55 - [TEST_STEP][PASSED] - setText(findTestObject("Страница авторизации/input__username"), findTestData("PlanFact").getValue(8, 1)): Text 'shekhov-aa' is set on object 'Object Repository/Страница авторизации/input__username'

18-10-2024T06:23:56 - [MESSAGE][PASSED] - Text 'shekhov-aa' is set on object 'Object Repository/Страница авторизации/input__username'

18-10-2024T06:23:56 - [TEST_STEP][PASSED] - setText(findTestObject("Страница авторизации/input__password"), findTestData("PlanFact").getValue(9, 1)): Text 'i)RpQLLlXv9gUDC9' is set on object 'Object Repository/Страница авторизации/input__password'

18-10-2024T06:23:56 - [MESSAGE][PASSED] - Text 'i)RpQLLlXv9gUDC9' is set on object 'Object Repository/Страница авторизации/input__password'

18-10-2024T06:23:56 - [TEST_STEP][PASSED] - click(findTestObject("Страница авторизации/button_")): Object: 'Object Repository/Страница авторизации/button_' is clicked on

18-10-2024T06:23:59 - [MESSAGE][PASSED] - Object: 'Object Repository/Страница авторизации/button_' is clicked on

18-10-2024T06:23:59 - [TEST_STEP][PASSED] - delay(10): Delayed 10 second(s)

18-10-2024T06:24:09 - [MESSAGE][PASSED] - Delayed 10 second(s)

18-10-2024T06:24:09 - [TEST_STEP][PASSED] - i = <not implemented yet for class: org.codehaus.groovy.ast.expr.EmptyExpression>: null

18-10-2024T06:24:09 - [TEST_STEP][PASSED] - ii = <not implemented yet for class: org.codehaus.groovy.ast.expr.EmptyExpression>: null

18-10-2024T06:24:09 - [TEST_STEP][PASSED] - a = <not implemented yet for class: org.codehaus.groovy.ast.expr.EmptyExpression>: null

18-10-2024T06:24:09 - [TEST_STEP][PASSED] - a1 = <not implemented yet for class: org.codehaus.groovy.ast.expr.EmptyExpression>: null

18-10-2024T06:24:09 - [TEST_STEP][PASSED] - a2 = <not implemented yet for class: org.codehaus.groovy.ast.expr.EmptyExpression>: null

18-10-2024T06:24:09 - [TEST_STEP][PASSED] - click(findTestObject("Факторный анализ/Фильтр Период")): Object: 'Object Repository/Факторный анализ/Фильтр Период' is clicked on

18-10-2024T06:24:20 - [MESSAGE][PASSED] - Object: 'Object Repository/Факторный анализ/Фильтр Период' is clicked on

18-10-2024T06:24:20 - [TEST_STEP][PASSED] - click(findTestObject("Факторный анализ/Снять выделение в фильтре Дата")): Object: 'Object Repository/Факторный анализ/Снять выделение в фильтре Дата' is clicked on

18-10-2024T06:24:21 - [MESSAGE][PASSED] - Object: 'Object Repository/Факторный анализ/Снять выделение в фильтре Дата' is clicked on

18-10-2024T06:24:21 - [TEST_STEP][PASSED] - click(findTestObject("Факторный анализ/Применить в фильтре Дата")): Object: 'Object Repository/Факторный анализ/Применить в фильтре Дата' is clicked on

18-10-2024T06:24:21 - [MESSAGE][PASSED] - Object: 'Object Repository/Факторный анализ/Применить в фильтре Дата' is clicked on

18-10-2024T06:24:21 - [TEST_STEP][PASSED] - click(findTestObject("Факторный анализ/Фильтр Период")): Object: 'Object Repository/Факторный анализ/Фильтр Период' is clicked on

18-10-2024T06:24:24 - [MESSAGE][PASSED] - Object: 'Object Repository/Факторный анализ/Фильтр Период' is clicked on

18-10-2024T06:24:24 - [TEST_STEP][PASSED] - click(findTestObject("Факторный анализ/Снять выделение в фильтре Дата")): Object: 'Object Repository/Факторный анализ/Снять выделение в фильтре Дата' is clicked on

18-10-2024T06:24:24 - [MESSAGE][PASSED] - Object: 'Object Repository/Факторный анализ/Снять выделение в фильтре Дата' is clicked on

18-10-2024T06:24:24 - [TEST_STEP][PASSED] - scrollToElement(findTestObject("Факторный анализ/2024 список"), 30): Scroll to object 'Object Repository/Факторный анализ/2024 список' successfully

18-10-2024T06:24:25 - [MESSAGE][PASSED] - Scroll to object 'Object Repository/Факторный анализ/2024 список' successfully

18-10-2024T06:24:25 - [TEST_STEP][PASSED] - click(findTestObject("Факторный анализ/2024 список")): Object: 'Object Repository/Факторный анализ/2024 список' is clicked on

18-10-2024T06:24:25 - [MESSAGE][PASSED] - Object: 'Object Repository/Факторный анализ/2024 список' is clicked on

18-10-2024T06:24:25 - [TEST_STEP][PASSED] - scrollToElement(findTestObject("Факторный анализ/1 квартал 2024 выбрать"), 30): Scroll to object 'Object Repository/Факторный анализ/1 квартал 2024 выбрать' successfully

18-10-2024T06:24:25 - [MESSAGE][PASSED] - Scroll to object 'Object Repository/Факторный анализ/1 квартал 2024 выбрать' successfully

18-10-2024T06:24:25 - [TEST_STEP][PASSED] - click(findTestObject("Факторный анализ/1 квартал 2024 выбрать")): Object: 'Object Repository/Факторный анализ/1 квартал 2024 выбрать' is clicked on

18-10-2024T06:24:26 - [MESSAGE][PASSED] - Object: 'Object Repository/Факторный анализ/1 квартал 2024 выбрать' is clicked on

18-10-2024T06:24:26 - [TEST_STEP][PASSED] - scrollToElement(findTestObject("Факторный анализ/1 квартал 2024 выбрать"), 30): Scroll to object 'Object Repository/Факторный анализ/1 квартал 2024 выбрать' successfully

18-10-2024T06:24:26 - [MESSAGE][PASSED] - Scroll to object 'Object Repository/Факторный анализ/1 квартал 2024 выбрать' successfully

18-10-2024T06:24:26 - [TEST_STEP][PASSED] - click(findTestObject("Факторный анализ/2 квартал 2024 выбрать"), CONTINUE_ON_FAILURE): Object: 'Object Repository/Факторный анализ/2 квартал 2024 выбрать' is clicked on

18-10-2024T06:24:27 - [MESSAGE][PASSED] - Object: 'Object Repository/Факторный анализ/2 квартал 2024 выбрать' is clicked on

18-10-2024T06:24:27 - [TEST_STEP][PASSED] - click(findTestObject("Факторный анализ/3 квартал 2024 список"), CONTINUE_ON_FAILURE): Object: 'Object Repository/Факторный анализ/3 квартал 2024 список' is clicked on

18-10-2024T06:24:27 - [MESSAGE][PASSED] - Object: 'Object Repository/Факторный анализ/3 квартал 2024 список' is clicked on

18-10-2024T06:24:27 - [TEST_STEP][PASSED] - click(findTestObject("Факторный анализ/Июль 2024"), CONTINUE_ON_FAILURE): Object: 'Object Repository/Факторный анализ/Июль 2024' is clicked on

18-10-2024T06:24:27 - [MESSAGE][PASSED] - Object: 'Object Repository/Факторный анализ/Июль 2024' is clicked on

18-10-2024T06:24:27 - [TEST_STEP][PASSED] - scrollToElement(findTestObject("Факторный анализ/Август 2024"), 30): Scroll to object 'Object Repository/Факторный анализ/Август 2024' successfully

18-10-2024T06:24:28 - [MESSAGE][PASSED] - Scroll to object 'Object Repository/Факторный анализ/Август 2024' successfully

18-10-2024T06:24:28 - [TEST_STEP][PASSED] - click(findTestObject("Факторный анализ/Август 2024"), CONTINUE_ON_FAILURE): Object: 'Object Repository/Факторный анализ/Август 2024' is clicked on

18-10-2024T06:24:28 - [MESSAGE][PASSED] - Object: 'Object Repository/Факторный анализ/Август 2024' is clicked on

18-10-2024T06:24:28 - [TEST_STEP][PASSED] - scrollToElement(findTestObject("Факторный анализ/Заголовок дашборда"), 30): Scroll to object 'Object Repository/Факторный анализ/Заголовок дашборда' successfully

18-10-2024T06:24:29 - [MESSAGE][PASSED] - Scroll to object 'Object Repository/Факторный анализ/Заголовок дашборда' successfully

18-10-2024T06:24:29 - [TEST_STEP][PASSED] - click(findTestObject("Факторный анализ/Применить в фильтре Дата")): Object: 'Object Repository/Факторный анализ/Применить в фильтре Дата' is clicked on

18-10-2024T06:24:29 - [MESSAGE][PASSED] - Object: 'Object Repository/Факторный анализ/Применить в фильтре Дата' is clicked on

18-10-2024T06:24:29 - [TEST_STEP][PASSED] - if (run == 1): null

18-10-2024T06:24:29 - [TEST_STEP][PASSED] - a = getText(findTestObject("Факторный анализ/Отклонения выручки по факторам Блок руководителя")): Text of object 'Object Repository/Факторный анализ/Отклонения выручки по факторам Блок руководителя' is: '-292 398-292 398
-9 531-9 531
Отклонение (объём услуг)
Отклонение (средний тариф)
ПАО Россети'

18-10-2024T06:24:31 - [MESSAGE][PASSED] - Text of object 'Object Repository/Факторный анализ/Отклонения выручки по факторам Блок руководителя' is: '-292 398-292 398
-9 531-9 531
Отклонение (объём услуг)
Отклонение (средний тариф)
ПАО Россети'

18-10-2024T06:24:31 - [TEST_STEP][PASSED] - a = a.replaceAll("[\r?
|
]", "/"): null

18-10-2024T06:24:31 - [TEST_STEP][PASSED] - i = a.indexOf("Отклонение"): null

18-10-2024T06:24:31 - [TEST_STEP][PASSED] - if (i > -1): null

18-10-2024T06:24:31 - [TEST_STEP][PASSED] - i = i: null

18-10-2024T06:24:31 - [TEST_STEP][PASSED] - a = substring(0, i).trim(): null

18-10-2024T06:24:31 - [TEST_STEP][PASSED] - println("a: " + a): null

18-10-2024T06:24:31 - [TEST_STEP][PASSED] - i = a.indexOf("/"): null

18-10-2024T06:24:31 - [TEST_STEP][PASSED] - if (i > -1): null

18-10-2024T06:24:31 - [TEST_STEP][PASSED] - a1 = a.substring(0, i): null

18-10-2024T06:24:31 - [TEST_STEP][PASSED] - println("a1: " + a1): null

18-10-2024T06:24:31 - [TEST_STEP][PASSED] - a2 = a.substring(a1.length() + 1, a.length()): null

18-10-2024T06:24:31 - [TEST_STEP][PASSED] - println("a2: " + a2): null

18-10-2024T06:24:31 - [TEST_STEP][PASSED] - i = a1.length() / 2: null

18-10-2024T06:24:31 - [TEST_STEP][PASSED] - if (i > -1): null

18-10-2024T06:24:31 - [TEST_STEP][PASSED] - a1 = replaceAll("\s+", "").trim(): null

18-10-2024T06:24:31 - [TEST_STEP][PASSED] - println("a1: " + a1): null

18-10-2024T06:24:31 - [TEST_STEP][PASSED] - i = a2.length() / 2: null

18-10-2024T06:24:31 - [TEST_STEP][PASSED] - if (i > -1): null

18-10-2024T06:24:31 - [TEST_STEP][PASSED] - a2 = replaceAll("\s+", "").trim(): null

18-10-2024T06:24:31 - [TEST_STEP][PASSED] - println("a2: " + a2): null

18-10-2024T06:24:31 - [TEST_STEP][PASSED] - tableA = getText(findTestObject("Факторный анализ/AllTable1")).replaceAll("[\r?
|
]", "/"): Text of object 'Object Repository/Факторный анализ/AllTable1' is: 'ДЗО
Филиал
Отклонение (объём услуг)
Отклонение (средний тариф)
АО «Тываэнерго» АО "Тываэнерго" 186 -12
АО «Чеченэнерго» АО «Чеченэнерго» -2 985 11
Россети Волга Мордовэнерго -2 499 -90
Оренбургэнерго -9 857 - 143
Пензаэнерго -5 956 -72
Самарские РС -11 562 - 941
Саратовские РС -11 875 - 402
Ульяновские РС -4 296 - 198
Чувашэнерго -3 667 116
Россети Кубань Кубаньэнерго -47 196 83
Россети Ленэнерго (ГК) Ленинградская область -25 692 323
г. Санкт-Петербург -36 582 - 127
Россети Московский регион Московская область 4 586 - 413
г. Москва 2 708 -39
Россети Северный Кавказ (ГК) Дагестанская энергосбытовая компания - 111 69
Дагэнерго -5 724 434
Ингушэнерго -1 293 90
Каббалкэнерго -2 385 13
Карачаево-Черкесскэнерго -1 553 -13
Севкавказэнерго -2 704 108
Ставропольэнерго -7 412 - 237
Россети Северо-Запад Архангельский филиал 103 -77
Вологодский филиал 233 -6
Карельский филиал 32 154
Мурманский филиал 106 77
Новгородский филиал 212 -42
Псковский филиал 162 -22
филиал в Республике Коми 49 18
Россети Сибирь (ГК) Алтайэнерго 227 241
Бурятэнерго -86 266
ГАЭС 99 -14
Красноярскэнерго 955 - 272
Кузбассэнерго-РЭС 298 222
Омскэнерго 92 - 140
Хакасэнерго 281 - 319
Читаэнерго -27 88
Россети Томск Томская распределительная компания -5 817 - 105
Россети Тюмень Россети Тюмень -57 812 - 419
Россети Урал (ГК) Пермэнерго 620 - 198
Свердловэнерго 891 181
Челябэнерго 893 - 608
Россети ФСК ЕЭС Итого по ФСК ЕЭС 8 451 -7 098
Россети Центр Белгородэнерго 293 77
Брянскэнерго -4 458 7
Воронежэнерго -12 194 118
Костромаэнерго 121 4
Курскэнерго -2 317 105
Липецкэнерго 700 - 301
Орелэнерго -3 056 -11
Смоленскэнерго -5 925 22
Тамбовэнерго -4 626 -10
Тверьэнерго 350 94
Ярэнерго -6 248 6
Россети Центр и Приволжье (ГК) Владимирэнерго 519 47
Ивэнерго 188 28
Калугаэнерго 549 -42
Кировэнерго 395 -2
Мариэнерго 159 13
Нижновэнерго 659 184
Рязаньэнерго 262 38
Тулэнерго 793 - 195
Удмуртэнерго 269 8
Россети Юг (ГК) АО «ВМЭС» -3 002 24
Астраханьэнерго -4 589 69
Волгоградэнерго -8 020 - 274
Калмэнерго -1 313 -5
Ростовэнерго -16 272 11
Россети Янтарь Россети Янтарь 273 -37'

18-10-2024T06:24:32 - [MESSAGE][PASSED] - Text of object 'Object Repository/Факторный анализ/AllTable1' is: 'ДЗО
Филиал
Отклонение (объём услуг)
Отклонение (средний тариф)
АО «Тываэнерго» АО "Тываэнерго" 186 -12
АО «Чеченэнерго» АО «Чеченэнерго» -2 985 11
Россети Волга Мордовэнерго -2 499 -90
Оренбургэнерго -9 857 - 143
Пензаэнерго -5 956 -72
Самарские РС -11 562 - 941
Саратовские РС -11 875 - 402
Ульяновские РС -4 296 - 198
Чувашэнерго -3 667 116
Россети Кубань Кубаньэнерго -47 196 83
Россети Ленэнерго (ГК) Ленинградская область -25 692 323
г. Санкт-Петербург -36 582 - 127
Россети Московский регион Московская область 4 586 - 413
г. Москва 2 708 -39
Россети Северный Кавказ (ГК) Дагестанская энергосбытовая компания - 111 69
Дагэнерго -5 724 434
Ингушэнерго -1 293 90
Каббалкэнерго -2 385 13
Карачаево-Черкесскэнерго -1 553 -13
Севкавказэнерго -2 704 108
Ставропольэнерго -7 412 - 237
Россети Северо-Запад Архангельский филиал 103 -77
Вологодский филиал 233 -6
Карельский филиал 32 154
Мурманский филиал 106 77
Новгородский филиал 212 -42
Псковский филиал 162 -22
филиал в Республике Коми 49 18
Россети Сибирь (ГК) Алтайэнерго 227 241
Бурятэнерго -86 266
ГАЭС 99 -14
Красноярскэнерго 955 - 272
Кузбассэнерго-РЭС 298 222
Омскэнерго 92 - 140
Хакасэнерго 281 - 319
Читаэнерго -27 88
Россети Томск Томская распределительная компания -5 817 - 105
Россети Тюмень Россети Тюмень -57 812 - 419
Россети Урал (ГК) Пермэнерго 620 - 198
Свердловэнерго 891 181
Челябэнерго 893 - 608
Россети ФСК ЕЭС Итого по ФСК ЕЭС 8 451 -7 098
Россети Центр Белгородэнерго 293 77
Брянскэнерго -4 458 7
Воронежэнерго -12 194 118
Костромаэнерго 121 4
Курскэнерго -2 317 105
Липецкэнерго 700 - 301
Орелэнерго -3 056 -11
Смоленскэнерго -5 925 22
Тамбовэнерго -4 626 -10
Тверьэнерго 350 94
Ярэнерго -6 248 6
Россети Центр и Приволжье (ГК) Владимирэнерго 519 47
Ивэнерго 188 28
Калугаэнерго 549 -42
Кировэнерго 395 -2
Мариэнерго 159 13
Нижновэнерго 659 184
Рязаньэнерго 262 38
Тулэнерго 793 - 195
Удмуртэнерго 269 8
Россети Юг (ГК) АО «ВМЭС» -3 002 24
Астраханьэнерго -4 589 69
Волгоградэнерго -8 020 - 274
Калмэнерго -1 313 -5
Ростовэнерго -16 272 11
Россети Янтарь Россети Янтарь 273 -37'

18-10-2024T06:24:32 - [TEST_STEP][PASSED] - println("tableA: " + tableA): null

18-10-2024T06:24:32 - [TEST_STEP][PASSED] - for ([i = 1, i < 5, (i++)]): null

18-10-2024T06:24:32 - [TEST_STEP][PASSED] - ii = tableA.indexOf("/") + 1: null

18-10-2024T06:24:32 - [TEST_STEP][PASSED] - tableA = tableA.substring(ii, tableA.length()): null

18-10-2024T06:24:32 - [TEST_STEP][PASSED] - ii = tableA.indexOf("/") + 1: null

18-10-2024T06:24:32 - [TEST_STEP][PASSED] - tableA = tableA.substring(ii, tableA.length()): null

18-10-2024T06:24:32 - [TEST_STEP][PASSED] - ii = tableA.indexOf("/") + 1: null

18-10-2024T06:24:32 - [TEST_STEP][PASSED] - tableA = tableA.substring(ii, tableA.length()): null

18-10-2024T06:24:32 - [TEST_STEP][PASSED] - ii = tableA.indexOf("/") + 1: null

18-10-2024T06:24:32 - [TEST_STEP][PASSED] - tableA = tableA.substring(ii, tableA.length()): null

18-10-2024T06:24:32 - [TEST_STEP][PASSED] - println("tableA: " + tableA): null

18-10-2024T06:24:32 - [TEST_STEP][PASSED] - TyA = Script1719551244403.GetData(x = tableA): null

18-10-2024T06:24:32 - [TEST_STEP][PASSED] - i2 = <not implemented yet for class: org.codehaus.groovy.ast.expr.EmptyExpression>: null

18-10-2024T06:24:32 - [TEST_STEP][PASSED] - i2 = x.indexOf("/") + 1: null

18-10-2024T06:24:32 - [TEST_STEP][PASSED] - x = replaceAll("\p{P}", "").trim(): null

18-10-2024T06:24:32 - [TEST_STEP][PASSED] - return x: null

18-10-2024T06:24:32 - [TEST_STEP][PASSED] - println("TyA: " + TyA): null

18-10-2024T06:24:32 - [TEST_STEP][PASSED] - tableA = Script1719551244403.NewDZO(x = tableA): null

18-10-2024T06:24:32 - [TEST_STEP][PASSED] - i3 = <not implemented yet for class: org.codehaus.groovy.ast.expr.EmptyExpression>: null

18-10-2024T06:24:32 - [TEST_STEP][PASSED] - i3 = x.indexOf("/") + 1: null

18-10-2024T06:24:32 - [TEST_STEP][PASSED] - x = x.substring(i3, x.length()): null

18-10-2024T06:24:32 - [TEST_STEP][PASSED] - return x: null

18-10-2024T06:24:32 - [TEST_STEP][PASSED] - ChA = Script1719551244403.GetData(x = tableA): null

18-10-2024T06:24:32 - [TEST_STEP][PASSED] - i2 = <not implemented yet for class: org.codehaus.groovy.ast.expr.EmptyExpression>: null

18-10-2024T06:24:32 - [TEST_STEP][PASSED] - i2 = x.indexOf("/") + 1: null

18-10-2024T06:24:32 - [TEST_STEP][PASSED] - x = replaceAll("\p{P}", "").trim(): null

18-10-2024T06:24:32 - [TEST_STEP][PASSED] - return x: null

18-10-2024T06:24:32 - [TEST_STEP][PASSED] - println("ChA: " + ChA): null

18-10-2024T06:24:32 - [TEST_STEP][PASSED] - tableA = Script1719551244403.NewDZO(x = tableA): null

18-10-2024T06:24:32 - [TEST_STEP][PASSED] - i3 = <not implemented yet for class: org.codehaus.groovy.ast.expr.EmptyExpression>: null

18-10-2024T06:24:32 - [TEST_STEP][PASSED] - i3 = x.indexOf("/") + 1: null

18-10-2024T06:24:32 - [TEST_STEP][PASSED] - x = x.substring(i3, x.length()): null

18-10-2024T06:24:32 - [TEST_STEP][PASSED] - return x: null

18-10-2024T06:24:32 - [TEST_STEP][PASSED] - i = tableA.indexOf("Кубань"): null

18-10-2024T06:24:32 - [TEST_STEP][PASSED] - VA = replaceAll("\p{P}", "").trim(): null

18-10-2024T06:24:32 - [TEST_STEP][PASSED] - println("VA: " + VA): null

18-10-2024T06:24:32 - [TEST_STEP][PASSED] - for ([i = 1, i < 8, (i++)]): null

18-10-2024T06:24:32 - [TEST_STEP][PASSED] - tableA = Script1719551244403.NewDZO(x = tableA): null

18-10-2024T06:24:32 - [TEST_STEP][PASSED] - i3 = <not implemented yet for class: org.codehaus.groovy.ast.expr.EmptyExpression>: null

18-10-2024T06:24:32 - [TEST_STEP][PASSED] - i3 = x.indexOf("/") + 1: null

18-10-2024T06:24:32 - [TEST_STEP][PASSED] - x = x.substring(i3, x.length()): null

18-10-2024T06:24:32 - [TEST_STEP][PASSED] - return x: null

18-10-2024T06:24:32 - [TEST_STEP][PASSED] - tableA = Script1719551244403.NewDZO(x = tableA): null

18-10-2024T06:24:32 - [TEST_STEP][PASSED] - i3 = <not implemented yet for class: org.codehaus.groovy.ast.expr.EmptyExpression>: null

18-10-2024T06:24:32 - [TEST_STEP][PASSED] - i3 = x.indexOf("/") + 1: null

18-10-2024T06:24:32 - [TEST_STEP][PASSED] - x = x.substring(i3, x.length()): null

18-10-2024T06:24:32 - [TEST_STEP][PASSED] - return x: null

18-10-2024T06:24:32 - [TEST_STEP][PASSED] - tableA = Script1719551244403.NewDZO(x = tableA): null

18-10-2024T06:24:32 - [TEST_STEP][PASSED] - i3 = <not implemented yet for class: org.codehaus.groovy.ast.expr.EmptyExpression>: null

18-10-2024T06:24:32 - [TEST_STEP][PASSED] - i3 = x.indexOf("/") + 1: null

18-10-2024T06:24:32 - [TEST_STEP][PASSED] - x = x.substring(i3, x.length()): null

18-10-2024T06:24:32 - [TEST_STEP][PASSED] - return x: null

18-10-2024T06:24:32 - [TEST_STEP][PASSED] - tableA = Script1719551244403.NewDZO(x = tableA): null

18-10-2024T06:24:32 - [TEST_STEP][PASSED] - i3 = <not implemented yet for class: org.codehaus.groovy.ast.expr.EmptyExpression>: null

18-10-2024T06:24:32 - [TEST_STEP][PASSED] - i3 = x.indexOf("/") + 1: null

18-10-2024T06:24:32 - [TEST_STEP][PASSED] - x = x.substring(i3, x.length()): null

18-10-2024T06:24:32 - [TEST_STEP][PASSED] - return x: null

18-10-2024T06:24:32 - [TEST_STEP][PASSED] - tableA = Script1719551244403.NewDZO(x = tableA): null

18-10-2024T06:24:32 - [TEST_STEP][PASSED] - i3 = <not implemented yet for class: org.codehaus.groovy.ast.expr.EmptyExpression>: null

18-10-2024T06:24:32 - [TEST_STEP][PASSED] - i3 = x.indexOf("/") + 1: null

18-10-2024T06:24:32 - [TEST_STEP][PASSED] - x = x.substring(i3, x.length()): null

18-10-2024T06:24:32 - [TEST_STEP][PASSED] - return x: null

18-10-2024T06:24:32 - [TEST_STEP][PASSED] - tableA = Script1719551244403.NewDZO(x = tableA): null

18-10-2024T06:24:32 - [TEST_STEP][PASSED] - i3 = <not implemented yet for class: org.codehaus.groovy.ast.expr.EmptyExpression>: null

18-10-2024T06:24:32 - [TEST_STEP][PASSED] - i3 = x.indexOf("/") + 1: null

18-10-2024T06:24:32 - [TEST_STEP][PASSED] - x = x.substring(i3, x.length()): null

18-10-2024T06:24:32 - [TEST_STEP][PASSED] - return x: null

18-10-2024T06:24:32 - [TEST_STEP][PASSED] - tableA = Script1719551244403.NewDZO(x = tableA): null

18-10-2024T06:24:32 - [TEST_STEP][PASSED] - i3 = <not implemented yet for class: org.codehaus.groovy.ast.expr.EmptyExpression>: null

18-10-2024T06:24:32 - [TEST_STEP][PASSED] - i3 = x.indexOf("/") + 1: null

18-10-2024T06:24:32 - [TEST_STEP][PASSED] - x = x.substring(i3, x.length()): null

18-10-2024T06:24:32 - [TEST_STEP][PASSED] - return x: null

18-10-2024T06:24:32 - [TEST_STEP][PASSED] - i = tableA.indexOf("Ленэнерго"): null

18-10-2024T06:24:32 - [TEST_STEP][PASSED] - KuA = Script1719551244403.GetData(x = tableA): null

18-10-2024T06:24:32 - [TEST_STEP][PASSED] - i2 = <not implemented yet for class: org.codehaus.groovy.ast.expr.EmptyExpression>: null

18-10-2024T06:24:32 - [TEST_STEP][PASSED] - i2 = x.indexOf("/") + 1: null

18-10-2024T06:24:32 - [TEST_STEP][PASSED] - x = replaceAll("\p{P}", "").trim(): null

18-10-2024T06:24:32 - [TEST_STEP][PASSED] - return x: null

18-10-2024T06:24:32 - [TEST_STEP][PASSED] - println("KuA: " + KuA): null

18-10-2024T06:24:32 - [TEST_STEP][PASSED] - tableA = Script1719551244403.NewDZO(x = tableA): null

18-10-2024T06:24:32 - [TEST_STEP][PASSED] - i3 = <not implemented yet for class: org.codehaus.groovy.ast.expr.EmptyExpression>: null

18-10-2024T06:24:32 - [TEST_STEP][PASSED] - i3 = x.indexOf("/") + 1: null

18-10-2024T06:24:32 - [TEST_STEP][PASSED] - x = x.substring(i3, x.length()): null

18-10-2024T06:24:32 - [TEST_STEP][PASSED] - return x: null

18-10-2024T06:24:32 - [TEST_STEP][PASSED] - i = tableA.indexOf("Московский"): null

18-10-2024T06:24:32 - [TEST_STEP][PASSED] - LenA = replaceAll("\p{P}", "").trim(): null

18-10-2024T06:24:32 - [TEST_STEP][PASSED] - println("LenA: " + LenA): null

18-10-2024T06:24:32 - [TEST_STEP][PASSED] - tableA = Script1719551244403.NewDZO(x = tableA): null

18-10-2024T06:24:32 - [TEST_STEP][PASSED] - i3 = <not implemented yet for class: org.codehaus.groovy.ast.expr.EmptyExpression>: null

18-10-2024T06:24:32 - [TEST_STEP][PASSED] - i3 = x.indexOf("/") + 1: null

18-10-2024T06:24:32 - [TEST_STEP][PASSED] - x = x.substring(i3, x.length()): null

18-10-2024T06:24:32 - [TEST_STEP][PASSED] - return x: null

18-10-2024T06:24:32 - [TEST_STEP][PASSED] - tableA = Script1719551244403.NewDZO(x = tableA): null

18-10-2024T06:24:32 - [TEST_STEP][PASSED] - i3 = <not implemented yet for class: org.codehaus.groovy.ast.expr.EmptyExpression>: null

18-10-2024T06:24:32 - [TEST_STEP][PASSED] - i3 = x.indexOf("/") + 1: null

18-10-2024T06:24:32 - [TEST_STEP][PASSED] - x = x.substring(i3, x.length()): null

18-10-2024T06:24:32 - [TEST_STEP][PASSED] - return x: null

18-10-2024T06:24:32 - [TEST_STEP][PASSED] - i = tableA.indexOf("Кавказ"): null

18-10-2024T06:24:32 - [TEST_STEP][PASSED] - MosA = replaceAll("\p{P}", "").trim(): null

18-10-2024T06:24:32 - [TEST_STEP][PASSED] - println("MosA: " + MosA): null

18-10-2024T06:24:32 - [TEST_STEP][PASSED] - for ([i = 1, i < 3, (i++)]): null

18-10-2024T06:24:32 - [TEST_STEP][PASSED] - tableA = Script1719551244403.NewDZO(x = tableA): null

18-10-2024T06:24:32 - [TEST_STEP][PASSED] - i3 = <not implemented yet for class: org.codehaus.groovy.ast.expr.EmptyExpression>: null

18-10-2024T06:24:32 - [TEST_STEP][PASSED] - i3 = x.indexOf("/") + 1: null

18-10-2024T06:24:32 - [TEST_STEP][PASSED] - x = x.substring(i3, x.length()): null

18-10-2024T06:24:32 - [TEST_STEP][PASSED] - return x: null

18-10-2024T06:24:32 - [TEST_STEP][PASSED] - tableA = Script1719551244403.NewDZO(x = tableA): null

18-10-2024T06:24:32 - [TEST_STEP][PASSED] - i3 = <not implemented yet for class: org.codehaus.groovy.ast.expr.EmptyExpression>: null

18-10-2024T06:24:32 - [TEST_STEP][PASSED] - i3 = x.indexOf("/") + 1: null

18-10-2024T06:24:32 - [TEST_STEP][PASSED] - x = x.substring(i3, x.length()): null

18-10-2024T06:24:32 - [TEST_STEP][PASSED] - return x: null

18-10-2024T06:24:32 - [TEST_STEP][PASSED] - i = tableA.indexOf("Запад"): null

18-10-2024T06:24:32 - [TEST_STEP][PASSED] - SKA = replaceAll("\p{P}", "").trim(): null

18-10-2024T06:24:32 - [TEST_STEP][PASSED] - println("SKA: " + SKA): null

18-10-2024T06:24:32 - [TEST_STEP][PASSED] - for ([i = 1, i < 7, (i++)]): null

18-10-2024T06:24:32 - [TEST_STEP][PASSED] - tableA = Script1719551244403.NewDZO(x = tableA): null

18-10-2024T06:24:32 - [TEST_STEP][PASSED] - i3 = <not implemented yet for class: org.codehaus.groovy.ast.expr.EmptyExpression>: null

18-10-2024T06:24:32 - [TEST_STEP][PASSED] - i3 = x.indexOf("/") + 1: null

18-10-2024T06:24:32 - [TEST_STEP][PASSED] - x = x.substring(i3, x.length()): null

18-10-2024T06:24:32 - [TEST_STEP][PASSED] - return x: null

18-10-2024T06:24:32 - [TEST_STEP][PASSED] - tableA = Script1719551244403.NewDZO(x = tableA): null

18-10-2024T06:24:32 - [TEST_STEP][PASSED] - i3 = <not implemented yet for class: org.codehaus.groovy.ast.expr.EmptyExpression>: null

18-10-2024T06:24:32 - [TEST_STEP][PASSED] - i3 = x.indexOf("/") + 1: null

18-10-2024T06:24:32 - [TEST_STEP][PASSED] - x = x.substring(i3, x.length()): null

18-10-2024T06:24:32 - [TEST_STEP][PASSED] - return x: null

18-10-2024T06:24:32 - [TEST_STEP][PASSED] - tableA = Script1719551244403.NewDZO(x = tableA): null

18-10-2024T06:24:32 - [TEST_STEP][PASSED] - i3 = <not implemented yet for class: org.codehaus.groovy.ast.expr.EmptyExpression>: null

18-10-2024T06:24:32 - [TEST_STEP][PASSED] - i3 = x.indexOf("/") + 1: null

18-10-2024T06:24:32 - [TEST_STEP][PASSED] - x = x.substring(i3, x.length()): null

18-10-2024T06:24:32 - [TEST_STEP][PASSED] - return x: null

18-10-2024T06:24:32 - [TEST_STEP][PASSED] - tableA = Script1719551244403.NewDZO(x = tableA): null

18-10-2024T06:24:32 - [TEST_STEP][PASSED] - i3 = <not implemented yet for class: org.codehaus.groovy.ast.expr.EmptyExpression>: null

18-10-2024T06:24:32 - [TEST_STEP][PASSED] - i3 = x.indexOf("/") + 1: null

18-10-2024T06:24:32 - [TEST_STEP][PASSED] - x = x.substring(i3, x.length()): null

18-10-2024T06:24:32 - [TEST_STEP][PASSED] - return x: null

18-10-2024T06:24:32 - [TEST_STEP][PASSED] - tableA = Script1719551244403.NewDZO(x = tableA): null

18-10-2024T06:24:32 - [TEST_STEP][PASSED] - i3 = <not implemented yet for class: org.codehaus.groovy.ast.expr.EmptyExpression>: null

18-10-2024T06:24:32 - [TEST_STEP][PASSED] - i3 = x.indexOf("/") + 1: null

18-10-2024T06:24:32 - [TEST_STEP][PASSED] - x = x.substring(i3, x.length()): null

18-10-2024T06:24:32 - [TEST_STEP][PASSED] - return x: null

18-10-2024T06:24:32 - [TEST_STEP][PASSED] - tableA = Script1719551244403.NewDZO(x = tableA): null

18-10-2024T06:24:32 - [TEST_STEP][PASSED] - i3 = <not implemented yet for class: org.codehaus.groovy.ast.expr.EmptyExpression>: null

18-10-2024T06:24:32 - [TEST_STEP][PASSED] - i3 = x.indexOf("/") + 1: null

18-10-2024T06:24:32 - [TEST_STEP][PASSED] - x = x.substring(i3, x.length()): null

18-10-2024T06:24:32 - [TEST_STEP][PASSED] - return x: null

18-10-2024T06:24:32 - [TEST_STEP][PASSED] - i = tableA.indexOf("Сибирь"): null

18-10-2024T06:24:32 - [TEST_STEP][PASSED] - SZA = replaceAll("\p{P}", "").trim(): null

18-10-2024T06:24:32 - [TEST_STEP][PASSED] - println("SZA: " + SZA): null

18-10-2024T06:24:32 - [TEST_STEP][PASSED] - for ([i = 1, i < 8, (i++)]): null

18-10-2024T06:24:32 - [TEST_STEP][PASSED] - tableA = Script1719551244403.NewDZO(x = tableA): null

18-10-2024T06:24:32 - [TEST_STEP][PASSED] - i3 = <not implemented yet for class: org.codehaus.groovy.ast.expr.EmptyExpression>: null

18-10-2024T06:24:32 - [TEST_STEP][PASSED] - i3 = x.indexOf("/") + 1: null

18-10-2024T06:24:32 - [TEST_STEP][PASSED] - x = x.substring(i3, x.length()): null

18-10-2024T06:24:32 - [TEST_STEP][PASSED] - return x: null

18-10-2024T06:24:32 - [TEST_STEP][PASSED] - tableA = Script1719551244403.NewDZO(x = tableA): null

18-10-2024T06:24:32 - [TEST_STEP][PASSED] - i3 = <not implemented yet for class: org.codehaus.groovy.ast.expr.EmptyExpression>: null

18-10-2024T06:24:32 - [TEST_STEP][PASSED] - i3 = x.indexOf("/") + 1: null

18-10-2024T06:24:32 - [TEST_STEP][PASSED] - x = x.substring(i3, x.length()): null

18-10-2024T06:24:32 - [TEST_STEP][PASSED] - return x: null

18-10-2024T06:24:32 - [TEST_STEP][PASSED] - tableA = Script1719551244403.NewDZO(x = tableA): null

18-10-2024T06:24:32 - [TEST_STEP][PASSED] - i3 = <not implemented yet for class: org.codehaus.groovy.ast.expr.EmptyExpression>: null

18-10-2024T06:24:32 - [TEST_STEP][PASSED] - i3 = x.indexOf("/") + 1: null

18-10-2024T06:24:32 - [TEST_STEP][PASSED] - x = x.substring(i3, x.length()): null

18-10-2024T06:24:32 - [TEST_STEP][PASSED] - return x: null

18-10-2024T06:24:32 - [TEST_STEP][PASSED] - tableA = Script1719551244403.NewDZO(x = tableA): null

18-10-2024T06:24:32 - [TEST_STEP][PASSED] - i3 = <not implemented yet for class: org.codehaus.groovy.ast.expr.EmptyExpression>: null

18-10-2024T06:24:32 - [TEST_STEP][PASSED] - i3 = x.indexOf("/") + 1: null

18-10-2024T06:24:32 - [TEST_STEP][PASSED] - x = x.substring(i3, x.length()): null

18-10-2024T06:24:32 - [TEST_STEP][PASSED] - return x: null

18-10-2024T06:24:32 - [TEST_STEP][PASSED] - tableA = Script1719551244403.NewDZO(x = tableA): null

18-10-2024T06:24:32 - [TEST_STEP][PASSED] - i3 = <not implemented yet for class: org.codehaus.groovy.ast.expr.EmptyExpression>: null

18-10-2024T06:24:32 - [TEST_STEP][PASSED] - i3 = x.indexOf("/") + 1: null

18-10-2024T06:24:32 - [TEST_STEP][PASSED] - x = x.substring(i3, x.length()): null

18-10-2024T06:24:32 - [TEST_STEP][PASSED] - return x: null

18-10-2024T06:24:32 - [TEST_STEP][PASSED] - tableA = Script1719551244403.NewDZO(x = tableA): null

18-10-2024T06:24:32 - [TEST_STEP][PASSED] - i3 = <not implemented yet for class: org.codehaus.groovy.ast.expr.EmptyExpression>: null

18-10-2024T06:24:32 - [TEST_STEP][PASSED] - i3 = x.indexOf("/") + 1: null

18-10-2024T06:24:32 - [TEST_STEP][PASSED] - x = x.substring(i3, x.length()): null

18-10-2024T06:24:32 - [TEST_STEP][PASSED] - return x: null

18-10-2024T06:24:32 - [TEST_STEP][PASSED] - tableA = Script1719551244403.NewDZO(x = tableA): null

18-10-2024T06:24:32 - [TEST_STEP][PASSED] - i3 = <not implemented yet for class: org.codehaus.groovy.ast.expr.EmptyExpression>: null

18-10-2024T06:24:32 - [TEST_STEP][PASSED] - i3 = x.indexOf("/") + 1: null

18-10-2024T06:24:32 - [TEST_STEP][PASSED] - x = x.substring(i3, x.length()): null

18-10-2024T06:24:32 - [TEST_STEP][PASSED] - return x: null

18-10-2024T06:24:32 - [TEST_STEP][PASSED] - i = tableA.indexOf("Томск"): null

18-10-2024T06:24:32 - [TEST_STEP][PASSED] - SiA = replaceAll("\p{P}", "").trim(): null

18-10-2024T06:24:32 - [TEST_STEP][PASSED] - println("SiA: " + SiA): null

18-10-2024T06:24:32 - [TEST_STEP][PASSED] - for ([i = 1, i < 9, (i++)]): null

18-10-2024T06:24:32 - [TEST_STEP][PASSED] - tableA = Script1719551244403.NewDZO(x = tableA): null

18-10-2024T06:24:32 - [TEST_STEP][PASSED] - i3 = <not implemented yet for class: org.codehaus.groovy.ast.expr.EmptyExpression>: null

18-10-2024T06:24:32 - [TEST_STEP][PASSED] - i3 = x.indexOf("/") + 1: null

18-10-2024T06:24:32 - [TEST_STEP][PASSED] - x = x.substring(i3, x.length()): null

18-10-2024T06:24:32 - [TEST_STEP][PASSED] - return x: null

18-10-2024T06:24:32 - [TEST_STEP][PASSED] - tableA = Script1719551244403.NewDZO(x = tableA): null

18-10-2024T06:24:32 - [TEST_STEP][PASSED] - i3 = <not implemented yet for class: org.codehaus.groovy.ast.expr.EmptyExpression>: null

18-10-2024T06:24:32 - [TEST_STEP][PASSED] - i3 = x.indexOf("/") + 1: null

18-10-2024T06:24:32 - [TEST_STEP][PASSED] - x = x.substring(i3, x.length()): null

18-10-2024T06:24:32 - [TEST_STEP][PASSED] - return x: null

18-10-2024T06:24:32 - [TEST_STEP][PASSED] - tableA = Script1719551244403.NewDZO(x = tableA): null

18-10-2024T06:24:32 - [TEST_STEP][PASSED] - i3 = <not implemented yet for class: org.codehaus.groovy.ast.expr.EmptyExpression>: null

18-10-2024T06:24:32 - [TEST_STEP][PASSED] - i3 = x.indexOf("/") + 1: null

18-10-2024T06:24:32 - [TEST_STEP][PASSED] - x = x.substring(i3, x.length()): null

18-10-2024T06:24:32 - [TEST_STEP][PASSED] - return x: null

18-10-2024T06:24:32 - [TEST_STEP][PASSED] - tableA = Script1719551244403.NewDZO(x = tableA): null

18-10-2024T06:24:32 - [TEST_STEP][PASSED] - i3 = <not implemented yet for class: org.codehaus.groovy.ast.expr.EmptyExpression>: null

18-10-2024T06:24:32 - [TEST_STEP][PASSED] - i3 = x.indexOf("/") + 1: null

18-10-2024T06:24:32 - [TEST_STEP][PASSED] - x = x.substring(i3, x.length()): null

18-10-2024T06:24:32 - [TEST_STEP][PASSED] - return x: null

18-10-2024T06:24:32 - [TEST_STEP][PASSED] - tableA = Script1719551244403.NewDZO(x = tableA): null

18-10-2024T06:24:32 - [TEST_STEP][PASSED] - i3 = <not implemented yet for class: org.codehaus.groovy.ast.expr.EmptyExpression>: null

18-10-2024T06:24:32 - [TEST_STEP][PASSED] - i3 = x.indexOf("/") + 1: null

18-10-2024T06:24:32 - [TEST_STEP][PASSED] - x = x.substring(i3, x.length()): null

18-10-2024T06:24:32 - [TEST_STEP][PASSED] - return x: null

18-10-2024T06:24:32 - [TEST_STEP][PASSED] - tableA = Script1719551244403.NewDZO(x = tableA): null

18-10-2024T06:24:32 - [TEST_STEP][PASSED] - i3 = <not implemented yet for class: org.codehaus.groovy.ast.expr.EmptyExpression>: null

18-10-2024T06:24:32 - [TEST_STEP][PASSED] - i3 = x.indexOf("/") + 1: null

18-10-2024T06:24:32 - [TEST_STEP][PASSED] - x = x.substring(i3, x.length()): null

18-10-2024T06:24:32 - [TEST_STEP][PASSED] - return x: null

18-10-2024T06:24:32 - [TEST_STEP][PASSED] - tableA = Script1719551244403.NewDZO(x = tableA): null

18-10-2024T06:24:32 - [TEST_STEP][PASSED] - i3 = <not implemented yet for class: org.codehaus.groovy.ast.expr.EmptyExpression>: null

18-10-2024T06:24:32 - [TEST_STEP][PASSED] - i3 = x.indexOf("/") + 1: null

18-10-2024T06:24:32 - [TEST_STEP][PASSED] - x = x.substring(i3, x.length()): null

18-10-2024T06:24:32 - [TEST_STEP][PASSED] - return x: null

18-10-2024T06:24:32 - [TEST_STEP][PASSED] - tableA = Script1719551244403.NewDZO(x = tableA): null

18-10-2024T06:24:32 - [TEST_STEP][PASSED] - i3 = <not implemented yet for class: org.codehaus.groovy.ast.expr.EmptyExpression>: null

18-10-2024T06:24:32 - [TEST_STEP][PASSED] - i3 = x.indexOf("/") + 1: null

18-10-2024T06:24:32 - [TEST_STEP][PASSED] - x = x.substring(i3, x.length()): null

18-10-2024T06:24:32 - [TEST_STEP][PASSED] - return x: null

18-10-2024T06:24:32 - [TEST_STEP][PASSED] - i = tableA.indexOf("Тюмень"): null

18-10-2024T06:24:32 - [TEST_STEP][PASSED] - ToA = replaceAll("\p{P}", "").trim(): null

18-10-2024T06:24:32 - [TEST_STEP][PASSED] - println("ToA: " + ToA): null

18-10-2024T06:24:32 - [TEST_STEP][PASSED] - tableA = Script1719551244403.NewDZO(x = tableA): null

18-10-2024T06:24:32 - [TEST_STEP][PASSED] - i3 = <not implemented yet for class: org.codehaus.groovy.ast.expr.EmptyExpression>: null

18-10-2024T06:24:32 - [TEST_STEP][PASSED] - i3 = x.indexOf("/") + 1: null

18-10-2024T06:24:32 - [TEST_STEP][PASSED] - x = x.substring(i3, x.length()): null

18-10-2024T06:24:32 - [TEST_STEP][PASSED] - return x: null

18-10-2024T06:24:32 - [TEST_STEP][PASSED] - TyuA = replaceAll("\p{P}", "").trim(): null

18-10-2024T06:24:32 - [TEST_STEP][PASSED] - println("TyuA: " + TyuA): null

18-10-2024T06:24:32 - [TEST_STEP][PASSED] - tableA = Script1719551244403.NewDZO(x = tableA): null

18-10-2024T06:24:32 - [TEST_STEP][PASSED] - i3 = <not implemented yet for class: org.codehaus.groovy.ast.expr.EmptyExpression>: null

18-10-2024T06:24:32 - [TEST_STEP][PASSED] - i3 = x.indexOf("/") + 1: null

18-10-2024T06:24:32 - [TEST_STEP][PASSED] - x = x.substring(i3, x.length()): null

18-10-2024T06:24:32 - [TEST_STEP][PASSED] - return x: null

18-10-2024T06:24:32 - [TEST_STEP][PASSED] - i = tableA.indexOf("ЕЭС"): null

18-10-2024T06:24:32 - [TEST_STEP][PASSED] - UrA = replaceAll("\p{P}", "").trim(): null

18-10-2024T06:24:32 - [TEST_STEP][PASSED] - println("UrA: " + UrA): null

18-10-2024T06:24:32 - [TEST_STEP][PASSED] - for ([i = 1, i < 4, (i++)]): null

18-10-2024T06:24:32 - [TEST_STEP][PASSED] - tableA = Script1719551244403.NewDZO(x = tableA): null

18-10-2024T06:24:32 - [TEST_STEP][PASSED] - i3 = <not implemented yet for class: org.codehaus.groovy.ast.expr.EmptyExpression>: null

18-10-2024T06:24:32 - [TEST_STEP][PASSED] - i3 = x.indexOf("/") + 1: null

18-10-2024T06:24:32 - [TEST_STEP][PASSED] - x = x.substring(i3, x.length()): null

18-10-2024T06:24:32 - [TEST_STEP][PASSED] - return x: null

18-10-2024T06:24:32 - [TEST_STEP][PASSED] - tableA = Script1719551244403.NewDZO(x = tableA): null

18-10-2024T06:24:32 - [TEST_STEP][PASSED] - i3 = <not implemented yet for class: org.codehaus.groovy.ast.expr.EmptyExpression>: null

18-10-2024T06:24:32 - [TEST_STEP][PASSED] - i3 = x.indexOf("/") + 1: null

18-10-2024T06:24:32 - [TEST_STEP][PASSED] - x = x.substring(i3, x.length()): null

18-10-2024T06:24:32 - [TEST_STEP][PASSED] - return x: null

18-10-2024T06:24:32 - [TEST_STEP][PASSED] - tableA = Script1719551244403.NewDZO(x = tableA): null

18-10-2024T06:24:32 - [TEST_STEP][PASSED] - i3 = <not implemented yet for class: org.codehaus.groovy.ast.expr.EmptyExpression>: null

18-10-2024T06:24:32 - [TEST_STEP][PASSED] - i3 = x.indexOf("/") + 1: null

18-10-2024T06:24:32 - [TEST_STEP][PASSED] - x = x.substring(i3, x.length()): null

18-10-2024T06:24:32 - [TEST_STEP][PASSED] - return x: null

18-10-2024T06:24:32 - [TEST_STEP][PASSED] - i = tableA.indexOf("Центр"): null

18-10-2024T06:24:32 - [TEST_STEP][PASSED] - FSKA = replaceAll("\p{P}", "").trim(): null

18-10-2024T06:24:32 - [TEST_STEP][PASSED] - println("FSKA: " + FSKA): null

18-10-2024T06:24:32 - [TEST_STEP][PASSED] - tableA = Script1719551244403.NewDZO(x = tableA): null

18-10-2024T06:24:32 - [TEST_STEP][PASSED] - i3 = <not implemented yet for class: org.codehaus.groovy.ast.expr.EmptyExpression>: null

18-10-2024T06:24:32 - [TEST_STEP][PASSED] - i3 = x.indexOf("/") + 1: null

18-10-2024T06:24:32 - [TEST_STEP][PASSED] - x = x.substring(i3, x.length()): null

18-10-2024T06:24:32 - [TEST_STEP][PASSED] - return x: null

18-10-2024T06:24:32 - [TEST_STEP][PASSED] - i = tableA.indexOf("Приволжье"): null

18-10-2024T06:24:32 - [TEST_STEP][PASSED] - CenA = replaceAll("\p{P}", "").trim(): null

18-10-2024T06:24:32 - [TEST_STEP][PASSED] - println("CenA: " + CenA): null

18-10-2024T06:24:32 - [TEST_STEP][PASSED] - for ([i = 1, i < 12, (i++)]): null

18-10-2024T06:24:32 - [TEST_STEP][PASSED] - tableA = Script1719551244403.NewDZO(x = tableA): null

18-10-2024T06:24:32 - [TEST_STEP][PASSED] - i3 = <not implemented yet for class: org.codehaus.groovy.ast.expr.EmptyExpression>: null

18-10-2024T06:24:32 - [TEST_STEP][PASSED] - i3 = x.indexOf("/") + 1: null

18-10-2024T06:24:32 - [TEST_STEP][PASSED] - x = x.substring(i3, x.length()): null

18-10-2024T06:24:32 - [TEST_STEP][PASSED] - return x: null

18-10-2024T06:24:32 - [TEST_STEP][PASSED] - tableA = Script1719551244403.NewDZO(x = tableA): null

18-10-2024T06:24:32 - [TEST_STEP][PASSED] - i3 = <not implemented yet for class: org.codehaus.groovy.ast.expr.EmptyExpression>: null

18-10-2024T06:24:32 - [TEST_STEP][PASSED] - i3 = x.indexOf("/") + 1: null

18-10-2024T06:24:32 - [TEST_STEP][PASSED] - x = x.substring(i3, x.length()): null

18-10-2024T06:24:32 - [TEST_STEP][PASSED] - return x: null

18-10-2024T06:24:32 - [TEST_STEP][PASSED] - tableA = Script1719551244403.NewDZO(x = tableA): null

18-10-2024T06:24:32 - [TEST_STEP][PASSED] - i3 = <not implemented yet for class: org.codehaus.groovy.ast.expr.EmptyExpression>: null

18-10-2024T06:24:32 - [TEST_STEP][PASSED] - i3 = x.indexOf("/") + 1: null

18-10-2024T06:24:32 - [TEST_STEP][PASSED] - x = x.substring(i3, x.length()): null

18-10-2024T06:24:32 - [TEST_STEP][PASSED] - return x: null

18-10-2024T06:24:32 - [TEST_STEP][PASSED] - tableA = Script1719551244403.NewDZO(x = tableA): null

18-10-2024T06:24:32 - [TEST_STEP][PASSED] - i3 = <not implemented yet for class: org.codehaus.groovy.ast.expr.EmptyExpression>: null

18-10-2024T06:24:32 - [TEST_STEP][PASSED] - i3 = x.indexOf("/") + 1: null

18-10-2024T06:24:32 - [TEST_STEP][PASSED] - x = x.substring(i3, x.length()): null

18-10-2024T06:24:32 - [TEST_STEP][PASSED] - return x: null

18-10-2024T06:24:32 - [TEST_STEP][PASSED] - tableA = Script1719551244403.NewDZO(x = tableA): null

18-10-2024T06:24:32 - [TEST_STEP][PASSED] - i3 = <not implemented yet for class: org.codehaus.groovy.ast.expr.EmptyExpression>: null

18-10-2024T06:24:32 - [TEST_STEP][PASSED] - i3 = x.indexOf("/") + 1: null

18-10-2024T06:24:32 - [TEST_STEP][PASSED] - x = x.substring(i3, x.length()): null

18-10-2024T06:24:32 - [TEST_STEP][PASSED] - return x: null

18-10-2024T06:24:32 - [TEST_STEP][PASSED] - tableA = Script1719551244403.NewDZO(x = tableA): null

18-10-2024T06:24:32 - [TEST_STEP][PASSED] - i3 = <not implemented yet for class: org.codehaus.groovy.ast.expr.EmptyExpression>: null

18-10-2024T06:24:32 - [TEST_STEP][PASSED] - i3 = x.indexOf("/") + 1: null

18-10-2024T06:24:32 - [TEST_STEP][PASSED] - x = x.substring(i3, x.length()): null

18-10-2024T06:24:32 - [TEST_STEP][PASSED] - return x: null

18-10-2024T06:24:32 - [TEST_STEP][PASSED] - tableA = Script1719551244403.NewDZO(x = tableA): null

18-10-2024T06:24:32 - [TEST_STEP][PASSED] - i3 = <not implemented yet for class: org.codehaus.groovy.ast.expr.EmptyExpression>: null

18-10-2024T06:24:32 - [TEST_STEP][PASSED] - i3 = x.indexOf("/") + 1: null

18-10-2024T06:24:32 - [TEST_STEP][PASSED] - x = x.substring(i3, x.length()): null

18-10-2024T06:24:32 - [TEST_STEP][PASSED] - return x: null

18-10-2024T06:24:32 - [TEST_STEP][PASSED] - tableA = Script1719551244403.NewDZO(x = tableA): null

18-10-2024T06:24:32 - [TEST_STEP][PASSED] - i3 = <not implemented yet for class: org.codehaus.groovy.ast.expr.EmptyExpression>: null

18-10-2024T06:24:32 - [TEST_STEP][PASSED] - i3 = x.indexOf("/") + 1: null

18-10-2024T06:24:32 - [TEST_STEP][PASSED] - x = x.substring(i3, x.length()): null

18-10-2024T06:24:32 - [TEST_STEP][PASSED] - return x: null

18-10-2024T06:24:32 - [TEST_STEP][PASSED] - tableA = Script1719551244403.NewDZO(x = tableA): null

18-10-2024T06:24:32 - [TEST_STEP][PASSED] - i3 = <not implemented yet for class: org.codehaus.groovy.ast.expr.EmptyExpression>: null

18-10-2024T06:24:32 - [TEST_STEP][PASSED] - i3 = x.indexOf("/") + 1: null

18-10-2024T06:24:32 - [TEST_STEP][PASSED] - x = x.substring(i3, x.length()): null

18-10-2024T06:24:32 - [TEST_STEP][PASSED] - return x: null

18-10-2024T06:24:32 - [TEST_STEP][PASSED] - tableA = Script1719551244403.NewDZO(x = tableA): null

18-10-2024T06:24:32 - [TEST_STEP][PASSED] - i3 = <not implemented yet for class: org.codehaus.groovy.ast.expr.EmptyExpression>: null

18-10-2024T06:24:32 - [TEST_STEP][PASSED] - i3 = x.indexOf("/") + 1: null

18-10-2024T06:24:32 - [TEST_STEP][PASSED] - x = x.substring(i3, x.length()): null

18-10-2024T06:24:32 - [TEST_STEP][PASSED] - return x: null

18-10-2024T06:24:32 - [TEST_STEP][PASSED] - tableA = Script1719551244403.NewDZO(x = tableA): null

18-10-2024T06:24:32 - [TEST_STEP][PASSED] - i3 = <not implemented yet for class: org.codehaus.groovy.ast.expr.EmptyExpression>: null

18-10-2024T06:24:32 - [TEST_STEP][PASSED] - i3 = x.indexOf("/") + 1: null

18-10-2024T06:24:32 - [TEST_STEP][PASSED] - x = x.substring(i3, x.length()): null

18-10-2024T06:24:32 - [TEST_STEP][PASSED] - return x: null

18-10-2024T06:24:32 - [TEST_STEP][PASSED] - i = tableA.indexOf("Юг"): null

18-10-2024T06:24:32 - [TEST_STEP][PASSED] - CiPA = replaceAll("\p{P}", "").trim(): null

18-10-2024T06:24:32 - [TEST_STEP][PASSED] - println("CiPA: " + CiPA): null

18-10-2024T06:24:32 - [TEST_STEP][PASSED] - for ([i = 1, i < 10, (i++)]): null

18-10-2024T06:24:32 - [TEST_STEP][PASSED] - tableA = Script1719551244403.NewDZO(x = tableA): null

18-10-2024T06:24:32 - [TEST_STEP][PASSED] - i3 = <not implemented yet for class: org.codehaus.groovy.ast.expr.EmptyExpression>: null

18-10-2024T06:24:32 - [TEST_STEP][PASSED] - i3 = x.indexOf("/") + 1: null

18-10-2024T06:24:32 - [TEST_STEP][PASSED] - x = x.substring(i3, x.length()): null

18-10-2024T06:24:32 - [TEST_STEP][PASSED] - return x: null

18-10-2024T06:24:32 - [TEST_STEP][PASSED] - tableA = Script1719551244403.NewDZO(x = tableA): null

18-10-2024T06:24:32 - [TEST_STEP][PASSED] - i3 = <not implemented yet for class: org.codehaus.groovy.ast.expr.EmptyExpression>: null

18-10-2024T06:24:32 - [TEST_STEP][PASSED] - i3 = x.indexOf("/") + 1: null

18-10-2024T06:24:32 - [TEST_STEP][PASSED] - x = x.substring(i3, x.length()): null

18-10-2024T06:24:32 - [TEST_STEP][PASSED] - return x: null

18-10-2024T06:24:32 - [TEST_STEP][PASSED] - tableA = Script1719551244403.NewDZO(x = tableA): null

18-10-2024T06:24:32 - [TEST_STEP][PASSED] - i3 = <not implemented yet for class: org.codehaus.groovy.ast.expr.EmptyExpression>: null

18-10-2024T06:24:32 - [TEST_STEP][PASSED] - i3 = x.indexOf("/") + 1: null

18-10-2024T06:24:32 - [TEST_STEP][PASSED] - x = x.substring(i3, x.length()): null

18-10-2024T06:24:32 - [TEST_STEP][PASSED] - return x: null

18-10-2024T06:24:32 - [TEST_STEP][PASSED] - tableA = Script1719551244403.NewDZO(x = tableA): null

18-10-2024T06:24:32 - [TEST_STEP][PASSED] - i3 = <not implemented yet for class: org.codehaus.groovy.ast.expr.EmptyExpression>: null

18-10-2024T06:24:32 - [TEST_STEP][PASSED] - i3 = x.indexOf("/") + 1: null

18-10-2024T06:24:32 - [TEST_STEP][PASSED] - x = x.substring(i3, x.length()): null

18-10-2024T06:24:32 - [TEST_STEP][PASSED] - return x: null

18-10-2024T06:24:32 - [TEST_STEP][PASSED] - tableA = Script1719551244403.NewDZO(x = tableA): null

18-10-2024T06:24:32 - [TEST_STEP][PASSED] - i3 = <not implemented yet for class: org.codehaus.groovy.ast.expr.EmptyExpression>: null

18-10-2024T06:24:32 - [TEST_STEP][PASSED] - i3 = x.indexOf("/") + 1: null

18-10-2024T06:24:32 - [TEST_STEP][PASSED] - x = x.substring(i3, x.length()): null

18-10-2024T06:24:32 - [TEST_STEP][PASSED] - return x: null

18-10-2024T06:24:32 - [TEST_STEP][PASSED] - tableA = Script1719551244403.NewDZO(x = tableA): null

18-10-2024T06:24:32 - [TEST_STEP][PASSED] - i3 = <not implemented yet for class: org.codehaus.groovy.ast.expr.EmptyExpression>: null

18-10-2024T06:24:32 - [TEST_STEP][PASSED] - i3 = x.indexOf("/") + 1: null

18-10-2024T06:24:32 - [TEST_STEP][PASSED] - x = x.substring(i3, x.length()): null

18-10-2024T06:24:32 - [TEST_STEP][PASSED] - return x: null

18-10-2024T06:24:32 - [TEST_STEP][PASSED] - tableA = Script1719551244403.NewDZO(x = tableA): null

18-10-2024T06:24:32 - [TEST_STEP][PASSED] - i3 = <not implemented yet for class: org.codehaus.groovy.ast.expr.EmptyExpression>: null

18-10-2024T06:24:32 - [TEST_STEP][PASSED] - i3 = x.indexOf("/") + 1: null

18-10-2024T06:24:32 - [TEST_STEP][PASSED] - x = x.substring(i3, x.length()): null

18-10-2024T06:24:32 - [TEST_STEP][PASSED] - return x: null

18-10-2024T06:24:32 - [TEST_STEP][PASSED] - tableA = Script1719551244403.NewDZO(x = tableA): null

18-10-2024T06:24:32 - [TEST_STEP][PASSED] - i3 = <not implemented yet for class: org.codehaus.groovy.ast.expr.EmptyExpression>: null

18-10-2024T06:24:32 - [TEST_STEP][PASSED] - i3 = x.indexOf("/") + 1: null

18-10-2024T06:24:32 - [TEST_STEP][PASSED] - x = x.substring(i3, x.length()): null

18-10-2024T06:24:32 - [TEST_STEP][PASSED] - return x: null

18-10-2024T06:24:32 - [TEST_STEP][PASSED] - tableA = Script1719551244403.NewDZO(x = tableA): null

18-10-2024T06:24:32 - [TEST_STEP][PASSED] - i3 = <not implemented yet for class: org.codehaus.groovy.ast.expr.EmptyExpression>: null

18-10-2024T06:24:32 - [TEST_STEP][PASSED] - i3 = x.indexOf("/") + 1: null

18-10-2024T06:24:32 - [TEST_STEP][PASSED] - x = x.substring(i3, x.length()): null

18-10-2024T06:24:32 - [TEST_STEP][PASSED] - return x: null

18-10-2024T06:24:32 - [TEST_STEP][PASSED] - i = tableA.indexOf("Янтарь"): null

18-10-2024T06:24:32 - [TEST_STEP][PASSED] - UgA = replaceAll("\p{P}", "").trim(): null

18-10-2024T06:24:32 - [TEST_STEP][PASSED] - println("UgA: " + UgA): null

18-10-2024T06:24:32 - [TEST_STEP][PASSED] - i = tableA.lastIndexOf("/"): null

18-10-2024T06:24:32 - [TEST_STEP][PASSED] - YaA = replaceAll("\p{P}", "").trim(): null

18-10-2024T06:24:32 - [TEST_STEP][PASSED] - println("YaA: " + YaA): null

18-10-2024T06:24:32 - [TEST_STEP][PASSED] - delay(10): Delayed 10 second(s)

18-10-2024T06:24:42 - [MESSAGE][PASSED] - Delayed 10 second(s)

18-10-2024T06:24:42 - [TEST_STEP][PASSED] - navigateToUrl(findTestData("PlanFact").getValue(10, 11)): Navigate to 'https://bi.rosseti.digital/viewer?dashboardGuid=a1fd28b3785d443cbc4d7690a1d78e31&sheetGuid=d3a0ddec2e914cb380b20dca74903099&fit=true' successfully

18-10-2024T06:24:43 - [MESSAGE][PASSED] - Navigate to 'https://bi.rosseti.digital/viewer?dashboardGuid=a1fd28b3785d443cbc4d7690a1d78e31&sheetGuid=d3a0ddec2e914cb380b20dca74903099&fit=true' successfully

18-10-2024T06:24:43 - [TEST_STEP][PASSED] - b = <not implemented yet for class: org.codehaus.groovy.ast.expr.EmptyExpression>: null

18-10-2024T06:24:43 - [TEST_STEP][PASSED] - b1 = <not implemented yet for class: org.codehaus.groovy.ast.expr.EmptyExpression>: null

18-10-2024T06:24:43 - [TEST_STEP][PASSED] - b2 = <not implemented yet for class: org.codehaus.groovy.ast.expr.EmptyExpression>: null

18-10-2024T06:24:43 - [TEST_STEP][PASSED] - click(findTestObject("Факторный анализ/Фильтр Дата Выручка")): Object: 'Object Repository/Факторный анализ/Фильтр Дата Выручка' is clicked on

18-10-2024T06:25:00 - [MESSAGE][PASSED] - Object: 'Object Repository/Факторный анализ/Фильтр Дата Выручка' is clicked on

18-10-2024T06:25:00 - [TEST_STEP][PASSED] - click(findTestObject("Факторный анализ/Снять выделение в фильтре Дата Выручка")): Object: 'Object Repository/Факторный анализ/Снять выделение в фильтре Дата Выручка' is clicked on

18-10-2024T06:25:00 - [MESSAGE][PASSED] - Object: 'Object Repository/Факторный анализ/Снять выделение в фильтре Дата Выручка' is clicked on

18-10-2024T06:25:00 - [TEST_STEP][PASSED] - click(findTestObject("Факторный анализ/Применить в фильтре Дата Выручка")): Object: 'Object Repository/Факторный анализ/Применить в фильтре Дата Выручка' is clicked on

18-10-2024T06:25:01 - [MESSAGE][PASSED] - Object: 'Object Repository/Факторный анализ/Применить в фильтре Дата Выручка' is clicked on

18-10-2024T06:25:01 - [TEST_STEP][PASSED] - delay(10): Delayed 10 second(s)

18-10-2024T06:25:11 - [MESSAGE][PASSED] - Delayed 10 second(s)

18-10-2024T06:25:11 - [TEST_STEP][PASSED] - click(findTestObject("Факторный анализ/Фильтр Дата Выручка")): Object: 'Object Repository/Факторный анализ/Фильтр Дата Выручка' is clicked on

18-10-2024T06:25:11 - [MESSAGE][PASSED] - Object: 'Object Repository/Факторный анализ/Фильтр Дата Выручка' is clicked on

18-10-2024T06:25:11 - [TEST_STEP][PASSED] - click(findTestObject("Факторный анализ/Снять выделение в фильтре Дата Выручка")): Object: 'Object Repository/Факторный анализ/Снять выделение в фильтре Дата Выручка' is clicked on

18-10-2024T06:25:12 - [MESSAGE][PASSED] - Object: 'Object Repository/Факторный анализ/Снять выделение в фильтре Дата Выручка' is clicked on

18-10-2024T06:25:12 - [TEST_STEP][PASSED] - scrollToElement(findTestObject("Факторный анализ/2024 список Выручка"), 30): Scroll to object 'Object Repository/Факторный анализ/2024 список Выручка' successfully

18-10-2024T06:25:12 - [MESSAGE][PASSED] - Scroll to object 'Object Repository/Факторный анализ/2024 список Выручка' successfully

18-10-2024T06:25:12 - [TEST_STEP][PASSED] - click(findTestObject("Факторный анализ/2024 список Выручка")): Object: 'Object Repository/Факторный анализ/2024 список Выручка' is clicked on

18-10-2024T06:25:12 - [MESSAGE][PASSED] - Object: 'Object Repository/Факторный анализ/2024 список Выручка' is clicked on

18-10-2024T06:25:12 - [TEST_STEP][PASSED] - scrollToElement(findTestObject("Факторный анализ/1 квартал 2024 выбрать Выручка"), 30): Scroll to object 'Object Repository/Факторный анализ/1 квартал 2024 выбрать Выручка' successfully

18-10-2024T06:25:13 - [MESSAGE][PASSED] - Scroll to object 'Object Repository/Факторный анализ/1 квартал 2024 выбрать Выручка' successfully

18-10-2024T06:25:13 - [TEST_STEP][PASSED] - click(findTestObject("Факторный анализ/1 квартал 2024 выбрать Выручка")): Object: 'Object Repository/Факторный анализ/1 квартал 2024 выбрать Выручка' is clicked on

18-10-2024T06:25:13 - [MESSAGE][PASSED] - Object: 'Object Repository/Факторный анализ/1 квартал 2024 выбрать Выручка' is clicked on

18-10-2024T06:25:13 - [TEST_STEP][PASSED] - scrollToElement(findTestObject("Факторный анализ/2 квартал 2024 выбрать Выручка"), 30): Scroll to object 'Object Repository/Факторный анализ/2 квартал 2024 выбрать Выручка' successfully

18-10-2024T06:25:14 - [MESSAGE][PASSED] - Scroll to object 'Object Repository/Факторный анализ/2 квартал 2024 выбрать Выручка' successfully

18-10-2024T06:25:14 - [TEST_STEP][PASSED] - click(findTestObject("Факторный анализ/2 квартал 2024 выбрать Выручка"), CONTINUE_ON_FAILURE): Object: 'Object Repository/Факторный анализ/2 квартал 2024 выбрать Выручка' is clicked on

18-10-2024T06:25:14 - [MESSAGE][PASSED] - Object: 'Object Repository/Факторный анализ/2 квартал 2024 выбрать Выручка' is clicked on

18-10-2024T06:25:14 - [TEST_STEP][PASSED] - click(findTestObject("Факторный анализ/3 квартал 2024 список Выручка"), CONTINUE_ON_FAILURE): Object: 'Object Repository/Факторный анализ/3 квартал 2024 список Выручка' is clicked on

18-10-2024T06:25:15 - [MESSAGE][PASSED] - Object: 'Object Repository/Факторный анализ/3 квартал 2024 список Выручка' is clicked on

18-10-2024T06:25:15 - [TEST_STEP][PASSED] - click(findTestObject("Факторный анализ/Июль 2024 Выручка"), CONTINUE_ON_FAILURE): Object: 'Object Repository/Факторный анализ/Июль 2024 Выручка' is clicked on

18-10-2024T06:25:15 - [MESSAGE][PASSED] - Object: 'Object Repository/Факторный анализ/Июль 2024 Выручка' is clicked on

18-10-2024T06:25:15 - [TEST_STEP][PASSED] - scrollToElement(findTestObject("Факторный анализ/Август 2024 Выручка"), 30): Scroll to object 'Object Repository/Факторный анализ/Август 2024 Выручка' successfully

18-10-2024T06:25:15 - [MESSAGE][PASSED] - Scroll to object 'Object Repository/Факторный анализ/Август 2024 Выручка' successfully

18-10-2024T06:25:15 - [TEST_STEP][PASSED] - click(findTestObject("Факторный анализ/Август 2024 Выручка"), CONTINUE_ON_FAILURE): Object: 'Object Repository/Факторный анализ/Август 2024 Выручка' is clicked on

18-10-2024T06:25:16 - [MESSAGE][PASSED] - Object: 'Object Repository/Факторный анализ/Август 2024 Выручка' is clicked on

18-10-2024T06:25:16 - [TEST_STEP][PASSED] - scrollToElement(findTestObject("Факторный анализ/Заголовок дашборда Выручка"), 30): Scroll to object 'Object Repository/Факторный анализ/Заголовок дашборда Выручка' successfully

18-10-2024T06:25:16 - [MESSAGE][PASSED] - Scroll to object 'Object Repository/Факторный анализ/Заголовок дашборда Выручка' successfully

18-10-2024T06:25:16 - [TEST_STEP][PASSED] - click(findTestObject("Факторный анализ/Применить в фильтре Дата Выручка")): Object: 'Object Repository/Факторный анализ/Применить в фильтре Дата Выручка' is clicked on

18-10-2024T06:25:17 - [MESSAGE][PASSED] - Object: 'Object Repository/Факторный анализ/Применить в фильтре Дата Выручка' is clicked on

18-10-2024T06:25:17 - [TEST_STEP][PASSED] - if (run == 1): null

18-10-2024T06:25:17 - [TEST_STEP][PASSED] - b = getText(findTestObject("Факторный анализ/Отклонения выручки по факторам Выручка")): Text of object 'Object Repository/Факторный анализ/Отклонения выручки по факторам Выручка' is: '34 99734 997
-9 626-9 626
Отклонение (объём услуг) филиал без Nan
Отклонение (средний тариф) филиал без Nan
ПАО Россети'

18-10-2024T06:25:21 - [MESSAGE][PASSED] - Text of object 'Object Repository/Факторный анализ/Отклонения выручки по факторам Выручка' is: '34 99734 997
-9 626-9 626
Отклонение (объём услуг) филиал без Nan
Отклонение (средний тариф) филиал без Nan
ПАО Россети'

18-10-2024T06:25:21 - [TEST_STEP][PASSED] - b = b.replaceAll("[\r?
|
]", "/"): null

18-10-2024T06:25:21 - [TEST_STEP][PASSED] - println("b: " + b): null

18-10-2024T06:25:21 - [TEST_STEP][PASSED] - i = b.indexOf("Отклонение"): null

18-10-2024T06:25:21 - [TEST_STEP][PASSED] - if (i > -1): null

18-10-2024T06:25:21 - [TEST_STEP][PASSED] - i = i: null

18-10-2024T06:25:21 - [TEST_STEP][PASSED] - b = substring(0, i).trim(): null

18-10-2024T06:25:21 - [TEST_STEP][PASSED] - println("b: " + b): null

18-10-2024T06:25:21 - [TEST_STEP][PASSED] - i = b.indexOf("/"): null

18-10-2024T06:25:21 - [TEST_STEP][PASSED] - if (i > -1): null

18-10-2024T06:25:21 - [TEST_STEP][PASSED] - b1 = b.substring(0, i): null

18-10-2024T06:25:21 - [TEST_STEP][PASSED] - println("b1: " + b1): null

18-10-2024T06:25:21 - [TEST_STEP][PASSED] - b2 = b.substring(b1.length() + 1, b.length()): null

18-10-2024T06:25:21 - [TEST_STEP][PASSED] - println("b2: " + b2): null

18-10-2024T06:25:21 - [TEST_STEP][PASSED] - i = b1.length() / 2: null

18-10-2024T06:25:21 - [TEST_STEP][PASSED] - if (i > -1): null

18-10-2024T06:25:21 - [TEST_STEP][PASSED] - b1 = replaceAll("\s+", "").trim(): null

18-10-2024T06:25:21 - [TEST_STEP][PASSED] - println("b1: " + b1): null

18-10-2024T06:25:21 - [TEST_STEP][PASSED] - i = b2.length() / 2: null

18-10-2024T06:25:21 - [TEST_STEP][PASSED] - if (i > -1): null

18-10-2024T06:25:21 - [TEST_STEP][PASSED] - b2 = replaceAll("\s+", "").trim(): null

18-10-2024T06:25:21 - [TEST_STEP][PASSED] - println("b2: " + b2): null

18-10-2024T06:25:21 - [TEST_STEP][PASSED] - vidget = "Отклонения выручки по факторам": null

18-10-2024T06:25:21 - [TEST_STEP][PASSED] - DZO = "ПАО Россети": null

18-10-2024T06:25:21 - [TEST_STEP][PASSED] - typeOfData = "Отклонение (объём услуг)": null

18-10-2024T06:25:21 - [TEST_STEP][PASSED] - Script1719551244403.Compare(x = a1, y = b1, run, typeOfData, otobrajeniyeDannyh, todaysDate, vidget, DZO): null

18-10-2024T06:25:21 - [TEST_STEP][FAILED] - if (verifyEqual(x, y) == true): Unable to verify equal between actual object '-292398' and expected object '34997' (Root cause: com.kms.katalon.core.exception.StepFailedException: Actual object '-292398' and expected object '34997' are not equal
	at com.kms.katalon.core.keyword.builtin.VerifyEqualKeyword$_verifyEqual_closure1.doCall(VerifyEqualKeyword.groovy:58)
	at com.kms.katalon.core.keyword.builtin.VerifyEqualKeyword$_verifyEqual_closure1.call(VerifyEqualKeyword.groovy)
	at com.kms.katalon.core.keyword.internal.KeywordMain.runKeyword(KeywordMain.groovy:75)
	at com.kms.katalon.core.keyword.builtin.VerifyEqualKeyword.verifyEqual(VerifyEqualKeyword.groovy:63)
	at com.kms.katalon.core.keyword.builtin.VerifyEqualKeyword.execute(VerifyEqualKeyword.groovy:44)
	at com.kms.katalon.core.keyword.internal.KeywordExecutor.executeKeywordForPlatform(KeywordExecutor.groovy:74)
	at com.kms.katalon.core.keyword.BuiltinKeywords.verifyEqual(BuiltinKeywords.groovy:146)
	at jdk.internal.reflect.GeneratedMethodAccessor21.invoke(Unknown Source)
	at java.base/jdk.internal.reflect.DelegatingMethodAccessorImpl.invoke(DelegatingMethodAccessorImpl.java:43)
	at Факторный анализ сверка дашбордов.Compare(Факторный анализ сверка дашбордов:668)
	at Факторный анализ сверка дашбордов.Test(Факторный анализ сверка дашбордов:432)
	at Факторный анализ сверка дашбордов.run(Факторный анализ сверка дашбордов:44)
	at com.kms.katalon.core.main.ScriptEngine.run(ScriptEngine.java:194)
	at com.kms.katalon.core.main.ScriptEngine.runScriptAsRawText(ScriptEngine.java:119)
	at com.kms.katalon.core.main.TestCaseExecutor.runScript(TestCaseExecutor.java:448)
	at com.kms.katalon.core.main.TestCaseExecutor.doExecute(TestCaseExecutor.java:439)
	at com.kms.katalon.core.main.TestCaseExecutor.processExecutionPhase(TestCaseExecutor.java:418)
	at com.kms.katalon.core.main.TestCaseExecutor.accessMainPhase(TestCaseExecutor.java:410)
	at com.kms.katalon.core.main.TestCaseExecutor.execute(TestCaseExecutor.java:285)
	at com.kms.katalon.core.common.CommonExecutor.accessTestCaseMainPhase(CommonExecutor.java:65)
	at com.kms.katalon.core.main.TestSuiteExecutor.accessTestSuiteMainPhase(TestSuiteExecutor.java:150)
	at com.kms.katalon.core.main.TestSuiteExecutor.execute(TestSuiteExecutor.java:106)
	at com.kms.katalon.core.main.TestCaseMain.startTestSuite(TestCaseMain.java:180)
	at TempTestSuite1729215855985.run(TempTestSuite1729215855985.groovy:35)
	at java.base/jdk.internal.reflect.NativeMethodAccessorImpl.invoke0(Native Method)
	at java.base/jdk.internal.reflect.NativeMethodAccessorImpl.invoke(NativeMethodAccessorImpl.java:77)
	at java.base/jdk.internal.reflect.DelegatingMethodAccessorImpl.invoke(DelegatingMethodAccessorImpl.java:43)
)

18-10-2024T06:25:21 - [MESSAGE][FAILED] - Unable to verify equal between actual object '-292398' and expected object '34997' (Root cause: com.kms.katalon.core.exception.StepFailedException: Actual object '-292398' and expected object '34997' are not equal
	at com.kms.katalon.core.keyword.builtin.VerifyEqualKeyword$_verifyEqual_closure1.doCall(VerifyEqualKeyword.groovy:58)
	at com.kms.katalon.core.keyword.builtin.VerifyEqualKeyword$_verifyEqual_closure1.call(VerifyEqualKeyword.groovy)
	at com.kms.katalon.core.keyword.internal.KeywordMain.runKeyword(KeywordMain.groovy:75)
	at com.kms.katalon.core.keyword.builtin.VerifyEqualKeyword.verifyEqual(VerifyEqualKeyword.groovy:63)
	at com.kms.katalon.core.keyword.builtin.VerifyEqualKeyword.execute(VerifyEqualKeyword.groovy:44)
	at com.kms.katalon.core.keyword.internal.KeywordExecutor.executeKeywordForPlatform(KeywordExecutor.groovy:74)
	at com.kms.katalon.core.keyword.BuiltinKeywords.verifyEqual(BuiltinKeywords.groovy:146)
	at jdk.internal.reflect.GeneratedMethodAccessor21.invoke(Unknown Source)
	at java.base/jdk.internal.reflect.DelegatingMethodAccessorImpl.invoke(DelegatingMethodAccessorImpl.java:43)
	at Факторный анализ сверка дашбордов.Compare(Факторный анализ сверка дашбордов:668)
	at Факторный анализ сверка дашбордов.Test(Факторный анализ сверка дашбордов:432)
	at Факторный анализ сверка дашбордов.run(Факторный анализ сверка дашбордов:44)
	at com.kms.katalon.core.main.ScriptEngine.run(ScriptEngine.java:194)
	at com.kms.katalon.core.main.ScriptEngine.runScriptAsRawText(ScriptEngine.java:119)
	at com.kms.katalon.core.main.TestCaseExecutor.runScript(TestCaseExecutor.java:448)
	at com.kms.katalon.core.main.TestCaseExecutor.doExecute(TestCaseExecutor.java:439)
	at com.kms.katalon.core.main.TestCaseExecutor.processExecutionPhase(TestCaseExecutor.java:418)
	at com.kms.katalon.core.main.TestCaseExecutor.accessMainPhase(TestCaseExecutor.java:410)
	at com.kms.katalon.core.main.TestCaseExecutor.execute(TestCaseExecutor.java:285)
	at com.kms.katalon.core.common.CommonExecutor.accessTestCaseMainPhase(CommonExecutor.java:65)
	at com.kms.katalon.core.main.TestSuiteExecutor.accessTestSuiteMainPhase(TestSuiteExecutor.java:150)
	at com.kms.katalon.core.main.TestSuiteExecutor.execute(TestSuiteExecutor.java:106)
	at com.kms.katalon.core.main.TestCaseMain.startTestSuite(TestCaseMain.java:180)
	at TempTestSuite1729215855985.run(TempTestSuite1729215855985.groovy:35)
	at java.base/jdk.internal.reflect.NativeMethodAccessorImpl.invoke0(Native Method)
	at java.base/jdk.internal.reflect.NativeMethodAccessorImpl.invoke(NativeMethodAccessorImpl.java:77)
	at java.base/jdk.internal.reflect.DelegatingMethodAccessorImpl.invoke(DelegatingMethodAccessorImpl.java:43)
)

18-10-2024T06:25:21 - [TEST_STEP][PASSED] - else: null

18-10-2024T06:25:21 - [TEST_STEP][PASSED] - if (run == 1): null

18-10-2024T06:25:21 - [TEST_STEP][PASSED] - otobrajeniyeDannyh = "Филиал": null

18-10-2024T06:25:21 - [TEST_STEP][PASSED] - Script1719551244403.WriteToExcel(todaysDate, typeOfData, otobrajeniyeDannyh, x, y, vidget, DZO): null

18-10-2024T06:25:21 - [TEST_STEP][PASSED] - sheetName = "Sheet1": null

18-10-2024T06:25:21 - [TEST_STEP][PASSED] - data = findTestData("PlanFact"): null

18-10-2024T06:25:21 - [TEST_STEP][PASSED] - n = data.getRowNumbers() + 1: null

18-10-2024T06:25:21 - [TEST_STEP][PASSED] - period = getText(findTestObject("Факторный анализ/Фильтр Период")): Text of object 'Object Repository/Факторный анализ/Фильтр Период' is: 'Июль, Август и 1, 2 кв. 2024 года'

18-10-2024T06:25:21 - [MESSAGE][PASSED] - Text of object 'Object Repository/Факторный анализ/Фильтр Период' is: 'Июль, Август и 1, 2 кв. 2024 года'

18-10-2024T06:25:21 - [TEST_STEP][PASSED] - println(period): null

18-10-2024T06:25:21 - [TEST_STEP][PASSED] - dashboardName = "Факторный анализ": null

18-10-2024T06:25:21 - [TEST_STEP][PASSED] - workbook01 = getWorkbook(excelFilePath): null

18-10-2024T06:25:21 - [TEST_STEP][PASSED] - sheet01 = getExcelSheet(workbook01, sheetName): null

18-10-2024T06:25:21 - [TEST_STEP][PASSED] - setValueToCellByIndex(sheet01, n, 0, dashboardName): null

18-10-2024T06:25:21 - [TEST_STEP][PASSED] - setValueToCellByIndex(sheet01, n, 1, DZO): null

18-10-2024T06:25:21 - [TEST_STEP][PASSED] - setValueToCellByIndex(sheet01, n, 2, vidget): null

18-10-2024T06:25:21 - [TEST_STEP][PASSED] - setValueToCellByIndex(sheet01, n, 3, typeOfData): null

18-10-2024T06:25:21 - [TEST_STEP][PASSED] - setValueToCellByIndex(sheet01, n, 4, otobrajeniyeDannyh): null

18-10-2024T06:25:21 - [TEST_STEP][PASSED] - setValueToCellByIndex(sheet01, n, 5, period): null

18-10-2024T06:25:21 - [TEST_STEP][PASSED] - setValueToCellByIndex(sheet01, n, 6, todaysDate): null

18-10-2024T06:25:21 - [TEST_STEP][PASSED] - n = n + 1: null

18-10-2024T06:25:21 - [TEST_STEP][PASSED] - saveWorkbook(excelFilePath, workbook01): null

18-10-2024T06:25:21 - [TEST_STEP][PASSED] - typeOfData = "Отклонение (средний тариф)": null

18-10-2024T06:25:21 - [TEST_STEP][PASSED] - Script1719551244403.Compare(x = a2, y = b2, run, typeOfData, otobrajeniyeDannyh, todaysDate, vidget, DZO): null

18-10-2024T06:25:21 - [TEST_STEP][FAILED] - if (verifyEqual(x, y) == true): Unable to verify equal between actual object '-9531' and expected object '-9626' (Root cause: com.kms.katalon.core.exception.StepFailedException: Actual object '-9531' and expected object '-9626' are not equal
	at com.kms.katalon.core.keyword.builtin.VerifyEqualKeyword$_verifyEqual_closure1.doCall(VerifyEqualKeyword.groovy:58)
	at com.kms.katalon.core.keyword.builtin.VerifyEqualKeyword$_verifyEqual_closure1.call(VerifyEqualKeyword.groovy)
	at com.kms.katalon.core.keyword.internal.KeywordMain.runKeyword(KeywordMain.groovy:75)
	at com.kms.katalon.core.keyword.builtin.VerifyEqualKeyword.verifyEqual(VerifyEqualKeyword.groovy:63)
	at com.kms.katalon.core.keyword.builtin.VerifyEqualKeyword.execute(VerifyEqualKeyword.groovy:44)
	at com.kms.katalon.core.keyword.internal.KeywordExecutor.executeKeywordForPlatform(KeywordExecutor.groovy:74)
	at com.kms.katalon.core.keyword.BuiltinKeywords.verifyEqual(BuiltinKeywords.groovy:146)
	at jdk.internal.reflect.GeneratedMethodAccessor21.invoke(Unknown Source)
	at java.base/jdk.internal.reflect.DelegatingMethodAccessorImpl.invoke(DelegatingMethodAccessorImpl.java:43)
	at Факторный анализ сверка дашбордов.Compare(Факторный анализ сверка дашбордов:668)
	at Факторный анализ сверка дашбордов.Test(Факторный анализ сверка дашбордов:436)
	at Факторный анализ сверка дашбордов.run(Факторный анализ сверка дашбордов:44)
	at com.kms.katalon.core.main.ScriptEngine.run(ScriptEngine.java:194)
	at com.kms.katalon.core.main.ScriptEngine.runScriptAsRawText(ScriptEngine.java:119)
	at com.kms.katalon.core.main.TestCaseExecutor.runScript(TestCaseExecutor.java:448)
	at com.kms.katalon.core.main.TestCaseExecutor.doExecute(TestCaseExecutor.java:439)
	at com.kms.katalon.core.main.TestCaseExecutor.processExecutionPhase(TestCaseExecutor.java:418)
	at com.kms.katalon.core.main.TestCaseExecutor.accessMainPhase(TestCaseExecutor.java:410)
	at com.kms.katalon.core.main.TestCaseExecutor.execute(TestCaseExecutor.java:285)
	at com.kms.katalon.core.common.CommonExecutor.accessTestCaseMainPhase(CommonExecutor.java:65)
	at com.kms.katalon.core.main.TestSuiteExecutor.accessTestSuiteMainPhase(TestSuiteExecutor.java:150)
	at com.kms.katalon.core.main.TestSuiteExecutor.execute(TestSuiteExecutor.java:106)
	at com.kms.katalon.core.main.TestCaseMain.startTestSuite(TestCaseMain.java:180)
	at TempTestSuite1729215855985.run(TempTestSuite1729215855985.groovy:35)
	at java.base/jdk.internal.reflect.NativeMethodAccessorImpl.invoke0(Native Method)
	at java.base/jdk.internal.reflect.NativeMethodAccessorImpl.invoke(NativeMethodAccessorImpl.java:77)
	at java.base/jdk.internal.reflect.DelegatingMethodAccessorImpl.invoke(DelegatingMethodAccessorImpl.java:43)
)

18-10-2024T06:25:21 - [MESSAGE][FAILED] - Unable to verify equal between actual object '-9531' and expected object '-9626' (Root cause: com.kms.katalon.core.exception.StepFailedException: Actual object '-9531' and expected object '-9626' are not equal
	at com.kms.katalon.core.keyword.builtin.VerifyEqualKeyword$_verifyEqual_closure1.doCall(VerifyEqualKeyword.groovy:58)
	at com.kms.katalon.core.keyword.builtin.VerifyEqualKeyword$_verifyEqual_closure1.call(VerifyEqualKeyword.groovy)
	at com.kms.katalon.core.keyword.internal.KeywordMain.runKeyword(KeywordMain.groovy:75)
	at com.kms.katalon.core.keyword.builtin.VerifyEqualKeyword.verifyEqual(VerifyEqualKeyword.groovy:63)
	at com.kms.katalon.core.keyword.builtin.VerifyEqualKeyword.execute(VerifyEqualKeyword.groovy:44)
	at com.kms.katalon.core.keyword.internal.KeywordExecutor.executeKeywordForPlatform(KeywordExecutor.groovy:74)
	at com.kms.katalon.core.keyword.BuiltinKeywords.verifyEqual(BuiltinKeywords.groovy:146)
	at jdk.internal.reflect.GeneratedMethodAccessor21.invoke(Unknown Source)
	at java.base/jdk.internal.reflect.DelegatingMethodAccessorImpl.invoke(DelegatingMethodAccessorImpl.java:43)
	at Факторный анализ сверка дашбордов.Compare(Факторный анализ сверка дашбордов:668)
	at Факторный анализ сверка дашбордов.Test(Факторный анализ сверка дашбордов:436)
	at Факторный анализ сверка дашбордов.run(Факторный анализ сверка дашбордов:44)
	at com.kms.katalon.core.main.ScriptEngine.run(ScriptEngine.java:194)
	at com.kms.katalon.core.main.ScriptEngine.runScriptAsRawText(ScriptEngine.java:119)
	at com.kms.katalon.core.main.TestCaseExecutor.runScript(TestCaseExecutor.java:448)
	at com.kms.katalon.core.main.TestCaseExecutor.doExecute(TestCaseExecutor.java:439)
	at com.kms.katalon.core.main.TestCaseExecutor.processExecutionPhase(TestCaseExecutor.java:418)
	at com.kms.katalon.core.main.TestCaseExecutor.accessMainPhase(TestCaseExecutor.java:410)
	at com.kms.katalon.core.main.TestCaseExecutor.execute(TestCaseExecutor.java:285)
	at com.kms.katalon.core.common.CommonExecutor.accessTestCaseMainPhase(CommonExecutor.java:65)
	at com.kms.katalon.core.main.TestSuiteExecutor.accessTestSuiteMainPhase(TestSuiteExecutor.java:150)
	at com.kms.katalon.core.main.TestSuiteExecutor.execute(TestSuiteExecutor.java:106)
	at com.kms.katalon.core.main.TestCaseMain.startTestSuite(TestCaseMain.java:180)
	at TempTestSuite1729215855985.run(TempTestSuite1729215855985.groovy:35)
	at java.base/jdk.internal.reflect.NativeMethodAccessorImpl.invoke0(Native Method)
	at java.base/jdk.internal.reflect.NativeMethodAccessorImpl.invoke(NativeMethodAccessorImpl.java:77)
	at java.base/jdk.internal.reflect.DelegatingMethodAccessorImpl.invoke(DelegatingMethodAccessorImpl.java:43)
)

18-10-2024T06:25:21 - [TEST_STEP][PASSED] - else: null

18-10-2024T06:25:21 - [TEST_STEP][PASSED] - if (run == 1): null

18-10-2024T06:25:21 - [TEST_STEP][PASSED] - otobrajeniyeDannyh = "Филиал": null

18-10-2024T06:25:21 - [TEST_STEP][PASSED] - Script1719551244403.WriteToExcel(todaysDate, typeOfData, otobrajeniyeDannyh, x, y, vidget, DZO): null

18-10-2024T06:25:21 - [TEST_STEP][PASSED] - sheetName = "Sheet1": null

18-10-2024T06:25:21 - [TEST_STEP][PASSED] - data = findTestData("PlanFact"): null

18-10-2024T06:25:21 - [TEST_STEP][PASSED] - n = data.getRowNumbers() + 1: null

18-10-2024T06:25:21 - [TEST_STEP][PASSED] - period = getText(findTestObject("Факторный анализ/Фильтр Период")): Text of object 'Object Repository/Факторный анализ/Фильтр Период' is: 'Июль, Август и 1, 2 кв. 2024 года'

18-10-2024T06:25:22 - [MESSAGE][PASSED] - Text of object 'Object Repository/Факторный анализ/Фильтр Период' is: 'Июль, Август и 1, 2 кв. 2024 года'

18-10-2024T06:25:22 - [TEST_STEP][PASSED] - println(period): null

18-10-2024T06:25:22 - [TEST_STEP][PASSED] - dashboardName = "Факторный анализ": null

18-10-2024T06:25:22 - [TEST_STEP][PASSED] - workbook01 = getWorkbook(excelFilePath): null

18-10-2024T06:25:22 - [TEST_STEP][PASSED] - sheet01 = getExcelSheet(workbook01, sheetName): null

18-10-2024T06:25:22 - [TEST_STEP][PASSED] - setValueToCellByIndex(sheet01, n, 0, dashboardName): null

18-10-2024T06:25:22 - [TEST_STEP][PASSED] - setValueToCellByIndex(sheet01, n, 1, DZO): null

18-10-2024T06:25:22 - [TEST_STEP][PASSED] - setValueToCellByIndex(sheet01, n, 2, vidget): null

18-10-2024T06:25:22 - [TEST_STEP][PASSED] - setValueToCellByIndex(sheet01, n, 3, typeOfData): null

18-10-2024T06:25:22 - [TEST_STEP][PASSED] - setValueToCellByIndex(sheet01, n, 4, otobrajeniyeDannyh): null

18-10-2024T06:25:22 - [TEST_STEP][PASSED] - setValueToCellByIndex(sheet01, n, 5, period): null

18-10-2024T06:25:22 - [TEST_STEP][PASSED] - setValueToCellByIndex(sheet01, n, 6, todaysDate): null

18-10-2024T06:25:22 - [TEST_STEP][PASSED] - n = n + 1: null

18-10-2024T06:25:22 - [TEST_STEP][PASSED] - saveWorkbook(excelFilePath, workbook01): null

18-10-2024T06:25:22 - [TEST_STEP][PASSED] - tableB = getText(findTestObject("Факторный анализ/AllTable1 Выручка")).replaceAll("[\r?
|
]", "/"): Text of object 'Object Repository/Факторный анализ/AllTable1 Выручка' is: 'ДЗО
Филиал
Отклонение (объём услуг) филиал без Nan
Отклонение (средний тариф) филиал без Nan
АО «Тываэнерго» АО "Тываэнерго" 186 -12
АО «Чеченэнерго» АО «Чеченэнерго» 34 11
Россети Волга Мордовэнерго 152 -90
Оренбургэнерго 561 - 143
Пензаэнерго 249 -72
Самарские РС 379 - 941
Саратовские РС 397 - 402
Ульяновские РС 206 - 198
Чувашэнерго -92 116
Россети Кубань Кубаньэнерго 2 916 83
Россети Ленэнерго (ГК) Ленинградская область 1 497 323
г. Санкт-Петербург 1 973 - 127
Россети Московский регион Московская область 4 586 - 413
г. Москва 2 708 -39
Россети Северный Кавказ (ГК) Дагестанская энергосбытовая компания 0 0
Дагэнерго - 452 434
Ингушэнерго - 171 90
Каббалкэнерго 180 13
Карачаево-Черкесскэнерго 90 -13
Севкавказэнерго - 292 108
Ставропольэнерго 274 - 237
Россети Северо-Запад Архангельский филиал 103 -77
Вологодский филиал 233 -6
Карельский филиал 32 154
Мурманский филиал 106 77
Новгородский филиал 212 -42
Псковский филиал 162 -22
филиал в Республике Коми 49 18
Россети Сибирь (ГК) Алтайэнерго 227 241
Бурятэнерго -86 266
ГАЭС 99 -14
Красноярскэнерго 955 - 272
Кузбассэнерго-РЭС 298 222
Омскэнерго 92 - 140
Хакасэнерго 281 - 319
Читаэнерго -27 88
Россети Томск Томская распределительная компания 333 - 105
Россети Тюмень Россети Тюмень -3 033 - 419
Россети Урал (ГК) Пермэнерго 620 - 198
Свердловэнерго 891 181
Челябэнерго 893 - 608
Россети ФСК ЕЭС Итого по ФСК ЕЭС 8 451 -7 098
Россети Центр Белгородэнерго 293 77
Брянскэнерго 94 7
Воронежэнерго 546 118
Костромаэнерго 121 4
Курскэнерго 148 70
Липецкэнерго 700 - 301
Орелэнерго 160 -12
Смоленскэнерго 121 22
Тамбовэнерго 254 -10
Тверьэнерго 350 94
Ярэнерго 568 16
Россети Центр и Приволжье (ГК) Владимирэнерго 519 47
Ивэнерго 188 28
Калугаэнерго 549 -42
Кировэнерго 395 -2
Мариэнерго 159 13
Нижновэнерго 659 184
Рязаньэнерго 262 38
Тулэнерго 793 - 195
Удмуртэнерго 269 8
Россети Юг (ГК) АО «ВМЭС» 138 24
Астраханьэнерго 74 69
Волгоградэнерго 338 - 274
Калмэнерго 51 -5
Ростовэнерго 704 11
Россети Янтарь Россети Янтарь 273 -37'

18-10-2024T06:25:22 - [MESSAGE][PASSED] - Text of object 'Object Repository/Факторный анализ/AllTable1 Выручка' is: 'ДЗО
Филиал
Отклонение (объём услуг) филиал без Nan
Отклонение (средний тариф) филиал без Nan
АО «Тываэнерго» АО "Тываэнерго" 186 -12
АО «Чеченэнерго» АО «Чеченэнерго» 34 11
Россети Волга Мордовэнерго 152 -90
Оренбургэнерго 561 - 143
Пензаэнерго 249 -72
Самарские РС 379 - 941
Саратовские РС 397 - 402
Ульяновские РС 206 - 198
Чувашэнерго -92 116
Россети Кубань Кубаньэнерго 2 916 83
Россети Ленэнерго (ГК) Ленинградская область 1 497 323
г. Санкт-Петербург 1 973 - 127
Россети Московский регион Московская область 4 586 - 413
г. Москва 2 708 -39
Россети Северный Кавказ (ГК) Дагестанская энергосбытовая компания 0 0
Дагэнерго - 452 434
Ингушэнерго - 171 90
Каббалкэнерго 180 13
Карачаево-Черкесскэнерго 90 -13
Севкавказэнерго - 292 108
Ставропольэнерго 274 - 237
Россети Северо-Запад Архангельский филиал 103 -77
Вологодский филиал 233 -6
Карельский филиал 32 154
Мурманский филиал 106 77
Новгородский филиал 212 -42
Псковский филиал 162 -22
филиал в Республике Коми 49 18
Россети Сибирь (ГК) Алтайэнерго 227 241
Бурятэнерго -86 266
ГАЭС 99 -14
Красноярскэнерго 955 - 272
Кузбассэнерго-РЭС 298 222
Омскэнерго 92 - 140
Хакасэнерго 281 - 319
Читаэнерго -27 88
Россети Томск Томская распределительная компания 333 - 105
Россети Тюмень Россети Тюмень -3 033 - 419
Россети Урал (ГК) Пермэнерго 620 - 198
Свердловэнерго 891 181
Челябэнерго 893 - 608
Россети ФСК ЕЭС Итого по ФСК ЕЭС 8 451 -7 098
Россети Центр Белгородэнерго 293 77
Брянскэнерго 94 7
Воронежэнерго 546 118
Костромаэнерго 121 4
Курскэнерго 148 70
Липецкэнерго 700 - 301
Орелэнерго 160 -12
Смоленскэнерго 121 22
Тамбовэнерго 254 -10
Тверьэнерго 350 94
Ярэнерго 568 16
Россети Центр и Приволжье (ГК) Владимирэнерго 519 47
Ивэнерго 188 28
Калугаэнерго 549 -42
Кировэнерго 395 -2
Мариэнерго 159 13
Нижновэнерго 659 184
Рязаньэнерго 262 38
Тулэнерго 793 - 195
Удмуртэнерго 269 8
Россети Юг (ГК) АО «ВМЭС» 138 24
Астраханьэнерго 74 69
Волгоградэнерго 338 - 274
Калмэнерго 51 -5
Ростовэнерго 704 11
Россети Янтарь Россети Янтарь 273 -37'

18-10-2024T06:25:22 - [TEST_STEP][PASSED] - println("tableB: " + tableB): null

18-10-2024T06:25:22 - [TEST_STEP][PASSED] - for ([i = 1, i < 5, (i++)]): null

18-10-2024T06:25:22 - [TEST_STEP][PASSED] - ii = tableB.indexOf("/") + 1: null

18-10-2024T06:25:22 - [TEST_STEP][PASSED] - tableB = tableB.substring(ii, tableB.length()): null

18-10-2024T06:25:22 - [TEST_STEP][PASSED] - ii = tableB.indexOf("/") + 1: null

18-10-2024T06:25:22 - [TEST_STEP][PASSED] - tableB = tableB.substring(ii, tableB.length()): null

18-10-2024T06:25:22 - [TEST_STEP][PASSED] - ii = tableB.indexOf("/") + 1: null

18-10-2024T06:25:22 - [TEST_STEP][PASSED] - tableB = tableB.substring(ii, tableB.length()): null

18-10-2024T06:25:22 - [TEST_STEP][PASSED] - ii = tableB.indexOf("/") + 1: null

18-10-2024T06:25:22 - [TEST_STEP][PASSED] - tableB = tableB.substring(ii, tableB.length()): null

18-10-2024T06:25:22 - [TEST_STEP][PASSED] - println("tableB: " + tableB): null

18-10-2024T06:25:22 - [TEST_STEP][PASSED] - TyB = Script1719551244403.GetData(x = tableB): null

18-10-2024T06:25:22 - [TEST_STEP][PASSED] - i2 = <not implemented yet for class: org.codehaus.groovy.ast.expr.EmptyExpression>: null

18-10-2024T06:25:22 - [TEST_STEP][PASSED] - i2 = x.indexOf("/") + 1: null

18-10-2024T06:25:22 - [TEST_STEP][PASSED] - x = replaceAll("\p{P}", "").trim(): null

18-10-2024T06:25:22 - [TEST_STEP][PASSED] - return x: null

18-10-2024T06:25:22 - [TEST_STEP][PASSED] - println("TyB: " + TyB): null

18-10-2024T06:25:22 - [TEST_STEP][PASSED] - tableB = Script1719551244403.NewDZO(x = tableB): null

18-10-2024T06:25:22 - [TEST_STEP][PASSED] - i3 = <not implemented yet for class: org.codehaus.groovy.ast.expr.EmptyExpression>: null

18-10-2024T06:25:22 - [TEST_STEP][PASSED] - i3 = x.indexOf("/") + 1: null

18-10-2024T06:25:22 - [TEST_STEP][PASSED] - x = x.substring(i3, x.length()): null

18-10-2024T06:25:22 - [TEST_STEP][PASSED] - return x: null

18-10-2024T06:25:22 - [TEST_STEP][PASSED] - ChB = Script1719551244403.GetData(x = tableB): null

18-10-2024T06:25:22 - [TEST_STEP][PASSED] - i2 = <not implemented yet for class: org.codehaus.groovy.ast.expr.EmptyExpression>: null

18-10-2024T06:25:22 - [TEST_STEP][PASSED] - i2 = x.indexOf("/") + 1: null

18-10-2024T06:25:22 - [TEST_STEP][PASSED] - x = replaceAll("\p{P}", "").trim(): null

18-10-2024T06:25:22 - [TEST_STEP][PASSED] - return x: null

18-10-2024T06:25:22 - [TEST_STEP][PASSED] - println("ChB: " + ChB): null

18-10-2024T06:25:22 - [TEST_STEP][PASSED] - tableB = Script1719551244403.NewDZO(x = tableB): null

18-10-2024T06:25:22 - [TEST_STEP][PASSED] - i3 = <not implemented yet for class: org.codehaus.groovy.ast.expr.EmptyExpression>: null

18-10-2024T06:25:22 - [TEST_STEP][PASSED] - i3 = x.indexOf("/") + 1: null

18-10-2024T06:25:22 - [TEST_STEP][PASSED] - x = x.substring(i3, x.length()): null

18-10-2024T06:25:22 - [TEST_STEP][PASSED] - return x: null

18-10-2024T06:25:22 - [TEST_STEP][PASSED] - i = tableB.indexOf("Кубань"): null

18-10-2024T06:25:22 - [TEST_STEP][PASSED] - VB = replaceAll("\p{P}", "").trim(): null

18-10-2024T06:25:22 - [TEST_STEP][PASSED] - println("VB: " + VB): null

18-10-2024T06:25:22 - [TEST_STEP][PASSED] - for ([i = 1, i < 8, (i++)]): null

18-10-2024T06:25:22 - [TEST_STEP][PASSED] - tableB = Script1719551244403.NewDZO(x = tableB): null

18-10-2024T06:25:22 - [TEST_STEP][PASSED] - i3 = <not implemented yet for class: org.codehaus.groovy.ast.expr.EmptyExpression>: null

18-10-2024T06:25:22 - [TEST_STEP][PASSED] - i3 = x.indexOf("/") + 1: null

18-10-2024T06:25:22 - [TEST_STEP][PASSED] - x = x.substring(i3, x.length()): null

18-10-2024T06:25:22 - [TEST_STEP][PASSED] - return x: null

18-10-2024T06:25:22 - [TEST_STEP][PASSED] - tableB = Script1719551244403.NewDZO(x = tableB): null

18-10-2024T06:25:22 - [TEST_STEP][PASSED] - i3 = <not implemented yet for class: org.codehaus.groovy.ast.expr.EmptyExpression>: null

18-10-2024T06:25:22 - [TEST_STEP][PASSED] - i3 = x.indexOf("/") + 1: null

18-10-2024T06:25:22 - [TEST_STEP][PASSED] - x = x.substring(i3, x.length()): null

18-10-2024T06:25:22 - [TEST_STEP][PASSED] - return x: null

18-10-2024T06:25:22 - [TEST_STEP][PASSED] - tableB = Script1719551244403.NewDZO(x = tableB): null

18-10-2024T06:25:22 - [TEST_STEP][PASSED] - i3 = <not implemented yet for class: org.codehaus.groovy.ast.expr.EmptyExpression>: null

18-10-2024T06:25:22 - [TEST_STEP][PASSED] - i3 = x.indexOf("/") + 1: null

18-10-2024T06:25:22 - [TEST_STEP][PASSED] - x = x.substring(i3, x.length()): null

18-10-2024T06:25:22 - [TEST_STEP][PASSED] - return x: null

18-10-2024T06:25:22 - [TEST_STEP][PASSED] - tableB = Script1719551244403.NewDZO(x = tableB): null

18-10-2024T06:25:22 - [TEST_STEP][PASSED] - i3 = <not implemented yet for class: org.codehaus.groovy.ast.expr.EmptyExpression>: null

18-10-2024T06:25:22 - [TEST_STEP][PASSED] - i3 = x.indexOf("/") + 1: null

18-10-2024T06:25:22 - [TEST_STEP][PASSED] - x = x.substring(i3, x.length()): null

18-10-2024T06:25:22 - [TEST_STEP][PASSED] - return x: null

18-10-2024T06:25:22 - [TEST_STEP][PASSED] - tableB = Script1719551244403.NewDZO(x = tableB): null

18-10-2024T06:25:22 - [TEST_STEP][PASSED] - i3 = <not implemented yet for class: org.codehaus.groovy.ast.expr.EmptyExpression>: null

18-10-2024T06:25:22 - [TEST_STEP][PASSED] - i3 = x.indexOf("/") + 1: null

18-10-2024T06:25:22 - [TEST_STEP][PASSED] - x = x.substring(i3, x.length()): null

18-10-2024T06:25:22 - [TEST_STEP][PASSED] - return x: null

18-10-2024T06:25:22 - [TEST_STEP][PASSED] - tableB = Script1719551244403.NewDZO(x = tableB): null

18-10-2024T06:25:22 - [TEST_STEP][PASSED] - i3 = <not implemented yet for class: org.codehaus.groovy.ast.expr.EmptyExpression>: null

18-10-2024T06:25:22 - [TEST_STEP][PASSED] - i3 = x.indexOf("/") + 1: null

18-10-2024T06:25:22 - [TEST_STEP][PASSED] - x = x.substring(i3, x.length()): null

18-10-2024T06:25:22 - [TEST_STEP][PASSED] - return x: null

18-10-2024T06:25:22 - [TEST_STEP][PASSED] - tableB = Script1719551244403.NewDZO(x = tableB): null

18-10-2024T06:25:22 - [TEST_STEP][PASSED] - i3 = <not implemented yet for class: org.codehaus.groovy.ast.expr.EmptyExpression>: null

18-10-2024T06:25:22 - [TEST_STEP][PASSED] - i3 = x.indexOf("/") + 1: null

18-10-2024T06:25:22 - [TEST_STEP][PASSED] - x = x.substring(i3, x.length()): null

18-10-2024T06:25:22 - [TEST_STEP][PASSED] - return x: null

18-10-2024T06:25:22 - [TEST_STEP][PASSED] - i = tableB.indexOf("Ленэнерго"): null

18-10-2024T06:25:22 - [TEST_STEP][PASSED] - KuB = Script1719551244403.GetData(x = tableB): null

18-10-2024T06:25:22 - [TEST_STEP][PASSED] - i2 = <not implemented yet for class: org.codehaus.groovy.ast.expr.EmptyExpression>: null

18-10-2024T06:25:22 - [TEST_STEP][PASSED] - i2 = x.indexOf("/") + 1: null

18-10-2024T06:25:22 - [TEST_STEP][PASSED] - x = replaceAll("\p{P}", "").trim(): null

18-10-2024T06:25:22 - [TEST_STEP][PASSED] - return x: null

18-10-2024T06:25:22 - [TEST_STEP][PASSED] - println("KuB: " + KuB): null

18-10-2024T06:25:22 - [TEST_STEP][PASSED] - tableB = Script1719551244403.NewDZO(x = tableB): null

18-10-2024T06:25:22 - [TEST_STEP][PASSED] - i3 = <not implemented yet for class: org.codehaus.groovy.ast.expr.EmptyExpression>: null

18-10-2024T06:25:22 - [TEST_STEP][PASSED] - i3 = x.indexOf("/") + 1: null

18-10-2024T06:25:22 - [TEST_STEP][PASSED] - x = x.substring(i3, x.length()): null

18-10-2024T06:25:22 - [TEST_STEP][PASSED] - return x: null

18-10-2024T06:25:22 - [TEST_STEP][PASSED] - i = tableB.indexOf("Московский"): null

18-10-2024T06:25:22 - [TEST_STEP][PASSED] - LenB = replaceAll("\p{P}", "").trim(): null

18-10-2024T06:25:22 - [TEST_STEP][PASSED] - println("LenB: " + LenB): null

18-10-2024T06:25:22 - [TEST_STEP][PASSED] - tableB = Script1719551244403.NewDZO(x = tableB): null

18-10-2024T06:25:22 - [TEST_STEP][PASSED] - i3 = <not implemented yet for class: org.codehaus.groovy.ast.expr.EmptyExpression>: null

18-10-2024T06:25:22 - [TEST_STEP][PASSED] - i3 = x.indexOf("/") + 1: null

18-10-2024T06:25:22 - [TEST_STEP][PASSED] - x = x.substring(i3, x.length()): null

18-10-2024T06:25:22 - [TEST_STEP][PASSED] - return x: null

18-10-2024T06:25:22 - [TEST_STEP][PASSED] - tableB = Script1719551244403.NewDZO(x = tableB): null

18-10-2024T06:25:22 - [TEST_STEP][PASSED] - i3 = <not implemented yet for class: org.codehaus.groovy.ast.expr.EmptyExpression>: null

18-10-2024T06:25:22 - [TEST_STEP][PASSED] - i3 = x.indexOf("/") + 1: null

18-10-2024T06:25:22 - [TEST_STEP][PASSED] - x = x.substring(i3, x.length()): null

18-10-2024T06:25:22 - [TEST_STEP][PASSED] - return x: null

18-10-2024T06:25:22 - [TEST_STEP][PASSED] - i = tableB.indexOf("Кавказ"): null

18-10-2024T06:25:22 - [TEST_STEP][PASSED] - MosB = replaceAll("\p{P}", "").trim(): null

18-10-2024T06:25:22 - [TEST_STEP][PASSED] - println("MosB: " + MosB): null

18-10-2024T06:25:22 - [TEST_STEP][PASSED] - for ([i = 1, i < 3, (i++)]): null

18-10-2024T06:25:22 - [TEST_STEP][PASSED] - tableB = Script1719551244403.NewDZO(x = tableB): null

18-10-2024T06:25:22 - [TEST_STEP][PASSED] - i3 = <not implemented yet for class: org.codehaus.groovy.ast.expr.EmptyExpression>: null

18-10-2024T06:25:22 - [TEST_STEP][PASSED] - i3 = x.indexOf("/") + 1: null

18-10-2024T06:25:22 - [TEST_STEP][PASSED] - x = x.substring(i3, x.length()): null

18-10-2024T06:25:22 - [TEST_STEP][PASSED] - return x: null

18-10-2024T06:25:22 - [TEST_STEP][PASSED] - tableB = Script1719551244403.NewDZO(x = tableB): null

18-10-2024T06:25:22 - [TEST_STEP][PASSED] - i3 = <not implemented yet for class: org.codehaus.groovy.ast.expr.EmptyExpression>: null

18-10-2024T06:25:22 - [TEST_STEP][PASSED] - i3 = x.indexOf("/") + 1: null

18-10-2024T06:25:22 - [TEST_STEP][PASSED] - x = x.substring(i3, x.length()): null

18-10-2024T06:25:22 - [TEST_STEP][PASSED] - return x: null

18-10-2024T06:25:22 - [TEST_STEP][PASSED] - i = tableB.indexOf("Запад"): null

18-10-2024T06:25:22 - [TEST_STEP][PASSED] - SKB = replaceAll("\p{P}", "").trim(): null

18-10-2024T06:25:22 - [TEST_STEP][PASSED] - println("SKB: " + SKB): null

18-10-2024T06:25:22 - [TEST_STEP][PASSED] - for ([i = 1, i < 7, (i++)]): null

18-10-2024T06:25:22 - [TEST_STEP][PASSED] - tableB = Script1719551244403.NewDZO(x = tableB): null

18-10-2024T06:25:22 - [TEST_STEP][PASSED] - i3 = <not implemented yet for class: org.codehaus.groovy.ast.expr.EmptyExpression>: null

18-10-2024T06:25:22 - [TEST_STEP][PASSED] - i3 = x.indexOf("/") + 1: null

18-10-2024T06:25:22 - [TEST_STEP][PASSED] - x = x.substring(i3, x.length()): null

18-10-2024T06:25:22 - [TEST_STEP][PASSED] - return x: null

18-10-2024T06:25:22 - [TEST_STEP][PASSED] - tableB = Script1719551244403.NewDZO(x = tableB): null

18-10-2024T06:25:22 - [TEST_STEP][PASSED] - i3 = <not implemented yet for class: org.codehaus.groovy.ast.expr.EmptyExpression>: null

18-10-2024T06:25:22 - [TEST_STEP][PASSED] - i3 = x.indexOf("/") + 1: null

18-10-2024T06:25:22 - [TEST_STEP][PASSED] - x = x.substring(i3, x.length()): null

18-10-2024T06:25:22 - [TEST_STEP][PASSED] - return x: null

18-10-2024T06:25:22 - [TEST_STEP][PASSED] - tableB = Script1719551244403.NewDZO(x = tableB): null

18-10-2024T06:25:22 - [TEST_STEP][PASSED] - i3 = <not implemented yet for class: org.codehaus.groovy.ast.expr.EmptyExpression>: null

18-10-2024T06:25:22 - [TEST_STEP][PASSED] - i3 = x.indexOf("/") + 1: null

18-10-2024T06:25:22 - [TEST_STEP][PASSED] - x = x.substring(i3, x.length()): null

18-10-2024T06:25:22 - [TEST_STEP][PASSED] - return x: null

18-10-2024T06:25:22 - [TEST_STEP][PASSED] - tableB = Script1719551244403.NewDZO(x = tableB): null

18-10-2024T06:25:22 - [TEST_STEP][PASSED] - i3 = <not implemented yet for class: org.codehaus.groovy.ast.expr.EmptyExpression>: null

18-10-2024T06:25:22 - [TEST_STEP][PASSED] - i3 = x.indexOf("/") + 1: null

18-10-2024T06:25:22 - [TEST_STEP][PASSED] - x = x.substring(i3, x.length()): null

18-10-2024T06:25:22 - [TEST_STEP][PASSED] - return x: null

18-10-2024T06:25:22 - [TEST_STEP][PASSED] - tableB = Script1719551244403.NewDZO(x = tableB): null

18-10-2024T06:25:22 - [TEST_STEP][PASSED] - i3 = <not implemented yet for class: org.codehaus.groovy.ast.expr.EmptyExpression>: null

18-10-2024T06:25:22 - [TEST_STEP][PASSED] - i3 = x.indexOf("/") + 1: null

18-10-2024T06:25:22 - [TEST_STEP][PASSED] - x = x.substring(i3, x.length()): null

18-10-2024T06:25:22 - [TEST_STEP][PASSED] - return x: null

18-10-2024T06:25:22 - [TEST_STEP][PASSED] - tableB = Script1719551244403.NewDZO(x = tableB): null

18-10-2024T06:25:22 - [TEST_STEP][PASSED] - i3 = <not implemented yet for class: org.codehaus.groovy.ast.expr.EmptyExpression>: null

18-10-2024T06:25:22 - [TEST_STEP][PASSED] - i3 = x.indexOf("/") + 1: null

18-10-2024T06:25:22 - [TEST_STEP][PASSED] - x = x.substring(i3, x.length()): null

18-10-2024T06:25:22 - [TEST_STEP][PASSED] - return x: null

18-10-2024T06:25:22 - [TEST_STEP][PASSED] - i = tableB.indexOf("Сибирь"): null

18-10-2024T06:25:22 - [TEST_STEP][PASSED] - SZB = replaceAll("\p{P}", "").trim(): null

18-10-2024T06:25:22 - [TEST_STEP][PASSED] - println("SZB: " + SZB): null

18-10-2024T06:25:22 - [TEST_STEP][PASSED] - for ([i = 1, i < 8, (i++)]): null

18-10-2024T06:25:22 - [TEST_STEP][PASSED] - tableB = Script1719551244403.NewDZO(x = tableB): null

18-10-2024T06:25:22 - [TEST_STEP][PASSED] - i3 = <not implemented yet for class: org.codehaus.groovy.ast.expr.EmptyExpression>: null

18-10-2024T06:25:22 - [TEST_STEP][PASSED] - i3 = x.indexOf("/") + 1: null

18-10-2024T06:25:22 - [TEST_STEP][PASSED] - x = x.substring(i3, x.length()): null

18-10-2024T06:25:22 - [TEST_STEP][PASSED] - return x: null

18-10-2024T06:25:22 - [TEST_STEP][PASSED] - tableB = Script1719551244403.NewDZO(x = tableB): null

18-10-2024T06:25:22 - [TEST_STEP][PASSED] - i3 = <not implemented yet for class: org.codehaus.groovy.ast.expr.EmptyExpression>: null

18-10-2024T06:25:22 - [TEST_STEP][PASSED] - i3 = x.indexOf("/") + 1: null

18-10-2024T06:25:22 - [TEST_STEP][PASSED] - x = x.substring(i3, x.length()): null

18-10-2024T06:25:22 - [TEST_STEP][PASSED] - return x: null

18-10-2024T06:25:22 - [TEST_STEP][PASSED] - tableB = Script1719551244403.NewDZO(x = tableB): null

18-10-2024T06:25:22 - [TEST_STEP][PASSED] - i3 = <not implemented yet for class: org.codehaus.groovy.ast.expr.EmptyExpression>: null

18-10-2024T06:25:22 - [TEST_STEP][PASSED] - i3 = x.indexOf("/") + 1: null

18-10-2024T06:25:22 - [TEST_STEP][PASSED] - x = x.substring(i3, x.length()): null

18-10-2024T06:25:22 - [TEST_STEP][PASSED] - return x: null

18-10-2024T06:25:22 - [TEST_STEP][PASSED] - tableB = Script1719551244403.NewDZO(x = tableB): null

18-10-2024T06:25:22 - [TEST_STEP][PASSED] - i3 = <not implemented yet for class: org.codehaus.groovy.ast.expr.EmptyExpression>: null

18-10-2024T06:25:22 - [TEST_STEP][PASSED] - i3 = x.indexOf("/") + 1: null

18-10-2024T06:25:22 - [TEST_STEP][PASSED] - x = x.substring(i3, x.length()): null

18-10-2024T06:25:22 - [TEST_STEP][PASSED] - return x: null

18-10-2024T06:25:22 - [TEST_STEP][PASSED] - tableB = Script1719551244403.NewDZO(x = tableB): null

18-10-2024T06:25:22 - [TEST_STEP][PASSED] - i3 = <not implemented yet for class: org.codehaus.groovy.ast.expr.EmptyExpression>: null

18-10-2024T06:25:22 - [TEST_STEP][PASSED] - i3 = x.indexOf("/") + 1: null

18-10-2024T06:25:22 - [TEST_STEP][PASSED] - x = x.substring(i3, x.length()): null

18-10-2024T06:25:22 - [TEST_STEP][PASSED] - return x: null

18-10-2024T06:25:22 - [TEST_STEP][PASSED] - tableB = Script1719551244403.NewDZO(x = tableB): null

18-10-2024T06:25:22 - [TEST_STEP][PASSED] - i3 = <not implemented yet for class: org.codehaus.groovy.ast.expr.EmptyExpression>: null

18-10-2024T06:25:22 - [TEST_STEP][PASSED] - i3 = x.indexOf("/") + 1: null

18-10-2024T06:25:22 - [TEST_STEP][PASSED] - x = x.substring(i3, x.length()): null

18-10-2024T06:25:22 - [TEST_STEP][PASSED] - return x: null

18-10-2024T06:25:22 - [TEST_STEP][PASSED] - tableB = Script1719551244403.NewDZO(x = tableB): null

18-10-2024T06:25:22 - [TEST_STEP][PASSED] - i3 = <not implemented yet for class: org.codehaus.groovy.ast.expr.EmptyExpression>: null

18-10-2024T06:25:22 - [TEST_STEP][PASSED] - i3 = x.indexOf("/") + 1: null

18-10-2024T06:25:22 - [TEST_STEP][PASSED] - x = x.substring(i3, x.length()): null

18-10-2024T06:25:22 - [TEST_STEP][PASSED] - return x: null

18-10-2024T06:25:22 - [TEST_STEP][PASSED] - i = tableB.indexOf("Томск"): null

18-10-2024T06:25:22 - [TEST_STEP][PASSED] - SiB = replaceAll("\p{P}", "").trim(): null

18-10-2024T06:25:22 - [TEST_STEP][PASSED] - println("SiB: " + SiB): null

18-10-2024T06:25:22 - [TEST_STEP][PASSED] - for ([i = 1, i < 9, (i++)]): null

18-10-2024T06:25:22 - [TEST_STEP][PASSED] - tableB = Script1719551244403.NewDZO(x = tableB): null

18-10-2024T06:25:22 - [TEST_STEP][PASSED] - i3 = <not implemented yet for class: org.codehaus.groovy.ast.expr.EmptyExpression>: null

18-10-2024T06:25:22 - [TEST_STEP][PASSED] - i3 = x.indexOf("/") + 1: null

18-10-2024T06:25:22 - [TEST_STEP][PASSED] - x = x.substring(i3, x.length()): null

18-10-2024T06:25:22 - [TEST_STEP][PASSED] - return x: null

18-10-2024T06:25:22 - [TEST_STEP][PASSED] - tableB = Script1719551244403.NewDZO(x = tableB): null

18-10-2024T06:25:22 - [TEST_STEP][PASSED] - i3 = <not implemented yet for class: org.codehaus.groovy.ast.expr.EmptyExpression>: null

18-10-2024T06:25:22 - [TEST_STEP][PASSED] - i3 = x.indexOf("/") + 1: null

18-10-2024T06:25:22 - [TEST_STEP][PASSED] - x = x.substring(i3, x.length()): null

18-10-2024T06:25:22 - [TEST_STEP][PASSED] - return x: null

18-10-2024T06:25:22 - [TEST_STEP][PASSED] - tableB = Script1719551244403.NewDZO(x = tableB): null

18-10-2024T06:25:22 - [TEST_STEP][PASSED] - i3 = <not implemented yet for class: org.codehaus.groovy.ast.expr.EmptyExpression>: null

18-10-2024T06:25:22 - [TEST_STEP][PASSED] - i3 = x.indexOf("/") + 1: null

18-10-2024T06:25:22 - [TEST_STEP][PASSED] - x = x.substring(i3, x.length()): null

18-10-2024T06:25:22 - [TEST_STEP][PASSED] - return x: null

18-10-2024T06:25:22 - [TEST_STEP][PASSED] - tableB = Script1719551244403.NewDZO(x = tableB): null

18-10-2024T06:25:22 - [TEST_STEP][PASSED] - i3 = <not implemented yet for class: org.codehaus.groovy.ast.expr.EmptyExpression>: null

18-10-2024T06:25:22 - [TEST_STEP][PASSED] - i3 = x.indexOf("/") + 1: null

18-10-2024T06:25:22 - [TEST_STEP][PASSED] - x = x.substring(i3, x.length()): null

18-10-2024T06:25:22 - [TEST_STEP][PASSED] - return x: null

18-10-2024T06:25:22 - [TEST_STEP][PASSED] - tableB = Script1719551244403.NewDZO(x = tableB): null

18-10-2024T06:25:22 - [TEST_STEP][PASSED] - i3 = <not implemented yet for class: org.codehaus.groovy.ast.expr.EmptyExpression>: null

18-10-2024T06:25:22 - [TEST_STEP][PASSED] - i3 = x.indexOf("/") + 1: null

18-10-2024T06:25:22 - [TEST_STEP][PASSED] - x = x.substring(i3, x.length()): null

18-10-2024T06:25:22 - [TEST_STEP][PASSED] - return x: null

18-10-2024T06:25:22 - [TEST_STEP][PASSED] - tableB = Script1719551244403.NewDZO(x = tableB): null

18-10-2024T06:25:22 - [TEST_STEP][PASSED] - i3 = <not implemented yet for class: org.codehaus.groovy.ast.expr.EmptyExpression>: null

18-10-2024T06:25:22 - [TEST_STEP][PASSED] - i3 = x.indexOf("/") + 1: null

18-10-2024T06:25:22 - [TEST_STEP][PASSED] - x = x.substring(i3, x.length()): null

18-10-2024T06:25:22 - [TEST_STEP][PASSED] - return x: null

18-10-2024T06:25:22 - [TEST_STEP][PASSED] - tableB = Script1719551244403.NewDZO(x = tableB): null

18-10-2024T06:25:22 - [TEST_STEP][PASSED] - i3 = <not implemented yet for class: org.codehaus.groovy.ast.expr.EmptyExpression>: null

18-10-2024T06:25:22 - [TEST_STEP][PASSED] - i3 = x.indexOf("/") + 1: null

18-10-2024T06:25:22 - [TEST_STEP][PASSED] - x = x.substring(i3, x.length()): null

18-10-2024T06:25:22 - [TEST_STEP][PASSED] - return x: null

18-10-2024T06:25:22 - [TEST_STEP][PASSED] - tableB = Script1719551244403.NewDZO(x = tableB): null

18-10-2024T06:25:22 - [TEST_STEP][PASSED] - i3 = <not implemented yet for class: org.codehaus.groovy.ast.expr.EmptyExpression>: null

18-10-2024T06:25:22 - [TEST_STEP][PASSED] - i3 = x.indexOf("/") + 1: null

18-10-2024T06:25:22 - [TEST_STEP][PASSED] - x = x.substring(i3, x.length()): null

18-10-2024T06:25:22 - [TEST_STEP][PASSED] - return x: null

18-10-2024T06:25:22 - [TEST_STEP][PASSED] - i = tableB.indexOf("Тюмень"): null

18-10-2024T06:25:22 - [TEST_STEP][PASSED] - ToB = replaceAll("\p{P}", "").trim(): null

18-10-2024T06:25:22 - [TEST_STEP][PASSED] - println("ToB: " + ToB): null

18-10-2024T06:25:22 - [TEST_STEP][PASSED] - tableB = Script1719551244403.NewDZO(x = tableB): null

18-10-2024T06:25:22 - [TEST_STEP][PASSED] - i3 = <not implemented yet for class: org.codehaus.groovy.ast.expr.EmptyExpression>: null

18-10-2024T06:25:22 - [TEST_STEP][PASSED] - i3 = x.indexOf("/") + 1: null

18-10-2024T06:25:22 - [TEST_STEP][PASSED] - x = x.substring(i3, x.length()): null

18-10-2024T06:25:22 - [TEST_STEP][PASSED] - return x: null

18-10-2024T06:25:22 - [TEST_STEP][PASSED] - TyuB = replaceAll("\p{P}", "").trim(): null

18-10-2024T06:25:22 - [TEST_STEP][PASSED] - println("TyuB: " + TyuB): null

18-10-2024T06:25:22 - [TEST_STEP][PASSED] - tableB = Script1719551244403.NewDZO(x = tableB): null

18-10-2024T06:25:22 - [TEST_STEP][PASSED] - i3 = <not implemented yet for class: org.codehaus.groovy.ast.expr.EmptyExpression>: null

18-10-2024T06:25:22 - [TEST_STEP][PASSED] - i3 = x.indexOf("/") + 1: null

18-10-2024T06:25:22 - [TEST_STEP][PASSED] - x = x.substring(i3, x.length()): null

18-10-2024T06:25:22 - [TEST_STEP][PASSED] - return x: null

18-10-2024T06:25:22 - [TEST_STEP][PASSED] - i = tableB.indexOf("ЕЭС"): null

18-10-2024T06:25:22 - [TEST_STEP][PASSED] - UrB = replaceAll("\p{P}", "").trim(): null

18-10-2024T06:25:22 - [TEST_STEP][PASSED] - println("UrB: " + UrB): null

18-10-2024T06:25:22 - [TEST_STEP][PASSED] - for ([i = 1, i < 4, (i++)]): null

18-10-2024T06:25:22 - [TEST_STEP][PASSED] - tableB = Script1719551244403.NewDZO(x = tableB): null

18-10-2024T06:25:22 - [TEST_STEP][PASSED] - i3 = <not implemented yet for class: org.codehaus.groovy.ast.expr.EmptyExpression>: null

18-10-2024T06:25:22 - [TEST_STEP][PASSED] - i3 = x.indexOf("/") + 1: null

18-10-2024T06:25:22 - [TEST_STEP][PASSED] - x = x.substring(i3, x.length()): null

18-10-2024T06:25:22 - [TEST_STEP][PASSED] - return x: null

18-10-2024T06:25:22 - [TEST_STEP][PASSED] - tableB = Script1719551244403.NewDZO(x = tableB): null

18-10-2024T06:25:22 - [TEST_STEP][PASSED] - i3 = <not implemented yet for class: org.codehaus.groovy.ast.expr.EmptyExpression>: null

18-10-2024T06:25:22 - [TEST_STEP][PASSED] - i3 = x.indexOf("/") + 1: null

18-10-2024T06:25:22 - [TEST_STEP][PASSED] - x = x.substring(i3, x.length()): null

18-10-2024T06:25:22 - [TEST_STEP][PASSED] - return x: null

18-10-2024T06:25:22 - [TEST_STEP][PASSED] - tableB = Script1719551244403.NewDZO(x = tableB): null

18-10-2024T06:25:22 - [TEST_STEP][PASSED] - i3 = <not implemented yet for class: org.codehaus.groovy.ast.expr.EmptyExpression>: null

18-10-2024T06:25:22 - [TEST_STEP][PASSED] - i3 = x.indexOf("/") + 1: null

18-10-2024T06:25:22 - [TEST_STEP][PASSED] - x = x.substring(i3, x.length()): null

18-10-2024T06:25:22 - [TEST_STEP][PASSED] - return x: null

18-10-2024T06:25:22 - [TEST_STEP][PASSED] - i = tableB.indexOf("Центр"): null

18-10-2024T06:25:22 - [TEST_STEP][PASSED] - FSKB = replaceAll("\p{P}", "").trim(): null

18-10-2024T06:25:22 - [TEST_STEP][PASSED] - println("FSKB: " + FSKB): null

18-10-2024T06:25:22 - [TEST_STEP][PASSED] - tableB = Script1719551244403.NewDZO(x = tableB): null

18-10-2024T06:25:22 - [TEST_STEP][PASSED] - i3 = <not implemented yet for class: org.codehaus.groovy.ast.expr.EmptyExpression>: null

18-10-2024T06:25:22 - [TEST_STEP][PASSED] - i3 = x.indexOf("/") + 1: null

18-10-2024T06:25:22 - [TEST_STEP][PASSED] - x = x.substring(i3, x.length()): null

18-10-2024T06:25:22 - [TEST_STEP][PASSED] - return x: null

18-10-2024T06:25:22 - [TEST_STEP][PASSED] - i = tableB.indexOf("Приволжье"): null

18-10-2024T06:25:22 - [TEST_STEP][PASSED] - CenB = replaceAll("\p{P}", "").trim(): null

18-10-2024T06:25:22 - [TEST_STEP][PASSED] - println("CenB: " + CenB): null

18-10-2024T06:25:22 - [TEST_STEP][PASSED] - for ([i = 1, i < 12, (i++)]): null

18-10-2024T06:25:22 - [TEST_STEP][PASSED] - tableB = Script1719551244403.NewDZO(x = tableB): null

18-10-2024T06:25:22 - [TEST_STEP][PASSED] - i3 = <not implemented yet for class: org.codehaus.groovy.ast.expr.EmptyExpression>: null

18-10-2024T06:25:22 - [TEST_STEP][PASSED] - i3 = x.indexOf("/") + 1: null

18-10-2024T06:25:22 - [TEST_STEP][PASSED] - x = x.substring(i3, x.length()): null

18-10-2024T06:25:22 - [TEST_STEP][PASSED] - return x: null

18-10-2024T06:25:22 - [TEST_STEP][PASSED] - tableB = Script1719551244403.NewDZO(x = tableB): null

18-10-2024T06:25:22 - [TEST_STEP][PASSED] - i3 = <not implemented yet for class: org.codehaus.groovy.ast.expr.EmptyExpression>: null

18-10-2024T06:25:22 - [TEST_STEP][PASSED] - i3 = x.indexOf("/") + 1: null

18-10-2024T06:25:22 - [TEST_STEP][PASSED] - x = x.substring(i3, x.length()): null

18-10-2024T06:25:22 - [TEST_STEP][PASSED] - return x: null

18-10-2024T06:25:22 - [TEST_STEP][PASSED] - tableB = Script1719551244403.NewDZO(x = tableB): null

18-10-2024T06:25:22 - [TEST_STEP][PASSED] - i3 = <not implemented yet for class: org.codehaus.groovy.ast.expr.EmptyExpression>: null

18-10-2024T06:25:22 - [TEST_STEP][PASSED] - i3 = x.indexOf("/") + 1: null

18-10-2024T06:25:22 - [TEST_STEP][PASSED] - x = x.substring(i3, x.length()): null

18-10-2024T06:25:22 - [TEST_STEP][PASSED] - return x: null

18-10-2024T06:25:22 - [TEST_STEP][PASSED] - tableB = Script1719551244403.NewDZO(x = tableB): null

18-10-2024T06:25:22 - [TEST_STEP][PASSED] - i3 = <not implemented yet for class: org.codehaus.groovy.ast.expr.EmptyExpression>: null

18-10-2024T06:25:22 - [TEST_STEP][PASSED] - i3 = x.indexOf("/") + 1: null

18-10-2024T06:25:22 - [TEST_STEP][PASSED] - x = x.substring(i3, x.length()): null

18-10-2024T06:25:22 - [TEST_STEP][PASSED] - return x: null

18-10-2024T06:25:22 - [TEST_STEP][PASSED] - tableB = Script1719551244403.NewDZO(x = tableB): null

18-10-2024T06:25:22 - [TEST_STEP][PASSED] - i3 = <not implemented yet for class: org.codehaus.groovy.ast.expr.EmptyExpression>: null

18-10-2024T06:25:22 - [TEST_STEP][PASSED] - i3 = x.indexOf("/") + 1: null

18-10-2024T06:25:22 - [TEST_STEP][PASSED] - x = x.substring(i3, x.length()): null

18-10-2024T06:25:22 - [TEST_STEP][PASSED] - return x: null

18-10-2024T06:25:22 - [TEST_STEP][PASSED] - tableB = Script1719551244403.NewDZO(x = tableB): null

18-10-2024T06:25:22 - [TEST_STEP][PASSED] - i3 = <not implemented yet for class: org.codehaus.groovy.ast.expr.EmptyExpression>: null

18-10-2024T06:25:22 - [TEST_STEP][PASSED] - i3 = x.indexOf("/") + 1: null

18-10-2024T06:25:22 - [TEST_STEP][PASSED] - x = x.substring(i3, x.length()): null

18-10-2024T06:25:22 - [TEST_STEP][PASSED] - return x: null

18-10-2024T06:25:22 - [TEST_STEP][PASSED] - tableB = Script1719551244403.NewDZO(x = tableB): null

18-10-2024T06:25:22 - [TEST_STEP][PASSED] - i3 = <not implemented yet for class: org.codehaus.groovy.ast.expr.EmptyExpression>: null

18-10-2024T06:25:22 - [TEST_STEP][PASSED] - i3 = x.indexOf("/") + 1: null

18-10-2024T06:25:22 - [TEST_STEP][PASSED] - x = x.substring(i3, x.length()): null

18-10-2024T06:25:22 - [TEST_STEP][PASSED] - return x: null

18-10-2024T06:25:22 - [TEST_STEP][PASSED] - tableB = Script1719551244403.NewDZO(x = tableB): null

18-10-2024T06:25:22 - [TEST_STEP][PASSED] - i3 = <not implemented yet for class: org.codehaus.groovy.ast.expr.EmptyExpression>: null

18-10-2024T06:25:22 - [TEST_STEP][PASSED] - i3 = x.indexOf("/") + 1: null

18-10-2024T06:25:22 - [TEST_STEP][PASSED] - x = x.substring(i3, x.length()): null

18-10-2024T06:25:22 - [TEST_STEP][PASSED] - return x: null

18-10-2024T06:25:22 - [TEST_STEP][PASSED] - tableB = Script1719551244403.NewDZO(x = tableB): null

18-10-2024T06:25:22 - [TEST_STEP][PASSED] - i3 = <not implemented yet for class: org.codehaus.groovy.ast.expr.EmptyExpression>: null

18-10-2024T06:25:22 - [TEST_STEP][PASSED] - i3 = x.indexOf("/") + 1: null

18-10-2024T06:25:22 - [TEST_STEP][PASSED] - x = x.substring(i3, x.length()): null

18-10-2024T06:25:22 - [TEST_STEP][PASSED] - return x: null

18-10-2024T06:25:22 - [TEST_STEP][PASSED] - tableB = Script1719551244403.NewDZO(x = tableB): null

18-10-2024T06:25:22 - [TEST_STEP][PASSED] - i3 = <not implemented yet for class: org.codehaus.groovy.ast.expr.EmptyExpression>: null

18-10-2024T06:25:22 - [TEST_STEP][PASSED] - i3 = x.indexOf("/") + 1: null

18-10-2024T06:25:22 - [TEST_STEP][PASSED] - x = x.substring(i3, x.length()): null

18-10-2024T06:25:22 - [TEST_STEP][PASSED] - return x: null

18-10-2024T06:25:22 - [TEST_STEP][PASSED] - tableB = Script1719551244403.NewDZO(x = tableB): null

18-10-2024T06:25:22 - [TEST_STEP][PASSED] - i3 = <not implemented yet for class: org.codehaus.groovy.ast.expr.EmptyExpression>: null

18-10-2024T06:25:22 - [TEST_STEP][PASSED] - i3 = x.indexOf("/") + 1: null

18-10-2024T06:25:22 - [TEST_STEP][PASSED] - x = x.substring(i3, x.length()): null

18-10-2024T06:25:22 - [TEST_STEP][PASSED] - return x: null

18-10-2024T06:25:22 - [TEST_STEP][PASSED] - i = tableB.indexOf("Юг"): null

18-10-2024T06:25:22 - [TEST_STEP][PASSED] - CiPB = replaceAll("\p{P}", "").trim(): null

18-10-2024T06:25:22 - [TEST_STEP][PASSED] - println("CiPB: " + CiPB): null

18-10-2024T06:25:22 - [TEST_STEP][PASSED] - for ([i = 1, i < 10, (i++)]): null

18-10-2024T06:25:22 - [TEST_STEP][PASSED] - tableB = Script1719551244403.NewDZO(x = tableB): null

18-10-2024T06:25:22 - [TEST_STEP][PASSED] - i3 = <not implemented yet for class: org.codehaus.groovy.ast.expr.EmptyExpression>: null

18-10-2024T06:25:22 - [TEST_STEP][PASSED] - i3 = x.indexOf("/") + 1: null

18-10-2024T06:25:22 - [TEST_STEP][PASSED] - x = x.substring(i3, x.length()): null

18-10-2024T06:25:22 - [TEST_STEP][PASSED] - return x: null

18-10-2024T06:25:22 - [TEST_STEP][PASSED] - tableB = Script1719551244403.NewDZO(x = tableB): null

18-10-2024T06:25:22 - [TEST_STEP][PASSED] - i3 = <not implemented yet for class: org.codehaus.groovy.ast.expr.EmptyExpression>: null

18-10-2024T06:25:22 - [TEST_STEP][PASSED] - i3 = x.indexOf("/") + 1: null

18-10-2024T06:25:22 - [TEST_STEP][PASSED] - x = x.substring(i3, x.length()): null

18-10-2024T06:25:22 - [TEST_STEP][PASSED] - return x: null

18-10-2024T06:25:22 - [TEST_STEP][PASSED] - tableB = Script1719551244403.NewDZO(x = tableB): null

18-10-2024T06:25:22 - [TEST_STEP][PASSED] - i3 = <not implemented yet for class: org.codehaus.groovy.ast.expr.EmptyExpression>: null

18-10-2024T06:25:22 - [TEST_STEP][PASSED] - i3 = x.indexOf("/") + 1: null

18-10-2024T06:25:22 - [TEST_STEP][PASSED] - x = x.substring(i3, x.length()): null

18-10-2024T06:25:22 - [TEST_STEP][PASSED] - return x: null

18-10-2024T06:25:22 - [TEST_STEP][PASSED] - tableB = Script1719551244403.NewDZO(x = tableB): null

18-10-2024T06:25:22 - [TEST_STEP][PASSED] - i3 = <not implemented yet for class: org.codehaus.groovy.ast.expr.EmptyExpression>: null

18-10-2024T06:25:22 - [TEST_STEP][PASSED] - i3 = x.indexOf("/") + 1: null

18-10-2024T06:25:22 - [TEST_STEP][PASSED] - x = x.substring(i3, x.length()): null

18-10-2024T06:25:22 - [TEST_STEP][PASSED] - return x: null

18-10-2024T06:25:22 - [TEST_STEP][PASSED] - tableB = Script1719551244403.NewDZO(x = tableB): null

18-10-2024T06:25:22 - [TEST_STEP][PASSED] - i3 = <not implemented yet for class: org.codehaus.groovy.ast.expr.EmptyExpression>: null

18-10-2024T06:25:22 - [TEST_STEP][PASSED] - i3 = x.indexOf("/") + 1: null

18-10-2024T06:25:22 - [TEST_STEP][PASSED] - x = x.substring(i3, x.length()): null

18-10-2024T06:25:22 - [TEST_STEP][PASSED] - return x: null

18-10-2024T06:25:22 - [TEST_STEP][PASSED] - tableB = Script1719551244403.NewDZO(x = tableB): null

18-10-2024T06:25:22 - [TEST_STEP][PASSED] - i3 = <not implemented yet for class: org.codehaus.groovy.ast.expr.EmptyExpression>: null

18-10-2024T06:25:22 - [TEST_STEP][PASSED] - i3 = x.indexOf("/") + 1: null

18-10-2024T06:25:22 - [TEST_STEP][PASSED] - x = x.substring(i3, x.length()): null

18-10-2024T06:25:22 - [TEST_STEP][PASSED] - return x: null

18-10-2024T06:25:22 - [TEST_STEP][PASSED] - tableB = Script1719551244403.NewDZO(x = tableB): null

18-10-2024T06:25:22 - [TEST_STEP][PASSED] - i3 = <not implemented yet for class: org.codehaus.groovy.ast.expr.EmptyExpression>: null

18-10-2024T06:25:22 - [TEST_STEP][PASSED] - i3 = x.indexOf("/") + 1: null

18-10-2024T06:25:22 - [TEST_STEP][PASSED] - x = x.substring(i3, x.length()): null

18-10-2024T06:25:22 - [TEST_STEP][PASSED] - return x: null

18-10-2024T06:25:22 - [TEST_STEP][PASSED] - tableB = Script1719551244403.NewDZO(x = tableB): null

18-10-2024T06:25:22 - [TEST_STEP][PASSED] - i3 = <not implemented yet for class: org.codehaus.groovy.ast.expr.EmptyExpression>: null

18-10-2024T06:25:22 - [TEST_STEP][PASSED] - i3 = x.indexOf("/") + 1: null

18-10-2024T06:25:22 - [TEST_STEP][PASSED] - x = x.substring(i3, x.length()): null

18-10-2024T06:25:22 - [TEST_STEP][PASSED] - return x: null

18-10-2024T06:25:22 - [TEST_STEP][PASSED] - tableB = Script1719551244403.NewDZO(x = tableB): null

18-10-2024T06:25:22 - [TEST_STEP][PASSED] - i3 = <not implemented yet for class: org.codehaus.groovy.ast.expr.EmptyExpression>: null

18-10-2024T06:25:22 - [TEST_STEP][PASSED] - i3 = x.indexOf("/") + 1: null

18-10-2024T06:25:22 - [TEST_STEP][PASSED] - x = x.substring(i3, x.length()): null

18-10-2024T06:25:22 - [TEST_STEP][PASSED] - return x: null

18-10-2024T06:25:22 - [TEST_STEP][PASSED] - i = tableB.indexOf("Янтарь"): null

18-10-2024T06:25:22 - [TEST_STEP][PASSED] - UgB = replaceAll("\p{P}", "").trim(): null

18-10-2024T06:25:22 - [TEST_STEP][PASSED] - println("UgB: " + UgB): null

18-10-2024T06:25:22 - [TEST_STEP][PASSED] - i = tableB.lastIndexOf("/"): null

18-10-2024T06:25:22 - [TEST_STEP][PASSED] - YaB = replaceAll("\p{P}", "").trim(): null

18-10-2024T06:25:22 - [TEST_STEP][PASSED] - println("YaB: " + YaB): null

18-10-2024T06:25:22 - [TEST_STEP][PASSED] - vidget = "Отклонения выручки по факторам": null

18-10-2024T06:25:22 - [TEST_STEP][PASSED] - if (run == 2): null

18-10-2024T06:25:22 - [TEST_STEP][PASSED] - Script1719551244403.Test(run, todaysDate, typeOfData, otobrajeniyeDannyh, x, y, vidget, DZO): null

18-10-2024T06:25:22 - [TEST_STEP][PASSED] - navigateToUrl(findTestData("PlanFact").getValue(10, 3)): Navigate to 'https://bi.rosseti.digital/viewer?dashboardGuid=2301950b23be4ed89c1df75f2020051e&sheetGuid=ccd7d7486b3d4e6fa0ee9b1eaebed46c&fit=true' successfully

18-10-2024T06:25:23 - [MESSAGE][PASSED] - Navigate to 'https://bi.rosseti.digital/viewer?dashboardGuid=2301950b23be4ed89c1df75f2020051e&sheetGuid=ccd7d7486b3d4e6fa0ee9b1eaebed46c&fit=true' successfully

18-10-2024T06:25:23 - [TEST_STEP][PASSED] - Script1719551244403.Autorization(run): null

18-10-2024T06:25:23 - [TEST_STEP][PASSED] - delay(10): Delayed 10 second(s)

18-10-2024T06:25:33 - [MESSAGE][PASSED] - Delayed 10 second(s)

18-10-2024T06:25:33 - [TEST_STEP][PASSED] - if (run == 1): null

18-10-2024T06:25:33 - [TEST_STEP][PASSED] - i = <not implemented yet for class: org.codehaus.groovy.ast.expr.EmptyExpression>: null

18-10-2024T06:25:33 - [TEST_STEP][PASSED] - ii = <not implemented yet for class: org.codehaus.groovy.ast.expr.EmptyExpression>: null

18-10-2024T06:25:33 - [TEST_STEP][PASSED] - a = <not implemented yet for class: org.codehaus.groovy.ast.expr.EmptyExpression>: null

18-10-2024T06:25:33 - [TEST_STEP][PASSED] - a1 = <not implemented yet for class: org.codehaus.groovy.ast.expr.EmptyExpression>: null

18-10-2024T06:25:33 - [TEST_STEP][PASSED] - a2 = <not implemented yet for class: org.codehaus.groovy.ast.expr.EmptyExpression>: null

18-10-2024T06:25:33 - [TEST_STEP][PASSED] - click(findTestObject("Факторный анализ/Фильтр Период")): Object: 'Object Repository/Факторный анализ/Фильтр Период' is clicked on

18-10-2024T06:25:42 - [MESSAGE][PASSED] - Object: 'Object Repository/Факторный анализ/Фильтр Период' is clicked on

18-10-2024T06:25:42 - [TEST_STEP][PASSED] - click(findTestObject("Факторный анализ/Снять выделение в фильтре Дата")): Object: 'Object Repository/Факторный анализ/Снять выделение в фильтре Дата' is clicked on

18-10-2024T06:25:42 - [MESSAGE][PASSED] - Object: 'Object Repository/Факторный анализ/Снять выделение в фильтре Дата' is clicked on

18-10-2024T06:25:42 - [TEST_STEP][PASSED] - click(findTestObject("Факторный анализ/Применить в фильтре Дата")): Object: 'Object Repository/Факторный анализ/Применить в фильтре Дата' is clicked on

18-10-2024T06:25:43 - [MESSAGE][PASSED] - Object: 'Object Repository/Факторный анализ/Применить в фильтре Дата' is clicked on

18-10-2024T06:25:43 - [TEST_STEP][PASSED] - click(findTestObject("Факторный анализ/Фильтр Период")): Object: 'Object Repository/Факторный анализ/Фильтр Период' is clicked on

18-10-2024T06:25:45 - [MESSAGE][PASSED] - Object: 'Object Repository/Факторный анализ/Фильтр Период' is clicked on

18-10-2024T06:25:45 - [TEST_STEP][PASSED] - click(findTestObject("Факторный анализ/Снять выделение в фильтре Дата")): Object: 'Object Repository/Факторный анализ/Снять выделение в фильтре Дата' is clicked on

18-10-2024T06:25:46 - [MESSAGE][PASSED] - Object: 'Object Repository/Факторный анализ/Снять выделение в фильтре Дата' is clicked on

18-10-2024T06:25:46 - [TEST_STEP][PASSED] - scrollToElement(findTestObject("Факторный анализ/2024 список"), 30): Scroll to object 'Object Repository/Факторный анализ/2024 список' successfully

18-10-2024T06:25:46 - [MESSAGE][PASSED] - Scroll to object 'Object Repository/Факторный анализ/2024 список' successfully

18-10-2024T06:25:46 - [TEST_STEP][PASSED] - click(findTestObject("Факторный анализ/2024 список")): Object: 'Object Repository/Факторный анализ/2024 список' is clicked on

18-10-2024T06:25:46 - [MESSAGE][PASSED] - Object: 'Object Repository/Факторный анализ/2024 список' is clicked on

18-10-2024T06:25:46 - [TEST_STEP][PASSED] - scrollToElement(findTestObject("Факторный анализ/1 квартал 2024 выбрать"), 30): Scroll to object 'Object Repository/Факторный анализ/1 квартал 2024 выбрать' successfully

18-10-2024T06:25:47 - [MESSAGE][PASSED] - Scroll to object 'Object Repository/Факторный анализ/1 квартал 2024 выбрать' successfully

18-10-2024T06:25:47 - [TEST_STEP][PASSED] - click(findTestObject("Факторный анализ/1 квартал 2024 выбрать")): Object: 'Object Repository/Факторный анализ/1 квартал 2024 выбрать' is clicked on

18-10-2024T06:25:47 - [MESSAGE][PASSED] - Object: 'Object Repository/Факторный анализ/1 квартал 2024 выбрать' is clicked on

18-10-2024T06:25:47 - [TEST_STEP][PASSED] - scrollToElement(findTestObject("Факторный анализ/1 квартал 2024 выбрать"), 30): Scroll to object 'Object Repository/Факторный анализ/1 квартал 2024 выбрать' successfully

18-10-2024T06:25:48 - [MESSAGE][PASSED] - Scroll to object 'Object Repository/Факторный анализ/1 квартал 2024 выбрать' successfully

18-10-2024T06:25:48 - [TEST_STEP][PASSED] - click(findTestObject("Факторный анализ/2 квартал 2024 выбрать"), CONTINUE_ON_FAILURE): Object: 'Object Repository/Факторный анализ/2 квартал 2024 выбрать' is clicked on

18-10-2024T06:25:48 - [MESSAGE][PASSED] - Object: 'Object Repository/Факторный анализ/2 квартал 2024 выбрать' is clicked on

18-10-2024T06:25:48 - [TEST_STEP][PASSED] - click(findTestObject("Факторный анализ/3 квартал 2024 список"), CONTINUE_ON_FAILURE): Object: 'Object Repository/Факторный анализ/3 квартал 2024 список' is clicked on

18-10-2024T06:25:48 - [MESSAGE][PASSED] - Object: 'Object Repository/Факторный анализ/3 квартал 2024 список' is clicked on

18-10-2024T06:25:48 - [TEST_STEP][PASSED] - click(findTestObject("Факторный анализ/Июль 2024"), CONTINUE_ON_FAILURE): Object: 'Object Repository/Факторный анализ/Июль 2024' is clicked on

18-10-2024T06:25:49 - [MESSAGE][PASSED] - Object: 'Object Repository/Факторный анализ/Июль 2024' is clicked on

18-10-2024T06:25:49 - [TEST_STEP][PASSED] - scrollToElement(findTestObject("Факторный анализ/Август 2024"), 30): Scroll to object 'Object Repository/Факторный анализ/Август 2024' successfully

18-10-2024T06:25:49 - [MESSAGE][PASSED] - Scroll to object 'Object Repository/Факторный анализ/Август 2024' successfully

18-10-2024T06:25:49 - [TEST_STEP][PASSED] - click(findTestObject("Факторный анализ/Август 2024"), CONTINUE_ON_FAILURE): Object: 'Object Repository/Факторный анализ/Август 2024' is clicked on

18-10-2024T06:25:50 - [MESSAGE][PASSED] - Object: 'Object Repository/Факторный анализ/Август 2024' is clicked on

18-10-2024T06:25:50 - [TEST_STEP][PASSED] - scrollToElement(findTestObject("Факторный анализ/Заголовок дашборда"), 30): Scroll to object 'Object Repository/Факторный анализ/Заголовок дашборда' successfully

18-10-2024T06:25:50 - [MESSAGE][PASSED] - Scroll to object 'Object Repository/Факторный анализ/Заголовок дашборда' successfully

18-10-2024T06:25:50 - [TEST_STEP][PASSED] - click(findTestObject("Факторный анализ/Применить в фильтре Дата")): Object: 'Object Repository/Факторный анализ/Применить в фильтре Дата' is clicked on

18-10-2024T06:25:51 - [MESSAGE][PASSED] - Object: 'Object Repository/Факторный анализ/Применить в фильтре Дата' is clicked on

18-10-2024T06:25:51 - [TEST_STEP][PASSED] - if (run == 1): null

18-10-2024T06:25:51 - [TEST_STEP][PASSED] - else: null

18-10-2024T06:25:51 - [TEST_STEP][PASSED] - click(findTestObject("Факторный анализ/Переключить отображение с филиала на месяц")): Object: 'Object Repository/Факторный анализ/Переключить отображение с филиала на месяц' is clicked on

18-10-2024T06:25:53 - [MESSAGE][PASSED] - Object: 'Object Repository/Факторный анализ/Переключить отображение с филиала на месяц' is clicked on

18-10-2024T06:25:53 - [TEST_STEP][PASSED] - a1 = replaceAll("\s+", "").trim(): Text of object 'Object Repository/Факторный анализ/span1 Блок руководителя' is: '-335 790'

18-10-2024T06:25:53 - [MESSAGE][PASSED] - Text of object 'Object Repository/Факторный анализ/span1 Блок руководителя' is: '-335 790'

18-10-2024T06:25:53 - [TEST_STEP][PASSED] - a2 = replaceAll("\s+", "").trim(): Text of object 'Object Repository/Факторный анализ/span2 Блок руководителя' is: '33 824'

18-10-2024T06:25:54 - [MESSAGE][PASSED] - Text of object 'Object Repository/Факторный анализ/span2 Блок руководителя' is: '33 824'

18-10-2024T06:25:54 - [TEST_STEP][PASSED] - println("a1: " + a1): null

18-10-2024T06:25:54 - [TEST_STEP][PASSED] - println("a2: " + a2): null

18-10-2024T06:25:54 - [TEST_STEP][PASSED] - tableA = getText(findTestObject("Факторный анализ/AllTable1")).replaceAll("[\r?
|
]", "/"): Text of object 'Object Repository/Факторный анализ/AllTable1' is: 'ДЗО
Филиал
Отклонение (объём услуг)
Отклонение (средний тариф)
АО «Тываэнерго» АО "Тываэнерго" 186 -12
АО «Чеченэнерго» АО «Чеченэнерго» -2 985 11
Россети Волга Мордовэнерго -2 499 -90
Оренбургэнерго -9 857 - 143
Пензаэнерго -5 956 -72
Самарские РС -11 562 - 941
Саратовские РС -11 875 - 402
Ульяновские РС -4 296 - 198
Чувашэнерго -3 667 116
Россети Кубань Кубаньэнерго -47 196 83
Россети Ленэнерго (ГК) Ленинградская область -25 692 323
г. Санкт-Петербург -36 582 - 127
Россети Московский регион Московская область 4 586 - 413
г. Москва 2 708 -39
Россети Северный Кавказ (ГК) Дагестанская энергосбытовая компания - 111 69
Дагэнерго -5 724 434
Ингушэнерго -1 293 90
Каббалкэнерго -2 385 13
Карачаево-Черкесскэнерго -1 553 -13
Севкавказэнерго -2 704 108
Ставропольэнерго -7 412 - 237
Россети Северо-Запад Архангельский филиал 103 -77
Вологодский филиал 233 -6
Карельский филиал 32 154
Мурманский филиал 106 77
Новгородский филиал 212 -42
Псковский филиал 162 -22
филиал в Республике Коми 49 18
Россети Сибирь (ГК) Алтайэнерго 227 241
Бурятэнерго -86 266
ГАЭС 99 -14
Красноярскэнерго 955 - 272
Кузбассэнерго-РЭС 298 222
Омскэнерго 92 - 140
Хакасэнерго 281 - 319
Читаэнерго -27 88
Россети Томск Томская распределительная компания -5 817 - 105
Россети Тюмень Россети Тюмень -57 812 - 419
Россети Урал (ГК) Пермэнерго 620 - 198
Свердловэнерго 891 181
Челябэнерго 893 - 608
Россети ФСК ЕЭС Итого по ФСК ЕЭС 8 451 -7 098
Россети Центр Белгородэнерго 293 77
Брянскэнерго -4 458 7
Воронежэнерго -12 194 118
Костромаэнерго 121 4
Курскэнерго -2 317 105
Липецкэнерго 700 - 301
Орелэнерго -3 056 -11
Смоленскэнерго -5 925 22
Тамбовэнерго -4 626 -10
Тверьэнерго 350 94
Ярэнерго -6 248 6
Россети Центр и Приволжье (ГК) Владимирэнерго 519 47
Ивэнерго 188 28
Калугаэнерго 549 -42
Кировэнерго 395 -2
Мариэнерго 159 13
Нижновэнерго 659 184
Рязаньэнерго 262 38
Тулэнерго 793 - 195
Удмуртэнерго 269 8
Россети Юг (ГК) АО «ВМЭС» -3 002 24
Астраханьэнерго -4 589 69
Волгоградэнерго -8 020 - 274
Калмэнерго -1 313 -5
Ростовэнерго -16 272 11
Россети Янтарь Россети Янтарь 273 -37'

18-10-2024T06:25:54 - [MESSAGE][PASSED] - Text of object 'Object Repository/Факторный анализ/AllTable1' is: 'ДЗО
Филиал
Отклонение (объём услуг)
Отклонение (средний тариф)
АО «Тываэнерго» АО "Тываэнерго" 186 -12
АО «Чеченэнерго» АО «Чеченэнерго» -2 985 11
Россети Волга Мордовэнерго -2 499 -90
Оренбургэнерго -9 857 - 143
Пензаэнерго -5 956 -72
Самарские РС -11 562 - 941
Саратовские РС -11 875 - 402
Ульяновские РС -4 296 - 198
Чувашэнерго -3 667 116
Россети Кубань Кубаньэнерго -47 196 83
Россети Ленэнерго (ГК) Ленинградская область -25 692 323
г. Санкт-Петербург -36 582 - 127
Россети Московский регион Московская область 4 586 - 413
г. Москва 2 708 -39
Россети Северный Кавказ (ГК) Дагестанская энергосбытовая компания - 111 69
Дагэнерго -5 724 434
Ингушэнерго -1 293 90
Каббалкэнерго -2 385 13
Карачаево-Черкесскэнерго -1 553 -13
Севкавказэнерго -2 704 108
Ставропольэнерго -7 412 - 237
Россети Северо-Запад Архангельский филиал 103 -77
Вологодский филиал 233 -6
Карельский филиал 32 154
Мурманский филиал 106 77
Новгородский филиал 212 -42
Псковский филиал 162 -22
филиал в Республике Коми 49 18
Россети Сибирь (ГК) Алтайэнерго 227 241
Бурятэнерго -86 266
ГАЭС 99 -14
Красноярскэнерго 955 - 272
Кузбассэнерго-РЭС 298 222
Омскэнерго 92 - 140
Хакасэнерго 281 - 319
Читаэнерго -27 88
Россети Томск Томская распределительная компания -5 817 - 105
Россети Тюмень Россети Тюмень -57 812 - 419
Россети Урал (ГК) Пермэнерго 620 - 198
Свердловэнерго 891 181
Челябэнерго 893 - 608
Россети ФСК ЕЭС Итого по ФСК ЕЭС 8 451 -7 098
Россети Центр Белгородэнерго 293 77
Брянскэнерго -4 458 7
Воронежэнерго -12 194 118
Костромаэнерго 121 4
Курскэнерго -2 317 105
Липецкэнерго 700 - 301
Орелэнерго -3 056 -11
Смоленскэнерго -5 925 22
Тамбовэнерго -4 626 -10
Тверьэнерго 350 94
Ярэнерго -6 248 6
Россети Центр и Приволжье (ГК) Владимирэнерго 519 47
Ивэнерго 188 28
Калугаэнерго 549 -42
Кировэнерго 395 -2
Мариэнерго 159 13
Нижновэнерго 659 184
Рязаньэнерго 262 38
Тулэнерго 793 - 195
Удмуртэнерго 269 8
Россети Юг (ГК) АО «ВМЭС» -3 002 24
Астраханьэнерго -4 589 69
Волгоградэнерго -8 020 - 274
Калмэнерго -1 313 -5
Ростовэнерго -16 272 11
Россети Янтарь Россети Янтарь 273 -37'

18-10-2024T06:25:54 - [TEST_STEP][PASSED] - println("tableA: " + tableA): null

18-10-2024T06:25:54 - [TEST_STEP][PASSED] - for ([i = 1, i < 5, (i++)]): null

18-10-2024T06:25:54 - [TEST_STEP][PASSED] - ii = tableA.indexOf("/") + 1: null

18-10-2024T06:25:54 - [TEST_STEP][PASSED] - tableA = tableA.substring(ii, tableA.length()): null

18-10-2024T06:25:54 - [TEST_STEP][PASSED] - ii = tableA.indexOf("/") + 1: null

18-10-2024T06:25:54 - [TEST_STEP][PASSED] - tableA = tableA.substring(ii, tableA.length()): null

18-10-2024T06:25:54 - [TEST_STEP][PASSED] - ii = tableA.indexOf("/") + 1: null

18-10-2024T06:25:54 - [TEST_STEP][PASSED] - tableA = tableA.substring(ii, tableA.length()): null

18-10-2024T06:25:54 - [TEST_STEP][PASSED] - ii = tableA.indexOf("/") + 1: null

18-10-2024T06:25:54 - [TEST_STEP][PASSED] - tableA = tableA.substring(ii, tableA.length()): null

18-10-2024T06:25:54 - [TEST_STEP][PASSED] - println("tableA: " + tableA): null

18-10-2024T06:25:54 - [TEST_STEP][PASSED] - TyA = Script1719551244403.GetData(x = tableA): null

18-10-2024T06:25:54 - [TEST_STEP][PASSED] - i2 = <not implemented yet for class: org.codehaus.groovy.ast.expr.EmptyExpression>: null

18-10-2024T06:25:54 - [TEST_STEP][PASSED] - i2 = x.indexOf("/") + 1: null

18-10-2024T06:25:54 - [TEST_STEP][PASSED] - x = replaceAll("\p{P}", "").trim(): null

18-10-2024T06:25:54 - [TEST_STEP][PASSED] - return x: null

18-10-2024T06:25:54 - [TEST_STEP][PASSED] - println("TyA: " + TyA): null

18-10-2024T06:25:54 - [TEST_STEP][PASSED] - tableA = Script1719551244403.NewDZO(x = tableA): null

18-10-2024T06:25:54 - [TEST_STEP][PASSED] - i3 = <not implemented yet for class: org.codehaus.groovy.ast.expr.EmptyExpression>: null

18-10-2024T06:25:54 - [TEST_STEP][PASSED] - i3 = x.indexOf("/") + 1: null

18-10-2024T06:25:54 - [TEST_STEP][PASSED] - x = x.substring(i3, x.length()): null

18-10-2024T06:25:54 - [TEST_STEP][PASSED] - return x: null

18-10-2024T06:25:54 - [TEST_STEP][PASSED] - ChA = Script1719551244403.GetData(x = tableA): null

18-10-2024T06:25:54 - [TEST_STEP][PASSED] - i2 = <not implemented yet for class: org.codehaus.groovy.ast.expr.EmptyExpression>: null

18-10-2024T06:25:54 - [TEST_STEP][PASSED] - i2 = x.indexOf("/") + 1: null

18-10-2024T06:25:54 - [TEST_STEP][PASSED] - x = replaceAll("\p{P}", "").trim(): null

18-10-2024T06:25:54 - [TEST_STEP][PASSED] - return x: null

18-10-2024T06:25:54 - [TEST_STEP][PASSED] - println("ChA: " + ChA): null

18-10-2024T06:25:54 - [TEST_STEP][PASSED] - tableA = Script1719551244403.NewDZO(x = tableA): null

18-10-2024T06:25:54 - [TEST_STEP][PASSED] - i3 = <not implemented yet for class: org.codehaus.groovy.ast.expr.EmptyExpression>: null

18-10-2024T06:25:54 - [TEST_STEP][PASSED] - i3 = x.indexOf("/") + 1: null

18-10-2024T06:25:54 - [TEST_STEP][PASSED] - x = x.substring(i3, x.length()): null

18-10-2024T06:25:54 - [TEST_STEP][PASSED] - return x: null

18-10-2024T06:25:54 - [TEST_STEP][PASSED] - i = tableA.indexOf("Кубань"): null

18-10-2024T06:25:54 - [TEST_STEP][PASSED] - VA = replaceAll("\p{P}", "").trim(): null

18-10-2024T06:25:54 - [TEST_STEP][PASSED] - println("VA: " + VA): null

18-10-2024T06:25:54 - [TEST_STEP][PASSED] - for ([i = 1, i < 8, (i++)]): null

18-10-2024T06:25:54 - [TEST_STEP][PASSED] - tableA = Script1719551244403.NewDZO(x = tableA): null

18-10-2024T06:25:54 - [TEST_STEP][PASSED] - i3 = <not implemented yet for class: org.codehaus.groovy.ast.expr.EmptyExpression>: null

18-10-2024T06:25:54 - [TEST_STEP][PASSED] - i3 = x.indexOf("/") + 1: null

18-10-2024T06:25:54 - [TEST_STEP][PASSED] - x = x.substring(i3, x.length()): null

18-10-2024T06:25:54 - [TEST_STEP][PASSED] - return x: null

18-10-2024T06:25:54 - [TEST_STEP][PASSED] - tableA = Script1719551244403.NewDZO(x = tableA): null

18-10-2024T06:25:54 - [TEST_STEP][PASSED] - i3 = <not implemented yet for class: org.codehaus.groovy.ast.expr.EmptyExpression>: null

18-10-2024T06:25:54 - [TEST_STEP][PASSED] - i3 = x.indexOf("/") + 1: null

18-10-2024T06:25:54 - [TEST_STEP][PASSED] - x = x.substring(i3, x.length()): null

18-10-2024T06:25:54 - [TEST_STEP][PASSED] - return x: null

18-10-2024T06:25:54 - [TEST_STEP][PASSED] - tableA = Script1719551244403.NewDZO(x = tableA): null

18-10-2024T06:25:54 - [TEST_STEP][PASSED] - i3 = <not implemented yet for class: org.codehaus.groovy.ast.expr.EmptyExpression>: null

18-10-2024T06:25:54 - [TEST_STEP][PASSED] - i3 = x.indexOf("/") + 1: null

18-10-2024T06:25:54 - [TEST_STEP][PASSED] - x = x.substring(i3, x.length()): null

18-10-2024T06:25:54 - [TEST_STEP][PASSED] - return x: null

18-10-2024T06:25:54 - [TEST_STEP][PASSED] - tableA = Script1719551244403.NewDZO(x = tableA): null

18-10-2024T06:25:54 - [TEST_STEP][PASSED] - i3 = <not implemented yet for class: org.codehaus.groovy.ast.expr.EmptyExpression>: null

18-10-2024T06:25:54 - [TEST_STEP][PASSED] - i3 = x.indexOf("/") + 1: null

18-10-2024T06:25:54 - [TEST_STEP][PASSED] - x = x.substring(i3, x.length()): null

18-10-2024T06:25:54 - [TEST_STEP][PASSED] - return x: null

18-10-2024T06:25:54 - [TEST_STEP][PASSED] - tableA = Script1719551244403.NewDZO(x = tableA): null

18-10-2024T06:25:54 - [TEST_STEP][PASSED] - i3 = <not implemented yet for class: org.codehaus.groovy.ast.expr.EmptyExpression>: null

18-10-2024T06:25:54 - [TEST_STEP][PASSED] - i3 = x.indexOf("/") + 1: null

18-10-2024T06:25:54 - [TEST_STEP][PASSED] - x = x.substring(i3, x.length()): null

18-10-2024T06:25:54 - [TEST_STEP][PASSED] - return x: null

18-10-2024T06:25:54 - [TEST_STEP][PASSED] - tableA = Script1719551244403.NewDZO(x = tableA): null

18-10-2024T06:25:54 - [TEST_STEP][PASSED] - i3 = <not implemented yet for class: org.codehaus.groovy.ast.expr.EmptyExpression>: null

18-10-2024T06:25:54 - [TEST_STEP][PASSED] - i3 = x.indexOf("/") + 1: null

18-10-2024T06:25:54 - [TEST_STEP][PASSED] - x = x.substring(i3, x.length()): null

18-10-2024T06:25:54 - [TEST_STEP][PASSED] - return x: null

18-10-2024T06:25:54 - [TEST_STEP][PASSED] - tableA = Script1719551244403.NewDZO(x = tableA): null

18-10-2024T06:25:54 - [TEST_STEP][PASSED] - i3 = <not implemented yet for class: org.codehaus.groovy.ast.expr.EmptyExpression>: null

18-10-2024T06:25:54 - [TEST_STEP][PASSED] - i3 = x.indexOf("/") + 1: null

18-10-2024T06:25:54 - [TEST_STEP][PASSED] - x = x.substring(i3, x.length()): null

18-10-2024T06:25:54 - [TEST_STEP][PASSED] - return x: null

18-10-2024T06:25:54 - [TEST_STEP][PASSED] - i = tableA.indexOf("Ленэнерго"): null

18-10-2024T06:25:54 - [TEST_STEP][PASSED] - KuA = Script1719551244403.GetData(x = tableA): null

18-10-2024T06:25:54 - [TEST_STEP][PASSED] - i2 = <not implemented yet for class: org.codehaus.groovy.ast.expr.EmptyExpression>: null

18-10-2024T06:25:54 - [TEST_STEP][PASSED] - i2 = x.indexOf("/") + 1: null

18-10-2024T06:25:54 - [TEST_STEP][PASSED] - x = replaceAll("\p{P}", "").trim(): null

18-10-2024T06:25:54 - [TEST_STEP][PASSED] - return x: null

18-10-2024T06:25:54 - [TEST_STEP][PASSED] - println("KuA: " + KuA): null

18-10-2024T06:25:54 - [TEST_STEP][PASSED] - tableA = Script1719551244403.NewDZO(x = tableA): null

18-10-2024T06:25:54 - [TEST_STEP][PASSED] - i3 = <not implemented yet for class: org.codehaus.groovy.ast.expr.EmptyExpression>: null

18-10-2024T06:25:54 - [TEST_STEP][PASSED] - i3 = x.indexOf("/") + 1: null

18-10-2024T06:25:54 - [TEST_STEP][PASSED] - x = x.substring(i3, x.length()): null

18-10-2024T06:25:54 - [TEST_STEP][PASSED] - return x: null

18-10-2024T06:25:54 - [TEST_STEP][PASSED] - i = tableA.indexOf("Московский"): null

18-10-2024T06:25:54 - [TEST_STEP][PASSED] - LenA = replaceAll("\p{P}", "").trim(): null

18-10-2024T06:25:54 - [TEST_STEP][PASSED] - println("LenA: " + LenA): null

18-10-2024T06:25:54 - [TEST_STEP][PASSED] - tableA = Script1719551244403.NewDZO(x = tableA): null

18-10-2024T06:25:54 - [TEST_STEP][PASSED] - i3 = <not implemented yet for class: org.codehaus.groovy.ast.expr.EmptyExpression>: null

18-10-2024T06:25:54 - [TEST_STEP][PASSED] - i3 = x.indexOf("/") + 1: null

18-10-2024T06:25:54 - [TEST_STEP][PASSED] - x = x.substring(i3, x.length()): null

18-10-2024T06:25:54 - [TEST_STEP][PASSED] - return x: null

18-10-2024T06:25:54 - [TEST_STEP][PASSED] - tableA = Script1719551244403.NewDZO(x = tableA): null

18-10-2024T06:25:54 - [TEST_STEP][PASSED] - i3 = <not implemented yet for class: org.codehaus.groovy.ast.expr.EmptyExpression>: null

18-10-2024T06:25:54 - [TEST_STEP][PASSED] - i3 = x.indexOf("/") + 1: null

18-10-2024T06:25:54 - [TEST_STEP][PASSED] - x = x.substring(i3, x.length()): null

18-10-2024T06:25:54 - [TEST_STEP][PASSED] - return x: null

18-10-2024T06:25:54 - [TEST_STEP][PASSED] - i = tableA.indexOf("Кавказ"): null

18-10-2024T06:25:54 - [TEST_STEP][PASSED] - MosA = replaceAll("\p{P}", "").trim(): null

18-10-2024T06:25:54 - [TEST_STEP][PASSED] - println("MosA: " + MosA): null

18-10-2024T06:25:54 - [TEST_STEP][PASSED] - for ([i = 1, i < 3, (i++)]): null

18-10-2024T06:25:54 - [TEST_STEP][PASSED] - tableA = Script1719551244403.NewDZO(x = tableA): null

18-10-2024T06:25:54 - [TEST_STEP][PASSED] - i3 = <not implemented yet for class: org.codehaus.groovy.ast.expr.EmptyExpression>: null

18-10-2024T06:25:54 - [TEST_STEP][PASSED] - i3 = x.indexOf("/") + 1: null

18-10-2024T06:25:54 - [TEST_STEP][PASSED] - x = x.substring(i3, x.length()): null

18-10-2024T06:25:54 - [TEST_STEP][PASSED] - return x: null

18-10-2024T06:25:54 - [TEST_STEP][PASSED] - tableA = Script1719551244403.NewDZO(x = tableA): null

18-10-2024T06:25:54 - [TEST_STEP][PASSED] - i3 = <not implemented yet for class: org.codehaus.groovy.ast.expr.EmptyExpression>: null

18-10-2024T06:25:54 - [TEST_STEP][PASSED] - i3 = x.indexOf("/") + 1: null

18-10-2024T06:25:54 - [TEST_STEP][PASSED] - x = x.substring(i3, x.length()): null

18-10-2024T06:25:54 - [TEST_STEP][PASSED] - return x: null

18-10-2024T06:25:54 - [TEST_STEP][PASSED] - i = tableA.indexOf("Запад"): null

18-10-2024T06:25:54 - [TEST_STEP][PASSED] - SKA = replaceAll("\p{P}", "").trim(): null

18-10-2024T06:25:54 - [TEST_STEP][PASSED] - println("SKA: " + SKA): null

18-10-2024T06:25:54 - [TEST_STEP][PASSED] - for ([i = 1, i < 7, (i++)]): null

18-10-2024T06:25:54 - [TEST_STEP][PASSED] - tableA = Script1719551244403.NewDZO(x = tableA): null

18-10-2024T06:25:54 - [TEST_STEP][PASSED] - i3 = <not implemented yet for class: org.codehaus.groovy.ast.expr.EmptyExpression>: null

18-10-2024T06:25:54 - [TEST_STEP][PASSED] - i3 = x.indexOf("/") + 1: null

18-10-2024T06:25:54 - [TEST_STEP][PASSED] - x = x.substring(i3, x.length()): null

18-10-2024T06:25:54 - [TEST_STEP][PASSED] - return x: null

18-10-2024T06:25:54 - [TEST_STEP][PASSED] - tableA = Script1719551244403.NewDZO(x = tableA): null

18-10-2024T06:25:54 - [TEST_STEP][PASSED] - i3 = <not implemented yet for class: org.codehaus.groovy.ast.expr.EmptyExpression>: null

18-10-2024T06:25:54 - [TEST_STEP][PASSED] - i3 = x.indexOf("/") + 1: null

18-10-2024T06:25:54 - [TEST_STEP][PASSED] - x = x.substring(i3, x.length()): null

18-10-2024T06:25:54 - [TEST_STEP][PASSED] - return x: null

18-10-2024T06:25:54 - [TEST_STEP][PASSED] - tableA = Script1719551244403.NewDZO(x = tableA): null

18-10-2024T06:25:54 - [TEST_STEP][PASSED] - i3 = <not implemented yet for class: org.codehaus.groovy.ast.expr.EmptyExpression>: null

18-10-2024T06:25:54 - [TEST_STEP][PASSED] - i3 = x.indexOf("/") + 1: null

18-10-2024T06:25:54 - [TEST_STEP][PASSED] - x = x.substring(i3, x.length()): null

18-10-2024T06:25:54 - [TEST_STEP][PASSED] - return x: null

18-10-2024T06:25:54 - [TEST_STEP][PASSED] - tableA = Script1719551244403.NewDZO(x = tableA): null

18-10-2024T06:25:54 - [TEST_STEP][PASSED] - i3 = <not implemented yet for class: org.codehaus.groovy.ast.expr.EmptyExpression>: null

18-10-2024T06:25:54 - [TEST_STEP][PASSED] - i3 = x.indexOf("/") + 1: null

18-10-2024T06:25:54 - [TEST_STEP][PASSED] - x = x.substring(i3, x.length()): null

18-10-2024T06:25:54 - [TEST_STEP][PASSED] - return x: null

18-10-2024T06:25:54 - [TEST_STEP][PASSED] - tableA = Script1719551244403.NewDZO(x = tableA): null

18-10-2024T06:25:54 - [TEST_STEP][PASSED] - i3 = <not implemented yet for class: org.codehaus.groovy.ast.expr.EmptyExpression>: null

18-10-2024T06:25:54 - [TEST_STEP][PASSED] - i3 = x.indexOf("/") + 1: null

18-10-2024T06:25:54 - [TEST_STEP][PASSED] - x = x.substring(i3, x.length()): null

18-10-2024T06:25:54 - [TEST_STEP][PASSED] - return x: null

18-10-2024T06:25:54 - [TEST_STEP][PASSED] - tableA = Script1719551244403.NewDZO(x = tableA): null

18-10-2024T06:25:54 - [TEST_STEP][PASSED] - i3 = <not implemented yet for class: org.codehaus.groovy.ast.expr.EmptyExpression>: null

18-10-2024T06:25:54 - [TEST_STEP][PASSED] - i3 = x.indexOf("/") + 1: null

18-10-2024T06:25:54 - [TEST_STEP][PASSED] - x = x.substring(i3, x.length()): null

18-10-2024T06:25:54 - [TEST_STEP][PASSED] - return x: null

18-10-2024T06:25:54 - [TEST_STEP][PASSED] - i = tableA.indexOf("Сибирь"): null

18-10-2024T06:25:54 - [TEST_STEP][PASSED] - SZA = replaceAll("\p{P}", "").trim(): null

18-10-2024T06:25:54 - [TEST_STEP][PASSED] - println("SZA: " + SZA): null

18-10-2024T06:25:54 - [TEST_STEP][PASSED] - for ([i = 1, i < 8, (i++)]): null

18-10-2024T06:25:54 - [TEST_STEP][PASSED] - tableA = Script1719551244403.NewDZO(x = tableA): null

18-10-2024T06:25:54 - [TEST_STEP][PASSED] - i3 = <not implemented yet for class: org.codehaus.groovy.ast.expr.EmptyExpression>: null

18-10-2024T06:25:54 - [TEST_STEP][PASSED] - i3 = x.indexOf("/") + 1: null

18-10-2024T06:25:54 - [TEST_STEP][PASSED] - x = x.substring(i3, x.length()): null

18-10-2024T06:25:54 - [TEST_STEP][PASSED] - return x: null

18-10-2024T06:25:54 - [TEST_STEP][PASSED] - tableA = Script1719551244403.NewDZO(x = tableA): null

18-10-2024T06:25:54 - [TEST_STEP][PASSED] - i3 = <not implemented yet for class: org.codehaus.groovy.ast.expr.EmptyExpression>: null

18-10-2024T06:25:54 - [TEST_STEP][PASSED] - i3 = x.indexOf("/") + 1: null

18-10-2024T06:25:54 - [TEST_STEP][PASSED] - x = x.substring(i3, x.length()): null

18-10-2024T06:25:54 - [TEST_STEP][PASSED] - return x: null

18-10-2024T06:25:54 - [TEST_STEP][PASSED] - tableA = Script1719551244403.NewDZO(x = tableA): null

18-10-2024T06:25:54 - [TEST_STEP][PASSED] - i3 = <not implemented yet for class: org.codehaus.groovy.ast.expr.EmptyExpression>: null

18-10-2024T06:25:54 - [TEST_STEP][PASSED] - i3 = x.indexOf("/") + 1: null

18-10-2024T06:25:54 - [TEST_STEP][PASSED] - x = x.substring(i3, x.length()): null

18-10-2024T06:25:54 - [TEST_STEP][PASSED] - return x: null

18-10-2024T06:25:54 - [TEST_STEP][PASSED] - tableA = Script1719551244403.NewDZO(x = tableA): null

18-10-2024T06:25:54 - [TEST_STEP][PASSED] - i3 = <not implemented yet for class: org.codehaus.groovy.ast.expr.EmptyExpression>: null

18-10-2024T06:25:54 - [TEST_STEP][PASSED] - i3 = x.indexOf("/") + 1: null

18-10-2024T06:25:54 - [TEST_STEP][PASSED] - x = x.substring(i3, x.length()): null

18-10-2024T06:25:54 - [TEST_STEP][PASSED] - return x: null

18-10-2024T06:25:54 - [TEST_STEP][PASSED] - tableA = Script1719551244403.NewDZO(x = tableA): null

18-10-2024T06:25:54 - [TEST_STEP][PASSED] - i3 = <not implemented yet for class: org.codehaus.groovy.ast.expr.EmptyExpression>: null

18-10-2024T06:25:54 - [TEST_STEP][PASSED] - i3 = x.indexOf("/") + 1: null

18-10-2024T06:25:54 - [TEST_STEP][PASSED] - x = x.substring(i3, x.length()): null

18-10-2024T06:25:54 - [TEST_STEP][PASSED] - return x: null

18-10-2024T06:25:54 - [TEST_STEP][PASSED] - tableA = Script1719551244403.NewDZO(x = tableA): null

18-10-2024T06:25:54 - [TEST_STEP][PASSED] - i3 = <not implemented yet for class: org.codehaus.groovy.ast.expr.EmptyExpression>: null

18-10-2024T06:25:54 - [TEST_STEP][PASSED] - i3 = x.indexOf("/") + 1: null

18-10-2024T06:25:54 - [TEST_STEP][PASSED] - x = x.substring(i3, x.length()): null

18-10-2024T06:25:54 - [TEST_STEP][PASSED] - return x: null

18-10-2024T06:25:54 - [TEST_STEP][PASSED] - tableA = Script1719551244403.NewDZO(x = tableA): null

18-10-2024T06:25:54 - [TEST_STEP][PASSED] - i3 = <not implemented yet for class: org.codehaus.groovy.ast.expr.EmptyExpression>: null

18-10-2024T06:25:54 - [TEST_STEP][PASSED] - i3 = x.indexOf("/") + 1: null

18-10-2024T06:25:54 - [TEST_STEP][PASSED] - x = x.substring(i3, x.length()): null

18-10-2024T06:25:54 - [TEST_STEP][PASSED] - return x: null

18-10-2024T06:25:54 - [TEST_STEP][PASSED] - i = tableA.indexOf("Томск"): null

18-10-2024T06:25:54 - [TEST_STEP][PASSED] - SiA = replaceAll("\p{P}", "").trim(): null

18-10-2024T06:25:54 - [TEST_STEP][PASSED] - println("SiA: " + SiA): null

18-10-2024T06:25:54 - [TEST_STEP][PASSED] - for ([i = 1, i < 9, (i++)]): null

18-10-2024T06:25:54 - [TEST_STEP][PASSED] - tableA = Script1719551244403.NewDZO(x = tableA): null

18-10-2024T06:25:54 - [TEST_STEP][PASSED] - i3 = <not implemented yet for class: org.codehaus.groovy.ast.expr.EmptyExpression>: null

18-10-2024T06:25:54 - [TEST_STEP][PASSED] - i3 = x.indexOf("/") + 1: null

18-10-2024T06:25:54 - [TEST_STEP][PASSED] - x = x.substring(i3, x.length()): null

18-10-2024T06:25:54 - [TEST_STEP][PASSED] - return x: null

18-10-2024T06:25:54 - [TEST_STEP][PASSED] - tableA = Script1719551244403.NewDZO(x = tableA): null

18-10-2024T06:25:54 - [TEST_STEP][PASSED] - i3 = <not implemented yet for class: org.codehaus.groovy.ast.expr.EmptyExpression>: null

18-10-2024T06:25:54 - [TEST_STEP][PASSED] - i3 = x.indexOf("/") + 1: null

18-10-2024T06:25:54 - [TEST_STEP][PASSED] - x = x.substring(i3, x.length()): null

18-10-2024T06:25:54 - [TEST_STEP][PASSED] - return x: null

18-10-2024T06:25:54 - [TEST_STEP][PASSED] - tableA = Script1719551244403.NewDZO(x = tableA): null

18-10-2024T06:25:54 - [TEST_STEP][PASSED] - i3 = <not implemented yet for class: org.codehaus.groovy.ast.expr.EmptyExpression>: null

18-10-2024T06:25:54 - [TEST_STEP][PASSED] - i3 = x.indexOf("/") + 1: null

18-10-2024T06:25:54 - [TEST_STEP][PASSED] - x = x.substring(i3, x.length()): null

18-10-2024T06:25:54 - [TEST_STEP][PASSED] - return x: null

18-10-2024T06:25:54 - [TEST_STEP][PASSED] - tableA = Script1719551244403.NewDZO(x = tableA): null

18-10-2024T06:25:54 - [TEST_STEP][PASSED] - i3 = <not implemented yet for class: org.codehaus.groovy.ast.expr.EmptyExpression>: null

18-10-2024T06:25:54 - [TEST_STEP][PASSED] - i3 = x.indexOf("/") + 1: null

18-10-2024T06:25:54 - [TEST_STEP][PASSED] - x = x.substring(i3, x.length()): null

18-10-2024T06:25:54 - [TEST_STEP][PASSED] - return x: null

18-10-2024T06:25:54 - [TEST_STEP][PASSED] - tableA = Script1719551244403.NewDZO(x = tableA): null

18-10-2024T06:25:54 - [TEST_STEP][PASSED] - i3 = <not implemented yet for class: org.codehaus.groovy.ast.expr.EmptyExpression>: null

18-10-2024T06:25:54 - [TEST_STEP][PASSED] - i3 = x.indexOf("/") + 1: null

18-10-2024T06:25:54 - [TEST_STEP][PASSED] - x = x.substring(i3, x.length()): null

18-10-2024T06:25:54 - [TEST_STEP][PASSED] - return x: null

18-10-2024T06:25:54 - [TEST_STEP][PASSED] - tableA = Script1719551244403.NewDZO(x = tableA): null

18-10-2024T06:25:54 - [TEST_STEP][PASSED] - i3 = <not implemented yet for class: org.codehaus.groovy.ast.expr.EmptyExpression>: null

18-10-2024T06:25:54 - [TEST_STEP][PASSED] - i3 = x.indexOf("/") + 1: null

18-10-2024T06:25:54 - [TEST_STEP][PASSED] - x = x.substring(i3, x.length()): null

18-10-2024T06:25:54 - [TEST_STEP][PASSED] - return x: null

18-10-2024T06:25:54 - [TEST_STEP][PASSED] - tableA = Script1719551244403.NewDZO(x = tableA): null

18-10-2024T06:25:54 - [TEST_STEP][PASSED] - i3 = <not implemented yet for class: org.codehaus.groovy.ast.expr.EmptyExpression>: null

18-10-2024T06:25:54 - [TEST_STEP][PASSED] - i3 = x.indexOf("/") + 1: null

18-10-2024T06:25:54 - [TEST_STEP][PASSED] - x = x.substring(i3, x.length()): null

18-10-2024T06:25:54 - [TEST_STEP][PASSED] - return x: null

18-10-2024T06:25:54 - [TEST_STEP][PASSED] - tableA = Script1719551244403.NewDZO(x = tableA): null

18-10-2024T06:25:54 - [TEST_STEP][PASSED] - i3 = <not implemented yet for class: org.codehaus.groovy.ast.expr.EmptyExpression>: null

18-10-2024T06:25:54 - [TEST_STEP][PASSED] - i3 = x.indexOf("/") + 1: null

18-10-2024T06:25:54 - [TEST_STEP][PASSED] - x = x.substring(i3, x.length()): null

18-10-2024T06:25:54 - [TEST_STEP][PASSED] - return x: null

18-10-2024T06:25:54 - [TEST_STEP][PASSED] - i = tableA.indexOf("Тюмень"): null

18-10-2024T06:25:54 - [TEST_STEP][PASSED] - ToA = replaceAll("\p{P}", "").trim(): null

18-10-2024T06:25:54 - [TEST_STEP][PASSED] - println("ToA: " + ToA): null

18-10-2024T06:25:54 - [TEST_STEP][PASSED] - tableA = Script1719551244403.NewDZO(x = tableA): null

18-10-2024T06:25:54 - [TEST_STEP][PASSED] - i3 = <not implemented yet for class: org.codehaus.groovy.ast.expr.EmptyExpression>: null

18-10-2024T06:25:54 - [TEST_STEP][PASSED] - i3 = x.indexOf("/") + 1: null

18-10-2024T06:25:54 - [TEST_STEP][PASSED] - x = x.substring(i3, x.length()): null

18-10-2024T06:25:54 - [TEST_STEP][PASSED] - return x: null

18-10-2024T06:25:54 - [TEST_STEP][PASSED] - TyuA = replaceAll("\p{P}", "").trim(): null

18-10-2024T06:25:54 - [TEST_STEP][PASSED] - println("TyuA: " + TyuA): null

18-10-2024T06:25:54 - [TEST_STEP][PASSED] - tableA = Script1719551244403.NewDZO(x = tableA): null

18-10-2024T06:25:54 - [TEST_STEP][PASSED] - i3 = <not implemented yet for class: org.codehaus.groovy.ast.expr.EmptyExpression>: null

18-10-2024T06:25:54 - [TEST_STEP][PASSED] - i3 = x.indexOf("/") + 1: null

18-10-2024T06:25:54 - [TEST_STEP][PASSED] - x = x.substring(i3, x.length()): null

18-10-2024T06:25:54 - [TEST_STEP][PASSED] - return x: null

18-10-2024T06:25:54 - [TEST_STEP][PASSED] - i = tableA.indexOf("ЕЭС"): null

18-10-2024T06:25:54 - [TEST_STEP][PASSED] - UrA = replaceAll("\p{P}", "").trim(): null

18-10-2024T06:25:54 - [TEST_STEP][PASSED] - println("UrA: " + UrA): null

18-10-2024T06:25:54 - [TEST_STEP][PASSED] - for ([i = 1, i < 4, (i++)]): null

18-10-2024T06:25:54 - [TEST_STEP][PASSED] - tableA = Script1719551244403.NewDZO(x = tableA): null

18-10-2024T06:25:54 - [TEST_STEP][PASSED] - i3 = <not implemented yet for class: org.codehaus.groovy.ast.expr.EmptyExpression>: null

18-10-2024T06:25:54 - [TEST_STEP][PASSED] - i3 = x.indexOf("/") + 1: null

18-10-2024T06:25:54 - [TEST_STEP][PASSED] - x = x.substring(i3, x.length()): null

18-10-2024T06:25:54 - [TEST_STEP][PASSED] - return x: null

18-10-2024T06:25:54 - [TEST_STEP][PASSED] - tableA = Script1719551244403.NewDZO(x = tableA): null

18-10-2024T06:25:54 - [TEST_STEP][PASSED] - i3 = <not implemented yet for class: org.codehaus.groovy.ast.expr.EmptyExpression>: null

18-10-2024T06:25:54 - [TEST_STEP][PASSED] - i3 = x.indexOf("/") + 1: null

18-10-2024T06:25:54 - [TEST_STEP][PASSED] - x = x.substring(i3, x.length()): null

18-10-2024T06:25:54 - [TEST_STEP][PASSED] - return x: null

18-10-2024T06:25:54 - [TEST_STEP][PASSED] - tableA = Script1719551244403.NewDZO(x = tableA): null

18-10-2024T06:25:54 - [TEST_STEP][PASSED] - i3 = <not implemented yet for class: org.codehaus.groovy.ast.expr.EmptyExpression>: null

18-10-2024T06:25:54 - [TEST_STEP][PASSED] - i3 = x.indexOf("/") + 1: null

18-10-2024T06:25:54 - [TEST_STEP][PASSED] - x = x.substring(i3, x.length()): null

18-10-2024T06:25:54 - [TEST_STEP][PASSED] - return x: null

18-10-2024T06:25:54 - [TEST_STEP][PASSED] - i = tableA.indexOf("Центр"): null

18-10-2024T06:25:54 - [TEST_STEP][PASSED] - FSKA = replaceAll("\p{P}", "").trim(): null

18-10-2024T06:25:54 - [TEST_STEP][PASSED] - println("FSKA: " + FSKA): null

18-10-2024T06:25:54 - [TEST_STEP][PASSED] - tableA = Script1719551244403.NewDZO(x = tableA): null

18-10-2024T06:25:54 - [TEST_STEP][PASSED] - i3 = <not implemented yet for class: org.codehaus.groovy.ast.expr.EmptyExpression>: null

18-10-2024T06:25:54 - [TEST_STEP][PASSED] - i3 = x.indexOf("/") + 1: null

18-10-2024T06:25:54 - [TEST_STEP][PASSED] - x = x.substring(i3, x.length()): null

18-10-2024T06:25:54 - [TEST_STEP][PASSED] - return x: null

18-10-2024T06:25:54 - [TEST_STEP][PASSED] - i = tableA.indexOf("Приволжье"): null

18-10-2024T06:25:54 - [TEST_STEP][PASSED] - CenA = replaceAll("\p{P}", "").trim(): null

18-10-2024T06:25:54 - [TEST_STEP][PASSED] - println("CenA: " + CenA): null

18-10-2024T06:25:54 - [TEST_STEP][PASSED] - for ([i = 1, i < 12, (i++)]): null

18-10-2024T06:25:54 - [TEST_STEP][PASSED] - tableA = Script1719551244403.NewDZO(x = tableA): null

18-10-2024T06:25:54 - [TEST_STEP][PASSED] - i3 = <not implemented yet for class: org.codehaus.groovy.ast.expr.EmptyExpression>: null

18-10-2024T06:25:54 - [TEST_STEP][PASSED] - i3 = x.indexOf("/") + 1: null

18-10-2024T06:25:54 - [TEST_STEP][PASSED] - x = x.substring(i3, x.length()): null

18-10-2024T06:25:54 - [TEST_STEP][PASSED] - return x: null

18-10-2024T06:25:54 - [TEST_STEP][PASSED] - tableA = Script1719551244403.NewDZO(x = tableA): null

18-10-2024T06:25:54 - [TEST_STEP][PASSED] - i3 = <not implemented yet for class: org.codehaus.groovy.ast.expr.EmptyExpression>: null

18-10-2024T06:25:54 - [TEST_STEP][PASSED] - i3 = x.indexOf("/") + 1: null

18-10-2024T06:25:54 - [TEST_STEP][PASSED] - x = x.substring(i3, x.length()): null

18-10-2024T06:25:54 - [TEST_STEP][PASSED] - return x: null

18-10-2024T06:25:54 - [TEST_STEP][PASSED] - tableA = Script1719551244403.NewDZO(x = tableA): null

18-10-2024T06:25:54 - [TEST_STEP][PASSED] - i3 = <not implemented yet for class: org.codehaus.groovy.ast.expr.EmptyExpression>: null

18-10-2024T06:25:54 - [TEST_STEP][PASSED] - i3 = x.indexOf("/") + 1: null

18-10-2024T06:25:54 - [TEST_STEP][PASSED] - x = x.substring(i3, x.length()): null

18-10-2024T06:25:54 - [TEST_STEP][PASSED] - return x: null

18-10-2024T06:25:54 - [TEST_STEP][PASSED] - tableA = Script1719551244403.NewDZO(x = tableA): null

18-10-2024T06:25:54 - [TEST_STEP][PASSED] - i3 = <not implemented yet for class: org.codehaus.groovy.ast.expr.EmptyExpression>: null

18-10-2024T06:25:54 - [TEST_STEP][PASSED] - i3 = x.indexOf("/") + 1: null

18-10-2024T06:25:54 - [TEST_STEP][PASSED] - x = x.substring(i3, x.length()): null

18-10-2024T06:25:54 - [TEST_STEP][PASSED] - return x: null

18-10-2024T06:25:54 - [TEST_STEP][PASSED] - tableA = Script1719551244403.NewDZO(x = tableA): null

18-10-2024T06:25:54 - [TEST_STEP][PASSED] - i3 = <not implemented yet for class: org.codehaus.groovy.ast.expr.EmptyExpression>: null

18-10-2024T06:25:54 - [TEST_STEP][PASSED] - i3 = x.indexOf("/") + 1: null

18-10-2024T06:25:54 - [TEST_STEP][PASSED] - x = x.substring(i3, x.length()): null

18-10-2024T06:25:54 - [TEST_STEP][PASSED] - return x: null

18-10-2024T06:25:54 - [TEST_STEP][PASSED] - tableA = Script1719551244403.NewDZO(x = tableA): null

18-10-2024T06:25:54 - [TEST_STEP][PASSED] - i3 = <not implemented yet for class: org.codehaus.groovy.ast.expr.EmptyExpression>: null

18-10-2024T06:25:54 - [TEST_STEP][PASSED] - i3 = x.indexOf("/") + 1: null

18-10-2024T06:25:54 - [TEST_STEP][PASSED] - x = x.substring(i3, x.length()): null

18-10-2024T06:25:54 - [TEST_STEP][PASSED] - return x: null

18-10-2024T06:25:54 - [TEST_STEP][PASSED] - tableA = Script1719551244403.NewDZO(x = tableA): null

18-10-2024T06:25:54 - [TEST_STEP][PASSED] - i3 = <not implemented yet for class: org.codehaus.groovy.ast.expr.EmptyExpression>: null

18-10-2024T06:25:54 - [TEST_STEP][PASSED] - i3 = x.indexOf("/") + 1: null

18-10-2024T06:25:54 - [TEST_STEP][PASSED] - x = x.substring(i3, x.length()): null

18-10-2024T06:25:54 - [TEST_STEP][PASSED] - return x: null

18-10-2024T06:25:54 - [TEST_STEP][PASSED] - tableA = Script1719551244403.NewDZO(x = tableA): null

18-10-2024T06:25:54 - [TEST_STEP][PASSED] - i3 = <not implemented yet for class: org.codehaus.groovy.ast.expr.EmptyExpression>: null

18-10-2024T06:25:54 - [TEST_STEP][PASSED] - i3 = x.indexOf("/") + 1: null

18-10-2024T06:25:54 - [TEST_STEP][PASSED] - x = x.substring(i3, x.length()): null

18-10-2024T06:25:54 - [TEST_STEP][PASSED] - return x: null

18-10-2024T06:25:54 - [TEST_STEP][PASSED] - tableA = Script1719551244403.NewDZO(x = tableA): null

18-10-2024T06:25:54 - [TEST_STEP][PASSED] - i3 = <not implemented yet for class: org.codehaus.groovy.ast.expr.EmptyExpression>: null

18-10-2024T06:25:54 - [TEST_STEP][PASSED] - i3 = x.indexOf("/") + 1: null

18-10-2024T06:25:54 - [TEST_STEP][PASSED] - x = x.substring(i3, x.length()): null

18-10-2024T06:25:54 - [TEST_STEP][PASSED] - return x: null

18-10-2024T06:25:54 - [TEST_STEP][PASSED] - tableA = Script1719551244403.NewDZO(x = tableA): null

18-10-2024T06:25:54 - [TEST_STEP][PASSED] - i3 = <not implemented yet for class: org.codehaus.groovy.ast.expr.EmptyExpression>: null

18-10-2024T06:25:54 - [TEST_STEP][PASSED] - i3 = x.indexOf("/") + 1: null

18-10-2024T06:25:54 - [TEST_STEP][PASSED] - x = x.substring(i3, x.length()): null

18-10-2024T06:25:54 - [TEST_STEP][PASSED] - return x: null

18-10-2024T06:25:54 - [TEST_STEP][PASSED] - tableA = Script1719551244403.NewDZO(x = tableA): null

18-10-2024T06:25:54 - [TEST_STEP][PASSED] - i3 = <not implemented yet for class: org.codehaus.groovy.ast.expr.EmptyExpression>: null

18-10-2024T06:25:54 - [TEST_STEP][PASSED] - i3 = x.indexOf("/") + 1: null

18-10-2024T06:25:54 - [TEST_STEP][PASSED] - x = x.substring(i3, x.length()): null

18-10-2024T06:25:54 - [TEST_STEP][PASSED] - return x: null

18-10-2024T06:25:54 - [TEST_STEP][PASSED] - i = tableA.indexOf("Юг"): null

18-10-2024T06:25:54 - [TEST_STEP][PASSED] - CiPA = replaceAll("\p{P}", "").trim(): null

18-10-2024T06:25:54 - [TEST_STEP][PASSED] - println("CiPA: " + CiPA): null

18-10-2024T06:25:54 - [TEST_STEP][PASSED] - for ([i = 1, i < 10, (i++)]): null

18-10-2024T06:25:54 - [TEST_STEP][PASSED] - tableA = Script1719551244403.NewDZO(x = tableA): null

18-10-2024T06:25:54 - [TEST_STEP][PASSED] - i3 = <not implemented yet for class: org.codehaus.groovy.ast.expr.EmptyExpression>: null

18-10-2024T06:25:54 - [TEST_STEP][PASSED] - i3 = x.indexOf("/") + 1: null

18-10-2024T06:25:54 - [TEST_STEP][PASSED] - x = x.substring(i3, x.length()): null

18-10-2024T06:25:54 - [TEST_STEP][PASSED] - return x: null

18-10-2024T06:25:54 - [TEST_STEP][PASSED] - tableA = Script1719551244403.NewDZO(x = tableA): null

18-10-2024T06:25:54 - [TEST_STEP][PASSED] - i3 = <not implemented yet for class: org.codehaus.groovy.ast.expr.EmptyExpression>: null

18-10-2024T06:25:54 - [TEST_STEP][PASSED] - i3 = x.indexOf("/") + 1: null

18-10-2024T06:25:54 - [TEST_STEP][PASSED] - x = x.substring(i3, x.length()): null

18-10-2024T06:25:54 - [TEST_STEP][PASSED] - return x: null

18-10-2024T06:25:54 - [TEST_STEP][PASSED] - tableA = Script1719551244403.NewDZO(x = tableA): null

18-10-2024T06:25:54 - [TEST_STEP][PASSED] - i3 = <not implemented yet for class: org.codehaus.groovy.ast.expr.EmptyExpression>: null

18-10-2024T06:25:54 - [TEST_STEP][PASSED] - i3 = x.indexOf("/") + 1: null

18-10-2024T06:25:54 - [TEST_STEP][PASSED] - x = x.substring(i3, x.length()): null

18-10-2024T06:25:54 - [TEST_STEP][PASSED] - return x: null

18-10-2024T06:25:54 - [TEST_STEP][PASSED] - tableA = Script1719551244403.NewDZO(x = tableA): null

18-10-2024T06:25:54 - [TEST_STEP][PASSED] - i3 = <not implemented yet for class: org.codehaus.groovy.ast.expr.EmptyExpression>: null

18-10-2024T06:25:54 - [TEST_STEP][PASSED] - i3 = x.indexOf("/") + 1: null

18-10-2024T06:25:54 - [TEST_STEP][PASSED] - x = x.substring(i3, x.length()): null

18-10-2024T06:25:54 - [TEST_STEP][PASSED] - return x: null

18-10-2024T06:25:54 - [TEST_STEP][PASSED] - tableA = Script1719551244403.NewDZO(x = tableA): null

18-10-2024T06:25:54 - [TEST_STEP][PASSED] - i3 = <not implemented yet for class: org.codehaus.groovy.ast.expr.EmptyExpression>: null

18-10-2024T06:25:54 - [TEST_STEP][PASSED] - i3 = x.indexOf("/") + 1: null

18-10-2024T06:25:54 - [TEST_STEP][PASSED] - x = x.substring(i3, x.length()): null

18-10-2024T06:25:54 - [TEST_STEP][PASSED] - return x: null

18-10-2024T06:25:54 - [TEST_STEP][PASSED] - tableA = Script1719551244403.NewDZO(x = tableA): null

18-10-2024T06:25:54 - [TEST_STEP][PASSED] - i3 = <not implemented yet for class: org.codehaus.groovy.ast.expr.EmptyExpression>: null

18-10-2024T06:25:54 - [TEST_STEP][PASSED] - i3 = x.indexOf("/") + 1: null

18-10-2024T06:25:54 - [TEST_STEP][PASSED] - x = x.substring(i3, x.length()): null

18-10-2024T06:25:54 - [TEST_STEP][PASSED] - return x: null

18-10-2024T06:25:54 - [TEST_STEP][PASSED] - tableA = Script1719551244403.NewDZO(x = tableA): null

18-10-2024T06:25:54 - [TEST_STEP][PASSED] - i3 = <not implemented yet for class: org.codehaus.groovy.ast.expr.EmptyExpression>: null

18-10-2024T06:25:54 - [TEST_STEP][PASSED] - i3 = x.indexOf("/") + 1: null

18-10-2024T06:25:54 - [TEST_STEP][PASSED] - x = x.substring(i3, x.length()): null

18-10-2024T06:25:54 - [TEST_STEP][PASSED] - return x: null

18-10-2024T06:25:54 - [TEST_STEP][PASSED] - tableA = Script1719551244403.NewDZO(x = tableA): null

18-10-2024T06:25:54 - [TEST_STEP][PASSED] - i3 = <not implemented yet for class: org.codehaus.groovy.ast.expr.EmptyExpression>: null

18-10-2024T06:25:54 - [TEST_STEP][PASSED] - i3 = x.indexOf("/") + 1: null

18-10-2024T06:25:54 - [TEST_STEP][PASSED] - x = x.substring(i3, x.length()): null

18-10-2024T06:25:54 - [TEST_STEP][PASSED] - return x: null

18-10-2024T06:25:54 - [TEST_STEP][PASSED] - tableA = Script1719551244403.NewDZO(x = tableA): null

18-10-2024T06:25:54 - [TEST_STEP][PASSED] - i3 = <not implemented yet for class: org.codehaus.groovy.ast.expr.EmptyExpression>: null

18-10-2024T06:25:54 - [TEST_STEP][PASSED] - i3 = x.indexOf("/") + 1: null

18-10-2024T06:25:54 - [TEST_STEP][PASSED] - x = x.substring(i3, x.length()): null

18-10-2024T06:25:54 - [TEST_STEP][PASSED] - return x: null

18-10-2024T06:25:54 - [TEST_STEP][PASSED] - i = tableA.indexOf("Янтарь"): null

18-10-2024T06:25:54 - [TEST_STEP][PASSED] - UgA = replaceAll("\p{P}", "").trim(): null

18-10-2024T06:25:54 - [TEST_STEP][PASSED] - println("UgA: " + UgA): null

18-10-2024T06:25:54 - [TEST_STEP][PASSED] - i = tableA.lastIndexOf("/"): null

18-10-2024T06:25:54 - [TEST_STEP][PASSED] - YaA = replaceAll("\p{P}", "").trim(): null

18-10-2024T06:25:54 - [TEST_STEP][PASSED] - println("YaA: " + YaA): null

18-10-2024T06:25:54 - [TEST_STEP][PASSED] - delay(10): Delayed 10 second(s)

18-10-2024T06:26:04 - [MESSAGE][PASSED] - Delayed 10 second(s)

18-10-2024T06:26:04 - [TEST_STEP][PASSED] - navigateToUrl(findTestData("PlanFact").getValue(10, 11)): Navigate to 'https://bi.rosseti.digital/viewer?dashboardGuid=a1fd28b3785d443cbc4d7690a1d78e31&sheetGuid=d3a0ddec2e914cb380b20dca74903099&fit=true' successfully

18-10-2024T06:26:05 - [MESSAGE][PASSED] - Navigate to 'https://bi.rosseti.digital/viewer?dashboardGuid=a1fd28b3785d443cbc4d7690a1d78e31&sheetGuid=d3a0ddec2e914cb380b20dca74903099&fit=true' successfully

18-10-2024T06:26:05 - [TEST_STEP][PASSED] - b = <not implemented yet for class: org.codehaus.groovy.ast.expr.EmptyExpression>: null

18-10-2024T06:26:05 - [TEST_STEP][PASSED] - b1 = <not implemented yet for class: org.codehaus.groovy.ast.expr.EmptyExpression>: null

18-10-2024T06:26:05 - [TEST_STEP][PASSED] - b2 = <not implemented yet for class: org.codehaus.groovy.ast.expr.EmptyExpression>: null

18-10-2024T06:26:05 - [TEST_STEP][PASSED] - click(findTestObject("Факторный анализ/Фильтр Дата Выручка")): Object: 'Object Repository/Факторный анализ/Фильтр Дата Выручка' is clicked on

18-10-2024T06:26:29 - [MESSAGE][PASSED] - Object: 'Object Repository/Факторный анализ/Фильтр Дата Выручка' is clicked on

18-10-2024T06:26:29 - [TEST_STEP][PASSED] - click(findTestObject("Факторный анализ/Снять выделение в фильтре Дата Выручка")): Object: 'Object Repository/Факторный анализ/Снять выделение в фильтре Дата Выручка' is clicked on

18-10-2024T06:26:29 - [MESSAGE][PASSED] - Object: 'Object Repository/Факторный анализ/Снять выделение в фильтре Дата Выручка' is clicked on

18-10-2024T06:26:29 - [TEST_STEP][PASSED] - click(findTestObject("Факторный анализ/Применить в фильтре Дата Выручка")): Object: 'Object Repository/Факторный анализ/Применить в фильтре Дата Выручка' is clicked on

18-10-2024T06:26:30 - [MESSAGE][PASSED] - Object: 'Object Repository/Факторный анализ/Применить в фильтре Дата Выручка' is clicked on

18-10-2024T06:26:30 - [TEST_STEP][PASSED] - delay(10): Delayed 10 second(s)

18-10-2024T06:26:40 - [MESSAGE][PASSED] - Delayed 10 second(s)

18-10-2024T06:26:40 - [TEST_STEP][PASSED] - click(findTestObject("Факторный анализ/Фильтр Дата Выручка")): Object: 'Object Repository/Факторный анализ/Фильтр Дата Выручка' is clicked on

18-10-2024T06:26:40 - [MESSAGE][PASSED] - Object: 'Object Repository/Факторный анализ/Фильтр Дата Выручка' is clicked on

18-10-2024T06:26:40 - [TEST_STEP][PASSED] - click(findTestObject("Факторный анализ/Снять выделение в фильтре Дата Выручка")): Object: 'Object Repository/Факторный анализ/Снять выделение в фильтре Дата Выручка' is clicked on

18-10-2024T06:26:41 - [MESSAGE][PASSED] - Object: 'Object Repository/Факторный анализ/Снять выделение в фильтре Дата Выручка' is clicked on

18-10-2024T06:26:41 - [TEST_STEP][PASSED] - scrollToElement(findTestObject("Факторный анализ/2024 список Выручка"), 30): Scroll to object 'Object Repository/Факторный анализ/2024 список Выручка' successfully

18-10-2024T06:26:41 - [MESSAGE][PASSED] - Scroll to object 'Object Repository/Факторный анализ/2024 список Выручка' successfully

18-10-2024T06:26:41 - [TEST_STEP][PASSED] - click(findTestObject("Факторный анализ/2024 список Выручка")): Object: 'Object Repository/Факторный анализ/2024 список Выручка' is clicked on

18-10-2024T06:26:41 - [MESSAGE][PASSED] - Object: 'Object Repository/Факторный анализ/2024 список Выручка' is clicked on

18-10-2024T06:26:41 - [TEST_STEP][PASSED] - scrollToElement(findTestObject("Факторный анализ/1 квартал 2024 выбрать Выручка"), 30): Scroll to object 'Object Repository/Факторный анализ/1 квартал 2024 выбрать Выручка' successfully

18-10-2024T06:26:42 - [MESSAGE][PASSED] - Scroll to object 'Object Repository/Факторный анализ/1 квартал 2024 выбрать Выручка' successfully

18-10-2024T06:26:42 - [TEST_STEP][PASSED] - click(findTestObject("Факторный анализ/1 квартал 2024 выбрать Выручка")): Object: 'Object Repository/Факторный анализ/1 квартал 2024 выбрать Выручка' is clicked on

18-10-2024T06:26:42 - [MESSAGE][PASSED] - Object: 'Object Repository/Факторный анализ/1 квартал 2024 выбрать Выручка' is clicked on

18-10-2024T06:26:42 - [TEST_STEP][PASSED] - scrollToElement(findTestObject("Факторный анализ/2 квартал 2024 выбрать Выручка"), 30): Scroll to object 'Object Repository/Факторный анализ/2 квартал 2024 выбрать Выручка' successfully

18-10-2024T06:26:43 - [MESSAGE][PASSED] - Scroll to object 'Object Repository/Факторный анализ/2 квартал 2024 выбрать Выручка' successfully

18-10-2024T06:26:43 - [TEST_STEP][PASSED] - click(findTestObject("Факторный анализ/2 квартал 2024 выбрать Выручка"), CONTINUE_ON_FAILURE): Object: 'Object Repository/Факторный анализ/2 квартал 2024 выбрать Выручка' is clicked on

18-10-2024T06:26:43 - [MESSAGE][PASSED] - Object: 'Object Repository/Факторный анализ/2 квартал 2024 выбрать Выручка' is clicked on

18-10-2024T06:26:43 - [TEST_STEP][PASSED] - click(findTestObject("Факторный анализ/3 квартал 2024 список Выручка"), CONTINUE_ON_FAILURE): Object: 'Object Repository/Факторный анализ/3 квартал 2024 список Выручка' is clicked on

18-10-2024T06:26:44 - [MESSAGE][PASSED] - Object: 'Object Repository/Факторный анализ/3 квартал 2024 список Выручка' is clicked on

18-10-2024T06:26:44 - [TEST_STEP][PASSED] - click(findTestObject("Факторный анализ/Июль 2024 Выручка"), CONTINUE_ON_FAILURE): Object: 'Object Repository/Факторный анализ/Июль 2024 Выручка' is clicked on

18-10-2024T06:26:44 - [MESSAGE][PASSED] - Object: 'Object Repository/Факторный анализ/Июль 2024 Выручка' is clicked on

18-10-2024T06:26:44 - [TEST_STEP][PASSED] - scrollToElement(findTestObject("Факторный анализ/Август 2024 Выручка"), 30): Scroll to object 'Object Repository/Факторный анализ/Август 2024 Выручка' successfully

18-10-2024T06:26:45 - [MESSAGE][PASSED] - Scroll to object 'Object Repository/Факторный анализ/Август 2024 Выручка' successfully

18-10-2024T06:26:45 - [TEST_STEP][PASSED] - click(findTestObject("Факторный анализ/Август 2024 Выручка"), CONTINUE_ON_FAILURE): Object: 'Object Repository/Факторный анализ/Август 2024 Выручка' is clicked on

18-10-2024T06:26:45 - [MESSAGE][PASSED] - Object: 'Object Repository/Факторный анализ/Август 2024 Выручка' is clicked on

18-10-2024T06:26:45 - [TEST_STEP][PASSED] - scrollToElement(findTestObject("Факторный анализ/Заголовок дашборда Выручка"), 30): Scroll to object 'Object Repository/Факторный анализ/Заголовок дашборда Выручка' successfully

18-10-2024T06:26:45 - [MESSAGE][PASSED] - Scroll to object 'Object Repository/Факторный анализ/Заголовок дашборда Выручка' successfully

18-10-2024T06:26:45 - [TEST_STEP][PASSED] - click(findTestObject("Факторный анализ/Применить в фильтре Дата Выручка")): Object: 'Object Repository/Факторный анализ/Применить в фильтре Дата Выручка' is clicked on

18-10-2024T06:26:46 - [MESSAGE][PASSED] - Object: 'Object Repository/Факторный анализ/Применить в фильтре Дата Выручка' is clicked on

18-10-2024T06:26:46 - [TEST_STEP][PASSED] - if (run == 1): null

18-10-2024T06:26:46 - [TEST_STEP][PASSED] - else: null

18-10-2024T06:26:46 - [TEST_STEP][PASSED] - click(findTestObject("Факторный анализ/Переключить отображение с филиала на месяц")): Object: 'Object Repository/Факторный анализ/Переключить отображение с филиала на месяц' is clicked on

18-10-2024T06:26:50 - [MESSAGE][PASSED] - Object: 'Object Repository/Факторный анализ/Переключить отображение с филиала на месяц' is clicked on

18-10-2024T06:26:50 - [TEST_STEP][PASSED] - b1 = replaceAll("\s+", "").trim(): Text of object 'Object Repository/Факторный анализ/span1 Выручка' is: '-335 790'

18-10-2024T06:26:50 - [MESSAGE][PASSED] - Text of object 'Object Repository/Факторный анализ/span1 Выручка' is: '-335 790'

18-10-2024T06:26:50 - [TEST_STEP][PASSED] - b2 = replaceAll("\s+", "").trim(): Text of object 'Object Repository/Факторный анализ/span2 Выручка' is: '33 824'

18-10-2024T06:26:50 - [MESSAGE][PASSED] - Text of object 'Object Repository/Факторный анализ/span2 Выручка' is: '33 824'

18-10-2024T06:26:50 - [TEST_STEP][PASSED] - println("b1: " + b1): null

18-10-2024T06:26:50 - [TEST_STEP][PASSED] - println("b2: " + b2): null

18-10-2024T06:26:50 - [TEST_STEP][PASSED] - vidget = "Отклонения выручки по факторам": null

18-10-2024T06:26:50 - [TEST_STEP][PASSED] - DZO = "ПАО Россети": null

18-10-2024T06:26:50 - [TEST_STEP][PASSED] - typeOfData = "Отклонение (объём услуг)": null

18-10-2024T06:26:50 - [TEST_STEP][PASSED] - Script1719551244403.Compare(x = a1, y = b1, run, typeOfData, otobrajeniyeDannyh, todaysDate, vidget, DZO): null

18-10-2024T06:26:50 - [TEST_STEP][PASSED] - if (verifyEqual(x, y) == true): Actual object '-335790' and expected object '-335790' are equal

18-10-2024T06:26:50 - [MESSAGE][PASSED] - Actual object '-335790' and expected object '-335790' are equal

18-10-2024T06:26:50 - [TEST_STEP][PASSED] - typeOfData = "Отклонение (средний тариф)": null

18-10-2024T06:26:50 - [TEST_STEP][PASSED] - Script1719551244403.Compare(x = a2, y = b2, run, typeOfData, otobrajeniyeDannyh, todaysDate, vidget, DZO): null

18-10-2024T06:26:50 - [TEST_STEP][PASSED] - if (verifyEqual(x, y) == true): Actual object '33824' and expected object '33824' are equal

18-10-2024T06:26:50 - [MESSAGE][PASSED] - Actual object '33824' and expected object '33824' are equal

18-10-2024T06:26:50 - [TEST_STEP][PASSED] - tableB = getText(findTestObject("Факторный анализ/AllTable1 Выручка")).replaceAll("[\r?
|
]", "/"): Text of object 'Object Repository/Факторный анализ/AllTable1 Выручка' is: 'ДЗО
Филиал
Отклонение (объём услуг) филиал без Nan
Отклонение (средний тариф) филиал без Nan
АО «Тываэнерго» АО "Тываэнерго" 186 -12
АО «Чеченэнерго» АО «Чеченэнерго» 34 11
Россети Волга Мордовэнерго 152 -90
Оренбургэнерго 561 - 143
Пензаэнерго 249 -72
Самарские РС 379 - 941
Саратовские РС 397 - 402
Ульяновские РС 206 - 198
Чувашэнерго -92 116
Россети Кубань Кубаньэнерго 2 916 83
Россети Ленэнерго (ГК) Ленинградская область 1 497 323
г. Санкт-Петербург 1 973 - 127
Россети Московский регион Московская область 4 586 - 413
г. Москва 2 708 -39
Россети Северный Кавказ (ГК) Дагестанская энергосбытовая компания 0 0
Дагэнерго - 452 434
Ингушэнерго - 171 90
Каббалкэнерго 180 13
Карачаево-Черкесскэнерго 90 -13
Севкавказэнерго - 292 108
Ставропольэнерго 274 - 237
Россети Северо-Запад Архангельский филиал 103 -77
Вологодский филиал 233 -6
Карельский филиал 32 154
Мурманский филиал 106 77
Новгородский филиал 212 -42
Псковский филиал 162 -22
филиал в Республике Коми 49 18
Россети Сибирь (ГК) Алтайэнерго 227 241
Бурятэнерго -86 266
ГАЭС 99 -14
Красноярскэнерго 955 - 272
Кузбассэнерго-РЭС 298 222
Омскэнерго 92 - 140
Хакасэнерго 281 - 319
Читаэнерго -27 88
Россети Томск Томская распределительная компания 333 - 105
Россети Тюмень Россети Тюмень -3 033 - 419
Россети Урал (ГК) Пермэнерго 620 - 198
Свердловэнерго 891 181
Челябэнерго 893 - 608
Россети ФСК ЕЭС Итого по ФСК ЕЭС 8 451 -7 098
Россети Центр Белгородэнерго 293 77
Брянскэнерго 94 7
Воронежэнерго 546 118
Костромаэнерго 121 4
Курскэнерго 148 70
Липецкэнерго 700 - 301
Орелэнерго 160 -12
Смоленскэнерго 121 22
Тамбовэнерго 254 -10
Тверьэнерго 350 94
Ярэнерго 568 16
Россети Центр и Приволжье (ГК) Владимирэнерго 519 47
Ивэнерго 188 28
Калугаэнерго 549 -42
Кировэнерго 395 -2
Мариэнерго 159 13
Нижновэнерго 659 184
Рязаньэнерго 262 38
Тулэнерго 793 - 195
Удмуртэнерго 269 8
Россети Юг (ГК) АО «ВМЭС» 138 24
Астраханьэнерго 74 69
Волгоградэнерго 338 - 274
Калмэнерго 51 -5
Ростовэнерго 704 11
Россети Янтарь Россети Янтарь 273 -37'

18-10-2024T06:26:51 - [MESSAGE][PASSED] - Text of object 'Object Repository/Факторный анализ/AllTable1 Выручка' is: 'ДЗО
Филиал
Отклонение (объём услуг) филиал без Nan
Отклонение (средний тариф) филиал без Nan
АО «Тываэнерго» АО "Тываэнерго" 186 -12
АО «Чеченэнерго» АО «Чеченэнерго» 34 11
Россети Волга Мордовэнерго 152 -90
Оренбургэнерго 561 - 143
Пензаэнерго 249 -72
Самарские РС 379 - 941
Саратовские РС 397 - 402
Ульяновские РС 206 - 198
Чувашэнерго -92 116
Россети Кубань Кубаньэнерго 2 916 83
Россети Ленэнерго (ГК) Ленинградская область 1 497 323
г. Санкт-Петербург 1 973 - 127
Россети Московский регион Московская область 4 586 - 413
г. Москва 2 708 -39
Россети Северный Кавказ (ГК) Дагестанская энергосбытовая компания 0 0
Дагэнерго - 452 434
Ингушэнерго - 171 90
Каббалкэнерго 180 13
Карачаево-Черкесскэнерго 90 -13
Севкавказэнерго - 292 108
Ставропольэнерго 274 - 237
Россети Северо-Запад Архангельский филиал 103 -77
Вологодский филиал 233 -6
Карельский филиал 32 154
Мурманский филиал 106 77
Новгородский филиал 212 -42
Псковский филиал 162 -22
филиал в Республике Коми 49 18
Россети Сибирь (ГК) Алтайэнерго 227 241
Бурятэнерго -86 266
ГАЭС 99 -14
Красноярскэнерго 955 - 272
Кузбассэнерго-РЭС 298 222
Омскэнерго 92 - 140
Хакасэнерго 281 - 319
Читаэнерго -27 88
Россети Томск Томская распределительная компания 333 - 105
Россети Тюмень Россети Тюмень -3 033 - 419
Россети Урал (ГК) Пермэнерго 620 - 198
Свердловэнерго 891 181
Челябэнерго 893 - 608
Россети ФСК ЕЭС Итого по ФСК ЕЭС 8 451 -7 098
Россети Центр Белгородэнерго 293 77
Брянскэнерго 94 7
Воронежэнерго 546 118
Костромаэнерго 121 4
Курскэнерго 148 70
Липецкэнерго 700 - 301
Орелэнерго 160 -12
Смоленскэнерго 121 22
Тамбовэнерго 254 -10
Тверьэнерго 350 94
Ярэнерго 568 16
Россети Центр и Приволжье (ГК) Владимирэнерго 519 47
Ивэнерго 188 28
Калугаэнерго 549 -42
Кировэнерго 395 -2
Мариэнерго 159 13
Нижновэнерго 659 184
Рязаньэнерго 262 38
Тулэнерго 793 - 195
Удмуртэнерго 269 8
Россети Юг (ГК) АО «ВМЭС» 138 24
Астраханьэнерго 74 69
Волгоградэнерго 338 - 274
Калмэнерго 51 -5
Ростовэнерго 704 11
Россети Янтарь Россети Янтарь 273 -37'

18-10-2024T06:26:51 - [TEST_STEP][PASSED] - println("tableB: " + tableB): null

18-10-2024T06:26:51 - [TEST_STEP][PASSED] - for ([i = 1, i < 5, (i++)]): null

18-10-2024T06:26:51 - [TEST_STEP][PASSED] - ii = tableB.indexOf("/") + 1: null

18-10-2024T06:26:51 - [TEST_STEP][PASSED] - tableB = tableB.substring(ii, tableB.length()): null

18-10-2024T06:26:51 - [TEST_STEP][PASSED] - ii = tableB.indexOf("/") + 1: null

18-10-2024T06:26:51 - [TEST_STEP][PASSED] - tableB = tableB.substring(ii, tableB.length()): null

18-10-2024T06:26:51 - [TEST_STEP][PASSED] - ii = tableB.indexOf("/") + 1: null

18-10-2024T06:26:51 - [TEST_STEP][PASSED] - tableB = tableB.substring(ii, tableB.length()): null

18-10-2024T06:26:51 - [TEST_STEP][PASSED] - ii = tableB.indexOf("/") + 1: null

18-10-2024T06:26:51 - [TEST_STEP][PASSED] - tableB = tableB.substring(ii, tableB.length()): null

18-10-2024T06:26:51 - [TEST_STEP][PASSED] - println("tableB: " + tableB): null

18-10-2024T06:26:51 - [TEST_STEP][PASSED] - TyB = Script1719551244403.GetData(x = tableB): null

18-10-2024T06:26:51 - [TEST_STEP][PASSED] - i2 = <not implemented yet for class: org.codehaus.groovy.ast.expr.EmptyExpression>: null

18-10-2024T06:26:51 - [TEST_STEP][PASSED] - i2 = x.indexOf("/") + 1: null

18-10-2024T06:26:51 - [TEST_STEP][PASSED] - x = replaceAll("\p{P}", "").trim(): null

18-10-2024T06:26:51 - [TEST_STEP][PASSED] - return x: null

18-10-2024T06:26:51 - [TEST_STEP][PASSED] - println("TyB: " + TyB): null

18-10-2024T06:26:51 - [TEST_STEP][PASSED] - tableB = Script1719551244403.NewDZO(x = tableB): null

18-10-2024T06:26:51 - [TEST_STEP][PASSED] - i3 = <not implemented yet for class: org.codehaus.groovy.ast.expr.EmptyExpression>: null

18-10-2024T06:26:51 - [TEST_STEP][PASSED] - i3 = x.indexOf("/") + 1: null

18-10-2024T06:26:51 - [TEST_STEP][PASSED] - x = x.substring(i3, x.length()): null

18-10-2024T06:26:51 - [TEST_STEP][PASSED] - return x: null

18-10-2024T06:26:51 - [TEST_STEP][PASSED] - ChB = Script1719551244403.GetData(x = tableB): null

18-10-2024T06:26:51 - [TEST_STEP][PASSED] - i2 = <not implemented yet for class: org.codehaus.groovy.ast.expr.EmptyExpression>: null

18-10-2024T06:26:51 - [TEST_STEP][PASSED] - i2 = x.indexOf("/") + 1: null

18-10-2024T06:26:51 - [TEST_STEP][PASSED] - x = replaceAll("\p{P}", "").trim(): null

18-10-2024T06:26:51 - [TEST_STEP][PASSED] - return x: null

18-10-2024T06:26:51 - [TEST_STEP][PASSED] - println("ChB: " + ChB): null

18-10-2024T06:26:51 - [TEST_STEP][PASSED] - tableB = Script1719551244403.NewDZO(x = tableB): null

18-10-2024T06:26:51 - [TEST_STEP][PASSED] - i3 = <not implemented yet for class: org.codehaus.groovy.ast.expr.EmptyExpression>: null

18-10-2024T06:26:51 - [TEST_STEP][PASSED] - i3 = x.indexOf("/") + 1: null

18-10-2024T06:26:51 - [TEST_STEP][PASSED] - x = x.substring(i3, x.length()): null

18-10-2024T06:26:51 - [TEST_STEP][PASSED] - return x: null

18-10-2024T06:26:51 - [TEST_STEP][PASSED] - i = tableB.indexOf("Кубань"): null

18-10-2024T06:26:51 - [TEST_STEP][PASSED] - VB = replaceAll("\p{P}", "").trim(): null

18-10-2024T06:26:51 - [TEST_STEP][PASSED] - println("VB: " + VB): null

18-10-2024T06:26:51 - [TEST_STEP][PASSED] - for ([i = 1, i < 8, (i++)]): null

18-10-2024T06:26:51 - [TEST_STEP][PASSED] - tableB = Script1719551244403.NewDZO(x = tableB): null

18-10-2024T06:26:51 - [TEST_STEP][PASSED] - i3 = <not implemented yet for class: org.codehaus.groovy.ast.expr.EmptyExpression>: null

18-10-2024T06:26:51 - [TEST_STEP][PASSED] - i3 = x.indexOf("/") + 1: null

18-10-2024T06:26:51 - [TEST_STEP][PASSED] - x = x.substring(i3, x.length()): null

18-10-2024T06:26:51 - [TEST_STEP][PASSED] - return x: null

18-10-2024T06:26:51 - [TEST_STEP][PASSED] - tableB = Script1719551244403.NewDZO(x = tableB): null

18-10-2024T06:26:51 - [TEST_STEP][PASSED] - i3 = <not implemented yet for class: org.codehaus.groovy.ast.expr.EmptyExpression>: null

18-10-2024T06:26:51 - [TEST_STEP][PASSED] - i3 = x.indexOf("/") + 1: null

18-10-2024T06:26:51 - [TEST_STEP][PASSED] - x = x.substring(i3, x.length()): null

18-10-2024T06:26:51 - [TEST_STEP][PASSED] - return x: null

18-10-2024T06:26:51 - [TEST_STEP][PASSED] - tableB = Script1719551244403.NewDZO(x = tableB): null

18-10-2024T06:26:51 - [TEST_STEP][PASSED] - i3 = <not implemented yet for class: org.codehaus.groovy.ast.expr.EmptyExpression>: null

18-10-2024T06:26:51 - [TEST_STEP][PASSED] - i3 = x.indexOf("/") + 1: null

18-10-2024T06:26:51 - [TEST_STEP][PASSED] - x = x.substring(i3, x.length()): null

18-10-2024T06:26:51 - [TEST_STEP][PASSED] - return x: null

18-10-2024T06:26:51 - [TEST_STEP][PASSED] - tableB = Script1719551244403.NewDZO(x = tableB): null

18-10-2024T06:26:51 - [TEST_STEP][PASSED] - i3 = <not implemented yet for class: org.codehaus.groovy.ast.expr.EmptyExpression>: null

18-10-2024T06:26:51 - [TEST_STEP][PASSED] - i3 = x.indexOf("/") + 1: null

18-10-2024T06:26:51 - [TEST_STEP][PASSED] - x = x.substring(i3, x.length()): null

18-10-2024T06:26:51 - [TEST_STEP][PASSED] - return x: null

18-10-2024T06:26:51 - [TEST_STEP][PASSED] - tableB = Script1719551244403.NewDZO(x = tableB): null

18-10-2024T06:26:51 - [TEST_STEP][PASSED] - i3 = <not implemented yet for class: org.codehaus.groovy.ast.expr.EmptyExpression>: null

18-10-2024T06:26:51 - [TEST_STEP][PASSED] - i3 = x.indexOf("/") + 1: null

18-10-2024T06:26:51 - [TEST_STEP][PASSED] - x = x.substring(i3, x.length()): null

18-10-2024T06:26:51 - [TEST_STEP][PASSED] - return x: null

18-10-2024T06:26:51 - [TEST_STEP][PASSED] - tableB = Script1719551244403.NewDZO(x = tableB): null

18-10-2024T06:26:51 - [TEST_STEP][PASSED] - i3 = <not implemented yet for class: org.codehaus.groovy.ast.expr.EmptyExpression>: null

18-10-2024T06:26:51 - [TEST_STEP][PASSED] - i3 = x.indexOf("/") + 1: null

18-10-2024T06:26:51 - [TEST_STEP][PASSED] - x = x.substring(i3, x.length()): null

18-10-2024T06:26:51 - [TEST_STEP][PASSED] - return x: null

18-10-2024T06:26:51 - [TEST_STEP][PASSED] - tableB = Script1719551244403.NewDZO(x = tableB): null

18-10-2024T06:26:51 - [TEST_STEP][PASSED] - i3 = <not implemented yet for class: org.codehaus.groovy.ast.expr.EmptyExpression>: null

18-10-2024T06:26:51 - [TEST_STEP][PASSED] - i3 = x.indexOf("/") + 1: null

18-10-2024T06:26:51 - [TEST_STEP][PASSED] - x = x.substring(i3, x.length()): null

18-10-2024T06:26:51 - [TEST_STEP][PASSED] - return x: null

18-10-2024T06:26:51 - [TEST_STEP][PASSED] - i = tableB.indexOf("Ленэнерго"): null

18-10-2024T06:26:51 - [TEST_STEP][PASSED] - KuB = Script1719551244403.GetData(x = tableB): null

18-10-2024T06:26:51 - [TEST_STEP][PASSED] - i2 = <not implemented yet for class: org.codehaus.groovy.ast.expr.EmptyExpression>: null

18-10-2024T06:26:51 - [TEST_STEP][PASSED] - i2 = x.indexOf("/") + 1: null

18-10-2024T06:26:51 - [TEST_STEP][PASSED] - x = replaceAll("\p{P}", "").trim(): null

18-10-2024T06:26:51 - [TEST_STEP][PASSED] - return x: null

18-10-2024T06:26:51 - [TEST_STEP][PASSED] - println("KuB: " + KuB): null

18-10-2024T06:26:51 - [TEST_STEP][PASSED] - tableB = Script1719551244403.NewDZO(x = tableB): null

18-10-2024T06:26:51 - [TEST_STEP][PASSED] - i3 = <not implemented yet for class: org.codehaus.groovy.ast.expr.EmptyExpression>: null

18-10-2024T06:26:51 - [TEST_STEP][PASSED] - i3 = x.indexOf("/") + 1: null

18-10-2024T06:26:51 - [TEST_STEP][PASSED] - x = x.substring(i3, x.length()): null

18-10-2024T06:26:51 - [TEST_STEP][PASSED] - return x: null

18-10-2024T06:26:51 - [TEST_STEP][PASSED] - i = tableB.indexOf("Московский"): null

18-10-2024T06:26:51 - [TEST_STEP][PASSED] - LenB = replaceAll("\p{P}", "").trim(): null

18-10-2024T06:26:51 - [TEST_STEP][PASSED] - println("LenB: " + LenB): null

18-10-2024T06:26:51 - [TEST_STEP][PASSED] - tableB = Script1719551244403.NewDZO(x = tableB): null

18-10-2024T06:26:51 - [TEST_STEP][PASSED] - i3 = <not implemented yet for class: org.codehaus.groovy.ast.expr.EmptyExpression>: null

18-10-2024T06:26:51 - [TEST_STEP][PASSED] - i3 = x.indexOf("/") + 1: null

18-10-2024T06:26:51 - [TEST_STEP][PASSED] - x = x.substring(i3, x.length()): null

18-10-2024T06:26:51 - [TEST_STEP][PASSED] - return x: null

18-10-2024T06:26:51 - [TEST_STEP][PASSED] - tableB = Script1719551244403.NewDZO(x = tableB): null

18-10-2024T06:26:51 - [TEST_STEP][PASSED] - i3 = <not implemented yet for class: org.codehaus.groovy.ast.expr.EmptyExpression>: null

18-10-2024T06:26:51 - [TEST_STEP][PASSED] - i3 = x.indexOf("/") + 1: null

18-10-2024T06:26:51 - [TEST_STEP][PASSED] - x = x.substring(i3, x.length()): null

18-10-2024T06:26:51 - [TEST_STEP][PASSED] - return x: null

18-10-2024T06:26:51 - [TEST_STEP][PASSED] - i = tableB.indexOf("Кавказ"): null

18-10-2024T06:26:51 - [TEST_STEP][PASSED] - MosB = replaceAll("\p{P}", "").trim(): null

18-10-2024T06:26:51 - [TEST_STEP][PASSED] - println("MosB: " + MosB): null

18-10-2024T06:26:51 - [TEST_STEP][PASSED] - for ([i = 1, i < 3, (i++)]): null

18-10-2024T06:26:51 - [TEST_STEP][PASSED] - tableB = Script1719551244403.NewDZO(x = tableB): null

18-10-2024T06:26:51 - [TEST_STEP][PASSED] - i3 = <not implemented yet for class: org.codehaus.groovy.ast.expr.EmptyExpression>: null

18-10-2024T06:26:51 - [TEST_STEP][PASSED] - i3 = x.indexOf("/") + 1: null

18-10-2024T06:26:51 - [TEST_STEP][PASSED] - x = x.substring(i3, x.length()): null

18-10-2024T06:26:51 - [TEST_STEP][PASSED] - return x: null

18-10-2024T06:26:51 - [TEST_STEP][PASSED] - tableB = Script1719551244403.NewDZO(x = tableB): null

18-10-2024T06:26:51 - [TEST_STEP][PASSED] - i3 = <not implemented yet for class: org.codehaus.groovy.ast.expr.EmptyExpression>: null

18-10-2024T06:26:51 - [TEST_STEP][PASSED] - i3 = x.indexOf("/") + 1: null

18-10-2024T06:26:51 - [TEST_STEP][PASSED] - x = x.substring(i3, x.length()): null

18-10-2024T06:26:51 - [TEST_STEP][PASSED] - return x: null

18-10-2024T06:26:51 - [TEST_STEP][PASSED] - i = tableB.indexOf("Запад"): null

18-10-2024T06:26:51 - [TEST_STEP][PASSED] - SKB = replaceAll("\p{P}", "").trim(): null

18-10-2024T06:26:51 - [TEST_STEP][PASSED] - println("SKB: " + SKB): null

18-10-2024T06:26:51 - [TEST_STEP][PASSED] - for ([i = 1, i < 7, (i++)]): null

18-10-2024T06:26:51 - [TEST_STEP][PASSED] - tableB = Script1719551244403.NewDZO(x = tableB): null

18-10-2024T06:26:51 - [TEST_STEP][PASSED] - i3 = <not implemented yet for class: org.codehaus.groovy.ast.expr.EmptyExpression>: null

18-10-2024T06:26:51 - [TEST_STEP][PASSED] - i3 = x.indexOf("/") + 1: null

18-10-2024T06:26:51 - [TEST_STEP][PASSED] - x = x.substring(i3, x.length()): null

18-10-2024T06:26:51 - [TEST_STEP][PASSED] - return x: null

18-10-2024T06:26:51 - [TEST_STEP][PASSED] - tableB = Script1719551244403.NewDZO(x = tableB): null

18-10-2024T06:26:51 - [TEST_STEP][PASSED] - i3 = <not implemented yet for class: org.codehaus.groovy.ast.expr.EmptyExpression>: null

18-10-2024T06:26:51 - [TEST_STEP][PASSED] - i3 = x.indexOf("/") + 1: null

18-10-2024T06:26:51 - [TEST_STEP][PASSED] - x = x.substring(i3, x.length()): null

18-10-2024T06:26:51 - [TEST_STEP][PASSED] - return x: null

18-10-2024T06:26:51 - [TEST_STEP][PASSED] - tableB = Script1719551244403.NewDZO(x = tableB): null

18-10-2024T06:26:51 - [TEST_STEP][PASSED] - i3 = <not implemented yet for class: org.codehaus.groovy.ast.expr.EmptyExpression>: null

18-10-2024T06:26:51 - [TEST_STEP][PASSED] - i3 = x.indexOf("/") + 1: null

18-10-2024T06:26:51 - [TEST_STEP][PASSED] - x = x.substring(i3, x.length()): null

18-10-2024T06:26:51 - [TEST_STEP][PASSED] - return x: null

18-10-2024T06:26:51 - [TEST_STEP][PASSED] - tableB = Script1719551244403.NewDZO(x = tableB): null

18-10-2024T06:26:51 - [TEST_STEP][PASSED] - i3 = <not implemented yet for class: org.codehaus.groovy.ast.expr.EmptyExpression>: null

18-10-2024T06:26:51 - [TEST_STEP][PASSED] - i3 = x.indexOf("/") + 1: null

18-10-2024T06:26:51 - [TEST_STEP][PASSED] - x = x.substring(i3, x.length()): null

18-10-2024T06:26:51 - [TEST_STEP][PASSED] - return x: null

18-10-2024T06:26:51 - [TEST_STEP][PASSED] - tableB = Script1719551244403.NewDZO(x = tableB): null

18-10-2024T06:26:51 - [TEST_STEP][PASSED] - i3 = <not implemented yet for class: org.codehaus.groovy.ast.expr.EmptyExpression>: null

18-10-2024T06:26:51 - [TEST_STEP][PASSED] - i3 = x.indexOf("/") + 1: null

18-10-2024T06:26:51 - [TEST_STEP][PASSED] - x = x.substring(i3, x.length()): null

18-10-2024T06:26:51 - [TEST_STEP][PASSED] - return x: null

18-10-2024T06:26:51 - [TEST_STEP][PASSED] - tableB = Script1719551244403.NewDZO(x = tableB): null

18-10-2024T06:26:51 - [TEST_STEP][PASSED] - i3 = <not implemented yet for class: org.codehaus.groovy.ast.expr.EmptyExpression>: null

18-10-2024T06:26:51 - [TEST_STEP][PASSED] - i3 = x.indexOf("/") + 1: null

18-10-2024T06:26:51 - [TEST_STEP][PASSED] - x = x.substring(i3, x.length()): null

18-10-2024T06:26:51 - [TEST_STEP][PASSED] - return x: null

18-10-2024T06:26:51 - [TEST_STEP][PASSED] - i = tableB.indexOf("Сибирь"): null

18-10-2024T06:26:51 - [TEST_STEP][PASSED] - SZB = replaceAll("\p{P}", "").trim(): null

18-10-2024T06:26:51 - [TEST_STEP][PASSED] - println("SZB: " + SZB): null

18-10-2024T06:26:51 - [TEST_STEP][PASSED] - for ([i = 1, i < 8, (i++)]): null

18-10-2024T06:26:51 - [TEST_STEP][PASSED] - tableB = Script1719551244403.NewDZO(x = tableB): null

18-10-2024T06:26:51 - [TEST_STEP][PASSED] - i3 = <not implemented yet for class: org.codehaus.groovy.ast.expr.EmptyExpression>: null

18-10-2024T06:26:51 - [TEST_STEP][PASSED] - i3 = x.indexOf("/") + 1: null

18-10-2024T06:26:51 - [TEST_STEP][PASSED] - x = x.substring(i3, x.length()): null

18-10-2024T06:26:51 - [TEST_STEP][PASSED] - return x: null

18-10-2024T06:26:51 - [TEST_STEP][PASSED] - tableB = Script1719551244403.NewDZO(x = tableB): null

18-10-2024T06:26:51 - [TEST_STEP][PASSED] - i3 = <not implemented yet for class: org.codehaus.groovy.ast.expr.EmptyExpression>: null

18-10-2024T06:26:51 - [TEST_STEP][PASSED] - i3 = x.indexOf("/") + 1: null

18-10-2024T06:26:51 - [TEST_STEP][PASSED] - x = x.substring(i3, x.length()): null

18-10-2024T06:26:51 - [TEST_STEP][PASSED] - return x: null

18-10-2024T06:26:51 - [TEST_STEP][PASSED] - tableB = Script1719551244403.NewDZO(x = tableB): null

18-10-2024T06:26:51 - [TEST_STEP][PASSED] - i3 = <not implemented yet for class: org.codehaus.groovy.ast.expr.EmptyExpression>: null

18-10-2024T06:26:51 - [TEST_STEP][PASSED] - i3 = x.indexOf("/") + 1: null

18-10-2024T06:26:51 - [TEST_STEP][PASSED] - x = x.substring(i3, x.length()): null

18-10-2024T06:26:51 - [TEST_STEP][PASSED] - return x: null

18-10-2024T06:26:51 - [TEST_STEP][PASSED] - tableB = Script1719551244403.NewDZO(x = tableB): null

18-10-2024T06:26:51 - [TEST_STEP][PASSED] - i3 = <not implemented yet for class: org.codehaus.groovy.ast.expr.EmptyExpression>: null

18-10-2024T06:26:51 - [TEST_STEP][PASSED] - i3 = x.indexOf("/") + 1: null

18-10-2024T06:26:51 - [TEST_STEP][PASSED] - x = x.substring(i3, x.length()): null

18-10-2024T06:26:51 - [TEST_STEP][PASSED] - return x: null

18-10-2024T06:26:51 - [TEST_STEP][PASSED] - tableB = Script1719551244403.NewDZO(x = tableB): null

18-10-2024T06:26:51 - [TEST_STEP][PASSED] - i3 = <not implemented yet for class: org.codehaus.groovy.ast.expr.EmptyExpression>: null

18-10-2024T06:26:51 - [TEST_STEP][PASSED] - i3 = x.indexOf("/") + 1: null

18-10-2024T06:26:51 - [TEST_STEP][PASSED] - x = x.substring(i3, x.length()): null

18-10-2024T06:26:51 - [TEST_STEP][PASSED] - return x: null

18-10-2024T06:26:51 - [TEST_STEP][PASSED] - tableB = Script1719551244403.NewDZO(x = tableB): null

18-10-2024T06:26:51 - [TEST_STEP][PASSED] - i3 = <not implemented yet for class: org.codehaus.groovy.ast.expr.EmptyExpression>: null

18-10-2024T06:26:51 - [TEST_STEP][PASSED] - i3 = x.indexOf("/") + 1: null

18-10-2024T06:26:51 - [TEST_STEP][PASSED] - x = x.substring(i3, x.length()): null

18-10-2024T06:26:51 - [TEST_STEP][PASSED] - return x: null

18-10-2024T06:26:51 - [TEST_STEP][PASSED] - tableB = Script1719551244403.NewDZO(x = tableB): null

18-10-2024T06:26:51 - [TEST_STEP][PASSED] - i3 = <not implemented yet for class: org.codehaus.groovy.ast.expr.EmptyExpression>: null

18-10-2024T06:26:51 - [TEST_STEP][PASSED] - i3 = x.indexOf("/") + 1: null

18-10-2024T06:26:51 - [TEST_STEP][PASSED] - x = x.substring(i3, x.length()): null

18-10-2024T06:26:51 - [TEST_STEP][PASSED] - return x: null

18-10-2024T06:26:51 - [TEST_STEP][PASSED] - i = tableB.indexOf("Томск"): null

18-10-2024T06:26:51 - [TEST_STEP][PASSED] - SiB = replaceAll("\p{P}", "").trim(): null

18-10-2024T06:26:51 - [TEST_STEP][PASSED] - println("SiB: " + SiB): null

18-10-2024T06:26:51 - [TEST_STEP][PASSED] - for ([i = 1, i < 9, (i++)]): null

18-10-2024T06:26:51 - [TEST_STEP][PASSED] - tableB = Script1719551244403.NewDZO(x = tableB): null

18-10-2024T06:26:51 - [TEST_STEP][PASSED] - i3 = <not implemented yet for class: org.codehaus.groovy.ast.expr.EmptyExpression>: null

18-10-2024T06:26:51 - [TEST_STEP][PASSED] - i3 = x.indexOf("/") + 1: null

18-10-2024T06:26:51 - [TEST_STEP][PASSED] - x = x.substring(i3, x.length()): null

18-10-2024T06:26:51 - [TEST_STEP][PASSED] - return x: null

18-10-2024T06:26:51 - [TEST_STEP][PASSED] - tableB = Script1719551244403.NewDZO(x = tableB): null

18-10-2024T06:26:51 - [TEST_STEP][PASSED] - i3 = <not implemented yet for class: org.codehaus.groovy.ast.expr.EmptyExpression>: null

18-10-2024T06:26:51 - [TEST_STEP][PASSED] - i3 = x.indexOf("/") + 1: null

18-10-2024T06:26:51 - [TEST_STEP][PASSED] - x = x.substring(i3, x.length()): null

18-10-2024T06:26:51 - [TEST_STEP][PASSED] - return x: null

18-10-2024T06:26:51 - [TEST_STEP][PASSED] - tableB = Script1719551244403.NewDZO(x = tableB): null

18-10-2024T06:26:51 - [TEST_STEP][PASSED] - i3 = <not implemented yet for class: org.codehaus.groovy.ast.expr.EmptyExpression>: null

18-10-2024T06:26:51 - [TEST_STEP][PASSED] - i3 = x.indexOf("/") + 1: null

18-10-2024T06:26:51 - [TEST_STEP][PASSED] - x = x.substring(i3, x.length()): null

18-10-2024T06:26:51 - [TEST_STEP][PASSED] - return x: null

18-10-2024T06:26:51 - [TEST_STEP][PASSED] - tableB = Script1719551244403.NewDZO(x = tableB): null

18-10-2024T06:26:51 - [TEST_STEP][PASSED] - i3 = <not implemented yet for class: org.codehaus.groovy.ast.expr.EmptyExpression>: null

18-10-2024T06:26:51 - [TEST_STEP][PASSED] - i3 = x.indexOf("/") + 1: null

18-10-2024T06:26:51 - [TEST_STEP][PASSED] - x = x.substring(i3, x.length()): null

18-10-2024T06:26:51 - [TEST_STEP][PASSED] - return x: null

18-10-2024T06:26:51 - [TEST_STEP][PASSED] - tableB = Script1719551244403.NewDZO(x = tableB): null

18-10-2024T06:26:51 - [TEST_STEP][PASSED] - i3 = <not implemented yet for class: org.codehaus.groovy.ast.expr.EmptyExpression>: null

18-10-2024T06:26:51 - [TEST_STEP][PASSED] - i3 = x.indexOf("/") + 1: null

18-10-2024T06:26:51 - [TEST_STEP][PASSED] - x = x.substring(i3, x.length()): null

18-10-2024T06:26:51 - [TEST_STEP][PASSED] - return x: null

18-10-2024T06:26:51 - [TEST_STEP][PASSED] - tableB = Script1719551244403.NewDZO(x = tableB): null

18-10-2024T06:26:51 - [TEST_STEP][PASSED] - i3 = <not implemented yet for class: org.codehaus.groovy.ast.expr.EmptyExpression>: null

18-10-2024T06:26:51 - [TEST_STEP][PASSED] - i3 = x.indexOf("/") + 1: null

18-10-2024T06:26:51 - [TEST_STEP][PASSED] - x = x.substring(i3, x.length()): null

18-10-2024T06:26:51 - [TEST_STEP][PASSED] - return x: null

18-10-2024T06:26:51 - [TEST_STEP][PASSED] - tableB = Script1719551244403.NewDZO(x = tableB): null

18-10-2024T06:26:51 - [TEST_STEP][PASSED] - i3 = <not implemented yet for class: org.codehaus.groovy.ast.expr.EmptyExpression>: null

18-10-2024T06:26:51 - [TEST_STEP][PASSED] - i3 = x.indexOf("/") + 1: null

18-10-2024T06:26:51 - [TEST_STEP][PASSED] - x = x.substring(i3, x.length()): null

18-10-2024T06:26:51 - [TEST_STEP][PASSED] - return x: null

18-10-2024T06:26:51 - [TEST_STEP][PASSED] - tableB = Script1719551244403.NewDZO(x = tableB): null

18-10-2024T06:26:51 - [TEST_STEP][PASSED] - i3 = <not implemented yet for class: org.codehaus.groovy.ast.expr.EmptyExpression>: null

18-10-2024T06:26:51 - [TEST_STEP][PASSED] - i3 = x.indexOf("/") + 1: null

18-10-2024T06:26:51 - [TEST_STEP][PASSED] - x = x.substring(i3, x.length()): null

18-10-2024T06:26:51 - [TEST_STEP][PASSED] - return x: null

18-10-2024T06:26:51 - [TEST_STEP][PASSED] - i = tableB.indexOf("Тюмень"): null

18-10-2024T06:26:51 - [TEST_STEP][PASSED] - ToB = replaceAll("\p{P}", "").trim(): null

18-10-2024T06:26:51 - [TEST_STEP][PASSED] - println("ToB: " + ToB): null

18-10-2024T06:26:51 - [TEST_STEP][PASSED] - tableB = Script1719551244403.NewDZO(x = tableB): null

18-10-2024T06:26:51 - [TEST_STEP][PASSED] - i3 = <not implemented yet for class: org.codehaus.groovy.ast.expr.EmptyExpression>: null

18-10-2024T06:26:51 - [TEST_STEP][PASSED] - i3 = x.indexOf("/") + 1: null

18-10-2024T06:26:51 - [TEST_STEP][PASSED] - x = x.substring(i3, x.length()): null

18-10-2024T06:26:51 - [TEST_STEP][PASSED] - return x: null

18-10-2024T06:26:51 - [TEST_STEP][PASSED] - TyuB = replaceAll("\p{P}", "").trim(): null

18-10-2024T06:26:51 - [TEST_STEP][PASSED] - println("TyuB: " + TyuB): null

18-10-2024T06:26:51 - [TEST_STEP][PASSED] - tableB = Script1719551244403.NewDZO(x = tableB): null

18-10-2024T06:26:51 - [TEST_STEP][PASSED] - i3 = <not implemented yet for class: org.codehaus.groovy.ast.expr.EmptyExpression>: null

18-10-2024T06:26:51 - [TEST_STEP][PASSED] - i3 = x.indexOf("/") + 1: null

18-10-2024T06:26:51 - [TEST_STEP][PASSED] - x = x.substring(i3, x.length()): null

18-10-2024T06:26:51 - [TEST_STEP][PASSED] - return x: null

18-10-2024T06:26:51 - [TEST_STEP][PASSED] - i = tableB.indexOf("ЕЭС"): null

18-10-2024T06:26:51 - [TEST_STEP][PASSED] - UrB = replaceAll("\p{P}", "").trim(): null

18-10-2024T06:26:51 - [TEST_STEP][PASSED] - println("UrB: " + UrB): null

18-10-2024T06:26:51 - [TEST_STEP][PASSED] - for ([i = 1, i < 4, (i++)]): null

18-10-2024T06:26:51 - [TEST_STEP][PASSED] - tableB = Script1719551244403.NewDZO(x = tableB): null

18-10-2024T06:26:51 - [TEST_STEP][PASSED] - i3 = <not implemented yet for class: org.codehaus.groovy.ast.expr.EmptyExpression>: null

18-10-2024T06:26:51 - [TEST_STEP][PASSED] - i3 = x.indexOf("/") + 1: null

18-10-2024T06:26:51 - [TEST_STEP][PASSED] - x = x.substring(i3, x.length()): null

18-10-2024T06:26:51 - [TEST_STEP][PASSED] - return x: null

18-10-2024T06:26:51 - [TEST_STEP][PASSED] - tableB = Script1719551244403.NewDZO(x = tableB): null

18-10-2024T06:26:51 - [TEST_STEP][PASSED] - i3 = <not implemented yet for class: org.codehaus.groovy.ast.expr.EmptyExpression>: null

18-10-2024T06:26:51 - [TEST_STEP][PASSED] - i3 = x.indexOf("/") + 1: null

18-10-2024T06:26:51 - [TEST_STEP][PASSED] - x = x.substring(i3, x.length()): null

18-10-2024T06:26:51 - [TEST_STEP][PASSED] - return x: null

18-10-2024T06:26:51 - [TEST_STEP][PASSED] - tableB = Script1719551244403.NewDZO(x = tableB): null

18-10-2024T06:26:51 - [TEST_STEP][PASSED] - i3 = <not implemented yet for class: org.codehaus.groovy.ast.expr.EmptyExpression>: null

18-10-2024T06:26:51 - [TEST_STEP][PASSED] - i3 = x.indexOf("/") + 1: null

18-10-2024T06:26:51 - [TEST_STEP][PASSED] - x = x.substring(i3, x.length()): null

18-10-2024T06:26:51 - [TEST_STEP][PASSED] - return x: null

18-10-2024T06:26:51 - [TEST_STEP][PASSED] - i = tableB.indexOf("Центр"): null

18-10-2024T06:26:51 - [TEST_STEP][PASSED] - FSKB = replaceAll("\p{P}", "").trim(): null

18-10-2024T06:26:51 - [TEST_STEP][PASSED] - println("FSKB: " + FSKB): null

18-10-2024T06:26:51 - [TEST_STEP][PASSED] - tableB = Script1719551244403.NewDZO(x = tableB): null

18-10-2024T06:26:51 - [TEST_STEP][PASSED] - i3 = <not implemented yet for class: org.codehaus.groovy.ast.expr.EmptyExpression>: null

18-10-2024T06:26:51 - [TEST_STEP][PASSED] - i3 = x.indexOf("/") + 1: null

18-10-2024T06:26:51 - [TEST_STEP][PASSED] - x = x.substring(i3, x.length()): null

18-10-2024T06:26:51 - [TEST_STEP][PASSED] - return x: null

18-10-2024T06:26:51 - [TEST_STEP][PASSED] - i = tableB.indexOf("Приволжье"): null

18-10-2024T06:26:51 - [TEST_STEP][PASSED] - CenB = replaceAll("\p{P}", "").trim(): null

18-10-2024T06:26:51 - [TEST_STEP][PASSED] - println("CenB: " + CenB): null

18-10-2024T06:26:51 - [TEST_STEP][PASSED] - for ([i = 1, i < 12, (i++)]): null

18-10-2024T06:26:51 - [TEST_STEP][PASSED] - tableB = Script1719551244403.NewDZO(x = tableB): null

18-10-2024T06:26:51 - [TEST_STEP][PASSED] - i3 = <not implemented yet for class: org.codehaus.groovy.ast.expr.EmptyExpression>: null

18-10-2024T06:26:51 - [TEST_STEP][PASSED] - i3 = x.indexOf("/") + 1: null

18-10-2024T06:26:51 - [TEST_STEP][PASSED] - x = x.substring(i3, x.length()): null

18-10-2024T06:26:51 - [TEST_STEP][PASSED] - return x: null

18-10-2024T06:26:51 - [TEST_STEP][PASSED] - tableB = Script1719551244403.NewDZO(x = tableB): null

18-10-2024T06:26:51 - [TEST_STEP][PASSED] - i3 = <not implemented yet for class: org.codehaus.groovy.ast.expr.EmptyExpression>: null

18-10-2024T06:26:51 - [TEST_STEP][PASSED] - i3 = x.indexOf("/") + 1: null

18-10-2024T06:26:51 - [TEST_STEP][PASSED] - x = x.substring(i3, x.length()): null

18-10-2024T06:26:51 - [TEST_STEP][PASSED] - return x: null

18-10-2024T06:26:51 - [TEST_STEP][PASSED] - tableB = Script1719551244403.NewDZO(x = tableB): null

18-10-2024T06:26:51 - [TEST_STEP][PASSED] - i3 = <not implemented yet for class: org.codehaus.groovy.ast.expr.EmptyExpression>: null

18-10-2024T06:26:51 - [TEST_STEP][PASSED] - i3 = x.indexOf("/") + 1: null

18-10-2024T06:26:51 - [TEST_STEP][PASSED] - x = x.substring(i3, x.length()): null

18-10-2024T06:26:51 - [TEST_STEP][PASSED] - return x: null

18-10-2024T06:26:51 - [TEST_STEP][PASSED] - tableB = Script1719551244403.NewDZO(x = tableB): null

18-10-2024T06:26:51 - [TEST_STEP][PASSED] - i3 = <not implemented yet for class: org.codehaus.groovy.ast.expr.EmptyExpression>: null

18-10-2024T06:26:51 - [TEST_STEP][PASSED] - i3 = x.indexOf("/") + 1: null

18-10-2024T06:26:51 - [TEST_STEP][PASSED] - x = x.substring(i3, x.length()): null

18-10-2024T06:26:51 - [TEST_STEP][PASSED] - return x: null

18-10-2024T06:26:51 - [TEST_STEP][PASSED] - tableB = Script1719551244403.NewDZO(x = tableB): null

18-10-2024T06:26:51 - [TEST_STEP][PASSED] - i3 = <not implemented yet for class: org.codehaus.groovy.ast.expr.EmptyExpression>: null

18-10-2024T06:26:51 - [TEST_STEP][PASSED] - i3 = x.indexOf("/") + 1: null

18-10-2024T06:26:51 - [TEST_STEP][PASSED] - x = x.substring(i3, x.length()): null

18-10-2024T06:26:51 - [TEST_STEP][PASSED] - return x: null

18-10-2024T06:26:51 - [TEST_STEP][PASSED] - tableB = Script1719551244403.NewDZO(x = tableB): null

18-10-2024T06:26:51 - [TEST_STEP][PASSED] - i3 = <not implemented yet for class: org.codehaus.groovy.ast.expr.EmptyExpression>: null

18-10-2024T06:26:51 - [TEST_STEP][PASSED] - i3 = x.indexOf("/") + 1: null

18-10-2024T06:26:51 - [TEST_STEP][PASSED] - x = x.substring(i3, x.length()): null

18-10-2024T06:26:51 - [TEST_STEP][PASSED] - return x: null

18-10-2024T06:26:51 - [TEST_STEP][PASSED] - tableB = Script1719551244403.NewDZO(x = tableB): null

18-10-2024T06:26:51 - [TEST_STEP][PASSED] - i3 = <not implemented yet for class: org.codehaus.groovy.ast.expr.EmptyExpression>: null

18-10-2024T06:26:51 - [TEST_STEP][PASSED] - i3 = x.indexOf("/") + 1: null

18-10-2024T06:26:51 - [TEST_STEP][PASSED] - x = x.substring(i3, x.length()): null

18-10-2024T06:26:51 - [TEST_STEP][PASSED] - return x: null

18-10-2024T06:26:51 - [TEST_STEP][PASSED] - tableB = Script1719551244403.NewDZO(x = tableB): null

18-10-2024T06:26:51 - [TEST_STEP][PASSED] - i3 = <not implemented yet for class: org.codehaus.groovy.ast.expr.EmptyExpression>: null

18-10-2024T06:26:51 - [TEST_STEP][PASSED] - i3 = x.indexOf("/") + 1: null

18-10-2024T06:26:51 - [TEST_STEP][PASSED] - x = x.substring(i3, x.length()): null

18-10-2024T06:26:51 - [TEST_STEP][PASSED] - return x: null

18-10-2024T06:26:51 - [TEST_STEP][PASSED] - tableB = Script1719551244403.NewDZO(x = tableB): null

18-10-2024T06:26:51 - [TEST_STEP][PASSED] - i3 = <not implemented yet for class: org.codehaus.groovy.ast.expr.EmptyExpression>: null

18-10-2024T06:26:51 - [TEST_STEP][PASSED] - i3 = x.indexOf("/") + 1: null

18-10-2024T06:26:51 - [TEST_STEP][PASSED] - x = x.substring(i3, x.length()): null

18-10-2024T06:26:51 - [TEST_STEP][PASSED] - return x: null

18-10-2024T06:26:51 - [TEST_STEP][PASSED] - tableB = Script1719551244403.NewDZO(x = tableB): null

18-10-2024T06:26:51 - [TEST_STEP][PASSED] - i3 = <not implemented yet for class: org.codehaus.groovy.ast.expr.EmptyExpression>: null

18-10-2024T06:26:51 - [TEST_STEP][PASSED] - i3 = x.indexOf("/") + 1: null

18-10-2024T06:26:51 - [TEST_STEP][PASSED] - x = x.substring(i3, x.length()): null

18-10-2024T06:26:51 - [TEST_STEP][PASSED] - return x: null

18-10-2024T06:26:51 - [TEST_STEP][PASSED] - tableB = Script1719551244403.NewDZO(x = tableB): null

18-10-2024T06:26:51 - [TEST_STEP][PASSED] - i3 = <not implemented yet for class: org.codehaus.groovy.ast.expr.EmptyExpression>: null

18-10-2024T06:26:51 - [TEST_STEP][PASSED] - i3 = x.indexOf("/") + 1: null

18-10-2024T06:26:51 - [TEST_STEP][PASSED] - x = x.substring(i3, x.length()): null

18-10-2024T06:26:51 - [TEST_STEP][PASSED] - return x: null

18-10-2024T06:26:51 - [TEST_STEP][PASSED] - i = tableB.indexOf("Юг"): null

18-10-2024T06:26:51 - [TEST_STEP][PASSED] - CiPB = replaceAll("\p{P}", "").trim(): null

18-10-2024T06:26:51 - [TEST_STEP][PASSED] - println("CiPB: " + CiPB): null

18-10-2024T06:26:51 - [TEST_STEP][PASSED] - for ([i = 1, i < 10, (i++)]): null

18-10-2024T06:26:51 - [TEST_STEP][PASSED] - tableB = Script1719551244403.NewDZO(x = tableB): null

18-10-2024T06:26:51 - [TEST_STEP][PASSED] - i3 = <not implemented yet for class: org.codehaus.groovy.ast.expr.EmptyExpression>: null

18-10-2024T06:26:51 - [TEST_STEP][PASSED] - i3 = x.indexOf("/") + 1: null

18-10-2024T06:26:51 - [TEST_STEP][PASSED] - x = x.substring(i3, x.length()): null

18-10-2024T06:26:51 - [TEST_STEP][PASSED] - return x: null

18-10-2024T06:26:51 - [TEST_STEP][PASSED] - tableB = Script1719551244403.NewDZO(x = tableB): null

18-10-2024T06:26:51 - [TEST_STEP][PASSED] - i3 = <not implemented yet for class: org.codehaus.groovy.ast.expr.EmptyExpression>: null

18-10-2024T06:26:51 - [TEST_STEP][PASSED] - i3 = x.indexOf("/") + 1: null

18-10-2024T06:26:51 - [TEST_STEP][PASSED] - x = x.substring(i3, x.length()): null

18-10-2024T06:26:51 - [TEST_STEP][PASSED] - return x: null

18-10-2024T06:26:51 - [TEST_STEP][PASSED] - tableB = Script1719551244403.NewDZO(x = tableB): null

18-10-2024T06:26:51 - [TEST_STEP][PASSED] - i3 = <not implemented yet for class: org.codehaus.groovy.ast.expr.EmptyExpression>: null

18-10-2024T06:26:51 - [TEST_STEP][PASSED] - i3 = x.indexOf("/") + 1: null

18-10-2024T06:26:51 - [TEST_STEP][PASSED] - x = x.substring(i3, x.length()): null

18-10-2024T06:26:51 - [TEST_STEP][PASSED] - return x: null

18-10-2024T06:26:51 - [TEST_STEP][PASSED] - tableB = Script1719551244403.NewDZO(x = tableB): null

18-10-2024T06:26:51 - [TEST_STEP][PASSED] - i3 = <not implemented yet for class: org.codehaus.groovy.ast.expr.EmptyExpression>: null

18-10-2024T06:26:51 - [TEST_STEP][PASSED] - i3 = x.indexOf("/") + 1: null

18-10-2024T06:26:51 - [TEST_STEP][PASSED] - x = x.substring(i3, x.length()): null

18-10-2024T06:26:51 - [TEST_STEP][PASSED] - return x: null

18-10-2024T06:26:51 - [TEST_STEP][PASSED] - tableB = Script1719551244403.NewDZO(x = tableB): null

18-10-2024T06:26:51 - [TEST_STEP][PASSED] - i3 = <not implemented yet for class: org.codehaus.groovy.ast.expr.EmptyExpression>: null

18-10-2024T06:26:51 - [TEST_STEP][PASSED] - i3 = x.indexOf("/") + 1: null

18-10-2024T06:26:51 - [TEST_STEP][PASSED] - x = x.substring(i3, x.length()): null

18-10-2024T06:26:51 - [TEST_STEP][PASSED] - return x: null

18-10-2024T06:26:51 - [TEST_STEP][PASSED] - tableB = Script1719551244403.NewDZO(x = tableB): null

18-10-2024T06:26:51 - [TEST_STEP][PASSED] - i3 = <not implemented yet for class: org.codehaus.groovy.ast.expr.EmptyExpression>: null

18-10-2024T06:26:51 - [TEST_STEP][PASSED] - i3 = x.indexOf("/") + 1: null

18-10-2024T06:26:51 - [TEST_STEP][PASSED] - x = x.substring(i3, x.length()): null

18-10-2024T06:26:51 - [TEST_STEP][PASSED] - return x: null

18-10-2024T06:26:51 - [TEST_STEP][PASSED] - tableB = Script1719551244403.NewDZO(x = tableB): null

18-10-2024T06:26:51 - [TEST_STEP][PASSED] - i3 = <not implemented yet for class: org.codehaus.groovy.ast.expr.EmptyExpression>: null

18-10-2024T06:26:51 - [TEST_STEP][PASSED] - i3 = x.indexOf("/") + 1: null

18-10-2024T06:26:51 - [TEST_STEP][PASSED] - x = x.substring(i3, x.length()): null

18-10-2024T06:26:51 - [TEST_STEP][PASSED] - return x: null

18-10-2024T06:26:51 - [TEST_STEP][PASSED] - tableB = Script1719551244403.NewDZO(x = tableB): null

18-10-2024T06:26:51 - [TEST_STEP][PASSED] - i3 = <not implemented yet for class: org.codehaus.groovy.ast.expr.EmptyExpression>: null

18-10-2024T06:26:51 - [TEST_STEP][PASSED] - i3 = x.indexOf("/") + 1: null

18-10-2024T06:26:51 - [TEST_STEP][PASSED] - x = x.substring(i3, x.length()): null

18-10-2024T06:26:51 - [TEST_STEP][PASSED] - return x: null

18-10-2024T06:26:51 - [TEST_STEP][PASSED] - tableB = Script1719551244403.NewDZO(x = tableB): null

18-10-2024T06:26:51 - [TEST_STEP][PASSED] - i3 = <not implemented yet for class: org.codehaus.groovy.ast.expr.EmptyExpression>: null

18-10-2024T06:26:51 - [TEST_STEP][PASSED] - i3 = x.indexOf("/") + 1: null

18-10-2024T06:26:51 - [TEST_STEP][PASSED] - x = x.substring(i3, x.length()): null

18-10-2024T06:26:51 - [TEST_STEP][PASSED] - return x: null

18-10-2024T06:26:51 - [TEST_STEP][PASSED] - i = tableB.indexOf("Янтарь"): null

18-10-2024T06:26:51 - [TEST_STEP][PASSED] - UgB = replaceAll("\p{P}", "").trim(): null

18-10-2024T06:26:51 - [TEST_STEP][PASSED] - println("UgB: " + UgB): null

18-10-2024T06:26:51 - [TEST_STEP][PASSED] - i = tableB.lastIndexOf("/"): null

18-10-2024T06:26:51 - [TEST_STEP][PASSED] - YaB = replaceAll("\p{P}", "").trim(): null

18-10-2024T06:26:51 - [TEST_STEP][PASSED] - println("YaB: " + YaB): null

18-10-2024T06:26:51 - [TEST_STEP][PASSED] - vidget = "Отклонения выручки по факторам": null

18-10-2024T06:26:51 - [TEST_STEP][PASSED] - if (run == 2): null

18-10-2024T06:26:51 - [TEST_STEP][PASSED] - DZO = "АО «Тываэнерго»": null

18-10-2024T06:26:51 - [TEST_STEP][PASSED] - Script1719551244403.CompareDZO(x = TyA, y = TyB, run, typeOfData, otobrajeniyeDannyh, todaysDate, vidget, DZO): null

18-10-2024T06:26:51 - [TEST_STEP][PASSED] - x1 = x: null

18-10-2024T06:26:51 - [TEST_STEP][PASSED] - y1 = y: null

18-10-2024T06:26:51 - [TEST_STEP][PASSED] - i1 = <not implemented yet for class: org.codehaus.groovy.ast.expr.EmptyExpression>: null

18-10-2024T06:26:51 - [TEST_STEP][PASSED] - if (verifyEqual(x, y) == true): null

18-10-2024T06:26:51 - [MESSAGE][PASSED] - Actual object '186 12' and expected object '186 12' are equal

18-10-2024T06:26:51 - [TEST_STEP][PASSED] - DZO = "АО «Чеченэнерго»": null

18-10-2024T06:26:51 - [TEST_STEP][PASSED] - Script1719551244403.CompareDZO(x = ChA, y = ChB, run, typeOfData, otobrajeniyeDannyh, todaysDate, vidget, DZO): null

18-10-2024T06:26:51 - [TEST_STEP][PASSED] - x1 = x: null

18-10-2024T06:26:51 - [TEST_STEP][PASSED] - y1 = y: null

18-10-2024T06:26:51 - [TEST_STEP][PASSED] - i1 = <not implemented yet for class: org.codehaus.groovy.ast.expr.EmptyExpression>: null

18-10-2024T06:26:51 - [TEST_STEP][FAILED] - if (verifyEqual(x, y) == true): Unable to verify equal between actual object '2 985 11' and expected object '34 11' (Root cause: com.kms.katalon.core.exception.StepFailedException: Actual object '2 985 11' and expected object '34 11' are not equal
	at com.kms.katalon.core.keyword.builtin.VerifyEqualKeyword$_verifyEqual_closure1.doCall(VerifyEqualKeyword.groovy:58)
	at com.kms.katalon.core.keyword.builtin.VerifyEqualKeyword$_verifyEqual_closure1.call(VerifyEqualKeyword.groovy)
	at com.kms.katalon.core.keyword.internal.KeywordMain.runKeyword(KeywordMain.groovy:75)
	at com.kms.katalon.core.keyword.builtin.VerifyEqualKeyword.verifyEqual(VerifyEqualKeyword.groovy:63)
	at com.kms.katalon.core.keyword.builtin.VerifyEqualKeyword.execute(VerifyEqualKeyword.groovy:44)
	at com.kms.katalon.core.keyword.internal.KeywordExecutor.executeKeywordForPlatform(KeywordExecutor.groovy:74)
	at com.kms.katalon.core.keyword.BuiltinKeywords.verifyEqual(BuiltinKeywords.groovy:146)
	at jdk.internal.reflect.GeneratedMethodAccessor21.invoke(Unknown Source)
	at java.base/jdk.internal.reflect.DelegatingMethodAccessorImpl.invoke(DelegatingMethodAccessorImpl.java:43)
	at Факторный анализ сверка дашбордов.CompareDZO(Факторный анализ сверка дашбордов:689)
	at Факторный анализ сверка дашбордов.Test(Факторный анализ сверка дашбордов:603)
	at Факторный анализ сверка дашбордов.run(Факторный анализ сверка дашбордов:44)
	at com.kms.katalon.core.main.ScriptEngine.run(ScriptEngine.java:194)
	at com.kms.katalon.core.main.ScriptEngine.runScriptAsRawText(ScriptEngine.java:119)
	at com.kms.katalon.core.main.TestCaseExecutor.runScript(TestCaseExecutor.java:448)
	at com.kms.katalon.core.main.TestCaseExecutor.doExecute(TestCaseExecutor.java:439)
	at com.kms.katalon.core.main.TestCaseExecutor.processExecutionPhase(TestCaseExecutor.java:418)
	at com.kms.katalon.core.main.TestCaseExecutor.accessMainPhase(TestCaseExecutor.java:410)
	at com.kms.katalon.core.main.TestCaseExecutor.execute(TestCaseExecutor.java:285)
	at com.kms.katalon.core.common.CommonExecutor.accessTestCaseMainPhase(CommonExecutor.java:65)
	at com.kms.katalon.core.main.TestSuiteExecutor.accessTestSuiteMainPhase(TestSuiteExecutor.java:150)
	at com.kms.katalon.core.main.TestSuiteExecutor.execute(TestSuiteExecutor.java:106)
	at com.kms.katalon.core.main.TestCaseMain.startTestSuite(TestCaseMain.java:180)
	at TempTestSuite1729215855985.run(TempTestSuite1729215855985.groovy:35)
	at java.base/jdk.internal.reflect.NativeMethodAccessorImpl.invoke0(Native Method)
	at java.base/jdk.internal.reflect.NativeMethodAccessorImpl.invoke(NativeMethodAccessorImpl.java:77)
	at java.base/jdk.internal.reflect.DelegatingMethodAccessorImpl.invoke(DelegatingMethodAccessorImpl.java:43)
)

18-10-2024T06:26:51 - [MESSAGE][FAILED] - Unable to verify equal between actual object '2 985 11' and expected object '34 11' (Root cause: com.kms.katalon.core.exception.StepFailedException: Actual object '2 985 11' and expected object '34 11' are not equal
	at com.kms.katalon.core.keyword.builtin.VerifyEqualKeyword$_verifyEqual_closure1.doCall(VerifyEqualKeyword.groovy:58)
	at com.kms.katalon.core.keyword.builtin.VerifyEqualKeyword$_verifyEqual_closure1.call(VerifyEqualKeyword.groovy)
	at com.kms.katalon.core.keyword.internal.KeywordMain.runKeyword(KeywordMain.groovy:75)
	at com.kms.katalon.core.keyword.builtin.VerifyEqualKeyword.verifyEqual(VerifyEqualKeyword.groovy:63)
	at com.kms.katalon.core.keyword.builtin.VerifyEqualKeyword.execute(VerifyEqualKeyword.groovy:44)
	at com.kms.katalon.core.keyword.internal.KeywordExecutor.executeKeywordForPlatform(KeywordExecutor.groovy:74)
	at com.kms.katalon.core.keyword.BuiltinKeywords.verifyEqual(BuiltinKeywords.groovy:146)
	at jdk.internal.reflect.GeneratedMethodAccessor21.invoke(Unknown Source)
	at java.base/jdk.internal.reflect.DelegatingMethodAccessorImpl.invoke(DelegatingMethodAccessorImpl.java:43)
	at Факторный анализ сверка дашбордов.CompareDZO(Факторный анализ сверка дашбордов:689)
	at Факторный анализ сверка дашбордов.Test(Факторный анализ сверка дашбордов:603)
	at Факторный анализ сверка дашбордов.run(Факторный анализ сверка дашбордов:44)
	at com.kms.katalon.core.main.ScriptEngine.run(ScriptEngine.java:194)
	at com.kms.katalon.core.main.ScriptEngine.runScriptAsRawText(ScriptEngine.java:119)
	at com.kms.katalon.core.main.TestCaseExecutor.runScript(TestCaseExecutor.java:448)
	at com.kms.katalon.core.main.TestCaseExecutor.doExecute(TestCaseExecutor.java:439)
	at com.kms.katalon.core.main.TestCaseExecutor.processExecutionPhase(TestCaseExecutor.java:418)
	at com.kms.katalon.core.main.TestCaseExecutor.accessMainPhase(TestCaseExecutor.java:410)
	at com.kms.katalon.core.main.TestCaseExecutor.execute(TestCaseExecutor.java:285)
	at com.kms.katalon.core.common.CommonExecutor.accessTestCaseMainPhase(CommonExecutor.java:65)
	at com.kms.katalon.core.main.TestSuiteExecutor.accessTestSuiteMainPhase(TestSuiteExecutor.java:150)
	at com.kms.katalon.core.main.TestSuiteExecutor.execute(TestSuiteExecutor.java:106)
	at com.kms.katalon.core.main.TestCaseMain.startTestSuite(TestCaseMain.java:180)
	at TempTestSuite1729215855985.run(TempTestSuite1729215855985.groovy:35)
	at java.base/jdk.internal.reflect.NativeMethodAccessorImpl.invoke0(Native Method)
	at java.base/jdk.internal.reflect.NativeMethodAccessorImpl.invoke(NativeMethodAccessorImpl.java:77)
	at java.base/jdk.internal.reflect.DelegatingMethodAccessorImpl.invoke(DelegatingMethodAccessorImpl.java:43)
)

18-10-2024T06:26:51 - [TEST_STEP][PASSED] - else: null

18-10-2024T06:26:51 - [TEST_STEP][PASSED] - otobrajeniyeDannyh = "Все": null

18-10-2024T06:26:51 - [TEST_STEP][PASSED] - vidget = "Всего отклонения по факторам": null

18-10-2024T06:26:51 - [TEST_STEP][PASSED] - Script1719551244403.WriteToExcel(todaysDate, typeOfData, otobrajeniyeDannyh, x, y, vidget, DZO): null

18-10-2024T06:26:51 - [TEST_STEP][PASSED] - sheetName = "Sheet1": null

18-10-2024T06:26:51 - [TEST_STEP][PASSED] - data = findTestData("PlanFact"): null

18-10-2024T06:26:51 - [TEST_STEP][PASSED] - n = data.getRowNumbers() + 1: null

18-10-2024T06:26:51 - [TEST_STEP][PASSED] - period = getText(findTestObject("Факторный анализ/Фильтр Период")): Text of object 'Object Repository/Факторный анализ/Фильтр Период' is: 'Июль, Август и 1, 2 кв. 2024 года'

18-10-2024T06:26:51 - [MESSAGE][PASSED] - Text of object 'Object Repository/Факторный анализ/Фильтр Период' is: 'Июль, Август и 1, 2 кв. 2024 года'

18-10-2024T06:26:51 - [TEST_STEP][PASSED] - println(period): null

18-10-2024T06:26:51 - [TEST_STEP][PASSED] - dashboardName = "Факторный анализ": null

18-10-2024T06:26:51 - [TEST_STEP][PASSED] - workbook01 = getWorkbook(excelFilePath): null

18-10-2024T06:26:51 - [TEST_STEP][PASSED] - sheet01 = getExcelSheet(workbook01, sheetName): null

18-10-2024T06:26:51 - [TEST_STEP][PASSED] - setValueToCellByIndex(sheet01, n, 0, dashboardName): null

18-10-2024T06:26:51 - [TEST_STEP][PASSED] - setValueToCellByIndex(sheet01, n, 1, DZO): null

18-10-2024T06:26:51 - [TEST_STEP][PASSED] - setValueToCellByIndex(sheet01, n, 2, vidget): null

18-10-2024T06:26:51 - [TEST_STEP][PASSED] - setValueToCellByIndex(sheet01, n, 3, typeOfData): null

18-10-2024T06:26:51 - [TEST_STEP][PASSED] - setValueToCellByIndex(sheet01, n, 4, otobrajeniyeDannyh): null

18-10-2024T06:26:51 - [TEST_STEP][PASSED] - setValueToCellByIndex(sheet01, n, 5, period): null

18-10-2024T06:26:51 - [TEST_STEP][PASSED] - setValueToCellByIndex(sheet01, n, 6, todaysDate): null

18-10-2024T06:26:51 - [TEST_STEP][PASSED] - n = n + 1: null

18-10-2024T06:26:51 - [TEST_STEP][PASSED] - saveWorkbook(excelFilePath, workbook01): null

18-10-2024T06:26:51 - [TEST_STEP][PASSED] - DZO = "Россети Волга": null

18-10-2024T06:26:51 - [TEST_STEP][PASSED] - Script1719551244403.CompareDZO(x = VA, y = VB, run, typeOfData, otobrajeniyeDannyh, todaysDate, vidget, DZO): null

18-10-2024T06:26:51 - [TEST_STEP][PASSED] - x1 = x: null

18-10-2024T06:26:51 - [TEST_STEP][PASSED] - y1 = y: null

18-10-2024T06:26:51 - [TEST_STEP][PASSED] - i1 = <not implemented yet for class: org.codehaus.groovy.ast.expr.EmptyExpression>: null

18-10-2024T06:26:51 - [TEST_STEP][FAILED] - if (verifyEqual(x, y) == true): Unable to verify equal between actual object '2 499 90 9 857  143 5 956 72  11 562  941  11 875  402  4 296  198 3 667 116' and expected object '152 90 561  143 249 72  379  941  397  402  206  198 92 116' (Root cause: com.kms.katalon.core.exception.StepFailedException: Actual object '2 499 90 9 857  143 5 956 72  11 562  941  11 875  402  4 296  198 3 667 116' and expected object '152 90 561  143 249 72  379  941  397  402  206  198 92 116' are not equal
	at com.kms.katalon.core.keyword.builtin.VerifyEqualKeyword$_verifyEqual_closure1.doCall(VerifyEqualKeyword.groovy:58)
	at com.kms.katalon.core.keyword.builtin.VerifyEqualKeyword$_verifyEqual_closure1.call(VerifyEqualKeyword.groovy)
	at com.kms.katalon.core.keyword.internal.KeywordMain.runKeyword(KeywordMain.groovy:75)
	at com.kms.katalon.core.keyword.builtin.VerifyEqualKeyword.verifyEqual(VerifyEqualKeyword.groovy:63)
	at com.kms.katalon.core.keyword.builtin.VerifyEqualKeyword.execute(VerifyEqualKeyword.groovy:44)
	at com.kms.katalon.core.keyword.internal.KeywordExecutor.executeKeywordForPlatform(KeywordExecutor.groovy:74)
	at com.kms.katalon.core.keyword.BuiltinKeywords.verifyEqual(BuiltinKeywords.groovy:146)
	at jdk.internal.reflect.GeneratedMethodAccessor21.invoke(Unknown Source)
	at java.base/jdk.internal.reflect.DelegatingMethodAccessorImpl.invoke(DelegatingMethodAccessorImpl.java:43)
	at Факторный анализ сверка дашбордов.CompareDZO(Факторный анализ сверка дашбордов:689)
	at Факторный анализ сверка дашбордов.Test(Факторный анализ сверка дашбордов:607)
	at Факторный анализ сверка дашбордов.run(Факторный анализ сверка дашбордов:44)
	at com.kms.katalon.core.main.ScriptEngine.run(ScriptEngine.java:194)
	at com.kms.katalon.core.main.ScriptEngine.runScriptAsRawText(ScriptEngine.java:119)
	at com.kms.katalon.core.main.TestCaseExecutor.runScript(TestCaseExecutor.java:448)
	at com.kms.katalon.core.main.TestCaseExecutor.doExecute(TestCaseExecutor.java:439)
	at com.kms.katalon.core.main.TestCaseExecutor.processExecutionPhase(TestCaseExecutor.java:418)
	at com.kms.katalon.core.main.TestCaseExecutor.accessMainPhase(TestCaseExecutor.java:410)
	at com.kms.katalon.core.main.TestCaseExecutor.execute(TestCaseExecutor.java:285)
	at com.kms.katalon.core.common.CommonExecutor.accessTestCaseMainPhase(CommonExecutor.java:65)
	at com.kms.katalon.core.main.TestSuiteExecutor.accessTestSuiteMainPhase(TestSuiteExecutor.java:150)
	at com.kms.katalon.core.main.TestSuiteExecutor.execute(TestSuiteExecutor.java:106)
	at com.kms.katalon.core.main.TestCaseMain.startTestSuite(TestCaseMain.java:180)
	at TempTestSuite1729215855985.run(TempTestSuite1729215855985.groovy:35)
	at java.base/jdk.internal.reflect.NativeMethodAccessorImpl.invoke0(Native Method)
	at java.base/jdk.internal.reflect.NativeMethodAccessorImpl.invoke(NativeMethodAccessorImpl.java:77)
	at java.base/jdk.internal.reflect.DelegatingMethodAccessorImpl.invoke(DelegatingMethodAccessorImpl.java:43)
)

18-10-2024T06:26:51 - [MESSAGE][FAILED] - Unable to verify equal between actual object '2 499 90 9 857  143 5 956 72  11 562  941  11 875  402  4 296  198 3 667 116' and expected object '152 90 561  143 249 72  379  941  397  402  206  198 92 116' (Root cause: com.kms.katalon.core.exception.StepFailedException: Actual object '2 499 90 9 857  143 5 956 72  11 562  941  11 875  402  4 296  198 3 667 116' and expected object '152 90 561  143 249 72  379  941  397  402  206  198 92 116' are not equal
	at com.kms.katalon.core.keyword.builtin.VerifyEqualKeyword$_verifyEqual_closure1.doCall(VerifyEqualKeyword.groovy:58)
	at com.kms.katalon.core.keyword.builtin.VerifyEqualKeyword$_verifyEqual_closure1.call(VerifyEqualKeyword.groovy)
	at com.kms.katalon.core.keyword.internal.KeywordMain.runKeyword(KeywordMain.groovy:75)
	at com.kms.katalon.core.keyword.builtin.VerifyEqualKeyword.verifyEqual(VerifyEqualKeyword.groovy:63)
	at com.kms.katalon.core.keyword.builtin.VerifyEqualKeyword.execute(VerifyEqualKeyword.groovy:44)
	at com.kms.katalon.core.keyword.internal.KeywordExecutor.executeKeywordForPlatform(KeywordExecutor.groovy:74)
	at com.kms.katalon.core.keyword.BuiltinKeywords.verifyEqual(BuiltinKeywords.groovy:146)
	at jdk.internal.reflect.GeneratedMethodAccessor21.invoke(Unknown Source)
	at java.base/jdk.internal.reflect.DelegatingMethodAccessorImpl.invoke(DelegatingMethodAccessorImpl.java:43)
	at Факторный анализ сверка дашбордов.CompareDZO(Факторный анализ сверка дашбордов:689)
	at Факторный анализ сверка дашбордов.Test(Факторный анализ сверка дашбордов:607)
	at Факторный анализ сверка дашбордов.run(Факторный анализ сверка дашбордов:44)
	at com.kms.katalon.core.main.ScriptEngine.run(ScriptEngine.java:194)
	at com.kms.katalon.core.main.ScriptEngine.runScriptAsRawText(ScriptEngine.java:119)
	at com.kms.katalon.core.main.TestCaseExecutor.runScript(TestCaseExecutor.java:448)
	at com.kms.katalon.core.main.TestCaseExecutor.doExecute(TestCaseExecutor.java:439)
	at com.kms.katalon.core.main.TestCaseExecutor.processExecutionPhase(TestCaseExecutor.java:418)
	at com.kms.katalon.core.main.TestCaseExecutor.accessMainPhase(TestCaseExecutor.java:410)
	at com.kms.katalon.core.main.TestCaseExecutor.execute(TestCaseExecutor.java:285)
	at com.kms.katalon.core.common.CommonExecutor.accessTestCaseMainPhase(CommonExecutor.java:65)
	at com.kms.katalon.core.main.TestSuiteExecutor.accessTestSuiteMainPhase(TestSuiteExecutor.java:150)
	at com.kms.katalon.core.main.TestSuiteExecutor.execute(TestSuiteExecutor.java:106)
	at com.kms.katalon.core.main.TestCaseMain.startTestSuite(TestCaseMain.java:180)
	at TempTestSuite1729215855985.run(TempTestSuite1729215855985.groovy:35)
	at java.base/jdk.internal.reflect.NativeMethodAccessorImpl.invoke0(Native Method)
	at java.base/jdk.internal.reflect.NativeMethodAccessorImpl.invoke(NativeMethodAccessorImpl.java:77)
	at java.base/jdk.internal.reflect.DelegatingMethodAccessorImpl.invoke(DelegatingMethodAccessorImpl.java:43)
)

18-10-2024T06:26:51 - [TEST_STEP][PASSED] - else: null

18-10-2024T06:26:51 - [TEST_STEP][PASSED] - otobrajeniyeDannyh = "Все": null

18-10-2024T06:26:51 - [TEST_STEP][PASSED] - vidget = "Всего отклонения по факторам": null

18-10-2024T06:26:51 - [TEST_STEP][PASSED] - Script1719551244403.WriteToExcel(todaysDate, typeOfData, otobrajeniyeDannyh, x, y, vidget, DZO): null

18-10-2024T06:26:51 - [TEST_STEP][PASSED] - sheetName = "Sheet1": null

18-10-2024T06:26:51 - [TEST_STEP][PASSED] - data = findTestData("PlanFact"): null

18-10-2024T06:26:51 - [TEST_STEP][PASSED] - n = data.getRowNumbers() + 1: null

18-10-2024T06:26:51 - [TEST_STEP][PASSED] - period = getText(findTestObject("Факторный анализ/Фильтр Период")): Text of object 'Object Repository/Факторный анализ/Фильтр Период' is: 'Июль, Август и 1, 2 кв. 2024 года'

18-10-2024T06:26:52 - [MESSAGE][PASSED] - Text of object 'Object Repository/Факторный анализ/Фильтр Период' is: 'Июль, Август и 1, 2 кв. 2024 года'

18-10-2024T06:26:52 - [TEST_STEP][PASSED] - println(period): null

18-10-2024T06:26:52 - [TEST_STEP][PASSED] - dashboardName = "Факторный анализ": null

18-10-2024T06:26:52 - [TEST_STEP][PASSED] - workbook01 = getWorkbook(excelFilePath): null

18-10-2024T06:26:52 - [TEST_STEP][PASSED] - sheet01 = getExcelSheet(workbook01, sheetName): null

18-10-2024T06:26:52 - [TEST_STEP][PASSED] - setValueToCellByIndex(sheet01, n, 0, dashboardName): null

18-10-2024T06:26:52 - [TEST_STEP][PASSED] - setValueToCellByIndex(sheet01, n, 1, DZO): null

18-10-2024T06:26:52 - [TEST_STEP][PASSED] - setValueToCellByIndex(sheet01, n, 2, vidget): null

18-10-2024T06:26:52 - [TEST_STEP][PASSED] - setValueToCellByIndex(sheet01, n, 3, typeOfData): null

18-10-2024T06:26:52 - [TEST_STEP][PASSED] - setValueToCellByIndex(sheet01, n, 4, otobrajeniyeDannyh): null

18-10-2024T06:26:52 - [TEST_STEP][PASSED] - setValueToCellByIndex(sheet01, n, 5, period): null

18-10-2024T06:26:52 - [TEST_STEP][PASSED] - setValueToCellByIndex(sheet01, n, 6, todaysDate): null

18-10-2024T06:26:52 - [TEST_STEP][PASSED] - n = n + 1: null

18-10-2024T06:26:52 - [TEST_STEP][PASSED] - saveWorkbook(excelFilePath, workbook01): null

18-10-2024T06:26:52 - [TEST_STEP][PASSED] - DZO = "Россети Кубань": null

18-10-2024T06:26:52 - [TEST_STEP][PASSED] - Script1719551244403.CompareDZO(x = KuA, y = KuB, run, typeOfData, otobrajeniyeDannyh, todaysDate, vidget, DZO): null

18-10-2024T06:26:52 - [TEST_STEP][PASSED] - x1 = x: null

18-10-2024T06:26:52 - [TEST_STEP][PASSED] - y1 = y: null

18-10-2024T06:26:52 - [TEST_STEP][PASSED] - i1 = <not implemented yet for class: org.codehaus.groovy.ast.expr.EmptyExpression>: null

18-10-2024T06:26:52 - [TEST_STEP][FAILED] - if (verifyEqual(x, y) == true): Unable to verify equal between actual object '47 196 83' and expected object '2 916 83' (Root cause: com.kms.katalon.core.exception.StepFailedException: Actual object '47 196 83' and expected object '2 916 83' are not equal
	at com.kms.katalon.core.keyword.builtin.VerifyEqualKeyword$_verifyEqual_closure1.doCall(VerifyEqualKeyword.groovy:58)
	at com.kms.katalon.core.keyword.builtin.VerifyEqualKeyword$_verifyEqual_closure1.call(VerifyEqualKeyword.groovy)
	at com.kms.katalon.core.keyword.internal.KeywordMain.runKeyword(KeywordMain.groovy:75)
	at com.kms.katalon.core.keyword.builtin.VerifyEqualKeyword.verifyEqual(VerifyEqualKeyword.groovy:63)
	at com.kms.katalon.core.keyword.builtin.VerifyEqualKeyword.execute(VerifyEqualKeyword.groovy:44)
	at com.kms.katalon.core.keyword.internal.KeywordExecutor.executeKeywordForPlatform(KeywordExecutor.groovy:74)
	at com.kms.katalon.core.keyword.BuiltinKeywords.verifyEqual(BuiltinKeywords.groovy:146)
	at jdk.internal.reflect.GeneratedMethodAccessor21.invoke(Unknown Source)
	at java.base/jdk.internal.reflect.DelegatingMethodAccessorImpl.invoke(DelegatingMethodAccessorImpl.java:43)
	at Факторный анализ сверка дашбордов.CompareDZO(Факторный анализ сверка дашбордов:689)
	at Факторный анализ сверка дашбордов.Test(Факторный анализ сверка дашбордов:611)
	at Факторный анализ сверка дашбордов.run(Факторный анализ сверка дашбордов:44)
	at com.kms.katalon.core.main.ScriptEngine.run(ScriptEngine.java:194)
	at com.kms.katalon.core.main.ScriptEngine.runScriptAsRawText(ScriptEngine.java:119)
	at com.kms.katalon.core.main.TestCaseExecutor.runScript(TestCaseExecutor.java:448)
	at com.kms.katalon.core.main.TestCaseExecutor.doExecute(TestCaseExecutor.java:439)
	at com.kms.katalon.core.main.TestCaseExecutor.processExecutionPhase(TestCaseExecutor.java:418)
	at com.kms.katalon.core.main.TestCaseExecutor.accessMainPhase(TestCaseExecutor.java:410)
	at com.kms.katalon.core.main.TestCaseExecutor.execute(TestCaseExecutor.java:285)
	at com.kms.katalon.core.common.CommonExecutor.accessTestCaseMainPhase(CommonExecutor.java:65)
	at com.kms.katalon.core.main.TestSuiteExecutor.accessTestSuiteMainPhase(TestSuiteExecutor.java:150)
	at com.kms.katalon.core.main.TestSuiteExecutor.execute(TestSuiteExecutor.java:106)
	at com.kms.katalon.core.main.TestCaseMain.startTestSuite(TestCaseMain.java:180)
	at TempTestSuite1729215855985.run(TempTestSuite1729215855985.groovy:35)
	at java.base/jdk.internal.reflect.NativeMethodAccessorImpl.invoke0(Native Method)
	at java.base/jdk.internal.reflect.NativeMethodAccessorImpl.invoke(NativeMethodAccessorImpl.java:77)
	at java.base/jdk.internal.reflect.DelegatingMethodAccessorImpl.invoke(DelegatingMethodAccessorImpl.java:43)
)

18-10-2024T06:26:52 - [MESSAGE][FAILED] - Unable to verify equal between actual object '47 196 83' and expected object '2 916 83' (Root cause: com.kms.katalon.core.exception.StepFailedException: Actual object '47 196 83' and expected object '2 916 83' are not equal
	at com.kms.katalon.core.keyword.builtin.VerifyEqualKeyword$_verifyEqual_closure1.doCall(VerifyEqualKeyword.groovy:58)
	at com.kms.katalon.core.keyword.builtin.VerifyEqualKeyword$_verifyEqual_closure1.call(VerifyEqualKeyword.groovy)
	at com.kms.katalon.core.keyword.internal.KeywordMain.runKeyword(KeywordMain.groovy:75)
	at com.kms.katalon.core.keyword.builtin.VerifyEqualKeyword.verifyEqual(VerifyEqualKeyword.groovy:63)
	at com.kms.katalon.core.keyword.builtin.VerifyEqualKeyword.execute(VerifyEqualKeyword.groovy:44)
	at com.kms.katalon.core.keyword.internal.KeywordExecutor.executeKeywordForPlatform(KeywordExecutor.groovy:74)
	at com.kms.katalon.core.keyword.BuiltinKeywords.verifyEqual(BuiltinKeywords.groovy:146)
	at jdk.internal.reflect.GeneratedMethodAccessor21.invoke(Unknown Source)
	at java.base/jdk.internal.reflect.DelegatingMethodAccessorImpl.invoke(DelegatingMethodAccessorImpl.java:43)
	at Факторный анализ сверка дашбордов.CompareDZO(Факторный анализ сверка дашбордов:689)
	at Факторный анализ сверка дашбордов.Test(Факторный анализ сверка дашбордов:611)
	at Факторный анализ сверка дашбордов.run(Факторный анализ сверка дашбордов:44)
	at com.kms.katalon.core.main.ScriptEngine.run(ScriptEngine.java:194)
	at com.kms.katalon.core.main.ScriptEngine.runScriptAsRawText(ScriptEngine.java:119)
	at com.kms.katalon.core.main.TestCaseExecutor.runScript(TestCaseExecutor.java:448)
	at com.kms.katalon.core.main.TestCaseExecutor.doExecute(TestCaseExecutor.java:439)
	at com.kms.katalon.core.main.TestCaseExecutor.processExecutionPhase(TestCaseExecutor.java:418)
	at com.kms.katalon.core.main.TestCaseExecutor.accessMainPhase(TestCaseExecutor.java:410)
	at com.kms.katalon.core.main.TestCaseExecutor.execute(TestCaseExecutor.java:285)
	at com.kms.katalon.core.common.CommonExecutor.accessTestCaseMainPhase(CommonExecutor.java:65)
	at com.kms.katalon.core.main.TestSuiteExecutor.accessTestSuiteMainPhase(TestSuiteExecutor.java:150)
	at com.kms.katalon.core.main.TestSuiteExecutor.execute(TestSuiteExecutor.java:106)
	at com.kms.katalon.core.main.TestCaseMain.startTestSuite(TestCaseMain.java:180)
	at TempTestSuite1729215855985.run(TempTestSuite1729215855985.groovy:35)
	at java.base/jdk.internal.reflect.NativeMethodAccessorImpl.invoke0(Native Method)
	at java.base/jdk.internal.reflect.NativeMethodAccessorImpl.invoke(NativeMethodAccessorImpl.java:77)
	at java.base/jdk.internal.reflect.DelegatingMethodAccessorImpl.invoke(DelegatingMethodAccessorImpl.java:43)
)

18-10-2024T06:26:52 - [TEST_STEP][PASSED] - else: null

18-10-2024T06:26:52 - [TEST_STEP][PASSED] - otobrajeniyeDannyh = "Все": null

18-10-2024T06:26:52 - [TEST_STEP][PASSED] - vidget = "Всего отклонения по факторам": null

18-10-2024T06:26:52 - [TEST_STEP][PASSED] - Script1719551244403.WriteToExcel(todaysDate, typeOfData, otobrajeniyeDannyh, x, y, vidget, DZO): null

18-10-2024T06:26:52 - [TEST_STEP][PASSED] - sheetName = "Sheet1": null

18-10-2024T06:26:52 - [TEST_STEP][PASSED] - data = findTestData("PlanFact"): null

18-10-2024T06:26:52 - [TEST_STEP][PASSED] - n = data.getRowNumbers() + 1: null

18-10-2024T06:26:52 - [TEST_STEP][PASSED] - period = getText(findTestObject("Факторный анализ/Фильтр Период")): Text of object 'Object Repository/Факторный анализ/Фильтр Период' is: 'Июль, Август и 1, 2 кв. 2024 года'

18-10-2024T06:26:52 - [MESSAGE][PASSED] - Text of object 'Object Repository/Факторный анализ/Фильтр Период' is: 'Июль, Август и 1, 2 кв. 2024 года'

18-10-2024T06:26:52 - [TEST_STEP][PASSED] - println(period): null

18-10-2024T06:26:52 - [TEST_STEP][PASSED] - dashboardName = "Факторный анализ": null

18-10-2024T06:26:52 - [TEST_STEP][PASSED] - workbook01 = getWorkbook(excelFilePath): null

18-10-2024T06:26:52 - [TEST_STEP][PASSED] - sheet01 = getExcelSheet(workbook01, sheetName): null

18-10-2024T06:26:52 - [TEST_STEP][PASSED] - setValueToCellByIndex(sheet01, n, 0, dashboardName): null

18-10-2024T06:26:52 - [TEST_STEP][PASSED] - setValueToCellByIndex(sheet01, n, 1, DZO): null

18-10-2024T06:26:52 - [TEST_STEP][PASSED] - setValueToCellByIndex(sheet01, n, 2, vidget): null

18-10-2024T06:26:52 - [TEST_STEP][PASSED] - setValueToCellByIndex(sheet01, n, 3, typeOfData): null

18-10-2024T06:26:52 - [TEST_STEP][PASSED] - setValueToCellByIndex(sheet01, n, 4, otobrajeniyeDannyh): null

18-10-2024T06:26:52 - [TEST_STEP][PASSED] - setValueToCellByIndex(sheet01, n, 5, period): null

18-10-2024T06:26:52 - [TEST_STEP][PASSED] - setValueToCellByIndex(sheet01, n, 6, todaysDate): null

18-10-2024T06:26:52 - [TEST_STEP][PASSED] - n = n + 1: null

18-10-2024T06:26:52 - [TEST_STEP][PASSED] - saveWorkbook(excelFilePath, workbook01): null

18-10-2024T06:26:53 - [TEST_STEP][PASSED] - DZO = "Московский регион": null

18-10-2024T06:26:53 - [TEST_STEP][PASSED] - Script1719551244403.CompareDZO(x = MosA, y = MosB, run, typeOfData, otobrajeniyeDannyh, todaysDate, vidget, DZO): null

18-10-2024T06:26:53 - [TEST_STEP][PASSED] - x1 = x: null

18-10-2024T06:26:53 - [TEST_STEP][PASSED] - y1 = y: null

18-10-2024T06:26:53 - [TEST_STEP][PASSED] - i1 = <not implemented yet for class: org.codehaus.groovy.ast.expr.EmptyExpression>: null

18-10-2024T06:26:53 - [TEST_STEP][PASSED] - if (verifyEqual(x, y) == true): null

18-10-2024T06:26:53 - [MESSAGE][PASSED] - Actual object '4 586  413  2 708 39' and expected object '4 586  413  2 708 39' are equal

18-10-2024T06:26:53 - [TEST_STEP][PASSED] - DZO = "Россети Ленэнерго (ГК)": null

18-10-2024T06:26:53 - [TEST_STEP][PASSED] - Script1719551244403.CompareDZO(x = LenA, y = LenB, run, typeOfData, otobrajeniyeDannyh, todaysDate, vidget, DZO): null

18-10-2024T06:26:53 - [TEST_STEP][PASSED] - x1 = x: null

18-10-2024T06:26:53 - [TEST_STEP][PASSED] - y1 = y: null

18-10-2024T06:26:53 - [TEST_STEP][PASSED] - i1 = <not implemented yet for class: org.codehaus.groovy.ast.expr.EmptyExpression>: null

18-10-2024T06:26:53 - [TEST_STEP][FAILED] - if (verifyEqual(x, y) == true): Unable to verify equal between actual object '25 692 323  36 582  127' and expected object '1 497 323  1 973  127' (Root cause: com.kms.katalon.core.exception.StepFailedException: Actual object '25 692 323  36 582  127' and expected object '1 497 323  1 973  127' are not equal
	at com.kms.katalon.core.keyword.builtin.VerifyEqualKeyword$_verifyEqual_closure1.doCall(VerifyEqualKeyword.groovy:58)
	at com.kms.katalon.core.keyword.builtin.VerifyEqualKeyword$_verifyEqual_closure1.call(VerifyEqualKeyword.groovy)
	at com.kms.katalon.core.keyword.internal.KeywordMain.runKeyword(KeywordMain.groovy:75)
	at com.kms.katalon.core.keyword.builtin.VerifyEqualKeyword.verifyEqual(VerifyEqualKeyword.groovy:63)
	at com.kms.katalon.core.keyword.builtin.VerifyEqualKeyword.execute(VerifyEqualKeyword.groovy:44)
	at com.kms.katalon.core.keyword.internal.KeywordExecutor.executeKeywordForPlatform(KeywordExecutor.groovy:74)
	at com.kms.katalon.core.keyword.BuiltinKeywords.verifyEqual(BuiltinKeywords.groovy:146)
	at jdk.internal.reflect.GeneratedMethodAccessor21.invoke(Unknown Source)
	at java.base/jdk.internal.reflect.DelegatingMethodAccessorImpl.invoke(DelegatingMethodAccessorImpl.java:43)
	at Факторный анализ сверка дашбордов.CompareDZO(Факторный анализ сверка дашбордов:689)
	at Факторный анализ сверка дашбордов.Test(Факторный анализ сверка дашбордов:619)
	at Факторный анализ сверка дашбордов.run(Факторный анализ сверка дашбордов:44)
	at com.kms.katalon.core.main.ScriptEngine.run(ScriptEngine.java:194)
	at com.kms.katalon.core.main.ScriptEngine.runScriptAsRawText(ScriptEngine.java:119)
	at com.kms.katalon.core.main.TestCaseExecutor.runScript(TestCaseExecutor.java:448)
	at com.kms.katalon.core.main.TestCaseExecutor.doExecute(TestCaseExecutor.java:439)
	at com.kms.katalon.core.main.TestCaseExecutor.processExecutionPhase(TestCaseExecutor.java:418)
	at com.kms.katalon.core.main.TestCaseExecutor.accessMainPhase(TestCaseExecutor.java:410)
	at com.kms.katalon.core.main.TestCaseExecutor.execute(TestCaseExecutor.java:285)
	at com.kms.katalon.core.common.CommonExecutor.accessTestCaseMainPhase(CommonExecutor.java:65)
	at com.kms.katalon.core.main.TestSuiteExecutor.accessTestSuiteMainPhase(TestSuiteExecutor.java:150)
	at com.kms.katalon.core.main.TestSuiteExecutor.execute(TestSuiteExecutor.java:106)
	at com.kms.katalon.core.main.TestCaseMain.startTestSuite(TestCaseMain.java:180)
	at TempTestSuite1729215855985.run(TempTestSuite1729215855985.groovy:35)
	at java.base/jdk.internal.reflect.NativeMethodAccessorImpl.invoke0(Native Method)
	at java.base/jdk.internal.reflect.NativeMethodAccessorImpl.invoke(NativeMethodAccessorImpl.java:77)
	at java.base/jdk.internal.reflect.DelegatingMethodAccessorImpl.invoke(DelegatingMethodAccessorImpl.java:43)
)

18-10-2024T06:26:53 - [MESSAGE][FAILED] - Unable to verify equal between actual object '25 692 323  36 582  127' and expected object '1 497 323  1 973  127' (Root cause: com.kms.katalon.core.exception.StepFailedException: Actual object '25 692 323  36 582  127' and expected object '1 497 323  1 973  127' are not equal
	at com.kms.katalon.core.keyword.builtin.VerifyEqualKeyword$_verifyEqual_closure1.doCall(VerifyEqualKeyword.groovy:58)
	at com.kms.katalon.core.keyword.builtin.VerifyEqualKeyword$_verifyEqual_closure1.call(VerifyEqualKeyword.groovy)
	at com.kms.katalon.core.keyword.internal.KeywordMain.runKeyword(KeywordMain.groovy:75)
	at com.kms.katalon.core.keyword.builtin.VerifyEqualKeyword.verifyEqual(VerifyEqualKeyword.groovy:63)
	at com.kms.katalon.core.keyword.builtin.VerifyEqualKeyword.execute(VerifyEqualKeyword.groovy:44)
	at com.kms.katalon.core.keyword.internal.KeywordExecutor.executeKeywordForPlatform(KeywordExecutor.groovy:74)
	at com.kms.katalon.core.keyword.BuiltinKeywords.verifyEqual(BuiltinKeywords.groovy:146)
	at jdk.internal.reflect.GeneratedMethodAccessor21.invoke(Unknown Source)
	at java.base/jdk.internal.reflect.DelegatingMethodAccessorImpl.invoke(DelegatingMethodAccessorImpl.java:43)
	at Факторный анализ сверка дашбордов.CompareDZO(Факторный анализ сверка дашбордов:689)
	at Факторный анализ сверка дашбордов.Test(Факторный анализ сверка дашбордов:619)
	at Факторный анализ сверка дашбордов.run(Факторный анализ сверка дашбордов:44)
	at com.kms.katalon.core.main.ScriptEngine.run(ScriptEngine.java:194)
	at com.kms.katalon.core.main.ScriptEngine.runScriptAsRawText(ScriptEngine.java:119)
	at com.kms.katalon.core.main.TestCaseExecutor.runScript(TestCaseExecutor.java:448)
	at com.kms.katalon.core.main.TestCaseExecutor.doExecute(TestCaseExecutor.java:439)
	at com.kms.katalon.core.main.TestCaseExecutor.processExecutionPhase(TestCaseExecutor.java:418)
	at com.kms.katalon.core.main.TestCaseExecutor.accessMainPhase(TestCaseExecutor.java:410)
	at com.kms.katalon.core.main.TestCaseExecutor.execute(TestCaseExecutor.java:285)
	at com.kms.katalon.core.common.CommonExecutor.accessTestCaseMainPhase(CommonExecutor.java:65)
	at com.kms.katalon.core.main.TestSuiteExecutor.accessTestSuiteMainPhase(TestSuiteExecutor.java:150)
	at com.kms.katalon.core.main.TestSuiteExecutor.execute(TestSuiteExecutor.java:106)
	at com.kms.katalon.core.main.TestCaseMain.startTestSuite(TestCaseMain.java:180)
	at TempTestSuite1729215855985.run(TempTestSuite1729215855985.groovy:35)
	at java.base/jdk.internal.reflect.NativeMethodAccessorImpl.invoke0(Native Method)
	at java.base/jdk.internal.reflect.NativeMethodAccessorImpl.invoke(NativeMethodAccessorImpl.java:77)
	at java.base/jdk.internal.reflect.DelegatingMethodAccessorImpl.invoke(DelegatingMethodAccessorImpl.java:43)
)

18-10-2024T06:26:53 - [TEST_STEP][PASSED] - else: null

18-10-2024T06:26:53 - [TEST_STEP][PASSED] - otobrajeniyeDannyh = "Все": null

18-10-2024T06:26:53 - [TEST_STEP][PASSED] - vidget = "Всего отклонения по факторам": null

18-10-2024T06:26:53 - [TEST_STEP][PASSED] - Script1719551244403.WriteToExcel(todaysDate, typeOfData, otobrajeniyeDannyh, x, y, vidget, DZO): null

18-10-2024T06:26:53 - [TEST_STEP][PASSED] - sheetName = "Sheet1": null

18-10-2024T06:26:53 - [TEST_STEP][PASSED] - data = findTestData("PlanFact"): null

18-10-2024T06:26:53 - [TEST_STEP][PASSED] - n = data.getRowNumbers() + 1: null

18-10-2024T06:26:53 - [TEST_STEP][PASSED] - period = getText(findTestObject("Факторный анализ/Фильтр Период")): Text of object 'Object Repository/Факторный анализ/Фильтр Период' is: 'Июль, Август и 1, 2 кв. 2024 года'

18-10-2024T06:26:53 - [MESSAGE][PASSED] - Text of object 'Object Repository/Факторный анализ/Фильтр Период' is: 'Июль, Август и 1, 2 кв. 2024 года'

18-10-2024T06:26:53 - [TEST_STEP][PASSED] - println(period): null

18-10-2024T06:26:53 - [TEST_STEP][PASSED] - dashboardName = "Факторный анализ": null

18-10-2024T06:26:53 - [TEST_STEP][PASSED] - workbook01 = getWorkbook(excelFilePath): null

18-10-2024T06:26:53 - [TEST_STEP][PASSED] - sheet01 = getExcelSheet(workbook01, sheetName): null

18-10-2024T06:26:53 - [TEST_STEP][PASSED] - setValueToCellByIndex(sheet01, n, 0, dashboardName): null

18-10-2024T06:26:53 - [TEST_STEP][PASSED] - setValueToCellByIndex(sheet01, n, 1, DZO): null

18-10-2024T06:26:53 - [TEST_STEP][PASSED] - setValueToCellByIndex(sheet01, n, 2, vidget): null

18-10-2024T06:26:53 - [TEST_STEP][PASSED] - setValueToCellByIndex(sheet01, n, 3, typeOfData): null

18-10-2024T06:26:53 - [TEST_STEP][PASSED] - setValueToCellByIndex(sheet01, n, 4, otobrajeniyeDannyh): null

18-10-2024T06:26:53 - [TEST_STEP][PASSED] - setValueToCellByIndex(sheet01, n, 5, period): null

18-10-2024T06:26:53 - [TEST_STEP][PASSED] - setValueToCellByIndex(sheet01, n, 6, todaysDate): null

18-10-2024T06:26:53 - [TEST_STEP][PASSED] - n = n + 1: null

18-10-2024T06:26:53 - [TEST_STEP][PASSED] - saveWorkbook(excelFilePath, workbook01): null

18-10-2024T06:26:53 - [TEST_STEP][PASSED] - DZO = "Россети Северный Кавказ (ГК)": null

18-10-2024T06:26:53 - [TEST_STEP][PASSED] - Script1719551244403.CompareDZO(x = SKA, y = SKB, run, typeOfData, otobrajeniyeDannyh, todaysDate, vidget, DZO): null

18-10-2024T06:26:53 - [TEST_STEP][PASSED] - x1 = x: null

18-10-2024T06:26:53 - [TEST_STEP][PASSED] - y1 = y: null

18-10-2024T06:26:53 - [TEST_STEP][PASSED] - i1 = <not implemented yet for class: org.codehaus.groovy.ast.expr.EmptyExpression>: null

18-10-2024T06:26:53 - [TEST_STEP][FAILED] - if (verifyEqual(x, y) == true): Unable to verify equal between actual object '111 69 5 724 434 1 293 90 2 385 13 1 553 13 2 704 108 7 412  237' and expected object '0 0  452 434  171 90 180 13 90 13  292 108 274  237' (Root cause: com.kms.katalon.core.exception.StepFailedException: Actual object '111 69 5 724 434 1 293 90 2 385 13 1 553 13 2 704 108 7 412  237' and expected object '0 0  452 434  171 90 180 13 90 13  292 108 274  237' are not equal
	at com.kms.katalon.core.keyword.builtin.VerifyEqualKeyword$_verifyEqual_closure1.doCall(VerifyEqualKeyword.groovy:58)
	at com.kms.katalon.core.keyword.builtin.VerifyEqualKeyword$_verifyEqual_closure1.call(VerifyEqualKeyword.groovy)
	at com.kms.katalon.core.keyword.internal.KeywordMain.runKeyword(KeywordMain.groovy:75)
	at com.kms.katalon.core.keyword.builtin.VerifyEqualKeyword.verifyEqual(VerifyEqualKeyword.groovy:63)
	at com.kms.katalon.core.keyword.builtin.VerifyEqualKeyword.execute(VerifyEqualKeyword.groovy:44)
	at com.kms.katalon.core.keyword.internal.KeywordExecutor.executeKeywordForPlatform(KeywordExecutor.groovy:74)
	at com.kms.katalon.core.keyword.BuiltinKeywords.verifyEqual(BuiltinKeywords.groovy:146)
	at jdk.internal.reflect.GeneratedMethodAccessor21.invoke(Unknown Source)
	at java.base/jdk.internal.reflect.DelegatingMethodAccessorImpl.invoke(DelegatingMethodAccessorImpl.java:43)
	at Факторный анализ сверка дашбордов.CompareDZO(Факторный анализ сверка дашбордов:689)
	at Факторный анализ сверка дашбордов.Test(Факторный анализ сверка дашбордов:623)
	at Факторный анализ сверка дашбордов.run(Факторный анализ сверка дашбордов:44)
	at com.kms.katalon.core.main.ScriptEngine.run(ScriptEngine.java:194)
	at com.kms.katalon.core.main.ScriptEngine.runScriptAsRawText(ScriptEngine.java:119)
	at com.kms.katalon.core.main.TestCaseExecutor.runScript(TestCaseExecutor.java:448)
	at com.kms.katalon.core.main.TestCaseExecutor.doExecute(TestCaseExecutor.java:439)
	at com.kms.katalon.core.main.TestCaseExecutor.processExecutionPhase(TestCaseExecutor.java:418)
	at com.kms.katalon.core.main.TestCaseExecutor.accessMainPhase(TestCaseExecutor.java:410)
	at com.kms.katalon.core.main.TestCaseExecutor.execute(TestCaseExecutor.java:285)
	at com.kms.katalon.core.common.CommonExecutor.accessTestCaseMainPhase(CommonExecutor.java:65)
	at com.kms.katalon.core.main.TestSuiteExecutor.accessTestSuiteMainPhase(TestSuiteExecutor.java:150)
	at com.kms.katalon.core.main.TestSuiteExecutor.execute(TestSuiteExecutor.java:106)
	at com.kms.katalon.core.main.TestCaseMain.startTestSuite(TestCaseMain.java:180)
	at TempTestSuite1729215855985.run(TempTestSuite1729215855985.groovy:35)
	at java.base/jdk.internal.reflect.NativeMethodAccessorImpl.invoke0(Native Method)
	at java.base/jdk.internal.reflect.NativeMethodAccessorImpl.invoke(NativeMethodAccessorImpl.java:77)
	at java.base/jdk.internal.reflect.DelegatingMethodAccessorImpl.invoke(DelegatingMethodAccessorImpl.java:43)
)

18-10-2024T06:26:53 - [MESSAGE][FAILED] - Unable to verify equal between actual object '111 69 5 724 434 1 293 90 2 385 13 1 553 13 2 704 108 7 412  237' and expected object '0 0  452 434  171 90 180 13 90 13  292 108 274  237' (Root cause: com.kms.katalon.core.exception.StepFailedException: Actual object '111 69 5 724 434 1 293 90 2 385 13 1 553 13 2 704 108 7 412  237' and expected object '0 0  452 434  171 90 180 13 90 13  292 108 274  237' are not equal
	at com.kms.katalon.core.keyword.builtin.VerifyEqualKeyword$_verifyEqual_closure1.doCall(VerifyEqualKeyword.groovy:58)
	at com.kms.katalon.core.keyword.builtin.VerifyEqualKeyword$_verifyEqual_closure1.call(VerifyEqualKeyword.groovy)
	at com.kms.katalon.core.keyword.internal.KeywordMain.runKeyword(KeywordMain.groovy:75)
	at com.kms.katalon.core.keyword.builtin.VerifyEqualKeyword.verifyEqual(VerifyEqualKeyword.groovy:63)
	at com.kms.katalon.core.keyword.builtin.VerifyEqualKeyword.execute(VerifyEqualKeyword.groovy:44)
	at com.kms.katalon.core.keyword.internal.KeywordExecutor.executeKeywordForPlatform(KeywordExecutor.groovy:74)
	at com.kms.katalon.core.keyword.BuiltinKeywords.verifyEqual(BuiltinKeywords.groovy:146)
	at jdk.internal.reflect.GeneratedMethodAccessor21.invoke(Unknown Source)
	at java.base/jdk.internal.reflect.DelegatingMethodAccessorImpl.invoke(DelegatingMethodAccessorImpl.java:43)
	at Факторный анализ сверка дашбордов.CompareDZO(Факторный анализ сверка дашбордов:689)
	at Факторный анализ сверка дашбордов.Test(Факторный анализ сверка дашбордов:623)
	at Факторный анализ сверка дашбордов.run(Факторный анализ сверка дашбордов:44)
	at com.kms.katalon.core.main.ScriptEngine.run(ScriptEngine.java:194)
	at com.kms.katalon.core.main.ScriptEngine.runScriptAsRawText(ScriptEngine.java:119)
	at com.kms.katalon.core.main.TestCaseExecutor.runScript(TestCaseExecutor.java:448)
	at com.kms.katalon.core.main.TestCaseExecutor.doExecute(TestCaseExecutor.java:439)
	at com.kms.katalon.core.main.TestCaseExecutor.processExecutionPhase(TestCaseExecutor.java:418)
	at com.kms.katalon.core.main.TestCaseExecutor.accessMainPhase(TestCaseExecutor.java:410)
	at com.kms.katalon.core.main.TestCaseExecutor.execute(TestCaseExecutor.java:285)
	at com.kms.katalon.core.common.CommonExecutor.accessTestCaseMainPhase(CommonExecutor.java:65)
	at com.kms.katalon.core.main.TestSuiteExecutor.accessTestSuiteMainPhase(TestSuiteExecutor.java:150)
	at com.kms.katalon.core.main.TestSuiteExecutor.execute(TestSuiteExecutor.java:106)
	at com.kms.katalon.core.main.TestCaseMain.startTestSuite(TestCaseMain.java:180)
	at TempTestSuite1729215855985.run(TempTestSuite1729215855985.groovy:35)
	at java.base/jdk.internal.reflect.NativeMethodAccessorImpl.invoke0(Native Method)
	at java.base/jdk.internal.reflect.NativeMethodAccessorImpl.invoke(NativeMethodAccessorImpl.java:77)
	at java.base/jdk.internal.reflect.DelegatingMethodAccessorImpl.invoke(DelegatingMethodAccessorImpl.java:43)
)

18-10-2024T06:26:53 - [TEST_STEP][PASSED] - else: null

18-10-2024T06:26:53 - [TEST_STEP][PASSED] - otobrajeniyeDannyh = "Все": null

18-10-2024T06:26:53 - [TEST_STEP][PASSED] - vidget = "Всего отклонения по факторам": null

18-10-2024T06:26:53 - [TEST_STEP][PASSED] - Script1719551244403.WriteToExcel(todaysDate, typeOfData, otobrajeniyeDannyh, x, y, vidget, DZO): null

18-10-2024T06:26:53 - [TEST_STEP][PASSED] - sheetName = "Sheet1": null

18-10-2024T06:26:53 - [TEST_STEP][PASSED] - data = findTestData("PlanFact"): null

18-10-2024T06:26:53 - [TEST_STEP][PASSED] - n = data.getRowNumbers() + 1: null

18-10-2024T06:26:53 - [TEST_STEP][PASSED] - period = getText(findTestObject("Факторный анализ/Фильтр Период")): Text of object 'Object Repository/Факторный анализ/Фильтр Период' is: 'Июль, Август и 1, 2 кв. 2024 года'

18-10-2024T06:26:54 - [MESSAGE][PASSED] - Text of object 'Object Repository/Факторный анализ/Фильтр Период' is: 'Июль, Август и 1, 2 кв. 2024 года'

18-10-2024T06:26:54 - [TEST_STEP][PASSED] - println(period): null

18-10-2024T06:26:54 - [TEST_STEP][PASSED] - dashboardName = "Факторный анализ": null

18-10-2024T06:26:54 - [TEST_STEP][PASSED] - workbook01 = getWorkbook(excelFilePath): null

18-10-2024T06:26:54 - [TEST_STEP][PASSED] - sheet01 = getExcelSheet(workbook01, sheetName): null

18-10-2024T06:26:54 - [TEST_STEP][PASSED] - setValueToCellByIndex(sheet01, n, 0, dashboardName): null

18-10-2024T06:26:54 - [TEST_STEP][PASSED] - setValueToCellByIndex(sheet01, n, 1, DZO): null

18-10-2024T06:26:54 - [TEST_STEP][PASSED] - setValueToCellByIndex(sheet01, n, 2, vidget): null

18-10-2024T06:26:54 - [TEST_STEP][PASSED] - setValueToCellByIndex(sheet01, n, 3, typeOfData): null

18-10-2024T06:26:54 - [TEST_STEP][PASSED] - setValueToCellByIndex(sheet01, n, 4, otobrajeniyeDannyh): null

18-10-2024T06:26:54 - [TEST_STEP][PASSED] - setValueToCellByIndex(sheet01, n, 5, period): null

18-10-2024T06:26:54 - [TEST_STEP][PASSED] - setValueToCellByIndex(sheet01, n, 6, todaysDate): null

18-10-2024T06:26:54 - [TEST_STEP][PASSED] - n = n + 1: null

18-10-2024T06:26:54 - [TEST_STEP][PASSED] - saveWorkbook(excelFilePath, workbook01): null

18-10-2024T06:26:54 - [TEST_STEP][PASSED] - DZO = "Россети Северо-Запад": null

18-10-2024T06:26:54 - [TEST_STEP][PASSED] - Script1719551244403.CompareDZO(x = SZA, y = SZB, run, typeOfData, otobrajeniyeDannyh, todaysDate, vidget, DZO): null

18-10-2024T06:26:54 - [TEST_STEP][PASSED] - x1 = x: null

18-10-2024T06:26:54 - [TEST_STEP][PASSED] - y1 = y: null

18-10-2024T06:26:54 - [TEST_STEP][PASSED] - i1 = <not implemented yet for class: org.codehaus.groovy.ast.expr.EmptyExpression>: null

18-10-2024T06:26:54 - [TEST_STEP][FAILED] - if (verifyEqual(x, y) == true): Unable to verify equal between actual object '7 412  237    103 77  233 6  32 154  106 77  212 42  162 22    49 18' and expected object '274  237    103 77  233 6  32 154  106 77  212 42  162 22    49 18' (Root cause: com.kms.katalon.core.exception.StepFailedException: Actual object '7 412  237    103 77  233 6  32 154  106 77  212 42  162 22    49 18' and expected object '274  237    103 77  233 6  32 154  106 77  212 42  162 22    49 18' are not equal
	at com.kms.katalon.core.keyword.builtin.VerifyEqualKeyword$_verifyEqual_closure1.doCall(VerifyEqualKeyword.groovy:58)
	at com.kms.katalon.core.keyword.builtin.VerifyEqualKeyword$_verifyEqual_closure1.call(VerifyEqualKeyword.groovy)
	at com.kms.katalon.core.keyword.internal.KeywordMain.runKeyword(KeywordMain.groovy:75)
	at com.kms.katalon.core.keyword.builtin.VerifyEqualKeyword.verifyEqual(VerifyEqualKeyword.groovy:63)
	at com.kms.katalon.core.keyword.builtin.VerifyEqualKeyword.execute(VerifyEqualKeyword.groovy:44)
	at com.kms.katalon.core.keyword.internal.KeywordExecutor.executeKeywordForPlatform(KeywordExecutor.groovy:74)
	at com.kms.katalon.core.keyword.BuiltinKeywords.verifyEqual(BuiltinKeywords.groovy:146)
	at jdk.internal.reflect.GeneratedMethodAccessor21.invoke(Unknown Source)
	at java.base/jdk.internal.reflect.DelegatingMethodAccessorImpl.invoke(DelegatingMethodAccessorImpl.java:43)
	at Факторный анализ сверка дашбордов.CompareDZO(Факторный анализ сверка дашбордов:689)
	at Факторный анализ сверка дашбордов.Test(Факторный анализ сверка дашбордов:627)
	at Факторный анализ сверка дашбордов.run(Факторный анализ сверка дашбордов:44)
	at com.kms.katalon.core.main.ScriptEngine.run(ScriptEngine.java:194)
	at com.kms.katalon.core.main.ScriptEngine.runScriptAsRawText(ScriptEngine.java:119)
	at com.kms.katalon.core.main.TestCaseExecutor.runScript(TestCaseExecutor.java:448)
	at com.kms.katalon.core.main.TestCaseExecutor.doExecute(TestCaseExecutor.java:439)
	at com.kms.katalon.core.main.TestCaseExecutor.processExecutionPhase(TestCaseExecutor.java:418)
	at com.kms.katalon.core.main.TestCaseExecutor.accessMainPhase(TestCaseExecutor.java:410)
	at com.kms.katalon.core.main.TestCaseExecutor.execute(TestCaseExecutor.java:285)
	at com.kms.katalon.core.common.CommonExecutor.accessTestCaseMainPhase(CommonExecutor.java:65)
	at com.kms.katalon.core.main.TestSuiteExecutor.accessTestSuiteMainPhase(TestSuiteExecutor.java:150)
	at com.kms.katalon.core.main.TestSuiteExecutor.execute(TestSuiteExecutor.java:106)
	at com.kms.katalon.core.main.TestCaseMain.startTestSuite(TestCaseMain.java:180)
	at TempTestSuite1729215855985.run(TempTestSuite1729215855985.groovy:35)
	at java.base/jdk.internal.reflect.NativeMethodAccessorImpl.invoke0(Native Method)
	at java.base/jdk.internal.reflect.NativeMethodAccessorImpl.invoke(NativeMethodAccessorImpl.java:77)
	at java.base/jdk.internal.reflect.DelegatingMethodAccessorImpl.invoke(DelegatingMethodAccessorImpl.java:43)
)

18-10-2024T06:26:54 - [MESSAGE][FAILED] - Unable to verify equal between actual object '7 412  237    103 77  233 6  32 154  106 77  212 42  162 22    49 18' and expected object '274  237    103 77  233 6  32 154  106 77  212 42  162 22    49 18' (Root cause: com.kms.katalon.core.exception.StepFailedException: Actual object '7 412  237    103 77  233 6  32 154  106 77  212 42  162 22    49 18' and expected object '274  237    103 77  233 6  32 154  106 77  212 42  162 22    49 18' are not equal
	at com.kms.katalon.core.keyword.builtin.VerifyEqualKeyword$_verifyEqual_closure1.doCall(VerifyEqualKeyword.groovy:58)
	at com.kms.katalon.core.keyword.builtin.VerifyEqualKeyword$_verifyEqual_closure1.call(VerifyEqualKeyword.groovy)
	at com.kms.katalon.core.keyword.internal.KeywordMain.runKeyword(KeywordMain.groovy:75)
	at com.kms.katalon.core.keyword.builtin.VerifyEqualKeyword.verifyEqual(VerifyEqualKeyword.groovy:63)
	at com.kms.katalon.core.keyword.builtin.VerifyEqualKeyword.execute(VerifyEqualKeyword.groovy:44)
	at com.kms.katalon.core.keyword.internal.KeywordExecutor.executeKeywordForPlatform(KeywordExecutor.groovy:74)
	at com.kms.katalon.core.keyword.BuiltinKeywords.verifyEqual(BuiltinKeywords.groovy:146)
	at jdk.internal.reflect.GeneratedMethodAccessor21.invoke(Unknown Source)
	at java.base/jdk.internal.reflect.DelegatingMethodAccessorImpl.invoke(DelegatingMethodAccessorImpl.java:43)
	at Факторный анализ сверка дашбордов.CompareDZO(Факторный анализ сверка дашбордов:689)
	at Факторный анализ сверка дашбордов.Test(Факторный анализ сверка дашбордов:627)
	at Факторный анализ сверка дашбордов.run(Факторный анализ сверка дашбордов:44)
	at com.kms.katalon.core.main.ScriptEngine.run(ScriptEngine.java:194)
	at com.kms.katalon.core.main.ScriptEngine.runScriptAsRawText(ScriptEngine.java:119)
	at com.kms.katalon.core.main.TestCaseExecutor.runScript(TestCaseExecutor.java:448)
	at com.kms.katalon.core.main.TestCaseExecutor.doExecute(TestCaseExecutor.java:439)
	at com.kms.katalon.core.main.TestCaseExecutor.processExecutionPhase(TestCaseExecutor.java:418)
	at com.kms.katalon.core.main.TestCaseExecutor.accessMainPhase(TestCaseExecutor.java:410)
	at com.kms.katalon.core.main.TestCaseExecutor.execute(TestCaseExecutor.java:285)
	at com.kms.katalon.core.common.CommonExecutor.accessTestCaseMainPhase(CommonExecutor.java:65)
	at com.kms.katalon.core.main.TestSuiteExecutor.accessTestSuiteMainPhase(TestSuiteExecutor.java:150)
	at com.kms.katalon.core.main.TestSuiteExecutor.execute(TestSuiteExecutor.java:106)
	at com.kms.katalon.core.main.TestCaseMain.startTestSuite(TestCaseMain.java:180)
	at TempTestSuite1729215855985.run(TempTestSuite1729215855985.groovy:35)
	at java.base/jdk.internal.reflect.NativeMethodAccessorImpl.invoke0(Native Method)
	at java.base/jdk.internal.reflect.NativeMethodAccessorImpl.invoke(NativeMethodAccessorImpl.java:77)
	at java.base/jdk.internal.reflect.DelegatingMethodAccessorImpl.invoke(DelegatingMethodAccessorImpl.java:43)
)

18-10-2024T06:26:54 - [TEST_STEP][PASSED] - else: null

18-10-2024T06:26:54 - [TEST_STEP][PASSED] - otobrajeniyeDannyh = "Все": null

18-10-2024T06:26:54 - [TEST_STEP][PASSED] - vidget = "Всего отклонения по факторам": null

18-10-2024T06:26:54 - [TEST_STEP][PASSED] - Script1719551244403.WriteToExcel(todaysDate, typeOfData, otobrajeniyeDannyh, x, y, vidget, DZO): null

18-10-2024T06:26:54 - [TEST_STEP][PASSED] - sheetName = "Sheet1": null

18-10-2024T06:26:54 - [TEST_STEP][PASSED] - data = findTestData("PlanFact"): null

18-10-2024T06:26:54 - [TEST_STEP][PASSED] - n = data.getRowNumbers() + 1: null

18-10-2024T06:26:54 - [TEST_STEP][PASSED] - period = getText(findTestObject("Факторный анализ/Фильтр Период")): Text of object 'Object Repository/Факторный анализ/Фильтр Период' is: 'Июль, Август и 1, 2 кв. 2024 года'

18-10-2024T06:26:54 - [MESSAGE][PASSED] - Text of object 'Object Repository/Факторный анализ/Фильтр Период' is: 'Июль, Август и 1, 2 кв. 2024 года'

18-10-2024T06:26:54 - [TEST_STEP][PASSED] - println(period): null

18-10-2024T06:26:54 - [TEST_STEP][PASSED] - dashboardName = "Факторный анализ": null

18-10-2024T06:26:54 - [TEST_STEP][PASSED] - workbook01 = getWorkbook(excelFilePath): null

18-10-2024T06:26:54 - [TEST_STEP][PASSED] - sheet01 = getExcelSheet(workbook01, sheetName): null

18-10-2024T06:26:54 - [TEST_STEP][PASSED] - setValueToCellByIndex(sheet01, n, 0, dashboardName): null

18-10-2024T06:26:54 - [TEST_STEP][PASSED] - setValueToCellByIndex(sheet01, n, 1, DZO): null

18-10-2024T06:26:54 - [TEST_STEP][PASSED] - setValueToCellByIndex(sheet01, n, 2, vidget): null

18-10-2024T06:26:54 - [TEST_STEP][PASSED] - setValueToCellByIndex(sheet01, n, 3, typeOfData): null

18-10-2024T06:26:54 - [TEST_STEP][PASSED] - setValueToCellByIndex(sheet01, n, 4, otobrajeniyeDannyh): null

18-10-2024T06:26:54 - [TEST_STEP][PASSED] - setValueToCellByIndex(sheet01, n, 5, period): null

18-10-2024T06:26:54 - [TEST_STEP][PASSED] - setValueToCellByIndex(sheet01, n, 6, todaysDate): null

18-10-2024T06:26:54 - [TEST_STEP][PASSED] - n = n + 1: null

18-10-2024T06:26:54 - [TEST_STEP][PASSED] - saveWorkbook(excelFilePath, workbook01): null

18-10-2024T06:26:54 - [TEST_STEP][PASSED] - DZO = "Россети Сибирь (ГК)": null

18-10-2024T06:26:54 - [TEST_STEP][PASSED] - Script1719551244403.CompareDZO(x = SiA, y = SiB, run, typeOfData, otobrajeniyeDannyh, todaysDate, vidget, DZO): null

18-10-2024T06:26:54 - [TEST_STEP][PASSED] - x1 = x: null

18-10-2024T06:26:54 - [TEST_STEP][PASSED] - y1 = y: null

18-10-2024T06:26:54 - [TEST_STEP][PASSED] - i1 = <not implemented yet for class: org.codehaus.groovy.ast.expr.EmptyExpression>: null

18-10-2024T06:26:54 - [TEST_STEP][PASSED] - if (verifyEqual(x, y) == true): null

18-10-2024T06:26:54 - [MESSAGE][PASSED] - Actual object '49 18    227 241 86 266 99 14 955  272 298 222 92  140 281  319 27 88' and expected object '49 18    227 241 86 266 99 14 955  272 298 222 92  140 281  319 27 88' are equal

18-10-2024T06:26:54 - [TEST_STEP][PASSED] - DZO = "Россети Томск": null

18-10-2024T06:26:54 - [TEST_STEP][PASSED] - Script1719551244403.CompareDZO(x = ToA, y = ToB, run, typeOfData, otobrajeniyeDannyh, todaysDate, vidget, DZO): null

18-10-2024T06:26:55 - [TEST_STEP][PASSED] - x1 = x: null

18-10-2024T06:26:55 - [TEST_STEP][PASSED] - y1 = y: null

18-10-2024T06:26:55 - [TEST_STEP][PASSED] - i1 = <not implemented yet for class: org.codehaus.groovy.ast.expr.EmptyExpression>: null

18-10-2024T06:26:55 - [TEST_STEP][FAILED] - if (verifyEqual(x, y) == true): Unable to verify equal between actual object '27 88     5 817  105' and expected object '27 88     333  105' (Root cause: com.kms.katalon.core.exception.StepFailedException: Actual object '27 88     5 817  105' and expected object '27 88     333  105' are not equal
	at com.kms.katalon.core.keyword.builtin.VerifyEqualKeyword$_verifyEqual_closure1.doCall(VerifyEqualKeyword.groovy:58)
	at com.kms.katalon.core.keyword.builtin.VerifyEqualKeyword$_verifyEqual_closure1.call(VerifyEqualKeyword.groovy)
	at com.kms.katalon.core.keyword.internal.KeywordMain.runKeyword(KeywordMain.groovy:75)
	at com.kms.katalon.core.keyword.builtin.VerifyEqualKeyword.verifyEqual(VerifyEqualKeyword.groovy:63)
	at com.kms.katalon.core.keyword.builtin.VerifyEqualKeyword.execute(VerifyEqualKeyword.groovy:44)
	at com.kms.katalon.core.keyword.internal.KeywordExecutor.executeKeywordForPlatform(KeywordExecutor.groovy:74)
	at com.kms.katalon.core.keyword.BuiltinKeywords.verifyEqual(BuiltinKeywords.groovy:146)
	at jdk.internal.reflect.GeneratedMethodAccessor21.invoke(Unknown Source)
	at java.base/jdk.internal.reflect.DelegatingMethodAccessorImpl.invoke(DelegatingMethodAccessorImpl.java:43)
	at Факторный анализ сверка дашбордов.CompareDZO(Факторный анализ сверка дашбордов:689)
	at Факторный анализ сверка дашбордов.Test(Факторный анализ сверка дашбордов:635)
	at Факторный анализ сверка дашбордов.run(Факторный анализ сверка дашбордов:44)
	at com.kms.katalon.core.main.ScriptEngine.run(ScriptEngine.java:194)
	at com.kms.katalon.core.main.ScriptEngine.runScriptAsRawText(ScriptEngine.java:119)
	at com.kms.katalon.core.main.TestCaseExecutor.runScript(TestCaseExecutor.java:448)
	at com.kms.katalon.core.main.TestCaseExecutor.doExecute(TestCaseExecutor.java:439)
	at com.kms.katalon.core.main.TestCaseExecutor.processExecutionPhase(TestCaseExecutor.java:418)
	at com.kms.katalon.core.main.TestCaseExecutor.accessMainPhase(TestCaseExecutor.java:410)
	at com.kms.katalon.core.main.TestCaseExecutor.execute(TestCaseExecutor.java:285)
	at com.kms.katalon.core.common.CommonExecutor.accessTestCaseMainPhase(CommonExecutor.java:65)
	at com.kms.katalon.core.main.TestSuiteExecutor.accessTestSuiteMainPhase(TestSuiteExecutor.java:150)
	at com.kms.katalon.core.main.TestSuiteExecutor.execute(TestSuiteExecutor.java:106)
	at com.kms.katalon.core.main.TestCaseMain.startTestSuite(TestCaseMain.java:180)
	at TempTestSuite1729215855985.run(TempTestSuite1729215855985.groovy:35)
	at java.base/jdk.internal.reflect.NativeMethodAccessorImpl.invoke0(Native Method)
	at java.base/jdk.internal.reflect.NativeMethodAccessorImpl.invoke(NativeMethodAccessorImpl.java:77)
	at java.base/jdk.internal.reflect.DelegatingMethodAccessorImpl.invoke(DelegatingMethodAccessorImpl.java:43)
)

18-10-2024T06:26:55 - [MESSAGE][FAILED] - Unable to verify equal between actual object '27 88     5 817  105' and expected object '27 88     333  105' (Root cause: com.kms.katalon.core.exception.StepFailedException: Actual object '27 88     5 817  105' and expected object '27 88     333  105' are not equal
	at com.kms.katalon.core.keyword.builtin.VerifyEqualKeyword$_verifyEqual_closure1.doCall(VerifyEqualKeyword.groovy:58)
	at com.kms.katalon.core.keyword.builtin.VerifyEqualKeyword$_verifyEqual_closure1.call(VerifyEqualKeyword.groovy)
	at com.kms.katalon.core.keyword.internal.KeywordMain.runKeyword(KeywordMain.groovy:75)
	at com.kms.katalon.core.keyword.builtin.VerifyEqualKeyword.verifyEqual(VerifyEqualKeyword.groovy:63)
	at com.kms.katalon.core.keyword.builtin.VerifyEqualKeyword.execute(VerifyEqualKeyword.groovy:44)
	at com.kms.katalon.core.keyword.internal.KeywordExecutor.executeKeywordForPlatform(KeywordExecutor.groovy:74)
	at com.kms.katalon.core.keyword.BuiltinKeywords.verifyEqual(BuiltinKeywords.groovy:146)
	at jdk.internal.reflect.GeneratedMethodAccessor21.invoke(Unknown Source)
	at java.base/jdk.internal.reflect.DelegatingMethodAccessorImpl.invoke(DelegatingMethodAccessorImpl.java:43)
	at Факторный анализ сверка дашбордов.CompareDZO(Факторный анализ сверка дашбордов:689)
	at Факторный анализ сверка дашбордов.Test(Факторный анализ сверка дашбордов:635)
	at Факторный анализ сверка дашбордов.run(Факторный анализ сверка дашбордов:44)
	at com.kms.katalon.core.main.ScriptEngine.run(ScriptEngine.java:194)
	at com.kms.katalon.core.main.ScriptEngine.runScriptAsRawText(ScriptEngine.java:119)
	at com.kms.katalon.core.main.TestCaseExecutor.runScript(TestCaseExecutor.java:448)
	at com.kms.katalon.core.main.TestCaseExecutor.doExecute(TestCaseExecutor.java:439)
	at com.kms.katalon.core.main.TestCaseExecutor.processExecutionPhase(TestCaseExecutor.java:418)
	at com.kms.katalon.core.main.TestCaseExecutor.accessMainPhase(TestCaseExecutor.java:410)
	at com.kms.katalon.core.main.TestCaseExecutor.execute(TestCaseExecutor.java:285)
	at com.kms.katalon.core.common.CommonExecutor.accessTestCaseMainPhase(CommonExecutor.java:65)
	at com.kms.katalon.core.main.TestSuiteExecutor.accessTestSuiteMainPhase(TestSuiteExecutor.java:150)
	at com.kms.katalon.core.main.TestSuiteExecutor.execute(TestSuiteExecutor.java:106)
	at com.kms.katalon.core.main.TestCaseMain.startTestSuite(TestCaseMain.java:180)
	at TempTestSuite1729215855985.run(TempTestSuite1729215855985.groovy:35)
	at java.base/jdk.internal.reflect.NativeMethodAccessorImpl.invoke0(Native Method)
	at java.base/jdk.internal.reflect.NativeMethodAccessorImpl.invoke(NativeMethodAccessorImpl.java:77)
	at java.base/jdk.internal.reflect.DelegatingMethodAccessorImpl.invoke(DelegatingMethodAccessorImpl.java:43)
)

18-10-2024T06:26:55 - [TEST_STEP][PASSED] - else: null

18-10-2024T06:26:55 - [TEST_STEP][PASSED] - otobrajeniyeDannyh = "Все": null

18-10-2024T06:26:55 - [TEST_STEP][PASSED] - vidget = "Всего отклонения по факторам": null

18-10-2024T06:26:55 - [TEST_STEP][PASSED] - Script1719551244403.WriteToExcel(todaysDate, typeOfData, otobrajeniyeDannyh, x, y, vidget, DZO): null

18-10-2024T06:26:55 - [TEST_STEP][PASSED] - sheetName = "Sheet1": null

18-10-2024T06:26:55 - [TEST_STEP][PASSED] - data = findTestData("PlanFact"): null

18-10-2024T06:26:55 - [TEST_STEP][PASSED] - n = data.getRowNumbers() + 1: null

18-10-2024T06:26:55 - [TEST_STEP][PASSED] - period = getText(findTestObject("Факторный анализ/Фильтр Период")): Text of object 'Object Repository/Факторный анализ/Фильтр Период' is: 'Июль, Август и 1, 2 кв. 2024 года'

18-10-2024T06:26:55 - [MESSAGE][PASSED] - Text of object 'Object Repository/Факторный анализ/Фильтр Период' is: 'Июль, Август и 1, 2 кв. 2024 года'

18-10-2024T06:26:55 - [TEST_STEP][PASSED] - println(period): null

18-10-2024T06:26:55 - [TEST_STEP][PASSED] - dashboardName = "Факторный анализ": null

18-10-2024T06:26:55 - [TEST_STEP][PASSED] - workbook01 = getWorkbook(excelFilePath): null

18-10-2024T06:26:55 - [TEST_STEP][PASSED] - sheet01 = getExcelSheet(workbook01, sheetName): null

18-10-2024T06:26:55 - [TEST_STEP][PASSED] - setValueToCellByIndex(sheet01, n, 0, dashboardName): null

18-10-2024T06:26:55 - [TEST_STEP][PASSED] - setValueToCellByIndex(sheet01, n, 1, DZO): null

18-10-2024T06:26:55 - [TEST_STEP][PASSED] - setValueToCellByIndex(sheet01, n, 2, vidget): null

18-10-2024T06:26:55 - [TEST_STEP][PASSED] - setValueToCellByIndex(sheet01, n, 3, typeOfData): null

18-10-2024T06:26:55 - [TEST_STEP][PASSED] - setValueToCellByIndex(sheet01, n, 4, otobrajeniyeDannyh): null

18-10-2024T06:26:55 - [TEST_STEP][PASSED] - setValueToCellByIndex(sheet01, n, 5, period): null

18-10-2024T06:26:55 - [TEST_STEP][PASSED] - setValueToCellByIndex(sheet01, n, 6, todaysDate): null

18-10-2024T06:26:55 - [TEST_STEP][PASSED] - n = n + 1: null

18-10-2024T06:26:55 - [TEST_STEP][PASSED] - saveWorkbook(excelFilePath, workbook01): null

18-10-2024T06:26:55 - [TEST_STEP][PASSED] - DZO = "Россети Тюмень": null

18-10-2024T06:26:55 - [TEST_STEP][PASSED] - Script1719551244403.CompareDZO(x = TyuA, y = TyuB, run, typeOfData, otobrajeniyeDannyh, todaysDate, vidget, DZO): null

18-10-2024T06:26:55 - [TEST_STEP][PASSED] - x1 = x: null

18-10-2024T06:26:55 - [TEST_STEP][PASSED] - y1 = y: null

18-10-2024T06:26:55 - [TEST_STEP][PASSED] - i1 = <not implemented yet for class: org.codehaus.groovy.ast.expr.EmptyExpression>: null

18-10-2024T06:26:55 - [TEST_STEP][FAILED] - if (verifyEqual(x, y) == true): Unable to verify equal between actual object '5 817  105' and expected object '333  105' (Root cause: com.kms.katalon.core.exception.StepFailedException: Actual object '5 817  105' and expected object '333  105' are not equal
	at com.kms.katalon.core.keyword.builtin.VerifyEqualKeyword$_verifyEqual_closure1.doCall(VerifyEqualKeyword.groovy:58)
	at com.kms.katalon.core.keyword.builtin.VerifyEqualKeyword$_verifyEqual_closure1.call(VerifyEqualKeyword.groovy)
	at com.kms.katalon.core.keyword.internal.KeywordMain.runKeyword(KeywordMain.groovy:75)
	at com.kms.katalon.core.keyword.builtin.VerifyEqualKeyword.verifyEqual(VerifyEqualKeyword.groovy:63)
	at com.kms.katalon.core.keyword.builtin.VerifyEqualKeyword.execute(VerifyEqualKeyword.groovy:44)
	at com.kms.katalon.core.keyword.internal.KeywordExecutor.executeKeywordForPlatform(KeywordExecutor.groovy:74)
	at com.kms.katalon.core.keyword.BuiltinKeywords.verifyEqual(BuiltinKeywords.groovy:146)
	at jdk.internal.reflect.GeneratedMethodAccessor21.invoke(Unknown Source)
	at java.base/jdk.internal.reflect.DelegatingMethodAccessorImpl.invoke(DelegatingMethodAccessorImpl.java:43)
	at Факторный анализ сверка дашбордов.CompareDZO(Факторный анализ сверка дашбордов:689)
	at Факторный анализ сверка дашбордов.Test(Факторный анализ сверка дашбордов:639)
	at Факторный анализ сверка дашбордов.run(Факторный анализ сверка дашбордов:44)
	at com.kms.katalon.core.main.ScriptEngine.run(ScriptEngine.java:194)
	at com.kms.katalon.core.main.ScriptEngine.runScriptAsRawText(ScriptEngine.java:119)
	at com.kms.katalon.core.main.TestCaseExecutor.runScript(TestCaseExecutor.java:448)
	at com.kms.katalon.core.main.TestCaseExecutor.doExecute(TestCaseExecutor.java:439)
	at com.kms.katalon.core.main.TestCaseExecutor.processExecutionPhase(TestCaseExecutor.java:418)
	at com.kms.katalon.core.main.TestCaseExecutor.accessMainPhase(TestCaseExecutor.java:410)
	at com.kms.katalon.core.main.TestCaseExecutor.execute(TestCaseExecutor.java:285)
	at com.kms.katalon.core.common.CommonExecutor.accessTestCaseMainPhase(CommonExecutor.java:65)
	at com.kms.katalon.core.main.TestSuiteExecutor.accessTestSuiteMainPhase(TestSuiteExecutor.java:150)
	at com.kms.katalon.core.main.TestSuiteExecutor.execute(TestSuiteExecutor.java:106)
	at com.kms.katalon.core.main.TestCaseMain.startTestSuite(TestCaseMain.java:180)
	at TempTestSuite1729215855985.run(TempTestSuite1729215855985.groovy:35)
	at java.base/jdk.internal.reflect.NativeMethodAccessorImpl.invoke0(Native Method)
	at java.base/jdk.internal.reflect.NativeMethodAccessorImpl.invoke(NativeMethodAccessorImpl.java:77)
	at java.base/jdk.internal.reflect.DelegatingMethodAccessorImpl.invoke(DelegatingMethodAccessorImpl.java:43)
)

18-10-2024T06:26:55 - [MESSAGE][FAILED] - Unable to verify equal between actual object '5 817  105' and expected object '333  105' (Root cause: com.kms.katalon.core.exception.StepFailedException: Actual object '5 817  105' and expected object '333  105' are not equal
	at com.kms.katalon.core.keyword.builtin.VerifyEqualKeyword$_verifyEqual_closure1.doCall(VerifyEqualKeyword.groovy:58)
	at com.kms.katalon.core.keyword.builtin.VerifyEqualKeyword$_verifyEqual_closure1.call(VerifyEqualKeyword.groovy)
	at com.kms.katalon.core.keyword.internal.KeywordMain.runKeyword(KeywordMain.groovy:75)
	at com.kms.katalon.core.keyword.builtin.VerifyEqualKeyword.verifyEqual(VerifyEqualKeyword.groovy:63)
	at com.kms.katalon.core.keyword.builtin.VerifyEqualKeyword.execute(VerifyEqualKeyword.groovy:44)
	at com.kms.katalon.core.keyword.internal.KeywordExecutor.executeKeywordForPlatform(KeywordExecutor.groovy:74)
	at com.kms.katalon.core.keyword.BuiltinKeywords.verifyEqual(BuiltinKeywords.groovy:146)
	at jdk.internal.reflect.GeneratedMethodAccessor21.invoke(Unknown Source)
	at java.base/jdk.internal.reflect.DelegatingMethodAccessorImpl.invoke(DelegatingMethodAccessorImpl.java:43)
	at Факторный анализ сверка дашбордов.CompareDZO(Факторный анализ сверка дашбордов:689)
	at Факторный анализ сверка дашбордов.Test(Факторный анализ сверка дашбордов:639)
	at Факторный анализ сверка дашбордов.run(Факторный анализ сверка дашбордов:44)
	at com.kms.katalon.core.main.ScriptEngine.run(ScriptEngine.java:194)
	at com.kms.katalon.core.main.ScriptEngine.runScriptAsRawText(ScriptEngine.java:119)
	at com.kms.katalon.core.main.TestCaseExecutor.runScript(TestCaseExecutor.java:448)
	at com.kms.katalon.core.main.TestCaseExecutor.doExecute(TestCaseExecutor.java:439)
	at com.kms.katalon.core.main.TestCaseExecutor.processExecutionPhase(TestCaseExecutor.java:418)
	at com.kms.katalon.core.main.TestCaseExecutor.accessMainPhase(TestCaseExecutor.java:410)
	at com.kms.katalon.core.main.TestCaseExecutor.execute(TestCaseExecutor.java:285)
	at com.kms.katalon.core.common.CommonExecutor.accessTestCaseMainPhase(CommonExecutor.java:65)
	at com.kms.katalon.core.main.TestSuiteExecutor.accessTestSuiteMainPhase(TestSuiteExecutor.java:150)
	at com.kms.katalon.core.main.TestSuiteExecutor.execute(TestSuiteExecutor.java:106)
	at com.kms.katalon.core.main.TestCaseMain.startTestSuite(TestCaseMain.java:180)
	at TempTestSuite1729215855985.run(TempTestSuite1729215855985.groovy:35)
	at java.base/jdk.internal.reflect.NativeMethodAccessorImpl.invoke0(Native Method)
	at java.base/jdk.internal.reflect.NativeMethodAccessorImpl.invoke(NativeMethodAccessorImpl.java:77)
	at java.base/jdk.internal.reflect.DelegatingMethodAccessorImpl.invoke(DelegatingMethodAccessorImpl.java:43)
)

18-10-2024T06:26:55 - [TEST_STEP][PASSED] - else: null

18-10-2024T06:26:55 - [TEST_STEP][PASSED] - otobrajeniyeDannyh = "Все": null

18-10-2024T06:26:55 - [TEST_STEP][PASSED] - vidget = "Всего отклонения по факторам": null

18-10-2024T06:26:55 - [TEST_STEP][PASSED] - Script1719551244403.WriteToExcel(todaysDate, typeOfData, otobrajeniyeDannyh, x, y, vidget, DZO): null

18-10-2024T06:26:55 - [TEST_STEP][PASSED] - sheetName = "Sheet1": null

18-10-2024T06:26:55 - [TEST_STEP][PASSED] - data = findTestData("PlanFact"): null

18-10-2024T06:26:55 - [TEST_STEP][PASSED] - n = data.getRowNumbers() + 1: null

18-10-2024T06:26:55 - [TEST_STEP][PASSED] - period = getText(findTestObject("Факторный анализ/Фильтр Период")): Text of object 'Object Repository/Факторный анализ/Фильтр Период' is: 'Июль, Август и 1, 2 кв. 2024 года'

18-10-2024T06:26:55 - [MESSAGE][PASSED] - Text of object 'Object Repository/Факторный анализ/Фильтр Период' is: 'Июль, Август и 1, 2 кв. 2024 года'

18-10-2024T06:26:55 - [TEST_STEP][PASSED] - println(period): null

18-10-2024T06:26:55 - [TEST_STEP][PASSED] - dashboardName = "Факторный анализ": null

18-10-2024T06:26:55 - [TEST_STEP][PASSED] - workbook01 = getWorkbook(excelFilePath): null

18-10-2024T06:26:56 - [TEST_STEP][PASSED] - sheet01 = getExcelSheet(workbook01, sheetName): null

18-10-2024T06:26:56 - [TEST_STEP][PASSED] - setValueToCellByIndex(sheet01, n, 0, dashboardName): null

18-10-2024T06:26:56 - [TEST_STEP][PASSED] - setValueToCellByIndex(sheet01, n, 1, DZO): null

18-10-2024T06:26:56 - [TEST_STEP][PASSED] - setValueToCellByIndex(sheet01, n, 2, vidget): null

18-10-2024T06:26:56 - [TEST_STEP][PASSED] - setValueToCellByIndex(sheet01, n, 3, typeOfData): null

18-10-2024T06:26:56 - [TEST_STEP][PASSED] - setValueToCellByIndex(sheet01, n, 4, otobrajeniyeDannyh): null

18-10-2024T06:26:56 - [TEST_STEP][PASSED] - setValueToCellByIndex(sheet01, n, 5, period): null

18-10-2024T06:26:56 - [TEST_STEP][PASSED] - setValueToCellByIndex(sheet01, n, 6, todaysDate): null

18-10-2024T06:26:56 - [TEST_STEP][PASSED] - n = n + 1: null

18-10-2024T06:26:56 - [TEST_STEP][PASSED] - saveWorkbook(excelFilePath, workbook01): null

18-10-2024T06:26:56 - [TEST_STEP][PASSED] - DZO = "Россети Урал (ГК)": null

18-10-2024T06:26:56 - [TEST_STEP][PASSED] - Script1719551244403.CompareDZO(x = UrA, y = UrB, run, typeOfData, otobrajeniyeDannyh, todaysDate, vidget, DZO): null

18-10-2024T06:26:56 - [TEST_STEP][PASSED] - x1 = x: null

18-10-2024T06:26:56 - [TEST_STEP][PASSED] - y1 = y: null

18-10-2024T06:26:56 - [TEST_STEP][PASSED] - i1 = <not implemented yet for class: org.codehaus.groovy.ast.expr.EmptyExpression>: null

18-10-2024T06:26:56 - [TEST_STEP][FAILED] - if (verifyEqual(x, y) == true): Unable to verify equal between actual object '57 812  419    620  198 891 181 893  608' and expected object '3 033  419    620  198 891 181 893  608' (Root cause: com.kms.katalon.core.exception.StepFailedException: Actual object '57 812  419    620  198 891 181 893  608' and expected object '3 033  419    620  198 891 181 893  608' are not equal
	at com.kms.katalon.core.keyword.builtin.VerifyEqualKeyword$_verifyEqual_closure1.doCall(VerifyEqualKeyword.groovy:58)
	at com.kms.katalon.core.keyword.builtin.VerifyEqualKeyword$_verifyEqual_closure1.call(VerifyEqualKeyword.groovy)
	at com.kms.katalon.core.keyword.internal.KeywordMain.runKeyword(KeywordMain.groovy:75)
	at com.kms.katalon.core.keyword.builtin.VerifyEqualKeyword.verifyEqual(VerifyEqualKeyword.groovy:63)
	at com.kms.katalon.core.keyword.builtin.VerifyEqualKeyword.execute(VerifyEqualKeyword.groovy:44)
	at com.kms.katalon.core.keyword.internal.KeywordExecutor.executeKeywordForPlatform(KeywordExecutor.groovy:74)
	at com.kms.katalon.core.keyword.BuiltinKeywords.verifyEqual(BuiltinKeywords.groovy:146)
	at jdk.internal.reflect.GeneratedMethodAccessor21.invoke(Unknown Source)
	at java.base/jdk.internal.reflect.DelegatingMethodAccessorImpl.invoke(DelegatingMethodAccessorImpl.java:43)
	at Факторный анализ сверка дашбордов.CompareDZO(Факторный анализ сверка дашбордов:689)
	at Факторный анализ сверка дашбордов.Test(Факторный анализ сверка дашбордов:643)
	at Факторный анализ сверка дашбордов.run(Факторный анализ сверка дашбордов:44)
	at com.kms.katalon.core.main.ScriptEngine.run(ScriptEngine.java:194)
	at com.kms.katalon.core.main.ScriptEngine.runScriptAsRawText(ScriptEngine.java:119)
	at com.kms.katalon.core.main.TestCaseExecutor.runScript(TestCaseExecutor.java:448)
	at com.kms.katalon.core.main.TestCaseExecutor.doExecute(TestCaseExecutor.java:439)
	at com.kms.katalon.core.main.TestCaseExecutor.processExecutionPhase(TestCaseExecutor.java:418)
	at com.kms.katalon.core.main.TestCaseExecutor.accessMainPhase(TestCaseExecutor.java:410)
	at com.kms.katalon.core.main.TestCaseExecutor.execute(TestCaseExecutor.java:285)
	at com.kms.katalon.core.common.CommonExecutor.accessTestCaseMainPhase(CommonExecutor.java:65)
	at com.kms.katalon.core.main.TestSuiteExecutor.accessTestSuiteMainPhase(TestSuiteExecutor.java:150)
	at com.kms.katalon.core.main.TestSuiteExecutor.execute(TestSuiteExecutor.java:106)
	at com.kms.katalon.core.main.TestCaseMain.startTestSuite(TestCaseMain.java:180)
	at TempTestSuite1729215855985.run(TempTestSuite1729215855985.groovy:35)
	at java.base/jdk.internal.reflect.NativeMethodAccessorImpl.invoke0(Native Method)
	at java.base/jdk.internal.reflect.NativeMethodAccessorImpl.invoke(NativeMethodAccessorImpl.java:77)
	at java.base/jdk.internal.reflect.DelegatingMethodAccessorImpl.invoke(DelegatingMethodAccessorImpl.java:43)
)

18-10-2024T06:26:56 - [MESSAGE][FAILED] - Unable to verify equal between actual object '57 812  419    620  198 891 181 893  608' and expected object '3 033  419    620  198 891 181 893  608' (Root cause: com.kms.katalon.core.exception.StepFailedException: Actual object '57 812  419    620  198 891 181 893  608' and expected object '3 033  419    620  198 891 181 893  608' are not equal
	at com.kms.katalon.core.keyword.builtin.VerifyEqualKeyword$_verifyEqual_closure1.doCall(VerifyEqualKeyword.groovy:58)
	at com.kms.katalon.core.keyword.builtin.VerifyEqualKeyword$_verifyEqual_closure1.call(VerifyEqualKeyword.groovy)
	at com.kms.katalon.core.keyword.internal.KeywordMain.runKeyword(KeywordMain.groovy:75)
	at com.kms.katalon.core.keyword.builtin.VerifyEqualKeyword.verifyEqual(VerifyEqualKeyword.groovy:63)
	at com.kms.katalon.core.keyword.builtin.VerifyEqualKeyword.execute(VerifyEqualKeyword.groovy:44)
	at com.kms.katalon.core.keyword.internal.KeywordExecutor.executeKeywordForPlatform(KeywordExecutor.groovy:74)
	at com.kms.katalon.core.keyword.BuiltinKeywords.verifyEqual(BuiltinKeywords.groovy:146)
	at jdk.internal.reflect.GeneratedMethodAccessor21.invoke(Unknown Source)
	at java.base/jdk.internal.reflect.DelegatingMethodAccessorImpl.invoke(DelegatingMethodAccessorImpl.java:43)
	at Факторный анализ сверка дашбордов.CompareDZO(Факторный анализ сверка дашбордов:689)
	at Факторный анализ сверка дашбордов.Test(Факторный анализ сверка дашбордов:643)
	at Факторный анализ сверка дашбордов.run(Факторный анализ сверка дашбордов:44)
	at com.kms.katalon.core.main.ScriptEngine.run(ScriptEngine.java:194)
	at com.kms.katalon.core.main.ScriptEngine.runScriptAsRawText(ScriptEngine.java:119)
	at com.kms.katalon.core.main.TestCaseExecutor.runScript(TestCaseExecutor.java:448)
	at com.kms.katalon.core.main.TestCaseExecutor.doExecute(TestCaseExecutor.java:439)
	at com.kms.katalon.core.main.TestCaseExecutor.processExecutionPhase(TestCaseExecutor.java:418)
	at com.kms.katalon.core.main.TestCaseExecutor.accessMainPhase(TestCaseExecutor.java:410)
	at com.kms.katalon.core.main.TestCaseExecutor.execute(TestCaseExecutor.java:285)
	at com.kms.katalon.core.common.CommonExecutor.accessTestCaseMainPhase(CommonExecutor.java:65)
	at com.kms.katalon.core.main.TestSuiteExecutor.accessTestSuiteMainPhase(TestSuiteExecutor.java:150)
	at com.kms.katalon.core.main.TestSuiteExecutor.execute(TestSuiteExecutor.java:106)
	at com.kms.katalon.core.main.TestCaseMain.startTestSuite(TestCaseMain.java:180)
	at TempTestSuite1729215855985.run(TempTestSuite1729215855985.groovy:35)
	at java.base/jdk.internal.reflect.NativeMethodAccessorImpl.invoke0(Native Method)
	at java.base/jdk.internal.reflect.NativeMethodAccessorImpl.invoke(NativeMethodAccessorImpl.java:77)
	at java.base/jdk.internal.reflect.DelegatingMethodAccessorImpl.invoke(DelegatingMethodAccessorImpl.java:43)
)

18-10-2024T06:26:56 - [TEST_STEP][PASSED] - else: null

18-10-2024T06:26:56 - [TEST_STEP][PASSED] - otobrajeniyeDannyh = "Все": null

18-10-2024T06:26:56 - [TEST_STEP][PASSED] - vidget = "Всего отклонения по факторам": null

18-10-2024T06:26:56 - [TEST_STEP][PASSED] - Script1719551244403.WriteToExcel(todaysDate, typeOfData, otobrajeniyeDannyh, x, y, vidget, DZO): null

18-10-2024T06:26:56 - [TEST_STEP][PASSED] - sheetName = "Sheet1": null

18-10-2024T06:26:56 - [TEST_STEP][PASSED] - data = findTestData("PlanFact"): null

18-10-2024T06:26:56 - [TEST_STEP][PASSED] - n = data.getRowNumbers() + 1: null

18-10-2024T06:26:56 - [TEST_STEP][PASSED] - period = getText(findTestObject("Факторный анализ/Фильтр Период")): Text of object 'Object Repository/Факторный анализ/Фильтр Период' is: 'Июль, Август и 1, 2 кв. 2024 года'

18-10-2024T06:26:56 - [MESSAGE][PASSED] - Text of object 'Object Repository/Факторный анализ/Фильтр Период' is: 'Июль, Август и 1, 2 кв. 2024 года'

18-10-2024T06:26:56 - [TEST_STEP][PASSED] - println(period): null

18-10-2024T06:26:56 - [TEST_STEP][PASSED] - dashboardName = "Факторный анализ": null

18-10-2024T06:26:56 - [TEST_STEP][PASSED] - workbook01 = getWorkbook(excelFilePath): null

18-10-2024T06:26:56 - [TEST_STEP][PASSED] - sheet01 = getExcelSheet(workbook01, sheetName): null

18-10-2024T06:26:56 - [TEST_STEP][PASSED] - setValueToCellByIndex(sheet01, n, 0, dashboardName): null

18-10-2024T06:26:56 - [TEST_STEP][PASSED] - setValueToCellByIndex(sheet01, n, 1, DZO): null

18-10-2024T06:26:56 - [TEST_STEP][PASSED] - setValueToCellByIndex(sheet01, n, 2, vidget): null

18-10-2024T06:26:56 - [TEST_STEP][PASSED] - setValueToCellByIndex(sheet01, n, 3, typeOfData): null

18-10-2024T06:26:56 - [TEST_STEP][PASSED] - setValueToCellByIndex(sheet01, n, 4, otobrajeniyeDannyh): null

18-10-2024T06:26:56 - [TEST_STEP][PASSED] - setValueToCellByIndex(sheet01, n, 5, period): null

18-10-2024T06:26:56 - [TEST_STEP][PASSED] - setValueToCellByIndex(sheet01, n, 6, todaysDate): null

18-10-2024T06:26:56 - [TEST_STEP][PASSED] - n = n + 1: null

18-10-2024T06:26:56 - [TEST_STEP][PASSED] - saveWorkbook(excelFilePath, workbook01): null

18-10-2024T06:26:56 - [TEST_STEP][PASSED] - DZO = "Россети ФСК ЕЭС": null

18-10-2024T06:26:56 - [TEST_STEP][PASSED] - Script1719551244403.CompareDZO(x = FSKA, y = FSKB, run, typeOfData, otobrajeniyeDannyh, todaysDate, vidget, DZO): null

18-10-2024T06:26:56 - [TEST_STEP][PASSED] - x1 = x: null

18-10-2024T06:26:56 - [TEST_STEP][PASSED] - y1 = y: null

18-10-2024T06:26:56 - [TEST_STEP][PASSED] - i1 = <not implemented yet for class: org.codehaus.groovy.ast.expr.EmptyExpression>: null

18-10-2024T06:26:56 - [TEST_STEP][PASSED] - if (verifyEqual(x, y) == true): null

18-10-2024T06:26:56 - [MESSAGE][PASSED] - Actual object '893  608       8 451 7 098' and expected object '893  608       8 451 7 098' are equal

18-10-2024T06:26:56 - [TEST_STEP][PASSED] - DZO = "Центр": null

18-10-2024T06:26:56 - [TEST_STEP][PASSED] - Script1719551244403.CompareDZO(x = CenA, y = CenB, run, typeOfData, otobrajeniyeDannyh, todaysDate, vidget, DZO): null

18-10-2024T06:26:56 - [TEST_STEP][PASSED] - x1 = x: null

18-10-2024T06:26:56 - [TEST_STEP][PASSED] - y1 = y: null

18-10-2024T06:26:56 - [TEST_STEP][PASSED] - i1 = <not implemented yet for class: org.codehaus.groovy.ast.expr.EmptyExpression>: null

18-10-2024T06:26:56 - [TEST_STEP][FAILED] - if (verifyEqual(x, y) == true): Unable to verify equal between actual object '8 451 7 098   293 77 4 458 7 12 194 118 121 4 2 317 105 700  301 3 056 11 5 925 22 4 626 10 350 94 6 248 6' and expected object '8 451 7 098   293 77 94 7 546 118 121 4 148 70 700  301 160 12 121 22 254 10 350 94 568 16' (Root cause: com.kms.katalon.core.exception.StepFailedException: Actual object '8 451 7 098   293 77 4 458 7 12 194 118 121 4 2 317 105 700  301 3 056 11 5 925 22 4 626 10 350 94 6 248 6' and expected object '8 451 7 098   293 77 94 7 546 118 121 4 148 70 700  301 160 12 121 22 254 10 350 94 568 16' are not equal
	at com.kms.katalon.core.keyword.builtin.VerifyEqualKeyword$_verifyEqual_closure1.doCall(VerifyEqualKeyword.groovy:58)
	at com.kms.katalon.core.keyword.builtin.VerifyEqualKeyword$_verifyEqual_closure1.call(VerifyEqualKeyword.groovy)
	at com.kms.katalon.core.keyword.internal.KeywordMain.runKeyword(KeywordMain.groovy:75)
	at com.kms.katalon.core.keyword.builtin.VerifyEqualKeyword.verifyEqual(VerifyEqualKeyword.groovy:63)
	at com.kms.katalon.core.keyword.builtin.VerifyEqualKeyword.execute(VerifyEqualKeyword.groovy:44)
	at com.kms.katalon.core.keyword.internal.KeywordExecutor.executeKeywordForPlatform(KeywordExecutor.groovy:74)
	at com.kms.katalon.core.keyword.BuiltinKeywords.verifyEqual(BuiltinKeywords.groovy:146)
	at jdk.internal.reflect.GeneratedMethodAccessor21.invoke(Unknown Source)
	at java.base/jdk.internal.reflect.DelegatingMethodAccessorImpl.invoke(DelegatingMethodAccessorImpl.java:43)
	at Факторный анализ сверка дашбордов.CompareDZO(Факторный анализ сверка дашбордов:689)
	at Факторный анализ сверка дашбордов.Test(Факторный анализ сверка дашбордов:651)
	at Факторный анализ сверка дашбордов.run(Факторный анализ сверка дашбордов:44)
	at com.kms.katalon.core.main.ScriptEngine.run(ScriptEngine.java:194)
	at com.kms.katalon.core.main.ScriptEngine.runScriptAsRawText(ScriptEngine.java:119)
	at com.kms.katalon.core.main.TestCaseExecutor.runScript(TestCaseExecutor.java:448)
	at com.kms.katalon.core.main.TestCaseExecutor.doExecute(TestCaseExecutor.java:439)
	at com.kms.katalon.core.main.TestCaseExecutor.processExecutionPhase(TestCaseExecutor.java:418)
	at com.kms.katalon.core.main.TestCaseExecutor.accessMainPhase(TestCaseExecutor.java:410)
	at com.kms.katalon.core.main.TestCaseExecutor.execute(TestCaseExecutor.java:285)
	at com.kms.katalon.core.common.CommonExecutor.accessTestCaseMainPhase(CommonExecutor.java:65)
	at com.kms.katalon.core.main.TestSuiteExecutor.accessTestSuiteMainPhase(TestSuiteExecutor.java:150)
	at com.kms.katalon.core.main.TestSuiteExecutor.execute(TestSuiteExecutor.java:106)
	at com.kms.katalon.core.main.TestCaseMain.startTestSuite(TestCaseMain.java:180)
	at TempTestSuite1729215855985.run(TempTestSuite1729215855985.groovy:35)
	at java.base/jdk.internal.reflect.NativeMethodAccessorImpl.invoke0(Native Method)
	at java.base/jdk.internal.reflect.NativeMethodAccessorImpl.invoke(NativeMethodAccessorImpl.java:77)
	at java.base/jdk.internal.reflect.DelegatingMethodAccessorImpl.invoke(DelegatingMethodAccessorImpl.java:43)
)

18-10-2024T06:26:56 - [MESSAGE][FAILED] - Unable to verify equal between actual object '8 451 7 098   293 77 4 458 7 12 194 118 121 4 2 317 105 700  301 3 056 11 5 925 22 4 626 10 350 94 6 248 6' and expected object '8 451 7 098   293 77 94 7 546 118 121 4 148 70 700  301 160 12 121 22 254 10 350 94 568 16' (Root cause: com.kms.katalon.core.exception.StepFailedException: Actual object '8 451 7 098   293 77 4 458 7 12 194 118 121 4 2 317 105 700  301 3 056 11 5 925 22 4 626 10 350 94 6 248 6' and expected object '8 451 7 098   293 77 94 7 546 118 121 4 148 70 700  301 160 12 121 22 254 10 350 94 568 16' are not equal
	at com.kms.katalon.core.keyword.builtin.VerifyEqualKeyword$_verifyEqual_closure1.doCall(VerifyEqualKeyword.groovy:58)
	at com.kms.katalon.core.keyword.builtin.VerifyEqualKeyword$_verifyEqual_closure1.call(VerifyEqualKeyword.groovy)
	at com.kms.katalon.core.keyword.internal.KeywordMain.runKeyword(KeywordMain.groovy:75)
	at com.kms.katalon.core.keyword.builtin.VerifyEqualKeyword.verifyEqual(VerifyEqualKeyword.groovy:63)
	at com.kms.katalon.core.keyword.builtin.VerifyEqualKeyword.execute(VerifyEqualKeyword.groovy:44)
	at com.kms.katalon.core.keyword.internal.KeywordExecutor.executeKeywordForPlatform(KeywordExecutor.groovy:74)
	at com.kms.katalon.core.keyword.BuiltinKeywords.verifyEqual(BuiltinKeywords.groovy:146)
	at jdk.internal.reflect.GeneratedMethodAccessor21.invoke(Unknown Source)
	at java.base/jdk.internal.reflect.DelegatingMethodAccessorImpl.invoke(DelegatingMethodAccessorImpl.java:43)
	at Факторный анализ сверка дашбордов.CompareDZO(Факторный анализ сверка дашбордов:689)
	at Факторный анализ сверка дашбордов.Test(Факторный анализ сверка дашбордов:651)
	at Факторный анализ сверка дашбордов.run(Факторный анализ сверка дашбордов:44)
	at com.kms.katalon.core.main.ScriptEngine.run(ScriptEngine.java:194)
	at com.kms.katalon.core.main.ScriptEngine.runScriptAsRawText(ScriptEngine.java:119)
	at com.kms.katalon.core.main.TestCaseExecutor.runScript(TestCaseExecutor.java:448)
	at com.kms.katalon.core.main.TestCaseExecutor.doExecute(TestCaseExecutor.java:439)
	at com.kms.katalon.core.main.TestCaseExecutor.processExecutionPhase(TestCaseExecutor.java:418)
	at com.kms.katalon.core.main.TestCaseExecutor.accessMainPhase(TestCaseExecutor.java:410)
	at com.kms.katalon.core.main.TestCaseExecutor.execute(TestCaseExecutor.java:285)
	at com.kms.katalon.core.common.CommonExecutor.accessTestCaseMainPhase(CommonExecutor.java:65)
	at com.kms.katalon.core.main.TestSuiteExecutor.accessTestSuiteMainPhase(TestSuiteExecutor.java:150)
	at com.kms.katalon.core.main.TestSuiteExecutor.execute(TestSuiteExecutor.java:106)
	at com.kms.katalon.core.main.TestCaseMain.startTestSuite(TestCaseMain.java:180)
	at TempTestSuite1729215855985.run(TempTestSuite1729215855985.groovy:35)
	at java.base/jdk.internal.reflect.NativeMethodAccessorImpl.invoke0(Native Method)
	at java.base/jdk.internal.reflect.NativeMethodAccessorImpl.invoke(NativeMethodAccessorImpl.java:77)
	at java.base/jdk.internal.reflect.DelegatingMethodAccessorImpl.invoke(DelegatingMethodAccessorImpl.java:43)
)

18-10-2024T06:26:56 - [TEST_STEP][PASSED] - else: null

18-10-2024T06:26:56 - [TEST_STEP][PASSED] - otobrajeniyeDannyh = "Все": null

18-10-2024T06:26:56 - [TEST_STEP][PASSED] - vidget = "Всего отклонения по факторам": null

18-10-2024T06:26:56 - [TEST_STEP][PASSED] - Script1719551244403.WriteToExcel(todaysDate, typeOfData, otobrajeniyeDannyh, x, y, vidget, DZO): null

18-10-2024T06:26:56 - [TEST_STEP][PASSED] - sheetName = "Sheet1": null

18-10-2024T06:26:56 - [TEST_STEP][PASSED] - data = findTestData("PlanFact"): null

18-10-2024T06:26:56 - [TEST_STEP][PASSED] - n = data.getRowNumbers() + 1: null

18-10-2024T06:26:56 - [TEST_STEP][PASSED] - period = getText(findTestObject("Факторный анализ/Фильтр Период")): Text of object 'Object Repository/Факторный анализ/Фильтр Период' is: 'Июль, Август и 1, 2 кв. 2024 года'

18-10-2024T06:26:57 - [MESSAGE][PASSED] - Text of object 'Object Repository/Факторный анализ/Фильтр Период' is: 'Июль, Август и 1, 2 кв. 2024 года'

18-10-2024T06:26:57 - [TEST_STEP][PASSED] - println(period): null

18-10-2024T06:26:57 - [TEST_STEP][PASSED] - dashboardName = "Факторный анализ": null

18-10-2024T06:26:57 - [TEST_STEP][PASSED] - workbook01 = getWorkbook(excelFilePath): null

18-10-2024T06:26:57 - [TEST_STEP][PASSED] - sheet01 = getExcelSheet(workbook01, sheetName): null

18-10-2024T06:26:57 - [TEST_STEP][PASSED] - setValueToCellByIndex(sheet01, n, 0, dashboardName): null

18-10-2024T06:26:57 - [TEST_STEP][PASSED] - setValueToCellByIndex(sheet01, n, 1, DZO): null

18-10-2024T06:26:57 - [TEST_STEP][PASSED] - setValueToCellByIndex(sheet01, n, 2, vidget): null

18-10-2024T06:26:57 - [TEST_STEP][PASSED] - setValueToCellByIndex(sheet01, n, 3, typeOfData): null

18-10-2024T06:26:57 - [TEST_STEP][PASSED] - setValueToCellByIndex(sheet01, n, 4, otobrajeniyeDannyh): null

18-10-2024T06:26:57 - [TEST_STEP][PASSED] - setValueToCellByIndex(sheet01, n, 5, period): null

18-10-2024T06:26:57 - [TEST_STEP][PASSED] - setValueToCellByIndex(sheet01, n, 6, todaysDate): null

18-10-2024T06:26:57 - [TEST_STEP][PASSED] - n = n + 1: null

18-10-2024T06:26:57 - [TEST_STEP][PASSED] - saveWorkbook(excelFilePath, workbook01): null

18-10-2024T06:26:57 - [TEST_STEP][PASSED] - DZO = "Центр и Приволжье (ГК)": null

18-10-2024T06:26:57 - [TEST_STEP][PASSED] - Script1719551244403.CompareDZO(x = CiPA, y = CiPB, run, typeOfData, otobrajeniyeDannyh, todaysDate, vidget, DZO): null

18-10-2024T06:26:57 - [TEST_STEP][PASSED] - x1 = x: null

18-10-2024T06:26:57 - [TEST_STEP][PASSED] - y1 = y: null

18-10-2024T06:26:57 - [TEST_STEP][PASSED] - i1 = <not implemented yet for class: org.codehaus.groovy.ast.expr.EmptyExpression>: null

18-10-2024T06:26:57 - [TEST_STEP][FAILED] - if (verifyEqual(x, y) == true): Unable to verify equal between actual object '6 248 6      519 47 188 28 549 42 395 2 159 13 659 184 262 38 793  195 269 8' and expected object '568 16      519 47 188 28 549 42 395 2 159 13 659 184 262 38 793  195 269 8' (Root cause: com.kms.katalon.core.exception.StepFailedException: Actual object '6 248 6      519 47 188 28 549 42 395 2 159 13 659 184 262 38 793  195 269 8' and expected object '568 16      519 47 188 28 549 42 395 2 159 13 659 184 262 38 793  195 269 8' are not equal
	at com.kms.katalon.core.keyword.builtin.VerifyEqualKeyword$_verifyEqual_closure1.doCall(VerifyEqualKeyword.groovy:58)
	at com.kms.katalon.core.keyword.builtin.VerifyEqualKeyword$_verifyEqual_closure1.call(VerifyEqualKeyword.groovy)
	at com.kms.katalon.core.keyword.internal.KeywordMain.runKeyword(KeywordMain.groovy:75)
	at com.kms.katalon.core.keyword.builtin.VerifyEqualKeyword.verifyEqual(VerifyEqualKeyword.groovy:63)
	at com.kms.katalon.core.keyword.builtin.VerifyEqualKeyword.execute(VerifyEqualKeyword.groovy:44)
	at com.kms.katalon.core.keyword.internal.KeywordExecutor.executeKeywordForPlatform(KeywordExecutor.groovy:74)
	at com.kms.katalon.core.keyword.BuiltinKeywords.verifyEqual(BuiltinKeywords.groovy:146)
	at jdk.internal.reflect.GeneratedMethodAccessor21.invoke(Unknown Source)
	at java.base/jdk.internal.reflect.DelegatingMethodAccessorImpl.invoke(DelegatingMethodAccessorImpl.java:43)
	at Факторный анализ сверка дашбордов.CompareDZO(Факторный анализ сверка дашбордов:689)
	at Факторный анализ сверка дашбордов.Test(Факторный анализ сверка дашбордов:655)
	at Факторный анализ сверка дашбордов.run(Факторный анализ сверка дашбордов:44)
	at com.kms.katalon.core.main.ScriptEngine.run(ScriptEngine.java:194)
	at com.kms.katalon.core.main.ScriptEngine.runScriptAsRawText(ScriptEngine.java:119)
	at com.kms.katalon.core.main.TestCaseExecutor.runScript(TestCaseExecutor.java:448)
	at com.kms.katalon.core.main.TestCaseExecutor.doExecute(TestCaseExecutor.java:439)
	at com.kms.katalon.core.main.TestCaseExecutor.processExecutionPhase(TestCaseExecutor.java:418)
	at com.kms.katalon.core.main.TestCaseExecutor.accessMainPhase(TestCaseExecutor.java:410)
	at com.kms.katalon.core.main.TestCaseExecutor.execute(TestCaseExecutor.java:285)
	at com.kms.katalon.core.common.CommonExecutor.accessTestCaseMainPhase(CommonExecutor.java:65)
	at com.kms.katalon.core.main.TestSuiteExecutor.accessTestSuiteMainPhase(TestSuiteExecutor.java:150)
	at com.kms.katalon.core.main.TestSuiteExecutor.execute(TestSuiteExecutor.java:106)
	at com.kms.katalon.core.main.TestCaseMain.startTestSuite(TestCaseMain.java:180)
	at TempTestSuite1729215855985.run(TempTestSuite1729215855985.groovy:35)
	at java.base/jdk.internal.reflect.NativeMethodAccessorImpl.invoke0(Native Method)
	at java.base/jdk.internal.reflect.NativeMethodAccessorImpl.invoke(NativeMethodAccessorImpl.java:77)
	at java.base/jdk.internal.reflect.DelegatingMethodAccessorImpl.invoke(DelegatingMethodAccessorImpl.java:43)
)

18-10-2024T06:26:57 - [MESSAGE][FAILED] - Unable to verify equal between actual object '6 248 6      519 47 188 28 549 42 395 2 159 13 659 184 262 38 793  195 269 8' and expected object '568 16      519 47 188 28 549 42 395 2 159 13 659 184 262 38 793  195 269 8' (Root cause: com.kms.katalon.core.exception.StepFailedException: Actual object '6 248 6      519 47 188 28 549 42 395 2 159 13 659 184 262 38 793  195 269 8' and expected object '568 16      519 47 188 28 549 42 395 2 159 13 659 184 262 38 793  195 269 8' are not equal
	at com.kms.katalon.core.keyword.builtin.VerifyEqualKeyword$_verifyEqual_closure1.doCall(VerifyEqualKeyword.groovy:58)
	at com.kms.katalon.core.keyword.builtin.VerifyEqualKeyword$_verifyEqual_closure1.call(VerifyEqualKeyword.groovy)
	at com.kms.katalon.core.keyword.internal.KeywordMain.runKeyword(KeywordMain.groovy:75)
	at com.kms.katalon.core.keyword.builtin.VerifyEqualKeyword.verifyEqual(VerifyEqualKeyword.groovy:63)
	at com.kms.katalon.core.keyword.builtin.VerifyEqualKeyword.execute(VerifyEqualKeyword.groovy:44)
	at com.kms.katalon.core.keyword.internal.KeywordExecutor.executeKeywordForPlatform(KeywordExecutor.groovy:74)
	at com.kms.katalon.core.keyword.BuiltinKeywords.verifyEqual(BuiltinKeywords.groovy:146)
	at jdk.internal.reflect.GeneratedMethodAccessor21.invoke(Unknown Source)
	at java.base/jdk.internal.reflect.DelegatingMethodAccessorImpl.invoke(DelegatingMethodAccessorImpl.java:43)
	at Факторный анализ сверка дашбордов.CompareDZO(Факторный анализ сверка дашбордов:689)
	at Факторный анализ сверка дашбордов.Test(Факторный анализ сверка дашбордов:655)
	at Факторный анализ сверка дашбордов.run(Факторный анализ сверка дашбордов:44)
	at com.kms.katalon.core.main.ScriptEngine.run(ScriptEngine.java:194)
	at com.kms.katalon.core.main.ScriptEngine.runScriptAsRawText(ScriptEngine.java:119)
	at com.kms.katalon.core.main.TestCaseExecutor.runScript(TestCaseExecutor.java:448)
	at com.kms.katalon.core.main.TestCaseExecutor.doExecute(TestCaseExecutor.java:439)
	at com.kms.katalon.core.main.TestCaseExecutor.processExecutionPhase(TestCaseExecutor.java:418)
	at com.kms.katalon.core.main.TestCaseExecutor.accessMainPhase(TestCaseExecutor.java:410)
	at com.kms.katalon.core.main.TestCaseExecutor.execute(TestCaseExecutor.java:285)
	at com.kms.katalon.core.common.CommonExecutor.accessTestCaseMainPhase(CommonExecutor.java:65)
	at com.kms.katalon.core.main.TestSuiteExecutor.accessTestSuiteMainPhase(TestSuiteExecutor.java:150)
	at com.kms.katalon.core.main.TestSuiteExecutor.execute(TestSuiteExecutor.java:106)
	at com.kms.katalon.core.main.TestCaseMain.startTestSuite(TestCaseMain.java:180)
	at TempTestSuite1729215855985.run(TempTestSuite1729215855985.groovy:35)
	at java.base/jdk.internal.reflect.NativeMethodAccessorImpl.invoke0(Native Method)
	at java.base/jdk.internal.reflect.NativeMethodAccessorImpl.invoke(NativeMethodAccessorImpl.java:77)
	at java.base/jdk.internal.reflect.DelegatingMethodAccessorImpl.invoke(DelegatingMethodAccessorImpl.java:43)
)

18-10-2024T06:26:57 - [TEST_STEP][PASSED] - else: null

18-10-2024T06:26:57 - [TEST_STEP][PASSED] - otobrajeniyeDannyh = "Все": null

18-10-2024T06:26:57 - [TEST_STEP][PASSED] - vidget = "Всего отклонения по факторам": null

18-10-2024T06:26:57 - [TEST_STEP][PASSED] - Script1719551244403.WriteToExcel(todaysDate, typeOfData, otobrajeniyeDannyh, x, y, vidget, DZO): null

18-10-2024T06:26:57 - [TEST_STEP][PASSED] - sheetName = "Sheet1": null

18-10-2024T06:26:57 - [TEST_STEP][PASSED] - data = findTestData("PlanFact"): null

18-10-2024T06:26:57 - [TEST_STEP][PASSED] - n = data.getRowNumbers() + 1: null

18-10-2024T06:26:57 - [TEST_STEP][PASSED] - period = getText(findTestObject("Факторный анализ/Фильтр Период")): Text of object 'Object Repository/Факторный анализ/Фильтр Период' is: 'Июль, Август и 1, 2 кв. 2024 года'

18-10-2024T06:26:57 - [MESSAGE][PASSED] - Text of object 'Object Repository/Факторный анализ/Фильтр Период' is: 'Июль, Август и 1, 2 кв. 2024 года'

18-10-2024T06:26:57 - [TEST_STEP][PASSED] - println(period): null

18-10-2024T06:26:57 - [TEST_STEP][PASSED] - dashboardName = "Факторный анализ": null

18-10-2024T06:26:57 - [TEST_STEP][PASSED] - workbook01 = getWorkbook(excelFilePath): null

18-10-2024T06:26:58 - [TEST_STEP][PASSED] - sheet01 = getExcelSheet(workbook01, sheetName): null

18-10-2024T06:26:58 - [TEST_STEP][PASSED] - setValueToCellByIndex(sheet01, n, 0, dashboardName): null

18-10-2024T06:26:58 - [TEST_STEP][PASSED] - setValueToCellByIndex(sheet01, n, 1, DZO): null

18-10-2024T06:26:58 - [TEST_STEP][PASSED] - setValueToCellByIndex(sheet01, n, 2, vidget): null

18-10-2024T06:26:58 - [TEST_STEP][PASSED] - setValueToCellByIndex(sheet01, n, 3, typeOfData): null

18-10-2024T06:26:58 - [TEST_STEP][PASSED] - setValueToCellByIndex(sheet01, n, 4, otobrajeniyeDannyh): null

18-10-2024T06:26:58 - [TEST_STEP][PASSED] - setValueToCellByIndex(sheet01, n, 5, period): null

18-10-2024T06:26:58 - [TEST_STEP][PASSED] - setValueToCellByIndex(sheet01, n, 6, todaysDate): null

18-10-2024T06:26:58 - [TEST_STEP][PASSED] - n = n + 1: null

18-10-2024T06:26:58 - [TEST_STEP][PASSED] - saveWorkbook(excelFilePath, workbook01): null

18-10-2024T06:26:58 - [TEST_STEP][PASSED] - DZO = "Россети Юг (ГК)": null

18-10-2024T06:26:58 - [TEST_STEP][PASSED] - Script1719551244403.CompareDZO(x = UgA, y = UgB, run, typeOfData, otobrajeniyeDannyh, todaysDate, vidget, DZO): null

18-10-2024T06:26:58 - [TEST_STEP][PASSED] - x1 = x: null

18-10-2024T06:26:58 - [TEST_STEP][PASSED] - y1 = y: null

18-10-2024T06:26:58 - [TEST_STEP][PASSED] - i1 = <not implemented yet for class: org.codehaus.groovy.ast.expr.EmptyExpression>: null

18-10-2024T06:26:58 - [TEST_STEP][FAILED] - if (verifyEqual(x, y) == true): Unable to verify equal between actual object '269 8     3 002 24 4 589 69 8 020  274 1 313 5 16 272 11' and expected object '269 8     138 24 74 69 338  274 51 5 704 11' (Root cause: com.kms.katalon.core.exception.StepFailedException: Actual object '269 8     3 002 24 4 589 69 8 020  274 1 313 5 16 272 11' and expected object '269 8     138 24 74 69 338  274 51 5 704 11' are not equal
	at com.kms.katalon.core.keyword.builtin.VerifyEqualKeyword$_verifyEqual_closure1.doCall(VerifyEqualKeyword.groovy:58)
	at com.kms.katalon.core.keyword.builtin.VerifyEqualKeyword$_verifyEqual_closure1.call(VerifyEqualKeyword.groovy)
	at com.kms.katalon.core.keyword.internal.KeywordMain.runKeyword(KeywordMain.groovy:75)
	at com.kms.katalon.core.keyword.builtin.VerifyEqualKeyword.verifyEqual(VerifyEqualKeyword.groovy:63)
	at com.kms.katalon.core.keyword.builtin.VerifyEqualKeyword.execute(VerifyEqualKeyword.groovy:44)
	at com.kms.katalon.core.keyword.internal.KeywordExecutor.executeKeywordForPlatform(KeywordExecutor.groovy:74)
	at com.kms.katalon.core.keyword.BuiltinKeywords.verifyEqual(BuiltinKeywords.groovy:146)
	at jdk.internal.reflect.GeneratedMethodAccessor21.invoke(Unknown Source)
	at java.base/jdk.internal.reflect.DelegatingMethodAccessorImpl.invoke(DelegatingMethodAccessorImpl.java:43)
	at Факторный анализ сверка дашбордов.CompareDZO(Факторный анализ сверка дашбордов:689)
	at Факторный анализ сверка дашбордов.Test(Факторный анализ сверка дашбордов:659)
	at Факторный анализ сверка дашбордов.run(Факторный анализ сверка дашбордов:44)
	at com.kms.katalon.core.main.ScriptEngine.run(ScriptEngine.java:194)
	at com.kms.katalon.core.main.ScriptEngine.runScriptAsRawText(ScriptEngine.java:119)
	at com.kms.katalon.core.main.TestCaseExecutor.runScript(TestCaseExecutor.java:448)
	at com.kms.katalon.core.main.TestCaseExecutor.doExecute(TestCaseExecutor.java:439)
	at com.kms.katalon.core.main.TestCaseExecutor.processExecutionPhase(TestCaseExecutor.java:418)
	at com.kms.katalon.core.main.TestCaseExecutor.accessMainPhase(TestCaseExecutor.java:410)
	at com.kms.katalon.core.main.TestCaseExecutor.execute(TestCaseExecutor.java:285)
	at com.kms.katalon.core.common.CommonExecutor.accessTestCaseMainPhase(CommonExecutor.java:65)
	at com.kms.katalon.core.main.TestSuiteExecutor.accessTestSuiteMainPhase(TestSuiteExecutor.java:150)
	at com.kms.katalon.core.main.TestSuiteExecutor.execute(TestSuiteExecutor.java:106)
	at com.kms.katalon.core.main.TestCaseMain.startTestSuite(TestCaseMain.java:180)
	at TempTestSuite1729215855985.run(TempTestSuite1729215855985.groovy:35)
	at java.base/jdk.internal.reflect.NativeMethodAccessorImpl.invoke0(Native Method)
	at java.base/jdk.internal.reflect.NativeMethodAccessorImpl.invoke(NativeMethodAccessorImpl.java:77)
	at java.base/jdk.internal.reflect.DelegatingMethodAccessorImpl.invoke(DelegatingMethodAccessorImpl.java:43)
)

18-10-2024T06:26:58 - [MESSAGE][FAILED] - Unable to verify equal between actual object '269 8     3 002 24 4 589 69 8 020  274 1 313 5 16 272 11' and expected object '269 8     138 24 74 69 338  274 51 5 704 11' (Root cause: com.kms.katalon.core.exception.StepFailedException: Actual object '269 8     3 002 24 4 589 69 8 020  274 1 313 5 16 272 11' and expected object '269 8     138 24 74 69 338  274 51 5 704 11' are not equal
	at com.kms.katalon.core.keyword.builtin.VerifyEqualKeyword$_verifyEqual_closure1.doCall(VerifyEqualKeyword.groovy:58)
	at com.kms.katalon.core.keyword.builtin.VerifyEqualKeyword$_verifyEqual_closure1.call(VerifyEqualKeyword.groovy)
	at com.kms.katalon.core.keyword.internal.KeywordMain.runKeyword(KeywordMain.groovy:75)
	at com.kms.katalon.core.keyword.builtin.VerifyEqualKeyword.verifyEqual(VerifyEqualKeyword.groovy:63)
	at com.kms.katalon.core.keyword.builtin.VerifyEqualKeyword.execute(VerifyEqualKeyword.groovy:44)
	at com.kms.katalon.core.keyword.internal.KeywordExecutor.executeKeywordForPlatform(KeywordExecutor.groovy:74)
	at com.kms.katalon.core.keyword.BuiltinKeywords.verifyEqual(BuiltinKeywords.groovy:146)
	at jdk.internal.reflect.GeneratedMethodAccessor21.invoke(Unknown Source)
	at java.base/jdk.internal.reflect.DelegatingMethodAccessorImpl.invoke(DelegatingMethodAccessorImpl.java:43)
	at Факторный анализ сверка дашбордов.CompareDZO(Факторный анализ сверка дашбордов:689)
	at Факторный анализ сверка дашбордов.Test(Факторный анализ сверка дашбордов:659)
	at Факторный анализ сверка дашбордов.run(Факторный анализ сверка дашбордов:44)
	at com.kms.katalon.core.main.ScriptEngine.run(ScriptEngine.java:194)
	at com.kms.katalon.core.main.ScriptEngine.runScriptAsRawText(ScriptEngine.java:119)
	at com.kms.katalon.core.main.TestCaseExecutor.runScript(TestCaseExecutor.java:448)
	at com.kms.katalon.core.main.TestCaseExecutor.doExecute(TestCaseExecutor.java:439)
	at com.kms.katalon.core.main.TestCaseExecutor.processExecutionPhase(TestCaseExecutor.java:418)
	at com.kms.katalon.core.main.TestCaseExecutor.accessMainPhase(TestCaseExecutor.java:410)
	at com.kms.katalon.core.main.TestCaseExecutor.execute(TestCaseExecutor.java:285)
	at com.kms.katalon.core.common.CommonExecutor.accessTestCaseMainPhase(CommonExecutor.java:65)
	at com.kms.katalon.core.main.TestSuiteExecutor.accessTestSuiteMainPhase(TestSuiteExecutor.java:150)
	at com.kms.katalon.core.main.TestSuiteExecutor.execute(TestSuiteExecutor.java:106)
	at com.kms.katalon.core.main.TestCaseMain.startTestSuite(TestCaseMain.java:180)
	at TempTestSuite1729215855985.run(TempTestSuite1729215855985.groovy:35)
	at java.base/jdk.internal.reflect.NativeMethodAccessorImpl.invoke0(Native Method)
	at java.base/jdk.internal.reflect.NativeMethodAccessorImpl.invoke(NativeMethodAccessorImpl.java:77)
	at java.base/jdk.internal.reflect.DelegatingMethodAccessorImpl.invoke(DelegatingMethodAccessorImpl.java:43)
)

18-10-2024T06:26:58 - [TEST_STEP][PASSED] - else: null

18-10-2024T06:26:58 - [TEST_STEP][PASSED] - otobrajeniyeDannyh = "Все": null

18-10-2024T06:26:58 - [TEST_STEP][PASSED] - vidget = "Всего отклонения по факторам": null

18-10-2024T06:26:58 - [TEST_STEP][PASSED] - Script1719551244403.WriteToExcel(todaysDate, typeOfData, otobrajeniyeDannyh, x, y, vidget, DZO): null

18-10-2024T06:26:58 - [TEST_STEP][PASSED] - sheetName = "Sheet1": null

18-10-2024T06:26:58 - [TEST_STEP][PASSED] - data = findTestData("PlanFact"): null

18-10-2024T06:26:58 - [TEST_STEP][PASSED] - n = data.getRowNumbers() + 1: null

18-10-2024T06:26:58 - [TEST_STEP][PASSED] - period = getText(findTestObject("Факторный анализ/Фильтр Период")): Text of object 'Object Repository/Факторный анализ/Фильтр Период' is: 'Июль, Август и 1, 2 кв. 2024 года'

18-10-2024T06:26:58 - [MESSAGE][PASSED] - Text of object 'Object Repository/Факторный анализ/Фильтр Период' is: 'Июль, Август и 1, 2 кв. 2024 года'

18-10-2024T06:26:58 - [TEST_STEP][PASSED] - println(period): null

18-10-2024T06:26:58 - [TEST_STEP][PASSED] - dashboardName = "Факторный анализ": null

18-10-2024T06:26:58 - [TEST_STEP][PASSED] - workbook01 = getWorkbook(excelFilePath): null

18-10-2024T06:26:58 - [TEST_STEP][PASSED] - sheet01 = getExcelSheet(workbook01, sheetName): null

18-10-2024T06:26:58 - [TEST_STEP][PASSED] - setValueToCellByIndex(sheet01, n, 0, dashboardName): null

18-10-2024T06:26:58 - [TEST_STEP][PASSED] - setValueToCellByIndex(sheet01, n, 1, DZO): null

18-10-2024T06:26:58 - [TEST_STEP][PASSED] - setValueToCellByIndex(sheet01, n, 2, vidget): null

18-10-2024T06:26:58 - [TEST_STEP][PASSED] - setValueToCellByIndex(sheet01, n, 3, typeOfData): null

18-10-2024T06:26:58 - [TEST_STEP][PASSED] - setValueToCellByIndex(sheet01, n, 4, otobrajeniyeDannyh): null

18-10-2024T06:26:58 - [TEST_STEP][PASSED] - setValueToCellByIndex(sheet01, n, 5, period): null

18-10-2024T06:26:58 - [TEST_STEP][PASSED] - setValueToCellByIndex(sheet01, n, 6, todaysDate): null

18-10-2024T06:26:58 - [TEST_STEP][PASSED] - n = n + 1: null

18-10-2024T06:26:58 - [TEST_STEP][PASSED] - saveWorkbook(excelFilePath, workbook01): null

18-10-2024T06:26:59 - [TEST_STEP][PASSED] - DZO = "Россети Янтарь": null

18-10-2024T06:26:59 - [TEST_STEP][PASSED] - Script1719551244403.CompareDZO(x = YaA, y = YaB, run, typeOfData, otobrajeniyeDannyh, todaysDate, vidget, DZO): null

18-10-2024T06:26:59 - [TEST_STEP][PASSED] - x1 = x: null

18-10-2024T06:26:59 - [TEST_STEP][PASSED] - y1 = y: null

18-10-2024T06:26:59 - [TEST_STEP][PASSED] - i1 = <not implemented yet for class: org.codehaus.groovy.ast.expr.EmptyExpression>: null

18-10-2024T06:26:59 - [TEST_STEP][PASSED] - if (verifyEqual(x, y) == true): Actual object '273 37' and expected object '273 37' are equal

18-10-2024T06:26:59 - [MESSAGE][PASSED] - Actual object '273 37' and expected object '273 37' are equal

18-10-2024T06:26:59 - [TEST_STEP][PASSED] - closeBrowser(): Browser is closed

18-10-2024T06:26:59 - [MESSAGE][PASSED] - Browser is closed]]></system-out>
         <system-err><![CDATA[18-10-2024T06:23:38 - [TEST_CASE][FAILED] - Test Cases/Сверки дашбордов/Факторный анализ сверка дашбордов: Test Cases/Сверки дашбордов/Факторный анализ сверка дашбордов FAILED.
Reason:
com.kms.katalon.core.exception.StepFailedException: Unable to verify equal between actual object '-292398' and expected object '34997' (Root cause: com.kms.katalon.core.exception.StepFailedException: Actual object '-292398' and expected object '34997' are not equal
	at com.kms.katalon.core.keyword.builtin.VerifyEqualKeyword$_verifyEqual_closure1.doCall(VerifyEqualKeyword.groovy:58)
	at com.kms.katalon.core.keyword.builtin.VerifyEqualKeyword$_verifyEqual_closure1.call(VerifyEqualKeyword.groovy)
	at com.kms.katalon.core.keyword.internal.KeywordMain.runKeyword(KeywordMain.groovy:75)
	at com.kms.katalon.core.keyword.builtin.VerifyEqualKeyword.verifyEqual(VerifyEqualKeyword.groovy:63)
	at com.kms.katalon.core.keyword.builtin.VerifyEqualKeyword.execute(VerifyEqualKeyword.groovy:44)
	at com.kms.katalon.core.keyword.internal.KeywordExecutor.executeKeywordForPlatform(KeywordExecutor.groovy:74)
	at com.kms.katalon.core.keyword.BuiltinKeywords.verifyEqual(BuiltinKeywords.groovy:146)
	at jdk.internal.reflect.GeneratedMethodAccessor21.invoke(Unknown Source)
	at java.base/jdk.internal.reflect.DelegatingMethodAccessorImpl.invoke(DelegatingMethodAccessorImpl.java:43)
	at Факторный анализ сверка дашбордов.Compare(Факторный анализ сверка дашбордов:668)
	at Факторный анализ сверка дашбордов.Test(Факторный анализ сверка дашбордов:432)
	at Факторный анализ сверка дашбордов.run(Факторный анализ сверка дашбордов:44)
	at com.kms.katalon.core.main.ScriptEngine.run(ScriptEngine.java:194)
	at com.kms.katalon.core.main.ScriptEngine.runScriptAsRawText(ScriptEngine.java:119)
	at com.kms.katalon.core.main.TestCaseExecutor.runScript(TestCaseExecutor.java:448)
	at com.kms.katalon.core.main.TestCaseExecutor.doExecute(TestCaseExecutor.java:439)
	at com.kms.katalon.core.main.TestCaseExecutor.processExecutionPhase(TestCaseExecutor.java:418)
	at com.kms.katalon.core.main.TestCaseExecutor.accessMainPhase(TestCaseExecutor.java:410)
	at com.kms.katalon.core.main.TestCaseExecutor.execute(TestCaseExecutor.java:285)
	at com.kms.katalon.core.common.CommonExecutor.accessTestCaseMainPhase(CommonExecutor.java:65)
	at com.kms.katalon.core.main.TestSuiteExecutor.accessTestSuiteMainPhase(TestSuiteExecutor.java:150)
	at com.kms.katalon.core.main.TestSuiteExecutor.execute(TestSuiteExecutor.java:106)
	at com.kms.katalon.core.main.TestCaseMain.startTestSuite(TestCaseMain.java:180)
	at TempTestSuite1729215855985.run(TempTestSuite1729215855985.groovy:35)
	at java.base/jdk.internal.reflect.NativeMethodAccessorImpl.invoke0(Native Method)
	at java.base/jdk.internal.reflect.NativeMethodAccessorImpl.invoke(NativeMethodAccessorImpl.java:77)
	at java.base/jdk.internal.reflect.DelegatingMethodAccessorImpl.invoke(DelegatingMethodAccessorImpl.java:43)
)
	at com.kms.katalon.core.keyword.internal.KeywordMain.stepFailed(KeywordMain.groovy:39)
	at com.kms.katalon.core.keyword.internal.KeywordMain.stepFailed(KeywordMain.groovy)
	at com.kms.katalon.core.keyword.internal.KeywordMain.runKeyword(KeywordMain.groovy:77)
	at com.kms.katalon.core.keyword.builtin.VerifyEqualKeyword.verifyEqual(VerifyEqualKeyword.groovy:63)
	at com.kms.katalon.core.keyword.builtin.VerifyEqualKeyword.execute(VerifyEqualKeyword.groovy:44)
	at com.kms.katalon.core.keyword.internal.KeywordExecutor.executeKeywordForPlatform(KeywordExecutor.groovy:74)
	at com.kms.katalon.core.keyword.BuiltinKeywords.verifyEqual(BuiltinKeywords.groovy:146)
	at jdk.internal.reflect.GeneratedMethodAccessor21.invoke(Unknown Source)
	at java.base/jdk.internal.reflect.DelegatingMethodAccessorImpl.invoke(DelegatingMethodAccessorImpl.java:43)
	at Факторный анализ сверка дашбордов.Compare(Факторный анализ сверка дашбордов:668)
	at Факторный анализ сверка дашбордов.Test(Факторный анализ сверка дашбордов:432)
	at Факторный анализ сверка дашбордов.run(Факторный анализ сверка дашбордов:44)
	at com.kms.katalon.core.main.ScriptEngine.run(ScriptEngine.java:194)
	at com.kms.katalon.core.main.ScriptEngine.runScriptAsRawText(ScriptEngine.java:119)
	at com.kms.katalon.core.main.TestCaseExecutor.runScript(TestCaseExecutor.java:448)
	at com.kms.katalon.core.main.TestCaseExecutor.doExecute(TestCaseExecutor.java:439)
	at com.kms.katalon.core.main.TestCaseExecutor.processExecutionPhase(TestCaseExecutor.java:418)
	at com.kms.katalon.core.main.TestCaseExecutor.accessMainPhase(TestCaseExecutor.java:410)
	at com.kms.katalon.core.main.TestCaseExecutor.execute(TestCaseExecutor.java:285)
	at com.kms.katalon.core.common.CommonExecutor.accessTestCaseMainPhase(CommonExecutor.java:65)
	at com.kms.katalon.core.main.TestSuiteExecutor.accessTestSuiteMainPhase(TestSuiteExecutor.java:150)
	at com.kms.katalon.core.main.TestSuiteExecutor.execute(TestSuiteExecutor.java:106)
	at com.kms.katalon.core.main.TestCaseMain.startTestSuite(TestCaseMain.java:180)
	at TempTestSuite1729215855985.run(TempTestSuite1729215855985.groovy:35)
	at java.base/jdk.internal.reflect.NativeMethodAccessorImpl.invoke0(Native Method)
	at java.base/jdk.internal.reflect.NativeMethodAccessorImpl.invoke(NativeMethodAccessorImpl.java:77)
	at java.base/jdk.internal.reflect.DelegatingMethodAccessorImpl.invoke(DelegatingMethodAccessorImpl.java:43)
Caused by: com.kms.katalon.core.exception.StepFailedException: Actual object '-292398' and expected object '34997' are not equal
	at com.kms.katalon.core.keyword.builtin.VerifyEqualKeyword$_verifyEqual_closure1.doCall(VerifyEqualKeyword.groovy:58)
	at com.kms.katalon.core.keyword.builtin.VerifyEqualKeyword$_verifyEqual_closure1.call(VerifyEqualKeyword.groovy)
	at com.kms.katalon.core.keyword.internal.KeywordMain.runKeyword(KeywordMain.groovy:75)
	... 24 more]]></system-err>
      </testcase>
      <system-out><![CDATA[18-10-2024T04:44:20 - [TEST_SUITE][FAILED] - Сверка дашбордов из разных блоков: Test Cases/Сверки дашбордов/Выручка в рублях сверка дашбордов ПАО Россети FAILED.
Reason:
com.kms.katalon.core.exception.StepFailedException: Unable to verify equal between actual object '-23.85' and expected object '2.78' (Root cause: com.kms.katalon.core.exception.StepFailedException: Actual object '-23.85' and expected object '2.78' are not equal
	at com.kms.katalon.core.keyword.builtin.VerifyEqualKeyword$_verifyEqual_closure1.doCall(VerifyEqualKeyword.groovy:58)
	at com.kms.katalon.core.keyword.builtin.VerifyEqualKeyword$_verifyEqual_closure1.call(VerifyEqualKeyword.groovy)
	at com.kms.katalon.core.keyword.internal.KeywordMain.runKeyword(KeywordMain.groovy:75)
	at com.kms.katalon.core.keyword.builtin.VerifyEqualKeyword.verifyEqual(VerifyEqualKeyword.groovy:63)
	at com.kms.katalon.core.keyword.builtin.VerifyEqualKeyword.execute(VerifyEqualKeyword.groovy:44)
	at com.kms.katalon.core.keyword.internal.KeywordExecutor.executeKeywordForPlatform(KeywordExecutor.groovy:74)
	at com.kms.katalon.core.keyword.BuiltinKeywords.verifyEqual(BuiltinKeywords.groovy:146)
	at jdk.internal.reflect.GeneratedMethodAccessor21.invoke(Unknown Source)
	at java.base/jdk.internal.reflect.DelegatingMethodAccessorImpl.invoke(DelegatingMethodAccessorImpl.java:43)
	at Выручка в рублях сверка дашбордов ПАО Россети.Blocks(Выручка в рублях сверка дашбордов ПАО Россети:357)
	at Выручка в рублях сверка дашбордов ПАО Россети.ViruchkaChange(Выручка в рублях сверка дашбордов ПАО Россети:60)
	at Выручка в рублях сверка дашбордов ПАО Россети.run(Выручка в рублях сверка дашбордов ПАО Россети:55)
	at com.kms.katalon.core.main.ScriptEngine.run(ScriptEngine.java:194)
	at com.kms.katalon.core.main.ScriptEngine.runScriptAsRawText(ScriptEngine.java:119)
	at com.kms.katalon.core.main.TestCaseExecutor.runScript(TestCaseExecutor.java:448)
	at com.kms.katalon.core.main.TestCaseExecutor.doExecute(TestCaseExecutor.java:439)
	at com.kms.katalon.core.main.TestCaseExecutor.processExecutionPhase(TestCaseExecutor.java:418)
	at com.kms.katalon.core.main.TestCaseExecutor.accessMainPhase(TestCaseExecutor.java:410)
	at com.kms.katalon.core.main.TestCaseExecutor.execute(TestCaseExecutor.java:285)
	at com.kms.katalon.core.common.CommonExecutor.accessTestCaseMainPhase(CommonExecutor.java:65)
	at com.kms.katalon.core.main.TestSuiteExecutor.accessTestSuiteMainPhase(TestSuiteExecutor.java:150)
	at com.kms.katalon.core.main.TestSuiteExecutor.execute(TestSuiteExecutor.java:106)
	at com.kms.katalon.core.main.TestCaseMain.startTestSuite(TestCaseMain.java:180)
	at TempTestSuite1729215855985.run(TempTestSuite1729215855985.groovy:35)
	at java.base/jdk.internal.reflect.NativeMethodAccessorImpl.invoke0(Native Method)
	at java.base/jdk.internal.reflect.NativeMethodAccessorImpl.invoke(NativeMethodAccessorImpl.java:77)
	at java.base/jdk.internal.reflect.DelegatingMethodAccessorImpl.invoke(DelegatingMethodAccessorImpl.java:43)
)
	at com.kms.katalon.core.keyword.internal.KeywordMain.stepFailed(KeywordMain.groovy:39)
	at com.kms.katalon.core.keyword.internal.KeywordMain.stepFailed(KeywordMain.groovy)
	at com.kms.katalon.core.keyword.internal.KeywordMain.runKeyword(KeywordMain.groovy:77)
	at com.kms.katalon.core.keyword.builtin.VerifyEqualKeyword.verifyEqual(VerifyEqualKeyword.groovy:63)
	at com.kms.katalon.core.keyword.builtin.VerifyEqualKeyword.execute(VerifyEqualKeyword.groovy:44)
	at com.kms.katalon.core.keyword.internal.KeywordExecutor.executeKeywordForPlatform(KeywordExecutor.groovy:74)
	at com.kms.katalon.core.keyword.BuiltinKeywords.verifyEqual(BuiltinKeywords.groovy:146)
	at jdk.internal.reflect.GeneratedMethodAccessor21.invoke(Unknown Source)
	at java.base/jdk.internal.reflect.DelegatingMethodAccessorImpl.invoke(DelegatingMethodAccessorImpl.java:43)
	at Выручка в рублях сверка дашбордов ПАО Россети.Blocks(Выручка в рублях сверка дашбордов ПАО Россети:357)
	at Выручка в рублях сверка дашбордов ПАО Россети.ViruchkaChange(Выручка в рублях сверка дашбордов ПАО Россети:60)
	at Выручка в рублях сверка дашбордов ПАО Россети.run(Выручка в рублях сверка дашбордов ПАО Россети:55)
	at com.kms.katalon.core.main.ScriptEngine.run(ScriptEngine.java:194)
	at com.kms.katalon.core.main.ScriptEngine.runScriptAsRawText(ScriptEngine.java:119)
	at com.kms.katalon.core.main.TestCaseExecutor.runScript(TestCaseExecutor.java:448)
	at com.kms.katalon.core.main.TestCaseExecutor.doExecute(TestCaseExecutor.java:439)
	at com.kms.katalon.core.main.TestCaseExecutor.processExecutionPhase(TestCaseExecutor.java:418)
	at com.kms.katalon.core.main.TestCaseExecutor.accessMainPhase(TestCaseExecutor.java:410)
	at com.kms.katalon.core.main.TestCaseExecutor.execute(TestCaseExecutor.java:285)
	at com.kms.katalon.core.common.CommonExecutor.accessTestCaseMainPhase(CommonExecutor.java:65)
	at com.kms.katalon.core.main.TestSuiteExecutor.accessTestSuiteMainPhase(TestSuiteExecutor.java:150)
	at com.kms.katalon.core.main.TestSuiteExecutor.execute(TestSuiteExecutor.java:106)
	at com.kms.katalon.core.main.TestCaseMain.startTestSuite(TestCaseMain.java:180)
	at TempTestSuite1729215855985.run(TempTestSuite1729215855985.groovy:35)
	at java.base/jdk.internal.reflect.NativeMethodAccessorImpl.invoke0(Native Method)
	at java.base/jdk.internal.reflect.NativeMethodAccessorImpl.invoke(NativeMethodAccessorImpl.java:77)
	at java.base/jdk.internal.reflect.DelegatingMethodAccessorImpl.invoke(DelegatingMethodAccessorImpl.java:43)
Caused by: com.kms.katalon.core.exception.StepFailedException: Actual object '-23.85' and expected object '2.78' are not equal
	at com.kms.katalon.core.keyword.builtin.VerifyEqualKeyword$_verifyEqual_closure1.doCall(VerifyEqualKeyword.groovy:58)
	at com.kms.katalon.core.keyword.builtin.VerifyEqualKeyword$_verifyEqual_closure1.call(VerifyEqualKeyword.groovy)
	at com.kms.katalon.core.keyword.internal.KeywordMain.runKeyword(KeywordMain.groovy:75)
	... 24 more]]></system-out>
      <system-err><![CDATA[18-10-2024T04:44:20 - [TEST_SUITE][FAILED] - Сверка дашбордов из разных блоков: Test Cases/Сверки дашбордов/Выручка в рублях сверка дашбордов ПАО Россети FAILED.
Reason:
com.kms.katalon.core.exception.StepFailedException: Unable to verify equal between actual object '-23.85' and expected object '2.78' (Root cause: com.kms.katalon.core.exception.StepFailedException: Actual object '-23.85' and expected object '2.78' are not equal
	at com.kms.katalon.core.keyword.builtin.VerifyEqualKeyword$_verifyEqual_closure1.doCall(VerifyEqualKeyword.groovy:58)
	at com.kms.katalon.core.keyword.builtin.VerifyEqualKeyword$_verifyEqual_closure1.call(VerifyEqualKeyword.groovy)
	at com.kms.katalon.core.keyword.internal.KeywordMain.runKeyword(KeywordMain.groovy:75)
	at com.kms.katalon.core.keyword.builtin.VerifyEqualKeyword.verifyEqual(VerifyEqualKeyword.groovy:63)
	at com.kms.katalon.core.keyword.builtin.VerifyEqualKeyword.execute(VerifyEqualKeyword.groovy:44)
	at com.kms.katalon.core.keyword.internal.KeywordExecutor.executeKeywordForPlatform(KeywordExecutor.groovy:74)
	at com.kms.katalon.core.keyword.BuiltinKeywords.verifyEqual(BuiltinKeywords.groovy:146)
	at jdk.internal.reflect.GeneratedMethodAccessor21.invoke(Unknown Source)
	at java.base/jdk.internal.reflect.DelegatingMethodAccessorImpl.invoke(DelegatingMethodAccessorImpl.java:43)
	at Выручка в рублях сверка дашбордов ПАО Россети.Blocks(Выручка в рублях сверка дашбордов ПАО Россети:357)
	at Выручка в рублях сверка дашбордов ПАО Россети.ViruchkaChange(Выручка в рублях сверка дашбордов ПАО Россети:60)
	at Выручка в рублях сверка дашбордов ПАО Россети.run(Выручка в рублях сверка дашбордов ПАО Россети:55)
	at com.kms.katalon.core.main.ScriptEngine.run(ScriptEngine.java:194)
	at com.kms.katalon.core.main.ScriptEngine.runScriptAsRawText(ScriptEngine.java:119)
	at com.kms.katalon.core.main.TestCaseExecutor.runScript(TestCaseExecutor.java:448)
	at com.kms.katalon.core.main.TestCaseExecutor.doExecute(TestCaseExecutor.java:439)
	at com.kms.katalon.core.main.TestCaseExecutor.processExecutionPhase(TestCaseExecutor.java:418)
	at com.kms.katalon.core.main.TestCaseExecutor.accessMainPhase(TestCaseExecutor.java:410)
	at com.kms.katalon.core.main.TestCaseExecutor.execute(TestCaseExecutor.java:285)
	at com.kms.katalon.core.common.CommonExecutor.accessTestCaseMainPhase(CommonExecutor.java:65)
	at com.kms.katalon.core.main.TestSuiteExecutor.accessTestSuiteMainPhase(TestSuiteExecutor.java:150)
	at com.kms.katalon.core.main.TestSuiteExecutor.execute(TestSuiteExecutor.java:106)
	at com.kms.katalon.core.main.TestCaseMain.startTestSuite(TestCaseMain.java:180)
	at TempTestSuite1729215855985.run(TempTestSuite1729215855985.groovy:35)
	at java.base/jdk.internal.reflect.NativeMethodAccessorImpl.invoke0(Native Method)
	at java.base/jdk.internal.reflect.NativeMethodAccessorImpl.invoke(NativeMethodAccessorImpl.java:77)
	at java.base/jdk.internal.reflect.DelegatingMethodAccessorImpl.invoke(DelegatingMethodAccessorImpl.java:43)
)
	at com.kms.katalon.core.keyword.internal.KeywordMain.stepFailed(KeywordMain.groovy:39)
	at com.kms.katalon.core.keyword.internal.KeywordMain.stepFailed(KeywordMain.groovy)
	at com.kms.katalon.core.keyword.internal.KeywordMain.runKeyword(KeywordMain.groovy:77)
	at com.kms.katalon.core.keyword.builtin.VerifyEqualKeyword.verifyEqual(VerifyEqualKeyword.groovy:63)
	at com.kms.katalon.core.keyword.builtin.VerifyEqualKeyword.execute(VerifyEqualKeyword.groovy:44)
	at com.kms.katalon.core.keyword.internal.KeywordExecutor.executeKeywordForPlatform(KeywordExecutor.groovy:74)
	at com.kms.katalon.core.keyword.BuiltinKeywords.verifyEqual(BuiltinKeywords.groovy:146)
	at jdk.internal.reflect.GeneratedMethodAccessor21.invoke(Unknown Source)
	at java.base/jdk.internal.reflect.DelegatingMethodAccessorImpl.invoke(DelegatingMethodAccessorImpl.java:43)
	at Выручка в рублях сверка дашбордов ПАО Россети.Blocks(Выручка в рублях сверка дашбордов ПАО Россети:357)
	at Выручка в рублях сверка дашбордов ПАО Россети.ViruchkaChange(Выручка в рублях сверка дашбордов ПАО Россети:60)
	at Выручка в рублях сверка дашбордов ПАО Россети.run(Выручка в рублях сверка дашбордов ПАО Россети:55)
	at com.kms.katalon.core.main.ScriptEngine.run(ScriptEngine.java:194)
	at com.kms.katalon.core.main.ScriptEngine.runScriptAsRawText(ScriptEngine.java:119)
	at com.kms.katalon.core.main.TestCaseExecutor.runScript(TestCaseExecutor.java:448)
	at com.kms.katalon.core.main.TestCaseExecutor.doExecute(TestCaseExecutor.java:439)
	at com.kms.katalon.core.main.TestCaseExecutor.processExecutionPhase(TestCaseExecutor.java:418)
	at com.kms.katalon.core.main.TestCaseExecutor.accessMainPhase(TestCaseExecutor.java:410)
	at com.kms.katalon.core.main.TestCaseExecutor.execute(TestCaseExecutor.java:285)
	at com.kms.katalon.core.common.CommonExecutor.accessTestCaseMainPhase(CommonExecutor.java:65)
	at com.kms.katalon.core.main.TestSuiteExecutor.accessTestSuiteMainPhase(TestSuiteExecutor.java:150)
	at com.kms.katalon.core.main.TestSuiteExecutor.execute(TestSuiteExecutor.java:106)
	at com.kms.katalon.core.main.TestCaseMain.startTestSuite(TestCaseMain.java:180)
	at TempTestSuite1729215855985.run(TempTestSuite1729215855985.groovy:35)
	at java.base/jdk.internal.reflect.NativeMethodAccessorImpl.invoke0(Native Method)
	at java.base/jdk.internal.reflect.NativeMethodAccessorImpl.invoke(NativeMethodAccessorImpl.java:77)
	at java.base/jdk.internal.reflect.DelegatingMethodAccessorImpl.invoke(DelegatingMethodAccessorImpl.java:43)
Caused by: com.kms.katalon.core.exception.StepFailedException: Actual object '-23.85' and expected object '2.78' are not equal
	at com.kms.katalon.core.keyword.builtin.VerifyEqualKeyword$_verifyEqual_closure1.doCall(VerifyEqualKeyword.groovy:58)
	at com.kms.katalon.core.keyword.builtin.VerifyEqualKeyword$_verifyEqual_closure1.call(VerifyEqualKeyword.groovy)
	at com.kms.katalon.core.keyword.internal.KeywordMain.runKeyword(KeywordMain.groovy:75)
	... 24 more]]></system-err>
   </testsuite>
</testsuites>
