<?xml version="1.0" encoding="UTF-8"?>
<testsuites name="Сверка дашбордов из разных блоков" time="6261.152" tests="5" failures="3" errors="0">
   <testsuite name="Сверка дашбордов из разных блоков" tests="5" failures="3" errors="0" time="6261.152" skipped="0" timestamp="16-10-2024T06:53:28" hostname="liazgina-di - UVV-WS904-D.ot.ru" id="Test Suites/Пн-Ср-Пт/Сверка дашбордов из разных блоков">
      <properties>
         <property name="deviceName" value=""/>
         <property name="devicePlatform"/>
         <property name="logFolder" value="C:\\Users\\LIAZGINA-DI\\git\\SPORU\\Reports\\20241016_065321\\\u041F\u043D-\u0421\u0440-\u041F\u0442\\\u0421\u0432\u0435\u0440\u043A\u0430 \u0434\u0430\u0448\u0431\u043E\u0440\u0434\u043E\u0432 \u0438\u0437 \u0440\u0430\u0437\u043D\u044B\u0445 \u0431\u043B\u043E\u043A\u043E\u0432\\20241016_065321"/>
         <property name="logFiles" value="C:\\Users\\LIAZGINA-DI\\git\\SPORU\\Reports\\20241016_065321\\\u041F\u043D-\u0421\u0440-\u041F\u0442\\\u0421\u0432\u0435\u0440\u043A\u0430 \u0434\u0430\u0448\u0431\u043E\u0440\u0434\u043E\u0432 \u0438\u0437 \u0440\u0430\u0437\u043D\u044B\u0445 \u0431\u043B\u043E\u043A\u043E\u0432\\20241016_065321\\execution0.log, C:\\Users\\LIAZGINA-DI\\git\\SPORU\\Reports\\20241016_065321\\\u041F\u043D-\u0421\u0440-\u041F\u0442\\\u0421\u0432\u0435\u0440\u043A\u0430 \u0434\u0430\u0448\u0431\u043E\u0440\u0434\u043E\u0432 \u0438\u0437 \u0440\u0430\u0437\u043D\u044B\u0445 \u0431\u043B\u043E\u043A\u043E\u0432\\20241016_065321\\execution1.log"/>
         <property name="attachments" value="C:\\Users\\LIAZGINA-DI\\git\\SPORU\\Reports\\20241016_065321\\\u041F\u043D-\u0421\u0440-\u041F\u0442\\\u0421\u0432\u0435\u0440\u043A\u0430 \u0434\u0430\u0448\u0431\u043E\u0440\u0434\u043E\u0432 \u0438\u0437 \u0440\u0430\u0437\u043D\u044B\u0445 \u0431\u043B\u043E\u043A\u043E\u0432\\20241016_065321\\1729051259865.png"/>
         <property name="hostName" value="liazgina-di - UVV-WS904-D.ot.ru"/>
         <property name="os" value="Windows 10 64bit"/>
         <property name="katalonVersion" value="9.5.0.217"/>
         <property name="browser" value="Chrome 129.0.0.0"/>
         <property name="hostAddress" value="192.168.0.19"/>
         <property name="sessionId" value="817473eae66ae473938b5244751bc915"/>
         <property name="seleniumVersion" value="3.141.59"/>
         <property name="proxyInformation" value="ProxyInformation { proxyOption=NO_PROXY, proxyServerType=HTTP, username=, password=********, proxyServerAddress=, proxyServerPort=0, executionList=&quot;&quot;, isApplyToDesiredCapabilities=true }"/>
         <property name="platform" value="Windows 10"/>
      </properties>
      <testcase name="Test Cases/Сверки дашбордов/Выполнение бизнес-плана сверка дашбордов" time="696.747" classname="Test Cases/Сверки дашбордов/Выполнение бизнес-плана сверка дашбордов" status="FAILED">
         <failure type="FAILED" message="Test Cases/Сверки дашбордов/Выполнение бизнес-плана сверка дашбордов FAILED.&#xa;Reason:&#xa;com.kms.katalon.core.exception.StepFailedException: Unable to verify object is present (Root cause: com.kms.katalon.core.exception.StepFailedException: Unable to verify object is present&#xa;	at com.kms.katalon.core.webui.keyword.internal.WebUIKeywordMain.stepFailed(WebUIKeywordMain.groovy:64)&#xa;	at com.kms.katalon.core.webui.keyword.internal.WebUIKeywordMain.runKeyword(WebUIKeywordMain.groovy:26)&#xa;	at com.kms.katalon.core.webui.keyword.builtin.VerifyElementPresentKeyword.verifyElementPresent(VerifyElementPresentKeyword.groovy:92)&#xa;	at com.kms.katalon.core.webui.keyword.builtin.VerifyElementPresentKeyword.execute(VerifyElementPresentKeyword.groovy:68)&#xa;	at com.kms.katalon.core.keyword.internal.KeywordExecutor.executeKeywordForPlatform(KeywordExecutor.groovy:74)&#xa;	at com.kms.katalon.core.webui.keyword.WebUiBuiltInKeywords.verifyElementPresent(WebUiBuiltInKeywords.groovy:1503)&#xa;	at Выполнение бизнес-плана сверка дашбордов.GetAllPAOData(Выполнение бизнес-плана сверка дашбордов:862)&#xa;	at Выполнение бизнес-плана сверка дашбордов.run(Выполнение бизнес-плана сверка дашбордов:362)&#xa;	at com.kms.katalon.core.main.ScriptEngine.run(ScriptEngine.java:194)&#xa;	at com.kms.katalon.core.main.ScriptEngine.runScriptAsRawText(ScriptEngine.java:119)&#xa;	at com.kms.katalon.core.main.TestCaseExecutor.runScript(TestCaseExecutor.java:448)&#xa;	at com.kms.katalon.core.main.TestCaseExecutor.doExecute(TestCaseExecutor.java:439)&#xa;	at com.kms.katalon.core.main.TestCaseExecutor.processExecutionPhase(TestCaseExecutor.java:418)&#xa;	at com.kms.katalon.core.main.TestCaseExecutor.accessMainPhase(TestCaseExecutor.java:410)&#xa;	at com.kms.katalon.core.main.TestCaseExecutor.execute(TestCaseExecutor.java:285)&#xa;	at com.kms.katalon.core.common.CommonExecutor.accessTestCaseMainPhase(CommonExecutor.java:65)&#xa;	at com.kms.katalon.core.main.TestSuiteExecutor.accessTestSuiteMainPhase(TestSuiteExecutor.java:150)&#xa;	at com.kms.katalon.core.main.TestSuiteExecutor.execute(TestSuiteExecutor.java:106)&#xa;	at com.kms.katalon.core.main.TestCaseMain.startTestSuite(TestCaseMain.java:180)&#xa;	at TempTestSuite1729050801829.run(TempTestSuite1729050801829.groovy:35)&#xa;	at java.base/jdk.internal.reflect.NativeMethodAccessorImpl.invoke0(Native Method)&#xa;	at java.base/jdk.internal.reflect.NativeMethodAccessorImpl.invoke(NativeMethodAccessorImpl.java:77)&#xa;	at java.base/jdk.internal.reflect.DelegatingMethodAccessorImpl.invoke(DelegatingMethodAccessorImpl.java:43)&#xa;Caused by: java.lang.IllegalArgumentException: Object is null&#xa;	at com.kms.katalon.core.helper.KeywordHelper.checkTestObjectParameter(KeywordHelper.java:33)&#xa;	at com.kms.katalon.core.webui.keyword.builtin.VerifyElementPresentKeyword$_verifyElementPresent_closure1.doCall(VerifyElementPresentKeyword.groovy:76)&#xa;	at com.kms.katalon.core.webui.keyword.builtin.VerifyElementPresentKeyword$_verifyElementPresent_closure1.call(VerifyElementPresentKeyword.groovy)&#xa;	at com.kms.katalon.core.webui.keyword.internal.WebUIKeywordMain.runKeyword(WebUIKeywordMain.groovy:20)&#xa;	at com.kms.katalon.core.webui.keyword.builtin.VerifyElementPresentKeyword.verifyElementPresent(VerifyElementPresentKeyword.groovy:92)&#xa;	at com.kms.katalon.core.webui.keyword.builtin.VerifyElementPresentKeyword.execute(VerifyElementPresentKeyword.groovy:68)&#xa;	at com.kms.katalon.core.keyword.internal.KeywordExecutor.executeKeywordForPlatform(KeywordExecutor.groovy:74)&#xa;	at com.kms.katalon.core.webui.keyword.WebUiBuiltInKeywords.verifyElementPresent(WebUiBuiltInKeywords.groovy:1503)&#xa;	at Script1719299571342.GetAllPAOData(Script1719299571342.groovy:862)&#xa;	at Script1719299571342.run(Script1719299571342.groovy:362)&#xa;	... 15 more&#xa;)&#xa;	at com.kms.katalon.core.keyword.internal.KeywordMain.stepFailed(KeywordMain.groovy:39)&#xa;	at com.kms.katalon.core.webui.keyword.internal.WebUIKeywordMain.stepFailed(WebUIKeywordMain.groovy:64)&#xa;	at com.kms.katalon.core.webui.keyword.internal.WebUIKeywordMain.runKeyword(WebUIKeywordMain.groovy:26)&#xa;	at com.kms.katalon.core.webui.keyword.builtin.VerifyElementPresentKeyword.verifyElementPresent(VerifyElementPresentKeyword.groovy:92)&#xa;	at com.kms.katalon.core.webui.keyword.builtin.VerifyElementPresentKeyword.execute(VerifyElementPresentKeyword.groovy:68)&#xa;	at com.kms.katalon.core.keyword.internal.KeywordExecutor.executeKeywordForPlatform(KeywordExecutor.groovy:74)&#xa;	at com.kms.katalon.core.webui.keyword.WebUiBuiltInKeywords.verifyElementPresent(WebUiBuiltInKeywords.groovy:1503)&#xa;	at Выполнение бизнес-плана сверка дашбордов.GetAllPAOData(Выполнение бизнес-плана сверка дашбордов:862)&#xa;	at Выполнение бизнес-плана сверка дашбордов.run(Выполнение бизнес-плана сверка дашбордов:362)&#xa;	at com.kms.katalon.core.main.ScriptEngine.run(ScriptEngine.java:194)&#xa;	at com.kms.katalon.core.main.ScriptEngine.runScriptAsRawText(ScriptEngine.java:119)&#xa;	at com.kms.katalon.core.main.TestCaseExecutor.runScript(TestCaseExecutor.java:448)&#xa;	at com.kms.katalon.core.main.TestCaseExecutor.doExecute(TestCaseExecutor.java:439)&#xa;	at com.kms.katalon.core.main.TestCaseExecutor.processExecutionPhase(TestCaseExecutor.java:418)&#xa;	at com.kms.katalon.core.main.TestCaseExecutor.accessMainPhase(TestCaseExecutor.java:410)&#xa;	at com.kms.katalon.core.main.TestCaseExecutor.execute(TestCaseExecutor.java:285)&#xa;	at com.kms.katalon.core.common.CommonExecutor.accessTestCaseMainPhase(CommonExecutor.java:65)&#xa;	at com.kms.katalon.core.main.TestSuiteExecutor.accessTestSuiteMainPhase(TestSuiteExecutor.java:150)&#xa;	at com.kms.katalon.core.main.TestSuiteExecutor.execute(TestSuiteExecutor.java:106)&#xa;	at com.kms.katalon.core.main.TestCaseMain.startTestSuite(TestCaseMain.java:180)&#xa;	at TempTestSuite1729050801829.run(TempTestSuite1729050801829.groovy:35)&#xa;	at java.base/jdk.internal.reflect.NativeMethodAccessorImpl.invoke0(Native Method)&#xa;	at java.base/jdk.internal.reflect.NativeMethodAccessorImpl.invoke(NativeMethodAccessorImpl.java:77)&#xa;	at java.base/jdk.internal.reflect.DelegatingMethodAccessorImpl.invoke(DelegatingMethodAccessorImpl.java:43)&#xa;Caused by: com.kms.katalon.core.exception.StepFailedException: Unable to verify object is present&#xa;	... 23 more&#xa;Caused by: java.lang.IllegalArgumentException: Object is null&#xa;	at com.kms.katalon.core.helper.KeywordHelper.checkTestObjectParameter(KeywordHelper.java:33)&#xa;	at com.kms.katalon.core.webui.keyword.builtin.VerifyElementPresentKeyword$_verifyElementPresent_closure1.doCall(VerifyElementPresentKeyword.groovy:76)&#xa;	at com.kms.katalon.core.webui.keyword.builtin.VerifyElementPresentKeyword$_verifyElementPresent_closure1.call(VerifyElementPresentKeyword.groovy)&#xa;	at com.kms.katalon.core.webui.keyword.internal.WebUIKeywordMain.runKeyword(WebUIKeywordMain.groovy:20)&#xa;	... 21 more&#xa;"/>
         <system-out><![CDATA[16-10-2024T06:53:28 - [TEST_CASE][FAILED] - Test Cases/Сверки дашбордов/Выполнение бизнес-плана сверка дашбордов: Test Cases/Сверки дашбордов/Выполнение бизнес-плана сверка дашбордов FAILED.
Reason:
com.kms.katalon.core.exception.StepFailedException: Unable to verify object is present (Root cause: com.kms.katalon.core.exception.StepFailedException: Unable to verify object is present
	at com.kms.katalon.core.webui.keyword.internal.WebUIKeywordMain.stepFailed(WebUIKeywordMain.groovy:64)
	at com.kms.katalon.core.webui.keyword.internal.WebUIKeywordMain.runKeyword(WebUIKeywordMain.groovy:26)
	at com.kms.katalon.core.webui.keyword.builtin.VerifyElementPresentKeyword.verifyElementPresent(VerifyElementPresentKeyword.groovy:92)
	at com.kms.katalon.core.webui.keyword.builtin.VerifyElementPresentKeyword.execute(VerifyElementPresentKeyword.groovy:68)
	at com.kms.katalon.core.keyword.internal.KeywordExecutor.executeKeywordForPlatform(KeywordExecutor.groovy:74)
	at com.kms.katalon.core.webui.keyword.WebUiBuiltInKeywords.verifyElementPresent(WebUiBuiltInKeywords.groovy:1503)
	at Выполнение бизнес-плана сверка дашбордов.GetAllPAOData(Выполнение бизнес-плана сверка дашбордов:862)
	at Выполнение бизнес-плана сверка дашбордов.run(Выполнение бизнес-плана сверка дашбордов:362)
	at com.kms.katalon.core.main.ScriptEngine.run(ScriptEngine.java:194)
	at com.kms.katalon.core.main.ScriptEngine.runScriptAsRawText(ScriptEngine.java:119)
	at com.kms.katalon.core.main.TestCaseExecutor.runScript(TestCaseExecutor.java:448)
	at com.kms.katalon.core.main.TestCaseExecutor.doExecute(TestCaseExecutor.java:439)
	at com.kms.katalon.core.main.TestCaseExecutor.processExecutionPhase(TestCaseExecutor.java:418)
	at com.kms.katalon.core.main.TestCaseExecutor.accessMainPhase(TestCaseExecutor.java:410)
	at com.kms.katalon.core.main.TestCaseExecutor.execute(TestCaseExecutor.java:285)
	at com.kms.katalon.core.common.CommonExecutor.accessTestCaseMainPhase(CommonExecutor.java:65)
	at com.kms.katalon.core.main.TestSuiteExecutor.accessTestSuiteMainPhase(TestSuiteExecutor.java:150)
	at com.kms.katalon.core.main.TestSuiteExecutor.execute(TestSuiteExecutor.java:106)
	at com.kms.katalon.core.main.TestCaseMain.startTestSuite(TestCaseMain.java:180)
	at TempTestSuite1729050801829.run(TempTestSuite1729050801829.groovy:35)
	at java.base/jdk.internal.reflect.NativeMethodAccessorImpl.invoke0(Native Method)
	at java.base/jdk.internal.reflect.NativeMethodAccessorImpl.invoke(NativeMethodAccessorImpl.java:77)
	at java.base/jdk.internal.reflect.DelegatingMethodAccessorImpl.invoke(DelegatingMethodAccessorImpl.java:43)
Caused by: java.lang.IllegalArgumentException: Object is null
	at com.kms.katalon.core.helper.KeywordHelper.checkTestObjectParameter(KeywordHelper.java:33)
	at com.kms.katalon.core.webui.keyword.builtin.VerifyElementPresentKeyword$_verifyElementPresent_closure1.doCall(VerifyElementPresentKeyword.groovy:76)
	at com.kms.katalon.core.webui.keyword.builtin.VerifyElementPresentKeyword$_verifyElementPresent_closure1.call(VerifyElementPresentKeyword.groovy)
	at com.kms.katalon.core.webui.keyword.internal.WebUIKeywordMain.runKeyword(WebUIKeywordMain.groovy:20)
	at com.kms.katalon.core.webui.keyword.builtin.VerifyElementPresentKeyword.verifyElementPresent(VerifyElementPresentKeyword.groovy:92)
	at com.kms.katalon.core.webui.keyword.builtin.VerifyElementPresentKeyword.execute(VerifyElementPresentKeyword.groovy:68)
	at com.kms.katalon.core.keyword.internal.KeywordExecutor.executeKeywordForPlatform(KeywordExecutor.groovy:74)
	at com.kms.katalon.core.webui.keyword.WebUiBuiltInKeywords.verifyElementPresent(WebUiBuiltInKeywords.groovy:1503)
	at Script1719299571342.GetAllPAOData(Script1719299571342.groovy:862)
	at Script1719299571342.run(Script1719299571342.groovy:362)
	... 15 more
)
	at com.kms.katalon.core.keyword.internal.KeywordMain.stepFailed(KeywordMain.groovy:39)
	at com.kms.katalon.core.webui.keyword.internal.WebUIKeywordMain.stepFailed(WebUIKeywordMain.groovy:64)
	at com.kms.katalon.core.webui.keyword.internal.WebUIKeywordMain.runKeyword(WebUIKeywordMain.groovy:26)
	at com.kms.katalon.core.webui.keyword.builtin.VerifyElementPresentKeyword.verifyElementPresent(VerifyElementPresentKeyword.groovy:92)
	at com.kms.katalon.core.webui.keyword.builtin.VerifyElementPresentKeyword.execute(VerifyElementPresentKeyword.groovy:68)
	at com.kms.katalon.core.keyword.internal.KeywordExecutor.executeKeywordForPlatform(KeywordExecutor.groovy:74)
	at com.kms.katalon.core.webui.keyword.WebUiBuiltInKeywords.verifyElementPresent(WebUiBuiltInKeywords.groovy:1503)
	at Выполнение бизнес-плана сверка дашбордов.GetAllPAOData(Выполнение бизнес-плана сверка дашбордов:862)
	at Выполнение бизнес-плана сверка дашбордов.run(Выполнение бизнес-плана сверка дашбордов:362)
	at com.kms.katalon.core.main.ScriptEngine.run(ScriptEngine.java:194)
	at com.kms.katalon.core.main.ScriptEngine.runScriptAsRawText(ScriptEngine.java:119)
	at com.kms.katalon.core.main.TestCaseExecutor.runScript(TestCaseExecutor.java:448)
	at com.kms.katalon.core.main.TestCaseExecutor.doExecute(TestCaseExecutor.java:439)
	at com.kms.katalon.core.main.TestCaseExecutor.processExecutionPhase(TestCaseExecutor.java:418)
	at com.kms.katalon.core.main.TestCaseExecutor.accessMainPhase(TestCaseExecutor.java:410)
	at com.kms.katalon.core.main.TestCaseExecutor.execute(TestCaseExecutor.java:285)
	at com.kms.katalon.core.common.CommonExecutor.accessTestCaseMainPhase(CommonExecutor.java:65)
	at com.kms.katalon.core.main.TestSuiteExecutor.accessTestSuiteMainPhase(TestSuiteExecutor.java:150)
	at com.kms.katalon.core.main.TestSuiteExecutor.execute(TestSuiteExecutor.java:106)
	at com.kms.katalon.core.main.TestCaseMain.startTestSuite(TestCaseMain.java:180)
	at TempTestSuite1729050801829.run(TempTestSuite1729050801829.groovy:35)
	at java.base/jdk.internal.reflect.NativeMethodAccessorImpl.invoke0(Native Method)
	at java.base/jdk.internal.reflect.NativeMethodAccessorImpl.invoke(NativeMethodAccessorImpl.java:77)
	at java.base/jdk.internal.reflect.DelegatingMethodAccessorImpl.invoke(DelegatingMethodAccessorImpl.java:43)
Caused by: com.kms.katalon.core.exception.StepFailedException: Unable to verify object is present
	... 23 more
Caused by: java.lang.IllegalArgumentException: Object is null
	at com.kms.katalon.core.helper.KeywordHelper.checkTestObjectParameter(KeywordHelper.java:33)
	at com.kms.katalon.core.webui.keyword.builtin.VerifyElementPresentKeyword$_verifyElementPresent_closure1.doCall(VerifyElementPresentKeyword.groovy:76)
	at com.kms.katalon.core.webui.keyword.builtin.VerifyElementPresentKeyword$_verifyElementPresent_closure1.call(VerifyElementPresentKeyword.groovy)
	at com.kms.katalon.core.webui.keyword.internal.WebUIKeywordMain.runKeyword(WebUIKeywordMain.groovy:20)
	... 21 more


16-10-2024T06:53:30 - [TEST_STEP][PASSED] - date = new java.util.Date(): null

16-10-2024T06:53:30 - [TEST_STEP][PASSED] - todaysDate = date.format("dd.MM.yyyy"): null

16-10-2024T06:53:30 - [TEST_STEP][PASSED] - blockNum = <not implemented yet for class: org.codehaus.groovy.ast.expr.EmptyExpression>: null

16-10-2024T06:53:30 - [TEST_STEP][PASSED] - path = <not implemented yet for class: org.codehaus.groovy.ast.expr.EmptyExpression>: null

16-10-2024T06:53:30 - [TEST_STEP][PASSED] - typeOfData = <not implemented yet for class: org.codehaus.groovy.ast.expr.EmptyExpression>: null

16-10-2024T06:53:30 - [TEST_STEP][PASSED] - i = <not implemented yet for class: org.codehaus.groovy.ast.expr.EmptyExpression>: null

16-10-2024T06:53:30 - [TEST_STEP][PASSED] - dZO = <not implemented yet for class: org.codehaus.groovy.ast.expr.EmptyExpression>: null

16-10-2024T06:53:30 - [TEST_STEP][PASSED] - vidget = <not implemented yet for class: org.codehaus.groovy.ast.expr.EmptyExpression>: null

16-10-2024T06:53:30 - [TEST_STEP][PASSED] - tabR = <not implemented yet for class: org.codehaus.groovy.ast.expr.EmptyExpression>: null

16-10-2024T06:53:30 - [TEST_STEP][PASSED] - tabB = <not implemented yet for class: org.codehaus.groovy.ast.expr.EmptyExpression>: null

16-10-2024T06:53:30 - [TEST_STEP][PASSED] - o1R = <not implemented yet for class: org.codehaus.groovy.ast.expr.EmptyExpression>: null

16-10-2024T06:53:30 - [TEST_STEP][PASSED] - o1B = <not implemented yet for class: org.codehaus.groovy.ast.expr.EmptyExpression>: null

16-10-2024T06:53:30 - [TEST_STEP][PASSED] - PercPlanR = <not implemented yet for class: org.codehaus.groovy.ast.expr.EmptyExpression>: null

16-10-2024T06:53:30 - [TEST_STEP][PASSED] - PercPlanB = <not implemented yet for class: org.codehaus.groovy.ast.expr.EmptyExpression>: null

16-10-2024T06:53:30 - [TEST_STEP][PASSED] - PercFactR = <not implemented yet for class: org.codehaus.groovy.ast.expr.EmptyExpression>: null

16-10-2024T06:53:30 - [TEST_STEP][PASSED] - PercFactB = <not implemented yet for class: org.codehaus.groovy.ast.expr.EmptyExpression>: null

16-10-2024T06:53:30 - [TEST_STEP][PASSED] - pRR = "ПАО Россети/": null

16-10-2024T06:53:30 - [TEST_STEP][PASSED] - fR = "Россети ФСК ЕЭС/": null

16-10-2024T06:53:30 - [TEST_STEP][PASSED] - tyR = "АО "Тываэнерго"/": null

16-10-2024T06:53:30 - [TEST_STEP][PASSED] - chR = "Чеченэнерго": null

16-10-2024T06:53:30 - [TEST_STEP][PASSED] - vR = "Россети Волга/": null

16-10-2024T06:53:30 - [TEST_STEP][PASSED] - kR = "Россети Кубань/": null

16-10-2024T06:53:30 - [TEST_STEP][PASSED] - lR = "Россети Ленэнерго (ГК)/": null

16-10-2024T06:53:30 - [TEST_STEP][PASSED] - mR = "Россети Московский регион/": null

16-10-2024T06:53:30 - [TEST_STEP][PASSED] - sKR = "Россети Северный Кавказ (ГК)/": null

16-10-2024T06:53:30 - [TEST_STEP][PASSED] - sZR = "Россети Северо-Запад/": null

16-10-2024T06:53:30 - [TEST_STEP][PASSED] - siR = "Россети Сибирь (ГК)/": null

16-10-2024T06:53:30 - [TEST_STEP][PASSED] - tomR = "Россети Томск/": null

16-10-2024T06:53:30 - [TEST_STEP][PASSED] - tyumR = "Россети Тюмень/": null

16-10-2024T06:53:30 - [TEST_STEP][PASSED] - urR = "Россети Урал (ГК)/": null

16-10-2024T06:53:30 - [TEST_STEP][PASSED] - cenR = "Россети Центр (ГК)/": null

16-10-2024T06:53:30 - [TEST_STEP][PASSED] - cIPR = "Россети Центр и Приволжье (ГК)/": null

16-10-2024T06:53:30 - [TEST_STEP][PASSED] - ugR = "Россети Юг (ГК)/": null

16-10-2024T06:53:30 - [TEST_STEP][PASSED] - yR = "Россети Янтарь/": null

16-10-2024T06:53:30 - [TEST_STEP][PASSED] - pRB = "ПАО Россети/": null

16-10-2024T06:53:30 - [TEST_STEP][PASSED] - fB = "Россети ФСК ЕЭС/": null

16-10-2024T06:53:30 - [TEST_STEP][PASSED] - tyB = "АО "Тываэнерго"/": null

16-10-2024T06:53:30 - [TEST_STEP][PASSED] - chB = "Чеченэнерго": null

16-10-2024T06:53:30 - [TEST_STEP][PASSED] - vB = "Россети Волга/": null

16-10-2024T06:53:30 - [TEST_STEP][PASSED] - kB = "Россети Кубань/": null

16-10-2024T06:53:30 - [TEST_STEP][PASSED] - lB = "Россети Ленэнерго (ГК)/": null

16-10-2024T06:53:30 - [TEST_STEP][PASSED] - mB = "Россети Московский регион/": null

16-10-2024T06:53:30 - [TEST_STEP][PASSED] - sKB = "Россети Северный Кавказ (ГК)/": null

16-10-2024T06:53:30 - [TEST_STEP][PASSED] - sZB = "Россети Северо-Запад/": null

16-10-2024T06:53:30 - [TEST_STEP][PASSED] - siB = "Россети Сибирь (ГК)/": null

16-10-2024T06:53:30 - [TEST_STEP][PASSED] - tomB = "Россети Томск/": null

16-10-2024T06:53:30 - [TEST_STEP][PASSED] - tyumB = "Россети Тюмень/": null

16-10-2024T06:53:30 - [TEST_STEP][PASSED] - urB = "Россети Урал (ГК)/": null

16-10-2024T06:53:30 - [TEST_STEP][PASSED] - cenB = "Россети Центр (ГК)/": null

16-10-2024T06:53:30 - [TEST_STEP][PASSED] - cIPB = "Россети Центр и Приволжье (ГК)/": null

16-10-2024T06:53:30 - [TEST_STEP][PASSED] - ugB = "Россети Юг (ГК)/": null

16-10-2024T06:53:30 - [TEST_STEP][PASSED] - yB = "Россети Янтарь/": null

16-10-2024T06:53:30 - [TEST_STEP][PASSED] - VseDZO = <not implemented yet for class: org.codehaus.groovy.ast.expr.EmptyExpression>: null

16-10-2024T06:53:30 - [TEST_STEP][PASSED] - a = <not implemented yet for class: org.codehaus.groovy.ast.expr.EmptyExpression>: null

16-10-2024T06:53:30 - [TEST_STEP][PASSED] - b = <not implemented yet for class: org.codehaus.groovy.ast.expr.EmptyExpression>: null

16-10-2024T06:53:30 - [TEST_STEP][PASSED] - dZONum = 0: null

16-10-2024T06:53:30 - [TEST_STEP][PASSED] - x = <not implemented yet for class: org.codehaus.groovy.ast.expr.EmptyExpression>: null

16-10-2024T06:53:30 - [TEST_STEP][PASSED] - blockNum = 1: null

16-10-2024T06:53:30 - [TEST_STEP][PASSED] - path = "Object Repository/Выполнение бизнес-плана/": null

16-10-2024T06:53:30 - [TEST_STEP][PASSED] - Script1719299571342.Presettings(blockNum, path): null

16-10-2024T06:53:30 - [TEST_STEP][PASSED] - blockNumber = <not implemented yet for class: org.codehaus.groovy.ast.expr.EmptyExpression>: null

16-10-2024T06:53:30 - [TEST_STEP][PASSED] - urlText = <not implemented yet for class: org.codehaus.groovy.ast.expr.EmptyExpression>: null

16-10-2024T06:53:30 - [TEST_STEP][PASSED] - searchWord = <not implemented yet for class: org.codehaus.groovy.ast.expr.EmptyExpression>: null

16-10-2024T06:53:30 - [TEST_STEP][PASSED] - i = <not implemented yet for class: org.codehaus.groovy.ast.expr.EmptyExpression>: null

16-10-2024T06:53:30 - [TEST_STEP][PASSED] - ii = <not implemented yet for class: org.codehaus.groovy.ast.expr.EmptyExpression>: null

16-10-2024T06:53:30 - [TEST_STEP][PASSED] - openBrowser(""): Browser is opened with url: ''

16-10-2024T06:53:31 - [MESSAGE][INFO] - Starting 'Chrome' driver

16-10-2024T06:53:31 - [MESSAGE][INFO] - Action delay is set to 0 milliseconds

16-10-2024T06:53:34 - [MESSAGE][PASSED] - Browser is opened with url: ''

16-10-2024T06:53:34 - [TEST_STEP][PASSED] - if (blockNum == 1): null

16-10-2024T06:53:34 - [TEST_STEP][PASSED] - path = "Object Repository/Выполнение бизнес-плана/": null

16-10-2024T06:53:34 - [TEST_STEP][PASSED] - blockNumber = 1: null

16-10-2024T06:53:34 - [TEST_STEP][PASSED] - navigateToUrl(findTestData("PlanFact").getValue(10, blockNumber)): Navigate to 'https://bi.rosseti.digital/viewer?dashboardGuid=d154a8eaf6824e2b9de1bb04dd061c18&sheetGuid=1305e8ce744049e1abdacea1ea397a26&fit=true' successfully

16-10-2024T06:53:42 - [MESSAGE][PASSED] - Navigate to 'https://bi.rosseti.digital/viewer?dashboardGuid=d154a8eaf6824e2b9de1bb04dd061c18&sheetGuid=1305e8ce744049e1abdacea1ea397a26&fit=true' successfully

16-10-2024T06:53:42 - [TEST_STEP][PASSED] - urlText = getText(findTestObject("Страница авторизации/Text")): Text of object 'Object Repository/Страница авторизации/Text' is: 'Вход'

16-10-2024T06:53:43 - [MESSAGE][PASSED] - Text of object 'Object Repository/Страница авторизации/Text' is: 'Вход'

16-10-2024T06:53:43 - [TEST_STEP][PASSED] - delay(10): Delayed 10 second(s)

16-10-2024T06:53:53 - [MESSAGE][PASSED] - Delayed 10 second(s)

16-10-2024T06:53:53 - [TEST_STEP][PASSED] - searchWord = "Вход": null

16-10-2024T06:53:53 - [TEST_STEP][PASSED] - if (urlText.contains(searchWord) == false): null

16-10-2024T06:53:53 - [TEST_STEP][PASSED] - setText(findTestObject("Страница авторизации/input__username"), findTestData("PlanFact").getValue(8, 1)): Text 'shekhov-aa' is set on object 'Object Repository/Страница авторизации/input__username'

16-10-2024T06:53:54 - [MESSAGE][PASSED] - Text 'shekhov-aa' is set on object 'Object Repository/Страница авторизации/input__username'

16-10-2024T06:53:54 - [TEST_STEP][PASSED] - setText(findTestObject("Страница авторизации/input__password"), findTestData("PlanFact").getValue(9, 1)): Text 'i)RpQLLlXv9gUDC9' is set on object 'Object Repository/Страница авторизации/input__password'

16-10-2024T06:53:55 - [MESSAGE][PASSED] - Text 'i)RpQLLlXv9gUDC9' is set on object 'Object Repository/Страница авторизации/input__password'

16-10-2024T06:53:55 - [TEST_STEP][PASSED] - click(findTestObject("Страница авторизации/button_")): Object: 'Object Repository/Страница авторизации/button_' is clicked on

16-10-2024T06:53:58 - [MESSAGE][PASSED] - Object: 'Object Repository/Страница авторизации/button_' is clicked on

16-10-2024T06:53:58 - [TEST_STEP][PASSED] - delay(50): Delayed 50 second(s)

16-10-2024T06:54:48 - [MESSAGE][PASSED] - Delayed 50 second(s)

16-10-2024T06:54:48 - [TEST_STEP][PASSED] - searchWord = "ДЗО": null

16-10-2024T06:54:48 - [TEST_STEP][PASSED] - urlText = getText(findTestObject("Страница авторизации/Text")): Text of object 'Object Repository/Страница авторизации/Text' is: 'ДЗО 
Все
Период
1, 2 кв., Июль, Август 2024 года
Отклонения фактического уровня потерь от бизнес-плана, п.п.
-0.00
4.08
3.97
-0.09
0.08
-0.42
-0.19
АО «Тываэнерго»
АО «Чеченэнерго»
Россети Северный Кавказ
Россети Сибирь
Россети Тюмень
Россети Центр (ГК)
Россети Центр и Приволжье (ГК)
-1
0
1
2
3
4
5
6
7

Уровень потерь электроэнергии
АО «Тываэнерго»
АО «Чеченэнерго»
Россети Северный Кавказ
Россети Сибирь
Россети Тюмень
Россети Центр (ГК)
Россети Центр и Приволжье (ГК)
0
10
20
30
40
50
60
70
21.66
|
33.46
24.18
6.96
|
2.52
10.14
|
6.93
|
21.65
37.54
|
28.15
|
6.88
2.60
|
9.71
6.73
п.п.
0.08
Итого
0
0.025
0.05
0.075
0.1
%
5.34 5.34
5.33 5.33
План
Факт
1
100

● Бизнес-план выполнен● ●● Превышение бизнес-плана
Отклонения фактического уровня потерь от бизнес-плана за 3 месяца (нарастающим итогом), п.п.
-0.0-0.0
3.13.1
3.73.7
-0.1-0.1
0.10.1
-0.5-0.5
-0.1-0.1
0.10.1
3.73.7
3.83.8
-0.1-0.1
0.10.1
-0.5-0.5
-0.2-0.2
-0.0-0.0
4.14.1
4.04.0
-0.1-0.1
0.10.1
-0.4-0.4
-0.2-0.2
Россети ФСКЕЭС
АО«Тываэнерго»
АО«Чеченэнерго»
Россети Волга
РоссетиКубань
РоссетиЛенэнерго (ГК)
РоссетиМосковскийрегион
РоссетиСеверныйКавказ (ГК)
Россети Северо-Запад
Россети Сибирь(ГК)
Россети Томск
Россети Тюмень
Россети Урал(ГК)
Россети Центр
Россети Центр иПриволжье (ГК)
Россети Юг (Г…
РоссетиЯнтарь
0
-5
5
п.п.
Отклонения фактического уровня потерь от бизнес-плана за 3 месяца (нарастающим итогом)
-0.2-0.2
-0.4-0.4
1.11.1
-0.0-0.0
-0.6-0.6
-0.3-0.3
4.14.1
-1.8-1.8
-0.1-0.1
-0.3-0.3
-0.1-0.1
-0.0-0.0
-0.6-0.6
-0.5-0.5
7.47.4
-0.0-0.0
13.113.1
-0.2-0.2
-0.4-0.4
1.01.0
0.10.1
-0.1-0.1
-0.3-0.3
4.14.1
-1.9-1.9
-0.2-0.2
-0.5-0.5
-0.1-0.1
0.40.4
-0.7-0.7
-0.4-0.4
7.97.9
0.10.1
13.113.1
-0.2-0.2
-0.3-0.3
1.01.0
-0.0-0.0
0.20.2
-0.1-0.1
4.24.2
-1.7-1.7
-0.1-0.1
-0.3-0.3
-0.1-0.1
0.30.3
-0.7-0.7
-0.4-0.4
8.48.4
0.20.2
13.213.2
Итого по ФСК ЕЭС
Каббалкэнерго
Калмэнерго
Калугаэнерго
Карачаево-Черкесскэнерго
АО "Кинешемская электросеть"
АО "Тываэнерго"
АО «ВМЭС»
АО «Воронежская горэлектросеть»
АО «Тульские городские электрические сети»
АО «Чеченэнерго»
АО «Ярославская электросетевая компания»
АО ЕЭСК
Алтайэнерго
Архангельский филиал
Астраханьэнерго
Белгородэнерго
Брянскэнерго
Бурятэнерго
Владимирэнерго
Волгоградэнерго
Вологодский филиал
Воронежэнерго
Дагэнерго
Ивэнерго
Ингушэнерго
-5
15

Статус данных
Просьба обратить внимание
— все данные не занесены
Факт
План
Итого – Факт
Отпуск в сеть 173 160 932
Отпуск из сети 157 395 559
Потери 15 765 373
Итого – План
Отпуск в сеть 168 375 483
Отпуск из сети 153 752 770
Потери 14 622 713
Выполнение бизнес-плана в части показателя «Уровень потерь электроэнергии»
Показатели баланса электроэнергии по ДЗО – Факт 
517 040 2 784 252 15 734 909 42 077 522 35 166 539 40 032 969 36 847 701
405 099 1 738 957 11 305 954 39 183 294 34 250 957 36 144 550 34 366 748
111 941 1 045 295 4 428 955 2 894 228 915 582 3 888 420 2 480 953
Показатели баланса электроэнергии по ДЗО – План
494 696 2 583 877 14 755 136 40 335 504 36 273 204 38 560 890 35 372 175
387 568 1 719 315 11 187 191 37 526 242 35 358 006 34 651 956 32 922 490
107 128 864 562 3 567 945 2 809 262 915 198 3 908 934 2 449 685'

16-10-2024T06:55:05 - [MESSAGE][PASSED] - Text of object 'Object Repository/Страница авторизации/Text' is: 'ДЗО 
Все
Период
1, 2 кв., Июль, Август 2024 года
Отклонения фактического уровня потерь от бизнес-плана, п.п.
-0.00
4.08
3.97
-0.09
0.08
-0.42
-0.19
АО «Тываэнерго»
АО «Чеченэнерго»
Россети Северный Кавказ
Россети Сибирь
Россети Тюмень
Россети Центр (ГК)
Россети Центр и Приволжье (ГК)
-1
0
1
2
3
4
5
6
7

Уровень потерь электроэнергии
АО «Тываэнерго»
АО «Чеченэнерго»
Россети Северный Кавказ
Россети Сибирь
Россети Тюмень
Россети Центр (ГК)
Россети Центр и Приволжье (ГК)
0
10
20
30
40
50
60
70
21.66
|
33.46
24.18
6.96
|
2.52
10.14
|
6.93
|
21.65
37.54
|
28.15
|
6.88
2.60
|
9.71
6.73
п.п.
0.08
Итого
0
0.025
0.05
0.075
0.1
%
5.34 5.34
5.33 5.33
План
Факт
1
100

● Бизнес-план выполнен● ●● Превышение бизнес-плана
Отклонения фактического уровня потерь от бизнес-плана за 3 месяца (нарастающим итогом), п.п.
-0.0-0.0
3.13.1
3.73.7
-0.1-0.1
0.10.1
-0.5-0.5
-0.1-0.1
0.10.1
3.73.7
3.83.8
-0.1-0.1
0.10.1
-0.5-0.5
-0.2-0.2
-0.0-0.0
4.14.1
4.04.0
-0.1-0.1
0.10.1
-0.4-0.4
-0.2-0.2
Россети ФСКЕЭС
АО«Тываэнерго»
АО«Чеченэнерго»
Россети Волга
РоссетиКубань
РоссетиЛенэнерго (ГК)
РоссетиМосковскийрегион
РоссетиСеверныйКавказ (ГК)
Россети Северо-Запад
Россети Сибирь(ГК)
Россети Томск
Россети Тюмень
Россети Урал(ГК)
Россети Центр
Россети Центр иПриволжье (ГК)
Россети Юг (Г…
РоссетиЯнтарь
0
-5
5
п.п.
Отклонения фактического уровня потерь от бизнес-плана за 3 месяца (нарастающим итогом)
-0.2-0.2
-0.4-0.4
1.11.1
-0.0-0.0
-0.6-0.6
-0.3-0.3
4.14.1
-1.8-1.8
-0.1-0.1
-0.3-0.3
-0.1-0.1
-0.0-0.0
-0.6-0.6
-0.5-0.5
7.47.4
-0.0-0.0
13.113.1
-0.2-0.2
-0.4-0.4
1.01.0
0.10.1
-0.1-0.1
-0.3-0.3
4.14.1
-1.9-1.9
-0.2-0.2
-0.5-0.5
-0.1-0.1
0.40.4
-0.7-0.7
-0.4-0.4
7.97.9
0.10.1
13.113.1
-0.2-0.2
-0.3-0.3
1.01.0
-0.0-0.0
0.20.2
-0.1-0.1
4.24.2
-1.7-1.7
-0.1-0.1
-0.3-0.3
-0.1-0.1
0.30.3
-0.7-0.7
-0.4-0.4
8.48.4
0.20.2
13.213.2
Итого по ФСК ЕЭС
Каббалкэнерго
Калмэнерго
Калугаэнерго
Карачаево-Черкесскэнерго
АО "Кинешемская электросеть"
АО "Тываэнерго"
АО «ВМЭС»
АО «Воронежская горэлектросеть»
АО «Тульские городские электрические сети»
АО «Чеченэнерго»
АО «Ярославская электросетевая компания»
АО ЕЭСК
Алтайэнерго
Архангельский филиал
Астраханьэнерго
Белгородэнерго
Брянскэнерго
Бурятэнерго
Владимирэнерго
Волгоградэнерго
Вологодский филиал
Воронежэнерго
Дагэнерго
Ивэнерго
Ингушэнерго
-5
15

Статус данных
Просьба обратить внимание
— все данные не занесены
Факт
План
Итого – Факт
Отпуск в сеть 173 160 932
Отпуск из сети 157 395 559
Потери 15 765 373
Итого – План
Отпуск в сеть 168 375 483
Отпуск из сети 153 752 770
Потери 14 622 713
Выполнение бизнес-плана в части показателя «Уровень потерь электроэнергии»
Показатели баланса электроэнергии по ДЗО – Факт 
517 040 2 784 252 15 734 909 42 077 522 35 166 539 40 032 969 36 847 701
405 099 1 738 957 11 305 954 39 183 294 34 250 957 36 144 550 34 366 748
111 941 1 045 295 4 428 955 2 894 228 915 582 3 888 420 2 480 953
Показатели баланса электроэнергии по ДЗО – План
494 696 2 583 877 14 755 136 40 335 504 36 273 204 38 560 890 35 372 175
387 568 1 719 315 11 187 191 37 526 242 35 358 006 34 651 956 32 922 490
107 128 864 562 3 567 945 2 809 262 915 198 3 908 934 2 449 685'

16-10-2024T06:55:05 - [TEST_STEP][PASSED] - if (urlText.contains("ошибка") || urlText.contains(searchWord) == false): null

16-10-2024T06:55:05 - [TEST_STEP][PASSED] - Script1719299571342.ZakrytOpoveshenie(): null

16-10-2024T06:55:05 - [TEST_STEP][PASSED] - opoveshenie = getText(findTestObject("Выполнение бизнес-плана/Просьба обратить внимание")): Text of object 'Object Repository/Выполнение бизнес-плана/Просьба обратить внимание' is: 'Просьба обратить внимание'

16-10-2024T06:55:06 - [MESSAGE][PASSED] - Text of object 'Object Repository/Выполнение бизнес-плана/Просьба обратить внимание' is: 'Просьба обратить внимание'

16-10-2024T06:55:06 - [TEST_STEP][PASSED] - if (opoveshenie == "Просьба обратить внимание"): Object: 'Object Repository/Выполнение бизнес-плана/Закрыть оповещение' is clicked on

16-10-2024T06:55:06 - [TEST_STEP][PASSED] - click(findTestObject("Выполнение бизнес-плана/Закрыть оповещение")): Object: 'Object Repository/Выполнение бизнес-плана/Закрыть оповещение' is clicked on

16-10-2024T06:55:06 - [MESSAGE][PASSED] - Object: 'Object Repository/Выполнение бизнес-плана/Закрыть оповещение' is clicked on

16-10-2024T06:55:06 - [TEST_STEP][PASSED] - click(findTestObject(path + "Фильтр Дата")): Object: 'Object Repository/Выполнение бизнес-плана/Фильтр Дата' is clicked on

16-10-2024T06:55:06 - [MESSAGE][PASSED] - Object: 'Object Repository/Выполнение бизнес-плана/Фильтр Дата' is clicked on

16-10-2024T06:55:06 - [TEST_STEP][PASSED] - click(findTestObject(path + "Снять выделение в фильтре Дата")): Object: 'Object Repository/Выполнение бизнес-плана/Снять выделение в фильтре Дата' is clicked on

16-10-2024T06:55:07 - [MESSAGE][PASSED] - Object: 'Object Repository/Выполнение бизнес-плана/Снять выделение в фильтре Дата' is clicked on

16-10-2024T06:55:07 - [TEST_STEP][PASSED] - click(findTestObject(path + "Применить в фильтре Дата")): Object: 'Object Repository/Выполнение бизнес-плана/Применить в фильтре Дата' is clicked on

16-10-2024T06:55:08 - [MESSAGE][PASSED] - Object: 'Object Repository/Выполнение бизнес-плана/Применить в фильтре Дата' is clicked on

16-10-2024T06:55:08 - [TEST_STEP][PASSED] - delay(30): Delayed 30 second(s)

16-10-2024T06:55:38 - [MESSAGE][PASSED] - Delayed 30 second(s)

16-10-2024T06:55:38 - [TEST_STEP][PASSED] - Script1719299571342.ZakrytOpoveshenie(): null

16-10-2024T06:55:38 - [TEST_STEP][PASSED] - opoveshenie = getText(findTestObject("Выполнение бизнес-плана/Просьба обратить внимание")): Text of object 'Object Repository/Выполнение бизнес-плана/Просьба обратить внимание' is: 'Просьба обратить внимание'

16-10-2024T06:55:38 - [MESSAGE][PASSED] - Text of object 'Object Repository/Выполнение бизнес-плана/Просьба обратить внимание' is: 'Просьба обратить внимание'

16-10-2024T06:55:38 - [TEST_STEP][PASSED] - if (opoveshenie == "Просьба обратить внимание"): Object: 'Object Repository/Выполнение бизнес-плана/Закрыть оповещение' is clicked on

16-10-2024T06:55:38 - [TEST_STEP][PASSED] - click(findTestObject("Выполнение бизнес-плана/Закрыть оповещение")): Object: 'Object Repository/Выполнение бизнес-плана/Закрыть оповещение' is clicked on

16-10-2024T06:55:38 - [MESSAGE][PASSED] - Object: 'Object Repository/Выполнение бизнес-плана/Закрыть оповещение' is clicked on

16-10-2024T06:55:38 - [TEST_STEP][PASSED] - click(findTestObject(path + "Фильтр Дата")): Object: 'Object Repository/Выполнение бизнес-плана/Фильтр Дата' is clicked on

16-10-2024T06:55:39 - [MESSAGE][PASSED] - Object: 'Object Repository/Выполнение бизнес-плана/Фильтр Дата' is clicked on

16-10-2024T06:55:39 - [TEST_STEP][PASSED] - scrollToElement(findTestObject(path + "2024 список"), 30): Scroll to object 'Object Repository/Выполнение бизнес-плана/2024 список' successfully

16-10-2024T06:55:39 - [MESSAGE][PASSED] - Scroll to object 'Object Repository/Выполнение бизнес-плана/2024 список' successfully

16-10-2024T06:55:39 - [TEST_STEP][PASSED] - click(findTestObject(path + "2024 список")): Object: 'Object Repository/Выполнение бизнес-плана/2024 список' is clicked on

16-10-2024T06:55:39 - [MESSAGE][PASSED] - Object: 'Object Repository/Выполнение бизнес-плана/2024 список' is clicked on

16-10-2024T06:55:39 - [TEST_STEP][PASSED] - scrollToElement(findTestObject(path + "1 квартал 2024 список"), 30): Scroll to object 'Object Repository/Выполнение бизнес-плана/1 квартал 2024 список' successfully

16-10-2024T06:55:40 - [MESSAGE][PASSED] - Scroll to object 'Object Repository/Выполнение бизнес-плана/1 квартал 2024 список' successfully

16-10-2024T06:55:40 - [TEST_STEP][PASSED] - click(findTestObject(path + "1 квартал 2024 список")): Object: 'Object Repository/Выполнение бизнес-плана/1 квартал 2024 список' is clicked on

16-10-2024T06:55:40 - [MESSAGE][PASSED] - Object: 'Object Repository/Выполнение бизнес-плана/1 квартал 2024 список' is clicked on

16-10-2024T06:55:40 - [TEST_STEP][PASSED] - click(findTestObject(path + "Январь 2024")): Object: 'Object Repository/Выполнение бизнес-плана/Январь 2024' is clicked on

16-10-2024T06:55:41 - [MESSAGE][PASSED] - Object: 'Object Repository/Выполнение бизнес-плана/Январь 2024' is clicked on

16-10-2024T06:55:41 - [TEST_STEP][PASSED] - click(findTestObject(path + "Февраль 2024")): Object: 'Object Repository/Выполнение бизнес-плана/Февраль 2024' is clicked on

16-10-2024T06:55:41 - [MESSAGE][PASSED] - Object: 'Object Repository/Выполнение бизнес-плана/Февраль 2024' is clicked on

16-10-2024T06:55:41 - [TEST_STEP][PASSED] - click(findTestObject(path + "Март 2024")): Object: 'Object Repository/Выполнение бизнес-плана/Март 2024' is clicked on

16-10-2024T06:55:42 - [MESSAGE][PASSED] - Object: 'Object Repository/Выполнение бизнес-плана/Март 2024' is clicked on

16-10-2024T06:55:42 - [TEST_STEP][PASSED] - scrollToElement(findTestObject(path + "2 квартал 2024"), 30): Scroll to object 'Object Repository/Выполнение бизнес-плана/2 квартал 2024' successfully

16-10-2024T06:55:42 - [MESSAGE][PASSED] - Scroll to object 'Object Repository/Выполнение бизнес-плана/2 квартал 2024' successfully

16-10-2024T06:55:42 - [TEST_STEP][PASSED] - click(findTestObject(path + "2 квартал 2024")): Object: 'Object Repository/Выполнение бизнес-плана/2 квартал 2024' is clicked on

16-10-2024T06:55:43 - [MESSAGE][PASSED] - Object: 'Object Repository/Выполнение бизнес-плана/2 квартал 2024' is clicked on

16-10-2024T06:55:43 - [TEST_STEP][PASSED] - scrollToElement(findTestObject(path + "3 квартал 2024 список"), 30): Scroll to object 'Object Repository/Выполнение бизнес-плана/3 квартал 2024 список' successfully

16-10-2024T06:55:43 - [MESSAGE][PASSED] - Scroll to object 'Object Repository/Выполнение бизнес-плана/3 квартал 2024 список' successfully

16-10-2024T06:55:43 - [TEST_STEP][PASSED] - click(findTestObject(path + "3 квартал 2024 список")): Object: 'Object Repository/Выполнение бизнес-плана/3 квартал 2024 список' is clicked on

16-10-2024T06:55:43 - [MESSAGE][PASSED] - Object: 'Object Repository/Выполнение бизнес-плана/3 квартал 2024 список' is clicked on

16-10-2024T06:55:43 - [TEST_STEP][PASSED] - click(findTestObject(path + "Июль 2024")): Object: 'Object Repository/Выполнение бизнес-плана/Июль 2024' is clicked on

16-10-2024T06:55:44 - [MESSAGE][PASSED] - Object: 'Object Repository/Выполнение бизнес-плана/Июль 2024' is clicked on

16-10-2024T06:55:44 - [TEST_STEP][PASSED] - scrollToElement(findTestObject(path + "Август 2024"), 30): Scroll to object 'Object Repository/Выполнение бизнес-плана/Август 2024' successfully

16-10-2024T06:55:44 - [MESSAGE][PASSED] - Scroll to object 'Object Repository/Выполнение бизнес-плана/Август 2024' successfully

16-10-2024T06:55:44 - [TEST_STEP][PASSED] - click(findTestObject(path + "Август 2024")): Object: 'Object Repository/Выполнение бизнес-плана/Август 2024' is clicked on

16-10-2024T06:55:45 - [MESSAGE][PASSED] - Object: 'Object Repository/Выполнение бизнес-плана/Август 2024' is clicked on

16-10-2024T06:55:45 - [TEST_STEP][PASSED] - scrollToElement(findTestObject(path + "Заголовок дашборда"), 30): Scroll to object 'Object Repository/Выполнение бизнес-плана/Заголовок дашборда' successfully

16-10-2024T06:55:45 - [MESSAGE][PASSED] - Scroll to object 'Object Repository/Выполнение бизнес-плана/Заголовок дашборда' successfully

16-10-2024T06:55:45 - [TEST_STEP][PASSED] - click(findTestObject(path + "Применить в фильтре Дата")): Object: 'Object Repository/Выполнение бизнес-плана/Применить в фильтре Дата' is clicked on

16-10-2024T06:55:46 - [MESSAGE][PASSED] - Object: 'Object Repository/Выполнение бизнес-плана/Применить в фильтре Дата' is clicked on

16-10-2024T06:55:46 - [TEST_STEP][PASSED] - delay(30): Delayed 30 second(s)

16-10-2024T06:56:16 - [MESSAGE][PASSED] - Delayed 30 second(s)

16-10-2024T06:56:16 - [TEST_STEP][PASSED] - Script1719299571342.ZakrytOpoveshenie(): null

16-10-2024T06:56:16 - [TEST_STEP][PASSED] - opoveshenie = getText(findTestObject("Выполнение бизнес-плана/Просьба обратить внимание")): Text of object 'Object Repository/Выполнение бизнес-плана/Просьба обратить внимание' is: 'Просьба обратить внимание'

16-10-2024T06:56:32 - [MESSAGE][PASSED] - Text of object 'Object Repository/Выполнение бизнес-плана/Просьба обратить внимание' is: 'Просьба обратить внимание'

16-10-2024T06:56:32 - [TEST_STEP][PASSED] - if (opoveshenie == "Просьба обратить внимание"): Object: 'Object Repository/Выполнение бизнес-плана/Закрыть оповещение' is clicked on

16-10-2024T06:56:32 - [TEST_STEP][PASSED] - click(findTestObject("Выполнение бизнес-плана/Закрыть оповещение")): Object: 'Object Repository/Выполнение бизнес-плана/Закрыть оповещение' is clicked on

16-10-2024T06:56:32 - [MESSAGE][PASSED] - Object: 'Object Repository/Выполнение бизнес-плана/Закрыть оповещение' is clicked on

16-10-2024T06:56:32 - [TEST_STEP][PASSED] - click(findTestObject(path + "Фильтр ДЗО")): Object: 'Object Repository/Выполнение бизнес-плана/Фильтр ДЗО' is clicked on

16-10-2024T06:56:33 - [MESSAGE][PASSED] - Object: 'Object Repository/Выполнение бизнес-плана/Фильтр ДЗО' is clicked on

16-10-2024T06:56:33 - [TEST_STEP][PASSED] - click(findTestObject(path + "Снять выделение в фильтре ДЗО")): Object: 'Object Repository/Выполнение бизнес-плана/Снять выделение в фильтре ДЗО' is clicked on

16-10-2024T06:56:33 - [MESSAGE][PASSED] - Object: 'Object Repository/Выполнение бизнес-плана/Снять выделение в фильтре ДЗО' is clicked on

16-10-2024T06:56:33 - [TEST_STEP][PASSED] - click(findTestObject(path + "ПАО Россети")): Object: 'Object Repository/Выполнение бизнес-плана/ПАО Россети' is clicked on

16-10-2024T06:56:33 - [MESSAGE][PASSED] - Object: 'Object Repository/Выполнение бизнес-плана/ПАО Россети' is clicked on

16-10-2024T06:56:33 - [TEST_STEP][PASSED] - click(findTestObject(path + "Применить в фильтре ДЗО")): Object: 'Object Repository/Выполнение бизнес-плана/Применить в фильтре ДЗО' is clicked on

16-10-2024T06:56:34 - [MESSAGE][PASSED] - Object: 'Object Repository/Выполнение бизнес-плана/Применить в фильтре ДЗО' is clicked on

16-10-2024T06:56:34 - [TEST_STEP][PASSED] - delay(30): Delayed 30 second(s)

16-10-2024T06:57:04 - [MESSAGE][PASSED] - Delayed 30 second(s)

16-10-2024T06:57:04 - [TEST_STEP][PASSED] - VseDZO = getText(findTestObject(path + "Список ДЗО")): Text of object 'Object Repository/Выполнение бизнес-плана/Список ДЗО' is: '-0.00
4.08
3.97
-0.09
0.08
-0.42
-0.19
АО «Тываэнерго»
АО «Чеченэнерго»
Россети Северный Кавказ
Россети Сибирь
Россети Тюмень
Россети Центр (ГК)
Россети Центр и Приволжье (ГК)
-1
0
1
2
3
4
5
6
7'

16-10-2024T06:57:05 - [MESSAGE][PASSED] - Text of object 'Object Repository/Выполнение бизнес-плана/Список ДЗО' is: '-0.00
4.08
3.97
-0.09
0.08
-0.42
-0.19
АО «Тываэнерго»
АО «Чеченэнерго»
Россети Северный Кавказ
Россети Сибирь
Россети Тюмень
Россети Центр (ГК)
Россети Центр и Приволжье (ГК)
-1
0
1
2
3
4
5
6
7'

16-10-2024T06:57:05 - [TEST_STEP][PASSED] - pRR = GetAllPAOData(path, dZONum, VseDZO, z = "ПАО Россети/"): null

16-10-2024T06:57:05 - [TEST_STEP][PASSED] - path2 = "Значения со страницы Выполнение бизнес-плана/Table Data/": null

16-10-2024T06:57:05 - [TEST_STEP][PASSED] - ii = <not implemented yet for class: org.codehaus.groovy.ast.expr.EmptyExpression>: null

16-10-2024T06:57:05 - [TEST_STEP][PASSED] - i1 = <not implemented yet for class: org.codehaus.groovy.ast.expr.EmptyExpression>: null

16-10-2024T06:57:05 - [TEST_STEP][PASSED] - z = <not implemented yet for class: org.codehaus.groovy.ast.expr.EmptyExpression>: null

16-10-2024T06:57:05 - [TEST_STEP][PASSED] - z1 = <not implemented yet for class: org.codehaus.groovy.ast.expr.EmptyExpression>: null

16-10-2024T06:57:05 - [TEST_STEP][PASSED] - println("path: " + path): null

16-10-2024T06:57:05 - [TEST_STEP][PASSED] - z = getText(findTestObject(path + "Итого")).replaceAll("[\r?
|
]", "/"): Text of object 'Object Repository/Выполнение бизнес-плана/Итого' is: '%
5.34 5.34
5.33 5.33
План
Факт
1
100'

16-10-2024T06:57:05 - [MESSAGE][PASSED] - Text of object 'Object Repository/Выполнение бизнес-плана/Итого' is: '%
5.34 5.34
5.33 5.33
План
Факт
1
100'

16-10-2024T06:57:05 - [TEST_STEP][PASSED] - ii = z.indexOf("%") + 2: null

16-10-2024T06:57:05 - [TEST_STEP][PASSED] - if (ii > -1): null

16-10-2024T06:57:05 - [TEST_STEP][PASSED] - z = z.substring(ii, z.length()): null

16-10-2024T06:57:05 - [TEST_STEP][PASSED] - println(z): null

16-10-2024T06:57:05 - [TEST_STEP][PASSED] - ii = z.indexOf("/1/100") - 1: null

16-10-2024T06:57:05 - [TEST_STEP][PASSED] - if (ii > -1): null

16-10-2024T06:57:05 - [TEST_STEP][PASSED] - z = z.substring(0, ii): null

16-10-2024T06:57:05 - [TEST_STEP][PASSED] - println(z): null

16-10-2024T06:57:05 - [TEST_STEP][PASSED] - ii = z.indexOf("План"): null

16-10-2024T06:57:05 - [TEST_STEP][PASSED] - if (ii > -1): null

16-10-2024T06:57:05 - [TEST_STEP][PASSED] - z = z.substring(0, ii): null

16-10-2024T06:57:05 - [TEST_STEP][PASSED] - println(z): null

16-10-2024T06:57:05 - [TEST_STEP][PASSED] - ii = z.indexOf("/") + 1: null

16-10-2024T06:57:05 - [TEST_STEP][PASSED] - z1 = z.substring(0, ii): null

16-10-2024T06:57:05 - [TEST_STEP][PASSED] - println(z1): null

16-10-2024T06:57:05 - [TEST_STEP][PASSED] - z = z.substring(ii, z.length()): null

16-10-2024T06:57:05 - [TEST_STEP][PASSED] - println(z): null

16-10-2024T06:57:05 - [TEST_STEP][PASSED] - ii = z1.length() / 2: null

16-10-2024T06:57:05 - [TEST_STEP][PASSED] - z1 = replaceAll("[\r?
|
]", "/").trim(): null

16-10-2024T06:57:05 - [TEST_STEP][PASSED] - println(z1): null

16-10-2024T06:57:05 - [TEST_STEP][PASSED] - ii = z.length() / 2: null

16-10-2024T06:57:05 - [TEST_STEP][PASSED] - z = replace("/", "").trim(): null

16-10-2024T06:57:05 - [TEST_STEP][PASSED] - println(z): null

16-10-2024T06:57:05 - [TEST_STEP][PASSED] - x = x + z1 + "/" + z: null

16-10-2024T06:57:05 - [TEST_STEP][PASSED] - println(x): null

16-10-2024T06:57:05 - [TEST_STEP][PASSED] - if (verifyElementPresent(findTestObject(path + "Таблица Итого-Факт"), 30)): null

16-10-2024T06:57:06 - [MESSAGE][PASSED] - Object 'Object Repository/Выполнение бизнес-плана/Таблица Итого-Факт' is present

16-10-2024T06:57:06 - [TEST_STEP][PASSED] - z = replaceAll("\s+", "").replaceAll("[а-яА-Я]", ""): Text of object 'Object Repository/Выполнение бизнес-плана/Таблица Итого-Факт' is: 'Отпуск в сеть 173 160 932
Отпуск из сети 157 395 559
Потери 15 765 373'

16-10-2024T06:57:06 - [MESSAGE][PASSED] - Text of object 'Object Repository/Выполнение бизнес-плана/Таблица Итого-Факт' is: 'Отпуск в сеть 173 160 932
Отпуск из сети 157 395 559
Потери 15 765 373'

16-10-2024T06:57:06 - [TEST_STEP][PASSED] - println(z): null

16-10-2024T06:57:06 - [TEST_STEP][PASSED] - x = x + "/" + z: null

16-10-2024T06:57:06 - [TEST_STEP][PASSED] - println(x): null

16-10-2024T06:57:06 - [TEST_STEP][PASSED] - click(findTestObject(path + "Кнопка План")): Object: 'Object Repository/Выполнение бизнес-плана/Кнопка План' is clicked on

16-10-2024T06:57:06 - [MESSAGE][PASSED] - Object: 'Object Repository/Выполнение бизнес-плана/Кнопка План' is clicked on

16-10-2024T06:57:06 - [TEST_STEP][PASSED] - z = replaceAll("\s+", "").replaceAll("[а-яА-Я]", ""): Text of object 'Object Repository/Выполнение бизнес-плана/Таблица Итого-План' is: 'Отпуск в сеть 168 375 483
Отпуск из сети 153 752 770
Потери 14 622 713'

16-10-2024T06:57:06 - [MESSAGE][PASSED] - Text of object 'Object Repository/Выполнение бизнес-плана/Таблица Итого-План' is: 'Отпуск в сеть 168 375 483
Отпуск из сети 153 752 770
Потери 14 622 713'

16-10-2024T06:57:06 - [TEST_STEP][PASSED] - x = x + "/" + z: null

16-10-2024T06:57:06 - [TEST_STEP][PASSED] - println(x): null

16-10-2024T06:57:06 - [TEST_STEP][PASSED] - click(findTestObject(path + "Кнопка Факт")): Object: 'Object Repository/Выполнение бизнес-плана/Кнопка Факт' is clicked on

16-10-2024T06:57:07 - [MESSAGE][PASSED] - Object: 'Object Repository/Выполнение бизнес-плана/Кнопка Факт' is clicked on

16-10-2024T06:57:07 - [TEST_STEP][PASSED] - return x: null

16-10-2024T06:57:07 - [TEST_STEP][PASSED] - println("pRR: " + pRR): null

16-10-2024T06:57:07 - [TEST_STEP][PASSED] - i = VseDZO.indexOf("ЕЭС"): null

16-10-2024T06:57:07 - [TEST_STEP][PASSED] - if (i > -1): null

16-10-2024T06:57:07 - [TEST_STEP][PASSED] - else: null

16-10-2024T06:57:07 - [TEST_STEP][PASSED] - fR = fR + "нет данных/нет данных/нет данных/нет данных/нет данных/нет данных/нет данных/нет данных/нет данных": null

16-10-2024T06:57:07 - [TEST_STEP][PASSED] - println("fR: " + fR): null

16-10-2024T06:57:07 - [TEST_STEP][PASSED] - i = VseDZO.indexOf("Тываэнерго"): null

16-10-2024T06:57:07 - [TEST_STEP][PASSED] - if (i > -1): null

16-10-2024T06:57:07 - [TEST_STEP][PASSED] - dZONum = dZONum + 1: null

16-10-2024T06:57:07 - [TEST_STEP][PASSED] - tyR = GetAllData(path, dZONum, VseDZO, x = "АО "Тываэнерго"/"): null

16-10-2024T06:57:07 - [TEST_STEP][PASSED] - ii = <not implemented yet for class: org.codehaus.groovy.ast.expr.EmptyExpression>: null

16-10-2024T06:57:07 - [TEST_STEP][PASSED] - i1 = <not implemented yet for class: org.codehaus.groovy.ast.expr.EmptyExpression>: null

16-10-2024T06:57:07 - [TEST_STEP][PASSED] - z = <not implemented yet for class: org.codehaus.groovy.ast.expr.EmptyExpression>: null

16-10-2024T06:57:07 - [TEST_STEP][PASSED] - path2 = "Значения со страницы Выполнение бизнес-плана/Table Data/": null

16-10-2024T06:57:07 - [TEST_STEP][PASSED] - println("path: " + path): null

16-10-2024T06:57:07 - [TEST_STEP][PASSED] - println("dZONum: " + dZONum): null

16-10-2024T06:57:07 - [TEST_STEP][PASSED] - z = getText(findTestObject(path + "spanPlan" + dZONum)): Text of object 'Object Repository/Выполнение бизнес-плана/spanPlan1' is: '21.66
|'

16-10-2024T06:57:07 - [MESSAGE][PASSED] - Text of object 'Object Repository/Выполнение бизнес-плана/spanPlan1' is: '21.66
|'

16-10-2024T06:57:07 - [TEST_STEP][PASSED] - println(z): null

16-10-2024T06:57:07 - [TEST_STEP][PASSED] - ii = z.indexOf("|"): null

16-10-2024T06:57:07 - [TEST_STEP][PASSED] - if (ii > -1): null

16-10-2024T06:57:07 - [TEST_STEP][PASSED] - z = z.substring(0, z.length() - 1): null

16-10-2024T06:57:07 - [TEST_STEP][PASSED] - println(z): null

16-10-2024T06:57:07 - [TEST_STEP][PASSED] - z = z.replaceAll("\s+", ""): null

16-10-2024T06:57:07 - [TEST_STEP][PASSED] - z = z.replace("[\r?
|
]", "/"): null

16-10-2024T06:57:07 - [TEST_STEP][PASSED] - println(z): null

16-10-2024T06:57:07 - [TEST_STEP][PASSED] - x = x + z: null

16-10-2024T06:57:07 - [TEST_STEP][PASSED] - z = getText(findTestObject(path + "spanFact" + dZONum)): Text of object 'Object Repository/Выполнение бизнес-плана/spanFact1' is: '21.65'

16-10-2024T06:57:07 - [MESSAGE][PASSED] - Text of object 'Object Repository/Выполнение бизнес-плана/spanFact1' is: '21.65'

16-10-2024T06:57:07 - [TEST_STEP][PASSED] - ii = z.indexOf("|"): null

16-10-2024T06:57:07 - [TEST_STEP][PASSED] - if (ii > -1): null

16-10-2024T06:57:07 - [TEST_STEP][PASSED] - x = x + "/" + z: null

16-10-2024T06:57:07 - [TEST_STEP][PASSED] - z = getText(findTestObject(path + path2 + "Факт Отпуск в сеть за отчётный период " + dZONum)).replaceAll("\s+", ""): Text of object 'Object Repository/Выполнение бизнес-плана/Значения со страницы Выполнение бизнес-плана/Table Data/Факт Отпуск в сеть за отчётный период 1' is: '517 040'

16-10-2024T06:57:08 - [MESSAGE][PASSED] - Text of object 'Object Repository/Выполнение бизнес-плана/Значения со страницы Выполнение бизнес-плана/Table Data/Факт Отпуск в сеть за отчётный период 1' is: '517 040'

16-10-2024T06:57:08 - [TEST_STEP][PASSED] - x = x + "/" + z: null

16-10-2024T06:57:08 - [TEST_STEP][PASSED] - z = getText(findTestObject(path + path2 + "Факт Отпуск из сети за отчётный период " + dZONum)).replaceAll("\s+", ""): Text of object 'Object Repository/Выполнение бизнес-плана/Значения со страницы Выполнение бизнес-плана/Table Data/Факт Отпуск из сети за отчётный период 1' is: '405 099'

16-10-2024T06:57:08 - [MESSAGE][PASSED] - Text of object 'Object Repository/Выполнение бизнес-плана/Значения со страницы Выполнение бизнес-плана/Table Data/Факт Отпуск из сети за отчётный период 1' is: '405 099'

16-10-2024T06:57:08 - [TEST_STEP][PASSED] - x = x + "/" + z: null

16-10-2024T06:57:08 - [TEST_STEP][PASSED] - z = getText(findTestObject(path + path2 + "Факт Потери за отчётный период " + dZONum)).replaceAll("\s+", ""): Text of object 'Object Repository/Выполнение бизнес-плана/Значения со страницы Выполнение бизнес-плана/Table Data/Факт Потери за отчётный период 1' is: '111 941'

16-10-2024T06:57:08 - [MESSAGE][PASSED] - Text of object 'Object Repository/Выполнение бизнес-плана/Значения со страницы Выполнение бизнес-плана/Table Data/Факт Потери за отчётный период 1' is: '111 941'

16-10-2024T06:57:08 - [TEST_STEP][PASSED] - x = x + "/" + z: null

16-10-2024T06:57:08 - [TEST_STEP][PASSED] - z = getText(findTestObject(path + path2 + "План Отпуск в сеть за отчётный период " + dZONum)).replaceAll("\s+", ""): Text of object 'Object Repository/Выполнение бизнес-плана/Значения со страницы Выполнение бизнес-плана/Table Data/План Отпуск в сеть за отчётный период 1' is: '494 696'

16-10-2024T06:57:09 - [MESSAGE][PASSED] - Text of object 'Object Repository/Выполнение бизнес-плана/Значения со страницы Выполнение бизнес-плана/Table Data/План Отпуск в сеть за отчётный период 1' is: '494 696'

16-10-2024T06:57:09 - [TEST_STEP][PASSED] - x = x + "/" + z: null

16-10-2024T06:57:09 - [TEST_STEP][PASSED] - z = getText(findTestObject(path + path2 + "План Отпуск из сети за отчётный период " + dZONum)).replaceAll("\s+", ""): Text of object 'Object Repository/Выполнение бизнес-плана/Значения со страницы Выполнение бизнес-плана/Table Data/План Отпуск из сети за отчётный период 1' is: '387 568'

16-10-2024T06:57:09 - [MESSAGE][PASSED] - Text of object 'Object Repository/Выполнение бизнес-плана/Значения со страницы Выполнение бизнес-плана/Table Data/План Отпуск из сети за отчётный период 1' is: '387 568'

16-10-2024T06:57:09 - [TEST_STEP][PASSED] - x = x + "/" + z: null

16-10-2024T06:57:09 - [TEST_STEP][PASSED] - z = getText(findTestObject(path + path2 + "План Потери за отчётный период " + dZONum)).replaceAll("\s+", ""): Text of object 'Object Repository/Выполнение бизнес-плана/Значения со страницы Выполнение бизнес-плана/Table Data/План Потери за отчётный период 1' is: '107 128'

16-10-2024T06:57:09 - [MESSAGE][PASSED] - Text of object 'Object Repository/Выполнение бизнес-плана/Значения со страницы Выполнение бизнес-плана/Table Data/План Потери за отчётный период 1' is: '107 128'

16-10-2024T06:57:09 - [TEST_STEP][PASSED] - x = x + "/" + z: null

16-10-2024T06:57:09 - [TEST_STEP][PASSED] - z = getText(findTestObject(path + "Список ДЗО")).replaceAll("[\r?
|
]", "/"): Text of object 'Object Repository/Выполнение бизнес-плана/Список ДЗО' is: '-0.00
4.08
3.97
-0.09
0.08
-0.42
-0.19
АО «Тываэнерго»
АО «Чеченэнерго»
Россети Северный Кавказ
Россети Сибирь
Россети Тюмень
Россети Центр (ГК)
Россети Центр и Приволжье (ГК)
-1
0
1
2
3
4
5
6
7'

16-10-2024T06:57:10 - [MESSAGE][PASSED] - Text of object 'Object Repository/Выполнение бизнес-плана/Список ДЗО' is: '-0.00
4.08
3.97
-0.09
0.08
-0.42
-0.19
АО «Тываэнерго»
АО «Чеченэнерго»
Россети Северный Кавказ
Россети Сибирь
Россети Тюмень
Россети Центр (ГК)
Россети Центр и Приволжье (ГК)
-1
0
1
2
3
4
5
6
7'

16-10-2024T06:57:10 - [TEST_STEP][PASSED] - for ([ii = 1, ii < dZONum, (ii++)]): null

16-10-2024T06:57:10 - [TEST_STEP][PASSED] - i1 = z.indexOf("/"): null

16-10-2024T06:57:10 - [TEST_STEP][PASSED] - if (i1 > -1): null

16-10-2024T06:57:10 - [TEST_STEP][PASSED] - z = z.substring(0, i1): null

16-10-2024T06:57:10 - [TEST_STEP][PASSED] - z = z.replace(",", "."): null

16-10-2024T06:57:10 - [TEST_STEP][PASSED] - println(z): null

16-10-2024T06:57:10 - [TEST_STEP][PASSED] - x = x + "/" + z: null

16-10-2024T06:57:10 - [TEST_STEP][PASSED] - x = x.replaceAll("[\r?
|
]", ""): null

16-10-2024T06:57:10 - [TEST_STEP][PASSED] - println(x): null

16-10-2024T06:57:10 - [TEST_STEP][PASSED] - return x: null

16-10-2024T06:57:10 - [TEST_STEP][PASSED] - println("tyR: " + tyR): null

16-10-2024T06:57:10 - [TEST_STEP][PASSED] - i = VseDZO.indexOf("Чеченэнерго"): null

16-10-2024T06:57:10 - [TEST_STEP][PASSED] - if (i > -1): null

16-10-2024T06:57:10 - [TEST_STEP][PASSED] - dZONum = dZONum + 1: null

16-10-2024T06:57:10 - [TEST_STEP][PASSED] - chR = GetAllData(path, dZONum, VseDZO, x = "АО "Чеченэнерго"/"): null

16-10-2024T06:57:10 - [TEST_STEP][PASSED] - ii = <not implemented yet for class: org.codehaus.groovy.ast.expr.EmptyExpression>: null

16-10-2024T06:57:10 - [TEST_STEP][PASSED] - i1 = <not implemented yet for class: org.codehaus.groovy.ast.expr.EmptyExpression>: null

16-10-2024T06:57:10 - [TEST_STEP][PASSED] - z = <not implemented yet for class: org.codehaus.groovy.ast.expr.EmptyExpression>: null

16-10-2024T06:57:10 - [TEST_STEP][PASSED] - path2 = "Значения со страницы Выполнение бизнес-плана/Table Data/": null

16-10-2024T06:57:10 - [TEST_STEP][PASSED] - println("path: " + path): null

16-10-2024T06:57:10 - [TEST_STEP][PASSED] - println("dZONum: " + dZONum): null

16-10-2024T06:57:10 - [TEST_STEP][PASSED] - z = getText(findTestObject(path + "spanPlan" + dZONum)): Text of object 'Object Repository/Выполнение бизнес-плана/spanPlan2' is: '33.46'

16-10-2024T06:57:10 - [MESSAGE][PASSED] - Text of object 'Object Repository/Выполнение бизнес-плана/spanPlan2' is: '33.46'

16-10-2024T06:57:10 - [TEST_STEP][PASSED] - println(z): null

16-10-2024T06:57:10 - [TEST_STEP][PASSED] - ii = z.indexOf("|"): null

16-10-2024T06:57:10 - [TEST_STEP][PASSED] - if (ii > -1): null

16-10-2024T06:57:10 - [TEST_STEP][PASSED] - z = z.replaceAll("\s+", ""): null

16-10-2024T06:57:10 - [TEST_STEP][PASSED] - z = z.replace("[\r?
|
]", "/"): null

16-10-2024T06:57:10 - [TEST_STEP][PASSED] - println(z): null

16-10-2024T06:57:10 - [TEST_STEP][PASSED] - x = x + z: null

16-10-2024T06:57:10 - [TEST_STEP][PASSED] - z = getText(findTestObject(path + "spanFact" + dZONum)): Text of object 'Object Repository/Выполнение бизнес-плана/spanFact2' is: '37.54
|'

16-10-2024T06:57:10 - [MESSAGE][PASSED] - Text of object 'Object Repository/Выполнение бизнес-плана/spanFact2' is: '37.54
|'

16-10-2024T06:57:10 - [TEST_STEP][PASSED] - ii = z.indexOf("|"): null

16-10-2024T06:57:10 - [TEST_STEP][PASSED] - if (ii > -1): null

16-10-2024T06:57:10 - [TEST_STEP][PASSED] - z = length() - 1).replace("[\r?
|
]", "/"): null

16-10-2024T06:57:10 - [TEST_STEP][PASSED] - x = x + "/" + z: null

16-10-2024T06:57:10 - [TEST_STEP][PASSED] - z = getText(findTestObject(path + path2 + "Факт Отпуск в сеть за отчётный период " + dZONum)).replaceAll("\s+", ""): Text of object 'Object Repository/Выполнение бизнес-плана/Значения со страницы Выполнение бизнес-плана/Table Data/Факт Отпуск в сеть за отчётный период 2' is: '2 784 252'

16-10-2024T06:57:11 - [MESSAGE][PASSED] - Text of object 'Object Repository/Выполнение бизнес-плана/Значения со страницы Выполнение бизнес-плана/Table Data/Факт Отпуск в сеть за отчётный период 2' is: '2 784 252'

16-10-2024T06:57:11 - [TEST_STEP][PASSED] - x = x + "/" + z: null

16-10-2024T06:57:11 - [TEST_STEP][PASSED] - z = getText(findTestObject(path + path2 + "Факт Отпуск из сети за отчётный период " + dZONum)).replaceAll("\s+", ""): Text of object 'Object Repository/Выполнение бизнес-плана/Значения со страницы Выполнение бизнес-плана/Table Data/Факт Отпуск из сети за отчётный период 2' is: '1 738 957'

16-10-2024T06:57:11 - [MESSAGE][PASSED] - Text of object 'Object Repository/Выполнение бизнес-плана/Значения со страницы Выполнение бизнес-плана/Table Data/Факт Отпуск из сети за отчётный период 2' is: '1 738 957'

16-10-2024T06:57:11 - [TEST_STEP][PASSED] - x = x + "/" + z: null

16-10-2024T06:57:11 - [TEST_STEP][PASSED] - z = getText(findTestObject(path + path2 + "Факт Потери за отчётный период " + dZONum)).replaceAll("\s+", ""): Text of object 'Object Repository/Выполнение бизнес-плана/Значения со страницы Выполнение бизнес-плана/Table Data/Факт Потери за отчётный период 2' is: '1 045 295'

16-10-2024T06:57:11 - [MESSAGE][PASSED] - Text of object 'Object Repository/Выполнение бизнес-плана/Значения со страницы Выполнение бизнес-плана/Table Data/Факт Потери за отчётный период 2' is: '1 045 295'

16-10-2024T06:57:11 - [TEST_STEP][PASSED] - x = x + "/" + z: null

16-10-2024T06:57:11 - [TEST_STEP][PASSED] - z = getText(findTestObject(path + path2 + "План Отпуск в сеть за отчётный период " + dZONum)).replaceAll("\s+", ""): Text of object 'Object Repository/Выполнение бизнес-плана/Значения со страницы Выполнение бизнес-плана/Table Data/План Отпуск в сеть за отчётный период 2' is: '2 583 877'

16-10-2024T06:57:12 - [MESSAGE][PASSED] - Text of object 'Object Repository/Выполнение бизнес-плана/Значения со страницы Выполнение бизнес-плана/Table Data/План Отпуск в сеть за отчётный период 2' is: '2 583 877'

16-10-2024T06:57:12 - [TEST_STEP][PASSED] - x = x + "/" + z: null

16-10-2024T06:57:12 - [TEST_STEP][PASSED] - z = getText(findTestObject(path + path2 + "План Отпуск из сети за отчётный период " + dZONum)).replaceAll("\s+", ""): Text of object 'Object Repository/Выполнение бизнес-плана/Значения со страницы Выполнение бизнес-плана/Table Data/План Отпуск из сети за отчётный период 2' is: '1 719 315'

16-10-2024T06:57:12 - [MESSAGE][PASSED] - Text of object 'Object Repository/Выполнение бизнес-плана/Значения со страницы Выполнение бизнес-плана/Table Data/План Отпуск из сети за отчётный период 2' is: '1 719 315'

16-10-2024T06:57:12 - [TEST_STEP][PASSED] - x = x + "/" + z: null

16-10-2024T06:57:12 - [TEST_STEP][PASSED] - z = getText(findTestObject(path + path2 + "План Потери за отчётный период " + dZONum)).replaceAll("\s+", ""): Text of object 'Object Repository/Выполнение бизнес-плана/Значения со страницы Выполнение бизнес-плана/Table Data/План Потери за отчётный период 2' is: '864 562'

16-10-2024T06:57:12 - [MESSAGE][PASSED] - Text of object 'Object Repository/Выполнение бизнес-плана/Значения со страницы Выполнение бизнес-плана/Table Data/План Потери за отчётный период 2' is: '864 562'

16-10-2024T06:57:12 - [TEST_STEP][PASSED] - x = x + "/" + z: null

16-10-2024T06:57:12 - [TEST_STEP][PASSED] - z = getText(findTestObject(path + "Список ДЗО")).replaceAll("[\r?
|
]", "/"): Text of object 'Object Repository/Выполнение бизнес-плана/Список ДЗО' is: '-0.00
4.08
3.97
-0.09
0.08
-0.42
-0.19
АО «Тываэнерго»
АО «Чеченэнерго»
Россети Северный Кавказ
Россети Сибирь
Россети Тюмень
Россети Центр (ГК)
Россети Центр и Приволжье (ГК)
-1
0
1
2
3
4
5
6
7'

16-10-2024T06:57:12 - [MESSAGE][PASSED] - Text of object 'Object Repository/Выполнение бизнес-плана/Список ДЗО' is: '-0.00
4.08
3.97
-0.09
0.08
-0.42
-0.19
АО «Тываэнерго»
АО «Чеченэнерго»
Россети Северный Кавказ
Россети Сибирь
Россети Тюмень
Россети Центр (ГК)
Россети Центр и Приволжье (ГК)
-1
0
1
2
3
4
5
6
7'

16-10-2024T06:57:12 - [TEST_STEP][PASSED] - for ([ii = 1, ii < dZONum, (ii++)]): null

16-10-2024T06:57:12 - [TEST_STEP][PASSED] - i1 = z.indexOf("/") + 1: null

16-10-2024T06:57:12 - [TEST_STEP][PASSED] - if (i1 > -1): null

16-10-2024T06:57:13 - [TEST_STEP][PASSED] - z = z.substring(i1, z.length()): null

16-10-2024T06:57:13 - [TEST_STEP][PASSED] - i1 = z.indexOf("/"): null

16-10-2024T06:57:13 - [TEST_STEP][PASSED] - i1 = z.indexOf("/"): null

16-10-2024T06:57:13 - [TEST_STEP][PASSED] - if (i1 > -1): null

16-10-2024T06:57:13 - [TEST_STEP][PASSED] - z = z.substring(0, i1): null

16-10-2024T06:57:13 - [TEST_STEP][PASSED] - z = z.replace(",", "."): null

16-10-2024T06:57:13 - [TEST_STEP][PASSED] - println(z): null

16-10-2024T06:57:13 - [TEST_STEP][PASSED] - x = x + "/" + z: null

16-10-2024T06:57:13 - [TEST_STEP][PASSED] - x = x.replaceAll("[\r?
|
]", ""): null

16-10-2024T06:57:13 - [TEST_STEP][PASSED] - println(x): null

16-10-2024T06:57:13 - [TEST_STEP][PASSED] - return x: null

16-10-2024T06:57:13 - [TEST_STEP][PASSED] - println("chR: " + chR): null

16-10-2024T06:57:13 - [TEST_STEP][PASSED] - i = VseDZO.indexOf("Волга"): null

16-10-2024T06:57:13 - [TEST_STEP][PASSED] - if (i > -1): null

16-10-2024T06:57:13 - [TEST_STEP][PASSED] - else: null

16-10-2024T06:57:13 - [TEST_STEP][PASSED] - vR = vR + "нет данных/нет данных/нет данных/нет данных/нет данных/нет данных/нет данных/нет данных/нет данных": null

16-10-2024T06:57:13 - [TEST_STEP][PASSED] - println("vR: " + vR): null

16-10-2024T06:57:13 - [TEST_STEP][PASSED] - i = VseDZO.indexOf("Кубань"): null

16-10-2024T06:57:13 - [TEST_STEP][PASSED] - if (i > -1): null

16-10-2024T06:57:13 - [TEST_STEP][PASSED] - else: null

16-10-2024T06:57:13 - [TEST_STEP][PASSED] - kR = kR + "нет данных/нет данных/нет данных/нет данных/нет данных/нет данных/нет данных/нет данных/нет данных": null

16-10-2024T06:57:13 - [TEST_STEP][PASSED] - println("kR: " + kR): null

16-10-2024T06:57:13 - [TEST_STEP][PASSED] - i = VseDZO.indexOf("Ленэнерго"): null

16-10-2024T06:57:13 - [TEST_STEP][PASSED] - if (i > -1): null

16-10-2024T06:57:13 - [TEST_STEP][PASSED] - else: null

16-10-2024T06:57:13 - [TEST_STEP][PASSED] - lR = lR + "нет данных/нет данных/нет данных/нет данных/нет данных/нет данных/нет данных/нет данных/нет данных": null

16-10-2024T06:57:13 - [TEST_STEP][PASSED] - println("lR: " + lR): null

16-10-2024T06:57:13 - [TEST_STEP][PASSED] - i = VseDZO.indexOf("Московский"): null

16-10-2024T06:57:13 - [TEST_STEP][PASSED] - if (i > -1): null

16-10-2024T06:57:13 - [TEST_STEP][PASSED] - else: null

16-10-2024T06:57:13 - [TEST_STEP][PASSED] - mR = mR + "нет данных/нет данных/нет данных/нет данных/нет данных/нет данных/нет данных/нет данных/нет данных": null

16-10-2024T06:57:13 - [TEST_STEP][PASSED] - println("mR: " + mR): null

16-10-2024T06:57:13 - [TEST_STEP][PASSED] - i = VseDZO.indexOf("Кавказ"): null

16-10-2024T06:57:13 - [TEST_STEP][PASSED] - if (i > -1): null

16-10-2024T06:57:13 - [TEST_STEP][PASSED] - dZONum = dZONum + 1: null

16-10-2024T06:57:13 - [TEST_STEP][PASSED] - sKR = GetAllData(path, dZONum, VseDZO, x = "Россети Северный Кавказ (ГК)/"): null

16-10-2024T06:57:13 - [TEST_STEP][PASSED] - ii = <not implemented yet for class: org.codehaus.groovy.ast.expr.EmptyExpression>: null

16-10-2024T06:57:13 - [TEST_STEP][PASSED] - i1 = <not implemented yet for class: org.codehaus.groovy.ast.expr.EmptyExpression>: null

16-10-2024T06:57:13 - [TEST_STEP][PASSED] - z = <not implemented yet for class: org.codehaus.groovy.ast.expr.EmptyExpression>: null

16-10-2024T06:57:13 - [TEST_STEP][PASSED] - path2 = "Значения со страницы Выполнение бизнес-плана/Table Data/": null

16-10-2024T06:57:13 - [TEST_STEP][PASSED] - println("path: " + path): null

16-10-2024T06:57:13 - [TEST_STEP][PASSED] - println("dZONum: " + dZONum): null

16-10-2024T06:57:13 - [TEST_STEP][PASSED] - z = getText(findTestObject(path + "spanPlan" + dZONum)): Text of object 'Object Repository/Выполнение бизнес-плана/spanPlan3' is: '24.18'

16-10-2024T06:57:13 - [MESSAGE][PASSED] - Text of object 'Object Repository/Выполнение бизнес-плана/spanPlan3' is: '24.18'

16-10-2024T06:57:13 - [TEST_STEP][PASSED] - println(z): null

16-10-2024T06:57:13 - [TEST_STEP][PASSED] - ii = z.indexOf("|"): null

16-10-2024T06:57:13 - [TEST_STEP][PASSED] - if (ii > -1): null

16-10-2024T06:57:13 - [TEST_STEP][PASSED] - z = z.replaceAll("\s+", ""): null

16-10-2024T06:57:13 - [TEST_STEP][PASSED] - z = z.replace("[\r?
|
]", "/"): null

16-10-2024T06:57:13 - [TEST_STEP][PASSED] - println(z): null

16-10-2024T06:57:13 - [TEST_STEP][PASSED] - x = x + z: null

16-10-2024T06:57:13 - [TEST_STEP][PASSED] - z = getText(findTestObject(path + "spanFact" + dZONum)): Text of object 'Object Repository/Выполнение бизнес-плана/spanFact3' is: '28.15
|'

16-10-2024T06:57:13 - [MESSAGE][PASSED] - Text of object 'Object Repository/Выполнение бизнес-плана/spanFact3' is: '28.15
|'

16-10-2024T06:57:13 - [TEST_STEP][PASSED] - ii = z.indexOf("|"): null

16-10-2024T06:57:13 - [TEST_STEP][PASSED] - if (ii > -1): null

16-10-2024T06:57:13 - [TEST_STEP][PASSED] - z = length() - 1).replace("[\r?
|
]", "/"): null

16-10-2024T06:57:13 - [TEST_STEP][PASSED] - x = x + "/" + z: null

16-10-2024T06:57:13 - [TEST_STEP][PASSED] - z = getText(findTestObject(path + path2 + "Факт Отпуск в сеть за отчётный период " + dZONum)).replaceAll("\s+", ""): Text of object 'Object Repository/Выполнение бизнес-плана/Значения со страницы Выполнение бизнес-плана/Table Data/Факт Отпуск в сеть за отчётный период 3' is: '15 734 909'

16-10-2024T06:57:13 - [MESSAGE][PASSED] - Text of object 'Object Repository/Выполнение бизнес-плана/Значения со страницы Выполнение бизнес-плана/Table Data/Факт Отпуск в сеть за отчётный период 3' is: '15 734 909'

16-10-2024T06:57:13 - [TEST_STEP][PASSED] - x = x + "/" + z: null

16-10-2024T06:57:13 - [TEST_STEP][PASSED] - z = getText(findTestObject(path + path2 + "Факт Отпуск из сети за отчётный период " + dZONum)).replaceAll("\s+", ""): Text of object 'Object Repository/Выполнение бизнес-плана/Значения со страницы Выполнение бизнес-плана/Table Data/Факт Отпуск из сети за отчётный период 3' is: '11 305 954'

16-10-2024T06:57:14 - [MESSAGE][PASSED] - Text of object 'Object Repository/Выполнение бизнес-плана/Значения со страницы Выполнение бизнес-плана/Table Data/Факт Отпуск из сети за отчётный период 3' is: '11 305 954'

16-10-2024T06:57:14 - [TEST_STEP][PASSED] - x = x + "/" + z: null

16-10-2024T06:57:14 - [TEST_STEP][PASSED] - z = getText(findTestObject(path + path2 + "Факт Потери за отчётный период " + dZONum)).replaceAll("\s+", ""): Text of object 'Object Repository/Выполнение бизнес-плана/Значения со страницы Выполнение бизнес-плана/Table Data/Факт Потери за отчётный период 3' is: '4 428 955'

16-10-2024T06:57:14 - [MESSAGE][PASSED] - Text of object 'Object Repository/Выполнение бизнес-плана/Значения со страницы Выполнение бизнес-плана/Table Data/Факт Потери за отчётный период 3' is: '4 428 955'

16-10-2024T06:57:14 - [TEST_STEP][PASSED] - x = x + "/" + z: null

16-10-2024T06:57:14 - [TEST_STEP][PASSED] - z = getText(findTestObject(path + path2 + "План Отпуск в сеть за отчётный период " + dZONum)).replaceAll("\s+", ""): Text of object 'Object Repository/Выполнение бизнес-плана/Значения со страницы Выполнение бизнес-плана/Table Data/План Отпуск в сеть за отчётный период 3' is: '14 755 136'

16-10-2024T06:57:14 - [MESSAGE][PASSED] - Text of object 'Object Repository/Выполнение бизнес-плана/Значения со страницы Выполнение бизнес-плана/Table Data/План Отпуск в сеть за отчётный период 3' is: '14 755 136'

16-10-2024T06:57:14 - [TEST_STEP][PASSED] - x = x + "/" + z: null

16-10-2024T06:57:14 - [TEST_STEP][PASSED] - z = getText(findTestObject(path + path2 + "План Отпуск из сети за отчётный период " + dZONum)).replaceAll("\s+", ""): Text of object 'Object Repository/Выполнение бизнес-плана/Значения со страницы Выполнение бизнес-плана/Table Data/План Отпуск из сети за отчётный период 3' is: '11 187 191'

16-10-2024T06:57:15 - [MESSAGE][PASSED] - Text of object 'Object Repository/Выполнение бизнес-плана/Значения со страницы Выполнение бизнес-плана/Table Data/План Отпуск из сети за отчётный период 3' is: '11 187 191'

16-10-2024T06:57:15 - [TEST_STEP][PASSED] - x = x + "/" + z: null

16-10-2024T06:57:15 - [TEST_STEP][PASSED] - z = getText(findTestObject(path + path2 + "План Потери за отчётный период " + dZONum)).replaceAll("\s+", ""): Text of object 'Object Repository/Выполнение бизнес-плана/Значения со страницы Выполнение бизнес-плана/Table Data/План Потери за отчётный период 3' is: '3 567 945'

16-10-2024T06:57:15 - [MESSAGE][PASSED] - Text of object 'Object Repository/Выполнение бизнес-плана/Значения со страницы Выполнение бизнес-плана/Table Data/План Потери за отчётный период 3' is: '3 567 945'

16-10-2024T06:57:15 - [TEST_STEP][PASSED] - x = x + "/" + z: null

16-10-2024T06:57:15 - [TEST_STEP][PASSED] - z = getText(findTestObject(path + "Список ДЗО")).replaceAll("[\r?
|
]", "/"): Text of object 'Object Repository/Выполнение бизнес-плана/Список ДЗО' is: '-0.00
4.08
3.97
-0.09
0.08
-0.42
-0.19
АО «Тываэнерго»
АО «Чеченэнерго»
Россети Северный Кавказ
Россети Сибирь
Россети Тюмень
Россети Центр (ГК)
Россети Центр и Приволжье (ГК)
-1
0
1
2
3
4
5
6
7'

16-10-2024T06:57:15 - [MESSAGE][PASSED] - Text of object 'Object Repository/Выполнение бизнес-плана/Список ДЗО' is: '-0.00
4.08
3.97
-0.09
0.08
-0.42
-0.19
АО «Тываэнерго»
АО «Чеченэнерго»
Россети Северный Кавказ
Россети Сибирь
Россети Тюмень
Россети Центр (ГК)
Россети Центр и Приволжье (ГК)
-1
0
1
2
3
4
5
6
7'

16-10-2024T06:57:15 - [TEST_STEP][PASSED] - for ([ii = 1, ii < dZONum, (ii++)]): null

16-10-2024T06:57:15 - [TEST_STEP][PASSED] - i1 = z.indexOf("/") + 1: null

16-10-2024T06:57:15 - [TEST_STEP][PASSED] - if (i1 > -1): null

16-10-2024T06:57:15 - [TEST_STEP][PASSED] - z = z.substring(i1, z.length()): null

16-10-2024T06:57:15 - [TEST_STEP][PASSED] - i1 = z.indexOf("/"): null

16-10-2024T06:57:15 - [TEST_STEP][PASSED] - i1 = z.indexOf("/") + 1: null

16-10-2024T06:57:15 - [TEST_STEP][PASSED] - if (i1 > -1): null

16-10-2024T06:57:15 - [TEST_STEP][PASSED] - z = z.substring(i1, z.length()): null

16-10-2024T06:57:15 - [TEST_STEP][PASSED] - i1 = z.indexOf("/"): null

16-10-2024T06:57:15 - [TEST_STEP][PASSED] - i1 = z.indexOf("/"): null

16-10-2024T06:57:15 - [TEST_STEP][PASSED] - if (i1 > -1): null

16-10-2024T06:57:15 - [TEST_STEP][PASSED] - z = z.substring(0, i1): null

16-10-2024T06:57:15 - [TEST_STEP][PASSED] - z = z.replace(",", "."): null

16-10-2024T06:57:15 - [TEST_STEP][PASSED] - println(z): null

16-10-2024T06:57:15 - [TEST_STEP][PASSED] - x = x + "/" + z: null

16-10-2024T06:57:15 - [TEST_STEP][PASSED] - x = x.replaceAll("[\r?
|
]", ""): null

16-10-2024T06:57:15 - [TEST_STEP][PASSED] - println(x): null

16-10-2024T06:57:15 - [TEST_STEP][PASSED] - return x: null

16-10-2024T06:57:15 - [TEST_STEP][PASSED] - println("sKR: " + sKR): null

16-10-2024T06:57:15 - [TEST_STEP][PASSED] - i = VseDZO.indexOf("Запад"): null

16-10-2024T06:57:15 - [TEST_STEP][PASSED] - if (i > -1): null

16-10-2024T06:57:15 - [TEST_STEP][PASSED] - else: null

16-10-2024T06:57:15 - [TEST_STEP][PASSED] - sZR = sZR + "нет данных/нет данных/нет данных/нет данных/нет данных/нет данных/нет данных/нет данных/нет данных": null

16-10-2024T06:57:15 - [TEST_STEP][PASSED] - println("sZR: " + sZR): null

16-10-2024T06:57:15 - [TEST_STEP][PASSED] - i = VseDZO.indexOf("Сибирь"): null

16-10-2024T06:57:15 - [TEST_STEP][PASSED] - if (i > -1): null

16-10-2024T06:57:15 - [TEST_STEP][PASSED] - dZONum = dZONum + 1: null

16-10-2024T06:57:15 - [TEST_STEP][PASSED] - siR = GetAllData(path, dZONum, VseDZO, x = "Россети Сибирь (ГК)/"): null

16-10-2024T06:57:15 - [TEST_STEP][PASSED] - ii = <not implemented yet for class: org.codehaus.groovy.ast.expr.EmptyExpression>: null

16-10-2024T06:57:15 - [TEST_STEP][PASSED] - i1 = <not implemented yet for class: org.codehaus.groovy.ast.expr.EmptyExpression>: null

16-10-2024T06:57:15 - [TEST_STEP][PASSED] - z = <not implemented yet for class: org.codehaus.groovy.ast.expr.EmptyExpression>: null

16-10-2024T06:57:15 - [TEST_STEP][PASSED] - path2 = "Значения со страницы Выполнение бизнес-плана/Table Data/": null

16-10-2024T06:57:15 - [TEST_STEP][PASSED] - println("path: " + path): null

16-10-2024T06:57:15 - [TEST_STEP][PASSED] - println("dZONum: " + dZONum): null

16-10-2024T06:57:15 - [TEST_STEP][PASSED] - z = getText(findTestObject(path + "spanPlan" + dZONum)): Text of object 'Object Repository/Выполнение бизнес-плана/spanPlan4' is: '6.96
|'

16-10-2024T06:57:16 - [MESSAGE][PASSED] - Text of object 'Object Repository/Выполнение бизнес-плана/spanPlan4' is: '6.96
|'

16-10-2024T06:57:16 - [TEST_STEP][PASSED] - println(z): null

16-10-2024T06:57:16 - [TEST_STEP][PASSED] - ii = z.indexOf("|"): null

16-10-2024T06:57:16 - [TEST_STEP][PASSED] - if (ii > -1): null

16-10-2024T06:57:16 - [TEST_STEP][PASSED] - z = z.substring(0, z.length() - 1): null

16-10-2024T06:57:16 - [TEST_STEP][PASSED] - println(z): null

16-10-2024T06:57:16 - [TEST_STEP][PASSED] - z = z.replaceAll("\s+", ""): null

16-10-2024T06:57:16 - [TEST_STEP][PASSED] - z = z.replace("[\r?
|
]", "/"): null

16-10-2024T06:57:16 - [TEST_STEP][PASSED] - println(z): null

16-10-2024T06:57:16 - [TEST_STEP][PASSED] - x = x + z: null

16-10-2024T06:57:16 - [TEST_STEP][PASSED] - z = getText(findTestObject(path + "spanFact" + dZONum)): Text of object 'Object Repository/Выполнение бизнес-плана/spanFact4' is: '6.88'

16-10-2024T06:57:16 - [MESSAGE][PASSED] - Text of object 'Object Repository/Выполнение бизнес-плана/spanFact4' is: '6.88'

16-10-2024T06:57:16 - [TEST_STEP][PASSED] - ii = z.indexOf("|"): null

16-10-2024T06:57:16 - [TEST_STEP][PASSED] - if (ii > -1): null

16-10-2024T06:57:16 - [TEST_STEP][PASSED] - x = x + "/" + z: null

16-10-2024T06:57:16 - [TEST_STEP][PASSED] - z = getText(findTestObject(path + path2 + "Факт Отпуск в сеть за отчётный период " + dZONum)).replaceAll("\s+", ""): Text of object 'Object Repository/Выполнение бизнес-плана/Значения со страницы Выполнение бизнес-плана/Table Data/Факт Отпуск в сеть за отчётный период 4' is: '42 077 522'

16-10-2024T06:57:16 - [MESSAGE][PASSED] - Text of object 'Object Repository/Выполнение бизнес-плана/Значения со страницы Выполнение бизнес-плана/Table Data/Факт Отпуск в сеть за отчётный период 4' is: '42 077 522'

16-10-2024T06:57:16 - [TEST_STEP][PASSED] - x = x + "/" + z: null

16-10-2024T06:57:16 - [TEST_STEP][PASSED] - z = getText(findTestObject(path + path2 + "Факт Отпуск из сети за отчётный период " + dZONum)).replaceAll("\s+", ""): Text of object 'Object Repository/Выполнение бизнес-плана/Значения со страницы Выполнение бизнес-плана/Table Data/Факт Отпуск из сети за отчётный период 4' is: '39 183 294'

16-10-2024T06:57:17 - [MESSAGE][PASSED] - Text of object 'Object Repository/Выполнение бизнес-плана/Значения со страницы Выполнение бизнес-плана/Table Data/Факт Отпуск из сети за отчётный период 4' is: '39 183 294'

16-10-2024T06:57:17 - [TEST_STEP][PASSED] - x = x + "/" + z: null

16-10-2024T06:57:17 - [TEST_STEP][PASSED] - z = getText(findTestObject(path + path2 + "Факт Потери за отчётный период " + dZONum)).replaceAll("\s+", ""): Text of object 'Object Repository/Выполнение бизнес-плана/Значения со страницы Выполнение бизнес-плана/Table Data/Факт Потери за отчётный период 4' is: '2 894 228'

16-10-2024T06:57:17 - [MESSAGE][PASSED] - Text of object 'Object Repository/Выполнение бизнес-плана/Значения со страницы Выполнение бизнес-плана/Table Data/Факт Потери за отчётный период 4' is: '2 894 228'

16-10-2024T06:57:17 - [TEST_STEP][PASSED] - x = x + "/" + z: null

16-10-2024T06:57:17 - [TEST_STEP][PASSED] - z = getText(findTestObject(path + path2 + "План Отпуск в сеть за отчётный период " + dZONum)).replaceAll("\s+", ""): Text of object 'Object Repository/Выполнение бизнес-плана/Значения со страницы Выполнение бизнес-плана/Table Data/План Отпуск в сеть за отчётный период 4' is: '40 335 504'

16-10-2024T06:57:17 - [MESSAGE][PASSED] - Text of object 'Object Repository/Выполнение бизнес-плана/Значения со страницы Выполнение бизнес-плана/Table Data/План Отпуск в сеть за отчётный период 4' is: '40 335 504'

16-10-2024T06:57:17 - [TEST_STEP][PASSED] - x = x + "/" + z: null

16-10-2024T06:57:17 - [TEST_STEP][PASSED] - z = getText(findTestObject(path + path2 + "План Отпуск из сети за отчётный период " + dZONum)).replaceAll("\s+", ""): Text of object 'Object Repository/Выполнение бизнес-плана/Значения со страницы Выполнение бизнес-плана/Table Data/План Отпуск из сети за отчётный период 4' is: '37 526 242'

16-10-2024T06:57:17 - [MESSAGE][PASSED] - Text of object 'Object Repository/Выполнение бизнес-плана/Значения со страницы Выполнение бизнес-плана/Table Data/План Отпуск из сети за отчётный период 4' is: '37 526 242'

16-10-2024T06:57:17 - [TEST_STEP][PASSED] - x = x + "/" + z: null

16-10-2024T06:57:17 - [TEST_STEP][PASSED] - z = getText(findTestObject(path + path2 + "План Потери за отчётный период " + dZONum)).replaceAll("\s+", ""): Text of object 'Object Repository/Выполнение бизнес-плана/Значения со страницы Выполнение бизнес-плана/Table Data/План Потери за отчётный период 4' is: '2 809 262'

16-10-2024T06:57:18 - [MESSAGE][PASSED] - Text of object 'Object Repository/Выполнение бизнес-плана/Значения со страницы Выполнение бизнес-плана/Table Data/План Потери за отчётный период 4' is: '2 809 262'

16-10-2024T06:57:18 - [TEST_STEP][PASSED] - x = x + "/" + z: null

16-10-2024T06:57:18 - [TEST_STEP][PASSED] - z = getText(findTestObject(path + "Список ДЗО")).replaceAll("[\r?
|
]", "/"): Text of object 'Object Repository/Выполнение бизнес-плана/Список ДЗО' is: '-0.00
4.08
3.97
-0.09
0.08
-0.42
-0.19
АО «Тываэнерго»
АО «Чеченэнерго»
Россети Северный Кавказ
Россети Сибирь
Россети Тюмень
Россети Центр (ГК)
Россети Центр и Приволжье (ГК)
-1
0
1
2
3
4
5
6
7'

16-10-2024T06:57:18 - [MESSAGE][PASSED] - Text of object 'Object Repository/Выполнение бизнес-плана/Список ДЗО' is: '-0.00
4.08
3.97
-0.09
0.08
-0.42
-0.19
АО «Тываэнерго»
АО «Чеченэнерго»
Россети Северный Кавказ
Россети Сибирь
Россети Тюмень
Россети Центр (ГК)
Россети Центр и Приволжье (ГК)
-1
0
1
2
3
4
5
6
7'

16-10-2024T06:57:18 - [TEST_STEP][PASSED] - for ([ii = 1, ii < dZONum, (ii++)]): null

16-10-2024T06:57:18 - [TEST_STEP][PASSED] - i1 = z.indexOf("/") + 1: null

16-10-2024T06:57:18 - [TEST_STEP][PASSED] - if (i1 > -1): null

16-10-2024T06:57:18 - [TEST_STEP][PASSED] - z = z.substring(i1, z.length()): null

16-10-2024T06:57:18 - [TEST_STEP][PASSED] - i1 = z.indexOf("/"): null

16-10-2024T06:57:18 - [TEST_STEP][PASSED] - i1 = z.indexOf("/") + 1: null

16-10-2024T06:57:18 - [TEST_STEP][PASSED] - if (i1 > -1): null

16-10-2024T06:57:18 - [TEST_STEP][PASSED] - z = z.substring(i1, z.length()): null

16-10-2024T06:57:18 - [TEST_STEP][PASSED] - i1 = z.indexOf("/"): null

16-10-2024T06:57:18 - [TEST_STEP][PASSED] - i1 = z.indexOf("/") + 1: null

16-10-2024T06:57:18 - [TEST_STEP][PASSED] - if (i1 > -1): null

16-10-2024T06:57:18 - [TEST_STEP][PASSED] - z = z.substring(i1, z.length()): null

16-10-2024T06:57:18 - [TEST_STEP][PASSED] - i1 = z.indexOf("/"): null

16-10-2024T06:57:18 - [TEST_STEP][PASSED] - i1 = z.indexOf("/"): null

16-10-2024T06:57:18 - [TEST_STEP][PASSED] - if (i1 > -1): null

16-10-2024T06:57:18 - [TEST_STEP][PASSED] - z = z.substring(0, i1): null

16-10-2024T06:57:18 - [TEST_STEP][PASSED] - z = z.replace(",", "."): null

16-10-2024T06:57:18 - [TEST_STEP][PASSED] - println(z): null

16-10-2024T06:57:18 - [TEST_STEP][PASSED] - x = x + "/" + z: null

16-10-2024T06:57:18 - [TEST_STEP][PASSED] - x = x.replaceAll("[\r?
|
]", ""): null

16-10-2024T06:57:18 - [TEST_STEP][PASSED] - println(x): null

16-10-2024T06:57:18 - [TEST_STEP][PASSED] - return x: null

16-10-2024T06:57:18 - [TEST_STEP][PASSED] - println("siR: " + siR): null

16-10-2024T06:57:18 - [TEST_STEP][PASSED] - i = VseDZO.indexOf("Томск"): null

16-10-2024T06:57:18 - [TEST_STEP][PASSED] - if (i > -1): null

16-10-2024T06:57:18 - [TEST_STEP][PASSED] - else: null

16-10-2024T06:57:18 - [TEST_STEP][PASSED] - tomR = tomR + "нет данных/нет данных/нет данных/нет данных/нет данных/нет данных/нет данных/нет данных/нет данных": null

16-10-2024T06:57:18 - [TEST_STEP][PASSED] - println("tomR: " + tomR): null

16-10-2024T06:57:18 - [TEST_STEP][PASSED] - i = VseDZO.indexOf("Тюмень"): null

16-10-2024T06:57:18 - [TEST_STEP][PASSED] - if (i > -1): null

16-10-2024T06:57:18 - [TEST_STEP][PASSED] - dZONum = dZONum + 1: null

16-10-2024T06:57:18 - [TEST_STEP][PASSED] - tyumR = GetAllData(path, dZONum, VseDZO, x = "Россети Тюмень/"): null

16-10-2024T06:57:18 - [TEST_STEP][PASSED] - ii = <not implemented yet for class: org.codehaus.groovy.ast.expr.EmptyExpression>: null

16-10-2024T06:57:18 - [TEST_STEP][PASSED] - i1 = <not implemented yet for class: org.codehaus.groovy.ast.expr.EmptyExpression>: null

16-10-2024T06:57:18 - [TEST_STEP][PASSED] - z = <not implemented yet for class: org.codehaus.groovy.ast.expr.EmptyExpression>: null

16-10-2024T06:57:18 - [TEST_STEP][PASSED] - path2 = "Значения со страницы Выполнение бизнес-плана/Table Data/": null

16-10-2024T06:57:18 - [TEST_STEP][PASSED] - println("path: " + path): null

16-10-2024T06:57:18 - [TEST_STEP][PASSED] - println("dZONum: " + dZONum): null

16-10-2024T06:57:18 - [TEST_STEP][PASSED] - z = getText(findTestObject(path + "spanPlan" + dZONum)): Text of object 'Object Repository/Выполнение бизнес-плана/spanPlan5' is: '2.52'

16-10-2024T06:57:18 - [MESSAGE][PASSED] - Text of object 'Object Repository/Выполнение бизнес-плана/spanPlan5' is: '2.52'

16-10-2024T06:57:18 - [TEST_STEP][PASSED] - println(z): null

16-10-2024T06:57:18 - [TEST_STEP][PASSED] - ii = z.indexOf("|"): null

16-10-2024T06:57:18 - [TEST_STEP][PASSED] - if (ii > -1): null

16-10-2024T06:57:18 - [TEST_STEP][PASSED] - z = z.replaceAll("\s+", ""): null

16-10-2024T06:57:18 - [TEST_STEP][PASSED] - z = z.replace("[\r?
|
]", "/"): null

16-10-2024T06:57:18 - [TEST_STEP][PASSED] - println(z): null

16-10-2024T06:57:18 - [TEST_STEP][PASSED] - x = x + z: null

16-10-2024T06:57:18 - [TEST_STEP][PASSED] - z = getText(findTestObject(path + "spanFact" + dZONum)): Text of object 'Object Repository/Выполнение бизнес-плана/spanFact5' is: '2.60
|'

16-10-2024T06:57:19 - [MESSAGE][PASSED] - Text of object 'Object Repository/Выполнение бизнес-плана/spanFact5' is: '2.60
|'

16-10-2024T06:57:19 - [TEST_STEP][PASSED] - ii = z.indexOf("|"): null

16-10-2024T06:57:19 - [TEST_STEP][PASSED] - if (ii > -1): null

16-10-2024T06:57:19 - [TEST_STEP][PASSED] - z = length() - 1).replace("[\r?
|
]", "/"): null

16-10-2024T06:57:19 - [TEST_STEP][PASSED] - x = x + "/" + z: null

16-10-2024T06:57:19 - [TEST_STEP][PASSED] - z = getText(findTestObject(path + path2 + "Факт Отпуск в сеть за отчётный период " + dZONum)).replaceAll("\s+", ""): Text of object 'Object Repository/Выполнение бизнес-плана/Значения со страницы Выполнение бизнес-плана/Table Data/Факт Отпуск в сеть за отчётный период 5' is: '35 166 539'

16-10-2024T06:57:19 - [MESSAGE][PASSED] - Text of object 'Object Repository/Выполнение бизнес-плана/Значения со страницы Выполнение бизнес-плана/Table Data/Факт Отпуск в сеть за отчётный период 5' is: '35 166 539'

16-10-2024T06:57:19 - [TEST_STEP][PASSED] - x = x + "/" + z: null

16-10-2024T06:57:19 - [TEST_STEP][PASSED] - z = getText(findTestObject(path + path2 + "Факт Отпуск из сети за отчётный период " + dZONum)).replaceAll("\s+", ""): Text of object 'Object Repository/Выполнение бизнес-плана/Значения со страницы Выполнение бизнес-плана/Table Data/Факт Отпуск из сети за отчётный период 5' is: '34 250 957'

16-10-2024T06:57:19 - [MESSAGE][PASSED] - Text of object 'Object Repository/Выполнение бизнес-плана/Значения со страницы Выполнение бизнес-плана/Table Data/Факт Отпуск из сети за отчётный период 5' is: '34 250 957'

16-10-2024T06:57:19 - [TEST_STEP][PASSED] - x = x + "/" + z: null

16-10-2024T06:57:19 - [TEST_STEP][PASSED] - z = getText(findTestObject(path + path2 + "Факт Потери за отчётный период " + dZONum)).replaceAll("\s+", ""): Text of object 'Object Repository/Выполнение бизнес-плана/Значения со страницы Выполнение бизнес-плана/Table Data/Факт Потери за отчётный период 5' is: '915 582'

16-10-2024T06:57:20 - [MESSAGE][PASSED] - Text of object 'Object Repository/Выполнение бизнес-плана/Значения со страницы Выполнение бизнес-плана/Table Data/Факт Потери за отчётный период 5' is: '915 582'

16-10-2024T06:57:20 - [TEST_STEP][PASSED] - x = x + "/" + z: null

16-10-2024T06:57:20 - [TEST_STEP][PASSED] - z = getText(findTestObject(path + path2 + "План Отпуск в сеть за отчётный период " + dZONum)).replaceAll("\s+", ""): Text of object 'Object Repository/Выполнение бизнес-плана/Значения со страницы Выполнение бизнес-плана/Table Data/План Отпуск в сеть за отчётный период 5' is: '36 273 204'

16-10-2024T06:57:20 - [MESSAGE][PASSED] - Text of object 'Object Repository/Выполнение бизнес-плана/Значения со страницы Выполнение бизнес-плана/Table Data/План Отпуск в сеть за отчётный период 5' is: '36 273 204'

16-10-2024T06:57:20 - [TEST_STEP][PASSED] - x = x + "/" + z: null

16-10-2024T06:57:20 - [TEST_STEP][PASSED] - z = getText(findTestObject(path + path2 + "План Отпуск из сети за отчётный период " + dZONum)).replaceAll("\s+", ""): Text of object 'Object Repository/Выполнение бизнес-плана/Значения со страницы Выполнение бизнес-плана/Table Data/План Отпуск из сети за отчётный период 5' is: '35 358 006'

16-10-2024T06:57:20 - [MESSAGE][PASSED] - Text of object 'Object Repository/Выполнение бизнес-плана/Значения со страницы Выполнение бизнес-плана/Table Data/План Отпуск из сети за отчётный период 5' is: '35 358 006'

16-10-2024T06:57:20 - [TEST_STEP][PASSED] - x = x + "/" + z: null

16-10-2024T06:57:20 - [TEST_STEP][PASSED] - z = getText(findTestObject(path + path2 + "План Потери за отчётный период " + dZONum)).replaceAll("\s+", ""): Text of object 'Object Repository/Выполнение бизнес-плана/Значения со страницы Выполнение бизнес-плана/Table Data/План Потери за отчётный период 5' is: '915 198'

16-10-2024T06:57:21 - [MESSAGE][PASSED] - Text of object 'Object Repository/Выполнение бизнес-плана/Значения со страницы Выполнение бизнес-плана/Table Data/План Потери за отчётный период 5' is: '915 198'

16-10-2024T06:57:21 - [TEST_STEP][PASSED] - x = x + "/" + z: null

16-10-2024T06:57:21 - [TEST_STEP][PASSED] - z = getText(findTestObject(path + "Список ДЗО")).replaceAll("[\r?
|
]", "/"): Text of object 'Object Repository/Выполнение бизнес-плана/Список ДЗО' is: '-0.00
4.08
3.97
-0.09
0.08
-0.42
-0.19
АО «Тываэнерго»
АО «Чеченэнерго»
Россети Северный Кавказ
Россети Сибирь
Россети Тюмень
Россети Центр (ГК)
Россети Центр и Приволжье (ГК)
-1
0
1
2
3
4
5
6
7'

16-10-2024T06:57:21 - [MESSAGE][PASSED] - Text of object 'Object Repository/Выполнение бизнес-плана/Список ДЗО' is: '-0.00
4.08
3.97
-0.09
0.08
-0.42
-0.19
АО «Тываэнерго»
АО «Чеченэнерго»
Россети Северный Кавказ
Россети Сибирь
Россети Тюмень
Россети Центр (ГК)
Россети Центр и Приволжье (ГК)
-1
0
1
2
3
4
5
6
7'

16-10-2024T06:57:21 - [TEST_STEP][PASSED] - for ([ii = 1, ii < dZONum, (ii++)]): null

16-10-2024T06:57:21 - [TEST_STEP][PASSED] - i1 = z.indexOf("/") + 1: null

16-10-2024T06:57:21 - [TEST_STEP][PASSED] - if (i1 > -1): null

16-10-2024T06:57:21 - [TEST_STEP][PASSED] - z = z.substring(i1, z.length()): null

16-10-2024T06:57:21 - [TEST_STEP][PASSED] - i1 = z.indexOf("/"): null

16-10-2024T06:57:21 - [TEST_STEP][PASSED] - i1 = z.indexOf("/") + 1: null

16-10-2024T06:57:21 - [TEST_STEP][PASSED] - if (i1 > -1): null

16-10-2024T06:57:21 - [TEST_STEP][PASSED] - z = z.substring(i1, z.length()): null

16-10-2024T06:57:21 - [TEST_STEP][PASSED] - i1 = z.indexOf("/"): null

16-10-2024T06:57:21 - [TEST_STEP][PASSED] - i1 = z.indexOf("/") + 1: null

16-10-2024T06:57:21 - [TEST_STEP][PASSED] - if (i1 > -1): null

16-10-2024T06:57:21 - [TEST_STEP][PASSED] - z = z.substring(i1, z.length()): null

16-10-2024T06:57:21 - [TEST_STEP][PASSED] - i1 = z.indexOf("/"): null

16-10-2024T06:57:21 - [TEST_STEP][PASSED] - i1 = z.indexOf("/") + 1: null

16-10-2024T06:57:21 - [TEST_STEP][PASSED] - if (i1 > -1): null

16-10-2024T06:57:21 - [TEST_STEP][PASSED] - z = z.substring(i1, z.length()): null

16-10-2024T06:57:21 - [TEST_STEP][PASSED] - i1 = z.indexOf("/"): null

16-10-2024T06:57:21 - [TEST_STEP][PASSED] - i1 = z.indexOf("/"): null

16-10-2024T06:57:21 - [TEST_STEP][PASSED] - if (i1 > -1): null

16-10-2024T06:57:21 - [TEST_STEP][PASSED] - z = z.substring(0, i1): null

16-10-2024T06:57:21 - [TEST_STEP][PASSED] - z = z.replace(",", "."): null

16-10-2024T06:57:21 - [TEST_STEP][PASSED] - println(z): null

16-10-2024T06:57:21 - [TEST_STEP][PASSED] - x = x + "/" + z: null

16-10-2024T06:57:21 - [TEST_STEP][PASSED] - x = x.replaceAll("[\r?
|
]", ""): null

16-10-2024T06:57:21 - [TEST_STEP][PASSED] - println(x): null

16-10-2024T06:57:21 - [TEST_STEP][PASSED] - return x: null

16-10-2024T06:57:21 - [TEST_STEP][PASSED] - println("tyumR: " + tyumR): null

16-10-2024T06:57:21 - [TEST_STEP][PASSED] - i = VseDZO.indexOf("Урал"): null

16-10-2024T06:57:21 - [TEST_STEP][PASSED] - if (i > -1): null

16-10-2024T06:57:21 - [TEST_STEP][PASSED] - else: null

16-10-2024T06:57:21 - [TEST_STEP][PASSED] - urR = urR + "нет данных/нет данных/нет данных/нет данных/нет данных/нет данных/нет данных/нет данных/нет данных": null

16-10-2024T06:57:21 - [TEST_STEP][PASSED] - println("urR: " + urR): null

16-10-2024T06:57:21 - [TEST_STEP][PASSED] - i = VseDZO.indexOf("Центр"): null

16-10-2024T06:57:21 - [TEST_STEP][PASSED] - if (i > -1): null

16-10-2024T06:57:21 - [TEST_STEP][PASSED] - dZONum = dZONum + 1: null

16-10-2024T06:57:21 - [TEST_STEP][PASSED] - cenR = GetAllData(path, dZONum, VseDZO, x = "Россети Центр (ГК)/"): null

16-10-2024T06:57:21 - [TEST_STEP][PASSED] - ii = <not implemented yet for class: org.codehaus.groovy.ast.expr.EmptyExpression>: null

16-10-2024T06:57:21 - [TEST_STEP][PASSED] - i1 = <not implemented yet for class: org.codehaus.groovy.ast.expr.EmptyExpression>: null

16-10-2024T06:57:21 - [TEST_STEP][PASSED] - z = <not implemented yet for class: org.codehaus.groovy.ast.expr.EmptyExpression>: null

16-10-2024T06:57:21 - [TEST_STEP][PASSED] - path2 = "Значения со страницы Выполнение бизнес-плана/Table Data/": null

16-10-2024T06:57:21 - [TEST_STEP][PASSED] - println("path: " + path): null

16-10-2024T06:57:21 - [TEST_STEP][PASSED] - println("dZONum: " + dZONum): null

16-10-2024T06:57:21 - [TEST_STEP][PASSED] - z = getText(findTestObject(path + "spanPlan" + dZONum)): Text of object 'Object Repository/Выполнение бизнес-плана/spanPlan6' is: '10.14
|'

16-10-2024T06:57:21 - [MESSAGE][PASSED] - Text of object 'Object Repository/Выполнение бизнес-плана/spanPlan6' is: '10.14
|'

16-10-2024T06:57:21 - [TEST_STEP][PASSED] - println(z): null

16-10-2024T06:57:21 - [TEST_STEP][PASSED] - ii = z.indexOf("|"): null

16-10-2024T06:57:21 - [TEST_STEP][PASSED] - if (ii > -1): null

16-10-2024T06:57:21 - [TEST_STEP][PASSED] - z = z.substring(0, z.length() - 1): null

16-10-2024T06:57:21 - [TEST_STEP][PASSED] - println(z): null

16-10-2024T06:57:21 - [TEST_STEP][PASSED] - z = z.replaceAll("\s+", ""): null

16-10-2024T06:57:21 - [TEST_STEP][PASSED] - z = z.replace("[\r?
|
]", "/"): null

16-10-2024T06:57:21 - [TEST_STEP][PASSED] - println(z): null

16-10-2024T06:57:21 - [TEST_STEP][PASSED] - x = x + z: null

16-10-2024T06:57:21 - [TEST_STEP][PASSED] - z = getText(findTestObject(path + "spanFact" + dZONum)): Text of object 'Object Repository/Выполнение бизнес-плана/spanFact6' is: '9.71'

16-10-2024T06:57:22 - [MESSAGE][PASSED] - Text of object 'Object Repository/Выполнение бизнес-плана/spanFact6' is: '9.71'

16-10-2024T06:57:22 - [TEST_STEP][PASSED] - ii = z.indexOf("|"): null

16-10-2024T06:57:22 - [TEST_STEP][PASSED] - if (ii > -1): null

16-10-2024T06:57:22 - [TEST_STEP][PASSED] - x = x + "/" + z: null

16-10-2024T06:57:22 - [TEST_STEP][PASSED] - z = getText(findTestObject(path + path2 + "Факт Отпуск в сеть за отчётный период " + dZONum)).replaceAll("\s+", ""): Text of object 'Object Repository/Выполнение бизнес-плана/Значения со страницы Выполнение бизнес-плана/Table Data/Факт Отпуск в сеть за отчётный период 6' is: '40 032 969'

16-10-2024T06:57:22 - [MESSAGE][PASSED] - Text of object 'Object Repository/Выполнение бизнес-плана/Значения со страницы Выполнение бизнес-плана/Table Data/Факт Отпуск в сеть за отчётный период 6' is: '40 032 969'

16-10-2024T06:57:22 - [TEST_STEP][PASSED] - x = x + "/" + z: null

16-10-2024T06:57:22 - [TEST_STEP][PASSED] - z = getText(findTestObject(path + path2 + "Факт Отпуск из сети за отчётный период " + dZONum)).replaceAll("\s+", ""): Text of object 'Object Repository/Выполнение бизнес-плана/Значения со страницы Выполнение бизнес-плана/Table Data/Факт Отпуск из сети за отчётный период 6' is: '36 144 550'

16-10-2024T06:57:22 - [MESSAGE][PASSED] - Text of object 'Object Repository/Выполнение бизнес-плана/Значения со страницы Выполнение бизнес-плана/Table Data/Факт Отпуск из сети за отчётный период 6' is: '36 144 550'

16-10-2024T06:57:22 - [TEST_STEP][PASSED] - x = x + "/" + z: null

16-10-2024T06:57:22 - [TEST_STEP][PASSED] - z = getText(findTestObject(path + path2 + "Факт Потери за отчётный период " + dZONum)).replaceAll("\s+", ""): Text of object 'Object Repository/Выполнение бизнес-плана/Значения со страницы Выполнение бизнес-плана/Table Data/Факт Потери за отчётный период 6' is: '3 888 420'

16-10-2024T06:57:22 - [MESSAGE][PASSED] - Text of object 'Object Repository/Выполнение бизнес-плана/Значения со страницы Выполнение бизнес-плана/Table Data/Факт Потери за отчётный период 6' is: '3 888 420'

16-10-2024T06:57:22 - [TEST_STEP][PASSED] - x = x + "/" + z: null

16-10-2024T06:57:22 - [TEST_STEP][PASSED] - z = getText(findTestObject(path + path2 + "План Отпуск в сеть за отчётный период " + dZONum)).replaceAll("\s+", ""): Text of object 'Object Repository/Выполнение бизнес-плана/Значения со страницы Выполнение бизнес-плана/Table Data/План Отпуск в сеть за отчётный период 6' is: '38 560 890'

16-10-2024T06:57:23 - [MESSAGE][PASSED] - Text of object 'Object Repository/Выполнение бизнес-плана/Значения со страницы Выполнение бизнес-плана/Table Data/План Отпуск в сеть за отчётный период 6' is: '38 560 890'

16-10-2024T06:57:23 - [TEST_STEP][PASSED] - x = x + "/" + z: null

16-10-2024T06:57:23 - [TEST_STEP][PASSED] - z = getText(findTestObject(path + path2 + "План Отпуск из сети за отчётный период " + dZONum)).replaceAll("\s+", ""): Text of object 'Object Repository/Выполнение бизнес-плана/Значения со страницы Выполнение бизнес-плана/Table Data/План Отпуск из сети за отчётный период 6' is: '34 651 956'

16-10-2024T06:57:23 - [MESSAGE][PASSED] - Text of object 'Object Repository/Выполнение бизнес-плана/Значения со страницы Выполнение бизнес-плана/Table Data/План Отпуск из сети за отчётный период 6' is: '34 651 956'

16-10-2024T06:57:23 - [TEST_STEP][PASSED] - x = x + "/" + z: null

16-10-2024T06:57:23 - [TEST_STEP][PASSED] - z = getText(findTestObject(path + path2 + "План Потери за отчётный период " + dZONum)).replaceAll("\s+", ""): Text of object 'Object Repository/Выполнение бизнес-плана/Значения со страницы Выполнение бизнес-плана/Table Data/План Потери за отчётный период 6' is: '3 908 934'

16-10-2024T06:57:23 - [MESSAGE][PASSED] - Text of object 'Object Repository/Выполнение бизнес-плана/Значения со страницы Выполнение бизнес-плана/Table Data/План Потери за отчётный период 6' is: '3 908 934'

16-10-2024T06:57:23 - [TEST_STEP][PASSED] - x = x + "/" + z: null

16-10-2024T06:57:23 - [TEST_STEP][PASSED] - z = getText(findTestObject(path + "Список ДЗО")).replaceAll("[\r?
|
]", "/"): Text of object 'Object Repository/Выполнение бизнес-плана/Список ДЗО' is: '-0.00
4.08
3.97
-0.09
0.08
-0.42
-0.19
АО «Тываэнерго»
АО «Чеченэнерго»
Россети Северный Кавказ
Россети Сибирь
Россети Тюмень
Россети Центр (ГК)
Россети Центр и Приволжье (ГК)
-1
0
1
2
3
4
5
6
7'

16-10-2024T06:57:24 - [MESSAGE][PASSED] - Text of object 'Object Repository/Выполнение бизнес-плана/Список ДЗО' is: '-0.00
4.08
3.97
-0.09
0.08
-0.42
-0.19
АО «Тываэнерго»
АО «Чеченэнерго»
Россети Северный Кавказ
Россети Сибирь
Россети Тюмень
Россети Центр (ГК)
Россети Центр и Приволжье (ГК)
-1
0
1
2
3
4
5
6
7'

16-10-2024T06:57:24 - [TEST_STEP][PASSED] - for ([ii = 1, ii < dZONum, (ii++)]): null

16-10-2024T06:57:24 - [TEST_STEP][PASSED] - i1 = z.indexOf("/") + 1: null

16-10-2024T06:57:24 - [TEST_STEP][PASSED] - if (i1 > -1): null

16-10-2024T06:57:24 - [TEST_STEP][PASSED] - z = z.substring(i1, z.length()): null

16-10-2024T06:57:24 - [TEST_STEP][PASSED] - i1 = z.indexOf("/"): null

16-10-2024T06:57:24 - [TEST_STEP][PASSED] - i1 = z.indexOf("/") + 1: null

16-10-2024T06:57:24 - [TEST_STEP][PASSED] - if (i1 > -1): null

16-10-2024T06:57:24 - [TEST_STEP][PASSED] - z = z.substring(i1, z.length()): null

16-10-2024T06:57:24 - [TEST_STEP][PASSED] - i1 = z.indexOf("/"): null

16-10-2024T06:57:24 - [TEST_STEP][PASSED] - i1 = z.indexOf("/") + 1: null

16-10-2024T06:57:24 - [TEST_STEP][PASSED] - if (i1 > -1): null

16-10-2024T06:57:24 - [TEST_STEP][PASSED] - z = z.substring(i1, z.length()): null

16-10-2024T06:57:24 - [TEST_STEP][PASSED] - i1 = z.indexOf("/"): null

16-10-2024T06:57:24 - [TEST_STEP][PASSED] - i1 = z.indexOf("/") + 1: null

16-10-2024T06:57:24 - [TEST_STEP][PASSED] - if (i1 > -1): null

16-10-2024T06:57:24 - [TEST_STEP][PASSED] - z = z.substring(i1, z.length()): null

16-10-2024T06:57:24 - [TEST_STEP][PASSED] - i1 = z.indexOf("/"): null

16-10-2024T06:57:24 - [TEST_STEP][PASSED] - i1 = z.indexOf("/") + 1: null

16-10-2024T06:57:24 - [TEST_STEP][PASSED] - if (i1 > -1): null

16-10-2024T06:57:24 - [TEST_STEP][PASSED] - z = z.substring(i1, z.length()): null

16-10-2024T06:57:24 - [TEST_STEP][PASSED] - i1 = z.indexOf("/"): null

16-10-2024T06:57:24 - [TEST_STEP][PASSED] - i1 = z.indexOf("/"): null

16-10-2024T06:57:24 - [TEST_STEP][PASSED] - if (i1 > -1): null

16-10-2024T06:57:24 - [TEST_STEP][PASSED] - z = z.substring(0, i1): null

16-10-2024T06:57:24 - [TEST_STEP][PASSED] - z = z.replace(",", "."): null

16-10-2024T06:57:24 - [TEST_STEP][PASSED] - println(z): null

16-10-2024T06:57:24 - [TEST_STEP][PASSED] - x = x + "/" + z: null

16-10-2024T06:57:24 - [TEST_STEP][PASSED] - x = x.replaceAll("[\r?
|
]", ""): null

16-10-2024T06:57:24 - [TEST_STEP][PASSED] - println(x): null

16-10-2024T06:57:24 - [TEST_STEP][PASSED] - return x: null

16-10-2024T06:57:24 - [TEST_STEP][PASSED] - println("cenR: " + cenR): null

16-10-2024T06:57:24 - [TEST_STEP][PASSED] - i = VseDZO.indexOf("Приволжье"): null

16-10-2024T06:57:24 - [TEST_STEP][PASSED] - if (i > -1): null

16-10-2024T06:57:24 - [TEST_STEP][PASSED] - dZONum = dZONum + 1: null

16-10-2024T06:57:24 - [TEST_STEP][PASSED] - cIPR = GetAllData(path, dZONum, VseDZO, x = "Россети Центр и Приволжье (ГК)/"): null

16-10-2024T06:57:24 - [TEST_STEP][PASSED] - ii = <not implemented yet for class: org.codehaus.groovy.ast.expr.EmptyExpression>: null

16-10-2024T06:57:24 - [TEST_STEP][PASSED] - i1 = <not implemented yet for class: org.codehaus.groovy.ast.expr.EmptyExpression>: null

16-10-2024T06:57:24 - [TEST_STEP][PASSED] - z = <not implemented yet for class: org.codehaus.groovy.ast.expr.EmptyExpression>: null

16-10-2024T06:57:24 - [TEST_STEP][PASSED] - path2 = "Значения со страницы Выполнение бизнес-плана/Table Data/": null

16-10-2024T06:57:24 - [TEST_STEP][PASSED] - println("path: " + path): null

16-10-2024T06:57:24 - [TEST_STEP][PASSED] - println("dZONum: " + dZONum): null

16-10-2024T06:57:24 - [TEST_STEP][PASSED] - z = getText(findTestObject(path + "spanPlan" + dZONum)): Text of object 'Object Repository/Выполнение бизнес-плана/spanPlan7' is: '6.93
|'

16-10-2024T06:57:24 - [MESSAGE][PASSED] - Text of object 'Object Repository/Выполнение бизнес-плана/spanPlan7' is: '6.93
|'

16-10-2024T06:57:24 - [TEST_STEP][PASSED] - println(z): null

16-10-2024T06:57:24 - [TEST_STEP][PASSED] - ii = z.indexOf("|"): null

16-10-2024T06:57:24 - [TEST_STEP][PASSED] - if (ii > -1): null

16-10-2024T06:57:24 - [TEST_STEP][PASSED] - z = z.substring(0, z.length() - 1): null

16-10-2024T06:57:24 - [TEST_STEP][PASSED] - println(z): null

16-10-2024T06:57:24 - [TEST_STEP][PASSED] - z = z.replaceAll("\s+", ""): null

16-10-2024T06:57:24 - [TEST_STEP][PASSED] - z = z.replace("[\r?
|
]", "/"): null

16-10-2024T06:57:24 - [TEST_STEP][PASSED] - println(z): null

16-10-2024T06:57:24 - [TEST_STEP][PASSED] - x = x + z: null

16-10-2024T06:57:24 - [TEST_STEP][PASSED] - z = getText(findTestObject(path + "spanFact" + dZONum)): Text of object 'Object Repository/Выполнение бизнес-плана/spanFact7' is: '6.73'

16-10-2024T06:57:24 - [MESSAGE][PASSED] - Text of object 'Object Repository/Выполнение бизнес-плана/spanFact7' is: '6.73'

16-10-2024T06:57:24 - [TEST_STEP][PASSED] - ii = z.indexOf("|"): null

16-10-2024T06:57:24 - [TEST_STEP][PASSED] - if (ii > -1): null

16-10-2024T06:57:24 - [TEST_STEP][PASSED] - x = x + "/" + z: null

16-10-2024T06:57:24 - [TEST_STEP][PASSED] - z = getText(findTestObject(path + path2 + "Факт Отпуск в сеть за отчётный период " + dZONum)).replaceAll("\s+", ""): Text of object 'Object Repository/Выполнение бизнес-плана/Значения со страницы Выполнение бизнес-плана/Table Data/Факт Отпуск в сеть за отчётный период 7' is: '36 847 701'

16-10-2024T06:57:25 - [MESSAGE][PASSED] - Text of object 'Object Repository/Выполнение бизнес-плана/Значения со страницы Выполнение бизнес-плана/Table Data/Факт Отпуск в сеть за отчётный период 7' is: '36 847 701'

16-10-2024T06:57:25 - [TEST_STEP][PASSED] - x = x + "/" + z: null

16-10-2024T06:57:25 - [TEST_STEP][PASSED] - z = getText(findTestObject(path + path2 + "Факт Отпуск из сети за отчётный период " + dZONum)).replaceAll("\s+", ""): Text of object 'Object Repository/Выполнение бизнес-плана/Значения со страницы Выполнение бизнес-плана/Table Data/Факт Отпуск из сети за отчётный период 7' is: '34 366 748'

16-10-2024T06:57:25 - [MESSAGE][PASSED] - Text of object 'Object Repository/Выполнение бизнес-плана/Значения со страницы Выполнение бизнес-плана/Table Data/Факт Отпуск из сети за отчётный период 7' is: '34 366 748'

16-10-2024T06:57:25 - [TEST_STEP][PASSED] - x = x + "/" + z: null

16-10-2024T06:57:25 - [TEST_STEP][PASSED] - z = getText(findTestObject(path + path2 + "Факт Потери за отчётный период " + dZONum)).replaceAll("\s+", ""): Text of object 'Object Repository/Выполнение бизнес-плана/Значения со страницы Выполнение бизнес-плана/Table Data/Факт Потери за отчётный период 7' is: '2 480 953'

16-10-2024T06:57:25 - [MESSAGE][PASSED] - Text of object 'Object Repository/Выполнение бизнес-плана/Значения со страницы Выполнение бизнес-плана/Table Data/Факт Потери за отчётный период 7' is: '2 480 953'

16-10-2024T06:57:25 - [TEST_STEP][PASSED] - x = x + "/" + z: null

16-10-2024T06:57:25 - [TEST_STEP][PASSED] - z = getText(findTestObject(path + path2 + "План Отпуск в сеть за отчётный период " + dZONum)).replaceAll("\s+", ""): Text of object 'Object Repository/Выполнение бизнес-плана/Значения со страницы Выполнение бизнес-плана/Table Data/План Отпуск в сеть за отчётный период 7' is: '35 372 175'

16-10-2024T06:57:26 - [MESSAGE][PASSED] - Text of object 'Object Repository/Выполнение бизнес-плана/Значения со страницы Выполнение бизнес-плана/Table Data/План Отпуск в сеть за отчётный период 7' is: '35 372 175'

16-10-2024T06:57:26 - [TEST_STEP][PASSED] - x = x + "/" + z: null

16-10-2024T06:57:26 - [TEST_STEP][PASSED] - z = getText(findTestObject(path + path2 + "План Отпуск из сети за отчётный период " + dZONum)).replaceAll("\s+", ""): Text of object 'Object Repository/Выполнение бизнес-плана/Значения со страницы Выполнение бизнес-плана/Table Data/План Отпуск из сети за отчётный период 7' is: '32 922 490'

16-10-2024T06:57:26 - [MESSAGE][PASSED] - Text of object 'Object Repository/Выполнение бизнес-плана/Значения со страницы Выполнение бизнес-плана/Table Data/План Отпуск из сети за отчётный период 7' is: '32 922 490'

16-10-2024T06:57:26 - [TEST_STEP][PASSED] - x = x + "/" + z: null

16-10-2024T06:57:26 - [TEST_STEP][PASSED] - z = getText(findTestObject(path + path2 + "План Потери за отчётный период " + dZONum)).replaceAll("\s+", ""): Text of object 'Object Repository/Выполнение бизнес-плана/Значения со страницы Выполнение бизнес-плана/Table Data/План Потери за отчётный период 7' is: '2 449 685'

16-10-2024T06:57:26 - [MESSAGE][PASSED] - Text of object 'Object Repository/Выполнение бизнес-плана/Значения со страницы Выполнение бизнес-плана/Table Data/План Потери за отчётный период 7' is: '2 449 685'

16-10-2024T06:57:26 - [TEST_STEP][PASSED] - x = x + "/" + z: null

16-10-2024T06:57:26 - [TEST_STEP][PASSED] - z = getText(findTestObject(path + "Список ДЗО")).replaceAll("[\r?
|
]", "/"): Text of object 'Object Repository/Выполнение бизнес-плана/Список ДЗО' is: '-0.00
4.08
3.97
-0.09
0.08
-0.42
-0.19
АО «Тываэнерго»
АО «Чеченэнерго»
Россети Северный Кавказ
Россети Сибирь
Россети Тюмень
Россети Центр (ГК)
Россети Центр и Приволжье (ГК)
-1
0
1
2
3
4
5
6
7'

16-10-2024T06:57:27 - [MESSAGE][PASSED] - Text of object 'Object Repository/Выполнение бизнес-плана/Список ДЗО' is: '-0.00
4.08
3.97
-0.09
0.08
-0.42
-0.19
АО «Тываэнерго»
АО «Чеченэнерго»
Россети Северный Кавказ
Россети Сибирь
Россети Тюмень
Россети Центр (ГК)
Россети Центр и Приволжье (ГК)
-1
0
1
2
3
4
5
6
7'

16-10-2024T06:57:27 - [TEST_STEP][PASSED] - for ([ii = 1, ii < dZONum, (ii++)]): null

16-10-2024T06:57:27 - [TEST_STEP][PASSED] - i1 = z.indexOf("/") + 1: null

16-10-2024T06:57:27 - [TEST_STEP][PASSED] - if (i1 > -1): null

16-10-2024T06:57:27 - [TEST_STEP][PASSED] - z = z.substring(i1, z.length()): null

16-10-2024T06:57:27 - [TEST_STEP][PASSED] - i1 = z.indexOf("/"): null

16-10-2024T06:57:27 - [TEST_STEP][PASSED] - i1 = z.indexOf("/") + 1: null

16-10-2024T06:57:27 - [TEST_STEP][PASSED] - if (i1 > -1): null

16-10-2024T06:57:27 - [TEST_STEP][PASSED] - z = z.substring(i1, z.length()): null

16-10-2024T06:57:27 - [TEST_STEP][PASSED] - i1 = z.indexOf("/"): null

16-10-2024T06:57:27 - [TEST_STEP][PASSED] - i1 = z.indexOf("/") + 1: null

16-10-2024T06:57:27 - [TEST_STEP][PASSED] - if (i1 > -1): null

16-10-2024T06:57:27 - [TEST_STEP][PASSED] - z = z.substring(i1, z.length()): null

16-10-2024T06:57:27 - [TEST_STEP][PASSED] - i1 = z.indexOf("/"): null

16-10-2024T06:57:27 - [TEST_STEP][PASSED] - i1 = z.indexOf("/") + 1: null

16-10-2024T06:57:27 - [TEST_STEP][PASSED] - if (i1 > -1): null

16-10-2024T06:57:27 - [TEST_STEP][PASSED] - z = z.substring(i1, z.length()): null

16-10-2024T06:57:27 - [TEST_STEP][PASSED] - i1 = z.indexOf("/"): null

16-10-2024T06:57:27 - [TEST_STEP][PASSED] - i1 = z.indexOf("/") + 1: null

16-10-2024T06:57:27 - [TEST_STEP][PASSED] - if (i1 > -1): null

16-10-2024T06:57:27 - [TEST_STEP][PASSED] - z = z.substring(i1, z.length()): null

16-10-2024T06:57:27 - [TEST_STEP][PASSED] - i1 = z.indexOf("/"): null

16-10-2024T06:57:27 - [TEST_STEP][PASSED] - i1 = z.indexOf("/") + 1: null

16-10-2024T06:57:27 - [TEST_STEP][PASSED] - if (i1 > -1): null

16-10-2024T06:57:27 - [TEST_STEP][PASSED] - z = z.substring(i1, z.length()): null

16-10-2024T06:57:27 - [TEST_STEP][PASSED] - i1 = z.indexOf("/"): null

16-10-2024T06:57:27 - [TEST_STEP][PASSED] - i1 = z.indexOf("/"): null

16-10-2024T06:57:27 - [TEST_STEP][PASSED] - if (i1 > -1): null

16-10-2024T06:57:27 - [TEST_STEP][PASSED] - z = z.substring(0, i1): null

16-10-2024T06:57:27 - [TEST_STEP][PASSED] - z = z.replace(",", "."): null

16-10-2024T06:57:27 - [TEST_STEP][PASSED] - println(z): null

16-10-2024T06:57:27 - [TEST_STEP][PASSED] - x = x + "/" + z: null

16-10-2024T06:57:27 - [TEST_STEP][PASSED] - x = x.replaceAll("[\r?
|
]", ""): null

16-10-2024T06:57:27 - [TEST_STEP][PASSED] - println(x): null

16-10-2024T06:57:27 - [TEST_STEP][PASSED] - return x: null

16-10-2024T06:57:27 - [TEST_STEP][PASSED] - println("cIPR: " + cIPR): null

16-10-2024T06:57:27 - [TEST_STEP][PASSED] - i = VseDZO.indexOf("Юг"): null

16-10-2024T06:57:27 - [TEST_STEP][PASSED] - if (i > -1): null

16-10-2024T06:57:27 - [TEST_STEP][PASSED] - else: null

16-10-2024T06:57:27 - [TEST_STEP][PASSED] - ugR = ugR + "нет данных/нет данных/нет данных/нет данных/нет данных/нет данных/нет данных/нет данных/нет данных": null

16-10-2024T06:57:27 - [TEST_STEP][PASSED] - println("ugR: " + ugR): null

16-10-2024T06:57:27 - [TEST_STEP][PASSED] - i = VseDZO.indexOf("Янтарь"): null

16-10-2024T06:57:27 - [TEST_STEP][PASSED] - if (i > -1): null

16-10-2024T06:57:27 - [TEST_STEP][PASSED] - else: null

16-10-2024T06:57:27 - [TEST_STEP][PASSED] - yR = yR + "нет данных/нет данных/нет данных/нет данных/нет данных/нет данных/нет данных/нет данных/нет данных": null

16-10-2024T06:57:27 - [TEST_STEP][PASSED] - println("yR: " + yR): null

16-10-2024T06:57:27 - [TEST_STEP][PASSED] - blockNum = 2: null

16-10-2024T06:57:27 - [TEST_STEP][PASSED] - path = "Object Repository/Выполнение бизнес-плана/Выполнение бизнес-плана Балансы/": null

16-10-2024T06:57:27 - [TEST_STEP][PASSED] - Script1719299571342.Presettings(blockNum, path): null

16-10-2024T06:57:27 - [TEST_STEP][PASSED] - blockNumber = <not implemented yet for class: org.codehaus.groovy.ast.expr.EmptyExpression>: null

16-10-2024T06:57:27 - [TEST_STEP][PASSED] - urlText = <not implemented yet for class: org.codehaus.groovy.ast.expr.EmptyExpression>: null

16-10-2024T06:57:27 - [TEST_STEP][PASSED] - searchWord = <not implemented yet for class: org.codehaus.groovy.ast.expr.EmptyExpression>: null

16-10-2024T06:57:27 - [TEST_STEP][PASSED] - i = <not implemented yet for class: org.codehaus.groovy.ast.expr.EmptyExpression>: null

16-10-2024T06:57:27 - [TEST_STEP][PASSED] - ii = <not implemented yet for class: org.codehaus.groovy.ast.expr.EmptyExpression>: null

16-10-2024T06:57:27 - [TEST_STEP][PASSED] - openBrowser(""): Browser is opened with url: ''

16-10-2024T06:57:27 - [MESSAGE][WARNING] - A browser is already opened. Closing browser and opening a new one

16-10-2024T06:57:27 - [MESSAGE][INFO] - Starting 'Chrome' driver

16-10-2024T06:57:27 - [MESSAGE][INFO] - Action delay is set to 0 milliseconds

16-10-2024T06:57:28 - [MESSAGE][PASSED] - Browser is opened with url: ''

16-10-2024T06:57:28 - [TEST_STEP][PASSED] - if (blockNum == 1): null

16-10-2024T06:57:28 - [TEST_STEP][PASSED] - else: null

16-10-2024T06:57:28 - [TEST_STEP][PASSED] - path = "Object Repository/Выполнение бизнес-плана/Выполнение бизнес-плана Балансы/": null

16-10-2024T06:57:28 - [TEST_STEP][PASSED] - blockNumber = 4: null

16-10-2024T06:57:28 - [TEST_STEP][PASSED] - navigateToUrl(findTestData("PlanFact").getValue(10, blockNumber)): Navigate to 'https://bi.rosseti.digital/viewer?dashboardGuid=5ed11b2f4eb2434fa5c5ff1537a71532&sheetGuid=0d90a67b6f664f58b2e6cf8ff5d9a66c&fit=true' successfully

16-10-2024T06:57:33 - [MESSAGE][PASSED] - Navigate to 'https://bi.rosseti.digital/viewer?dashboardGuid=5ed11b2f4eb2434fa5c5ff1537a71532&sheetGuid=0d90a67b6f664f58b2e6cf8ff5d9a66c&fit=true' successfully

16-10-2024T06:57:33 - [TEST_STEP][PASSED] - urlText = getText(findTestObject("Страница авторизации/Text")): Text of object 'Object Repository/Страница авторизации/Text' is: 'Вход'

16-10-2024T06:57:36 - [MESSAGE][PASSED] - Text of object 'Object Repository/Страница авторизации/Text' is: 'Вход'

16-10-2024T06:57:36 - [TEST_STEP][PASSED] - delay(10): Delayed 10 second(s)

16-10-2024T06:57:46 - [MESSAGE][PASSED] - Delayed 10 second(s)

16-10-2024T06:57:46 - [TEST_STEP][PASSED] - searchWord = "Вход": null

16-10-2024T06:57:46 - [TEST_STEP][PASSED] - if (urlText.contains(searchWord) == false): null

16-10-2024T06:57:46 - [TEST_STEP][PASSED] - setText(findTestObject("Страница авторизации/input__username"), findTestData("PlanFact").getValue(8, 1)): Text 'shekhov-aa' is set on object 'Object Repository/Страница авторизации/input__username'

16-10-2024T06:57:47 - [MESSAGE][PASSED] - Text 'shekhov-aa' is set on object 'Object Repository/Страница авторизации/input__username'

16-10-2024T06:57:47 - [TEST_STEP][PASSED] - setText(findTestObject("Страница авторизации/input__password"), findTestData("PlanFact").getValue(9, 1)): Text 'i)RpQLLlXv9gUDC9' is set on object 'Object Repository/Страница авторизации/input__password'

16-10-2024T06:57:47 - [MESSAGE][PASSED] - Text 'i)RpQLLlXv9gUDC9' is set on object 'Object Repository/Страница авторизации/input__password'

16-10-2024T06:57:47 - [TEST_STEP][PASSED] - click(findTestObject("Страница авторизации/button_")): Object: 'Object Repository/Страница авторизации/button_' is clicked on

16-10-2024T06:57:50 - [MESSAGE][PASSED] - Object: 'Object Repository/Страница авторизации/button_' is clicked on

16-10-2024T06:57:50 - [TEST_STEP][PASSED] - delay(50): Delayed 50 second(s)

16-10-2024T06:58:40 - [MESSAGE][PASSED] - Delayed 50 second(s)

16-10-2024T06:58:40 - [TEST_STEP][PASSED] - searchWord = "ДЗО": null

16-10-2024T06:58:40 - [TEST_STEP][PASSED] - urlText = getText(findTestObject("Страница авторизации/Text")): Text of object 'Object Repository/Страница авторизации/Text' is: 'ДЗО 
Все
Период
1, 2 кв., Июль, Август 2024 года

Показатели баланса электроэнергии по ДЗО – Факт
415 210 387 517 040 2 784 252 35 768 568 19 209 232 25 447 322 68 299 128 15 734 909 22 350 148 42 077 522 3 404 093 35 166 539 48 495 962 40 032 969 36 847 701 20 309 528 3 035 937
400 422 408 405 099 1 738 957 33 976 784 17 541 196 22 763 631 63 339 448 11 305 954 21 187 495 39 183 294 3 127 846 34 250 957 45 807 241 36 144 550 34 366 748 18 505 161 2 776 838
14 787 979 111 941 1 045 295 1 791 784 1 668 036 2 683 692 4 959 680 4 428 955 1 162 653 2 894 228 276 248 915 582 2 688 721 3 888 420 2 480 953 1 804 367 259 099
Итого
п.п.
2.22
0
1
2
3
Итого
%
5.78 5.78
8.04 8.04
1
100

Выполнение бизнес-плана в части показателя «Уровень потерь электроэнергии»
Итого – Факт
Отпуск в сеть 419 480 850
Отпуск из сети 386 421 198
Потери 33 059 652
Статус данных
Просьба обратить внимание
— данные занесены не полностью
Показатели баланса электроэнергии по ДЗО – План
400 993 683 494 696 2 583 877 35 362 644 18 442 019 24 111 561 64 933 379 14 755 136 21 743 588 40 335 504 3 250 076 36 273 204 54 743 221 38 560 890 35 372 175 19 634 178 2 915 201
386 020 561 387 568 1 719 315 33 491 900 16 742 025 21 597 586 60 214 057 11 187 191 20 549 075 37 526 242 2 985 452 35 358 006 51 575 549 34 651 956 32 922 490 17 812 520 2 665 849
14 973 122 107 128 864 562 1 870 744 1 699 994 2 513 975 4 719 322 3 567 945 1 194 513 2 809 262 264 624 915 198 3 167 672 3 908 934 2 449 685 1 821 658 249 352
Факт
План
Итого – План
Отпуск в сеть 814 505 033
Отпуск из сети 767 407 346
Потери 47 097 688
● Бизнес-план выполнен● ●● Превышение бизнес-плана
Отклонения фактического уровня потерь от бизнес-плана за 3 месяца (нарастающим итогом), п.п.
-0.3-0.3
-0.0-0.0
3.13.1
-0.2-0.2
-0.5-0.5
-0.0-0.0
-0.1-0.1
3.73.7
-0.3-0.3
-0.1-0.1
-0.0-0.0
0.10.1
-0.3-0.3
-0.5-0.5
-0.1-0.1
-0.4-0.4
0.20.2
-0.2-0.2
0.10.1
3.73.7
-0.2-0.2
-0.2-0.2
0.10.1
-0.0-0.0
3.83.8
-0.3-0.3
-0.1-0.1
-0.0-0.0
0.10.1
-0.2-0.2
-0.5-0.5
-0.2-0.2
-0.2-0.2
0.30.3
-0.2-0.2
-0.0-0.0
4.14.1
-0.2-0.2
-0.5-0.5
0.10.1
-0.0-0.0
4.04.0
-0.3-0.3
-0.1-0.1
-0.0-0.0
0.10.1
-0.2-0.2
-0.4-0.4
-0.2-0.2
-0.4-0.4
-0.0-0.0
Россети ФСКЕЭС
АО«Тываэнерго»
АО«Чеченэнерго»
Россети Волга
Россети Кубань
РоссетиЛенэнерго (ГК)
РоссетиМосковскийрегион
РоссетиСеверныйКавказ (ГК)
Россети Севе…
Россети Сибирь(ГК)
Россети Томск
Россети Тюмень
Россети Урал(ГК)
Россети Центр
Россети Центри Приволжье(ГК)
Россети Юг(ГК)
Россети Янтарь
0
-5
5
Отклонения фактического уровня потерь от бизнес-плана, п.п. 
-0.19
-0.00
4.08
-0.23
-0.53
0.12
-0.01
3.97
-0.29
-0.09
-0.03
0.08
-0.16
-0.42
-0.19
-0.39
-0.02
Россети ФСКЕЭС
АО«Тываэнерго»
АО«Чеченэнерго»
РоссетиВолга
РоссетиКубань
РоссетиЛенэнерго(ГК)
РоссетиМосковскийрегион
РоссетиСеверныйКавказ
РоссетиСеверо-Запад
РоссетиСибирь
РоссетиТомск
РоссетиТюмень
Россети Урал(ГК)
РоссетиЦентр (ГК)
РоссетиЦентр иПриволжье(ГК)
Россети Юг(ГК)
РоссетиЯнтарь
0
2
4
6
-2
8
Уровень потерь электроэнергии 
Россети ФСКЕЭС
АО«Тываэнерго»
АО«Чеченэнерго»
РоссетиВолга
РоссетиКубань
РоссетиЛенэнерго(ГК)
РоссетиМосковскийрегион
РоссетиСеверныйКавказ
РоссетиСеверо-Запад
РоссетиСибирь
РоссетиТомск
РоссетиТюмень
Россети Урал(ГК)
РоссетиЦентр (ГК)
РоссетиЦентр иПриволжье(ГК)
Россети Юг(ГК)
РоссетиЯнтарь
0
20
40
60
80
3.88
|
21.66
|
33.46
5.24
|
9.22
|
10.43
7.27
|
24.18
5.49
|
6.96
|
8.14
|
2.52
5.70
|
10.14
|
6.93
|
9.28
|
8.55
|
3.69
21.65
37.54
|
5.01
8.68
10.55
|
7.26
28.15
|
5.20
6.88
8.12
2.60
|
5.54
9.71
6.73
8.88
8.53
п.п.
Отклонения фактического уровня потерь от бизнес-плана за 3 месяца (нарастающим итогом)
-0.2-0.2
-0.4-0.4
1.11.1
-0.5-0.5
0.10.1
-0.0-0.0
-0.6-0.6
-0.3-0.3
4.14.1
-1.8-1.8
-0.1-0.1
-0.3-0.3
-0.1-0.1
-0.0-0.0
-0.6-0.6
-0.5-0.5
7.47.4
-0.0-0.0
13.113.1
-0.2-0.2
-0.4-0.4
1.01.0
-0.5-0.5
0.10.1
0.10.1
-0.1-0.1
-0.3-0.3
4.14.1
-1.9-1.9
-0.2-0.2
-0.5-0.5
-0.1-0.1
0.40.4
-0.7-0.7
-0.4-0.4
7.97.9
0.10.1
13.113.1
-0.2-0.2
-0.3-0.3
1.01.0
-0.5-0.5
0.10.1
-0.0-0.0
0.20.2
-0.1-0.1
4.24.2
-1.7-1.7
-0.1-0.1
-0.3-0.3
-0.1-0.1
0.30.3
-0.7-0.7
-0.4-0.4
8.48.4
0.20.2
13.213.2
Итого по ФСК Е…
Каббалкэнерго
Калмэнерго
Калугаэнерго
Карачаево-Черкесскэнерго
Карельский филиал
Кировэнерго
Костромаэнерго
АО "Кинешемская электросеть"
АО "Тываэнерго"
АО «ВМЭС»
АО «Воронежская горэлектросеть»
АО «Тульские городские электрические сети»
АО «Чеченэнерго»
АО «Ярославская электросетевая компания»
АО ЕЭСК
Алтайэнерго
Архангельский филиал
Астраханьэнерго
Белгородэнерго
Брянскэнерго
Бурятэнерго
Владимирэнерго
Волгоградэнерго
Вологодский филиал
Воронежэнерго
Дагэнерго
Ивэнерго
Ингушэнерго
-5
15'

16-10-2024T06:59:02 - [MESSAGE][PASSED] - Text of object 'Object Repository/Страница авторизации/Text' is: 'ДЗО 
Все
Период
1, 2 кв., Июль, Август 2024 года

Показатели баланса электроэнергии по ДЗО – Факт
415 210 387 517 040 2 784 252 35 768 568 19 209 232 25 447 322 68 299 128 15 734 909 22 350 148 42 077 522 3 404 093 35 166 539 48 495 962 40 032 969 36 847 701 20 309 528 3 035 937
400 422 408 405 099 1 738 957 33 976 784 17 541 196 22 763 631 63 339 448 11 305 954 21 187 495 39 183 294 3 127 846 34 250 957 45 807 241 36 144 550 34 366 748 18 505 161 2 776 838
14 787 979 111 941 1 045 295 1 791 784 1 668 036 2 683 692 4 959 680 4 428 955 1 162 653 2 894 228 276 248 915 582 2 688 721 3 888 420 2 480 953 1 804 367 259 099
Итого
п.п.
2.22
0
1
2
3
Итого
%
5.78 5.78
8.04 8.04
1
100

Выполнение бизнес-плана в части показателя «Уровень потерь электроэнергии»
Итого – Факт
Отпуск в сеть 419 480 850
Отпуск из сети 386 421 198
Потери 33 059 652
Статус данных
Просьба обратить внимание
— данные занесены не полностью
Показатели баланса электроэнергии по ДЗО – План
400 993 683 494 696 2 583 877 35 362 644 18 442 019 24 111 561 64 933 379 14 755 136 21 743 588 40 335 504 3 250 076 36 273 204 54 743 221 38 560 890 35 372 175 19 634 178 2 915 201
386 020 561 387 568 1 719 315 33 491 900 16 742 025 21 597 586 60 214 057 11 187 191 20 549 075 37 526 242 2 985 452 35 358 006 51 575 549 34 651 956 32 922 490 17 812 520 2 665 849
14 973 122 107 128 864 562 1 870 744 1 699 994 2 513 975 4 719 322 3 567 945 1 194 513 2 809 262 264 624 915 198 3 167 672 3 908 934 2 449 685 1 821 658 249 352
Факт
План
Итого – План
Отпуск в сеть 814 505 033
Отпуск из сети 767 407 346
Потери 47 097 688
● Бизнес-план выполнен● ●● Превышение бизнес-плана
Отклонения фактического уровня потерь от бизнес-плана за 3 месяца (нарастающим итогом), п.п.
-0.3-0.3
-0.0-0.0
3.13.1
-0.2-0.2
-0.5-0.5
-0.0-0.0
-0.1-0.1
3.73.7
-0.3-0.3
-0.1-0.1
-0.0-0.0
0.10.1
-0.3-0.3
-0.5-0.5
-0.1-0.1
-0.4-0.4
0.20.2
-0.2-0.2
0.10.1
3.73.7
-0.2-0.2
-0.2-0.2
0.10.1
-0.0-0.0
3.83.8
-0.3-0.3
-0.1-0.1
-0.0-0.0
0.10.1
-0.2-0.2
-0.5-0.5
-0.2-0.2
-0.2-0.2
0.30.3
-0.2-0.2
-0.0-0.0
4.14.1
-0.2-0.2
-0.5-0.5
0.10.1
-0.0-0.0
4.04.0
-0.3-0.3
-0.1-0.1
-0.0-0.0
0.10.1
-0.2-0.2
-0.4-0.4
-0.2-0.2
-0.4-0.4
-0.0-0.0
Россети ФСКЕЭС
АО«Тываэнерго»
АО«Чеченэнерго»
Россети Волга
Россети Кубань
РоссетиЛенэнерго (ГК)
РоссетиМосковскийрегион
РоссетиСеверныйКавказ (ГК)
Россети Севе…
Россети Сибирь(ГК)
Россети Томск
Россети Тюмень
Россети Урал(ГК)
Россети Центр
Россети Центри Приволжье(ГК)
Россети Юг(ГК)
Россети Янтарь
0
-5
5
Отклонения фактического уровня потерь от бизнес-плана, п.п. 
-0.19
-0.00
4.08
-0.23
-0.53
0.12
-0.01
3.97
-0.29
-0.09
-0.03
0.08
-0.16
-0.42
-0.19
-0.39
-0.02
Россети ФСКЕЭС
АО«Тываэнерго»
АО«Чеченэнерго»
РоссетиВолга
РоссетиКубань
РоссетиЛенэнерго(ГК)
РоссетиМосковскийрегион
РоссетиСеверныйКавказ
РоссетиСеверо-Запад
РоссетиСибирь
РоссетиТомск
РоссетиТюмень
Россети Урал(ГК)
РоссетиЦентр (ГК)
РоссетиЦентр иПриволжье(ГК)
Россети Юг(ГК)
РоссетиЯнтарь
0
2
4
6
-2
8
Уровень потерь электроэнергии 
Россети ФСКЕЭС
АО«Тываэнерго»
АО«Чеченэнерго»
РоссетиВолга
РоссетиКубань
РоссетиЛенэнерго(ГК)
РоссетиМосковскийрегион
РоссетиСеверныйКавказ
РоссетиСеверо-Запад
РоссетиСибирь
РоссетиТомск
РоссетиТюмень
Россети Урал(ГК)
РоссетиЦентр (ГК)
РоссетиЦентр иПриволжье(ГК)
Россети Юг(ГК)
РоссетиЯнтарь
0
20
40
60
80
3.88
|
21.66
|
33.46
5.24
|
9.22
|
10.43
7.27
|
24.18
5.49
|
6.96
|
8.14
|
2.52
5.70
|
10.14
|
6.93
|
9.28
|
8.55
|
3.69
21.65
37.54
|
5.01
8.68
10.55
|
7.26
28.15
|
5.20
6.88
8.12
2.60
|
5.54
9.71
6.73
8.88
8.53
п.п.
Отклонения фактического уровня потерь от бизнес-плана за 3 месяца (нарастающим итогом)
-0.2-0.2
-0.4-0.4
1.11.1
-0.5-0.5
0.10.1
-0.0-0.0
-0.6-0.6
-0.3-0.3
4.14.1
-1.8-1.8
-0.1-0.1
-0.3-0.3
-0.1-0.1
-0.0-0.0
-0.6-0.6
-0.5-0.5
7.47.4
-0.0-0.0
13.113.1
-0.2-0.2
-0.4-0.4
1.01.0
-0.5-0.5
0.10.1
0.10.1
-0.1-0.1
-0.3-0.3
4.14.1
-1.9-1.9
-0.2-0.2
-0.5-0.5
-0.1-0.1
0.40.4
-0.7-0.7
-0.4-0.4
7.97.9
0.10.1
13.113.1
-0.2-0.2
-0.3-0.3
1.01.0
-0.5-0.5
0.10.1
-0.0-0.0
0.20.2
-0.1-0.1
4.24.2
-1.7-1.7
-0.1-0.1
-0.3-0.3
-0.1-0.1
0.30.3
-0.7-0.7
-0.4-0.4
8.48.4
0.20.2
13.213.2
Итого по ФСК Е…
Каббалкэнерго
Калмэнерго
Калугаэнерго
Карачаево-Черкесскэнерго
Карельский филиал
Кировэнерго
Костромаэнерго
АО "Кинешемская электросеть"
АО "Тываэнерго"
АО «ВМЭС»
АО «Воронежская горэлектросеть»
АО «Тульские городские электрические сети»
АО «Чеченэнерго»
АО «Ярославская электросетевая компания»
АО ЕЭСК
Алтайэнерго
Архангельский филиал
Астраханьэнерго
Белгородэнерго
Брянскэнерго
Бурятэнерго
Владимирэнерго
Волгоградэнерго
Вологодский филиал
Воронежэнерго
Дагэнерго
Ивэнерго
Ингушэнерго
-5
15'

16-10-2024T06:59:02 - [TEST_STEP][PASSED] - if (urlText.contains("ошибка") || urlText.contains(searchWord) == false): null

16-10-2024T06:59:02 - [TEST_STEP][PASSED] - Script1719299571342.ZakrytOpoveshenie(): null

16-10-2024T06:59:02 - [TEST_STEP][PASSED] - opoveshenie = getText(findTestObject("Выполнение бизнес-плана/Просьба обратить внимание")): Text of object 'Object Repository/Выполнение бизнес-плана/Просьба обратить внимание' is: 'Просьба обратить внимание'

16-10-2024T06:59:03 - [MESSAGE][PASSED] - Text of object 'Object Repository/Выполнение бизнес-плана/Просьба обратить внимание' is: 'Просьба обратить внимание'

16-10-2024T06:59:03 - [TEST_STEP][PASSED] - if (opoveshenie == "Просьба обратить внимание"): Object: 'Object Repository/Выполнение бизнес-плана/Закрыть оповещение' is clicked on

16-10-2024T06:59:03 - [TEST_STEP][PASSED] - click(findTestObject("Выполнение бизнес-плана/Закрыть оповещение")): Object: 'Object Repository/Выполнение бизнес-плана/Закрыть оповещение' is clicked on

16-10-2024T06:59:03 - [MESSAGE][PASSED] - Object: 'Object Repository/Выполнение бизнес-плана/Закрыть оповещение' is clicked on

16-10-2024T06:59:03 - [TEST_STEP][PASSED] - click(findTestObject(path + "Фильтр Дата")): Object: 'Object Repository/Выполнение бизнес-плана/Выполнение бизнес-плана Балансы/Фильтр Дата' is clicked on

16-10-2024T06:59:03 - [MESSAGE][PASSED] - Object: 'Object Repository/Выполнение бизнес-плана/Выполнение бизнес-плана Балансы/Фильтр Дата' is clicked on

16-10-2024T06:59:03 - [TEST_STEP][PASSED] - click(findTestObject(path + "Снять выделение в фильтре Дата")): Object: 'Object Repository/Выполнение бизнес-плана/Выполнение бизнес-плана Балансы/Снять выделение в фильтре Дата' is clicked on

16-10-2024T06:59:04 - [MESSAGE][PASSED] - Object: 'Object Repository/Выполнение бизнес-плана/Выполнение бизнес-плана Балансы/Снять выделение в фильтре Дата' is clicked on

16-10-2024T06:59:04 - [TEST_STEP][PASSED] - click(findTestObject(path + "Применить в фильтре Дата")): Object: 'Object Repository/Выполнение бизнес-плана/Выполнение бизнес-плана Балансы/Применить в фильтре Дата' is clicked on

16-10-2024T06:59:05 - [MESSAGE][PASSED] - Object: 'Object Repository/Выполнение бизнес-плана/Выполнение бизнес-плана Балансы/Применить в фильтре Дата' is clicked on

16-10-2024T06:59:05 - [TEST_STEP][PASSED] - delay(30): Delayed 30 second(s)

16-10-2024T06:59:35 - [MESSAGE][PASSED] - Delayed 30 second(s)

16-10-2024T06:59:35 - [TEST_STEP][PASSED] - Script1719299571342.ZakrytOpoveshenie(): null

16-10-2024T06:59:35 - [TEST_STEP][PASSED] - opoveshenie = getText(findTestObject("Выполнение бизнес-плана/Просьба обратить внимание")): Text of object 'Object Repository/Выполнение бизнес-плана/Просьба обратить внимание' is: 'Просьба обратить внимание'

16-10-2024T06:59:35 - [MESSAGE][PASSED] - Text of object 'Object Repository/Выполнение бизнес-плана/Просьба обратить внимание' is: 'Просьба обратить внимание'

16-10-2024T06:59:35 - [TEST_STEP][PASSED] - if (opoveshenie == "Просьба обратить внимание"): Object: 'Object Repository/Выполнение бизнес-плана/Закрыть оповещение' is clicked on

16-10-2024T06:59:35 - [TEST_STEP][PASSED] - click(findTestObject("Выполнение бизнес-плана/Закрыть оповещение")): Object: 'Object Repository/Выполнение бизнес-плана/Закрыть оповещение' is clicked on

16-10-2024T06:59:36 - [MESSAGE][PASSED] - Object: 'Object Repository/Выполнение бизнес-плана/Закрыть оповещение' is clicked on

16-10-2024T06:59:36 - [TEST_STEP][PASSED] - click(findTestObject(path + "Фильтр Дата")): Object: 'Object Repository/Выполнение бизнес-плана/Выполнение бизнес-плана Балансы/Фильтр Дата' is clicked on

16-10-2024T06:59:36 - [MESSAGE][PASSED] - Object: 'Object Repository/Выполнение бизнес-плана/Выполнение бизнес-плана Балансы/Фильтр Дата' is clicked on

16-10-2024T06:59:36 - [TEST_STEP][PASSED] - scrollToElement(findTestObject(path + "2024 список"), 30): Scroll to object 'Object Repository/Выполнение бизнес-плана/Выполнение бизнес-плана Балансы/2024 список' successfully

16-10-2024T06:59:36 - [MESSAGE][PASSED] - Scroll to object 'Object Repository/Выполнение бизнес-плана/Выполнение бизнес-плана Балансы/2024 список' successfully

16-10-2024T06:59:36 - [TEST_STEP][PASSED] - click(findTestObject(path + "2024 список")): Object: 'Object Repository/Выполнение бизнес-плана/Выполнение бизнес-плана Балансы/2024 список' is clicked on

16-10-2024T06:59:37 - [MESSAGE][PASSED] - Object: 'Object Repository/Выполнение бизнес-плана/Выполнение бизнес-плана Балансы/2024 список' is clicked on

16-10-2024T06:59:37 - [TEST_STEP][PASSED] - scrollToElement(findTestObject(path + "1 квартал 2024 список"), 30): Scroll to object 'Object Repository/Выполнение бизнес-плана/Выполнение бизнес-плана Балансы/1 квартал 2024 список' successfully

16-10-2024T06:59:37 - [MESSAGE][PASSED] - Scroll to object 'Object Repository/Выполнение бизнес-плана/Выполнение бизнес-плана Балансы/1 квартал 2024 список' successfully

16-10-2024T06:59:37 - [TEST_STEP][PASSED] - click(findTestObject(path + "1 квартал 2024 список")): Object: 'Object Repository/Выполнение бизнес-плана/Выполнение бизнес-плана Балансы/1 квартал 2024 список' is clicked on

16-10-2024T06:59:38 - [MESSAGE][PASSED] - Object: 'Object Repository/Выполнение бизнес-плана/Выполнение бизнес-плана Балансы/1 квартал 2024 список' is clicked on

16-10-2024T06:59:38 - [TEST_STEP][PASSED] - click(findTestObject(path + "Январь 2024")): Object: 'Object Repository/Выполнение бизнес-плана/Выполнение бизнес-плана Балансы/Январь 2024' is clicked on

16-10-2024T06:59:38 - [MESSAGE][PASSED] - Object: 'Object Repository/Выполнение бизнес-плана/Выполнение бизнес-плана Балансы/Январь 2024' is clicked on

16-10-2024T06:59:38 - [TEST_STEP][PASSED] - click(findTestObject(path + "Февраль 2024")): Object: 'Object Repository/Выполнение бизнес-плана/Выполнение бизнес-плана Балансы/Февраль 2024' is clicked on

16-10-2024T06:59:38 - [MESSAGE][PASSED] - Object: 'Object Repository/Выполнение бизнес-плана/Выполнение бизнес-плана Балансы/Февраль 2024' is clicked on

16-10-2024T06:59:38 - [TEST_STEP][PASSED] - click(findTestObject(path + "Март 2024")): Object: 'Object Repository/Выполнение бизнес-плана/Выполнение бизнес-плана Балансы/Март 2024' is clicked on

16-10-2024T06:59:39 - [MESSAGE][PASSED] - Object: 'Object Repository/Выполнение бизнес-плана/Выполнение бизнес-плана Балансы/Март 2024' is clicked on

16-10-2024T06:59:39 - [TEST_STEP][PASSED] - scrollToElement(findTestObject(path + "2 квартал 2024"), 30): Scroll to object 'Object Repository/Выполнение бизнес-плана/Выполнение бизнес-плана Балансы/2 квартал 2024' successfully

16-10-2024T06:59:39 - [MESSAGE][PASSED] - Scroll to object 'Object Repository/Выполнение бизнес-плана/Выполнение бизнес-плана Балансы/2 квартал 2024' successfully

16-10-2024T06:59:39 - [TEST_STEP][PASSED] - click(findTestObject(path + "2 квартал 2024")): Object: 'Object Repository/Выполнение бизнес-плана/Выполнение бизнес-плана Балансы/2 квартал 2024' is clicked on

16-10-2024T06:59:40 - [MESSAGE][PASSED] - Object: 'Object Repository/Выполнение бизнес-плана/Выполнение бизнес-плана Балансы/2 квартал 2024' is clicked on

16-10-2024T06:59:40 - [TEST_STEP][PASSED] - scrollToElement(findTestObject(path + "3 квартал 2024 список"), 30): Scroll to object 'Object Repository/Выполнение бизнес-плана/Выполнение бизнес-плана Балансы/3 квартал 2024 список' successfully

16-10-2024T06:59:40 - [MESSAGE][PASSED] - Scroll to object 'Object Repository/Выполнение бизнес-плана/Выполнение бизнес-плана Балансы/3 квартал 2024 список' successfully

16-10-2024T06:59:40 - [TEST_STEP][PASSED] - click(findTestObject(path + "3 квартал 2024 список")): Object: 'Object Repository/Выполнение бизнес-плана/Выполнение бизнес-плана Балансы/3 квартал 2024 список' is clicked on

16-10-2024T06:59:41 - [MESSAGE][PASSED] - Object: 'Object Repository/Выполнение бизнес-плана/Выполнение бизнес-плана Балансы/3 квартал 2024 список' is clicked on

16-10-2024T06:59:41 - [TEST_STEP][PASSED] - click(findTestObject(path + "Июль 2024")): Object: 'Object Repository/Выполнение бизнес-плана/Выполнение бизнес-плана Балансы/Июль 2024' is clicked on

16-10-2024T06:59:41 - [MESSAGE][PASSED] - Object: 'Object Repository/Выполнение бизнес-плана/Выполнение бизнес-плана Балансы/Июль 2024' is clicked on

16-10-2024T06:59:41 - [TEST_STEP][PASSED] - scrollToElement(findTestObject(path + "Август 2024"), 30): Scroll to object 'Object Repository/Выполнение бизнес-плана/Выполнение бизнес-плана Балансы/Август 2024' successfully

16-10-2024T06:59:41 - [MESSAGE][PASSED] - Scroll to object 'Object Repository/Выполнение бизнес-плана/Выполнение бизнес-плана Балансы/Август 2024' successfully

16-10-2024T06:59:41 - [TEST_STEP][PASSED] - click(findTestObject(path + "Август 2024")): Object: 'Object Repository/Выполнение бизнес-плана/Выполнение бизнес-плана Балансы/Август 2024' is clicked on

16-10-2024T06:59:42 - [MESSAGE][PASSED] - Object: 'Object Repository/Выполнение бизнес-плана/Выполнение бизнес-плана Балансы/Август 2024' is clicked on

16-10-2024T06:59:42 - [TEST_STEP][PASSED] - scrollToElement(findTestObject(path + "Заголовок дашборда"), 30): Scroll to object 'Object Repository/Выполнение бизнес-плана/Выполнение бизнес-плана Балансы/Заголовок дашборда' successfully

16-10-2024T06:59:42 - [MESSAGE][PASSED] - Scroll to object 'Object Repository/Выполнение бизнес-плана/Выполнение бизнес-плана Балансы/Заголовок дашборда' successfully

16-10-2024T06:59:42 - [TEST_STEP][PASSED] - click(findTestObject(path + "Применить в фильтре Дата")): Object: 'Object Repository/Выполнение бизнес-плана/Выполнение бизнес-плана Балансы/Применить в фильтре Дата' is clicked on

16-10-2024T06:59:43 - [MESSAGE][PASSED] - Object: 'Object Repository/Выполнение бизнес-плана/Выполнение бизнес-плана Балансы/Применить в фильтре Дата' is clicked on

16-10-2024T06:59:43 - [TEST_STEP][PASSED] - delay(30): Delayed 30 second(s)

16-10-2024T07:00:13 - [MESSAGE][PASSED] - Delayed 30 second(s)

16-10-2024T07:00:13 - [TEST_STEP][PASSED] - Script1719299571342.ZakrytOpoveshenie(): null

16-10-2024T07:00:13 - [TEST_STEP][PASSED] - opoveshenie = getText(findTestObject("Выполнение бизнес-плана/Просьба обратить внимание")): Text of object 'Object Repository/Выполнение бизнес-плана/Просьба обратить внимание' is: 'Просьба обратить внимание'

16-10-2024T07:00:26 - [MESSAGE][PASSED] - Text of object 'Object Repository/Выполнение бизнес-плана/Просьба обратить внимание' is: 'Просьба обратить внимание'

16-10-2024T07:00:26 - [TEST_STEP][PASSED] - if (opoveshenie == "Просьба обратить внимание"): Object: 'Object Repository/Выполнение бизнес-плана/Закрыть оповещение' is clicked on

16-10-2024T07:00:26 - [TEST_STEP][PASSED] - click(findTestObject("Выполнение бизнес-плана/Закрыть оповещение")): Object: 'Object Repository/Выполнение бизнес-плана/Закрыть оповещение' is clicked on

16-10-2024T07:00:26 - [MESSAGE][PASSED] - Object: 'Object Repository/Выполнение бизнес-плана/Закрыть оповещение' is clicked on

16-10-2024T07:00:26 - [TEST_STEP][PASSED] - click(findTestObject(path + "Фильтр ДЗО")): Object: 'Object Repository/Выполнение бизнес-плана/Выполнение бизнес-плана Балансы/Фильтр ДЗО' is clicked on

16-10-2024T07:00:27 - [MESSAGE][PASSED] - Object: 'Object Repository/Выполнение бизнес-плана/Выполнение бизнес-плана Балансы/Фильтр ДЗО' is clicked on

16-10-2024T07:00:27 - [TEST_STEP][PASSED] - click(findTestObject(path + "Снять выделение в фильтре ДЗО")): Object: 'Object Repository/Выполнение бизнес-плана/Выполнение бизнес-плана Балансы/Снять выделение в фильтре ДЗО' is clicked on

16-10-2024T07:00:27 - [MESSAGE][PASSED] - Object: 'Object Repository/Выполнение бизнес-плана/Выполнение бизнес-плана Балансы/Снять выделение в фильтре ДЗО' is clicked on

16-10-2024T07:00:27 - [TEST_STEP][PASSED] - click(findTestObject(path + "ПАО Россети")): Object: 'Object Repository/Выполнение бизнес-плана/Выполнение бизнес-плана Балансы/ПАО Россети' is clicked on

16-10-2024T07:00:28 - [MESSAGE][PASSED] - Object: 'Object Repository/Выполнение бизнес-плана/Выполнение бизнес-плана Балансы/ПАО Россети' is clicked on

16-10-2024T07:00:28 - [TEST_STEP][PASSED] - click(findTestObject(path + "Применить в фильтре ДЗО")): Object: 'Object Repository/Выполнение бизнес-плана/Выполнение бизнес-плана Балансы/Применить в фильтре ДЗО' is clicked on

16-10-2024T07:00:29 - [MESSAGE][PASSED] - Object: 'Object Repository/Выполнение бизнес-плана/Выполнение бизнес-плана Балансы/Применить в фильтре ДЗО' is clicked on

16-10-2024T07:00:29 - [TEST_STEP][PASSED] - delay(30): Delayed 30 second(s)

16-10-2024T07:00:59 - [MESSAGE][PASSED] - Delayed 30 second(s)

16-10-2024T07:00:59 - [TEST_STEP][PASSED] - pRB = GetAllPAOData(path, dZONum, VseDZO, z = "ПАО Россети/"): null

16-10-2024T07:00:59 - [TEST_STEP][PASSED] - path2 = "Значения со страницы Выполнение бизнес-плана/Table Data/": null

16-10-2024T07:00:59 - [TEST_STEP][PASSED] - ii = <not implemented yet for class: org.codehaus.groovy.ast.expr.EmptyExpression>: null

16-10-2024T07:00:59 - [TEST_STEP][PASSED] - i1 = <not implemented yet for class: org.codehaus.groovy.ast.expr.EmptyExpression>: null

16-10-2024T07:00:59 - [TEST_STEP][PASSED] - z = <not implemented yet for class: org.codehaus.groovy.ast.expr.EmptyExpression>: null

16-10-2024T07:00:59 - [TEST_STEP][PASSED] - z1 = <not implemented yet for class: org.codehaus.groovy.ast.expr.EmptyExpression>: null

16-10-2024T07:00:59 - [TEST_STEP][PASSED] - println("path: " + path): null

16-10-2024T07:00:59 - [TEST_STEP][PASSED] - z = getText(findTestObject(path + "Итого")).replaceAll("[\r?
|
]", "/"): Text of object 'Object Repository/Выполнение бизнес-плана/Выполнение бизнес-плана Балансы/Итого' is: 'Итого
%
5.78 5.78
8.04 8.04
1
100'

16-10-2024T07:00:59 - [MESSAGE][PASSED] - Text of object 'Object Repository/Выполнение бизнес-плана/Выполнение бизнес-плана Балансы/Итого' is: 'Итого
%
5.78 5.78
8.04 8.04
1
100'

16-10-2024T07:00:59 - [TEST_STEP][PASSED] - ii = z.indexOf("%") + 2: null

16-10-2024T07:00:59 - [TEST_STEP][PASSED] - if (ii > -1): null

16-10-2024T07:00:59 - [TEST_STEP][PASSED] - z = z.substring(ii, z.length()): null

16-10-2024T07:00:59 - [TEST_STEP][PASSED] - println(z): null

16-10-2024T07:00:59 - [TEST_STEP][PASSED] - ii = z.indexOf("/1/100") - 1: null

16-10-2024T07:00:59 - [TEST_STEP][PASSED] - if (ii > -1): null

16-10-2024T07:00:59 - [TEST_STEP][PASSED] - z = z.substring(0, ii): null

16-10-2024T07:00:59 - [TEST_STEP][PASSED] - println(z): null

16-10-2024T07:00:59 - [TEST_STEP][PASSED] - ii = z.indexOf("План"): null

16-10-2024T07:00:59 - [TEST_STEP][PASSED] - if (ii > -1): null

16-10-2024T07:00:59 - [TEST_STEP][PASSED] - ii = z.indexOf("/") + 1: null

16-10-2024T07:00:59 - [TEST_STEP][PASSED] - z1 = z.substring(0, ii): null

16-10-2024T07:00:59 - [TEST_STEP][PASSED] - println(z1): null

16-10-2024T07:00:59 - [TEST_STEP][PASSED] - z = z.substring(ii, z.length()): null

16-10-2024T07:00:59 - [TEST_STEP][PASSED] - println(z): null

16-10-2024T07:00:59 - [TEST_STEP][PASSED] - ii = z1.length() / 2: null

16-10-2024T07:00:59 - [TEST_STEP][PASSED] - z1 = replaceAll("[\r?
|
]", "/").trim(): null

16-10-2024T07:00:59 - [TEST_STEP][PASSED] - println(z1): null

16-10-2024T07:00:59 - [TEST_STEP][PASSED] - ii = z.length() / 2: null

16-10-2024T07:00:59 - [TEST_STEP][PASSED] - z = replace("/", "").trim(): null

16-10-2024T07:00:59 - [TEST_STEP][PASSED] - println(z): null

16-10-2024T07:00:59 - [TEST_STEP][PASSED] - x = x + z1 + "/" + z: null

16-10-2024T07:00:59 - [TEST_STEP][PASSED] - println(x): null

16-10-2024T07:00:59 - [TEST_STEP][FAILED] - if (verifyElementPresent(findTestObject(path + "Таблица Итого-Факт"), 30)): Unable to verify object is present (Root cause: com.kms.katalon.core.exception.StepFailedException: Unable to verify object is present
	at com.kms.katalon.core.webui.keyword.internal.WebUIKeywordMain.stepFailed(WebUIKeywordMain.groovy:64)
	at com.kms.katalon.core.webui.keyword.internal.WebUIKeywordMain.runKeyword(WebUIKeywordMain.groovy:26)
	at com.kms.katalon.core.webui.keyword.builtin.VerifyElementPresentKeyword.verifyElementPresent(VerifyElementPresentKeyword.groovy:92)
	at com.kms.katalon.core.webui.keyword.builtin.VerifyElementPresentKeyword.execute(VerifyElementPresentKeyword.groovy:68)
	at com.kms.katalon.core.keyword.internal.KeywordExecutor.executeKeywordForPlatform(KeywordExecutor.groovy:74)
	at com.kms.katalon.core.webui.keyword.WebUiBuiltInKeywords.verifyElementPresent(WebUiBuiltInKeywords.groovy:1503)
	at Выполнение бизнес-плана сверка дашбордов.GetAllPAOData(Выполнение бизнес-плана сверка дашбордов:862)
	at Выполнение бизнес-плана сверка дашбордов.run(Выполнение бизнес-плана сверка дашбордов:362)
	at com.kms.katalon.core.main.ScriptEngine.run(ScriptEngine.java:194)
	at com.kms.katalon.core.main.ScriptEngine.runScriptAsRawText(ScriptEngine.java:119)
	at com.kms.katalon.core.main.TestCaseExecutor.runScript(TestCaseExecutor.java:448)
	at com.kms.katalon.core.main.TestCaseExecutor.doExecute(TestCaseExecutor.java:439)
	at com.kms.katalon.core.main.TestCaseExecutor.processExecutionPhase(TestCaseExecutor.java:418)
	at com.kms.katalon.core.main.TestCaseExecutor.accessMainPhase(TestCaseExecutor.java:410)
	at com.kms.katalon.core.main.TestCaseExecutor.execute(TestCaseExecutor.java:285)
	at com.kms.katalon.core.common.CommonExecutor.accessTestCaseMainPhase(CommonExecutor.java:65)
	at com.kms.katalon.core.main.TestSuiteExecutor.accessTestSuiteMainPhase(TestSuiteExecutor.java:150)
	at com.kms.katalon.core.main.TestSuiteExecutor.execute(TestSuiteExecutor.java:106)
	at com.kms.katalon.core.main.TestCaseMain.startTestSuite(TestCaseMain.java:180)
	at TempTestSuite1729050801829.run(TempTestSuite1729050801829.groovy:35)
	at java.base/jdk.internal.reflect.NativeMethodAccessorImpl.invoke0(Native Method)
	at java.base/jdk.internal.reflect.NativeMethodAccessorImpl.invoke(NativeMethodAccessorImpl.java:77)
	at java.base/jdk.internal.reflect.DelegatingMethodAccessorImpl.invoke(DelegatingMethodAccessorImpl.java:43)
Caused by: java.lang.IllegalArgumentException: Object is null
	at com.kms.katalon.core.helper.KeywordHelper.checkTestObjectParameter(KeywordHelper.java:33)
	at com.kms.katalon.core.webui.keyword.builtin.VerifyElementPresentKeyword$_verifyElementPresent_closure1.doCall(VerifyElementPresentKeyword.groovy:76)
	at com.kms.katalon.core.webui.keyword.builtin.VerifyElementPresentKeyword$_verifyElementPresent_closure1.call(VerifyElementPresentKeyword.groovy)
	at com.kms.katalon.core.webui.keyword.internal.WebUIKeywordMain.runKeyword(WebUIKeywordMain.groovy:20)
	at com.kms.katalon.core.webui.keyword.builtin.VerifyElementPresentKeyword.verifyElementPresent(VerifyElementPresentKeyword.groovy:92)
	at com.kms.katalon.core.webui.keyword.builtin.VerifyElementPresentKeyword.execute(VerifyElementPresentKeyword.groovy:68)
	at com.kms.katalon.core.keyword.internal.KeywordExecutor.executeKeywordForPlatform(KeywordExecutor.groovy:74)
	at com.kms.katalon.core.webui.keyword.WebUiBuiltInKeywords.verifyElementPresent(WebUiBuiltInKeywords.groovy:1503)
	at Script1719299571342.GetAllPAOData(Script1719299571342.groovy:862)
	at Script1719299571342.run(Script1719299571342.groovy:362)
	... 15 more
)

16-10-2024T07:00:59 - [MESSAGE][WARNING] - Test object with id 'Object Repository/Выполнение бизнес-плана/Выполнение бизнес-плана Балансы/Таблица Итого-Факт' does not exist

16-10-2024T07:00:59 - [MESSAGE][WARNING] - Test object with id 'Object Repository/' does not exist

16-10-2024T07:01:00 - [MESSAGE][FAILED] - Unable to verify object is present (Root cause: com.kms.katalon.core.exception.StepFailedException: Unable to verify object is present
	at com.kms.katalon.core.webui.keyword.internal.WebUIKeywordMain.stepFailed(WebUIKeywordMain.groovy:64)
	at com.kms.katalon.core.webui.keyword.internal.WebUIKeywordMain.runKeyword(WebUIKeywordMain.groovy:26)
	at com.kms.katalon.core.webui.keyword.builtin.VerifyElementPresentKeyword.verifyElementPresent(VerifyElementPresentKeyword.groovy:92)
	at com.kms.katalon.core.webui.keyword.builtin.VerifyElementPresentKeyword.execute(VerifyElementPresentKeyword.groovy:68)
	at com.kms.katalon.core.keyword.internal.KeywordExecutor.executeKeywordForPlatform(KeywordExecutor.groovy:74)
	at com.kms.katalon.core.webui.keyword.WebUiBuiltInKeywords.verifyElementPresent(WebUiBuiltInKeywords.groovy:1503)
	at Выполнение бизнес-плана сверка дашбордов.GetAllPAOData(Выполнение бизнес-плана сверка дашбордов:862)
	at Выполнение бизнес-плана сверка дашбордов.run(Выполнение бизнес-плана сверка дашбордов:362)
	at com.kms.katalon.core.main.ScriptEngine.run(ScriptEngine.java:194)
	at com.kms.katalon.core.main.ScriptEngine.runScriptAsRawText(ScriptEngine.java:119)
	at com.kms.katalon.core.main.TestCaseExecutor.runScript(TestCaseExecutor.java:448)
	at com.kms.katalon.core.main.TestCaseExecutor.doExecute(TestCaseExecutor.java:439)
	at com.kms.katalon.core.main.TestCaseExecutor.processExecutionPhase(TestCaseExecutor.java:418)
	at com.kms.katalon.core.main.TestCaseExecutor.accessMainPhase(TestCaseExecutor.java:410)
	at com.kms.katalon.core.main.TestCaseExecutor.execute(TestCaseExecutor.java:285)
	at com.kms.katalon.core.common.CommonExecutor.accessTestCaseMainPhase(CommonExecutor.java:65)
	at com.kms.katalon.core.main.TestSuiteExecutor.accessTestSuiteMainPhase(TestSuiteExecutor.java:150)
	at com.kms.katalon.core.main.TestSuiteExecutor.execute(TestSuiteExecutor.java:106)
	at com.kms.katalon.core.main.TestCaseMain.startTestSuite(TestCaseMain.java:180)
	at TempTestSuite1729050801829.run(TempTestSuite1729050801829.groovy:35)
	at java.base/jdk.internal.reflect.NativeMethodAccessorImpl.invoke0(Native Method)
	at java.base/jdk.internal.reflect.NativeMethodAccessorImpl.invoke(NativeMethodAccessorImpl.java:77)
	at java.base/jdk.internal.reflect.DelegatingMethodAccessorImpl.invoke(DelegatingMethodAccessorImpl.java:43)
Caused by: java.lang.IllegalArgumentException: Object is null
	at com.kms.katalon.core.helper.KeywordHelper.checkTestObjectParameter(KeywordHelper.java:33)
	at com.kms.katalon.core.webui.keyword.builtin.VerifyElementPresentKeyword$_verifyElementPresent_closure1.doCall(VerifyElementPresentKeyword.groovy:76)
	at com.kms.katalon.core.webui.keyword.builtin.VerifyElementPresentKeyword$_verifyElementPresent_closure1.call(VerifyElementPresentKeyword.groovy)
	at com.kms.katalon.core.webui.keyword.internal.WebUIKeywordMain.runKeyword(WebUIKeywordMain.groovy:20)
	at com.kms.katalon.core.webui.keyword.builtin.VerifyElementPresentKeyword.verifyElementPresent(VerifyElementPresentKeyword.groovy:92)
	at com.kms.katalon.core.webui.keyword.builtin.VerifyElementPresentKeyword.execute(VerifyElementPresentKeyword.groovy:68)
	at com.kms.katalon.core.keyword.internal.KeywordExecutor.executeKeywordForPlatform(KeywordExecutor.groovy:74)
	at com.kms.katalon.core.webui.keyword.WebUiBuiltInKeywords.verifyElementPresent(WebUiBuiltInKeywords.groovy:1503)
	at Script1719299571342.GetAllPAOData(Script1719299571342.groovy:862)
	at Script1719299571342.run(Script1719299571342.groovy:362)
	... 15 more
)
[[ATTACHMENT|C:\\Users\\LIAZGINA-DI\\git\\SPORU\\Reports\\20241016_065321\\\u041F\u043D-\u0421\u0440-\u041F\u0442\\\u0421\u0432\u0435\u0440\u043A\u0430 \u0434\u0430\u0448\u0431\u043E\u0440\u0434\u043E\u0432 \u0438\u0437 \u0440\u0430\u0437\u043D\u044B\u0445 \u0431\u043B\u043E\u043A\u043E\u0432\\20241016_065321\\1729051259865.png]]

16-10-2024T07:01:00 - [TEST_STEP][PASSED] - else: null

16-10-2024T07:01:00 - [TEST_STEP][PASSED] - z = getText(findTestObject(path + "Факт Отпуск в сеть за отчётный период ПАО Россети")).replaceAll("\s+", ""): Text of object 'Object Repository/Выполнение бизнес-плана/Выполнение бизнес-плана Балансы/Факт Отпуск в сеть за отчётный период ПАО Россети' is: '419 480 850'

16-10-2024T07:01:00 - [MESSAGE][PASSED] - Text of object 'Object Repository/Выполнение бизнес-плана/Выполнение бизнес-плана Балансы/Факт Отпуск в сеть за отчётный период ПАО Россети' is: '419 480 850'

16-10-2024T07:01:00 - [TEST_STEP][PASSED] - x = x + "/" + z: null

16-10-2024T07:01:00 - [TEST_STEP][PASSED] - z = getText(findTestObject(path + "Факт Отпуск из сети за отчётный период ПАО Россети")).replaceAll("\s+", ""): Text of object 'Object Repository/Выполнение бизнес-плана/Выполнение бизнес-плана Балансы/Факт Отпуск из сети за отчётный период ПАО Россети' is: '386 421 198'

16-10-2024T07:01:00 - [MESSAGE][PASSED] - Text of object 'Object Repository/Выполнение бизнес-плана/Выполнение бизнес-плана Балансы/Факт Отпуск из сети за отчётный период ПАО Россети' is: '386 421 198'

16-10-2024T07:01:00 - [TEST_STEP][PASSED] - x = x + "/" + z: null

16-10-2024T07:01:00 - [TEST_STEP][PASSED] - z = getText(findTestObject(path + "Факт Потери за отчётный период ПАО Россети")).replaceAll("\s+", ""): Text of object 'Object Repository/Выполнение бизнес-плана/Выполнение бизнес-плана Балансы/Факт Потери за отчётный период ПАО Россети' is: '33 059 652'

16-10-2024T07:01:00 - [MESSAGE][PASSED] - Text of object 'Object Repository/Выполнение бизнес-плана/Выполнение бизнес-плана Балансы/Факт Потери за отчётный период ПАО Россети' is: '33 059 652'

16-10-2024T07:01:00 - [TEST_STEP][PASSED] - x = x + "/" + z: null

16-10-2024T07:01:00 - [TEST_STEP][PASSED] - z = getText(findTestObject(path + "План Отпуск в сеть за отчётный период ПАО Россети")).replaceAll("\s+", ""): Text of object 'Object Repository/Выполнение бизнес-плана/Выполнение бизнес-плана Балансы/План Отпуск в сеть за отчётный период ПАО Россети' is: '814 505 033'

16-10-2024T07:01:01 - [MESSAGE][PASSED] - Text of object 'Object Repository/Выполнение бизнес-плана/Выполнение бизнес-плана Балансы/План Отпуск в сеть за отчётный период ПАО Россети' is: '814 505 033'

16-10-2024T07:01:01 - [TEST_STEP][PASSED] - x = x + "/" + z: null

16-10-2024T07:01:01 - [TEST_STEP][PASSED] - z = getText(findTestObject(path + "План Отпуск из сети за отчётный период ПАО Россети")).replaceAll("\s+", ""): Text of object 'Object Repository/Выполнение бизнес-плана/Выполнение бизнес-плана Балансы/План Отпуск из сети за отчётный период ПАО Россети' is: '767 407 346'

16-10-2024T07:01:01 - [MESSAGE][PASSED] - Text of object 'Object Repository/Выполнение бизнес-плана/Выполнение бизнес-плана Балансы/План Отпуск из сети за отчётный период ПАО Россети' is: '767 407 346'

16-10-2024T07:01:01 - [TEST_STEP][PASSED] - x = x + "/" + z: null

16-10-2024T07:01:01 - [TEST_STEP][PASSED] - z = getText(findTestObject(path + "План Потери за отчётный период ПАО Россети")).replaceAll("\s+", ""): Text of object 'Object Repository/Выполнение бизнес-плана/Выполнение бизнес-плана Балансы/План Потери за отчётный период ПАО Россети' is: '47 097 688'

16-10-2024T07:01:01 - [MESSAGE][PASSED] - Text of object 'Object Repository/Выполнение бизнес-плана/Выполнение бизнес-плана Балансы/План Потери за отчётный период ПАО Россети' is: '47 097 688'

16-10-2024T07:01:01 - [TEST_STEP][PASSED] - x = x + "/" + z: null

16-10-2024T07:01:01 - [TEST_STEP][PASSED] - return x: null

16-10-2024T07:01:01 - [TEST_STEP][PASSED] - println("pRB: " + pRB): null

16-10-2024T07:01:01 - [TEST_STEP][PASSED] - VseDZO = getText(findTestObject(path + "Список ДЗО")): Text of object 'Object Repository/Выполнение бизнес-плана/Выполнение бизнес-плана Балансы/Список ДЗО' is: '-0.19
-0.00
4.08
-0.23
-0.53
0.12
-0.01
3.97
-0.29
-0.09
-0.03
0.08
-0.16
-0.42
-0.19
-0.39
-0.02
Россети ФСКЕЭС
АО«Тываэнерго»
АО«Чеченэнерго»
РоссетиВолга
РоссетиКубань
РоссетиЛенэнерго(ГК)
РоссетиМосковскийрегион
РоссетиСеверныйКавказ
РоссетиСеверо-Запад
РоссетиСибирь
РоссетиТомск
РоссетиТюмень
Россети Урал(ГК)
РоссетиЦентр (ГК)
РоссетиЦентр иПриволжье(ГК)
Россети Юг(ГК)
РоссетиЯнтарь
0
2
4
6
-2
8'

16-10-2024T07:01:02 - [MESSAGE][PASSED] - Text of object 'Object Repository/Выполнение бизнес-плана/Выполнение бизнес-плана Балансы/Список ДЗО' is: '-0.19
-0.00
4.08
-0.23
-0.53
0.12
-0.01
3.97
-0.29
-0.09
-0.03
0.08
-0.16
-0.42
-0.19
-0.39
-0.02
Россети ФСКЕЭС
АО«Тываэнерго»
АО«Чеченэнерго»
РоссетиВолга
РоссетиКубань
РоссетиЛенэнерго(ГК)
РоссетиМосковскийрегион
РоссетиСеверныйКавказ
РоссетиСеверо-Запад
РоссетиСибирь
РоссетиТомск
РоссетиТюмень
Россети Урал(ГК)
РоссетиЦентр (ГК)
РоссетиЦентр иПриволжье(ГК)
Россети Юг(ГК)
РоссетиЯнтарь
0
2
4
6
-2
8'

16-10-2024T07:01:02 - [TEST_STEP][PASSED] - dZONum = 0: null

16-10-2024T07:01:02 - [TEST_STEP][PASSED] - i = VseDZO.indexOf("ЕЭС"): null

16-10-2024T07:01:02 - [TEST_STEP][PASSED] - if (i > -1): null

16-10-2024T07:01:02 - [TEST_STEP][PASSED] - dZONum = dZONum + 1: null

16-10-2024T07:01:02 - [TEST_STEP][PASSED] - fB = GetAllData(path, dZONum, VseDZO, x = "Россети ФСК ЕЭС/"): null

16-10-2024T07:01:02 - [TEST_STEP][PASSED] - ii = <not implemented yet for class: org.codehaus.groovy.ast.expr.EmptyExpression>: null

16-10-2024T07:01:02 - [TEST_STEP][PASSED] - i1 = <not implemented yet for class: org.codehaus.groovy.ast.expr.EmptyExpression>: null

16-10-2024T07:01:02 - [TEST_STEP][PASSED] - z = <not implemented yet for class: org.codehaus.groovy.ast.expr.EmptyExpression>: null

16-10-2024T07:01:02 - [TEST_STEP][PASSED] - path2 = "Значения со страницы Выполнение бизнес-плана/Table Data/": null

16-10-2024T07:01:02 - [TEST_STEP][PASSED] - println("path: " + path): null

16-10-2024T07:01:02 - [TEST_STEP][PASSED] - println("dZONum: " + dZONum): null

16-10-2024T07:01:02 - [TEST_STEP][PASSED] - z = getText(findTestObject(path + "spanPlan" + dZONum)): Text of object 'Object Repository/Выполнение бизнес-плана/Выполнение бизнес-плана Балансы/spanPlan1' is: '3.88
|'

16-10-2024T07:01:02 - [MESSAGE][PASSED] - Text of object 'Object Repository/Выполнение бизнес-плана/Выполнение бизнес-плана Балансы/spanPlan1' is: '3.88
|'

16-10-2024T07:01:02 - [TEST_STEP][PASSED] - println(z): null

16-10-2024T07:01:02 - [TEST_STEP][PASSED] - ii = z.indexOf("|"): null

16-10-2024T07:01:02 - [TEST_STEP][PASSED] - if (ii > -1): null

16-10-2024T07:01:02 - [TEST_STEP][PASSED] - z = z.substring(0, z.length() - 1): null

16-10-2024T07:01:02 - [TEST_STEP][PASSED] - println(z): null

16-10-2024T07:01:02 - [TEST_STEP][PASSED] - z = z.replaceAll("\s+", ""): null

16-10-2024T07:01:02 - [TEST_STEP][PASSED] - z = z.replace("[\r?
|
]", "/"): null

16-10-2024T07:01:02 - [TEST_STEP][PASSED] - println(z): null

16-10-2024T07:01:02 - [TEST_STEP][PASSED] - x = x + z: null

16-10-2024T07:01:02 - [TEST_STEP][PASSED] - z = getText(findTestObject(path + "spanFact" + dZONum)): Text of object 'Object Repository/Выполнение бизнес-плана/Выполнение бизнес-плана Балансы/spanFact1' is: '3.69'

16-10-2024T07:01:02 - [MESSAGE][PASSED] - Text of object 'Object Repository/Выполнение бизнес-плана/Выполнение бизнес-плана Балансы/spanFact1' is: '3.69'

16-10-2024T07:01:02 - [TEST_STEP][PASSED] - ii = z.indexOf("|"): null

16-10-2024T07:01:02 - [TEST_STEP][PASSED] - if (ii > -1): null

16-10-2024T07:01:02 - [TEST_STEP][PASSED] - x = x + "/" + z: null

16-10-2024T07:01:02 - [TEST_STEP][PASSED] - z = getText(findTestObject(path + path2 + "Факт Отпуск в сеть за отчётный период " + dZONum)).replaceAll("\s+", ""): Text of object 'Object Repository/Выполнение бизнес-плана/Выполнение бизнес-плана Балансы/Значения со страницы Выполнение бизнес-плана/Table Data/Факт Отпуск в сеть за отчётный период 1' is: '415 210 387'

16-10-2024T07:01:03 - [MESSAGE][PASSED] - Text of object 'Object Repository/Выполнение бизнес-плана/Выполнение бизнес-плана Балансы/Значения со страницы Выполнение бизнес-плана/Table Data/Факт Отпуск в сеть за отчётный период 1' is: '415 210 387'

16-10-2024T07:01:03 - [TEST_STEP][PASSED] - x = x + "/" + z: null

16-10-2024T07:01:03 - [TEST_STEP][PASSED] - z = getText(findTestObject(path + path2 + "Факт Отпуск из сети за отчётный период " + dZONum)).replaceAll("\s+", ""): Text of object 'Object Repository/Выполнение бизнес-плана/Выполнение бизнес-плана Балансы/Значения со страницы Выполнение бизнес-плана/Table Data/Факт Отпуск из сети за отчётный период 1' is: '400 422 408'

16-10-2024T07:01:03 - [MESSAGE][PASSED] - Text of object 'Object Repository/Выполнение бизнес-плана/Выполнение бизнес-плана Балансы/Значения со страницы Выполнение бизнес-плана/Table Data/Факт Отпуск из сети за отчётный период 1' is: '400 422 408'

16-10-2024T07:01:03 - [TEST_STEP][PASSED] - x = x + "/" + z: null

16-10-2024T07:01:03 - [TEST_STEP][PASSED] - z = getText(findTestObject(path + path2 + "Факт Потери за отчётный период " + dZONum)).replaceAll("\s+", ""): Text of object 'Object Repository/Выполнение бизнес-плана/Выполнение бизнес-плана Балансы/Значения со страницы Выполнение бизнес-плана/Table Data/Факт Потери за отчётный период 1' is: '14 787 979'

16-10-2024T07:01:03 - [MESSAGE][PASSED] - Text of object 'Object Repository/Выполнение бизнес-плана/Выполнение бизнес-плана Балансы/Значения со страницы Выполнение бизнес-плана/Table Data/Факт Потери за отчётный период 1' is: '14 787 979'

16-10-2024T07:01:03 - [TEST_STEP][PASSED] - x = x + "/" + z: null

16-10-2024T07:01:03 - [TEST_STEP][PASSED] - z = getText(findTestObject(path + path2 + "План Отпуск в сеть за отчётный период " + dZONum)).replaceAll("\s+", ""): Text of object 'Object Repository/Выполнение бизнес-плана/Выполнение бизнес-плана Балансы/Значения со страницы Выполнение бизнес-плана/Table Data/План Отпуск в сеть за отчётный период 1' is: '400 993 683'

16-10-2024T07:01:03 - [MESSAGE][PASSED] - Text of object 'Object Repository/Выполнение бизнес-плана/Выполнение бизнес-плана Балансы/Значения со страницы Выполнение бизнес-плана/Table Data/План Отпуск в сеть за отчётный период 1' is: '400 993 683'

16-10-2024T07:01:03 - [TEST_STEP][PASSED] - x = x + "/" + z: null

16-10-2024T07:01:03 - [TEST_STEP][PASSED] - z = getText(findTestObject(path + path2 + "План Отпуск из сети за отчётный период " + dZONum)).replaceAll("\s+", ""): Text of object 'Object Repository/Выполнение бизнес-плана/Выполнение бизнес-плана Балансы/Значения со страницы Выполнение бизнес-плана/Table Data/План Отпуск из сети за отчётный период 1' is: '386 020 561'

16-10-2024T07:01:04 - [MESSAGE][PASSED] - Text of object 'Object Repository/Выполнение бизнес-плана/Выполнение бизнес-плана Балансы/Значения со страницы Выполнение бизнес-плана/Table Data/План Отпуск из сети за отчётный период 1' is: '386 020 561'

16-10-2024T07:01:04 - [TEST_STEP][PASSED] - x = x + "/" + z: null

16-10-2024T07:01:04 - [TEST_STEP][PASSED] - z = getText(findTestObject(path + path2 + "План Потери за отчётный период " + dZONum)).replaceAll("\s+", ""): Text of object 'Object Repository/Выполнение бизнес-плана/Выполнение бизнес-плана Балансы/Значения со страницы Выполнение бизнес-плана/Table Data/План Потери за отчётный период 1' is: '14 973 122'

16-10-2024T07:01:04 - [MESSAGE][PASSED] - Text of object 'Object Repository/Выполнение бизнес-плана/Выполнение бизнес-плана Балансы/Значения со страницы Выполнение бизнес-плана/Table Data/План Потери за отчётный период 1' is: '14 973 122'

16-10-2024T07:01:04 - [TEST_STEP][PASSED] - x = x + "/" + z: null

16-10-2024T07:01:04 - [TEST_STEP][PASSED] - z = getText(findTestObject(path + "Список ДЗО")).replaceAll("[\r?
|
]", "/"): Text of object 'Object Repository/Выполнение бизнес-плана/Выполнение бизнес-плана Балансы/Список ДЗО' is: '-0.19
-0.00
4.08
-0.23
-0.53
0.12
-0.01
3.97
-0.29
-0.09
-0.03
0.08
-0.16
-0.42
-0.19
-0.39
-0.02
Россети ФСКЕЭС
АО«Тываэнерго»
АО«Чеченэнерго»
РоссетиВолга
РоссетиКубань
РоссетиЛенэнерго(ГК)
РоссетиМосковскийрегион
РоссетиСеверныйКавказ
РоссетиСеверо-Запад
РоссетиСибирь
РоссетиТомск
РоссетиТюмень
Россети Урал(ГК)
РоссетиЦентр (ГК)
РоссетиЦентр иПриволжье(ГК)
Россети Юг(ГК)
РоссетиЯнтарь
0
2
4
6
-2
8'

16-10-2024T07:01:04 - [MESSAGE][PASSED] - Text of object 'Object Repository/Выполнение бизнес-плана/Выполнение бизнес-плана Балансы/Список ДЗО' is: '-0.19
-0.00
4.08
-0.23
-0.53
0.12
-0.01
3.97
-0.29
-0.09
-0.03
0.08
-0.16
-0.42
-0.19
-0.39
-0.02
Россети ФСКЕЭС
АО«Тываэнерго»
АО«Чеченэнерго»
РоссетиВолга
РоссетиКубань
РоссетиЛенэнерго(ГК)
РоссетиМосковскийрегион
РоссетиСеверныйКавказ
РоссетиСеверо-Запад
РоссетиСибирь
РоссетиТомск
РоссетиТюмень
Россети Урал(ГК)
РоссетиЦентр (ГК)
РоссетиЦентр иПриволжье(ГК)
Россети Юг(ГК)
РоссетиЯнтарь
0
2
4
6
-2
8'

16-10-2024T07:01:04 - [TEST_STEP][PASSED] - for ([ii = 1, ii < dZONum, (ii++)]): null

16-10-2024T07:01:04 - [TEST_STEP][PASSED] - i1 = z.indexOf("/"): null

16-10-2024T07:01:04 - [TEST_STEP][PASSED] - if (i1 > -1): null

16-10-2024T07:01:04 - [TEST_STEP][PASSED] - z = z.substring(0, i1): null

16-10-2024T07:01:04 - [TEST_STEP][PASSED] - z = z.replace(",", "."): null

16-10-2024T07:01:04 - [TEST_STEP][PASSED] - println(z): null

16-10-2024T07:01:04 - [TEST_STEP][PASSED] - x = x + "/" + z: null

16-10-2024T07:01:04 - [TEST_STEP][PASSED] - x = x.replaceAll("[\r?
|
]", ""): null

16-10-2024T07:01:04 - [TEST_STEP][PASSED] - println(x): null

16-10-2024T07:01:04 - [TEST_STEP][PASSED] - return x: null

16-10-2024T07:01:04 - [TEST_STEP][PASSED] - println("fB: " + fB): null

16-10-2024T07:01:04 - [TEST_STEP][PASSED] - i = VseDZO.indexOf("Тываэнерго"): null

16-10-2024T07:01:04 - [TEST_STEP][PASSED] - if (i > -1): null

16-10-2024T07:01:04 - [TEST_STEP][PASSED] - dZONum = dZONum + 1: null

16-10-2024T07:01:04 - [TEST_STEP][PASSED] - tyB = GetAllData(path, dZONum, VseDZO, x = "АО "Тываэнерго"/"): null

16-10-2024T07:01:04 - [TEST_STEP][PASSED] - ii = <not implemented yet for class: org.codehaus.groovy.ast.expr.EmptyExpression>: null

16-10-2024T07:01:04 - [TEST_STEP][PASSED] - i1 = <not implemented yet for class: org.codehaus.groovy.ast.expr.EmptyExpression>: null

16-10-2024T07:01:04 - [TEST_STEP][PASSED] - z = <not implemented yet for class: org.codehaus.groovy.ast.expr.EmptyExpression>: null

16-10-2024T07:01:04 - [TEST_STEP][PASSED] - path2 = "Значения со страницы Выполнение бизнес-плана/Table Data/": null

16-10-2024T07:01:04 - [TEST_STEP][PASSED] - println("path: " + path): null

16-10-2024T07:01:04 - [TEST_STEP][PASSED] - println("dZONum: " + dZONum): null

16-10-2024T07:01:04 - [TEST_STEP][PASSED] - z = getText(findTestObject(path + "spanPlan" + dZONum)): Text of object 'Object Repository/Выполнение бизнес-плана/Выполнение бизнес-плана Балансы/spanPlan2' is: '21.66
|'

16-10-2024T07:01:05 - [MESSAGE][PASSED] - Text of object 'Object Repository/Выполнение бизнес-плана/Выполнение бизнес-плана Балансы/spanPlan2' is: '21.66
|'

16-10-2024T07:01:05 - [TEST_STEP][PASSED] - println(z): null

16-10-2024T07:01:05 - [TEST_STEP][PASSED] - ii = z.indexOf("|"): null

16-10-2024T07:01:05 - [TEST_STEP][PASSED] - if (ii > -1): null

16-10-2024T07:01:05 - [TEST_STEP][PASSED] - z = z.substring(0, z.length() - 1): null

16-10-2024T07:01:05 - [TEST_STEP][PASSED] - println(z): null

16-10-2024T07:01:05 - [TEST_STEP][PASSED] - z = z.replaceAll("\s+", ""): null

16-10-2024T07:01:05 - [TEST_STEP][PASSED] - z = z.replace("[\r?
|
]", "/"): null

16-10-2024T07:01:05 - [TEST_STEP][PASSED] - println(z): null

16-10-2024T07:01:05 - [TEST_STEP][PASSED] - x = x + z: null

16-10-2024T07:01:05 - [TEST_STEP][PASSED] - z = getText(findTestObject(path + "spanFact" + dZONum)): Text of object 'Object Repository/Выполнение бизнес-плана/Выполнение бизнес-плана Балансы/spanFact2' is: '21.65'

16-10-2024T07:01:05 - [MESSAGE][PASSED] - Text of object 'Object Repository/Выполнение бизнес-плана/Выполнение бизнес-плана Балансы/spanFact2' is: '21.65'

16-10-2024T07:01:05 - [TEST_STEP][PASSED] - ii = z.indexOf("|"): null

16-10-2024T07:01:05 - [TEST_STEP][PASSED] - if (ii > -1): null

16-10-2024T07:01:05 - [TEST_STEP][PASSED] - x = x + "/" + z: null

16-10-2024T07:01:05 - [TEST_STEP][PASSED] - z = getText(findTestObject(path + path2 + "Факт Отпуск в сеть за отчётный период " + dZONum)).replaceAll("\s+", ""): Text of object 'Object Repository/Выполнение бизнес-плана/Выполнение бизнес-плана Балансы/Значения со страницы Выполнение бизнес-плана/Table Data/Факт Отпуск в сеть за отчётный период 2' is: '517 040'

16-10-2024T07:01:05 - [MESSAGE][PASSED] - Text of object 'Object Repository/Выполнение бизнес-плана/Выполнение бизнес-плана Балансы/Значения со страницы Выполнение бизнес-плана/Table Data/Факт Отпуск в сеть за отчётный период 2' is: '517 040'

16-10-2024T07:01:05 - [TEST_STEP][PASSED] - x = x + "/" + z: null

16-10-2024T07:01:05 - [TEST_STEP][PASSED] - z = getText(findTestObject(path + path2 + "Факт Отпуск из сети за отчётный период " + dZONum)).replaceAll("\s+", ""): Text of object 'Object Repository/Выполнение бизнес-плана/Выполнение бизнес-плана Балансы/Значения со страницы Выполнение бизнес-плана/Table Data/Факт Отпуск из сети за отчётный период 2' is: '405 099'

16-10-2024T07:01:06 - [MESSAGE][PASSED] - Text of object 'Object Repository/Выполнение бизнес-плана/Выполнение бизнес-плана Балансы/Значения со страницы Выполнение бизнес-плана/Table Data/Факт Отпуск из сети за отчётный период 2' is: '405 099'

16-10-2024T07:01:06 - [TEST_STEP][PASSED] - x = x + "/" + z: null

16-10-2024T07:01:06 - [TEST_STEP][PASSED] - z = getText(findTestObject(path + path2 + "Факт Потери за отчётный период " + dZONum)).replaceAll("\s+", ""): Text of object 'Object Repository/Выполнение бизнес-плана/Выполнение бизнес-плана Балансы/Значения со страницы Выполнение бизнес-плана/Table Data/Факт Потери за отчётный период 2' is: '111 941'

16-10-2024T07:01:06 - [MESSAGE][PASSED] - Text of object 'Object Repository/Выполнение бизнес-плана/Выполнение бизнес-плана Балансы/Значения со страницы Выполнение бизнес-плана/Table Data/Факт Потери за отчётный период 2' is: '111 941'

16-10-2024T07:01:06 - [TEST_STEP][PASSED] - x = x + "/" + z: null

16-10-2024T07:01:06 - [TEST_STEP][PASSED] - z = getText(findTestObject(path + path2 + "План Отпуск в сеть за отчётный период " + dZONum)).replaceAll("\s+", ""): Text of object 'Object Repository/Выполнение бизнес-плана/Выполнение бизнес-плана Балансы/Значения со страницы Выполнение бизнес-плана/Table Data/План Отпуск в сеть за отчётный период 2' is: '494 696'

16-10-2024T07:01:06 - [MESSAGE][PASSED] - Text of object 'Object Repository/Выполнение бизнес-плана/Выполнение бизнес-плана Балансы/Значения со страницы Выполнение бизнес-плана/Table Data/План Отпуск в сеть за отчётный период 2' is: '494 696'

16-10-2024T07:01:06 - [TEST_STEP][PASSED] - x = x + "/" + z: null

16-10-2024T07:01:06 - [TEST_STEP][PASSED] - z = getText(findTestObject(path + path2 + "План Отпуск из сети за отчётный период " + dZONum)).replaceAll("\s+", ""): Text of object 'Object Repository/Выполнение бизнес-плана/Выполнение бизнес-плана Балансы/Значения со страницы Выполнение бизнес-плана/Table Data/План Отпуск из сети за отчётный период 2' is: '387 568'

16-10-2024T07:01:07 - [MESSAGE][PASSED] - Text of object 'Object Repository/Выполнение бизнес-плана/Выполнение бизнес-плана Балансы/Значения со страницы Выполнение бизнес-плана/Table Data/План Отпуск из сети за отчётный период 2' is: '387 568'

16-10-2024T07:01:07 - [TEST_STEP][PASSED] - x = x + "/" + z: null

16-10-2024T07:01:07 - [TEST_STEP][PASSED] - z = getText(findTestObject(path + path2 + "План Потери за отчётный период " + dZONum)).replaceAll("\s+", ""): Text of object 'Object Repository/Выполнение бизнес-плана/Выполнение бизнес-плана Балансы/Значения со страницы Выполнение бизнес-плана/Table Data/План Потери за отчётный период 2' is: '107 128'

16-10-2024T07:01:07 - [MESSAGE][PASSED] - Text of object 'Object Repository/Выполнение бизнес-плана/Выполнение бизнес-плана Балансы/Значения со страницы Выполнение бизнес-плана/Table Data/План Потери за отчётный период 2' is: '107 128'

16-10-2024T07:01:07 - [TEST_STEP][PASSED] - x = x + "/" + z: null

16-10-2024T07:01:07 - [TEST_STEP][PASSED] - z = getText(findTestObject(path + "Список ДЗО")).replaceAll("[\r?
|
]", "/"): Text of object 'Object Repository/Выполнение бизнес-плана/Выполнение бизнес-плана Балансы/Список ДЗО' is: '-0.19
-0.00
4.08
-0.23
-0.53
0.12
-0.01
3.97
-0.29
-0.09
-0.03
0.08
-0.16
-0.42
-0.19
-0.39
-0.02
Россети ФСКЕЭС
АО«Тываэнерго»
АО«Чеченэнерго»
РоссетиВолга
РоссетиКубань
РоссетиЛенэнерго(ГК)
РоссетиМосковскийрегион
РоссетиСеверныйКавказ
РоссетиСеверо-Запад
РоссетиСибирь
РоссетиТомск
РоссетиТюмень
Россети Урал(ГК)
РоссетиЦентр (ГК)
РоссетиЦентр иПриволжье(ГК)
Россети Юг(ГК)
РоссетиЯнтарь
0
2
4
6
-2
8'

16-10-2024T07:01:07 - [MESSAGE][PASSED] - Text of object 'Object Repository/Выполнение бизнес-плана/Выполнение бизнес-плана Балансы/Список ДЗО' is: '-0.19
-0.00
4.08
-0.23
-0.53
0.12
-0.01
3.97
-0.29
-0.09
-0.03
0.08
-0.16
-0.42
-0.19
-0.39
-0.02
Россети ФСКЕЭС
АО«Тываэнерго»
АО«Чеченэнерго»
РоссетиВолга
РоссетиКубань
РоссетиЛенэнерго(ГК)
РоссетиМосковскийрегион
РоссетиСеверныйКавказ
РоссетиСеверо-Запад
РоссетиСибирь
РоссетиТомск
РоссетиТюмень
Россети Урал(ГК)
РоссетиЦентр (ГК)
РоссетиЦентр иПриволжье(ГК)
Россети Юг(ГК)
РоссетиЯнтарь
0
2
4
6
-2
8'

16-10-2024T07:01:07 - [TEST_STEP][PASSED] - for ([ii = 1, ii < dZONum, (ii++)]): null

16-10-2024T07:01:07 - [TEST_STEP][PASSED] - i1 = z.indexOf("/") + 1: null

16-10-2024T07:01:07 - [TEST_STEP][PASSED] - if (i1 > -1): null

16-10-2024T07:01:07 - [TEST_STEP][PASSED] - z = z.substring(i1, z.length()): null

16-10-2024T07:01:07 - [TEST_STEP][PASSED] - i1 = z.indexOf("/"): null

16-10-2024T07:01:07 - [TEST_STEP][PASSED] - i1 = z.indexOf("/"): null

16-10-2024T07:01:07 - [TEST_STEP][PASSED] - if (i1 > -1): null

16-10-2024T07:01:07 - [TEST_STEP][PASSED] - z = z.substring(0, i1): null

16-10-2024T07:01:07 - [TEST_STEP][PASSED] - z = z.replace(",", "."): null

16-10-2024T07:01:07 - [TEST_STEP][PASSED] - println(z): null

16-10-2024T07:01:07 - [TEST_STEP][PASSED] - x = x + "/" + z: null

16-10-2024T07:01:07 - [TEST_STEP][PASSED] - x = x.replaceAll("[\r?
|
]", ""): null

16-10-2024T07:01:07 - [TEST_STEP][PASSED] - println(x): null

16-10-2024T07:01:07 - [TEST_STEP][PASSED] - return x: null

16-10-2024T07:01:07 - [TEST_STEP][PASSED] - println("tyB: " + tyB): null

16-10-2024T07:01:07 - [TEST_STEP][PASSED] - i = VseDZO.indexOf("Чеченэнерго"): null

16-10-2024T07:01:07 - [TEST_STEP][PASSED] - if (i > -1): null

16-10-2024T07:01:07 - [TEST_STEP][PASSED] - dZONum = dZONum + 1: null

16-10-2024T07:01:07 - [TEST_STEP][PASSED] - chB = GetAllData(path, dZONum, VseDZO, x = "АО "Чеченэнерго"/"): null

16-10-2024T07:01:07 - [TEST_STEP][PASSED] - ii = <not implemented yet for class: org.codehaus.groovy.ast.expr.EmptyExpression>: null

16-10-2024T07:01:07 - [TEST_STEP][PASSED] - i1 = <not implemented yet for class: org.codehaus.groovy.ast.expr.EmptyExpression>: null

16-10-2024T07:01:07 - [TEST_STEP][PASSED] - z = <not implemented yet for class: org.codehaus.groovy.ast.expr.EmptyExpression>: null

16-10-2024T07:01:07 - [TEST_STEP][PASSED] - path2 = "Значения со страницы Выполнение бизнес-плана/Table Data/": null

16-10-2024T07:01:07 - [TEST_STEP][PASSED] - println("path: " + path): null

16-10-2024T07:01:07 - [TEST_STEP][PASSED] - println("dZONum: " + dZONum): null

16-10-2024T07:01:07 - [TEST_STEP][PASSED] - z = getText(findTestObject(path + "spanPlan" + dZONum)): Text of object 'Object Repository/Выполнение бизнес-плана/Выполнение бизнес-плана Балансы/spanPlan3' is: '33.46'

16-10-2024T07:01:08 - [MESSAGE][PASSED] - Text of object 'Object Repository/Выполнение бизнес-плана/Выполнение бизнес-плана Балансы/spanPlan3' is: '33.46'

16-10-2024T07:01:08 - [TEST_STEP][PASSED] - println(z): null

16-10-2024T07:01:08 - [TEST_STEP][PASSED] - ii = z.indexOf("|"): null

16-10-2024T07:01:08 - [TEST_STEP][PASSED] - if (ii > -1): null

16-10-2024T07:01:08 - [TEST_STEP][PASSED] - z = z.replaceAll("\s+", ""): null

16-10-2024T07:01:08 - [TEST_STEP][PASSED] - z = z.replace("[\r?
|
]", "/"): null

16-10-2024T07:01:08 - [TEST_STEP][PASSED] - println(z): null

16-10-2024T07:01:08 - [TEST_STEP][PASSED] - x = x + z: null

16-10-2024T07:01:08 - [TEST_STEP][PASSED] - z = getText(findTestObject(path + "spanFact" + dZONum)): Text of object 'Object Repository/Выполнение бизнес-плана/Выполнение бизнес-плана Балансы/spanFact3' is: '37.54
|'

16-10-2024T07:01:08 - [MESSAGE][PASSED] - Text of object 'Object Repository/Выполнение бизнес-плана/Выполнение бизнес-плана Балансы/spanFact3' is: '37.54
|'

16-10-2024T07:01:08 - [TEST_STEP][PASSED] - ii = z.indexOf("|"): null

16-10-2024T07:01:08 - [TEST_STEP][PASSED] - if (ii > -1): null

16-10-2024T07:01:08 - [TEST_STEP][PASSED] - z = length() - 1).replace("[\r?
|
]", "/"): null

16-10-2024T07:01:08 - [TEST_STEP][PASSED] - x = x + "/" + z: null

16-10-2024T07:01:08 - [TEST_STEP][PASSED] - z = getText(findTestObject(path + path2 + "Факт Отпуск в сеть за отчётный период " + dZONum)).replaceAll("\s+", ""): Text of object 'Object Repository/Выполнение бизнес-плана/Выполнение бизнес-плана Балансы/Значения со страницы Выполнение бизнес-плана/Table Data/Факт Отпуск в сеть за отчётный период 3' is: '2 784 252'

16-10-2024T07:01:08 - [MESSAGE][PASSED] - Text of object 'Object Repository/Выполнение бизнес-плана/Выполнение бизнес-плана Балансы/Значения со страницы Выполнение бизнес-плана/Table Data/Факт Отпуск в сеть за отчётный период 3' is: '2 784 252'

16-10-2024T07:01:08 - [TEST_STEP][PASSED] - x = x + "/" + z: null

16-10-2024T07:01:08 - [TEST_STEP][PASSED] - z = getText(findTestObject(path + path2 + "Факт Отпуск из сети за отчётный период " + dZONum)).replaceAll("\s+", ""): Text of object 'Object Repository/Выполнение бизнес-плана/Выполнение бизнес-плана Балансы/Значения со страницы Выполнение бизнес-плана/Table Data/Факт Отпуск из сети за отчётный период 3' is: '1 738 957'

16-10-2024T07:01:08 - [MESSAGE][PASSED] - Text of object 'Object Repository/Выполнение бизнес-плана/Выполнение бизнес-плана Балансы/Значения со страницы Выполнение бизнес-плана/Table Data/Факт Отпуск из сети за отчётный период 3' is: '1 738 957'

16-10-2024T07:01:08 - [TEST_STEP][PASSED] - x = x + "/" + z: null

16-10-2024T07:01:08 - [TEST_STEP][PASSED] - z = getText(findTestObject(path + path2 + "Факт Потери за отчётный период " + dZONum)).replaceAll("\s+", ""): Text of object 'Object Repository/Выполнение бизнес-плана/Выполнение бизнес-плана Балансы/Значения со страницы Выполнение бизнес-плана/Table Data/Факт Потери за отчётный период 3' is: '1 045 295'

16-10-2024T07:01:09 - [MESSAGE][PASSED] - Text of object 'Object Repository/Выполнение бизнес-плана/Выполнение бизнес-плана Балансы/Значения со страницы Выполнение бизнес-плана/Table Data/Факт Потери за отчётный период 3' is: '1 045 295'

16-10-2024T07:01:09 - [TEST_STEP][PASSED] - x = x + "/" + z: null

16-10-2024T07:01:09 - [TEST_STEP][PASSED] - z = getText(findTestObject(path + path2 + "План Отпуск в сеть за отчётный период " + dZONum)).replaceAll("\s+", ""): Text of object 'Object Repository/Выполнение бизнес-плана/Выполнение бизнес-плана Балансы/Значения со страницы Выполнение бизнес-плана/Table Data/План Отпуск в сеть за отчётный период 3' is: '2 583 877'

16-10-2024T07:01:09 - [MESSAGE][PASSED] - Text of object 'Object Repository/Выполнение бизнес-плана/Выполнение бизнес-плана Балансы/Значения со страницы Выполнение бизнес-плана/Table Data/План Отпуск в сеть за отчётный период 3' is: '2 583 877'

16-10-2024T07:01:09 - [TEST_STEP][PASSED] - x = x + "/" + z: null

16-10-2024T07:01:09 - [TEST_STEP][PASSED] - z = getText(findTestObject(path + path2 + "План Отпуск из сети за отчётный период " + dZONum)).replaceAll("\s+", ""): Text of object 'Object Repository/Выполнение бизнес-плана/Выполнение бизнес-плана Балансы/Значения со страницы Выполнение бизнес-плана/Table Data/План Отпуск из сети за отчётный период 3' is: '1 719 315'

16-10-2024T07:01:09 - [MESSAGE][PASSED] - Text of object 'Object Repository/Выполнение бизнес-плана/Выполнение бизнес-плана Балансы/Значения со страницы Выполнение бизнес-плана/Table Data/План Отпуск из сети за отчётный период 3' is: '1 719 315'

16-10-2024T07:01:09 - [TEST_STEP][PASSED] - x = x + "/" + z: null

16-10-2024T07:01:09 - [TEST_STEP][PASSED] - z = getText(findTestObject(path + path2 + "План Потери за отчётный период " + dZONum)).replaceAll("\s+", ""): Text of object 'Object Repository/Выполнение бизнес-плана/Выполнение бизнес-плана Балансы/Значения со страницы Выполнение бизнес-плана/Table Data/План Потери за отчётный период 3' is: '864 562'

16-10-2024T07:01:10 - [MESSAGE][PASSED] - Text of object 'Object Repository/Выполнение бизнес-плана/Выполнение бизнес-плана Балансы/Значения со страницы Выполнение бизнес-плана/Table Data/План Потери за отчётный период 3' is: '864 562'

16-10-2024T07:01:10 - [TEST_STEP][PASSED] - x = x + "/" + z: null

16-10-2024T07:01:10 - [TEST_STEP][PASSED] - z = getText(findTestObject(path + "Список ДЗО")).replaceAll("[\r?
|
]", "/"): Text of object 'Object Repository/Выполнение бизнес-плана/Выполнение бизнес-плана Балансы/Список ДЗО' is: '-0.19
-0.00
4.08
-0.23
-0.53
0.12
-0.01
3.97
-0.29
-0.09
-0.03
0.08
-0.16
-0.42
-0.19
-0.39
-0.02
Россети ФСКЕЭС
АО«Тываэнерго»
АО«Чеченэнерго»
РоссетиВолга
РоссетиКубань
РоссетиЛенэнерго(ГК)
РоссетиМосковскийрегион
РоссетиСеверныйКавказ
РоссетиСеверо-Запад
РоссетиСибирь
РоссетиТомск
РоссетиТюмень
Россети Урал(ГК)
РоссетиЦентр (ГК)
РоссетиЦентр иПриволжье(ГК)
Россети Юг(ГК)
РоссетиЯнтарь
0
2
4
6
-2
8'

16-10-2024T07:01:10 - [MESSAGE][PASSED] - Text of object 'Object Repository/Выполнение бизнес-плана/Выполнение бизнес-плана Балансы/Список ДЗО' is: '-0.19
-0.00
4.08
-0.23
-0.53
0.12
-0.01
3.97
-0.29
-0.09
-0.03
0.08
-0.16
-0.42
-0.19
-0.39
-0.02
Россети ФСКЕЭС
АО«Тываэнерго»
АО«Чеченэнерго»
РоссетиВолга
РоссетиКубань
РоссетиЛенэнерго(ГК)
РоссетиМосковскийрегион
РоссетиСеверныйКавказ
РоссетиСеверо-Запад
РоссетиСибирь
РоссетиТомск
РоссетиТюмень
Россети Урал(ГК)
РоссетиЦентр (ГК)
РоссетиЦентр иПриволжье(ГК)
Россети Юг(ГК)
РоссетиЯнтарь
0
2
4
6
-2
8'

16-10-2024T07:01:10 - [TEST_STEP][PASSED] - for ([ii = 1, ii < dZONum, (ii++)]): null

16-10-2024T07:01:10 - [TEST_STEP][PASSED] - i1 = z.indexOf("/") + 1: null

16-10-2024T07:01:10 - [TEST_STEP][PASSED] - if (i1 > -1): null

16-10-2024T07:01:10 - [TEST_STEP][PASSED] - z = z.substring(i1, z.length()): null

16-10-2024T07:01:10 - [TEST_STEP][PASSED] - i1 = z.indexOf("/"): null

16-10-2024T07:01:10 - [TEST_STEP][PASSED] - i1 = z.indexOf("/") + 1: null

16-10-2024T07:01:10 - [TEST_STEP][PASSED] - if (i1 > -1): null

16-10-2024T07:01:10 - [TEST_STEP][PASSED] - z = z.substring(i1, z.length()): null

16-10-2024T07:01:10 - [TEST_STEP][PASSED] - i1 = z.indexOf("/"): null

16-10-2024T07:01:10 - [TEST_STEP][PASSED] - i1 = z.indexOf("/"): null

16-10-2024T07:01:10 - [TEST_STEP][PASSED] - if (i1 > -1): null

16-10-2024T07:01:10 - [TEST_STEP][PASSED] - z = z.substring(0, i1): null

16-10-2024T07:01:10 - [TEST_STEP][PASSED] - z = z.replace(",", "."): null

16-10-2024T07:01:10 - [TEST_STEP][PASSED] - println(z): null

16-10-2024T07:01:10 - [TEST_STEP][PASSED] - x = x + "/" + z: null

16-10-2024T07:01:10 - [TEST_STEP][PASSED] - x = x.replaceAll("[\r?
|
]", ""): null

16-10-2024T07:01:10 - [TEST_STEP][PASSED] - println(x): null

16-10-2024T07:01:10 - [TEST_STEP][PASSED] - return x: null

16-10-2024T07:01:10 - [TEST_STEP][PASSED] - println("chB: " + chB): null

16-10-2024T07:01:10 - [TEST_STEP][PASSED] - i = VseDZO.indexOf("Волга"): null

16-10-2024T07:01:10 - [TEST_STEP][PASSED] - if (i > -1): null

16-10-2024T07:01:10 - [TEST_STEP][PASSED] - dZONum = dZONum + 1: null

16-10-2024T07:01:10 - [TEST_STEP][PASSED] - vB = GetAllData(path, dZONum, VseDZO, x = "Россети Волга/"): null

16-10-2024T07:01:10 - [TEST_STEP][PASSED] - ii = <not implemented yet for class: org.codehaus.groovy.ast.expr.EmptyExpression>: null

16-10-2024T07:01:10 - [TEST_STEP][PASSED] - i1 = <not implemented yet for class: org.codehaus.groovy.ast.expr.EmptyExpression>: null

16-10-2024T07:01:10 - [TEST_STEP][PASSED] - z = <not implemented yet for class: org.codehaus.groovy.ast.expr.EmptyExpression>: null

16-10-2024T07:01:10 - [TEST_STEP][PASSED] - path2 = "Значения со страницы Выполнение бизнес-плана/Table Data/": null

16-10-2024T07:01:10 - [TEST_STEP][PASSED] - println("path: " + path): null

16-10-2024T07:01:10 - [TEST_STEP][PASSED] - println("dZONum: " + dZONum): null

16-10-2024T07:01:10 - [TEST_STEP][PASSED] - z = getText(findTestObject(path + "spanPlan" + dZONum)): Text of object 'Object Repository/Выполнение бизнес-плана/Выполнение бизнес-плана Балансы/spanPlan4' is: '5.24
|'

16-10-2024T07:01:10 - [MESSAGE][PASSED] - Text of object 'Object Repository/Выполнение бизнес-плана/Выполнение бизнес-плана Балансы/spanPlan4' is: '5.24
|'

16-10-2024T07:01:10 - [TEST_STEP][PASSED] - println(z): null

16-10-2024T07:01:10 - [TEST_STEP][PASSED] - ii = z.indexOf("|"): null

16-10-2024T07:01:10 - [TEST_STEP][PASSED] - if (ii > -1): null

16-10-2024T07:01:10 - [TEST_STEP][PASSED] - z = z.substring(0, z.length() - 1): null

16-10-2024T07:01:10 - [TEST_STEP][PASSED] - println(z): null

16-10-2024T07:01:10 - [TEST_STEP][PASSED] - z = z.replaceAll("\s+", ""): null

16-10-2024T07:01:10 - [TEST_STEP][PASSED] - z = z.replace("[\r?
|
]", "/"): null

16-10-2024T07:01:10 - [TEST_STEP][PASSED] - println(z): null

16-10-2024T07:01:10 - [TEST_STEP][PASSED] - x = x + z: null

16-10-2024T07:01:10 - [TEST_STEP][PASSED] - z = getText(findTestObject(path + "spanFact" + dZONum)): Text of object 'Object Repository/Выполнение бизнес-плана/Выполнение бизнес-плана Балансы/spanFact4' is: '5.01'

16-10-2024T07:01:11 - [MESSAGE][PASSED] - Text of object 'Object Repository/Выполнение бизнес-плана/Выполнение бизнес-плана Балансы/spanFact4' is: '5.01'

16-10-2024T07:01:11 - [TEST_STEP][PASSED] - ii = z.indexOf("|"): null

16-10-2024T07:01:11 - [TEST_STEP][PASSED] - if (ii > -1): null

16-10-2024T07:01:11 - [TEST_STEP][PASSED] - x = x + "/" + z: null

16-10-2024T07:01:11 - [TEST_STEP][PASSED] - z = getText(findTestObject(path + path2 + "Факт Отпуск в сеть за отчётный период " + dZONum)).replaceAll("\s+", ""): Text of object 'Object Repository/Выполнение бизнес-плана/Выполнение бизнес-плана Балансы/Значения со страницы Выполнение бизнес-плана/Table Data/Факт Отпуск в сеть за отчётный период 4' is: '35 768 568'

16-10-2024T07:01:11 - [MESSAGE][PASSED] - Text of object 'Object Repository/Выполнение бизнес-плана/Выполнение бизнес-плана Балансы/Значения со страницы Выполнение бизнес-плана/Table Data/Факт Отпуск в сеть за отчётный период 4' is: '35 768 568'

16-10-2024T07:01:11 - [TEST_STEP][PASSED] - x = x + "/" + z: null

16-10-2024T07:01:11 - [TEST_STEP][PASSED] - z = getText(findTestObject(path + path2 + "Факт Отпуск из сети за отчётный период " + dZONum)).replaceAll("\s+", ""): Text of object 'Object Repository/Выполнение бизнес-плана/Выполнение бизнес-плана Балансы/Значения со страницы Выполнение бизнес-плана/Table Data/Факт Отпуск из сети за отчётный период 4' is: '33 976 784'

16-10-2024T07:01:11 - [MESSAGE][PASSED] - Text of object 'Object Repository/Выполнение бизнес-плана/Выполнение бизнес-плана Балансы/Значения со страницы Выполнение бизнес-плана/Table Data/Факт Отпуск из сети за отчётный период 4' is: '33 976 784'

16-10-2024T07:01:11 - [TEST_STEP][PASSED] - x = x + "/" + z: null

16-10-2024T07:01:11 - [TEST_STEP][PASSED] - z = getText(findTestObject(path + path2 + "Факт Потери за отчётный период " + dZONum)).replaceAll("\s+", ""): Text of object 'Object Repository/Выполнение бизнес-плана/Выполнение бизнес-плана Балансы/Значения со страницы Выполнение бизнес-плана/Table Data/Факт Потери за отчётный период 4' is: '1 791 784'

16-10-2024T07:01:12 - [MESSAGE][PASSED] - Text of object 'Object Repository/Выполнение бизнес-плана/Выполнение бизнес-плана Балансы/Значения со страницы Выполнение бизнес-плана/Table Data/Факт Потери за отчётный период 4' is: '1 791 784'

16-10-2024T07:01:12 - [TEST_STEP][PASSED] - x = x + "/" + z: null

16-10-2024T07:01:12 - [TEST_STEP][PASSED] - z = getText(findTestObject(path + path2 + "План Отпуск в сеть за отчётный период " + dZONum)).replaceAll("\s+", ""): Text of object 'Object Repository/Выполнение бизнес-плана/Выполнение бизнес-плана Балансы/Значения со страницы Выполнение бизнес-плана/Table Data/План Отпуск в сеть за отчётный период 4' is: '35 362 644'

16-10-2024T07:01:12 - [MESSAGE][PASSED] - Text of object 'Object Repository/Выполнение бизнес-плана/Выполнение бизнес-плана Балансы/Значения со страницы Выполнение бизнес-плана/Table Data/План Отпуск в сеть за отчётный период 4' is: '35 362 644'

16-10-2024T07:01:12 - [TEST_STEP][PASSED] - x = x + "/" + z: null

16-10-2024T07:01:12 - [TEST_STEP][PASSED] - z = getText(findTestObject(path + path2 + "План Отпуск из сети за отчётный период " + dZONum)).replaceAll("\s+", ""): Text of object 'Object Repository/Выполнение бизнес-плана/Выполнение бизнес-плана Балансы/Значения со страницы Выполнение бизнес-плана/Table Data/План Отпуск из сети за отчётный период 4' is: '33 491 900'

16-10-2024T07:01:12 - [MESSAGE][PASSED] - Text of object 'Object Repository/Выполнение бизнес-плана/Выполнение бизнес-плана Балансы/Значения со страницы Выполнение бизнес-плана/Table Data/План Отпуск из сети за отчётный период 4' is: '33 491 900'

16-10-2024T07:01:12 - [TEST_STEP][PASSED] - x = x + "/" + z: null

16-10-2024T07:01:12 - [TEST_STEP][PASSED] - z = getText(findTestObject(path + path2 + "План Потери за отчётный период " + dZONum)).replaceAll("\s+", ""): Text of object 'Object Repository/Выполнение бизнес-плана/Выполнение бизнес-плана Балансы/Значения со страницы Выполнение бизнес-плана/Table Data/План Потери за отчётный период 4' is: '1 870 744'

16-10-2024T07:01:12 - [MESSAGE][PASSED] - Text of object 'Object Repository/Выполнение бизнес-плана/Выполнение бизнес-плана Балансы/Значения со страницы Выполнение бизнес-плана/Table Data/План Потери за отчётный период 4' is: '1 870 744'

16-10-2024T07:01:12 - [TEST_STEP][PASSED] - x = x + "/" + z: null

16-10-2024T07:01:12 - [TEST_STEP][PASSED] - z = getText(findTestObject(path + "Список ДЗО")).replaceAll("[\r?
|
]", "/"): Text of object 'Object Repository/Выполнение бизнес-плана/Выполнение бизнес-плана Балансы/Список ДЗО' is: '-0.19
-0.00
4.08
-0.23
-0.53
0.12
-0.01
3.97
-0.29
-0.09
-0.03
0.08
-0.16
-0.42
-0.19
-0.39
-0.02
Россети ФСКЕЭС
АО«Тываэнерго»
АО«Чеченэнерго»
РоссетиВолга
РоссетиКубань
РоссетиЛенэнерго(ГК)
РоссетиМосковскийрегион
РоссетиСеверныйКавказ
РоссетиСеверо-Запад
РоссетиСибирь
РоссетиТомск
РоссетиТюмень
Россети Урал(ГК)
РоссетиЦентр (ГК)
РоссетиЦентр иПриволжье(ГК)
Россети Юг(ГК)
РоссетиЯнтарь
0
2
4
6
-2
8'

16-10-2024T07:01:13 - [MESSAGE][PASSED] - Text of object 'Object Repository/Выполнение бизнес-плана/Выполнение бизнес-плана Балансы/Список ДЗО' is: '-0.19
-0.00
4.08
-0.23
-0.53
0.12
-0.01
3.97
-0.29
-0.09
-0.03
0.08
-0.16
-0.42
-0.19
-0.39
-0.02
Россети ФСКЕЭС
АО«Тываэнерго»
АО«Чеченэнерго»
РоссетиВолга
РоссетиКубань
РоссетиЛенэнерго(ГК)
РоссетиМосковскийрегион
РоссетиСеверныйКавказ
РоссетиСеверо-Запад
РоссетиСибирь
РоссетиТомск
РоссетиТюмень
Россети Урал(ГК)
РоссетиЦентр (ГК)
РоссетиЦентр иПриволжье(ГК)
Россети Юг(ГК)
РоссетиЯнтарь
0
2
4
6
-2
8'

16-10-2024T07:01:13 - [TEST_STEP][PASSED] - for ([ii = 1, ii < dZONum, (ii++)]): null

16-10-2024T07:01:13 - [TEST_STEP][PASSED] - i1 = z.indexOf("/") + 1: null

16-10-2024T07:01:13 - [TEST_STEP][PASSED] - if (i1 > -1): null

16-10-2024T07:01:13 - [TEST_STEP][PASSED] - z = z.substring(i1, z.length()): null

16-10-2024T07:01:13 - [TEST_STEP][PASSED] - i1 = z.indexOf("/"): null

16-10-2024T07:01:13 - [TEST_STEP][PASSED] - i1 = z.indexOf("/") + 1: null

16-10-2024T07:01:13 - [TEST_STEP][PASSED] - if (i1 > -1): null

16-10-2024T07:01:13 - [TEST_STEP][PASSED] - z = z.substring(i1, z.length()): null

16-10-2024T07:01:13 - [TEST_STEP][PASSED] - i1 = z.indexOf("/"): null

16-10-2024T07:01:13 - [TEST_STEP][PASSED] - i1 = z.indexOf("/") + 1: null

16-10-2024T07:01:13 - [TEST_STEP][PASSED] - if (i1 > -1): null

16-10-2024T07:01:13 - [TEST_STEP][PASSED] - z = z.substring(i1, z.length()): null

16-10-2024T07:01:13 - [TEST_STEP][PASSED] - i1 = z.indexOf("/"): null

16-10-2024T07:01:13 - [TEST_STEP][PASSED] - i1 = z.indexOf("/"): null

16-10-2024T07:01:13 - [TEST_STEP][PASSED] - if (i1 > -1): null

16-10-2024T07:01:13 - [TEST_STEP][PASSED] - z = z.substring(0, i1): null

16-10-2024T07:01:13 - [TEST_STEP][PASSED] - z = z.replace(",", "."): null

16-10-2024T07:01:13 - [TEST_STEP][PASSED] - println(z): null

16-10-2024T07:01:13 - [TEST_STEP][PASSED] - x = x + "/" + z: null

16-10-2024T07:01:13 - [TEST_STEP][PASSED] - x = x.replaceAll("[\r?
|
]", ""): null

16-10-2024T07:01:13 - [TEST_STEP][PASSED] - println(x): null

16-10-2024T07:01:13 - [TEST_STEP][PASSED] - return x: null

16-10-2024T07:01:13 - [TEST_STEP][PASSED] - println("vB: " + vB): null

16-10-2024T07:01:13 - [TEST_STEP][PASSED] - i = VseDZO.indexOf("Кубань"): null

16-10-2024T07:01:13 - [TEST_STEP][PASSED] - if (i > -1): null

16-10-2024T07:01:13 - [TEST_STEP][PASSED] - dZONum = dZONum + 1: null

16-10-2024T07:01:13 - [TEST_STEP][PASSED] - kB = GetAllData(path, dZONum, VseDZO, x = "Россети Кубань/"): null

16-10-2024T07:01:13 - [TEST_STEP][PASSED] - ii = <not implemented yet for class: org.codehaus.groovy.ast.expr.EmptyExpression>: null

16-10-2024T07:01:13 - [TEST_STEP][PASSED] - i1 = <not implemented yet for class: org.codehaus.groovy.ast.expr.EmptyExpression>: null

16-10-2024T07:01:13 - [TEST_STEP][PASSED] - z = <not implemented yet for class: org.codehaus.groovy.ast.expr.EmptyExpression>: null

16-10-2024T07:01:13 - [TEST_STEP][PASSED] - path2 = "Значения со страницы Выполнение бизнес-плана/Table Data/": null

16-10-2024T07:01:13 - [TEST_STEP][PASSED] - println("path: " + path): null

16-10-2024T07:01:13 - [TEST_STEP][PASSED] - println("dZONum: " + dZONum): null

16-10-2024T07:01:13 - [TEST_STEP][PASSED] - z = getText(findTestObject(path + "spanPlan" + dZONum)): Text of object 'Object Repository/Выполнение бизнес-плана/Выполнение бизнес-плана Балансы/spanPlan5' is: '9.22
|'

16-10-2024T07:01:13 - [MESSAGE][PASSED] - Text of object 'Object Repository/Выполнение бизнес-плана/Выполнение бизнес-плана Балансы/spanPlan5' is: '9.22
|'

16-10-2024T07:01:13 - [TEST_STEP][PASSED] - println(z): null

16-10-2024T07:01:13 - [TEST_STEP][PASSED] - ii = z.indexOf("|"): null

16-10-2024T07:01:13 - [TEST_STEP][PASSED] - if (ii > -1): null

16-10-2024T07:01:13 - [TEST_STEP][PASSED] - z = z.substring(0, z.length() - 1): null

16-10-2024T07:01:13 - [TEST_STEP][PASSED] - println(z): null

16-10-2024T07:01:13 - [TEST_STEP][PASSED] - z = z.replaceAll("\s+", ""): null

16-10-2024T07:01:13 - [TEST_STEP][PASSED] - z = z.replace("[\r?
|
]", "/"): null

16-10-2024T07:01:13 - [TEST_STEP][PASSED] - println(z): null

16-10-2024T07:01:13 - [TEST_STEP][PASSED] - x = x + z: null

16-10-2024T07:01:13 - [TEST_STEP][PASSED] - z = getText(findTestObject(path + "spanFact" + dZONum)): Text of object 'Object Repository/Выполнение бизнес-плана/Выполнение бизнес-плана Балансы/spanFact5' is: '8.68'

16-10-2024T07:01:13 - [MESSAGE][PASSED] - Text of object 'Object Repository/Выполнение бизнес-плана/Выполнение бизнес-плана Балансы/spanFact5' is: '8.68'

16-10-2024T07:01:13 - [TEST_STEP][PASSED] - ii = z.indexOf("|"): null

16-10-2024T07:01:13 - [TEST_STEP][PASSED] - if (ii > -1): null

16-10-2024T07:01:13 - [TEST_STEP][PASSED] - x = x + "/" + z: null

16-10-2024T07:01:13 - [TEST_STEP][PASSED] - z = getText(findTestObject(path + path2 + "Факт Отпуск в сеть за отчётный период " + dZONum)).replaceAll("\s+", ""): Text of object 'Object Repository/Выполнение бизнес-плана/Выполнение бизнес-плана Балансы/Значения со страницы Выполнение бизнес-плана/Table Data/Факт Отпуск в сеть за отчётный период 5' is: '19 209 232'

16-10-2024T07:01:14 - [MESSAGE][PASSED] - Text of object 'Object Repository/Выполнение бизнес-плана/Выполнение бизнес-плана Балансы/Значения со страницы Выполнение бизнес-плана/Table Data/Факт Отпуск в сеть за отчётный период 5' is: '19 209 232'

16-10-2024T07:01:14 - [TEST_STEP][PASSED] - x = x + "/" + z: null

16-10-2024T07:01:14 - [TEST_STEP][PASSED] - z = getText(findTestObject(path + path2 + "Факт Отпуск из сети за отчётный период " + dZONum)).replaceAll("\s+", ""): Text of object 'Object Repository/Выполнение бизнес-плана/Выполнение бизнес-плана Балансы/Значения со страницы Выполнение бизнес-плана/Table Data/Факт Отпуск из сети за отчётный период 5' is: '17 541 196'

16-10-2024T07:01:14 - [MESSAGE][PASSED] - Text of object 'Object Repository/Выполнение бизнес-плана/Выполнение бизнес-плана Балансы/Значения со страницы Выполнение бизнес-плана/Table Data/Факт Отпуск из сети за отчётный период 5' is: '17 541 196'

16-10-2024T07:01:14 - [TEST_STEP][PASSED] - x = x + "/" + z: null

16-10-2024T07:01:14 - [TEST_STEP][PASSED] - z = getText(findTestObject(path + path2 + "Факт Потери за отчётный период " + dZONum)).replaceAll("\s+", ""): Text of object 'Object Repository/Выполнение бизнес-плана/Выполнение бизнес-плана Балансы/Значения со страницы Выполнение бизнес-плана/Table Data/Факт Потери за отчётный период 5' is: '1 668 036'

16-10-2024T07:01:14 - [MESSAGE][PASSED] - Text of object 'Object Repository/Выполнение бизнес-плана/Выполнение бизнес-плана Балансы/Значения со страницы Выполнение бизнес-плана/Table Data/Факт Потери за отчётный период 5' is: '1 668 036'

16-10-2024T07:01:14 - [TEST_STEP][PASSED] - x = x + "/" + z: null

16-10-2024T07:01:14 - [TEST_STEP][PASSED] - z = getText(findTestObject(path + path2 + "План Отпуск в сеть за отчётный период " + dZONum)).replaceAll("\s+", ""): Text of object 'Object Repository/Выполнение бизнес-плана/Выполнение бизнес-плана Балансы/Значения со страницы Выполнение бизнес-плана/Table Data/План Отпуск в сеть за отчётный период 5' is: '18 442 019'

16-10-2024T07:01:15 - [MESSAGE][PASSED] - Text of object 'Object Repository/Выполнение бизнес-плана/Выполнение бизнес-плана Балансы/Значения со страницы Выполнение бизнес-плана/Table Data/План Отпуск в сеть за отчётный период 5' is: '18 442 019'

16-10-2024T07:01:15 - [TEST_STEP][PASSED] - x = x + "/" + z: null

16-10-2024T07:01:15 - [TEST_STEP][PASSED] - z = getText(findTestObject(path + path2 + "План Отпуск из сети за отчётный период " + dZONum)).replaceAll("\s+", ""): Text of object 'Object Repository/Выполнение бизнес-плана/Выполнение бизнес-плана Балансы/Значения со страницы Выполнение бизнес-плана/Table Data/План Отпуск из сети за отчётный период 5' is: '16 742 025'

16-10-2024T07:01:15 - [MESSAGE][PASSED] - Text of object 'Object Repository/Выполнение бизнес-плана/Выполнение бизнес-плана Балансы/Значения со страницы Выполнение бизнес-плана/Table Data/План Отпуск из сети за отчётный период 5' is: '16 742 025'

16-10-2024T07:01:15 - [TEST_STEP][PASSED] - x = x + "/" + z: null

16-10-2024T07:01:15 - [TEST_STEP][PASSED] - z = getText(findTestObject(path + path2 + "План Потери за отчётный период " + dZONum)).replaceAll("\s+", ""): Text of object 'Object Repository/Выполнение бизнес-плана/Выполнение бизнес-плана Балансы/Значения со страницы Выполнение бизнес-плана/Table Data/План Потери за отчётный период 5' is: '1 699 994'

16-10-2024T07:01:15 - [MESSAGE][PASSED] - Text of object 'Object Repository/Выполнение бизнес-плана/Выполнение бизнес-плана Балансы/Значения со страницы Выполнение бизнес-плана/Table Data/План Потери за отчётный период 5' is: '1 699 994'

16-10-2024T07:01:15 - [TEST_STEP][PASSED] - x = x + "/" + z: null

16-10-2024T07:01:15 - [TEST_STEP][PASSED] - z = getText(findTestObject(path + "Список ДЗО")).replaceAll("[\r?
|
]", "/"): Text of object 'Object Repository/Выполнение бизнес-плана/Выполнение бизнес-плана Балансы/Список ДЗО' is: '-0.19
-0.00
4.08
-0.23
-0.53
0.12
-0.01
3.97
-0.29
-0.09
-0.03
0.08
-0.16
-0.42
-0.19
-0.39
-0.02
Россети ФСКЕЭС
АО«Тываэнерго»
АО«Чеченэнерго»
РоссетиВолга
РоссетиКубань
РоссетиЛенэнерго(ГК)
РоссетиМосковскийрегион
РоссетиСеверныйКавказ
РоссетиСеверо-Запад
РоссетиСибирь
РоссетиТомск
РоссетиТюмень
Россети Урал(ГК)
РоссетиЦентр (ГК)
РоссетиЦентр иПриволжье(ГК)
Россети Юг(ГК)
РоссетиЯнтарь
0
2
4
6
-2
8'

16-10-2024T07:01:16 - [MESSAGE][PASSED] - Text of object 'Object Repository/Выполнение бизнес-плана/Выполнение бизнес-плана Балансы/Список ДЗО' is: '-0.19
-0.00
4.08
-0.23
-0.53
0.12
-0.01
3.97
-0.29
-0.09
-0.03
0.08
-0.16
-0.42
-0.19
-0.39
-0.02
Россети ФСКЕЭС
АО«Тываэнерго»
АО«Чеченэнерго»
РоссетиВолга
РоссетиКубань
РоссетиЛенэнерго(ГК)
РоссетиМосковскийрегион
РоссетиСеверныйКавказ
РоссетиСеверо-Запад
РоссетиСибирь
РоссетиТомск
РоссетиТюмень
Россети Урал(ГК)
РоссетиЦентр (ГК)
РоссетиЦентр иПриволжье(ГК)
Россети Юг(ГК)
РоссетиЯнтарь
0
2
4
6
-2
8'

16-10-2024T07:01:16 - [TEST_STEP][PASSED] - for ([ii = 1, ii < dZONum, (ii++)]): null

16-10-2024T07:01:16 - [TEST_STEP][PASSED] - i1 = z.indexOf("/") + 1: null

16-10-2024T07:01:16 - [TEST_STEP][PASSED] - if (i1 > -1): null

16-10-2024T07:01:16 - [TEST_STEP][PASSED] - z = z.substring(i1, z.length()): null

16-10-2024T07:01:16 - [TEST_STEP][PASSED] - i1 = z.indexOf("/"): null

16-10-2024T07:01:16 - [TEST_STEP][PASSED] - i1 = z.indexOf("/") + 1: null

16-10-2024T07:01:16 - [TEST_STEP][PASSED] - if (i1 > -1): null

16-10-2024T07:01:16 - [TEST_STEP][PASSED] - z = z.substring(i1, z.length()): null

16-10-2024T07:01:16 - [TEST_STEP][PASSED] - i1 = z.indexOf("/"): null

16-10-2024T07:01:16 - [TEST_STEP][PASSED] - i1 = z.indexOf("/") + 1: null

16-10-2024T07:01:16 - [TEST_STEP][PASSED] - if (i1 > -1): null

16-10-2024T07:01:16 - [TEST_STEP][PASSED] - z = z.substring(i1, z.length()): null

16-10-2024T07:01:16 - [TEST_STEP][PASSED] - i1 = z.indexOf("/"): null

16-10-2024T07:01:16 - [TEST_STEP][PASSED] - i1 = z.indexOf("/") + 1: null

16-10-2024T07:01:16 - [TEST_STEP][PASSED] - if (i1 > -1): null

16-10-2024T07:01:16 - [TEST_STEP][PASSED] - z = z.substring(i1, z.length()): null

16-10-2024T07:01:16 - [TEST_STEP][PASSED] - i1 = z.indexOf("/"): null

16-10-2024T07:01:16 - [TEST_STEP][PASSED] - i1 = z.indexOf("/"): null

16-10-2024T07:01:16 - [TEST_STEP][PASSED] - if (i1 > -1): null

16-10-2024T07:01:16 - [TEST_STEP][PASSED] - z = z.substring(0, i1): null

16-10-2024T07:01:16 - [TEST_STEP][PASSED] - z = z.replace(",", "."): null

16-10-2024T07:01:16 - [TEST_STEP][PASSED] - println(z): null

16-10-2024T07:01:16 - [TEST_STEP][PASSED] - x = x + "/" + z: null

16-10-2024T07:01:16 - [TEST_STEP][PASSED] - x = x.replaceAll("[\r?
|
]", ""): null

16-10-2024T07:01:16 - [TEST_STEP][PASSED] - println(x): null

16-10-2024T07:01:16 - [TEST_STEP][PASSED] - return x: null

16-10-2024T07:01:16 - [TEST_STEP][PASSED] - println("kB: " + kB): null

16-10-2024T07:01:16 - [TEST_STEP][PASSED] - i = VseDZO.indexOf("Ленэнерго"): null

16-10-2024T07:01:16 - [TEST_STEP][PASSED] - if (i > -1): null

16-10-2024T07:01:16 - [TEST_STEP][PASSED] - dZONum = dZONum + 1: null

16-10-2024T07:01:16 - [TEST_STEP][PASSED] - lB = GetAllData(path, dZONum, VseDZO, x = "Россети Ленэнерго (ГК)/"): null

16-10-2024T07:01:16 - [TEST_STEP][PASSED] - ii = <not implemented yet for class: org.codehaus.groovy.ast.expr.EmptyExpression>: null

16-10-2024T07:01:16 - [TEST_STEP][PASSED] - i1 = <not implemented yet for class: org.codehaus.groovy.ast.expr.EmptyExpression>: null

16-10-2024T07:01:16 - [TEST_STEP][PASSED] - z = <not implemented yet for class: org.codehaus.groovy.ast.expr.EmptyExpression>: null

16-10-2024T07:01:16 - [TEST_STEP][PASSED] - path2 = "Значения со страницы Выполнение бизнес-плана/Table Data/": null

16-10-2024T07:01:16 - [TEST_STEP][PASSED] - println("path: " + path): null

16-10-2024T07:01:16 - [TEST_STEP][PASSED] - println("dZONum: " + dZONum): null

16-10-2024T07:01:16 - [TEST_STEP][PASSED] - z = getText(findTestObject(path + "spanPlan" + dZONum)): Text of object 'Object Repository/Выполнение бизнес-плана/Выполнение бизнес-плана Балансы/spanPlan6' is: '10.43'

16-10-2024T07:01:16 - [MESSAGE][PASSED] - Text of object 'Object Repository/Выполнение бизнес-плана/Выполнение бизнес-плана Балансы/spanPlan6' is: '10.43'

16-10-2024T07:01:16 - [TEST_STEP][PASSED] - println(z): null

16-10-2024T07:01:16 - [TEST_STEP][PASSED] - ii = z.indexOf("|"): null

16-10-2024T07:01:16 - [TEST_STEP][PASSED] - if (ii > -1): null

16-10-2024T07:01:16 - [TEST_STEP][PASSED] - z = z.replaceAll("\s+", ""): null

16-10-2024T07:01:16 - [TEST_STEP][PASSED] - z = z.replace("[\r?
|
]", "/"): null

16-10-2024T07:01:16 - [TEST_STEP][PASSED] - println(z): null

16-10-2024T07:01:16 - [TEST_STEP][PASSED] - x = x + z: null

16-10-2024T07:01:16 - [TEST_STEP][PASSED] - z = getText(findTestObject(path + "spanFact" + dZONum)): Text of object 'Object Repository/Выполнение бизнес-плана/Выполнение бизнес-плана Балансы/spanFact6' is: '10.55
|'

16-10-2024T07:01:16 - [MESSAGE][PASSED] - Text of object 'Object Repository/Выполнение бизнес-плана/Выполнение бизнес-плана Балансы/spanFact6' is: '10.55
|'

16-10-2024T07:01:16 - [TEST_STEP][PASSED] - ii = z.indexOf("|"): null

16-10-2024T07:01:16 - [TEST_STEP][PASSED] - if (ii > -1): null

16-10-2024T07:01:16 - [TEST_STEP][PASSED] - z = length() - 1).replace("[\r?
|
]", "/"): null

16-10-2024T07:01:16 - [TEST_STEP][PASSED] - x = x + "/" + z: null

16-10-2024T07:01:16 - [TEST_STEP][PASSED] - z = getText(findTestObject(path + path2 + "Факт Отпуск в сеть за отчётный период " + dZONum)).replaceAll("\s+", ""): Text of object 'Object Repository/Выполнение бизнес-плана/Выполнение бизнес-плана Балансы/Значения со страницы Выполнение бизнес-плана/Table Data/Факт Отпуск в сеть за отчётный период 6' is: '25 447 322'

16-10-2024T07:01:16 - [MESSAGE][PASSED] - Text of object 'Object Repository/Выполнение бизнес-плана/Выполнение бизнес-плана Балансы/Значения со страницы Выполнение бизнес-плана/Table Data/Факт Отпуск в сеть за отчётный период 6' is: '25 447 322'

16-10-2024T07:01:16 - [TEST_STEP][PASSED] - x = x + "/" + z: null

16-10-2024T07:01:16 - [TEST_STEP][PASSED] - z = getText(findTestObject(path + path2 + "Факт Отпуск из сети за отчётный период " + dZONum)).replaceAll("\s+", ""): Text of object 'Object Repository/Выполнение бизнес-плана/Выполнение бизнес-плана Балансы/Значения со страницы Выполнение бизнес-плана/Table Data/Факт Отпуск из сети за отчётный период 6' is: '22 763 631'

16-10-2024T07:01:17 - [MESSAGE][PASSED] - Text of object 'Object Repository/Выполнение бизнес-плана/Выполнение бизнес-плана Балансы/Значения со страницы Выполнение бизнес-плана/Table Data/Факт Отпуск из сети за отчётный период 6' is: '22 763 631'

16-10-2024T07:01:17 - [TEST_STEP][PASSED] - x = x + "/" + z: null

16-10-2024T07:01:17 - [TEST_STEP][PASSED] - z = getText(findTestObject(path + path2 + "Факт Потери за отчётный период " + dZONum)).replaceAll("\s+", ""): Text of object 'Object Repository/Выполнение бизнес-плана/Выполнение бизнес-плана Балансы/Значения со страницы Выполнение бизнес-плана/Table Data/Факт Потери за отчётный период 6' is: '2 683 692'

16-10-2024T07:01:17 - [MESSAGE][PASSED] - Text of object 'Object Repository/Выполнение бизнес-плана/Выполнение бизнес-плана Балансы/Значения со страницы Выполнение бизнес-плана/Table Data/Факт Потери за отчётный период 6' is: '2 683 692'

16-10-2024T07:01:17 - [TEST_STEP][PASSED] - x = x + "/" + z: null

16-10-2024T07:01:17 - [TEST_STEP][PASSED] - z = getText(findTestObject(path + path2 + "План Отпуск в сеть за отчётный период " + dZONum)).replaceAll("\s+", ""): Text of object 'Object Repository/Выполнение бизнес-плана/Выполнение бизнес-плана Балансы/Значения со страницы Выполнение бизнес-плана/Table Data/План Отпуск в сеть за отчётный период 6' is: '24 111 561'

16-10-2024T07:01:17 - [MESSAGE][PASSED] - Text of object 'Object Repository/Выполнение бизнес-плана/Выполнение бизнес-плана Балансы/Значения со страницы Выполнение бизнес-плана/Table Data/План Отпуск в сеть за отчётный период 6' is: '24 111 561'

16-10-2024T07:01:17 - [TEST_STEP][PASSED] - x = x + "/" + z: null

16-10-2024T07:01:17 - [TEST_STEP][PASSED] - z = getText(findTestObject(path + path2 + "План Отпуск из сети за отчётный период " + dZONum)).replaceAll("\s+", ""): Text of object 'Object Repository/Выполнение бизнес-плана/Выполнение бизнес-плана Балансы/Значения со страницы Выполнение бизнес-плана/Table Data/План Отпуск из сети за отчётный период 6' is: '21 597 586'

16-10-2024T07:01:18 - [MESSAGE][PASSED] - Text of object 'Object Repository/Выполнение бизнес-плана/Выполнение бизнес-плана Балансы/Значения со страницы Выполнение бизнес-плана/Table Data/План Отпуск из сети за отчётный период 6' is: '21 597 586'

16-10-2024T07:01:18 - [TEST_STEP][PASSED] - x = x + "/" + z: null

16-10-2024T07:01:18 - [TEST_STEP][PASSED] - z = getText(findTestObject(path + path2 + "План Потери за отчётный период " + dZONum)).replaceAll("\s+", ""): Text of object 'Object Repository/Выполнение бизнес-плана/Выполнение бизнес-плана Балансы/Значения со страницы Выполнение бизнес-плана/Table Data/План Потери за отчётный период 6' is: '2 513 975'

16-10-2024T07:01:18 - [MESSAGE][PASSED] - Text of object 'Object Repository/Выполнение бизнес-плана/Выполнение бизнес-плана Балансы/Значения со страницы Выполнение бизнес-плана/Table Data/План Потери за отчётный период 6' is: '2 513 975'

16-10-2024T07:01:18 - [TEST_STEP][PASSED] - x = x + "/" + z: null

16-10-2024T07:01:18 - [TEST_STEP][PASSED] - z = getText(findTestObject(path + "Список ДЗО")).replaceAll("[\r?
|
]", "/"): Text of object 'Object Repository/Выполнение бизнес-плана/Выполнение бизнес-плана Балансы/Список ДЗО' is: '-0.19
-0.00
4.08
-0.23
-0.53
0.12
-0.01
3.97
-0.29
-0.09
-0.03
0.08
-0.16
-0.42
-0.19
-0.39
-0.02
Россети ФСКЕЭС
АО«Тываэнерго»
АО«Чеченэнерго»
РоссетиВолга
РоссетиКубань
РоссетиЛенэнерго(ГК)
РоссетиМосковскийрегион
РоссетиСеверныйКавказ
РоссетиСеверо-Запад
РоссетиСибирь
РоссетиТомск
РоссетиТюмень
Россети Урал(ГК)
РоссетиЦентр (ГК)
РоссетиЦентр иПриволжье(ГК)
Россети Юг(ГК)
РоссетиЯнтарь
0
2
4
6
-2
8'

16-10-2024T07:01:18 - [MESSAGE][PASSED] - Text of object 'Object Repository/Выполнение бизнес-плана/Выполнение бизнес-плана Балансы/Список ДЗО' is: '-0.19
-0.00
4.08
-0.23
-0.53
0.12
-0.01
3.97
-0.29
-0.09
-0.03
0.08
-0.16
-0.42
-0.19
-0.39
-0.02
Россети ФСКЕЭС
АО«Тываэнерго»
АО«Чеченэнерго»
РоссетиВолга
РоссетиКубань
РоссетиЛенэнерго(ГК)
РоссетиМосковскийрегион
РоссетиСеверныйКавказ
РоссетиСеверо-Запад
РоссетиСибирь
РоссетиТомск
РоссетиТюмень
Россети Урал(ГК)
РоссетиЦентр (ГК)
РоссетиЦентр иПриволжье(ГК)
Россети Юг(ГК)
РоссетиЯнтарь
0
2
4
6
-2
8'

16-10-2024T07:01:18 - [TEST_STEP][PASSED] - for ([ii = 1, ii < dZONum, (ii++)]): null

16-10-2024T07:01:18 - [TEST_STEP][PASSED] - i1 = z.indexOf("/") + 1: null

16-10-2024T07:01:18 - [TEST_STEP][PASSED] - if (i1 > -1): null

16-10-2024T07:01:18 - [TEST_STEP][PASSED] - z = z.substring(i1, z.length()): null

16-10-2024T07:01:18 - [TEST_STEP][PASSED] - i1 = z.indexOf("/"): null

16-10-2024T07:01:18 - [TEST_STEP][PASSED] - i1 = z.indexOf("/") + 1: null

16-10-2024T07:01:18 - [TEST_STEP][PASSED] - if (i1 > -1): null

16-10-2024T07:01:18 - [TEST_STEP][PASSED] - z = z.substring(i1, z.length()): null

16-10-2024T07:01:18 - [TEST_STEP][PASSED] - i1 = z.indexOf("/"): null

16-10-2024T07:01:18 - [TEST_STEP][PASSED] - i1 = z.indexOf("/") + 1: null

16-10-2024T07:01:18 - [TEST_STEP][PASSED] - if (i1 > -1): null

16-10-2024T07:01:18 - [TEST_STEP][PASSED] - z = z.substring(i1, z.length()): null

16-10-2024T07:01:18 - [TEST_STEP][PASSED] - i1 = z.indexOf("/"): null

16-10-2024T07:01:18 - [TEST_STEP][PASSED] - i1 = z.indexOf("/") + 1: null

16-10-2024T07:01:18 - [TEST_STEP][PASSED] - if (i1 > -1): null

16-10-2024T07:01:18 - [TEST_STEP][PASSED] - z = z.substring(i1, z.length()): null

16-10-2024T07:01:18 - [TEST_STEP][PASSED] - i1 = z.indexOf("/"): null

16-10-2024T07:01:18 - [TEST_STEP][PASSED] - i1 = z.indexOf("/") + 1: null

16-10-2024T07:01:18 - [TEST_STEP][PASSED] - if (i1 > -1): null

16-10-2024T07:01:18 - [TEST_STEP][PASSED] - z = z.substring(i1, z.length()): null

16-10-2024T07:01:18 - [TEST_STEP][PASSED] - i1 = z.indexOf("/"): null

16-10-2024T07:01:18 - [TEST_STEP][PASSED] - i1 = z.indexOf("/"): null

16-10-2024T07:01:18 - [TEST_STEP][PASSED] - if (i1 > -1): null

16-10-2024T07:01:18 - [TEST_STEP][PASSED] - z = z.substring(0, i1): null

16-10-2024T07:01:18 - [TEST_STEP][PASSED] - z = z.replace(",", "."): null

16-10-2024T07:01:18 - [TEST_STEP][PASSED] - println(z): null

16-10-2024T07:01:18 - [TEST_STEP][PASSED] - x = x + "/" + z: null

16-10-2024T07:01:18 - [TEST_STEP][PASSED] - x = x.replaceAll("[\r?
|
]", ""): null

16-10-2024T07:01:18 - [TEST_STEP][PASSED] - println(x): null

16-10-2024T07:01:18 - [TEST_STEP][PASSED] - return x: null

16-10-2024T07:01:18 - [TEST_STEP][PASSED] - println("lB: " + lB): null

16-10-2024T07:01:18 - [TEST_STEP][PASSED] - i = VseDZO.indexOf("Московский"): null

16-10-2024T07:01:18 - [TEST_STEP][PASSED] - if (i > -1): null

16-10-2024T07:01:18 - [TEST_STEP][PASSED] - dZONum = dZONum + 1: null

16-10-2024T07:01:18 - [TEST_STEP][PASSED] - mB = GetAllData(path, dZONum, VseDZO, x = "Россети Московский регион/"): null

16-10-2024T07:01:18 - [TEST_STEP][PASSED] - ii = <not implemented yet for class: org.codehaus.groovy.ast.expr.EmptyExpression>: null

16-10-2024T07:01:18 - [TEST_STEP][PASSED] - i1 = <not implemented yet for class: org.codehaus.groovy.ast.expr.EmptyExpression>: null

16-10-2024T07:01:18 - [TEST_STEP][PASSED] - z = <not implemented yet for class: org.codehaus.groovy.ast.expr.EmptyExpression>: null

16-10-2024T07:01:18 - [TEST_STEP][PASSED] - path2 = "Значения со страницы Выполнение бизнес-плана/Table Data/": null

16-10-2024T07:01:18 - [TEST_STEP][PASSED] - println("path: " + path): null

16-10-2024T07:01:18 - [TEST_STEP][PASSED] - println("dZONum: " + dZONum): null

16-10-2024T07:01:18 - [TEST_STEP][PASSED] - z = getText(findTestObject(path + "spanPlan" + dZONum)): Text of object 'Object Repository/Выполнение бизнес-плана/Выполнение бизнес-плана Балансы/spanPlan7' is: '7.27
|'

16-10-2024T07:01:19 - [MESSAGE][PASSED] - Text of object 'Object Repository/Выполнение бизнес-плана/Выполнение бизнес-плана Балансы/spanPlan7' is: '7.27
|'

16-10-2024T07:01:19 - [TEST_STEP][PASSED] - println(z): null

16-10-2024T07:01:19 - [TEST_STEP][PASSED] - ii = z.indexOf("|"): null

16-10-2024T07:01:19 - [TEST_STEP][PASSED] - if (ii > -1): null

16-10-2024T07:01:19 - [TEST_STEP][PASSED] - z = z.substring(0, z.length() - 1): null

16-10-2024T07:01:19 - [TEST_STEP][PASSED] - println(z): null

16-10-2024T07:01:19 - [TEST_STEP][PASSED] - z = z.replaceAll("\s+", ""): null

16-10-2024T07:01:19 - [TEST_STEP][PASSED] - z = z.replace("[\r?
|
]", "/"): null

16-10-2024T07:01:19 - [TEST_STEP][PASSED] - println(z): null

16-10-2024T07:01:19 - [TEST_STEP][PASSED] - x = x + z: null

16-10-2024T07:01:19 - [TEST_STEP][PASSED] - z = getText(findTestObject(path + "spanFact" + dZONum)): Text of object 'Object Repository/Выполнение бизнес-плана/Выполнение бизнес-плана Балансы/spanFact7' is: '7.26'

16-10-2024T07:01:19 - [MESSAGE][PASSED] - Text of object 'Object Repository/Выполнение бизнес-плана/Выполнение бизнес-плана Балансы/spanFact7' is: '7.26'

16-10-2024T07:01:19 - [TEST_STEP][PASSED] - ii = z.indexOf("|"): null

16-10-2024T07:01:19 - [TEST_STEP][PASSED] - if (ii > -1): null

16-10-2024T07:01:19 - [TEST_STEP][PASSED] - x = x + "/" + z: null

16-10-2024T07:01:19 - [TEST_STEP][PASSED] - z = getText(findTestObject(path + path2 + "Факт Отпуск в сеть за отчётный период " + dZONum)).replaceAll("\s+", ""): Text of object 'Object Repository/Выполнение бизнес-плана/Выполнение бизнес-плана Балансы/Значения со страницы Выполнение бизнес-плана/Table Data/Факт Отпуск в сеть за отчётный период 7' is: '68 299 128'

16-10-2024T07:01:19 - [MESSAGE][PASSED] - Text of object 'Object Repository/Выполнение бизнес-плана/Выполнение бизнес-плана Балансы/Значения со страницы Выполнение бизнес-плана/Table Data/Факт Отпуск в сеть за отчётный период 7' is: '68 299 128'

16-10-2024T07:01:19 - [TEST_STEP][PASSED] - x = x + "/" + z: null

16-10-2024T07:01:19 - [TEST_STEP][PASSED] - z = getText(findTestObject(path + path2 + "Факт Отпуск из сети за отчётный период " + dZONum)).replaceAll("\s+", ""): Text of object 'Object Repository/Выполнение бизнес-плана/Выполнение бизнес-плана Балансы/Значения со страницы Выполнение бизнес-плана/Table Data/Факт Отпуск из сети за отчётный период 7' is: '63 339 448'

16-10-2024T07:01:20 - [MESSAGE][PASSED] - Text of object 'Object Repository/Выполнение бизнес-плана/Выполнение бизнес-плана Балансы/Значения со страницы Выполнение бизнес-плана/Table Data/Факт Отпуск из сети за отчётный период 7' is: '63 339 448'

16-10-2024T07:01:20 - [TEST_STEP][PASSED] - x = x + "/" + z: null

16-10-2024T07:01:20 - [TEST_STEP][PASSED] - z = getText(findTestObject(path + path2 + "Факт Потери за отчётный период " + dZONum)).replaceAll("\s+", ""): Text of object 'Object Repository/Выполнение бизнес-плана/Выполнение бизнес-плана Балансы/Значения со страницы Выполнение бизнес-плана/Table Data/Факт Потери за отчётный период 7' is: '4 959 680'

16-10-2024T07:01:20 - [MESSAGE][PASSED] - Text of object 'Object Repository/Выполнение бизнес-плана/Выполнение бизнес-плана Балансы/Значения со страницы Выполнение бизнес-плана/Table Data/Факт Потери за отчётный период 7' is: '4 959 680'

16-10-2024T07:01:20 - [TEST_STEP][PASSED] - x = x + "/" + z: null

16-10-2024T07:01:20 - [TEST_STEP][PASSED] - z = getText(findTestObject(path + path2 + "План Отпуск в сеть за отчётный период " + dZONum)).replaceAll("\s+", ""): Text of object 'Object Repository/Выполнение бизнес-плана/Выполнение бизнес-плана Балансы/Значения со страницы Выполнение бизнес-плана/Table Data/План Отпуск в сеть за отчётный период 7' is: '64 933 379'

16-10-2024T07:01:20 - [MESSAGE][PASSED] - Text of object 'Object Repository/Выполнение бизнес-плана/Выполнение бизнес-плана Балансы/Значения со страницы Выполнение бизнес-плана/Table Data/План Отпуск в сеть за отчётный период 7' is: '64 933 379'

16-10-2024T07:01:20 - [TEST_STEP][PASSED] - x = x + "/" + z: null

16-10-2024T07:01:20 - [TEST_STEP][PASSED] - z = getText(findTestObject(path + path2 + "План Отпуск из сети за отчётный период " + dZONum)).replaceAll("\s+", ""): Text of object 'Object Repository/Выполнение бизнес-плана/Выполнение бизнес-плана Балансы/Значения со страницы Выполнение бизнес-плана/Table Data/План Отпуск из сети за отчётный период 7' is: '60 214 057'

16-10-2024T07:01:20 - [MESSAGE][PASSED] - Text of object 'Object Repository/Выполнение бизнес-плана/Выполнение бизнес-плана Балансы/Значения со страницы Выполнение бизнес-плана/Table Data/План Отпуск из сети за отчётный период 7' is: '60 214 057'

16-10-2024T07:01:20 - [TEST_STEP][PASSED] - x = x + "/" + z: null

16-10-2024T07:01:20 - [TEST_STEP][PASSED] - z = getText(findTestObject(path + path2 + "План Потери за отчётный период " + dZONum)).replaceAll("\s+", ""): Text of object 'Object Repository/Выполнение бизнес-плана/Выполнение бизнес-плана Балансы/Значения со страницы Выполнение бизнес-плана/Table Data/План Потери за отчётный период 7' is: '4 719 322'

16-10-2024T07:01:21 - [MESSAGE][PASSED] - Text of object 'Object Repository/Выполнение бизнес-плана/Выполнение бизнес-плана Балансы/Значения со страницы Выполнение бизнес-плана/Table Data/План Потери за отчётный период 7' is: '4 719 322'

16-10-2024T07:01:21 - [TEST_STEP][PASSED] - x = x + "/" + z: null

16-10-2024T07:01:21 - [TEST_STEP][PASSED] - z = getText(findTestObject(path + "Список ДЗО")).replaceAll("[\r?
|
]", "/"): Text of object 'Object Repository/Выполнение бизнес-плана/Выполнение бизнес-плана Балансы/Список ДЗО' is: '-0.19
-0.00
4.08
-0.23
-0.53
0.12
-0.01
3.97
-0.29
-0.09
-0.03
0.08
-0.16
-0.42
-0.19
-0.39
-0.02
Россети ФСКЕЭС
АО«Тываэнерго»
АО«Чеченэнерго»
РоссетиВолга
РоссетиКубань
РоссетиЛенэнерго(ГК)
РоссетиМосковскийрегион
РоссетиСеверныйКавказ
РоссетиСеверо-Запад
РоссетиСибирь
РоссетиТомск
РоссетиТюмень
Россети Урал(ГК)
РоссетиЦентр (ГК)
РоссетиЦентр иПриволжье(ГК)
Россети Юг(ГК)
РоссетиЯнтарь
0
2
4
6
-2
8'

16-10-2024T07:01:21 - [MESSAGE][PASSED] - Text of object 'Object Repository/Выполнение бизнес-плана/Выполнение бизнес-плана Балансы/Список ДЗО' is: '-0.19
-0.00
4.08
-0.23
-0.53
0.12
-0.01
3.97
-0.29
-0.09
-0.03
0.08
-0.16
-0.42
-0.19
-0.39
-0.02
Россети ФСКЕЭС
АО«Тываэнерго»
АО«Чеченэнерго»
РоссетиВолга
РоссетиКубань
РоссетиЛенэнерго(ГК)
РоссетиМосковскийрегион
РоссетиСеверныйКавказ
РоссетиСеверо-Запад
РоссетиСибирь
РоссетиТомск
РоссетиТюмень
Россети Урал(ГК)
РоссетиЦентр (ГК)
РоссетиЦентр иПриволжье(ГК)
Россети Юг(ГК)
РоссетиЯнтарь
0
2
4
6
-2
8'

16-10-2024T07:01:21 - [TEST_STEP][PASSED] - for ([ii = 1, ii < dZONum, (ii++)]): null

16-10-2024T07:01:21 - [TEST_STEP][PASSED] - i1 = z.indexOf("/") + 1: null

16-10-2024T07:01:21 - [TEST_STEP][PASSED] - if (i1 > -1): null

16-10-2024T07:01:21 - [TEST_STEP][PASSED] - z = z.substring(i1, z.length()): null

16-10-2024T07:01:21 - [TEST_STEP][PASSED] - i1 = z.indexOf("/"): null

16-10-2024T07:01:21 - [TEST_STEP][PASSED] - i1 = z.indexOf("/") + 1: null

16-10-2024T07:01:21 - [TEST_STEP][PASSED] - if (i1 > -1): null

16-10-2024T07:01:21 - [TEST_STEP][PASSED] - z = z.substring(i1, z.length()): null

16-10-2024T07:01:21 - [TEST_STEP][PASSED] - i1 = z.indexOf("/"): null

16-10-2024T07:01:21 - [TEST_STEP][PASSED] - i1 = z.indexOf("/") + 1: null

16-10-2024T07:01:21 - [TEST_STEP][PASSED] - if (i1 > -1): null

16-10-2024T07:01:21 - [TEST_STEP][PASSED] - z = z.substring(i1, z.length()): null

16-10-2024T07:01:21 - [TEST_STEP][PASSED] - i1 = z.indexOf("/"): null

16-10-2024T07:01:21 - [TEST_STEP][PASSED] - i1 = z.indexOf("/") + 1: null

16-10-2024T07:01:21 - [TEST_STEP][PASSED] - if (i1 > -1): null

16-10-2024T07:01:21 - [TEST_STEP][PASSED] - z = z.substring(i1, z.length()): null

16-10-2024T07:01:21 - [TEST_STEP][PASSED] - i1 = z.indexOf("/"): null

16-10-2024T07:01:21 - [TEST_STEP][PASSED] - i1 = z.indexOf("/") + 1: null

16-10-2024T07:01:21 - [TEST_STEP][PASSED] - if (i1 > -1): null

16-10-2024T07:01:21 - [TEST_STEP][PASSED] - z = z.substring(i1, z.length()): null

16-10-2024T07:01:21 - [TEST_STEP][PASSED] - i1 = z.indexOf("/"): null

16-10-2024T07:01:21 - [TEST_STEP][PASSED] - i1 = z.indexOf("/") + 1: null

16-10-2024T07:01:21 - [TEST_STEP][PASSED] - if (i1 > -1): null

16-10-2024T07:01:21 - [TEST_STEP][PASSED] - z = z.substring(i1, z.length()): null

16-10-2024T07:01:21 - [TEST_STEP][PASSED] - i1 = z.indexOf("/"): null

16-10-2024T07:01:21 - [TEST_STEP][PASSED] - i1 = z.indexOf("/"): null

16-10-2024T07:01:21 - [TEST_STEP][PASSED] - if (i1 > -1): null

16-10-2024T07:01:21 - [TEST_STEP][PASSED] - z = z.substring(0, i1): null

16-10-2024T07:01:21 - [TEST_STEP][PASSED] - z = z.replace(",", "."): null

16-10-2024T07:01:21 - [TEST_STEP][PASSED] - println(z): null

16-10-2024T07:01:21 - [TEST_STEP][PASSED] - x = x + "/" + z: null

16-10-2024T07:01:21 - [TEST_STEP][PASSED] - x = x.replaceAll("[\r?
|
]", ""): null

16-10-2024T07:01:21 - [TEST_STEP][PASSED] - println(x): null

16-10-2024T07:01:21 - [TEST_STEP][PASSED] - return x: null

16-10-2024T07:01:21 - [TEST_STEP][PASSED] - println("mB: " + mB): null

16-10-2024T07:01:21 - [TEST_STEP][PASSED] - i = VseDZO.indexOf("Кавказ"): null

16-10-2024T07:01:21 - [TEST_STEP][PASSED] - if (i > -1): null

16-10-2024T07:01:21 - [TEST_STEP][PASSED] - dZONum = dZONum + 1: null

16-10-2024T07:01:21 - [TEST_STEP][PASSED] - sKB = GetAllData(path, dZONum, VseDZO, x = "Россети Северный Кавказ (ГК)/"): null

16-10-2024T07:01:21 - [TEST_STEP][PASSED] - ii = <not implemented yet for class: org.codehaus.groovy.ast.expr.EmptyExpression>: null

16-10-2024T07:01:21 - [TEST_STEP][PASSED] - i1 = <not implemented yet for class: org.codehaus.groovy.ast.expr.EmptyExpression>: null

16-10-2024T07:01:21 - [TEST_STEP][PASSED] - z = <not implemented yet for class: org.codehaus.groovy.ast.expr.EmptyExpression>: null

16-10-2024T07:01:21 - [TEST_STEP][PASSED] - path2 = "Значения со страницы Выполнение бизнес-плана/Table Data/": null

16-10-2024T07:01:21 - [TEST_STEP][PASSED] - println("path: " + path): null

16-10-2024T07:01:21 - [TEST_STEP][PASSED] - println("dZONum: " + dZONum): null

16-10-2024T07:01:21 - [TEST_STEP][PASSED] - z = getText(findTestObject(path + "spanPlan" + dZONum)): Text of object 'Object Repository/Выполнение бизнес-плана/Выполнение бизнес-плана Балансы/spanPlan8' is: '24.18'

16-10-2024T07:01:21 - [MESSAGE][PASSED] - Text of object 'Object Repository/Выполнение бизнес-плана/Выполнение бизнес-плана Балансы/spanPlan8' is: '24.18'

16-10-2024T07:01:21 - [TEST_STEP][PASSED] - println(z): null

16-10-2024T07:01:21 - [TEST_STEP][PASSED] - ii = z.indexOf("|"): null

16-10-2024T07:01:21 - [TEST_STEP][PASSED] - if (ii > -1): null

16-10-2024T07:01:21 - [TEST_STEP][PASSED] - z = z.replaceAll("\s+", ""): null

16-10-2024T07:01:21 - [TEST_STEP][PASSED] - z = z.replace("[\r?
|
]", "/"): null

16-10-2024T07:01:21 - [TEST_STEP][PASSED] - println(z): null

16-10-2024T07:01:21 - [TEST_STEP][PASSED] - x = x + z: null

16-10-2024T07:01:21 - [TEST_STEP][PASSED] - z = getText(findTestObject(path + "spanFact" + dZONum)): Text of object 'Object Repository/Выполнение бизнес-плана/Выполнение бизнес-плана Балансы/spanFact8' is: '28.15
|'

16-10-2024T07:01:22 - [MESSAGE][PASSED] - Text of object 'Object Repository/Выполнение бизнес-плана/Выполнение бизнес-плана Балансы/spanFact8' is: '28.15
|'

16-10-2024T07:01:22 - [TEST_STEP][PASSED] - ii = z.indexOf("|"): null

16-10-2024T07:01:22 - [TEST_STEP][PASSED] - if (ii > -1): null

16-10-2024T07:01:22 - [TEST_STEP][PASSED] - z = length() - 1).replace("[\r?
|
]", "/"): null

16-10-2024T07:01:22 - [TEST_STEP][PASSED] - x = x + "/" + z: null

16-10-2024T07:01:22 - [TEST_STEP][PASSED] - z = getText(findTestObject(path + path2 + "Факт Отпуск в сеть за отчётный период " + dZONum)).replaceAll("\s+", ""): Text of object 'Object Repository/Выполнение бизнес-плана/Выполнение бизнес-плана Балансы/Значения со страницы Выполнение бизнес-плана/Table Data/Факт Отпуск в сеть за отчётный период 8' is: '15 734 909'

16-10-2024T07:01:22 - [MESSAGE][PASSED] - Text of object 'Object Repository/Выполнение бизнес-плана/Выполнение бизнес-плана Балансы/Значения со страницы Выполнение бизнес-плана/Table Data/Факт Отпуск в сеть за отчётный период 8' is: '15 734 909'

16-10-2024T07:01:22 - [TEST_STEP][PASSED] - x = x + "/" + z: null

16-10-2024T07:01:22 - [TEST_STEP][PASSED] - z = getText(findTestObject(path + path2 + "Факт Отпуск из сети за отчётный период " + dZONum)).replaceAll("\s+", ""): Text of object 'Object Repository/Выполнение бизнес-плана/Выполнение бизнес-плана Балансы/Значения со страницы Выполнение бизнес-плана/Table Data/Факт Отпуск из сети за отчётный период 8' is: '11 305 954'

16-10-2024T07:01:22 - [MESSAGE][PASSED] - Text of object 'Object Repository/Выполнение бизнес-плана/Выполнение бизнес-плана Балансы/Значения со страницы Выполнение бизнес-плана/Table Data/Факт Отпуск из сети за отчётный период 8' is: '11 305 954'

16-10-2024T07:01:22 - [TEST_STEP][PASSED] - x = x + "/" + z: null

16-10-2024T07:01:22 - [TEST_STEP][PASSED] - z = getText(findTestObject(path + path2 + "Факт Потери за отчётный период " + dZONum)).replaceAll("\s+", ""): Text of object 'Object Repository/Выполнение бизнес-плана/Выполнение бизнес-плана Балансы/Значения со страницы Выполнение бизнес-плана/Table Data/Факт Потери за отчётный период 8' is: '4 428 955'

16-10-2024T07:01:23 - [MESSAGE][PASSED] - Text of object 'Object Repository/Выполнение бизнес-плана/Выполнение бизнес-плана Балансы/Значения со страницы Выполнение бизнес-плана/Table Data/Факт Потери за отчётный период 8' is: '4 428 955'

16-10-2024T07:01:23 - [TEST_STEP][PASSED] - x = x + "/" + z: null

16-10-2024T07:01:23 - [TEST_STEP][PASSED] - z = getText(findTestObject(path + path2 + "План Отпуск в сеть за отчётный период " + dZONum)).replaceAll("\s+", ""): Text of object 'Object Repository/Выполнение бизнес-плана/Выполнение бизнес-плана Балансы/Значения со страницы Выполнение бизнес-плана/Table Data/План Отпуск в сеть за отчётный период 8' is: '14 755 136'

16-10-2024T07:01:23 - [MESSAGE][PASSED] - Text of object 'Object Repository/Выполнение бизнес-плана/Выполнение бизнес-плана Балансы/Значения со страницы Выполнение бизнес-плана/Table Data/План Отпуск в сеть за отчётный период 8' is: '14 755 136'

16-10-2024T07:01:23 - [TEST_STEP][PASSED] - x = x + "/" + z: null

16-10-2024T07:01:23 - [TEST_STEP][PASSED] - z = getText(findTestObject(path + path2 + "План Отпуск из сети за отчётный период " + dZONum)).replaceAll("\s+", ""): Text of object 'Object Repository/Выполнение бизнес-плана/Выполнение бизнес-плана Балансы/Значения со страницы Выполнение бизнес-плана/Table Data/План Отпуск из сети за отчётный период 8' is: '11 187 191'

16-10-2024T07:01:23 - [MESSAGE][PASSED] - Text of object 'Object Repository/Выполнение бизнес-плана/Выполнение бизнес-плана Балансы/Значения со страницы Выполнение бизнес-плана/Table Data/План Отпуск из сети за отчётный период 8' is: '11 187 191'

16-10-2024T07:01:23 - [TEST_STEP][PASSED] - x = x + "/" + z: null

16-10-2024T07:01:23 - [TEST_STEP][PASSED] - z = getText(findTestObject(path + path2 + "План Потери за отчётный период " + dZONum)).replaceAll("\s+", ""): Text of object 'Object Repository/Выполнение бизнес-плана/Выполнение бизнес-плана Балансы/Значения со страницы Выполнение бизнес-плана/Table Data/План Потери за отчётный период 8' is: '3 567 945'

16-10-2024T07:01:24 - [MESSAGE][PASSED] - Text of object 'Object Repository/Выполнение бизнес-плана/Выполнение бизнес-плана Балансы/Значения со страницы Выполнение бизнес-плана/Table Data/План Потери за отчётный период 8' is: '3 567 945'

16-10-2024T07:01:24 - [TEST_STEP][PASSED] - x = x + "/" + z: null

16-10-2024T07:01:24 - [TEST_STEP][PASSED] - z = getText(findTestObject(path + "Список ДЗО")).replaceAll("[\r?
|
]", "/"): Text of object 'Object Repository/Выполнение бизнес-плана/Выполнение бизнес-плана Балансы/Список ДЗО' is: '-0.19
-0.00
4.08
-0.23
-0.53
0.12
-0.01
3.97
-0.29
-0.09
-0.03
0.08
-0.16
-0.42
-0.19
-0.39
-0.02
Россети ФСКЕЭС
АО«Тываэнерго»
АО«Чеченэнерго»
РоссетиВолга
РоссетиКубань
РоссетиЛенэнерго(ГК)
РоссетиМосковскийрегион
РоссетиСеверныйКавказ
РоссетиСеверо-Запад
РоссетиСибирь
РоссетиТомск
РоссетиТюмень
Россети Урал(ГК)
РоссетиЦентр (ГК)
РоссетиЦентр иПриволжье(ГК)
Россети Юг(ГК)
РоссетиЯнтарь
0
2
4
6
-2
8'

16-10-2024T07:01:24 - [MESSAGE][PASSED] - Text of object 'Object Repository/Выполнение бизнес-плана/Выполнение бизнес-плана Балансы/Список ДЗО' is: '-0.19
-0.00
4.08
-0.23
-0.53
0.12
-0.01
3.97
-0.29
-0.09
-0.03
0.08
-0.16
-0.42
-0.19
-0.39
-0.02
Россети ФСКЕЭС
АО«Тываэнерго»
АО«Чеченэнерго»
РоссетиВолга
РоссетиКубань
РоссетиЛенэнерго(ГК)
РоссетиМосковскийрегион
РоссетиСеверныйКавказ
РоссетиСеверо-Запад
РоссетиСибирь
РоссетиТомск
РоссетиТюмень
Россети Урал(ГК)
РоссетиЦентр (ГК)
РоссетиЦентр иПриволжье(ГК)
Россети Юг(ГК)
РоссетиЯнтарь
0
2
4
6
-2
8'

16-10-2024T07:01:24 - [TEST_STEP][PASSED] - for ([ii = 1, ii < dZONum, (ii++)]): null

16-10-2024T07:01:24 - [TEST_STEP][PASSED] - i1 = z.indexOf("/") + 1: null

16-10-2024T07:01:24 - [TEST_STEP][PASSED] - if (i1 > -1): null

16-10-2024T07:01:24 - [TEST_STEP][PASSED] - z = z.substring(i1, z.length()): null

16-10-2024T07:01:24 - [TEST_STEP][PASSED] - i1 = z.indexOf("/"): null

16-10-2024T07:01:24 - [TEST_STEP][PASSED] - i1 = z.indexOf("/") + 1: null

16-10-2024T07:01:24 - [TEST_STEP][PASSED] - if (i1 > -1): null

16-10-2024T07:01:24 - [TEST_STEP][PASSED] - z = z.substring(i1, z.length()): null

16-10-2024T07:01:24 - [TEST_STEP][PASSED] - i1 = z.indexOf("/"): null

16-10-2024T07:01:24 - [TEST_STEP][PASSED] - i1 = z.indexOf("/") + 1: null

16-10-2024T07:01:24 - [TEST_STEP][PASSED] - if (i1 > -1): null

16-10-2024T07:01:24 - [TEST_STEP][PASSED] - z = z.substring(i1, z.length()): null

16-10-2024T07:01:24 - [TEST_STEP][PASSED] - i1 = z.indexOf("/"): null

16-10-2024T07:01:24 - [TEST_STEP][PASSED] - i1 = z.indexOf("/") + 1: null

16-10-2024T07:01:24 - [TEST_STEP][PASSED] - if (i1 > -1): null

16-10-2024T07:01:24 - [TEST_STEP][PASSED] - z = z.substring(i1, z.length()): null

16-10-2024T07:01:24 - [TEST_STEP][PASSED] - i1 = z.indexOf("/"): null

16-10-2024T07:01:24 - [TEST_STEP][PASSED] - i1 = z.indexOf("/") + 1: null

16-10-2024T07:01:24 - [TEST_STEP][PASSED] - if (i1 > -1): null

16-10-2024T07:01:24 - [TEST_STEP][PASSED] - z = z.substring(i1, z.length()): null

16-10-2024T07:01:24 - [TEST_STEP][PASSED] - i1 = z.indexOf("/"): null

16-10-2024T07:01:24 - [TEST_STEP][PASSED] - i1 = z.indexOf("/") + 1: null

16-10-2024T07:01:24 - [TEST_STEP][PASSED] - if (i1 > -1): null

16-10-2024T07:01:24 - [TEST_STEP][PASSED] - z = z.substring(i1, z.length()): null

16-10-2024T07:01:24 - [TEST_STEP][PASSED] - i1 = z.indexOf("/"): null

16-10-2024T07:01:24 - [TEST_STEP][PASSED] - i1 = z.indexOf("/") + 1: null

16-10-2024T07:01:24 - [TEST_STEP][PASSED] - if (i1 > -1): null

16-10-2024T07:01:24 - [TEST_STEP][PASSED] - z = z.substring(i1, z.length()): null

16-10-2024T07:01:24 - [TEST_STEP][PASSED] - i1 = z.indexOf("/"): null

16-10-2024T07:01:24 - [TEST_STEP][PASSED] - i1 = z.indexOf("/"): null

16-10-2024T07:01:24 - [TEST_STEP][PASSED] - if (i1 > -1): null

16-10-2024T07:01:24 - [TEST_STEP][PASSED] - z = z.substring(0, i1): null

16-10-2024T07:01:24 - [TEST_STEP][PASSED] - z = z.replace(",", "."): null

16-10-2024T07:01:24 - [TEST_STEP][PASSED] - println(z): null

16-10-2024T07:01:24 - [TEST_STEP][PASSED] - x = x + "/" + z: null

16-10-2024T07:01:24 - [TEST_STEP][PASSED] - x = x.replaceAll("[\r?
|
]", ""): null

16-10-2024T07:01:24 - [TEST_STEP][PASSED] - println(x): null

16-10-2024T07:01:24 - [TEST_STEP][PASSED] - return x: null

16-10-2024T07:01:24 - [TEST_STEP][PASSED] - println("sKB: " + sKB): null

16-10-2024T07:01:24 - [TEST_STEP][PASSED] - i = VseDZO.indexOf("Запад"): null

16-10-2024T07:01:24 - [TEST_STEP][PASSED] - if (i > -1): null

16-10-2024T07:01:24 - [TEST_STEP][PASSED] - dZONum = dZONum + 1: null

16-10-2024T07:01:24 - [TEST_STEP][PASSED] - sZB = GetAllData(path, dZONum, VseDZO, x = "Россети Северо-Запад/"): null

16-10-2024T07:01:24 - [TEST_STEP][PASSED] - ii = <not implemented yet for class: org.codehaus.groovy.ast.expr.EmptyExpression>: null

16-10-2024T07:01:24 - [TEST_STEP][PASSED] - i1 = <not implemented yet for class: org.codehaus.groovy.ast.expr.EmptyExpression>: null

16-10-2024T07:01:24 - [TEST_STEP][PASSED] - z = <not implemented yet for class: org.codehaus.groovy.ast.expr.EmptyExpression>: null

16-10-2024T07:01:24 - [TEST_STEP][PASSED] - path2 = "Значения со страницы Выполнение бизнес-плана/Table Data/": null

16-10-2024T07:01:24 - [TEST_STEP][PASSED] - println("path: " + path): null

16-10-2024T07:01:24 - [TEST_STEP][PASSED] - println("dZONum: " + dZONum): null

16-10-2024T07:01:24 - [TEST_STEP][PASSED] - z = getText(findTestObject(path + "spanPlan" + dZONum)): Text of object 'Object Repository/Выполнение бизнес-плана/Выполнение бизнес-плана Балансы/spanPlan9' is: '5.49
|'

16-10-2024T07:01:24 - [MESSAGE][PASSED] - Text of object 'Object Repository/Выполнение бизнес-плана/Выполнение бизнес-плана Балансы/spanPlan9' is: '5.49
|'

16-10-2024T07:01:24 - [TEST_STEP][PASSED] - println(z): null

16-10-2024T07:01:24 - [TEST_STEP][PASSED] - ii = z.indexOf("|"): null

16-10-2024T07:01:24 - [TEST_STEP][PASSED] - if (ii > -1): null

16-10-2024T07:01:24 - [TEST_STEP][PASSED] - z = z.substring(0, z.length() - 1): null

16-10-2024T07:01:24 - [TEST_STEP][PASSED] - println(z): null

16-10-2024T07:01:24 - [TEST_STEP][PASSED] - z = z.replaceAll("\s+", ""): null

16-10-2024T07:01:24 - [TEST_STEP][PASSED] - z = z.replace("[\r?
|
]", "/"): null

16-10-2024T07:01:24 - [TEST_STEP][PASSED] - println(z): null

16-10-2024T07:01:24 - [TEST_STEP][PASSED] - x = x + z: null

16-10-2024T07:01:24 - [TEST_STEP][PASSED] - z = getText(findTestObject(path + "spanFact" + dZONum)): Text of object 'Object Repository/Выполнение бизнес-плана/Выполнение бизнес-плана Балансы/spanFact9' is: '5.20'

16-10-2024T07:01:25 - [MESSAGE][PASSED] - Text of object 'Object Repository/Выполнение бизнес-плана/Выполнение бизнес-плана Балансы/spanFact9' is: '5.20'

16-10-2024T07:01:25 - [TEST_STEP][PASSED] - ii = z.indexOf("|"): null

16-10-2024T07:01:25 - [TEST_STEP][PASSED] - if (ii > -1): null

16-10-2024T07:01:25 - [TEST_STEP][PASSED] - x = x + "/" + z: null

16-10-2024T07:01:25 - [TEST_STEP][PASSED] - z = getText(findTestObject(path + path2 + "Факт Отпуск в сеть за отчётный период " + dZONum)).replaceAll("\s+", ""): Text of object 'Object Repository/Выполнение бизнес-плана/Выполнение бизнес-плана Балансы/Значения со страницы Выполнение бизнес-плана/Table Data/Факт Отпуск в сеть за отчётный период 9' is: '22 350 148'

16-10-2024T07:01:25 - [MESSAGE][PASSED] - Text of object 'Object Repository/Выполнение бизнес-плана/Выполнение бизнес-плана Балансы/Значения со страницы Выполнение бизнес-плана/Table Data/Факт Отпуск в сеть за отчётный период 9' is: '22 350 148'

16-10-2024T07:01:25 - [TEST_STEP][PASSED] - x = x + "/" + z: null

16-10-2024T07:01:25 - [TEST_STEP][PASSED] - z = getText(findTestObject(path + path2 + "Факт Отпуск из сети за отчётный период " + dZONum)).replaceAll("\s+", ""): Text of object 'Object Repository/Выполнение бизнес-плана/Выполнение бизнес-плана Балансы/Значения со страницы Выполнение бизнес-плана/Table Data/Факт Отпуск из сети за отчётный период 9' is: '21 187 495'

16-10-2024T07:01:25 - [MESSAGE][PASSED] - Text of object 'Object Repository/Выполнение бизнес-плана/Выполнение бизнес-плана Балансы/Значения со страницы Выполнение бизнес-плана/Table Data/Факт Отпуск из сети за отчётный период 9' is: '21 187 495'

16-10-2024T07:01:25 - [TEST_STEP][PASSED] - x = x + "/" + z: null

16-10-2024T07:01:25 - [TEST_STEP][PASSED] - z = getText(findTestObject(path + path2 + "Факт Потери за отчётный период " + dZONum)).replaceAll("\s+", ""): Text of object 'Object Repository/Выполнение бизнес-плана/Выполнение бизнес-плана Балансы/Значения со страницы Выполнение бизнес-плана/Table Data/Факт Потери за отчётный период 9' is: '1 162 653'

16-10-2024T07:01:25 - [MESSAGE][PASSED] - Text of object 'Object Repository/Выполнение бизнес-плана/Выполнение бизнес-плана Балансы/Значения со страницы Выполнение бизнес-плана/Table Data/Факт Потери за отчётный период 9' is: '1 162 653'

16-10-2024T07:01:25 - [TEST_STEP][PASSED] - x = x + "/" + z: null

16-10-2024T07:01:25 - [TEST_STEP][PASSED] - z = getText(findTestObject(path + path2 + "План Отпуск в сеть за отчётный период " + dZONum)).replaceAll("\s+", ""): Text of object 'Object Repository/Выполнение бизнес-плана/Выполнение бизнес-плана Балансы/Значения со страницы Выполнение бизнес-плана/Table Data/План Отпуск в сеть за отчётный период 9' is: '21 743 588'

16-10-2024T07:01:26 - [MESSAGE][PASSED] - Text of object 'Object Repository/Выполнение бизнес-плана/Выполнение бизнес-плана Балансы/Значения со страницы Выполнение бизнес-плана/Table Data/План Отпуск в сеть за отчётный период 9' is: '21 743 588'

16-10-2024T07:01:26 - [TEST_STEP][PASSED] - x = x + "/" + z: null

16-10-2024T07:01:26 - [TEST_STEP][PASSED] - z = getText(findTestObject(path + path2 + "План Отпуск из сети за отчётный период " + dZONum)).replaceAll("\s+", ""): Text of object 'Object Repository/Выполнение бизнес-плана/Выполнение бизнес-плана Балансы/Значения со страницы Выполнение бизнес-плана/Table Data/План Отпуск из сети за отчётный период 9' is: '20 549 075'

16-10-2024T07:01:26 - [MESSAGE][PASSED] - Text of object 'Object Repository/Выполнение бизнес-плана/Выполнение бизнес-плана Балансы/Значения со страницы Выполнение бизнес-плана/Table Data/План Отпуск из сети за отчётный период 9' is: '20 549 075'

16-10-2024T07:01:26 - [TEST_STEP][PASSED] - x = x + "/" + z: null

16-10-2024T07:01:26 - [TEST_STEP][PASSED] - z = getText(findTestObject(path + path2 + "План Потери за отчётный период " + dZONum)).replaceAll("\s+", ""): Text of object 'Object Repository/Выполнение бизнес-плана/Выполнение бизнес-плана Балансы/Значения со страницы Выполнение бизнес-плана/Table Data/План Потери за отчётный период 9' is: '1 194 513'

16-10-2024T07:01:26 - [MESSAGE][PASSED] - Text of object 'Object Repository/Выполнение бизнес-плана/Выполнение бизнес-плана Балансы/Значения со страницы Выполнение бизнес-плана/Table Data/План Потери за отчётный период 9' is: '1 194 513'

16-10-2024T07:01:26 - [TEST_STEP][PASSED] - x = x + "/" + z: null

16-10-2024T07:01:26 - [TEST_STEP][PASSED] - z = getText(findTestObject(path + "Список ДЗО")).replaceAll("[\r?
|
]", "/"): Text of object 'Object Repository/Выполнение бизнес-плана/Выполнение бизнес-плана Балансы/Список ДЗО' is: '-0.19
-0.00
4.08
-0.23
-0.53
0.12
-0.01
3.97
-0.29
-0.09
-0.03
0.08
-0.16
-0.42
-0.19
-0.39
-0.02
Россети ФСКЕЭС
АО«Тываэнерго»
АО«Чеченэнерго»
РоссетиВолга
РоссетиКубань
РоссетиЛенэнерго(ГК)
РоссетиМосковскийрегион
РоссетиСеверныйКавказ
РоссетиСеверо-Запад
РоссетиСибирь
РоссетиТомск
РоссетиТюмень
Россети Урал(ГК)
РоссетиЦентр (ГК)
РоссетиЦентр иПриволжье(ГК)
Россети Юг(ГК)
РоссетиЯнтарь
0
2
4
6
-2
8'

16-10-2024T07:01:27 - [MESSAGE][PASSED] - Text of object 'Object Repository/Выполнение бизнес-плана/Выполнение бизнес-плана Балансы/Список ДЗО' is: '-0.19
-0.00
4.08
-0.23
-0.53
0.12
-0.01
3.97
-0.29
-0.09
-0.03
0.08
-0.16
-0.42
-0.19
-0.39
-0.02
Россети ФСКЕЭС
АО«Тываэнерго»
АО«Чеченэнерго»
РоссетиВолга
РоссетиКубань
РоссетиЛенэнерго(ГК)
РоссетиМосковскийрегион
РоссетиСеверныйКавказ
РоссетиСеверо-Запад
РоссетиСибирь
РоссетиТомск
РоссетиТюмень
Россети Урал(ГК)
РоссетиЦентр (ГК)
РоссетиЦентр иПриволжье(ГК)
Россети Юг(ГК)
РоссетиЯнтарь
0
2
4
6
-2
8'

16-10-2024T07:01:27 - [TEST_STEP][PASSED] - for ([ii = 1, ii < dZONum, (ii++)]): null

16-10-2024T07:01:27 - [TEST_STEP][PASSED] - i1 = z.indexOf("/") + 1: null

16-10-2024T07:01:27 - [TEST_STEP][PASSED] - if (i1 > -1): null

16-10-2024T07:01:27 - [TEST_STEP][PASSED] - z = z.substring(i1, z.length()): null

16-10-2024T07:01:27 - [TEST_STEP][PASSED] - i1 = z.indexOf("/"): null

16-10-2024T07:01:27 - [TEST_STEP][PASSED] - i1 = z.indexOf("/") + 1: null

16-10-2024T07:01:27 - [TEST_STEP][PASSED] - if (i1 > -1): null

16-10-2024T07:01:27 - [TEST_STEP][PASSED] - z = z.substring(i1, z.length()): null

16-10-2024T07:01:27 - [TEST_STEP][PASSED] - i1 = z.indexOf("/"): null

16-10-2024T07:01:27 - [TEST_STEP][PASSED] - i1 = z.indexOf("/") + 1: null

16-10-2024T07:01:27 - [TEST_STEP][PASSED] - if (i1 > -1): null

16-10-2024T07:01:27 - [TEST_STEP][PASSED] - z = z.substring(i1, z.length()): null

16-10-2024T07:01:27 - [TEST_STEP][PASSED] - i1 = z.indexOf("/"): null

16-10-2024T07:01:27 - [TEST_STEP][PASSED] - i1 = z.indexOf("/") + 1: null

16-10-2024T07:01:27 - [TEST_STEP][PASSED] - if (i1 > -1): null

16-10-2024T07:01:27 - [TEST_STEP][PASSED] - z = z.substring(i1, z.length()): null

16-10-2024T07:01:27 - [TEST_STEP][PASSED] - i1 = z.indexOf("/"): null

16-10-2024T07:01:27 - [TEST_STEP][PASSED] - i1 = z.indexOf("/") + 1: null

16-10-2024T07:01:27 - [TEST_STEP][PASSED] - if (i1 > -1): null

16-10-2024T07:01:27 - [TEST_STEP][PASSED] - z = z.substring(i1, z.length()): null

16-10-2024T07:01:27 - [TEST_STEP][PASSED] - i1 = z.indexOf("/"): null

16-10-2024T07:01:27 - [TEST_STEP][PASSED] - i1 = z.indexOf("/") + 1: null

16-10-2024T07:01:27 - [TEST_STEP][PASSED] - if (i1 > -1): null

16-10-2024T07:01:27 - [TEST_STEP][PASSED] - z = z.substring(i1, z.length()): null

16-10-2024T07:01:27 - [TEST_STEP][PASSED] - i1 = z.indexOf("/"): null

16-10-2024T07:01:27 - [TEST_STEP][PASSED] - i1 = z.indexOf("/") + 1: null

16-10-2024T07:01:27 - [TEST_STEP][PASSED] - if (i1 > -1): null

16-10-2024T07:01:27 - [TEST_STEP][PASSED] - z = z.substring(i1, z.length()): null

16-10-2024T07:01:27 - [TEST_STEP][PASSED] - i1 = z.indexOf("/"): null

16-10-2024T07:01:27 - [TEST_STEP][PASSED] - i1 = z.indexOf("/") + 1: null

16-10-2024T07:01:27 - [TEST_STEP][PASSED] - if (i1 > -1): null

16-10-2024T07:01:27 - [TEST_STEP][PASSED] - z = z.substring(i1, z.length()): null

16-10-2024T07:01:27 - [TEST_STEP][PASSED] - i1 = z.indexOf("/"): null

16-10-2024T07:01:27 - [TEST_STEP][PASSED] - i1 = z.indexOf("/"): null

16-10-2024T07:01:27 - [TEST_STEP][PASSED] - if (i1 > -1): null

16-10-2024T07:01:27 - [TEST_STEP][PASSED] - z = z.substring(0, i1): null

16-10-2024T07:01:27 - [TEST_STEP][PASSED] - z = z.replace(",", "."): null

16-10-2024T07:01:27 - [TEST_STEP][PASSED] - println(z): null

16-10-2024T07:01:27 - [TEST_STEP][PASSED] - x = x + "/" + z: null

16-10-2024T07:01:27 - [TEST_STEP][PASSED] - x = x.replaceAll("[\r?
|
]", ""): null

16-10-2024T07:01:27 - [TEST_STEP][PASSED] - println(x): null

16-10-2024T07:01:27 - [TEST_STEP][PASSED] - return x: null

16-10-2024T07:01:27 - [TEST_STEP][PASSED] - println("sZB: " + sZB): null

16-10-2024T07:01:27 - [TEST_STEP][PASSED] - i = VseDZO.indexOf("Сибирь"): null

16-10-2024T07:01:27 - [TEST_STEP][PASSED] - if (i > -1): null

16-10-2024T07:01:27 - [TEST_STEP][PASSED] - dZONum = dZONum + 1: null

16-10-2024T07:01:27 - [TEST_STEP][PASSED] - siB = GetAllData(path, dZONum, VseDZO, x = "Россети Сибирь (ГК)/"): null

16-10-2024T07:01:27 - [TEST_STEP][PASSED] - ii = <not implemented yet for class: org.codehaus.groovy.ast.expr.EmptyExpression>: null

16-10-2024T07:01:27 - [TEST_STEP][PASSED] - i1 = <not implemented yet for class: org.codehaus.groovy.ast.expr.EmptyExpression>: null

16-10-2024T07:01:27 - [TEST_STEP][PASSED] - z = <not implemented yet for class: org.codehaus.groovy.ast.expr.EmptyExpression>: null

16-10-2024T07:01:27 - [TEST_STEP][PASSED] - path2 = "Значения со страницы Выполнение бизнес-плана/Table Data/": null

16-10-2024T07:01:27 - [TEST_STEP][PASSED] - println("path: " + path): null

16-10-2024T07:01:27 - [TEST_STEP][PASSED] - println("dZONum: " + dZONum): null

16-10-2024T07:01:27 - [TEST_STEP][PASSED] - z = getText(findTestObject(path + "spanPlan" + dZONum)): Text of object 'Object Repository/Выполнение бизнес-плана/Выполнение бизнес-плана Балансы/spanPlan10' is: '6.96
|'

16-10-2024T07:01:27 - [MESSAGE][PASSED] - Text of object 'Object Repository/Выполнение бизнес-плана/Выполнение бизнес-плана Балансы/spanPlan10' is: '6.96
|'

16-10-2024T07:01:27 - [TEST_STEP][PASSED] - println(z): null

16-10-2024T07:01:27 - [TEST_STEP][PASSED] - ii = z.indexOf("|"): null

16-10-2024T07:01:27 - [TEST_STEP][PASSED] - if (ii > -1): null

16-10-2024T07:01:27 - [TEST_STEP][PASSED] - z = z.substring(0, z.length() - 1): null

16-10-2024T07:01:27 - [TEST_STEP][PASSED] - println(z): null

16-10-2024T07:01:27 - [TEST_STEP][PASSED] - z = z.replaceAll("\s+", ""): null

16-10-2024T07:01:27 - [TEST_STEP][PASSED] - z = z.replace("[\r?
|
]", "/"): null

16-10-2024T07:01:27 - [TEST_STEP][PASSED] - println(z): null

16-10-2024T07:01:27 - [TEST_STEP][PASSED] - x = x + z: null

16-10-2024T07:01:27 - [TEST_STEP][PASSED] - z = getText(findTestObject(path + "spanFact" + dZONum)): Text of object 'Object Repository/Выполнение бизнес-плана/Выполнение бизнес-плана Балансы/spanFact10' is: '6.88'

16-10-2024T07:01:27 - [MESSAGE][PASSED] - Text of object 'Object Repository/Выполнение бизнес-плана/Выполнение бизнес-плана Балансы/spanFact10' is: '6.88'

16-10-2024T07:01:27 - [TEST_STEP][PASSED] - ii = z.indexOf("|"): null

16-10-2024T07:01:27 - [TEST_STEP][PASSED] - if (ii > -1): null

16-10-2024T07:01:27 - [TEST_STEP][PASSED] - x = x + "/" + z: null

16-10-2024T07:01:27 - [TEST_STEP][PASSED] - z = getText(findTestObject(path + path2 + "Факт Отпуск в сеть за отчётный период " + dZONum)).replaceAll("\s+", ""): Text of object 'Object Repository/Выполнение бизнес-плана/Выполнение бизнес-плана Балансы/Значения со страницы Выполнение бизнес-плана/Table Data/Факт Отпуск в сеть за отчётный период 10' is: '42 077 522'

16-10-2024T07:01:28 - [MESSAGE][PASSED] - Text of object 'Object Repository/Выполнение бизнес-плана/Выполнение бизнес-плана Балансы/Значения со страницы Выполнение бизнес-плана/Table Data/Факт Отпуск в сеть за отчётный период 10' is: '42 077 522'

16-10-2024T07:01:28 - [TEST_STEP][PASSED] - x = x + "/" + z: null

16-10-2024T07:01:28 - [TEST_STEP][PASSED] - z = getText(findTestObject(path + path2 + "Факт Отпуск из сети за отчётный период " + dZONum)).replaceAll("\s+", ""): Text of object 'Object Repository/Выполнение бизнес-плана/Выполнение бизнес-плана Балансы/Значения со страницы Выполнение бизнес-плана/Table Data/Факт Отпуск из сети за отчётный период 10' is: '39 183 294'

16-10-2024T07:01:28 - [MESSAGE][PASSED] - Text of object 'Object Repository/Выполнение бизнес-плана/Выполнение бизнес-плана Балансы/Значения со страницы Выполнение бизнес-плана/Table Data/Факт Отпуск из сети за отчётный период 10' is: '39 183 294'

16-10-2024T07:01:28 - [TEST_STEP][PASSED] - x = x + "/" + z: null

16-10-2024T07:01:28 - [TEST_STEP][PASSED] - z = getText(findTestObject(path + path2 + "Факт Потери за отчётный период " + dZONum)).replaceAll("\s+", ""): Text of object 'Object Repository/Выполнение бизнес-плана/Выполнение бизнес-плана Балансы/Значения со страницы Выполнение бизнес-плана/Table Data/Факт Потери за отчётный период 10' is: '2 894 228'

16-10-2024T07:01:28 - [MESSAGE][PASSED] - Text of object 'Object Repository/Выполнение бизнес-плана/Выполнение бизнес-плана Балансы/Значения со страницы Выполнение бизнес-плана/Table Data/Факт Потери за отчётный период 10' is: '2 894 228'

16-10-2024T07:01:28 - [TEST_STEP][PASSED] - x = x + "/" + z: null

16-10-2024T07:01:28 - [TEST_STEP][PASSED] - z = getText(findTestObject(path + path2 + "План Отпуск в сеть за отчётный период " + dZONum)).replaceAll("\s+", ""): Text of object 'Object Repository/Выполнение бизнес-плана/Выполнение бизнес-плана Балансы/Значения со страницы Выполнение бизнес-плана/Table Data/План Отпуск в сеть за отчётный период 10' is: '40 335 504'

16-10-2024T07:01:29 - [MESSAGE][PASSED] - Text of object 'Object Repository/Выполнение бизнес-плана/Выполнение бизнес-плана Балансы/Значения со страницы Выполнение бизнес-плана/Table Data/План Отпуск в сеть за отчётный период 10' is: '40 335 504'

16-10-2024T07:01:29 - [TEST_STEP][PASSED] - x = x + "/" + z: null

16-10-2024T07:01:29 - [TEST_STEP][PASSED] - z = getText(findTestObject(path + path2 + "План Отпуск из сети за отчётный период " + dZONum)).replaceAll("\s+", ""): Text of object 'Object Repository/Выполнение бизнес-плана/Выполнение бизнес-плана Балансы/Значения со страницы Выполнение бизнес-плана/Table Data/План Отпуск из сети за отчётный период 10' is: '37 526 242'

16-10-2024T07:01:29 - [MESSAGE][PASSED] - Text of object 'Object Repository/Выполнение бизнес-плана/Выполнение бизнес-плана Балансы/Значения со страницы Выполнение бизнес-плана/Table Data/План Отпуск из сети за отчётный период 10' is: '37 526 242'

16-10-2024T07:01:29 - [TEST_STEP][PASSED] - x = x + "/" + z: null

16-10-2024T07:01:29 - [TEST_STEP][PASSED] - z = getText(findTestObject(path + path2 + "План Потери за отчётный период " + dZONum)).replaceAll("\s+", ""): Text of object 'Object Repository/Выполнение бизнес-плана/Выполнение бизнес-плана Балансы/Значения со страницы Выполнение бизнес-плана/Table Data/План Потери за отчётный период 10' is: '2 809 262'

16-10-2024T07:01:29 - [MESSAGE][PASSED] - Text of object 'Object Repository/Выполнение бизнес-плана/Выполнение бизнес-плана Балансы/Значения со страницы Выполнение бизнес-плана/Table Data/План Потери за отчётный период 10' is: '2 809 262'

16-10-2024T07:01:29 - [TEST_STEP][PASSED] - x = x + "/" + z: null

16-10-2024T07:01:29 - [TEST_STEP][PASSED] - z = getText(findTestObject(path + "Список ДЗО")).replaceAll("[\r?
|
]", "/"): Text of object 'Object Repository/Выполнение бизнес-плана/Выполнение бизнес-плана Балансы/Список ДЗО' is: '-0.19
-0.00
4.08
-0.23
-0.53
0.12
-0.01
3.97
-0.29
-0.09
-0.03
0.08
-0.16
-0.42
-0.19
-0.39
-0.02
Россети ФСКЕЭС
АО«Тываэнерго»
АО«Чеченэнерго»
РоссетиВолга
РоссетиКубань
РоссетиЛенэнерго(ГК)
РоссетиМосковскийрегион
РоссетиСеверныйКавказ
РоссетиСеверо-Запад
РоссетиСибирь
РоссетиТомск
РоссетиТюмень
Россети Урал(ГК)
РоссетиЦентр (ГК)
РоссетиЦентр иПриволжье(ГК)
Россети Юг(ГК)
РоссетиЯнтарь
0
2
4
6
-2
8'

16-10-2024T07:01:30 - [MESSAGE][PASSED] - Text of object 'Object Repository/Выполнение бизнес-плана/Выполнение бизнес-плана Балансы/Список ДЗО' is: '-0.19
-0.00
4.08
-0.23
-0.53
0.12
-0.01
3.97
-0.29
-0.09
-0.03
0.08
-0.16
-0.42
-0.19
-0.39
-0.02
Россети ФСКЕЭС
АО«Тываэнерго»
АО«Чеченэнерго»
РоссетиВолга
РоссетиКубань
РоссетиЛенэнерго(ГК)
РоссетиМосковскийрегион
РоссетиСеверныйКавказ
РоссетиСеверо-Запад
РоссетиСибирь
РоссетиТомск
РоссетиТюмень
Россети Урал(ГК)
РоссетиЦентр (ГК)
РоссетиЦентр иПриволжье(ГК)
Россети Юг(ГК)
РоссетиЯнтарь
0
2
4
6
-2
8'

16-10-2024T07:01:30 - [TEST_STEP][PASSED] - for ([ii = 1, ii < dZONum, (ii++)]): null

16-10-2024T07:01:30 - [TEST_STEP][PASSED] - i1 = z.indexOf("/") + 1: null

16-10-2024T07:01:30 - [TEST_STEP][PASSED] - if (i1 > -1): null

16-10-2024T07:01:30 - [TEST_STEP][PASSED] - z = z.substring(i1, z.length()): null

16-10-2024T07:01:30 - [TEST_STEP][PASSED] - i1 = z.indexOf("/"): null

16-10-2024T07:01:30 - [TEST_STEP][PASSED] - i1 = z.indexOf("/") + 1: null

16-10-2024T07:01:30 - [TEST_STEP][PASSED] - if (i1 > -1): null

16-10-2024T07:01:30 - [TEST_STEP][PASSED] - z = z.substring(i1, z.length()): null

16-10-2024T07:01:30 - [TEST_STEP][PASSED] - i1 = z.indexOf("/"): null

16-10-2024T07:01:30 - [TEST_STEP][PASSED] - i1 = z.indexOf("/") + 1: null

16-10-2024T07:01:30 - [TEST_STEP][PASSED] - if (i1 > -1): null

16-10-2024T07:01:30 - [TEST_STEP][PASSED] - z = z.substring(i1, z.length()): null

16-10-2024T07:01:30 - [TEST_STEP][PASSED] - i1 = z.indexOf("/"): null

16-10-2024T07:01:30 - [TEST_STEP][PASSED] - i1 = z.indexOf("/") + 1: null

16-10-2024T07:01:30 - [TEST_STEP][PASSED] - if (i1 > -1): null

16-10-2024T07:01:30 - [TEST_STEP][PASSED] - z = z.substring(i1, z.length()): null

16-10-2024T07:01:30 - [TEST_STEP][PASSED] - i1 = z.indexOf("/"): null

16-10-2024T07:01:30 - [TEST_STEP][PASSED] - i1 = z.indexOf("/") + 1: null

16-10-2024T07:01:30 - [TEST_STEP][PASSED] - if (i1 > -1): null

16-10-2024T07:01:30 - [TEST_STEP][PASSED] - z = z.substring(i1, z.length()): null

16-10-2024T07:01:30 - [TEST_STEP][PASSED] - i1 = z.indexOf("/"): null

16-10-2024T07:01:30 - [TEST_STEP][PASSED] - i1 = z.indexOf("/") + 1: null

16-10-2024T07:01:30 - [TEST_STEP][PASSED] - if (i1 > -1): null

16-10-2024T07:01:30 - [TEST_STEP][PASSED] - z = z.substring(i1, z.length()): null

16-10-2024T07:01:30 - [TEST_STEP][PASSED] - i1 = z.indexOf("/"): null

16-10-2024T07:01:30 - [TEST_STEP][PASSED] - i1 = z.indexOf("/") + 1: null

16-10-2024T07:01:30 - [TEST_STEP][PASSED] - if (i1 > -1): null

16-10-2024T07:01:30 - [TEST_STEP][PASSED] - z = z.substring(i1, z.length()): null

16-10-2024T07:01:30 - [TEST_STEP][PASSED] - i1 = z.indexOf("/"): null

16-10-2024T07:01:30 - [TEST_STEP][PASSED] - i1 = z.indexOf("/") + 1: null

16-10-2024T07:01:30 - [TEST_STEP][PASSED] - if (i1 > -1): null

16-10-2024T07:01:30 - [TEST_STEP][PASSED] - z = z.substring(i1, z.length()): null

16-10-2024T07:01:30 - [TEST_STEP][PASSED] - i1 = z.indexOf("/"): null

16-10-2024T07:01:30 - [TEST_STEP][PASSED] - i1 = z.indexOf("/") + 1: null

16-10-2024T07:01:30 - [TEST_STEP][PASSED] - if (i1 > -1): null

16-10-2024T07:01:30 - [TEST_STEP][PASSED] - z = z.substring(i1, z.length()): null

16-10-2024T07:01:30 - [TEST_STEP][PASSED] - i1 = z.indexOf("/"): null

16-10-2024T07:01:30 - [TEST_STEP][PASSED] - i1 = z.indexOf("/"): null

16-10-2024T07:01:30 - [TEST_STEP][PASSED] - if (i1 > -1): null

16-10-2024T07:01:30 - [TEST_STEP][PASSED] - z = z.substring(0, i1): null

16-10-2024T07:01:30 - [TEST_STEP][PASSED] - z = z.replace(",", "."): null

16-10-2024T07:01:30 - [TEST_STEP][PASSED] - println(z): null

16-10-2024T07:01:30 - [TEST_STEP][PASSED] - x = x + "/" + z: null

16-10-2024T07:01:30 - [TEST_STEP][PASSED] - x = x.replaceAll("[\r?
|
]", ""): null

16-10-2024T07:01:30 - [TEST_STEP][PASSED] - println(x): null

16-10-2024T07:01:30 - [TEST_STEP][PASSED] - return x: null

16-10-2024T07:01:30 - [TEST_STEP][PASSED] - println("siB: " + siB): null

16-10-2024T07:01:30 - [TEST_STEP][PASSED] - i = VseDZO.indexOf("Томск"): null

16-10-2024T07:01:30 - [TEST_STEP][PASSED] - if (i > -1): null

16-10-2024T07:01:30 - [TEST_STEP][PASSED] - dZONum = dZONum + 1: null

16-10-2024T07:01:30 - [TEST_STEP][PASSED] - tomB = GetAllData(path, dZONum, VseDZO, x = "Россети Томск/"): null

16-10-2024T07:01:30 - [TEST_STEP][PASSED] - ii = <not implemented yet for class: org.codehaus.groovy.ast.expr.EmptyExpression>: null

16-10-2024T07:01:30 - [TEST_STEP][PASSED] - i1 = <not implemented yet for class: org.codehaus.groovy.ast.expr.EmptyExpression>: null

16-10-2024T07:01:30 - [TEST_STEP][PASSED] - z = <not implemented yet for class: org.codehaus.groovy.ast.expr.EmptyExpression>: null

16-10-2024T07:01:30 - [TEST_STEP][PASSED] - path2 = "Значения со страницы Выполнение бизнес-плана/Table Data/": null

16-10-2024T07:01:30 - [TEST_STEP][PASSED] - println("path: " + path): null

16-10-2024T07:01:30 - [TEST_STEP][PASSED] - println("dZONum: " + dZONum): null

16-10-2024T07:01:30 - [TEST_STEP][PASSED] - z = getText(findTestObject(path + "spanPlan" + dZONum)): Text of object 'Object Repository/Выполнение бизнес-плана/Выполнение бизнес-плана Балансы/spanPlan11' is: '8.14
|'

16-10-2024T07:01:30 - [MESSAGE][PASSED] - Text of object 'Object Repository/Выполнение бизнес-плана/Выполнение бизнес-плана Балансы/spanPlan11' is: '8.14
|'

16-10-2024T07:01:30 - [TEST_STEP][PASSED] - println(z): null

16-10-2024T07:01:30 - [TEST_STEP][PASSED] - ii = z.indexOf("|"): null

16-10-2024T07:01:30 - [TEST_STEP][PASSED] - if (ii > -1): null

16-10-2024T07:01:30 - [TEST_STEP][PASSED] - z = z.substring(0, z.length() - 1): null

16-10-2024T07:01:30 - [TEST_STEP][PASSED] - println(z): null

16-10-2024T07:01:30 - [TEST_STEP][PASSED] - z = z.replaceAll("\s+", ""): null

16-10-2024T07:01:30 - [TEST_STEP][PASSED] - z = z.replace("[\r?
|
]", "/"): null

16-10-2024T07:01:30 - [TEST_STEP][PASSED] - println(z): null

16-10-2024T07:01:30 - [TEST_STEP][PASSED] - x = x + z: null

16-10-2024T07:01:30 - [TEST_STEP][PASSED] - z = getText(findTestObject(path + "spanFact" + dZONum)): Text of object 'Object Repository/Выполнение бизнес-плана/Выполнение бизнес-плана Балансы/spanFact11' is: '8.12'

16-10-2024T07:01:30 - [MESSAGE][PASSED] - Text of object 'Object Repository/Выполнение бизнес-плана/Выполнение бизнес-плана Балансы/spanFact11' is: '8.12'

16-10-2024T07:01:30 - [TEST_STEP][PASSED] - ii = z.indexOf("|"): null

16-10-2024T07:01:30 - [TEST_STEP][PASSED] - if (ii > -1): null

16-10-2024T07:01:30 - [TEST_STEP][PASSED] - x = x + "/" + z: null

16-10-2024T07:01:30 - [TEST_STEP][PASSED] - z = getText(findTestObject(path + path2 + "Факт Отпуск в сеть за отчётный период " + dZONum)).replaceAll("\s+", ""): Text of object 'Object Repository/Выполнение бизнес-плана/Выполнение бизнес-плана Балансы/Значения со страницы Выполнение бизнес-плана/Table Data/Факт Отпуск в сеть за отчётный период 11' is: '3 404 093'

16-10-2024T07:01:30 - [MESSAGE][PASSED] - Text of object 'Object Repository/Выполнение бизнес-плана/Выполнение бизнес-плана Балансы/Значения со страницы Выполнение бизнес-плана/Table Data/Факт Отпуск в сеть за отчётный период 11' is: '3 404 093'

16-10-2024T07:01:30 - [TEST_STEP][PASSED] - x = x + "/" + z: null

16-10-2024T07:01:30 - [TEST_STEP][PASSED] - z = getText(findTestObject(path + path2 + "Факт Отпуск из сети за отчётный период " + dZONum)).replaceAll("\s+", ""): Text of object 'Object Repository/Выполнение бизнес-плана/Выполнение бизнес-плана Балансы/Значения со страницы Выполнение бизнес-плана/Table Data/Факт Отпуск из сети за отчётный период 11' is: '3 127 846'

16-10-2024T07:01:31 - [MESSAGE][PASSED] - Text of object 'Object Repository/Выполнение бизнес-плана/Выполнение бизнес-плана Балансы/Значения со страницы Выполнение бизнес-плана/Table Data/Факт Отпуск из сети за отчётный период 11' is: '3 127 846'

16-10-2024T07:01:31 - [TEST_STEP][PASSED] - x = x + "/" + z: null

16-10-2024T07:01:31 - [TEST_STEP][PASSED] - z = getText(findTestObject(path + path2 + "Факт Потери за отчётный период " + dZONum)).replaceAll("\s+", ""): Text of object 'Object Repository/Выполнение бизнес-плана/Выполнение бизнес-плана Балансы/Значения со страницы Выполнение бизнес-плана/Table Data/Факт Потери за отчётный период 11' is: '276 248'

16-10-2024T07:01:31 - [MESSAGE][PASSED] - Text of object 'Object Repository/Выполнение бизнес-плана/Выполнение бизнес-плана Балансы/Значения со страницы Выполнение бизнес-плана/Table Data/Факт Потери за отчётный период 11' is: '276 248'

16-10-2024T07:01:31 - [TEST_STEP][PASSED] - x = x + "/" + z: null

16-10-2024T07:01:31 - [TEST_STEP][PASSED] - z = getText(findTestObject(path + path2 + "План Отпуск в сеть за отчётный период " + dZONum)).replaceAll("\s+", ""): Text of object 'Object Repository/Выполнение бизнес-плана/Выполнение бизнес-плана Балансы/Значения со страницы Выполнение бизнес-плана/Table Data/План Отпуск в сеть за отчётный период 11' is: '3 250 076'

16-10-2024T07:01:31 - [MESSAGE][PASSED] - Text of object 'Object Repository/Выполнение бизнес-плана/Выполнение бизнес-плана Балансы/Значения со страницы Выполнение бизнес-плана/Table Data/План Отпуск в сеть за отчётный период 11' is: '3 250 076'

16-10-2024T07:01:31 - [TEST_STEP][PASSED] - x = x + "/" + z: null

16-10-2024T07:01:31 - [TEST_STEP][PASSED] - z = getText(findTestObject(path + path2 + "План Отпуск из сети за отчётный период " + dZONum)).replaceAll("\s+", ""): Text of object 'Object Repository/Выполнение бизнес-плана/Выполнение бизнес-плана Балансы/Значения со страницы Выполнение бизнес-плана/Table Data/План Отпуск из сети за отчётный период 11' is: '2 985 452'

16-10-2024T07:01:32 - [MESSAGE][PASSED] - Text of object 'Object Repository/Выполнение бизнес-плана/Выполнение бизнес-плана Балансы/Значения со страницы Выполнение бизнес-плана/Table Data/План Отпуск из сети за отчётный период 11' is: '2 985 452'

16-10-2024T07:01:32 - [TEST_STEP][PASSED] - x = x + "/" + z: null

16-10-2024T07:01:32 - [TEST_STEP][PASSED] - z = getText(findTestObject(path + path2 + "План Потери за отчётный период " + dZONum)).replaceAll("\s+", ""): Text of object 'Object Repository/Выполнение бизнес-плана/Выполнение бизнес-плана Балансы/Значения со страницы Выполнение бизнес-плана/Table Data/План Потери за отчётный период 11' is: '264 624'

16-10-2024T07:01:32 - [MESSAGE][PASSED] - Text of object 'Object Repository/Выполнение бизнес-плана/Выполнение бизнес-плана Балансы/Значения со страницы Выполнение бизнес-плана/Table Data/План Потери за отчётный период 11' is: '264 624'

16-10-2024T07:01:32 - [TEST_STEP][PASSED] - x = x + "/" + z: null

16-10-2024T07:01:32 - [TEST_STEP][PASSED] - z = getText(findTestObject(path + "Список ДЗО")).replaceAll("[\r?
|
]", "/"): Text of object 'Object Repository/Выполнение бизнес-плана/Выполнение бизнес-плана Балансы/Список ДЗО' is: '-0.19
-0.00
4.08
-0.23
-0.53
0.12
-0.01
3.97
-0.29
-0.09
-0.03
0.08
-0.16
-0.42
-0.19
-0.39
-0.02
Россети ФСКЕЭС
АО«Тываэнерго»
АО«Чеченэнерго»
РоссетиВолга
РоссетиКубань
РоссетиЛенэнерго(ГК)
РоссетиМосковскийрегион
РоссетиСеверныйКавказ
РоссетиСеверо-Запад
РоссетиСибирь
РоссетиТомск
РоссетиТюмень
Россети Урал(ГК)
РоссетиЦентр (ГК)
РоссетиЦентр иПриволжье(ГК)
Россети Юг(ГК)
РоссетиЯнтарь
0
2
4
6
-2
8'

16-10-2024T07:01:32 - [MESSAGE][PASSED] - Text of object 'Object Repository/Выполнение бизнес-плана/Выполнение бизнес-плана Балансы/Список ДЗО' is: '-0.19
-0.00
4.08
-0.23
-0.53
0.12
-0.01
3.97
-0.29
-0.09
-0.03
0.08
-0.16
-0.42
-0.19
-0.39
-0.02
Россети ФСКЕЭС
АО«Тываэнерго»
АО«Чеченэнерго»
РоссетиВолга
РоссетиКубань
РоссетиЛенэнерго(ГК)
РоссетиМосковскийрегион
РоссетиСеверныйКавказ
РоссетиСеверо-Запад
РоссетиСибирь
РоссетиТомск
РоссетиТюмень
Россети Урал(ГК)
РоссетиЦентр (ГК)
РоссетиЦентр иПриволжье(ГК)
Россети Юг(ГК)
РоссетиЯнтарь
0
2
4
6
-2
8'

16-10-2024T07:01:32 - [TEST_STEP][PASSED] - for ([ii = 1, ii < dZONum, (ii++)]): null

16-10-2024T07:01:32 - [TEST_STEP][PASSED] - i1 = z.indexOf("/") + 1: null

16-10-2024T07:01:32 - [TEST_STEP][PASSED] - if (i1 > -1): null

16-10-2024T07:01:32 - [TEST_STEP][PASSED] - z = z.substring(i1, z.length()): null

16-10-2024T07:01:32 - [TEST_STEP][PASSED] - i1 = z.indexOf("/"): null

16-10-2024T07:01:32 - [TEST_STEP][PASSED] - i1 = z.indexOf("/") + 1: null

16-10-2024T07:01:32 - [TEST_STEP][PASSED] - if (i1 > -1): null

16-10-2024T07:01:32 - [TEST_STEP][PASSED] - z = z.substring(i1, z.length()): null

16-10-2024T07:01:32 - [TEST_STEP][PASSED] - i1 = z.indexOf("/"): null

16-10-2024T07:01:32 - [TEST_STEP][PASSED] - i1 = z.indexOf("/") + 1: null

16-10-2024T07:01:32 - [TEST_STEP][PASSED] - if (i1 > -1): null

16-10-2024T07:01:32 - [TEST_STEP][PASSED] - z = z.substring(i1, z.length()): null

16-10-2024T07:01:32 - [TEST_STEP][PASSED] - i1 = z.indexOf("/"): null

16-10-2024T07:01:32 - [TEST_STEP][PASSED] - i1 = z.indexOf("/") + 1: null

16-10-2024T07:01:32 - [TEST_STEP][PASSED] - if (i1 > -1): null

16-10-2024T07:01:32 - [TEST_STEP][PASSED] - z = z.substring(i1, z.length()): null

16-10-2024T07:01:32 - [TEST_STEP][PASSED] - i1 = z.indexOf("/"): null

16-10-2024T07:01:32 - [TEST_STEP][PASSED] - i1 = z.indexOf("/") + 1: null

16-10-2024T07:01:32 - [TEST_STEP][PASSED] - if (i1 > -1): null

16-10-2024T07:01:32 - [TEST_STEP][PASSED] - z = z.substring(i1, z.length()): null

16-10-2024T07:01:32 - [TEST_STEP][PASSED] - i1 = z.indexOf("/"): null

16-10-2024T07:01:32 - [TEST_STEP][PASSED] - i1 = z.indexOf("/") + 1: null

16-10-2024T07:01:32 - [TEST_STEP][PASSED] - if (i1 > -1): null

16-10-2024T07:01:32 - [TEST_STEP][PASSED] - z = z.substring(i1, z.length()): null

16-10-2024T07:01:32 - [TEST_STEP][PASSED] - i1 = z.indexOf("/"): null

16-10-2024T07:01:32 - [TEST_STEP][PASSED] - i1 = z.indexOf("/") + 1: null

16-10-2024T07:01:32 - [TEST_STEP][PASSED] - if (i1 > -1): null

16-10-2024T07:01:32 - [TEST_STEP][PASSED] - z = z.substring(i1, z.length()): null

16-10-2024T07:01:32 - [TEST_STEP][PASSED] - i1 = z.indexOf("/"): null

16-10-2024T07:01:32 - [TEST_STEP][PASSED] - i1 = z.indexOf("/") + 1: null

16-10-2024T07:01:32 - [TEST_STEP][PASSED] - if (i1 > -1): null

16-10-2024T07:01:32 - [TEST_STEP][PASSED] - z = z.substring(i1, z.length()): null

16-10-2024T07:01:32 - [TEST_STEP][PASSED] - i1 = z.indexOf("/"): null

16-10-2024T07:01:32 - [TEST_STEP][PASSED] - i1 = z.indexOf("/") + 1: null

16-10-2024T07:01:32 - [TEST_STEP][PASSED] - if (i1 > -1): null

16-10-2024T07:01:32 - [TEST_STEP][PASSED] - z = z.substring(i1, z.length()): null

16-10-2024T07:01:32 - [TEST_STEP][PASSED] - i1 = z.indexOf("/"): null

16-10-2024T07:01:32 - [TEST_STEP][PASSED] - i1 = z.indexOf("/") + 1: null

16-10-2024T07:01:32 - [TEST_STEP][PASSED] - if (i1 > -1): null

16-10-2024T07:01:32 - [TEST_STEP][PASSED] - z = z.substring(i1, z.length()): null

16-10-2024T07:01:32 - [TEST_STEP][PASSED] - i1 = z.indexOf("/"): null

16-10-2024T07:01:32 - [TEST_STEP][PASSED] - i1 = z.indexOf("/"): null

16-10-2024T07:01:32 - [TEST_STEP][PASSED] - if (i1 > -1): null

16-10-2024T07:01:32 - [TEST_STEP][PASSED] - z = z.substring(0, i1): null

16-10-2024T07:01:32 - [TEST_STEP][PASSED] - z = z.replace(",", "."): null

16-10-2024T07:01:32 - [TEST_STEP][PASSED] - println(z): null

16-10-2024T07:01:32 - [TEST_STEP][PASSED] - x = x + "/" + z: null

16-10-2024T07:01:32 - [TEST_STEP][PASSED] - x = x.replaceAll("[\r?
|
]", ""): null

16-10-2024T07:01:32 - [TEST_STEP][PASSED] - println(x): null

16-10-2024T07:01:32 - [TEST_STEP][PASSED] - return x: null

16-10-2024T07:01:32 - [TEST_STEP][PASSED] - println("tomB: " + tomB): null

16-10-2024T07:01:32 - [TEST_STEP][PASSED] - i = VseDZO.indexOf("Тюмень"): null

16-10-2024T07:01:32 - [TEST_STEP][PASSED] - if (i > -1): null

16-10-2024T07:01:32 - [TEST_STEP][PASSED] - dZONum = dZONum + 1: null

16-10-2024T07:01:32 - [TEST_STEP][PASSED] - tyumB = GetAllData(path, dZONum, VseDZO, x = "Россети Тюмень/"): null

16-10-2024T07:01:32 - [TEST_STEP][PASSED] - ii = <not implemented yet for class: org.codehaus.groovy.ast.expr.EmptyExpression>: null

16-10-2024T07:01:32 - [TEST_STEP][PASSED] - i1 = <not implemented yet for class: org.codehaus.groovy.ast.expr.EmptyExpression>: null

16-10-2024T07:01:32 - [TEST_STEP][PASSED] - z = <not implemented yet for class: org.codehaus.groovy.ast.expr.EmptyExpression>: null

16-10-2024T07:01:32 - [TEST_STEP][PASSED] - path2 = "Значения со страницы Выполнение бизнес-плана/Table Data/": null

16-10-2024T07:01:32 - [TEST_STEP][PASSED] - println("path: " + path): null

16-10-2024T07:01:32 - [TEST_STEP][PASSED] - println("dZONum: " + dZONum): null

16-10-2024T07:01:32 - [TEST_STEP][PASSED] - z = getText(findTestObject(path + "spanPlan" + dZONum)): Text of object 'Object Repository/Выполнение бизнес-плана/Выполнение бизнес-плана Балансы/spanPlan12' is: '2.52'

16-10-2024T07:01:33 - [MESSAGE][PASSED] - Text of object 'Object Repository/Выполнение бизнес-плана/Выполнение бизнес-плана Балансы/spanPlan12' is: '2.52'

16-10-2024T07:01:33 - [TEST_STEP][PASSED] - println(z): null

16-10-2024T07:01:33 - [TEST_STEP][PASSED] - ii = z.indexOf("|"): null

16-10-2024T07:01:33 - [TEST_STEP][PASSED] - if (ii > -1): null

16-10-2024T07:01:33 - [TEST_STEP][PASSED] - z = z.replaceAll("\s+", ""): null

16-10-2024T07:01:33 - [TEST_STEP][PASSED] - z = z.replace("[\r?
|
]", "/"): null

16-10-2024T07:01:33 - [TEST_STEP][PASSED] - println(z): null

16-10-2024T07:01:33 - [TEST_STEP][PASSED] - x = x + z: null

16-10-2024T07:01:33 - [TEST_STEP][PASSED] - z = getText(findTestObject(path + "spanFact" + dZONum)): Text of object 'Object Repository/Выполнение бизнес-плана/Выполнение бизнес-плана Балансы/spanFact12' is: '2.60
|'

16-10-2024T07:01:33 - [MESSAGE][PASSED] - Text of object 'Object Repository/Выполнение бизнес-плана/Выполнение бизнес-плана Балансы/spanFact12' is: '2.60
|'

16-10-2024T07:01:33 - [TEST_STEP][PASSED] - ii = z.indexOf("|"): null

16-10-2024T07:01:33 - [TEST_STEP][PASSED] - if (ii > -1): null

16-10-2024T07:01:33 - [TEST_STEP][PASSED] - z = length() - 1).replace("[\r?
|
]", "/"): null

16-10-2024T07:01:33 - [TEST_STEP][PASSED] - x = x + "/" + z: null

16-10-2024T07:01:33 - [TEST_STEP][PASSED] - z = getText(findTestObject(path + path2 + "Факт Отпуск в сеть за отчётный период " + dZONum)).replaceAll("\s+", ""): Text of object 'Object Repository/Выполнение бизнес-плана/Выполнение бизнес-плана Балансы/Значения со страницы Выполнение бизнес-плана/Table Data/Факт Отпуск в сеть за отчётный период 12' is: '35 166 539'

16-10-2024T07:01:33 - [MESSAGE][PASSED] - Text of object 'Object Repository/Выполнение бизнес-плана/Выполнение бизнес-плана Балансы/Значения со страницы Выполнение бизнес-плана/Table Data/Факт Отпуск в сеть за отчётный период 12' is: '35 166 539'

16-10-2024T07:01:33 - [TEST_STEP][PASSED] - x = x + "/" + z: null

16-10-2024T07:01:33 - [TEST_STEP][PASSED] - z = getText(findTestObject(path + path2 + "Факт Отпуск из сети за отчётный период " + dZONum)).replaceAll("\s+", ""): Text of object 'Object Repository/Выполнение бизнес-плана/Выполнение бизнес-плана Балансы/Значения со страницы Выполнение бизнес-плана/Table Data/Факт Отпуск из сети за отчётный период 12' is: '34 250 957'

16-10-2024T07:01:34 - [MESSAGE][PASSED] - Text of object 'Object Repository/Выполнение бизнес-плана/Выполнение бизнес-плана Балансы/Значения со страницы Выполнение бизнес-плана/Table Data/Факт Отпуск из сети за отчётный период 12' is: '34 250 957'

16-10-2024T07:01:34 - [TEST_STEP][PASSED] - x = x + "/" + z: null

16-10-2024T07:01:34 - [TEST_STEP][PASSED] - z = getText(findTestObject(path + path2 + "Факт Потери за отчётный период " + dZONum)).replaceAll("\s+", ""): Text of object 'Object Repository/Выполнение бизнес-плана/Выполнение бизнес-плана Балансы/Значения со страницы Выполнение бизнес-плана/Table Data/Факт Потери за отчётный период 12' is: '915 582'

16-10-2024T07:01:34 - [MESSAGE][PASSED] - Text of object 'Object Repository/Выполнение бизнес-плана/Выполнение бизнес-плана Балансы/Значения со страницы Выполнение бизнес-плана/Table Data/Факт Потери за отчётный период 12' is: '915 582'

16-10-2024T07:01:34 - [TEST_STEP][PASSED] - x = x + "/" + z: null

16-10-2024T07:01:34 - [TEST_STEP][PASSED] - z = getText(findTestObject(path + path2 + "План Отпуск в сеть за отчётный период " + dZONum)).replaceAll("\s+", ""): Text of object 'Object Repository/Выполнение бизнес-плана/Выполнение бизнес-плана Балансы/Значения со страницы Выполнение бизнес-плана/Table Data/План Отпуск в сеть за отчётный период 12' is: '36 273 204'

16-10-2024T07:01:34 - [MESSAGE][PASSED] - Text of object 'Object Repository/Выполнение бизнес-плана/Выполнение бизнес-плана Балансы/Значения со страницы Выполнение бизнес-плана/Table Data/План Отпуск в сеть за отчётный период 12' is: '36 273 204'

16-10-2024T07:01:34 - [TEST_STEP][PASSED] - x = x + "/" + z: null

16-10-2024T07:01:34 - [TEST_STEP][PASSED] - z = getText(findTestObject(path + path2 + "План Отпуск из сети за отчётный период " + dZONum)).replaceAll("\s+", ""): Text of object 'Object Repository/Выполнение бизнес-плана/Выполнение бизнес-плана Балансы/Значения со страницы Выполнение бизнес-плана/Table Data/План Отпуск из сети за отчётный период 12' is: '35 358 006'

16-10-2024T07:01:35 - [MESSAGE][PASSED] - Text of object 'Object Repository/Выполнение бизнес-плана/Выполнение бизнес-плана Балансы/Значения со страницы Выполнение бизнес-плана/Table Data/План Отпуск из сети за отчётный период 12' is: '35 358 006'

16-10-2024T07:01:35 - [TEST_STEP][PASSED] - x = x + "/" + z: null

16-10-2024T07:01:35 - [TEST_STEP][PASSED] - z = getText(findTestObject(path + path2 + "План Потери за отчётный период " + dZONum)).replaceAll("\s+", ""): Text of object 'Object Repository/Выполнение бизнес-плана/Выполнение бизнес-плана Балансы/Значения со страницы Выполнение бизнес-плана/Table Data/План Потери за отчётный период 12' is: '915 198'

16-10-2024T07:01:35 - [MESSAGE][PASSED] - Text of object 'Object Repository/Выполнение бизнес-плана/Выполнение бизнес-плана Балансы/Значения со страницы Выполнение бизнес-плана/Table Data/План Потери за отчётный период 12' is: '915 198'

16-10-2024T07:01:35 - [TEST_STEP][PASSED] - x = x + "/" + z: null

16-10-2024T07:01:35 - [TEST_STEP][PASSED] - z = getText(findTestObject(path + "Список ДЗО")).replaceAll("[\r?
|
]", "/"): Text of object 'Object Repository/Выполнение бизнес-плана/Выполнение бизнес-плана Балансы/Список ДЗО' is: '-0.19
-0.00
4.08
-0.23
-0.53
0.12
-0.01
3.97
-0.29
-0.09
-0.03
0.08
-0.16
-0.42
-0.19
-0.39
-0.02
Россети ФСКЕЭС
АО«Тываэнерго»
АО«Чеченэнерго»
РоссетиВолга
РоссетиКубань
РоссетиЛенэнерго(ГК)
РоссетиМосковскийрегион
РоссетиСеверныйКавказ
РоссетиСеверо-Запад
РоссетиСибирь
РоссетиТомск
РоссетиТюмень
Россети Урал(ГК)
РоссетиЦентр (ГК)
РоссетиЦентр иПриволжье(ГК)
Россети Юг(ГК)
РоссетиЯнтарь
0
2
4
6
-2
8'

16-10-2024T07:01:35 - [MESSAGE][PASSED] - Text of object 'Object Repository/Выполнение бизнес-плана/Выполнение бизнес-плана Балансы/Список ДЗО' is: '-0.19
-0.00
4.08
-0.23
-0.53
0.12
-0.01
3.97
-0.29
-0.09
-0.03
0.08
-0.16
-0.42
-0.19
-0.39
-0.02
Россети ФСКЕЭС
АО«Тываэнерго»
АО«Чеченэнерго»
РоссетиВолга
РоссетиКубань
РоссетиЛенэнерго(ГК)
РоссетиМосковскийрегион
РоссетиСеверныйКавказ
РоссетиСеверо-Запад
РоссетиСибирь
РоссетиТомск
РоссетиТюмень
Россети Урал(ГК)
РоссетиЦентр (ГК)
РоссетиЦентр иПриволжье(ГК)
Россети Юг(ГК)
РоссетиЯнтарь
0
2
4
6
-2
8'

16-10-2024T07:01:35 - [TEST_STEP][PASSED] - for ([ii = 1, ii < dZONum, (ii++)]): null

16-10-2024T07:01:35 - [TEST_STEP][PASSED] - i1 = z.indexOf("/") + 1: null

16-10-2024T07:01:35 - [TEST_STEP][PASSED] - if (i1 > -1): null

16-10-2024T07:01:35 - [TEST_STEP][PASSED] - z = z.substring(i1, z.length()): null

16-10-2024T07:01:35 - [TEST_STEP][PASSED] - i1 = z.indexOf("/"): null

16-10-2024T07:01:35 - [TEST_STEP][PASSED] - i1 = z.indexOf("/") + 1: null

16-10-2024T07:01:35 - [TEST_STEP][PASSED] - if (i1 > -1): null

16-10-2024T07:01:35 - [TEST_STEP][PASSED] - z = z.substring(i1, z.length()): null

16-10-2024T07:01:35 - [TEST_STEP][PASSED] - i1 = z.indexOf("/"): null

16-10-2024T07:01:35 - [TEST_STEP][PASSED] - i1 = z.indexOf("/") + 1: null

16-10-2024T07:01:35 - [TEST_STEP][PASSED] - if (i1 > -1): null

16-10-2024T07:01:35 - [TEST_STEP][PASSED] - z = z.substring(i1, z.length()): null

16-10-2024T07:01:35 - [TEST_STEP][PASSED] - i1 = z.indexOf("/"): null

16-10-2024T07:01:35 - [TEST_STEP][PASSED] - i1 = z.indexOf("/") + 1: null

16-10-2024T07:01:35 - [TEST_STEP][PASSED] - if (i1 > -1): null

16-10-2024T07:01:35 - [TEST_STEP][PASSED] - z = z.substring(i1, z.length()): null

16-10-2024T07:01:35 - [TEST_STEP][PASSED] - i1 = z.indexOf("/"): null

16-10-2024T07:01:35 - [TEST_STEP][PASSED] - i1 = z.indexOf("/") + 1: null

16-10-2024T07:01:35 - [TEST_STEP][PASSED] - if (i1 > -1): null

16-10-2024T07:01:35 - [TEST_STEP][PASSED] - z = z.substring(i1, z.length()): null

16-10-2024T07:01:35 - [TEST_STEP][PASSED] - i1 = z.indexOf("/"): null

16-10-2024T07:01:35 - [TEST_STEP][PASSED] - i1 = z.indexOf("/") + 1: null

16-10-2024T07:01:35 - [TEST_STEP][PASSED] - if (i1 > -1): null

16-10-2024T07:01:35 - [TEST_STEP][PASSED] - z = z.substring(i1, z.length()): null

16-10-2024T07:01:35 - [TEST_STEP][PASSED] - i1 = z.indexOf("/"): null

16-10-2024T07:01:35 - [TEST_STEP][PASSED] - i1 = z.indexOf("/") + 1: null

16-10-2024T07:01:35 - [TEST_STEP][PASSED] - if (i1 > -1): null

16-10-2024T07:01:35 - [TEST_STEP][PASSED] - z = z.substring(i1, z.length()): null

16-10-2024T07:01:35 - [TEST_STEP][PASSED] - i1 = z.indexOf("/"): null

16-10-2024T07:01:35 - [TEST_STEP][PASSED] - i1 = z.indexOf("/") + 1: null

16-10-2024T07:01:35 - [TEST_STEP][PASSED] - if (i1 > -1): null

16-10-2024T07:01:35 - [TEST_STEP][PASSED] - z = z.substring(i1, z.length()): null

16-10-2024T07:01:35 - [TEST_STEP][PASSED] - i1 = z.indexOf("/"): null

16-10-2024T07:01:35 - [TEST_STEP][PASSED] - i1 = z.indexOf("/") + 1: null

16-10-2024T07:01:35 - [TEST_STEP][PASSED] - if (i1 > -1): null

16-10-2024T07:01:35 - [TEST_STEP][PASSED] - z = z.substring(i1, z.length()): null

16-10-2024T07:01:35 - [TEST_STEP][PASSED] - i1 = z.indexOf("/"): null

16-10-2024T07:01:35 - [TEST_STEP][PASSED] - i1 = z.indexOf("/") + 1: null

16-10-2024T07:01:35 - [TEST_STEP][PASSED] - if (i1 > -1): null

16-10-2024T07:01:35 - [TEST_STEP][PASSED] - z = z.substring(i1, z.length()): null

16-10-2024T07:01:35 - [TEST_STEP][PASSED] - i1 = z.indexOf("/"): null

16-10-2024T07:01:35 - [TEST_STEP][PASSED] - i1 = z.indexOf("/") + 1: null

16-10-2024T07:01:35 - [TEST_STEP][PASSED] - if (i1 > -1): null

16-10-2024T07:01:35 - [TEST_STEP][PASSED] - z = z.substring(i1, z.length()): null

16-10-2024T07:01:35 - [TEST_STEP][PASSED] - i1 = z.indexOf("/"): null

16-10-2024T07:01:35 - [TEST_STEP][PASSED] - i1 = z.indexOf("/"): null

16-10-2024T07:01:35 - [TEST_STEP][PASSED] - if (i1 > -1): null

16-10-2024T07:01:35 - [TEST_STEP][PASSED] - z = z.substring(0, i1): null

16-10-2024T07:01:35 - [TEST_STEP][PASSED] - z = z.replace(",", "."): null

16-10-2024T07:01:35 - [TEST_STEP][PASSED] - println(z): null

16-10-2024T07:01:35 - [TEST_STEP][PASSED] - x = x + "/" + z: null

16-10-2024T07:01:35 - [TEST_STEP][PASSED] - x = x.replaceAll("[\r?
|
]", ""): null

16-10-2024T07:01:35 - [TEST_STEP][PASSED] - println(x): null

16-10-2024T07:01:35 - [TEST_STEP][PASSED] - return x: null

16-10-2024T07:01:35 - [TEST_STEP][PASSED] - println("tyumB: " + tyumB): null

16-10-2024T07:01:35 - [TEST_STEP][PASSED] - i = VseDZO.indexOf("Урал"): null

16-10-2024T07:01:35 - [TEST_STEP][PASSED] - if (i > -1): null

16-10-2024T07:01:35 - [TEST_STEP][PASSED] - dZONum = dZONum + 1: null

16-10-2024T07:01:35 - [TEST_STEP][PASSED] - urB = GetAllData(path, dZONum, VseDZO, x = "Россети Урал (ГК)/"): null

16-10-2024T07:01:35 - [TEST_STEP][PASSED] - ii = <not implemented yet for class: org.codehaus.groovy.ast.expr.EmptyExpression>: null

16-10-2024T07:01:35 - [TEST_STEP][PASSED] - i1 = <not implemented yet for class: org.codehaus.groovy.ast.expr.EmptyExpression>: null

16-10-2024T07:01:35 - [TEST_STEP][PASSED] - z = <not implemented yet for class: org.codehaus.groovy.ast.expr.EmptyExpression>: null

16-10-2024T07:01:35 - [TEST_STEP][PASSED] - path2 = "Значения со страницы Выполнение бизнес-плана/Table Data/": null

16-10-2024T07:01:35 - [TEST_STEP][PASSED] - println("path: " + path): null

16-10-2024T07:01:35 - [TEST_STEP][PASSED] - println("dZONum: " + dZONum): null

16-10-2024T07:01:35 - [TEST_STEP][PASSED] - z = getText(findTestObject(path + "spanPlan" + dZONum)): Text of object 'Object Repository/Выполнение бизнес-плана/Выполнение бизнес-плана Балансы/spanPlan13' is: '5.70
|'

16-10-2024T07:01:36 - [MESSAGE][PASSED] - Text of object 'Object Repository/Выполнение бизнес-плана/Выполнение бизнес-плана Балансы/spanPlan13' is: '5.70
|'

16-10-2024T07:01:36 - [TEST_STEP][PASSED] - println(z): null

16-10-2024T07:01:36 - [TEST_STEP][PASSED] - ii = z.indexOf("|"): null

16-10-2024T07:01:36 - [TEST_STEP][PASSED] - if (ii > -1): null

16-10-2024T07:01:36 - [TEST_STEP][PASSED] - z = z.substring(0, z.length() - 1): null

16-10-2024T07:01:36 - [TEST_STEP][PASSED] - println(z): null

16-10-2024T07:01:36 - [TEST_STEP][PASSED] - z = z.replaceAll("\s+", ""): null

16-10-2024T07:01:36 - [TEST_STEP][PASSED] - z = z.replace("[\r?
|
]", "/"): null

16-10-2024T07:01:36 - [TEST_STEP][PASSED] - println(z): null

16-10-2024T07:01:36 - [TEST_STEP][PASSED] - x = x + z: null

16-10-2024T07:01:36 - [TEST_STEP][PASSED] - z = getText(findTestObject(path + "spanFact" + dZONum)): Text of object 'Object Repository/Выполнение бизнес-плана/Выполнение бизнес-плана Балансы/spanFact13' is: '5.54'

16-10-2024T07:01:36 - [MESSAGE][PASSED] - Text of object 'Object Repository/Выполнение бизнес-плана/Выполнение бизнес-плана Балансы/spanFact13' is: '5.54'

16-10-2024T07:01:36 - [TEST_STEP][PASSED] - ii = z.indexOf("|"): null

16-10-2024T07:01:36 - [TEST_STEP][PASSED] - if (ii > -1): null

16-10-2024T07:01:36 - [TEST_STEP][PASSED] - x = x + "/" + z: null

16-10-2024T07:01:36 - [TEST_STEP][PASSED] - z = getText(findTestObject(path + path2 + "Факт Отпуск в сеть за отчётный период " + dZONum)).replaceAll("\s+", ""): Text of object 'Object Repository/Выполнение бизнес-плана/Выполнение бизнес-плана Балансы/Значения со страницы Выполнение бизнес-плана/Table Data/Факт Отпуск в сеть за отчётный период 13' is: '48 495 962'

16-10-2024T07:01:36 - [MESSAGE][PASSED] - Text of object 'Object Repository/Выполнение бизнес-плана/Выполнение бизнес-плана Балансы/Значения со страницы Выполнение бизнес-плана/Table Data/Факт Отпуск в сеть за отчётный период 13' is: '48 495 962'

16-10-2024T07:01:36 - [TEST_STEP][PASSED] - x = x + "/" + z: null

16-10-2024T07:01:36 - [TEST_STEP][PASSED] - z = getText(findTestObject(path + path2 + "Факт Отпуск из сети за отчётный период " + dZONum)).replaceAll("\s+", ""): Text of object 'Object Repository/Выполнение бизнес-плана/Выполнение бизнес-плана Балансы/Значения со страницы Выполнение бизнес-плана/Table Data/Факт Отпуск из сети за отчётный период 13' is: '45 807 241'

16-10-2024T07:01:36 - [MESSAGE][PASSED] - Text of object 'Object Repository/Выполнение бизнес-плана/Выполнение бизнес-плана Балансы/Значения со страницы Выполнение бизнес-плана/Table Data/Факт Отпуск из сети за отчётный период 13' is: '45 807 241'

16-10-2024T07:01:36 - [TEST_STEP][PASSED] - x = x + "/" + z: null

16-10-2024T07:01:36 - [TEST_STEP][PASSED] - z = getText(findTestObject(path + path2 + "Факт Потери за отчётный период " + dZONum)).replaceAll("\s+", ""): Text of object 'Object Repository/Выполнение бизнес-плана/Выполнение бизнес-плана Балансы/Значения со страницы Выполнение бизнес-плана/Table Data/Факт Потери за отчётный период 13' is: '2 688 721'

16-10-2024T07:01:37 - [MESSAGE][PASSED] - Text of object 'Object Repository/Выполнение бизнес-плана/Выполнение бизнес-плана Балансы/Значения со страницы Выполнение бизнес-плана/Table Data/Факт Потери за отчётный период 13' is: '2 688 721'

16-10-2024T07:01:37 - [TEST_STEP][PASSED] - x = x + "/" + z: null

16-10-2024T07:01:37 - [TEST_STEP][PASSED] - z = getText(findTestObject(path + path2 + "План Отпуск в сеть за отчётный период " + dZONum)).replaceAll("\s+", ""): Text of object 'Object Repository/Выполнение бизнес-плана/Выполнение бизнес-плана Балансы/Значения со страницы Выполнение бизнес-плана/Table Data/План Отпуск в сеть за отчётный период 13' is: '54 743 221'

16-10-2024T07:01:37 - [MESSAGE][PASSED] - Text of object 'Object Repository/Выполнение бизнес-плана/Выполнение бизнес-плана Балансы/Значения со страницы Выполнение бизнес-плана/Table Data/План Отпуск в сеть за отчётный период 13' is: '54 743 221'

16-10-2024T07:01:37 - [TEST_STEP][PASSED] - x = x + "/" + z: null

16-10-2024T07:01:37 - [TEST_STEP][PASSED] - z = getText(findTestObject(path + path2 + "План Отпуск из сети за отчётный период " + dZONum)).replaceAll("\s+", ""): Text of object 'Object Repository/Выполнение бизнес-плана/Выполнение бизнес-плана Балансы/Значения со страницы Выполнение бизнес-плана/Table Data/План Отпуск из сети за отчётный период 13' is: '51 575 549'

16-10-2024T07:01:37 - [MESSAGE][PASSED] - Text of object 'Object Repository/Выполнение бизнес-плана/Выполнение бизнес-плана Балансы/Значения со страницы Выполнение бизнес-плана/Table Data/План Отпуск из сети за отчётный период 13' is: '51 575 549'

16-10-2024T07:01:37 - [TEST_STEP][PASSED] - x = x + "/" + z: null

16-10-2024T07:01:37 - [TEST_STEP][PASSED] - z = getText(findTestObject(path + path2 + "План Потери за отчётный период " + dZONum)).replaceAll("\s+", ""): Text of object 'Object Repository/Выполнение бизнес-плана/Выполнение бизнес-плана Балансы/Значения со страницы Выполнение бизнес-плана/Table Data/План Потери за отчётный период 13' is: '3 167 672'

16-10-2024T07:01:38 - [MESSAGE][PASSED] - Text of object 'Object Repository/Выполнение бизнес-плана/Выполнение бизнес-плана Балансы/Значения со страницы Выполнение бизнес-плана/Table Data/План Потери за отчётный период 13' is: '3 167 672'

16-10-2024T07:01:38 - [TEST_STEP][PASSED] - x = x + "/" + z: null

16-10-2024T07:01:38 - [TEST_STEP][PASSED] - z = getText(findTestObject(path + "Список ДЗО")).replaceAll("[\r?
|
]", "/"): Text of object 'Object Repository/Выполнение бизнес-плана/Выполнение бизнес-плана Балансы/Список ДЗО' is: '-0.19
-0.00
4.08
-0.23
-0.53
0.12
-0.01
3.97
-0.29
-0.09
-0.03
0.08
-0.16
-0.42
-0.19
-0.39
-0.02
Россети ФСКЕЭС
АО«Тываэнерго»
АО«Чеченэнерго»
РоссетиВолга
РоссетиКубань
РоссетиЛенэнерго(ГК)
РоссетиМосковскийрегион
РоссетиСеверныйКавказ
РоссетиСеверо-Запад
РоссетиСибирь
РоссетиТомск
РоссетиТюмень
Россети Урал(ГК)
РоссетиЦентр (ГК)
РоссетиЦентр иПриволжье(ГК)
Россети Юг(ГК)
РоссетиЯнтарь
0
2
4
6
-2
8'

16-10-2024T07:01:38 - [MESSAGE][PASSED] - Text of object 'Object Repository/Выполнение бизнес-плана/Выполнение бизнес-плана Балансы/Список ДЗО' is: '-0.19
-0.00
4.08
-0.23
-0.53
0.12
-0.01
3.97
-0.29
-0.09
-0.03
0.08
-0.16
-0.42
-0.19
-0.39
-0.02
Россети ФСКЕЭС
АО«Тываэнерго»
АО«Чеченэнерго»
РоссетиВолга
РоссетиКубань
РоссетиЛенэнерго(ГК)
РоссетиМосковскийрегион
РоссетиСеверныйКавказ
РоссетиСеверо-Запад
РоссетиСибирь
РоссетиТомск
РоссетиТюмень
Россети Урал(ГК)
РоссетиЦентр (ГК)
РоссетиЦентр иПриволжье(ГК)
Россети Юг(ГК)
РоссетиЯнтарь
0
2
4
6
-2
8'

16-10-2024T07:01:38 - [TEST_STEP][PASSED] - for ([ii = 1, ii < dZONum, (ii++)]): null

16-10-2024T07:01:38 - [TEST_STEP][PASSED] - i1 = z.indexOf("/") + 1: null

16-10-2024T07:01:38 - [TEST_STEP][PASSED] - if (i1 > -1): null

16-10-2024T07:01:38 - [TEST_STEP][PASSED] - z = z.substring(i1, z.length()): null

16-10-2024T07:01:38 - [TEST_STEP][PASSED] - i1 = z.indexOf("/"): null

16-10-2024T07:01:38 - [TEST_STEP][PASSED] - i1 = z.indexOf("/") + 1: null

16-10-2024T07:01:38 - [TEST_STEP][PASSED] - if (i1 > -1): null

16-10-2024T07:01:38 - [TEST_STEP][PASSED] - z = z.substring(i1, z.length()): null

16-10-2024T07:01:38 - [TEST_STEP][PASSED] - i1 = z.indexOf("/"): null

16-10-2024T07:01:38 - [TEST_STEP][PASSED] - i1 = z.indexOf("/") + 1: null

16-10-2024T07:01:38 - [TEST_STEP][PASSED] - if (i1 > -1): null

16-10-2024T07:01:38 - [TEST_STEP][PASSED] - z = z.substring(i1, z.length()): null

16-10-2024T07:01:38 - [TEST_STEP][PASSED] - i1 = z.indexOf("/"): null

16-10-2024T07:01:38 - [TEST_STEP][PASSED] - i1 = z.indexOf("/") + 1: null

16-10-2024T07:01:38 - [TEST_STEP][PASSED] - if (i1 > -1): null

16-10-2024T07:01:38 - [TEST_STEP][PASSED] - z = z.substring(i1, z.length()): null

16-10-2024T07:01:38 - [TEST_STEP][PASSED] - i1 = z.indexOf("/"): null

16-10-2024T07:01:38 - [TEST_STEP][PASSED] - i1 = z.indexOf("/") + 1: null

16-10-2024T07:01:38 - [TEST_STEP][PASSED] - if (i1 > -1): null

16-10-2024T07:01:38 - [TEST_STEP][PASSED] - z = z.substring(i1, z.length()): null

16-10-2024T07:01:38 - [TEST_STEP][PASSED] - i1 = z.indexOf("/"): null

16-10-2024T07:01:38 - [TEST_STEP][PASSED] - i1 = z.indexOf("/") + 1: null

16-10-2024T07:01:38 - [TEST_STEP][PASSED] - if (i1 > -1): null

16-10-2024T07:01:38 - [TEST_STEP][PASSED] - z = z.substring(i1, z.length()): null

16-10-2024T07:01:38 - [TEST_STEP][PASSED] - i1 = z.indexOf("/"): null

16-10-2024T07:01:38 - [TEST_STEP][PASSED] - i1 = z.indexOf("/") + 1: null

16-10-2024T07:01:38 - [TEST_STEP][PASSED] - if (i1 > -1): null

16-10-2024T07:01:38 - [TEST_STEP][PASSED] - z = z.substring(i1, z.length()): null

16-10-2024T07:01:38 - [TEST_STEP][PASSED] - i1 = z.indexOf("/"): null

16-10-2024T07:01:38 - [TEST_STEP][PASSED] - i1 = z.indexOf("/") + 1: null

16-10-2024T07:01:38 - [TEST_STEP][PASSED] - if (i1 > -1): null

16-10-2024T07:01:38 - [TEST_STEP][PASSED] - z = z.substring(i1, z.length()): null

16-10-2024T07:01:38 - [TEST_STEP][PASSED] - i1 = z.indexOf("/"): null

16-10-2024T07:01:38 - [TEST_STEP][PASSED] - i1 = z.indexOf("/") + 1: null

16-10-2024T07:01:38 - [TEST_STEP][PASSED] - if (i1 > -1): null

16-10-2024T07:01:38 - [TEST_STEP][PASSED] - z = z.substring(i1, z.length()): null

16-10-2024T07:01:38 - [TEST_STEP][PASSED] - i1 = z.indexOf("/"): null

16-10-2024T07:01:38 - [TEST_STEP][PASSED] - i1 = z.indexOf("/") + 1: null

16-10-2024T07:01:38 - [TEST_STEP][PASSED] - if (i1 > -1): null

16-10-2024T07:01:38 - [TEST_STEP][PASSED] - z = z.substring(i1, z.length()): null

16-10-2024T07:01:38 - [TEST_STEP][PASSED] - i1 = z.indexOf("/"): null

16-10-2024T07:01:38 - [TEST_STEP][PASSED] - i1 = z.indexOf("/") + 1: null

16-10-2024T07:01:38 - [TEST_STEP][PASSED] - if (i1 > -1): null

16-10-2024T07:01:38 - [TEST_STEP][PASSED] - z = z.substring(i1, z.length()): null

16-10-2024T07:01:38 - [TEST_STEP][PASSED] - i1 = z.indexOf("/"): null

16-10-2024T07:01:38 - [TEST_STEP][PASSED] - i1 = z.indexOf("/") + 1: null

16-10-2024T07:01:38 - [TEST_STEP][PASSED] - if (i1 > -1): null

16-10-2024T07:01:38 - [TEST_STEP][PASSED] - z = z.substring(i1, z.length()): null

16-10-2024T07:01:38 - [TEST_STEP][PASSED] - i1 = z.indexOf("/"): null

16-10-2024T07:01:38 - [TEST_STEP][PASSED] - i1 = z.indexOf("/"): null

16-10-2024T07:01:38 - [TEST_STEP][PASSED] - if (i1 > -1): null

16-10-2024T07:01:38 - [TEST_STEP][PASSED] - z = z.substring(0, i1): null

16-10-2024T07:01:38 - [TEST_STEP][PASSED] - z = z.replace(",", "."): null

16-10-2024T07:01:38 - [TEST_STEP][PASSED] - println(z): null

16-10-2024T07:01:38 - [TEST_STEP][PASSED] - x = x + "/" + z: null

16-10-2024T07:01:38 - [TEST_STEP][PASSED] - x = x.replaceAll("[\r?
|
]", ""): null

16-10-2024T07:01:38 - [TEST_STEP][PASSED] - println(x): null

16-10-2024T07:01:38 - [TEST_STEP][PASSED] - return x: null

16-10-2024T07:01:38 - [TEST_STEP][PASSED] - println("urB: " + urB): null

16-10-2024T07:01:38 - [TEST_STEP][PASSED] - i = VseDZO.indexOf("Центр"): null

16-10-2024T07:01:38 - [TEST_STEP][PASSED] - if (i > -1): null

16-10-2024T07:01:38 - [TEST_STEP][PASSED] - dZONum = dZONum + 1: null

16-10-2024T07:01:38 - [TEST_STEP][PASSED] - cenB = GetAllData(path, dZONum, VseDZO, x = "Россети Центр (ГК)/"): null

16-10-2024T07:01:38 - [TEST_STEP][PASSED] - ii = <not implemented yet for class: org.codehaus.groovy.ast.expr.EmptyExpression>: null

16-10-2024T07:01:38 - [TEST_STEP][PASSED] - i1 = <not implemented yet for class: org.codehaus.groovy.ast.expr.EmptyExpression>: null

16-10-2024T07:01:38 - [TEST_STEP][PASSED] - z = <not implemented yet for class: org.codehaus.groovy.ast.expr.EmptyExpression>: null

16-10-2024T07:01:38 - [TEST_STEP][PASSED] - path2 = "Значения со страницы Выполнение бизнес-плана/Table Data/": null

16-10-2024T07:01:38 - [TEST_STEP][PASSED] - println("path: " + path): null

16-10-2024T07:01:38 - [TEST_STEP][PASSED] - println("dZONum: " + dZONum): null

16-10-2024T07:01:38 - [TEST_STEP][PASSED] - z = getText(findTestObject(path + "spanPlan" + dZONum)): Text of object 'Object Repository/Выполнение бизнес-плана/Выполнение бизнес-плана Балансы/spanPlan14' is: '10.14
|'

16-10-2024T07:01:38 - [MESSAGE][PASSED] - Text of object 'Object Repository/Выполнение бизнес-плана/Выполнение бизнес-плана Балансы/spanPlan14' is: '10.14
|'

16-10-2024T07:01:38 - [TEST_STEP][PASSED] - println(z): null

16-10-2024T07:01:38 - [TEST_STEP][PASSED] - ii = z.indexOf("|"): null

16-10-2024T07:01:38 - [TEST_STEP][PASSED] - if (ii > -1): null

16-10-2024T07:01:38 - [TEST_STEP][PASSED] - z = z.substring(0, z.length() - 1): null

16-10-2024T07:01:38 - [TEST_STEP][PASSED] - println(z): null

16-10-2024T07:01:38 - [TEST_STEP][PASSED] - z = z.replaceAll("\s+", ""): null

16-10-2024T07:01:38 - [TEST_STEP][PASSED] - z = z.replace("[\r?
|
]", "/"): null

16-10-2024T07:01:38 - [TEST_STEP][PASSED] - println(z): null

16-10-2024T07:01:38 - [TEST_STEP][PASSED] - x = x + z: null

16-10-2024T07:01:38 - [TEST_STEP][PASSED] - z = getText(findTestObject(path + "spanFact" + dZONum)): Text of object 'Object Repository/Выполнение бизнес-плана/Выполнение бизнес-плана Балансы/spanFact14' is: '9.71'

16-10-2024T07:01:39 - [MESSAGE][PASSED] - Text of object 'Object Repository/Выполнение бизнес-плана/Выполнение бизнес-плана Балансы/spanFact14' is: '9.71'

16-10-2024T07:01:39 - [TEST_STEP][PASSED] - ii = z.indexOf("|"): null

16-10-2024T07:01:39 - [TEST_STEP][PASSED] - if (ii > -1): null

16-10-2024T07:01:39 - [TEST_STEP][PASSED] - x = x + "/" + z: null

16-10-2024T07:01:39 - [TEST_STEP][PASSED] - z = getText(findTestObject(path + path2 + "Факт Отпуск в сеть за отчётный период " + dZONum)).replaceAll("\s+", ""): Text of object 'Object Repository/Выполнение бизнес-плана/Выполнение бизнес-плана Балансы/Значения со страницы Выполнение бизнес-плана/Table Data/Факт Отпуск в сеть за отчётный период 14' is: '40 032 969'

16-10-2024T07:01:39 - [MESSAGE][PASSED] - Text of object 'Object Repository/Выполнение бизнес-плана/Выполнение бизнес-плана Балансы/Значения со страницы Выполнение бизнес-плана/Table Data/Факт Отпуск в сеть за отчётный период 14' is: '40 032 969'

16-10-2024T07:01:39 - [TEST_STEP][PASSED] - x = x + "/" + z: null

16-10-2024T07:01:39 - [TEST_STEP][PASSED] - z = getText(findTestObject(path + path2 + "Факт Отпуск из сети за отчётный период " + dZONum)).replaceAll("\s+", ""): Text of object 'Object Repository/Выполнение бизнес-плана/Выполнение бизнес-плана Балансы/Значения со страницы Выполнение бизнес-плана/Table Data/Факт Отпуск из сети за отчётный период 14' is: '36 144 550'

16-10-2024T07:01:39 - [MESSAGE][PASSED] - Text of object 'Object Repository/Выполнение бизнес-плана/Выполнение бизнес-плана Балансы/Значения со страницы Выполнение бизнес-плана/Table Data/Факт Отпуск из сети за отчётный период 14' is: '36 144 550'

16-10-2024T07:01:39 - [TEST_STEP][PASSED] - x = x + "/" + z: null

16-10-2024T07:01:39 - [TEST_STEP][PASSED] - z = getText(findTestObject(path + path2 + "Факт Потери за отчётный период " + dZONum)).replaceAll("\s+", ""): Text of object 'Object Repository/Выполнение бизнес-плана/Выполнение бизнес-плана Балансы/Значения со страницы Выполнение бизнес-плана/Table Data/Факт Потери за отчётный период 14' is: '3 888 420'

16-10-2024T07:01:40 - [MESSAGE][PASSED] - Text of object 'Object Repository/Выполнение бизнес-плана/Выполнение бизнес-плана Балансы/Значения со страницы Выполнение бизнес-плана/Table Data/Факт Потери за отчётный период 14' is: '3 888 420'

16-10-2024T07:01:40 - [TEST_STEP][PASSED] - x = x + "/" + z: null

16-10-2024T07:01:40 - [TEST_STEP][PASSED] - z = getText(findTestObject(path + path2 + "План Отпуск в сеть за отчётный период " + dZONum)).replaceAll("\s+", ""): Text of object 'Object Repository/Выполнение бизнес-плана/Выполнение бизнес-плана Балансы/Значения со страницы Выполнение бизнес-плана/Table Data/План Отпуск в сеть за отчётный период 14' is: '38 560 890'

16-10-2024T07:01:40 - [MESSAGE][PASSED] - Text of object 'Object Repository/Выполнение бизнес-плана/Выполнение бизнес-плана Балансы/Значения со страницы Выполнение бизнес-плана/Table Data/План Отпуск в сеть за отчётный период 14' is: '38 560 890'

16-10-2024T07:01:40 - [TEST_STEP][PASSED] - x = x + "/" + z: null

16-10-2024T07:01:40 - [TEST_STEP][PASSED] - z = getText(findTestObject(path + path2 + "План Отпуск из сети за отчётный период " + dZONum)).replaceAll("\s+", ""): Text of object 'Object Repository/Выполнение бизнес-плана/Выполнение бизнес-плана Балансы/Значения со страницы Выполнение бизнес-плана/Table Data/План Отпуск из сети за отчётный период 14' is: '34 651 956'

16-10-2024T07:01:40 - [MESSAGE][PASSED] - Text of object 'Object Repository/Выполнение бизнес-плана/Выполнение бизнес-плана Балансы/Значения со страницы Выполнение бизнес-плана/Table Data/План Отпуск из сети за отчётный период 14' is: '34 651 956'

16-10-2024T07:01:40 - [TEST_STEP][PASSED] - x = x + "/" + z: null

16-10-2024T07:01:40 - [TEST_STEP][PASSED] - z = getText(findTestObject(path + path2 + "План Потери за отчётный период " + dZONum)).replaceAll("\s+", ""): Text of object 'Object Repository/Выполнение бизнес-плана/Выполнение бизнес-плана Балансы/Значения со страницы Выполнение бизнес-плана/Table Data/План Потери за отчётный период 14' is: '3 908 934'

16-10-2024T07:01:40 - [MESSAGE][PASSED] - Text of object 'Object Repository/Выполнение бизнес-плана/Выполнение бизнес-плана Балансы/Значения со страницы Выполнение бизнес-плана/Table Data/План Потери за отчётный период 14' is: '3 908 934'

16-10-2024T07:01:40 - [TEST_STEP][PASSED] - x = x + "/" + z: null

16-10-2024T07:01:40 - [TEST_STEP][PASSED] - z = getText(findTestObject(path + "Список ДЗО")).replaceAll("[\r?
|
]", "/"): Text of object 'Object Repository/Выполнение бизнес-плана/Выполнение бизнес-плана Балансы/Список ДЗО' is: '-0.19
-0.00
4.08
-0.23
-0.53
0.12
-0.01
3.97
-0.29
-0.09
-0.03
0.08
-0.16
-0.42
-0.19
-0.39
-0.02
Россети ФСКЕЭС
АО«Тываэнерго»
АО«Чеченэнерго»
РоссетиВолга
РоссетиКубань
РоссетиЛенэнерго(ГК)
РоссетиМосковскийрегион
РоссетиСеверныйКавказ
РоссетиСеверо-Запад
РоссетиСибирь
РоссетиТомск
РоссетиТюмень
Россети Урал(ГК)
РоссетиЦентр (ГК)
РоссетиЦентр иПриволжье(ГК)
Россети Юг(ГК)
РоссетиЯнтарь
0
2
4
6
-2
8'

16-10-2024T07:01:41 - [MESSAGE][PASSED] - Text of object 'Object Repository/Выполнение бизнес-плана/Выполнение бизнес-плана Балансы/Список ДЗО' is: '-0.19
-0.00
4.08
-0.23
-0.53
0.12
-0.01
3.97
-0.29
-0.09
-0.03
0.08
-0.16
-0.42
-0.19
-0.39
-0.02
Россети ФСКЕЭС
АО«Тываэнерго»
АО«Чеченэнерго»
РоссетиВолга
РоссетиКубань
РоссетиЛенэнерго(ГК)
РоссетиМосковскийрегион
РоссетиСеверныйКавказ
РоссетиСеверо-Запад
РоссетиСибирь
РоссетиТомск
РоссетиТюмень
Россети Урал(ГК)
РоссетиЦентр (ГК)
РоссетиЦентр иПриволжье(ГК)
Россети Юг(ГК)
РоссетиЯнтарь
0
2
4
6
-2
8'

16-10-2024T07:01:41 - [TEST_STEP][PASSED] - for ([ii = 1, ii < dZONum, (ii++)]): null

16-10-2024T07:01:41 - [TEST_STEP][PASSED] - i1 = z.indexOf("/") + 1: null

16-10-2024T07:01:41 - [TEST_STEP][PASSED] - if (i1 > -1): null

16-10-2024T07:01:41 - [TEST_STEP][PASSED] - z = z.substring(i1, z.length()): null

16-10-2024T07:01:41 - [TEST_STEP][PASSED] - i1 = z.indexOf("/"): null

16-10-2024T07:01:41 - [TEST_STEP][PASSED] - i1 = z.indexOf("/") + 1: null

16-10-2024T07:01:41 - [TEST_STEP][PASSED] - if (i1 > -1): null

16-10-2024T07:01:41 - [TEST_STEP][PASSED] - z = z.substring(i1, z.length()): null

16-10-2024T07:01:41 - [TEST_STEP][PASSED] - i1 = z.indexOf("/"): null

16-10-2024T07:01:41 - [TEST_STEP][PASSED] - i1 = z.indexOf("/") + 1: null

16-10-2024T07:01:41 - [TEST_STEP][PASSED] - if (i1 > -1): null

16-10-2024T07:01:41 - [TEST_STEP][PASSED] - z = z.substring(i1, z.length()): null

16-10-2024T07:01:41 - [TEST_STEP][PASSED] - i1 = z.indexOf("/"): null

16-10-2024T07:01:41 - [TEST_STEP][PASSED] - i1 = z.indexOf("/") + 1: null

16-10-2024T07:01:41 - [TEST_STEP][PASSED] - if (i1 > -1): null

16-10-2024T07:01:41 - [TEST_STEP][PASSED] - z = z.substring(i1, z.length()): null

16-10-2024T07:01:41 - [TEST_STEP][PASSED] - i1 = z.indexOf("/"): null

16-10-2024T07:01:41 - [TEST_STEP][PASSED] - i1 = z.indexOf("/") + 1: null

16-10-2024T07:01:41 - [TEST_STEP][PASSED] - if (i1 > -1): null

16-10-2024T07:01:41 - [TEST_STEP][PASSED] - z = z.substring(i1, z.length()): null

16-10-2024T07:01:41 - [TEST_STEP][PASSED] - i1 = z.indexOf("/"): null

16-10-2024T07:01:41 - [TEST_STEP][PASSED] - i1 = z.indexOf("/") + 1: null

16-10-2024T07:01:41 - [TEST_STEP][PASSED] - if (i1 > -1): null

16-10-2024T07:01:41 - [TEST_STEP][PASSED] - z = z.substring(i1, z.length()): null

16-10-2024T07:01:41 - [TEST_STEP][PASSED] - i1 = z.indexOf("/"): null

16-10-2024T07:01:41 - [TEST_STEP][PASSED] - i1 = z.indexOf("/") + 1: null

16-10-2024T07:01:41 - [TEST_STEP][PASSED] - if (i1 > -1): null

16-10-2024T07:01:41 - [TEST_STEP][PASSED] - z = z.substring(i1, z.length()): null

16-10-2024T07:01:41 - [TEST_STEP][PASSED] - i1 = z.indexOf("/"): null

16-10-2024T07:01:41 - [TEST_STEP][PASSED] - i1 = z.indexOf("/") + 1: null

16-10-2024T07:01:41 - [TEST_STEP][PASSED] - if (i1 > -1): null

16-10-2024T07:01:41 - [TEST_STEP][PASSED] - z = z.substring(i1, z.length()): null

16-10-2024T07:01:41 - [TEST_STEP][PASSED] - i1 = z.indexOf("/"): null

16-10-2024T07:01:41 - [TEST_STEP][PASSED] - i1 = z.indexOf("/") + 1: null

16-10-2024T07:01:41 - [TEST_STEP][PASSED] - if (i1 > -1): null

16-10-2024T07:01:41 - [TEST_STEP][PASSED] - z = z.substring(i1, z.length()): null

16-10-2024T07:01:41 - [TEST_STEP][PASSED] - i1 = z.indexOf("/"): null

16-10-2024T07:01:41 - [TEST_STEP][PASSED] - i1 = z.indexOf("/") + 1: null

16-10-2024T07:01:41 - [TEST_STEP][PASSED] - if (i1 > -1): null

16-10-2024T07:01:41 - [TEST_STEP][PASSED] - z = z.substring(i1, z.length()): null

16-10-2024T07:01:41 - [TEST_STEP][PASSED] - i1 = z.indexOf("/"): null

16-10-2024T07:01:41 - [TEST_STEP][PASSED] - i1 = z.indexOf("/") + 1: null

16-10-2024T07:01:41 - [TEST_STEP][PASSED] - if (i1 > -1): null

16-10-2024T07:01:41 - [TEST_STEP][PASSED] - z = z.substring(i1, z.length()): null

16-10-2024T07:01:41 - [TEST_STEP][PASSED] - i1 = z.indexOf("/"): null

16-10-2024T07:01:41 - [TEST_STEP][PASSED] - i1 = z.indexOf("/") + 1: null

16-10-2024T07:01:41 - [TEST_STEP][PASSED] - if (i1 > -1): null

16-10-2024T07:01:41 - [TEST_STEP][PASSED] - z = z.substring(i1, z.length()): null

16-10-2024T07:01:41 - [TEST_STEP][PASSED] - i1 = z.indexOf("/"): null

16-10-2024T07:01:41 - [TEST_STEP][PASSED] - i1 = z.indexOf("/") + 1: null

16-10-2024T07:01:41 - [TEST_STEP][PASSED] - if (i1 > -1): null

16-10-2024T07:01:41 - [TEST_STEP][PASSED] - z = z.substring(i1, z.length()): null

16-10-2024T07:01:41 - [TEST_STEP][PASSED] - i1 = z.indexOf("/"): null

16-10-2024T07:01:41 - [TEST_STEP][PASSED] - i1 = z.indexOf("/"): null

16-10-2024T07:01:41 - [TEST_STEP][PASSED] - if (i1 > -1): null

16-10-2024T07:01:41 - [TEST_STEP][PASSED] - z = z.substring(0, i1): null

16-10-2024T07:01:41 - [TEST_STEP][PASSED] - z = z.replace(",", "."): null

16-10-2024T07:01:41 - [TEST_STEP][PASSED] - println(z): null

16-10-2024T07:01:41 - [TEST_STEP][PASSED] - x = x + "/" + z: null

16-10-2024T07:01:41 - [TEST_STEP][PASSED] - x = x.replaceAll("[\r?
|
]", ""): null

16-10-2024T07:01:41 - [TEST_STEP][PASSED] - println(x): null

16-10-2024T07:01:41 - [TEST_STEP][PASSED] - return x: null

16-10-2024T07:01:41 - [TEST_STEP][PASSED] - println("cenB: " + cenB): null

16-10-2024T07:01:41 - [TEST_STEP][PASSED] - i = VseDZO.indexOf("Приволжье"): null

16-10-2024T07:01:41 - [TEST_STEP][PASSED] - if (i > -1): null

16-10-2024T07:01:41 - [TEST_STEP][PASSED] - dZONum = dZONum + 1: null

16-10-2024T07:01:41 - [TEST_STEP][PASSED] - cIPB = GetAllData(path, dZONum, VseDZO, x = "Россети Центр и Приволжье (ГК)/"): null

16-10-2024T07:01:41 - [TEST_STEP][PASSED] - ii = <not implemented yet for class: org.codehaus.groovy.ast.expr.EmptyExpression>: null

16-10-2024T07:01:41 - [TEST_STEP][PASSED] - i1 = <not implemented yet for class: org.codehaus.groovy.ast.expr.EmptyExpression>: null

16-10-2024T07:01:41 - [TEST_STEP][PASSED] - z = <not implemented yet for class: org.codehaus.groovy.ast.expr.EmptyExpression>: null

16-10-2024T07:01:41 - [TEST_STEP][PASSED] - path2 = "Значения со страницы Выполнение бизнес-плана/Table Data/": null

16-10-2024T07:01:41 - [TEST_STEP][PASSED] - println("path: " + path): null

16-10-2024T07:01:41 - [TEST_STEP][PASSED] - println("dZONum: " + dZONum): null

16-10-2024T07:01:41 - [TEST_STEP][PASSED] - z = getText(findTestObject(path + "spanPlan" + dZONum)): Text of object 'Object Repository/Выполнение бизнес-плана/Выполнение бизнес-плана Балансы/spanPlan15' is: '6.93
|'

16-10-2024T07:01:41 - [MESSAGE][PASSED] - Text of object 'Object Repository/Выполнение бизнес-плана/Выполнение бизнес-плана Балансы/spanPlan15' is: '6.93
|'

16-10-2024T07:01:41 - [TEST_STEP][PASSED] - println(z): null

16-10-2024T07:01:41 - [TEST_STEP][PASSED] - ii = z.indexOf("|"): null

16-10-2024T07:01:41 - [TEST_STEP][PASSED] - if (ii > -1): null

16-10-2024T07:01:41 - [TEST_STEP][PASSED] - z = z.substring(0, z.length() - 1): null

16-10-2024T07:01:41 - [TEST_STEP][PASSED] - println(z): null

16-10-2024T07:01:41 - [TEST_STEP][PASSED] - z = z.replaceAll("\s+", ""): null

16-10-2024T07:01:41 - [TEST_STEP][PASSED] - z = z.replace("[\r?
|
]", "/"): null

16-10-2024T07:01:41 - [TEST_STEP][PASSED] - println(z): null

16-10-2024T07:01:41 - [TEST_STEP][PASSED] - x = x + z: null

16-10-2024T07:01:41 - [TEST_STEP][PASSED] - z = getText(findTestObject(path + "spanFact" + dZONum)): Text of object 'Object Repository/Выполнение бизнес-плана/Выполнение бизнес-плана Балансы/spanFact15' is: '6.73'

16-10-2024T07:01:41 - [MESSAGE][PASSED] - Text of object 'Object Repository/Выполнение бизнес-плана/Выполнение бизнес-плана Балансы/spanFact15' is: '6.73'

16-10-2024T07:01:41 - [TEST_STEP][PASSED] - ii = z.indexOf("|"): null

16-10-2024T07:01:41 - [TEST_STEP][PASSED] - if (ii > -1): null

16-10-2024T07:01:41 - [TEST_STEP][PASSED] - x = x + "/" + z: null

16-10-2024T07:01:41 - [TEST_STEP][PASSED] - z = getText(findTestObject(path + path2 + "Факт Отпуск в сеть за отчётный период " + dZONum)).replaceAll("\s+", ""): Text of object 'Object Repository/Выполнение бизнес-плана/Выполнение бизнес-плана Балансы/Значения со страницы Выполнение бизнес-плана/Table Data/Факт Отпуск в сеть за отчётный период 15' is: '36 847 701'

16-10-2024T07:01:42 - [MESSAGE][PASSED] - Text of object 'Object Repository/Выполнение бизнес-плана/Выполнение бизнес-плана Балансы/Значения со страницы Выполнение бизнес-плана/Table Data/Факт Отпуск в сеть за отчётный период 15' is: '36 847 701'

16-10-2024T07:01:42 - [TEST_STEP][PASSED] - x = x + "/" + z: null

16-10-2024T07:01:42 - [TEST_STEP][PASSED] - z = getText(findTestObject(path + path2 + "Факт Отпуск из сети за отчётный период " + dZONum)).replaceAll("\s+", ""): Text of object 'Object Repository/Выполнение бизнес-плана/Выполнение бизнес-плана Балансы/Значения со страницы Выполнение бизнес-плана/Table Data/Факт Отпуск из сети за отчётный период 15' is: '34 366 748'

16-10-2024T07:01:42 - [MESSAGE][PASSED] - Text of object 'Object Repository/Выполнение бизнес-плана/Выполнение бизнес-плана Балансы/Значения со страницы Выполнение бизнес-плана/Table Data/Факт Отпуск из сети за отчётный период 15' is: '34 366 748'

16-10-2024T07:01:42 - [TEST_STEP][PASSED] - x = x + "/" + z: null

16-10-2024T07:01:42 - [TEST_STEP][PASSED] - z = getText(findTestObject(path + path2 + "Факт Потери за отчётный период " + dZONum)).replaceAll("\s+", ""): Text of object 'Object Repository/Выполнение бизнес-плана/Выполнение бизнес-плана Балансы/Значения со страницы Выполнение бизнес-плана/Table Data/Факт Потери за отчётный период 15' is: '2 480 953'

16-10-2024T07:01:42 - [MESSAGE][PASSED] - Text of object 'Object Repository/Выполнение бизнес-плана/Выполнение бизнес-плана Балансы/Значения со страницы Выполнение бизнес-плана/Table Data/Факт Потери за отчётный период 15' is: '2 480 953'

16-10-2024T07:01:42 - [TEST_STEP][PASSED] - x = x + "/" + z: null

16-10-2024T07:01:42 - [TEST_STEP][PASSED] - z = getText(findTestObject(path + path2 + "План Отпуск в сеть за отчётный период " + dZONum)).replaceAll("\s+", ""): Text of object 'Object Repository/Выполнение бизнес-плана/Выполнение бизнес-плана Балансы/Значения со страницы Выполнение бизнес-плана/Table Data/План Отпуск в сеть за отчётный период 15' is: '35 372 175'

16-10-2024T07:01:43 - [MESSAGE][PASSED] - Text of object 'Object Repository/Выполнение бизнес-плана/Выполнение бизнес-плана Балансы/Значения со страницы Выполнение бизнес-плана/Table Data/План Отпуск в сеть за отчётный период 15' is: '35 372 175'

16-10-2024T07:01:43 - [TEST_STEP][PASSED] - x = x + "/" + z: null

16-10-2024T07:01:43 - [TEST_STEP][PASSED] - z = getText(findTestObject(path + path2 + "План Отпуск из сети за отчётный период " + dZONum)).replaceAll("\s+", ""): Text of object 'Object Repository/Выполнение бизнес-плана/Выполнение бизнес-плана Балансы/Значения со страницы Выполнение бизнес-плана/Table Data/План Отпуск из сети за отчётный период 15' is: '32 922 490'

16-10-2024T07:01:43 - [MESSAGE][PASSED] - Text of object 'Object Repository/Выполнение бизнес-плана/Выполнение бизнес-плана Балансы/Значения со страницы Выполнение бизнес-плана/Table Data/План Отпуск из сети за отчётный период 15' is: '32 922 490'

16-10-2024T07:01:43 - [TEST_STEP][PASSED] - x = x + "/" + z: null

16-10-2024T07:01:43 - [TEST_STEP][PASSED] - z = getText(findTestObject(path + path2 + "План Потери за отчётный период " + dZONum)).replaceAll("\s+", ""): Text of object 'Object Repository/Выполнение бизнес-плана/Выполнение бизнес-плана Балансы/Значения со страницы Выполнение бизнес-плана/Table Data/План Потери за отчётный период 15' is: '2 449 685'

16-10-2024T07:01:43 - [MESSAGE][PASSED] - Text of object 'Object Repository/Выполнение бизнес-плана/Выполнение бизнес-плана Балансы/Значения со страницы Выполнение бизнес-плана/Table Data/План Потери за отчётный период 15' is: '2 449 685'

16-10-2024T07:01:43 - [TEST_STEP][PASSED] - x = x + "/" + z: null

16-10-2024T07:01:43 - [TEST_STEP][PASSED] - z = getText(findTestObject(path + "Список ДЗО")).replaceAll("[\r?
|
]", "/"): Text of object 'Object Repository/Выполнение бизнес-плана/Выполнение бизнес-плана Балансы/Список ДЗО' is: '-0.19
-0.00
4.08
-0.23
-0.53
0.12
-0.01
3.97
-0.29
-0.09
-0.03
0.08
-0.16
-0.42
-0.19
-0.39
-0.02
Россети ФСКЕЭС
АО«Тываэнерго»
АО«Чеченэнерго»
РоссетиВолга
РоссетиКубань
РоссетиЛенэнерго(ГК)
РоссетиМосковскийрегион
РоссетиСеверныйКавказ
РоссетиСеверо-Запад
РоссетиСибирь
РоссетиТомск
РоссетиТюмень
Россети Урал(ГК)
РоссетиЦентр (ГК)
РоссетиЦентр иПриволжье(ГК)
Россети Юг(ГК)
РоссетиЯнтарь
0
2
4
6
-2
8'

16-10-2024T07:01:44 - [MESSAGE][PASSED] - Text of object 'Object Repository/Выполнение бизнес-плана/Выполнение бизнес-плана Балансы/Список ДЗО' is: '-0.19
-0.00
4.08
-0.23
-0.53
0.12
-0.01
3.97
-0.29
-0.09
-0.03
0.08
-0.16
-0.42
-0.19
-0.39
-0.02
Россети ФСКЕЭС
АО«Тываэнерго»
АО«Чеченэнерго»
РоссетиВолга
РоссетиКубань
РоссетиЛенэнерго(ГК)
РоссетиМосковскийрегион
РоссетиСеверныйКавказ
РоссетиСеверо-Запад
РоссетиСибирь
РоссетиТомск
РоссетиТюмень
Россети Урал(ГК)
РоссетиЦентр (ГК)
РоссетиЦентр иПриволжье(ГК)
Россети Юг(ГК)
РоссетиЯнтарь
0
2
4
6
-2
8'

16-10-2024T07:01:44 - [TEST_STEP][PASSED] - for ([ii = 1, ii < dZONum, (ii++)]): null

16-10-2024T07:01:44 - [TEST_STEP][PASSED] - i1 = z.indexOf("/") + 1: null

16-10-2024T07:01:44 - [TEST_STEP][PASSED] - if (i1 > -1): null

16-10-2024T07:01:44 - [TEST_STEP][PASSED] - z = z.substring(i1, z.length()): null

16-10-2024T07:01:44 - [TEST_STEP][PASSED] - i1 = z.indexOf("/"): null

16-10-2024T07:01:44 - [TEST_STEP][PASSED] - i1 = z.indexOf("/") + 1: null

16-10-2024T07:01:44 - [TEST_STEP][PASSED] - if (i1 > -1): null

16-10-2024T07:01:44 - [TEST_STEP][PASSED] - z = z.substring(i1, z.length()): null

16-10-2024T07:01:44 - [TEST_STEP][PASSED] - i1 = z.indexOf("/"): null

16-10-2024T07:01:44 - [TEST_STEP][PASSED] - i1 = z.indexOf("/") + 1: null

16-10-2024T07:01:44 - [TEST_STEP][PASSED] - if (i1 > -1): null

16-10-2024T07:01:44 - [TEST_STEP][PASSED] - z = z.substring(i1, z.length()): null

16-10-2024T07:01:44 - [TEST_STEP][PASSED] - i1 = z.indexOf("/"): null

16-10-2024T07:01:44 - [TEST_STEP][PASSED] - i1 = z.indexOf("/") + 1: null

16-10-2024T07:01:44 - [TEST_STEP][PASSED] - if (i1 > -1): null

16-10-2024T07:01:44 - [TEST_STEP][PASSED] - z = z.substring(i1, z.length()): null

16-10-2024T07:01:44 - [TEST_STEP][PASSED] - i1 = z.indexOf("/"): null

16-10-2024T07:01:44 - [TEST_STEP][PASSED] - i1 = z.indexOf("/") + 1: null

16-10-2024T07:01:44 - [TEST_STEP][PASSED] - if (i1 > -1): null

16-10-2024T07:01:44 - [TEST_STEP][PASSED] - z = z.substring(i1, z.length()): null

16-10-2024T07:01:44 - [TEST_STEP][PASSED] - i1 = z.indexOf("/"): null

16-10-2024T07:01:44 - [TEST_STEP][PASSED] - i1 = z.indexOf("/") + 1: null

16-10-2024T07:01:44 - [TEST_STEP][PASSED] - if (i1 > -1): null

16-10-2024T07:01:44 - [TEST_STEP][PASSED] - z = z.substring(i1, z.length()): null

16-10-2024T07:01:44 - [TEST_STEP][PASSED] - i1 = z.indexOf("/"): null

16-10-2024T07:01:44 - [TEST_STEP][PASSED] - i1 = z.indexOf("/") + 1: null

16-10-2024T07:01:44 - [TEST_STEP][PASSED] - if (i1 > -1): null

16-10-2024T07:01:44 - [TEST_STEP][PASSED] - z = z.substring(i1, z.length()): null

16-10-2024T07:01:44 - [TEST_STEP][PASSED] - i1 = z.indexOf("/"): null

16-10-2024T07:01:44 - [TEST_STEP][PASSED] - i1 = z.indexOf("/") + 1: null

16-10-2024T07:01:44 - [TEST_STEP][PASSED] - if (i1 > -1): null

16-10-2024T07:01:44 - [TEST_STEP][PASSED] - z = z.substring(i1, z.length()): null

16-10-2024T07:01:44 - [TEST_STEP][PASSED] - i1 = z.indexOf("/"): null

16-10-2024T07:01:44 - [TEST_STEP][PASSED] - i1 = z.indexOf("/") + 1: null

16-10-2024T07:01:44 - [TEST_STEP][PASSED] - if (i1 > -1): null

16-10-2024T07:01:44 - [TEST_STEP][PASSED] - z = z.substring(i1, z.length()): null

16-10-2024T07:01:44 - [TEST_STEP][PASSED] - i1 = z.indexOf("/"): null

16-10-2024T07:01:44 - [TEST_STEP][PASSED] - i1 = z.indexOf("/") + 1: null

16-10-2024T07:01:44 - [TEST_STEP][PASSED] - if (i1 > -1): null

16-10-2024T07:01:44 - [TEST_STEP][PASSED] - z = z.substring(i1, z.length()): null

16-10-2024T07:01:44 - [TEST_STEP][PASSED] - i1 = z.indexOf("/"): null

16-10-2024T07:01:44 - [TEST_STEP][PASSED] - i1 = z.indexOf("/") + 1: null

16-10-2024T07:01:44 - [TEST_STEP][PASSED] - if (i1 > -1): null

16-10-2024T07:01:44 - [TEST_STEP][PASSED] - z = z.substring(i1, z.length()): null

16-10-2024T07:01:44 - [TEST_STEP][PASSED] - i1 = z.indexOf("/"): null

16-10-2024T07:01:44 - [TEST_STEP][PASSED] - i1 = z.indexOf("/") + 1: null

16-10-2024T07:01:44 - [TEST_STEP][PASSED] - if (i1 > -1): null

16-10-2024T07:01:44 - [TEST_STEP][PASSED] - z = z.substring(i1, z.length()): null

16-10-2024T07:01:44 - [TEST_STEP][PASSED] - i1 = z.indexOf("/"): null

16-10-2024T07:01:44 - [TEST_STEP][PASSED] - i1 = z.indexOf("/") + 1: null

16-10-2024T07:01:44 - [TEST_STEP][PASSED] - if (i1 > -1): null

16-10-2024T07:01:44 - [TEST_STEP][PASSED] - z = z.substring(i1, z.length()): null

16-10-2024T07:01:44 - [TEST_STEP][PASSED] - i1 = z.indexOf("/"): null

16-10-2024T07:01:44 - [TEST_STEP][PASSED] - i1 = z.indexOf("/") + 1: null

16-10-2024T07:01:44 - [TEST_STEP][PASSED] - if (i1 > -1): null

16-10-2024T07:01:44 - [TEST_STEP][PASSED] - z = z.substring(i1, z.length()): null

16-10-2024T07:01:44 - [TEST_STEP][PASSED] - i1 = z.indexOf("/"): null

16-10-2024T07:01:44 - [TEST_STEP][PASSED] - i1 = z.indexOf("/"): null

16-10-2024T07:01:44 - [TEST_STEP][PASSED] - if (i1 > -1): null

16-10-2024T07:01:44 - [TEST_STEP][PASSED] - z = z.substring(0, i1): null

16-10-2024T07:01:44 - [TEST_STEP][PASSED] - z = z.replace(",", "."): null

16-10-2024T07:01:44 - [TEST_STEP][PASSED] - println(z): null

16-10-2024T07:01:44 - [TEST_STEP][PASSED] - x = x + "/" + z: null

16-10-2024T07:01:44 - [TEST_STEP][PASSED] - x = x.replaceAll("[\r?
|
]", ""): null

16-10-2024T07:01:44 - [TEST_STEP][PASSED] - println(x): null

16-10-2024T07:01:44 - [TEST_STEP][PASSED] - return x: null

16-10-2024T07:01:44 - [TEST_STEP][PASSED] - println("cIPB: " + cIPB): null

16-10-2024T07:01:44 - [TEST_STEP][PASSED] - i = VseDZO.indexOf("Юг"): null

16-10-2024T07:01:44 - [TEST_STEP][PASSED] - if (i > -1): null

16-10-2024T07:01:44 - [TEST_STEP][PASSED] - dZONum = dZONum + 1: null

16-10-2024T07:01:44 - [TEST_STEP][PASSED] - ugB = GetAllData(path, dZONum, VseDZO, x = "Россети Юг (ГК)/"): null

16-10-2024T07:01:44 - [TEST_STEP][PASSED] - ii = <not implemented yet for class: org.codehaus.groovy.ast.expr.EmptyExpression>: null

16-10-2024T07:01:44 - [TEST_STEP][PASSED] - i1 = <not implemented yet for class: org.codehaus.groovy.ast.expr.EmptyExpression>: null

16-10-2024T07:01:44 - [TEST_STEP][PASSED] - z = <not implemented yet for class: org.codehaus.groovy.ast.expr.EmptyExpression>: null

16-10-2024T07:01:44 - [TEST_STEP][PASSED] - path2 = "Значения со страницы Выполнение бизнес-плана/Table Data/": null

16-10-2024T07:01:44 - [TEST_STEP][PASSED] - println("path: " + path): null

16-10-2024T07:01:44 - [TEST_STEP][PASSED] - println("dZONum: " + dZONum): null

16-10-2024T07:01:44 - [TEST_STEP][PASSED] - z = getText(findTestObject(path + "spanPlan" + dZONum)): Text of object 'Object Repository/Выполнение бизнес-плана/Выполнение бизнес-плана Балансы/spanPlan16' is: '9.28
|'

16-10-2024T07:01:44 - [MESSAGE][PASSED] - Text of object 'Object Repository/Выполнение бизнес-плана/Выполнение бизнес-плана Балансы/spanPlan16' is: '9.28
|'

16-10-2024T07:01:44 - [TEST_STEP][PASSED] - println(z): null

16-10-2024T07:01:44 - [TEST_STEP][PASSED] - ii = z.indexOf("|"): null

16-10-2024T07:01:44 - [TEST_STEP][PASSED] - if (ii > -1): null

16-10-2024T07:01:44 - [TEST_STEP][PASSED] - z = z.substring(0, z.length() - 1): null

16-10-2024T07:01:44 - [TEST_STEP][PASSED] - println(z): null

16-10-2024T07:01:44 - [TEST_STEP][PASSED] - z = z.replaceAll("\s+", ""): null

16-10-2024T07:01:44 - [TEST_STEP][PASSED] - z = z.replace("[\r?
|
]", "/"): null

16-10-2024T07:01:44 - [TEST_STEP][PASSED] - println(z): null

16-10-2024T07:01:44 - [TEST_STEP][PASSED] - x = x + z: null

16-10-2024T07:01:44 - [TEST_STEP][PASSED] - z = getText(findTestObject(path + "spanFact" + dZONum)): Text of object 'Object Repository/Выполнение бизнес-плана/Выполнение бизнес-плана Балансы/spanFact16' is: '8.88'

16-10-2024T07:01:44 - [MESSAGE][PASSED] - Text of object 'Object Repository/Выполнение бизнес-плана/Выполнение бизнес-плана Балансы/spanFact16' is: '8.88'

16-10-2024T07:01:44 - [TEST_STEP][PASSED] - ii = z.indexOf("|"): null

16-10-2024T07:01:44 - [TEST_STEP][PASSED] - if (ii > -1): null

16-10-2024T07:01:44 - [TEST_STEP][PASSED] - x = x + "/" + z: null

16-10-2024T07:01:44 - [TEST_STEP][PASSED] - z = getText(findTestObject(path + path2 + "Факт Отпуск в сеть за отчётный период " + dZONum)).replaceAll("\s+", ""): Text of object 'Object Repository/Выполнение бизнес-плана/Выполнение бизнес-плана Балансы/Значения со страницы Выполнение бизнес-плана/Table Data/Факт Отпуск в сеть за отчётный период 16' is: '20 309 528'

16-10-2024T07:01:45 - [MESSAGE][PASSED] - Text of object 'Object Repository/Выполнение бизнес-плана/Выполнение бизнес-плана Балансы/Значения со страницы Выполнение бизнес-плана/Table Data/Факт Отпуск в сеть за отчётный период 16' is: '20 309 528'

16-10-2024T07:01:45 - [TEST_STEP][PASSED] - x = x + "/" + z: null

16-10-2024T07:01:45 - [TEST_STEP][PASSED] - z = getText(findTestObject(path + path2 + "Факт Отпуск из сети за отчётный период " + dZONum)).replaceAll("\s+", ""): Text of object 'Object Repository/Выполнение бизнес-плана/Выполнение бизнес-плана Балансы/Значения со страницы Выполнение бизнес-плана/Table Data/Факт Отпуск из сети за отчётный период 16' is: '18 505 161'

16-10-2024T07:01:45 - [MESSAGE][PASSED] - Text of object 'Object Repository/Выполнение бизнес-плана/Выполнение бизнес-плана Балансы/Значения со страницы Выполнение бизнес-плана/Table Data/Факт Отпуск из сети за отчётный период 16' is: '18 505 161'

16-10-2024T07:01:45 - [TEST_STEP][PASSED] - x = x + "/" + z: null

16-10-2024T07:01:45 - [TEST_STEP][PASSED] - z = getText(findTestObject(path + path2 + "Факт Потери за отчётный период " + dZONum)).replaceAll("\s+", ""): Text of object 'Object Repository/Выполнение бизнес-плана/Выполнение бизнес-плана Балансы/Значения со страницы Выполнение бизнес-плана/Table Data/Факт Потери за отчётный период 16' is: '1 804 367'

16-10-2024T07:01:45 - [MESSAGE][PASSED] - Text of object 'Object Repository/Выполнение бизнес-плана/Выполнение бизнес-плана Балансы/Значения со страницы Выполнение бизнес-плана/Table Data/Факт Потери за отчётный период 16' is: '1 804 367'

16-10-2024T07:01:45 - [TEST_STEP][PASSED] - x = x + "/" + z: null

16-10-2024T07:01:45 - [TEST_STEP][PASSED] - z = getText(findTestObject(path + path2 + "План Отпуск в сеть за отчётный период " + dZONum)).replaceAll("\s+", ""): Text of object 'Object Repository/Выполнение бизнес-плана/Выполнение бизнес-плана Балансы/Значения со страницы Выполнение бизнес-плана/Table Data/План Отпуск в сеть за отчётный период 16' is: '19 634 178'

16-10-2024T07:01:46 - [MESSAGE][PASSED] - Text of object 'Object Repository/Выполнение бизнес-плана/Выполнение бизнес-плана Балансы/Значения со страницы Выполнение бизнес-плана/Table Data/План Отпуск в сеть за отчётный период 16' is: '19 634 178'

16-10-2024T07:01:46 - [TEST_STEP][PASSED] - x = x + "/" + z: null

16-10-2024T07:01:46 - [TEST_STEP][PASSED] - z = getText(findTestObject(path + path2 + "План Отпуск из сети за отчётный период " + dZONum)).replaceAll("\s+", ""): Text of object 'Object Repository/Выполнение бизнес-плана/Выполнение бизнес-плана Балансы/Значения со страницы Выполнение бизнес-плана/Table Data/План Отпуск из сети за отчётный период 16' is: '17 812 520'

16-10-2024T07:01:46 - [MESSAGE][PASSED] - Text of object 'Object Repository/Выполнение бизнес-плана/Выполнение бизнес-плана Балансы/Значения со страницы Выполнение бизнес-плана/Table Data/План Отпуск из сети за отчётный период 16' is: '17 812 520'

16-10-2024T07:01:46 - [TEST_STEP][PASSED] - x = x + "/" + z: null

16-10-2024T07:01:46 - [TEST_STEP][PASSED] - z = getText(findTestObject(path + path2 + "План Потери за отчётный период " + dZONum)).replaceAll("\s+", ""): Text of object 'Object Repository/Выполнение бизнес-плана/Выполнение бизнес-плана Балансы/Значения со страницы Выполнение бизнес-плана/Table Data/План Потери за отчётный период 16' is: '1 821 658'

16-10-2024T07:01:46 - [MESSAGE][PASSED] - Text of object 'Object Repository/Выполнение бизнес-плана/Выполнение бизнес-плана Балансы/Значения со страницы Выполнение бизнес-плана/Table Data/План Потери за отчётный период 16' is: '1 821 658'

16-10-2024T07:01:46 - [TEST_STEP][PASSED] - x = x + "/" + z: null

16-10-2024T07:01:46 - [TEST_STEP][PASSED] - z = getText(findTestObject(path + "Список ДЗО")).replaceAll("[\r?
|
]", "/"): Text of object 'Object Repository/Выполнение бизнес-плана/Выполнение бизнес-плана Балансы/Список ДЗО' is: '-0.19
-0.00
4.08
-0.23
-0.53
0.12
-0.01
3.97
-0.29
-0.09
-0.03
0.08
-0.16
-0.42
-0.19
-0.39
-0.02
Россети ФСКЕЭС
АО«Тываэнерго»
АО«Чеченэнерго»
РоссетиВолга
РоссетиКубань
РоссетиЛенэнерго(ГК)
РоссетиМосковскийрегион
РоссетиСеверныйКавказ
РоссетиСеверо-Запад
РоссетиСибирь
РоссетиТомск
РоссетиТюмень
Россети Урал(ГК)
РоссетиЦентр (ГК)
РоссетиЦентр иПриволжье(ГК)
Россети Юг(ГК)
РоссетиЯнтарь
0
2
4
6
-2
8'

16-10-2024T07:01:46 - [MESSAGE][PASSED] - Text of object 'Object Repository/Выполнение бизнес-плана/Выполнение бизнес-плана Балансы/Список ДЗО' is: '-0.19
-0.00
4.08
-0.23
-0.53
0.12
-0.01
3.97
-0.29
-0.09
-0.03
0.08
-0.16
-0.42
-0.19
-0.39
-0.02
Россети ФСКЕЭС
АО«Тываэнерго»
АО«Чеченэнерго»
РоссетиВолга
РоссетиКубань
РоссетиЛенэнерго(ГК)
РоссетиМосковскийрегион
РоссетиСеверныйКавказ
РоссетиСеверо-Запад
РоссетиСибирь
РоссетиТомск
РоссетиТюмень
Россети Урал(ГК)
РоссетиЦентр (ГК)
РоссетиЦентр иПриволжье(ГК)
Россети Юг(ГК)
РоссетиЯнтарь
0
2
4
6
-2
8'

16-10-2024T07:01:46 - [TEST_STEP][PASSED] - for ([ii = 1, ii < dZONum, (ii++)]): null

16-10-2024T07:01:46 - [TEST_STEP][PASSED] - i1 = z.indexOf("/") + 1: null

16-10-2024T07:01:46 - [TEST_STEP][PASSED] - if (i1 > -1): null

16-10-2024T07:01:46 - [TEST_STEP][PASSED] - z = z.substring(i1, z.length()): null

16-10-2024T07:01:46 - [TEST_STEP][PASSED] - i1 = z.indexOf("/"): null

16-10-2024T07:01:46 - [TEST_STEP][PASSED] - i1 = z.indexOf("/") + 1: null

16-10-2024T07:01:46 - [TEST_STEP][PASSED] - if (i1 > -1): null

16-10-2024T07:01:46 - [TEST_STEP][PASSED] - z = z.substring(i1, z.length()): null

16-10-2024T07:01:46 - [TEST_STEP][PASSED] - i1 = z.indexOf("/"): null

16-10-2024T07:01:46 - [TEST_STEP][PASSED] - i1 = z.indexOf("/") + 1: null

16-10-2024T07:01:46 - [TEST_STEP][PASSED] - if (i1 > -1): null

16-10-2024T07:01:46 - [TEST_STEP][PASSED] - z = z.substring(i1, z.length()): null

16-10-2024T07:01:46 - [TEST_STEP][PASSED] - i1 = z.indexOf("/"): null

16-10-2024T07:01:46 - [TEST_STEP][PASSED] - i1 = z.indexOf("/") + 1: null

16-10-2024T07:01:46 - [TEST_STEP][PASSED] - if (i1 > -1): null

16-10-2024T07:01:46 - [TEST_STEP][PASSED] - z = z.substring(i1, z.length()): null

16-10-2024T07:01:46 - [TEST_STEP][PASSED] - i1 = z.indexOf("/"): null

16-10-2024T07:01:46 - [TEST_STEP][PASSED] - i1 = z.indexOf("/") + 1: null

16-10-2024T07:01:46 - [TEST_STEP][PASSED] - if (i1 > -1): null

16-10-2024T07:01:46 - [TEST_STEP][PASSED] - z = z.substring(i1, z.length()): null

16-10-2024T07:01:46 - [TEST_STEP][PASSED] - i1 = z.indexOf("/"): null

16-10-2024T07:01:46 - [TEST_STEP][PASSED] - i1 = z.indexOf("/") + 1: null

16-10-2024T07:01:46 - [TEST_STEP][PASSED] - if (i1 > -1): null

16-10-2024T07:01:46 - [TEST_STEP][PASSED] - z = z.substring(i1, z.length()): null

16-10-2024T07:01:46 - [TEST_STEP][PASSED] - i1 = z.indexOf("/"): null

16-10-2024T07:01:46 - [TEST_STEP][PASSED] - i1 = z.indexOf("/") + 1: null

16-10-2024T07:01:46 - [TEST_STEP][PASSED] - if (i1 > -1): null

16-10-2024T07:01:46 - [TEST_STEP][PASSED] - z = z.substring(i1, z.length()): null

16-10-2024T07:01:46 - [TEST_STEP][PASSED] - i1 = z.indexOf("/"): null

16-10-2024T07:01:46 - [TEST_STEP][PASSED] - i1 = z.indexOf("/") + 1: null

16-10-2024T07:01:46 - [TEST_STEP][PASSED] - if (i1 > -1): null

16-10-2024T07:01:46 - [TEST_STEP][PASSED] - z = z.substring(i1, z.length()): null

16-10-2024T07:01:46 - [TEST_STEP][PASSED] - i1 = z.indexOf("/"): null

16-10-2024T07:01:46 - [TEST_STEP][PASSED] - i1 = z.indexOf("/") + 1: null

16-10-2024T07:01:46 - [TEST_STEP][PASSED] - if (i1 > -1): null

16-10-2024T07:01:46 - [TEST_STEP][PASSED] - z = z.substring(i1, z.length()): null

16-10-2024T07:01:46 - [TEST_STEP][PASSED] - i1 = z.indexOf("/"): null

16-10-2024T07:01:46 - [TEST_STEP][PASSED] - i1 = z.indexOf("/") + 1: null

16-10-2024T07:01:46 - [TEST_STEP][PASSED] - if (i1 > -1): null

16-10-2024T07:01:46 - [TEST_STEP][PASSED] - z = z.substring(i1, z.length()): null

16-10-2024T07:01:46 - [TEST_STEP][PASSED] - i1 = z.indexOf("/"): null

16-10-2024T07:01:46 - [TEST_STEP][PASSED] - i1 = z.indexOf("/") + 1: null

16-10-2024T07:01:47 - [TEST_STEP][PASSED] - if (i1 > -1): null

16-10-2024T07:01:47 - [TEST_STEP][PASSED] - z = z.substring(i1, z.length()): null

16-10-2024T07:01:47 - [TEST_STEP][PASSED] - i1 = z.indexOf("/"): null

16-10-2024T07:01:47 - [TEST_STEP][PASSED] - i1 = z.indexOf("/") + 1: null

16-10-2024T07:01:47 - [TEST_STEP][PASSED] - if (i1 > -1): null

16-10-2024T07:01:47 - [TEST_STEP][PASSED] - z = z.substring(i1, z.length()): null

16-10-2024T07:01:47 - [TEST_STEP][PASSED] - i1 = z.indexOf("/"): null

16-10-2024T07:01:47 - [TEST_STEP][PASSED] - i1 = z.indexOf("/") + 1: null

16-10-2024T07:01:47 - [TEST_STEP][PASSED] - if (i1 > -1): null

16-10-2024T07:01:47 - [TEST_STEP][PASSED] - z = z.substring(i1, z.length()): null

16-10-2024T07:01:47 - [TEST_STEP][PASSED] - i1 = z.indexOf("/"): null

16-10-2024T07:01:47 - [TEST_STEP][PASSED] - i1 = z.indexOf("/") + 1: null

16-10-2024T07:01:47 - [TEST_STEP][PASSED] - if (i1 > -1): null

16-10-2024T07:01:47 - [TEST_STEP][PASSED] - z = z.substring(i1, z.length()): null

16-10-2024T07:01:47 - [TEST_STEP][PASSED] - i1 = z.indexOf("/"): null

16-10-2024T07:01:47 - [TEST_STEP][PASSED] - i1 = z.indexOf("/") + 1: null

16-10-2024T07:01:47 - [TEST_STEP][PASSED] - if (i1 > -1): null

16-10-2024T07:01:47 - [TEST_STEP][PASSED] - z = z.substring(i1, z.length()): null

16-10-2024T07:01:47 - [TEST_STEP][PASSED] - i1 = z.indexOf("/"): null

16-10-2024T07:01:47 - [TEST_STEP][PASSED] - i1 = z.indexOf("/"): null

16-10-2024T07:01:47 - [TEST_STEP][PASSED] - if (i1 > -1): null

16-10-2024T07:01:47 - [TEST_STEP][PASSED] - z = z.substring(0, i1): null

16-10-2024T07:01:47 - [TEST_STEP][PASSED] - z = z.replace(",", "."): null

16-10-2024T07:01:47 - [TEST_STEP][PASSED] - println(z): null

16-10-2024T07:01:47 - [TEST_STEP][PASSED] - x = x + "/" + z: null

16-10-2024T07:01:47 - [TEST_STEP][PASSED] - x = x.replaceAll("[\r?
|
]", ""): null

16-10-2024T07:01:47 - [TEST_STEP][PASSED] - println(x): null

16-10-2024T07:01:47 - [TEST_STEP][PASSED] - return x: null

16-10-2024T07:01:47 - [TEST_STEP][PASSED] - println("ugB: " + ugB): null

16-10-2024T07:01:47 - [TEST_STEP][PASSED] - i = VseDZO.indexOf("Янтарь"): null

16-10-2024T07:01:47 - [TEST_STEP][PASSED] - if (i > -1): null

16-10-2024T07:01:47 - [TEST_STEP][PASSED] - dZONum = dZONum + 1: null

16-10-2024T07:01:47 - [TEST_STEP][PASSED] - yB = GetAllData(path, dZONum, VseDZO, x = "Россети Янтарь/"): null

16-10-2024T07:01:47 - [TEST_STEP][PASSED] - ii = <not implemented yet for class: org.codehaus.groovy.ast.expr.EmptyExpression>: null

16-10-2024T07:01:47 - [TEST_STEP][PASSED] - i1 = <not implemented yet for class: org.codehaus.groovy.ast.expr.EmptyExpression>: null

16-10-2024T07:01:47 - [TEST_STEP][PASSED] - z = <not implemented yet for class: org.codehaus.groovy.ast.expr.EmptyExpression>: null

16-10-2024T07:01:47 - [TEST_STEP][PASSED] - path2 = "Значения со страницы Выполнение бизнес-плана/Table Data/": null

16-10-2024T07:01:47 - [TEST_STEP][PASSED] - println("path: " + path): null

16-10-2024T07:01:47 - [TEST_STEP][PASSED] - println("dZONum: " + dZONum): null

16-10-2024T07:01:47 - [TEST_STEP][PASSED] - z = getText(findTestObject(path + "spanPlan" + dZONum)): Text of object 'Object Repository/Выполнение бизнес-плана/Выполнение бизнес-плана Балансы/spanPlan17' is: '8.55
|'

16-10-2024T07:01:47 - [MESSAGE][PASSED] - Text of object 'Object Repository/Выполнение бизнес-плана/Выполнение бизнес-плана Балансы/spanPlan17' is: '8.55
|'

16-10-2024T07:01:47 - [TEST_STEP][PASSED] - println(z): null

16-10-2024T07:01:47 - [TEST_STEP][PASSED] - ii = z.indexOf("|"): null

16-10-2024T07:01:47 - [TEST_STEP][PASSED] - if (ii > -1): null

16-10-2024T07:01:47 - [TEST_STEP][PASSED] - z = z.substring(0, z.length() - 1): null

16-10-2024T07:01:47 - [TEST_STEP][PASSED] - println(z): null

16-10-2024T07:01:47 - [TEST_STEP][PASSED] - z = z.replaceAll("\s+", ""): null

16-10-2024T07:01:47 - [TEST_STEP][PASSED] - z = z.replace("[\r?
|
]", "/"): null

16-10-2024T07:01:47 - [TEST_STEP][PASSED] - println(z): null

16-10-2024T07:01:47 - [TEST_STEP][PASSED] - x = x + z: null

16-10-2024T07:01:47 - [TEST_STEP][PASSED] - z = getText(findTestObject(path + "spanFact" + dZONum)): Text of object 'Object Repository/Выполнение бизнес-плана/Выполнение бизнес-плана Балансы/spanFact17' is: '8.53'

16-10-2024T07:01:47 - [MESSAGE][PASSED] - Text of object 'Object Repository/Выполнение бизнес-плана/Выполнение бизнес-плана Балансы/spanFact17' is: '8.53'

16-10-2024T07:01:47 - [TEST_STEP][PASSED] - ii = z.indexOf("|"): null

16-10-2024T07:01:47 - [TEST_STEP][PASSED] - if (ii > -1): null

16-10-2024T07:01:47 - [TEST_STEP][PASSED] - x = x + "/" + z: null

16-10-2024T07:01:47 - [TEST_STEP][PASSED] - z = getText(findTestObject(path + path2 + "Факт Отпуск в сеть за отчётный период " + dZONum)).replaceAll("\s+", ""): Text of object 'Object Repository/Выполнение бизнес-плана/Выполнение бизнес-плана Балансы/Значения со страницы Выполнение бизнес-плана/Table Data/Факт Отпуск в сеть за отчётный период 17' is: '3 035 937'

16-10-2024T07:01:47 - [MESSAGE][PASSED] - Text of object 'Object Repository/Выполнение бизнес-плана/Выполнение бизнес-плана Балансы/Значения со страницы Выполнение бизнес-плана/Table Data/Факт Отпуск в сеть за отчётный период 17' is: '3 035 937'

16-10-2024T07:01:47 - [TEST_STEP][PASSED] - x = x + "/" + z: null

16-10-2024T07:01:47 - [TEST_STEP][PASSED] - z = getText(findTestObject(path + path2 + "Факт Отпуск из сети за отчётный период " + dZONum)).replaceAll("\s+", ""): Text of object 'Object Repository/Выполнение бизнес-плана/Выполнение бизнес-плана Балансы/Значения со страницы Выполнение бизнес-плана/Table Data/Факт Отпуск из сети за отчётный период 17' is: '2 776 838'

16-10-2024T07:01:48 - [MESSAGE][PASSED] - Text of object 'Object Repository/Выполнение бизнес-плана/Выполнение бизнес-плана Балансы/Значения со страницы Выполнение бизнес-плана/Table Data/Факт Отпуск из сети за отчётный период 17' is: '2 776 838'

16-10-2024T07:01:48 - [TEST_STEP][PASSED] - x = x + "/" + z: null

16-10-2024T07:01:48 - [TEST_STEP][PASSED] - z = getText(findTestObject(path + path2 + "Факт Потери за отчётный период " + dZONum)).replaceAll("\s+", ""): Text of object 'Object Repository/Выполнение бизнес-плана/Выполнение бизнес-плана Балансы/Значения со страницы Выполнение бизнес-плана/Table Data/Факт Потери за отчётный период 17' is: '259 099'

16-10-2024T07:01:48 - [MESSAGE][PASSED] - Text of object 'Object Repository/Выполнение бизнес-плана/Выполнение бизнес-плана Балансы/Значения со страницы Выполнение бизнес-плана/Table Data/Факт Потери за отчётный период 17' is: '259 099'

16-10-2024T07:01:48 - [TEST_STEP][PASSED] - x = x + "/" + z: null

16-10-2024T07:01:48 - [TEST_STEP][PASSED] - z = getText(findTestObject(path + path2 + "План Отпуск в сеть за отчётный период " + dZONum)).replaceAll("\s+", ""): Text of object 'Object Repository/Выполнение бизнес-плана/Выполнение бизнес-плана Балансы/Значения со страницы Выполнение бизнес-плана/Table Data/План Отпуск в сеть за отчётный период 17' is: '2 915 201'

16-10-2024T07:01:48 - [MESSAGE][PASSED] - Text of object 'Object Repository/Выполнение бизнес-плана/Выполнение бизнес-плана Балансы/Значения со страницы Выполнение бизнес-плана/Table Data/План Отпуск в сеть за отчётный период 17' is: '2 915 201'

16-10-2024T07:01:48 - [TEST_STEP][PASSED] - x = x + "/" + z: null

16-10-2024T07:01:48 - [TEST_STEP][PASSED] - z = getText(findTestObject(path + path2 + "План Отпуск из сети за отчётный период " + dZONum)).replaceAll("\s+", ""): Text of object 'Object Repository/Выполнение бизнес-плана/Выполнение бизнес-плана Балансы/Значения со страницы Выполнение бизнес-плана/Table Data/План Отпуск из сети за отчётный период 17' is: '2 665 849'

16-10-2024T07:01:49 - [MESSAGE][PASSED] - Text of object 'Object Repository/Выполнение бизнес-плана/Выполнение бизнес-плана Балансы/Значения со страницы Выполнение бизнес-плана/Table Data/План Отпуск из сети за отчётный период 17' is: '2 665 849'

16-10-2024T07:01:49 - [TEST_STEP][PASSED] - x = x + "/" + z: null

16-10-2024T07:01:49 - [TEST_STEP][PASSED] - z = getText(findTestObject(path + path2 + "План Потери за отчётный период " + dZONum)).replaceAll("\s+", ""): Text of object 'Object Repository/Выполнение бизнес-плана/Выполнение бизнес-плана Балансы/Значения со страницы Выполнение бизнес-плана/Table Data/План Потери за отчётный период 17' is: '249 352'

16-10-2024T07:01:49 - [MESSAGE][PASSED] - Text of object 'Object Repository/Выполнение бизнес-плана/Выполнение бизнес-плана Балансы/Значения со страницы Выполнение бизнес-плана/Table Data/План Потери за отчётный период 17' is: '249 352'

16-10-2024T07:01:49 - [TEST_STEP][PASSED] - x = x + "/" + z: null

16-10-2024T07:01:49 - [TEST_STEP][PASSED] - z = getText(findTestObject(path + "Список ДЗО")).replaceAll("[\r?
|
]", "/"): Text of object 'Object Repository/Выполнение бизнес-плана/Выполнение бизнес-плана Балансы/Список ДЗО' is: '-0.19
-0.00
4.08
-0.23
-0.53
0.12
-0.01
3.97
-0.29
-0.09
-0.03
0.08
-0.16
-0.42
-0.19
-0.39
-0.02
Россети ФСКЕЭС
АО«Тываэнерго»
АО«Чеченэнерго»
РоссетиВолга
РоссетиКубань
РоссетиЛенэнерго(ГК)
РоссетиМосковскийрегион
РоссетиСеверныйКавказ
РоссетиСеверо-Запад
РоссетиСибирь
РоссетиТомск
РоссетиТюмень
Россети Урал(ГК)
РоссетиЦентр (ГК)
РоссетиЦентр иПриволжье(ГК)
Россети Юг(ГК)
РоссетиЯнтарь
0
2
4
6
-2
8'

16-10-2024T07:01:49 - [MESSAGE][PASSED] - Text of object 'Object Repository/Выполнение бизнес-плана/Выполнение бизнес-плана Балансы/Список ДЗО' is: '-0.19
-0.00
4.08
-0.23
-0.53
0.12
-0.01
3.97
-0.29
-0.09
-0.03
0.08
-0.16
-0.42
-0.19
-0.39
-0.02
Россети ФСКЕЭС
АО«Тываэнерго»
АО«Чеченэнерго»
РоссетиВолга
РоссетиКубань
РоссетиЛенэнерго(ГК)
РоссетиМосковскийрегион
РоссетиСеверныйКавказ
РоссетиСеверо-Запад
РоссетиСибирь
РоссетиТомск
РоссетиТюмень
Россети Урал(ГК)
РоссетиЦентр (ГК)
РоссетиЦентр иПриволжье(ГК)
Россети Юг(ГК)
РоссетиЯнтарь
0
2
4
6
-2
8'

16-10-2024T07:01:49 - [TEST_STEP][PASSED] - for ([ii = 1, ii < dZONum, (ii++)]): null

16-10-2024T07:01:49 - [TEST_STEP][PASSED] - i1 = z.indexOf("/") + 1: null

16-10-2024T07:01:49 - [TEST_STEP][PASSED] - if (i1 > -1): null

16-10-2024T07:01:49 - [TEST_STEP][PASSED] - z = z.substring(i1, z.length()): null

16-10-2024T07:01:49 - [TEST_STEP][PASSED] - i1 = z.indexOf("/"): null

16-10-2024T07:01:49 - [TEST_STEP][PASSED] - i1 = z.indexOf("/") + 1: null

16-10-2024T07:01:49 - [TEST_STEP][PASSED] - if (i1 > -1): null

16-10-2024T07:01:49 - [TEST_STEP][PASSED] - z = z.substring(i1, z.length()): null

16-10-2024T07:01:49 - [TEST_STEP][PASSED] - i1 = z.indexOf("/"): null

16-10-2024T07:01:49 - [TEST_STEP][PASSED] - i1 = z.indexOf("/") + 1: null

16-10-2024T07:01:49 - [TEST_STEP][PASSED] - if (i1 > -1): null

16-10-2024T07:01:49 - [TEST_STEP][PASSED] - z = z.substring(i1, z.length()): null

16-10-2024T07:01:49 - [TEST_STEP][PASSED] - i1 = z.indexOf("/"): null

16-10-2024T07:01:49 - [TEST_STEP][PASSED] - i1 = z.indexOf("/") + 1: null

16-10-2024T07:01:49 - [TEST_STEP][PASSED] - if (i1 > -1): null

16-10-2024T07:01:49 - [TEST_STEP][PASSED] - z = z.substring(i1, z.length()): null

16-10-2024T07:01:49 - [TEST_STEP][PASSED] - i1 = z.indexOf("/"): null

16-10-2024T07:01:49 - [TEST_STEP][PASSED] - i1 = z.indexOf("/") + 1: null

16-10-2024T07:01:49 - [TEST_STEP][PASSED] - if (i1 > -1): null

16-10-2024T07:01:49 - [TEST_STEP][PASSED] - z = z.substring(i1, z.length()): null

16-10-2024T07:01:49 - [TEST_STEP][PASSED] - i1 = z.indexOf("/"): null

16-10-2024T07:01:49 - [TEST_STEP][PASSED] - i1 = z.indexOf("/") + 1: null

16-10-2024T07:01:49 - [TEST_STEP][PASSED] - if (i1 > -1): null

16-10-2024T07:01:49 - [TEST_STEP][PASSED] - z = z.substring(i1, z.length()): null

16-10-2024T07:01:49 - [TEST_STEP][PASSED] - i1 = z.indexOf("/"): null

16-10-2024T07:01:49 - [TEST_STEP][PASSED] - i1 = z.indexOf("/") + 1: null

16-10-2024T07:01:49 - [TEST_STEP][PASSED] - if (i1 > -1): null

16-10-2024T07:01:49 - [TEST_STEP][PASSED] - z = z.substring(i1, z.length()): null

16-10-2024T07:01:49 - [TEST_STEP][PASSED] - i1 = z.indexOf("/"): null

16-10-2024T07:01:49 - [TEST_STEP][PASSED] - i1 = z.indexOf("/") + 1: null

16-10-2024T07:01:49 - [TEST_STEP][PASSED] - if (i1 > -1): null

16-10-2024T07:01:49 - [TEST_STEP][PASSED] - z = z.substring(i1, z.length()): null

16-10-2024T07:01:49 - [TEST_STEP][PASSED] - i1 = z.indexOf("/"): null

16-10-2024T07:01:49 - [TEST_STEP][PASSED] - i1 = z.indexOf("/") + 1: null

16-10-2024T07:01:49 - [TEST_STEP][PASSED] - if (i1 > -1): null

16-10-2024T07:01:49 - [TEST_STEP][PASSED] - z = z.substring(i1, z.length()): null

16-10-2024T07:01:49 - [TEST_STEP][PASSED] - i1 = z.indexOf("/"): null

16-10-2024T07:01:49 - [TEST_STEP][PASSED] - i1 = z.indexOf("/") + 1: null

16-10-2024T07:01:49 - [TEST_STEP][PASSED] - if (i1 > -1): null

16-10-2024T07:01:49 - [TEST_STEP][PASSED] - z = z.substring(i1, z.length()): null

16-10-2024T07:01:49 - [TEST_STEP][PASSED] - i1 = z.indexOf("/"): null

16-10-2024T07:01:49 - [TEST_STEP][PASSED] - i1 = z.indexOf("/") + 1: null

16-10-2024T07:01:49 - [TEST_STEP][PASSED] - if (i1 > -1): null

16-10-2024T07:01:49 - [TEST_STEP][PASSED] - z = z.substring(i1, z.length()): null

16-10-2024T07:01:49 - [TEST_STEP][PASSED] - i1 = z.indexOf("/"): null

16-10-2024T07:01:49 - [TEST_STEP][PASSED] - i1 = z.indexOf("/") + 1: null

16-10-2024T07:01:49 - [TEST_STEP][PASSED] - if (i1 > -1): null

16-10-2024T07:01:49 - [TEST_STEP][PASSED] - z = z.substring(i1, z.length()): null

16-10-2024T07:01:49 - [TEST_STEP][PASSED] - i1 = z.indexOf("/"): null

16-10-2024T07:01:49 - [TEST_STEP][PASSED] - i1 = z.indexOf("/") + 1: null

16-10-2024T07:01:49 - [TEST_STEP][PASSED] - if (i1 > -1): null

16-10-2024T07:01:49 - [TEST_STEP][PASSED] - z = z.substring(i1, z.length()): null

16-10-2024T07:01:49 - [TEST_STEP][PASSED] - i1 = z.indexOf("/"): null

16-10-2024T07:01:49 - [TEST_STEP][PASSED] - i1 = z.indexOf("/") + 1: null

16-10-2024T07:01:49 - [TEST_STEP][PASSED] - if (i1 > -1): null

16-10-2024T07:01:49 - [TEST_STEP][PASSED] - z = z.substring(i1, z.length()): null

16-10-2024T07:01:49 - [TEST_STEP][PASSED] - i1 = z.indexOf("/"): null

16-10-2024T07:01:49 - [TEST_STEP][PASSED] - i1 = z.indexOf("/") + 1: null

16-10-2024T07:01:49 - [TEST_STEP][PASSED] - if (i1 > -1): null

16-10-2024T07:01:49 - [TEST_STEP][PASSED] - z = z.substring(i1, z.length()): null

16-10-2024T07:01:49 - [TEST_STEP][PASSED] - i1 = z.indexOf("/"): null

16-10-2024T07:01:49 - [TEST_STEP][PASSED] - i1 = z.indexOf("/") + 1: null

16-10-2024T07:01:49 - [TEST_STEP][PASSED] - if (i1 > -1): null

16-10-2024T07:01:49 - [TEST_STEP][PASSED] - z = z.substring(i1, z.length()): null

16-10-2024T07:01:49 - [TEST_STEP][PASSED] - i1 = z.indexOf("/"): null

16-10-2024T07:01:49 - [TEST_STEP][PASSED] - i1 = z.indexOf("/"): null

16-10-2024T07:01:49 - [TEST_STEP][PASSED] - if (i1 > -1): null

16-10-2024T07:01:49 - [TEST_STEP][PASSED] - z = z.substring(0, i1): null

16-10-2024T07:01:49 - [TEST_STEP][PASSED] - z = z.replace(",", "."): null

16-10-2024T07:01:49 - [TEST_STEP][PASSED] - println(z): null

16-10-2024T07:01:49 - [TEST_STEP][PASSED] - x = x + "/" + z: null

16-10-2024T07:01:49 - [TEST_STEP][PASSED] - x = x.replaceAll("[\r?
|
]", ""): null

16-10-2024T07:01:49 - [TEST_STEP][PASSED] - println(x): null

16-10-2024T07:01:49 - [TEST_STEP][PASSED] - return x: null

16-10-2024T07:01:49 - [TEST_STEP][PASSED] - println("yB: " + yB): null

16-10-2024T07:01:49 - [TEST_STEP][PASSED] - VseDZO = getText(findTestObject(path + "Список ДЗО")): Text of object 'Object Repository/Выполнение бизнес-плана/Выполнение бизнес-плана Балансы/Список ДЗО' is: '-0.19
-0.00
4.08
-0.23
-0.53
0.12
-0.01
3.97
-0.29
-0.09
-0.03
0.08
-0.16
-0.42
-0.19
-0.39
-0.02
Россети ФСКЕЭС
АО«Тываэнерго»
АО«Чеченэнерго»
РоссетиВолга
РоссетиКубань
РоссетиЛенэнерго(ГК)
РоссетиМосковскийрегион
РоссетиСеверныйКавказ
РоссетиСеверо-Запад
РоссетиСибирь
РоссетиТомск
РоссетиТюмень
Россети Урал(ГК)
РоссетиЦентр (ГК)
РоссетиЦентр иПриволжье(ГК)
Россети Юг(ГК)
РоссетиЯнтарь
0
2
4
6
-2
8'

16-10-2024T07:01:50 - [MESSAGE][PASSED] - Text of object 'Object Repository/Выполнение бизнес-плана/Выполнение бизнес-плана Балансы/Список ДЗО' is: '-0.19
-0.00
4.08
-0.23
-0.53
0.12
-0.01
3.97
-0.29
-0.09
-0.03
0.08
-0.16
-0.42
-0.19
-0.39
-0.02
Россети ФСКЕЭС
АО«Тываэнерго»
АО«Чеченэнерго»
РоссетиВолга
РоссетиКубань
РоссетиЛенэнерго(ГК)
РоссетиМосковскийрегион
РоссетиСеверныйКавказ
РоссетиСеверо-Запад
РоссетиСибирь
РоссетиТомск
РоссетиТюмень
Россети Урал(ГК)
РоссетиЦентр (ГК)
РоссетиЦентр иПриволжье(ГК)
Россети Юг(ГК)
РоссетиЯнтарь
0
2
4
6
-2
8'

16-10-2024T07:01:50 - [TEST_STEP][FAILED] - if (blockNum == 2): null

16-10-2024T07:01:50 - [TEST_STEP][FAILED] - if (verifyEqual(pRR, pRB) == false): null

16-10-2024T07:01:50 - [MESSAGE][FAILED] - Unable to verify equal between actual object 'ПАО Россети/5.34/5.33/173160932/157395559/15765373/168375483/153752770/14622713' and expected object 'ПАО Россети/5.78/8.04/419480850/386421198/33059652/814505033/767407346/47097688' (Root cause: com.kms.katalon.core.exception.StepFailedException: Actual object 'ПАО Россети/5.34/5.33/173160932/157395559/15765373/168375483/153752770/14622713' and expected object 'ПАО Россети/5.78/8.04/419480850/386421198/33059652/814505033/767407346/47097688' are not equal
	at com.kms.katalon.core.keyword.builtin.VerifyEqualKeyword$_verifyEqual_closure1.doCall(VerifyEqualKeyword.groovy:58)
	at com.kms.katalon.core.keyword.builtin.VerifyEqualKeyword$_verifyEqual_closure1.call(VerifyEqualKeyword.groovy)
	at com.kms.katalon.core.keyword.internal.KeywordMain.runKeyword(KeywordMain.groovy:75)
	at com.kms.katalon.core.keyword.builtin.VerifyEqualKeyword.verifyEqual(VerifyEqualKeyword.groovy:63)
	at com.kms.katalon.core.keyword.builtin.VerifyEqualKeyword.execute(VerifyEqualKeyword.groovy:44)
	at com.kms.katalon.core.keyword.internal.KeywordExecutor.executeKeywordForPlatform(KeywordExecutor.groovy:74)
	at com.kms.katalon.core.keyword.BuiltinKeywords.verifyEqual(BuiltinKeywords.groovy:146)
	at java.base/jdk.internal.reflect.NativeMethodAccessorImpl.invoke0(Native Method)
	at java.base/jdk.internal.reflect.NativeMethodAccessorImpl.invoke(NativeMethodAccessorImpl.java:77)
	at java.base/jdk.internal.reflect.DelegatingMethodAccessorImpl.invoke(DelegatingMethodAccessorImpl.java:43)
	at Выполнение бизнес-плана сверка дашбордов.run(Выполнение бизнес-плана сверка дашбордов:577)
	at com.kms.katalon.core.main.ScriptEngine.run(ScriptEngine.java:194)
	at com.kms.katalon.core.main.ScriptEngine.runScriptAsRawText(ScriptEngine.java:119)
	at com.kms.katalon.core.main.TestCaseExecutor.runScript(TestCaseExecutor.java:448)
	at com.kms.katalon.core.main.TestCaseExecutor.doExecute(TestCaseExecutor.java:439)
	at com.kms.katalon.core.main.TestCaseExecutor.processExecutionPhase(TestCaseExecutor.java:418)
	at com.kms.katalon.core.main.TestCaseExecutor.accessMainPhase(TestCaseExecutor.java:410)
	at com.kms.katalon.core.main.TestCaseExecutor.execute(TestCaseExecutor.java:285)
	at com.kms.katalon.core.common.CommonExecutor.accessTestCaseMainPhase(CommonExecutor.java:65)
	at com.kms.katalon.core.main.TestSuiteExecutor.accessTestSuiteMainPhase(TestSuiteExecutor.java:150)
	at com.kms.katalon.core.main.TestSuiteExecutor.execute(TestSuiteExecutor.java:106)
	at com.kms.katalon.core.main.TestCaseMain.startTestSuite(TestCaseMain.java:180)
	at TempTestSuite1729050801829.run(TempTestSuite1729050801829.groovy:35)
	at java.base/jdk.internal.reflect.NativeMethodAccessorImpl.invoke0(Native Method)
	at java.base/jdk.internal.reflect.NativeMethodAccessorImpl.invoke(NativeMethodAccessorImpl.java:77)
	at java.base/jdk.internal.reflect.DelegatingMethodAccessorImpl.invoke(DelegatingMethodAccessorImpl.java:43)
)

16-10-2024T07:01:50 - [TEST_STEP][PASSED] - result = CompareDZOData(a = pRR, b = pRB, dZO, typeOfData, PercPlanR, PercPlanB, PercFactR, PercFactB, todaysDate, x, vidget, tabR, tabB, o1R, o1B): null

16-10-2024T07:01:50 - [TEST_STEP][PASSED] - ii2 = <not implemented yet for class: org.codehaus.groovy.ast.expr.EmptyExpression>: null

16-10-2024T07:01:50 - [TEST_STEP][FAILED] - if (verifyEqual(a, b) == false): null

16-10-2024T07:01:50 - [MESSAGE][FAILED] - Unable to verify equal between actual object 'ПАО Россети/5.34/5.33/173160932/157395559/15765373/168375483/153752770/14622713' and expected object 'ПАО Россети/5.78/8.04/419480850/386421198/33059652/814505033/767407346/47097688' (Root cause: com.kms.katalon.core.exception.StepFailedException: Actual object 'ПАО Россети/5.34/5.33/173160932/157395559/15765373/168375483/153752770/14622713' and expected object 'ПАО Россети/5.78/8.04/419480850/386421198/33059652/814505033/767407346/47097688' are not equal
	at com.kms.katalon.core.keyword.builtin.VerifyEqualKeyword$_verifyEqual_closure1.doCall(VerifyEqualKeyword.groovy:58)
	at com.kms.katalon.core.keyword.builtin.VerifyEqualKeyword$_verifyEqual_closure1.call(VerifyEqualKeyword.groovy)
	at com.kms.katalon.core.keyword.internal.KeywordMain.runKeyword(KeywordMain.groovy:75)
	at com.kms.katalon.core.keyword.builtin.VerifyEqualKeyword.verifyEqual(VerifyEqualKeyword.groovy:63)
	at com.kms.katalon.core.keyword.builtin.VerifyEqualKeyword.execute(VerifyEqualKeyword.groovy:44)
	at com.kms.katalon.core.keyword.internal.KeywordExecutor.executeKeywordForPlatform(KeywordExecutor.groovy:74)
	at com.kms.katalon.core.keyword.BuiltinKeywords.verifyEqual(BuiltinKeywords.groovy:146)
	at java.base/jdk.internal.reflect.NativeMethodAccessorImpl.invoke0(Native Method)
	at java.base/jdk.internal.reflect.NativeMethodAccessorImpl.invoke(NativeMethodAccessorImpl.java:77)
	at java.base/jdk.internal.reflect.DelegatingMethodAccessorImpl.invoke(DelegatingMethodAccessorImpl.java:43)
	at Выполнение бизнес-плана сверка дашбордов.CompareDZOData(Выполнение бизнес-плана сверка дашбордов:673)
	at Выполнение бизнес-плана сверка дашбордов.run(Выполнение бизнес-плана сверка дашбордов:578)
	at com.kms.katalon.core.main.ScriptEngine.run(ScriptEngine.java:194)
	at com.kms.katalon.core.main.ScriptEngine.runScriptAsRawText(ScriptEngine.java:119)
	at com.kms.katalon.core.main.TestCaseExecutor.runScript(TestCaseExecutor.java:448)
	at com.kms.katalon.core.main.TestCaseExecutor.doExecute(TestCaseExecutor.java:439)
	at com.kms.katalon.core.main.TestCaseExecutor.processExecutionPhase(TestCaseExecutor.java:418)
	at com.kms.katalon.core.main.TestCaseExecutor.accessMainPhase(TestCaseExecutor.java:410)
	at com.kms.katalon.core.main.TestCaseExecutor.execute(TestCaseExecutor.java:285)
	at com.kms.katalon.core.common.CommonExecutor.accessTestCaseMainPhase(CommonExecutor.java:65)
	at com.kms.katalon.core.main.TestSuiteExecutor.accessTestSuiteMainPhase(TestSuiteExecutor.java:150)
	at com.kms.katalon.core.main.TestSuiteExecutor.execute(TestSuiteExecutor.java:106)
	at com.kms.katalon.core.main.TestCaseMain.startTestSuite(TestCaseMain.java:180)
	at TempTestSuite1729050801829.run(TempTestSuite1729050801829.groovy:35)
	at java.base/jdk.internal.reflect.NativeMethodAccessorImpl.invoke0(Native Method)
	at java.base/jdk.internal.reflect.NativeMethodAccessorImpl.invoke(NativeMethodAccessorImpl.java:77)
	at java.base/jdk.internal.reflect.DelegatingMethodAccessorImpl.invoke(DelegatingMethodAccessorImpl.java:43)
)

16-10-2024T07:01:50 - [TEST_STEP][PASSED] - vidget = "Уровень потерь электроэнергии": null

16-10-2024T07:01:50 - [TEST_STEP][PASSED] - typeOfData = "План": null

16-10-2024T07:01:50 - [TEST_STEP][PASSED] - PercPlanR = GetPercPlanR(x = a): null

16-10-2024T07:01:50 - [TEST_STEP][PASSED] - i1 = <not implemented yet for class: org.codehaus.groovy.ast.expr.EmptyExpression>: null

16-10-2024T07:01:50 - [TEST_STEP][PASSED] - i1 = x.indexOf("/") + 1: null

16-10-2024T07:01:50 - [TEST_STEP][PASSED] - if (i1 > -1): null

16-10-2024T07:01:50 - [TEST_STEP][PASSED] - x = x.substring(i1, x.length()): null

16-10-2024T07:01:50 - [TEST_STEP][PASSED] - i1 = x.indexOf("/"): null

16-10-2024T07:01:50 - [TEST_STEP][PASSED] - if (i1 > -1): null

16-10-2024T07:01:50 - [TEST_STEP][PASSED] - x = x.substring(0, i1): null

16-10-2024T07:01:50 - [TEST_STEP][PASSED] - return x: null

16-10-2024T07:01:50 - [TEST_STEP][PASSED] - PercPlanB = GetPercPlanB(x = b): null

16-10-2024T07:01:50 - [TEST_STEP][PASSED] - i1 = <not implemented yet for class: org.codehaus.groovy.ast.expr.EmptyExpression>: null

16-10-2024T07:01:50 - [TEST_STEP][PASSED] - i1 = x.indexOf("/") + 1: null

16-10-2024T07:01:50 - [TEST_STEP][PASSED] - if (i1 > -1): null

16-10-2024T07:01:50 - [TEST_STEP][PASSED] - x = x.substring(i1, x.length()): null

16-10-2024T07:01:50 - [TEST_STEP][PASSED] - i1 = x.indexOf("/"): null

16-10-2024T07:01:50 - [TEST_STEP][PASSED] - if (i1 > -1): null

16-10-2024T07:01:50 - [TEST_STEP][PASSED] - x = x.substring(0, i1): null

16-10-2024T07:01:50 - [TEST_STEP][FAILED] - return x: null

16-10-2024T07:01:50 - [TEST_STEP][FAILED] - if (verifyEqual(PercPlanR, PercPlanB) == false): null

16-10-2024T07:01:50 - [MESSAGE][FAILED] - Unable to verify equal between actual object '5.34' and expected object '5.78' (Root cause: com.kms.katalon.core.exception.StepFailedException: Actual object '5.34' and expected object '5.78' are not equal
	at com.kms.katalon.core.keyword.builtin.VerifyEqualKeyword$_verifyEqual_closure1.doCall(VerifyEqualKeyword.groovy:58)
	at com.kms.katalon.core.keyword.builtin.VerifyEqualKeyword$_verifyEqual_closure1.call(VerifyEqualKeyword.groovy)
	at com.kms.katalon.core.keyword.internal.KeywordMain.runKeyword(KeywordMain.groovy:75)
	at com.kms.katalon.core.keyword.builtin.VerifyEqualKeyword.verifyEqual(VerifyEqualKeyword.groovy:63)
	at com.kms.katalon.core.keyword.builtin.VerifyEqualKeyword.execute(VerifyEqualKeyword.groovy:44)
	at com.kms.katalon.core.keyword.internal.KeywordExecutor.executeKeywordForPlatform(KeywordExecutor.groovy:74)
	at com.kms.katalon.core.keyword.BuiltinKeywords.verifyEqual(BuiltinKeywords.groovy:146)
	at java.base/jdk.internal.reflect.NativeMethodAccessorImpl.invoke0(Native Method)
	at java.base/jdk.internal.reflect.NativeMethodAccessorImpl.invoke(NativeMethodAccessorImpl.java:77)
	at java.base/jdk.internal.reflect.DelegatingMethodAccessorImpl.invoke(DelegatingMethodAccessorImpl.java:43)
	at Выполнение бизнес-плана сверка дашбордов.CompareDZOData(Выполнение бизнес-плана сверка дашбордов:682)
	at Выполнение бизнес-плана сверка дашбордов.run(Выполнение бизнес-плана сверка дашбордов:578)
	at com.kms.katalon.core.main.ScriptEngine.run(ScriptEngine.java:194)
	at com.kms.katalon.core.main.ScriptEngine.runScriptAsRawText(ScriptEngine.java:119)
	at com.kms.katalon.core.main.TestCaseExecutor.runScript(TestCaseExecutor.java:448)
	at com.kms.katalon.core.main.TestCaseExecutor.doExecute(TestCaseExecutor.java:439)
	at com.kms.katalon.core.main.TestCaseExecutor.processExecutionPhase(TestCaseExecutor.java:418)
	at com.kms.katalon.core.main.TestCaseExecutor.accessMainPhase(TestCaseExecutor.java:410)
	at com.kms.katalon.core.main.TestCaseExecutor.execute(TestCaseExecutor.java:285)
	at com.kms.katalon.core.common.CommonExecutor.accessTestCaseMainPhase(CommonExecutor.java:65)
	at com.kms.katalon.core.main.TestSuiteExecutor.accessTestSuiteMainPhase(TestSuiteExecutor.java:150)
	at com.kms.katalon.core.main.TestSuiteExecutor.execute(TestSuiteExecutor.java:106)
	at com.kms.katalon.core.main.TestCaseMain.startTestSuite(TestCaseMain.java:180)
	at TempTestSuite1729050801829.run(TempTestSuite1729050801829.groovy:35)
	at java.base/jdk.internal.reflect.NativeMethodAccessorImpl.invoke0(Native Method)
	at java.base/jdk.internal.reflect.NativeMethodAccessorImpl.invoke(NativeMethodAccessorImpl.java:77)
	at java.base/jdk.internal.reflect.DelegatingMethodAccessorImpl.invoke(DelegatingMethodAccessorImpl.java:43)
)

16-10-2024T07:01:50 - [TEST_STEP][PASSED] - result = WriteToExcel(typeOfData, todaysDate, PercPlanR, PercPlanB, PercFactR, PercFactB, x, tabR, tabB, o1R, o1B, vidget): null

16-10-2024T07:01:50 - [TEST_STEP][PASSED] - iii = dZO.indexOf("/"): null

16-10-2024T07:01:50 - [TEST_STEP][PASSED] - println(iii): null

16-10-2024T07:01:50 - [TEST_STEP][PASSED] - dZO = dZO.substring(0, iii): null

16-10-2024T07:01:50 - [TEST_STEP][PASSED] - println(dZO): null

16-10-2024T07:01:50 - [TEST_STEP][PASSED] - println(PercPlanR): null

16-10-2024T07:01:50 - [TEST_STEP][PASSED] - println(PercPlanB): null

16-10-2024T07:01:50 - [TEST_STEP][PASSED] - println(PercFactR): null

16-10-2024T07:01:50 - [TEST_STEP][PASSED] - println(PercFactB): null

16-10-2024T07:01:50 - [TEST_STEP][PASSED] - println(tabR): null

16-10-2024T07:01:50 - [TEST_STEP][PASSED] - println(tabB): null

16-10-2024T07:01:50 - [TEST_STEP][PASSED] - println(o1R): null

16-10-2024T07:01:50 - [TEST_STEP][PASSED] - println(o1B): null

16-10-2024T07:01:50 - [TEST_STEP][PASSED] - PR = <not implemented yet for class: org.codehaus.groovy.ast.expr.EmptyExpression>: null

16-10-2024T07:01:50 - [TEST_STEP][PASSED] - FR = <not implemented yet for class: org.codehaus.groovy.ast.expr.EmptyExpression>: null

16-10-2024T07:01:50 - [TEST_STEP][PASSED] - PB = <not implemented yet for class: org.codehaus.groovy.ast.expr.EmptyExpression>: null

16-10-2024T07:01:50 - [TEST_STEP][PASSED] - FB = <not implemented yet for class: org.codehaus.groovy.ast.expr.EmptyExpression>: null

16-10-2024T07:01:50 - [TEST_STEP][PASSED] - TR = <not implemented yet for class: org.codehaus.groovy.ast.expr.EmptyExpression>: null

16-10-2024T07:01:50 - [TEST_STEP][PASSED] - TB = <not implemented yet for class: org.codehaus.groovy.ast.expr.EmptyExpression>: null

16-10-2024T07:01:50 - [TEST_STEP][PASSED] - sheetName = "Sheet1": null

16-10-2024T07:01:50 - [TEST_STEP][PASSED] - data = findTestData("PlanFact"): null

16-10-2024T07:01:50 - [TEST_STEP][PASSED] - n = data.getRowNumbers() + 1: null

16-10-2024T07:01:50 - [TEST_STEP][PASSED] - year = todaysDate.substring(todaysDate.length() - 4, todaysDate.length()): null

16-10-2024T07:01:50 - [TEST_STEP][PASSED] - y = year.toInteger(): null

16-10-2024T07:01:50 - [TEST_STEP][PASSED] - m = getText(findTestObject("Выполнение бизнес-плана/Выполнение бизнес-плана Балансы/Фильтр Дата")): Text of object 'Object Repository/Выполнение бизнес-плана/Выполнение бизнес-плана Балансы/Фильтр Дата' is: '1, 2 кв., Июль, Август 2024 года'

16-10-2024T07:01:50 - [MESSAGE][PASSED] - Text of object 'Object Repository/Выполнение бизнес-плана/Выполнение бизнес-плана Балансы/Фильтр Дата' is: '1, 2 кв., Июль, Август 2024 года'

16-10-2024T07:01:50 - [TEST_STEP][PASSED] - m = m.substring(0, m.indexOf("2024")): null

16-10-2024T07:01:50 - [TEST_STEP][PASSED] - m = m.trim(): null

16-10-2024T07:01:50 - [TEST_STEP][PASSED] - dashboardName = "Выполнение бизнес-плана": null

16-10-2024T07:01:50 - [TEST_STEP][PASSED] - workbook01 = getWorkbook(excelFilePath): null

16-10-2024T07:01:50 - [TEST_STEP][PASSED] - sheet01 = getExcelSheet(workbook01, sheetName): null

16-10-2024T07:01:50 - [TEST_STEP][PASSED] - setValueToCellByIndex(sheet01, n, 0, dashboardName): null

16-10-2024T07:01:50 - [TEST_STEP][PASSED] - setValueToCellByIndex(sheet01, n, 1, dZO): null

16-10-2024T07:01:50 - [TEST_STEP][PASSED] - setValueToCellByIndex(sheet01, n, 2, typeOfData): null

16-10-2024T07:01:50 - [TEST_STEP][PASSED] - setValueToCellByIndex(sheet01, n, 3, typeOfData): null

16-10-2024T07:01:50 - [TEST_STEP][PASSED] - if (typeOfData == "План"): null

16-10-2024T07:01:50 - [TEST_STEP][PASSED] - if (PercPlanR == null): null

16-10-2024T07:01:50 - [TEST_STEP][PASSED] - else: null

16-10-2024T07:01:50 - [TEST_STEP][PASSED] - if (PercPlanR == "нет данных"): null

16-10-2024T07:01:50 - [TEST_STEP][PASSED] - else: null

16-10-2024T07:01:50 - [TEST_STEP][PASSED] - PR = PercPlanR.toDouble(): null

16-10-2024T07:01:50 - [TEST_STEP][PASSED] - setValueToCellByIndex(sheet01, n, 4, PR): null

16-10-2024T07:01:50 - [TEST_STEP][PASSED] - if (PercPlanB == null): null

16-10-2024T07:01:50 - [TEST_STEP][PASSED] - else: null

16-10-2024T07:01:50 - [TEST_STEP][PASSED] - if (PercPlanB == "нет данных"): null

16-10-2024T07:01:50 - [TEST_STEP][PASSED] - else: null

16-10-2024T07:01:50 - [TEST_STEP][PASSED] - PB = PercPlanB.toDouble(): null

16-10-2024T07:01:50 - [TEST_STEP][PASSED] - setValueToCellByIndex(sheet01, n, 5, PB): null

16-10-2024T07:01:50 - [TEST_STEP][PASSED] - setValueToCellByIndex(sheet01, n, 6, m): null

16-10-2024T07:01:50 - [TEST_STEP][PASSED] - setValueToCellByIndex(sheet01, n, 7, y): null

16-10-2024T07:01:50 - [TEST_STEP][PASSED] - setValueToCellByIndex(sheet01, n, 8, todaysDate): null

16-10-2024T07:01:50 - [TEST_STEP][PASSED] - n = n + 1: null

16-10-2024T07:01:50 - [TEST_STEP][PASSED] - saveWorkbook(excelFilePath, workbook01): null

16-10-2024T07:01:51 - [TEST_STEP][PASSED] - typeOfData = "Факт": null

16-10-2024T07:01:51 - [TEST_STEP][PASSED] - PercFactR = GetPercFactR(x = a): null

16-10-2024T07:01:51 - [TEST_STEP][PASSED] - i1 = <not implemented yet for class: org.codehaus.groovy.ast.expr.EmptyExpression>: null

16-10-2024T07:01:51 - [TEST_STEP][PASSED] - ii = <not implemented yet for class: org.codehaus.groovy.ast.expr.EmptyExpression>: null

16-10-2024T07:01:51 - [TEST_STEP][PASSED] - for ([ii = 1, ii < 3, (ii++)]): null

16-10-2024T07:01:51 - [TEST_STEP][PASSED] - i1 = x.indexOf("/") + 1: null

16-10-2024T07:01:51 - [TEST_STEP][PASSED] - if (i1 > -1): null

16-10-2024T07:01:51 - [TEST_STEP][PASSED] - x = x.substring(i1, x.length()): null

16-10-2024T07:01:51 - [TEST_STEP][PASSED] - println(x): null

16-10-2024T07:01:51 - [TEST_STEP][PASSED] - i1 = x.indexOf("/") + 1: null

16-10-2024T07:01:51 - [TEST_STEP][PASSED] - if (i1 > -1): null

16-10-2024T07:01:51 - [TEST_STEP][PASSED] - x = x.substring(i1, x.length()): null

16-10-2024T07:01:51 - [TEST_STEP][PASSED] - println(x): null

16-10-2024T07:01:51 - [TEST_STEP][PASSED] - i1 = x.indexOf("/"): null

16-10-2024T07:01:51 - [TEST_STEP][PASSED] - if (i1 > -1): null

16-10-2024T07:01:51 - [TEST_STEP][PASSED] - x = x.substring(0, i1): null

16-10-2024T07:01:51 - [TEST_STEP][PASSED] - println(x): null

16-10-2024T07:01:51 - [TEST_STEP][PASSED] - return x: null

16-10-2024T07:01:51 - [TEST_STEP][PASSED] - PercFactB = GetPercFactB(x = b): null

16-10-2024T07:01:51 - [TEST_STEP][PASSED] - i1 = <not implemented yet for class: org.codehaus.groovy.ast.expr.EmptyExpression>: null

16-10-2024T07:01:51 - [TEST_STEP][PASSED] - ii = <not implemented yet for class: org.codehaus.groovy.ast.expr.EmptyExpression>: null

16-10-2024T07:01:51 - [TEST_STEP][PASSED] - for ([ii = 1, ii < 3, (ii++)]): null

16-10-2024T07:01:51 - [TEST_STEP][PASSED] - i1 = x.indexOf("/") + 1: null

16-10-2024T07:01:51 - [TEST_STEP][PASSED] - if (i1 > -1): null

16-10-2024T07:01:51 - [TEST_STEP][PASSED] - x = x.substring(i1, x.length()): null

16-10-2024T07:01:51 - [TEST_STEP][PASSED] - println(x): null

16-10-2024T07:01:51 - [TEST_STEP][PASSED] - i1 = x.indexOf("/") + 1: null

16-10-2024T07:01:51 - [TEST_STEP][PASSED] - if (i1 > -1): null

16-10-2024T07:01:51 - [TEST_STEP][PASSED] - x = x.substring(i1, x.length()): null

16-10-2024T07:01:51 - [TEST_STEP][PASSED] - println(x): null

16-10-2024T07:01:51 - [TEST_STEP][PASSED] - i1 = x.indexOf("/"): null

16-10-2024T07:01:51 - [TEST_STEP][PASSED] - if (i1 > -1): null

16-10-2024T07:01:51 - [TEST_STEP][PASSED] - x = x.substring(0, i1): null

16-10-2024T07:01:51 - [TEST_STEP][PASSED] - println(x): null

16-10-2024T07:01:51 - [TEST_STEP][FAILED] - return x: null

16-10-2024T07:01:51 - [TEST_STEP][FAILED] - if (verifyEqual(PercFactR, PercFactB) == false): null

16-10-2024T07:01:51 - [MESSAGE][FAILED] - Unable to verify equal between actual object '5.33' and expected object '8.04' (Root cause: com.kms.katalon.core.exception.StepFailedException: Actual object '5.33' and expected object '8.04' are not equal
	at com.kms.katalon.core.keyword.builtin.VerifyEqualKeyword$_verifyEqual_closure1.doCall(VerifyEqualKeyword.groovy:58)
	at com.kms.katalon.core.keyword.builtin.VerifyEqualKeyword$_verifyEqual_closure1.call(VerifyEqualKeyword.groovy)
	at com.kms.katalon.core.keyword.internal.KeywordMain.runKeyword(KeywordMain.groovy:75)
	at com.kms.katalon.core.keyword.builtin.VerifyEqualKeyword.verifyEqual(VerifyEqualKeyword.groovy:63)
	at com.kms.katalon.core.keyword.builtin.VerifyEqualKeyword.execute(VerifyEqualKeyword.groovy:44)
	at com.kms.katalon.core.keyword.internal.KeywordExecutor.executeKeywordForPlatform(KeywordExecutor.groovy:74)
	at com.kms.katalon.core.keyword.BuiltinKeywords.verifyEqual(BuiltinKeywords.groovy:146)
	at java.base/jdk.internal.reflect.NativeMethodAccessorImpl.invoke0(Native Method)
	at java.base/jdk.internal.reflect.NativeMethodAccessorImpl.invoke(NativeMethodAccessorImpl.java:77)
	at java.base/jdk.internal.reflect.DelegatingMethodAccessorImpl.invoke(DelegatingMethodAccessorImpl.java:43)
	at Выполнение бизнес-плана сверка дашбордов.CompareDZOData(Выполнение бизнес-плана сверка дашбордов:693)
	at Выполнение бизнес-плана сверка дашбордов.run(Выполнение бизнес-плана сверка дашбордов:578)
	at com.kms.katalon.core.main.ScriptEngine.run(ScriptEngine.java:194)
	at com.kms.katalon.core.main.ScriptEngine.runScriptAsRawText(ScriptEngine.java:119)
	at com.kms.katalon.core.main.TestCaseExecutor.runScript(TestCaseExecutor.java:448)
	at com.kms.katalon.core.main.TestCaseExecutor.doExecute(TestCaseExecutor.java:439)
	at com.kms.katalon.core.main.TestCaseExecutor.processExecutionPhase(TestCaseExecutor.java:418)
	at com.kms.katalon.core.main.TestCaseExecutor.accessMainPhase(TestCaseExecutor.java:410)
	at com.kms.katalon.core.main.TestCaseExecutor.execute(TestCaseExecutor.java:285)
	at com.kms.katalon.core.common.CommonExecutor.accessTestCaseMainPhase(CommonExecutor.java:65)
	at com.kms.katalon.core.main.TestSuiteExecutor.accessTestSuiteMainPhase(TestSuiteExecutor.java:150)
	at com.kms.katalon.core.main.TestSuiteExecutor.execute(TestSuiteExecutor.java:106)
	at com.kms.katalon.core.main.TestCaseMain.startTestSuite(TestCaseMain.java:180)
	at TempTestSuite1729050801829.run(TempTestSuite1729050801829.groovy:35)
	at java.base/jdk.internal.reflect.NativeMethodAccessorImpl.invoke0(Native Method)
	at java.base/jdk.internal.reflect.NativeMethodAccessorImpl.invoke(NativeMethodAccessorImpl.java:77)
	at java.base/jdk.internal.reflect.DelegatingMethodAccessorImpl.invoke(DelegatingMethodAccessorImpl.java:43)
)

16-10-2024T07:01:51 - [TEST_STEP][PASSED] - result = WriteToExcel(typeOfData, todaysDate, PercPlanR, PercPlanB, PercFactR, PercFactB, x, tabR, tabB, o1R, o1B, vidget): null

16-10-2024T07:01:51 - [TEST_STEP][PASSED] - iii = dZO.indexOf("/"): null

16-10-2024T07:01:51 - [TEST_STEP][PASSED] - println(iii): null

16-10-2024T07:01:51 - [TEST_STEP][PASSED] - dZO = dZO.substring(0, iii): null

16-10-2024T07:01:51 - [TEST_STEP][PASSED] - println(dZO): null

16-10-2024T07:01:51 - [TEST_STEP][PASSED] - println(PercPlanR): null

16-10-2024T07:01:51 - [TEST_STEP][PASSED] - println(PercPlanB): null

16-10-2024T07:01:51 - [TEST_STEP][PASSED] - println(PercFactR): null

16-10-2024T07:01:51 - [TEST_STEP][PASSED] - println(PercFactB): null

16-10-2024T07:01:51 - [TEST_STEP][PASSED] - println(tabR): null

16-10-2024T07:01:51 - [TEST_STEP][PASSED] - println(tabB): null

16-10-2024T07:01:51 - [TEST_STEP][PASSED] - println(o1R): null

16-10-2024T07:01:51 - [TEST_STEP][PASSED] - println(o1B): null

16-10-2024T07:01:51 - [TEST_STEP][PASSED] - PR = <not implemented yet for class: org.codehaus.groovy.ast.expr.EmptyExpression>: null

16-10-2024T07:01:51 - [TEST_STEP][PASSED] - FR = <not implemented yet for class: org.codehaus.groovy.ast.expr.EmptyExpression>: null

16-10-2024T07:01:51 - [TEST_STEP][PASSED] - PB = <not implemented yet for class: org.codehaus.groovy.ast.expr.EmptyExpression>: null

16-10-2024T07:01:51 - [TEST_STEP][PASSED] - FB = <not implemented yet for class: org.codehaus.groovy.ast.expr.EmptyExpression>: null

16-10-2024T07:01:51 - [TEST_STEP][PASSED] - TR = <not implemented yet for class: org.codehaus.groovy.ast.expr.EmptyExpression>: null

16-10-2024T07:01:51 - [TEST_STEP][PASSED] - TB = <not implemented yet for class: org.codehaus.groovy.ast.expr.EmptyExpression>: null

16-10-2024T07:01:51 - [TEST_STEP][PASSED] - sheetName = "Sheet1": null

16-10-2024T07:01:51 - [TEST_STEP][PASSED] - data = findTestData("PlanFact"): null

16-10-2024T07:01:51 - [TEST_STEP][PASSED] - n = data.getRowNumbers() + 1: null

16-10-2024T07:01:51 - [TEST_STEP][PASSED] - year = todaysDate.substring(todaysDate.length() - 4, todaysDate.length()): null

16-10-2024T07:01:51 - [TEST_STEP][PASSED] - y = year.toInteger(): null

16-10-2024T07:01:51 - [TEST_STEP][PASSED] - m = getText(findTestObject("Выполнение бизнес-плана/Выполнение бизнес-плана Балансы/Фильтр Дата")): Text of object 'Object Repository/Выполнение бизнес-плана/Выполнение бизнес-плана Балансы/Фильтр Дата' is: '1, 2 кв., Июль, Август 2024 года'

16-10-2024T07:01:51 - [MESSAGE][PASSED] - Text of object 'Object Repository/Выполнение бизнес-плана/Выполнение бизнес-плана Балансы/Фильтр Дата' is: '1, 2 кв., Июль, Август 2024 года'

16-10-2024T07:01:51 - [TEST_STEP][PASSED] - m = m.substring(0, m.indexOf("2024")): null

16-10-2024T07:01:51 - [TEST_STEP][PASSED] - m = m.trim(): null

16-10-2024T07:01:51 - [TEST_STEP][PASSED] - dashboardName = "Выполнение бизнес-плана": null

16-10-2024T07:01:51 - [TEST_STEP][PASSED] - workbook01 = getWorkbook(excelFilePath): null

16-10-2024T07:01:51 - [TEST_STEP][PASSED] - sheet01 = getExcelSheet(workbook01, sheetName): null

16-10-2024T07:01:51 - [TEST_STEP][PASSED] - setValueToCellByIndex(sheet01, n, 0, dashboardName): null

16-10-2024T07:01:51 - [TEST_STEP][PASSED] - setValueToCellByIndex(sheet01, n, 1, dZO): null

16-10-2024T07:01:51 - [TEST_STEP][PASSED] - setValueToCellByIndex(sheet01, n, 2, typeOfData): null

16-10-2024T07:01:51 - [TEST_STEP][PASSED] - setValueToCellByIndex(sheet01, n, 3, typeOfData): null

16-10-2024T07:01:51 - [TEST_STEP][PASSED] - if (typeOfData == "План"): null

16-10-2024T07:01:51 - [TEST_STEP][PASSED] - else if (typeOfData == "Факт"): null

16-10-2024T07:01:51 - [TEST_STEP][PASSED] - if (PercFactR == null): null

16-10-2024T07:01:51 - [TEST_STEP][PASSED] - else: null

16-10-2024T07:01:51 - [TEST_STEP][PASSED] - if (PercFactR == "нет данных"): null

16-10-2024T07:01:51 - [TEST_STEP][PASSED] - else: null

16-10-2024T07:01:51 - [TEST_STEP][PASSED] - FR = PercFactR.toDouble(): null

16-10-2024T07:01:51 - [TEST_STEP][PASSED] - setValueToCellByIndex(sheet01, n, 4, FR): null

16-10-2024T07:01:51 - [TEST_STEP][PASSED] - if (PercFactB == null): null

16-10-2024T07:01:51 - [TEST_STEP][PASSED] - else: null

16-10-2024T07:01:51 - [TEST_STEP][PASSED] - if (PercFactB == "нет данных"): null

16-10-2024T07:01:51 - [TEST_STEP][PASSED] - else: null

16-10-2024T07:01:51 - [TEST_STEP][PASSED] - FB = PercFactB.toDouble(): null

16-10-2024T07:01:51 - [TEST_STEP][PASSED] - setValueToCellByIndex(sheet01, n, 5, FB): null

16-10-2024T07:01:51 - [TEST_STEP][PASSED] - setValueToCellByIndex(sheet01, n, 6, m): null

16-10-2024T07:01:51 - [TEST_STEP][PASSED] - setValueToCellByIndex(sheet01, n, 7, y): null

16-10-2024T07:01:51 - [TEST_STEP][PASSED] - setValueToCellByIndex(sheet01, n, 8, todaysDate): null

16-10-2024T07:01:51 - [TEST_STEP][PASSED] - n = n + 1: null

16-10-2024T07:01:51 - [TEST_STEP][PASSED] - saveWorkbook(excelFilePath, workbook01): null

16-10-2024T07:01:52 - [TEST_STEP][PASSED] - vidget = "Показатели баланса электроэнергии по ДЗО – Факт": null

16-10-2024T07:01:52 - [TEST_STEP][PASSED] - typeOfData = "Факт Отпуск в сеть": null

16-10-2024T07:01:52 - [TEST_STEP][PASSED] - tabR = GetOvSFactR(x = a): null

16-10-2024T07:01:52 - [TEST_STEP][PASSED] - i1 = <not implemented yet for class: org.codehaus.groovy.ast.expr.EmptyExpression>: null

16-10-2024T07:01:52 - [TEST_STEP][PASSED] - ii = <not implemented yet for class: org.codehaus.groovy.ast.expr.EmptyExpression>: null

16-10-2024T07:01:52 - [TEST_STEP][PASSED] - for ([ii = 1, ii < 4, (ii++)]): null

16-10-2024T07:01:52 - [TEST_STEP][PASSED] - i1 = x.indexOf("/") + 1: null

16-10-2024T07:01:52 - [TEST_STEP][PASSED] - if (i1 > -1): null

16-10-2024T07:01:52 - [TEST_STEP][PASSED] - x = x.substring(i1, x.length()): null

16-10-2024T07:01:52 - [TEST_STEP][PASSED] - println(x): null

16-10-2024T07:01:52 - [TEST_STEP][PASSED] - i1 = x.indexOf("/") + 1: null

16-10-2024T07:01:52 - [TEST_STEP][PASSED] - if (i1 > -1): null

16-10-2024T07:01:52 - [TEST_STEP][PASSED] - x = x.substring(i1, x.length()): null

16-10-2024T07:01:52 - [TEST_STEP][PASSED] - println(x): null

16-10-2024T07:01:52 - [TEST_STEP][PASSED] - i1 = x.indexOf("/") + 1: null

16-10-2024T07:01:52 - [TEST_STEP][PASSED] - if (i1 > -1): null

16-10-2024T07:01:52 - [TEST_STEP][PASSED] - x = x.substring(i1, x.length()): null

16-10-2024T07:01:52 - [TEST_STEP][PASSED] - println(x): null

16-10-2024T07:01:52 - [TEST_STEP][PASSED] - i1 = x.indexOf("/"): null

16-10-2024T07:01:52 - [TEST_STEP][PASSED] - if (i1 > -1): null

16-10-2024T07:01:52 - [TEST_STEP][PASSED] - x = x.substring(0, i1): null

16-10-2024T07:01:52 - [TEST_STEP][PASSED] - println(x): null

16-10-2024T07:01:52 - [TEST_STEP][PASSED] - return x: null

16-10-2024T07:01:52 - [TEST_STEP][PASSED] - tabB = GetOvSFactB(x = b): null

16-10-2024T07:01:52 - [TEST_STEP][PASSED] - i1 = <not implemented yet for class: org.codehaus.groovy.ast.expr.EmptyExpression>: null

16-10-2024T07:01:52 - [TEST_STEP][PASSED] - ii = <not implemented yet for class: org.codehaus.groovy.ast.expr.EmptyExpression>: null

16-10-2024T07:01:52 - [TEST_STEP][PASSED] - for ([ii = 1, ii < 4, (ii++)]): null

16-10-2024T07:01:52 - [TEST_STEP][PASSED] - i1 = x.indexOf("/") + 1: null

16-10-2024T07:01:52 - [TEST_STEP][PASSED] - if (i1 > -1): null

16-10-2024T07:01:52 - [TEST_STEP][PASSED] - x = x.substring(i1, x.length()): null

16-10-2024T07:01:52 - [TEST_STEP][PASSED] - println(x): null

16-10-2024T07:01:52 - [TEST_STEP][PASSED] - i1 = x.indexOf("/") + 1: null

16-10-2024T07:01:52 - [TEST_STEP][PASSED] - if (i1 > -1): null

16-10-2024T07:01:52 - [TEST_STEP][PASSED] - x = x.substring(i1, x.length()): null

16-10-2024T07:01:52 - [TEST_STEP][PASSED] - println(x): null

16-10-2024T07:01:52 - [TEST_STEP][PASSED] - i1 = x.indexOf("/") + 1: null

16-10-2024T07:01:52 - [TEST_STEP][PASSED] - if (i1 > -1): null

16-10-2024T07:01:52 - [TEST_STEP][PASSED] - x = x.substring(i1, x.length()): null

16-10-2024T07:01:52 - [TEST_STEP][PASSED] - println(x): null

16-10-2024T07:01:52 - [TEST_STEP][PASSED] - i1 = x.indexOf("/"): null

16-10-2024T07:01:52 - [TEST_STEP][PASSED] - if (i1 > -1): null

16-10-2024T07:01:52 - [TEST_STEP][PASSED] - x = x.substring(0, i1): null

16-10-2024T07:01:52 - [TEST_STEP][PASSED] - println(x): null

16-10-2024T07:01:52 - [TEST_STEP][FAILED] - return x: null

16-10-2024T07:01:52 - [TEST_STEP][FAILED] - if (verifyEqual(tabR, tabB) == false): null

16-10-2024T07:01:52 - [MESSAGE][FAILED] - Unable to verify equal between actual object '173160932' and expected object '419480850' (Root cause: com.kms.katalon.core.exception.StepFailedException: Actual object '173160932' and expected object '419480850' are not equal
	at com.kms.katalon.core.keyword.builtin.VerifyEqualKeyword$_verifyEqual_closure1.doCall(VerifyEqualKeyword.groovy:58)
	at com.kms.katalon.core.keyword.builtin.VerifyEqualKeyword$_verifyEqual_closure1.call(VerifyEqualKeyword.groovy)
	at com.kms.katalon.core.keyword.internal.KeywordMain.runKeyword(KeywordMain.groovy:75)
	at com.kms.katalon.core.keyword.builtin.VerifyEqualKeyword.verifyEqual(VerifyEqualKeyword.groovy:63)
	at com.kms.katalon.core.keyword.builtin.VerifyEqualKeyword.execute(VerifyEqualKeyword.groovy:44)
	at com.kms.katalon.core.keyword.internal.KeywordExecutor.executeKeywordForPlatform(KeywordExecutor.groovy:74)
	at com.kms.katalon.core.keyword.BuiltinKeywords.verifyEqual(BuiltinKeywords.groovy:146)
	at java.base/jdk.internal.reflect.NativeMethodAccessorImpl.invoke0(Native Method)
	at java.base/jdk.internal.reflect.NativeMethodAccessorImpl.invoke(NativeMethodAccessorImpl.java:77)
	at java.base/jdk.internal.reflect.DelegatingMethodAccessorImpl.invoke(DelegatingMethodAccessorImpl.java:43)
	at Выполнение бизнес-плана сверка дашбордов.CompareDZOData(Выполнение бизнес-плана сверка дашбордов:706)
	at Выполнение бизнес-плана сверка дашбордов.run(Выполнение бизнес-плана сверка дашбордов:578)
	at com.kms.katalon.core.main.ScriptEngine.run(ScriptEngine.java:194)
	at com.kms.katalon.core.main.ScriptEngine.runScriptAsRawText(ScriptEngine.java:119)
	at com.kms.katalon.core.main.TestCaseExecutor.runScript(TestCaseExecutor.java:448)
	at com.kms.katalon.core.main.TestCaseExecutor.doExecute(TestCaseExecutor.java:439)
	at com.kms.katalon.core.main.TestCaseExecutor.processExecutionPhase(TestCaseExecutor.java:418)
	at com.kms.katalon.core.main.TestCaseExecutor.accessMainPhase(TestCaseExecutor.java:410)
	at com.kms.katalon.core.main.TestCaseExecutor.execute(TestCaseExecutor.java:285)
	at com.kms.katalon.core.common.CommonExecutor.accessTestCaseMainPhase(CommonExecutor.java:65)
	at com.kms.katalon.core.main.TestSuiteExecutor.accessTestSuiteMainPhase(TestSuiteExecutor.java:150)
	at com.kms.katalon.core.main.TestSuiteExecutor.execute(TestSuiteExecutor.java:106)
	at com.kms.katalon.core.main.TestCaseMain.startTestSuite(TestCaseMain.java:180)
	at TempTestSuite1729050801829.run(TempTestSuite1729050801829.groovy:35)
	at java.base/jdk.internal.reflect.NativeMethodAccessorImpl.invoke0(Native Method)
	at java.base/jdk.internal.reflect.NativeMethodAccessorImpl.invoke(NativeMethodAccessorImpl.java:77)
	at java.base/jdk.internal.reflect.DelegatingMethodAccessorImpl.invoke(DelegatingMethodAccessorImpl.java:43)
)

16-10-2024T07:01:52 - [TEST_STEP][PASSED] - result = WriteToExcel(typeOfData, todaysDate, PercPlanR, PercPlanB, PercFactR, PercFactB, x, tabR, tabB, o1R, o1B, vidget): null

16-10-2024T07:01:52 - [TEST_STEP][PASSED] - iii = dZO.indexOf("/"): null

16-10-2024T07:01:52 - [TEST_STEP][PASSED] - println(iii): null

16-10-2024T07:01:52 - [TEST_STEP][PASSED] - dZO = dZO.substring(0, iii): null

16-10-2024T07:01:52 - [TEST_STEP][PASSED] - println(dZO): null

16-10-2024T07:01:52 - [TEST_STEP][PASSED] - println(PercPlanR): null

16-10-2024T07:01:52 - [TEST_STEP][PASSED] - println(PercPlanB): null

16-10-2024T07:01:52 - [TEST_STEP][PASSED] - println(PercFactR): null

16-10-2024T07:01:52 - [TEST_STEP][PASSED] - println(PercFactB): null

16-10-2024T07:01:52 - [TEST_STEP][PASSED] - println(tabR): null

16-10-2024T07:01:52 - [TEST_STEP][PASSED] - println(tabB): null

16-10-2024T07:01:52 - [TEST_STEP][PASSED] - println(o1R): null

16-10-2024T07:01:52 - [TEST_STEP][PASSED] - println(o1B): null

16-10-2024T07:01:52 - [TEST_STEP][PASSED] - PR = <not implemented yet for class: org.codehaus.groovy.ast.expr.EmptyExpression>: null

16-10-2024T07:01:52 - [TEST_STEP][PASSED] - FR = <not implemented yet for class: org.codehaus.groovy.ast.expr.EmptyExpression>: null

16-10-2024T07:01:52 - [TEST_STEP][PASSED] - PB = <not implemented yet for class: org.codehaus.groovy.ast.expr.EmptyExpression>: null

16-10-2024T07:01:52 - [TEST_STEP][PASSED] - FB = <not implemented yet for class: org.codehaus.groovy.ast.expr.EmptyExpression>: null

16-10-2024T07:01:52 - [TEST_STEP][PASSED] - TR = <not implemented yet for class: org.codehaus.groovy.ast.expr.EmptyExpression>: null

16-10-2024T07:01:52 - [TEST_STEP][PASSED] - TB = <not implemented yet for class: org.codehaus.groovy.ast.expr.EmptyExpression>: null

16-10-2024T07:01:52 - [TEST_STEP][PASSED] - sheetName = "Sheet1": null

16-10-2024T07:01:52 - [TEST_STEP][PASSED] - data = findTestData("PlanFact"): null

16-10-2024T07:01:52 - [TEST_STEP][PASSED] - n = data.getRowNumbers() + 1: null

16-10-2024T07:01:52 - [TEST_STEP][PASSED] - year = todaysDate.substring(todaysDate.length() - 4, todaysDate.length()): null

16-10-2024T07:01:52 - [TEST_STEP][PASSED] - y = year.toInteger(): null

16-10-2024T07:01:52 - [TEST_STEP][PASSED] - m = getText(findTestObject("Выполнение бизнес-плана/Выполнение бизнес-плана Балансы/Фильтр Дата")): Text of object 'Object Repository/Выполнение бизнес-плана/Выполнение бизнес-плана Балансы/Фильтр Дата' is: '1, 2 кв., Июль, Август 2024 года'

16-10-2024T07:01:52 - [MESSAGE][PASSED] - Text of object 'Object Repository/Выполнение бизнес-плана/Выполнение бизнес-плана Балансы/Фильтр Дата' is: '1, 2 кв., Июль, Август 2024 года'

16-10-2024T07:01:52 - [TEST_STEP][PASSED] - m = m.substring(0, m.indexOf("2024")): null

16-10-2024T07:01:52 - [TEST_STEP][PASSED] - m = m.trim(): null

16-10-2024T07:01:52 - [TEST_STEP][PASSED] - dashboardName = "Выполнение бизнес-плана": null

16-10-2024T07:01:52 - [TEST_STEP][PASSED] - workbook01 = getWorkbook(excelFilePath): null

16-10-2024T07:01:52 - [TEST_STEP][PASSED] - sheet01 = getExcelSheet(workbook01, sheetName): null

16-10-2024T07:01:52 - [TEST_STEP][PASSED] - setValueToCellByIndex(sheet01, n, 0, dashboardName): null

16-10-2024T07:01:52 - [TEST_STEP][PASSED] - setValueToCellByIndex(sheet01, n, 1, dZO): null

16-10-2024T07:01:52 - [TEST_STEP][PASSED] - setValueToCellByIndex(sheet01, n, 2, typeOfData): null

16-10-2024T07:01:52 - [TEST_STEP][PASSED] - setValueToCellByIndex(sheet01, n, 3, typeOfData): null

16-10-2024T07:01:52 - [TEST_STEP][PASSED] - if (typeOfData == "План"): null

16-10-2024T07:01:52 - [TEST_STEP][PASSED] - else if (typeOfData == "Факт"): null

16-10-2024T07:01:52 - [TEST_STEP][PASSED] - else if (vidget.contains("электроэнергии") == true): null

16-10-2024T07:01:52 - [TEST_STEP][PASSED] - if (tabR == null): null

16-10-2024T07:01:52 - [TEST_STEP][PASSED] - else: null

16-10-2024T07:01:52 - [TEST_STEP][PASSED] - if (tabR == "нет данных"): null

16-10-2024T07:01:52 - [TEST_STEP][PASSED] - else: null

16-10-2024T07:01:52 - [TEST_STEP][PASSED] - TR = tabR.toInteger(): null

16-10-2024T07:01:52 - [TEST_STEP][PASSED] - setValueToCellByIndex(sheet01, n, 4, TR): null

16-10-2024T07:01:52 - [TEST_STEP][PASSED] - if (tabB == null): null

16-10-2024T07:01:52 - [TEST_STEP][PASSED] - else: null

16-10-2024T07:01:52 - [TEST_STEP][PASSED] - if (tabB == "нет данных"): null

16-10-2024T07:01:52 - [TEST_STEP][PASSED] - else: null

16-10-2024T07:01:52 - [TEST_STEP][PASSED] - TB = tabB.toInteger(): null

16-10-2024T07:01:52 - [TEST_STEP][PASSED] - setValueToCellByIndex(sheet01, n, 5, TB): null

16-10-2024T07:01:52 - [TEST_STEP][PASSED] - setValueToCellByIndex(sheet01, n, 6, m): null

16-10-2024T07:01:52 - [TEST_STEP][PASSED] - setValueToCellByIndex(sheet01, n, 7, y): null

16-10-2024T07:01:52 - [TEST_STEP][PASSED] - setValueToCellByIndex(sheet01, n, 8, todaysDate): null

16-10-2024T07:01:52 - [TEST_STEP][PASSED] - n = n + 1: null

16-10-2024T07:01:52 - [TEST_STEP][PASSED] - saveWorkbook(excelFilePath, workbook01): null

16-10-2024T07:01:52 - [TEST_STEP][PASSED] - typeOfData = "Факт Отпуск из сети": null

16-10-2024T07:01:52 - [TEST_STEP][PASSED] - tabR = GetOiSFactR(x = a): null

16-10-2024T07:01:52 - [TEST_STEP][PASSED] - i1 = <not implemented yet for class: org.codehaus.groovy.ast.expr.EmptyExpression>: null

16-10-2024T07:01:52 - [TEST_STEP][PASSED] - ii = <not implemented yet for class: org.codehaus.groovy.ast.expr.EmptyExpression>: null

16-10-2024T07:01:52 - [TEST_STEP][PASSED] - for ([ii = 1, ii < 5, (ii++)]): null

16-10-2024T07:01:52 - [TEST_STEP][PASSED] - i1 = x.indexOf("/") + 1: null

16-10-2024T07:01:52 - [TEST_STEP][PASSED] - if (i1 > -1): null

16-10-2024T07:01:52 - [TEST_STEP][PASSED] - x = x.substring(i1, x.length()): null

16-10-2024T07:01:52 - [TEST_STEP][PASSED] - println(x): null

16-10-2024T07:01:52 - [TEST_STEP][PASSED] - i1 = x.indexOf("/") + 1: null

16-10-2024T07:01:52 - [TEST_STEP][PASSED] - if (i1 > -1): null

16-10-2024T07:01:52 - [TEST_STEP][PASSED] - x = x.substring(i1, x.length()): null

16-10-2024T07:01:52 - [TEST_STEP][PASSED] - println(x): null

16-10-2024T07:01:52 - [TEST_STEP][PASSED] - i1 = x.indexOf("/") + 1: null

16-10-2024T07:01:52 - [TEST_STEP][PASSED] - if (i1 > -1): null

16-10-2024T07:01:52 - [TEST_STEP][PASSED] - x = x.substring(i1, x.length()): null

16-10-2024T07:01:52 - [TEST_STEP][PASSED] - println(x): null

16-10-2024T07:01:52 - [TEST_STEP][PASSED] - i1 = x.indexOf("/") + 1: null

16-10-2024T07:01:52 - [TEST_STEP][PASSED] - if (i1 > -1): null

16-10-2024T07:01:52 - [TEST_STEP][PASSED] - x = x.substring(i1, x.length()): null

16-10-2024T07:01:52 - [TEST_STEP][PASSED] - println(x): null

16-10-2024T07:01:52 - [TEST_STEP][PASSED] - i1 = x.indexOf("/"): null

16-10-2024T07:01:52 - [TEST_STEP][PASSED] - if (i1 > -1): null

16-10-2024T07:01:52 - [TEST_STEP][PASSED] - x = x.substring(0, i1): null

16-10-2024T07:01:52 - [TEST_STEP][PASSED] - println(x): null

16-10-2024T07:01:52 - [TEST_STEP][PASSED] - return x: null

16-10-2024T07:01:52 - [TEST_STEP][PASSED] - tabB = GetOiSFactB(x = b): null

16-10-2024T07:01:52 - [TEST_STEP][PASSED] - i1 = <not implemented yet for class: org.codehaus.groovy.ast.expr.EmptyExpression>: null

16-10-2024T07:01:52 - [TEST_STEP][PASSED] - ii = <not implemented yet for class: org.codehaus.groovy.ast.expr.EmptyExpression>: null

16-10-2024T07:01:52 - [TEST_STEP][PASSED] - for ([ii = 1, ii < 5, (ii++)]): null

16-10-2024T07:01:52 - [TEST_STEP][PASSED] - i1 = x.indexOf("/") + 1: null

16-10-2024T07:01:52 - [TEST_STEP][PASSED] - if (i1 > -1): null

16-10-2024T07:01:52 - [TEST_STEP][PASSED] - x = x.substring(i1, x.length()): null

16-10-2024T07:01:52 - [TEST_STEP][PASSED] - println(x): null

16-10-2024T07:01:52 - [TEST_STEP][PASSED] - i1 = x.indexOf("/") + 1: null

16-10-2024T07:01:52 - [TEST_STEP][PASSED] - if (i1 > -1): null

16-10-2024T07:01:52 - [TEST_STEP][PASSED] - x = x.substring(i1, x.length()): null

16-10-2024T07:01:52 - [TEST_STEP][PASSED] - println(x): null

16-10-2024T07:01:52 - [TEST_STEP][PASSED] - i1 = x.indexOf("/") + 1: null

16-10-2024T07:01:52 - [TEST_STEP][PASSED] - if (i1 > -1): null

16-10-2024T07:01:52 - [TEST_STEP][PASSED] - x = x.substring(i1, x.length()): null

16-10-2024T07:01:52 - [TEST_STEP][PASSED] - println(x): null

16-10-2024T07:01:52 - [TEST_STEP][PASSED] - i1 = x.indexOf("/") + 1: null

16-10-2024T07:01:52 - [TEST_STEP][PASSED] - if (i1 > -1): null

16-10-2024T07:01:52 - [TEST_STEP][PASSED] - x = x.substring(i1, x.length()): null

16-10-2024T07:01:52 - [TEST_STEP][PASSED] - println(x): null

16-10-2024T07:01:52 - [TEST_STEP][PASSED] - i1 = x.indexOf("/"): null

16-10-2024T07:01:52 - [TEST_STEP][PASSED] - if (i1 > -1): null

16-10-2024T07:01:52 - [TEST_STEP][PASSED] - x = x.substring(0, i1): null

16-10-2024T07:01:52 - [TEST_STEP][PASSED] - println(x): null

16-10-2024T07:01:52 - [TEST_STEP][FAILED] - return x: null

16-10-2024T07:01:52 - [TEST_STEP][FAILED] - if (verifyEqual(tabR, tabB) == false): null

16-10-2024T07:01:52 - [MESSAGE][FAILED] - Unable to verify equal between actual object '157395559' and expected object '386421198' (Root cause: com.kms.katalon.core.exception.StepFailedException: Actual object '157395559' and expected object '386421198' are not equal
	at com.kms.katalon.core.keyword.builtin.VerifyEqualKeyword$_verifyEqual_closure1.doCall(VerifyEqualKeyword.groovy:58)
	at com.kms.katalon.core.keyword.builtin.VerifyEqualKeyword$_verifyEqual_closure1.call(VerifyEqualKeyword.groovy)
	at com.kms.katalon.core.keyword.internal.KeywordMain.runKeyword(KeywordMain.groovy:75)
	at com.kms.katalon.core.keyword.builtin.VerifyEqualKeyword.verifyEqual(VerifyEqualKeyword.groovy:63)
	at com.kms.katalon.core.keyword.builtin.VerifyEqualKeyword.execute(VerifyEqualKeyword.groovy:44)
	at com.kms.katalon.core.keyword.internal.KeywordExecutor.executeKeywordForPlatform(KeywordExecutor.groovy:74)
	at com.kms.katalon.core.keyword.BuiltinKeywords.verifyEqual(BuiltinKeywords.groovy:146)
	at java.base/jdk.internal.reflect.NativeMethodAccessorImpl.invoke0(Native Method)
	at java.base/jdk.internal.reflect.NativeMethodAccessorImpl.invoke(NativeMethodAccessorImpl.java:77)
	at java.base/jdk.internal.reflect.DelegatingMethodAccessorImpl.invoke(DelegatingMethodAccessorImpl.java:43)
	at Выполнение бизнес-плана сверка дашбордов.CompareDZOData(Выполнение бизнес-плана сверка дашбордов:717)
	at Выполнение бизнес-плана сверка дашбордов.run(Выполнение бизнес-плана сверка дашбордов:578)
	at com.kms.katalon.core.main.ScriptEngine.run(ScriptEngine.java:194)
	at com.kms.katalon.core.main.ScriptEngine.runScriptAsRawText(ScriptEngine.java:119)
	at com.kms.katalon.core.main.TestCaseExecutor.runScript(TestCaseExecutor.java:448)
	at com.kms.katalon.core.main.TestCaseExecutor.doExecute(TestCaseExecutor.java:439)
	at com.kms.katalon.core.main.TestCaseExecutor.processExecutionPhase(TestCaseExecutor.java:418)
	at com.kms.katalon.core.main.TestCaseExecutor.accessMainPhase(TestCaseExecutor.java:410)
	at com.kms.katalon.core.main.TestCaseExecutor.execute(TestCaseExecutor.java:285)
	at com.kms.katalon.core.common.CommonExecutor.accessTestCaseMainPhase(CommonExecutor.java:65)
	at com.kms.katalon.core.main.TestSuiteExecutor.accessTestSuiteMainPhase(TestSuiteExecutor.java:150)
	at com.kms.katalon.core.main.TestSuiteExecutor.execute(TestSuiteExecutor.java:106)
	at com.kms.katalon.core.main.TestCaseMain.startTestSuite(TestCaseMain.java:180)
	at TempTestSuite1729050801829.run(TempTestSuite1729050801829.groovy:35)
	at java.base/jdk.internal.reflect.NativeMethodAccessorImpl.invoke0(Native Method)
	at java.base/jdk.internal.reflect.NativeMethodAccessorImpl.invoke(NativeMethodAccessorImpl.java:77)
	at java.base/jdk.internal.reflect.DelegatingMethodAccessorImpl.invoke(DelegatingMethodAccessorImpl.java:43)
)

16-10-2024T07:01:52 - [TEST_STEP][PASSED] - result = WriteToExcel(typeOfData, todaysDate, PercPlanR, PercPlanB, PercFactR, PercFactB, x, tabR, tabB, o1R, o1B, vidget): null

16-10-2024T07:01:52 - [TEST_STEP][PASSED] - iii = dZO.indexOf("/"): null

16-10-2024T07:01:52 - [TEST_STEP][PASSED] - println(iii): null

16-10-2024T07:01:52 - [TEST_STEP][PASSED] - dZO = dZO.substring(0, iii): null

16-10-2024T07:01:52 - [TEST_STEP][PASSED] - println(dZO): null

16-10-2024T07:01:52 - [TEST_STEP][PASSED] - println(PercPlanR): null

16-10-2024T07:01:52 - [TEST_STEP][PASSED] - println(PercPlanB): null

16-10-2024T07:01:52 - [TEST_STEP][PASSED] - println(PercFactR): null

16-10-2024T07:01:52 - [TEST_STEP][PASSED] - println(PercFactB): null

16-10-2024T07:01:52 - [TEST_STEP][PASSED] - println(tabR): null

16-10-2024T07:01:52 - [TEST_STEP][PASSED] - println(tabB): null

16-10-2024T07:01:52 - [TEST_STEP][PASSED] - println(o1R): null

16-10-2024T07:01:52 - [TEST_STEP][PASSED] - println(o1B): null

16-10-2024T07:01:52 - [TEST_STEP][PASSED] - PR = <not implemented yet for class: org.codehaus.groovy.ast.expr.EmptyExpression>: null

16-10-2024T07:01:52 - [TEST_STEP][PASSED] - FR = <not implemented yet for class: org.codehaus.groovy.ast.expr.EmptyExpression>: null

16-10-2024T07:01:52 - [TEST_STEP][PASSED] - PB = <not implemented yet for class: org.codehaus.groovy.ast.expr.EmptyExpression>: null

16-10-2024T07:01:52 - [TEST_STEP][PASSED] - FB = <not implemented yet for class: org.codehaus.groovy.ast.expr.EmptyExpression>: null

16-10-2024T07:01:52 - [TEST_STEP][PASSED] - TR = <not implemented yet for class: org.codehaus.groovy.ast.expr.EmptyExpression>: null

16-10-2024T07:01:52 - [TEST_STEP][PASSED] - TB = <not implemented yet for class: org.codehaus.groovy.ast.expr.EmptyExpression>: null

16-10-2024T07:01:52 - [TEST_STEP][PASSED] - sheetName = "Sheet1": null

16-10-2024T07:01:52 - [TEST_STEP][PASSED] - data = findTestData("PlanFact"): null

16-10-2024T07:01:52 - [TEST_STEP][PASSED] - n = data.getRowNumbers() + 1: null

16-10-2024T07:01:52 - [TEST_STEP][PASSED] - year = todaysDate.substring(todaysDate.length() - 4, todaysDate.length()): null

16-10-2024T07:01:52 - [TEST_STEP][PASSED] - y = year.toInteger(): null

16-10-2024T07:01:52 - [TEST_STEP][PASSED] - m = getText(findTestObject("Выполнение бизнес-плана/Выполнение бизнес-плана Балансы/Фильтр Дата")): Text of object 'Object Repository/Выполнение бизнес-плана/Выполнение бизнес-плана Балансы/Фильтр Дата' is: '1, 2 кв., Июль, Август 2024 года'

16-10-2024T07:01:53 - [MESSAGE][PASSED] - Text of object 'Object Repository/Выполнение бизнес-плана/Выполнение бизнес-плана Балансы/Фильтр Дата' is: '1, 2 кв., Июль, Август 2024 года'

16-10-2024T07:01:53 - [TEST_STEP][PASSED] - m = m.substring(0, m.indexOf("2024")): null

16-10-2024T07:01:53 - [TEST_STEP][PASSED] - m = m.trim(): null

16-10-2024T07:01:53 - [TEST_STEP][PASSED] - dashboardName = "Выполнение бизнес-плана": null

16-10-2024T07:01:53 - [TEST_STEP][PASSED] - workbook01 = getWorkbook(excelFilePath): null

16-10-2024T07:01:53 - [TEST_STEP][PASSED] - sheet01 = getExcelSheet(workbook01, sheetName): null

16-10-2024T07:01:53 - [TEST_STEP][PASSED] - setValueToCellByIndex(sheet01, n, 0, dashboardName): null

16-10-2024T07:01:53 - [TEST_STEP][PASSED] - setValueToCellByIndex(sheet01, n, 1, dZO): null

16-10-2024T07:01:53 - [TEST_STEP][PASSED] - setValueToCellByIndex(sheet01, n, 2, typeOfData): null

16-10-2024T07:01:53 - [TEST_STEP][PASSED] - setValueToCellByIndex(sheet01, n, 3, typeOfData): null

16-10-2024T07:01:53 - [TEST_STEP][PASSED] - if (typeOfData == "План"): null

16-10-2024T07:01:53 - [TEST_STEP][PASSED] - else if (typeOfData == "Факт"): null

16-10-2024T07:01:53 - [TEST_STEP][PASSED] - else if (vidget.contains("электроэнергии") == true): null

16-10-2024T07:01:53 - [TEST_STEP][PASSED] - if (tabR == null): null

16-10-2024T07:01:53 - [TEST_STEP][PASSED] - else: null

16-10-2024T07:01:53 - [TEST_STEP][PASSED] - if (tabR == "нет данных"): null

16-10-2024T07:01:53 - [TEST_STEP][PASSED] - else: null

16-10-2024T07:01:53 - [TEST_STEP][PASSED] - TR = tabR.toInteger(): null

16-10-2024T07:01:53 - [TEST_STEP][PASSED] - setValueToCellByIndex(sheet01, n, 4, TR): null

16-10-2024T07:01:53 - [TEST_STEP][PASSED] - if (tabB == null): null

16-10-2024T07:01:53 - [TEST_STEP][PASSED] - else: null

16-10-2024T07:01:53 - [TEST_STEP][PASSED] - if (tabB == "нет данных"): null

16-10-2024T07:01:53 - [TEST_STEP][PASSED] - else: null

16-10-2024T07:01:53 - [TEST_STEP][PASSED] - TB = tabB.toInteger(): null

16-10-2024T07:01:53 - [TEST_STEP][PASSED] - setValueToCellByIndex(sheet01, n, 5, TB): null

16-10-2024T07:01:53 - [TEST_STEP][PASSED] - setValueToCellByIndex(sheet01, n, 6, m): null

16-10-2024T07:01:53 - [TEST_STEP][PASSED] - setValueToCellByIndex(sheet01, n, 7, y): null

16-10-2024T07:01:53 - [TEST_STEP][PASSED] - setValueToCellByIndex(sheet01, n, 8, todaysDate): null

16-10-2024T07:01:53 - [TEST_STEP][PASSED] - n = n + 1: null

16-10-2024T07:01:53 - [TEST_STEP][PASSED] - saveWorkbook(excelFilePath, workbook01): null

16-10-2024T07:01:53 - [TEST_STEP][PASSED] - typeOfData = "Факт Потери": null

16-10-2024T07:01:53 - [TEST_STEP][PASSED] - tabR = GetPFactR(x = a): null

16-10-2024T07:01:53 - [TEST_STEP][PASSED] - i1 = <not implemented yet for class: org.codehaus.groovy.ast.expr.EmptyExpression>: null

16-10-2024T07:01:53 - [TEST_STEP][PASSED] - ii = <not implemented yet for class: org.codehaus.groovy.ast.expr.EmptyExpression>: null

16-10-2024T07:01:53 - [TEST_STEP][PASSED] - for ([ii = 1, ii < 6, (ii++)]): null

16-10-2024T07:01:53 - [TEST_STEP][PASSED] - i1 = x.indexOf("/") + 1: null

16-10-2024T07:01:53 - [TEST_STEP][PASSED] - if (i1 > -1): null

16-10-2024T07:01:53 - [TEST_STEP][PASSED] - x = x.substring(i1, x.length()): null

16-10-2024T07:01:53 - [TEST_STEP][PASSED] - println(x): null

16-10-2024T07:01:53 - [TEST_STEP][PASSED] - i1 = x.indexOf("/") + 1: null

16-10-2024T07:01:53 - [TEST_STEP][PASSED] - if (i1 > -1): null

16-10-2024T07:01:53 - [TEST_STEP][PASSED] - x = x.substring(i1, x.length()): null

16-10-2024T07:01:53 - [TEST_STEP][PASSED] - println(x): null

16-10-2024T07:01:53 - [TEST_STEP][PASSED] - i1 = x.indexOf("/") + 1: null

16-10-2024T07:01:53 - [TEST_STEP][PASSED] - if (i1 > -1): null

16-10-2024T07:01:53 - [TEST_STEP][PASSED] - x = x.substring(i1, x.length()): null

16-10-2024T07:01:53 - [TEST_STEP][PASSED] - println(x): null

16-10-2024T07:01:53 - [TEST_STEP][PASSED] - i1 = x.indexOf("/") + 1: null

16-10-2024T07:01:53 - [TEST_STEP][PASSED] - if (i1 > -1): null

16-10-2024T07:01:53 - [TEST_STEP][PASSED] - x = x.substring(i1, x.length()): null

16-10-2024T07:01:53 - [TEST_STEP][PASSED] - println(x): null

16-10-2024T07:01:53 - [TEST_STEP][PASSED] - i1 = x.indexOf("/") + 1: null

16-10-2024T07:01:53 - [TEST_STEP][PASSED] - if (i1 > -1): null

16-10-2024T07:01:53 - [TEST_STEP][PASSED] - x = x.substring(i1, x.length()): null

16-10-2024T07:01:53 - [TEST_STEP][PASSED] - println(x): null

16-10-2024T07:01:53 - [TEST_STEP][PASSED] - i1 = x.indexOf("/"): null

16-10-2024T07:01:53 - [TEST_STEP][PASSED] - if (i1 > -1): null

16-10-2024T07:01:53 - [TEST_STEP][PASSED] - x = x.substring(0, i1): null

16-10-2024T07:01:53 - [TEST_STEP][PASSED] - println(x): null

16-10-2024T07:01:53 - [TEST_STEP][PASSED] - return x: null

16-10-2024T07:01:53 - [TEST_STEP][PASSED] - tabB = GetPFactB(x = b): null

16-10-2024T07:01:53 - [TEST_STEP][PASSED] - i1 = <not implemented yet for class: org.codehaus.groovy.ast.expr.EmptyExpression>: null

16-10-2024T07:01:53 - [TEST_STEP][PASSED] - ii = <not implemented yet for class: org.codehaus.groovy.ast.expr.EmptyExpression>: null

16-10-2024T07:01:53 - [TEST_STEP][PASSED] - for ([ii = 1, ii < 6, (ii++)]): null

16-10-2024T07:01:53 - [TEST_STEP][PASSED] - i1 = x.indexOf("/") + 1: null

16-10-2024T07:01:53 - [TEST_STEP][PASSED] - if (i1 > -1): null

16-10-2024T07:01:53 - [TEST_STEP][PASSED] - x = x.substring(i1, x.length()): null

16-10-2024T07:01:53 - [TEST_STEP][PASSED] - println(x): null

16-10-2024T07:01:53 - [TEST_STEP][PASSED] - i1 = x.indexOf("/") + 1: null

16-10-2024T07:01:53 - [TEST_STEP][PASSED] - if (i1 > -1): null

16-10-2024T07:01:53 - [TEST_STEP][PASSED] - x = x.substring(i1, x.length()): null

16-10-2024T07:01:53 - [TEST_STEP][PASSED] - println(x): null

16-10-2024T07:01:53 - [TEST_STEP][PASSED] - i1 = x.indexOf("/") + 1: null

16-10-2024T07:01:53 - [TEST_STEP][PASSED] - if (i1 > -1): null

16-10-2024T07:01:53 - [TEST_STEP][PASSED] - x = x.substring(i1, x.length()): null

16-10-2024T07:01:53 - [TEST_STEP][PASSED] - println(x): null

16-10-2024T07:01:53 - [TEST_STEP][PASSED] - i1 = x.indexOf("/") + 1: null

16-10-2024T07:01:53 - [TEST_STEP][PASSED] - if (i1 > -1): null

16-10-2024T07:01:53 - [TEST_STEP][PASSED] - x = x.substring(i1, x.length()): null

16-10-2024T07:01:53 - [TEST_STEP][PASSED] - println(x): null

16-10-2024T07:01:53 - [TEST_STEP][PASSED] - i1 = x.indexOf("/") + 1: null

16-10-2024T07:01:53 - [TEST_STEP][PASSED] - if (i1 > -1): null

16-10-2024T07:01:53 - [TEST_STEP][PASSED] - x = x.substring(i1, x.length()): null

16-10-2024T07:01:53 - [TEST_STEP][PASSED] - println(x): null

16-10-2024T07:01:53 - [TEST_STEP][PASSED] - i1 = x.indexOf("/"): null

16-10-2024T07:01:53 - [TEST_STEP][PASSED] - if (i1 > -1): null

16-10-2024T07:01:53 - [TEST_STEP][PASSED] - x = x.substring(0, i1): null

16-10-2024T07:01:53 - [TEST_STEP][PASSED] - println(x): null

16-10-2024T07:01:53 - [TEST_STEP][FAILED] - return x: null

16-10-2024T07:01:53 - [TEST_STEP][PASSED] - println(tabR + "/" + tabB): null

16-10-2024T07:01:53 - [TEST_STEP][FAILED] - if (verifyEqual(tabR, tabB) == false): null

16-10-2024T07:01:53 - [MESSAGE][FAILED] - Unable to verify equal between actual object '15765373' and expected object '33059652' (Root cause: com.kms.katalon.core.exception.StepFailedException: Actual object '15765373' and expected object '33059652' are not equal
	at com.kms.katalon.core.keyword.builtin.VerifyEqualKeyword$_verifyEqual_closure1.doCall(VerifyEqualKeyword.groovy:58)
	at com.kms.katalon.core.keyword.builtin.VerifyEqualKeyword$_verifyEqual_closure1.call(VerifyEqualKeyword.groovy)
	at com.kms.katalon.core.keyword.internal.KeywordMain.runKeyword(KeywordMain.groovy:75)
	at com.kms.katalon.core.keyword.builtin.VerifyEqualKeyword.verifyEqual(VerifyEqualKeyword.groovy:63)
	at com.kms.katalon.core.keyword.builtin.VerifyEqualKeyword.execute(VerifyEqualKeyword.groovy:44)
	at com.kms.katalon.core.keyword.internal.KeywordExecutor.executeKeywordForPlatform(KeywordExecutor.groovy:74)
	at com.kms.katalon.core.keyword.BuiltinKeywords.verifyEqual(BuiltinKeywords.groovy:146)
	at java.base/jdk.internal.reflect.NativeMethodAccessorImpl.invoke0(Native Method)
	at java.base/jdk.internal.reflect.NativeMethodAccessorImpl.invoke(NativeMethodAccessorImpl.java:77)
	at java.base/jdk.internal.reflect.DelegatingMethodAccessorImpl.invoke(DelegatingMethodAccessorImpl.java:43)
	at Выполнение бизнес-плана сверка дашбордов.CompareDZOData(Выполнение бизнес-плана сверка дашбордов:730)
	at Выполнение бизнес-плана сверка дашбордов.run(Выполнение бизнес-плана сверка дашбордов:578)
	at com.kms.katalon.core.main.ScriptEngine.run(ScriptEngine.java:194)
	at com.kms.katalon.core.main.ScriptEngine.runScriptAsRawText(ScriptEngine.java:119)
	at com.kms.katalon.core.main.TestCaseExecutor.runScript(TestCaseExecutor.java:448)
	at com.kms.katalon.core.main.TestCaseExecutor.doExecute(TestCaseExecutor.java:439)
	at com.kms.katalon.core.main.TestCaseExecutor.processExecutionPhase(TestCaseExecutor.java:418)
	at com.kms.katalon.core.main.TestCaseExecutor.accessMainPhase(TestCaseExecutor.java:410)
	at com.kms.katalon.core.main.TestCaseExecutor.execute(TestCaseExecutor.java:285)
	at com.kms.katalon.core.common.CommonExecutor.accessTestCaseMainPhase(CommonExecutor.java:65)
	at com.kms.katalon.core.main.TestSuiteExecutor.accessTestSuiteMainPhase(TestSuiteExecutor.java:150)
	at com.kms.katalon.core.main.TestSuiteExecutor.execute(TestSuiteExecutor.java:106)
	at com.kms.katalon.core.main.TestCaseMain.startTestSuite(TestCaseMain.java:180)
	at TempTestSuite1729050801829.run(TempTestSuite1729050801829.groovy:35)
	at java.base/jdk.internal.reflect.NativeMethodAccessorImpl.invoke0(Native Method)
	at java.base/jdk.internal.reflect.NativeMethodAccessorImpl.invoke(NativeMethodAccessorImpl.java:77)
	at java.base/jdk.internal.reflect.DelegatingMethodAccessorImpl.invoke(DelegatingMethodAccessorImpl.java:43)
)

16-10-2024T07:01:53 - [TEST_STEP][PASSED] - result = WriteToExcel(typeOfData, todaysDate, PercPlanR, PercPlanB, PercFactR, PercFactB, x, tabR, tabB, o1R, o1B, vidget): null

16-10-2024T07:01:53 - [TEST_STEP][PASSED] - iii = dZO.indexOf("/"): null

16-10-2024T07:01:53 - [TEST_STEP][PASSED] - println(iii): null

16-10-2024T07:01:53 - [TEST_STEP][PASSED] - dZO = dZO.substring(0, iii): null

16-10-2024T07:01:53 - [TEST_STEP][PASSED] - println(dZO): null

16-10-2024T07:01:53 - [TEST_STEP][PASSED] - println(PercPlanR): null

16-10-2024T07:01:53 - [TEST_STEP][PASSED] - println(PercPlanB): null

16-10-2024T07:01:53 - [TEST_STEP][PASSED] - println(PercFactR): null

16-10-2024T07:01:53 - [TEST_STEP][PASSED] - println(PercFactB): null

16-10-2024T07:01:53 - [TEST_STEP][PASSED] - println(tabR): null

16-10-2024T07:01:53 - [TEST_STEP][PASSED] - println(tabB): null

16-10-2024T07:01:53 - [TEST_STEP][PASSED] - println(o1R): null

16-10-2024T07:01:53 - [TEST_STEP][PASSED] - println(o1B): null

16-10-2024T07:01:53 - [TEST_STEP][PASSED] - PR = <not implemented yet for class: org.codehaus.groovy.ast.expr.EmptyExpression>: null

16-10-2024T07:01:53 - [TEST_STEP][PASSED] - FR = <not implemented yet for class: org.codehaus.groovy.ast.expr.EmptyExpression>: null

16-10-2024T07:01:53 - [TEST_STEP][PASSED] - PB = <not implemented yet for class: org.codehaus.groovy.ast.expr.EmptyExpression>: null

16-10-2024T07:01:53 - [TEST_STEP][PASSED] - FB = <not implemented yet for class: org.codehaus.groovy.ast.expr.EmptyExpression>: null

16-10-2024T07:01:53 - [TEST_STEP][PASSED] - TR = <not implemented yet for class: org.codehaus.groovy.ast.expr.EmptyExpression>: null

16-10-2024T07:01:53 - [TEST_STEP][PASSED] - TB = <not implemented yet for class: org.codehaus.groovy.ast.expr.EmptyExpression>: null

16-10-2024T07:01:53 - [TEST_STEP][PASSED] - sheetName = "Sheet1": null

16-10-2024T07:01:53 - [TEST_STEP][PASSED] - data = findTestData("PlanFact"): null

16-10-2024T07:01:53 - [TEST_STEP][PASSED] - n = data.getRowNumbers() + 1: null

16-10-2024T07:01:53 - [TEST_STEP][PASSED] - year = todaysDate.substring(todaysDate.length() - 4, todaysDate.length()): null

16-10-2024T07:01:53 - [TEST_STEP][PASSED] - y = year.toInteger(): null

16-10-2024T07:01:53 - [TEST_STEP][PASSED] - m = getText(findTestObject("Выполнение бизнес-плана/Выполнение бизнес-плана Балансы/Фильтр Дата")): Text of object 'Object Repository/Выполнение бизнес-плана/Выполнение бизнес-плана Балансы/Фильтр Дата' is: '1, 2 кв., Июль, Август 2024 года'

16-10-2024T07:01:53 - [MESSAGE][PASSED] - Text of object 'Object Repository/Выполнение бизнес-плана/Выполнение бизнес-плана Балансы/Фильтр Дата' is: '1, 2 кв., Июль, Август 2024 года'

16-10-2024T07:01:53 - [TEST_STEP][PASSED] - m = m.substring(0, m.indexOf("2024")): null

16-10-2024T07:01:53 - [TEST_STEP][PASSED] - m = m.trim(): null

16-10-2024T07:01:53 - [TEST_STEP][PASSED] - dashboardName = "Выполнение бизнес-плана": null

16-10-2024T07:01:53 - [TEST_STEP][PASSED] - workbook01 = getWorkbook(excelFilePath): null

16-10-2024T07:01:53 - [TEST_STEP][PASSED] - sheet01 = getExcelSheet(workbook01, sheetName): null

16-10-2024T07:01:53 - [TEST_STEP][PASSED] - setValueToCellByIndex(sheet01, n, 0, dashboardName): null

16-10-2024T07:01:53 - [TEST_STEP][PASSED] - setValueToCellByIndex(sheet01, n, 1, dZO): null

16-10-2024T07:01:53 - [TEST_STEP][PASSED] - setValueToCellByIndex(sheet01, n, 2, typeOfData): null

16-10-2024T07:01:53 - [TEST_STEP][PASSED] - setValueToCellByIndex(sheet01, n, 3, typeOfData): null

16-10-2024T07:01:53 - [TEST_STEP][PASSED] - if (typeOfData == "План"): null

16-10-2024T07:01:53 - [TEST_STEP][PASSED] - else if (typeOfData == "Факт"): null

16-10-2024T07:01:53 - [TEST_STEP][PASSED] - else if (vidget.contains("электроэнергии") == true): null

16-10-2024T07:01:53 - [TEST_STEP][PASSED] - if (tabR == null): null

16-10-2024T07:01:53 - [TEST_STEP][PASSED] - else: null

16-10-2024T07:01:53 - [TEST_STEP][PASSED] - if (tabR == "нет данных"): null

16-10-2024T07:01:53 - [TEST_STEP][PASSED] - else: null

16-10-2024T07:01:53 - [TEST_STEP][PASSED] - TR = tabR.toInteger(): null

16-10-2024T07:01:53 - [TEST_STEP][PASSED] - setValueToCellByIndex(sheet01, n, 4, TR): null

16-10-2024T07:01:53 - [TEST_STEP][PASSED] - if (tabB == null): null

16-10-2024T07:01:53 - [TEST_STEP][PASSED] - else: null

16-10-2024T07:01:53 - [TEST_STEP][PASSED] - if (tabB == "нет данных"): null

16-10-2024T07:01:53 - [TEST_STEP][PASSED] - else: null

16-10-2024T07:01:53 - [TEST_STEP][PASSED] - TB = tabB.toInteger(): null

16-10-2024T07:01:53 - [TEST_STEP][PASSED] - setValueToCellByIndex(sheet01, n, 5, TB): null

16-10-2024T07:01:53 - [TEST_STEP][PASSED] - setValueToCellByIndex(sheet01, n, 6, m): null

16-10-2024T07:01:53 - [TEST_STEP][PASSED] - setValueToCellByIndex(sheet01, n, 7, y): null

16-10-2024T07:01:53 - [TEST_STEP][PASSED] - setValueToCellByIndex(sheet01, n, 8, todaysDate): null

16-10-2024T07:01:53 - [TEST_STEP][PASSED] - n = n + 1: null

16-10-2024T07:01:53 - [TEST_STEP][PASSED] - saveWorkbook(excelFilePath, workbook01): null

16-10-2024T07:01:54 - [TEST_STEP][PASSED] - vidget = "Показатели баланса электроэнергии по ДЗО – План": null

16-10-2024T07:01:54 - [TEST_STEP][PASSED] - typeOfData = "План Отпуск в сеть": null

16-10-2024T07:01:54 - [TEST_STEP][PASSED] - tabR = GetOvSPlanR(x = a): null

16-10-2024T07:01:54 - [TEST_STEP][PASSED] - i1 = <not implemented yet for class: org.codehaus.groovy.ast.expr.EmptyExpression>: null

16-10-2024T07:01:54 - [TEST_STEP][PASSED] - ii = <not implemented yet for class: org.codehaus.groovy.ast.expr.EmptyExpression>: null

16-10-2024T07:01:54 - [TEST_STEP][PASSED] - for ([ii = 1, ii < 7, (ii++)]): null

16-10-2024T07:01:54 - [TEST_STEP][PASSED] - i1 = x.indexOf("/") + 1: null

16-10-2024T07:01:54 - [TEST_STEP][PASSED] - if (i1 > -1): null

16-10-2024T07:01:54 - [TEST_STEP][PASSED] - x = x.substring(i1, x.length()): null

16-10-2024T07:01:54 - [TEST_STEP][PASSED] - println(x): null

16-10-2024T07:01:54 - [TEST_STEP][PASSED] - i1 = x.indexOf("/") + 1: null

16-10-2024T07:01:54 - [TEST_STEP][PASSED] - if (i1 > -1): null

16-10-2024T07:01:54 - [TEST_STEP][PASSED] - x = x.substring(i1, x.length()): null

16-10-2024T07:01:54 - [TEST_STEP][PASSED] - println(x): null

16-10-2024T07:01:54 - [TEST_STEP][PASSED] - i1 = x.indexOf("/") + 1: null

16-10-2024T07:01:54 - [TEST_STEP][PASSED] - if (i1 > -1): null

16-10-2024T07:01:54 - [TEST_STEP][PASSED] - x = x.substring(i1, x.length()): null

16-10-2024T07:01:54 - [TEST_STEP][PASSED] - println(x): null

16-10-2024T07:01:54 - [TEST_STEP][PASSED] - i1 = x.indexOf("/") + 1: null

16-10-2024T07:01:54 - [TEST_STEP][PASSED] - if (i1 > -1): null

16-10-2024T07:01:54 - [TEST_STEP][PASSED] - x = x.substring(i1, x.length()): null

16-10-2024T07:01:54 - [TEST_STEP][PASSED] - println(x): null

16-10-2024T07:01:54 - [TEST_STEP][PASSED] - i1 = x.indexOf("/") + 1: null

16-10-2024T07:01:54 - [TEST_STEP][PASSED] - if (i1 > -1): null

16-10-2024T07:01:54 - [TEST_STEP][PASSED] - x = x.substring(i1, x.length()): null

16-10-2024T07:01:54 - [TEST_STEP][PASSED] - println(x): null

16-10-2024T07:01:54 - [TEST_STEP][PASSED] - i1 = x.indexOf("/") + 1: null

16-10-2024T07:01:54 - [TEST_STEP][PASSED] - if (i1 > -1): null

16-10-2024T07:01:54 - [TEST_STEP][PASSED] - x = x.substring(i1, x.length()): null

16-10-2024T07:01:54 - [TEST_STEP][PASSED] - println(x): null

16-10-2024T07:01:54 - [TEST_STEP][PASSED] - i1 = x.indexOf("/"): null

16-10-2024T07:01:54 - [TEST_STEP][PASSED] - if (i1 > -1): null

16-10-2024T07:01:54 - [TEST_STEP][PASSED] - x = x.substring(0, i1): null

16-10-2024T07:01:54 - [TEST_STEP][PASSED] - println(x): null

16-10-2024T07:01:54 - [TEST_STEP][PASSED] - return x: null

16-10-2024T07:01:54 - [TEST_STEP][PASSED] - tabB = GetOvSPlanB(x = b): null

16-10-2024T07:01:54 - [TEST_STEP][PASSED] - i1 = <not implemented yet for class: org.codehaus.groovy.ast.expr.EmptyExpression>: null

16-10-2024T07:01:54 - [TEST_STEP][PASSED] - ii = <not implemented yet for class: org.codehaus.groovy.ast.expr.EmptyExpression>: null

16-10-2024T07:01:54 - [TEST_STEP][PASSED] - for ([ii = 1, ii < 7, (ii++)]): null

16-10-2024T07:01:54 - [TEST_STEP][PASSED] - i1 = x.indexOf("/") + 1: null

16-10-2024T07:01:54 - [TEST_STEP][PASSED] - if (i1 > -1): null

16-10-2024T07:01:54 - [TEST_STEP][PASSED] - x = x.substring(i1, x.length()): null

16-10-2024T07:01:54 - [TEST_STEP][PASSED] - println(x): null

16-10-2024T07:01:54 - [TEST_STEP][PASSED] - i1 = x.indexOf("/") + 1: null

16-10-2024T07:01:54 - [TEST_STEP][PASSED] - if (i1 > -1): null

16-10-2024T07:01:54 - [TEST_STEP][PASSED] - x = x.substring(i1, x.length()): null

16-10-2024T07:01:54 - [TEST_STEP][PASSED] - println(x): null

16-10-2024T07:01:54 - [TEST_STEP][PASSED] - i1 = x.indexOf("/") + 1: null

16-10-2024T07:01:54 - [TEST_STEP][PASSED] - if (i1 > -1): null

16-10-2024T07:01:54 - [TEST_STEP][PASSED] - x = x.substring(i1, x.length()): null

16-10-2024T07:01:54 - [TEST_STEP][PASSED] - println(x): null

16-10-2024T07:01:54 - [TEST_STEP][PASSED] - i1 = x.indexOf("/") + 1: null

16-10-2024T07:01:54 - [TEST_STEP][PASSED] - if (i1 > -1): null

16-10-2024T07:01:54 - [TEST_STEP][PASSED] - x = x.substring(i1, x.length()): null

16-10-2024T07:01:54 - [TEST_STEP][PASSED] - println(x): null

16-10-2024T07:01:54 - [TEST_STEP][PASSED] - i1 = x.indexOf("/") + 1: null

16-10-2024T07:01:54 - [TEST_STEP][PASSED] - if (i1 > -1): null

16-10-2024T07:01:54 - [TEST_STEP][PASSED] - x = x.substring(i1, x.length()): null

16-10-2024T07:01:54 - [TEST_STEP][PASSED] - println(x): null

16-10-2024T07:01:54 - [TEST_STEP][PASSED] - i1 = x.indexOf("/") + 1: null

16-10-2024T07:01:54 - [TEST_STEP][PASSED] - if (i1 > -1): null

16-10-2024T07:01:54 - [TEST_STEP][PASSED] - x = x.substring(i1, x.length()): null

16-10-2024T07:01:54 - [TEST_STEP][PASSED] - println(x): null

16-10-2024T07:01:54 - [TEST_STEP][PASSED] - i1 = x.indexOf("/"): null

16-10-2024T07:01:54 - [TEST_STEP][PASSED] - if (i1 > -1): null

16-10-2024T07:01:54 - [TEST_STEP][PASSED] - x = x.substring(0, i1): null

16-10-2024T07:01:54 - [TEST_STEP][PASSED] - println(x): null

16-10-2024T07:01:54 - [TEST_STEP][FAILED] - return x: null

16-10-2024T07:01:54 - [TEST_STEP][PASSED] - println(tabR + "/" + tabB): null

16-10-2024T07:01:54 - [TEST_STEP][FAILED] - if (verifyEqual(PercFactR, PercFactB) == false): null

16-10-2024T07:01:54 - [MESSAGE][FAILED] - Unable to verify equal between actual object '5.33' and expected object '8.04' (Root cause: com.kms.katalon.core.exception.StepFailedException: Actual object '5.33' and expected object '8.04' are not equal
	at com.kms.katalon.core.keyword.builtin.VerifyEqualKeyword$_verifyEqual_closure1.doCall(VerifyEqualKeyword.groovy:58)
	at com.kms.katalon.core.keyword.builtin.VerifyEqualKeyword$_verifyEqual_closure1.call(VerifyEqualKeyword.groovy)
	at com.kms.katalon.core.keyword.internal.KeywordMain.runKeyword(KeywordMain.groovy:75)
	at com.kms.katalon.core.keyword.builtin.VerifyEqualKeyword.verifyEqual(VerifyEqualKeyword.groovy:63)
	at com.kms.katalon.core.keyword.builtin.VerifyEqualKeyword.execute(VerifyEqualKeyword.groovy:44)
	at com.kms.katalon.core.keyword.internal.KeywordExecutor.executeKeywordForPlatform(KeywordExecutor.groovy:74)
	at com.kms.katalon.core.keyword.BuiltinKeywords.verifyEqual(BuiltinKeywords.groovy:146)
	at java.base/jdk.internal.reflect.NativeMethodAccessorImpl.invoke0(Native Method)
	at java.base/jdk.internal.reflect.NativeMethodAccessorImpl.invoke(NativeMethodAccessorImpl.java:77)
	at java.base/jdk.internal.reflect.DelegatingMethodAccessorImpl.invoke(DelegatingMethodAccessorImpl.java:43)
	at Выполнение бизнес-плана сверка дашбордов.CompareDZOData(Выполнение бизнес-плана сверка дашбордов:745)
	at Выполнение бизнес-плана сверка дашбордов.run(Выполнение бизнес-плана сверка дашбордов:578)
	at com.kms.katalon.core.main.ScriptEngine.run(ScriptEngine.java:194)
	at com.kms.katalon.core.main.ScriptEngine.runScriptAsRawText(ScriptEngine.java:119)
	at com.kms.katalon.core.main.TestCaseExecutor.runScript(TestCaseExecutor.java:448)
	at com.kms.katalon.core.main.TestCaseExecutor.doExecute(TestCaseExecutor.java:439)
	at com.kms.katalon.core.main.TestCaseExecutor.processExecutionPhase(TestCaseExecutor.java:418)
	at com.kms.katalon.core.main.TestCaseExecutor.accessMainPhase(TestCaseExecutor.java:410)
	at com.kms.katalon.core.main.TestCaseExecutor.execute(TestCaseExecutor.java:285)
	at com.kms.katalon.core.common.CommonExecutor.accessTestCaseMainPhase(CommonExecutor.java:65)
	at com.kms.katalon.core.main.TestSuiteExecutor.accessTestSuiteMainPhase(TestSuiteExecutor.java:150)
	at com.kms.katalon.core.main.TestSuiteExecutor.execute(TestSuiteExecutor.java:106)
	at com.kms.katalon.core.main.TestCaseMain.startTestSuite(TestCaseMain.java:180)
	at TempTestSuite1729050801829.run(TempTestSuite1729050801829.groovy:35)
	at java.base/jdk.internal.reflect.NativeMethodAccessorImpl.invoke0(Native Method)
	at java.base/jdk.internal.reflect.NativeMethodAccessorImpl.invoke(NativeMethodAccessorImpl.java:77)
	at java.base/jdk.internal.reflect.DelegatingMethodAccessorImpl.invoke(DelegatingMethodAccessorImpl.java:43)
)

16-10-2024T07:01:54 - [TEST_STEP][PASSED] - result = WriteToExcel(typeOfData, todaysDate, PercPlanR, PercPlanB, PercFactR, PercFactB, x, tabR, tabB, o1R, o1B, vidget): null

16-10-2024T07:01:54 - [TEST_STEP][PASSED] - iii = dZO.indexOf("/"): null

16-10-2024T07:01:54 - [TEST_STEP][PASSED] - println(iii): null

16-10-2024T07:01:54 - [TEST_STEP][PASSED] - dZO = dZO.substring(0, iii): null

16-10-2024T07:01:54 - [TEST_STEP][PASSED] - println(dZO): null

16-10-2024T07:01:54 - [TEST_STEP][PASSED] - println(PercPlanR): null

16-10-2024T07:01:54 - [TEST_STEP][PASSED] - println(PercPlanB): null

16-10-2024T07:01:54 - [TEST_STEP][PASSED] - println(PercFactR): null

16-10-2024T07:01:54 - [TEST_STEP][PASSED] - println(PercFactB): null

16-10-2024T07:01:54 - [TEST_STEP][PASSED] - println(tabR): null

16-10-2024T07:01:54 - [TEST_STEP][PASSED] - println(tabB): null

16-10-2024T07:01:54 - [TEST_STEP][PASSED] - println(o1R): null

16-10-2024T07:01:54 - [TEST_STEP][PASSED] - println(o1B): null

16-10-2024T07:01:54 - [TEST_STEP][PASSED] - PR = <not implemented yet for class: org.codehaus.groovy.ast.expr.EmptyExpression>: null

16-10-2024T07:01:54 - [TEST_STEP][PASSED] - FR = <not implemented yet for class: org.codehaus.groovy.ast.expr.EmptyExpression>: null

16-10-2024T07:01:54 - [TEST_STEP][PASSED] - PB = <not implemented yet for class: org.codehaus.groovy.ast.expr.EmptyExpression>: null

16-10-2024T07:01:54 - [TEST_STEP][PASSED] - FB = <not implemented yet for class: org.codehaus.groovy.ast.expr.EmptyExpression>: null

16-10-2024T07:01:54 - [TEST_STEP][PASSED] - TR = <not implemented yet for class: org.codehaus.groovy.ast.expr.EmptyExpression>: null

16-10-2024T07:01:54 - [TEST_STEP][PASSED] - TB = <not implemented yet for class: org.codehaus.groovy.ast.expr.EmptyExpression>: null

16-10-2024T07:01:54 - [TEST_STEP][PASSED] - sheetName = "Sheet1": null

16-10-2024T07:01:54 - [TEST_STEP][PASSED] - data = findTestData("PlanFact"): null

16-10-2024T07:01:54 - [TEST_STEP][PASSED] - n = data.getRowNumbers() + 1: null

16-10-2024T07:01:54 - [TEST_STEP][PASSED] - year = todaysDate.substring(todaysDate.length() - 4, todaysDate.length()): null

16-10-2024T07:01:54 - [TEST_STEP][PASSED] - y = year.toInteger(): null

16-10-2024T07:01:54 - [TEST_STEP][PASSED] - m = getText(findTestObject("Выполнение бизнес-плана/Выполнение бизнес-плана Балансы/Фильтр Дата")): Text of object 'Object Repository/Выполнение бизнес-плана/Выполнение бизнес-плана Балансы/Фильтр Дата' is: '1, 2 кв., Июль, Август 2024 года'

16-10-2024T07:01:54 - [MESSAGE][PASSED] - Text of object 'Object Repository/Выполнение бизнес-плана/Выполнение бизнес-плана Балансы/Фильтр Дата' is: '1, 2 кв., Июль, Август 2024 года'

16-10-2024T07:01:54 - [TEST_STEP][PASSED] - m = m.substring(0, m.indexOf("2024")): null

16-10-2024T07:01:54 - [TEST_STEP][PASSED] - m = m.trim(): null

16-10-2024T07:01:54 - [TEST_STEP][PASSED] - dashboardName = "Выполнение бизнес-плана": null

16-10-2024T07:01:54 - [TEST_STEP][PASSED] - workbook01 = getWorkbook(excelFilePath): null

16-10-2024T07:01:54 - [TEST_STEP][PASSED] - sheet01 = getExcelSheet(workbook01, sheetName): null

16-10-2024T07:01:54 - [TEST_STEP][PASSED] - setValueToCellByIndex(sheet01, n, 0, dashboardName): null

16-10-2024T07:01:54 - [TEST_STEP][PASSED] - setValueToCellByIndex(sheet01, n, 1, dZO): null

16-10-2024T07:01:54 - [TEST_STEP][PASSED] - setValueToCellByIndex(sheet01, n, 2, typeOfData): null

16-10-2024T07:01:54 - [TEST_STEP][PASSED] - setValueToCellByIndex(sheet01, n, 3, typeOfData): null

16-10-2024T07:01:54 - [TEST_STEP][PASSED] - if (typeOfData == "План"): null

16-10-2024T07:01:54 - [TEST_STEP][PASSED] - else if (typeOfData == "Факт"): null

16-10-2024T07:01:54 - [TEST_STEP][PASSED] - else if (vidget.contains("электроэнергии") == true): null

16-10-2024T07:01:54 - [TEST_STEP][PASSED] - if (tabR == null): null

16-10-2024T07:01:54 - [TEST_STEP][PASSED] - else: null

16-10-2024T07:01:54 - [TEST_STEP][PASSED] - if (tabR == "нет данных"): null

16-10-2024T07:01:54 - [TEST_STEP][PASSED] - else: null

16-10-2024T07:01:54 - [TEST_STEP][PASSED] - TR = tabR.toInteger(): null

16-10-2024T07:01:54 - [TEST_STEP][PASSED] - setValueToCellByIndex(sheet01, n, 4, TR): null

16-10-2024T07:01:54 - [TEST_STEP][PASSED] - if (tabB == null): null

16-10-2024T07:01:54 - [TEST_STEP][PASSED] - else: null

16-10-2024T07:01:54 - [TEST_STEP][PASSED] - if (tabB == "нет данных"): null

16-10-2024T07:01:54 - [TEST_STEP][PASSED] - else: null

16-10-2024T07:01:54 - [TEST_STEP][PASSED] - TB = tabB.toInteger(): null

16-10-2024T07:01:54 - [TEST_STEP][PASSED] - setValueToCellByIndex(sheet01, n, 5, TB): null

16-10-2024T07:01:54 - [TEST_STEP][PASSED] - setValueToCellByIndex(sheet01, n, 6, m): null

16-10-2024T07:01:54 - [TEST_STEP][PASSED] - setValueToCellByIndex(sheet01, n, 7, y): null

16-10-2024T07:01:54 - [TEST_STEP][PASSED] - setValueToCellByIndex(sheet01, n, 8, todaysDate): null

16-10-2024T07:01:54 - [TEST_STEP][PASSED] - n = n + 1: null

16-10-2024T07:01:54 - [TEST_STEP][PASSED] - saveWorkbook(excelFilePath, workbook01): null

16-10-2024T07:01:54 - [TEST_STEP][PASSED] - typeOfData = "План Отпуск из сети": null

16-10-2024T07:01:54 - [TEST_STEP][PASSED] - tabR = GetOiSPlanR(x = a): null

16-10-2024T07:01:54 - [TEST_STEP][PASSED] - i1 = <not implemented yet for class: org.codehaus.groovy.ast.expr.EmptyExpression>: null

16-10-2024T07:01:54 - [TEST_STEP][PASSED] - ii = <not implemented yet for class: org.codehaus.groovy.ast.expr.EmptyExpression>: null

16-10-2024T07:01:54 - [TEST_STEP][PASSED] - for ([ii = 1, ii < 8, (ii++)]): null

16-10-2024T07:01:54 - [TEST_STEP][PASSED] - i1 = x.indexOf("/") + 1: null

16-10-2024T07:01:54 - [TEST_STEP][PASSED] - if (i1 > -1): null

16-10-2024T07:01:54 - [TEST_STEP][PASSED] - x = x.substring(i1, x.length()): null

16-10-2024T07:01:54 - [TEST_STEP][PASSED] - println(x): null

16-10-2024T07:01:54 - [TEST_STEP][PASSED] - i1 = x.indexOf("/") + 1: null

16-10-2024T07:01:54 - [TEST_STEP][PASSED] - if (i1 > -1): null

16-10-2024T07:01:54 - [TEST_STEP][PASSED] - x = x.substring(i1, x.length()): null

16-10-2024T07:01:54 - [TEST_STEP][PASSED] - println(x): null

16-10-2024T07:01:54 - [TEST_STEP][PASSED] - i1 = x.indexOf("/") + 1: null

16-10-2024T07:01:54 - [TEST_STEP][PASSED] - if (i1 > -1): null

16-10-2024T07:01:54 - [TEST_STEP][PASSED] - x = x.substring(i1, x.length()): null

16-10-2024T07:01:54 - [TEST_STEP][PASSED] - println(x): null

16-10-2024T07:01:54 - [TEST_STEP][PASSED] - i1 = x.indexOf("/") + 1: null

16-10-2024T07:01:54 - [TEST_STEP][PASSED] - if (i1 > -1): null

16-10-2024T07:01:54 - [TEST_STEP][PASSED] - x = x.substring(i1, x.length()): null

16-10-2024T07:01:54 - [TEST_STEP][PASSED] - println(x): null

16-10-2024T07:01:54 - [TEST_STEP][PASSED] - i1 = x.indexOf("/") + 1: null

16-10-2024T07:01:54 - [TEST_STEP][PASSED] - if (i1 > -1): null

16-10-2024T07:01:54 - [TEST_STEP][PASSED] - x = x.substring(i1, x.length()): null

16-10-2024T07:01:54 - [TEST_STEP][PASSED] - println(x): null

16-10-2024T07:01:54 - [TEST_STEP][PASSED] - i1 = x.indexOf("/") + 1: null

16-10-2024T07:01:54 - [TEST_STEP][PASSED] - if (i1 > -1): null

16-10-2024T07:01:54 - [TEST_STEP][PASSED] - x = x.substring(i1, x.length()): null

16-10-2024T07:01:54 - [TEST_STEP][PASSED] - println(x): null

16-10-2024T07:01:54 - [TEST_STEP][PASSED] - i1 = x.indexOf("/") + 1: null

16-10-2024T07:01:54 - [TEST_STEP][PASSED] - if (i1 > -1): null

16-10-2024T07:01:54 - [TEST_STEP][PASSED] - x = x.substring(i1, x.length()): null

16-10-2024T07:01:54 - [TEST_STEP][PASSED] - println(x): null

16-10-2024T07:01:54 - [TEST_STEP][PASSED] - i1 = x.indexOf("/"): null

16-10-2024T07:01:54 - [TEST_STEP][PASSED] - if (i1 > -1): null

16-10-2024T07:01:54 - [TEST_STEP][PASSED] - x = x.substring(0, i1): null

16-10-2024T07:01:54 - [TEST_STEP][PASSED] - println(x): null

16-10-2024T07:01:54 - [TEST_STEP][PASSED] - return x: null

16-10-2024T07:01:54 - [TEST_STEP][PASSED] - tabB = GetOiSPlanB(x = b): null

16-10-2024T07:01:54 - [TEST_STEP][PASSED] - i1 = <not implemented yet for class: org.codehaus.groovy.ast.expr.EmptyExpression>: null

16-10-2024T07:01:54 - [TEST_STEP][PASSED] - ii = <not implemented yet for class: org.codehaus.groovy.ast.expr.EmptyExpression>: null

16-10-2024T07:01:54 - [TEST_STEP][PASSED] - for ([ii = 1, ii < 8, (ii++)]): null

16-10-2024T07:01:54 - [TEST_STEP][PASSED] - i1 = x.indexOf("/") + 1: null

16-10-2024T07:01:54 - [TEST_STEP][PASSED] - if (i1 > -1): null

16-10-2024T07:01:54 - [TEST_STEP][PASSED] - x = x.substring(i1, x.length()): null

16-10-2024T07:01:54 - [TEST_STEP][PASSED] - println(x): null

16-10-2024T07:01:54 - [TEST_STEP][PASSED] - i1 = x.indexOf("/") + 1: null

16-10-2024T07:01:54 - [TEST_STEP][PASSED] - if (i1 > -1): null

16-10-2024T07:01:54 - [TEST_STEP][PASSED] - x = x.substring(i1, x.length()): null

16-10-2024T07:01:54 - [TEST_STEP][PASSED] - println(x): null

16-10-2024T07:01:54 - [TEST_STEP][PASSED] - i1 = x.indexOf("/") + 1: null

16-10-2024T07:01:54 - [TEST_STEP][PASSED] - if (i1 > -1): null

16-10-2024T07:01:54 - [TEST_STEP][PASSED] - x = x.substring(i1, x.length()): null

16-10-2024T07:01:54 - [TEST_STEP][PASSED] - println(x): null

16-10-2024T07:01:54 - [TEST_STEP][PASSED] - i1 = x.indexOf("/") + 1: null

16-10-2024T07:01:54 - [TEST_STEP][PASSED] - if (i1 > -1): null

16-10-2024T07:01:54 - [TEST_STEP][PASSED] - x = x.substring(i1, x.length()): null

16-10-2024T07:01:54 - [TEST_STEP][PASSED] - println(x): null

16-10-2024T07:01:54 - [TEST_STEP][PASSED] - i1 = x.indexOf("/") + 1: null

16-10-2024T07:01:54 - [TEST_STEP][PASSED] - if (i1 > -1): null

16-10-2024T07:01:54 - [TEST_STEP][PASSED] - x = x.substring(i1, x.length()): null

16-10-2024T07:01:54 - [TEST_STEP][PASSED] - println(x): null

16-10-2024T07:01:54 - [TEST_STEP][PASSED] - i1 = x.indexOf("/") + 1: null

16-10-2024T07:01:54 - [TEST_STEP][PASSED] - if (i1 > -1): null

16-10-2024T07:01:54 - [TEST_STEP][PASSED] - x = x.substring(i1, x.length()): null

16-10-2024T07:01:54 - [TEST_STEP][PASSED] - println(x): null

16-10-2024T07:01:54 - [TEST_STEP][PASSED] - i1 = x.indexOf("/") + 1: null

16-10-2024T07:01:54 - [TEST_STEP][PASSED] - if (i1 > -1): null

16-10-2024T07:01:54 - [TEST_STEP][PASSED] - x = x.substring(i1, x.length()): null

16-10-2024T07:01:54 - [TEST_STEP][PASSED] - println(x): null

16-10-2024T07:01:54 - [TEST_STEP][PASSED] - i1 = x.indexOf("/"): null

16-10-2024T07:01:54 - [TEST_STEP][PASSED] - if (i1 > -1): null

16-10-2024T07:01:54 - [TEST_STEP][PASSED] - x = x.substring(0, i1): null

16-10-2024T07:01:54 - [TEST_STEP][PASSED] - println(x): null

16-10-2024T07:01:54 - [TEST_STEP][FAILED] - return x: null

16-10-2024T07:01:54 - [TEST_STEP][PASSED] - println(tabR + "/" + tabB): null

16-10-2024T07:01:54 - [TEST_STEP][FAILED] - if (verifyEqual(PercFactR, PercFactB) == false): null

16-10-2024T07:01:54 - [MESSAGE][FAILED] - Unable to verify equal between actual object '5.33' and expected object '8.04' (Root cause: com.kms.katalon.core.exception.StepFailedException: Actual object '5.33' and expected object '8.04' are not equal
	at com.kms.katalon.core.keyword.builtin.VerifyEqualKeyword$_verifyEqual_closure1.doCall(VerifyEqualKeyword.groovy:58)
	at com.kms.katalon.core.keyword.builtin.VerifyEqualKeyword$_verifyEqual_closure1.call(VerifyEqualKeyword.groovy)
	at com.kms.katalon.core.keyword.internal.KeywordMain.runKeyword(KeywordMain.groovy:75)
	at com.kms.katalon.core.keyword.builtin.VerifyEqualKeyword.verifyEqual(VerifyEqualKeyword.groovy:63)
	at com.kms.katalon.core.keyword.builtin.VerifyEqualKeyword.execute(VerifyEqualKeyword.groovy:44)
	at com.kms.katalon.core.keyword.internal.KeywordExecutor.executeKeywordForPlatform(KeywordExecutor.groovy:74)
	at com.kms.katalon.core.keyword.BuiltinKeywords.verifyEqual(BuiltinKeywords.groovy:146)
	at java.base/jdk.internal.reflect.NativeMethodAccessorImpl.invoke0(Native Method)
	at java.base/jdk.internal.reflect.NativeMethodAccessorImpl.invoke(NativeMethodAccessorImpl.java:77)
	at java.base/jdk.internal.reflect.DelegatingMethodAccessorImpl.invoke(DelegatingMethodAccessorImpl.java:43)
	at Выполнение бизнес-плана сверка дашбордов.CompareDZOData(Выполнение бизнес-плана сверка дашбордов:758)
	at Выполнение бизнес-плана сверка дашбордов.run(Выполнение бизнес-плана сверка дашбордов:578)
	at com.kms.katalon.core.main.ScriptEngine.run(ScriptEngine.java:194)
	at com.kms.katalon.core.main.ScriptEngine.runScriptAsRawText(ScriptEngine.java:119)
	at com.kms.katalon.core.main.TestCaseExecutor.runScript(TestCaseExecutor.java:448)
	at com.kms.katalon.core.main.TestCaseExecutor.doExecute(TestCaseExecutor.java:439)
	at com.kms.katalon.core.main.TestCaseExecutor.processExecutionPhase(TestCaseExecutor.java:418)
	at com.kms.katalon.core.main.TestCaseExecutor.accessMainPhase(TestCaseExecutor.java:410)
	at com.kms.katalon.core.main.TestCaseExecutor.execute(TestCaseExecutor.java:285)
	at com.kms.katalon.core.common.CommonExecutor.accessTestCaseMainPhase(CommonExecutor.java:65)
	at com.kms.katalon.core.main.TestSuiteExecutor.accessTestSuiteMainPhase(TestSuiteExecutor.java:150)
	at com.kms.katalon.core.main.TestSuiteExecutor.execute(TestSuiteExecutor.java:106)
	at com.kms.katalon.core.main.TestCaseMain.startTestSuite(TestCaseMain.java:180)
	at TempTestSuite1729050801829.run(TempTestSuite1729050801829.groovy:35)
	at java.base/jdk.internal.reflect.NativeMethodAccessorImpl.invoke0(Native Method)
	at java.base/jdk.internal.reflect.NativeMethodAccessorImpl.invoke(NativeMethodAccessorImpl.java:77)
	at java.base/jdk.internal.reflect.DelegatingMethodAccessorImpl.invoke(DelegatingMethodAccessorImpl.java:43)
)

16-10-2024T07:01:54 - [TEST_STEP][PASSED] - result = WriteToExcel(typeOfData, todaysDate, PercPlanR, PercPlanB, PercFactR, PercFactB, x, tabR, tabB, o1R, o1B, vidget): null

16-10-2024T07:01:54 - [TEST_STEP][PASSED] - iii = dZO.indexOf("/"): null

16-10-2024T07:01:54 - [TEST_STEP][PASSED] - println(iii): null

16-10-2024T07:01:54 - [TEST_STEP][PASSED] - dZO = dZO.substring(0, iii): null

16-10-2024T07:01:54 - [TEST_STEP][PASSED] - println(dZO): null

16-10-2024T07:01:54 - [TEST_STEP][PASSED] - println(PercPlanR): null

16-10-2024T07:01:54 - [TEST_STEP][PASSED] - println(PercPlanB): null

16-10-2024T07:01:54 - [TEST_STEP][PASSED] - println(PercFactR): null

16-10-2024T07:01:54 - [TEST_STEP][PASSED] - println(PercFactB): null

16-10-2024T07:01:54 - [TEST_STEP][PASSED] - println(tabR): null

16-10-2024T07:01:54 - [TEST_STEP][PASSED] - println(tabB): null

16-10-2024T07:01:54 - [TEST_STEP][PASSED] - println(o1R): null

16-10-2024T07:01:54 - [TEST_STEP][PASSED] - println(o1B): null

16-10-2024T07:01:54 - [TEST_STEP][PASSED] - PR = <not implemented yet for class: org.codehaus.groovy.ast.expr.EmptyExpression>: null

16-10-2024T07:01:54 - [TEST_STEP][PASSED] - FR = <not implemented yet for class: org.codehaus.groovy.ast.expr.EmptyExpression>: null

16-10-2024T07:01:54 - [TEST_STEP][PASSED] - PB = <not implemented yet for class: org.codehaus.groovy.ast.expr.EmptyExpression>: null

16-10-2024T07:01:54 - [TEST_STEP][PASSED] - FB = <not implemented yet for class: org.codehaus.groovy.ast.expr.EmptyExpression>: null

16-10-2024T07:01:54 - [TEST_STEP][PASSED] - TR = <not implemented yet for class: org.codehaus.groovy.ast.expr.EmptyExpression>: null

16-10-2024T07:01:54 - [TEST_STEP][PASSED] - TB = <not implemented yet for class: org.codehaus.groovy.ast.expr.EmptyExpression>: null

16-10-2024T07:01:54 - [TEST_STEP][PASSED] - sheetName = "Sheet1": null

16-10-2024T07:01:54 - [TEST_STEP][PASSED] - data = findTestData("PlanFact"): null

16-10-2024T07:01:54 - [TEST_STEP][PASSED] - n = data.getRowNumbers() + 1: null

16-10-2024T07:01:54 - [TEST_STEP][PASSED] - year = todaysDate.substring(todaysDate.length() - 4, todaysDate.length()): null

16-10-2024T07:01:54 - [TEST_STEP][PASSED] - y = year.toInteger(): null

16-10-2024T07:01:54 - [TEST_STEP][PASSED] - m = getText(findTestObject("Выполнение бизнес-плана/Выполнение бизнес-плана Балансы/Фильтр Дата")): Text of object 'Object Repository/Выполнение бизнес-плана/Выполнение бизнес-плана Балансы/Фильтр Дата' is: '1, 2 кв., Июль, Август 2024 года'

16-10-2024T07:01:55 - [MESSAGE][PASSED] - Text of object 'Object Repository/Выполнение бизнес-плана/Выполнение бизнес-плана Балансы/Фильтр Дата' is: '1, 2 кв., Июль, Август 2024 года'

16-10-2024T07:01:55 - [TEST_STEP][PASSED] - m = m.substring(0, m.indexOf("2024")): null

16-10-2024T07:01:55 - [TEST_STEP][PASSED] - m = m.trim(): null

16-10-2024T07:01:55 - [TEST_STEP][PASSED] - dashboardName = "Выполнение бизнес-плана": null

16-10-2024T07:01:55 - [TEST_STEP][PASSED] - workbook01 = getWorkbook(excelFilePath): null

16-10-2024T07:01:55 - [TEST_STEP][PASSED] - sheet01 = getExcelSheet(workbook01, sheetName): null

16-10-2024T07:01:55 - [TEST_STEP][PASSED] - setValueToCellByIndex(sheet01, n, 0, dashboardName): null

16-10-2024T07:01:55 - [TEST_STEP][PASSED] - setValueToCellByIndex(sheet01, n, 1, dZO): null

16-10-2024T07:01:55 - [TEST_STEP][PASSED] - setValueToCellByIndex(sheet01, n, 2, typeOfData): null

16-10-2024T07:01:55 - [TEST_STEP][PASSED] - setValueToCellByIndex(sheet01, n, 3, typeOfData): null

16-10-2024T07:01:55 - [TEST_STEP][PASSED] - if (typeOfData == "План"): null

16-10-2024T07:01:55 - [TEST_STEP][PASSED] - else if (typeOfData == "Факт"): null

16-10-2024T07:01:55 - [TEST_STEP][PASSED] - else if (vidget.contains("электроэнергии") == true): null

16-10-2024T07:01:55 - [TEST_STEP][PASSED] - if (tabR == null): null

16-10-2024T07:01:55 - [TEST_STEP][PASSED] - else: null

16-10-2024T07:01:55 - [TEST_STEP][PASSED] - if (tabR == "нет данных"): null

16-10-2024T07:01:55 - [TEST_STEP][PASSED] - else: null

16-10-2024T07:01:55 - [TEST_STEP][PASSED] - TR = tabR.toInteger(): null

16-10-2024T07:01:55 - [TEST_STEP][PASSED] - setValueToCellByIndex(sheet01, n, 4, TR): null

16-10-2024T07:01:55 - [TEST_STEP][PASSED] - if (tabB == null): null

16-10-2024T07:01:55 - [TEST_STEP][PASSED] - else: null

16-10-2024T07:01:55 - [TEST_STEP][PASSED] - if (tabB == "нет данных"): null

16-10-2024T07:01:55 - [TEST_STEP][PASSED] - else: null

16-10-2024T07:01:55 - [TEST_STEP][PASSED] - TB = tabB.toInteger(): null

16-10-2024T07:01:55 - [TEST_STEP][PASSED] - setValueToCellByIndex(sheet01, n, 5, TB): null

16-10-2024T07:01:55 - [TEST_STEP][PASSED] - setValueToCellByIndex(sheet01, n, 6, m): null

16-10-2024T07:01:55 - [TEST_STEP][PASSED] - setValueToCellByIndex(sheet01, n, 7, y): null

16-10-2024T07:01:55 - [TEST_STEP][PASSED] - setValueToCellByIndex(sheet01, n, 8, todaysDate): null

16-10-2024T07:01:55 - [TEST_STEP][PASSED] - n = n + 1: null

16-10-2024T07:01:55 - [TEST_STEP][PASSED] - saveWorkbook(excelFilePath, workbook01): null

16-10-2024T07:01:55 - [TEST_STEP][PASSED] - typeOfData = "План Потери": null

16-10-2024T07:01:55 - [TEST_STEP][PASSED] - tabR = GetPPlanR(x = a): null

16-10-2024T07:01:55 - [TEST_STEP][PASSED] - i1 = <not implemented yet for class: org.codehaus.groovy.ast.expr.EmptyExpression>: null

16-10-2024T07:01:55 - [TEST_STEP][PASSED] - ii = <not implemented yet for class: org.codehaus.groovy.ast.expr.EmptyExpression>: null

16-10-2024T07:01:55 - [TEST_STEP][PASSED] - for ([ii = 1, ii < 9, (ii++)]): null

16-10-2024T07:01:55 - [TEST_STEP][PASSED] - i1 = x.indexOf("/") + 1: null

16-10-2024T07:01:55 - [TEST_STEP][PASSED] - if (i1 > -1): null

16-10-2024T07:01:55 - [TEST_STEP][PASSED] - x = x.substring(i1, x.length()): null

16-10-2024T07:01:55 - [TEST_STEP][PASSED] - println(x): null

16-10-2024T07:01:55 - [TEST_STEP][PASSED] - i1 = x.indexOf("/") + 1: null

16-10-2024T07:01:55 - [TEST_STEP][PASSED] - if (i1 > -1): null

16-10-2024T07:01:55 - [TEST_STEP][PASSED] - x = x.substring(i1, x.length()): null

16-10-2024T07:01:55 - [TEST_STEP][PASSED] - println(x): null

16-10-2024T07:01:55 - [TEST_STEP][PASSED] - i1 = x.indexOf("/") + 1: null

16-10-2024T07:01:55 - [TEST_STEP][PASSED] - if (i1 > -1): null

16-10-2024T07:01:55 - [TEST_STEP][PASSED] - x = x.substring(i1, x.length()): null

16-10-2024T07:01:55 - [TEST_STEP][PASSED] - println(x): null

16-10-2024T07:01:55 - [TEST_STEP][PASSED] - i1 = x.indexOf("/") + 1: null

16-10-2024T07:01:55 - [TEST_STEP][PASSED] - if (i1 > -1): null

16-10-2024T07:01:55 - [TEST_STEP][PASSED] - x = x.substring(i1, x.length()): null

16-10-2024T07:01:55 - [TEST_STEP][PASSED] - println(x): null

16-10-2024T07:01:55 - [TEST_STEP][PASSED] - i1 = x.indexOf("/") + 1: null

16-10-2024T07:01:55 - [TEST_STEP][PASSED] - if (i1 > -1): null

16-10-2024T07:01:55 - [TEST_STEP][PASSED] - x = x.substring(i1, x.length()): null

16-10-2024T07:01:55 - [TEST_STEP][PASSED] - println(x): null

16-10-2024T07:01:55 - [TEST_STEP][PASSED] - i1 = x.indexOf("/") + 1: null

16-10-2024T07:01:55 - [TEST_STEP][PASSED] - if (i1 > -1): null

16-10-2024T07:01:55 - [TEST_STEP][PASSED] - x = x.substring(i1, x.length()): null

16-10-2024T07:01:55 - [TEST_STEP][PASSED] - println(x): null

16-10-2024T07:01:55 - [TEST_STEP][PASSED] - i1 = x.indexOf("/") + 1: null

16-10-2024T07:01:55 - [TEST_STEP][PASSED] - if (i1 > -1): null

16-10-2024T07:01:55 - [TEST_STEP][PASSED] - x = x.substring(i1, x.length()): null

16-10-2024T07:01:55 - [TEST_STEP][PASSED] - println(x): null

16-10-2024T07:01:55 - [TEST_STEP][PASSED] - i1 = x.indexOf("/") + 1: null

16-10-2024T07:01:55 - [TEST_STEP][PASSED] - if (i1 > -1): null

16-10-2024T07:01:55 - [TEST_STEP][PASSED] - x = x.substring(i1, x.length()): null

16-10-2024T07:01:55 - [TEST_STEP][PASSED] - println(x): null

16-10-2024T07:01:55 - [TEST_STEP][PASSED] - i1 = x.indexOf("/"): null

16-10-2024T07:01:55 - [TEST_STEP][PASSED] - if (i1 > -1): null

16-10-2024T07:01:55 - [TEST_STEP][PASSED] - println(x): null

16-10-2024T07:01:55 - [TEST_STEP][PASSED] - return x: null

16-10-2024T07:01:55 - [TEST_STEP][PASSED] - tabB = GetPPlanB(x = b): null

16-10-2024T07:01:55 - [TEST_STEP][PASSED] - i1 = <not implemented yet for class: org.codehaus.groovy.ast.expr.EmptyExpression>: null

16-10-2024T07:01:55 - [TEST_STEP][PASSED] - ii = <not implemented yet for class: org.codehaus.groovy.ast.expr.EmptyExpression>: null

16-10-2024T07:01:55 - [TEST_STEP][PASSED] - for ([ii = 1, ii < 9, (ii++)]): null

16-10-2024T07:01:55 - [TEST_STEP][PASSED] - i1 = x.indexOf("/") + 1: null

16-10-2024T07:01:55 - [TEST_STEP][PASSED] - if (i1 > -1): null

16-10-2024T07:01:55 - [TEST_STEP][PASSED] - x = x.substring(i1, x.length()): null

16-10-2024T07:01:55 - [TEST_STEP][PASSED] - println(x): null

16-10-2024T07:01:55 - [TEST_STEP][PASSED] - i1 = x.indexOf("/") + 1: null

16-10-2024T07:01:55 - [TEST_STEP][PASSED] - if (i1 > -1): null

16-10-2024T07:01:55 - [TEST_STEP][PASSED] - x = x.substring(i1, x.length()): null

16-10-2024T07:01:55 - [TEST_STEP][PASSED] - println(x): null

16-10-2024T07:01:55 - [TEST_STEP][PASSED] - i1 = x.indexOf("/") + 1: null

16-10-2024T07:01:55 - [TEST_STEP][PASSED] - if (i1 > -1): null

16-10-2024T07:01:55 - [TEST_STEP][PASSED] - x = x.substring(i1, x.length()): null

16-10-2024T07:01:55 - [TEST_STEP][PASSED] - println(x): null

16-10-2024T07:01:55 - [TEST_STEP][PASSED] - i1 = x.indexOf("/") + 1: null

16-10-2024T07:01:55 - [TEST_STEP][PASSED] - if (i1 > -1): null

16-10-2024T07:01:55 - [TEST_STEP][PASSED] - x = x.substring(i1, x.length()): null

16-10-2024T07:01:55 - [TEST_STEP][PASSED] - println(x): null

16-10-2024T07:01:55 - [TEST_STEP][PASSED] - i1 = x.indexOf("/") + 1: null

16-10-2024T07:01:55 - [TEST_STEP][PASSED] - if (i1 > -1): null

16-10-2024T07:01:55 - [TEST_STEP][PASSED] - x = x.substring(i1, x.length()): null

16-10-2024T07:01:55 - [TEST_STEP][PASSED] - println(x): null

16-10-2024T07:01:55 - [TEST_STEP][PASSED] - i1 = x.indexOf("/") + 1: null

16-10-2024T07:01:55 - [TEST_STEP][PASSED] - if (i1 > -1): null

16-10-2024T07:01:55 - [TEST_STEP][PASSED] - x = x.substring(i1, x.length()): null

16-10-2024T07:01:55 - [TEST_STEP][PASSED] - println(x): null

16-10-2024T07:01:55 - [TEST_STEP][PASSED] - i1 = x.indexOf("/") + 1: null

16-10-2024T07:01:55 - [TEST_STEP][PASSED] - if (i1 > -1): null

16-10-2024T07:01:55 - [TEST_STEP][PASSED] - x = x.substring(i1, x.length()): null

16-10-2024T07:01:55 - [TEST_STEP][PASSED] - println(x): null

16-10-2024T07:01:55 - [TEST_STEP][PASSED] - i1 = x.indexOf("/") + 1: null

16-10-2024T07:01:55 - [TEST_STEP][PASSED] - if (i1 > -1): null

16-10-2024T07:01:55 - [TEST_STEP][PASSED] - x = x.substring(i1, x.length()): null

16-10-2024T07:01:55 - [TEST_STEP][PASSED] - println(x): null

16-10-2024T07:01:55 - [TEST_STEP][PASSED] - i1 = x.indexOf("/"): null

16-10-2024T07:01:55 - [TEST_STEP][PASSED] - if (i1 > -1): null

16-10-2024T07:01:55 - [TEST_STEP][PASSED] - println(x): null

16-10-2024T07:01:55 - [TEST_STEP][FAILED] - return x: null

16-10-2024T07:01:55 - [TEST_STEP][PASSED] - println(tabR + "/" + tabB): null

16-10-2024T07:01:55 - [TEST_STEP][FAILED] - if (verifyEqual(PercFactR, PercFactB) == false): null

16-10-2024T07:01:55 - [MESSAGE][FAILED] - Unable to verify equal between actual object '5.33' and expected object '8.04' (Root cause: com.kms.katalon.core.exception.StepFailedException: Actual object '5.33' and expected object '8.04' are not equal
	at com.kms.katalon.core.keyword.builtin.VerifyEqualKeyword$_verifyEqual_closure1.doCall(VerifyEqualKeyword.groovy:58)
	at com.kms.katalon.core.keyword.builtin.VerifyEqualKeyword$_verifyEqual_closure1.call(VerifyEqualKeyword.groovy)
	at com.kms.katalon.core.keyword.internal.KeywordMain.runKeyword(KeywordMain.groovy:75)
	at com.kms.katalon.core.keyword.builtin.VerifyEqualKeyword.verifyEqual(VerifyEqualKeyword.groovy:63)
	at com.kms.katalon.core.keyword.builtin.VerifyEqualKeyword.execute(VerifyEqualKeyword.groovy:44)
	at com.kms.katalon.core.keyword.internal.KeywordExecutor.executeKeywordForPlatform(KeywordExecutor.groovy:74)
	at com.kms.katalon.core.keyword.BuiltinKeywords.verifyEqual(BuiltinKeywords.groovy:146)
	at java.base/jdk.internal.reflect.NativeMethodAccessorImpl.invoke0(Native Method)
	at java.base/jdk.internal.reflect.NativeMethodAccessorImpl.invoke(NativeMethodAccessorImpl.java:77)
	at java.base/jdk.internal.reflect.DelegatingMethodAccessorImpl.invoke(DelegatingMethodAccessorImpl.java:43)
	at Выполнение бизнес-плана сверка дашбордов.CompareDZOData(Выполнение бизнес-плана сверка дашбордов:771)
	at Выполнение бизнес-плана сверка дашбордов.run(Выполнение бизнес-плана сверка дашбордов:578)
	at com.kms.katalon.core.main.ScriptEngine.run(ScriptEngine.java:194)
	at com.kms.katalon.core.main.ScriptEngine.runScriptAsRawText(ScriptEngine.java:119)
	at com.kms.katalon.core.main.TestCaseExecutor.runScript(TestCaseExecutor.java:448)
	at com.kms.katalon.core.main.TestCaseExecutor.doExecute(TestCaseExecutor.java:439)
	at com.kms.katalon.core.main.TestCaseExecutor.processExecutionPhase(TestCaseExecutor.java:418)
	at com.kms.katalon.core.main.TestCaseExecutor.accessMainPhase(TestCaseExecutor.java:410)
	at com.kms.katalon.core.main.TestCaseExecutor.execute(TestCaseExecutor.java:285)
	at com.kms.katalon.core.common.CommonExecutor.accessTestCaseMainPhase(CommonExecutor.java:65)
	at com.kms.katalon.core.main.TestSuiteExecutor.accessTestSuiteMainPhase(TestSuiteExecutor.java:150)
	at com.kms.katalon.core.main.TestSuiteExecutor.execute(TestSuiteExecutor.java:106)
	at com.kms.katalon.core.main.TestCaseMain.startTestSuite(TestCaseMain.java:180)
	at TempTestSuite1729050801829.run(TempTestSuite1729050801829.groovy:35)
	at java.base/jdk.internal.reflect.NativeMethodAccessorImpl.invoke0(Native Method)
	at java.base/jdk.internal.reflect.NativeMethodAccessorImpl.invoke(NativeMethodAccessorImpl.java:77)
	at java.base/jdk.internal.reflect.DelegatingMethodAccessorImpl.invoke(DelegatingMethodAccessorImpl.java:43)
)

16-10-2024T07:01:55 - [TEST_STEP][PASSED] - result = WriteToExcel(typeOfData, todaysDate, PercPlanR, PercPlanB, PercFactR, PercFactB, x, tabR, tabB, o1R, o1B, vidget): null

16-10-2024T07:01:55 - [TEST_STEP][PASSED] - iii = dZO.indexOf("/"): null

16-10-2024T07:01:55 - [TEST_STEP][PASSED] - println(iii): null

16-10-2024T07:01:55 - [TEST_STEP][PASSED] - dZO = dZO.substring(0, iii): null

16-10-2024T07:01:55 - [TEST_STEP][PASSED] - println(dZO): null

16-10-2024T07:01:55 - [TEST_STEP][PASSED] - println(PercPlanR): null

16-10-2024T07:01:55 - [TEST_STEP][PASSED] - println(PercPlanB): null

16-10-2024T07:01:55 - [TEST_STEP][PASSED] - println(PercFactR): null

16-10-2024T07:01:55 - [TEST_STEP][PASSED] - println(PercFactB): null

16-10-2024T07:01:55 - [TEST_STEP][PASSED] - println(tabR): null

16-10-2024T07:01:55 - [TEST_STEP][PASSED] - println(tabB): null

16-10-2024T07:01:55 - [TEST_STEP][PASSED] - println(o1R): null

16-10-2024T07:01:55 - [TEST_STEP][PASSED] - println(o1B): null

16-10-2024T07:01:55 - [TEST_STEP][PASSED] - PR = <not implemented yet for class: org.codehaus.groovy.ast.expr.EmptyExpression>: null

16-10-2024T07:01:55 - [TEST_STEP][PASSED] - FR = <not implemented yet for class: org.codehaus.groovy.ast.expr.EmptyExpression>: null

16-10-2024T07:01:55 - [TEST_STEP][PASSED] - PB = <not implemented yet for class: org.codehaus.groovy.ast.expr.EmptyExpression>: null

16-10-2024T07:01:55 - [TEST_STEP][PASSED] - FB = <not implemented yet for class: org.codehaus.groovy.ast.expr.EmptyExpression>: null

16-10-2024T07:01:55 - [TEST_STEP][PASSED] - TR = <not implemented yet for class: org.codehaus.groovy.ast.expr.EmptyExpression>: null

16-10-2024T07:01:55 - [TEST_STEP][PASSED] - TB = <not implemented yet for class: org.codehaus.groovy.ast.expr.EmptyExpression>: null

16-10-2024T07:01:55 - [TEST_STEP][PASSED] - sheetName = "Sheet1": null

16-10-2024T07:01:55 - [TEST_STEP][PASSED] - data = findTestData("PlanFact"): null

16-10-2024T07:01:55 - [TEST_STEP][PASSED] - n = data.getRowNumbers() + 1: null

16-10-2024T07:01:55 - [TEST_STEP][PASSED] - year = todaysDate.substring(todaysDate.length() - 4, todaysDate.length()): null

16-10-2024T07:01:55 - [TEST_STEP][PASSED] - y = year.toInteger(): null

16-10-2024T07:01:55 - [TEST_STEP][PASSED] - m = getText(findTestObject("Выполнение бизнес-плана/Выполнение бизнес-плана Балансы/Фильтр Дата")): Text of object 'Object Repository/Выполнение бизнес-плана/Выполнение бизнес-плана Балансы/Фильтр Дата' is: '1, 2 кв., Июль, Август 2024 года'

16-10-2024T07:01:55 - [MESSAGE][PASSED] - Text of object 'Object Repository/Выполнение бизнес-плана/Выполнение бизнес-плана Балансы/Фильтр Дата' is: '1, 2 кв., Июль, Август 2024 года'

16-10-2024T07:01:55 - [TEST_STEP][PASSED] - m = m.substring(0, m.indexOf("2024")): null

16-10-2024T07:01:55 - [TEST_STEP][PASSED] - m = m.trim(): null

16-10-2024T07:01:55 - [TEST_STEP][PASSED] - dashboardName = "Выполнение бизнес-плана": null

16-10-2024T07:01:55 - [TEST_STEP][PASSED] - workbook01 = getWorkbook(excelFilePath): null

16-10-2024T07:01:55 - [TEST_STEP][PASSED] - sheet01 = getExcelSheet(workbook01, sheetName): null

16-10-2024T07:01:55 - [TEST_STEP][PASSED] - setValueToCellByIndex(sheet01, n, 0, dashboardName): null

16-10-2024T07:01:55 - [TEST_STEP][PASSED] - setValueToCellByIndex(sheet01, n, 1, dZO): null

16-10-2024T07:01:55 - [TEST_STEP][PASSED] - setValueToCellByIndex(sheet01, n, 2, typeOfData): null

16-10-2024T07:01:55 - [TEST_STEP][PASSED] - setValueToCellByIndex(sheet01, n, 3, typeOfData): null

16-10-2024T07:01:55 - [TEST_STEP][PASSED] - if (typeOfData == "План"): null

16-10-2024T07:01:55 - [TEST_STEP][PASSED] - else if (typeOfData == "Факт"): null

16-10-2024T07:01:55 - [TEST_STEP][PASSED] - else if (vidget.contains("электроэнергии") == true): null

16-10-2024T07:01:55 - [TEST_STEP][PASSED] - if (tabR == null): null

16-10-2024T07:01:55 - [TEST_STEP][PASSED] - else: null

16-10-2024T07:01:55 - [TEST_STEP][PASSED] - if (tabR == "нет данных"): null

16-10-2024T07:01:55 - [TEST_STEP][PASSED] - else: null

16-10-2024T07:01:55 - [TEST_STEP][PASSED] - TR = tabR.toInteger(): null

16-10-2024T07:01:55 - [TEST_STEP][PASSED] - setValueToCellByIndex(sheet01, n, 4, TR): null

16-10-2024T07:01:55 - [TEST_STEP][PASSED] - if (tabB == null): null

16-10-2024T07:01:55 - [TEST_STEP][PASSED] - else: null

16-10-2024T07:01:55 - [TEST_STEP][PASSED] - if (tabB == "нет данных"): null

16-10-2024T07:01:55 - [TEST_STEP][PASSED] - else: null

16-10-2024T07:01:55 - [TEST_STEP][PASSED] - TB = tabB.toInteger(): null

16-10-2024T07:01:55 - [TEST_STEP][PASSED] - setValueToCellByIndex(sheet01, n, 5, TB): null

16-10-2024T07:01:55 - [TEST_STEP][PASSED] - setValueToCellByIndex(sheet01, n, 6, m): null

16-10-2024T07:01:55 - [TEST_STEP][PASSED] - setValueToCellByIndex(sheet01, n, 7, y): null

16-10-2024T07:01:55 - [TEST_STEP][PASSED] - setValueToCellByIndex(sheet01, n, 8, todaysDate): null

16-10-2024T07:01:55 - [TEST_STEP][PASSED] - n = n + 1: null

16-10-2024T07:01:55 - [TEST_STEP][FAILED] - saveWorkbook(excelFilePath, workbook01): null

16-10-2024T07:01:56 - [TEST_STEP][PASSED] - ii2 = a.indexOf("ПАО"): null

16-10-2024T07:01:56 - [TEST_STEP][PASSED] - if (ii2 == -1): null

16-10-2024T07:01:56 - [TEST_STEP][FAILED] - if (verifyEqual(fR, fB) == false): null

16-10-2024T07:01:56 - [MESSAGE][FAILED] - Unable to verify equal between actual object 'Россети ФСК ЕЭС/нет данных/нет данных/нет данных/нет данных/нет данных/нет данных/нет данных/нет данных/нет данных' and expected object 'Россети ФСК ЕЭС/3.88/3.69/415210387/400422408/14787979/400993683/386020561/14973122/-0.19' (Root cause: com.kms.katalon.core.exception.StepFailedException: Actual object 'Россети ФСК ЕЭС/нет данных/нет данных/нет данных/нет данных/нет данных/нет данных/нет данных/нет данных/нет данных' and expected object 'Россети ФСК ЕЭС/3.88/3.69/415210387/400422408/14787979/400993683/386020561/14973122/-0.19' are not equal
	at com.kms.katalon.core.keyword.builtin.VerifyEqualKeyword$_verifyEqual_closure1.doCall(VerifyEqualKeyword.groovy:58)
	at com.kms.katalon.core.keyword.builtin.VerifyEqualKeyword$_verifyEqual_closure1.call(VerifyEqualKeyword.groovy)
	at com.kms.katalon.core.keyword.internal.KeywordMain.runKeyword(KeywordMain.groovy:75)
	at com.kms.katalon.core.keyword.builtin.VerifyEqualKeyword.verifyEqual(VerifyEqualKeyword.groovy:63)
	at com.kms.katalon.core.keyword.builtin.VerifyEqualKeyword.execute(VerifyEqualKeyword.groovy:44)
	at com.kms.katalon.core.keyword.internal.KeywordExecutor.executeKeywordForPlatform(KeywordExecutor.groovy:74)
	at com.kms.katalon.core.keyword.BuiltinKeywords.verifyEqual(BuiltinKeywords.groovy:146)
	at java.base/jdk.internal.reflect.NativeMethodAccessorImpl.invoke0(Native Method)
	at java.base/jdk.internal.reflect.NativeMethodAccessorImpl.invoke(NativeMethodAccessorImpl.java:77)
	at java.base/jdk.internal.reflect.DelegatingMethodAccessorImpl.invoke(DelegatingMethodAccessorImpl.java:43)
	at Выполнение бизнес-плана сверка дашбордов.run(Выполнение бизнес-плана сверка дашбордов:582)
	at com.kms.katalon.core.main.ScriptEngine.run(ScriptEngine.java:194)
	at com.kms.katalon.core.main.ScriptEngine.runScriptAsRawText(ScriptEngine.java:119)
	at com.kms.katalon.core.main.TestCaseExecutor.runScript(TestCaseExecutor.java:448)
	at com.kms.katalon.core.main.TestCaseExecutor.doExecute(TestCaseExecutor.java:439)
	at com.kms.katalon.core.main.TestCaseExecutor.processExecutionPhase(TestCaseExecutor.java:418)
	at com.kms.katalon.core.main.TestCaseExecutor.accessMainPhase(TestCaseExecutor.java:410)
	at com.kms.katalon.core.main.TestCaseExecutor.execute(TestCaseExecutor.java:285)
	at com.kms.katalon.core.common.CommonExecutor.accessTestCaseMainPhase(CommonExecutor.java:65)
	at com.kms.katalon.core.main.TestSuiteExecutor.accessTestSuiteMainPhase(TestSuiteExecutor.java:150)
	at com.kms.katalon.core.main.TestSuiteExecutor.execute(TestSuiteExecutor.java:106)
	at com.kms.katalon.core.main.TestCaseMain.startTestSuite(TestCaseMain.java:180)
	at TempTestSuite1729050801829.run(TempTestSuite1729050801829.groovy:35)
	at java.base/jdk.internal.reflect.NativeMethodAccessorImpl.invoke0(Native Method)
	at java.base/jdk.internal.reflect.NativeMethodAccessorImpl.invoke(NativeMethodAccessorImpl.java:77)
	at java.base/jdk.internal.reflect.DelegatingMethodAccessorImpl.invoke(DelegatingMethodAccessorImpl.java:43)
)

16-10-2024T07:01:56 - [TEST_STEP][PASSED] - result = CompareDZOData(a = fR, b = fB, dZO, typeOfData, PercPlanR, PercPlanB, PercFactR, PercFactB, todaysDate, x, vidget, tabR, tabB, o1R, o1B): null

16-10-2024T07:01:56 - [TEST_STEP][PASSED] - ii2 = <not implemented yet for class: org.codehaus.groovy.ast.expr.EmptyExpression>: null

16-10-2024T07:01:56 - [TEST_STEP][FAILED] - if (verifyEqual(a, b) == false): null

16-10-2024T07:01:56 - [MESSAGE][FAILED] - Unable to verify equal between actual object 'Россети ФСК ЕЭС/нет данных/нет данных/нет данных/нет данных/нет данных/нет данных/нет данных/нет данных/нет данных' and expected object 'Россети ФСК ЕЭС/3.88/3.69/415210387/400422408/14787979/400993683/386020561/14973122/-0.19' (Root cause: com.kms.katalon.core.exception.StepFailedException: Actual object 'Россети ФСК ЕЭС/нет данных/нет данных/нет данных/нет данных/нет данных/нет данных/нет данных/нет данных/нет данных' and expected object 'Россети ФСК ЕЭС/3.88/3.69/415210387/400422408/14787979/400993683/386020561/14973122/-0.19' are not equal
	at com.kms.katalon.core.keyword.builtin.VerifyEqualKeyword$_verifyEqual_closure1.doCall(VerifyEqualKeyword.groovy:58)
	at com.kms.katalon.core.keyword.builtin.VerifyEqualKeyword$_verifyEqual_closure1.call(VerifyEqualKeyword.groovy)
	at com.kms.katalon.core.keyword.internal.KeywordMain.runKeyword(KeywordMain.groovy:75)
	at com.kms.katalon.core.keyword.builtin.VerifyEqualKeyword.verifyEqual(VerifyEqualKeyword.groovy:63)
	at com.kms.katalon.core.keyword.builtin.VerifyEqualKeyword.execute(VerifyEqualKeyword.groovy:44)
	at com.kms.katalon.core.keyword.internal.KeywordExecutor.executeKeywordForPlatform(KeywordExecutor.groovy:74)
	at com.kms.katalon.core.keyword.BuiltinKeywords.verifyEqual(BuiltinKeywords.groovy:146)
	at java.base/jdk.internal.reflect.NativeMethodAccessorImpl.invoke0(Native Method)
	at java.base/jdk.internal.reflect.NativeMethodAccessorImpl.invoke(NativeMethodAccessorImpl.java:77)
	at java.base/jdk.internal.reflect.DelegatingMethodAccessorImpl.invoke(DelegatingMethodAccessorImpl.java:43)
	at Выполнение бизнес-плана сверка дашбордов.CompareDZOData(Выполнение бизнес-плана сверка дашбордов:673)
	at Выполнение бизнес-плана сверка дашбордов.run(Выполнение бизнес-плана сверка дашбордов:583)
	at com.kms.katalon.core.main.ScriptEngine.run(ScriptEngine.java:194)
	at com.kms.katalon.core.main.ScriptEngine.runScriptAsRawText(ScriptEngine.java:119)
	at com.kms.katalon.core.main.TestCaseExecutor.runScript(TestCaseExecutor.java:448)
	at com.kms.katalon.core.main.TestCaseExecutor.doExecute(TestCaseExecutor.java:439)
	at com.kms.katalon.core.main.TestCaseExecutor.processExecutionPhase(TestCaseExecutor.java:418)
	at com.kms.katalon.core.main.TestCaseExecutor.accessMainPhase(TestCaseExecutor.java:410)
	at com.kms.katalon.core.main.TestCaseExecutor.execute(TestCaseExecutor.java:285)
	at com.kms.katalon.core.common.CommonExecutor.accessTestCaseMainPhase(CommonExecutor.java:65)
	at com.kms.katalon.core.main.TestSuiteExecutor.accessTestSuiteMainPhase(TestSuiteExecutor.java:150)
	at com.kms.katalon.core.main.TestSuiteExecutor.execute(TestSuiteExecutor.java:106)
	at com.kms.katalon.core.main.TestCaseMain.startTestSuite(TestCaseMain.java:180)
	at TempTestSuite1729050801829.run(TempTestSuite1729050801829.groovy:35)
	at java.base/jdk.internal.reflect.NativeMethodAccessorImpl.invoke0(Native Method)
	at java.base/jdk.internal.reflect.NativeMethodAccessorImpl.invoke(NativeMethodAccessorImpl.java:77)
	at java.base/jdk.internal.reflect.DelegatingMethodAccessorImpl.invoke(DelegatingMethodAccessorImpl.java:43)
)

16-10-2024T07:01:56 - [TEST_STEP][PASSED] - vidget = "Уровень потерь электроэнергии": null

16-10-2024T07:01:56 - [TEST_STEP][PASSED] - typeOfData = "План": null

16-10-2024T07:01:56 - [TEST_STEP][PASSED] - PercPlanR = GetPercPlanR(x = a): null

16-10-2024T07:01:56 - [TEST_STEP][PASSED] - i1 = <not implemented yet for class: org.codehaus.groovy.ast.expr.EmptyExpression>: null

16-10-2024T07:01:56 - [TEST_STEP][PASSED] - i1 = x.indexOf("/") + 1: null

16-10-2024T07:01:56 - [TEST_STEP][PASSED] - if (i1 > -1): null

16-10-2024T07:01:56 - [TEST_STEP][PASSED] - x = x.substring(i1, x.length()): null

16-10-2024T07:01:56 - [TEST_STEP][PASSED] - i1 = x.indexOf("/"): null

16-10-2024T07:01:56 - [TEST_STEP][PASSED] - if (i1 > -1): null

16-10-2024T07:01:56 - [TEST_STEP][PASSED] - x = x.substring(0, i1): null

16-10-2024T07:01:56 - [TEST_STEP][PASSED] - return x: null

16-10-2024T07:01:56 - [TEST_STEP][PASSED] - PercPlanB = GetPercPlanB(x = b): null

16-10-2024T07:01:56 - [TEST_STEP][PASSED] - i1 = <not implemented yet for class: org.codehaus.groovy.ast.expr.EmptyExpression>: null

16-10-2024T07:01:56 - [TEST_STEP][PASSED] - i1 = x.indexOf("/") + 1: null

16-10-2024T07:01:56 - [TEST_STEP][PASSED] - if (i1 > -1): null

16-10-2024T07:01:56 - [TEST_STEP][PASSED] - x = x.substring(i1, x.length()): null

16-10-2024T07:01:56 - [TEST_STEP][PASSED] - i1 = x.indexOf("/"): null

16-10-2024T07:01:56 - [TEST_STEP][PASSED] - if (i1 > -1): null

16-10-2024T07:01:56 - [TEST_STEP][PASSED] - x = x.substring(0, i1): null

16-10-2024T07:01:56 - [TEST_STEP][FAILED] - return x: null

16-10-2024T07:01:56 - [TEST_STEP][FAILED] - if (verifyEqual(PercPlanR, PercPlanB) == false): null

16-10-2024T07:01:56 - [MESSAGE][FAILED] - Unable to verify equal between actual object 'нет данных' and expected object '3.88' (Root cause: com.kms.katalon.core.exception.StepFailedException: Actual object 'нет данных' and expected object '3.88' are not equal
	at com.kms.katalon.core.keyword.builtin.VerifyEqualKeyword$_verifyEqual_closure1.doCall(VerifyEqualKeyword.groovy:58)
	at com.kms.katalon.core.keyword.builtin.VerifyEqualKeyword$_verifyEqual_closure1.call(VerifyEqualKeyword.groovy)
	at com.kms.katalon.core.keyword.internal.KeywordMain.runKeyword(KeywordMain.groovy:75)
	at com.kms.katalon.core.keyword.builtin.VerifyEqualKeyword.verifyEqual(VerifyEqualKeyword.groovy:63)
	at com.kms.katalon.core.keyword.builtin.VerifyEqualKeyword.execute(VerifyEqualKeyword.groovy:44)
	at com.kms.katalon.core.keyword.internal.KeywordExecutor.executeKeywordForPlatform(KeywordExecutor.groovy:74)
	at com.kms.katalon.core.keyword.BuiltinKeywords.verifyEqual(BuiltinKeywords.groovy:146)
	at java.base/jdk.internal.reflect.NativeMethodAccessorImpl.invoke0(Native Method)
	at java.base/jdk.internal.reflect.NativeMethodAccessorImpl.invoke(NativeMethodAccessorImpl.java:77)
	at java.base/jdk.internal.reflect.DelegatingMethodAccessorImpl.invoke(DelegatingMethodAccessorImpl.java:43)
	at Выполнение бизнес-плана сверка дашбордов.CompareDZOData(Выполнение бизнес-плана сверка дашбордов:682)
	at Выполнение бизнес-плана сверка дашбордов.run(Выполнение бизнес-плана сверка дашбордов:583)
	at com.kms.katalon.core.main.ScriptEngine.run(ScriptEngine.java:194)
	at com.kms.katalon.core.main.ScriptEngine.runScriptAsRawText(ScriptEngine.java:119)
	at com.kms.katalon.core.main.TestCaseExecutor.runScript(TestCaseExecutor.java:448)
	at com.kms.katalon.core.main.TestCaseExecutor.doExecute(TestCaseExecutor.java:439)
	at com.kms.katalon.core.main.TestCaseExecutor.processExecutionPhase(TestCaseExecutor.java:418)
	at com.kms.katalon.core.main.TestCaseExecutor.accessMainPhase(TestCaseExecutor.java:410)
	at com.kms.katalon.core.main.TestCaseExecutor.execute(TestCaseExecutor.java:285)
	at com.kms.katalon.core.common.CommonExecutor.accessTestCaseMainPhase(CommonExecutor.java:65)
	at com.kms.katalon.core.main.TestSuiteExecutor.accessTestSuiteMainPhase(TestSuiteExecutor.java:150)
	at com.kms.katalon.core.main.TestSuiteExecutor.execute(TestSuiteExecutor.java:106)
	at com.kms.katalon.core.main.TestCaseMain.startTestSuite(TestCaseMain.java:180)
	at TempTestSuite1729050801829.run(TempTestSuite1729050801829.groovy:35)
	at java.base/jdk.internal.reflect.NativeMethodAccessorImpl.invoke0(Native Method)
	at java.base/jdk.internal.reflect.NativeMethodAccessorImpl.invoke(NativeMethodAccessorImpl.java:77)
	at java.base/jdk.internal.reflect.DelegatingMethodAccessorImpl.invoke(DelegatingMethodAccessorImpl.java:43)
)

16-10-2024T07:01:56 - [TEST_STEP][PASSED] - result = WriteToExcel(typeOfData, todaysDate, PercPlanR, PercPlanB, PercFactR, PercFactB, x, tabR, tabB, o1R, o1B, vidget): null

16-10-2024T07:01:56 - [TEST_STEP][PASSED] - iii = dZO.indexOf("/"): null

16-10-2024T07:01:56 - [TEST_STEP][PASSED] - println(iii): null

16-10-2024T07:01:56 - [TEST_STEP][PASSED] - dZO = dZO.substring(0, iii): null

16-10-2024T07:01:56 - [TEST_STEP][PASSED] - println(dZO): null

16-10-2024T07:01:56 - [TEST_STEP][PASSED] - println(PercPlanR): null

16-10-2024T07:01:56 - [TEST_STEP][PASSED] - println(PercPlanB): null

16-10-2024T07:01:56 - [TEST_STEP][PASSED] - println(PercFactR): null

16-10-2024T07:01:56 - [TEST_STEP][PASSED] - println(PercFactB): null

16-10-2024T07:01:56 - [TEST_STEP][PASSED] - println(tabR): null

16-10-2024T07:01:56 - [TEST_STEP][PASSED] - println(tabB): null

16-10-2024T07:01:56 - [TEST_STEP][PASSED] - println(o1R): null

16-10-2024T07:01:56 - [TEST_STEP][PASSED] - println(o1B): null

16-10-2024T07:01:56 - [TEST_STEP][PASSED] - PR = <not implemented yet for class: org.codehaus.groovy.ast.expr.EmptyExpression>: null

16-10-2024T07:01:56 - [TEST_STEP][PASSED] - FR = <not implemented yet for class: org.codehaus.groovy.ast.expr.EmptyExpression>: null

16-10-2024T07:01:56 - [TEST_STEP][PASSED] - PB = <not implemented yet for class: org.codehaus.groovy.ast.expr.EmptyExpression>: null

16-10-2024T07:01:56 - [TEST_STEP][PASSED] - FB = <not implemented yet for class: org.codehaus.groovy.ast.expr.EmptyExpression>: null

16-10-2024T07:01:56 - [TEST_STEP][PASSED] - TR = <not implemented yet for class: org.codehaus.groovy.ast.expr.EmptyExpression>: null

16-10-2024T07:01:56 - [TEST_STEP][PASSED] - TB = <not implemented yet for class: org.codehaus.groovy.ast.expr.EmptyExpression>: null

16-10-2024T07:01:56 - [TEST_STEP][PASSED] - sheetName = "Sheet1": null

16-10-2024T07:01:56 - [TEST_STEP][PASSED] - data = findTestData("PlanFact"): null

16-10-2024T07:01:56 - [TEST_STEP][PASSED] - n = data.getRowNumbers() + 1: null

16-10-2024T07:01:56 - [TEST_STEP][PASSED] - year = todaysDate.substring(todaysDate.length() - 4, todaysDate.length()): null

16-10-2024T07:01:56 - [TEST_STEP][PASSED] - y = year.toInteger(): null

16-10-2024T07:01:56 - [TEST_STEP][PASSED] - m = getText(findTestObject("Выполнение бизнес-плана/Выполнение бизнес-плана Балансы/Фильтр Дата")): Text of object 'Object Repository/Выполнение бизнес-плана/Выполнение бизнес-плана Балансы/Фильтр Дата' is: '1, 2 кв., Июль, Август 2024 года'

16-10-2024T07:01:56 - [MESSAGE][PASSED] - Text of object 'Object Repository/Выполнение бизнес-плана/Выполнение бизнес-плана Балансы/Фильтр Дата' is: '1, 2 кв., Июль, Август 2024 года'

16-10-2024T07:01:56 - [TEST_STEP][PASSED] - m = m.substring(0, m.indexOf("2024")): null

16-10-2024T07:01:56 - [TEST_STEP][PASSED] - m = m.trim(): null

16-10-2024T07:01:56 - [TEST_STEP][PASSED] - dashboardName = "Выполнение бизнес-плана": null

16-10-2024T07:01:56 - [TEST_STEP][PASSED] - workbook01 = getWorkbook(excelFilePath): null

16-10-2024T07:01:56 - [TEST_STEP][PASSED] - sheet01 = getExcelSheet(workbook01, sheetName): null

16-10-2024T07:01:56 - [TEST_STEP][PASSED] - setValueToCellByIndex(sheet01, n, 0, dashboardName): null

16-10-2024T07:01:56 - [TEST_STEP][PASSED] - setValueToCellByIndex(sheet01, n, 1, dZO): null

16-10-2024T07:01:56 - [TEST_STEP][PASSED] - setValueToCellByIndex(sheet01, n, 2, typeOfData): null

16-10-2024T07:01:56 - [TEST_STEP][PASSED] - setValueToCellByIndex(sheet01, n, 3, typeOfData): null

16-10-2024T07:01:56 - [TEST_STEP][PASSED] - if (typeOfData == "План"): null

16-10-2024T07:01:56 - [TEST_STEP][PASSED] - if (PercPlanR == null): null

16-10-2024T07:01:56 - [TEST_STEP][PASSED] - else: null

16-10-2024T07:01:56 - [TEST_STEP][PASSED] - if (PercPlanR == "нет данных"): null

16-10-2024T07:01:56 - [TEST_STEP][PASSED] - setValueToCellByIndex(sheet01, n, 4, "нет данных"): null

16-10-2024T07:01:56 - [TEST_STEP][PASSED] - if (PercPlanB == null): null

16-10-2024T07:01:56 - [TEST_STEP][PASSED] - else: null

16-10-2024T07:01:56 - [TEST_STEP][PASSED] - if (PercPlanB == "нет данных"): null

16-10-2024T07:01:56 - [TEST_STEP][PASSED] - else: null

16-10-2024T07:01:56 - [TEST_STEP][PASSED] - PB = PercPlanB.toDouble(): null

16-10-2024T07:01:56 - [TEST_STEP][PASSED] - setValueToCellByIndex(sheet01, n, 5, PB): null

16-10-2024T07:01:56 - [TEST_STEP][PASSED] - setValueToCellByIndex(sheet01, n, 6, m): null

16-10-2024T07:01:56 - [TEST_STEP][PASSED] - setValueToCellByIndex(sheet01, n, 7, y): null

16-10-2024T07:01:56 - [TEST_STEP][PASSED] - setValueToCellByIndex(sheet01, n, 8, todaysDate): null

16-10-2024T07:01:56 - [TEST_STEP][PASSED] - n = n + 1: null

16-10-2024T07:01:56 - [TEST_STEP][PASSED] - saveWorkbook(excelFilePath, workbook01): null

16-10-2024T07:01:56 - [TEST_STEP][PASSED] - typeOfData = "Факт": null

16-10-2024T07:01:56 - [TEST_STEP][PASSED] - PercFactR = GetPercFactR(x = a): null

16-10-2024T07:01:56 - [TEST_STEP][PASSED] - i1 = <not implemented yet for class: org.codehaus.groovy.ast.expr.EmptyExpression>: null

16-10-2024T07:01:56 - [TEST_STEP][PASSED] - ii = <not implemented yet for class: org.codehaus.groovy.ast.expr.EmptyExpression>: null

16-10-2024T07:01:56 - [TEST_STEP][PASSED] - for ([ii = 1, ii < 3, (ii++)]): null

16-10-2024T07:01:56 - [TEST_STEP][PASSED] - i1 = x.indexOf("/") + 1: null

16-10-2024T07:01:56 - [TEST_STEP][PASSED] - if (i1 > -1): null

16-10-2024T07:01:56 - [TEST_STEP][PASSED] - x = x.substring(i1, x.length()): null

16-10-2024T07:01:56 - [TEST_STEP][PASSED] - println(x): null

16-10-2024T07:01:56 - [TEST_STEP][PASSED] - i1 = x.indexOf("/") + 1: null

16-10-2024T07:01:56 - [TEST_STEP][PASSED] - if (i1 > -1): null

16-10-2024T07:01:56 - [TEST_STEP][PASSED] - x = x.substring(i1, x.length()): null

16-10-2024T07:01:56 - [TEST_STEP][PASSED] - println(x): null

16-10-2024T07:01:56 - [TEST_STEP][PASSED] - i1 = x.indexOf("/"): null

16-10-2024T07:01:56 - [TEST_STEP][PASSED] - if (i1 > -1): null

16-10-2024T07:01:56 - [TEST_STEP][PASSED] - x = x.substring(0, i1): null

16-10-2024T07:01:56 - [TEST_STEP][PASSED] - println(x): null

16-10-2024T07:01:56 - [TEST_STEP][PASSED] - return x: null

16-10-2024T07:01:56 - [TEST_STEP][PASSED] - PercFactB = GetPercFactB(x = b): null

16-10-2024T07:01:56 - [TEST_STEP][PASSED] - i1 = <not implemented yet for class: org.codehaus.groovy.ast.expr.EmptyExpression>: null

16-10-2024T07:01:56 - [TEST_STEP][PASSED] - ii = <not implemented yet for class: org.codehaus.groovy.ast.expr.EmptyExpression>: null

16-10-2024T07:01:56 - [TEST_STEP][PASSED] - for ([ii = 1, ii < 3, (ii++)]): null

16-10-2024T07:01:56 - [TEST_STEP][PASSED] - i1 = x.indexOf("/") + 1: null

16-10-2024T07:01:56 - [TEST_STEP][PASSED] - if (i1 > -1): null

16-10-2024T07:01:56 - [TEST_STEP][PASSED] - x = x.substring(i1, x.length()): null

16-10-2024T07:01:56 - [TEST_STEP][PASSED] - println(x): null

16-10-2024T07:01:56 - [TEST_STEP][PASSED] - i1 = x.indexOf("/") + 1: null

16-10-2024T07:01:56 - [TEST_STEP][PASSED] - if (i1 > -1): null

16-10-2024T07:01:56 - [TEST_STEP][PASSED] - x = x.substring(i1, x.length()): null

16-10-2024T07:01:56 - [TEST_STEP][PASSED] - println(x): null

16-10-2024T07:01:56 - [TEST_STEP][PASSED] - i1 = x.indexOf("/"): null

16-10-2024T07:01:56 - [TEST_STEP][PASSED] - if (i1 > -1): null

16-10-2024T07:01:56 - [TEST_STEP][PASSED] - x = x.substring(0, i1): null

16-10-2024T07:01:56 - [TEST_STEP][PASSED] - println(x): null

16-10-2024T07:01:56 - [TEST_STEP][FAILED] - return x: null

16-10-2024T07:01:56 - [TEST_STEP][FAILED] - if (verifyEqual(PercFactR, PercFactB) == false): null

16-10-2024T07:01:56 - [MESSAGE][FAILED] - Unable to verify equal between actual object 'нет данных' and expected object '3.69' (Root cause: com.kms.katalon.core.exception.StepFailedException: Actual object 'нет данных' and expected object '3.69' are not equal
	at com.kms.katalon.core.keyword.builtin.VerifyEqualKeyword$_verifyEqual_closure1.doCall(VerifyEqualKeyword.groovy:58)
	at com.kms.katalon.core.keyword.builtin.VerifyEqualKeyword$_verifyEqual_closure1.call(VerifyEqualKeyword.groovy)
	at com.kms.katalon.core.keyword.internal.KeywordMain.runKeyword(KeywordMain.groovy:75)
	at com.kms.katalon.core.keyword.builtin.VerifyEqualKeyword.verifyEqual(VerifyEqualKeyword.groovy:63)
	at com.kms.katalon.core.keyword.builtin.VerifyEqualKeyword.execute(VerifyEqualKeyword.groovy:44)
	at com.kms.katalon.core.keyword.internal.KeywordExecutor.executeKeywordForPlatform(KeywordExecutor.groovy:74)
	at com.kms.katalon.core.keyword.BuiltinKeywords.verifyEqual(BuiltinKeywords.groovy:146)
	at java.base/jdk.internal.reflect.NativeMethodAccessorImpl.invoke0(Native Method)
	at java.base/jdk.internal.reflect.NativeMethodAccessorImpl.invoke(NativeMethodAccessorImpl.java:77)
	at java.base/jdk.internal.reflect.DelegatingMethodAccessorImpl.invoke(DelegatingMethodAccessorImpl.java:43)
	at Выполнение бизнес-плана сверка дашбордов.CompareDZOData(Выполнение бизнес-плана сверка дашбордов:693)
	at Выполнение бизнес-плана сверка дашбордов.run(Выполнение бизнес-плана сверка дашбордов:583)
	at com.kms.katalon.core.main.ScriptEngine.run(ScriptEngine.java:194)
	at com.kms.katalon.core.main.ScriptEngine.runScriptAsRawText(ScriptEngine.java:119)
	at com.kms.katalon.core.main.TestCaseExecutor.runScript(TestCaseExecutor.java:448)
	at com.kms.katalon.core.main.TestCaseExecutor.doExecute(TestCaseExecutor.java:439)
	at com.kms.katalon.core.main.TestCaseExecutor.processExecutionPhase(TestCaseExecutor.java:418)
	at com.kms.katalon.core.main.TestCaseExecutor.accessMainPhase(TestCaseExecutor.java:410)
	at com.kms.katalon.core.main.TestCaseExecutor.execute(TestCaseExecutor.java:285)
	at com.kms.katalon.core.common.CommonExecutor.accessTestCaseMainPhase(CommonExecutor.java:65)
	at com.kms.katalon.core.main.TestSuiteExecutor.accessTestSuiteMainPhase(TestSuiteExecutor.java:150)
	at com.kms.katalon.core.main.TestSuiteExecutor.execute(TestSuiteExecutor.java:106)
	at com.kms.katalon.core.main.TestCaseMain.startTestSuite(TestCaseMain.java:180)
	at TempTestSuite1729050801829.run(TempTestSuite1729050801829.groovy:35)
	at java.base/jdk.internal.reflect.NativeMethodAccessorImpl.invoke0(Native Method)
	at java.base/jdk.internal.reflect.NativeMethodAccessorImpl.invoke(NativeMethodAccessorImpl.java:77)
	at java.base/jdk.internal.reflect.DelegatingMethodAccessorImpl.invoke(DelegatingMethodAccessorImpl.java:43)
)

16-10-2024T07:01:56 - [TEST_STEP][PASSED] - result = WriteToExcel(typeOfData, todaysDate, PercPlanR, PercPlanB, PercFactR, PercFactB, x, tabR, tabB, o1R, o1B, vidget): null

16-10-2024T07:01:56 - [TEST_STEP][PASSED] - iii = dZO.indexOf("/"): null

16-10-2024T07:01:56 - [TEST_STEP][PASSED] - println(iii): null

16-10-2024T07:01:56 - [TEST_STEP][PASSED] - dZO = dZO.substring(0, iii): null

16-10-2024T07:01:56 - [TEST_STEP][PASSED] - println(dZO): null

16-10-2024T07:01:56 - [TEST_STEP][PASSED] - println(PercPlanR): null

16-10-2024T07:01:56 - [TEST_STEP][PASSED] - println(PercPlanB): null

16-10-2024T07:01:56 - [TEST_STEP][PASSED] - println(PercFactR): null

16-10-2024T07:01:56 - [TEST_STEP][PASSED] - println(PercFactB): null

16-10-2024T07:01:56 - [TEST_STEP][PASSED] - println(tabR): null

16-10-2024T07:01:56 - [TEST_STEP][PASSED] - println(tabB): null

16-10-2024T07:01:56 - [TEST_STEP][PASSED] - println(o1R): null

16-10-2024T07:01:56 - [TEST_STEP][PASSED] - println(o1B): null

16-10-2024T07:01:56 - [TEST_STEP][PASSED] - PR = <not implemented yet for class: org.codehaus.groovy.ast.expr.EmptyExpression>: null

16-10-2024T07:01:56 - [TEST_STEP][PASSED] - FR = <not implemented yet for class: org.codehaus.groovy.ast.expr.EmptyExpression>: null

16-10-2024T07:01:56 - [TEST_STEP][PASSED] - PB = <not implemented yet for class: org.codehaus.groovy.ast.expr.EmptyExpression>: null

16-10-2024T07:01:56 - [TEST_STEP][PASSED] - FB = <not implemented yet for class: org.codehaus.groovy.ast.expr.EmptyExpression>: null

16-10-2024T07:01:56 - [TEST_STEP][PASSED] - TR = <not implemented yet for class: org.codehaus.groovy.ast.expr.EmptyExpression>: null

16-10-2024T07:01:56 - [TEST_STEP][PASSED] - TB = <not implemented yet for class: org.codehaus.groovy.ast.expr.EmptyExpression>: null

16-10-2024T07:01:56 - [TEST_STEP][PASSED] - sheetName = "Sheet1": null

16-10-2024T07:01:56 - [TEST_STEP][PASSED] - data = findTestData("PlanFact"): null

16-10-2024T07:01:57 - [TEST_STEP][PASSED] - n = data.getRowNumbers() + 1: null

16-10-2024T07:01:57 - [TEST_STEP][PASSED] - year = todaysDate.substring(todaysDate.length() - 4, todaysDate.length()): null

16-10-2024T07:01:57 - [TEST_STEP][PASSED] - y = year.toInteger(): null

16-10-2024T07:01:57 - [TEST_STEP][PASSED] - m = getText(findTestObject("Выполнение бизнес-плана/Выполнение бизнес-плана Балансы/Фильтр Дата")): Text of object 'Object Repository/Выполнение бизнес-плана/Выполнение бизнес-плана Балансы/Фильтр Дата' is: '1, 2 кв., Июль, Август 2024 года'

16-10-2024T07:01:57 - [MESSAGE][PASSED] - Text of object 'Object Repository/Выполнение бизнес-плана/Выполнение бизнес-плана Балансы/Фильтр Дата' is: '1, 2 кв., Июль, Август 2024 года'

16-10-2024T07:01:57 - [TEST_STEP][PASSED] - m = m.substring(0, m.indexOf("2024")): null

16-10-2024T07:01:57 - [TEST_STEP][PASSED] - m = m.trim(): null

16-10-2024T07:01:57 - [TEST_STEP][PASSED] - dashboardName = "Выполнение бизнес-плана": null

16-10-2024T07:01:57 - [TEST_STEP][PASSED] - workbook01 = getWorkbook(excelFilePath): null

16-10-2024T07:01:57 - [TEST_STEP][PASSED] - sheet01 = getExcelSheet(workbook01, sheetName): null

16-10-2024T07:01:57 - [TEST_STEP][PASSED] - setValueToCellByIndex(sheet01, n, 0, dashboardName): null

16-10-2024T07:01:57 - [TEST_STEP][PASSED] - setValueToCellByIndex(sheet01, n, 1, dZO): null

16-10-2024T07:01:57 - [TEST_STEP][PASSED] - setValueToCellByIndex(sheet01, n, 2, typeOfData): null

16-10-2024T07:01:57 - [TEST_STEP][PASSED] - setValueToCellByIndex(sheet01, n, 3, typeOfData): null

16-10-2024T07:01:57 - [TEST_STEP][PASSED] - if (typeOfData == "План"): null

16-10-2024T07:01:57 - [TEST_STEP][PASSED] - else if (typeOfData == "Факт"): null

16-10-2024T07:01:57 - [TEST_STEP][PASSED] - if (PercFactR == null): null

16-10-2024T07:01:57 - [TEST_STEP][PASSED] - else: null

16-10-2024T07:01:57 - [TEST_STEP][PASSED] - if (PercFactR == "нет данных"): null

16-10-2024T07:01:57 - [TEST_STEP][PASSED] - setValueToCellByIndex(sheet01, n, 4, "нет данных"): null

16-10-2024T07:01:57 - [TEST_STEP][PASSED] - if (PercFactB == null): null

16-10-2024T07:01:57 - [TEST_STEP][PASSED] - else: null

16-10-2024T07:01:57 - [TEST_STEP][PASSED] - if (PercFactB == "нет данных"): null

16-10-2024T07:01:57 - [TEST_STEP][PASSED] - else: null

16-10-2024T07:01:57 - [TEST_STEP][PASSED] - FB = PercFactB.toDouble(): null

16-10-2024T07:01:57 - [TEST_STEP][PASSED] - setValueToCellByIndex(sheet01, n, 5, FB): null

16-10-2024T07:01:57 - [TEST_STEP][PASSED] - setValueToCellByIndex(sheet01, n, 6, m): null

16-10-2024T07:01:57 - [TEST_STEP][PASSED] - setValueToCellByIndex(sheet01, n, 7, y): null

16-10-2024T07:01:57 - [TEST_STEP][PASSED] - setValueToCellByIndex(sheet01, n, 8, todaysDate): null

16-10-2024T07:01:57 - [TEST_STEP][PASSED] - n = n + 1: null

16-10-2024T07:01:57 - [TEST_STEP][PASSED] - saveWorkbook(excelFilePath, workbook01): null

16-10-2024T07:01:57 - [TEST_STEP][PASSED] - vidget = "Показатели баланса электроэнергии по ДЗО – Факт": null

16-10-2024T07:01:57 - [TEST_STEP][PASSED] - typeOfData = "Факт Отпуск в сеть": null

16-10-2024T07:01:57 - [TEST_STEP][PASSED] - tabR = GetOvSFactR(x = a): null

16-10-2024T07:01:57 - [TEST_STEP][PASSED] - i1 = <not implemented yet for class: org.codehaus.groovy.ast.expr.EmptyExpression>: null

16-10-2024T07:01:57 - [TEST_STEP][PASSED] - ii = <not implemented yet for class: org.codehaus.groovy.ast.expr.EmptyExpression>: null

16-10-2024T07:01:57 - [TEST_STEP][PASSED] - for ([ii = 1, ii < 4, (ii++)]): null

16-10-2024T07:01:57 - [TEST_STEP][PASSED] - i1 = x.indexOf("/") + 1: null

16-10-2024T07:01:57 - [TEST_STEP][PASSED] - if (i1 > -1): null

16-10-2024T07:01:57 - [TEST_STEP][PASSED] - x = x.substring(i1, x.length()): null

16-10-2024T07:01:57 - [TEST_STEP][PASSED] - println(x): null

16-10-2024T07:01:57 - [TEST_STEP][PASSED] - i1 = x.indexOf("/") + 1: null

16-10-2024T07:01:57 - [TEST_STEP][PASSED] - if (i1 > -1): null

16-10-2024T07:01:57 - [TEST_STEP][PASSED] - x = x.substring(i1, x.length()): null

16-10-2024T07:01:57 - [TEST_STEP][PASSED] - println(x): null

16-10-2024T07:01:57 - [TEST_STEP][PASSED] - i1 = x.indexOf("/") + 1: null

16-10-2024T07:01:57 - [TEST_STEP][PASSED] - if (i1 > -1): null

16-10-2024T07:01:57 - [TEST_STEP][PASSED] - x = x.substring(i1, x.length()): null

16-10-2024T07:01:57 - [TEST_STEP][PASSED] - println(x): null

16-10-2024T07:01:57 - [TEST_STEP][PASSED] - i1 = x.indexOf("/"): null

16-10-2024T07:01:57 - [TEST_STEP][PASSED] - if (i1 > -1): null

16-10-2024T07:01:57 - [TEST_STEP][PASSED] - x = x.substring(0, i1): null

16-10-2024T07:01:57 - [TEST_STEP][PASSED] - println(x): null

16-10-2024T07:01:57 - [TEST_STEP][PASSED] - return x: null

16-10-2024T07:01:57 - [TEST_STEP][PASSED] - tabB = GetOvSFactB(x = b): null

16-10-2024T07:01:57 - [TEST_STEP][PASSED] - i1 = <not implemented yet for class: org.codehaus.groovy.ast.expr.EmptyExpression>: null

16-10-2024T07:01:57 - [TEST_STEP][PASSED] - ii = <not implemented yet for class: org.codehaus.groovy.ast.expr.EmptyExpression>: null

16-10-2024T07:01:57 - [TEST_STEP][PASSED] - for ([ii = 1, ii < 4, (ii++)]): null

16-10-2024T07:01:57 - [TEST_STEP][PASSED] - i1 = x.indexOf("/") + 1: null

16-10-2024T07:01:57 - [TEST_STEP][PASSED] - if (i1 > -1): null

16-10-2024T07:01:57 - [TEST_STEP][PASSED] - x = x.substring(i1, x.length()): null

16-10-2024T07:01:57 - [TEST_STEP][PASSED] - println(x): null

16-10-2024T07:01:57 - [TEST_STEP][PASSED] - i1 = x.indexOf("/") + 1: null

16-10-2024T07:01:57 - [TEST_STEP][PASSED] - if (i1 > -1): null

16-10-2024T07:01:57 - [TEST_STEP][PASSED] - x = x.substring(i1, x.length()): null

16-10-2024T07:01:57 - [TEST_STEP][PASSED] - println(x): null

16-10-2024T07:01:57 - [TEST_STEP][PASSED] - i1 = x.indexOf("/") + 1: null

16-10-2024T07:01:57 - [TEST_STEP][PASSED] - if (i1 > -1): null

16-10-2024T07:01:57 - [TEST_STEP][PASSED] - x = x.substring(i1, x.length()): null

16-10-2024T07:01:57 - [TEST_STEP][PASSED] - println(x): null

16-10-2024T07:01:57 - [TEST_STEP][PASSED] - i1 = x.indexOf("/"): null

16-10-2024T07:01:57 - [TEST_STEP][PASSED] - if (i1 > -1): null

16-10-2024T07:01:57 - [TEST_STEP][PASSED] - x = x.substring(0, i1): null

16-10-2024T07:01:57 - [TEST_STEP][PASSED] - println(x): null

16-10-2024T07:01:57 - [TEST_STEP][FAILED] - return x: null

16-10-2024T07:01:57 - [TEST_STEP][FAILED] - if (verifyEqual(tabR, tabB) == false): null

16-10-2024T07:01:57 - [MESSAGE][FAILED] - Unable to verify equal between actual object 'нет данных' and expected object '415210387' (Root cause: com.kms.katalon.core.exception.StepFailedException: Actual object 'нет данных' and expected object '415210387' are not equal
	at com.kms.katalon.core.keyword.builtin.VerifyEqualKeyword$_verifyEqual_closure1.doCall(VerifyEqualKeyword.groovy:58)
	at com.kms.katalon.core.keyword.builtin.VerifyEqualKeyword$_verifyEqual_closure1.call(VerifyEqualKeyword.groovy)
	at com.kms.katalon.core.keyword.internal.KeywordMain.runKeyword(KeywordMain.groovy:75)
	at com.kms.katalon.core.keyword.builtin.VerifyEqualKeyword.verifyEqual(VerifyEqualKeyword.groovy:63)
	at com.kms.katalon.core.keyword.builtin.VerifyEqualKeyword.execute(VerifyEqualKeyword.groovy:44)
	at com.kms.katalon.core.keyword.internal.KeywordExecutor.executeKeywordForPlatform(KeywordExecutor.groovy:74)
	at com.kms.katalon.core.keyword.BuiltinKeywords.verifyEqual(BuiltinKeywords.groovy:146)
	at java.base/jdk.internal.reflect.NativeMethodAccessorImpl.invoke0(Native Method)
	at java.base/jdk.internal.reflect.NativeMethodAccessorImpl.invoke(NativeMethodAccessorImpl.java:77)
	at java.base/jdk.internal.reflect.DelegatingMethodAccessorImpl.invoke(DelegatingMethodAccessorImpl.java:43)
	at Выполнение бизнес-плана сверка дашбордов.CompareDZOData(Выполнение бизнес-плана сверка дашбордов:706)
	at Выполнение бизнес-плана сверка дашбордов.run(Выполнение бизнес-плана сверка дашбордов:583)
	at com.kms.katalon.core.main.ScriptEngine.run(ScriptEngine.java:194)
	at com.kms.katalon.core.main.ScriptEngine.runScriptAsRawText(ScriptEngine.java:119)
	at com.kms.katalon.core.main.TestCaseExecutor.runScript(TestCaseExecutor.java:448)
	at com.kms.katalon.core.main.TestCaseExecutor.doExecute(TestCaseExecutor.java:439)
	at com.kms.katalon.core.main.TestCaseExecutor.processExecutionPhase(TestCaseExecutor.java:418)
	at com.kms.katalon.core.main.TestCaseExecutor.accessMainPhase(TestCaseExecutor.java:410)
	at com.kms.katalon.core.main.TestCaseExecutor.execute(TestCaseExecutor.java:285)
	at com.kms.katalon.core.common.CommonExecutor.accessTestCaseMainPhase(CommonExecutor.java:65)
	at com.kms.katalon.core.main.TestSuiteExecutor.accessTestSuiteMainPhase(TestSuiteExecutor.java:150)
	at com.kms.katalon.core.main.TestSuiteExecutor.execute(TestSuiteExecutor.java:106)
	at com.kms.katalon.core.main.TestCaseMain.startTestSuite(TestCaseMain.java:180)
	at TempTestSuite1729050801829.run(TempTestSuite1729050801829.groovy:35)
	at java.base/jdk.internal.reflect.NativeMethodAccessorImpl.invoke0(Native Method)
	at java.base/jdk.internal.reflect.NativeMethodAccessorImpl.invoke(NativeMethodAccessorImpl.java:77)
	at java.base/jdk.internal.reflect.DelegatingMethodAccessorImpl.invoke(DelegatingMethodAccessorImpl.java:43)
)

16-10-2024T07:01:57 - [TEST_STEP][PASSED] - result = WriteToExcel(typeOfData, todaysDate, PercPlanR, PercPlanB, PercFactR, PercFactB, x, tabR, tabB, o1R, o1B, vidget): null

16-10-2024T07:01:57 - [TEST_STEP][PASSED] - iii = dZO.indexOf("/"): null

16-10-2024T07:01:57 - [TEST_STEP][PASSED] - println(iii): null

16-10-2024T07:01:57 - [TEST_STEP][PASSED] - dZO = dZO.substring(0, iii): null

16-10-2024T07:01:57 - [TEST_STEP][PASSED] - println(dZO): null

16-10-2024T07:01:57 - [TEST_STEP][PASSED] - println(PercPlanR): null

16-10-2024T07:01:57 - [TEST_STEP][PASSED] - println(PercPlanB): null

16-10-2024T07:01:57 - [TEST_STEP][PASSED] - println(PercFactR): null

16-10-2024T07:01:57 - [TEST_STEP][PASSED] - println(PercFactB): null

16-10-2024T07:01:57 - [TEST_STEP][PASSED] - println(tabR): null

16-10-2024T07:01:57 - [TEST_STEP][PASSED] - println(tabB): null

16-10-2024T07:01:57 - [TEST_STEP][PASSED] - println(o1R): null

16-10-2024T07:01:57 - [TEST_STEP][PASSED] - println(o1B): null

16-10-2024T07:01:57 - [TEST_STEP][PASSED] - PR = <not implemented yet for class: org.codehaus.groovy.ast.expr.EmptyExpression>: null

16-10-2024T07:01:57 - [TEST_STEP][PASSED] - FR = <not implemented yet for class: org.codehaus.groovy.ast.expr.EmptyExpression>: null

16-10-2024T07:01:57 - [TEST_STEP][PASSED] - PB = <not implemented yet for class: org.codehaus.groovy.ast.expr.EmptyExpression>: null

16-10-2024T07:01:57 - [TEST_STEP][PASSED] - FB = <not implemented yet for class: org.codehaus.groovy.ast.expr.EmptyExpression>: null

16-10-2024T07:01:57 - [TEST_STEP][PASSED] - TR = <not implemented yet for class: org.codehaus.groovy.ast.expr.EmptyExpression>: null

16-10-2024T07:01:57 - [TEST_STEP][PASSED] - TB = <not implemented yet for class: org.codehaus.groovy.ast.expr.EmptyExpression>: null

16-10-2024T07:01:57 - [TEST_STEP][PASSED] - sheetName = "Sheet1": null

16-10-2024T07:01:57 - [TEST_STEP][PASSED] - data = findTestData("PlanFact"): null

16-10-2024T07:01:57 - [TEST_STEP][PASSED] - n = data.getRowNumbers() + 1: null

16-10-2024T07:01:57 - [TEST_STEP][PASSED] - year = todaysDate.substring(todaysDate.length() - 4, todaysDate.length()): null

16-10-2024T07:01:57 - [TEST_STEP][PASSED] - y = year.toInteger(): null

16-10-2024T07:01:57 - [TEST_STEP][PASSED] - m = getText(findTestObject("Выполнение бизнес-плана/Выполнение бизнес-плана Балансы/Фильтр Дата")): Text of object 'Object Repository/Выполнение бизнес-плана/Выполнение бизнес-плана Балансы/Фильтр Дата' is: '1, 2 кв., Июль, Август 2024 года'

16-10-2024T07:01:57 - [MESSAGE][PASSED] - Text of object 'Object Repository/Выполнение бизнес-плана/Выполнение бизнес-плана Балансы/Фильтр Дата' is: '1, 2 кв., Июль, Август 2024 года'

16-10-2024T07:01:57 - [TEST_STEP][PASSED] - m = m.substring(0, m.indexOf("2024")): null

16-10-2024T07:01:57 - [TEST_STEP][PASSED] - m = m.trim(): null

16-10-2024T07:01:57 - [TEST_STEP][PASSED] - dashboardName = "Выполнение бизнес-плана": null

16-10-2024T07:01:57 - [TEST_STEP][PASSED] - workbook01 = getWorkbook(excelFilePath): null

16-10-2024T07:01:58 - [TEST_STEP][PASSED] - sheet01 = getExcelSheet(workbook01, sheetName): null

16-10-2024T07:01:58 - [TEST_STEP][PASSED] - setValueToCellByIndex(sheet01, n, 0, dashboardName): null

16-10-2024T07:01:58 - [TEST_STEP][PASSED] - setValueToCellByIndex(sheet01, n, 1, dZO): null

16-10-2024T07:01:58 - [TEST_STEP][PASSED] - setValueToCellByIndex(sheet01, n, 2, typeOfData): null

16-10-2024T07:01:58 - [TEST_STEP][PASSED] - setValueToCellByIndex(sheet01, n, 3, typeOfData): null

16-10-2024T07:01:58 - [TEST_STEP][PASSED] - if (typeOfData == "План"): null

16-10-2024T07:01:58 - [TEST_STEP][PASSED] - else if (typeOfData == "Факт"): null

16-10-2024T07:01:58 - [TEST_STEP][PASSED] - else if (vidget.contains("электроэнергии") == true): null

16-10-2024T07:01:58 - [TEST_STEP][PASSED] - if (tabR == null): null

16-10-2024T07:01:58 - [TEST_STEP][PASSED] - else: null

16-10-2024T07:01:58 - [TEST_STEP][PASSED] - if (tabR == "нет данных"): null

16-10-2024T07:01:58 - [TEST_STEP][PASSED] - setValueToCellByIndex(sheet01, n, 4, "нет данных"): null

16-10-2024T07:01:58 - [TEST_STEP][PASSED] - if (tabB == null): null

16-10-2024T07:01:58 - [TEST_STEP][PASSED] - else: null

16-10-2024T07:01:58 - [TEST_STEP][PASSED] - if (tabB == "нет данных"): null

16-10-2024T07:01:58 - [TEST_STEP][PASSED] - else: null

16-10-2024T07:01:58 - [TEST_STEP][PASSED] - TB = tabB.toInteger(): null

16-10-2024T07:01:58 - [TEST_STEP][PASSED] - setValueToCellByIndex(sheet01, n, 5, TB): null

16-10-2024T07:01:58 - [TEST_STEP][PASSED] - setValueToCellByIndex(sheet01, n, 6, m): null

16-10-2024T07:01:58 - [TEST_STEP][PASSED] - setValueToCellByIndex(sheet01, n, 7, y): null

16-10-2024T07:01:58 - [TEST_STEP][PASSED] - setValueToCellByIndex(sheet01, n, 8, todaysDate): null

16-10-2024T07:01:58 - [TEST_STEP][PASSED] - n = n + 1: null

16-10-2024T07:01:58 - [TEST_STEP][PASSED] - saveWorkbook(excelFilePath, workbook01): null

16-10-2024T07:01:58 - [TEST_STEP][PASSED] - typeOfData = "Факт Отпуск из сети": null

16-10-2024T07:01:58 - [TEST_STEP][PASSED] - tabR = GetOiSFactR(x = a): null

16-10-2024T07:01:58 - [TEST_STEP][PASSED] - i1 = <not implemented yet for class: org.codehaus.groovy.ast.expr.EmptyExpression>: null

16-10-2024T07:01:58 - [TEST_STEP][PASSED] - ii = <not implemented yet for class: org.codehaus.groovy.ast.expr.EmptyExpression>: null

16-10-2024T07:01:58 - [TEST_STEP][PASSED] - for ([ii = 1, ii < 5, (ii++)]): null

16-10-2024T07:01:58 - [TEST_STEP][PASSED] - i1 = x.indexOf("/") + 1: null

16-10-2024T07:01:58 - [TEST_STEP][PASSED] - if (i1 > -1): null

16-10-2024T07:01:58 - [TEST_STEP][PASSED] - x = x.substring(i1, x.length()): null

16-10-2024T07:01:58 - [TEST_STEP][PASSED] - println(x): null

16-10-2024T07:01:58 - [TEST_STEP][PASSED] - i1 = x.indexOf("/") + 1: null

16-10-2024T07:01:58 - [TEST_STEP][PASSED] - if (i1 > -1): null

16-10-2024T07:01:58 - [TEST_STEP][PASSED] - x = x.substring(i1, x.length()): null

16-10-2024T07:01:58 - [TEST_STEP][PASSED] - println(x): null

16-10-2024T07:01:58 - [TEST_STEP][PASSED] - i1 = x.indexOf("/") + 1: null

16-10-2024T07:01:58 - [TEST_STEP][PASSED] - if (i1 > -1): null

16-10-2024T07:01:58 - [TEST_STEP][PASSED] - x = x.substring(i1, x.length()): null

16-10-2024T07:01:58 - [TEST_STEP][PASSED] - println(x): null

16-10-2024T07:01:58 - [TEST_STEP][PASSED] - i1 = x.indexOf("/") + 1: null

16-10-2024T07:01:58 - [TEST_STEP][PASSED] - if (i1 > -1): null

16-10-2024T07:01:58 - [TEST_STEP][PASSED] - x = x.substring(i1, x.length()): null

16-10-2024T07:01:58 - [TEST_STEP][PASSED] - println(x): null

16-10-2024T07:01:58 - [TEST_STEP][PASSED] - i1 = x.indexOf("/"): null

16-10-2024T07:01:58 - [TEST_STEP][PASSED] - if (i1 > -1): null

16-10-2024T07:01:58 - [TEST_STEP][PASSED] - x = x.substring(0, i1): null

16-10-2024T07:01:58 - [TEST_STEP][PASSED] - println(x): null

16-10-2024T07:01:58 - [TEST_STEP][PASSED] - return x: null

16-10-2024T07:01:58 - [TEST_STEP][PASSED] - tabB = GetOiSFactB(x = b): null

16-10-2024T07:01:58 - [TEST_STEP][PASSED] - i1 = <not implemented yet for class: org.codehaus.groovy.ast.expr.EmptyExpression>: null

16-10-2024T07:01:58 - [TEST_STEP][PASSED] - ii = <not implemented yet for class: org.codehaus.groovy.ast.expr.EmptyExpression>: null

16-10-2024T07:01:58 - [TEST_STEP][PASSED] - for ([ii = 1, ii < 5, (ii++)]): null

16-10-2024T07:01:58 - [TEST_STEP][PASSED] - i1 = x.indexOf("/") + 1: null

16-10-2024T07:01:58 - [TEST_STEP][PASSED] - if (i1 > -1): null

16-10-2024T07:01:58 - [TEST_STEP][PASSED] - x = x.substring(i1, x.length()): null

16-10-2024T07:01:58 - [TEST_STEP][PASSED] - println(x): null

16-10-2024T07:01:58 - [TEST_STEP][PASSED] - i1 = x.indexOf("/") + 1: null

16-10-2024T07:01:58 - [TEST_STEP][PASSED] - if (i1 > -1): null

16-10-2024T07:01:58 - [TEST_STEP][PASSED] - x = x.substring(i1, x.length()): null

16-10-2024T07:01:58 - [TEST_STEP][PASSED] - println(x): null

16-10-2024T07:01:58 - [TEST_STEP][PASSED] - i1 = x.indexOf("/") + 1: null

16-10-2024T07:01:58 - [TEST_STEP][PASSED] - if (i1 > -1): null

16-10-2024T07:01:58 - [TEST_STEP][PASSED] - x = x.substring(i1, x.length()): null

16-10-2024T07:01:58 - [TEST_STEP][PASSED] - println(x): null

16-10-2024T07:01:58 - [TEST_STEP][PASSED] - i1 = x.indexOf("/") + 1: null

16-10-2024T07:01:58 - [TEST_STEP][PASSED] - if (i1 > -1): null

16-10-2024T07:01:58 - [TEST_STEP][PASSED] - x = x.substring(i1, x.length()): null

16-10-2024T07:01:58 - [TEST_STEP][PASSED] - println(x): null

16-10-2024T07:01:58 - [TEST_STEP][PASSED] - i1 = x.indexOf("/"): null

16-10-2024T07:01:58 - [TEST_STEP][PASSED] - if (i1 > -1): null

16-10-2024T07:01:58 - [TEST_STEP][PASSED] - x = x.substring(0, i1): null

16-10-2024T07:01:58 - [TEST_STEP][PASSED] - println(x): null

16-10-2024T07:01:58 - [TEST_STEP][FAILED] - return x: null

16-10-2024T07:01:58 - [TEST_STEP][FAILED] - if (verifyEqual(tabR, tabB) == false): null

16-10-2024T07:01:58 - [MESSAGE][FAILED] - Unable to verify equal between actual object 'нет данных' and expected object '400422408' (Root cause: com.kms.katalon.core.exception.StepFailedException: Actual object 'нет данных' and expected object '400422408' are not equal
	at com.kms.katalon.core.keyword.builtin.VerifyEqualKeyword$_verifyEqual_closure1.doCall(VerifyEqualKeyword.groovy:58)
	at com.kms.katalon.core.keyword.builtin.VerifyEqualKeyword$_verifyEqual_closure1.call(VerifyEqualKeyword.groovy)
	at com.kms.katalon.core.keyword.internal.KeywordMain.runKeyword(KeywordMain.groovy:75)
	at com.kms.katalon.core.keyword.builtin.VerifyEqualKeyword.verifyEqual(VerifyEqualKeyword.groovy:63)
	at com.kms.katalon.core.keyword.builtin.VerifyEqualKeyword.execute(VerifyEqualKeyword.groovy:44)
	at com.kms.katalon.core.keyword.internal.KeywordExecutor.executeKeywordForPlatform(KeywordExecutor.groovy:74)
	at com.kms.katalon.core.keyword.BuiltinKeywords.verifyEqual(BuiltinKeywords.groovy:146)
	at java.base/jdk.internal.reflect.NativeMethodAccessorImpl.invoke0(Native Method)
	at java.base/jdk.internal.reflect.NativeMethodAccessorImpl.invoke(NativeMethodAccessorImpl.java:77)
	at java.base/jdk.internal.reflect.DelegatingMethodAccessorImpl.invoke(DelegatingMethodAccessorImpl.java:43)
	at Выполнение бизнес-плана сверка дашбордов.CompareDZOData(Выполнение бизнес-плана сверка дашбордов:717)
	at Выполнение бизнес-плана сверка дашбордов.run(Выполнение бизнес-плана сверка дашбордов:583)
	at com.kms.katalon.core.main.ScriptEngine.run(ScriptEngine.java:194)
	at com.kms.katalon.core.main.ScriptEngine.runScriptAsRawText(ScriptEngine.java:119)
	at com.kms.katalon.core.main.TestCaseExecutor.runScript(TestCaseExecutor.java:448)
	at com.kms.katalon.core.main.TestCaseExecutor.doExecute(TestCaseExecutor.java:439)
	at com.kms.katalon.core.main.TestCaseExecutor.processExecutionPhase(TestCaseExecutor.java:418)
	at com.kms.katalon.core.main.TestCaseExecutor.accessMainPhase(TestCaseExecutor.java:410)
	at com.kms.katalon.core.main.TestCaseExecutor.execute(TestCaseExecutor.java:285)
	at com.kms.katalon.core.common.CommonExecutor.accessTestCaseMainPhase(CommonExecutor.java:65)
	at com.kms.katalon.core.main.TestSuiteExecutor.accessTestSuiteMainPhase(TestSuiteExecutor.java:150)
	at com.kms.katalon.core.main.TestSuiteExecutor.execute(TestSuiteExecutor.java:106)
	at com.kms.katalon.core.main.TestCaseMain.startTestSuite(TestCaseMain.java:180)
	at TempTestSuite1729050801829.run(TempTestSuite1729050801829.groovy:35)
	at java.base/jdk.internal.reflect.NativeMethodAccessorImpl.invoke0(Native Method)
	at java.base/jdk.internal.reflect.NativeMethodAccessorImpl.invoke(NativeMethodAccessorImpl.java:77)
	at java.base/jdk.internal.reflect.DelegatingMethodAccessorImpl.invoke(DelegatingMethodAccessorImpl.java:43)
)

16-10-2024T07:01:58 - [TEST_STEP][PASSED] - result = WriteToExcel(typeOfData, todaysDate, PercPlanR, PercPlanB, PercFactR, PercFactB, x, tabR, tabB, o1R, o1B, vidget): null

16-10-2024T07:01:58 - [TEST_STEP][PASSED] - iii = dZO.indexOf("/"): null

16-10-2024T07:01:58 - [TEST_STEP][PASSED] - println(iii): null

16-10-2024T07:01:58 - [TEST_STEP][PASSED] - dZO = dZO.substring(0, iii): null

16-10-2024T07:01:58 - [TEST_STEP][PASSED] - println(dZO): null

16-10-2024T07:01:58 - [TEST_STEP][PASSED] - println(PercPlanR): null

16-10-2024T07:01:58 - [TEST_STEP][PASSED] - println(PercPlanB): null

16-10-2024T07:01:58 - [TEST_STEP][PASSED] - println(PercFactR): null

16-10-2024T07:01:58 - [TEST_STEP][PASSED] - println(PercFactB): null

16-10-2024T07:01:58 - [TEST_STEP][PASSED] - println(tabR): null

16-10-2024T07:01:58 - [TEST_STEP][PASSED] - println(tabB): null

16-10-2024T07:01:58 - [TEST_STEP][PASSED] - println(o1R): null

16-10-2024T07:01:58 - [TEST_STEP][PASSED] - println(o1B): null

16-10-2024T07:01:58 - [TEST_STEP][PASSED] - PR = <not implemented yet for class: org.codehaus.groovy.ast.expr.EmptyExpression>: null

16-10-2024T07:01:58 - [TEST_STEP][PASSED] - FR = <not implemented yet for class: org.codehaus.groovy.ast.expr.EmptyExpression>: null

16-10-2024T07:01:58 - [TEST_STEP][PASSED] - PB = <not implemented yet for class: org.codehaus.groovy.ast.expr.EmptyExpression>: null

16-10-2024T07:01:58 - [TEST_STEP][PASSED] - FB = <not implemented yet for class: org.codehaus.groovy.ast.expr.EmptyExpression>: null

16-10-2024T07:01:58 - [TEST_STEP][PASSED] - TR = <not implemented yet for class: org.codehaus.groovy.ast.expr.EmptyExpression>: null

16-10-2024T07:01:58 - [TEST_STEP][PASSED] - TB = <not implemented yet for class: org.codehaus.groovy.ast.expr.EmptyExpression>: null

16-10-2024T07:01:58 - [TEST_STEP][PASSED] - sheetName = "Sheet1": null

16-10-2024T07:01:58 - [TEST_STEP][PASSED] - data = findTestData("PlanFact"): null

16-10-2024T07:01:58 - [TEST_STEP][PASSED] - n = data.getRowNumbers() + 1: null

16-10-2024T07:01:58 - [TEST_STEP][PASSED] - year = todaysDate.substring(todaysDate.length() - 4, todaysDate.length()): null

16-10-2024T07:01:58 - [TEST_STEP][PASSED] - y = year.toInteger(): null

16-10-2024T07:01:58 - [TEST_STEP][PASSED] - m = getText(findTestObject("Выполнение бизнес-плана/Выполнение бизнес-плана Балансы/Фильтр Дата")): Text of object 'Object Repository/Выполнение бизнес-плана/Выполнение бизнес-плана Балансы/Фильтр Дата' is: '1, 2 кв., Июль, Август 2024 года'

16-10-2024T07:01:58 - [MESSAGE][PASSED] - Text of object 'Object Repository/Выполнение бизнес-плана/Выполнение бизнес-плана Балансы/Фильтр Дата' is: '1, 2 кв., Июль, Август 2024 года'

16-10-2024T07:01:58 - [TEST_STEP][PASSED] - m = m.substring(0, m.indexOf("2024")): null

16-10-2024T07:01:58 - [TEST_STEP][PASSED] - m = m.trim(): null

16-10-2024T07:01:58 - [TEST_STEP][PASSED] - dashboardName = "Выполнение бизнес-плана": null

16-10-2024T07:01:58 - [TEST_STEP][PASSED] - workbook01 = getWorkbook(excelFilePath): null

16-10-2024T07:01:58 - [TEST_STEP][PASSED] - sheet01 = getExcelSheet(workbook01, sheetName): null

16-10-2024T07:01:58 - [TEST_STEP][PASSED] - setValueToCellByIndex(sheet01, n, 0, dashboardName): null

16-10-2024T07:01:58 - [TEST_STEP][PASSED] - setValueToCellByIndex(sheet01, n, 1, dZO): null

16-10-2024T07:01:58 - [TEST_STEP][PASSED] - setValueToCellByIndex(sheet01, n, 2, typeOfData): null

16-10-2024T07:01:58 - [TEST_STEP][PASSED] - setValueToCellByIndex(sheet01, n, 3, typeOfData): null

16-10-2024T07:01:58 - [TEST_STEP][PASSED] - if (typeOfData == "План"): null

16-10-2024T07:01:58 - [TEST_STEP][PASSED] - else if (typeOfData == "Факт"): null

16-10-2024T07:01:58 - [TEST_STEP][PASSED] - else if (vidget.contains("электроэнергии") == true): null

16-10-2024T07:01:58 - [TEST_STEP][PASSED] - if (tabR == null): null

16-10-2024T07:01:58 - [TEST_STEP][PASSED] - else: null

16-10-2024T07:01:58 - [TEST_STEP][PASSED] - if (tabR == "нет данных"): null

16-10-2024T07:01:58 - [TEST_STEP][PASSED] - setValueToCellByIndex(sheet01, n, 4, "нет данных"): null

16-10-2024T07:01:58 - [TEST_STEP][PASSED] - if (tabB == null): null

16-10-2024T07:01:58 - [TEST_STEP][PASSED] - else: null

16-10-2024T07:01:58 - [TEST_STEP][PASSED] - if (tabB == "нет данных"): null

16-10-2024T07:01:58 - [TEST_STEP][PASSED] - else: null

16-10-2024T07:01:58 - [TEST_STEP][PASSED] - TB = tabB.toInteger(): null

16-10-2024T07:01:58 - [TEST_STEP][PASSED] - setValueToCellByIndex(sheet01, n, 5, TB): null

16-10-2024T07:01:58 - [TEST_STEP][PASSED] - setValueToCellByIndex(sheet01, n, 6, m): null

16-10-2024T07:01:58 - [TEST_STEP][PASSED] - setValueToCellByIndex(sheet01, n, 7, y): null

16-10-2024T07:01:58 - [TEST_STEP][PASSED] - setValueToCellByIndex(sheet01, n, 8, todaysDate): null

16-10-2024T07:01:58 - [TEST_STEP][PASSED] - n = n + 1: null

16-10-2024T07:01:58 - [TEST_STEP][PASSED] - saveWorkbook(excelFilePath, workbook01): null

16-10-2024T07:01:59 - [TEST_STEP][PASSED] - typeOfData = "Факт Потери": null

16-10-2024T07:01:59 - [TEST_STEP][PASSED] - tabR = GetPFactR(x = a): null

16-10-2024T07:01:59 - [TEST_STEP][PASSED] - i1 = <not implemented yet for class: org.codehaus.groovy.ast.expr.EmptyExpression>: null

16-10-2024T07:01:59 - [TEST_STEP][PASSED] - ii = <not implemented yet for class: org.codehaus.groovy.ast.expr.EmptyExpression>: null

16-10-2024T07:01:59 - [TEST_STEP][PASSED] - for ([ii = 1, ii < 6, (ii++)]): null

16-10-2024T07:01:59 - [TEST_STEP][PASSED] - i1 = x.indexOf("/") + 1: null

16-10-2024T07:01:59 - [TEST_STEP][PASSED] - if (i1 > -1): null

16-10-2024T07:01:59 - [TEST_STEP][PASSED] - x = x.substring(i1, x.length()): null

16-10-2024T07:01:59 - [TEST_STEP][PASSED] - println(x): null

16-10-2024T07:01:59 - [TEST_STEP][PASSED] - i1 = x.indexOf("/") + 1: null

16-10-2024T07:01:59 - [TEST_STEP][PASSED] - if (i1 > -1): null

16-10-2024T07:01:59 - [TEST_STEP][PASSED] - x = x.substring(i1, x.length()): null

16-10-2024T07:01:59 - [TEST_STEP][PASSED] - println(x): null

16-10-2024T07:01:59 - [TEST_STEP][PASSED] - i1 = x.indexOf("/") + 1: null

16-10-2024T07:01:59 - [TEST_STEP][PASSED] - if (i1 > -1): null

16-10-2024T07:01:59 - [TEST_STEP][PASSED] - x = x.substring(i1, x.length()): null

16-10-2024T07:01:59 - [TEST_STEP][PASSED] - println(x): null

16-10-2024T07:01:59 - [TEST_STEP][PASSED] - i1 = x.indexOf("/") + 1: null

16-10-2024T07:01:59 - [TEST_STEP][PASSED] - if (i1 > -1): null

16-10-2024T07:01:59 - [TEST_STEP][PASSED] - x = x.substring(i1, x.length()): null

16-10-2024T07:01:59 - [TEST_STEP][PASSED] - println(x): null

16-10-2024T07:01:59 - [TEST_STEP][PASSED] - i1 = x.indexOf("/") + 1: null

16-10-2024T07:01:59 - [TEST_STEP][PASSED] - if (i1 > -1): null

16-10-2024T07:01:59 - [TEST_STEP][PASSED] - x = x.substring(i1, x.length()): null

16-10-2024T07:01:59 - [TEST_STEP][PASSED] - println(x): null

16-10-2024T07:01:59 - [TEST_STEP][PASSED] - i1 = x.indexOf("/"): null

16-10-2024T07:01:59 - [TEST_STEP][PASSED] - if (i1 > -1): null

16-10-2024T07:01:59 - [TEST_STEP][PASSED] - x = x.substring(0, i1): null

16-10-2024T07:01:59 - [TEST_STEP][PASSED] - println(x): null

16-10-2024T07:01:59 - [TEST_STEP][PASSED] - return x: null

16-10-2024T07:01:59 - [TEST_STEP][PASSED] - tabB = GetPFactB(x = b): null

16-10-2024T07:01:59 - [TEST_STEP][PASSED] - i1 = <not implemented yet for class: org.codehaus.groovy.ast.expr.EmptyExpression>: null

16-10-2024T07:01:59 - [TEST_STEP][PASSED] - ii = <not implemented yet for class: org.codehaus.groovy.ast.expr.EmptyExpression>: null

16-10-2024T07:01:59 - [TEST_STEP][PASSED] - for ([ii = 1, ii < 6, (ii++)]): null

16-10-2024T07:01:59 - [TEST_STEP][PASSED] - i1 = x.indexOf("/") + 1: null

16-10-2024T07:01:59 - [TEST_STEP][PASSED] - if (i1 > -1): null

16-10-2024T07:01:59 - [TEST_STEP][PASSED] - x = x.substring(i1, x.length()): null

16-10-2024T07:01:59 - [TEST_STEP][PASSED] - println(x): null

16-10-2024T07:01:59 - [TEST_STEP][PASSED] - i1 = x.indexOf("/") + 1: null

16-10-2024T07:01:59 - [TEST_STEP][PASSED] - if (i1 > -1): null

16-10-2024T07:01:59 - [TEST_STEP][PASSED] - x = x.substring(i1, x.length()): null

16-10-2024T07:01:59 - [TEST_STEP][PASSED] - println(x): null

16-10-2024T07:01:59 - [TEST_STEP][PASSED] - i1 = x.indexOf("/") + 1: null

16-10-2024T07:01:59 - [TEST_STEP][PASSED] - if (i1 > -1): null

16-10-2024T07:01:59 - [TEST_STEP][PASSED] - x = x.substring(i1, x.length()): null

16-10-2024T07:01:59 - [TEST_STEP][PASSED] - println(x): null

16-10-2024T07:01:59 - [TEST_STEP][PASSED] - i1 = x.indexOf("/") + 1: null

16-10-2024T07:01:59 - [TEST_STEP][PASSED] - if (i1 > -1): null

16-10-2024T07:01:59 - [TEST_STEP][PASSED] - x = x.substring(i1, x.length()): null

16-10-2024T07:01:59 - [TEST_STEP][PASSED] - println(x): null

16-10-2024T07:01:59 - [TEST_STEP][PASSED] - i1 = x.indexOf("/") + 1: null

16-10-2024T07:01:59 - [TEST_STEP][PASSED] - if (i1 > -1): null

16-10-2024T07:01:59 - [TEST_STEP][PASSED] - x = x.substring(i1, x.length()): null

16-10-2024T07:01:59 - [TEST_STEP][PASSED] - println(x): null

16-10-2024T07:01:59 - [TEST_STEP][PASSED] - i1 = x.indexOf("/"): null

16-10-2024T07:01:59 - [TEST_STEP][PASSED] - if (i1 > -1): null

16-10-2024T07:01:59 - [TEST_STEP][PASSED] - x = x.substring(0, i1): null

16-10-2024T07:01:59 - [TEST_STEP][PASSED] - println(x): null

16-10-2024T07:01:59 - [TEST_STEP][FAILED] - return x: null

16-10-2024T07:01:59 - [TEST_STEP][PASSED] - println(tabR + "/" + tabB): null

16-10-2024T07:01:59 - [TEST_STEP][FAILED] - if (verifyEqual(tabR, tabB) == false): null

16-10-2024T07:01:59 - [MESSAGE][FAILED] - Unable to verify equal between actual object 'нет данных' and expected object '14787979' (Root cause: com.kms.katalon.core.exception.StepFailedException: Actual object 'нет данных' and expected object '14787979' are not equal
	at com.kms.katalon.core.keyword.builtin.VerifyEqualKeyword$_verifyEqual_closure1.doCall(VerifyEqualKeyword.groovy:58)
	at com.kms.katalon.core.keyword.builtin.VerifyEqualKeyword$_verifyEqual_closure1.call(VerifyEqualKeyword.groovy)
	at com.kms.katalon.core.keyword.internal.KeywordMain.runKeyword(KeywordMain.groovy:75)
	at com.kms.katalon.core.keyword.builtin.VerifyEqualKeyword.verifyEqual(VerifyEqualKeyword.groovy:63)
	at com.kms.katalon.core.keyword.builtin.VerifyEqualKeyword.execute(VerifyEqualKeyword.groovy:44)
	at com.kms.katalon.core.keyword.internal.KeywordExecutor.executeKeywordForPlatform(KeywordExecutor.groovy:74)
	at com.kms.katalon.core.keyword.BuiltinKeywords.verifyEqual(BuiltinKeywords.groovy:146)
	at jdk.internal.reflect.GeneratedMethodAccessor25.invoke(Unknown Source)
	at java.base/jdk.internal.reflect.DelegatingMethodAccessorImpl.invoke(DelegatingMethodAccessorImpl.java:43)
	at Выполнение бизнес-плана сверка дашбордов.CompareDZOData(Выполнение бизнес-плана сверка дашбордов:730)
	at Выполнение бизнес-плана сверка дашбордов.run(Выполнение бизнес-плана сверка дашбордов:583)
	at com.kms.katalon.core.main.ScriptEngine.run(ScriptEngine.java:194)
	at com.kms.katalon.core.main.ScriptEngine.runScriptAsRawText(ScriptEngine.java:119)
	at com.kms.katalon.core.main.TestCaseExecutor.runScript(TestCaseExecutor.java:448)
	at com.kms.katalon.core.main.TestCaseExecutor.doExecute(TestCaseExecutor.java:439)
	at com.kms.katalon.core.main.TestCaseExecutor.processExecutionPhase(TestCaseExecutor.java:418)
	at com.kms.katalon.core.main.TestCaseExecutor.accessMainPhase(TestCaseExecutor.java:410)
	at com.kms.katalon.core.main.TestCaseExecutor.execute(TestCaseExecutor.java:285)
	at com.kms.katalon.core.common.CommonExecutor.accessTestCaseMainPhase(CommonExecutor.java:65)
	at com.kms.katalon.core.main.TestSuiteExecutor.accessTestSuiteMainPhase(TestSuiteExecutor.java:150)
	at com.kms.katalon.core.main.TestSuiteExecutor.execute(TestSuiteExecutor.java:106)
	at com.kms.katalon.core.main.TestCaseMain.startTestSuite(TestCaseMain.java:180)
	at TempTestSuite1729050801829.run(TempTestSuite1729050801829.groovy:35)
	at java.base/jdk.internal.reflect.NativeMethodAccessorImpl.invoke0(Native Method)
	at java.base/jdk.internal.reflect.NativeMethodAccessorImpl.invoke(NativeMethodAccessorImpl.java:77)
	at java.base/jdk.internal.reflect.DelegatingMethodAccessorImpl.invoke(DelegatingMethodAccessorImpl.java:43)
)

16-10-2024T07:01:59 - [TEST_STEP][PASSED] - result = WriteToExcel(typeOfData, todaysDate, PercPlanR, PercPlanB, PercFactR, PercFactB, x, tabR, tabB, o1R, o1B, vidget): null

16-10-2024T07:01:59 - [TEST_STEP][PASSED] - iii = dZO.indexOf("/"): null

16-10-2024T07:01:59 - [TEST_STEP][PASSED] - println(iii): null

16-10-2024T07:01:59 - [TEST_STEP][PASSED] - dZO = dZO.substring(0, iii): null

16-10-2024T07:01:59 - [TEST_STEP][PASSED] - println(dZO): null

16-10-2024T07:01:59 - [TEST_STEP][PASSED] - println(PercPlanR): null

16-10-2024T07:01:59 - [TEST_STEP][PASSED] - println(PercPlanB): null

16-10-2024T07:01:59 - [TEST_STEP][PASSED] - println(PercFactR): null

16-10-2024T07:01:59 - [TEST_STEP][PASSED] - println(PercFactB): null

16-10-2024T07:01:59 - [TEST_STEP][PASSED] - println(tabR): null

16-10-2024T07:01:59 - [TEST_STEP][PASSED] - println(tabB): null

16-10-2024T07:01:59 - [TEST_STEP][PASSED] - println(o1R): null

16-10-2024T07:01:59 - [TEST_STEP][PASSED] - println(o1B): null

16-10-2024T07:01:59 - [TEST_STEP][PASSED] - PR = <not implemented yet for class: org.codehaus.groovy.ast.expr.EmptyExpression>: null

16-10-2024T07:01:59 - [TEST_STEP][PASSED] - FR = <not implemented yet for class: org.codehaus.groovy.ast.expr.EmptyExpression>: null

16-10-2024T07:01:59 - [TEST_STEP][PASSED] - PB = <not implemented yet for class: org.codehaus.groovy.ast.expr.EmptyExpression>: null

16-10-2024T07:01:59 - [TEST_STEP][PASSED] - FB = <not implemented yet for class: org.codehaus.groovy.ast.expr.EmptyExpression>: null

16-10-2024T07:01:59 - [TEST_STEP][PASSED] - TR = <not implemented yet for class: org.codehaus.groovy.ast.expr.EmptyExpression>: null

16-10-2024T07:01:59 - [TEST_STEP][PASSED] - TB = <not implemented yet for class: org.codehaus.groovy.ast.expr.EmptyExpression>: null

16-10-2024T07:01:59 - [TEST_STEP][PASSED] - sheetName = "Sheet1": null

16-10-2024T07:01:59 - [TEST_STEP][PASSED] - data = findTestData("PlanFact"): null

16-10-2024T07:01:59 - [TEST_STEP][PASSED] - n = data.getRowNumbers() + 1: null

16-10-2024T07:01:59 - [TEST_STEP][PASSED] - year = todaysDate.substring(todaysDate.length() - 4, todaysDate.length()): null

16-10-2024T07:01:59 - [TEST_STEP][PASSED] - y = year.toInteger(): null

16-10-2024T07:01:59 - [TEST_STEP][PASSED] - m = getText(findTestObject("Выполнение бизнес-плана/Выполнение бизнес-плана Балансы/Фильтр Дата")): Text of object 'Object Repository/Выполнение бизнес-плана/Выполнение бизнес-плана Балансы/Фильтр Дата' is: '1, 2 кв., Июль, Август 2024 года'

16-10-2024T07:01:59 - [MESSAGE][PASSED] - Text of object 'Object Repository/Выполнение бизнес-плана/Выполнение бизнес-плана Балансы/Фильтр Дата' is: '1, 2 кв., Июль, Август 2024 года'

16-10-2024T07:01:59 - [TEST_STEP][PASSED] - m = m.substring(0, m.indexOf("2024")): null

16-10-2024T07:01:59 - [TEST_STEP][PASSED] - m = m.trim(): null

16-10-2024T07:01:59 - [TEST_STEP][PASSED] - dashboardName = "Выполнение бизнес-плана": null

16-10-2024T07:01:59 - [TEST_STEP][PASSED] - workbook01 = getWorkbook(excelFilePath): null

16-10-2024T07:01:59 - [TEST_STEP][PASSED] - sheet01 = getExcelSheet(workbook01, sheetName): null

16-10-2024T07:01:59 - [TEST_STEP][PASSED] - setValueToCellByIndex(sheet01, n, 0, dashboardName): null

16-10-2024T07:01:59 - [TEST_STEP][PASSED] - setValueToCellByIndex(sheet01, n, 1, dZO): null

16-10-2024T07:01:59 - [TEST_STEP][PASSED] - setValueToCellByIndex(sheet01, n, 2, typeOfData): null

16-10-2024T07:01:59 - [TEST_STEP][PASSED] - setValueToCellByIndex(sheet01, n, 3, typeOfData): null

16-10-2024T07:01:59 - [TEST_STEP][PASSED] - if (typeOfData == "План"): null

16-10-2024T07:01:59 - [TEST_STEP][PASSED] - else if (typeOfData == "Факт"): null

16-10-2024T07:01:59 - [TEST_STEP][PASSED] - else if (vidget.contains("электроэнергии") == true): null

16-10-2024T07:01:59 - [TEST_STEP][PASSED] - if (tabR == null): null

16-10-2024T07:01:59 - [TEST_STEP][PASSED] - else: null

16-10-2024T07:01:59 - [TEST_STEP][PASSED] - if (tabR == "нет данных"): null

16-10-2024T07:01:59 - [TEST_STEP][PASSED] - setValueToCellByIndex(sheet01, n, 4, "нет данных"): null

16-10-2024T07:01:59 - [TEST_STEP][PASSED] - if (tabB == null): null

16-10-2024T07:01:59 - [TEST_STEP][PASSED] - else: null

16-10-2024T07:01:59 - [TEST_STEP][PASSED] - if (tabB == "нет данных"): null

16-10-2024T07:01:59 - [TEST_STEP][PASSED] - else: null

16-10-2024T07:01:59 - [TEST_STEP][PASSED] - TB = tabB.toInteger(): null

16-10-2024T07:01:59 - [TEST_STEP][PASSED] - setValueToCellByIndex(sheet01, n, 5, TB): null

16-10-2024T07:01:59 - [TEST_STEP][PASSED] - setValueToCellByIndex(sheet01, n, 6, m): null

16-10-2024T07:01:59 - [TEST_STEP][PASSED] - setValueToCellByIndex(sheet01, n, 7, y): null

16-10-2024T07:01:59 - [TEST_STEP][PASSED] - setValueToCellByIndex(sheet01, n, 8, todaysDate): null

16-10-2024T07:01:59 - [TEST_STEP][PASSED] - n = n + 1: null

16-10-2024T07:01:59 - [TEST_STEP][PASSED] - saveWorkbook(excelFilePath, workbook01): null

16-10-2024T07:02:00 - [TEST_STEP][PASSED] - vidget = "Показатели баланса электроэнергии по ДЗО – План": null

16-10-2024T07:02:00 - [TEST_STEP][PASSED] - typeOfData = "План Отпуск в сеть": null

16-10-2024T07:02:00 - [TEST_STEP][PASSED] - tabR = GetOvSPlanR(x = a): null

16-10-2024T07:02:00 - [TEST_STEP][PASSED] - i1 = <not implemented yet for class: org.codehaus.groovy.ast.expr.EmptyExpression>: null

16-10-2024T07:02:00 - [TEST_STEP][PASSED] - ii = <not implemented yet for class: org.codehaus.groovy.ast.expr.EmptyExpression>: null

16-10-2024T07:02:00 - [TEST_STEP][PASSED] - for ([ii = 1, ii < 7, (ii++)]): null

16-10-2024T07:02:00 - [TEST_STEP][PASSED] - i1 = x.indexOf("/") + 1: null

16-10-2024T07:02:00 - [TEST_STEP][PASSED] - if (i1 > -1): null

16-10-2024T07:02:00 - [TEST_STEP][PASSED] - x = x.substring(i1, x.length()): null

16-10-2024T07:02:00 - [TEST_STEP][PASSED] - println(x): null

16-10-2024T07:02:00 - [TEST_STEP][PASSED] - i1 = x.indexOf("/") + 1: null

16-10-2024T07:02:00 - [TEST_STEP][PASSED] - if (i1 > -1): null

16-10-2024T07:02:00 - [TEST_STEP][PASSED] - x = x.substring(i1, x.length()): null

16-10-2024T07:02:00 - [TEST_STEP][PASSED] - println(x): null

16-10-2024T07:02:00 - [TEST_STEP][PASSED] - i1 = x.indexOf("/") + 1: null

16-10-2024T07:02:00 - [TEST_STEP][PASSED] - if (i1 > -1): null

16-10-2024T07:02:00 - [TEST_STEP][PASSED] - x = x.substring(i1, x.length()): null

16-10-2024T07:02:00 - [TEST_STEP][PASSED] - println(x): null

16-10-2024T07:02:00 - [TEST_STEP][PASSED] - i1 = x.indexOf("/") + 1: null

16-10-2024T07:02:00 - [TEST_STEP][PASSED] - if (i1 > -1): null

16-10-2024T07:02:00 - [TEST_STEP][PASSED] - x = x.substring(i1, x.length()): null

16-10-2024T07:02:00 - [TEST_STEP][PASSED] - println(x): null

16-10-2024T07:02:00 - [TEST_STEP][PASSED] - i1 = x.indexOf("/") + 1: null

16-10-2024T07:02:00 - [TEST_STEP][PASSED] - if (i1 > -1): null

16-10-2024T07:02:00 - [TEST_STEP][PASSED] - x = x.substring(i1, x.length()): null

16-10-2024T07:02:00 - [TEST_STEP][PASSED] - println(x): null

16-10-2024T07:02:00 - [TEST_STEP][PASSED] - i1 = x.indexOf("/") + 1: null

16-10-2024T07:02:00 - [TEST_STEP][PASSED] - if (i1 > -1): null

16-10-2024T07:02:00 - [TEST_STEP][PASSED] - x = x.substring(i1, x.length()): null

16-10-2024T07:02:00 - [TEST_STEP][PASSED] - println(x): null

16-10-2024T07:02:00 - [TEST_STEP][PASSED] - i1 = x.indexOf("/"): null

16-10-2024T07:02:00 - [TEST_STEP][PASSED] - if (i1 > -1): null

16-10-2024T07:02:00 - [TEST_STEP][PASSED] - x = x.substring(0, i1): null

16-10-2024T07:02:00 - [TEST_STEP][PASSED] - println(x): null

16-10-2024T07:02:00 - [TEST_STEP][PASSED] - return x: null

16-10-2024T07:02:00 - [TEST_STEP][PASSED] - tabB = GetOvSPlanB(x = b): null

16-10-2024T07:02:00 - [TEST_STEP][PASSED] - i1 = <not implemented yet for class: org.codehaus.groovy.ast.expr.EmptyExpression>: null

16-10-2024T07:02:00 - [TEST_STEP][PASSED] - ii = <not implemented yet for class: org.codehaus.groovy.ast.expr.EmptyExpression>: null

16-10-2024T07:02:00 - [TEST_STEP][PASSED] - for ([ii = 1, ii < 7, (ii++)]): null

16-10-2024T07:02:00 - [TEST_STEP][PASSED] - i1 = x.indexOf("/") + 1: null

16-10-2024T07:02:00 - [TEST_STEP][PASSED] - if (i1 > -1): null

16-10-2024T07:02:00 - [TEST_STEP][PASSED] - x = x.substring(i1, x.length()): null

16-10-2024T07:02:00 - [TEST_STEP][PASSED] - println(x): null

16-10-2024T07:02:00 - [TEST_STEP][PASSED] - i1 = x.indexOf("/") + 1: null

16-10-2024T07:02:00 - [TEST_STEP][PASSED] - if (i1 > -1): null

16-10-2024T07:02:00 - [TEST_STEP][PASSED] - x = x.substring(i1, x.length()): null

16-10-2024T07:02:00 - [TEST_STEP][PASSED] - println(x): null

16-10-2024T07:02:00 - [TEST_STEP][PASSED] - i1 = x.indexOf("/") + 1: null

16-10-2024T07:02:00 - [TEST_STEP][PASSED] - if (i1 > -1): null

16-10-2024T07:02:00 - [TEST_STEP][PASSED] - x = x.substring(i1, x.length()): null

16-10-2024T07:02:00 - [TEST_STEP][PASSED] - println(x): null

16-10-2024T07:02:00 - [TEST_STEP][PASSED] - i1 = x.indexOf("/") + 1: null

16-10-2024T07:02:00 - [TEST_STEP][PASSED] - if (i1 > -1): null

16-10-2024T07:02:00 - [TEST_STEP][PASSED] - x = x.substring(i1, x.length()): null

16-10-2024T07:02:00 - [TEST_STEP][PASSED] - println(x): null

16-10-2024T07:02:00 - [TEST_STEP][PASSED] - i1 = x.indexOf("/") + 1: null

16-10-2024T07:02:00 - [TEST_STEP][PASSED] - if (i1 > -1): null

16-10-2024T07:02:00 - [TEST_STEP][PASSED] - x = x.substring(i1, x.length()): null

16-10-2024T07:02:00 - [TEST_STEP][PASSED] - println(x): null

16-10-2024T07:02:00 - [TEST_STEP][PASSED] - i1 = x.indexOf("/") + 1: null

16-10-2024T07:02:00 - [TEST_STEP][PASSED] - if (i1 > -1): null

16-10-2024T07:02:00 - [TEST_STEP][PASSED] - x = x.substring(i1, x.length()): null

16-10-2024T07:02:00 - [TEST_STEP][PASSED] - println(x): null

16-10-2024T07:02:00 - [TEST_STEP][PASSED] - i1 = x.indexOf("/"): null

16-10-2024T07:02:00 - [TEST_STEP][PASSED] - if (i1 > -1): null

16-10-2024T07:02:00 - [TEST_STEP][PASSED] - x = x.substring(0, i1): null

16-10-2024T07:02:00 - [TEST_STEP][PASSED] - println(x): null

16-10-2024T07:02:00 - [TEST_STEP][FAILED] - return x: null

16-10-2024T07:02:00 - [TEST_STEP][PASSED] - println(tabR + "/" + tabB): null

16-10-2024T07:02:00 - [TEST_STEP][FAILED] - if (verifyEqual(PercFactR, PercFactB) == false): null

16-10-2024T07:02:00 - [MESSAGE][FAILED] - Unable to verify equal between actual object 'нет данных' and expected object '3.69' (Root cause: com.kms.katalon.core.exception.StepFailedException: Actual object 'нет данных' and expected object '3.69' are not equal
	at com.kms.katalon.core.keyword.builtin.VerifyEqualKeyword$_verifyEqual_closure1.doCall(VerifyEqualKeyword.groovy:58)
	at com.kms.katalon.core.keyword.builtin.VerifyEqualKeyword$_verifyEqual_closure1.call(VerifyEqualKeyword.groovy)
	at com.kms.katalon.core.keyword.internal.KeywordMain.runKeyword(KeywordMain.groovy:75)
	at com.kms.katalon.core.keyword.builtin.VerifyEqualKeyword.verifyEqual(VerifyEqualKeyword.groovy:63)
	at com.kms.katalon.core.keyword.builtin.VerifyEqualKeyword.execute(VerifyEqualKeyword.groovy:44)
	at com.kms.katalon.core.keyword.internal.KeywordExecutor.executeKeywordForPlatform(KeywordExecutor.groovy:74)
	at com.kms.katalon.core.keyword.BuiltinKeywords.verifyEqual(BuiltinKeywords.groovy:146)
	at jdk.internal.reflect.GeneratedMethodAccessor25.invoke(Unknown Source)
	at java.base/jdk.internal.reflect.DelegatingMethodAccessorImpl.invoke(DelegatingMethodAccessorImpl.java:43)
	at Выполнение бизнес-плана сверка дашбордов.CompareDZOData(Выполнение бизнес-плана сверка дашбордов:745)
	at Выполнение бизнес-плана сверка дашбордов.run(Выполнение бизнес-плана сверка дашбордов:583)
	at com.kms.katalon.core.main.ScriptEngine.run(ScriptEngine.java:194)
	at com.kms.katalon.core.main.ScriptEngine.runScriptAsRawText(ScriptEngine.java:119)
	at com.kms.katalon.core.main.TestCaseExecutor.runScript(TestCaseExecutor.java:448)
	at com.kms.katalon.core.main.TestCaseExecutor.doExecute(TestCaseExecutor.java:439)
	at com.kms.katalon.core.main.TestCaseExecutor.processExecutionPhase(TestCaseExecutor.java:418)
	at com.kms.katalon.core.main.TestCaseExecutor.accessMainPhase(TestCaseExecutor.java:410)
	at com.kms.katalon.core.main.TestCaseExecutor.execute(TestCaseExecutor.java:285)
	at com.kms.katalon.core.common.CommonExecutor.accessTestCaseMainPhase(CommonExecutor.java:65)
	at com.kms.katalon.core.main.TestSuiteExecutor.accessTestSuiteMainPhase(TestSuiteExecutor.java:150)
	at com.kms.katalon.core.main.TestSuiteExecutor.execute(TestSuiteExecutor.java:106)
	at com.kms.katalon.core.main.TestCaseMain.startTestSuite(TestCaseMain.java:180)
	at TempTestSuite1729050801829.run(TempTestSuite1729050801829.groovy:35)
	at java.base/jdk.internal.reflect.NativeMethodAccessorImpl.invoke0(Native Method)
	at java.base/jdk.internal.reflect.NativeMethodAccessorImpl.invoke(NativeMethodAccessorImpl.java:77)
	at java.base/jdk.internal.reflect.DelegatingMethodAccessorImpl.invoke(DelegatingMethodAccessorImpl.java:43)
)

16-10-2024T07:02:00 - [TEST_STEP][PASSED] - result = WriteToExcel(typeOfData, todaysDate, PercPlanR, PercPlanB, PercFactR, PercFactB, x, tabR, tabB, o1R, o1B, vidget): null

16-10-2024T07:02:00 - [TEST_STEP][PASSED] - iii = dZO.indexOf("/"): null

16-10-2024T07:02:00 - [TEST_STEP][PASSED] - println(iii): null

16-10-2024T07:02:00 - [TEST_STEP][PASSED] - dZO = dZO.substring(0, iii): null

16-10-2024T07:02:00 - [TEST_STEP][PASSED] - println(dZO): null

16-10-2024T07:02:00 - [TEST_STEP][PASSED] - println(PercPlanR): null

16-10-2024T07:02:00 - [TEST_STEP][PASSED] - println(PercPlanB): null

16-10-2024T07:02:00 - [TEST_STEP][PASSED] - println(PercFactR): null

16-10-2024T07:02:00 - [TEST_STEP][PASSED] - println(PercFactB): null

16-10-2024T07:02:00 - [TEST_STEP][PASSED] - println(tabR): null

16-10-2024T07:02:00 - [TEST_STEP][PASSED] - println(tabB): null

16-10-2024T07:02:00 - [TEST_STEP][PASSED] - println(o1R): null

16-10-2024T07:02:00 - [TEST_STEP][PASSED] - println(o1B): null

16-10-2024T07:02:00 - [TEST_STEP][PASSED] - PR = <not implemented yet for class: org.codehaus.groovy.ast.expr.EmptyExpression>: null

16-10-2024T07:02:00 - [TEST_STEP][PASSED] - FR = <not implemented yet for class: org.codehaus.groovy.ast.expr.EmptyExpression>: null

16-10-2024T07:02:00 - [TEST_STEP][PASSED] - PB = <not implemented yet for class: org.codehaus.groovy.ast.expr.EmptyExpression>: null

16-10-2024T07:02:00 - [TEST_STEP][PASSED] - FB = <not implemented yet for class: org.codehaus.groovy.ast.expr.EmptyExpression>: null

16-10-2024T07:02:00 - [TEST_STEP][PASSED] - TR = <not implemented yet for class: org.codehaus.groovy.ast.expr.EmptyExpression>: null

16-10-2024T07:02:00 - [TEST_STEP][PASSED] - TB = <not implemented yet for class: org.codehaus.groovy.ast.expr.EmptyExpression>: null

16-10-2024T07:02:00 - [TEST_STEP][PASSED] - sheetName = "Sheet1": null

16-10-2024T07:02:00 - [TEST_STEP][PASSED] - data = findTestData("PlanFact"): null

16-10-2024T07:02:00 - [TEST_STEP][PASSED] - n = data.getRowNumbers() + 1: null

16-10-2024T07:02:00 - [TEST_STEP][PASSED] - year = todaysDate.substring(todaysDate.length() - 4, todaysDate.length()): null

16-10-2024T07:02:00 - [TEST_STEP][PASSED] - y = year.toInteger(): null

16-10-2024T07:02:00 - [TEST_STEP][PASSED] - m = getText(findTestObject("Выполнение бизнес-плана/Выполнение бизнес-плана Балансы/Фильтр Дата")): Text of object 'Object Repository/Выполнение бизнес-плана/Выполнение бизнес-плана Балансы/Фильтр Дата' is: '1, 2 кв., Июль, Август 2024 года'

16-10-2024T07:02:00 - [MESSAGE][PASSED] - Text of object 'Object Repository/Выполнение бизнес-плана/Выполнение бизнес-плана Балансы/Фильтр Дата' is: '1, 2 кв., Июль, Август 2024 года'

16-10-2024T07:02:00 - [TEST_STEP][PASSED] - m = m.substring(0, m.indexOf("2024")): null

16-10-2024T07:02:00 - [TEST_STEP][PASSED] - m = m.trim(): null

16-10-2024T07:02:00 - [TEST_STEP][PASSED] - dashboardName = "Выполнение бизнес-плана": null

16-10-2024T07:02:00 - [TEST_STEP][PASSED] - workbook01 = getWorkbook(excelFilePath): null

16-10-2024T07:02:00 - [TEST_STEP][PASSED] - sheet01 = getExcelSheet(workbook01, sheetName): null

16-10-2024T07:02:00 - [TEST_STEP][PASSED] - setValueToCellByIndex(sheet01, n, 0, dashboardName): null

16-10-2024T07:02:00 - [TEST_STEP][PASSED] - setValueToCellByIndex(sheet01, n, 1, dZO): null

16-10-2024T07:02:00 - [TEST_STEP][PASSED] - setValueToCellByIndex(sheet01, n, 2, typeOfData): null

16-10-2024T07:02:00 - [TEST_STEP][PASSED] - setValueToCellByIndex(sheet01, n, 3, typeOfData): null

16-10-2024T07:02:00 - [TEST_STEP][PASSED] - if (typeOfData == "План"): null

16-10-2024T07:02:00 - [TEST_STEP][PASSED] - else if (typeOfData == "Факт"): null

16-10-2024T07:02:00 - [TEST_STEP][PASSED] - else if (vidget.contains("электроэнергии") == true): null

16-10-2024T07:02:00 - [TEST_STEP][PASSED] - if (tabR == null): null

16-10-2024T07:02:00 - [TEST_STEP][PASSED] - else: null

16-10-2024T07:02:00 - [TEST_STEP][PASSED] - if (tabR == "нет данных"): null

16-10-2024T07:02:00 - [TEST_STEP][PASSED] - setValueToCellByIndex(sheet01, n, 4, "нет данных"): null

16-10-2024T07:02:00 - [TEST_STEP][PASSED] - if (tabB == null): null

16-10-2024T07:02:00 - [TEST_STEP][PASSED] - else: null

16-10-2024T07:02:00 - [TEST_STEP][PASSED] - if (tabB == "нет данных"): null

16-10-2024T07:02:00 - [TEST_STEP][PASSED] - else: null

16-10-2024T07:02:00 - [TEST_STEP][PASSED] - TB = tabB.toInteger(): null

16-10-2024T07:02:00 - [TEST_STEP][PASSED] - setValueToCellByIndex(sheet01, n, 5, TB): null

16-10-2024T07:02:00 - [TEST_STEP][PASSED] - setValueToCellByIndex(sheet01, n, 6, m): null

16-10-2024T07:02:00 - [TEST_STEP][PASSED] - setValueToCellByIndex(sheet01, n, 7, y): null

16-10-2024T07:02:00 - [TEST_STEP][PASSED] - setValueToCellByIndex(sheet01, n, 8, todaysDate): null

16-10-2024T07:02:00 - [TEST_STEP][PASSED] - n = n + 1: null

16-10-2024T07:02:00 - [TEST_STEP][PASSED] - saveWorkbook(excelFilePath, workbook01): null

16-10-2024T07:02:00 - [TEST_STEP][PASSED] - typeOfData = "План Отпуск из сети": null

16-10-2024T07:02:00 - [TEST_STEP][PASSED] - tabR = GetOiSPlanR(x = a): null

16-10-2024T07:02:00 - [TEST_STEP][PASSED] - i1 = <not implemented yet for class: org.codehaus.groovy.ast.expr.EmptyExpression>: null

16-10-2024T07:02:00 - [TEST_STEP][PASSED] - ii = <not implemented yet for class: org.codehaus.groovy.ast.expr.EmptyExpression>: null

16-10-2024T07:02:00 - [TEST_STEP][PASSED] - for ([ii = 1, ii < 8, (ii++)]): null

16-10-2024T07:02:00 - [TEST_STEP][PASSED] - i1 = x.indexOf("/") + 1: null

16-10-2024T07:02:00 - [TEST_STEP][PASSED] - if (i1 > -1): null

16-10-2024T07:02:00 - [TEST_STEP][PASSED] - x = x.substring(i1, x.length()): null

16-10-2024T07:02:00 - [TEST_STEP][PASSED] - println(x): null

16-10-2024T07:02:00 - [TEST_STEP][PASSED] - i1 = x.indexOf("/") + 1: null

16-10-2024T07:02:00 - [TEST_STEP][PASSED] - if (i1 > -1): null

16-10-2024T07:02:00 - [TEST_STEP][PASSED] - x = x.substring(i1, x.length()): null

16-10-2024T07:02:00 - [TEST_STEP][PASSED] - println(x): null

16-10-2024T07:02:00 - [TEST_STEP][PASSED] - i1 = x.indexOf("/") + 1: null

16-10-2024T07:02:00 - [TEST_STEP][PASSED] - if (i1 > -1): null

16-10-2024T07:02:00 - [TEST_STEP][PASSED] - x = x.substring(i1, x.length()): null

16-10-2024T07:02:00 - [TEST_STEP][PASSED] - println(x): null

16-10-2024T07:02:00 - [TEST_STEP][PASSED] - i1 = x.indexOf("/") + 1: null

16-10-2024T07:02:00 - [TEST_STEP][PASSED] - if (i1 > -1): null

16-10-2024T07:02:00 - [TEST_STEP][PASSED] - x = x.substring(i1, x.length()): null

16-10-2024T07:02:00 - [TEST_STEP][PASSED] - println(x): null

16-10-2024T07:02:00 - [TEST_STEP][PASSED] - i1 = x.indexOf("/") + 1: null

16-10-2024T07:02:00 - [TEST_STEP][PASSED] - if (i1 > -1): null

16-10-2024T07:02:00 - [TEST_STEP][PASSED] - x = x.substring(i1, x.length()): null

16-10-2024T07:02:00 - [TEST_STEP][PASSED] - println(x): null

16-10-2024T07:02:00 - [TEST_STEP][PASSED] - i1 = x.indexOf("/") + 1: null

16-10-2024T07:02:00 - [TEST_STEP][PASSED] - if (i1 > -1): null

16-10-2024T07:02:00 - [TEST_STEP][PASSED] - x = x.substring(i1, x.length()): null

16-10-2024T07:02:00 - [TEST_STEP][PASSED] - println(x): null

16-10-2024T07:02:00 - [TEST_STEP][PASSED] - i1 = x.indexOf("/") + 1: null

16-10-2024T07:02:00 - [TEST_STEP][PASSED] - if (i1 > -1): null

16-10-2024T07:02:00 - [TEST_STEP][PASSED] - x = x.substring(i1, x.length()): null

16-10-2024T07:02:00 - [TEST_STEP][PASSED] - println(x): null

16-10-2024T07:02:00 - [TEST_STEP][PASSED] - i1 = x.indexOf("/"): null

16-10-2024T07:02:00 - [TEST_STEP][PASSED] - if (i1 > -1): null

16-10-2024T07:02:00 - [TEST_STEP][PASSED] - x = x.substring(0, i1): null

16-10-2024T07:02:00 - [TEST_STEP][PASSED] - println(x): null

16-10-2024T07:02:00 - [TEST_STEP][PASSED] - return x: null

16-10-2024T07:02:00 - [TEST_STEP][PASSED] - tabB = GetOiSPlanB(x = b): null

16-10-2024T07:02:00 - [TEST_STEP][PASSED] - i1 = <not implemented yet for class: org.codehaus.groovy.ast.expr.EmptyExpression>: null

16-10-2024T07:02:00 - [TEST_STEP][PASSED] - ii = <not implemented yet for class: org.codehaus.groovy.ast.expr.EmptyExpression>: null

16-10-2024T07:02:00 - [TEST_STEP][PASSED] - for ([ii = 1, ii < 8, (ii++)]): null

16-10-2024T07:02:00 - [TEST_STEP][PASSED] - i1 = x.indexOf("/") + 1: null

16-10-2024T07:02:00 - [TEST_STEP][PASSED] - if (i1 > -1): null

16-10-2024T07:02:00 - [TEST_STEP][PASSED] - x = x.substring(i1, x.length()): null

16-10-2024T07:02:00 - [TEST_STEP][PASSED] - println(x): null

16-10-2024T07:02:00 - [TEST_STEP][PASSED] - i1 = x.indexOf("/") + 1: null

16-10-2024T07:02:00 - [TEST_STEP][PASSED] - if (i1 > -1): null

16-10-2024T07:02:00 - [TEST_STEP][PASSED] - x = x.substring(i1, x.length()): null

16-10-2024T07:02:00 - [TEST_STEP][PASSED] - println(x): null

16-10-2024T07:02:00 - [TEST_STEP][PASSED] - i1 = x.indexOf("/") + 1: null

16-10-2024T07:02:00 - [TEST_STEP][PASSED] - if (i1 > -1): null

16-10-2024T07:02:00 - [TEST_STEP][PASSED] - x = x.substring(i1, x.length()): null

16-10-2024T07:02:00 - [TEST_STEP][PASSED] - println(x): null

16-10-2024T07:02:00 - [TEST_STEP][PASSED] - i1 = x.indexOf("/") + 1: null

16-10-2024T07:02:00 - [TEST_STEP][PASSED] - if (i1 > -1): null

16-10-2024T07:02:00 - [TEST_STEP][PASSED] - x = x.substring(i1, x.length()): null

16-10-2024T07:02:00 - [TEST_STEP][PASSED] - println(x): null

16-10-2024T07:02:00 - [TEST_STEP][PASSED] - i1 = x.indexOf("/") + 1: null

16-10-2024T07:02:00 - [TEST_STEP][PASSED] - if (i1 > -1): null

16-10-2024T07:02:00 - [TEST_STEP][PASSED] - x = x.substring(i1, x.length()): null

16-10-2024T07:02:00 - [TEST_STEP][PASSED] - println(x): null

16-10-2024T07:02:00 - [TEST_STEP][PASSED] - i1 = x.indexOf("/") + 1: null

16-10-2024T07:02:00 - [TEST_STEP][PASSED] - if (i1 > -1): null

16-10-2024T07:02:00 - [TEST_STEP][PASSED] - x = x.substring(i1, x.length()): null

16-10-2024T07:02:00 - [TEST_STEP][PASSED] - println(x): null

16-10-2024T07:02:00 - [TEST_STEP][PASSED] - i1 = x.indexOf("/") + 1: null

16-10-2024T07:02:00 - [TEST_STEP][PASSED] - if (i1 > -1): null

16-10-2024T07:02:00 - [TEST_STEP][PASSED] - x = x.substring(i1, x.length()): null

16-10-2024T07:02:00 - [TEST_STEP][PASSED] - println(x): null

16-10-2024T07:02:00 - [TEST_STEP][PASSED] - i1 = x.indexOf("/"): null

16-10-2024T07:02:00 - [TEST_STEP][PASSED] - if (i1 > -1): null

16-10-2024T07:02:00 - [TEST_STEP][PASSED] - x = x.substring(0, i1): null

16-10-2024T07:02:00 - [TEST_STEP][PASSED] - println(x): null

16-10-2024T07:02:00 - [TEST_STEP][FAILED] - return x: null

16-10-2024T07:02:00 - [TEST_STEP][PASSED] - println(tabR + "/" + tabB): null

16-10-2024T07:02:00 - [TEST_STEP][FAILED] - if (verifyEqual(PercFactR, PercFactB) == false): null

16-10-2024T07:02:00 - [MESSAGE][FAILED] - Unable to verify equal between actual object 'нет данных' and expected object '3.69' (Root cause: com.kms.katalon.core.exception.StepFailedException: Actual object 'нет данных' and expected object '3.69' are not equal
	at com.kms.katalon.core.keyword.builtin.VerifyEqualKeyword$_verifyEqual_closure1.doCall(VerifyEqualKeyword.groovy:58)
	at com.kms.katalon.core.keyword.builtin.VerifyEqualKeyword$_verifyEqual_closure1.call(VerifyEqualKeyword.groovy)
	at com.kms.katalon.core.keyword.internal.KeywordMain.runKeyword(KeywordMain.groovy:75)
	at com.kms.katalon.core.keyword.builtin.VerifyEqualKeyword.verifyEqual(VerifyEqualKeyword.groovy:63)
	at com.kms.katalon.core.keyword.builtin.VerifyEqualKeyword.execute(VerifyEqualKeyword.groovy:44)
	at com.kms.katalon.core.keyword.internal.KeywordExecutor.executeKeywordForPlatform(KeywordExecutor.groovy:74)
	at com.kms.katalon.core.keyword.BuiltinKeywords.verifyEqual(BuiltinKeywords.groovy:146)
	at jdk.internal.reflect.GeneratedMethodAccessor25.invoke(Unknown Source)
	at java.base/jdk.internal.reflect.DelegatingMethodAccessorImpl.invoke(DelegatingMethodAccessorImpl.java:43)
	at Выполнение бизнес-плана сверка дашбордов.CompareDZOData(Выполнение бизнес-плана сверка дашбордов:758)
	at Выполнение бизнес-плана сверка дашбордов.run(Выполнение бизнес-плана сверка дашбордов:583)
	at com.kms.katalon.core.main.ScriptEngine.run(ScriptEngine.java:194)
	at com.kms.katalon.core.main.ScriptEngine.runScriptAsRawText(ScriptEngine.java:119)
	at com.kms.katalon.core.main.TestCaseExecutor.runScript(TestCaseExecutor.java:448)
	at com.kms.katalon.core.main.TestCaseExecutor.doExecute(TestCaseExecutor.java:439)
	at com.kms.katalon.core.main.TestCaseExecutor.processExecutionPhase(TestCaseExecutor.java:418)
	at com.kms.katalon.core.main.TestCaseExecutor.accessMainPhase(TestCaseExecutor.java:410)
	at com.kms.katalon.core.main.TestCaseExecutor.execute(TestCaseExecutor.java:285)
	at com.kms.katalon.core.common.CommonExecutor.accessTestCaseMainPhase(CommonExecutor.java:65)
	at com.kms.katalon.core.main.TestSuiteExecutor.accessTestSuiteMainPhase(TestSuiteExecutor.java:150)
	at com.kms.katalon.core.main.TestSuiteExecutor.execute(TestSuiteExecutor.java:106)
	at com.kms.katalon.core.main.TestCaseMain.startTestSuite(TestCaseMain.java:180)
	at TempTestSuite1729050801829.run(TempTestSuite1729050801829.groovy:35)
	at java.base/jdk.internal.reflect.NativeMethodAccessorImpl.invoke0(Native Method)
	at java.base/jdk.internal.reflect.NativeMethodAccessorImpl.invoke(NativeMethodAccessorImpl.java:77)
	at java.base/jdk.internal.reflect.DelegatingMethodAccessorImpl.invoke(DelegatingMethodAccessorImpl.java:43)
)

16-10-2024T07:02:00 - [TEST_STEP][PASSED] - result = WriteToExcel(typeOfData, todaysDate, PercPlanR, PercPlanB, PercFactR, PercFactB, x, tabR, tabB, o1R, o1B, vidget): null

16-10-2024T07:02:00 - [TEST_STEP][PASSED] - iii = dZO.indexOf("/"): null

16-10-2024T07:02:00 - [TEST_STEP][PASSED] - println(iii): null

16-10-2024T07:02:00 - [TEST_STEP][PASSED] - dZO = dZO.substring(0, iii): null

16-10-2024T07:02:00 - [TEST_STEP][PASSED] - println(dZO): null

16-10-2024T07:02:00 - [TEST_STEP][PASSED] - println(PercPlanR): null

16-10-2024T07:02:00 - [TEST_STEP][PASSED] - println(PercPlanB): null

16-10-2024T07:02:00 - [TEST_STEP][PASSED] - println(PercFactR): null

16-10-2024T07:02:00 - [TEST_STEP][PASSED] - println(PercFactB): null

16-10-2024T07:02:00 - [TEST_STEP][PASSED] - println(tabR): null

16-10-2024T07:02:00 - [TEST_STEP][PASSED] - println(tabB): null

16-10-2024T07:02:00 - [TEST_STEP][PASSED] - println(o1R): null

16-10-2024T07:02:00 - [TEST_STEP][PASSED] - println(o1B): null

16-10-2024T07:02:00 - [TEST_STEP][PASSED] - PR = <not implemented yet for class: org.codehaus.groovy.ast.expr.EmptyExpression>: null

16-10-2024T07:02:00 - [TEST_STEP][PASSED] - FR = <not implemented yet for class: org.codehaus.groovy.ast.expr.EmptyExpression>: null

16-10-2024T07:02:00 - [TEST_STEP][PASSED] - PB = <not implemented yet for class: org.codehaus.groovy.ast.expr.EmptyExpression>: null

16-10-2024T07:02:00 - [TEST_STEP][PASSED] - FB = <not implemented yet for class: org.codehaus.groovy.ast.expr.EmptyExpression>: null

16-10-2024T07:02:00 - [TEST_STEP][PASSED] - TR = <not implemented yet for class: org.codehaus.groovy.ast.expr.EmptyExpression>: null

16-10-2024T07:02:00 - [TEST_STEP][PASSED] - TB = <not implemented yet for class: org.codehaus.groovy.ast.expr.EmptyExpression>: null

16-10-2024T07:02:00 - [TEST_STEP][PASSED] - sheetName = "Sheet1": null

16-10-2024T07:02:00 - [TEST_STEP][PASSED] - data = findTestData("PlanFact"): null

16-10-2024T07:02:00 - [TEST_STEP][PASSED] - n = data.getRowNumbers() + 1: null

16-10-2024T07:02:00 - [TEST_STEP][PASSED] - year = todaysDate.substring(todaysDate.length() - 4, todaysDate.length()): null

16-10-2024T07:02:00 - [TEST_STEP][PASSED] - y = year.toInteger(): null

16-10-2024T07:02:00 - [TEST_STEP][PASSED] - m = getText(findTestObject("Выполнение бизнес-плана/Выполнение бизнес-плана Балансы/Фильтр Дата")): Text of object 'Object Repository/Выполнение бизнес-плана/Выполнение бизнес-плана Балансы/Фильтр Дата' is: '1, 2 кв., Июль, Август 2024 года'

16-10-2024T07:02:01 - [MESSAGE][PASSED] - Text of object 'Object Repository/Выполнение бизнес-плана/Выполнение бизнес-плана Балансы/Фильтр Дата' is: '1, 2 кв., Июль, Август 2024 года'

16-10-2024T07:02:01 - [TEST_STEP][PASSED] - m = m.substring(0, m.indexOf("2024")): null

16-10-2024T07:02:01 - [TEST_STEP][PASSED] - m = m.trim(): null

16-10-2024T07:02:01 - [TEST_STEP][PASSED] - dashboardName = "Выполнение бизнес-плана": null

16-10-2024T07:02:01 - [TEST_STEP][PASSED] - workbook01 = getWorkbook(excelFilePath): null

16-10-2024T07:02:01 - [TEST_STEP][PASSED] - sheet01 = getExcelSheet(workbook01, sheetName): null

16-10-2024T07:02:01 - [TEST_STEP][PASSED] - setValueToCellByIndex(sheet01, n, 0, dashboardName): null

16-10-2024T07:02:01 - [TEST_STEP][PASSED] - setValueToCellByIndex(sheet01, n, 1, dZO): null

16-10-2024T07:02:01 - [TEST_STEP][PASSED] - setValueToCellByIndex(sheet01, n, 2, typeOfData): null

16-10-2024T07:02:01 - [TEST_STEP][PASSED] - setValueToCellByIndex(sheet01, n, 3, typeOfData): null

16-10-2024T07:02:01 - [TEST_STEP][PASSED] - if (typeOfData == "План"): null

16-10-2024T07:02:01 - [TEST_STEP][PASSED] - else if (typeOfData == "Факт"): null

16-10-2024T07:02:01 - [TEST_STEP][PASSED] - else if (vidget.contains("электроэнергии") == true): null

16-10-2024T07:02:01 - [TEST_STEP][PASSED] - if (tabR == null): null

16-10-2024T07:02:01 - [TEST_STEP][PASSED] - else: null

16-10-2024T07:02:01 - [TEST_STEP][PASSED] - if (tabR == "нет данных"): null

16-10-2024T07:02:01 - [TEST_STEP][PASSED] - setValueToCellByIndex(sheet01, n, 4, "нет данных"): null

16-10-2024T07:02:01 - [TEST_STEP][PASSED] - if (tabB == null): null

16-10-2024T07:02:01 - [TEST_STEP][PASSED] - else: null

16-10-2024T07:02:01 - [TEST_STEP][PASSED] - if (tabB == "нет данных"): null

16-10-2024T07:02:01 - [TEST_STEP][PASSED] - else: null

16-10-2024T07:02:01 - [TEST_STEP][PASSED] - TB = tabB.toInteger(): null

16-10-2024T07:02:01 - [TEST_STEP][PASSED] - setValueToCellByIndex(sheet01, n, 5, TB): null

16-10-2024T07:02:01 - [TEST_STEP][PASSED] - setValueToCellByIndex(sheet01, n, 6, m): null

16-10-2024T07:02:01 - [TEST_STEP][PASSED] - setValueToCellByIndex(sheet01, n, 7, y): null

16-10-2024T07:02:01 - [TEST_STEP][PASSED] - setValueToCellByIndex(sheet01, n, 8, todaysDate): null

16-10-2024T07:02:01 - [TEST_STEP][PASSED] - n = n + 1: null

16-10-2024T07:02:01 - [TEST_STEP][PASSED] - saveWorkbook(excelFilePath, workbook01): null

16-10-2024T07:02:01 - [TEST_STEP][PASSED] - typeOfData = "План Потери": null

16-10-2024T07:02:01 - [TEST_STEP][PASSED] - tabR = GetPPlanR(x = a): null

16-10-2024T07:02:01 - [TEST_STEP][PASSED] - i1 = <not implemented yet for class: org.codehaus.groovy.ast.expr.EmptyExpression>: null

16-10-2024T07:02:01 - [TEST_STEP][PASSED] - ii = <not implemented yet for class: org.codehaus.groovy.ast.expr.EmptyExpression>: null

16-10-2024T07:02:01 - [TEST_STEP][PASSED] - for ([ii = 1, ii < 9, (ii++)]): null

16-10-2024T07:02:01 - [TEST_STEP][PASSED] - i1 = x.indexOf("/") + 1: null

16-10-2024T07:02:01 - [TEST_STEP][PASSED] - if (i1 > -1): null

16-10-2024T07:02:01 - [TEST_STEP][PASSED] - x = x.substring(i1, x.length()): null

16-10-2024T07:02:01 - [TEST_STEP][PASSED] - println(x): null

16-10-2024T07:02:01 - [TEST_STEP][PASSED] - i1 = x.indexOf("/") + 1: null

16-10-2024T07:02:01 - [TEST_STEP][PASSED] - if (i1 > -1): null

16-10-2024T07:02:01 - [TEST_STEP][PASSED] - x = x.substring(i1, x.length()): null

16-10-2024T07:02:01 - [TEST_STEP][PASSED] - println(x): null

16-10-2024T07:02:01 - [TEST_STEP][PASSED] - i1 = x.indexOf("/") + 1: null

16-10-2024T07:02:01 - [TEST_STEP][PASSED] - if (i1 > -1): null

16-10-2024T07:02:01 - [TEST_STEP][PASSED] - x = x.substring(i1, x.length()): null

16-10-2024T07:02:01 - [TEST_STEP][PASSED] - println(x): null

16-10-2024T07:02:01 - [TEST_STEP][PASSED] - i1 = x.indexOf("/") + 1: null

16-10-2024T07:02:01 - [TEST_STEP][PASSED] - if (i1 > -1): null

16-10-2024T07:02:01 - [TEST_STEP][PASSED] - x = x.substring(i1, x.length()): null

16-10-2024T07:02:01 - [TEST_STEP][PASSED] - println(x): null

16-10-2024T07:02:01 - [TEST_STEP][PASSED] - i1 = x.indexOf("/") + 1: null

16-10-2024T07:02:01 - [TEST_STEP][PASSED] - if (i1 > -1): null

16-10-2024T07:02:01 - [TEST_STEP][PASSED] - x = x.substring(i1, x.length()): null

16-10-2024T07:02:01 - [TEST_STEP][PASSED] - println(x): null

16-10-2024T07:02:01 - [TEST_STEP][PASSED] - i1 = x.indexOf("/") + 1: null

16-10-2024T07:02:01 - [TEST_STEP][PASSED] - if (i1 > -1): null

16-10-2024T07:02:01 - [TEST_STEP][PASSED] - x = x.substring(i1, x.length()): null

16-10-2024T07:02:01 - [TEST_STEP][PASSED] - println(x): null

16-10-2024T07:02:01 - [TEST_STEP][PASSED] - i1 = x.indexOf("/") + 1: null

16-10-2024T07:02:01 - [TEST_STEP][PASSED] - if (i1 > -1): null

16-10-2024T07:02:01 - [TEST_STEP][PASSED] - x = x.substring(i1, x.length()): null

16-10-2024T07:02:01 - [TEST_STEP][PASSED] - println(x): null

16-10-2024T07:02:01 - [TEST_STEP][PASSED] - i1 = x.indexOf("/") + 1: null

16-10-2024T07:02:01 - [TEST_STEP][PASSED] - if (i1 > -1): null

16-10-2024T07:02:01 - [TEST_STEP][PASSED] - x = x.substring(i1, x.length()): null

16-10-2024T07:02:01 - [TEST_STEP][PASSED] - println(x): null

16-10-2024T07:02:01 - [TEST_STEP][PASSED] - i1 = x.indexOf("/"): null

16-10-2024T07:02:01 - [TEST_STEP][PASSED] - if (i1 > -1): null

16-10-2024T07:02:01 - [TEST_STEP][PASSED] - x = x.substring(0, i1): null

16-10-2024T07:02:01 - [TEST_STEP][PASSED] - println(x): null

16-10-2024T07:02:01 - [TEST_STEP][PASSED] - return x: null

16-10-2024T07:02:01 - [TEST_STEP][PASSED] - tabB = GetPPlanB(x = b): null

16-10-2024T07:02:01 - [TEST_STEP][PASSED] - i1 = <not implemented yet for class: org.codehaus.groovy.ast.expr.EmptyExpression>: null

16-10-2024T07:02:01 - [TEST_STEP][PASSED] - ii = <not implemented yet for class: org.codehaus.groovy.ast.expr.EmptyExpression>: null

16-10-2024T07:02:01 - [TEST_STEP][PASSED] - for ([ii = 1, ii < 9, (ii++)]): null

16-10-2024T07:02:01 - [TEST_STEP][PASSED] - i1 = x.indexOf("/") + 1: null

16-10-2024T07:02:01 - [TEST_STEP][PASSED] - if (i1 > -1): null

16-10-2024T07:02:01 - [TEST_STEP][PASSED] - x = x.substring(i1, x.length()): null

16-10-2024T07:02:01 - [TEST_STEP][PASSED] - println(x): null

16-10-2024T07:02:01 - [TEST_STEP][PASSED] - i1 = x.indexOf("/") + 1: null

16-10-2024T07:02:01 - [TEST_STEP][PASSED] - if (i1 > -1): null

16-10-2024T07:02:01 - [TEST_STEP][PASSED] - x = x.substring(i1, x.length()): null

16-10-2024T07:02:01 - [TEST_STEP][PASSED] - println(x): null

16-10-2024T07:02:01 - [TEST_STEP][PASSED] - i1 = x.indexOf("/") + 1: null

16-10-2024T07:02:01 - [TEST_STEP][PASSED] - if (i1 > -1): null

16-10-2024T07:02:01 - [TEST_STEP][PASSED] - x = x.substring(i1, x.length()): null

16-10-2024T07:02:01 - [TEST_STEP][PASSED] - println(x): null

16-10-2024T07:02:01 - [TEST_STEP][PASSED] - i1 = x.indexOf("/") + 1: null

16-10-2024T07:02:01 - [TEST_STEP][PASSED] - if (i1 > -1): null

16-10-2024T07:02:01 - [TEST_STEP][PASSED] - x = x.substring(i1, x.length()): null

16-10-2024T07:02:01 - [TEST_STEP][PASSED] - println(x): null

16-10-2024T07:02:01 - [TEST_STEP][PASSED] - i1 = x.indexOf("/") + 1: null

16-10-2024T07:02:01 - [TEST_STEP][PASSED] - if (i1 > -1): null

16-10-2024T07:02:01 - [TEST_STEP][PASSED] - x = x.substring(i1, x.length()): null

16-10-2024T07:02:01 - [TEST_STEP][PASSED] - println(x): null

16-10-2024T07:02:01 - [TEST_STEP][PASSED] - i1 = x.indexOf("/") + 1: null

16-10-2024T07:02:01 - [TEST_STEP][PASSED] - if (i1 > -1): null

16-10-2024T07:02:01 - [TEST_STEP][PASSED] - x = x.substring(i1, x.length()): null

16-10-2024T07:02:01 - [TEST_STEP][PASSED] - println(x): null

16-10-2024T07:02:01 - [TEST_STEP][PASSED] - i1 = x.indexOf("/") + 1: null

16-10-2024T07:02:01 - [TEST_STEP][PASSED] - if (i1 > -1): null

16-10-2024T07:02:01 - [TEST_STEP][PASSED] - x = x.substring(i1, x.length()): null

16-10-2024T07:02:01 - [TEST_STEP][PASSED] - println(x): null

16-10-2024T07:02:01 - [TEST_STEP][PASSED] - i1 = x.indexOf("/") + 1: null

16-10-2024T07:02:01 - [TEST_STEP][PASSED] - if (i1 > -1): null

16-10-2024T07:02:01 - [TEST_STEP][PASSED] - x = x.substring(i1, x.length()): null

16-10-2024T07:02:01 - [TEST_STEP][PASSED] - println(x): null

16-10-2024T07:02:01 - [TEST_STEP][PASSED] - i1 = x.indexOf("/"): null

16-10-2024T07:02:01 - [TEST_STEP][PASSED] - if (i1 > -1): null

16-10-2024T07:02:01 - [TEST_STEP][PASSED] - x = x.substring(0, i1): null

16-10-2024T07:02:01 - [TEST_STEP][PASSED] - println(x): null

16-10-2024T07:02:01 - [TEST_STEP][FAILED] - return x: null

16-10-2024T07:02:01 - [TEST_STEP][PASSED] - println(tabR + "/" + tabB): null

16-10-2024T07:02:01 - [TEST_STEP][FAILED] - if (verifyEqual(PercFactR, PercFactB) == false): null

16-10-2024T07:02:01 - [MESSAGE][FAILED] - Unable to verify equal between actual object 'нет данных' and expected object '3.69' (Root cause: com.kms.katalon.core.exception.StepFailedException: Actual object 'нет данных' and expected object '3.69' are not equal
	at com.kms.katalon.core.keyword.builtin.VerifyEqualKeyword$_verifyEqual_closure1.doCall(VerifyEqualKeyword.groovy:58)
	at com.kms.katalon.core.keyword.builtin.VerifyEqualKeyword$_verifyEqual_closure1.call(VerifyEqualKeyword.groovy)
	at com.kms.katalon.core.keyword.internal.KeywordMain.runKeyword(KeywordMain.groovy:75)
	at com.kms.katalon.core.keyword.builtin.VerifyEqualKeyword.verifyEqual(VerifyEqualKeyword.groovy:63)
	at com.kms.katalon.core.keyword.builtin.VerifyEqualKeyword.execute(VerifyEqualKeyword.groovy:44)
	at com.kms.katalon.core.keyword.internal.KeywordExecutor.executeKeywordForPlatform(KeywordExecutor.groovy:74)
	at com.kms.katalon.core.keyword.BuiltinKeywords.verifyEqual(BuiltinKeywords.groovy:146)
	at jdk.internal.reflect.GeneratedMethodAccessor25.invoke(Unknown Source)
	at java.base/jdk.internal.reflect.DelegatingMethodAccessorImpl.invoke(DelegatingMethodAccessorImpl.java:43)
	at Выполнение бизнес-плана сверка дашбордов.CompareDZOData(Выполнение бизнес-плана сверка дашбордов:771)
	at Выполнение бизнес-плана сверка дашбордов.run(Выполнение бизнес-плана сверка дашбордов:583)
	at com.kms.katalon.core.main.ScriptEngine.run(ScriptEngine.java:194)
	at com.kms.katalon.core.main.ScriptEngine.runScriptAsRawText(ScriptEngine.java:119)
	at com.kms.katalon.core.main.TestCaseExecutor.runScript(TestCaseExecutor.java:448)
	at com.kms.katalon.core.main.TestCaseExecutor.doExecute(TestCaseExecutor.java:439)
	at com.kms.katalon.core.main.TestCaseExecutor.processExecutionPhase(TestCaseExecutor.java:418)
	at com.kms.katalon.core.main.TestCaseExecutor.accessMainPhase(TestCaseExecutor.java:410)
	at com.kms.katalon.core.main.TestCaseExecutor.execute(TestCaseExecutor.java:285)
	at com.kms.katalon.core.common.CommonExecutor.accessTestCaseMainPhase(CommonExecutor.java:65)
	at com.kms.katalon.core.main.TestSuiteExecutor.accessTestSuiteMainPhase(TestSuiteExecutor.java:150)
	at com.kms.katalon.core.main.TestSuiteExecutor.execute(TestSuiteExecutor.java:106)
	at com.kms.katalon.core.main.TestCaseMain.startTestSuite(TestCaseMain.java:180)
	at TempTestSuite1729050801829.run(TempTestSuite1729050801829.groovy:35)
	at java.base/jdk.internal.reflect.NativeMethodAccessorImpl.invoke0(Native Method)
	at java.base/jdk.internal.reflect.NativeMethodAccessorImpl.invoke(NativeMethodAccessorImpl.java:77)
	at java.base/jdk.internal.reflect.DelegatingMethodAccessorImpl.invoke(DelegatingMethodAccessorImpl.java:43)
)

16-10-2024T07:02:01 - [TEST_STEP][PASSED] - result = WriteToExcel(typeOfData, todaysDate, PercPlanR, PercPlanB, PercFactR, PercFactB, x, tabR, tabB, o1R, o1B, vidget): null

16-10-2024T07:02:01 - [TEST_STEP][PASSED] - iii = dZO.indexOf("/"): null

16-10-2024T07:02:01 - [TEST_STEP][PASSED] - println(iii): null

16-10-2024T07:02:01 - [TEST_STEP][PASSED] - dZO = dZO.substring(0, iii): null

16-10-2024T07:02:01 - [TEST_STEP][PASSED] - println(dZO): null

16-10-2024T07:02:01 - [TEST_STEP][PASSED] - println(PercPlanR): null

16-10-2024T07:02:01 - [TEST_STEP][PASSED] - println(PercPlanB): null

16-10-2024T07:02:01 - [TEST_STEP][PASSED] - println(PercFactR): null

16-10-2024T07:02:01 - [TEST_STEP][PASSED] - println(PercFactB): null

16-10-2024T07:02:01 - [TEST_STEP][PASSED] - println(tabR): null

16-10-2024T07:02:01 - [TEST_STEP][PASSED] - println(tabB): null

16-10-2024T07:02:01 - [TEST_STEP][PASSED] - println(o1R): null

16-10-2024T07:02:01 - [TEST_STEP][PASSED] - println(o1B): null

16-10-2024T07:02:01 - [TEST_STEP][PASSED] - PR = <not implemented yet for class: org.codehaus.groovy.ast.expr.EmptyExpression>: null

16-10-2024T07:02:01 - [TEST_STEP][PASSED] - FR = <not implemented yet for class: org.codehaus.groovy.ast.expr.EmptyExpression>: null

16-10-2024T07:02:01 - [TEST_STEP][PASSED] - PB = <not implemented yet for class: org.codehaus.groovy.ast.expr.EmptyExpression>: null

16-10-2024T07:02:01 - [TEST_STEP][PASSED] - FB = <not implemented yet for class: org.codehaus.groovy.ast.expr.EmptyExpression>: null

16-10-2024T07:02:01 - [TEST_STEP][PASSED] - TR = <not implemented yet for class: org.codehaus.groovy.ast.expr.EmptyExpression>: null

16-10-2024T07:02:01 - [TEST_STEP][PASSED] - TB = <not implemented yet for class: org.codehaus.groovy.ast.expr.EmptyExpression>: null

16-10-2024T07:02:01 - [TEST_STEP][PASSED] - sheetName = "Sheet1": null

16-10-2024T07:02:01 - [TEST_STEP][PASSED] - data = findTestData("PlanFact"): null

16-10-2024T07:02:01 - [TEST_STEP][PASSED] - n = data.getRowNumbers() + 1: null

16-10-2024T07:02:01 - [TEST_STEP][PASSED] - year = todaysDate.substring(todaysDate.length() - 4, todaysDate.length()): null

16-10-2024T07:02:01 - [TEST_STEP][PASSED] - y = year.toInteger(): null

16-10-2024T07:02:01 - [TEST_STEP][PASSED] - m = getText(findTestObject("Выполнение бизнес-плана/Выполнение бизнес-плана Балансы/Фильтр Дата")): Text of object 'Object Repository/Выполнение бизнес-плана/Выполнение бизнес-плана Балансы/Фильтр Дата' is: '1, 2 кв., Июль, Август 2024 года'

16-10-2024T07:02:01 - [MESSAGE][PASSED] - Text of object 'Object Repository/Выполнение бизнес-плана/Выполнение бизнес-плана Балансы/Фильтр Дата' is: '1, 2 кв., Июль, Август 2024 года'

16-10-2024T07:02:01 - [TEST_STEP][PASSED] - m = m.substring(0, m.indexOf("2024")): null

16-10-2024T07:02:01 - [TEST_STEP][PASSED] - m = m.trim(): null

16-10-2024T07:02:01 - [TEST_STEP][PASSED] - dashboardName = "Выполнение бизнес-плана": null

16-10-2024T07:02:01 - [TEST_STEP][PASSED] - workbook01 = getWorkbook(excelFilePath): null

16-10-2024T07:02:02 - [TEST_STEP][PASSED] - sheet01 = getExcelSheet(workbook01, sheetName): null

16-10-2024T07:02:02 - [TEST_STEP][PASSED] - setValueToCellByIndex(sheet01, n, 0, dashboardName): null

16-10-2024T07:02:02 - [TEST_STEP][PASSED] - setValueToCellByIndex(sheet01, n, 1, dZO): null

16-10-2024T07:02:02 - [TEST_STEP][PASSED] - setValueToCellByIndex(sheet01, n, 2, typeOfData): null

16-10-2024T07:02:02 - [TEST_STEP][PASSED] - setValueToCellByIndex(sheet01, n, 3, typeOfData): null

16-10-2024T07:02:02 - [TEST_STEP][PASSED] - if (typeOfData == "План"): null

16-10-2024T07:02:02 - [TEST_STEP][PASSED] - else if (typeOfData == "Факт"): null

16-10-2024T07:02:02 - [TEST_STEP][PASSED] - else if (vidget.contains("электроэнергии") == true): null

16-10-2024T07:02:02 - [TEST_STEP][PASSED] - if (tabR == null): null

16-10-2024T07:02:02 - [TEST_STEP][PASSED] - else: null

16-10-2024T07:02:02 - [TEST_STEP][PASSED] - if (tabR == "нет данных"): null

16-10-2024T07:02:02 - [TEST_STEP][PASSED] - setValueToCellByIndex(sheet01, n, 4, "нет данных"): null

16-10-2024T07:02:02 - [TEST_STEP][PASSED] - if (tabB == null): null

16-10-2024T07:02:02 - [TEST_STEP][PASSED] - else: null

16-10-2024T07:02:02 - [TEST_STEP][PASSED] - if (tabB == "нет данных"): null

16-10-2024T07:02:02 - [TEST_STEP][PASSED] - else: null

16-10-2024T07:02:02 - [TEST_STEP][PASSED] - TB = tabB.toInteger(): null

16-10-2024T07:02:02 - [TEST_STEP][PASSED] - setValueToCellByIndex(sheet01, n, 5, TB): null

16-10-2024T07:02:02 - [TEST_STEP][PASSED] - setValueToCellByIndex(sheet01, n, 6, m): null

16-10-2024T07:02:02 - [TEST_STEP][PASSED] - setValueToCellByIndex(sheet01, n, 7, y): null

16-10-2024T07:02:02 - [TEST_STEP][PASSED] - setValueToCellByIndex(sheet01, n, 8, todaysDate): null

16-10-2024T07:02:02 - [TEST_STEP][PASSED] - n = n + 1: null

16-10-2024T07:02:02 - [TEST_STEP][PASSED] - saveWorkbook(excelFilePath, workbook01): null

16-10-2024T07:02:02 - [TEST_STEP][PASSED] - ii2 = a.indexOf("ПАО"): null

16-10-2024T07:02:02 - [TEST_STEP][PASSED] - if (ii2 == -1): null

16-10-2024T07:02:02 - [TEST_STEP][PASSED] - vidget = "Отклонения фактического уровня потерь от бизнес-плана": null

16-10-2024T07:02:02 - [TEST_STEP][PASSED] - typeOfData = "Коэффициент": null

16-10-2024T07:02:02 - [TEST_STEP][PASSED] - o1R = Geto1R(x = a): null

16-10-2024T07:02:02 - [TEST_STEP][PASSED] - i1 = <not implemented yet for class: org.codehaus.groovy.ast.expr.EmptyExpression>: null

16-10-2024T07:02:02 - [TEST_STEP][PASSED] - ii = <not implemented yet for class: org.codehaus.groovy.ast.expr.EmptyExpression>: null

16-10-2024T07:02:02 - [TEST_STEP][PASSED] - for ([ii = 1, ii < 10, (ii++)]): null

16-10-2024T07:02:02 - [TEST_STEP][PASSED] - i1 = x.indexOf("/") + 1: null

16-10-2024T07:02:02 - [TEST_STEP][PASSED] - if (i1 > -1): null

16-10-2024T07:02:02 - [TEST_STEP][PASSED] - x = x.substring(i1, x.length()): null

16-10-2024T07:02:02 - [TEST_STEP][PASSED] - i1 = x.indexOf("/") + 1: null

16-10-2024T07:02:02 - [TEST_STEP][PASSED] - if (i1 > -1): null

16-10-2024T07:02:02 - [TEST_STEP][PASSED] - x = x.substring(i1, x.length()): null

16-10-2024T07:02:02 - [TEST_STEP][PASSED] - i1 = x.indexOf("/") + 1: null

16-10-2024T07:02:02 - [TEST_STEP][PASSED] - if (i1 > -1): null

16-10-2024T07:02:02 - [TEST_STEP][PASSED] - x = x.substring(i1, x.length()): null

16-10-2024T07:02:02 - [TEST_STEP][PASSED] - i1 = x.indexOf("/") + 1: null

16-10-2024T07:02:02 - [TEST_STEP][PASSED] - if (i1 > -1): null

16-10-2024T07:02:02 - [TEST_STEP][PASSED] - x = x.substring(i1, x.length()): null

16-10-2024T07:02:02 - [TEST_STEP][PASSED] - i1 = x.indexOf("/") + 1: null

16-10-2024T07:02:02 - [TEST_STEP][PASSED] - if (i1 > -1): null

16-10-2024T07:02:02 - [TEST_STEP][PASSED] - x = x.substring(i1, x.length()): null

16-10-2024T07:02:02 - [TEST_STEP][PASSED] - i1 = x.indexOf("/") + 1: null

16-10-2024T07:02:02 - [TEST_STEP][PASSED] - if (i1 > -1): null

16-10-2024T07:02:02 - [TEST_STEP][PASSED] - x = x.substring(i1, x.length()): null

16-10-2024T07:02:02 - [TEST_STEP][PASSED] - i1 = x.indexOf("/") + 1: null

16-10-2024T07:02:02 - [TEST_STEP][PASSED] - if (i1 > -1): null

16-10-2024T07:02:02 - [TEST_STEP][PASSED] - x = x.substring(i1, x.length()): null

16-10-2024T07:02:02 - [TEST_STEP][PASSED] - i1 = x.indexOf("/") + 1: null

16-10-2024T07:02:02 - [TEST_STEP][PASSED] - if (i1 > -1): null

16-10-2024T07:02:02 - [TEST_STEP][PASSED] - x = x.substring(i1, x.length()): null

16-10-2024T07:02:02 - [TEST_STEP][PASSED] - i1 = x.indexOf("/") + 1: null

16-10-2024T07:02:02 - [TEST_STEP][PASSED] - if (i1 > -1): null

16-10-2024T07:02:02 - [TEST_STEP][PASSED] - x = x.substring(i1, x.length()): null

16-10-2024T07:02:02 - [TEST_STEP][PASSED] - i1 = x.indexOf("/"): null

16-10-2024T07:02:02 - [TEST_STEP][PASSED] - if (i1 > -1): null

16-10-2024T07:02:02 - [TEST_STEP][PASSED] - println(x): null

16-10-2024T07:02:02 - [TEST_STEP][PASSED] - return x: null

16-10-2024T07:02:02 - [TEST_STEP][PASSED] - o1B = Geto1B(x = b): null

16-10-2024T07:02:02 - [TEST_STEP][PASSED] - i1 = <not implemented yet for class: org.codehaus.groovy.ast.expr.EmptyExpression>: null

16-10-2024T07:02:02 - [TEST_STEP][PASSED] - ii = <not implemented yet for class: org.codehaus.groovy.ast.expr.EmptyExpression>: null

16-10-2024T07:02:02 - [TEST_STEP][PASSED] - for ([ii = 1, ii < 10, (ii++)]): null

16-10-2024T07:02:02 - [TEST_STEP][PASSED] - i1 = x.indexOf("/") + 1: null

16-10-2024T07:02:02 - [TEST_STEP][PASSED] - if (i1 > -1): null

16-10-2024T07:02:02 - [TEST_STEP][PASSED] - x = x.substring(i1, x.length()): null

16-10-2024T07:02:02 - [TEST_STEP][PASSED] - i1 = x.indexOf("/") + 1: null

16-10-2024T07:02:02 - [TEST_STEP][PASSED] - if (i1 > -1): null

16-10-2024T07:02:02 - [TEST_STEP][PASSED] - x = x.substring(i1, x.length()): null

16-10-2024T07:02:02 - [TEST_STEP][PASSED] - i1 = x.indexOf("/") + 1: null

16-10-2024T07:02:02 - [TEST_STEP][PASSED] - if (i1 > -1): null

16-10-2024T07:02:02 - [TEST_STEP][PASSED] - x = x.substring(i1, x.length()): null

16-10-2024T07:02:02 - [TEST_STEP][PASSED] - i1 = x.indexOf("/") + 1: null

16-10-2024T07:02:02 - [TEST_STEP][PASSED] - if (i1 > -1): null

16-10-2024T07:02:02 - [TEST_STEP][PASSED] - x = x.substring(i1, x.length()): null

16-10-2024T07:02:02 - [TEST_STEP][PASSED] - i1 = x.indexOf("/") + 1: null

16-10-2024T07:02:02 - [TEST_STEP][PASSED] - if (i1 > -1): null

16-10-2024T07:02:02 - [TEST_STEP][PASSED] - x = x.substring(i1, x.length()): null

16-10-2024T07:02:02 - [TEST_STEP][PASSED] - i1 = x.indexOf("/") + 1: null

16-10-2024T07:02:02 - [TEST_STEP][PASSED] - if (i1 > -1): null

16-10-2024T07:02:02 - [TEST_STEP][PASSED] - x = x.substring(i1, x.length()): null

16-10-2024T07:02:02 - [TEST_STEP][PASSED] - i1 = x.indexOf("/") + 1: null

16-10-2024T07:02:02 - [TEST_STEP][PASSED] - if (i1 > -1): null

16-10-2024T07:02:02 - [TEST_STEP][PASSED] - x = x.substring(i1, x.length()): null

16-10-2024T07:02:02 - [TEST_STEP][PASSED] - i1 = x.indexOf("/") + 1: null

16-10-2024T07:02:02 - [TEST_STEP][PASSED] - if (i1 > -1): null

16-10-2024T07:02:02 - [TEST_STEP][PASSED] - x = x.substring(i1, x.length()): null

16-10-2024T07:02:02 - [TEST_STEP][PASSED] - i1 = x.indexOf("/") + 1: null

16-10-2024T07:02:02 - [TEST_STEP][PASSED] - if (i1 > -1): null

16-10-2024T07:02:02 - [TEST_STEP][PASSED] - x = x.substring(i1, x.length()): null

16-10-2024T07:02:02 - [TEST_STEP][PASSED] - i1 = x.indexOf("/"): null

16-10-2024T07:02:02 - [TEST_STEP][PASSED] - if (i1 > -1): null

16-10-2024T07:02:02 - [TEST_STEP][PASSED] - println(x): null

16-10-2024T07:02:02 - [TEST_STEP][FAILED] - return x: null

16-10-2024T07:02:02 - [TEST_STEP][PASSED] - println(o1R + "/" + o1B): null

16-10-2024T07:02:02 - [TEST_STEP][FAILED] - if (verifyEqual(PercFactR, PercFactB) == false): null

16-10-2024T07:02:02 - [MESSAGE][FAILED] - Unable to verify equal between actual object 'нет данных' and expected object '3.69' (Root cause: com.kms.katalon.core.exception.StepFailedException: Actual object 'нет данных' and expected object '3.69' are not equal
	at com.kms.katalon.core.keyword.builtin.VerifyEqualKeyword$_verifyEqual_closure1.doCall(VerifyEqualKeyword.groovy:58)
	at com.kms.katalon.core.keyword.builtin.VerifyEqualKeyword$_verifyEqual_closure1.call(VerifyEqualKeyword.groovy)
	at com.kms.katalon.core.keyword.internal.KeywordMain.runKeyword(KeywordMain.groovy:75)
	at com.kms.katalon.core.keyword.builtin.VerifyEqualKeyword.verifyEqual(VerifyEqualKeyword.groovy:63)
	at com.kms.katalon.core.keyword.builtin.VerifyEqualKeyword.execute(VerifyEqualKeyword.groovy:44)
	at com.kms.katalon.core.keyword.internal.KeywordExecutor.executeKeywordForPlatform(KeywordExecutor.groovy:74)
	at com.kms.katalon.core.keyword.BuiltinKeywords.verifyEqual(BuiltinKeywords.groovy:146)
	at jdk.internal.reflect.GeneratedMethodAccessor25.invoke(Unknown Source)
	at java.base/jdk.internal.reflect.DelegatingMethodAccessorImpl.invoke(DelegatingMethodAccessorImpl.java:43)
	at Выполнение бизнес-плана сверка дашбордов.CompareDZOData(Выполнение бизнес-плана сверка дашбордов:789)
	at Выполнение бизнес-плана сверка дашбордов.run(Выполнение бизнес-плана сверка дашбордов:583)
	at com.kms.katalon.core.main.ScriptEngine.run(ScriptEngine.java:194)
	at com.kms.katalon.core.main.ScriptEngine.runScriptAsRawText(ScriptEngine.java:119)
	at com.kms.katalon.core.main.TestCaseExecutor.runScript(TestCaseExecutor.java:448)
	at com.kms.katalon.core.main.TestCaseExecutor.doExecute(TestCaseExecutor.java:439)
	at com.kms.katalon.core.main.TestCaseExecutor.processExecutionPhase(TestCaseExecutor.java:418)
	at com.kms.katalon.core.main.TestCaseExecutor.accessMainPhase(TestCaseExecutor.java:410)
	at com.kms.katalon.core.main.TestCaseExecutor.execute(TestCaseExecutor.java:285)
	at com.kms.katalon.core.common.CommonExecutor.accessTestCaseMainPhase(CommonExecutor.java:65)
	at com.kms.katalon.core.main.TestSuiteExecutor.accessTestSuiteMainPhase(TestSuiteExecutor.java:150)
	at com.kms.katalon.core.main.TestSuiteExecutor.execute(TestSuiteExecutor.java:106)
	at com.kms.katalon.core.main.TestCaseMain.startTestSuite(TestCaseMain.java:180)
	at TempTestSuite1729050801829.run(TempTestSuite1729050801829.groovy:35)
	at java.base/jdk.internal.reflect.NativeMethodAccessorImpl.invoke0(Native Method)
	at java.base/jdk.internal.reflect.NativeMethodAccessorImpl.invoke(NativeMethodAccessorImpl.java:77)
	at java.base/jdk.internal.reflect.DelegatingMethodAccessorImpl.invoke(DelegatingMethodAccessorImpl.java:43)
)

16-10-2024T07:02:02 - [TEST_STEP][PASSED] - result = WriteToExcel(typeOfData, todaysDate, PercPlanR, PercPlanB, PercFactR, PercFactB, x, tabR, tabB, o1R, o1B, vidget): null

16-10-2024T07:02:02 - [TEST_STEP][PASSED] - iii = dZO.indexOf("/"): null

16-10-2024T07:02:02 - [TEST_STEP][PASSED] - println(iii): null

16-10-2024T07:02:02 - [TEST_STEP][PASSED] - dZO = dZO.substring(0, iii): null

16-10-2024T07:02:02 - [TEST_STEP][PASSED] - println(dZO): null

16-10-2024T07:02:02 - [TEST_STEP][PASSED] - println(PercPlanR): null

16-10-2024T07:02:02 - [TEST_STEP][PASSED] - println(PercPlanB): null

16-10-2024T07:02:02 - [TEST_STEP][PASSED] - println(PercFactR): null

16-10-2024T07:02:02 - [TEST_STEP][PASSED] - println(PercFactB): null

16-10-2024T07:02:02 - [TEST_STEP][PASSED] - println(tabR): null

16-10-2024T07:02:02 - [TEST_STEP][PASSED] - println(tabB): null

16-10-2024T07:02:02 - [TEST_STEP][PASSED] - println(o1R): null

16-10-2024T07:02:02 - [TEST_STEP][PASSED] - println(o1B): null

16-10-2024T07:02:02 - [TEST_STEP][PASSED] - PR = <not implemented yet for class: org.codehaus.groovy.ast.expr.EmptyExpression>: null

16-10-2024T07:02:02 - [TEST_STEP][PASSED] - FR = <not implemented yet for class: org.codehaus.groovy.ast.expr.EmptyExpression>: null

16-10-2024T07:02:02 - [TEST_STEP][PASSED] - PB = <not implemented yet for class: org.codehaus.groovy.ast.expr.EmptyExpression>: null

16-10-2024T07:02:02 - [TEST_STEP][PASSED] - FB = <not implemented yet for class: org.codehaus.groovy.ast.expr.EmptyExpression>: null

16-10-2024T07:02:02 - [TEST_STEP][PASSED] - TR = <not implemented yet for class: org.codehaus.groovy.ast.expr.EmptyExpression>: null

16-10-2024T07:02:02 - [TEST_STEP][PASSED] - TB = <not implemented yet for class: org.codehaus.groovy.ast.expr.EmptyExpression>: null

16-10-2024T07:02:02 - [TEST_STEP][PASSED] - sheetName = "Sheet1": null

16-10-2024T07:02:02 - [TEST_STEP][PASSED] - data = findTestData("PlanFact"): null

16-10-2024T07:02:02 - [TEST_STEP][PASSED] - n = data.getRowNumbers() + 1: null

16-10-2024T07:02:02 - [TEST_STEP][PASSED] - year = todaysDate.substring(todaysDate.length() - 4, todaysDate.length()): null

16-10-2024T07:02:02 - [TEST_STEP][PASSED] - y = year.toInteger(): null

16-10-2024T07:02:02 - [TEST_STEP][PASSED] - m = getText(findTestObject("Выполнение бизнес-плана/Выполнение бизнес-плана Балансы/Фильтр Дата")): Text of object 'Object Repository/Выполнение бизнес-плана/Выполнение бизнес-плана Балансы/Фильтр Дата' is: '1, 2 кв., Июль, Август 2024 года'

16-10-2024T07:02:02 - [MESSAGE][PASSED] - Text of object 'Object Repository/Выполнение бизнес-плана/Выполнение бизнес-плана Балансы/Фильтр Дата' is: '1, 2 кв., Июль, Август 2024 года'

16-10-2024T07:02:02 - [TEST_STEP][PASSED] - m = m.substring(0, m.indexOf("2024")): null

16-10-2024T07:02:02 - [TEST_STEP][PASSED] - m = m.trim(): null

16-10-2024T07:02:02 - [TEST_STEP][PASSED] - dashboardName = "Выполнение бизнес-плана": null

16-10-2024T07:02:02 - [TEST_STEP][PASSED] - workbook01 = getWorkbook(excelFilePath): null

16-10-2024T07:02:02 - [TEST_STEP][PASSED] - sheet01 = getExcelSheet(workbook01, sheetName): null

16-10-2024T07:02:02 - [TEST_STEP][PASSED] - setValueToCellByIndex(sheet01, n, 0, dashboardName): null

16-10-2024T07:02:02 - [TEST_STEP][PASSED] - setValueToCellByIndex(sheet01, n, 1, dZO): null

16-10-2024T07:02:02 - [TEST_STEP][PASSED] - setValueToCellByIndex(sheet01, n, 2, typeOfData): null

16-10-2024T07:02:02 - [TEST_STEP][PASSED] - setValueToCellByIndex(sheet01, n, 3, typeOfData): null

16-10-2024T07:02:02 - [TEST_STEP][PASSED] - if (typeOfData == "План"): null

16-10-2024T07:02:02 - [TEST_STEP][PASSED] - else if (typeOfData == "Факт"): null

16-10-2024T07:02:02 - [TEST_STEP][PASSED] - else if (vidget.contains("электроэнергии") == true): null

16-10-2024T07:02:02 - [TEST_STEP][PASSED] - else: null

16-10-2024T07:02:02 - [TEST_STEP][PASSED] - if (o1R == null): null

16-10-2024T07:02:02 - [TEST_STEP][PASSED] - else: null

16-10-2024T07:02:02 - [TEST_STEP][PASSED] - if (o1R == "нет данных"): null

16-10-2024T07:02:02 - [TEST_STEP][PASSED] - setValueToCellByIndex(sheet01, n, 4, "нет данных"): null

16-10-2024T07:02:02 - [TEST_STEP][PASSED] - if (o1B == null): null

16-10-2024T07:02:02 - [TEST_STEP][PASSED] - else: null

16-10-2024T07:02:02 - [TEST_STEP][PASSED] - if (o1B == "нет данных"): null

16-10-2024T07:02:02 - [TEST_STEP][PASSED] - else: null

16-10-2024T07:02:02 - [TEST_STEP][PASSED] - FB = o1B.toDouble(): null

16-10-2024T07:02:02 - [TEST_STEP][PASSED] - setValueToCellByIndex(sheet01, n, 5, FB): null

16-10-2024T07:02:02 - [TEST_STEP][PASSED] - setValueToCellByIndex(sheet01, n, 6, m): null

16-10-2024T07:02:02 - [TEST_STEP][PASSED] - setValueToCellByIndex(sheet01, n, 7, y): null

16-10-2024T07:02:02 - [TEST_STEP][PASSED] - setValueToCellByIndex(sheet01, n, 8, todaysDate): null

16-10-2024T07:02:02 - [TEST_STEP][PASSED] - n = n + 1: null

16-10-2024T07:02:02 - [TEST_STEP][FAILED] - saveWorkbook(excelFilePath, workbook01): null

16-10-2024T07:02:02 - [TEST_STEP][PASSED] - if (verifyEqual(tyR, tyB) == false): Actual object 'АО "Тываэнерго"/21.66/21.65/517040/405099/111941/494696/387568/107128/-0.00' and expected object 'АО "Тываэнерго"/21.66/21.65/517040/405099/111941/494696/387568/107128/-0.00' are equal

16-10-2024T07:02:02 - [MESSAGE][PASSED] - Actual object 'АО "Тываэнерго"/21.66/21.65/517040/405099/111941/494696/387568/107128/-0.00' and expected object 'АО "Тываэнерго"/21.66/21.65/517040/405099/111941/494696/387568/107128/-0.00' are equal

16-10-2024T07:02:02 - [TEST_STEP][PASSED] - if (verifyEqual(chR, chB) == false): Actual object 'АО "Чеченэнерго"/33.46/37.54/2784252/1738957/1045295/2583877/1719315/864562/4.08' and expected object 'АО "Чеченэнерго"/33.46/37.54/2784252/1738957/1045295/2583877/1719315/864562/4.08' are equal

16-10-2024T07:02:02 - [MESSAGE][PASSED] - Actual object 'АО "Чеченэнерго"/33.46/37.54/2784252/1738957/1045295/2583877/1719315/864562/4.08' and expected object 'АО "Чеченэнерго"/33.46/37.54/2784252/1738957/1045295/2583877/1719315/864562/4.08' are equal

16-10-2024T07:02:02 - [TEST_STEP][FAILED] - if (verifyEqual(vR, vB) == false): null

16-10-2024T07:02:02 - [MESSAGE][FAILED] - Unable to verify equal between actual object 'Россети Волга/нет данных/нет данных/нет данных/нет данных/нет данных/нет данных/нет данных/нет данных/нет данных' and expected object 'Россети Волга/5.24/5.01/35768568/33976784/1791784/35362644/33491900/1870744/-0.23' (Root cause: com.kms.katalon.core.exception.StepFailedException: Actual object 'Россети Волга/нет данных/нет данных/нет данных/нет данных/нет данных/нет данных/нет данных/нет данных/нет данных' and expected object 'Россети Волга/5.24/5.01/35768568/33976784/1791784/35362644/33491900/1870744/-0.23' are not equal
	at com.kms.katalon.core.keyword.builtin.VerifyEqualKeyword$_verifyEqual_closure1.doCall(VerifyEqualKeyword.groovy:58)
	at com.kms.katalon.core.keyword.builtin.VerifyEqualKeyword$_verifyEqual_closure1.call(VerifyEqualKeyword.groovy)
	at com.kms.katalon.core.keyword.internal.KeywordMain.runKeyword(KeywordMain.groovy:75)
	at com.kms.katalon.core.keyword.builtin.VerifyEqualKeyword.verifyEqual(VerifyEqualKeyword.groovy:63)
	at com.kms.katalon.core.keyword.builtin.VerifyEqualKeyword.execute(VerifyEqualKeyword.groovy:44)
	at com.kms.katalon.core.keyword.internal.KeywordExecutor.executeKeywordForPlatform(KeywordExecutor.groovy:74)
	at com.kms.katalon.core.keyword.BuiltinKeywords.verifyEqual(BuiltinKeywords.groovy:146)
	at jdk.internal.reflect.GeneratedMethodAccessor25.invoke(Unknown Source)
	at java.base/jdk.internal.reflect.DelegatingMethodAccessorImpl.invoke(DelegatingMethodAccessorImpl.java:43)
	at Выполнение бизнес-плана сверка дашбордов.run(Выполнение бизнес-плана сверка дашбордов:597)
	at com.kms.katalon.core.main.ScriptEngine.run(ScriptEngine.java:194)
	at com.kms.katalon.core.main.ScriptEngine.runScriptAsRawText(ScriptEngine.java:119)
	at com.kms.katalon.core.main.TestCaseExecutor.runScript(TestCaseExecutor.java:448)
	at com.kms.katalon.core.main.TestCaseExecutor.doExecute(TestCaseExecutor.java:439)
	at com.kms.katalon.core.main.TestCaseExecutor.processExecutionPhase(TestCaseExecutor.java:418)
	at com.kms.katalon.core.main.TestCaseExecutor.accessMainPhase(TestCaseExecutor.java:410)
	at com.kms.katalon.core.main.TestCaseExecutor.execute(TestCaseExecutor.java:285)
	at com.kms.katalon.core.common.CommonExecutor.accessTestCaseMainPhase(CommonExecutor.java:65)
	at com.kms.katalon.core.main.TestSuiteExecutor.accessTestSuiteMainPhase(TestSuiteExecutor.java:150)
	at com.kms.katalon.core.main.TestSuiteExecutor.execute(TestSuiteExecutor.java:106)
	at com.kms.katalon.core.main.TestCaseMain.startTestSuite(TestCaseMain.java:180)
	at TempTestSuite1729050801829.run(TempTestSuite1729050801829.groovy:35)
	at java.base/jdk.internal.reflect.NativeMethodAccessorImpl.invoke0(Native Method)
	at java.base/jdk.internal.reflect.NativeMethodAccessorImpl.invoke(NativeMethodAccessorImpl.java:77)
	at java.base/jdk.internal.reflect.DelegatingMethodAccessorImpl.invoke(DelegatingMethodAccessorImpl.java:43)
)

16-10-2024T07:02:02 - [TEST_STEP][PASSED] - result = CompareDZOData(a = vR, b = vB, dZO, typeOfData, PercPlanR, PercPlanB, PercFactR, PercFactB, todaysDate, x, vidget, tabR, tabB, o1R, o1B): null

16-10-2024T07:02:02 - [TEST_STEP][PASSED] - ii2 = <not implemented yet for class: org.codehaus.groovy.ast.expr.EmptyExpression>: null

16-10-2024T07:02:02 - [TEST_STEP][FAILED] - if (verifyEqual(a, b) == false): null

16-10-2024T07:02:02 - [MESSAGE][FAILED] - Unable to verify equal between actual object 'Россети Волга/нет данных/нет данных/нет данных/нет данных/нет данных/нет данных/нет данных/нет данных/нет данных' and expected object 'Россети Волга/5.24/5.01/35768568/33976784/1791784/35362644/33491900/1870744/-0.23' (Root cause: com.kms.katalon.core.exception.StepFailedException: Actual object 'Россети Волга/нет данных/нет данных/нет данных/нет данных/нет данных/нет данных/нет данных/нет данных/нет данных' and expected object 'Россети Волга/5.24/5.01/35768568/33976784/1791784/35362644/33491900/1870744/-0.23' are not equal
	at com.kms.katalon.core.keyword.builtin.VerifyEqualKeyword$_verifyEqual_closure1.doCall(VerifyEqualKeyword.groovy:58)
	at com.kms.katalon.core.keyword.builtin.VerifyEqualKeyword$_verifyEqual_closure1.call(VerifyEqualKeyword.groovy)
	at com.kms.katalon.core.keyword.internal.KeywordMain.runKeyword(KeywordMain.groovy:75)
	at com.kms.katalon.core.keyword.builtin.VerifyEqualKeyword.verifyEqual(VerifyEqualKeyword.groovy:63)
	at com.kms.katalon.core.keyword.builtin.VerifyEqualKeyword.execute(VerifyEqualKeyword.groovy:44)
	at com.kms.katalon.core.keyword.internal.KeywordExecutor.executeKeywordForPlatform(KeywordExecutor.groovy:74)
	at com.kms.katalon.core.keyword.BuiltinKeywords.verifyEqual(BuiltinKeywords.groovy:146)
	at jdk.internal.reflect.GeneratedMethodAccessor25.invoke(Unknown Source)
	at java.base/jdk.internal.reflect.DelegatingMethodAccessorImpl.invoke(DelegatingMethodAccessorImpl.java:43)
	at Выполнение бизнес-плана сверка дашбордов.CompareDZOData(Выполнение бизнес-плана сверка дашбордов:673)
	at Выполнение бизнес-плана сверка дашбордов.run(Выполнение бизнес-плана сверка дашбордов:598)
	at com.kms.katalon.core.main.ScriptEngine.run(ScriptEngine.java:194)
	at com.kms.katalon.core.main.ScriptEngine.runScriptAsRawText(ScriptEngine.java:119)
	at com.kms.katalon.core.main.TestCaseExecutor.runScript(TestCaseExecutor.java:448)
	at com.kms.katalon.core.main.TestCaseExecutor.doExecute(TestCaseExecutor.java:439)
	at com.kms.katalon.core.main.TestCaseExecutor.processExecutionPhase(TestCaseExecutor.java:418)
	at com.kms.katalon.core.main.TestCaseExecutor.accessMainPhase(TestCaseExecutor.java:410)
	at com.kms.katalon.core.main.TestCaseExecutor.execute(TestCaseExecutor.java:285)
	at com.kms.katalon.core.common.CommonExecutor.accessTestCaseMainPhase(CommonExecutor.java:65)
	at com.kms.katalon.core.main.TestSuiteExecutor.accessTestSuiteMainPhase(TestSuiteExecutor.java:150)
	at com.kms.katalon.core.main.TestSuiteExecutor.execute(TestSuiteExecutor.java:106)
	at com.kms.katalon.core.main.TestCaseMain.startTestSuite(TestCaseMain.java:180)
	at TempTestSuite1729050801829.run(TempTestSuite1729050801829.groovy:35)
	at java.base/jdk.internal.reflect.NativeMethodAccessorImpl.invoke0(Native Method)
	at java.base/jdk.internal.reflect.NativeMethodAccessorImpl.invoke(NativeMethodAccessorImpl.java:77)
	at java.base/jdk.internal.reflect.DelegatingMethodAccessorImpl.invoke(DelegatingMethodAccessorImpl.java:43)
)

16-10-2024T07:02:02 - [TEST_STEP][PASSED] - vidget = "Уровень потерь электроэнергии": null

16-10-2024T07:02:02 - [TEST_STEP][PASSED] - typeOfData = "План": null

16-10-2024T07:02:02 - [TEST_STEP][PASSED] - PercPlanR = GetPercPlanR(x = a): null

16-10-2024T07:02:02 - [TEST_STEP][PASSED] - i1 = <not implemented yet for class: org.codehaus.groovy.ast.expr.EmptyExpression>: null

16-10-2024T07:02:02 - [TEST_STEP][PASSED] - i1 = x.indexOf("/") + 1: null

16-10-2024T07:02:02 - [TEST_STEP][PASSED] - if (i1 > -1): null

16-10-2024T07:02:02 - [TEST_STEP][PASSED] - x = x.substring(i1, x.length()): null

16-10-2024T07:02:02 - [TEST_STEP][PASSED] - i1 = x.indexOf("/"): null

16-10-2024T07:02:02 - [TEST_STEP][PASSED] - if (i1 > -1): null

16-10-2024T07:02:02 - [TEST_STEP][PASSED] - x = x.substring(0, i1): null

16-10-2024T07:02:02 - [TEST_STEP][PASSED] - return x: null

16-10-2024T07:02:02 - [TEST_STEP][PASSED] - PercPlanB = GetPercPlanB(x = b): null

16-10-2024T07:02:02 - [TEST_STEP][PASSED] - i1 = <not implemented yet for class: org.codehaus.groovy.ast.expr.EmptyExpression>: null

16-10-2024T07:02:02 - [TEST_STEP][PASSED] - i1 = x.indexOf("/") + 1: null

16-10-2024T07:02:02 - [TEST_STEP][PASSED] - if (i1 > -1): null

16-10-2024T07:02:02 - [TEST_STEP][PASSED] - x = x.substring(i1, x.length()): null

16-10-2024T07:02:02 - [TEST_STEP][PASSED] - i1 = x.indexOf("/"): null

16-10-2024T07:02:02 - [TEST_STEP][PASSED] - if (i1 > -1): null

16-10-2024T07:02:02 - [TEST_STEP][PASSED] - x = x.substring(0, i1): null

16-10-2024T07:02:02 - [TEST_STEP][FAILED] - return x: null

16-10-2024T07:02:02 - [TEST_STEP][FAILED] - if (verifyEqual(PercPlanR, PercPlanB) == false): null

16-10-2024T07:02:02 - [MESSAGE][FAILED] - Unable to verify equal between actual object 'нет данных' and expected object '5.24' (Root cause: com.kms.katalon.core.exception.StepFailedException: Actual object 'нет данных' and expected object '5.24' are not equal
	at com.kms.katalon.core.keyword.builtin.VerifyEqualKeyword$_verifyEqual_closure1.doCall(VerifyEqualKeyword.groovy:58)
	at com.kms.katalon.core.keyword.builtin.VerifyEqualKeyword$_verifyEqual_closure1.call(VerifyEqualKeyword.groovy)
	at com.kms.katalon.core.keyword.internal.KeywordMain.runKeyword(KeywordMain.groovy:75)
	at com.kms.katalon.core.keyword.builtin.VerifyEqualKeyword.verifyEqual(VerifyEqualKeyword.groovy:63)
	at com.kms.katalon.core.keyword.builtin.VerifyEqualKeyword.execute(VerifyEqualKeyword.groovy:44)
	at com.kms.katalon.core.keyword.internal.KeywordExecutor.executeKeywordForPlatform(KeywordExecutor.groovy:74)
	at com.kms.katalon.core.keyword.BuiltinKeywords.verifyEqual(BuiltinKeywords.groovy:146)
	at jdk.internal.reflect.GeneratedMethodAccessor25.invoke(Unknown Source)
	at java.base/jdk.internal.reflect.DelegatingMethodAccessorImpl.invoke(DelegatingMethodAccessorImpl.java:43)
	at Выполнение бизнес-плана сверка дашбордов.CompareDZOData(Выполнение бизнес-плана сверка дашбордов:682)
	at Выполнение бизнес-плана сверка дашбордов.run(Выполнение бизнес-плана сверка дашбордов:598)
	at com.kms.katalon.core.main.ScriptEngine.run(ScriptEngine.java:194)
	at com.kms.katalon.core.main.ScriptEngine.runScriptAsRawText(ScriptEngine.java:119)
	at com.kms.katalon.core.main.TestCaseExecutor.runScript(TestCaseExecutor.java:448)
	at com.kms.katalon.core.main.TestCaseExecutor.doExecute(TestCaseExecutor.java:439)
	at com.kms.katalon.core.main.TestCaseExecutor.processExecutionPhase(TestCaseExecutor.java:418)
	at com.kms.katalon.core.main.TestCaseExecutor.accessMainPhase(TestCaseExecutor.java:410)
	at com.kms.katalon.core.main.TestCaseExecutor.execute(TestCaseExecutor.java:285)
	at com.kms.katalon.core.common.CommonExecutor.accessTestCaseMainPhase(CommonExecutor.java:65)
	at com.kms.katalon.core.main.TestSuiteExecutor.accessTestSuiteMainPhase(TestSuiteExecutor.java:150)
	at com.kms.katalon.core.main.TestSuiteExecutor.execute(TestSuiteExecutor.java:106)
	at com.kms.katalon.core.main.TestCaseMain.startTestSuite(TestCaseMain.java:180)
	at TempTestSuite1729050801829.run(TempTestSuite1729050801829.groovy:35)
	at java.base/jdk.internal.reflect.NativeMethodAccessorImpl.invoke0(Native Method)
	at java.base/jdk.internal.reflect.NativeMethodAccessorImpl.invoke(NativeMethodAccessorImpl.java:77)
	at java.base/jdk.internal.reflect.DelegatingMethodAccessorImpl.invoke(DelegatingMethodAccessorImpl.java:43)
)

16-10-2024T07:02:02 - [TEST_STEP][PASSED] - result = WriteToExcel(typeOfData, todaysDate, PercPlanR, PercPlanB, PercFactR, PercFactB, x, tabR, tabB, o1R, o1B, vidget): null

16-10-2024T07:02:02 - [TEST_STEP][PASSED] - iii = dZO.indexOf("/"): null

16-10-2024T07:02:02 - [TEST_STEP][PASSED] - println(iii): null

16-10-2024T07:02:02 - [TEST_STEP][PASSED] - dZO = dZO.substring(0, iii): null

16-10-2024T07:02:02 - [TEST_STEP][PASSED] - println(dZO): null

16-10-2024T07:02:02 - [TEST_STEP][PASSED] - println(PercPlanR): null

16-10-2024T07:02:02 - [TEST_STEP][PASSED] - println(PercPlanB): null

16-10-2024T07:02:02 - [TEST_STEP][PASSED] - println(PercFactR): null

16-10-2024T07:02:02 - [TEST_STEP][PASSED] - println(PercFactB): null

16-10-2024T07:02:02 - [TEST_STEP][PASSED] - println(tabR): null

16-10-2024T07:02:02 - [TEST_STEP][PASSED] - println(tabB): null

16-10-2024T07:02:02 - [TEST_STEP][PASSED] - println(o1R): null

16-10-2024T07:02:02 - [TEST_STEP][PASSED] - println(o1B): null

16-10-2024T07:02:02 - [TEST_STEP][PASSED] - PR = <not implemented yet for class: org.codehaus.groovy.ast.expr.EmptyExpression>: null

16-10-2024T07:02:02 - [TEST_STEP][PASSED] - FR = <not implemented yet for class: org.codehaus.groovy.ast.expr.EmptyExpression>: null

16-10-2024T07:02:02 - [TEST_STEP][PASSED] - PB = <not implemented yet for class: org.codehaus.groovy.ast.expr.EmptyExpression>: null

16-10-2024T07:02:02 - [TEST_STEP][PASSED] - FB = <not implemented yet for class: org.codehaus.groovy.ast.expr.EmptyExpression>: null

16-10-2024T07:02:02 - [TEST_STEP][PASSED] - TR = <not implemented yet for class: org.codehaus.groovy.ast.expr.EmptyExpression>: null

16-10-2024T07:02:03 - [TEST_STEP][PASSED] - TB = <not implemented yet for class: org.codehaus.groovy.ast.expr.EmptyExpression>: null

16-10-2024T07:02:03 - [TEST_STEP][PASSED] - sheetName = "Sheet1": null

16-10-2024T07:02:03 - [TEST_STEP][PASSED] - data = findTestData("PlanFact"): null

16-10-2024T07:02:03 - [TEST_STEP][PASSED] - n = data.getRowNumbers() + 1: null

16-10-2024T07:02:03 - [TEST_STEP][PASSED] - year = todaysDate.substring(todaysDate.length() - 4, todaysDate.length()): null

16-10-2024T07:02:03 - [TEST_STEP][PASSED] - y = year.toInteger(): null

16-10-2024T07:02:03 - [TEST_STEP][PASSED] - m = getText(findTestObject("Выполнение бизнес-плана/Выполнение бизнес-плана Балансы/Фильтр Дата")): Text of object 'Object Repository/Выполнение бизнес-плана/Выполнение бизнес-плана Балансы/Фильтр Дата' is: '1, 2 кв., Июль, Август 2024 года'

16-10-2024T07:02:03 - [MESSAGE][PASSED] - Text of object 'Object Repository/Выполнение бизнес-плана/Выполнение бизнес-плана Балансы/Фильтр Дата' is: '1, 2 кв., Июль, Август 2024 года'

16-10-2024T07:02:03 - [TEST_STEP][PASSED] - m = m.substring(0, m.indexOf("2024")): null

16-10-2024T07:02:03 - [TEST_STEP][PASSED] - m = m.trim(): null

16-10-2024T07:02:03 - [TEST_STEP][PASSED] - dashboardName = "Выполнение бизнес-плана": null

16-10-2024T07:02:03 - [TEST_STEP][PASSED] - workbook01 = getWorkbook(excelFilePath): null

16-10-2024T07:02:03 - [TEST_STEP][PASSED] - sheet01 = getExcelSheet(workbook01, sheetName): null

16-10-2024T07:02:03 - [TEST_STEP][PASSED] - setValueToCellByIndex(sheet01, n, 0, dashboardName): null

16-10-2024T07:02:03 - [TEST_STEP][PASSED] - setValueToCellByIndex(sheet01, n, 1, dZO): null

16-10-2024T07:02:03 - [TEST_STEP][PASSED] - setValueToCellByIndex(sheet01, n, 2, typeOfData): null

16-10-2024T07:02:03 - [TEST_STEP][PASSED] - setValueToCellByIndex(sheet01, n, 3, typeOfData): null

16-10-2024T07:02:03 - [TEST_STEP][PASSED] - if (typeOfData == "План"): null

16-10-2024T07:02:03 - [TEST_STEP][PASSED] - if (PercPlanR == null): null

16-10-2024T07:02:03 - [TEST_STEP][PASSED] - else: null

16-10-2024T07:02:03 - [TEST_STEP][PASSED] - if (PercPlanR == "нет данных"): null

16-10-2024T07:02:03 - [TEST_STEP][PASSED] - setValueToCellByIndex(sheet01, n, 4, "нет данных"): null

16-10-2024T07:02:03 - [TEST_STEP][PASSED] - if (PercPlanB == null): null

16-10-2024T07:02:03 - [TEST_STEP][PASSED] - else: null

16-10-2024T07:02:03 - [TEST_STEP][PASSED] - if (PercPlanB == "нет данных"): null

16-10-2024T07:02:03 - [TEST_STEP][PASSED] - else: null

16-10-2024T07:02:03 - [TEST_STEP][PASSED] - PB = PercPlanB.toDouble(): null

16-10-2024T07:02:03 - [TEST_STEP][PASSED] - setValueToCellByIndex(sheet01, n, 5, PB): null

16-10-2024T07:02:03 - [TEST_STEP][PASSED] - setValueToCellByIndex(sheet01, n, 6, m): null

16-10-2024T07:02:03 - [TEST_STEP][PASSED] - setValueToCellByIndex(sheet01, n, 7, y): null

16-10-2024T07:02:03 - [TEST_STEP][PASSED] - setValueToCellByIndex(sheet01, n, 8, todaysDate): null

16-10-2024T07:02:03 - [TEST_STEP][PASSED] - n = n + 1: null

16-10-2024T07:02:03 - [TEST_STEP][PASSED] - saveWorkbook(excelFilePath, workbook01): null

16-10-2024T07:02:03 - [TEST_STEP][PASSED] - typeOfData = "Факт": null

16-10-2024T07:02:03 - [TEST_STEP][PASSED] - PercFactR = GetPercFactR(x = a): null

16-10-2024T07:02:03 - [TEST_STEP][PASSED] - i1 = <not implemented yet for class: org.codehaus.groovy.ast.expr.EmptyExpression>: null

16-10-2024T07:02:03 - [TEST_STEP][PASSED] - ii = <not implemented yet for class: org.codehaus.groovy.ast.expr.EmptyExpression>: null

16-10-2024T07:02:03 - [TEST_STEP][PASSED] - for ([ii = 1, ii < 3, (ii++)]): null

16-10-2024T07:02:03 - [TEST_STEP][PASSED] - i1 = x.indexOf("/") + 1: null

16-10-2024T07:02:03 - [TEST_STEP][PASSED] - if (i1 > -1): null

16-10-2024T07:02:03 - [TEST_STEP][PASSED] - x = x.substring(i1, x.length()): null

16-10-2024T07:02:03 - [TEST_STEP][PASSED] - println(x): null

16-10-2024T07:02:03 - [TEST_STEP][PASSED] - i1 = x.indexOf("/") + 1: null

16-10-2024T07:02:03 - [TEST_STEP][PASSED] - if (i1 > -1): null

16-10-2024T07:02:03 - [TEST_STEP][PASSED] - x = x.substring(i1, x.length()): null

16-10-2024T07:02:03 - [TEST_STEP][PASSED] - println(x): null

16-10-2024T07:02:03 - [TEST_STEP][PASSED] - i1 = x.indexOf("/"): null

16-10-2024T07:02:03 - [TEST_STEP][PASSED] - if (i1 > -1): null

16-10-2024T07:02:03 - [TEST_STEP][PASSED] - x = x.substring(0, i1): null

16-10-2024T07:02:03 - [TEST_STEP][PASSED] - println(x): null

16-10-2024T07:02:03 - [TEST_STEP][PASSED] - return x: null

16-10-2024T07:02:03 - [TEST_STEP][PASSED] - PercFactB = GetPercFactB(x = b): null

16-10-2024T07:02:03 - [TEST_STEP][PASSED] - i1 = <not implemented yet for class: org.codehaus.groovy.ast.expr.EmptyExpression>: null

16-10-2024T07:02:03 - [TEST_STEP][PASSED] - ii = <not implemented yet for class: org.codehaus.groovy.ast.expr.EmptyExpression>: null

16-10-2024T07:02:03 - [TEST_STEP][PASSED] - for ([ii = 1, ii < 3, (ii++)]): null

16-10-2024T07:02:03 - [TEST_STEP][PASSED] - i1 = x.indexOf("/") + 1: null

16-10-2024T07:02:03 - [TEST_STEP][PASSED] - if (i1 > -1): null

16-10-2024T07:02:03 - [TEST_STEP][PASSED] - x = x.substring(i1, x.length()): null

16-10-2024T07:02:03 - [TEST_STEP][PASSED] - println(x): null

16-10-2024T07:02:03 - [TEST_STEP][PASSED] - i1 = x.indexOf("/") + 1: null

16-10-2024T07:02:03 - [TEST_STEP][PASSED] - if (i1 > -1): null

16-10-2024T07:02:03 - [TEST_STEP][PASSED] - x = x.substring(i1, x.length()): null

16-10-2024T07:02:03 - [TEST_STEP][PASSED] - println(x): null

16-10-2024T07:02:03 - [TEST_STEP][PASSED] - i1 = x.indexOf("/"): null

16-10-2024T07:02:03 - [TEST_STEP][PASSED] - if (i1 > -1): null

16-10-2024T07:02:03 - [TEST_STEP][PASSED] - x = x.substring(0, i1): null

16-10-2024T07:02:03 - [TEST_STEP][PASSED] - println(x): null

16-10-2024T07:02:03 - [TEST_STEP][FAILED] - return x: null

16-10-2024T07:02:03 - [TEST_STEP][FAILED] - if (verifyEqual(PercFactR, PercFactB) == false): null

16-10-2024T07:02:03 - [MESSAGE][FAILED] - Unable to verify equal between actual object 'нет данных' and expected object '5.01' (Root cause: com.kms.katalon.core.exception.StepFailedException: Actual object 'нет данных' and expected object '5.01' are not equal
	at com.kms.katalon.core.keyword.builtin.VerifyEqualKeyword$_verifyEqual_closure1.doCall(VerifyEqualKeyword.groovy:58)
	at com.kms.katalon.core.keyword.builtin.VerifyEqualKeyword$_verifyEqual_closure1.call(VerifyEqualKeyword.groovy)
	at com.kms.katalon.core.keyword.internal.KeywordMain.runKeyword(KeywordMain.groovy:75)
	at com.kms.katalon.core.keyword.builtin.VerifyEqualKeyword.verifyEqual(VerifyEqualKeyword.groovy:63)
	at com.kms.katalon.core.keyword.builtin.VerifyEqualKeyword.execute(VerifyEqualKeyword.groovy:44)
	at com.kms.katalon.core.keyword.internal.KeywordExecutor.executeKeywordForPlatform(KeywordExecutor.groovy:74)
	at com.kms.katalon.core.keyword.BuiltinKeywords.verifyEqual(BuiltinKeywords.groovy:146)
	at jdk.internal.reflect.GeneratedMethodAccessor25.invoke(Unknown Source)
	at java.base/jdk.internal.reflect.DelegatingMethodAccessorImpl.invoke(DelegatingMethodAccessorImpl.java:43)
	at Выполнение бизнес-плана сверка дашбордов.CompareDZOData(Выполнение бизнес-плана сверка дашбордов:693)
	at Выполнение бизнес-плана сверка дашбордов.run(Выполнение бизнес-плана сверка дашбордов:598)
	at com.kms.katalon.core.main.ScriptEngine.run(ScriptEngine.java:194)
	at com.kms.katalon.core.main.ScriptEngine.runScriptAsRawText(ScriptEngine.java:119)
	at com.kms.katalon.core.main.TestCaseExecutor.runScript(TestCaseExecutor.java:448)
	at com.kms.katalon.core.main.TestCaseExecutor.doExecute(TestCaseExecutor.java:439)
	at com.kms.katalon.core.main.TestCaseExecutor.processExecutionPhase(TestCaseExecutor.java:418)
	at com.kms.katalon.core.main.TestCaseExecutor.accessMainPhase(TestCaseExecutor.java:410)
	at com.kms.katalon.core.main.TestCaseExecutor.execute(TestCaseExecutor.java:285)
	at com.kms.katalon.core.common.CommonExecutor.accessTestCaseMainPhase(CommonExecutor.java:65)
	at com.kms.katalon.core.main.TestSuiteExecutor.accessTestSuiteMainPhase(TestSuiteExecutor.java:150)
	at com.kms.katalon.core.main.TestSuiteExecutor.execute(TestSuiteExecutor.java:106)
	at com.kms.katalon.core.main.TestCaseMain.startTestSuite(TestCaseMain.java:180)
	at TempTestSuite1729050801829.run(TempTestSuite1729050801829.groovy:35)
	at java.base/jdk.internal.reflect.NativeMethodAccessorImpl.invoke0(Native Method)
	at java.base/jdk.internal.reflect.NativeMethodAccessorImpl.invoke(NativeMethodAccessorImpl.java:77)
	at java.base/jdk.internal.reflect.DelegatingMethodAccessorImpl.invoke(DelegatingMethodAccessorImpl.java:43)
)

16-10-2024T07:02:03 - [TEST_STEP][PASSED] - result = WriteToExcel(typeOfData, todaysDate, PercPlanR, PercPlanB, PercFactR, PercFactB, x, tabR, tabB, o1R, o1B, vidget): null

16-10-2024T07:02:03 - [TEST_STEP][PASSED] - iii = dZO.indexOf("/"): null

16-10-2024T07:02:03 - [TEST_STEP][PASSED] - println(iii): null

16-10-2024T07:02:03 - [TEST_STEP][PASSED] - dZO = dZO.substring(0, iii): null

16-10-2024T07:02:03 - [TEST_STEP][PASSED] - println(dZO): null

16-10-2024T07:02:03 - [TEST_STEP][PASSED] - println(PercPlanR): null

16-10-2024T07:02:03 - [TEST_STEP][PASSED] - println(PercPlanB): null

16-10-2024T07:02:03 - [TEST_STEP][PASSED] - println(PercFactR): null

16-10-2024T07:02:03 - [TEST_STEP][PASSED] - println(PercFactB): null

16-10-2024T07:02:03 - [TEST_STEP][PASSED] - println(tabR): null

16-10-2024T07:02:03 - [TEST_STEP][PASSED] - println(tabB): null

16-10-2024T07:02:03 - [TEST_STEP][PASSED] - println(o1R): null

16-10-2024T07:02:03 - [TEST_STEP][PASSED] - println(o1B): null

16-10-2024T07:02:03 - [TEST_STEP][PASSED] - PR = <not implemented yet for class: org.codehaus.groovy.ast.expr.EmptyExpression>: null

16-10-2024T07:02:03 - [TEST_STEP][PASSED] - FR = <not implemented yet for class: org.codehaus.groovy.ast.expr.EmptyExpression>: null

16-10-2024T07:02:03 - [TEST_STEP][PASSED] - PB = <not implemented yet for class: org.codehaus.groovy.ast.expr.EmptyExpression>: null

16-10-2024T07:02:03 - [TEST_STEP][PASSED] - FB = <not implemented yet for class: org.codehaus.groovy.ast.expr.EmptyExpression>: null

16-10-2024T07:02:03 - [TEST_STEP][PASSED] - TR = <not implemented yet for class: org.codehaus.groovy.ast.expr.EmptyExpression>: null

16-10-2024T07:02:03 - [TEST_STEP][PASSED] - TB = <not implemented yet for class: org.codehaus.groovy.ast.expr.EmptyExpression>: null

16-10-2024T07:02:03 - [TEST_STEP][PASSED] - sheetName = "Sheet1": null

16-10-2024T07:02:03 - [TEST_STEP][PASSED] - data = findTestData("PlanFact"): null

16-10-2024T07:02:03 - [TEST_STEP][PASSED] - n = data.getRowNumbers() + 1: null

16-10-2024T07:02:03 - [TEST_STEP][PASSED] - year = todaysDate.substring(todaysDate.length() - 4, todaysDate.length()): null

16-10-2024T07:02:03 - [TEST_STEP][PASSED] - y = year.toInteger(): null

16-10-2024T07:02:03 - [TEST_STEP][PASSED] - m = getText(findTestObject("Выполнение бизнес-плана/Выполнение бизнес-плана Балансы/Фильтр Дата")): Text of object 'Object Repository/Выполнение бизнес-плана/Выполнение бизнес-плана Балансы/Фильтр Дата' is: '1, 2 кв., Июль, Август 2024 года'

16-10-2024T07:02:04 - [MESSAGE][PASSED] - Text of object 'Object Repository/Выполнение бизнес-плана/Выполнение бизнес-плана Балансы/Фильтр Дата' is: '1, 2 кв., Июль, Август 2024 года'

16-10-2024T07:02:04 - [TEST_STEP][PASSED] - m = m.substring(0, m.indexOf("2024")): null

16-10-2024T07:02:04 - [TEST_STEP][PASSED] - m = m.trim(): null

16-10-2024T07:02:04 - [TEST_STEP][PASSED] - dashboardName = "Выполнение бизнес-плана": null

16-10-2024T07:02:04 - [TEST_STEP][PASSED] - workbook01 = getWorkbook(excelFilePath): null

16-10-2024T07:02:04 - [TEST_STEP][PASSED] - sheet01 = getExcelSheet(workbook01, sheetName): null

16-10-2024T07:02:04 - [TEST_STEP][PASSED] - setValueToCellByIndex(sheet01, n, 0, dashboardName): null

16-10-2024T07:02:04 - [TEST_STEP][PASSED] - setValueToCellByIndex(sheet01, n, 1, dZO): null

16-10-2024T07:02:04 - [TEST_STEP][PASSED] - setValueToCellByIndex(sheet01, n, 2, typeOfData): null

16-10-2024T07:02:04 - [TEST_STEP][PASSED] - setValueToCellByIndex(sheet01, n, 3, typeOfData): null

16-10-2024T07:02:04 - [TEST_STEP][PASSED] - if (typeOfData == "План"): null

16-10-2024T07:02:04 - [TEST_STEP][PASSED] - else if (typeOfData == "Факт"): null

16-10-2024T07:02:04 - [TEST_STEP][PASSED] - if (PercFactR == null): null

16-10-2024T07:02:04 - [TEST_STEP][PASSED] - else: null

16-10-2024T07:02:04 - [TEST_STEP][PASSED] - if (PercFactR == "нет данных"): null

16-10-2024T07:02:04 - [TEST_STEP][PASSED] - setValueToCellByIndex(sheet01, n, 4, "нет данных"): null

16-10-2024T07:02:04 - [TEST_STEP][PASSED] - if (PercFactB == null): null

16-10-2024T07:02:04 - [TEST_STEP][PASSED] - else: null

16-10-2024T07:02:04 - [TEST_STEP][PASSED] - if (PercFactB == "нет данных"): null

16-10-2024T07:02:04 - [TEST_STEP][PASSED] - else: null

16-10-2024T07:02:04 - [TEST_STEP][PASSED] - FB = PercFactB.toDouble(): null

16-10-2024T07:02:04 - [TEST_STEP][PASSED] - setValueToCellByIndex(sheet01, n, 5, FB): null

16-10-2024T07:02:04 - [TEST_STEP][PASSED] - setValueToCellByIndex(sheet01, n, 6, m): null

16-10-2024T07:02:04 - [TEST_STEP][PASSED] - setValueToCellByIndex(sheet01, n, 7, y): null

16-10-2024T07:02:04 - [TEST_STEP][PASSED] - setValueToCellByIndex(sheet01, n, 8, todaysDate): null

16-10-2024T07:02:04 - [TEST_STEP][PASSED] - n = n + 1: null

16-10-2024T07:02:04 - [TEST_STEP][PASSED] - saveWorkbook(excelFilePath, workbook01): null

16-10-2024T07:02:04 - [TEST_STEP][PASSED] - vidget = "Показатели баланса электроэнергии по ДЗО – Факт": null

16-10-2024T07:02:04 - [TEST_STEP][PASSED] - typeOfData = "Факт Отпуск в сеть": null

16-10-2024T07:02:04 - [TEST_STEP][PASSED] - tabR = GetOvSFactR(x = a): null

16-10-2024T07:02:04 - [TEST_STEP][PASSED] - i1 = <not implemented yet for class: org.codehaus.groovy.ast.expr.EmptyExpression>: null

16-10-2024T07:02:04 - [TEST_STEP][PASSED] - ii = <not implemented yet for class: org.codehaus.groovy.ast.expr.EmptyExpression>: null

16-10-2024T07:02:04 - [TEST_STEP][PASSED] - for ([ii = 1, ii < 4, (ii++)]): null

16-10-2024T07:02:04 - [TEST_STEP][PASSED] - i1 = x.indexOf("/") + 1: null

16-10-2024T07:02:04 - [TEST_STEP][PASSED] - if (i1 > -1): null

16-10-2024T07:02:04 - [TEST_STEP][PASSED] - x = x.substring(i1, x.length()): null

16-10-2024T07:02:04 - [TEST_STEP][PASSED] - println(x): null

16-10-2024T07:02:04 - [TEST_STEP][PASSED] - i1 = x.indexOf("/") + 1: null

16-10-2024T07:02:04 - [TEST_STEP][PASSED] - if (i1 > -1): null

16-10-2024T07:02:04 - [TEST_STEP][PASSED] - x = x.substring(i1, x.length()): null

16-10-2024T07:02:04 - [TEST_STEP][PASSED] - println(x): null

16-10-2024T07:02:04 - [TEST_STEP][PASSED] - i1 = x.indexOf("/") + 1: null

16-10-2024T07:02:04 - [TEST_STEP][PASSED] - if (i1 > -1): null

16-10-2024T07:02:04 - [TEST_STEP][PASSED] - x = x.substring(i1, x.length()): null

16-10-2024T07:02:04 - [TEST_STEP][PASSED] - println(x): null

16-10-2024T07:02:04 - [TEST_STEP][PASSED] - i1 = x.indexOf("/"): null

16-10-2024T07:02:04 - [TEST_STEP][PASSED] - if (i1 > -1): null

16-10-2024T07:02:04 - [TEST_STEP][PASSED] - x = x.substring(0, i1): null

16-10-2024T07:02:04 - [TEST_STEP][PASSED] - println(x): null

16-10-2024T07:02:04 - [TEST_STEP][PASSED] - return x: null

16-10-2024T07:02:04 - [TEST_STEP][PASSED] - tabB = GetOvSFactB(x = b): null

16-10-2024T07:02:04 - [TEST_STEP][PASSED] - i1 = <not implemented yet for class: org.codehaus.groovy.ast.expr.EmptyExpression>: null

16-10-2024T07:02:04 - [TEST_STEP][PASSED] - ii = <not implemented yet for class: org.codehaus.groovy.ast.expr.EmptyExpression>: null

16-10-2024T07:02:04 - [TEST_STEP][PASSED] - for ([ii = 1, ii < 4, (ii++)]): null

16-10-2024T07:02:04 - [TEST_STEP][PASSED] - i1 = x.indexOf("/") + 1: null

16-10-2024T07:02:04 - [TEST_STEP][PASSED] - if (i1 > -1): null

16-10-2024T07:02:04 - [TEST_STEP][PASSED] - x = x.substring(i1, x.length()): null

16-10-2024T07:02:04 - [TEST_STEP][PASSED] - println(x): null

16-10-2024T07:02:04 - [TEST_STEP][PASSED] - i1 = x.indexOf("/") + 1: null

16-10-2024T07:02:04 - [TEST_STEP][PASSED] - if (i1 > -1): null

16-10-2024T07:02:04 - [TEST_STEP][PASSED] - x = x.substring(i1, x.length()): null

16-10-2024T07:02:04 - [TEST_STEP][PASSED] - println(x): null

16-10-2024T07:02:04 - [TEST_STEP][PASSED] - i1 = x.indexOf("/") + 1: null

16-10-2024T07:02:04 - [TEST_STEP][PASSED] - if (i1 > -1): null

16-10-2024T07:02:04 - [TEST_STEP][PASSED] - x = x.substring(i1, x.length()): null

16-10-2024T07:02:04 - [TEST_STEP][PASSED] - println(x): null

16-10-2024T07:02:04 - [TEST_STEP][PASSED] - i1 = x.indexOf("/"): null

16-10-2024T07:02:04 - [TEST_STEP][PASSED] - if (i1 > -1): null

16-10-2024T07:02:04 - [TEST_STEP][PASSED] - x = x.substring(0, i1): null

16-10-2024T07:02:04 - [TEST_STEP][PASSED] - println(x): null

16-10-2024T07:02:04 - [TEST_STEP][FAILED] - return x: null

16-10-2024T07:02:04 - [TEST_STEP][FAILED] - if (verifyEqual(tabR, tabB) == false): null

16-10-2024T07:02:04 - [MESSAGE][FAILED] - Unable to verify equal between actual object 'нет данных' and expected object '35768568' (Root cause: com.kms.katalon.core.exception.StepFailedException: Actual object 'нет данных' and expected object '35768568' are not equal
	at com.kms.katalon.core.keyword.builtin.VerifyEqualKeyword$_verifyEqual_closure1.doCall(VerifyEqualKeyword.groovy:58)
	at com.kms.katalon.core.keyword.builtin.VerifyEqualKeyword$_verifyEqual_closure1.call(VerifyEqualKeyword.groovy)
	at com.kms.katalon.core.keyword.internal.KeywordMain.runKeyword(KeywordMain.groovy:75)
	at com.kms.katalon.core.keyword.builtin.VerifyEqualKeyword.verifyEqual(VerifyEqualKeyword.groovy:63)
	at com.kms.katalon.core.keyword.builtin.VerifyEqualKeyword.execute(VerifyEqualKeyword.groovy:44)
	at com.kms.katalon.core.keyword.internal.KeywordExecutor.executeKeywordForPlatform(KeywordExecutor.groovy:74)
	at com.kms.katalon.core.keyword.BuiltinKeywords.verifyEqual(BuiltinKeywords.groovy:146)
	at jdk.internal.reflect.GeneratedMethodAccessor25.invoke(Unknown Source)
	at java.base/jdk.internal.reflect.DelegatingMethodAccessorImpl.invoke(DelegatingMethodAccessorImpl.java:43)
	at Выполнение бизнес-плана сверка дашбордов.CompareDZOData(Выполнение бизнес-плана сверка дашбордов:706)
	at Выполнение бизнес-плана сверка дашбордов.run(Выполнение бизнес-плана сверка дашбордов:598)
	at com.kms.katalon.core.main.ScriptEngine.run(ScriptEngine.java:194)
	at com.kms.katalon.core.main.ScriptEngine.runScriptAsRawText(ScriptEngine.java:119)
	at com.kms.katalon.core.main.TestCaseExecutor.runScript(TestCaseExecutor.java:448)
	at com.kms.katalon.core.main.TestCaseExecutor.doExecute(TestCaseExecutor.java:439)
	at com.kms.katalon.core.main.TestCaseExecutor.processExecutionPhase(TestCaseExecutor.java:418)
	at com.kms.katalon.core.main.TestCaseExecutor.accessMainPhase(TestCaseExecutor.java:410)
	at com.kms.katalon.core.main.TestCaseExecutor.execute(TestCaseExecutor.java:285)
	at com.kms.katalon.core.common.CommonExecutor.accessTestCaseMainPhase(CommonExecutor.java:65)
	at com.kms.katalon.core.main.TestSuiteExecutor.accessTestSuiteMainPhase(TestSuiteExecutor.java:150)
	at com.kms.katalon.core.main.TestSuiteExecutor.execute(TestSuiteExecutor.java:106)
	at com.kms.katalon.core.main.TestCaseMain.startTestSuite(TestCaseMain.java:180)
	at TempTestSuite1729050801829.run(TempTestSuite1729050801829.groovy:35)
	at java.base/jdk.internal.reflect.NativeMethodAccessorImpl.invoke0(Native Method)
	at java.base/jdk.internal.reflect.NativeMethodAccessorImpl.invoke(NativeMethodAccessorImpl.java:77)
	at java.base/jdk.internal.reflect.DelegatingMethodAccessorImpl.invoke(DelegatingMethodAccessorImpl.java:43)
)

16-10-2024T07:02:04 - [TEST_STEP][PASSED] - result = WriteToExcel(typeOfData, todaysDate, PercPlanR, PercPlanB, PercFactR, PercFactB, x, tabR, tabB, o1R, o1B, vidget): null

16-10-2024T07:02:04 - [TEST_STEP][PASSED] - iii = dZO.indexOf("/"): null

16-10-2024T07:02:04 - [TEST_STEP][PASSED] - println(iii): null

16-10-2024T07:02:04 - [TEST_STEP][PASSED] - dZO = dZO.substring(0, iii): null

16-10-2024T07:02:04 - [TEST_STEP][PASSED] - println(dZO): null

16-10-2024T07:02:04 - [TEST_STEP][PASSED] - println(PercPlanR): null

16-10-2024T07:02:04 - [TEST_STEP][PASSED] - println(PercPlanB): null

16-10-2024T07:02:04 - [TEST_STEP][PASSED] - println(PercFactR): null

16-10-2024T07:02:04 - [TEST_STEP][PASSED] - println(PercFactB): null

16-10-2024T07:02:04 - [TEST_STEP][PASSED] - println(tabR): null

16-10-2024T07:02:04 - [TEST_STEP][PASSED] - println(tabB): null

16-10-2024T07:02:04 - [TEST_STEP][PASSED] - println(o1R): null

16-10-2024T07:02:04 - [TEST_STEP][PASSED] - println(o1B): null

16-10-2024T07:02:04 - [TEST_STEP][PASSED] - PR = <not implemented yet for class: org.codehaus.groovy.ast.expr.EmptyExpression>: null

16-10-2024T07:02:04 - [TEST_STEP][PASSED] - FR = <not implemented yet for class: org.codehaus.groovy.ast.expr.EmptyExpression>: null

16-10-2024T07:02:04 - [TEST_STEP][PASSED] - PB = <not implemented yet for class: org.codehaus.groovy.ast.expr.EmptyExpression>: null

16-10-2024T07:02:04 - [TEST_STEP][PASSED] - FB = <not implemented yet for class: org.codehaus.groovy.ast.expr.EmptyExpression>: null

16-10-2024T07:02:04 - [TEST_STEP][PASSED] - TR = <not implemented yet for class: org.codehaus.groovy.ast.expr.EmptyExpression>: null

16-10-2024T07:02:04 - [TEST_STEP][PASSED] - TB = <not implemented yet for class: org.codehaus.groovy.ast.expr.EmptyExpression>: null

16-10-2024T07:02:04 - [TEST_STEP][PASSED] - sheetName = "Sheet1": null

16-10-2024T07:02:04 - [TEST_STEP][PASSED] - data = findTestData("PlanFact"): null

16-10-2024T07:02:04 - [TEST_STEP][PASSED] - n = data.getRowNumbers() + 1: null

16-10-2024T07:02:04 - [TEST_STEP][PASSED] - year = todaysDate.substring(todaysDate.length() - 4, todaysDate.length()): null

16-10-2024T07:02:04 - [TEST_STEP][PASSED] - y = year.toInteger(): null

16-10-2024T07:02:04 - [TEST_STEP][PASSED] - m = getText(findTestObject("Выполнение бизнес-плана/Выполнение бизнес-плана Балансы/Фильтр Дата")): Text of object 'Object Repository/Выполнение бизнес-плана/Выполнение бизнес-плана Балансы/Фильтр Дата' is: '1, 2 кв., Июль, Август 2024 года'

16-10-2024T07:02:04 - [MESSAGE][PASSED] - Text of object 'Object Repository/Выполнение бизнес-плана/Выполнение бизнес-плана Балансы/Фильтр Дата' is: '1, 2 кв., Июль, Август 2024 года'

16-10-2024T07:02:04 - [TEST_STEP][PASSED] - m = m.substring(0, m.indexOf("2024")): null

16-10-2024T07:02:04 - [TEST_STEP][PASSED] - m = m.trim(): null

16-10-2024T07:02:04 - [TEST_STEP][PASSED] - dashboardName = "Выполнение бизнес-плана": null

16-10-2024T07:02:04 - [TEST_STEP][PASSED] - workbook01 = getWorkbook(excelFilePath): null

16-10-2024T07:02:04 - [TEST_STEP][PASSED] - sheet01 = getExcelSheet(workbook01, sheetName): null

16-10-2024T07:02:04 - [TEST_STEP][PASSED] - setValueToCellByIndex(sheet01, n, 0, dashboardName): null

16-10-2024T07:02:04 - [TEST_STEP][PASSED] - setValueToCellByIndex(sheet01, n, 1, dZO): null

16-10-2024T07:02:04 - [TEST_STEP][PASSED] - setValueToCellByIndex(sheet01, n, 2, typeOfData): null

16-10-2024T07:02:04 - [TEST_STEP][PASSED] - setValueToCellByIndex(sheet01, n, 3, typeOfData): null

16-10-2024T07:02:04 - [TEST_STEP][PASSED] - if (typeOfData == "План"): null

16-10-2024T07:02:04 - [TEST_STEP][PASSED] - else if (typeOfData == "Факт"): null

16-10-2024T07:02:04 - [TEST_STEP][PASSED] - else if (vidget.contains("электроэнергии") == true): null

16-10-2024T07:02:04 - [TEST_STEP][PASSED] - if (tabR == null): null

16-10-2024T07:02:04 - [TEST_STEP][PASSED] - else: null

16-10-2024T07:02:04 - [TEST_STEP][PASSED] - if (tabR == "нет данных"): null

16-10-2024T07:02:04 - [TEST_STEP][PASSED] - setValueToCellByIndex(sheet01, n, 4, "нет данных"): null

16-10-2024T07:02:04 - [TEST_STEP][PASSED] - if (tabB == null): null

16-10-2024T07:02:04 - [TEST_STEP][PASSED] - else: null

16-10-2024T07:02:04 - [TEST_STEP][PASSED] - if (tabB == "нет данных"): null

16-10-2024T07:02:04 - [TEST_STEP][PASSED] - else: null

16-10-2024T07:02:04 - [TEST_STEP][PASSED] - TB = tabB.toInteger(): null

16-10-2024T07:02:04 - [TEST_STEP][PASSED] - setValueToCellByIndex(sheet01, n, 5, TB): null

16-10-2024T07:02:04 - [TEST_STEP][PASSED] - setValueToCellByIndex(sheet01, n, 6, m): null

16-10-2024T07:02:04 - [TEST_STEP][PASSED] - setValueToCellByIndex(sheet01, n, 7, y): null

16-10-2024T07:02:04 - [TEST_STEP][PASSED] - setValueToCellByIndex(sheet01, n, 8, todaysDate): null

16-10-2024T07:02:04 - [TEST_STEP][PASSED] - n = n + 1: null

16-10-2024T07:02:04 - [TEST_STEP][PASSED] - saveWorkbook(excelFilePath, workbook01): null

16-10-2024T07:02:05 - [TEST_STEP][PASSED] - typeOfData = "Факт Отпуск из сети": null

16-10-2024T07:02:05 - [TEST_STEP][PASSED] - tabR = GetOiSFactR(x = a): null

16-10-2024T07:02:05 - [TEST_STEP][PASSED] - i1 = <not implemented yet for class: org.codehaus.groovy.ast.expr.EmptyExpression>: null

16-10-2024T07:02:05 - [TEST_STEP][PASSED] - ii = <not implemented yet for class: org.codehaus.groovy.ast.expr.EmptyExpression>: null

16-10-2024T07:02:05 - [TEST_STEP][PASSED] - for ([ii = 1, ii < 5, (ii++)]): null

16-10-2024T07:02:05 - [TEST_STEP][PASSED] - i1 = x.indexOf("/") + 1: null

16-10-2024T07:02:05 - [TEST_STEP][PASSED] - if (i1 > -1): null

16-10-2024T07:02:05 - [TEST_STEP][PASSED] - x = x.substring(i1, x.length()): null

16-10-2024T07:02:05 - [TEST_STEP][PASSED] - println(x): null

16-10-2024T07:02:05 - [TEST_STEP][PASSED] - i1 = x.indexOf("/") + 1: null

16-10-2024T07:02:05 - [TEST_STEP][PASSED] - if (i1 > -1): null

16-10-2024T07:02:05 - [TEST_STEP][PASSED] - x = x.substring(i1, x.length()): null

16-10-2024T07:02:05 - [TEST_STEP][PASSED] - println(x): null

16-10-2024T07:02:05 - [TEST_STEP][PASSED] - i1 = x.indexOf("/") + 1: null

16-10-2024T07:02:05 - [TEST_STEP][PASSED] - if (i1 > -1): null

16-10-2024T07:02:05 - [TEST_STEP][PASSED] - x = x.substring(i1, x.length()): null

16-10-2024T07:02:05 - [TEST_STEP][PASSED] - println(x): null

16-10-2024T07:02:05 - [TEST_STEP][PASSED] - i1 = x.indexOf("/") + 1: null

16-10-2024T07:02:05 - [TEST_STEP][PASSED] - if (i1 > -1): null

16-10-2024T07:02:05 - [TEST_STEP][PASSED] - x = x.substring(i1, x.length()): null

16-10-2024T07:02:05 - [TEST_STEP][PASSED] - println(x): null

16-10-2024T07:02:05 - [TEST_STEP][PASSED] - i1 = x.indexOf("/"): null

16-10-2024T07:02:05 - [TEST_STEP][PASSED] - if (i1 > -1): null

16-10-2024T07:02:05 - [TEST_STEP][PASSED] - x = x.substring(0, i1): null

16-10-2024T07:02:05 - [TEST_STEP][PASSED] - println(x): null

16-10-2024T07:02:05 - [TEST_STEP][PASSED] - return x: null

16-10-2024T07:02:05 - [TEST_STEP][PASSED] - tabB = GetOiSFactB(x = b): null

16-10-2024T07:02:05 - [TEST_STEP][PASSED] - i1 = <not implemented yet for class: org.codehaus.groovy.ast.expr.EmptyExpression>: null

16-10-2024T07:02:05 - [TEST_STEP][PASSED] - ii = <not implemented yet for class: org.codehaus.groovy.ast.expr.EmptyExpression>: null

16-10-2024T07:02:05 - [TEST_STEP][PASSED] - for ([ii = 1, ii < 5, (ii++)]): null

16-10-2024T07:02:05 - [TEST_STEP][PASSED] - i1 = x.indexOf("/") + 1: null

16-10-2024T07:02:05 - [TEST_STEP][PASSED] - if (i1 > -1): null

16-10-2024T07:02:05 - [TEST_STEP][PASSED] - x = x.substring(i1, x.length()): null

16-10-2024T07:02:05 - [TEST_STEP][PASSED] - println(x): null

16-10-2024T07:02:05 - [TEST_STEP][PASSED] - i1 = x.indexOf("/") + 1: null

16-10-2024T07:02:05 - [TEST_STEP][PASSED] - if (i1 > -1): null

16-10-2024T07:02:05 - [TEST_STEP][PASSED] - x = x.substring(i1, x.length()): null

16-10-2024T07:02:05 - [TEST_STEP][PASSED] - println(x): null

16-10-2024T07:02:05 - [TEST_STEP][PASSED] - i1 = x.indexOf("/") + 1: null

16-10-2024T07:02:05 - [TEST_STEP][PASSED] - if (i1 > -1): null

16-10-2024T07:02:05 - [TEST_STEP][PASSED] - x = x.substring(i1, x.length()): null

16-10-2024T07:02:05 - [TEST_STEP][PASSED] - println(x): null

16-10-2024T07:02:05 - [TEST_STEP][PASSED] - i1 = x.indexOf("/") + 1: null

16-10-2024T07:02:05 - [TEST_STEP][PASSED] - if (i1 > -1): null

16-10-2024T07:02:05 - [TEST_STEP][PASSED] - x = x.substring(i1, x.length()): null

16-10-2024T07:02:05 - [TEST_STEP][PASSED] - println(x): null

16-10-2024T07:02:05 - [TEST_STEP][PASSED] - i1 = x.indexOf("/"): null

16-10-2024T07:02:05 - [TEST_STEP][PASSED] - if (i1 > -1): null

16-10-2024T07:02:05 - [TEST_STEP][PASSED] - x = x.substring(0, i1): null

16-10-2024T07:02:05 - [TEST_STEP][PASSED] - println(x): null

16-10-2024T07:02:05 - [TEST_STEP][FAILED] - return x: null

16-10-2024T07:02:05 - [TEST_STEP][FAILED] - if (verifyEqual(tabR, tabB) == false): null

16-10-2024T07:02:05 - [MESSAGE][FAILED] - Unable to verify equal between actual object 'нет данных' and expected object '33976784' (Root cause: com.kms.katalon.core.exception.StepFailedException: Actual object 'нет данных' and expected object '33976784' are not equal
	at com.kms.katalon.core.keyword.builtin.VerifyEqualKeyword$_verifyEqual_closure1.doCall(VerifyEqualKeyword.groovy:58)
	at com.kms.katalon.core.keyword.builtin.VerifyEqualKeyword$_verifyEqual_closure1.call(VerifyEqualKeyword.groovy)
	at com.kms.katalon.core.keyword.internal.KeywordMain.runKeyword(KeywordMain.groovy:75)
	at com.kms.katalon.core.keyword.builtin.VerifyEqualKeyword.verifyEqual(VerifyEqualKeyword.groovy:63)
	at com.kms.katalon.core.keyword.builtin.VerifyEqualKeyword.execute(VerifyEqualKeyword.groovy:44)
	at com.kms.katalon.core.keyword.internal.KeywordExecutor.executeKeywordForPlatform(KeywordExecutor.groovy:74)
	at com.kms.katalon.core.keyword.BuiltinKeywords.verifyEqual(BuiltinKeywords.groovy:146)
	at jdk.internal.reflect.GeneratedMethodAccessor25.invoke(Unknown Source)
	at java.base/jdk.internal.reflect.DelegatingMethodAccessorImpl.invoke(DelegatingMethodAccessorImpl.java:43)
	at Выполнение бизнес-плана сверка дашбордов.CompareDZOData(Выполнение бизнес-плана сверка дашбордов:717)
	at Выполнение бизнес-плана сверка дашбордов.run(Выполнение бизнес-плана сверка дашбордов:598)
	at com.kms.katalon.core.main.ScriptEngine.run(ScriptEngine.java:194)
	at com.kms.katalon.core.main.ScriptEngine.runScriptAsRawText(ScriptEngine.java:119)
	at com.kms.katalon.core.main.TestCaseExecutor.runScript(TestCaseExecutor.java:448)
	at com.kms.katalon.core.main.TestCaseExecutor.doExecute(TestCaseExecutor.java:439)
	at com.kms.katalon.core.main.TestCaseExecutor.processExecutionPhase(TestCaseExecutor.java:418)
	at com.kms.katalon.core.main.TestCaseExecutor.accessMainPhase(TestCaseExecutor.java:410)
	at com.kms.katalon.core.main.TestCaseExecutor.execute(TestCaseExecutor.java:285)
	at com.kms.katalon.core.common.CommonExecutor.accessTestCaseMainPhase(CommonExecutor.java:65)
	at com.kms.katalon.core.main.TestSuiteExecutor.accessTestSuiteMainPhase(TestSuiteExecutor.java:150)
	at com.kms.katalon.core.main.TestSuiteExecutor.execute(TestSuiteExecutor.java:106)
	at com.kms.katalon.core.main.TestCaseMain.startTestSuite(TestCaseMain.java:180)
	at TempTestSuite1729050801829.run(TempTestSuite1729050801829.groovy:35)
	at java.base/jdk.internal.reflect.NativeMethodAccessorImpl.invoke0(Native Method)
	at java.base/jdk.internal.reflect.NativeMethodAccessorImpl.invoke(NativeMethodAccessorImpl.java:77)
	at java.base/jdk.internal.reflect.DelegatingMethodAccessorImpl.invoke(DelegatingMethodAccessorImpl.java:43)
)

16-10-2024T07:02:05 - [TEST_STEP][PASSED] - result = WriteToExcel(typeOfData, todaysDate, PercPlanR, PercPlanB, PercFactR, PercFactB, x, tabR, tabB, o1R, o1B, vidget): null

16-10-2024T07:02:05 - [TEST_STEP][PASSED] - iii = dZO.indexOf("/"): null

16-10-2024T07:02:05 - [TEST_STEP][PASSED] - println(iii): null

16-10-2024T07:02:05 - [TEST_STEP][PASSED] - dZO = dZO.substring(0, iii): null

16-10-2024T07:02:05 - [TEST_STEP][PASSED] - println(dZO): null

16-10-2024T07:02:05 - [TEST_STEP][PASSED] - println(PercPlanR): null

16-10-2024T07:02:05 - [TEST_STEP][PASSED] - println(PercPlanB): null

16-10-2024T07:02:05 - [TEST_STEP][PASSED] - println(PercFactR): null

16-10-2024T07:02:05 - [TEST_STEP][PASSED] - println(PercFactB): null

16-10-2024T07:02:05 - [TEST_STEP][PASSED] - println(tabR): null

16-10-2024T07:02:05 - [TEST_STEP][PASSED] - println(tabB): null

16-10-2024T07:02:05 - [TEST_STEP][PASSED] - println(o1R): null

16-10-2024T07:02:05 - [TEST_STEP][PASSED] - println(o1B): null

16-10-2024T07:02:05 - [TEST_STEP][PASSED] - PR = <not implemented yet for class: org.codehaus.groovy.ast.expr.EmptyExpression>: null

16-10-2024T07:02:05 - [TEST_STEP][PASSED] - FR = <not implemented yet for class: org.codehaus.groovy.ast.expr.EmptyExpression>: null

16-10-2024T07:02:05 - [TEST_STEP][PASSED] - PB = <not implemented yet for class: org.codehaus.groovy.ast.expr.EmptyExpression>: null

16-10-2024T07:02:05 - [TEST_STEP][PASSED] - FB = <not implemented yet for class: org.codehaus.groovy.ast.expr.EmptyExpression>: null

16-10-2024T07:02:05 - [TEST_STEP][PASSED] - TR = <not implemented yet for class: org.codehaus.groovy.ast.expr.EmptyExpression>: null

16-10-2024T07:02:05 - [TEST_STEP][PASSED] - TB = <not implemented yet for class: org.codehaus.groovy.ast.expr.EmptyExpression>: null

16-10-2024T07:02:05 - [TEST_STEP][PASSED] - sheetName = "Sheet1": null

16-10-2024T07:02:05 - [TEST_STEP][PASSED] - data = findTestData("PlanFact"): null

16-10-2024T07:02:05 - [TEST_STEP][PASSED] - n = data.getRowNumbers() + 1: null

16-10-2024T07:02:05 - [TEST_STEP][PASSED] - year = todaysDate.substring(todaysDate.length() - 4, todaysDate.length()): null

16-10-2024T07:02:05 - [TEST_STEP][PASSED] - y = year.toInteger(): null

16-10-2024T07:02:05 - [TEST_STEP][PASSED] - m = getText(findTestObject("Выполнение бизнес-плана/Выполнение бизнес-плана Балансы/Фильтр Дата")): Text of object 'Object Repository/Выполнение бизнес-плана/Выполнение бизнес-плана Балансы/Фильтр Дата' is: '1, 2 кв., Июль, Август 2024 года'

16-10-2024T07:02:05 - [MESSAGE][PASSED] - Text of object 'Object Repository/Выполнение бизнес-плана/Выполнение бизнес-плана Балансы/Фильтр Дата' is: '1, 2 кв., Июль, Август 2024 года'

16-10-2024T07:02:05 - [TEST_STEP][PASSED] - m = m.substring(0, m.indexOf("2024")): null

16-10-2024T07:02:05 - [TEST_STEP][PASSED] - m = m.trim(): null

16-10-2024T07:02:05 - [TEST_STEP][PASSED] - dashboardName = "Выполнение бизнес-плана": null

16-10-2024T07:02:05 - [TEST_STEP][PASSED] - workbook01 = getWorkbook(excelFilePath): null

16-10-2024T07:02:05 - [TEST_STEP][PASSED] - sheet01 = getExcelSheet(workbook01, sheetName): null

16-10-2024T07:02:05 - [TEST_STEP][PASSED] - setValueToCellByIndex(sheet01, n, 0, dashboardName): null

16-10-2024T07:02:05 - [TEST_STEP][PASSED] - setValueToCellByIndex(sheet01, n, 1, dZO): null

16-10-2024T07:02:05 - [TEST_STEP][PASSED] - setValueToCellByIndex(sheet01, n, 2, typeOfData): null

16-10-2024T07:02:05 - [TEST_STEP][PASSED] - setValueToCellByIndex(sheet01, n, 3, typeOfData): null

16-10-2024T07:02:05 - [TEST_STEP][PASSED] - if (typeOfData == "План"): null

16-10-2024T07:02:05 - [TEST_STEP][PASSED] - else if (typeOfData == "Факт"): null

16-10-2024T07:02:05 - [TEST_STEP][PASSED] - else if (vidget.contains("электроэнергии") == true): null

16-10-2024T07:02:05 - [TEST_STEP][PASSED] - if (tabR == null): null

16-10-2024T07:02:05 - [TEST_STEP][PASSED] - else: null

16-10-2024T07:02:05 - [TEST_STEP][PASSED] - if (tabR == "нет данных"): null

16-10-2024T07:02:05 - [TEST_STEP][PASSED] - setValueToCellByIndex(sheet01, n, 4, "нет данных"): null

16-10-2024T07:02:05 - [TEST_STEP][PASSED] - if (tabB == null): null

16-10-2024T07:02:05 - [TEST_STEP][PASSED] - else: null

16-10-2024T07:02:05 - [TEST_STEP][PASSED] - if (tabB == "нет данных"): null

16-10-2024T07:02:05 - [TEST_STEP][PASSED] - else: null

16-10-2024T07:02:05 - [TEST_STEP][PASSED] - TB = tabB.toInteger(): null

16-10-2024T07:02:05 - [TEST_STEP][PASSED] - setValueToCellByIndex(sheet01, n, 5, TB): null

16-10-2024T07:02:05 - [TEST_STEP][PASSED] - setValueToCellByIndex(sheet01, n, 6, m): null

16-10-2024T07:02:05 - [TEST_STEP][PASSED] - setValueToCellByIndex(sheet01, n, 7, y): null

16-10-2024T07:02:05 - [TEST_STEP][PASSED] - setValueToCellByIndex(sheet01, n, 8, todaysDate): null

16-10-2024T07:02:05 - [TEST_STEP][PASSED] - n = n + 1: null

16-10-2024T07:02:05 - [TEST_STEP][PASSED] - saveWorkbook(excelFilePath, workbook01): null

16-10-2024T07:02:05 - [TEST_STEP][PASSED] - typeOfData = "Факт Потери": null

16-10-2024T07:02:05 - [TEST_STEP][PASSED] - tabR = GetPFactR(x = a): null

16-10-2024T07:02:05 - [TEST_STEP][PASSED] - i1 = <not implemented yet for class: org.codehaus.groovy.ast.expr.EmptyExpression>: null

16-10-2024T07:02:05 - [TEST_STEP][PASSED] - ii = <not implemented yet for class: org.codehaus.groovy.ast.expr.EmptyExpression>: null

16-10-2024T07:02:05 - [TEST_STEP][PASSED] - for ([ii = 1, ii < 6, (ii++)]): null

16-10-2024T07:02:05 - [TEST_STEP][PASSED] - i1 = x.indexOf("/") + 1: null

16-10-2024T07:02:05 - [TEST_STEP][PASSED] - if (i1 > -1): null

16-10-2024T07:02:05 - [TEST_STEP][PASSED] - x = x.substring(i1, x.length()): null

16-10-2024T07:02:05 - [TEST_STEP][PASSED] - println(x): null

16-10-2024T07:02:05 - [TEST_STEP][PASSED] - i1 = x.indexOf("/") + 1: null

16-10-2024T07:02:05 - [TEST_STEP][PASSED] - if (i1 > -1): null

16-10-2024T07:02:05 - [TEST_STEP][PASSED] - x = x.substring(i1, x.length()): null

16-10-2024T07:02:05 - [TEST_STEP][PASSED] - println(x): null

16-10-2024T07:02:05 - [TEST_STEP][PASSED] - i1 = x.indexOf("/") + 1: null

16-10-2024T07:02:05 - [TEST_STEP][PASSED] - if (i1 > -1): null

16-10-2024T07:02:05 - [TEST_STEP][PASSED] - x = x.substring(i1, x.length()): null

16-10-2024T07:02:05 - [TEST_STEP][PASSED] - println(x): null

16-10-2024T07:02:05 - [TEST_STEP][PASSED] - i1 = x.indexOf("/") + 1: null

16-10-2024T07:02:05 - [TEST_STEP][PASSED] - if (i1 > -1): null

16-10-2024T07:02:05 - [TEST_STEP][PASSED] - x = x.substring(i1, x.length()): null

16-10-2024T07:02:05 - [TEST_STEP][PASSED] - println(x): null

16-10-2024T07:02:05 - [TEST_STEP][PASSED] - i1 = x.indexOf("/") + 1: null

16-10-2024T07:02:05 - [TEST_STEP][PASSED] - if (i1 > -1): null

16-10-2024T07:02:05 - [TEST_STEP][PASSED] - x = x.substring(i1, x.length()): null

16-10-2024T07:02:05 - [TEST_STEP][PASSED] - println(x): null

16-10-2024T07:02:05 - [TEST_STEP][PASSED] - i1 = x.indexOf("/"): null

16-10-2024T07:02:05 - [TEST_STEP][PASSED] - if (i1 > -1): null

16-10-2024T07:02:05 - [TEST_STEP][PASSED] - x = x.substring(0, i1): null

16-10-2024T07:02:05 - [TEST_STEP][PASSED] - println(x): null

16-10-2024T07:02:05 - [TEST_STEP][PASSED] - return x: null

16-10-2024T07:02:05 - [TEST_STEP][PASSED] - tabB = GetPFactB(x = b): null

16-10-2024T07:02:05 - [TEST_STEP][PASSED] - i1 = <not implemented yet for class: org.codehaus.groovy.ast.expr.EmptyExpression>: null

16-10-2024T07:02:05 - [TEST_STEP][PASSED] - ii = <not implemented yet for class: org.codehaus.groovy.ast.expr.EmptyExpression>: null

16-10-2024T07:02:05 - [TEST_STEP][PASSED] - for ([ii = 1, ii < 6, (ii++)]): null

16-10-2024T07:02:05 - [TEST_STEP][PASSED] - i1 = x.indexOf("/") + 1: null

16-10-2024T07:02:05 - [TEST_STEP][PASSED] - if (i1 > -1): null

16-10-2024T07:02:05 - [TEST_STEP][PASSED] - x = x.substring(i1, x.length()): null

16-10-2024T07:02:05 - [TEST_STEP][PASSED] - println(x): null

16-10-2024T07:02:05 - [TEST_STEP][PASSED] - i1 = x.indexOf("/") + 1: null

16-10-2024T07:02:05 - [TEST_STEP][PASSED] - if (i1 > -1): null

16-10-2024T07:02:05 - [TEST_STEP][PASSED] - x = x.substring(i1, x.length()): null

16-10-2024T07:02:05 - [TEST_STEP][PASSED] - println(x): null

16-10-2024T07:02:05 - [TEST_STEP][PASSED] - i1 = x.indexOf("/") + 1: null

16-10-2024T07:02:05 - [TEST_STEP][PASSED] - if (i1 > -1): null

16-10-2024T07:02:05 - [TEST_STEP][PASSED] - x = x.substring(i1, x.length()): null

16-10-2024T07:02:05 - [TEST_STEP][PASSED] - println(x): null

16-10-2024T07:02:05 - [TEST_STEP][PASSED] - i1 = x.indexOf("/") + 1: null

16-10-2024T07:02:05 - [TEST_STEP][PASSED] - if (i1 > -1): null

16-10-2024T07:02:05 - [TEST_STEP][PASSED] - x = x.substring(i1, x.length()): null

16-10-2024T07:02:05 - [TEST_STEP][PASSED] - println(x): null

16-10-2024T07:02:05 - [TEST_STEP][PASSED] - i1 = x.indexOf("/") + 1: null

16-10-2024T07:02:05 - [TEST_STEP][PASSED] - if (i1 > -1): null

16-10-2024T07:02:05 - [TEST_STEP][PASSED] - x = x.substring(i1, x.length()): null

16-10-2024T07:02:05 - [TEST_STEP][PASSED] - println(x): null

16-10-2024T07:02:05 - [TEST_STEP][PASSED] - i1 = x.indexOf("/"): null

16-10-2024T07:02:05 - [TEST_STEP][PASSED] - if (i1 > -1): null

16-10-2024T07:02:05 - [TEST_STEP][PASSED] - x = x.substring(0, i1): null

16-10-2024T07:02:05 - [TEST_STEP][PASSED] - println(x): null

16-10-2024T07:02:05 - [TEST_STEP][FAILED] - return x: null

16-10-2024T07:02:05 - [TEST_STEP][PASSED] - println(tabR + "/" + tabB): null

16-10-2024T07:02:05 - [TEST_STEP][FAILED] - if (verifyEqual(tabR, tabB) == false): null

16-10-2024T07:02:05 - [MESSAGE][FAILED] - Unable to verify equal between actual object 'нет данных' and expected object '1791784' (Root cause: com.kms.katalon.core.exception.StepFailedException: Actual object 'нет данных' and expected object '1791784' are not equal
	at com.kms.katalon.core.keyword.builtin.VerifyEqualKeyword$_verifyEqual_closure1.doCall(VerifyEqualKeyword.groovy:58)
	at com.kms.katalon.core.keyword.builtin.VerifyEqualKeyword$_verifyEqual_closure1.call(VerifyEqualKeyword.groovy)
	at com.kms.katalon.core.keyword.internal.KeywordMain.runKeyword(KeywordMain.groovy:75)
	at com.kms.katalon.core.keyword.builtin.VerifyEqualKeyword.verifyEqual(VerifyEqualKeyword.groovy:63)
	at com.kms.katalon.core.keyword.builtin.VerifyEqualKeyword.execute(VerifyEqualKeyword.groovy:44)
	at com.kms.katalon.core.keyword.internal.KeywordExecutor.executeKeywordForPlatform(KeywordExecutor.groovy:74)
	at com.kms.katalon.core.keyword.BuiltinKeywords.verifyEqual(BuiltinKeywords.groovy:146)
	at jdk.internal.reflect.GeneratedMethodAccessor25.invoke(Unknown Source)
	at java.base/jdk.internal.reflect.DelegatingMethodAccessorImpl.invoke(DelegatingMethodAccessorImpl.java:43)
	at Выполнение бизнес-плана сверка дашбордов.CompareDZOData(Выполнение бизнес-плана сверка дашбордов:730)
	at Выполнение бизнес-плана сверка дашбордов.run(Выполнение бизнес-плана сверка дашбордов:598)
	at com.kms.katalon.core.main.ScriptEngine.run(ScriptEngine.java:194)
	at com.kms.katalon.core.main.ScriptEngine.runScriptAsRawText(ScriptEngine.java:119)
	at com.kms.katalon.core.main.TestCaseExecutor.runScript(TestCaseExecutor.java:448)
	at com.kms.katalon.core.main.TestCaseExecutor.doExecute(TestCaseExecutor.java:439)
	at com.kms.katalon.core.main.TestCaseExecutor.processExecutionPhase(TestCaseExecutor.java:418)
	at com.kms.katalon.core.main.TestCaseExecutor.accessMainPhase(TestCaseExecutor.java:410)
	at com.kms.katalon.core.main.TestCaseExecutor.execute(TestCaseExecutor.java:285)
	at com.kms.katalon.core.common.CommonExecutor.accessTestCaseMainPhase(CommonExecutor.java:65)
	at com.kms.katalon.core.main.TestSuiteExecutor.accessTestSuiteMainPhase(TestSuiteExecutor.java:150)
	at com.kms.katalon.core.main.TestSuiteExecutor.execute(TestSuiteExecutor.java:106)
	at com.kms.katalon.core.main.TestCaseMain.startTestSuite(TestCaseMain.java:180)
	at TempTestSuite1729050801829.run(TempTestSuite1729050801829.groovy:35)
	at java.base/jdk.internal.reflect.NativeMethodAccessorImpl.invoke0(Native Method)
	at java.base/jdk.internal.reflect.NativeMethodAccessorImpl.invoke(NativeMethodAccessorImpl.java:77)
	at java.base/jdk.internal.reflect.DelegatingMethodAccessorImpl.invoke(DelegatingMethodAccessorImpl.java:43)
)

16-10-2024T07:02:05 - [TEST_STEP][PASSED] - result = WriteToExcel(typeOfData, todaysDate, PercPlanR, PercPlanB, PercFactR, PercFactB, x, tabR, tabB, o1R, o1B, vidget): null

16-10-2024T07:02:05 - [TEST_STEP][PASSED] - iii = dZO.indexOf("/"): null

16-10-2024T07:02:05 - [TEST_STEP][PASSED] - println(iii): null

16-10-2024T07:02:05 - [TEST_STEP][PASSED] - dZO = dZO.substring(0, iii): null

16-10-2024T07:02:05 - [TEST_STEP][PASSED] - println(dZO): null

16-10-2024T07:02:05 - [TEST_STEP][PASSED] - println(PercPlanR): null

16-10-2024T07:02:05 - [TEST_STEP][PASSED] - println(PercPlanB): null

16-10-2024T07:02:05 - [TEST_STEP][PASSED] - println(PercFactR): null

16-10-2024T07:02:05 - [TEST_STEP][PASSED] - println(PercFactB): null

16-10-2024T07:02:05 - [TEST_STEP][PASSED] - println(tabR): null

16-10-2024T07:02:05 - [TEST_STEP][PASSED] - println(tabB): null

16-10-2024T07:02:05 - [TEST_STEP][PASSED] - println(o1R): null

16-10-2024T07:02:05 - [TEST_STEP][PASSED] - println(o1B): null

16-10-2024T07:02:05 - [TEST_STEP][PASSED] - PR = <not implemented yet for class: org.codehaus.groovy.ast.expr.EmptyExpression>: null

16-10-2024T07:02:05 - [TEST_STEP][PASSED] - FR = <not implemented yet for class: org.codehaus.groovy.ast.expr.EmptyExpression>: null

16-10-2024T07:02:05 - [TEST_STEP][PASSED] - PB = <not implemented yet for class: org.codehaus.groovy.ast.expr.EmptyExpression>: null

16-10-2024T07:02:05 - [TEST_STEP][PASSED] - FB = <not implemented yet for class: org.codehaus.groovy.ast.expr.EmptyExpression>: null

16-10-2024T07:02:05 - [TEST_STEP][PASSED] - TR = <not implemented yet for class: org.codehaus.groovy.ast.expr.EmptyExpression>: null

16-10-2024T07:02:05 - [TEST_STEP][PASSED] - TB = <not implemented yet for class: org.codehaus.groovy.ast.expr.EmptyExpression>: null

16-10-2024T07:02:05 - [TEST_STEP][PASSED] - sheetName = "Sheet1": null

16-10-2024T07:02:05 - [TEST_STEP][PASSED] - data = findTestData("PlanFact"): null

16-10-2024T07:02:05 - [TEST_STEP][PASSED] - n = data.getRowNumbers() + 1: null

16-10-2024T07:02:05 - [TEST_STEP][PASSED] - year = todaysDate.substring(todaysDate.length() - 4, todaysDate.length()): null

16-10-2024T07:02:05 - [TEST_STEP][PASSED] - y = year.toInteger(): null

16-10-2024T07:02:05 - [TEST_STEP][PASSED] - m = getText(findTestObject("Выполнение бизнес-плана/Выполнение бизнес-плана Балансы/Фильтр Дата")): Text of object 'Object Repository/Выполнение бизнес-плана/Выполнение бизнес-плана Балансы/Фильтр Дата' is: '1, 2 кв., Июль, Август 2024 года'

16-10-2024T07:02:06 - [MESSAGE][PASSED] - Text of object 'Object Repository/Выполнение бизнес-плана/Выполнение бизнес-плана Балансы/Фильтр Дата' is: '1, 2 кв., Июль, Август 2024 года'

16-10-2024T07:02:06 - [TEST_STEP][PASSED] - m = m.substring(0, m.indexOf("2024")): null

16-10-2024T07:02:06 - [TEST_STEP][PASSED] - m = m.trim(): null

16-10-2024T07:02:06 - [TEST_STEP][PASSED] - dashboardName = "Выполнение бизнес-плана": null

16-10-2024T07:02:06 - [TEST_STEP][PASSED] - workbook01 = getWorkbook(excelFilePath): null

16-10-2024T07:02:06 - [TEST_STEP][PASSED] - sheet01 = getExcelSheet(workbook01, sheetName): null

16-10-2024T07:02:06 - [TEST_STEP][PASSED] - setValueToCellByIndex(sheet01, n, 0, dashboardName): null

16-10-2024T07:02:06 - [TEST_STEP][PASSED] - setValueToCellByIndex(sheet01, n, 1, dZO): null

16-10-2024T07:02:06 - [TEST_STEP][PASSED] - setValueToCellByIndex(sheet01, n, 2, typeOfData): null

16-10-2024T07:02:06 - [TEST_STEP][PASSED] - setValueToCellByIndex(sheet01, n, 3, typeOfData): null

16-10-2024T07:02:06 - [TEST_STEP][PASSED] - if (typeOfData == "План"): null

16-10-2024T07:02:06 - [TEST_STEP][PASSED] - else if (typeOfData == "Факт"): null

16-10-2024T07:02:06 - [TEST_STEP][PASSED] - else if (vidget.contains("электроэнергии") == true): null

16-10-2024T07:02:06 - [TEST_STEP][PASSED] - if (tabR == null): null

16-10-2024T07:02:06 - [TEST_STEP][PASSED] - else: null

16-10-2024T07:02:06 - [TEST_STEP][PASSED] - if (tabR == "нет данных"): null

16-10-2024T07:02:06 - [TEST_STEP][PASSED] - setValueToCellByIndex(sheet01, n, 4, "нет данных"): null

16-10-2024T07:02:06 - [TEST_STEP][PASSED] - if (tabB == null): null

16-10-2024T07:02:06 - [TEST_STEP][PASSED] - else: null

16-10-2024T07:02:06 - [TEST_STEP][PASSED] - if (tabB == "нет данных"): null

16-10-2024T07:02:06 - [TEST_STEP][PASSED] - else: null

16-10-2024T07:02:06 - [TEST_STEP][PASSED] - TB = tabB.toInteger(): null

16-10-2024T07:02:06 - [TEST_STEP][PASSED] - setValueToCellByIndex(sheet01, n, 5, TB): null

16-10-2024T07:02:06 - [TEST_STEP][PASSED] - setValueToCellByIndex(sheet01, n, 6, m): null

16-10-2024T07:02:06 - [TEST_STEP][PASSED] - setValueToCellByIndex(sheet01, n, 7, y): null

16-10-2024T07:02:06 - [TEST_STEP][PASSED] - setValueToCellByIndex(sheet01, n, 8, todaysDate): null

16-10-2024T07:02:06 - [TEST_STEP][PASSED] - n = n + 1: null

16-10-2024T07:02:06 - [TEST_STEP][PASSED] - saveWorkbook(excelFilePath, workbook01): null

16-10-2024T07:02:06 - [TEST_STEP][PASSED] - vidget = "Показатели баланса электроэнергии по ДЗО – План": null

16-10-2024T07:02:06 - [TEST_STEP][PASSED] - typeOfData = "План Отпуск в сеть": null

16-10-2024T07:02:06 - [TEST_STEP][PASSED] - tabR = GetOvSPlanR(x = a): null

16-10-2024T07:02:06 - [TEST_STEP][PASSED] - i1 = <not implemented yet for class: org.codehaus.groovy.ast.expr.EmptyExpression>: null

16-10-2024T07:02:06 - [TEST_STEP][PASSED] - ii = <not implemented yet for class: org.codehaus.groovy.ast.expr.EmptyExpression>: null

16-10-2024T07:02:06 - [TEST_STEP][PASSED] - for ([ii = 1, ii < 7, (ii++)]): null

16-10-2024T07:02:06 - [TEST_STEP][PASSED] - i1 = x.indexOf("/") + 1: null

16-10-2024T07:02:06 - [TEST_STEP][PASSED] - if (i1 > -1): null

16-10-2024T07:02:06 - [TEST_STEP][PASSED] - x = x.substring(i1, x.length()): null

16-10-2024T07:02:06 - [TEST_STEP][PASSED] - println(x): null

16-10-2024T07:02:06 - [TEST_STEP][PASSED] - i1 = x.indexOf("/") + 1: null

16-10-2024T07:02:06 - [TEST_STEP][PASSED] - if (i1 > -1): null

16-10-2024T07:02:06 - [TEST_STEP][PASSED] - x = x.substring(i1, x.length()): null

16-10-2024T07:02:06 - [TEST_STEP][PASSED] - println(x): null

16-10-2024T07:02:06 - [TEST_STEP][PASSED] - i1 = x.indexOf("/") + 1: null

16-10-2024T07:02:06 - [TEST_STEP][PASSED] - if (i1 > -1): null

16-10-2024T07:02:06 - [TEST_STEP][PASSED] - x = x.substring(i1, x.length()): null

16-10-2024T07:02:06 - [TEST_STEP][PASSED] - println(x): null

16-10-2024T07:02:06 - [TEST_STEP][PASSED] - i1 = x.indexOf("/") + 1: null

16-10-2024T07:02:06 - [TEST_STEP][PASSED] - if (i1 > -1): null

16-10-2024T07:02:06 - [TEST_STEP][PASSED] - x = x.substring(i1, x.length()): null

16-10-2024T07:02:06 - [TEST_STEP][PASSED] - println(x): null

16-10-2024T07:02:06 - [TEST_STEP][PASSED] - i1 = x.indexOf("/") + 1: null

16-10-2024T07:02:06 - [TEST_STEP][PASSED] - if (i1 > -1): null

16-10-2024T07:02:06 - [TEST_STEP][PASSED] - x = x.substring(i1, x.length()): null

16-10-2024T07:02:06 - [TEST_STEP][PASSED] - println(x): null

16-10-2024T07:02:06 - [TEST_STEP][PASSED] - i1 = x.indexOf("/") + 1: null

16-10-2024T07:02:06 - [TEST_STEP][PASSED] - if (i1 > -1): null

16-10-2024T07:02:06 - [TEST_STEP][PASSED] - x = x.substring(i1, x.length()): null

16-10-2024T07:02:06 - [TEST_STEP][PASSED] - println(x): null

16-10-2024T07:02:06 - [TEST_STEP][PASSED] - i1 = x.indexOf("/"): null

16-10-2024T07:02:06 - [TEST_STEP][PASSED] - if (i1 > -1): null

16-10-2024T07:02:06 - [TEST_STEP][PASSED] - x = x.substring(0, i1): null

16-10-2024T07:02:06 - [TEST_STEP][PASSED] - println(x): null

16-10-2024T07:02:06 - [TEST_STEP][PASSED] - return x: null

16-10-2024T07:02:06 - [TEST_STEP][PASSED] - tabB = GetOvSPlanB(x = b): null

16-10-2024T07:02:06 - [TEST_STEP][PASSED] - i1 = <not implemented yet for class: org.codehaus.groovy.ast.expr.EmptyExpression>: null

16-10-2024T07:02:06 - [TEST_STEP][PASSED] - ii = <not implemented yet for class: org.codehaus.groovy.ast.expr.EmptyExpression>: null

16-10-2024T07:02:06 - [TEST_STEP][PASSED] - for ([ii = 1, ii < 7, (ii++)]): null

16-10-2024T07:02:06 - [TEST_STEP][PASSED] - i1 = x.indexOf("/") + 1: null

16-10-2024T07:02:06 - [TEST_STEP][PASSED] - if (i1 > -1): null

16-10-2024T07:02:06 - [TEST_STEP][PASSED] - x = x.substring(i1, x.length()): null

16-10-2024T07:02:06 - [TEST_STEP][PASSED] - println(x): null

16-10-2024T07:02:06 - [TEST_STEP][PASSED] - i1 = x.indexOf("/") + 1: null

16-10-2024T07:02:06 - [TEST_STEP][PASSED] - if (i1 > -1): null

16-10-2024T07:02:06 - [TEST_STEP][PASSED] - x = x.substring(i1, x.length()): null

16-10-2024T07:02:06 - [TEST_STEP][PASSED] - println(x): null

16-10-2024T07:02:06 - [TEST_STEP][PASSED] - i1 = x.indexOf("/") + 1: null

16-10-2024T07:02:06 - [TEST_STEP][PASSED] - if (i1 > -1): null

16-10-2024T07:02:06 - [TEST_STEP][PASSED] - x = x.substring(i1, x.length()): null

16-10-2024T07:02:06 - [TEST_STEP][PASSED] - println(x): null

16-10-2024T07:02:06 - [TEST_STEP][PASSED] - i1 = x.indexOf("/") + 1: null

16-10-2024T07:02:06 - [TEST_STEP][PASSED] - if (i1 > -1): null

16-10-2024T07:02:06 - [TEST_STEP][PASSED] - x = x.substring(i1, x.length()): null

16-10-2024T07:02:06 - [TEST_STEP][PASSED] - println(x): null

16-10-2024T07:02:06 - [TEST_STEP][PASSED] - i1 = x.indexOf("/") + 1: null

16-10-2024T07:02:06 - [TEST_STEP][PASSED] - if (i1 > -1): null

16-10-2024T07:02:06 - [TEST_STEP][PASSED] - x = x.substring(i1, x.length()): null

16-10-2024T07:02:06 - [TEST_STEP][PASSED] - println(x): null

16-10-2024T07:02:06 - [TEST_STEP][PASSED] - i1 = x.indexOf("/") + 1: null

16-10-2024T07:02:06 - [TEST_STEP][PASSED] - if (i1 > -1): null

16-10-2024T07:02:06 - [TEST_STEP][PASSED] - x = x.substring(i1, x.length()): null

16-10-2024T07:02:06 - [TEST_STEP][PASSED] - println(x): null

16-10-2024T07:02:06 - [TEST_STEP][PASSED] - i1 = x.indexOf("/"): null

16-10-2024T07:02:06 - [TEST_STEP][PASSED] - if (i1 > -1): null

16-10-2024T07:02:06 - [TEST_STEP][PASSED] - x = x.substring(0, i1): null

16-10-2024T07:02:06 - [TEST_STEP][PASSED] - println(x): null

16-10-2024T07:02:06 - [TEST_STEP][FAILED] - return x: null

16-10-2024T07:02:06 - [TEST_STEP][PASSED] - println(tabR + "/" + tabB): null

16-10-2024T07:02:06 - [TEST_STEP][FAILED] - if (verifyEqual(PercFactR, PercFactB) == false): null

16-10-2024T07:02:06 - [MESSAGE][FAILED] - Unable to verify equal between actual object 'нет данных' and expected object '5.01' (Root cause: com.kms.katalon.core.exception.StepFailedException: Actual object 'нет данных' and expected object '5.01' are not equal
	at com.kms.katalon.core.keyword.builtin.VerifyEqualKeyword$_verifyEqual_closure1.doCall(VerifyEqualKeyword.groovy:58)
	at com.kms.katalon.core.keyword.builtin.VerifyEqualKeyword$_verifyEqual_closure1.call(VerifyEqualKeyword.groovy)
	at com.kms.katalon.core.keyword.internal.KeywordMain.runKeyword(KeywordMain.groovy:75)
	at com.kms.katalon.core.keyword.builtin.VerifyEqualKeyword.verifyEqual(VerifyEqualKeyword.groovy:63)
	at com.kms.katalon.core.keyword.builtin.VerifyEqualKeyword.execute(VerifyEqualKeyword.groovy:44)
	at com.kms.katalon.core.keyword.internal.KeywordExecutor.executeKeywordForPlatform(KeywordExecutor.groovy:74)
	at com.kms.katalon.core.keyword.BuiltinKeywords.verifyEqual(BuiltinKeywords.groovy:146)
	at jdk.internal.reflect.GeneratedMethodAccessor25.invoke(Unknown Source)
	at java.base/jdk.internal.reflect.DelegatingMethodAccessorImpl.invoke(DelegatingMethodAccessorImpl.java:43)
	at Выполнение бизнес-плана сверка дашбордов.CompareDZOData(Выполнение бизнес-плана сверка дашбордов:745)
	at Выполнение бизнес-плана сверка дашбордов.run(Выполнение бизнес-плана сверка дашбордов:598)
	at com.kms.katalon.core.main.ScriptEngine.run(ScriptEngine.java:194)
	at com.kms.katalon.core.main.ScriptEngine.runScriptAsRawText(ScriptEngine.java:119)
	at com.kms.katalon.core.main.TestCaseExecutor.runScript(TestCaseExecutor.java:448)
	at com.kms.katalon.core.main.TestCaseExecutor.doExecute(TestCaseExecutor.java:439)
	at com.kms.katalon.core.main.TestCaseExecutor.processExecutionPhase(TestCaseExecutor.java:418)
	at com.kms.katalon.core.main.TestCaseExecutor.accessMainPhase(TestCaseExecutor.java:410)
	at com.kms.katalon.core.main.TestCaseExecutor.execute(TestCaseExecutor.java:285)
	at com.kms.katalon.core.common.CommonExecutor.accessTestCaseMainPhase(CommonExecutor.java:65)
	at com.kms.katalon.core.main.TestSuiteExecutor.accessTestSuiteMainPhase(TestSuiteExecutor.java:150)
	at com.kms.katalon.core.main.TestSuiteExecutor.execute(TestSuiteExecutor.java:106)
	at com.kms.katalon.core.main.TestCaseMain.startTestSuite(TestCaseMain.java:180)
	at TempTestSuite1729050801829.run(TempTestSuite1729050801829.groovy:35)
	at java.base/jdk.internal.reflect.NativeMethodAccessorImpl.invoke0(Native Method)
	at java.base/jdk.internal.reflect.NativeMethodAccessorImpl.invoke(NativeMethodAccessorImpl.java:77)
	at java.base/jdk.internal.reflect.DelegatingMethodAccessorImpl.invoke(DelegatingMethodAccessorImpl.java:43)
)

16-10-2024T07:02:06 - [TEST_STEP][PASSED] - result = WriteToExcel(typeOfData, todaysDate, PercPlanR, PercPlanB, PercFactR, PercFactB, x, tabR, tabB, o1R, o1B, vidget): null

16-10-2024T07:02:06 - [TEST_STEP][PASSED] - iii = dZO.indexOf("/"): null

16-10-2024T07:02:06 - [TEST_STEP][PASSED] - println(iii): null

16-10-2024T07:02:06 - [TEST_STEP][PASSED] - dZO = dZO.substring(0, iii): null

16-10-2024T07:02:06 - [TEST_STEP][PASSED] - println(dZO): null

16-10-2024T07:02:06 - [TEST_STEP][PASSED] - println(PercPlanR): null

16-10-2024T07:02:06 - [TEST_STEP][PASSED] - println(PercPlanB): null

16-10-2024T07:02:06 - [TEST_STEP][PASSED] - println(PercFactR): null

16-10-2024T07:02:06 - [TEST_STEP][PASSED] - println(PercFactB): null

16-10-2024T07:02:06 - [TEST_STEP][PASSED] - println(tabR): null

16-10-2024T07:02:06 - [TEST_STEP][PASSED] - println(tabB): null

16-10-2024T07:02:06 - [TEST_STEP][PASSED] - println(o1R): null

16-10-2024T07:02:06 - [TEST_STEP][PASSED] - println(o1B): null

16-10-2024T07:02:06 - [TEST_STEP][PASSED] - PR = <not implemented yet for class: org.codehaus.groovy.ast.expr.EmptyExpression>: null

16-10-2024T07:02:06 - [TEST_STEP][PASSED] - FR = <not implemented yet for class: org.codehaus.groovy.ast.expr.EmptyExpression>: null

16-10-2024T07:02:06 - [TEST_STEP][PASSED] - PB = <not implemented yet for class: org.codehaus.groovy.ast.expr.EmptyExpression>: null

16-10-2024T07:02:06 - [TEST_STEP][PASSED] - FB = <not implemented yet for class: org.codehaus.groovy.ast.expr.EmptyExpression>: null

16-10-2024T07:02:06 - [TEST_STEP][PASSED] - TR = <not implemented yet for class: org.codehaus.groovy.ast.expr.EmptyExpression>: null

16-10-2024T07:02:06 - [TEST_STEP][PASSED] - TB = <not implemented yet for class: org.codehaus.groovy.ast.expr.EmptyExpression>: null

16-10-2024T07:02:06 - [TEST_STEP][PASSED] - sheetName = "Sheet1": null

16-10-2024T07:02:06 - [TEST_STEP][PASSED] - data = findTestData("PlanFact"): null

16-10-2024T07:02:06 - [TEST_STEP][PASSED] - n = data.getRowNumbers() + 1: null

16-10-2024T07:02:06 - [TEST_STEP][PASSED] - year = todaysDate.substring(todaysDate.length() - 4, todaysDate.length()): null

16-10-2024T07:02:06 - [TEST_STEP][PASSED] - y = year.toInteger(): null

16-10-2024T07:02:06 - [TEST_STEP][PASSED] - m = getText(findTestObject("Выполнение бизнес-плана/Выполнение бизнес-плана Балансы/Фильтр Дата")): Text of object 'Object Repository/Выполнение бизнес-плана/Выполнение бизнес-плана Балансы/Фильтр Дата' is: '1, 2 кв., Июль, Август 2024 года'

16-10-2024T07:02:06 - [MESSAGE][PASSED] - Text of object 'Object Repository/Выполнение бизнес-плана/Выполнение бизнес-плана Балансы/Фильтр Дата' is: '1, 2 кв., Июль, Август 2024 года'

16-10-2024T07:02:06 - [TEST_STEP][PASSED] - m = m.substring(0, m.indexOf("2024")): null

16-10-2024T07:02:06 - [TEST_STEP][PASSED] - m = m.trim(): null

16-10-2024T07:02:06 - [TEST_STEP][PASSED] - dashboardName = "Выполнение бизнес-плана": null

16-10-2024T07:02:06 - [TEST_STEP][PASSED] - workbook01 = getWorkbook(excelFilePath): null

16-10-2024T07:02:06 - [TEST_STEP][PASSED] - sheet01 = getExcelSheet(workbook01, sheetName): null

16-10-2024T07:02:06 - [TEST_STEP][PASSED] - setValueToCellByIndex(sheet01, n, 0, dashboardName): null

16-10-2024T07:02:06 - [TEST_STEP][PASSED] - setValueToCellByIndex(sheet01, n, 1, dZO): null

16-10-2024T07:02:06 - [TEST_STEP][PASSED] - setValueToCellByIndex(sheet01, n, 2, typeOfData): null

16-10-2024T07:02:06 - [TEST_STEP][PASSED] - setValueToCellByIndex(sheet01, n, 3, typeOfData): null

16-10-2024T07:02:06 - [TEST_STEP][PASSED] - if (typeOfData == "План"): null

16-10-2024T07:02:06 - [TEST_STEP][PASSED] - else if (typeOfData == "Факт"): null

16-10-2024T07:02:06 - [TEST_STEP][PASSED] - else if (vidget.contains("электроэнергии") == true): null

16-10-2024T07:02:06 - [TEST_STEP][PASSED] - if (tabR == null): null

16-10-2024T07:02:06 - [TEST_STEP][PASSED] - else: null

16-10-2024T07:02:06 - [TEST_STEP][PASSED] - if (tabR == "нет данных"): null

16-10-2024T07:02:06 - [TEST_STEP][PASSED] - setValueToCellByIndex(sheet01, n, 4, "нет данных"): null

16-10-2024T07:02:06 - [TEST_STEP][PASSED] - if (tabB == null): null

16-10-2024T07:02:06 - [TEST_STEP][PASSED] - else: null

16-10-2024T07:02:06 - [TEST_STEP][PASSED] - if (tabB == "нет данных"): null

16-10-2024T07:02:06 - [TEST_STEP][PASSED] - else: null

16-10-2024T07:02:06 - [TEST_STEP][PASSED] - TB = tabB.toInteger(): null

16-10-2024T07:02:06 - [TEST_STEP][PASSED] - setValueToCellByIndex(sheet01, n, 5, TB): null

16-10-2024T07:02:06 - [TEST_STEP][PASSED] - setValueToCellByIndex(sheet01, n, 6, m): null

16-10-2024T07:02:06 - [TEST_STEP][PASSED] - setValueToCellByIndex(sheet01, n, 7, y): null

16-10-2024T07:02:06 - [TEST_STEP][PASSED] - setValueToCellByIndex(sheet01, n, 8, todaysDate): null

16-10-2024T07:02:06 - [TEST_STEP][PASSED] - n = n + 1: null

16-10-2024T07:02:06 - [TEST_STEP][PASSED] - saveWorkbook(excelFilePath, workbook01): null

16-10-2024T07:02:07 - [TEST_STEP][PASSED] - typeOfData = "План Отпуск из сети": null

16-10-2024T07:02:07 - [TEST_STEP][PASSED] - tabR = GetOiSPlanR(x = a): null

16-10-2024T07:02:07 - [TEST_STEP][PASSED] - i1 = <not implemented yet for class: org.codehaus.groovy.ast.expr.EmptyExpression>: null

16-10-2024T07:02:07 - [TEST_STEP][PASSED] - ii = <not implemented yet for class: org.codehaus.groovy.ast.expr.EmptyExpression>: null

16-10-2024T07:02:07 - [TEST_STEP][PASSED] - for ([ii = 1, ii < 8, (ii++)]): null

16-10-2024T07:02:07 - [TEST_STEP][PASSED] - i1 = x.indexOf("/") + 1: null

16-10-2024T07:02:07 - [TEST_STEP][PASSED] - if (i1 > -1): null

16-10-2024T07:02:07 - [TEST_STEP][PASSED] - x = x.substring(i1, x.length()): null

16-10-2024T07:02:07 - [TEST_STEP][PASSED] - println(x): null

16-10-2024T07:02:07 - [TEST_STEP][PASSED] - i1 = x.indexOf("/") + 1: null

16-10-2024T07:02:07 - [TEST_STEP][PASSED] - if (i1 > -1): null

16-10-2024T07:02:07 - [TEST_STEP][PASSED] - x = x.substring(i1, x.length()): null

16-10-2024T07:02:07 - [TEST_STEP][PASSED] - println(x): null

16-10-2024T07:02:07 - [TEST_STEP][PASSED] - i1 = x.indexOf("/") + 1: null

16-10-2024T07:02:07 - [TEST_STEP][PASSED] - if (i1 > -1): null

16-10-2024T07:02:07 - [TEST_STEP][PASSED] - x = x.substring(i1, x.length()): null

16-10-2024T07:02:07 - [TEST_STEP][PASSED] - println(x): null

16-10-2024T07:02:07 - [TEST_STEP][PASSED] - i1 = x.indexOf("/") + 1: null

16-10-2024T07:02:07 - [TEST_STEP][PASSED] - if (i1 > -1): null

16-10-2024T07:02:07 - [TEST_STEP][PASSED] - x = x.substring(i1, x.length()): null

16-10-2024T07:02:07 - [TEST_STEP][PASSED] - println(x): null

16-10-2024T07:02:07 - [TEST_STEP][PASSED] - i1 = x.indexOf("/") + 1: null

16-10-2024T07:02:07 - [TEST_STEP][PASSED] - if (i1 > -1): null

16-10-2024T07:02:07 - [TEST_STEP][PASSED] - x = x.substring(i1, x.length()): null

16-10-2024T07:02:07 - [TEST_STEP][PASSED] - println(x): null

16-10-2024T07:02:07 - [TEST_STEP][PASSED] - i1 = x.indexOf("/") + 1: null

16-10-2024T07:02:07 - [TEST_STEP][PASSED] - if (i1 > -1): null

16-10-2024T07:02:07 - [TEST_STEP][PASSED] - x = x.substring(i1, x.length()): null

16-10-2024T07:02:07 - [TEST_STEP][PASSED] - println(x): null

16-10-2024T07:02:07 - [TEST_STEP][PASSED] - i1 = x.indexOf("/") + 1: null

16-10-2024T07:02:07 - [TEST_STEP][PASSED] - if (i1 > -1): null

16-10-2024T07:02:07 - [TEST_STEP][PASSED] - x = x.substring(i1, x.length()): null

16-10-2024T07:02:07 - [TEST_STEP][PASSED] - println(x): null

16-10-2024T07:02:07 - [TEST_STEP][PASSED] - i1 = x.indexOf("/"): null

16-10-2024T07:02:07 - [TEST_STEP][PASSED] - if (i1 > -1): null

16-10-2024T07:02:07 - [TEST_STEP][PASSED] - x = x.substring(0, i1): null

16-10-2024T07:02:07 - [TEST_STEP][PASSED] - println(x): null

16-10-2024T07:02:07 - [TEST_STEP][PASSED] - return x: null

16-10-2024T07:02:07 - [TEST_STEP][PASSED] - tabB = GetOiSPlanB(x = b): null

16-10-2024T07:02:07 - [TEST_STEP][PASSED] - i1 = <not implemented yet for class: org.codehaus.groovy.ast.expr.EmptyExpression>: null

16-10-2024T07:02:07 - [TEST_STEP][PASSED] - ii = <not implemented yet for class: org.codehaus.groovy.ast.expr.EmptyExpression>: null

16-10-2024T07:02:07 - [TEST_STEP][PASSED] - for ([ii = 1, ii < 8, (ii++)]): null

16-10-2024T07:02:07 - [TEST_STEP][PASSED] - i1 = x.indexOf("/") + 1: null

16-10-2024T07:02:07 - [TEST_STEP][PASSED] - if (i1 > -1): null

16-10-2024T07:02:07 - [TEST_STEP][PASSED] - x = x.substring(i1, x.length()): null

16-10-2024T07:02:07 - [TEST_STEP][PASSED] - println(x): null

16-10-2024T07:02:07 - [TEST_STEP][PASSED] - i1 = x.indexOf("/") + 1: null

16-10-2024T07:02:07 - [TEST_STEP][PASSED] - if (i1 > -1): null

16-10-2024T07:02:07 - [TEST_STEP][PASSED] - x = x.substring(i1, x.length()): null

16-10-2024T07:02:07 - [TEST_STEP][PASSED] - println(x): null

16-10-2024T07:02:07 - [TEST_STEP][PASSED] - i1 = x.indexOf("/") + 1: null

16-10-2024T07:02:07 - [TEST_STEP][PASSED] - if (i1 > -1): null

16-10-2024T07:02:07 - [TEST_STEP][PASSED] - x = x.substring(i1, x.length()): null

16-10-2024T07:02:07 - [TEST_STEP][PASSED] - println(x): null

16-10-2024T07:02:07 - [TEST_STEP][PASSED] - i1 = x.indexOf("/") + 1: null

16-10-2024T07:02:07 - [TEST_STEP][PASSED] - if (i1 > -1): null

16-10-2024T07:02:07 - [TEST_STEP][PASSED] - x = x.substring(i1, x.length()): null

16-10-2024T07:02:07 - [TEST_STEP][PASSED] - println(x): null

16-10-2024T07:02:07 - [TEST_STEP][PASSED] - i1 = x.indexOf("/") + 1: null

16-10-2024T07:02:07 - [TEST_STEP][PASSED] - if (i1 > -1): null

16-10-2024T07:02:07 - [TEST_STEP][PASSED] - x = x.substring(i1, x.length()): null

16-10-2024T07:02:07 - [TEST_STEP][PASSED] - println(x): null

16-10-2024T07:02:07 - [TEST_STEP][PASSED] - i1 = x.indexOf("/") + 1: null

16-10-2024T07:02:07 - [TEST_STEP][PASSED] - if (i1 > -1): null

16-10-2024T07:02:07 - [TEST_STEP][PASSED] - x = x.substring(i1, x.length()): null

16-10-2024T07:02:07 - [TEST_STEP][PASSED] - println(x): null

16-10-2024T07:02:07 - [TEST_STEP][PASSED] - i1 = x.indexOf("/") + 1: null

16-10-2024T07:02:07 - [TEST_STEP][PASSED] - if (i1 > -1): null

16-10-2024T07:02:07 - [TEST_STEP][PASSED] - x = x.substring(i1, x.length()): null

16-10-2024T07:02:07 - [TEST_STEP][PASSED] - println(x): null

16-10-2024T07:02:07 - [TEST_STEP][PASSED] - i1 = x.indexOf("/"): null

16-10-2024T07:02:07 - [TEST_STEP][PASSED] - if (i1 > -1): null

16-10-2024T07:02:07 - [TEST_STEP][PASSED] - x = x.substring(0, i1): null

16-10-2024T07:02:07 - [TEST_STEP][PASSED] - println(x): null

16-10-2024T07:02:07 - [TEST_STEP][FAILED] - return x: null

16-10-2024T07:02:07 - [TEST_STEP][PASSED] - println(tabR + "/" + tabB): null

16-10-2024T07:02:07 - [TEST_STEP][FAILED] - if (verifyEqual(PercFactR, PercFactB) == false): null

16-10-2024T07:02:07 - [MESSAGE][FAILED] - Unable to verify equal between actual object 'нет данных' and expected object '5.01' (Root cause: com.kms.katalon.core.exception.StepFailedException: Actual object 'нет данных' and expected object '5.01' are not equal
	at com.kms.katalon.core.keyword.builtin.VerifyEqualKeyword$_verifyEqual_closure1.doCall(VerifyEqualKeyword.groovy:58)
	at com.kms.katalon.core.keyword.builtin.VerifyEqualKeyword$_verifyEqual_closure1.call(VerifyEqualKeyword.groovy)
	at com.kms.katalon.core.keyword.internal.KeywordMain.runKeyword(KeywordMain.groovy:75)
	at com.kms.katalon.core.keyword.builtin.VerifyEqualKeyword.verifyEqual(VerifyEqualKeyword.groovy:63)
	at com.kms.katalon.core.keyword.builtin.VerifyEqualKeyword.execute(VerifyEqualKeyword.groovy:44)
	at com.kms.katalon.core.keyword.internal.KeywordExecutor.executeKeywordForPlatform(KeywordExecutor.groovy:74)
	at com.kms.katalon.core.keyword.BuiltinKeywords.verifyEqual(BuiltinKeywords.groovy:146)
	at jdk.internal.reflect.GeneratedMethodAccessor25.invoke(Unknown Source)
	at java.base/jdk.internal.reflect.DelegatingMethodAccessorImpl.invoke(DelegatingMethodAccessorImpl.java:43)
	at Выполнение бизнес-плана сверка дашбордов.CompareDZOData(Выполнение бизнес-плана сверка дашбордов:758)
	at Выполнение бизнес-плана сверка дашбордов.run(Выполнение бизнес-плана сверка дашбордов:598)
	at com.kms.katalon.core.main.ScriptEngine.run(ScriptEngine.java:194)
	at com.kms.katalon.core.main.ScriptEngine.runScriptAsRawText(ScriptEngine.java:119)
	at com.kms.katalon.core.main.TestCaseExecutor.runScript(TestCaseExecutor.java:448)
	at com.kms.katalon.core.main.TestCaseExecutor.doExecute(TestCaseExecutor.java:439)
	at com.kms.katalon.core.main.TestCaseExecutor.processExecutionPhase(TestCaseExecutor.java:418)
	at com.kms.katalon.core.main.TestCaseExecutor.accessMainPhase(TestCaseExecutor.java:410)
	at com.kms.katalon.core.main.TestCaseExecutor.execute(TestCaseExecutor.java:285)
	at com.kms.katalon.core.common.CommonExecutor.accessTestCaseMainPhase(CommonExecutor.java:65)
	at com.kms.katalon.core.main.TestSuiteExecutor.accessTestSuiteMainPhase(TestSuiteExecutor.java:150)
	at com.kms.katalon.core.main.TestSuiteExecutor.execute(TestSuiteExecutor.java:106)
	at com.kms.katalon.core.main.TestCaseMain.startTestSuite(TestCaseMain.java:180)
	at TempTestSuite1729050801829.run(TempTestSuite1729050801829.groovy:35)
	at java.base/jdk.internal.reflect.NativeMethodAccessorImpl.invoke0(Native Method)
	at java.base/jdk.internal.reflect.NativeMethodAccessorImpl.invoke(NativeMethodAccessorImpl.java:77)
	at java.base/jdk.internal.reflect.DelegatingMethodAccessorImpl.invoke(DelegatingMethodAccessorImpl.java:43)
)

16-10-2024T07:02:07 - [TEST_STEP][PASSED] - result = WriteToExcel(typeOfData, todaysDate, PercPlanR, PercPlanB, PercFactR, PercFactB, x, tabR, tabB, o1R, o1B, vidget): null

16-10-2024T07:02:07 - [TEST_STEP][PASSED] - iii = dZO.indexOf("/"): null

16-10-2024T07:02:07 - [TEST_STEP][PASSED] - println(iii): null

16-10-2024T07:02:07 - [TEST_STEP][PASSED] - dZO = dZO.substring(0, iii): null

16-10-2024T07:02:07 - [TEST_STEP][PASSED] - println(dZO): null

16-10-2024T07:02:07 - [TEST_STEP][PASSED] - println(PercPlanR): null

16-10-2024T07:02:07 - [TEST_STEP][PASSED] - println(PercPlanB): null

16-10-2024T07:02:07 - [TEST_STEP][PASSED] - println(PercFactR): null

16-10-2024T07:02:07 - [TEST_STEP][PASSED] - println(PercFactB): null

16-10-2024T07:02:07 - [TEST_STEP][PASSED] - println(tabR): null

16-10-2024T07:02:07 - [TEST_STEP][PASSED] - println(tabB): null

16-10-2024T07:02:07 - [TEST_STEP][PASSED] - println(o1R): null

16-10-2024T07:02:07 - [TEST_STEP][PASSED] - println(o1B): null

16-10-2024T07:02:07 - [TEST_STEP][PASSED] - PR = <not implemented yet for class: org.codehaus.groovy.ast.expr.EmptyExpression>: null

16-10-2024T07:02:07 - [TEST_STEP][PASSED] - FR = <not implemented yet for class: org.codehaus.groovy.ast.expr.EmptyExpression>: null

16-10-2024T07:02:07 - [TEST_STEP][PASSED] - PB = <not implemented yet for class: org.codehaus.groovy.ast.expr.EmptyExpression>: null

16-10-2024T07:02:07 - [TEST_STEP][PASSED] - FB = <not implemented yet for class: org.codehaus.groovy.ast.expr.EmptyExpression>: null

16-10-2024T07:02:07 - [TEST_STEP][PASSED] - TR = <not implemented yet for class: org.codehaus.groovy.ast.expr.EmptyExpression>: null

16-10-2024T07:02:07 - [TEST_STEP][PASSED] - TB = <not implemented yet for class: org.codehaus.groovy.ast.expr.EmptyExpression>: null

16-10-2024T07:02:07 - [TEST_STEP][PASSED] - sheetName = "Sheet1": null

16-10-2024T07:02:07 - [TEST_STEP][PASSED] - data = findTestData("PlanFact"): null

16-10-2024T07:02:07 - [TEST_STEP][PASSED] - n = data.getRowNumbers() + 1: null

16-10-2024T07:02:07 - [TEST_STEP][PASSED] - year = todaysDate.substring(todaysDate.length() - 4, todaysDate.length()): null

16-10-2024T07:02:07 - [TEST_STEP][PASSED] - y = year.toInteger(): null

16-10-2024T07:02:07 - [TEST_STEP][PASSED] - m = getText(findTestObject("Выполнение бизнес-плана/Выполнение бизнес-плана Балансы/Фильтр Дата")): Text of object 'Object Repository/Выполнение бизнес-плана/Выполнение бизнес-плана Балансы/Фильтр Дата' is: '1, 2 кв., Июль, Август 2024 года'

16-10-2024T07:02:07 - [MESSAGE][PASSED] - Text of object 'Object Repository/Выполнение бизнес-плана/Выполнение бизнес-плана Балансы/Фильтр Дата' is: '1, 2 кв., Июль, Август 2024 года'

16-10-2024T07:02:07 - [TEST_STEP][PASSED] - m = m.substring(0, m.indexOf("2024")): null

16-10-2024T07:02:07 - [TEST_STEP][PASSED] - m = m.trim(): null

16-10-2024T07:02:07 - [TEST_STEP][PASSED] - dashboardName = "Выполнение бизнес-плана": null

16-10-2024T07:02:07 - [TEST_STEP][PASSED] - workbook01 = getWorkbook(excelFilePath): null

16-10-2024T07:02:07 - [TEST_STEP][PASSED] - sheet01 = getExcelSheet(workbook01, sheetName): null

16-10-2024T07:02:07 - [TEST_STEP][PASSED] - setValueToCellByIndex(sheet01, n, 0, dashboardName): null

16-10-2024T07:02:07 - [TEST_STEP][PASSED] - setValueToCellByIndex(sheet01, n, 1, dZO): null

16-10-2024T07:02:07 - [TEST_STEP][PASSED] - setValueToCellByIndex(sheet01, n, 2, typeOfData): null

16-10-2024T07:02:07 - [TEST_STEP][PASSED] - setValueToCellByIndex(sheet01, n, 3, typeOfData): null

16-10-2024T07:02:07 - [TEST_STEP][PASSED] - if (typeOfData == "План"): null

16-10-2024T07:02:07 - [TEST_STEP][PASSED] - else if (typeOfData == "Факт"): null

16-10-2024T07:02:07 - [TEST_STEP][PASSED] - else if (vidget.contains("электроэнергии") == true): null

16-10-2024T07:02:07 - [TEST_STEP][PASSED] - if (tabR == null): null

16-10-2024T07:02:07 - [TEST_STEP][PASSED] - else: null

16-10-2024T07:02:07 - [TEST_STEP][PASSED] - if (tabR == "нет данных"): null

16-10-2024T07:02:07 - [TEST_STEP][PASSED] - setValueToCellByIndex(sheet01, n, 4, "нет данных"): null

16-10-2024T07:02:07 - [TEST_STEP][PASSED] - if (tabB == null): null

16-10-2024T07:02:07 - [TEST_STEP][PASSED] - else: null

16-10-2024T07:02:07 - [TEST_STEP][PASSED] - if (tabB == "нет данных"): null

16-10-2024T07:02:07 - [TEST_STEP][PASSED] - else: null

16-10-2024T07:02:07 - [TEST_STEP][PASSED] - TB = tabB.toInteger(): null

16-10-2024T07:02:07 - [TEST_STEP][PASSED] - setValueToCellByIndex(sheet01, n, 5, TB): null

16-10-2024T07:02:07 - [TEST_STEP][PASSED] - setValueToCellByIndex(sheet01, n, 6, m): null

16-10-2024T07:02:07 - [TEST_STEP][PASSED] - setValueToCellByIndex(sheet01, n, 7, y): null

16-10-2024T07:02:07 - [TEST_STEP][PASSED] - setValueToCellByIndex(sheet01, n, 8, todaysDate): null

16-10-2024T07:02:07 - [TEST_STEP][PASSED] - n = n + 1: null

16-10-2024T07:02:07 - [TEST_STEP][PASSED] - saveWorkbook(excelFilePath, workbook01): null

16-10-2024T07:02:08 - [TEST_STEP][PASSED] - typeOfData = "План Потери": null

16-10-2024T07:02:08 - [TEST_STEP][PASSED] - tabR = GetPPlanR(x = a): null

16-10-2024T07:02:08 - [TEST_STEP][PASSED] - i1 = <not implemented yet for class: org.codehaus.groovy.ast.expr.EmptyExpression>: null

16-10-2024T07:02:08 - [TEST_STEP][PASSED] - ii = <not implemented yet for class: org.codehaus.groovy.ast.expr.EmptyExpression>: null

16-10-2024T07:02:08 - [TEST_STEP][PASSED] - for ([ii = 1, ii < 9, (ii++)]): null

16-10-2024T07:02:08 - [TEST_STEP][PASSED] - i1 = x.indexOf("/") + 1: null

16-10-2024T07:02:08 - [TEST_STEP][PASSED] - if (i1 > -1): null

16-10-2024T07:02:08 - [TEST_STEP][PASSED] - x = x.substring(i1, x.length()): null

16-10-2024T07:02:08 - [TEST_STEP][PASSED] - println(x): null

16-10-2024T07:02:08 - [TEST_STEP][PASSED] - i1 = x.indexOf("/") + 1: null

16-10-2024T07:02:08 - [TEST_STEP][PASSED] - if (i1 > -1): null

16-10-2024T07:02:08 - [TEST_STEP][PASSED] - x = x.substring(i1, x.length()): null

16-10-2024T07:02:08 - [TEST_STEP][PASSED] - println(x): null

16-10-2024T07:02:08 - [TEST_STEP][PASSED] - i1 = x.indexOf("/") + 1: null

16-10-2024T07:02:08 - [TEST_STEP][PASSED] - if (i1 > -1): null

16-10-2024T07:02:08 - [TEST_STEP][PASSED] - x = x.substring(i1, x.length()): null

16-10-2024T07:02:08 - [TEST_STEP][PASSED] - println(x): null

16-10-2024T07:02:08 - [TEST_STEP][PASSED] - i1 = x.indexOf("/") + 1: null

16-10-2024T07:02:08 - [TEST_STEP][PASSED] - if (i1 > -1): null

16-10-2024T07:02:08 - [TEST_STEP][PASSED] - x = x.substring(i1, x.length()): null

16-10-2024T07:02:08 - [TEST_STEP][PASSED] - println(x): null

16-10-2024T07:02:08 - [TEST_STEP][PASSED] - i1 = x.indexOf("/") + 1: null

16-10-2024T07:02:08 - [TEST_STEP][PASSED] - if (i1 > -1): null

16-10-2024T07:02:08 - [TEST_STEP][PASSED] - x = x.substring(i1, x.length()): null

16-10-2024T07:02:08 - [TEST_STEP][PASSED] - println(x): null

16-10-2024T07:02:08 - [TEST_STEP][PASSED] - i1 = x.indexOf("/") + 1: null

16-10-2024T07:02:08 - [TEST_STEP][PASSED] - if (i1 > -1): null

16-10-2024T07:02:08 - [TEST_STEP][PASSED] - x = x.substring(i1, x.length()): null

16-10-2024T07:02:08 - [TEST_STEP][PASSED] - println(x): null

16-10-2024T07:02:08 - [TEST_STEP][PASSED] - i1 = x.indexOf("/") + 1: null

16-10-2024T07:02:08 - [TEST_STEP][PASSED] - if (i1 > -1): null

16-10-2024T07:02:08 - [TEST_STEP][PASSED] - x = x.substring(i1, x.length()): null

16-10-2024T07:02:08 - [TEST_STEP][PASSED] - println(x): null

16-10-2024T07:02:08 - [TEST_STEP][PASSED] - i1 = x.indexOf("/") + 1: null

16-10-2024T07:02:08 - [TEST_STEP][PASSED] - if (i1 > -1): null

16-10-2024T07:02:08 - [TEST_STEP][PASSED] - x = x.substring(i1, x.length()): null

16-10-2024T07:02:08 - [TEST_STEP][PASSED] - println(x): null

16-10-2024T07:02:08 - [TEST_STEP][PASSED] - i1 = x.indexOf("/"): null

16-10-2024T07:02:08 - [TEST_STEP][PASSED] - if (i1 > -1): null

16-10-2024T07:02:08 - [TEST_STEP][PASSED] - x = x.substring(0, i1): null

16-10-2024T07:02:08 - [TEST_STEP][PASSED] - println(x): null

16-10-2024T07:02:08 - [TEST_STEP][PASSED] - return x: null

16-10-2024T07:02:08 - [TEST_STEP][PASSED] - tabB = GetPPlanB(x = b): null

16-10-2024T07:02:08 - [TEST_STEP][PASSED] - i1 = <not implemented yet for class: org.codehaus.groovy.ast.expr.EmptyExpression>: null

16-10-2024T07:02:08 - [TEST_STEP][PASSED] - ii = <not implemented yet for class: org.codehaus.groovy.ast.expr.EmptyExpression>: null

16-10-2024T07:02:08 - [TEST_STEP][PASSED] - for ([ii = 1, ii < 9, (ii++)]): null

16-10-2024T07:02:08 - [TEST_STEP][PASSED] - i1 = x.indexOf("/") + 1: null

16-10-2024T07:02:08 - [TEST_STEP][PASSED] - if (i1 > -1): null

16-10-2024T07:02:08 - [TEST_STEP][PASSED] - x = x.substring(i1, x.length()): null

16-10-2024T07:02:08 - [TEST_STEP][PASSED] - println(x): null

16-10-2024T07:02:08 - [TEST_STEP][PASSED] - i1 = x.indexOf("/") + 1: null

16-10-2024T07:02:08 - [TEST_STEP][PASSED] - if (i1 > -1): null

16-10-2024T07:02:08 - [TEST_STEP][PASSED] - x = x.substring(i1, x.length()): null

16-10-2024T07:02:08 - [TEST_STEP][PASSED] - println(x): null

16-10-2024T07:02:08 - [TEST_STEP][PASSED] - i1 = x.indexOf("/") + 1: null

16-10-2024T07:02:08 - [TEST_STEP][PASSED] - if (i1 > -1): null

16-10-2024T07:02:08 - [TEST_STEP][PASSED] - x = x.substring(i1, x.length()): null

16-10-2024T07:02:08 - [TEST_STEP][PASSED] - println(x): null

16-10-2024T07:02:08 - [TEST_STEP][PASSED] - i1 = x.indexOf("/") + 1: null

16-10-2024T07:02:08 - [TEST_STEP][PASSED] - if (i1 > -1): null

16-10-2024T07:02:08 - [TEST_STEP][PASSED] - x = x.substring(i1, x.length()): null

16-10-2024T07:02:08 - [TEST_STEP][PASSED] - println(x): null

16-10-2024T07:02:08 - [TEST_STEP][PASSED] - i1 = x.indexOf("/") + 1: null

16-10-2024T07:02:08 - [TEST_STEP][PASSED] - if (i1 > -1): null

16-10-2024T07:02:08 - [TEST_STEP][PASSED] - x = x.substring(i1, x.length()): null

16-10-2024T07:02:08 - [TEST_STEP][PASSED] - println(x): null

16-10-2024T07:02:08 - [TEST_STEP][PASSED] - i1 = x.indexOf("/") + 1: null

16-10-2024T07:02:08 - [TEST_STEP][PASSED] - if (i1 > -1): null

16-10-2024T07:02:08 - [TEST_STEP][PASSED] - x = x.substring(i1, x.length()): null

16-10-2024T07:02:08 - [TEST_STEP][PASSED] - println(x): null

16-10-2024T07:02:08 - [TEST_STEP][PASSED] - i1 = x.indexOf("/") + 1: null

16-10-2024T07:02:08 - [TEST_STEP][PASSED] - if (i1 > -1): null

16-10-2024T07:02:08 - [TEST_STEP][PASSED] - x = x.substring(i1, x.length()): null

16-10-2024T07:02:08 - [TEST_STEP][PASSED] - println(x): null

16-10-2024T07:02:08 - [TEST_STEP][PASSED] - i1 = x.indexOf("/") + 1: null

16-10-2024T07:02:08 - [TEST_STEP][PASSED] - if (i1 > -1): null

16-10-2024T07:02:08 - [TEST_STEP][PASSED] - x = x.substring(i1, x.length()): null

16-10-2024T07:02:08 - [TEST_STEP][PASSED] - println(x): null

16-10-2024T07:02:08 - [TEST_STEP][PASSED] - i1 = x.indexOf("/"): null

16-10-2024T07:02:08 - [TEST_STEP][PASSED] - if (i1 > -1): null

16-10-2024T07:02:08 - [TEST_STEP][PASSED] - x = x.substring(0, i1): null

16-10-2024T07:02:08 - [TEST_STEP][PASSED] - println(x): null

16-10-2024T07:02:08 - [TEST_STEP][FAILED] - return x: null

16-10-2024T07:02:08 - [TEST_STEP][PASSED] - println(tabR + "/" + tabB): null

16-10-2024T07:02:08 - [TEST_STEP][FAILED] - if (verifyEqual(PercFactR, PercFactB) == false): null

16-10-2024T07:02:08 - [MESSAGE][FAILED] - Unable to verify equal between actual object 'нет данных' and expected object '5.01' (Root cause: com.kms.katalon.core.exception.StepFailedException: Actual object 'нет данных' and expected object '5.01' are not equal
	at com.kms.katalon.core.keyword.builtin.VerifyEqualKeyword$_verifyEqual_closure1.doCall(VerifyEqualKeyword.groovy:58)
	at com.kms.katalon.core.keyword.builtin.VerifyEqualKeyword$_verifyEqual_closure1.call(VerifyEqualKeyword.groovy)
	at com.kms.katalon.core.keyword.internal.KeywordMain.runKeyword(KeywordMain.groovy:75)
	at com.kms.katalon.core.keyword.builtin.VerifyEqualKeyword.verifyEqual(VerifyEqualKeyword.groovy:63)
	at com.kms.katalon.core.keyword.builtin.VerifyEqualKeyword.execute(VerifyEqualKeyword.groovy:44)
	at com.kms.katalon.core.keyword.internal.KeywordExecutor.executeKeywordForPlatform(KeywordExecutor.groovy:74)
	at com.kms.katalon.core.keyword.BuiltinKeywords.verifyEqual(BuiltinKeywords.groovy:146)
	at jdk.internal.reflect.GeneratedMethodAccessor25.invoke(Unknown Source)
	at java.base/jdk.internal.reflect.DelegatingMethodAccessorImpl.invoke(DelegatingMethodAccessorImpl.java:43)
	at Выполнение бизнес-плана сверка дашбордов.CompareDZOData(Выполнение бизнес-плана сверка дашбордов:771)
	at Выполнение бизнес-плана сверка дашбордов.run(Выполнение бизнес-плана сверка дашбордов:598)
	at com.kms.katalon.core.main.ScriptEngine.run(ScriptEngine.java:194)
	at com.kms.katalon.core.main.ScriptEngine.runScriptAsRawText(ScriptEngine.java:119)
	at com.kms.katalon.core.main.TestCaseExecutor.runScript(TestCaseExecutor.java:448)
	at com.kms.katalon.core.main.TestCaseExecutor.doExecute(TestCaseExecutor.java:439)
	at com.kms.katalon.core.main.TestCaseExecutor.processExecutionPhase(TestCaseExecutor.java:418)
	at com.kms.katalon.core.main.TestCaseExecutor.accessMainPhase(TestCaseExecutor.java:410)
	at com.kms.katalon.core.main.TestCaseExecutor.execute(TestCaseExecutor.java:285)
	at com.kms.katalon.core.common.CommonExecutor.accessTestCaseMainPhase(CommonExecutor.java:65)
	at com.kms.katalon.core.main.TestSuiteExecutor.accessTestSuiteMainPhase(TestSuiteExecutor.java:150)
	at com.kms.katalon.core.main.TestSuiteExecutor.execute(TestSuiteExecutor.java:106)
	at com.kms.katalon.core.main.TestCaseMain.startTestSuite(TestCaseMain.java:180)
	at TempTestSuite1729050801829.run(TempTestSuite1729050801829.groovy:35)
	at java.base/jdk.internal.reflect.NativeMethodAccessorImpl.invoke0(Native Method)
	at java.base/jdk.internal.reflect.NativeMethodAccessorImpl.invoke(NativeMethodAccessorImpl.java:77)
	at java.base/jdk.internal.reflect.DelegatingMethodAccessorImpl.invoke(DelegatingMethodAccessorImpl.java:43)
)

16-10-2024T07:02:08 - [TEST_STEP][PASSED] - result = WriteToExcel(typeOfData, todaysDate, PercPlanR, PercPlanB, PercFactR, PercFactB, x, tabR, tabB, o1R, o1B, vidget): null

16-10-2024T07:02:08 - [TEST_STEP][PASSED] - iii = dZO.indexOf("/"): null

16-10-2024T07:02:08 - [TEST_STEP][PASSED] - println(iii): null

16-10-2024T07:02:08 - [TEST_STEP][PASSED] - dZO = dZO.substring(0, iii): null

16-10-2024T07:02:08 - [TEST_STEP][PASSED] - println(dZO): null

16-10-2024T07:02:08 - [TEST_STEP][PASSED] - println(PercPlanR): null

16-10-2024T07:02:08 - [TEST_STEP][PASSED] - println(PercPlanB): null

16-10-2024T07:02:08 - [TEST_STEP][PASSED] - println(PercFactR): null

16-10-2024T07:02:08 - [TEST_STEP][PASSED] - println(PercFactB): null

16-10-2024T07:02:08 - [TEST_STEP][PASSED] - println(tabR): null

16-10-2024T07:02:08 - [TEST_STEP][PASSED] - println(tabB): null

16-10-2024T07:02:08 - [TEST_STEP][PASSED] - println(o1R): null

16-10-2024T07:02:08 - [TEST_STEP][PASSED] - println(o1B): null

16-10-2024T07:02:08 - [TEST_STEP][PASSED] - PR = <not implemented yet for class: org.codehaus.groovy.ast.expr.EmptyExpression>: null

16-10-2024T07:02:08 - [TEST_STEP][PASSED] - FR = <not implemented yet for class: org.codehaus.groovy.ast.expr.EmptyExpression>: null

16-10-2024T07:02:08 - [TEST_STEP][PASSED] - PB = <not implemented yet for class: org.codehaus.groovy.ast.expr.EmptyExpression>: null

16-10-2024T07:02:08 - [TEST_STEP][PASSED] - FB = <not implemented yet for class: org.codehaus.groovy.ast.expr.EmptyExpression>: null

16-10-2024T07:02:08 - [TEST_STEP][PASSED] - TR = <not implemented yet for class: org.codehaus.groovy.ast.expr.EmptyExpression>: null

16-10-2024T07:02:08 - [TEST_STEP][PASSED] - TB = <not implemented yet for class: org.codehaus.groovy.ast.expr.EmptyExpression>: null

16-10-2024T07:02:08 - [TEST_STEP][PASSED] - sheetName = "Sheet1": null

16-10-2024T07:02:08 - [TEST_STEP][PASSED] - data = findTestData("PlanFact"): null

16-10-2024T07:02:08 - [TEST_STEP][PASSED] - n = data.getRowNumbers() + 1: null

16-10-2024T07:02:08 - [TEST_STEP][PASSED] - year = todaysDate.substring(todaysDate.length() - 4, todaysDate.length()): null

16-10-2024T07:02:08 - [TEST_STEP][PASSED] - y = year.toInteger(): null

16-10-2024T07:02:08 - [TEST_STEP][PASSED] - m = getText(findTestObject("Выполнение бизнес-плана/Выполнение бизнес-плана Балансы/Фильтр Дата")): Text of object 'Object Repository/Выполнение бизнес-плана/Выполнение бизнес-плана Балансы/Фильтр Дата' is: '1, 2 кв., Июль, Август 2024 года'

16-10-2024T07:02:08 - [MESSAGE][PASSED] - Text of object 'Object Repository/Выполнение бизнес-плана/Выполнение бизнес-плана Балансы/Фильтр Дата' is: '1, 2 кв., Июль, Август 2024 года'

16-10-2024T07:02:08 - [TEST_STEP][PASSED] - m = m.substring(0, m.indexOf("2024")): null

16-10-2024T07:02:08 - [TEST_STEP][PASSED] - m = m.trim(): null

16-10-2024T07:02:08 - [TEST_STEP][PASSED] - dashboardName = "Выполнение бизнес-плана": null

16-10-2024T07:02:08 - [TEST_STEP][PASSED] - workbook01 = getWorkbook(excelFilePath): null

16-10-2024T07:02:08 - [TEST_STEP][PASSED] - sheet01 = getExcelSheet(workbook01, sheetName): null

16-10-2024T07:02:08 - [TEST_STEP][PASSED] - setValueToCellByIndex(sheet01, n, 0, dashboardName): null

16-10-2024T07:02:08 - [TEST_STEP][PASSED] - setValueToCellByIndex(sheet01, n, 1, dZO): null

16-10-2024T07:02:08 - [TEST_STEP][PASSED] - setValueToCellByIndex(sheet01, n, 2, typeOfData): null

16-10-2024T07:02:08 - [TEST_STEP][PASSED] - setValueToCellByIndex(sheet01, n, 3, typeOfData): null

16-10-2024T07:02:08 - [TEST_STEP][PASSED] - if (typeOfData == "План"): null

16-10-2024T07:02:08 - [TEST_STEP][PASSED] - else if (typeOfData == "Факт"): null

16-10-2024T07:02:08 - [TEST_STEP][PASSED] - else if (vidget.contains("электроэнергии") == true): null

16-10-2024T07:02:08 - [TEST_STEP][PASSED] - if (tabR == null): null

16-10-2024T07:02:08 - [TEST_STEP][PASSED] - else: null

16-10-2024T07:02:08 - [TEST_STEP][PASSED] - if (tabR == "нет данных"): null

16-10-2024T07:02:08 - [TEST_STEP][PASSED] - setValueToCellByIndex(sheet01, n, 4, "нет данных"): null

16-10-2024T07:02:08 - [TEST_STEP][PASSED] - if (tabB == null): null

16-10-2024T07:02:08 - [TEST_STEP][PASSED] - else: null

16-10-2024T07:02:08 - [TEST_STEP][PASSED] - if (tabB == "нет данных"): null

16-10-2024T07:02:08 - [TEST_STEP][PASSED] - else: null

16-10-2024T07:02:08 - [TEST_STEP][PASSED] - TB = tabB.toInteger(): null

16-10-2024T07:02:08 - [TEST_STEP][PASSED] - setValueToCellByIndex(sheet01, n, 5, TB): null

16-10-2024T07:02:08 - [TEST_STEP][PASSED] - setValueToCellByIndex(sheet01, n, 6, m): null

16-10-2024T07:02:08 - [TEST_STEP][PASSED] - setValueToCellByIndex(sheet01, n, 7, y): null

16-10-2024T07:02:08 - [TEST_STEP][PASSED] - setValueToCellByIndex(sheet01, n, 8, todaysDate): null

16-10-2024T07:02:08 - [TEST_STEP][PASSED] - n = n + 1: null

16-10-2024T07:02:08 - [TEST_STEP][PASSED] - saveWorkbook(excelFilePath, workbook01): null

16-10-2024T07:02:08 - [TEST_STEP][PASSED] - ii2 = a.indexOf("ПАО"): null

16-10-2024T07:02:08 - [TEST_STEP][PASSED] - if (ii2 == -1): null

16-10-2024T07:02:08 - [TEST_STEP][PASSED] - vidget = "Отклонения фактического уровня потерь от бизнес-плана": null

16-10-2024T07:02:08 - [TEST_STEP][PASSED] - typeOfData = "Коэффициент": null

16-10-2024T07:02:08 - [TEST_STEP][PASSED] - o1R = Geto1R(x = a): null

16-10-2024T07:02:08 - [TEST_STEP][PASSED] - i1 = <not implemented yet for class: org.codehaus.groovy.ast.expr.EmptyExpression>: null

16-10-2024T07:02:08 - [TEST_STEP][PASSED] - ii = <not implemented yet for class: org.codehaus.groovy.ast.expr.EmptyExpression>: null

16-10-2024T07:02:08 - [TEST_STEP][PASSED] - for ([ii = 1, ii < 10, (ii++)]): null

16-10-2024T07:02:08 - [TEST_STEP][PASSED] - i1 = x.indexOf("/") + 1: null

16-10-2024T07:02:08 - [TEST_STEP][PASSED] - if (i1 > -1): null

16-10-2024T07:02:08 - [TEST_STEP][PASSED] - x = x.substring(i1, x.length()): null

16-10-2024T07:02:08 - [TEST_STEP][PASSED] - i1 = x.indexOf("/") + 1: null

16-10-2024T07:02:08 - [TEST_STEP][PASSED] - if (i1 > -1): null

16-10-2024T07:02:08 - [TEST_STEP][PASSED] - x = x.substring(i1, x.length()): null

16-10-2024T07:02:08 - [TEST_STEP][PASSED] - i1 = x.indexOf("/") + 1: null

16-10-2024T07:02:08 - [TEST_STEP][PASSED] - if (i1 > -1): null

16-10-2024T07:02:08 - [TEST_STEP][PASSED] - x = x.substring(i1, x.length()): null

16-10-2024T07:02:08 - [TEST_STEP][PASSED] - i1 = x.indexOf("/") + 1: null

16-10-2024T07:02:08 - [TEST_STEP][PASSED] - if (i1 > -1): null

16-10-2024T07:02:08 - [TEST_STEP][PASSED] - x = x.substring(i1, x.length()): null

16-10-2024T07:02:08 - [TEST_STEP][PASSED] - i1 = x.indexOf("/") + 1: null

16-10-2024T07:02:08 - [TEST_STEP][PASSED] - if (i1 > -1): null

16-10-2024T07:02:08 - [TEST_STEP][PASSED] - x = x.substring(i1, x.length()): null

16-10-2024T07:02:08 - [TEST_STEP][PASSED] - i1 = x.indexOf("/") + 1: null

16-10-2024T07:02:08 - [TEST_STEP][PASSED] - if (i1 > -1): null

16-10-2024T07:02:08 - [TEST_STEP][PASSED] - x = x.substring(i1, x.length()): null

16-10-2024T07:02:08 - [TEST_STEP][PASSED] - i1 = x.indexOf("/") + 1: null

16-10-2024T07:02:08 - [TEST_STEP][PASSED] - if (i1 > -1): null

16-10-2024T07:02:08 - [TEST_STEP][PASSED] - x = x.substring(i1, x.length()): null

16-10-2024T07:02:08 - [TEST_STEP][PASSED] - i1 = x.indexOf("/") + 1: null

16-10-2024T07:02:08 - [TEST_STEP][PASSED] - if (i1 > -1): null

16-10-2024T07:02:08 - [TEST_STEP][PASSED] - x = x.substring(i1, x.length()): null

16-10-2024T07:02:08 - [TEST_STEP][PASSED] - i1 = x.indexOf("/") + 1: null

16-10-2024T07:02:08 - [TEST_STEP][PASSED] - if (i1 > -1): null

16-10-2024T07:02:08 - [TEST_STEP][PASSED] - x = x.substring(i1, x.length()): null

16-10-2024T07:02:08 - [TEST_STEP][PASSED] - i1 = x.indexOf("/"): null

16-10-2024T07:02:08 - [TEST_STEP][PASSED] - if (i1 > -1): null

16-10-2024T07:02:08 - [TEST_STEP][PASSED] - println(x): null

16-10-2024T07:02:08 - [TEST_STEP][PASSED] - return x: null

16-10-2024T07:02:08 - [TEST_STEP][PASSED] - o1B = Geto1B(x = b): null

16-10-2024T07:02:08 - [TEST_STEP][PASSED] - i1 = <not implemented yet for class: org.codehaus.groovy.ast.expr.EmptyExpression>: null

16-10-2024T07:02:08 - [TEST_STEP][PASSED] - ii = <not implemented yet for class: org.codehaus.groovy.ast.expr.EmptyExpression>: null

16-10-2024T07:02:08 - [TEST_STEP][PASSED] - for ([ii = 1, ii < 10, (ii++)]): null

16-10-2024T07:02:08 - [TEST_STEP][PASSED] - i1 = x.indexOf("/") + 1: null

16-10-2024T07:02:08 - [TEST_STEP][PASSED] - if (i1 > -1): null

16-10-2024T07:02:08 - [TEST_STEP][PASSED] - x = x.substring(i1, x.length()): null

16-10-2024T07:02:08 - [TEST_STEP][PASSED] - i1 = x.indexOf("/") + 1: null

16-10-2024T07:02:08 - [TEST_STEP][PASSED] - if (i1 > -1): null

16-10-2024T07:02:08 - [TEST_STEP][PASSED] - x = x.substring(i1, x.length()): null

16-10-2024T07:02:08 - [TEST_STEP][PASSED] - i1 = x.indexOf("/") + 1: null

16-10-2024T07:02:08 - [TEST_STEP][PASSED] - if (i1 > -1): null

16-10-2024T07:02:08 - [TEST_STEP][PASSED] - x = x.substring(i1, x.length()): null

16-10-2024T07:02:08 - [TEST_STEP][PASSED] - i1 = x.indexOf("/") + 1: null

16-10-2024T07:02:08 - [TEST_STEP][PASSED] - if (i1 > -1): null

16-10-2024T07:02:08 - [TEST_STEP][PASSED] - x = x.substring(i1, x.length()): null

16-10-2024T07:02:08 - [TEST_STEP][PASSED] - i1 = x.indexOf("/") + 1: null

16-10-2024T07:02:08 - [TEST_STEP][PASSED] - if (i1 > -1): null

16-10-2024T07:02:08 - [TEST_STEP][PASSED] - x = x.substring(i1, x.length()): null

16-10-2024T07:02:08 - [TEST_STEP][PASSED] - i1 = x.indexOf("/") + 1: null

16-10-2024T07:02:08 - [TEST_STEP][PASSED] - if (i1 > -1): null

16-10-2024T07:02:08 - [TEST_STEP][PASSED] - x = x.substring(i1, x.length()): null

16-10-2024T07:02:08 - [TEST_STEP][PASSED] - i1 = x.indexOf("/") + 1: null

16-10-2024T07:02:08 - [TEST_STEP][PASSED] - if (i1 > -1): null

16-10-2024T07:02:08 - [TEST_STEP][PASSED] - x = x.substring(i1, x.length()): null

16-10-2024T07:02:08 - [TEST_STEP][PASSED] - i1 = x.indexOf("/") + 1: null

16-10-2024T07:02:08 - [TEST_STEP][PASSED] - if (i1 > -1): null

16-10-2024T07:02:08 - [TEST_STEP][PASSED] - x = x.substring(i1, x.length()): null

16-10-2024T07:02:08 - [TEST_STEP][PASSED] - i1 = x.indexOf("/") + 1: null

16-10-2024T07:02:08 - [TEST_STEP][PASSED] - if (i1 > -1): null

16-10-2024T07:02:08 - [TEST_STEP][PASSED] - x = x.substring(i1, x.length()): null

16-10-2024T07:02:08 - [TEST_STEP][PASSED] - i1 = x.indexOf("/"): null

16-10-2024T07:02:08 - [TEST_STEP][PASSED] - if (i1 > -1): null

16-10-2024T07:02:08 - [TEST_STEP][PASSED] - println(x): null

16-10-2024T07:02:08 - [TEST_STEP][FAILED] - return x: null

16-10-2024T07:02:08 - [TEST_STEP][PASSED] - println(o1R + "/" + o1B): null

16-10-2024T07:02:08 - [TEST_STEP][FAILED] - if (verifyEqual(PercFactR, PercFactB) == false): null

16-10-2024T07:02:08 - [MESSAGE][FAILED] - Unable to verify equal between actual object 'нет данных' and expected object '5.01' (Root cause: com.kms.katalon.core.exception.StepFailedException: Actual object 'нет данных' and expected object '5.01' are not equal
	at com.kms.katalon.core.keyword.builtin.VerifyEqualKeyword$_verifyEqual_closure1.doCall(VerifyEqualKeyword.groovy:58)
	at com.kms.katalon.core.keyword.builtin.VerifyEqualKeyword$_verifyEqual_closure1.call(VerifyEqualKeyword.groovy)
	at com.kms.katalon.core.keyword.internal.KeywordMain.runKeyword(KeywordMain.groovy:75)
	at com.kms.katalon.core.keyword.builtin.VerifyEqualKeyword.verifyEqual(VerifyEqualKeyword.groovy:63)
	at com.kms.katalon.core.keyword.builtin.VerifyEqualKeyword.execute(VerifyEqualKeyword.groovy:44)
	at com.kms.katalon.core.keyword.internal.KeywordExecutor.executeKeywordForPlatform(KeywordExecutor.groovy:74)
	at com.kms.katalon.core.keyword.BuiltinKeywords.verifyEqual(BuiltinKeywords.groovy:146)
	at jdk.internal.reflect.GeneratedMethodAccessor25.invoke(Unknown Source)
	at java.base/jdk.internal.reflect.DelegatingMethodAccessorImpl.invoke(DelegatingMethodAccessorImpl.java:43)
	at Выполнение бизнес-плана сверка дашбордов.CompareDZOData(Выполнение бизнес-плана сверка дашбордов:789)
	at Выполнение бизнес-плана сверка дашбордов.run(Выполнение бизнес-плана сверка дашбордов:598)
	at com.kms.katalon.core.main.ScriptEngine.run(ScriptEngine.java:194)
	at com.kms.katalon.core.main.ScriptEngine.runScriptAsRawText(ScriptEngine.java:119)
	at com.kms.katalon.core.main.TestCaseExecutor.runScript(TestCaseExecutor.java:448)
	at com.kms.katalon.core.main.TestCaseExecutor.doExecute(TestCaseExecutor.java:439)
	at com.kms.katalon.core.main.TestCaseExecutor.processExecutionPhase(TestCaseExecutor.java:418)
	at com.kms.katalon.core.main.TestCaseExecutor.accessMainPhase(TestCaseExecutor.java:410)
	at com.kms.katalon.core.main.TestCaseExecutor.execute(TestCaseExecutor.java:285)
	at com.kms.katalon.core.common.CommonExecutor.accessTestCaseMainPhase(CommonExecutor.java:65)
	at com.kms.katalon.core.main.TestSuiteExecutor.accessTestSuiteMainPhase(TestSuiteExecutor.java:150)
	at com.kms.katalon.core.main.TestSuiteExecutor.execute(TestSuiteExecutor.java:106)
	at com.kms.katalon.core.main.TestCaseMain.startTestSuite(TestCaseMain.java:180)
	at TempTestSuite1729050801829.run(TempTestSuite1729050801829.groovy:35)
	at java.base/jdk.internal.reflect.NativeMethodAccessorImpl.invoke0(Native Method)
	at java.base/jdk.internal.reflect.NativeMethodAccessorImpl.invoke(NativeMethodAccessorImpl.java:77)
	at java.base/jdk.internal.reflect.DelegatingMethodAccessorImpl.invoke(DelegatingMethodAccessorImpl.java:43)
)

16-10-2024T07:02:08 - [TEST_STEP][PASSED] - result = WriteToExcel(typeOfData, todaysDate, PercPlanR, PercPlanB, PercFactR, PercFactB, x, tabR, tabB, o1R, o1B, vidget): null

16-10-2024T07:02:08 - [TEST_STEP][PASSED] - iii = dZO.indexOf("/"): null

16-10-2024T07:02:08 - [TEST_STEP][PASSED] - println(iii): null

16-10-2024T07:02:08 - [TEST_STEP][PASSED] - dZO = dZO.substring(0, iii): null

16-10-2024T07:02:08 - [TEST_STEP][PASSED] - println(dZO): null

16-10-2024T07:02:08 - [TEST_STEP][PASSED] - println(PercPlanR): null

16-10-2024T07:02:08 - [TEST_STEP][PASSED] - println(PercPlanB): null

16-10-2024T07:02:08 - [TEST_STEP][PASSED] - println(PercFactR): null

16-10-2024T07:02:08 - [TEST_STEP][PASSED] - println(PercFactB): null

16-10-2024T07:02:08 - [TEST_STEP][PASSED] - println(tabR): null

16-10-2024T07:02:08 - [TEST_STEP][PASSED] - println(tabB): null

16-10-2024T07:02:08 - [TEST_STEP][PASSED] - println(o1R): null

16-10-2024T07:02:08 - [TEST_STEP][PASSED] - println(o1B): null

16-10-2024T07:02:08 - [TEST_STEP][PASSED] - PR = <not implemented yet for class: org.codehaus.groovy.ast.expr.EmptyExpression>: null

16-10-2024T07:02:08 - [TEST_STEP][PASSED] - FR = <not implemented yet for class: org.codehaus.groovy.ast.expr.EmptyExpression>: null

16-10-2024T07:02:08 - [TEST_STEP][PASSED] - PB = <not implemented yet for class: org.codehaus.groovy.ast.expr.EmptyExpression>: null

16-10-2024T07:02:08 - [TEST_STEP][PASSED] - FB = <not implemented yet for class: org.codehaus.groovy.ast.expr.EmptyExpression>: null

16-10-2024T07:02:08 - [TEST_STEP][PASSED] - TR = <not implemented yet for class: org.codehaus.groovy.ast.expr.EmptyExpression>: null

16-10-2024T07:02:08 - [TEST_STEP][PASSED] - TB = <not implemented yet for class: org.codehaus.groovy.ast.expr.EmptyExpression>: null

16-10-2024T07:02:08 - [TEST_STEP][PASSED] - sheetName = "Sheet1": null

16-10-2024T07:02:08 - [TEST_STEP][PASSED] - data = findTestData("PlanFact"): null

16-10-2024T07:02:09 - [TEST_STEP][PASSED] - n = data.getRowNumbers() + 1: null

16-10-2024T07:02:09 - [TEST_STEP][PASSED] - year = todaysDate.substring(todaysDate.length() - 4, todaysDate.length()): null

16-10-2024T07:02:09 - [TEST_STEP][PASSED] - y = year.toInteger(): null

16-10-2024T07:02:09 - [TEST_STEP][PASSED] - m = getText(findTestObject("Выполнение бизнес-плана/Выполнение бизнес-плана Балансы/Фильтр Дата")): Text of object 'Object Repository/Выполнение бизнес-плана/Выполнение бизнес-плана Балансы/Фильтр Дата' is: '1, 2 кв., Июль, Август 2024 года'

16-10-2024T07:02:09 - [MESSAGE][PASSED] - Text of object 'Object Repository/Выполнение бизнес-плана/Выполнение бизнес-плана Балансы/Фильтр Дата' is: '1, 2 кв., Июль, Август 2024 года'

16-10-2024T07:02:09 - [TEST_STEP][PASSED] - m = m.substring(0, m.indexOf("2024")): null

16-10-2024T07:02:09 - [TEST_STEP][PASSED] - m = m.trim(): null

16-10-2024T07:02:09 - [TEST_STEP][PASSED] - dashboardName = "Выполнение бизнес-плана": null

16-10-2024T07:02:09 - [TEST_STEP][PASSED] - workbook01 = getWorkbook(excelFilePath): null

16-10-2024T07:02:09 - [TEST_STEP][PASSED] - sheet01 = getExcelSheet(workbook01, sheetName): null

16-10-2024T07:02:09 - [TEST_STEP][PASSED] - setValueToCellByIndex(sheet01, n, 0, dashboardName): null

16-10-2024T07:02:09 - [TEST_STEP][PASSED] - setValueToCellByIndex(sheet01, n, 1, dZO): null

16-10-2024T07:02:09 - [TEST_STEP][PASSED] - setValueToCellByIndex(sheet01, n, 2, typeOfData): null

16-10-2024T07:02:09 - [TEST_STEP][PASSED] - setValueToCellByIndex(sheet01, n, 3, typeOfData): null

16-10-2024T07:02:09 - [TEST_STEP][PASSED] - if (typeOfData == "План"): null

16-10-2024T07:02:09 - [TEST_STEP][PASSED] - else if (typeOfData == "Факт"): null

16-10-2024T07:02:09 - [TEST_STEP][PASSED] - else if (vidget.contains("электроэнергии") == true): null

16-10-2024T07:02:09 - [TEST_STEP][PASSED] - else: null

16-10-2024T07:02:09 - [TEST_STEP][PASSED] - if (o1R == null): null

16-10-2024T07:02:09 - [TEST_STEP][PASSED] - else: null

16-10-2024T07:02:09 - [TEST_STEP][PASSED] - if (o1R == "нет данных"): null

16-10-2024T07:02:09 - [TEST_STEP][PASSED] - setValueToCellByIndex(sheet01, n, 4, "нет данных"): null

16-10-2024T07:02:09 - [TEST_STEP][PASSED] - if (o1B == null): null

16-10-2024T07:02:09 - [TEST_STEP][PASSED] - else: null

16-10-2024T07:02:09 - [TEST_STEP][PASSED] - if (o1B == "нет данных"): null

16-10-2024T07:02:09 - [TEST_STEP][PASSED] - else: null

16-10-2024T07:02:09 - [TEST_STEP][PASSED] - FB = o1B.toDouble(): null

16-10-2024T07:02:09 - [TEST_STEP][PASSED] - setValueToCellByIndex(sheet01, n, 5, FB): null

16-10-2024T07:02:09 - [TEST_STEP][PASSED] - setValueToCellByIndex(sheet01, n, 6, m): null

16-10-2024T07:02:09 - [TEST_STEP][PASSED] - setValueToCellByIndex(sheet01, n, 7, y): null

16-10-2024T07:02:09 - [TEST_STEP][PASSED] - setValueToCellByIndex(sheet01, n, 8, todaysDate): null

16-10-2024T07:02:09 - [TEST_STEP][PASSED] - n = n + 1: null

16-10-2024T07:02:09 - [TEST_STEP][FAILED] - saveWorkbook(excelFilePath, workbook01): null

16-10-2024T07:02:09 - [TEST_STEP][FAILED] - if (verifyEqual(kR, kB) == false): null

16-10-2024T07:02:09 - [MESSAGE][FAILED] - Unable to verify equal between actual object 'Россети Кубань/нет данных/нет данных/нет данных/нет данных/нет данных/нет данных/нет данных/нет данных/нет данных' and expected object 'Россети Кубань/9.22/8.68/19209232/17541196/1668036/18442019/16742025/1699994/-0.53' (Root cause: com.kms.katalon.core.exception.StepFailedException: Actual object 'Россети Кубань/нет данных/нет данных/нет данных/нет данных/нет данных/нет данных/нет данных/нет данных/нет данных' and expected object 'Россети Кубань/9.22/8.68/19209232/17541196/1668036/18442019/16742025/1699994/-0.53' are not equal
	at com.kms.katalon.core.keyword.builtin.VerifyEqualKeyword$_verifyEqual_closure1.doCall(VerifyEqualKeyword.groovy:58)
	at com.kms.katalon.core.keyword.builtin.VerifyEqualKeyword$_verifyEqual_closure1.call(VerifyEqualKeyword.groovy)
	at com.kms.katalon.core.keyword.internal.KeywordMain.runKeyword(KeywordMain.groovy:75)
	at com.kms.katalon.core.keyword.builtin.VerifyEqualKeyword.verifyEqual(VerifyEqualKeyword.groovy:63)
	at com.kms.katalon.core.keyword.builtin.VerifyEqualKeyword.execute(VerifyEqualKeyword.groovy:44)
	at com.kms.katalon.core.keyword.internal.KeywordExecutor.executeKeywordForPlatform(KeywordExecutor.groovy:74)
	at com.kms.katalon.core.keyword.BuiltinKeywords.verifyEqual(BuiltinKeywords.groovy:146)
	at jdk.internal.reflect.GeneratedMethodAccessor25.invoke(Unknown Source)
	at java.base/jdk.internal.reflect.DelegatingMethodAccessorImpl.invoke(DelegatingMethodAccessorImpl.java:43)
	at Выполнение бизнес-плана сверка дашбордов.run(Выполнение бизнес-плана сверка дашбордов:602)
	at com.kms.katalon.core.main.ScriptEngine.run(ScriptEngine.java:194)
	at com.kms.katalon.core.main.ScriptEngine.runScriptAsRawText(ScriptEngine.java:119)
	at com.kms.katalon.core.main.TestCaseExecutor.runScript(TestCaseExecutor.java:448)
	at com.kms.katalon.core.main.TestCaseExecutor.doExecute(TestCaseExecutor.java:439)
	at com.kms.katalon.core.main.TestCaseExecutor.processExecutionPhase(TestCaseExecutor.java:418)
	at com.kms.katalon.core.main.TestCaseExecutor.accessMainPhase(TestCaseExecutor.java:410)
	at com.kms.katalon.core.main.TestCaseExecutor.execute(TestCaseExecutor.java:285)
	at com.kms.katalon.core.common.CommonExecutor.accessTestCaseMainPhase(CommonExecutor.java:65)
	at com.kms.katalon.core.main.TestSuiteExecutor.accessTestSuiteMainPhase(TestSuiteExecutor.java:150)
	at com.kms.katalon.core.main.TestSuiteExecutor.execute(TestSuiteExecutor.java:106)
	at com.kms.katalon.core.main.TestCaseMain.startTestSuite(TestCaseMain.java:180)
	at TempTestSuite1729050801829.run(TempTestSuite1729050801829.groovy:35)
	at java.base/jdk.internal.reflect.NativeMethodAccessorImpl.invoke0(Native Method)
	at java.base/jdk.internal.reflect.NativeMethodAccessorImpl.invoke(NativeMethodAccessorImpl.java:77)
	at java.base/jdk.internal.reflect.DelegatingMethodAccessorImpl.invoke(DelegatingMethodAccessorImpl.java:43)
)

16-10-2024T07:02:09 - [TEST_STEP][PASSED] - result = CompareDZOData(a = kR, b = kB, dZO, typeOfData, PercPlanR, PercPlanB, PercFactR, PercFactB, todaysDate, x, vidget, tabR, tabB, o1R, o1B): null

16-10-2024T07:02:09 - [TEST_STEP][PASSED] - ii2 = <not implemented yet for class: org.codehaus.groovy.ast.expr.EmptyExpression>: null

16-10-2024T07:02:09 - [TEST_STEP][FAILED] - if (verifyEqual(a, b) == false): null

16-10-2024T07:02:09 - [MESSAGE][FAILED] - Unable to verify equal between actual object 'Россети Кубань/нет данных/нет данных/нет данных/нет данных/нет данных/нет данных/нет данных/нет данных/нет данных' and expected object 'Россети Кубань/9.22/8.68/19209232/17541196/1668036/18442019/16742025/1699994/-0.53' (Root cause: com.kms.katalon.core.exception.StepFailedException: Actual object 'Россети Кубань/нет данных/нет данных/нет данных/нет данных/нет данных/нет данных/нет данных/нет данных/нет данных' and expected object 'Россети Кубань/9.22/8.68/19209232/17541196/1668036/18442019/16742025/1699994/-0.53' are not equal
	at com.kms.katalon.core.keyword.builtin.VerifyEqualKeyword$_verifyEqual_closure1.doCall(VerifyEqualKeyword.groovy:58)
	at com.kms.katalon.core.keyword.builtin.VerifyEqualKeyword$_verifyEqual_closure1.call(VerifyEqualKeyword.groovy)
	at com.kms.katalon.core.keyword.internal.KeywordMain.runKeyword(KeywordMain.groovy:75)
	at com.kms.katalon.core.keyword.builtin.VerifyEqualKeyword.verifyEqual(VerifyEqualKeyword.groovy:63)
	at com.kms.katalon.core.keyword.builtin.VerifyEqualKeyword.execute(VerifyEqualKeyword.groovy:44)
	at com.kms.katalon.core.keyword.internal.KeywordExecutor.executeKeywordForPlatform(KeywordExecutor.groovy:74)
	at com.kms.katalon.core.keyword.BuiltinKeywords.verifyEqual(BuiltinKeywords.groovy:146)
	at jdk.internal.reflect.GeneratedMethodAccessor25.invoke(Unknown Source)
	at java.base/jdk.internal.reflect.DelegatingMethodAccessorImpl.invoke(DelegatingMethodAccessorImpl.java:43)
	at Выполнение бизнес-плана сверка дашбордов.CompareDZOData(Выполнение бизнес-плана сверка дашбордов:673)
	at Выполнение бизнес-плана сверка дашбордов.run(Выполнение бизнес-плана сверка дашбордов:603)
	at com.kms.katalon.core.main.ScriptEngine.run(ScriptEngine.java:194)
	at com.kms.katalon.core.main.ScriptEngine.runScriptAsRawText(ScriptEngine.java:119)
	at com.kms.katalon.core.main.TestCaseExecutor.runScript(TestCaseExecutor.java:448)
	at com.kms.katalon.core.main.TestCaseExecutor.doExecute(TestCaseExecutor.java:439)
	at com.kms.katalon.core.main.TestCaseExecutor.processExecutionPhase(TestCaseExecutor.java:418)
	at com.kms.katalon.core.main.TestCaseExecutor.accessMainPhase(TestCaseExecutor.java:410)
	at com.kms.katalon.core.main.TestCaseExecutor.execute(TestCaseExecutor.java:285)
	at com.kms.katalon.core.common.CommonExecutor.accessTestCaseMainPhase(CommonExecutor.java:65)
	at com.kms.katalon.core.main.TestSuiteExecutor.accessTestSuiteMainPhase(TestSuiteExecutor.java:150)
	at com.kms.katalon.core.main.TestSuiteExecutor.execute(TestSuiteExecutor.java:106)
	at com.kms.katalon.core.main.TestCaseMain.startTestSuite(TestCaseMain.java:180)
	at TempTestSuite1729050801829.run(TempTestSuite1729050801829.groovy:35)
	at java.base/jdk.internal.reflect.NativeMethodAccessorImpl.invoke0(Native Method)
	at java.base/jdk.internal.reflect.NativeMethodAccessorImpl.invoke(NativeMethodAccessorImpl.java:77)
	at java.base/jdk.internal.reflect.DelegatingMethodAccessorImpl.invoke(DelegatingMethodAccessorImpl.java:43)
)

16-10-2024T07:02:09 - [TEST_STEP][PASSED] - vidget = "Уровень потерь электроэнергии": null

16-10-2024T07:02:09 - [TEST_STEP][PASSED] - typeOfData = "План": null

16-10-2024T07:02:09 - [TEST_STEP][PASSED] - PercPlanR = GetPercPlanR(x = a): null

16-10-2024T07:02:09 - [TEST_STEP][PASSED] - i1 = <not implemented yet for class: org.codehaus.groovy.ast.expr.EmptyExpression>: null

16-10-2024T07:02:09 - [TEST_STEP][PASSED] - i1 = x.indexOf("/") + 1: null

16-10-2024T07:02:09 - [TEST_STEP][PASSED] - if (i1 > -1): null

16-10-2024T07:02:09 - [TEST_STEP][PASSED] - x = x.substring(i1, x.length()): null

16-10-2024T07:02:09 - [TEST_STEP][PASSED] - i1 = x.indexOf("/"): null

16-10-2024T07:02:09 - [TEST_STEP][PASSED] - if (i1 > -1): null

16-10-2024T07:02:09 - [TEST_STEP][PASSED] - x = x.substring(0, i1): null

16-10-2024T07:02:09 - [TEST_STEP][PASSED] - return x: null

16-10-2024T07:02:09 - [TEST_STEP][PASSED] - PercPlanB = GetPercPlanB(x = b): null

16-10-2024T07:02:09 - [TEST_STEP][PASSED] - i1 = <not implemented yet for class: org.codehaus.groovy.ast.expr.EmptyExpression>: null

16-10-2024T07:02:09 - [TEST_STEP][PASSED] - i1 = x.indexOf("/") + 1: null

16-10-2024T07:02:09 - [TEST_STEP][PASSED] - if (i1 > -1): null

16-10-2024T07:02:09 - [TEST_STEP][PASSED] - x = x.substring(i1, x.length()): null

16-10-2024T07:02:09 - [TEST_STEP][PASSED] - i1 = x.indexOf("/"): null

16-10-2024T07:02:09 - [TEST_STEP][PASSED] - if (i1 > -1): null

16-10-2024T07:02:09 - [TEST_STEP][PASSED] - x = x.substring(0, i1): null

16-10-2024T07:02:09 - [TEST_STEP][FAILED] - return x: null

16-10-2024T07:02:09 - [TEST_STEP][FAILED] - if (verifyEqual(PercPlanR, PercPlanB) == false): null

16-10-2024T07:02:09 - [MESSAGE][FAILED] - Unable to verify equal between actual object 'нет данных' and expected object '9.22' (Root cause: com.kms.katalon.core.exception.StepFailedException: Actual object 'нет данных' and expected object '9.22' are not equal
	at com.kms.katalon.core.keyword.builtin.VerifyEqualKeyword$_verifyEqual_closure1.doCall(VerifyEqualKeyword.groovy:58)
	at com.kms.katalon.core.keyword.builtin.VerifyEqualKeyword$_verifyEqual_closure1.call(VerifyEqualKeyword.groovy)
	at com.kms.katalon.core.keyword.internal.KeywordMain.runKeyword(KeywordMain.groovy:75)
	at com.kms.katalon.core.keyword.builtin.VerifyEqualKeyword.verifyEqual(VerifyEqualKeyword.groovy:63)
	at com.kms.katalon.core.keyword.builtin.VerifyEqualKeyword.execute(VerifyEqualKeyword.groovy:44)
	at com.kms.katalon.core.keyword.internal.KeywordExecutor.executeKeywordForPlatform(KeywordExecutor.groovy:74)
	at com.kms.katalon.core.keyword.BuiltinKeywords.verifyEqual(BuiltinKeywords.groovy:146)
	at jdk.internal.reflect.GeneratedMethodAccessor25.invoke(Unknown Source)
	at java.base/jdk.internal.reflect.DelegatingMethodAccessorImpl.invoke(DelegatingMethodAccessorImpl.java:43)
	at Выполнение бизнес-плана сверка дашбордов.CompareDZOData(Выполнение бизнес-плана сверка дашбордов:682)
	at Выполнение бизнес-плана сверка дашбордов.run(Выполнение бизнес-плана сверка дашбордов:603)
	at com.kms.katalon.core.main.ScriptEngine.run(ScriptEngine.java:194)
	at com.kms.katalon.core.main.ScriptEngine.runScriptAsRawText(ScriptEngine.java:119)
	at com.kms.katalon.core.main.TestCaseExecutor.runScript(TestCaseExecutor.java:448)
	at com.kms.katalon.core.main.TestCaseExecutor.doExecute(TestCaseExecutor.java:439)
	at com.kms.katalon.core.main.TestCaseExecutor.processExecutionPhase(TestCaseExecutor.java:418)
	at com.kms.katalon.core.main.TestCaseExecutor.accessMainPhase(TestCaseExecutor.java:410)
	at com.kms.katalon.core.main.TestCaseExecutor.execute(TestCaseExecutor.java:285)
	at com.kms.katalon.core.common.CommonExecutor.accessTestCaseMainPhase(CommonExecutor.java:65)
	at com.kms.katalon.core.main.TestSuiteExecutor.accessTestSuiteMainPhase(TestSuiteExecutor.java:150)
	at com.kms.katalon.core.main.TestSuiteExecutor.execute(TestSuiteExecutor.java:106)
	at com.kms.katalon.core.main.TestCaseMain.startTestSuite(TestCaseMain.java:180)
	at TempTestSuite1729050801829.run(TempTestSuite1729050801829.groovy:35)
	at java.base/jdk.internal.reflect.NativeMethodAccessorImpl.invoke0(Native Method)
	at java.base/jdk.internal.reflect.NativeMethodAccessorImpl.invoke(NativeMethodAccessorImpl.java:77)
	at java.base/jdk.internal.reflect.DelegatingMethodAccessorImpl.invoke(DelegatingMethodAccessorImpl.java:43)
)

16-10-2024T07:02:09 - [TEST_STEP][PASSED] - result = WriteToExcel(typeOfData, todaysDate, PercPlanR, PercPlanB, PercFactR, PercFactB, x, tabR, tabB, o1R, o1B, vidget): null

16-10-2024T07:02:09 - [TEST_STEP][PASSED] - iii = dZO.indexOf("/"): null

16-10-2024T07:02:09 - [TEST_STEP][PASSED] - println(iii): null

16-10-2024T07:02:09 - [TEST_STEP][PASSED] - dZO = dZO.substring(0, iii): null

16-10-2024T07:02:09 - [TEST_STEP][PASSED] - println(dZO): null

16-10-2024T07:02:09 - [TEST_STEP][PASSED] - println(PercPlanR): null

16-10-2024T07:02:09 - [TEST_STEP][PASSED] - println(PercPlanB): null

16-10-2024T07:02:09 - [TEST_STEP][PASSED] - println(PercFactR): null

16-10-2024T07:02:09 - [TEST_STEP][PASSED] - println(PercFactB): null

16-10-2024T07:02:09 - [TEST_STEP][PASSED] - println(tabR): null

16-10-2024T07:02:09 - [TEST_STEP][PASSED] - println(tabB): null

16-10-2024T07:02:09 - [TEST_STEP][PASSED] - println(o1R): null

16-10-2024T07:02:09 - [TEST_STEP][PASSED] - println(o1B): null

16-10-2024T07:02:09 - [TEST_STEP][PASSED] - PR = <not implemented yet for class: org.codehaus.groovy.ast.expr.EmptyExpression>: null

16-10-2024T07:02:09 - [TEST_STEP][PASSED] - FR = <not implemented yet for class: org.codehaus.groovy.ast.expr.EmptyExpression>: null

16-10-2024T07:02:09 - [TEST_STEP][PASSED] - PB = <not implemented yet for class: org.codehaus.groovy.ast.expr.EmptyExpression>: null

16-10-2024T07:02:09 - [TEST_STEP][PASSED] - FB = <not implemented yet for class: org.codehaus.groovy.ast.expr.EmptyExpression>: null

16-10-2024T07:02:09 - [TEST_STEP][PASSED] - TR = <not implemented yet for class: org.codehaus.groovy.ast.expr.EmptyExpression>: null

16-10-2024T07:02:09 - [TEST_STEP][PASSED] - TB = <not implemented yet for class: org.codehaus.groovy.ast.expr.EmptyExpression>: null

16-10-2024T07:02:09 - [TEST_STEP][PASSED] - sheetName = "Sheet1": null

16-10-2024T07:02:09 - [TEST_STEP][PASSED] - data = findTestData("PlanFact"): null

16-10-2024T07:02:09 - [TEST_STEP][PASSED] - n = data.getRowNumbers() + 1: null

16-10-2024T07:02:09 - [TEST_STEP][PASSED] - year = todaysDate.substring(todaysDate.length() - 4, todaysDate.length()): null

16-10-2024T07:02:09 - [TEST_STEP][PASSED] - y = year.toInteger(): null

16-10-2024T07:02:09 - [TEST_STEP][PASSED] - m = getText(findTestObject("Выполнение бизнес-плана/Выполнение бизнес-плана Балансы/Фильтр Дата")): Text of object 'Object Repository/Выполнение бизнес-плана/Выполнение бизнес-плана Балансы/Фильтр Дата' is: '1, 2 кв., Июль, Август 2024 года'

16-10-2024T07:02:10 - [MESSAGE][PASSED] - Text of object 'Object Repository/Выполнение бизнес-плана/Выполнение бизнес-плана Балансы/Фильтр Дата' is: '1, 2 кв., Июль, Август 2024 года'

16-10-2024T07:02:10 - [TEST_STEP][PASSED] - m = m.substring(0, m.indexOf("2024")): null

16-10-2024T07:02:10 - [TEST_STEP][PASSED] - m = m.trim(): null

16-10-2024T07:02:10 - [TEST_STEP][PASSED] - dashboardName = "Выполнение бизнес-плана": null

16-10-2024T07:02:10 - [TEST_STEP][PASSED] - workbook01 = getWorkbook(excelFilePath): null

16-10-2024T07:02:10 - [TEST_STEP][PASSED] - sheet01 = getExcelSheet(workbook01, sheetName): null

16-10-2024T07:02:10 - [TEST_STEP][PASSED] - setValueToCellByIndex(sheet01, n, 0, dashboardName): null

16-10-2024T07:02:10 - [TEST_STEP][PASSED] - setValueToCellByIndex(sheet01, n, 1, dZO): null

16-10-2024T07:02:10 - [TEST_STEP][PASSED] - setValueToCellByIndex(sheet01, n, 2, typeOfData): null

16-10-2024T07:02:10 - [TEST_STEP][PASSED] - setValueToCellByIndex(sheet01, n, 3, typeOfData): null

16-10-2024T07:02:10 - [TEST_STEP][PASSED] - if (typeOfData == "План"): null

16-10-2024T07:02:10 - [TEST_STEP][PASSED] - if (PercPlanR == null): null

16-10-2024T07:02:10 - [TEST_STEP][PASSED] - else: null

16-10-2024T07:02:10 - [TEST_STEP][PASSED] - if (PercPlanR == "нет данных"): null

16-10-2024T07:02:10 - [TEST_STEP][PASSED] - setValueToCellByIndex(sheet01, n, 4, "нет данных"): null

16-10-2024T07:02:10 - [TEST_STEP][PASSED] - if (PercPlanB == null): null

16-10-2024T07:02:10 - [TEST_STEP][PASSED] - else: null

16-10-2024T07:02:10 - [TEST_STEP][PASSED] - if (PercPlanB == "нет данных"): null

16-10-2024T07:02:10 - [TEST_STEP][PASSED] - else: null

16-10-2024T07:02:10 - [TEST_STEP][PASSED] - PB = PercPlanB.toDouble(): null

16-10-2024T07:02:10 - [TEST_STEP][PASSED] - setValueToCellByIndex(sheet01, n, 5, PB): null

16-10-2024T07:02:10 - [TEST_STEP][PASSED] - setValueToCellByIndex(sheet01, n, 6, m): null

16-10-2024T07:02:10 - [TEST_STEP][PASSED] - setValueToCellByIndex(sheet01, n, 7, y): null

16-10-2024T07:02:10 - [TEST_STEP][PASSED] - setValueToCellByIndex(sheet01, n, 8, todaysDate): null

16-10-2024T07:02:10 - [TEST_STEP][PASSED] - n = n + 1: null

16-10-2024T07:02:10 - [TEST_STEP][PASSED] - saveWorkbook(excelFilePath, workbook01): null

16-10-2024T07:02:10 - [TEST_STEP][PASSED] - typeOfData = "Факт": null

16-10-2024T07:02:10 - [TEST_STEP][PASSED] - PercFactR = GetPercFactR(x = a): null

16-10-2024T07:02:10 - [TEST_STEP][PASSED] - i1 = <not implemented yet for class: org.codehaus.groovy.ast.expr.EmptyExpression>: null

16-10-2024T07:02:10 - [TEST_STEP][PASSED] - ii = <not implemented yet for class: org.codehaus.groovy.ast.expr.EmptyExpression>: null

16-10-2024T07:02:10 - [TEST_STEP][PASSED] - for ([ii = 1, ii < 3, (ii++)]): null

16-10-2024T07:02:10 - [TEST_STEP][PASSED] - i1 = x.indexOf("/") + 1: null

16-10-2024T07:02:10 - [TEST_STEP][PASSED] - if (i1 > -1): null

16-10-2024T07:02:10 - [TEST_STEP][PASSED] - x = x.substring(i1, x.length()): null

16-10-2024T07:02:10 - [TEST_STEP][PASSED] - println(x): null

16-10-2024T07:02:10 - [TEST_STEP][PASSED] - i1 = x.indexOf("/") + 1: null

16-10-2024T07:02:10 - [TEST_STEP][PASSED] - if (i1 > -1): null

16-10-2024T07:02:10 - [TEST_STEP][PASSED] - x = x.substring(i1, x.length()): null

16-10-2024T07:02:10 - [TEST_STEP][PASSED] - println(x): null

16-10-2024T07:02:10 - [TEST_STEP][PASSED] - i1 = x.indexOf("/"): null

16-10-2024T07:02:10 - [TEST_STEP][PASSED] - if (i1 > -1): null

16-10-2024T07:02:10 - [TEST_STEP][PASSED] - x = x.substring(0, i1): null

16-10-2024T07:02:10 - [TEST_STEP][PASSED] - println(x): null

16-10-2024T07:02:10 - [TEST_STEP][PASSED] - return x: null

16-10-2024T07:02:10 - [TEST_STEP][PASSED] - PercFactB = GetPercFactB(x = b): null

16-10-2024T07:02:10 - [TEST_STEP][PASSED] - i1 = <not implemented yet for class: org.codehaus.groovy.ast.expr.EmptyExpression>: null

16-10-2024T07:02:10 - [TEST_STEP][PASSED] - ii = <not implemented yet for class: org.codehaus.groovy.ast.expr.EmptyExpression>: null

16-10-2024T07:02:10 - [TEST_STEP][PASSED] - for ([ii = 1, ii < 3, (ii++)]): null

16-10-2024T07:02:10 - [TEST_STEP][PASSED] - i1 = x.indexOf("/") + 1: null

16-10-2024T07:02:10 - [TEST_STEP][PASSED] - if (i1 > -1): null

16-10-2024T07:02:10 - [TEST_STEP][PASSED] - x = x.substring(i1, x.length()): null

16-10-2024T07:02:10 - [TEST_STEP][PASSED] - println(x): null

16-10-2024T07:02:10 - [TEST_STEP][PASSED] - i1 = x.indexOf("/") + 1: null

16-10-2024T07:02:10 - [TEST_STEP][PASSED] - if (i1 > -1): null

16-10-2024T07:02:10 - [TEST_STEP][PASSED] - x = x.substring(i1, x.length()): null

16-10-2024T07:02:10 - [TEST_STEP][PASSED] - println(x): null

16-10-2024T07:02:10 - [TEST_STEP][PASSED] - i1 = x.indexOf("/"): null

16-10-2024T07:02:10 - [TEST_STEP][PASSED] - if (i1 > -1): null

16-10-2024T07:02:10 - [TEST_STEP][PASSED] - x = x.substring(0, i1): null

16-10-2024T07:02:10 - [TEST_STEP][PASSED] - println(x): null

16-10-2024T07:02:10 - [TEST_STEP][FAILED] - return x: null

16-10-2024T07:02:10 - [TEST_STEP][FAILED] - if (verifyEqual(PercFactR, PercFactB) == false): null

16-10-2024T07:02:10 - [MESSAGE][FAILED] - Unable to verify equal between actual object 'нет данных' and expected object '8.68' (Root cause: com.kms.katalon.core.exception.StepFailedException: Actual object 'нет данных' and expected object '8.68' are not equal
	at com.kms.katalon.core.keyword.builtin.VerifyEqualKeyword$_verifyEqual_closure1.doCall(VerifyEqualKeyword.groovy:58)
	at com.kms.katalon.core.keyword.builtin.VerifyEqualKeyword$_verifyEqual_closure1.call(VerifyEqualKeyword.groovy)
	at com.kms.katalon.core.keyword.internal.KeywordMain.runKeyword(KeywordMain.groovy:75)
	at com.kms.katalon.core.keyword.builtin.VerifyEqualKeyword.verifyEqual(VerifyEqualKeyword.groovy:63)
	at com.kms.katalon.core.keyword.builtin.VerifyEqualKeyword.execute(VerifyEqualKeyword.groovy:44)
	at com.kms.katalon.core.keyword.internal.KeywordExecutor.executeKeywordForPlatform(KeywordExecutor.groovy:74)
	at com.kms.katalon.core.keyword.BuiltinKeywords.verifyEqual(BuiltinKeywords.groovy:146)
	at jdk.internal.reflect.GeneratedMethodAccessor25.invoke(Unknown Source)
	at java.base/jdk.internal.reflect.DelegatingMethodAccessorImpl.invoke(DelegatingMethodAccessorImpl.java:43)
	at Выполнение бизнес-плана сверка дашбордов.CompareDZOData(Выполнение бизнес-плана сверка дашбордов:693)
	at Выполнение бизнес-плана сверка дашбордов.run(Выполнение бизнес-плана сверка дашбордов:603)
	at com.kms.katalon.core.main.ScriptEngine.run(ScriptEngine.java:194)
	at com.kms.katalon.core.main.ScriptEngine.runScriptAsRawText(ScriptEngine.java:119)
	at com.kms.katalon.core.main.TestCaseExecutor.runScript(TestCaseExecutor.java:448)
	at com.kms.katalon.core.main.TestCaseExecutor.doExecute(TestCaseExecutor.java:439)
	at com.kms.katalon.core.main.TestCaseExecutor.processExecutionPhase(TestCaseExecutor.java:418)
	at com.kms.katalon.core.main.TestCaseExecutor.accessMainPhase(TestCaseExecutor.java:410)
	at com.kms.katalon.core.main.TestCaseExecutor.execute(TestCaseExecutor.java:285)
	at com.kms.katalon.core.common.CommonExecutor.accessTestCaseMainPhase(CommonExecutor.java:65)
	at com.kms.katalon.core.main.TestSuiteExecutor.accessTestSuiteMainPhase(TestSuiteExecutor.java:150)
	at com.kms.katalon.core.main.TestSuiteExecutor.execute(TestSuiteExecutor.java:106)
	at com.kms.katalon.core.main.TestCaseMain.startTestSuite(TestCaseMain.java:180)
	at TempTestSuite1729050801829.run(TempTestSuite1729050801829.groovy:35)
	at java.base/jdk.internal.reflect.NativeMethodAccessorImpl.invoke0(Native Method)
	at java.base/jdk.internal.reflect.NativeMethodAccessorImpl.invoke(NativeMethodAccessorImpl.java:77)
	at java.base/jdk.internal.reflect.DelegatingMethodAccessorImpl.invoke(DelegatingMethodAccessorImpl.java:43)
)

16-10-2024T07:02:10 - [TEST_STEP][PASSED] - result = WriteToExcel(typeOfData, todaysDate, PercPlanR, PercPlanB, PercFactR, PercFactB, x, tabR, tabB, o1R, o1B, vidget): null

16-10-2024T07:02:10 - [TEST_STEP][PASSED] - iii = dZO.indexOf("/"): null

16-10-2024T07:02:10 - [TEST_STEP][PASSED] - println(iii): null

16-10-2024T07:02:10 - [TEST_STEP][PASSED] - dZO = dZO.substring(0, iii): null

16-10-2024T07:02:10 - [TEST_STEP][PASSED] - println(dZO): null

16-10-2024T07:02:10 - [TEST_STEP][PASSED] - println(PercPlanR): null

16-10-2024T07:02:10 - [TEST_STEP][PASSED] - println(PercPlanB): null

16-10-2024T07:02:10 - [TEST_STEP][PASSED] - println(PercFactR): null

16-10-2024T07:02:10 - [TEST_STEP][PASSED] - println(PercFactB): null

16-10-2024T07:02:10 - [TEST_STEP][PASSED] - println(tabR): null

16-10-2024T07:02:10 - [TEST_STEP][PASSED] - println(tabB): null

16-10-2024T07:02:10 - [TEST_STEP][PASSED] - println(o1R): null

16-10-2024T07:02:10 - [TEST_STEP][PASSED] - println(o1B): null

16-10-2024T07:02:10 - [TEST_STEP][PASSED] - PR = <not implemented yet for class: org.codehaus.groovy.ast.expr.EmptyExpression>: null

16-10-2024T07:02:10 - [TEST_STEP][PASSED] - FR = <not implemented yet for class: org.codehaus.groovy.ast.expr.EmptyExpression>: null

16-10-2024T07:02:10 - [TEST_STEP][PASSED] - PB = <not implemented yet for class: org.codehaus.groovy.ast.expr.EmptyExpression>: null

16-10-2024T07:02:10 - [TEST_STEP][PASSED] - FB = <not implemented yet for class: org.codehaus.groovy.ast.expr.EmptyExpression>: null

16-10-2024T07:02:10 - [TEST_STEP][PASSED] - TR = <not implemented yet for class: org.codehaus.groovy.ast.expr.EmptyExpression>: null

16-10-2024T07:02:10 - [TEST_STEP][PASSED] - TB = <not implemented yet for class: org.codehaus.groovy.ast.expr.EmptyExpression>: null

16-10-2024T07:02:10 - [TEST_STEP][PASSED] - sheetName = "Sheet1": null

16-10-2024T07:02:10 - [TEST_STEP][PASSED] - data = findTestData("PlanFact"): null

16-10-2024T07:02:10 - [TEST_STEP][PASSED] - n = data.getRowNumbers() + 1: null

16-10-2024T07:02:10 - [TEST_STEP][PASSED] - year = todaysDate.substring(todaysDate.length() - 4, todaysDate.length()): null

16-10-2024T07:02:10 - [TEST_STEP][PASSED] - y = year.toInteger(): null

16-10-2024T07:02:10 - [TEST_STEP][PASSED] - m = getText(findTestObject("Выполнение бизнес-плана/Выполнение бизнес-плана Балансы/Фильтр Дата")): Text of object 'Object Repository/Выполнение бизнес-плана/Выполнение бизнес-плана Балансы/Фильтр Дата' is: '1, 2 кв., Июль, Август 2024 года'

16-10-2024T07:02:10 - [MESSAGE][PASSED] - Text of object 'Object Repository/Выполнение бизнес-плана/Выполнение бизнес-плана Балансы/Фильтр Дата' is: '1, 2 кв., Июль, Август 2024 года'

16-10-2024T07:02:10 - [TEST_STEP][PASSED] - m = m.substring(0, m.indexOf("2024")): null

16-10-2024T07:02:10 - [TEST_STEP][PASSED] - m = m.trim(): null

16-10-2024T07:02:10 - [TEST_STEP][PASSED] - dashboardName = "Выполнение бизнес-плана": null

16-10-2024T07:02:10 - [TEST_STEP][PASSED] - workbook01 = getWorkbook(excelFilePath): null

16-10-2024T07:02:10 - [TEST_STEP][PASSED] - sheet01 = getExcelSheet(workbook01, sheetName): null

16-10-2024T07:02:10 - [TEST_STEP][PASSED] - setValueToCellByIndex(sheet01, n, 0, dashboardName): null

16-10-2024T07:02:10 - [TEST_STEP][PASSED] - setValueToCellByIndex(sheet01, n, 1, dZO): null

16-10-2024T07:02:10 - [TEST_STEP][PASSED] - setValueToCellByIndex(sheet01, n, 2, typeOfData): null

16-10-2024T07:02:10 - [TEST_STEP][PASSED] - setValueToCellByIndex(sheet01, n, 3, typeOfData): null

16-10-2024T07:02:10 - [TEST_STEP][PASSED] - if (typeOfData == "План"): null

16-10-2024T07:02:10 - [TEST_STEP][PASSED] - else if (typeOfData == "Факт"): null

16-10-2024T07:02:10 - [TEST_STEP][PASSED] - if (PercFactR == null): null

16-10-2024T07:02:10 - [TEST_STEP][PASSED] - else: null

16-10-2024T07:02:10 - [TEST_STEP][PASSED] - if (PercFactR == "нет данных"): null

16-10-2024T07:02:10 - [TEST_STEP][PASSED] - setValueToCellByIndex(sheet01, n, 4, "нет данных"): null

16-10-2024T07:02:10 - [TEST_STEP][PASSED] - if (PercFactB == null): null

16-10-2024T07:02:10 - [TEST_STEP][PASSED] - else: null

16-10-2024T07:02:10 - [TEST_STEP][PASSED] - if (PercFactB == "нет данных"): null

16-10-2024T07:02:10 - [TEST_STEP][PASSED] - else: null

16-10-2024T07:02:10 - [TEST_STEP][PASSED] - FB = PercFactB.toDouble(): null

16-10-2024T07:02:10 - [TEST_STEP][PASSED] - setValueToCellByIndex(sheet01, n, 5, FB): null

16-10-2024T07:02:10 - [TEST_STEP][PASSED] - setValueToCellByIndex(sheet01, n, 6, m): null

16-10-2024T07:02:10 - [TEST_STEP][PASSED] - setValueToCellByIndex(sheet01, n, 7, y): null

16-10-2024T07:02:10 - [TEST_STEP][PASSED] - setValueToCellByIndex(sheet01, n, 8, todaysDate): null

16-10-2024T07:02:10 - [TEST_STEP][PASSED] - n = n + 1: null

16-10-2024T07:02:10 - [TEST_STEP][PASSED] - saveWorkbook(excelFilePath, workbook01): null

16-10-2024T07:02:11 - [TEST_STEP][PASSED] - vidget = "Показатели баланса электроэнергии по ДЗО – Факт": null

16-10-2024T07:02:11 - [TEST_STEP][PASSED] - typeOfData = "Факт Отпуск в сеть": null

16-10-2024T07:02:11 - [TEST_STEP][PASSED] - tabR = GetOvSFactR(x = a): null

16-10-2024T07:02:11 - [TEST_STEP][PASSED] - i1 = <not implemented yet for class: org.codehaus.groovy.ast.expr.EmptyExpression>: null

16-10-2024T07:02:11 - [TEST_STEP][PASSED] - ii = <not implemented yet for class: org.codehaus.groovy.ast.expr.EmptyExpression>: null

16-10-2024T07:02:11 - [TEST_STEP][PASSED] - for ([ii = 1, ii < 4, (ii++)]): null

16-10-2024T07:02:11 - [TEST_STEP][PASSED] - i1 = x.indexOf("/") + 1: null

16-10-2024T07:02:11 - [TEST_STEP][PASSED] - if (i1 > -1): null

16-10-2024T07:02:11 - [TEST_STEP][PASSED] - x = x.substring(i1, x.length()): null

16-10-2024T07:02:11 - [TEST_STEP][PASSED] - println(x): null

16-10-2024T07:02:11 - [TEST_STEP][PASSED] - i1 = x.indexOf("/") + 1: null

16-10-2024T07:02:11 - [TEST_STEP][PASSED] - if (i1 > -1): null

16-10-2024T07:02:11 - [TEST_STEP][PASSED] - x = x.substring(i1, x.length()): null

16-10-2024T07:02:11 - [TEST_STEP][PASSED] - println(x): null

16-10-2024T07:02:11 - [TEST_STEP][PASSED] - i1 = x.indexOf("/") + 1: null

16-10-2024T07:02:11 - [TEST_STEP][PASSED] - if (i1 > -1): null

16-10-2024T07:02:11 - [TEST_STEP][PASSED] - x = x.substring(i1, x.length()): null

16-10-2024T07:02:11 - [TEST_STEP][PASSED] - println(x): null

16-10-2024T07:02:11 - [TEST_STEP][PASSED] - i1 = x.indexOf("/"): null

16-10-2024T07:02:11 - [TEST_STEP][PASSED] - if (i1 > -1): null

16-10-2024T07:02:11 - [TEST_STEP][PASSED] - x = x.substring(0, i1): null

16-10-2024T07:02:11 - [TEST_STEP][PASSED] - println(x): null

16-10-2024T07:02:11 - [TEST_STEP][PASSED] - return x: null

16-10-2024T07:02:11 - [TEST_STEP][PASSED] - tabB = GetOvSFactB(x = b): null

16-10-2024T07:02:11 - [TEST_STEP][PASSED] - i1 = <not implemented yet for class: org.codehaus.groovy.ast.expr.EmptyExpression>: null

16-10-2024T07:02:11 - [TEST_STEP][PASSED] - ii = <not implemented yet for class: org.codehaus.groovy.ast.expr.EmptyExpression>: null

16-10-2024T07:02:11 - [TEST_STEP][PASSED] - for ([ii = 1, ii < 4, (ii++)]): null

16-10-2024T07:02:11 - [TEST_STEP][PASSED] - i1 = x.indexOf("/") + 1: null

16-10-2024T07:02:11 - [TEST_STEP][PASSED] - if (i1 > -1): null

16-10-2024T07:02:11 - [TEST_STEP][PASSED] - x = x.substring(i1, x.length()): null

16-10-2024T07:02:11 - [TEST_STEP][PASSED] - println(x): null

16-10-2024T07:02:11 - [TEST_STEP][PASSED] - i1 = x.indexOf("/") + 1: null

16-10-2024T07:02:11 - [TEST_STEP][PASSED] - if (i1 > -1): null

16-10-2024T07:02:11 - [TEST_STEP][PASSED] - x = x.substring(i1, x.length()): null

16-10-2024T07:02:11 - [TEST_STEP][PASSED] - println(x): null

16-10-2024T07:02:11 - [TEST_STEP][PASSED] - i1 = x.indexOf("/") + 1: null

16-10-2024T07:02:11 - [TEST_STEP][PASSED] - if (i1 > -1): null

16-10-2024T07:02:11 - [TEST_STEP][PASSED] - x = x.substring(i1, x.length()): null

16-10-2024T07:02:11 - [TEST_STEP][PASSED] - println(x): null

16-10-2024T07:02:11 - [TEST_STEP][PASSED] - i1 = x.indexOf("/"): null

16-10-2024T07:02:11 - [TEST_STEP][PASSED] - if (i1 > -1): null

16-10-2024T07:02:11 - [TEST_STEP][PASSED] - x = x.substring(0, i1): null

16-10-2024T07:02:11 - [TEST_STEP][PASSED] - println(x): null

16-10-2024T07:02:11 - [TEST_STEP][FAILED] - return x: null

16-10-2024T07:02:11 - [TEST_STEP][FAILED] - if (verifyEqual(tabR, tabB) == false): null

16-10-2024T07:02:11 - [MESSAGE][FAILED] - Unable to verify equal between actual object 'нет данных' and expected object '19209232' (Root cause: com.kms.katalon.core.exception.StepFailedException: Actual object 'нет данных' and expected object '19209232' are not equal
	at com.kms.katalon.core.keyword.builtin.VerifyEqualKeyword$_verifyEqual_closure1.doCall(VerifyEqualKeyword.groovy:58)
	at com.kms.katalon.core.keyword.builtin.VerifyEqualKeyword$_verifyEqual_closure1.call(VerifyEqualKeyword.groovy)
	at com.kms.katalon.core.keyword.internal.KeywordMain.runKeyword(KeywordMain.groovy:75)
	at com.kms.katalon.core.keyword.builtin.VerifyEqualKeyword.verifyEqual(VerifyEqualKeyword.groovy:63)
	at com.kms.katalon.core.keyword.builtin.VerifyEqualKeyword.execute(VerifyEqualKeyword.groovy:44)
	at com.kms.katalon.core.keyword.internal.KeywordExecutor.executeKeywordForPlatform(KeywordExecutor.groovy:74)
	at com.kms.katalon.core.keyword.BuiltinKeywords.verifyEqual(BuiltinKeywords.groovy:146)
	at jdk.internal.reflect.GeneratedMethodAccessor25.invoke(Unknown Source)
	at java.base/jdk.internal.reflect.DelegatingMethodAccessorImpl.invoke(DelegatingMethodAccessorImpl.java:43)
	at Выполнение бизнес-плана сверка дашбордов.CompareDZOData(Выполнение бизнес-плана сверка дашбордов:706)
	at Выполнение бизнес-плана сверка дашбордов.run(Выполнение бизнес-плана сверка дашбордов:603)
	at com.kms.katalon.core.main.ScriptEngine.run(ScriptEngine.java:194)
	at com.kms.katalon.core.main.ScriptEngine.runScriptAsRawText(ScriptEngine.java:119)
	at com.kms.katalon.core.main.TestCaseExecutor.runScript(TestCaseExecutor.java:448)
	at com.kms.katalon.core.main.TestCaseExecutor.doExecute(TestCaseExecutor.java:439)
	at com.kms.katalon.core.main.TestCaseExecutor.processExecutionPhase(TestCaseExecutor.java:418)
	at com.kms.katalon.core.main.TestCaseExecutor.accessMainPhase(TestCaseExecutor.java:410)
	at com.kms.katalon.core.main.TestCaseExecutor.execute(TestCaseExecutor.java:285)
	at com.kms.katalon.core.common.CommonExecutor.accessTestCaseMainPhase(CommonExecutor.java:65)
	at com.kms.katalon.core.main.TestSuiteExecutor.accessTestSuiteMainPhase(TestSuiteExecutor.java:150)
	at com.kms.katalon.core.main.TestSuiteExecutor.execute(TestSuiteExecutor.java:106)
	at com.kms.katalon.core.main.TestCaseMain.startTestSuite(TestCaseMain.java:180)
	at TempTestSuite1729050801829.run(TempTestSuite1729050801829.groovy:35)
	at java.base/jdk.internal.reflect.NativeMethodAccessorImpl.invoke0(Native Method)
	at java.base/jdk.internal.reflect.NativeMethodAccessorImpl.invoke(NativeMethodAccessorImpl.java:77)
	at java.base/jdk.internal.reflect.DelegatingMethodAccessorImpl.invoke(DelegatingMethodAccessorImpl.java:43)
)

16-10-2024T07:02:11 - [TEST_STEP][PASSED] - result = WriteToExcel(typeOfData, todaysDate, PercPlanR, PercPlanB, PercFactR, PercFactB, x, tabR, tabB, o1R, o1B, vidget): null

16-10-2024T07:02:11 - [TEST_STEP][PASSED] - iii = dZO.indexOf("/"): null

16-10-2024T07:02:11 - [TEST_STEP][PASSED] - println(iii): null

16-10-2024T07:02:11 - [TEST_STEP][PASSED] - dZO = dZO.substring(0, iii): null

16-10-2024T07:02:11 - [TEST_STEP][PASSED] - println(dZO): null

16-10-2024T07:02:11 - [TEST_STEP][PASSED] - println(PercPlanR): null

16-10-2024T07:02:11 - [TEST_STEP][PASSED] - println(PercPlanB): null

16-10-2024T07:02:11 - [TEST_STEP][PASSED] - println(PercFactR): null

16-10-2024T07:02:11 - [TEST_STEP][PASSED] - println(PercFactB): null

16-10-2024T07:02:11 - [TEST_STEP][PASSED] - println(tabR): null

16-10-2024T07:02:11 - [TEST_STEP][PASSED] - println(tabB): null

16-10-2024T07:02:11 - [TEST_STEP][PASSED] - println(o1R): null

16-10-2024T07:02:11 - [TEST_STEP][PASSED] - println(o1B): null

16-10-2024T07:02:11 - [TEST_STEP][PASSED] - PR = <not implemented yet for class: org.codehaus.groovy.ast.expr.EmptyExpression>: null

16-10-2024T07:02:11 - [TEST_STEP][PASSED] - FR = <not implemented yet for class: org.codehaus.groovy.ast.expr.EmptyExpression>: null

16-10-2024T07:02:11 - [TEST_STEP][PASSED] - PB = <not implemented yet for class: org.codehaus.groovy.ast.expr.EmptyExpression>: null

16-10-2024T07:02:11 - [TEST_STEP][PASSED] - FB = <not implemented yet for class: org.codehaus.groovy.ast.expr.EmptyExpression>: null

16-10-2024T07:02:11 - [TEST_STEP][PASSED] - TR = <not implemented yet for class: org.codehaus.groovy.ast.expr.EmptyExpression>: null

16-10-2024T07:02:11 - [TEST_STEP][PASSED] - TB = <not implemented yet for class: org.codehaus.groovy.ast.expr.EmptyExpression>: null

16-10-2024T07:02:11 - [TEST_STEP][PASSED] - sheetName = "Sheet1": null

16-10-2024T07:02:11 - [TEST_STEP][PASSED] - data = findTestData("PlanFact"): null

16-10-2024T07:02:11 - [TEST_STEP][PASSED] - n = data.getRowNumbers() + 1: null

16-10-2024T07:02:11 - [TEST_STEP][PASSED] - year = todaysDate.substring(todaysDate.length() - 4, todaysDate.length()): null

16-10-2024T07:02:11 - [TEST_STEP][PASSED] - y = year.toInteger(): null

16-10-2024T07:02:11 - [TEST_STEP][PASSED] - m = getText(findTestObject("Выполнение бизнес-плана/Выполнение бизнес-плана Балансы/Фильтр Дата")): Text of object 'Object Repository/Выполнение бизнес-плана/Выполнение бизнес-плана Балансы/Фильтр Дата' is: '1, 2 кв., Июль, Август 2024 года'

16-10-2024T07:02:11 - [MESSAGE][PASSED] - Text of object 'Object Repository/Выполнение бизнес-плана/Выполнение бизнес-плана Балансы/Фильтр Дата' is: '1, 2 кв., Июль, Август 2024 года'

16-10-2024T07:02:11 - [TEST_STEP][PASSED] - m = m.substring(0, m.indexOf("2024")): null

16-10-2024T07:02:11 - [TEST_STEP][PASSED] - m = m.trim(): null

16-10-2024T07:02:11 - [TEST_STEP][PASSED] - dashboardName = "Выполнение бизнес-плана": null

16-10-2024T07:02:11 - [TEST_STEP][PASSED] - workbook01 = getWorkbook(excelFilePath): null

16-10-2024T07:02:11 - [TEST_STEP][PASSED] - sheet01 = getExcelSheet(workbook01, sheetName): null

16-10-2024T07:02:11 - [TEST_STEP][PASSED] - setValueToCellByIndex(sheet01, n, 0, dashboardName): null

16-10-2024T07:02:11 - [TEST_STEP][PASSED] - setValueToCellByIndex(sheet01, n, 1, dZO): null

16-10-2024T07:02:11 - [TEST_STEP][PASSED] - setValueToCellByIndex(sheet01, n, 2, typeOfData): null

16-10-2024T07:02:11 - [TEST_STEP][PASSED] - setValueToCellByIndex(sheet01, n, 3, typeOfData): null

16-10-2024T07:02:11 - [TEST_STEP][PASSED] - if (typeOfData == "План"): null

16-10-2024T07:02:11 - [TEST_STEP][PASSED] - else if (typeOfData == "Факт"): null

16-10-2024T07:02:11 - [TEST_STEP][PASSED] - else if (vidget.contains("электроэнергии") == true): null

16-10-2024T07:02:11 - [TEST_STEP][PASSED] - if (tabR == null): null

16-10-2024T07:02:11 - [TEST_STEP][PASSED] - else: null

16-10-2024T07:02:11 - [TEST_STEP][PASSED] - if (tabR == "нет данных"): null

16-10-2024T07:02:11 - [TEST_STEP][PASSED] - setValueToCellByIndex(sheet01, n, 4, "нет данных"): null

16-10-2024T07:02:11 - [TEST_STEP][PASSED] - if (tabB == null): null

16-10-2024T07:02:11 - [TEST_STEP][PASSED] - else: null

16-10-2024T07:02:11 - [TEST_STEP][PASSED] - if (tabB == "нет данных"): null

16-10-2024T07:02:11 - [TEST_STEP][PASSED] - else: null

16-10-2024T07:02:11 - [TEST_STEP][PASSED] - TB = tabB.toInteger(): null

16-10-2024T07:02:11 - [TEST_STEP][PASSED] - setValueToCellByIndex(sheet01, n, 5, TB): null

16-10-2024T07:02:11 - [TEST_STEP][PASSED] - setValueToCellByIndex(sheet01, n, 6, m): null

16-10-2024T07:02:11 - [TEST_STEP][PASSED] - setValueToCellByIndex(sheet01, n, 7, y): null

16-10-2024T07:02:11 - [TEST_STEP][PASSED] - setValueToCellByIndex(sheet01, n, 8, todaysDate): null

16-10-2024T07:02:11 - [TEST_STEP][PASSED] - n = n + 1: null

16-10-2024T07:02:11 - [TEST_STEP][PASSED] - saveWorkbook(excelFilePath, workbook01): null

16-10-2024T07:02:11 - [TEST_STEP][PASSED] - typeOfData = "Факт Отпуск из сети": null

16-10-2024T07:02:11 - [TEST_STEP][PASSED] - tabR = GetOiSFactR(x = a): null

16-10-2024T07:02:11 - [TEST_STEP][PASSED] - i1 = <not implemented yet for class: org.codehaus.groovy.ast.expr.EmptyExpression>: null

16-10-2024T07:02:11 - [TEST_STEP][PASSED] - ii = <not implemented yet for class: org.codehaus.groovy.ast.expr.EmptyExpression>: null

16-10-2024T07:02:11 - [TEST_STEP][PASSED] - for ([ii = 1, ii < 5, (ii++)]): null

16-10-2024T07:02:11 - [TEST_STEP][PASSED] - i1 = x.indexOf("/") + 1: null

16-10-2024T07:02:11 - [TEST_STEP][PASSED] - if (i1 > -1): null

16-10-2024T07:02:11 - [TEST_STEP][PASSED] - x = x.substring(i1, x.length()): null

16-10-2024T07:02:11 - [TEST_STEP][PASSED] - println(x): null

16-10-2024T07:02:11 - [TEST_STEP][PASSED] - i1 = x.indexOf("/") + 1: null

16-10-2024T07:02:11 - [TEST_STEP][PASSED] - if (i1 > -1): null

16-10-2024T07:02:11 - [TEST_STEP][PASSED] - x = x.substring(i1, x.length()): null

16-10-2024T07:02:11 - [TEST_STEP][PASSED] - println(x): null

16-10-2024T07:02:11 - [TEST_STEP][PASSED] - i1 = x.indexOf("/") + 1: null

16-10-2024T07:02:11 - [TEST_STEP][PASSED] - if (i1 > -1): null

16-10-2024T07:02:11 - [TEST_STEP][PASSED] - x = x.substring(i1, x.length()): null

16-10-2024T07:02:11 - [TEST_STEP][PASSED] - println(x): null

16-10-2024T07:02:11 - [TEST_STEP][PASSED] - i1 = x.indexOf("/") + 1: null

16-10-2024T07:02:11 - [TEST_STEP][PASSED] - if (i1 > -1): null

16-10-2024T07:02:11 - [TEST_STEP][PASSED] - x = x.substring(i1, x.length()): null

16-10-2024T07:02:11 - [TEST_STEP][PASSED] - println(x): null

16-10-2024T07:02:11 - [TEST_STEP][PASSED] - i1 = x.indexOf("/"): null

16-10-2024T07:02:11 - [TEST_STEP][PASSED] - if (i1 > -1): null

16-10-2024T07:02:11 - [TEST_STEP][PASSED] - x = x.substring(0, i1): null

16-10-2024T07:02:11 - [TEST_STEP][PASSED] - println(x): null

16-10-2024T07:02:11 - [TEST_STEP][PASSED] - return x: null

16-10-2024T07:02:11 - [TEST_STEP][PASSED] - tabB = GetOiSFactB(x = b): null

16-10-2024T07:02:11 - [TEST_STEP][PASSED] - i1 = <not implemented yet for class: org.codehaus.groovy.ast.expr.EmptyExpression>: null

16-10-2024T07:02:11 - [TEST_STEP][PASSED] - ii = <not implemented yet for class: org.codehaus.groovy.ast.expr.EmptyExpression>: null

16-10-2024T07:02:11 - [TEST_STEP][PASSED] - for ([ii = 1, ii < 5, (ii++)]): null

16-10-2024T07:02:11 - [TEST_STEP][PASSED] - i1 = x.indexOf("/") + 1: null

16-10-2024T07:02:11 - [TEST_STEP][PASSED] - if (i1 > -1): null

16-10-2024T07:02:11 - [TEST_STEP][PASSED] - x = x.substring(i1, x.length()): null

16-10-2024T07:02:11 - [TEST_STEP][PASSED] - println(x): null

16-10-2024T07:02:11 - [TEST_STEP][PASSED] - i1 = x.indexOf("/") + 1: null

16-10-2024T07:02:11 - [TEST_STEP][PASSED] - if (i1 > -1): null

16-10-2024T07:02:11 - [TEST_STEP][PASSED] - x = x.substring(i1, x.length()): null

16-10-2024T07:02:11 - [TEST_STEP][PASSED] - println(x): null

16-10-2024T07:02:11 - [TEST_STEP][PASSED] - i1 = x.indexOf("/") + 1: null

16-10-2024T07:02:11 - [TEST_STEP][PASSED] - if (i1 > -1): null

16-10-2024T07:02:11 - [TEST_STEP][PASSED] - x = x.substring(i1, x.length()): null

16-10-2024T07:02:11 - [TEST_STEP][PASSED] - println(x): null

16-10-2024T07:02:11 - [TEST_STEP][PASSED] - i1 = x.indexOf("/") + 1: null

16-10-2024T07:02:11 - [TEST_STEP][PASSED] - if (i1 > -1): null

16-10-2024T07:02:11 - [TEST_STEP][PASSED] - x = x.substring(i1, x.length()): null

16-10-2024T07:02:11 - [TEST_STEP][PASSED] - println(x): null

16-10-2024T07:02:11 - [TEST_STEP][PASSED] - i1 = x.indexOf("/"): null

16-10-2024T07:02:11 - [TEST_STEP][PASSED] - if (i1 > -1): null

16-10-2024T07:02:11 - [TEST_STEP][PASSED] - x = x.substring(0, i1): null

16-10-2024T07:02:11 - [TEST_STEP][PASSED] - println(x): null

16-10-2024T07:02:11 - [TEST_STEP][FAILED] - return x: null

16-10-2024T07:02:11 - [TEST_STEP][FAILED] - if (verifyEqual(tabR, tabB) == false): null

16-10-2024T07:02:11 - [MESSAGE][FAILED] - Unable to verify equal between actual object 'нет данных' and expected object '17541196' (Root cause: com.kms.katalon.core.exception.StepFailedException: Actual object 'нет данных' and expected object '17541196' are not equal
	at com.kms.katalon.core.keyword.builtin.VerifyEqualKeyword$_verifyEqual_closure1.doCall(VerifyEqualKeyword.groovy:58)
	at com.kms.katalon.core.keyword.builtin.VerifyEqualKeyword$_verifyEqual_closure1.call(VerifyEqualKeyword.groovy)
	at com.kms.katalon.core.keyword.internal.KeywordMain.runKeyword(KeywordMain.groovy:75)
	at com.kms.katalon.core.keyword.builtin.VerifyEqualKeyword.verifyEqual(VerifyEqualKeyword.groovy:63)
	at com.kms.katalon.core.keyword.builtin.VerifyEqualKeyword.execute(VerifyEqualKeyword.groovy:44)
	at com.kms.katalon.core.keyword.internal.KeywordExecutor.executeKeywordForPlatform(KeywordExecutor.groovy:74)
	at com.kms.katalon.core.keyword.BuiltinKeywords.verifyEqual(BuiltinKeywords.groovy:146)
	at jdk.internal.reflect.GeneratedMethodAccessor25.invoke(Unknown Source)
	at java.base/jdk.internal.reflect.DelegatingMethodAccessorImpl.invoke(DelegatingMethodAccessorImpl.java:43)
	at Выполнение бизнес-плана сверка дашбордов.CompareDZOData(Выполнение бизнес-плана сверка дашбордов:717)
	at Выполнение бизнес-плана сверка дашбордов.run(Выполнение бизнес-плана сверка дашбордов:603)
	at com.kms.katalon.core.main.ScriptEngine.run(ScriptEngine.java:194)
	at com.kms.katalon.core.main.ScriptEngine.runScriptAsRawText(ScriptEngine.java:119)
	at com.kms.katalon.core.main.TestCaseExecutor.runScript(TestCaseExecutor.java:448)
	at com.kms.katalon.core.main.TestCaseExecutor.doExecute(TestCaseExecutor.java:439)
	at com.kms.katalon.core.main.TestCaseExecutor.processExecutionPhase(TestCaseExecutor.java:418)
	at com.kms.katalon.core.main.TestCaseExecutor.accessMainPhase(TestCaseExecutor.java:410)
	at com.kms.katalon.core.main.TestCaseExecutor.execute(TestCaseExecutor.java:285)
	at com.kms.katalon.core.common.CommonExecutor.accessTestCaseMainPhase(CommonExecutor.java:65)
	at com.kms.katalon.core.main.TestSuiteExecutor.accessTestSuiteMainPhase(TestSuiteExecutor.java:150)
	at com.kms.katalon.core.main.TestSuiteExecutor.execute(TestSuiteExecutor.java:106)
	at com.kms.katalon.core.main.TestCaseMain.startTestSuite(TestCaseMain.java:180)
	at TempTestSuite1729050801829.run(TempTestSuite1729050801829.groovy:35)
	at java.base/jdk.internal.reflect.NativeMethodAccessorImpl.invoke0(Native Method)
	at java.base/jdk.internal.reflect.NativeMethodAccessorImpl.invoke(NativeMethodAccessorImpl.java:77)
	at java.base/jdk.internal.reflect.DelegatingMethodAccessorImpl.invoke(DelegatingMethodAccessorImpl.java:43)
)

16-10-2024T07:02:11 - [TEST_STEP][PASSED] - result = WriteToExcel(typeOfData, todaysDate, PercPlanR, PercPlanB, PercFactR, PercFactB, x, tabR, tabB, o1R, o1B, vidget): null

16-10-2024T07:02:11 - [TEST_STEP][PASSED] - iii = dZO.indexOf("/"): null

16-10-2024T07:02:11 - [TEST_STEP][PASSED] - println(iii): null

16-10-2024T07:02:11 - [TEST_STEP][PASSED] - dZO = dZO.substring(0, iii): null

16-10-2024T07:02:11 - [TEST_STEP][PASSED] - println(dZO): null

16-10-2024T07:02:11 - [TEST_STEP][PASSED] - println(PercPlanR): null

16-10-2024T07:02:11 - [TEST_STEP][PASSED] - println(PercPlanB): null

16-10-2024T07:02:11 - [TEST_STEP][PASSED] - println(PercFactR): null

16-10-2024T07:02:11 - [TEST_STEP][PASSED] - println(PercFactB): null

16-10-2024T07:02:11 - [TEST_STEP][PASSED] - println(tabR): null

16-10-2024T07:02:11 - [TEST_STEP][PASSED] - println(tabB): null

16-10-2024T07:02:11 - [TEST_STEP][PASSED] - println(o1R): null

16-10-2024T07:02:11 - [TEST_STEP][PASSED] - println(o1B): null

16-10-2024T07:02:11 - [TEST_STEP][PASSED] - PR = <not implemented yet for class: org.codehaus.groovy.ast.expr.EmptyExpression>: null

16-10-2024T07:02:11 - [TEST_STEP][PASSED] - FR = <not implemented yet for class: org.codehaus.groovy.ast.expr.EmptyExpression>: null

16-10-2024T07:02:11 - [TEST_STEP][PASSED] - PB = <not implemented yet for class: org.codehaus.groovy.ast.expr.EmptyExpression>: null

16-10-2024T07:02:11 - [TEST_STEP][PASSED] - FB = <not implemented yet for class: org.codehaus.groovy.ast.expr.EmptyExpression>: null

16-10-2024T07:02:11 - [TEST_STEP][PASSED] - TR = <not implemented yet for class: org.codehaus.groovy.ast.expr.EmptyExpression>: null

16-10-2024T07:02:11 - [TEST_STEP][PASSED] - TB = <not implemented yet for class: org.codehaus.groovy.ast.expr.EmptyExpression>: null

16-10-2024T07:02:11 - [TEST_STEP][PASSED] - sheetName = "Sheet1": null

16-10-2024T07:02:11 - [TEST_STEP][PASSED] - data = findTestData("PlanFact"): null

16-10-2024T07:02:11 - [TEST_STEP][PASSED] - n = data.getRowNumbers() + 1: null

16-10-2024T07:02:11 - [TEST_STEP][PASSED] - year = todaysDate.substring(todaysDate.length() - 4, todaysDate.length()): null

16-10-2024T07:02:11 - [TEST_STEP][PASSED] - y = year.toInteger(): null

16-10-2024T07:02:11 - [TEST_STEP][PASSED] - m = getText(findTestObject("Выполнение бизнес-плана/Выполнение бизнес-плана Балансы/Фильтр Дата")): Text of object 'Object Repository/Выполнение бизнес-плана/Выполнение бизнес-плана Балансы/Фильтр Дата' is: '1, 2 кв., Июль, Август 2024 года'

16-10-2024T07:02:12 - [MESSAGE][PASSED] - Text of object 'Object Repository/Выполнение бизнес-плана/Выполнение бизнес-плана Балансы/Фильтр Дата' is: '1, 2 кв., Июль, Август 2024 года'

16-10-2024T07:02:12 - [TEST_STEP][PASSED] - m = m.substring(0, m.indexOf("2024")): null

16-10-2024T07:02:12 - [TEST_STEP][PASSED] - m = m.trim(): null

16-10-2024T07:02:12 - [TEST_STEP][PASSED] - dashboardName = "Выполнение бизнес-плана": null

16-10-2024T07:02:12 - [TEST_STEP][PASSED] - workbook01 = getWorkbook(excelFilePath): null

16-10-2024T07:02:12 - [TEST_STEP][PASSED] - sheet01 = getExcelSheet(workbook01, sheetName): null

16-10-2024T07:02:12 - [TEST_STEP][PASSED] - setValueToCellByIndex(sheet01, n, 0, dashboardName): null

16-10-2024T07:02:12 - [TEST_STEP][PASSED] - setValueToCellByIndex(sheet01, n, 1, dZO): null

16-10-2024T07:02:12 - [TEST_STEP][PASSED] - setValueToCellByIndex(sheet01, n, 2, typeOfData): null

16-10-2024T07:02:12 - [TEST_STEP][PASSED] - setValueToCellByIndex(sheet01, n, 3, typeOfData): null

16-10-2024T07:02:12 - [TEST_STEP][PASSED] - if (typeOfData == "План"): null

16-10-2024T07:02:12 - [TEST_STEP][PASSED] - else if (typeOfData == "Факт"): null

16-10-2024T07:02:12 - [TEST_STEP][PASSED] - else if (vidget.contains("электроэнергии") == true): null

16-10-2024T07:02:12 - [TEST_STEP][PASSED] - if (tabR == null): null

16-10-2024T07:02:12 - [TEST_STEP][PASSED] - else: null

16-10-2024T07:02:12 - [TEST_STEP][PASSED] - if (tabR == "нет данных"): null

16-10-2024T07:02:12 - [TEST_STEP][PASSED] - setValueToCellByIndex(sheet01, n, 4, "нет данных"): null

16-10-2024T07:02:12 - [TEST_STEP][PASSED] - if (tabB == null): null

16-10-2024T07:02:12 - [TEST_STEP][PASSED] - else: null

16-10-2024T07:02:12 - [TEST_STEP][PASSED] - if (tabB == "нет данных"): null

16-10-2024T07:02:12 - [TEST_STEP][PASSED] - else: null

16-10-2024T07:02:12 - [TEST_STEP][PASSED] - TB = tabB.toInteger(): null

16-10-2024T07:02:12 - [TEST_STEP][PASSED] - setValueToCellByIndex(sheet01, n, 5, TB): null

16-10-2024T07:02:12 - [TEST_STEP][PASSED] - setValueToCellByIndex(sheet01, n, 6, m): null

16-10-2024T07:02:12 - [TEST_STEP][PASSED] - setValueToCellByIndex(sheet01, n, 7, y): null

16-10-2024T07:02:12 - [TEST_STEP][PASSED] - setValueToCellByIndex(sheet01, n, 8, todaysDate): null

16-10-2024T07:02:12 - [TEST_STEP][PASSED] - n = n + 1: null

16-10-2024T07:02:12 - [TEST_STEP][PASSED] - saveWorkbook(excelFilePath, workbook01): null

16-10-2024T07:02:12 - [TEST_STEP][PASSED] - typeOfData = "Факт Потери": null

16-10-2024T07:02:12 - [TEST_STEP][PASSED] - tabR = GetPFactR(x = a): null

16-10-2024T07:02:12 - [TEST_STEP][PASSED] - i1 = <not implemented yet for class: org.codehaus.groovy.ast.expr.EmptyExpression>: null

16-10-2024T07:02:12 - [TEST_STEP][PASSED] - ii = <not implemented yet for class: org.codehaus.groovy.ast.expr.EmptyExpression>: null

16-10-2024T07:02:12 - [TEST_STEP][PASSED] - for ([ii = 1, ii < 6, (ii++)]): null

16-10-2024T07:02:12 - [TEST_STEP][PASSED] - i1 = x.indexOf("/") + 1: null

16-10-2024T07:02:12 - [TEST_STEP][PASSED] - if (i1 > -1): null

16-10-2024T07:02:12 - [TEST_STEP][PASSED] - x = x.substring(i1, x.length()): null

16-10-2024T07:02:12 - [TEST_STEP][PASSED] - println(x): null

16-10-2024T07:02:12 - [TEST_STEP][PASSED] - i1 = x.indexOf("/") + 1: null

16-10-2024T07:02:12 - [TEST_STEP][PASSED] - if (i1 > -1): null

16-10-2024T07:02:12 - [TEST_STEP][PASSED] - x = x.substring(i1, x.length()): null

16-10-2024T07:02:12 - [TEST_STEP][PASSED] - println(x): null

16-10-2024T07:02:12 - [TEST_STEP][PASSED] - i1 = x.indexOf("/") + 1: null

16-10-2024T07:02:12 - [TEST_STEP][PASSED] - if (i1 > -1): null

16-10-2024T07:02:12 - [TEST_STEP][PASSED] - x = x.substring(i1, x.length()): null

16-10-2024T07:02:12 - [TEST_STEP][PASSED] - println(x): null

16-10-2024T07:02:12 - [TEST_STEP][PASSED] - i1 = x.indexOf("/") + 1: null

16-10-2024T07:02:12 - [TEST_STEP][PASSED] - if (i1 > -1): null

16-10-2024T07:02:12 - [TEST_STEP][PASSED] - x = x.substring(i1, x.length()): null

16-10-2024T07:02:12 - [TEST_STEP][PASSED] - println(x): null

16-10-2024T07:02:12 - [TEST_STEP][PASSED] - i1 = x.indexOf("/") + 1: null

16-10-2024T07:02:12 - [TEST_STEP][PASSED] - if (i1 > -1): null

16-10-2024T07:02:12 - [TEST_STEP][PASSED] - x = x.substring(i1, x.length()): null

16-10-2024T07:02:12 - [TEST_STEP][PASSED] - println(x): null

16-10-2024T07:02:12 - [TEST_STEP][PASSED] - i1 = x.indexOf("/"): null

16-10-2024T07:02:12 - [TEST_STEP][PASSED] - if (i1 > -1): null

16-10-2024T07:02:12 - [TEST_STEP][PASSED] - x = x.substring(0, i1): null

16-10-2024T07:02:12 - [TEST_STEP][PASSED] - println(x): null

16-10-2024T07:02:12 - [TEST_STEP][PASSED] - return x: null

16-10-2024T07:02:12 - [TEST_STEP][PASSED] - tabB = GetPFactB(x = b): null

16-10-2024T07:02:12 - [TEST_STEP][PASSED] - i1 = <not implemented yet for class: org.codehaus.groovy.ast.expr.EmptyExpression>: null

16-10-2024T07:02:12 - [TEST_STEP][PASSED] - ii = <not implemented yet for class: org.codehaus.groovy.ast.expr.EmptyExpression>: null

16-10-2024T07:02:12 - [TEST_STEP][PASSED] - for ([ii = 1, ii < 6, (ii++)]): null

16-10-2024T07:02:12 - [TEST_STEP][PASSED] - i1 = x.indexOf("/") + 1: null

16-10-2024T07:02:12 - [TEST_STEP][PASSED] - if (i1 > -1): null

16-10-2024T07:02:12 - [TEST_STEP][PASSED] - x = x.substring(i1, x.length()): null

16-10-2024T07:02:12 - [TEST_STEP][PASSED] - println(x): null

16-10-2024T07:02:12 - [TEST_STEP][PASSED] - i1 = x.indexOf("/") + 1: null

16-10-2024T07:02:12 - [TEST_STEP][PASSED] - if (i1 > -1): null

16-10-2024T07:02:12 - [TEST_STEP][PASSED] - x = x.substring(i1, x.length()): null

16-10-2024T07:02:12 - [TEST_STEP][PASSED] - println(x): null

16-10-2024T07:02:12 - [TEST_STEP][PASSED] - i1 = x.indexOf("/") + 1: null

16-10-2024T07:02:12 - [TEST_STEP][PASSED] - if (i1 > -1): null

16-10-2024T07:02:12 - [TEST_STEP][PASSED] - x = x.substring(i1, x.length()): null

16-10-2024T07:02:12 - [TEST_STEP][PASSED] - println(x): null

16-10-2024T07:02:12 - [TEST_STEP][PASSED] - i1 = x.indexOf("/") + 1: null

16-10-2024T07:02:12 - [TEST_STEP][PASSED] - if (i1 > -1): null

16-10-2024T07:02:12 - [TEST_STEP][PASSED] - x = x.substring(i1, x.length()): null

16-10-2024T07:02:12 - [TEST_STEP][PASSED] - println(x): null

16-10-2024T07:02:12 - [TEST_STEP][PASSED] - i1 = x.indexOf("/") + 1: null

16-10-2024T07:02:12 - [TEST_STEP][PASSED] - if (i1 > -1): null

16-10-2024T07:02:12 - [TEST_STEP][PASSED] - x = x.substring(i1, x.length()): null

16-10-2024T07:02:12 - [TEST_STEP][PASSED] - println(x): null

16-10-2024T07:02:12 - [TEST_STEP][PASSED] - i1 = x.indexOf("/"): null

16-10-2024T07:02:12 - [TEST_STEP][PASSED] - if (i1 > -1): null

16-10-2024T07:02:12 - [TEST_STEP][PASSED] - x = x.substring(0, i1): null

16-10-2024T07:02:12 - [TEST_STEP][PASSED] - println(x): null

16-10-2024T07:02:12 - [TEST_STEP][FAILED] - return x: null

16-10-2024T07:02:12 - [TEST_STEP][PASSED] - println(tabR + "/" + tabB): null

16-10-2024T07:02:12 - [TEST_STEP][FAILED] - if (verifyEqual(tabR, tabB) == false): null

16-10-2024T07:02:12 - [MESSAGE][FAILED] - Unable to verify equal between actual object 'нет данных' and expected object '1668036' (Root cause: com.kms.katalon.core.exception.StepFailedException: Actual object 'нет данных' and expected object '1668036' are not equal
	at com.kms.katalon.core.keyword.builtin.VerifyEqualKeyword$_verifyEqual_closure1.doCall(VerifyEqualKeyword.groovy:58)
	at com.kms.katalon.core.keyword.builtin.VerifyEqualKeyword$_verifyEqual_closure1.call(VerifyEqualKeyword.groovy)
	at com.kms.katalon.core.keyword.internal.KeywordMain.runKeyword(KeywordMain.groovy:75)
	at com.kms.katalon.core.keyword.builtin.VerifyEqualKeyword.verifyEqual(VerifyEqualKeyword.groovy:63)
	at com.kms.katalon.core.keyword.builtin.VerifyEqualKeyword.execute(VerifyEqualKeyword.groovy:44)
	at com.kms.katalon.core.keyword.internal.KeywordExecutor.executeKeywordForPlatform(KeywordExecutor.groovy:74)
	at com.kms.katalon.core.keyword.BuiltinKeywords.verifyEqual(BuiltinKeywords.groovy:146)
	at jdk.internal.reflect.GeneratedMethodAccessor25.invoke(Unknown Source)
	at java.base/jdk.internal.reflect.DelegatingMethodAccessorImpl.invoke(DelegatingMethodAccessorImpl.java:43)
	at Выполнение бизнес-плана сверка дашбордов.CompareDZOData(Выполнение бизнес-плана сверка дашбордов:730)
	at Выполнение бизнес-плана сверка дашбордов.run(Выполнение бизнес-плана сверка дашбордов:603)
	at com.kms.katalon.core.main.ScriptEngine.run(ScriptEngine.java:194)
	at com.kms.katalon.core.main.ScriptEngine.runScriptAsRawText(ScriptEngine.java:119)
	at com.kms.katalon.core.main.TestCaseExecutor.runScript(TestCaseExecutor.java:448)
	at com.kms.katalon.core.main.TestCaseExecutor.doExecute(TestCaseExecutor.java:439)
	at com.kms.katalon.core.main.TestCaseExecutor.processExecutionPhase(TestCaseExecutor.java:418)
	at com.kms.katalon.core.main.TestCaseExecutor.accessMainPhase(TestCaseExecutor.java:410)
	at com.kms.katalon.core.main.TestCaseExecutor.execute(TestCaseExecutor.java:285)
	at com.kms.katalon.core.common.CommonExecutor.accessTestCaseMainPhase(CommonExecutor.java:65)
	at com.kms.katalon.core.main.TestSuiteExecutor.accessTestSuiteMainPhase(TestSuiteExecutor.java:150)
	at com.kms.katalon.core.main.TestSuiteExecutor.execute(TestSuiteExecutor.java:106)
	at com.kms.katalon.core.main.TestCaseMain.startTestSuite(TestCaseMain.java:180)
	at TempTestSuite1729050801829.run(TempTestSuite1729050801829.groovy:35)
	at java.base/jdk.internal.reflect.NativeMethodAccessorImpl.invoke0(Native Method)
	at java.base/jdk.internal.reflect.NativeMethodAccessorImpl.invoke(NativeMethodAccessorImpl.java:77)
	at java.base/jdk.internal.reflect.DelegatingMethodAccessorImpl.invoke(DelegatingMethodAccessorImpl.java:43)
)

16-10-2024T07:02:12 - [TEST_STEP][PASSED] - result = WriteToExcel(typeOfData, todaysDate, PercPlanR, PercPlanB, PercFactR, PercFactB, x, tabR, tabB, o1R, o1B, vidget): null

16-10-2024T07:02:12 - [TEST_STEP][PASSED] - iii = dZO.indexOf("/"): null

16-10-2024T07:02:12 - [TEST_STEP][PASSED] - println(iii): null

16-10-2024T07:02:12 - [TEST_STEP][PASSED] - dZO = dZO.substring(0, iii): null

16-10-2024T07:02:12 - [TEST_STEP][PASSED] - println(dZO): null

16-10-2024T07:02:12 - [TEST_STEP][PASSED] - println(PercPlanR): null

16-10-2024T07:02:12 - [TEST_STEP][PASSED] - println(PercPlanB): null

16-10-2024T07:02:12 - [TEST_STEP][PASSED] - println(PercFactR): null

16-10-2024T07:02:12 - [TEST_STEP][PASSED] - println(PercFactB): null

16-10-2024T07:02:12 - [TEST_STEP][PASSED] - println(tabR): null

16-10-2024T07:02:12 - [TEST_STEP][PASSED] - println(tabB): null

16-10-2024T07:02:12 - [TEST_STEP][PASSED] - println(o1R): null

16-10-2024T07:02:12 - [TEST_STEP][PASSED] - println(o1B): null

16-10-2024T07:02:12 - [TEST_STEP][PASSED] - PR = <not implemented yet for class: org.codehaus.groovy.ast.expr.EmptyExpression>: null

16-10-2024T07:02:12 - [TEST_STEP][PASSED] - FR = <not implemented yet for class: org.codehaus.groovy.ast.expr.EmptyExpression>: null

16-10-2024T07:02:12 - [TEST_STEP][PASSED] - PB = <not implemented yet for class: org.codehaus.groovy.ast.expr.EmptyExpression>: null

16-10-2024T07:02:12 - [TEST_STEP][PASSED] - FB = <not implemented yet for class: org.codehaus.groovy.ast.expr.EmptyExpression>: null

16-10-2024T07:02:12 - [TEST_STEP][PASSED] - TR = <not implemented yet for class: org.codehaus.groovy.ast.expr.EmptyExpression>: null

16-10-2024T07:02:12 - [TEST_STEP][PASSED] - TB = <not implemented yet for class: org.codehaus.groovy.ast.expr.EmptyExpression>: null

16-10-2024T07:02:12 - [TEST_STEP][PASSED] - sheetName = "Sheet1": null

16-10-2024T07:02:12 - [TEST_STEP][PASSED] - data = findTestData("PlanFact"): null

16-10-2024T07:02:12 - [TEST_STEP][PASSED] - n = data.getRowNumbers() + 1: null

16-10-2024T07:02:12 - [TEST_STEP][PASSED] - year = todaysDate.substring(todaysDate.length() - 4, todaysDate.length()): null

16-10-2024T07:02:12 - [TEST_STEP][PASSED] - y = year.toInteger(): null

16-10-2024T07:02:12 - [TEST_STEP][PASSED] - m = getText(findTestObject("Выполнение бизнес-плана/Выполнение бизнес-плана Балансы/Фильтр Дата")): Text of object 'Object Repository/Выполнение бизнес-плана/Выполнение бизнес-плана Балансы/Фильтр Дата' is: '1, 2 кв., Июль, Август 2024 года'

16-10-2024T07:02:12 - [MESSAGE][PASSED] - Text of object 'Object Repository/Выполнение бизнес-плана/Выполнение бизнес-плана Балансы/Фильтр Дата' is: '1, 2 кв., Июль, Август 2024 года'

16-10-2024T07:02:12 - [TEST_STEP][PASSED] - m = m.substring(0, m.indexOf("2024")): null

16-10-2024T07:02:12 - [TEST_STEP][PASSED] - m = m.trim(): null

16-10-2024T07:02:12 - [TEST_STEP][PASSED] - dashboardName = "Выполнение бизнес-плана": null

16-10-2024T07:02:12 - [TEST_STEP][PASSED] - workbook01 = getWorkbook(excelFilePath): null

16-10-2024T07:02:12 - [TEST_STEP][PASSED] - sheet01 = getExcelSheet(workbook01, sheetName): null

16-10-2024T07:02:12 - [TEST_STEP][PASSED] - setValueToCellByIndex(sheet01, n, 0, dashboardName): null

16-10-2024T07:02:12 - [TEST_STEP][PASSED] - setValueToCellByIndex(sheet01, n, 1, dZO): null

16-10-2024T07:02:12 - [TEST_STEP][PASSED] - setValueToCellByIndex(sheet01, n, 2, typeOfData): null

16-10-2024T07:02:12 - [TEST_STEP][PASSED] - setValueToCellByIndex(sheet01, n, 3, typeOfData): null

16-10-2024T07:02:12 - [TEST_STEP][PASSED] - if (typeOfData == "План"): null

16-10-2024T07:02:12 - [TEST_STEP][PASSED] - else if (typeOfData == "Факт"): null

16-10-2024T07:02:12 - [TEST_STEP][PASSED] - else if (vidget.contains("электроэнергии") == true): null

16-10-2024T07:02:12 - [TEST_STEP][PASSED] - if (tabR == null): null

16-10-2024T07:02:12 - [TEST_STEP][PASSED] - else: null

16-10-2024T07:02:12 - [TEST_STEP][PASSED] - if (tabR == "нет данных"): null

16-10-2024T07:02:12 - [TEST_STEP][PASSED] - setValueToCellByIndex(sheet01, n, 4, "нет данных"): null

16-10-2024T07:02:12 - [TEST_STEP][PASSED] - if (tabB == null): null

16-10-2024T07:02:12 - [TEST_STEP][PASSED] - else: null

16-10-2024T07:02:12 - [TEST_STEP][PASSED] - if (tabB == "нет данных"): null

16-10-2024T07:02:12 - [TEST_STEP][PASSED] - else: null

16-10-2024T07:02:12 - [TEST_STEP][PASSED] - TB = tabB.toInteger(): null

16-10-2024T07:02:12 - [TEST_STEP][PASSED] - setValueToCellByIndex(sheet01, n, 5, TB): null

16-10-2024T07:02:12 - [TEST_STEP][PASSED] - setValueToCellByIndex(sheet01, n, 6, m): null

16-10-2024T07:02:12 - [TEST_STEP][PASSED] - setValueToCellByIndex(sheet01, n, 7, y): null

16-10-2024T07:02:12 - [TEST_STEP][PASSED] - setValueToCellByIndex(sheet01, n, 8, todaysDate): null

16-10-2024T07:02:12 - [TEST_STEP][PASSED] - n = n + 1: null

16-10-2024T07:02:12 - [TEST_STEP][PASSED] - saveWorkbook(excelFilePath, workbook01): null

16-10-2024T07:02:13 - [TEST_STEP][PASSED] - vidget = "Показатели баланса электроэнергии по ДЗО – План": null

16-10-2024T07:02:13 - [TEST_STEP][PASSED] - typeOfData = "План Отпуск в сеть": null

16-10-2024T07:02:13 - [TEST_STEP][PASSED] - tabR = GetOvSPlanR(x = a): null

16-10-2024T07:02:13 - [TEST_STEP][PASSED] - i1 = <not implemented yet for class: org.codehaus.groovy.ast.expr.EmptyExpression>: null

16-10-2024T07:02:13 - [TEST_STEP][PASSED] - ii = <not implemented yet for class: org.codehaus.groovy.ast.expr.EmptyExpression>: null

16-10-2024T07:02:13 - [TEST_STEP][PASSED] - for ([ii = 1, ii < 7, (ii++)]): null

16-10-2024T07:02:13 - [TEST_STEP][PASSED] - i1 = x.indexOf("/") + 1: null

16-10-2024T07:02:13 - [TEST_STEP][PASSED] - if (i1 > -1): null

16-10-2024T07:02:13 - [TEST_STEP][PASSED] - x = x.substring(i1, x.length()): null

16-10-2024T07:02:13 - [TEST_STEP][PASSED] - println(x): null

16-10-2024T07:02:13 - [TEST_STEP][PASSED] - i1 = x.indexOf("/") + 1: null

16-10-2024T07:02:13 - [TEST_STEP][PASSED] - if (i1 > -1): null

16-10-2024T07:02:13 - [TEST_STEP][PASSED] - x = x.substring(i1, x.length()): null

16-10-2024T07:02:13 - [TEST_STEP][PASSED] - println(x): null

16-10-2024T07:02:13 - [TEST_STEP][PASSED] - i1 = x.indexOf("/") + 1: null

16-10-2024T07:02:13 - [TEST_STEP][PASSED] - if (i1 > -1): null

16-10-2024T07:02:13 - [TEST_STEP][PASSED] - x = x.substring(i1, x.length()): null

16-10-2024T07:02:13 - [TEST_STEP][PASSED] - println(x): null

16-10-2024T07:02:13 - [TEST_STEP][PASSED] - i1 = x.indexOf("/") + 1: null

16-10-2024T07:02:13 - [TEST_STEP][PASSED] - if (i1 > -1): null

16-10-2024T07:02:13 - [TEST_STEP][PASSED] - x = x.substring(i1, x.length()): null

16-10-2024T07:02:13 - [TEST_STEP][PASSED] - println(x): null

16-10-2024T07:02:13 - [TEST_STEP][PASSED] - i1 = x.indexOf("/") + 1: null

16-10-2024T07:02:13 - [TEST_STEP][PASSED] - if (i1 > -1): null

16-10-2024T07:02:13 - [TEST_STEP][PASSED] - x = x.substring(i1, x.length()): null

16-10-2024T07:02:13 - [TEST_STEP][PASSED] - println(x): null

16-10-2024T07:02:13 - [TEST_STEP][PASSED] - i1 = x.indexOf("/") + 1: null

16-10-2024T07:02:13 - [TEST_STEP][PASSED] - if (i1 > -1): null

16-10-2024T07:02:13 - [TEST_STEP][PASSED] - x = x.substring(i1, x.length()): null

16-10-2024T07:02:13 - [TEST_STEP][PASSED] - println(x): null

16-10-2024T07:02:13 - [TEST_STEP][PASSED] - i1 = x.indexOf("/"): null

16-10-2024T07:02:13 - [TEST_STEP][PASSED] - if (i1 > -1): null

16-10-2024T07:02:13 - [TEST_STEP][PASSED] - x = x.substring(0, i1): null

16-10-2024T07:02:13 - [TEST_STEP][PASSED] - println(x): null

16-10-2024T07:02:13 - [TEST_STEP][PASSED] - return x: null

16-10-2024T07:02:13 - [TEST_STEP][PASSED] - tabB = GetOvSPlanB(x = b): null

16-10-2024T07:02:13 - [TEST_STEP][PASSED] - i1 = <not implemented yet for class: org.codehaus.groovy.ast.expr.EmptyExpression>: null

16-10-2024T07:02:13 - [TEST_STEP][PASSED] - ii = <not implemented yet for class: org.codehaus.groovy.ast.expr.EmptyExpression>: null

16-10-2024T07:02:13 - [TEST_STEP][PASSED] - for ([ii = 1, ii < 7, (ii++)]): null

16-10-2024T07:02:13 - [TEST_STEP][PASSED] - i1 = x.indexOf("/") + 1: null

16-10-2024T07:02:13 - [TEST_STEP][PASSED] - if (i1 > -1): null

16-10-2024T07:02:13 - [TEST_STEP][PASSED] - x = x.substring(i1, x.length()): null

16-10-2024T07:02:13 - [TEST_STEP][PASSED] - println(x): null

16-10-2024T07:02:13 - [TEST_STEP][PASSED] - i1 = x.indexOf("/") + 1: null

16-10-2024T07:02:13 - [TEST_STEP][PASSED] - if (i1 > -1): null

16-10-2024T07:02:13 - [TEST_STEP][PASSED] - x = x.substring(i1, x.length()): null

16-10-2024T07:02:13 - [TEST_STEP][PASSED] - println(x): null

16-10-2024T07:02:13 - [TEST_STEP][PASSED] - i1 = x.indexOf("/") + 1: null

16-10-2024T07:02:13 - [TEST_STEP][PASSED] - if (i1 > -1): null

16-10-2024T07:02:13 - [TEST_STEP][PASSED] - x = x.substring(i1, x.length()): null

16-10-2024T07:02:13 - [TEST_STEP][PASSED] - println(x): null

16-10-2024T07:02:13 - [TEST_STEP][PASSED] - i1 = x.indexOf("/") + 1: null

16-10-2024T07:02:13 - [TEST_STEP][PASSED] - if (i1 > -1): null

16-10-2024T07:02:13 - [TEST_STEP][PASSED] - x = x.substring(i1, x.length()): null

16-10-2024T07:02:13 - [TEST_STEP][PASSED] - println(x): null

16-10-2024T07:02:13 - [TEST_STEP][PASSED] - i1 = x.indexOf("/") + 1: null

16-10-2024T07:02:13 - [TEST_STEP][PASSED] - if (i1 > -1): null

16-10-2024T07:02:13 - [TEST_STEP][PASSED] - x = x.substring(i1, x.length()): null

16-10-2024T07:02:13 - [TEST_STEP][PASSED] - println(x): null

16-10-2024T07:02:13 - [TEST_STEP][PASSED] - i1 = x.indexOf("/") + 1: null

16-10-2024T07:02:13 - [TEST_STEP][PASSED] - if (i1 > -1): null

16-10-2024T07:02:13 - [TEST_STEP][PASSED] - x = x.substring(i1, x.length()): null

16-10-2024T07:02:13 - [TEST_STEP][PASSED] - println(x): null

16-10-2024T07:02:13 - [TEST_STEP][PASSED] - i1 = x.indexOf("/"): null

16-10-2024T07:02:13 - [TEST_STEP][PASSED] - if (i1 > -1): null

16-10-2024T07:02:13 - [TEST_STEP][PASSED] - x = x.substring(0, i1): null

16-10-2024T07:02:13 - [TEST_STEP][PASSED] - println(x): null

16-10-2024T07:02:13 - [TEST_STEP][FAILED] - return x: null

16-10-2024T07:02:13 - [TEST_STEP][PASSED] - println(tabR + "/" + tabB): null

16-10-2024T07:02:13 - [TEST_STEP][FAILED] - if (verifyEqual(PercFactR, PercFactB) == false): null

16-10-2024T07:02:13 - [MESSAGE][FAILED] - Unable to verify equal between actual object 'нет данных' and expected object '8.68' (Root cause: com.kms.katalon.core.exception.StepFailedException: Actual object 'нет данных' and expected object '8.68' are not equal
	at com.kms.katalon.core.keyword.builtin.VerifyEqualKeyword$_verifyEqual_closure1.doCall(VerifyEqualKeyword.groovy:58)
	at com.kms.katalon.core.keyword.builtin.VerifyEqualKeyword$_verifyEqual_closure1.call(VerifyEqualKeyword.groovy)
	at com.kms.katalon.core.keyword.internal.KeywordMain.runKeyword(KeywordMain.groovy:75)
	at com.kms.katalon.core.keyword.builtin.VerifyEqualKeyword.verifyEqual(VerifyEqualKeyword.groovy:63)
	at com.kms.katalon.core.keyword.builtin.VerifyEqualKeyword.execute(VerifyEqualKeyword.groovy:44)
	at com.kms.katalon.core.keyword.internal.KeywordExecutor.executeKeywordForPlatform(KeywordExecutor.groovy:74)
	at com.kms.katalon.core.keyword.BuiltinKeywords.verifyEqual(BuiltinKeywords.groovy:146)
	at jdk.internal.reflect.GeneratedMethodAccessor25.invoke(Unknown Source)
	at java.base/jdk.internal.reflect.DelegatingMethodAccessorImpl.invoke(DelegatingMethodAccessorImpl.java:43)
	at Выполнение бизнес-плана сверка дашбордов.CompareDZOData(Выполнение бизнес-плана сверка дашбордов:745)
	at Выполнение бизнес-плана сверка дашбордов.run(Выполнение бизнес-плана сверка дашбордов:603)
	at com.kms.katalon.core.main.ScriptEngine.run(ScriptEngine.java:194)
	at com.kms.katalon.core.main.ScriptEngine.runScriptAsRawText(ScriptEngine.java:119)
	at com.kms.katalon.core.main.TestCaseExecutor.runScript(TestCaseExecutor.java:448)
	at com.kms.katalon.core.main.TestCaseExecutor.doExecute(TestCaseExecutor.java:439)
	at com.kms.katalon.core.main.TestCaseExecutor.processExecutionPhase(TestCaseExecutor.java:418)
	at com.kms.katalon.core.main.TestCaseExecutor.accessMainPhase(TestCaseExecutor.java:410)
	at com.kms.katalon.core.main.TestCaseExecutor.execute(TestCaseExecutor.java:285)
	at com.kms.katalon.core.common.CommonExecutor.accessTestCaseMainPhase(CommonExecutor.java:65)
	at com.kms.katalon.core.main.TestSuiteExecutor.accessTestSuiteMainPhase(TestSuiteExecutor.java:150)
	at com.kms.katalon.core.main.TestSuiteExecutor.execute(TestSuiteExecutor.java:106)
	at com.kms.katalon.core.main.TestCaseMain.startTestSuite(TestCaseMain.java:180)
	at TempTestSuite1729050801829.run(TempTestSuite1729050801829.groovy:35)
	at java.base/jdk.internal.reflect.NativeMethodAccessorImpl.invoke0(Native Method)
	at java.base/jdk.internal.reflect.NativeMethodAccessorImpl.invoke(NativeMethodAccessorImpl.java:77)
	at java.base/jdk.internal.reflect.DelegatingMethodAccessorImpl.invoke(DelegatingMethodAccessorImpl.java:43)
)

16-10-2024T07:02:13 - [TEST_STEP][PASSED] - result = WriteToExcel(typeOfData, todaysDate, PercPlanR, PercPlanB, PercFactR, PercFactB, x, tabR, tabB, o1R, o1B, vidget): null

16-10-2024T07:02:13 - [TEST_STEP][PASSED] - iii = dZO.indexOf("/"): null

16-10-2024T07:02:13 - [TEST_STEP][PASSED] - println(iii): null

16-10-2024T07:02:13 - [TEST_STEP][PASSED] - dZO = dZO.substring(0, iii): null

16-10-2024T07:02:13 - [TEST_STEP][PASSED] - println(dZO): null

16-10-2024T07:02:13 - [TEST_STEP][PASSED] - println(PercPlanR): null

16-10-2024T07:02:13 - [TEST_STEP][PASSED] - println(PercPlanB): null

16-10-2024T07:02:13 - [TEST_STEP][PASSED] - println(PercFactR): null

16-10-2024T07:02:13 - [TEST_STEP][PASSED] - println(PercFactB): null

16-10-2024T07:02:13 - [TEST_STEP][PASSED] - println(tabR): null

16-10-2024T07:02:13 - [TEST_STEP][PASSED] - println(tabB): null

16-10-2024T07:02:13 - [TEST_STEP][PASSED] - println(o1R): null

16-10-2024T07:02:13 - [TEST_STEP][PASSED] - println(o1B): null

16-10-2024T07:02:13 - [TEST_STEP][PASSED] - PR = <not implemented yet for class: org.codehaus.groovy.ast.expr.EmptyExpression>: null

16-10-2024T07:02:13 - [TEST_STEP][PASSED] - FR = <not implemented yet for class: org.codehaus.groovy.ast.expr.EmptyExpression>: null

16-10-2024T07:02:13 - [TEST_STEP][PASSED] - PB = <not implemented yet for class: org.codehaus.groovy.ast.expr.EmptyExpression>: null

16-10-2024T07:02:13 - [TEST_STEP][PASSED] - FB = <not implemented yet for class: org.codehaus.groovy.ast.expr.EmptyExpression>: null

16-10-2024T07:02:13 - [TEST_STEP][PASSED] - TR = <not implemented yet for class: org.codehaus.groovy.ast.expr.EmptyExpression>: null

16-10-2024T07:02:13 - [TEST_STEP][PASSED] - TB = <not implemented yet for class: org.codehaus.groovy.ast.expr.EmptyExpression>: null

16-10-2024T07:02:13 - [TEST_STEP][PASSED] - sheetName = "Sheet1": null

16-10-2024T07:02:13 - [TEST_STEP][PASSED] - data = findTestData("PlanFact"): null

16-10-2024T07:02:13 - [TEST_STEP][PASSED] - n = data.getRowNumbers() + 1: null

16-10-2024T07:02:13 - [TEST_STEP][PASSED] - year = todaysDate.substring(todaysDate.length() - 4, todaysDate.length()): null

16-10-2024T07:02:13 - [TEST_STEP][PASSED] - y = year.toInteger(): null

16-10-2024T07:02:13 - [TEST_STEP][PASSED] - m = getText(findTestObject("Выполнение бизнес-плана/Выполнение бизнес-плана Балансы/Фильтр Дата")): Text of object 'Object Repository/Выполнение бизнес-плана/Выполнение бизнес-плана Балансы/Фильтр Дата' is: '1, 2 кв., Июль, Август 2024 года'

16-10-2024T07:02:13 - [MESSAGE][PASSED] - Text of object 'Object Repository/Выполнение бизнес-плана/Выполнение бизнес-плана Балансы/Фильтр Дата' is: '1, 2 кв., Июль, Август 2024 года'

16-10-2024T07:02:13 - [TEST_STEP][PASSED] - m = m.substring(0, m.indexOf("2024")): null

16-10-2024T07:02:13 - [TEST_STEP][PASSED] - m = m.trim(): null

16-10-2024T07:02:13 - [TEST_STEP][PASSED] - dashboardName = "Выполнение бизнес-плана": null

16-10-2024T07:02:13 - [TEST_STEP][PASSED] - workbook01 = getWorkbook(excelFilePath): null

16-10-2024T07:02:13 - [TEST_STEP][PASSED] - sheet01 = getExcelSheet(workbook01, sheetName): null

16-10-2024T07:02:13 - [TEST_STEP][PASSED] - setValueToCellByIndex(sheet01, n, 0, dashboardName): null

16-10-2024T07:02:13 - [TEST_STEP][PASSED] - setValueToCellByIndex(sheet01, n, 1, dZO): null

16-10-2024T07:02:13 - [TEST_STEP][PASSED] - setValueToCellByIndex(sheet01, n, 2, typeOfData): null

16-10-2024T07:02:13 - [TEST_STEP][PASSED] - setValueToCellByIndex(sheet01, n, 3, typeOfData): null

16-10-2024T07:02:13 - [TEST_STEP][PASSED] - if (typeOfData == "План"): null

16-10-2024T07:02:13 - [TEST_STEP][PASSED] - else if (typeOfData == "Факт"): null

16-10-2024T07:02:13 - [TEST_STEP][PASSED] - else if (vidget.contains("электроэнергии") == true): null

16-10-2024T07:02:13 - [TEST_STEP][PASSED] - if (tabR == null): null

16-10-2024T07:02:13 - [TEST_STEP][PASSED] - else: null

16-10-2024T07:02:13 - [TEST_STEP][PASSED] - if (tabR == "нет данных"): null

16-10-2024T07:02:13 - [TEST_STEP][PASSED] - setValueToCellByIndex(sheet01, n, 4, "нет данных"): null

16-10-2024T07:02:13 - [TEST_STEP][PASSED] - if (tabB == null): null

16-10-2024T07:02:13 - [TEST_STEP][PASSED] - else: null

16-10-2024T07:02:13 - [TEST_STEP][PASSED] - if (tabB == "нет данных"): null

16-10-2024T07:02:13 - [TEST_STEP][PASSED] - else: null

16-10-2024T07:02:13 - [TEST_STEP][PASSED] - TB = tabB.toInteger(): null

16-10-2024T07:02:13 - [TEST_STEP][PASSED] - setValueToCellByIndex(sheet01, n, 5, TB): null

16-10-2024T07:02:13 - [TEST_STEP][PASSED] - setValueToCellByIndex(sheet01, n, 6, m): null

16-10-2024T07:02:13 - [TEST_STEP][PASSED] - setValueToCellByIndex(sheet01, n, 7, y): null

16-10-2024T07:02:13 - [TEST_STEP][PASSED] - setValueToCellByIndex(sheet01, n, 8, todaysDate): null

16-10-2024T07:02:13 - [TEST_STEP][PASSED] - n = n + 1: null

16-10-2024T07:02:13 - [TEST_STEP][PASSED] - saveWorkbook(excelFilePath, workbook01): null

16-10-2024T07:02:13 - [TEST_STEP][PASSED] - typeOfData = "План Отпуск из сети": null

16-10-2024T07:02:13 - [TEST_STEP][PASSED] - tabR = GetOiSPlanR(x = a): null

16-10-2024T07:02:13 - [TEST_STEP][PASSED] - i1 = <not implemented yet for class: org.codehaus.groovy.ast.expr.EmptyExpression>: null

16-10-2024T07:02:13 - [TEST_STEP][PASSED] - ii = <not implemented yet for class: org.codehaus.groovy.ast.expr.EmptyExpression>: null

16-10-2024T07:02:13 - [TEST_STEP][PASSED] - for ([ii = 1, ii < 8, (ii++)]): null

16-10-2024T07:02:13 - [TEST_STEP][PASSED] - i1 = x.indexOf("/") + 1: null

16-10-2024T07:02:13 - [TEST_STEP][PASSED] - if (i1 > -1): null

16-10-2024T07:02:13 - [TEST_STEP][PASSED] - x = x.substring(i1, x.length()): null

16-10-2024T07:02:13 - [TEST_STEP][PASSED] - println(x): null

16-10-2024T07:02:13 - [TEST_STEP][PASSED] - i1 = x.indexOf("/") + 1: null

16-10-2024T07:02:13 - [TEST_STEP][PASSED] - if (i1 > -1): null

16-10-2024T07:02:13 - [TEST_STEP][PASSED] - x = x.substring(i1, x.length()): null

16-10-2024T07:02:13 - [TEST_STEP][PASSED] - println(x): null

16-10-2024T07:02:13 - [TEST_STEP][PASSED] - i1 = x.indexOf("/") + 1: null

16-10-2024T07:02:13 - [TEST_STEP][PASSED] - if (i1 > -1): null

16-10-2024T07:02:13 - [TEST_STEP][PASSED] - x = x.substring(i1, x.length()): null

16-10-2024T07:02:13 - [TEST_STEP][PASSED] - println(x): null

16-10-2024T07:02:13 - [TEST_STEP][PASSED] - i1 = x.indexOf("/") + 1: null

16-10-2024T07:02:13 - [TEST_STEP][PASSED] - if (i1 > -1): null

16-10-2024T07:02:13 - [TEST_STEP][PASSED] - x = x.substring(i1, x.length()): null

16-10-2024T07:02:13 - [TEST_STEP][PASSED] - println(x): null

16-10-2024T07:02:13 - [TEST_STEP][PASSED] - i1 = x.indexOf("/") + 1: null

16-10-2024T07:02:13 - [TEST_STEP][PASSED] - if (i1 > -1): null

16-10-2024T07:02:13 - [TEST_STEP][PASSED] - x = x.substring(i1, x.length()): null

16-10-2024T07:02:13 - [TEST_STEP][PASSED] - println(x): null

16-10-2024T07:02:13 - [TEST_STEP][PASSED] - i1 = x.indexOf("/") + 1: null

16-10-2024T07:02:13 - [TEST_STEP][PASSED] - if (i1 > -1): null

16-10-2024T07:02:13 - [TEST_STEP][PASSED] - x = x.substring(i1, x.length()): null

16-10-2024T07:02:13 - [TEST_STEP][PASSED] - println(x): null

16-10-2024T07:02:13 - [TEST_STEP][PASSED] - i1 = x.indexOf("/") + 1: null

16-10-2024T07:02:13 - [TEST_STEP][PASSED] - if (i1 > -1): null

16-10-2024T07:02:13 - [TEST_STEP][PASSED] - x = x.substring(i1, x.length()): null

16-10-2024T07:02:13 - [TEST_STEP][PASSED] - println(x): null

16-10-2024T07:02:13 - [TEST_STEP][PASSED] - i1 = x.indexOf("/"): null

16-10-2024T07:02:13 - [TEST_STEP][PASSED] - if (i1 > -1): null

16-10-2024T07:02:13 - [TEST_STEP][PASSED] - x = x.substring(0, i1): null

16-10-2024T07:02:13 - [TEST_STEP][PASSED] - println(x): null

16-10-2024T07:02:13 - [TEST_STEP][PASSED] - return x: null

16-10-2024T07:02:13 - [TEST_STEP][PASSED] - tabB = GetOiSPlanB(x = b): null

16-10-2024T07:02:13 - [TEST_STEP][PASSED] - i1 = <not implemented yet for class: org.codehaus.groovy.ast.expr.EmptyExpression>: null

16-10-2024T07:02:13 - [TEST_STEP][PASSED] - ii = <not implemented yet for class: org.codehaus.groovy.ast.expr.EmptyExpression>: null

16-10-2024T07:02:13 - [TEST_STEP][PASSED] - for ([ii = 1, ii < 8, (ii++)]): null

16-10-2024T07:02:13 - [TEST_STEP][PASSED] - i1 = x.indexOf("/") + 1: null

16-10-2024T07:02:13 - [TEST_STEP][PASSED] - if (i1 > -1): null

16-10-2024T07:02:13 - [TEST_STEP][PASSED] - x = x.substring(i1, x.length()): null

16-10-2024T07:02:13 - [TEST_STEP][PASSED] - println(x): null

16-10-2024T07:02:13 - [TEST_STEP][PASSED] - i1 = x.indexOf("/") + 1: null

16-10-2024T07:02:13 - [TEST_STEP][PASSED] - if (i1 > -1): null

16-10-2024T07:02:13 - [TEST_STEP][PASSED] - x = x.substring(i1, x.length()): null

16-10-2024T07:02:13 - [TEST_STEP][PASSED] - println(x): null

16-10-2024T07:02:13 - [TEST_STEP][PASSED] - i1 = x.indexOf("/") + 1: null

16-10-2024T07:02:13 - [TEST_STEP][PASSED] - if (i1 > -1): null

16-10-2024T07:02:13 - [TEST_STEP][PASSED] - x = x.substring(i1, x.length()): null

16-10-2024T07:02:13 - [TEST_STEP][PASSED] - println(x): null

16-10-2024T07:02:13 - [TEST_STEP][PASSED] - i1 = x.indexOf("/") + 1: null

16-10-2024T07:02:13 - [TEST_STEP][PASSED] - if (i1 > -1): null

16-10-2024T07:02:13 - [TEST_STEP][PASSED] - x = x.substring(i1, x.length()): null

16-10-2024T07:02:13 - [TEST_STEP][PASSED] - println(x): null

16-10-2024T07:02:13 - [TEST_STEP][PASSED] - i1 = x.indexOf("/") + 1: null

16-10-2024T07:02:13 - [TEST_STEP][PASSED] - if (i1 > -1): null

16-10-2024T07:02:13 - [TEST_STEP][PASSED] - x = x.substring(i1, x.length()): null

16-10-2024T07:02:13 - [TEST_STEP][PASSED] - println(x): null

16-10-2024T07:02:13 - [TEST_STEP][PASSED] - i1 = x.indexOf("/") + 1: null

16-10-2024T07:02:13 - [TEST_STEP][PASSED] - if (i1 > -1): null

16-10-2024T07:02:13 - [TEST_STEP][PASSED] - x = x.substring(i1, x.length()): null

16-10-2024T07:02:13 - [TEST_STEP][PASSED] - println(x): null

16-10-2024T07:02:13 - [TEST_STEP][PASSED] - i1 = x.indexOf("/") + 1: null

16-10-2024T07:02:13 - [TEST_STEP][PASSED] - if (i1 > -1): null

16-10-2024T07:02:13 - [TEST_STEP][PASSED] - x = x.substring(i1, x.length()): null

16-10-2024T07:02:13 - [TEST_STEP][PASSED] - println(x): null

16-10-2024T07:02:13 - [TEST_STEP][PASSED] - i1 = x.indexOf("/"): null

16-10-2024T07:02:13 - [TEST_STEP][PASSED] - if (i1 > -1): null

16-10-2024T07:02:13 - [TEST_STEP][PASSED] - x = x.substring(0, i1): null

16-10-2024T07:02:13 - [TEST_STEP][PASSED] - println(x): null

16-10-2024T07:02:13 - [TEST_STEP][FAILED] - return x: null

16-10-2024T07:02:13 - [TEST_STEP][PASSED] - println(tabR + "/" + tabB): null

16-10-2024T07:02:13 - [TEST_STEP][FAILED] - if (verifyEqual(PercFactR, PercFactB) == false): null

16-10-2024T07:02:13 - [MESSAGE][FAILED] - Unable to verify equal between actual object 'нет данных' and expected object '8.68' (Root cause: com.kms.katalon.core.exception.StepFailedException: Actual object 'нет данных' and expected object '8.68' are not equal
	at com.kms.katalon.core.keyword.builtin.VerifyEqualKeyword$_verifyEqual_closure1.doCall(VerifyEqualKeyword.groovy:58)
	at com.kms.katalon.core.keyword.builtin.VerifyEqualKeyword$_verifyEqual_closure1.call(VerifyEqualKeyword.groovy)
	at com.kms.katalon.core.keyword.internal.KeywordMain.runKeyword(KeywordMain.groovy:75)
	at com.kms.katalon.core.keyword.builtin.VerifyEqualKeyword.verifyEqual(VerifyEqualKeyword.groovy:63)
	at com.kms.katalon.core.keyword.builtin.VerifyEqualKeyword.execute(VerifyEqualKeyword.groovy:44)
	at com.kms.katalon.core.keyword.internal.KeywordExecutor.executeKeywordForPlatform(KeywordExecutor.groovy:74)
	at com.kms.katalon.core.keyword.BuiltinKeywords.verifyEqual(BuiltinKeywords.groovy:146)
	at jdk.internal.reflect.GeneratedMethodAccessor25.invoke(Unknown Source)
	at java.base/jdk.internal.reflect.DelegatingMethodAccessorImpl.invoke(DelegatingMethodAccessorImpl.java:43)
	at Выполнение бизнес-плана сверка дашбордов.CompareDZOData(Выполнение бизнес-плана сверка дашбордов:758)
	at Выполнение бизнес-плана сверка дашбордов.run(Выполнение бизнес-плана сверка дашбордов:603)
	at com.kms.katalon.core.main.ScriptEngine.run(ScriptEngine.java:194)
	at com.kms.katalon.core.main.ScriptEngine.runScriptAsRawText(ScriptEngine.java:119)
	at com.kms.katalon.core.main.TestCaseExecutor.runScript(TestCaseExecutor.java:448)
	at com.kms.katalon.core.main.TestCaseExecutor.doExecute(TestCaseExecutor.java:439)
	at com.kms.katalon.core.main.TestCaseExecutor.processExecutionPhase(TestCaseExecutor.java:418)
	at com.kms.katalon.core.main.TestCaseExecutor.accessMainPhase(TestCaseExecutor.java:410)
	at com.kms.katalon.core.main.TestCaseExecutor.execute(TestCaseExecutor.java:285)
	at com.kms.katalon.core.common.CommonExecutor.accessTestCaseMainPhase(CommonExecutor.java:65)
	at com.kms.katalon.core.main.TestSuiteExecutor.accessTestSuiteMainPhase(TestSuiteExecutor.java:150)
	at com.kms.katalon.core.main.TestSuiteExecutor.execute(TestSuiteExecutor.java:106)
	at com.kms.katalon.core.main.TestCaseMain.startTestSuite(TestCaseMain.java:180)
	at TempTestSuite1729050801829.run(TempTestSuite1729050801829.groovy:35)
	at java.base/jdk.internal.reflect.NativeMethodAccessorImpl.invoke0(Native Method)
	at java.base/jdk.internal.reflect.NativeMethodAccessorImpl.invoke(NativeMethodAccessorImpl.java:77)
	at java.base/jdk.internal.reflect.DelegatingMethodAccessorImpl.invoke(DelegatingMethodAccessorImpl.java:43)
)

16-10-2024T07:02:13 - [TEST_STEP][PASSED] - result = WriteToExcel(typeOfData, todaysDate, PercPlanR, PercPlanB, PercFactR, PercFactB, x, tabR, tabB, o1R, o1B, vidget): null

16-10-2024T07:02:13 - [TEST_STEP][PASSED] - iii = dZO.indexOf("/"): null

16-10-2024T07:02:13 - [TEST_STEP][PASSED] - println(iii): null

16-10-2024T07:02:13 - [TEST_STEP][PASSED] - dZO = dZO.substring(0, iii): null

16-10-2024T07:02:13 - [TEST_STEP][PASSED] - println(dZO): null

16-10-2024T07:02:13 - [TEST_STEP][PASSED] - println(PercPlanR): null

16-10-2024T07:02:13 - [TEST_STEP][PASSED] - println(PercPlanB): null

16-10-2024T07:02:13 - [TEST_STEP][PASSED] - println(PercFactR): null

16-10-2024T07:02:13 - [TEST_STEP][PASSED] - println(PercFactB): null

16-10-2024T07:02:13 - [TEST_STEP][PASSED] - println(tabR): null

16-10-2024T07:02:13 - [TEST_STEP][PASSED] - println(tabB): null

16-10-2024T07:02:13 - [TEST_STEP][PASSED] - println(o1R): null

16-10-2024T07:02:13 - [TEST_STEP][PASSED] - println(o1B): null

16-10-2024T07:02:13 - [TEST_STEP][PASSED] - PR = <not implemented yet for class: org.codehaus.groovy.ast.expr.EmptyExpression>: null

16-10-2024T07:02:13 - [TEST_STEP][PASSED] - FR = <not implemented yet for class: org.codehaus.groovy.ast.expr.EmptyExpression>: null

16-10-2024T07:02:13 - [TEST_STEP][PASSED] - PB = <not implemented yet for class: org.codehaus.groovy.ast.expr.EmptyExpression>: null

16-10-2024T07:02:13 - [TEST_STEP][PASSED] - FB = <not implemented yet for class: org.codehaus.groovy.ast.expr.EmptyExpression>: null

16-10-2024T07:02:13 - [TEST_STEP][PASSED] - TR = <not implemented yet for class: org.codehaus.groovy.ast.expr.EmptyExpression>: null

16-10-2024T07:02:13 - [TEST_STEP][PASSED] - TB = <not implemented yet for class: org.codehaus.groovy.ast.expr.EmptyExpression>: null

16-10-2024T07:02:13 - [TEST_STEP][PASSED] - sheetName = "Sheet1": null

16-10-2024T07:02:13 - [TEST_STEP][PASSED] - data = findTestData("PlanFact"): null

16-10-2024T07:02:13 - [TEST_STEP][PASSED] - n = data.getRowNumbers() + 1: null

16-10-2024T07:02:13 - [TEST_STEP][PASSED] - year = todaysDate.substring(todaysDate.length() - 4, todaysDate.length()): null

16-10-2024T07:02:13 - [TEST_STEP][PASSED] - y = year.toInteger(): null

16-10-2024T07:02:13 - [TEST_STEP][PASSED] - m = getText(findTestObject("Выполнение бизнес-плана/Выполнение бизнес-плана Балансы/Фильтр Дата")): Text of object 'Object Repository/Выполнение бизнес-плана/Выполнение бизнес-плана Балансы/Фильтр Дата' is: '1, 2 кв., Июль, Август 2024 года'

16-10-2024T07:02:14 - [MESSAGE][PASSED] - Text of object 'Object Repository/Выполнение бизнес-плана/Выполнение бизнес-плана Балансы/Фильтр Дата' is: '1, 2 кв., Июль, Август 2024 года'

16-10-2024T07:02:14 - [TEST_STEP][PASSED] - m = m.substring(0, m.indexOf("2024")): null

16-10-2024T07:02:14 - [TEST_STEP][PASSED] - m = m.trim(): null

16-10-2024T07:02:14 - [TEST_STEP][PASSED] - dashboardName = "Выполнение бизнес-плана": null

16-10-2024T07:02:14 - [TEST_STEP][PASSED] - workbook01 = getWorkbook(excelFilePath): null

16-10-2024T07:02:14 - [TEST_STEP][PASSED] - sheet01 = getExcelSheet(workbook01, sheetName): null

16-10-2024T07:02:14 - [TEST_STEP][PASSED] - setValueToCellByIndex(sheet01, n, 0, dashboardName): null

16-10-2024T07:02:14 - [TEST_STEP][PASSED] - setValueToCellByIndex(sheet01, n, 1, dZO): null

16-10-2024T07:02:14 - [TEST_STEP][PASSED] - setValueToCellByIndex(sheet01, n, 2, typeOfData): null

16-10-2024T07:02:14 - [TEST_STEP][PASSED] - setValueToCellByIndex(sheet01, n, 3, typeOfData): null

16-10-2024T07:02:14 - [TEST_STEP][PASSED] - if (typeOfData == "План"): null

16-10-2024T07:02:14 - [TEST_STEP][PASSED] - else if (typeOfData == "Факт"): null

16-10-2024T07:02:14 - [TEST_STEP][PASSED] - else if (vidget.contains("электроэнергии") == true): null

16-10-2024T07:02:14 - [TEST_STEP][PASSED] - if (tabR == null): null

16-10-2024T07:02:14 - [TEST_STEP][PASSED] - else: null

16-10-2024T07:02:14 - [TEST_STEP][PASSED] - if (tabR == "нет данных"): null

16-10-2024T07:02:14 - [TEST_STEP][PASSED] - setValueToCellByIndex(sheet01, n, 4, "нет данных"): null

16-10-2024T07:02:14 - [TEST_STEP][PASSED] - if (tabB == null): null

16-10-2024T07:02:14 - [TEST_STEP][PASSED] - else: null

16-10-2024T07:02:14 - [TEST_STEP][PASSED] - if (tabB == "нет данных"): null

16-10-2024T07:02:14 - [TEST_STEP][PASSED] - else: null

16-10-2024T07:02:14 - [TEST_STEP][PASSED] - TB = tabB.toInteger(): null

16-10-2024T07:02:14 - [TEST_STEP][PASSED] - setValueToCellByIndex(sheet01, n, 5, TB): null

16-10-2024T07:02:14 - [TEST_STEP][PASSED] - setValueToCellByIndex(sheet01, n, 6, m): null

16-10-2024T07:02:14 - [TEST_STEP][PASSED] - setValueToCellByIndex(sheet01, n, 7, y): null

16-10-2024T07:02:14 - [TEST_STEP][PASSED] - setValueToCellByIndex(sheet01, n, 8, todaysDate): null

16-10-2024T07:02:14 - [TEST_STEP][PASSED] - n = n + 1: null

16-10-2024T07:02:14 - [TEST_STEP][PASSED] - saveWorkbook(excelFilePath, workbook01): null

16-10-2024T07:02:14 - [TEST_STEP][PASSED] - typeOfData = "План Потери": null

16-10-2024T07:02:14 - [TEST_STEP][PASSED] - tabR = GetPPlanR(x = a): null

16-10-2024T07:02:14 - [TEST_STEP][PASSED] - i1 = <not implemented yet for class: org.codehaus.groovy.ast.expr.EmptyExpression>: null

16-10-2024T07:02:14 - [TEST_STEP][PASSED] - ii = <not implemented yet for class: org.codehaus.groovy.ast.expr.EmptyExpression>: null

16-10-2024T07:02:14 - [TEST_STEP][PASSED] - for ([ii = 1, ii < 9, (ii++)]): null

16-10-2024T07:02:14 - [TEST_STEP][PASSED] - i1 = x.indexOf("/") + 1: null

16-10-2024T07:02:14 - [TEST_STEP][PASSED] - if (i1 > -1): null

16-10-2024T07:02:14 - [TEST_STEP][PASSED] - x = x.substring(i1, x.length()): null

16-10-2024T07:02:14 - [TEST_STEP][PASSED] - println(x): null

16-10-2024T07:02:14 - [TEST_STEP][PASSED] - i1 = x.indexOf("/") + 1: null

16-10-2024T07:02:14 - [TEST_STEP][PASSED] - if (i1 > -1): null

16-10-2024T07:02:14 - [TEST_STEP][PASSED] - x = x.substring(i1, x.length()): null

16-10-2024T07:02:14 - [TEST_STEP][PASSED] - println(x): null

16-10-2024T07:02:14 - [TEST_STEP][PASSED] - i1 = x.indexOf("/") + 1: null

16-10-2024T07:02:14 - [TEST_STEP][PASSED] - if (i1 > -1): null

16-10-2024T07:02:14 - [TEST_STEP][PASSED] - x = x.substring(i1, x.length()): null

16-10-2024T07:02:14 - [TEST_STEP][PASSED] - println(x): null

16-10-2024T07:02:14 - [TEST_STEP][PASSED] - i1 = x.indexOf("/") + 1: null

16-10-2024T07:02:14 - [TEST_STEP][PASSED] - if (i1 > -1): null

16-10-2024T07:02:14 - [TEST_STEP][PASSED] - x = x.substring(i1, x.length()): null

16-10-2024T07:02:14 - [TEST_STEP][PASSED] - println(x): null

16-10-2024T07:02:14 - [TEST_STEP][PASSED] - i1 = x.indexOf("/") + 1: null

16-10-2024T07:02:14 - [TEST_STEP][PASSED] - if (i1 > -1): null

16-10-2024T07:02:14 - [TEST_STEP][PASSED] - x = x.substring(i1, x.length()): null

16-10-2024T07:02:14 - [TEST_STEP][PASSED] - println(x): null

16-10-2024T07:02:14 - [TEST_STEP][PASSED] - i1 = x.indexOf("/") + 1: null

16-10-2024T07:02:14 - [TEST_STEP][PASSED] - if (i1 > -1): null

16-10-2024T07:02:14 - [TEST_STEP][PASSED] - x = x.substring(i1, x.length()): null

16-10-2024T07:02:14 - [TEST_STEP][PASSED] - println(x): null

16-10-2024T07:02:14 - [TEST_STEP][PASSED] - i1 = x.indexOf("/") + 1: null

16-10-2024T07:02:14 - [TEST_STEP][PASSED] - if (i1 > -1): null

16-10-2024T07:02:14 - [TEST_STEP][PASSED] - x = x.substring(i1, x.length()): null

16-10-2024T07:02:14 - [TEST_STEP][PASSED] - println(x): null

16-10-2024T07:02:14 - [TEST_STEP][PASSED] - i1 = x.indexOf("/") + 1: null

16-10-2024T07:02:14 - [TEST_STEP][PASSED] - if (i1 > -1): null

16-10-2024T07:02:14 - [TEST_STEP][PASSED] - x = x.substring(i1, x.length()): null

16-10-2024T07:02:14 - [TEST_STEP][PASSED] - println(x): null

16-10-2024T07:02:14 - [TEST_STEP][PASSED] - i1 = x.indexOf("/"): null

16-10-2024T07:02:14 - [TEST_STEP][PASSED] - if (i1 > -1): null

16-10-2024T07:02:14 - [TEST_STEP][PASSED] - x = x.substring(0, i1): null

16-10-2024T07:02:14 - [TEST_STEP][PASSED] - println(x): null

16-10-2024T07:02:14 - [TEST_STEP][PASSED] - return x: null

16-10-2024T07:02:14 - [TEST_STEP][PASSED] - tabB = GetPPlanB(x = b): null

16-10-2024T07:02:14 - [TEST_STEP][PASSED] - i1 = <not implemented yet for class: org.codehaus.groovy.ast.expr.EmptyExpression>: null

16-10-2024T07:02:14 - [TEST_STEP][PASSED] - ii = <not implemented yet for class: org.codehaus.groovy.ast.expr.EmptyExpression>: null

16-10-2024T07:02:14 - [TEST_STEP][PASSED] - for ([ii = 1, ii < 9, (ii++)]): null

16-10-2024T07:02:14 - [TEST_STEP][PASSED] - i1 = x.indexOf("/") + 1: null

16-10-2024T07:02:14 - [TEST_STEP][PASSED] - if (i1 > -1): null

16-10-2024T07:02:14 - [TEST_STEP][PASSED] - x = x.substring(i1, x.length()): null

16-10-2024T07:02:14 - [TEST_STEP][PASSED] - println(x): null

16-10-2024T07:02:14 - [TEST_STEP][PASSED] - i1 = x.indexOf("/") + 1: null

16-10-2024T07:02:14 - [TEST_STEP][PASSED] - if (i1 > -1): null

16-10-2024T07:02:14 - [TEST_STEP][PASSED] - x = x.substring(i1, x.length()): null

16-10-2024T07:02:14 - [TEST_STEP][PASSED] - println(x): null

16-10-2024T07:02:14 - [TEST_STEP][PASSED] - i1 = x.indexOf("/") + 1: null

16-10-2024T07:02:14 - [TEST_STEP][PASSED] - if (i1 > -1): null

16-10-2024T07:02:14 - [TEST_STEP][PASSED] - x = x.substring(i1, x.length()): null

16-10-2024T07:02:14 - [TEST_STEP][PASSED] - println(x): null

16-10-2024T07:02:14 - [TEST_STEP][PASSED] - i1 = x.indexOf("/") + 1: null

16-10-2024T07:02:14 - [TEST_STEP][PASSED] - if (i1 > -1): null

16-10-2024T07:02:14 - [TEST_STEP][PASSED] - x = x.substring(i1, x.length()): null

16-10-2024T07:02:14 - [TEST_STEP][PASSED] - println(x): null

16-10-2024T07:02:14 - [TEST_STEP][PASSED] - i1 = x.indexOf("/") + 1: null

16-10-2024T07:02:14 - [TEST_STEP][PASSED] - if (i1 > -1): null

16-10-2024T07:02:14 - [TEST_STEP][PASSED] - x = x.substring(i1, x.length()): null

16-10-2024T07:02:14 - [TEST_STEP][PASSED] - println(x): null

16-10-2024T07:02:14 - [TEST_STEP][PASSED] - i1 = x.indexOf("/") + 1: null

16-10-2024T07:02:14 - [TEST_STEP][PASSED] - if (i1 > -1): null

16-10-2024T07:02:14 - [TEST_STEP][PASSED] - x = x.substring(i1, x.length()): null

16-10-2024T07:02:14 - [TEST_STEP][PASSED] - println(x): null

16-10-2024T07:02:14 - [TEST_STEP][PASSED] - i1 = x.indexOf("/") + 1: null

16-10-2024T07:02:14 - [TEST_STEP][PASSED] - if (i1 > -1): null

16-10-2024T07:02:14 - [TEST_STEP][PASSED] - x = x.substring(i1, x.length()): null

16-10-2024T07:02:14 - [TEST_STEP][PASSED] - println(x): null

16-10-2024T07:02:14 - [TEST_STEP][PASSED] - i1 = x.indexOf("/") + 1: null

16-10-2024T07:02:14 - [TEST_STEP][PASSED] - if (i1 > -1): null

16-10-2024T07:02:14 - [TEST_STEP][PASSED] - x = x.substring(i1, x.length()): null

16-10-2024T07:02:14 - [TEST_STEP][PASSED] - println(x): null

16-10-2024T07:02:14 - [TEST_STEP][PASSED] - i1 = x.indexOf("/"): null

16-10-2024T07:02:14 - [TEST_STEP][PASSED] - if (i1 > -1): null

16-10-2024T07:02:14 - [TEST_STEP][PASSED] - x = x.substring(0, i1): null

16-10-2024T07:02:14 - [TEST_STEP][PASSED] - println(x): null

16-10-2024T07:02:14 - [TEST_STEP][FAILED] - return x: null

16-10-2024T07:02:14 - [TEST_STEP][PASSED] - println(tabR + "/" + tabB): null

16-10-2024T07:02:14 - [TEST_STEP][FAILED] - if (verifyEqual(PercFactR, PercFactB) == false): null

16-10-2024T07:02:14 - [MESSAGE][FAILED] - Unable to verify equal between actual object 'нет данных' and expected object '8.68' (Root cause: com.kms.katalon.core.exception.StepFailedException: Actual object 'нет данных' and expected object '8.68' are not equal
	at com.kms.katalon.core.keyword.builtin.VerifyEqualKeyword$_verifyEqual_closure1.doCall(VerifyEqualKeyword.groovy:58)
	at com.kms.katalon.core.keyword.builtin.VerifyEqualKeyword$_verifyEqual_closure1.call(VerifyEqualKeyword.groovy)
	at com.kms.katalon.core.keyword.internal.KeywordMain.runKeyword(KeywordMain.groovy:75)
	at com.kms.katalon.core.keyword.builtin.VerifyEqualKeyword.verifyEqual(VerifyEqualKeyword.groovy:63)
	at com.kms.katalon.core.keyword.builtin.VerifyEqualKeyword.execute(VerifyEqualKeyword.groovy:44)
	at com.kms.katalon.core.keyword.internal.KeywordExecutor.executeKeywordForPlatform(KeywordExecutor.groovy:74)
	at com.kms.katalon.core.keyword.BuiltinKeywords.verifyEqual(BuiltinKeywords.groovy:146)
	at jdk.internal.reflect.GeneratedMethodAccessor25.invoke(Unknown Source)
	at java.base/jdk.internal.reflect.DelegatingMethodAccessorImpl.invoke(DelegatingMethodAccessorImpl.java:43)
	at Выполнение бизнес-плана сверка дашбордов.CompareDZOData(Выполнение бизнес-плана сверка дашбордов:771)
	at Выполнение бизнес-плана сверка дашбордов.run(Выполнение бизнес-плана сверка дашбордов:603)
	at com.kms.katalon.core.main.ScriptEngine.run(ScriptEngine.java:194)
	at com.kms.katalon.core.main.ScriptEngine.runScriptAsRawText(ScriptEngine.java:119)
	at com.kms.katalon.core.main.TestCaseExecutor.runScript(TestCaseExecutor.java:448)
	at com.kms.katalon.core.main.TestCaseExecutor.doExecute(TestCaseExecutor.java:439)
	at com.kms.katalon.core.main.TestCaseExecutor.processExecutionPhase(TestCaseExecutor.java:418)
	at com.kms.katalon.core.main.TestCaseExecutor.accessMainPhase(TestCaseExecutor.java:410)
	at com.kms.katalon.core.main.TestCaseExecutor.execute(TestCaseExecutor.java:285)
	at com.kms.katalon.core.common.CommonExecutor.accessTestCaseMainPhase(CommonExecutor.java:65)
	at com.kms.katalon.core.main.TestSuiteExecutor.accessTestSuiteMainPhase(TestSuiteExecutor.java:150)
	at com.kms.katalon.core.main.TestSuiteExecutor.execute(TestSuiteExecutor.java:106)
	at com.kms.katalon.core.main.TestCaseMain.startTestSuite(TestCaseMain.java:180)
	at TempTestSuite1729050801829.run(TempTestSuite1729050801829.groovy:35)
	at java.base/jdk.internal.reflect.NativeMethodAccessorImpl.invoke0(Native Method)
	at java.base/jdk.internal.reflect.NativeMethodAccessorImpl.invoke(NativeMethodAccessorImpl.java:77)
	at java.base/jdk.internal.reflect.DelegatingMethodAccessorImpl.invoke(DelegatingMethodAccessorImpl.java:43)
)

16-10-2024T07:02:14 - [TEST_STEP][PASSED] - result = WriteToExcel(typeOfData, todaysDate, PercPlanR, PercPlanB, PercFactR, PercFactB, x, tabR, tabB, o1R, o1B, vidget): null

16-10-2024T07:02:14 - [TEST_STEP][PASSED] - iii = dZO.indexOf("/"): null

16-10-2024T07:02:14 - [TEST_STEP][PASSED] - println(iii): null

16-10-2024T07:02:14 - [TEST_STEP][PASSED] - dZO = dZO.substring(0, iii): null

16-10-2024T07:02:14 - [TEST_STEP][PASSED] - println(dZO): null

16-10-2024T07:02:14 - [TEST_STEP][PASSED] - println(PercPlanR): null

16-10-2024T07:02:14 - [TEST_STEP][PASSED] - println(PercPlanB): null

16-10-2024T07:02:14 - [TEST_STEP][PASSED] - println(PercFactR): null

16-10-2024T07:02:14 - [TEST_STEP][PASSED] - println(PercFactB): null

16-10-2024T07:02:14 - [TEST_STEP][PASSED] - println(tabR): null

16-10-2024T07:02:14 - [TEST_STEP][PASSED] - println(tabB): null

16-10-2024T07:02:14 - [TEST_STEP][PASSED] - println(o1R): null

16-10-2024T07:02:14 - [TEST_STEP][PASSED] - println(o1B): null

16-10-2024T07:02:14 - [TEST_STEP][PASSED] - PR = <not implemented yet for class: org.codehaus.groovy.ast.expr.EmptyExpression>: null

16-10-2024T07:02:14 - [TEST_STEP][PASSED] - FR = <not implemented yet for class: org.codehaus.groovy.ast.expr.EmptyExpression>: null

16-10-2024T07:02:14 - [TEST_STEP][PASSED] - PB = <not implemented yet for class: org.codehaus.groovy.ast.expr.EmptyExpression>: null

16-10-2024T07:02:14 - [TEST_STEP][PASSED] - FB = <not implemented yet for class: org.codehaus.groovy.ast.expr.EmptyExpression>: null

16-10-2024T07:02:14 - [TEST_STEP][PASSED] - TR = <not implemented yet for class: org.codehaus.groovy.ast.expr.EmptyExpression>: null

16-10-2024T07:02:14 - [TEST_STEP][PASSED] - TB = <not implemented yet for class: org.codehaus.groovy.ast.expr.EmptyExpression>: null

16-10-2024T07:02:14 - [TEST_STEP][PASSED] - sheetName = "Sheet1": null

16-10-2024T07:02:14 - [TEST_STEP][PASSED] - data = findTestData("PlanFact"): null

16-10-2024T07:02:14 - [TEST_STEP][PASSED] - n = data.getRowNumbers() + 1: null

16-10-2024T07:02:14 - [TEST_STEP][PASSED] - year = todaysDate.substring(todaysDate.length() - 4, todaysDate.length()): null

16-10-2024T07:02:14 - [TEST_STEP][PASSED] - y = year.toInteger(): null

16-10-2024T07:02:14 - [TEST_STEP][PASSED] - m = getText(findTestObject("Выполнение бизнес-плана/Выполнение бизнес-плана Балансы/Фильтр Дата")): Text of object 'Object Repository/Выполнение бизнес-плана/Выполнение бизнес-плана Балансы/Фильтр Дата' is: '1, 2 кв., Июль, Август 2024 года'

16-10-2024T07:02:14 - [MESSAGE][PASSED] - Text of object 'Object Repository/Выполнение бизнес-плана/Выполнение бизнес-плана Балансы/Фильтр Дата' is: '1, 2 кв., Июль, Август 2024 года'

16-10-2024T07:02:14 - [TEST_STEP][PASSED] - m = m.substring(0, m.indexOf("2024")): null

16-10-2024T07:02:14 - [TEST_STEP][PASSED] - m = m.trim(): null

16-10-2024T07:02:14 - [TEST_STEP][PASSED] - dashboardName = "Выполнение бизнес-плана": null

16-10-2024T07:02:14 - [TEST_STEP][PASSED] - workbook01 = getWorkbook(excelFilePath): null

16-10-2024T07:02:14 - [TEST_STEP][PASSED] - sheet01 = getExcelSheet(workbook01, sheetName): null

16-10-2024T07:02:14 - [TEST_STEP][PASSED] - setValueToCellByIndex(sheet01, n, 0, dashboardName): null

16-10-2024T07:02:14 - [TEST_STEP][PASSED] - setValueToCellByIndex(sheet01, n, 1, dZO): null

16-10-2024T07:02:14 - [TEST_STEP][PASSED] - setValueToCellByIndex(sheet01, n, 2, typeOfData): null

16-10-2024T07:02:14 - [TEST_STEP][PASSED] - setValueToCellByIndex(sheet01, n, 3, typeOfData): null

16-10-2024T07:02:14 - [TEST_STEP][PASSED] - if (typeOfData == "План"): null

16-10-2024T07:02:14 - [TEST_STEP][PASSED] - else if (typeOfData == "Факт"): null

16-10-2024T07:02:14 - [TEST_STEP][PASSED] - else if (vidget.contains("электроэнергии") == true): null

16-10-2024T07:02:14 - [TEST_STEP][PASSED] - if (tabR == null): null

16-10-2024T07:02:14 - [TEST_STEP][PASSED] - else: null

16-10-2024T07:02:14 - [TEST_STEP][PASSED] - if (tabR == "нет данных"): null

16-10-2024T07:02:14 - [TEST_STEP][PASSED] - setValueToCellByIndex(sheet01, n, 4, "нет данных"): null

16-10-2024T07:02:14 - [TEST_STEP][PASSED] - if (tabB == null): null

16-10-2024T07:02:14 - [TEST_STEP][PASSED] - else: null

16-10-2024T07:02:14 - [TEST_STEP][PASSED] - if (tabB == "нет данных"): null

16-10-2024T07:02:14 - [TEST_STEP][PASSED] - else: null

16-10-2024T07:02:14 - [TEST_STEP][PASSED] - TB = tabB.toInteger(): null

16-10-2024T07:02:14 - [TEST_STEP][PASSED] - setValueToCellByIndex(sheet01, n, 5, TB): null

16-10-2024T07:02:14 - [TEST_STEP][PASSED] - setValueToCellByIndex(sheet01, n, 6, m): null

16-10-2024T07:02:14 - [TEST_STEP][PASSED] - setValueToCellByIndex(sheet01, n, 7, y): null

16-10-2024T07:02:14 - [TEST_STEP][PASSED] - setValueToCellByIndex(sheet01, n, 8, todaysDate): null

16-10-2024T07:02:14 - [TEST_STEP][PASSED] - n = n + 1: null

16-10-2024T07:02:14 - [TEST_STEP][PASSED] - saveWorkbook(excelFilePath, workbook01): null

16-10-2024T07:02:15 - [TEST_STEP][PASSED] - ii2 = a.indexOf("ПАО"): null

16-10-2024T07:02:15 - [TEST_STEP][PASSED] - if (ii2 == -1): null

16-10-2024T07:02:15 - [TEST_STEP][PASSED] - vidget = "Отклонения фактического уровня потерь от бизнес-плана": null

16-10-2024T07:02:15 - [TEST_STEP][PASSED] - typeOfData = "Коэффициент": null

16-10-2024T07:02:15 - [TEST_STEP][PASSED] - o1R = Geto1R(x = a): null

16-10-2024T07:02:15 - [TEST_STEP][PASSED] - i1 = <not implemented yet for class: org.codehaus.groovy.ast.expr.EmptyExpression>: null

16-10-2024T07:02:15 - [TEST_STEP][PASSED] - ii = <not implemented yet for class: org.codehaus.groovy.ast.expr.EmptyExpression>: null

16-10-2024T07:02:15 - [TEST_STEP][PASSED] - for ([ii = 1, ii < 10, (ii++)]): null

16-10-2024T07:02:15 - [TEST_STEP][PASSED] - i1 = x.indexOf("/") + 1: null

16-10-2024T07:02:15 - [TEST_STEP][PASSED] - if (i1 > -1): null

16-10-2024T07:02:15 - [TEST_STEP][PASSED] - x = x.substring(i1, x.length()): null

16-10-2024T07:02:15 - [TEST_STEP][PASSED] - i1 = x.indexOf("/") + 1: null

16-10-2024T07:02:15 - [TEST_STEP][PASSED] - if (i1 > -1): null

16-10-2024T07:02:15 - [TEST_STEP][PASSED] - x = x.substring(i1, x.length()): null

16-10-2024T07:02:15 - [TEST_STEP][PASSED] - i1 = x.indexOf("/") + 1: null

16-10-2024T07:02:15 - [TEST_STEP][PASSED] - if (i1 > -1): null

16-10-2024T07:02:15 - [TEST_STEP][PASSED] - x = x.substring(i1, x.length()): null

16-10-2024T07:02:15 - [TEST_STEP][PASSED] - i1 = x.indexOf("/") + 1: null

16-10-2024T07:02:15 - [TEST_STEP][PASSED] - if (i1 > -1): null

16-10-2024T07:02:15 - [TEST_STEP][PASSED] - x = x.substring(i1, x.length()): null

16-10-2024T07:02:15 - [TEST_STEP][PASSED] - i1 = x.indexOf("/") + 1: null

16-10-2024T07:02:15 - [TEST_STEP][PASSED] - if (i1 > -1): null

16-10-2024T07:02:15 - [TEST_STEP][PASSED] - x = x.substring(i1, x.length()): null

16-10-2024T07:02:15 - [TEST_STEP][PASSED] - i1 = x.indexOf("/") + 1: null

16-10-2024T07:02:15 - [TEST_STEP][PASSED] - if (i1 > -1): null

16-10-2024T07:02:15 - [TEST_STEP][PASSED] - x = x.substring(i1, x.length()): null

16-10-2024T07:02:15 - [TEST_STEP][PASSED] - i1 = x.indexOf("/") + 1: null

16-10-2024T07:02:15 - [TEST_STEP][PASSED] - if (i1 > -1): null

16-10-2024T07:02:15 - [TEST_STEP][PASSED] - x = x.substring(i1, x.length()): null

16-10-2024T07:02:15 - [TEST_STEP][PASSED] - i1 = x.indexOf("/") + 1: null

16-10-2024T07:02:15 - [TEST_STEP][PASSED] - if (i1 > -1): null

16-10-2024T07:02:15 - [TEST_STEP][PASSED] - x = x.substring(i1, x.length()): null

16-10-2024T07:02:15 - [TEST_STEP][PASSED] - i1 = x.indexOf("/") + 1: null

16-10-2024T07:02:15 - [TEST_STEP][PASSED] - if (i1 > -1): null

16-10-2024T07:02:15 - [TEST_STEP][PASSED] - x = x.substring(i1, x.length()): null

16-10-2024T07:02:15 - [TEST_STEP][PASSED] - i1 = x.indexOf("/"): null

16-10-2024T07:02:15 - [TEST_STEP][PASSED] - if (i1 > -1): null

16-10-2024T07:02:15 - [TEST_STEP][PASSED] - println(x): null

16-10-2024T07:02:15 - [TEST_STEP][PASSED] - return x: null

16-10-2024T07:02:15 - [TEST_STEP][PASSED] - o1B = Geto1B(x = b): null

16-10-2024T07:02:15 - [TEST_STEP][PASSED] - i1 = <not implemented yet for class: org.codehaus.groovy.ast.expr.EmptyExpression>: null

16-10-2024T07:02:15 - [TEST_STEP][PASSED] - ii = <not implemented yet for class: org.codehaus.groovy.ast.expr.EmptyExpression>: null

16-10-2024T07:02:15 - [TEST_STEP][PASSED] - for ([ii = 1, ii < 10, (ii++)]): null

16-10-2024T07:02:15 - [TEST_STEP][PASSED] - i1 = x.indexOf("/") + 1: null

16-10-2024T07:02:15 - [TEST_STEP][PASSED] - if (i1 > -1): null

16-10-2024T07:02:15 - [TEST_STEP][PASSED] - x = x.substring(i1, x.length()): null

16-10-2024T07:02:15 - [TEST_STEP][PASSED] - i1 = x.indexOf("/") + 1: null

16-10-2024T07:02:15 - [TEST_STEP][PASSED] - if (i1 > -1): null

16-10-2024T07:02:15 - [TEST_STEP][PASSED] - x = x.substring(i1, x.length()): null

16-10-2024T07:02:15 - [TEST_STEP][PASSED] - i1 = x.indexOf("/") + 1: null

16-10-2024T07:02:15 - [TEST_STEP][PASSED] - if (i1 > -1): null

16-10-2024T07:02:15 - [TEST_STEP][PASSED] - x = x.substring(i1, x.length()): null

16-10-2024T07:02:15 - [TEST_STEP][PASSED] - i1 = x.indexOf("/") + 1: null

16-10-2024T07:02:15 - [TEST_STEP][PASSED] - if (i1 > -1): null

16-10-2024T07:02:15 - [TEST_STEP][PASSED] - x = x.substring(i1, x.length()): null

16-10-2024T07:02:15 - [TEST_STEP][PASSED] - i1 = x.indexOf("/") + 1: null

16-10-2024T07:02:15 - [TEST_STEP][PASSED] - if (i1 > -1): null

16-10-2024T07:02:15 - [TEST_STEP][PASSED] - x = x.substring(i1, x.length()): null

16-10-2024T07:02:15 - [TEST_STEP][PASSED] - i1 = x.indexOf("/") + 1: null

16-10-2024T07:02:15 - [TEST_STEP][PASSED] - if (i1 > -1): null

16-10-2024T07:02:15 - [TEST_STEP][PASSED] - x = x.substring(i1, x.length()): null

16-10-2024T07:02:15 - [TEST_STEP][PASSED] - i1 = x.indexOf("/") + 1: null

16-10-2024T07:02:15 - [TEST_STEP][PASSED] - if (i1 > -1): null

16-10-2024T07:02:15 - [TEST_STEP][PASSED] - x = x.substring(i1, x.length()): null

16-10-2024T07:02:15 - [TEST_STEP][PASSED] - i1 = x.indexOf("/") + 1: null

16-10-2024T07:02:15 - [TEST_STEP][PASSED] - if (i1 > -1): null

16-10-2024T07:02:15 - [TEST_STEP][PASSED] - x = x.substring(i1, x.length()): null

16-10-2024T07:02:15 - [TEST_STEP][PASSED] - i1 = x.indexOf("/") + 1: null

16-10-2024T07:02:15 - [TEST_STEP][PASSED] - if (i1 > -1): null

16-10-2024T07:02:15 - [TEST_STEP][PASSED] - x = x.substring(i1, x.length()): null

16-10-2024T07:02:15 - [TEST_STEP][PASSED] - i1 = x.indexOf("/"): null

16-10-2024T07:02:15 - [TEST_STEP][PASSED] - if (i1 > -1): null

16-10-2024T07:02:15 - [TEST_STEP][PASSED] - println(x): null

16-10-2024T07:02:15 - [TEST_STEP][FAILED] - return x: null

16-10-2024T07:02:15 - [TEST_STEP][PASSED] - println(o1R + "/" + o1B): null

16-10-2024T07:02:15 - [TEST_STEP][FAILED] - if (verifyEqual(PercFactR, PercFactB) == false): null

16-10-2024T07:02:15 - [MESSAGE][FAILED] - Unable to verify equal between actual object 'нет данных' and expected object '8.68' (Root cause: com.kms.katalon.core.exception.StepFailedException: Actual object 'нет данных' and expected object '8.68' are not equal
	at com.kms.katalon.core.keyword.builtin.VerifyEqualKeyword$_verifyEqual_closure1.doCall(VerifyEqualKeyword.groovy:58)
	at com.kms.katalon.core.keyword.builtin.VerifyEqualKeyword$_verifyEqual_closure1.call(VerifyEqualKeyword.groovy)
	at com.kms.katalon.core.keyword.internal.KeywordMain.runKeyword(KeywordMain.groovy:75)
	at com.kms.katalon.core.keyword.builtin.VerifyEqualKeyword.verifyEqual(VerifyEqualKeyword.groovy:63)
	at com.kms.katalon.core.keyword.builtin.VerifyEqualKeyword.execute(VerifyEqualKeyword.groovy:44)
	at com.kms.katalon.core.keyword.internal.KeywordExecutor.executeKeywordForPlatform(KeywordExecutor.groovy:74)
	at com.kms.katalon.core.keyword.BuiltinKeywords.verifyEqual(BuiltinKeywords.groovy:146)
	at jdk.internal.reflect.GeneratedMethodAccessor25.invoke(Unknown Source)
	at java.base/jdk.internal.reflect.DelegatingMethodAccessorImpl.invoke(DelegatingMethodAccessorImpl.java:43)
	at Выполнение бизнес-плана сверка дашбордов.CompareDZOData(Выполнение бизнес-плана сверка дашбордов:789)
	at Выполнение бизнес-плана сверка дашбордов.run(Выполнение бизнес-плана сверка дашбордов:603)
	at com.kms.katalon.core.main.ScriptEngine.run(ScriptEngine.java:194)
	at com.kms.katalon.core.main.ScriptEngine.runScriptAsRawText(ScriptEngine.java:119)
	at com.kms.katalon.core.main.TestCaseExecutor.runScript(TestCaseExecutor.java:448)
	at com.kms.katalon.core.main.TestCaseExecutor.doExecute(TestCaseExecutor.java:439)
	at com.kms.katalon.core.main.TestCaseExecutor.processExecutionPhase(TestCaseExecutor.java:418)
	at com.kms.katalon.core.main.TestCaseExecutor.accessMainPhase(TestCaseExecutor.java:410)
	at com.kms.katalon.core.main.TestCaseExecutor.execute(TestCaseExecutor.java:285)
	at com.kms.katalon.core.common.CommonExecutor.accessTestCaseMainPhase(CommonExecutor.java:65)
	at com.kms.katalon.core.main.TestSuiteExecutor.accessTestSuiteMainPhase(TestSuiteExecutor.java:150)
	at com.kms.katalon.core.main.TestSuiteExecutor.execute(TestSuiteExecutor.java:106)
	at com.kms.katalon.core.main.TestCaseMain.startTestSuite(TestCaseMain.java:180)
	at TempTestSuite1729050801829.run(TempTestSuite1729050801829.groovy:35)
	at java.base/jdk.internal.reflect.NativeMethodAccessorImpl.invoke0(Native Method)
	at java.base/jdk.internal.reflect.NativeMethodAccessorImpl.invoke(NativeMethodAccessorImpl.java:77)
	at java.base/jdk.internal.reflect.DelegatingMethodAccessorImpl.invoke(DelegatingMethodAccessorImpl.java:43)
)

16-10-2024T07:02:15 - [TEST_STEP][PASSED] - result = WriteToExcel(typeOfData, todaysDate, PercPlanR, PercPlanB, PercFactR, PercFactB, x, tabR, tabB, o1R, o1B, vidget): null

16-10-2024T07:02:15 - [TEST_STEP][PASSED] - iii = dZO.indexOf("/"): null

16-10-2024T07:02:15 - [TEST_STEP][PASSED] - println(iii): null

16-10-2024T07:02:15 - [TEST_STEP][PASSED] - dZO = dZO.substring(0, iii): null

16-10-2024T07:02:15 - [TEST_STEP][PASSED] - println(dZO): null

16-10-2024T07:02:15 - [TEST_STEP][PASSED] - println(PercPlanR): null

16-10-2024T07:02:15 - [TEST_STEP][PASSED] - println(PercPlanB): null

16-10-2024T07:02:15 - [TEST_STEP][PASSED] - println(PercFactR): null

16-10-2024T07:02:15 - [TEST_STEP][PASSED] - println(PercFactB): null

16-10-2024T07:02:15 - [TEST_STEP][PASSED] - println(tabR): null

16-10-2024T07:02:15 - [TEST_STEP][PASSED] - println(tabB): null

16-10-2024T07:02:15 - [TEST_STEP][PASSED] - println(o1R): null

16-10-2024T07:02:15 - [TEST_STEP][PASSED] - println(o1B): null

16-10-2024T07:02:15 - [TEST_STEP][PASSED] - PR = <not implemented yet for class: org.codehaus.groovy.ast.expr.EmptyExpression>: null

16-10-2024T07:02:15 - [TEST_STEP][PASSED] - FR = <not implemented yet for class: org.codehaus.groovy.ast.expr.EmptyExpression>: null

16-10-2024T07:02:15 - [TEST_STEP][PASSED] - PB = <not implemented yet for class: org.codehaus.groovy.ast.expr.EmptyExpression>: null

16-10-2024T07:02:15 - [TEST_STEP][PASSED] - FB = <not implemented yet for class: org.codehaus.groovy.ast.expr.EmptyExpression>: null

16-10-2024T07:02:15 - [TEST_STEP][PASSED] - TR = <not implemented yet for class: org.codehaus.groovy.ast.expr.EmptyExpression>: null

16-10-2024T07:02:15 - [TEST_STEP][PASSED] - TB = <not implemented yet for class: org.codehaus.groovy.ast.expr.EmptyExpression>: null

16-10-2024T07:02:15 - [TEST_STEP][PASSED] - sheetName = "Sheet1": null

16-10-2024T07:02:15 - [TEST_STEP][PASSED] - data = findTestData("PlanFact"): null

16-10-2024T07:02:15 - [TEST_STEP][PASSED] - n = data.getRowNumbers() + 1: null

16-10-2024T07:02:15 - [TEST_STEP][PASSED] - year = todaysDate.substring(todaysDate.length() - 4, todaysDate.length()): null

16-10-2024T07:02:15 - [TEST_STEP][PASSED] - y = year.toInteger(): null

16-10-2024T07:02:15 - [TEST_STEP][PASSED] - m = getText(findTestObject("Выполнение бизнес-плана/Выполнение бизнес-плана Балансы/Фильтр Дата")): Text of object 'Object Repository/Выполнение бизнес-плана/Выполнение бизнес-плана Балансы/Фильтр Дата' is: '1, 2 кв., Июль, Август 2024 года'

16-10-2024T07:02:15 - [MESSAGE][PASSED] - Text of object 'Object Repository/Выполнение бизнес-плана/Выполнение бизнес-плана Балансы/Фильтр Дата' is: '1, 2 кв., Июль, Август 2024 года'

16-10-2024T07:02:15 - [TEST_STEP][PASSED] - m = m.substring(0, m.indexOf("2024")): null

16-10-2024T07:02:15 - [TEST_STEP][PASSED] - m = m.trim(): null

16-10-2024T07:02:15 - [TEST_STEP][PASSED] - dashboardName = "Выполнение бизнес-плана": null

16-10-2024T07:02:15 - [TEST_STEP][PASSED] - workbook01 = getWorkbook(excelFilePath): null

16-10-2024T07:02:15 - [TEST_STEP][PASSED] - sheet01 = getExcelSheet(workbook01, sheetName): null

16-10-2024T07:02:15 - [TEST_STEP][PASSED] - setValueToCellByIndex(sheet01, n, 0, dashboardName): null

16-10-2024T07:02:15 - [TEST_STEP][PASSED] - setValueToCellByIndex(sheet01, n, 1, dZO): null

16-10-2024T07:02:15 - [TEST_STEP][PASSED] - setValueToCellByIndex(sheet01, n, 2, typeOfData): null

16-10-2024T07:02:15 - [TEST_STEP][PASSED] - setValueToCellByIndex(sheet01, n, 3, typeOfData): null

16-10-2024T07:02:15 - [TEST_STEP][PASSED] - if (typeOfData == "План"): null

16-10-2024T07:02:15 - [TEST_STEP][PASSED] - else if (typeOfData == "Факт"): null

16-10-2024T07:02:15 - [TEST_STEP][PASSED] - else if (vidget.contains("электроэнергии") == true): null

16-10-2024T07:02:15 - [TEST_STEP][PASSED] - else: null

16-10-2024T07:02:15 - [TEST_STEP][PASSED] - if (o1R == null): null

16-10-2024T07:02:15 - [TEST_STEP][PASSED] - else: null

16-10-2024T07:02:15 - [TEST_STEP][PASSED] - if (o1R == "нет данных"): null

16-10-2024T07:02:15 - [TEST_STEP][PASSED] - setValueToCellByIndex(sheet01, n, 4, "нет данных"): null

16-10-2024T07:02:15 - [TEST_STEP][PASSED] - if (o1B == null): null

16-10-2024T07:02:15 - [TEST_STEP][PASSED] - else: null

16-10-2024T07:02:15 - [TEST_STEP][PASSED] - if (o1B == "нет данных"): null

16-10-2024T07:02:15 - [TEST_STEP][PASSED] - else: null

16-10-2024T07:02:15 - [TEST_STEP][PASSED] - FB = o1B.toDouble(): null

16-10-2024T07:02:15 - [TEST_STEP][PASSED] - setValueToCellByIndex(sheet01, n, 5, FB): null

16-10-2024T07:02:15 - [TEST_STEP][PASSED] - setValueToCellByIndex(sheet01, n, 6, m): null

16-10-2024T07:02:15 - [TEST_STEP][PASSED] - setValueToCellByIndex(sheet01, n, 7, y): null

16-10-2024T07:02:15 - [TEST_STEP][PASSED] - setValueToCellByIndex(sheet01, n, 8, todaysDate): null

16-10-2024T07:02:15 - [TEST_STEP][PASSED] - n = n + 1: null

16-10-2024T07:02:15 - [TEST_STEP][FAILED] - saveWorkbook(excelFilePath, workbook01): null

16-10-2024T07:02:15 - [TEST_STEP][FAILED] - if (verifyEqual(lR, lB) == false): null

16-10-2024T07:02:15 - [MESSAGE][FAILED] - Unable to verify equal between actual object 'Россети Ленэнерго (ГК)/нет данных/нет данных/нет данных/нет данных/нет данных/нет данных/нет данных/нет данных/нет данных' and expected object 'Россети Ленэнерго (ГК)/10.43/10.55/25447322/22763631/2683692/24111561/21597586/2513975/0.12' (Root cause: com.kms.katalon.core.exception.StepFailedException: Actual object 'Россети Ленэнерго (ГК)/нет данных/нет данных/нет данных/нет данных/нет данных/нет данных/нет данных/нет данных/нет данных' and expected object 'Россети Ленэнерго (ГК)/10.43/10.55/25447322/22763631/2683692/24111561/21597586/2513975/0.12' are not equal
	at com.kms.katalon.core.keyword.builtin.VerifyEqualKeyword$_verifyEqual_closure1.doCall(VerifyEqualKeyword.groovy:58)
	at com.kms.katalon.core.keyword.builtin.VerifyEqualKeyword$_verifyEqual_closure1.call(VerifyEqualKeyword.groovy)
	at com.kms.katalon.core.keyword.internal.KeywordMain.runKeyword(KeywordMain.groovy:75)
	at com.kms.katalon.core.keyword.builtin.VerifyEqualKeyword.verifyEqual(VerifyEqualKeyword.groovy:63)
	at com.kms.katalon.core.keyword.builtin.VerifyEqualKeyword.execute(VerifyEqualKeyword.groovy:44)
	at com.kms.katalon.core.keyword.internal.KeywordExecutor.executeKeywordForPlatform(KeywordExecutor.groovy:74)
	at com.kms.katalon.core.keyword.BuiltinKeywords.verifyEqual(BuiltinKeywords.groovy:146)
	at jdk.internal.reflect.GeneratedMethodAccessor25.invoke(Unknown Source)
	at java.base/jdk.internal.reflect.DelegatingMethodAccessorImpl.invoke(DelegatingMethodAccessorImpl.java:43)
	at Выполнение бизнес-плана сверка дашбордов.run(Выполнение бизнес-плана сверка дашбордов:607)
	at com.kms.katalon.core.main.ScriptEngine.run(ScriptEngine.java:194)
	at com.kms.katalon.core.main.ScriptEngine.runScriptAsRawText(ScriptEngine.java:119)
	at com.kms.katalon.core.main.TestCaseExecutor.runScript(TestCaseExecutor.java:448)
	at com.kms.katalon.core.main.TestCaseExecutor.doExecute(TestCaseExecutor.java:439)
	at com.kms.katalon.core.main.TestCaseExecutor.processExecutionPhase(TestCaseExecutor.java:418)
	at com.kms.katalon.core.main.TestCaseExecutor.accessMainPhase(TestCaseExecutor.java:410)
	at com.kms.katalon.core.main.TestCaseExecutor.execute(TestCaseExecutor.java:285)
	at com.kms.katalon.core.common.CommonExecutor.accessTestCaseMainPhase(CommonExecutor.java:65)
	at com.kms.katalon.core.main.TestSuiteExecutor.accessTestSuiteMainPhase(TestSuiteExecutor.java:150)
	at com.kms.katalon.core.main.TestSuiteExecutor.execute(TestSuiteExecutor.java:106)
	at com.kms.katalon.core.main.TestCaseMain.startTestSuite(TestCaseMain.java:180)
	at TempTestSuite1729050801829.run(TempTestSuite1729050801829.groovy:35)
	at java.base/jdk.internal.reflect.NativeMethodAccessorImpl.invoke0(Native Method)
	at java.base/jdk.internal.reflect.NativeMethodAccessorImpl.invoke(NativeMethodAccessorImpl.java:77)
	at java.base/jdk.internal.reflect.DelegatingMethodAccessorImpl.invoke(DelegatingMethodAccessorImpl.java:43)
)

16-10-2024T07:02:15 - [TEST_STEP][PASSED] - result = CompareDZOData(a = lR, b = lB, dZO, typeOfData, PercPlanR, PercPlanB, PercFactR, PercFactB, todaysDate, x, vidget, tabR, tabB, o1R, o1B): null

16-10-2024T07:02:15 - [TEST_STEP][PASSED] - ii2 = <not implemented yet for class: org.codehaus.groovy.ast.expr.EmptyExpression>: null

16-10-2024T07:02:15 - [TEST_STEP][FAILED] - if (verifyEqual(a, b) == false): null

16-10-2024T07:02:15 - [MESSAGE][FAILED] - Unable to verify equal between actual object 'Россети Ленэнерго (ГК)/нет данных/нет данных/нет данных/нет данных/нет данных/нет данных/нет данных/нет данных/нет данных' and expected object 'Россети Ленэнерго (ГК)/10.43/10.55/25447322/22763631/2683692/24111561/21597586/2513975/0.12' (Root cause: com.kms.katalon.core.exception.StepFailedException: Actual object 'Россети Ленэнерго (ГК)/нет данных/нет данных/нет данных/нет данных/нет данных/нет данных/нет данных/нет данных/нет данных' and expected object 'Россети Ленэнерго (ГК)/10.43/10.55/25447322/22763631/2683692/24111561/21597586/2513975/0.12' are not equal
	at com.kms.katalon.core.keyword.builtin.VerifyEqualKeyword$_verifyEqual_closure1.doCall(VerifyEqualKeyword.groovy:58)
	at com.kms.katalon.core.keyword.builtin.VerifyEqualKeyword$_verifyEqual_closure1.call(VerifyEqualKeyword.groovy)
	at com.kms.katalon.core.keyword.internal.KeywordMain.runKeyword(KeywordMain.groovy:75)
	at com.kms.katalon.core.keyword.builtin.VerifyEqualKeyword.verifyEqual(VerifyEqualKeyword.groovy:63)
	at com.kms.katalon.core.keyword.builtin.VerifyEqualKeyword.execute(VerifyEqualKeyword.groovy:44)
	at com.kms.katalon.core.keyword.internal.KeywordExecutor.executeKeywordForPlatform(KeywordExecutor.groovy:74)
	at com.kms.katalon.core.keyword.BuiltinKeywords.verifyEqual(BuiltinKeywords.groovy:146)
	at jdk.internal.reflect.GeneratedMethodAccessor25.invoke(Unknown Source)
	at java.base/jdk.internal.reflect.DelegatingMethodAccessorImpl.invoke(DelegatingMethodAccessorImpl.java:43)
	at Выполнение бизнес-плана сверка дашбордов.CompareDZOData(Выполнение бизнес-плана сверка дашбордов:673)
	at Выполнение бизнес-плана сверка дашбордов.run(Выполнение бизнес-плана сверка дашбордов:608)
	at com.kms.katalon.core.main.ScriptEngine.run(ScriptEngine.java:194)
	at com.kms.katalon.core.main.ScriptEngine.runScriptAsRawText(ScriptEngine.java:119)
	at com.kms.katalon.core.main.TestCaseExecutor.runScript(TestCaseExecutor.java:448)
	at com.kms.katalon.core.main.TestCaseExecutor.doExecute(TestCaseExecutor.java:439)
	at com.kms.katalon.core.main.TestCaseExecutor.processExecutionPhase(TestCaseExecutor.java:418)
	at com.kms.katalon.core.main.TestCaseExecutor.accessMainPhase(TestCaseExecutor.java:410)
	at com.kms.katalon.core.main.TestCaseExecutor.execute(TestCaseExecutor.java:285)
	at com.kms.katalon.core.common.CommonExecutor.accessTestCaseMainPhase(CommonExecutor.java:65)
	at com.kms.katalon.core.main.TestSuiteExecutor.accessTestSuiteMainPhase(TestSuiteExecutor.java:150)
	at com.kms.katalon.core.main.TestSuiteExecutor.execute(TestSuiteExecutor.java:106)
	at com.kms.katalon.core.main.TestCaseMain.startTestSuite(TestCaseMain.java:180)
	at TempTestSuite1729050801829.run(TempTestSuite1729050801829.groovy:35)
	at java.base/jdk.internal.reflect.NativeMethodAccessorImpl.invoke0(Native Method)
	at java.base/jdk.internal.reflect.NativeMethodAccessorImpl.invoke(NativeMethodAccessorImpl.java:77)
	at java.base/jdk.internal.reflect.DelegatingMethodAccessorImpl.invoke(DelegatingMethodAccessorImpl.java:43)
)

16-10-2024T07:02:15 - [TEST_STEP][PASSED] - vidget = "Уровень потерь электроэнергии": null

16-10-2024T07:02:15 - [TEST_STEP][PASSED] - typeOfData = "План": null

16-10-2024T07:02:15 - [TEST_STEP][PASSED] - PercPlanR = GetPercPlanR(x = a): null

16-10-2024T07:02:15 - [TEST_STEP][PASSED] - i1 = <not implemented yet for class: org.codehaus.groovy.ast.expr.EmptyExpression>: null

16-10-2024T07:02:15 - [TEST_STEP][PASSED] - i1 = x.indexOf("/") + 1: null

16-10-2024T07:02:15 - [TEST_STEP][PASSED] - if (i1 > -1): null

16-10-2024T07:02:15 - [TEST_STEP][PASSED] - x = x.substring(i1, x.length()): null

16-10-2024T07:02:15 - [TEST_STEP][PASSED] - i1 = x.indexOf("/"): null

16-10-2024T07:02:15 - [TEST_STEP][PASSED] - if (i1 > -1): null

16-10-2024T07:02:15 - [TEST_STEP][PASSED] - x = x.substring(0, i1): null

16-10-2024T07:02:15 - [TEST_STEP][PASSED] - return x: null

16-10-2024T07:02:15 - [TEST_STEP][PASSED] - PercPlanB = GetPercPlanB(x = b): null

16-10-2024T07:02:15 - [TEST_STEP][PASSED] - i1 = <not implemented yet for class: org.codehaus.groovy.ast.expr.EmptyExpression>: null

16-10-2024T07:02:15 - [TEST_STEP][PASSED] - i1 = x.indexOf("/") + 1: null

16-10-2024T07:02:15 - [TEST_STEP][PASSED] - if (i1 > -1): null

16-10-2024T07:02:15 - [TEST_STEP][PASSED] - x = x.substring(i1, x.length()): null

16-10-2024T07:02:15 - [TEST_STEP][PASSED] - i1 = x.indexOf("/"): null

16-10-2024T07:02:15 - [TEST_STEP][PASSED] - if (i1 > -1): null

16-10-2024T07:02:15 - [TEST_STEP][PASSED] - x = x.substring(0, i1): null

16-10-2024T07:02:15 - [TEST_STEP][FAILED] - return x: null

16-10-2024T07:02:15 - [TEST_STEP][FAILED] - if (verifyEqual(PercPlanR, PercPlanB) == false): null

16-10-2024T07:02:15 - [MESSAGE][FAILED] - Unable to verify equal between actual object 'нет данных' and expected object '10.43' (Root cause: com.kms.katalon.core.exception.StepFailedException: Actual object 'нет данных' and expected object '10.43' are not equal
	at com.kms.katalon.core.keyword.builtin.VerifyEqualKeyword$_verifyEqual_closure1.doCall(VerifyEqualKeyword.groovy:58)
	at com.kms.katalon.core.keyword.builtin.VerifyEqualKeyword$_verifyEqual_closure1.call(VerifyEqualKeyword.groovy)
	at com.kms.katalon.core.keyword.internal.KeywordMain.runKeyword(KeywordMain.groovy:75)
	at com.kms.katalon.core.keyword.builtin.VerifyEqualKeyword.verifyEqual(VerifyEqualKeyword.groovy:63)
	at com.kms.katalon.core.keyword.builtin.VerifyEqualKeyword.execute(VerifyEqualKeyword.groovy:44)
	at com.kms.katalon.core.keyword.internal.KeywordExecutor.executeKeywordForPlatform(KeywordExecutor.groovy:74)
	at com.kms.katalon.core.keyword.BuiltinKeywords.verifyEqual(BuiltinKeywords.groovy:146)
	at jdk.internal.reflect.GeneratedMethodAccessor25.invoke(Unknown Source)
	at java.base/jdk.internal.reflect.DelegatingMethodAccessorImpl.invoke(DelegatingMethodAccessorImpl.java:43)
	at Выполнение бизнес-плана сверка дашбордов.CompareDZOData(Выполнение бизнес-плана сверка дашбордов:682)
	at Выполнение бизнес-плана сверка дашбордов.run(Выполнение бизнес-плана сверка дашбордов:608)
	at com.kms.katalon.core.main.ScriptEngine.run(ScriptEngine.java:194)
	at com.kms.katalon.core.main.ScriptEngine.runScriptAsRawText(ScriptEngine.java:119)
	at com.kms.katalon.core.main.TestCaseExecutor.runScript(TestCaseExecutor.java:448)
	at com.kms.katalon.core.main.TestCaseExecutor.doExecute(TestCaseExecutor.java:439)
	at com.kms.katalon.core.main.TestCaseExecutor.processExecutionPhase(TestCaseExecutor.java:418)
	at com.kms.katalon.core.main.TestCaseExecutor.accessMainPhase(TestCaseExecutor.java:410)
	at com.kms.katalon.core.main.TestCaseExecutor.execute(TestCaseExecutor.java:285)
	at com.kms.katalon.core.common.CommonExecutor.accessTestCaseMainPhase(CommonExecutor.java:65)
	at com.kms.katalon.core.main.TestSuiteExecutor.accessTestSuiteMainPhase(TestSuiteExecutor.java:150)
	at com.kms.katalon.core.main.TestSuiteExecutor.execute(TestSuiteExecutor.java:106)
	at com.kms.katalon.core.main.TestCaseMain.startTestSuite(TestCaseMain.java:180)
	at TempTestSuite1729050801829.run(TempTestSuite1729050801829.groovy:35)
	at java.base/jdk.internal.reflect.NativeMethodAccessorImpl.invoke0(Native Method)
	at java.base/jdk.internal.reflect.NativeMethodAccessorImpl.invoke(NativeMethodAccessorImpl.java:77)
	at java.base/jdk.internal.reflect.DelegatingMethodAccessorImpl.invoke(DelegatingMethodAccessorImpl.java:43)
)

16-10-2024T07:02:15 - [TEST_STEP][PASSED] - result = WriteToExcel(typeOfData, todaysDate, PercPlanR, PercPlanB, PercFactR, PercFactB, x, tabR, tabB, o1R, o1B, vidget): null

16-10-2024T07:02:15 - [TEST_STEP][PASSED] - iii = dZO.indexOf("/"): null

16-10-2024T07:02:15 - [TEST_STEP][PASSED] - println(iii): null

16-10-2024T07:02:15 - [TEST_STEP][PASSED] - dZO = dZO.substring(0, iii): null

16-10-2024T07:02:15 - [TEST_STEP][PASSED] - println(dZO): null

16-10-2024T07:02:15 - [TEST_STEP][PASSED] - println(PercPlanR): null

16-10-2024T07:02:15 - [TEST_STEP][PASSED] - println(PercPlanB): null

16-10-2024T07:02:15 - [TEST_STEP][PASSED] - println(PercFactR): null

16-10-2024T07:02:15 - [TEST_STEP][PASSED] - println(PercFactB): null

16-10-2024T07:02:15 - [TEST_STEP][PASSED] - println(tabR): null

16-10-2024T07:02:15 - [TEST_STEP][PASSED] - println(tabB): null

16-10-2024T07:02:15 - [TEST_STEP][PASSED] - println(o1R): null

16-10-2024T07:02:15 - [TEST_STEP][PASSED] - println(o1B): null

16-10-2024T07:02:15 - [TEST_STEP][PASSED] - PR = <not implemented yet for class: org.codehaus.groovy.ast.expr.EmptyExpression>: null

16-10-2024T07:02:15 - [TEST_STEP][PASSED] - FR = <not implemented yet for class: org.codehaus.groovy.ast.expr.EmptyExpression>: null

16-10-2024T07:02:15 - [TEST_STEP][PASSED] - PB = <not implemented yet for class: org.codehaus.groovy.ast.expr.EmptyExpression>: null

16-10-2024T07:02:15 - [TEST_STEP][PASSED] - FB = <not implemented yet for class: org.codehaus.groovy.ast.expr.EmptyExpression>: null

16-10-2024T07:02:15 - [TEST_STEP][PASSED] - TR = <not implemented yet for class: org.codehaus.groovy.ast.expr.EmptyExpression>: null

16-10-2024T07:02:15 - [TEST_STEP][PASSED] - TB = <not implemented yet for class: org.codehaus.groovy.ast.expr.EmptyExpression>: null

16-10-2024T07:02:15 - [TEST_STEP][PASSED] - sheetName = "Sheet1": null

16-10-2024T07:02:15 - [TEST_STEP][PASSED] - data = findTestData("PlanFact"): null

16-10-2024T07:02:15 - [TEST_STEP][PASSED] - n = data.getRowNumbers() + 1: null

16-10-2024T07:02:15 - [TEST_STEP][PASSED] - year = todaysDate.substring(todaysDate.length() - 4, todaysDate.length()): null

16-10-2024T07:02:15 - [TEST_STEP][PASSED] - y = year.toInteger(): null

16-10-2024T07:02:15 - [TEST_STEP][PASSED] - m = getText(findTestObject("Выполнение бизнес-плана/Выполнение бизнес-плана Балансы/Фильтр Дата")): Text of object 'Object Repository/Выполнение бизнес-плана/Выполнение бизнес-плана Балансы/Фильтр Дата' is: '1, 2 кв., Июль, Август 2024 года'

16-10-2024T07:02:16 - [MESSAGE][PASSED] - Text of object 'Object Repository/Выполнение бизнес-плана/Выполнение бизнес-плана Балансы/Фильтр Дата' is: '1, 2 кв., Июль, Август 2024 года'

16-10-2024T07:02:16 - [TEST_STEP][PASSED] - m = m.substring(0, m.indexOf("2024")): null

16-10-2024T07:02:16 - [TEST_STEP][PASSED] - m = m.trim(): null

16-10-2024T07:02:16 - [TEST_STEP][PASSED] - dashboardName = "Выполнение бизнес-плана": null

16-10-2024T07:02:16 - [TEST_STEP][PASSED] - workbook01 = getWorkbook(excelFilePath): null

16-10-2024T07:02:16 - [TEST_STEP][PASSED] - sheet01 = getExcelSheet(workbook01, sheetName): null

16-10-2024T07:02:16 - [TEST_STEP][PASSED] - setValueToCellByIndex(sheet01, n, 0, dashboardName): null

16-10-2024T07:02:16 - [TEST_STEP][PASSED] - setValueToCellByIndex(sheet01, n, 1, dZO): null

16-10-2024T07:02:16 - [TEST_STEP][PASSED] - setValueToCellByIndex(sheet01, n, 2, typeOfData): null

16-10-2024T07:02:16 - [TEST_STEP][PASSED] - setValueToCellByIndex(sheet01, n, 3, typeOfData): null

16-10-2024T07:02:16 - [TEST_STEP][PASSED] - if (typeOfData == "План"): null

16-10-2024T07:02:16 - [TEST_STEP][PASSED] - if (PercPlanR == null): null

16-10-2024T07:02:16 - [TEST_STEP][PASSED] - else: null

16-10-2024T07:02:16 - [TEST_STEP][PASSED] - if (PercPlanR == "нет данных"): null

16-10-2024T07:02:16 - [TEST_STEP][PASSED] - setValueToCellByIndex(sheet01, n, 4, "нет данных"): null

16-10-2024T07:02:16 - [TEST_STEP][PASSED] - if (PercPlanB == null): null

16-10-2024T07:02:16 - [TEST_STEP][PASSED] - else: null

16-10-2024T07:02:16 - [TEST_STEP][PASSED] - if (PercPlanB == "нет данных"): null

16-10-2024T07:02:16 - [TEST_STEP][PASSED] - else: null

16-10-2024T07:02:16 - [TEST_STEP][PASSED] - PB = PercPlanB.toDouble(): null

16-10-2024T07:02:16 - [TEST_STEP][PASSED] - setValueToCellByIndex(sheet01, n, 5, PB): null

16-10-2024T07:02:16 - [TEST_STEP][PASSED] - setValueToCellByIndex(sheet01, n, 6, m): null

16-10-2024T07:02:16 - [TEST_STEP][PASSED] - setValueToCellByIndex(sheet01, n, 7, y): null

16-10-2024T07:02:16 - [TEST_STEP][PASSED] - setValueToCellByIndex(sheet01, n, 8, todaysDate): null

16-10-2024T07:02:16 - [TEST_STEP][PASSED] - n = n + 1: null

16-10-2024T07:02:16 - [TEST_STEP][PASSED] - saveWorkbook(excelFilePath, workbook01): null

16-10-2024T07:02:16 - [TEST_STEP][PASSED] - typeOfData = "Факт": null

16-10-2024T07:02:16 - [TEST_STEP][PASSED] - PercFactR = GetPercFactR(x = a): null

16-10-2024T07:02:16 - [TEST_STEP][PASSED] - i1 = <not implemented yet for class: org.codehaus.groovy.ast.expr.EmptyExpression>: null

16-10-2024T07:02:16 - [TEST_STEP][PASSED] - ii = <not implemented yet for class: org.codehaus.groovy.ast.expr.EmptyExpression>: null

16-10-2024T07:02:16 - [TEST_STEP][PASSED] - for ([ii = 1, ii < 3, (ii++)]): null

16-10-2024T07:02:16 - [TEST_STEP][PASSED] - i1 = x.indexOf("/") + 1: null

16-10-2024T07:02:16 - [TEST_STEP][PASSED] - if (i1 > -1): null

16-10-2024T07:02:16 - [TEST_STEP][PASSED] - x = x.substring(i1, x.length()): null

16-10-2024T07:02:16 - [TEST_STEP][PASSED] - println(x): null

16-10-2024T07:02:16 - [TEST_STEP][PASSED] - i1 = x.indexOf("/") + 1: null

16-10-2024T07:02:16 - [TEST_STEP][PASSED] - if (i1 > -1): null

16-10-2024T07:02:16 - [TEST_STEP][PASSED] - x = x.substring(i1, x.length()): null

16-10-2024T07:02:16 - [TEST_STEP][PASSED] - println(x): null

16-10-2024T07:02:16 - [TEST_STEP][PASSED] - i1 = x.indexOf("/"): null

16-10-2024T07:02:16 - [TEST_STEP][PASSED] - if (i1 > -1): null

16-10-2024T07:02:16 - [TEST_STEP][PASSED] - x = x.substring(0, i1): null

16-10-2024T07:02:16 - [TEST_STEP][PASSED] - println(x): null

16-10-2024T07:02:16 - [TEST_STEP][PASSED] - return x: null

16-10-2024T07:02:16 - [TEST_STEP][PASSED] - PercFactB = GetPercFactB(x = b): null

16-10-2024T07:02:16 - [TEST_STEP][PASSED] - i1 = <not implemented yet for class: org.codehaus.groovy.ast.expr.EmptyExpression>: null

16-10-2024T07:02:16 - [TEST_STEP][PASSED] - ii = <not implemented yet for class: org.codehaus.groovy.ast.expr.EmptyExpression>: null

16-10-2024T07:02:16 - [TEST_STEP][PASSED] - for ([ii = 1, ii < 3, (ii++)]): null

16-10-2024T07:02:16 - [TEST_STEP][PASSED] - i1 = x.indexOf("/") + 1: null

16-10-2024T07:02:16 - [TEST_STEP][PASSED] - if (i1 > -1): null

16-10-2024T07:02:16 - [TEST_STEP][PASSED] - x = x.substring(i1, x.length()): null

16-10-2024T07:02:16 - [TEST_STEP][PASSED] - println(x): null

16-10-2024T07:02:16 - [TEST_STEP][PASSED] - i1 = x.indexOf("/") + 1: null

16-10-2024T07:02:16 - [TEST_STEP][PASSED] - if (i1 > -1): null

16-10-2024T07:02:16 - [TEST_STEP][PASSED] - x = x.substring(i1, x.length()): null

16-10-2024T07:02:16 - [TEST_STEP][PASSED] - println(x): null

16-10-2024T07:02:16 - [TEST_STEP][PASSED] - i1 = x.indexOf("/"): null

16-10-2024T07:02:16 - [TEST_STEP][PASSED] - if (i1 > -1): null

16-10-2024T07:02:16 - [TEST_STEP][PASSED] - x = x.substring(0, i1): null

16-10-2024T07:02:16 - [TEST_STEP][PASSED] - println(x): null

16-10-2024T07:02:16 - [TEST_STEP][FAILED] - return x: null

16-10-2024T07:02:16 - [TEST_STEP][FAILED] - if (verifyEqual(PercFactR, PercFactB) == false): null

16-10-2024T07:02:16 - [MESSAGE][FAILED] - Unable to verify equal between actual object 'нет данных' and expected object '10.55' (Root cause: com.kms.katalon.core.exception.StepFailedException: Actual object 'нет данных' and expected object '10.55' are not equal
	at com.kms.katalon.core.keyword.builtin.VerifyEqualKeyword$_verifyEqual_closure1.doCall(VerifyEqualKeyword.groovy:58)
	at com.kms.katalon.core.keyword.builtin.VerifyEqualKeyword$_verifyEqual_closure1.call(VerifyEqualKeyword.groovy)
	at com.kms.katalon.core.keyword.internal.KeywordMain.runKeyword(KeywordMain.groovy:75)
	at com.kms.katalon.core.keyword.builtin.VerifyEqualKeyword.verifyEqual(VerifyEqualKeyword.groovy:63)
	at com.kms.katalon.core.keyword.builtin.VerifyEqualKeyword.execute(VerifyEqualKeyword.groovy:44)
	at com.kms.katalon.core.keyword.internal.KeywordExecutor.executeKeywordForPlatform(KeywordExecutor.groovy:74)
	at com.kms.katalon.core.keyword.BuiltinKeywords.verifyEqual(BuiltinKeywords.groovy:146)
	at jdk.internal.reflect.GeneratedMethodAccessor25.invoke(Unknown Source)
	at java.base/jdk.internal.reflect.DelegatingMethodAccessorImpl.invoke(DelegatingMethodAccessorImpl.java:43)
	at Выполнение бизнес-плана сверка дашбордов.CompareDZOData(Выполнение бизнес-плана сверка дашбордов:693)
	at Выполнение бизнес-плана сверка дашбордов.run(Выполнение бизнес-плана сверка дашбордов:608)
	at com.kms.katalon.core.main.ScriptEngine.run(ScriptEngine.java:194)
	at com.kms.katalon.core.main.ScriptEngine.runScriptAsRawText(ScriptEngine.java:119)
	at com.kms.katalon.core.main.TestCaseExecutor.runScript(TestCaseExecutor.java:448)
	at com.kms.katalon.core.main.TestCaseExecutor.doExecute(TestCaseExecutor.java:439)
	at com.kms.katalon.core.main.TestCaseExecutor.processExecutionPhase(TestCaseExecutor.java:418)
	at com.kms.katalon.core.main.TestCaseExecutor.accessMainPhase(TestCaseExecutor.java:410)
	at com.kms.katalon.core.main.TestCaseExecutor.execute(TestCaseExecutor.java:285)
	at com.kms.katalon.core.common.CommonExecutor.accessTestCaseMainPhase(CommonExecutor.java:65)
	at com.kms.katalon.core.main.TestSuiteExecutor.accessTestSuiteMainPhase(TestSuiteExecutor.java:150)
	at com.kms.katalon.core.main.TestSuiteExecutor.execute(TestSuiteExecutor.java:106)
	at com.kms.katalon.core.main.TestCaseMain.startTestSuite(TestCaseMain.java:180)
	at TempTestSuite1729050801829.run(TempTestSuite1729050801829.groovy:35)
	at java.base/jdk.internal.reflect.NativeMethodAccessorImpl.invoke0(Native Method)
	at java.base/jdk.internal.reflect.NativeMethodAccessorImpl.invoke(NativeMethodAccessorImpl.java:77)
	at java.base/jdk.internal.reflect.DelegatingMethodAccessorImpl.invoke(DelegatingMethodAccessorImpl.java:43)
)

16-10-2024T07:02:16 - [TEST_STEP][PASSED] - result = WriteToExcel(typeOfData, todaysDate, PercPlanR, PercPlanB, PercFactR, PercFactB, x, tabR, tabB, o1R, o1B, vidget): null

16-10-2024T07:02:16 - [TEST_STEP][PASSED] - iii = dZO.indexOf("/"): null

16-10-2024T07:02:16 - [TEST_STEP][PASSED] - println(iii): null

16-10-2024T07:02:16 - [TEST_STEP][PASSED] - dZO = dZO.substring(0, iii): null

16-10-2024T07:02:16 - [TEST_STEP][PASSED] - println(dZO): null

16-10-2024T07:02:16 - [TEST_STEP][PASSED] - println(PercPlanR): null

16-10-2024T07:02:16 - [TEST_STEP][PASSED] - println(PercPlanB): null

16-10-2024T07:02:16 - [TEST_STEP][PASSED] - println(PercFactR): null

16-10-2024T07:02:16 - [TEST_STEP][PASSED] - println(PercFactB): null

16-10-2024T07:02:16 - [TEST_STEP][PASSED] - println(tabR): null

16-10-2024T07:02:16 - [TEST_STEP][PASSED] - println(tabB): null

16-10-2024T07:02:16 - [TEST_STEP][PASSED] - println(o1R): null

16-10-2024T07:02:16 - [TEST_STEP][PASSED] - println(o1B): null

16-10-2024T07:02:16 - [TEST_STEP][PASSED] - PR = <not implemented yet for class: org.codehaus.groovy.ast.expr.EmptyExpression>: null

16-10-2024T07:02:16 - [TEST_STEP][PASSED] - FR = <not implemented yet for class: org.codehaus.groovy.ast.expr.EmptyExpression>: null

16-10-2024T07:02:16 - [TEST_STEP][PASSED] - PB = <not implemented yet for class: org.codehaus.groovy.ast.expr.EmptyExpression>: null

16-10-2024T07:02:16 - [TEST_STEP][PASSED] - FB = <not implemented yet for class: org.codehaus.groovy.ast.expr.EmptyExpression>: null

16-10-2024T07:02:16 - [TEST_STEP][PASSED] - TR = <not implemented yet for class: org.codehaus.groovy.ast.expr.EmptyExpression>: null

16-10-2024T07:02:16 - [TEST_STEP][PASSED] - TB = <not implemented yet for class: org.codehaus.groovy.ast.expr.EmptyExpression>: null

16-10-2024T07:02:16 - [TEST_STEP][PASSED] - sheetName = "Sheet1": null

16-10-2024T07:02:16 - [TEST_STEP][PASSED] - data = findTestData("PlanFact"): null

16-10-2024T07:02:16 - [TEST_STEP][PASSED] - n = data.getRowNumbers() + 1: null

16-10-2024T07:02:16 - [TEST_STEP][PASSED] - year = todaysDate.substring(todaysDate.length() - 4, todaysDate.length()): null

16-10-2024T07:02:16 - [TEST_STEP][PASSED] - y = year.toInteger(): null

16-10-2024T07:02:16 - [TEST_STEP][PASSED] - m = getText(findTestObject("Выполнение бизнес-плана/Выполнение бизнес-плана Балансы/Фильтр Дата")): Text of object 'Object Repository/Выполнение бизнес-плана/Выполнение бизнес-плана Балансы/Фильтр Дата' is: '1, 2 кв., Июль, Август 2024 года'

16-10-2024T07:02:16 - [MESSAGE][PASSED] - Text of object 'Object Repository/Выполнение бизнес-плана/Выполнение бизнес-плана Балансы/Фильтр Дата' is: '1, 2 кв., Июль, Август 2024 года'

16-10-2024T07:02:16 - [TEST_STEP][PASSED] - m = m.substring(0, m.indexOf("2024")): null

16-10-2024T07:02:16 - [TEST_STEP][PASSED] - m = m.trim(): null

16-10-2024T07:02:16 - [TEST_STEP][PASSED] - dashboardName = "Выполнение бизнес-плана": null

16-10-2024T07:02:16 - [TEST_STEP][PASSED] - workbook01 = getWorkbook(excelFilePath): null

16-10-2024T07:02:17 - [TEST_STEP][PASSED] - sheet01 = getExcelSheet(workbook01, sheetName): null

16-10-2024T07:02:17 - [TEST_STEP][PASSED] - setValueToCellByIndex(sheet01, n, 0, dashboardName): null

16-10-2024T07:02:17 - [TEST_STEP][PASSED] - setValueToCellByIndex(sheet01, n, 1, dZO): null

16-10-2024T07:02:17 - [TEST_STEP][PASSED] - setValueToCellByIndex(sheet01, n, 2, typeOfData): null

16-10-2024T07:02:17 - [TEST_STEP][PASSED] - setValueToCellByIndex(sheet01, n, 3, typeOfData): null

16-10-2024T07:02:17 - [TEST_STEP][PASSED] - if (typeOfData == "План"): null

16-10-2024T07:02:17 - [TEST_STEP][PASSED] - else if (typeOfData == "Факт"): null

16-10-2024T07:02:17 - [TEST_STEP][PASSED] - if (PercFactR == null): null

16-10-2024T07:02:17 - [TEST_STEP][PASSED] - else: null

16-10-2024T07:02:17 - [TEST_STEP][PASSED] - if (PercFactR == "нет данных"): null

16-10-2024T07:02:17 - [TEST_STEP][PASSED] - setValueToCellByIndex(sheet01, n, 4, "нет данных"): null

16-10-2024T07:02:17 - [TEST_STEP][PASSED] - if (PercFactB == null): null

16-10-2024T07:02:17 - [TEST_STEP][PASSED] - else: null

16-10-2024T07:02:17 - [TEST_STEP][PASSED] - if (PercFactB == "нет данных"): null

16-10-2024T07:02:17 - [TEST_STEP][PASSED] - else: null

16-10-2024T07:02:17 - [TEST_STEP][PASSED] - FB = PercFactB.toDouble(): null

16-10-2024T07:02:17 - [TEST_STEP][PASSED] - setValueToCellByIndex(sheet01, n, 5, FB): null

16-10-2024T07:02:17 - [TEST_STEP][PASSED] - setValueToCellByIndex(sheet01, n, 6, m): null

16-10-2024T07:02:17 - [TEST_STEP][PASSED] - setValueToCellByIndex(sheet01, n, 7, y): null

16-10-2024T07:02:17 - [TEST_STEP][PASSED] - setValueToCellByIndex(sheet01, n, 8, todaysDate): null

16-10-2024T07:02:17 - [TEST_STEP][PASSED] - n = n + 1: null

16-10-2024T07:02:17 - [TEST_STEP][PASSED] - saveWorkbook(excelFilePath, workbook01): null

16-10-2024T07:02:17 - [TEST_STEP][PASSED] - vidget = "Показатели баланса электроэнергии по ДЗО – Факт": null

16-10-2024T07:02:17 - [TEST_STEP][PASSED] - typeOfData = "Факт Отпуск в сеть": null

16-10-2024T07:02:17 - [TEST_STEP][PASSED] - tabR = GetOvSFactR(x = a): null

16-10-2024T07:02:17 - [TEST_STEP][PASSED] - i1 = <not implemented yet for class: org.codehaus.groovy.ast.expr.EmptyExpression>: null

16-10-2024T07:02:17 - [TEST_STEP][PASSED] - ii = <not implemented yet for class: org.codehaus.groovy.ast.expr.EmptyExpression>: null

16-10-2024T07:02:17 - [TEST_STEP][PASSED] - for ([ii = 1, ii < 4, (ii++)]): null

16-10-2024T07:02:17 - [TEST_STEP][PASSED] - i1 = x.indexOf("/") + 1: null

16-10-2024T07:02:17 - [TEST_STEP][PASSED] - if (i1 > -1): null

16-10-2024T07:02:17 - [TEST_STEP][PASSED] - x = x.substring(i1, x.length()): null

16-10-2024T07:02:17 - [TEST_STEP][PASSED] - println(x): null

16-10-2024T07:02:17 - [TEST_STEP][PASSED] - i1 = x.indexOf("/") + 1: null

16-10-2024T07:02:17 - [TEST_STEP][PASSED] - if (i1 > -1): null

16-10-2024T07:02:17 - [TEST_STEP][PASSED] - x = x.substring(i1, x.length()): null

16-10-2024T07:02:17 - [TEST_STEP][PASSED] - println(x): null

16-10-2024T07:02:17 - [TEST_STEP][PASSED] - i1 = x.indexOf("/") + 1: null

16-10-2024T07:02:17 - [TEST_STEP][PASSED] - if (i1 > -1): null

16-10-2024T07:02:17 - [TEST_STEP][PASSED] - x = x.substring(i1, x.length()): null

16-10-2024T07:02:17 - [TEST_STEP][PASSED] - println(x): null

16-10-2024T07:02:17 - [TEST_STEP][PASSED] - i1 = x.indexOf("/"): null

16-10-2024T07:02:17 - [TEST_STEP][PASSED] - if (i1 > -1): null

16-10-2024T07:02:17 - [TEST_STEP][PASSED] - x = x.substring(0, i1): null

16-10-2024T07:02:17 - [TEST_STEP][PASSED] - println(x): null

16-10-2024T07:02:17 - [TEST_STEP][PASSED] - return x: null

16-10-2024T07:02:17 - [TEST_STEP][PASSED] - tabB = GetOvSFactB(x = b): null

16-10-2024T07:02:17 - [TEST_STEP][PASSED] - i1 = <not implemented yet for class: org.codehaus.groovy.ast.expr.EmptyExpression>: null

16-10-2024T07:02:17 - [TEST_STEP][PASSED] - ii = <not implemented yet for class: org.codehaus.groovy.ast.expr.EmptyExpression>: null

16-10-2024T07:02:17 - [TEST_STEP][PASSED] - for ([ii = 1, ii < 4, (ii++)]): null

16-10-2024T07:02:17 - [TEST_STEP][PASSED] - i1 = x.indexOf("/") + 1: null

16-10-2024T07:02:17 - [TEST_STEP][PASSED] - if (i1 > -1): null

16-10-2024T07:02:17 - [TEST_STEP][PASSED] - x = x.substring(i1, x.length()): null

16-10-2024T07:02:17 - [TEST_STEP][PASSED] - println(x): null

16-10-2024T07:02:17 - [TEST_STEP][PASSED] - i1 = x.indexOf("/") + 1: null

16-10-2024T07:02:17 - [TEST_STEP][PASSED] - if (i1 > -1): null

16-10-2024T07:02:17 - [TEST_STEP][PASSED] - x = x.substring(i1, x.length()): null

16-10-2024T07:02:17 - [TEST_STEP][PASSED] - println(x): null

16-10-2024T07:02:17 - [TEST_STEP][PASSED] - i1 = x.indexOf("/") + 1: null

16-10-2024T07:02:17 - [TEST_STEP][PASSED] - if (i1 > -1): null

16-10-2024T07:02:17 - [TEST_STEP][PASSED] - x = x.substring(i1, x.length()): null

16-10-2024T07:02:17 - [TEST_STEP][PASSED] - println(x): null

16-10-2024T07:02:17 - [TEST_STEP][PASSED] - i1 = x.indexOf("/"): null

16-10-2024T07:02:17 - [TEST_STEP][PASSED] - if (i1 > -1): null

16-10-2024T07:02:17 - [TEST_STEP][PASSED] - x = x.substring(0, i1): null

16-10-2024T07:02:17 - [TEST_STEP][PASSED] - println(x): null

16-10-2024T07:02:17 - [TEST_STEP][FAILED] - return x: null

16-10-2024T07:02:17 - [TEST_STEP][FAILED] - if (verifyEqual(tabR, tabB) == false): null

16-10-2024T07:02:17 - [MESSAGE][FAILED] - Unable to verify equal between actual object 'нет данных' and expected object '25447322' (Root cause: com.kms.katalon.core.exception.StepFailedException: Actual object 'нет данных' and expected object '25447322' are not equal
	at com.kms.katalon.core.keyword.builtin.VerifyEqualKeyword$_verifyEqual_closure1.doCall(VerifyEqualKeyword.groovy:58)
	at com.kms.katalon.core.keyword.builtin.VerifyEqualKeyword$_verifyEqual_closure1.call(VerifyEqualKeyword.groovy)
	at com.kms.katalon.core.keyword.internal.KeywordMain.runKeyword(KeywordMain.groovy:75)
	at com.kms.katalon.core.keyword.builtin.VerifyEqualKeyword.verifyEqual(VerifyEqualKeyword.groovy:63)
	at com.kms.katalon.core.keyword.builtin.VerifyEqualKeyword.execute(VerifyEqualKeyword.groovy:44)
	at com.kms.katalon.core.keyword.internal.KeywordExecutor.executeKeywordForPlatform(KeywordExecutor.groovy:74)
	at com.kms.katalon.core.keyword.BuiltinKeywords.verifyEqual(BuiltinKeywords.groovy:146)
	at jdk.internal.reflect.GeneratedMethodAccessor25.invoke(Unknown Source)
	at java.base/jdk.internal.reflect.DelegatingMethodAccessorImpl.invoke(DelegatingMethodAccessorImpl.java:43)
	at Выполнение бизнес-плана сверка дашбордов.CompareDZOData(Выполнение бизнес-плана сверка дашбордов:706)
	at Выполнение бизнес-плана сверка дашбордов.run(Выполнение бизнес-плана сверка дашбордов:608)
	at com.kms.katalon.core.main.ScriptEngine.run(ScriptEngine.java:194)
	at com.kms.katalon.core.main.ScriptEngine.runScriptAsRawText(ScriptEngine.java:119)
	at com.kms.katalon.core.main.TestCaseExecutor.runScript(TestCaseExecutor.java:448)
	at com.kms.katalon.core.main.TestCaseExecutor.doExecute(TestCaseExecutor.java:439)
	at com.kms.katalon.core.main.TestCaseExecutor.processExecutionPhase(TestCaseExecutor.java:418)
	at com.kms.katalon.core.main.TestCaseExecutor.accessMainPhase(TestCaseExecutor.java:410)
	at com.kms.katalon.core.main.TestCaseExecutor.execute(TestCaseExecutor.java:285)
	at com.kms.katalon.core.common.CommonExecutor.accessTestCaseMainPhase(CommonExecutor.java:65)
	at com.kms.katalon.core.main.TestSuiteExecutor.accessTestSuiteMainPhase(TestSuiteExecutor.java:150)
	at com.kms.katalon.core.main.TestSuiteExecutor.execute(TestSuiteExecutor.java:106)
	at com.kms.katalon.core.main.TestCaseMain.startTestSuite(TestCaseMain.java:180)
	at TempTestSuite1729050801829.run(TempTestSuite1729050801829.groovy:35)
	at java.base/jdk.internal.reflect.NativeMethodAccessorImpl.invoke0(Native Method)
	at java.base/jdk.internal.reflect.NativeMethodAccessorImpl.invoke(NativeMethodAccessorImpl.java:77)
	at java.base/jdk.internal.reflect.DelegatingMethodAccessorImpl.invoke(DelegatingMethodAccessorImpl.java:43)
)

16-10-2024T07:02:17 - [TEST_STEP][PASSED] - result = WriteToExcel(typeOfData, todaysDate, PercPlanR, PercPlanB, PercFactR, PercFactB, x, tabR, tabB, o1R, o1B, vidget): null

16-10-2024T07:02:17 - [TEST_STEP][PASSED] - iii = dZO.indexOf("/"): null

16-10-2024T07:02:17 - [TEST_STEP][PASSED] - println(iii): null

16-10-2024T07:02:17 - [TEST_STEP][PASSED] - dZO = dZO.substring(0, iii): null

16-10-2024T07:02:17 - [TEST_STEP][PASSED] - println(dZO): null

16-10-2024T07:02:17 - [TEST_STEP][PASSED] - println(PercPlanR): null

16-10-2024T07:02:17 - [TEST_STEP][PASSED] - println(PercPlanB): null

16-10-2024T07:02:17 - [TEST_STEP][PASSED] - println(PercFactR): null

16-10-2024T07:02:17 - [TEST_STEP][PASSED] - println(PercFactB): null

16-10-2024T07:02:17 - [TEST_STEP][PASSED] - println(tabR): null

16-10-2024T07:02:17 - [TEST_STEP][PASSED] - println(tabB): null

16-10-2024T07:02:17 - [TEST_STEP][PASSED] - println(o1R): null

16-10-2024T07:02:17 - [TEST_STEP][PASSED] - println(o1B): null

16-10-2024T07:02:17 - [TEST_STEP][PASSED] - PR = <not implemented yet for class: org.codehaus.groovy.ast.expr.EmptyExpression>: null

16-10-2024T07:02:17 - [TEST_STEP][PASSED] - FR = <not implemented yet for class: org.codehaus.groovy.ast.expr.EmptyExpression>: null

16-10-2024T07:02:17 - [TEST_STEP][PASSED] - PB = <not implemented yet for class: org.codehaus.groovy.ast.expr.EmptyExpression>: null

16-10-2024T07:02:17 - [TEST_STEP][PASSED] - FB = <not implemented yet for class: org.codehaus.groovy.ast.expr.EmptyExpression>: null

16-10-2024T07:02:17 - [TEST_STEP][PASSED] - TR = <not implemented yet for class: org.codehaus.groovy.ast.expr.EmptyExpression>: null

16-10-2024T07:02:17 - [TEST_STEP][PASSED] - TB = <not implemented yet for class: org.codehaus.groovy.ast.expr.EmptyExpression>: null

16-10-2024T07:02:17 - [TEST_STEP][PASSED] - sheetName = "Sheet1": null

16-10-2024T07:02:17 - [TEST_STEP][PASSED] - data = findTestData("PlanFact"): null

16-10-2024T07:02:17 - [TEST_STEP][PASSED] - n = data.getRowNumbers() + 1: null

16-10-2024T07:02:17 - [TEST_STEP][PASSED] - year = todaysDate.substring(todaysDate.length() - 4, todaysDate.length()): null

16-10-2024T07:02:17 - [TEST_STEP][PASSED] - y = year.toInteger(): null

16-10-2024T07:02:17 - [TEST_STEP][PASSED] - m = getText(findTestObject("Выполнение бизнес-плана/Выполнение бизнес-плана Балансы/Фильтр Дата")): Text of object 'Object Repository/Выполнение бизнес-плана/Выполнение бизнес-плана Балансы/Фильтр Дата' is: '1, 2 кв., Июль, Август 2024 года'

16-10-2024T07:02:17 - [MESSAGE][PASSED] - Text of object 'Object Repository/Выполнение бизнес-плана/Выполнение бизнес-плана Балансы/Фильтр Дата' is: '1, 2 кв., Июль, Август 2024 года'

16-10-2024T07:02:17 - [TEST_STEP][PASSED] - m = m.substring(0, m.indexOf("2024")): null

16-10-2024T07:02:17 - [TEST_STEP][PASSED] - m = m.trim(): null

16-10-2024T07:02:17 - [TEST_STEP][PASSED] - dashboardName = "Выполнение бизнес-плана": null

16-10-2024T07:02:17 - [TEST_STEP][PASSED] - workbook01 = getWorkbook(excelFilePath): null

16-10-2024T07:02:17 - [TEST_STEP][PASSED] - sheet01 = getExcelSheet(workbook01, sheetName): null

16-10-2024T07:02:17 - [TEST_STEP][PASSED] - setValueToCellByIndex(sheet01, n, 0, dashboardName): null

16-10-2024T07:02:17 - [TEST_STEP][PASSED] - setValueToCellByIndex(sheet01, n, 1, dZO): null

16-10-2024T07:02:17 - [TEST_STEP][PASSED] - setValueToCellByIndex(sheet01, n, 2, typeOfData): null

16-10-2024T07:02:17 - [TEST_STEP][PASSED] - setValueToCellByIndex(sheet01, n, 3, typeOfData): null

16-10-2024T07:02:17 - [TEST_STEP][PASSED] - if (typeOfData == "План"): null

16-10-2024T07:02:17 - [TEST_STEP][PASSED] - else if (typeOfData == "Факт"): null

16-10-2024T07:02:17 - [TEST_STEP][PASSED] - else if (vidget.contains("электроэнергии") == true): null

16-10-2024T07:02:17 - [TEST_STEP][PASSED] - if (tabR == null): null

16-10-2024T07:02:17 - [TEST_STEP][PASSED] - else: null

16-10-2024T07:02:17 - [TEST_STEP][PASSED] - if (tabR == "нет данных"): null

16-10-2024T07:02:17 - [TEST_STEP][PASSED] - setValueToCellByIndex(sheet01, n, 4, "нет данных"): null

16-10-2024T07:02:17 - [TEST_STEP][PASSED] - if (tabB == null): null

16-10-2024T07:02:17 - [TEST_STEP][PASSED] - else: null

16-10-2024T07:02:17 - [TEST_STEP][PASSED] - if (tabB == "нет данных"): null

16-10-2024T07:02:17 - [TEST_STEP][PASSED] - else: null

16-10-2024T07:02:17 - [TEST_STEP][PASSED] - TB = tabB.toInteger(): null

16-10-2024T07:02:17 - [TEST_STEP][PASSED] - setValueToCellByIndex(sheet01, n, 5, TB): null

16-10-2024T07:02:17 - [TEST_STEP][PASSED] - setValueToCellByIndex(sheet01, n, 6, m): null

16-10-2024T07:02:17 - [TEST_STEP][PASSED] - setValueToCellByIndex(sheet01, n, 7, y): null

16-10-2024T07:02:17 - [TEST_STEP][PASSED] - setValueToCellByIndex(sheet01, n, 8, todaysDate): null

16-10-2024T07:02:17 - [TEST_STEP][PASSED] - n = n + 1: null

16-10-2024T07:02:17 - [TEST_STEP][PASSED] - saveWorkbook(excelFilePath, workbook01): null

16-10-2024T07:02:18 - [TEST_STEP][PASSED] - typeOfData = "Факт Отпуск из сети": null

16-10-2024T07:02:18 - [TEST_STEP][PASSED] - tabR = GetOiSFactR(x = a): null

16-10-2024T07:02:18 - [TEST_STEP][PASSED] - i1 = <not implemented yet for class: org.codehaus.groovy.ast.expr.EmptyExpression>: null

16-10-2024T07:02:18 - [TEST_STEP][PASSED] - ii = <not implemented yet for class: org.codehaus.groovy.ast.expr.EmptyExpression>: null

16-10-2024T07:02:18 - [TEST_STEP][PASSED] - for ([ii = 1, ii < 5, (ii++)]): null

16-10-2024T07:02:18 - [TEST_STEP][PASSED] - i1 = x.indexOf("/") + 1: null

16-10-2024T07:02:18 - [TEST_STEP][PASSED] - if (i1 > -1): null

16-10-2024T07:02:18 - [TEST_STEP][PASSED] - x = x.substring(i1, x.length()): null

16-10-2024T07:02:18 - [TEST_STEP][PASSED] - println(x): null

16-10-2024T07:02:18 - [TEST_STEP][PASSED] - i1 = x.indexOf("/") + 1: null

16-10-2024T07:02:18 - [TEST_STEP][PASSED] - if (i1 > -1): null

16-10-2024T07:02:18 - [TEST_STEP][PASSED] - x = x.substring(i1, x.length()): null

16-10-2024T07:02:18 - [TEST_STEP][PASSED] - println(x): null

16-10-2024T07:02:18 - [TEST_STEP][PASSED] - i1 = x.indexOf("/") + 1: null

16-10-2024T07:02:18 - [TEST_STEP][PASSED] - if (i1 > -1): null

16-10-2024T07:02:18 - [TEST_STEP][PASSED] - x = x.substring(i1, x.length()): null

16-10-2024T07:02:18 - [TEST_STEP][PASSED] - println(x): null

16-10-2024T07:02:18 - [TEST_STEP][PASSED] - i1 = x.indexOf("/") + 1: null

16-10-2024T07:02:18 - [TEST_STEP][PASSED] - if (i1 > -1): null

16-10-2024T07:02:18 - [TEST_STEP][PASSED] - x = x.substring(i1, x.length()): null

16-10-2024T07:02:18 - [TEST_STEP][PASSED] - println(x): null

16-10-2024T07:02:18 - [TEST_STEP][PASSED] - i1 = x.indexOf("/"): null

16-10-2024T07:02:18 - [TEST_STEP][PASSED] - if (i1 > -1): null

16-10-2024T07:02:18 - [TEST_STEP][PASSED] - x = x.substring(0, i1): null

16-10-2024T07:02:18 - [TEST_STEP][PASSED] - println(x): null

16-10-2024T07:02:18 - [TEST_STEP][PASSED] - return x: null

16-10-2024T07:02:18 - [TEST_STEP][PASSED] - tabB = GetOiSFactB(x = b): null

16-10-2024T07:02:18 - [TEST_STEP][PASSED] - i1 = <not implemented yet for class: org.codehaus.groovy.ast.expr.EmptyExpression>: null

16-10-2024T07:02:18 - [TEST_STEP][PASSED] - ii = <not implemented yet for class: org.codehaus.groovy.ast.expr.EmptyExpression>: null

16-10-2024T07:02:18 - [TEST_STEP][PASSED] - for ([ii = 1, ii < 5, (ii++)]): null

16-10-2024T07:02:18 - [TEST_STEP][PASSED] - i1 = x.indexOf("/") + 1: null

16-10-2024T07:02:18 - [TEST_STEP][PASSED] - if (i1 > -1): null

16-10-2024T07:02:18 - [TEST_STEP][PASSED] - x = x.substring(i1, x.length()): null

16-10-2024T07:02:18 - [TEST_STEP][PASSED] - println(x): null

16-10-2024T07:02:18 - [TEST_STEP][PASSED] - i1 = x.indexOf("/") + 1: null

16-10-2024T07:02:18 - [TEST_STEP][PASSED] - if (i1 > -1): null

16-10-2024T07:02:18 - [TEST_STEP][PASSED] - x = x.substring(i1, x.length()): null

16-10-2024T07:02:18 - [TEST_STEP][PASSED] - println(x): null

16-10-2024T07:02:18 - [TEST_STEP][PASSED] - i1 = x.indexOf("/") + 1: null

16-10-2024T07:02:18 - [TEST_STEP][PASSED] - if (i1 > -1): null

16-10-2024T07:02:18 - [TEST_STEP][PASSED] - x = x.substring(i1, x.length()): null

16-10-2024T07:02:18 - [TEST_STEP][PASSED] - println(x): null

16-10-2024T07:02:18 - [TEST_STEP][PASSED] - i1 = x.indexOf("/") + 1: null

16-10-2024T07:02:18 - [TEST_STEP][PASSED] - if (i1 > -1): null

16-10-2024T07:02:18 - [TEST_STEP][PASSED] - x = x.substring(i1, x.length()): null

16-10-2024T07:02:18 - [TEST_STEP][PASSED] - println(x): null

16-10-2024T07:02:18 - [TEST_STEP][PASSED] - i1 = x.indexOf("/"): null

16-10-2024T07:02:18 - [TEST_STEP][PASSED] - if (i1 > -1): null

16-10-2024T07:02:18 - [TEST_STEP][PASSED] - x = x.substring(0, i1): null

16-10-2024T07:02:23 - [TEST_STEP][PASSED] - println(x): null

16-10-2024T07:02:23 - [TEST_STEP][FAILED] - return x: null

16-10-2024T07:02:23 - [TEST_STEP][FAILED] - if (verifyEqual(tabR, tabB) == false): null

16-10-2024T07:02:23 - [MESSAGE][FAILED] - Unable to verify equal between actual object 'нет данных' and expected object '22763631' (Root cause: com.kms.katalon.core.exception.StepFailedException: Actual object 'нет данных' and expected object '22763631' are not equal
	at com.kms.katalon.core.keyword.builtin.VerifyEqualKeyword$_verifyEqual_closure1.doCall(VerifyEqualKeyword.groovy:58)
	at com.kms.katalon.core.keyword.builtin.VerifyEqualKeyword$_verifyEqual_closure1.call(VerifyEqualKeyword.groovy)
	at com.kms.katalon.core.keyword.internal.KeywordMain.runKeyword(KeywordMain.groovy:75)
	at com.kms.katalon.core.keyword.builtin.VerifyEqualKeyword.verifyEqual(VerifyEqualKeyword.groovy:63)
	at com.kms.katalon.core.keyword.builtin.VerifyEqualKeyword.execute(VerifyEqualKeyword.groovy:44)
	at com.kms.katalon.core.keyword.internal.KeywordExecutor.executeKeywordForPlatform(KeywordExecutor.groovy:74)
	at com.kms.katalon.core.keyword.BuiltinKeywords.verifyEqual(BuiltinKeywords.groovy:146)
	at jdk.internal.reflect.GeneratedMethodAccessor25.invoke(Unknown Source)
	at java.base/jdk.internal.reflect.DelegatingMethodAccessorImpl.invoke(DelegatingMethodAccessorImpl.java:43)
	at Выполнение бизнес-плана сверка дашбордов.CompareDZOData(Выполнение бизнес-плана сверка дашбордов:717)
	at Выполнение бизнес-плана сверка дашбордов.run(Выполнение бизнес-плана сверка дашбордов:608)
	at com.kms.katalon.core.main.ScriptEngine.run(ScriptEngine.java:194)
	at com.kms.katalon.core.main.ScriptEngine.runScriptAsRawText(ScriptEngine.java:119)
	at com.kms.katalon.core.main.TestCaseExecutor.runScript(TestCaseExecutor.java:448)
	at com.kms.katalon.core.main.TestCaseExecutor.doExecute(TestCaseExecutor.java:439)
	at com.kms.katalon.core.main.TestCaseExecutor.processExecutionPhase(TestCaseExecutor.java:418)
	at com.kms.katalon.core.main.TestCaseExecutor.accessMainPhase(TestCaseExecutor.java:410)
	at com.kms.katalon.core.main.TestCaseExecutor.execute(TestCaseExecutor.java:285)
	at com.kms.katalon.core.common.CommonExecutor.accessTestCaseMainPhase(CommonExecutor.java:65)
	at com.kms.katalon.core.main.TestSuiteExecutor.accessTestSuiteMainPhase(TestSuiteExecutor.java:150)
	at com.kms.katalon.core.main.TestSuiteExecutor.execute(TestSuiteExecutor.java:106)
	at com.kms.katalon.core.main.TestCaseMain.startTestSuite(TestCaseMain.java:180)
	at TempTestSuite1729050801829.run(TempTestSuite1729050801829.groovy:35)
	at java.base/jdk.internal.reflect.NativeMethodAccessorImpl.invoke0(Native Method)
	at java.base/jdk.internal.reflect.NativeMethodAccessorImpl.invoke(NativeMethodAccessorImpl.java:77)
	at java.base/jdk.internal.reflect.DelegatingMethodAccessorImpl.invoke(DelegatingMethodAccessorImpl.java:43)
)

16-10-2024T07:02:23 - [TEST_STEP][PASSED] - result = WriteToExcel(typeOfData, todaysDate, PercPlanR, PercPlanB, PercFactR, PercFactB, x, tabR, tabB, o1R, o1B, vidget): null

16-10-2024T07:02:23 - [TEST_STEP][PASSED] - iii = dZO.indexOf("/"): null

16-10-2024T07:02:23 - [TEST_STEP][PASSED] - println(iii): null

16-10-2024T07:02:23 - [TEST_STEP][PASSED] - dZO = dZO.substring(0, iii): null

16-10-2024T07:02:23 - [TEST_STEP][PASSED] - println(dZO): null

16-10-2024T07:02:23 - [TEST_STEP][PASSED] - println(PercPlanR): null

16-10-2024T07:02:23 - [TEST_STEP][PASSED] - println(PercPlanB): null

16-10-2024T07:02:23 - [TEST_STEP][PASSED] - println(PercFactR): null

16-10-2024T07:02:23 - [TEST_STEP][PASSED] - println(PercFactB): null

16-10-2024T07:02:23 - [TEST_STEP][PASSED] - println(tabR): null

16-10-2024T07:02:23 - [TEST_STEP][PASSED] - println(tabB): null

16-10-2024T07:02:23 - [TEST_STEP][PASSED] - println(o1R): null

16-10-2024T07:02:23 - [TEST_STEP][PASSED] - println(o1B): null

16-10-2024T07:02:23 - [TEST_STEP][PASSED] - PR = <not implemented yet for class: org.codehaus.groovy.ast.expr.EmptyExpression>: null

16-10-2024T07:02:23 - [TEST_STEP][PASSED] - FR = <not implemented yet for class: org.codehaus.groovy.ast.expr.EmptyExpression>: null

16-10-2024T07:02:23 - [TEST_STEP][PASSED] - PB = <not implemented yet for class: org.codehaus.groovy.ast.expr.EmptyExpression>: null

16-10-2024T07:02:23 - [TEST_STEP][PASSED] - FB = <not implemented yet for class: org.codehaus.groovy.ast.expr.EmptyExpression>: null

16-10-2024T07:02:23 - [TEST_STEP][PASSED] - TR = <not implemented yet for class: org.codehaus.groovy.ast.expr.EmptyExpression>: null

16-10-2024T07:02:23 - [TEST_STEP][PASSED] - TB = <not implemented yet for class: org.codehaus.groovy.ast.expr.EmptyExpression>: null

16-10-2024T07:02:23 - [TEST_STEP][PASSED] - sheetName = "Sheet1": null

16-10-2024T07:02:23 - [TEST_STEP][PASSED] - data = findTestData("PlanFact"): null

16-10-2024T07:02:23 - [TEST_STEP][PASSED] - n = data.getRowNumbers() + 1: null

16-10-2024T07:02:23 - [TEST_STEP][PASSED] - year = todaysDate.substring(todaysDate.length() - 4, todaysDate.length()): null

16-10-2024T07:02:23 - [TEST_STEP][PASSED] - y = year.toInteger(): null

16-10-2024T07:02:23 - [TEST_STEP][PASSED] - m = getText(findTestObject("Выполнение бизнес-плана/Выполнение бизнес-плана Балансы/Фильтр Дата")): Text of object 'Object Repository/Выполнение бизнес-плана/Выполнение бизнес-плана Балансы/Фильтр Дата' is: '1, 2 кв., Июль, Август 2024 года'

16-10-2024T07:02:23 - [MESSAGE][PASSED] - Text of object 'Object Repository/Выполнение бизнес-плана/Выполнение бизнес-плана Балансы/Фильтр Дата' is: '1, 2 кв., Июль, Август 2024 года'

16-10-2024T07:02:23 - [TEST_STEP][PASSED] - m = m.substring(0, m.indexOf("2024")): null

16-10-2024T07:02:23 - [TEST_STEP][PASSED] - m = m.trim(): null

16-10-2024T07:02:23 - [TEST_STEP][PASSED] - dashboardName = "Выполнение бизнес-плана": null

16-10-2024T07:02:23 - [TEST_STEP][PASSED] - workbook01 = getWorkbook(excelFilePath): null

16-10-2024T07:02:23 - [TEST_STEP][PASSED] - sheet01 = getExcelSheet(workbook01, sheetName): null

16-10-2024T07:02:23 - [TEST_STEP][PASSED] - setValueToCellByIndex(sheet01, n, 0, dashboardName): null

16-10-2024T07:02:23 - [TEST_STEP][PASSED] - setValueToCellByIndex(sheet01, n, 1, dZO): null

16-10-2024T07:02:23 - [TEST_STEP][PASSED] - setValueToCellByIndex(sheet01, n, 2, typeOfData): null

16-10-2024T07:02:23 - [TEST_STEP][PASSED] - setValueToCellByIndex(sheet01, n, 3, typeOfData): null

16-10-2024T07:02:23 - [TEST_STEP][PASSED] - if (typeOfData == "План"): null

16-10-2024T07:02:23 - [TEST_STEP][PASSED] - else if (typeOfData == "Факт"): null

16-10-2024T07:02:23 - [TEST_STEP][PASSED] - else if (vidget.contains("электроэнергии") == true): null

16-10-2024T07:02:23 - [TEST_STEP][PASSED] - if (tabR == null): null

16-10-2024T07:02:23 - [TEST_STEP][PASSED] - else: null

16-10-2024T07:02:23 - [TEST_STEP][PASSED] - if (tabR == "нет данных"): null

16-10-2024T07:02:23 - [TEST_STEP][PASSED] - setValueToCellByIndex(sheet01, n, 4, "нет данных"): null

16-10-2024T07:02:23 - [TEST_STEP][PASSED] - if (tabB == null): null

16-10-2024T07:02:23 - [TEST_STEP][PASSED] - else: null

16-10-2024T07:02:23 - [TEST_STEP][PASSED] - if (tabB == "нет данных"): null

16-10-2024T07:02:23 - [TEST_STEP][PASSED] - else: null

16-10-2024T07:02:23 - [TEST_STEP][PASSED] - TB = tabB.toInteger(): null

16-10-2024T07:02:23 - [TEST_STEP][PASSED] - setValueToCellByIndex(sheet01, n, 5, TB): null

16-10-2024T07:02:23 - [TEST_STEP][PASSED] - setValueToCellByIndex(sheet01, n, 6, m): null

16-10-2024T07:02:23 - [TEST_STEP][PASSED] - setValueToCellByIndex(sheet01, n, 7, y): null

16-10-2024T07:02:23 - [TEST_STEP][PASSED] - setValueToCellByIndex(sheet01, n, 8, todaysDate): null

16-10-2024T07:02:23 - [TEST_STEP][PASSED] - n = n + 1: null

16-10-2024T07:02:23 - [TEST_STEP][PASSED] - saveWorkbook(excelFilePath, workbook01): null

16-10-2024T07:02:24 - [TEST_STEP][PASSED] - typeOfData = "Факт Потери": null

16-10-2024T07:02:24 - [TEST_STEP][PASSED] - tabR = GetPFactR(x = a): null

16-10-2024T07:02:24 - [TEST_STEP][PASSED] - i1 = <not implemented yet for class: org.codehaus.groovy.ast.expr.EmptyExpression>: null

16-10-2024T07:02:24 - [TEST_STEP][PASSED] - ii = <not implemented yet for class: org.codehaus.groovy.ast.expr.EmptyExpression>: null

16-10-2024T07:02:24 - [TEST_STEP][PASSED] - for ([ii = 1, ii < 6, (ii++)]): null

16-10-2024T07:02:24 - [TEST_STEP][PASSED] - i1 = x.indexOf("/") + 1: null

16-10-2024T07:02:24 - [TEST_STEP][PASSED] - if (i1 > -1): null

16-10-2024T07:02:24 - [TEST_STEP][PASSED] - x = x.substring(i1, x.length()): null

16-10-2024T07:02:24 - [TEST_STEP][PASSED] - println(x): null

16-10-2024T07:02:24 - [TEST_STEP][PASSED] - i1 = x.indexOf("/") + 1: null

16-10-2024T07:02:24 - [TEST_STEP][PASSED] - if (i1 > -1): null

16-10-2024T07:02:24 - [TEST_STEP][PASSED] - x = x.substring(i1, x.length()): null

16-10-2024T07:02:24 - [TEST_STEP][PASSED] - println(x): null

16-10-2024T07:02:24 - [TEST_STEP][PASSED] - i1 = x.indexOf("/") + 1: null

16-10-2024T07:02:24 - [TEST_STEP][PASSED] - if (i1 > -1): null

16-10-2024T07:02:24 - [TEST_STEP][PASSED] - x = x.substring(i1, x.length()): null

16-10-2024T07:02:24 - [TEST_STEP][PASSED] - println(x): null

16-10-2024T07:02:24 - [TEST_STEP][PASSED] - i1 = x.indexOf("/") + 1: null

16-10-2024T07:02:24 - [TEST_STEP][PASSED] - if (i1 > -1): null

16-10-2024T07:02:24 - [TEST_STEP][PASSED] - x = x.substring(i1, x.length()): null

16-10-2024T07:02:24 - [TEST_STEP][PASSED] - println(x): null

16-10-2024T07:02:24 - [TEST_STEP][PASSED] - i1 = x.indexOf("/") + 1: null

16-10-2024T07:02:24 - [TEST_STEP][PASSED] - if (i1 > -1): null

16-10-2024T07:02:24 - [TEST_STEP][PASSED] - x = x.substring(i1, x.length()): null

16-10-2024T07:02:24 - [TEST_STEP][PASSED] - println(x): null

16-10-2024T07:02:24 - [TEST_STEP][PASSED] - i1 = x.indexOf("/"): null

16-10-2024T07:02:24 - [TEST_STEP][PASSED] - if (i1 > -1): null

16-10-2024T07:02:24 - [TEST_STEP][PASSED] - x = x.substring(0, i1): null

16-10-2024T07:02:24 - [TEST_STEP][PASSED] - println(x): null

16-10-2024T07:02:24 - [TEST_STEP][PASSED] - return x: null

16-10-2024T07:02:24 - [TEST_STEP][PASSED] - tabB = GetPFactB(x = b): null

16-10-2024T07:02:24 - [TEST_STEP][PASSED] - i1 = <not implemented yet for class: org.codehaus.groovy.ast.expr.EmptyExpression>: null

16-10-2024T07:02:24 - [TEST_STEP][PASSED] - ii = <not implemented yet for class: org.codehaus.groovy.ast.expr.EmptyExpression>: null

16-10-2024T07:02:24 - [TEST_STEP][PASSED] - for ([ii = 1, ii < 6, (ii++)]): null

16-10-2024T07:02:24 - [TEST_STEP][PASSED] - i1 = x.indexOf("/") + 1: null

16-10-2024T07:02:24 - [TEST_STEP][PASSED] - if (i1 > -1): null

16-10-2024T07:02:24 - [TEST_STEP][PASSED] - x = x.substring(i1, x.length()): null

16-10-2024T07:02:24 - [TEST_STEP][PASSED] - println(x): null

16-10-2024T07:02:24 - [TEST_STEP][PASSED] - i1 = x.indexOf("/") + 1: null

16-10-2024T07:02:24 - [TEST_STEP][PASSED] - if (i1 > -1): null

16-10-2024T07:02:24 - [TEST_STEP][PASSED] - x = x.substring(i1, x.length()): null

16-10-2024T07:02:24 - [TEST_STEP][PASSED] - println(x): null

16-10-2024T07:02:24 - [TEST_STEP][PASSED] - i1 = x.indexOf("/") + 1: null

16-10-2024T07:02:24 - [TEST_STEP][PASSED] - if (i1 > -1): null

16-10-2024T07:02:24 - [TEST_STEP][PASSED] - x = x.substring(i1, x.length()): null

16-10-2024T07:02:24 - [TEST_STEP][PASSED] - println(x): null

16-10-2024T07:02:24 - [TEST_STEP][PASSED] - i1 = x.indexOf("/") + 1: null

16-10-2024T07:02:24 - [TEST_STEP][PASSED] - if (i1 > -1): null

16-10-2024T07:02:24 - [TEST_STEP][PASSED] - x = x.substring(i1, x.length()): null

16-10-2024T07:02:24 - [TEST_STEP][PASSED] - println(x): null

16-10-2024T07:02:24 - [TEST_STEP][PASSED] - i1 = x.indexOf("/") + 1: null

16-10-2024T07:02:24 - [TEST_STEP][PASSED] - if (i1 > -1): null

16-10-2024T07:02:24 - [TEST_STEP][PASSED] - x = x.substring(i1, x.length()): null

16-10-2024T07:02:24 - [TEST_STEP][PASSED] - println(x): null

16-10-2024T07:02:24 - [TEST_STEP][PASSED] - i1 = x.indexOf("/"): null

16-10-2024T07:02:24 - [TEST_STEP][PASSED] - if (i1 > -1): null

16-10-2024T07:02:24 - [TEST_STEP][PASSED] - x = x.substring(0, i1): null

16-10-2024T07:02:24 - [TEST_STEP][PASSED] - println(x): null

16-10-2024T07:02:24 - [TEST_STEP][FAILED] - return x: null

16-10-2024T07:02:24 - [TEST_STEP][PASSED] - println(tabR + "/" + tabB): null

16-10-2024T07:02:24 - [TEST_STEP][FAILED] - if (verifyEqual(tabR, tabB) == false): null

16-10-2024T07:02:24 - [MESSAGE][FAILED] - Unable to verify equal between actual object 'нет данных' and expected object '2683692' (Root cause: com.kms.katalon.core.exception.StepFailedException: Actual object 'нет данных' and expected object '2683692' are not equal
	at com.kms.katalon.core.keyword.builtin.VerifyEqualKeyword$_verifyEqual_closure1.doCall(VerifyEqualKeyword.groovy:58)
	at com.kms.katalon.core.keyword.builtin.VerifyEqualKeyword$_verifyEqual_closure1.call(VerifyEqualKeyword.groovy)
	at com.kms.katalon.core.keyword.internal.KeywordMain.runKeyword(KeywordMain.groovy:75)
	at com.kms.katalon.core.keyword.builtin.VerifyEqualKeyword.verifyEqual(VerifyEqualKeyword.groovy:63)
	at com.kms.katalon.core.keyword.builtin.VerifyEqualKeyword.execute(VerifyEqualKeyword.groovy:44)
	at com.kms.katalon.core.keyword.internal.KeywordExecutor.executeKeywordForPlatform(KeywordExecutor.groovy:74)
	at com.kms.katalon.core.keyword.BuiltinKeywords.verifyEqual(BuiltinKeywords.groovy:146)
	at jdk.internal.reflect.GeneratedMethodAccessor25.invoke(Unknown Source)
	at java.base/jdk.internal.reflect.DelegatingMethodAccessorImpl.invoke(DelegatingMethodAccessorImpl.java:43)
	at Выполнение бизнес-плана сверка дашбордов.CompareDZOData(Выполнение бизнес-плана сверка дашбордов:730)
	at Выполнение бизнес-плана сверка дашбордов.run(Выполнение бизнес-плана сверка дашбордов:608)
	at com.kms.katalon.core.main.ScriptEngine.run(ScriptEngine.java:194)
	at com.kms.katalon.core.main.ScriptEngine.runScriptAsRawText(ScriptEngine.java:119)
	at com.kms.katalon.core.main.TestCaseExecutor.runScript(TestCaseExecutor.java:448)
	at com.kms.katalon.core.main.TestCaseExecutor.doExecute(TestCaseExecutor.java:439)
	at com.kms.katalon.core.main.TestCaseExecutor.processExecutionPhase(TestCaseExecutor.java:418)
	at com.kms.katalon.core.main.TestCaseExecutor.accessMainPhase(TestCaseExecutor.java:410)
	at com.kms.katalon.core.main.TestCaseExecutor.execute(TestCaseExecutor.java:285)
	at com.kms.katalon.core.common.CommonExecutor.accessTestCaseMainPhase(CommonExecutor.java:65)
	at com.kms.katalon.core.main.TestSuiteExecutor.accessTestSuiteMainPhase(TestSuiteExecutor.java:150)
	at com.kms.katalon.core.main.TestSuiteExecutor.execute(TestSuiteExecutor.java:106)
	at com.kms.katalon.core.main.TestCaseMain.startTestSuite(TestCaseMain.java:180)
	at TempTestSuite1729050801829.run(TempTestSuite1729050801829.groovy:35)
	at java.base/jdk.internal.reflect.NativeMethodAccessorImpl.invoke0(Native Method)
	at java.base/jdk.internal.reflect.NativeMethodAccessorImpl.invoke(NativeMethodAccessorImpl.java:77)
	at java.base/jdk.internal.reflect.DelegatingMethodAccessorImpl.invoke(DelegatingMethodAccessorImpl.java:43)
)

16-10-2024T07:02:24 - [TEST_STEP][PASSED] - result = WriteToExcel(typeOfData, todaysDate, PercPlanR, PercPlanB, PercFactR, PercFactB, x, tabR, tabB, o1R, o1B, vidget): null

16-10-2024T07:02:24 - [TEST_STEP][PASSED] - iii = dZO.indexOf("/"): null

16-10-2024T07:02:24 - [TEST_STEP][PASSED] - println(iii): null

16-10-2024T07:02:24 - [TEST_STEP][PASSED] - dZO = dZO.substring(0, iii): null

16-10-2024T07:02:24 - [TEST_STEP][PASSED] - println(dZO): null

16-10-2024T07:02:24 - [TEST_STEP][PASSED] - println(PercPlanR): null

16-10-2024T07:02:24 - [TEST_STEP][PASSED] - println(PercPlanB): null

16-10-2024T07:02:24 - [TEST_STEP][PASSED] - println(PercFactR): null

16-10-2024T07:02:24 - [TEST_STEP][PASSED] - println(PercFactB): null

16-10-2024T07:02:24 - [TEST_STEP][PASSED] - println(tabR): null

16-10-2024T07:02:24 - [TEST_STEP][PASSED] - println(tabB): null

16-10-2024T07:02:24 - [TEST_STEP][PASSED] - println(o1R): null

16-10-2024T07:02:24 - [TEST_STEP][PASSED] - println(o1B): null

16-10-2024T07:02:24 - [TEST_STEP][PASSED] - PR = <not implemented yet for class: org.codehaus.groovy.ast.expr.EmptyExpression>: null

16-10-2024T07:02:24 - [TEST_STEP][PASSED] - FR = <not implemented yet for class: org.codehaus.groovy.ast.expr.EmptyExpression>: null

16-10-2024T07:02:24 - [TEST_STEP][PASSED] - PB = <not implemented yet for class: org.codehaus.groovy.ast.expr.EmptyExpression>: null

16-10-2024T07:02:24 - [TEST_STEP][PASSED] - FB = <not implemented yet for class: org.codehaus.groovy.ast.expr.EmptyExpression>: null

16-10-2024T07:02:24 - [TEST_STEP][PASSED] - TR = <not implemented yet for class: org.codehaus.groovy.ast.expr.EmptyExpression>: null

16-10-2024T07:02:24 - [TEST_STEP][PASSED] - TB = <not implemented yet for class: org.codehaus.groovy.ast.expr.EmptyExpression>: null

16-10-2024T07:02:24 - [TEST_STEP][PASSED] - sheetName = "Sheet1": null

16-10-2024T07:02:24 - [TEST_STEP][PASSED] - data = findTestData("PlanFact"): null

16-10-2024T07:02:24 - [TEST_STEP][PASSED] - n = data.getRowNumbers() + 1: null

16-10-2024T07:02:24 - [TEST_STEP][PASSED] - year = todaysDate.substring(todaysDate.length() - 4, todaysDate.length()): null

16-10-2024T07:02:24 - [TEST_STEP][PASSED] - y = year.toInteger(): null

16-10-2024T07:02:24 - [TEST_STEP][PASSED] - m = getText(findTestObject("Выполнение бизнес-плана/Выполнение бизнес-плана Балансы/Фильтр Дата")): Text of object 'Object Repository/Выполнение бизнес-плана/Выполнение бизнес-плана Балансы/Фильтр Дата' is: '1, 2 кв., Июль, Август 2024 года'

16-10-2024T07:02:24 - [MESSAGE][PASSED] - Text of object 'Object Repository/Выполнение бизнес-плана/Выполнение бизнес-плана Балансы/Фильтр Дата' is: '1, 2 кв., Июль, Август 2024 года'

16-10-2024T07:02:24 - [TEST_STEP][PASSED] - m = m.substring(0, m.indexOf("2024")): null

16-10-2024T07:02:24 - [TEST_STEP][PASSED] - m = m.trim(): null

16-10-2024T07:02:24 - [TEST_STEP][PASSED] - dashboardName = "Выполнение бизнес-плана": null

16-10-2024T07:02:24 - [TEST_STEP][PASSED] - workbook01 = getWorkbook(excelFilePath): null

16-10-2024T07:02:24 - [TEST_STEP][PASSED] - sheet01 = getExcelSheet(workbook01, sheetName): null

16-10-2024T07:02:24 - [TEST_STEP][PASSED] - setValueToCellByIndex(sheet01, n, 0, dashboardName): null

16-10-2024T07:02:24 - [TEST_STEP][PASSED] - setValueToCellByIndex(sheet01, n, 1, dZO): null

16-10-2024T07:02:24 - [TEST_STEP][PASSED] - setValueToCellByIndex(sheet01, n, 2, typeOfData): null

16-10-2024T07:02:24 - [TEST_STEP][PASSED] - setValueToCellByIndex(sheet01, n, 3, typeOfData): null

16-10-2024T07:02:24 - [TEST_STEP][PASSED] - if (typeOfData == "План"): null

16-10-2024T07:02:24 - [TEST_STEP][PASSED] - else if (typeOfData == "Факт"): null

16-10-2024T07:02:24 - [TEST_STEP][PASSED] - else if (vidget.contains("электроэнергии") == true): null

16-10-2024T07:02:24 - [TEST_STEP][PASSED] - if (tabR == null): null

16-10-2024T07:02:24 - [TEST_STEP][PASSED] - else: null

16-10-2024T07:02:24 - [TEST_STEP][PASSED] - if (tabR == "нет данных"): null

16-10-2024T07:02:24 - [TEST_STEP][PASSED] - setValueToCellByIndex(sheet01, n, 4, "нет данных"): null

16-10-2024T07:02:24 - [TEST_STEP][PASSED] - if (tabB == null): null

16-10-2024T07:02:24 - [TEST_STEP][PASSED] - else: null

16-10-2024T07:02:24 - [TEST_STEP][PASSED] - if (tabB == "нет данных"): null

16-10-2024T07:02:24 - [TEST_STEP][PASSED] - else: null

16-10-2024T07:02:24 - [TEST_STEP][PASSED] - TB = tabB.toInteger(): null

16-10-2024T07:02:24 - [TEST_STEP][PASSED] - setValueToCellByIndex(sheet01, n, 5, TB): null

16-10-2024T07:02:24 - [TEST_STEP][PASSED] - setValueToCellByIndex(sheet01, n, 6, m): null

16-10-2024T07:02:24 - [TEST_STEP][PASSED] - setValueToCellByIndex(sheet01, n, 7, y): null

16-10-2024T07:02:24 - [TEST_STEP][PASSED] - setValueToCellByIndex(sheet01, n, 8, todaysDate): null

16-10-2024T07:02:24 - [TEST_STEP][PASSED] - n = n + 1: null

16-10-2024T07:02:24 - [TEST_STEP][PASSED] - saveWorkbook(excelFilePath, workbook01): null

16-10-2024T07:02:24 - [TEST_STEP][PASSED] - vidget = "Показатели баланса электроэнергии по ДЗО – План": null

16-10-2024T07:02:24 - [TEST_STEP][PASSED] - typeOfData = "План Отпуск в сеть": null

16-10-2024T07:02:24 - [TEST_STEP][PASSED] - tabR = GetOvSPlanR(x = a): null

16-10-2024T07:02:24 - [TEST_STEP][PASSED] - i1 = <not implemented yet for class: org.codehaus.groovy.ast.expr.EmptyExpression>: null

16-10-2024T07:02:24 - [TEST_STEP][PASSED] - ii = <not implemented yet for class: org.codehaus.groovy.ast.expr.EmptyExpression>: null

16-10-2024T07:02:24 - [TEST_STEP][PASSED] - for ([ii = 1, ii < 7, (ii++)]): null

16-10-2024T07:02:24 - [TEST_STEP][PASSED] - i1 = x.indexOf("/") + 1: null

16-10-2024T07:02:24 - [TEST_STEP][PASSED] - if (i1 > -1): null

16-10-2024T07:02:24 - [TEST_STEP][PASSED] - x = x.substring(i1, x.length()): null

16-10-2024T07:02:24 - [TEST_STEP][PASSED] - println(x): null

16-10-2024T07:02:24 - [TEST_STEP][PASSED] - i1 = x.indexOf("/") + 1: null

16-10-2024T07:02:24 - [TEST_STEP][PASSED] - if (i1 > -1): null

16-10-2024T07:02:24 - [TEST_STEP][PASSED] - x = x.substring(i1, x.length()): null

16-10-2024T07:02:24 - [TEST_STEP][PASSED] - println(x): null

16-10-2024T07:02:24 - [TEST_STEP][PASSED] - i1 = x.indexOf("/") + 1: null

16-10-2024T07:02:24 - [TEST_STEP][PASSED] - if (i1 > -1): null

16-10-2024T07:02:24 - [TEST_STEP][PASSED] - x = x.substring(i1, x.length()): null

16-10-2024T07:02:24 - [TEST_STEP][PASSED] - println(x): null

16-10-2024T07:02:24 - [TEST_STEP][PASSED] - i1 = x.indexOf("/") + 1: null

16-10-2024T07:02:24 - [TEST_STEP][PASSED] - if (i1 > -1): null

16-10-2024T07:02:24 - [TEST_STEP][PASSED] - x = x.substring(i1, x.length()): null

16-10-2024T07:02:24 - [TEST_STEP][PASSED] - println(x): null

16-10-2024T07:02:24 - [TEST_STEP][PASSED] - i1 = x.indexOf("/") + 1: null

16-10-2024T07:02:24 - [TEST_STEP][PASSED] - if (i1 > -1): null

16-10-2024T07:02:24 - [TEST_STEP][PASSED] - x = x.substring(i1, x.length()): null

16-10-2024T07:02:24 - [TEST_STEP][PASSED] - println(x): null

16-10-2024T07:02:24 - [TEST_STEP][PASSED] - i1 = x.indexOf("/") + 1: null

16-10-2024T07:02:24 - [TEST_STEP][PASSED] - if (i1 > -1): null

16-10-2024T07:02:24 - [TEST_STEP][PASSED] - x = x.substring(i1, x.length()): null

16-10-2024T07:02:24 - [TEST_STEP][PASSED] - println(x): null

16-10-2024T07:02:24 - [TEST_STEP][PASSED] - i1 = x.indexOf("/"): null

16-10-2024T07:02:24 - [TEST_STEP][PASSED] - if (i1 > -1): null

16-10-2024T07:02:24 - [TEST_STEP][PASSED] - x = x.substring(0, i1): null

16-10-2024T07:02:24 - [TEST_STEP][PASSED] - println(x): null

16-10-2024T07:02:24 - [TEST_STEP][PASSED] - return x: null

16-10-2024T07:02:24 - [TEST_STEP][PASSED] - tabB = GetOvSPlanB(x = b): null

16-10-2024T07:02:24 - [TEST_STEP][PASSED] - i1 = <not implemented yet for class: org.codehaus.groovy.ast.expr.EmptyExpression>: null

16-10-2024T07:02:24 - [TEST_STEP][PASSED] - ii = <not implemented yet for class: org.codehaus.groovy.ast.expr.EmptyExpression>: null

16-10-2024T07:02:24 - [TEST_STEP][PASSED] - for ([ii = 1, ii < 7, (ii++)]): null

16-10-2024T07:02:24 - [TEST_STEP][PASSED] - i1 = x.indexOf("/") + 1: null

16-10-2024T07:02:24 - [TEST_STEP][PASSED] - if (i1 > -1): null

16-10-2024T07:02:24 - [TEST_STEP][PASSED] - x = x.substring(i1, x.length()): null

16-10-2024T07:02:24 - [TEST_STEP][PASSED] - println(x): null

16-10-2024T07:02:24 - [TEST_STEP][PASSED] - i1 = x.indexOf("/") + 1: null

16-10-2024T07:02:24 - [TEST_STEP][PASSED] - if (i1 > -1): null

16-10-2024T07:02:24 - [TEST_STEP][PASSED] - x = x.substring(i1, x.length()): null

16-10-2024T07:02:24 - [TEST_STEP][PASSED] - println(x): null

16-10-2024T07:02:24 - [TEST_STEP][PASSED] - i1 = x.indexOf("/") + 1: null

16-10-2024T07:02:24 - [TEST_STEP][PASSED] - if (i1 > -1): null

16-10-2024T07:02:24 - [TEST_STEP][PASSED] - x = x.substring(i1, x.length()): null

16-10-2024T07:02:24 - [TEST_STEP][PASSED] - println(x): null

16-10-2024T07:02:24 - [TEST_STEP][PASSED] - i1 = x.indexOf("/") + 1: null

16-10-2024T07:02:24 - [TEST_STEP][PASSED] - if (i1 > -1): null

16-10-2024T07:02:24 - [TEST_STEP][PASSED] - x = x.substring(i1, x.length()): null

16-10-2024T07:02:24 - [TEST_STEP][PASSED] - println(x): null

16-10-2024T07:02:24 - [TEST_STEP][PASSED] - i1 = x.indexOf("/") + 1: null

16-10-2024T07:02:24 - [TEST_STEP][PASSED] - if (i1 > -1): null

16-10-2024T07:02:24 - [TEST_STEP][PASSED] - x = x.substring(i1, x.length()): null

16-10-2024T07:02:24 - [TEST_STEP][PASSED] - println(x): null

16-10-2024T07:02:24 - [TEST_STEP][PASSED] - i1 = x.indexOf("/") + 1: null

16-10-2024T07:02:24 - [TEST_STEP][PASSED] - if (i1 > -1): null

16-10-2024T07:02:24 - [TEST_STEP][PASSED] - x = x.substring(i1, x.length()): null

16-10-2024T07:02:24 - [TEST_STEP][PASSED] - println(x): null

16-10-2024T07:02:24 - [TEST_STEP][PASSED] - i1 = x.indexOf("/"): null

16-10-2024T07:02:24 - [TEST_STEP][PASSED] - if (i1 > -1): null

16-10-2024T07:02:24 - [TEST_STEP][PASSED] - x = x.substring(0, i1): null

16-10-2024T07:02:24 - [TEST_STEP][PASSED] - println(x): null

16-10-2024T07:02:24 - [TEST_STEP][FAILED] - return x: null

16-10-2024T07:02:24 - [TEST_STEP][PASSED] - println(tabR + "/" + tabB): null

16-10-2024T07:02:24 - [TEST_STEP][FAILED] - if (verifyEqual(PercFactR, PercFactB) == false): null

16-10-2024T07:02:24 - [MESSAGE][FAILED] - Unable to verify equal between actual object 'нет данных' and expected object '10.55' (Root cause: com.kms.katalon.core.exception.StepFailedException: Actual object 'нет данных' and expected object '10.55' are not equal
	at com.kms.katalon.core.keyword.builtin.VerifyEqualKeyword$_verifyEqual_closure1.doCall(VerifyEqualKeyword.groovy:58)
	at com.kms.katalon.core.keyword.builtin.VerifyEqualKeyword$_verifyEqual_closure1.call(VerifyEqualKeyword.groovy)
	at com.kms.katalon.core.keyword.internal.KeywordMain.runKeyword(KeywordMain.groovy:75)
	at com.kms.katalon.core.keyword.builtin.VerifyEqualKeyword.verifyEqual(VerifyEqualKeyword.groovy:63)
	at com.kms.katalon.core.keyword.builtin.VerifyEqualKeyword.execute(VerifyEqualKeyword.groovy:44)
	at com.kms.katalon.core.keyword.internal.KeywordExecutor.executeKeywordForPlatform(KeywordExecutor.groovy:74)
	at com.kms.katalon.core.keyword.BuiltinKeywords.verifyEqual(BuiltinKeywords.groovy:146)
	at jdk.internal.reflect.GeneratedMethodAccessor25.invoke(Unknown Source)
	at java.base/jdk.internal.reflect.DelegatingMethodAccessorImpl.invoke(DelegatingMethodAccessorImpl.java:43)
	at Выполнение бизнес-плана сверка дашбордов.CompareDZOData(Выполнение бизнес-плана сверка дашбордов:745)
	at Выполнение бизнес-плана сверка дашбордов.run(Выполнение бизнес-плана сверка дашбордов:608)
	at com.kms.katalon.core.main.ScriptEngine.run(ScriptEngine.java:194)
	at com.kms.katalon.core.main.ScriptEngine.runScriptAsRawText(ScriptEngine.java:119)
	at com.kms.katalon.core.main.TestCaseExecutor.runScript(TestCaseExecutor.java:448)
	at com.kms.katalon.core.main.TestCaseExecutor.doExecute(TestCaseExecutor.java:439)
	at com.kms.katalon.core.main.TestCaseExecutor.processExecutionPhase(TestCaseExecutor.java:418)
	at com.kms.katalon.core.main.TestCaseExecutor.accessMainPhase(TestCaseExecutor.java:410)
	at com.kms.katalon.core.main.TestCaseExecutor.execute(TestCaseExecutor.java:285)
	at com.kms.katalon.core.common.CommonExecutor.accessTestCaseMainPhase(CommonExecutor.java:65)
	at com.kms.katalon.core.main.TestSuiteExecutor.accessTestSuiteMainPhase(TestSuiteExecutor.java:150)
	at com.kms.katalon.core.main.TestSuiteExecutor.execute(TestSuiteExecutor.java:106)
	at com.kms.katalon.core.main.TestCaseMain.startTestSuite(TestCaseMain.java:180)
	at TempTestSuite1729050801829.run(TempTestSuite1729050801829.groovy:35)
	at java.base/jdk.internal.reflect.NativeMethodAccessorImpl.invoke0(Native Method)
	at java.base/jdk.internal.reflect.NativeMethodAccessorImpl.invoke(NativeMethodAccessorImpl.java:77)
	at java.base/jdk.internal.reflect.DelegatingMethodAccessorImpl.invoke(DelegatingMethodAccessorImpl.java:43)
)

16-10-2024T07:02:24 - [TEST_STEP][PASSED] - result = WriteToExcel(typeOfData, todaysDate, PercPlanR, PercPlanB, PercFactR, PercFactB, x, tabR, tabB, o1R, o1B, vidget): null

16-10-2024T07:02:24 - [TEST_STEP][PASSED] - iii = dZO.indexOf("/"): null

16-10-2024T07:02:24 - [TEST_STEP][PASSED] - println(iii): null

16-10-2024T07:02:24 - [TEST_STEP][PASSED] - dZO = dZO.substring(0, iii): null

16-10-2024T07:02:24 - [TEST_STEP][PASSED] - println(dZO): null

16-10-2024T07:02:24 - [TEST_STEP][PASSED] - println(PercPlanR): null

16-10-2024T07:02:24 - [TEST_STEP][PASSED] - println(PercPlanB): null

16-10-2024T07:02:24 - [TEST_STEP][PASSED] - println(PercFactR): null

16-10-2024T07:02:24 - [TEST_STEP][PASSED] - println(PercFactB): null

16-10-2024T07:02:24 - [TEST_STEP][PASSED] - println(tabR): null

16-10-2024T07:02:24 - [TEST_STEP][PASSED] - println(tabB): null

16-10-2024T07:02:24 - [TEST_STEP][PASSED] - println(o1R): null

16-10-2024T07:02:24 - [TEST_STEP][PASSED] - println(o1B): null

16-10-2024T07:02:24 - [TEST_STEP][PASSED] - PR = <not implemented yet for class: org.codehaus.groovy.ast.expr.EmptyExpression>: null

16-10-2024T07:02:24 - [TEST_STEP][PASSED] - FR = <not implemented yet for class: org.codehaus.groovy.ast.expr.EmptyExpression>: null

16-10-2024T07:02:24 - [TEST_STEP][PASSED] - PB = <not implemented yet for class: org.codehaus.groovy.ast.expr.EmptyExpression>: null

16-10-2024T07:02:24 - [TEST_STEP][PASSED] - FB = <not implemented yet for class: org.codehaus.groovy.ast.expr.EmptyExpression>: null

16-10-2024T07:02:24 - [TEST_STEP][PASSED] - TR = <not implemented yet for class: org.codehaus.groovy.ast.expr.EmptyExpression>: null

16-10-2024T07:02:24 - [TEST_STEP][PASSED] - TB = <not implemented yet for class: org.codehaus.groovy.ast.expr.EmptyExpression>: null

16-10-2024T07:02:24 - [TEST_STEP][PASSED] - sheetName = "Sheet1": null

16-10-2024T07:02:24 - [TEST_STEP][PASSED] - data = findTestData("PlanFact"): null

16-10-2024T07:02:24 - [TEST_STEP][PASSED] - n = data.getRowNumbers() + 1: null

16-10-2024T07:02:24 - [TEST_STEP][PASSED] - year = todaysDate.substring(todaysDate.length() - 4, todaysDate.length()): null

16-10-2024T07:02:24 - [TEST_STEP][PASSED] - y = year.toInteger(): null

16-10-2024T07:02:24 - [TEST_STEP][PASSED] - m = getText(findTestObject("Выполнение бизнес-плана/Выполнение бизнес-плана Балансы/Фильтр Дата")): Text of object 'Object Repository/Выполнение бизнес-плана/Выполнение бизнес-плана Балансы/Фильтр Дата' is: '1, 2 кв., Июль, Август 2024 года'

16-10-2024T07:02:25 - [MESSAGE][PASSED] - Text of object 'Object Repository/Выполнение бизнес-плана/Выполнение бизнес-плана Балансы/Фильтр Дата' is: '1, 2 кв., Июль, Август 2024 года'

16-10-2024T07:02:25 - [TEST_STEP][PASSED] - m = m.substring(0, m.indexOf("2024")): null

16-10-2024T07:02:25 - [TEST_STEP][PASSED] - m = m.trim(): null

16-10-2024T07:02:25 - [TEST_STEP][PASSED] - dashboardName = "Выполнение бизнес-плана": null

16-10-2024T07:02:25 - [TEST_STEP][PASSED] - workbook01 = getWorkbook(excelFilePath): null

16-10-2024T07:02:25 - [TEST_STEP][PASSED] - sheet01 = getExcelSheet(workbook01, sheetName): null

16-10-2024T07:02:25 - [TEST_STEP][PASSED] - setValueToCellByIndex(sheet01, n, 0, dashboardName): null

16-10-2024T07:02:25 - [TEST_STEP][PASSED] - setValueToCellByIndex(sheet01, n, 1, dZO): null

16-10-2024T07:02:25 - [TEST_STEP][PASSED] - setValueToCellByIndex(sheet01, n, 2, typeOfData): null

16-10-2024T07:02:25 - [TEST_STEP][PASSED] - setValueToCellByIndex(sheet01, n, 3, typeOfData): null

16-10-2024T07:02:25 - [TEST_STEP][PASSED] - if (typeOfData == "План"): null

16-10-2024T07:02:25 - [TEST_STEP][PASSED] - else if (typeOfData == "Факт"): null

16-10-2024T07:02:25 - [TEST_STEP][PASSED] - else if (vidget.contains("электроэнергии") == true): null

16-10-2024T07:02:25 - [TEST_STEP][PASSED] - if (tabR == null): null

16-10-2024T07:02:25 - [TEST_STEP][PASSED] - else: null

16-10-2024T07:02:25 - [TEST_STEP][PASSED] - if (tabR == "нет данных"): null

16-10-2024T07:02:25 - [TEST_STEP][PASSED] - setValueToCellByIndex(sheet01, n, 4, "нет данных"): null

16-10-2024T07:02:25 - [TEST_STEP][PASSED] - if (tabB == null): null

16-10-2024T07:02:25 - [TEST_STEP][PASSED] - else: null

16-10-2024T07:02:25 - [TEST_STEP][PASSED] - if (tabB == "нет данных"): null

16-10-2024T07:02:25 - [TEST_STEP][PASSED] - else: null

16-10-2024T07:02:25 - [TEST_STEP][PASSED] - TB = tabB.toInteger(): null

16-10-2024T07:02:25 - [TEST_STEP][PASSED] - setValueToCellByIndex(sheet01, n, 5, TB): null

16-10-2024T07:02:25 - [TEST_STEP][PASSED] - setValueToCellByIndex(sheet01, n, 6, m): null

16-10-2024T07:02:25 - [TEST_STEP][PASSED] - setValueToCellByIndex(sheet01, n, 7, y): null

16-10-2024T07:02:25 - [TEST_STEP][PASSED] - setValueToCellByIndex(sheet01, n, 8, todaysDate): null

16-10-2024T07:02:25 - [TEST_STEP][PASSED] - n = n + 1: null

16-10-2024T07:02:25 - [TEST_STEP][PASSED] - saveWorkbook(excelFilePath, workbook01): null

16-10-2024T07:02:25 - [TEST_STEP][PASSED] - typeOfData = "План Отпуск из сети": null

16-10-2024T07:02:25 - [TEST_STEP][PASSED] - tabR = GetOiSPlanR(x = a): null

16-10-2024T07:02:25 - [TEST_STEP][PASSED] - i1 = <not implemented yet for class: org.codehaus.groovy.ast.expr.EmptyExpression>: null

16-10-2024T07:02:25 - [TEST_STEP][PASSED] - ii = <not implemented yet for class: org.codehaus.groovy.ast.expr.EmptyExpression>: null

16-10-2024T07:02:25 - [TEST_STEP][PASSED] - for ([ii = 1, ii < 8, (ii++)]): null

16-10-2024T07:02:25 - [TEST_STEP][PASSED] - i1 = x.indexOf("/") + 1: null

16-10-2024T07:02:25 - [TEST_STEP][PASSED] - if (i1 > -1): null

16-10-2024T07:02:25 - [TEST_STEP][PASSED] - x = x.substring(i1, x.length()): null

16-10-2024T07:02:25 - [TEST_STEP][PASSED] - println(x): null

16-10-2024T07:02:25 - [TEST_STEP][PASSED] - i1 = x.indexOf("/") + 1: null

16-10-2024T07:02:25 - [TEST_STEP][PASSED] - if (i1 > -1): null

16-10-2024T07:02:25 - [TEST_STEP][PASSED] - x = x.substring(i1, x.length()): null

16-10-2024T07:02:25 - [TEST_STEP][PASSED] - println(x): null

16-10-2024T07:02:25 - [TEST_STEP][PASSED] - i1 = x.indexOf("/") + 1: null

16-10-2024T07:02:25 - [TEST_STEP][PASSED] - if (i1 > -1): null

16-10-2024T07:02:25 - [TEST_STEP][PASSED] - x = x.substring(i1, x.length()): null

16-10-2024T07:02:25 - [TEST_STEP][PASSED] - println(x): null

16-10-2024T07:02:25 - [TEST_STEP][PASSED] - i1 = x.indexOf("/") + 1: null

16-10-2024T07:02:25 - [TEST_STEP][PASSED] - if (i1 > -1): null

16-10-2024T07:02:25 - [TEST_STEP][PASSED] - x = x.substring(i1, x.length()): null

16-10-2024T07:02:25 - [TEST_STEP][PASSED] - println(x): null

16-10-2024T07:02:25 - [TEST_STEP][PASSED] - i1 = x.indexOf("/") + 1: null

16-10-2024T07:02:25 - [TEST_STEP][PASSED] - if (i1 > -1): null

16-10-2024T07:02:25 - [TEST_STEP][PASSED] - x = x.substring(i1, x.length()): null

16-10-2024T07:02:25 - [TEST_STEP][PASSED] - println(x): null

16-10-2024T07:02:25 - [TEST_STEP][PASSED] - i1 = x.indexOf("/") + 1: null

16-10-2024T07:02:25 - [TEST_STEP][PASSED] - if (i1 > -1): null

16-10-2024T07:02:25 - [TEST_STEP][PASSED] - x = x.substring(i1, x.length()): null

16-10-2024T07:02:25 - [TEST_STEP][PASSED] - println(x): null

16-10-2024T07:02:25 - [TEST_STEP][PASSED] - i1 = x.indexOf("/") + 1: null

16-10-2024T07:02:25 - [TEST_STEP][PASSED] - if (i1 > -1): null

16-10-2024T07:02:25 - [TEST_STEP][PASSED] - x = x.substring(i1, x.length()): null

16-10-2024T07:02:25 - [TEST_STEP][PASSED] - println(x): null

16-10-2024T07:02:25 - [TEST_STEP][PASSED] - i1 = x.indexOf("/"): null

16-10-2024T07:02:25 - [TEST_STEP][PASSED] - if (i1 > -1): null

16-10-2024T07:02:25 - [TEST_STEP][PASSED] - x = x.substring(0, i1): null

16-10-2024T07:02:25 - [TEST_STEP][PASSED] - println(x): null

16-10-2024T07:02:25 - [TEST_STEP][PASSED] - return x: null

16-10-2024T07:02:25 - [TEST_STEP][PASSED] - tabB = GetOiSPlanB(x = b): null

16-10-2024T07:02:25 - [TEST_STEP][PASSED] - i1 = <not implemented yet for class: org.codehaus.groovy.ast.expr.EmptyExpression>: null

16-10-2024T07:02:25 - [TEST_STEP][PASSED] - ii = <not implemented yet for class: org.codehaus.groovy.ast.expr.EmptyExpression>: null

16-10-2024T07:02:25 - [TEST_STEP][PASSED] - for ([ii = 1, ii < 8, (ii++)]): null

16-10-2024T07:02:25 - [TEST_STEP][PASSED] - i1 = x.indexOf("/") + 1: null

16-10-2024T07:02:25 - [TEST_STEP][PASSED] - if (i1 > -1): null

16-10-2024T07:02:25 - [TEST_STEP][PASSED] - x = x.substring(i1, x.length()): null

16-10-2024T07:02:25 - [TEST_STEP][PASSED] - println(x): null

16-10-2024T07:02:25 - [TEST_STEP][PASSED] - i1 = x.indexOf("/") + 1: null

16-10-2024T07:02:25 - [TEST_STEP][PASSED] - if (i1 > -1): null

16-10-2024T07:02:25 - [TEST_STEP][PASSED] - x = x.substring(i1, x.length()): null

16-10-2024T07:02:25 - [TEST_STEP][PASSED] - println(x): null

16-10-2024T07:02:25 - [TEST_STEP][PASSED] - i1 = x.indexOf("/") + 1: null

16-10-2024T07:02:25 - [TEST_STEP][PASSED] - if (i1 > -1): null

16-10-2024T07:02:25 - [TEST_STEP][PASSED] - x = x.substring(i1, x.length()): null

16-10-2024T07:02:25 - [TEST_STEP][PASSED] - println(x): null

16-10-2024T07:02:25 - [TEST_STEP][PASSED] - i1 = x.indexOf("/") + 1: null

16-10-2024T07:02:25 - [TEST_STEP][PASSED] - if (i1 > -1): null

16-10-2024T07:02:25 - [TEST_STEP][PASSED] - x = x.substring(i1, x.length()): null

16-10-2024T07:02:25 - [TEST_STEP][PASSED] - println(x): null

16-10-2024T07:02:25 - [TEST_STEP][PASSED] - i1 = x.indexOf("/") + 1: null

16-10-2024T07:02:25 - [TEST_STEP][PASSED] - if (i1 > -1): null

16-10-2024T07:02:25 - [TEST_STEP][PASSED] - x = x.substring(i1, x.length()): null

16-10-2024T07:02:25 - [TEST_STEP][PASSED] - println(x): null

16-10-2024T07:02:25 - [TEST_STEP][PASSED] - i1 = x.indexOf("/") + 1: null

16-10-2024T07:02:25 - [TEST_STEP][PASSED] - if (i1 > -1): null

16-10-2024T07:02:25 - [TEST_STEP][PASSED] - x = x.substring(i1, x.length()): null

16-10-2024T07:02:25 - [TEST_STEP][PASSED] - println(x): null

16-10-2024T07:02:25 - [TEST_STEP][PASSED] - i1 = x.indexOf("/") + 1: null

16-10-2024T07:02:25 - [TEST_STEP][PASSED] - if (i1 > -1): null

16-10-2024T07:02:25 - [TEST_STEP][PASSED] - x = x.substring(i1, x.length()): null

16-10-2024T07:02:25 - [TEST_STEP][PASSED] - println(x): null

16-10-2024T07:02:25 - [TEST_STEP][PASSED] - i1 = x.indexOf("/"): null

16-10-2024T07:02:25 - [TEST_STEP][PASSED] - if (i1 > -1): null

16-10-2024T07:02:25 - [TEST_STEP][PASSED] - x = x.substring(0, i1): null

16-10-2024T07:02:25 - [TEST_STEP][PASSED] - println(x): null

16-10-2024T07:02:25 - [TEST_STEP][FAILED] - return x: null

16-10-2024T07:02:25 - [TEST_STEP][PASSED] - println(tabR + "/" + tabB): null

16-10-2024T07:02:25 - [TEST_STEP][FAILED] - if (verifyEqual(PercFactR, PercFactB) == false): null

16-10-2024T07:02:25 - [MESSAGE][FAILED] - Unable to verify equal between actual object 'нет данных' and expected object '10.55' (Root cause: com.kms.katalon.core.exception.StepFailedException: Actual object 'нет данных' and expected object '10.55' are not equal
	at com.kms.katalon.core.keyword.builtin.VerifyEqualKeyword$_verifyEqual_closure1.doCall(VerifyEqualKeyword.groovy:58)
	at com.kms.katalon.core.keyword.builtin.VerifyEqualKeyword$_verifyEqual_closure1.call(VerifyEqualKeyword.groovy)
	at com.kms.katalon.core.keyword.internal.KeywordMain.runKeyword(KeywordMain.groovy:75)
	at com.kms.katalon.core.keyword.builtin.VerifyEqualKeyword.verifyEqual(VerifyEqualKeyword.groovy:63)
	at com.kms.katalon.core.keyword.builtin.VerifyEqualKeyword.execute(VerifyEqualKeyword.groovy:44)
	at com.kms.katalon.core.keyword.internal.KeywordExecutor.executeKeywordForPlatform(KeywordExecutor.groovy:74)
	at com.kms.katalon.core.keyword.BuiltinKeywords.verifyEqual(BuiltinKeywords.groovy:146)
	at jdk.internal.reflect.GeneratedMethodAccessor25.invoke(Unknown Source)
	at java.base/jdk.internal.reflect.DelegatingMethodAccessorImpl.invoke(DelegatingMethodAccessorImpl.java:43)
	at Выполнение бизнес-плана сверка дашбордов.CompareDZOData(Выполнение бизнес-плана сверка дашбордов:758)
	at Выполнение бизнес-плана сверка дашбордов.run(Выполнение бизнес-плана сверка дашбордов:608)
	at com.kms.katalon.core.main.ScriptEngine.run(ScriptEngine.java:194)
	at com.kms.katalon.core.main.ScriptEngine.runScriptAsRawText(ScriptEngine.java:119)
	at com.kms.katalon.core.main.TestCaseExecutor.runScript(TestCaseExecutor.java:448)
	at com.kms.katalon.core.main.TestCaseExecutor.doExecute(TestCaseExecutor.java:439)
	at com.kms.katalon.core.main.TestCaseExecutor.processExecutionPhase(TestCaseExecutor.java:418)
	at com.kms.katalon.core.main.TestCaseExecutor.accessMainPhase(TestCaseExecutor.java:410)
	at com.kms.katalon.core.main.TestCaseExecutor.execute(TestCaseExecutor.java:285)
	at com.kms.katalon.core.common.CommonExecutor.accessTestCaseMainPhase(CommonExecutor.java:65)
	at com.kms.katalon.core.main.TestSuiteExecutor.accessTestSuiteMainPhase(TestSuiteExecutor.java:150)
	at com.kms.katalon.core.main.TestSuiteExecutor.execute(TestSuiteExecutor.java:106)
	at com.kms.katalon.core.main.TestCaseMain.startTestSuite(TestCaseMain.java:180)
	at TempTestSuite1729050801829.run(TempTestSuite1729050801829.groovy:35)
	at java.base/jdk.internal.reflect.NativeMethodAccessorImpl.invoke0(Native Method)
	at java.base/jdk.internal.reflect.NativeMethodAccessorImpl.invoke(NativeMethodAccessorImpl.java:77)
	at java.base/jdk.internal.reflect.DelegatingMethodAccessorImpl.invoke(DelegatingMethodAccessorImpl.java:43)
)

16-10-2024T07:02:25 - [TEST_STEP][PASSED] - result = WriteToExcel(typeOfData, todaysDate, PercPlanR, PercPlanB, PercFactR, PercFactB, x, tabR, tabB, o1R, o1B, vidget): null

16-10-2024T07:02:25 - [TEST_STEP][PASSED] - iii = dZO.indexOf("/"): null

16-10-2024T07:02:25 - [TEST_STEP][PASSED] - println(iii): null

16-10-2024T07:02:25 - [TEST_STEP][PASSED] - dZO = dZO.substring(0, iii): null

16-10-2024T07:02:25 - [TEST_STEP][PASSED] - println(dZO): null

16-10-2024T07:02:25 - [TEST_STEP][PASSED] - println(PercPlanR): null

16-10-2024T07:02:25 - [TEST_STEP][PASSED] - println(PercPlanB): null

16-10-2024T07:02:25 - [TEST_STEP][PASSED] - println(PercFactR): null

16-10-2024T07:02:25 - [TEST_STEP][PASSED] - println(PercFactB): null

16-10-2024T07:02:25 - [TEST_STEP][PASSED] - println(tabR): null

16-10-2024T07:02:25 - [TEST_STEP][PASSED] - println(tabB): null

16-10-2024T07:02:25 - [TEST_STEP][PASSED] - println(o1R): null

16-10-2024T07:02:25 - [TEST_STEP][PASSED] - println(o1B): null

16-10-2024T07:02:25 - [TEST_STEP][PASSED] - PR = <not implemented yet for class: org.codehaus.groovy.ast.expr.EmptyExpression>: null

16-10-2024T07:02:25 - [TEST_STEP][PASSED] - FR = <not implemented yet for class: org.codehaus.groovy.ast.expr.EmptyExpression>: null

16-10-2024T07:02:25 - [TEST_STEP][PASSED] - PB = <not implemented yet for class: org.codehaus.groovy.ast.expr.EmptyExpression>: null

16-10-2024T07:02:25 - [TEST_STEP][PASSED] - FB = <not implemented yet for class: org.codehaus.groovy.ast.expr.EmptyExpression>: null

16-10-2024T07:02:25 - [TEST_STEP][PASSED] - TR = <not implemented yet for class: org.codehaus.groovy.ast.expr.EmptyExpression>: null

16-10-2024T07:02:25 - [TEST_STEP][PASSED] - TB = <not implemented yet for class: org.codehaus.groovy.ast.expr.EmptyExpression>: null

16-10-2024T07:02:25 - [TEST_STEP][PASSED] - sheetName = "Sheet1": null

16-10-2024T07:02:25 - [TEST_STEP][PASSED] - data = findTestData("PlanFact"): null

16-10-2024T07:02:25 - [TEST_STEP][PASSED] - n = data.getRowNumbers() + 1: null

16-10-2024T07:02:25 - [TEST_STEP][PASSED] - year = todaysDate.substring(todaysDate.length() - 4, todaysDate.length()): null

16-10-2024T07:02:25 - [TEST_STEP][PASSED] - y = year.toInteger(): null

16-10-2024T07:02:25 - [TEST_STEP][PASSED] - m = getText(findTestObject("Выполнение бизнес-плана/Выполнение бизнес-плана Балансы/Фильтр Дата")): Text of object 'Object Repository/Выполнение бизнес-плана/Выполнение бизнес-плана Балансы/Фильтр Дата' is: '1, 2 кв., Июль, Август 2024 года'

16-10-2024T07:02:26 - [MESSAGE][PASSED] - Text of object 'Object Repository/Выполнение бизнес-плана/Выполнение бизнес-плана Балансы/Фильтр Дата' is: '1, 2 кв., Июль, Август 2024 года'

16-10-2024T07:02:26 - [TEST_STEP][PASSED] - m = m.substring(0, m.indexOf("2024")): null

16-10-2024T07:02:26 - [TEST_STEP][PASSED] - m = m.trim(): null

16-10-2024T07:02:26 - [TEST_STEP][PASSED] - dashboardName = "Выполнение бизнес-плана": null

16-10-2024T07:02:26 - [TEST_STEP][PASSED] - workbook01 = getWorkbook(excelFilePath): null

16-10-2024T07:02:26 - [TEST_STEP][PASSED] - sheet01 = getExcelSheet(workbook01, sheetName): null

16-10-2024T07:02:26 - [TEST_STEP][PASSED] - setValueToCellByIndex(sheet01, n, 0, dashboardName): null

16-10-2024T07:02:26 - [TEST_STEP][PASSED] - setValueToCellByIndex(sheet01, n, 1, dZO): null

16-10-2024T07:02:26 - [TEST_STEP][PASSED] - setValueToCellByIndex(sheet01, n, 2, typeOfData): null

16-10-2024T07:02:26 - [TEST_STEP][PASSED] - setValueToCellByIndex(sheet01, n, 3, typeOfData): null

16-10-2024T07:02:26 - [TEST_STEP][PASSED] - if (typeOfData == "План"): null

16-10-2024T07:02:26 - [TEST_STEP][PASSED] - else if (typeOfData == "Факт"): null

16-10-2024T07:02:26 - [TEST_STEP][PASSED] - else if (vidget.contains("электроэнергии") == true): null

16-10-2024T07:02:26 - [TEST_STEP][PASSED] - if (tabR == null): null

16-10-2024T07:02:26 - [TEST_STEP][PASSED] - else: null

16-10-2024T07:02:26 - [TEST_STEP][PASSED] - if (tabR == "нет данных"): null

16-10-2024T07:02:26 - [TEST_STEP][PASSED] - setValueToCellByIndex(sheet01, n, 4, "нет данных"): null

16-10-2024T07:02:26 - [TEST_STEP][PASSED] - if (tabB == null): null

16-10-2024T07:02:26 - [TEST_STEP][PASSED] - else: null

16-10-2024T07:02:26 - [TEST_STEP][PASSED] - if (tabB == "нет данных"): null

16-10-2024T07:02:26 - [TEST_STEP][PASSED] - else: null

16-10-2024T07:02:26 - [TEST_STEP][PASSED] - TB = tabB.toInteger(): null

16-10-2024T07:02:26 - [TEST_STEP][PASSED] - setValueToCellByIndex(sheet01, n, 5, TB): null

16-10-2024T07:02:26 - [TEST_STEP][PASSED] - setValueToCellByIndex(sheet01, n, 6, m): null

16-10-2024T07:02:26 - [TEST_STEP][PASSED] - setValueToCellByIndex(sheet01, n, 7, y): null

16-10-2024T07:02:26 - [TEST_STEP][PASSED] - setValueToCellByIndex(sheet01, n, 8, todaysDate): null

16-10-2024T07:02:26 - [TEST_STEP][PASSED] - n = n + 1: null

16-10-2024T07:02:26 - [TEST_STEP][PASSED] - saveWorkbook(excelFilePath, workbook01): null

16-10-2024T07:02:26 - [TEST_STEP][PASSED] - typeOfData = "План Потери": null

16-10-2024T07:02:26 - [TEST_STEP][PASSED] - tabR = GetPPlanR(x = a): null

16-10-2024T07:02:26 - [TEST_STEP][PASSED] - i1 = <not implemented yet for class: org.codehaus.groovy.ast.expr.EmptyExpression>: null

16-10-2024T07:02:26 - [TEST_STEP][PASSED] - ii = <not implemented yet for class: org.codehaus.groovy.ast.expr.EmptyExpression>: null

16-10-2024T07:02:26 - [TEST_STEP][PASSED] - for ([ii = 1, ii < 9, (ii++)]): null

16-10-2024T07:02:26 - [TEST_STEP][PASSED] - i1 = x.indexOf("/") + 1: null

16-10-2024T07:02:26 - [TEST_STEP][PASSED] - if (i1 > -1): null

16-10-2024T07:02:26 - [TEST_STEP][PASSED] - x = x.substring(i1, x.length()): null

16-10-2024T07:02:26 - [TEST_STEP][PASSED] - println(x): null

16-10-2024T07:02:26 - [TEST_STEP][PASSED] - i1 = x.indexOf("/") + 1: null

16-10-2024T07:02:26 - [TEST_STEP][PASSED] - if (i1 > -1): null

16-10-2024T07:02:26 - [TEST_STEP][PASSED] - x = x.substring(i1, x.length()): null

16-10-2024T07:02:26 - [TEST_STEP][PASSED] - println(x): null

16-10-2024T07:02:26 - [TEST_STEP][PASSED] - i1 = x.indexOf("/") + 1: null

16-10-2024T07:02:26 - [TEST_STEP][PASSED] - if (i1 > -1): null

16-10-2024T07:02:26 - [TEST_STEP][PASSED] - x = x.substring(i1, x.length()): null

16-10-2024T07:02:26 - [TEST_STEP][PASSED] - println(x): null

16-10-2024T07:02:26 - [TEST_STEP][PASSED] - i1 = x.indexOf("/") + 1: null

16-10-2024T07:02:26 - [TEST_STEP][PASSED] - if (i1 > -1): null

16-10-2024T07:02:26 - [TEST_STEP][PASSED] - x = x.substring(i1, x.length()): null

16-10-2024T07:02:26 - [TEST_STEP][PASSED] - println(x): null

16-10-2024T07:02:26 - [TEST_STEP][PASSED] - i1 = x.indexOf("/") + 1: null

16-10-2024T07:02:26 - [TEST_STEP][PASSED] - if (i1 > -1): null

16-10-2024T07:02:26 - [TEST_STEP][PASSED] - x = x.substring(i1, x.length()): null

16-10-2024T07:02:26 - [TEST_STEP][PASSED] - println(x): null

16-10-2024T07:02:26 - [TEST_STEP][PASSED] - i1 = x.indexOf("/") + 1: null

16-10-2024T07:02:26 - [TEST_STEP][PASSED] - if (i1 > -1): null

16-10-2024T07:02:26 - [TEST_STEP][PASSED] - x = x.substring(i1, x.length()): null

16-10-2024T07:02:26 - [TEST_STEP][PASSED] - println(x): null

16-10-2024T07:02:26 - [TEST_STEP][PASSED] - i1 = x.indexOf("/") + 1: null

16-10-2024T07:02:26 - [TEST_STEP][PASSED] - if (i1 > -1): null

16-10-2024T07:02:26 - [TEST_STEP][PASSED] - x = x.substring(i1, x.length()): null

16-10-2024T07:02:26 - [TEST_STEP][PASSED] - println(x): null

16-10-2024T07:02:26 - [TEST_STEP][PASSED] - i1 = x.indexOf("/") + 1: null

16-10-2024T07:02:26 - [TEST_STEP][PASSED] - if (i1 > -1): null

16-10-2024T07:02:26 - [TEST_STEP][PASSED] - x = x.substring(i1, x.length()): null

16-10-2024T07:02:26 - [TEST_STEP][PASSED] - println(x): null

16-10-2024T07:02:26 - [TEST_STEP][PASSED] - i1 = x.indexOf("/"): null

16-10-2024T07:02:26 - [TEST_STEP][PASSED] - if (i1 > -1): null

16-10-2024T07:02:26 - [TEST_STEP][PASSED] - x = x.substring(0, i1): null

16-10-2024T07:02:26 - [TEST_STEP][PASSED] - println(x): null

16-10-2024T07:02:26 - [TEST_STEP][PASSED] - return x: null

16-10-2024T07:02:26 - [TEST_STEP][PASSED] - tabB = GetPPlanB(x = b): null

16-10-2024T07:02:26 - [TEST_STEP][PASSED] - i1 = <not implemented yet for class: org.codehaus.groovy.ast.expr.EmptyExpression>: null

16-10-2024T07:02:26 - [TEST_STEP][PASSED] - ii = <not implemented yet for class: org.codehaus.groovy.ast.expr.EmptyExpression>: null

16-10-2024T07:02:26 - [TEST_STEP][PASSED] - for ([ii = 1, ii < 9, (ii++)]): null

16-10-2024T07:02:26 - [TEST_STEP][PASSED] - i1 = x.indexOf("/") + 1: null

16-10-2024T07:02:26 - [TEST_STEP][PASSED] - if (i1 > -1): null

16-10-2024T07:02:26 - [TEST_STEP][PASSED] - x = x.substring(i1, x.length()): null

16-10-2024T07:02:26 - [TEST_STEP][PASSED] - println(x): null

16-10-2024T07:02:26 - [TEST_STEP][PASSED] - i1 = x.indexOf("/") + 1: null

16-10-2024T07:02:26 - [TEST_STEP][PASSED] - if (i1 > -1): null

16-10-2024T07:02:26 - [TEST_STEP][PASSED] - x = x.substring(i1, x.length()): null

16-10-2024T07:02:26 - [TEST_STEP][PASSED] - println(x): null

16-10-2024T07:02:26 - [TEST_STEP][PASSED] - i1 = x.indexOf("/") + 1: null

16-10-2024T07:02:26 - [TEST_STEP][PASSED] - if (i1 > -1): null

16-10-2024T07:02:26 - [TEST_STEP][PASSED] - x = x.substring(i1, x.length()): null

16-10-2024T07:02:26 - [TEST_STEP][PASSED] - println(x): null

16-10-2024T07:02:26 - [TEST_STEP][PASSED] - i1 = x.indexOf("/") + 1: null

16-10-2024T07:02:26 - [TEST_STEP][PASSED] - if (i1 > -1): null

16-10-2024T07:02:26 - [TEST_STEP][PASSED] - x = x.substring(i1, x.length()): null

16-10-2024T07:02:26 - [TEST_STEP][PASSED] - println(x): null

16-10-2024T07:02:26 - [TEST_STEP][PASSED] - i1 = x.indexOf("/") + 1: null

16-10-2024T07:02:26 - [TEST_STEP][PASSED] - if (i1 > -1): null

16-10-2024T07:02:26 - [TEST_STEP][PASSED] - x = x.substring(i1, x.length()): null

16-10-2024T07:02:26 - [TEST_STEP][PASSED] - println(x): null

16-10-2024T07:02:26 - [TEST_STEP][PASSED] - i1 = x.indexOf("/") + 1: null

16-10-2024T07:02:26 - [TEST_STEP][PASSED] - if (i1 > -1): null

16-10-2024T07:02:26 - [TEST_STEP][PASSED] - x = x.substring(i1, x.length()): null

16-10-2024T07:02:26 - [TEST_STEP][PASSED] - println(x): null

16-10-2024T07:02:26 - [TEST_STEP][PASSED] - i1 = x.indexOf("/") + 1: null

16-10-2024T07:02:26 - [TEST_STEP][PASSED] - if (i1 > -1): null

16-10-2024T07:02:26 - [TEST_STEP][PASSED] - x = x.substring(i1, x.length()): null

16-10-2024T07:02:26 - [TEST_STEP][PASSED] - println(x): null

16-10-2024T07:02:26 - [TEST_STEP][PASSED] - i1 = x.indexOf("/") + 1: null

16-10-2024T07:02:26 - [TEST_STEP][PASSED] - if (i1 > -1): null

16-10-2024T07:02:26 - [TEST_STEP][PASSED] - x = x.substring(i1, x.length()): null

16-10-2024T07:02:26 - [TEST_STEP][PASSED] - println(x): null

16-10-2024T07:02:26 - [TEST_STEP][PASSED] - i1 = x.indexOf("/"): null

16-10-2024T07:02:26 - [TEST_STEP][PASSED] - if (i1 > -1): null

16-10-2024T07:02:26 - [TEST_STEP][PASSED] - x = x.substring(0, i1): null

16-10-2024T07:02:26 - [TEST_STEP][PASSED] - println(x): null

16-10-2024T07:02:26 - [TEST_STEP][FAILED] - return x: null

16-10-2024T07:02:26 - [TEST_STEP][PASSED] - println(tabR + "/" + tabB): null

16-10-2024T07:02:26 - [TEST_STEP][FAILED] - if (verifyEqual(PercFactR, PercFactB) == false): null

16-10-2024T07:02:26 - [MESSAGE][FAILED] - Unable to verify equal between actual object 'нет данных' and expected object '10.55' (Root cause: com.kms.katalon.core.exception.StepFailedException: Actual object 'нет данных' and expected object '10.55' are not equal
	at com.kms.katalon.core.keyword.builtin.VerifyEqualKeyword$_verifyEqual_closure1.doCall(VerifyEqualKeyword.groovy:58)
	at com.kms.katalon.core.keyword.builtin.VerifyEqualKeyword$_verifyEqual_closure1.call(VerifyEqualKeyword.groovy)
	at com.kms.katalon.core.keyword.internal.KeywordMain.runKeyword(KeywordMain.groovy:75)
	at com.kms.katalon.core.keyword.builtin.VerifyEqualKeyword.verifyEqual(VerifyEqualKeyword.groovy:63)
	at com.kms.katalon.core.keyword.builtin.VerifyEqualKeyword.execute(VerifyEqualKeyword.groovy:44)
	at com.kms.katalon.core.keyword.internal.KeywordExecutor.executeKeywordForPlatform(KeywordExecutor.groovy:74)
	at com.kms.katalon.core.keyword.BuiltinKeywords.verifyEqual(BuiltinKeywords.groovy:146)
	at jdk.internal.reflect.GeneratedMethodAccessor25.invoke(Unknown Source)
	at java.base/jdk.internal.reflect.DelegatingMethodAccessorImpl.invoke(DelegatingMethodAccessorImpl.java:43)
	at Выполнение бизнес-плана сверка дашбордов.CompareDZOData(Выполнение бизнес-плана сверка дашбордов:771)
	at Выполнение бизнес-плана сверка дашбордов.run(Выполнение бизнес-плана сверка дашбордов:608)
	at com.kms.katalon.core.main.ScriptEngine.run(ScriptEngine.java:194)
	at com.kms.katalon.core.main.ScriptEngine.runScriptAsRawText(ScriptEngine.java:119)
	at com.kms.katalon.core.main.TestCaseExecutor.runScript(TestCaseExecutor.java:448)
	at com.kms.katalon.core.main.TestCaseExecutor.doExecute(TestCaseExecutor.java:439)
	at com.kms.katalon.core.main.TestCaseExecutor.processExecutionPhase(TestCaseExecutor.java:418)
	at com.kms.katalon.core.main.TestCaseExecutor.accessMainPhase(TestCaseExecutor.java:410)
	at com.kms.katalon.core.main.TestCaseExecutor.execute(TestCaseExecutor.java:285)
	at com.kms.katalon.core.common.CommonExecutor.accessTestCaseMainPhase(CommonExecutor.java:65)
	at com.kms.katalon.core.main.TestSuiteExecutor.accessTestSuiteMainPhase(TestSuiteExecutor.java:150)
	at com.kms.katalon.core.main.TestSuiteExecutor.execute(TestSuiteExecutor.java:106)
	at com.kms.katalon.core.main.TestCaseMain.startTestSuite(TestCaseMain.java:180)
	at TempTestSuite1729050801829.run(TempTestSuite1729050801829.groovy:35)
	at java.base/jdk.internal.reflect.NativeMethodAccessorImpl.invoke0(Native Method)
	at java.base/jdk.internal.reflect.NativeMethodAccessorImpl.invoke(NativeMethodAccessorImpl.java:77)
	at java.base/jdk.internal.reflect.DelegatingMethodAccessorImpl.invoke(DelegatingMethodAccessorImpl.java:43)
)

16-10-2024T07:02:26 - [TEST_STEP][PASSED] - result = WriteToExcel(typeOfData, todaysDate, PercPlanR, PercPlanB, PercFactR, PercFactB, x, tabR, tabB, o1R, o1B, vidget): null

16-10-2024T07:02:26 - [TEST_STEP][PASSED] - iii = dZO.indexOf("/"): null

16-10-2024T07:02:26 - [TEST_STEP][PASSED] - println(iii): null

16-10-2024T07:02:26 - [TEST_STEP][PASSED] - dZO = dZO.substring(0, iii): null

16-10-2024T07:02:26 - [TEST_STEP][PASSED] - println(dZO): null

16-10-2024T07:02:26 - [TEST_STEP][PASSED] - println(PercPlanR): null

16-10-2024T07:02:26 - [TEST_STEP][PASSED] - println(PercPlanB): null

16-10-2024T07:02:26 - [TEST_STEP][PASSED] - println(PercFactR): null

16-10-2024T07:02:26 - [TEST_STEP][PASSED] - println(PercFactB): null

16-10-2024T07:02:26 - [TEST_STEP][PASSED] - println(tabR): null

16-10-2024T07:02:26 - [TEST_STEP][PASSED] - println(tabB): null

16-10-2024T07:02:26 - [TEST_STEP][PASSED] - println(o1R): null

16-10-2024T07:02:26 - [TEST_STEP][PASSED] - println(o1B): null

16-10-2024T07:02:26 - [TEST_STEP][PASSED] - PR = <not implemented yet for class: org.codehaus.groovy.ast.expr.EmptyExpression>: null

16-10-2024T07:02:26 - [TEST_STEP][PASSED] - FR = <not implemented yet for class: org.codehaus.groovy.ast.expr.EmptyExpression>: null

16-10-2024T07:02:26 - [TEST_STEP][PASSED] - PB = <not implemented yet for class: org.codehaus.groovy.ast.expr.EmptyExpression>: null

16-10-2024T07:02:26 - [TEST_STEP][PASSED] - FB = <not implemented yet for class: org.codehaus.groovy.ast.expr.EmptyExpression>: null

16-10-2024T07:02:26 - [TEST_STEP][PASSED] - TR = <not implemented yet for class: org.codehaus.groovy.ast.expr.EmptyExpression>: null

16-10-2024T07:02:26 - [TEST_STEP][PASSED] - TB = <not implemented yet for class: org.codehaus.groovy.ast.expr.EmptyExpression>: null

16-10-2024T07:02:26 - [TEST_STEP][PASSED] - sheetName = "Sheet1": null

16-10-2024T07:02:26 - [TEST_STEP][PASSED] - data = findTestData("PlanFact"): null

16-10-2024T07:02:26 - [TEST_STEP][PASSED] - n = data.getRowNumbers() + 1: null

16-10-2024T07:02:26 - [TEST_STEP][PASSED] - year = todaysDate.substring(todaysDate.length() - 4, todaysDate.length()): null

16-10-2024T07:02:26 - [TEST_STEP][PASSED] - y = year.toInteger(): null

16-10-2024T07:02:26 - [TEST_STEP][PASSED] - m = getText(findTestObject("Выполнение бизнес-плана/Выполнение бизнес-плана Балансы/Фильтр Дата")): Text of object 'Object Repository/Выполнение бизнес-плана/Выполнение бизнес-плана Балансы/Фильтр Дата' is: '1, 2 кв., Июль, Август 2024 года'

16-10-2024T07:02:26 - [MESSAGE][PASSED] - Text of object 'Object Repository/Выполнение бизнес-плана/Выполнение бизнес-плана Балансы/Фильтр Дата' is: '1, 2 кв., Июль, Август 2024 года'

16-10-2024T07:02:26 - [TEST_STEP][PASSED] - m = m.substring(0, m.indexOf("2024")): null

16-10-2024T07:02:26 - [TEST_STEP][PASSED] - m = m.trim(): null

16-10-2024T07:02:26 - [TEST_STEP][PASSED] - dashboardName = "Выполнение бизнес-плана": null

16-10-2024T07:02:26 - [TEST_STEP][PASSED] - workbook01 = getWorkbook(excelFilePath): null

16-10-2024T07:02:26 - [TEST_STEP][PASSED] - sheet01 = getExcelSheet(workbook01, sheetName): null

16-10-2024T07:02:26 - [TEST_STEP][PASSED] - setValueToCellByIndex(sheet01, n, 0, dashboardName): null

16-10-2024T07:02:26 - [TEST_STEP][PASSED] - setValueToCellByIndex(sheet01, n, 1, dZO): null

16-10-2024T07:02:26 - [TEST_STEP][PASSED] - setValueToCellByIndex(sheet01, n, 2, typeOfData): null

16-10-2024T07:02:26 - [TEST_STEP][PASSED] - setValueToCellByIndex(sheet01, n, 3, typeOfData): null

16-10-2024T07:02:26 - [TEST_STEP][PASSED] - if (typeOfData == "План"): null

16-10-2024T07:02:26 - [TEST_STEP][PASSED] - else if (typeOfData == "Факт"): null

16-10-2024T07:02:26 - [TEST_STEP][PASSED] - else if (vidget.contains("электроэнергии") == true): null

16-10-2024T07:02:26 - [TEST_STEP][PASSED] - if (tabR == null): null

16-10-2024T07:02:26 - [TEST_STEP][PASSED] - else: null

16-10-2024T07:02:26 - [TEST_STEP][PASSED] - if (tabR == "нет данных"): null

16-10-2024T07:02:26 - [TEST_STEP][PASSED] - setValueToCellByIndex(sheet01, n, 4, "нет данных"): null

16-10-2024T07:02:26 - [TEST_STEP][PASSED] - if (tabB == null): null

16-10-2024T07:02:26 - [TEST_STEP][PASSED] - else: null

16-10-2024T07:02:26 - [TEST_STEP][PASSED] - if (tabB == "нет данных"): null

16-10-2024T07:02:26 - [TEST_STEP][PASSED] - else: null

16-10-2024T07:02:26 - [TEST_STEP][PASSED] - TB = tabB.toInteger(): null

16-10-2024T07:02:26 - [TEST_STEP][PASSED] - setValueToCellByIndex(sheet01, n, 5, TB): null

16-10-2024T07:02:26 - [TEST_STEP][PASSED] - setValueToCellByIndex(sheet01, n, 6, m): null

16-10-2024T07:02:26 - [TEST_STEP][PASSED] - setValueToCellByIndex(sheet01, n, 7, y): null

16-10-2024T07:02:26 - [TEST_STEP][PASSED] - setValueToCellByIndex(sheet01, n, 8, todaysDate): null

16-10-2024T07:02:26 - [TEST_STEP][PASSED] - n = n + 1: null

16-10-2024T07:02:26 - [TEST_STEP][PASSED] - saveWorkbook(excelFilePath, workbook01): null

16-10-2024T07:02:26 - [TEST_STEP][PASSED] - ii2 = a.indexOf("ПАО"): null

16-10-2024T07:02:26 - [TEST_STEP][PASSED] - if (ii2 == -1): null

16-10-2024T07:02:26 - [TEST_STEP][PASSED] - vidget = "Отклонения фактического уровня потерь от бизнес-плана": null

16-10-2024T07:02:26 - [TEST_STEP][PASSED] - typeOfData = "Коэффициент": null

16-10-2024T07:02:26 - [TEST_STEP][PASSED] - o1R = Geto1R(x = a): null

16-10-2024T07:02:26 - [TEST_STEP][PASSED] - i1 = <not implemented yet for class: org.codehaus.groovy.ast.expr.EmptyExpression>: null

16-10-2024T07:02:26 - [TEST_STEP][PASSED] - ii = <not implemented yet for class: org.codehaus.groovy.ast.expr.EmptyExpression>: null

16-10-2024T07:02:26 - [TEST_STEP][PASSED] - for ([ii = 1, ii < 10, (ii++)]): null

16-10-2024T07:02:26 - [TEST_STEP][PASSED] - i1 = x.indexOf("/") + 1: null

16-10-2024T07:02:26 - [TEST_STEP][PASSED] - if (i1 > -1): null

16-10-2024T07:02:26 - [TEST_STEP][PASSED] - x = x.substring(i1, x.length()): null

16-10-2024T07:02:26 - [TEST_STEP][PASSED] - i1 = x.indexOf("/") + 1: null

16-10-2024T07:02:26 - [TEST_STEP][PASSED] - if (i1 > -1): null

16-10-2024T07:02:26 - [TEST_STEP][PASSED] - x = x.substring(i1, x.length()): null

16-10-2024T07:02:26 - [TEST_STEP][PASSED] - i1 = x.indexOf("/") + 1: null

16-10-2024T07:02:26 - [TEST_STEP][PASSED] - if (i1 > -1): null

16-10-2024T07:02:26 - [TEST_STEP][PASSED] - x = x.substring(i1, x.length()): null

16-10-2024T07:02:26 - [TEST_STEP][PASSED] - i1 = x.indexOf("/") + 1: null

16-10-2024T07:02:26 - [TEST_STEP][PASSED] - if (i1 > -1): null

16-10-2024T07:02:26 - [TEST_STEP][PASSED] - x = x.substring(i1, x.length()): null

16-10-2024T07:02:26 - [TEST_STEP][PASSED] - i1 = x.indexOf("/") + 1: null

16-10-2024T07:02:26 - [TEST_STEP][PASSED] - if (i1 > -1): null

16-10-2024T07:02:26 - [TEST_STEP][PASSED] - x = x.substring(i1, x.length()): null

16-10-2024T07:02:26 - [TEST_STEP][PASSED] - i1 = x.indexOf("/") + 1: null

16-10-2024T07:02:26 - [TEST_STEP][PASSED] - if (i1 > -1): null

16-10-2024T07:02:26 - [TEST_STEP][PASSED] - x = x.substring(i1, x.length()): null

16-10-2024T07:02:26 - [TEST_STEP][PASSED] - i1 = x.indexOf("/") + 1: null

16-10-2024T07:02:26 - [TEST_STEP][PASSED] - if (i1 > -1): null

16-10-2024T07:02:26 - [TEST_STEP][PASSED] - x = x.substring(i1, x.length()): null

16-10-2024T07:02:26 - [TEST_STEP][PASSED] - i1 = x.indexOf("/") + 1: null

16-10-2024T07:02:26 - [TEST_STEP][PASSED] - if (i1 > -1): null

16-10-2024T07:02:26 - [TEST_STEP][PASSED] - x = x.substring(i1, x.length()): null

16-10-2024T07:02:26 - [TEST_STEP][PASSED] - i1 = x.indexOf("/") + 1: null

16-10-2024T07:02:26 - [TEST_STEP][PASSED] - if (i1 > -1): null

16-10-2024T07:02:26 - [TEST_STEP][PASSED] - x = x.substring(i1, x.length()): null

16-10-2024T07:02:26 - [TEST_STEP][PASSED] - i1 = x.indexOf("/"): null

16-10-2024T07:02:26 - [TEST_STEP][PASSED] - if (i1 > -1): null

16-10-2024T07:02:26 - [TEST_STEP][PASSED] - println(x): null

16-10-2024T07:02:26 - [TEST_STEP][PASSED] - return x: null

16-10-2024T07:02:26 - [TEST_STEP][PASSED] - o1B = Geto1B(x = b): null

16-10-2024T07:02:26 - [TEST_STEP][PASSED] - i1 = <not implemented yet for class: org.codehaus.groovy.ast.expr.EmptyExpression>: null

16-10-2024T07:02:26 - [TEST_STEP][PASSED] - ii = <not implemented yet for class: org.codehaus.groovy.ast.expr.EmptyExpression>: null

16-10-2024T07:02:26 - [TEST_STEP][PASSED] - for ([ii = 1, ii < 10, (ii++)]): null

16-10-2024T07:02:26 - [TEST_STEP][PASSED] - i1 = x.indexOf("/") + 1: null

16-10-2024T07:02:26 - [TEST_STEP][PASSED] - if (i1 > -1): null

16-10-2024T07:02:26 - [TEST_STEP][PASSED] - x = x.substring(i1, x.length()): null

16-10-2024T07:02:26 - [TEST_STEP][PASSED] - i1 = x.indexOf("/") + 1: null

16-10-2024T07:02:26 - [TEST_STEP][PASSED] - if (i1 > -1): null

16-10-2024T07:02:26 - [TEST_STEP][PASSED] - x = x.substring(i1, x.length()): null

16-10-2024T07:02:26 - [TEST_STEP][PASSED] - i1 = x.indexOf("/") + 1: null

16-10-2024T07:02:26 - [TEST_STEP][PASSED] - if (i1 > -1): null

16-10-2024T07:02:26 - [TEST_STEP][PASSED] - x = x.substring(i1, x.length()): null

16-10-2024T07:02:26 - [TEST_STEP][PASSED] - i1 = x.indexOf("/") + 1: null

16-10-2024T07:02:26 - [TEST_STEP][PASSED] - if (i1 > -1): null

16-10-2024T07:02:26 - [TEST_STEP][PASSED] - x = x.substring(i1, x.length()): null

16-10-2024T07:02:26 - [TEST_STEP][PASSED] - i1 = x.indexOf("/") + 1: null

16-10-2024T07:02:26 - [TEST_STEP][PASSED] - if (i1 > -1): null

16-10-2024T07:02:26 - [TEST_STEP][PASSED] - x = x.substring(i1, x.length()): null

16-10-2024T07:02:26 - [TEST_STEP][PASSED] - i1 = x.indexOf("/") + 1: null

16-10-2024T07:02:26 - [TEST_STEP][PASSED] - if (i1 > -1): null

16-10-2024T07:02:26 - [TEST_STEP][PASSED] - x = x.substring(i1, x.length()): null

16-10-2024T07:02:26 - [TEST_STEP][PASSED] - i1 = x.indexOf("/") + 1: null

16-10-2024T07:02:26 - [TEST_STEP][PASSED] - if (i1 > -1): null

16-10-2024T07:02:26 - [TEST_STEP][PASSED] - x = x.substring(i1, x.length()): null

16-10-2024T07:02:26 - [TEST_STEP][PASSED] - i1 = x.indexOf("/") + 1: null

16-10-2024T07:02:26 - [TEST_STEP][PASSED] - if (i1 > -1): null

16-10-2024T07:02:26 - [TEST_STEP][PASSED] - x = x.substring(i1, x.length()): null

16-10-2024T07:02:26 - [TEST_STEP][PASSED] - i1 = x.indexOf("/") + 1: null

16-10-2024T07:02:26 - [TEST_STEP][PASSED] - if (i1 > -1): null

16-10-2024T07:02:26 - [TEST_STEP][PASSED] - x = x.substring(i1, x.length()): null

16-10-2024T07:02:26 - [TEST_STEP][PASSED] - i1 = x.indexOf("/"): null

16-10-2024T07:02:26 - [TEST_STEP][PASSED] - if (i1 > -1): null

16-10-2024T07:02:26 - [TEST_STEP][PASSED] - println(x): null

16-10-2024T07:02:26 - [TEST_STEP][FAILED] - return x: null

16-10-2024T07:02:26 - [TEST_STEP][PASSED] - println(o1R + "/" + o1B): null

16-10-2024T07:02:26 - [TEST_STEP][FAILED] - if (verifyEqual(PercFactR, PercFactB) == false): null

16-10-2024T07:02:26 - [MESSAGE][FAILED] - Unable to verify equal between actual object 'нет данных' and expected object '10.55' (Root cause: com.kms.katalon.core.exception.StepFailedException: Actual object 'нет данных' and expected object '10.55' are not equal
	at com.kms.katalon.core.keyword.builtin.VerifyEqualKeyword$_verifyEqual_closure1.doCall(VerifyEqualKeyword.groovy:58)
	at com.kms.katalon.core.keyword.builtin.VerifyEqualKeyword$_verifyEqual_closure1.call(VerifyEqualKeyword.groovy)
	at com.kms.katalon.core.keyword.internal.KeywordMain.runKeyword(KeywordMain.groovy:75)
	at com.kms.katalon.core.keyword.builtin.VerifyEqualKeyword.verifyEqual(VerifyEqualKeyword.groovy:63)
	at com.kms.katalon.core.keyword.builtin.VerifyEqualKeyword.execute(VerifyEqualKeyword.groovy:44)
	at com.kms.katalon.core.keyword.internal.KeywordExecutor.executeKeywordForPlatform(KeywordExecutor.groovy:74)
	at com.kms.katalon.core.keyword.BuiltinKeywords.verifyEqual(BuiltinKeywords.groovy:146)
	at jdk.internal.reflect.GeneratedMethodAccessor25.invoke(Unknown Source)
	at java.base/jdk.internal.reflect.DelegatingMethodAccessorImpl.invoke(DelegatingMethodAccessorImpl.java:43)
	at Выполнение бизнес-плана сверка дашбордов.CompareDZOData(Выполнение бизнес-плана сверка дашбордов:789)
	at Выполнение бизнес-плана сверка дашбордов.run(Выполнение бизнес-плана сверка дашбордов:608)
	at com.kms.katalon.core.main.ScriptEngine.run(ScriptEngine.java:194)
	at com.kms.katalon.core.main.ScriptEngine.runScriptAsRawText(ScriptEngine.java:119)
	at com.kms.katalon.core.main.TestCaseExecutor.runScript(TestCaseExecutor.java:448)
	at com.kms.katalon.core.main.TestCaseExecutor.doExecute(TestCaseExecutor.java:439)
	at com.kms.katalon.core.main.TestCaseExecutor.processExecutionPhase(TestCaseExecutor.java:418)
	at com.kms.katalon.core.main.TestCaseExecutor.accessMainPhase(TestCaseExecutor.java:410)
	at com.kms.katalon.core.main.TestCaseExecutor.execute(TestCaseExecutor.java:285)
	at com.kms.katalon.core.common.CommonExecutor.accessTestCaseMainPhase(CommonExecutor.java:65)
	at com.kms.katalon.core.main.TestSuiteExecutor.accessTestSuiteMainPhase(TestSuiteExecutor.java:150)
	at com.kms.katalon.core.main.TestSuiteExecutor.execute(TestSuiteExecutor.java:106)
	at com.kms.katalon.core.main.TestCaseMain.startTestSuite(TestCaseMain.java:180)
	at TempTestSuite1729050801829.run(TempTestSuite1729050801829.groovy:35)
	at java.base/jdk.internal.reflect.NativeMethodAccessorImpl.invoke0(Native Method)
	at java.base/jdk.internal.reflect.NativeMethodAccessorImpl.invoke(NativeMethodAccessorImpl.java:77)
	at java.base/jdk.internal.reflect.DelegatingMethodAccessorImpl.invoke(DelegatingMethodAccessorImpl.java:43)
)

16-10-2024T07:02:26 - [TEST_STEP][PASSED] - result = WriteToExcel(typeOfData, todaysDate, PercPlanR, PercPlanB, PercFactR, PercFactB, x, tabR, tabB, o1R, o1B, vidget): null

16-10-2024T07:02:26 - [TEST_STEP][PASSED] - iii = dZO.indexOf("/"): null

16-10-2024T07:02:26 - [TEST_STEP][PASSED] - println(iii): null

16-10-2024T07:02:26 - [TEST_STEP][PASSED] - dZO = dZO.substring(0, iii): null

16-10-2024T07:02:26 - [TEST_STEP][PASSED] - println(dZO): null

16-10-2024T07:02:26 - [TEST_STEP][PASSED] - println(PercPlanR): null

16-10-2024T07:02:26 - [TEST_STEP][PASSED] - println(PercPlanB): null

16-10-2024T07:02:26 - [TEST_STEP][PASSED] - println(PercFactR): null

16-10-2024T07:02:26 - [TEST_STEP][PASSED] - println(PercFactB): null

16-10-2024T07:02:26 - [TEST_STEP][PASSED] - println(tabR): null

16-10-2024T07:02:26 - [TEST_STEP][PASSED] - println(tabB): null

16-10-2024T07:02:26 - [TEST_STEP][PASSED] - println(o1R): null

16-10-2024T07:02:26 - [TEST_STEP][PASSED] - println(o1B): null

16-10-2024T07:02:26 - [TEST_STEP][PASSED] - PR = <not implemented yet for class: org.codehaus.groovy.ast.expr.EmptyExpression>: null

16-10-2024T07:02:26 - [TEST_STEP][PASSED] - FR = <not implemented yet for class: org.codehaus.groovy.ast.expr.EmptyExpression>: null

16-10-2024T07:02:26 - [TEST_STEP][PASSED] - PB = <not implemented yet for class: org.codehaus.groovy.ast.expr.EmptyExpression>: null

16-10-2024T07:02:26 - [TEST_STEP][PASSED] - FB = <not implemented yet for class: org.codehaus.groovy.ast.expr.EmptyExpression>: null

16-10-2024T07:02:26 - [TEST_STEP][PASSED] - TR = <not implemented yet for class: org.codehaus.groovy.ast.expr.EmptyExpression>: null

16-10-2024T07:02:26 - [TEST_STEP][PASSED] - TB = <not implemented yet for class: org.codehaus.groovy.ast.expr.EmptyExpression>: null

16-10-2024T07:02:26 - [TEST_STEP][PASSED] - sheetName = "Sheet1": null

16-10-2024T07:02:26 - [TEST_STEP][PASSED] - data = findTestData("PlanFact"): null

16-10-2024T07:02:26 - [TEST_STEP][PASSED] - n = data.getRowNumbers() + 1: null

16-10-2024T07:02:26 - [TEST_STEP][PASSED] - year = todaysDate.substring(todaysDate.length() - 4, todaysDate.length()): null

16-10-2024T07:02:26 - [TEST_STEP][PASSED] - y = year.toInteger(): null

16-10-2024T07:02:26 - [TEST_STEP][PASSED] - m = getText(findTestObject("Выполнение бизнес-плана/Выполнение бизнес-плана Балансы/Фильтр Дата")): Text of object 'Object Repository/Выполнение бизнес-плана/Выполнение бизнес-плана Балансы/Фильтр Дата' is: '1, 2 кв., Июль, Август 2024 года'

16-10-2024T07:02:27 - [MESSAGE][PASSED] - Text of object 'Object Repository/Выполнение бизнес-плана/Выполнение бизнес-плана Балансы/Фильтр Дата' is: '1, 2 кв., Июль, Август 2024 года'

16-10-2024T07:02:27 - [TEST_STEP][PASSED] - m = m.substring(0, m.indexOf("2024")): null

16-10-2024T07:02:27 - [TEST_STEP][PASSED] - m = m.trim(): null

16-10-2024T07:02:27 - [TEST_STEP][PASSED] - dashboardName = "Выполнение бизнес-плана": null

16-10-2024T07:02:27 - [TEST_STEP][PASSED] - workbook01 = getWorkbook(excelFilePath): null

16-10-2024T07:02:27 - [TEST_STEP][PASSED] - sheet01 = getExcelSheet(workbook01, sheetName): null

16-10-2024T07:02:27 - [TEST_STEP][PASSED] - setValueToCellByIndex(sheet01, n, 0, dashboardName): null

16-10-2024T07:02:27 - [TEST_STEP][PASSED] - setValueToCellByIndex(sheet01, n, 1, dZO): null

16-10-2024T07:02:27 - [TEST_STEP][PASSED] - setValueToCellByIndex(sheet01, n, 2, typeOfData): null

16-10-2024T07:02:27 - [TEST_STEP][PASSED] - setValueToCellByIndex(sheet01, n, 3, typeOfData): null

16-10-2024T07:02:27 - [TEST_STEP][PASSED] - if (typeOfData == "План"): null

16-10-2024T07:02:27 - [TEST_STEP][PASSED] - else if (typeOfData == "Факт"): null

16-10-2024T07:02:27 - [TEST_STEP][PASSED] - else if (vidget.contains("электроэнергии") == true): null

16-10-2024T07:02:27 - [TEST_STEP][PASSED] - else: null

16-10-2024T07:02:27 - [TEST_STEP][PASSED] - if (o1R == null): null

16-10-2024T07:02:27 - [TEST_STEP][PASSED] - else: null

16-10-2024T07:02:27 - [TEST_STEP][PASSED] - if (o1R == "нет данных"): null

16-10-2024T07:02:27 - [TEST_STEP][PASSED] - setValueToCellByIndex(sheet01, n, 4, "нет данных"): null

16-10-2024T07:02:27 - [TEST_STEP][PASSED] - if (o1B == null): null

16-10-2024T07:02:27 - [TEST_STEP][PASSED] - else: null

16-10-2024T07:02:27 - [TEST_STEP][PASSED] - if (o1B == "нет данных"): null

16-10-2024T07:02:27 - [TEST_STEP][PASSED] - else: null

16-10-2024T07:02:27 - [TEST_STEP][PASSED] - FB = o1B.toDouble(): null

16-10-2024T07:02:27 - [TEST_STEP][PASSED] - setValueToCellByIndex(sheet01, n, 5, FB): null

16-10-2024T07:02:27 - [TEST_STEP][PASSED] - setValueToCellByIndex(sheet01, n, 6, m): null

16-10-2024T07:02:27 - [TEST_STEP][PASSED] - setValueToCellByIndex(sheet01, n, 7, y): null

16-10-2024T07:02:27 - [TEST_STEP][PASSED] - setValueToCellByIndex(sheet01, n, 8, todaysDate): null

16-10-2024T07:02:27 - [TEST_STEP][PASSED] - n = n + 1: null

16-10-2024T07:02:27 - [TEST_STEP][FAILED] - saveWorkbook(excelFilePath, workbook01): null

16-10-2024T07:02:27 - [TEST_STEP][FAILED] - if (verifyEqual(mR, mB) == false): null

16-10-2024T07:02:27 - [MESSAGE][FAILED] - Unable to verify equal between actual object 'Россети Московский регион/нет данных/нет данных/нет данных/нет данных/нет данных/нет данных/нет данных/нет данных/нет данных' and expected object 'Россети Московский регион/7.27/7.26/68299128/63339448/4959680/64933379/60214057/4719322/-0.01' (Root cause: com.kms.katalon.core.exception.StepFailedException: Actual object 'Россети Московский регион/нет данных/нет данных/нет данных/нет данных/нет данных/нет данных/нет данных/нет данных/нет данных' and expected object 'Россети Московский регион/7.27/7.26/68299128/63339448/4959680/64933379/60214057/4719322/-0.01' are not equal
	at com.kms.katalon.core.keyword.builtin.VerifyEqualKeyword$_verifyEqual_closure1.doCall(VerifyEqualKeyword.groovy:58)
	at com.kms.katalon.core.keyword.builtin.VerifyEqualKeyword$_verifyEqual_closure1.call(VerifyEqualKeyword.groovy)
	at com.kms.katalon.core.keyword.internal.KeywordMain.runKeyword(KeywordMain.groovy:75)
	at com.kms.katalon.core.keyword.builtin.VerifyEqualKeyword.verifyEqual(VerifyEqualKeyword.groovy:63)
	at com.kms.katalon.core.keyword.builtin.VerifyEqualKeyword.execute(VerifyEqualKeyword.groovy:44)
	at com.kms.katalon.core.keyword.internal.KeywordExecutor.executeKeywordForPlatform(KeywordExecutor.groovy:74)
	at com.kms.katalon.core.keyword.BuiltinKeywords.verifyEqual(BuiltinKeywords.groovy:146)
	at jdk.internal.reflect.GeneratedMethodAccessor25.invoke(Unknown Source)
	at java.base/jdk.internal.reflect.DelegatingMethodAccessorImpl.invoke(DelegatingMethodAccessorImpl.java:43)
	at Выполнение бизнес-плана сверка дашбордов.run(Выполнение бизнес-плана сверка дашбордов:612)
	at com.kms.katalon.core.main.ScriptEngine.run(ScriptEngine.java:194)
	at com.kms.katalon.core.main.ScriptEngine.runScriptAsRawText(ScriptEngine.java:119)
	at com.kms.katalon.core.main.TestCaseExecutor.runScript(TestCaseExecutor.java:448)
	at com.kms.katalon.core.main.TestCaseExecutor.doExecute(TestCaseExecutor.java:439)
	at com.kms.katalon.core.main.TestCaseExecutor.processExecutionPhase(TestCaseExecutor.java:418)
	at com.kms.katalon.core.main.TestCaseExecutor.accessMainPhase(TestCaseExecutor.java:410)
	at com.kms.katalon.core.main.TestCaseExecutor.execute(TestCaseExecutor.java:285)
	at com.kms.katalon.core.common.CommonExecutor.accessTestCaseMainPhase(CommonExecutor.java:65)
	at com.kms.katalon.core.main.TestSuiteExecutor.accessTestSuiteMainPhase(TestSuiteExecutor.java:150)
	at com.kms.katalon.core.main.TestSuiteExecutor.execute(TestSuiteExecutor.java:106)
	at com.kms.katalon.core.main.TestCaseMain.startTestSuite(TestCaseMain.java:180)
	at TempTestSuite1729050801829.run(TempTestSuite1729050801829.groovy:35)
	at java.base/jdk.internal.reflect.NativeMethodAccessorImpl.invoke0(Native Method)
	at java.base/jdk.internal.reflect.NativeMethodAccessorImpl.invoke(NativeMethodAccessorImpl.java:77)
	at java.base/jdk.internal.reflect.DelegatingMethodAccessorImpl.invoke(DelegatingMethodAccessorImpl.java:43)
)

16-10-2024T07:02:27 - [TEST_STEP][PASSED] - result = CompareDZOData(a = mR, b = mB, dZO, typeOfData, PercPlanR, PercPlanB, PercFactR, PercFactB, todaysDate, x, vidget, tabR, tabB, o1R, o1B): null

16-10-2024T07:02:27 - [TEST_STEP][PASSED] - ii2 = <not implemented yet for class: org.codehaus.groovy.ast.expr.EmptyExpression>: null

16-10-2024T07:02:27 - [TEST_STEP][FAILED] - if (verifyEqual(a, b) == false): null

16-10-2024T07:02:27 - [MESSAGE][FAILED] - Unable to verify equal between actual object 'Россети Московский регион/нет данных/нет данных/нет данных/нет данных/нет данных/нет данных/нет данных/нет данных/нет данных' and expected object 'Россети Московский регион/7.27/7.26/68299128/63339448/4959680/64933379/60214057/4719322/-0.01' (Root cause: com.kms.katalon.core.exception.StepFailedException: Actual object 'Россети Московский регион/нет данных/нет данных/нет данных/нет данных/нет данных/нет данных/нет данных/нет данных/нет данных' and expected object 'Россети Московский регион/7.27/7.26/68299128/63339448/4959680/64933379/60214057/4719322/-0.01' are not equal
	at com.kms.katalon.core.keyword.builtin.VerifyEqualKeyword$_verifyEqual_closure1.doCall(VerifyEqualKeyword.groovy:58)
	at com.kms.katalon.core.keyword.builtin.VerifyEqualKeyword$_verifyEqual_closure1.call(VerifyEqualKeyword.groovy)
	at com.kms.katalon.core.keyword.internal.KeywordMain.runKeyword(KeywordMain.groovy:75)
	at com.kms.katalon.core.keyword.builtin.VerifyEqualKeyword.verifyEqual(VerifyEqualKeyword.groovy:63)
	at com.kms.katalon.core.keyword.builtin.VerifyEqualKeyword.execute(VerifyEqualKeyword.groovy:44)
	at com.kms.katalon.core.keyword.internal.KeywordExecutor.executeKeywordForPlatform(KeywordExecutor.groovy:74)
	at com.kms.katalon.core.keyword.BuiltinKeywords.verifyEqual(BuiltinKeywords.groovy:146)
	at jdk.internal.reflect.GeneratedMethodAccessor25.invoke(Unknown Source)
	at java.base/jdk.internal.reflect.DelegatingMethodAccessorImpl.invoke(DelegatingMethodAccessorImpl.java:43)
	at Выполнение бизнес-плана сверка дашбордов.CompareDZOData(Выполнение бизнес-плана сверка дашбордов:673)
	at Выполнение бизнес-плана сверка дашбордов.run(Выполнение бизнес-плана сверка дашбордов:613)
	at com.kms.katalon.core.main.ScriptEngine.run(ScriptEngine.java:194)
	at com.kms.katalon.core.main.ScriptEngine.runScriptAsRawText(ScriptEngine.java:119)
	at com.kms.katalon.core.main.TestCaseExecutor.runScript(TestCaseExecutor.java:448)
	at com.kms.katalon.core.main.TestCaseExecutor.doExecute(TestCaseExecutor.java:439)
	at com.kms.katalon.core.main.TestCaseExecutor.processExecutionPhase(TestCaseExecutor.java:418)
	at com.kms.katalon.core.main.TestCaseExecutor.accessMainPhase(TestCaseExecutor.java:410)
	at com.kms.katalon.core.main.TestCaseExecutor.execute(TestCaseExecutor.java:285)
	at com.kms.katalon.core.common.CommonExecutor.accessTestCaseMainPhase(CommonExecutor.java:65)
	at com.kms.katalon.core.main.TestSuiteExecutor.accessTestSuiteMainPhase(TestSuiteExecutor.java:150)
	at com.kms.katalon.core.main.TestSuiteExecutor.execute(TestSuiteExecutor.java:106)
	at com.kms.katalon.core.main.TestCaseMain.startTestSuite(TestCaseMain.java:180)
	at TempTestSuite1729050801829.run(TempTestSuite1729050801829.groovy:35)
	at java.base/jdk.internal.reflect.NativeMethodAccessorImpl.invoke0(Native Method)
	at java.base/jdk.internal.reflect.NativeMethodAccessorImpl.invoke(NativeMethodAccessorImpl.java:77)
	at java.base/jdk.internal.reflect.DelegatingMethodAccessorImpl.invoke(DelegatingMethodAccessorImpl.java:43)
)

16-10-2024T07:02:27 - [TEST_STEP][PASSED] - vidget = "Уровень потерь электроэнергии": null

16-10-2024T07:02:27 - [TEST_STEP][PASSED] - typeOfData = "План": null

16-10-2024T07:02:27 - [TEST_STEP][PASSED] - PercPlanR = GetPercPlanR(x = a): null

16-10-2024T07:02:27 - [TEST_STEP][PASSED] - i1 = <not implemented yet for class: org.codehaus.groovy.ast.expr.EmptyExpression>: null

16-10-2024T07:02:27 - [TEST_STEP][PASSED] - i1 = x.indexOf("/") + 1: null

16-10-2024T07:02:27 - [TEST_STEP][PASSED] - if (i1 > -1): null

16-10-2024T07:02:27 - [TEST_STEP][PASSED] - x = x.substring(i1, x.length()): null

16-10-2024T07:02:27 - [TEST_STEP][PASSED] - i1 = x.indexOf("/"): null

16-10-2024T07:02:27 - [TEST_STEP][PASSED] - if (i1 > -1): null

16-10-2024T07:02:27 - [TEST_STEP][PASSED] - x = x.substring(0, i1): null

16-10-2024T07:02:27 - [TEST_STEP][PASSED] - return x: null

16-10-2024T07:02:27 - [TEST_STEP][PASSED] - PercPlanB = GetPercPlanB(x = b): null

16-10-2024T07:02:27 - [TEST_STEP][PASSED] - i1 = <not implemented yet for class: org.codehaus.groovy.ast.expr.EmptyExpression>: null

16-10-2024T07:02:27 - [TEST_STEP][PASSED] - i1 = x.indexOf("/") + 1: null

16-10-2024T07:02:27 - [TEST_STEP][PASSED] - if (i1 > -1): null

16-10-2024T07:02:27 - [TEST_STEP][PASSED] - x = x.substring(i1, x.length()): null

16-10-2024T07:02:27 - [TEST_STEP][PASSED] - i1 = x.indexOf("/"): null

16-10-2024T07:02:27 - [TEST_STEP][PASSED] - if (i1 > -1): null

16-10-2024T07:02:27 - [TEST_STEP][PASSED] - x = x.substring(0, i1): null

16-10-2024T07:02:27 - [TEST_STEP][FAILED] - return x: null

16-10-2024T07:02:27 - [TEST_STEP][FAILED] - if (verifyEqual(PercPlanR, PercPlanB) == false): null

16-10-2024T07:02:27 - [MESSAGE][FAILED] - Unable to verify equal between actual object 'нет данных' and expected object '7.27' (Root cause: com.kms.katalon.core.exception.StepFailedException: Actual object 'нет данных' and expected object '7.27' are not equal
	at com.kms.katalon.core.keyword.builtin.VerifyEqualKeyword$_verifyEqual_closure1.doCall(VerifyEqualKeyword.groovy:58)
	at com.kms.katalon.core.keyword.builtin.VerifyEqualKeyword$_verifyEqual_closure1.call(VerifyEqualKeyword.groovy)
	at com.kms.katalon.core.keyword.internal.KeywordMain.runKeyword(KeywordMain.groovy:75)
	at com.kms.katalon.core.keyword.builtin.VerifyEqualKeyword.verifyEqual(VerifyEqualKeyword.groovy:63)
	at com.kms.katalon.core.keyword.builtin.VerifyEqualKeyword.execute(VerifyEqualKeyword.groovy:44)
	at com.kms.katalon.core.keyword.internal.KeywordExecutor.executeKeywordForPlatform(KeywordExecutor.groovy:74)
	at com.kms.katalon.core.keyword.BuiltinKeywords.verifyEqual(BuiltinKeywords.groovy:146)
	at jdk.internal.reflect.GeneratedMethodAccessor25.invoke(Unknown Source)
	at java.base/jdk.internal.reflect.DelegatingMethodAccessorImpl.invoke(DelegatingMethodAccessorImpl.java:43)
	at Выполнение бизнес-плана сверка дашбордов.CompareDZOData(Выполнение бизнес-плана сверка дашбордов:682)
	at Выполнение бизнес-плана сверка дашбордов.run(Выполнение бизнес-плана сверка дашбордов:613)
	at com.kms.katalon.core.main.ScriptEngine.run(ScriptEngine.java:194)
	at com.kms.katalon.core.main.ScriptEngine.runScriptAsRawText(ScriptEngine.java:119)
	at com.kms.katalon.core.main.TestCaseExecutor.runScript(TestCaseExecutor.java:448)
	at com.kms.katalon.core.main.TestCaseExecutor.doExecute(TestCaseExecutor.java:439)
	at com.kms.katalon.core.main.TestCaseExecutor.processExecutionPhase(TestCaseExecutor.java:418)
	at com.kms.katalon.core.main.TestCaseExecutor.accessMainPhase(TestCaseExecutor.java:410)
	at com.kms.katalon.core.main.TestCaseExecutor.execute(TestCaseExecutor.java:285)
	at com.kms.katalon.core.common.CommonExecutor.accessTestCaseMainPhase(CommonExecutor.java:65)
	at com.kms.katalon.core.main.TestSuiteExecutor.accessTestSuiteMainPhase(TestSuiteExecutor.java:150)
	at com.kms.katalon.core.main.TestSuiteExecutor.execute(TestSuiteExecutor.java:106)
	at com.kms.katalon.core.main.TestCaseMain.startTestSuite(TestCaseMain.java:180)
	at TempTestSuite1729050801829.run(TempTestSuite1729050801829.groovy:35)
	at java.base/jdk.internal.reflect.NativeMethodAccessorImpl.invoke0(Native Method)
	at java.base/jdk.internal.reflect.NativeMethodAccessorImpl.invoke(NativeMethodAccessorImpl.java:77)
	at java.base/jdk.internal.reflect.DelegatingMethodAccessorImpl.invoke(DelegatingMethodAccessorImpl.java:43)
)

16-10-2024T07:02:27 - [TEST_STEP][PASSED] - result = WriteToExcel(typeOfData, todaysDate, PercPlanR, PercPlanB, PercFactR, PercFactB, x, tabR, tabB, o1R, o1B, vidget): null

16-10-2024T07:02:27 - [TEST_STEP][PASSED] - iii = dZO.indexOf("/"): null

16-10-2024T07:02:27 - [TEST_STEP][PASSED] - println(iii): null

16-10-2024T07:02:27 - [TEST_STEP][PASSED] - dZO = dZO.substring(0, iii): null

16-10-2024T07:02:27 - [TEST_STEP][PASSED] - println(dZO): null

16-10-2024T07:02:27 - [TEST_STEP][PASSED] - println(PercPlanR): null

16-10-2024T07:02:27 - [TEST_STEP][PASSED] - println(PercPlanB): null

16-10-2024T07:02:27 - [TEST_STEP][PASSED] - println(PercFactR): null

16-10-2024T07:02:27 - [TEST_STEP][PASSED] - println(PercFactB): null

16-10-2024T07:02:27 - [TEST_STEP][PASSED] - println(tabR): null

16-10-2024T07:02:27 - [TEST_STEP][PASSED] - println(tabB): null

16-10-2024T07:02:27 - [TEST_STEP][PASSED] - println(o1R): null

16-10-2024T07:02:27 - [TEST_STEP][PASSED] - println(o1B): null

16-10-2024T07:02:27 - [TEST_STEP][PASSED] - PR = <not implemented yet for class: org.codehaus.groovy.ast.expr.EmptyExpression>: null

16-10-2024T07:02:27 - [TEST_STEP][PASSED] - FR = <not implemented yet for class: org.codehaus.groovy.ast.expr.EmptyExpression>: null

16-10-2024T07:02:27 - [TEST_STEP][PASSED] - PB = <not implemented yet for class: org.codehaus.groovy.ast.expr.EmptyExpression>: null

16-10-2024T07:02:27 - [TEST_STEP][PASSED] - FB = <not implemented yet for class: org.codehaus.groovy.ast.expr.EmptyExpression>: null

16-10-2024T07:02:27 - [TEST_STEP][PASSED] - TR = <not implemented yet for class: org.codehaus.groovy.ast.expr.EmptyExpression>: null

16-10-2024T07:02:27 - [TEST_STEP][PASSED] - TB = <not implemented yet for class: org.codehaus.groovy.ast.expr.EmptyExpression>: null

16-10-2024T07:02:27 - [TEST_STEP][PASSED] - sheetName = "Sheet1": null

16-10-2024T07:02:27 - [TEST_STEP][PASSED] - data = findTestData("PlanFact"): null

16-10-2024T07:02:27 - [TEST_STEP][PASSED] - n = data.getRowNumbers() + 1: null

16-10-2024T07:02:27 - [TEST_STEP][PASSED] - year = todaysDate.substring(todaysDate.length() - 4, todaysDate.length()): null

16-10-2024T07:02:27 - [TEST_STEP][PASSED] - y = year.toInteger(): null

16-10-2024T07:02:27 - [TEST_STEP][PASSED] - m = getText(findTestObject("Выполнение бизнес-плана/Выполнение бизнес-плана Балансы/Фильтр Дата")): Text of object 'Object Repository/Выполнение бизнес-плана/Выполнение бизнес-плана Балансы/Фильтр Дата' is: '1, 2 кв., Июль, Август 2024 года'

16-10-2024T07:02:27 - [MESSAGE][PASSED] - Text of object 'Object Repository/Выполнение бизнес-плана/Выполнение бизнес-плана Балансы/Фильтр Дата' is: '1, 2 кв., Июль, Август 2024 года'

16-10-2024T07:02:27 - [TEST_STEP][PASSED] - m = m.substring(0, m.indexOf("2024")): null

16-10-2024T07:02:27 - [TEST_STEP][PASSED] - m = m.trim(): null

16-10-2024T07:02:27 - [TEST_STEP][PASSED] - dashboardName = "Выполнение бизнес-плана": null

16-10-2024T07:02:27 - [TEST_STEP][PASSED] - workbook01 = getWorkbook(excelFilePath): null

16-10-2024T07:02:27 - [TEST_STEP][PASSED] - sheet01 = getExcelSheet(workbook01, sheetName): null

16-10-2024T07:02:27 - [TEST_STEP][PASSED] - setValueToCellByIndex(sheet01, n, 0, dashboardName): null

16-10-2024T07:02:27 - [TEST_STEP][PASSED] - setValueToCellByIndex(sheet01, n, 1, dZO): null

16-10-2024T07:02:27 - [TEST_STEP][PASSED] - setValueToCellByIndex(sheet01, n, 2, typeOfData): null

16-10-2024T07:02:27 - [TEST_STEP][PASSED] - setValueToCellByIndex(sheet01, n, 3, typeOfData): null

16-10-2024T07:02:27 - [TEST_STEP][PASSED] - if (typeOfData == "План"): null

16-10-2024T07:02:27 - [TEST_STEP][PASSED] - if (PercPlanR == null): null

16-10-2024T07:02:27 - [TEST_STEP][PASSED] - else: null

16-10-2024T07:02:27 - [TEST_STEP][PASSED] - if (PercPlanR == "нет данных"): null

16-10-2024T07:02:27 - [TEST_STEP][PASSED] - setValueToCellByIndex(sheet01, n, 4, "нет данных"): null

16-10-2024T07:02:27 - [TEST_STEP][PASSED] - if (PercPlanB == null): null

16-10-2024T07:02:27 - [TEST_STEP][PASSED] - else: null

16-10-2024T07:02:27 - [TEST_STEP][PASSED] - if (PercPlanB == "нет данных"): null

16-10-2024T07:02:27 - [TEST_STEP][PASSED] - else: null

16-10-2024T07:02:27 - [TEST_STEP][PASSED] - PB = PercPlanB.toDouble(): null

16-10-2024T07:02:27 - [TEST_STEP][PASSED] - setValueToCellByIndex(sheet01, n, 5, PB): null

16-10-2024T07:02:27 - [TEST_STEP][PASSED] - setValueToCellByIndex(sheet01, n, 6, m): null

16-10-2024T07:02:27 - [TEST_STEP][PASSED] - setValueToCellByIndex(sheet01, n, 7, y): null

16-10-2024T07:02:27 - [TEST_STEP][PASSED] - setValueToCellByIndex(sheet01, n, 8, todaysDate): null

16-10-2024T07:02:27 - [TEST_STEP][PASSED] - n = n + 1: null

16-10-2024T07:02:27 - [TEST_STEP][PASSED] - saveWorkbook(excelFilePath, workbook01): null

16-10-2024T07:02:28 - [TEST_STEP][PASSED] - typeOfData = "Факт": null

16-10-2024T07:02:28 - [TEST_STEP][PASSED] - PercFactR = GetPercFactR(x = a): null

16-10-2024T07:02:28 - [TEST_STEP][PASSED] - i1 = <not implemented yet for class: org.codehaus.groovy.ast.expr.EmptyExpression>: null

16-10-2024T07:02:28 - [TEST_STEP][PASSED] - ii = <not implemented yet for class: org.codehaus.groovy.ast.expr.EmptyExpression>: null

16-10-2024T07:02:28 - [TEST_STEP][PASSED] - for ([ii = 1, ii < 3, (ii++)]): null

16-10-2024T07:02:28 - [TEST_STEP][PASSED] - i1 = x.indexOf("/") + 1: null

16-10-2024T07:02:28 - [TEST_STEP][PASSED] - if (i1 > -1): null

16-10-2024T07:02:28 - [TEST_STEP][PASSED] - x = x.substring(i1, x.length()): null

16-10-2024T07:02:28 - [TEST_STEP][PASSED] - println(x): null

16-10-2024T07:02:28 - [TEST_STEP][PASSED] - i1 = x.indexOf("/") + 1: null

16-10-2024T07:02:28 - [TEST_STEP][PASSED] - if (i1 > -1): null

16-10-2024T07:02:28 - [TEST_STEP][PASSED] - x = x.substring(i1, x.length()): null

16-10-2024T07:02:28 - [TEST_STEP][PASSED] - println(x): null

16-10-2024T07:02:28 - [TEST_STEP][PASSED] - i1 = x.indexOf("/"): null

16-10-2024T07:02:28 - [TEST_STEP][PASSED] - if (i1 > -1): null

16-10-2024T07:02:28 - [TEST_STEP][PASSED] - x = x.substring(0, i1): null

16-10-2024T07:02:28 - [TEST_STEP][PASSED] - println(x): null

16-10-2024T07:02:28 - [TEST_STEP][PASSED] - return x: null

16-10-2024T07:02:28 - [TEST_STEP][PASSED] - PercFactB = GetPercFactB(x = b): null

16-10-2024T07:02:28 - [TEST_STEP][PASSED] - i1 = <not implemented yet for class: org.codehaus.groovy.ast.expr.EmptyExpression>: null

16-10-2024T07:02:28 - [TEST_STEP][PASSED] - ii = <not implemented yet for class: org.codehaus.groovy.ast.expr.EmptyExpression>: null

16-10-2024T07:02:28 - [TEST_STEP][PASSED] - for ([ii = 1, ii < 3, (ii++)]): null

16-10-2024T07:02:28 - [TEST_STEP][PASSED] - i1 = x.indexOf("/") + 1: null

16-10-2024T07:02:28 - [TEST_STEP][PASSED] - if (i1 > -1): null

16-10-2024T07:02:28 - [TEST_STEP][PASSED] - x = x.substring(i1, x.length()): null

16-10-2024T07:02:28 - [TEST_STEP][PASSED] - println(x): null

16-10-2024T07:02:28 - [TEST_STEP][PASSED] - i1 = x.indexOf("/") + 1: null

16-10-2024T07:02:28 - [TEST_STEP][PASSED] - if (i1 > -1): null

16-10-2024T07:02:28 - [TEST_STEP][PASSED] - x = x.substring(i1, x.length()): null

16-10-2024T07:02:28 - [TEST_STEP][PASSED] - println(x): null

16-10-2024T07:02:28 - [TEST_STEP][PASSED] - i1 = x.indexOf("/"): null

16-10-2024T07:02:28 - [TEST_STEP][PASSED] - if (i1 > -1): null

16-10-2024T07:02:28 - [TEST_STEP][PASSED] - x = x.substring(0, i1): null

16-10-2024T07:02:28 - [TEST_STEP][PASSED] - println(x): null

16-10-2024T07:02:28 - [TEST_STEP][FAILED] - return x: null

16-10-2024T07:02:28 - [TEST_STEP][FAILED] - if (verifyEqual(PercFactR, PercFactB) == false): null

16-10-2024T07:02:28 - [MESSAGE][FAILED] - Unable to verify equal between actual object 'нет данных' and expected object '7.26' (Root cause: com.kms.katalon.core.exception.StepFailedException: Actual object 'нет данных' and expected object '7.26' are not equal
	at com.kms.katalon.core.keyword.builtin.VerifyEqualKeyword$_verifyEqual_closure1.doCall(VerifyEqualKeyword.groovy:58)
	at com.kms.katalon.core.keyword.builtin.VerifyEqualKeyword$_verifyEqual_closure1.call(VerifyEqualKeyword.groovy)
	at com.kms.katalon.core.keyword.internal.KeywordMain.runKeyword(KeywordMain.groovy:75)
	at com.kms.katalon.core.keyword.builtin.VerifyEqualKeyword.verifyEqual(VerifyEqualKeyword.groovy:63)
	at com.kms.katalon.core.keyword.builtin.VerifyEqualKeyword.execute(VerifyEqualKeyword.groovy:44)
	at com.kms.katalon.core.keyword.internal.KeywordExecutor.executeKeywordForPlatform(KeywordExecutor.groovy:74)
	at com.kms.katalon.core.keyword.BuiltinKeywords.verifyEqual(BuiltinKeywords.groovy:146)
	at jdk.internal.reflect.GeneratedMethodAccessor25.invoke(Unknown Source)
	at java.base/jdk.internal.reflect.DelegatingMethodAccessorImpl.invoke(DelegatingMethodAccessorImpl.java:43)
	at Выполнение бизнес-плана сверка дашбордов.CompareDZOData(Выполнение бизнес-плана сверка дашбордов:693)
	at Выполнение бизнес-плана сверка дашбордов.run(Выполнение бизнес-плана сверка дашбордов:613)
	at com.kms.katalon.core.main.ScriptEngine.run(ScriptEngine.java:194)
	at com.kms.katalon.core.main.ScriptEngine.runScriptAsRawText(ScriptEngine.java:119)
	at com.kms.katalon.core.main.TestCaseExecutor.runScript(TestCaseExecutor.java:448)
	at com.kms.katalon.core.main.TestCaseExecutor.doExecute(TestCaseExecutor.java:439)
	at com.kms.katalon.core.main.TestCaseExecutor.processExecutionPhase(TestCaseExecutor.java:418)
	at com.kms.katalon.core.main.TestCaseExecutor.accessMainPhase(TestCaseExecutor.java:410)
	at com.kms.katalon.core.main.TestCaseExecutor.execute(TestCaseExecutor.java:285)
	at com.kms.katalon.core.common.CommonExecutor.accessTestCaseMainPhase(CommonExecutor.java:65)
	at com.kms.katalon.core.main.TestSuiteExecutor.accessTestSuiteMainPhase(TestSuiteExecutor.java:150)
	at com.kms.katalon.core.main.TestSuiteExecutor.execute(TestSuiteExecutor.java:106)
	at com.kms.katalon.core.main.TestCaseMain.startTestSuite(TestCaseMain.java:180)
	at TempTestSuite1729050801829.run(TempTestSuite1729050801829.groovy:35)
	at java.base/jdk.internal.reflect.NativeMethodAccessorImpl.invoke0(Native Method)
	at java.base/jdk.internal.reflect.NativeMethodAccessorImpl.invoke(NativeMethodAccessorImpl.java:77)
	at java.base/jdk.internal.reflect.DelegatingMethodAccessorImpl.invoke(DelegatingMethodAccessorImpl.java:43)
)

16-10-2024T07:02:28 - [TEST_STEP][PASSED] - result = WriteToExcel(typeOfData, todaysDate, PercPlanR, PercPlanB, PercFactR, PercFactB, x, tabR, tabB, o1R, o1B, vidget): null

16-10-2024T07:02:28 - [TEST_STEP][PASSED] - iii = dZO.indexOf("/"): null

16-10-2024T07:02:28 - [TEST_STEP][PASSED] - println(iii): null

16-10-2024T07:02:28 - [TEST_STEP][PASSED] - dZO = dZO.substring(0, iii): null

16-10-2024T07:02:28 - [TEST_STEP][PASSED] - println(dZO): null

16-10-2024T07:02:28 - [TEST_STEP][PASSED] - println(PercPlanR): null

16-10-2024T07:02:28 - [TEST_STEP][PASSED] - println(PercPlanB): null

16-10-2024T07:02:28 - [TEST_STEP][PASSED] - println(PercFactR): null

16-10-2024T07:02:28 - [TEST_STEP][PASSED] - println(PercFactB): null

16-10-2024T07:02:28 - [TEST_STEP][PASSED] - println(tabR): null

16-10-2024T07:02:28 - [TEST_STEP][PASSED] - println(tabB): null

16-10-2024T07:02:28 - [TEST_STEP][PASSED] - println(o1R): null

16-10-2024T07:02:28 - [TEST_STEP][PASSED] - println(o1B): null

16-10-2024T07:02:28 - [TEST_STEP][PASSED] - PR = <not implemented yet for class: org.codehaus.groovy.ast.expr.EmptyExpression>: null

16-10-2024T07:02:28 - [TEST_STEP][PASSED] - FR = <not implemented yet for class: org.codehaus.groovy.ast.expr.EmptyExpression>: null

16-10-2024T07:02:28 - [TEST_STEP][PASSED] - PB = <not implemented yet for class: org.codehaus.groovy.ast.expr.EmptyExpression>: null

16-10-2024T07:02:28 - [TEST_STEP][PASSED] - FB = <not implemented yet for class: org.codehaus.groovy.ast.expr.EmptyExpression>: null

16-10-2024T07:02:28 - [TEST_STEP][PASSED] - TR = <not implemented yet for class: org.codehaus.groovy.ast.expr.EmptyExpression>: null

16-10-2024T07:02:28 - [TEST_STEP][PASSED] - TB = <not implemented yet for class: org.codehaus.groovy.ast.expr.EmptyExpression>: null

16-10-2024T07:02:28 - [TEST_STEP][PASSED] - sheetName = "Sheet1": null

16-10-2024T07:02:28 - [TEST_STEP][PASSED] - data = findTestData("PlanFact"): null

16-10-2024T07:02:28 - [TEST_STEP][PASSED] - n = data.getRowNumbers() + 1: null

16-10-2024T07:02:28 - [TEST_STEP][PASSED] - year = todaysDate.substring(todaysDate.length() - 4, todaysDate.length()): null

16-10-2024T07:02:28 - [TEST_STEP][PASSED] - y = year.toInteger(): null

16-10-2024T07:02:28 - [TEST_STEP][PASSED] - m = getText(findTestObject("Выполнение бизнес-плана/Выполнение бизнес-плана Балансы/Фильтр Дата")): Text of object 'Object Repository/Выполнение бизнес-плана/Выполнение бизнес-плана Балансы/Фильтр Дата' is: '1, 2 кв., Июль, Август 2024 года'

16-10-2024T07:02:28 - [MESSAGE][PASSED] - Text of object 'Object Repository/Выполнение бизнес-плана/Выполнение бизнес-плана Балансы/Фильтр Дата' is: '1, 2 кв., Июль, Август 2024 года'

16-10-2024T07:02:28 - [TEST_STEP][PASSED] - m = m.substring(0, m.indexOf("2024")): null

16-10-2024T07:02:28 - [TEST_STEP][PASSED] - m = m.trim(): null

16-10-2024T07:02:28 - [TEST_STEP][PASSED] - dashboardName = "Выполнение бизнес-плана": null

16-10-2024T07:02:28 - [TEST_STEP][PASSED] - workbook01 = getWorkbook(excelFilePath): null

16-10-2024T07:02:28 - [TEST_STEP][PASSED] - sheet01 = getExcelSheet(workbook01, sheetName): null

16-10-2024T07:02:28 - [TEST_STEP][PASSED] - setValueToCellByIndex(sheet01, n, 0, dashboardName): null

16-10-2024T07:02:28 - [TEST_STEP][PASSED] - setValueToCellByIndex(sheet01, n, 1, dZO): null

16-10-2024T07:02:28 - [TEST_STEP][PASSED] - setValueToCellByIndex(sheet01, n, 2, typeOfData): null

16-10-2024T07:02:28 - [TEST_STEP][PASSED] - setValueToCellByIndex(sheet01, n, 3, typeOfData): null

16-10-2024T07:02:28 - [TEST_STEP][PASSED] - if (typeOfData == "План"): null

16-10-2024T07:02:28 - [TEST_STEP][PASSED] - else if (typeOfData == "Факт"): null

16-10-2024T07:02:28 - [TEST_STEP][PASSED] - if (PercFactR == null): null

16-10-2024T07:02:28 - [TEST_STEP][PASSED] - else: null

16-10-2024T07:02:28 - [TEST_STEP][PASSED] - if (PercFactR == "нет данных"): null

16-10-2024T07:02:28 - [TEST_STEP][PASSED] - setValueToCellByIndex(sheet01, n, 4, "нет данных"): null

16-10-2024T07:02:28 - [TEST_STEP][PASSED] - if (PercFactB == null): null

16-10-2024T07:02:28 - [TEST_STEP][PASSED] - else: null

16-10-2024T07:02:28 - [TEST_STEP][PASSED] - if (PercFactB == "нет данных"): null

16-10-2024T07:02:28 - [TEST_STEP][PASSED] - else: null

16-10-2024T07:02:28 - [TEST_STEP][PASSED] - FB = PercFactB.toDouble(): null

16-10-2024T07:02:28 - [TEST_STEP][PASSED] - setValueToCellByIndex(sheet01, n, 5, FB): null

16-10-2024T07:02:28 - [TEST_STEP][PASSED] - setValueToCellByIndex(sheet01, n, 6, m): null

16-10-2024T07:02:28 - [TEST_STEP][PASSED] - setValueToCellByIndex(sheet01, n, 7, y): null

16-10-2024T07:02:28 - [TEST_STEP][PASSED] - setValueToCellByIndex(sheet01, n, 8, todaysDate): null

16-10-2024T07:02:28 - [TEST_STEP][PASSED] - n = n + 1: null

16-10-2024T07:02:28 - [TEST_STEP][PASSED] - saveWorkbook(excelFilePath, workbook01): null

16-10-2024T07:02:28 - [TEST_STEP][PASSED] - vidget = "Показатели баланса электроэнергии по ДЗО – Факт": null

16-10-2024T07:02:28 - [TEST_STEP][PASSED] - typeOfData = "Факт Отпуск в сеть": null

16-10-2024T07:02:28 - [TEST_STEP][PASSED] - tabR = GetOvSFactR(x = a): null

16-10-2024T07:02:28 - [TEST_STEP][PASSED] - i1 = <not implemented yet for class: org.codehaus.groovy.ast.expr.EmptyExpression>: null

16-10-2024T07:02:28 - [TEST_STEP][PASSED] - ii = <not implemented yet for class: org.codehaus.groovy.ast.expr.EmptyExpression>: null

16-10-2024T07:02:28 - [TEST_STEP][PASSED] - for ([ii = 1, ii < 4, (ii++)]): null

16-10-2024T07:02:28 - [TEST_STEP][PASSED] - i1 = x.indexOf("/") + 1: null

16-10-2024T07:02:28 - [TEST_STEP][PASSED] - if (i1 > -1): null

16-10-2024T07:02:28 - [TEST_STEP][PASSED] - x = x.substring(i1, x.length()): null

16-10-2024T07:02:28 - [TEST_STEP][PASSED] - println(x): null

16-10-2024T07:02:28 - [TEST_STEP][PASSED] - i1 = x.indexOf("/") + 1: null

16-10-2024T07:02:28 - [TEST_STEP][PASSED] - if (i1 > -1): null

16-10-2024T07:02:28 - [TEST_STEP][PASSED] - x = x.substring(i1, x.length()): null

16-10-2024T07:02:28 - [TEST_STEP][PASSED] - println(x): null

16-10-2024T07:02:28 - [TEST_STEP][PASSED] - i1 = x.indexOf("/") + 1: null

16-10-2024T07:02:28 - [TEST_STEP][PASSED] - if (i1 > -1): null

16-10-2024T07:02:28 - [TEST_STEP][PASSED] - x = x.substring(i1, x.length()): null

16-10-2024T07:02:28 - [TEST_STEP][PASSED] - println(x): null

16-10-2024T07:02:28 - [TEST_STEP][PASSED] - i1 = x.indexOf("/"): null

16-10-2024T07:02:28 - [TEST_STEP][PASSED] - if (i1 > -1): null

16-10-2024T07:02:28 - [TEST_STEP][PASSED] - x = x.substring(0, i1): null

16-10-2024T07:02:28 - [TEST_STEP][PASSED] - println(x): null

16-10-2024T07:02:28 - [TEST_STEP][PASSED] - return x: null

16-10-2024T07:02:28 - [TEST_STEP][PASSED] - tabB = GetOvSFactB(x = b): null

16-10-2024T07:02:28 - [TEST_STEP][PASSED] - i1 = <not implemented yet for class: org.codehaus.groovy.ast.expr.EmptyExpression>: null

16-10-2024T07:02:28 - [TEST_STEP][PASSED] - ii = <not implemented yet for class: org.codehaus.groovy.ast.expr.EmptyExpression>: null

16-10-2024T07:02:28 - [TEST_STEP][PASSED] - for ([ii = 1, ii < 4, (ii++)]): null

16-10-2024T07:02:28 - [TEST_STEP][PASSED] - i1 = x.indexOf("/") + 1: null

16-10-2024T07:02:28 - [TEST_STEP][PASSED] - if (i1 > -1): null

16-10-2024T07:02:28 - [TEST_STEP][PASSED] - x = x.substring(i1, x.length()): null

16-10-2024T07:02:28 - [TEST_STEP][PASSED] - println(x): null

16-10-2024T07:02:28 - [TEST_STEP][PASSED] - i1 = x.indexOf("/") + 1: null

16-10-2024T07:02:28 - [TEST_STEP][PASSED] - if (i1 > -1): null

16-10-2024T07:02:28 - [TEST_STEP][PASSED] - x = x.substring(i1, x.length()): null

16-10-2024T07:02:28 - [TEST_STEP][PASSED] - println(x): null

16-10-2024T07:02:28 - [TEST_STEP][PASSED] - i1 = x.indexOf("/") + 1: null

16-10-2024T07:02:28 - [TEST_STEP][PASSED] - if (i1 > -1): null

16-10-2024T07:02:28 - [TEST_STEP][PASSED] - x = x.substring(i1, x.length()): null

16-10-2024T07:02:28 - [TEST_STEP][PASSED] - println(x): null

16-10-2024T07:02:28 - [TEST_STEP][PASSED] - i1 = x.indexOf("/"): null

16-10-2024T07:02:28 - [TEST_STEP][PASSED] - if (i1 > -1): null

16-10-2024T07:02:28 - [TEST_STEP][PASSED] - x = x.substring(0, i1): null

16-10-2024T07:02:28 - [TEST_STEP][PASSED] - println(x): null

16-10-2024T07:02:28 - [TEST_STEP][FAILED] - return x: null

16-10-2024T07:02:28 - [TEST_STEP][FAILED] - if (verifyEqual(tabR, tabB) == false): null

16-10-2024T07:02:28 - [MESSAGE][FAILED] - Unable to verify equal between actual object 'нет данных' and expected object '68299128' (Root cause: com.kms.katalon.core.exception.StepFailedException: Actual object 'нет данных' and expected object '68299128' are not equal
	at com.kms.katalon.core.keyword.builtin.VerifyEqualKeyword$_verifyEqual_closure1.doCall(VerifyEqualKeyword.groovy:58)
	at com.kms.katalon.core.keyword.builtin.VerifyEqualKeyword$_verifyEqual_closure1.call(VerifyEqualKeyword.groovy)
	at com.kms.katalon.core.keyword.internal.KeywordMain.runKeyword(KeywordMain.groovy:75)
	at com.kms.katalon.core.keyword.builtin.VerifyEqualKeyword.verifyEqual(VerifyEqualKeyword.groovy:63)
	at com.kms.katalon.core.keyword.builtin.VerifyEqualKeyword.execute(VerifyEqualKeyword.groovy:44)
	at com.kms.katalon.core.keyword.internal.KeywordExecutor.executeKeywordForPlatform(KeywordExecutor.groovy:74)
	at com.kms.katalon.core.keyword.BuiltinKeywords.verifyEqual(BuiltinKeywords.groovy:146)
	at jdk.internal.reflect.GeneratedMethodAccessor25.invoke(Unknown Source)
	at java.base/jdk.internal.reflect.DelegatingMethodAccessorImpl.invoke(DelegatingMethodAccessorImpl.java:43)
	at Выполнение бизнес-плана сверка дашбордов.CompareDZOData(Выполнение бизнес-плана сверка дашбордов:706)
	at Выполнение бизнес-плана сверка дашбордов.run(Выполнение бизнес-плана сверка дашбордов:613)
	at com.kms.katalon.core.main.ScriptEngine.run(ScriptEngine.java:194)
	at com.kms.katalon.core.main.ScriptEngine.runScriptAsRawText(ScriptEngine.java:119)
	at com.kms.katalon.core.main.TestCaseExecutor.runScript(TestCaseExecutor.java:448)
	at com.kms.katalon.core.main.TestCaseExecutor.doExecute(TestCaseExecutor.java:439)
	at com.kms.katalon.core.main.TestCaseExecutor.processExecutionPhase(TestCaseExecutor.java:418)
	at com.kms.katalon.core.main.TestCaseExecutor.accessMainPhase(TestCaseExecutor.java:410)
	at com.kms.katalon.core.main.TestCaseExecutor.execute(TestCaseExecutor.java:285)
	at com.kms.katalon.core.common.CommonExecutor.accessTestCaseMainPhase(CommonExecutor.java:65)
	at com.kms.katalon.core.main.TestSuiteExecutor.accessTestSuiteMainPhase(TestSuiteExecutor.java:150)
	at com.kms.katalon.core.main.TestSuiteExecutor.execute(TestSuiteExecutor.java:106)
	at com.kms.katalon.core.main.TestCaseMain.startTestSuite(TestCaseMain.java:180)
	at TempTestSuite1729050801829.run(TempTestSuite1729050801829.groovy:35)
	at java.base/jdk.internal.reflect.NativeMethodAccessorImpl.invoke0(Native Method)
	at java.base/jdk.internal.reflect.NativeMethodAccessorImpl.invoke(NativeMethodAccessorImpl.java:77)
	at java.base/jdk.internal.reflect.DelegatingMethodAccessorImpl.invoke(DelegatingMethodAccessorImpl.java:43)
)

16-10-2024T07:02:28 - [TEST_STEP][PASSED] - result = WriteToExcel(typeOfData, todaysDate, PercPlanR, PercPlanB, PercFactR, PercFactB, x, tabR, tabB, o1R, o1B, vidget): null

16-10-2024T07:02:28 - [TEST_STEP][PASSED] - iii = dZO.indexOf("/"): null

16-10-2024T07:02:28 - [TEST_STEP][PASSED] - println(iii): null

16-10-2024T07:02:28 - [TEST_STEP][PASSED] - dZO = dZO.substring(0, iii): null

16-10-2024T07:02:28 - [TEST_STEP][PASSED] - println(dZO): null

16-10-2024T07:02:28 - [TEST_STEP][PASSED] - println(PercPlanR): null

16-10-2024T07:02:28 - [TEST_STEP][PASSED] - println(PercPlanB): null

16-10-2024T07:02:28 - [TEST_STEP][PASSED] - println(PercFactR): null

16-10-2024T07:02:28 - [TEST_STEP][PASSED] - println(PercFactB): null

16-10-2024T07:02:28 - [TEST_STEP][PASSED] - println(tabR): null

16-10-2024T07:02:28 - [TEST_STEP][PASSED] - println(tabB): null

16-10-2024T07:02:28 - [TEST_STEP][PASSED] - println(o1R): null

16-10-2024T07:02:28 - [TEST_STEP][PASSED] - println(o1B): null

16-10-2024T07:02:28 - [TEST_STEP][PASSED] - PR = <not implemented yet for class: org.codehaus.groovy.ast.expr.EmptyExpression>: null

16-10-2024T07:02:28 - [TEST_STEP][PASSED] - FR = <not implemented yet for class: org.codehaus.groovy.ast.expr.EmptyExpression>: null

16-10-2024T07:02:28 - [TEST_STEP][PASSED] - PB = <not implemented yet for class: org.codehaus.groovy.ast.expr.EmptyExpression>: null

16-10-2024T07:02:28 - [TEST_STEP][PASSED] - FB = <not implemented yet for class: org.codehaus.groovy.ast.expr.EmptyExpression>: null

16-10-2024T07:02:28 - [TEST_STEP][PASSED] - TR = <not implemented yet for class: org.codehaus.groovy.ast.expr.EmptyExpression>: null

16-10-2024T07:02:28 - [TEST_STEP][PASSED] - TB = <not implemented yet for class: org.codehaus.groovy.ast.expr.EmptyExpression>: null

16-10-2024T07:02:28 - [TEST_STEP][PASSED] - sheetName = "Sheet1": null

16-10-2024T07:02:28 - [TEST_STEP][PASSED] - data = findTestData("PlanFact"): null

16-10-2024T07:02:28 - [TEST_STEP][PASSED] - n = data.getRowNumbers() + 1: null

16-10-2024T07:02:28 - [TEST_STEP][PASSED] - year = todaysDate.substring(todaysDate.length() - 4, todaysDate.length()): null

16-10-2024T07:02:28 - [TEST_STEP][PASSED] - y = year.toInteger(): null

16-10-2024T07:02:28 - [TEST_STEP][PASSED] - m = getText(findTestObject("Выполнение бизнес-плана/Выполнение бизнес-плана Балансы/Фильтр Дата")): Text of object 'Object Repository/Выполнение бизнес-плана/Выполнение бизнес-плана Балансы/Фильтр Дата' is: '1, 2 кв., Июль, Август 2024 года'

16-10-2024T07:02:29 - [MESSAGE][PASSED] - Text of object 'Object Repository/Выполнение бизнес-плана/Выполнение бизнес-плана Балансы/Фильтр Дата' is: '1, 2 кв., Июль, Август 2024 года'

16-10-2024T07:02:29 - [TEST_STEP][PASSED] - m = m.substring(0, m.indexOf("2024")): null

16-10-2024T07:02:29 - [TEST_STEP][PASSED] - m = m.trim(): null

16-10-2024T07:02:29 - [TEST_STEP][PASSED] - dashboardName = "Выполнение бизнес-плана": null

16-10-2024T07:02:29 - [TEST_STEP][PASSED] - workbook01 = getWorkbook(excelFilePath): null

16-10-2024T07:02:29 - [TEST_STEP][PASSED] - sheet01 = getExcelSheet(workbook01, sheetName): null

16-10-2024T07:02:29 - [TEST_STEP][PASSED] - setValueToCellByIndex(sheet01, n, 0, dashboardName): null

16-10-2024T07:02:29 - [TEST_STEP][PASSED] - setValueToCellByIndex(sheet01, n, 1, dZO): null

16-10-2024T07:02:29 - [TEST_STEP][PASSED] - setValueToCellByIndex(sheet01, n, 2, typeOfData): null

16-10-2024T07:02:29 - [TEST_STEP][PASSED] - setValueToCellByIndex(sheet01, n, 3, typeOfData): null

16-10-2024T07:02:29 - [TEST_STEP][PASSED] - if (typeOfData == "План"): null

16-10-2024T07:02:29 - [TEST_STEP][PASSED] - else if (typeOfData == "Факт"): null

16-10-2024T07:02:29 - [TEST_STEP][PASSED] - else if (vidget.contains("электроэнергии") == true): null

16-10-2024T07:02:29 - [TEST_STEP][PASSED] - if (tabR == null): null

16-10-2024T07:02:29 - [TEST_STEP][PASSED] - else: null

16-10-2024T07:02:29 - [TEST_STEP][PASSED] - if (tabR == "нет данных"): null

16-10-2024T07:02:29 - [TEST_STEP][PASSED] - setValueToCellByIndex(sheet01, n, 4, "нет данных"): null

16-10-2024T07:02:29 - [TEST_STEP][PASSED] - if (tabB == null): null

16-10-2024T07:02:29 - [TEST_STEP][PASSED] - else: null

16-10-2024T07:02:29 - [TEST_STEP][PASSED] - if (tabB == "нет данных"): null

16-10-2024T07:02:29 - [TEST_STEP][PASSED] - else: null

16-10-2024T07:02:29 - [TEST_STEP][PASSED] - TB = tabB.toInteger(): null

16-10-2024T07:02:29 - [TEST_STEP][PASSED] - setValueToCellByIndex(sheet01, n, 5, TB): null

16-10-2024T07:02:29 - [TEST_STEP][PASSED] - setValueToCellByIndex(sheet01, n, 6, m): null

16-10-2024T07:02:29 - [TEST_STEP][PASSED] - setValueToCellByIndex(sheet01, n, 7, y): null

16-10-2024T07:02:29 - [TEST_STEP][PASSED] - setValueToCellByIndex(sheet01, n, 8, todaysDate): null

16-10-2024T07:02:29 - [TEST_STEP][PASSED] - n = n + 1: null

16-10-2024T07:02:29 - [TEST_STEP][PASSED] - saveWorkbook(excelFilePath, workbook01): null

16-10-2024T07:02:29 - [TEST_STEP][PASSED] - typeOfData = "Факт Отпуск из сети": null

16-10-2024T07:02:29 - [TEST_STEP][PASSED] - tabR = GetOiSFactR(x = a): null

16-10-2024T07:02:29 - [TEST_STEP][PASSED] - i1 = <not implemented yet for class: org.codehaus.groovy.ast.expr.EmptyExpression>: null

16-10-2024T07:02:29 - [TEST_STEP][PASSED] - ii = <not implemented yet for class: org.codehaus.groovy.ast.expr.EmptyExpression>: null

16-10-2024T07:02:29 - [TEST_STEP][PASSED] - for ([ii = 1, ii < 5, (ii++)]): null

16-10-2024T07:02:29 - [TEST_STEP][PASSED] - i1 = x.indexOf("/") + 1: null

16-10-2024T07:02:29 - [TEST_STEP][PASSED] - if (i1 > -1): null

16-10-2024T07:02:29 - [TEST_STEP][PASSED] - x = x.substring(i1, x.length()): null

16-10-2024T07:02:29 - [TEST_STEP][PASSED] - println(x): null

16-10-2024T07:02:29 - [TEST_STEP][PASSED] - i1 = x.indexOf("/") + 1: null

16-10-2024T07:02:29 - [TEST_STEP][PASSED] - if (i1 > -1): null

16-10-2024T07:02:29 - [TEST_STEP][PASSED] - x = x.substring(i1, x.length()): null

16-10-2024T07:02:29 - [TEST_STEP][PASSED] - println(x): null

16-10-2024T07:02:29 - [TEST_STEP][PASSED] - i1 = x.indexOf("/") + 1: null

16-10-2024T07:02:29 - [TEST_STEP][PASSED] - if (i1 > -1): null

16-10-2024T07:02:29 - [TEST_STEP][PASSED] - x = x.substring(i1, x.length()): null

16-10-2024T07:02:29 - [TEST_STEP][PASSED] - println(x): null

16-10-2024T07:02:29 - [TEST_STEP][PASSED] - i1 = x.indexOf("/") + 1: null

16-10-2024T07:02:29 - [TEST_STEP][PASSED] - if (i1 > -1): null

16-10-2024T07:02:29 - [TEST_STEP][PASSED] - x = x.substring(i1, x.length()): null

16-10-2024T07:02:29 - [TEST_STEP][PASSED] - println(x): null

16-10-2024T07:02:29 - [TEST_STEP][PASSED] - i1 = x.indexOf("/"): null

16-10-2024T07:02:29 - [TEST_STEP][PASSED] - if (i1 > -1): null

16-10-2024T07:02:29 - [TEST_STEP][PASSED] - x = x.substring(0, i1): null

16-10-2024T07:02:29 - [TEST_STEP][PASSED] - println(x): null

16-10-2024T07:02:29 - [TEST_STEP][PASSED] - return x: null

16-10-2024T07:02:29 - [TEST_STEP][PASSED] - tabB = GetOiSFactB(x = b): null

16-10-2024T07:02:29 - [TEST_STEP][PASSED] - i1 = <not implemented yet for class: org.codehaus.groovy.ast.expr.EmptyExpression>: null

16-10-2024T07:02:29 - [TEST_STEP][PASSED] - ii = <not implemented yet for class: org.codehaus.groovy.ast.expr.EmptyExpression>: null

16-10-2024T07:02:29 - [TEST_STEP][PASSED] - for ([ii = 1, ii < 5, (ii++)]): null

16-10-2024T07:02:29 - [TEST_STEP][PASSED] - i1 = x.indexOf("/") + 1: null

16-10-2024T07:02:29 - [TEST_STEP][PASSED] - if (i1 > -1): null

16-10-2024T07:02:29 - [TEST_STEP][PASSED] - x = x.substring(i1, x.length()): null

16-10-2024T07:02:29 - [TEST_STEP][PASSED] - println(x): null

16-10-2024T07:02:29 - [TEST_STEP][PASSED] - i1 = x.indexOf("/") + 1: null

16-10-2024T07:02:29 - [TEST_STEP][PASSED] - if (i1 > -1): null

16-10-2024T07:02:29 - [TEST_STEP][PASSED] - x = x.substring(i1, x.length()): null

16-10-2024T07:02:29 - [TEST_STEP][PASSED] - println(x): null

16-10-2024T07:02:29 - [TEST_STEP][PASSED] - i1 = x.indexOf("/") + 1: null

16-10-2024T07:02:29 - [TEST_STEP][PASSED] - if (i1 > -1): null

16-10-2024T07:02:29 - [TEST_STEP][PASSED] - x = x.substring(i1, x.length()): null

16-10-2024T07:02:29 - [TEST_STEP][PASSED] - println(x): null

16-10-2024T07:02:29 - [TEST_STEP][PASSED] - i1 = x.indexOf("/") + 1: null

16-10-2024T07:02:29 - [TEST_STEP][PASSED] - if (i1 > -1): null

16-10-2024T07:02:29 - [TEST_STEP][PASSED] - x = x.substring(i1, x.length()): null

16-10-2024T07:02:29 - [TEST_STEP][PASSED] - println(x): null

16-10-2024T07:02:29 - [TEST_STEP][PASSED] - i1 = x.indexOf("/"): null

16-10-2024T07:02:29 - [TEST_STEP][PASSED] - if (i1 > -1): null

16-10-2024T07:02:29 - [TEST_STEP][PASSED] - x = x.substring(0, i1): null

16-10-2024T07:02:29 - [TEST_STEP][PASSED] - println(x): null

16-10-2024T07:02:29 - [TEST_STEP][FAILED] - return x: null

16-10-2024T07:02:29 - [TEST_STEP][FAILED] - if (verifyEqual(tabR, tabB) == false): null

16-10-2024T07:02:29 - [MESSAGE][FAILED] - Unable to verify equal between actual object 'нет данных' and expected object '63339448' (Root cause: com.kms.katalon.core.exception.StepFailedException: Actual object 'нет данных' and expected object '63339448' are not equal
	at com.kms.katalon.core.keyword.builtin.VerifyEqualKeyword$_verifyEqual_closure1.doCall(VerifyEqualKeyword.groovy:58)
	at com.kms.katalon.core.keyword.builtin.VerifyEqualKeyword$_verifyEqual_closure1.call(VerifyEqualKeyword.groovy)
	at com.kms.katalon.core.keyword.internal.KeywordMain.runKeyword(KeywordMain.groovy:75)
	at com.kms.katalon.core.keyword.builtin.VerifyEqualKeyword.verifyEqual(VerifyEqualKeyword.groovy:63)
	at com.kms.katalon.core.keyword.builtin.VerifyEqualKeyword.execute(VerifyEqualKeyword.groovy:44)
	at com.kms.katalon.core.keyword.internal.KeywordExecutor.executeKeywordForPlatform(KeywordExecutor.groovy:74)
	at com.kms.katalon.core.keyword.BuiltinKeywords.verifyEqual(BuiltinKeywords.groovy:146)
	at jdk.internal.reflect.GeneratedMethodAccessor25.invoke(Unknown Source)
	at java.base/jdk.internal.reflect.DelegatingMethodAccessorImpl.invoke(DelegatingMethodAccessorImpl.java:43)
	at Выполнение бизнес-плана сверка дашбордов.CompareDZOData(Выполнение бизнес-плана сверка дашбордов:717)
	at Выполнение бизнес-плана сверка дашбордов.run(Выполнение бизнес-плана сверка дашбордов:613)
	at com.kms.katalon.core.main.ScriptEngine.run(ScriptEngine.java:194)
	at com.kms.katalon.core.main.ScriptEngine.runScriptAsRawText(ScriptEngine.java:119)
	at com.kms.katalon.core.main.TestCaseExecutor.runScript(TestCaseExecutor.java:448)
	at com.kms.katalon.core.main.TestCaseExecutor.doExecute(TestCaseExecutor.java:439)
	at com.kms.katalon.core.main.TestCaseExecutor.processExecutionPhase(TestCaseExecutor.java:418)
	at com.kms.katalon.core.main.TestCaseExecutor.accessMainPhase(TestCaseExecutor.java:410)
	at com.kms.katalon.core.main.TestCaseExecutor.execute(TestCaseExecutor.java:285)
	at com.kms.katalon.core.common.CommonExecutor.accessTestCaseMainPhase(CommonExecutor.java:65)
	at com.kms.katalon.core.main.TestSuiteExecutor.accessTestSuiteMainPhase(TestSuiteExecutor.java:150)
	at com.kms.katalon.core.main.TestSuiteExecutor.execute(TestSuiteExecutor.java:106)
	at com.kms.katalon.core.main.TestCaseMain.startTestSuite(TestCaseMain.java:180)
	at TempTestSuite1729050801829.run(TempTestSuite1729050801829.groovy:35)
	at java.base/jdk.internal.reflect.NativeMethodAccessorImpl.invoke0(Native Method)
	at java.base/jdk.internal.reflect.NativeMethodAccessorImpl.invoke(NativeMethodAccessorImpl.java:77)
	at java.base/jdk.internal.reflect.DelegatingMethodAccessorImpl.invoke(DelegatingMethodAccessorImpl.java:43)
)

16-10-2024T07:02:29 - [TEST_STEP][PASSED] - result = WriteToExcel(typeOfData, todaysDate, PercPlanR, PercPlanB, PercFactR, PercFactB, x, tabR, tabB, o1R, o1B, vidget): null

16-10-2024T07:02:29 - [TEST_STEP][PASSED] - iii = dZO.indexOf("/"): null

16-10-2024T07:02:29 - [TEST_STEP][PASSED] - println(iii): null

16-10-2024T07:02:29 - [TEST_STEP][PASSED] - dZO = dZO.substring(0, iii): null

16-10-2024T07:02:29 - [TEST_STEP][PASSED] - println(dZO): null

16-10-2024T07:02:29 - [TEST_STEP][PASSED] - println(PercPlanR): null

16-10-2024T07:02:29 - [TEST_STEP][PASSED] - println(PercPlanB): null

16-10-2024T07:02:29 - [TEST_STEP][PASSED] - println(PercFactR): null

16-10-2024T07:02:29 - [TEST_STEP][PASSED] - println(PercFactB): null

16-10-2024T07:02:29 - [TEST_STEP][PASSED] - println(tabR): null

16-10-2024T07:02:29 - [TEST_STEP][PASSED] - println(tabB): null

16-10-2024T07:02:29 - [TEST_STEP][PASSED] - println(o1R): null

16-10-2024T07:02:29 - [TEST_STEP][PASSED] - println(o1B): null

16-10-2024T07:02:29 - [TEST_STEP][PASSED] - PR = <not implemented yet for class: org.codehaus.groovy.ast.expr.EmptyExpression>: null

16-10-2024T07:02:29 - [TEST_STEP][PASSED] - FR = <not implemented yet for class: org.codehaus.groovy.ast.expr.EmptyExpression>: null

16-10-2024T07:02:29 - [TEST_STEP][PASSED] - PB = <not implemented yet for class: org.codehaus.groovy.ast.expr.EmptyExpression>: null

16-10-2024T07:02:29 - [TEST_STEP][PASSED] - FB = <not implemented yet for class: org.codehaus.groovy.ast.expr.EmptyExpression>: null

16-10-2024T07:02:29 - [TEST_STEP][PASSED] - TR = <not implemented yet for class: org.codehaus.groovy.ast.expr.EmptyExpression>: null

16-10-2024T07:02:29 - [TEST_STEP][PASSED] - TB = <not implemented yet for class: org.codehaus.groovy.ast.expr.EmptyExpression>: null

16-10-2024T07:02:29 - [TEST_STEP][PASSED] - sheetName = "Sheet1": null

16-10-2024T07:02:29 - [TEST_STEP][PASSED] - data = findTestData("PlanFact"): null

16-10-2024T07:02:29 - [TEST_STEP][PASSED] - n = data.getRowNumbers() + 1: null

16-10-2024T07:02:29 - [TEST_STEP][PASSED] - year = todaysDate.substring(todaysDate.length() - 4, todaysDate.length()): null

16-10-2024T07:02:29 - [TEST_STEP][PASSED] - y = year.toInteger(): null

16-10-2024T07:02:29 - [TEST_STEP][PASSED] - m = getText(findTestObject("Выполнение бизнес-плана/Выполнение бизнес-плана Балансы/Фильтр Дата")): Text of object 'Object Repository/Выполнение бизнес-плана/Выполнение бизнес-плана Балансы/Фильтр Дата' is: '1, 2 кв., Июль, Август 2024 года'

16-10-2024T07:02:29 - [MESSAGE][PASSED] - Text of object 'Object Repository/Выполнение бизнес-плана/Выполнение бизнес-плана Балансы/Фильтр Дата' is: '1, 2 кв., Июль, Август 2024 года'

16-10-2024T07:02:29 - [TEST_STEP][PASSED] - m = m.substring(0, m.indexOf("2024")): null

16-10-2024T07:02:29 - [TEST_STEP][PASSED] - m = m.trim(): null

16-10-2024T07:02:29 - [TEST_STEP][PASSED] - dashboardName = "Выполнение бизнес-плана": null

16-10-2024T07:02:29 - [TEST_STEP][PASSED] - workbook01 = getWorkbook(excelFilePath): null

16-10-2024T07:02:29 - [TEST_STEP][PASSED] - sheet01 = getExcelSheet(workbook01, sheetName): null

16-10-2024T07:02:29 - [TEST_STEP][PASSED] - setValueToCellByIndex(sheet01, n, 0, dashboardName): null

16-10-2024T07:02:29 - [TEST_STEP][PASSED] - setValueToCellByIndex(sheet01, n, 1, dZO): null

16-10-2024T07:02:29 - [TEST_STEP][PASSED] - setValueToCellByIndex(sheet01, n, 2, typeOfData): null

16-10-2024T07:02:29 - [TEST_STEP][PASSED] - setValueToCellByIndex(sheet01, n, 3, typeOfData): null

16-10-2024T07:02:29 - [TEST_STEP][PASSED] - if (typeOfData == "План"): null

16-10-2024T07:02:29 - [TEST_STEP][PASSED] - else if (typeOfData == "Факт"): null

16-10-2024T07:02:29 - [TEST_STEP][PASSED] - else if (vidget.contains("электроэнергии") == true): null

16-10-2024T07:02:29 - [TEST_STEP][PASSED] - if (tabR == null): null

16-10-2024T07:02:29 - [TEST_STEP][PASSED] - else: null

16-10-2024T07:02:29 - [TEST_STEP][PASSED] - if (tabR == "нет данных"): null

16-10-2024T07:02:29 - [TEST_STEP][PASSED] - setValueToCellByIndex(sheet01, n, 4, "нет данных"): null

16-10-2024T07:02:29 - [TEST_STEP][PASSED] - if (tabB == null): null

16-10-2024T07:02:29 - [TEST_STEP][PASSED] - else: null

16-10-2024T07:02:29 - [TEST_STEP][PASSED] - if (tabB == "нет данных"): null

16-10-2024T07:02:29 - [TEST_STEP][PASSED] - else: null

16-10-2024T07:02:29 - [TEST_STEP][PASSED] - TB = tabB.toInteger(): null

16-10-2024T07:02:29 - [TEST_STEP][PASSED] - setValueToCellByIndex(sheet01, n, 5, TB): null

16-10-2024T07:02:29 - [TEST_STEP][PASSED] - setValueToCellByIndex(sheet01, n, 6, m): null

16-10-2024T07:02:29 - [TEST_STEP][PASSED] - setValueToCellByIndex(sheet01, n, 7, y): null

16-10-2024T07:02:29 - [TEST_STEP][PASSED] - setValueToCellByIndex(sheet01, n, 8, todaysDate): null

16-10-2024T07:02:29 - [TEST_STEP][PASSED] - n = n + 1: null

16-10-2024T07:02:29 - [TEST_STEP][PASSED] - saveWorkbook(excelFilePath, workbook01): null

16-10-2024T07:02:30 - [TEST_STEP][PASSED] - typeOfData = "Факт Потери": null

16-10-2024T07:02:30 - [TEST_STEP][PASSED] - tabR = GetPFactR(x = a): null

16-10-2024T07:02:30 - [TEST_STEP][PASSED] - i1 = <not implemented yet for class: org.codehaus.groovy.ast.expr.EmptyExpression>: null

16-10-2024T07:02:30 - [TEST_STEP][PASSED] - ii = <not implemented yet for class: org.codehaus.groovy.ast.expr.EmptyExpression>: null

16-10-2024T07:02:30 - [TEST_STEP][PASSED] - for ([ii = 1, ii < 6, (ii++)]): null

16-10-2024T07:02:30 - [TEST_STEP][PASSED] - i1 = x.indexOf("/") + 1: null

16-10-2024T07:02:30 - [TEST_STEP][PASSED] - if (i1 > -1): null

16-10-2024T07:02:30 - [TEST_STEP][PASSED] - x = x.substring(i1, x.length()): null

16-10-2024T07:02:30 - [TEST_STEP][PASSED] - println(x): null

16-10-2024T07:02:30 - [TEST_STEP][PASSED] - i1 = x.indexOf("/") + 1: null

16-10-2024T07:02:30 - [TEST_STEP][PASSED] - if (i1 > -1): null

16-10-2024T07:02:30 - [TEST_STEP][PASSED] - x = x.substring(i1, x.length()): null

16-10-2024T07:02:30 - [TEST_STEP][PASSED] - println(x): null

16-10-2024T07:02:30 - [TEST_STEP][PASSED] - i1 = x.indexOf("/") + 1: null

16-10-2024T07:02:30 - [TEST_STEP][PASSED] - if (i1 > -1): null

16-10-2024T07:02:30 - [TEST_STEP][PASSED] - x = x.substring(i1, x.length()): null

16-10-2024T07:02:30 - [TEST_STEP][PASSED] - println(x): null

16-10-2024T07:02:30 - [TEST_STEP][PASSED] - i1 = x.indexOf("/") + 1: null

16-10-2024T07:02:30 - [TEST_STEP][PASSED] - if (i1 > -1): null

16-10-2024T07:02:30 - [TEST_STEP][PASSED] - x = x.substring(i1, x.length()): null

16-10-2024T07:02:30 - [TEST_STEP][PASSED] - println(x): null

16-10-2024T07:02:30 - [TEST_STEP][PASSED] - i1 = x.indexOf("/") + 1: null

16-10-2024T07:02:30 - [TEST_STEP][PASSED] - if (i1 > -1): null

16-10-2024T07:02:30 - [TEST_STEP][PASSED] - x = x.substring(i1, x.length()): null

16-10-2024T07:02:30 - [TEST_STEP][PASSED] - println(x): null

16-10-2024T07:02:30 - [TEST_STEP][PASSED] - i1 = x.indexOf("/"): null

16-10-2024T07:02:30 - [TEST_STEP][PASSED] - if (i1 > -1): null

16-10-2024T07:02:30 - [TEST_STEP][PASSED] - x = x.substring(0, i1): null

16-10-2024T07:02:30 - [TEST_STEP][PASSED] - println(x): null

16-10-2024T07:02:30 - [TEST_STEP][PASSED] - return x: null

16-10-2024T07:02:30 - [TEST_STEP][PASSED] - tabB = GetPFactB(x = b): null

16-10-2024T07:02:30 - [TEST_STEP][PASSED] - i1 = <not implemented yet for class: org.codehaus.groovy.ast.expr.EmptyExpression>: null

16-10-2024T07:02:30 - [TEST_STEP][PASSED] - ii = <not implemented yet for class: org.codehaus.groovy.ast.expr.EmptyExpression>: null

16-10-2024T07:02:30 - [TEST_STEP][PASSED] - for ([ii = 1, ii < 6, (ii++)]): null

16-10-2024T07:02:30 - [TEST_STEP][PASSED] - i1 = x.indexOf("/") + 1: null

16-10-2024T07:02:30 - [TEST_STEP][PASSED] - if (i1 > -1): null

16-10-2024T07:02:30 - [TEST_STEP][PASSED] - x = x.substring(i1, x.length()): null

16-10-2024T07:02:30 - [TEST_STEP][PASSED] - println(x): null

16-10-2024T07:02:30 - [TEST_STEP][PASSED] - i1 = x.indexOf("/") + 1: null

16-10-2024T07:02:30 - [TEST_STEP][PASSED] - if (i1 > -1): null

16-10-2024T07:02:30 - [TEST_STEP][PASSED] - x = x.substring(i1, x.length()): null

16-10-2024T07:02:30 - [TEST_STEP][PASSED] - println(x): null

16-10-2024T07:02:30 - [TEST_STEP][PASSED] - i1 = x.indexOf("/") + 1: null

16-10-2024T07:02:30 - [TEST_STEP][PASSED] - if (i1 > -1): null

16-10-2024T07:02:30 - [TEST_STEP][PASSED] - x = x.substring(i1, x.length()): null

16-10-2024T07:02:30 - [TEST_STEP][PASSED] - println(x): null

16-10-2024T07:02:30 - [TEST_STEP][PASSED] - i1 = x.indexOf("/") + 1: null

16-10-2024T07:02:30 - [TEST_STEP][PASSED] - if (i1 > -1): null

16-10-2024T07:02:30 - [TEST_STEP][PASSED] - x = x.substring(i1, x.length()): null

16-10-2024T07:02:30 - [TEST_STEP][PASSED] - println(x): null

16-10-2024T07:02:30 - [TEST_STEP][PASSED] - i1 = x.indexOf("/") + 1: null

16-10-2024T07:02:30 - [TEST_STEP][PASSED] - if (i1 > -1): null

16-10-2024T07:02:30 - [TEST_STEP][PASSED] - x = x.substring(i1, x.length()): null

16-10-2024T07:02:30 - [TEST_STEP][PASSED] - println(x): null

16-10-2024T07:02:30 - [TEST_STEP][PASSED] - i1 = x.indexOf("/"): null

16-10-2024T07:02:30 - [TEST_STEP][PASSED] - if (i1 > -1): null

16-10-2024T07:02:30 - [TEST_STEP][PASSED] - x = x.substring(0, i1): null

16-10-2024T07:02:30 - [TEST_STEP][PASSED] - println(x): null

16-10-2024T07:02:30 - [TEST_STEP][FAILED] - return x: null

16-10-2024T07:02:30 - [TEST_STEP][PASSED] - println(tabR + "/" + tabB): null

16-10-2024T07:02:30 - [TEST_STEP][FAILED] - if (verifyEqual(tabR, tabB) == false): null

16-10-2024T07:02:30 - [MESSAGE][FAILED] - Unable to verify equal between actual object 'нет данных' and expected object '4959680' (Root cause: com.kms.katalon.core.exception.StepFailedException: Actual object 'нет данных' and expected object '4959680' are not equal
	at com.kms.katalon.core.keyword.builtin.VerifyEqualKeyword$_verifyEqual_closure1.doCall(VerifyEqualKeyword.groovy:58)
	at com.kms.katalon.core.keyword.builtin.VerifyEqualKeyword$_verifyEqual_closure1.call(VerifyEqualKeyword.groovy)
	at com.kms.katalon.core.keyword.internal.KeywordMain.runKeyword(KeywordMain.groovy:75)
	at com.kms.katalon.core.keyword.builtin.VerifyEqualKeyword.verifyEqual(VerifyEqualKeyword.groovy:63)
	at com.kms.katalon.core.keyword.builtin.VerifyEqualKeyword.execute(VerifyEqualKeyword.groovy:44)
	at com.kms.katalon.core.keyword.internal.KeywordExecutor.executeKeywordForPlatform(KeywordExecutor.groovy:74)
	at com.kms.katalon.core.keyword.BuiltinKeywords.verifyEqual(BuiltinKeywords.groovy:146)
	at jdk.internal.reflect.GeneratedMethodAccessor25.invoke(Unknown Source)
	at java.base/jdk.internal.reflect.DelegatingMethodAccessorImpl.invoke(DelegatingMethodAccessorImpl.java:43)
	at Выполнение бизнес-плана сверка дашбордов.CompareDZOData(Выполнение бизнес-плана сверка дашбордов:730)
	at Выполнение бизнес-плана сверка дашбордов.run(Выполнение бизнес-плана сверка дашбордов:613)
	at com.kms.katalon.core.main.ScriptEngine.run(ScriptEngine.java:194)
	at com.kms.katalon.core.main.ScriptEngine.runScriptAsRawText(ScriptEngine.java:119)
	at com.kms.katalon.core.main.TestCaseExecutor.runScript(TestCaseExecutor.java:448)
	at com.kms.katalon.core.main.TestCaseExecutor.doExecute(TestCaseExecutor.java:439)
	at com.kms.katalon.core.main.TestCaseExecutor.processExecutionPhase(TestCaseExecutor.java:418)
	at com.kms.katalon.core.main.TestCaseExecutor.accessMainPhase(TestCaseExecutor.java:410)
	at com.kms.katalon.core.main.TestCaseExecutor.execute(TestCaseExecutor.java:285)
	at com.kms.katalon.core.common.CommonExecutor.accessTestCaseMainPhase(CommonExecutor.java:65)
	at com.kms.katalon.core.main.TestSuiteExecutor.accessTestSuiteMainPhase(TestSuiteExecutor.java:150)
	at com.kms.katalon.core.main.TestSuiteExecutor.execute(TestSuiteExecutor.java:106)
	at com.kms.katalon.core.main.TestCaseMain.startTestSuite(TestCaseMain.java:180)
	at TempTestSuite1729050801829.run(TempTestSuite1729050801829.groovy:35)
	at java.base/jdk.internal.reflect.NativeMethodAccessorImpl.invoke0(Native Method)
	at java.base/jdk.internal.reflect.NativeMethodAccessorImpl.invoke(NativeMethodAccessorImpl.java:77)
	at java.base/jdk.internal.reflect.DelegatingMethodAccessorImpl.invoke(DelegatingMethodAccessorImpl.java:43)
)

16-10-2024T07:02:30 - [TEST_STEP][PASSED] - result = WriteToExcel(typeOfData, todaysDate, PercPlanR, PercPlanB, PercFactR, PercFactB, x, tabR, tabB, o1R, o1B, vidget): null

16-10-2024T07:02:30 - [TEST_STEP][PASSED] - iii = dZO.indexOf("/"): null

16-10-2024T07:02:30 - [TEST_STEP][PASSED] - println(iii): null

16-10-2024T07:02:30 - [TEST_STEP][PASSED] - dZO = dZO.substring(0, iii): null

16-10-2024T07:02:30 - [TEST_STEP][PASSED] - println(dZO): null

16-10-2024T07:02:30 - [TEST_STEP][PASSED] - println(PercPlanR): null

16-10-2024T07:02:30 - [TEST_STEP][PASSED] - println(PercPlanB): null

16-10-2024T07:02:30 - [TEST_STEP][PASSED] - println(PercFactR): null

16-10-2024T07:02:30 - [TEST_STEP][PASSED] - println(PercFactB): null

16-10-2024T07:02:30 - [TEST_STEP][PASSED] - println(tabR): null

16-10-2024T07:02:30 - [TEST_STEP][PASSED] - println(tabB): null

16-10-2024T07:02:30 - [TEST_STEP][PASSED] - println(o1R): null

16-10-2024T07:02:30 - [TEST_STEP][PASSED] - println(o1B): null

16-10-2024T07:02:30 - [TEST_STEP][PASSED] - PR = <not implemented yet for class: org.codehaus.groovy.ast.expr.EmptyExpression>: null

16-10-2024T07:02:30 - [TEST_STEP][PASSED] - FR = <not implemented yet for class: org.codehaus.groovy.ast.expr.EmptyExpression>: null

16-10-2024T07:02:30 - [TEST_STEP][PASSED] - PB = <not implemented yet for class: org.codehaus.groovy.ast.expr.EmptyExpression>: null

16-10-2024T07:02:30 - [TEST_STEP][PASSED] - FB = <not implemented yet for class: org.codehaus.groovy.ast.expr.EmptyExpression>: null

16-10-2024T07:02:30 - [TEST_STEP][PASSED] - TR = <not implemented yet for class: org.codehaus.groovy.ast.expr.EmptyExpression>: null

16-10-2024T07:02:30 - [TEST_STEP][PASSED] - TB = <not implemented yet for class: org.codehaus.groovy.ast.expr.EmptyExpression>: null

16-10-2024T07:02:30 - [TEST_STEP][PASSED] - sheetName = "Sheet1": null

16-10-2024T07:02:30 - [TEST_STEP][PASSED] - data = findTestData("PlanFact"): null

16-10-2024T07:02:30 - [TEST_STEP][PASSED] - n = data.getRowNumbers() + 1: null

16-10-2024T07:02:30 - [TEST_STEP][PASSED] - year = todaysDate.substring(todaysDate.length() - 4, todaysDate.length()): null

16-10-2024T07:02:30 - [TEST_STEP][PASSED] - y = year.toInteger(): null

16-10-2024T07:02:30 - [TEST_STEP][PASSED] - m = getText(findTestObject("Выполнение бизнес-плана/Выполнение бизнес-плана Балансы/Фильтр Дата")): Text of object 'Object Repository/Выполнение бизнес-плана/Выполнение бизнес-плана Балансы/Фильтр Дата' is: '1, 2 кв., Июль, Август 2024 года'

16-10-2024T07:02:30 - [MESSAGE][PASSED] - Text of object 'Object Repository/Выполнение бизнес-плана/Выполнение бизнес-плана Балансы/Фильтр Дата' is: '1, 2 кв., Июль, Август 2024 года'

16-10-2024T07:02:30 - [TEST_STEP][PASSED] - m = m.substring(0, m.indexOf("2024")): null

16-10-2024T07:02:30 - [TEST_STEP][PASSED] - m = m.trim(): null

16-10-2024T07:02:30 - [TEST_STEP][PASSED] - dashboardName = "Выполнение бизнес-плана": null

16-10-2024T07:02:30 - [TEST_STEP][PASSED] - workbook01 = getWorkbook(excelFilePath): null

16-10-2024T07:02:30 - [TEST_STEP][PASSED] - sheet01 = getExcelSheet(workbook01, sheetName): null

16-10-2024T07:02:30 - [TEST_STEP][PASSED] - setValueToCellByIndex(sheet01, n, 0, dashboardName): null

16-10-2024T07:02:30 - [TEST_STEP][PASSED] - setValueToCellByIndex(sheet01, n, 1, dZO): null

16-10-2024T07:02:30 - [TEST_STEP][PASSED] - setValueToCellByIndex(sheet01, n, 2, typeOfData): null

16-10-2024T07:02:30 - [TEST_STEP][PASSED] - setValueToCellByIndex(sheet01, n, 3, typeOfData): null

16-10-2024T07:02:30 - [TEST_STEP][PASSED] - if (typeOfData == "План"): null

16-10-2024T07:02:30 - [TEST_STEP][PASSED] - else if (typeOfData == "Факт"): null

16-10-2024T07:02:30 - [TEST_STEP][PASSED] - else if (vidget.contains("электроэнергии") == true): null

16-10-2024T07:02:30 - [TEST_STEP][PASSED] - if (tabR == null): null

16-10-2024T07:02:30 - [TEST_STEP][PASSED] - else: null

16-10-2024T07:02:30 - [TEST_STEP][PASSED] - if (tabR == "нет данных"): null

16-10-2024T07:02:30 - [TEST_STEP][PASSED] - setValueToCellByIndex(sheet01, n, 4, "нет данных"): null

16-10-2024T07:02:30 - [TEST_STEP][PASSED] - if (tabB == null): null

16-10-2024T07:02:30 - [TEST_STEP][PASSED] - else: null

16-10-2024T07:02:30 - [TEST_STEP][PASSED] - if (tabB == "нет данных"): null

16-10-2024T07:02:30 - [TEST_STEP][PASSED] - else: null

16-10-2024T07:02:30 - [TEST_STEP][PASSED] - TB = tabB.toInteger(): null

16-10-2024T07:02:30 - [TEST_STEP][PASSED] - setValueToCellByIndex(sheet01, n, 5, TB): null

16-10-2024T07:02:30 - [TEST_STEP][PASSED] - setValueToCellByIndex(sheet01, n, 6, m): null

16-10-2024T07:02:30 - [TEST_STEP][PASSED] - setValueToCellByIndex(sheet01, n, 7, y): null

16-10-2024T07:02:30 - [TEST_STEP][PASSED] - setValueToCellByIndex(sheet01, n, 8, todaysDate): null

16-10-2024T07:02:30 - [TEST_STEP][PASSED] - n = n + 1: null

16-10-2024T07:02:30 - [TEST_STEP][PASSED] - saveWorkbook(excelFilePath, workbook01): null

16-10-2024T07:02:30 - [TEST_STEP][PASSED] - vidget = "Показатели баланса электроэнергии по ДЗО – План": null

16-10-2024T07:02:30 - [TEST_STEP][PASSED] - typeOfData = "План Отпуск в сеть": null

16-10-2024T07:02:30 - [TEST_STEP][PASSED] - tabR = GetOvSPlanR(x = a): null

16-10-2024T07:02:30 - [TEST_STEP][PASSED] - i1 = <not implemented yet for class: org.codehaus.groovy.ast.expr.EmptyExpression>: null

16-10-2024T07:02:30 - [TEST_STEP][PASSED] - ii = <not implemented yet for class: org.codehaus.groovy.ast.expr.EmptyExpression>: null

16-10-2024T07:02:30 - [TEST_STEP][PASSED] - for ([ii = 1, ii < 7, (ii++)]): null

16-10-2024T07:02:30 - [TEST_STEP][PASSED] - i1 = x.indexOf("/") + 1: null

16-10-2024T07:02:30 - [TEST_STEP][PASSED] - if (i1 > -1): null

16-10-2024T07:02:30 - [TEST_STEP][PASSED] - x = x.substring(i1, x.length()): null

16-10-2024T07:02:30 - [TEST_STEP][PASSED] - println(x): null

16-10-2024T07:02:30 - [TEST_STEP][PASSED] - i1 = x.indexOf("/") + 1: null

16-10-2024T07:02:30 - [TEST_STEP][PASSED] - if (i1 > -1): null

16-10-2024T07:02:30 - [TEST_STEP][PASSED] - x = x.substring(i1, x.length()): null

16-10-2024T07:02:30 - [TEST_STEP][PASSED] - println(x): null

16-10-2024T07:02:30 - [TEST_STEP][PASSED] - i1 = x.indexOf("/") + 1: null

16-10-2024T07:02:30 - [TEST_STEP][PASSED] - if (i1 > -1): null

16-10-2024T07:02:30 - [TEST_STEP][PASSED] - x = x.substring(i1, x.length()): null

16-10-2024T07:02:30 - [TEST_STEP][PASSED] - println(x): null

16-10-2024T07:02:30 - [TEST_STEP][PASSED] - i1 = x.indexOf("/") + 1: null

16-10-2024T07:02:30 - [TEST_STEP][PASSED] - if (i1 > -1): null

16-10-2024T07:02:30 - [TEST_STEP][PASSED] - x = x.substring(i1, x.length()): null

16-10-2024T07:02:30 - [TEST_STEP][PASSED] - println(x): null

16-10-2024T07:02:30 - [TEST_STEP][PASSED] - i1 = x.indexOf("/") + 1: null

16-10-2024T07:02:30 - [TEST_STEP][PASSED] - if (i1 > -1): null

16-10-2024T07:02:30 - [TEST_STEP][PASSED] - x = x.substring(i1, x.length()): null

16-10-2024T07:02:30 - [TEST_STEP][PASSED] - println(x): null

16-10-2024T07:02:30 - [TEST_STEP][PASSED] - i1 = x.indexOf("/") + 1: null

16-10-2024T07:02:30 - [TEST_STEP][PASSED] - if (i1 > -1): null

16-10-2024T07:02:30 - [TEST_STEP][PASSED] - x = x.substring(i1, x.length()): null

16-10-2024T07:02:30 - [TEST_STEP][PASSED] - println(x): null

16-10-2024T07:02:30 - [TEST_STEP][PASSED] - i1 = x.indexOf("/"): null

16-10-2024T07:02:30 - [TEST_STEP][PASSED] - if (i1 > -1): null

16-10-2024T07:02:30 - [TEST_STEP][PASSED] - x = x.substring(0, i1): null

16-10-2024T07:02:30 - [TEST_STEP][PASSED] - println(x): null

16-10-2024T07:02:30 - [TEST_STEP][PASSED] - return x: null

16-10-2024T07:02:30 - [TEST_STEP][PASSED] - tabB = GetOvSPlanB(x = b): null

16-10-2024T07:02:30 - [TEST_STEP][PASSED] - i1 = <not implemented yet for class: org.codehaus.groovy.ast.expr.EmptyExpression>: null

16-10-2024T07:02:30 - [TEST_STEP][PASSED] - ii = <not implemented yet for class: org.codehaus.groovy.ast.expr.EmptyExpression>: null

16-10-2024T07:02:30 - [TEST_STEP][PASSED] - for ([ii = 1, ii < 7, (ii++)]): null

16-10-2024T07:02:30 - [TEST_STEP][PASSED] - i1 = x.indexOf("/") + 1: null

16-10-2024T07:02:30 - [TEST_STEP][PASSED] - if (i1 > -1): null

16-10-2024T07:02:30 - [TEST_STEP][PASSED] - x = x.substring(i1, x.length()): null

16-10-2024T07:02:30 - [TEST_STEP][PASSED] - println(x): null

16-10-2024T07:02:30 - [TEST_STEP][PASSED] - i1 = x.indexOf("/") + 1: null

16-10-2024T07:02:30 - [TEST_STEP][PASSED] - if (i1 > -1): null

16-10-2024T07:02:30 - [TEST_STEP][PASSED] - x = x.substring(i1, x.length()): null

16-10-2024T07:02:30 - [TEST_STEP][PASSED] - println(x): null

16-10-2024T07:02:30 - [TEST_STEP][PASSED] - i1 = x.indexOf("/") + 1: null

16-10-2024T07:02:30 - [TEST_STEP][PASSED] - if (i1 > -1): null

16-10-2024T07:02:30 - [TEST_STEP][PASSED] - x = x.substring(i1, x.length()): null

16-10-2024T07:02:30 - [TEST_STEP][PASSED] - println(x): null

16-10-2024T07:02:30 - [TEST_STEP][PASSED] - i1 = x.indexOf("/") + 1: null

16-10-2024T07:02:30 - [TEST_STEP][PASSED] - if (i1 > -1): null

16-10-2024T07:02:30 - [TEST_STEP][PASSED] - x = x.substring(i1, x.length()): null

16-10-2024T07:02:30 - [TEST_STEP][PASSED] - println(x): null

16-10-2024T07:02:30 - [TEST_STEP][PASSED] - i1 = x.indexOf("/") + 1: null

16-10-2024T07:02:30 - [TEST_STEP][PASSED] - if (i1 > -1): null

16-10-2024T07:02:30 - [TEST_STEP][PASSED] - x = x.substring(i1, x.length()): null

16-10-2024T07:02:30 - [TEST_STEP][PASSED] - println(x): null

16-10-2024T07:02:30 - [TEST_STEP][PASSED] - i1 = x.indexOf("/") + 1: null

16-10-2024T07:02:30 - [TEST_STEP][PASSED] - if (i1 > -1): null

16-10-2024T07:02:30 - [TEST_STEP][PASSED] - x = x.substring(i1, x.length()): null

16-10-2024T07:02:30 - [TEST_STEP][PASSED] - println(x): null

16-10-2024T07:02:30 - [TEST_STEP][PASSED] - i1 = x.indexOf("/"): null

16-10-2024T07:02:30 - [TEST_STEP][PASSED] - if (i1 > -1): null

16-10-2024T07:02:30 - [TEST_STEP][PASSED] - x = x.substring(0, i1): null

16-10-2024T07:02:30 - [TEST_STEP][PASSED] - println(x): null

16-10-2024T07:02:30 - [TEST_STEP][FAILED] - return x: null

16-10-2024T07:02:30 - [TEST_STEP][PASSED] - println(tabR + "/" + tabB): null

16-10-2024T07:02:30 - [TEST_STEP][FAILED] - if (verifyEqual(PercFactR, PercFactB) == false): null

16-10-2024T07:02:30 - [MESSAGE][FAILED] - Unable to verify equal between actual object 'нет данных' and expected object '7.26' (Root cause: com.kms.katalon.core.exception.StepFailedException: Actual object 'нет данных' and expected object '7.26' are not equal
	at com.kms.katalon.core.keyword.builtin.VerifyEqualKeyword$_verifyEqual_closure1.doCall(VerifyEqualKeyword.groovy:58)
	at com.kms.katalon.core.keyword.builtin.VerifyEqualKeyword$_verifyEqual_closure1.call(VerifyEqualKeyword.groovy)
	at com.kms.katalon.core.keyword.internal.KeywordMain.runKeyword(KeywordMain.groovy:75)
	at com.kms.katalon.core.keyword.builtin.VerifyEqualKeyword.verifyEqual(VerifyEqualKeyword.groovy:63)
	at com.kms.katalon.core.keyword.builtin.VerifyEqualKeyword.execute(VerifyEqualKeyword.groovy:44)
	at com.kms.katalon.core.keyword.internal.KeywordExecutor.executeKeywordForPlatform(KeywordExecutor.groovy:74)
	at com.kms.katalon.core.keyword.BuiltinKeywords.verifyEqual(BuiltinKeywords.groovy:146)
	at jdk.internal.reflect.GeneratedMethodAccessor25.invoke(Unknown Source)
	at java.base/jdk.internal.reflect.DelegatingMethodAccessorImpl.invoke(DelegatingMethodAccessorImpl.java:43)
	at Выполнение бизнес-плана сверка дашбордов.CompareDZOData(Выполнение бизнес-плана сверка дашбордов:745)
	at Выполнение бизнес-плана сверка дашбордов.run(Выполнение бизнес-плана сверка дашбордов:613)
	at com.kms.katalon.core.main.ScriptEngine.run(ScriptEngine.java:194)
	at com.kms.katalon.core.main.ScriptEngine.runScriptAsRawText(ScriptEngine.java:119)
	at com.kms.katalon.core.main.TestCaseExecutor.runScript(TestCaseExecutor.java:448)
	at com.kms.katalon.core.main.TestCaseExecutor.doExecute(TestCaseExecutor.java:439)
	at com.kms.katalon.core.main.TestCaseExecutor.processExecutionPhase(TestCaseExecutor.java:418)
	at com.kms.katalon.core.main.TestCaseExecutor.accessMainPhase(TestCaseExecutor.java:410)
	at com.kms.katalon.core.main.TestCaseExecutor.execute(TestCaseExecutor.java:285)
	at com.kms.katalon.core.common.CommonExecutor.accessTestCaseMainPhase(CommonExecutor.java:65)
	at com.kms.katalon.core.main.TestSuiteExecutor.accessTestSuiteMainPhase(TestSuiteExecutor.java:150)
	at com.kms.katalon.core.main.TestSuiteExecutor.execute(TestSuiteExecutor.java:106)
	at com.kms.katalon.core.main.TestCaseMain.startTestSuite(TestCaseMain.java:180)
	at TempTestSuite1729050801829.run(TempTestSuite1729050801829.groovy:35)
	at java.base/jdk.internal.reflect.NativeMethodAccessorImpl.invoke0(Native Method)
	at java.base/jdk.internal.reflect.NativeMethodAccessorImpl.invoke(NativeMethodAccessorImpl.java:77)
	at java.base/jdk.internal.reflect.DelegatingMethodAccessorImpl.invoke(DelegatingMethodAccessorImpl.java:43)
)

16-10-2024T07:02:30 - [TEST_STEP][PASSED] - result = WriteToExcel(typeOfData, todaysDate, PercPlanR, PercPlanB, PercFactR, PercFactB, x, tabR, tabB, o1R, o1B, vidget): null

16-10-2024T07:02:30 - [TEST_STEP][PASSED] - iii = dZO.indexOf("/"): null

16-10-2024T07:02:30 - [TEST_STEP][PASSED] - println(iii): null

16-10-2024T07:02:30 - [TEST_STEP][PASSED] - dZO = dZO.substring(0, iii): null

16-10-2024T07:02:30 - [TEST_STEP][PASSED] - println(dZO): null

16-10-2024T07:02:30 - [TEST_STEP][PASSED] - println(PercPlanR): null

16-10-2024T07:02:30 - [TEST_STEP][PASSED] - println(PercPlanB): null

16-10-2024T07:02:30 - [TEST_STEP][PASSED] - println(PercFactR): null

16-10-2024T07:02:30 - [TEST_STEP][PASSED] - println(PercFactB): null

16-10-2024T07:02:30 - [TEST_STEP][PASSED] - println(tabR): null

16-10-2024T07:02:30 - [TEST_STEP][PASSED] - println(tabB): null

16-10-2024T07:02:30 - [TEST_STEP][PASSED] - println(o1R): null

16-10-2024T07:02:30 - [TEST_STEP][PASSED] - println(o1B): null

16-10-2024T07:02:30 - [TEST_STEP][PASSED] - PR = <not implemented yet for class: org.codehaus.groovy.ast.expr.EmptyExpression>: null

16-10-2024T07:02:30 - [TEST_STEP][PASSED] - FR = <not implemented yet for class: org.codehaus.groovy.ast.expr.EmptyExpression>: null

16-10-2024T07:02:30 - [TEST_STEP][PASSED] - PB = <not implemented yet for class: org.codehaus.groovy.ast.expr.EmptyExpression>: null

16-10-2024T07:02:30 - [TEST_STEP][PASSED] - FB = <not implemented yet for class: org.codehaus.groovy.ast.expr.EmptyExpression>: null

16-10-2024T07:02:30 - [TEST_STEP][PASSED] - TR = <not implemented yet for class: org.codehaus.groovy.ast.expr.EmptyExpression>: null

16-10-2024T07:02:30 - [TEST_STEP][PASSED] - TB = <not implemented yet for class: org.codehaus.groovy.ast.expr.EmptyExpression>: null

16-10-2024T07:02:30 - [TEST_STEP][PASSED] - sheetName = "Sheet1": null

16-10-2024T07:02:30 - [TEST_STEP][PASSED] - data = findTestData("PlanFact"): null

16-10-2024T07:02:30 - [TEST_STEP][PASSED] - n = data.getRowNumbers() + 1: null

16-10-2024T07:02:30 - [TEST_STEP][PASSED] - year = todaysDate.substring(todaysDate.length() - 4, todaysDate.length()): null

16-10-2024T07:02:30 - [TEST_STEP][PASSED] - y = year.toInteger(): null

16-10-2024T07:02:30 - [TEST_STEP][PASSED] - m = getText(findTestObject("Выполнение бизнес-плана/Выполнение бизнес-плана Балансы/Фильтр Дата")): Text of object 'Object Repository/Выполнение бизнес-плана/Выполнение бизнес-плана Балансы/Фильтр Дата' is: '1, 2 кв., Июль, Август 2024 года'

16-10-2024T07:02:31 - [MESSAGE][PASSED] - Text of object 'Object Repository/Выполнение бизнес-плана/Выполнение бизнес-плана Балансы/Фильтр Дата' is: '1, 2 кв., Июль, Август 2024 года'

16-10-2024T07:02:31 - [TEST_STEP][PASSED] - m = m.substring(0, m.indexOf("2024")): null

16-10-2024T07:02:31 - [TEST_STEP][PASSED] - m = m.trim(): null

16-10-2024T07:02:31 - [TEST_STEP][PASSED] - dashboardName = "Выполнение бизнес-плана": null

16-10-2024T07:02:31 - [TEST_STEP][PASSED] - workbook01 = getWorkbook(excelFilePath): null

16-10-2024T07:02:31 - [TEST_STEP][PASSED] - sheet01 = getExcelSheet(workbook01, sheetName): null

16-10-2024T07:02:31 - [TEST_STEP][PASSED] - setValueToCellByIndex(sheet01, n, 0, dashboardName): null

16-10-2024T07:02:31 - [TEST_STEP][PASSED] - setValueToCellByIndex(sheet01, n, 1, dZO): null

16-10-2024T07:02:31 - [TEST_STEP][PASSED] - setValueToCellByIndex(sheet01, n, 2, typeOfData): null

16-10-2024T07:02:31 - [TEST_STEP][PASSED] - setValueToCellByIndex(sheet01, n, 3, typeOfData): null

16-10-2024T07:02:31 - [TEST_STEP][PASSED] - if (typeOfData == "План"): null

16-10-2024T07:02:31 - [TEST_STEP][PASSED] - else if (typeOfData == "Факт"): null

16-10-2024T07:02:31 - [TEST_STEP][PASSED] - else if (vidget.contains("электроэнергии") == true): null

16-10-2024T07:02:31 - [TEST_STEP][PASSED] - if (tabR == null): null

16-10-2024T07:02:31 - [TEST_STEP][PASSED] - else: null

16-10-2024T07:02:31 - [TEST_STEP][PASSED] - if (tabR == "нет данных"): null

16-10-2024T07:02:31 - [TEST_STEP][PASSED] - setValueToCellByIndex(sheet01, n, 4, "нет данных"): null

16-10-2024T07:02:31 - [TEST_STEP][PASSED] - if (tabB == null): null

16-10-2024T07:02:31 - [TEST_STEP][PASSED] - else: null

16-10-2024T07:02:31 - [TEST_STEP][PASSED] - if (tabB == "нет данных"): null

16-10-2024T07:02:31 - [TEST_STEP][PASSED] - else: null

16-10-2024T07:02:31 - [TEST_STEP][PASSED] - TB = tabB.toInteger(): null

16-10-2024T07:02:31 - [TEST_STEP][PASSED] - setValueToCellByIndex(sheet01, n, 5, TB): null

16-10-2024T07:02:31 - [TEST_STEP][PASSED] - setValueToCellByIndex(sheet01, n, 6, m): null

16-10-2024T07:02:31 - [TEST_STEP][PASSED] - setValueToCellByIndex(sheet01, n, 7, y): null

16-10-2024T07:02:31 - [TEST_STEP][PASSED] - setValueToCellByIndex(sheet01, n, 8, todaysDate): null

16-10-2024T07:02:31 - [TEST_STEP][PASSED] - n = n + 1: null

16-10-2024T07:02:31 - [TEST_STEP][PASSED] - saveWorkbook(excelFilePath, workbook01): null

16-10-2024T07:02:31 - [TEST_STEP][PASSED] - typeOfData = "План Отпуск из сети": null

16-10-2024T07:02:31 - [TEST_STEP][PASSED] - tabR = GetOiSPlanR(x = a): null

16-10-2024T07:02:31 - [TEST_STEP][PASSED] - i1 = <not implemented yet for class: org.codehaus.groovy.ast.expr.EmptyExpression>: null

16-10-2024T07:02:31 - [TEST_STEP][PASSED] - ii = <not implemented yet for class: org.codehaus.groovy.ast.expr.EmptyExpression>: null

16-10-2024T07:02:31 - [TEST_STEP][PASSED] - for ([ii = 1, ii < 8, (ii++)]): null

16-10-2024T07:02:31 - [TEST_STEP][PASSED] - i1 = x.indexOf("/") + 1: null

16-10-2024T07:02:31 - [TEST_STEP][PASSED] - if (i1 > -1): null

16-10-2024T07:02:31 - [TEST_STEP][PASSED] - x = x.substring(i1, x.length()): null

16-10-2024T07:02:31 - [TEST_STEP][PASSED] - println(x): null

16-10-2024T07:02:31 - [TEST_STEP][PASSED] - i1 = x.indexOf("/") + 1: null

16-10-2024T07:02:31 - [TEST_STEP][PASSED] - if (i1 > -1): null

16-10-2024T07:02:31 - [TEST_STEP][PASSED] - x = x.substring(i1, x.length()): null

16-10-2024T07:02:31 - [TEST_STEP][PASSED] - println(x): null

16-10-2024T07:02:31 - [TEST_STEP][PASSED] - i1 = x.indexOf("/") + 1: null

16-10-2024T07:02:31 - [TEST_STEP][PASSED] - if (i1 > -1): null

16-10-2024T07:02:31 - [TEST_STEP][PASSED] - x = x.substring(i1, x.length()): null

16-10-2024T07:02:31 - [TEST_STEP][PASSED] - println(x): null

16-10-2024T07:02:31 - [TEST_STEP][PASSED] - i1 = x.indexOf("/") + 1: null

16-10-2024T07:02:31 - [TEST_STEP][PASSED] - if (i1 > -1): null

16-10-2024T07:02:31 - [TEST_STEP][PASSED] - x = x.substring(i1, x.length()): null

16-10-2024T07:02:31 - [TEST_STEP][PASSED] - println(x): null

16-10-2024T07:02:31 - [TEST_STEP][PASSED] - i1 = x.indexOf("/") + 1: null

16-10-2024T07:02:31 - [TEST_STEP][PASSED] - if (i1 > -1): null

16-10-2024T07:02:31 - [TEST_STEP][PASSED] - x = x.substring(i1, x.length()): null

16-10-2024T07:02:31 - [TEST_STEP][PASSED] - println(x): null

16-10-2024T07:02:31 - [TEST_STEP][PASSED] - i1 = x.indexOf("/") + 1: null

16-10-2024T07:02:31 - [TEST_STEP][PASSED] - if (i1 > -1): null

16-10-2024T07:02:31 - [TEST_STEP][PASSED] - x = x.substring(i1, x.length()): null

16-10-2024T07:02:31 - [TEST_STEP][PASSED] - println(x): null

16-10-2024T07:02:31 - [TEST_STEP][PASSED] - i1 = x.indexOf("/") + 1: null

16-10-2024T07:02:31 - [TEST_STEP][PASSED] - if (i1 > -1): null

16-10-2024T07:02:31 - [TEST_STEP][PASSED] - x = x.substring(i1, x.length()): null

16-10-2024T07:02:31 - [TEST_STEP][PASSED] - println(x): null

16-10-2024T07:02:31 - [TEST_STEP][PASSED] - i1 = x.indexOf("/"): null

16-10-2024T07:02:31 - [TEST_STEP][PASSED] - if (i1 > -1): null

16-10-2024T07:02:31 - [TEST_STEP][PASSED] - x = x.substring(0, i1): null

16-10-2024T07:02:31 - [TEST_STEP][PASSED] - println(x): null

16-10-2024T07:02:31 - [TEST_STEP][PASSED] - return x: null

16-10-2024T07:02:31 - [TEST_STEP][PASSED] - tabB = GetOiSPlanB(x = b): null

16-10-2024T07:02:31 - [TEST_STEP][PASSED] - i1 = <not implemented yet for class: org.codehaus.groovy.ast.expr.EmptyExpression>: null

16-10-2024T07:02:31 - [TEST_STEP][PASSED] - ii = <not implemented yet for class: org.codehaus.groovy.ast.expr.EmptyExpression>: null

16-10-2024T07:02:31 - [TEST_STEP][PASSED] - for ([ii = 1, ii < 8, (ii++)]): null

16-10-2024T07:02:31 - [TEST_STEP][PASSED] - i1 = x.indexOf("/") + 1: null

16-10-2024T07:02:31 - [TEST_STEP][PASSED] - if (i1 > -1): null

16-10-2024T07:02:31 - [TEST_STEP][PASSED] - x = x.substring(i1, x.length()): null

16-10-2024T07:02:31 - [TEST_STEP][PASSED] - println(x): null

16-10-2024T07:02:31 - [TEST_STEP][PASSED] - i1 = x.indexOf("/") + 1: null

16-10-2024T07:02:31 - [TEST_STEP][PASSED] - if (i1 > -1): null

16-10-2024T07:02:31 - [TEST_STEP][PASSED] - x = x.substring(i1, x.length()): null

16-10-2024T07:02:31 - [TEST_STEP][PASSED] - println(x): null

16-10-2024T07:02:31 - [TEST_STEP][PASSED] - i1 = x.indexOf("/") + 1: null

16-10-2024T07:02:31 - [TEST_STEP][PASSED] - if (i1 > -1): null

16-10-2024T07:02:31 - [TEST_STEP][PASSED] - x = x.substring(i1, x.length()): null

16-10-2024T07:02:31 - [TEST_STEP][PASSED] - println(x): null

16-10-2024T07:02:31 - [TEST_STEP][PASSED] - i1 = x.indexOf("/") + 1: null

16-10-2024T07:02:31 - [TEST_STEP][PASSED] - if (i1 > -1): null

16-10-2024T07:02:31 - [TEST_STEP][PASSED] - x = x.substring(i1, x.length()): null

16-10-2024T07:02:31 - [TEST_STEP][PASSED] - println(x): null

16-10-2024T07:02:31 - [TEST_STEP][PASSED] - i1 = x.indexOf("/") + 1: null

16-10-2024T07:02:31 - [TEST_STEP][PASSED] - if (i1 > -1): null

16-10-2024T07:02:31 - [TEST_STEP][PASSED] - x = x.substring(i1, x.length()): null

16-10-2024T07:02:31 - [TEST_STEP][PASSED] - println(x): null

16-10-2024T07:02:31 - [TEST_STEP][PASSED] - i1 = x.indexOf("/") + 1: null

16-10-2024T07:02:31 - [TEST_STEP][PASSED] - if (i1 > -1): null

16-10-2024T07:02:31 - [TEST_STEP][PASSED] - x = x.substring(i1, x.length()): null

16-10-2024T07:02:31 - [TEST_STEP][PASSED] - println(x): null

16-10-2024T07:02:31 - [TEST_STEP][PASSED] - i1 = x.indexOf("/") + 1: null

16-10-2024T07:02:31 - [TEST_STEP][PASSED] - if (i1 > -1): null

16-10-2024T07:02:31 - [TEST_STEP][PASSED] - x = x.substring(i1, x.length()): null

16-10-2024T07:02:31 - [TEST_STEP][PASSED] - println(x): null

16-10-2024T07:02:31 - [TEST_STEP][PASSED] - i1 = x.indexOf("/"): null

16-10-2024T07:02:31 - [TEST_STEP][PASSED] - if (i1 > -1): null

16-10-2024T07:02:31 - [TEST_STEP][PASSED] - x = x.substring(0, i1): null

16-10-2024T07:02:31 - [TEST_STEP][PASSED] - println(x): null

16-10-2024T07:02:31 - [TEST_STEP][FAILED] - return x: null

16-10-2024T07:02:31 - [TEST_STEP][PASSED] - println(tabR + "/" + tabB): null

16-10-2024T07:02:31 - [TEST_STEP][FAILED] - if (verifyEqual(PercFactR, PercFactB) == false): null

16-10-2024T07:02:31 - [MESSAGE][FAILED] - Unable to verify equal between actual object 'нет данных' and expected object '7.26' (Root cause: com.kms.katalon.core.exception.StepFailedException: Actual object 'нет данных' and expected object '7.26' are not equal
	at com.kms.katalon.core.keyword.builtin.VerifyEqualKeyword$_verifyEqual_closure1.doCall(VerifyEqualKeyword.groovy:58)
	at com.kms.katalon.core.keyword.builtin.VerifyEqualKeyword$_verifyEqual_closure1.call(VerifyEqualKeyword.groovy)
	at com.kms.katalon.core.keyword.internal.KeywordMain.runKeyword(KeywordMain.groovy:75)
	at com.kms.katalon.core.keyword.builtin.VerifyEqualKeyword.verifyEqual(VerifyEqualKeyword.groovy:63)
	at com.kms.katalon.core.keyword.builtin.VerifyEqualKeyword.execute(VerifyEqualKeyword.groovy:44)
	at com.kms.katalon.core.keyword.internal.KeywordExecutor.executeKeywordForPlatform(KeywordExecutor.groovy:74)
	at com.kms.katalon.core.keyword.BuiltinKeywords.verifyEqual(BuiltinKeywords.groovy:146)
	at jdk.internal.reflect.GeneratedMethodAccessor25.invoke(Unknown Source)
	at java.base/jdk.internal.reflect.DelegatingMethodAccessorImpl.invoke(DelegatingMethodAccessorImpl.java:43)
	at Выполнение бизнес-плана сверка дашбордов.CompareDZOData(Выполнение бизнес-плана сверка дашбордов:758)
	at Выполнение бизнес-плана сверка дашбордов.run(Выполнение бизнес-плана сверка дашбордов:613)
	at com.kms.katalon.core.main.ScriptEngine.run(ScriptEngine.java:194)
	at com.kms.katalon.core.main.ScriptEngine.runScriptAsRawText(ScriptEngine.java:119)
	at com.kms.katalon.core.main.TestCaseExecutor.runScript(TestCaseExecutor.java:448)
	at com.kms.katalon.core.main.TestCaseExecutor.doExecute(TestCaseExecutor.java:439)
	at com.kms.katalon.core.main.TestCaseExecutor.processExecutionPhase(TestCaseExecutor.java:418)
	at com.kms.katalon.core.main.TestCaseExecutor.accessMainPhase(TestCaseExecutor.java:410)
	at com.kms.katalon.core.main.TestCaseExecutor.execute(TestCaseExecutor.java:285)
	at com.kms.katalon.core.common.CommonExecutor.accessTestCaseMainPhase(CommonExecutor.java:65)
	at com.kms.katalon.core.main.TestSuiteExecutor.accessTestSuiteMainPhase(TestSuiteExecutor.java:150)
	at com.kms.katalon.core.main.TestSuiteExecutor.execute(TestSuiteExecutor.java:106)
	at com.kms.katalon.core.main.TestCaseMain.startTestSuite(TestCaseMain.java:180)
	at TempTestSuite1729050801829.run(TempTestSuite1729050801829.groovy:35)
	at java.base/jdk.internal.reflect.NativeMethodAccessorImpl.invoke0(Native Method)
	at java.base/jdk.internal.reflect.NativeMethodAccessorImpl.invoke(NativeMethodAccessorImpl.java:77)
	at java.base/jdk.internal.reflect.DelegatingMethodAccessorImpl.invoke(DelegatingMethodAccessorImpl.java:43)
)

16-10-2024T07:02:31 - [TEST_STEP][PASSED] - result = WriteToExcel(typeOfData, todaysDate, PercPlanR, PercPlanB, PercFactR, PercFactB, x, tabR, tabB, o1R, o1B, vidget): null

16-10-2024T07:02:31 - [TEST_STEP][PASSED] - iii = dZO.indexOf("/"): null

16-10-2024T07:02:31 - [TEST_STEP][PASSED] - println(iii): null

16-10-2024T07:02:31 - [TEST_STEP][PASSED] - dZO = dZO.substring(0, iii): null

16-10-2024T07:02:31 - [TEST_STEP][PASSED] - println(dZO): null

16-10-2024T07:02:31 - [TEST_STEP][PASSED] - println(PercPlanR): null

16-10-2024T07:02:31 - [TEST_STEP][PASSED] - println(PercPlanB): null

16-10-2024T07:02:31 - [TEST_STEP][PASSED] - println(PercFactR): null

16-10-2024T07:02:31 - [TEST_STEP][PASSED] - println(PercFactB): null

16-10-2024T07:02:31 - [TEST_STEP][PASSED] - println(tabR): null

16-10-2024T07:02:31 - [TEST_STEP][PASSED] - println(tabB): null

16-10-2024T07:02:31 - [TEST_STEP][PASSED] - println(o1R): null

16-10-2024T07:02:31 - [TEST_STEP][PASSED] - println(o1B): null

16-10-2024T07:02:31 - [TEST_STEP][PASSED] - PR = <not implemented yet for class: org.codehaus.groovy.ast.expr.EmptyExpression>: null

16-10-2024T07:02:31 - [TEST_STEP][PASSED] - FR = <not implemented yet for class: org.codehaus.groovy.ast.expr.EmptyExpression>: null

16-10-2024T07:02:31 - [TEST_STEP][PASSED] - PB = <not implemented yet for class: org.codehaus.groovy.ast.expr.EmptyExpression>: null

16-10-2024T07:02:31 - [TEST_STEP][PASSED] - FB = <not implemented yet for class: org.codehaus.groovy.ast.expr.EmptyExpression>: null

16-10-2024T07:02:31 - [TEST_STEP][PASSED] - TR = <not implemented yet for class: org.codehaus.groovy.ast.expr.EmptyExpression>: null

16-10-2024T07:02:31 - [TEST_STEP][PASSED] - TB = <not implemented yet for class: org.codehaus.groovy.ast.expr.EmptyExpression>: null

16-10-2024T07:02:31 - [TEST_STEP][PASSED] - sheetName = "Sheet1": null

16-10-2024T07:02:31 - [TEST_STEP][PASSED] - data = findTestData("PlanFact"): null

16-10-2024T07:02:31 - [TEST_STEP][PASSED] - n = data.getRowNumbers() + 1: null

16-10-2024T07:02:31 - [TEST_STEP][PASSED] - year = todaysDate.substring(todaysDate.length() - 4, todaysDate.length()): null

16-10-2024T07:02:31 - [TEST_STEP][PASSED] - y = year.toInteger(): null

16-10-2024T07:02:31 - [TEST_STEP][PASSED] - m = getText(findTestObject("Выполнение бизнес-плана/Выполнение бизнес-плана Балансы/Фильтр Дата")): Text of object 'Object Repository/Выполнение бизнес-плана/Выполнение бизнес-плана Балансы/Фильтр Дата' is: '1, 2 кв., Июль, Август 2024 года'

16-10-2024T07:02:31 - [MESSAGE][PASSED] - Text of object 'Object Repository/Выполнение бизнес-плана/Выполнение бизнес-плана Балансы/Фильтр Дата' is: '1, 2 кв., Июль, Август 2024 года'

16-10-2024T07:02:31 - [TEST_STEP][PASSED] - m = m.substring(0, m.indexOf("2024")): null

16-10-2024T07:02:31 - [TEST_STEP][PASSED] - m = m.trim(): null

16-10-2024T07:02:31 - [TEST_STEP][PASSED] - dashboardName = "Выполнение бизнес-плана": null

16-10-2024T07:02:31 - [TEST_STEP][PASSED] - workbook01 = getWorkbook(excelFilePath): null

16-10-2024T07:02:31 - [TEST_STEP][PASSED] - sheet01 = getExcelSheet(workbook01, sheetName): null

16-10-2024T07:02:31 - [TEST_STEP][PASSED] - setValueToCellByIndex(sheet01, n, 0, dashboardName): null

16-10-2024T07:02:31 - [TEST_STEP][PASSED] - setValueToCellByIndex(sheet01, n, 1, dZO): null

16-10-2024T07:02:31 - [TEST_STEP][PASSED] - setValueToCellByIndex(sheet01, n, 2, typeOfData): null

16-10-2024T07:02:31 - [TEST_STEP][PASSED] - setValueToCellByIndex(sheet01, n, 3, typeOfData): null

16-10-2024T07:02:31 - [TEST_STEP][PASSED] - if (typeOfData == "План"): null

16-10-2024T07:02:31 - [TEST_STEP][PASSED] - else if (typeOfData == "Факт"): null

16-10-2024T07:02:31 - [TEST_STEP][PASSED] - else if (vidget.contains("электроэнергии") == true): null

16-10-2024T07:02:31 - [TEST_STEP][PASSED] - if (tabR == null): null

16-10-2024T07:02:31 - [TEST_STEP][PASSED] - else: null

16-10-2024T07:02:31 - [TEST_STEP][PASSED] - if (tabR == "нет данных"): null

16-10-2024T07:02:31 - [TEST_STEP][PASSED] - setValueToCellByIndex(sheet01, n, 4, "нет данных"): null

16-10-2024T07:02:31 - [TEST_STEP][PASSED] - if (tabB == null): null

16-10-2024T07:02:31 - [TEST_STEP][PASSED] - else: null

16-10-2024T07:02:31 - [TEST_STEP][PASSED] - if (tabB == "нет данных"): null

16-10-2024T07:02:31 - [TEST_STEP][PASSED] - else: null

16-10-2024T07:02:31 - [TEST_STEP][PASSED] - TB = tabB.toInteger(): null

16-10-2024T07:02:31 - [TEST_STEP][PASSED] - setValueToCellByIndex(sheet01, n, 5, TB): null

16-10-2024T07:02:31 - [TEST_STEP][PASSED] - setValueToCellByIndex(sheet01, n, 6, m): null

16-10-2024T07:02:31 - [TEST_STEP][PASSED] - setValueToCellByIndex(sheet01, n, 7, y): null

16-10-2024T07:02:31 - [TEST_STEP][PASSED] - setValueToCellByIndex(sheet01, n, 8, todaysDate): null

16-10-2024T07:02:31 - [TEST_STEP][PASSED] - n = n + 1: null

16-10-2024T07:02:31 - [TEST_STEP][PASSED] - saveWorkbook(excelFilePath, workbook01): null

16-10-2024T07:02:32 - [TEST_STEP][PASSED] - typeOfData = "План Потери": null

16-10-2024T07:02:32 - [TEST_STEP][PASSED] - tabR = GetPPlanR(x = a): null

16-10-2024T07:02:32 - [TEST_STEP][PASSED] - i1 = <not implemented yet for class: org.codehaus.groovy.ast.expr.EmptyExpression>: null

16-10-2024T07:02:32 - [TEST_STEP][PASSED] - ii = <not implemented yet for class: org.codehaus.groovy.ast.expr.EmptyExpression>: null

16-10-2024T07:02:32 - [TEST_STEP][PASSED] - for ([ii = 1, ii < 9, (ii++)]): null

16-10-2024T07:02:32 - [TEST_STEP][PASSED] - i1 = x.indexOf("/") + 1: null

16-10-2024T07:02:32 - [TEST_STEP][PASSED] - if (i1 > -1): null

16-10-2024T07:02:32 - [TEST_STEP][PASSED] - x = x.substring(i1, x.length()): null

16-10-2024T07:02:32 - [TEST_STEP][PASSED] - println(x): null

16-10-2024T07:02:32 - [TEST_STEP][PASSED] - i1 = x.indexOf("/") + 1: null

16-10-2024T07:02:32 - [TEST_STEP][PASSED] - if (i1 > -1): null

16-10-2024T07:02:32 - [TEST_STEP][PASSED] - x = x.substring(i1, x.length()): null

16-10-2024T07:02:32 - [TEST_STEP][PASSED] - println(x): null

16-10-2024T07:02:32 - [TEST_STEP][PASSED] - i1 = x.indexOf("/") + 1: null

16-10-2024T07:02:32 - [TEST_STEP][PASSED] - if (i1 > -1): null

16-10-2024T07:02:32 - [TEST_STEP][PASSED] - x = x.substring(i1, x.length()): null

16-10-2024T07:02:32 - [TEST_STEP][PASSED] - println(x): null

16-10-2024T07:02:32 - [TEST_STEP][PASSED] - i1 = x.indexOf("/") + 1: null

16-10-2024T07:02:32 - [TEST_STEP][PASSED] - if (i1 > -1): null

16-10-2024T07:02:32 - [TEST_STEP][PASSED] - x = x.substring(i1, x.length()): null

16-10-2024T07:02:32 - [TEST_STEP][PASSED] - println(x): null

16-10-2024T07:02:32 - [TEST_STEP][PASSED] - i1 = x.indexOf("/") + 1: null

16-10-2024T07:02:32 - [TEST_STEP][PASSED] - if (i1 > -1): null

16-10-2024T07:02:32 - [TEST_STEP][PASSED] - x = x.substring(i1, x.length()): null

16-10-2024T07:02:32 - [TEST_STEP][PASSED] - println(x): null

16-10-2024T07:02:32 - [TEST_STEP][PASSED] - i1 = x.indexOf("/") + 1: null

16-10-2024T07:02:32 - [TEST_STEP][PASSED] - if (i1 > -1): null

16-10-2024T07:02:32 - [TEST_STEP][PASSED] - x = x.substring(i1, x.length()): null

16-10-2024T07:02:32 - [TEST_STEP][PASSED] - println(x): null

16-10-2024T07:02:32 - [TEST_STEP][PASSED] - i1 = x.indexOf("/") + 1: null

16-10-2024T07:02:32 - [TEST_STEP][PASSED] - if (i1 > -1): null

16-10-2024T07:02:32 - [TEST_STEP][PASSED] - x = x.substring(i1, x.length()): null

16-10-2024T07:02:32 - [TEST_STEP][PASSED] - println(x): null

16-10-2024T07:02:32 - [TEST_STEP][PASSED] - i1 = x.indexOf("/") + 1: null

16-10-2024T07:02:32 - [TEST_STEP][PASSED] - if (i1 > -1): null

16-10-2024T07:02:32 - [TEST_STEP][PASSED] - x = x.substring(i1, x.length()): null

16-10-2024T07:02:32 - [TEST_STEP][PASSED] - println(x): null

16-10-2024T07:02:32 - [TEST_STEP][PASSED] - i1 = x.indexOf("/"): null

16-10-2024T07:02:32 - [TEST_STEP][PASSED] - if (i1 > -1): null

16-10-2024T07:02:32 - [TEST_STEP][PASSED] - x = x.substring(0, i1): null

16-10-2024T07:02:32 - [TEST_STEP][PASSED] - println(x): null

16-10-2024T07:02:32 - [TEST_STEP][PASSED] - return x: null

16-10-2024T07:02:32 - [TEST_STEP][PASSED] - tabB = GetPPlanB(x = b): null

16-10-2024T07:02:32 - [TEST_STEP][PASSED] - i1 = <not implemented yet for class: org.codehaus.groovy.ast.expr.EmptyExpression>: null

16-10-2024T07:02:32 - [TEST_STEP][PASSED] - ii = <not implemented yet for class: org.codehaus.groovy.ast.expr.EmptyExpression>: null

16-10-2024T07:02:32 - [TEST_STEP][PASSED] - for ([ii = 1, ii < 9, (ii++)]): null

16-10-2024T07:02:32 - [TEST_STEP][PASSED] - i1 = x.indexOf("/") + 1: null

16-10-2024T07:02:32 - [TEST_STEP][PASSED] - if (i1 > -1): null

16-10-2024T07:02:32 - [TEST_STEP][PASSED] - x = x.substring(i1, x.length()): null

16-10-2024T07:02:32 - [TEST_STEP][PASSED] - println(x): null

16-10-2024T07:02:32 - [TEST_STEP][PASSED] - i1 = x.indexOf("/") + 1: null

16-10-2024T07:02:32 - [TEST_STEP][PASSED] - if (i1 > -1): null

16-10-2024T07:02:32 - [TEST_STEP][PASSED] - x = x.substring(i1, x.length()): null

16-10-2024T07:02:32 - [TEST_STEP][PASSED] - println(x): null

16-10-2024T07:02:32 - [TEST_STEP][PASSED] - i1 = x.indexOf("/") + 1: null

16-10-2024T07:02:32 - [TEST_STEP][PASSED] - if (i1 > -1): null

16-10-2024T07:02:32 - [TEST_STEP][PASSED] - x = x.substring(i1, x.length()): null

16-10-2024T07:02:32 - [TEST_STEP][PASSED] - println(x): null

16-10-2024T07:02:32 - [TEST_STEP][PASSED] - i1 = x.indexOf("/") + 1: null

16-10-2024T07:02:32 - [TEST_STEP][PASSED] - if (i1 > -1): null

16-10-2024T07:02:32 - [TEST_STEP][PASSED] - x = x.substring(i1, x.length()): null

16-10-2024T07:02:32 - [TEST_STEP][PASSED] - println(x): null

16-10-2024T07:02:32 - [TEST_STEP][PASSED] - i1 = x.indexOf("/") + 1: null

16-10-2024T07:02:32 - [TEST_STEP][PASSED] - if (i1 > -1): null

16-10-2024T07:02:32 - [TEST_STEP][PASSED] - x = x.substring(i1, x.length()): null

16-10-2024T07:02:32 - [TEST_STEP][PASSED] - println(x): null

16-10-2024T07:02:32 - [TEST_STEP][PASSED] - i1 = x.indexOf("/") + 1: null

16-10-2024T07:02:32 - [TEST_STEP][PASSED] - if (i1 > -1): null

16-10-2024T07:02:32 - [TEST_STEP][PASSED] - x = x.substring(i1, x.length()): null

16-10-2024T07:02:32 - [TEST_STEP][PASSED] - println(x): null

16-10-2024T07:02:32 - [TEST_STEP][PASSED] - i1 = x.indexOf("/") + 1: null

16-10-2024T07:02:32 - [TEST_STEP][PASSED] - if (i1 > -1): null

16-10-2024T07:02:32 - [TEST_STEP][PASSED] - x = x.substring(i1, x.length()): null

16-10-2024T07:02:32 - [TEST_STEP][PASSED] - println(x): null

16-10-2024T07:02:32 - [TEST_STEP][PASSED] - i1 = x.indexOf("/") + 1: null

16-10-2024T07:02:32 - [TEST_STEP][PASSED] - if (i1 > -1): null

16-10-2024T07:02:32 - [TEST_STEP][PASSED] - x = x.substring(i1, x.length()): null

16-10-2024T07:02:32 - [TEST_STEP][PASSED] - println(x): null

16-10-2024T07:02:32 - [TEST_STEP][PASSED] - i1 = x.indexOf("/"): null

16-10-2024T07:02:32 - [TEST_STEP][PASSED] - if (i1 > -1): null

16-10-2024T07:02:32 - [TEST_STEP][PASSED] - x = x.substring(0, i1): null

16-10-2024T07:02:32 - [TEST_STEP][PASSED] - println(x): null

16-10-2024T07:02:32 - [TEST_STEP][FAILED] - return x: null

16-10-2024T07:02:32 - [TEST_STEP][PASSED] - println(tabR + "/" + tabB): null

16-10-2024T07:02:32 - [TEST_STEP][FAILED] - if (verifyEqual(PercFactR, PercFactB) == false): null

16-10-2024T07:02:32 - [MESSAGE][FAILED] - Unable to verify equal between actual object 'нет данных' and expected object '7.26' (Root cause: com.kms.katalon.core.exception.StepFailedException: Actual object 'нет данных' and expected object '7.26' are not equal
	at com.kms.katalon.core.keyword.builtin.VerifyEqualKeyword$_verifyEqual_closure1.doCall(VerifyEqualKeyword.groovy:58)
	at com.kms.katalon.core.keyword.builtin.VerifyEqualKeyword$_verifyEqual_closure1.call(VerifyEqualKeyword.groovy)
	at com.kms.katalon.core.keyword.internal.KeywordMain.runKeyword(KeywordMain.groovy:75)
	at com.kms.katalon.core.keyword.builtin.VerifyEqualKeyword.verifyEqual(VerifyEqualKeyword.groovy:63)
	at com.kms.katalon.core.keyword.builtin.VerifyEqualKeyword.execute(VerifyEqualKeyword.groovy:44)
	at com.kms.katalon.core.keyword.internal.KeywordExecutor.executeKeywordForPlatform(KeywordExecutor.groovy:74)
	at com.kms.katalon.core.keyword.BuiltinKeywords.verifyEqual(BuiltinKeywords.groovy:146)
	at jdk.internal.reflect.GeneratedMethodAccessor25.invoke(Unknown Source)
	at java.base/jdk.internal.reflect.DelegatingMethodAccessorImpl.invoke(DelegatingMethodAccessorImpl.java:43)
	at Выполнение бизнес-плана сверка дашбордов.CompareDZOData(Выполнение бизнес-плана сверка дашбордов:771)
	at Выполнение бизнес-плана сверка дашбордов.run(Выполнение бизнес-плана сверка дашбордов:613)
	at com.kms.katalon.core.main.ScriptEngine.run(ScriptEngine.java:194)
	at com.kms.katalon.core.main.ScriptEngine.runScriptAsRawText(ScriptEngine.java:119)
	at com.kms.katalon.core.main.TestCaseExecutor.runScript(TestCaseExecutor.java:448)
	at com.kms.katalon.core.main.TestCaseExecutor.doExecute(TestCaseExecutor.java:439)
	at com.kms.katalon.core.main.TestCaseExecutor.processExecutionPhase(TestCaseExecutor.java:418)
	at com.kms.katalon.core.main.TestCaseExecutor.accessMainPhase(TestCaseExecutor.java:410)
	at com.kms.katalon.core.main.TestCaseExecutor.execute(TestCaseExecutor.java:285)
	at com.kms.katalon.core.common.CommonExecutor.accessTestCaseMainPhase(CommonExecutor.java:65)
	at com.kms.katalon.core.main.TestSuiteExecutor.accessTestSuiteMainPhase(TestSuiteExecutor.java:150)
	at com.kms.katalon.core.main.TestSuiteExecutor.execute(TestSuiteExecutor.java:106)
	at com.kms.katalon.core.main.TestCaseMain.startTestSuite(TestCaseMain.java:180)
	at TempTestSuite1729050801829.run(TempTestSuite1729050801829.groovy:35)
	at java.base/jdk.internal.reflect.NativeMethodAccessorImpl.invoke0(Native Method)
	at java.base/jdk.internal.reflect.NativeMethodAccessorImpl.invoke(NativeMethodAccessorImpl.java:77)
	at java.base/jdk.internal.reflect.DelegatingMethodAccessorImpl.invoke(DelegatingMethodAccessorImpl.java:43)
)

16-10-2024T07:02:32 - [TEST_STEP][PASSED] - result = WriteToExcel(typeOfData, todaysDate, PercPlanR, PercPlanB, PercFactR, PercFactB, x, tabR, tabB, o1R, o1B, vidget): null

16-10-2024T07:02:32 - [TEST_STEP][PASSED] - iii = dZO.indexOf("/"): null

16-10-2024T07:02:32 - [TEST_STEP][PASSED] - println(iii): null

16-10-2024T07:02:32 - [TEST_STEP][PASSED] - dZO = dZO.substring(0, iii): null

16-10-2024T07:02:32 - [TEST_STEP][PASSED] - println(dZO): null

16-10-2024T07:02:32 - [TEST_STEP][PASSED] - println(PercPlanR): null

16-10-2024T07:02:32 - [TEST_STEP][PASSED] - println(PercPlanB): null

16-10-2024T07:02:32 - [TEST_STEP][PASSED] - println(PercFactR): null

16-10-2024T07:02:32 - [TEST_STEP][PASSED] - println(PercFactB): null

16-10-2024T07:02:32 - [TEST_STEP][PASSED] - println(tabR): null

16-10-2024T07:02:32 - [TEST_STEP][PASSED] - println(tabB): null

16-10-2024T07:02:32 - [TEST_STEP][PASSED] - println(o1R): null

16-10-2024T07:02:32 - [TEST_STEP][PASSED] - println(o1B): null

16-10-2024T07:02:32 - [TEST_STEP][PASSED] - PR = <not implemented yet for class: org.codehaus.groovy.ast.expr.EmptyExpression>: null

16-10-2024T07:02:32 - [TEST_STEP][PASSED] - FR = <not implemented yet for class: org.codehaus.groovy.ast.expr.EmptyExpression>: null

16-10-2024T07:02:32 - [TEST_STEP][PASSED] - PB = <not implemented yet for class: org.codehaus.groovy.ast.expr.EmptyExpression>: null

16-10-2024T07:02:32 - [TEST_STEP][PASSED] - FB = <not implemented yet for class: org.codehaus.groovy.ast.expr.EmptyExpression>: null

16-10-2024T07:02:32 - [TEST_STEP][PASSED] - TR = <not implemented yet for class: org.codehaus.groovy.ast.expr.EmptyExpression>: null

16-10-2024T07:02:32 - [TEST_STEP][PASSED] - TB = <not implemented yet for class: org.codehaus.groovy.ast.expr.EmptyExpression>: null

16-10-2024T07:02:32 - [TEST_STEP][PASSED] - sheetName = "Sheet1": null

16-10-2024T07:02:32 - [TEST_STEP][PASSED] - data = findTestData("PlanFact"): null

16-10-2024T07:02:32 - [TEST_STEP][PASSED] - n = data.getRowNumbers() + 1: null

16-10-2024T07:02:32 - [TEST_STEP][PASSED] - year = todaysDate.substring(todaysDate.length() - 4, todaysDate.length()): null

16-10-2024T07:02:32 - [TEST_STEP][PASSED] - y = year.toInteger(): null

16-10-2024T07:02:32 - [TEST_STEP][PASSED] - m = getText(findTestObject("Выполнение бизнес-плана/Выполнение бизнес-плана Балансы/Фильтр Дата")): Text of object 'Object Repository/Выполнение бизнес-плана/Выполнение бизнес-плана Балансы/Фильтр Дата' is: '1, 2 кв., Июль, Август 2024 года'

16-10-2024T07:02:32 - [MESSAGE][PASSED] - Text of object 'Object Repository/Выполнение бизнес-плана/Выполнение бизнес-плана Балансы/Фильтр Дата' is: '1, 2 кв., Июль, Август 2024 года'

16-10-2024T07:02:32 - [TEST_STEP][PASSED] - m = m.substring(0, m.indexOf("2024")): null

16-10-2024T07:02:32 - [TEST_STEP][PASSED] - m = m.trim(): null

16-10-2024T07:02:32 - [TEST_STEP][PASSED] - dashboardName = "Выполнение бизнес-плана": null

16-10-2024T07:02:32 - [TEST_STEP][PASSED] - workbook01 = getWorkbook(excelFilePath): null

16-10-2024T07:02:32 - [TEST_STEP][PASSED] - sheet01 = getExcelSheet(workbook01, sheetName): null

16-10-2024T07:02:32 - [TEST_STEP][PASSED] - setValueToCellByIndex(sheet01, n, 0, dashboardName): null

16-10-2024T07:02:32 - [TEST_STEP][PASSED] - setValueToCellByIndex(sheet01, n, 1, dZO): null

16-10-2024T07:02:32 - [TEST_STEP][PASSED] - setValueToCellByIndex(sheet01, n, 2, typeOfData): null

16-10-2024T07:02:32 - [TEST_STEP][PASSED] - setValueToCellByIndex(sheet01, n, 3, typeOfData): null

16-10-2024T07:02:32 - [TEST_STEP][PASSED] - if (typeOfData == "План"): null

16-10-2024T07:02:32 - [TEST_STEP][PASSED] - else if (typeOfData == "Факт"): null

16-10-2024T07:02:32 - [TEST_STEP][PASSED] - else if (vidget.contains("электроэнергии") == true): null

16-10-2024T07:02:32 - [TEST_STEP][PASSED] - if (tabR == null): null

16-10-2024T07:02:32 - [TEST_STEP][PASSED] - else: null

16-10-2024T07:02:32 - [TEST_STEP][PASSED] - if (tabR == "нет данных"): null

16-10-2024T07:02:32 - [TEST_STEP][PASSED] - setValueToCellByIndex(sheet01, n, 4, "нет данных"): null

16-10-2024T07:02:32 - [TEST_STEP][PASSED] - if (tabB == null): null

16-10-2024T07:02:32 - [TEST_STEP][PASSED] - else: null

16-10-2024T07:02:32 - [TEST_STEP][PASSED] - if (tabB == "нет данных"): null

16-10-2024T07:02:32 - [TEST_STEP][PASSED] - else: null

16-10-2024T07:02:32 - [TEST_STEP][PASSED] - TB = tabB.toInteger(): null

16-10-2024T07:02:32 - [TEST_STEP][PASSED] - setValueToCellByIndex(sheet01, n, 5, TB): null

16-10-2024T07:02:32 - [TEST_STEP][PASSED] - setValueToCellByIndex(sheet01, n, 6, m): null

16-10-2024T07:02:32 - [TEST_STEP][PASSED] - setValueToCellByIndex(sheet01, n, 7, y): null

16-10-2024T07:02:32 - [TEST_STEP][PASSED] - setValueToCellByIndex(sheet01, n, 8, todaysDate): null

16-10-2024T07:02:32 - [TEST_STEP][PASSED] - n = n + 1: null

16-10-2024T07:02:32 - [TEST_STEP][PASSED] - saveWorkbook(excelFilePath, workbook01): null

16-10-2024T07:02:32 - [TEST_STEP][PASSED] - ii2 = a.indexOf("ПАО"): null

16-10-2024T07:02:32 - [TEST_STEP][PASSED] - if (ii2 == -1): null

16-10-2024T07:02:32 - [TEST_STEP][PASSED] - vidget = "Отклонения фактического уровня потерь от бизнес-плана": null

16-10-2024T07:02:32 - [TEST_STEP][PASSED] - typeOfData = "Коэффициент": null

16-10-2024T07:02:32 - [TEST_STEP][PASSED] - o1R = Geto1R(x = a): null

16-10-2024T07:02:32 - [TEST_STEP][PASSED] - i1 = <not implemented yet for class: org.codehaus.groovy.ast.expr.EmptyExpression>: null

16-10-2024T07:02:32 - [TEST_STEP][PASSED] - ii = <not implemented yet for class: org.codehaus.groovy.ast.expr.EmptyExpression>: null

16-10-2024T07:02:32 - [TEST_STEP][PASSED] - for ([ii = 1, ii < 10, (ii++)]): null

16-10-2024T07:02:32 - [TEST_STEP][PASSED] - i1 = x.indexOf("/") + 1: null

16-10-2024T07:02:32 - [TEST_STEP][PASSED] - if (i1 > -1): null

16-10-2024T07:02:32 - [TEST_STEP][PASSED] - x = x.substring(i1, x.length()): null

16-10-2024T07:02:32 - [TEST_STEP][PASSED] - i1 = x.indexOf("/") + 1: null

16-10-2024T07:02:32 - [TEST_STEP][PASSED] - if (i1 > -1): null

16-10-2024T07:02:32 - [TEST_STEP][PASSED] - x = x.substring(i1, x.length()): null

16-10-2024T07:02:32 - [TEST_STEP][PASSED] - i1 = x.indexOf("/") + 1: null

16-10-2024T07:02:32 - [TEST_STEP][PASSED] - if (i1 > -1): null

16-10-2024T07:02:32 - [TEST_STEP][PASSED] - x = x.substring(i1, x.length()): null

16-10-2024T07:02:32 - [TEST_STEP][PASSED] - i1 = x.indexOf("/") + 1: null

16-10-2024T07:02:32 - [TEST_STEP][PASSED] - if (i1 > -1): null

16-10-2024T07:02:32 - [TEST_STEP][PASSED] - x = x.substring(i1, x.length()): null

16-10-2024T07:02:32 - [TEST_STEP][PASSED] - i1 = x.indexOf("/") + 1: null

16-10-2024T07:02:32 - [TEST_STEP][PASSED] - if (i1 > -1): null

16-10-2024T07:02:32 - [TEST_STEP][PASSED] - x = x.substring(i1, x.length()): null

16-10-2024T07:02:32 - [TEST_STEP][PASSED] - i1 = x.indexOf("/") + 1: null

16-10-2024T07:02:32 - [TEST_STEP][PASSED] - if (i1 > -1): null

16-10-2024T07:02:32 - [TEST_STEP][PASSED] - x = x.substring(i1, x.length()): null

16-10-2024T07:02:32 - [TEST_STEP][PASSED] - i1 = x.indexOf("/") + 1: null

16-10-2024T07:02:32 - [TEST_STEP][PASSED] - if (i1 > -1): null

16-10-2024T07:02:32 - [TEST_STEP][PASSED] - x = x.substring(i1, x.length()): null

16-10-2024T07:02:32 - [TEST_STEP][PASSED] - i1 = x.indexOf("/") + 1: null

16-10-2024T07:02:32 - [TEST_STEP][PASSED] - if (i1 > -1): null

16-10-2024T07:02:32 - [TEST_STEP][PASSED] - x = x.substring(i1, x.length()): null

16-10-2024T07:02:32 - [TEST_STEP][PASSED] - i1 = x.indexOf("/") + 1: null

16-10-2024T07:02:32 - [TEST_STEP][PASSED] - if (i1 > -1): null

16-10-2024T07:02:32 - [TEST_STEP][PASSED] - x = x.substring(i1, x.length()): null

16-10-2024T07:02:32 - [TEST_STEP][PASSED] - i1 = x.indexOf("/"): null

16-10-2024T07:02:32 - [TEST_STEP][PASSED] - if (i1 > -1): null

16-10-2024T07:02:32 - [TEST_STEP][PASSED] - println(x): null

16-10-2024T07:02:32 - [TEST_STEP][PASSED] - return x: null

16-10-2024T07:02:32 - [TEST_STEP][PASSED] - o1B = Geto1B(x = b): null

16-10-2024T07:02:32 - [TEST_STEP][PASSED] - i1 = <not implemented yet for class: org.codehaus.groovy.ast.expr.EmptyExpression>: null

16-10-2024T07:02:32 - [TEST_STEP][PASSED] - ii = <not implemented yet for class: org.codehaus.groovy.ast.expr.EmptyExpression>: null

16-10-2024T07:02:32 - [TEST_STEP][PASSED] - for ([ii = 1, ii < 10, (ii++)]): null

16-10-2024T07:02:32 - [TEST_STEP][PASSED] - i1 = x.indexOf("/") + 1: null

16-10-2024T07:02:32 - [TEST_STEP][PASSED] - if (i1 > -1): null

16-10-2024T07:02:32 - [TEST_STEP][PASSED] - x = x.substring(i1, x.length()): null

16-10-2024T07:02:32 - [TEST_STEP][PASSED] - i1 = x.indexOf("/") + 1: null

16-10-2024T07:02:32 - [TEST_STEP][PASSED] - if (i1 > -1): null

16-10-2024T07:02:32 - [TEST_STEP][PASSED] - x = x.substring(i1, x.length()): null

16-10-2024T07:02:32 - [TEST_STEP][PASSED] - i1 = x.indexOf("/") + 1: null

16-10-2024T07:02:32 - [TEST_STEP][PASSED] - if (i1 > -1): null

16-10-2024T07:02:32 - [TEST_STEP][PASSED] - x = x.substring(i1, x.length()): null

16-10-2024T07:02:32 - [TEST_STEP][PASSED] - i1 = x.indexOf("/") + 1: null

16-10-2024T07:02:32 - [TEST_STEP][PASSED] - if (i1 > -1): null

16-10-2024T07:02:32 - [TEST_STEP][PASSED] - x = x.substring(i1, x.length()): null

16-10-2024T07:02:32 - [TEST_STEP][PASSED] - i1 = x.indexOf("/") + 1: null

16-10-2024T07:02:32 - [TEST_STEP][PASSED] - if (i1 > -1): null

16-10-2024T07:02:32 - [TEST_STEP][PASSED] - x = x.substring(i1, x.length()): null

16-10-2024T07:02:32 - [TEST_STEP][PASSED] - i1 = x.indexOf("/") + 1: null

16-10-2024T07:02:32 - [TEST_STEP][PASSED] - if (i1 > -1): null

16-10-2024T07:02:32 - [TEST_STEP][PASSED] - x = x.substring(i1, x.length()): null

16-10-2024T07:02:32 - [TEST_STEP][PASSED] - i1 = x.indexOf("/") + 1: null

16-10-2024T07:02:32 - [TEST_STEP][PASSED] - if (i1 > -1): null

16-10-2024T07:02:32 - [TEST_STEP][PASSED] - x = x.substring(i1, x.length()): null

16-10-2024T07:02:32 - [TEST_STEP][PASSED] - i1 = x.indexOf("/") + 1: null

16-10-2024T07:02:32 - [TEST_STEP][PASSED] - if (i1 > -1): null

16-10-2024T07:02:32 - [TEST_STEP][PASSED] - x = x.substring(i1, x.length()): null

16-10-2024T07:02:32 - [TEST_STEP][PASSED] - i1 = x.indexOf("/") + 1: null

16-10-2024T07:02:32 - [TEST_STEP][PASSED] - if (i1 > -1): null

16-10-2024T07:02:32 - [TEST_STEP][PASSED] - x = x.substring(i1, x.length()): null

16-10-2024T07:02:32 - [TEST_STEP][PASSED] - i1 = x.indexOf("/"): null

16-10-2024T07:02:32 - [TEST_STEP][PASSED] - if (i1 > -1): null

16-10-2024T07:02:32 - [TEST_STEP][PASSED] - println(x): null

16-10-2024T07:02:32 - [TEST_STEP][FAILED] - return x: null

16-10-2024T07:02:32 - [TEST_STEP][PASSED] - println(o1R + "/" + o1B): null

16-10-2024T07:02:32 - [TEST_STEP][FAILED] - if (verifyEqual(PercFactR, PercFactB) == false): null

16-10-2024T07:02:32 - [MESSAGE][FAILED] - Unable to verify equal between actual object 'нет данных' and expected object '7.26' (Root cause: com.kms.katalon.core.exception.StepFailedException: Actual object 'нет данных' and expected object '7.26' are not equal
	at com.kms.katalon.core.keyword.builtin.VerifyEqualKeyword$_verifyEqual_closure1.doCall(VerifyEqualKeyword.groovy:58)
	at com.kms.katalon.core.keyword.builtin.VerifyEqualKeyword$_verifyEqual_closure1.call(VerifyEqualKeyword.groovy)
	at com.kms.katalon.core.keyword.internal.KeywordMain.runKeyword(KeywordMain.groovy:75)
	at com.kms.katalon.core.keyword.builtin.VerifyEqualKeyword.verifyEqual(VerifyEqualKeyword.groovy:63)
	at com.kms.katalon.core.keyword.builtin.VerifyEqualKeyword.execute(VerifyEqualKeyword.groovy:44)
	at com.kms.katalon.core.keyword.internal.KeywordExecutor.executeKeywordForPlatform(KeywordExecutor.groovy:74)
	at com.kms.katalon.core.keyword.BuiltinKeywords.verifyEqual(BuiltinKeywords.groovy:146)
	at jdk.internal.reflect.GeneratedMethodAccessor25.invoke(Unknown Source)
	at java.base/jdk.internal.reflect.DelegatingMethodAccessorImpl.invoke(DelegatingMethodAccessorImpl.java:43)
	at Выполнение бизнес-плана сверка дашбордов.CompareDZOData(Выполнение бизнес-плана сверка дашбордов:789)
	at Выполнение бизнес-плана сверка дашбордов.run(Выполнение бизнес-плана сверка дашбордов:613)
	at com.kms.katalon.core.main.ScriptEngine.run(ScriptEngine.java:194)
	at com.kms.katalon.core.main.ScriptEngine.runScriptAsRawText(ScriptEngine.java:119)
	at com.kms.katalon.core.main.TestCaseExecutor.runScript(TestCaseExecutor.java:448)
	at com.kms.katalon.core.main.TestCaseExecutor.doExecute(TestCaseExecutor.java:439)
	at com.kms.katalon.core.main.TestCaseExecutor.processExecutionPhase(TestCaseExecutor.java:418)
	at com.kms.katalon.core.main.TestCaseExecutor.accessMainPhase(TestCaseExecutor.java:410)
	at com.kms.katalon.core.main.TestCaseExecutor.execute(TestCaseExecutor.java:285)
	at com.kms.katalon.core.common.CommonExecutor.accessTestCaseMainPhase(CommonExecutor.java:65)
	at com.kms.katalon.core.main.TestSuiteExecutor.accessTestSuiteMainPhase(TestSuiteExecutor.java:150)
	at com.kms.katalon.core.main.TestSuiteExecutor.execute(TestSuiteExecutor.java:106)
	at com.kms.katalon.core.main.TestCaseMain.startTestSuite(TestCaseMain.java:180)
	at TempTestSuite1729050801829.run(TempTestSuite1729050801829.groovy:35)
	at java.base/jdk.internal.reflect.NativeMethodAccessorImpl.invoke0(Native Method)
	at java.base/jdk.internal.reflect.NativeMethodAccessorImpl.invoke(NativeMethodAccessorImpl.java:77)
	at java.base/jdk.internal.reflect.DelegatingMethodAccessorImpl.invoke(DelegatingMethodAccessorImpl.java:43)
)

16-10-2024T07:02:32 - [TEST_STEP][PASSED] - result = WriteToExcel(typeOfData, todaysDate, PercPlanR, PercPlanB, PercFactR, PercFactB, x, tabR, tabB, o1R, o1B, vidget): null

16-10-2024T07:02:32 - [TEST_STEP][PASSED] - iii = dZO.indexOf("/"): null

16-10-2024T07:02:32 - [TEST_STEP][PASSED] - println(iii): null

16-10-2024T07:02:32 - [TEST_STEP][PASSED] - dZO = dZO.substring(0, iii): null

16-10-2024T07:02:32 - [TEST_STEP][PASSED] - println(dZO): null

16-10-2024T07:02:32 - [TEST_STEP][PASSED] - println(PercPlanR): null

16-10-2024T07:02:32 - [TEST_STEP][PASSED] - println(PercPlanB): null

16-10-2024T07:02:32 - [TEST_STEP][PASSED] - println(PercFactR): null

16-10-2024T07:02:32 - [TEST_STEP][PASSED] - println(PercFactB): null

16-10-2024T07:02:32 - [TEST_STEP][PASSED] - println(tabR): null

16-10-2024T07:02:32 - [TEST_STEP][PASSED] - println(tabB): null

16-10-2024T07:02:32 - [TEST_STEP][PASSED] - println(o1R): null

16-10-2024T07:02:32 - [TEST_STEP][PASSED] - println(o1B): null

16-10-2024T07:02:32 - [TEST_STEP][PASSED] - PR = <not implemented yet for class: org.codehaus.groovy.ast.expr.EmptyExpression>: null

16-10-2024T07:02:32 - [TEST_STEP][PASSED] - FR = <not implemented yet for class: org.codehaus.groovy.ast.expr.EmptyExpression>: null

16-10-2024T07:02:32 - [TEST_STEP][PASSED] - PB = <not implemented yet for class: org.codehaus.groovy.ast.expr.EmptyExpression>: null

16-10-2024T07:02:32 - [TEST_STEP][PASSED] - FB = <not implemented yet for class: org.codehaus.groovy.ast.expr.EmptyExpression>: null

16-10-2024T07:02:32 - [TEST_STEP][PASSED] - TR = <not implemented yet for class: org.codehaus.groovy.ast.expr.EmptyExpression>: null

16-10-2024T07:02:32 - [TEST_STEP][PASSED] - TB = <not implemented yet for class: org.codehaus.groovy.ast.expr.EmptyExpression>: null

16-10-2024T07:02:32 - [TEST_STEP][PASSED] - sheetName = "Sheet1": null

16-10-2024T07:02:32 - [TEST_STEP][PASSED] - data = findTestData("PlanFact"): null

16-10-2024T07:02:32 - [TEST_STEP][PASSED] - n = data.getRowNumbers() + 1: null

16-10-2024T07:02:32 - [TEST_STEP][PASSED] - year = todaysDate.substring(todaysDate.length() - 4, todaysDate.length()): null

16-10-2024T07:02:32 - [TEST_STEP][PASSED] - y = year.toInteger(): null

16-10-2024T07:02:32 - [TEST_STEP][PASSED] - m = getText(findTestObject("Выполнение бизнес-плана/Выполнение бизнес-плана Балансы/Фильтр Дата")): Text of object 'Object Repository/Выполнение бизнес-плана/Выполнение бизнес-плана Балансы/Фильтр Дата' is: '1, 2 кв., Июль, Август 2024 года'

16-10-2024T07:02:33 - [MESSAGE][PASSED] - Text of object 'Object Repository/Выполнение бизнес-плана/Выполнение бизнес-плана Балансы/Фильтр Дата' is: '1, 2 кв., Июль, Август 2024 года'

16-10-2024T07:02:33 - [TEST_STEP][PASSED] - m = m.substring(0, m.indexOf("2024")): null

16-10-2024T07:02:33 - [TEST_STEP][PASSED] - m = m.trim(): null

16-10-2024T07:02:33 - [TEST_STEP][PASSED] - dashboardName = "Выполнение бизнес-плана": null

16-10-2024T07:02:33 - [TEST_STEP][PASSED] - workbook01 = getWorkbook(excelFilePath): null

16-10-2024T07:02:33 - [TEST_STEP][PASSED] - sheet01 = getExcelSheet(workbook01, sheetName): null

16-10-2024T07:02:33 - [TEST_STEP][PASSED] - setValueToCellByIndex(sheet01, n, 0, dashboardName): null

16-10-2024T07:02:33 - [TEST_STEP][PASSED] - setValueToCellByIndex(sheet01, n, 1, dZO): null

16-10-2024T07:02:33 - [TEST_STEP][PASSED] - setValueToCellByIndex(sheet01, n, 2, typeOfData): null

16-10-2024T07:02:33 - [TEST_STEP][PASSED] - setValueToCellByIndex(sheet01, n, 3, typeOfData): null

16-10-2024T07:02:33 - [TEST_STEP][PASSED] - if (typeOfData == "План"): null

16-10-2024T07:02:33 - [TEST_STEP][PASSED] - else if (typeOfData == "Факт"): null

16-10-2024T07:02:33 - [TEST_STEP][PASSED] - else if (vidget.contains("электроэнергии") == true): null

16-10-2024T07:02:33 - [TEST_STEP][PASSED] - else: null

16-10-2024T07:02:33 - [TEST_STEP][PASSED] - if (o1R == null): null

16-10-2024T07:02:33 - [TEST_STEP][PASSED] - else: null

16-10-2024T07:02:33 - [TEST_STEP][PASSED] - if (o1R == "нет данных"): null

16-10-2024T07:02:33 - [TEST_STEP][PASSED] - setValueToCellByIndex(sheet01, n, 4, "нет данных"): null

16-10-2024T07:02:33 - [TEST_STEP][PASSED] - if (o1B == null): null

16-10-2024T07:02:33 - [TEST_STEP][PASSED] - else: null

16-10-2024T07:02:33 - [TEST_STEP][PASSED] - if (o1B == "нет данных"): null

16-10-2024T07:02:33 - [TEST_STEP][PASSED] - else: null

16-10-2024T07:02:33 - [TEST_STEP][PASSED] - FB = o1B.toDouble(): null

16-10-2024T07:02:33 - [TEST_STEP][PASSED] - setValueToCellByIndex(sheet01, n, 5, FB): null

16-10-2024T07:02:33 - [TEST_STEP][PASSED] - setValueToCellByIndex(sheet01, n, 6, m): null

16-10-2024T07:02:33 - [TEST_STEP][PASSED] - setValueToCellByIndex(sheet01, n, 7, y): null

16-10-2024T07:02:33 - [TEST_STEP][PASSED] - setValueToCellByIndex(sheet01, n, 8, todaysDate): null

16-10-2024T07:02:33 - [TEST_STEP][PASSED] - n = n + 1: null

16-10-2024T07:02:33 - [TEST_STEP][FAILED] - saveWorkbook(excelFilePath, workbook01): null

16-10-2024T07:02:33 - [TEST_STEP][PASSED] - if (verifyEqual(sKR, sKB) == false): Actual object 'Россети Северный Кавказ (ГК)/24.18/28.15/15734909/11305954/4428955/14755136/11187191/3567945/3.97' and expected object 'Россети Северный Кавказ (ГК)/24.18/28.15/15734909/11305954/4428955/14755136/11187191/3567945/3.97' are equal

16-10-2024T07:02:33 - [MESSAGE][PASSED] - Actual object 'Россети Северный Кавказ (ГК)/24.18/28.15/15734909/11305954/4428955/14755136/11187191/3567945/3.97' and expected object 'Россети Северный Кавказ (ГК)/24.18/28.15/15734909/11305954/4428955/14755136/11187191/3567945/3.97' are equal

16-10-2024T07:02:33 - [TEST_STEP][FAILED] - if (verifyEqual(sZR, sZB) == false): null

16-10-2024T07:02:33 - [MESSAGE][FAILED] - Unable to verify equal between actual object 'Россети Северо-Запад/нет данных/нет данных/нет данных/нет данных/нет данных/нет данных/нет данных/нет данных/нет данных' and expected object 'Россети Северо-Запад/5.49/5.20/22350148/21187495/1162653/21743588/20549075/1194513/-0.29' (Root cause: com.kms.katalon.core.exception.StepFailedException: Actual object 'Россети Северо-Запад/нет данных/нет данных/нет данных/нет данных/нет данных/нет данных/нет данных/нет данных/нет данных' and expected object 'Россети Северо-Запад/5.49/5.20/22350148/21187495/1162653/21743588/20549075/1194513/-0.29' are not equal
	at com.kms.katalon.core.keyword.builtin.VerifyEqualKeyword$_verifyEqual_closure1.doCall(VerifyEqualKeyword.groovy:58)
	at com.kms.katalon.core.keyword.builtin.VerifyEqualKeyword$_verifyEqual_closure1.call(VerifyEqualKeyword.groovy)
	at com.kms.katalon.core.keyword.internal.KeywordMain.runKeyword(KeywordMain.groovy:75)
	at com.kms.katalon.core.keyword.builtin.VerifyEqualKeyword.verifyEqual(VerifyEqualKeyword.groovy:63)
	at com.kms.katalon.core.keyword.builtin.VerifyEqualKeyword.execute(VerifyEqualKeyword.groovy:44)
	at com.kms.katalon.core.keyword.internal.KeywordExecutor.executeKeywordForPlatform(KeywordExecutor.groovy:74)
	at com.kms.katalon.core.keyword.BuiltinKeywords.verifyEqual(BuiltinKeywords.groovy:146)
	at jdk.internal.reflect.GeneratedMethodAccessor25.invoke(Unknown Source)
	at java.base/jdk.internal.reflect.DelegatingMethodAccessorImpl.invoke(DelegatingMethodAccessorImpl.java:43)
	at Выполнение бизнес-плана сверка дашбордов.run(Выполнение бизнес-плана сверка дашбордов:622)
	at com.kms.katalon.core.main.ScriptEngine.run(ScriptEngine.java:194)
	at com.kms.katalon.core.main.ScriptEngine.runScriptAsRawText(ScriptEngine.java:119)
	at com.kms.katalon.core.main.TestCaseExecutor.runScript(TestCaseExecutor.java:448)
	at com.kms.katalon.core.main.TestCaseExecutor.doExecute(TestCaseExecutor.java:439)
	at com.kms.katalon.core.main.TestCaseExecutor.processExecutionPhase(TestCaseExecutor.java:418)
	at com.kms.katalon.core.main.TestCaseExecutor.accessMainPhase(TestCaseExecutor.java:410)
	at com.kms.katalon.core.main.TestCaseExecutor.execute(TestCaseExecutor.java:285)
	at com.kms.katalon.core.common.CommonExecutor.accessTestCaseMainPhase(CommonExecutor.java:65)
	at com.kms.katalon.core.main.TestSuiteExecutor.accessTestSuiteMainPhase(TestSuiteExecutor.java:150)
	at com.kms.katalon.core.main.TestSuiteExecutor.execute(TestSuiteExecutor.java:106)
	at com.kms.katalon.core.main.TestCaseMain.startTestSuite(TestCaseMain.java:180)
	at TempTestSuite1729050801829.run(TempTestSuite1729050801829.groovy:35)
	at java.base/jdk.internal.reflect.NativeMethodAccessorImpl.invoke0(Native Method)
	at java.base/jdk.internal.reflect.NativeMethodAccessorImpl.invoke(NativeMethodAccessorImpl.java:77)
	at java.base/jdk.internal.reflect.DelegatingMethodAccessorImpl.invoke(DelegatingMethodAccessorImpl.java:43)
)

16-10-2024T07:02:33 - [TEST_STEP][PASSED] - result = CompareDZOData(a = sZR, b = sZB, dZO, typeOfData, PercPlanR, PercPlanB, PercFactR, PercFactB, todaysDate, x, vidget, tabR, tabB, o1R, o1B): null

16-10-2024T07:02:33 - [TEST_STEP][PASSED] - ii2 = <not implemented yet for class: org.codehaus.groovy.ast.expr.EmptyExpression>: null

16-10-2024T07:02:33 - [TEST_STEP][FAILED] - if (verifyEqual(a, b) == false): null

16-10-2024T07:02:33 - [MESSAGE][FAILED] - Unable to verify equal between actual object 'Россети Северо-Запад/нет данных/нет данных/нет данных/нет данных/нет данных/нет данных/нет данных/нет данных/нет данных' and expected object 'Россети Северо-Запад/5.49/5.20/22350148/21187495/1162653/21743588/20549075/1194513/-0.29' (Root cause: com.kms.katalon.core.exception.StepFailedException: Actual object 'Россети Северо-Запад/нет данных/нет данных/нет данных/нет данных/нет данных/нет данных/нет данных/нет данных/нет данных' and expected object 'Россети Северо-Запад/5.49/5.20/22350148/21187495/1162653/21743588/20549075/1194513/-0.29' are not equal
	at com.kms.katalon.core.keyword.builtin.VerifyEqualKeyword$_verifyEqual_closure1.doCall(VerifyEqualKeyword.groovy:58)
	at com.kms.katalon.core.keyword.builtin.VerifyEqualKeyword$_verifyEqual_closure1.call(VerifyEqualKeyword.groovy)
	at com.kms.katalon.core.keyword.internal.KeywordMain.runKeyword(KeywordMain.groovy:75)
	at com.kms.katalon.core.keyword.builtin.VerifyEqualKeyword.verifyEqual(VerifyEqualKeyword.groovy:63)
	at com.kms.katalon.core.keyword.builtin.VerifyEqualKeyword.execute(VerifyEqualKeyword.groovy:44)
	at com.kms.katalon.core.keyword.internal.KeywordExecutor.executeKeywordForPlatform(KeywordExecutor.groovy:74)
	at com.kms.katalon.core.keyword.BuiltinKeywords.verifyEqual(BuiltinKeywords.groovy:146)
	at jdk.internal.reflect.GeneratedMethodAccessor25.invoke(Unknown Source)
	at java.base/jdk.internal.reflect.DelegatingMethodAccessorImpl.invoke(DelegatingMethodAccessorImpl.java:43)
	at Выполнение бизнес-плана сверка дашбордов.CompareDZOData(Выполнение бизнес-плана сверка дашбордов:673)
	at Выполнение бизнес-плана сверка дашбордов.run(Выполнение бизнес-плана сверка дашбордов:623)
	at com.kms.katalon.core.main.ScriptEngine.run(ScriptEngine.java:194)
	at com.kms.katalon.core.main.ScriptEngine.runScriptAsRawText(ScriptEngine.java:119)
	at com.kms.katalon.core.main.TestCaseExecutor.runScript(TestCaseExecutor.java:448)
	at com.kms.katalon.core.main.TestCaseExecutor.doExecute(TestCaseExecutor.java:439)
	at com.kms.katalon.core.main.TestCaseExecutor.processExecutionPhase(TestCaseExecutor.java:418)
	at com.kms.katalon.core.main.TestCaseExecutor.accessMainPhase(TestCaseExecutor.java:410)
	at com.kms.katalon.core.main.TestCaseExecutor.execute(TestCaseExecutor.java:285)
	at com.kms.katalon.core.common.CommonExecutor.accessTestCaseMainPhase(CommonExecutor.java:65)
	at com.kms.katalon.core.main.TestSuiteExecutor.accessTestSuiteMainPhase(TestSuiteExecutor.java:150)
	at com.kms.katalon.core.main.TestSuiteExecutor.execute(TestSuiteExecutor.java:106)
	at com.kms.katalon.core.main.TestCaseMain.startTestSuite(TestCaseMain.java:180)
	at TempTestSuite1729050801829.run(TempTestSuite1729050801829.groovy:35)
	at java.base/jdk.internal.reflect.NativeMethodAccessorImpl.invoke0(Native Method)
	at java.base/jdk.internal.reflect.NativeMethodAccessorImpl.invoke(NativeMethodAccessorImpl.java:77)
	at java.base/jdk.internal.reflect.DelegatingMethodAccessorImpl.invoke(DelegatingMethodAccessorImpl.java:43)
)

16-10-2024T07:02:33 - [TEST_STEP][PASSED] - vidget = "Уровень потерь электроэнергии": null

16-10-2024T07:02:33 - [TEST_STEP][PASSED] - typeOfData = "План": null

16-10-2024T07:02:33 - [TEST_STEP][PASSED] - PercPlanR = GetPercPlanR(x = a): null

16-10-2024T07:02:33 - [TEST_STEP][PASSED] - i1 = <not implemented yet for class: org.codehaus.groovy.ast.expr.EmptyExpression>: null

16-10-2024T07:02:33 - [TEST_STEP][PASSED] - i1 = x.indexOf("/") + 1: null

16-10-2024T07:02:33 - [TEST_STEP][PASSED] - if (i1 > -1): null

16-10-2024T07:02:33 - [TEST_STEP][PASSED] - x = x.substring(i1, x.length()): null

16-10-2024T07:02:33 - [TEST_STEP][PASSED] - i1 = x.indexOf("/"): null

16-10-2024T07:02:33 - [TEST_STEP][PASSED] - if (i1 > -1): null

16-10-2024T07:02:33 - [TEST_STEP][PASSED] - x = x.substring(0, i1): null

16-10-2024T07:02:33 - [TEST_STEP][PASSED] - return x: null

16-10-2024T07:02:33 - [TEST_STEP][PASSED] - PercPlanB = GetPercPlanB(x = b): null

16-10-2024T07:02:33 - [TEST_STEP][PASSED] - i1 = <not implemented yet for class: org.codehaus.groovy.ast.expr.EmptyExpression>: null

16-10-2024T07:02:33 - [TEST_STEP][PASSED] - i1 = x.indexOf("/") + 1: null

16-10-2024T07:02:33 - [TEST_STEP][PASSED] - if (i1 > -1): null

16-10-2024T07:02:33 - [TEST_STEP][PASSED] - x = x.substring(i1, x.length()): null

16-10-2024T07:02:33 - [TEST_STEP][PASSED] - i1 = x.indexOf("/"): null

16-10-2024T07:02:33 - [TEST_STEP][PASSED] - if (i1 > -1): null

16-10-2024T07:02:33 - [TEST_STEP][PASSED] - x = x.substring(0, i1): null

16-10-2024T07:02:33 - [TEST_STEP][FAILED] - return x: null

16-10-2024T07:02:33 - [TEST_STEP][FAILED] - if (verifyEqual(PercPlanR, PercPlanB) == false): null

16-10-2024T07:02:33 - [MESSAGE][FAILED] - Unable to verify equal between actual object 'нет данных' and expected object '5.49' (Root cause: com.kms.katalon.core.exception.StepFailedException: Actual object 'нет данных' and expected object '5.49' are not equal
	at com.kms.katalon.core.keyword.builtin.VerifyEqualKeyword$_verifyEqual_closure1.doCall(VerifyEqualKeyword.groovy:58)
	at com.kms.katalon.core.keyword.builtin.VerifyEqualKeyword$_verifyEqual_closure1.call(VerifyEqualKeyword.groovy)
	at com.kms.katalon.core.keyword.internal.KeywordMain.runKeyword(KeywordMain.groovy:75)
	at com.kms.katalon.core.keyword.builtin.VerifyEqualKeyword.verifyEqual(VerifyEqualKeyword.groovy:63)
	at com.kms.katalon.core.keyword.builtin.VerifyEqualKeyword.execute(VerifyEqualKeyword.groovy:44)
	at com.kms.katalon.core.keyword.internal.KeywordExecutor.executeKeywordForPlatform(KeywordExecutor.groovy:74)
	at com.kms.katalon.core.keyword.BuiltinKeywords.verifyEqual(BuiltinKeywords.groovy:146)
	at jdk.internal.reflect.GeneratedMethodAccessor25.invoke(Unknown Source)
	at java.base/jdk.internal.reflect.DelegatingMethodAccessorImpl.invoke(DelegatingMethodAccessorImpl.java:43)
	at Выполнение бизнес-плана сверка дашбордов.CompareDZOData(Выполнение бизнес-плана сверка дашбордов:682)
	at Выполнение бизнес-плана сверка дашбордов.run(Выполнение бизнес-плана сверка дашбордов:623)
	at com.kms.katalon.core.main.ScriptEngine.run(ScriptEngine.java:194)
	at com.kms.katalon.core.main.ScriptEngine.runScriptAsRawText(ScriptEngine.java:119)
	at com.kms.katalon.core.main.TestCaseExecutor.runScript(TestCaseExecutor.java:448)
	at com.kms.katalon.core.main.TestCaseExecutor.doExecute(TestCaseExecutor.java:439)
	at com.kms.katalon.core.main.TestCaseExecutor.processExecutionPhase(TestCaseExecutor.java:418)
	at com.kms.katalon.core.main.TestCaseExecutor.accessMainPhase(TestCaseExecutor.java:410)
	at com.kms.katalon.core.main.TestCaseExecutor.execute(TestCaseExecutor.java:285)
	at com.kms.katalon.core.common.CommonExecutor.accessTestCaseMainPhase(CommonExecutor.java:65)
	at com.kms.katalon.core.main.TestSuiteExecutor.accessTestSuiteMainPhase(TestSuiteExecutor.java:150)
	at com.kms.katalon.core.main.TestSuiteExecutor.execute(TestSuiteExecutor.java:106)
	at com.kms.katalon.core.main.TestCaseMain.startTestSuite(TestCaseMain.java:180)
	at TempTestSuite1729050801829.run(TempTestSuite1729050801829.groovy:35)
	at java.base/jdk.internal.reflect.NativeMethodAccessorImpl.invoke0(Native Method)
	at java.base/jdk.internal.reflect.NativeMethodAccessorImpl.invoke(NativeMethodAccessorImpl.java:77)
	at java.base/jdk.internal.reflect.DelegatingMethodAccessorImpl.invoke(DelegatingMethodAccessorImpl.java:43)
)

16-10-2024T07:02:33 - [TEST_STEP][PASSED] - result = WriteToExcel(typeOfData, todaysDate, PercPlanR, PercPlanB, PercFactR, PercFactB, x, tabR, tabB, o1R, o1B, vidget): null

16-10-2024T07:02:33 - [TEST_STEP][PASSED] - iii = dZO.indexOf("/"): null

16-10-2024T07:02:33 - [TEST_STEP][PASSED] - println(iii): null

16-10-2024T07:02:33 - [TEST_STEP][PASSED] - dZO = dZO.substring(0, iii): null

16-10-2024T07:02:33 - [TEST_STEP][PASSED] - println(dZO): null

16-10-2024T07:02:33 - [TEST_STEP][PASSED] - println(PercPlanR): null

16-10-2024T07:02:33 - [TEST_STEP][PASSED] - println(PercPlanB): null

16-10-2024T07:02:33 - [TEST_STEP][PASSED] - println(PercFactR): null

16-10-2024T07:02:33 - [TEST_STEP][PASSED] - println(PercFactB): null

16-10-2024T07:02:33 - [TEST_STEP][PASSED] - println(tabR): null

16-10-2024T07:02:33 - [TEST_STEP][PASSED] - println(tabB): null

16-10-2024T07:02:33 - [TEST_STEP][PASSED] - println(o1R): null

16-10-2024T07:02:33 - [TEST_STEP][PASSED] - println(o1B): null

16-10-2024T07:02:33 - [TEST_STEP][PASSED] - PR = <not implemented yet for class: org.codehaus.groovy.ast.expr.EmptyExpression>: null

16-10-2024T07:02:33 - [TEST_STEP][PASSED] - FR = <not implemented yet for class: org.codehaus.groovy.ast.expr.EmptyExpression>: null

16-10-2024T07:02:33 - [TEST_STEP][PASSED] - PB = <not implemented yet for class: org.codehaus.groovy.ast.expr.EmptyExpression>: null

16-10-2024T07:02:33 - [TEST_STEP][PASSED] - FB = <not implemented yet for class: org.codehaus.groovy.ast.expr.EmptyExpression>: null

16-10-2024T07:02:33 - [TEST_STEP][PASSED] - TR = <not implemented yet for class: org.codehaus.groovy.ast.expr.EmptyExpression>: null

16-10-2024T07:02:33 - [TEST_STEP][PASSED] - TB = <not implemented yet for class: org.codehaus.groovy.ast.expr.EmptyExpression>: null

16-10-2024T07:02:33 - [TEST_STEP][PASSED] - sheetName = "Sheet1": null

16-10-2024T07:02:33 - [TEST_STEP][PASSED] - data = findTestData("PlanFact"): null

16-10-2024T07:02:33 - [TEST_STEP][PASSED] - n = data.getRowNumbers() + 1: null

16-10-2024T07:02:33 - [TEST_STEP][PASSED] - year = todaysDate.substring(todaysDate.length() - 4, todaysDate.length()): null

16-10-2024T07:02:33 - [TEST_STEP][PASSED] - y = year.toInteger(): null

16-10-2024T07:02:33 - [TEST_STEP][PASSED] - m = getText(findTestObject("Выполнение бизнес-плана/Выполнение бизнес-плана Балансы/Фильтр Дата")): Text of object 'Object Repository/Выполнение бизнес-плана/Выполнение бизнес-плана Балансы/Фильтр Дата' is: '1, 2 кв., Июль, Август 2024 года'

16-10-2024T07:02:33 - [MESSAGE][PASSED] - Text of object 'Object Repository/Выполнение бизнес-плана/Выполнение бизнес-плана Балансы/Фильтр Дата' is: '1, 2 кв., Июль, Август 2024 года'

16-10-2024T07:02:33 - [TEST_STEP][PASSED] - m = m.substring(0, m.indexOf("2024")): null

16-10-2024T07:02:33 - [TEST_STEP][PASSED] - m = m.trim(): null

16-10-2024T07:02:33 - [TEST_STEP][PASSED] - dashboardName = "Выполнение бизнес-плана": null

16-10-2024T07:02:33 - [TEST_STEP][PASSED] - workbook01 = getWorkbook(excelFilePath): null

16-10-2024T07:02:33 - [TEST_STEP][PASSED] - sheet01 = getExcelSheet(workbook01, sheetName): null

16-10-2024T07:02:33 - [TEST_STEP][PASSED] - setValueToCellByIndex(sheet01, n, 0, dashboardName): null

16-10-2024T07:02:33 - [TEST_STEP][PASSED] - setValueToCellByIndex(sheet01, n, 1, dZO): null

16-10-2024T07:02:33 - [TEST_STEP][PASSED] - setValueToCellByIndex(sheet01, n, 2, typeOfData): null

16-10-2024T07:02:33 - [TEST_STEP][PASSED] - setValueToCellByIndex(sheet01, n, 3, typeOfData): null

16-10-2024T07:02:33 - [TEST_STEP][PASSED] - if (typeOfData == "План"): null

16-10-2024T07:02:33 - [TEST_STEP][PASSED] - if (PercPlanR == null): null

16-10-2024T07:02:33 - [TEST_STEP][PASSED] - else: null

16-10-2024T07:02:33 - [TEST_STEP][PASSED] - if (PercPlanR == "нет данных"): null

16-10-2024T07:02:33 - [TEST_STEP][PASSED] - setValueToCellByIndex(sheet01, n, 4, "нет данных"): null

16-10-2024T07:02:33 - [TEST_STEP][PASSED] - if (PercPlanB == null): null

16-10-2024T07:02:33 - [TEST_STEP][PASSED] - else: null

16-10-2024T07:02:33 - [TEST_STEP][PASSED] - if (PercPlanB == "нет данных"): null

16-10-2024T07:02:33 - [TEST_STEP][PASSED] - else: null

16-10-2024T07:02:33 - [TEST_STEP][PASSED] - PB = PercPlanB.toDouble(): null

16-10-2024T07:02:33 - [TEST_STEP][PASSED] - setValueToCellByIndex(sheet01, n, 5, PB): null

16-10-2024T07:02:33 - [TEST_STEP][PASSED] - setValueToCellByIndex(sheet01, n, 6, m): null

16-10-2024T07:02:33 - [TEST_STEP][PASSED] - setValueToCellByIndex(sheet01, n, 7, y): null

16-10-2024T07:02:33 - [TEST_STEP][PASSED] - setValueToCellByIndex(sheet01, n, 8, todaysDate): null

16-10-2024T07:02:33 - [TEST_STEP][PASSED] - n = n + 1: null

16-10-2024T07:02:33 - [TEST_STEP][PASSED] - saveWorkbook(excelFilePath, workbook01): null

16-10-2024T07:02:33 - [TEST_STEP][PASSED] - typeOfData = "Факт": null

16-10-2024T07:02:33 - [TEST_STEP][PASSED] - PercFactR = GetPercFactR(x = a): null

16-10-2024T07:02:33 - [TEST_STEP][PASSED] - i1 = <not implemented yet for class: org.codehaus.groovy.ast.expr.EmptyExpression>: null

16-10-2024T07:02:33 - [TEST_STEP][PASSED] - ii = <not implemented yet for class: org.codehaus.groovy.ast.expr.EmptyExpression>: null

16-10-2024T07:02:33 - [TEST_STEP][PASSED] - for ([ii = 1, ii < 3, (ii++)]): null

16-10-2024T07:02:33 - [TEST_STEP][PASSED] - i1 = x.indexOf("/") + 1: null

16-10-2024T07:02:33 - [TEST_STEP][PASSED] - if (i1 > -1): null

16-10-2024T07:02:33 - [TEST_STEP][PASSED] - x = x.substring(i1, x.length()): null

16-10-2024T07:02:33 - [TEST_STEP][PASSED] - println(x): null

16-10-2024T07:02:33 - [TEST_STEP][PASSED] - i1 = x.indexOf("/") + 1: null

16-10-2024T07:02:33 - [TEST_STEP][PASSED] - if (i1 > -1): null

16-10-2024T07:02:33 - [TEST_STEP][PASSED] - x = x.substring(i1, x.length()): null

16-10-2024T07:02:33 - [TEST_STEP][PASSED] - println(x): null

16-10-2024T07:02:33 - [TEST_STEP][PASSED] - i1 = x.indexOf("/"): null

16-10-2024T07:02:33 - [TEST_STEP][PASSED] - if (i1 > -1): null

16-10-2024T07:02:33 - [TEST_STEP][PASSED] - x = x.substring(0, i1): null

16-10-2024T07:02:33 - [TEST_STEP][PASSED] - println(x): null

16-10-2024T07:02:33 - [TEST_STEP][PASSED] - return x: null

16-10-2024T07:02:33 - [TEST_STEP][PASSED] - PercFactB = GetPercFactB(x = b): null

16-10-2024T07:02:33 - [TEST_STEP][PASSED] - i1 = <not implemented yet for class: org.codehaus.groovy.ast.expr.EmptyExpression>: null

16-10-2024T07:02:33 - [TEST_STEP][PASSED] - ii = <not implemented yet for class: org.codehaus.groovy.ast.expr.EmptyExpression>: null

16-10-2024T07:02:33 - [TEST_STEP][PASSED] - for ([ii = 1, ii < 3, (ii++)]): null

16-10-2024T07:02:33 - [TEST_STEP][PASSED] - i1 = x.indexOf("/") + 1: null

16-10-2024T07:02:33 - [TEST_STEP][PASSED] - if (i1 > -1): null

16-10-2024T07:02:33 - [TEST_STEP][PASSED] - x = x.substring(i1, x.length()): null

16-10-2024T07:02:33 - [TEST_STEP][PASSED] - println(x): null

16-10-2024T07:02:33 - [TEST_STEP][PASSED] - i1 = x.indexOf("/") + 1: null

16-10-2024T07:02:33 - [TEST_STEP][PASSED] - if (i1 > -1): null

16-10-2024T07:02:33 - [TEST_STEP][PASSED] - x = x.substring(i1, x.length()): null

16-10-2024T07:02:33 - [TEST_STEP][PASSED] - println(x): null

16-10-2024T07:02:33 - [TEST_STEP][PASSED] - i1 = x.indexOf("/"): null

16-10-2024T07:02:33 - [TEST_STEP][PASSED] - if (i1 > -1): null

16-10-2024T07:02:33 - [TEST_STEP][PASSED] - x = x.substring(0, i1): null

16-10-2024T07:02:33 - [TEST_STEP][PASSED] - println(x): null

16-10-2024T07:02:33 - [TEST_STEP][FAILED] - return x: null

16-10-2024T07:02:33 - [TEST_STEP][FAILED] - if (verifyEqual(PercFactR, PercFactB) == false): null

16-10-2024T07:02:33 - [MESSAGE][FAILED] - Unable to verify equal between actual object 'нет данных' and expected object '5.20' (Root cause: com.kms.katalon.core.exception.StepFailedException: Actual object 'нет данных' and expected object '5.20' are not equal
	at com.kms.katalon.core.keyword.builtin.VerifyEqualKeyword$_verifyEqual_closure1.doCall(VerifyEqualKeyword.groovy:58)
	at com.kms.katalon.core.keyword.builtin.VerifyEqualKeyword$_verifyEqual_closure1.call(VerifyEqualKeyword.groovy)
	at com.kms.katalon.core.keyword.internal.KeywordMain.runKeyword(KeywordMain.groovy:75)
	at com.kms.katalon.core.keyword.builtin.VerifyEqualKeyword.verifyEqual(VerifyEqualKeyword.groovy:63)
	at com.kms.katalon.core.keyword.builtin.VerifyEqualKeyword.execute(VerifyEqualKeyword.groovy:44)
	at com.kms.katalon.core.keyword.internal.KeywordExecutor.executeKeywordForPlatform(KeywordExecutor.groovy:74)
	at com.kms.katalon.core.keyword.BuiltinKeywords.verifyEqual(BuiltinKeywords.groovy:146)
	at jdk.internal.reflect.GeneratedMethodAccessor25.invoke(Unknown Source)
	at java.base/jdk.internal.reflect.DelegatingMethodAccessorImpl.invoke(DelegatingMethodAccessorImpl.java:43)
	at Выполнение бизнес-плана сверка дашбордов.CompareDZOData(Выполнение бизнес-плана сверка дашбордов:693)
	at Выполнение бизнес-плана сверка дашбордов.run(Выполнение бизнес-плана сверка дашбордов:623)
	at com.kms.katalon.core.main.ScriptEngine.run(ScriptEngine.java:194)
	at com.kms.katalon.core.main.ScriptEngine.runScriptAsRawText(ScriptEngine.java:119)
	at com.kms.katalon.core.main.TestCaseExecutor.runScript(TestCaseExecutor.java:448)
	at com.kms.katalon.core.main.TestCaseExecutor.doExecute(TestCaseExecutor.java:439)
	at com.kms.katalon.core.main.TestCaseExecutor.processExecutionPhase(TestCaseExecutor.java:418)
	at com.kms.katalon.core.main.TestCaseExecutor.accessMainPhase(TestCaseExecutor.java:410)
	at com.kms.katalon.core.main.TestCaseExecutor.execute(TestCaseExecutor.java:285)
	at com.kms.katalon.core.common.CommonExecutor.accessTestCaseMainPhase(CommonExecutor.java:65)
	at com.kms.katalon.core.main.TestSuiteExecutor.accessTestSuiteMainPhase(TestSuiteExecutor.java:150)
	at com.kms.katalon.core.main.TestSuiteExecutor.execute(TestSuiteExecutor.java:106)
	at com.kms.katalon.core.main.TestCaseMain.startTestSuite(TestCaseMain.java:180)
	at TempTestSuite1729050801829.run(TempTestSuite1729050801829.groovy:35)
	at java.base/jdk.internal.reflect.NativeMethodAccessorImpl.invoke0(Native Method)
	at java.base/jdk.internal.reflect.NativeMethodAccessorImpl.invoke(NativeMethodAccessorImpl.java:77)
	at java.base/jdk.internal.reflect.DelegatingMethodAccessorImpl.invoke(DelegatingMethodAccessorImpl.java:43)
)

16-10-2024T07:02:33 - [TEST_STEP][PASSED] - result = WriteToExcel(typeOfData, todaysDate, PercPlanR, PercPlanB, PercFactR, PercFactB, x, tabR, tabB, o1R, o1B, vidget): null

16-10-2024T07:02:33 - [TEST_STEP][PASSED] - iii = dZO.indexOf("/"): null

16-10-2024T07:02:33 - [TEST_STEP][PASSED] - println(iii): null

16-10-2024T07:02:33 - [TEST_STEP][PASSED] - dZO = dZO.substring(0, iii): null

16-10-2024T07:02:33 - [TEST_STEP][PASSED] - println(dZO): null

16-10-2024T07:02:33 - [TEST_STEP][PASSED] - println(PercPlanR): null

16-10-2024T07:02:33 - [TEST_STEP][PASSED] - println(PercPlanB): null

16-10-2024T07:02:33 - [TEST_STEP][PASSED] - println(PercFactR): null

16-10-2024T07:02:33 - [TEST_STEP][PASSED] - println(PercFactB): null

16-10-2024T07:02:33 - [TEST_STEP][PASSED] - println(tabR): null

16-10-2024T07:02:33 - [TEST_STEP][PASSED] - println(tabB): null

16-10-2024T07:02:33 - [TEST_STEP][PASSED] - println(o1R): null

16-10-2024T07:02:33 - [TEST_STEP][PASSED] - println(o1B): null

16-10-2024T07:02:33 - [TEST_STEP][PASSED] - PR = <not implemented yet for class: org.codehaus.groovy.ast.expr.EmptyExpression>: null

16-10-2024T07:02:33 - [TEST_STEP][PASSED] - FR = <not implemented yet for class: org.codehaus.groovy.ast.expr.EmptyExpression>: null

16-10-2024T07:02:33 - [TEST_STEP][PASSED] - PB = <not implemented yet for class: org.codehaus.groovy.ast.expr.EmptyExpression>: null

16-10-2024T07:02:33 - [TEST_STEP][PASSED] - FB = <not implemented yet for class: org.codehaus.groovy.ast.expr.EmptyExpression>: null

16-10-2024T07:02:33 - [TEST_STEP][PASSED] - TR = <not implemented yet for class: org.codehaus.groovy.ast.expr.EmptyExpression>: null

16-10-2024T07:02:33 - [TEST_STEP][PASSED] - TB = <not implemented yet for class: org.codehaus.groovy.ast.expr.EmptyExpression>: null

16-10-2024T07:02:33 - [TEST_STEP][PASSED] - sheetName = "Sheet1": null

16-10-2024T07:02:33 - [TEST_STEP][PASSED] - data = findTestData("PlanFact"): null

16-10-2024T07:02:34 - [TEST_STEP][PASSED] - n = data.getRowNumbers() + 1: null

16-10-2024T07:02:34 - [TEST_STEP][PASSED] - year = todaysDate.substring(todaysDate.length() - 4, todaysDate.length()): null

16-10-2024T07:02:34 - [TEST_STEP][PASSED] - y = year.toInteger(): null

16-10-2024T07:02:34 - [TEST_STEP][PASSED] - m = getText(findTestObject("Выполнение бизнес-плана/Выполнение бизнес-плана Балансы/Фильтр Дата")): Text of object 'Object Repository/Выполнение бизнес-плана/Выполнение бизнес-плана Балансы/Фильтр Дата' is: '1, 2 кв., Июль, Август 2024 года'

16-10-2024T07:02:34 - [MESSAGE][PASSED] - Text of object 'Object Repository/Выполнение бизнес-плана/Выполнение бизнес-плана Балансы/Фильтр Дата' is: '1, 2 кв., Июль, Август 2024 года'

16-10-2024T07:02:34 - [TEST_STEP][PASSED] - m = m.substring(0, m.indexOf("2024")): null

16-10-2024T07:02:34 - [TEST_STEP][PASSED] - m = m.trim(): null

16-10-2024T07:02:34 - [TEST_STEP][PASSED] - dashboardName = "Выполнение бизнес-плана": null

16-10-2024T07:02:34 - [TEST_STEP][PASSED] - workbook01 = getWorkbook(excelFilePath): null

16-10-2024T07:02:34 - [TEST_STEP][PASSED] - sheet01 = getExcelSheet(workbook01, sheetName): null

16-10-2024T07:02:34 - [TEST_STEP][PASSED] - setValueToCellByIndex(sheet01, n, 0, dashboardName): null

16-10-2024T07:02:34 - [TEST_STEP][PASSED] - setValueToCellByIndex(sheet01, n, 1, dZO): null

16-10-2024T07:02:34 - [TEST_STEP][PASSED] - setValueToCellByIndex(sheet01, n, 2, typeOfData): null

16-10-2024T07:02:34 - [TEST_STEP][PASSED] - setValueToCellByIndex(sheet01, n, 3, typeOfData): null

16-10-2024T07:02:34 - [TEST_STEP][PASSED] - if (typeOfData == "План"): null

16-10-2024T07:02:34 - [TEST_STEP][PASSED] - else if (typeOfData == "Факт"): null

16-10-2024T07:02:34 - [TEST_STEP][PASSED] - if (PercFactR == null): null

16-10-2024T07:02:34 - [TEST_STEP][PASSED] - else: null

16-10-2024T07:02:34 - [TEST_STEP][PASSED] - if (PercFactR == "нет данных"): null

16-10-2024T07:02:34 - [TEST_STEP][PASSED] - setValueToCellByIndex(sheet01, n, 4, "нет данных"): null

16-10-2024T07:02:34 - [TEST_STEP][PASSED] - if (PercFactB == null): null

16-10-2024T07:02:34 - [TEST_STEP][PASSED] - else: null

16-10-2024T07:02:34 - [TEST_STEP][PASSED] - if (PercFactB == "нет данных"): null

16-10-2024T07:02:34 - [TEST_STEP][PASSED] - else: null

16-10-2024T07:02:34 - [TEST_STEP][PASSED] - FB = PercFactB.toDouble(): null

16-10-2024T07:02:34 - [TEST_STEP][PASSED] - setValueToCellByIndex(sheet01, n, 5, FB): null

16-10-2024T07:02:34 - [TEST_STEP][PASSED] - setValueToCellByIndex(sheet01, n, 6, m): null

16-10-2024T07:02:34 - [TEST_STEP][PASSED] - setValueToCellByIndex(sheet01, n, 7, y): null

16-10-2024T07:02:34 - [TEST_STEP][PASSED] - setValueToCellByIndex(sheet01, n, 8, todaysDate): null

16-10-2024T07:02:34 - [TEST_STEP][PASSED] - n = n + 1: null

16-10-2024T07:02:34 - [TEST_STEP][PASSED] - saveWorkbook(excelFilePath, workbook01): null

16-10-2024T07:02:34 - [TEST_STEP][PASSED] - vidget = "Показатели баланса электроэнергии по ДЗО – Факт": null

16-10-2024T07:02:34 - [TEST_STEP][PASSED] - typeOfData = "Факт Отпуск в сеть": null

16-10-2024T07:02:34 - [TEST_STEP][PASSED] - tabR = GetOvSFactR(x = a): null

16-10-2024T07:02:34 - [TEST_STEP][PASSED] - i1 = <not implemented yet for class: org.codehaus.groovy.ast.expr.EmptyExpression>: null

16-10-2024T07:02:34 - [TEST_STEP][PASSED] - ii = <not implemented yet for class: org.codehaus.groovy.ast.expr.EmptyExpression>: null

16-10-2024T07:02:34 - [TEST_STEP][PASSED] - for ([ii = 1, ii < 4, (ii++)]): null

16-10-2024T07:02:34 - [TEST_STEP][PASSED] - i1 = x.indexOf("/") + 1: null

16-10-2024T07:02:34 - [TEST_STEP][PASSED] - if (i1 > -1): null

16-10-2024T07:02:34 - [TEST_STEP][PASSED] - x = x.substring(i1, x.length()): null

16-10-2024T07:02:34 - [TEST_STEP][PASSED] - println(x): null

16-10-2024T07:02:34 - [TEST_STEP][PASSED] - i1 = x.indexOf("/") + 1: null

16-10-2024T07:02:34 - [TEST_STEP][PASSED] - if (i1 > -1): null

16-10-2024T07:02:34 - [TEST_STEP][PASSED] - x = x.substring(i1, x.length()): null

16-10-2024T07:02:34 - [TEST_STEP][PASSED] - println(x): null

16-10-2024T07:02:34 - [TEST_STEP][PASSED] - i1 = x.indexOf("/") + 1: null

16-10-2024T07:02:34 - [TEST_STEP][PASSED] - if (i1 > -1): null

16-10-2024T07:02:34 - [TEST_STEP][PASSED] - x = x.substring(i1, x.length()): null

16-10-2024T07:02:34 - [TEST_STEP][PASSED] - println(x): null

16-10-2024T07:02:34 - [TEST_STEP][PASSED] - i1 = x.indexOf("/"): null

16-10-2024T07:02:34 - [TEST_STEP][PASSED] - if (i1 > -1): null

16-10-2024T07:02:34 - [TEST_STEP][PASSED] - x = x.substring(0, i1): null

16-10-2024T07:02:34 - [TEST_STEP][PASSED] - println(x): null

16-10-2024T07:02:34 - [TEST_STEP][PASSED] - return x: null

16-10-2024T07:02:34 - [TEST_STEP][PASSED] - tabB = GetOvSFactB(x = b): null

16-10-2024T07:02:34 - [TEST_STEP][PASSED] - i1 = <not implemented yet for class: org.codehaus.groovy.ast.expr.EmptyExpression>: null

16-10-2024T07:02:34 - [TEST_STEP][PASSED] - ii = <not implemented yet for class: org.codehaus.groovy.ast.expr.EmptyExpression>: null

16-10-2024T07:02:34 - [TEST_STEP][PASSED] - for ([ii = 1, ii < 4, (ii++)]): null

16-10-2024T07:02:34 - [TEST_STEP][PASSED] - i1 = x.indexOf("/") + 1: null

16-10-2024T07:02:34 - [TEST_STEP][PASSED] - if (i1 > -1): null

16-10-2024T07:02:34 - [TEST_STEP][PASSED] - x = x.substring(i1, x.length()): null

16-10-2024T07:02:34 - [TEST_STEP][PASSED] - println(x): null

16-10-2024T07:02:34 - [TEST_STEP][PASSED] - i1 = x.indexOf("/") + 1: null

16-10-2024T07:02:34 - [TEST_STEP][PASSED] - if (i1 > -1): null

16-10-2024T07:02:34 - [TEST_STEP][PASSED] - x = x.substring(i1, x.length()): null

16-10-2024T07:02:34 - [TEST_STEP][PASSED] - println(x): null

16-10-2024T07:02:34 - [TEST_STEP][PASSED] - i1 = x.indexOf("/") + 1: null

16-10-2024T07:02:34 - [TEST_STEP][PASSED] - if (i1 > -1): null

16-10-2024T07:02:34 - [TEST_STEP][PASSED] - x = x.substring(i1, x.length()): null

16-10-2024T07:02:34 - [TEST_STEP][PASSED] - println(x): null

16-10-2024T07:02:34 - [TEST_STEP][PASSED] - i1 = x.indexOf("/"): null

16-10-2024T07:02:34 - [TEST_STEP][PASSED] - if (i1 > -1): null

16-10-2024T07:02:34 - [TEST_STEP][PASSED] - x = x.substring(0, i1): null

16-10-2024T07:02:34 - [TEST_STEP][PASSED] - println(x): null

16-10-2024T07:02:34 - [TEST_STEP][FAILED] - return x: null

16-10-2024T07:02:34 - [TEST_STEP][FAILED] - if (verifyEqual(tabR, tabB) == false): null

16-10-2024T07:02:34 - [MESSAGE][FAILED] - Unable to verify equal between actual object 'нет данных' and expected object '22350148' (Root cause: com.kms.katalon.core.exception.StepFailedException: Actual object 'нет данных' and expected object '22350148' are not equal
	at com.kms.katalon.core.keyword.builtin.VerifyEqualKeyword$_verifyEqual_closure1.doCall(VerifyEqualKeyword.groovy:58)
	at com.kms.katalon.core.keyword.builtin.VerifyEqualKeyword$_verifyEqual_closure1.call(VerifyEqualKeyword.groovy)
	at com.kms.katalon.core.keyword.internal.KeywordMain.runKeyword(KeywordMain.groovy:75)
	at com.kms.katalon.core.keyword.builtin.VerifyEqualKeyword.verifyEqual(VerifyEqualKeyword.groovy:63)
	at com.kms.katalon.core.keyword.builtin.VerifyEqualKeyword.execute(VerifyEqualKeyword.groovy:44)
	at com.kms.katalon.core.keyword.internal.KeywordExecutor.executeKeywordForPlatform(KeywordExecutor.groovy:74)
	at com.kms.katalon.core.keyword.BuiltinKeywords.verifyEqual(BuiltinKeywords.groovy:146)
	at jdk.internal.reflect.GeneratedMethodAccessor25.invoke(Unknown Source)
	at java.base/jdk.internal.reflect.DelegatingMethodAccessorImpl.invoke(DelegatingMethodAccessorImpl.java:43)
	at Выполнение бизнес-плана сверка дашбордов.CompareDZOData(Выполнение бизнес-плана сверка дашбордов:706)
	at Выполнение бизнес-плана сверка дашбордов.run(Выполнение бизнес-плана сверка дашбордов:623)
	at com.kms.katalon.core.main.ScriptEngine.run(ScriptEngine.java:194)
	at com.kms.katalon.core.main.ScriptEngine.runScriptAsRawText(ScriptEngine.java:119)
	at com.kms.katalon.core.main.TestCaseExecutor.runScript(TestCaseExecutor.java:448)
	at com.kms.katalon.core.main.TestCaseExecutor.doExecute(TestCaseExecutor.java:439)
	at com.kms.katalon.core.main.TestCaseExecutor.processExecutionPhase(TestCaseExecutor.java:418)
	at com.kms.katalon.core.main.TestCaseExecutor.accessMainPhase(TestCaseExecutor.java:410)
	at com.kms.katalon.core.main.TestCaseExecutor.execute(TestCaseExecutor.java:285)
	at com.kms.katalon.core.common.CommonExecutor.accessTestCaseMainPhase(CommonExecutor.java:65)
	at com.kms.katalon.core.main.TestSuiteExecutor.accessTestSuiteMainPhase(TestSuiteExecutor.java:150)
	at com.kms.katalon.core.main.TestSuiteExecutor.execute(TestSuiteExecutor.java:106)
	at com.kms.katalon.core.main.TestCaseMain.startTestSuite(TestCaseMain.java:180)
	at TempTestSuite1729050801829.run(TempTestSuite1729050801829.groovy:35)
	at java.base/jdk.internal.reflect.NativeMethodAccessorImpl.invoke0(Native Method)
	at java.base/jdk.internal.reflect.NativeMethodAccessorImpl.invoke(NativeMethodAccessorImpl.java:77)
	at java.base/jdk.internal.reflect.DelegatingMethodAccessorImpl.invoke(DelegatingMethodAccessorImpl.java:43)
)

16-10-2024T07:02:34 - [TEST_STEP][PASSED] - result = WriteToExcel(typeOfData, todaysDate, PercPlanR, PercPlanB, PercFactR, PercFactB, x, tabR, tabB, o1R, o1B, vidget): null

16-10-2024T07:02:34 - [TEST_STEP][PASSED] - iii = dZO.indexOf("/"): null

16-10-2024T07:02:34 - [TEST_STEP][PASSED] - println(iii): null

16-10-2024T07:02:34 - [TEST_STEP][PASSED] - dZO = dZO.substring(0, iii): null

16-10-2024T07:02:34 - [TEST_STEP][PASSED] - println(dZO): null

16-10-2024T07:02:34 - [TEST_STEP][PASSED] - println(PercPlanR): null

16-10-2024T07:02:34 - [TEST_STEP][PASSED] - println(PercPlanB): null

16-10-2024T07:02:34 - [TEST_STEP][PASSED] - println(PercFactR): null

16-10-2024T07:02:34 - [TEST_STEP][PASSED] - println(PercFactB): null

16-10-2024T07:02:34 - [TEST_STEP][PASSED] - println(tabR): null

16-10-2024T07:02:34 - [TEST_STEP][PASSED] - println(tabB): null

16-10-2024T07:02:34 - [TEST_STEP][PASSED] - println(o1R): null

16-10-2024T07:02:34 - [TEST_STEP][PASSED] - println(o1B): null

16-10-2024T07:02:34 - [TEST_STEP][PASSED] - PR = <not implemented yet for class: org.codehaus.groovy.ast.expr.EmptyExpression>: null

16-10-2024T07:02:34 - [TEST_STEP][PASSED] - FR = <not implemented yet for class: org.codehaus.groovy.ast.expr.EmptyExpression>: null

16-10-2024T07:02:34 - [TEST_STEP][PASSED] - PB = <not implemented yet for class: org.codehaus.groovy.ast.expr.EmptyExpression>: null

16-10-2024T07:02:34 - [TEST_STEP][PASSED] - FB = <not implemented yet for class: org.codehaus.groovy.ast.expr.EmptyExpression>: null

16-10-2024T07:02:34 - [TEST_STEP][PASSED] - TR = <not implemented yet for class: org.codehaus.groovy.ast.expr.EmptyExpression>: null

16-10-2024T07:02:34 - [TEST_STEP][PASSED] - TB = <not implemented yet for class: org.codehaus.groovy.ast.expr.EmptyExpression>: null

16-10-2024T07:02:34 - [TEST_STEP][PASSED] - sheetName = "Sheet1": null

16-10-2024T07:02:34 - [TEST_STEP][PASSED] - data = findTestData("PlanFact"): null

16-10-2024T07:02:34 - [TEST_STEP][PASSED] - n = data.getRowNumbers() + 1: null

16-10-2024T07:02:34 - [TEST_STEP][PASSED] - year = todaysDate.substring(todaysDate.length() - 4, todaysDate.length()): null

16-10-2024T07:02:34 - [TEST_STEP][PASSED] - y = year.toInteger(): null

16-10-2024T07:02:34 - [TEST_STEP][PASSED] - m = getText(findTestObject("Выполнение бизнес-плана/Выполнение бизнес-плана Балансы/Фильтр Дата")): Text of object 'Object Repository/Выполнение бизнес-плана/Выполнение бизнес-плана Балансы/Фильтр Дата' is: '1, 2 кв., Июль, Август 2024 года'

16-10-2024T07:02:34 - [MESSAGE][PASSED] - Text of object 'Object Repository/Выполнение бизнес-плана/Выполнение бизнес-плана Балансы/Фильтр Дата' is: '1, 2 кв., Июль, Август 2024 года'

16-10-2024T07:02:34 - [TEST_STEP][PASSED] - m = m.substring(0, m.indexOf("2024")): null

16-10-2024T07:02:34 - [TEST_STEP][PASSED] - m = m.trim(): null

16-10-2024T07:02:34 - [TEST_STEP][PASSED] - dashboardName = "Выполнение бизнес-плана": null

16-10-2024T07:02:34 - [TEST_STEP][PASSED] - workbook01 = getWorkbook(excelFilePath): null

16-10-2024T07:02:35 - [TEST_STEP][PASSED] - sheet01 = getExcelSheet(workbook01, sheetName): null

16-10-2024T07:02:35 - [TEST_STEP][PASSED] - setValueToCellByIndex(sheet01, n, 0, dashboardName): null

16-10-2024T07:02:35 - [TEST_STEP][PASSED] - setValueToCellByIndex(sheet01, n, 1, dZO): null

16-10-2024T07:02:35 - [TEST_STEP][PASSED] - setValueToCellByIndex(sheet01, n, 2, typeOfData): null

16-10-2024T07:02:35 - [TEST_STEP][PASSED] - setValueToCellByIndex(sheet01, n, 3, typeOfData): null

16-10-2024T07:02:35 - [TEST_STEP][PASSED] - if (typeOfData == "План"): null

16-10-2024T07:02:35 - [TEST_STEP][PASSED] - else if (typeOfData == "Факт"): null

16-10-2024T07:02:35 - [TEST_STEP][PASSED] - else if (vidget.contains("электроэнергии") == true): null

16-10-2024T07:02:35 - [TEST_STEP][PASSED] - if (tabR == null): null

16-10-2024T07:02:35 - [TEST_STEP][PASSED] - else: null

16-10-2024T07:02:35 - [TEST_STEP][PASSED] - if (tabR == "нет данных"): null

16-10-2024T07:02:35 - [TEST_STEP][PASSED] - setValueToCellByIndex(sheet01, n, 4, "нет данных"): null

16-10-2024T07:02:35 - [TEST_STEP][PASSED] - if (tabB == null): null

16-10-2024T07:02:35 - [TEST_STEP][PASSED] - else: null

16-10-2024T07:02:35 - [TEST_STEP][PASSED] - if (tabB == "нет данных"): null

16-10-2024T07:02:35 - [TEST_STEP][PASSED] - else: null

16-10-2024T07:02:35 - [TEST_STEP][PASSED] - TB = tabB.toInteger(): null

16-10-2024T07:02:35 - [TEST_STEP][PASSED] - setValueToCellByIndex(sheet01, n, 5, TB): null

16-10-2024T07:02:35 - [TEST_STEP][PASSED] - setValueToCellByIndex(sheet01, n, 6, m): null

16-10-2024T07:02:35 - [TEST_STEP][PASSED] - setValueToCellByIndex(sheet01, n, 7, y): null

16-10-2024T07:02:35 - [TEST_STEP][PASSED] - setValueToCellByIndex(sheet01, n, 8, todaysDate): null

16-10-2024T07:02:35 - [TEST_STEP][PASSED] - n = n + 1: null

16-10-2024T07:02:35 - [TEST_STEP][PASSED] - saveWorkbook(excelFilePath, workbook01): null

16-10-2024T07:02:35 - [TEST_STEP][PASSED] - typeOfData = "Факт Отпуск из сети": null

16-10-2024T07:02:35 - [TEST_STEP][PASSED] - tabR = GetOiSFactR(x = a): null

16-10-2024T07:02:35 - [TEST_STEP][PASSED] - i1 = <not implemented yet for class: org.codehaus.groovy.ast.expr.EmptyExpression>: null

16-10-2024T07:02:35 - [TEST_STEP][PASSED] - ii = <not implemented yet for class: org.codehaus.groovy.ast.expr.EmptyExpression>: null

16-10-2024T07:02:35 - [TEST_STEP][PASSED] - for ([ii = 1, ii < 5, (ii++)]): null

16-10-2024T07:02:35 - [TEST_STEP][PASSED] - i1 = x.indexOf("/") + 1: null

16-10-2024T07:02:35 - [TEST_STEP][PASSED] - if (i1 > -1): null

16-10-2024T07:02:35 - [TEST_STEP][PASSED] - x = x.substring(i1, x.length()): null

16-10-2024T07:02:35 - [TEST_STEP][PASSED] - println(x): null

16-10-2024T07:02:35 - [TEST_STEP][PASSED] - i1 = x.indexOf("/") + 1: null

16-10-2024T07:02:35 - [TEST_STEP][PASSED] - if (i1 > -1): null

16-10-2024T07:02:35 - [TEST_STEP][PASSED] - x = x.substring(i1, x.length()): null

16-10-2024T07:02:35 - [TEST_STEP][PASSED] - println(x): null

16-10-2024T07:02:35 - [TEST_STEP][PASSED] - i1 = x.indexOf("/") + 1: null

16-10-2024T07:02:35 - [TEST_STEP][PASSED] - if (i1 > -1): null

16-10-2024T07:02:35 - [TEST_STEP][PASSED] - x = x.substring(i1, x.length()): null

16-10-2024T07:02:35 - [TEST_STEP][PASSED] - println(x): null

16-10-2024T07:02:35 - [TEST_STEP][PASSED] - i1 = x.indexOf("/") + 1: null

16-10-2024T07:02:35 - [TEST_STEP][PASSED] - if (i1 > -1): null

16-10-2024T07:02:35 - [TEST_STEP][PASSED] - x = x.substring(i1, x.length()): null

16-10-2024T07:02:35 - [TEST_STEP][PASSED] - println(x): null

16-10-2024T07:02:35 - [TEST_STEP][PASSED] - i1 = x.indexOf("/"): null

16-10-2024T07:02:35 - [TEST_STEP][PASSED] - if (i1 > -1): null

16-10-2024T07:02:35 - [TEST_STEP][PASSED] - x = x.substring(0, i1): null

16-10-2024T07:02:35 - [TEST_STEP][PASSED] - println(x): null

16-10-2024T07:02:35 - [TEST_STEP][PASSED] - return x: null

16-10-2024T07:02:35 - [TEST_STEP][PASSED] - tabB = GetOiSFactB(x = b): null

16-10-2024T07:02:35 - [TEST_STEP][PASSED] - i1 = <not implemented yet for class: org.codehaus.groovy.ast.expr.EmptyExpression>: null

16-10-2024T07:02:35 - [TEST_STEP][PASSED] - ii = <not implemented yet for class: org.codehaus.groovy.ast.expr.EmptyExpression>: null

16-10-2024T07:02:35 - [TEST_STEP][PASSED] - for ([ii = 1, ii < 5, (ii++)]): null

16-10-2024T07:02:35 - [TEST_STEP][PASSED] - i1 = x.indexOf("/") + 1: null

16-10-2024T07:02:35 - [TEST_STEP][PASSED] - if (i1 > -1): null

16-10-2024T07:02:35 - [TEST_STEP][PASSED] - x = x.substring(i1, x.length()): null

16-10-2024T07:02:35 - [TEST_STEP][PASSED] - println(x): null

16-10-2024T07:02:35 - [TEST_STEP][PASSED] - i1 = x.indexOf("/") + 1: null

16-10-2024T07:02:35 - [TEST_STEP][PASSED] - if (i1 > -1): null

16-10-2024T07:02:35 - [TEST_STEP][PASSED] - x = x.substring(i1, x.length()): null

16-10-2024T07:02:35 - [TEST_STEP][PASSED] - println(x): null

16-10-2024T07:02:35 - [TEST_STEP][PASSED] - i1 = x.indexOf("/") + 1: null

16-10-2024T07:02:35 - [TEST_STEP][PASSED] - if (i1 > -1): null

16-10-2024T07:02:35 - [TEST_STEP][PASSED] - x = x.substring(i1, x.length()): null

16-10-2024T07:02:35 - [TEST_STEP][PASSED] - println(x): null

16-10-2024T07:02:35 - [TEST_STEP][PASSED] - i1 = x.indexOf("/") + 1: null

16-10-2024T07:02:35 - [TEST_STEP][PASSED] - if (i1 > -1): null

16-10-2024T07:02:35 - [TEST_STEP][PASSED] - x = x.substring(i1, x.length()): null

16-10-2024T07:02:35 - [TEST_STEP][PASSED] - println(x): null

16-10-2024T07:02:35 - [TEST_STEP][PASSED] - i1 = x.indexOf("/"): null

16-10-2024T07:02:35 - [TEST_STEP][PASSED] - if (i1 > -1): null

16-10-2024T07:02:35 - [TEST_STEP][PASSED] - x = x.substring(0, i1): null

16-10-2024T07:02:35 - [TEST_STEP][PASSED] - println(x): null

16-10-2024T07:02:35 - [TEST_STEP][FAILED] - return x: null

16-10-2024T07:02:35 - [TEST_STEP][FAILED] - if (verifyEqual(tabR, tabB) == false): null

16-10-2024T07:02:35 - [MESSAGE][FAILED] - Unable to verify equal between actual object 'нет данных' and expected object '21187495' (Root cause: com.kms.katalon.core.exception.StepFailedException: Actual object 'нет данных' and expected object '21187495' are not equal
	at com.kms.katalon.core.keyword.builtin.VerifyEqualKeyword$_verifyEqual_closure1.doCall(VerifyEqualKeyword.groovy:58)
	at com.kms.katalon.core.keyword.builtin.VerifyEqualKeyword$_verifyEqual_closure1.call(VerifyEqualKeyword.groovy)
	at com.kms.katalon.core.keyword.internal.KeywordMain.runKeyword(KeywordMain.groovy:75)
	at com.kms.katalon.core.keyword.builtin.VerifyEqualKeyword.verifyEqual(VerifyEqualKeyword.groovy:63)
	at com.kms.katalon.core.keyword.builtin.VerifyEqualKeyword.execute(VerifyEqualKeyword.groovy:44)
	at com.kms.katalon.core.keyword.internal.KeywordExecutor.executeKeywordForPlatform(KeywordExecutor.groovy:74)
	at com.kms.katalon.core.keyword.BuiltinKeywords.verifyEqual(BuiltinKeywords.groovy:146)
	at jdk.internal.reflect.GeneratedMethodAccessor25.invoke(Unknown Source)
	at java.base/jdk.internal.reflect.DelegatingMethodAccessorImpl.invoke(DelegatingMethodAccessorImpl.java:43)
	at Выполнение бизнес-плана сверка дашбордов.CompareDZOData(Выполнение бизнес-плана сверка дашбордов:717)
	at Выполнение бизнес-плана сверка дашбордов.run(Выполнение бизнес-плана сверка дашбордов:623)
	at com.kms.katalon.core.main.ScriptEngine.run(ScriptEngine.java:194)
	at com.kms.katalon.core.main.ScriptEngine.runScriptAsRawText(ScriptEngine.java:119)
	at com.kms.katalon.core.main.TestCaseExecutor.runScript(TestCaseExecutor.java:448)
	at com.kms.katalon.core.main.TestCaseExecutor.doExecute(TestCaseExecutor.java:439)
	at com.kms.katalon.core.main.TestCaseExecutor.processExecutionPhase(TestCaseExecutor.java:418)
	at com.kms.katalon.core.main.TestCaseExecutor.accessMainPhase(TestCaseExecutor.java:410)
	at com.kms.katalon.core.main.TestCaseExecutor.execute(TestCaseExecutor.java:285)
	at com.kms.katalon.core.common.CommonExecutor.accessTestCaseMainPhase(CommonExecutor.java:65)
	at com.kms.katalon.core.main.TestSuiteExecutor.accessTestSuiteMainPhase(TestSuiteExecutor.java:150)
	at com.kms.katalon.core.main.TestSuiteExecutor.execute(TestSuiteExecutor.java:106)
	at com.kms.katalon.core.main.TestCaseMain.startTestSuite(TestCaseMain.java:180)
	at TempTestSuite1729050801829.run(TempTestSuite1729050801829.groovy:35)
	at java.base/jdk.internal.reflect.NativeMethodAccessorImpl.invoke0(Native Method)
	at java.base/jdk.internal.reflect.NativeMethodAccessorImpl.invoke(NativeMethodAccessorImpl.java:77)
	at java.base/jdk.internal.reflect.DelegatingMethodAccessorImpl.invoke(DelegatingMethodAccessorImpl.java:43)
)

16-10-2024T07:02:35 - [TEST_STEP][PASSED] - result = WriteToExcel(typeOfData, todaysDate, PercPlanR, PercPlanB, PercFactR, PercFactB, x, tabR, tabB, o1R, o1B, vidget): null

16-10-2024T07:02:35 - [TEST_STEP][PASSED] - iii = dZO.indexOf("/"): null

16-10-2024T07:02:35 - [TEST_STEP][PASSED] - println(iii): null

16-10-2024T07:02:35 - [TEST_STEP][PASSED] - dZO = dZO.substring(0, iii): null

16-10-2024T07:02:35 - [TEST_STEP][PASSED] - println(dZO): null

16-10-2024T07:02:35 - [TEST_STEP][PASSED] - println(PercPlanR): null

16-10-2024T07:02:35 - [TEST_STEP][PASSED] - println(PercPlanB): null

16-10-2024T07:02:35 - [TEST_STEP][PASSED] - println(PercFactR): null

16-10-2024T07:02:35 - [TEST_STEP][PASSED] - println(PercFactB): null

16-10-2024T07:02:35 - [TEST_STEP][PASSED] - println(tabR): null

16-10-2024T07:02:35 - [TEST_STEP][PASSED] - println(tabB): null

16-10-2024T07:02:35 - [TEST_STEP][PASSED] - println(o1R): null

16-10-2024T07:02:35 - [TEST_STEP][PASSED] - println(o1B): null

16-10-2024T07:02:35 - [TEST_STEP][PASSED] - PR = <not implemented yet for class: org.codehaus.groovy.ast.expr.EmptyExpression>: null

16-10-2024T07:02:35 - [TEST_STEP][PASSED] - FR = <not implemented yet for class: org.codehaus.groovy.ast.expr.EmptyExpression>: null

16-10-2024T07:02:35 - [TEST_STEP][PASSED] - PB = <not implemented yet for class: org.codehaus.groovy.ast.expr.EmptyExpression>: null

16-10-2024T07:02:35 - [TEST_STEP][PASSED] - FB = <not implemented yet for class: org.codehaus.groovy.ast.expr.EmptyExpression>: null

16-10-2024T07:02:35 - [TEST_STEP][PASSED] - TR = <not implemented yet for class: org.codehaus.groovy.ast.expr.EmptyExpression>: null

16-10-2024T07:02:35 - [TEST_STEP][PASSED] - TB = <not implemented yet for class: org.codehaus.groovy.ast.expr.EmptyExpression>: null

16-10-2024T07:02:35 - [TEST_STEP][PASSED] - sheetName = "Sheet1": null

16-10-2024T07:02:35 - [TEST_STEP][PASSED] - data = findTestData("PlanFact"): null

16-10-2024T07:02:35 - [TEST_STEP][PASSED] - n = data.getRowNumbers() + 1: null

16-10-2024T07:02:35 - [TEST_STEP][PASSED] - year = todaysDate.substring(todaysDate.length() - 4, todaysDate.length()): null

16-10-2024T07:02:35 - [TEST_STEP][PASSED] - y = year.toInteger(): null

16-10-2024T07:02:35 - [TEST_STEP][PASSED] - m = getText(findTestObject("Выполнение бизнес-плана/Выполнение бизнес-плана Балансы/Фильтр Дата")): Text of object 'Object Repository/Выполнение бизнес-плана/Выполнение бизнес-плана Балансы/Фильтр Дата' is: '1, 2 кв., Июль, Август 2024 года'

16-10-2024T07:02:35 - [MESSAGE][PASSED] - Text of object 'Object Repository/Выполнение бизнес-плана/Выполнение бизнес-плана Балансы/Фильтр Дата' is: '1, 2 кв., Июль, Август 2024 года'

16-10-2024T07:02:35 - [TEST_STEP][PASSED] - m = m.substring(0, m.indexOf("2024")): null

16-10-2024T07:02:35 - [TEST_STEP][PASSED] - m = m.trim(): null

16-10-2024T07:02:35 - [TEST_STEP][PASSED] - dashboardName = "Выполнение бизнес-плана": null

16-10-2024T07:02:35 - [TEST_STEP][PASSED] - workbook01 = getWorkbook(excelFilePath): null

16-10-2024T07:02:35 - [TEST_STEP][PASSED] - sheet01 = getExcelSheet(workbook01, sheetName): null

16-10-2024T07:02:35 - [TEST_STEP][PASSED] - setValueToCellByIndex(sheet01, n, 0, dashboardName): null

16-10-2024T07:02:35 - [TEST_STEP][PASSED] - setValueToCellByIndex(sheet01, n, 1, dZO): null

16-10-2024T07:02:35 - [TEST_STEP][PASSED] - setValueToCellByIndex(sheet01, n, 2, typeOfData): null

16-10-2024T07:02:35 - [TEST_STEP][PASSED] - setValueToCellByIndex(sheet01, n, 3, typeOfData): null

16-10-2024T07:02:35 - [TEST_STEP][PASSED] - if (typeOfData == "План"): null

16-10-2024T07:02:35 - [TEST_STEP][PASSED] - else if (typeOfData == "Факт"): null

16-10-2024T07:02:35 - [TEST_STEP][PASSED] - else if (vidget.contains("электроэнергии") == true): null

16-10-2024T07:02:35 - [TEST_STEP][PASSED] - if (tabR == null): null

16-10-2024T07:02:35 - [TEST_STEP][PASSED] - else: null

16-10-2024T07:02:35 - [TEST_STEP][PASSED] - if (tabR == "нет данных"): null

16-10-2024T07:02:35 - [TEST_STEP][PASSED] - setValueToCellByIndex(sheet01, n, 4, "нет данных"): null

16-10-2024T07:02:35 - [TEST_STEP][PASSED] - if (tabB == null): null

16-10-2024T07:02:35 - [TEST_STEP][PASSED] - else: null

16-10-2024T07:02:35 - [TEST_STEP][PASSED] - if (tabB == "нет данных"): null

16-10-2024T07:02:35 - [TEST_STEP][PASSED] - else: null

16-10-2024T07:02:35 - [TEST_STEP][PASSED] - TB = tabB.toInteger(): null

16-10-2024T07:02:35 - [TEST_STEP][PASSED] - setValueToCellByIndex(sheet01, n, 5, TB): null

16-10-2024T07:02:35 - [TEST_STEP][PASSED] - setValueToCellByIndex(sheet01, n, 6, m): null

16-10-2024T07:02:35 - [TEST_STEP][PASSED] - setValueToCellByIndex(sheet01, n, 7, y): null

16-10-2024T07:02:35 - [TEST_STEP][PASSED] - setValueToCellByIndex(sheet01, n, 8, todaysDate): null

16-10-2024T07:02:35 - [TEST_STEP][PASSED] - n = n + 1: null

16-10-2024T07:02:35 - [TEST_STEP][PASSED] - saveWorkbook(excelFilePath, workbook01): null

16-10-2024T07:02:35 - [TEST_STEP][PASSED] - typeOfData = "Факт Потери": null

16-10-2024T07:02:35 - [TEST_STEP][PASSED] - tabR = GetPFactR(x = a): null

16-10-2024T07:02:35 - [TEST_STEP][PASSED] - i1 = <not implemented yet for class: org.codehaus.groovy.ast.expr.EmptyExpression>: null

16-10-2024T07:02:35 - [TEST_STEP][PASSED] - ii = <not implemented yet for class: org.codehaus.groovy.ast.expr.EmptyExpression>: null

16-10-2024T07:02:35 - [TEST_STEP][PASSED] - for ([ii = 1, ii < 6, (ii++)]): null

16-10-2024T07:02:35 - [TEST_STEP][PASSED] - i1 = x.indexOf("/") + 1: null

16-10-2024T07:02:35 - [TEST_STEP][PASSED] - if (i1 > -1): null

16-10-2024T07:02:35 - [TEST_STEP][PASSED] - x = x.substring(i1, x.length()): null

16-10-2024T07:02:35 - [TEST_STEP][PASSED] - println(x): null

16-10-2024T07:02:35 - [TEST_STEP][PASSED] - i1 = x.indexOf("/") + 1: null

16-10-2024T07:02:35 - [TEST_STEP][PASSED] - if (i1 > -1): null

16-10-2024T07:02:35 - [TEST_STEP][PASSED] - x = x.substring(i1, x.length()): null

16-10-2024T07:02:35 - [TEST_STEP][PASSED] - println(x): null

16-10-2024T07:02:35 - [TEST_STEP][PASSED] - i1 = x.indexOf("/") + 1: null

16-10-2024T07:02:35 - [TEST_STEP][PASSED] - if (i1 > -1): null

16-10-2024T07:02:35 - [TEST_STEP][PASSED] - x = x.substring(i1, x.length()): null

16-10-2024T07:02:35 - [TEST_STEP][PASSED] - println(x): null

16-10-2024T07:02:35 - [TEST_STEP][PASSED] - i1 = x.indexOf("/") + 1: null

16-10-2024T07:02:35 - [TEST_STEP][PASSED] - if (i1 > -1): null

16-10-2024T07:02:35 - [TEST_STEP][PASSED] - x = x.substring(i1, x.length()): null

16-10-2024T07:02:35 - [TEST_STEP][PASSED] - println(x): null

16-10-2024T07:02:35 - [TEST_STEP][PASSED] - i1 = x.indexOf("/") + 1: null

16-10-2024T07:02:35 - [TEST_STEP][PASSED] - if (i1 > -1): null

16-10-2024T07:02:35 - [TEST_STEP][PASSED] - x = x.substring(i1, x.length()): null

16-10-2024T07:02:35 - [TEST_STEP][PASSED] - println(x): null

16-10-2024T07:02:35 - [TEST_STEP][PASSED] - i1 = x.indexOf("/"): null

16-10-2024T07:02:35 - [TEST_STEP][PASSED] - if (i1 > -1): null

16-10-2024T07:02:35 - [TEST_STEP][PASSED] - x = x.substring(0, i1): null

16-10-2024T07:02:35 - [TEST_STEP][PASSED] - println(x): null

16-10-2024T07:02:35 - [TEST_STEP][PASSED] - return x: null

16-10-2024T07:02:35 - [TEST_STEP][PASSED] - tabB = GetPFactB(x = b): null

16-10-2024T07:02:35 - [TEST_STEP][PASSED] - i1 = <not implemented yet for class: org.codehaus.groovy.ast.expr.EmptyExpression>: null

16-10-2024T07:02:35 - [TEST_STEP][PASSED] - ii = <not implemented yet for class: org.codehaus.groovy.ast.expr.EmptyExpression>: null

16-10-2024T07:02:35 - [TEST_STEP][PASSED] - for ([ii = 1, ii < 6, (ii++)]): null

16-10-2024T07:02:35 - [TEST_STEP][PASSED] - i1 = x.indexOf("/") + 1: null

16-10-2024T07:02:35 - [TEST_STEP][PASSED] - if (i1 > -1): null

16-10-2024T07:02:35 - [TEST_STEP][PASSED] - x = x.substring(i1, x.length()): null

16-10-2024T07:02:35 - [TEST_STEP][PASSED] - println(x): null

16-10-2024T07:02:35 - [TEST_STEP][PASSED] - i1 = x.indexOf("/") + 1: null

16-10-2024T07:02:35 - [TEST_STEP][PASSED] - if (i1 > -1): null

16-10-2024T07:02:35 - [TEST_STEP][PASSED] - x = x.substring(i1, x.length()): null

16-10-2024T07:02:35 - [TEST_STEP][PASSED] - println(x): null

16-10-2024T07:02:35 - [TEST_STEP][PASSED] - i1 = x.indexOf("/") + 1: null

16-10-2024T07:02:35 - [TEST_STEP][PASSED] - if (i1 > -1): null

16-10-2024T07:02:35 - [TEST_STEP][PASSED] - x = x.substring(i1, x.length()): null

16-10-2024T07:02:35 - [TEST_STEP][PASSED] - println(x): null

16-10-2024T07:02:35 - [TEST_STEP][PASSED] - i1 = x.indexOf("/") + 1: null

16-10-2024T07:02:35 - [TEST_STEP][PASSED] - if (i1 > -1): null

16-10-2024T07:02:35 - [TEST_STEP][PASSED] - x = x.substring(i1, x.length()): null

16-10-2024T07:02:35 - [TEST_STEP][PASSED] - println(x): null

16-10-2024T07:02:35 - [TEST_STEP][PASSED] - i1 = x.indexOf("/") + 1: null

16-10-2024T07:02:35 - [TEST_STEP][PASSED] - if (i1 > -1): null

16-10-2024T07:02:35 - [TEST_STEP][PASSED] - x = x.substring(i1, x.length()): null

16-10-2024T07:02:35 - [TEST_STEP][PASSED] - println(x): null

16-10-2024T07:02:35 - [TEST_STEP][PASSED] - i1 = x.indexOf("/"): null

16-10-2024T07:02:35 - [TEST_STEP][PASSED] - if (i1 > -1): null

16-10-2024T07:02:35 - [TEST_STEP][PASSED] - x = x.substring(0, i1): null

16-10-2024T07:02:35 - [TEST_STEP][PASSED] - println(x): null

16-10-2024T07:02:35 - [TEST_STEP][FAILED] - return x: null

16-10-2024T07:02:35 - [TEST_STEP][PASSED] - println(tabR + "/" + tabB): null

16-10-2024T07:02:35 - [TEST_STEP][FAILED] - if (verifyEqual(tabR, tabB) == false): null

16-10-2024T07:02:35 - [MESSAGE][FAILED] - Unable to verify equal between actual object 'нет данных' and expected object '1162653' (Root cause: com.kms.katalon.core.exception.StepFailedException: Actual object 'нет данных' and expected object '1162653' are not equal
	at com.kms.katalon.core.keyword.builtin.VerifyEqualKeyword$_verifyEqual_closure1.doCall(VerifyEqualKeyword.groovy:58)
	at com.kms.katalon.core.keyword.builtin.VerifyEqualKeyword$_verifyEqual_closure1.call(VerifyEqualKeyword.groovy)
	at com.kms.katalon.core.keyword.internal.KeywordMain.runKeyword(KeywordMain.groovy:75)
	at com.kms.katalon.core.keyword.builtin.VerifyEqualKeyword.verifyEqual(VerifyEqualKeyword.groovy:63)
	at com.kms.katalon.core.keyword.builtin.VerifyEqualKeyword.execute(VerifyEqualKeyword.groovy:44)
	at com.kms.katalon.core.keyword.internal.KeywordExecutor.executeKeywordForPlatform(KeywordExecutor.groovy:74)
	at com.kms.katalon.core.keyword.BuiltinKeywords.verifyEqual(BuiltinKeywords.groovy:146)
	at jdk.internal.reflect.GeneratedMethodAccessor25.invoke(Unknown Source)
	at java.base/jdk.internal.reflect.DelegatingMethodAccessorImpl.invoke(DelegatingMethodAccessorImpl.java:43)
	at Выполнение бизнес-плана сверка дашбордов.CompareDZOData(Выполнение бизнес-плана сверка дашбордов:730)
	at Выполнение бизнес-плана сверка дашбордов.run(Выполнение бизнес-плана сверка дашбордов:623)
	at com.kms.katalon.core.main.ScriptEngine.run(ScriptEngine.java:194)
	at com.kms.katalon.core.main.ScriptEngine.runScriptAsRawText(ScriptEngine.java:119)
	at com.kms.katalon.core.main.TestCaseExecutor.runScript(TestCaseExecutor.java:448)
	at com.kms.katalon.core.main.TestCaseExecutor.doExecute(TestCaseExecutor.java:439)
	at com.kms.katalon.core.main.TestCaseExecutor.processExecutionPhase(TestCaseExecutor.java:418)
	at com.kms.katalon.core.main.TestCaseExecutor.accessMainPhase(TestCaseExecutor.java:410)
	at com.kms.katalon.core.main.TestCaseExecutor.execute(TestCaseExecutor.java:285)
	at com.kms.katalon.core.common.CommonExecutor.accessTestCaseMainPhase(CommonExecutor.java:65)
	at com.kms.katalon.core.main.TestSuiteExecutor.accessTestSuiteMainPhase(TestSuiteExecutor.java:150)
	at com.kms.katalon.core.main.TestSuiteExecutor.execute(TestSuiteExecutor.java:106)
	at com.kms.katalon.core.main.TestCaseMain.startTestSuite(TestCaseMain.java:180)
	at TempTestSuite1729050801829.run(TempTestSuite1729050801829.groovy:35)
	at java.base/jdk.internal.reflect.NativeMethodAccessorImpl.invoke0(Native Method)
	at java.base/jdk.internal.reflect.NativeMethodAccessorImpl.invoke(NativeMethodAccessorImpl.java:77)
	at java.base/jdk.internal.reflect.DelegatingMethodAccessorImpl.invoke(DelegatingMethodAccessorImpl.java:43)
)

16-10-2024T07:02:35 - [TEST_STEP][PASSED] - result = WriteToExcel(typeOfData, todaysDate, PercPlanR, PercPlanB, PercFactR, PercFactB, x, tabR, tabB, o1R, o1B, vidget): null

16-10-2024T07:02:35 - [TEST_STEP][PASSED] - iii = dZO.indexOf("/"): null

16-10-2024T07:02:35 - [TEST_STEP][PASSED] - println(iii): null

16-10-2024T07:02:35 - [TEST_STEP][PASSED] - dZO = dZO.substring(0, iii): null

16-10-2024T07:02:35 - [TEST_STEP][PASSED] - println(dZO): null

16-10-2024T07:02:35 - [TEST_STEP][PASSED] - println(PercPlanR): null

16-10-2024T07:02:35 - [TEST_STEP][PASSED] - println(PercPlanB): null

16-10-2024T07:02:35 - [TEST_STEP][PASSED] - println(PercFactR): null

16-10-2024T07:02:35 - [TEST_STEP][PASSED] - println(PercFactB): null

16-10-2024T07:02:35 - [TEST_STEP][PASSED] - println(tabR): null

16-10-2024T07:02:35 - [TEST_STEP][PASSED] - println(tabB): null

16-10-2024T07:02:35 - [TEST_STEP][PASSED] - println(o1R): null

16-10-2024T07:02:35 - [TEST_STEP][PASSED] - println(o1B): null

16-10-2024T07:02:35 - [TEST_STEP][PASSED] - PR = <not implemented yet for class: org.codehaus.groovy.ast.expr.EmptyExpression>: null

16-10-2024T07:02:35 - [TEST_STEP][PASSED] - FR = <not implemented yet for class: org.codehaus.groovy.ast.expr.EmptyExpression>: null

16-10-2024T07:02:35 - [TEST_STEP][PASSED] - PB = <not implemented yet for class: org.codehaus.groovy.ast.expr.EmptyExpression>: null

16-10-2024T07:02:35 - [TEST_STEP][PASSED] - FB = <not implemented yet for class: org.codehaus.groovy.ast.expr.EmptyExpression>: null

16-10-2024T07:02:35 - [TEST_STEP][PASSED] - TR = <not implemented yet for class: org.codehaus.groovy.ast.expr.EmptyExpression>: null

16-10-2024T07:02:35 - [TEST_STEP][PASSED] - TB = <not implemented yet for class: org.codehaus.groovy.ast.expr.EmptyExpression>: null

16-10-2024T07:02:35 - [TEST_STEP][PASSED] - sheetName = "Sheet1": null

16-10-2024T07:02:35 - [TEST_STEP][PASSED] - data = findTestData("PlanFact"): null

16-10-2024T07:02:35 - [TEST_STEP][PASSED] - n = data.getRowNumbers() + 1: null

16-10-2024T07:02:35 - [TEST_STEP][PASSED] - year = todaysDate.substring(todaysDate.length() - 4, todaysDate.length()): null

16-10-2024T07:02:35 - [TEST_STEP][PASSED] - y = year.toInteger(): null

16-10-2024T07:02:35 - [TEST_STEP][PASSED] - m = getText(findTestObject("Выполнение бизнес-плана/Выполнение бизнес-плана Балансы/Фильтр Дата")): Text of object 'Object Repository/Выполнение бизнес-плана/Выполнение бизнес-плана Балансы/Фильтр Дата' is: '1, 2 кв., Июль, Август 2024 года'

16-10-2024T07:02:36 - [MESSAGE][PASSED] - Text of object 'Object Repository/Выполнение бизнес-плана/Выполнение бизнес-плана Балансы/Фильтр Дата' is: '1, 2 кв., Июль, Август 2024 года'

16-10-2024T07:02:36 - [TEST_STEP][PASSED] - m = m.substring(0, m.indexOf("2024")): null

16-10-2024T07:02:36 - [TEST_STEP][PASSED] - m = m.trim(): null

16-10-2024T07:02:36 - [TEST_STEP][PASSED] - dashboardName = "Выполнение бизнес-плана": null

16-10-2024T07:02:36 - [TEST_STEP][PASSED] - workbook01 = getWorkbook(excelFilePath): null

16-10-2024T07:02:36 - [TEST_STEP][PASSED] - sheet01 = getExcelSheet(workbook01, sheetName): null

16-10-2024T07:02:36 - [TEST_STEP][PASSED] - setValueToCellByIndex(sheet01, n, 0, dashboardName): null

16-10-2024T07:02:36 - [TEST_STEP][PASSED] - setValueToCellByIndex(sheet01, n, 1, dZO): null

16-10-2024T07:02:36 - [TEST_STEP][PASSED] - setValueToCellByIndex(sheet01, n, 2, typeOfData): null

16-10-2024T07:02:36 - [TEST_STEP][PASSED] - setValueToCellByIndex(sheet01, n, 3, typeOfData): null

16-10-2024T07:02:36 - [TEST_STEP][PASSED] - if (typeOfData == "План"): null

16-10-2024T07:02:36 - [TEST_STEP][PASSED] - else if (typeOfData == "Факт"): null

16-10-2024T07:02:36 - [TEST_STEP][PASSED] - else if (vidget.contains("электроэнергии") == true): null

16-10-2024T07:02:36 - [TEST_STEP][PASSED] - if (tabR == null): null

16-10-2024T07:02:36 - [TEST_STEP][PASSED] - else: null

16-10-2024T07:02:36 - [TEST_STEP][PASSED] - if (tabR == "нет данных"): null

16-10-2024T07:02:36 - [TEST_STEP][PASSED] - setValueToCellByIndex(sheet01, n, 4, "нет данных"): null

16-10-2024T07:02:36 - [TEST_STEP][PASSED] - if (tabB == null): null

16-10-2024T07:02:36 - [TEST_STEP][PASSED] - else: null

16-10-2024T07:02:36 - [TEST_STEP][PASSED] - if (tabB == "нет данных"): null

16-10-2024T07:02:36 - [TEST_STEP][PASSED] - else: null

16-10-2024T07:02:36 - [TEST_STEP][PASSED] - TB = tabB.toInteger(): null

16-10-2024T07:02:36 - [TEST_STEP][PASSED] - setValueToCellByIndex(sheet01, n, 5, TB): null

16-10-2024T07:02:36 - [TEST_STEP][PASSED] - setValueToCellByIndex(sheet01, n, 6, m): null

16-10-2024T07:02:36 - [TEST_STEP][PASSED] - setValueToCellByIndex(sheet01, n, 7, y): null

16-10-2024T07:02:36 - [TEST_STEP][PASSED] - setValueToCellByIndex(sheet01, n, 8, todaysDate): null

16-10-2024T07:02:36 - [TEST_STEP][PASSED] - n = n + 1: null

16-10-2024T07:02:36 - [TEST_STEP][PASSED] - saveWorkbook(excelFilePath, workbook01): null

16-10-2024T07:02:36 - [TEST_STEP][PASSED] - vidget = "Показатели баланса электроэнергии по ДЗО – План": null

16-10-2024T07:02:36 - [TEST_STEP][PASSED] - typeOfData = "План Отпуск в сеть": null

16-10-2024T07:02:36 - [TEST_STEP][PASSED] - tabR = GetOvSPlanR(x = a): null

16-10-2024T07:02:36 - [TEST_STEP][PASSED] - i1 = <not implemented yet for class: org.codehaus.groovy.ast.expr.EmptyExpression>: null

16-10-2024T07:02:36 - [TEST_STEP][PASSED] - ii = <not implemented yet for class: org.codehaus.groovy.ast.expr.EmptyExpression>: null

16-10-2024T07:02:36 - [TEST_STEP][PASSED] - for ([ii = 1, ii < 7, (ii++)]): null

16-10-2024T07:02:36 - [TEST_STEP][PASSED] - i1 = x.indexOf("/") + 1: null

16-10-2024T07:02:36 - [TEST_STEP][PASSED] - if (i1 > -1): null

16-10-2024T07:02:36 - [TEST_STEP][PASSED] - x = x.substring(i1, x.length()): null

16-10-2024T07:02:36 - [TEST_STEP][PASSED] - println(x): null

16-10-2024T07:02:36 - [TEST_STEP][PASSED] - i1 = x.indexOf("/") + 1: null

16-10-2024T07:02:36 - [TEST_STEP][PASSED] - if (i1 > -1): null

16-10-2024T07:02:36 - [TEST_STEP][PASSED] - x = x.substring(i1, x.length()): null

16-10-2024T07:02:36 - [TEST_STEP][PASSED] - println(x): null

16-10-2024T07:02:36 - [TEST_STEP][PASSED] - i1 = x.indexOf("/") + 1: null

16-10-2024T07:02:36 - [TEST_STEP][PASSED] - if (i1 > -1): null

16-10-2024T07:02:36 - [TEST_STEP][PASSED] - x = x.substring(i1, x.length()): null

16-10-2024T07:02:36 - [TEST_STEP][PASSED] - println(x): null

16-10-2024T07:02:36 - [TEST_STEP][PASSED] - i1 = x.indexOf("/") + 1: null

16-10-2024T07:02:36 - [TEST_STEP][PASSED] - if (i1 > -1): null

16-10-2024T07:02:36 - [TEST_STEP][PASSED] - x = x.substring(i1, x.length()): null

16-10-2024T07:02:36 - [TEST_STEP][PASSED] - println(x): null

16-10-2024T07:02:36 - [TEST_STEP][PASSED] - i1 = x.indexOf("/") + 1: null

16-10-2024T07:02:36 - [TEST_STEP][PASSED] - if (i1 > -1): null

16-10-2024T07:02:36 - [TEST_STEP][PASSED] - x = x.substring(i1, x.length()): null

16-10-2024T07:02:36 - [TEST_STEP][PASSED] - println(x): null

16-10-2024T07:02:36 - [TEST_STEP][PASSED] - i1 = x.indexOf("/") + 1: null

16-10-2024T07:02:36 - [TEST_STEP][PASSED] - if (i1 > -1): null

16-10-2024T07:02:36 - [TEST_STEP][PASSED] - x = x.substring(i1, x.length()): null

16-10-2024T07:02:36 - [TEST_STEP][PASSED] - println(x): null

16-10-2024T07:02:36 - [TEST_STEP][PASSED] - i1 = x.indexOf("/"): null

16-10-2024T07:02:36 - [TEST_STEP][PASSED] - if (i1 > -1): null

16-10-2024T07:02:36 - [TEST_STEP][PASSED] - x = x.substring(0, i1): null

16-10-2024T07:02:36 - [TEST_STEP][PASSED] - println(x): null

16-10-2024T07:02:36 - [TEST_STEP][PASSED] - return x: null

16-10-2024T07:02:36 - [TEST_STEP][PASSED] - tabB = GetOvSPlanB(x = b): null

16-10-2024T07:02:36 - [TEST_STEP][PASSED] - i1 = <not implemented yet for class: org.codehaus.groovy.ast.expr.EmptyExpression>: null

16-10-2024T07:02:36 - [TEST_STEP][PASSED] - ii = <not implemented yet for class: org.codehaus.groovy.ast.expr.EmptyExpression>: null

16-10-2024T07:02:36 - [TEST_STEP][PASSED] - for ([ii = 1, ii < 7, (ii++)]): null

16-10-2024T07:02:36 - [TEST_STEP][PASSED] - i1 = x.indexOf("/") + 1: null

16-10-2024T07:02:36 - [TEST_STEP][PASSED] - if (i1 > -1): null

16-10-2024T07:02:36 - [TEST_STEP][PASSED] - x = x.substring(i1, x.length()): null

16-10-2024T07:02:36 - [TEST_STEP][PASSED] - println(x): null

16-10-2024T07:02:36 - [TEST_STEP][PASSED] - i1 = x.indexOf("/") + 1: null

16-10-2024T07:02:36 - [TEST_STEP][PASSED] - if (i1 > -1): null

16-10-2024T07:02:36 - [TEST_STEP][PASSED] - x = x.substring(i1, x.length()): null

16-10-2024T07:02:36 - [TEST_STEP][PASSED] - println(x): null

16-10-2024T07:02:36 - [TEST_STEP][PASSED] - i1 = x.indexOf("/") + 1: null

16-10-2024T07:02:36 - [TEST_STEP][PASSED] - if (i1 > -1): null

16-10-2024T07:02:36 - [TEST_STEP][PASSED] - x = x.substring(i1, x.length()): null

16-10-2024T07:02:36 - [TEST_STEP][PASSED] - println(x): null

16-10-2024T07:02:36 - [TEST_STEP][PASSED] - i1 = x.indexOf("/") + 1: null

16-10-2024T07:02:36 - [TEST_STEP][PASSED] - if (i1 > -1): null

16-10-2024T07:02:36 - [TEST_STEP][PASSED] - x = x.substring(i1, x.length()): null

16-10-2024T07:02:36 - [TEST_STEP][PASSED] - println(x): null

16-10-2024T07:02:36 - [TEST_STEP][PASSED] - i1 = x.indexOf("/") + 1: null

16-10-2024T07:02:36 - [TEST_STEP][PASSED] - if (i1 > -1): null

16-10-2024T07:02:36 - [TEST_STEP][PASSED] - x = x.substring(i1, x.length()): null

16-10-2024T07:02:36 - [TEST_STEP][PASSED] - println(x): null

16-10-2024T07:02:36 - [TEST_STEP][PASSED] - i1 = x.indexOf("/") + 1: null

16-10-2024T07:02:36 - [TEST_STEP][PASSED] - if (i1 > -1): null

16-10-2024T07:02:36 - [TEST_STEP][PASSED] - x = x.substring(i1, x.length()): null

16-10-2024T07:02:36 - [TEST_STEP][PASSED] - println(x): null

16-10-2024T07:02:36 - [TEST_STEP][PASSED] - i1 = x.indexOf("/"): null

16-10-2024T07:02:36 - [TEST_STEP][PASSED] - if (i1 > -1): null

16-10-2024T07:02:36 - [TEST_STEP][PASSED] - x = x.substring(0, i1): null

16-10-2024T07:02:36 - [TEST_STEP][PASSED] - println(x): null

16-10-2024T07:02:36 - [TEST_STEP][FAILED] - return x: null

16-10-2024T07:02:36 - [TEST_STEP][PASSED] - println(tabR + "/" + tabB): null

16-10-2024T07:02:36 - [TEST_STEP][FAILED] - if (verifyEqual(PercFactR, PercFactB) == false): null

16-10-2024T07:02:36 - [MESSAGE][FAILED] - Unable to verify equal between actual object 'нет данных' and expected object '5.20' (Root cause: com.kms.katalon.core.exception.StepFailedException: Actual object 'нет данных' and expected object '5.20' are not equal
	at com.kms.katalon.core.keyword.builtin.VerifyEqualKeyword$_verifyEqual_closure1.doCall(VerifyEqualKeyword.groovy:58)
	at com.kms.katalon.core.keyword.builtin.VerifyEqualKeyword$_verifyEqual_closure1.call(VerifyEqualKeyword.groovy)
	at com.kms.katalon.core.keyword.internal.KeywordMain.runKeyword(KeywordMain.groovy:75)
	at com.kms.katalon.core.keyword.builtin.VerifyEqualKeyword.verifyEqual(VerifyEqualKeyword.groovy:63)
	at com.kms.katalon.core.keyword.builtin.VerifyEqualKeyword.execute(VerifyEqualKeyword.groovy:44)
	at com.kms.katalon.core.keyword.internal.KeywordExecutor.executeKeywordForPlatform(KeywordExecutor.groovy:74)
	at com.kms.katalon.core.keyword.BuiltinKeywords.verifyEqual(BuiltinKeywords.groovy:146)
	at jdk.internal.reflect.GeneratedMethodAccessor25.invoke(Unknown Source)
	at java.base/jdk.internal.reflect.DelegatingMethodAccessorImpl.invoke(DelegatingMethodAccessorImpl.java:43)
	at Выполнение бизнес-плана сверка дашбордов.CompareDZOData(Выполнение бизнес-плана сверка дашбордов:745)
	at Выполнение бизнес-плана сверка дашбордов.run(Выполнение бизнес-плана сверка дашбордов:623)
	at com.kms.katalon.core.main.ScriptEngine.run(ScriptEngine.java:194)
	at com.kms.katalon.core.main.ScriptEngine.runScriptAsRawText(ScriptEngine.java:119)
	at com.kms.katalon.core.main.TestCaseExecutor.runScript(TestCaseExecutor.java:448)
	at com.kms.katalon.core.main.TestCaseExecutor.doExecute(TestCaseExecutor.java:439)
	at com.kms.katalon.core.main.TestCaseExecutor.processExecutionPhase(TestCaseExecutor.java:418)
	at com.kms.katalon.core.main.TestCaseExecutor.accessMainPhase(TestCaseExecutor.java:410)
	at com.kms.katalon.core.main.TestCaseExecutor.execute(TestCaseExecutor.java:285)
	at com.kms.katalon.core.common.CommonExecutor.accessTestCaseMainPhase(CommonExecutor.java:65)
	at com.kms.katalon.core.main.TestSuiteExecutor.accessTestSuiteMainPhase(TestSuiteExecutor.java:150)
	at com.kms.katalon.core.main.TestSuiteExecutor.execute(TestSuiteExecutor.java:106)
	at com.kms.katalon.core.main.TestCaseMain.startTestSuite(TestCaseMain.java:180)
	at TempTestSuite1729050801829.run(TempTestSuite1729050801829.groovy:35)
	at java.base/jdk.internal.reflect.NativeMethodAccessorImpl.invoke0(Native Method)
	at java.base/jdk.internal.reflect.NativeMethodAccessorImpl.invoke(NativeMethodAccessorImpl.java:77)
	at java.base/jdk.internal.reflect.DelegatingMethodAccessorImpl.invoke(DelegatingMethodAccessorImpl.java:43)
)

16-10-2024T07:02:36 - [TEST_STEP][PASSED] - result = WriteToExcel(typeOfData, todaysDate, PercPlanR, PercPlanB, PercFactR, PercFactB, x, tabR, tabB, o1R, o1B, vidget): null

16-10-2024T07:02:36 - [TEST_STEP][PASSED] - iii = dZO.indexOf("/"): null

16-10-2024T07:02:36 - [TEST_STEP][PASSED] - println(iii): null

16-10-2024T07:02:36 - [TEST_STEP][PASSED] - dZO = dZO.substring(0, iii): null

16-10-2024T07:02:36 - [TEST_STEP][PASSED] - println(dZO): null

16-10-2024T07:02:36 - [TEST_STEP][PASSED] - println(PercPlanR): null

16-10-2024T07:02:36 - [TEST_STEP][PASSED] - println(PercPlanB): null

16-10-2024T07:02:36 - [TEST_STEP][PASSED] - println(PercFactR): null

16-10-2024T07:02:36 - [TEST_STEP][PASSED] - println(PercFactB): null

16-10-2024T07:02:36 - [TEST_STEP][PASSED] - println(tabR): null

16-10-2024T07:02:36 - [TEST_STEP][PASSED] - println(tabB): null

16-10-2024T07:02:36 - [TEST_STEP][PASSED] - println(o1R): null

16-10-2024T07:02:36 - [TEST_STEP][PASSED] - println(o1B): null

16-10-2024T07:02:36 - [TEST_STEP][PASSED] - PR = <not implemented yet for class: org.codehaus.groovy.ast.expr.EmptyExpression>: null

16-10-2024T07:02:36 - [TEST_STEP][PASSED] - FR = <not implemented yet for class: org.codehaus.groovy.ast.expr.EmptyExpression>: null

16-10-2024T07:02:36 - [TEST_STEP][PASSED] - PB = <not implemented yet for class: org.codehaus.groovy.ast.expr.EmptyExpression>: null

16-10-2024T07:02:36 - [TEST_STEP][PASSED] - FB = <not implemented yet for class: org.codehaus.groovy.ast.expr.EmptyExpression>: null

16-10-2024T07:02:36 - [TEST_STEP][PASSED] - TR = <not implemented yet for class: org.codehaus.groovy.ast.expr.EmptyExpression>: null

16-10-2024T07:02:36 - [TEST_STEP][PASSED] - TB = <not implemented yet for class: org.codehaus.groovy.ast.expr.EmptyExpression>: null

16-10-2024T07:02:36 - [TEST_STEP][PASSED] - sheetName = "Sheet1": null

16-10-2024T07:02:36 - [TEST_STEP][PASSED] - data = findTestData("PlanFact"): null

16-10-2024T07:02:36 - [TEST_STEP][PASSED] - n = data.getRowNumbers() + 1: null

16-10-2024T07:02:36 - [TEST_STEP][PASSED] - year = todaysDate.substring(todaysDate.length() - 4, todaysDate.length()): null

16-10-2024T07:02:36 - [TEST_STEP][PASSED] - y = year.toInteger(): null

16-10-2024T07:02:36 - [TEST_STEP][PASSED] - m = getText(findTestObject("Выполнение бизнес-плана/Выполнение бизнес-плана Балансы/Фильтр Дата")): Text of object 'Object Repository/Выполнение бизнес-плана/Выполнение бизнес-плана Балансы/Фильтр Дата' is: '1, 2 кв., Июль, Август 2024 года'

16-10-2024T07:02:36 - [MESSAGE][PASSED] - Text of object 'Object Repository/Выполнение бизнес-плана/Выполнение бизнес-плана Балансы/Фильтр Дата' is: '1, 2 кв., Июль, Август 2024 года'

16-10-2024T07:02:36 - [TEST_STEP][PASSED] - m = m.substring(0, m.indexOf("2024")): null

16-10-2024T07:02:36 - [TEST_STEP][PASSED] - m = m.trim(): null

16-10-2024T07:02:36 - [TEST_STEP][PASSED] - dashboardName = "Выполнение бизнес-плана": null

16-10-2024T07:02:36 - [TEST_STEP][PASSED] - workbook01 = getWorkbook(excelFilePath): null

16-10-2024T07:02:36 - [TEST_STEP][PASSED] - sheet01 = getExcelSheet(workbook01, sheetName): null

16-10-2024T07:02:36 - [TEST_STEP][PASSED] - setValueToCellByIndex(sheet01, n, 0, dashboardName): null

16-10-2024T07:02:36 - [TEST_STEP][PASSED] - setValueToCellByIndex(sheet01, n, 1, dZO): null

16-10-2024T07:02:36 - [TEST_STEP][PASSED] - setValueToCellByIndex(sheet01, n, 2, typeOfData): null

16-10-2024T07:02:36 - [TEST_STEP][PASSED] - setValueToCellByIndex(sheet01, n, 3, typeOfData): null

16-10-2024T07:02:36 - [TEST_STEP][PASSED] - if (typeOfData == "План"): null

16-10-2024T07:02:36 - [TEST_STEP][PASSED] - else if (typeOfData == "Факт"): null

16-10-2024T07:02:36 - [TEST_STEP][PASSED] - else if (vidget.contains("электроэнергии") == true): null

16-10-2024T07:02:36 - [TEST_STEP][PASSED] - if (tabR == null): null

16-10-2024T07:02:36 - [TEST_STEP][PASSED] - else: null

16-10-2024T07:02:36 - [TEST_STEP][PASSED] - if (tabR == "нет данных"): null

16-10-2024T07:02:36 - [TEST_STEP][PASSED] - setValueToCellByIndex(sheet01, n, 4, "нет данных"): null

16-10-2024T07:02:36 - [TEST_STEP][PASSED] - if (tabB == null): null

16-10-2024T07:02:36 - [TEST_STEP][PASSED] - else: null

16-10-2024T07:02:36 - [TEST_STEP][PASSED] - if (tabB == "нет данных"): null

16-10-2024T07:02:36 - [TEST_STEP][PASSED] - else: null

16-10-2024T07:02:36 - [TEST_STEP][PASSED] - TB = tabB.toInteger(): null

16-10-2024T07:02:36 - [TEST_STEP][PASSED] - setValueToCellByIndex(sheet01, n, 5, TB): null

16-10-2024T07:02:36 - [TEST_STEP][PASSED] - setValueToCellByIndex(sheet01, n, 6, m): null

16-10-2024T07:02:36 - [TEST_STEP][PASSED] - setValueToCellByIndex(sheet01, n, 7, y): null

16-10-2024T07:02:36 - [TEST_STEP][PASSED] - setValueToCellByIndex(sheet01, n, 8, todaysDate): null

16-10-2024T07:02:36 - [TEST_STEP][PASSED] - n = n + 1: null

16-10-2024T07:02:36 - [TEST_STEP][PASSED] - saveWorkbook(excelFilePath, workbook01): null

16-10-2024T07:02:37 - [TEST_STEP][PASSED] - typeOfData = "План Отпуск из сети": null

16-10-2024T07:02:37 - [TEST_STEP][PASSED] - tabR = GetOiSPlanR(x = a): null

16-10-2024T07:02:37 - [TEST_STEP][PASSED] - i1 = <not implemented yet for class: org.codehaus.groovy.ast.expr.EmptyExpression>: null

16-10-2024T07:02:37 - [TEST_STEP][PASSED] - ii = <not implemented yet for class: org.codehaus.groovy.ast.expr.EmptyExpression>: null

16-10-2024T07:02:37 - [TEST_STEP][PASSED] - for ([ii = 1, ii < 8, (ii++)]): null

16-10-2024T07:02:37 - [TEST_STEP][PASSED] - i1 = x.indexOf("/") + 1: null

16-10-2024T07:02:37 - [TEST_STEP][PASSED] - if (i1 > -1): null

16-10-2024T07:02:37 - [TEST_STEP][PASSED] - x = x.substring(i1, x.length()): null

16-10-2024T07:02:37 - [TEST_STEP][PASSED] - println(x): null

16-10-2024T07:02:37 - [TEST_STEP][PASSED] - i1 = x.indexOf("/") + 1: null

16-10-2024T07:02:37 - [TEST_STEP][PASSED] - if (i1 > -1): null

16-10-2024T07:02:37 - [TEST_STEP][PASSED] - x = x.substring(i1, x.length()): null

16-10-2024T07:02:37 - [TEST_STEP][PASSED] - println(x): null

16-10-2024T07:02:37 - [TEST_STEP][PASSED] - i1 = x.indexOf("/") + 1: null

16-10-2024T07:02:37 - [TEST_STEP][PASSED] - if (i1 > -1): null

16-10-2024T07:02:37 - [TEST_STEP][PASSED] - x = x.substring(i1, x.length()): null

16-10-2024T07:02:37 - [TEST_STEP][PASSED] - println(x): null

16-10-2024T07:02:37 - [TEST_STEP][PASSED] - i1 = x.indexOf("/") + 1: null

16-10-2024T07:02:37 - [TEST_STEP][PASSED] - if (i1 > -1): null

16-10-2024T07:02:37 - [TEST_STEP][PASSED] - x = x.substring(i1, x.length()): null

16-10-2024T07:02:37 - [TEST_STEP][PASSED] - println(x): null

16-10-2024T07:02:37 - [TEST_STEP][PASSED] - i1 = x.indexOf("/") + 1: null

16-10-2024T07:02:37 - [TEST_STEP][PASSED] - if (i1 > -1): null

16-10-2024T07:02:37 - [TEST_STEP][PASSED] - x = x.substring(i1, x.length()): null

16-10-2024T07:02:37 - [TEST_STEP][PASSED] - println(x): null

16-10-2024T07:02:37 - [TEST_STEP][PASSED] - i1 = x.indexOf("/") + 1: null

16-10-2024T07:02:37 - [TEST_STEP][PASSED] - if (i1 > -1): null

16-10-2024T07:02:37 - [TEST_STEP][PASSED] - x = x.substring(i1, x.length()): null

16-10-2024T07:02:37 - [TEST_STEP][PASSED] - println(x): null

16-10-2024T07:02:37 - [TEST_STEP][PASSED] - i1 = x.indexOf("/") + 1: null

16-10-2024T07:02:37 - [TEST_STEP][PASSED] - if (i1 > -1): null

16-10-2024T07:02:37 - [TEST_STEP][PASSED] - x = x.substring(i1, x.length()): null

16-10-2024T07:02:37 - [TEST_STEP][PASSED] - println(x): null

16-10-2024T07:02:37 - [TEST_STEP][PASSED] - i1 = x.indexOf("/"): null

16-10-2024T07:02:37 - [TEST_STEP][PASSED] - if (i1 > -1): null

16-10-2024T07:02:37 - [TEST_STEP][PASSED] - x = x.substring(0, i1): null

16-10-2024T07:02:37 - [TEST_STEP][PASSED] - println(x): null

16-10-2024T07:02:37 - [TEST_STEP][PASSED] - return x: null

16-10-2024T07:02:37 - [TEST_STEP][PASSED] - tabB = GetOiSPlanB(x = b): null

16-10-2024T07:02:37 - [TEST_STEP][PASSED] - i1 = <not implemented yet for class: org.codehaus.groovy.ast.expr.EmptyExpression>: null

16-10-2024T07:02:37 - [TEST_STEP][PASSED] - ii = <not implemented yet for class: org.codehaus.groovy.ast.expr.EmptyExpression>: null

16-10-2024T07:02:37 - [TEST_STEP][PASSED] - for ([ii = 1, ii < 8, (ii++)]): null

16-10-2024T07:02:37 - [TEST_STEP][PASSED] - i1 = x.indexOf("/") + 1: null

16-10-2024T07:02:37 - [TEST_STEP][PASSED] - if (i1 > -1): null

16-10-2024T07:02:37 - [TEST_STEP][PASSED] - x = x.substring(i1, x.length()): null

16-10-2024T07:02:37 - [TEST_STEP][PASSED] - println(x): null

16-10-2024T07:02:37 - [TEST_STEP][PASSED] - i1 = x.indexOf("/") + 1: null

16-10-2024T07:02:37 - [TEST_STEP][PASSED] - if (i1 > -1): null

16-10-2024T07:02:37 - [TEST_STEP][PASSED] - x = x.substring(i1, x.length()): null

16-10-2024T07:02:37 - [TEST_STEP][PASSED] - println(x): null

16-10-2024T07:02:37 - [TEST_STEP][PASSED] - i1 = x.indexOf("/") + 1: null

16-10-2024T07:02:37 - [TEST_STEP][PASSED] - if (i1 > -1): null

16-10-2024T07:02:37 - [TEST_STEP][PASSED] - x = x.substring(i1, x.length()): null

16-10-2024T07:02:37 - [TEST_STEP][PASSED] - println(x): null

16-10-2024T07:02:37 - [TEST_STEP][PASSED] - i1 = x.indexOf("/") + 1: null

16-10-2024T07:02:37 - [TEST_STEP][PASSED] - if (i1 > -1): null

16-10-2024T07:02:37 - [TEST_STEP][PASSED] - x = x.substring(i1, x.length()): null

16-10-2024T07:02:37 - [TEST_STEP][PASSED] - println(x): null

16-10-2024T07:02:37 - [TEST_STEP][PASSED] - i1 = x.indexOf("/") + 1: null

16-10-2024T07:02:37 - [TEST_STEP][PASSED] - if (i1 > -1): null

16-10-2024T07:02:37 - [TEST_STEP][PASSED] - x = x.substring(i1, x.length()): null

16-10-2024T07:02:37 - [TEST_STEP][PASSED] - println(x): null

16-10-2024T07:02:37 - [TEST_STEP][PASSED] - i1 = x.indexOf("/") + 1: null

16-10-2024T07:02:37 - [TEST_STEP][PASSED] - if (i1 > -1): null

16-10-2024T07:02:37 - [TEST_STEP][PASSED] - x = x.substring(i1, x.length()): null

16-10-2024T07:02:37 - [TEST_STEP][PASSED] - println(x): null

16-10-2024T07:02:37 - [TEST_STEP][PASSED] - i1 = x.indexOf("/") + 1: null

16-10-2024T07:02:37 - [TEST_STEP][PASSED] - if (i1 > -1): null

16-10-2024T07:02:37 - [TEST_STEP][PASSED] - x = x.substring(i1, x.length()): null

16-10-2024T07:02:37 - [TEST_STEP][PASSED] - println(x): null

16-10-2024T07:02:37 - [TEST_STEP][PASSED] - i1 = x.indexOf("/"): null

16-10-2024T07:02:37 - [TEST_STEP][PASSED] - if (i1 > -1): null

16-10-2024T07:02:37 - [TEST_STEP][PASSED] - x = x.substring(0, i1): null

16-10-2024T07:02:37 - [TEST_STEP][PASSED] - println(x): null

16-10-2024T07:02:37 - [TEST_STEP][FAILED] - return x: null

16-10-2024T07:02:37 - [TEST_STEP][PASSED] - println(tabR + "/" + tabB): null

16-10-2024T07:02:37 - [TEST_STEP][FAILED] - if (verifyEqual(PercFactR, PercFactB) == false): null

16-10-2024T07:02:37 - [MESSAGE][FAILED] - Unable to verify equal between actual object 'нет данных' and expected object '5.20' (Root cause: com.kms.katalon.core.exception.StepFailedException: Actual object 'нет данных' and expected object '5.20' are not equal
	at com.kms.katalon.core.keyword.builtin.VerifyEqualKeyword$_verifyEqual_closure1.doCall(VerifyEqualKeyword.groovy:58)
	at com.kms.katalon.core.keyword.builtin.VerifyEqualKeyword$_verifyEqual_closure1.call(VerifyEqualKeyword.groovy)
	at com.kms.katalon.core.keyword.internal.KeywordMain.runKeyword(KeywordMain.groovy:75)
	at com.kms.katalon.core.keyword.builtin.VerifyEqualKeyword.verifyEqual(VerifyEqualKeyword.groovy:63)
	at com.kms.katalon.core.keyword.builtin.VerifyEqualKeyword.execute(VerifyEqualKeyword.groovy:44)
	at com.kms.katalon.core.keyword.internal.KeywordExecutor.executeKeywordForPlatform(KeywordExecutor.groovy:74)
	at com.kms.katalon.core.keyword.BuiltinKeywords.verifyEqual(BuiltinKeywords.groovy:146)
	at jdk.internal.reflect.GeneratedMethodAccessor25.invoke(Unknown Source)
	at java.base/jdk.internal.reflect.DelegatingMethodAccessorImpl.invoke(DelegatingMethodAccessorImpl.java:43)
	at Выполнение бизнес-плана сверка дашбордов.CompareDZOData(Выполнение бизнес-плана сверка дашбордов:758)
	at Выполнение бизнес-плана сверка дашбордов.run(Выполнение бизнес-плана сверка дашбордов:623)
	at com.kms.katalon.core.main.ScriptEngine.run(ScriptEngine.java:194)
	at com.kms.katalon.core.main.ScriptEngine.runScriptAsRawText(ScriptEngine.java:119)
	at com.kms.katalon.core.main.TestCaseExecutor.runScript(TestCaseExecutor.java:448)
	at com.kms.katalon.core.main.TestCaseExecutor.doExecute(TestCaseExecutor.java:439)
	at com.kms.katalon.core.main.TestCaseExecutor.processExecutionPhase(TestCaseExecutor.java:418)
	at com.kms.katalon.core.main.TestCaseExecutor.accessMainPhase(TestCaseExecutor.java:410)
	at com.kms.katalon.core.main.TestCaseExecutor.execute(TestCaseExecutor.java:285)
	at com.kms.katalon.core.common.CommonExecutor.accessTestCaseMainPhase(CommonExecutor.java:65)
	at com.kms.katalon.core.main.TestSuiteExecutor.accessTestSuiteMainPhase(TestSuiteExecutor.java:150)
	at com.kms.katalon.core.main.TestSuiteExecutor.execute(TestSuiteExecutor.java:106)
	at com.kms.katalon.core.main.TestCaseMain.startTestSuite(TestCaseMain.java:180)
	at TempTestSuite1729050801829.run(TempTestSuite1729050801829.groovy:35)
	at java.base/jdk.internal.reflect.NativeMethodAccessorImpl.invoke0(Native Method)
	at java.base/jdk.internal.reflect.NativeMethodAccessorImpl.invoke(NativeMethodAccessorImpl.java:77)
	at java.base/jdk.internal.reflect.DelegatingMethodAccessorImpl.invoke(DelegatingMethodAccessorImpl.java:43)
)

16-10-2024T07:02:37 - [TEST_STEP][PASSED] - result = WriteToExcel(typeOfData, todaysDate, PercPlanR, PercPlanB, PercFactR, PercFactB, x, tabR, tabB, o1R, o1B, vidget): null

16-10-2024T07:02:37 - [TEST_STEP][PASSED] - iii = dZO.indexOf("/"): null

16-10-2024T07:02:37 - [TEST_STEP][PASSED] - println(iii): null

16-10-2024T07:02:37 - [TEST_STEP][PASSED] - dZO = dZO.substring(0, iii): null

16-10-2024T07:02:37 - [TEST_STEP][PASSED] - println(dZO): null

16-10-2024T07:02:37 - [TEST_STEP][PASSED] - println(PercPlanR): null

16-10-2024T07:02:37 - [TEST_STEP][PASSED] - println(PercPlanB): null

16-10-2024T07:02:37 - [TEST_STEP][PASSED] - println(PercFactR): null

16-10-2024T07:02:37 - [TEST_STEP][PASSED] - println(PercFactB): null

16-10-2024T07:02:37 - [TEST_STEP][PASSED] - println(tabR): null

16-10-2024T07:02:37 - [TEST_STEP][PASSED] - println(tabB): null

16-10-2024T07:02:37 - [TEST_STEP][PASSED] - println(o1R): null

16-10-2024T07:02:37 - [TEST_STEP][PASSED] - println(o1B): null

16-10-2024T07:02:37 - [TEST_STEP][PASSED] - PR = <not implemented yet for class: org.codehaus.groovy.ast.expr.EmptyExpression>: null

16-10-2024T07:02:37 - [TEST_STEP][PASSED] - FR = <not implemented yet for class: org.codehaus.groovy.ast.expr.EmptyExpression>: null

16-10-2024T07:02:37 - [TEST_STEP][PASSED] - PB = <not implemented yet for class: org.codehaus.groovy.ast.expr.EmptyExpression>: null

16-10-2024T07:02:37 - [TEST_STEP][PASSED] - FB = <not implemented yet for class: org.codehaus.groovy.ast.expr.EmptyExpression>: null

16-10-2024T07:02:37 - [TEST_STEP][PASSED] - TR = <not implemented yet for class: org.codehaus.groovy.ast.expr.EmptyExpression>: null

16-10-2024T07:02:37 - [TEST_STEP][PASSED] - TB = <not implemented yet for class: org.codehaus.groovy.ast.expr.EmptyExpression>: null

16-10-2024T07:02:37 - [TEST_STEP][PASSED] - sheetName = "Sheet1": null

16-10-2024T07:02:37 - [TEST_STEP][PASSED] - data = findTestData("PlanFact"): null

16-10-2024T07:02:37 - [TEST_STEP][PASSED] - n = data.getRowNumbers() + 1: null

16-10-2024T07:02:37 - [TEST_STEP][PASSED] - year = todaysDate.substring(todaysDate.length() - 4, todaysDate.length()): null

16-10-2024T07:02:37 - [TEST_STEP][PASSED] - y = year.toInteger(): null

16-10-2024T07:02:37 - [TEST_STEP][PASSED] - m = getText(findTestObject("Выполнение бизнес-плана/Выполнение бизнес-плана Балансы/Фильтр Дата")): Text of object 'Object Repository/Выполнение бизнес-плана/Выполнение бизнес-плана Балансы/Фильтр Дата' is: '1, 2 кв., Июль, Август 2024 года'

16-10-2024T07:02:37 - [MESSAGE][PASSED] - Text of object 'Object Repository/Выполнение бизнес-плана/Выполнение бизнес-плана Балансы/Фильтр Дата' is: '1, 2 кв., Июль, Август 2024 года'

16-10-2024T07:02:37 - [TEST_STEP][PASSED] - m = m.substring(0, m.indexOf("2024")): null

16-10-2024T07:02:37 - [TEST_STEP][PASSED] - m = m.trim(): null

16-10-2024T07:02:37 - [TEST_STEP][PASSED] - dashboardName = "Выполнение бизнес-плана": null

16-10-2024T07:02:37 - [TEST_STEP][PASSED] - workbook01 = getWorkbook(excelFilePath): null

16-10-2024T07:02:37 - [TEST_STEP][PASSED] - sheet01 = getExcelSheet(workbook01, sheetName): null

16-10-2024T07:02:37 - [TEST_STEP][PASSED] - setValueToCellByIndex(sheet01, n, 0, dashboardName): null

16-10-2024T07:02:37 - [TEST_STEP][PASSED] - setValueToCellByIndex(sheet01, n, 1, dZO): null

16-10-2024T07:02:37 - [TEST_STEP][PASSED] - setValueToCellByIndex(sheet01, n, 2, typeOfData): null

16-10-2024T07:02:37 - [TEST_STEP][PASSED] - setValueToCellByIndex(sheet01, n, 3, typeOfData): null

16-10-2024T07:02:37 - [TEST_STEP][PASSED] - if (typeOfData == "План"): null

16-10-2024T07:02:37 - [TEST_STEP][PASSED] - else if (typeOfData == "Факт"): null

16-10-2024T07:02:37 - [TEST_STEP][PASSED] - else if (vidget.contains("электроэнергии") == true): null

16-10-2024T07:02:37 - [TEST_STEP][PASSED] - if (tabR == null): null

16-10-2024T07:02:37 - [TEST_STEP][PASSED] - else: null

16-10-2024T07:02:37 - [TEST_STEP][PASSED] - if (tabR == "нет данных"): null

16-10-2024T07:02:37 - [TEST_STEP][PASSED] - setValueToCellByIndex(sheet01, n, 4, "нет данных"): null

16-10-2024T07:02:37 - [TEST_STEP][PASSED] - if (tabB == null): null

16-10-2024T07:02:37 - [TEST_STEP][PASSED] - else: null

16-10-2024T07:02:37 - [TEST_STEP][PASSED] - if (tabB == "нет данных"): null

16-10-2024T07:02:37 - [TEST_STEP][PASSED] - else: null

16-10-2024T07:02:37 - [TEST_STEP][PASSED] - TB = tabB.toInteger(): null

16-10-2024T07:02:37 - [TEST_STEP][PASSED] - setValueToCellByIndex(sheet01, n, 5, TB): null

16-10-2024T07:02:37 - [TEST_STEP][PASSED] - setValueToCellByIndex(sheet01, n, 6, m): null

16-10-2024T07:02:37 - [TEST_STEP][PASSED] - setValueToCellByIndex(sheet01, n, 7, y): null

16-10-2024T07:02:37 - [TEST_STEP][PASSED] - setValueToCellByIndex(sheet01, n, 8, todaysDate): null

16-10-2024T07:02:37 - [TEST_STEP][PASSED] - n = n + 1: null

16-10-2024T07:02:37 - [TEST_STEP][PASSED] - saveWorkbook(excelFilePath, workbook01): null

16-10-2024T07:02:37 - [TEST_STEP][PASSED] - typeOfData = "План Потери": null

16-10-2024T07:02:37 - [TEST_STEP][PASSED] - tabR = GetPPlanR(x = a): null

16-10-2024T07:02:37 - [TEST_STEP][PASSED] - i1 = <not implemented yet for class: org.codehaus.groovy.ast.expr.EmptyExpression>: null

16-10-2024T07:02:37 - [TEST_STEP][PASSED] - ii = <not implemented yet for class: org.codehaus.groovy.ast.expr.EmptyExpression>: null

16-10-2024T07:02:37 - [TEST_STEP][PASSED] - for ([ii = 1, ii < 9, (ii++)]): null

16-10-2024T07:02:37 - [TEST_STEP][PASSED] - i1 = x.indexOf("/") + 1: null

16-10-2024T07:02:37 - [TEST_STEP][PASSED] - if (i1 > -1): null

16-10-2024T07:02:37 - [TEST_STEP][PASSED] - x = x.substring(i1, x.length()): null

16-10-2024T07:02:37 - [TEST_STEP][PASSED] - println(x): null

16-10-2024T07:02:37 - [TEST_STEP][PASSED] - i1 = x.indexOf("/") + 1: null

16-10-2024T07:02:37 - [TEST_STEP][PASSED] - if (i1 > -1): null

16-10-2024T07:02:37 - [TEST_STEP][PASSED] - x = x.substring(i1, x.length()): null

16-10-2024T07:02:37 - [TEST_STEP][PASSED] - println(x): null

16-10-2024T07:02:37 - [TEST_STEP][PASSED] - i1 = x.indexOf("/") + 1: null

16-10-2024T07:02:37 - [TEST_STEP][PASSED] - if (i1 > -1): null

16-10-2024T07:02:37 - [TEST_STEP][PASSED] - x = x.substring(i1, x.length()): null

16-10-2024T07:02:37 - [TEST_STEP][PASSED] - println(x): null

16-10-2024T07:02:37 - [TEST_STEP][PASSED] - i1 = x.indexOf("/") + 1: null

16-10-2024T07:02:37 - [TEST_STEP][PASSED] - if (i1 > -1): null

16-10-2024T07:02:37 - [TEST_STEP][PASSED] - x = x.substring(i1, x.length()): null

16-10-2024T07:02:37 - [TEST_STEP][PASSED] - println(x): null

16-10-2024T07:02:37 - [TEST_STEP][PASSED] - i1 = x.indexOf("/") + 1: null

16-10-2024T07:02:37 - [TEST_STEP][PASSED] - if (i1 > -1): null

16-10-2024T07:02:37 - [TEST_STEP][PASSED] - x = x.substring(i1, x.length()): null

16-10-2024T07:02:37 - [TEST_STEP][PASSED] - println(x): null

16-10-2024T07:02:37 - [TEST_STEP][PASSED] - i1 = x.indexOf("/") + 1: null

16-10-2024T07:02:37 - [TEST_STEP][PASSED] - if (i1 > -1): null

16-10-2024T07:02:37 - [TEST_STEP][PASSED] - x = x.substring(i1, x.length()): null

16-10-2024T07:02:37 - [TEST_STEP][PASSED] - println(x): null

16-10-2024T07:02:37 - [TEST_STEP][PASSED] - i1 = x.indexOf("/") + 1: null

16-10-2024T07:02:37 - [TEST_STEP][PASSED] - if (i1 > -1): null

16-10-2024T07:02:37 - [TEST_STEP][PASSED] - x = x.substring(i1, x.length()): null

16-10-2024T07:02:37 - [TEST_STEP][PASSED] - println(x): null

16-10-2024T07:02:37 - [TEST_STEP][PASSED] - i1 = x.indexOf("/") + 1: null

16-10-2024T07:02:37 - [TEST_STEP][PASSED] - if (i1 > -1): null

16-10-2024T07:02:37 - [TEST_STEP][PASSED] - x = x.substring(i1, x.length()): null

16-10-2024T07:02:37 - [TEST_STEP][PASSED] - println(x): null

16-10-2024T07:02:37 - [TEST_STEP][PASSED] - i1 = x.indexOf("/"): null

16-10-2024T07:02:37 - [TEST_STEP][PASSED] - if (i1 > -1): null

16-10-2024T07:02:37 - [TEST_STEP][PASSED] - x = x.substring(0, i1): null

16-10-2024T07:02:37 - [TEST_STEP][PASSED] - println(x): null

16-10-2024T07:02:37 - [TEST_STEP][PASSED] - return x: null

16-10-2024T07:02:37 - [TEST_STEP][PASSED] - tabB = GetPPlanB(x = b): null

16-10-2024T07:02:37 - [TEST_STEP][PASSED] - i1 = <not implemented yet for class: org.codehaus.groovy.ast.expr.EmptyExpression>: null

16-10-2024T07:02:37 - [TEST_STEP][PASSED] - ii = <not implemented yet for class: org.codehaus.groovy.ast.expr.EmptyExpression>: null

16-10-2024T07:02:37 - [TEST_STEP][PASSED] - for ([ii = 1, ii < 9, (ii++)]): null

16-10-2024T07:02:37 - [TEST_STEP][PASSED] - i1 = x.indexOf("/") + 1: null

16-10-2024T07:02:37 - [TEST_STEP][PASSED] - if (i1 > -1): null

16-10-2024T07:02:37 - [TEST_STEP][PASSED] - x = x.substring(i1, x.length()): null

16-10-2024T07:02:37 - [TEST_STEP][PASSED] - println(x): null

16-10-2024T07:02:37 - [TEST_STEP][PASSED] - i1 = x.indexOf("/") + 1: null

16-10-2024T07:02:37 - [TEST_STEP][PASSED] - if (i1 > -1): null

16-10-2024T07:02:37 - [TEST_STEP][PASSED] - x = x.substring(i1, x.length()): null

16-10-2024T07:02:37 - [TEST_STEP][PASSED] - println(x): null

16-10-2024T07:02:37 - [TEST_STEP][PASSED] - i1 = x.indexOf("/") + 1: null

16-10-2024T07:02:37 - [TEST_STEP][PASSED] - if (i1 > -1): null

16-10-2024T07:02:37 - [TEST_STEP][PASSED] - x = x.substring(i1, x.length()): null

16-10-2024T07:02:37 - [TEST_STEP][PASSED] - println(x): null

16-10-2024T07:02:37 - [TEST_STEP][PASSED] - i1 = x.indexOf("/") + 1: null

16-10-2024T07:02:37 - [TEST_STEP][PASSED] - if (i1 > -1): null

16-10-2024T07:02:37 - [TEST_STEP][PASSED] - x = x.substring(i1, x.length()): null

16-10-2024T07:02:37 - [TEST_STEP][PASSED] - println(x): null

16-10-2024T07:02:37 - [TEST_STEP][PASSED] - i1 = x.indexOf("/") + 1: null

16-10-2024T07:02:37 - [TEST_STEP][PASSED] - if (i1 > -1): null

16-10-2024T07:02:37 - [TEST_STEP][PASSED] - x = x.substring(i1, x.length()): null

16-10-2024T07:02:37 - [TEST_STEP][PASSED] - println(x): null

16-10-2024T07:02:37 - [TEST_STEP][PASSED] - i1 = x.indexOf("/") + 1: null

16-10-2024T07:02:37 - [TEST_STEP][PASSED] - if (i1 > -1): null

16-10-2024T07:02:37 - [TEST_STEP][PASSED] - x = x.substring(i1, x.length()): null

16-10-2024T07:02:37 - [TEST_STEP][PASSED] - println(x): null

16-10-2024T07:02:37 - [TEST_STEP][PASSED] - i1 = x.indexOf("/") + 1: null

16-10-2024T07:02:37 - [TEST_STEP][PASSED] - if (i1 > -1): null

16-10-2024T07:02:37 - [TEST_STEP][PASSED] - x = x.substring(i1, x.length()): null

16-10-2024T07:02:37 - [TEST_STEP][PASSED] - println(x): null

16-10-2024T07:02:37 - [TEST_STEP][PASSED] - i1 = x.indexOf("/") + 1: null

16-10-2024T07:02:37 - [TEST_STEP][PASSED] - if (i1 > -1): null

16-10-2024T07:02:37 - [TEST_STEP][PASSED] - x = x.substring(i1, x.length()): null

16-10-2024T07:02:37 - [TEST_STEP][PASSED] - println(x): null

16-10-2024T07:02:37 - [TEST_STEP][PASSED] - i1 = x.indexOf("/"): null

16-10-2024T07:02:37 - [TEST_STEP][PASSED] - if (i1 > -1): null

16-10-2024T07:02:37 - [TEST_STEP][PASSED] - x = x.substring(0, i1): null

16-10-2024T07:02:37 - [TEST_STEP][PASSED] - println(x): null

16-10-2024T07:02:37 - [TEST_STEP][FAILED] - return x: null

16-10-2024T07:02:37 - [TEST_STEP][PASSED] - println(tabR + "/" + tabB): null

16-10-2024T07:02:37 - [TEST_STEP][FAILED] - if (verifyEqual(PercFactR, PercFactB) == false): null

16-10-2024T07:02:37 - [MESSAGE][FAILED] - Unable to verify equal between actual object 'нет данных' and expected object '5.20' (Root cause: com.kms.katalon.core.exception.StepFailedException: Actual object 'нет данных' and expected object '5.20' are not equal
	at com.kms.katalon.core.keyword.builtin.VerifyEqualKeyword$_verifyEqual_closure1.doCall(VerifyEqualKeyword.groovy:58)
	at com.kms.katalon.core.keyword.builtin.VerifyEqualKeyword$_verifyEqual_closure1.call(VerifyEqualKeyword.groovy)
	at com.kms.katalon.core.keyword.internal.KeywordMain.runKeyword(KeywordMain.groovy:75)
	at com.kms.katalon.core.keyword.builtin.VerifyEqualKeyword.verifyEqual(VerifyEqualKeyword.groovy:63)
	at com.kms.katalon.core.keyword.builtin.VerifyEqualKeyword.execute(VerifyEqualKeyword.groovy:44)
	at com.kms.katalon.core.keyword.internal.KeywordExecutor.executeKeywordForPlatform(KeywordExecutor.groovy:74)
	at com.kms.katalon.core.keyword.BuiltinKeywords.verifyEqual(BuiltinKeywords.groovy:146)
	at jdk.internal.reflect.GeneratedMethodAccessor25.invoke(Unknown Source)
	at java.base/jdk.internal.reflect.DelegatingMethodAccessorImpl.invoke(DelegatingMethodAccessorImpl.java:43)
	at Выполнение бизнес-плана сверка дашбордов.CompareDZOData(Выполнение бизнес-плана сверка дашбордов:771)
	at Выполнение бизнес-плана сверка дашбордов.run(Выполнение бизнес-плана сверка дашбордов:623)
	at com.kms.katalon.core.main.ScriptEngine.run(ScriptEngine.java:194)
	at com.kms.katalon.core.main.ScriptEngine.runScriptAsRawText(ScriptEngine.java:119)
	at com.kms.katalon.core.main.TestCaseExecutor.runScript(TestCaseExecutor.java:448)
	at com.kms.katalon.core.main.TestCaseExecutor.doExecute(TestCaseExecutor.java:439)
	at com.kms.katalon.core.main.TestCaseExecutor.processExecutionPhase(TestCaseExecutor.java:418)
	at com.kms.katalon.core.main.TestCaseExecutor.accessMainPhase(TestCaseExecutor.java:410)
	at com.kms.katalon.core.main.TestCaseExecutor.execute(TestCaseExecutor.java:285)
	at com.kms.katalon.core.common.CommonExecutor.accessTestCaseMainPhase(CommonExecutor.java:65)
	at com.kms.katalon.core.main.TestSuiteExecutor.accessTestSuiteMainPhase(TestSuiteExecutor.java:150)
	at com.kms.katalon.core.main.TestSuiteExecutor.execute(TestSuiteExecutor.java:106)
	at com.kms.katalon.core.main.TestCaseMain.startTestSuite(TestCaseMain.java:180)
	at TempTestSuite1729050801829.run(TempTestSuite1729050801829.groovy:35)
	at java.base/jdk.internal.reflect.NativeMethodAccessorImpl.invoke0(Native Method)
	at java.base/jdk.internal.reflect.NativeMethodAccessorImpl.invoke(NativeMethodAccessorImpl.java:77)
	at java.base/jdk.internal.reflect.DelegatingMethodAccessorImpl.invoke(DelegatingMethodAccessorImpl.java:43)
)

16-10-2024T07:02:37 - [TEST_STEP][PASSED] - result = WriteToExcel(typeOfData, todaysDate, PercPlanR, PercPlanB, PercFactR, PercFactB, x, tabR, tabB, o1R, o1B, vidget): null

16-10-2024T07:02:37 - [TEST_STEP][PASSED] - iii = dZO.indexOf("/"): null

16-10-2024T07:02:37 - [TEST_STEP][PASSED] - println(iii): null

16-10-2024T07:02:37 - [TEST_STEP][PASSED] - dZO = dZO.substring(0, iii): null

16-10-2024T07:02:37 - [TEST_STEP][PASSED] - println(dZO): null

16-10-2024T07:02:37 - [TEST_STEP][PASSED] - println(PercPlanR): null

16-10-2024T07:02:37 - [TEST_STEP][PASSED] - println(PercPlanB): null

16-10-2024T07:02:37 - [TEST_STEP][PASSED] - println(PercFactR): null

16-10-2024T07:02:37 - [TEST_STEP][PASSED] - println(PercFactB): null

16-10-2024T07:02:37 - [TEST_STEP][PASSED] - println(tabR): null

16-10-2024T07:02:37 - [TEST_STEP][PASSED] - println(tabB): null

16-10-2024T07:02:37 - [TEST_STEP][PASSED] - println(o1R): null

16-10-2024T07:02:37 - [TEST_STEP][PASSED] - println(o1B): null

16-10-2024T07:02:37 - [TEST_STEP][PASSED] - PR = <not implemented yet for class: org.codehaus.groovy.ast.expr.EmptyExpression>: null

16-10-2024T07:02:37 - [TEST_STEP][PASSED] - FR = <not implemented yet for class: org.codehaus.groovy.ast.expr.EmptyExpression>: null

16-10-2024T07:02:37 - [TEST_STEP][PASSED] - PB = <not implemented yet for class: org.codehaus.groovy.ast.expr.EmptyExpression>: null

16-10-2024T07:02:37 - [TEST_STEP][PASSED] - FB = <not implemented yet for class: org.codehaus.groovy.ast.expr.EmptyExpression>: null

16-10-2024T07:02:37 - [TEST_STEP][PASSED] - TR = <not implemented yet for class: org.codehaus.groovy.ast.expr.EmptyExpression>: null

16-10-2024T07:02:37 - [TEST_STEP][PASSED] - TB = <not implemented yet for class: org.codehaus.groovy.ast.expr.EmptyExpression>: null

16-10-2024T07:02:37 - [TEST_STEP][PASSED] - sheetName = "Sheet1": null

16-10-2024T07:02:37 - [TEST_STEP][PASSED] - data = findTestData("PlanFact"): null

16-10-2024T07:02:37 - [TEST_STEP][PASSED] - n = data.getRowNumbers() + 1: null

16-10-2024T07:02:37 - [TEST_STEP][PASSED] - year = todaysDate.substring(todaysDate.length() - 4, todaysDate.length()): null

16-10-2024T07:02:37 - [TEST_STEP][PASSED] - y = year.toInteger(): null

16-10-2024T07:02:37 - [TEST_STEP][PASSED] - m = getText(findTestObject("Выполнение бизнес-плана/Выполнение бизнес-плана Балансы/Фильтр Дата")): Text of object 'Object Repository/Выполнение бизнес-плана/Выполнение бизнес-плана Балансы/Фильтр Дата' is: '1, 2 кв., Июль, Август 2024 года'

16-10-2024T07:02:38 - [MESSAGE][PASSED] - Text of object 'Object Repository/Выполнение бизнес-плана/Выполнение бизнес-плана Балансы/Фильтр Дата' is: '1, 2 кв., Июль, Август 2024 года'

16-10-2024T07:02:38 - [TEST_STEP][PASSED] - m = m.substring(0, m.indexOf("2024")): null

16-10-2024T07:02:38 - [TEST_STEP][PASSED] - m = m.trim(): null

16-10-2024T07:02:38 - [TEST_STEP][PASSED] - dashboardName = "Выполнение бизнес-плана": null

16-10-2024T07:02:38 - [TEST_STEP][PASSED] - workbook01 = getWorkbook(excelFilePath): null

16-10-2024T07:02:38 - [TEST_STEP][PASSED] - sheet01 = getExcelSheet(workbook01, sheetName): null

16-10-2024T07:02:38 - [TEST_STEP][PASSED] - setValueToCellByIndex(sheet01, n, 0, dashboardName): null

16-10-2024T07:02:38 - [TEST_STEP][PASSED] - setValueToCellByIndex(sheet01, n, 1, dZO): null

16-10-2024T07:02:38 - [TEST_STEP][PASSED] - setValueToCellByIndex(sheet01, n, 2, typeOfData): null

16-10-2024T07:02:38 - [TEST_STEP][PASSED] - setValueToCellByIndex(sheet01, n, 3, typeOfData): null

16-10-2024T07:02:38 - [TEST_STEP][PASSED] - if (typeOfData == "План"): null

16-10-2024T07:02:38 - [TEST_STEP][PASSED] - else if (typeOfData == "Факт"): null

16-10-2024T07:03:31 - [TEST_STEP][PASSED] - else if (vidget.contains("электроэнергии") == true): null

16-10-2024T07:03:31 - [TEST_STEP][PASSED] - if (tabR == null): null

16-10-2024T07:03:31 - [TEST_STEP][PASSED] - else: null

16-10-2024T07:03:31 - [TEST_STEP][PASSED] - if (tabR == "нет данных"): null

16-10-2024T07:03:31 - [TEST_STEP][PASSED] - setValueToCellByIndex(sheet01, n, 4, "нет данных"): null

16-10-2024T07:03:31 - [TEST_STEP][PASSED] - if (tabB == null): null

16-10-2024T07:03:31 - [TEST_STEP][PASSED] - else: null

16-10-2024T07:03:31 - [TEST_STEP][PASSED] - if (tabB == "нет данных"): null

16-10-2024T07:03:31 - [TEST_STEP][PASSED] - else: null

16-10-2024T07:03:31 - [TEST_STEP][PASSED] - TB = tabB.toInteger(): null

16-10-2024T07:03:31 - [TEST_STEP][PASSED] - setValueToCellByIndex(sheet01, n, 5, TB): null

16-10-2024T07:03:31 - [TEST_STEP][PASSED] - setValueToCellByIndex(sheet01, n, 6, m): null

16-10-2024T07:03:31 - [TEST_STEP][PASSED] - setValueToCellByIndex(sheet01, n, 7, y): null

16-10-2024T07:03:31 - [TEST_STEP][PASSED] - setValueToCellByIndex(sheet01, n, 8, todaysDate): null

16-10-2024T07:03:31 - [TEST_STEP][PASSED] - n = n + 1: null

16-10-2024T07:03:31 - [TEST_STEP][PASSED] - saveWorkbook(excelFilePath, workbook01): null

16-10-2024T07:03:31 - [TEST_STEP][PASSED] - ii2 = a.indexOf("ПАО"): null

16-10-2024T07:03:31 - [TEST_STEP][PASSED] - if (ii2 == -1): null

16-10-2024T07:03:31 - [TEST_STEP][PASSED] - vidget = "Отклонения фактического уровня потерь от бизнес-плана": null

16-10-2024T07:03:31 - [TEST_STEP][PASSED] - typeOfData = "Коэффициент": null

16-10-2024T07:03:31 - [TEST_STEP][PASSED] - o1R = Geto1R(x = a): null

16-10-2024T07:03:31 - [TEST_STEP][PASSED] - i1 = <not implemented yet for class: org.codehaus.groovy.ast.expr.EmptyExpression>: null

16-10-2024T07:03:31 - [TEST_STEP][PASSED] - ii = <not implemented yet for class: org.codehaus.groovy.ast.expr.EmptyExpression>: null

16-10-2024T07:03:31 - [TEST_STEP][PASSED] - for ([ii = 1, ii < 10, (ii++)]): null

16-10-2024T07:03:31 - [TEST_STEP][PASSED] - i1 = x.indexOf("/") + 1: null

16-10-2024T07:03:31 - [TEST_STEP][PASSED] - if (i1 > -1): null

16-10-2024T07:03:31 - [TEST_STEP][PASSED] - x = x.substring(i1, x.length()): null

16-10-2024T07:03:31 - [TEST_STEP][PASSED] - i1 = x.indexOf("/") + 1: null

16-10-2024T07:03:31 - [TEST_STEP][PASSED] - if (i1 > -1): null

16-10-2024T07:03:31 - [TEST_STEP][PASSED] - x = x.substring(i1, x.length()): null

16-10-2024T07:03:31 - [TEST_STEP][PASSED] - i1 = x.indexOf("/") + 1: null

16-10-2024T07:03:31 - [TEST_STEP][PASSED] - if (i1 > -1): null

16-10-2024T07:03:31 - [TEST_STEP][PASSED] - x = x.substring(i1, x.length()): null

16-10-2024T07:03:31 - [TEST_STEP][PASSED] - i1 = x.indexOf("/") + 1: null

16-10-2024T07:03:31 - [TEST_STEP][PASSED] - if (i1 > -1): null

16-10-2024T07:03:31 - [TEST_STEP][PASSED] - x = x.substring(i1, x.length()): null

16-10-2024T07:03:31 - [TEST_STEP][PASSED] - i1 = x.indexOf("/") + 1: null

16-10-2024T07:03:31 - [TEST_STEP][PASSED] - if (i1 > -1): null

16-10-2024T07:03:31 - [TEST_STEP][PASSED] - x = x.substring(i1, x.length()): null

16-10-2024T07:03:31 - [TEST_STEP][PASSED] - i1 = x.indexOf("/") + 1: null

16-10-2024T07:03:31 - [TEST_STEP][PASSED] - if (i1 > -1): null

16-10-2024T07:03:31 - [TEST_STEP][PASSED] - x = x.substring(i1, x.length()): null

16-10-2024T07:03:31 - [TEST_STEP][PASSED] - i1 = x.indexOf("/") + 1: null

16-10-2024T07:03:31 - [TEST_STEP][PASSED] - if (i1 > -1): null

16-10-2024T07:03:31 - [TEST_STEP][PASSED] - x = x.substring(i1, x.length()): null

16-10-2024T07:03:31 - [TEST_STEP][PASSED] - i1 = x.indexOf("/") + 1: null

16-10-2024T07:03:31 - [TEST_STEP][PASSED] - if (i1 > -1): null

16-10-2024T07:03:31 - [TEST_STEP][PASSED] - x = x.substring(i1, x.length()): null

16-10-2024T07:03:31 - [TEST_STEP][PASSED] - i1 = x.indexOf("/") + 1: null

16-10-2024T07:03:31 - [TEST_STEP][PASSED] - if (i1 > -1): null

16-10-2024T07:03:31 - [TEST_STEP][PASSED] - x = x.substring(i1, x.length()): null

16-10-2024T07:03:31 - [TEST_STEP][PASSED] - i1 = x.indexOf("/"): null

16-10-2024T07:03:31 - [TEST_STEP][PASSED] - if (i1 > -1): null

16-10-2024T07:03:31 - [TEST_STEP][PASSED] - println(x): null

16-10-2024T07:03:31 - [TEST_STEP][PASSED] - return x: null

16-10-2024T07:03:31 - [TEST_STEP][PASSED] - o1B = Geto1B(x = b): null

16-10-2024T07:03:31 - [TEST_STEP][PASSED] - i1 = <not implemented yet for class: org.codehaus.groovy.ast.expr.EmptyExpression>: null

16-10-2024T07:03:31 - [TEST_STEP][PASSED] - ii = <not implemented yet for class: org.codehaus.groovy.ast.expr.EmptyExpression>: null

16-10-2024T07:03:31 - [TEST_STEP][PASSED] - for ([ii = 1, ii < 10, (ii++)]): null

16-10-2024T07:03:31 - [TEST_STEP][PASSED] - i1 = x.indexOf("/") + 1: null

16-10-2024T07:03:31 - [TEST_STEP][PASSED] - if (i1 > -1): null

16-10-2024T07:03:31 - [TEST_STEP][PASSED] - x = x.substring(i1, x.length()): null

16-10-2024T07:03:31 - [TEST_STEP][PASSED] - i1 = x.indexOf("/") + 1: null

16-10-2024T07:03:31 - [TEST_STEP][PASSED] - if (i1 > -1): null

16-10-2024T07:03:31 - [TEST_STEP][PASSED] - x = x.substring(i1, x.length()): null

16-10-2024T07:03:31 - [TEST_STEP][PASSED] - i1 = x.indexOf("/") + 1: null

16-10-2024T07:03:31 - [TEST_STEP][PASSED] - if (i1 > -1): null

16-10-2024T07:03:31 - [TEST_STEP][PASSED] - x = x.substring(i1, x.length()): null

16-10-2024T07:03:31 - [TEST_STEP][PASSED] - i1 = x.indexOf("/") + 1: null

16-10-2024T07:03:31 - [TEST_STEP][PASSED] - if (i1 > -1): null

16-10-2024T07:03:31 - [TEST_STEP][PASSED] - x = x.substring(i1, x.length()): null

16-10-2024T07:03:31 - [TEST_STEP][PASSED] - i1 = x.indexOf("/") + 1: null

16-10-2024T07:03:31 - [TEST_STEP][PASSED] - if (i1 > -1): null

16-10-2024T07:03:31 - [TEST_STEP][PASSED] - x = x.substring(i1, x.length()): null

16-10-2024T07:03:31 - [TEST_STEP][PASSED] - i1 = x.indexOf("/") + 1: null

16-10-2024T07:03:31 - [TEST_STEP][PASSED] - if (i1 > -1): null

16-10-2024T07:03:31 - [TEST_STEP][PASSED] - x = x.substring(i1, x.length()): null

16-10-2024T07:03:31 - [TEST_STEP][PASSED] - i1 = x.indexOf("/") + 1: null

16-10-2024T07:03:31 - [TEST_STEP][PASSED] - if (i1 > -1): null

16-10-2024T07:03:31 - [TEST_STEP][PASSED] - x = x.substring(i1, x.length()): null

16-10-2024T07:03:31 - [TEST_STEP][PASSED] - i1 = x.indexOf("/") + 1: null

16-10-2024T07:03:31 - [TEST_STEP][PASSED] - if (i1 > -1): null

16-10-2024T07:03:31 - [TEST_STEP][PASSED] - x = x.substring(i1, x.length()): null

16-10-2024T07:03:31 - [TEST_STEP][PASSED] - i1 = x.indexOf("/") + 1: null

16-10-2024T07:03:31 - [TEST_STEP][PASSED] - if (i1 > -1): null

16-10-2024T07:03:31 - [TEST_STEP][PASSED] - x = x.substring(i1, x.length()): null

16-10-2024T07:03:31 - [TEST_STEP][PASSED] - i1 = x.indexOf("/"): null

16-10-2024T07:03:31 - [TEST_STEP][PASSED] - if (i1 > -1): null

16-10-2024T07:03:31 - [TEST_STEP][PASSED] - println(x): null

16-10-2024T07:03:31 - [TEST_STEP][FAILED] - return x: null

16-10-2024T07:03:31 - [TEST_STEP][PASSED] - println(o1R + "/" + o1B): null

16-10-2024T07:03:31 - [TEST_STEP][FAILED] - if (verifyEqual(PercFactR, PercFactB) == false): null

16-10-2024T07:03:31 - [MESSAGE][FAILED] - Unable to verify equal between actual object 'нет данных' and expected object '5.20' (Root cause: com.kms.katalon.core.exception.StepFailedException: Actual object 'нет данных' and expected object '5.20' are not equal
	at com.kms.katalon.core.keyword.builtin.VerifyEqualKeyword$_verifyEqual_closure1.doCall(VerifyEqualKeyword.groovy:58)
	at com.kms.katalon.core.keyword.builtin.VerifyEqualKeyword$_verifyEqual_closure1.call(VerifyEqualKeyword.groovy)
	at com.kms.katalon.core.keyword.internal.KeywordMain.runKeyword(KeywordMain.groovy:75)
	at com.kms.katalon.core.keyword.builtin.VerifyEqualKeyword.verifyEqual(VerifyEqualKeyword.groovy:63)
	at com.kms.katalon.core.keyword.builtin.VerifyEqualKeyword.execute(VerifyEqualKeyword.groovy:44)
	at com.kms.katalon.core.keyword.internal.KeywordExecutor.executeKeywordForPlatform(KeywordExecutor.groovy:74)
	at com.kms.katalon.core.keyword.BuiltinKeywords.verifyEqual(BuiltinKeywords.groovy:146)
	at jdk.internal.reflect.GeneratedMethodAccessor25.invoke(Unknown Source)
	at java.base/jdk.internal.reflect.DelegatingMethodAccessorImpl.invoke(DelegatingMethodAccessorImpl.java:43)
	at Выполнение бизнес-плана сверка дашбордов.CompareDZOData(Выполнение бизнес-плана сверка дашбордов:789)
	at Выполнение бизнес-плана сверка дашбордов.run(Выполнение бизнес-плана сверка дашбордов:623)
	at com.kms.katalon.core.main.ScriptEngine.run(ScriptEngine.java:194)
	at com.kms.katalon.core.main.ScriptEngine.runScriptAsRawText(ScriptEngine.java:119)
	at com.kms.katalon.core.main.TestCaseExecutor.runScript(TestCaseExecutor.java:448)
	at com.kms.katalon.core.main.TestCaseExecutor.doExecute(TestCaseExecutor.java:439)
	at com.kms.katalon.core.main.TestCaseExecutor.processExecutionPhase(TestCaseExecutor.java:418)
	at com.kms.katalon.core.main.TestCaseExecutor.accessMainPhase(TestCaseExecutor.java:410)
	at com.kms.katalon.core.main.TestCaseExecutor.execute(TestCaseExecutor.java:285)
	at com.kms.katalon.core.common.CommonExecutor.accessTestCaseMainPhase(CommonExecutor.java:65)
	at com.kms.katalon.core.main.TestSuiteExecutor.accessTestSuiteMainPhase(TestSuiteExecutor.java:150)
	at com.kms.katalon.core.main.TestSuiteExecutor.execute(TestSuiteExecutor.java:106)
	at com.kms.katalon.core.main.TestCaseMain.startTestSuite(TestCaseMain.java:180)
	at TempTestSuite1729050801829.run(TempTestSuite1729050801829.groovy:35)
	at java.base/jdk.internal.reflect.NativeMethodAccessorImpl.invoke0(Native Method)
	at java.base/jdk.internal.reflect.NativeMethodAccessorImpl.invoke(NativeMethodAccessorImpl.java:77)
	at java.base/jdk.internal.reflect.DelegatingMethodAccessorImpl.invoke(DelegatingMethodAccessorImpl.java:43)
)

16-10-2024T07:03:31 - [TEST_STEP][PASSED] - result = WriteToExcel(typeOfData, todaysDate, PercPlanR, PercPlanB, PercFactR, PercFactB, x, tabR, tabB, o1R, o1B, vidget): null

16-10-2024T07:03:31 - [TEST_STEP][PASSED] - iii = dZO.indexOf("/"): null

16-10-2024T07:03:31 - [TEST_STEP][PASSED] - println(iii): null

16-10-2024T07:03:31 - [TEST_STEP][PASSED] - dZO = dZO.substring(0, iii): null

16-10-2024T07:03:31 - [TEST_STEP][PASSED] - println(dZO): null

16-10-2024T07:03:31 - [TEST_STEP][PASSED] - println(PercPlanR): null

16-10-2024T07:03:31 - [TEST_STEP][PASSED] - println(PercPlanB): null

16-10-2024T07:03:31 - [TEST_STEP][PASSED] - println(PercFactR): null

16-10-2024T07:03:31 - [TEST_STEP][PASSED] - println(PercFactB): null

16-10-2024T07:03:31 - [TEST_STEP][PASSED] - println(tabR): null

16-10-2024T07:03:31 - [TEST_STEP][PASSED] - println(tabB): null

16-10-2024T07:03:31 - [TEST_STEP][PASSED] - println(o1R): null

16-10-2024T07:03:31 - [TEST_STEP][PASSED] - println(o1B): null

16-10-2024T07:03:31 - [TEST_STEP][PASSED] - PR = <not implemented yet for class: org.codehaus.groovy.ast.expr.EmptyExpression>: null

16-10-2024T07:03:31 - [TEST_STEP][PASSED] - FR = <not implemented yet for class: org.codehaus.groovy.ast.expr.EmptyExpression>: null

16-10-2024T07:03:31 - [TEST_STEP][PASSED] - PB = <not implemented yet for class: org.codehaus.groovy.ast.expr.EmptyExpression>: null

16-10-2024T07:03:31 - [TEST_STEP][PASSED] - FB = <not implemented yet for class: org.codehaus.groovy.ast.expr.EmptyExpression>: null

16-10-2024T07:03:31 - [TEST_STEP][PASSED] - TR = <not implemented yet for class: org.codehaus.groovy.ast.expr.EmptyExpression>: null

16-10-2024T07:03:31 - [TEST_STEP][PASSED] - TB = <not implemented yet for class: org.codehaus.groovy.ast.expr.EmptyExpression>: null

16-10-2024T07:03:31 - [TEST_STEP][PASSED] - sheetName = "Sheet1": null

16-10-2024T07:03:31 - [TEST_STEP][PASSED] - data = findTestData("PlanFact"): null

16-10-2024T07:03:31 - [TEST_STEP][PASSED] - n = data.getRowNumbers() + 1: null

16-10-2024T07:03:31 - [TEST_STEP][PASSED] - year = todaysDate.substring(todaysDate.length() - 4, todaysDate.length()): null

16-10-2024T07:03:31 - [TEST_STEP][PASSED] - y = year.toInteger(): null

16-10-2024T07:03:31 - [TEST_STEP][PASSED] - m = getText(findTestObject("Выполнение бизнес-плана/Выполнение бизнес-плана Балансы/Фильтр Дата")): Text of object 'Object Repository/Выполнение бизнес-плана/Выполнение бизнес-плана Балансы/Фильтр Дата' is: '1, 2 кв., Июль, Август 2024 года'

16-10-2024T07:03:32 - [MESSAGE][PASSED] - Text of object 'Object Repository/Выполнение бизнес-плана/Выполнение бизнес-плана Балансы/Фильтр Дата' is: '1, 2 кв., Июль, Август 2024 года'

16-10-2024T07:03:32 - [TEST_STEP][PASSED] - m = m.substring(0, m.indexOf("2024")): null

16-10-2024T07:03:32 - [TEST_STEP][PASSED] - m = m.trim(): null

16-10-2024T07:03:32 - [TEST_STEP][PASSED] - dashboardName = "Выполнение бизнес-плана": null

16-10-2024T07:03:32 - [TEST_STEP][PASSED] - workbook01 = getWorkbook(excelFilePath): null

16-10-2024T07:03:32 - [TEST_STEP][PASSED] - sheet01 = getExcelSheet(workbook01, sheetName): null

16-10-2024T07:03:32 - [TEST_STEP][PASSED] - setValueToCellByIndex(sheet01, n, 0, dashboardName): null

16-10-2024T07:03:32 - [TEST_STEP][PASSED] - setValueToCellByIndex(sheet01, n, 1, dZO): null

16-10-2024T07:03:32 - [TEST_STEP][PASSED] - setValueToCellByIndex(sheet01, n, 2, typeOfData): null

16-10-2024T07:03:32 - [TEST_STEP][PASSED] - setValueToCellByIndex(sheet01, n, 3, typeOfData): null

16-10-2024T07:03:32 - [TEST_STEP][PASSED] - if (typeOfData == "План"): null

16-10-2024T07:03:32 - [TEST_STEP][PASSED] - else if (typeOfData == "Факт"): null

16-10-2024T07:03:32 - [TEST_STEP][PASSED] - else if (vidget.contains("электроэнергии") == true): null

16-10-2024T07:03:32 - [TEST_STEP][PASSED] - else: null

16-10-2024T07:03:32 - [TEST_STEP][PASSED] - if (o1R == null): null

16-10-2024T07:03:32 - [TEST_STEP][PASSED] - else: null

16-10-2024T07:03:32 - [TEST_STEP][PASSED] - if (o1R == "нет данных"): null

16-10-2024T07:03:32 - [TEST_STEP][PASSED] - setValueToCellByIndex(sheet01, n, 4, "нет данных"): null

16-10-2024T07:03:32 - [TEST_STEP][PASSED] - if (o1B == null): null

16-10-2024T07:03:32 - [TEST_STEP][PASSED] - else: null

16-10-2024T07:03:32 - [TEST_STEP][PASSED] - if (o1B == "нет данных"): null

16-10-2024T07:03:32 - [TEST_STEP][PASSED] - else: null

16-10-2024T07:03:32 - [TEST_STEP][PASSED] - FB = o1B.toDouble(): null

16-10-2024T07:03:32 - [TEST_STEP][PASSED] - setValueToCellByIndex(sheet01, n, 5, FB): null

16-10-2024T07:03:32 - [TEST_STEP][PASSED] - setValueToCellByIndex(sheet01, n, 6, m): null

16-10-2024T07:03:32 - [TEST_STEP][PASSED] - setValueToCellByIndex(sheet01, n, 7, y): null

16-10-2024T07:03:32 - [TEST_STEP][PASSED] - setValueToCellByIndex(sheet01, n, 8, todaysDate): null

16-10-2024T07:03:32 - [TEST_STEP][PASSED] - n = n + 1: null

16-10-2024T07:03:32 - [TEST_STEP][FAILED] - saveWorkbook(excelFilePath, workbook01): null

16-10-2024T07:03:32 - [TEST_STEP][PASSED] - if (verifyEqual(siR, siB) == false): Actual object 'Россети Сибирь (ГК)/6.96/6.88/42077522/39183294/2894228/40335504/37526242/2809262/-0.09' and expected object 'Россети Сибирь (ГК)/6.96/6.88/42077522/39183294/2894228/40335504/37526242/2809262/-0.09' are equal

16-10-2024T07:03:32 - [MESSAGE][PASSED] - Actual object 'Россети Сибирь (ГК)/6.96/6.88/42077522/39183294/2894228/40335504/37526242/2809262/-0.09' and expected object 'Россети Сибирь (ГК)/6.96/6.88/42077522/39183294/2894228/40335504/37526242/2809262/-0.09' are equal

16-10-2024T07:03:32 - [TEST_STEP][FAILED] - if (verifyEqual(tomR, tomB) == false): null

16-10-2024T07:03:32 - [MESSAGE][FAILED] - Unable to verify equal between actual object 'Россети Томск/нет данных/нет данных/нет данных/нет данных/нет данных/нет данных/нет данных/нет данных/нет данных' and expected object 'Россети Томск/8.14/8.12/3404093/3127846/276248/3250076/2985452/264624/-0.03' (Root cause: com.kms.katalon.core.exception.StepFailedException: Actual object 'Россети Томск/нет данных/нет данных/нет данных/нет данных/нет данных/нет данных/нет данных/нет данных/нет данных' and expected object 'Россети Томск/8.14/8.12/3404093/3127846/276248/3250076/2985452/264624/-0.03' are not equal
	at com.kms.katalon.core.keyword.builtin.VerifyEqualKeyword$_verifyEqual_closure1.doCall(VerifyEqualKeyword.groovy:58)
	at com.kms.katalon.core.keyword.builtin.VerifyEqualKeyword$_verifyEqual_closure1.call(VerifyEqualKeyword.groovy)
	at com.kms.katalon.core.keyword.internal.KeywordMain.runKeyword(KeywordMain.groovy:75)
	at com.kms.katalon.core.keyword.builtin.VerifyEqualKeyword.verifyEqual(VerifyEqualKeyword.groovy:63)
	at com.kms.katalon.core.keyword.builtin.VerifyEqualKeyword.execute(VerifyEqualKeyword.groovy:44)
	at com.kms.katalon.core.keyword.internal.KeywordExecutor.executeKeywordForPlatform(KeywordExecutor.groovy:74)
	at com.kms.katalon.core.keyword.BuiltinKeywords.verifyEqual(BuiltinKeywords.groovy:146)
	at jdk.internal.reflect.GeneratedMethodAccessor25.invoke(Unknown Source)
	at java.base/jdk.internal.reflect.DelegatingMethodAccessorImpl.invoke(DelegatingMethodAccessorImpl.java:43)
	at Выполнение бизнес-плана сверка дашбордов.run(Выполнение бизнес-плана сверка дашбордов:632)
	at com.kms.katalon.core.main.ScriptEngine.run(ScriptEngine.java:194)
	at com.kms.katalon.core.main.ScriptEngine.runScriptAsRawText(ScriptEngine.java:119)
	at com.kms.katalon.core.main.TestCaseExecutor.runScript(TestCaseExecutor.java:448)
	at com.kms.katalon.core.main.TestCaseExecutor.doExecute(TestCaseExecutor.java:439)
	at com.kms.katalon.core.main.TestCaseExecutor.processExecutionPhase(TestCaseExecutor.java:418)
	at com.kms.katalon.core.main.TestCaseExecutor.accessMainPhase(TestCaseExecutor.java:410)
	at com.kms.katalon.core.main.TestCaseExecutor.execute(TestCaseExecutor.java:285)
	at com.kms.katalon.core.common.CommonExecutor.accessTestCaseMainPhase(CommonExecutor.java:65)
	at com.kms.katalon.core.main.TestSuiteExecutor.accessTestSuiteMainPhase(TestSuiteExecutor.java:150)
	at com.kms.katalon.core.main.TestSuiteExecutor.execute(TestSuiteExecutor.java:106)
	at com.kms.katalon.core.main.TestCaseMain.startTestSuite(TestCaseMain.java:180)
	at TempTestSuite1729050801829.run(TempTestSuite1729050801829.groovy:35)
	at java.base/jdk.internal.reflect.NativeMethodAccessorImpl.invoke0(Native Method)
	at java.base/jdk.internal.reflect.NativeMethodAccessorImpl.invoke(NativeMethodAccessorImpl.java:77)
	at java.base/jdk.internal.reflect.DelegatingMethodAccessorImpl.invoke(DelegatingMethodAccessorImpl.java:43)
)

16-10-2024T07:03:32 - [TEST_STEP][PASSED] - result = CompareDZOData(a = tomR, b = tomB, dZO, typeOfData, PercPlanR, PercPlanB, PercFactR, PercFactB, todaysDate, x, vidget, tabR, tabB, o1R, o1B): null

16-10-2024T07:03:32 - [TEST_STEP][PASSED] - ii2 = <not implemented yet for class: org.codehaus.groovy.ast.expr.EmptyExpression>: null

16-10-2024T07:03:32 - [TEST_STEP][FAILED] - if (verifyEqual(a, b) == false): null

16-10-2024T07:03:32 - [MESSAGE][FAILED] - Unable to verify equal between actual object 'Россети Томск/нет данных/нет данных/нет данных/нет данных/нет данных/нет данных/нет данных/нет данных/нет данных' and expected object 'Россети Томск/8.14/8.12/3404093/3127846/276248/3250076/2985452/264624/-0.03' (Root cause: com.kms.katalon.core.exception.StepFailedException: Actual object 'Россети Томск/нет данных/нет данных/нет данных/нет данных/нет данных/нет данных/нет данных/нет данных/нет данных' and expected object 'Россети Томск/8.14/8.12/3404093/3127846/276248/3250076/2985452/264624/-0.03' are not equal
	at com.kms.katalon.core.keyword.builtin.VerifyEqualKeyword$_verifyEqual_closure1.doCall(VerifyEqualKeyword.groovy:58)
	at com.kms.katalon.core.keyword.builtin.VerifyEqualKeyword$_verifyEqual_closure1.call(VerifyEqualKeyword.groovy)
	at com.kms.katalon.core.keyword.internal.KeywordMain.runKeyword(KeywordMain.groovy:75)
	at com.kms.katalon.core.keyword.builtin.VerifyEqualKeyword.verifyEqual(VerifyEqualKeyword.groovy:63)
	at com.kms.katalon.core.keyword.builtin.VerifyEqualKeyword.execute(VerifyEqualKeyword.groovy:44)
	at com.kms.katalon.core.keyword.internal.KeywordExecutor.executeKeywordForPlatform(KeywordExecutor.groovy:74)
	at com.kms.katalon.core.keyword.BuiltinKeywords.verifyEqual(BuiltinKeywords.groovy:146)
	at jdk.internal.reflect.GeneratedMethodAccessor25.invoke(Unknown Source)
	at java.base/jdk.internal.reflect.DelegatingMethodAccessorImpl.invoke(DelegatingMethodAccessorImpl.java:43)
	at Выполнение бизнес-плана сверка дашбордов.CompareDZOData(Выполнение бизнес-плана сверка дашбордов:673)
	at Выполнение бизнес-плана сверка дашбордов.run(Выполнение бизнес-плана сверка дашбордов:633)
	at com.kms.katalon.core.main.ScriptEngine.run(ScriptEngine.java:194)
	at com.kms.katalon.core.main.ScriptEngine.runScriptAsRawText(ScriptEngine.java:119)
	at com.kms.katalon.core.main.TestCaseExecutor.runScript(TestCaseExecutor.java:448)
	at com.kms.katalon.core.main.TestCaseExecutor.doExecute(TestCaseExecutor.java:439)
	at com.kms.katalon.core.main.TestCaseExecutor.processExecutionPhase(TestCaseExecutor.java:418)
	at com.kms.katalon.core.main.TestCaseExecutor.accessMainPhase(TestCaseExecutor.java:410)
	at com.kms.katalon.core.main.TestCaseExecutor.execute(TestCaseExecutor.java:285)
	at com.kms.katalon.core.common.CommonExecutor.accessTestCaseMainPhase(CommonExecutor.java:65)
	at com.kms.katalon.core.main.TestSuiteExecutor.accessTestSuiteMainPhase(TestSuiteExecutor.java:150)
	at com.kms.katalon.core.main.TestSuiteExecutor.execute(TestSuiteExecutor.java:106)
	at com.kms.katalon.core.main.TestCaseMain.startTestSuite(TestCaseMain.java:180)
	at TempTestSuite1729050801829.run(TempTestSuite1729050801829.groovy:35)
	at java.base/jdk.internal.reflect.NativeMethodAccessorImpl.invoke0(Native Method)
	at java.base/jdk.internal.reflect.NativeMethodAccessorImpl.invoke(NativeMethodAccessorImpl.java:77)
	at java.base/jdk.internal.reflect.DelegatingMethodAccessorImpl.invoke(DelegatingMethodAccessorImpl.java:43)
)

16-10-2024T07:03:32 - [TEST_STEP][PASSED] - vidget = "Уровень потерь электроэнергии": null

16-10-2024T07:03:32 - [TEST_STEP][PASSED] - typeOfData = "План": null

16-10-2024T07:03:32 - [TEST_STEP][PASSED] - PercPlanR = GetPercPlanR(x = a): null

16-10-2024T07:03:32 - [TEST_STEP][PASSED] - i1 = <not implemented yet for class: org.codehaus.groovy.ast.expr.EmptyExpression>: null

16-10-2024T07:03:32 - [TEST_STEP][PASSED] - i1 = x.indexOf("/") + 1: null

16-10-2024T07:03:32 - [TEST_STEP][PASSED] - if (i1 > -1): null

16-10-2024T07:03:32 - [TEST_STEP][PASSED] - x = x.substring(i1, x.length()): null

16-10-2024T07:03:32 - [TEST_STEP][PASSED] - i1 = x.indexOf("/"): null

16-10-2024T07:03:32 - [TEST_STEP][PASSED] - if (i1 > -1): null

16-10-2024T07:03:32 - [TEST_STEP][PASSED] - x = x.substring(0, i1): null

16-10-2024T07:03:32 - [TEST_STEP][PASSED] - return x: null

16-10-2024T07:03:32 - [TEST_STEP][PASSED] - PercPlanB = GetPercPlanB(x = b): null

16-10-2024T07:03:32 - [TEST_STEP][PASSED] - i1 = <not implemented yet for class: org.codehaus.groovy.ast.expr.EmptyExpression>: null

16-10-2024T07:03:32 - [TEST_STEP][PASSED] - i1 = x.indexOf("/") + 1: null

16-10-2024T07:03:32 - [TEST_STEP][PASSED] - if (i1 > -1): null

16-10-2024T07:03:32 - [TEST_STEP][PASSED] - x = x.substring(i1, x.length()): null

16-10-2024T07:03:32 - [TEST_STEP][PASSED] - i1 = x.indexOf("/"): null

16-10-2024T07:03:32 - [TEST_STEP][PASSED] - if (i1 > -1): null

16-10-2024T07:03:32 - [TEST_STEP][PASSED] - x = x.substring(0, i1): null

16-10-2024T07:03:32 - [TEST_STEP][FAILED] - return x: null

16-10-2024T07:03:32 - [TEST_STEP][FAILED] - if (verifyEqual(PercPlanR, PercPlanB) == false): null

16-10-2024T07:03:32 - [MESSAGE][FAILED] - Unable to verify equal between actual object 'нет данных' and expected object '8.14' (Root cause: com.kms.katalon.core.exception.StepFailedException: Actual object 'нет данных' and expected object '8.14' are not equal
	at com.kms.katalon.core.keyword.builtin.VerifyEqualKeyword$_verifyEqual_closure1.doCall(VerifyEqualKeyword.groovy:58)
	at com.kms.katalon.core.keyword.builtin.VerifyEqualKeyword$_verifyEqual_closure1.call(VerifyEqualKeyword.groovy)
	at com.kms.katalon.core.keyword.internal.KeywordMain.runKeyword(KeywordMain.groovy:75)
	at com.kms.katalon.core.keyword.builtin.VerifyEqualKeyword.verifyEqual(VerifyEqualKeyword.groovy:63)
	at com.kms.katalon.core.keyword.builtin.VerifyEqualKeyword.execute(VerifyEqualKeyword.groovy:44)
	at com.kms.katalon.core.keyword.internal.KeywordExecutor.executeKeywordForPlatform(KeywordExecutor.groovy:74)
	at com.kms.katalon.core.keyword.BuiltinKeywords.verifyEqual(BuiltinKeywords.groovy:146)
	at jdk.internal.reflect.GeneratedMethodAccessor25.invoke(Unknown Source)
	at java.base/jdk.internal.reflect.DelegatingMethodAccessorImpl.invoke(DelegatingMethodAccessorImpl.java:43)
	at Выполнение бизнес-плана сверка дашбордов.CompareDZOData(Выполнение бизнес-плана сверка дашбордов:682)
	at Выполнение бизнес-плана сверка дашбордов.run(Выполнение бизнес-плана сверка дашбордов:633)
	at com.kms.katalon.core.main.ScriptEngine.run(ScriptEngine.java:194)
	at com.kms.katalon.core.main.ScriptEngine.runScriptAsRawText(ScriptEngine.java:119)
	at com.kms.katalon.core.main.TestCaseExecutor.runScript(TestCaseExecutor.java:448)
	at com.kms.katalon.core.main.TestCaseExecutor.doExecute(TestCaseExecutor.java:439)
	at com.kms.katalon.core.main.TestCaseExecutor.processExecutionPhase(TestCaseExecutor.java:418)
	at com.kms.katalon.core.main.TestCaseExecutor.accessMainPhase(TestCaseExecutor.java:410)
	at com.kms.katalon.core.main.TestCaseExecutor.execute(TestCaseExecutor.java:285)
	at com.kms.katalon.core.common.CommonExecutor.accessTestCaseMainPhase(CommonExecutor.java:65)
	at com.kms.katalon.core.main.TestSuiteExecutor.accessTestSuiteMainPhase(TestSuiteExecutor.java:150)
	at com.kms.katalon.core.main.TestSuiteExecutor.execute(TestSuiteExecutor.java:106)
	at com.kms.katalon.core.main.TestCaseMain.startTestSuite(TestCaseMain.java:180)
	at TempTestSuite1729050801829.run(TempTestSuite1729050801829.groovy:35)
	at java.base/jdk.internal.reflect.NativeMethodAccessorImpl.invoke0(Native Method)
	at java.base/jdk.internal.reflect.NativeMethodAccessorImpl.invoke(NativeMethodAccessorImpl.java:77)
	at java.base/jdk.internal.reflect.DelegatingMethodAccessorImpl.invoke(DelegatingMethodAccessorImpl.java:43)
)

16-10-2024T07:03:32 - [TEST_STEP][PASSED] - result = WriteToExcel(typeOfData, todaysDate, PercPlanR, PercPlanB, PercFactR, PercFactB, x, tabR, tabB, o1R, o1B, vidget): null

16-10-2024T07:03:32 - [TEST_STEP][PASSED] - iii = dZO.indexOf("/"): null

16-10-2024T07:03:32 - [TEST_STEP][PASSED] - println(iii): null

16-10-2024T07:03:32 - [TEST_STEP][PASSED] - dZO = dZO.substring(0, iii): null

16-10-2024T07:03:32 - [TEST_STEP][PASSED] - println(dZO): null

16-10-2024T07:03:32 - [TEST_STEP][PASSED] - println(PercPlanR): null

16-10-2024T07:03:32 - [TEST_STEP][PASSED] - println(PercPlanB): null

16-10-2024T07:03:32 - [TEST_STEP][PASSED] - println(PercFactR): null

16-10-2024T07:03:32 - [TEST_STEP][PASSED] - println(PercFactB): null

16-10-2024T07:03:32 - [TEST_STEP][PASSED] - println(tabR): null

16-10-2024T07:03:32 - [TEST_STEP][PASSED] - println(tabB): null

16-10-2024T07:03:32 - [TEST_STEP][PASSED] - println(o1R): null

16-10-2024T07:03:32 - [TEST_STEP][PASSED] - println(o1B): null

16-10-2024T07:03:32 - [TEST_STEP][PASSED] - PR = <not implemented yet for class: org.codehaus.groovy.ast.expr.EmptyExpression>: null

16-10-2024T07:03:32 - [TEST_STEP][PASSED] - FR = <not implemented yet for class: org.codehaus.groovy.ast.expr.EmptyExpression>: null

16-10-2024T07:03:32 - [TEST_STEP][PASSED] - PB = <not implemented yet for class: org.codehaus.groovy.ast.expr.EmptyExpression>: null

16-10-2024T07:03:32 - [TEST_STEP][PASSED] - FB = <not implemented yet for class: org.codehaus.groovy.ast.expr.EmptyExpression>: null

16-10-2024T07:03:32 - [TEST_STEP][PASSED] - TR = <not implemented yet for class: org.codehaus.groovy.ast.expr.EmptyExpression>: null

16-10-2024T07:03:32 - [TEST_STEP][PASSED] - TB = <not implemented yet for class: org.codehaus.groovy.ast.expr.EmptyExpression>: null

16-10-2024T07:03:32 - [TEST_STEP][PASSED] - sheetName = "Sheet1": null

16-10-2024T07:03:32 - [TEST_STEP][PASSED] - data = findTestData("PlanFact"): null

16-10-2024T07:03:32 - [TEST_STEP][PASSED] - n = data.getRowNumbers() + 1: null

16-10-2024T07:03:32 - [TEST_STEP][PASSED] - year = todaysDate.substring(todaysDate.length() - 4, todaysDate.length()): null

16-10-2024T07:03:32 - [TEST_STEP][PASSED] - y = year.toInteger(): null

16-10-2024T07:03:32 - [TEST_STEP][PASSED] - m = getText(findTestObject("Выполнение бизнес-плана/Выполнение бизнес-плана Балансы/Фильтр Дата")): Text of object 'Object Repository/Выполнение бизнес-плана/Выполнение бизнес-плана Балансы/Фильтр Дата' is: '1, 2 кв., Июль, Август 2024 года'

16-10-2024T07:03:32 - [MESSAGE][PASSED] - Text of object 'Object Repository/Выполнение бизнес-плана/Выполнение бизнес-плана Балансы/Фильтр Дата' is: '1, 2 кв., Июль, Август 2024 года'

16-10-2024T07:03:32 - [TEST_STEP][PASSED] - m = m.substring(0, m.indexOf("2024")): null

16-10-2024T07:03:32 - [TEST_STEP][PASSED] - m = m.trim(): null

16-10-2024T07:03:32 - [TEST_STEP][PASSED] - dashboardName = "Выполнение бизнес-плана": null

16-10-2024T07:03:32 - [TEST_STEP][PASSED] - workbook01 = getWorkbook(excelFilePath): null

16-10-2024T07:03:32 - [TEST_STEP][PASSED] - sheet01 = getExcelSheet(workbook01, sheetName): null

16-10-2024T07:03:32 - [TEST_STEP][PASSED] - setValueToCellByIndex(sheet01, n, 0, dashboardName): null

16-10-2024T07:03:32 - [TEST_STEP][PASSED] - setValueToCellByIndex(sheet01, n, 1, dZO): null

16-10-2024T07:03:32 - [TEST_STEP][PASSED] - setValueToCellByIndex(sheet01, n, 2, typeOfData): null

16-10-2024T07:03:32 - [TEST_STEP][PASSED] - setValueToCellByIndex(sheet01, n, 3, typeOfData): null

16-10-2024T07:03:32 - [TEST_STEP][PASSED] - if (typeOfData == "План"): null

16-10-2024T07:03:32 - [TEST_STEP][PASSED] - if (PercPlanR == null): null

16-10-2024T07:03:32 - [TEST_STEP][PASSED] - else: null

16-10-2024T07:03:32 - [TEST_STEP][PASSED] - if (PercPlanR == "нет данных"): null

16-10-2024T07:03:32 - [TEST_STEP][PASSED] - setValueToCellByIndex(sheet01, n, 4, "нет данных"): null

16-10-2024T07:03:32 - [TEST_STEP][PASSED] - if (PercPlanB == null): null

16-10-2024T07:03:32 - [TEST_STEP][PASSED] - else: null

16-10-2024T07:03:32 - [TEST_STEP][PASSED] - if (PercPlanB == "нет данных"): null

16-10-2024T07:03:32 - [TEST_STEP][PASSED] - else: null

16-10-2024T07:03:32 - [TEST_STEP][PASSED] - PB = PercPlanB.toDouble(): null

16-10-2024T07:03:32 - [TEST_STEP][PASSED] - setValueToCellByIndex(sheet01, n, 5, PB): null

16-10-2024T07:03:32 - [TEST_STEP][PASSED] - setValueToCellByIndex(sheet01, n, 6, m): null

16-10-2024T07:03:32 - [TEST_STEP][PASSED] - setValueToCellByIndex(sheet01, n, 7, y): null

16-10-2024T07:03:32 - [TEST_STEP][PASSED] - setValueToCellByIndex(sheet01, n, 8, todaysDate): null

16-10-2024T07:03:32 - [TEST_STEP][PASSED] - n = n + 1: null

16-10-2024T07:03:32 - [TEST_STEP][PASSED] - saveWorkbook(excelFilePath, workbook01): null

16-10-2024T07:03:33 - [TEST_STEP][PASSED] - typeOfData = "Факт": null

16-10-2024T07:03:33 - [TEST_STEP][PASSED] - PercFactR = GetPercFactR(x = a): null

16-10-2024T07:03:33 - [TEST_STEP][PASSED] - i1 = <not implemented yet for class: org.codehaus.groovy.ast.expr.EmptyExpression>: null

16-10-2024T07:03:33 - [TEST_STEP][PASSED] - ii = <not implemented yet for class: org.codehaus.groovy.ast.expr.EmptyExpression>: null

16-10-2024T07:03:33 - [TEST_STEP][PASSED] - for ([ii = 1, ii < 3, (ii++)]): null

16-10-2024T07:03:33 - [TEST_STEP][PASSED] - i1 = x.indexOf("/") + 1: null

16-10-2024T07:03:33 - [TEST_STEP][PASSED] - if (i1 > -1): null

16-10-2024T07:03:33 - [TEST_STEP][PASSED] - x = x.substring(i1, x.length()): null

16-10-2024T07:03:33 - [TEST_STEP][PASSED] - println(x): null

16-10-2024T07:03:33 - [TEST_STEP][PASSED] - i1 = x.indexOf("/") + 1: null

16-10-2024T07:03:33 - [TEST_STEP][PASSED] - if (i1 > -1): null

16-10-2024T07:03:33 - [TEST_STEP][PASSED] - x = x.substring(i1, x.length()): null

16-10-2024T07:03:33 - [TEST_STEP][PASSED] - println(x): null

16-10-2024T07:03:33 - [TEST_STEP][PASSED] - i1 = x.indexOf("/"): null

16-10-2024T07:03:33 - [TEST_STEP][PASSED] - if (i1 > -1): null

16-10-2024T07:03:33 - [TEST_STEP][PASSED] - x = x.substring(0, i1): null

16-10-2024T07:03:33 - [TEST_STEP][PASSED] - println(x): null

16-10-2024T07:03:33 - [TEST_STEP][PASSED] - return x: null

16-10-2024T07:03:33 - [TEST_STEP][PASSED] - PercFactB = GetPercFactB(x = b): null

16-10-2024T07:03:33 - [TEST_STEP][PASSED] - i1 = <not implemented yet for class: org.codehaus.groovy.ast.expr.EmptyExpression>: null

16-10-2024T07:03:33 - [TEST_STEP][PASSED] - ii = <not implemented yet for class: org.codehaus.groovy.ast.expr.EmptyExpression>: null

16-10-2024T07:03:33 - [TEST_STEP][PASSED] - for ([ii = 1, ii < 3, (ii++)]): null

16-10-2024T07:03:33 - [TEST_STEP][PASSED] - i1 = x.indexOf("/") + 1: null

16-10-2024T07:03:33 - [TEST_STEP][PASSED] - if (i1 > -1): null

16-10-2024T07:03:33 - [TEST_STEP][PASSED] - x = x.substring(i1, x.length()): null

16-10-2024T07:03:33 - [TEST_STEP][PASSED] - println(x): null

16-10-2024T07:03:33 - [TEST_STEP][PASSED] - i1 = x.indexOf("/") + 1: null

16-10-2024T07:03:33 - [TEST_STEP][PASSED] - if (i1 > -1): null

16-10-2024T07:03:33 - [TEST_STEP][PASSED] - x = x.substring(i1, x.length()): null

16-10-2024T07:03:33 - [TEST_STEP][PASSED] - println(x): null

16-10-2024T07:03:33 - [TEST_STEP][PASSED] - i1 = x.indexOf("/"): null

16-10-2024T07:03:33 - [TEST_STEP][PASSED] - if (i1 > -1): null

16-10-2024T07:03:33 - [TEST_STEP][PASSED] - x = x.substring(0, i1): null

16-10-2024T07:03:33 - [TEST_STEP][PASSED] - println(x): null

16-10-2024T07:03:33 - [TEST_STEP][FAILED] - return x: null

16-10-2024T07:03:33 - [TEST_STEP][FAILED] - if (verifyEqual(PercFactR, PercFactB) == false): null

16-10-2024T07:03:33 - [MESSAGE][FAILED] - Unable to verify equal between actual object 'нет данных' and expected object '8.12' (Root cause: com.kms.katalon.core.exception.StepFailedException: Actual object 'нет данных' and expected object '8.12' are not equal
	at com.kms.katalon.core.keyword.builtin.VerifyEqualKeyword$_verifyEqual_closure1.doCall(VerifyEqualKeyword.groovy:58)
	at com.kms.katalon.core.keyword.builtin.VerifyEqualKeyword$_verifyEqual_closure1.call(VerifyEqualKeyword.groovy)
	at com.kms.katalon.core.keyword.internal.KeywordMain.runKeyword(KeywordMain.groovy:75)
	at com.kms.katalon.core.keyword.builtin.VerifyEqualKeyword.verifyEqual(VerifyEqualKeyword.groovy:63)
	at com.kms.katalon.core.keyword.builtin.VerifyEqualKeyword.execute(VerifyEqualKeyword.groovy:44)
	at com.kms.katalon.core.keyword.internal.KeywordExecutor.executeKeywordForPlatform(KeywordExecutor.groovy:74)
	at com.kms.katalon.core.keyword.BuiltinKeywords.verifyEqual(BuiltinKeywords.groovy:146)
	at jdk.internal.reflect.GeneratedMethodAccessor25.invoke(Unknown Source)
	at java.base/jdk.internal.reflect.DelegatingMethodAccessorImpl.invoke(DelegatingMethodAccessorImpl.java:43)
	at Выполнение бизнес-плана сверка дашбордов.CompareDZOData(Выполнение бизнес-плана сверка дашбордов:693)
	at Выполнение бизнес-плана сверка дашбордов.run(Выполнение бизнес-плана сверка дашбордов:633)
	at com.kms.katalon.core.main.ScriptEngine.run(ScriptEngine.java:194)
	at com.kms.katalon.core.main.ScriptEngine.runScriptAsRawText(ScriptEngine.java:119)
	at com.kms.katalon.core.main.TestCaseExecutor.runScript(TestCaseExecutor.java:448)
	at com.kms.katalon.core.main.TestCaseExecutor.doExecute(TestCaseExecutor.java:439)
	at com.kms.katalon.core.main.TestCaseExecutor.processExecutionPhase(TestCaseExecutor.java:418)
	at com.kms.katalon.core.main.TestCaseExecutor.accessMainPhase(TestCaseExecutor.java:410)
	at com.kms.katalon.core.main.TestCaseExecutor.execute(TestCaseExecutor.java:285)
	at com.kms.katalon.core.common.CommonExecutor.accessTestCaseMainPhase(CommonExecutor.java:65)
	at com.kms.katalon.core.main.TestSuiteExecutor.accessTestSuiteMainPhase(TestSuiteExecutor.java:150)
	at com.kms.katalon.core.main.TestSuiteExecutor.execute(TestSuiteExecutor.java:106)
	at com.kms.katalon.core.main.TestCaseMain.startTestSuite(TestCaseMain.java:180)
	at TempTestSuite1729050801829.run(TempTestSuite1729050801829.groovy:35)
	at java.base/jdk.internal.reflect.NativeMethodAccessorImpl.invoke0(Native Method)
	at java.base/jdk.internal.reflect.NativeMethodAccessorImpl.invoke(NativeMethodAccessorImpl.java:77)
	at java.base/jdk.internal.reflect.DelegatingMethodAccessorImpl.invoke(DelegatingMethodAccessorImpl.java:43)
)

16-10-2024T07:03:33 - [TEST_STEP][PASSED] - result = WriteToExcel(typeOfData, todaysDate, PercPlanR, PercPlanB, PercFactR, PercFactB, x, tabR, tabB, o1R, o1B, vidget): null

16-10-2024T07:03:33 - [TEST_STEP][PASSED] - iii = dZO.indexOf("/"): null

16-10-2024T07:03:33 - [TEST_STEP][PASSED] - println(iii): null

16-10-2024T07:03:33 - [TEST_STEP][PASSED] - dZO = dZO.substring(0, iii): null

16-10-2024T07:03:33 - [TEST_STEP][PASSED] - println(dZO): null

16-10-2024T07:03:33 - [TEST_STEP][PASSED] - println(PercPlanR): null

16-10-2024T07:03:33 - [TEST_STEP][PASSED] - println(PercPlanB): null

16-10-2024T07:03:33 - [TEST_STEP][PASSED] - println(PercFactR): null

16-10-2024T07:03:33 - [TEST_STEP][PASSED] - println(PercFactB): null

16-10-2024T07:03:33 - [TEST_STEP][PASSED] - println(tabR): null

16-10-2024T07:03:33 - [TEST_STEP][PASSED] - println(tabB): null

16-10-2024T07:03:33 - [TEST_STEP][PASSED] - println(o1R): null

16-10-2024T07:03:33 - [TEST_STEP][PASSED] - println(o1B): null

16-10-2024T07:03:33 - [TEST_STEP][PASSED] - PR = <not implemented yet for class: org.codehaus.groovy.ast.expr.EmptyExpression>: null

16-10-2024T07:03:33 - [TEST_STEP][PASSED] - FR = <not implemented yet for class: org.codehaus.groovy.ast.expr.EmptyExpression>: null

16-10-2024T07:03:33 - [TEST_STEP][PASSED] - PB = <not implemented yet for class: org.codehaus.groovy.ast.expr.EmptyExpression>: null

16-10-2024T07:03:33 - [TEST_STEP][PASSED] - FB = <not implemented yet for class: org.codehaus.groovy.ast.expr.EmptyExpression>: null

16-10-2024T07:03:33 - [TEST_STEP][PASSED] - TR = <not implemented yet for class: org.codehaus.groovy.ast.expr.EmptyExpression>: null

16-10-2024T07:03:33 - [TEST_STEP][PASSED] - TB = <not implemented yet for class: org.codehaus.groovy.ast.expr.EmptyExpression>: null

16-10-2024T07:03:33 - [TEST_STEP][PASSED] - sheetName = "Sheet1": null

16-10-2024T07:03:33 - [TEST_STEP][PASSED] - data = findTestData("PlanFact"): null

16-10-2024T07:03:33 - [TEST_STEP][PASSED] - n = data.getRowNumbers() + 1: null

16-10-2024T07:03:33 - [TEST_STEP][PASSED] - year = todaysDate.substring(todaysDate.length() - 4, todaysDate.length()): null

16-10-2024T07:03:33 - [TEST_STEP][PASSED] - y = year.toInteger(): null

16-10-2024T07:03:33 - [TEST_STEP][PASSED] - m = getText(findTestObject("Выполнение бизнес-плана/Выполнение бизнес-плана Балансы/Фильтр Дата")): Text of object 'Object Repository/Выполнение бизнес-плана/Выполнение бизнес-плана Балансы/Фильтр Дата' is: '1, 2 кв., Июль, Август 2024 года'

16-10-2024T07:03:33 - [MESSAGE][PASSED] - Text of object 'Object Repository/Выполнение бизнес-плана/Выполнение бизнес-плана Балансы/Фильтр Дата' is: '1, 2 кв., Июль, Август 2024 года'

16-10-2024T07:03:33 - [TEST_STEP][PASSED] - m = m.substring(0, m.indexOf("2024")): null

16-10-2024T07:03:33 - [TEST_STEP][PASSED] - m = m.trim(): null

16-10-2024T07:03:33 - [TEST_STEP][PASSED] - dashboardName = "Выполнение бизнес-плана": null

16-10-2024T07:03:33 - [TEST_STEP][PASSED] - workbook01 = getWorkbook(excelFilePath): null

16-10-2024T07:03:33 - [TEST_STEP][PASSED] - sheet01 = getExcelSheet(workbook01, sheetName): null

16-10-2024T07:03:33 - [TEST_STEP][PASSED] - setValueToCellByIndex(sheet01, n, 0, dashboardName): null

16-10-2024T07:03:33 - [TEST_STEP][PASSED] - setValueToCellByIndex(sheet01, n, 1, dZO): null

16-10-2024T07:03:33 - [TEST_STEP][PASSED] - setValueToCellByIndex(sheet01, n, 2, typeOfData): null

16-10-2024T07:03:33 - [TEST_STEP][PASSED] - setValueToCellByIndex(sheet01, n, 3, typeOfData): null

16-10-2024T07:03:33 - [TEST_STEP][PASSED] - if (typeOfData == "План"): null

16-10-2024T07:03:33 - [TEST_STEP][PASSED] - else if (typeOfData == "Факт"): null

16-10-2024T07:03:33 - [TEST_STEP][PASSED] - if (PercFactR == null): null

16-10-2024T07:03:33 - [TEST_STEP][PASSED] - else: null

16-10-2024T07:03:33 - [TEST_STEP][PASSED] - if (PercFactR == "нет данных"): null

16-10-2024T07:03:33 - [TEST_STEP][PASSED] - setValueToCellByIndex(sheet01, n, 4, "нет данных"): null

16-10-2024T07:03:33 - [TEST_STEP][PASSED] - if (PercFactB == null): null

16-10-2024T07:03:33 - [TEST_STEP][PASSED] - else: null

16-10-2024T07:03:33 - [TEST_STEP][PASSED] - if (PercFactB == "нет данных"): null

16-10-2024T07:03:33 - [TEST_STEP][PASSED] - else: null

16-10-2024T07:03:33 - [TEST_STEP][PASSED] - FB = PercFactB.toDouble(): null

16-10-2024T07:03:33 - [TEST_STEP][PASSED] - setValueToCellByIndex(sheet01, n, 5, FB): null

16-10-2024T07:03:33 - [TEST_STEP][PASSED] - setValueToCellByIndex(sheet01, n, 6, m): null

16-10-2024T07:03:33 - [TEST_STEP][PASSED] - setValueToCellByIndex(sheet01, n, 7, y): null

16-10-2024T07:03:33 - [TEST_STEP][PASSED] - setValueToCellByIndex(sheet01, n, 8, todaysDate): null

16-10-2024T07:03:33 - [TEST_STEP][PASSED] - n = n + 1: null

16-10-2024T07:03:33 - [TEST_STEP][PASSED] - saveWorkbook(excelFilePath, workbook01): null

16-10-2024T07:03:33 - [TEST_STEP][PASSED] - vidget = "Показатели баланса электроэнергии по ДЗО – Факт": null

16-10-2024T07:03:33 - [TEST_STEP][PASSED] - typeOfData = "Факт Отпуск в сеть": null

16-10-2024T07:03:33 - [TEST_STEP][PASSED] - tabR = GetOvSFactR(x = a): null

16-10-2024T07:03:33 - [TEST_STEP][PASSED] - i1 = <not implemented yet for class: org.codehaus.groovy.ast.expr.EmptyExpression>: null

16-10-2024T07:03:33 - [TEST_STEP][PASSED] - ii = <not implemented yet for class: org.codehaus.groovy.ast.expr.EmptyExpression>: null

16-10-2024T07:03:33 - [TEST_STEP][PASSED] - for ([ii = 1, ii < 4, (ii++)]): null

16-10-2024T07:03:33 - [TEST_STEP][PASSED] - i1 = x.indexOf("/") + 1: null

16-10-2024T07:03:33 - [TEST_STEP][PASSED] - if (i1 > -1): null

16-10-2024T07:03:33 - [TEST_STEP][PASSED] - x = x.substring(i1, x.length()): null

16-10-2024T07:03:33 - [TEST_STEP][PASSED] - println(x): null

16-10-2024T07:03:33 - [TEST_STEP][PASSED] - i1 = x.indexOf("/") + 1: null

16-10-2024T07:03:33 - [TEST_STEP][PASSED] - if (i1 > -1): null

16-10-2024T07:03:33 - [TEST_STEP][PASSED] - x = x.substring(i1, x.length()): null

16-10-2024T07:03:33 - [TEST_STEP][PASSED] - println(x): null

16-10-2024T07:03:33 - [TEST_STEP][PASSED] - i1 = x.indexOf("/") + 1: null

16-10-2024T07:03:33 - [TEST_STEP][PASSED] - if (i1 > -1): null

16-10-2024T07:03:33 - [TEST_STEP][PASSED] - x = x.substring(i1, x.length()): null

16-10-2024T07:03:33 - [TEST_STEP][PASSED] - println(x): null

16-10-2024T07:03:33 - [TEST_STEP][PASSED] - i1 = x.indexOf("/"): null

16-10-2024T07:03:33 - [TEST_STEP][PASSED] - if (i1 > -1): null

16-10-2024T07:03:33 - [TEST_STEP][PASSED] - x = x.substring(0, i1): null

16-10-2024T07:03:33 - [TEST_STEP][PASSED] - println(x): null

16-10-2024T07:03:33 - [TEST_STEP][PASSED] - return x: null

16-10-2024T07:03:33 - [TEST_STEP][PASSED] - tabB = GetOvSFactB(x = b): null

16-10-2024T07:03:33 - [TEST_STEP][PASSED] - i1 = <not implemented yet for class: org.codehaus.groovy.ast.expr.EmptyExpression>: null

16-10-2024T07:03:33 - [TEST_STEP][PASSED] - ii = <not implemented yet for class: org.codehaus.groovy.ast.expr.EmptyExpression>: null

16-10-2024T07:03:33 - [TEST_STEP][PASSED] - for ([ii = 1, ii < 4, (ii++)]): null

16-10-2024T07:03:33 - [TEST_STEP][PASSED] - i1 = x.indexOf("/") + 1: null

16-10-2024T07:03:33 - [TEST_STEP][PASSED] - if (i1 > -1): null

16-10-2024T07:03:33 - [TEST_STEP][PASSED] - x = x.substring(i1, x.length()): null

16-10-2024T07:03:33 - [TEST_STEP][PASSED] - println(x): null

16-10-2024T07:03:33 - [TEST_STEP][PASSED] - i1 = x.indexOf("/") + 1: null

16-10-2024T07:03:33 - [TEST_STEP][PASSED] - if (i1 > -1): null

16-10-2024T07:03:33 - [TEST_STEP][PASSED] - x = x.substring(i1, x.length()): null

16-10-2024T07:03:33 - [TEST_STEP][PASSED] - println(x): null

16-10-2024T07:03:33 - [TEST_STEP][PASSED] - i1 = x.indexOf("/") + 1: null

16-10-2024T07:03:33 - [TEST_STEP][PASSED] - if (i1 > -1): null

16-10-2024T07:03:33 - [TEST_STEP][PASSED] - x = x.substring(i1, x.length()): null

16-10-2024T07:03:33 - [TEST_STEP][PASSED] - println(x): null

16-10-2024T07:03:33 - [TEST_STEP][PASSED] - i1 = x.indexOf("/"): null

16-10-2024T07:03:33 - [TEST_STEP][PASSED] - if (i1 > -1): null

16-10-2024T07:03:33 - [TEST_STEP][PASSED] - x = x.substring(0, i1): null

16-10-2024T07:03:33 - [TEST_STEP][PASSED] - println(x): null

16-10-2024T07:03:33 - [TEST_STEP][FAILED] - return x: null

16-10-2024T07:03:33 - [TEST_STEP][FAILED] - if (verifyEqual(tabR, tabB) == false): null

16-10-2024T07:03:33 - [MESSAGE][FAILED] - Unable to verify equal between actual object 'нет данных' and expected object '3404093' (Root cause: com.kms.katalon.core.exception.StepFailedException: Actual object 'нет данных' and expected object '3404093' are not equal
	at com.kms.katalon.core.keyword.builtin.VerifyEqualKeyword$_verifyEqual_closure1.doCall(VerifyEqualKeyword.groovy:58)
	at com.kms.katalon.core.keyword.builtin.VerifyEqualKeyword$_verifyEqual_closure1.call(VerifyEqualKeyword.groovy)
	at com.kms.katalon.core.keyword.internal.KeywordMain.runKeyword(KeywordMain.groovy:75)
	at com.kms.katalon.core.keyword.builtin.VerifyEqualKeyword.verifyEqual(VerifyEqualKeyword.groovy:63)
	at com.kms.katalon.core.keyword.builtin.VerifyEqualKeyword.execute(VerifyEqualKeyword.groovy:44)
	at com.kms.katalon.core.keyword.internal.KeywordExecutor.executeKeywordForPlatform(KeywordExecutor.groovy:74)
	at com.kms.katalon.core.keyword.BuiltinKeywords.verifyEqual(BuiltinKeywords.groovy:146)
	at jdk.internal.reflect.GeneratedMethodAccessor25.invoke(Unknown Source)
	at java.base/jdk.internal.reflect.DelegatingMethodAccessorImpl.invoke(DelegatingMethodAccessorImpl.java:43)
	at Выполнение бизнес-плана сверка дашбордов.CompareDZOData(Выполнение бизнес-плана сверка дашбордов:706)
	at Выполнение бизнес-плана сверка дашбордов.run(Выполнение бизнес-плана сверка дашбордов:633)
	at com.kms.katalon.core.main.ScriptEngine.run(ScriptEngine.java:194)
	at com.kms.katalon.core.main.ScriptEngine.runScriptAsRawText(ScriptEngine.java:119)
	at com.kms.katalon.core.main.TestCaseExecutor.runScript(TestCaseExecutor.java:448)
	at com.kms.katalon.core.main.TestCaseExecutor.doExecute(TestCaseExecutor.java:439)
	at com.kms.katalon.core.main.TestCaseExecutor.processExecutionPhase(TestCaseExecutor.java:418)
	at com.kms.katalon.core.main.TestCaseExecutor.accessMainPhase(TestCaseExecutor.java:410)
	at com.kms.katalon.core.main.TestCaseExecutor.execute(TestCaseExecutor.java:285)
	at com.kms.katalon.core.common.CommonExecutor.accessTestCaseMainPhase(CommonExecutor.java:65)
	at com.kms.katalon.core.main.TestSuiteExecutor.accessTestSuiteMainPhase(TestSuiteExecutor.java:150)
	at com.kms.katalon.core.main.TestSuiteExecutor.execute(TestSuiteExecutor.java:106)
	at com.kms.katalon.core.main.TestCaseMain.startTestSuite(TestCaseMain.java:180)
	at TempTestSuite1729050801829.run(TempTestSuite1729050801829.groovy:35)
	at java.base/jdk.internal.reflect.NativeMethodAccessorImpl.invoke0(Native Method)
	at java.base/jdk.internal.reflect.NativeMethodAccessorImpl.invoke(NativeMethodAccessorImpl.java:77)
	at java.base/jdk.internal.reflect.DelegatingMethodAccessorImpl.invoke(DelegatingMethodAccessorImpl.java:43)
)

16-10-2024T07:03:33 - [TEST_STEP][PASSED] - result = WriteToExcel(typeOfData, todaysDate, PercPlanR, PercPlanB, PercFactR, PercFactB, x, tabR, tabB, o1R, o1B, vidget): null

16-10-2024T07:03:33 - [TEST_STEP][PASSED] - iii = dZO.indexOf("/"): null

16-10-2024T07:03:33 - [TEST_STEP][PASSED] - println(iii): null

16-10-2024T07:03:33 - [TEST_STEP][PASSED] - dZO = dZO.substring(0, iii): null

16-10-2024T07:03:33 - [TEST_STEP][PASSED] - println(dZO): null

16-10-2024T07:03:33 - [TEST_STEP][PASSED] - println(PercPlanR): null

16-10-2024T07:03:33 - [TEST_STEP][PASSED] - println(PercPlanB): null

16-10-2024T07:03:33 - [TEST_STEP][PASSED] - println(PercFactR): null

16-10-2024T07:03:33 - [TEST_STEP][PASSED] - println(PercFactB): null

16-10-2024T07:03:33 - [TEST_STEP][PASSED] - println(tabR): null

16-10-2024T07:03:33 - [TEST_STEP][PASSED] - println(tabB): null

16-10-2024T07:03:33 - [TEST_STEP][PASSED] - println(o1R): null

16-10-2024T07:03:33 - [TEST_STEP][PASSED] - println(o1B): null

16-10-2024T07:03:33 - [TEST_STEP][PASSED] - PR = <not implemented yet for class: org.codehaus.groovy.ast.expr.EmptyExpression>: null

16-10-2024T07:03:33 - [TEST_STEP][PASSED] - FR = <not implemented yet for class: org.codehaus.groovy.ast.expr.EmptyExpression>: null

16-10-2024T07:03:33 - [TEST_STEP][PASSED] - PB = <not implemented yet for class: org.codehaus.groovy.ast.expr.EmptyExpression>: null

16-10-2024T07:03:33 - [TEST_STEP][PASSED] - FB = <not implemented yet for class: org.codehaus.groovy.ast.expr.EmptyExpression>: null

16-10-2024T07:03:33 - [TEST_STEP][PASSED] - TR = <not implemented yet for class: org.codehaus.groovy.ast.expr.EmptyExpression>: null

16-10-2024T07:03:33 - [TEST_STEP][PASSED] - TB = <not implemented yet for class: org.codehaus.groovy.ast.expr.EmptyExpression>: null

16-10-2024T07:03:33 - [TEST_STEP][PASSED] - sheetName = "Sheet1": null

16-10-2024T07:03:33 - [TEST_STEP][PASSED] - data = findTestData("PlanFact"): null

16-10-2024T07:03:33 - [TEST_STEP][PASSED] - n = data.getRowNumbers() + 1: null

16-10-2024T07:03:33 - [TEST_STEP][PASSED] - year = todaysDate.substring(todaysDate.length() - 4, todaysDate.length()): null

16-10-2024T07:03:33 - [TEST_STEP][PASSED] - y = year.toInteger(): null

16-10-2024T07:03:33 - [TEST_STEP][PASSED] - m = getText(findTestObject("Выполнение бизнес-плана/Выполнение бизнес-плана Балансы/Фильтр Дата")): Text of object 'Object Repository/Выполнение бизнес-плана/Выполнение бизнес-плана Балансы/Фильтр Дата' is: '1, 2 кв., Июль, Август 2024 года'

16-10-2024T07:03:34 - [MESSAGE][PASSED] - Text of object 'Object Repository/Выполнение бизнес-плана/Выполнение бизнес-плана Балансы/Фильтр Дата' is: '1, 2 кв., Июль, Август 2024 года'

16-10-2024T07:03:34 - [TEST_STEP][PASSED] - m = m.substring(0, m.indexOf("2024")): null

16-10-2024T07:03:34 - [TEST_STEP][PASSED] - m = m.trim(): null

16-10-2024T07:03:34 - [TEST_STEP][PASSED] - dashboardName = "Выполнение бизнес-плана": null

16-10-2024T07:03:34 - [TEST_STEP][PASSED] - workbook01 = getWorkbook(excelFilePath): null

16-10-2024T07:03:34 - [TEST_STEP][PASSED] - sheet01 = getExcelSheet(workbook01, sheetName): null

16-10-2024T07:03:34 - [TEST_STEP][PASSED] - setValueToCellByIndex(sheet01, n, 0, dashboardName): null

16-10-2024T07:03:34 - [TEST_STEP][PASSED] - setValueToCellByIndex(sheet01, n, 1, dZO): null

16-10-2024T07:03:34 - [TEST_STEP][PASSED] - setValueToCellByIndex(sheet01, n, 2, typeOfData): null

16-10-2024T07:03:34 - [TEST_STEP][PASSED] - setValueToCellByIndex(sheet01, n, 3, typeOfData): null

16-10-2024T07:03:34 - [TEST_STEP][PASSED] - if (typeOfData == "План"): null

16-10-2024T07:03:34 - [TEST_STEP][PASSED] - else if (typeOfData == "Факт"): null

16-10-2024T07:03:34 - [TEST_STEP][PASSED] - else if (vidget.contains("электроэнергии") == true): null

16-10-2024T07:03:34 - [TEST_STEP][PASSED] - if (tabR == null): null

16-10-2024T07:03:34 - [TEST_STEP][PASSED] - else: null

16-10-2024T07:03:34 - [TEST_STEP][PASSED] - if (tabR == "нет данных"): null

16-10-2024T07:03:34 - [TEST_STEP][PASSED] - setValueToCellByIndex(sheet01, n, 4, "нет данных"): null

16-10-2024T07:03:34 - [TEST_STEP][PASSED] - if (tabB == null): null

16-10-2024T07:03:34 - [TEST_STEP][PASSED] - else: null

16-10-2024T07:03:34 - [TEST_STEP][PASSED] - if (tabB == "нет данных"): null

16-10-2024T07:03:34 - [TEST_STEP][PASSED] - else: null

16-10-2024T07:03:34 - [TEST_STEP][PASSED] - TB = tabB.toInteger(): null

16-10-2024T07:03:34 - [TEST_STEP][PASSED] - setValueToCellByIndex(sheet01, n, 5, TB): null

16-10-2024T07:03:34 - [TEST_STEP][PASSED] - setValueToCellByIndex(sheet01, n, 6, m): null

16-10-2024T07:03:34 - [TEST_STEP][PASSED] - setValueToCellByIndex(sheet01, n, 7, y): null

16-10-2024T07:03:34 - [TEST_STEP][PASSED] - setValueToCellByIndex(sheet01, n, 8, todaysDate): null

16-10-2024T07:03:34 - [TEST_STEP][PASSED] - n = n + 1: null

16-10-2024T07:03:34 - [TEST_STEP][PASSED] - saveWorkbook(excelFilePath, workbook01): null

16-10-2024T07:03:34 - [TEST_STEP][PASSED] - typeOfData = "Факт Отпуск из сети": null

16-10-2024T07:03:34 - [TEST_STEP][PASSED] - tabR = GetOiSFactR(x = a): null

16-10-2024T07:03:34 - [TEST_STEP][PASSED] - i1 = <not implemented yet for class: org.codehaus.groovy.ast.expr.EmptyExpression>: null

16-10-2024T07:03:34 - [TEST_STEP][PASSED] - ii = <not implemented yet for class: org.codehaus.groovy.ast.expr.EmptyExpression>: null

16-10-2024T07:03:34 - [TEST_STEP][PASSED] - for ([ii = 1, ii < 5, (ii++)]): null

16-10-2024T07:03:34 - [TEST_STEP][PASSED] - i1 = x.indexOf("/") + 1: null

16-10-2024T07:03:34 - [TEST_STEP][PASSED] - if (i1 > -1): null

16-10-2024T07:03:34 - [TEST_STEP][PASSED] - x = x.substring(i1, x.length()): null

16-10-2024T07:03:34 - [TEST_STEP][PASSED] - println(x): null

16-10-2024T07:03:34 - [TEST_STEP][PASSED] - i1 = x.indexOf("/") + 1: null

16-10-2024T07:03:34 - [TEST_STEP][PASSED] - if (i1 > -1): null

16-10-2024T07:03:34 - [TEST_STEP][PASSED] - x = x.substring(i1, x.length()): null

16-10-2024T07:03:34 - [TEST_STEP][PASSED] - println(x): null

16-10-2024T07:03:34 - [TEST_STEP][PASSED] - i1 = x.indexOf("/") + 1: null

16-10-2024T07:03:34 - [TEST_STEP][PASSED] - if (i1 > -1): null

16-10-2024T07:03:34 - [TEST_STEP][PASSED] - x = x.substring(i1, x.length()): null

16-10-2024T07:03:34 - [TEST_STEP][PASSED] - println(x): null

16-10-2024T07:03:34 - [TEST_STEP][PASSED] - i1 = x.indexOf("/") + 1: null

16-10-2024T07:03:34 - [TEST_STEP][PASSED] - if (i1 > -1): null

16-10-2024T07:03:34 - [TEST_STEP][PASSED] - x = x.substring(i1, x.length()): null

16-10-2024T07:03:34 - [TEST_STEP][PASSED] - println(x): null

16-10-2024T07:03:34 - [TEST_STEP][PASSED] - i1 = x.indexOf("/"): null

16-10-2024T07:03:34 - [TEST_STEP][PASSED] - if (i1 > -1): null

16-10-2024T07:03:34 - [TEST_STEP][PASSED] - x = x.substring(0, i1): null

16-10-2024T07:03:34 - [TEST_STEP][PASSED] - println(x): null

16-10-2024T07:03:34 - [TEST_STEP][PASSED] - return x: null

16-10-2024T07:03:34 - [TEST_STEP][PASSED] - tabB = GetOiSFactB(x = b): null

16-10-2024T07:03:34 - [TEST_STEP][PASSED] - i1 = <not implemented yet for class: org.codehaus.groovy.ast.expr.EmptyExpression>: null

16-10-2024T07:03:34 - [TEST_STEP][PASSED] - ii = <not implemented yet for class: org.codehaus.groovy.ast.expr.EmptyExpression>: null

16-10-2024T07:03:34 - [TEST_STEP][PASSED] - for ([ii = 1, ii < 5, (ii++)]): null

16-10-2024T07:03:34 - [TEST_STEP][PASSED] - i1 = x.indexOf("/") + 1: null

16-10-2024T07:03:34 - [TEST_STEP][PASSED] - if (i1 > -1): null

16-10-2024T07:03:34 - [TEST_STEP][PASSED] - x = x.substring(i1, x.length()): null

16-10-2024T07:03:34 - [TEST_STEP][PASSED] - println(x): null

16-10-2024T07:03:34 - [TEST_STEP][PASSED] - i1 = x.indexOf("/") + 1: null

16-10-2024T07:03:34 - [TEST_STEP][PASSED] - if (i1 > -1): null

16-10-2024T07:03:34 - [TEST_STEP][PASSED] - x = x.substring(i1, x.length()): null

16-10-2024T07:03:34 - [TEST_STEP][PASSED] - println(x): null

16-10-2024T07:03:34 - [TEST_STEP][PASSED] - i1 = x.indexOf("/") + 1: null

16-10-2024T07:03:34 - [TEST_STEP][PASSED] - if (i1 > -1): null

16-10-2024T07:03:34 - [TEST_STEP][PASSED] - x = x.substring(i1, x.length()): null

16-10-2024T07:03:34 - [TEST_STEP][PASSED] - println(x): null

16-10-2024T07:03:34 - [TEST_STEP][PASSED] - i1 = x.indexOf("/") + 1: null

16-10-2024T07:03:34 - [TEST_STEP][PASSED] - if (i1 > -1): null

16-10-2024T07:03:34 - [TEST_STEP][PASSED] - x = x.substring(i1, x.length()): null

16-10-2024T07:03:34 - [TEST_STEP][PASSED] - println(x): null

16-10-2024T07:03:34 - [TEST_STEP][PASSED] - i1 = x.indexOf("/"): null

16-10-2024T07:03:34 - [TEST_STEP][PASSED] - if (i1 > -1): null

16-10-2024T07:03:34 - [TEST_STEP][PASSED] - x = x.substring(0, i1): null

16-10-2024T07:03:34 - [TEST_STEP][PASSED] - println(x): null

16-10-2024T07:03:34 - [TEST_STEP][FAILED] - return x: null

16-10-2024T07:03:34 - [TEST_STEP][FAILED] - if (verifyEqual(tabR, tabB) == false): null

16-10-2024T07:03:34 - [MESSAGE][FAILED] - Unable to verify equal between actual object 'нет данных' and expected object '3127846' (Root cause: com.kms.katalon.core.exception.StepFailedException: Actual object 'нет данных' and expected object '3127846' are not equal
	at com.kms.katalon.core.keyword.builtin.VerifyEqualKeyword$_verifyEqual_closure1.doCall(VerifyEqualKeyword.groovy:58)
	at com.kms.katalon.core.keyword.builtin.VerifyEqualKeyword$_verifyEqual_closure1.call(VerifyEqualKeyword.groovy)
	at com.kms.katalon.core.keyword.internal.KeywordMain.runKeyword(KeywordMain.groovy:75)
	at com.kms.katalon.core.keyword.builtin.VerifyEqualKeyword.verifyEqual(VerifyEqualKeyword.groovy:63)
	at com.kms.katalon.core.keyword.builtin.VerifyEqualKeyword.execute(VerifyEqualKeyword.groovy:44)
	at com.kms.katalon.core.keyword.internal.KeywordExecutor.executeKeywordForPlatform(KeywordExecutor.groovy:74)
	at com.kms.katalon.core.keyword.BuiltinKeywords.verifyEqual(BuiltinKeywords.groovy:146)
	at jdk.internal.reflect.GeneratedMethodAccessor25.invoke(Unknown Source)
	at java.base/jdk.internal.reflect.DelegatingMethodAccessorImpl.invoke(DelegatingMethodAccessorImpl.java:43)
	at Выполнение бизнес-плана сверка дашбордов.CompareDZOData(Выполнение бизнес-плана сверка дашбордов:717)
	at Выполнение бизнес-плана сверка дашбордов.run(Выполнение бизнес-плана сверка дашбордов:633)
	at com.kms.katalon.core.main.ScriptEngine.run(ScriptEngine.java:194)
	at com.kms.katalon.core.main.ScriptEngine.runScriptAsRawText(ScriptEngine.java:119)
	at com.kms.katalon.core.main.TestCaseExecutor.runScript(TestCaseExecutor.java:448)
	at com.kms.katalon.core.main.TestCaseExecutor.doExecute(TestCaseExecutor.java:439)
	at com.kms.katalon.core.main.TestCaseExecutor.processExecutionPhase(TestCaseExecutor.java:418)
	at com.kms.katalon.core.main.TestCaseExecutor.accessMainPhase(TestCaseExecutor.java:410)
	at com.kms.katalon.core.main.TestCaseExecutor.execute(TestCaseExecutor.java:285)
	at com.kms.katalon.core.common.CommonExecutor.accessTestCaseMainPhase(CommonExecutor.java:65)
	at com.kms.katalon.core.main.TestSuiteExecutor.accessTestSuiteMainPhase(TestSuiteExecutor.java:150)
	at com.kms.katalon.core.main.TestSuiteExecutor.execute(TestSuiteExecutor.java:106)
	at com.kms.katalon.core.main.TestCaseMain.startTestSuite(TestCaseMain.java:180)
	at TempTestSuite1729050801829.run(TempTestSuite1729050801829.groovy:35)
	at java.base/jdk.internal.reflect.NativeMethodAccessorImpl.invoke0(Native Method)
	at java.base/jdk.internal.reflect.NativeMethodAccessorImpl.invoke(NativeMethodAccessorImpl.java:77)
	at java.base/jdk.internal.reflect.DelegatingMethodAccessorImpl.invoke(DelegatingMethodAccessorImpl.java:43)
)

16-10-2024T07:03:34 - [TEST_STEP][PASSED] - result = WriteToExcel(typeOfData, todaysDate, PercPlanR, PercPlanB, PercFactR, PercFactB, x, tabR, tabB, o1R, o1B, vidget): null

16-10-2024T07:03:34 - [TEST_STEP][PASSED] - iii = dZO.indexOf("/"): null

16-10-2024T07:03:34 - [TEST_STEP][PASSED] - println(iii): null

16-10-2024T07:03:34 - [TEST_STEP][PASSED] - dZO = dZO.substring(0, iii): null

16-10-2024T07:03:34 - [TEST_STEP][PASSED] - println(dZO): null

16-10-2024T07:03:34 - [TEST_STEP][PASSED] - println(PercPlanR): null

16-10-2024T07:03:34 - [TEST_STEP][PASSED] - println(PercPlanB): null

16-10-2024T07:03:34 - [TEST_STEP][PASSED] - println(PercFactR): null

16-10-2024T07:03:34 - [TEST_STEP][PASSED] - println(PercFactB): null

16-10-2024T07:03:34 - [TEST_STEP][PASSED] - println(tabR): null

16-10-2024T07:03:34 - [TEST_STEP][PASSED] - println(tabB): null

16-10-2024T07:03:34 - [TEST_STEP][PASSED] - println(o1R): null

16-10-2024T07:03:34 - [TEST_STEP][PASSED] - println(o1B): null

16-10-2024T07:03:34 - [TEST_STEP][PASSED] - PR = <not implemented yet for class: org.codehaus.groovy.ast.expr.EmptyExpression>: null

16-10-2024T07:03:34 - [TEST_STEP][PASSED] - FR = <not implemented yet for class: org.codehaus.groovy.ast.expr.EmptyExpression>: null

16-10-2024T07:03:34 - [TEST_STEP][PASSED] - PB = <not implemented yet for class: org.codehaus.groovy.ast.expr.EmptyExpression>: null

16-10-2024T07:03:34 - [TEST_STEP][PASSED] - FB = <not implemented yet for class: org.codehaus.groovy.ast.expr.EmptyExpression>: null

16-10-2024T07:03:34 - [TEST_STEP][PASSED] - TR = <not implemented yet for class: org.codehaus.groovy.ast.expr.EmptyExpression>: null

16-10-2024T07:03:34 - [TEST_STEP][PASSED] - TB = <not implemented yet for class: org.codehaus.groovy.ast.expr.EmptyExpression>: null

16-10-2024T07:03:34 - [TEST_STEP][PASSED] - sheetName = "Sheet1": null

16-10-2024T07:03:34 - [TEST_STEP][PASSED] - data = findTestData("PlanFact"): null

16-10-2024T07:03:34 - [TEST_STEP][PASSED] - n = data.getRowNumbers() + 1: null

16-10-2024T07:03:34 - [TEST_STEP][PASSED] - year = todaysDate.substring(todaysDate.length() - 4, todaysDate.length()): null

16-10-2024T07:03:34 - [TEST_STEP][PASSED] - y = year.toInteger(): null

16-10-2024T07:03:34 - [TEST_STEP][PASSED] - m = getText(findTestObject("Выполнение бизнес-плана/Выполнение бизнес-плана Балансы/Фильтр Дата")): Text of object 'Object Repository/Выполнение бизнес-плана/Выполнение бизнес-плана Балансы/Фильтр Дата' is: '1, 2 кв., Июль, Август 2024 года'

16-10-2024T07:03:34 - [MESSAGE][PASSED] - Text of object 'Object Repository/Выполнение бизнес-плана/Выполнение бизнес-плана Балансы/Фильтр Дата' is: '1, 2 кв., Июль, Август 2024 года'

16-10-2024T07:03:34 - [TEST_STEP][PASSED] - m = m.substring(0, m.indexOf("2024")): null

16-10-2024T07:03:34 - [TEST_STEP][PASSED] - m = m.trim(): null

16-10-2024T07:03:34 - [TEST_STEP][PASSED] - dashboardName = "Выполнение бизнес-плана": null

16-10-2024T07:03:34 - [TEST_STEP][PASSED] - workbook01 = getWorkbook(excelFilePath): null

16-10-2024T07:03:34 - [TEST_STEP][PASSED] - sheet01 = getExcelSheet(workbook01, sheetName): null

16-10-2024T07:03:34 - [TEST_STEP][PASSED] - setValueToCellByIndex(sheet01, n, 0, dashboardName): null

16-10-2024T07:03:34 - [TEST_STEP][PASSED] - setValueToCellByIndex(sheet01, n, 1, dZO): null

16-10-2024T07:03:34 - [TEST_STEP][PASSED] - setValueToCellByIndex(sheet01, n, 2, typeOfData): null

16-10-2024T07:03:34 - [TEST_STEP][PASSED] - setValueToCellByIndex(sheet01, n, 3, typeOfData): null

16-10-2024T07:03:34 - [TEST_STEP][PASSED] - if (typeOfData == "План"): null

16-10-2024T07:03:34 - [TEST_STEP][PASSED] - else if (typeOfData == "Факт"): null

16-10-2024T07:03:34 - [TEST_STEP][PASSED] - else if (vidget.contains("электроэнергии") == true): null

16-10-2024T07:03:34 - [TEST_STEP][PASSED] - if (tabR == null): null

16-10-2024T07:03:34 - [TEST_STEP][PASSED] - else: null

16-10-2024T07:03:34 - [TEST_STEP][PASSED] - if (tabR == "нет данных"): null

16-10-2024T07:03:34 - [TEST_STEP][PASSED] - setValueToCellByIndex(sheet01, n, 4, "нет данных"): null

16-10-2024T07:03:34 - [TEST_STEP][PASSED] - if (tabB == null): null

16-10-2024T07:03:34 - [TEST_STEP][PASSED] - else: null

16-10-2024T07:03:34 - [TEST_STEP][PASSED] - if (tabB == "нет данных"): null

16-10-2024T07:03:34 - [TEST_STEP][PASSED] - else: null

16-10-2024T07:03:34 - [TEST_STEP][PASSED] - TB = tabB.toInteger(): null

16-10-2024T07:03:34 - [TEST_STEP][PASSED] - setValueToCellByIndex(sheet01, n, 5, TB): null

16-10-2024T07:03:34 - [TEST_STEP][PASSED] - setValueToCellByIndex(sheet01, n, 6, m): null

16-10-2024T07:03:34 - [TEST_STEP][PASSED] - setValueToCellByIndex(sheet01, n, 7, y): null

16-10-2024T07:03:34 - [TEST_STEP][PASSED] - setValueToCellByIndex(sheet01, n, 8, todaysDate): null

16-10-2024T07:03:34 - [TEST_STEP][PASSED] - n = n + 1: null

16-10-2024T07:03:34 - [TEST_STEP][PASSED] - saveWorkbook(excelFilePath, workbook01): null

16-10-2024T07:03:35 - [TEST_STEP][PASSED] - typeOfData = "Факт Потери": null

16-10-2024T07:03:35 - [TEST_STEP][PASSED] - tabR = GetPFactR(x = a): null

16-10-2024T07:03:35 - [TEST_STEP][PASSED] - i1 = <not implemented yet for class: org.codehaus.groovy.ast.expr.EmptyExpression>: null

16-10-2024T07:03:35 - [TEST_STEP][PASSED] - ii = <not implemented yet for class: org.codehaus.groovy.ast.expr.EmptyExpression>: null

16-10-2024T07:03:35 - [TEST_STEP][PASSED] - for ([ii = 1, ii < 6, (ii++)]): null

16-10-2024T07:03:35 - [TEST_STEP][PASSED] - i1 = x.indexOf("/") + 1: null

16-10-2024T07:03:35 - [TEST_STEP][PASSED] - if (i1 > -1): null

16-10-2024T07:03:35 - [TEST_STEP][PASSED] - x = x.substring(i1, x.length()): null

16-10-2024T07:03:35 - [TEST_STEP][PASSED] - println(x): null

16-10-2024T07:03:35 - [TEST_STEP][PASSED] - i1 = x.indexOf("/") + 1: null

16-10-2024T07:03:35 - [TEST_STEP][PASSED] - if (i1 > -1): null

16-10-2024T07:03:35 - [TEST_STEP][PASSED] - x = x.substring(i1, x.length()): null

16-10-2024T07:03:35 - [TEST_STEP][PASSED] - println(x): null

16-10-2024T07:03:35 - [TEST_STEP][PASSED] - i1 = x.indexOf("/") + 1: null

16-10-2024T07:03:35 - [TEST_STEP][PASSED] - if (i1 > -1): null

16-10-2024T07:03:35 - [TEST_STEP][PASSED] - x = x.substring(i1, x.length()): null

16-10-2024T07:03:35 - [TEST_STEP][PASSED] - println(x): null

16-10-2024T07:03:35 - [TEST_STEP][PASSED] - i1 = x.indexOf("/") + 1: null

16-10-2024T07:03:35 - [TEST_STEP][PASSED] - if (i1 > -1): null

16-10-2024T07:03:35 - [TEST_STEP][PASSED] - x = x.substring(i1, x.length()): null

16-10-2024T07:03:35 - [TEST_STEP][PASSED] - println(x): null

16-10-2024T07:03:35 - [TEST_STEP][PASSED] - i1 = x.indexOf("/") + 1: null

16-10-2024T07:03:35 - [TEST_STEP][PASSED] - if (i1 > -1): null

16-10-2024T07:03:35 - [TEST_STEP][PASSED] - x = x.substring(i1, x.length()): null

16-10-2024T07:03:35 - [TEST_STEP][PASSED] - println(x): null

16-10-2024T07:03:35 - [TEST_STEP][PASSED] - i1 = x.indexOf("/"): null

16-10-2024T07:03:35 - [TEST_STEP][PASSED] - if (i1 > -1): null

16-10-2024T07:03:35 - [TEST_STEP][PASSED] - x = x.substring(0, i1): null

16-10-2024T07:03:35 - [TEST_STEP][PASSED] - println(x): null

16-10-2024T07:03:35 - [TEST_STEP][PASSED] - return x: null

16-10-2024T07:03:35 - [TEST_STEP][PASSED] - tabB = GetPFactB(x = b): null

16-10-2024T07:03:35 - [TEST_STEP][PASSED] - i1 = <not implemented yet for class: org.codehaus.groovy.ast.expr.EmptyExpression>: null

16-10-2024T07:03:35 - [TEST_STEP][PASSED] - ii = <not implemented yet for class: org.codehaus.groovy.ast.expr.EmptyExpression>: null

16-10-2024T07:03:35 - [TEST_STEP][PASSED] - for ([ii = 1, ii < 6, (ii++)]): null

16-10-2024T07:03:35 - [TEST_STEP][PASSED] - i1 = x.indexOf("/") + 1: null

16-10-2024T07:03:35 - [TEST_STEP][PASSED] - if (i1 > -1): null

16-10-2024T07:03:35 - [TEST_STEP][PASSED] - x = x.substring(i1, x.length()): null

16-10-2024T07:03:35 - [TEST_STEP][PASSED] - println(x): null

16-10-2024T07:03:35 - [TEST_STEP][PASSED] - i1 = x.indexOf("/") + 1: null

16-10-2024T07:03:35 - [TEST_STEP][PASSED] - if (i1 > -1): null

16-10-2024T07:03:35 - [TEST_STEP][PASSED] - x = x.substring(i1, x.length()): null

16-10-2024T07:03:35 - [TEST_STEP][PASSED] - println(x): null

16-10-2024T07:03:35 - [TEST_STEP][PASSED] - i1 = x.indexOf("/") + 1: null

16-10-2024T07:03:35 - [TEST_STEP][PASSED] - if (i1 > -1): null

16-10-2024T07:03:35 - [TEST_STEP][PASSED] - x = x.substring(i1, x.length()): null

16-10-2024T07:03:35 - [TEST_STEP][PASSED] - println(x): null

16-10-2024T07:03:35 - [TEST_STEP][PASSED] - i1 = x.indexOf("/") + 1: null

16-10-2024T07:03:35 - [TEST_STEP][PASSED] - if (i1 > -1): null

16-10-2024T07:03:35 - [TEST_STEP][PASSED] - x = x.substring(i1, x.length()): null

16-10-2024T07:03:35 - [TEST_STEP][PASSED] - println(x): null

16-10-2024T07:03:35 - [TEST_STEP][PASSED] - i1 = x.indexOf("/") + 1: null

16-10-2024T07:03:35 - [TEST_STEP][PASSED] - if (i1 > -1): null

16-10-2024T07:03:35 - [TEST_STEP][PASSED] - x = x.substring(i1, x.length()): null

16-10-2024T07:03:35 - [TEST_STEP][PASSED] - println(x): null

16-10-2024T07:03:35 - [TEST_STEP][PASSED] - i1 = x.indexOf("/"): null

16-10-2024T07:03:35 - [TEST_STEP][PASSED] - if (i1 > -1): null

16-10-2024T07:03:35 - [TEST_STEP][PASSED] - x = x.substring(0, i1): null

16-10-2024T07:03:35 - [TEST_STEP][PASSED] - println(x): null

16-10-2024T07:03:35 - [TEST_STEP][FAILED] - return x: null

16-10-2024T07:03:35 - [TEST_STEP][PASSED] - println(tabR + "/" + tabB): null

16-10-2024T07:03:35 - [TEST_STEP][FAILED] - if (verifyEqual(tabR, tabB) == false): null

16-10-2024T07:03:35 - [MESSAGE][FAILED] - Unable to verify equal between actual object 'нет данных' and expected object '276248' (Root cause: com.kms.katalon.core.exception.StepFailedException: Actual object 'нет данных' and expected object '276248' are not equal
	at com.kms.katalon.core.keyword.builtin.VerifyEqualKeyword$_verifyEqual_closure1.doCall(VerifyEqualKeyword.groovy:58)
	at com.kms.katalon.core.keyword.builtin.VerifyEqualKeyword$_verifyEqual_closure1.call(VerifyEqualKeyword.groovy)
	at com.kms.katalon.core.keyword.internal.KeywordMain.runKeyword(KeywordMain.groovy:75)
	at com.kms.katalon.core.keyword.builtin.VerifyEqualKeyword.verifyEqual(VerifyEqualKeyword.groovy:63)
	at com.kms.katalon.core.keyword.builtin.VerifyEqualKeyword.execute(VerifyEqualKeyword.groovy:44)
	at com.kms.katalon.core.keyword.internal.KeywordExecutor.executeKeywordForPlatform(KeywordExecutor.groovy:74)
	at com.kms.katalon.core.keyword.BuiltinKeywords.verifyEqual(BuiltinKeywords.groovy:146)
	at jdk.internal.reflect.GeneratedMethodAccessor25.invoke(Unknown Source)
	at java.base/jdk.internal.reflect.DelegatingMethodAccessorImpl.invoke(DelegatingMethodAccessorImpl.java:43)
	at Выполнение бизнес-плана сверка дашбордов.CompareDZOData(Выполнение бизнес-плана сверка дашбордов:730)
	at Выполнение бизнес-плана сверка дашбордов.run(Выполнение бизнес-плана сверка дашбордов:633)
	at com.kms.katalon.core.main.ScriptEngine.run(ScriptEngine.java:194)
	at com.kms.katalon.core.main.ScriptEngine.runScriptAsRawText(ScriptEngine.java:119)
	at com.kms.katalon.core.main.TestCaseExecutor.runScript(TestCaseExecutor.java:448)
	at com.kms.katalon.core.main.TestCaseExecutor.doExecute(TestCaseExecutor.java:439)
	at com.kms.katalon.core.main.TestCaseExecutor.processExecutionPhase(TestCaseExecutor.java:418)
	at com.kms.katalon.core.main.TestCaseExecutor.accessMainPhase(TestCaseExecutor.java:410)
	at com.kms.katalon.core.main.TestCaseExecutor.execute(TestCaseExecutor.java:285)
	at com.kms.katalon.core.common.CommonExecutor.accessTestCaseMainPhase(CommonExecutor.java:65)
	at com.kms.katalon.core.main.TestSuiteExecutor.accessTestSuiteMainPhase(TestSuiteExecutor.java:150)
	at com.kms.katalon.core.main.TestSuiteExecutor.execute(TestSuiteExecutor.java:106)
	at com.kms.katalon.core.main.TestCaseMain.startTestSuite(TestCaseMain.java:180)
	at TempTestSuite1729050801829.run(TempTestSuite1729050801829.groovy:35)
	at java.base/jdk.internal.reflect.NativeMethodAccessorImpl.invoke0(Native Method)
	at java.base/jdk.internal.reflect.NativeMethodAccessorImpl.invoke(NativeMethodAccessorImpl.java:77)
	at java.base/jdk.internal.reflect.DelegatingMethodAccessorImpl.invoke(DelegatingMethodAccessorImpl.java:43)
)

16-10-2024T07:03:35 - [TEST_STEP][PASSED] - result = WriteToExcel(typeOfData, todaysDate, PercPlanR, PercPlanB, PercFactR, PercFactB, x, tabR, tabB, o1R, o1B, vidget): null

16-10-2024T07:03:35 - [TEST_STEP][PASSED] - iii = dZO.indexOf("/"): null

16-10-2024T07:03:35 - [TEST_STEP][PASSED] - println(iii): null

16-10-2024T07:03:35 - [TEST_STEP][PASSED] - dZO = dZO.substring(0, iii): null

16-10-2024T07:03:35 - [TEST_STEP][PASSED] - println(dZO): null

16-10-2024T07:03:35 - [TEST_STEP][PASSED] - println(PercPlanR): null

16-10-2024T07:03:35 - [TEST_STEP][PASSED] - println(PercPlanB): null

16-10-2024T07:03:35 - [TEST_STEP][PASSED] - println(PercFactR): null

16-10-2024T07:03:35 - [TEST_STEP][PASSED] - println(PercFactB): null

16-10-2024T07:03:35 - [TEST_STEP][PASSED] - println(tabR): null

16-10-2024T07:03:35 - [TEST_STEP][PASSED] - println(tabB): null

16-10-2024T07:03:35 - [TEST_STEP][PASSED] - println(o1R): null

16-10-2024T07:03:35 - [TEST_STEP][PASSED] - println(o1B): null

16-10-2024T07:03:35 - [TEST_STEP][PASSED] - PR = <not implemented yet for class: org.codehaus.groovy.ast.expr.EmptyExpression>: null

16-10-2024T07:03:35 - [TEST_STEP][PASSED] - FR = <not implemented yet for class: org.codehaus.groovy.ast.expr.EmptyExpression>: null

16-10-2024T07:03:35 - [TEST_STEP][PASSED] - PB = <not implemented yet for class: org.codehaus.groovy.ast.expr.EmptyExpression>: null

16-10-2024T07:03:35 - [TEST_STEP][PASSED] - FB = <not implemented yet for class: org.codehaus.groovy.ast.expr.EmptyExpression>: null

16-10-2024T07:03:35 - [TEST_STEP][PASSED] - TR = <not implemented yet for class: org.codehaus.groovy.ast.expr.EmptyExpression>: null

16-10-2024T07:03:35 - [TEST_STEP][PASSED] - TB = <not implemented yet for class: org.codehaus.groovy.ast.expr.EmptyExpression>: null

16-10-2024T07:03:35 - [TEST_STEP][PASSED] - sheetName = "Sheet1": null

16-10-2024T07:03:35 - [TEST_STEP][PASSED] - data = findTestData("PlanFact"): null

16-10-2024T07:03:35 - [TEST_STEP][PASSED] - n = data.getRowNumbers() + 1: null

16-10-2024T07:03:35 - [TEST_STEP][PASSED] - year = todaysDate.substring(todaysDate.length() - 4, todaysDate.length()): null

16-10-2024T07:03:35 - [TEST_STEP][PASSED] - y = year.toInteger(): null

16-10-2024T07:03:35 - [TEST_STEP][PASSED] - m = getText(findTestObject("Выполнение бизнес-плана/Выполнение бизнес-плана Балансы/Фильтр Дата")): Text of object 'Object Repository/Выполнение бизнес-плана/Выполнение бизнес-плана Балансы/Фильтр Дата' is: '1, 2 кв., Июль, Август 2024 года'

16-10-2024T07:03:35 - [MESSAGE][PASSED] - Text of object 'Object Repository/Выполнение бизнес-плана/Выполнение бизнес-плана Балансы/Фильтр Дата' is: '1, 2 кв., Июль, Август 2024 года'

16-10-2024T07:03:35 - [TEST_STEP][PASSED] - m = m.substring(0, m.indexOf("2024")): null

16-10-2024T07:03:35 - [TEST_STEP][PASSED] - m = m.trim(): null

16-10-2024T07:03:35 - [TEST_STEP][PASSED] - dashboardName = "Выполнение бизнес-плана": null

16-10-2024T07:03:35 - [TEST_STEP][PASSED] - workbook01 = getWorkbook(excelFilePath): null

16-10-2024T07:03:35 - [TEST_STEP][PASSED] - sheet01 = getExcelSheet(workbook01, sheetName): null

16-10-2024T07:03:35 - [TEST_STEP][PASSED] - setValueToCellByIndex(sheet01, n, 0, dashboardName): null

16-10-2024T07:03:35 - [TEST_STEP][PASSED] - setValueToCellByIndex(sheet01, n, 1, dZO): null

16-10-2024T07:03:35 - [TEST_STEP][PASSED] - setValueToCellByIndex(sheet01, n, 2, typeOfData): null

16-10-2024T07:03:35 - [TEST_STEP][PASSED] - setValueToCellByIndex(sheet01, n, 3, typeOfData): null

16-10-2024T07:03:35 - [TEST_STEP][PASSED] - if (typeOfData == "План"): null

16-10-2024T07:03:35 - [TEST_STEP][PASSED] - else if (typeOfData == "Факт"): null

16-10-2024T07:03:35 - [TEST_STEP][PASSED] - else if (vidget.contains("электроэнергии") == true): null

16-10-2024T07:03:35 - [TEST_STEP][PASSED] - if (tabR == null): null

16-10-2024T07:03:35 - [TEST_STEP][PASSED] - else: null

16-10-2024T07:03:35 - [TEST_STEP][PASSED] - if (tabR == "нет данных"): null

16-10-2024T07:03:35 - [TEST_STEP][PASSED] - setValueToCellByIndex(sheet01, n, 4, "нет данных"): null

16-10-2024T07:03:35 - [TEST_STEP][PASSED] - if (tabB == null): null

16-10-2024T07:03:35 - [TEST_STEP][PASSED] - else: null

16-10-2024T07:03:35 - [TEST_STEP][PASSED] - if (tabB == "нет данных"): null

16-10-2024T07:03:35 - [TEST_STEP][PASSED] - else: null

16-10-2024T07:03:35 - [TEST_STEP][PASSED] - TB = tabB.toInteger(): null

16-10-2024T07:03:35 - [TEST_STEP][PASSED] - setValueToCellByIndex(sheet01, n, 5, TB): null

16-10-2024T07:03:35 - [TEST_STEP][PASSED] - setValueToCellByIndex(sheet01, n, 6, m): null

16-10-2024T07:03:35 - [TEST_STEP][PASSED] - setValueToCellByIndex(sheet01, n, 7, y): null

16-10-2024T07:03:35 - [TEST_STEP][PASSED] - setValueToCellByIndex(sheet01, n, 8, todaysDate): null

16-10-2024T07:03:35 - [TEST_STEP][PASSED] - n = n + 1: null

16-10-2024T07:03:35 - [TEST_STEP][PASSED] - saveWorkbook(excelFilePath, workbook01): null

16-10-2024T07:03:35 - [TEST_STEP][PASSED] - vidget = "Показатели баланса электроэнергии по ДЗО – План": null

16-10-2024T07:03:35 - [TEST_STEP][PASSED] - typeOfData = "План Отпуск в сеть": null

16-10-2024T07:03:35 - [TEST_STEP][PASSED] - tabR = GetOvSPlanR(x = a): null

16-10-2024T07:03:35 - [TEST_STEP][PASSED] - i1 = <not implemented yet for class: org.codehaus.groovy.ast.expr.EmptyExpression>: null

16-10-2024T07:03:35 - [TEST_STEP][PASSED] - ii = <not implemented yet for class: org.codehaus.groovy.ast.expr.EmptyExpression>: null

16-10-2024T07:03:35 - [TEST_STEP][PASSED] - for ([ii = 1, ii < 7, (ii++)]): null

16-10-2024T07:03:35 - [TEST_STEP][PASSED] - i1 = x.indexOf("/") + 1: null

16-10-2024T07:03:35 - [TEST_STEP][PASSED] - if (i1 > -1): null

16-10-2024T07:03:35 - [TEST_STEP][PASSED] - x = x.substring(i1, x.length()): null

16-10-2024T07:03:35 - [TEST_STEP][PASSED] - println(x): null

16-10-2024T07:03:35 - [TEST_STEP][PASSED] - i1 = x.indexOf("/") + 1: null

16-10-2024T07:03:35 - [TEST_STEP][PASSED] - if (i1 > -1): null

16-10-2024T07:03:35 - [TEST_STEP][PASSED] - x = x.substring(i1, x.length()): null

16-10-2024T07:03:35 - [TEST_STEP][PASSED] - println(x): null

16-10-2024T07:03:35 - [TEST_STEP][PASSED] - i1 = x.indexOf("/") + 1: null

16-10-2024T07:03:35 - [TEST_STEP][PASSED] - if (i1 > -1): null

16-10-2024T07:03:35 - [TEST_STEP][PASSED] - x = x.substring(i1, x.length()): null

16-10-2024T07:03:35 - [TEST_STEP][PASSED] - println(x): null

16-10-2024T07:03:35 - [TEST_STEP][PASSED] - i1 = x.indexOf("/") + 1: null

16-10-2024T07:03:35 - [TEST_STEP][PASSED] - if (i1 > -1): null

16-10-2024T07:03:35 - [TEST_STEP][PASSED] - x = x.substring(i1, x.length()): null

16-10-2024T07:03:35 - [TEST_STEP][PASSED] - println(x): null

16-10-2024T07:03:35 - [TEST_STEP][PASSED] - i1 = x.indexOf("/") + 1: null

16-10-2024T07:03:35 - [TEST_STEP][PASSED] - if (i1 > -1): null

16-10-2024T07:03:35 - [TEST_STEP][PASSED] - x = x.substring(i1, x.length()): null

16-10-2024T07:03:35 - [TEST_STEP][PASSED] - println(x): null

16-10-2024T07:03:35 - [TEST_STEP][PASSED] - i1 = x.indexOf("/") + 1: null

16-10-2024T07:03:35 - [TEST_STEP][PASSED] - if (i1 > -1): null

16-10-2024T07:03:35 - [TEST_STEP][PASSED] - x = x.substring(i1, x.length()): null

16-10-2024T07:03:35 - [TEST_STEP][PASSED] - println(x): null

16-10-2024T07:03:35 - [TEST_STEP][PASSED] - i1 = x.indexOf("/"): null

16-10-2024T07:03:35 - [TEST_STEP][PASSED] - if (i1 > -1): null

16-10-2024T07:03:35 - [TEST_STEP][PASSED] - x = x.substring(0, i1): null

16-10-2024T07:03:35 - [TEST_STEP][PASSED] - println(x): null

16-10-2024T07:03:35 - [TEST_STEP][PASSED] - return x: null

16-10-2024T07:03:35 - [TEST_STEP][PASSED] - tabB = GetOvSPlanB(x = b): null

16-10-2024T07:03:35 - [TEST_STEP][PASSED] - i1 = <not implemented yet for class: org.codehaus.groovy.ast.expr.EmptyExpression>: null

16-10-2024T07:03:35 - [TEST_STEP][PASSED] - ii = <not implemented yet for class: org.codehaus.groovy.ast.expr.EmptyExpression>: null

16-10-2024T07:03:35 - [TEST_STEP][PASSED] - for ([ii = 1, ii < 7, (ii++)]): null

16-10-2024T07:03:35 - [TEST_STEP][PASSED] - i1 = x.indexOf("/") + 1: null

16-10-2024T07:03:35 - [TEST_STEP][PASSED] - if (i1 > -1): null

16-10-2024T07:03:35 - [TEST_STEP][PASSED] - x = x.substring(i1, x.length()): null

16-10-2024T07:03:35 - [TEST_STEP][PASSED] - println(x): null

16-10-2024T07:03:35 - [TEST_STEP][PASSED] - i1 = x.indexOf("/") + 1: null

16-10-2024T07:03:35 - [TEST_STEP][PASSED] - if (i1 > -1): null

16-10-2024T07:03:35 - [TEST_STEP][PASSED] - x = x.substring(i1, x.length()): null

16-10-2024T07:03:35 - [TEST_STEP][PASSED] - println(x): null

16-10-2024T07:03:35 - [TEST_STEP][PASSED] - i1 = x.indexOf("/") + 1: null

16-10-2024T07:03:35 - [TEST_STEP][PASSED] - if (i1 > -1): null

16-10-2024T07:03:35 - [TEST_STEP][PASSED] - x = x.substring(i1, x.length()): null

16-10-2024T07:03:35 - [TEST_STEP][PASSED] - println(x): null

16-10-2024T07:03:35 - [TEST_STEP][PASSED] - i1 = x.indexOf("/") + 1: null

16-10-2024T07:03:35 - [TEST_STEP][PASSED] - if (i1 > -1): null

16-10-2024T07:03:35 - [TEST_STEP][PASSED] - x = x.substring(i1, x.length()): null

16-10-2024T07:03:35 - [TEST_STEP][PASSED] - println(x): null

16-10-2024T07:03:35 - [TEST_STEP][PASSED] - i1 = x.indexOf("/") + 1: null

16-10-2024T07:03:35 - [TEST_STEP][PASSED] - if (i1 > -1): null

16-10-2024T07:03:35 - [TEST_STEP][PASSED] - x = x.substring(i1, x.length()): null

16-10-2024T07:03:35 - [TEST_STEP][PASSED] - println(x): null

16-10-2024T07:03:35 - [TEST_STEP][PASSED] - i1 = x.indexOf("/") + 1: null

16-10-2024T07:03:35 - [TEST_STEP][PASSED] - if (i1 > -1): null

16-10-2024T07:03:35 - [TEST_STEP][PASSED] - x = x.substring(i1, x.length()): null

16-10-2024T07:03:35 - [TEST_STEP][PASSED] - println(x): null

16-10-2024T07:03:35 - [TEST_STEP][PASSED] - i1 = x.indexOf("/"): null

16-10-2024T07:03:35 - [TEST_STEP][PASSED] - if (i1 > -1): null

16-10-2024T07:03:35 - [TEST_STEP][PASSED] - x = x.substring(0, i1): null

16-10-2024T07:03:35 - [TEST_STEP][PASSED] - println(x): null

16-10-2024T07:03:35 - [TEST_STEP][FAILED] - return x: null

16-10-2024T07:03:35 - [TEST_STEP][PASSED] - println(tabR + "/" + tabB): null

16-10-2024T07:03:35 - [TEST_STEP][FAILED] - if (verifyEqual(PercFactR, PercFactB) == false): null

16-10-2024T07:03:35 - [MESSAGE][FAILED] - Unable to verify equal between actual object 'нет данных' and expected object '8.12' (Root cause: com.kms.katalon.core.exception.StepFailedException: Actual object 'нет данных' and expected object '8.12' are not equal
	at com.kms.katalon.core.keyword.builtin.VerifyEqualKeyword$_verifyEqual_closure1.doCall(VerifyEqualKeyword.groovy:58)
	at com.kms.katalon.core.keyword.builtin.VerifyEqualKeyword$_verifyEqual_closure1.call(VerifyEqualKeyword.groovy)
	at com.kms.katalon.core.keyword.internal.KeywordMain.runKeyword(KeywordMain.groovy:75)
	at com.kms.katalon.core.keyword.builtin.VerifyEqualKeyword.verifyEqual(VerifyEqualKeyword.groovy:63)
	at com.kms.katalon.core.keyword.builtin.VerifyEqualKeyword.execute(VerifyEqualKeyword.groovy:44)
	at com.kms.katalon.core.keyword.internal.KeywordExecutor.executeKeywordForPlatform(KeywordExecutor.groovy:74)
	at com.kms.katalon.core.keyword.BuiltinKeywords.verifyEqual(BuiltinKeywords.groovy:146)
	at jdk.internal.reflect.GeneratedMethodAccessor25.invoke(Unknown Source)
	at java.base/jdk.internal.reflect.DelegatingMethodAccessorImpl.invoke(DelegatingMethodAccessorImpl.java:43)
	at Выполнение бизнес-плана сверка дашбордов.CompareDZOData(Выполнение бизнес-плана сверка дашбордов:745)
	at Выполнение бизнес-плана сверка дашбордов.run(Выполнение бизнес-плана сверка дашбордов:633)
	at com.kms.katalon.core.main.ScriptEngine.run(ScriptEngine.java:194)
	at com.kms.katalon.core.main.ScriptEngine.runScriptAsRawText(ScriptEngine.java:119)
	at com.kms.katalon.core.main.TestCaseExecutor.runScript(TestCaseExecutor.java:448)
	at com.kms.katalon.core.main.TestCaseExecutor.doExecute(TestCaseExecutor.java:439)
	at com.kms.katalon.core.main.TestCaseExecutor.processExecutionPhase(TestCaseExecutor.java:418)
	at com.kms.katalon.core.main.TestCaseExecutor.accessMainPhase(TestCaseExecutor.java:410)
	at com.kms.katalon.core.main.TestCaseExecutor.execute(TestCaseExecutor.java:285)
	at com.kms.katalon.core.common.CommonExecutor.accessTestCaseMainPhase(CommonExecutor.java:65)
	at com.kms.katalon.core.main.TestSuiteExecutor.accessTestSuiteMainPhase(TestSuiteExecutor.java:150)
	at com.kms.katalon.core.main.TestSuiteExecutor.execute(TestSuiteExecutor.java:106)
	at com.kms.katalon.core.main.TestCaseMain.startTestSuite(TestCaseMain.java:180)
	at TempTestSuite1729050801829.run(TempTestSuite1729050801829.groovy:35)
	at java.base/jdk.internal.reflect.NativeMethodAccessorImpl.invoke0(Native Method)
	at java.base/jdk.internal.reflect.NativeMethodAccessorImpl.invoke(NativeMethodAccessorImpl.java:77)
	at java.base/jdk.internal.reflect.DelegatingMethodAccessorImpl.invoke(DelegatingMethodAccessorImpl.java:43)
)

16-10-2024T07:03:35 - [TEST_STEP][PASSED] - result = WriteToExcel(typeOfData, todaysDate, PercPlanR, PercPlanB, PercFactR, PercFactB, x, tabR, tabB, o1R, o1B, vidget): null

16-10-2024T07:03:35 - [TEST_STEP][PASSED] - iii = dZO.indexOf("/"): null

16-10-2024T07:03:35 - [TEST_STEP][PASSED] - println(iii): null

16-10-2024T07:03:35 - [TEST_STEP][PASSED] - dZO = dZO.substring(0, iii): null

16-10-2024T07:03:35 - [TEST_STEP][PASSED] - println(dZO): null

16-10-2024T07:03:35 - [TEST_STEP][PASSED] - println(PercPlanR): null

16-10-2024T07:03:35 - [TEST_STEP][PASSED] - println(PercPlanB): null

16-10-2024T07:03:35 - [TEST_STEP][PASSED] - println(PercFactR): null

16-10-2024T07:03:35 - [TEST_STEP][PASSED] - println(PercFactB): null

16-10-2024T07:03:35 - [TEST_STEP][PASSED] - println(tabR): null

16-10-2024T07:03:35 - [TEST_STEP][PASSED] - println(tabB): null

16-10-2024T07:03:35 - [TEST_STEP][PASSED] - println(o1R): null

16-10-2024T07:03:35 - [TEST_STEP][PASSED] - println(o1B): null

16-10-2024T07:03:35 - [TEST_STEP][PASSED] - PR = <not implemented yet for class: org.codehaus.groovy.ast.expr.EmptyExpression>: null

16-10-2024T07:03:35 - [TEST_STEP][PASSED] - FR = <not implemented yet for class: org.codehaus.groovy.ast.expr.EmptyExpression>: null

16-10-2024T07:03:35 - [TEST_STEP][PASSED] - PB = <not implemented yet for class: org.codehaus.groovy.ast.expr.EmptyExpression>: null

16-10-2024T07:03:35 - [TEST_STEP][PASSED] - FB = <not implemented yet for class: org.codehaus.groovy.ast.expr.EmptyExpression>: null

16-10-2024T07:03:35 - [TEST_STEP][PASSED] - TR = <not implemented yet for class: org.codehaus.groovy.ast.expr.EmptyExpression>: null

16-10-2024T07:03:35 - [TEST_STEP][PASSED] - TB = <not implemented yet for class: org.codehaus.groovy.ast.expr.EmptyExpression>: null

16-10-2024T07:03:35 - [TEST_STEP][PASSED] - sheetName = "Sheet1": null

16-10-2024T07:03:35 - [TEST_STEP][PASSED] - data = findTestData("PlanFact"): null

16-10-2024T07:03:35 - [TEST_STEP][PASSED] - n = data.getRowNumbers() + 1: null

16-10-2024T07:03:35 - [TEST_STEP][PASSED] - year = todaysDate.substring(todaysDate.length() - 4, todaysDate.length()): null

16-10-2024T07:03:35 - [TEST_STEP][PASSED] - y = year.toInteger(): null

16-10-2024T07:03:35 - [TEST_STEP][PASSED] - m = getText(findTestObject("Выполнение бизнес-плана/Выполнение бизнес-плана Балансы/Фильтр Дата")): Text of object 'Object Repository/Выполнение бизнес-плана/Выполнение бизнес-плана Балансы/Фильтр Дата' is: '1, 2 кв., Июль, Август 2024 года'

16-10-2024T07:03:35 - [MESSAGE][PASSED] - Text of object 'Object Repository/Выполнение бизнес-плана/Выполнение бизнес-плана Балансы/Фильтр Дата' is: '1, 2 кв., Июль, Август 2024 года'

16-10-2024T07:03:35 - [TEST_STEP][PASSED] - m = m.substring(0, m.indexOf("2024")): null

16-10-2024T07:03:35 - [TEST_STEP][PASSED] - m = m.trim(): null

16-10-2024T07:03:35 - [TEST_STEP][PASSED] - dashboardName = "Выполнение бизнес-плана": null

16-10-2024T07:03:35 - [TEST_STEP][PASSED] - workbook01 = getWorkbook(excelFilePath): null

16-10-2024T07:03:36 - [TEST_STEP][PASSED] - sheet01 = getExcelSheet(workbook01, sheetName): null

16-10-2024T07:03:36 - [TEST_STEP][PASSED] - setValueToCellByIndex(sheet01, n, 0, dashboardName): null

16-10-2024T07:03:36 - [TEST_STEP][PASSED] - setValueToCellByIndex(sheet01, n, 1, dZO): null

16-10-2024T07:03:36 - [TEST_STEP][PASSED] - setValueToCellByIndex(sheet01, n, 2, typeOfData): null

16-10-2024T07:03:36 - [TEST_STEP][PASSED] - setValueToCellByIndex(sheet01, n, 3, typeOfData): null

16-10-2024T07:03:36 - [TEST_STEP][PASSED] - if (typeOfData == "План"): null

16-10-2024T07:03:36 - [TEST_STEP][PASSED] - else if (typeOfData == "Факт"): null

16-10-2024T07:03:36 - [TEST_STEP][PASSED] - else if (vidget.contains("электроэнергии") == true): null

16-10-2024T07:03:36 - [TEST_STEP][PASSED] - if (tabR == null): null

16-10-2024T07:03:36 - [TEST_STEP][PASSED] - else: null

16-10-2024T07:03:36 - [TEST_STEP][PASSED] - if (tabR == "нет данных"): null

16-10-2024T07:03:36 - [TEST_STEP][PASSED] - setValueToCellByIndex(sheet01, n, 4, "нет данных"): null

16-10-2024T07:03:36 - [TEST_STEP][PASSED] - if (tabB == null): null

16-10-2024T07:03:36 - [TEST_STEP][PASSED] - else: null

16-10-2024T07:03:36 - [TEST_STEP][PASSED] - if (tabB == "нет данных"): null

16-10-2024T07:03:36 - [TEST_STEP][PASSED] - else: null

16-10-2024T07:03:36 - [TEST_STEP][PASSED] - TB = tabB.toInteger(): null

16-10-2024T07:03:36 - [TEST_STEP][PASSED] - setValueToCellByIndex(sheet01, n, 5, TB): null

16-10-2024T07:03:36 - [TEST_STEP][PASSED] - setValueToCellByIndex(sheet01, n, 6, m): null

16-10-2024T07:03:36 - [TEST_STEP][PASSED] - setValueToCellByIndex(sheet01, n, 7, y): null

16-10-2024T07:03:36 - [TEST_STEP][PASSED] - setValueToCellByIndex(sheet01, n, 8, todaysDate): null

16-10-2024T07:03:36 - [TEST_STEP][PASSED] - n = n + 1: null

16-10-2024T07:03:36 - [TEST_STEP][PASSED] - saveWorkbook(excelFilePath, workbook01): null

16-10-2024T07:03:36 - [TEST_STEP][PASSED] - typeOfData = "План Отпуск из сети": null

16-10-2024T07:03:36 - [TEST_STEP][PASSED] - tabR = GetOiSPlanR(x = a): null

16-10-2024T07:03:36 - [TEST_STEP][PASSED] - i1 = <not implemented yet for class: org.codehaus.groovy.ast.expr.EmptyExpression>: null

16-10-2024T07:03:36 - [TEST_STEP][PASSED] - ii = <not implemented yet for class: org.codehaus.groovy.ast.expr.EmptyExpression>: null

16-10-2024T07:03:36 - [TEST_STEP][PASSED] - for ([ii = 1, ii < 8, (ii++)]): null

16-10-2024T07:03:36 - [TEST_STEP][PASSED] - i1 = x.indexOf("/") + 1: null

16-10-2024T07:03:36 - [TEST_STEP][PASSED] - if (i1 > -1): null

16-10-2024T07:03:36 - [TEST_STEP][PASSED] - x = x.substring(i1, x.length()): null

16-10-2024T07:03:36 - [TEST_STEP][PASSED] - println(x): null

16-10-2024T07:03:36 - [TEST_STEP][PASSED] - i1 = x.indexOf("/") + 1: null

16-10-2024T07:03:36 - [TEST_STEP][PASSED] - if (i1 > -1): null

16-10-2024T07:03:36 - [TEST_STEP][PASSED] - x = x.substring(i1, x.length()): null

16-10-2024T07:03:36 - [TEST_STEP][PASSED] - println(x): null

16-10-2024T07:03:36 - [TEST_STEP][PASSED] - i1 = x.indexOf("/") + 1: null

16-10-2024T07:03:36 - [TEST_STEP][PASSED] - if (i1 > -1): null

16-10-2024T07:03:36 - [TEST_STEP][PASSED] - x = x.substring(i1, x.length()): null

16-10-2024T07:03:36 - [TEST_STEP][PASSED] - println(x): null

16-10-2024T07:03:36 - [TEST_STEP][PASSED] - i1 = x.indexOf("/") + 1: null

16-10-2024T07:03:36 - [TEST_STEP][PASSED] - if (i1 > -1): null

16-10-2024T07:03:36 - [TEST_STEP][PASSED] - x = x.substring(i1, x.length()): null

16-10-2024T07:03:36 - [TEST_STEP][PASSED] - println(x): null

16-10-2024T07:03:36 - [TEST_STEP][PASSED] - i1 = x.indexOf("/") + 1: null

16-10-2024T07:03:36 - [TEST_STEP][PASSED] - if (i1 > -1): null

16-10-2024T07:03:36 - [TEST_STEP][PASSED] - x = x.substring(i1, x.length()): null

16-10-2024T07:03:36 - [TEST_STEP][PASSED] - println(x): null

16-10-2024T07:03:36 - [TEST_STEP][PASSED] - i1 = x.indexOf("/") + 1: null

16-10-2024T07:03:36 - [TEST_STEP][PASSED] - if (i1 > -1): null

16-10-2024T07:03:36 - [TEST_STEP][PASSED] - x = x.substring(i1, x.length()): null

16-10-2024T07:03:36 - [TEST_STEP][PASSED] - println(x): null

16-10-2024T07:03:36 - [TEST_STEP][PASSED] - i1 = x.indexOf("/") + 1: null

16-10-2024T07:03:36 - [TEST_STEP][PASSED] - if (i1 > -1): null

16-10-2024T07:03:36 - [TEST_STEP][PASSED] - x = x.substring(i1, x.length()): null

16-10-2024T07:03:36 - [TEST_STEP][PASSED] - println(x): null

16-10-2024T07:03:36 - [TEST_STEP][PASSED] - i1 = x.indexOf("/"): null

16-10-2024T07:03:36 - [TEST_STEP][PASSED] - if (i1 > -1): null

16-10-2024T07:03:36 - [TEST_STEP][PASSED] - x = x.substring(0, i1): null

16-10-2024T07:03:36 - [TEST_STEP][PASSED] - println(x): null

16-10-2024T07:03:36 - [TEST_STEP][PASSED] - return x: null

16-10-2024T07:03:36 - [TEST_STEP][PASSED] - tabB = GetOiSPlanB(x = b): null

16-10-2024T07:03:36 - [TEST_STEP][PASSED] - i1 = <not implemented yet for class: org.codehaus.groovy.ast.expr.EmptyExpression>: null

16-10-2024T07:03:36 - [TEST_STEP][PASSED] - ii = <not implemented yet for class: org.codehaus.groovy.ast.expr.EmptyExpression>: null

16-10-2024T07:03:36 - [TEST_STEP][PASSED] - for ([ii = 1, ii < 8, (ii++)]): null

16-10-2024T07:03:36 - [TEST_STEP][PASSED] - i1 = x.indexOf("/") + 1: null

16-10-2024T07:03:36 - [TEST_STEP][PASSED] - if (i1 > -1): null

16-10-2024T07:03:36 - [TEST_STEP][PASSED] - x = x.substring(i1, x.length()): null

16-10-2024T07:03:36 - [TEST_STEP][PASSED] - println(x): null

16-10-2024T07:03:36 - [TEST_STEP][PASSED] - i1 = x.indexOf("/") + 1: null

16-10-2024T07:03:36 - [TEST_STEP][PASSED] - if (i1 > -1): null

16-10-2024T07:03:36 - [TEST_STEP][PASSED] - x = x.substring(i1, x.length()): null

16-10-2024T07:03:36 - [TEST_STEP][PASSED] - println(x): null

16-10-2024T07:03:36 - [TEST_STEP][PASSED] - i1 = x.indexOf("/") + 1: null

16-10-2024T07:03:36 - [TEST_STEP][PASSED] - if (i1 > -1): null

16-10-2024T07:03:36 - [TEST_STEP][PASSED] - x = x.substring(i1, x.length()): null

16-10-2024T07:03:36 - [TEST_STEP][PASSED] - println(x): null

16-10-2024T07:03:36 - [TEST_STEP][PASSED] - i1 = x.indexOf("/") + 1: null

16-10-2024T07:03:36 - [TEST_STEP][PASSED] - if (i1 > -1): null

16-10-2024T07:03:36 - [TEST_STEP][PASSED] - x = x.substring(i1, x.length()): null

16-10-2024T07:03:36 - [TEST_STEP][PASSED] - println(x): null

16-10-2024T07:03:36 - [TEST_STEP][PASSED] - i1 = x.indexOf("/") + 1: null

16-10-2024T07:03:36 - [TEST_STEP][PASSED] - if (i1 > -1): null

16-10-2024T07:03:36 - [TEST_STEP][PASSED] - x = x.substring(i1, x.length()): null

16-10-2024T07:03:36 - [TEST_STEP][PASSED] - println(x): null

16-10-2024T07:03:36 - [TEST_STEP][PASSED] - i1 = x.indexOf("/") + 1: null

16-10-2024T07:03:36 - [TEST_STEP][PASSED] - if (i1 > -1): null

16-10-2024T07:03:36 - [TEST_STEP][PASSED] - x = x.substring(i1, x.length()): null

16-10-2024T07:03:36 - [TEST_STEP][PASSED] - println(x): null

16-10-2024T07:03:36 - [TEST_STEP][PASSED] - i1 = x.indexOf("/") + 1: null

16-10-2024T07:03:36 - [TEST_STEP][PASSED] - if (i1 > -1): null

16-10-2024T07:03:36 - [TEST_STEP][PASSED] - x = x.substring(i1, x.length()): null

16-10-2024T07:03:36 - [TEST_STEP][PASSED] - println(x): null

16-10-2024T07:03:36 - [TEST_STEP][PASSED] - i1 = x.indexOf("/"): null

16-10-2024T07:03:36 - [TEST_STEP][PASSED] - if (i1 > -1): null

16-10-2024T07:03:36 - [TEST_STEP][PASSED] - x = x.substring(0, i1): null

16-10-2024T07:03:36 - [TEST_STEP][PASSED] - println(x): null

16-10-2024T07:03:36 - [TEST_STEP][FAILED] - return x: null

16-10-2024T07:03:36 - [TEST_STEP][PASSED] - println(tabR + "/" + tabB): null

16-10-2024T07:03:36 - [TEST_STEP][FAILED] - if (verifyEqual(PercFactR, PercFactB) == false): null

16-10-2024T07:03:36 - [MESSAGE][FAILED] - Unable to verify equal between actual object 'нет данных' and expected object '8.12' (Root cause: com.kms.katalon.core.exception.StepFailedException: Actual object 'нет данных' and expected object '8.12' are not equal
	at com.kms.katalon.core.keyword.builtin.VerifyEqualKeyword$_verifyEqual_closure1.doCall(VerifyEqualKeyword.groovy:58)
	at com.kms.katalon.core.keyword.builtin.VerifyEqualKeyword$_verifyEqual_closure1.call(VerifyEqualKeyword.groovy)
	at com.kms.katalon.core.keyword.internal.KeywordMain.runKeyword(KeywordMain.groovy:75)
	at com.kms.katalon.core.keyword.builtin.VerifyEqualKeyword.verifyEqual(VerifyEqualKeyword.groovy:63)
	at com.kms.katalon.core.keyword.builtin.VerifyEqualKeyword.execute(VerifyEqualKeyword.groovy:44)
	at com.kms.katalon.core.keyword.internal.KeywordExecutor.executeKeywordForPlatform(KeywordExecutor.groovy:74)
	at com.kms.katalon.core.keyword.BuiltinKeywords.verifyEqual(BuiltinKeywords.groovy:146)
	at jdk.internal.reflect.GeneratedMethodAccessor25.invoke(Unknown Source)
	at java.base/jdk.internal.reflect.DelegatingMethodAccessorImpl.invoke(DelegatingMethodAccessorImpl.java:43)
	at Выполнение бизнес-плана сверка дашбордов.CompareDZOData(Выполнение бизнес-плана сверка дашбордов:758)
	at Выполнение бизнес-плана сверка дашбордов.run(Выполнение бизнес-плана сверка дашбордов:633)
	at com.kms.katalon.core.main.ScriptEngine.run(ScriptEngine.java:194)
	at com.kms.katalon.core.main.ScriptEngine.runScriptAsRawText(ScriptEngine.java:119)
	at com.kms.katalon.core.main.TestCaseExecutor.runScript(TestCaseExecutor.java:448)
	at com.kms.katalon.core.main.TestCaseExecutor.doExecute(TestCaseExecutor.java:439)
	at com.kms.katalon.core.main.TestCaseExecutor.processExecutionPhase(TestCaseExecutor.java:418)
	at com.kms.katalon.core.main.TestCaseExecutor.accessMainPhase(TestCaseExecutor.java:410)
	at com.kms.katalon.core.main.TestCaseExecutor.execute(TestCaseExecutor.java:285)
	at com.kms.katalon.core.common.CommonExecutor.accessTestCaseMainPhase(CommonExecutor.java:65)
	at com.kms.katalon.core.main.TestSuiteExecutor.accessTestSuiteMainPhase(TestSuiteExecutor.java:150)
	at com.kms.katalon.core.main.TestSuiteExecutor.execute(TestSuiteExecutor.java:106)
	at com.kms.katalon.core.main.TestCaseMain.startTestSuite(TestCaseMain.java:180)
	at TempTestSuite1729050801829.run(TempTestSuite1729050801829.groovy:35)
	at java.base/jdk.internal.reflect.NativeMethodAccessorImpl.invoke0(Native Method)
	at java.base/jdk.internal.reflect.NativeMethodAccessorImpl.invoke(NativeMethodAccessorImpl.java:77)
	at java.base/jdk.internal.reflect.DelegatingMethodAccessorImpl.invoke(DelegatingMethodAccessorImpl.java:43)
)

16-10-2024T07:03:36 - [TEST_STEP][PASSED] - result = WriteToExcel(typeOfData, todaysDate, PercPlanR, PercPlanB, PercFactR, PercFactB, x, tabR, tabB, o1R, o1B, vidget): null

16-10-2024T07:03:36 - [TEST_STEP][PASSED] - iii = dZO.indexOf("/"): null

16-10-2024T07:03:36 - [TEST_STEP][PASSED] - println(iii): null

16-10-2024T07:03:36 - [TEST_STEP][PASSED] - dZO = dZO.substring(0, iii): null

16-10-2024T07:03:36 - [TEST_STEP][PASSED] - println(dZO): null

16-10-2024T07:03:36 - [TEST_STEP][PASSED] - println(PercPlanR): null

16-10-2024T07:03:36 - [TEST_STEP][PASSED] - println(PercPlanB): null

16-10-2024T07:03:36 - [TEST_STEP][PASSED] - println(PercFactR): null

16-10-2024T07:03:36 - [TEST_STEP][PASSED] - println(PercFactB): null

16-10-2024T07:03:36 - [TEST_STEP][PASSED] - println(tabR): null

16-10-2024T07:03:36 - [TEST_STEP][PASSED] - println(tabB): null

16-10-2024T07:03:36 - [TEST_STEP][PASSED] - println(o1R): null

16-10-2024T07:03:36 - [TEST_STEP][PASSED] - println(o1B): null

16-10-2024T07:03:36 - [TEST_STEP][PASSED] - PR = <not implemented yet for class: org.codehaus.groovy.ast.expr.EmptyExpression>: null

16-10-2024T07:03:36 - [TEST_STEP][PASSED] - FR = <not implemented yet for class: org.codehaus.groovy.ast.expr.EmptyExpression>: null

16-10-2024T07:03:36 - [TEST_STEP][PASSED] - PB = <not implemented yet for class: org.codehaus.groovy.ast.expr.EmptyExpression>: null

16-10-2024T07:03:36 - [TEST_STEP][PASSED] - FB = <not implemented yet for class: org.codehaus.groovy.ast.expr.EmptyExpression>: null

16-10-2024T07:03:36 - [TEST_STEP][PASSED] - TR = <not implemented yet for class: org.codehaus.groovy.ast.expr.EmptyExpression>: null

16-10-2024T07:03:36 - [TEST_STEP][PASSED] - TB = <not implemented yet for class: org.codehaus.groovy.ast.expr.EmptyExpression>: null

16-10-2024T07:03:36 - [TEST_STEP][PASSED] - sheetName = "Sheet1": null

16-10-2024T07:03:36 - [TEST_STEP][PASSED] - data = findTestData("PlanFact"): null

16-10-2024T07:03:36 - [TEST_STEP][PASSED] - n = data.getRowNumbers() + 1: null

16-10-2024T07:03:36 - [TEST_STEP][PASSED] - year = todaysDate.substring(todaysDate.length() - 4, todaysDate.length()): null

16-10-2024T07:03:36 - [TEST_STEP][PASSED] - y = year.toInteger(): null

16-10-2024T07:03:36 - [TEST_STEP][PASSED] - m = getText(findTestObject("Выполнение бизнес-плана/Выполнение бизнес-плана Балансы/Фильтр Дата")): Text of object 'Object Repository/Выполнение бизнес-плана/Выполнение бизнес-плана Балансы/Фильтр Дата' is: '1, 2 кв., Июль, Август 2024 года'

16-10-2024T07:03:36 - [MESSAGE][PASSED] - Text of object 'Object Repository/Выполнение бизнес-плана/Выполнение бизнес-плана Балансы/Фильтр Дата' is: '1, 2 кв., Июль, Август 2024 года'

16-10-2024T07:03:36 - [TEST_STEP][PASSED] - m = m.substring(0, m.indexOf("2024")): null

16-10-2024T07:03:36 - [TEST_STEP][PASSED] - m = m.trim(): null

16-10-2024T07:03:36 - [TEST_STEP][PASSED] - dashboardName = "Выполнение бизнес-плана": null

16-10-2024T07:03:36 - [TEST_STEP][PASSED] - workbook01 = getWorkbook(excelFilePath): null

16-10-2024T07:03:36 - [TEST_STEP][PASSED] - sheet01 = getExcelSheet(workbook01, sheetName): null

16-10-2024T07:03:36 - [TEST_STEP][PASSED] - setValueToCellByIndex(sheet01, n, 0, dashboardName): null

16-10-2024T07:03:36 - [TEST_STEP][PASSED] - setValueToCellByIndex(sheet01, n, 1, dZO): null

16-10-2024T07:03:36 - [TEST_STEP][PASSED] - setValueToCellByIndex(sheet01, n, 2, typeOfData): null

16-10-2024T07:03:36 - [TEST_STEP][PASSED] - setValueToCellByIndex(sheet01, n, 3, typeOfData): null

16-10-2024T07:03:36 - [TEST_STEP][PASSED] - if (typeOfData == "План"): null

16-10-2024T07:03:36 - [TEST_STEP][PASSED] - else if (typeOfData == "Факт"): null

16-10-2024T07:03:36 - [TEST_STEP][PASSED] - else if (vidget.contains("электроэнергии") == true): null

16-10-2024T07:03:36 - [TEST_STEP][PASSED] - if (tabR == null): null

16-10-2024T07:03:36 - [TEST_STEP][PASSED] - else: null

16-10-2024T07:03:36 - [TEST_STEP][PASSED] - if (tabR == "нет данных"): null

16-10-2024T07:03:36 - [TEST_STEP][PASSED] - setValueToCellByIndex(sheet01, n, 4, "нет данных"): null

16-10-2024T07:03:36 - [TEST_STEP][PASSED] - if (tabB == null): null

16-10-2024T07:03:36 - [TEST_STEP][PASSED] - else: null

16-10-2024T07:03:36 - [TEST_STEP][PASSED] - if (tabB == "нет данных"): null

16-10-2024T07:03:36 - [TEST_STEP][PASSED] - else: null

16-10-2024T07:03:36 - [TEST_STEP][PASSED] - TB = tabB.toInteger(): null

16-10-2024T07:03:36 - [TEST_STEP][PASSED] - setValueToCellByIndex(sheet01, n, 5, TB): null

16-10-2024T07:03:36 - [TEST_STEP][PASSED] - setValueToCellByIndex(sheet01, n, 6, m): null

16-10-2024T07:03:36 - [TEST_STEP][PASSED] - setValueToCellByIndex(sheet01, n, 7, y): null

16-10-2024T07:03:36 - [TEST_STEP][PASSED] - setValueToCellByIndex(sheet01, n, 8, todaysDate): null

16-10-2024T07:03:36 - [TEST_STEP][PASSED] - n = n + 1: null

16-10-2024T07:03:36 - [TEST_STEP][PASSED] - saveWorkbook(excelFilePath, workbook01): null

16-10-2024T07:03:36 - [TEST_STEP][PASSED] - typeOfData = "План Потери": null

16-10-2024T07:03:36 - [TEST_STEP][PASSED] - tabR = GetPPlanR(x = a): null

16-10-2024T07:03:36 - [TEST_STEP][PASSED] - i1 = <not implemented yet for class: org.codehaus.groovy.ast.expr.EmptyExpression>: null

16-10-2024T07:03:36 - [TEST_STEP][PASSED] - ii = <not implemented yet for class: org.codehaus.groovy.ast.expr.EmptyExpression>: null

16-10-2024T07:03:36 - [TEST_STEP][PASSED] - for ([ii = 1, ii < 9, (ii++)]): null

16-10-2024T07:03:36 - [TEST_STEP][PASSED] - i1 = x.indexOf("/") + 1: null

16-10-2024T07:03:36 - [TEST_STEP][PASSED] - if (i1 > -1): null

16-10-2024T07:03:36 - [TEST_STEP][PASSED] - x = x.substring(i1, x.length()): null

16-10-2024T07:03:36 - [TEST_STEP][PASSED] - println(x): null

16-10-2024T07:03:36 - [TEST_STEP][PASSED] - i1 = x.indexOf("/") + 1: null

16-10-2024T07:03:36 - [TEST_STEP][PASSED] - if (i1 > -1): null

16-10-2024T07:03:36 - [TEST_STEP][PASSED] - x = x.substring(i1, x.length()): null

16-10-2024T07:03:36 - [TEST_STEP][PASSED] - println(x): null

16-10-2024T07:03:36 - [TEST_STEP][PASSED] - i1 = x.indexOf("/") + 1: null

16-10-2024T07:03:36 - [TEST_STEP][PASSED] - if (i1 > -1): null

16-10-2024T07:03:36 - [TEST_STEP][PASSED] - x = x.substring(i1, x.length()): null

16-10-2024T07:03:36 - [TEST_STEP][PASSED] - println(x): null

16-10-2024T07:03:36 - [TEST_STEP][PASSED] - i1 = x.indexOf("/") + 1: null

16-10-2024T07:03:36 - [TEST_STEP][PASSED] - if (i1 > -1): null

16-10-2024T07:03:36 - [TEST_STEP][PASSED] - x = x.substring(i1, x.length()): null

16-10-2024T07:03:36 - [TEST_STEP][PASSED] - println(x): null

16-10-2024T07:03:36 - [TEST_STEP][PASSED] - i1 = x.indexOf("/") + 1: null

16-10-2024T07:03:36 - [TEST_STEP][PASSED] - if (i1 > -1): null

16-10-2024T07:03:36 - [TEST_STEP][PASSED] - x = x.substring(i1, x.length()): null

16-10-2024T07:03:36 - [TEST_STEP][PASSED] - println(x): null

16-10-2024T07:03:36 - [TEST_STEP][PASSED] - i1 = x.indexOf("/") + 1: null

16-10-2024T07:03:36 - [TEST_STEP][PASSED] - if (i1 > -1): null

16-10-2024T07:03:36 - [TEST_STEP][PASSED] - x = x.substring(i1, x.length()): null

16-10-2024T07:03:36 - [TEST_STEP][PASSED] - println(x): null

16-10-2024T07:03:36 - [TEST_STEP][PASSED] - i1 = x.indexOf("/") + 1: null

16-10-2024T07:03:36 - [TEST_STEP][PASSED] - if (i1 > -1): null

16-10-2024T07:03:36 - [TEST_STEP][PASSED] - x = x.substring(i1, x.length()): null

16-10-2024T07:03:36 - [TEST_STEP][PASSED] - println(x): null

16-10-2024T07:03:36 - [TEST_STEP][PASSED] - i1 = x.indexOf("/") + 1: null

16-10-2024T07:03:36 - [TEST_STEP][PASSED] - if (i1 > -1): null

16-10-2024T07:03:36 - [TEST_STEP][PASSED] - x = x.substring(i1, x.length()): null

16-10-2024T07:03:36 - [TEST_STEP][PASSED] - println(x): null

16-10-2024T07:03:36 - [TEST_STEP][PASSED] - i1 = x.indexOf("/"): null

16-10-2024T07:03:36 - [TEST_STEP][PASSED] - if (i1 > -1): null

16-10-2024T07:03:36 - [TEST_STEP][PASSED] - x = x.substring(0, i1): null

16-10-2024T07:03:36 - [TEST_STEP][PASSED] - println(x): null

16-10-2024T07:03:36 - [TEST_STEP][PASSED] - return x: null

16-10-2024T07:03:36 - [TEST_STEP][PASSED] - tabB = GetPPlanB(x = b): null

16-10-2024T07:03:36 - [TEST_STEP][PASSED] - i1 = <not implemented yet for class: org.codehaus.groovy.ast.expr.EmptyExpression>: null

16-10-2024T07:03:36 - [TEST_STEP][PASSED] - ii = <not implemented yet for class: org.codehaus.groovy.ast.expr.EmptyExpression>: null

16-10-2024T07:03:36 - [TEST_STEP][PASSED] - for ([ii = 1, ii < 9, (ii++)]): null

16-10-2024T07:03:36 - [TEST_STEP][PASSED] - i1 = x.indexOf("/") + 1: null

16-10-2024T07:03:36 - [TEST_STEP][PASSED] - if (i1 > -1): null

16-10-2024T07:03:36 - [TEST_STEP][PASSED] - x = x.substring(i1, x.length()): null

16-10-2024T07:03:36 - [TEST_STEP][PASSED] - println(x): null

16-10-2024T07:03:36 - [TEST_STEP][PASSED] - i1 = x.indexOf("/") + 1: null

16-10-2024T07:03:36 - [TEST_STEP][PASSED] - if (i1 > -1): null

16-10-2024T07:03:36 - [TEST_STEP][PASSED] - x = x.substring(i1, x.length()): null

16-10-2024T07:03:36 - [TEST_STEP][PASSED] - println(x): null

16-10-2024T07:03:36 - [TEST_STEP][PASSED] - i1 = x.indexOf("/") + 1: null

16-10-2024T07:03:36 - [TEST_STEP][PASSED] - if (i1 > -1): null

16-10-2024T07:03:36 - [TEST_STEP][PASSED] - x = x.substring(i1, x.length()): null

16-10-2024T07:03:36 - [TEST_STEP][PASSED] - println(x): null

16-10-2024T07:03:36 - [TEST_STEP][PASSED] - i1 = x.indexOf("/") + 1: null

16-10-2024T07:03:36 - [TEST_STEP][PASSED] - if (i1 > -1): null

16-10-2024T07:03:36 - [TEST_STEP][PASSED] - x = x.substring(i1, x.length()): null

16-10-2024T07:03:36 - [TEST_STEP][PASSED] - println(x): null

16-10-2024T07:03:36 - [TEST_STEP][PASSED] - i1 = x.indexOf("/") + 1: null

16-10-2024T07:03:36 - [TEST_STEP][PASSED] - if (i1 > -1): null

16-10-2024T07:03:36 - [TEST_STEP][PASSED] - x = x.substring(i1, x.length()): null

16-10-2024T07:03:36 - [TEST_STEP][PASSED] - println(x): null

16-10-2024T07:03:36 - [TEST_STEP][PASSED] - i1 = x.indexOf("/") + 1: null

16-10-2024T07:03:36 - [TEST_STEP][PASSED] - if (i1 > -1): null

16-10-2024T07:03:36 - [TEST_STEP][PASSED] - x = x.substring(i1, x.length()): null

16-10-2024T07:03:36 - [TEST_STEP][PASSED] - println(x): null

16-10-2024T07:03:36 - [TEST_STEP][PASSED] - i1 = x.indexOf("/") + 1: null

16-10-2024T07:03:36 - [TEST_STEP][PASSED] - if (i1 > -1): null

16-10-2024T07:03:36 - [TEST_STEP][PASSED] - x = x.substring(i1, x.length()): null

16-10-2024T07:03:36 - [TEST_STEP][PASSED] - println(x): null

16-10-2024T07:03:36 - [TEST_STEP][PASSED] - i1 = x.indexOf("/") + 1: null

16-10-2024T07:03:36 - [TEST_STEP][PASSED] - if (i1 > -1): null

16-10-2024T07:03:36 - [TEST_STEP][PASSED] - x = x.substring(i1, x.length()): null

16-10-2024T07:03:36 - [TEST_STEP][PASSED] - println(x): null

16-10-2024T07:03:36 - [TEST_STEP][PASSED] - i1 = x.indexOf("/"): null

16-10-2024T07:03:36 - [TEST_STEP][PASSED] - if (i1 > -1): null

16-10-2024T07:03:36 - [TEST_STEP][PASSED] - x = x.substring(0, i1): null

16-10-2024T07:03:36 - [TEST_STEP][PASSED] - println(x): null

16-10-2024T07:03:36 - [TEST_STEP][FAILED] - return x: null

16-10-2024T07:03:36 - [TEST_STEP][PASSED] - println(tabR + "/" + tabB): null

16-10-2024T07:03:36 - [TEST_STEP][FAILED] - if (verifyEqual(PercFactR, PercFactB) == false): null

16-10-2024T07:03:36 - [MESSAGE][FAILED] - Unable to verify equal between actual object 'нет данных' and expected object '8.12' (Root cause: com.kms.katalon.core.exception.StepFailedException: Actual object 'нет данных' and expected object '8.12' are not equal
	at com.kms.katalon.core.keyword.builtin.VerifyEqualKeyword$_verifyEqual_closure1.doCall(VerifyEqualKeyword.groovy:58)
	at com.kms.katalon.core.keyword.builtin.VerifyEqualKeyword$_verifyEqual_closure1.call(VerifyEqualKeyword.groovy)
	at com.kms.katalon.core.keyword.internal.KeywordMain.runKeyword(KeywordMain.groovy:75)
	at com.kms.katalon.core.keyword.builtin.VerifyEqualKeyword.verifyEqual(VerifyEqualKeyword.groovy:63)
	at com.kms.katalon.core.keyword.builtin.VerifyEqualKeyword.execute(VerifyEqualKeyword.groovy:44)
	at com.kms.katalon.core.keyword.internal.KeywordExecutor.executeKeywordForPlatform(KeywordExecutor.groovy:74)
	at com.kms.katalon.core.keyword.BuiltinKeywords.verifyEqual(BuiltinKeywords.groovy:146)
	at jdk.internal.reflect.GeneratedMethodAccessor25.invoke(Unknown Source)
	at java.base/jdk.internal.reflect.DelegatingMethodAccessorImpl.invoke(DelegatingMethodAccessorImpl.java:43)
	at Выполнение бизнес-плана сверка дашбордов.CompareDZOData(Выполнение бизнес-плана сверка дашбордов:771)
	at Выполнение бизнес-плана сверка дашбордов.run(Выполнение бизнес-плана сверка дашбордов:633)
	at com.kms.katalon.core.main.ScriptEngine.run(ScriptEngine.java:194)
	at com.kms.katalon.core.main.ScriptEngine.runScriptAsRawText(ScriptEngine.java:119)
	at com.kms.katalon.core.main.TestCaseExecutor.runScript(TestCaseExecutor.java:448)
	at com.kms.katalon.core.main.TestCaseExecutor.doExecute(TestCaseExecutor.java:439)
	at com.kms.katalon.core.main.TestCaseExecutor.processExecutionPhase(TestCaseExecutor.java:418)
	at com.kms.katalon.core.main.TestCaseExecutor.accessMainPhase(TestCaseExecutor.java:410)
	at com.kms.katalon.core.main.TestCaseExecutor.execute(TestCaseExecutor.java:285)
	at com.kms.katalon.core.common.CommonExecutor.accessTestCaseMainPhase(CommonExecutor.java:65)
	at com.kms.katalon.core.main.TestSuiteExecutor.accessTestSuiteMainPhase(TestSuiteExecutor.java:150)
	at com.kms.katalon.core.main.TestSuiteExecutor.execute(TestSuiteExecutor.java:106)
	at com.kms.katalon.core.main.TestCaseMain.startTestSuite(TestCaseMain.java:180)
	at TempTestSuite1729050801829.run(TempTestSuite1729050801829.groovy:35)
	at java.base/jdk.internal.reflect.NativeMethodAccessorImpl.invoke0(Native Method)
	at java.base/jdk.internal.reflect.NativeMethodAccessorImpl.invoke(NativeMethodAccessorImpl.java:77)
	at java.base/jdk.internal.reflect.DelegatingMethodAccessorImpl.invoke(DelegatingMethodAccessorImpl.java:43)
)

16-10-2024T07:03:36 - [TEST_STEP][PASSED] - result = WriteToExcel(typeOfData, todaysDate, PercPlanR, PercPlanB, PercFactR, PercFactB, x, tabR, tabB, o1R, o1B, vidget): null

16-10-2024T07:03:36 - [TEST_STEP][PASSED] - iii = dZO.indexOf("/"): null

16-10-2024T07:03:36 - [TEST_STEP][PASSED] - println(iii): null

16-10-2024T07:03:36 - [TEST_STEP][PASSED] - dZO = dZO.substring(0, iii): null

16-10-2024T07:03:36 - [TEST_STEP][PASSED] - println(dZO): null

16-10-2024T07:03:36 - [TEST_STEP][PASSED] - println(PercPlanR): null

16-10-2024T07:03:36 - [TEST_STEP][PASSED] - println(PercPlanB): null

16-10-2024T07:03:36 - [TEST_STEP][PASSED] - println(PercFactR): null

16-10-2024T07:03:36 - [TEST_STEP][PASSED] - println(PercFactB): null

16-10-2024T07:03:36 - [TEST_STEP][PASSED] - println(tabR): null

16-10-2024T07:03:36 - [TEST_STEP][PASSED] - println(tabB): null

16-10-2024T07:03:36 - [TEST_STEP][PASSED] - println(o1R): null

16-10-2024T07:03:36 - [TEST_STEP][PASSED] - println(o1B): null

16-10-2024T07:03:36 - [TEST_STEP][PASSED] - PR = <not implemented yet for class: org.codehaus.groovy.ast.expr.EmptyExpression>: null

16-10-2024T07:03:36 - [TEST_STEP][PASSED] - FR = <not implemented yet for class: org.codehaus.groovy.ast.expr.EmptyExpression>: null

16-10-2024T07:03:36 - [TEST_STEP][PASSED] - PB = <not implemented yet for class: org.codehaus.groovy.ast.expr.EmptyExpression>: null

16-10-2024T07:03:36 - [TEST_STEP][PASSED] - FB = <not implemented yet for class: org.codehaus.groovy.ast.expr.EmptyExpression>: null

16-10-2024T07:03:36 - [TEST_STEP][PASSED] - TR = <not implemented yet for class: org.codehaus.groovy.ast.expr.EmptyExpression>: null

16-10-2024T07:03:36 - [TEST_STEP][PASSED] - TB = <not implemented yet for class: org.codehaus.groovy.ast.expr.EmptyExpression>: null

16-10-2024T07:03:36 - [TEST_STEP][PASSED] - sheetName = "Sheet1": null

16-10-2024T07:03:36 - [TEST_STEP][PASSED] - data = findTestData("PlanFact"): null

16-10-2024T07:03:37 - [TEST_STEP][PASSED] - n = data.getRowNumbers() + 1: null

16-10-2024T07:03:37 - [TEST_STEP][PASSED] - year = todaysDate.substring(todaysDate.length() - 4, todaysDate.length()): null

16-10-2024T07:03:37 - [TEST_STEP][PASSED] - y = year.toInteger(): null

16-10-2024T07:03:37 - [TEST_STEP][PASSED] - m = getText(findTestObject("Выполнение бизнес-плана/Выполнение бизнес-плана Балансы/Фильтр Дата")): Text of object 'Object Repository/Выполнение бизнес-плана/Выполнение бизнес-плана Балансы/Фильтр Дата' is: '1, 2 кв., Июль, Август 2024 года'

16-10-2024T07:03:37 - [MESSAGE][PASSED] - Text of object 'Object Repository/Выполнение бизнес-плана/Выполнение бизнес-плана Балансы/Фильтр Дата' is: '1, 2 кв., Июль, Август 2024 года'

16-10-2024T07:03:37 - [TEST_STEP][PASSED] - m = m.substring(0, m.indexOf("2024")): null

16-10-2024T07:03:37 - [TEST_STEP][PASSED] - m = m.trim(): null

16-10-2024T07:03:37 - [TEST_STEP][PASSED] - dashboardName = "Выполнение бизнес-плана": null

16-10-2024T07:03:37 - [TEST_STEP][PASSED] - workbook01 = getWorkbook(excelFilePath): null

16-10-2024T07:03:37 - [TEST_STEP][PASSED] - sheet01 = getExcelSheet(workbook01, sheetName): null

16-10-2024T07:03:37 - [TEST_STEP][PASSED] - setValueToCellByIndex(sheet01, n, 0, dashboardName): null

16-10-2024T07:03:37 - [TEST_STEP][PASSED] - setValueToCellByIndex(sheet01, n, 1, dZO): null

16-10-2024T07:03:37 - [TEST_STEP][PASSED] - setValueToCellByIndex(sheet01, n, 2, typeOfData): null

16-10-2024T07:03:37 - [TEST_STEP][PASSED] - setValueToCellByIndex(sheet01, n, 3, typeOfData): null

16-10-2024T07:03:37 - [TEST_STEP][PASSED] - if (typeOfData == "План"): null

16-10-2024T07:03:37 - [TEST_STEP][PASSED] - else if (typeOfData == "Факт"): null

16-10-2024T07:03:37 - [TEST_STEP][PASSED] - else if (vidget.contains("электроэнергии") == true): null

16-10-2024T07:03:37 - [TEST_STEP][PASSED] - if (tabR == null): null

16-10-2024T07:03:37 - [TEST_STEP][PASSED] - else: null

16-10-2024T07:03:37 - [TEST_STEP][PASSED] - if (tabR == "нет данных"): null

16-10-2024T07:03:37 - [TEST_STEP][PASSED] - setValueToCellByIndex(sheet01, n, 4, "нет данных"): null

16-10-2024T07:03:37 - [TEST_STEP][PASSED] - if (tabB == null): null

16-10-2024T07:03:37 - [TEST_STEP][PASSED] - else: null

16-10-2024T07:03:37 - [TEST_STEP][PASSED] - if (tabB == "нет данных"): null

16-10-2024T07:03:37 - [TEST_STEP][PASSED] - else: null

16-10-2024T07:03:37 - [TEST_STEP][PASSED] - TB = tabB.toInteger(): null

16-10-2024T07:03:37 - [TEST_STEP][PASSED] - setValueToCellByIndex(sheet01, n, 5, TB): null

16-10-2024T07:03:37 - [TEST_STEP][PASSED] - setValueToCellByIndex(sheet01, n, 6, m): null

16-10-2024T07:03:37 - [TEST_STEP][PASSED] - setValueToCellByIndex(sheet01, n, 7, y): null

16-10-2024T07:03:37 - [TEST_STEP][PASSED] - setValueToCellByIndex(sheet01, n, 8, todaysDate): null

16-10-2024T07:03:37 - [TEST_STEP][PASSED] - n = n + 1: null

16-10-2024T07:03:37 - [TEST_STEP][PASSED] - saveWorkbook(excelFilePath, workbook01): null

16-10-2024T07:03:37 - [TEST_STEP][PASSED] - ii2 = a.indexOf("ПАО"): null

16-10-2024T07:03:37 - [TEST_STEP][PASSED] - if (ii2 == -1): null

16-10-2024T07:03:37 - [TEST_STEP][PASSED] - vidget = "Отклонения фактического уровня потерь от бизнес-плана": null

16-10-2024T07:03:37 - [TEST_STEP][PASSED] - typeOfData = "Коэффициент": null

16-10-2024T07:03:37 - [TEST_STEP][PASSED] - o1R = Geto1R(x = a): null

16-10-2024T07:03:37 - [TEST_STEP][PASSED] - i1 = <not implemented yet for class: org.codehaus.groovy.ast.expr.EmptyExpression>: null

16-10-2024T07:03:37 - [TEST_STEP][PASSED] - ii = <not implemented yet for class: org.codehaus.groovy.ast.expr.EmptyExpression>: null

16-10-2024T07:03:37 - [TEST_STEP][PASSED] - for ([ii = 1, ii < 10, (ii++)]): null

16-10-2024T07:03:37 - [TEST_STEP][PASSED] - i1 = x.indexOf("/") + 1: null

16-10-2024T07:03:37 - [TEST_STEP][PASSED] - if (i1 > -1): null

16-10-2024T07:03:37 - [TEST_STEP][PASSED] - x = x.substring(i1, x.length()): null

16-10-2024T07:03:37 - [TEST_STEP][PASSED] - i1 = x.indexOf("/") + 1: null

16-10-2024T07:03:37 - [TEST_STEP][PASSED] - if (i1 > -1): null

16-10-2024T07:03:37 - [TEST_STEP][PASSED] - x = x.substring(i1, x.length()): null

16-10-2024T07:03:37 - [TEST_STEP][PASSED] - i1 = x.indexOf("/") + 1: null

16-10-2024T07:03:37 - [TEST_STEP][PASSED] - if (i1 > -1): null

16-10-2024T07:03:37 - [TEST_STEP][PASSED] - x = x.substring(i1, x.length()): null

16-10-2024T07:03:37 - [TEST_STEP][PASSED] - i1 = x.indexOf("/") + 1: null

16-10-2024T07:03:37 - [TEST_STEP][PASSED] - if (i1 > -1): null

16-10-2024T07:03:37 - [TEST_STEP][PASSED] - x = x.substring(i1, x.length()): null

16-10-2024T07:03:37 - [TEST_STEP][PASSED] - i1 = x.indexOf("/") + 1: null

16-10-2024T07:03:37 - [TEST_STEP][PASSED] - if (i1 > -1): null

16-10-2024T07:03:37 - [TEST_STEP][PASSED] - x = x.substring(i1, x.length()): null

16-10-2024T07:03:37 - [TEST_STEP][PASSED] - i1 = x.indexOf("/") + 1: null

16-10-2024T07:03:37 - [TEST_STEP][PASSED] - if (i1 > -1): null

16-10-2024T07:03:37 - [TEST_STEP][PASSED] - x = x.substring(i1, x.length()): null

16-10-2024T07:03:37 - [TEST_STEP][PASSED] - i1 = x.indexOf("/") + 1: null

16-10-2024T07:03:37 - [TEST_STEP][PASSED] - if (i1 > -1): null

16-10-2024T07:03:37 - [TEST_STEP][PASSED] - x = x.substring(i1, x.length()): null

16-10-2024T07:03:37 - [TEST_STEP][PASSED] - i1 = x.indexOf("/") + 1: null

16-10-2024T07:03:37 - [TEST_STEP][PASSED] - if (i1 > -1): null

16-10-2024T07:03:37 - [TEST_STEP][PASSED] - x = x.substring(i1, x.length()): null

16-10-2024T07:03:37 - [TEST_STEP][PASSED] - i1 = x.indexOf("/") + 1: null

16-10-2024T07:03:37 - [TEST_STEP][PASSED] - if (i1 > -1): null

16-10-2024T07:03:37 - [TEST_STEP][PASSED] - x = x.substring(i1, x.length()): null

16-10-2024T07:03:37 - [TEST_STEP][PASSED] - i1 = x.indexOf("/"): null

16-10-2024T07:03:37 - [TEST_STEP][PASSED] - if (i1 > -1): null

16-10-2024T07:03:37 - [TEST_STEP][PASSED] - println(x): null

16-10-2024T07:03:37 - [TEST_STEP][PASSED] - return x: null

16-10-2024T07:03:37 - [TEST_STEP][PASSED] - o1B = Geto1B(x = b): null

16-10-2024T07:03:37 - [TEST_STEP][PASSED] - i1 = <not implemented yet for class: org.codehaus.groovy.ast.expr.EmptyExpression>: null

16-10-2024T07:03:37 - [TEST_STEP][PASSED] - ii = <not implemented yet for class: org.codehaus.groovy.ast.expr.EmptyExpression>: null

16-10-2024T07:03:37 - [TEST_STEP][PASSED] - for ([ii = 1, ii < 10, (ii++)]): null

16-10-2024T07:03:37 - [TEST_STEP][PASSED] - i1 = x.indexOf("/") + 1: null

16-10-2024T07:03:37 - [TEST_STEP][PASSED] - if (i1 > -1): null

16-10-2024T07:03:37 - [TEST_STEP][PASSED] - x = x.substring(i1, x.length()): null

16-10-2024T07:03:37 - [TEST_STEP][PASSED] - i1 = x.indexOf("/") + 1: null

16-10-2024T07:03:37 - [TEST_STEP][PASSED] - if (i1 > -1): null

16-10-2024T07:03:37 - [TEST_STEP][PASSED] - x = x.substring(i1, x.length()): null

16-10-2024T07:03:37 - [TEST_STEP][PASSED] - i1 = x.indexOf("/") + 1: null

16-10-2024T07:03:37 - [TEST_STEP][PASSED] - if (i1 > -1): null

16-10-2024T07:03:37 - [TEST_STEP][PASSED] - x = x.substring(i1, x.length()): null

16-10-2024T07:03:37 - [TEST_STEP][PASSED] - i1 = x.indexOf("/") + 1: null

16-10-2024T07:03:37 - [TEST_STEP][PASSED] - if (i1 > -1): null

16-10-2024T07:03:37 - [TEST_STEP][PASSED] - x = x.substring(i1, x.length()): null

16-10-2024T07:03:37 - [TEST_STEP][PASSED] - i1 = x.indexOf("/") + 1: null

16-10-2024T07:03:37 - [TEST_STEP][PASSED] - if (i1 > -1): null

16-10-2024T07:03:37 - [TEST_STEP][PASSED] - x = x.substring(i1, x.length()): null

16-10-2024T07:03:37 - [TEST_STEP][PASSED] - i1 = x.indexOf("/") + 1: null

16-10-2024T07:03:37 - [TEST_STEP][PASSED] - if (i1 > -1): null

16-10-2024T07:03:37 - [TEST_STEP][PASSED] - x = x.substring(i1, x.length()): null

16-10-2024T07:03:37 - [TEST_STEP][PASSED] - i1 = x.indexOf("/") + 1: null

16-10-2024T07:03:37 - [TEST_STEP][PASSED] - if (i1 > -1): null

16-10-2024T07:03:37 - [TEST_STEP][PASSED] - x = x.substring(i1, x.length()): null

16-10-2024T07:03:37 - [TEST_STEP][PASSED] - i1 = x.indexOf("/") + 1: null

16-10-2024T07:03:37 - [TEST_STEP][PASSED] - if (i1 > -1): null

16-10-2024T07:03:37 - [TEST_STEP][PASSED] - x = x.substring(i1, x.length()): null

16-10-2024T07:03:37 - [TEST_STEP][PASSED] - i1 = x.indexOf("/") + 1: null

16-10-2024T07:03:37 - [TEST_STEP][PASSED] - if (i1 > -1): null

16-10-2024T07:03:37 - [TEST_STEP][PASSED] - x = x.substring(i1, x.length()): null

16-10-2024T07:03:37 - [TEST_STEP][PASSED] - i1 = x.indexOf("/"): null

16-10-2024T07:03:37 - [TEST_STEP][PASSED] - if (i1 > -1): null

16-10-2024T07:03:37 - [TEST_STEP][PASSED] - println(x): null

16-10-2024T07:03:37 - [TEST_STEP][FAILED] - return x: null

16-10-2024T07:03:37 - [TEST_STEP][PASSED] - println(o1R + "/" + o1B): null

16-10-2024T07:03:37 - [TEST_STEP][FAILED] - if (verifyEqual(PercFactR, PercFactB) == false): null

16-10-2024T07:03:37 - [MESSAGE][FAILED] - Unable to verify equal between actual object 'нет данных' and expected object '8.12' (Root cause: com.kms.katalon.core.exception.StepFailedException: Actual object 'нет данных' and expected object '8.12' are not equal
	at com.kms.katalon.core.keyword.builtin.VerifyEqualKeyword$_verifyEqual_closure1.doCall(VerifyEqualKeyword.groovy:58)
	at com.kms.katalon.core.keyword.builtin.VerifyEqualKeyword$_verifyEqual_closure1.call(VerifyEqualKeyword.groovy)
	at com.kms.katalon.core.keyword.internal.KeywordMain.runKeyword(KeywordMain.groovy:75)
	at com.kms.katalon.core.keyword.builtin.VerifyEqualKeyword.verifyEqual(VerifyEqualKeyword.groovy:63)
	at com.kms.katalon.core.keyword.builtin.VerifyEqualKeyword.execute(VerifyEqualKeyword.groovy:44)
	at com.kms.katalon.core.keyword.internal.KeywordExecutor.executeKeywordForPlatform(KeywordExecutor.groovy:74)
	at com.kms.katalon.core.keyword.BuiltinKeywords.verifyEqual(BuiltinKeywords.groovy:146)
	at jdk.internal.reflect.GeneratedMethodAccessor25.invoke(Unknown Source)
	at java.base/jdk.internal.reflect.DelegatingMethodAccessorImpl.invoke(DelegatingMethodAccessorImpl.java:43)
	at Выполнение бизнес-плана сверка дашбордов.CompareDZOData(Выполнение бизнес-плана сверка дашбордов:789)
	at Выполнение бизнес-плана сверка дашбордов.run(Выполнение бизнес-плана сверка дашбордов:633)
	at com.kms.katalon.core.main.ScriptEngine.run(ScriptEngine.java:194)
	at com.kms.katalon.core.main.ScriptEngine.runScriptAsRawText(ScriptEngine.java:119)
	at com.kms.katalon.core.main.TestCaseExecutor.runScript(TestCaseExecutor.java:448)
	at com.kms.katalon.core.main.TestCaseExecutor.doExecute(TestCaseExecutor.java:439)
	at com.kms.katalon.core.main.TestCaseExecutor.processExecutionPhase(TestCaseExecutor.java:418)
	at com.kms.katalon.core.main.TestCaseExecutor.accessMainPhase(TestCaseExecutor.java:410)
	at com.kms.katalon.core.main.TestCaseExecutor.execute(TestCaseExecutor.java:285)
	at com.kms.katalon.core.common.CommonExecutor.accessTestCaseMainPhase(CommonExecutor.java:65)
	at com.kms.katalon.core.main.TestSuiteExecutor.accessTestSuiteMainPhase(TestSuiteExecutor.java:150)
	at com.kms.katalon.core.main.TestSuiteExecutor.execute(TestSuiteExecutor.java:106)
	at com.kms.katalon.core.main.TestCaseMain.startTestSuite(TestCaseMain.java:180)
	at TempTestSuite1729050801829.run(TempTestSuite1729050801829.groovy:35)
	at java.base/jdk.internal.reflect.NativeMethodAccessorImpl.invoke0(Native Method)
	at java.base/jdk.internal.reflect.NativeMethodAccessorImpl.invoke(NativeMethodAccessorImpl.java:77)
	at java.base/jdk.internal.reflect.DelegatingMethodAccessorImpl.invoke(DelegatingMethodAccessorImpl.java:43)
)

16-10-2024T07:03:37 - [TEST_STEP][PASSED] - result = WriteToExcel(typeOfData, todaysDate, PercPlanR, PercPlanB, PercFactR, PercFactB, x, tabR, tabB, o1R, o1B, vidget): null

16-10-2024T07:03:37 - [TEST_STEP][PASSED] - iii = dZO.indexOf("/"): null

16-10-2024T07:03:37 - [TEST_STEP][PASSED] - println(iii): null

16-10-2024T07:03:37 - [TEST_STEP][PASSED] - dZO = dZO.substring(0, iii): null

16-10-2024T07:03:37 - [TEST_STEP][PASSED] - println(dZO): null

16-10-2024T07:03:37 - [TEST_STEP][PASSED] - println(PercPlanR): null

16-10-2024T07:03:37 - [TEST_STEP][PASSED] - println(PercPlanB): null

16-10-2024T07:03:37 - [TEST_STEP][PASSED] - println(PercFactR): null

16-10-2024T07:03:37 - [TEST_STEP][PASSED] - println(PercFactB): null

16-10-2024T07:03:37 - [TEST_STEP][PASSED] - println(tabR): null

16-10-2024T07:03:37 - [TEST_STEP][PASSED] - println(tabB): null

16-10-2024T07:03:37 - [TEST_STEP][PASSED] - println(o1R): null

16-10-2024T07:03:37 - [TEST_STEP][PASSED] - println(o1B): null

16-10-2024T07:03:37 - [TEST_STEP][PASSED] - PR = <not implemented yet for class: org.codehaus.groovy.ast.expr.EmptyExpression>: null

16-10-2024T07:03:37 - [TEST_STEP][PASSED] - FR = <not implemented yet for class: org.codehaus.groovy.ast.expr.EmptyExpression>: null

16-10-2024T07:03:37 - [TEST_STEP][PASSED] - PB = <not implemented yet for class: org.codehaus.groovy.ast.expr.EmptyExpression>: null

16-10-2024T07:03:37 - [TEST_STEP][PASSED] - FB = <not implemented yet for class: org.codehaus.groovy.ast.expr.EmptyExpression>: null

16-10-2024T07:03:37 - [TEST_STEP][PASSED] - TR = <not implemented yet for class: org.codehaus.groovy.ast.expr.EmptyExpression>: null

16-10-2024T07:03:37 - [TEST_STEP][PASSED] - TB = <not implemented yet for class: org.codehaus.groovy.ast.expr.EmptyExpression>: null

16-10-2024T07:03:37 - [TEST_STEP][PASSED] - sheetName = "Sheet1": null

16-10-2024T07:03:37 - [TEST_STEP][PASSED] - data = findTestData("PlanFact"): null

16-10-2024T07:03:37 - [TEST_STEP][PASSED] - n = data.getRowNumbers() + 1: null

16-10-2024T07:03:37 - [TEST_STEP][PASSED] - year = todaysDate.substring(todaysDate.length() - 4, todaysDate.length()): null

16-10-2024T07:03:37 - [TEST_STEP][PASSED] - y = year.toInteger(): null

16-10-2024T07:03:37 - [TEST_STEP][PASSED] - m = getText(findTestObject("Выполнение бизнес-плана/Выполнение бизнес-плана Балансы/Фильтр Дата")): Text of object 'Object Repository/Выполнение бизнес-плана/Выполнение бизнес-плана Балансы/Фильтр Дата' is: '1, 2 кв., Июль, Август 2024 года'

16-10-2024T07:03:38 - [MESSAGE][PASSED] - Text of object 'Object Repository/Выполнение бизнес-плана/Выполнение бизнес-плана Балансы/Фильтр Дата' is: '1, 2 кв., Июль, Август 2024 года'

16-10-2024T07:03:38 - [TEST_STEP][PASSED] - m = m.substring(0, m.indexOf("2024")): null

16-10-2024T07:03:38 - [TEST_STEP][PASSED] - m = m.trim(): null

16-10-2024T07:03:38 - [TEST_STEP][PASSED] - dashboardName = "Выполнение бизнес-плана": null

16-10-2024T07:03:38 - [TEST_STEP][PASSED] - workbook01 = getWorkbook(excelFilePath): null

16-10-2024T07:03:38 - [TEST_STEP][PASSED] - sheet01 = getExcelSheet(workbook01, sheetName): null

16-10-2024T07:03:38 - [TEST_STEP][PASSED] - setValueToCellByIndex(sheet01, n, 0, dashboardName): null

16-10-2024T07:03:38 - [TEST_STEP][PASSED] - setValueToCellByIndex(sheet01, n, 1, dZO): null

16-10-2024T07:03:38 - [TEST_STEP][PASSED] - setValueToCellByIndex(sheet01, n, 2, typeOfData): null

16-10-2024T07:03:38 - [TEST_STEP][PASSED] - setValueToCellByIndex(sheet01, n, 3, typeOfData): null

16-10-2024T07:03:38 - [TEST_STEP][PASSED] - if (typeOfData == "План"): null

16-10-2024T07:03:38 - [TEST_STEP][PASSED] - else if (typeOfData == "Факт"): null

16-10-2024T07:03:38 - [TEST_STEP][PASSED] - else if (vidget.contains("электроэнергии") == true): null

16-10-2024T07:03:38 - [TEST_STEP][PASSED] - else: null

16-10-2024T07:03:38 - [TEST_STEP][PASSED] - if (o1R == null): null

16-10-2024T07:03:38 - [TEST_STEP][PASSED] - else: null

16-10-2024T07:03:38 - [TEST_STEP][PASSED] - if (o1R == "нет данных"): null

16-10-2024T07:03:38 - [TEST_STEP][PASSED] - setValueToCellByIndex(sheet01, n, 4, "нет данных"): null

16-10-2024T07:03:38 - [TEST_STEP][PASSED] - if (o1B == null): null

16-10-2024T07:03:38 - [TEST_STEP][PASSED] - else: null

16-10-2024T07:03:38 - [TEST_STEP][PASSED] - if (o1B == "нет данных"): null

16-10-2024T07:03:38 - [TEST_STEP][PASSED] - else: null

16-10-2024T07:03:38 - [TEST_STEP][PASSED] - FB = o1B.toDouble(): null

16-10-2024T07:03:38 - [TEST_STEP][PASSED] - setValueToCellByIndex(sheet01, n, 5, FB): null

16-10-2024T07:03:38 - [TEST_STEP][PASSED] - setValueToCellByIndex(sheet01, n, 6, m): null

16-10-2024T07:03:38 - [TEST_STEP][PASSED] - setValueToCellByIndex(sheet01, n, 7, y): null

16-10-2024T07:03:38 - [TEST_STEP][PASSED] - setValueToCellByIndex(sheet01, n, 8, todaysDate): null

16-10-2024T07:03:38 - [TEST_STEP][PASSED] - n = n + 1: null

16-10-2024T07:03:38 - [TEST_STEP][FAILED] - saveWorkbook(excelFilePath, workbook01): null

16-10-2024T07:03:38 - [TEST_STEP][PASSED] - if (verifyEqual(tyumR, tyumB) == false): Actual object 'Россети Тюмень/2.52/2.60/35166539/34250957/915582/36273204/35358006/915198/0.08' and expected object 'Россети Тюмень/2.52/2.60/35166539/34250957/915582/36273204/35358006/915198/0.08' are equal

16-10-2024T07:03:38 - [MESSAGE][PASSED] - Actual object 'Россети Тюмень/2.52/2.60/35166539/34250957/915582/36273204/35358006/915198/0.08' and expected object 'Россети Тюмень/2.52/2.60/35166539/34250957/915582/36273204/35358006/915198/0.08' are equal

16-10-2024T07:03:38 - [TEST_STEP][FAILED] - if (verifyEqual(urR, urB) == false): null

16-10-2024T07:03:38 - [MESSAGE][FAILED] - Unable to verify equal between actual object 'Россети Урал (ГК)/нет данных/нет данных/нет данных/нет данных/нет данных/нет данных/нет данных/нет данных/нет данных' and expected object 'Россети Урал (ГК)/5.70/5.54/48495962/45807241/2688721/54743221/51575549/3167672/-0.16' (Root cause: com.kms.katalon.core.exception.StepFailedException: Actual object 'Россети Урал (ГК)/нет данных/нет данных/нет данных/нет данных/нет данных/нет данных/нет данных/нет данных/нет данных' and expected object 'Россети Урал (ГК)/5.70/5.54/48495962/45807241/2688721/54743221/51575549/3167672/-0.16' are not equal
	at com.kms.katalon.core.keyword.builtin.VerifyEqualKeyword$_verifyEqual_closure1.doCall(VerifyEqualKeyword.groovy:58)
	at com.kms.katalon.core.keyword.builtin.VerifyEqualKeyword$_verifyEqual_closure1.call(VerifyEqualKeyword.groovy)
	at com.kms.katalon.core.keyword.internal.KeywordMain.runKeyword(KeywordMain.groovy:75)
	at com.kms.katalon.core.keyword.builtin.VerifyEqualKeyword.verifyEqual(VerifyEqualKeyword.groovy:63)
	at com.kms.katalon.core.keyword.builtin.VerifyEqualKeyword.execute(VerifyEqualKeyword.groovy:44)
	at com.kms.katalon.core.keyword.internal.KeywordExecutor.executeKeywordForPlatform(KeywordExecutor.groovy:74)
	at com.kms.katalon.core.keyword.BuiltinKeywords.verifyEqual(BuiltinKeywords.groovy:146)
	at jdk.internal.reflect.GeneratedMethodAccessor25.invoke(Unknown Source)
	at java.base/jdk.internal.reflect.DelegatingMethodAccessorImpl.invoke(DelegatingMethodAccessorImpl.java:43)
	at Выполнение бизнес-плана сверка дашбордов.run(Выполнение бизнес-плана сверка дашбордов:642)
	at com.kms.katalon.core.main.ScriptEngine.run(ScriptEngine.java:194)
	at com.kms.katalon.core.main.ScriptEngine.runScriptAsRawText(ScriptEngine.java:119)
	at com.kms.katalon.core.main.TestCaseExecutor.runScript(TestCaseExecutor.java:448)
	at com.kms.katalon.core.main.TestCaseExecutor.doExecute(TestCaseExecutor.java:439)
	at com.kms.katalon.core.main.TestCaseExecutor.processExecutionPhase(TestCaseExecutor.java:418)
	at com.kms.katalon.core.main.TestCaseExecutor.accessMainPhase(TestCaseExecutor.java:410)
	at com.kms.katalon.core.main.TestCaseExecutor.execute(TestCaseExecutor.java:285)
	at com.kms.katalon.core.common.CommonExecutor.accessTestCaseMainPhase(CommonExecutor.java:65)
	at com.kms.katalon.core.main.TestSuiteExecutor.accessTestSuiteMainPhase(TestSuiteExecutor.java:150)
	at com.kms.katalon.core.main.TestSuiteExecutor.execute(TestSuiteExecutor.java:106)
	at com.kms.katalon.core.main.TestCaseMain.startTestSuite(TestCaseMain.java:180)
	at TempTestSuite1729050801829.run(TempTestSuite1729050801829.groovy:35)
	at java.base/jdk.internal.reflect.NativeMethodAccessorImpl.invoke0(Native Method)
	at java.base/jdk.internal.reflect.NativeMethodAccessorImpl.invoke(NativeMethodAccessorImpl.java:77)
	at java.base/jdk.internal.reflect.DelegatingMethodAccessorImpl.invoke(DelegatingMethodAccessorImpl.java:43)
)

16-10-2024T07:03:38 - [TEST_STEP][PASSED] - result = CompareDZOData(a = urR, b = urB, dZO, typeOfData, PercPlanR, PercPlanB, PercFactR, PercFactB, todaysDate, x, vidget, tabR, tabB, o1R, o1B): null

16-10-2024T07:03:38 - [TEST_STEP][PASSED] - ii2 = <not implemented yet for class: org.codehaus.groovy.ast.expr.EmptyExpression>: null

16-10-2024T07:03:38 - [TEST_STEP][FAILED] - if (verifyEqual(a, b) == false): null

16-10-2024T07:03:38 - [MESSAGE][FAILED] - Unable to verify equal between actual object 'Россети Урал (ГК)/нет данных/нет данных/нет данных/нет данных/нет данных/нет данных/нет данных/нет данных/нет данных' and expected object 'Россети Урал (ГК)/5.70/5.54/48495962/45807241/2688721/54743221/51575549/3167672/-0.16' (Root cause: com.kms.katalon.core.exception.StepFailedException: Actual object 'Россети Урал (ГК)/нет данных/нет данных/нет данных/нет данных/нет данных/нет данных/нет данных/нет данных/нет данных' and expected object 'Россети Урал (ГК)/5.70/5.54/48495962/45807241/2688721/54743221/51575549/3167672/-0.16' are not equal
	at com.kms.katalon.core.keyword.builtin.VerifyEqualKeyword$_verifyEqual_closure1.doCall(VerifyEqualKeyword.groovy:58)
	at com.kms.katalon.core.keyword.builtin.VerifyEqualKeyword$_verifyEqual_closure1.call(VerifyEqualKeyword.groovy)
	at com.kms.katalon.core.keyword.internal.KeywordMain.runKeyword(KeywordMain.groovy:75)
	at com.kms.katalon.core.keyword.builtin.VerifyEqualKeyword.verifyEqual(VerifyEqualKeyword.groovy:63)
	at com.kms.katalon.core.keyword.builtin.VerifyEqualKeyword.execute(VerifyEqualKeyword.groovy:44)
	at com.kms.katalon.core.keyword.internal.KeywordExecutor.executeKeywordForPlatform(KeywordExecutor.groovy:74)
	at com.kms.katalon.core.keyword.BuiltinKeywords.verifyEqual(BuiltinKeywords.groovy:146)
	at jdk.internal.reflect.GeneratedMethodAccessor25.invoke(Unknown Source)
	at java.base/jdk.internal.reflect.DelegatingMethodAccessorImpl.invoke(DelegatingMethodAccessorImpl.java:43)
	at Выполнение бизнес-плана сверка дашбордов.CompareDZOData(Выполнение бизнес-плана сверка дашбордов:673)
	at Выполнение бизнес-плана сверка дашбордов.run(Выполнение бизнес-плана сверка дашбордов:643)
	at com.kms.katalon.core.main.ScriptEngine.run(ScriptEngine.java:194)
	at com.kms.katalon.core.main.ScriptEngine.runScriptAsRawText(ScriptEngine.java:119)
	at com.kms.katalon.core.main.TestCaseExecutor.runScript(TestCaseExecutor.java:448)
	at com.kms.katalon.core.main.TestCaseExecutor.doExecute(TestCaseExecutor.java:439)
	at com.kms.katalon.core.main.TestCaseExecutor.processExecutionPhase(TestCaseExecutor.java:418)
	at com.kms.katalon.core.main.TestCaseExecutor.accessMainPhase(TestCaseExecutor.java:410)
	at com.kms.katalon.core.main.TestCaseExecutor.execute(TestCaseExecutor.java:285)
	at com.kms.katalon.core.common.CommonExecutor.accessTestCaseMainPhase(CommonExecutor.java:65)
	at com.kms.katalon.core.main.TestSuiteExecutor.accessTestSuiteMainPhase(TestSuiteExecutor.java:150)
	at com.kms.katalon.core.main.TestSuiteExecutor.execute(TestSuiteExecutor.java:106)
	at com.kms.katalon.core.main.TestCaseMain.startTestSuite(TestCaseMain.java:180)
	at TempTestSuite1729050801829.run(TempTestSuite1729050801829.groovy:35)
	at java.base/jdk.internal.reflect.NativeMethodAccessorImpl.invoke0(Native Method)
	at java.base/jdk.internal.reflect.NativeMethodAccessorImpl.invoke(NativeMethodAccessorImpl.java:77)
	at java.base/jdk.internal.reflect.DelegatingMethodAccessorImpl.invoke(DelegatingMethodAccessorImpl.java:43)
)

16-10-2024T07:03:38 - [TEST_STEP][PASSED] - vidget = "Уровень потерь электроэнергии": null

16-10-2024T07:03:38 - [TEST_STEP][PASSED] - typeOfData = "План": null

16-10-2024T07:03:38 - [TEST_STEP][PASSED] - PercPlanR = GetPercPlanR(x = a): null

16-10-2024T07:03:38 - [TEST_STEP][PASSED] - i1 = <not implemented yet for class: org.codehaus.groovy.ast.expr.EmptyExpression>: null

16-10-2024T07:03:38 - [TEST_STEP][PASSED] - i1 = x.indexOf("/") + 1: null

16-10-2024T07:03:38 - [TEST_STEP][PASSED] - if (i1 > -1): null

16-10-2024T07:03:38 - [TEST_STEP][PASSED] - x = x.substring(i1, x.length()): null

16-10-2024T07:03:38 - [TEST_STEP][PASSED] - i1 = x.indexOf("/"): null

16-10-2024T07:03:38 - [TEST_STEP][PASSED] - if (i1 > -1): null

16-10-2024T07:03:38 - [TEST_STEP][PASSED] - x = x.substring(0, i1): null

16-10-2024T07:03:38 - [TEST_STEP][PASSED] - return x: null

16-10-2024T07:03:38 - [TEST_STEP][PASSED] - PercPlanB = GetPercPlanB(x = b): null

16-10-2024T07:03:38 - [TEST_STEP][PASSED] - i1 = <not implemented yet for class: org.codehaus.groovy.ast.expr.EmptyExpression>: null

16-10-2024T07:03:38 - [TEST_STEP][PASSED] - i1 = x.indexOf("/") + 1: null

16-10-2024T07:03:38 - [TEST_STEP][PASSED] - if (i1 > -1): null

16-10-2024T07:03:38 - [TEST_STEP][PASSED] - x = x.substring(i1, x.length()): null

16-10-2024T07:03:38 - [TEST_STEP][PASSED] - i1 = x.indexOf("/"): null

16-10-2024T07:03:38 - [TEST_STEP][PASSED] - if (i1 > -1): null

16-10-2024T07:03:38 - [TEST_STEP][PASSED] - x = x.substring(0, i1): null

16-10-2024T07:03:38 - [TEST_STEP][FAILED] - return x: null

16-10-2024T07:03:38 - [TEST_STEP][FAILED] - if (verifyEqual(PercPlanR, PercPlanB) == false): null

16-10-2024T07:03:38 - [MESSAGE][FAILED] - Unable to verify equal between actual object 'нет данных' and expected object '5.70' (Root cause: com.kms.katalon.core.exception.StepFailedException: Actual object 'нет данных' and expected object '5.70' are not equal
	at com.kms.katalon.core.keyword.builtin.VerifyEqualKeyword$_verifyEqual_closure1.doCall(VerifyEqualKeyword.groovy:58)
	at com.kms.katalon.core.keyword.builtin.VerifyEqualKeyword$_verifyEqual_closure1.call(VerifyEqualKeyword.groovy)
	at com.kms.katalon.core.keyword.internal.KeywordMain.runKeyword(KeywordMain.groovy:75)
	at com.kms.katalon.core.keyword.builtin.VerifyEqualKeyword.verifyEqual(VerifyEqualKeyword.groovy:63)
	at com.kms.katalon.core.keyword.builtin.VerifyEqualKeyword.execute(VerifyEqualKeyword.groovy:44)
	at com.kms.katalon.core.keyword.internal.KeywordExecutor.executeKeywordForPlatform(KeywordExecutor.groovy:74)
	at com.kms.katalon.core.keyword.BuiltinKeywords.verifyEqual(BuiltinKeywords.groovy:146)
	at jdk.internal.reflect.GeneratedMethodAccessor25.invoke(Unknown Source)
	at java.base/jdk.internal.reflect.DelegatingMethodAccessorImpl.invoke(DelegatingMethodAccessorImpl.java:43)
	at Выполнение бизнес-плана сверка дашбордов.CompareDZOData(Выполнение бизнес-плана сверка дашбордов:682)
	at Выполнение бизнес-плана сверка дашбордов.run(Выполнение бизнес-плана сверка дашбордов:643)
	at com.kms.katalon.core.main.ScriptEngine.run(ScriptEngine.java:194)
	at com.kms.katalon.core.main.ScriptEngine.runScriptAsRawText(ScriptEngine.java:119)
	at com.kms.katalon.core.main.TestCaseExecutor.runScript(TestCaseExecutor.java:448)
	at com.kms.katalon.core.main.TestCaseExecutor.doExecute(TestCaseExecutor.java:439)
	at com.kms.katalon.core.main.TestCaseExecutor.processExecutionPhase(TestCaseExecutor.java:418)
	at com.kms.katalon.core.main.TestCaseExecutor.accessMainPhase(TestCaseExecutor.java:410)
	at com.kms.katalon.core.main.TestCaseExecutor.execute(TestCaseExecutor.java:285)
	at com.kms.katalon.core.common.CommonExecutor.accessTestCaseMainPhase(CommonExecutor.java:65)
	at com.kms.katalon.core.main.TestSuiteExecutor.accessTestSuiteMainPhase(TestSuiteExecutor.java:150)
	at com.kms.katalon.core.main.TestSuiteExecutor.execute(TestSuiteExecutor.java:106)
	at com.kms.katalon.core.main.TestCaseMain.startTestSuite(TestCaseMain.java:180)
	at TempTestSuite1729050801829.run(TempTestSuite1729050801829.groovy:35)
	at java.base/jdk.internal.reflect.NativeMethodAccessorImpl.invoke0(Native Method)
	at java.base/jdk.internal.reflect.NativeMethodAccessorImpl.invoke(NativeMethodAccessorImpl.java:77)
	at java.base/jdk.internal.reflect.DelegatingMethodAccessorImpl.invoke(DelegatingMethodAccessorImpl.java:43)
)

16-10-2024T07:03:38 - [TEST_STEP][PASSED] - result = WriteToExcel(typeOfData, todaysDate, PercPlanR, PercPlanB, PercFactR, PercFactB, x, tabR, tabB, o1R, o1B, vidget): null

16-10-2024T07:03:38 - [TEST_STEP][PASSED] - iii = dZO.indexOf("/"): null

16-10-2024T07:03:38 - [TEST_STEP][PASSED] - println(iii): null

16-10-2024T07:03:38 - [TEST_STEP][PASSED] - dZO = dZO.substring(0, iii): null

16-10-2024T07:03:38 - [TEST_STEP][PASSED] - println(dZO): null

16-10-2024T07:03:38 - [TEST_STEP][PASSED] - println(PercPlanR): null

16-10-2024T07:03:38 - [TEST_STEP][PASSED] - println(PercPlanB): null

16-10-2024T07:03:38 - [TEST_STEP][PASSED] - println(PercFactR): null

16-10-2024T07:03:38 - [TEST_STEP][PASSED] - println(PercFactB): null

16-10-2024T07:03:38 - [TEST_STEP][PASSED] - println(tabR): null

16-10-2024T07:03:38 - [TEST_STEP][PASSED] - println(tabB): null

16-10-2024T07:03:38 - [TEST_STEP][PASSED] - println(o1R): null

16-10-2024T07:03:38 - [TEST_STEP][PASSED] - println(o1B): null

16-10-2024T07:03:38 - [TEST_STEP][PASSED] - PR = <not implemented yet for class: org.codehaus.groovy.ast.expr.EmptyExpression>: null

16-10-2024T07:03:38 - [TEST_STEP][PASSED] - FR = <not implemented yet for class: org.codehaus.groovy.ast.expr.EmptyExpression>: null

16-10-2024T07:03:38 - [TEST_STEP][PASSED] - PB = <not implemented yet for class: org.codehaus.groovy.ast.expr.EmptyExpression>: null

16-10-2024T07:03:38 - [TEST_STEP][PASSED] - FB = <not implemented yet for class: org.codehaus.groovy.ast.expr.EmptyExpression>: null

16-10-2024T07:03:38 - [TEST_STEP][PASSED] - TR = <not implemented yet for class: org.codehaus.groovy.ast.expr.EmptyExpression>: null

16-10-2024T07:03:38 - [TEST_STEP][PASSED] - TB = <not implemented yet for class: org.codehaus.groovy.ast.expr.EmptyExpression>: null

16-10-2024T07:03:38 - [TEST_STEP][PASSED] - sheetName = "Sheet1": null

16-10-2024T07:03:38 - [TEST_STEP][PASSED] - data = findTestData("PlanFact"): null

16-10-2024T07:03:38 - [TEST_STEP][PASSED] - n = data.getRowNumbers() + 1: null

16-10-2024T07:03:38 - [TEST_STEP][PASSED] - year = todaysDate.substring(todaysDate.length() - 4, todaysDate.length()): null

16-10-2024T07:03:38 - [TEST_STEP][PASSED] - y = year.toInteger(): null

16-10-2024T07:03:38 - [TEST_STEP][PASSED] - m = getText(findTestObject("Выполнение бизнес-плана/Выполнение бизнес-плана Балансы/Фильтр Дата")): Text of object 'Object Repository/Выполнение бизнес-плана/Выполнение бизнес-плана Балансы/Фильтр Дата' is: '1, 2 кв., Июль, Август 2024 года'

16-10-2024T07:03:38 - [MESSAGE][PASSED] - Text of object 'Object Repository/Выполнение бизнес-плана/Выполнение бизнес-плана Балансы/Фильтр Дата' is: '1, 2 кв., Июль, Август 2024 года'

16-10-2024T07:03:38 - [TEST_STEP][PASSED] - m = m.substring(0, m.indexOf("2024")): null

16-10-2024T07:03:38 - [TEST_STEP][PASSED] - m = m.trim(): null

16-10-2024T07:03:38 - [TEST_STEP][PASSED] - dashboardName = "Выполнение бизнес-плана": null

16-10-2024T07:03:38 - [TEST_STEP][PASSED] - workbook01 = getWorkbook(excelFilePath): null

16-10-2024T07:03:38 - [TEST_STEP][PASSED] - sheet01 = getExcelSheet(workbook01, sheetName): null

16-10-2024T07:03:38 - [TEST_STEP][PASSED] - setValueToCellByIndex(sheet01, n, 0, dashboardName): null

16-10-2024T07:03:38 - [TEST_STEP][PASSED] - setValueToCellByIndex(sheet01, n, 1, dZO): null

16-10-2024T07:03:38 - [TEST_STEP][PASSED] - setValueToCellByIndex(sheet01, n, 2, typeOfData): null

16-10-2024T07:03:38 - [TEST_STEP][PASSED] - setValueToCellByIndex(sheet01, n, 3, typeOfData): null

16-10-2024T07:03:38 - [TEST_STEP][PASSED] - if (typeOfData == "План"): null

16-10-2024T07:03:38 - [TEST_STEP][PASSED] - if (PercPlanR == null): null

16-10-2024T07:03:38 - [TEST_STEP][PASSED] - else: null

16-10-2024T07:03:38 - [TEST_STEP][PASSED] - if (PercPlanR == "нет данных"): null

16-10-2024T07:03:38 - [TEST_STEP][PASSED] - setValueToCellByIndex(sheet01, n, 4, "нет данных"): null

16-10-2024T07:03:38 - [TEST_STEP][PASSED] - if (PercPlanB == null): null

16-10-2024T07:03:38 - [TEST_STEP][PASSED] - else: null

16-10-2024T07:03:38 - [TEST_STEP][PASSED] - if (PercPlanB == "нет данных"): null

16-10-2024T07:03:38 - [TEST_STEP][PASSED] - else: null

16-10-2024T07:03:38 - [TEST_STEP][PASSED] - PB = PercPlanB.toDouble(): null

16-10-2024T07:03:38 - [TEST_STEP][PASSED] - setValueToCellByIndex(sheet01, n, 5, PB): null

16-10-2024T07:03:38 - [TEST_STEP][PASSED] - setValueToCellByIndex(sheet01, n, 6, m): null

16-10-2024T07:03:38 - [TEST_STEP][PASSED] - setValueToCellByIndex(sheet01, n, 7, y): null

16-10-2024T07:03:38 - [TEST_STEP][PASSED] - setValueToCellByIndex(sheet01, n, 8, todaysDate): null

16-10-2024T07:03:38 - [TEST_STEP][PASSED] - n = n + 1: null

16-10-2024T07:03:38 - [TEST_STEP][PASSED] - saveWorkbook(excelFilePath, workbook01): null

16-10-2024T07:03:38 - [TEST_STEP][PASSED] - typeOfData = "Факт": null

16-10-2024T07:03:38 - [TEST_STEP][PASSED] - PercFactR = GetPercFactR(x = a): null

16-10-2024T07:03:38 - [TEST_STEP][PASSED] - i1 = <not implemented yet for class: org.codehaus.groovy.ast.expr.EmptyExpression>: null

16-10-2024T07:03:38 - [TEST_STEP][PASSED] - ii = <not implemented yet for class: org.codehaus.groovy.ast.expr.EmptyExpression>: null

16-10-2024T07:03:38 - [TEST_STEP][PASSED] - for ([ii = 1, ii < 3, (ii++)]): null

16-10-2024T07:03:38 - [TEST_STEP][PASSED] - i1 = x.indexOf("/") + 1: null

16-10-2024T07:03:38 - [TEST_STEP][PASSED] - if (i1 > -1): null

16-10-2024T07:03:38 - [TEST_STEP][PASSED] - x = x.substring(i1, x.length()): null

16-10-2024T07:03:38 - [TEST_STEP][PASSED] - println(x): null

16-10-2024T07:03:38 - [TEST_STEP][PASSED] - i1 = x.indexOf("/") + 1: null

16-10-2024T07:03:38 - [TEST_STEP][PASSED] - if (i1 > -1): null

16-10-2024T07:03:38 - [TEST_STEP][PASSED] - x = x.substring(i1, x.length()): null

16-10-2024T07:03:38 - [TEST_STEP][PASSED] - println(x): null

16-10-2024T07:03:38 - [TEST_STEP][PASSED] - i1 = x.indexOf("/"): null

16-10-2024T07:03:38 - [TEST_STEP][PASSED] - if (i1 > -1): null

16-10-2024T07:03:38 - [TEST_STEP][PASSED] - x = x.substring(0, i1): null

16-10-2024T07:03:38 - [TEST_STEP][PASSED] - println(x): null

16-10-2024T07:03:38 - [TEST_STEP][PASSED] - return x: null

16-10-2024T07:03:38 - [TEST_STEP][PASSED] - PercFactB = GetPercFactB(x = b): null

16-10-2024T07:03:38 - [TEST_STEP][PASSED] - i1 = <not implemented yet for class: org.codehaus.groovy.ast.expr.EmptyExpression>: null

16-10-2024T07:03:38 - [TEST_STEP][PASSED] - ii = <not implemented yet for class: org.codehaus.groovy.ast.expr.EmptyExpression>: null

16-10-2024T07:03:38 - [TEST_STEP][PASSED] - for ([ii = 1, ii < 3, (ii++)]): null

16-10-2024T07:03:38 - [TEST_STEP][PASSED] - i1 = x.indexOf("/") + 1: null

16-10-2024T07:03:38 - [TEST_STEP][PASSED] - if (i1 > -1): null

16-10-2024T07:03:38 - [TEST_STEP][PASSED] - x = x.substring(i1, x.length()): null

16-10-2024T07:03:38 - [TEST_STEP][PASSED] - println(x): null

16-10-2024T07:03:38 - [TEST_STEP][PASSED] - i1 = x.indexOf("/") + 1: null

16-10-2024T07:03:38 - [TEST_STEP][PASSED] - if (i1 > -1): null

16-10-2024T07:03:38 - [TEST_STEP][PASSED] - x = x.substring(i1, x.length()): null

16-10-2024T07:03:38 - [TEST_STEP][PASSED] - println(x): null

16-10-2024T07:03:38 - [TEST_STEP][PASSED] - i1 = x.indexOf("/"): null

16-10-2024T07:03:38 - [TEST_STEP][PASSED] - if (i1 > -1): null

16-10-2024T07:03:38 - [TEST_STEP][PASSED] - x = x.substring(0, i1): null

16-10-2024T07:03:38 - [TEST_STEP][PASSED] - println(x): null

16-10-2024T07:03:38 - [TEST_STEP][FAILED] - return x: null

16-10-2024T07:03:38 - [TEST_STEP][FAILED] - if (verifyEqual(PercFactR, PercFactB) == false): null

16-10-2024T07:03:38 - [MESSAGE][FAILED] - Unable to verify equal between actual object 'нет данных' and expected object '5.54' (Root cause: com.kms.katalon.core.exception.StepFailedException: Actual object 'нет данных' and expected object '5.54' are not equal
	at com.kms.katalon.core.keyword.builtin.VerifyEqualKeyword$_verifyEqual_closure1.doCall(VerifyEqualKeyword.groovy:58)
	at com.kms.katalon.core.keyword.builtin.VerifyEqualKeyword$_verifyEqual_closure1.call(VerifyEqualKeyword.groovy)
	at com.kms.katalon.core.keyword.internal.KeywordMain.runKeyword(KeywordMain.groovy:75)
	at com.kms.katalon.core.keyword.builtin.VerifyEqualKeyword.verifyEqual(VerifyEqualKeyword.groovy:63)
	at com.kms.katalon.core.keyword.builtin.VerifyEqualKeyword.execute(VerifyEqualKeyword.groovy:44)
	at com.kms.katalon.core.keyword.internal.KeywordExecutor.executeKeywordForPlatform(KeywordExecutor.groovy:74)
	at com.kms.katalon.core.keyword.BuiltinKeywords.verifyEqual(BuiltinKeywords.groovy:146)
	at jdk.internal.reflect.GeneratedMethodAccessor25.invoke(Unknown Source)
	at java.base/jdk.internal.reflect.DelegatingMethodAccessorImpl.invoke(DelegatingMethodAccessorImpl.java:43)
	at Выполнение бизнес-плана сверка дашбордов.CompareDZOData(Выполнение бизнес-плана сверка дашбордов:693)
	at Выполнение бизнес-плана сверка дашбордов.run(Выполнение бизнес-плана сверка дашбордов:643)
	at com.kms.katalon.core.main.ScriptEngine.run(ScriptEngine.java:194)
	at com.kms.katalon.core.main.ScriptEngine.runScriptAsRawText(ScriptEngine.java:119)
	at com.kms.katalon.core.main.TestCaseExecutor.runScript(TestCaseExecutor.java:448)
	at com.kms.katalon.core.main.TestCaseExecutor.doExecute(TestCaseExecutor.java:439)
	at com.kms.katalon.core.main.TestCaseExecutor.processExecutionPhase(TestCaseExecutor.java:418)
	at com.kms.katalon.core.main.TestCaseExecutor.accessMainPhase(TestCaseExecutor.java:410)
	at com.kms.katalon.core.main.TestCaseExecutor.execute(TestCaseExecutor.java:285)
	at com.kms.katalon.core.common.CommonExecutor.accessTestCaseMainPhase(CommonExecutor.java:65)
	at com.kms.katalon.core.main.TestSuiteExecutor.accessTestSuiteMainPhase(TestSuiteExecutor.java:150)
	at com.kms.katalon.core.main.TestSuiteExecutor.execute(TestSuiteExecutor.java:106)
	at com.kms.katalon.core.main.TestCaseMain.startTestSuite(TestCaseMain.java:180)
	at TempTestSuite1729050801829.run(TempTestSuite1729050801829.groovy:35)
	at java.base/jdk.internal.reflect.NativeMethodAccessorImpl.invoke0(Native Method)
	at java.base/jdk.internal.reflect.NativeMethodAccessorImpl.invoke(NativeMethodAccessorImpl.java:77)
	at java.base/jdk.internal.reflect.DelegatingMethodAccessorImpl.invoke(DelegatingMethodAccessorImpl.java:43)
)

16-10-2024T07:03:38 - [TEST_STEP][PASSED] - result = WriteToExcel(typeOfData, todaysDate, PercPlanR, PercPlanB, PercFactR, PercFactB, x, tabR, tabB, o1R, o1B, vidget): null

16-10-2024T07:03:38 - [TEST_STEP][PASSED] - iii = dZO.indexOf("/"): null

16-10-2024T07:03:38 - [TEST_STEP][PASSED] - println(iii): null

16-10-2024T07:03:38 - [TEST_STEP][PASSED] - dZO = dZO.substring(0, iii): null

16-10-2024T07:03:38 - [TEST_STEP][PASSED] - println(dZO): null

16-10-2024T07:03:38 - [TEST_STEP][PASSED] - println(PercPlanR): null

16-10-2024T07:03:38 - [TEST_STEP][PASSED] - println(PercPlanB): null

16-10-2024T07:03:38 - [TEST_STEP][PASSED] - println(PercFactR): null

16-10-2024T07:03:38 - [TEST_STEP][PASSED] - println(PercFactB): null

16-10-2024T07:03:38 - [TEST_STEP][PASSED] - println(tabR): null

16-10-2024T07:03:38 - [TEST_STEP][PASSED] - println(tabB): null

16-10-2024T07:03:38 - [TEST_STEP][PASSED] - println(o1R): null

16-10-2024T07:03:38 - [TEST_STEP][PASSED] - println(o1B): null

16-10-2024T07:03:38 - [TEST_STEP][PASSED] - PR = <not implemented yet for class: org.codehaus.groovy.ast.expr.EmptyExpression>: null

16-10-2024T07:03:38 - [TEST_STEP][PASSED] - FR = <not implemented yet for class: org.codehaus.groovy.ast.expr.EmptyExpression>: null

16-10-2024T07:03:38 - [TEST_STEP][PASSED] - PB = <not implemented yet for class: org.codehaus.groovy.ast.expr.EmptyExpression>: null

16-10-2024T07:03:38 - [TEST_STEP][PASSED] - FB = <not implemented yet for class: org.codehaus.groovy.ast.expr.EmptyExpression>: null

16-10-2024T07:03:38 - [TEST_STEP][PASSED] - TR = <not implemented yet for class: org.codehaus.groovy.ast.expr.EmptyExpression>: null

16-10-2024T07:03:38 - [TEST_STEP][PASSED] - TB = <not implemented yet for class: org.codehaus.groovy.ast.expr.EmptyExpression>: null

16-10-2024T07:03:38 - [TEST_STEP][PASSED] - sheetName = "Sheet1": null

16-10-2024T07:03:38 - [TEST_STEP][PASSED] - data = findTestData("PlanFact"): null

16-10-2024T07:03:39 - [TEST_STEP][PASSED] - n = data.getRowNumbers() + 1: null

16-10-2024T07:03:39 - [TEST_STEP][PASSED] - year = todaysDate.substring(todaysDate.length() - 4, todaysDate.length()): null

16-10-2024T07:03:39 - [TEST_STEP][PASSED] - y = year.toInteger(): null

16-10-2024T07:03:39 - [TEST_STEP][PASSED] - m = getText(findTestObject("Выполнение бизнес-плана/Выполнение бизнес-плана Балансы/Фильтр Дата")): Text of object 'Object Repository/Выполнение бизнес-плана/Выполнение бизнес-плана Балансы/Фильтр Дата' is: '1, 2 кв., Июль, Август 2024 года'

16-10-2024T07:03:39 - [MESSAGE][PASSED] - Text of object 'Object Repository/Выполнение бизнес-плана/Выполнение бизнес-плана Балансы/Фильтр Дата' is: '1, 2 кв., Июль, Август 2024 года'

16-10-2024T07:03:39 - [TEST_STEP][PASSED] - m = m.substring(0, m.indexOf("2024")): null

16-10-2024T07:03:39 - [TEST_STEP][PASSED] - m = m.trim(): null

16-10-2024T07:03:39 - [TEST_STEP][PASSED] - dashboardName = "Выполнение бизнес-плана": null

16-10-2024T07:03:39 - [TEST_STEP][PASSED] - workbook01 = getWorkbook(excelFilePath): null

16-10-2024T07:03:39 - [TEST_STEP][PASSED] - sheet01 = getExcelSheet(workbook01, sheetName): null

16-10-2024T07:03:39 - [TEST_STEP][PASSED] - setValueToCellByIndex(sheet01, n, 0, dashboardName): null

16-10-2024T07:03:39 - [TEST_STEP][PASSED] - setValueToCellByIndex(sheet01, n, 1, dZO): null

16-10-2024T07:03:39 - [TEST_STEP][PASSED] - setValueToCellByIndex(sheet01, n, 2, typeOfData): null

16-10-2024T07:03:39 - [TEST_STEP][PASSED] - setValueToCellByIndex(sheet01, n, 3, typeOfData): null

16-10-2024T07:03:39 - [TEST_STEP][PASSED] - if (typeOfData == "План"): null

16-10-2024T07:03:39 - [TEST_STEP][PASSED] - else if (typeOfData == "Факт"): null

16-10-2024T07:03:39 - [TEST_STEP][PASSED] - if (PercFactR == null): null

16-10-2024T07:03:39 - [TEST_STEP][PASSED] - else: null

16-10-2024T07:03:39 - [TEST_STEP][PASSED] - if (PercFactR == "нет данных"): null

16-10-2024T07:03:39 - [TEST_STEP][PASSED] - setValueToCellByIndex(sheet01, n, 4, "нет данных"): null

16-10-2024T07:03:39 - [TEST_STEP][PASSED] - if (PercFactB == null): null

16-10-2024T07:03:39 - [TEST_STEP][PASSED] - else: null

16-10-2024T07:03:39 - [TEST_STEP][PASSED] - if (PercFactB == "нет данных"): null

16-10-2024T07:03:39 - [TEST_STEP][PASSED] - else: null

16-10-2024T07:03:39 - [TEST_STEP][PASSED] - FB = PercFactB.toDouble(): null

16-10-2024T07:03:39 - [TEST_STEP][PASSED] - setValueToCellByIndex(sheet01, n, 5, FB): null

16-10-2024T07:03:39 - [TEST_STEP][PASSED] - setValueToCellByIndex(sheet01, n, 6, m): null

16-10-2024T07:03:39 - [TEST_STEP][PASSED] - setValueToCellByIndex(sheet01, n, 7, y): null

16-10-2024T07:03:39 - [TEST_STEP][PASSED] - setValueToCellByIndex(sheet01, n, 8, todaysDate): null

16-10-2024T07:03:39 - [TEST_STEP][PASSED] - n = n + 1: null

16-10-2024T07:03:39 - [TEST_STEP][PASSED] - saveWorkbook(excelFilePath, workbook01): null

16-10-2024T07:03:39 - [TEST_STEP][PASSED] - vidget = "Показатели баланса электроэнергии по ДЗО – Факт": null

16-10-2024T07:03:39 - [TEST_STEP][PASSED] - typeOfData = "Факт Отпуск в сеть": null

16-10-2024T07:03:39 - [TEST_STEP][PASSED] - tabR = GetOvSFactR(x = a): null

16-10-2024T07:03:39 - [TEST_STEP][PASSED] - i1 = <not implemented yet for class: org.codehaus.groovy.ast.expr.EmptyExpression>: null

16-10-2024T07:03:39 - [TEST_STEP][PASSED] - ii = <not implemented yet for class: org.codehaus.groovy.ast.expr.EmptyExpression>: null

16-10-2024T07:03:39 - [TEST_STEP][PASSED] - for ([ii = 1, ii < 4, (ii++)]): null

16-10-2024T07:03:39 - [TEST_STEP][PASSED] - i1 = x.indexOf("/") + 1: null

16-10-2024T07:03:39 - [TEST_STEP][PASSED] - if (i1 > -1): null

16-10-2024T07:03:39 - [TEST_STEP][PASSED] - x = x.substring(i1, x.length()): null

16-10-2024T07:03:39 - [TEST_STEP][PASSED] - println(x): null

16-10-2024T07:03:39 - [TEST_STEP][PASSED] - i1 = x.indexOf("/") + 1: null

16-10-2024T07:03:39 - [TEST_STEP][PASSED] - if (i1 > -1): null

16-10-2024T07:03:39 - [TEST_STEP][PASSED] - x = x.substring(i1, x.length()): null

16-10-2024T07:03:39 - [TEST_STEP][PASSED] - println(x): null

16-10-2024T07:03:39 - [TEST_STEP][PASSED] - i1 = x.indexOf("/") + 1: null

16-10-2024T07:03:39 - [TEST_STEP][PASSED] - if (i1 > -1): null

16-10-2024T07:03:39 - [TEST_STEP][PASSED] - x = x.substring(i1, x.length()): null

16-10-2024T07:03:39 - [TEST_STEP][PASSED] - println(x): null

16-10-2024T07:03:39 - [TEST_STEP][PASSED] - i1 = x.indexOf("/"): null

16-10-2024T07:03:39 - [TEST_STEP][PASSED] - if (i1 > -1): null

16-10-2024T07:03:39 - [TEST_STEP][PASSED] - x = x.substring(0, i1): null

16-10-2024T07:03:39 - [TEST_STEP][PASSED] - println(x): null

16-10-2024T07:03:39 - [TEST_STEP][PASSED] - return x: null

16-10-2024T07:03:39 - [TEST_STEP][PASSED] - tabB = GetOvSFactB(x = b): null

16-10-2024T07:03:39 - [TEST_STEP][PASSED] - i1 = <not implemented yet for class: org.codehaus.groovy.ast.expr.EmptyExpression>: null

16-10-2024T07:03:39 - [TEST_STEP][PASSED] - ii = <not implemented yet for class: org.codehaus.groovy.ast.expr.EmptyExpression>: null

16-10-2024T07:03:39 - [TEST_STEP][PASSED] - for ([ii = 1, ii < 4, (ii++)]): null

16-10-2024T07:03:39 - [TEST_STEP][PASSED] - i1 = x.indexOf("/") + 1: null

16-10-2024T07:03:39 - [TEST_STEP][PASSED] - if (i1 > -1): null

16-10-2024T07:03:39 - [TEST_STEP][PASSED] - x = x.substring(i1, x.length()): null

16-10-2024T07:03:39 - [TEST_STEP][PASSED] - println(x): null

16-10-2024T07:03:39 - [TEST_STEP][PASSED] - i1 = x.indexOf("/") + 1: null

16-10-2024T07:03:39 - [TEST_STEP][PASSED] - if (i1 > -1): null

16-10-2024T07:03:39 - [TEST_STEP][PASSED] - x = x.substring(i1, x.length()): null

16-10-2024T07:03:39 - [TEST_STEP][PASSED] - println(x): null

16-10-2024T07:03:39 - [TEST_STEP][PASSED] - i1 = x.indexOf("/") + 1: null

16-10-2024T07:03:39 - [TEST_STEP][PASSED] - if (i1 > -1): null

16-10-2024T07:03:39 - [TEST_STEP][PASSED] - x = x.substring(i1, x.length()): null

16-10-2024T07:03:39 - [TEST_STEP][PASSED] - println(x): null

16-10-2024T07:03:39 - [TEST_STEP][PASSED] - i1 = x.indexOf("/"): null

16-10-2024T07:03:39 - [TEST_STEP][PASSED] - if (i1 > -1): null

16-10-2024T07:03:39 - [TEST_STEP][PASSED] - x = x.substring(0, i1): null

16-10-2024T07:03:39 - [TEST_STEP][PASSED] - println(x): null

16-10-2024T07:03:39 - [TEST_STEP][FAILED] - return x: null

16-10-2024T07:03:39 - [TEST_STEP][FAILED] - if (verifyEqual(tabR, tabB) == false): null

16-10-2024T07:03:39 - [MESSAGE][FAILED] - Unable to verify equal between actual object 'нет данных' and expected object '48495962' (Root cause: com.kms.katalon.core.exception.StepFailedException: Actual object 'нет данных' and expected object '48495962' are not equal
	at com.kms.katalon.core.keyword.builtin.VerifyEqualKeyword$_verifyEqual_closure1.doCall(VerifyEqualKeyword.groovy:58)
	at com.kms.katalon.core.keyword.builtin.VerifyEqualKeyword$_verifyEqual_closure1.call(VerifyEqualKeyword.groovy)
	at com.kms.katalon.core.keyword.internal.KeywordMain.runKeyword(KeywordMain.groovy:75)
	at com.kms.katalon.core.keyword.builtin.VerifyEqualKeyword.verifyEqual(VerifyEqualKeyword.groovy:63)
	at com.kms.katalon.core.keyword.builtin.VerifyEqualKeyword.execute(VerifyEqualKeyword.groovy:44)
	at com.kms.katalon.core.keyword.internal.KeywordExecutor.executeKeywordForPlatform(KeywordExecutor.groovy:74)
	at com.kms.katalon.core.keyword.BuiltinKeywords.verifyEqual(BuiltinKeywords.groovy:146)
	at jdk.internal.reflect.GeneratedMethodAccessor25.invoke(Unknown Source)
	at java.base/jdk.internal.reflect.DelegatingMethodAccessorImpl.invoke(DelegatingMethodAccessorImpl.java:43)
	at Выполнение бизнес-плана сверка дашбордов.CompareDZOData(Выполнение бизнес-плана сверка дашбордов:706)
	at Выполнение бизнес-плана сверка дашбордов.run(Выполнение бизнес-плана сверка дашбордов:643)
	at com.kms.katalon.core.main.ScriptEngine.run(ScriptEngine.java:194)
	at com.kms.katalon.core.main.ScriptEngine.runScriptAsRawText(ScriptEngine.java:119)
	at com.kms.katalon.core.main.TestCaseExecutor.runScript(TestCaseExecutor.java:448)
	at com.kms.katalon.core.main.TestCaseExecutor.doExecute(TestCaseExecutor.java:439)
	at com.kms.katalon.core.main.TestCaseExecutor.processExecutionPhase(TestCaseExecutor.java:418)
	at com.kms.katalon.core.main.TestCaseExecutor.accessMainPhase(TestCaseExecutor.java:410)
	at com.kms.katalon.core.main.TestCaseExecutor.execute(TestCaseExecutor.java:285)
	at com.kms.katalon.core.common.CommonExecutor.accessTestCaseMainPhase(CommonExecutor.java:65)
	at com.kms.katalon.core.main.TestSuiteExecutor.accessTestSuiteMainPhase(TestSuiteExecutor.java:150)
	at com.kms.katalon.core.main.TestSuiteExecutor.execute(TestSuiteExecutor.java:106)
	at com.kms.katalon.core.main.TestCaseMain.startTestSuite(TestCaseMain.java:180)
	at TempTestSuite1729050801829.run(TempTestSuite1729050801829.groovy:35)
	at java.base/jdk.internal.reflect.NativeMethodAccessorImpl.invoke0(Native Method)
	at java.base/jdk.internal.reflect.NativeMethodAccessorImpl.invoke(NativeMethodAccessorImpl.java:77)
	at java.base/jdk.internal.reflect.DelegatingMethodAccessorImpl.invoke(DelegatingMethodAccessorImpl.java:43)
)

16-10-2024T07:03:39 - [TEST_STEP][PASSED] - result = WriteToExcel(typeOfData, todaysDate, PercPlanR, PercPlanB, PercFactR, PercFactB, x, tabR, tabB, o1R, o1B, vidget): null

16-10-2024T07:03:39 - [TEST_STEP][PASSED] - iii = dZO.indexOf("/"): null

16-10-2024T07:03:39 - [TEST_STEP][PASSED] - println(iii): null

16-10-2024T07:03:39 - [TEST_STEP][PASSED] - dZO = dZO.substring(0, iii): null

16-10-2024T07:03:39 - [TEST_STEP][PASSED] - println(dZO): null

16-10-2024T07:03:39 - [TEST_STEP][PASSED] - println(PercPlanR): null

16-10-2024T07:03:39 - [TEST_STEP][PASSED] - println(PercPlanB): null

16-10-2024T07:03:39 - [TEST_STEP][PASSED] - println(PercFactR): null

16-10-2024T07:03:39 - [TEST_STEP][PASSED] - println(PercFactB): null

16-10-2024T07:03:39 - [TEST_STEP][PASSED] - println(tabR): null

16-10-2024T07:03:39 - [TEST_STEP][PASSED] - println(tabB): null

16-10-2024T07:03:39 - [TEST_STEP][PASSED] - println(o1R): null

16-10-2024T07:03:39 - [TEST_STEP][PASSED] - println(o1B): null

16-10-2024T07:03:39 - [TEST_STEP][PASSED] - PR = <not implemented yet for class: org.codehaus.groovy.ast.expr.EmptyExpression>: null

16-10-2024T07:03:39 - [TEST_STEP][PASSED] - FR = <not implemented yet for class: org.codehaus.groovy.ast.expr.EmptyExpression>: null

16-10-2024T07:03:39 - [TEST_STEP][PASSED] - PB = <not implemented yet for class: org.codehaus.groovy.ast.expr.EmptyExpression>: null

16-10-2024T07:03:39 - [TEST_STEP][PASSED] - FB = <not implemented yet for class: org.codehaus.groovy.ast.expr.EmptyExpression>: null

16-10-2024T07:03:39 - [TEST_STEP][PASSED] - TR = <not implemented yet for class: org.codehaus.groovy.ast.expr.EmptyExpression>: null

16-10-2024T07:03:39 - [TEST_STEP][PASSED] - TB = <not implemented yet for class: org.codehaus.groovy.ast.expr.EmptyExpression>: null

16-10-2024T07:03:39 - [TEST_STEP][PASSED] - sheetName = "Sheet1": null

16-10-2024T07:03:39 - [TEST_STEP][PASSED] - data = findTestData("PlanFact"): null

16-10-2024T07:03:39 - [TEST_STEP][PASSED] - n = data.getRowNumbers() + 1: null

16-10-2024T07:03:39 - [TEST_STEP][PASSED] - year = todaysDate.substring(todaysDate.length() - 4, todaysDate.length()): null

16-10-2024T07:03:39 - [TEST_STEP][PASSED] - y = year.toInteger(): null

16-10-2024T07:03:39 - [TEST_STEP][PASSED] - m = getText(findTestObject("Выполнение бизнес-плана/Выполнение бизнес-плана Балансы/Фильтр Дата")): Text of object 'Object Repository/Выполнение бизнес-плана/Выполнение бизнес-плана Балансы/Фильтр Дата' is: '1, 2 кв., Июль, Август 2024 года'

16-10-2024T07:03:39 - [MESSAGE][PASSED] - Text of object 'Object Repository/Выполнение бизнес-плана/Выполнение бизнес-плана Балансы/Фильтр Дата' is: '1, 2 кв., Июль, Август 2024 года'

16-10-2024T07:03:39 - [TEST_STEP][PASSED] - m = m.substring(0, m.indexOf("2024")): null

16-10-2024T07:03:39 - [TEST_STEP][PASSED] - m = m.trim(): null

16-10-2024T07:03:39 - [TEST_STEP][PASSED] - dashboardName = "Выполнение бизнес-плана": null

16-10-2024T07:03:39 - [TEST_STEP][PASSED] - workbook01 = getWorkbook(excelFilePath): null

16-10-2024T07:03:40 - [TEST_STEP][PASSED] - sheet01 = getExcelSheet(workbook01, sheetName): null

16-10-2024T07:03:40 - [TEST_STEP][PASSED] - setValueToCellByIndex(sheet01, n, 0, dashboardName): null

16-10-2024T07:03:40 - [TEST_STEP][PASSED] - setValueToCellByIndex(sheet01, n, 1, dZO): null

16-10-2024T07:03:40 - [TEST_STEP][PASSED] - setValueToCellByIndex(sheet01, n, 2, typeOfData): null

16-10-2024T07:03:40 - [TEST_STEP][PASSED] - setValueToCellByIndex(sheet01, n, 3, typeOfData): null

16-10-2024T07:03:40 - [TEST_STEP][PASSED] - if (typeOfData == "План"): null

16-10-2024T07:03:40 - [TEST_STEP][PASSED] - else if (typeOfData == "Факт"): null

16-10-2024T07:03:40 - [TEST_STEP][PASSED] - else if (vidget.contains("электроэнергии") == true): null

16-10-2024T07:03:40 - [TEST_STEP][PASSED] - if (tabR == null): null

16-10-2024T07:03:40 - [TEST_STEP][PASSED] - else: null

16-10-2024T07:03:40 - [TEST_STEP][PASSED] - if (tabR == "нет данных"): null

16-10-2024T07:03:40 - [TEST_STEP][PASSED] - setValueToCellByIndex(sheet01, n, 4, "нет данных"): null

16-10-2024T07:03:40 - [TEST_STEP][PASSED] - if (tabB == null): null

16-10-2024T07:03:40 - [TEST_STEP][PASSED] - else: null

16-10-2024T07:03:40 - [TEST_STEP][PASSED] - if (tabB == "нет данных"): null

16-10-2024T07:03:40 - [TEST_STEP][PASSED] - else: null

16-10-2024T07:03:40 - [TEST_STEP][PASSED] - TB = tabB.toInteger(): null

16-10-2024T07:03:40 - [TEST_STEP][PASSED] - setValueToCellByIndex(sheet01, n, 5, TB): null

16-10-2024T07:03:40 - [TEST_STEP][PASSED] - setValueToCellByIndex(sheet01, n, 6, m): null

16-10-2024T07:03:40 - [TEST_STEP][PASSED] - setValueToCellByIndex(sheet01, n, 7, y): null

16-10-2024T07:03:40 - [TEST_STEP][PASSED] - setValueToCellByIndex(sheet01, n, 8, todaysDate): null

16-10-2024T07:03:40 - [TEST_STEP][PASSED] - n = n + 1: null

16-10-2024T07:03:40 - [TEST_STEP][PASSED] - saveWorkbook(excelFilePath, workbook01): null

16-10-2024T07:03:40 - [TEST_STEP][PASSED] - typeOfData = "Факт Отпуск из сети": null

16-10-2024T07:03:40 - [TEST_STEP][PASSED] - tabR = GetOiSFactR(x = a): null

16-10-2024T07:03:40 - [TEST_STEP][PASSED] - i1 = <not implemented yet for class: org.codehaus.groovy.ast.expr.EmptyExpression>: null

16-10-2024T07:03:40 - [TEST_STEP][PASSED] - ii = <not implemented yet for class: org.codehaus.groovy.ast.expr.EmptyExpression>: null

16-10-2024T07:03:40 - [TEST_STEP][PASSED] - for ([ii = 1, ii < 5, (ii++)]): null

16-10-2024T07:03:40 - [TEST_STEP][PASSED] - i1 = x.indexOf("/") + 1: null

16-10-2024T07:03:40 - [TEST_STEP][PASSED] - if (i1 > -1): null

16-10-2024T07:03:40 - [TEST_STEP][PASSED] - x = x.substring(i1, x.length()): null

16-10-2024T07:03:40 - [TEST_STEP][PASSED] - println(x): null

16-10-2024T07:03:40 - [TEST_STEP][PASSED] - i1 = x.indexOf("/") + 1: null

16-10-2024T07:03:40 - [TEST_STEP][PASSED] - if (i1 > -1): null

16-10-2024T07:03:40 - [TEST_STEP][PASSED] - x = x.substring(i1, x.length()): null

16-10-2024T07:03:40 - [TEST_STEP][PASSED] - println(x): null

16-10-2024T07:03:40 - [TEST_STEP][PASSED] - i1 = x.indexOf("/") + 1: null

16-10-2024T07:03:40 - [TEST_STEP][PASSED] - if (i1 > -1): null

16-10-2024T07:03:40 - [TEST_STEP][PASSED] - x = x.substring(i1, x.length()): null

16-10-2024T07:03:40 - [TEST_STEP][PASSED] - println(x): null

16-10-2024T07:03:40 - [TEST_STEP][PASSED] - i1 = x.indexOf("/") + 1: null

16-10-2024T07:03:40 - [TEST_STEP][PASSED] - if (i1 > -1): null

16-10-2024T07:03:40 - [TEST_STEP][PASSED] - x = x.substring(i1, x.length()): null

16-10-2024T07:03:40 - [TEST_STEP][PASSED] - println(x): null

16-10-2024T07:03:40 - [TEST_STEP][PASSED] - i1 = x.indexOf("/"): null

16-10-2024T07:03:40 - [TEST_STEP][PASSED] - if (i1 > -1): null

16-10-2024T07:03:40 - [TEST_STEP][PASSED] - x = x.substring(0, i1): null

16-10-2024T07:03:40 - [TEST_STEP][PASSED] - println(x): null

16-10-2024T07:03:40 - [TEST_STEP][PASSED] - return x: null

16-10-2024T07:03:40 - [TEST_STEP][PASSED] - tabB = GetOiSFactB(x = b): null

16-10-2024T07:03:40 - [TEST_STEP][PASSED] - i1 = <not implemented yet for class: org.codehaus.groovy.ast.expr.EmptyExpression>: null

16-10-2024T07:03:40 - [TEST_STEP][PASSED] - ii = <not implemented yet for class: org.codehaus.groovy.ast.expr.EmptyExpression>: null

16-10-2024T07:03:40 - [TEST_STEP][PASSED] - for ([ii = 1, ii < 5, (ii++)]): null

16-10-2024T07:03:40 - [TEST_STEP][PASSED] - i1 = x.indexOf("/") + 1: null

16-10-2024T07:03:40 - [TEST_STEP][PASSED] - if (i1 > -1): null

16-10-2024T07:03:40 - [TEST_STEP][PASSED] - x = x.substring(i1, x.length()): null

16-10-2024T07:03:40 - [TEST_STEP][PASSED] - println(x): null

16-10-2024T07:03:40 - [TEST_STEP][PASSED] - i1 = x.indexOf("/") + 1: null

16-10-2024T07:03:40 - [TEST_STEP][PASSED] - if (i1 > -1): null

16-10-2024T07:03:40 - [TEST_STEP][PASSED] - x = x.substring(i1, x.length()): null

16-10-2024T07:03:40 - [TEST_STEP][PASSED] - println(x): null

16-10-2024T07:03:40 - [TEST_STEP][PASSED] - i1 = x.indexOf("/") + 1: null

16-10-2024T07:03:40 - [TEST_STEP][PASSED] - if (i1 > -1): null

16-10-2024T07:03:40 - [TEST_STEP][PASSED] - x = x.substring(i1, x.length()): null

16-10-2024T07:03:40 - [TEST_STEP][PASSED] - println(x): null

16-10-2024T07:03:40 - [TEST_STEP][PASSED] - i1 = x.indexOf("/") + 1: null

16-10-2024T07:03:40 - [TEST_STEP][PASSED] - if (i1 > -1): null

16-10-2024T07:03:40 - [TEST_STEP][PASSED] - x = x.substring(i1, x.length()): null

16-10-2024T07:03:40 - [TEST_STEP][PASSED] - println(x): null

16-10-2024T07:03:40 - [TEST_STEP][PASSED] - i1 = x.indexOf("/"): null

16-10-2024T07:03:40 - [TEST_STEP][PASSED] - if (i1 > -1): null

16-10-2024T07:03:40 - [TEST_STEP][PASSED] - x = x.substring(0, i1): null

16-10-2024T07:03:40 - [TEST_STEP][PASSED] - println(x): null

16-10-2024T07:03:40 - [TEST_STEP][FAILED] - return x: null

16-10-2024T07:03:40 - [TEST_STEP][FAILED] - if (verifyEqual(tabR, tabB) == false): null

16-10-2024T07:03:40 - [MESSAGE][FAILED] - Unable to verify equal between actual object 'нет данных' and expected object '45807241' (Root cause: com.kms.katalon.core.exception.StepFailedException: Actual object 'нет данных' and expected object '45807241' are not equal
	at com.kms.katalon.core.keyword.builtin.VerifyEqualKeyword$_verifyEqual_closure1.doCall(VerifyEqualKeyword.groovy:58)
	at com.kms.katalon.core.keyword.builtin.VerifyEqualKeyword$_verifyEqual_closure1.call(VerifyEqualKeyword.groovy)
	at com.kms.katalon.core.keyword.internal.KeywordMain.runKeyword(KeywordMain.groovy:75)
	at com.kms.katalon.core.keyword.builtin.VerifyEqualKeyword.verifyEqual(VerifyEqualKeyword.groovy:63)
	at com.kms.katalon.core.keyword.builtin.VerifyEqualKeyword.execute(VerifyEqualKeyword.groovy:44)
	at com.kms.katalon.core.keyword.internal.KeywordExecutor.executeKeywordForPlatform(KeywordExecutor.groovy:74)
	at com.kms.katalon.core.keyword.BuiltinKeywords.verifyEqual(BuiltinKeywords.groovy:146)
	at jdk.internal.reflect.GeneratedMethodAccessor25.invoke(Unknown Source)
	at java.base/jdk.internal.reflect.DelegatingMethodAccessorImpl.invoke(DelegatingMethodAccessorImpl.java:43)
	at Выполнение бизнес-плана сверка дашбордов.CompareDZOData(Выполнение бизнес-плана сверка дашбордов:717)
	at Выполнение бизнес-плана сверка дашбордов.run(Выполнение бизнес-плана сверка дашбордов:643)
	at com.kms.katalon.core.main.ScriptEngine.run(ScriptEngine.java:194)
	at com.kms.katalon.core.main.ScriptEngine.runScriptAsRawText(ScriptEngine.java:119)
	at com.kms.katalon.core.main.TestCaseExecutor.runScript(TestCaseExecutor.java:448)
	at com.kms.katalon.core.main.TestCaseExecutor.doExecute(TestCaseExecutor.java:439)
	at com.kms.katalon.core.main.TestCaseExecutor.processExecutionPhase(TestCaseExecutor.java:418)
	at com.kms.katalon.core.main.TestCaseExecutor.accessMainPhase(TestCaseExecutor.java:410)
	at com.kms.katalon.core.main.TestCaseExecutor.execute(TestCaseExecutor.java:285)
	at com.kms.katalon.core.common.CommonExecutor.accessTestCaseMainPhase(CommonExecutor.java:65)
	at com.kms.katalon.core.main.TestSuiteExecutor.accessTestSuiteMainPhase(TestSuiteExecutor.java:150)
	at com.kms.katalon.core.main.TestSuiteExecutor.execute(TestSuiteExecutor.java:106)
	at com.kms.katalon.core.main.TestCaseMain.startTestSuite(TestCaseMain.java:180)
	at TempTestSuite1729050801829.run(TempTestSuite1729050801829.groovy:35)
	at java.base/jdk.internal.reflect.NativeMethodAccessorImpl.invoke0(Native Method)
	at java.base/jdk.internal.reflect.NativeMethodAccessorImpl.invoke(NativeMethodAccessorImpl.java:77)
	at java.base/jdk.internal.reflect.DelegatingMethodAccessorImpl.invoke(DelegatingMethodAccessorImpl.java:43)
)

16-10-2024T07:03:40 - [TEST_STEP][PASSED] - result = WriteToExcel(typeOfData, todaysDate, PercPlanR, PercPlanB, PercFactR, PercFactB, x, tabR, tabB, o1R, o1B, vidget): null

16-10-2024T07:03:40 - [TEST_STEP][PASSED] - iii = dZO.indexOf("/"): null

16-10-2024T07:03:40 - [TEST_STEP][PASSED] - println(iii): null

16-10-2024T07:03:40 - [TEST_STEP][PASSED] - dZO = dZO.substring(0, iii): null

16-10-2024T07:03:40 - [TEST_STEP][PASSED] - println(dZO): null

16-10-2024T07:03:40 - [TEST_STEP][PASSED] - println(PercPlanR): null

16-10-2024T07:03:40 - [TEST_STEP][PASSED] - println(PercPlanB): null

16-10-2024T07:03:40 - [TEST_STEP][PASSED] - println(PercFactR): null

16-10-2024T07:03:40 - [TEST_STEP][PASSED] - println(PercFactB): null

16-10-2024T07:03:40 - [TEST_STEP][PASSED] - println(tabR): null

16-10-2024T07:03:40 - [TEST_STEP][PASSED] - println(tabB): null

16-10-2024T07:03:40 - [TEST_STEP][PASSED] - println(o1R): null

16-10-2024T07:03:40 - [TEST_STEP][PASSED] - println(o1B): null

16-10-2024T07:03:40 - [TEST_STEP][PASSED] - PR = <not implemented yet for class: org.codehaus.groovy.ast.expr.EmptyExpression>: null

16-10-2024T07:03:40 - [TEST_STEP][PASSED] - FR = <not implemented yet for class: org.codehaus.groovy.ast.expr.EmptyExpression>: null

16-10-2024T07:03:40 - [TEST_STEP][PASSED] - PB = <not implemented yet for class: org.codehaus.groovy.ast.expr.EmptyExpression>: null

16-10-2024T07:03:40 - [TEST_STEP][PASSED] - FB = <not implemented yet for class: org.codehaus.groovy.ast.expr.EmptyExpression>: null

16-10-2024T07:03:40 - [TEST_STEP][PASSED] - TR = <not implemented yet for class: org.codehaus.groovy.ast.expr.EmptyExpression>: null

16-10-2024T07:03:40 - [TEST_STEP][PASSED] - TB = <not implemented yet for class: org.codehaus.groovy.ast.expr.EmptyExpression>: null

16-10-2024T07:03:40 - [TEST_STEP][PASSED] - sheetName = "Sheet1": null

16-10-2024T07:03:40 - [TEST_STEP][PASSED] - data = findTestData("PlanFact"): null

16-10-2024T07:03:40 - [TEST_STEP][PASSED] - n = data.getRowNumbers() + 1: null

16-10-2024T07:03:40 - [TEST_STEP][PASSED] - year = todaysDate.substring(todaysDate.length() - 4, todaysDate.length()): null

16-10-2024T07:03:40 - [TEST_STEP][PASSED] - y = year.toInteger(): null

16-10-2024T07:03:40 - [TEST_STEP][PASSED] - m = getText(findTestObject("Выполнение бизнес-плана/Выполнение бизнес-плана Балансы/Фильтр Дата")): Text of object 'Object Repository/Выполнение бизнес-плана/Выполнение бизнес-плана Балансы/Фильтр Дата' is: '1, 2 кв., Июль, Август 2024 года'

16-10-2024T07:03:40 - [MESSAGE][PASSED] - Text of object 'Object Repository/Выполнение бизнес-плана/Выполнение бизнес-плана Балансы/Фильтр Дата' is: '1, 2 кв., Июль, Август 2024 года'

16-10-2024T07:03:40 - [TEST_STEP][PASSED] - m = m.substring(0, m.indexOf("2024")): null

16-10-2024T07:03:40 - [TEST_STEP][PASSED] - m = m.trim(): null

16-10-2024T07:03:40 - [TEST_STEP][PASSED] - dashboardName = "Выполнение бизнес-плана": null

16-10-2024T07:03:40 - [TEST_STEP][PASSED] - workbook01 = getWorkbook(excelFilePath): null

16-10-2024T07:03:40 - [TEST_STEP][PASSED] - sheet01 = getExcelSheet(workbook01, sheetName): null

16-10-2024T07:03:40 - [TEST_STEP][PASSED] - setValueToCellByIndex(sheet01, n, 0, dashboardName): null

16-10-2024T07:03:40 - [TEST_STEP][PASSED] - setValueToCellByIndex(sheet01, n, 1, dZO): null

16-10-2024T07:03:40 - [TEST_STEP][PASSED] - setValueToCellByIndex(sheet01, n, 2, typeOfData): null

16-10-2024T07:03:40 - [TEST_STEP][PASSED] - setValueToCellByIndex(sheet01, n, 3, typeOfData): null

16-10-2024T07:03:40 - [TEST_STEP][PASSED] - if (typeOfData == "План"): null

16-10-2024T07:03:40 - [TEST_STEP][PASSED] - else if (typeOfData == "Факт"): null

16-10-2024T07:03:40 - [TEST_STEP][PASSED] - else if (vidget.contains("электроэнергии") == true): null

16-10-2024T07:03:40 - [TEST_STEP][PASSED] - if (tabR == null): null

16-10-2024T07:03:40 - [TEST_STEP][PASSED] - else: null

16-10-2024T07:03:40 - [TEST_STEP][PASSED] - if (tabR == "нет данных"): null

16-10-2024T07:03:40 - [TEST_STEP][PASSED] - setValueToCellByIndex(sheet01, n, 4, "нет данных"): null

16-10-2024T07:03:40 - [TEST_STEP][PASSED] - if (tabB == null): null

16-10-2024T07:03:40 - [TEST_STEP][PASSED] - else: null

16-10-2024T07:03:40 - [TEST_STEP][PASSED] - if (tabB == "нет данных"): null

16-10-2024T07:03:40 - [TEST_STEP][PASSED] - else: null

16-10-2024T07:03:40 - [TEST_STEP][PASSED] - TB = tabB.toInteger(): null

16-10-2024T07:03:40 - [TEST_STEP][PASSED] - setValueToCellByIndex(sheet01, n, 5, TB): null

16-10-2024T07:03:40 - [TEST_STEP][PASSED] - setValueToCellByIndex(sheet01, n, 6, m): null

16-10-2024T07:03:40 - [TEST_STEP][PASSED] - setValueToCellByIndex(sheet01, n, 7, y): null

16-10-2024T07:03:40 - [TEST_STEP][PASSED] - setValueToCellByIndex(sheet01, n, 8, todaysDate): null

16-10-2024T07:03:40 - [TEST_STEP][PASSED] - n = n + 1: null

16-10-2024T07:03:40 - [TEST_STEP][PASSED] - saveWorkbook(excelFilePath, workbook01): null

16-10-2024T07:03:40 - [TEST_STEP][PASSED] - typeOfData = "Факт Потери": null

16-10-2024T07:03:40 - [TEST_STEP][PASSED] - tabR = GetPFactR(x = a): null

16-10-2024T07:03:40 - [TEST_STEP][PASSED] - i1 = <not implemented yet for class: org.codehaus.groovy.ast.expr.EmptyExpression>: null

16-10-2024T07:03:40 - [TEST_STEP][PASSED] - ii = <not implemented yet for class: org.codehaus.groovy.ast.expr.EmptyExpression>: null

16-10-2024T07:03:40 - [TEST_STEP][PASSED] - for ([ii = 1, ii < 6, (ii++)]): null

16-10-2024T07:03:40 - [TEST_STEP][PASSED] - i1 = x.indexOf("/") + 1: null

16-10-2024T07:03:40 - [TEST_STEP][PASSED] - if (i1 > -1): null

16-10-2024T07:03:40 - [TEST_STEP][PASSED] - x = x.substring(i1, x.length()): null

16-10-2024T07:03:40 - [TEST_STEP][PASSED] - println(x): null

16-10-2024T07:03:40 - [TEST_STEP][PASSED] - i1 = x.indexOf("/") + 1: null

16-10-2024T07:03:40 - [TEST_STEP][PASSED] - if (i1 > -1): null

16-10-2024T07:03:40 - [TEST_STEP][PASSED] - x = x.substring(i1, x.length()): null

16-10-2024T07:03:40 - [TEST_STEP][PASSED] - println(x): null

16-10-2024T07:03:40 - [TEST_STEP][PASSED] - i1 = x.indexOf("/") + 1: null

16-10-2024T07:03:40 - [TEST_STEP][PASSED] - if (i1 > -1): null

16-10-2024T07:03:40 - [TEST_STEP][PASSED] - x = x.substring(i1, x.length()): null

16-10-2024T07:03:40 - [TEST_STEP][PASSED] - println(x): null

16-10-2024T07:03:40 - [TEST_STEP][PASSED] - i1 = x.indexOf("/") + 1: null

16-10-2024T07:03:40 - [TEST_STEP][PASSED] - if (i1 > -1): null

16-10-2024T07:03:40 - [TEST_STEP][PASSED] - x = x.substring(i1, x.length()): null

16-10-2024T07:03:40 - [TEST_STEP][PASSED] - println(x): null

16-10-2024T07:03:40 - [TEST_STEP][PASSED] - i1 = x.indexOf("/") + 1: null

16-10-2024T07:03:40 - [TEST_STEP][PASSED] - if (i1 > -1): null

16-10-2024T07:03:40 - [TEST_STEP][PASSED] - x = x.substring(i1, x.length()): null

16-10-2024T07:03:40 - [TEST_STEP][PASSED] - println(x): null

16-10-2024T07:03:40 - [TEST_STEP][PASSED] - i1 = x.indexOf("/"): null

16-10-2024T07:03:40 - [TEST_STEP][PASSED] - if (i1 > -1): null

16-10-2024T07:03:40 - [TEST_STEP][PASSED] - x = x.substring(0, i1): null

16-10-2024T07:03:40 - [TEST_STEP][PASSED] - println(x): null

16-10-2024T07:03:40 - [TEST_STEP][PASSED] - return x: null

16-10-2024T07:03:40 - [TEST_STEP][PASSED] - tabB = GetPFactB(x = b): null

16-10-2024T07:03:40 - [TEST_STEP][PASSED] - i1 = <not implemented yet for class: org.codehaus.groovy.ast.expr.EmptyExpression>: null

16-10-2024T07:03:40 - [TEST_STEP][PASSED] - ii = <not implemented yet for class: org.codehaus.groovy.ast.expr.EmptyExpression>: null

16-10-2024T07:03:40 - [TEST_STEP][PASSED] - for ([ii = 1, ii < 6, (ii++)]): null

16-10-2024T07:03:40 - [TEST_STEP][PASSED] - i1 = x.indexOf("/") + 1: null

16-10-2024T07:03:40 - [TEST_STEP][PASSED] - if (i1 > -1): null

16-10-2024T07:03:40 - [TEST_STEP][PASSED] - x = x.substring(i1, x.length()): null

16-10-2024T07:03:40 - [TEST_STEP][PASSED] - println(x): null

16-10-2024T07:03:40 - [TEST_STEP][PASSED] - i1 = x.indexOf("/") + 1: null

16-10-2024T07:03:40 - [TEST_STEP][PASSED] - if (i1 > -1): null

16-10-2024T07:03:40 - [TEST_STEP][PASSED] - x = x.substring(i1, x.length()): null

16-10-2024T07:03:40 - [TEST_STEP][PASSED] - println(x): null

16-10-2024T07:03:40 - [TEST_STEP][PASSED] - i1 = x.indexOf("/") + 1: null

16-10-2024T07:03:40 - [TEST_STEP][PASSED] - if (i1 > -1): null

16-10-2024T07:03:40 - [TEST_STEP][PASSED] - x = x.substring(i1, x.length()): null

16-10-2024T07:03:40 - [TEST_STEP][PASSED] - println(x): null

16-10-2024T07:03:40 - [TEST_STEP][PASSED] - i1 = x.indexOf("/") + 1: null

16-10-2024T07:03:40 - [TEST_STEP][PASSED] - if (i1 > -1): null

16-10-2024T07:03:40 - [TEST_STEP][PASSED] - x = x.substring(i1, x.length()): null

16-10-2024T07:03:40 - [TEST_STEP][PASSED] - println(x): null

16-10-2024T07:03:40 - [TEST_STEP][PASSED] - i1 = x.indexOf("/") + 1: null

16-10-2024T07:03:40 - [TEST_STEP][PASSED] - if (i1 > -1): null

16-10-2024T07:03:40 - [TEST_STEP][PASSED] - x = x.substring(i1, x.length()): null

16-10-2024T07:03:40 - [TEST_STEP][PASSED] - println(x): null

16-10-2024T07:03:40 - [TEST_STEP][PASSED] - i1 = x.indexOf("/"): null

16-10-2024T07:03:40 - [TEST_STEP][PASSED] - if (i1 > -1): null

16-10-2024T07:03:40 - [TEST_STEP][PASSED] - x = x.substring(0, i1): null

16-10-2024T07:03:40 - [TEST_STEP][PASSED] - println(x): null

16-10-2024T07:03:40 - [TEST_STEP][FAILED] - return x: null

16-10-2024T07:03:40 - [TEST_STEP][PASSED] - println(tabR + "/" + tabB): null

16-10-2024T07:03:40 - [TEST_STEP][FAILED] - if (verifyEqual(tabR, tabB) == false): null

16-10-2024T07:03:40 - [MESSAGE][FAILED] - Unable to verify equal between actual object 'нет данных' and expected object '2688721' (Root cause: com.kms.katalon.core.exception.StepFailedException: Actual object 'нет данных' and expected object '2688721' are not equal
	at com.kms.katalon.core.keyword.builtin.VerifyEqualKeyword$_verifyEqual_closure1.doCall(VerifyEqualKeyword.groovy:58)
	at com.kms.katalon.core.keyword.builtin.VerifyEqualKeyword$_verifyEqual_closure1.call(VerifyEqualKeyword.groovy)
	at com.kms.katalon.core.keyword.internal.KeywordMain.runKeyword(KeywordMain.groovy:75)
	at com.kms.katalon.core.keyword.builtin.VerifyEqualKeyword.verifyEqual(VerifyEqualKeyword.groovy:63)
	at com.kms.katalon.core.keyword.builtin.VerifyEqualKeyword.execute(VerifyEqualKeyword.groovy:44)
	at com.kms.katalon.core.keyword.internal.KeywordExecutor.executeKeywordForPlatform(KeywordExecutor.groovy:74)
	at com.kms.katalon.core.keyword.BuiltinKeywords.verifyEqual(BuiltinKeywords.groovy:146)
	at jdk.internal.reflect.GeneratedMethodAccessor25.invoke(Unknown Source)
	at java.base/jdk.internal.reflect.DelegatingMethodAccessorImpl.invoke(DelegatingMethodAccessorImpl.java:43)
	at Выполнение бизнес-плана сверка дашбордов.CompareDZOData(Выполнение бизнес-плана сверка дашбордов:730)
	at Выполнение бизнес-плана сверка дашбордов.run(Выполнение бизнес-плана сверка дашбордов:643)
	at com.kms.katalon.core.main.ScriptEngine.run(ScriptEngine.java:194)
	at com.kms.katalon.core.main.ScriptEngine.runScriptAsRawText(ScriptEngine.java:119)
	at com.kms.katalon.core.main.TestCaseExecutor.runScript(TestCaseExecutor.java:448)
	at com.kms.katalon.core.main.TestCaseExecutor.doExecute(TestCaseExecutor.java:439)
	at com.kms.katalon.core.main.TestCaseExecutor.processExecutionPhase(TestCaseExecutor.java:418)
	at com.kms.katalon.core.main.TestCaseExecutor.accessMainPhase(TestCaseExecutor.java:410)
	at com.kms.katalon.core.main.TestCaseExecutor.execute(TestCaseExecutor.java:285)
	at com.kms.katalon.core.common.CommonExecutor.accessTestCaseMainPhase(CommonExecutor.java:65)
	at com.kms.katalon.core.main.TestSuiteExecutor.accessTestSuiteMainPhase(TestSuiteExecutor.java:150)
	at com.kms.katalon.core.main.TestSuiteExecutor.execute(TestSuiteExecutor.java:106)
	at com.kms.katalon.core.main.TestCaseMain.startTestSuite(TestCaseMain.java:180)
	at TempTestSuite1729050801829.run(TempTestSuite1729050801829.groovy:35)
	at java.base/jdk.internal.reflect.NativeMethodAccessorImpl.invoke0(Native Method)
	at java.base/jdk.internal.reflect.NativeMethodAccessorImpl.invoke(NativeMethodAccessorImpl.java:77)
	at java.base/jdk.internal.reflect.DelegatingMethodAccessorImpl.invoke(DelegatingMethodAccessorImpl.java:43)
)

16-10-2024T07:03:40 - [TEST_STEP][PASSED] - result = WriteToExcel(typeOfData, todaysDate, PercPlanR, PercPlanB, PercFactR, PercFactB, x, tabR, tabB, o1R, o1B, vidget): null

16-10-2024T07:03:40 - [TEST_STEP][PASSED] - iii = dZO.indexOf("/"): null

16-10-2024T07:03:40 - [TEST_STEP][PASSED] - println(iii): null

16-10-2024T07:03:40 - [TEST_STEP][PASSED] - dZO = dZO.substring(0, iii): null

16-10-2024T07:03:40 - [TEST_STEP][PASSED] - println(dZO): null

16-10-2024T07:03:40 - [TEST_STEP][PASSED] - println(PercPlanR): null

16-10-2024T07:03:40 - [TEST_STEP][PASSED] - println(PercPlanB): null

16-10-2024T07:03:40 - [TEST_STEP][PASSED] - println(PercFactR): null

16-10-2024T07:03:40 - [TEST_STEP][PASSED] - println(PercFactB): null

16-10-2024T07:03:40 - [TEST_STEP][PASSED] - println(tabR): null

16-10-2024T07:03:40 - [TEST_STEP][PASSED] - println(tabB): null

16-10-2024T07:03:40 - [TEST_STEP][PASSED] - println(o1R): null

16-10-2024T07:03:40 - [TEST_STEP][PASSED] - println(o1B): null

16-10-2024T07:03:40 - [TEST_STEP][PASSED] - PR = <not implemented yet for class: org.codehaus.groovy.ast.expr.EmptyExpression>: null

16-10-2024T07:03:40 - [TEST_STEP][PASSED] - FR = <not implemented yet for class: org.codehaus.groovy.ast.expr.EmptyExpression>: null

16-10-2024T07:03:40 - [TEST_STEP][PASSED] - PB = <not implemented yet for class: org.codehaus.groovy.ast.expr.EmptyExpression>: null

16-10-2024T07:03:40 - [TEST_STEP][PASSED] - FB = <not implemented yet for class: org.codehaus.groovy.ast.expr.EmptyExpression>: null

16-10-2024T07:03:40 - [TEST_STEP][PASSED] - TR = <not implemented yet for class: org.codehaus.groovy.ast.expr.EmptyExpression>: null

16-10-2024T07:03:40 - [TEST_STEP][PASSED] - TB = <not implemented yet for class: org.codehaus.groovy.ast.expr.EmptyExpression>: null

16-10-2024T07:03:40 - [TEST_STEP][PASSED] - sheetName = "Sheet1": null

16-10-2024T07:03:40 - [TEST_STEP][PASSED] - data = findTestData("PlanFact"): null

16-10-2024T07:03:40 - [TEST_STEP][PASSED] - n = data.getRowNumbers() + 1: null

16-10-2024T07:03:40 - [TEST_STEP][PASSED] - year = todaysDate.substring(todaysDate.length() - 4, todaysDate.length()): null

16-10-2024T07:03:40 - [TEST_STEP][PASSED] - y = year.toInteger(): null

16-10-2024T07:03:40 - [TEST_STEP][PASSED] - m = getText(findTestObject("Выполнение бизнес-плана/Выполнение бизнес-плана Балансы/Фильтр Дата")): Text of object 'Object Repository/Выполнение бизнес-плана/Выполнение бизнес-плана Балансы/Фильтр Дата' is: '1, 2 кв., Июль, Август 2024 года'

16-10-2024T07:03:41 - [MESSAGE][PASSED] - Text of object 'Object Repository/Выполнение бизнес-плана/Выполнение бизнес-плана Балансы/Фильтр Дата' is: '1, 2 кв., Июль, Август 2024 года'

16-10-2024T07:03:41 - [TEST_STEP][PASSED] - m = m.substring(0, m.indexOf("2024")): null

16-10-2024T07:03:41 - [TEST_STEP][PASSED] - m = m.trim(): null

16-10-2024T07:03:41 - [TEST_STEP][PASSED] - dashboardName = "Выполнение бизнес-плана": null

16-10-2024T07:03:41 - [TEST_STEP][PASSED] - workbook01 = getWorkbook(excelFilePath): null

16-10-2024T07:03:41 - [TEST_STEP][PASSED] - sheet01 = getExcelSheet(workbook01, sheetName): null

16-10-2024T07:03:41 - [TEST_STEP][PASSED] - setValueToCellByIndex(sheet01, n, 0, dashboardName): null

16-10-2024T07:03:41 - [TEST_STEP][PASSED] - setValueToCellByIndex(sheet01, n, 1, dZO): null

16-10-2024T07:03:41 - [TEST_STEP][PASSED] - setValueToCellByIndex(sheet01, n, 2, typeOfData): null

16-10-2024T07:03:41 - [TEST_STEP][PASSED] - setValueToCellByIndex(sheet01, n, 3, typeOfData): null

16-10-2024T07:03:41 - [TEST_STEP][PASSED] - if (typeOfData == "План"): null

16-10-2024T07:03:41 - [TEST_STEP][PASSED] - else if (typeOfData == "Факт"): null

16-10-2024T07:03:41 - [TEST_STEP][PASSED] - else if (vidget.contains("электроэнергии") == true): null

16-10-2024T07:03:41 - [TEST_STEP][PASSED] - if (tabR == null): null

16-10-2024T07:03:41 - [TEST_STEP][PASSED] - else: null

16-10-2024T07:03:41 - [TEST_STEP][PASSED] - if (tabR == "нет данных"): null

16-10-2024T07:03:41 - [TEST_STEP][PASSED] - setValueToCellByIndex(sheet01, n, 4, "нет данных"): null

16-10-2024T07:03:41 - [TEST_STEP][PASSED] - if (tabB == null): null

16-10-2024T07:03:41 - [TEST_STEP][PASSED] - else: null

16-10-2024T07:03:41 - [TEST_STEP][PASSED] - if (tabB == "нет данных"): null

16-10-2024T07:03:41 - [TEST_STEP][PASSED] - else: null

16-10-2024T07:03:41 - [TEST_STEP][PASSED] - TB = tabB.toInteger(): null

16-10-2024T07:03:41 - [TEST_STEP][PASSED] - setValueToCellByIndex(sheet01, n, 5, TB): null

16-10-2024T07:03:41 - [TEST_STEP][PASSED] - setValueToCellByIndex(sheet01, n, 6, m): null

16-10-2024T07:03:41 - [TEST_STEP][PASSED] - setValueToCellByIndex(sheet01, n, 7, y): null

16-10-2024T07:03:41 - [TEST_STEP][PASSED] - setValueToCellByIndex(sheet01, n, 8, todaysDate): null

16-10-2024T07:03:41 - [TEST_STEP][PASSED] - n = n + 1: null

16-10-2024T07:03:41 - [TEST_STEP][PASSED] - saveWorkbook(excelFilePath, workbook01): null

16-10-2024T07:03:41 - [TEST_STEP][PASSED] - vidget = "Показатели баланса электроэнергии по ДЗО – План": null

16-10-2024T07:03:41 - [TEST_STEP][PASSED] - typeOfData = "План Отпуск в сеть": null

16-10-2024T07:03:41 - [TEST_STEP][PASSED] - tabR = GetOvSPlanR(x = a): null

16-10-2024T07:03:41 - [TEST_STEP][PASSED] - i1 = <not implemented yet for class: org.codehaus.groovy.ast.expr.EmptyExpression>: null

16-10-2024T07:03:41 - [TEST_STEP][PASSED] - ii = <not implemented yet for class: org.codehaus.groovy.ast.expr.EmptyExpression>: null

16-10-2024T07:03:41 - [TEST_STEP][PASSED] - for ([ii = 1, ii < 7, (ii++)]): null

16-10-2024T07:03:41 - [TEST_STEP][PASSED] - i1 = x.indexOf("/") + 1: null

16-10-2024T07:03:41 - [TEST_STEP][PASSED] - if (i1 > -1): null

16-10-2024T07:03:41 - [TEST_STEP][PASSED] - x = x.substring(i1, x.length()): null

16-10-2024T07:03:41 - [TEST_STEP][PASSED] - println(x): null

16-10-2024T07:03:41 - [TEST_STEP][PASSED] - i1 = x.indexOf("/") + 1: null

16-10-2024T07:03:41 - [TEST_STEP][PASSED] - if (i1 > -1): null

16-10-2024T07:03:41 - [TEST_STEP][PASSED] - x = x.substring(i1, x.length()): null

16-10-2024T07:03:41 - [TEST_STEP][PASSED] - println(x): null

16-10-2024T07:03:41 - [TEST_STEP][PASSED] - i1 = x.indexOf("/") + 1: null

16-10-2024T07:03:41 - [TEST_STEP][PASSED] - if (i1 > -1): null

16-10-2024T07:03:41 - [TEST_STEP][PASSED] - x = x.substring(i1, x.length()): null

16-10-2024T07:03:41 - [TEST_STEP][PASSED] - println(x): null

16-10-2024T07:03:41 - [TEST_STEP][PASSED] - i1 = x.indexOf("/") + 1: null

16-10-2024T07:03:41 - [TEST_STEP][PASSED] - if (i1 > -1): null

16-10-2024T07:03:41 - [TEST_STEP][PASSED] - x = x.substring(i1, x.length()): null

16-10-2024T07:03:41 - [TEST_STEP][PASSED] - println(x): null

16-10-2024T07:03:41 - [TEST_STEP][PASSED] - i1 = x.indexOf("/") + 1: null

16-10-2024T07:03:41 - [TEST_STEP][PASSED] - if (i1 > -1): null

16-10-2024T07:03:41 - [TEST_STEP][PASSED] - x = x.substring(i1, x.length()): null

16-10-2024T07:03:41 - [TEST_STEP][PASSED] - println(x): null

16-10-2024T07:03:41 - [TEST_STEP][PASSED] - i1 = x.indexOf("/") + 1: null

16-10-2024T07:03:41 - [TEST_STEP][PASSED] - if (i1 > -1): null

16-10-2024T07:03:41 - [TEST_STEP][PASSED] - x = x.substring(i1, x.length()): null

16-10-2024T07:03:41 - [TEST_STEP][PASSED] - println(x): null

16-10-2024T07:03:41 - [TEST_STEP][PASSED] - i1 = x.indexOf("/"): null

16-10-2024T07:03:41 - [TEST_STEP][PASSED] - if (i1 > -1): null

16-10-2024T07:03:41 - [TEST_STEP][PASSED] - x = x.substring(0, i1): null

16-10-2024T07:03:41 - [TEST_STEP][PASSED] - println(x): null

16-10-2024T07:03:41 - [TEST_STEP][PASSED] - return x: null

16-10-2024T07:03:41 - [TEST_STEP][PASSED] - tabB = GetOvSPlanB(x = b): null

16-10-2024T07:03:41 - [TEST_STEP][PASSED] - i1 = <not implemented yet for class: org.codehaus.groovy.ast.expr.EmptyExpression>: null

16-10-2024T07:03:41 - [TEST_STEP][PASSED] - ii = <not implemented yet for class: org.codehaus.groovy.ast.expr.EmptyExpression>: null

16-10-2024T07:03:41 - [TEST_STEP][PASSED] - for ([ii = 1, ii < 7, (ii++)]): null

16-10-2024T07:03:41 - [TEST_STEP][PASSED] - i1 = x.indexOf("/") + 1: null

16-10-2024T07:03:41 - [TEST_STEP][PASSED] - if (i1 > -1): null

16-10-2024T07:03:41 - [TEST_STEP][PASSED] - x = x.substring(i1, x.length()): null

16-10-2024T07:03:41 - [TEST_STEP][PASSED] - println(x): null

16-10-2024T07:03:41 - [TEST_STEP][PASSED] - i1 = x.indexOf("/") + 1: null

16-10-2024T07:03:41 - [TEST_STEP][PASSED] - if (i1 > -1): null

16-10-2024T07:03:41 - [TEST_STEP][PASSED] - x = x.substring(i1, x.length()): null

16-10-2024T07:03:41 - [TEST_STEP][PASSED] - println(x): null

16-10-2024T07:03:41 - [TEST_STEP][PASSED] - i1 = x.indexOf("/") + 1: null

16-10-2024T07:03:41 - [TEST_STEP][PASSED] - if (i1 > -1): null

16-10-2024T07:03:41 - [TEST_STEP][PASSED] - x = x.substring(i1, x.length()): null

16-10-2024T07:03:41 - [TEST_STEP][PASSED] - println(x): null

16-10-2024T07:03:41 - [TEST_STEP][PASSED] - i1 = x.indexOf("/") + 1: null

16-10-2024T07:03:41 - [TEST_STEP][PASSED] - if (i1 > -1): null

16-10-2024T07:03:41 - [TEST_STEP][PASSED] - x = x.substring(i1, x.length()): null

16-10-2024T07:03:41 - [TEST_STEP][PASSED] - println(x): null

16-10-2024T07:03:41 - [TEST_STEP][PASSED] - i1 = x.indexOf("/") + 1: null

16-10-2024T07:03:41 - [TEST_STEP][PASSED] - if (i1 > -1): null

16-10-2024T07:03:41 - [TEST_STEP][PASSED] - x = x.substring(i1, x.length()): null

16-10-2024T07:03:41 - [TEST_STEP][PASSED] - println(x): null

16-10-2024T07:03:41 - [TEST_STEP][PASSED] - i1 = x.indexOf("/") + 1: null

16-10-2024T07:03:41 - [TEST_STEP][PASSED] - if (i1 > -1): null

16-10-2024T07:03:41 - [TEST_STEP][PASSED] - x = x.substring(i1, x.length()): null

16-10-2024T07:03:41 - [TEST_STEP][PASSED] - println(x): null

16-10-2024T07:03:41 - [TEST_STEP][PASSED] - i1 = x.indexOf("/"): null

16-10-2024T07:03:41 - [TEST_STEP][PASSED] - if (i1 > -1): null

16-10-2024T07:03:41 - [TEST_STEP][PASSED] - x = x.substring(0, i1): null

16-10-2024T07:03:41 - [TEST_STEP][PASSED] - println(x): null

16-10-2024T07:03:41 - [TEST_STEP][FAILED] - return x: null

16-10-2024T07:03:41 - [TEST_STEP][PASSED] - println(tabR + "/" + tabB): null

16-10-2024T07:03:41 - [TEST_STEP][FAILED] - if (verifyEqual(PercFactR, PercFactB) == false): null

16-10-2024T07:03:41 - [MESSAGE][FAILED] - Unable to verify equal between actual object 'нет данных' and expected object '5.54' (Root cause: com.kms.katalon.core.exception.StepFailedException: Actual object 'нет данных' and expected object '5.54' are not equal
	at com.kms.katalon.core.keyword.builtin.VerifyEqualKeyword$_verifyEqual_closure1.doCall(VerifyEqualKeyword.groovy:58)
	at com.kms.katalon.core.keyword.builtin.VerifyEqualKeyword$_verifyEqual_closure1.call(VerifyEqualKeyword.groovy)
	at com.kms.katalon.core.keyword.internal.KeywordMain.runKeyword(KeywordMain.groovy:75)
	at com.kms.katalon.core.keyword.builtin.VerifyEqualKeyword.verifyEqual(VerifyEqualKeyword.groovy:63)
	at com.kms.katalon.core.keyword.builtin.VerifyEqualKeyword.execute(VerifyEqualKeyword.groovy:44)
	at com.kms.katalon.core.keyword.internal.KeywordExecutor.executeKeywordForPlatform(KeywordExecutor.groovy:74)
	at com.kms.katalon.core.keyword.BuiltinKeywords.verifyEqual(BuiltinKeywords.groovy:146)
	at jdk.internal.reflect.GeneratedMethodAccessor25.invoke(Unknown Source)
	at java.base/jdk.internal.reflect.DelegatingMethodAccessorImpl.invoke(DelegatingMethodAccessorImpl.java:43)
	at Выполнение бизнес-плана сверка дашбордов.CompareDZOData(Выполнение бизнес-плана сверка дашбордов:745)
	at Выполнение бизнес-плана сверка дашбордов.run(Выполнение бизнес-плана сверка дашбордов:643)
	at com.kms.katalon.core.main.ScriptEngine.run(ScriptEngine.java:194)
	at com.kms.katalon.core.main.ScriptEngine.runScriptAsRawText(ScriptEngine.java:119)
	at com.kms.katalon.core.main.TestCaseExecutor.runScript(TestCaseExecutor.java:448)
	at com.kms.katalon.core.main.TestCaseExecutor.doExecute(TestCaseExecutor.java:439)
	at com.kms.katalon.core.main.TestCaseExecutor.processExecutionPhase(TestCaseExecutor.java:418)
	at com.kms.katalon.core.main.TestCaseExecutor.accessMainPhase(TestCaseExecutor.java:410)
	at com.kms.katalon.core.main.TestCaseExecutor.execute(TestCaseExecutor.java:285)
	at com.kms.katalon.core.common.CommonExecutor.accessTestCaseMainPhase(CommonExecutor.java:65)
	at com.kms.katalon.core.main.TestSuiteExecutor.accessTestSuiteMainPhase(TestSuiteExecutor.java:150)
	at com.kms.katalon.core.main.TestSuiteExecutor.execute(TestSuiteExecutor.java:106)
	at com.kms.katalon.core.main.TestCaseMain.startTestSuite(TestCaseMain.java:180)
	at TempTestSuite1729050801829.run(TempTestSuite1729050801829.groovy:35)
	at java.base/jdk.internal.reflect.NativeMethodAccessorImpl.invoke0(Native Method)
	at java.base/jdk.internal.reflect.NativeMethodAccessorImpl.invoke(NativeMethodAccessorImpl.java:77)
	at java.base/jdk.internal.reflect.DelegatingMethodAccessorImpl.invoke(DelegatingMethodAccessorImpl.java:43)
)

16-10-2024T07:03:41 - [TEST_STEP][PASSED] - result = WriteToExcel(typeOfData, todaysDate, PercPlanR, PercPlanB, PercFactR, PercFactB, x, tabR, tabB, o1R, o1B, vidget): null

16-10-2024T07:03:41 - [TEST_STEP][PASSED] - iii = dZO.indexOf("/"): null

16-10-2024T07:03:41 - [TEST_STEP][PASSED] - println(iii): null

16-10-2024T07:03:41 - [TEST_STEP][PASSED] - dZO = dZO.substring(0, iii): null

16-10-2024T07:03:41 - [TEST_STEP][PASSED] - println(dZO): null

16-10-2024T07:03:41 - [TEST_STEP][PASSED] - println(PercPlanR): null

16-10-2024T07:03:41 - [TEST_STEP][PASSED] - println(PercPlanB): null

16-10-2024T07:03:41 - [TEST_STEP][PASSED] - println(PercFactR): null

16-10-2024T07:03:41 - [TEST_STEP][PASSED] - println(PercFactB): null

16-10-2024T07:03:41 - [TEST_STEP][PASSED] - println(tabR): null

16-10-2024T07:03:41 - [TEST_STEP][PASSED] - println(tabB): null

16-10-2024T07:03:41 - [TEST_STEP][PASSED] - println(o1R): null

16-10-2024T07:03:41 - [TEST_STEP][PASSED] - println(o1B): null

16-10-2024T07:03:41 - [TEST_STEP][PASSED] - PR = <not implemented yet for class: org.codehaus.groovy.ast.expr.EmptyExpression>: null

16-10-2024T07:03:41 - [TEST_STEP][PASSED] - FR = <not implemented yet for class: org.codehaus.groovy.ast.expr.EmptyExpression>: null

16-10-2024T07:03:41 - [TEST_STEP][PASSED] - PB = <not implemented yet for class: org.codehaus.groovy.ast.expr.EmptyExpression>: null

16-10-2024T07:03:41 - [TEST_STEP][PASSED] - FB = <not implemented yet for class: org.codehaus.groovy.ast.expr.EmptyExpression>: null

16-10-2024T07:03:41 - [TEST_STEP][PASSED] - TR = <not implemented yet for class: org.codehaus.groovy.ast.expr.EmptyExpression>: null

16-10-2024T07:03:41 - [TEST_STEP][PASSED] - TB = <not implemented yet for class: org.codehaus.groovy.ast.expr.EmptyExpression>: null

16-10-2024T07:03:41 - [TEST_STEP][PASSED] - sheetName = "Sheet1": null

16-10-2024T07:03:41 - [TEST_STEP][PASSED] - data = findTestData("PlanFact"): null

16-10-2024T07:03:41 - [TEST_STEP][PASSED] - n = data.getRowNumbers() + 1: null

16-10-2024T07:03:41 - [TEST_STEP][PASSED] - year = todaysDate.substring(todaysDate.length() - 4, todaysDate.length()): null

16-10-2024T07:03:41 - [TEST_STEP][PASSED] - y = year.toInteger(): null

16-10-2024T07:03:41 - [TEST_STEP][PASSED] - m = getText(findTestObject("Выполнение бизнес-плана/Выполнение бизнес-плана Балансы/Фильтр Дата")): Text of object 'Object Repository/Выполнение бизнес-плана/Выполнение бизнес-плана Балансы/Фильтр Дата' is: '1, 2 кв., Июль, Август 2024 года'

16-10-2024T07:03:41 - [MESSAGE][PASSED] - Text of object 'Object Repository/Выполнение бизнес-плана/Выполнение бизнес-плана Балансы/Фильтр Дата' is: '1, 2 кв., Июль, Август 2024 года'

16-10-2024T07:03:41 - [TEST_STEP][PASSED] - m = m.substring(0, m.indexOf("2024")): null

16-10-2024T07:03:41 - [TEST_STEP][PASSED] - m = m.trim(): null

16-10-2024T07:03:41 - [TEST_STEP][PASSED] - dashboardName = "Выполнение бизнес-плана": null

16-10-2024T07:03:41 - [TEST_STEP][PASSED] - workbook01 = getWorkbook(excelFilePath): null

16-10-2024T07:03:41 - [TEST_STEP][PASSED] - sheet01 = getExcelSheet(workbook01, sheetName): null

16-10-2024T07:03:41 - [TEST_STEP][PASSED] - setValueToCellByIndex(sheet01, n, 0, dashboardName): null

16-10-2024T07:03:41 - [TEST_STEP][PASSED] - setValueToCellByIndex(sheet01, n, 1, dZO): null

16-10-2024T07:03:41 - [TEST_STEP][PASSED] - setValueToCellByIndex(sheet01, n, 2, typeOfData): null

16-10-2024T07:03:41 - [TEST_STEP][PASSED] - setValueToCellByIndex(sheet01, n, 3, typeOfData): null

16-10-2024T07:03:41 - [TEST_STEP][PASSED] - if (typeOfData == "План"): null

16-10-2024T07:03:41 - [TEST_STEP][PASSED] - else if (typeOfData == "Факт"): null

16-10-2024T07:03:41 - [TEST_STEP][PASSED] - else if (vidget.contains("электроэнергии") == true): null

16-10-2024T07:03:41 - [TEST_STEP][PASSED] - if (tabR == null): null

16-10-2024T07:03:41 - [TEST_STEP][PASSED] - else: null

16-10-2024T07:03:41 - [TEST_STEP][PASSED] - if (tabR == "нет данных"): null

16-10-2024T07:03:41 - [TEST_STEP][PASSED] - setValueToCellByIndex(sheet01, n, 4, "нет данных"): null

16-10-2024T07:03:41 - [TEST_STEP][PASSED] - if (tabB == null): null

16-10-2024T07:03:41 - [TEST_STEP][PASSED] - else: null

16-10-2024T07:03:41 - [TEST_STEP][PASSED] - if (tabB == "нет данных"): null

16-10-2024T07:03:41 - [TEST_STEP][PASSED] - else: null

16-10-2024T07:03:41 - [TEST_STEP][PASSED] - TB = tabB.toInteger(): null

16-10-2024T07:03:41 - [TEST_STEP][PASSED] - setValueToCellByIndex(sheet01, n, 5, TB): null

16-10-2024T07:03:41 - [TEST_STEP][PASSED] - setValueToCellByIndex(sheet01, n, 6, m): null

16-10-2024T07:03:41 - [TEST_STEP][PASSED] - setValueToCellByIndex(sheet01, n, 7, y): null

16-10-2024T07:03:41 - [TEST_STEP][PASSED] - setValueToCellByIndex(sheet01, n, 8, todaysDate): null

16-10-2024T07:03:41 - [TEST_STEP][PASSED] - n = n + 1: null

16-10-2024T07:03:41 - [TEST_STEP][PASSED] - saveWorkbook(excelFilePath, workbook01): null

16-10-2024T07:03:42 - [TEST_STEP][PASSED] - typeOfData = "План Отпуск из сети": null

16-10-2024T07:03:42 - [TEST_STEP][PASSED] - tabR = GetOiSPlanR(x = a): null

16-10-2024T07:03:42 - [TEST_STEP][PASSED] - i1 = <not implemented yet for class: org.codehaus.groovy.ast.expr.EmptyExpression>: null

16-10-2024T07:03:42 - [TEST_STEP][PASSED] - ii = <not implemented yet for class: org.codehaus.groovy.ast.expr.EmptyExpression>: null

16-10-2024T07:03:42 - [TEST_STEP][PASSED] - for ([ii = 1, ii < 8, (ii++)]): null

16-10-2024T07:03:42 - [TEST_STEP][PASSED] - i1 = x.indexOf("/") + 1: null

16-10-2024T07:03:42 - [TEST_STEP][PASSED] - if (i1 > -1): null

16-10-2024T07:03:42 - [TEST_STEP][PASSED] - x = x.substring(i1, x.length()): null

16-10-2024T07:03:42 - [TEST_STEP][PASSED] - println(x): null

16-10-2024T07:03:42 - [TEST_STEP][PASSED] - i1 = x.indexOf("/") + 1: null

16-10-2024T07:03:42 - [TEST_STEP][PASSED] - if (i1 > -1): null

16-10-2024T07:03:42 - [TEST_STEP][PASSED] - x = x.substring(i1, x.length()): null

16-10-2024T07:03:42 - [TEST_STEP][PASSED] - println(x): null

16-10-2024T07:03:42 - [TEST_STEP][PASSED] - i1 = x.indexOf("/") + 1: null

16-10-2024T07:03:42 - [TEST_STEP][PASSED] - if (i1 > -1): null

16-10-2024T07:03:42 - [TEST_STEP][PASSED] - x = x.substring(i1, x.length()): null

16-10-2024T07:03:42 - [TEST_STEP][PASSED] - println(x): null

16-10-2024T07:03:42 - [TEST_STEP][PASSED] - i1 = x.indexOf("/") + 1: null

16-10-2024T07:03:42 - [TEST_STEP][PASSED] - if (i1 > -1): null

16-10-2024T07:03:42 - [TEST_STEP][PASSED] - x = x.substring(i1, x.length()): null

16-10-2024T07:03:42 - [TEST_STEP][PASSED] - println(x): null

16-10-2024T07:03:42 - [TEST_STEP][PASSED] - i1 = x.indexOf("/") + 1: null

16-10-2024T07:03:42 - [TEST_STEP][PASSED] - if (i1 > -1): null

16-10-2024T07:03:42 - [TEST_STEP][PASSED] - x = x.substring(i1, x.length()): null

16-10-2024T07:03:42 - [TEST_STEP][PASSED] - println(x): null

16-10-2024T07:03:42 - [TEST_STEP][PASSED] - i1 = x.indexOf("/") + 1: null

16-10-2024T07:03:42 - [TEST_STEP][PASSED] - if (i1 > -1): null

16-10-2024T07:03:42 - [TEST_STEP][PASSED] - x = x.substring(i1, x.length()): null

16-10-2024T07:03:42 - [TEST_STEP][PASSED] - println(x): null

16-10-2024T07:03:42 - [TEST_STEP][PASSED] - i1 = x.indexOf("/") + 1: null

16-10-2024T07:03:42 - [TEST_STEP][PASSED] - if (i1 > -1): null

16-10-2024T07:03:42 - [TEST_STEP][PASSED] - x = x.substring(i1, x.length()): null

16-10-2024T07:03:42 - [TEST_STEP][PASSED] - println(x): null

16-10-2024T07:03:42 - [TEST_STEP][PASSED] - i1 = x.indexOf("/"): null

16-10-2024T07:03:42 - [TEST_STEP][PASSED] - if (i1 > -1): null

16-10-2024T07:03:42 - [TEST_STEP][PASSED] - x = x.substring(0, i1): null

16-10-2024T07:03:42 - [TEST_STEP][PASSED] - println(x): null

16-10-2024T07:03:42 - [TEST_STEP][PASSED] - return x: null

16-10-2024T07:03:42 - [TEST_STEP][PASSED] - tabB = GetOiSPlanB(x = b): null

16-10-2024T07:03:42 - [TEST_STEP][PASSED] - i1 = <not implemented yet for class: org.codehaus.groovy.ast.expr.EmptyExpression>: null

16-10-2024T07:03:42 - [TEST_STEP][PASSED] - ii = <not implemented yet for class: org.codehaus.groovy.ast.expr.EmptyExpression>: null

16-10-2024T07:03:42 - [TEST_STEP][PASSED] - for ([ii = 1, ii < 8, (ii++)]): null

16-10-2024T07:03:42 - [TEST_STEP][PASSED] - i1 = x.indexOf("/") + 1: null

16-10-2024T07:03:42 - [TEST_STEP][PASSED] - if (i1 > -1): null

16-10-2024T07:03:42 - [TEST_STEP][PASSED] - x = x.substring(i1, x.length()): null

16-10-2024T07:03:42 - [TEST_STEP][PASSED] - println(x): null

16-10-2024T07:03:42 - [TEST_STEP][PASSED] - i1 = x.indexOf("/") + 1: null

16-10-2024T07:03:42 - [TEST_STEP][PASSED] - if (i1 > -1): null

16-10-2024T07:03:42 - [TEST_STEP][PASSED] - x = x.substring(i1, x.length()): null

16-10-2024T07:03:42 - [TEST_STEP][PASSED] - println(x): null

16-10-2024T07:03:42 - [TEST_STEP][PASSED] - i1 = x.indexOf("/") + 1: null

16-10-2024T07:03:42 - [TEST_STEP][PASSED] - if (i1 > -1): null

16-10-2024T07:03:42 - [TEST_STEP][PASSED] - x = x.substring(i1, x.length()): null

16-10-2024T07:03:42 - [TEST_STEP][PASSED] - println(x): null

16-10-2024T07:03:42 - [TEST_STEP][PASSED] - i1 = x.indexOf("/") + 1: null

16-10-2024T07:03:42 - [TEST_STEP][PASSED] - if (i1 > -1): null

16-10-2024T07:03:42 - [TEST_STEP][PASSED] - x = x.substring(i1, x.length()): null

16-10-2024T07:03:42 - [TEST_STEP][PASSED] - println(x): null

16-10-2024T07:03:42 - [TEST_STEP][PASSED] - i1 = x.indexOf("/") + 1: null

16-10-2024T07:03:42 - [TEST_STEP][PASSED] - if (i1 > -1): null

16-10-2024T07:03:42 - [TEST_STEP][PASSED] - x = x.substring(i1, x.length()): null

16-10-2024T07:03:42 - [TEST_STEP][PASSED] - println(x): null

16-10-2024T07:03:42 - [TEST_STEP][PASSED] - i1 = x.indexOf("/") + 1: null

16-10-2024T07:03:42 - [TEST_STEP][PASSED] - if (i1 > -1): null

16-10-2024T07:03:42 - [TEST_STEP][PASSED] - x = x.substring(i1, x.length()): null

16-10-2024T07:03:42 - [TEST_STEP][PASSED] - println(x): null

16-10-2024T07:03:42 - [TEST_STEP][PASSED] - i1 = x.indexOf("/") + 1: null

16-10-2024T07:03:42 - [TEST_STEP][PASSED] - if (i1 > -1): null

16-10-2024T07:03:42 - [TEST_STEP][PASSED] - x = x.substring(i1, x.length()): null

16-10-2024T07:03:42 - [TEST_STEP][PASSED] - println(x): null

16-10-2024T07:03:42 - [TEST_STEP][PASSED] - i1 = x.indexOf("/"): null

16-10-2024T07:03:42 - [TEST_STEP][PASSED] - if (i1 > -1): null

16-10-2024T07:03:42 - [TEST_STEP][PASSED] - x = x.substring(0, i1): null

16-10-2024T07:03:42 - [TEST_STEP][PASSED] - println(x): null

16-10-2024T07:03:42 - [TEST_STEP][FAILED] - return x: null

16-10-2024T07:03:42 - [TEST_STEP][PASSED] - println(tabR + "/" + tabB): null

16-10-2024T07:03:42 - [TEST_STEP][FAILED] - if (verifyEqual(PercFactR, PercFactB) == false): null

16-10-2024T07:03:42 - [MESSAGE][FAILED] - Unable to verify equal between actual object 'нет данных' and expected object '5.54' (Root cause: com.kms.katalon.core.exception.StepFailedException: Actual object 'нет данных' and expected object '5.54' are not equal
	at com.kms.katalon.core.keyword.builtin.VerifyEqualKeyword$_verifyEqual_closure1.doCall(VerifyEqualKeyword.groovy:58)
	at com.kms.katalon.core.keyword.builtin.VerifyEqualKeyword$_verifyEqual_closure1.call(VerifyEqualKeyword.groovy)
	at com.kms.katalon.core.keyword.internal.KeywordMain.runKeyword(KeywordMain.groovy:75)
	at com.kms.katalon.core.keyword.builtin.VerifyEqualKeyword.verifyEqual(VerifyEqualKeyword.groovy:63)
	at com.kms.katalon.core.keyword.builtin.VerifyEqualKeyword.execute(VerifyEqualKeyword.groovy:44)
	at com.kms.katalon.core.keyword.internal.KeywordExecutor.executeKeywordForPlatform(KeywordExecutor.groovy:74)
	at com.kms.katalon.core.keyword.BuiltinKeywords.verifyEqual(BuiltinKeywords.groovy:146)
	at jdk.internal.reflect.GeneratedMethodAccessor25.invoke(Unknown Source)
	at java.base/jdk.internal.reflect.DelegatingMethodAccessorImpl.invoke(DelegatingMethodAccessorImpl.java:43)
	at Выполнение бизнес-плана сверка дашбордов.CompareDZOData(Выполнение бизнес-плана сверка дашбордов:758)
	at Выполнение бизнес-плана сверка дашбордов.run(Выполнение бизнес-плана сверка дашбордов:643)
	at com.kms.katalon.core.main.ScriptEngine.run(ScriptEngine.java:194)
	at com.kms.katalon.core.main.ScriptEngine.runScriptAsRawText(ScriptEngine.java:119)
	at com.kms.katalon.core.main.TestCaseExecutor.runScript(TestCaseExecutor.java:448)
	at com.kms.katalon.core.main.TestCaseExecutor.doExecute(TestCaseExecutor.java:439)
	at com.kms.katalon.core.main.TestCaseExecutor.processExecutionPhase(TestCaseExecutor.java:418)
	at com.kms.katalon.core.main.TestCaseExecutor.accessMainPhase(TestCaseExecutor.java:410)
	at com.kms.katalon.core.main.TestCaseExecutor.execute(TestCaseExecutor.java:285)
	at com.kms.katalon.core.common.CommonExecutor.accessTestCaseMainPhase(CommonExecutor.java:65)
	at com.kms.katalon.core.main.TestSuiteExecutor.accessTestSuiteMainPhase(TestSuiteExecutor.java:150)
	at com.kms.katalon.core.main.TestSuiteExecutor.execute(TestSuiteExecutor.java:106)
	at com.kms.katalon.core.main.TestCaseMain.startTestSuite(TestCaseMain.java:180)
	at TempTestSuite1729050801829.run(TempTestSuite1729050801829.groovy:35)
	at java.base/jdk.internal.reflect.NativeMethodAccessorImpl.invoke0(Native Method)
	at java.base/jdk.internal.reflect.NativeMethodAccessorImpl.invoke(NativeMethodAccessorImpl.java:77)
	at java.base/jdk.internal.reflect.DelegatingMethodAccessorImpl.invoke(DelegatingMethodAccessorImpl.java:43)
)

16-10-2024T07:03:42 - [TEST_STEP][PASSED] - result = WriteToExcel(typeOfData, todaysDate, PercPlanR, PercPlanB, PercFactR, PercFactB, x, tabR, tabB, o1R, o1B, vidget): null

16-10-2024T07:03:42 - [TEST_STEP][PASSED] - iii = dZO.indexOf("/"): null

16-10-2024T07:03:42 - [TEST_STEP][PASSED] - println(iii): null

16-10-2024T07:03:42 - [TEST_STEP][PASSED] - dZO = dZO.substring(0, iii): null

16-10-2024T07:03:42 - [TEST_STEP][PASSED] - println(dZO): null

16-10-2024T07:03:42 - [TEST_STEP][PASSED] - println(PercPlanR): null

16-10-2024T07:03:42 - [TEST_STEP][PASSED] - println(PercPlanB): null

16-10-2024T07:03:42 - [TEST_STEP][PASSED] - println(PercFactR): null

16-10-2024T07:03:42 - [TEST_STEP][PASSED] - println(PercFactB): null

16-10-2024T07:03:42 - [TEST_STEP][PASSED] - println(tabR): null

16-10-2024T07:03:42 - [TEST_STEP][PASSED] - println(tabB): null

16-10-2024T07:03:42 - [TEST_STEP][PASSED] - println(o1R): null

16-10-2024T07:03:42 - [TEST_STEP][PASSED] - println(o1B): null

16-10-2024T07:03:42 - [TEST_STEP][PASSED] - PR = <not implemented yet for class: org.codehaus.groovy.ast.expr.EmptyExpression>: null

16-10-2024T07:03:42 - [TEST_STEP][PASSED] - FR = <not implemented yet for class: org.codehaus.groovy.ast.expr.EmptyExpression>: null

16-10-2024T07:03:42 - [TEST_STEP][PASSED] - PB = <not implemented yet for class: org.codehaus.groovy.ast.expr.EmptyExpression>: null

16-10-2024T07:03:42 - [TEST_STEP][PASSED] - FB = <not implemented yet for class: org.codehaus.groovy.ast.expr.EmptyExpression>: null

16-10-2024T07:03:42 - [TEST_STEP][PASSED] - TR = <not implemented yet for class: org.codehaus.groovy.ast.expr.EmptyExpression>: null

16-10-2024T07:03:42 - [TEST_STEP][PASSED] - TB = <not implemented yet for class: org.codehaus.groovy.ast.expr.EmptyExpression>: null

16-10-2024T07:03:42 - [TEST_STEP][PASSED] - sheetName = "Sheet1": null

16-10-2024T07:03:42 - [TEST_STEP][PASSED] - data = findTestData("PlanFact"): null

16-10-2024T07:03:42 - [TEST_STEP][PASSED] - n = data.getRowNumbers() + 1: null

16-10-2024T07:03:42 - [TEST_STEP][PASSED] - year = todaysDate.substring(todaysDate.length() - 4, todaysDate.length()): null

16-10-2024T07:03:42 - [TEST_STEP][PASSED] - y = year.toInteger(): null

16-10-2024T07:03:42 - [TEST_STEP][PASSED] - m = getText(findTestObject("Выполнение бизнес-плана/Выполнение бизнес-плана Балансы/Фильтр Дата")): Text of object 'Object Repository/Выполнение бизнес-плана/Выполнение бизнес-плана Балансы/Фильтр Дата' is: '1, 2 кв., Июль, Август 2024 года'

16-10-2024T07:03:42 - [MESSAGE][PASSED] - Text of object 'Object Repository/Выполнение бизнес-плана/Выполнение бизнес-плана Балансы/Фильтр Дата' is: '1, 2 кв., Июль, Август 2024 года'

16-10-2024T07:03:42 - [TEST_STEP][PASSED] - m = m.substring(0, m.indexOf("2024")): null

16-10-2024T07:03:42 - [TEST_STEP][PASSED] - m = m.trim(): null

16-10-2024T07:03:42 - [TEST_STEP][PASSED] - dashboardName = "Выполнение бизнес-плана": null

16-10-2024T07:03:42 - [TEST_STEP][PASSED] - workbook01 = getWorkbook(excelFilePath): null

16-10-2024T07:03:42 - [TEST_STEP][PASSED] - sheet01 = getExcelSheet(workbook01, sheetName): null

16-10-2024T07:03:42 - [TEST_STEP][PASSED] - setValueToCellByIndex(sheet01, n, 0, dashboardName): null

16-10-2024T07:03:42 - [TEST_STEP][PASSED] - setValueToCellByIndex(sheet01, n, 1, dZO): null

16-10-2024T07:03:42 - [TEST_STEP][PASSED] - setValueToCellByIndex(sheet01, n, 2, typeOfData): null

16-10-2024T07:03:42 - [TEST_STEP][PASSED] - setValueToCellByIndex(sheet01, n, 3, typeOfData): null

16-10-2024T07:03:42 - [TEST_STEP][PASSED] - if (typeOfData == "План"): null

16-10-2024T07:03:42 - [TEST_STEP][PASSED] - else if (typeOfData == "Факт"): null

16-10-2024T07:03:42 - [TEST_STEP][PASSED] - else if (vidget.contains("электроэнергии") == true): null

16-10-2024T07:03:42 - [TEST_STEP][PASSED] - if (tabR == null): null

16-10-2024T07:03:42 - [TEST_STEP][PASSED] - else: null

16-10-2024T07:03:42 - [TEST_STEP][PASSED] - if (tabR == "нет данных"): null

16-10-2024T07:03:42 - [TEST_STEP][PASSED] - setValueToCellByIndex(sheet01, n, 4, "нет данных"): null

16-10-2024T07:03:42 - [TEST_STEP][PASSED] - if (tabB == null): null

16-10-2024T07:03:42 - [TEST_STEP][PASSED] - else: null

16-10-2024T07:03:42 - [TEST_STEP][PASSED] - if (tabB == "нет данных"): null

16-10-2024T07:03:42 - [TEST_STEP][PASSED] - else: null

16-10-2024T07:03:42 - [TEST_STEP][PASSED] - TB = tabB.toInteger(): null

16-10-2024T07:03:42 - [TEST_STEP][PASSED] - setValueToCellByIndex(sheet01, n, 5, TB): null

16-10-2024T07:03:42 - [TEST_STEP][PASSED] - setValueToCellByIndex(sheet01, n, 6, m): null

16-10-2024T07:03:42 - [TEST_STEP][PASSED] - setValueToCellByIndex(sheet01, n, 7, y): null

16-10-2024T07:03:42 - [TEST_STEP][PASSED] - setValueToCellByIndex(sheet01, n, 8, todaysDate): null

16-10-2024T07:03:42 - [TEST_STEP][PASSED] - n = n + 1: null

16-10-2024T07:03:42 - [TEST_STEP][PASSED] - saveWorkbook(excelFilePath, workbook01): null

16-10-2024T07:03:42 - [TEST_STEP][PASSED] - typeOfData = "План Потери": null

16-10-2024T07:03:42 - [TEST_STEP][PASSED] - tabR = GetPPlanR(x = a): null

16-10-2024T07:03:42 - [TEST_STEP][PASSED] - i1 = <not implemented yet for class: org.codehaus.groovy.ast.expr.EmptyExpression>: null

16-10-2024T07:03:42 - [TEST_STEP][PASSED] - ii = <not implemented yet for class: org.codehaus.groovy.ast.expr.EmptyExpression>: null

16-10-2024T07:03:42 - [TEST_STEP][PASSED] - for ([ii = 1, ii < 9, (ii++)]): null

16-10-2024T07:03:42 - [TEST_STEP][PASSED] - i1 = x.indexOf("/") + 1: null

16-10-2024T07:03:42 - [TEST_STEP][PASSED] - if (i1 > -1): null

16-10-2024T07:03:42 - [TEST_STEP][PASSED] - x = x.substring(i1, x.length()): null

16-10-2024T07:03:42 - [TEST_STEP][PASSED] - println(x): null

16-10-2024T07:03:42 - [TEST_STEP][PASSED] - i1 = x.indexOf("/") + 1: null

16-10-2024T07:03:42 - [TEST_STEP][PASSED] - if (i1 > -1): null

16-10-2024T07:03:42 - [TEST_STEP][PASSED] - x = x.substring(i1, x.length()): null

16-10-2024T07:03:42 - [TEST_STEP][PASSED] - println(x): null

16-10-2024T07:03:42 - [TEST_STEP][PASSED] - i1 = x.indexOf("/") + 1: null

16-10-2024T07:03:42 - [TEST_STEP][PASSED] - if (i1 > -1): null

16-10-2024T07:03:42 - [TEST_STEP][PASSED] - x = x.substring(i1, x.length()): null

16-10-2024T07:03:42 - [TEST_STEP][PASSED] - println(x): null

16-10-2024T07:03:42 - [TEST_STEP][PASSED] - i1 = x.indexOf("/") + 1: null

16-10-2024T07:03:42 - [TEST_STEP][PASSED] - if (i1 > -1): null

16-10-2024T07:03:42 - [TEST_STEP][PASSED] - x = x.substring(i1, x.length()): null

16-10-2024T07:03:42 - [TEST_STEP][PASSED] - println(x): null

16-10-2024T07:03:42 - [TEST_STEP][PASSED] - i1 = x.indexOf("/") + 1: null

16-10-2024T07:03:42 - [TEST_STEP][PASSED] - if (i1 > -1): null

16-10-2024T07:03:42 - [TEST_STEP][PASSED] - x = x.substring(i1, x.length()): null

16-10-2024T07:03:42 - [TEST_STEP][PASSED] - println(x): null

16-10-2024T07:03:42 - [TEST_STEP][PASSED] - i1 = x.indexOf("/") + 1: null

16-10-2024T07:03:42 - [TEST_STEP][PASSED] - if (i1 > -1): null

16-10-2024T07:03:42 - [TEST_STEP][PASSED] - x = x.substring(i1, x.length()): null

16-10-2024T07:03:42 - [TEST_STEP][PASSED] - println(x): null

16-10-2024T07:03:42 - [TEST_STEP][PASSED] - i1 = x.indexOf("/") + 1: null

16-10-2024T07:03:42 - [TEST_STEP][PASSED] - if (i1 > -1): null

16-10-2024T07:03:42 - [TEST_STEP][PASSED] - x = x.substring(i1, x.length()): null

16-10-2024T07:03:42 - [TEST_STEP][PASSED] - println(x): null

16-10-2024T07:03:42 - [TEST_STEP][PASSED] - i1 = x.indexOf("/") + 1: null

16-10-2024T07:03:42 - [TEST_STEP][PASSED] - if (i1 > -1): null

16-10-2024T07:03:42 - [TEST_STEP][PASSED] - x = x.substring(i1, x.length()): null

16-10-2024T07:03:42 - [TEST_STEP][PASSED] - println(x): null

16-10-2024T07:03:42 - [TEST_STEP][PASSED] - i1 = x.indexOf("/"): null

16-10-2024T07:03:42 - [TEST_STEP][PASSED] - if (i1 > -1): null

16-10-2024T07:03:42 - [TEST_STEP][PASSED] - x = x.substring(0, i1): null

16-10-2024T07:03:42 - [TEST_STEP][PASSED] - println(x): null

16-10-2024T07:03:42 - [TEST_STEP][PASSED] - return x: null

16-10-2024T07:03:42 - [TEST_STEP][PASSED] - tabB = GetPPlanB(x = b): null

16-10-2024T07:03:42 - [TEST_STEP][PASSED] - i1 = <not implemented yet for class: org.codehaus.groovy.ast.expr.EmptyExpression>: null

16-10-2024T07:03:42 - [TEST_STEP][PASSED] - ii = <not implemented yet for class: org.codehaus.groovy.ast.expr.EmptyExpression>: null

16-10-2024T07:03:42 - [TEST_STEP][PASSED] - for ([ii = 1, ii < 9, (ii++)]): null

16-10-2024T07:03:42 - [TEST_STEP][PASSED] - i1 = x.indexOf("/") + 1: null

16-10-2024T07:03:42 - [TEST_STEP][PASSED] - if (i1 > -1): null

16-10-2024T07:03:42 - [TEST_STEP][PASSED] - x = x.substring(i1, x.length()): null

16-10-2024T07:03:42 - [TEST_STEP][PASSED] - println(x): null

16-10-2024T07:03:42 - [TEST_STEP][PASSED] - i1 = x.indexOf("/") + 1: null

16-10-2024T07:03:42 - [TEST_STEP][PASSED] - if (i1 > -1): null

16-10-2024T07:03:42 - [TEST_STEP][PASSED] - x = x.substring(i1, x.length()): null

16-10-2024T07:03:42 - [TEST_STEP][PASSED] - println(x): null

16-10-2024T07:03:42 - [TEST_STEP][PASSED] - i1 = x.indexOf("/") + 1: null

16-10-2024T07:03:42 - [TEST_STEP][PASSED] - if (i1 > -1): null

16-10-2024T07:03:42 - [TEST_STEP][PASSED] - x = x.substring(i1, x.length()): null

16-10-2024T07:03:42 - [TEST_STEP][PASSED] - println(x): null

16-10-2024T07:03:42 - [TEST_STEP][PASSED] - i1 = x.indexOf("/") + 1: null

16-10-2024T07:03:42 - [TEST_STEP][PASSED] - if (i1 > -1): null

16-10-2024T07:03:42 - [TEST_STEP][PASSED] - x = x.substring(i1, x.length()): null

16-10-2024T07:03:42 - [TEST_STEP][PASSED] - println(x): null

16-10-2024T07:03:42 - [TEST_STEP][PASSED] - i1 = x.indexOf("/") + 1: null

16-10-2024T07:03:42 - [TEST_STEP][PASSED] - if (i1 > -1): null

16-10-2024T07:03:42 - [TEST_STEP][PASSED] - x = x.substring(i1, x.length()): null

16-10-2024T07:03:42 - [TEST_STEP][PASSED] - println(x): null

16-10-2024T07:03:42 - [TEST_STEP][PASSED] - i1 = x.indexOf("/") + 1: null

16-10-2024T07:03:42 - [TEST_STEP][PASSED] - if (i1 > -1): null

16-10-2024T07:03:42 - [TEST_STEP][PASSED] - x = x.substring(i1, x.length()): null

16-10-2024T07:03:42 - [TEST_STEP][PASSED] - println(x): null

16-10-2024T07:03:42 - [TEST_STEP][PASSED] - i1 = x.indexOf("/") + 1: null

16-10-2024T07:03:42 - [TEST_STEP][PASSED] - if (i1 > -1): null

16-10-2024T07:03:42 - [TEST_STEP][PASSED] - x = x.substring(i1, x.length()): null

16-10-2024T07:03:42 - [TEST_STEP][PASSED] - println(x): null

16-10-2024T07:03:42 - [TEST_STEP][PASSED] - i1 = x.indexOf("/") + 1: null

16-10-2024T07:03:42 - [TEST_STEP][PASSED] - if (i1 > -1): null

16-10-2024T07:03:42 - [TEST_STEP][PASSED] - x = x.substring(i1, x.length()): null

16-10-2024T07:03:42 - [TEST_STEP][PASSED] - println(x): null

16-10-2024T07:03:42 - [TEST_STEP][PASSED] - i1 = x.indexOf("/"): null

16-10-2024T07:03:42 - [TEST_STEP][PASSED] - if (i1 > -1): null

16-10-2024T07:03:42 - [TEST_STEP][PASSED] - x = x.substring(0, i1): null

16-10-2024T07:03:42 - [TEST_STEP][PASSED] - println(x): null

16-10-2024T07:03:42 - [TEST_STEP][FAILED] - return x: null

16-10-2024T07:03:42 - [TEST_STEP][PASSED] - println(tabR + "/" + tabB): null

16-10-2024T07:03:42 - [TEST_STEP][FAILED] - if (verifyEqual(PercFactR, PercFactB) == false): null

16-10-2024T07:03:42 - [MESSAGE][FAILED] - Unable to verify equal between actual object 'нет данных' and expected object '5.54' (Root cause: com.kms.katalon.core.exception.StepFailedException: Actual object 'нет данных' and expected object '5.54' are not equal
	at com.kms.katalon.core.keyword.builtin.VerifyEqualKeyword$_verifyEqual_closure1.doCall(VerifyEqualKeyword.groovy:58)
	at com.kms.katalon.core.keyword.builtin.VerifyEqualKeyword$_verifyEqual_closure1.call(VerifyEqualKeyword.groovy)
	at com.kms.katalon.core.keyword.internal.KeywordMain.runKeyword(KeywordMain.groovy:75)
	at com.kms.katalon.core.keyword.builtin.VerifyEqualKeyword.verifyEqual(VerifyEqualKeyword.groovy:63)
	at com.kms.katalon.core.keyword.builtin.VerifyEqualKeyword.execute(VerifyEqualKeyword.groovy:44)
	at com.kms.katalon.core.keyword.internal.KeywordExecutor.executeKeywordForPlatform(KeywordExecutor.groovy:74)
	at com.kms.katalon.core.keyword.BuiltinKeywords.verifyEqual(BuiltinKeywords.groovy:146)
	at jdk.internal.reflect.GeneratedMethodAccessor25.invoke(Unknown Source)
	at java.base/jdk.internal.reflect.DelegatingMethodAccessorImpl.invoke(DelegatingMethodAccessorImpl.java:43)
	at Выполнение бизнес-плана сверка дашбордов.CompareDZOData(Выполнение бизнес-плана сверка дашбордов:771)
	at Выполнение бизнес-плана сверка дашбордов.run(Выполнение бизнес-плана сверка дашбордов:643)
	at com.kms.katalon.core.main.ScriptEngine.run(ScriptEngine.java:194)
	at com.kms.katalon.core.main.ScriptEngine.runScriptAsRawText(ScriptEngine.java:119)
	at com.kms.katalon.core.main.TestCaseExecutor.runScript(TestCaseExecutor.java:448)
	at com.kms.katalon.core.main.TestCaseExecutor.doExecute(TestCaseExecutor.java:439)
	at com.kms.katalon.core.main.TestCaseExecutor.processExecutionPhase(TestCaseExecutor.java:418)
	at com.kms.katalon.core.main.TestCaseExecutor.accessMainPhase(TestCaseExecutor.java:410)
	at com.kms.katalon.core.main.TestCaseExecutor.execute(TestCaseExecutor.java:285)
	at com.kms.katalon.core.common.CommonExecutor.accessTestCaseMainPhase(CommonExecutor.java:65)
	at com.kms.katalon.core.main.TestSuiteExecutor.accessTestSuiteMainPhase(TestSuiteExecutor.java:150)
	at com.kms.katalon.core.main.TestSuiteExecutor.execute(TestSuiteExecutor.java:106)
	at com.kms.katalon.core.main.TestCaseMain.startTestSuite(TestCaseMain.java:180)
	at TempTestSuite1729050801829.run(TempTestSuite1729050801829.groovy:35)
	at java.base/jdk.internal.reflect.NativeMethodAccessorImpl.invoke0(Native Method)
	at java.base/jdk.internal.reflect.NativeMethodAccessorImpl.invoke(NativeMethodAccessorImpl.java:77)
	at java.base/jdk.internal.reflect.DelegatingMethodAccessorImpl.invoke(DelegatingMethodAccessorImpl.java:43)
)

16-10-2024T07:03:42 - [TEST_STEP][PASSED] - result = WriteToExcel(typeOfData, todaysDate, PercPlanR, PercPlanB, PercFactR, PercFactB, x, tabR, tabB, o1R, o1B, vidget): null

16-10-2024T07:03:42 - [TEST_STEP][PASSED] - iii = dZO.indexOf("/"): null

16-10-2024T07:03:42 - [TEST_STEP][PASSED] - println(iii): null

16-10-2024T07:03:42 - [TEST_STEP][PASSED] - dZO = dZO.substring(0, iii): null

16-10-2024T07:03:42 - [TEST_STEP][PASSED] - println(dZO): null

16-10-2024T07:03:42 - [TEST_STEP][PASSED] - println(PercPlanR): null

16-10-2024T07:03:42 - [TEST_STEP][PASSED] - println(PercPlanB): null

16-10-2024T07:03:42 - [TEST_STEP][PASSED] - println(PercFactR): null

16-10-2024T07:03:42 - [TEST_STEP][PASSED] - println(PercFactB): null

16-10-2024T07:03:42 - [TEST_STEP][PASSED] - println(tabR): null

16-10-2024T07:03:42 - [TEST_STEP][PASSED] - println(tabB): null

16-10-2024T07:03:42 - [TEST_STEP][PASSED] - println(o1R): null

16-10-2024T07:03:42 - [TEST_STEP][PASSED] - println(o1B): null

16-10-2024T07:03:42 - [TEST_STEP][PASSED] - PR = <not implemented yet for class: org.codehaus.groovy.ast.expr.EmptyExpression>: null

16-10-2024T07:03:42 - [TEST_STEP][PASSED] - FR = <not implemented yet for class: org.codehaus.groovy.ast.expr.EmptyExpression>: null

16-10-2024T07:03:42 - [TEST_STEP][PASSED] - PB = <not implemented yet for class: org.codehaus.groovy.ast.expr.EmptyExpression>: null

16-10-2024T07:03:42 - [TEST_STEP][PASSED] - FB = <not implemented yet for class: org.codehaus.groovy.ast.expr.EmptyExpression>: null

16-10-2024T07:03:42 - [TEST_STEP][PASSED] - TR = <not implemented yet for class: org.codehaus.groovy.ast.expr.EmptyExpression>: null

16-10-2024T07:03:42 - [TEST_STEP][PASSED] - TB = <not implemented yet for class: org.codehaus.groovy.ast.expr.EmptyExpression>: null

16-10-2024T07:03:42 - [TEST_STEP][PASSED] - sheetName = "Sheet1": null

16-10-2024T07:03:42 - [TEST_STEP][PASSED] - data = findTestData("PlanFact"): null

16-10-2024T07:03:42 - [TEST_STEP][PASSED] - n = data.getRowNumbers() + 1: null

16-10-2024T07:03:42 - [TEST_STEP][PASSED] - year = todaysDate.substring(todaysDate.length() - 4, todaysDate.length()): null

16-10-2024T07:03:42 - [TEST_STEP][PASSED] - y = year.toInteger(): null

16-10-2024T07:03:42 - [TEST_STEP][PASSED] - m = getText(findTestObject("Выполнение бизнес-плана/Выполнение бизнес-плана Балансы/Фильтр Дата")): Text of object 'Object Repository/Выполнение бизнес-плана/Выполнение бизнес-плана Балансы/Фильтр Дата' is: '1, 2 кв., Июль, Август 2024 года'

16-10-2024T07:03:43 - [MESSAGE][PASSED] - Text of object 'Object Repository/Выполнение бизнес-плана/Выполнение бизнес-плана Балансы/Фильтр Дата' is: '1, 2 кв., Июль, Август 2024 года'

16-10-2024T07:03:43 - [TEST_STEP][PASSED] - m = m.substring(0, m.indexOf("2024")): null

16-10-2024T07:03:43 - [TEST_STEP][PASSED] - m = m.trim(): null

16-10-2024T07:03:43 - [TEST_STEP][PASSED] - dashboardName = "Выполнение бизнес-плана": null

16-10-2024T07:03:43 - [TEST_STEP][PASSED] - workbook01 = getWorkbook(excelFilePath): null

16-10-2024T07:03:43 - [TEST_STEP][PASSED] - sheet01 = getExcelSheet(workbook01, sheetName): null

16-10-2024T07:03:43 - [TEST_STEP][PASSED] - setValueToCellByIndex(sheet01, n, 0, dashboardName): null

16-10-2024T07:03:43 - [TEST_STEP][PASSED] - setValueToCellByIndex(sheet01, n, 1, dZO): null

16-10-2024T07:03:43 - [TEST_STEP][PASSED] - setValueToCellByIndex(sheet01, n, 2, typeOfData): null

16-10-2024T07:03:43 - [TEST_STEP][PASSED] - setValueToCellByIndex(sheet01, n, 3, typeOfData): null

16-10-2024T07:03:43 - [TEST_STEP][PASSED] - if (typeOfData == "План"): null

16-10-2024T07:03:43 - [TEST_STEP][PASSED] - else if (typeOfData == "Факт"): null

16-10-2024T07:03:43 - [TEST_STEP][PASSED] - else if (vidget.contains("электроэнергии") == true): null

16-10-2024T07:03:43 - [TEST_STEP][PASSED] - if (tabR == null): null

16-10-2024T07:03:43 - [TEST_STEP][PASSED] - else: null

16-10-2024T07:03:43 - [TEST_STEP][PASSED] - if (tabR == "нет данных"): null

16-10-2024T07:03:43 - [TEST_STEP][PASSED] - setValueToCellByIndex(sheet01, n, 4, "нет данных"): null

16-10-2024T07:03:43 - [TEST_STEP][PASSED] - if (tabB == null): null

16-10-2024T07:03:43 - [TEST_STEP][PASSED] - else: null

16-10-2024T07:03:43 - [TEST_STEP][PASSED] - if (tabB == "нет данных"): null

16-10-2024T07:03:43 - [TEST_STEP][PASSED] - else: null

16-10-2024T07:03:43 - [TEST_STEP][PASSED] - TB = tabB.toInteger(): null

16-10-2024T07:03:43 - [TEST_STEP][PASSED] - setValueToCellByIndex(sheet01, n, 5, TB): null

16-10-2024T07:03:43 - [TEST_STEP][PASSED] - setValueToCellByIndex(sheet01, n, 6, m): null

16-10-2024T07:03:43 - [TEST_STEP][PASSED] - setValueToCellByIndex(sheet01, n, 7, y): null

16-10-2024T07:03:43 - [TEST_STEP][PASSED] - setValueToCellByIndex(sheet01, n, 8, todaysDate): null

16-10-2024T07:03:43 - [TEST_STEP][PASSED] - n = n + 1: null

16-10-2024T07:03:43 - [TEST_STEP][PASSED] - saveWorkbook(excelFilePath, workbook01): null

16-10-2024T07:03:43 - [TEST_STEP][PASSED] - ii2 = a.indexOf("ПАО"): null

16-10-2024T07:03:43 - [TEST_STEP][PASSED] - if (ii2 == -1): null

16-10-2024T07:03:43 - [TEST_STEP][PASSED] - vidget = "Отклонения фактического уровня потерь от бизнес-плана": null

16-10-2024T07:03:43 - [TEST_STEP][PASSED] - typeOfData = "Коэффициент": null

16-10-2024T07:03:43 - [TEST_STEP][PASSED] - o1R = Geto1R(x = a): null

16-10-2024T07:03:43 - [TEST_STEP][PASSED] - i1 = <not implemented yet for class: org.codehaus.groovy.ast.expr.EmptyExpression>: null

16-10-2024T07:03:43 - [TEST_STEP][PASSED] - ii = <not implemented yet for class: org.codehaus.groovy.ast.expr.EmptyExpression>: null

16-10-2024T07:03:43 - [TEST_STEP][PASSED] - for ([ii = 1, ii < 10, (ii++)]): null

16-10-2024T07:03:43 - [TEST_STEP][PASSED] - i1 = x.indexOf("/") + 1: null

16-10-2024T07:03:43 - [TEST_STEP][PASSED] - if (i1 > -1): null

16-10-2024T07:03:43 - [TEST_STEP][PASSED] - x = x.substring(i1, x.length()): null

16-10-2024T07:03:43 - [TEST_STEP][PASSED] - i1 = x.indexOf("/") + 1: null

16-10-2024T07:03:43 - [TEST_STEP][PASSED] - if (i1 > -1): null

16-10-2024T07:03:43 - [TEST_STEP][PASSED] - x = x.substring(i1, x.length()): null

16-10-2024T07:03:43 - [TEST_STEP][PASSED] - i1 = x.indexOf("/") + 1: null

16-10-2024T07:03:43 - [TEST_STEP][PASSED] - if (i1 > -1): null

16-10-2024T07:03:43 - [TEST_STEP][PASSED] - x = x.substring(i1, x.length()): null

16-10-2024T07:03:43 - [TEST_STEP][PASSED] - i1 = x.indexOf("/") + 1: null

16-10-2024T07:03:43 - [TEST_STEP][PASSED] - if (i1 > -1): null

16-10-2024T07:03:43 - [TEST_STEP][PASSED] - x = x.substring(i1, x.length()): null

16-10-2024T07:03:43 - [TEST_STEP][PASSED] - i1 = x.indexOf("/") + 1: null

16-10-2024T07:03:43 - [TEST_STEP][PASSED] - if (i1 > -1): null

16-10-2024T07:03:43 - [TEST_STEP][PASSED] - x = x.substring(i1, x.length()): null

16-10-2024T07:03:43 - [TEST_STEP][PASSED] - i1 = x.indexOf("/") + 1: null

16-10-2024T07:03:43 - [TEST_STEP][PASSED] - if (i1 > -1): null

16-10-2024T07:03:43 - [TEST_STEP][PASSED] - x = x.substring(i1, x.length()): null

16-10-2024T07:03:43 - [TEST_STEP][PASSED] - i1 = x.indexOf("/") + 1: null

16-10-2024T07:03:43 - [TEST_STEP][PASSED] - if (i1 > -1): null

16-10-2024T07:03:43 - [TEST_STEP][PASSED] - x = x.substring(i1, x.length()): null

16-10-2024T07:03:43 - [TEST_STEP][PASSED] - i1 = x.indexOf("/") + 1: null

16-10-2024T07:03:43 - [TEST_STEP][PASSED] - if (i1 > -1): null

16-10-2024T07:03:43 - [TEST_STEP][PASSED] - x = x.substring(i1, x.length()): null

16-10-2024T07:03:43 - [TEST_STEP][PASSED] - i1 = x.indexOf("/") + 1: null

16-10-2024T07:03:43 - [TEST_STEP][PASSED] - if (i1 > -1): null

16-10-2024T07:03:43 - [TEST_STEP][PASSED] - x = x.substring(i1, x.length()): null

16-10-2024T07:03:43 - [TEST_STEP][PASSED] - i1 = x.indexOf("/"): null

16-10-2024T07:03:43 - [TEST_STEP][PASSED] - if (i1 > -1): null

16-10-2024T07:03:43 - [TEST_STEP][PASSED] - println(x): null

16-10-2024T07:03:43 - [TEST_STEP][PASSED] - return x: null

16-10-2024T07:03:43 - [TEST_STEP][PASSED] - o1B = Geto1B(x = b): null

16-10-2024T07:03:43 - [TEST_STEP][PASSED] - i1 = <not implemented yet for class: org.codehaus.groovy.ast.expr.EmptyExpression>: null

16-10-2024T07:03:43 - [TEST_STEP][PASSED] - ii = <not implemented yet for class: org.codehaus.groovy.ast.expr.EmptyExpression>: null

16-10-2024T07:03:43 - [TEST_STEP][PASSED] - for ([ii = 1, ii < 10, (ii++)]): null

16-10-2024T07:03:43 - [TEST_STEP][PASSED] - i1 = x.indexOf("/") + 1: null

16-10-2024T07:03:43 - [TEST_STEP][PASSED] - if (i1 > -1): null

16-10-2024T07:03:43 - [TEST_STEP][PASSED] - x = x.substring(i1, x.length()): null

16-10-2024T07:03:43 - [TEST_STEP][PASSED] - i1 = x.indexOf("/") + 1: null

16-10-2024T07:03:43 - [TEST_STEP][PASSED] - if (i1 > -1): null

16-10-2024T07:03:43 - [TEST_STEP][PASSED] - x = x.substring(i1, x.length()): null

16-10-2024T07:03:43 - [TEST_STEP][PASSED] - i1 = x.indexOf("/") + 1: null

16-10-2024T07:03:43 - [TEST_STEP][PASSED] - if (i1 > -1): null

16-10-2024T07:03:43 - [TEST_STEP][PASSED] - x = x.substring(i1, x.length()): null

16-10-2024T07:03:43 - [TEST_STEP][PASSED] - i1 = x.indexOf("/") + 1: null

16-10-2024T07:03:43 - [TEST_STEP][PASSED] - if (i1 > -1): null

16-10-2024T07:03:43 - [TEST_STEP][PASSED] - x = x.substring(i1, x.length()): null

16-10-2024T07:03:43 - [TEST_STEP][PASSED] - i1 = x.indexOf("/") + 1: null

16-10-2024T07:03:43 - [TEST_STEP][PASSED] - if (i1 > -1): null

16-10-2024T07:03:43 - [TEST_STEP][PASSED] - x = x.substring(i1, x.length()): null

16-10-2024T07:03:43 - [TEST_STEP][PASSED] - i1 = x.indexOf("/") + 1: null

16-10-2024T07:03:43 - [TEST_STEP][PASSED] - if (i1 > -1): null

16-10-2024T07:03:43 - [TEST_STEP][PASSED] - x = x.substring(i1, x.length()): null

16-10-2024T07:03:43 - [TEST_STEP][PASSED] - i1 = x.indexOf("/") + 1: null

16-10-2024T07:03:43 - [TEST_STEP][PASSED] - if (i1 > -1): null

16-10-2024T07:03:43 - [TEST_STEP][PASSED] - x = x.substring(i1, x.length()): null

16-10-2024T07:03:43 - [TEST_STEP][PASSED] - i1 = x.indexOf("/") + 1: null

16-10-2024T07:03:43 - [TEST_STEP][PASSED] - if (i1 > -1): null

16-10-2024T07:03:43 - [TEST_STEP][PASSED] - x = x.substring(i1, x.length()): null

16-10-2024T07:03:43 - [TEST_STEP][PASSED] - i1 = x.indexOf("/") + 1: null

16-10-2024T07:03:43 - [TEST_STEP][PASSED] - if (i1 > -1): null

16-10-2024T07:03:43 - [TEST_STEP][PASSED] - x = x.substring(i1, x.length()): null

16-10-2024T07:03:43 - [TEST_STEP][PASSED] - i1 = x.indexOf("/"): null

16-10-2024T07:03:43 - [TEST_STEP][PASSED] - if (i1 > -1): null

16-10-2024T07:03:43 - [TEST_STEP][PASSED] - println(x): null

16-10-2024T07:03:43 - [TEST_STEP][FAILED] - return x: null

16-10-2024T07:03:43 - [TEST_STEP][PASSED] - println(o1R + "/" + o1B): null

16-10-2024T07:03:43 - [TEST_STEP][FAILED] - if (verifyEqual(PercFactR, PercFactB) == false): null

16-10-2024T07:03:43 - [MESSAGE][FAILED] - Unable to verify equal between actual object 'нет данных' and expected object '5.54' (Root cause: com.kms.katalon.core.exception.StepFailedException: Actual object 'нет данных' and expected object '5.54' are not equal
	at com.kms.katalon.core.keyword.builtin.VerifyEqualKeyword$_verifyEqual_closure1.doCall(VerifyEqualKeyword.groovy:58)
	at com.kms.katalon.core.keyword.builtin.VerifyEqualKeyword$_verifyEqual_closure1.call(VerifyEqualKeyword.groovy)
	at com.kms.katalon.core.keyword.internal.KeywordMain.runKeyword(KeywordMain.groovy:75)
	at com.kms.katalon.core.keyword.builtin.VerifyEqualKeyword.verifyEqual(VerifyEqualKeyword.groovy:63)
	at com.kms.katalon.core.keyword.builtin.VerifyEqualKeyword.execute(VerifyEqualKeyword.groovy:44)
	at com.kms.katalon.core.keyword.internal.KeywordExecutor.executeKeywordForPlatform(KeywordExecutor.groovy:74)
	at com.kms.katalon.core.keyword.BuiltinKeywords.verifyEqual(BuiltinKeywords.groovy:146)
	at jdk.internal.reflect.GeneratedMethodAccessor25.invoke(Unknown Source)
	at java.base/jdk.internal.reflect.DelegatingMethodAccessorImpl.invoke(DelegatingMethodAccessorImpl.java:43)
	at Выполнение бизнес-плана сверка дашбордов.CompareDZOData(Выполнение бизнес-плана сверка дашбордов:789)
	at Выполнение бизнес-плана сверка дашбордов.run(Выполнение бизнес-плана сверка дашбордов:643)
	at com.kms.katalon.core.main.ScriptEngine.run(ScriptEngine.java:194)
	at com.kms.katalon.core.main.ScriptEngine.runScriptAsRawText(ScriptEngine.java:119)
	at com.kms.katalon.core.main.TestCaseExecutor.runScript(TestCaseExecutor.java:448)
	at com.kms.katalon.core.main.TestCaseExecutor.doExecute(TestCaseExecutor.java:439)
	at com.kms.katalon.core.main.TestCaseExecutor.processExecutionPhase(TestCaseExecutor.java:418)
	at com.kms.katalon.core.main.TestCaseExecutor.accessMainPhase(TestCaseExecutor.java:410)
	at com.kms.katalon.core.main.TestCaseExecutor.execute(TestCaseExecutor.java:285)
	at com.kms.katalon.core.common.CommonExecutor.accessTestCaseMainPhase(CommonExecutor.java:65)
	at com.kms.katalon.core.main.TestSuiteExecutor.accessTestSuiteMainPhase(TestSuiteExecutor.java:150)
	at com.kms.katalon.core.main.TestSuiteExecutor.execute(TestSuiteExecutor.java:106)
	at com.kms.katalon.core.main.TestCaseMain.startTestSuite(TestCaseMain.java:180)
	at TempTestSuite1729050801829.run(TempTestSuite1729050801829.groovy:35)
	at java.base/jdk.internal.reflect.NativeMethodAccessorImpl.invoke0(Native Method)
	at java.base/jdk.internal.reflect.NativeMethodAccessorImpl.invoke(NativeMethodAccessorImpl.java:77)
	at java.base/jdk.internal.reflect.DelegatingMethodAccessorImpl.invoke(DelegatingMethodAccessorImpl.java:43)
)

16-10-2024T07:03:43 - [TEST_STEP][PASSED] - result = WriteToExcel(typeOfData, todaysDate, PercPlanR, PercPlanB, PercFactR, PercFactB, x, tabR, tabB, o1R, o1B, vidget): null

16-10-2024T07:03:43 - [TEST_STEP][PASSED] - iii = dZO.indexOf("/"): null

16-10-2024T07:03:43 - [TEST_STEP][PASSED] - println(iii): null

16-10-2024T07:03:43 - [TEST_STEP][PASSED] - dZO = dZO.substring(0, iii): null

16-10-2024T07:03:43 - [TEST_STEP][PASSED] - println(dZO): null

16-10-2024T07:03:43 - [TEST_STEP][PASSED] - println(PercPlanR): null

16-10-2024T07:03:43 - [TEST_STEP][PASSED] - println(PercPlanB): null

16-10-2024T07:03:43 - [TEST_STEP][PASSED] - println(PercFactR): null

16-10-2024T07:03:43 - [TEST_STEP][PASSED] - println(PercFactB): null

16-10-2024T07:03:43 - [TEST_STEP][PASSED] - println(tabR): null

16-10-2024T07:03:43 - [TEST_STEP][PASSED] - println(tabB): null

16-10-2024T07:03:43 - [TEST_STEP][PASSED] - println(o1R): null

16-10-2024T07:03:43 - [TEST_STEP][PASSED] - println(o1B): null

16-10-2024T07:03:43 - [TEST_STEP][PASSED] - PR = <not implemented yet for class: org.codehaus.groovy.ast.expr.EmptyExpression>: null

16-10-2024T07:03:43 - [TEST_STEP][PASSED] - FR = <not implemented yet for class: org.codehaus.groovy.ast.expr.EmptyExpression>: null

16-10-2024T07:03:43 - [TEST_STEP][PASSED] - PB = <not implemented yet for class: org.codehaus.groovy.ast.expr.EmptyExpression>: null

16-10-2024T07:03:43 - [TEST_STEP][PASSED] - FB = <not implemented yet for class: org.codehaus.groovy.ast.expr.EmptyExpression>: null

16-10-2024T07:03:43 - [TEST_STEP][PASSED] - TR = <not implemented yet for class: org.codehaus.groovy.ast.expr.EmptyExpression>: null

16-10-2024T07:03:43 - [TEST_STEP][PASSED] - TB = <not implemented yet for class: org.codehaus.groovy.ast.expr.EmptyExpression>: null

16-10-2024T07:03:43 - [TEST_STEP][PASSED] - sheetName = "Sheet1": null

16-10-2024T07:03:43 - [TEST_STEP][PASSED] - data = findTestData("PlanFact"): null

16-10-2024T07:03:43 - [TEST_STEP][PASSED] - n = data.getRowNumbers() + 1: null

16-10-2024T07:03:43 - [TEST_STEP][PASSED] - year = todaysDate.substring(todaysDate.length() - 4, todaysDate.length()): null

16-10-2024T07:03:43 - [TEST_STEP][PASSED] - y = year.toInteger(): null

16-10-2024T07:03:43 - [TEST_STEP][PASSED] - m = getText(findTestObject("Выполнение бизнес-плана/Выполнение бизнес-плана Балансы/Фильтр Дата")): Text of object 'Object Repository/Выполнение бизнес-плана/Выполнение бизнес-плана Балансы/Фильтр Дата' is: '1, 2 кв., Июль, Август 2024 года'

16-10-2024T07:03:43 - [MESSAGE][PASSED] - Text of object 'Object Repository/Выполнение бизнес-плана/Выполнение бизнес-плана Балансы/Фильтр Дата' is: '1, 2 кв., Июль, Август 2024 года'

16-10-2024T07:03:43 - [TEST_STEP][PASSED] - m = m.substring(0, m.indexOf("2024")): null

16-10-2024T07:03:43 - [TEST_STEP][PASSED] - m = m.trim(): null

16-10-2024T07:03:43 - [TEST_STEP][PASSED] - dashboardName = "Выполнение бизнес-плана": null

16-10-2024T07:03:43 - [TEST_STEP][PASSED] - workbook01 = getWorkbook(excelFilePath): null

16-10-2024T07:03:43 - [TEST_STEP][PASSED] - sheet01 = getExcelSheet(workbook01, sheetName): null

16-10-2024T07:03:43 - [TEST_STEP][PASSED] - setValueToCellByIndex(sheet01, n, 0, dashboardName): null

16-10-2024T07:03:43 - [TEST_STEP][PASSED] - setValueToCellByIndex(sheet01, n, 1, dZO): null

16-10-2024T07:03:43 - [TEST_STEP][PASSED] - setValueToCellByIndex(sheet01, n, 2, typeOfData): null

16-10-2024T07:03:43 - [TEST_STEP][PASSED] - setValueToCellByIndex(sheet01, n, 3, typeOfData): null

16-10-2024T07:03:43 - [TEST_STEP][PASSED] - if (typeOfData == "План"): null

16-10-2024T07:03:43 - [TEST_STEP][PASSED] - else if (typeOfData == "Факт"): null

16-10-2024T07:03:43 - [TEST_STEP][PASSED] - else if (vidget.contains("электроэнергии") == true): null

16-10-2024T07:03:43 - [TEST_STEP][PASSED] - else: null

16-10-2024T07:03:43 - [TEST_STEP][PASSED] - if (o1R == null): null

16-10-2024T07:03:43 - [TEST_STEP][PASSED] - else: null

16-10-2024T07:03:43 - [TEST_STEP][PASSED] - if (o1R == "нет данных"): null

16-10-2024T07:03:43 - [TEST_STEP][PASSED] - setValueToCellByIndex(sheet01, n, 4, "нет данных"): null

16-10-2024T07:03:43 - [TEST_STEP][PASSED] - if (o1B == null): null

16-10-2024T07:03:43 - [TEST_STEP][PASSED] - else: null

16-10-2024T07:03:43 - [TEST_STEP][PASSED] - if (o1B == "нет данных"): null

16-10-2024T07:03:43 - [TEST_STEP][PASSED] - else: null

16-10-2024T07:03:43 - [TEST_STEP][PASSED] - FB = o1B.toDouble(): null

16-10-2024T07:03:43 - [TEST_STEP][PASSED] - setValueToCellByIndex(sheet01, n, 5, FB): null

16-10-2024T07:03:43 - [TEST_STEP][PASSED] - setValueToCellByIndex(sheet01, n, 6, m): null

16-10-2024T07:03:43 - [TEST_STEP][PASSED] - setValueToCellByIndex(sheet01, n, 7, y): null

16-10-2024T07:03:43 - [TEST_STEP][PASSED] - setValueToCellByIndex(sheet01, n, 8, todaysDate): null

16-10-2024T07:03:43 - [TEST_STEP][PASSED] - n = n + 1: null

16-10-2024T07:03:43 - [TEST_STEP][FAILED] - saveWorkbook(excelFilePath, workbook01): null

16-10-2024T07:03:44 - [TEST_STEP][PASSED] - if (verifyEqual(cenR, cenB) == false): Actual object 'Россети Центр (ГК)/10.14/9.71/40032969/36144550/3888420/38560890/34651956/3908934/-0.42' and expected object 'Россети Центр (ГК)/10.14/9.71/40032969/36144550/3888420/38560890/34651956/3908934/-0.42' are equal

16-10-2024T07:03:44 - [MESSAGE][PASSED] - Actual object 'Россети Центр (ГК)/10.14/9.71/40032969/36144550/3888420/38560890/34651956/3908934/-0.42' and expected object 'Россети Центр (ГК)/10.14/9.71/40032969/36144550/3888420/38560890/34651956/3908934/-0.42' are equal

16-10-2024T07:03:44 - [TEST_STEP][PASSED] - if (verifyEqual(cIPR, cIPB) == false): Actual object 'Россети Центр и Приволжье (ГК)/6.93/6.73/36847701/34366748/2480953/35372175/32922490/2449685/-0.19' and expected object 'Россети Центр и Приволжье (ГК)/6.93/6.73/36847701/34366748/2480953/35372175/32922490/2449685/-0.19' are equal

16-10-2024T07:03:44 - [MESSAGE][PASSED] - Actual object 'Россети Центр и Приволжье (ГК)/6.93/6.73/36847701/34366748/2480953/35372175/32922490/2449685/-0.19' and expected object 'Россети Центр и Приволжье (ГК)/6.93/6.73/36847701/34366748/2480953/35372175/32922490/2449685/-0.19' are equal

16-10-2024T07:03:44 - [TEST_STEP][FAILED] - if (verifyEqual(ugR, ugB) == false): null

16-10-2024T07:03:44 - [MESSAGE][FAILED] - Unable to verify equal between actual object 'Россети Юг (ГК)/нет данных/нет данных/нет данных/нет данных/нет данных/нет данных/нет данных/нет данных/нет данных' and expected object 'Россети Юг (ГК)/9.28/8.88/20309528/18505161/1804367/19634178/17812520/1821658/-0.39' (Root cause: com.kms.katalon.core.exception.StepFailedException: Actual object 'Россети Юг (ГК)/нет данных/нет данных/нет данных/нет данных/нет данных/нет данных/нет данных/нет данных/нет данных' and expected object 'Россети Юг (ГК)/9.28/8.88/20309528/18505161/1804367/19634178/17812520/1821658/-0.39' are not equal
	at com.kms.katalon.core.keyword.builtin.VerifyEqualKeyword$_verifyEqual_closure1.doCall(VerifyEqualKeyword.groovy:58)
	at com.kms.katalon.core.keyword.builtin.VerifyEqualKeyword$_verifyEqual_closure1.call(VerifyEqualKeyword.groovy)
	at com.kms.katalon.core.keyword.internal.KeywordMain.runKeyword(KeywordMain.groovy:75)
	at com.kms.katalon.core.keyword.builtin.VerifyEqualKeyword.verifyEqual(VerifyEqualKeyword.groovy:63)
	at com.kms.katalon.core.keyword.builtin.VerifyEqualKeyword.execute(VerifyEqualKeyword.groovy:44)
	at com.kms.katalon.core.keyword.internal.KeywordExecutor.executeKeywordForPlatform(KeywordExecutor.groovy:74)
	at com.kms.katalon.core.keyword.BuiltinKeywords.verifyEqual(BuiltinKeywords.groovy:146)
	at jdk.internal.reflect.GeneratedMethodAccessor25.invoke(Unknown Source)
	at java.base/jdk.internal.reflect.DelegatingMethodAccessorImpl.invoke(DelegatingMethodAccessorImpl.java:43)
	at Выполнение бизнес-плана сверка дашбордов.run(Выполнение бизнес-плана сверка дашбордов:657)
	at com.kms.katalon.core.main.ScriptEngine.run(ScriptEngine.java:194)
	at com.kms.katalon.core.main.ScriptEngine.runScriptAsRawText(ScriptEngine.java:119)
	at com.kms.katalon.core.main.TestCaseExecutor.runScript(TestCaseExecutor.java:448)
	at com.kms.katalon.core.main.TestCaseExecutor.doExecute(TestCaseExecutor.java:439)
	at com.kms.katalon.core.main.TestCaseExecutor.processExecutionPhase(TestCaseExecutor.java:418)
	at com.kms.katalon.core.main.TestCaseExecutor.accessMainPhase(TestCaseExecutor.java:410)
	at com.kms.katalon.core.main.TestCaseExecutor.execute(TestCaseExecutor.java:285)
	at com.kms.katalon.core.common.CommonExecutor.accessTestCaseMainPhase(CommonExecutor.java:65)
	at com.kms.katalon.core.main.TestSuiteExecutor.accessTestSuiteMainPhase(TestSuiteExecutor.java:150)
	at com.kms.katalon.core.main.TestSuiteExecutor.execute(TestSuiteExecutor.java:106)
	at com.kms.katalon.core.main.TestCaseMain.startTestSuite(TestCaseMain.java:180)
	at TempTestSuite1729050801829.run(TempTestSuite1729050801829.groovy:35)
	at java.base/jdk.internal.reflect.NativeMethodAccessorImpl.invoke0(Native Method)
	at java.base/jdk.internal.reflect.NativeMethodAccessorImpl.invoke(NativeMethodAccessorImpl.java:77)
	at java.base/jdk.internal.reflect.DelegatingMethodAccessorImpl.invoke(DelegatingMethodAccessorImpl.java:43)
)

16-10-2024T07:03:44 - [TEST_STEP][PASSED] - result = CompareDZOData(a = ugR, b = ugB, dZO, typeOfData, PercPlanR, PercPlanB, PercFactR, PercFactB, todaysDate, x, vidget, tabR, tabB, o1R, o1B): null

16-10-2024T07:03:44 - [TEST_STEP][PASSED] - ii2 = <not implemented yet for class: org.codehaus.groovy.ast.expr.EmptyExpression>: null

16-10-2024T07:03:44 - [TEST_STEP][FAILED] - if (verifyEqual(a, b) == false): null

16-10-2024T07:03:44 - [MESSAGE][FAILED] - Unable to verify equal between actual object 'Россети Юг (ГК)/нет данных/нет данных/нет данных/нет данных/нет данных/нет данных/нет данных/нет данных/нет данных' and expected object 'Россети Юг (ГК)/9.28/8.88/20309528/18505161/1804367/19634178/17812520/1821658/-0.39' (Root cause: com.kms.katalon.core.exception.StepFailedException: Actual object 'Россети Юг (ГК)/нет данных/нет данных/нет данных/нет данных/нет данных/нет данных/нет данных/нет данных/нет данных' and expected object 'Россети Юг (ГК)/9.28/8.88/20309528/18505161/1804367/19634178/17812520/1821658/-0.39' are not equal
	at com.kms.katalon.core.keyword.builtin.VerifyEqualKeyword$_verifyEqual_closure1.doCall(VerifyEqualKeyword.groovy:58)
	at com.kms.katalon.core.keyword.builtin.VerifyEqualKeyword$_verifyEqual_closure1.call(VerifyEqualKeyword.groovy)
	at com.kms.katalon.core.keyword.internal.KeywordMain.runKeyword(KeywordMain.groovy:75)
	at com.kms.katalon.core.keyword.builtin.VerifyEqualKeyword.verifyEqual(VerifyEqualKeyword.groovy:63)
	at com.kms.katalon.core.keyword.builtin.VerifyEqualKeyword.execute(VerifyEqualKeyword.groovy:44)
	at com.kms.katalon.core.keyword.internal.KeywordExecutor.executeKeywordForPlatform(KeywordExecutor.groovy:74)
	at com.kms.katalon.core.keyword.BuiltinKeywords.verifyEqual(BuiltinKeywords.groovy:146)
	at jdk.internal.reflect.GeneratedMethodAccessor25.invoke(Unknown Source)
	at java.base/jdk.internal.reflect.DelegatingMethodAccessorImpl.invoke(DelegatingMethodAccessorImpl.java:43)
	at Выполнение бизнес-плана сверка дашбордов.CompareDZOData(Выполнение бизнес-плана сверка дашбордов:673)
	at Выполнение бизнес-плана сверка дашбордов.run(Выполнение бизнес-плана сверка дашбордов:658)
	at com.kms.katalon.core.main.ScriptEngine.run(ScriptEngine.java:194)
	at com.kms.katalon.core.main.ScriptEngine.runScriptAsRawText(ScriptEngine.java:119)
	at com.kms.katalon.core.main.TestCaseExecutor.runScript(TestCaseExecutor.java:448)
	at com.kms.katalon.core.main.TestCaseExecutor.doExecute(TestCaseExecutor.java:439)
	at com.kms.katalon.core.main.TestCaseExecutor.processExecutionPhase(TestCaseExecutor.java:418)
	at com.kms.katalon.core.main.TestCaseExecutor.accessMainPhase(TestCaseExecutor.java:410)
	at com.kms.katalon.core.main.TestCaseExecutor.execute(TestCaseExecutor.java:285)
	at com.kms.katalon.core.common.CommonExecutor.accessTestCaseMainPhase(CommonExecutor.java:65)
	at com.kms.katalon.core.main.TestSuiteExecutor.accessTestSuiteMainPhase(TestSuiteExecutor.java:150)
	at com.kms.katalon.core.main.TestSuiteExecutor.execute(TestSuiteExecutor.java:106)
	at com.kms.katalon.core.main.TestCaseMain.startTestSuite(TestCaseMain.java:180)
	at TempTestSuite1729050801829.run(TempTestSuite1729050801829.groovy:35)
	at java.base/jdk.internal.reflect.NativeMethodAccessorImpl.invoke0(Native Method)
	at java.base/jdk.internal.reflect.NativeMethodAccessorImpl.invoke(NativeMethodAccessorImpl.java:77)
	at java.base/jdk.internal.reflect.DelegatingMethodAccessorImpl.invoke(DelegatingMethodAccessorImpl.java:43)
)

16-10-2024T07:03:44 - [TEST_STEP][PASSED] - vidget = "Уровень потерь электроэнергии": null

16-10-2024T07:03:44 - [TEST_STEP][PASSED] - typeOfData = "План": null

16-10-2024T07:03:44 - [TEST_STEP][PASSED] - PercPlanR = GetPercPlanR(x = a): null

16-10-2024T07:03:44 - [TEST_STEP][PASSED] - i1 = <not implemented yet for class: org.codehaus.groovy.ast.expr.EmptyExpression>: null

16-10-2024T07:03:44 - [TEST_STEP][PASSED] - i1 = x.indexOf("/") + 1: null

16-10-2024T07:03:44 - [TEST_STEP][PASSED] - if (i1 > -1): null

16-10-2024T07:03:44 - [TEST_STEP][PASSED] - x = x.substring(i1, x.length()): null

16-10-2024T07:03:44 - [TEST_STEP][PASSED] - i1 = x.indexOf("/"): null

16-10-2024T07:03:44 - [TEST_STEP][PASSED] - if (i1 > -1): null

16-10-2024T07:03:44 - [TEST_STEP][PASSED] - x = x.substring(0, i1): null

16-10-2024T07:03:44 - [TEST_STEP][PASSED] - return x: null

16-10-2024T07:03:44 - [TEST_STEP][PASSED] - PercPlanB = GetPercPlanB(x = b): null

16-10-2024T07:03:44 - [TEST_STEP][PASSED] - i1 = <not implemented yet for class: org.codehaus.groovy.ast.expr.EmptyExpression>: null

16-10-2024T07:03:44 - [TEST_STEP][PASSED] - i1 = x.indexOf("/") + 1: null

16-10-2024T07:03:44 - [TEST_STEP][PASSED] - if (i1 > -1): null

16-10-2024T07:03:44 - [TEST_STEP][PASSED] - x = x.substring(i1, x.length()): null

16-10-2024T07:03:44 - [TEST_STEP][PASSED] - i1 = x.indexOf("/"): null

16-10-2024T07:03:44 - [TEST_STEP][PASSED] - if (i1 > -1): null

16-10-2024T07:03:44 - [TEST_STEP][PASSED] - x = x.substring(0, i1): null

16-10-2024T07:03:44 - [TEST_STEP][FAILED] - return x: null

16-10-2024T07:03:44 - [TEST_STEP][FAILED] - if (verifyEqual(PercPlanR, PercPlanB) == false): null

16-10-2024T07:03:44 - [MESSAGE][FAILED] - Unable to verify equal between actual object 'нет данных' and expected object '9.28' (Root cause: com.kms.katalon.core.exception.StepFailedException: Actual object 'нет данных' and expected object '9.28' are not equal
	at com.kms.katalon.core.keyword.builtin.VerifyEqualKeyword$_verifyEqual_closure1.doCall(VerifyEqualKeyword.groovy:58)
	at com.kms.katalon.core.keyword.builtin.VerifyEqualKeyword$_verifyEqual_closure1.call(VerifyEqualKeyword.groovy)
	at com.kms.katalon.core.keyword.internal.KeywordMain.runKeyword(KeywordMain.groovy:75)
	at com.kms.katalon.core.keyword.builtin.VerifyEqualKeyword.verifyEqual(VerifyEqualKeyword.groovy:63)
	at com.kms.katalon.core.keyword.builtin.VerifyEqualKeyword.execute(VerifyEqualKeyword.groovy:44)
	at com.kms.katalon.core.keyword.internal.KeywordExecutor.executeKeywordForPlatform(KeywordExecutor.groovy:74)
	at com.kms.katalon.core.keyword.BuiltinKeywords.verifyEqual(BuiltinKeywords.groovy:146)
	at jdk.internal.reflect.GeneratedMethodAccessor25.invoke(Unknown Source)
	at java.base/jdk.internal.reflect.DelegatingMethodAccessorImpl.invoke(DelegatingMethodAccessorImpl.java:43)
	at Выполнение бизнес-плана сверка дашбордов.CompareDZOData(Выполнение бизнес-плана сверка дашбордов:682)
	at Выполнение бизнес-плана сверка дашбордов.run(Выполнение бизнес-плана сверка дашбордов:658)
	at com.kms.katalon.core.main.ScriptEngine.run(ScriptEngine.java:194)
	at com.kms.katalon.core.main.ScriptEngine.runScriptAsRawText(ScriptEngine.java:119)
	at com.kms.katalon.core.main.TestCaseExecutor.runScript(TestCaseExecutor.java:448)
	at com.kms.katalon.core.main.TestCaseExecutor.doExecute(TestCaseExecutor.java:439)
	at com.kms.katalon.core.main.TestCaseExecutor.processExecutionPhase(TestCaseExecutor.java:418)
	at com.kms.katalon.core.main.TestCaseExecutor.accessMainPhase(TestCaseExecutor.java:410)
	at com.kms.katalon.core.main.TestCaseExecutor.execute(TestCaseExecutor.java:285)
	at com.kms.katalon.core.common.CommonExecutor.accessTestCaseMainPhase(CommonExecutor.java:65)
	at com.kms.katalon.core.main.TestSuiteExecutor.accessTestSuiteMainPhase(TestSuiteExecutor.java:150)
	at com.kms.katalon.core.main.TestSuiteExecutor.execute(TestSuiteExecutor.java:106)
	at com.kms.katalon.core.main.TestCaseMain.startTestSuite(TestCaseMain.java:180)
	at TempTestSuite1729050801829.run(TempTestSuite1729050801829.groovy:35)
	at java.base/jdk.internal.reflect.NativeMethodAccessorImpl.invoke0(Native Method)
	at java.base/jdk.internal.reflect.NativeMethodAccessorImpl.invoke(NativeMethodAccessorImpl.java:77)
	at java.base/jdk.internal.reflect.DelegatingMethodAccessorImpl.invoke(DelegatingMethodAccessorImpl.java:43)
)

16-10-2024T07:03:44 - [TEST_STEP][PASSED] - result = WriteToExcel(typeOfData, todaysDate, PercPlanR, PercPlanB, PercFactR, PercFactB, x, tabR, tabB, o1R, o1B, vidget): null

16-10-2024T07:03:44 - [TEST_STEP][PASSED] - iii = dZO.indexOf("/"): null

16-10-2024T07:03:44 - [TEST_STEP][PASSED] - println(iii): null

16-10-2024T07:03:44 - [TEST_STEP][PASSED] - dZO = dZO.substring(0, iii): null

16-10-2024T07:03:44 - [TEST_STEP][PASSED] - println(dZO): null

16-10-2024T07:03:44 - [TEST_STEP][PASSED] - println(PercPlanR): null

16-10-2024T07:03:44 - [TEST_STEP][PASSED] - println(PercPlanB): null

16-10-2024T07:03:44 - [TEST_STEP][PASSED] - println(PercFactR): null

16-10-2024T07:03:44 - [TEST_STEP][PASSED] - println(PercFactB): null

16-10-2024T07:03:44 - [TEST_STEP][PASSED] - println(tabR): null

16-10-2024T07:03:44 - [TEST_STEP][PASSED] - println(tabB): null

16-10-2024T07:03:44 - [TEST_STEP][PASSED] - println(o1R): null

16-10-2024T07:03:44 - [TEST_STEP][PASSED] - println(o1B): null

16-10-2024T07:03:44 - [TEST_STEP][PASSED] - PR = <not implemented yet for class: org.codehaus.groovy.ast.expr.EmptyExpression>: null

16-10-2024T07:03:44 - [TEST_STEP][PASSED] - FR = <not implemented yet for class: org.codehaus.groovy.ast.expr.EmptyExpression>: null

16-10-2024T07:03:44 - [TEST_STEP][PASSED] - PB = <not implemented yet for class: org.codehaus.groovy.ast.expr.EmptyExpression>: null

16-10-2024T07:03:44 - [TEST_STEP][PASSED] - FB = <not implemented yet for class: org.codehaus.groovy.ast.expr.EmptyExpression>: null

16-10-2024T07:03:44 - [TEST_STEP][PASSED] - TR = <not implemented yet for class: org.codehaus.groovy.ast.expr.EmptyExpression>: null

16-10-2024T07:03:44 - [TEST_STEP][PASSED] - TB = <not implemented yet for class: org.codehaus.groovy.ast.expr.EmptyExpression>: null

16-10-2024T07:03:44 - [TEST_STEP][PASSED] - sheetName = "Sheet1": null

16-10-2024T07:03:44 - [TEST_STEP][PASSED] - data = findTestData("PlanFact"): null

16-10-2024T07:03:44 - [TEST_STEP][PASSED] - n = data.getRowNumbers() + 1: null

16-10-2024T07:03:44 - [TEST_STEP][PASSED] - year = todaysDate.substring(todaysDate.length() - 4, todaysDate.length()): null

16-10-2024T07:03:44 - [TEST_STEP][PASSED] - y = year.toInteger(): null

16-10-2024T07:03:44 - [TEST_STEP][PASSED] - m = getText(findTestObject("Выполнение бизнес-плана/Выполнение бизнес-плана Балансы/Фильтр Дата")): Text of object 'Object Repository/Выполнение бизнес-плана/Выполнение бизнес-плана Балансы/Фильтр Дата' is: '1, 2 кв., Июль, Август 2024 года'

16-10-2024T07:03:44 - [MESSAGE][PASSED] - Text of object 'Object Repository/Выполнение бизнес-плана/Выполнение бизнес-плана Балансы/Фильтр Дата' is: '1, 2 кв., Июль, Август 2024 года'

16-10-2024T07:03:44 - [TEST_STEP][PASSED] - m = m.substring(0, m.indexOf("2024")): null

16-10-2024T07:03:44 - [TEST_STEP][PASSED] - m = m.trim(): null

16-10-2024T07:03:44 - [TEST_STEP][PASSED] - dashboardName = "Выполнение бизнес-плана": null

16-10-2024T07:03:44 - [TEST_STEP][PASSED] - workbook01 = getWorkbook(excelFilePath): null

16-10-2024T07:03:44 - [TEST_STEP][PASSED] - sheet01 = getExcelSheet(workbook01, sheetName): null

16-10-2024T07:03:44 - [TEST_STEP][PASSED] - setValueToCellByIndex(sheet01, n, 0, dashboardName): null

16-10-2024T07:03:44 - [TEST_STEP][PASSED] - setValueToCellByIndex(sheet01, n, 1, dZO): null

16-10-2024T07:03:44 - [TEST_STEP][PASSED] - setValueToCellByIndex(sheet01, n, 2, typeOfData): null

16-10-2024T07:03:44 - [TEST_STEP][PASSED] - setValueToCellByIndex(sheet01, n, 3, typeOfData): null

16-10-2024T07:03:44 - [TEST_STEP][PASSED] - if (typeOfData == "План"): null

16-10-2024T07:03:44 - [TEST_STEP][PASSED] - if (PercPlanR == null): null

16-10-2024T07:03:44 - [TEST_STEP][PASSED] - else: null

16-10-2024T07:03:44 - [TEST_STEP][PASSED] - if (PercPlanR == "нет данных"): null

16-10-2024T07:03:44 - [TEST_STEP][PASSED] - setValueToCellByIndex(sheet01, n, 4, "нет данных"): null

16-10-2024T07:03:44 - [TEST_STEP][PASSED] - if (PercPlanB == null): null

16-10-2024T07:03:44 - [TEST_STEP][PASSED] - else: null

16-10-2024T07:03:44 - [TEST_STEP][PASSED] - if (PercPlanB == "нет данных"): null

16-10-2024T07:03:44 - [TEST_STEP][PASSED] - else: null

16-10-2024T07:03:44 - [TEST_STEP][PASSED] - PB = PercPlanB.toDouble(): null

16-10-2024T07:03:44 - [TEST_STEP][PASSED] - setValueToCellByIndex(sheet01, n, 5, PB): null

16-10-2024T07:03:44 - [TEST_STEP][PASSED] - setValueToCellByIndex(sheet01, n, 6, m): null

16-10-2024T07:03:44 - [TEST_STEP][PASSED] - setValueToCellByIndex(sheet01, n, 7, y): null

16-10-2024T07:03:44 - [TEST_STEP][PASSED] - setValueToCellByIndex(sheet01, n, 8, todaysDate): null

16-10-2024T07:03:44 - [TEST_STEP][PASSED] - n = n + 1: null

16-10-2024T07:03:44 - [TEST_STEP][PASSED] - saveWorkbook(excelFilePath, workbook01): null

16-10-2024T07:03:44 - [TEST_STEP][PASSED] - typeOfData = "Факт": null

16-10-2024T07:03:44 - [TEST_STEP][PASSED] - PercFactR = GetPercFactR(x = a): null

16-10-2024T07:03:44 - [TEST_STEP][PASSED] - i1 = <not implemented yet for class: org.codehaus.groovy.ast.expr.EmptyExpression>: null

16-10-2024T07:03:44 - [TEST_STEP][PASSED] - ii = <not implemented yet for class: org.codehaus.groovy.ast.expr.EmptyExpression>: null

16-10-2024T07:03:44 - [TEST_STEP][PASSED] - for ([ii = 1, ii < 3, (ii++)]): null

16-10-2024T07:03:44 - [TEST_STEP][PASSED] - i1 = x.indexOf("/") + 1: null

16-10-2024T07:03:44 - [TEST_STEP][PASSED] - if (i1 > -1): null

16-10-2024T07:03:44 - [TEST_STEP][PASSED] - x = x.substring(i1, x.length()): null

16-10-2024T07:03:44 - [TEST_STEP][PASSED] - println(x): null

16-10-2024T07:03:44 - [TEST_STEP][PASSED] - i1 = x.indexOf("/") + 1: null

16-10-2024T07:03:44 - [TEST_STEP][PASSED] - if (i1 > -1): null

16-10-2024T07:03:44 - [TEST_STEP][PASSED] - x = x.substring(i1, x.length()): null

16-10-2024T07:03:44 - [TEST_STEP][PASSED] - println(x): null

16-10-2024T07:03:44 - [TEST_STEP][PASSED] - i1 = x.indexOf("/"): null

16-10-2024T07:03:44 - [TEST_STEP][PASSED] - if (i1 > -1): null

16-10-2024T07:03:44 - [TEST_STEP][PASSED] - x = x.substring(0, i1): null

16-10-2024T07:03:44 - [TEST_STEP][PASSED] - println(x): null

16-10-2024T07:03:44 - [TEST_STEP][PASSED] - return x: null

16-10-2024T07:03:44 - [TEST_STEP][PASSED] - PercFactB = GetPercFactB(x = b): null

16-10-2024T07:03:44 - [TEST_STEP][PASSED] - i1 = <not implemented yet for class: org.codehaus.groovy.ast.expr.EmptyExpression>: null

16-10-2024T07:03:44 - [TEST_STEP][PASSED] - ii = <not implemented yet for class: org.codehaus.groovy.ast.expr.EmptyExpression>: null

16-10-2024T07:03:44 - [TEST_STEP][PASSED] - for ([ii = 1, ii < 3, (ii++)]): null

16-10-2024T07:03:44 - [TEST_STEP][PASSED] - i1 = x.indexOf("/") + 1: null

16-10-2024T07:03:44 - [TEST_STEP][PASSED] - if (i1 > -1): null

16-10-2024T07:03:44 - [TEST_STEP][PASSED] - x = x.substring(i1, x.length()): null

16-10-2024T07:03:44 - [TEST_STEP][PASSED] - println(x): null

16-10-2024T07:03:44 - [TEST_STEP][PASSED] - i1 = x.indexOf("/") + 1: null

16-10-2024T07:03:44 - [TEST_STEP][PASSED] - if (i1 > -1): null

16-10-2024T07:03:44 - [TEST_STEP][PASSED] - x = x.substring(i1, x.length()): null

16-10-2024T07:03:44 - [TEST_STEP][PASSED] - println(x): null

16-10-2024T07:03:44 - [TEST_STEP][PASSED] - i1 = x.indexOf("/"): null

16-10-2024T07:03:44 - [TEST_STEP][PASSED] - if (i1 > -1): null

16-10-2024T07:03:44 - [TEST_STEP][PASSED] - x = x.substring(0, i1): null

16-10-2024T07:03:44 - [TEST_STEP][PASSED] - println(x): null

16-10-2024T07:03:44 - [TEST_STEP][FAILED] - return x: null

16-10-2024T07:03:44 - [TEST_STEP][FAILED] - if (verifyEqual(PercFactR, PercFactB) == false): null

16-10-2024T07:03:44 - [MESSAGE][FAILED] - Unable to verify equal between actual object 'нет данных' and expected object '8.88' (Root cause: com.kms.katalon.core.exception.StepFailedException: Actual object 'нет данных' and expected object '8.88' are not equal
	at com.kms.katalon.core.keyword.builtin.VerifyEqualKeyword$_verifyEqual_closure1.doCall(VerifyEqualKeyword.groovy:58)
	at com.kms.katalon.core.keyword.builtin.VerifyEqualKeyword$_verifyEqual_closure1.call(VerifyEqualKeyword.groovy)
	at com.kms.katalon.core.keyword.internal.KeywordMain.runKeyword(KeywordMain.groovy:75)
	at com.kms.katalon.core.keyword.builtin.VerifyEqualKeyword.verifyEqual(VerifyEqualKeyword.groovy:63)
	at com.kms.katalon.core.keyword.builtin.VerifyEqualKeyword.execute(VerifyEqualKeyword.groovy:44)
	at com.kms.katalon.core.keyword.internal.KeywordExecutor.executeKeywordForPlatform(KeywordExecutor.groovy:74)
	at com.kms.katalon.core.keyword.BuiltinKeywords.verifyEqual(BuiltinKeywords.groovy:146)
	at jdk.internal.reflect.GeneratedMethodAccessor25.invoke(Unknown Source)
	at java.base/jdk.internal.reflect.DelegatingMethodAccessorImpl.invoke(DelegatingMethodAccessorImpl.java:43)
	at Выполнение бизнес-плана сверка дашбордов.CompareDZOData(Выполнение бизнес-плана сверка дашбордов:693)
	at Выполнение бизнес-плана сверка дашбордов.run(Выполнение бизнес-плана сверка дашбордов:658)
	at com.kms.katalon.core.main.ScriptEngine.run(ScriptEngine.java:194)
	at com.kms.katalon.core.main.ScriptEngine.runScriptAsRawText(ScriptEngine.java:119)
	at com.kms.katalon.core.main.TestCaseExecutor.runScript(TestCaseExecutor.java:448)
	at com.kms.katalon.core.main.TestCaseExecutor.doExecute(TestCaseExecutor.java:439)
	at com.kms.katalon.core.main.TestCaseExecutor.processExecutionPhase(TestCaseExecutor.java:418)
	at com.kms.katalon.core.main.TestCaseExecutor.accessMainPhase(TestCaseExecutor.java:410)
	at com.kms.katalon.core.main.TestCaseExecutor.execute(TestCaseExecutor.java:285)
	at com.kms.katalon.core.common.CommonExecutor.accessTestCaseMainPhase(CommonExecutor.java:65)
	at com.kms.katalon.core.main.TestSuiteExecutor.accessTestSuiteMainPhase(TestSuiteExecutor.java:150)
	at com.kms.katalon.core.main.TestSuiteExecutor.execute(TestSuiteExecutor.java:106)
	at com.kms.katalon.core.main.TestCaseMain.startTestSuite(TestCaseMain.java:180)
	at TempTestSuite1729050801829.run(TempTestSuite1729050801829.groovy:35)
	at java.base/jdk.internal.reflect.NativeMethodAccessorImpl.invoke0(Native Method)
	at java.base/jdk.internal.reflect.NativeMethodAccessorImpl.invoke(NativeMethodAccessorImpl.java:77)
	at java.base/jdk.internal.reflect.DelegatingMethodAccessorImpl.invoke(DelegatingMethodAccessorImpl.java:43)
)

16-10-2024T07:03:44 - [TEST_STEP][PASSED] - result = WriteToExcel(typeOfData, todaysDate, PercPlanR, PercPlanB, PercFactR, PercFactB, x, tabR, tabB, o1R, o1B, vidget): null

16-10-2024T07:03:44 - [TEST_STEP][PASSED] - iii = dZO.indexOf("/"): null

16-10-2024T07:03:44 - [TEST_STEP][PASSED] - println(iii): null

16-10-2024T07:03:44 - [TEST_STEP][PASSED] - dZO = dZO.substring(0, iii): null

16-10-2024T07:03:44 - [TEST_STEP][PASSED] - println(dZO): null

16-10-2024T07:03:44 - [TEST_STEP][PASSED] - println(PercPlanR): null

16-10-2024T07:03:44 - [TEST_STEP][PASSED] - println(PercPlanB): null

16-10-2024T07:03:44 - [TEST_STEP][PASSED] - println(PercFactR): null

16-10-2024T07:03:44 - [TEST_STEP][PASSED] - println(PercFactB): null

16-10-2024T07:03:44 - [TEST_STEP][PASSED] - println(tabR): null

16-10-2024T07:03:44 - [TEST_STEP][PASSED] - println(tabB): null

16-10-2024T07:03:44 - [TEST_STEP][PASSED] - println(o1R): null

16-10-2024T07:03:44 - [TEST_STEP][PASSED] - println(o1B): null

16-10-2024T07:03:44 - [TEST_STEP][PASSED] - PR = <not implemented yet for class: org.codehaus.groovy.ast.expr.EmptyExpression>: null

16-10-2024T07:03:44 - [TEST_STEP][PASSED] - FR = <not implemented yet for class: org.codehaus.groovy.ast.expr.EmptyExpression>: null

16-10-2024T07:03:44 - [TEST_STEP][PASSED] - PB = <not implemented yet for class: org.codehaus.groovy.ast.expr.EmptyExpression>: null

16-10-2024T07:03:44 - [TEST_STEP][PASSED] - FB = <not implemented yet for class: org.codehaus.groovy.ast.expr.EmptyExpression>: null

16-10-2024T07:03:44 - [TEST_STEP][PASSED] - TR = <not implemented yet for class: org.codehaus.groovy.ast.expr.EmptyExpression>: null

16-10-2024T07:03:44 - [TEST_STEP][PASSED] - TB = <not implemented yet for class: org.codehaus.groovy.ast.expr.EmptyExpression>: null

16-10-2024T07:03:44 - [TEST_STEP][PASSED] - sheetName = "Sheet1": null

16-10-2024T07:03:44 - [TEST_STEP][PASSED] - data = findTestData("PlanFact"): null

16-10-2024T07:03:44 - [TEST_STEP][PASSED] - n = data.getRowNumbers() + 1: null

16-10-2024T07:03:44 - [TEST_STEP][PASSED] - year = todaysDate.substring(todaysDate.length() - 4, todaysDate.length()): null

16-10-2024T07:03:44 - [TEST_STEP][PASSED] - y = year.toInteger(): null

16-10-2024T07:03:44 - [TEST_STEP][PASSED] - m = getText(findTestObject("Выполнение бизнес-плана/Выполнение бизнес-плана Балансы/Фильтр Дата")): Text of object 'Object Repository/Выполнение бизнес-плана/Выполнение бизнес-плана Балансы/Фильтр Дата' is: '1, 2 кв., Июль, Август 2024 года'

16-10-2024T07:03:45 - [MESSAGE][PASSED] - Text of object 'Object Repository/Выполнение бизнес-плана/Выполнение бизнес-плана Балансы/Фильтр Дата' is: '1, 2 кв., Июль, Август 2024 года'

16-10-2024T07:03:45 - [TEST_STEP][PASSED] - m = m.substring(0, m.indexOf("2024")): null

16-10-2024T07:03:45 - [TEST_STEP][PASSED] - m = m.trim(): null

16-10-2024T07:03:45 - [TEST_STEP][PASSED] - dashboardName = "Выполнение бизнес-плана": null

16-10-2024T07:03:45 - [TEST_STEP][PASSED] - workbook01 = getWorkbook(excelFilePath): null

16-10-2024T07:03:45 - [TEST_STEP][PASSED] - sheet01 = getExcelSheet(workbook01, sheetName): null

16-10-2024T07:03:45 - [TEST_STEP][PASSED] - setValueToCellByIndex(sheet01, n, 0, dashboardName): null

16-10-2024T07:03:45 - [TEST_STEP][PASSED] - setValueToCellByIndex(sheet01, n, 1, dZO): null

16-10-2024T07:03:45 - [TEST_STEP][PASSED] - setValueToCellByIndex(sheet01, n, 2, typeOfData): null

16-10-2024T07:03:45 - [TEST_STEP][PASSED] - setValueToCellByIndex(sheet01, n, 3, typeOfData): null

16-10-2024T07:03:45 - [TEST_STEP][PASSED] - if (typeOfData == "План"): null

16-10-2024T07:03:45 - [TEST_STEP][PASSED] - else if (typeOfData == "Факт"): null

16-10-2024T07:03:45 - [TEST_STEP][PASSED] - if (PercFactR == null): null

16-10-2024T07:03:45 - [TEST_STEP][PASSED] - else: null

16-10-2024T07:03:45 - [TEST_STEP][PASSED] - if (PercFactR == "нет данных"): null

16-10-2024T07:03:45 - [TEST_STEP][PASSED] - setValueToCellByIndex(sheet01, n, 4, "нет данных"): null

16-10-2024T07:03:45 - [TEST_STEP][PASSED] - if (PercFactB == null): null

16-10-2024T07:03:45 - [TEST_STEP][PASSED] - else: null

16-10-2024T07:03:45 - [TEST_STEP][PASSED] - if (PercFactB == "нет данных"): null

16-10-2024T07:03:45 - [TEST_STEP][PASSED] - else: null

16-10-2024T07:03:45 - [TEST_STEP][PASSED] - FB = PercFactB.toDouble(): null

16-10-2024T07:03:45 - [TEST_STEP][PASSED] - setValueToCellByIndex(sheet01, n, 5, FB): null

16-10-2024T07:03:45 - [TEST_STEP][PASSED] - setValueToCellByIndex(sheet01, n, 6, m): null

16-10-2024T07:03:45 - [TEST_STEP][PASSED] - setValueToCellByIndex(sheet01, n, 7, y): null

16-10-2024T07:03:45 - [TEST_STEP][PASSED] - setValueToCellByIndex(sheet01, n, 8, todaysDate): null

16-10-2024T07:03:45 - [TEST_STEP][PASSED] - n = n + 1: null

16-10-2024T07:03:45 - [TEST_STEP][PASSED] - saveWorkbook(excelFilePath, workbook01): null

16-10-2024T07:03:45 - [TEST_STEP][PASSED] - vidget = "Показатели баланса электроэнергии по ДЗО – Факт": null

16-10-2024T07:03:45 - [TEST_STEP][PASSED] - typeOfData = "Факт Отпуск в сеть": null

16-10-2024T07:03:45 - [TEST_STEP][PASSED] - tabR = GetOvSFactR(x = a): null

16-10-2024T07:03:45 - [TEST_STEP][PASSED] - i1 = <not implemented yet for class: org.codehaus.groovy.ast.expr.EmptyExpression>: null

16-10-2024T07:03:45 - [TEST_STEP][PASSED] - ii = <not implemented yet for class: org.codehaus.groovy.ast.expr.EmptyExpression>: null

16-10-2024T07:03:45 - [TEST_STEP][PASSED] - for ([ii = 1, ii < 4, (ii++)]): null

16-10-2024T07:03:45 - [TEST_STEP][PASSED] - i1 = x.indexOf("/") + 1: null

16-10-2024T07:03:45 - [TEST_STEP][PASSED] - if (i1 > -1): null

16-10-2024T07:03:45 - [TEST_STEP][PASSED] - x = x.substring(i1, x.length()): null

16-10-2024T07:03:45 - [TEST_STEP][PASSED] - println(x): null

16-10-2024T07:03:45 - [TEST_STEP][PASSED] - i1 = x.indexOf("/") + 1: null

16-10-2024T07:03:45 - [TEST_STEP][PASSED] - if (i1 > -1): null

16-10-2024T07:03:45 - [TEST_STEP][PASSED] - x = x.substring(i1, x.length()): null

16-10-2024T07:03:45 - [TEST_STEP][PASSED] - println(x): null

16-10-2024T07:03:45 - [TEST_STEP][PASSED] - i1 = x.indexOf("/") + 1: null

16-10-2024T07:03:45 - [TEST_STEP][PASSED] - if (i1 > -1): null

16-10-2024T07:03:45 - [TEST_STEP][PASSED] - x = x.substring(i1, x.length()): null

16-10-2024T07:03:45 - [TEST_STEP][PASSED] - println(x): null

16-10-2024T07:03:45 - [TEST_STEP][PASSED] - i1 = x.indexOf("/"): null

16-10-2024T07:03:45 - [TEST_STEP][PASSED] - if (i1 > -1): null

16-10-2024T07:03:45 - [TEST_STEP][PASSED] - x = x.substring(0, i1): null

16-10-2024T07:03:45 - [TEST_STEP][PASSED] - println(x): null

16-10-2024T07:03:45 - [TEST_STEP][PASSED] - return x: null

16-10-2024T07:03:45 - [TEST_STEP][PASSED] - tabB = GetOvSFactB(x = b): null

16-10-2024T07:03:45 - [TEST_STEP][PASSED] - i1 = <not implemented yet for class: org.codehaus.groovy.ast.expr.EmptyExpression>: null

16-10-2024T07:03:45 - [TEST_STEP][PASSED] - ii = <not implemented yet for class: org.codehaus.groovy.ast.expr.EmptyExpression>: null

16-10-2024T07:03:45 - [TEST_STEP][PASSED] - for ([ii = 1, ii < 4, (ii++)]): null

16-10-2024T07:03:45 - [TEST_STEP][PASSED] - i1 = x.indexOf("/") + 1: null

16-10-2024T07:03:45 - [TEST_STEP][PASSED] - if (i1 > -1): null

16-10-2024T07:03:45 - [TEST_STEP][PASSED] - x = x.substring(i1, x.length()): null

16-10-2024T07:03:45 - [TEST_STEP][PASSED] - println(x): null

16-10-2024T07:03:45 - [TEST_STEP][PASSED] - i1 = x.indexOf("/") + 1: null

16-10-2024T07:03:45 - [TEST_STEP][PASSED] - if (i1 > -1): null

16-10-2024T07:03:45 - [TEST_STEP][PASSED] - x = x.substring(i1, x.length()): null

16-10-2024T07:03:45 - [TEST_STEP][PASSED] - println(x): null

16-10-2024T07:03:45 - [TEST_STEP][PASSED] - i1 = x.indexOf("/") + 1: null

16-10-2024T07:03:45 - [TEST_STEP][PASSED] - if (i1 > -1): null

16-10-2024T07:03:45 - [TEST_STEP][PASSED] - x = x.substring(i1, x.length()): null

16-10-2024T07:03:45 - [TEST_STEP][PASSED] - println(x): null

16-10-2024T07:03:45 - [TEST_STEP][PASSED] - i1 = x.indexOf("/"): null

16-10-2024T07:03:45 - [TEST_STEP][PASSED] - if (i1 > -1): null

16-10-2024T07:03:45 - [TEST_STEP][PASSED] - x = x.substring(0, i1): null

16-10-2024T07:03:45 - [TEST_STEP][PASSED] - println(x): null

16-10-2024T07:03:45 - [TEST_STEP][FAILED] - return x: null

16-10-2024T07:03:45 - [TEST_STEP][FAILED] - if (verifyEqual(tabR, tabB) == false): null

16-10-2024T07:03:45 - [MESSAGE][FAILED] - Unable to verify equal between actual object 'нет данных' and expected object '20309528' (Root cause: com.kms.katalon.core.exception.StepFailedException: Actual object 'нет данных' and expected object '20309528' are not equal
	at com.kms.katalon.core.keyword.builtin.VerifyEqualKeyword$_verifyEqual_closure1.doCall(VerifyEqualKeyword.groovy:58)
	at com.kms.katalon.core.keyword.builtin.VerifyEqualKeyword$_verifyEqual_closure1.call(VerifyEqualKeyword.groovy)
	at com.kms.katalon.core.keyword.internal.KeywordMain.runKeyword(KeywordMain.groovy:75)
	at com.kms.katalon.core.keyword.builtin.VerifyEqualKeyword.verifyEqual(VerifyEqualKeyword.groovy:63)
	at com.kms.katalon.core.keyword.builtin.VerifyEqualKeyword.execute(VerifyEqualKeyword.groovy:44)
	at com.kms.katalon.core.keyword.internal.KeywordExecutor.executeKeywordForPlatform(KeywordExecutor.groovy:74)
	at com.kms.katalon.core.keyword.BuiltinKeywords.verifyEqual(BuiltinKeywords.groovy:146)
	at jdk.internal.reflect.GeneratedMethodAccessor25.invoke(Unknown Source)
	at java.base/jdk.internal.reflect.DelegatingMethodAccessorImpl.invoke(DelegatingMethodAccessorImpl.java:43)
	at Выполнение бизнес-плана сверка дашбордов.CompareDZOData(Выполнение бизнес-плана сверка дашбордов:706)
	at Выполнение бизнес-плана сверка дашбордов.run(Выполнение бизнес-плана сверка дашбордов:658)
	at com.kms.katalon.core.main.ScriptEngine.run(ScriptEngine.java:194)
	at com.kms.katalon.core.main.ScriptEngine.runScriptAsRawText(ScriptEngine.java:119)
	at com.kms.katalon.core.main.TestCaseExecutor.runScript(TestCaseExecutor.java:448)
	at com.kms.katalon.core.main.TestCaseExecutor.doExecute(TestCaseExecutor.java:439)
	at com.kms.katalon.core.main.TestCaseExecutor.processExecutionPhase(TestCaseExecutor.java:418)
	at com.kms.katalon.core.main.TestCaseExecutor.accessMainPhase(TestCaseExecutor.java:410)
	at com.kms.katalon.core.main.TestCaseExecutor.execute(TestCaseExecutor.java:285)
	at com.kms.katalon.core.common.CommonExecutor.accessTestCaseMainPhase(CommonExecutor.java:65)
	at com.kms.katalon.core.main.TestSuiteExecutor.accessTestSuiteMainPhase(TestSuiteExecutor.java:150)
	at com.kms.katalon.core.main.TestSuiteExecutor.execute(TestSuiteExecutor.java:106)
	at com.kms.katalon.core.main.TestCaseMain.startTestSuite(TestCaseMain.java:180)
	at TempTestSuite1729050801829.run(TempTestSuite1729050801829.groovy:35)
	at java.base/jdk.internal.reflect.NativeMethodAccessorImpl.invoke0(Native Method)
	at java.base/jdk.internal.reflect.NativeMethodAccessorImpl.invoke(NativeMethodAccessorImpl.java:77)
	at java.base/jdk.internal.reflect.DelegatingMethodAccessorImpl.invoke(DelegatingMethodAccessorImpl.java:43)
)

16-10-2024T07:03:45 - [TEST_STEP][PASSED] - result = WriteToExcel(typeOfData, todaysDate, PercPlanR, PercPlanB, PercFactR, PercFactB, x, tabR, tabB, o1R, o1B, vidget): null

16-10-2024T07:03:45 - [TEST_STEP][PASSED] - iii = dZO.indexOf("/"): null

16-10-2024T07:03:45 - [TEST_STEP][PASSED] - println(iii): null

16-10-2024T07:03:45 - [TEST_STEP][PASSED] - dZO = dZO.substring(0, iii): null

16-10-2024T07:03:45 - [TEST_STEP][PASSED] - println(dZO): null

16-10-2024T07:03:45 - [TEST_STEP][PASSED] - println(PercPlanR): null

16-10-2024T07:03:45 - [TEST_STEP][PASSED] - println(PercPlanB): null

16-10-2024T07:03:45 - [TEST_STEP][PASSED] - println(PercFactR): null

16-10-2024T07:03:45 - [TEST_STEP][PASSED] - println(PercFactB): null

16-10-2024T07:03:45 - [TEST_STEP][PASSED] - println(tabR): null

16-10-2024T07:03:45 - [TEST_STEP][PASSED] - println(tabB): null

16-10-2024T07:03:45 - [TEST_STEP][PASSED] - println(o1R): null

16-10-2024T07:03:45 - [TEST_STEP][PASSED] - println(o1B): null

16-10-2024T07:03:45 - [TEST_STEP][PASSED] - PR = <not implemented yet for class: org.codehaus.groovy.ast.expr.EmptyExpression>: null

16-10-2024T07:03:45 - [TEST_STEP][PASSED] - FR = <not implemented yet for class: org.codehaus.groovy.ast.expr.EmptyExpression>: null

16-10-2024T07:03:45 - [TEST_STEP][PASSED] - PB = <not implemented yet for class: org.codehaus.groovy.ast.expr.EmptyExpression>: null

16-10-2024T07:03:45 - [TEST_STEP][PASSED] - FB = <not implemented yet for class: org.codehaus.groovy.ast.expr.EmptyExpression>: null

16-10-2024T07:03:45 - [TEST_STEP][PASSED] - TR = <not implemented yet for class: org.codehaus.groovy.ast.expr.EmptyExpression>: null

16-10-2024T07:03:45 - [TEST_STEP][PASSED] - TB = <not implemented yet for class: org.codehaus.groovy.ast.expr.EmptyExpression>: null

16-10-2024T07:03:45 - [TEST_STEP][PASSED] - sheetName = "Sheet1": null

16-10-2024T07:03:45 - [TEST_STEP][PASSED] - data = findTestData("PlanFact"): null

16-10-2024T07:03:45 - [TEST_STEP][PASSED] - n = data.getRowNumbers() + 1: null

16-10-2024T07:03:45 - [TEST_STEP][PASSED] - year = todaysDate.substring(todaysDate.length() - 4, todaysDate.length()): null

16-10-2024T07:03:45 - [TEST_STEP][PASSED] - y = year.toInteger(): null

16-10-2024T07:03:45 - [TEST_STEP][PASSED] - m = getText(findTestObject("Выполнение бизнес-плана/Выполнение бизнес-плана Балансы/Фильтр Дата")): Text of object 'Object Repository/Выполнение бизнес-плана/Выполнение бизнес-плана Балансы/Фильтр Дата' is: '1, 2 кв., Июль, Август 2024 года'

16-10-2024T07:03:45 - [MESSAGE][PASSED] - Text of object 'Object Repository/Выполнение бизнес-плана/Выполнение бизнес-плана Балансы/Фильтр Дата' is: '1, 2 кв., Июль, Август 2024 года'

16-10-2024T07:03:45 - [TEST_STEP][PASSED] - m = m.substring(0, m.indexOf("2024")): null

16-10-2024T07:03:45 - [TEST_STEP][PASSED] - m = m.trim(): null

16-10-2024T07:03:45 - [TEST_STEP][PASSED] - dashboardName = "Выполнение бизнес-плана": null

16-10-2024T07:03:45 - [TEST_STEP][PASSED] - workbook01 = getWorkbook(excelFilePath): null

16-10-2024T07:03:45 - [TEST_STEP][PASSED] - sheet01 = getExcelSheet(workbook01, sheetName): null

16-10-2024T07:03:45 - [TEST_STEP][PASSED] - setValueToCellByIndex(sheet01, n, 0, dashboardName): null

16-10-2024T07:03:45 - [TEST_STEP][PASSED] - setValueToCellByIndex(sheet01, n, 1, dZO): null

16-10-2024T07:03:45 - [TEST_STEP][PASSED] - setValueToCellByIndex(sheet01, n, 2, typeOfData): null

16-10-2024T07:03:45 - [TEST_STEP][PASSED] - setValueToCellByIndex(sheet01, n, 3, typeOfData): null

16-10-2024T07:03:45 - [TEST_STEP][PASSED] - if (typeOfData == "План"): null

16-10-2024T07:03:45 - [TEST_STEP][PASSED] - else if (typeOfData == "Факт"): null

16-10-2024T07:03:45 - [TEST_STEP][PASSED] - else if (vidget.contains("электроэнергии") == true): null

16-10-2024T07:03:45 - [TEST_STEP][PASSED] - if (tabR == null): null

16-10-2024T07:03:45 - [TEST_STEP][PASSED] - else: null

16-10-2024T07:03:45 - [TEST_STEP][PASSED] - if (tabR == "нет данных"): null

16-10-2024T07:03:45 - [TEST_STEP][PASSED] - setValueToCellByIndex(sheet01, n, 4, "нет данных"): null

16-10-2024T07:03:45 - [TEST_STEP][PASSED] - if (tabB == null): null

16-10-2024T07:03:45 - [TEST_STEP][PASSED] - else: null

16-10-2024T07:03:45 - [TEST_STEP][PASSED] - if (tabB == "нет данных"): null

16-10-2024T07:03:45 - [TEST_STEP][PASSED] - else: null

16-10-2024T07:03:45 - [TEST_STEP][PASSED] - TB = tabB.toInteger(): null

16-10-2024T07:03:45 - [TEST_STEP][PASSED] - setValueToCellByIndex(sheet01, n, 5, TB): null

16-10-2024T07:03:45 - [TEST_STEP][PASSED] - setValueToCellByIndex(sheet01, n, 6, m): null

16-10-2024T07:03:45 - [TEST_STEP][PASSED] - setValueToCellByIndex(sheet01, n, 7, y): null

16-10-2024T07:03:45 - [TEST_STEP][PASSED] - setValueToCellByIndex(sheet01, n, 8, todaysDate): null

16-10-2024T07:03:45 - [TEST_STEP][PASSED] - n = n + 1: null

16-10-2024T07:03:45 - [TEST_STEP][PASSED] - saveWorkbook(excelFilePath, workbook01): null

16-10-2024T07:03:45 - [TEST_STEP][PASSED] - typeOfData = "Факт Отпуск из сети": null

16-10-2024T07:03:45 - [TEST_STEP][PASSED] - tabR = GetOiSFactR(x = a): null

16-10-2024T07:03:45 - [TEST_STEP][PASSED] - i1 = <not implemented yet for class: org.codehaus.groovy.ast.expr.EmptyExpression>: null

16-10-2024T07:03:45 - [TEST_STEP][PASSED] - ii = <not implemented yet for class: org.codehaus.groovy.ast.expr.EmptyExpression>: null

16-10-2024T07:03:45 - [TEST_STEP][PASSED] - for ([ii = 1, ii < 5, (ii++)]): null

16-10-2024T07:03:45 - [TEST_STEP][PASSED] - i1 = x.indexOf("/") + 1: null

16-10-2024T07:03:45 - [TEST_STEP][PASSED] - if (i1 > -1): null

16-10-2024T07:03:45 - [TEST_STEP][PASSED] - x = x.substring(i1, x.length()): null

16-10-2024T07:03:45 - [TEST_STEP][PASSED] - println(x): null

16-10-2024T07:03:45 - [TEST_STEP][PASSED] - i1 = x.indexOf("/") + 1: null

16-10-2024T07:03:45 - [TEST_STEP][PASSED] - if (i1 > -1): null

16-10-2024T07:03:45 - [TEST_STEP][PASSED] - x = x.substring(i1, x.length()): null

16-10-2024T07:03:45 - [TEST_STEP][PASSED] - println(x): null

16-10-2024T07:03:45 - [TEST_STEP][PASSED] - i1 = x.indexOf("/") + 1: null

16-10-2024T07:03:45 - [TEST_STEP][PASSED] - if (i1 > -1): null

16-10-2024T07:03:45 - [TEST_STEP][PASSED] - x = x.substring(i1, x.length()): null

16-10-2024T07:03:45 - [TEST_STEP][PASSED] - println(x): null

16-10-2024T07:03:45 - [TEST_STEP][PASSED] - i1 = x.indexOf("/") + 1: null

16-10-2024T07:03:45 - [TEST_STEP][PASSED] - if (i1 > -1): null

16-10-2024T07:03:45 - [TEST_STEP][PASSED] - x = x.substring(i1, x.length()): null

16-10-2024T07:03:45 - [TEST_STEP][PASSED] - println(x): null

16-10-2024T07:03:45 - [TEST_STEP][PASSED] - i1 = x.indexOf("/"): null

16-10-2024T07:03:45 - [TEST_STEP][PASSED] - if (i1 > -1): null

16-10-2024T07:03:45 - [TEST_STEP][PASSED] - x = x.substring(0, i1): null

16-10-2024T07:03:45 - [TEST_STEP][PASSED] - println(x): null

16-10-2024T07:03:45 - [TEST_STEP][PASSED] - return x: null

16-10-2024T07:03:45 - [TEST_STEP][PASSED] - tabB = GetOiSFactB(x = b): null

16-10-2024T07:03:45 - [TEST_STEP][PASSED] - i1 = <not implemented yet for class: org.codehaus.groovy.ast.expr.EmptyExpression>: null

16-10-2024T07:03:45 - [TEST_STEP][PASSED] - ii = <not implemented yet for class: org.codehaus.groovy.ast.expr.EmptyExpression>: null

16-10-2024T07:03:45 - [TEST_STEP][PASSED] - for ([ii = 1, ii < 5, (ii++)]): null

16-10-2024T07:03:45 - [TEST_STEP][PASSED] - i1 = x.indexOf("/") + 1: null

16-10-2024T07:03:45 - [TEST_STEP][PASSED] - if (i1 > -1): null

16-10-2024T07:03:45 - [TEST_STEP][PASSED] - x = x.substring(i1, x.length()): null

16-10-2024T07:03:45 - [TEST_STEP][PASSED] - println(x): null

16-10-2024T07:03:45 - [TEST_STEP][PASSED] - i1 = x.indexOf("/") + 1: null

16-10-2024T07:03:45 - [TEST_STEP][PASSED] - if (i1 > -1): null

16-10-2024T07:03:45 - [TEST_STEP][PASSED] - x = x.substring(i1, x.length()): null

16-10-2024T07:03:45 - [TEST_STEP][PASSED] - println(x): null

16-10-2024T07:03:45 - [TEST_STEP][PASSED] - i1 = x.indexOf("/") + 1: null

16-10-2024T07:03:45 - [TEST_STEP][PASSED] - if (i1 > -1): null

16-10-2024T07:03:45 - [TEST_STEP][PASSED] - x = x.substring(i1, x.length()): null

16-10-2024T07:03:45 - [TEST_STEP][PASSED] - println(x): null

16-10-2024T07:03:45 - [TEST_STEP][PASSED] - i1 = x.indexOf("/") + 1: null

16-10-2024T07:03:45 - [TEST_STEP][PASSED] - if (i1 > -1): null

16-10-2024T07:03:45 - [TEST_STEP][PASSED] - x = x.substring(i1, x.length()): null

16-10-2024T07:03:45 - [TEST_STEP][PASSED] - println(x): null

16-10-2024T07:03:45 - [TEST_STEP][PASSED] - i1 = x.indexOf("/"): null

16-10-2024T07:03:45 - [TEST_STEP][PASSED] - if (i1 > -1): null

16-10-2024T07:03:45 - [TEST_STEP][PASSED] - x = x.substring(0, i1): null

16-10-2024T07:03:45 - [TEST_STEP][PASSED] - println(x): null

16-10-2024T07:03:45 - [TEST_STEP][FAILED] - return x: null

16-10-2024T07:03:45 - [TEST_STEP][FAILED] - if (verifyEqual(tabR, tabB) == false): null

16-10-2024T07:03:45 - [MESSAGE][FAILED] - Unable to verify equal between actual object 'нет данных' and expected object '18505161' (Root cause: com.kms.katalon.core.exception.StepFailedException: Actual object 'нет данных' and expected object '18505161' are not equal
	at com.kms.katalon.core.keyword.builtin.VerifyEqualKeyword$_verifyEqual_closure1.doCall(VerifyEqualKeyword.groovy:58)
	at com.kms.katalon.core.keyword.builtin.VerifyEqualKeyword$_verifyEqual_closure1.call(VerifyEqualKeyword.groovy)
	at com.kms.katalon.core.keyword.internal.KeywordMain.runKeyword(KeywordMain.groovy:75)
	at com.kms.katalon.core.keyword.builtin.VerifyEqualKeyword.verifyEqual(VerifyEqualKeyword.groovy:63)
	at com.kms.katalon.core.keyword.builtin.VerifyEqualKeyword.execute(VerifyEqualKeyword.groovy:44)
	at com.kms.katalon.core.keyword.internal.KeywordExecutor.executeKeywordForPlatform(KeywordExecutor.groovy:74)
	at com.kms.katalon.core.keyword.BuiltinKeywords.verifyEqual(BuiltinKeywords.groovy:146)
	at jdk.internal.reflect.GeneratedMethodAccessor25.invoke(Unknown Source)
	at java.base/jdk.internal.reflect.DelegatingMethodAccessorImpl.invoke(DelegatingMethodAccessorImpl.java:43)
	at Выполнение бизнес-плана сверка дашбордов.CompareDZOData(Выполнение бизнес-плана сверка дашбордов:717)
	at Выполнение бизнес-плана сверка дашбордов.run(Выполнение бизнес-плана сверка дашбордов:658)
	at com.kms.katalon.core.main.ScriptEngine.run(ScriptEngine.java:194)
	at com.kms.katalon.core.main.ScriptEngine.runScriptAsRawText(ScriptEngine.java:119)
	at com.kms.katalon.core.main.TestCaseExecutor.runScript(TestCaseExecutor.java:448)
	at com.kms.katalon.core.main.TestCaseExecutor.doExecute(TestCaseExecutor.java:439)
	at com.kms.katalon.core.main.TestCaseExecutor.processExecutionPhase(TestCaseExecutor.java:418)
	at com.kms.katalon.core.main.TestCaseExecutor.accessMainPhase(TestCaseExecutor.java:410)
	at com.kms.katalon.core.main.TestCaseExecutor.execute(TestCaseExecutor.java:285)
	at com.kms.katalon.core.common.CommonExecutor.accessTestCaseMainPhase(CommonExecutor.java:65)
	at com.kms.katalon.core.main.TestSuiteExecutor.accessTestSuiteMainPhase(TestSuiteExecutor.java:150)
	at com.kms.katalon.core.main.TestSuiteExecutor.execute(TestSuiteExecutor.java:106)
	at com.kms.katalon.core.main.TestCaseMain.startTestSuite(TestCaseMain.java:180)
	at TempTestSuite1729050801829.run(TempTestSuite1729050801829.groovy:35)
	at java.base/jdk.internal.reflect.NativeMethodAccessorImpl.invoke0(Native Method)
	at java.base/jdk.internal.reflect.NativeMethodAccessorImpl.invoke(NativeMethodAccessorImpl.java:77)
	at java.base/jdk.internal.reflect.DelegatingMethodAccessorImpl.invoke(DelegatingMethodAccessorImpl.java:43)
)

16-10-2024T07:03:45 - [TEST_STEP][PASSED] - result = WriteToExcel(typeOfData, todaysDate, PercPlanR, PercPlanB, PercFactR, PercFactB, x, tabR, tabB, o1R, o1B, vidget): null

16-10-2024T07:03:45 - [TEST_STEP][PASSED] - iii = dZO.indexOf("/"): null

16-10-2024T07:03:45 - [TEST_STEP][PASSED] - println(iii): null

16-10-2024T07:03:45 - [TEST_STEP][PASSED] - dZO = dZO.substring(0, iii): null

16-10-2024T07:03:45 - [TEST_STEP][PASSED] - println(dZO): null

16-10-2024T07:03:45 - [TEST_STEP][PASSED] - println(PercPlanR): null

16-10-2024T07:03:45 - [TEST_STEP][PASSED] - println(PercPlanB): null

16-10-2024T07:03:45 - [TEST_STEP][PASSED] - println(PercFactR): null

16-10-2024T07:03:45 - [TEST_STEP][PASSED] - println(PercFactB): null

16-10-2024T07:03:45 - [TEST_STEP][PASSED] - println(tabR): null

16-10-2024T07:03:45 - [TEST_STEP][PASSED] - println(tabB): null

16-10-2024T07:03:45 - [TEST_STEP][PASSED] - println(o1R): null

16-10-2024T07:03:45 - [TEST_STEP][PASSED] - println(o1B): null

16-10-2024T07:03:45 - [TEST_STEP][PASSED] - PR = <not implemented yet for class: org.codehaus.groovy.ast.expr.EmptyExpression>: null

16-10-2024T07:03:45 - [TEST_STEP][PASSED] - FR = <not implemented yet for class: org.codehaus.groovy.ast.expr.EmptyExpression>: null

16-10-2024T07:03:45 - [TEST_STEP][PASSED] - PB = <not implemented yet for class: org.codehaus.groovy.ast.expr.EmptyExpression>: null

16-10-2024T07:03:45 - [TEST_STEP][PASSED] - FB = <not implemented yet for class: org.codehaus.groovy.ast.expr.EmptyExpression>: null

16-10-2024T07:03:45 - [TEST_STEP][PASSED] - TR = <not implemented yet for class: org.codehaus.groovy.ast.expr.EmptyExpression>: null

16-10-2024T07:03:45 - [TEST_STEP][PASSED] - TB = <not implemented yet for class: org.codehaus.groovy.ast.expr.EmptyExpression>: null

16-10-2024T07:03:45 - [TEST_STEP][PASSED] - sheetName = "Sheet1": null

16-10-2024T07:03:45 - [TEST_STEP][PASSED] - data = findTestData("PlanFact"): null

16-10-2024T07:03:46 - [TEST_STEP][PASSED] - n = data.getRowNumbers() + 1: null

16-10-2024T07:03:46 - [TEST_STEP][PASSED] - year = todaysDate.substring(todaysDate.length() - 4, todaysDate.length()): null

16-10-2024T07:03:46 - [TEST_STEP][PASSED] - y = year.toInteger(): null

16-10-2024T07:03:46 - [TEST_STEP][PASSED] - m = getText(findTestObject("Выполнение бизнес-плана/Выполнение бизнес-плана Балансы/Фильтр Дата")): Text of object 'Object Repository/Выполнение бизнес-плана/Выполнение бизнес-плана Балансы/Фильтр Дата' is: '1, 2 кв., Июль, Август 2024 года'

16-10-2024T07:03:46 - [MESSAGE][PASSED] - Text of object 'Object Repository/Выполнение бизнес-плана/Выполнение бизнес-плана Балансы/Фильтр Дата' is: '1, 2 кв., Июль, Август 2024 года'

16-10-2024T07:03:46 - [TEST_STEP][PASSED] - m = m.substring(0, m.indexOf("2024")): null

16-10-2024T07:03:46 - [TEST_STEP][PASSED] - m = m.trim(): null

16-10-2024T07:03:46 - [TEST_STEP][PASSED] - dashboardName = "Выполнение бизнес-плана": null

16-10-2024T07:03:46 - [TEST_STEP][PASSED] - workbook01 = getWorkbook(excelFilePath): null

16-10-2024T07:03:46 - [TEST_STEP][PASSED] - sheet01 = getExcelSheet(workbook01, sheetName): null

16-10-2024T07:03:46 - [TEST_STEP][PASSED] - setValueToCellByIndex(sheet01, n, 0, dashboardName): null

16-10-2024T07:03:46 - [TEST_STEP][PASSED] - setValueToCellByIndex(sheet01, n, 1, dZO): null

16-10-2024T07:03:46 - [TEST_STEP][PASSED] - setValueToCellByIndex(sheet01, n, 2, typeOfData): null

16-10-2024T07:03:46 - [TEST_STEP][PASSED] - setValueToCellByIndex(sheet01, n, 3, typeOfData): null

16-10-2024T07:03:46 - [TEST_STEP][PASSED] - if (typeOfData == "План"): null

16-10-2024T07:03:46 - [TEST_STEP][PASSED] - else if (typeOfData == "Факт"): null

16-10-2024T07:03:46 - [TEST_STEP][PASSED] - else if (vidget.contains("электроэнергии") == true): null

16-10-2024T07:03:46 - [TEST_STEP][PASSED] - if (tabR == null): null

16-10-2024T07:03:46 - [TEST_STEP][PASSED] - else: null

16-10-2024T07:03:46 - [TEST_STEP][PASSED] - if (tabR == "нет данных"): null

16-10-2024T07:03:46 - [TEST_STEP][PASSED] - setValueToCellByIndex(sheet01, n, 4, "нет данных"): null

16-10-2024T07:03:46 - [TEST_STEP][PASSED] - if (tabB == null): null

16-10-2024T07:03:46 - [TEST_STEP][PASSED] - else: null

16-10-2024T07:03:46 - [TEST_STEP][PASSED] - if (tabB == "нет данных"): null

16-10-2024T07:03:46 - [TEST_STEP][PASSED] - else: null

16-10-2024T07:03:46 - [TEST_STEP][PASSED] - TB = tabB.toInteger(): null

16-10-2024T07:03:46 - [TEST_STEP][PASSED] - setValueToCellByIndex(sheet01, n, 5, TB): null

16-10-2024T07:03:46 - [TEST_STEP][PASSED] - setValueToCellByIndex(sheet01, n, 6, m): null

16-10-2024T07:03:46 - [TEST_STEP][PASSED] - setValueToCellByIndex(sheet01, n, 7, y): null

16-10-2024T07:03:46 - [TEST_STEP][PASSED] - setValueToCellByIndex(sheet01, n, 8, todaysDate): null

16-10-2024T07:03:46 - [TEST_STEP][PASSED] - n = n + 1: null

16-10-2024T07:03:46 - [TEST_STEP][PASSED] - saveWorkbook(excelFilePath, workbook01): null

16-10-2024T07:03:46 - [TEST_STEP][PASSED] - typeOfData = "Факт Потери": null

16-10-2024T07:03:46 - [TEST_STEP][PASSED] - tabR = GetPFactR(x = a): null

16-10-2024T07:03:46 - [TEST_STEP][PASSED] - i1 = <not implemented yet for class: org.codehaus.groovy.ast.expr.EmptyExpression>: null

16-10-2024T07:03:46 - [TEST_STEP][PASSED] - ii = <not implemented yet for class: org.codehaus.groovy.ast.expr.EmptyExpression>: null

16-10-2024T07:03:46 - [TEST_STEP][PASSED] - for ([ii = 1, ii < 6, (ii++)]): null

16-10-2024T07:03:46 - [TEST_STEP][PASSED] - i1 = x.indexOf("/") + 1: null

16-10-2024T07:03:46 - [TEST_STEP][PASSED] - if (i1 > -1): null

16-10-2024T07:03:46 - [TEST_STEP][PASSED] - x = x.substring(i1, x.length()): null

16-10-2024T07:04:55 - [TEST_STEP][PASSED] - println(x): null

16-10-2024T07:04:55 - [TEST_STEP][PASSED] - i1 = x.indexOf("/") + 1: null

16-10-2024T07:04:55 - [TEST_STEP][PASSED] - if (i1 > -1): null

16-10-2024T07:04:55 - [TEST_STEP][PASSED] - x = x.substring(i1, x.length()): null

16-10-2024T07:04:55 - [TEST_STEP][PASSED] - println(x): null

16-10-2024T07:04:55 - [TEST_STEP][PASSED] - i1 = x.indexOf("/") + 1: null

16-10-2024T07:04:55 - [TEST_STEP][PASSED] - if (i1 > -1): null

16-10-2024T07:04:55 - [TEST_STEP][PASSED] - x = x.substring(i1, x.length()): null

16-10-2024T07:04:55 - [TEST_STEP][PASSED] - println(x): null

16-10-2024T07:04:55 - [TEST_STEP][PASSED] - i1 = x.indexOf("/") + 1: null

16-10-2024T07:04:55 - [TEST_STEP][PASSED] - if (i1 > -1): null

16-10-2024T07:04:55 - [TEST_STEP][PASSED] - x = x.substring(i1, x.length()): null

16-10-2024T07:04:55 - [TEST_STEP][PASSED] - println(x): null

16-10-2024T07:04:55 - [TEST_STEP][PASSED] - i1 = x.indexOf("/") + 1: null

16-10-2024T07:04:55 - [TEST_STEP][PASSED] - if (i1 > -1): null

16-10-2024T07:04:55 - [TEST_STEP][PASSED] - x = x.substring(i1, x.length()): null

16-10-2024T07:04:55 - [TEST_STEP][PASSED] - println(x): null

16-10-2024T07:04:55 - [TEST_STEP][PASSED] - i1 = x.indexOf("/"): null

16-10-2024T07:04:55 - [TEST_STEP][PASSED] - if (i1 > -1): null

16-10-2024T07:04:55 - [TEST_STEP][PASSED] - x = x.substring(0, i1): null

16-10-2024T07:04:55 - [TEST_STEP][PASSED] - println(x): null

16-10-2024T07:04:55 - [TEST_STEP][PASSED] - return x: null

16-10-2024T07:04:55 - [TEST_STEP][PASSED] - tabB = GetPFactB(x = b): null

16-10-2024T07:04:55 - [TEST_STEP][PASSED] - i1 = <not implemented yet for class: org.codehaus.groovy.ast.expr.EmptyExpression>: null

16-10-2024T07:04:55 - [TEST_STEP][PASSED] - ii = <not implemented yet for class: org.codehaus.groovy.ast.expr.EmptyExpression>: null

16-10-2024T07:04:55 - [TEST_STEP][PASSED] - for ([ii = 1, ii < 6, (ii++)]): null

16-10-2024T07:04:55 - [TEST_STEP][PASSED] - i1 = x.indexOf("/") + 1: null

16-10-2024T07:04:55 - [TEST_STEP][PASSED] - if (i1 > -1): null

16-10-2024T07:04:55 - [TEST_STEP][PASSED] - x = x.substring(i1, x.length()): null

16-10-2024T07:04:55 - [TEST_STEP][PASSED] - println(x): null

16-10-2024T07:04:55 - [TEST_STEP][PASSED] - i1 = x.indexOf("/") + 1: null

16-10-2024T07:04:55 - [TEST_STEP][PASSED] - if (i1 > -1): null

16-10-2024T07:04:55 - [TEST_STEP][PASSED] - x = x.substring(i1, x.length()): null

16-10-2024T07:04:55 - [TEST_STEP][PASSED] - println(x): null

16-10-2024T07:04:55 - [TEST_STEP][PASSED] - i1 = x.indexOf("/") + 1: null

16-10-2024T07:04:55 - [TEST_STEP][PASSED] - if (i1 > -1): null

16-10-2024T07:04:55 - [TEST_STEP][PASSED] - x = x.substring(i1, x.length()): null

16-10-2024T07:04:55 - [TEST_STEP][PASSED] - println(x): null

16-10-2024T07:04:55 - [TEST_STEP][PASSED] - i1 = x.indexOf("/") + 1: null

16-10-2024T07:04:55 - [TEST_STEP][PASSED] - if (i1 > -1): null

16-10-2024T07:04:55 - [TEST_STEP][PASSED] - x = x.substring(i1, x.length()): null

16-10-2024T07:04:55 - [TEST_STEP][PASSED] - println(x): null

16-10-2024T07:04:55 - [TEST_STEP][PASSED] - i1 = x.indexOf("/") + 1: null

16-10-2024T07:04:55 - [TEST_STEP][PASSED] - if (i1 > -1): null

16-10-2024T07:04:55 - [TEST_STEP][PASSED] - x = x.substring(i1, x.length()): null

16-10-2024T07:04:55 - [TEST_STEP][PASSED] - println(x): null

16-10-2024T07:04:55 - [TEST_STEP][PASSED] - i1 = x.indexOf("/"): null

16-10-2024T07:04:55 - [TEST_STEP][PASSED] - if (i1 > -1): null

16-10-2024T07:04:55 - [TEST_STEP][PASSED] - x = x.substring(0, i1): null

16-10-2024T07:04:55 - [TEST_STEP][PASSED] - println(x): null

16-10-2024T07:04:55 - [TEST_STEP][FAILED] - return x: null

16-10-2024T07:04:55 - [TEST_STEP][PASSED] - println(tabR + "/" + tabB): null

16-10-2024T07:04:55 - [TEST_STEP][FAILED] - if (verifyEqual(tabR, tabB) == false): null

16-10-2024T07:04:55 - [MESSAGE][FAILED] - Unable to verify equal between actual object 'нет данных' and expected object '1804367' (Root cause: com.kms.katalon.core.exception.StepFailedException: Actual object 'нет данных' and expected object '1804367' are not equal
	at com.kms.katalon.core.keyword.builtin.VerifyEqualKeyword$_verifyEqual_closure1.doCall(VerifyEqualKeyword.groovy:58)
	at com.kms.katalon.core.keyword.builtin.VerifyEqualKeyword$_verifyEqual_closure1.call(VerifyEqualKeyword.groovy)
	at com.kms.katalon.core.keyword.internal.KeywordMain.runKeyword(KeywordMain.groovy:75)
	at com.kms.katalon.core.keyword.builtin.VerifyEqualKeyword.verifyEqual(VerifyEqualKeyword.groovy:63)
	at com.kms.katalon.core.keyword.builtin.VerifyEqualKeyword.execute(VerifyEqualKeyword.groovy:44)
	at com.kms.katalon.core.keyword.internal.KeywordExecutor.executeKeywordForPlatform(KeywordExecutor.groovy:74)
	at com.kms.katalon.core.keyword.BuiltinKeywords.verifyEqual(BuiltinKeywords.groovy:146)
	at jdk.internal.reflect.GeneratedMethodAccessor25.invoke(Unknown Source)
	at java.base/jdk.internal.reflect.DelegatingMethodAccessorImpl.invoke(DelegatingMethodAccessorImpl.java:43)
	at Выполнение бизнес-плана сверка дашбордов.CompareDZOData(Выполнение бизнес-плана сверка дашбордов:730)
	at Выполнение бизнес-плана сверка дашбордов.run(Выполнение бизнес-плана сверка дашбордов:658)
	at com.kms.katalon.core.main.ScriptEngine.run(ScriptEngine.java:194)
	at com.kms.katalon.core.main.ScriptEngine.runScriptAsRawText(ScriptEngine.java:119)
	at com.kms.katalon.core.main.TestCaseExecutor.runScript(TestCaseExecutor.java:448)
	at com.kms.katalon.core.main.TestCaseExecutor.doExecute(TestCaseExecutor.java:439)
	at com.kms.katalon.core.main.TestCaseExecutor.processExecutionPhase(TestCaseExecutor.java:418)
	at com.kms.katalon.core.main.TestCaseExecutor.accessMainPhase(TestCaseExecutor.java:410)
	at com.kms.katalon.core.main.TestCaseExecutor.execute(TestCaseExecutor.java:285)
	at com.kms.katalon.core.common.CommonExecutor.accessTestCaseMainPhase(CommonExecutor.java:65)
	at com.kms.katalon.core.main.TestSuiteExecutor.accessTestSuiteMainPhase(TestSuiteExecutor.java:150)
	at com.kms.katalon.core.main.TestSuiteExecutor.execute(TestSuiteExecutor.java:106)
	at com.kms.katalon.core.main.TestCaseMain.startTestSuite(TestCaseMain.java:180)
	at TempTestSuite1729050801829.run(TempTestSuite1729050801829.groovy:35)
	at java.base/jdk.internal.reflect.NativeMethodAccessorImpl.invoke0(Native Method)
	at java.base/jdk.internal.reflect.NativeMethodAccessorImpl.invoke(NativeMethodAccessorImpl.java:77)
	at java.base/jdk.internal.reflect.DelegatingMethodAccessorImpl.invoke(DelegatingMethodAccessorImpl.java:43)
)

16-10-2024T07:04:55 - [TEST_STEP][PASSED] - result = WriteToExcel(typeOfData, todaysDate, PercPlanR, PercPlanB, PercFactR, PercFactB, x, tabR, tabB, o1R, o1B, vidget): null

16-10-2024T07:04:55 - [TEST_STEP][PASSED] - iii = dZO.indexOf("/"): null

16-10-2024T07:04:55 - [TEST_STEP][PASSED] - println(iii): null

16-10-2024T07:04:55 - [TEST_STEP][PASSED] - dZO = dZO.substring(0, iii): null

16-10-2024T07:04:55 - [TEST_STEP][PASSED] - println(dZO): null

16-10-2024T07:04:55 - [TEST_STEP][PASSED] - println(PercPlanR): null

16-10-2024T07:04:55 - [TEST_STEP][PASSED] - println(PercPlanB): null

16-10-2024T07:04:55 - [TEST_STEP][PASSED] - println(PercFactR): null

16-10-2024T07:04:55 - [TEST_STEP][PASSED] - println(PercFactB): null

16-10-2024T07:04:55 - [TEST_STEP][PASSED] - println(tabR): null

16-10-2024T07:04:55 - [TEST_STEP][PASSED] - println(tabB): null

16-10-2024T07:04:55 - [TEST_STEP][PASSED] - println(o1R): null

16-10-2024T07:04:55 - [TEST_STEP][PASSED] - println(o1B): null

16-10-2024T07:04:55 - [TEST_STEP][PASSED] - PR = <not implemented yet for class: org.codehaus.groovy.ast.expr.EmptyExpression>: null

16-10-2024T07:04:55 - [TEST_STEP][PASSED] - FR = <not implemented yet for class: org.codehaus.groovy.ast.expr.EmptyExpression>: null

16-10-2024T07:04:55 - [TEST_STEP][PASSED] - PB = <not implemented yet for class: org.codehaus.groovy.ast.expr.EmptyExpression>: null

16-10-2024T07:04:55 - [TEST_STEP][PASSED] - FB = <not implemented yet for class: org.codehaus.groovy.ast.expr.EmptyExpression>: null

16-10-2024T07:04:55 - [TEST_STEP][PASSED] - TR = <not implemented yet for class: org.codehaus.groovy.ast.expr.EmptyExpression>: null

16-10-2024T07:04:55 - [TEST_STEP][PASSED] - TB = <not implemented yet for class: org.codehaus.groovy.ast.expr.EmptyExpression>: null

16-10-2024T07:04:55 - [TEST_STEP][PASSED] - sheetName = "Sheet1": null

16-10-2024T07:04:55 - [TEST_STEP][PASSED] - data = findTestData("PlanFact"): null

16-10-2024T07:04:56 - [TEST_STEP][PASSED] - n = data.getRowNumbers() + 1: null

16-10-2024T07:04:56 - [TEST_STEP][PASSED] - year = todaysDate.substring(todaysDate.length() - 4, todaysDate.length()): null

16-10-2024T07:04:56 - [TEST_STEP][PASSED] - y = year.toInteger(): null

16-10-2024T07:04:56 - [TEST_STEP][PASSED] - m = getText(findTestObject("Выполнение бизнес-плана/Выполнение бизнес-плана Балансы/Фильтр Дата")): Text of object 'Object Repository/Выполнение бизнес-плана/Выполнение бизнес-плана Балансы/Фильтр Дата' is: '1, 2 кв., Июль, Август 2024 года'

16-10-2024T07:04:56 - [MESSAGE][PASSED] - Text of object 'Object Repository/Выполнение бизнес-плана/Выполнение бизнес-плана Балансы/Фильтр Дата' is: '1, 2 кв., Июль, Август 2024 года'

16-10-2024T07:04:56 - [TEST_STEP][PASSED] - m = m.substring(0, m.indexOf("2024")): null

16-10-2024T07:04:56 - [TEST_STEP][PASSED] - m = m.trim(): null

16-10-2024T07:04:56 - [TEST_STEP][PASSED] - dashboardName = "Выполнение бизнес-плана": null

16-10-2024T07:04:56 - [TEST_STEP][PASSED] - workbook01 = getWorkbook(excelFilePath): null

16-10-2024T07:04:56 - [TEST_STEP][PASSED] - sheet01 = getExcelSheet(workbook01, sheetName): null

16-10-2024T07:04:56 - [TEST_STEP][PASSED] - setValueToCellByIndex(sheet01, n, 0, dashboardName): null

16-10-2024T07:04:56 - [TEST_STEP][PASSED] - setValueToCellByIndex(sheet01, n, 1, dZO): null

16-10-2024T07:04:56 - [TEST_STEP][PASSED] - setValueToCellByIndex(sheet01, n, 2, typeOfData): null

16-10-2024T07:04:56 - [TEST_STEP][PASSED] - setValueToCellByIndex(sheet01, n, 3, typeOfData): null

16-10-2024T07:04:56 - [TEST_STEP][PASSED] - if (typeOfData == "План"): null

16-10-2024T07:04:56 - [TEST_STEP][PASSED] - else if (typeOfData == "Факт"): null

16-10-2024T07:04:56 - [TEST_STEP][PASSED] - else if (vidget.contains("электроэнергии") == true): null

16-10-2024T07:04:56 - [TEST_STEP][PASSED] - if (tabR == null): null

16-10-2024T07:04:56 - [TEST_STEP][PASSED] - else: null

16-10-2024T07:04:56 - [TEST_STEP][PASSED] - if (tabR == "нет данных"): null

16-10-2024T07:04:56 - [TEST_STEP][PASSED] - setValueToCellByIndex(sheet01, n, 4, "нет данных"): null

16-10-2024T07:04:56 - [TEST_STEP][PASSED] - if (tabB == null): null

16-10-2024T07:04:56 - [TEST_STEP][PASSED] - else: null

16-10-2024T07:04:56 - [TEST_STEP][PASSED] - if (tabB == "нет данных"): null

16-10-2024T07:04:56 - [TEST_STEP][PASSED] - else: null

16-10-2024T07:04:56 - [TEST_STEP][PASSED] - TB = tabB.toInteger(): null

16-10-2024T07:04:56 - [TEST_STEP][PASSED] - setValueToCellByIndex(sheet01, n, 5, TB): null

16-10-2024T07:04:56 - [TEST_STEP][PASSED] - setValueToCellByIndex(sheet01, n, 6, m): null

16-10-2024T07:04:56 - [TEST_STEP][PASSED] - setValueToCellByIndex(sheet01, n, 7, y): null

16-10-2024T07:04:56 - [TEST_STEP][PASSED] - setValueToCellByIndex(sheet01, n, 8, todaysDate): null

16-10-2024T07:04:56 - [TEST_STEP][PASSED] - n = n + 1: null

16-10-2024T07:04:56 - [TEST_STEP][PASSED] - saveWorkbook(excelFilePath, workbook01): null

16-10-2024T07:04:56 - [TEST_STEP][PASSED] - vidget = "Показатели баланса электроэнергии по ДЗО – План": null

16-10-2024T07:04:56 - [TEST_STEP][PASSED] - typeOfData = "План Отпуск в сеть": null

16-10-2024T07:04:56 - [TEST_STEP][PASSED] - tabR = GetOvSPlanR(x = a): null

16-10-2024T07:04:56 - [TEST_STEP][PASSED] - i1 = <not implemented yet for class: org.codehaus.groovy.ast.expr.EmptyExpression>: null

16-10-2024T07:04:56 - [TEST_STEP][PASSED] - ii = <not implemented yet for class: org.codehaus.groovy.ast.expr.EmptyExpression>: null

16-10-2024T07:04:56 - [TEST_STEP][PASSED] - for ([ii = 1, ii < 7, (ii++)]): null

16-10-2024T07:04:56 - [TEST_STEP][PASSED] - i1 = x.indexOf("/") + 1: null

16-10-2024T07:04:56 - [TEST_STEP][PASSED] - if (i1 > -1): null

16-10-2024T07:04:56 - [TEST_STEP][PASSED] - x = x.substring(i1, x.length()): null

16-10-2024T07:04:56 - [TEST_STEP][PASSED] - println(x): null

16-10-2024T07:04:56 - [TEST_STEP][PASSED] - i1 = x.indexOf("/") + 1: null

16-10-2024T07:04:56 - [TEST_STEP][PASSED] - if (i1 > -1): null

16-10-2024T07:04:56 - [TEST_STEP][PASSED] - x = x.substring(i1, x.length()): null

16-10-2024T07:04:56 - [TEST_STEP][PASSED] - println(x): null

16-10-2024T07:04:56 - [TEST_STEP][PASSED] - i1 = x.indexOf("/") + 1: null

16-10-2024T07:04:56 - [TEST_STEP][PASSED] - if (i1 > -1): null

16-10-2024T07:04:56 - [TEST_STEP][PASSED] - x = x.substring(i1, x.length()): null

16-10-2024T07:04:56 - [TEST_STEP][PASSED] - println(x): null

16-10-2024T07:04:56 - [TEST_STEP][PASSED] - i1 = x.indexOf("/") + 1: null

16-10-2024T07:04:56 - [TEST_STEP][PASSED] - if (i1 > -1): null

16-10-2024T07:04:56 - [TEST_STEP][PASSED] - x = x.substring(i1, x.length()): null

16-10-2024T07:04:56 - [TEST_STEP][PASSED] - println(x): null

16-10-2024T07:04:56 - [TEST_STEP][PASSED] - i1 = x.indexOf("/") + 1: null

16-10-2024T07:04:56 - [TEST_STEP][PASSED] - if (i1 > -1): null

16-10-2024T07:04:56 - [TEST_STEP][PASSED] - x = x.substring(i1, x.length()): null

16-10-2024T07:04:56 - [TEST_STEP][PASSED] - println(x): null

16-10-2024T07:04:56 - [TEST_STEP][PASSED] - i1 = x.indexOf("/") + 1: null

16-10-2024T07:04:56 - [TEST_STEP][PASSED] - if (i1 > -1): null

16-10-2024T07:04:56 - [TEST_STEP][PASSED] - x = x.substring(i1, x.length()): null

16-10-2024T07:04:56 - [TEST_STEP][PASSED] - println(x): null

16-10-2024T07:04:56 - [TEST_STEP][PASSED] - i1 = x.indexOf("/"): null

16-10-2024T07:04:56 - [TEST_STEP][PASSED] - if (i1 > -1): null

16-10-2024T07:04:56 - [TEST_STEP][PASSED] - x = x.substring(0, i1): null

16-10-2024T07:04:56 - [TEST_STEP][PASSED] - println(x): null

16-10-2024T07:04:56 - [TEST_STEP][PASSED] - return x: null

16-10-2024T07:04:56 - [TEST_STEP][PASSED] - tabB = GetOvSPlanB(x = b): null

16-10-2024T07:04:56 - [TEST_STEP][PASSED] - i1 = <not implemented yet for class: org.codehaus.groovy.ast.expr.EmptyExpression>: null

16-10-2024T07:04:56 - [TEST_STEP][PASSED] - ii = <not implemented yet for class: org.codehaus.groovy.ast.expr.EmptyExpression>: null

16-10-2024T07:04:56 - [TEST_STEP][PASSED] - for ([ii = 1, ii < 7, (ii++)]): null

16-10-2024T07:04:56 - [TEST_STEP][PASSED] - i1 = x.indexOf("/") + 1: null

16-10-2024T07:04:56 - [TEST_STEP][PASSED] - if (i1 > -1): null

16-10-2024T07:04:56 - [TEST_STEP][PASSED] - x = x.substring(i1, x.length()): null

16-10-2024T07:04:56 - [TEST_STEP][PASSED] - println(x): null

16-10-2024T07:04:56 - [TEST_STEP][PASSED] - i1 = x.indexOf("/") + 1: null

16-10-2024T07:04:56 - [TEST_STEP][PASSED] - if (i1 > -1): null

16-10-2024T07:04:56 - [TEST_STEP][PASSED] - x = x.substring(i1, x.length()): null

16-10-2024T07:04:56 - [TEST_STEP][PASSED] - println(x): null

16-10-2024T07:04:56 - [TEST_STEP][PASSED] - i1 = x.indexOf("/") + 1: null

16-10-2024T07:04:56 - [TEST_STEP][PASSED] - if (i1 > -1): null

16-10-2024T07:04:56 - [TEST_STEP][PASSED] - x = x.substring(i1, x.length()): null

16-10-2024T07:04:56 - [TEST_STEP][PASSED] - println(x): null

16-10-2024T07:04:56 - [TEST_STEP][PASSED] - i1 = x.indexOf("/") + 1: null

16-10-2024T07:04:56 - [TEST_STEP][PASSED] - if (i1 > -1): null

16-10-2024T07:04:56 - [TEST_STEP][PASSED] - x = x.substring(i1, x.length()): null

16-10-2024T07:04:56 - [TEST_STEP][PASSED] - println(x): null

16-10-2024T07:04:56 - [TEST_STEP][PASSED] - i1 = x.indexOf("/") + 1: null

16-10-2024T07:04:56 - [TEST_STEP][PASSED] - if (i1 > -1): null

16-10-2024T07:04:56 - [TEST_STEP][PASSED] - x = x.substring(i1, x.length()): null

16-10-2024T07:04:56 - [TEST_STEP][PASSED] - println(x): null

16-10-2024T07:04:56 - [TEST_STEP][PASSED] - i1 = x.indexOf("/") + 1: null

16-10-2024T07:04:56 - [TEST_STEP][PASSED] - if (i1 > -1): null

16-10-2024T07:04:56 - [TEST_STEP][PASSED] - x = x.substring(i1, x.length()): null

16-10-2024T07:04:56 - [TEST_STEP][PASSED] - println(x): null

16-10-2024T07:04:56 - [TEST_STEP][PASSED] - i1 = x.indexOf("/"): null

16-10-2024T07:04:56 - [TEST_STEP][PASSED] - if (i1 > -1): null

16-10-2024T07:04:56 - [TEST_STEP][PASSED] - x = x.substring(0, i1): null

16-10-2024T07:04:56 - [TEST_STEP][PASSED] - println(x): null

16-10-2024T07:04:56 - [TEST_STEP][FAILED] - return x: null

16-10-2024T07:04:56 - [TEST_STEP][PASSED] - println(tabR + "/" + tabB): null

16-10-2024T07:04:56 - [TEST_STEP][FAILED] - if (verifyEqual(PercFactR, PercFactB) == false): null

16-10-2024T07:04:56 - [MESSAGE][FAILED] - Unable to verify equal between actual object 'нет данных' and expected object '8.88' (Root cause: com.kms.katalon.core.exception.StepFailedException: Actual object 'нет данных' and expected object '8.88' are not equal
	at com.kms.katalon.core.keyword.builtin.VerifyEqualKeyword$_verifyEqual_closure1.doCall(VerifyEqualKeyword.groovy:58)
	at com.kms.katalon.core.keyword.builtin.VerifyEqualKeyword$_verifyEqual_closure1.call(VerifyEqualKeyword.groovy)
	at com.kms.katalon.core.keyword.internal.KeywordMain.runKeyword(KeywordMain.groovy:75)
	at com.kms.katalon.core.keyword.builtin.VerifyEqualKeyword.verifyEqual(VerifyEqualKeyword.groovy:63)
	at com.kms.katalon.core.keyword.builtin.VerifyEqualKeyword.execute(VerifyEqualKeyword.groovy:44)
	at com.kms.katalon.core.keyword.internal.KeywordExecutor.executeKeywordForPlatform(KeywordExecutor.groovy:74)
	at com.kms.katalon.core.keyword.BuiltinKeywords.verifyEqual(BuiltinKeywords.groovy:146)
	at jdk.internal.reflect.GeneratedMethodAccessor25.invoke(Unknown Source)
	at java.base/jdk.internal.reflect.DelegatingMethodAccessorImpl.invoke(DelegatingMethodAccessorImpl.java:43)
	at Выполнение бизнес-плана сверка дашбордов.CompareDZOData(Выполнение бизнес-плана сверка дашбордов:745)
	at Выполнение бизнес-плана сверка дашбордов.run(Выполнение бизнес-плана сверка дашбордов:658)
	at com.kms.katalon.core.main.ScriptEngine.run(ScriptEngine.java:194)
	at com.kms.katalon.core.main.ScriptEngine.runScriptAsRawText(ScriptEngine.java:119)
	at com.kms.katalon.core.main.TestCaseExecutor.runScript(TestCaseExecutor.java:448)
	at com.kms.katalon.core.main.TestCaseExecutor.doExecute(TestCaseExecutor.java:439)
	at com.kms.katalon.core.main.TestCaseExecutor.processExecutionPhase(TestCaseExecutor.java:418)
	at com.kms.katalon.core.main.TestCaseExecutor.accessMainPhase(TestCaseExecutor.java:410)
	at com.kms.katalon.core.main.TestCaseExecutor.execute(TestCaseExecutor.java:285)
	at com.kms.katalon.core.common.CommonExecutor.accessTestCaseMainPhase(CommonExecutor.java:65)
	at com.kms.katalon.core.main.TestSuiteExecutor.accessTestSuiteMainPhase(TestSuiteExecutor.java:150)
	at com.kms.katalon.core.main.TestSuiteExecutor.execute(TestSuiteExecutor.java:106)
	at com.kms.katalon.core.main.TestCaseMain.startTestSuite(TestCaseMain.java:180)
	at TempTestSuite1729050801829.run(TempTestSuite1729050801829.groovy:35)
	at java.base/jdk.internal.reflect.NativeMethodAccessorImpl.invoke0(Native Method)
	at java.base/jdk.internal.reflect.NativeMethodAccessorImpl.invoke(NativeMethodAccessorImpl.java:77)
	at java.base/jdk.internal.reflect.DelegatingMethodAccessorImpl.invoke(DelegatingMethodAccessorImpl.java:43)
)

16-10-2024T07:04:56 - [TEST_STEP][PASSED] - result = WriteToExcel(typeOfData, todaysDate, PercPlanR, PercPlanB, PercFactR, PercFactB, x, tabR, tabB, o1R, o1B, vidget): null

16-10-2024T07:04:56 - [TEST_STEP][PASSED] - iii = dZO.indexOf("/"): null

16-10-2024T07:04:56 - [TEST_STEP][PASSED] - println(iii): null

16-10-2024T07:04:56 - [TEST_STEP][PASSED] - dZO = dZO.substring(0, iii): null

16-10-2024T07:04:56 - [TEST_STEP][PASSED] - println(dZO): null

16-10-2024T07:04:56 - [TEST_STEP][PASSED] - println(PercPlanR): null

16-10-2024T07:04:56 - [TEST_STEP][PASSED] - println(PercPlanB): null

16-10-2024T07:04:56 - [TEST_STEP][PASSED] - println(PercFactR): null

16-10-2024T07:04:56 - [TEST_STEP][PASSED] - println(PercFactB): null

16-10-2024T07:04:56 - [TEST_STEP][PASSED] - println(tabR): null

16-10-2024T07:04:56 - [TEST_STEP][PASSED] - println(tabB): null

16-10-2024T07:04:56 - [TEST_STEP][PASSED] - println(o1R): null

16-10-2024T07:04:56 - [TEST_STEP][PASSED] - println(o1B): null

16-10-2024T07:04:56 - [TEST_STEP][PASSED] - PR = <not implemented yet for class: org.codehaus.groovy.ast.expr.EmptyExpression>: null

16-10-2024T07:04:56 - [TEST_STEP][PASSED] - FR = <not implemented yet for class: org.codehaus.groovy.ast.expr.EmptyExpression>: null

16-10-2024T07:04:56 - [TEST_STEP][PASSED] - PB = <not implemented yet for class: org.codehaus.groovy.ast.expr.EmptyExpression>: null

16-10-2024T07:04:56 - [TEST_STEP][PASSED] - FB = <not implemented yet for class: org.codehaus.groovy.ast.expr.EmptyExpression>: null

16-10-2024T07:04:56 - [TEST_STEP][PASSED] - TR = <not implemented yet for class: org.codehaus.groovy.ast.expr.EmptyExpression>: null

16-10-2024T07:04:56 - [TEST_STEP][PASSED] - TB = <not implemented yet for class: org.codehaus.groovy.ast.expr.EmptyExpression>: null

16-10-2024T07:04:56 - [TEST_STEP][PASSED] - sheetName = "Sheet1": null

16-10-2024T07:04:56 - [TEST_STEP][PASSED] - data = findTestData("PlanFact"): null

16-10-2024T07:04:56 - [TEST_STEP][PASSED] - n = data.getRowNumbers() + 1: null

16-10-2024T07:04:56 - [TEST_STEP][PASSED] - year = todaysDate.substring(todaysDate.length() - 4, todaysDate.length()): null

16-10-2024T07:04:56 - [TEST_STEP][PASSED] - y = year.toInteger(): null

16-10-2024T07:04:56 - [TEST_STEP][PASSED] - m = getText(findTestObject("Выполнение бизнес-плана/Выполнение бизнес-плана Балансы/Фильтр Дата")): Text of object 'Object Repository/Выполнение бизнес-плана/Выполнение бизнес-плана Балансы/Фильтр Дата' is: '1, 2 кв., Июль, Август 2024 года'

16-10-2024T07:04:56 - [MESSAGE][PASSED] - Text of object 'Object Repository/Выполнение бизнес-плана/Выполнение бизнес-плана Балансы/Фильтр Дата' is: '1, 2 кв., Июль, Август 2024 года'

16-10-2024T07:04:56 - [TEST_STEP][PASSED] - m = m.substring(0, m.indexOf("2024")): null

16-10-2024T07:04:56 - [TEST_STEP][PASSED] - m = m.trim(): null

16-10-2024T07:04:56 - [TEST_STEP][PASSED] - dashboardName = "Выполнение бизнес-плана": null

16-10-2024T07:04:56 - [TEST_STEP][PASSED] - workbook01 = getWorkbook(excelFilePath): null

16-10-2024T07:04:56 - [TEST_STEP][PASSED] - sheet01 = getExcelSheet(workbook01, sheetName): null

16-10-2024T07:04:56 - [TEST_STEP][PASSED] - setValueToCellByIndex(sheet01, n, 0, dashboardName): null

16-10-2024T07:04:56 - [TEST_STEP][PASSED] - setValueToCellByIndex(sheet01, n, 1, dZO): null

16-10-2024T07:04:56 - [TEST_STEP][PASSED] - setValueToCellByIndex(sheet01, n, 2, typeOfData): null

16-10-2024T07:04:56 - [TEST_STEP][PASSED] - setValueToCellByIndex(sheet01, n, 3, typeOfData): null

16-10-2024T07:04:56 - [TEST_STEP][PASSED] - if (typeOfData == "План"): null

16-10-2024T07:04:56 - [TEST_STEP][PASSED] - else if (typeOfData == "Факт"): null

16-10-2024T07:04:56 - [TEST_STEP][PASSED] - else if (vidget.contains("электроэнергии") == true): null

16-10-2024T07:04:56 - [TEST_STEP][PASSED] - if (tabR == null): null

16-10-2024T07:04:56 - [TEST_STEP][PASSED] - else: null

16-10-2024T07:04:56 - [TEST_STEP][PASSED] - if (tabR == "нет данных"): null

16-10-2024T07:04:56 - [TEST_STEP][PASSED] - setValueToCellByIndex(sheet01, n, 4, "нет данных"): null

16-10-2024T07:04:56 - [TEST_STEP][PASSED] - if (tabB == null): null

16-10-2024T07:04:56 - [TEST_STEP][PASSED] - else: null

16-10-2024T07:04:56 - [TEST_STEP][PASSED] - if (tabB == "нет данных"): null

16-10-2024T07:04:56 - [TEST_STEP][PASSED] - else: null

16-10-2024T07:04:56 - [TEST_STEP][PASSED] - TB = tabB.toInteger(): null

16-10-2024T07:04:56 - [TEST_STEP][PASSED] - setValueToCellByIndex(sheet01, n, 5, TB): null

16-10-2024T07:04:56 - [TEST_STEP][PASSED] - setValueToCellByIndex(sheet01, n, 6, m): null

16-10-2024T07:04:56 - [TEST_STEP][PASSED] - setValueToCellByIndex(sheet01, n, 7, y): null

16-10-2024T07:04:56 - [TEST_STEP][PASSED] - setValueToCellByIndex(sheet01, n, 8, todaysDate): null

16-10-2024T07:04:56 - [TEST_STEP][PASSED] - n = n + 1: null

16-10-2024T07:04:56 - [TEST_STEP][PASSED] - saveWorkbook(excelFilePath, workbook01): null

16-10-2024T07:04:57 - [TEST_STEP][PASSED] - typeOfData = "План Отпуск из сети": null

16-10-2024T07:04:57 - [TEST_STEP][PASSED] - tabR = GetOiSPlanR(x = a): null

16-10-2024T07:04:57 - [TEST_STEP][PASSED] - i1 = <not implemented yet for class: org.codehaus.groovy.ast.expr.EmptyExpression>: null

16-10-2024T07:04:57 - [TEST_STEP][PASSED] - ii = <not implemented yet for class: org.codehaus.groovy.ast.expr.EmptyExpression>: null

16-10-2024T07:04:57 - [TEST_STEP][PASSED] - for ([ii = 1, ii < 8, (ii++)]): null

16-10-2024T07:04:57 - [TEST_STEP][PASSED] - i1 = x.indexOf("/") + 1: null

16-10-2024T07:04:57 - [TEST_STEP][PASSED] - if (i1 > -1): null

16-10-2024T07:04:57 - [TEST_STEP][PASSED] - x = x.substring(i1, x.length()): null

16-10-2024T07:04:57 - [TEST_STEP][PASSED] - println(x): null

16-10-2024T07:04:57 - [TEST_STEP][PASSED] - i1 = x.indexOf("/") + 1: null

16-10-2024T07:04:57 - [TEST_STEP][PASSED] - if (i1 > -1): null

16-10-2024T07:04:57 - [TEST_STEP][PASSED] - x = x.substring(i1, x.length()): null

16-10-2024T07:04:57 - [TEST_STEP][PASSED] - println(x): null

16-10-2024T07:04:57 - [TEST_STEP][PASSED] - i1 = x.indexOf("/") + 1: null

16-10-2024T07:04:57 - [TEST_STEP][PASSED] - if (i1 > -1): null

16-10-2024T07:04:57 - [TEST_STEP][PASSED] - x = x.substring(i1, x.length()): null

16-10-2024T07:04:57 - [TEST_STEP][PASSED] - println(x): null

16-10-2024T07:04:57 - [TEST_STEP][PASSED] - i1 = x.indexOf("/") + 1: null

16-10-2024T07:04:57 - [TEST_STEP][PASSED] - if (i1 > -1): null

16-10-2024T07:04:57 - [TEST_STEP][PASSED] - x = x.substring(i1, x.length()): null

16-10-2024T07:04:57 - [TEST_STEP][PASSED] - println(x): null

16-10-2024T07:04:57 - [TEST_STEP][PASSED] - i1 = x.indexOf("/") + 1: null

16-10-2024T07:04:57 - [TEST_STEP][PASSED] - if (i1 > -1): null

16-10-2024T07:04:57 - [TEST_STEP][PASSED] - x = x.substring(i1, x.length()): null

16-10-2024T07:04:57 - [TEST_STEP][PASSED] - println(x): null

16-10-2024T07:04:57 - [TEST_STEP][PASSED] - i1 = x.indexOf("/") + 1: null

16-10-2024T07:04:57 - [TEST_STEP][PASSED] - if (i1 > -1): null

16-10-2024T07:04:57 - [TEST_STEP][PASSED] - x = x.substring(i1, x.length()): null

16-10-2024T07:04:57 - [TEST_STEP][PASSED] - println(x): null

16-10-2024T07:04:57 - [TEST_STEP][PASSED] - i1 = x.indexOf("/") + 1: null

16-10-2024T07:04:57 - [TEST_STEP][PASSED] - if (i1 > -1): null

16-10-2024T07:04:57 - [TEST_STEP][PASSED] - x = x.substring(i1, x.length()): null

16-10-2024T07:04:57 - [TEST_STEP][PASSED] - println(x): null

16-10-2024T07:04:57 - [TEST_STEP][PASSED] - i1 = x.indexOf("/"): null

16-10-2024T07:04:57 - [TEST_STEP][PASSED] - if (i1 > -1): null

16-10-2024T07:04:57 - [TEST_STEP][PASSED] - x = x.substring(0, i1): null

16-10-2024T07:04:57 - [TEST_STEP][PASSED] - println(x): null

16-10-2024T07:04:57 - [TEST_STEP][PASSED] - return x: null

16-10-2024T07:04:57 - [TEST_STEP][PASSED] - tabB = GetOiSPlanB(x = b): null

16-10-2024T07:04:57 - [TEST_STEP][PASSED] - i1 = <not implemented yet for class: org.codehaus.groovy.ast.expr.EmptyExpression>: null

16-10-2024T07:04:57 - [TEST_STEP][PASSED] - ii = <not implemented yet for class: org.codehaus.groovy.ast.expr.EmptyExpression>: null

16-10-2024T07:04:57 - [TEST_STEP][PASSED] - for ([ii = 1, ii < 8, (ii++)]): null

16-10-2024T07:04:57 - [TEST_STEP][PASSED] - i1 = x.indexOf("/") + 1: null

16-10-2024T07:04:57 - [TEST_STEP][PASSED] - if (i1 > -1): null

16-10-2024T07:04:57 - [TEST_STEP][PASSED] - x = x.substring(i1, x.length()): null

16-10-2024T07:04:57 - [TEST_STEP][PASSED] - println(x): null

16-10-2024T07:04:57 - [TEST_STEP][PASSED] - i1 = x.indexOf("/") + 1: null

16-10-2024T07:04:57 - [TEST_STEP][PASSED] - if (i1 > -1): null

16-10-2024T07:04:57 - [TEST_STEP][PASSED] - x = x.substring(i1, x.length()): null

16-10-2024T07:04:57 - [TEST_STEP][PASSED] - println(x): null

16-10-2024T07:04:57 - [TEST_STEP][PASSED] - i1 = x.indexOf("/") + 1: null

16-10-2024T07:04:57 - [TEST_STEP][PASSED] - if (i1 > -1): null

16-10-2024T07:04:57 - [TEST_STEP][PASSED] - x = x.substring(i1, x.length()): null

16-10-2024T07:04:57 - [TEST_STEP][PASSED] - println(x): null

16-10-2024T07:04:57 - [TEST_STEP][PASSED] - i1 = x.indexOf("/") + 1: null

16-10-2024T07:04:57 - [TEST_STEP][PASSED] - if (i1 > -1): null

16-10-2024T07:04:57 - [TEST_STEP][PASSED] - x = x.substring(i1, x.length()): null

16-10-2024T07:04:57 - [TEST_STEP][PASSED] - println(x): null

16-10-2024T07:04:57 - [TEST_STEP][PASSED] - i1 = x.indexOf("/") + 1: null

16-10-2024T07:04:57 - [TEST_STEP][PASSED] - if (i1 > -1): null

16-10-2024T07:04:57 - [TEST_STEP][PASSED] - x = x.substring(i1, x.length()): null

16-10-2024T07:04:57 - [TEST_STEP][PASSED] - println(x): null

16-10-2024T07:04:57 - [TEST_STEP][PASSED] - i1 = x.indexOf("/") + 1: null

16-10-2024T07:04:57 - [TEST_STEP][PASSED] - if (i1 > -1): null

16-10-2024T07:04:57 - [TEST_STEP][PASSED] - x = x.substring(i1, x.length()): null

16-10-2024T07:04:57 - [TEST_STEP][PASSED] - println(x): null

16-10-2024T07:04:57 - [TEST_STEP][PASSED] - i1 = x.indexOf("/") + 1: null

16-10-2024T07:04:57 - [TEST_STEP][PASSED] - if (i1 > -1): null

16-10-2024T07:04:57 - [TEST_STEP][PASSED] - x = x.substring(i1, x.length()): null

16-10-2024T07:04:57 - [TEST_STEP][PASSED] - println(x): null

16-10-2024T07:04:57 - [TEST_STEP][PASSED] - i1 = x.indexOf("/"): null

16-10-2024T07:04:57 - [TEST_STEP][PASSED] - if (i1 > -1): null

16-10-2024T07:04:57 - [TEST_STEP][PASSED] - x = x.substring(0, i1): null

16-10-2024T07:04:57 - [TEST_STEP][PASSED] - println(x): null

16-10-2024T07:04:57 - [TEST_STEP][FAILED] - return x: null

16-10-2024T07:04:57 - [TEST_STEP][PASSED] - println(tabR + "/" + tabB): null

16-10-2024T07:04:57 - [TEST_STEP][FAILED] - if (verifyEqual(PercFactR, PercFactB) == false): null

16-10-2024T07:04:57 - [MESSAGE][FAILED] - Unable to verify equal between actual object 'нет данных' and expected object '8.88' (Root cause: com.kms.katalon.core.exception.StepFailedException: Actual object 'нет данных' and expected object '8.88' are not equal
	at com.kms.katalon.core.keyword.builtin.VerifyEqualKeyword$_verifyEqual_closure1.doCall(VerifyEqualKeyword.groovy:58)
	at com.kms.katalon.core.keyword.builtin.VerifyEqualKeyword$_verifyEqual_closure1.call(VerifyEqualKeyword.groovy)
	at com.kms.katalon.core.keyword.internal.KeywordMain.runKeyword(KeywordMain.groovy:75)
	at com.kms.katalon.core.keyword.builtin.VerifyEqualKeyword.verifyEqual(VerifyEqualKeyword.groovy:63)
	at com.kms.katalon.core.keyword.builtin.VerifyEqualKeyword.execute(VerifyEqualKeyword.groovy:44)
	at com.kms.katalon.core.keyword.internal.KeywordExecutor.executeKeywordForPlatform(KeywordExecutor.groovy:74)
	at com.kms.katalon.core.keyword.BuiltinKeywords.verifyEqual(BuiltinKeywords.groovy:146)
	at jdk.internal.reflect.GeneratedMethodAccessor25.invoke(Unknown Source)
	at java.base/jdk.internal.reflect.DelegatingMethodAccessorImpl.invoke(DelegatingMethodAccessorImpl.java:43)
	at Выполнение бизнес-плана сверка дашбордов.CompareDZOData(Выполнение бизнес-плана сверка дашбордов:758)
	at Выполнение бизнес-плана сверка дашбордов.run(Выполнение бизнес-плана сверка дашбордов:658)
	at com.kms.katalon.core.main.ScriptEngine.run(ScriptEngine.java:194)
	at com.kms.katalon.core.main.ScriptEngine.runScriptAsRawText(ScriptEngine.java:119)
	at com.kms.katalon.core.main.TestCaseExecutor.runScript(TestCaseExecutor.java:448)
	at com.kms.katalon.core.main.TestCaseExecutor.doExecute(TestCaseExecutor.java:439)
	at com.kms.katalon.core.main.TestCaseExecutor.processExecutionPhase(TestCaseExecutor.java:418)
	at com.kms.katalon.core.main.TestCaseExecutor.accessMainPhase(TestCaseExecutor.java:410)
	at com.kms.katalon.core.main.TestCaseExecutor.execute(TestCaseExecutor.java:285)
	at com.kms.katalon.core.common.CommonExecutor.accessTestCaseMainPhase(CommonExecutor.java:65)
	at com.kms.katalon.core.main.TestSuiteExecutor.accessTestSuiteMainPhase(TestSuiteExecutor.java:150)
	at com.kms.katalon.core.main.TestSuiteExecutor.execute(TestSuiteExecutor.java:106)
	at com.kms.katalon.core.main.TestCaseMain.startTestSuite(TestCaseMain.java:180)
	at TempTestSuite1729050801829.run(TempTestSuite1729050801829.groovy:35)
	at java.base/jdk.internal.reflect.NativeMethodAccessorImpl.invoke0(Native Method)
	at java.base/jdk.internal.reflect.NativeMethodAccessorImpl.invoke(NativeMethodAccessorImpl.java:77)
	at java.base/jdk.internal.reflect.DelegatingMethodAccessorImpl.invoke(DelegatingMethodAccessorImpl.java:43)
)

16-10-2024T07:04:57 - [TEST_STEP][PASSED] - result = WriteToExcel(typeOfData, todaysDate, PercPlanR, PercPlanB, PercFactR, PercFactB, x, tabR, tabB, o1R, o1B, vidget): null

16-10-2024T07:04:57 - [TEST_STEP][PASSED] - iii = dZO.indexOf("/"): null

16-10-2024T07:04:57 - [TEST_STEP][PASSED] - println(iii): null

16-10-2024T07:04:57 - [TEST_STEP][PASSED] - dZO = dZO.substring(0, iii): null

16-10-2024T07:04:57 - [TEST_STEP][PASSED] - println(dZO): null

16-10-2024T07:04:57 - [TEST_STEP][PASSED] - println(PercPlanR): null

16-10-2024T07:04:57 - [TEST_STEP][PASSED] - println(PercPlanB): null

16-10-2024T07:04:57 - [TEST_STEP][PASSED] - println(PercFactR): null

16-10-2024T07:04:57 - [TEST_STEP][PASSED] - println(PercFactB): null

16-10-2024T07:04:57 - [TEST_STEP][PASSED] - println(tabR): null

16-10-2024T07:04:57 - [TEST_STEP][PASSED] - println(tabB): null

16-10-2024T07:04:57 - [TEST_STEP][PASSED] - println(o1R): null

16-10-2024T07:04:57 - [TEST_STEP][PASSED] - println(o1B): null

16-10-2024T07:04:57 - [TEST_STEP][PASSED] - PR = <not implemented yet for class: org.codehaus.groovy.ast.expr.EmptyExpression>: null

16-10-2024T07:04:57 - [TEST_STEP][PASSED] - FR = <not implemented yet for class: org.codehaus.groovy.ast.expr.EmptyExpression>: null

16-10-2024T07:04:57 - [TEST_STEP][PASSED] - PB = <not implemented yet for class: org.codehaus.groovy.ast.expr.EmptyExpression>: null

16-10-2024T07:04:57 - [TEST_STEP][PASSED] - FB = <not implemented yet for class: org.codehaus.groovy.ast.expr.EmptyExpression>: null

16-10-2024T07:04:57 - [TEST_STEP][PASSED] - TR = <not implemented yet for class: org.codehaus.groovy.ast.expr.EmptyExpression>: null

16-10-2024T07:04:57 - [TEST_STEP][PASSED] - TB = <not implemented yet for class: org.codehaus.groovy.ast.expr.EmptyExpression>: null

16-10-2024T07:04:57 - [TEST_STEP][PASSED] - sheetName = "Sheet1": null

16-10-2024T07:04:57 - [TEST_STEP][PASSED] - data = findTestData("PlanFact"): null

16-10-2024T07:04:57 - [TEST_STEP][PASSED] - n = data.getRowNumbers() + 1: null

16-10-2024T07:04:57 - [TEST_STEP][PASSED] - year = todaysDate.substring(todaysDate.length() - 4, todaysDate.length()): null

16-10-2024T07:04:57 - [TEST_STEP][PASSED] - y = year.toInteger(): null

16-10-2024T07:04:57 - [TEST_STEP][PASSED] - m = getText(findTestObject("Выполнение бизнес-плана/Выполнение бизнес-плана Балансы/Фильтр Дата")): Text of object 'Object Repository/Выполнение бизнес-плана/Выполнение бизнес-плана Балансы/Фильтр Дата' is: '1, 2 кв., Июль, Август 2024 года'

16-10-2024T07:04:57 - [MESSAGE][PASSED] - Text of object 'Object Repository/Выполнение бизнес-плана/Выполнение бизнес-плана Балансы/Фильтр Дата' is: '1, 2 кв., Июль, Август 2024 года'

16-10-2024T07:04:57 - [TEST_STEP][PASSED] - m = m.substring(0, m.indexOf("2024")): null

16-10-2024T07:04:57 - [TEST_STEP][PASSED] - m = m.trim(): null

16-10-2024T07:04:57 - [TEST_STEP][PASSED] - dashboardName = "Выполнение бизнес-плана": null

16-10-2024T07:04:57 - [TEST_STEP][PASSED] - workbook01 = getWorkbook(excelFilePath): null

16-10-2024T07:04:57 - [TEST_STEP][PASSED] - sheet01 = getExcelSheet(workbook01, sheetName): null

16-10-2024T07:04:57 - [TEST_STEP][PASSED] - setValueToCellByIndex(sheet01, n, 0, dashboardName): null

16-10-2024T07:04:57 - [TEST_STEP][PASSED] - setValueToCellByIndex(sheet01, n, 1, dZO): null

16-10-2024T07:04:57 - [TEST_STEP][PASSED] - setValueToCellByIndex(sheet01, n, 2, typeOfData): null

16-10-2024T07:04:57 - [TEST_STEP][PASSED] - setValueToCellByIndex(sheet01, n, 3, typeOfData): null

16-10-2024T07:04:57 - [TEST_STEP][PASSED] - if (typeOfData == "План"): null

16-10-2024T07:04:57 - [TEST_STEP][PASSED] - else if (typeOfData == "Факт"): null

16-10-2024T07:04:57 - [TEST_STEP][PASSED] - else if (vidget.contains("электроэнергии") == true): null

16-10-2024T07:04:57 - [TEST_STEP][PASSED] - if (tabR == null): null

16-10-2024T07:04:57 - [TEST_STEP][PASSED] - else: null

16-10-2024T07:04:57 - [TEST_STEP][PASSED] - if (tabR == "нет данных"): null

16-10-2024T07:04:57 - [TEST_STEP][PASSED] - setValueToCellByIndex(sheet01, n, 4, "нет данных"): null

16-10-2024T07:04:57 - [TEST_STEP][PASSED] - if (tabB == null): null

16-10-2024T07:04:57 - [TEST_STEP][PASSED] - else: null

16-10-2024T07:04:57 - [TEST_STEP][PASSED] - if (tabB == "нет данных"): null

16-10-2024T07:04:57 - [TEST_STEP][PASSED] - else: null

16-10-2024T07:04:57 - [TEST_STEP][PASSED] - TB = tabB.toInteger(): null

16-10-2024T07:04:57 - [TEST_STEP][PASSED] - setValueToCellByIndex(sheet01, n, 5, TB): null

16-10-2024T07:04:57 - [TEST_STEP][PASSED] - setValueToCellByIndex(sheet01, n, 6, m): null

16-10-2024T07:04:57 - [TEST_STEP][PASSED] - setValueToCellByIndex(sheet01, n, 7, y): null

16-10-2024T07:04:57 - [TEST_STEP][PASSED] - setValueToCellByIndex(sheet01, n, 8, todaysDate): null

16-10-2024T07:04:57 - [TEST_STEP][PASSED] - n = n + 1: null

16-10-2024T07:04:57 - [TEST_STEP][PASSED] - saveWorkbook(excelFilePath, workbook01): null

16-10-2024T07:04:57 - [TEST_STEP][PASSED] - typeOfData = "План Потери": null

16-10-2024T07:04:57 - [TEST_STEP][PASSED] - tabR = GetPPlanR(x = a): null

16-10-2024T07:04:57 - [TEST_STEP][PASSED] - i1 = <not implemented yet for class: org.codehaus.groovy.ast.expr.EmptyExpression>: null

16-10-2024T07:04:57 - [TEST_STEP][PASSED] - ii = <not implemented yet for class: org.codehaus.groovy.ast.expr.EmptyExpression>: null

16-10-2024T07:04:57 - [TEST_STEP][PASSED] - for ([ii = 1, ii < 9, (ii++)]): null

16-10-2024T07:04:57 - [TEST_STEP][PASSED] - i1 = x.indexOf("/") + 1: null

16-10-2024T07:04:57 - [TEST_STEP][PASSED] - if (i1 > -1): null

16-10-2024T07:04:57 - [TEST_STEP][PASSED] - x = x.substring(i1, x.length()): null

16-10-2024T07:04:57 - [TEST_STEP][PASSED] - println(x): null

16-10-2024T07:04:57 - [TEST_STEP][PASSED] - i1 = x.indexOf("/") + 1: null

16-10-2024T07:04:57 - [TEST_STEP][PASSED] - if (i1 > -1): null

16-10-2024T07:04:57 - [TEST_STEP][PASSED] - x = x.substring(i1, x.length()): null

16-10-2024T07:04:57 - [TEST_STEP][PASSED] - println(x): null

16-10-2024T07:04:57 - [TEST_STEP][PASSED] - i1 = x.indexOf("/") + 1: null

16-10-2024T07:04:57 - [TEST_STEP][PASSED] - if (i1 > -1): null

16-10-2024T07:04:57 - [TEST_STEP][PASSED] - x = x.substring(i1, x.length()): null

16-10-2024T07:04:57 - [TEST_STEP][PASSED] - println(x): null

16-10-2024T07:04:57 - [TEST_STEP][PASSED] - i1 = x.indexOf("/") + 1: null

16-10-2024T07:04:57 - [TEST_STEP][PASSED] - if (i1 > -1): null

16-10-2024T07:04:57 - [TEST_STEP][PASSED] - x = x.substring(i1, x.length()): null

16-10-2024T07:04:57 - [TEST_STEP][PASSED] - println(x): null

16-10-2024T07:04:57 - [TEST_STEP][PASSED] - i1 = x.indexOf("/") + 1: null

16-10-2024T07:04:57 - [TEST_STEP][PASSED] - if (i1 > -1): null

16-10-2024T07:04:57 - [TEST_STEP][PASSED] - x = x.substring(i1, x.length()): null

16-10-2024T07:04:57 - [TEST_STEP][PASSED] - println(x): null

16-10-2024T07:04:57 - [TEST_STEP][PASSED] - i1 = x.indexOf("/") + 1: null

16-10-2024T07:04:57 - [TEST_STEP][PASSED] - if (i1 > -1): null

16-10-2024T07:04:57 - [TEST_STEP][PASSED] - x = x.substring(i1, x.length()): null

16-10-2024T07:04:57 - [TEST_STEP][PASSED] - println(x): null

16-10-2024T07:04:57 - [TEST_STEP][PASSED] - i1 = x.indexOf("/") + 1: null

16-10-2024T07:04:57 - [TEST_STEP][PASSED] - if (i1 > -1): null

16-10-2024T07:04:57 - [TEST_STEP][PASSED] - x = x.substring(i1, x.length()): null

16-10-2024T07:04:57 - [TEST_STEP][PASSED] - println(x): null

16-10-2024T07:04:57 - [TEST_STEP][PASSED] - i1 = x.indexOf("/") + 1: null

16-10-2024T07:04:57 - [TEST_STEP][PASSED] - if (i1 > -1): null

16-10-2024T07:04:57 - [TEST_STEP][PASSED] - x = x.substring(i1, x.length()): null

16-10-2024T07:04:57 - [TEST_STEP][PASSED] - println(x): null

16-10-2024T07:04:57 - [TEST_STEP][PASSED] - i1 = x.indexOf("/"): null

16-10-2024T07:04:57 - [TEST_STEP][PASSED] - if (i1 > -1): null

16-10-2024T07:04:57 - [TEST_STEP][PASSED] - x = x.substring(0, i1): null

16-10-2024T07:04:57 - [TEST_STEP][PASSED] - println(x): null

16-10-2024T07:04:57 - [TEST_STEP][PASSED] - return x: null

16-10-2024T07:04:57 - [TEST_STEP][PASSED] - tabB = GetPPlanB(x = b): null

16-10-2024T07:04:57 - [TEST_STEP][PASSED] - i1 = <not implemented yet for class: org.codehaus.groovy.ast.expr.EmptyExpression>: null

16-10-2024T07:04:57 - [TEST_STEP][PASSED] - ii = <not implemented yet for class: org.codehaus.groovy.ast.expr.EmptyExpression>: null

16-10-2024T07:04:57 - [TEST_STEP][PASSED] - for ([ii = 1, ii < 9, (ii++)]): null

16-10-2024T07:04:57 - [TEST_STEP][PASSED] - i1 = x.indexOf("/") + 1: null

16-10-2024T07:04:57 - [TEST_STEP][PASSED] - if (i1 > -1): null

16-10-2024T07:04:57 - [TEST_STEP][PASSED] - x = x.substring(i1, x.length()): null

16-10-2024T07:04:57 - [TEST_STEP][PASSED] - println(x): null

16-10-2024T07:04:57 - [TEST_STEP][PASSED] - i1 = x.indexOf("/") + 1: null

16-10-2024T07:04:57 - [TEST_STEP][PASSED] - if (i1 > -1): null

16-10-2024T07:04:57 - [TEST_STEP][PASSED] - x = x.substring(i1, x.length()): null

16-10-2024T07:04:57 - [TEST_STEP][PASSED] - println(x): null

16-10-2024T07:04:57 - [TEST_STEP][PASSED] - i1 = x.indexOf("/") + 1: null

16-10-2024T07:04:57 - [TEST_STEP][PASSED] - if (i1 > -1): null

16-10-2024T07:04:57 - [TEST_STEP][PASSED] - x = x.substring(i1, x.length()): null

16-10-2024T07:04:57 - [TEST_STEP][PASSED] - println(x): null

16-10-2024T07:04:57 - [TEST_STEP][PASSED] - i1 = x.indexOf("/") + 1: null

16-10-2024T07:04:57 - [TEST_STEP][PASSED] - if (i1 > -1): null

16-10-2024T07:04:57 - [TEST_STEP][PASSED] - x = x.substring(i1, x.length()): null

16-10-2024T07:04:57 - [TEST_STEP][PASSED] - println(x): null

16-10-2024T07:04:57 - [TEST_STEP][PASSED] - i1 = x.indexOf("/") + 1: null

16-10-2024T07:04:57 - [TEST_STEP][PASSED] - if (i1 > -1): null

16-10-2024T07:04:57 - [TEST_STEP][PASSED] - x = x.substring(i1, x.length()): null

16-10-2024T07:04:57 - [TEST_STEP][PASSED] - println(x): null

16-10-2024T07:04:57 - [TEST_STEP][PASSED] - i1 = x.indexOf("/") + 1: null

16-10-2024T07:04:57 - [TEST_STEP][PASSED] - if (i1 > -1): null

16-10-2024T07:04:57 - [TEST_STEP][PASSED] - x = x.substring(i1, x.length()): null

16-10-2024T07:04:57 - [TEST_STEP][PASSED] - println(x): null

16-10-2024T07:04:57 - [TEST_STEP][PASSED] - i1 = x.indexOf("/") + 1: null

16-10-2024T07:04:57 - [TEST_STEP][PASSED] - if (i1 > -1): null

16-10-2024T07:04:57 - [TEST_STEP][PASSED] - x = x.substring(i1, x.length()): null

16-10-2024T07:04:57 - [TEST_STEP][PASSED] - println(x): null

16-10-2024T07:04:57 - [TEST_STEP][PASSED] - i1 = x.indexOf("/") + 1: null

16-10-2024T07:04:57 - [TEST_STEP][PASSED] - if (i1 > -1): null

16-10-2024T07:04:57 - [TEST_STEP][PASSED] - x = x.substring(i1, x.length()): null

16-10-2024T07:04:57 - [TEST_STEP][PASSED] - println(x): null

16-10-2024T07:04:57 - [TEST_STEP][PASSED] - i1 = x.indexOf("/"): null

16-10-2024T07:04:57 - [TEST_STEP][PASSED] - if (i1 > -1): null

16-10-2024T07:04:57 - [TEST_STEP][PASSED] - x = x.substring(0, i1): null

16-10-2024T07:04:57 - [TEST_STEP][PASSED] - println(x): null

16-10-2024T07:04:57 - [TEST_STEP][FAILED] - return x: null

16-10-2024T07:04:57 - [TEST_STEP][PASSED] - println(tabR + "/" + tabB): null

16-10-2024T07:04:57 - [TEST_STEP][FAILED] - if (verifyEqual(PercFactR, PercFactB) == false): null

16-10-2024T07:04:57 - [MESSAGE][FAILED] - Unable to verify equal between actual object 'нет данных' and expected object '8.88' (Root cause: com.kms.katalon.core.exception.StepFailedException: Actual object 'нет данных' and expected object '8.88' are not equal
	at com.kms.katalon.core.keyword.builtin.VerifyEqualKeyword$_verifyEqual_closure1.doCall(VerifyEqualKeyword.groovy:58)
	at com.kms.katalon.core.keyword.builtin.VerifyEqualKeyword$_verifyEqual_closure1.call(VerifyEqualKeyword.groovy)
	at com.kms.katalon.core.keyword.internal.KeywordMain.runKeyword(KeywordMain.groovy:75)
	at com.kms.katalon.core.keyword.builtin.VerifyEqualKeyword.verifyEqual(VerifyEqualKeyword.groovy:63)
	at com.kms.katalon.core.keyword.builtin.VerifyEqualKeyword.execute(VerifyEqualKeyword.groovy:44)
	at com.kms.katalon.core.keyword.internal.KeywordExecutor.executeKeywordForPlatform(KeywordExecutor.groovy:74)
	at com.kms.katalon.core.keyword.BuiltinKeywords.verifyEqual(BuiltinKeywords.groovy:146)
	at jdk.internal.reflect.GeneratedMethodAccessor25.invoke(Unknown Source)
	at java.base/jdk.internal.reflect.DelegatingMethodAccessorImpl.invoke(DelegatingMethodAccessorImpl.java:43)
	at Выполнение бизнес-плана сверка дашбордов.CompareDZOData(Выполнение бизнес-плана сверка дашбордов:771)
	at Выполнение бизнес-плана сверка дашбордов.run(Выполнение бизнес-плана сверка дашбордов:658)
	at com.kms.katalon.core.main.ScriptEngine.run(ScriptEngine.java:194)
	at com.kms.katalon.core.main.ScriptEngine.runScriptAsRawText(ScriptEngine.java:119)
	at com.kms.katalon.core.main.TestCaseExecutor.runScript(TestCaseExecutor.java:448)
	at com.kms.katalon.core.main.TestCaseExecutor.doExecute(TestCaseExecutor.java:439)
	at com.kms.katalon.core.main.TestCaseExecutor.processExecutionPhase(TestCaseExecutor.java:418)
	at com.kms.katalon.core.main.TestCaseExecutor.accessMainPhase(TestCaseExecutor.java:410)
	at com.kms.katalon.core.main.TestCaseExecutor.execute(TestCaseExecutor.java:285)
	at com.kms.katalon.core.common.CommonExecutor.accessTestCaseMainPhase(CommonExecutor.java:65)
	at com.kms.katalon.core.main.TestSuiteExecutor.accessTestSuiteMainPhase(TestSuiteExecutor.java:150)
	at com.kms.katalon.core.main.TestSuiteExecutor.execute(TestSuiteExecutor.java:106)
	at com.kms.katalon.core.main.TestCaseMain.startTestSuite(TestCaseMain.java:180)
	at TempTestSuite1729050801829.run(TempTestSuite1729050801829.groovy:35)
	at java.base/jdk.internal.reflect.NativeMethodAccessorImpl.invoke0(Native Method)
	at java.base/jdk.internal.reflect.NativeMethodAccessorImpl.invoke(NativeMethodAccessorImpl.java:77)
	at java.base/jdk.internal.reflect.DelegatingMethodAccessorImpl.invoke(DelegatingMethodAccessorImpl.java:43)
)

16-10-2024T07:04:57 - [TEST_STEP][PASSED] - result = WriteToExcel(typeOfData, todaysDate, PercPlanR, PercPlanB, PercFactR, PercFactB, x, tabR, tabB, o1R, o1B, vidget): null

16-10-2024T07:04:57 - [TEST_STEP][PASSED] - iii = dZO.indexOf("/"): null

16-10-2024T07:04:57 - [TEST_STEP][PASSED] - println(iii): null

16-10-2024T07:04:57 - [TEST_STEP][PASSED] - dZO = dZO.substring(0, iii): null

16-10-2024T07:04:57 - [TEST_STEP][PASSED] - println(dZO): null

16-10-2024T07:04:57 - [TEST_STEP][PASSED] - println(PercPlanR): null

16-10-2024T07:04:57 - [TEST_STEP][PASSED] - println(PercPlanB): null

16-10-2024T07:04:57 - [TEST_STEP][PASSED] - println(PercFactR): null

16-10-2024T07:04:57 - [TEST_STEP][PASSED] - println(PercFactB): null

16-10-2024T07:04:57 - [TEST_STEP][PASSED] - println(tabR): null

16-10-2024T07:04:57 - [TEST_STEP][PASSED] - println(tabB): null

16-10-2024T07:04:57 - [TEST_STEP][PASSED] - println(o1R): null

16-10-2024T07:04:57 - [TEST_STEP][PASSED] - println(o1B): null

16-10-2024T07:04:57 - [TEST_STEP][PASSED] - PR = <not implemented yet for class: org.codehaus.groovy.ast.expr.EmptyExpression>: null

16-10-2024T07:04:57 - [TEST_STEP][PASSED] - FR = <not implemented yet for class: org.codehaus.groovy.ast.expr.EmptyExpression>: null

16-10-2024T07:04:57 - [TEST_STEP][PASSED] - PB = <not implemented yet for class: org.codehaus.groovy.ast.expr.EmptyExpression>: null

16-10-2024T07:04:57 - [TEST_STEP][PASSED] - FB = <not implemented yet for class: org.codehaus.groovy.ast.expr.EmptyExpression>: null

16-10-2024T07:04:57 - [TEST_STEP][PASSED] - TR = <not implemented yet for class: org.codehaus.groovy.ast.expr.EmptyExpression>: null

16-10-2024T07:04:57 - [TEST_STEP][PASSED] - TB = <not implemented yet for class: org.codehaus.groovy.ast.expr.EmptyExpression>: null

16-10-2024T07:04:57 - [TEST_STEP][PASSED] - sheetName = "Sheet1": null

16-10-2024T07:04:57 - [TEST_STEP][PASSED] - data = findTestData("PlanFact"): null

16-10-2024T07:04:57 - [TEST_STEP][PASSED] - n = data.getRowNumbers() + 1: null

16-10-2024T07:04:57 - [TEST_STEP][PASSED] - year = todaysDate.substring(todaysDate.length() - 4, todaysDate.length()): null

16-10-2024T07:04:57 - [TEST_STEP][PASSED] - y = year.toInteger(): null

16-10-2024T07:04:57 - [TEST_STEP][PASSED] - m = getText(findTestObject("Выполнение бизнес-плана/Выполнение бизнес-плана Балансы/Фильтр Дата")): Text of object 'Object Repository/Выполнение бизнес-плана/Выполнение бизнес-плана Балансы/Фильтр Дата' is: '1, 2 кв., Июль, Август 2024 года'

16-10-2024T07:04:58 - [MESSAGE][PASSED] - Text of object 'Object Repository/Выполнение бизнес-плана/Выполнение бизнес-плана Балансы/Фильтр Дата' is: '1, 2 кв., Июль, Август 2024 года'

16-10-2024T07:04:58 - [TEST_STEP][PASSED] - m = m.substring(0, m.indexOf("2024")): null

16-10-2024T07:04:58 - [TEST_STEP][PASSED] - m = m.trim(): null

16-10-2024T07:04:58 - [TEST_STEP][PASSED] - dashboardName = "Выполнение бизнес-плана": null

16-10-2024T07:04:58 - [TEST_STEP][PASSED] - workbook01 = getWorkbook(excelFilePath): null

16-10-2024T07:04:58 - [TEST_STEP][PASSED] - sheet01 = getExcelSheet(workbook01, sheetName): null

16-10-2024T07:04:58 - [TEST_STEP][PASSED] - setValueToCellByIndex(sheet01, n, 0, dashboardName): null

16-10-2024T07:04:58 - [TEST_STEP][PASSED] - setValueToCellByIndex(sheet01, n, 1, dZO): null

16-10-2024T07:04:58 - [TEST_STEP][PASSED] - setValueToCellByIndex(sheet01, n, 2, typeOfData): null

16-10-2024T07:04:58 - [TEST_STEP][PASSED] - setValueToCellByIndex(sheet01, n, 3, typeOfData): null

16-10-2024T07:04:58 - [TEST_STEP][PASSED] - if (typeOfData == "План"): null

16-10-2024T07:04:58 - [TEST_STEP][PASSED] - else if (typeOfData == "Факт"): null

16-10-2024T07:04:58 - [TEST_STEP][PASSED] - else if (vidget.contains("электроэнергии") == true): null

16-10-2024T07:04:58 - [TEST_STEP][PASSED] - if (tabR == null): null

16-10-2024T07:04:58 - [TEST_STEP][PASSED] - else: null

16-10-2024T07:04:58 - [TEST_STEP][PASSED] - if (tabR == "нет данных"): null

16-10-2024T07:04:58 - [TEST_STEP][PASSED] - setValueToCellByIndex(sheet01, n, 4, "нет данных"): null

16-10-2024T07:04:58 - [TEST_STEP][PASSED] - if (tabB == null): null

16-10-2024T07:04:58 - [TEST_STEP][PASSED] - else: null

16-10-2024T07:04:58 - [TEST_STEP][PASSED] - if (tabB == "нет данных"): null

16-10-2024T07:04:58 - [TEST_STEP][PASSED] - else: null

16-10-2024T07:04:58 - [TEST_STEP][PASSED] - TB = tabB.toInteger(): null

16-10-2024T07:04:58 - [TEST_STEP][PASSED] - setValueToCellByIndex(sheet01, n, 5, TB): null

16-10-2024T07:04:58 - [TEST_STEP][PASSED] - setValueToCellByIndex(sheet01, n, 6, m): null

16-10-2024T07:04:58 - [TEST_STEP][PASSED] - setValueToCellByIndex(sheet01, n, 7, y): null

16-10-2024T07:04:58 - [TEST_STEP][PASSED] - setValueToCellByIndex(sheet01, n, 8, todaysDate): null

16-10-2024T07:04:58 - [TEST_STEP][PASSED] - n = n + 1: null

16-10-2024T07:04:58 - [TEST_STEP][PASSED] - saveWorkbook(excelFilePath, workbook01): null

16-10-2024T07:04:58 - [TEST_STEP][PASSED] - ii2 = a.indexOf("ПАО"): null

16-10-2024T07:04:58 - [TEST_STEP][PASSED] - if (ii2 == -1): null

16-10-2024T07:04:58 - [TEST_STEP][PASSED] - vidget = "Отклонения фактического уровня потерь от бизнес-плана": null

16-10-2024T07:04:58 - [TEST_STEP][PASSED] - typeOfData = "Коэффициент": null

16-10-2024T07:04:58 - [TEST_STEP][PASSED] - o1R = Geto1R(x = a): null

16-10-2024T07:04:58 - [TEST_STEP][PASSED] - i1 = <not implemented yet for class: org.codehaus.groovy.ast.expr.EmptyExpression>: null

16-10-2024T07:04:58 - [TEST_STEP][PASSED] - ii = <not implemented yet for class: org.codehaus.groovy.ast.expr.EmptyExpression>: null

16-10-2024T07:04:58 - [TEST_STEP][PASSED] - for ([ii = 1, ii < 10, (ii++)]): null

16-10-2024T07:04:58 - [TEST_STEP][PASSED] - i1 = x.indexOf("/") + 1: null

16-10-2024T07:04:58 - [TEST_STEP][PASSED] - if (i1 > -1): null

16-10-2024T07:04:58 - [TEST_STEP][PASSED] - x = x.substring(i1, x.length()): null

16-10-2024T07:04:58 - [TEST_STEP][PASSED] - i1 = x.indexOf("/") + 1: null

16-10-2024T07:04:58 - [TEST_STEP][PASSED] - if (i1 > -1): null

16-10-2024T07:04:58 - [TEST_STEP][PASSED] - x = x.substring(i1, x.length()): null

16-10-2024T07:04:58 - [TEST_STEP][PASSED] - i1 = x.indexOf("/") + 1: null

16-10-2024T07:04:58 - [TEST_STEP][PASSED] - if (i1 > -1): null

16-10-2024T07:04:58 - [TEST_STEP][PASSED] - x = x.substring(i1, x.length()): null

16-10-2024T07:04:58 - [TEST_STEP][PASSED] - i1 = x.indexOf("/") + 1: null

16-10-2024T07:04:58 - [TEST_STEP][PASSED] - if (i1 > -1): null

16-10-2024T07:04:58 - [TEST_STEP][PASSED] - x = x.substring(i1, x.length()): null

16-10-2024T07:04:58 - [TEST_STEP][PASSED] - i1 = x.indexOf("/") + 1: null

16-10-2024T07:04:58 - [TEST_STEP][PASSED] - if (i1 > -1): null

16-10-2024T07:04:58 - [TEST_STEP][PASSED] - x = x.substring(i1, x.length()): null

16-10-2024T07:04:58 - [TEST_STEP][PASSED] - i1 = x.indexOf("/") + 1: null

16-10-2024T07:04:58 - [TEST_STEP][PASSED] - if (i1 > -1): null

16-10-2024T07:04:58 - [TEST_STEP][PASSED] - x = x.substring(i1, x.length()): null

16-10-2024T07:04:58 - [TEST_STEP][PASSED] - i1 = x.indexOf("/") + 1: null

16-10-2024T07:04:58 - [TEST_STEP][PASSED] - if (i1 > -1): null

16-10-2024T07:04:58 - [TEST_STEP][PASSED] - x = x.substring(i1, x.length()): null

16-10-2024T07:04:58 - [TEST_STEP][PASSED] - i1 = x.indexOf("/") + 1: null

16-10-2024T07:04:58 - [TEST_STEP][PASSED] - if (i1 > -1): null

16-10-2024T07:04:58 - [TEST_STEP][PASSED] - x = x.substring(i1, x.length()): null

16-10-2024T07:04:58 - [TEST_STEP][PASSED] - i1 = x.indexOf("/") + 1: null

16-10-2024T07:04:58 - [TEST_STEP][PASSED] - if (i1 > -1): null

16-10-2024T07:04:58 - [TEST_STEP][PASSED] - x = x.substring(i1, x.length()): null

16-10-2024T07:04:58 - [TEST_STEP][PASSED] - i1 = x.indexOf("/"): null

16-10-2024T07:04:58 - [TEST_STEP][PASSED] - if (i1 > -1): null

16-10-2024T07:04:58 - [TEST_STEP][PASSED] - println(x): null

16-10-2024T07:04:58 - [TEST_STEP][PASSED] - return x: null

16-10-2024T07:04:58 - [TEST_STEP][PASSED] - o1B = Geto1B(x = b): null

16-10-2024T07:04:58 - [TEST_STEP][PASSED] - i1 = <not implemented yet for class: org.codehaus.groovy.ast.expr.EmptyExpression>: null

16-10-2024T07:04:58 - [TEST_STEP][PASSED] - ii = <not implemented yet for class: org.codehaus.groovy.ast.expr.EmptyExpression>: null

16-10-2024T07:04:58 - [TEST_STEP][PASSED] - for ([ii = 1, ii < 10, (ii++)]): null

16-10-2024T07:04:58 - [TEST_STEP][PASSED] - i1 = x.indexOf("/") + 1: null

16-10-2024T07:04:58 - [TEST_STEP][PASSED] - if (i1 > -1): null

16-10-2024T07:04:58 - [TEST_STEP][PASSED] - x = x.substring(i1, x.length()): null

16-10-2024T07:04:58 - [TEST_STEP][PASSED] - i1 = x.indexOf("/") + 1: null

16-10-2024T07:04:58 - [TEST_STEP][PASSED] - if (i1 > -1): null

16-10-2024T07:04:58 - [TEST_STEP][PASSED] - x = x.substring(i1, x.length()): null

16-10-2024T07:04:58 - [TEST_STEP][PASSED] - i1 = x.indexOf("/") + 1: null

16-10-2024T07:04:58 - [TEST_STEP][PASSED] - if (i1 > -1): null

16-10-2024T07:04:58 - [TEST_STEP][PASSED] - x = x.substring(i1, x.length()): null

16-10-2024T07:04:58 - [TEST_STEP][PASSED] - i1 = x.indexOf("/") + 1: null

16-10-2024T07:04:58 - [TEST_STEP][PASSED] - if (i1 > -1): null

16-10-2024T07:04:58 - [TEST_STEP][PASSED] - x = x.substring(i1, x.length()): null

16-10-2024T07:04:58 - [TEST_STEP][PASSED] - i1 = x.indexOf("/") + 1: null

16-10-2024T07:04:58 - [TEST_STEP][PASSED] - if (i1 > -1): null

16-10-2024T07:04:58 - [TEST_STEP][PASSED] - x = x.substring(i1, x.length()): null

16-10-2024T07:04:58 - [TEST_STEP][PASSED] - i1 = x.indexOf("/") + 1: null

16-10-2024T07:04:58 - [TEST_STEP][PASSED] - if (i1 > -1): null

16-10-2024T07:04:58 - [TEST_STEP][PASSED] - x = x.substring(i1, x.length()): null

16-10-2024T07:04:58 - [TEST_STEP][PASSED] - i1 = x.indexOf("/") + 1: null

16-10-2024T07:04:58 - [TEST_STEP][PASSED] - if (i1 > -1): null

16-10-2024T07:04:58 - [TEST_STEP][PASSED] - x = x.substring(i1, x.length()): null

16-10-2024T07:04:58 - [TEST_STEP][PASSED] - i1 = x.indexOf("/") + 1: null

16-10-2024T07:04:58 - [TEST_STEP][PASSED] - if (i1 > -1): null

16-10-2024T07:04:58 - [TEST_STEP][PASSED] - x = x.substring(i1, x.length()): null

16-10-2024T07:04:58 - [TEST_STEP][PASSED] - i1 = x.indexOf("/") + 1: null

16-10-2024T07:04:58 - [TEST_STEP][PASSED] - if (i1 > -1): null

16-10-2024T07:04:58 - [TEST_STEP][PASSED] - x = x.substring(i1, x.length()): null

16-10-2024T07:04:58 - [TEST_STEP][PASSED] - i1 = x.indexOf("/"): null

16-10-2024T07:04:58 - [TEST_STEP][PASSED] - if (i1 > -1): null

16-10-2024T07:04:58 - [TEST_STEP][PASSED] - println(x): null

16-10-2024T07:04:58 - [TEST_STEP][FAILED] - return x: null

16-10-2024T07:04:58 - [TEST_STEP][PASSED] - println(o1R + "/" + o1B): null

16-10-2024T07:04:58 - [TEST_STEP][FAILED] - if (verifyEqual(PercFactR, PercFactB) == false): null

16-10-2024T07:04:58 - [MESSAGE][FAILED] - Unable to verify equal between actual object 'нет данных' and expected object '8.88' (Root cause: com.kms.katalon.core.exception.StepFailedException: Actual object 'нет данных' and expected object '8.88' are not equal
	at com.kms.katalon.core.keyword.builtin.VerifyEqualKeyword$_verifyEqual_closure1.doCall(VerifyEqualKeyword.groovy:58)
	at com.kms.katalon.core.keyword.builtin.VerifyEqualKeyword$_verifyEqual_closure1.call(VerifyEqualKeyword.groovy)
	at com.kms.katalon.core.keyword.internal.KeywordMain.runKeyword(KeywordMain.groovy:75)
	at com.kms.katalon.core.keyword.builtin.VerifyEqualKeyword.verifyEqual(VerifyEqualKeyword.groovy:63)
	at com.kms.katalon.core.keyword.builtin.VerifyEqualKeyword.execute(VerifyEqualKeyword.groovy:44)
	at com.kms.katalon.core.keyword.internal.KeywordExecutor.executeKeywordForPlatform(KeywordExecutor.groovy:74)
	at com.kms.katalon.core.keyword.BuiltinKeywords.verifyEqual(BuiltinKeywords.groovy:146)
	at jdk.internal.reflect.GeneratedMethodAccessor25.invoke(Unknown Source)
	at java.base/jdk.internal.reflect.DelegatingMethodAccessorImpl.invoke(DelegatingMethodAccessorImpl.java:43)
	at Выполнение бизнес-плана сверка дашбордов.CompareDZOData(Выполнение бизнес-плана сверка дашбордов:789)
	at Выполнение бизнес-плана сверка дашбордов.run(Выполнение бизнес-плана сверка дашбордов:658)
	at com.kms.katalon.core.main.ScriptEngine.run(ScriptEngine.java:194)
	at com.kms.katalon.core.main.ScriptEngine.runScriptAsRawText(ScriptEngine.java:119)
	at com.kms.katalon.core.main.TestCaseExecutor.runScript(TestCaseExecutor.java:448)
	at com.kms.katalon.core.main.TestCaseExecutor.doExecute(TestCaseExecutor.java:439)
	at com.kms.katalon.core.main.TestCaseExecutor.processExecutionPhase(TestCaseExecutor.java:418)
	at com.kms.katalon.core.main.TestCaseExecutor.accessMainPhase(TestCaseExecutor.java:410)
	at com.kms.katalon.core.main.TestCaseExecutor.execute(TestCaseExecutor.java:285)
	at com.kms.katalon.core.common.CommonExecutor.accessTestCaseMainPhase(CommonExecutor.java:65)
	at com.kms.katalon.core.main.TestSuiteExecutor.accessTestSuiteMainPhase(TestSuiteExecutor.java:150)
	at com.kms.katalon.core.main.TestSuiteExecutor.execute(TestSuiteExecutor.java:106)
	at com.kms.katalon.core.main.TestCaseMain.startTestSuite(TestCaseMain.java:180)
	at TempTestSuite1729050801829.run(TempTestSuite1729050801829.groovy:35)
	at java.base/jdk.internal.reflect.NativeMethodAccessorImpl.invoke0(Native Method)
	at java.base/jdk.internal.reflect.NativeMethodAccessorImpl.invoke(NativeMethodAccessorImpl.java:77)
	at java.base/jdk.internal.reflect.DelegatingMethodAccessorImpl.invoke(DelegatingMethodAccessorImpl.java:43)
)

16-10-2024T07:04:58 - [TEST_STEP][PASSED] - result = WriteToExcel(typeOfData, todaysDate, PercPlanR, PercPlanB, PercFactR, PercFactB, x, tabR, tabB, o1R, o1B, vidget): null

16-10-2024T07:04:58 - [TEST_STEP][PASSED] - iii = dZO.indexOf("/"): null

16-10-2024T07:04:58 - [TEST_STEP][PASSED] - println(iii): null

16-10-2024T07:04:58 - [TEST_STEP][PASSED] - dZO = dZO.substring(0, iii): null

16-10-2024T07:04:58 - [TEST_STEP][PASSED] - println(dZO): null

16-10-2024T07:04:58 - [TEST_STEP][PASSED] - println(PercPlanR): null

16-10-2024T07:04:58 - [TEST_STEP][PASSED] - println(PercPlanB): null

16-10-2024T07:04:58 - [TEST_STEP][PASSED] - println(PercFactR): null

16-10-2024T07:04:58 - [TEST_STEP][PASSED] - println(PercFactB): null

16-10-2024T07:04:58 - [TEST_STEP][PASSED] - println(tabR): null

16-10-2024T07:04:58 - [TEST_STEP][PASSED] - println(tabB): null

16-10-2024T07:04:58 - [TEST_STEP][PASSED] - println(o1R): null

16-10-2024T07:04:58 - [TEST_STEP][PASSED] - println(o1B): null

16-10-2024T07:04:58 - [TEST_STEP][PASSED] - PR = <not implemented yet for class: org.codehaus.groovy.ast.expr.EmptyExpression>: null

16-10-2024T07:04:58 - [TEST_STEP][PASSED] - FR = <not implemented yet for class: org.codehaus.groovy.ast.expr.EmptyExpression>: null

16-10-2024T07:04:58 - [TEST_STEP][PASSED] - PB = <not implemented yet for class: org.codehaus.groovy.ast.expr.EmptyExpression>: null

16-10-2024T07:04:58 - [TEST_STEP][PASSED] - FB = <not implemented yet for class: org.codehaus.groovy.ast.expr.EmptyExpression>: null

16-10-2024T07:04:58 - [TEST_STEP][PASSED] - TR = <not implemented yet for class: org.codehaus.groovy.ast.expr.EmptyExpression>: null

16-10-2024T07:04:58 - [TEST_STEP][PASSED] - TB = <not implemented yet for class: org.codehaus.groovy.ast.expr.EmptyExpression>: null

16-10-2024T07:04:58 - [TEST_STEP][PASSED] - sheetName = "Sheet1": null

16-10-2024T07:04:58 - [TEST_STEP][PASSED] - data = findTestData("PlanFact"): null

16-10-2024T07:04:58 - [TEST_STEP][PASSED] - n = data.getRowNumbers() + 1: null

16-10-2024T07:04:58 - [TEST_STEP][PASSED] - year = todaysDate.substring(todaysDate.length() - 4, todaysDate.length()): null

16-10-2024T07:04:58 - [TEST_STEP][PASSED] - y = year.toInteger(): null

16-10-2024T07:04:58 - [TEST_STEP][PASSED] - m = getText(findTestObject("Выполнение бизнес-плана/Выполнение бизнес-плана Балансы/Фильтр Дата")): Text of object 'Object Repository/Выполнение бизнес-плана/Выполнение бизнес-плана Балансы/Фильтр Дата' is: '1, 2 кв., Июль, Август 2024 года'

16-10-2024T07:04:58 - [MESSAGE][PASSED] - Text of object 'Object Repository/Выполнение бизнес-плана/Выполнение бизнес-плана Балансы/Фильтр Дата' is: '1, 2 кв., Июль, Август 2024 года'

16-10-2024T07:04:58 - [TEST_STEP][PASSED] - m = m.substring(0, m.indexOf("2024")): null

16-10-2024T07:04:58 - [TEST_STEP][PASSED] - m = m.trim(): null

16-10-2024T07:04:58 - [TEST_STEP][PASSED] - dashboardName = "Выполнение бизнес-плана": null

16-10-2024T07:04:58 - [TEST_STEP][PASSED] - workbook01 = getWorkbook(excelFilePath): null

16-10-2024T07:04:58 - [TEST_STEP][PASSED] - sheet01 = getExcelSheet(workbook01, sheetName): null

16-10-2024T07:04:58 - [TEST_STEP][PASSED] - setValueToCellByIndex(sheet01, n, 0, dashboardName): null

16-10-2024T07:04:58 - [TEST_STEP][PASSED] - setValueToCellByIndex(sheet01, n, 1, dZO): null

16-10-2024T07:04:58 - [TEST_STEP][PASSED] - setValueToCellByIndex(sheet01, n, 2, typeOfData): null

16-10-2024T07:04:58 - [TEST_STEP][PASSED] - setValueToCellByIndex(sheet01, n, 3, typeOfData): null

16-10-2024T07:04:58 - [TEST_STEP][PASSED] - if (typeOfData == "План"): null

16-10-2024T07:04:58 - [TEST_STEP][PASSED] - else if (typeOfData == "Факт"): null

16-10-2024T07:04:58 - [TEST_STEP][PASSED] - else if (vidget.contains("электроэнергии") == true): null

16-10-2024T07:04:58 - [TEST_STEP][PASSED] - else: null

16-10-2024T07:04:58 - [TEST_STEP][PASSED] - if (o1R == null): null

16-10-2024T07:04:58 - [TEST_STEP][PASSED] - else: null

16-10-2024T07:04:58 - [TEST_STEP][PASSED] - if (o1R == "нет данных"): null

16-10-2024T07:04:58 - [TEST_STEP][PASSED] - setValueToCellByIndex(sheet01, n, 4, "нет данных"): null

16-10-2024T07:04:58 - [TEST_STEP][PASSED] - if (o1B == null): null

16-10-2024T07:04:58 - [TEST_STEP][PASSED] - else: null

16-10-2024T07:04:58 - [TEST_STEP][PASSED] - if (o1B == "нет данных"): null

16-10-2024T07:04:58 - [TEST_STEP][PASSED] - else: null

16-10-2024T07:04:58 - [TEST_STEP][PASSED] - FB = o1B.toDouble(): null

16-10-2024T07:04:58 - [TEST_STEP][PASSED] - setValueToCellByIndex(sheet01, n, 5, FB): null

16-10-2024T07:04:58 - [TEST_STEP][PASSED] - setValueToCellByIndex(sheet01, n, 6, m): null

16-10-2024T07:04:58 - [TEST_STEP][PASSED] - setValueToCellByIndex(sheet01, n, 7, y): null

16-10-2024T07:04:58 - [TEST_STEP][PASSED] - setValueToCellByIndex(sheet01, n, 8, todaysDate): null

16-10-2024T07:04:58 - [TEST_STEP][PASSED] - n = n + 1: null

16-10-2024T07:04:58 - [TEST_STEP][FAILED] - saveWorkbook(excelFilePath, workbook01): null

16-10-2024T07:04:59 - [TEST_STEP][FAILED] - if (verifyEqual(yR, yB) == false): null

16-10-2024T07:04:59 - [MESSAGE][FAILED] - Unable to verify equal between actual object 'Россети Янтарь/нет данных/нет данных/нет данных/нет данных/нет данных/нет данных/нет данных/нет данных/нет данных' and expected object 'Россети Янтарь/8.55/8.53/3035937/2776838/259099/2915201/2665849/249352/-0.02' (Root cause: com.kms.katalon.core.exception.StepFailedException: Actual object 'Россети Янтарь/нет данных/нет данных/нет данных/нет данных/нет данных/нет данных/нет данных/нет данных/нет данных' and expected object 'Россети Янтарь/8.55/8.53/3035937/2776838/259099/2915201/2665849/249352/-0.02' are not equal
	at com.kms.katalon.core.keyword.builtin.VerifyEqualKeyword$_verifyEqual_closure1.doCall(VerifyEqualKeyword.groovy:58)
	at com.kms.katalon.core.keyword.builtin.VerifyEqualKeyword$_verifyEqual_closure1.call(VerifyEqualKeyword.groovy)
	at com.kms.katalon.core.keyword.internal.KeywordMain.runKeyword(KeywordMain.groovy:75)
	at com.kms.katalon.core.keyword.builtin.VerifyEqualKeyword.verifyEqual(VerifyEqualKeyword.groovy:63)
	at com.kms.katalon.core.keyword.builtin.VerifyEqualKeyword.execute(VerifyEqualKeyword.groovy:44)
	at com.kms.katalon.core.keyword.internal.KeywordExecutor.executeKeywordForPlatform(KeywordExecutor.groovy:74)
	at com.kms.katalon.core.keyword.BuiltinKeywords.verifyEqual(BuiltinKeywords.groovy:146)
	at jdk.internal.reflect.GeneratedMethodAccessor25.invoke(Unknown Source)
	at java.base/jdk.internal.reflect.DelegatingMethodAccessorImpl.invoke(DelegatingMethodAccessorImpl.java:43)
	at Выполнение бизнес-плана сверка дашбордов.run(Выполнение бизнес-плана сверка дашбордов:662)
	at com.kms.katalon.core.main.ScriptEngine.run(ScriptEngine.java:194)
	at com.kms.katalon.core.main.ScriptEngine.runScriptAsRawText(ScriptEngine.java:119)
	at com.kms.katalon.core.main.TestCaseExecutor.runScript(TestCaseExecutor.java:448)
	at com.kms.katalon.core.main.TestCaseExecutor.doExecute(TestCaseExecutor.java:439)
	at com.kms.katalon.core.main.TestCaseExecutor.processExecutionPhase(TestCaseExecutor.java:418)
	at com.kms.katalon.core.main.TestCaseExecutor.accessMainPhase(TestCaseExecutor.java:410)
	at com.kms.katalon.core.main.TestCaseExecutor.execute(TestCaseExecutor.java:285)
	at com.kms.katalon.core.common.CommonExecutor.accessTestCaseMainPhase(CommonExecutor.java:65)
	at com.kms.katalon.core.main.TestSuiteExecutor.accessTestSuiteMainPhase(TestSuiteExecutor.java:150)
	at com.kms.katalon.core.main.TestSuiteExecutor.execute(TestSuiteExecutor.java:106)
	at com.kms.katalon.core.main.TestCaseMain.startTestSuite(TestCaseMain.java:180)
	at TempTestSuite1729050801829.run(TempTestSuite1729050801829.groovy:35)
	at java.base/jdk.internal.reflect.NativeMethodAccessorImpl.invoke0(Native Method)
	at java.base/jdk.internal.reflect.NativeMethodAccessorImpl.invoke(NativeMethodAccessorImpl.java:77)
	at java.base/jdk.internal.reflect.DelegatingMethodAccessorImpl.invoke(DelegatingMethodAccessorImpl.java:43)
)

16-10-2024T07:04:59 - [TEST_STEP][PASSED] - result = CompareDZOData(a = yR, b = yB, dZO, typeOfData, PercPlanR, PercPlanB, PercFactR, PercFactB, todaysDate, x, vidget, tabR, tabB, o1R, o1B): null

16-10-2024T07:04:59 - [TEST_STEP][PASSED] - ii2 = <not implemented yet for class: org.codehaus.groovy.ast.expr.EmptyExpression>: null

16-10-2024T07:04:59 - [TEST_STEP][FAILED] - if (verifyEqual(a, b) == false): null

16-10-2024T07:04:59 - [MESSAGE][FAILED] - Unable to verify equal between actual object 'Россети Янтарь/нет данных/нет данных/нет данных/нет данных/нет данных/нет данных/нет данных/нет данных/нет данных' and expected object 'Россети Янтарь/8.55/8.53/3035937/2776838/259099/2915201/2665849/249352/-0.02' (Root cause: com.kms.katalon.core.exception.StepFailedException: Actual object 'Россети Янтарь/нет данных/нет данных/нет данных/нет данных/нет данных/нет данных/нет данных/нет данных/нет данных' and expected object 'Россети Янтарь/8.55/8.53/3035937/2776838/259099/2915201/2665849/249352/-0.02' are not equal
	at com.kms.katalon.core.keyword.builtin.VerifyEqualKeyword$_verifyEqual_closure1.doCall(VerifyEqualKeyword.groovy:58)
	at com.kms.katalon.core.keyword.builtin.VerifyEqualKeyword$_verifyEqual_closure1.call(VerifyEqualKeyword.groovy)
	at com.kms.katalon.core.keyword.internal.KeywordMain.runKeyword(KeywordMain.groovy:75)
	at com.kms.katalon.core.keyword.builtin.VerifyEqualKeyword.verifyEqual(VerifyEqualKeyword.groovy:63)
	at com.kms.katalon.core.keyword.builtin.VerifyEqualKeyword.execute(VerifyEqualKeyword.groovy:44)
	at com.kms.katalon.core.keyword.internal.KeywordExecutor.executeKeywordForPlatform(KeywordExecutor.groovy:74)
	at com.kms.katalon.core.keyword.BuiltinKeywords.verifyEqual(BuiltinKeywords.groovy:146)
	at jdk.internal.reflect.GeneratedMethodAccessor25.invoke(Unknown Source)
	at java.base/jdk.internal.reflect.DelegatingMethodAccessorImpl.invoke(DelegatingMethodAccessorImpl.java:43)
	at Выполнение бизнес-плана сверка дашбордов.CompareDZOData(Выполнение бизнес-плана сверка дашбордов:673)
	at Выполнение бизнес-плана сверка дашбордов.run(Выполнение бизнес-плана сверка дашбордов:663)
	at com.kms.katalon.core.main.ScriptEngine.run(ScriptEngine.java:194)
	at com.kms.katalon.core.main.ScriptEngine.runScriptAsRawText(ScriptEngine.java:119)
	at com.kms.katalon.core.main.TestCaseExecutor.runScript(TestCaseExecutor.java:448)
	at com.kms.katalon.core.main.TestCaseExecutor.doExecute(TestCaseExecutor.java:439)
	at com.kms.katalon.core.main.TestCaseExecutor.processExecutionPhase(TestCaseExecutor.java:418)
	at com.kms.katalon.core.main.TestCaseExecutor.accessMainPhase(TestCaseExecutor.java:410)
	at com.kms.katalon.core.main.TestCaseExecutor.execute(TestCaseExecutor.java:285)
	at com.kms.katalon.core.common.CommonExecutor.accessTestCaseMainPhase(CommonExecutor.java:65)
	at com.kms.katalon.core.main.TestSuiteExecutor.accessTestSuiteMainPhase(TestSuiteExecutor.java:150)
	at com.kms.katalon.core.main.TestSuiteExecutor.execute(TestSuiteExecutor.java:106)
	at com.kms.katalon.core.main.TestCaseMain.startTestSuite(TestCaseMain.java:180)
	at TempTestSuite1729050801829.run(TempTestSuite1729050801829.groovy:35)
	at java.base/jdk.internal.reflect.NativeMethodAccessorImpl.invoke0(Native Method)
	at java.base/jdk.internal.reflect.NativeMethodAccessorImpl.invoke(NativeMethodAccessorImpl.java:77)
	at java.base/jdk.internal.reflect.DelegatingMethodAccessorImpl.invoke(DelegatingMethodAccessorImpl.java:43)
)

16-10-2024T07:04:59 - [TEST_STEP][PASSED] - vidget = "Уровень потерь электроэнергии": null

16-10-2024T07:04:59 - [TEST_STEP][PASSED] - typeOfData = "План": null

16-10-2024T07:04:59 - [TEST_STEP][PASSED] - PercPlanR = GetPercPlanR(x = a): null

16-10-2024T07:04:59 - [TEST_STEP][PASSED] - i1 = <not implemented yet for class: org.codehaus.groovy.ast.expr.EmptyExpression>: null

16-10-2024T07:04:59 - [TEST_STEP][PASSED] - i1 = x.indexOf("/") + 1: null

16-10-2024T07:04:59 - [TEST_STEP][PASSED] - if (i1 > -1): null

16-10-2024T07:04:59 - [TEST_STEP][PASSED] - x = x.substring(i1, x.length()): null

16-10-2024T07:04:59 - [TEST_STEP][PASSED] - i1 = x.indexOf("/"): null

16-10-2024T07:04:59 - [TEST_STEP][PASSED] - if (i1 > -1): null

16-10-2024T07:04:59 - [TEST_STEP][PASSED] - x = x.substring(0, i1): null

16-10-2024T07:04:59 - [TEST_STEP][PASSED] - return x: null

16-10-2024T07:04:59 - [TEST_STEP][PASSED] - PercPlanB = GetPercPlanB(x = b): null

16-10-2024T07:04:59 - [TEST_STEP][PASSED] - i1 = <not implemented yet for class: org.codehaus.groovy.ast.expr.EmptyExpression>: null

16-10-2024T07:04:59 - [TEST_STEP][PASSED] - i1 = x.indexOf("/") + 1: null

16-10-2024T07:04:59 - [TEST_STEP][PASSED] - if (i1 > -1): null

16-10-2024T07:04:59 - [TEST_STEP][PASSED] - x = x.substring(i1, x.length()): null

16-10-2024T07:04:59 - [TEST_STEP][PASSED] - i1 = x.indexOf("/"): null

16-10-2024T07:04:59 - [TEST_STEP][PASSED] - if (i1 > -1): null

16-10-2024T07:04:59 - [TEST_STEP][PASSED] - x = x.substring(0, i1): null

16-10-2024T07:04:59 - [TEST_STEP][FAILED] - return x: null

16-10-2024T07:04:59 - [TEST_STEP][FAILED] - if (verifyEqual(PercPlanR, PercPlanB) == false): null

16-10-2024T07:04:59 - [MESSAGE][FAILED] - Unable to verify equal between actual object 'нет данных' and expected object '8.55' (Root cause: com.kms.katalon.core.exception.StepFailedException: Actual object 'нет данных' and expected object '8.55' are not equal
	at com.kms.katalon.core.keyword.builtin.VerifyEqualKeyword$_verifyEqual_closure1.doCall(VerifyEqualKeyword.groovy:58)
	at com.kms.katalon.core.keyword.builtin.VerifyEqualKeyword$_verifyEqual_closure1.call(VerifyEqualKeyword.groovy)
	at com.kms.katalon.core.keyword.internal.KeywordMain.runKeyword(KeywordMain.groovy:75)
	at com.kms.katalon.core.keyword.builtin.VerifyEqualKeyword.verifyEqual(VerifyEqualKeyword.groovy:63)
	at com.kms.katalon.core.keyword.builtin.VerifyEqualKeyword.execute(VerifyEqualKeyword.groovy:44)
	at com.kms.katalon.core.keyword.internal.KeywordExecutor.executeKeywordForPlatform(KeywordExecutor.groovy:74)
	at com.kms.katalon.core.keyword.BuiltinKeywords.verifyEqual(BuiltinKeywords.groovy:146)
	at jdk.internal.reflect.GeneratedMethodAccessor25.invoke(Unknown Source)
	at java.base/jdk.internal.reflect.DelegatingMethodAccessorImpl.invoke(DelegatingMethodAccessorImpl.java:43)
	at Выполнение бизнес-плана сверка дашбордов.CompareDZOData(Выполнение бизнес-плана сверка дашбордов:682)
	at Выполнение бизнес-плана сверка дашбордов.run(Выполнение бизнес-плана сверка дашбордов:663)
	at com.kms.katalon.core.main.ScriptEngine.run(ScriptEngine.java:194)
	at com.kms.katalon.core.main.ScriptEngine.runScriptAsRawText(ScriptEngine.java:119)
	at com.kms.katalon.core.main.TestCaseExecutor.runScript(TestCaseExecutor.java:448)
	at com.kms.katalon.core.main.TestCaseExecutor.doExecute(TestCaseExecutor.java:439)
	at com.kms.katalon.core.main.TestCaseExecutor.processExecutionPhase(TestCaseExecutor.java:418)
	at com.kms.katalon.core.main.TestCaseExecutor.accessMainPhase(TestCaseExecutor.java:410)
	at com.kms.katalon.core.main.TestCaseExecutor.execute(TestCaseExecutor.java:285)
	at com.kms.katalon.core.common.CommonExecutor.accessTestCaseMainPhase(CommonExecutor.java:65)
	at com.kms.katalon.core.main.TestSuiteExecutor.accessTestSuiteMainPhase(TestSuiteExecutor.java:150)
	at com.kms.katalon.core.main.TestSuiteExecutor.execute(TestSuiteExecutor.java:106)
	at com.kms.katalon.core.main.TestCaseMain.startTestSuite(TestCaseMain.java:180)
	at TempTestSuite1729050801829.run(TempTestSuite1729050801829.groovy:35)
	at java.base/jdk.internal.reflect.NativeMethodAccessorImpl.invoke0(Native Method)
	at java.base/jdk.internal.reflect.NativeMethodAccessorImpl.invoke(NativeMethodAccessorImpl.java:77)
	at java.base/jdk.internal.reflect.DelegatingMethodAccessorImpl.invoke(DelegatingMethodAccessorImpl.java:43)
)

16-10-2024T07:04:59 - [TEST_STEP][PASSED] - result = WriteToExcel(typeOfData, todaysDate, PercPlanR, PercPlanB, PercFactR, PercFactB, x, tabR, tabB, o1R, o1B, vidget): null

16-10-2024T07:04:59 - [TEST_STEP][PASSED] - iii = dZO.indexOf("/"): null

16-10-2024T07:04:59 - [TEST_STEP][PASSED] - println(iii): null

16-10-2024T07:04:59 - [TEST_STEP][PASSED] - dZO = dZO.substring(0, iii): null

16-10-2024T07:04:59 - [TEST_STEP][PASSED] - println(dZO): null

16-10-2024T07:04:59 - [TEST_STEP][PASSED] - println(PercPlanR): null

16-10-2024T07:04:59 - [TEST_STEP][PASSED] - println(PercPlanB): null

16-10-2024T07:04:59 - [TEST_STEP][PASSED] - println(PercFactR): null

16-10-2024T07:04:59 - [TEST_STEP][PASSED] - println(PercFactB): null

16-10-2024T07:04:59 - [TEST_STEP][PASSED] - println(tabR): null

16-10-2024T07:04:59 - [TEST_STEP][PASSED] - println(tabB): null

16-10-2024T07:04:59 - [TEST_STEP][PASSED] - println(o1R): null

16-10-2024T07:04:59 - [TEST_STEP][PASSED] - println(o1B): null

16-10-2024T07:04:59 - [TEST_STEP][PASSED] - PR = <not implemented yet for class: org.codehaus.groovy.ast.expr.EmptyExpression>: null

16-10-2024T07:04:59 - [TEST_STEP][PASSED] - FR = <not implemented yet for class: org.codehaus.groovy.ast.expr.EmptyExpression>: null

16-10-2024T07:04:59 - [TEST_STEP][PASSED] - PB = <not implemented yet for class: org.codehaus.groovy.ast.expr.EmptyExpression>: null

16-10-2024T07:04:59 - [TEST_STEP][PASSED] - FB = <not implemented yet for class: org.codehaus.groovy.ast.expr.EmptyExpression>: null

16-10-2024T07:04:59 - [TEST_STEP][PASSED] - TR = <not implemented yet for class: org.codehaus.groovy.ast.expr.EmptyExpression>: null

16-10-2024T07:04:59 - [TEST_STEP][PASSED] - TB = <not implemented yet for class: org.codehaus.groovy.ast.expr.EmptyExpression>: null

16-10-2024T07:04:59 - [TEST_STEP][PASSED] - sheetName = "Sheet1": null

16-10-2024T07:04:59 - [TEST_STEP][PASSED] - data = findTestData("PlanFact"): null

16-10-2024T07:04:59 - [TEST_STEP][PASSED] - n = data.getRowNumbers() + 1: null

16-10-2024T07:04:59 - [TEST_STEP][PASSED] - year = todaysDate.substring(todaysDate.length() - 4, todaysDate.length()): null

16-10-2024T07:04:59 - [TEST_STEP][PASSED] - y = year.toInteger(): null

16-10-2024T07:04:59 - [TEST_STEP][PASSED] - m = getText(findTestObject("Выполнение бизнес-плана/Выполнение бизнес-плана Балансы/Фильтр Дата")): Text of object 'Object Repository/Выполнение бизнес-плана/Выполнение бизнес-плана Балансы/Фильтр Дата' is: '1, 2 кв., Июль, Август 2024 года'

16-10-2024T07:04:59 - [MESSAGE][PASSED] - Text of object 'Object Repository/Выполнение бизнес-плана/Выполнение бизнес-плана Балансы/Фильтр Дата' is: '1, 2 кв., Июль, Август 2024 года'

16-10-2024T07:04:59 - [TEST_STEP][PASSED] - m = m.substring(0, m.indexOf("2024")): null

16-10-2024T07:04:59 - [TEST_STEP][PASSED] - m = m.trim(): null

16-10-2024T07:04:59 - [TEST_STEP][PASSED] - dashboardName = "Выполнение бизнес-плана": null

16-10-2024T07:04:59 - [TEST_STEP][PASSED] - workbook01 = getWorkbook(excelFilePath): null

16-10-2024T07:04:59 - [TEST_STEP][PASSED] - sheet01 = getExcelSheet(workbook01, sheetName): null

16-10-2024T07:04:59 - [TEST_STEP][PASSED] - setValueToCellByIndex(sheet01, n, 0, dashboardName): null

16-10-2024T07:04:59 - [TEST_STEP][PASSED] - setValueToCellByIndex(sheet01, n, 1, dZO): null

16-10-2024T07:04:59 - [TEST_STEP][PASSED] - setValueToCellByIndex(sheet01, n, 2, typeOfData): null

16-10-2024T07:04:59 - [TEST_STEP][PASSED] - setValueToCellByIndex(sheet01, n, 3, typeOfData): null

16-10-2024T07:04:59 - [TEST_STEP][PASSED] - if (typeOfData == "План"): null

16-10-2024T07:04:59 - [TEST_STEP][PASSED] - if (PercPlanR == null): null

16-10-2024T07:04:59 - [TEST_STEP][PASSED] - else: null

16-10-2024T07:04:59 - [TEST_STEP][PASSED] - if (PercPlanR == "нет данных"): null

16-10-2024T07:04:59 - [TEST_STEP][PASSED] - setValueToCellByIndex(sheet01, n, 4, "нет данных"): null

16-10-2024T07:04:59 - [TEST_STEP][PASSED] - if (PercPlanB == null): null

16-10-2024T07:04:59 - [TEST_STEP][PASSED] - else: null

16-10-2024T07:04:59 - [TEST_STEP][PASSED] - if (PercPlanB == "нет данных"): null

16-10-2024T07:04:59 - [TEST_STEP][PASSED] - else: null

16-10-2024T07:04:59 - [TEST_STEP][PASSED] - PB = PercPlanB.toDouble(): null

16-10-2024T07:04:59 - [TEST_STEP][PASSED] - setValueToCellByIndex(sheet01, n, 5, PB): null

16-10-2024T07:04:59 - [TEST_STEP][PASSED] - setValueToCellByIndex(sheet01, n, 6, m): null

16-10-2024T07:04:59 - [TEST_STEP][PASSED] - setValueToCellByIndex(sheet01, n, 7, y): null

16-10-2024T07:04:59 - [TEST_STEP][PASSED] - setValueToCellByIndex(sheet01, n, 8, todaysDate): null

16-10-2024T07:04:59 - [TEST_STEP][PASSED] - n = n + 1: null

16-10-2024T07:04:59 - [TEST_STEP][PASSED] - saveWorkbook(excelFilePath, workbook01): null

16-10-2024T07:04:59 - [TEST_STEP][PASSED] - typeOfData = "Факт": null

16-10-2024T07:04:59 - [TEST_STEP][PASSED] - PercFactR = GetPercFactR(x = a): null

16-10-2024T07:04:59 - [TEST_STEP][PASSED] - i1 = <not implemented yet for class: org.codehaus.groovy.ast.expr.EmptyExpression>: null

16-10-2024T07:04:59 - [TEST_STEP][PASSED] - ii = <not implemented yet for class: org.codehaus.groovy.ast.expr.EmptyExpression>: null

16-10-2024T07:04:59 - [TEST_STEP][PASSED] - for ([ii = 1, ii < 3, (ii++)]): null

16-10-2024T07:04:59 - [TEST_STEP][PASSED] - i1 = x.indexOf("/") + 1: null

16-10-2024T07:04:59 - [TEST_STEP][PASSED] - if (i1 > -1): null

16-10-2024T07:04:59 - [TEST_STEP][PASSED] - x = x.substring(i1, x.length()): null

16-10-2024T07:04:59 - [TEST_STEP][PASSED] - println(x): null

16-10-2024T07:04:59 - [TEST_STEP][PASSED] - i1 = x.indexOf("/") + 1: null

16-10-2024T07:04:59 - [TEST_STEP][PASSED] - if (i1 > -1): null

16-10-2024T07:04:59 - [TEST_STEP][PASSED] - x = x.substring(i1, x.length()): null

16-10-2024T07:04:59 - [TEST_STEP][PASSED] - println(x): null

16-10-2024T07:04:59 - [TEST_STEP][PASSED] - i1 = x.indexOf("/"): null

16-10-2024T07:04:59 - [TEST_STEP][PASSED] - if (i1 > -1): null

16-10-2024T07:04:59 - [TEST_STEP][PASSED] - x = x.substring(0, i1): null

16-10-2024T07:04:59 - [TEST_STEP][PASSED] - println(x): null

16-10-2024T07:04:59 - [TEST_STEP][PASSED] - return x: null

16-10-2024T07:04:59 - [TEST_STEP][PASSED] - PercFactB = GetPercFactB(x = b): null

16-10-2024T07:04:59 - [TEST_STEP][PASSED] - i1 = <not implemented yet for class: org.codehaus.groovy.ast.expr.EmptyExpression>: null

16-10-2024T07:04:59 - [TEST_STEP][PASSED] - ii = <not implemented yet for class: org.codehaus.groovy.ast.expr.EmptyExpression>: null

16-10-2024T07:04:59 - [TEST_STEP][PASSED] - for ([ii = 1, ii < 3, (ii++)]): null

16-10-2024T07:04:59 - [TEST_STEP][PASSED] - i1 = x.indexOf("/") + 1: null

16-10-2024T07:04:59 - [TEST_STEP][PASSED] - if (i1 > -1): null

16-10-2024T07:04:59 - [TEST_STEP][PASSED] - x = x.substring(i1, x.length()): null

16-10-2024T07:04:59 - [TEST_STEP][PASSED] - println(x): null

16-10-2024T07:04:59 - [TEST_STEP][PASSED] - i1 = x.indexOf("/") + 1: null

16-10-2024T07:04:59 - [TEST_STEP][PASSED] - if (i1 > -1): null

16-10-2024T07:04:59 - [TEST_STEP][PASSED] - x = x.substring(i1, x.length()): null

16-10-2024T07:04:59 - [TEST_STEP][PASSED] - println(x): null

16-10-2024T07:04:59 - [TEST_STEP][PASSED] - i1 = x.indexOf("/"): null

16-10-2024T07:04:59 - [TEST_STEP][PASSED] - if (i1 > -1): null

16-10-2024T07:04:59 - [TEST_STEP][PASSED] - x = x.substring(0, i1): null

16-10-2024T07:04:59 - [TEST_STEP][PASSED] - println(x): null

16-10-2024T07:04:59 - [TEST_STEP][FAILED] - return x: null

16-10-2024T07:04:59 - [TEST_STEP][FAILED] - if (verifyEqual(PercFactR, PercFactB) == false): null

16-10-2024T07:04:59 - [MESSAGE][FAILED] - Unable to verify equal between actual object 'нет данных' and expected object '8.53' (Root cause: com.kms.katalon.core.exception.StepFailedException: Actual object 'нет данных' and expected object '8.53' are not equal
	at com.kms.katalon.core.keyword.builtin.VerifyEqualKeyword$_verifyEqual_closure1.doCall(VerifyEqualKeyword.groovy:58)
	at com.kms.katalon.core.keyword.builtin.VerifyEqualKeyword$_verifyEqual_closure1.call(VerifyEqualKeyword.groovy)
	at com.kms.katalon.core.keyword.internal.KeywordMain.runKeyword(KeywordMain.groovy:75)
	at com.kms.katalon.core.keyword.builtin.VerifyEqualKeyword.verifyEqual(VerifyEqualKeyword.groovy:63)
	at com.kms.katalon.core.keyword.builtin.VerifyEqualKeyword.execute(VerifyEqualKeyword.groovy:44)
	at com.kms.katalon.core.keyword.internal.KeywordExecutor.executeKeywordForPlatform(KeywordExecutor.groovy:74)
	at com.kms.katalon.core.keyword.BuiltinKeywords.verifyEqual(BuiltinKeywords.groovy:146)
	at jdk.internal.reflect.GeneratedMethodAccessor25.invoke(Unknown Source)
	at java.base/jdk.internal.reflect.DelegatingMethodAccessorImpl.invoke(DelegatingMethodAccessorImpl.java:43)
	at Выполнение бизнес-плана сверка дашбордов.CompareDZOData(Выполнение бизнес-плана сверка дашбордов:693)
	at Выполнение бизнес-плана сверка дашбордов.run(Выполнение бизнес-плана сверка дашбордов:663)
	at com.kms.katalon.core.main.ScriptEngine.run(ScriptEngine.java:194)
	at com.kms.katalon.core.main.ScriptEngine.runScriptAsRawText(ScriptEngine.java:119)
	at com.kms.katalon.core.main.TestCaseExecutor.runScript(TestCaseExecutor.java:448)
	at com.kms.katalon.core.main.TestCaseExecutor.doExecute(TestCaseExecutor.java:439)
	at com.kms.katalon.core.main.TestCaseExecutor.processExecutionPhase(TestCaseExecutor.java:418)
	at com.kms.katalon.core.main.TestCaseExecutor.accessMainPhase(TestCaseExecutor.java:410)
	at com.kms.katalon.core.main.TestCaseExecutor.execute(TestCaseExecutor.java:285)
	at com.kms.katalon.core.common.CommonExecutor.accessTestCaseMainPhase(CommonExecutor.java:65)
	at com.kms.katalon.core.main.TestSuiteExecutor.accessTestSuiteMainPhase(TestSuiteExecutor.java:150)
	at com.kms.katalon.core.main.TestSuiteExecutor.execute(TestSuiteExecutor.java:106)
	at com.kms.katalon.core.main.TestCaseMain.startTestSuite(TestCaseMain.java:180)
	at TempTestSuite1729050801829.run(TempTestSuite1729050801829.groovy:35)
	at java.base/jdk.internal.reflect.NativeMethodAccessorImpl.invoke0(Native Method)
	at java.base/jdk.internal.reflect.NativeMethodAccessorImpl.invoke(NativeMethodAccessorImpl.java:77)
	at java.base/jdk.internal.reflect.DelegatingMethodAccessorImpl.invoke(DelegatingMethodAccessorImpl.java:43)
)

16-10-2024T07:04:59 - [TEST_STEP][PASSED] - result = WriteToExcel(typeOfData, todaysDate, PercPlanR, PercPlanB, PercFactR, PercFactB, x, tabR, tabB, o1R, o1B, vidget): null

16-10-2024T07:04:59 - [TEST_STEP][PASSED] - iii = dZO.indexOf("/"): null

16-10-2024T07:04:59 - [TEST_STEP][PASSED] - println(iii): null

16-10-2024T07:04:59 - [TEST_STEP][PASSED] - dZO = dZO.substring(0, iii): null

16-10-2024T07:04:59 - [TEST_STEP][PASSED] - println(dZO): null

16-10-2024T07:04:59 - [TEST_STEP][PASSED] - println(PercPlanR): null

16-10-2024T07:04:59 - [TEST_STEP][PASSED] - println(PercPlanB): null

16-10-2024T07:04:59 - [TEST_STEP][PASSED] - println(PercFactR): null

16-10-2024T07:04:59 - [TEST_STEP][PASSED] - println(PercFactB): null

16-10-2024T07:04:59 - [TEST_STEP][PASSED] - println(tabR): null

16-10-2024T07:04:59 - [TEST_STEP][PASSED] - println(tabB): null

16-10-2024T07:04:59 - [TEST_STEP][PASSED] - println(o1R): null

16-10-2024T07:04:59 - [TEST_STEP][PASSED] - println(o1B): null

16-10-2024T07:04:59 - [TEST_STEP][PASSED] - PR = <not implemented yet for class: org.codehaus.groovy.ast.expr.EmptyExpression>: null

16-10-2024T07:04:59 - [TEST_STEP][PASSED] - FR = <not implemented yet for class: org.codehaus.groovy.ast.expr.EmptyExpression>: null

16-10-2024T07:04:59 - [TEST_STEP][PASSED] - PB = <not implemented yet for class: org.codehaus.groovy.ast.expr.EmptyExpression>: null

16-10-2024T07:04:59 - [TEST_STEP][PASSED] - FB = <not implemented yet for class: org.codehaus.groovy.ast.expr.EmptyExpression>: null

16-10-2024T07:04:59 - [TEST_STEP][PASSED] - TR = <not implemented yet for class: org.codehaus.groovy.ast.expr.EmptyExpression>: null

16-10-2024T07:04:59 - [TEST_STEP][PASSED] - TB = <not implemented yet for class: org.codehaus.groovy.ast.expr.EmptyExpression>: null

16-10-2024T07:04:59 - [TEST_STEP][PASSED] - sheetName = "Sheet1": null

16-10-2024T07:04:59 - [TEST_STEP][PASSED] - data = findTestData("PlanFact"): null

16-10-2024T07:04:59 - [TEST_STEP][PASSED] - n = data.getRowNumbers() + 1: null

16-10-2024T07:04:59 - [TEST_STEP][PASSED] - year = todaysDate.substring(todaysDate.length() - 4, todaysDate.length()): null

16-10-2024T07:04:59 - [TEST_STEP][PASSED] - y = year.toInteger(): null

16-10-2024T07:04:59 - [TEST_STEP][PASSED] - m = getText(findTestObject("Выполнение бизнес-плана/Выполнение бизнес-плана Балансы/Фильтр Дата")): Text of object 'Object Repository/Выполнение бизнес-плана/Выполнение бизнес-плана Балансы/Фильтр Дата' is: '1, 2 кв., Июль, Август 2024 года'

16-10-2024T07:05:00 - [MESSAGE][PASSED] - Text of object 'Object Repository/Выполнение бизнес-плана/Выполнение бизнес-плана Балансы/Фильтр Дата' is: '1, 2 кв., Июль, Август 2024 года'

16-10-2024T07:05:00 - [TEST_STEP][PASSED] - m = m.substring(0, m.indexOf("2024")): null

16-10-2024T07:05:00 - [TEST_STEP][PASSED] - m = m.trim(): null

16-10-2024T07:05:00 - [TEST_STEP][PASSED] - dashboardName = "Выполнение бизнес-плана": null

16-10-2024T07:05:00 - [TEST_STEP][PASSED] - workbook01 = getWorkbook(excelFilePath): null

16-10-2024T07:05:00 - [TEST_STEP][PASSED] - sheet01 = getExcelSheet(workbook01, sheetName): null

16-10-2024T07:05:00 - [TEST_STEP][PASSED] - setValueToCellByIndex(sheet01, n, 0, dashboardName): null

16-10-2024T07:05:00 - [TEST_STEP][PASSED] - setValueToCellByIndex(sheet01, n, 1, dZO): null

16-10-2024T07:05:00 - [TEST_STEP][PASSED] - setValueToCellByIndex(sheet01, n, 2, typeOfData): null

16-10-2024T07:05:00 - [TEST_STEP][PASSED] - setValueToCellByIndex(sheet01, n, 3, typeOfData): null

16-10-2024T07:05:00 - [TEST_STEP][PASSED] - if (typeOfData == "План"): null

16-10-2024T07:05:00 - [TEST_STEP][PASSED] - else if (typeOfData == "Факт"): null

16-10-2024T07:05:00 - [TEST_STEP][PASSED] - if (PercFactR == null): null

16-10-2024T07:05:00 - [TEST_STEP][PASSED] - else: null

16-10-2024T07:05:00 - [TEST_STEP][PASSED] - if (PercFactR == "нет данных"): null

16-10-2024T07:05:00 - [TEST_STEP][PASSED] - setValueToCellByIndex(sheet01, n, 4, "нет данных"): null

16-10-2024T07:05:00 - [TEST_STEP][PASSED] - if (PercFactB == null): null

16-10-2024T07:05:00 - [TEST_STEP][PASSED] - else: null

16-10-2024T07:05:00 - [TEST_STEP][PASSED] - if (PercFactB == "нет данных"): null

16-10-2024T07:05:00 - [TEST_STEP][PASSED] - else: null

16-10-2024T07:05:00 - [TEST_STEP][PASSED] - FB = PercFactB.toDouble(): null

16-10-2024T07:05:00 - [TEST_STEP][PASSED] - setValueToCellByIndex(sheet01, n, 5, FB): null

16-10-2024T07:05:00 - [TEST_STEP][PASSED] - setValueToCellByIndex(sheet01, n, 6, m): null

16-10-2024T07:05:00 - [TEST_STEP][PASSED] - setValueToCellByIndex(sheet01, n, 7, y): null

16-10-2024T07:05:00 - [TEST_STEP][PASSED] - setValueToCellByIndex(sheet01, n, 8, todaysDate): null

16-10-2024T07:05:00 - [TEST_STEP][PASSED] - n = n + 1: null

16-10-2024T07:05:00 - [TEST_STEP][PASSED] - saveWorkbook(excelFilePath, workbook01): null

16-10-2024T07:05:00 - [TEST_STEP][PASSED] - vidget = "Показатели баланса электроэнергии по ДЗО – Факт": null

16-10-2024T07:05:00 - [TEST_STEP][PASSED] - typeOfData = "Факт Отпуск в сеть": null

16-10-2024T07:05:00 - [TEST_STEP][PASSED] - tabR = GetOvSFactR(x = a): null

16-10-2024T07:05:00 - [TEST_STEP][PASSED] - i1 = <not implemented yet for class: org.codehaus.groovy.ast.expr.EmptyExpression>: null

16-10-2024T07:05:00 - [TEST_STEP][PASSED] - ii = <not implemented yet for class: org.codehaus.groovy.ast.expr.EmptyExpression>: null

16-10-2024T07:05:00 - [TEST_STEP][PASSED] - for ([ii = 1, ii < 4, (ii++)]): null

16-10-2024T07:05:00 - [TEST_STEP][PASSED] - i1 = x.indexOf("/") + 1: null

16-10-2024T07:05:00 - [TEST_STEP][PASSED] - if (i1 > -1): null

16-10-2024T07:05:00 - [TEST_STEP][PASSED] - x = x.substring(i1, x.length()): null

16-10-2024T07:05:00 - [TEST_STEP][PASSED] - println(x): null

16-10-2024T07:05:00 - [TEST_STEP][PASSED] - i1 = x.indexOf("/") + 1: null

16-10-2024T07:05:00 - [TEST_STEP][PASSED] - if (i1 > -1): null

16-10-2024T07:05:00 - [TEST_STEP][PASSED] - x = x.substring(i1, x.length()): null

16-10-2024T07:05:00 - [TEST_STEP][PASSED] - println(x): null

16-10-2024T07:05:00 - [TEST_STEP][PASSED] - i1 = x.indexOf("/") + 1: null

16-10-2024T07:05:00 - [TEST_STEP][PASSED] - if (i1 > -1): null

16-10-2024T07:05:00 - [TEST_STEP][PASSED] - x = x.substring(i1, x.length()): null

16-10-2024T07:05:00 - [TEST_STEP][PASSED] - println(x): null

16-10-2024T07:05:00 - [TEST_STEP][PASSED] - i1 = x.indexOf("/"): null

16-10-2024T07:05:00 - [TEST_STEP][PASSED] - if (i1 > -1): null

16-10-2024T07:05:00 - [TEST_STEP][PASSED] - x = x.substring(0, i1): null

16-10-2024T07:05:00 - [TEST_STEP][PASSED] - println(x): null

16-10-2024T07:05:00 - [TEST_STEP][PASSED] - return x: null

16-10-2024T07:05:00 - [TEST_STEP][PASSED] - tabB = GetOvSFactB(x = b): null

16-10-2024T07:05:00 - [TEST_STEP][PASSED] - i1 = <not implemented yet for class: org.codehaus.groovy.ast.expr.EmptyExpression>: null

16-10-2024T07:05:00 - [TEST_STEP][PASSED] - ii = <not implemented yet for class: org.codehaus.groovy.ast.expr.EmptyExpression>: null

16-10-2024T07:05:00 - [TEST_STEP][PASSED] - for ([ii = 1, ii < 4, (ii++)]): null

16-10-2024T07:05:00 - [TEST_STEP][PASSED] - i1 = x.indexOf("/") + 1: null

16-10-2024T07:05:00 - [TEST_STEP][PASSED] - if (i1 > -1): null

16-10-2024T07:05:00 - [TEST_STEP][PASSED] - x = x.substring(i1, x.length()): null

16-10-2024T07:05:00 - [TEST_STEP][PASSED] - println(x): null

16-10-2024T07:05:00 - [TEST_STEP][PASSED] - i1 = x.indexOf("/") + 1: null

16-10-2024T07:05:00 - [TEST_STEP][PASSED] - if (i1 > -1): null

16-10-2024T07:05:00 - [TEST_STEP][PASSED] - x = x.substring(i1, x.length()): null

16-10-2024T07:05:00 - [TEST_STEP][PASSED] - println(x): null

16-10-2024T07:05:00 - [TEST_STEP][PASSED] - i1 = x.indexOf("/") + 1: null

16-10-2024T07:05:00 - [TEST_STEP][PASSED] - if (i1 > -1): null

16-10-2024T07:05:00 - [TEST_STEP][PASSED] - x = x.substring(i1, x.length()): null

16-10-2024T07:05:00 - [TEST_STEP][PASSED] - println(x): null

16-10-2024T07:05:00 - [TEST_STEP][PASSED] - i1 = x.indexOf("/"): null

16-10-2024T07:05:00 - [TEST_STEP][PASSED] - if (i1 > -1): null

16-10-2024T07:05:00 - [TEST_STEP][PASSED] - x = x.substring(0, i1): null

16-10-2024T07:05:00 - [TEST_STEP][PASSED] - println(x): null

16-10-2024T07:05:00 - [TEST_STEP][FAILED] - return x: null

16-10-2024T07:05:00 - [TEST_STEP][FAILED] - if (verifyEqual(tabR, tabB) == false): null

16-10-2024T07:05:00 - [MESSAGE][FAILED] - Unable to verify equal between actual object 'нет данных' and expected object '3035937' (Root cause: com.kms.katalon.core.exception.StepFailedException: Actual object 'нет данных' and expected object '3035937' are not equal
	at com.kms.katalon.core.keyword.builtin.VerifyEqualKeyword$_verifyEqual_closure1.doCall(VerifyEqualKeyword.groovy:58)
	at com.kms.katalon.core.keyword.builtin.VerifyEqualKeyword$_verifyEqual_closure1.call(VerifyEqualKeyword.groovy)
	at com.kms.katalon.core.keyword.internal.KeywordMain.runKeyword(KeywordMain.groovy:75)
	at com.kms.katalon.core.keyword.builtin.VerifyEqualKeyword.verifyEqual(VerifyEqualKeyword.groovy:63)
	at com.kms.katalon.core.keyword.builtin.VerifyEqualKeyword.execute(VerifyEqualKeyword.groovy:44)
	at com.kms.katalon.core.keyword.internal.KeywordExecutor.executeKeywordForPlatform(KeywordExecutor.groovy:74)
	at com.kms.katalon.core.keyword.BuiltinKeywords.verifyEqual(BuiltinKeywords.groovy:146)
	at jdk.internal.reflect.GeneratedMethodAccessor25.invoke(Unknown Source)
	at java.base/jdk.internal.reflect.DelegatingMethodAccessorImpl.invoke(DelegatingMethodAccessorImpl.java:43)
	at Выполнение бизнес-плана сверка дашбордов.CompareDZOData(Выполнение бизнес-плана сверка дашбордов:706)
	at Выполнение бизнес-плана сверка дашбордов.run(Выполнение бизнес-плана сверка дашбордов:663)
	at com.kms.katalon.core.main.ScriptEngine.run(ScriptEngine.java:194)
	at com.kms.katalon.core.main.ScriptEngine.runScriptAsRawText(ScriptEngine.java:119)
	at com.kms.katalon.core.main.TestCaseExecutor.runScript(TestCaseExecutor.java:448)
	at com.kms.katalon.core.main.TestCaseExecutor.doExecute(TestCaseExecutor.java:439)
	at com.kms.katalon.core.main.TestCaseExecutor.processExecutionPhase(TestCaseExecutor.java:418)
	at com.kms.katalon.core.main.TestCaseExecutor.accessMainPhase(TestCaseExecutor.java:410)
	at com.kms.katalon.core.main.TestCaseExecutor.execute(TestCaseExecutor.java:285)
	at com.kms.katalon.core.common.CommonExecutor.accessTestCaseMainPhase(CommonExecutor.java:65)
	at com.kms.katalon.core.main.TestSuiteExecutor.accessTestSuiteMainPhase(TestSuiteExecutor.java:150)
	at com.kms.katalon.core.main.TestSuiteExecutor.execute(TestSuiteExecutor.java:106)
	at com.kms.katalon.core.main.TestCaseMain.startTestSuite(TestCaseMain.java:180)
	at TempTestSuite1729050801829.run(TempTestSuite1729050801829.groovy:35)
	at java.base/jdk.internal.reflect.NativeMethodAccessorImpl.invoke0(Native Method)
	at java.base/jdk.internal.reflect.NativeMethodAccessorImpl.invoke(NativeMethodAccessorImpl.java:77)
	at java.base/jdk.internal.reflect.DelegatingMethodAccessorImpl.invoke(DelegatingMethodAccessorImpl.java:43)
)

16-10-2024T07:05:00 - [TEST_STEP][PASSED] - result = WriteToExcel(typeOfData, todaysDate, PercPlanR, PercPlanB, PercFactR, PercFactB, x, tabR, tabB, o1R, o1B, vidget): null

16-10-2024T07:05:00 - [TEST_STEP][PASSED] - iii = dZO.indexOf("/"): null

16-10-2024T07:05:00 - [TEST_STEP][PASSED] - println(iii): null

16-10-2024T07:05:00 - [TEST_STEP][PASSED] - dZO = dZO.substring(0, iii): null

16-10-2024T07:05:00 - [TEST_STEP][PASSED] - println(dZO): null

16-10-2024T07:05:00 - [TEST_STEP][PASSED] - println(PercPlanR): null

16-10-2024T07:05:00 - [TEST_STEP][PASSED] - println(PercPlanB): null

16-10-2024T07:05:00 - [TEST_STEP][PASSED] - println(PercFactR): null

16-10-2024T07:05:00 - [TEST_STEP][PASSED] - println(PercFactB): null

16-10-2024T07:05:00 - [TEST_STEP][PASSED] - println(tabR): null

16-10-2024T07:05:00 - [TEST_STEP][PASSED] - println(tabB): null

16-10-2024T07:05:00 - [TEST_STEP][PASSED] - println(o1R): null

16-10-2024T07:05:00 - [TEST_STEP][PASSED] - println(o1B): null

16-10-2024T07:05:00 - [TEST_STEP][PASSED] - PR = <not implemented yet for class: org.codehaus.groovy.ast.expr.EmptyExpression>: null

16-10-2024T07:05:00 - [TEST_STEP][PASSED] - FR = <not implemented yet for class: org.codehaus.groovy.ast.expr.EmptyExpression>: null

16-10-2024T07:05:00 - [TEST_STEP][PASSED] - PB = <not implemented yet for class: org.codehaus.groovy.ast.expr.EmptyExpression>: null

16-10-2024T07:05:00 - [TEST_STEP][PASSED] - FB = <not implemented yet for class: org.codehaus.groovy.ast.expr.EmptyExpression>: null

16-10-2024T07:05:00 - [TEST_STEP][PASSED] - TR = <not implemented yet for class: org.codehaus.groovy.ast.expr.EmptyExpression>: null

16-10-2024T07:05:00 - [TEST_STEP][PASSED] - TB = <not implemented yet for class: org.codehaus.groovy.ast.expr.EmptyExpression>: null

16-10-2024T07:05:00 - [TEST_STEP][PASSED] - sheetName = "Sheet1": null

16-10-2024T07:05:00 - [TEST_STEP][PASSED] - data = findTestData("PlanFact"): null

16-10-2024T07:05:00 - [TEST_STEP][PASSED] - n = data.getRowNumbers() + 1: null

16-10-2024T07:05:00 - [TEST_STEP][PASSED] - year = todaysDate.substring(todaysDate.length() - 4, todaysDate.length()): null

16-10-2024T07:05:00 - [TEST_STEP][PASSED] - y = year.toInteger(): null

16-10-2024T07:05:00 - [TEST_STEP][PASSED] - m = getText(findTestObject("Выполнение бизнес-плана/Выполнение бизнес-плана Балансы/Фильтр Дата")): Text of object 'Object Repository/Выполнение бизнес-плана/Выполнение бизнес-плана Балансы/Фильтр Дата' is: '1, 2 кв., Июль, Август 2024 года'

16-10-2024T07:05:00 - [MESSAGE][PASSED] - Text of object 'Object Repository/Выполнение бизнес-плана/Выполнение бизнес-плана Балансы/Фильтр Дата' is: '1, 2 кв., Июль, Август 2024 года'

16-10-2024T07:05:00 - [TEST_STEP][PASSED] - m = m.substring(0, m.indexOf("2024")): null

16-10-2024T07:05:00 - [TEST_STEP][PASSED] - m = m.trim(): null

16-10-2024T07:05:00 - [TEST_STEP][PASSED] - dashboardName = "Выполнение бизнес-плана": null

16-10-2024T07:05:00 - [TEST_STEP][PASSED] - workbook01 = getWorkbook(excelFilePath): null

16-10-2024T07:05:00 - [TEST_STEP][PASSED] - sheet01 = getExcelSheet(workbook01, sheetName): null

16-10-2024T07:05:00 - [TEST_STEP][PASSED] - setValueToCellByIndex(sheet01, n, 0, dashboardName): null

16-10-2024T07:05:00 - [TEST_STEP][PASSED] - setValueToCellByIndex(sheet01, n, 1, dZO): null

16-10-2024T07:05:00 - [TEST_STEP][PASSED] - setValueToCellByIndex(sheet01, n, 2, typeOfData): null

16-10-2024T07:05:00 - [TEST_STEP][PASSED] - setValueToCellByIndex(sheet01, n, 3, typeOfData): null

16-10-2024T07:05:00 - [TEST_STEP][PASSED] - if (typeOfData == "План"): null

16-10-2024T07:05:00 - [TEST_STEP][PASSED] - else if (typeOfData == "Факт"): null

16-10-2024T07:05:00 - [TEST_STEP][PASSED] - else if (vidget.contains("электроэнергии") == true): null

16-10-2024T07:05:00 - [TEST_STEP][PASSED] - if (tabR == null): null

16-10-2024T07:05:00 - [TEST_STEP][PASSED] - else: null

16-10-2024T07:05:00 - [TEST_STEP][PASSED] - if (tabR == "нет данных"): null

16-10-2024T07:05:00 - [TEST_STEP][PASSED] - setValueToCellByIndex(sheet01, n, 4, "нет данных"): null

16-10-2024T07:05:00 - [TEST_STEP][PASSED] - if (tabB == null): null

16-10-2024T07:05:00 - [TEST_STEP][PASSED] - else: null

16-10-2024T07:05:00 - [TEST_STEP][PASSED] - if (tabB == "нет данных"): null

16-10-2024T07:05:00 - [TEST_STEP][PASSED] - else: null

16-10-2024T07:05:00 - [TEST_STEP][PASSED] - TB = tabB.toInteger(): null

16-10-2024T07:05:00 - [TEST_STEP][PASSED] - setValueToCellByIndex(sheet01, n, 5, TB): null

16-10-2024T07:05:00 - [TEST_STEP][PASSED] - setValueToCellByIndex(sheet01, n, 6, m): null

16-10-2024T07:05:00 - [TEST_STEP][PASSED] - setValueToCellByIndex(sheet01, n, 7, y): null

16-10-2024T07:05:00 - [TEST_STEP][PASSED] - setValueToCellByIndex(sheet01, n, 8, todaysDate): null

16-10-2024T07:05:00 - [TEST_STEP][PASSED] - n = n + 1: null

16-10-2024T07:05:00 - [TEST_STEP][PASSED] - saveWorkbook(excelFilePath, workbook01): null

16-10-2024T07:05:00 - [TEST_STEP][PASSED] - typeOfData = "Факт Отпуск из сети": null

16-10-2024T07:05:00 - [TEST_STEP][PASSED] - tabR = GetOiSFactR(x = a): null

16-10-2024T07:05:00 - [TEST_STEP][PASSED] - i1 = <not implemented yet for class: org.codehaus.groovy.ast.expr.EmptyExpression>: null

16-10-2024T07:05:00 - [TEST_STEP][PASSED] - ii = <not implemented yet for class: org.codehaus.groovy.ast.expr.EmptyExpression>: null

16-10-2024T07:05:00 - [TEST_STEP][PASSED] - for ([ii = 1, ii < 5, (ii++)]): null

16-10-2024T07:05:00 - [TEST_STEP][PASSED] - i1 = x.indexOf("/") + 1: null

16-10-2024T07:05:00 - [TEST_STEP][PASSED] - if (i1 > -1): null

16-10-2024T07:05:00 - [TEST_STEP][PASSED] - x = x.substring(i1, x.length()): null

16-10-2024T07:05:00 - [TEST_STEP][PASSED] - println(x): null

16-10-2024T07:05:00 - [TEST_STEP][PASSED] - i1 = x.indexOf("/") + 1: null

16-10-2024T07:05:00 - [TEST_STEP][PASSED] - if (i1 > -1): null

16-10-2024T07:05:00 - [TEST_STEP][PASSED] - x = x.substring(i1, x.length()): null

16-10-2024T07:05:00 - [TEST_STEP][PASSED] - println(x): null

16-10-2024T07:05:00 - [TEST_STEP][PASSED] - i1 = x.indexOf("/") + 1: null

16-10-2024T07:05:00 - [TEST_STEP][PASSED] - if (i1 > -1): null

16-10-2024T07:05:00 - [TEST_STEP][PASSED] - x = x.substring(i1, x.length()): null

16-10-2024T07:05:00 - [TEST_STEP][PASSED] - println(x): null

16-10-2024T07:05:00 - [TEST_STEP][PASSED] - i1 = x.indexOf("/") + 1: null

16-10-2024T07:05:00 - [TEST_STEP][PASSED] - if (i1 > -1): null

16-10-2024T07:05:00 - [TEST_STEP][PASSED] - x = x.substring(i1, x.length()): null

16-10-2024T07:05:00 - [TEST_STEP][PASSED] - println(x): null

16-10-2024T07:05:00 - [TEST_STEP][PASSED] - i1 = x.indexOf("/"): null

16-10-2024T07:05:00 - [TEST_STEP][PASSED] - if (i1 > -1): null

16-10-2024T07:05:00 - [TEST_STEP][PASSED] - x = x.substring(0, i1): null

16-10-2024T07:05:00 - [TEST_STEP][PASSED] - println(x): null

16-10-2024T07:05:00 - [TEST_STEP][PASSED] - return x: null

16-10-2024T07:05:00 - [TEST_STEP][PASSED] - tabB = GetOiSFactB(x = b): null

16-10-2024T07:05:00 - [TEST_STEP][PASSED] - i1 = <not implemented yet for class: org.codehaus.groovy.ast.expr.EmptyExpression>: null

16-10-2024T07:05:00 - [TEST_STEP][PASSED] - ii = <not implemented yet for class: org.codehaus.groovy.ast.expr.EmptyExpression>: null

16-10-2024T07:05:00 - [TEST_STEP][PASSED] - for ([ii = 1, ii < 5, (ii++)]): null

16-10-2024T07:05:00 - [TEST_STEP][PASSED] - i1 = x.indexOf("/") + 1: null

16-10-2024T07:05:00 - [TEST_STEP][PASSED] - if (i1 > -1): null

16-10-2024T07:05:00 - [TEST_STEP][PASSED] - x = x.substring(i1, x.length()): null

16-10-2024T07:05:00 - [TEST_STEP][PASSED] - println(x): null

16-10-2024T07:05:00 - [TEST_STEP][PASSED] - i1 = x.indexOf("/") + 1: null

16-10-2024T07:05:00 - [TEST_STEP][PASSED] - if (i1 > -1): null

16-10-2024T07:05:00 - [TEST_STEP][PASSED] - x = x.substring(i1, x.length()): null

16-10-2024T07:05:00 - [TEST_STEP][PASSED] - println(x): null

16-10-2024T07:05:00 - [TEST_STEP][PASSED] - i1 = x.indexOf("/") + 1: null

16-10-2024T07:05:00 - [TEST_STEP][PASSED] - if (i1 > -1): null

16-10-2024T07:05:00 - [TEST_STEP][PASSED] - x = x.substring(i1, x.length()): null

16-10-2024T07:05:00 - [TEST_STEP][PASSED] - println(x): null

16-10-2024T07:05:00 - [TEST_STEP][PASSED] - i1 = x.indexOf("/") + 1: null

16-10-2024T07:05:00 - [TEST_STEP][PASSED] - if (i1 > -1): null

16-10-2024T07:05:00 - [TEST_STEP][PASSED] - x = x.substring(i1, x.length()): null

16-10-2024T07:05:00 - [TEST_STEP][PASSED] - println(x): null

16-10-2024T07:05:00 - [TEST_STEP][PASSED] - i1 = x.indexOf("/"): null

16-10-2024T07:05:00 - [TEST_STEP][PASSED] - if (i1 > -1): null

16-10-2024T07:05:00 - [TEST_STEP][PASSED] - x = x.substring(0, i1): null

16-10-2024T07:05:00 - [TEST_STEP][PASSED] - println(x): null

16-10-2024T07:05:00 - [TEST_STEP][FAILED] - return x: null

16-10-2024T07:05:00 - [TEST_STEP][FAILED] - if (verifyEqual(tabR, tabB) == false): null

16-10-2024T07:05:00 - [MESSAGE][FAILED] - Unable to verify equal between actual object 'нет данных' and expected object '2776838' (Root cause: com.kms.katalon.core.exception.StepFailedException: Actual object 'нет данных' and expected object '2776838' are not equal
	at com.kms.katalon.core.keyword.builtin.VerifyEqualKeyword$_verifyEqual_closure1.doCall(VerifyEqualKeyword.groovy:58)
	at com.kms.katalon.core.keyword.builtin.VerifyEqualKeyword$_verifyEqual_closure1.call(VerifyEqualKeyword.groovy)
	at com.kms.katalon.core.keyword.internal.KeywordMain.runKeyword(KeywordMain.groovy:75)
	at com.kms.katalon.core.keyword.builtin.VerifyEqualKeyword.verifyEqual(VerifyEqualKeyword.groovy:63)
	at com.kms.katalon.core.keyword.builtin.VerifyEqualKeyword.execute(VerifyEqualKeyword.groovy:44)
	at com.kms.katalon.core.keyword.internal.KeywordExecutor.executeKeywordForPlatform(KeywordExecutor.groovy:74)
	at com.kms.katalon.core.keyword.BuiltinKeywords.verifyEqual(BuiltinKeywords.groovy:146)
	at jdk.internal.reflect.GeneratedMethodAccessor25.invoke(Unknown Source)
	at java.base/jdk.internal.reflect.DelegatingMethodAccessorImpl.invoke(DelegatingMethodAccessorImpl.java:43)
	at Выполнение бизнес-плана сверка дашбордов.CompareDZOData(Выполнение бизнес-плана сверка дашбордов:717)
	at Выполнение бизнес-плана сверка дашбордов.run(Выполнение бизнес-плана сверка дашбордов:663)
	at com.kms.katalon.core.main.ScriptEngine.run(ScriptEngine.java:194)
	at com.kms.katalon.core.main.ScriptEngine.runScriptAsRawText(ScriptEngine.java:119)
	at com.kms.katalon.core.main.TestCaseExecutor.runScript(TestCaseExecutor.java:448)
	at com.kms.katalon.core.main.TestCaseExecutor.doExecute(TestCaseExecutor.java:439)
	at com.kms.katalon.core.main.TestCaseExecutor.processExecutionPhase(TestCaseExecutor.java:418)
	at com.kms.katalon.core.main.TestCaseExecutor.accessMainPhase(TestCaseExecutor.java:410)
	at com.kms.katalon.core.main.TestCaseExecutor.execute(TestCaseExecutor.java:285)
	at com.kms.katalon.core.common.CommonExecutor.accessTestCaseMainPhase(CommonExecutor.java:65)
	at com.kms.katalon.core.main.TestSuiteExecutor.accessTestSuiteMainPhase(TestSuiteExecutor.java:150)
	at com.kms.katalon.core.main.TestSuiteExecutor.execute(TestSuiteExecutor.java:106)
	at com.kms.katalon.core.main.TestCaseMain.startTestSuite(TestCaseMain.java:180)
	at TempTestSuite1729050801829.run(TempTestSuite1729050801829.groovy:35)
	at java.base/jdk.internal.reflect.NativeMethodAccessorImpl.invoke0(Native Method)
	at java.base/jdk.internal.reflect.NativeMethodAccessorImpl.invoke(NativeMethodAccessorImpl.java:77)
	at java.base/jdk.internal.reflect.DelegatingMethodAccessorImpl.invoke(DelegatingMethodAccessorImpl.java:43)
)

16-10-2024T07:05:00 - [TEST_STEP][PASSED] - result = WriteToExcel(typeOfData, todaysDate, PercPlanR, PercPlanB, PercFactR, PercFactB, x, tabR, tabB, o1R, o1B, vidget): null

16-10-2024T07:05:00 - [TEST_STEP][PASSED] - iii = dZO.indexOf("/"): null

16-10-2024T07:05:00 - [TEST_STEP][PASSED] - println(iii): null

16-10-2024T07:05:00 - [TEST_STEP][PASSED] - dZO = dZO.substring(0, iii): null

16-10-2024T07:05:00 - [TEST_STEP][PASSED] - println(dZO): null

16-10-2024T07:05:00 - [TEST_STEP][PASSED] - println(PercPlanR): null

16-10-2024T07:05:00 - [TEST_STEP][PASSED] - println(PercPlanB): null

16-10-2024T07:05:00 - [TEST_STEP][PASSED] - println(PercFactR): null

16-10-2024T07:05:00 - [TEST_STEP][PASSED] - println(PercFactB): null

16-10-2024T07:05:00 - [TEST_STEP][PASSED] - println(tabR): null

16-10-2024T07:05:00 - [TEST_STEP][PASSED] - println(tabB): null

16-10-2024T07:05:00 - [TEST_STEP][PASSED] - println(o1R): null

16-10-2024T07:05:00 - [TEST_STEP][PASSED] - println(o1B): null

16-10-2024T07:05:00 - [TEST_STEP][PASSED] - PR = <not implemented yet for class: org.codehaus.groovy.ast.expr.EmptyExpression>: null

16-10-2024T07:05:00 - [TEST_STEP][PASSED] - FR = <not implemented yet for class: org.codehaus.groovy.ast.expr.EmptyExpression>: null

16-10-2024T07:05:00 - [TEST_STEP][PASSED] - PB = <not implemented yet for class: org.codehaus.groovy.ast.expr.EmptyExpression>: null

16-10-2024T07:05:00 - [TEST_STEP][PASSED] - FB = <not implemented yet for class: org.codehaus.groovy.ast.expr.EmptyExpression>: null

16-10-2024T07:05:00 - [TEST_STEP][PASSED] - TR = <not implemented yet for class: org.codehaus.groovy.ast.expr.EmptyExpression>: null

16-10-2024T07:05:00 - [TEST_STEP][PASSED] - TB = <not implemented yet for class: org.codehaus.groovy.ast.expr.EmptyExpression>: null

16-10-2024T07:05:00 - [TEST_STEP][PASSED] - sheetName = "Sheet1": null

16-10-2024T07:05:00 - [TEST_STEP][PASSED] - data = findTestData("PlanFact"): null

16-10-2024T07:05:01 - [TEST_STEP][PASSED] - n = data.getRowNumbers() + 1: null

16-10-2024T07:05:01 - [TEST_STEP][PASSED] - year = todaysDate.substring(todaysDate.length() - 4, todaysDate.length()): null

16-10-2024T07:05:01 - [TEST_STEP][PASSED] - y = year.toInteger(): null

16-10-2024T07:05:01 - [TEST_STEP][PASSED] - m = getText(findTestObject("Выполнение бизнес-плана/Выполнение бизнес-плана Балансы/Фильтр Дата")): Text of object 'Object Repository/Выполнение бизнес-плана/Выполнение бизнес-плана Балансы/Фильтр Дата' is: '1, 2 кв., Июль, Август 2024 года'

16-10-2024T07:05:01 - [MESSAGE][PASSED] - Text of object 'Object Repository/Выполнение бизнес-плана/Выполнение бизнес-плана Балансы/Фильтр Дата' is: '1, 2 кв., Июль, Август 2024 года'

16-10-2024T07:05:01 - [TEST_STEP][PASSED] - m = m.substring(0, m.indexOf("2024")): null

16-10-2024T07:05:01 - [TEST_STEP][PASSED] - m = m.trim(): null

16-10-2024T07:05:01 - [TEST_STEP][PASSED] - dashboardName = "Выполнение бизнес-плана": null

16-10-2024T07:05:01 - [TEST_STEP][PASSED] - workbook01 = getWorkbook(excelFilePath): null

16-10-2024T07:05:01 - [TEST_STEP][PASSED] - sheet01 = getExcelSheet(workbook01, sheetName): null

16-10-2024T07:05:01 - [TEST_STEP][PASSED] - setValueToCellByIndex(sheet01, n, 0, dashboardName): null

16-10-2024T07:05:01 - [TEST_STEP][PASSED] - setValueToCellByIndex(sheet01, n, 1, dZO): null

16-10-2024T07:05:01 - [TEST_STEP][PASSED] - setValueToCellByIndex(sheet01, n, 2, typeOfData): null

16-10-2024T07:05:01 - [TEST_STEP][PASSED] - setValueToCellByIndex(sheet01, n, 3, typeOfData): null

16-10-2024T07:05:01 - [TEST_STEP][PASSED] - if (typeOfData == "План"): null

16-10-2024T07:05:01 - [TEST_STEP][PASSED] - else if (typeOfData == "Факт"): null

16-10-2024T07:05:01 - [TEST_STEP][PASSED] - else if (vidget.contains("электроэнергии") == true): null

16-10-2024T07:05:01 - [TEST_STEP][PASSED] - if (tabR == null): null

16-10-2024T07:05:01 - [TEST_STEP][PASSED] - else: null

16-10-2024T07:05:01 - [TEST_STEP][PASSED] - if (tabR == "нет данных"): null

16-10-2024T07:05:01 - [TEST_STEP][PASSED] - setValueToCellByIndex(sheet01, n, 4, "нет данных"): null

16-10-2024T07:05:01 - [TEST_STEP][PASSED] - if (tabB == null): null

16-10-2024T07:05:01 - [TEST_STEP][PASSED] - else: null

16-10-2024T07:05:01 - [TEST_STEP][PASSED] - if (tabB == "нет данных"): null

16-10-2024T07:05:01 - [TEST_STEP][PASSED] - else: null

16-10-2024T07:05:01 - [TEST_STEP][PASSED] - TB = tabB.toInteger(): null

16-10-2024T07:05:01 - [TEST_STEP][PASSED] - setValueToCellByIndex(sheet01, n, 5, TB): null

16-10-2024T07:05:01 - [TEST_STEP][PASSED] - setValueToCellByIndex(sheet01, n, 6, m): null

16-10-2024T07:05:01 - [TEST_STEP][PASSED] - setValueToCellByIndex(sheet01, n, 7, y): null

16-10-2024T07:05:01 - [TEST_STEP][PASSED] - setValueToCellByIndex(sheet01, n, 8, todaysDate): null

16-10-2024T07:05:01 - [TEST_STEP][PASSED] - n = n + 1: null

16-10-2024T07:05:01 - [TEST_STEP][PASSED] - saveWorkbook(excelFilePath, workbook01): null

16-10-2024T07:05:01 - [TEST_STEP][PASSED] - typeOfData = "Факт Потери": null

16-10-2024T07:05:01 - [TEST_STEP][PASSED] - tabR = GetPFactR(x = a): null

16-10-2024T07:05:01 - [TEST_STEP][PASSED] - i1 = <not implemented yet for class: org.codehaus.groovy.ast.expr.EmptyExpression>: null

16-10-2024T07:05:01 - [TEST_STEP][PASSED] - ii = <not implemented yet for class: org.codehaus.groovy.ast.expr.EmptyExpression>: null

16-10-2024T07:05:01 - [TEST_STEP][PASSED] - for ([ii = 1, ii < 6, (ii++)]): null

16-10-2024T07:05:01 - [TEST_STEP][PASSED] - i1 = x.indexOf("/") + 1: null

16-10-2024T07:05:01 - [TEST_STEP][PASSED] - if (i1 > -1): null

16-10-2024T07:05:01 - [TEST_STEP][PASSED] - x = x.substring(i1, x.length()): null

16-10-2024T07:05:01 - [TEST_STEP][PASSED] - println(x): null

16-10-2024T07:05:01 - [TEST_STEP][PASSED] - i1 = x.indexOf("/") + 1: null

16-10-2024T07:05:01 - [TEST_STEP][PASSED] - if (i1 > -1): null

16-10-2024T07:05:01 - [TEST_STEP][PASSED] - x = x.substring(i1, x.length()): null

16-10-2024T07:05:01 - [TEST_STEP][PASSED] - println(x): null

16-10-2024T07:05:01 - [TEST_STEP][PASSED] - i1 = x.indexOf("/") + 1: null

16-10-2024T07:05:01 - [TEST_STEP][PASSED] - if (i1 > -1): null

16-10-2024T07:05:01 - [TEST_STEP][PASSED] - x = x.substring(i1, x.length()): null

16-10-2024T07:05:01 - [TEST_STEP][PASSED] - println(x): null

16-10-2024T07:05:01 - [TEST_STEP][PASSED] - i1 = x.indexOf("/") + 1: null

16-10-2024T07:05:01 - [TEST_STEP][PASSED] - if (i1 > -1): null

16-10-2024T07:05:01 - [TEST_STEP][PASSED] - x = x.substring(i1, x.length()): null

16-10-2024T07:05:01 - [TEST_STEP][PASSED] - println(x): null

16-10-2024T07:05:01 - [TEST_STEP][PASSED] - i1 = x.indexOf("/") + 1: null

16-10-2024T07:05:01 - [TEST_STEP][PASSED] - if (i1 > -1): null

16-10-2024T07:05:01 - [TEST_STEP][PASSED] - x = x.substring(i1, x.length()): null

16-10-2024T07:05:01 - [TEST_STEP][PASSED] - println(x): null

16-10-2024T07:05:01 - [TEST_STEP][PASSED] - i1 = x.indexOf("/"): null

16-10-2024T07:05:01 - [TEST_STEP][PASSED] - if (i1 > -1): null

16-10-2024T07:05:01 - [TEST_STEP][PASSED] - x = x.substring(0, i1): null

16-10-2024T07:05:01 - [TEST_STEP][PASSED] - println(x): null

16-10-2024T07:05:01 - [TEST_STEP][PASSED] - return x: null

16-10-2024T07:05:01 - [TEST_STEP][PASSED] - tabB = GetPFactB(x = b): null

16-10-2024T07:05:01 - [TEST_STEP][PASSED] - i1 = <not implemented yet for class: org.codehaus.groovy.ast.expr.EmptyExpression>: null

16-10-2024T07:05:01 - [TEST_STEP][PASSED] - ii = <not implemented yet for class: org.codehaus.groovy.ast.expr.EmptyExpression>: null

16-10-2024T07:05:01 - [TEST_STEP][PASSED] - for ([ii = 1, ii < 6, (ii++)]): null

16-10-2024T07:05:01 - [TEST_STEP][PASSED] - i1 = x.indexOf("/") + 1: null

16-10-2024T07:05:01 - [TEST_STEP][PASSED] - if (i1 > -1): null

16-10-2024T07:05:01 - [TEST_STEP][PASSED] - x = x.substring(i1, x.length()): null

16-10-2024T07:05:01 - [TEST_STEP][PASSED] - println(x): null

16-10-2024T07:05:01 - [TEST_STEP][PASSED] - i1 = x.indexOf("/") + 1: null

16-10-2024T07:05:01 - [TEST_STEP][PASSED] - if (i1 > -1): null

16-10-2024T07:05:01 - [TEST_STEP][PASSED] - x = x.substring(i1, x.length()): null

16-10-2024T07:05:01 - [TEST_STEP][PASSED] - println(x): null

16-10-2024T07:05:01 - [TEST_STEP][PASSED] - i1 = x.indexOf("/") + 1: null

16-10-2024T07:05:01 - [TEST_STEP][PASSED] - if (i1 > -1): null

16-10-2024T07:05:01 - [TEST_STEP][PASSED] - x = x.substring(i1, x.length()): null

16-10-2024T07:05:01 - [TEST_STEP][PASSED] - println(x): null

16-10-2024T07:05:01 - [TEST_STEP][PASSED] - i1 = x.indexOf("/") + 1: null

16-10-2024T07:05:01 - [TEST_STEP][PASSED] - if (i1 > -1): null

16-10-2024T07:05:01 - [TEST_STEP][PASSED] - x = x.substring(i1, x.length()): null

16-10-2024T07:05:01 - [TEST_STEP][PASSED] - println(x): null

16-10-2024T07:05:01 - [TEST_STEP][PASSED] - i1 = x.indexOf("/") + 1: null

16-10-2024T07:05:01 - [TEST_STEP][PASSED] - if (i1 > -1): null

16-10-2024T07:05:01 - [TEST_STEP][PASSED] - x = x.substring(i1, x.length()): null

16-10-2024T07:05:01 - [TEST_STEP][PASSED] - println(x): null

16-10-2024T07:05:01 - [TEST_STEP][PASSED] - i1 = x.indexOf("/"): null

16-10-2024T07:05:01 - [TEST_STEP][PASSED] - if (i1 > -1): null

16-10-2024T07:05:01 - [TEST_STEP][PASSED] - x = x.substring(0, i1): null

16-10-2024T07:05:01 - [TEST_STEP][PASSED] - println(x): null

16-10-2024T07:05:01 - [TEST_STEP][FAILED] - return x: null

16-10-2024T07:05:01 - [TEST_STEP][PASSED] - println(tabR + "/" + tabB): null

16-10-2024T07:05:01 - [TEST_STEP][FAILED] - if (verifyEqual(tabR, tabB) == false): null

16-10-2024T07:05:01 - [MESSAGE][FAILED] - Unable to verify equal between actual object 'нет данных' and expected object '259099' (Root cause: com.kms.katalon.core.exception.StepFailedException: Actual object 'нет данных' and expected object '259099' are not equal
	at com.kms.katalon.core.keyword.builtin.VerifyEqualKeyword$_verifyEqual_closure1.doCall(VerifyEqualKeyword.groovy:58)
	at com.kms.katalon.core.keyword.builtin.VerifyEqualKeyword$_verifyEqual_closure1.call(VerifyEqualKeyword.groovy)
	at com.kms.katalon.core.keyword.internal.KeywordMain.runKeyword(KeywordMain.groovy:75)
	at com.kms.katalon.core.keyword.builtin.VerifyEqualKeyword.verifyEqual(VerifyEqualKeyword.groovy:63)
	at com.kms.katalon.core.keyword.builtin.VerifyEqualKeyword.execute(VerifyEqualKeyword.groovy:44)
	at com.kms.katalon.core.keyword.internal.KeywordExecutor.executeKeywordForPlatform(KeywordExecutor.groovy:74)
	at com.kms.katalon.core.keyword.BuiltinKeywords.verifyEqual(BuiltinKeywords.groovy:146)
	at jdk.internal.reflect.GeneratedMethodAccessor25.invoke(Unknown Source)
	at java.base/jdk.internal.reflect.DelegatingMethodAccessorImpl.invoke(DelegatingMethodAccessorImpl.java:43)
	at Выполнение бизнес-плана сверка дашбордов.CompareDZOData(Выполнение бизнес-плана сверка дашбордов:730)
	at Выполнение бизнес-плана сверка дашбордов.run(Выполнение бизнес-плана сверка дашбордов:663)
	at com.kms.katalon.core.main.ScriptEngine.run(ScriptEngine.java:194)
	at com.kms.katalon.core.main.ScriptEngine.runScriptAsRawText(ScriptEngine.java:119)
	at com.kms.katalon.core.main.TestCaseExecutor.runScript(TestCaseExecutor.java:448)
	at com.kms.katalon.core.main.TestCaseExecutor.doExecute(TestCaseExecutor.java:439)
	at com.kms.katalon.core.main.TestCaseExecutor.processExecutionPhase(TestCaseExecutor.java:418)
	at com.kms.katalon.core.main.TestCaseExecutor.accessMainPhase(TestCaseExecutor.java:410)
	at com.kms.katalon.core.main.TestCaseExecutor.execute(TestCaseExecutor.java:285)
	at com.kms.katalon.core.common.CommonExecutor.accessTestCaseMainPhase(CommonExecutor.java:65)
	at com.kms.katalon.core.main.TestSuiteExecutor.accessTestSuiteMainPhase(TestSuiteExecutor.java:150)
	at com.kms.katalon.core.main.TestSuiteExecutor.execute(TestSuiteExecutor.java:106)
	at com.kms.katalon.core.main.TestCaseMain.startTestSuite(TestCaseMain.java:180)
	at TempTestSuite1729050801829.run(TempTestSuite1729050801829.groovy:35)
	at java.base/jdk.internal.reflect.NativeMethodAccessorImpl.invoke0(Native Method)
	at java.base/jdk.internal.reflect.NativeMethodAccessorImpl.invoke(NativeMethodAccessorImpl.java:77)
	at java.base/jdk.internal.reflect.DelegatingMethodAccessorImpl.invoke(DelegatingMethodAccessorImpl.java:43)
)

16-10-2024T07:05:01 - [TEST_STEP][PASSED] - result = WriteToExcel(typeOfData, todaysDate, PercPlanR, PercPlanB, PercFactR, PercFactB, x, tabR, tabB, o1R, o1B, vidget): null

16-10-2024T07:05:01 - [TEST_STEP][PASSED] - iii = dZO.indexOf("/"): null

16-10-2024T07:05:01 - [TEST_STEP][PASSED] - println(iii): null

16-10-2024T07:05:01 - [TEST_STEP][PASSED] - dZO = dZO.substring(0, iii): null

16-10-2024T07:05:01 - [TEST_STEP][PASSED] - println(dZO): null

16-10-2024T07:05:01 - [TEST_STEP][PASSED] - println(PercPlanR): null

16-10-2024T07:05:01 - [TEST_STEP][PASSED] - println(PercPlanB): null

16-10-2024T07:05:01 - [TEST_STEP][PASSED] - println(PercFactR): null

16-10-2024T07:05:01 - [TEST_STEP][PASSED] - println(PercFactB): null

16-10-2024T07:05:01 - [TEST_STEP][PASSED] - println(tabR): null

16-10-2024T07:05:01 - [TEST_STEP][PASSED] - println(tabB): null

16-10-2024T07:05:01 - [TEST_STEP][PASSED] - println(o1R): null

16-10-2024T07:05:01 - [TEST_STEP][PASSED] - println(o1B): null

16-10-2024T07:05:01 - [TEST_STEP][PASSED] - PR = <not implemented yet for class: org.codehaus.groovy.ast.expr.EmptyExpression>: null

16-10-2024T07:05:01 - [TEST_STEP][PASSED] - FR = <not implemented yet for class: org.codehaus.groovy.ast.expr.EmptyExpression>: null

16-10-2024T07:05:01 - [TEST_STEP][PASSED] - PB = <not implemented yet for class: org.codehaus.groovy.ast.expr.EmptyExpression>: null

16-10-2024T07:05:01 - [TEST_STEP][PASSED] - FB = <not implemented yet for class: org.codehaus.groovy.ast.expr.EmptyExpression>: null

16-10-2024T07:05:01 - [TEST_STEP][PASSED] - TR = <not implemented yet for class: org.codehaus.groovy.ast.expr.EmptyExpression>: null

16-10-2024T07:05:01 - [TEST_STEP][PASSED] - TB = <not implemented yet for class: org.codehaus.groovy.ast.expr.EmptyExpression>: null

16-10-2024T07:05:01 - [TEST_STEP][PASSED] - sheetName = "Sheet1": null

16-10-2024T07:05:01 - [TEST_STEP][PASSED] - data = findTestData("PlanFact"): null

16-10-2024T07:05:01 - [TEST_STEP][PASSED] - n = data.getRowNumbers() + 1: null

16-10-2024T07:05:01 - [TEST_STEP][PASSED] - year = todaysDate.substring(todaysDate.length() - 4, todaysDate.length()): null

16-10-2024T07:05:01 - [TEST_STEP][PASSED] - y = year.toInteger(): null

16-10-2024T07:05:01 - [TEST_STEP][PASSED] - m = getText(findTestObject("Выполнение бизнес-плана/Выполнение бизнес-плана Балансы/Фильтр Дата")): Text of object 'Object Repository/Выполнение бизнес-плана/Выполнение бизнес-плана Балансы/Фильтр Дата' is: '1, 2 кв., Июль, Август 2024 года'

16-10-2024T07:05:01 - [MESSAGE][PASSED] - Text of object 'Object Repository/Выполнение бизнес-плана/Выполнение бизнес-плана Балансы/Фильтр Дата' is: '1, 2 кв., Июль, Август 2024 года'

16-10-2024T07:05:01 - [TEST_STEP][PASSED] - m = m.substring(0, m.indexOf("2024")): null

16-10-2024T07:05:01 - [TEST_STEP][PASSED] - m = m.trim(): null

16-10-2024T07:05:01 - [TEST_STEP][PASSED] - dashboardName = "Выполнение бизнес-плана": null

16-10-2024T07:05:01 - [TEST_STEP][PASSED] - workbook01 = getWorkbook(excelFilePath): null

16-10-2024T07:05:02 - [TEST_STEP][PASSED] - sheet01 = getExcelSheet(workbook01, sheetName): null

16-10-2024T07:05:02 - [TEST_STEP][PASSED] - setValueToCellByIndex(sheet01, n, 0, dashboardName): null

16-10-2024T07:05:02 - [TEST_STEP][PASSED] - setValueToCellByIndex(sheet01, n, 1, dZO): null

16-10-2024T07:05:02 - [TEST_STEP][PASSED] - setValueToCellByIndex(sheet01, n, 2, typeOfData): null

16-10-2024T07:05:02 - [TEST_STEP][PASSED] - setValueToCellByIndex(sheet01, n, 3, typeOfData): null

16-10-2024T07:05:02 - [TEST_STEP][PASSED] - if (typeOfData == "План"): null

16-10-2024T07:05:02 - [TEST_STEP][PASSED] - else if (typeOfData == "Факт"): null

16-10-2024T07:05:02 - [TEST_STEP][PASSED] - else if (vidget.contains("электроэнергии") == true): null

16-10-2024T07:05:02 - [TEST_STEP][PASSED] - if (tabR == null): null

16-10-2024T07:05:02 - [TEST_STEP][PASSED] - else: null

16-10-2024T07:05:02 - [TEST_STEP][PASSED] - if (tabR == "нет данных"): null

16-10-2024T07:05:02 - [TEST_STEP][PASSED] - setValueToCellByIndex(sheet01, n, 4, "нет данных"): null

16-10-2024T07:05:02 - [TEST_STEP][PASSED] - if (tabB == null): null

16-10-2024T07:05:02 - [TEST_STEP][PASSED] - else: null

16-10-2024T07:05:02 - [TEST_STEP][PASSED] - if (tabB == "нет данных"): null

16-10-2024T07:05:02 - [TEST_STEP][PASSED] - else: null

16-10-2024T07:05:02 - [TEST_STEP][PASSED] - TB = tabB.toInteger(): null

16-10-2024T07:05:02 - [TEST_STEP][PASSED] - setValueToCellByIndex(sheet01, n, 5, TB): null

16-10-2024T07:05:02 - [TEST_STEP][PASSED] - setValueToCellByIndex(sheet01, n, 6, m): null

16-10-2024T07:05:02 - [TEST_STEP][PASSED] - setValueToCellByIndex(sheet01, n, 7, y): null

16-10-2024T07:05:02 - [TEST_STEP][PASSED] - setValueToCellByIndex(sheet01, n, 8, todaysDate): null

16-10-2024T07:05:02 - [TEST_STEP][PASSED] - n = n + 1: null

16-10-2024T07:05:02 - [TEST_STEP][PASSED] - saveWorkbook(excelFilePath, workbook01): null

16-10-2024T07:05:02 - [TEST_STEP][PASSED] - vidget = "Показатели баланса электроэнергии по ДЗО – План": null

16-10-2024T07:05:02 - [TEST_STEP][PASSED] - typeOfData = "План Отпуск в сеть": null

16-10-2024T07:05:02 - [TEST_STEP][PASSED] - tabR = GetOvSPlanR(x = a): null

16-10-2024T07:05:02 - [TEST_STEP][PASSED] - i1 = <not implemented yet for class: org.codehaus.groovy.ast.expr.EmptyExpression>: null

16-10-2024T07:05:02 - [TEST_STEP][PASSED] - ii = <not implemented yet for class: org.codehaus.groovy.ast.expr.EmptyExpression>: null

16-10-2024T07:05:02 - [TEST_STEP][PASSED] - for ([ii = 1, ii < 7, (ii++)]): null

16-10-2024T07:05:02 - [TEST_STEP][PASSED] - i1 = x.indexOf("/") + 1: null

16-10-2024T07:05:02 - [TEST_STEP][PASSED] - if (i1 > -1): null

16-10-2024T07:05:02 - [TEST_STEP][PASSED] - x = x.substring(i1, x.length()): null

16-10-2024T07:05:02 - [TEST_STEP][PASSED] - println(x): null

16-10-2024T07:05:02 - [TEST_STEP][PASSED] - i1 = x.indexOf("/") + 1: null

16-10-2024T07:05:02 - [TEST_STEP][PASSED] - if (i1 > -1): null

16-10-2024T07:05:02 - [TEST_STEP][PASSED] - x = x.substring(i1, x.length()): null

16-10-2024T07:05:02 - [TEST_STEP][PASSED] - println(x): null

16-10-2024T07:05:02 - [TEST_STEP][PASSED] - i1 = x.indexOf("/") + 1: null

16-10-2024T07:05:02 - [TEST_STEP][PASSED] - if (i1 > -1): null

16-10-2024T07:05:02 - [TEST_STEP][PASSED] - x = x.substring(i1, x.length()): null

16-10-2024T07:05:02 - [TEST_STEP][PASSED] - println(x): null

16-10-2024T07:05:02 - [TEST_STEP][PASSED] - i1 = x.indexOf("/") + 1: null

16-10-2024T07:05:02 - [TEST_STEP][PASSED] - if (i1 > -1): null

16-10-2024T07:05:02 - [TEST_STEP][PASSED] - x = x.substring(i1, x.length()): null

16-10-2024T07:05:02 - [TEST_STEP][PASSED] - println(x): null

16-10-2024T07:05:02 - [TEST_STEP][PASSED] - i1 = x.indexOf("/") + 1: null

16-10-2024T07:05:02 - [TEST_STEP][PASSED] - if (i1 > -1): null

16-10-2024T07:05:02 - [TEST_STEP][PASSED] - x = x.substring(i1, x.length()): null

16-10-2024T07:05:02 - [TEST_STEP][PASSED] - println(x): null

16-10-2024T07:05:02 - [TEST_STEP][PASSED] - i1 = x.indexOf("/") + 1: null

16-10-2024T07:05:02 - [TEST_STEP][PASSED] - if (i1 > -1): null

16-10-2024T07:05:02 - [TEST_STEP][PASSED] - x = x.substring(i1, x.length()): null

16-10-2024T07:05:02 - [TEST_STEP][PASSED] - println(x): null

16-10-2024T07:05:02 - [TEST_STEP][PASSED] - i1 = x.indexOf("/"): null

16-10-2024T07:05:02 - [TEST_STEP][PASSED] - if (i1 > -1): null

16-10-2024T07:05:02 - [TEST_STEP][PASSED] - x = x.substring(0, i1): null

16-10-2024T07:05:02 - [TEST_STEP][PASSED] - println(x): null

16-10-2024T07:05:02 - [TEST_STEP][PASSED] - return x: null

16-10-2024T07:05:02 - [TEST_STEP][PASSED] - tabB = GetOvSPlanB(x = b): null

16-10-2024T07:05:02 - [TEST_STEP][PASSED] - i1 = <not implemented yet for class: org.codehaus.groovy.ast.expr.EmptyExpression>: null

16-10-2024T07:05:02 - [TEST_STEP][PASSED] - ii = <not implemented yet for class: org.codehaus.groovy.ast.expr.EmptyExpression>: null

16-10-2024T07:05:02 - [TEST_STEP][PASSED] - for ([ii = 1, ii < 7, (ii++)]): null

16-10-2024T07:05:02 - [TEST_STEP][PASSED] - i1 = x.indexOf("/") + 1: null

16-10-2024T07:05:02 - [TEST_STEP][PASSED] - if (i1 > -1): null

16-10-2024T07:05:02 - [TEST_STEP][PASSED] - x = x.substring(i1, x.length()): null

16-10-2024T07:05:02 - [TEST_STEP][PASSED] - println(x): null

16-10-2024T07:05:02 - [TEST_STEP][PASSED] - i1 = x.indexOf("/") + 1: null

16-10-2024T07:05:02 - [TEST_STEP][PASSED] - if (i1 > -1): null

16-10-2024T07:05:02 - [TEST_STEP][PASSED] - x = x.substring(i1, x.length()): null

16-10-2024T07:05:02 - [TEST_STEP][PASSED] - println(x): null

16-10-2024T07:05:02 - [TEST_STEP][PASSED] - i1 = x.indexOf("/") + 1: null

16-10-2024T07:05:02 - [TEST_STEP][PASSED] - if (i1 > -1): null

16-10-2024T07:05:02 - [TEST_STEP][PASSED] - x = x.substring(i1, x.length()): null

16-10-2024T07:05:02 - [TEST_STEP][PASSED] - println(x): null

16-10-2024T07:05:02 - [TEST_STEP][PASSED] - i1 = x.indexOf("/") + 1: null

16-10-2024T07:05:02 - [TEST_STEP][PASSED] - if (i1 > -1): null

16-10-2024T07:05:02 - [TEST_STEP][PASSED] - x = x.substring(i1, x.length()): null

16-10-2024T07:05:02 - [TEST_STEP][PASSED] - println(x): null

16-10-2024T07:05:02 - [TEST_STEP][PASSED] - i1 = x.indexOf("/") + 1: null

16-10-2024T07:05:02 - [TEST_STEP][PASSED] - if (i1 > -1): null

16-10-2024T07:05:02 - [TEST_STEP][PASSED] - x = x.substring(i1, x.length()): null

16-10-2024T07:05:02 - [TEST_STEP][PASSED] - println(x): null

16-10-2024T07:05:02 - [TEST_STEP][PASSED] - i1 = x.indexOf("/") + 1: null

16-10-2024T07:05:02 - [TEST_STEP][PASSED] - if (i1 > -1): null

16-10-2024T07:05:02 - [TEST_STEP][PASSED] - x = x.substring(i1, x.length()): null

16-10-2024T07:05:02 - [TEST_STEP][PASSED] - println(x): null

16-10-2024T07:05:02 - [TEST_STEP][PASSED] - i1 = x.indexOf("/"): null

16-10-2024T07:05:02 - [TEST_STEP][PASSED] - if (i1 > -1): null

16-10-2024T07:05:02 - [TEST_STEP][PASSED] - x = x.substring(0, i1): null

16-10-2024T07:05:02 - [TEST_STEP][PASSED] - println(x): null

16-10-2024T07:05:02 - [TEST_STEP][FAILED] - return x: null

16-10-2024T07:05:02 - [TEST_STEP][PASSED] - println(tabR + "/" + tabB): null

16-10-2024T07:05:02 - [TEST_STEP][FAILED] - if (verifyEqual(PercFactR, PercFactB) == false): null

16-10-2024T07:05:02 - [MESSAGE][FAILED] - Unable to verify equal between actual object 'нет данных' and expected object '8.53' (Root cause: com.kms.katalon.core.exception.StepFailedException: Actual object 'нет данных' and expected object '8.53' are not equal
	at com.kms.katalon.core.keyword.builtin.VerifyEqualKeyword$_verifyEqual_closure1.doCall(VerifyEqualKeyword.groovy:58)
	at com.kms.katalon.core.keyword.builtin.VerifyEqualKeyword$_verifyEqual_closure1.call(VerifyEqualKeyword.groovy)
	at com.kms.katalon.core.keyword.internal.KeywordMain.runKeyword(KeywordMain.groovy:75)
	at com.kms.katalon.core.keyword.builtin.VerifyEqualKeyword.verifyEqual(VerifyEqualKeyword.groovy:63)
	at com.kms.katalon.core.keyword.builtin.VerifyEqualKeyword.execute(VerifyEqualKeyword.groovy:44)
	at com.kms.katalon.core.keyword.internal.KeywordExecutor.executeKeywordForPlatform(KeywordExecutor.groovy:74)
	at com.kms.katalon.core.keyword.BuiltinKeywords.verifyEqual(BuiltinKeywords.groovy:146)
	at jdk.internal.reflect.GeneratedMethodAccessor25.invoke(Unknown Source)
	at java.base/jdk.internal.reflect.DelegatingMethodAccessorImpl.invoke(DelegatingMethodAccessorImpl.java:43)
	at Выполнение бизнес-плана сверка дашбордов.CompareDZOData(Выполнение бизнес-плана сверка дашбордов:745)
	at Выполнение бизнес-плана сверка дашбордов.run(Выполнение бизнес-плана сверка дашбордов:663)
	at com.kms.katalon.core.main.ScriptEngine.run(ScriptEngine.java:194)
	at com.kms.katalon.core.main.ScriptEngine.runScriptAsRawText(ScriptEngine.java:119)
	at com.kms.katalon.core.main.TestCaseExecutor.runScript(TestCaseExecutor.java:448)
	at com.kms.katalon.core.main.TestCaseExecutor.doExecute(TestCaseExecutor.java:439)
	at com.kms.katalon.core.main.TestCaseExecutor.processExecutionPhase(TestCaseExecutor.java:418)
	at com.kms.katalon.core.main.TestCaseExecutor.accessMainPhase(TestCaseExecutor.java:410)
	at com.kms.katalon.core.main.TestCaseExecutor.execute(TestCaseExecutor.java:285)
	at com.kms.katalon.core.common.CommonExecutor.accessTestCaseMainPhase(CommonExecutor.java:65)
	at com.kms.katalon.core.main.TestSuiteExecutor.accessTestSuiteMainPhase(TestSuiteExecutor.java:150)
	at com.kms.katalon.core.main.TestSuiteExecutor.execute(TestSuiteExecutor.java:106)
	at com.kms.katalon.core.main.TestCaseMain.startTestSuite(TestCaseMain.java:180)
	at TempTestSuite1729050801829.run(TempTestSuite1729050801829.groovy:35)
	at java.base/jdk.internal.reflect.NativeMethodAccessorImpl.invoke0(Native Method)
	at java.base/jdk.internal.reflect.NativeMethodAccessorImpl.invoke(NativeMethodAccessorImpl.java:77)
	at java.base/jdk.internal.reflect.DelegatingMethodAccessorImpl.invoke(DelegatingMethodAccessorImpl.java:43)
)

16-10-2024T07:05:02 - [TEST_STEP][PASSED] - result = WriteToExcel(typeOfData, todaysDate, PercPlanR, PercPlanB, PercFactR, PercFactB, x, tabR, tabB, o1R, o1B, vidget): null

16-10-2024T07:05:02 - [TEST_STEP][PASSED] - iii = dZO.indexOf("/"): null

16-10-2024T07:05:02 - [TEST_STEP][PASSED] - println(iii): null

16-10-2024T07:05:02 - [TEST_STEP][PASSED] - dZO = dZO.substring(0, iii): null

16-10-2024T07:05:02 - [TEST_STEP][PASSED] - println(dZO): null

16-10-2024T07:05:02 - [TEST_STEP][PASSED] - println(PercPlanR): null

16-10-2024T07:05:02 - [TEST_STEP][PASSED] - println(PercPlanB): null

16-10-2024T07:05:02 - [TEST_STEP][PASSED] - println(PercFactR): null

16-10-2024T07:05:02 - [TEST_STEP][PASSED] - println(PercFactB): null

16-10-2024T07:05:02 - [TEST_STEP][PASSED] - println(tabR): null

16-10-2024T07:05:02 - [TEST_STEP][PASSED] - println(tabB): null

16-10-2024T07:05:02 - [TEST_STEP][PASSED] - println(o1R): null

16-10-2024T07:05:02 - [TEST_STEP][PASSED] - println(o1B): null

16-10-2024T07:05:02 - [TEST_STEP][PASSED] - PR = <not implemented yet for class: org.codehaus.groovy.ast.expr.EmptyExpression>: null

16-10-2024T07:05:02 - [TEST_STEP][PASSED] - FR = <not implemented yet for class: org.codehaus.groovy.ast.expr.EmptyExpression>: null

16-10-2024T07:05:02 - [TEST_STEP][PASSED] - PB = <not implemented yet for class: org.codehaus.groovy.ast.expr.EmptyExpression>: null

16-10-2024T07:05:02 - [TEST_STEP][PASSED] - FB = <not implemented yet for class: org.codehaus.groovy.ast.expr.EmptyExpression>: null

16-10-2024T07:05:02 - [TEST_STEP][PASSED] - TR = <not implemented yet for class: org.codehaus.groovy.ast.expr.EmptyExpression>: null

16-10-2024T07:05:02 - [TEST_STEP][PASSED] - TB = <not implemented yet for class: org.codehaus.groovy.ast.expr.EmptyExpression>: null

16-10-2024T07:05:02 - [TEST_STEP][PASSED] - sheetName = "Sheet1": null

16-10-2024T07:05:02 - [TEST_STEP][PASSED] - data = findTestData("PlanFact"): null

16-10-2024T07:05:02 - [TEST_STEP][PASSED] - n = data.getRowNumbers() + 1: null

16-10-2024T07:05:02 - [TEST_STEP][PASSED] - year = todaysDate.substring(todaysDate.length() - 4, todaysDate.length()): null

16-10-2024T07:05:02 - [TEST_STEP][PASSED] - y = year.toInteger(): null

16-10-2024T07:05:02 - [TEST_STEP][PASSED] - m = getText(findTestObject("Выполнение бизнес-плана/Выполнение бизнес-плана Балансы/Фильтр Дата")): Text of object 'Object Repository/Выполнение бизнес-плана/Выполнение бизнес-плана Балансы/Фильтр Дата' is: '1, 2 кв., Июль, Август 2024 года'

16-10-2024T07:05:02 - [MESSAGE][PASSED] - Text of object 'Object Repository/Выполнение бизнес-плана/Выполнение бизнес-плана Балансы/Фильтр Дата' is: '1, 2 кв., Июль, Август 2024 года'

16-10-2024T07:05:02 - [TEST_STEP][PASSED] - m = m.substring(0, m.indexOf("2024")): null

16-10-2024T07:05:02 - [TEST_STEP][PASSED] - m = m.trim(): null

16-10-2024T07:05:02 - [TEST_STEP][PASSED] - dashboardName = "Выполнение бизнес-плана": null

16-10-2024T07:05:02 - [TEST_STEP][PASSED] - workbook01 = getWorkbook(excelFilePath): null

16-10-2024T07:05:02 - [TEST_STEP][PASSED] - sheet01 = getExcelSheet(workbook01, sheetName): null

16-10-2024T07:05:02 - [TEST_STEP][PASSED] - setValueToCellByIndex(sheet01, n, 0, dashboardName): null

16-10-2024T07:05:02 - [TEST_STEP][PASSED] - setValueToCellByIndex(sheet01, n, 1, dZO): null

16-10-2024T07:05:02 - [TEST_STEP][PASSED] - setValueToCellByIndex(sheet01, n, 2, typeOfData): null

16-10-2024T07:05:02 - [TEST_STEP][PASSED] - setValueToCellByIndex(sheet01, n, 3, typeOfData): null

16-10-2024T07:05:02 - [TEST_STEP][PASSED] - if (typeOfData == "План"): null

16-10-2024T07:05:02 - [TEST_STEP][PASSED] - else if (typeOfData == "Факт"): null

16-10-2024T07:05:02 - [TEST_STEP][PASSED] - else if (vidget.contains("электроэнергии") == true): null

16-10-2024T07:05:02 - [TEST_STEP][PASSED] - if (tabR == null): null

16-10-2024T07:05:02 - [TEST_STEP][PASSED] - else: null

16-10-2024T07:05:02 - [TEST_STEP][PASSED] - if (tabR == "нет данных"): null

16-10-2024T07:05:02 - [TEST_STEP][PASSED] - setValueToCellByIndex(sheet01, n, 4, "нет данных"): null

16-10-2024T07:05:02 - [TEST_STEP][PASSED] - if (tabB == null): null

16-10-2024T07:05:02 - [TEST_STEP][PASSED] - else: null

16-10-2024T07:05:02 - [TEST_STEP][PASSED] - if (tabB == "нет данных"): null

16-10-2024T07:05:02 - [TEST_STEP][PASSED] - else: null

16-10-2024T07:05:02 - [TEST_STEP][PASSED] - TB = tabB.toInteger(): null

16-10-2024T07:05:02 - [TEST_STEP][PASSED] - setValueToCellByIndex(sheet01, n, 5, TB): null

16-10-2024T07:05:02 - [TEST_STEP][PASSED] - setValueToCellByIndex(sheet01, n, 6, m): null

16-10-2024T07:05:02 - [TEST_STEP][PASSED] - setValueToCellByIndex(sheet01, n, 7, y): null

16-10-2024T07:05:02 - [TEST_STEP][PASSED] - setValueToCellByIndex(sheet01, n, 8, todaysDate): null

16-10-2024T07:05:02 - [TEST_STEP][PASSED] - n = n + 1: null

16-10-2024T07:05:02 - [TEST_STEP][PASSED] - saveWorkbook(excelFilePath, workbook01): null

16-10-2024T07:05:02 - [TEST_STEP][PASSED] - typeOfData = "План Отпуск из сети": null

16-10-2024T07:05:02 - [TEST_STEP][PASSED] - tabR = GetOiSPlanR(x = a): null

16-10-2024T07:05:02 - [TEST_STEP][PASSED] - i1 = <not implemented yet for class: org.codehaus.groovy.ast.expr.EmptyExpression>: null

16-10-2024T07:05:02 - [TEST_STEP][PASSED] - ii = <not implemented yet for class: org.codehaus.groovy.ast.expr.EmptyExpression>: null

16-10-2024T07:05:02 - [TEST_STEP][PASSED] - for ([ii = 1, ii < 8, (ii++)]): null

16-10-2024T07:05:02 - [TEST_STEP][PASSED] - i1 = x.indexOf("/") + 1: null

16-10-2024T07:05:02 - [TEST_STEP][PASSED] - if (i1 > -1): null

16-10-2024T07:05:02 - [TEST_STEP][PASSED] - x = x.substring(i1, x.length()): null

16-10-2024T07:05:02 - [TEST_STEP][PASSED] - println(x): null

16-10-2024T07:05:02 - [TEST_STEP][PASSED] - i1 = x.indexOf("/") + 1: null

16-10-2024T07:05:02 - [TEST_STEP][PASSED] - if (i1 > -1): null

16-10-2024T07:05:02 - [TEST_STEP][PASSED] - x = x.substring(i1, x.length()): null

16-10-2024T07:05:02 - [TEST_STEP][PASSED] - println(x): null

16-10-2024T07:05:02 - [TEST_STEP][PASSED] - i1 = x.indexOf("/") + 1: null

16-10-2024T07:05:02 - [TEST_STEP][PASSED] - if (i1 > -1): null

16-10-2024T07:05:02 - [TEST_STEP][PASSED] - x = x.substring(i1, x.length()): null

16-10-2024T07:05:02 - [TEST_STEP][PASSED] - println(x): null

16-10-2024T07:05:02 - [TEST_STEP][PASSED] - i1 = x.indexOf("/") + 1: null

16-10-2024T07:05:02 - [TEST_STEP][PASSED] - if (i1 > -1): null

16-10-2024T07:05:02 - [TEST_STEP][PASSED] - x = x.substring(i1, x.length()): null

16-10-2024T07:05:02 - [TEST_STEP][PASSED] - println(x): null

16-10-2024T07:05:02 - [TEST_STEP][PASSED] - i1 = x.indexOf("/") + 1: null

16-10-2024T07:05:02 - [TEST_STEP][PASSED] - if (i1 > -1): null

16-10-2024T07:05:02 - [TEST_STEP][PASSED] - x = x.substring(i1, x.length()): null

16-10-2024T07:05:02 - [TEST_STEP][PASSED] - println(x): null

16-10-2024T07:05:02 - [TEST_STEP][PASSED] - i1 = x.indexOf("/") + 1: null

16-10-2024T07:05:02 - [TEST_STEP][PASSED] - if (i1 > -1): null

16-10-2024T07:05:02 - [TEST_STEP][PASSED] - x = x.substring(i1, x.length()): null

16-10-2024T07:05:02 - [TEST_STEP][PASSED] - println(x): null

16-10-2024T07:05:02 - [TEST_STEP][PASSED] - i1 = x.indexOf("/") + 1: null

16-10-2024T07:05:02 - [TEST_STEP][PASSED] - if (i1 > -1): null

16-10-2024T07:05:02 - [TEST_STEP][PASSED] - x = x.substring(i1, x.length()): null

16-10-2024T07:05:02 - [TEST_STEP][PASSED] - println(x): null

16-10-2024T07:05:02 - [TEST_STEP][PASSED] - i1 = x.indexOf("/"): null

16-10-2024T07:05:02 - [TEST_STEP][PASSED] - if (i1 > -1): null

16-10-2024T07:05:02 - [TEST_STEP][PASSED] - x = x.substring(0, i1): null

16-10-2024T07:05:02 - [TEST_STEP][PASSED] - println(x): null

16-10-2024T07:05:02 - [TEST_STEP][PASSED] - return x: null

16-10-2024T07:05:02 - [TEST_STEP][PASSED] - tabB = GetOiSPlanB(x = b): null

16-10-2024T07:05:02 - [TEST_STEP][PASSED] - i1 = <not implemented yet for class: org.codehaus.groovy.ast.expr.EmptyExpression>: null

16-10-2024T07:05:02 - [TEST_STEP][PASSED] - ii = <not implemented yet for class: org.codehaus.groovy.ast.expr.EmptyExpression>: null

16-10-2024T07:05:02 - [TEST_STEP][PASSED] - for ([ii = 1, ii < 8, (ii++)]): null

16-10-2024T07:05:02 - [TEST_STEP][PASSED] - i1 = x.indexOf("/") + 1: null

16-10-2024T07:05:02 - [TEST_STEP][PASSED] - if (i1 > -1): null

16-10-2024T07:05:02 - [TEST_STEP][PASSED] - x = x.substring(i1, x.length()): null

16-10-2024T07:05:02 - [TEST_STEP][PASSED] - println(x): null

16-10-2024T07:05:02 - [TEST_STEP][PASSED] - i1 = x.indexOf("/") + 1: null

16-10-2024T07:05:02 - [TEST_STEP][PASSED] - if (i1 > -1): null

16-10-2024T07:05:02 - [TEST_STEP][PASSED] - x = x.substring(i1, x.length()): null

16-10-2024T07:05:02 - [TEST_STEP][PASSED] - println(x): null

16-10-2024T07:05:02 - [TEST_STEP][PASSED] - i1 = x.indexOf("/") + 1: null

16-10-2024T07:05:02 - [TEST_STEP][PASSED] - if (i1 > -1): null

16-10-2024T07:05:02 - [TEST_STEP][PASSED] - x = x.substring(i1, x.length()): null

16-10-2024T07:05:02 - [TEST_STEP][PASSED] - println(x): null

16-10-2024T07:05:02 - [TEST_STEP][PASSED] - i1 = x.indexOf("/") + 1: null

16-10-2024T07:05:02 - [TEST_STEP][PASSED] - if (i1 > -1): null

16-10-2024T07:05:02 - [TEST_STEP][PASSED] - x = x.substring(i1, x.length()): null

16-10-2024T07:05:02 - [TEST_STEP][PASSED] - println(x): null

16-10-2024T07:05:02 - [TEST_STEP][PASSED] - i1 = x.indexOf("/") + 1: null

16-10-2024T07:05:02 - [TEST_STEP][PASSED] - if (i1 > -1): null

16-10-2024T07:05:02 - [TEST_STEP][PASSED] - x = x.substring(i1, x.length()): null

16-10-2024T07:05:02 - [TEST_STEP][PASSED] - println(x): null

16-10-2024T07:05:02 - [TEST_STEP][PASSED] - i1 = x.indexOf("/") + 1: null

16-10-2024T07:05:02 - [TEST_STEP][PASSED] - if (i1 > -1): null

16-10-2024T07:05:02 - [TEST_STEP][PASSED] - x = x.substring(i1, x.length()): null

16-10-2024T07:05:02 - [TEST_STEP][PASSED] - println(x): null

16-10-2024T07:05:02 - [TEST_STEP][PASSED] - i1 = x.indexOf("/") + 1: null

16-10-2024T07:05:02 - [TEST_STEP][PASSED] - if (i1 > -1): null

16-10-2024T07:05:02 - [TEST_STEP][PASSED] - x = x.substring(i1, x.length()): null

16-10-2024T07:05:02 - [TEST_STEP][PASSED] - println(x): null

16-10-2024T07:05:02 - [TEST_STEP][PASSED] - i1 = x.indexOf("/"): null

16-10-2024T07:05:02 - [TEST_STEP][PASSED] - if (i1 > -1): null

16-10-2024T07:05:02 - [TEST_STEP][PASSED] - x = x.substring(0, i1): null

16-10-2024T07:05:02 - [TEST_STEP][PASSED] - println(x): null

16-10-2024T07:05:02 - [TEST_STEP][FAILED] - return x: null

16-10-2024T07:05:02 - [TEST_STEP][PASSED] - println(tabR + "/" + tabB): null

16-10-2024T07:05:02 - [TEST_STEP][FAILED] - if (verifyEqual(PercFactR, PercFactB) == false): null

16-10-2024T07:05:02 - [MESSAGE][FAILED] - Unable to verify equal between actual object 'нет данных' and expected object '8.53' (Root cause: com.kms.katalon.core.exception.StepFailedException: Actual object 'нет данных' and expected object '8.53' are not equal
	at com.kms.katalon.core.keyword.builtin.VerifyEqualKeyword$_verifyEqual_closure1.doCall(VerifyEqualKeyword.groovy:58)
	at com.kms.katalon.core.keyword.builtin.VerifyEqualKeyword$_verifyEqual_closure1.call(VerifyEqualKeyword.groovy)
	at com.kms.katalon.core.keyword.internal.KeywordMain.runKeyword(KeywordMain.groovy:75)
	at com.kms.katalon.core.keyword.builtin.VerifyEqualKeyword.verifyEqual(VerifyEqualKeyword.groovy:63)
	at com.kms.katalon.core.keyword.builtin.VerifyEqualKeyword.execute(VerifyEqualKeyword.groovy:44)
	at com.kms.katalon.core.keyword.internal.KeywordExecutor.executeKeywordForPlatform(KeywordExecutor.groovy:74)
	at com.kms.katalon.core.keyword.BuiltinKeywords.verifyEqual(BuiltinKeywords.groovy:146)
	at jdk.internal.reflect.GeneratedMethodAccessor25.invoke(Unknown Source)
	at java.base/jdk.internal.reflect.DelegatingMethodAccessorImpl.invoke(DelegatingMethodAccessorImpl.java:43)
	at Выполнение бизнес-плана сверка дашбордов.CompareDZOData(Выполнение бизнес-плана сверка дашбордов:758)
	at Выполнение бизнес-плана сверка дашбордов.run(Выполнение бизнес-плана сверка дашбордов:663)
	at com.kms.katalon.core.main.ScriptEngine.run(ScriptEngine.java:194)
	at com.kms.katalon.core.main.ScriptEngine.runScriptAsRawText(ScriptEngine.java:119)
	at com.kms.katalon.core.main.TestCaseExecutor.runScript(TestCaseExecutor.java:448)
	at com.kms.katalon.core.main.TestCaseExecutor.doExecute(TestCaseExecutor.java:439)
	at com.kms.katalon.core.main.TestCaseExecutor.processExecutionPhase(TestCaseExecutor.java:418)
	at com.kms.katalon.core.main.TestCaseExecutor.accessMainPhase(TestCaseExecutor.java:410)
	at com.kms.katalon.core.main.TestCaseExecutor.execute(TestCaseExecutor.java:285)
	at com.kms.katalon.core.common.CommonExecutor.accessTestCaseMainPhase(CommonExecutor.java:65)
	at com.kms.katalon.core.main.TestSuiteExecutor.accessTestSuiteMainPhase(TestSuiteExecutor.java:150)
	at com.kms.katalon.core.main.TestSuiteExecutor.execute(TestSuiteExecutor.java:106)
	at com.kms.katalon.core.main.TestCaseMain.startTestSuite(TestCaseMain.java:180)
	at TempTestSuite1729050801829.run(TempTestSuite1729050801829.groovy:35)
	at java.base/jdk.internal.reflect.NativeMethodAccessorImpl.invoke0(Native Method)
	at java.base/jdk.internal.reflect.NativeMethodAccessorImpl.invoke(NativeMethodAccessorImpl.java:77)
	at java.base/jdk.internal.reflect.DelegatingMethodAccessorImpl.invoke(DelegatingMethodAccessorImpl.java:43)
)

16-10-2024T07:05:02 - [TEST_STEP][PASSED] - result = WriteToExcel(typeOfData, todaysDate, PercPlanR, PercPlanB, PercFactR, PercFactB, x, tabR, tabB, o1R, o1B, vidget): null

16-10-2024T07:05:02 - [TEST_STEP][PASSED] - iii = dZO.indexOf("/"): null

16-10-2024T07:05:02 - [TEST_STEP][PASSED] - println(iii): null

16-10-2024T07:05:02 - [TEST_STEP][PASSED] - dZO = dZO.substring(0, iii): null

16-10-2024T07:05:02 - [TEST_STEP][PASSED] - println(dZO): null

16-10-2024T07:05:02 - [TEST_STEP][PASSED] - println(PercPlanR): null

16-10-2024T07:05:02 - [TEST_STEP][PASSED] - println(PercPlanB): null

16-10-2024T07:05:02 - [TEST_STEP][PASSED] - println(PercFactR): null

16-10-2024T07:05:02 - [TEST_STEP][PASSED] - println(PercFactB): null

16-10-2024T07:05:02 - [TEST_STEP][PASSED] - println(tabR): null

16-10-2024T07:05:02 - [TEST_STEP][PASSED] - println(tabB): null

16-10-2024T07:05:02 - [TEST_STEP][PASSED] - println(o1R): null

16-10-2024T07:05:02 - [TEST_STEP][PASSED] - println(o1B): null

16-10-2024T07:05:02 - [TEST_STEP][PASSED] - PR = <not implemented yet for class: org.codehaus.groovy.ast.expr.EmptyExpression>: null

16-10-2024T07:05:02 - [TEST_STEP][PASSED] - FR = <not implemented yet for class: org.codehaus.groovy.ast.expr.EmptyExpression>: null

16-10-2024T07:05:02 - [TEST_STEP][PASSED] - PB = <not implemented yet for class: org.codehaus.groovy.ast.expr.EmptyExpression>: null

16-10-2024T07:05:02 - [TEST_STEP][PASSED] - FB = <not implemented yet for class: org.codehaus.groovy.ast.expr.EmptyExpression>: null

16-10-2024T07:05:02 - [TEST_STEP][PASSED] - TR = <not implemented yet for class: org.codehaus.groovy.ast.expr.EmptyExpression>: null

16-10-2024T07:05:02 - [TEST_STEP][PASSED] - TB = <not implemented yet for class: org.codehaus.groovy.ast.expr.EmptyExpression>: null

16-10-2024T07:05:02 - [TEST_STEP][PASSED] - sheetName = "Sheet1": null

16-10-2024T07:05:02 - [TEST_STEP][PASSED] - data = findTestData("PlanFact"): null

16-10-2024T07:05:02 - [TEST_STEP][PASSED] - n = data.getRowNumbers() + 1: null

16-10-2024T07:05:02 - [TEST_STEP][PASSED] - year = todaysDate.substring(todaysDate.length() - 4, todaysDate.length()): null

16-10-2024T07:05:02 - [TEST_STEP][PASSED] - y = year.toInteger(): null

16-10-2024T07:05:02 - [TEST_STEP][PASSED] - m = getText(findTestObject("Выполнение бизнес-плана/Выполнение бизнес-плана Балансы/Фильтр Дата")): Text of object 'Object Repository/Выполнение бизнес-плана/Выполнение бизнес-плана Балансы/Фильтр Дата' is: '1, 2 кв., Июль, Август 2024 года'

16-10-2024T07:05:03 - [MESSAGE][PASSED] - Text of object 'Object Repository/Выполнение бизнес-плана/Выполнение бизнес-плана Балансы/Фильтр Дата' is: '1, 2 кв., Июль, Август 2024 года'

16-10-2024T07:05:03 - [TEST_STEP][PASSED] - m = m.substring(0, m.indexOf("2024")): null

16-10-2024T07:05:03 - [TEST_STEP][PASSED] - m = m.trim(): null

16-10-2024T07:05:03 - [TEST_STEP][PASSED] - dashboardName = "Выполнение бизнес-плана": null

16-10-2024T07:05:03 - [TEST_STEP][PASSED] - workbook01 = getWorkbook(excelFilePath): null

16-10-2024T07:05:03 - [TEST_STEP][PASSED] - sheet01 = getExcelSheet(workbook01, sheetName): null

16-10-2024T07:05:03 - [TEST_STEP][PASSED] - setValueToCellByIndex(sheet01, n, 0, dashboardName): null

16-10-2024T07:05:03 - [TEST_STEP][PASSED] - setValueToCellByIndex(sheet01, n, 1, dZO): null

16-10-2024T07:05:03 - [TEST_STEP][PASSED] - setValueToCellByIndex(sheet01, n, 2, typeOfData): null

16-10-2024T07:05:03 - [TEST_STEP][PASSED] - setValueToCellByIndex(sheet01, n, 3, typeOfData): null

16-10-2024T07:05:03 - [TEST_STEP][PASSED] - if (typeOfData == "План"): null

16-10-2024T07:05:03 - [TEST_STEP][PASSED] - else if (typeOfData == "Факт"): null

16-10-2024T07:05:03 - [TEST_STEP][PASSED] - else if (vidget.contains("электроэнергии") == true): null

16-10-2024T07:05:03 - [TEST_STEP][PASSED] - if (tabR == null): null

16-10-2024T07:05:03 - [TEST_STEP][PASSED] - else: null

16-10-2024T07:05:03 - [TEST_STEP][PASSED] - if (tabR == "нет данных"): null

16-10-2024T07:05:03 - [TEST_STEP][PASSED] - setValueToCellByIndex(sheet01, n, 4, "нет данных"): null

16-10-2024T07:05:03 - [TEST_STEP][PASSED] - if (tabB == null): null

16-10-2024T07:05:03 - [TEST_STEP][PASSED] - else: null

16-10-2024T07:05:03 - [TEST_STEP][PASSED] - if (tabB == "нет данных"): null

16-10-2024T07:05:03 - [TEST_STEP][PASSED] - else: null

16-10-2024T07:05:03 - [TEST_STEP][PASSED] - TB = tabB.toInteger(): null

16-10-2024T07:05:03 - [TEST_STEP][PASSED] - setValueToCellByIndex(sheet01, n, 5, TB): null

16-10-2024T07:05:03 - [TEST_STEP][PASSED] - setValueToCellByIndex(sheet01, n, 6, m): null

16-10-2024T07:05:03 - [TEST_STEP][PASSED] - setValueToCellByIndex(sheet01, n, 7, y): null

16-10-2024T07:05:03 - [TEST_STEP][PASSED] - setValueToCellByIndex(sheet01, n, 8, todaysDate): null

16-10-2024T07:05:03 - [TEST_STEP][PASSED] - n = n + 1: null

16-10-2024T07:05:03 - [TEST_STEP][PASSED] - saveWorkbook(excelFilePath, workbook01): null

16-10-2024T07:05:03 - [TEST_STEP][PASSED] - typeOfData = "План Потери": null

16-10-2024T07:05:03 - [TEST_STEP][PASSED] - tabR = GetPPlanR(x = a): null

16-10-2024T07:05:03 - [TEST_STEP][PASSED] - i1 = <not implemented yet for class: org.codehaus.groovy.ast.expr.EmptyExpression>: null

16-10-2024T07:05:03 - [TEST_STEP][PASSED] - ii = <not implemented yet for class: org.codehaus.groovy.ast.expr.EmptyExpression>: null

16-10-2024T07:05:03 - [TEST_STEP][PASSED] - for ([ii = 1, ii < 9, (ii++)]): null

16-10-2024T07:05:03 - [TEST_STEP][PASSED] - i1 = x.indexOf("/") + 1: null

16-10-2024T07:05:03 - [TEST_STEP][PASSED] - if (i1 > -1): null

16-10-2024T07:05:03 - [TEST_STEP][PASSED] - x = x.substring(i1, x.length()): null

16-10-2024T07:05:03 - [TEST_STEP][PASSED] - println(x): null

16-10-2024T07:05:03 - [TEST_STEP][PASSED] - i1 = x.indexOf("/") + 1: null

16-10-2024T07:05:03 - [TEST_STEP][PASSED] - if (i1 > -1): null

16-10-2024T07:05:03 - [TEST_STEP][PASSED] - x = x.substring(i1, x.length()): null

16-10-2024T07:05:03 - [TEST_STEP][PASSED] - println(x): null

16-10-2024T07:05:03 - [TEST_STEP][PASSED] - i1 = x.indexOf("/") + 1: null

16-10-2024T07:05:03 - [TEST_STEP][PASSED] - if (i1 > -1): null

16-10-2024T07:05:03 - [TEST_STEP][PASSED] - x = x.substring(i1, x.length()): null

16-10-2024T07:05:03 - [TEST_STEP][PASSED] - println(x): null

16-10-2024T07:05:03 - [TEST_STEP][PASSED] - i1 = x.indexOf("/") + 1: null

16-10-2024T07:05:03 - [TEST_STEP][PASSED] - if (i1 > -1): null

16-10-2024T07:05:03 - [TEST_STEP][PASSED] - x = x.substring(i1, x.length()): null

16-10-2024T07:05:03 - [TEST_STEP][PASSED] - println(x): null

16-10-2024T07:05:03 - [TEST_STEP][PASSED] - i1 = x.indexOf("/") + 1: null

16-10-2024T07:05:03 - [TEST_STEP][PASSED] - if (i1 > -1): null

16-10-2024T07:05:03 - [TEST_STEP][PASSED] - x = x.substring(i1, x.length()): null

16-10-2024T07:05:03 - [TEST_STEP][PASSED] - println(x): null

16-10-2024T07:05:03 - [TEST_STEP][PASSED] - i1 = x.indexOf("/") + 1: null

16-10-2024T07:05:03 - [TEST_STEP][PASSED] - if (i1 > -1): null

16-10-2024T07:05:03 - [TEST_STEP][PASSED] - x = x.substring(i1, x.length()): null

16-10-2024T07:05:03 - [TEST_STEP][PASSED] - println(x): null

16-10-2024T07:05:03 - [TEST_STEP][PASSED] - i1 = x.indexOf("/") + 1: null

16-10-2024T07:05:03 - [TEST_STEP][PASSED] - if (i1 > -1): null

16-10-2024T07:05:03 - [TEST_STEP][PASSED] - x = x.substring(i1, x.length()): null

16-10-2024T07:05:03 - [TEST_STEP][PASSED] - println(x): null

16-10-2024T07:05:03 - [TEST_STEP][PASSED] - i1 = x.indexOf("/") + 1: null

16-10-2024T07:05:03 - [TEST_STEP][PASSED] - if (i1 > -1): null

16-10-2024T07:05:03 - [TEST_STEP][PASSED] - x = x.substring(i1, x.length()): null

16-10-2024T07:05:03 - [TEST_STEP][PASSED] - println(x): null

16-10-2024T07:05:03 - [TEST_STEP][PASSED] - i1 = x.indexOf("/"): null

16-10-2024T07:05:03 - [TEST_STEP][PASSED] - if (i1 > -1): null

16-10-2024T07:05:03 - [TEST_STEP][PASSED] - x = x.substring(0, i1): null

16-10-2024T07:05:03 - [TEST_STEP][PASSED] - println(x): null

16-10-2024T07:05:03 - [TEST_STEP][PASSED] - return x: null

16-10-2024T07:05:03 - [TEST_STEP][PASSED] - tabB = GetPPlanB(x = b): null

16-10-2024T07:05:03 - [TEST_STEP][PASSED] - i1 = <not implemented yet for class: org.codehaus.groovy.ast.expr.EmptyExpression>: null

16-10-2024T07:05:03 - [TEST_STEP][PASSED] - ii = <not implemented yet for class: org.codehaus.groovy.ast.expr.EmptyExpression>: null

16-10-2024T07:05:03 - [TEST_STEP][PASSED] - for ([ii = 1, ii < 9, (ii++)]): null

16-10-2024T07:05:03 - [TEST_STEP][PASSED] - i1 = x.indexOf("/") + 1: null

16-10-2024T07:05:03 - [TEST_STEP][PASSED] - if (i1 > -1): null

16-10-2024T07:05:03 - [TEST_STEP][PASSED] - x = x.substring(i1, x.length()): null

16-10-2024T07:05:03 - [TEST_STEP][PASSED] - println(x): null

16-10-2024T07:05:03 - [TEST_STEP][PASSED] - i1 = x.indexOf("/") + 1: null

16-10-2024T07:05:03 - [TEST_STEP][PASSED] - if (i1 > -1): null

16-10-2024T07:05:03 - [TEST_STEP][PASSED] - x = x.substring(i1, x.length()): null

16-10-2024T07:05:03 - [TEST_STEP][PASSED] - println(x): null

16-10-2024T07:05:03 - [TEST_STEP][PASSED] - i1 = x.indexOf("/") + 1: null

16-10-2024T07:05:03 - [TEST_STEP][PASSED] - if (i1 > -1): null

16-10-2024T07:05:03 - [TEST_STEP][PASSED] - x = x.substring(i1, x.length()): null

16-10-2024T07:05:03 - [TEST_STEP][PASSED] - println(x): null

16-10-2024T07:05:03 - [TEST_STEP][PASSED] - i1 = x.indexOf("/") + 1: null

16-10-2024T07:05:03 - [TEST_STEP][PASSED] - if (i1 > -1): null

16-10-2024T07:05:03 - [TEST_STEP][PASSED] - x = x.substring(i1, x.length()): null

16-10-2024T07:05:03 - [TEST_STEP][PASSED] - println(x): null

16-10-2024T07:05:03 - [TEST_STEP][PASSED] - i1 = x.indexOf("/") + 1: null

16-10-2024T07:05:03 - [TEST_STEP][PASSED] - if (i1 > -1): null

16-10-2024T07:05:03 - [TEST_STEP][PASSED] - x = x.substring(i1, x.length()): null

16-10-2024T07:05:03 - [TEST_STEP][PASSED] - println(x): null

16-10-2024T07:05:03 - [TEST_STEP][PASSED] - i1 = x.indexOf("/") + 1: null

16-10-2024T07:05:03 - [TEST_STEP][PASSED] - if (i1 > -1): null

16-10-2024T07:05:03 - [TEST_STEP][PASSED] - x = x.substring(i1, x.length()): null

16-10-2024T07:05:03 - [TEST_STEP][PASSED] - println(x): null

16-10-2024T07:05:03 - [TEST_STEP][PASSED] - i1 = x.indexOf("/") + 1: null

16-10-2024T07:05:03 - [TEST_STEP][PASSED] - if (i1 > -1): null

16-10-2024T07:05:03 - [TEST_STEP][PASSED] - x = x.substring(i1, x.length()): null

16-10-2024T07:05:03 - [TEST_STEP][PASSED] - println(x): null

16-10-2024T07:05:03 - [TEST_STEP][PASSED] - i1 = x.indexOf("/") + 1: null

16-10-2024T07:05:03 - [TEST_STEP][PASSED] - if (i1 > -1): null

16-10-2024T07:05:03 - [TEST_STEP][PASSED] - x = x.substring(i1, x.length()): null

16-10-2024T07:05:03 - [TEST_STEP][PASSED] - println(x): null

16-10-2024T07:05:03 - [TEST_STEP][PASSED] - i1 = x.indexOf("/"): null

16-10-2024T07:05:03 - [TEST_STEP][PASSED] - if (i1 > -1): null

16-10-2024T07:05:03 - [TEST_STEP][PASSED] - x = x.substring(0, i1): null

16-10-2024T07:05:03 - [TEST_STEP][PASSED] - println(x): null

16-10-2024T07:05:03 - [TEST_STEP][FAILED] - return x: null

16-10-2024T07:05:03 - [TEST_STEP][PASSED] - println(tabR + "/" + tabB): null

16-10-2024T07:05:03 - [TEST_STEP][FAILED] - if (verifyEqual(PercFactR, PercFactB) == false): null

16-10-2024T07:05:03 - [MESSAGE][FAILED] - Unable to verify equal between actual object 'нет данных' and expected object '8.53' (Root cause: com.kms.katalon.core.exception.StepFailedException: Actual object 'нет данных' and expected object '8.53' are not equal
	at com.kms.katalon.core.keyword.builtin.VerifyEqualKeyword$_verifyEqual_closure1.doCall(VerifyEqualKeyword.groovy:58)
	at com.kms.katalon.core.keyword.builtin.VerifyEqualKeyword$_verifyEqual_closure1.call(VerifyEqualKeyword.groovy)
	at com.kms.katalon.core.keyword.internal.KeywordMain.runKeyword(KeywordMain.groovy:75)
	at com.kms.katalon.core.keyword.builtin.VerifyEqualKeyword.verifyEqual(VerifyEqualKeyword.groovy:63)
	at com.kms.katalon.core.keyword.builtin.VerifyEqualKeyword.execute(VerifyEqualKeyword.groovy:44)
	at com.kms.katalon.core.keyword.internal.KeywordExecutor.executeKeywordForPlatform(KeywordExecutor.groovy:74)
	at com.kms.katalon.core.keyword.BuiltinKeywords.verifyEqual(BuiltinKeywords.groovy:146)
	at jdk.internal.reflect.GeneratedMethodAccessor25.invoke(Unknown Source)
	at java.base/jdk.internal.reflect.DelegatingMethodAccessorImpl.invoke(DelegatingMethodAccessorImpl.java:43)
	at Выполнение бизнес-плана сверка дашбордов.CompareDZOData(Выполнение бизнес-плана сверка дашбордов:771)
	at Выполнение бизнес-плана сверка дашбордов.run(Выполнение бизнес-плана сверка дашбордов:663)
	at com.kms.katalon.core.main.ScriptEngine.run(ScriptEngine.java:194)
	at com.kms.katalon.core.main.ScriptEngine.runScriptAsRawText(ScriptEngine.java:119)
	at com.kms.katalon.core.main.TestCaseExecutor.runScript(TestCaseExecutor.java:448)
	at com.kms.katalon.core.main.TestCaseExecutor.doExecute(TestCaseExecutor.java:439)
	at com.kms.katalon.core.main.TestCaseExecutor.processExecutionPhase(TestCaseExecutor.java:418)
	at com.kms.katalon.core.main.TestCaseExecutor.accessMainPhase(TestCaseExecutor.java:410)
	at com.kms.katalon.core.main.TestCaseExecutor.execute(TestCaseExecutor.java:285)
	at com.kms.katalon.core.common.CommonExecutor.accessTestCaseMainPhase(CommonExecutor.java:65)
	at com.kms.katalon.core.main.TestSuiteExecutor.accessTestSuiteMainPhase(TestSuiteExecutor.java:150)
	at com.kms.katalon.core.main.TestSuiteExecutor.execute(TestSuiteExecutor.java:106)
	at com.kms.katalon.core.main.TestCaseMain.startTestSuite(TestCaseMain.java:180)
	at TempTestSuite1729050801829.run(TempTestSuite1729050801829.groovy:35)
	at java.base/jdk.internal.reflect.NativeMethodAccessorImpl.invoke0(Native Method)
	at java.base/jdk.internal.reflect.NativeMethodAccessorImpl.invoke(NativeMethodAccessorImpl.java:77)
	at java.base/jdk.internal.reflect.DelegatingMethodAccessorImpl.invoke(DelegatingMethodAccessorImpl.java:43)
)

16-10-2024T07:05:03 - [TEST_STEP][PASSED] - result = WriteToExcel(typeOfData, todaysDate, PercPlanR, PercPlanB, PercFactR, PercFactB, x, tabR, tabB, o1R, o1B, vidget): null

16-10-2024T07:05:03 - [TEST_STEP][PASSED] - iii = dZO.indexOf("/"): null

16-10-2024T07:05:03 - [TEST_STEP][PASSED] - println(iii): null

16-10-2024T07:05:03 - [TEST_STEP][PASSED] - dZO = dZO.substring(0, iii): null

16-10-2024T07:05:03 - [TEST_STEP][PASSED] - println(dZO): null

16-10-2024T07:05:03 - [TEST_STEP][PASSED] - println(PercPlanR): null

16-10-2024T07:05:03 - [TEST_STEP][PASSED] - println(PercPlanB): null

16-10-2024T07:05:03 - [TEST_STEP][PASSED] - println(PercFactR): null

16-10-2024T07:05:03 - [TEST_STEP][PASSED] - println(PercFactB): null

16-10-2024T07:05:03 - [TEST_STEP][PASSED] - println(tabR): null

16-10-2024T07:05:03 - [TEST_STEP][PASSED] - println(tabB): null

16-10-2024T07:05:03 - [TEST_STEP][PASSED] - println(o1R): null

16-10-2024T07:05:03 - [TEST_STEP][PASSED] - println(o1B): null

16-10-2024T07:05:03 - [TEST_STEP][PASSED] - PR = <not implemented yet for class: org.codehaus.groovy.ast.expr.EmptyExpression>: null

16-10-2024T07:05:03 - [TEST_STEP][PASSED] - FR = <not implemented yet for class: org.codehaus.groovy.ast.expr.EmptyExpression>: null

16-10-2024T07:05:03 - [TEST_STEP][PASSED] - PB = <not implemented yet for class: org.codehaus.groovy.ast.expr.EmptyExpression>: null

16-10-2024T07:05:03 - [TEST_STEP][PASSED] - FB = <not implemented yet for class: org.codehaus.groovy.ast.expr.EmptyExpression>: null

16-10-2024T07:05:03 - [TEST_STEP][PASSED] - TR = <not implemented yet for class: org.codehaus.groovy.ast.expr.EmptyExpression>: null

16-10-2024T07:05:03 - [TEST_STEP][PASSED] - TB = <not implemented yet for class: org.codehaus.groovy.ast.expr.EmptyExpression>: null

16-10-2024T07:05:03 - [TEST_STEP][PASSED] - sheetName = "Sheet1": null

16-10-2024T07:05:03 - [TEST_STEP][PASSED] - data = findTestData("PlanFact"): null

16-10-2024T07:05:03 - [TEST_STEP][PASSED] - n = data.getRowNumbers() + 1: null

16-10-2024T07:05:03 - [TEST_STEP][PASSED] - year = todaysDate.substring(todaysDate.length() - 4, todaysDate.length()): null

16-10-2024T07:05:03 - [TEST_STEP][PASSED] - y = year.toInteger(): null

16-10-2024T07:05:03 - [TEST_STEP][PASSED] - m = getText(findTestObject("Выполнение бизнес-плана/Выполнение бизнес-плана Балансы/Фильтр Дата")): Text of object 'Object Repository/Выполнение бизнес-плана/Выполнение бизнес-плана Балансы/Фильтр Дата' is: '1, 2 кв., Июль, Август 2024 года'

16-10-2024T07:05:03 - [MESSAGE][PASSED] - Text of object 'Object Repository/Выполнение бизнес-плана/Выполнение бизнес-плана Балансы/Фильтр Дата' is: '1, 2 кв., Июль, Август 2024 года'

16-10-2024T07:05:03 - [TEST_STEP][PASSED] - m = m.substring(0, m.indexOf("2024")): null

16-10-2024T07:05:03 - [TEST_STEP][PASSED] - m = m.trim(): null

16-10-2024T07:05:03 - [TEST_STEP][PASSED] - dashboardName = "Выполнение бизнес-плана": null

16-10-2024T07:05:03 - [TEST_STEP][PASSED] - workbook01 = getWorkbook(excelFilePath): null

16-10-2024T07:05:03 - [TEST_STEP][PASSED] - sheet01 = getExcelSheet(workbook01, sheetName): null

16-10-2024T07:05:03 - [TEST_STEP][PASSED] - setValueToCellByIndex(sheet01, n, 0, dashboardName): null

16-10-2024T07:05:03 - [TEST_STEP][PASSED] - setValueToCellByIndex(sheet01, n, 1, dZO): null

16-10-2024T07:05:03 - [TEST_STEP][PASSED] - setValueToCellByIndex(sheet01, n, 2, typeOfData): null

16-10-2024T07:05:03 - [TEST_STEP][PASSED] - setValueToCellByIndex(sheet01, n, 3, typeOfData): null

16-10-2024T07:05:03 - [TEST_STEP][PASSED] - if (typeOfData == "План"): null

16-10-2024T07:05:03 - [TEST_STEP][PASSED] - else if (typeOfData == "Факт"): null

16-10-2024T07:05:03 - [TEST_STEP][PASSED] - else if (vidget.contains("электроэнергии") == true): null

16-10-2024T07:05:03 - [TEST_STEP][PASSED] - if (tabR == null): null

16-10-2024T07:05:03 - [TEST_STEP][PASSED] - else: null

16-10-2024T07:05:03 - [TEST_STEP][PASSED] - if (tabR == "нет данных"): null

16-10-2024T07:05:03 - [TEST_STEP][PASSED] - setValueToCellByIndex(sheet01, n, 4, "нет данных"): null

16-10-2024T07:05:03 - [TEST_STEP][PASSED] - if (tabB == null): null

16-10-2024T07:05:03 - [TEST_STEP][PASSED] - else: null

16-10-2024T07:05:03 - [TEST_STEP][PASSED] - if (tabB == "нет данных"): null

16-10-2024T07:05:03 - [TEST_STEP][PASSED] - else: null

16-10-2024T07:05:03 - [TEST_STEP][PASSED] - TB = tabB.toInteger(): null

16-10-2024T07:05:03 - [TEST_STEP][PASSED] - setValueToCellByIndex(sheet01, n, 5, TB): null

16-10-2024T07:05:03 - [TEST_STEP][PASSED] - setValueToCellByIndex(sheet01, n, 6, m): null

16-10-2024T07:05:03 - [TEST_STEP][PASSED] - setValueToCellByIndex(sheet01, n, 7, y): null

16-10-2024T07:05:03 - [TEST_STEP][PASSED] - setValueToCellByIndex(sheet01, n, 8, todaysDate): null

16-10-2024T07:05:03 - [TEST_STEP][PASSED] - n = n + 1: null

16-10-2024T07:05:03 - [TEST_STEP][PASSED] - saveWorkbook(excelFilePath, workbook01): null

16-10-2024T07:05:04 - [TEST_STEP][PASSED] - ii2 = a.indexOf("ПАО"): null

16-10-2024T07:05:04 - [TEST_STEP][PASSED] - if (ii2 == -1): null

16-10-2024T07:05:04 - [TEST_STEP][PASSED] - vidget = "Отклонения фактического уровня потерь от бизнес-плана": null

16-10-2024T07:05:04 - [TEST_STEP][PASSED] - typeOfData = "Коэффициент": null

16-10-2024T07:05:04 - [TEST_STEP][PASSED] - o1R = Geto1R(x = a): null

16-10-2024T07:05:04 - [TEST_STEP][PASSED] - i1 = <not implemented yet for class: org.codehaus.groovy.ast.expr.EmptyExpression>: null

16-10-2024T07:05:04 - [TEST_STEP][PASSED] - ii = <not implemented yet for class: org.codehaus.groovy.ast.expr.EmptyExpression>: null

16-10-2024T07:05:04 - [TEST_STEP][PASSED] - for ([ii = 1, ii < 10, (ii++)]): null

16-10-2024T07:05:04 - [TEST_STEP][PASSED] - i1 = x.indexOf("/") + 1: null

16-10-2024T07:05:04 - [TEST_STEP][PASSED] - if (i1 > -1): null

16-10-2024T07:05:04 - [TEST_STEP][PASSED] - x = x.substring(i1, x.length()): null

16-10-2024T07:05:04 - [TEST_STEP][PASSED] - i1 = x.indexOf("/") + 1: null

16-10-2024T07:05:04 - [TEST_STEP][PASSED] - if (i1 > -1): null

16-10-2024T07:05:04 - [TEST_STEP][PASSED] - x = x.substring(i1, x.length()): null

16-10-2024T07:05:04 - [TEST_STEP][PASSED] - i1 = x.indexOf("/") + 1: null

16-10-2024T07:05:04 - [TEST_STEP][PASSED] - if (i1 > -1): null

16-10-2024T07:05:04 - [TEST_STEP][PASSED] - x = x.substring(i1, x.length()): null

16-10-2024T07:05:04 - [TEST_STEP][PASSED] - i1 = x.indexOf("/") + 1: null

16-10-2024T07:05:04 - [TEST_STEP][PASSED] - if (i1 > -1): null

16-10-2024T07:05:04 - [TEST_STEP][PASSED] - x = x.substring(i1, x.length()): null

16-10-2024T07:05:04 - [TEST_STEP][PASSED] - i1 = x.indexOf("/") + 1: null

16-10-2024T07:05:04 - [TEST_STEP][PASSED] - if (i1 > -1): null

16-10-2024T07:05:04 - [TEST_STEP][PASSED] - x = x.substring(i1, x.length()): null

16-10-2024T07:05:04 - [TEST_STEP][PASSED] - i1 = x.indexOf("/") + 1: null

16-10-2024T07:05:04 - [TEST_STEP][PASSED] - if (i1 > -1): null

16-10-2024T07:05:04 - [TEST_STEP][PASSED] - x = x.substring(i1, x.length()): null

16-10-2024T07:05:04 - [TEST_STEP][PASSED] - i1 = x.indexOf("/") + 1: null

16-10-2024T07:05:04 - [TEST_STEP][PASSED] - if (i1 > -1): null

16-10-2024T07:05:04 - [TEST_STEP][PASSED] - x = x.substring(i1, x.length()): null

16-10-2024T07:05:04 - [TEST_STEP][PASSED] - i1 = x.indexOf("/") + 1: null

16-10-2024T07:05:04 - [TEST_STEP][PASSED] - if (i1 > -1): null

16-10-2024T07:05:04 - [TEST_STEP][PASSED] - x = x.substring(i1, x.length()): null

16-10-2024T07:05:04 - [TEST_STEP][PASSED] - i1 = x.indexOf("/") + 1: null

16-10-2024T07:05:04 - [TEST_STEP][PASSED] - if (i1 > -1): null

16-10-2024T07:05:04 - [TEST_STEP][PASSED] - x = x.substring(i1, x.length()): null

16-10-2024T07:05:04 - [TEST_STEP][PASSED] - i1 = x.indexOf("/"): null

16-10-2024T07:05:04 - [TEST_STEP][PASSED] - if (i1 > -1): null

16-10-2024T07:05:04 - [TEST_STEP][PASSED] - println(x): null

16-10-2024T07:05:04 - [TEST_STEP][PASSED] - return x: null

16-10-2024T07:05:04 - [TEST_STEP][PASSED] - o1B = Geto1B(x = b): null

16-10-2024T07:05:04 - [TEST_STEP][PASSED] - i1 = <not implemented yet for class: org.codehaus.groovy.ast.expr.EmptyExpression>: null

16-10-2024T07:05:04 - [TEST_STEP][PASSED] - ii = <not implemented yet for class: org.codehaus.groovy.ast.expr.EmptyExpression>: null

16-10-2024T07:05:04 - [TEST_STEP][PASSED] - for ([ii = 1, ii < 10, (ii++)]): null

16-10-2024T07:05:04 - [TEST_STEP][PASSED] - i1 = x.indexOf("/") + 1: null

16-10-2024T07:05:04 - [TEST_STEP][PASSED] - if (i1 > -1): null

16-10-2024T07:05:04 - [TEST_STEP][PASSED] - x = x.substring(i1, x.length()): null

16-10-2024T07:05:04 - [TEST_STEP][PASSED] - i1 = x.indexOf("/") + 1: null

16-10-2024T07:05:04 - [TEST_STEP][PASSED] - if (i1 > -1): null

16-10-2024T07:05:04 - [TEST_STEP][PASSED] - x = x.substring(i1, x.length()): null

16-10-2024T07:05:04 - [TEST_STEP][PASSED] - i1 = x.indexOf("/") + 1: null

16-10-2024T07:05:04 - [TEST_STEP][PASSED] - if (i1 > -1): null

16-10-2024T07:05:04 - [TEST_STEP][PASSED] - x = x.substring(i1, x.length()): null

16-10-2024T07:05:04 - [TEST_STEP][PASSED] - i1 = x.indexOf("/") + 1: null

16-10-2024T07:05:04 - [TEST_STEP][PASSED] - if (i1 > -1): null

16-10-2024T07:05:04 - [TEST_STEP][PASSED] - x = x.substring(i1, x.length()): null

16-10-2024T07:05:04 - [TEST_STEP][PASSED] - i1 = x.indexOf("/") + 1: null

16-10-2024T07:05:04 - [TEST_STEP][PASSED] - if (i1 > -1): null

16-10-2024T07:05:04 - [TEST_STEP][PASSED] - x = x.substring(i1, x.length()): null

16-10-2024T07:05:04 - [TEST_STEP][PASSED] - i1 = x.indexOf("/") + 1: null

16-10-2024T07:05:04 - [TEST_STEP][PASSED] - if (i1 > -1): null

16-10-2024T07:05:04 - [TEST_STEP][PASSED] - x = x.substring(i1, x.length()): null

16-10-2024T07:05:04 - [TEST_STEP][PASSED] - i1 = x.indexOf("/") + 1: null

16-10-2024T07:05:04 - [TEST_STEP][PASSED] - if (i1 > -1): null

16-10-2024T07:05:04 - [TEST_STEP][PASSED] - x = x.substring(i1, x.length()): null

16-10-2024T07:05:04 - [TEST_STEP][PASSED] - i1 = x.indexOf("/") + 1: null

16-10-2024T07:05:04 - [TEST_STEP][PASSED] - if (i1 > -1): null

16-10-2024T07:05:04 - [TEST_STEP][PASSED] - x = x.substring(i1, x.length()): null

16-10-2024T07:05:04 - [TEST_STEP][PASSED] - i1 = x.indexOf("/") + 1: null

16-10-2024T07:05:04 - [TEST_STEP][PASSED] - if (i1 > -1): null

16-10-2024T07:05:04 - [TEST_STEP][PASSED] - x = x.substring(i1, x.length()): null

16-10-2024T07:05:04 - [TEST_STEP][PASSED] - i1 = x.indexOf("/"): null

16-10-2024T07:05:04 - [TEST_STEP][PASSED] - if (i1 > -1): null

16-10-2024T07:05:04 - [TEST_STEP][PASSED] - println(x): null

16-10-2024T07:05:04 - [TEST_STEP][FAILED] - return x: null

16-10-2024T07:05:04 - [TEST_STEP][PASSED] - println(o1R + "/" + o1B): null

16-10-2024T07:05:04 - [TEST_STEP][FAILED] - if (verifyEqual(PercFactR, PercFactB) == false): null

16-10-2024T07:05:04 - [MESSAGE][FAILED] - Unable to verify equal between actual object 'нет данных' and expected object '8.53' (Root cause: com.kms.katalon.core.exception.StepFailedException: Actual object 'нет данных' and expected object '8.53' are not equal
	at com.kms.katalon.core.keyword.builtin.VerifyEqualKeyword$_verifyEqual_closure1.doCall(VerifyEqualKeyword.groovy:58)
	at com.kms.katalon.core.keyword.builtin.VerifyEqualKeyword$_verifyEqual_closure1.call(VerifyEqualKeyword.groovy)
	at com.kms.katalon.core.keyword.internal.KeywordMain.runKeyword(KeywordMain.groovy:75)
	at com.kms.katalon.core.keyword.builtin.VerifyEqualKeyword.verifyEqual(VerifyEqualKeyword.groovy:63)
	at com.kms.katalon.core.keyword.builtin.VerifyEqualKeyword.execute(VerifyEqualKeyword.groovy:44)
	at com.kms.katalon.core.keyword.internal.KeywordExecutor.executeKeywordForPlatform(KeywordExecutor.groovy:74)
	at com.kms.katalon.core.keyword.BuiltinKeywords.verifyEqual(BuiltinKeywords.groovy:146)
	at jdk.internal.reflect.GeneratedMethodAccessor25.invoke(Unknown Source)
	at java.base/jdk.internal.reflect.DelegatingMethodAccessorImpl.invoke(DelegatingMethodAccessorImpl.java:43)
	at Выполнение бизнес-плана сверка дашбордов.CompareDZOData(Выполнение бизнес-плана сверка дашбордов:789)
	at Выполнение бизнес-плана сверка дашбордов.run(Выполнение бизнес-плана сверка дашбордов:663)
	at com.kms.katalon.core.main.ScriptEngine.run(ScriptEngine.java:194)
	at com.kms.katalon.core.main.ScriptEngine.runScriptAsRawText(ScriptEngine.java:119)
	at com.kms.katalon.core.main.TestCaseExecutor.runScript(TestCaseExecutor.java:448)
	at com.kms.katalon.core.main.TestCaseExecutor.doExecute(TestCaseExecutor.java:439)
	at com.kms.katalon.core.main.TestCaseExecutor.processExecutionPhase(TestCaseExecutor.java:418)
	at com.kms.katalon.core.main.TestCaseExecutor.accessMainPhase(TestCaseExecutor.java:410)
	at com.kms.katalon.core.main.TestCaseExecutor.execute(TestCaseExecutor.java:285)
	at com.kms.katalon.core.common.CommonExecutor.accessTestCaseMainPhase(CommonExecutor.java:65)
	at com.kms.katalon.core.main.TestSuiteExecutor.accessTestSuiteMainPhase(TestSuiteExecutor.java:150)
	at com.kms.katalon.core.main.TestSuiteExecutor.execute(TestSuiteExecutor.java:106)
	at com.kms.katalon.core.main.TestCaseMain.startTestSuite(TestCaseMain.java:180)
	at TempTestSuite1729050801829.run(TempTestSuite1729050801829.groovy:35)
	at java.base/jdk.internal.reflect.NativeMethodAccessorImpl.invoke0(Native Method)
	at java.base/jdk.internal.reflect.NativeMethodAccessorImpl.invoke(NativeMethodAccessorImpl.java:77)
	at java.base/jdk.internal.reflect.DelegatingMethodAccessorImpl.invoke(DelegatingMethodAccessorImpl.java:43)
)

16-10-2024T07:05:04 - [TEST_STEP][PASSED] - result = WriteToExcel(typeOfData, todaysDate, PercPlanR, PercPlanB, PercFactR, PercFactB, x, tabR, tabB, o1R, o1B, vidget): null

16-10-2024T07:05:04 - [TEST_STEP][PASSED] - iii = dZO.indexOf("/"): null

16-10-2024T07:05:04 - [TEST_STEP][PASSED] - println(iii): null

16-10-2024T07:05:04 - [TEST_STEP][PASSED] - dZO = dZO.substring(0, iii): null

16-10-2024T07:05:04 - [TEST_STEP][PASSED] - println(dZO): null

16-10-2024T07:05:04 - [TEST_STEP][PASSED] - println(PercPlanR): null

16-10-2024T07:05:04 - [TEST_STEP][PASSED] - println(PercPlanB): null

16-10-2024T07:05:04 - [TEST_STEP][PASSED] - println(PercFactR): null

16-10-2024T07:05:04 - [TEST_STEP][PASSED] - println(PercFactB): null

16-10-2024T07:05:04 - [TEST_STEP][PASSED] - println(tabR): null

16-10-2024T07:05:04 - [TEST_STEP][PASSED] - println(tabB): null

16-10-2024T07:05:04 - [TEST_STEP][PASSED] - println(o1R): null

16-10-2024T07:05:04 - [TEST_STEP][PASSED] - println(o1B): null

16-10-2024T07:05:04 - [TEST_STEP][PASSED] - PR = <not implemented yet for class: org.codehaus.groovy.ast.expr.EmptyExpression>: null

16-10-2024T07:05:04 - [TEST_STEP][PASSED] - FR = <not implemented yet for class: org.codehaus.groovy.ast.expr.EmptyExpression>: null

16-10-2024T07:05:04 - [TEST_STEP][PASSED] - PB = <not implemented yet for class: org.codehaus.groovy.ast.expr.EmptyExpression>: null

16-10-2024T07:05:04 - [TEST_STEP][PASSED] - FB = <not implemented yet for class: org.codehaus.groovy.ast.expr.EmptyExpression>: null

16-10-2024T07:05:04 - [TEST_STEP][PASSED] - TR = <not implemented yet for class: org.codehaus.groovy.ast.expr.EmptyExpression>: null

16-10-2024T07:05:04 - [TEST_STEP][PASSED] - TB = <not implemented yet for class: org.codehaus.groovy.ast.expr.EmptyExpression>: null

16-10-2024T07:05:04 - [TEST_STEP][PASSED] - sheetName = "Sheet1": null

16-10-2024T07:05:04 - [TEST_STEP][PASSED] - data = findTestData("PlanFact"): null

16-10-2024T07:05:04 - [TEST_STEP][PASSED] - n = data.getRowNumbers() + 1: null

16-10-2024T07:05:04 - [TEST_STEP][PASSED] - year = todaysDate.substring(todaysDate.length() - 4, todaysDate.length()): null

16-10-2024T07:05:04 - [TEST_STEP][PASSED] - y = year.toInteger(): null

16-10-2024T07:05:04 - [TEST_STEP][PASSED] - m = getText(findTestObject("Выполнение бизнес-плана/Выполнение бизнес-плана Балансы/Фильтр Дата")): Text of object 'Object Repository/Выполнение бизнес-плана/Выполнение бизнес-плана Балансы/Фильтр Дата' is: '1, 2 кв., Июль, Август 2024 года'

16-10-2024T07:05:04 - [MESSAGE][PASSED] - Text of object 'Object Repository/Выполнение бизнес-плана/Выполнение бизнес-плана Балансы/Фильтр Дата' is: '1, 2 кв., Июль, Август 2024 года'

16-10-2024T07:05:04 - [TEST_STEP][PASSED] - m = m.substring(0, m.indexOf("2024")): null

16-10-2024T07:05:04 - [TEST_STEP][PASSED] - m = m.trim(): null

16-10-2024T07:05:04 - [TEST_STEP][PASSED] - dashboardName = "Выполнение бизнес-плана": null

16-10-2024T07:05:04 - [TEST_STEP][PASSED] - workbook01 = getWorkbook(excelFilePath): null

16-10-2024T07:05:04 - [TEST_STEP][PASSED] - sheet01 = getExcelSheet(workbook01, sheetName): null

16-10-2024T07:05:04 - [TEST_STEP][PASSED] - setValueToCellByIndex(sheet01, n, 0, dashboardName): null

16-10-2024T07:05:04 - [TEST_STEP][PASSED] - setValueToCellByIndex(sheet01, n, 1, dZO): null

16-10-2024T07:05:04 - [TEST_STEP][PASSED] - setValueToCellByIndex(sheet01, n, 2, typeOfData): null

16-10-2024T07:05:04 - [TEST_STEP][PASSED] - setValueToCellByIndex(sheet01, n, 3, typeOfData): null

16-10-2024T07:05:04 - [TEST_STEP][PASSED] - if (typeOfData == "План"): null

16-10-2024T07:05:04 - [TEST_STEP][PASSED] - else if (typeOfData == "Факт"): null

16-10-2024T07:05:04 - [TEST_STEP][PASSED] - else if (vidget.contains("электроэнергии") == true): null

16-10-2024T07:05:04 - [TEST_STEP][PASSED] - else: null

16-10-2024T07:05:04 - [TEST_STEP][PASSED] - if (o1R == null): null

16-10-2024T07:05:04 - [TEST_STEP][PASSED] - else: null

16-10-2024T07:05:04 - [TEST_STEP][PASSED] - if (o1R == "нет данных"): null

16-10-2024T07:05:04 - [TEST_STEP][PASSED] - setValueToCellByIndex(sheet01, n, 4, "нет данных"): null

16-10-2024T07:05:04 - [TEST_STEP][PASSED] - if (o1B == null): null

16-10-2024T07:05:04 - [TEST_STEP][PASSED] - else: null

16-10-2024T07:05:04 - [TEST_STEP][PASSED] - if (o1B == "нет данных"): null

16-10-2024T07:05:04 - [TEST_STEP][PASSED] - else: null

16-10-2024T07:05:04 - [TEST_STEP][PASSED] - FB = o1B.toDouble(): null

16-10-2024T07:05:04 - [TEST_STEP][PASSED] - setValueToCellByIndex(sheet01, n, 5, FB): null

16-10-2024T07:05:04 - [TEST_STEP][PASSED] - setValueToCellByIndex(sheet01, n, 6, m): null

16-10-2024T07:05:04 - [TEST_STEP][PASSED] - setValueToCellByIndex(sheet01, n, 7, y): null

16-10-2024T07:05:04 - [TEST_STEP][PASSED] - setValueToCellByIndex(sheet01, n, 8, todaysDate): null

16-10-2024T07:05:04 - [TEST_STEP][PASSED] - n = n + 1: null

16-10-2024T07:05:04 - [TEST_STEP][PASSED] - saveWorkbook(excelFilePath, workbook01): null

16-10-2024T07:05:04 - [TEST_STEP][PASSED] - closeBrowser(): Browser is closed

16-10-2024T07:05:05 - [MESSAGE][PASSED] - Browser is closed]]></system-out>
         <system-err><![CDATA[16-10-2024T06:53:28 - [TEST_CASE][FAILED] - Test Cases/Сверки дашбордов/Выполнение бизнес-плана сверка дашбордов: Test Cases/Сверки дашбордов/Выполнение бизнес-плана сверка дашбордов FAILED.
Reason:
com.kms.katalon.core.exception.StepFailedException: Unable to verify object is present (Root cause: com.kms.katalon.core.exception.StepFailedException: Unable to verify object is present
	at com.kms.katalon.core.webui.keyword.internal.WebUIKeywordMain.stepFailed(WebUIKeywordMain.groovy:64)
	at com.kms.katalon.core.webui.keyword.internal.WebUIKeywordMain.runKeyword(WebUIKeywordMain.groovy:26)
	at com.kms.katalon.core.webui.keyword.builtin.VerifyElementPresentKeyword.verifyElementPresent(VerifyElementPresentKeyword.groovy:92)
	at com.kms.katalon.core.webui.keyword.builtin.VerifyElementPresentKeyword.execute(VerifyElementPresentKeyword.groovy:68)
	at com.kms.katalon.core.keyword.internal.KeywordExecutor.executeKeywordForPlatform(KeywordExecutor.groovy:74)
	at com.kms.katalon.core.webui.keyword.WebUiBuiltInKeywords.verifyElementPresent(WebUiBuiltInKeywords.groovy:1503)
	at Выполнение бизнес-плана сверка дашбордов.GetAllPAOData(Выполнение бизнес-плана сверка дашбордов:862)
	at Выполнение бизнес-плана сверка дашбордов.run(Выполнение бизнес-плана сверка дашбордов:362)
	at com.kms.katalon.core.main.ScriptEngine.run(ScriptEngine.java:194)
	at com.kms.katalon.core.main.ScriptEngine.runScriptAsRawText(ScriptEngine.java:119)
	at com.kms.katalon.core.main.TestCaseExecutor.runScript(TestCaseExecutor.java:448)
	at com.kms.katalon.core.main.TestCaseExecutor.doExecute(TestCaseExecutor.java:439)
	at com.kms.katalon.core.main.TestCaseExecutor.processExecutionPhase(TestCaseExecutor.java:418)
	at com.kms.katalon.core.main.TestCaseExecutor.accessMainPhase(TestCaseExecutor.java:410)
	at com.kms.katalon.core.main.TestCaseExecutor.execute(TestCaseExecutor.java:285)
	at com.kms.katalon.core.common.CommonExecutor.accessTestCaseMainPhase(CommonExecutor.java:65)
	at com.kms.katalon.core.main.TestSuiteExecutor.accessTestSuiteMainPhase(TestSuiteExecutor.java:150)
	at com.kms.katalon.core.main.TestSuiteExecutor.execute(TestSuiteExecutor.java:106)
	at com.kms.katalon.core.main.TestCaseMain.startTestSuite(TestCaseMain.java:180)
	at TempTestSuite1729050801829.run(TempTestSuite1729050801829.groovy:35)
	at java.base/jdk.internal.reflect.NativeMethodAccessorImpl.invoke0(Native Method)
	at java.base/jdk.internal.reflect.NativeMethodAccessorImpl.invoke(NativeMethodAccessorImpl.java:77)
	at java.base/jdk.internal.reflect.DelegatingMethodAccessorImpl.invoke(DelegatingMethodAccessorImpl.java:43)
Caused by: java.lang.IllegalArgumentException: Object is null
	at com.kms.katalon.core.helper.KeywordHelper.checkTestObjectParameter(KeywordHelper.java:33)
	at com.kms.katalon.core.webui.keyword.builtin.VerifyElementPresentKeyword$_verifyElementPresent_closure1.doCall(VerifyElementPresentKeyword.groovy:76)
	at com.kms.katalon.core.webui.keyword.builtin.VerifyElementPresentKeyword$_verifyElementPresent_closure1.call(VerifyElementPresentKeyword.groovy)
	at com.kms.katalon.core.webui.keyword.internal.WebUIKeywordMain.runKeyword(WebUIKeywordMain.groovy:20)
	at com.kms.katalon.core.webui.keyword.builtin.VerifyElementPresentKeyword.verifyElementPresent(VerifyElementPresentKeyword.groovy:92)
	at com.kms.katalon.core.webui.keyword.builtin.VerifyElementPresentKeyword.execute(VerifyElementPresentKeyword.groovy:68)
	at com.kms.katalon.core.keyword.internal.KeywordExecutor.executeKeywordForPlatform(KeywordExecutor.groovy:74)
	at com.kms.katalon.core.webui.keyword.WebUiBuiltInKeywords.verifyElementPresent(WebUiBuiltInKeywords.groovy:1503)
	at Script1719299571342.GetAllPAOData(Script1719299571342.groovy:862)
	at Script1719299571342.run(Script1719299571342.groovy:362)
	... 15 more
)
	at com.kms.katalon.core.keyword.internal.KeywordMain.stepFailed(KeywordMain.groovy:39)
	at com.kms.katalon.core.webui.keyword.internal.WebUIKeywordMain.stepFailed(WebUIKeywordMain.groovy:64)
	at com.kms.katalon.core.webui.keyword.internal.WebUIKeywordMain.runKeyword(WebUIKeywordMain.groovy:26)
	at com.kms.katalon.core.webui.keyword.builtin.VerifyElementPresentKeyword.verifyElementPresent(VerifyElementPresentKeyword.groovy:92)
	at com.kms.katalon.core.webui.keyword.builtin.VerifyElementPresentKeyword.execute(VerifyElementPresentKeyword.groovy:68)
	at com.kms.katalon.core.keyword.internal.KeywordExecutor.executeKeywordForPlatform(KeywordExecutor.groovy:74)
	at com.kms.katalon.core.webui.keyword.WebUiBuiltInKeywords.verifyElementPresent(WebUiBuiltInKeywords.groovy:1503)
	at Выполнение бизнес-плана сверка дашбордов.GetAllPAOData(Выполнение бизнес-плана сверка дашбордов:862)
	at Выполнение бизнес-плана сверка дашбордов.run(Выполнение бизнес-плана сверка дашбордов:362)
	at com.kms.katalon.core.main.ScriptEngine.run(ScriptEngine.java:194)
	at com.kms.katalon.core.main.ScriptEngine.runScriptAsRawText(ScriptEngine.java:119)
	at com.kms.katalon.core.main.TestCaseExecutor.runScript(TestCaseExecutor.java:448)
	at com.kms.katalon.core.main.TestCaseExecutor.doExecute(TestCaseExecutor.java:439)
	at com.kms.katalon.core.main.TestCaseExecutor.processExecutionPhase(TestCaseExecutor.java:418)
	at com.kms.katalon.core.main.TestCaseExecutor.accessMainPhase(TestCaseExecutor.java:410)
	at com.kms.katalon.core.main.TestCaseExecutor.execute(TestCaseExecutor.java:285)
	at com.kms.katalon.core.common.CommonExecutor.accessTestCaseMainPhase(CommonExecutor.java:65)
	at com.kms.katalon.core.main.TestSuiteExecutor.accessTestSuiteMainPhase(TestSuiteExecutor.java:150)
	at com.kms.katalon.core.main.TestSuiteExecutor.execute(TestSuiteExecutor.java:106)
	at com.kms.katalon.core.main.TestCaseMain.startTestSuite(TestCaseMain.java:180)
	at TempTestSuite1729050801829.run(TempTestSuite1729050801829.groovy:35)
	at java.base/jdk.internal.reflect.NativeMethodAccessorImpl.invoke0(Native Method)
	at java.base/jdk.internal.reflect.NativeMethodAccessorImpl.invoke(NativeMethodAccessorImpl.java:77)
	at java.base/jdk.internal.reflect.DelegatingMethodAccessorImpl.invoke(DelegatingMethodAccessorImpl.java:43)
Caused by: com.kms.katalon.core.exception.StepFailedException: Unable to verify object is present
	... 23 more
Caused by: java.lang.IllegalArgumentException: Object is null
	at com.kms.katalon.core.helper.KeywordHelper.checkTestObjectParameter(KeywordHelper.java:33)
	at com.kms.katalon.core.webui.keyword.builtin.VerifyElementPresentKeyword$_verifyElementPresent_closure1.doCall(VerifyElementPresentKeyword.groovy:76)
	at com.kms.katalon.core.webui.keyword.builtin.VerifyElementPresentKeyword$_verifyElementPresent_closure1.call(VerifyElementPresentKeyword.groovy)
	at com.kms.katalon.core.webui.keyword.internal.WebUIKeywordMain.runKeyword(WebUIKeywordMain.groovy:20)
	... 21 more]]></system-err>
      </testcase>
      <testcase name="Test Cases/Сверки дашбордов/Выручка в рублях сверка дашбордов ПАО Россети" time="4454.181" classname="Test Cases/Сверки дашбордов/Выручка в рублях сверка дашбордов ПАО Россети" status="FAILED">
         <failure type="FAILED" message="Test Cases/Сверки дашбордов/Выручка в рублях сверка дашбордов ПАО Россети FAILED.&#xa;Reason:&#xa;com.kms.katalon.core.exception.StepFailedException: Unable to verify equal between actual object '-23.85' and expected object '2.78' (Root cause: com.kms.katalon.core.exception.StepFailedException: Actual object '-23.85' and expected object '2.78' are not equal&#xa;	at com.kms.katalon.core.keyword.builtin.VerifyEqualKeyword$_verifyEqual_closure1.doCall(VerifyEqualKeyword.groovy:58)&#xa;	at com.kms.katalon.core.keyword.builtin.VerifyEqualKeyword$_verifyEqual_closure1.call(VerifyEqualKeyword.groovy)&#xa;	at com.kms.katalon.core.keyword.internal.KeywordMain.runKeyword(KeywordMain.groovy:75)&#xa;	at com.kms.katalon.core.keyword.builtin.VerifyEqualKeyword.verifyEqual(VerifyEqualKeyword.groovy:63)&#xa;	at com.kms.katalon.core.keyword.builtin.VerifyEqualKeyword.execute(VerifyEqualKeyword.groovy:44)&#xa;	at com.kms.katalon.core.keyword.internal.KeywordExecutor.executeKeywordForPlatform(KeywordExecutor.groovy:74)&#xa;	at com.kms.katalon.core.keyword.BuiltinKeywords.verifyEqual(BuiltinKeywords.groovy:146)&#xa;	at jdk.internal.reflect.GeneratedMethodAccessor25.invoke(Unknown Source)&#xa;	at java.base/jdk.internal.reflect.DelegatingMethodAccessorImpl.invoke(DelegatingMethodAccessorImpl.java:43)&#xa;	at Выручка в рублях сверка дашбордов ПАО Россети.Blocks(Выручка в рублях сверка дашбордов ПАО Россети:357)&#xa;	at Выручка в рублях сверка дашбордов ПАО Россети.ViruchkaChange(Выручка в рублях сверка дашбордов ПАО Россети:60)&#xa;	at Выручка в рублях сверка дашбордов ПАО Россети.run(Выручка в рублях сверка дашбордов ПАО Россети:55)&#xa;	at com.kms.katalon.core.main.ScriptEngine.run(ScriptEngine.java:194)&#xa;	at com.kms.katalon.core.main.ScriptEngine.runScriptAsRawText(ScriptEngine.java:119)&#xa;	at com.kms.katalon.core.main.TestCaseExecutor.runScript(TestCaseExecutor.java:448)&#xa;	at com.kms.katalon.core.main.TestCaseExecutor.doExecute(TestCaseExecutor.java:439)&#xa;	at com.kms.katalon.core.main.TestCaseExecutor.processExecutionPhase(TestCaseExecutor.java:418)&#xa;	at com.kms.katalon.core.main.TestCaseExecutor.accessMainPhase(TestCaseExecutor.java:410)&#xa;	at com.kms.katalon.core.main.TestCaseExecutor.execute(TestCaseExecutor.java:285)&#xa;	at com.kms.katalon.core.common.CommonExecutor.accessTestCaseMainPhase(CommonExecutor.java:65)&#xa;	at com.kms.katalon.core.main.TestSuiteExecutor.accessTestSuiteMainPhase(TestSuiteExecutor.java:150)&#xa;	at com.kms.katalon.core.main.TestSuiteExecutor.execute(TestSuiteExecutor.java:106)&#xa;	at com.kms.katalon.core.main.TestCaseMain.startTestSuite(TestCaseMain.java:180)&#xa;	at TempTestSuite1729050801829.run(TempTestSuite1729050801829.groovy:35)&#xa;	at java.base/jdk.internal.reflect.NativeMethodAccessorImpl.invoke0(Native Method)&#xa;	at java.base/jdk.internal.reflect.NativeMethodAccessorImpl.invoke(NativeMethodAccessorImpl.java:77)&#xa;	at java.base/jdk.internal.reflect.DelegatingMethodAccessorImpl.invoke(DelegatingMethodAccessorImpl.java:43)&#xa;)&#xa;	at com.kms.katalon.core.keyword.internal.KeywordMain.stepFailed(KeywordMain.groovy:39)&#xa;	at com.kms.katalon.core.keyword.internal.KeywordMain.stepFailed(KeywordMain.groovy)&#xa;	at com.kms.katalon.core.keyword.internal.KeywordMain.runKeyword(KeywordMain.groovy:77)&#xa;	at com.kms.katalon.core.keyword.builtin.VerifyEqualKeyword.verifyEqual(VerifyEqualKeyword.groovy:63)&#xa;	at com.kms.katalon.core.keyword.builtin.VerifyEqualKeyword.execute(VerifyEqualKeyword.groovy:44)&#xa;	at com.kms.katalon.core.keyword.internal.KeywordExecutor.executeKeywordForPlatform(KeywordExecutor.groovy:74)&#xa;	at com.kms.katalon.core.keyword.BuiltinKeywords.verifyEqual(BuiltinKeywords.groovy:146)&#xa;	at jdk.internal.reflect.GeneratedMethodAccessor25.invoke(Unknown Source)&#xa;	at java.base/jdk.internal.reflect.DelegatingMethodAccessorImpl.invoke(DelegatingMethodAccessorImpl.java:43)&#xa;	at Выручка в рублях сверка дашбордов ПАО Россети.Blocks(Выручка в рублях сверка дашбордов ПАО Россети:357)&#xa;	at Выручка в рублях сверка дашбордов ПАО Россети.ViruchkaChange(Выручка в рублях сверка дашбордов ПАО Россети:60)&#xa;	at Выручка в рублях сверка дашбордов ПАО Россети.run(Выручка в рублях сверка дашбордов ПАО Россети:55)&#xa;	at com.kms.katalon.core.main.ScriptEngine.run(ScriptEngine.java:194)&#xa;	at com.kms.katalon.core.main.ScriptEngine.runScriptAsRawText(ScriptEngine.java:119)&#xa;	at com.kms.katalon.core.main.TestCaseExecutor.runScript(TestCaseExecutor.java:448)&#xa;	at com.kms.katalon.core.main.TestCaseExecutor.doExecute(TestCaseExecutor.java:439)&#xa;	at com.kms.katalon.core.main.TestCaseExecutor.processExecutionPhase(TestCaseExecutor.java:418)&#xa;	at com.kms.katalon.core.main.TestCaseExecutor.accessMainPhase(TestCaseExecutor.java:410)&#xa;	at com.kms.katalon.core.main.TestCaseExecutor.execute(TestCaseExecutor.java:285)&#xa;	at com.kms.katalon.core.common.CommonExecutor.accessTestCaseMainPhase(CommonExecutor.java:65)&#xa;	at com.kms.katalon.core.main.TestSuiteExecutor.accessTestSuiteMainPhase(TestSuiteExecutor.java:150)&#xa;	at com.kms.katalon.core.main.TestSuiteExecutor.execute(TestSuiteExecutor.java:106)&#xa;	at com.kms.katalon.core.main.TestCaseMain.startTestSuite(TestCaseMain.java:180)&#xa;	at TempTestSuite1729050801829.run(TempTestSuite1729050801829.groovy:35)&#xa;	at java.base/jdk.internal.reflect.NativeMethodAccessorImpl.invoke0(Native Method)&#xa;	at java.base/jdk.internal.reflect.NativeMethodAccessorImpl.invoke(NativeMethodAccessorImpl.java:77)&#xa;	at java.base/jdk.internal.reflect.DelegatingMethodAccessorImpl.invoke(DelegatingMethodAccessorImpl.java:43)&#xa;Caused by: com.kms.katalon.core.exception.StepFailedException: Actual object '-23.85' and expected object '2.78' are not equal&#xa;	at com.kms.katalon.core.keyword.builtin.VerifyEqualKeyword$_verifyEqual_closure1.doCall(VerifyEqualKeyword.groovy:58)&#xa;	at com.kms.katalon.core.keyword.builtin.VerifyEqualKeyword$_verifyEqual_closure1.call(VerifyEqualKeyword.groovy)&#xa;	at com.kms.katalon.core.keyword.internal.KeywordMain.runKeyword(KeywordMain.groovy:75)&#xa;	... 24 more&#xa;"/>
         <system-out><![CDATA[16-10-2024T07:05:05 - [TEST_CASE][FAILED] - Test Cases/Сверки дашбордов/Выручка в рублях сверка дашбордов ПАО Россети: Test Cases/Сверки дашбордов/Выручка в рублях сверка дашбордов ПАО Россети FAILED.
Reason:
com.kms.katalon.core.exception.StepFailedException: Unable to verify equal between actual object '-23.85' and expected object '2.78' (Root cause: com.kms.katalon.core.exception.StepFailedException: Actual object '-23.85' and expected object '2.78' are not equal
	at com.kms.katalon.core.keyword.builtin.VerifyEqualKeyword$_verifyEqual_closure1.doCall(VerifyEqualKeyword.groovy:58)
	at com.kms.katalon.core.keyword.builtin.VerifyEqualKeyword$_verifyEqual_closure1.call(VerifyEqualKeyword.groovy)
	at com.kms.katalon.core.keyword.internal.KeywordMain.runKeyword(KeywordMain.groovy:75)
	at com.kms.katalon.core.keyword.builtin.VerifyEqualKeyword.verifyEqual(VerifyEqualKeyword.groovy:63)
	at com.kms.katalon.core.keyword.builtin.VerifyEqualKeyword.execute(VerifyEqualKeyword.groovy:44)
	at com.kms.katalon.core.keyword.internal.KeywordExecutor.executeKeywordForPlatform(KeywordExecutor.groovy:74)
	at com.kms.katalon.core.keyword.BuiltinKeywords.verifyEqual(BuiltinKeywords.groovy:146)
	at jdk.internal.reflect.GeneratedMethodAccessor25.invoke(Unknown Source)
	at java.base/jdk.internal.reflect.DelegatingMethodAccessorImpl.invoke(DelegatingMethodAccessorImpl.java:43)
	at Выручка в рублях сверка дашбордов ПАО Россети.Blocks(Выручка в рублях сверка дашбордов ПАО Россети:357)
	at Выручка в рублях сверка дашбордов ПАО Россети.ViruchkaChange(Выручка в рублях сверка дашбордов ПАО Россети:60)
	at Выручка в рублях сверка дашбордов ПАО Россети.run(Выручка в рублях сверка дашбордов ПАО Россети:55)
	at com.kms.katalon.core.main.ScriptEngine.run(ScriptEngine.java:194)
	at com.kms.katalon.core.main.ScriptEngine.runScriptAsRawText(ScriptEngine.java:119)
	at com.kms.katalon.core.main.TestCaseExecutor.runScript(TestCaseExecutor.java:448)
	at com.kms.katalon.core.main.TestCaseExecutor.doExecute(TestCaseExecutor.java:439)
	at com.kms.katalon.core.main.TestCaseExecutor.processExecutionPhase(TestCaseExecutor.java:418)
	at com.kms.katalon.core.main.TestCaseExecutor.accessMainPhase(TestCaseExecutor.java:410)
	at com.kms.katalon.core.main.TestCaseExecutor.execute(TestCaseExecutor.java:285)
	at com.kms.katalon.core.common.CommonExecutor.accessTestCaseMainPhase(CommonExecutor.java:65)
	at com.kms.katalon.core.main.TestSuiteExecutor.accessTestSuiteMainPhase(TestSuiteExecutor.java:150)
	at com.kms.katalon.core.main.TestSuiteExecutor.execute(TestSuiteExecutor.java:106)
	at com.kms.katalon.core.main.TestCaseMain.startTestSuite(TestCaseMain.java:180)
	at TempTestSuite1729050801829.run(TempTestSuite1729050801829.groovy:35)
	at java.base/jdk.internal.reflect.NativeMethodAccessorImpl.invoke0(Native Method)
	at java.base/jdk.internal.reflect.NativeMethodAccessorImpl.invoke(NativeMethodAccessorImpl.java:77)
	at java.base/jdk.internal.reflect.DelegatingMethodAccessorImpl.invoke(DelegatingMethodAccessorImpl.java:43)
)
	at com.kms.katalon.core.keyword.internal.KeywordMain.stepFailed(KeywordMain.groovy:39)
	at com.kms.katalon.core.keyword.internal.KeywordMain.stepFailed(KeywordMain.groovy)
	at com.kms.katalon.core.keyword.internal.KeywordMain.runKeyword(KeywordMain.groovy:77)
	at com.kms.katalon.core.keyword.builtin.VerifyEqualKeyword.verifyEqual(VerifyEqualKeyword.groovy:63)
	at com.kms.katalon.core.keyword.builtin.VerifyEqualKeyword.execute(VerifyEqualKeyword.groovy:44)
	at com.kms.katalon.core.keyword.internal.KeywordExecutor.executeKeywordForPlatform(KeywordExecutor.groovy:74)
	at com.kms.katalon.core.keyword.BuiltinKeywords.verifyEqual(BuiltinKeywords.groovy:146)
	at jdk.internal.reflect.GeneratedMethodAccessor25.invoke(Unknown Source)
	at java.base/jdk.internal.reflect.DelegatingMethodAccessorImpl.invoke(DelegatingMethodAccessorImpl.java:43)
	at Выручка в рублях сверка дашбордов ПАО Россети.Blocks(Выручка в рублях сверка дашбордов ПАО Россети:357)
	at Выручка в рублях сверка дашбордов ПАО Россети.ViruchkaChange(Выручка в рублях сверка дашбордов ПАО Россети:60)
	at Выручка в рублях сверка дашбордов ПАО Россети.run(Выручка в рублях сверка дашбордов ПАО Россети:55)
	at com.kms.katalon.core.main.ScriptEngine.run(ScriptEngine.java:194)
	at com.kms.katalon.core.main.ScriptEngine.runScriptAsRawText(ScriptEngine.java:119)
	at com.kms.katalon.core.main.TestCaseExecutor.runScript(TestCaseExecutor.java:448)
	at com.kms.katalon.core.main.TestCaseExecutor.doExecute(TestCaseExecutor.java:439)
	at com.kms.katalon.core.main.TestCaseExecutor.processExecutionPhase(TestCaseExecutor.java:418)
	at com.kms.katalon.core.main.TestCaseExecutor.accessMainPhase(TestCaseExecutor.java:410)
	at com.kms.katalon.core.main.TestCaseExecutor.execute(TestCaseExecutor.java:285)
	at com.kms.katalon.core.common.CommonExecutor.accessTestCaseMainPhase(CommonExecutor.java:65)
	at com.kms.katalon.core.main.TestSuiteExecutor.accessTestSuiteMainPhase(TestSuiteExecutor.java:150)
	at com.kms.katalon.core.main.TestSuiteExecutor.execute(TestSuiteExecutor.java:106)
	at com.kms.katalon.core.main.TestCaseMain.startTestSuite(TestCaseMain.java:180)
	at TempTestSuite1729050801829.run(TempTestSuite1729050801829.groovy:35)
	at java.base/jdk.internal.reflect.NativeMethodAccessorImpl.invoke0(Native Method)
	at java.base/jdk.internal.reflect.NativeMethodAccessorImpl.invoke(NativeMethodAccessorImpl.java:77)
	at java.base/jdk.internal.reflect.DelegatingMethodAccessorImpl.invoke(DelegatingMethodAccessorImpl.java:43)
Caused by: com.kms.katalon.core.exception.StepFailedException: Actual object '-23.85' and expected object '2.78' are not equal
	at com.kms.katalon.core.keyword.builtin.VerifyEqualKeyword$_verifyEqual_closure1.doCall(VerifyEqualKeyword.groovy:58)
	at com.kms.katalon.core.keyword.builtin.VerifyEqualKeyword$_verifyEqual_closure1.call(VerifyEqualKeyword.groovy)
	at com.kms.katalon.core.keyword.internal.KeywordMain.runKeyword(KeywordMain.groovy:75)
	... 24 more


16-10-2024T07:05:05 - [TEST_STEP][PASSED] - date = new java.util.Date(): null

16-10-2024T07:05:05 - [TEST_STEP][PASSED] - todaysDate = date.format("dd.MM.yyyy"): null

16-10-2024T07:05:05 - [TEST_STEP][PASSED] - println(todaysDate): null

16-10-2024T07:05:05 - [TEST_STEP][PASSED] - run = 1: null

16-10-2024T07:05:05 - [TEST_STEP][PASSED] - vir = 1: null

16-10-2024T07:05:05 - [TEST_STEP][PASSED] - block = 1: null

16-10-2024T07:05:05 - [TEST_STEP][PASSED] - vidget = <not implemented yet for class: org.codehaus.groovy.ast.expr.EmptyExpression>: null

16-10-2024T07:05:05 - [TEST_STEP][PASSED] - nameOfBlock = <not implemented yet for class: org.codehaus.groovy.ast.expr.EmptyExpression>: null

16-10-2024T07:05:05 - [TEST_STEP][PASSED] - typeOfData = <not implemented yet for class: org.codehaus.groovy.ast.expr.EmptyExpression>: null

16-10-2024T07:05:05 - [TEST_STEP][PASSED] - viruchka = <not implemented yet for class: org.codehaus.groovy.ast.expr.EmptyExpression>: null

16-10-2024T07:05:05 - [TEST_STEP][PASSED] - a = <not implemented yet for class: org.codehaus.groovy.ast.expr.EmptyExpression>: null

16-10-2024T07:05:05 - [TEST_STEP][PASSED] - b = <not implemented yet for class: org.codehaus.groovy.ast.expr.EmptyExpression>: null

16-10-2024T07:05:05 - [TEST_STEP][PASSED] - x = <not implemented yet for class: org.codehaus.groovy.ast.expr.EmptyExpression>: null

16-10-2024T07:05:05 - [TEST_STEP][PASSED] - y = <not implemented yet for class: org.codehaus.groovy.ast.expr.EmptyExpression>: null

16-10-2024T07:05:05 - [TEST_STEP][PASSED] - dZO = "ПАО Россети": null

16-10-2024T07:05:05 - [TEST_STEP][PASSED] - for ([run = 1, run < 3, (run++)]): null

16-10-2024T07:05:05 - [TEST_STEP][PASSED] - Script1710234207206.ViruchkaChange(run, vir, block, nameOfBlock, typeOfData, viruchka, vidget, todaysDate, a, b, dZO, x, y): null

16-10-2024T07:05:05 - [TEST_STEP][PASSED] - for ([vir = 1, vir < 4, (vir++)]): null

16-10-2024T07:05:05 - [TEST_STEP][PASSED] - Script1710234207206.Blocks(run, vir, block, nameOfBlock, typeOfData, viruchka, vidget, todaysDate, a, b, dZO, x, y): null

16-10-2024T07:05:05 - [TEST_STEP][PASSED] - i = <not implemented yet for class: org.codehaus.groovy.ast.expr.EmptyExpression>: null

16-10-2024T07:05:05 - [TEST_STEP][PASSED] - perc = "": null

16-10-2024T07:05:05 - [TEST_STEP][PASSED] - a1 = <not implemented yet for class: org.codehaus.groovy.ast.expr.EmptyExpression>: null

16-10-2024T07:05:05 - [TEST_STEP][PASSED] - a2 = <not implemented yet for class: org.codehaus.groovy.ast.expr.EmptyExpression>: null

16-10-2024T07:05:05 - [TEST_STEP][PASSED] - a30 = <not implemented yet for class: org.codehaus.groovy.ast.expr.EmptyExpression>: null

16-10-2024T07:05:05 - [TEST_STEP][PASSED] - a31 = <not implemented yet for class: org.codehaus.groovy.ast.expr.EmptyExpression>: null

16-10-2024T07:05:05 - [TEST_STEP][PASSED] - a32 = <not implemented yet for class: org.codehaus.groovy.ast.expr.EmptyExpression>: null

16-10-2024T07:05:05 - [TEST_STEP][PASSED] - a33 = <not implemented yet for class: org.codehaus.groovy.ast.expr.EmptyExpression>: null

16-10-2024T07:05:05 - [TEST_STEP][PASSED] - a34 = <not implemented yet for class: org.codehaus.groovy.ast.expr.EmptyExpression>: null

16-10-2024T07:05:05 - [TEST_STEP][PASSED] - a35 = <not implemented yet for class: org.codehaus.groovy.ast.expr.EmptyExpression>: null

16-10-2024T07:05:05 - [TEST_STEP][PASSED] - a36 = <not implemented yet for class: org.codehaus.groovy.ast.expr.EmptyExpression>: null

16-10-2024T07:05:05 - [TEST_STEP][PASSED] - a37 = <not implemented yet for class: org.codehaus.groovy.ast.expr.EmptyExpression>: null

16-10-2024T07:05:05 - [TEST_STEP][PASSED] - a38 = <not implemented yet for class: org.codehaus.groovy.ast.expr.EmptyExpression>: null

16-10-2024T07:05:05 - [TEST_STEP][PASSED] - a39 = <not implemented yet for class: org.codehaus.groovy.ast.expr.EmptyExpression>: null

16-10-2024T07:05:05 - [TEST_STEP][PASSED] - a310 = <not implemented yet for class: org.codehaus.groovy.ast.expr.EmptyExpression>: null

16-10-2024T07:05:05 - [TEST_STEP][PASSED] - a311 = <not implemented yet for class: org.codehaus.groovy.ast.expr.EmptyExpression>: null

16-10-2024T07:05:05 - [TEST_STEP][PASSED] - a312 = <not implemented yet for class: org.codehaus.groovy.ast.expr.EmptyExpression>: null

16-10-2024T07:05:05 - [TEST_STEP][PASSED] - a313 = <not implemented yet for class: org.codehaus.groovy.ast.expr.EmptyExpression>: null

16-10-2024T07:05:05 - [TEST_STEP][PASSED] - a314 = <not implemented yet for class: org.codehaus.groovy.ast.expr.EmptyExpression>: null

16-10-2024T07:05:05 - [TEST_STEP][PASSED] - a315 = <not implemented yet for class: org.codehaus.groovy.ast.expr.EmptyExpression>: null

16-10-2024T07:05:05 - [TEST_STEP][PASSED] - a316 = <not implemented yet for class: org.codehaus.groovy.ast.expr.EmptyExpression>: null

16-10-2024T07:05:05 - [TEST_STEP][PASSED] - a317 = <not implemented yet for class: org.codehaus.groovy.ast.expr.EmptyExpression>: null

16-10-2024T07:05:05 - [TEST_STEP][PASSED] - b1 = <not implemented yet for class: org.codehaus.groovy.ast.expr.EmptyExpression>: null

16-10-2024T07:05:05 - [TEST_STEP][PASSED] - b2 = <not implemented yet for class: org.codehaus.groovy.ast.expr.EmptyExpression>: null

16-10-2024T07:05:05 - [TEST_STEP][PASSED] - b30 = <not implemented yet for class: org.codehaus.groovy.ast.expr.EmptyExpression>: null

16-10-2024T07:05:05 - [TEST_STEP][PASSED] - b31 = <not implemented yet for class: org.codehaus.groovy.ast.expr.EmptyExpression>: null

16-10-2024T07:05:05 - [TEST_STEP][PASSED] - b32 = <not implemented yet for class: org.codehaus.groovy.ast.expr.EmptyExpression>: null

16-10-2024T07:05:05 - [TEST_STEP][PASSED] - b33 = <not implemented yet for class: org.codehaus.groovy.ast.expr.EmptyExpression>: null

16-10-2024T07:05:05 - [TEST_STEP][PASSED] - b34 = <not implemented yet for class: org.codehaus.groovy.ast.expr.EmptyExpression>: null

16-10-2024T07:05:05 - [TEST_STEP][PASSED] - b35 = <not implemented yet for class: org.codehaus.groovy.ast.expr.EmptyExpression>: null

16-10-2024T07:05:05 - [TEST_STEP][PASSED] - b36 = <not implemented yet for class: org.codehaus.groovy.ast.expr.EmptyExpression>: null

16-10-2024T07:05:05 - [TEST_STEP][PASSED] - b37 = <not implemented yet for class: org.codehaus.groovy.ast.expr.EmptyExpression>: null

16-10-2024T07:05:05 - [TEST_STEP][PASSED] - b38 = <not implemented yet for class: org.codehaus.groovy.ast.expr.EmptyExpression>: null

16-10-2024T07:05:05 - [TEST_STEP][PASSED] - b39 = <not implemented yet for class: org.codehaus.groovy.ast.expr.EmptyExpression>: null

16-10-2024T07:05:05 - [TEST_STEP][PASSED] - b310 = <not implemented yet for class: org.codehaus.groovy.ast.expr.EmptyExpression>: null

16-10-2024T07:05:05 - [TEST_STEP][PASSED] - b311 = <not implemented yet for class: org.codehaus.groovy.ast.expr.EmptyExpression>: null

16-10-2024T07:05:05 - [TEST_STEP][PASSED] - b312 = <not implemented yet for class: org.codehaus.groovy.ast.expr.EmptyExpression>: null

16-10-2024T07:05:05 - [TEST_STEP][PASSED] - b313 = <not implemented yet for class: org.codehaus.groovy.ast.expr.EmptyExpression>: null

16-10-2024T07:05:05 - [TEST_STEP][PASSED] - b314 = <not implemented yet for class: org.codehaus.groovy.ast.expr.EmptyExpression>: null

16-10-2024T07:05:05 - [TEST_STEP][PASSED] - b315 = <not implemented yet for class: org.codehaus.groovy.ast.expr.EmptyExpression>: null

16-10-2024T07:05:05 - [TEST_STEP][PASSED] - b316 = <not implemented yet for class: org.codehaus.groovy.ast.expr.EmptyExpression>: null

16-10-2024T07:05:05 - [TEST_STEP][PASSED] - b317 = <not implemented yet for class: org.codehaus.groovy.ast.expr.EmptyExpression>: null

16-10-2024T07:05:05 - [TEST_STEP][PASSED] - block = 1: null

16-10-2024T07:05:05 - [TEST_STEP][PASSED] - nameOfBlock = "": null

16-10-2024T07:05:05 - [TEST_STEP][PASSED] - Script1710234207206.PreSettings(run, vir, block, nameOfBlock, typeOfData, todaysDate): null

16-10-2024T07:05:05 - [TEST_STEP][PASSED] - openBrowser(""): Browser is opened with url: ''

16-10-2024T07:05:05 - [MESSAGE][INFO] - Starting 'Chrome' driver

16-10-2024T07:05:05 - [MESSAGE][INFO] - Action delay is set to 0 milliseconds

16-10-2024T07:05:06 - [MESSAGE][PASSED] - Browser is opened with url: ''

16-10-2024T07:05:06 - [TEST_STEP][PASSED] - refresh(): Refresh successfully

16-10-2024T07:05:06 - [MESSAGE][PASSED] - Refresh successfully

16-10-2024T07:05:06 - [TEST_STEP][PASSED] - delay(50): Delayed 50 second(s)

16-10-2024T07:05:56 - [MESSAGE][PASSED] - Delayed 50 second(s)

16-10-2024T07:05:56 - [TEST_STEP][PASSED] - println("run:" + run): null

16-10-2024T07:05:56 - [TEST_STEP][PASSED] - println("vir:" + vir): null

16-10-2024T07:05:56 - [TEST_STEP][PASSED] - println("block:" + block): null

16-10-2024T07:05:56 - [TEST_STEP][PASSED] - if (block == 1): null

16-10-2024T07:05:56 - [TEST_STEP][PASSED] - nameOfBlock = "": null

16-10-2024T07:05:56 - [TEST_STEP][PASSED] - println("nameOfBlock:" + nameOfBlock): null

16-10-2024T07:05:56 - [TEST_STEP][PASSED] - println("typeOfData:" + typeOfData): null

16-10-2024T07:05:56 - [TEST_STEP][PASSED] - println("todaysDate:" + todaysDate): null

16-10-2024T07:05:56 - [TEST_STEP][PASSED] - Script1710234207206.Autorization(block, nameOfBlock): null

16-10-2024T07:05:56 - [TEST_STEP][PASSED] - println("block:" + block): null

16-10-2024T07:05:56 - [TEST_STEP][PASSED] - if (block == 1): null

16-10-2024T07:05:56 - [TEST_STEP][PASSED] - nameOfBlock = "": null

16-10-2024T07:05:56 - [TEST_STEP][PASSED] - println("nameOfBlock:" + nameOfBlock): null

16-10-2024T07:05:56 - [TEST_STEP][PASSED] - if (block == 1): Delayed 45 second(s)

16-10-2024T07:05:56 - [TEST_STEP][PASSED] - navigateToUrl(findTestData("PlanFact").getValue(10, 2)): Navigate to 'https://bi.rosseti.digital/viewer?dashboardGuid=2301950b23be4ed89c1df75f2020051e&sheetGuid=b723206f698544fb87299f3095c00435&fit=true' successfully

16-10-2024T07:06:01 - [MESSAGE][PASSED] - Navigate to 'https://bi.rosseti.digital/viewer?dashboardGuid=2301950b23be4ed89c1df75f2020051e&sheetGuid=b723206f698544fb87299f3095c00435&fit=true' successfully

16-10-2024T07:06:01 - [TEST_STEP][PASSED] - delay(45): Delayed 45 second(s)

16-10-2024T07:06:46 - [MESSAGE][PASSED] - Delayed 45 second(s)

16-10-2024T07:06:46 - [TEST_STEP][PASSED] - if (verifyElementPresent(findTestObject("Страница авторизации/button_"), 30) == true): null

16-10-2024T07:06:46 - [MESSAGE][PASSED] - Object 'Object Repository/Страница авторизации/button_' is present

16-10-2024T07:06:46 - [TEST_STEP][PASSED] - setText(findTestObject("Страница авторизации/input__username"), findTestData("PlanFact").getValue(8, 1)): Text 'shekhov-aa' is set on object 'Object Repository/Страница авторизации/input__username'

16-10-2024T07:06:47 - [MESSAGE][PASSED] - Text 'shekhov-aa' is set on object 'Object Repository/Страница авторизации/input__username'

16-10-2024T07:06:47 - [TEST_STEP][PASSED] - setText(findTestObject("Страница авторизации/input__password"), findTestData("PlanFact").getValue(9, 1)): Text 'i)RpQLLlXv9gUDC9' is set on object 'Object Repository/Страница авторизации/input__password'

16-10-2024T07:06:47 - [MESSAGE][PASSED] - Text 'i)RpQLLlXv9gUDC9' is set on object 'Object Repository/Страница авторизации/input__password'

16-10-2024T07:06:47 - [TEST_STEP][PASSED] - click(findTestObject("Страница авторизации/button_")): Object: 'Object Repository/Страница авторизации/button_' is clicked on

16-10-2024T07:06:50 - [MESSAGE][PASSED] - Object: 'Object Repository/Страница авторизации/button_' is clicked on

16-10-2024T07:06:50 - [TEST_STEP][PASSED] - delay(45): Delayed 45 second(s)

16-10-2024T07:07:35 - [MESSAGE][PASSED] - Delayed 45 second(s)

16-10-2024T07:07:35 - [TEST_STEP][PASSED] - if (block == 2): null

16-10-2024T07:07:35 - [TEST_STEP][PASSED] - click(findTestObject("Выручка в рублях/Фильтр Период" + nameOfBlock)): Object: 'Object Repository/Выручка в рублях/Фильтр Период' is clicked on

16-10-2024T07:07:36 - [MESSAGE][PASSED] - Object: 'Object Repository/Выручка в рублях/Фильтр Период' is clicked on

16-10-2024T07:07:36 - [TEST_STEP][PASSED] - click(findTestObject("Выручка в рублях/Снять выделение в фильтре Дата" + nameOfBlock)): Object: 'Object Repository/Выручка в рублях/Снять выделение в фильтре Дата' is clicked on

16-10-2024T07:07:36 - [MESSAGE][PASSED] - Object: 'Object Repository/Выручка в рублях/Снять выделение в фильтре Дата' is clicked on

16-10-2024T07:07:36 - [TEST_STEP][PASSED] - click(findTestObject("Выручка в рублях/Применить в фильтре Дата" + nameOfBlock)): Object: 'Object Repository/Выручка в рублях/Применить в фильтре Дата' is clicked on

16-10-2024T07:07:37 - [MESSAGE][PASSED] - Object: 'Object Repository/Выручка в рублях/Применить в фильтре Дата' is clicked on

16-10-2024T07:07:37 - [TEST_STEP][PASSED] - delay(50): Delayed 50 second(s)

16-10-2024T07:08:27 - [MESSAGE][PASSED] - Delayed 50 second(s)

16-10-2024T07:08:27 - [TEST_STEP][PASSED] - click(findTestObject("Выручка в рублях/Фильтр Период" + nameOfBlock)): Object: 'Object Repository/Выручка в рублях/Фильтр Период' is clicked on

16-10-2024T07:08:27 - [MESSAGE][PASSED] - Object: 'Object Repository/Выручка в рублях/Фильтр Период' is clicked on

16-10-2024T07:08:27 - [TEST_STEP][PASSED] - click(findTestObject("Выручка в рублях/Снять выделение в фильтре Дата" + nameOfBlock)): Object: 'Object Repository/Выручка в рублях/Снять выделение в фильтре Дата' is clicked on

16-10-2024T07:08:28 - [MESSAGE][PASSED] - Object: 'Object Repository/Выручка в рублях/Снять выделение в фильтре Дата' is clicked on

16-10-2024T07:08:28 - [TEST_STEP][PASSED] - scrollToElement(findTestObject("Выручка в рублях/2024 список" + nameOfBlock), 30): Scroll to object 'Object Repository/Выручка в рублях/2024 список' successfully

16-10-2024T07:08:28 - [MESSAGE][PASSED] - Scroll to object 'Object Repository/Выручка в рублях/2024 список' successfully

16-10-2024T07:08:28 - [TEST_STEP][PASSED] - click(findTestObject("Выручка в рублях/2024 список" + nameOfBlock)): Object: 'Object Repository/Выручка в рублях/2024 список' is clicked on

16-10-2024T07:08:28 - [MESSAGE][PASSED] - Object: 'Object Repository/Выручка в рублях/2024 список' is clicked on

16-10-2024T07:08:28 - [TEST_STEP][PASSED] - scrollToElement(findTestObject("Выручка в рублях/1 квартал 2024 выбрать" + nameOfBlock), 30): Scroll to object 'Object Repository/Выручка в рублях/1 квартал 2024 выбрать' successfully

16-10-2024T07:08:29 - [MESSAGE][PASSED] - Scroll to object 'Object Repository/Выручка в рублях/1 квартал 2024 выбрать' successfully

16-10-2024T07:08:29 - [TEST_STEP][PASSED] - click(findTestObject("Выручка в рублях/1 квартал 2024 выбрать" + nameOfBlock)): Object: 'Object Repository/Выручка в рублях/1 квартал 2024 выбрать' is clicked on

16-10-2024T07:08:29 - [MESSAGE][PASSED] - Object: 'Object Repository/Выручка в рублях/1 квартал 2024 выбрать' is clicked on

16-10-2024T07:08:29 - [TEST_STEP][PASSED] - scrollToElement(findTestObject("Выручка в рублях/2 квартал 2024 выбрать" + nameOfBlock), 30): Scroll to object 'Object Repository/Выручка в рублях/2 квартал 2024 выбрать' successfully

16-10-2024T07:08:30 - [MESSAGE][PASSED] - Scroll to object 'Object Repository/Выручка в рублях/2 квартал 2024 выбрать' successfully

16-10-2024T07:08:30 - [TEST_STEP][PASSED] - click(findTestObject("Выручка в рублях/2 квартал 2024 выбрать" + nameOfBlock)): Object: 'Object Repository/Выручка в рублях/2 квартал 2024 выбрать' is clicked on

16-10-2024T07:08:30 - [MESSAGE][PASSED] - Object: 'Object Repository/Выручка в рублях/2 квартал 2024 выбрать' is clicked on

16-10-2024T07:08:30 - [TEST_STEP][PASSED] - scrollToElement(findTestObject("Выручка в рублях/3 квартал 2024 список" + nameOfBlock), 30): Scroll to object 'Object Repository/Выручка в рублях/3 квартал 2024 список' successfully

16-10-2024T07:08:30 - [MESSAGE][PASSED] - Scroll to object 'Object Repository/Выручка в рублях/3 квартал 2024 список' successfully

16-10-2024T07:08:30 - [TEST_STEP][PASSED] - click(findTestObject("Выручка в рублях/3 квартал 2024 список" + nameOfBlock)): Object: 'Object Repository/Выручка в рублях/3 квартал 2024 список' is clicked on

16-10-2024T07:08:31 - [MESSAGE][PASSED] - Object: 'Object Repository/Выручка в рублях/3 квартал 2024 список' is clicked on

16-10-2024T07:08:31 - [TEST_STEP][PASSED] - click(findTestObject("Выручка в рублях/Июль 2024" + nameOfBlock)): Object: 'Object Repository/Выручка в рублях/Июль 2024' is clicked on

16-10-2024T07:08:31 - [MESSAGE][PASSED] - Object: 'Object Repository/Выручка в рублях/Июль 2024' is clicked on

16-10-2024T07:08:31 - [TEST_STEP][PASSED] - scrollToElement(findTestObject("Выручка в рублях/Август 2024" + nameOfBlock), 30): Scroll to object 'Object Repository/Выручка в рублях/Август 2024' successfully

16-10-2024T07:08:32 - [MESSAGE][PASSED] - Scroll to object 'Object Repository/Выручка в рублях/Август 2024' successfully

16-10-2024T07:08:32 - [TEST_STEP][PASSED] - click(findTestObject("Выручка в рублях/Август 2024" + nameOfBlock)): Object: 'Object Repository/Выручка в рублях/Август 2024' is clicked on

16-10-2024T07:08:32 - [MESSAGE][PASSED] - Object: 'Object Repository/Выручка в рублях/Август 2024' is clicked on

16-10-2024T07:08:32 - [TEST_STEP][PASSED] - scrollToElement(findTestObject("Выручка в рублях/Заголовок дашборда" + nameOfBlock), 30): Scroll to object 'Object Repository/Выручка в рублях/Заголовок дашборда' successfully

16-10-2024T07:08:32 - [MESSAGE][PASSED] - Scroll to object 'Object Repository/Выручка в рублях/Заголовок дашборда' successfully

16-10-2024T07:08:32 - [TEST_STEP][PASSED] - click(findTestObject("Выручка в рублях/Применить в фильтре Дата" + nameOfBlock)): Object: 'Object Repository/Выручка в рублях/Применить в фильтре Дата' is clicked on

16-10-2024T07:08:33 - [MESSAGE][PASSED] - Object: 'Object Repository/Выручка в рублях/Применить в фильтре Дата' is clicked on

16-10-2024T07:08:33 - [TEST_STEP][PASSED] - delay(50): Delayed 50 second(s)

16-10-2024T07:09:23 - [MESSAGE][PASSED] - Delayed 50 second(s)

16-10-2024T07:09:23 - [TEST_STEP][PASSED] - click(findTestObject("Выручка в рублях/Фильтр ДЗО" + nameOfBlock)): Object: 'Object Repository/Выручка в рублях/Фильтр ДЗО' is clicked on

16-10-2024T07:09:23 - [MESSAGE][PASSED] - Object: 'Object Repository/Выручка в рублях/Фильтр ДЗО' is clicked on

16-10-2024T07:09:23 - [TEST_STEP][PASSED] - click(findTestObject("Выручка в рублях/Снять выделение в фильтре ДЗО" + nameOfBlock)): Object: 'Object Repository/Выручка в рублях/Снять выделение в фильтре ДЗО' is clicked on

16-10-2024T07:09:24 - [MESSAGE][PASSED] - Object: 'Object Repository/Выручка в рублях/Снять выделение в фильтре ДЗО' is clicked on

16-10-2024T07:09:24 - [TEST_STEP][PASSED] - click(findTestObject("Выручка в рублях/Применить в фильтре ДЗО" + nameOfBlock)): Object: 'Object Repository/Выручка в рублях/Применить в фильтре ДЗО' is clicked on

16-10-2024T07:09:24 - [MESSAGE][PASSED] - Object: 'Object Repository/Выручка в рублях/Применить в фильтре ДЗО' is clicked on

16-10-2024T07:09:24 - [TEST_STEP][PASSED] - delay(50): Delayed 50 second(s)

16-10-2024T07:10:14 - [MESSAGE][PASSED] - Delayed 50 second(s)

16-10-2024T07:10:14 - [TEST_STEP][PASSED] - Script1710234207206.Tumbler(run, vir, block, nameOfBlock): null

16-10-2024T07:10:14 - [TEST_STEP][PASSED] - println("run:" + run): null

16-10-2024T07:10:14 - [TEST_STEP][PASSED] - println("vir:" + vir): null

16-10-2024T07:10:14 - [TEST_STEP][PASSED] - println("block:" + block): null

16-10-2024T07:10:14 - [TEST_STEP][PASSED] - println("nameOfBlock:" + nameOfBlock): null

16-10-2024T07:10:14 - [TEST_STEP][PASSED] - if (vir == 1): null

16-10-2024T07:10:14 - [TEST_STEP][PASSED] - if (run == 2): null

16-10-2024T07:10:14 - [TEST_STEP][PASSED] - click(findTestObject("Выручка в рублях/Фильтр ДЗО" + nameOfBlock)): Object: 'Object Repository/Выручка в рублях/Фильтр ДЗО' is clicked on

16-10-2024T07:10:15 - [MESSAGE][PASSED] - Object: 'Object Repository/Выручка в рублях/Фильтр ДЗО' is clicked on

16-10-2024T07:10:15 - [TEST_STEP][PASSED] - Script1710234207206.Rosseti(nameOfBlock): null

16-10-2024T07:10:15 - [TEST_STEP][PASSED] - println("nameOfBlock:" + nameOfBlock): null

16-10-2024T07:10:15 - [TEST_STEP][PASSED] - click(findTestObject("Выручка в рублях/ПАО Россети" + nameOfBlock)): Object: 'Object Repository/Выручка в рублях/ПАО Россети' is clicked on

16-10-2024T07:10:15 - [MESSAGE][PASSED] - Object: 'Object Repository/Выручка в рублях/ПАО Россети' is clicked on

16-10-2024T07:10:15 - [TEST_STEP][PASSED] - click(findTestObject("Выручка в рублях/Применить в фильтре ДЗО" + nameOfBlock)): Object: 'Object Repository/Выручка в рублях/Применить в фильтре ДЗО' is clicked on

16-10-2024T07:10:16 - [MESSAGE][PASSED] - Object: 'Object Repository/Выручка в рублях/Применить в фильтре ДЗО' is clicked on

16-10-2024T07:10:16 - [TEST_STEP][PASSED] - if (run == 2): null

16-10-2024T07:10:16 - [TEST_STEP][PASSED] - if (vir == 1 || vir == 2): Text of object 'Object Repository/Выручка в рублях/График План' is: '938 020'

16-10-2024T07:10:16 - [TEST_STEP][PASSED] - a1 = getText(findTestObject("Выручка в рублях/График План")): Text of object 'Object Repository/Выручка в рублях/График План' is: '938 020'

16-10-2024T07:10:19 - [MESSAGE][PASSED] - Text of object 'Object Repository/Выручка в рублях/График План' is: '938 020'

16-10-2024T07:10:19 - [TEST_STEP][PASSED] - if (vir == 1 || vir == 2): Text of object 'Object Repository/Выручка в рублях/График Факт' is: '964 061'

16-10-2024T07:10:19 - [TEST_STEP][PASSED] - a2 = getText(findTestObject("Выручка в рублях/График Факт")): Text of object 'Object Repository/Выручка в рублях/График Факт' is: '964 061'

16-10-2024T07:10:20 - [MESSAGE][PASSED] - Text of object 'Object Repository/Выручка в рублях/График Факт' is: '964 061'

16-10-2024T07:10:20 - [TEST_STEP][PASSED] - a30 = getText(findTestObject("Выручка в рублях/span1" + perc)): Text of object 'Object Repository/Выручка в рублях/span1' is: '26 040.4 млн.руб.'

16-10-2024T07:10:20 - [MESSAGE][PASSED] - Text of object 'Object Repository/Выручка в рублях/span1' is: '26 040.4 млн.руб.'

16-10-2024T07:10:20 - [TEST_STEP][PASSED] - i = a30.indexOf("млн.руб."): null

16-10-2024T07:10:20 - [TEST_STEP][PASSED] - if (i > -1): null

16-10-2024T07:10:20 - [TEST_STEP][PASSED] - a30 = a30.substring(0, i): null

16-10-2024T07:10:20 - [TEST_STEP][PASSED] - a30 = a30.replaceAll(" ", ""): null

16-10-2024T07:10:20 - [TEST_STEP][PASSED] - if (a30.contains("%")): null

16-10-2024T07:10:20 - [TEST_STEP][PASSED] - a30 = ").trim(): null

16-10-2024T07:10:20 - [TEST_STEP][PASSED] - println("a30: " + a30): null

16-10-2024T07:10:20 - [TEST_STEP][PASSED] - if (vir == 1 || vir == 2): Text of object 'Object Repository/Выручка в рублях/span2' is: '173'

16-10-2024T07:10:20 - [TEST_STEP][PASSED] - a31 = ").trim(): Text of object 'Object Repository/Выручка в рублях/span2' is: '173'

16-10-2024T07:10:20 - [MESSAGE][PASSED] - Text of object 'Object Repository/Выручка в рублях/span2' is: '173'

16-10-2024T07:10:20 - [TEST_STEP][PASSED] - if (vir == 1 || vir == 2): Text of object 'Object Repository/Выручка в рублях/span3' is: '44'

16-10-2024T07:10:20 - [TEST_STEP][PASSED] - a32 = ").trim(): Text of object 'Object Repository/Выручка в рублях/span3' is: '44'

16-10-2024T07:10:21 - [MESSAGE][PASSED] - Text of object 'Object Repository/Выручка в рублях/span3' is: '44'

16-10-2024T07:10:21 - [TEST_STEP][PASSED] - if (vir == 1 || vir == 2): Text of object 'Object Repository/Выручка в рублях/span8' is: '695'

16-10-2024T07:10:21 - [TEST_STEP][PASSED] - a33 = ").trim(): Text of object 'Object Repository/Выручка в рублях/span4' is: '122'

16-10-2024T07:10:21 - [MESSAGE][PASSED] - Text of object 'Object Repository/Выручка в рублях/span4' is: '122'

16-10-2024T07:10:21 - [TEST_STEP][PASSED] - a34 = ").trim(): Text of object 'Object Repository/Выручка в рублях/span5' is: '3 000'

16-10-2024T07:10:21 - [MESSAGE][PASSED] - Text of object 'Object Repository/Выручка в рублях/span5' is: '3 000'

16-10-2024T07:10:21 - [TEST_STEP][PASSED] - a35 = ").trim(): Text of object 'Object Repository/Выручка в рублях/span6' is: '3 666'

16-10-2024T07:10:22 - [MESSAGE][PASSED] - Text of object 'Object Repository/Выручка в рублях/span6' is: '3 666'

16-10-2024T07:10:22 - [TEST_STEP][PASSED] - a36 = ").trim(): Text of object 'Object Repository/Выручка в рублях/span7' is: '6 842'

16-10-2024T07:10:22 - [MESSAGE][PASSED] - Text of object 'Object Repository/Выручка в рублях/span7' is: '6 842'

16-10-2024T07:10:22 - [TEST_STEP][PASSED] - a37 = ").trim(): Text of object 'Object Repository/Выручка в рублях/span8' is: '695'

16-10-2024T07:10:22 - [MESSAGE][PASSED] - Text of object 'Object Repository/Выручка в рублях/span8' is: '695'

16-10-2024T07:10:22 - [TEST_STEP][PASSED] - if (vir == 1 || vir == 2): Text of object 'Object Repository/Выручка в рублях/span17' is: '1 131'

16-10-2024T07:10:22 - [TEST_STEP][PASSED] - a38 = ").trim(): Text of object 'Object Repository/Выручка в рублях/span9' is: '1 000'

16-10-2024T07:10:22 - [MESSAGE][PASSED] - Text of object 'Object Repository/Выручка в рублях/span9' is: '1 000'

16-10-2024T07:10:22 - [TEST_STEP][PASSED] - a39 = ").trim(): Text of object 'Object Repository/Выручка в рублях/span10' is: '1 910'

16-10-2024T07:10:23 - [MESSAGE][PASSED] - Text of object 'Object Repository/Выручка в рублях/span10' is: '1 910'

16-10-2024T07:10:23 - [TEST_STEP][PASSED] - a310 = ").trim(): Text of object 'Object Repository/Выручка в рублях/span11' is: '228'

16-10-2024T07:10:23 - [MESSAGE][PASSED] - Text of object 'Object Repository/Выручка в рублях/span11' is: '228'

16-10-2024T07:10:23 - [TEST_STEP][PASSED] - a311 = ").trim(): Text of object 'Object Repository/Выручка в рублях/span12' is: '-3 453'

16-10-2024T07:10:23 - [MESSAGE][PASSED] - Text of object 'Object Repository/Выручка в рублях/span12' is: '-3 453'

16-10-2024T07:10:23 - [TEST_STEP][PASSED] - a312 = ").trim(): Text of object 'Object Repository/Выручка в рублях/span13' is: '1 778'

16-10-2024T07:10:24 - [MESSAGE][PASSED] - Text of object 'Object Repository/Выручка в рублях/span13' is: '1 778'

16-10-2024T07:10:24 - [TEST_STEP][PASSED] - a313 = ").trim(): Text of object 'Object Repository/Выручка в рублях/span14' is: '1 353'

16-10-2024T07:10:24 - [MESSAGE][PASSED] - Text of object 'Object Repository/Выручка в рублях/span14' is: '1 353'

16-10-2024T07:10:24 - [TEST_STEP][PASSED] - a314 = ").trim(): Text of object 'Object Repository/Выручка в рублях/span15' is: '3 442'

16-10-2024T07:10:24 - [MESSAGE][PASSED] - Text of object 'Object Repository/Выручка в рублях/span15' is: '3 442'

16-10-2024T07:10:24 - [TEST_STEP][PASSED] - a315 = ").trim(): Text of object 'Object Repository/Выручка в рублях/span16' is: '3 872'

16-10-2024T07:10:25 - [MESSAGE][PASSED] - Text of object 'Object Repository/Выручка в рублях/span16' is: '3 872'

16-10-2024T07:10:25 - [TEST_STEP][PASSED] - a316 = ").trim(): Text of object 'Object Repository/Выручка в рублях/span17' is: '1 131'

16-10-2024T07:10:25 - [MESSAGE][PASSED] - Text of object 'Object Repository/Выручка в рублях/span17' is: '1 131'

16-10-2024T07:10:25 - [TEST_STEP][PASSED] - if (vir == 1 || vir == 2): Text of object 'Object Repository/Выручка в рублях/span18' is: '237'

16-10-2024T07:10:25 - [TEST_STEP][PASSED] - a317 = ").trim(): Text of object 'Object Repository/Выручка в рублях/span18' is: '237'

16-10-2024T07:10:25 - [MESSAGE][PASSED] - Text of object 'Object Repository/Выручка в рублях/span18' is: '237'

16-10-2024T07:10:25 - [TEST_STEP][PASSED] - block = 2: null

16-10-2024T07:10:25 - [TEST_STEP][PASSED] - nameOfBlock = " Выручка": null

16-10-2024T07:10:25 - [TEST_STEP][PASSED] - Script1710234207206.PreSettings(run, vir, block, nameOfBlock, typeOfData, todaysDate): null

16-10-2024T07:10:25 - [TEST_STEP][PASSED] - openBrowser(""): Browser is opened with url: ''

16-10-2024T07:10:25 - [MESSAGE][WARNING] - A browser is already opened. Closing browser and opening a new one

16-10-2024T07:10:25 - [MESSAGE][INFO] - Starting 'Chrome' driver

16-10-2024T07:10:25 - [MESSAGE][INFO] - Action delay is set to 0 milliseconds

16-10-2024T07:10:26 - [MESSAGE][PASSED] - Browser is opened with url: ''

16-10-2024T07:10:26 - [TEST_STEP][PASSED] - refresh(): Refresh successfully

16-10-2024T07:10:26 - [MESSAGE][PASSED] - Refresh successfully

16-10-2024T07:10:26 - [TEST_STEP][PASSED] - delay(50): Delayed 50 second(s)

16-10-2024T07:11:16 - [MESSAGE][PASSED] - Delayed 50 second(s)

16-10-2024T07:11:16 - [TEST_STEP][PASSED] - println("run:" + run): null

16-10-2024T07:11:16 - [TEST_STEP][PASSED] - println("vir:" + vir): null

16-10-2024T07:11:16 - [TEST_STEP][PASSED] - println("block:" + block): null

16-10-2024T07:11:16 - [TEST_STEP][PASSED] - if (block == 1): null

16-10-2024T07:11:16 - [TEST_STEP][PASSED] - else: null

16-10-2024T07:11:16 - [TEST_STEP][PASSED] - nameOfBlock = " Выручка": null

16-10-2024T07:11:16 - [TEST_STEP][PASSED] - println("nameOfBlock:" + nameOfBlock): null

16-10-2024T07:11:16 - [TEST_STEP][PASSED] - println("typeOfData:" + typeOfData): null

16-10-2024T07:11:16 - [TEST_STEP][PASSED] - println("todaysDate:" + todaysDate): null

16-10-2024T07:11:16 - [TEST_STEP][PASSED] - Script1710234207206.Autorization(block, nameOfBlock): null

16-10-2024T07:11:16 - [TEST_STEP][PASSED] - println("block:" + block): null

16-10-2024T07:11:16 - [TEST_STEP][PASSED] - if (block == 1): null

16-10-2024T07:11:16 - [TEST_STEP][PASSED] - else: null

16-10-2024T07:11:16 - [TEST_STEP][PASSED] - delay(45): Delayed 45 second(s)

16-10-2024T07:12:01 - [MESSAGE][PASSED] - Delayed 45 second(s)

16-10-2024T07:12:01 - [TEST_STEP][PASSED] - nameOfBlock = " Выручка": null

16-10-2024T07:12:01 - [TEST_STEP][PASSED] - println("nameOfBlock:" + nameOfBlock): null

16-10-2024T07:12:01 - [TEST_STEP][PASSED] - if (block == 1): null

16-10-2024T07:12:01 - [TEST_STEP][PASSED] - else: Delayed 45 second(s)

16-10-2024T07:12:01 - [TEST_STEP][PASSED] - navigateToUrl(findTestData("PlanFact").getValue(10, 9)): Navigate to 'https://bi.rosseti.digital/viewer?dashboardGuid=a1fd28b3785d443cbc4d7690a1d78e31&sheetGuid=86092a20c5984827a0c87b24cac76a50&fit=true' successfully

16-10-2024T07:12:06 - [MESSAGE][PASSED] - Navigate to 'https://bi.rosseti.digital/viewer?dashboardGuid=a1fd28b3785d443cbc4d7690a1d78e31&sheetGuid=86092a20c5984827a0c87b24cac76a50&fit=true' successfully

16-10-2024T07:12:06 - [TEST_STEP][PASSED] - delay(45): Delayed 45 second(s)

16-10-2024T07:12:51 - [MESSAGE][PASSED] - Delayed 45 second(s)

16-10-2024T07:12:51 - [TEST_STEP][PASSED] - if (verifyElementPresent(findTestObject("Страница авторизации/button_"), 30) == true): null

16-10-2024T07:12:51 - [MESSAGE][PASSED] - Object 'Object Repository/Страница авторизации/button_' is present

16-10-2024T07:12:51 - [TEST_STEP][PASSED] - setText(findTestObject("Страница авторизации/input__username"), findTestData("PlanFact").getValue(8, 1)): Text 'shekhov-aa' is set on object 'Object Repository/Страница авторизации/input__username'

16-10-2024T07:12:52 - [MESSAGE][PASSED] - Text 'shekhov-aa' is set on object 'Object Repository/Страница авторизации/input__username'

16-10-2024T07:12:52 - [TEST_STEP][PASSED] - setText(findTestObject("Страница авторизации/input__password"), findTestData("PlanFact").getValue(9, 1)): Text 'i)RpQLLlXv9gUDC9' is set on object 'Object Repository/Страница авторизации/input__password'

16-10-2024T07:12:52 - [MESSAGE][PASSED] - Text 'i)RpQLLlXv9gUDC9' is set on object 'Object Repository/Страница авторизации/input__password'

16-10-2024T07:12:52 - [TEST_STEP][PASSED] - click(findTestObject("Страница авторизации/button_")): Object: 'Object Repository/Страница авторизации/button_' is clicked on

16-10-2024T07:12:56 - [MESSAGE][PASSED] - Object: 'Object Repository/Страница авторизации/button_' is clicked on

16-10-2024T07:12:56 - [TEST_STEP][PASSED] - delay(45): Delayed 45 second(s)

16-10-2024T07:13:41 - [MESSAGE][PASSED] - Delayed 45 second(s)

16-10-2024T07:13:41 - [TEST_STEP][PASSED] - if (block == 2): Delayed 50 second(s)

16-10-2024T07:13:41 - [TEST_STEP][PASSED] - opoveshenie = getText(findTestObject("Выручка в рублях/Просьба обратить внимание")): Text of object 'Object Repository/Выручка в рублях/Просьба обратить внимание' is: 'Просьба обратить внимание'

16-10-2024T07:13:41 - [MESSAGE][PASSED] - Text of object 'Object Repository/Выручка в рублях/Просьба обратить внимание' is: 'Просьба обратить внимание'

16-10-2024T07:13:41 - [TEST_STEP][PASSED] - if (opoveshenie == "Просьба обратить внимание"): Delayed 50 second(s)

16-10-2024T07:13:41 - [TEST_STEP][PASSED] - click(findTestObject("Выручка в рублях/Закрыть оповещение")): Object: 'Object Repository/Выручка в рублях/Закрыть оповещение' is clicked on

16-10-2024T07:13:42 - [MESSAGE][PASSED] - Object: 'Object Repository/Выручка в рублях/Закрыть оповещение' is clicked on

16-10-2024T07:13:42 - [TEST_STEP][PASSED] - delay(50): Delayed 50 second(s)

16-10-2024T07:14:32 - [MESSAGE][PASSED] - Delayed 50 second(s)

16-10-2024T07:14:32 - [TEST_STEP][PASSED] - click(findTestObject("Выручка в рублях/Фильтр Период" + nameOfBlock)): Object: 'Object Repository/Выручка в рублях/Фильтр Период Выручка' is clicked on

16-10-2024T07:14:32 - [MESSAGE][PASSED] - Object: 'Object Repository/Выручка в рублях/Фильтр Период Выручка' is clicked on

16-10-2024T07:14:32 - [TEST_STEP][PASSED] - click(findTestObject("Выручка в рублях/Снять выделение в фильтре Дата" + nameOfBlock)): Object: 'Object Repository/Выручка в рублях/Снять выделение в фильтре Дата Выручка' is clicked on

16-10-2024T07:14:33 - [MESSAGE][PASSED] - Object: 'Object Repository/Выручка в рублях/Снять выделение в фильтре Дата Выручка' is clicked on

16-10-2024T07:14:33 - [TEST_STEP][PASSED] - click(findTestObject("Выручка в рублях/Применить в фильтре Дата" + nameOfBlock)): Object: 'Object Repository/Выручка в рублях/Применить в фильтре Дата Выручка' is clicked on

16-10-2024T07:14:33 - [MESSAGE][PASSED] - Object: 'Object Repository/Выручка в рублях/Применить в фильтре Дата Выручка' is clicked on

16-10-2024T07:14:33 - [TEST_STEP][PASSED] - delay(50): Delayed 50 second(s)

16-10-2024T07:15:23 - [MESSAGE][PASSED] - Delayed 50 second(s)

16-10-2024T07:15:23 - [TEST_STEP][PASSED] - click(findTestObject("Выручка в рублях/Фильтр Период" + nameOfBlock)): Object: 'Object Repository/Выручка в рублях/Фильтр Период Выручка' is clicked on

16-10-2024T07:15:24 - [MESSAGE][PASSED] - Object: 'Object Repository/Выручка в рублях/Фильтр Период Выручка' is clicked on

16-10-2024T07:15:24 - [TEST_STEP][PASSED] - click(findTestObject("Выручка в рублях/Снять выделение в фильтре Дата" + nameOfBlock)): Object: 'Object Repository/Выручка в рублях/Снять выделение в фильтре Дата Выручка' is clicked on

16-10-2024T07:15:24 - [MESSAGE][PASSED] - Object: 'Object Repository/Выручка в рублях/Снять выделение в фильтре Дата Выручка' is clicked on

16-10-2024T07:15:24 - [TEST_STEP][PASSED] - scrollToElement(findTestObject("Выручка в рублях/2024 список" + nameOfBlock), 30): Scroll to object 'Object Repository/Выручка в рублях/2024 список Выручка' successfully

16-10-2024T07:15:24 - [MESSAGE][PASSED] - Scroll to object 'Object Repository/Выручка в рублях/2024 список Выручка' successfully

16-10-2024T07:15:24 - [TEST_STEP][PASSED] - click(findTestObject("Выручка в рублях/2024 список" + nameOfBlock)): Object: 'Object Repository/Выручка в рублях/2024 список Выручка' is clicked on

16-10-2024T07:15:25 - [MESSAGE][PASSED] - Object: 'Object Repository/Выручка в рублях/2024 список Выручка' is clicked on

16-10-2024T07:15:25 - [TEST_STEP][PASSED] - scrollToElement(findTestObject("Выручка в рублях/1 квартал 2024 выбрать" + nameOfBlock), 30): Scroll to object 'Object Repository/Выручка в рублях/1 квартал 2024 выбрать Выручка' successfully

16-10-2024T07:15:25 - [MESSAGE][PASSED] - Scroll to object 'Object Repository/Выручка в рублях/1 квартал 2024 выбрать Выручка' successfully

16-10-2024T07:15:25 - [TEST_STEP][PASSED] - click(findTestObject("Выручка в рублях/1 квартал 2024 выбрать" + nameOfBlock)): Object: 'Object Repository/Выручка в рублях/1 квартал 2024 выбрать Выручка' is clicked on

16-10-2024T07:15:26 - [MESSAGE][PASSED] - Object: 'Object Repository/Выручка в рублях/1 квартал 2024 выбрать Выручка' is clicked on

16-10-2024T07:15:26 - [TEST_STEP][PASSED] - scrollToElement(findTestObject("Выручка в рублях/2 квартал 2024 выбрать" + nameOfBlock), 30): Scroll to object 'Object Repository/Выручка в рублях/2 квартал 2024 выбрать Выручка' successfully

16-10-2024T07:15:26 - [MESSAGE][PASSED] - Scroll to object 'Object Repository/Выручка в рублях/2 квартал 2024 выбрать Выручка' successfully

16-10-2024T07:15:26 - [TEST_STEP][PASSED] - click(findTestObject("Выручка в рублях/2 квартал 2024 выбрать" + nameOfBlock)): Object: 'Object Repository/Выручка в рублях/2 квартал 2024 выбрать Выручка' is clicked on

16-10-2024T07:15:26 - [MESSAGE][PASSED] - Object: 'Object Repository/Выручка в рублях/2 квартал 2024 выбрать Выручка' is clicked on

16-10-2024T07:15:26 - [TEST_STEP][PASSED] - scrollToElement(findTestObject("Выручка в рублях/3 квартал 2024 список" + nameOfBlock), 30): Scroll to object 'Object Repository/Выручка в рублях/3 квартал 2024 список Выручка' successfully

16-10-2024T07:15:27 - [MESSAGE][PASSED] - Scroll to object 'Object Repository/Выручка в рублях/3 квартал 2024 список Выручка' successfully

16-10-2024T07:15:27 - [TEST_STEP][PASSED] - click(findTestObject("Выручка в рублях/3 квартал 2024 список" + nameOfBlock)): Object: 'Object Repository/Выручка в рублях/3 квартал 2024 список Выручка' is clicked on

16-10-2024T07:15:27 - [MESSAGE][PASSED] - Object: 'Object Repository/Выручка в рублях/3 квартал 2024 список Выручка' is clicked on

16-10-2024T07:15:27 - [TEST_STEP][PASSED] - click(findTestObject("Выручка в рублях/Июль 2024" + nameOfBlock)): Object: 'Object Repository/Выручка в рублях/Июль 2024 Выручка' is clicked on

16-10-2024T07:15:28 - [MESSAGE][PASSED] - Object: 'Object Repository/Выручка в рублях/Июль 2024 Выручка' is clicked on

16-10-2024T07:15:28 - [TEST_STEP][PASSED] - scrollToElement(findTestObject("Выручка в рублях/Август 2024" + nameOfBlock), 30): Scroll to object 'Object Repository/Выручка в рублях/Август 2024 Выручка' successfully

16-10-2024T07:15:28 - [MESSAGE][PASSED] - Scroll to object 'Object Repository/Выручка в рублях/Август 2024 Выручка' successfully

16-10-2024T07:15:28 - [TEST_STEP][PASSED] - click(findTestObject("Выручка в рублях/Август 2024" + nameOfBlock)): Object: 'Object Repository/Выручка в рублях/Август 2024 Выручка' is clicked on

16-10-2024T07:15:28 - [MESSAGE][PASSED] - Object: 'Object Repository/Выручка в рублях/Август 2024 Выручка' is clicked on

16-10-2024T07:15:28 - [TEST_STEP][PASSED] - scrollToElement(findTestObject("Выручка в рублях/Заголовок дашборда" + nameOfBlock), 30): Scroll to object 'Object Repository/Выручка в рублях/Заголовок дашборда Выручка' successfully

16-10-2024T07:15:29 - [MESSAGE][PASSED] - Scroll to object 'Object Repository/Выручка в рублях/Заголовок дашборда Выручка' successfully

16-10-2024T07:15:29 - [TEST_STEP][PASSED] - click(findTestObject("Выручка в рублях/Применить в фильтре Дата" + nameOfBlock)): Object: 'Object Repository/Выручка в рублях/Применить в фильтре Дата Выручка' is clicked on

16-10-2024T07:15:29 - [MESSAGE][PASSED] - Object: 'Object Repository/Выручка в рублях/Применить в фильтре Дата Выручка' is clicked on

16-10-2024T07:15:29 - [TEST_STEP][PASSED] - delay(50): Delayed 50 second(s)

16-10-2024T07:16:19 - [MESSAGE][PASSED] - Delayed 50 second(s)

16-10-2024T07:16:19 - [TEST_STEP][PASSED] - click(findTestObject("Выручка в рублях/Фильтр ДЗО" + nameOfBlock)): Object: 'Object Repository/Выручка в рублях/Фильтр ДЗО Выручка' is clicked on

16-10-2024T07:16:20 - [MESSAGE][PASSED] - Object: 'Object Repository/Выручка в рублях/Фильтр ДЗО Выручка' is clicked on

16-10-2024T07:16:20 - [TEST_STEP][PASSED] - click(findTestObject("Выручка в рублях/Снять выделение в фильтре ДЗО" + nameOfBlock)): Object: 'Object Repository/Выручка в рублях/Снять выделение в фильтре ДЗО Выручка' is clicked on

16-10-2024T07:16:20 - [MESSAGE][PASSED] - Object: 'Object Repository/Выручка в рублях/Снять выделение в фильтре ДЗО Выручка' is clicked on

16-10-2024T07:16:20 - [TEST_STEP][PASSED] - click(findTestObject("Выручка в рублях/Применить в фильтре ДЗО" + nameOfBlock)): Object: 'Object Repository/Выручка в рублях/Применить в фильтре ДЗО Выручка' is clicked on

16-10-2024T07:16:21 - [MESSAGE][PASSED] - Object: 'Object Repository/Выручка в рублях/Применить в фильтре ДЗО Выручка' is clicked on

16-10-2024T07:16:21 - [TEST_STEP][PASSED] - delay(50): Delayed 50 second(s)

16-10-2024T07:17:11 - [MESSAGE][PASSED] - Delayed 50 second(s)

16-10-2024T07:17:11 - [TEST_STEP][PASSED] - Script1710234207206.Tumbler(run, vir, block, nameOfBlock): null

16-10-2024T07:17:11 - [TEST_STEP][PASSED] - println("run:" + run): null

16-10-2024T07:17:11 - [TEST_STEP][PASSED] - println("vir:" + vir): null

16-10-2024T07:17:11 - [TEST_STEP][PASSED] - println("block:" + block): null

16-10-2024T07:17:11 - [TEST_STEP][PASSED] - println("nameOfBlock:" + nameOfBlock): null

16-10-2024T07:17:11 - [TEST_STEP][PASSED] - if (vir == 1): null

16-10-2024T07:17:11 - [TEST_STEP][PASSED] - if (run == 2): null

16-10-2024T07:17:11 - [TEST_STEP][PASSED] - click(findTestObject("Выручка в рублях/Фильтр ДЗО" + nameOfBlock)): Object: 'Object Repository/Выручка в рублях/Фильтр ДЗО Выручка' is clicked on

16-10-2024T07:17:11 - [MESSAGE][PASSED] - Object: 'Object Repository/Выручка в рублях/Фильтр ДЗО Выручка' is clicked on

16-10-2024T07:17:11 - [TEST_STEP][PASSED] - Script1710234207206.Rosseti(nameOfBlock): null

16-10-2024T07:17:11 - [TEST_STEP][PASSED] - println("nameOfBlock:" + nameOfBlock): null

16-10-2024T07:17:11 - [TEST_STEP][PASSED] - click(findTestObject("Выручка в рублях/ПАО Россети" + nameOfBlock)): Object: 'Object Repository/Выручка в рублях/ПАО Россети Выручка' is clicked on

16-10-2024T07:17:12 - [MESSAGE][PASSED] - Object: 'Object Repository/Выручка в рублях/ПАО Россети Выручка' is clicked on

16-10-2024T07:17:12 - [TEST_STEP][PASSED] - click(findTestObject("Выручка в рублях/Применить в фильтре ДЗО" + nameOfBlock)): Object: 'Object Repository/Выручка в рублях/Применить в фильтре ДЗО Выручка' is clicked on

16-10-2024T07:17:13 - [MESSAGE][PASSED] - Object: 'Object Repository/Выручка в рублях/Применить в фильтре ДЗО Выручка' is clicked on

16-10-2024T07:17:13 - [TEST_STEP][PASSED] - if (vir == 1 || vir == 2): Text of object 'Object Repository/Выручка в рублях/График План Выручка' is: '938 020'

16-10-2024T07:17:13 - [TEST_STEP][PASSED] - b1 = getText(findTestObject("Выручка в рублях/График План Выручка")): Text of object 'Object Repository/Выручка в рублях/График План Выручка' is: '938 020'

16-10-2024T07:17:14 - [MESSAGE][PASSED] - Text of object 'Object Repository/Выручка в рублях/График План Выручка' is: '938 020'

16-10-2024T07:17:14 - [TEST_STEP][PASSED] - if (vir == 1 || vir == 2): Text of object 'Object Repository/Выручка в рублях/График Факт Выручка' is: '964 061'

16-10-2024T07:17:14 - [TEST_STEP][PASSED] - b2 = getText(findTestObject("Выручка в рублях/График Факт Выручка")): Text of object 'Object Repository/Выручка в рублях/График Факт Выручка' is: '964 061'

16-10-2024T07:17:15 - [MESSAGE][PASSED] - Text of object 'Object Repository/Выручка в рублях/График Факт Выручка' is: '964 061'

16-10-2024T07:17:15 - [TEST_STEP][PASSED] - b30 = getText(findTestObject("Выручка в рублях/span1" + perc)): Text of object 'Object Repository/Выручка в рублях/span1' is: '26 040.4 млн.руб.'

16-10-2024T07:17:15 - [MESSAGE][PASSED] - Text of object 'Object Repository/Выручка в рублях/span1' is: '26 040.4 млн.руб.'

16-10-2024T07:17:15 - [TEST_STEP][PASSED] - i = b30.indexOf("млн.руб."): null

16-10-2024T07:17:15 - [TEST_STEP][PASSED] - if (i > -1): null

16-10-2024T07:17:15 - [TEST_STEP][PASSED] - b30 = b30.substring(0, i): null

16-10-2024T07:17:15 - [TEST_STEP][PASSED] - b30 = b30.replaceAll(" ", ""): null

16-10-2024T07:17:15 - [TEST_STEP][PASSED] - if (b30.contains("%")): null

16-10-2024T07:17:15 - [TEST_STEP][PASSED] - b30 = ").trim(): null

16-10-2024T07:17:15 - [TEST_STEP][PASSED] - println("b30: " + b30): null

16-10-2024T07:17:15 - [TEST_STEP][PASSED] - if (vir == 1 || vir == 2): Text of object 'Object Repository/Выручка в рублях/span2' is: '173'

16-10-2024T07:17:15 - [TEST_STEP][PASSED] - b31 = ").trim(): Text of object 'Object Repository/Выручка в рублях/span2' is: '173'

16-10-2024T07:17:15 - [MESSAGE][PASSED] - Text of object 'Object Repository/Выручка в рублях/span2' is: '173'

16-10-2024T07:17:15 - [TEST_STEP][PASSED] - if (vir == 1 || vir == 2): Text of object 'Object Repository/Выручка в рублях/span3' is: '44'

16-10-2024T07:17:15 - [TEST_STEP][PASSED] - b32 = ").trim(): Text of object 'Object Repository/Выручка в рублях/span3' is: '44'

16-10-2024T07:17:16 - [MESSAGE][PASSED] - Text of object 'Object Repository/Выручка в рублях/span3' is: '44'

16-10-2024T07:17:16 - [TEST_STEP][PASSED] - if (vir == 1 || vir == 2): Text of object 'Object Repository/Выручка в рублях/span8' is: '695'

16-10-2024T07:17:16 - [TEST_STEP][PASSED] - b33 = ").trim(): Text of object 'Object Repository/Выручка в рублях/span4' is: '122'

16-10-2024T07:17:16 - [MESSAGE][PASSED] - Text of object 'Object Repository/Выручка в рублях/span4' is: '122'

16-10-2024T07:17:16 - [TEST_STEP][PASSED] - b34 = ").trim(): Text of object 'Object Repository/Выручка в рублях/span5' is: '3 000'

16-10-2024T07:17:16 - [MESSAGE][PASSED] - Text of object 'Object Repository/Выручка в рублях/span5' is: '3 000'

16-10-2024T07:17:16 - [TEST_STEP][PASSED] - b35 = ").trim(): Text of object 'Object Repository/Выручка в рублях/span6' is: '3 666'

16-10-2024T07:17:17 - [MESSAGE][PASSED] - Text of object 'Object Repository/Выручка в рублях/span6' is: '3 666'

16-10-2024T07:17:17 - [TEST_STEP][PASSED] - b36 = ").trim(): Text of object 'Object Repository/Выручка в рублях/span7' is: '6 842'

16-10-2024T07:17:17 - [MESSAGE][PASSED] - Text of object 'Object Repository/Выручка в рублях/span7' is: '6 842'

16-10-2024T07:17:17 - [TEST_STEP][PASSED] - b37 = ").trim(): Text of object 'Object Repository/Выручка в рублях/span8' is: '695'

16-10-2024T07:17:17 - [MESSAGE][PASSED] - Text of object 'Object Repository/Выручка в рублях/span8' is: '695'

16-10-2024T07:17:17 - [TEST_STEP][PASSED] - if (vir == 1 || vir == 2): Text of object 'Object Repository/Выручка в рублях/span17' is: '1 131'

16-10-2024T07:17:17 - [TEST_STEP][PASSED] - b38 = ").trim(): Text of object 'Object Repository/Выручка в рублях/span9' is: '1 000'

16-10-2024T07:17:18 - [MESSAGE][PASSED] - Text of object 'Object Repository/Выручка в рублях/span9' is: '1 000'

16-10-2024T07:17:18 - [TEST_STEP][PASSED] - b39 = ").trim(): Text of object 'Object Repository/Выручка в рублях/span10' is: '1 910'

16-10-2024T07:17:18 - [MESSAGE][PASSED] - Text of object 'Object Repository/Выручка в рублях/span10' is: '1 910'

16-10-2024T07:17:18 - [TEST_STEP][PASSED] - b310 = ").trim(): Text of object 'Object Repository/Выручка в рублях/span11' is: '228'

16-10-2024T07:17:18 - [MESSAGE][PASSED] - Text of object 'Object Repository/Выручка в рублях/span11' is: '228'

16-10-2024T07:17:18 - [TEST_STEP][PASSED] - b311 = ").trim(): Text of object 'Object Repository/Выручка в рублях/span12' is: '-3 453'

16-10-2024T07:17:18 - [MESSAGE][PASSED] - Text of object 'Object Repository/Выручка в рублях/span12' is: '-3 453'

16-10-2024T07:17:18 - [TEST_STEP][PASSED] - b312 = ").trim(): Text of object 'Object Repository/Выручка в рублях/span13' is: '1 778'

16-10-2024T07:17:19 - [MESSAGE][PASSED] - Text of object 'Object Repository/Выручка в рублях/span13' is: '1 778'

16-10-2024T07:17:19 - [TEST_STEP][PASSED] - b313 = ").trim(): Text of object 'Object Repository/Выручка в рублях/span14' is: '1 353'

16-10-2024T07:17:19 - [MESSAGE][PASSED] - Text of object 'Object Repository/Выручка в рублях/span14' is: '1 353'

16-10-2024T07:17:19 - [TEST_STEP][PASSED] - b314 = ").trim(): Text of object 'Object Repository/Выручка в рублях/span15' is: '3 442'

16-10-2024T07:17:19 - [MESSAGE][PASSED] - Text of object 'Object Repository/Выручка в рублях/span15' is: '3 442'

16-10-2024T07:17:19 - [TEST_STEP][PASSED] - b315 = ").trim(): Text of object 'Object Repository/Выручка в рублях/span16' is: '3 872'

16-10-2024T07:17:20 - [MESSAGE][PASSED] - Text of object 'Object Repository/Выручка в рублях/span16' is: '3 872'

16-10-2024T07:17:20 - [TEST_STEP][PASSED] - b316 = ").trim(): Text of object 'Object Repository/Выручка в рублях/span17' is: '1 131'

16-10-2024T07:17:20 - [MESSAGE][PASSED] - Text of object 'Object Repository/Выручка в рублях/span17' is: '1 131'

16-10-2024T07:17:20 - [TEST_STEP][PASSED] - if (vir == 1 || vir == 2): Text of object 'Object Repository/Выручка в рублях/span18' is: '237'

16-10-2024T07:17:20 - [TEST_STEP][PASSED] - b317 = ").trim(): Text of object 'Object Repository/Выручка в рублях/span18' is: '237'

16-10-2024T07:17:20 - [MESSAGE][PASSED] - Text of object 'Object Repository/Выручка в рублях/span18' is: '237'

16-10-2024T07:17:20 - [TEST_STEP][PASSED] - dZO = "ПАО Россети": null

16-10-2024T07:17:20 - [TEST_STEP][PASSED] - if (verifyEqual(a1, b1) == false): Actual object '938 020' and expected object '938 020' are equal

16-10-2024T07:17:20 - [MESSAGE][PASSED] - Actual object '938 020' and expected object '938 020' are equal

16-10-2024T07:17:20 - [TEST_STEP][PASSED] - if (verifyEqual(a2, b2) == false): Actual object '964 061' and expected object '964 061' are equal

16-10-2024T07:17:20 - [MESSAGE][PASSED] - Actual object '964 061' and expected object '964 061' are equal

16-10-2024T07:17:20 - [TEST_STEP][PASSED] - vidget = "Отклонения": null

16-10-2024T07:17:20 - [TEST_STEP][PASSED] - if (verifyEqual(a30, b30) == false): Actual object '26040.4' and expected object '26040.4' are equal

16-10-2024T07:17:20 - [MESSAGE][PASSED] - Actual object '26040.4' and expected object '26040.4' are equal

16-10-2024T07:17:20 - [TEST_STEP][PASSED] - dZO = "АО «Тываэнерго»": null

16-10-2024T07:17:20 - [TEST_STEP][PASSED] - if (verifyEqual(a31, b31) == false): Actual object '173' and expected object '173' are equal

16-10-2024T07:17:20 - [MESSAGE][PASSED] - Actual object '173' and expected object '173' are equal

16-10-2024T07:17:20 - [TEST_STEP][PASSED] - dZO = "АО «Чеченэнерго»": null

16-10-2024T07:17:20 - [TEST_STEP][PASSED] - if (verifyEqual(a32, b32) == false): Actual object '44' and expected object '44' are equal

16-10-2024T07:17:20 - [MESSAGE][PASSED] - Actual object '44' and expected object '44' are equal

16-10-2024T07:17:20 - [TEST_STEP][PASSED] - dZO = "Россети Волга": null

16-10-2024T07:17:20 - [TEST_STEP][PASSED] - if (verifyEqual(a33, b33) == false): Actual object '122' and expected object '122' are equal

16-10-2024T07:17:20 - [MESSAGE][PASSED] - Actual object '122' and expected object '122' are equal

16-10-2024T07:17:20 - [TEST_STEP][PASSED] - dZO = "Россети Кубань": null

16-10-2024T07:17:20 - [TEST_STEP][PASSED] - if (verifyEqual(a34, b34) == false): Actual object '3 000' and expected object '3 000' are equal

16-10-2024T07:17:20 - [MESSAGE][PASSED] - Actual object '3 000' and expected object '3 000' are equal

16-10-2024T07:17:20 - [TEST_STEP][PASSED] - dZO = "Россети Ленэнерго (ГК)": null

16-10-2024T07:17:20 - [TEST_STEP][PASSED] - if (verifyEqual(a35, b35) == false): Actual object '3 666' and expected object '3 666' are equal

16-10-2024T07:17:20 - [MESSAGE][PASSED] - Actual object '3 666' and expected object '3 666' are equal

16-10-2024T07:17:20 - [TEST_STEP][PASSED] - dZO = "Россети Московский регион": null

16-10-2024T07:17:20 - [TEST_STEP][PASSED] - if (verifyEqual(a36, b36) == false): Actual object '6 842' and expected object '6 842' are equal

16-10-2024T07:17:20 - [MESSAGE][PASSED] - Actual object '6 842' and expected object '6 842' are equal

16-10-2024T07:17:20 - [TEST_STEP][PASSED] - dZO = "Россети Северный Кавказ (ГК)": null

16-10-2024T07:17:20 - [TEST_STEP][PASSED] - if (verifyEqual(a37, b37) == false): Actual object '695' and expected object '695' are equal

16-10-2024T07:17:20 - [MESSAGE][PASSED] - Actual object '695' and expected object '695' are equal

16-10-2024T07:17:20 - [TEST_STEP][PASSED] - dZO = "Россети Северо-Запад": null

16-10-2024T07:17:20 - [TEST_STEP][PASSED] - if (verifyEqual(a38, b38) == false): Actual object '1 000' and expected object '1 000' are equal

16-10-2024T07:17:20 - [MESSAGE][PASSED] - Actual object '1 000' and expected object '1 000' are equal

16-10-2024T07:17:20 - [TEST_STEP][PASSED] - dZO = "Россети Сибирь (ГК)": null

16-10-2024T07:17:20 - [TEST_STEP][PASSED] - if (verifyEqual(a39, b39) == false): Actual object '1 910' and expected object '1 910' are equal

16-10-2024T07:17:20 - [MESSAGE][PASSED] - Actual object '1 910' and expected object '1 910' are equal

16-10-2024T07:17:20 - [TEST_STEP][PASSED] - dZO = "Россети Томск": null

16-10-2024T07:17:20 - [TEST_STEP][PASSED] - if (verifyEqual(a310, b310) == false): Actual object '228' and expected object '228' are equal

16-10-2024T07:17:20 - [MESSAGE][PASSED] - Actual object '228' and expected object '228' are equal

16-10-2024T07:17:20 - [TEST_STEP][PASSED] - dZO = "Россети Тюмень": null

16-10-2024T07:17:20 - [TEST_STEP][PASSED] - if (verifyEqual(a311, b311) == false): Actual object '-3 453' and expected object '-3 453' are equal

16-10-2024T07:17:20 - [MESSAGE][PASSED] - Actual object '-3 453' and expected object '-3 453' are equal

16-10-2024T07:17:20 - [TEST_STEP][PASSED] - dZO = "Россети Урал (ГК)": null

16-10-2024T07:17:20 - [TEST_STEP][PASSED] - if (verifyEqual(a312, b312) == false): Actual object '1 778' and expected object '1 778' are equal

16-10-2024T07:17:20 - [MESSAGE][PASSED] - Actual object '1 778' and expected object '1 778' are equal

16-10-2024T07:17:20 - [TEST_STEP][PASSED] - dZO = "Россети ФСК ЕЭС": null

16-10-2024T07:17:20 - [TEST_STEP][PASSED] - if (verifyEqual(a313, b313) == false): Actual object '1 353' and expected object '1 353' are equal

16-10-2024T07:17:20 - [MESSAGE][PASSED] - Actual object '1 353' and expected object '1 353' are equal

16-10-2024T07:17:20 - [TEST_STEP][PASSED] - dZO = "Россети Центр": null

16-10-2024T07:17:20 - [TEST_STEP][PASSED] - if (verifyEqual(a314, b314) == false): Actual object '3 442' and expected object '3 442' are equal

16-10-2024T07:17:20 - [MESSAGE][PASSED] - Actual object '3 442' and expected object '3 442' are equal

16-10-2024T07:17:20 - [TEST_STEP][PASSED] - dZO = "Россети Центр и Приволжье (ГК)": null

16-10-2024T07:17:20 - [TEST_STEP][PASSED] - if (verifyEqual(a315, b315) == false): Actual object '3 872' and expected object '3 872' are equal

16-10-2024T07:17:20 - [MESSAGE][PASSED] - Actual object '3 872' and expected object '3 872' are equal

16-10-2024T07:17:20 - [TEST_STEP][PASSED] - dZO = "Россети Юг (ГК)": null

16-10-2024T07:17:20 - [TEST_STEP][PASSED] - if (verifyEqual(a316, b316) == false): Actual object '1 131' and expected object '1 131' are equal

16-10-2024T07:17:20 - [MESSAGE][PASSED] - Actual object '1 131' and expected object '1 131' are equal

16-10-2024T07:17:20 - [TEST_STEP][PASSED] - dZO = "Россети Янтарь": null

16-10-2024T07:17:20 - [TEST_STEP][PASSED] - if (verifyEqual(a317, b317) == false): Actual object '237' and expected object '237' are equal

16-10-2024T07:17:20 - [MESSAGE][PASSED] - Actual object '237' and expected object '237' are equal

16-10-2024T07:17:20 - [TEST_STEP][PASSED] - closeBrowser(): null

16-10-2024T07:17:21 - [MESSAGE][PASSED] - Browser is closed

16-10-2024T07:17:21 - [TEST_STEP][PASSED] - Script1710234207206.Blocks(run, vir, block, nameOfBlock, typeOfData, viruchka, vidget, todaysDate, a, b, dZO, x, y): null

16-10-2024T07:17:21 - [TEST_STEP][PASSED] - i = <not implemented yet for class: org.codehaus.groovy.ast.expr.EmptyExpression>: null

16-10-2024T07:17:21 - [TEST_STEP][PASSED] - perc = "": null

16-10-2024T07:17:21 - [TEST_STEP][PASSED] - a1 = <not implemented yet for class: org.codehaus.groovy.ast.expr.EmptyExpression>: null

16-10-2024T07:17:21 - [TEST_STEP][PASSED] - a2 = <not implemented yet for class: org.codehaus.groovy.ast.expr.EmptyExpression>: null

16-10-2024T07:17:21 - [TEST_STEP][PASSED] - a30 = <not implemented yet for class: org.codehaus.groovy.ast.expr.EmptyExpression>: null

16-10-2024T07:17:21 - [TEST_STEP][PASSED] - a31 = <not implemented yet for class: org.codehaus.groovy.ast.expr.EmptyExpression>: null

16-10-2024T07:17:21 - [TEST_STEP][PASSED] - a32 = <not implemented yet for class: org.codehaus.groovy.ast.expr.EmptyExpression>: null

16-10-2024T07:17:21 - [TEST_STEP][PASSED] - a33 = <not implemented yet for class: org.codehaus.groovy.ast.expr.EmptyExpression>: null

16-10-2024T07:17:21 - [TEST_STEP][PASSED] - a34 = <not implemented yet for class: org.codehaus.groovy.ast.expr.EmptyExpression>: null

16-10-2024T07:17:21 - [TEST_STEP][PASSED] - a35 = <not implemented yet for class: org.codehaus.groovy.ast.expr.EmptyExpression>: null

16-10-2024T07:17:21 - [TEST_STEP][PASSED] - a36 = <not implemented yet for class: org.codehaus.groovy.ast.expr.EmptyExpression>: null

16-10-2024T07:17:21 - [TEST_STEP][PASSED] - a37 = <not implemented yet for class: org.codehaus.groovy.ast.expr.EmptyExpression>: null

16-10-2024T07:17:21 - [TEST_STEP][PASSED] - a38 = <not implemented yet for class: org.codehaus.groovy.ast.expr.EmptyExpression>: null

16-10-2024T07:17:21 - [TEST_STEP][PASSED] - a39 = <not implemented yet for class: org.codehaus.groovy.ast.expr.EmptyExpression>: null

16-10-2024T07:17:21 - [TEST_STEP][PASSED] - a310 = <not implemented yet for class: org.codehaus.groovy.ast.expr.EmptyExpression>: null

16-10-2024T07:17:21 - [TEST_STEP][PASSED] - a311 = <not implemented yet for class: org.codehaus.groovy.ast.expr.EmptyExpression>: null

16-10-2024T07:17:21 - [TEST_STEP][PASSED] - a312 = <not implemented yet for class: org.codehaus.groovy.ast.expr.EmptyExpression>: null

16-10-2024T07:17:21 - [TEST_STEP][PASSED] - a313 = <not implemented yet for class: org.codehaus.groovy.ast.expr.EmptyExpression>: null

16-10-2024T07:17:21 - [TEST_STEP][PASSED] - a314 = <not implemented yet for class: org.codehaus.groovy.ast.expr.EmptyExpression>: null

16-10-2024T07:17:21 - [TEST_STEP][PASSED] - a315 = <not implemented yet for class: org.codehaus.groovy.ast.expr.EmptyExpression>: null

16-10-2024T07:17:21 - [TEST_STEP][PASSED] - a316 = <not implemented yet for class: org.codehaus.groovy.ast.expr.EmptyExpression>: null

16-10-2024T07:17:21 - [TEST_STEP][PASSED] - a317 = <not implemented yet for class: org.codehaus.groovy.ast.expr.EmptyExpression>: null

16-10-2024T07:17:21 - [TEST_STEP][PASSED] - b1 = <not implemented yet for class: org.codehaus.groovy.ast.expr.EmptyExpression>: null

16-10-2024T07:17:21 - [TEST_STEP][PASSED] - b2 = <not implemented yet for class: org.codehaus.groovy.ast.expr.EmptyExpression>: null

16-10-2024T07:17:21 - [TEST_STEP][PASSED] - b30 = <not implemented yet for class: org.codehaus.groovy.ast.expr.EmptyExpression>: null

16-10-2024T07:17:21 - [TEST_STEP][PASSED] - b31 = <not implemented yet for class: org.codehaus.groovy.ast.expr.EmptyExpression>: null

16-10-2024T07:17:21 - [TEST_STEP][PASSED] - b32 = <not implemented yet for class: org.codehaus.groovy.ast.expr.EmptyExpression>: null

16-10-2024T07:17:21 - [TEST_STEP][PASSED] - b33 = <not implemented yet for class: org.codehaus.groovy.ast.expr.EmptyExpression>: null

16-10-2024T07:17:21 - [TEST_STEP][PASSED] - b34 = <not implemented yet for class: org.codehaus.groovy.ast.expr.EmptyExpression>: null

16-10-2024T07:17:21 - [TEST_STEP][PASSED] - b35 = <not implemented yet for class: org.codehaus.groovy.ast.expr.EmptyExpression>: null

16-10-2024T07:17:21 - [TEST_STEP][PASSED] - b36 = <not implemented yet for class: org.codehaus.groovy.ast.expr.EmptyExpression>: null

16-10-2024T07:17:21 - [TEST_STEP][PASSED] - b37 = <not implemented yet for class: org.codehaus.groovy.ast.expr.EmptyExpression>: null

16-10-2024T07:17:21 - [TEST_STEP][PASSED] - b38 = <not implemented yet for class: org.codehaus.groovy.ast.expr.EmptyExpression>: null

16-10-2024T07:17:21 - [TEST_STEP][PASSED] - b39 = <not implemented yet for class: org.codehaus.groovy.ast.expr.EmptyExpression>: null

16-10-2024T07:17:21 - [TEST_STEP][PASSED] - b310 = <not implemented yet for class: org.codehaus.groovy.ast.expr.EmptyExpression>: null

16-10-2024T07:17:21 - [TEST_STEP][PASSED] - b311 = <not implemented yet for class: org.codehaus.groovy.ast.expr.EmptyExpression>: null

16-10-2024T07:17:21 - [TEST_STEP][PASSED] - b312 = <not implemented yet for class: org.codehaus.groovy.ast.expr.EmptyExpression>: null

16-10-2024T07:17:21 - [TEST_STEP][PASSED] - b313 = <not implemented yet for class: org.codehaus.groovy.ast.expr.EmptyExpression>: null

16-10-2024T07:17:21 - [TEST_STEP][PASSED] - b314 = <not implemented yet for class: org.codehaus.groovy.ast.expr.EmptyExpression>: null

16-10-2024T07:17:21 - [TEST_STEP][PASSED] - b315 = <not implemented yet for class: org.codehaus.groovy.ast.expr.EmptyExpression>: null

16-10-2024T07:17:21 - [TEST_STEP][PASSED] - b316 = <not implemented yet for class: org.codehaus.groovy.ast.expr.EmptyExpression>: null

16-10-2024T07:17:21 - [TEST_STEP][PASSED] - b317 = <not implemented yet for class: org.codehaus.groovy.ast.expr.EmptyExpression>: null

16-10-2024T07:17:21 - [TEST_STEP][PASSED] - block = 1: null

16-10-2024T07:17:21 - [TEST_STEP][PASSED] - nameOfBlock = "": null

16-10-2024T07:17:21 - [TEST_STEP][PASSED] - Script1710234207206.PreSettings(run, vir, block, nameOfBlock, typeOfData, todaysDate): null

16-10-2024T07:17:21 - [TEST_STEP][PASSED] - openBrowser(""): Browser is opened with url: ''

16-10-2024T07:17:21 - [MESSAGE][INFO] - Starting 'Chrome' driver

16-10-2024T07:17:21 - [MESSAGE][INFO] - Action delay is set to 0 milliseconds

16-10-2024T07:17:21 - [MESSAGE][PASSED] - Browser is opened with url: ''

16-10-2024T07:17:21 - [TEST_STEP][PASSED] - refresh(): Refresh successfully

16-10-2024T07:17:21 - [MESSAGE][PASSED] - Refresh successfully

16-10-2024T07:17:21 - [TEST_STEP][PASSED] - delay(50): Delayed 50 second(s)

16-10-2024T07:18:12 - [MESSAGE][PASSED] - Delayed 50 second(s)

16-10-2024T07:18:12 - [TEST_STEP][PASSED] - println("run:" + run): null

16-10-2024T07:18:12 - [TEST_STEP][PASSED] - println("vir:" + vir): null

16-10-2024T07:18:12 - [TEST_STEP][PASSED] - println("block:" + block): null

16-10-2024T07:18:12 - [TEST_STEP][PASSED] - if (block == 1): null

16-10-2024T07:18:12 - [TEST_STEP][PASSED] - nameOfBlock = "": null

16-10-2024T07:18:12 - [TEST_STEP][PASSED] - println("nameOfBlock:" + nameOfBlock): null

16-10-2024T07:18:12 - [TEST_STEP][PASSED] - println("typeOfData:" + typeOfData): null

16-10-2024T07:18:12 - [TEST_STEP][PASSED] - println("todaysDate:" + todaysDate): null

16-10-2024T07:18:12 - [TEST_STEP][PASSED] - Script1710234207206.Autorization(block, nameOfBlock): null

16-10-2024T07:18:12 - [TEST_STEP][PASSED] - println("block:" + block): null

16-10-2024T07:18:12 - [TEST_STEP][PASSED] - if (block == 1): null

16-10-2024T07:18:12 - [TEST_STEP][PASSED] - nameOfBlock = "": null

16-10-2024T07:18:12 - [TEST_STEP][PASSED] - println("nameOfBlock:" + nameOfBlock): null

16-10-2024T07:18:12 - [TEST_STEP][PASSED] - if (block == 1): Delayed 45 second(s)

16-10-2024T07:18:12 - [TEST_STEP][PASSED] - navigateToUrl(findTestData("PlanFact").getValue(10, 2)): Navigate to 'https://bi.rosseti.digital/viewer?dashboardGuid=2301950b23be4ed89c1df75f2020051e&sheetGuid=b723206f698544fb87299f3095c00435&fit=true' successfully

16-10-2024T07:18:16 - [MESSAGE][PASSED] - Navigate to 'https://bi.rosseti.digital/viewer?dashboardGuid=2301950b23be4ed89c1df75f2020051e&sheetGuid=b723206f698544fb87299f3095c00435&fit=true' successfully

16-10-2024T07:18:16 - [TEST_STEP][PASSED] - delay(45): Delayed 45 second(s)

16-10-2024T07:19:01 - [MESSAGE][PASSED] - Delayed 45 second(s)

16-10-2024T07:19:01 - [TEST_STEP][PASSED] - if (verifyElementPresent(findTestObject("Страница авторизации/button_"), 30) == true): null

16-10-2024T07:19:01 - [MESSAGE][PASSED] - Object 'Object Repository/Страница авторизации/button_' is present

16-10-2024T07:19:01 - [TEST_STEP][PASSED] - setText(findTestObject("Страница авторизации/input__username"), findTestData("PlanFact").getValue(8, 1)): Text 'shekhov-aa' is set on object 'Object Repository/Страница авторизации/input__username'

16-10-2024T07:19:02 - [MESSAGE][PASSED] - Text 'shekhov-aa' is set on object 'Object Repository/Страница авторизации/input__username'

16-10-2024T07:19:02 - [TEST_STEP][PASSED] - setText(findTestObject("Страница авторизации/input__password"), findTestData("PlanFact").getValue(9, 1)): Text 'i)RpQLLlXv9gUDC9' is set on object 'Object Repository/Страница авторизации/input__password'

16-10-2024T07:19:02 - [MESSAGE][PASSED] - Text 'i)RpQLLlXv9gUDC9' is set on object 'Object Repository/Страница авторизации/input__password'

16-10-2024T07:19:02 - [TEST_STEP][PASSED] - click(findTestObject("Страница авторизации/button_")): Object: 'Object Repository/Страница авторизации/button_' is clicked on

16-10-2024T07:19:05 - [MESSAGE][PASSED] - Object: 'Object Repository/Страница авторизации/button_' is clicked on

16-10-2024T07:19:05 - [TEST_STEP][PASSED] - delay(45): Delayed 45 second(s)

16-10-2024T07:19:50 - [MESSAGE][PASSED] - Delayed 45 second(s)

16-10-2024T07:19:50 - [TEST_STEP][PASSED] - if (block == 2): null

16-10-2024T07:19:50 - [TEST_STEP][PASSED] - click(findTestObject("Выручка в рублях/Фильтр Период" + nameOfBlock)): Object: 'Object Repository/Выручка в рублях/Фильтр Период' is clicked on

16-10-2024T07:19:51 - [MESSAGE][PASSED] - Object: 'Object Repository/Выручка в рублях/Фильтр Период' is clicked on

16-10-2024T07:19:51 - [TEST_STEP][PASSED] - click(findTestObject("Выручка в рублях/Снять выделение в фильтре Дата" + nameOfBlock)): Object: 'Object Repository/Выручка в рублях/Снять выделение в фильтре Дата' is clicked on

16-10-2024T07:19:51 - [MESSAGE][PASSED] - Object: 'Object Repository/Выручка в рублях/Снять выделение в фильтре Дата' is clicked on

16-10-2024T07:19:51 - [TEST_STEP][PASSED] - click(findTestObject("Выручка в рублях/Применить в фильтре Дата" + nameOfBlock)): Object: 'Object Repository/Выручка в рублях/Применить в фильтре Дата' is clicked on

16-10-2024T07:19:52 - [MESSAGE][PASSED] - Object: 'Object Repository/Выручка в рублях/Применить в фильтре Дата' is clicked on

16-10-2024T07:19:52 - [TEST_STEP][PASSED] - delay(50): Delayed 50 second(s)

16-10-2024T07:20:42 - [MESSAGE][PASSED] - Delayed 50 second(s)

16-10-2024T07:20:42 - [TEST_STEP][PASSED] - click(findTestObject("Выручка в рублях/Фильтр Период" + nameOfBlock)): Object: 'Object Repository/Выручка в рублях/Фильтр Период' is clicked on

16-10-2024T07:20:42 - [MESSAGE][PASSED] - Object: 'Object Repository/Выручка в рублях/Фильтр Период' is clicked on

16-10-2024T07:20:42 - [TEST_STEP][PASSED] - click(findTestObject("Выручка в рублях/Снять выделение в фильтре Дата" + nameOfBlock)): Object: 'Object Repository/Выручка в рублях/Снять выделение в фильтре Дата' is clicked on

16-10-2024T07:20:42 - [MESSAGE][PASSED] - Object: 'Object Repository/Выручка в рублях/Снять выделение в фильтре Дата' is clicked on

16-10-2024T07:20:42 - [TEST_STEP][PASSED] - scrollToElement(findTestObject("Выручка в рублях/2024 список" + nameOfBlock), 30): Scroll to object 'Object Repository/Выручка в рублях/2024 список' successfully

16-10-2024T07:20:43 - [MESSAGE][PASSED] - Scroll to object 'Object Repository/Выручка в рублях/2024 список' successfully

16-10-2024T07:20:43 - [TEST_STEP][PASSED] - click(findTestObject("Выручка в рублях/2024 список" + nameOfBlock)): Object: 'Object Repository/Выручка в рублях/2024 список' is clicked on

16-10-2024T07:20:43 - [MESSAGE][PASSED] - Object: 'Object Repository/Выручка в рублях/2024 список' is clicked on

16-10-2024T07:20:43 - [TEST_STEP][PASSED] - scrollToElement(findTestObject("Выручка в рублях/1 квартал 2024 выбрать" + nameOfBlock), 30): Scroll to object 'Object Repository/Выручка в рублях/1 квартал 2024 выбрать' successfully

16-10-2024T07:20:44 - [MESSAGE][PASSED] - Scroll to object 'Object Repository/Выручка в рублях/1 квартал 2024 выбрать' successfully

16-10-2024T07:20:44 - [TEST_STEP][PASSED] - click(findTestObject("Выручка в рублях/1 квартал 2024 выбрать" + nameOfBlock)): Object: 'Object Repository/Выручка в рублях/1 квартал 2024 выбрать' is clicked on

16-10-2024T07:20:44 - [MESSAGE][PASSED] - Object: 'Object Repository/Выручка в рублях/1 квартал 2024 выбрать' is clicked on

16-10-2024T07:20:44 - [TEST_STEP][PASSED] - scrollToElement(findTestObject("Выручка в рублях/2 квартал 2024 выбрать" + nameOfBlock), 30): Scroll to object 'Object Repository/Выручка в рублях/2 квартал 2024 выбрать' successfully

16-10-2024T07:20:44 - [MESSAGE][PASSED] - Scroll to object 'Object Repository/Выручка в рублях/2 квартал 2024 выбрать' successfully

16-10-2024T07:20:44 - [TEST_STEP][PASSED] - click(findTestObject("Выручка в рублях/2 квартал 2024 выбрать" + nameOfBlock)): Object: 'Object Repository/Выручка в рублях/2 квартал 2024 выбрать' is clicked on

16-10-2024T07:20:45 - [MESSAGE][PASSED] - Object: 'Object Repository/Выручка в рублях/2 квартал 2024 выбрать' is clicked on

16-10-2024T07:20:45 - [TEST_STEP][PASSED] - scrollToElement(findTestObject("Выручка в рублях/3 квартал 2024 список" + nameOfBlock), 30): Scroll to object 'Object Repository/Выручка в рублях/3 квартал 2024 список' successfully

16-10-2024T07:20:45 - [MESSAGE][PASSED] - Scroll to object 'Object Repository/Выручка в рублях/3 квартал 2024 список' successfully

16-10-2024T07:20:45 - [TEST_STEP][PASSED] - click(findTestObject("Выручка в рублях/3 квартал 2024 список" + nameOfBlock)): Object: 'Object Repository/Выручка в рублях/3 квартал 2024 список' is clicked on

16-10-2024T07:20:45 - [MESSAGE][PASSED] - Object: 'Object Repository/Выручка в рублях/3 квартал 2024 список' is clicked on

16-10-2024T07:20:45 - [TEST_STEP][PASSED] - click(findTestObject("Выручка в рублях/Июль 2024" + nameOfBlock)): Object: 'Object Repository/Выручка в рублях/Июль 2024' is clicked on

16-10-2024T07:20:46 - [MESSAGE][PASSED] - Object: 'Object Repository/Выручка в рублях/Июль 2024' is clicked on

16-10-2024T07:20:46 - [TEST_STEP][PASSED] - scrollToElement(findTestObject("Выручка в рублях/Август 2024" + nameOfBlock), 30): Scroll to object 'Object Repository/Выручка в рублях/Август 2024' successfully

16-10-2024T07:20:46 - [MESSAGE][PASSED] - Scroll to object 'Object Repository/Выручка в рублях/Август 2024' successfully

16-10-2024T07:20:46 - [TEST_STEP][PASSED] - click(findTestObject("Выручка в рублях/Август 2024" + nameOfBlock)): Object: 'Object Repository/Выручка в рублях/Август 2024' is clicked on

16-10-2024T07:20:47 - [MESSAGE][PASSED] - Object: 'Object Repository/Выручка в рублях/Август 2024' is clicked on

16-10-2024T07:20:47 - [TEST_STEP][PASSED] - scrollToElement(findTestObject("Выручка в рублях/Заголовок дашборда" + nameOfBlock), 30): Scroll to object 'Object Repository/Выручка в рублях/Заголовок дашборда' successfully

16-10-2024T07:20:47 - [MESSAGE][PASSED] - Scroll to object 'Object Repository/Выручка в рублях/Заголовок дашборда' successfully

16-10-2024T07:20:47 - [TEST_STEP][PASSED] - click(findTestObject("Выручка в рублях/Применить в фильтре Дата" + nameOfBlock)): Object: 'Object Repository/Выручка в рублях/Применить в фильтре Дата' is clicked on

16-10-2024T07:20:48 - [MESSAGE][PASSED] - Object: 'Object Repository/Выручка в рублях/Применить в фильтре Дата' is clicked on

16-10-2024T07:20:48 - [TEST_STEP][PASSED] - delay(50): Delayed 50 second(s)

16-10-2024T07:21:38 - [MESSAGE][PASSED] - Delayed 50 second(s)

16-10-2024T07:21:38 - [TEST_STEP][PASSED] - click(findTestObject("Выручка в рублях/Фильтр ДЗО" + nameOfBlock)): Object: 'Object Repository/Выручка в рублях/Фильтр ДЗО' is clicked on

16-10-2024T07:21:38 - [MESSAGE][PASSED] - Object: 'Object Repository/Выручка в рублях/Фильтр ДЗО' is clicked on

16-10-2024T07:21:38 - [TEST_STEP][PASSED] - click(findTestObject("Выручка в рублях/Снять выделение в фильтре ДЗО" + nameOfBlock)): Object: 'Object Repository/Выручка в рублях/Снять выделение в фильтре ДЗО' is clicked on

16-10-2024T07:21:39 - [MESSAGE][PASSED] - Object: 'Object Repository/Выручка в рублях/Снять выделение в фильтре ДЗО' is clicked on

16-10-2024T07:21:39 - [TEST_STEP][PASSED] - click(findTestObject("Выручка в рублях/Применить в фильтре ДЗО" + nameOfBlock)): Object: 'Object Repository/Выручка в рублях/Применить в фильтре ДЗО' is clicked on

16-10-2024T07:21:39 - [MESSAGE][PASSED] - Object: 'Object Repository/Выручка в рублях/Применить в фильтре ДЗО' is clicked on

16-10-2024T07:21:39 - [TEST_STEP][PASSED] - delay(50): Delayed 50 second(s)

16-10-2024T07:22:29 - [MESSAGE][PASSED] - Delayed 50 second(s)

16-10-2024T07:22:29 - [TEST_STEP][PASSED] - Script1710234207206.Tumbler(run, vir, block, nameOfBlock): null

16-10-2024T07:22:29 - [TEST_STEP][PASSED] - println("run:" + run): null

16-10-2024T07:22:29 - [TEST_STEP][PASSED] - println("vir:" + vir): null

16-10-2024T07:22:29 - [TEST_STEP][PASSED] - println("block:" + block): null

16-10-2024T07:22:29 - [TEST_STEP][PASSED] - println("nameOfBlock:" + nameOfBlock): null

16-10-2024T07:22:29 - [TEST_STEP][PASSED] - if (vir == 1): null

16-10-2024T07:22:29 - [TEST_STEP][PASSED] - else if (vir == 2): Object: 'Object Repository/Выручка в рублях/Применить в фильтре Выручка' is clicked on

16-10-2024T07:22:29 - [TEST_STEP][PASSED] - if (run == 2): null

16-10-2024T07:22:29 - [TEST_STEP][PASSED] - click(findTestObject("Выручка в рублях/Фильтр Выручка" + nameOfBlock)): Object: 'Object Repository/Выручка в рублях/Фильтр Выручка' is clicked on

16-10-2024T07:22:29 - [MESSAGE][PASSED] - Object: 'Object Repository/Выручка в рублях/Фильтр Выручка' is clicked on

16-10-2024T07:22:29 - [TEST_STEP][PASSED] - click(findTestObject("Выручка в рублях/Итого в фильтре Выручка" + nameOfBlock)): Object: 'Object Repository/Выручка в рублях/Итого в фильтре Выручка' is clicked on

16-10-2024T07:22:30 - [MESSAGE][PASSED] - Object: 'Object Repository/Выручка в рублях/Итого в фильтре Выручка' is clicked on

16-10-2024T07:22:30 - [TEST_STEP][PASSED] - click(findTestObject("Выручка в рублях/Применить в фильтре Выручка" + nameOfBlock)): Object: 'Object Repository/Выручка в рублях/Применить в фильтре Выручка' is clicked on

16-10-2024T07:22:31 - [MESSAGE][PASSED] - Object: 'Object Repository/Выручка в рублях/Применить в фильтре Выручка' is clicked on

16-10-2024T07:22:31 - [TEST_STEP][PASSED] - click(findTestObject("Выручка в рублях/Фильтр ДЗО" + nameOfBlock)): Object: 'Object Repository/Выручка в рублях/Фильтр ДЗО' is clicked on

16-10-2024T07:22:33 - [MESSAGE][PASSED] - Object: 'Object Repository/Выручка в рублях/Фильтр ДЗО' is clicked on

16-10-2024T07:22:33 - [TEST_STEP][PASSED] - Script1710234207206.Rosseti(nameOfBlock): null

16-10-2024T07:22:33 - [TEST_STEP][PASSED] - println("nameOfBlock:" + nameOfBlock): null

16-10-2024T07:22:33 - [TEST_STEP][PASSED] - click(findTestObject("Выручка в рублях/ПАО Россети" + nameOfBlock)): Object: 'Object Repository/Выручка в рублях/ПАО Россети' is clicked on

16-10-2024T07:22:33 - [MESSAGE][PASSED] - Object: 'Object Repository/Выручка в рублях/ПАО Россети' is clicked on

16-10-2024T07:22:33 - [TEST_STEP][PASSED] - click(findTestObject("Выручка в рублях/Применить в фильтре ДЗО" + nameOfBlock)): Object: 'Object Repository/Выручка в рублях/Применить в фильтре ДЗО' is clicked on

16-10-2024T07:22:34 - [MESSAGE][PASSED] - Object: 'Object Repository/Выручка в рублях/Применить в фильтре ДЗО' is clicked on

16-10-2024T07:22:34 - [TEST_STEP][PASSED] - if (run == 2): null

16-10-2024T07:22:34 - [TEST_STEP][PASSED] - if (vir == 1 || vir == 2): Text of object 'Object Repository/Выручка в рублях/График План' is: '922 071'

16-10-2024T07:22:34 - [TEST_STEP][PASSED] - a1 = getText(findTestObject("Выручка в рублях/График План")): Text of object 'Object Repository/Выручка в рублях/График План' is: '922 071'

16-10-2024T07:22:36 - [MESSAGE][PASSED] - Text of object 'Object Repository/Выручка в рублях/График План' is: '922 071'

16-10-2024T07:22:36 - [TEST_STEP][PASSED] - if (vir == 1 || vir == 2): Text of object 'Object Repository/Выручка в рублях/График Факт' is: '947 588'

16-10-2024T07:22:36 - [TEST_STEP][PASSED] - a2 = getText(findTestObject("Выручка в рублях/График Факт")): Text of object 'Object Repository/Выручка в рублях/График Факт' is: '947 588'

16-10-2024T07:22:36 - [MESSAGE][PASSED] - Text of object 'Object Repository/Выручка в рублях/График Факт' is: '947 588'

16-10-2024T07:22:36 - [TEST_STEP][PASSED] - a30 = getText(findTestObject("Выручка в рублях/span1" + perc)): Text of object 'Object Repository/Выручка в рублях/span1' is: '25 516.4 млн.руб.'

16-10-2024T07:22:36 - [MESSAGE][PASSED] - Text of object 'Object Repository/Выручка в рублях/span1' is: '25 516.4 млн.руб.'

16-10-2024T07:22:36 - [TEST_STEP][PASSED] - i = a30.indexOf("млн.руб."): null

16-10-2024T07:22:36 - [TEST_STEP][PASSED] - if (i > -1): null

16-10-2024T07:22:36 - [TEST_STEP][PASSED] - a30 = a30.substring(0, i): null

16-10-2024T07:22:36 - [TEST_STEP][PASSED] - a30 = a30.replaceAll(" ", ""): null

16-10-2024T07:22:36 - [TEST_STEP][PASSED] - if (a30.contains("%")): null

16-10-2024T07:22:36 - [TEST_STEP][PASSED] - a30 = ").trim(): null

16-10-2024T07:22:36 - [TEST_STEP][PASSED] - println("a30: " + a30): null

16-10-2024T07:22:36 - [TEST_STEP][PASSED] - if (vir == 1 || vir == 2): Text of object 'Object Repository/Выручка в рублях/span2' is: '194'

16-10-2024T07:22:36 - [TEST_STEP][PASSED] - a31 = ").trim(): Text of object 'Object Repository/Выручка в рублях/span2' is: '194'

16-10-2024T07:22:37 - [MESSAGE][PASSED] - Text of object 'Object Repository/Выручка в рублях/span2' is: '194'

16-10-2024T07:22:37 - [TEST_STEP][PASSED] - if (vir == 1 || vir == 2): Text of object 'Object Repository/Выручка в рублях/span3' is: '-10'

16-10-2024T07:22:37 - [TEST_STEP][PASSED] - a32 = ").trim(): Text of object 'Object Repository/Выручка в рублях/span3' is: '-10'

16-10-2024T07:22:37 - [MESSAGE][PASSED] - Text of object 'Object Repository/Выручка в рублях/span3' is: '-10'

16-10-2024T07:22:37 - [TEST_STEP][PASSED] - if (vir == 1 || vir == 2): Text of object 'Object Repository/Выручка в рублях/span8' is: '236'

16-10-2024T07:22:37 - [TEST_STEP][PASSED] - a33 = ").trim(): Text of object 'Object Repository/Выручка в рублях/span4' is: '122'

16-10-2024T07:22:37 - [MESSAGE][PASSED] - Text of object 'Object Repository/Выручка в рублях/span4' is: '122'

16-10-2024T07:22:37 - [TEST_STEP][PASSED] - a34 = ").trim(): Text of object 'Object Repository/Выручка в рублях/span5' is: '3 000'

16-10-2024T07:22:38 - [MESSAGE][PASSED] - Text of object 'Object Repository/Выручка в рублях/span5' is: '3 000'

16-10-2024T07:22:38 - [TEST_STEP][PASSED] - a35 = ").trim(): Text of object 'Object Repository/Выручка в рублях/span6' is: '3 666'

16-10-2024T07:22:38 - [MESSAGE][PASSED] - Text of object 'Object Repository/Выручка в рублях/span6' is: '3 666'

16-10-2024T07:22:38 - [TEST_STEP][PASSED] - a36 = ").trim(): Text of object 'Object Repository/Выручка в рублях/span7' is: '6 842'

16-10-2024T07:22:38 - [MESSAGE][PASSED] - Text of object 'Object Repository/Выручка в рублях/span7' is: '6 842'

16-10-2024T07:22:38 - [TEST_STEP][PASSED] - a37 = ").trim(): Text of object 'Object Repository/Выручка в рублях/span8' is: '236'

16-10-2024T07:22:39 - [MESSAGE][PASSED] - Text of object 'Object Repository/Выручка в рублях/span8' is: '236'

16-10-2024T07:22:39 - [TEST_STEP][PASSED] - if (vir == 1 || vir == 2): Text of object 'Object Repository/Выручка в рублях/span17' is: '1 099'

16-10-2024T07:22:39 - [TEST_STEP][PASSED] - a38 = ").trim(): Text of object 'Object Repository/Выручка в рублях/span9' is: '1 000'

16-10-2024T07:22:39 - [MESSAGE][PASSED] - Text of object 'Object Repository/Выручка в рублях/span9' is: '1 000'

16-10-2024T07:22:39 - [TEST_STEP][PASSED] - a39 = ").trim(): Text of object 'Object Repository/Выручка в рублях/span10' is: '1 910'

16-10-2024T07:22:39 - [MESSAGE][PASSED] - Text of object 'Object Repository/Выручка в рублях/span10' is: '1 910'

16-10-2024T07:22:39 - [TEST_STEP][PASSED] - a310 = ").trim(): Text of object 'Object Repository/Выручка в рублях/span11' is: '228'

16-10-2024T07:22:39 - [MESSAGE][PASSED] - Text of object 'Object Repository/Выручка в рублях/span11' is: '228'

16-10-2024T07:22:39 - [TEST_STEP][PASSED] - a311 = ").trim(): Text of object 'Object Repository/Выручка в рублях/span12' is: '-3 453'

16-10-2024T07:22:40 - [MESSAGE][PASSED] - Text of object 'Object Repository/Выручка в рублях/span12' is: '-3 453'

16-10-2024T07:22:40 - [TEST_STEP][PASSED] - a312 = ").trim(): Text of object 'Object Repository/Выручка в рублях/span13' is: '1 778'

16-10-2024T07:22:40 - [MESSAGE][PASSED] - Text of object 'Object Repository/Выручка в рублях/span13' is: '1 778'

16-10-2024T07:22:40 - [TEST_STEP][PASSED] - a313 = ").trim(): Text of object 'Object Repository/Выручка в рублях/span14' is: '1 353'

16-10-2024T07:22:40 - [MESSAGE][PASSED] - Text of object 'Object Repository/Выручка в рублях/span14' is: '1 353'

16-10-2024T07:22:40 - [TEST_STEP][PASSED] - a314 = ").trim(): Text of object 'Object Repository/Выручка в рублях/span15' is: '3 442'

16-10-2024T07:22:41 - [MESSAGE][PASSED] - Text of object 'Object Repository/Выручка в рублях/span15' is: '3 442'

16-10-2024T07:22:41 - [TEST_STEP][PASSED] - a315 = ").trim(): Text of object 'Object Repository/Выручка в рублях/span16' is: '3 872'

16-10-2024T07:22:41 - [MESSAGE][PASSED] - Text of object 'Object Repository/Выручка в рублях/span16' is: '3 872'

16-10-2024T07:22:41 - [TEST_STEP][PASSED] - a316 = ").trim(): Text of object 'Object Repository/Выручка в рублях/span17' is: '1 099'

16-10-2024T07:22:41 - [MESSAGE][PASSED] - Text of object 'Object Repository/Выручка в рублях/span17' is: '1 099'

16-10-2024T07:22:41 - [TEST_STEP][PASSED] - if (vir == 1 || vir == 2): Text of object 'Object Repository/Выручка в рублях/span18' is: '237'

16-10-2024T07:22:41 - [TEST_STEP][PASSED] - a317 = ").trim(): Text of object 'Object Repository/Выручка в рублях/span18' is: '237'

16-10-2024T07:22:42 - [MESSAGE][PASSED] - Text of object 'Object Repository/Выручка в рублях/span18' is: '237'

16-10-2024T07:22:42 - [TEST_STEP][PASSED] - block = 2: null

16-10-2024T07:22:42 - [TEST_STEP][PASSED] - nameOfBlock = " Выручка": null

16-10-2024T07:22:42 - [TEST_STEP][PASSED] - Script1710234207206.PreSettings(run, vir, block, nameOfBlock, typeOfData, todaysDate): null

16-10-2024T07:22:42 - [TEST_STEP][PASSED] - openBrowser(""): Browser is opened with url: ''

16-10-2024T07:22:42 - [MESSAGE][WARNING] - A browser is already opened. Closing browser and opening a new one

16-10-2024T07:22:42 - [MESSAGE][INFO] - Starting 'Chrome' driver

16-10-2024T07:22:42 - [MESSAGE][INFO] - Action delay is set to 0 milliseconds

16-10-2024T07:22:43 - [MESSAGE][PASSED] - Browser is opened with url: ''

16-10-2024T07:22:43 - [TEST_STEP][PASSED] - refresh(): Refresh successfully

16-10-2024T07:22:43 - [MESSAGE][PASSED] - Refresh successfully

16-10-2024T07:22:43 - [TEST_STEP][PASSED] - delay(50): Delayed 50 second(s)

16-10-2024T07:23:33 - [MESSAGE][PASSED] - Delayed 50 second(s)

16-10-2024T07:23:33 - [TEST_STEP][PASSED] - println("run:" + run): null

16-10-2024T07:23:33 - [TEST_STEP][PASSED] - println("vir:" + vir): null

16-10-2024T07:23:33 - [TEST_STEP][PASSED] - println("block:" + block): null

16-10-2024T07:23:33 - [TEST_STEP][PASSED] - if (block == 1): null

16-10-2024T07:23:33 - [TEST_STEP][PASSED] - else: null

16-10-2024T07:23:33 - [TEST_STEP][PASSED] - nameOfBlock = " Выручка": null

16-10-2024T07:23:33 - [TEST_STEP][PASSED] - println("nameOfBlock:" + nameOfBlock): null

16-10-2024T07:23:33 - [TEST_STEP][PASSED] - println("typeOfData:" + typeOfData): null

16-10-2024T07:23:33 - [TEST_STEP][PASSED] - println("todaysDate:" + todaysDate): null

16-10-2024T07:23:33 - [TEST_STEP][PASSED] - Script1710234207206.Autorization(block, nameOfBlock): null

16-10-2024T07:23:33 - [TEST_STEP][PASSED] - println("block:" + block): null

16-10-2024T07:23:33 - [TEST_STEP][PASSED] - if (block == 1): null

16-10-2024T07:23:33 - [TEST_STEP][PASSED] - else: null

16-10-2024T07:23:33 - [TEST_STEP][PASSED] - delay(45): Delayed 45 second(s)

16-10-2024T07:24:18 - [MESSAGE][PASSED] - Delayed 45 second(s)

16-10-2024T07:24:18 - [TEST_STEP][PASSED] - nameOfBlock = " Выручка": null

16-10-2024T07:24:18 - [TEST_STEP][PASSED] - println("nameOfBlock:" + nameOfBlock): null

16-10-2024T07:24:18 - [TEST_STEP][PASSED] - if (block == 1): null

16-10-2024T07:24:18 - [TEST_STEP][PASSED] - else: Delayed 45 second(s)

16-10-2024T07:24:18 - [TEST_STEP][PASSED] - navigateToUrl(findTestData("PlanFact").getValue(10, 9)): Navigate to 'https://bi.rosseti.digital/viewer?dashboardGuid=a1fd28b3785d443cbc4d7690a1d78e31&sheetGuid=86092a20c5984827a0c87b24cac76a50&fit=true' successfully

16-10-2024T07:24:23 - [MESSAGE][PASSED] - Navigate to 'https://bi.rosseti.digital/viewer?dashboardGuid=a1fd28b3785d443cbc4d7690a1d78e31&sheetGuid=86092a20c5984827a0c87b24cac76a50&fit=true' successfully

16-10-2024T07:24:23 - [TEST_STEP][PASSED] - delay(45): Delayed 45 second(s)

16-10-2024T07:25:08 - [MESSAGE][PASSED] - Delayed 45 second(s)

16-10-2024T07:25:08 - [TEST_STEP][PASSED] - if (verifyElementPresent(findTestObject("Страница авторизации/button_"), 30) == true): null

16-10-2024T07:25:08 - [MESSAGE][PASSED] - Object 'Object Repository/Страница авторизации/button_' is present

16-10-2024T07:25:08 - [TEST_STEP][PASSED] - setText(findTestObject("Страница авторизации/input__username"), findTestData("PlanFact").getValue(8, 1)): Text 'shekhov-aa' is set on object 'Object Repository/Страница авторизации/input__username'

16-10-2024T07:25:09 - [MESSAGE][PASSED] - Text 'shekhov-aa' is set on object 'Object Repository/Страница авторизации/input__username'

16-10-2024T07:25:09 - [TEST_STEP][PASSED] - setText(findTestObject("Страница авторизации/input__password"), findTestData("PlanFact").getValue(9, 1)): Text 'i)RpQLLlXv9gUDC9' is set on object 'Object Repository/Страница авторизации/input__password'

16-10-2024T07:25:10 - [MESSAGE][PASSED] - Text 'i)RpQLLlXv9gUDC9' is set on object 'Object Repository/Страница авторизации/input__password'

16-10-2024T07:25:10 - [TEST_STEP][PASSED] - click(findTestObject("Страница авторизации/button_")): Object: 'Object Repository/Страница авторизации/button_' is clicked on

16-10-2024T07:25:13 - [MESSAGE][PASSED] - Object: 'Object Repository/Страница авторизации/button_' is clicked on

16-10-2024T07:25:13 - [TEST_STEP][PASSED] - delay(45): Delayed 45 second(s)

16-10-2024T07:25:58 - [MESSAGE][PASSED] - Delayed 45 second(s)

16-10-2024T07:25:58 - [TEST_STEP][PASSED] - if (block == 2): Delayed 50 second(s)

16-10-2024T07:25:58 - [TEST_STEP][PASSED] - opoveshenie = getText(findTestObject("Выручка в рублях/Просьба обратить внимание")): Text of object 'Object Repository/Выручка в рублях/Просьба обратить внимание' is: 'Просьба обратить внимание'

16-10-2024T07:25:58 - [MESSAGE][PASSED] - Text of object 'Object Repository/Выручка в рублях/Просьба обратить внимание' is: 'Просьба обратить внимание'

16-10-2024T07:25:58 - [TEST_STEP][PASSED] - if (opoveshenie == "Просьба обратить внимание"): Delayed 50 second(s)

16-10-2024T07:25:58 - [TEST_STEP][PASSED] - click(findTestObject("Выручка в рублях/Закрыть оповещение")): Object: 'Object Repository/Выручка в рублях/Закрыть оповещение' is clicked on

16-10-2024T07:25:58 - [MESSAGE][PASSED] - Object: 'Object Repository/Выручка в рублях/Закрыть оповещение' is clicked on

16-10-2024T07:25:58 - [TEST_STEP][PASSED] - delay(50): Delayed 50 second(s)

16-10-2024T07:26:48 - [MESSAGE][PASSED] - Delayed 50 second(s)

16-10-2024T07:26:48 - [TEST_STEP][PASSED] - click(findTestObject("Выручка в рублях/Фильтр Период" + nameOfBlock)): Object: 'Object Repository/Выручка в рублях/Фильтр Период Выручка' is clicked on

16-10-2024T07:26:49 - [MESSAGE][PASSED] - Object: 'Object Repository/Выручка в рублях/Фильтр Период Выручка' is clicked on

16-10-2024T07:26:49 - [TEST_STEP][PASSED] - click(findTestObject("Выручка в рублях/Снять выделение в фильтре Дата" + nameOfBlock)): Object: 'Object Repository/Выручка в рублях/Снять выделение в фильтре Дата Выручка' is clicked on

16-10-2024T07:26:49 - [MESSAGE][PASSED] - Object: 'Object Repository/Выручка в рублях/Снять выделение в фильтре Дата Выручка' is clicked on

16-10-2024T07:26:49 - [TEST_STEP][PASSED] - click(findTestObject("Выручка в рублях/Применить в фильтре Дата" + nameOfBlock)): Object: 'Object Repository/Выручка в рублях/Применить в фильтре Дата Выручка' is clicked on

16-10-2024T07:26:50 - [MESSAGE][PASSED] - Object: 'Object Repository/Выручка в рублях/Применить в фильтре Дата Выручка' is clicked on

16-10-2024T07:26:50 - [TEST_STEP][PASSED] - delay(50): Delayed 50 second(s)

16-10-2024T07:27:40 - [MESSAGE][PASSED] - Delayed 50 second(s)

16-10-2024T07:27:40 - [TEST_STEP][PASSED] - click(findTestObject("Выручка в рублях/Фильтр Период" + nameOfBlock)): Object: 'Object Repository/Выручка в рублях/Фильтр Период Выручка' is clicked on

16-10-2024T07:27:40 - [MESSAGE][PASSED] - Object: 'Object Repository/Выручка в рублях/Фильтр Период Выручка' is clicked on

16-10-2024T07:27:40 - [TEST_STEP][PASSED] - click(findTestObject("Выручка в рублях/Снять выделение в фильтре Дата" + nameOfBlock)): Object: 'Object Repository/Выручка в рублях/Снять выделение в фильтре Дата Выручка' is clicked on

16-10-2024T07:27:41 - [MESSAGE][PASSED] - Object: 'Object Repository/Выручка в рублях/Снять выделение в фильтре Дата Выручка' is clicked on

16-10-2024T07:27:41 - [TEST_STEP][PASSED] - scrollToElement(findTestObject("Выручка в рублях/2024 список" + nameOfBlock), 30): Scroll to object 'Object Repository/Выручка в рублях/2024 список Выручка' successfully

16-10-2024T07:27:41 - [MESSAGE][PASSED] - Scroll to object 'Object Repository/Выручка в рублях/2024 список Выручка' successfully

16-10-2024T07:27:41 - [TEST_STEP][PASSED] - click(findTestObject("Выручка в рублях/2024 список" + nameOfBlock)): Object: 'Object Repository/Выручка в рублях/2024 список Выручка' is clicked on

16-10-2024T07:27:41 - [MESSAGE][PASSED] - Object: 'Object Repository/Выручка в рублях/2024 список Выручка' is clicked on

16-10-2024T07:27:41 - [TEST_STEP][PASSED] - scrollToElement(findTestObject("Выручка в рублях/1 квартал 2024 выбрать" + nameOfBlock), 30): Scroll to object 'Object Repository/Выручка в рублях/1 квартал 2024 выбрать Выручка' successfully

16-10-2024T07:27:42 - [MESSAGE][PASSED] - Scroll to object 'Object Repository/Выручка в рублях/1 квартал 2024 выбрать Выручка' successfully

16-10-2024T07:27:42 - [TEST_STEP][PASSED] - click(findTestObject("Выручка в рублях/1 квартал 2024 выбрать" + nameOfBlock)): Object: 'Object Repository/Выручка в рублях/1 квартал 2024 выбрать Выручка' is clicked on

16-10-2024T07:27:42 - [MESSAGE][PASSED] - Object: 'Object Repository/Выручка в рублях/1 квартал 2024 выбрать Выручка' is clicked on

16-10-2024T07:27:42 - [TEST_STEP][PASSED] - scrollToElement(findTestObject("Выручка в рублях/2 квартал 2024 выбрать" + nameOfBlock), 30): Scroll to object 'Object Repository/Выручка в рублях/2 квартал 2024 выбрать Выручка' successfully

16-10-2024T07:27:42 - [MESSAGE][PASSED] - Scroll to object 'Object Repository/Выручка в рублях/2 квартал 2024 выбрать Выручка' successfully

16-10-2024T07:27:42 - [TEST_STEP][PASSED] - click(findTestObject("Выручка в рублях/2 квартал 2024 выбрать" + nameOfBlock)): Object: 'Object Repository/Выручка в рублях/2 квартал 2024 выбрать Выручка' is clicked on

16-10-2024T07:27:43 - [MESSAGE][PASSED] - Object: 'Object Repository/Выручка в рублях/2 квартал 2024 выбрать Выручка' is clicked on

16-10-2024T07:27:43 - [TEST_STEP][PASSED] - scrollToElement(findTestObject("Выручка в рублях/3 квартал 2024 список" + nameOfBlock), 30): Scroll to object 'Object Repository/Выручка в рублях/3 квартал 2024 список Выручка' successfully

16-10-2024T07:27:43 - [MESSAGE][PASSED] - Scroll to object 'Object Repository/Выручка в рублях/3 квартал 2024 список Выручка' successfully

16-10-2024T07:27:43 - [TEST_STEP][PASSED] - click(findTestObject("Выручка в рублях/3 квартал 2024 список" + nameOfBlock)): Object: 'Object Repository/Выручка в рублях/3 квартал 2024 список Выручка' is clicked on

16-10-2024T07:27:44 - [MESSAGE][PASSED] - Object: 'Object Repository/Выручка в рублях/3 квартал 2024 список Выручка' is clicked on

16-10-2024T07:27:44 - [TEST_STEP][PASSED] - click(findTestObject("Выручка в рублях/Июль 2024" + nameOfBlock)): Object: 'Object Repository/Выручка в рублях/Июль 2024 Выручка' is clicked on

16-10-2024T07:27:44 - [MESSAGE][PASSED] - Object: 'Object Repository/Выручка в рублях/Июль 2024 Выручка' is clicked on

16-10-2024T07:27:44 - [TEST_STEP][PASSED] - scrollToElement(findTestObject("Выручка в рублях/Август 2024" + nameOfBlock), 30): Scroll to object 'Object Repository/Выручка в рублях/Август 2024 Выручка' successfully

16-10-2024T07:27:44 - [MESSAGE][PASSED] - Scroll to object 'Object Repository/Выручка в рублях/Август 2024 Выручка' successfully

16-10-2024T07:27:44 - [TEST_STEP][PASSED] - click(findTestObject("Выручка в рублях/Август 2024" + nameOfBlock)): Object: 'Object Repository/Выручка в рублях/Август 2024 Выручка' is clicked on

16-10-2024T07:27:45 - [MESSAGE][PASSED] - Object: 'Object Repository/Выручка в рублях/Август 2024 Выручка' is clicked on

16-10-2024T07:27:45 - [TEST_STEP][PASSED] - scrollToElement(findTestObject("Выручка в рублях/Заголовок дашборда" + nameOfBlock), 30): Scroll to object 'Object Repository/Выручка в рублях/Заголовок дашборда Выручка' successfully

16-10-2024T07:27:45 - [MESSAGE][PASSED] - Scroll to object 'Object Repository/Выручка в рублях/Заголовок дашборда Выручка' successfully

16-10-2024T07:27:45 - [TEST_STEP][PASSED] - click(findTestObject("Выручка в рублях/Применить в фильтре Дата" + nameOfBlock)): Object: 'Object Repository/Выручка в рублях/Применить в фильтре Дата Выручка' is clicked on

16-10-2024T07:27:46 - [MESSAGE][PASSED] - Object: 'Object Repository/Выручка в рублях/Применить в фильтре Дата Выручка' is clicked on

16-10-2024T07:27:46 - [TEST_STEP][PASSED] - delay(50): Delayed 50 second(s)

16-10-2024T07:28:36 - [MESSAGE][PASSED] - Delayed 50 second(s)

16-10-2024T07:28:36 - [TEST_STEP][PASSED] - click(findTestObject("Выручка в рублях/Фильтр ДЗО" + nameOfBlock)): Object: 'Object Repository/Выручка в рублях/Фильтр ДЗО Выручка' is clicked on

16-10-2024T07:28:36 - [MESSAGE][PASSED] - Object: 'Object Repository/Выручка в рублях/Фильтр ДЗО Выручка' is clicked on

16-10-2024T07:28:36 - [TEST_STEP][PASSED] - click(findTestObject("Выручка в рублях/Снять выделение в фильтре ДЗО" + nameOfBlock)): Object: 'Object Repository/Выручка в рублях/Снять выделение в фильтре ДЗО Выручка' is clicked on

16-10-2024T07:28:37 - [MESSAGE][PASSED] - Object: 'Object Repository/Выручка в рублях/Снять выделение в фильтре ДЗО Выручка' is clicked on

16-10-2024T07:28:37 - [TEST_STEP][PASSED] - click(findTestObject("Выручка в рублях/Применить в фильтре ДЗО" + nameOfBlock)): Object: 'Object Repository/Выручка в рублях/Применить в фильтре ДЗО Выручка' is clicked on

16-10-2024T07:28:37 - [MESSAGE][PASSED] - Object: 'Object Repository/Выручка в рублях/Применить в фильтре ДЗО Выручка' is clicked on

16-10-2024T07:28:37 - [TEST_STEP][PASSED] - delay(50): Delayed 50 second(s)

16-10-2024T07:29:27 - [MESSAGE][PASSED] - Delayed 50 second(s)

16-10-2024T07:29:27 - [TEST_STEP][PASSED] - Script1710234207206.Tumbler(run, vir, block, nameOfBlock): null

16-10-2024T07:29:27 - [TEST_STEP][PASSED] - println("run:" + run): null

16-10-2024T07:29:27 - [TEST_STEP][PASSED] - println("vir:" + vir): null

16-10-2024T07:29:27 - [TEST_STEP][PASSED] - println("block:" + block): null

16-10-2024T07:29:27 - [TEST_STEP][PASSED] - println("nameOfBlock:" + nameOfBlock): null

16-10-2024T07:29:27 - [TEST_STEP][PASSED] - if (vir == 1): null

16-10-2024T07:29:27 - [TEST_STEP][PASSED] - else if (vir == 2): Object: 'Object Repository/Выручка в рублях/Применить в фильтре Выручка Выручка' is clicked on

16-10-2024T07:29:27 - [TEST_STEP][PASSED] - if (run == 2): null

16-10-2024T07:29:27 - [TEST_STEP][PASSED] - click(findTestObject("Выручка в рублях/Фильтр Выручка" + nameOfBlock)): Object: 'Object Repository/Выручка в рублях/Фильтр Выручка Выручка' is clicked on

16-10-2024T07:29:28 - [MESSAGE][PASSED] - Object: 'Object Repository/Выручка в рублях/Фильтр Выручка Выручка' is clicked on

16-10-2024T07:29:28 - [TEST_STEP][PASSED] - click(findTestObject("Выручка в рублях/Итого в фильтре Выручка" + nameOfBlock)): Object: 'Object Repository/Выручка в рублях/Итого в фильтре Выручка Выручка' is clicked on

16-10-2024T07:29:28 - [MESSAGE][PASSED] - Object: 'Object Repository/Выручка в рублях/Итого в фильтре Выручка Выручка' is clicked on

16-10-2024T07:29:28 - [TEST_STEP][PASSED] - click(findTestObject("Выручка в рублях/Применить в фильтре Выручка" + nameOfBlock)): Object: 'Object Repository/Выручка в рублях/Применить в фильтре Выручка Выручка' is clicked on

16-10-2024T07:29:29 - [MESSAGE][PASSED] - Object: 'Object Repository/Выручка в рублях/Применить в фильтре Выручка Выручка' is clicked on

16-10-2024T07:29:29 - [TEST_STEP][PASSED] - click(findTestObject("Выручка в рублях/Фильтр ДЗО" + nameOfBlock)): Object: 'Object Repository/Выручка в рублях/Фильтр ДЗО Выручка' is clicked on

16-10-2024T07:29:32 - [MESSAGE][PASSED] - Object: 'Object Repository/Выручка в рублях/Фильтр ДЗО Выручка' is clicked on

16-10-2024T07:29:32 - [TEST_STEP][PASSED] - Script1710234207206.Rosseti(nameOfBlock): null

16-10-2024T07:29:32 - [TEST_STEP][PASSED] - println("nameOfBlock:" + nameOfBlock): null

16-10-2024T07:29:32 - [TEST_STEP][PASSED] - click(findTestObject("Выручка в рублях/ПАО Россети" + nameOfBlock)): Object: 'Object Repository/Выручка в рублях/ПАО Россети Выручка' is clicked on

16-10-2024T07:29:32 - [MESSAGE][PASSED] - Object: 'Object Repository/Выручка в рублях/ПАО Россети Выручка' is clicked on

16-10-2024T07:29:32 - [TEST_STEP][PASSED] - click(findTestObject("Выручка в рублях/Применить в фильтре ДЗО" + nameOfBlock)): Object: 'Object Repository/Выручка в рублях/Применить в фильтре ДЗО Выручка' is clicked on

16-10-2024T07:29:33 - [MESSAGE][PASSED] - Object: 'Object Repository/Выручка в рублях/Применить в фильтре ДЗО Выручка' is clicked on

16-10-2024T07:29:33 - [TEST_STEP][PASSED] - if (vir == 1 || vir == 2): Text of object 'Object Repository/Выручка в рублях/График План Выручка' is: '922 071'

16-10-2024T07:29:33 - [TEST_STEP][PASSED] - b1 = getText(findTestObject("Выручка в рублях/График План Выручка")): Text of object 'Object Repository/Выручка в рублях/График План Выручка' is: '922 071'

16-10-2024T07:29:35 - [MESSAGE][PASSED] - Text of object 'Object Repository/Выручка в рублях/График План Выручка' is: '922 071'

16-10-2024T07:29:35 - [TEST_STEP][PASSED] - if (vir == 1 || vir == 2): Text of object 'Object Repository/Выручка в рублях/График Факт Выручка' is: '947 588'

16-10-2024T07:29:35 - [TEST_STEP][PASSED] - b2 = getText(findTestObject("Выручка в рублях/График Факт Выручка")): Text of object 'Object Repository/Выручка в рублях/График Факт Выручка' is: '947 588'

16-10-2024T07:29:35 - [MESSAGE][PASSED] - Text of object 'Object Repository/Выручка в рублях/График Факт Выручка' is: '947 588'

16-10-2024T07:29:35 - [TEST_STEP][PASSED] - b30 = getText(findTestObject("Выручка в рублях/span1" + perc)): Text of object 'Object Repository/Выручка в рублях/span1' is: '25 516.4 млн.руб.'

16-10-2024T07:29:36 - [MESSAGE][PASSED] - Text of object 'Object Repository/Выручка в рублях/span1' is: '25 516.4 млн.руб.'

16-10-2024T07:29:36 - [TEST_STEP][PASSED] - i = b30.indexOf("млн.руб."): null

16-10-2024T07:29:36 - [TEST_STEP][PASSED] - if (i > -1): null

16-10-2024T07:29:36 - [TEST_STEP][PASSED] - b30 = b30.substring(0, i): null

16-10-2024T07:29:36 - [TEST_STEP][PASSED] - b30 = b30.replaceAll(" ", ""): null

16-10-2024T07:29:36 - [TEST_STEP][PASSED] - if (b30.contains("%")): null

16-10-2024T07:29:36 - [TEST_STEP][PASSED] - b30 = ").trim(): null

16-10-2024T07:29:36 - [TEST_STEP][PASSED] - println("b30: " + b30): null

16-10-2024T07:29:36 - [TEST_STEP][PASSED] - if (vir == 1 || vir == 2): Text of object 'Object Repository/Выручка в рублях/span2' is: '194'

16-10-2024T07:29:36 - [TEST_STEP][PASSED] - b31 = ").trim(): Text of object 'Object Repository/Выручка в рублях/span2' is: '194'

16-10-2024T07:29:36 - [MESSAGE][PASSED] - Text of object 'Object Repository/Выручка в рублях/span2' is: '194'

16-10-2024T07:29:36 - [TEST_STEP][PASSED] - if (vir == 1 || vir == 2): Text of object 'Object Repository/Выручка в рублях/span3' is: '-10'

16-10-2024T07:29:36 - [TEST_STEP][PASSED] - b32 = ").trim(): Text of object 'Object Repository/Выручка в рублях/span3' is: '-10'

16-10-2024T07:29:36 - [MESSAGE][PASSED] - Text of object 'Object Repository/Выручка в рублях/span3' is: '-10'

16-10-2024T07:29:36 - [TEST_STEP][PASSED] - if (vir == 1 || vir == 2): Text of object 'Object Repository/Выручка в рублях/span8' is: '236'

16-10-2024T07:29:36 - [TEST_STEP][PASSED] - b33 = ").trim(): Text of object 'Object Repository/Выручка в рублях/span4' is: '122'

16-10-2024T07:29:36 - [MESSAGE][PASSED] - Text of object 'Object Repository/Выручка в рублях/span4' is: '122'

16-10-2024T07:29:36 - [TEST_STEP][PASSED] - b34 = ").trim(): Text of object 'Object Repository/Выручка в рублях/span5' is: '3 000'

16-10-2024T07:29:37 - [MESSAGE][PASSED] - Text of object 'Object Repository/Выручка в рублях/span5' is: '3 000'

16-10-2024T07:29:37 - [TEST_STEP][PASSED] - b35 = ").trim(): Text of object 'Object Repository/Выручка в рублях/span6' is: '3 666'

16-10-2024T07:29:37 - [MESSAGE][PASSED] - Text of object 'Object Repository/Выручка в рублях/span6' is: '3 666'

16-10-2024T07:29:37 - [TEST_STEP][PASSED] - b36 = ").trim(): Text of object 'Object Repository/Выручка в рублях/span7' is: '6 842'

16-10-2024T07:29:37 - [MESSAGE][PASSED] - Text of object 'Object Repository/Выручка в рублях/span7' is: '6 842'

16-10-2024T07:29:37 - [TEST_STEP][PASSED] - b37 = ").trim(): Text of object 'Object Repository/Выручка в рублях/span8' is: '236'

16-10-2024T07:29:38 - [MESSAGE][PASSED] - Text of object 'Object Repository/Выручка в рублях/span8' is: '236'

16-10-2024T07:29:38 - [TEST_STEP][PASSED] - if (vir == 1 || vir == 2): Text of object 'Object Repository/Выручка в рублях/span17' is: '1 099'

16-10-2024T07:29:38 - [TEST_STEP][PASSED] - b38 = ").trim(): Text of object 'Object Repository/Выручка в рублях/span9' is: '1 000'

16-10-2024T07:29:38 - [MESSAGE][PASSED] - Text of object 'Object Repository/Выручка в рублях/span9' is: '1 000'

16-10-2024T07:29:38 - [TEST_STEP][PASSED] - b39 = ").trim(): Text of object 'Object Repository/Выручка в рублях/span10' is: '1 910'

16-10-2024T07:29:38 - [MESSAGE][PASSED] - Text of object 'Object Repository/Выручка в рублях/span10' is: '1 910'

16-10-2024T07:29:38 - [TEST_STEP][PASSED] - b310 = ").trim(): Text of object 'Object Repository/Выручка в рублях/span11' is: '228'

16-10-2024T07:29:39 - [MESSAGE][PASSED] - Text of object 'Object Repository/Выручка в рублях/span11' is: '228'

16-10-2024T07:29:39 - [TEST_STEP][PASSED] - b311 = ").trim(): Text of object 'Object Repository/Выручка в рублях/span12' is: '-3 453'

16-10-2024T07:29:39 - [MESSAGE][PASSED] - Text of object 'Object Repository/Выручка в рублях/span12' is: '-3 453'

16-10-2024T07:29:39 - [TEST_STEP][PASSED] - b312 = ").trim(): Text of object 'Object Repository/Выручка в рублях/span13' is: '1 778'

16-10-2024T07:29:39 - [MESSAGE][PASSED] - Text of object 'Object Repository/Выручка в рублях/span13' is: '1 778'

16-10-2024T07:29:39 - [TEST_STEP][PASSED] - b313 = ").trim(): Text of object 'Object Repository/Выручка в рублях/span14' is: '1 353'

16-10-2024T07:29:39 - [MESSAGE][PASSED] - Text of object 'Object Repository/Выручка в рублях/span14' is: '1 353'

16-10-2024T07:29:39 - [TEST_STEP][PASSED] - b314 = ").trim(): Text of object 'Object Repository/Выручка в рублях/span15' is: '3 442'

16-10-2024T07:29:40 - [MESSAGE][PASSED] - Text of object 'Object Repository/Выручка в рублях/span15' is: '3 442'

16-10-2024T07:29:40 - [TEST_STEP][PASSED] - b315 = ").trim(): Text of object 'Object Repository/Выручка в рублях/span16' is: '3 872'

16-10-2024T07:29:40 - [MESSAGE][PASSED] - Text of object 'Object Repository/Выручка в рублях/span16' is: '3 872'

16-10-2024T07:29:40 - [TEST_STEP][PASSED] - b316 = ").trim(): Text of object 'Object Repository/Выручка в рублях/span17' is: '1 099'

16-10-2024T07:29:40 - [MESSAGE][PASSED] - Text of object 'Object Repository/Выручка в рублях/span17' is: '1 099'

16-10-2024T07:29:40 - [TEST_STEP][PASSED] - if (vir == 1 || vir == 2): Text of object 'Object Repository/Выручка в рублях/span18' is: '237'

16-10-2024T07:29:40 - [TEST_STEP][PASSED] - b317 = ").trim(): Text of object 'Object Repository/Выручка в рублях/span18' is: '237'

16-10-2024T07:29:41 - [MESSAGE][PASSED] - Text of object 'Object Repository/Выручка в рублях/span18' is: '237'

16-10-2024T07:29:41 - [TEST_STEP][PASSED] - dZO = "ПАО Россети": null

16-10-2024T07:29:41 - [TEST_STEP][PASSED] - if (verifyEqual(a1, b1) == false): Actual object '922 071' and expected object '922 071' are equal

16-10-2024T07:29:41 - [MESSAGE][PASSED] - Actual object '922 071' and expected object '922 071' are equal

16-10-2024T07:29:41 - [TEST_STEP][PASSED] - if (verifyEqual(a2, b2) == false): Actual object '947 588' and expected object '947 588' are equal

16-10-2024T07:29:41 - [MESSAGE][PASSED] - Actual object '947 588' and expected object '947 588' are equal

16-10-2024T07:29:41 - [TEST_STEP][PASSED] - vidget = "Отклонения": null

16-10-2024T07:29:41 - [TEST_STEP][PASSED] - if (verifyEqual(a30, b30) == false): Actual object '25516.4' and expected object '25516.4' are equal

16-10-2024T07:29:41 - [MESSAGE][PASSED] - Actual object '25516.4' and expected object '25516.4' are equal

16-10-2024T07:29:41 - [TEST_STEP][PASSED] - dZO = "АО «Тываэнерго»": null

16-10-2024T07:29:41 - [TEST_STEP][PASSED] - if (verifyEqual(a31, b31) == false): Actual object '194' and expected object '194' are equal

16-10-2024T07:29:41 - [MESSAGE][PASSED] - Actual object '194' and expected object '194' are equal

16-10-2024T07:29:41 - [TEST_STEP][PASSED] - dZO = "АО «Чеченэнерго»": null

16-10-2024T07:29:41 - [TEST_STEP][PASSED] - if (verifyEqual(a32, b32) == false): Actual object '-10' and expected object '-10' are equal

16-10-2024T07:29:41 - [MESSAGE][PASSED] - Actual object '-10' and expected object '-10' are equal

16-10-2024T07:29:41 - [TEST_STEP][PASSED] - dZO = "Россети Волга": null

16-10-2024T07:29:41 - [TEST_STEP][PASSED] - if (verifyEqual(a33, b33) == false): Actual object '122' and expected object '122' are equal

16-10-2024T07:29:41 - [MESSAGE][PASSED] - Actual object '122' and expected object '122' are equal

16-10-2024T07:29:41 - [TEST_STEP][PASSED] - dZO = "Россети Кубань": null

16-10-2024T07:29:41 - [TEST_STEP][PASSED] - if (verifyEqual(a34, b34) == false): Actual object '3 000' and expected object '3 000' are equal

16-10-2024T07:29:41 - [MESSAGE][PASSED] - Actual object '3 000' and expected object '3 000' are equal

16-10-2024T07:29:41 - [TEST_STEP][PASSED] - dZO = "Россети Ленэнерго (ГК)": null

16-10-2024T07:29:41 - [TEST_STEP][PASSED] - if (verifyEqual(a35, b35) == false): Actual object '3 666' and expected object '3 666' are equal

16-10-2024T07:29:41 - [MESSAGE][PASSED] - Actual object '3 666' and expected object '3 666' are equal

16-10-2024T07:29:41 - [TEST_STEP][PASSED] - dZO = "Россети Московский регион": null

16-10-2024T07:29:41 - [TEST_STEP][PASSED] - if (verifyEqual(a36, b36) == false): Actual object '6 842' and expected object '6 842' are equal

16-10-2024T07:29:41 - [MESSAGE][PASSED] - Actual object '6 842' and expected object '6 842' are equal

16-10-2024T07:29:41 - [TEST_STEP][PASSED] - dZO = "Россети Северный Кавказ (ГК)": null

16-10-2024T07:29:41 - [TEST_STEP][PASSED] - if (verifyEqual(a37, b37) == false): Actual object '236' and expected object '236' are equal

16-10-2024T07:29:41 - [MESSAGE][PASSED] - Actual object '236' and expected object '236' are equal

16-10-2024T07:29:41 - [TEST_STEP][PASSED] - dZO = "Россети Северо-Запад": null

16-10-2024T07:29:41 - [TEST_STEP][PASSED] - if (verifyEqual(a38, b38) == false): Actual object '1 000' and expected object '1 000' are equal

16-10-2024T07:29:41 - [MESSAGE][PASSED] - Actual object '1 000' and expected object '1 000' are equal

16-10-2024T07:29:41 - [TEST_STEP][PASSED] - dZO = "Россети Сибирь (ГК)": null

16-10-2024T07:29:41 - [TEST_STEP][PASSED] - if (verifyEqual(a39, b39) == false): Actual object '1 910' and expected object '1 910' are equal

16-10-2024T07:29:41 - [MESSAGE][PASSED] - Actual object '1 910' and expected object '1 910' are equal

16-10-2024T07:29:41 - [TEST_STEP][PASSED] - dZO = "Россети Томск": null

16-10-2024T07:29:41 - [TEST_STEP][PASSED] - if (verifyEqual(a310, b310) == false): Actual object '228' and expected object '228' are equal

16-10-2024T07:29:41 - [MESSAGE][PASSED] - Actual object '228' and expected object '228' are equal

16-10-2024T07:29:41 - [TEST_STEP][PASSED] - dZO = "Россети Тюмень": null

16-10-2024T07:29:41 - [TEST_STEP][PASSED] - if (verifyEqual(a311, b311) == false): Actual object '-3 453' and expected object '-3 453' are equal

16-10-2024T07:29:41 - [MESSAGE][PASSED] - Actual object '-3 453' and expected object '-3 453' are equal

16-10-2024T07:29:41 - [TEST_STEP][PASSED] - dZO = "Россети Урал (ГК)": null

16-10-2024T07:29:41 - [TEST_STEP][PASSED] - if (verifyEqual(a312, b312) == false): Actual object '1 778' and expected object '1 778' are equal

16-10-2024T07:29:41 - [MESSAGE][PASSED] - Actual object '1 778' and expected object '1 778' are equal

16-10-2024T07:29:41 - [TEST_STEP][PASSED] - dZO = "Россети ФСК ЕЭС": null

16-10-2024T07:29:41 - [TEST_STEP][PASSED] - if (verifyEqual(a313, b313) == false): Actual object '1 353' and expected object '1 353' are equal

16-10-2024T07:29:41 - [MESSAGE][PASSED] - Actual object '1 353' and expected object '1 353' are equal

16-10-2024T07:29:41 - [TEST_STEP][PASSED] - dZO = "Россети Центр": null

16-10-2024T07:29:41 - [TEST_STEP][PASSED] - if (verifyEqual(a314, b314) == false): Actual object '3 442' and expected object '3 442' are equal

16-10-2024T07:29:41 - [MESSAGE][PASSED] - Actual object '3 442' and expected object '3 442' are equal

16-10-2024T07:29:41 - [TEST_STEP][PASSED] - dZO = "Россети Центр и Приволжье (ГК)": null

16-10-2024T07:29:41 - [TEST_STEP][PASSED] - if (verifyEqual(a315, b315) == false): Actual object '3 872' and expected object '3 872' are equal

16-10-2024T07:29:41 - [MESSAGE][PASSED] - Actual object '3 872' and expected object '3 872' are equal

16-10-2024T07:29:41 - [TEST_STEP][PASSED] - dZO = "Россети Юг (ГК)": null

16-10-2024T07:29:41 - [TEST_STEP][PASSED] - if (verifyEqual(a316, b316) == false): Actual object '1 099' and expected object '1 099' are equal

16-10-2024T07:29:41 - [MESSAGE][PASSED] - Actual object '1 099' and expected object '1 099' are equal

16-10-2024T07:29:41 - [TEST_STEP][PASSED] - dZO = "Россети Янтарь": null

16-10-2024T07:29:41 - [TEST_STEP][PASSED] - if (verifyEqual(a317, b317) == false): Actual object '237' and expected object '237' are equal

16-10-2024T07:29:41 - [MESSAGE][PASSED] - Actual object '237' and expected object '237' are equal

16-10-2024T07:29:41 - [TEST_STEP][PASSED] - closeBrowser(): null

16-10-2024T07:29:41 - [MESSAGE][PASSED] - Browser is closed

16-10-2024T07:29:41 - [TEST_STEP][PASSED] - Script1710234207206.Blocks(run, vir, block, nameOfBlock, typeOfData, viruchka, vidget, todaysDate, a, b, dZO, x, y): null

16-10-2024T07:29:41 - [TEST_STEP][PASSED] - i = <not implemented yet for class: org.codehaus.groovy.ast.expr.EmptyExpression>: null

16-10-2024T07:29:41 - [TEST_STEP][PASSED] - perc = "": null

16-10-2024T07:29:41 - [TEST_STEP][PASSED] - a1 = <not implemented yet for class: org.codehaus.groovy.ast.expr.EmptyExpression>: null

16-10-2024T07:29:41 - [TEST_STEP][PASSED] - a2 = <not implemented yet for class: org.codehaus.groovy.ast.expr.EmptyExpression>: null

16-10-2024T07:29:41 - [TEST_STEP][PASSED] - a30 = <not implemented yet for class: org.codehaus.groovy.ast.expr.EmptyExpression>: null

16-10-2024T07:29:41 - [TEST_STEP][PASSED] - a31 = <not implemented yet for class: org.codehaus.groovy.ast.expr.EmptyExpression>: null

16-10-2024T07:29:41 - [TEST_STEP][PASSED] - a32 = <not implemented yet for class: org.codehaus.groovy.ast.expr.EmptyExpression>: null

16-10-2024T07:29:41 - [TEST_STEP][PASSED] - a33 = <not implemented yet for class: org.codehaus.groovy.ast.expr.EmptyExpression>: null

16-10-2024T07:29:41 - [TEST_STEP][PASSED] - a34 = <not implemented yet for class: org.codehaus.groovy.ast.expr.EmptyExpression>: null

16-10-2024T07:29:41 - [TEST_STEP][PASSED] - a35 = <not implemented yet for class: org.codehaus.groovy.ast.expr.EmptyExpression>: null

16-10-2024T07:29:41 - [TEST_STEP][PASSED] - a36 = <not implemented yet for class: org.codehaus.groovy.ast.expr.EmptyExpression>: null

16-10-2024T07:29:41 - [TEST_STEP][PASSED] - a37 = <not implemented yet for class: org.codehaus.groovy.ast.expr.EmptyExpression>: null

16-10-2024T07:29:41 - [TEST_STEP][PASSED] - a38 = <not implemented yet for class: org.codehaus.groovy.ast.expr.EmptyExpression>: null

16-10-2024T07:29:41 - [TEST_STEP][PASSED] - a39 = <not implemented yet for class: org.codehaus.groovy.ast.expr.EmptyExpression>: null

16-10-2024T07:29:41 - [TEST_STEP][PASSED] - a310 = <not implemented yet for class: org.codehaus.groovy.ast.expr.EmptyExpression>: null

16-10-2024T07:29:41 - [TEST_STEP][PASSED] - a311 = <not implemented yet for class: org.codehaus.groovy.ast.expr.EmptyExpression>: null

16-10-2024T07:29:41 - [TEST_STEP][PASSED] - a312 = <not implemented yet for class: org.codehaus.groovy.ast.expr.EmptyExpression>: null

16-10-2024T07:29:41 - [TEST_STEP][PASSED] - a313 = <not implemented yet for class: org.codehaus.groovy.ast.expr.EmptyExpression>: null

16-10-2024T07:29:41 - [TEST_STEP][PASSED] - a314 = <not implemented yet for class: org.codehaus.groovy.ast.expr.EmptyExpression>: null

16-10-2024T07:29:41 - [TEST_STEP][PASSED] - a315 = <not implemented yet for class: org.codehaus.groovy.ast.expr.EmptyExpression>: null

16-10-2024T07:29:41 - [TEST_STEP][PASSED] - a316 = <not implemented yet for class: org.codehaus.groovy.ast.expr.EmptyExpression>: null

16-10-2024T07:29:41 - [TEST_STEP][PASSED] - a317 = <not implemented yet for class: org.codehaus.groovy.ast.expr.EmptyExpression>: null

16-10-2024T07:29:41 - [TEST_STEP][PASSED] - b1 = <not implemented yet for class: org.codehaus.groovy.ast.expr.EmptyExpression>: null

16-10-2024T07:29:41 - [TEST_STEP][PASSED] - b2 = <not implemented yet for class: org.codehaus.groovy.ast.expr.EmptyExpression>: null

16-10-2024T07:29:41 - [TEST_STEP][PASSED] - b30 = <not implemented yet for class: org.codehaus.groovy.ast.expr.EmptyExpression>: null

16-10-2024T07:29:41 - [TEST_STEP][PASSED] - b31 = <not implemented yet for class: org.codehaus.groovy.ast.expr.EmptyExpression>: null

16-10-2024T07:29:41 - [TEST_STEP][PASSED] - b32 = <not implemented yet for class: org.codehaus.groovy.ast.expr.EmptyExpression>: null

16-10-2024T07:29:41 - [TEST_STEP][PASSED] - b33 = <not implemented yet for class: org.codehaus.groovy.ast.expr.EmptyExpression>: null

16-10-2024T07:29:41 - [TEST_STEP][PASSED] - b34 = <not implemented yet for class: org.codehaus.groovy.ast.expr.EmptyExpression>: null

16-10-2024T07:29:41 - [TEST_STEP][PASSED] - b35 = <not implemented yet for class: org.codehaus.groovy.ast.expr.EmptyExpression>: null

16-10-2024T07:29:41 - [TEST_STEP][PASSED] - b36 = <not implemented yet for class: org.codehaus.groovy.ast.expr.EmptyExpression>: null

16-10-2024T07:29:41 - [TEST_STEP][PASSED] - b37 = <not implemented yet for class: org.codehaus.groovy.ast.expr.EmptyExpression>: null

16-10-2024T07:29:41 - [TEST_STEP][PASSED] - b38 = <not implemented yet for class: org.codehaus.groovy.ast.expr.EmptyExpression>: null

16-10-2024T07:29:41 - [TEST_STEP][PASSED] - b39 = <not implemented yet for class: org.codehaus.groovy.ast.expr.EmptyExpression>: null

16-10-2024T07:29:41 - [TEST_STEP][PASSED] - b310 = <not implemented yet for class: org.codehaus.groovy.ast.expr.EmptyExpression>: null

16-10-2024T07:29:41 - [TEST_STEP][PASSED] - b311 = <not implemented yet for class: org.codehaus.groovy.ast.expr.EmptyExpression>: null

16-10-2024T07:29:41 - [TEST_STEP][PASSED] - b312 = <not implemented yet for class: org.codehaus.groovy.ast.expr.EmptyExpression>: null

16-10-2024T07:29:41 - [TEST_STEP][PASSED] - b313 = <not implemented yet for class: org.codehaus.groovy.ast.expr.EmptyExpression>: null

16-10-2024T07:29:41 - [TEST_STEP][PASSED] - b314 = <not implemented yet for class: org.codehaus.groovy.ast.expr.EmptyExpression>: null

16-10-2024T07:29:41 - [TEST_STEP][PASSED] - b315 = <not implemented yet for class: org.codehaus.groovy.ast.expr.EmptyExpression>: null

16-10-2024T07:29:41 - [TEST_STEP][PASSED] - b316 = <not implemented yet for class: org.codehaus.groovy.ast.expr.EmptyExpression>: null

16-10-2024T07:29:41 - [TEST_STEP][PASSED] - b317 = <not implemented yet for class: org.codehaus.groovy.ast.expr.EmptyExpression>: null

16-10-2024T07:29:41 - [TEST_STEP][PASSED] - block = 1: null

16-10-2024T07:29:41 - [TEST_STEP][PASSED] - nameOfBlock = "": null

16-10-2024T07:29:41 - [TEST_STEP][PASSED] - Script1710234207206.PreSettings(run, vir, block, nameOfBlock, typeOfData, todaysDate): null

16-10-2024T07:29:41 - [TEST_STEP][PASSED] - openBrowser(""): Browser is opened with url: ''

16-10-2024T07:29:41 - [MESSAGE][INFO] - Starting 'Chrome' driver

16-10-2024T07:29:41 - [MESSAGE][INFO] - Action delay is set to 0 milliseconds

16-10-2024T07:29:42 - [MESSAGE][PASSED] - Browser is opened with url: ''

16-10-2024T07:29:42 - [TEST_STEP][PASSED] - refresh(): Refresh successfully

16-10-2024T07:29:42 - [MESSAGE][PASSED] - Refresh successfully

16-10-2024T07:29:42 - [TEST_STEP][PASSED] - delay(50): Delayed 50 second(s)

16-10-2024T07:30:32 - [MESSAGE][PASSED] - Delayed 50 second(s)

16-10-2024T07:30:32 - [TEST_STEP][PASSED] - println("run:" + run): null

16-10-2024T07:30:32 - [TEST_STEP][PASSED] - println("vir:" + vir): null

16-10-2024T07:30:32 - [TEST_STEP][PASSED] - println("block:" + block): null

16-10-2024T07:30:32 - [TEST_STEP][PASSED] - if (block == 1): null

16-10-2024T07:30:32 - [TEST_STEP][PASSED] - nameOfBlock = "": null

16-10-2024T07:30:32 - [TEST_STEP][PASSED] - println("nameOfBlock:" + nameOfBlock): null

16-10-2024T07:30:32 - [TEST_STEP][PASSED] - println("typeOfData:" + typeOfData): null

16-10-2024T07:30:32 - [TEST_STEP][PASSED] - println("todaysDate:" + todaysDate): null

16-10-2024T07:30:32 - [TEST_STEP][PASSED] - Script1710234207206.Autorization(block, nameOfBlock): null

16-10-2024T07:30:32 - [TEST_STEP][PASSED] - println("block:" + block): null

16-10-2024T07:30:32 - [TEST_STEP][PASSED] - if (block == 1): null

16-10-2024T07:30:32 - [TEST_STEP][PASSED] - nameOfBlock = "": null

16-10-2024T07:30:32 - [TEST_STEP][PASSED] - println("nameOfBlock:" + nameOfBlock): null

16-10-2024T07:30:32 - [TEST_STEP][PASSED] - if (block == 1): Delayed 45 second(s)

16-10-2024T07:30:32 - [TEST_STEP][PASSED] - navigateToUrl(findTestData("PlanFact").getValue(10, 2)): Navigate to 'https://bi.rosseti.digital/viewer?dashboardGuid=2301950b23be4ed89c1df75f2020051e&sheetGuid=b723206f698544fb87299f3095c00435&fit=true' successfully

16-10-2024T07:30:36 - [MESSAGE][PASSED] - Navigate to 'https://bi.rosseti.digital/viewer?dashboardGuid=2301950b23be4ed89c1df75f2020051e&sheetGuid=b723206f698544fb87299f3095c00435&fit=true' successfully

16-10-2024T07:30:36 - [TEST_STEP][PASSED] - delay(45): Delayed 45 second(s)

16-10-2024T07:31:21 - [MESSAGE][PASSED] - Delayed 45 second(s)

16-10-2024T07:31:21 - [TEST_STEP][PASSED] - if (verifyElementPresent(findTestObject("Страница авторизации/button_"), 30) == true): null

16-10-2024T07:31:21 - [MESSAGE][PASSED] - Object 'Object Repository/Страница авторизации/button_' is present

16-10-2024T07:31:21 - [TEST_STEP][PASSED] - setText(findTestObject("Страница авторизации/input__username"), findTestData("PlanFact").getValue(8, 1)): Text 'shekhov-aa' is set on object 'Object Repository/Страница авторизации/input__username'

16-10-2024T07:31:22 - [MESSAGE][PASSED] - Text 'shekhov-aa' is set on object 'Object Repository/Страница авторизации/input__username'

16-10-2024T07:31:22 - [TEST_STEP][PASSED] - setText(findTestObject("Страница авторизации/input__password"), findTestData("PlanFact").getValue(9, 1)): Text 'i)RpQLLlXv9gUDC9' is set on object 'Object Repository/Страница авторизации/input__password'

16-10-2024T07:31:23 - [MESSAGE][PASSED] - Text 'i)RpQLLlXv9gUDC9' is set on object 'Object Repository/Страница авторизации/input__password'

16-10-2024T07:31:23 - [TEST_STEP][PASSED] - click(findTestObject("Страница авторизации/button_")): Object: 'Object Repository/Страница авторизации/button_' is clicked on

16-10-2024T07:31:25 - [MESSAGE][PASSED] - Object: 'Object Repository/Страница авторизации/button_' is clicked on

16-10-2024T07:31:25 - [TEST_STEP][PASSED] - delay(45): Delayed 45 second(s)

16-10-2024T07:32:10 - [MESSAGE][PASSED] - Delayed 45 second(s)

16-10-2024T07:32:10 - [TEST_STEP][PASSED] - if (block == 2): null

16-10-2024T07:32:10 - [TEST_STEP][PASSED] - click(findTestObject("Выручка в рублях/Фильтр Период" + nameOfBlock)): Object: 'Object Repository/Выручка в рублях/Фильтр Период' is clicked on

16-10-2024T07:32:11 - [MESSAGE][PASSED] - Object: 'Object Repository/Выручка в рублях/Фильтр Период' is clicked on

16-10-2024T07:32:11 - [TEST_STEP][PASSED] - click(findTestObject("Выручка в рублях/Снять выделение в фильтре Дата" + nameOfBlock)): Object: 'Object Repository/Выручка в рублях/Снять выделение в фильтре Дата' is clicked on

16-10-2024T07:32:11 - [MESSAGE][PASSED] - Object: 'Object Repository/Выручка в рублях/Снять выделение в фильтре Дата' is clicked on

16-10-2024T07:32:11 - [TEST_STEP][PASSED] - click(findTestObject("Выручка в рублях/Применить в фильтре Дата" + nameOfBlock)): Object: 'Object Repository/Выручка в рублях/Применить в фильтре Дата' is clicked on

16-10-2024T07:32:12 - [MESSAGE][PASSED] - Object: 'Object Repository/Выручка в рублях/Применить в фильтре Дата' is clicked on

16-10-2024T07:32:12 - [TEST_STEP][PASSED] - delay(50): Delayed 50 second(s)

16-10-2024T07:33:02 - [MESSAGE][PASSED] - Delayed 50 second(s)

16-10-2024T07:33:02 - [TEST_STEP][PASSED] - click(findTestObject("Выручка в рублях/Фильтр Период" + nameOfBlock)): Object: 'Object Repository/Выручка в рублях/Фильтр Период' is clicked on

16-10-2024T07:33:02 - [MESSAGE][PASSED] - Object: 'Object Repository/Выручка в рублях/Фильтр Период' is clicked on

16-10-2024T07:33:02 - [TEST_STEP][PASSED] - click(findTestObject("Выручка в рублях/Снять выделение в фильтре Дата" + nameOfBlock)): Object: 'Object Repository/Выручка в рублях/Снять выделение в фильтре Дата' is clicked on

16-10-2024T07:33:03 - [MESSAGE][PASSED] - Object: 'Object Repository/Выручка в рублях/Снять выделение в фильтре Дата' is clicked on

16-10-2024T07:33:03 - [TEST_STEP][PASSED] - scrollToElement(findTestObject("Выручка в рублях/2024 список" + nameOfBlock), 30): Scroll to object 'Object Repository/Выручка в рублях/2024 список' successfully

16-10-2024T07:33:03 - [MESSAGE][PASSED] - Scroll to object 'Object Repository/Выручка в рублях/2024 список' successfully

16-10-2024T07:33:03 - [TEST_STEP][PASSED] - click(findTestObject("Выручка в рублях/2024 список" + nameOfBlock)): Object: 'Object Repository/Выручка в рублях/2024 список' is clicked on

16-10-2024T07:33:03 - [MESSAGE][PASSED] - Object: 'Object Repository/Выручка в рублях/2024 список' is clicked on

16-10-2024T07:33:03 - [TEST_STEP][PASSED] - scrollToElement(findTestObject("Выручка в рублях/1 квартал 2024 выбрать" + nameOfBlock), 30): Scroll to object 'Object Repository/Выручка в рублях/1 квартал 2024 выбрать' successfully

16-10-2024T07:33:04 - [MESSAGE][PASSED] - Scroll to object 'Object Repository/Выручка в рублях/1 квартал 2024 выбрать' successfully

16-10-2024T07:33:04 - [TEST_STEP][PASSED] - click(findTestObject("Выручка в рублях/1 квартал 2024 выбрать" + nameOfBlock)): Object: 'Object Repository/Выручка в рублях/1 квартал 2024 выбрать' is clicked on

16-10-2024T07:33:04 - [MESSAGE][PASSED] - Object: 'Object Repository/Выручка в рублях/1 квартал 2024 выбрать' is clicked on

16-10-2024T07:33:04 - [TEST_STEP][PASSED] - scrollToElement(findTestObject("Выручка в рублях/2 квартал 2024 выбрать" + nameOfBlock), 30): Scroll to object 'Object Repository/Выручка в рублях/2 квартал 2024 выбрать' successfully

16-10-2024T07:33:05 - [MESSAGE][PASSED] - Scroll to object 'Object Repository/Выручка в рублях/2 квартал 2024 выбрать' successfully

16-10-2024T07:33:05 - [TEST_STEP][PASSED] - click(findTestObject("Выручка в рублях/2 квартал 2024 выбрать" + nameOfBlock)): Object: 'Object Repository/Выручка в рублях/2 квартал 2024 выбрать' is clicked on

16-10-2024T07:33:05 - [MESSAGE][PASSED] - Object: 'Object Repository/Выручка в рублях/2 квартал 2024 выбрать' is clicked on

16-10-2024T07:33:05 - [TEST_STEP][PASSED] - scrollToElement(findTestObject("Выручка в рублях/3 квартал 2024 список" + nameOfBlock), 30): Scroll to object 'Object Repository/Выручка в рублях/3 квартал 2024 список' successfully

16-10-2024T07:33:05 - [MESSAGE][PASSED] - Scroll to object 'Object Repository/Выручка в рублях/3 квартал 2024 список' successfully

16-10-2024T07:33:05 - [TEST_STEP][PASSED] - click(findTestObject("Выручка в рублях/3 квартал 2024 список" + nameOfBlock)): Object: 'Object Repository/Выручка в рублях/3 квартал 2024 список' is clicked on

16-10-2024T07:33:06 - [MESSAGE][PASSED] - Object: 'Object Repository/Выручка в рублях/3 квартал 2024 список' is clicked on

16-10-2024T07:33:06 - [TEST_STEP][PASSED] - click(findTestObject("Выручка в рублях/Июль 2024" + nameOfBlock)): Object: 'Object Repository/Выручка в рублях/Июль 2024' is clicked on

16-10-2024T07:33:06 - [MESSAGE][PASSED] - Object: 'Object Repository/Выручка в рублях/Июль 2024' is clicked on

16-10-2024T07:33:06 - [TEST_STEP][PASSED] - scrollToElement(findTestObject("Выручка в рублях/Август 2024" + nameOfBlock), 30): Scroll to object 'Object Repository/Выручка в рублях/Август 2024' successfully

16-10-2024T07:33:07 - [MESSAGE][PASSED] - Scroll to object 'Object Repository/Выручка в рублях/Август 2024' successfully

16-10-2024T07:33:07 - [TEST_STEP][PASSED] - click(findTestObject("Выручка в рублях/Август 2024" + nameOfBlock)): Object: 'Object Repository/Выручка в рублях/Август 2024' is clicked on

16-10-2024T07:33:07 - [MESSAGE][PASSED] - Object: 'Object Repository/Выручка в рублях/Август 2024' is clicked on

16-10-2024T07:33:07 - [TEST_STEP][PASSED] - scrollToElement(findTestObject("Выручка в рублях/Заголовок дашборда" + nameOfBlock), 30): Scroll to object 'Object Repository/Выручка в рублях/Заголовок дашборда' successfully

16-10-2024T07:33:07 - [MESSAGE][PASSED] - Scroll to object 'Object Repository/Выручка в рублях/Заголовок дашборда' successfully

16-10-2024T07:33:07 - [TEST_STEP][PASSED] - click(findTestObject("Выручка в рублях/Применить в фильтре Дата" + nameOfBlock)): Object: 'Object Repository/Выручка в рублях/Применить в фильтре Дата' is clicked on

16-10-2024T07:33:08 - [MESSAGE][PASSED] - Object: 'Object Repository/Выручка в рублях/Применить в фильтре Дата' is clicked on

16-10-2024T07:33:08 - [TEST_STEP][PASSED] - delay(50): Delayed 50 second(s)

16-10-2024T07:33:58 - [MESSAGE][PASSED] - Delayed 50 second(s)

16-10-2024T07:33:58 - [TEST_STEP][PASSED] - click(findTestObject("Выручка в рублях/Фильтр ДЗО" + nameOfBlock)): Object: 'Object Repository/Выручка в рублях/Фильтр ДЗО' is clicked on

16-10-2024T07:33:58 - [MESSAGE][PASSED] - Object: 'Object Repository/Выручка в рублях/Фильтр ДЗО' is clicked on

16-10-2024T07:33:58 - [TEST_STEP][PASSED] - click(findTestObject("Выручка в рублях/Снять выделение в фильтре ДЗО" + nameOfBlock)): Object: 'Object Repository/Выручка в рублях/Снять выделение в фильтре ДЗО' is clicked on

16-10-2024T07:33:59 - [MESSAGE][PASSED] - Object: 'Object Repository/Выручка в рублях/Снять выделение в фильтре ДЗО' is clicked on

16-10-2024T07:33:59 - [TEST_STEP][PASSED] - click(findTestObject("Выручка в рублях/Применить в фильтре ДЗО" + nameOfBlock)): Object: 'Object Repository/Выручка в рублях/Применить в фильтре ДЗО' is clicked on

16-10-2024T07:33:59 - [MESSAGE][PASSED] - Object: 'Object Repository/Выручка в рублях/Применить в фильтре ДЗО' is clicked on

16-10-2024T07:33:59 - [TEST_STEP][PASSED] - delay(50): Delayed 50 second(s)

16-10-2024T07:34:49 - [MESSAGE][PASSED] - Delayed 50 second(s)

16-10-2024T07:34:49 - [TEST_STEP][PASSED] - Script1710234207206.Tumbler(run, vir, block, nameOfBlock): null

16-10-2024T07:34:49 - [TEST_STEP][PASSED] - println("run:" + run): null

16-10-2024T07:34:49 - [TEST_STEP][PASSED] - println("vir:" + vir): null

16-10-2024T07:34:49 - [TEST_STEP][PASSED] - println("block:" + block): null

16-10-2024T07:34:49 - [TEST_STEP][PASSED] - println("nameOfBlock:" + nameOfBlock): null

16-10-2024T07:34:49 - [TEST_STEP][PASSED] - if (vir == 1): null

16-10-2024T07:34:49 - [TEST_STEP][PASSED] - else if (vir == 2): null

16-10-2024T07:34:49 - [TEST_STEP][PASSED] - else if (vir == 3): Object: 'Object Repository/Выручка в рублях/Применить в фильтре Выручка' is clicked on

16-10-2024T07:34:49 - [TEST_STEP][PASSED] - if (run == 2): null

16-10-2024T07:34:49 - [TEST_STEP][PASSED] - click(findTestObject("Выручка в рублях/Фильтр Выручка" + nameOfBlock)): Object: 'Object Repository/Выручка в рублях/Фильтр Выручка' is clicked on

16-10-2024T07:34:50 - [MESSAGE][PASSED] - Object: 'Object Repository/Выручка в рублях/Фильтр Выручка' is clicked on

16-10-2024T07:34:50 - [TEST_STEP][PASSED] - click(findTestObject("Выручка в рублях/Внутренний оборот в фильтре Выручка" + nameOfBlock)): Object: 'Object Repository/Выручка в рублях/Внутренний оборот в фильтре Выручка' is clicked on

16-10-2024T07:34:50 - [MESSAGE][PASSED] - Object: 'Object Repository/Выручка в рублях/Внутренний оборот в фильтре Выручка' is clicked on

16-10-2024T07:34:50 - [TEST_STEP][PASSED] - click(findTestObject("Выручка в рублях/Применить в фильтре Выручка" + nameOfBlock)): Object: 'Object Repository/Выручка в рублях/Применить в фильтре Выручка' is clicked on

16-10-2024T07:34:51 - [MESSAGE][PASSED] - Object: 'Object Repository/Выручка в рублях/Применить в фильтре Выручка' is clicked on

16-10-2024T07:34:51 - [TEST_STEP][PASSED] - click(findTestObject("Выручка в рублях/Фильтр ДЗО" + nameOfBlock)): Object: 'Object Repository/Выручка в рублях/Фильтр ДЗО' is clicked on

16-10-2024T07:34:53 - [MESSAGE][PASSED] - Object: 'Object Repository/Выручка в рублях/Фильтр ДЗО' is clicked on

16-10-2024T07:34:53 - [TEST_STEP][PASSED] - Script1710234207206.Rosseti(nameOfBlock): null

16-10-2024T07:34:53 - [TEST_STEP][PASSED] - println("nameOfBlock:" + nameOfBlock): null

16-10-2024T07:34:53 - [TEST_STEP][PASSED] - click(findTestObject("Выручка в рублях/ПАО Россети" + nameOfBlock)): Object: 'Object Repository/Выручка в рублях/ПАО Россети' is clicked on

16-10-2024T07:34:54 - [MESSAGE][PASSED] - Object: 'Object Repository/Выручка в рублях/ПАО Россети' is clicked on

16-10-2024T07:34:54 - [TEST_STEP][PASSED] - click(findTestObject("Выручка в рублях/Применить в фильтре ДЗО" + nameOfBlock)): Object: 'Object Repository/Выручка в рублях/Применить в фильтре ДЗО' is clicked on

16-10-2024T07:34:54 - [MESSAGE][PASSED] - Object: 'Object Repository/Выручка в рублях/Применить в фильтре ДЗО' is clicked on

16-10-2024T07:34:54 - [TEST_STEP][PASSED] - if (run == 2): null

16-10-2024T07:34:54 - [TEST_STEP][PASSED] - if (vir == 1 || vir == 2): null

16-10-2024T07:34:54 - [TEST_STEP][PASSED] - else: Text of object 'Object Repository/Выручка в рублях/vir3Plan' is: '15 949'

16-10-2024T07:34:54 - [TEST_STEP][PASSED] - a1 = getText(findTestObject("Выручка в рублях/vir3Plan")): Text of object 'Object Repository/Выручка в рублях/vir3Plan' is: '15 949'

16-10-2024T07:34:56 - [MESSAGE][PASSED] - Text of object 'Object Repository/Выручка в рублях/vir3Plan' is: '15 949'

16-10-2024T07:34:56 - [TEST_STEP][PASSED] - if (vir == 1 || vir == 2): null

16-10-2024T07:34:56 - [TEST_STEP][PASSED] - else: Text of object 'Object Repository/Выручка в рублях/vir3Fact' is: '16 473'

16-10-2024T07:34:56 - [TEST_STEP][PASSED] - a2 = getText(findTestObject("Выручка в рублях/vir3Fact")): Text of object 'Object Repository/Выручка в рублях/vir3Fact' is: '16 473'

16-10-2024T07:34:57 - [MESSAGE][PASSED] - Text of object 'Object Repository/Выручка в рублях/vir3Fact' is: '16 473'

16-10-2024T07:34:57 - [TEST_STEP][PASSED] - a30 = getText(findTestObject("Выручка в рублях/span1" + perc)): Text of object 'Object Repository/Выручка в рублях/span1' is: '524 млн.руб.'

16-10-2024T07:34:57 - [MESSAGE][PASSED] - Text of object 'Object Repository/Выручка в рублях/span1' is: '524 млн.руб.'

16-10-2024T07:34:57 - [TEST_STEP][PASSED] - i = a30.indexOf("млн.руб."): null

16-10-2024T07:34:57 - [TEST_STEP][PASSED] - if (i > -1): null

16-10-2024T07:34:57 - [TEST_STEP][PASSED] - a30 = a30.substring(0, i): null

16-10-2024T07:34:57 - [TEST_STEP][PASSED] - a30 = a30.replaceAll(" ", ""): null

16-10-2024T07:34:57 - [TEST_STEP][PASSED] - if (a30.contains("%")): null

16-10-2024T07:34:57 - [TEST_STEP][PASSED] - a30 = ").trim(): null

16-10-2024T07:34:57 - [TEST_STEP][PASSED] - println("a30: " + a30): null

16-10-2024T07:34:57 - [TEST_STEP][PASSED] - if (vir == 1 || vir == 2): null

16-10-2024T07:34:57 - [TEST_STEP][PASSED] - else: Text of object 'Object Repository/Выручка в рублях/span15' is: '-20'

16-10-2024T07:34:57 - [TEST_STEP][PASSED] - a31 = ").trim(): Text of object 'Object Repository/Выручка в рублях/span15' is: '-20'

16-10-2024T07:34:57 - [MESSAGE][PASSED] - Text of object 'Object Repository/Выручка в рублях/span15' is: '-20'

16-10-2024T07:34:57 - [TEST_STEP][PASSED] - if (vir == 1 || vir == 2): null

16-10-2024T07:34:57 - [TEST_STEP][PASSED] - else: Text of object 'Object Repository/Выручка в рублях/span16' is: '54'

16-10-2024T07:34:57 - [TEST_STEP][PASSED] - a32 = ").trim(): Text of object 'Object Repository/Выручка в рублях/span16' is: '54'

16-10-2024T07:34:58 - [MESSAGE][PASSED] - Text of object 'Object Repository/Выручка в рублях/span16' is: '54'

16-10-2024T07:34:58 - [TEST_STEP][PASSED] - if (vir == 1 || vir == 2): null

16-10-2024T07:34:58 - [TEST_STEP][PASSED] - else: Text of object 'Object Repository/Выручка в рублях/span17' is: '458'

16-10-2024T07:34:58 - [TEST_STEP][PASSED] - a37 = ").trim(): Text of object 'Object Repository/Выручка в рублях/span17' is: '458'

16-10-2024T07:34:58 - [MESSAGE][PASSED] - Text of object 'Object Repository/Выручка в рублях/span17' is: '458'

16-10-2024T07:34:58 - [TEST_STEP][PASSED] - if (vir == 1 || vir == 2): null

16-10-2024T07:34:58 - [TEST_STEP][PASSED] - else: Text of object 'Object Repository/Выручка в рублях/span18' is: '32'

16-10-2024T07:34:58 - [TEST_STEP][PASSED] - a316 = ").trim(): Text of object 'Object Repository/Выручка в рублях/span18' is: '32'

16-10-2024T07:34:58 - [MESSAGE][PASSED] - Text of object 'Object Repository/Выручка в рублях/span18' is: '32'

16-10-2024T07:34:58 - [TEST_STEP][PASSED] - if (vir == 1 || vir == 2): null

16-10-2024T07:34:58 - [TEST_STEP][PASSED] - block = 2: null

16-10-2024T07:34:58 - [TEST_STEP][PASSED] - nameOfBlock = " Выручка": null

16-10-2024T07:34:58 - [TEST_STEP][PASSED] - Script1710234207206.PreSettings(run, vir, block, nameOfBlock, typeOfData, todaysDate): null

16-10-2024T07:34:58 - [TEST_STEP][PASSED] - openBrowser(""): Browser is opened with url: ''

16-10-2024T07:34:58 - [MESSAGE][WARNING] - A browser is already opened. Closing browser and opening a new one

16-10-2024T07:34:58 - [MESSAGE][INFO] - Starting 'Chrome' driver

16-10-2024T07:34:58 - [MESSAGE][INFO] - Action delay is set to 0 milliseconds

16-10-2024T07:34:59 - [MESSAGE][PASSED] - Browser is opened with url: ''

16-10-2024T07:34:59 - [TEST_STEP][PASSED] - refresh(): Refresh successfully

16-10-2024T07:34:59 - [MESSAGE][PASSED] - Refresh successfully

16-10-2024T07:34:59 - [TEST_STEP][PASSED] - delay(50): Delayed 50 second(s)

16-10-2024T07:35:49 - [MESSAGE][PASSED] - Delayed 50 second(s)

16-10-2024T07:35:49 - [TEST_STEP][PASSED] - println("run:" + run): null

16-10-2024T07:35:49 - [TEST_STEP][PASSED] - println("vir:" + vir): null

16-10-2024T07:35:49 - [TEST_STEP][PASSED] - println("block:" + block): null

16-10-2024T07:35:49 - [TEST_STEP][PASSED] - if (block == 1): null

16-10-2024T07:35:49 - [TEST_STEP][PASSED] - else: null

16-10-2024T07:35:49 - [TEST_STEP][PASSED] - nameOfBlock = " Выручка": null

16-10-2024T07:35:49 - [TEST_STEP][PASSED] - println("nameOfBlock:" + nameOfBlock): null

16-10-2024T07:35:49 - [TEST_STEP][PASSED] - println("typeOfData:" + typeOfData): null

16-10-2024T07:35:49 - [TEST_STEP][PASSED] - println("todaysDate:" + todaysDate): null

16-10-2024T07:35:49 - [TEST_STEP][PASSED] - Script1710234207206.Autorization(block, nameOfBlock): null

16-10-2024T07:35:49 - [TEST_STEP][PASSED] - println("block:" + block): null

16-10-2024T07:35:49 - [TEST_STEP][PASSED] - if (block == 1): null

16-10-2024T07:35:49 - [TEST_STEP][PASSED] - else: null

16-10-2024T07:35:49 - [TEST_STEP][PASSED] - delay(45): Delayed 45 second(s)

16-10-2024T07:36:34 - [MESSAGE][PASSED] - Delayed 45 second(s)

16-10-2024T07:36:34 - [TEST_STEP][PASSED] - nameOfBlock = " Выручка": null

16-10-2024T07:36:34 - [TEST_STEP][PASSED] - println("nameOfBlock:" + nameOfBlock): null

16-10-2024T07:36:34 - [TEST_STEP][PASSED] - if (block == 1): null

16-10-2024T07:36:34 - [TEST_STEP][PASSED] - else: Delayed 45 second(s)

16-10-2024T07:36:34 - [TEST_STEP][PASSED] - navigateToUrl(findTestData("PlanFact").getValue(10, 9)): Navigate to 'https://bi.rosseti.digital/viewer?dashboardGuid=a1fd28b3785d443cbc4d7690a1d78e31&sheetGuid=86092a20c5984827a0c87b24cac76a50&fit=true' successfully

16-10-2024T07:36:43 - [MESSAGE][PASSED] - Navigate to 'https://bi.rosseti.digital/viewer?dashboardGuid=a1fd28b3785d443cbc4d7690a1d78e31&sheetGuid=86092a20c5984827a0c87b24cac76a50&fit=true' successfully

16-10-2024T07:36:43 - [TEST_STEP][PASSED] - delay(45): Delayed 45 second(s)

16-10-2024T07:37:28 - [MESSAGE][PASSED] - Delayed 45 second(s)

16-10-2024T07:37:28 - [TEST_STEP][PASSED] - if (verifyElementPresent(findTestObject("Страница авторизации/button_"), 30) == true): null

16-10-2024T07:37:28 - [MESSAGE][PASSED] - Object 'Object Repository/Страница авторизации/button_' is present

16-10-2024T07:37:28 - [TEST_STEP][PASSED] - setText(findTestObject("Страница авторизации/input__username"), findTestData("PlanFact").getValue(8, 1)): Text 'shekhov-aa' is set on object 'Object Repository/Страница авторизации/input__username'

16-10-2024T07:37:28 - [MESSAGE][PASSED] - Text 'shekhov-aa' is set on object 'Object Repository/Страница авторизации/input__username'

16-10-2024T07:37:28 - [TEST_STEP][PASSED] - setText(findTestObject("Страница авторизации/input__password"), findTestData("PlanFact").getValue(9, 1)): Text 'i)RpQLLlXv9gUDC9' is set on object 'Object Repository/Страница авторизации/input__password'

16-10-2024T07:37:29 - [MESSAGE][PASSED] - Text 'i)RpQLLlXv9gUDC9' is set on object 'Object Repository/Страница авторизации/input__password'

16-10-2024T07:37:29 - [TEST_STEP][PASSED] - click(findTestObject("Страница авторизации/button_")): Object: 'Object Repository/Страница авторизации/button_' is clicked on

16-10-2024T07:37:32 - [MESSAGE][PASSED] - Object: 'Object Repository/Страница авторизации/button_' is clicked on

16-10-2024T07:37:32 - [TEST_STEP][PASSED] - delay(45): Delayed 45 second(s)

16-10-2024T07:38:17 - [MESSAGE][PASSED] - Delayed 45 second(s)

16-10-2024T07:38:17 - [TEST_STEP][PASSED] - if (block == 2): Delayed 50 second(s)

16-10-2024T07:38:17 - [TEST_STEP][PASSED] - opoveshenie = getText(findTestObject("Выручка в рублях/Просьба обратить внимание")): Text of object 'Object Repository/Выручка в рублях/Просьба обратить внимание' is: 'Просьба обратить внимание'

16-10-2024T07:38:17 - [MESSAGE][PASSED] - Text of object 'Object Repository/Выручка в рублях/Просьба обратить внимание' is: 'Просьба обратить внимание'

16-10-2024T07:38:17 - [TEST_STEP][PASSED] - if (opoveshenie == "Просьба обратить внимание"): Delayed 50 second(s)

16-10-2024T07:38:17 - [TEST_STEP][PASSED] - click(findTestObject("Выручка в рублях/Закрыть оповещение")): Object: 'Object Repository/Выручка в рублях/Закрыть оповещение' is clicked on

16-10-2024T07:38:17 - [MESSAGE][PASSED] - Object: 'Object Repository/Выручка в рублях/Закрыть оповещение' is clicked on

16-10-2024T07:38:17 - [TEST_STEP][PASSED] - delay(50): Delayed 50 second(s)

16-10-2024T07:39:07 - [MESSAGE][PASSED] - Delayed 50 second(s)

16-10-2024T07:39:07 - [TEST_STEP][PASSED] - click(findTestObject("Выручка в рублях/Фильтр Период" + nameOfBlock)): Object: 'Object Repository/Выручка в рублях/Фильтр Период Выручка' is clicked on

16-10-2024T07:39:08 - [MESSAGE][PASSED] - Object: 'Object Repository/Выручка в рублях/Фильтр Период Выручка' is clicked on

16-10-2024T07:39:08 - [TEST_STEP][PASSED] - click(findTestObject("Выручка в рублях/Снять выделение в фильтре Дата" + nameOfBlock)): Object: 'Object Repository/Выручка в рублях/Снять выделение в фильтре Дата Выручка' is clicked on

16-10-2024T07:39:08 - [MESSAGE][PASSED] - Object: 'Object Repository/Выручка в рублях/Снять выделение в фильтре Дата Выручка' is clicked on

16-10-2024T07:39:08 - [TEST_STEP][PASSED] - click(findTestObject("Выручка в рублях/Применить в фильтре Дата" + nameOfBlock)): Object: 'Object Repository/Выручка в рублях/Применить в фильтре Дата Выручка' is clicked on

16-10-2024T07:39:09 - [MESSAGE][PASSED] - Object: 'Object Repository/Выручка в рублях/Применить в фильтре Дата Выручка' is clicked on

16-10-2024T07:39:09 - [TEST_STEP][PASSED] - delay(50): Delayed 50 second(s)

16-10-2024T07:39:59 - [MESSAGE][PASSED] - Delayed 50 second(s)

16-10-2024T07:39:59 - [TEST_STEP][PASSED] - click(findTestObject("Выручка в рублях/Фильтр Период" + nameOfBlock)): Object: 'Object Repository/Выручка в рублях/Фильтр Период Выручка' is clicked on

16-10-2024T07:39:59 - [MESSAGE][PASSED] - Object: 'Object Repository/Выручка в рублях/Фильтр Период Выручка' is clicked on

16-10-2024T07:39:59 - [TEST_STEP][PASSED] - click(findTestObject("Выручка в рублях/Снять выделение в фильтре Дата" + nameOfBlock)): Object: 'Object Repository/Выручка в рублях/Снять выделение в фильтре Дата Выручка' is clicked on

16-10-2024T07:40:00 - [MESSAGE][PASSED] - Object: 'Object Repository/Выручка в рублях/Снять выделение в фильтре Дата Выручка' is clicked on

16-10-2024T07:40:00 - [TEST_STEP][PASSED] - scrollToElement(findTestObject("Выручка в рублях/2024 список" + nameOfBlock), 30): Scroll to object 'Object Repository/Выручка в рублях/2024 список Выручка' successfully

16-10-2024T07:40:00 - [MESSAGE][PASSED] - Scroll to object 'Object Repository/Выручка в рублях/2024 список Выручка' successfully

16-10-2024T07:40:00 - [TEST_STEP][PASSED] - click(findTestObject("Выручка в рублях/2024 список" + nameOfBlock)): Object: 'Object Repository/Выручка в рублях/2024 список Выручка' is clicked on

16-10-2024T07:40:00 - [MESSAGE][PASSED] - Object: 'Object Repository/Выручка в рублях/2024 список Выручка' is clicked on

16-10-2024T07:40:00 - [TEST_STEP][PASSED] - scrollToElement(findTestObject("Выручка в рублях/1 квартал 2024 выбрать" + nameOfBlock), 30): Scroll to object 'Object Repository/Выручка в рублях/1 квартал 2024 выбрать Выручка' successfully

16-10-2024T07:40:01 - [MESSAGE][PASSED] - Scroll to object 'Object Repository/Выручка в рублях/1 квартал 2024 выбрать Выручка' successfully

16-10-2024T07:40:01 - [TEST_STEP][PASSED] - click(findTestObject("Выручка в рублях/1 квартал 2024 выбрать" + nameOfBlock)): Object: 'Object Repository/Выручка в рублях/1 квартал 2024 выбрать Выручка' is clicked on

16-10-2024T07:40:01 - [MESSAGE][PASSED] - Object: 'Object Repository/Выручка в рублях/1 квартал 2024 выбрать Выручка' is clicked on

16-10-2024T07:40:01 - [TEST_STEP][PASSED] - scrollToElement(findTestObject("Выручка в рублях/2 квартал 2024 выбрать" + nameOfBlock), 30): Scroll to object 'Object Repository/Выручка в рублях/2 квартал 2024 выбрать Выручка' successfully

16-10-2024T07:40:02 - [MESSAGE][PASSED] - Scroll to object 'Object Repository/Выручка в рублях/2 квартал 2024 выбрать Выручка' successfully

16-10-2024T07:40:02 - [TEST_STEP][PASSED] - click(findTestObject("Выручка в рублях/2 квартал 2024 выбрать" + nameOfBlock)): Object: 'Object Repository/Выручка в рублях/2 квартал 2024 выбрать Выручка' is clicked on

16-10-2024T07:40:02 - [MESSAGE][PASSED] - Object: 'Object Repository/Выручка в рублях/2 квартал 2024 выбрать Выручка' is clicked on

16-10-2024T07:40:02 - [TEST_STEP][PASSED] - scrollToElement(findTestObject("Выручка в рублях/3 квартал 2024 список" + nameOfBlock), 30): Scroll to object 'Object Repository/Выручка в рублях/3 квартал 2024 список Выручка' successfully

16-10-2024T07:40:02 - [MESSAGE][PASSED] - Scroll to object 'Object Repository/Выручка в рублях/3 квартал 2024 список Выручка' successfully

16-10-2024T07:40:02 - [TEST_STEP][PASSED] - click(findTestObject("Выручка в рублях/3 квартал 2024 список" + nameOfBlock)): Object: 'Object Repository/Выручка в рублях/3 квартал 2024 список Выручка' is clicked on

16-10-2024T07:40:03 - [MESSAGE][PASSED] - Object: 'Object Repository/Выручка в рублях/3 квартал 2024 список Выручка' is clicked on

16-10-2024T07:40:03 - [TEST_STEP][PASSED] - click(findTestObject("Выручка в рублях/Июль 2024" + nameOfBlock)): Object: 'Object Repository/Выручка в рублях/Июль 2024 Выручка' is clicked on

16-10-2024T07:40:03 - [MESSAGE][PASSED] - Object: 'Object Repository/Выручка в рублях/Июль 2024 Выручка' is clicked on

16-10-2024T07:40:03 - [TEST_STEP][PASSED] - scrollToElement(findTestObject("Выручка в рублях/Август 2024" + nameOfBlock), 30): Scroll to object 'Object Repository/Выручка в рублях/Август 2024 Выручка' successfully

16-10-2024T07:40:04 - [MESSAGE][PASSED] - Scroll to object 'Object Repository/Выручка в рублях/Август 2024 Выручка' successfully

16-10-2024T07:40:04 - [TEST_STEP][PASSED] - click(findTestObject("Выручка в рублях/Август 2024" + nameOfBlock)): Object: 'Object Repository/Выручка в рублях/Август 2024 Выручка' is clicked on

16-10-2024T07:40:04 - [MESSAGE][PASSED] - Object: 'Object Repository/Выручка в рублях/Август 2024 Выручка' is clicked on

16-10-2024T07:40:04 - [TEST_STEP][PASSED] - scrollToElement(findTestObject("Выручка в рублях/Заголовок дашборда" + nameOfBlock), 30): Scroll to object 'Object Repository/Выручка в рублях/Заголовок дашборда Выручка' successfully

16-10-2024T07:40:04 - [MESSAGE][PASSED] - Scroll to object 'Object Repository/Выручка в рублях/Заголовок дашборда Выручка' successfully

16-10-2024T07:40:04 - [TEST_STEP][PASSED] - click(findTestObject("Выручка в рублях/Применить в фильтре Дата" + nameOfBlock)): Object: 'Object Repository/Выручка в рублях/Применить в фильтре Дата Выручка' is clicked on

16-10-2024T07:40:05 - [MESSAGE][PASSED] - Object: 'Object Repository/Выручка в рублях/Применить в фильтре Дата Выручка' is clicked on

16-10-2024T07:40:05 - [TEST_STEP][PASSED] - delay(50): Delayed 50 second(s)

16-10-2024T07:40:55 - [MESSAGE][PASSED] - Delayed 50 second(s)

16-10-2024T07:40:55 - [TEST_STEP][PASSED] - click(findTestObject("Выручка в рублях/Фильтр ДЗО" + nameOfBlock)): Object: 'Object Repository/Выручка в рублях/Фильтр ДЗО Выручка' is clicked on

16-10-2024T07:40:55 - [MESSAGE][PASSED] - Object: 'Object Repository/Выручка в рублях/Фильтр ДЗО Выручка' is clicked on

16-10-2024T07:40:55 - [TEST_STEP][PASSED] - click(findTestObject("Выручка в рублях/Снять выделение в фильтре ДЗО" + nameOfBlock)): Object: 'Object Repository/Выручка в рублях/Снять выделение в фильтре ДЗО Выручка' is clicked on

16-10-2024T07:40:56 - [MESSAGE][PASSED] - Object: 'Object Repository/Выручка в рублях/Снять выделение в фильтре ДЗО Выручка' is clicked on

16-10-2024T07:40:56 - [TEST_STEP][PASSED] - click(findTestObject("Выручка в рублях/Применить в фильтре ДЗО" + nameOfBlock)): Object: 'Object Repository/Выручка в рублях/Применить в фильтре ДЗО Выручка' is clicked on

16-10-2024T07:40:56 - [MESSAGE][PASSED] - Object: 'Object Repository/Выручка в рублях/Применить в фильтре ДЗО Выручка' is clicked on

16-10-2024T07:40:56 - [TEST_STEP][PASSED] - delay(50): Delayed 50 second(s)

16-10-2024T07:41:46 - [MESSAGE][PASSED] - Delayed 50 second(s)

16-10-2024T07:41:46 - [TEST_STEP][PASSED] - Script1710234207206.Tumbler(run, vir, block, nameOfBlock): null

16-10-2024T07:41:46 - [TEST_STEP][PASSED] - println("run:" + run): null

16-10-2024T07:41:46 - [TEST_STEP][PASSED] - println("vir:" + vir): null

16-10-2024T07:41:46 - [TEST_STEP][PASSED] - println("block:" + block): null

16-10-2024T07:41:46 - [TEST_STEP][PASSED] - println("nameOfBlock:" + nameOfBlock): null

16-10-2024T07:41:46 - [TEST_STEP][PASSED] - if (vir == 1): null

16-10-2024T07:41:46 - [TEST_STEP][PASSED] - else if (vir == 2): null

16-10-2024T07:41:46 - [TEST_STEP][PASSED] - else if (vir == 3): Object: 'Object Repository/Выручка в рублях/Применить в фильтре Выручка Выручка' is clicked on

16-10-2024T07:41:46 - [TEST_STEP][PASSED] - if (run == 2): null

16-10-2024T07:41:46 - [TEST_STEP][PASSED] - click(findTestObject("Выручка в рублях/Фильтр Выручка" + nameOfBlock)): Object: 'Object Repository/Выручка в рублях/Фильтр Выручка Выручка' is clicked on

16-10-2024T07:41:47 - [MESSAGE][PASSED] - Object: 'Object Repository/Выручка в рублях/Фильтр Выручка Выручка' is clicked on

16-10-2024T07:41:47 - [TEST_STEP][PASSED] - click(findTestObject("Выручка в рублях/Внутренний оборот в фильтре Выручка" + nameOfBlock)): Object: 'Object Repository/Выручка в рублях/Внутренний оборот в фильтре Выручка Выручка' is clicked on

16-10-2024T07:41:47 - [MESSAGE][PASSED] - Object: 'Object Repository/Выручка в рублях/Внутренний оборот в фильтре Выручка Выручка' is clicked on

16-10-2024T07:41:47 - [TEST_STEP][PASSED] - click(findTestObject("Выручка в рублях/Применить в фильтре Выручка" + nameOfBlock)): Object: 'Object Repository/Выручка в рублях/Применить в фильтре Выручка Выручка' is clicked on

16-10-2024T07:41:48 - [MESSAGE][PASSED] - Object: 'Object Repository/Выручка в рублях/Применить в фильтре Выручка Выручка' is clicked on

16-10-2024T07:41:48 - [TEST_STEP][PASSED] - click(findTestObject("Выручка в рублях/Фильтр ДЗО" + nameOfBlock)): Object: 'Object Repository/Выручка в рублях/Фильтр ДЗО Выручка' is clicked on

16-10-2024T07:41:51 - [MESSAGE][PASSED] - Object: 'Object Repository/Выручка в рублях/Фильтр ДЗО Выручка' is clicked on

16-10-2024T07:41:51 - [TEST_STEP][PASSED] - Script1710234207206.Rosseti(nameOfBlock): null

16-10-2024T07:41:51 - [TEST_STEP][PASSED] - println("nameOfBlock:" + nameOfBlock): null

16-10-2024T07:41:51 - [TEST_STEP][PASSED] - click(findTestObject("Выручка в рублях/ПАО Россети" + nameOfBlock)): Object: 'Object Repository/Выручка в рублях/ПАО Россети Выручка' is clicked on

16-10-2024T07:41:51 - [MESSAGE][PASSED] - Object: 'Object Repository/Выручка в рублях/ПАО Россети Выручка' is clicked on

16-10-2024T07:41:51 - [TEST_STEP][PASSED] - click(findTestObject("Выручка в рублях/Применить в фильтре ДЗО" + nameOfBlock)): Object: 'Object Repository/Выручка в рублях/Применить в фильтре ДЗО Выручка' is clicked on

16-10-2024T07:41:52 - [MESSAGE][PASSED] - Object: 'Object Repository/Выручка в рублях/Применить в фильтре ДЗО Выручка' is clicked on

16-10-2024T07:41:52 - [TEST_STEP][PASSED] - if (vir == 1 || vir == 2): null

16-10-2024T07:41:52 - [TEST_STEP][PASSED] - else: Text of object 'Object Repository/Выручка в рублях/vir3Plan Выручка' is: '15 949'

16-10-2024T07:41:52 - [TEST_STEP][PASSED] - b1 = getText(findTestObject("Выручка в рублях/vir3Plan Выручка")): Text of object 'Object Repository/Выручка в рублях/vir3Plan Выручка' is: '15 949'

16-10-2024T07:41:54 - [MESSAGE][PASSED] - Text of object 'Object Repository/Выручка в рублях/vir3Plan Выручка' is: '15 949'

16-10-2024T07:41:54 - [TEST_STEP][PASSED] - if (vir == 1 || vir == 2): null

16-10-2024T07:41:54 - [TEST_STEP][PASSED] - else: Text of object 'Object Repository/Выручка в рублях/vir3Fact Выручка' is: '16 473'

16-10-2024T07:41:54 - [TEST_STEP][PASSED] - b2 = getText(findTestObject("Выручка в рублях/vir3Fact Выручка")): Text of object 'Object Repository/Выручка в рублях/vir3Fact Выручка' is: '16 473'

16-10-2024T07:41:54 - [MESSAGE][PASSED] - Text of object 'Object Repository/Выручка в рублях/vir3Fact Выручка' is: '16 473'

16-10-2024T07:41:54 - [TEST_STEP][PASSED] - b30 = getText(findTestObject("Выручка в рублях/span1" + perc)): Text of object 'Object Repository/Выручка в рублях/span1' is: '524 млн.руб.'

16-10-2024T07:41:54 - [MESSAGE][PASSED] - Text of object 'Object Repository/Выручка в рублях/span1' is: '524 млн.руб.'

16-10-2024T07:41:54 - [TEST_STEP][PASSED] - i = b30.indexOf("млн.руб."): null

16-10-2024T07:41:54 - [TEST_STEP][PASSED] - if (i > -1): null

16-10-2024T07:41:54 - [TEST_STEP][PASSED] - b30 = b30.substring(0, i): null

16-10-2024T07:41:54 - [TEST_STEP][PASSED] - b30 = b30.replaceAll(" ", ""): null

16-10-2024T07:41:54 - [TEST_STEP][PASSED] - if (b30.contains("%")): null

16-10-2024T07:41:54 - [TEST_STEP][PASSED] - b30 = ").trim(): null

16-10-2024T07:41:54 - [TEST_STEP][PASSED] - println("b30: " + b30): null

16-10-2024T07:41:54 - [TEST_STEP][PASSED] - if (vir == 1 || vir == 2): null

16-10-2024T07:41:54 - [TEST_STEP][PASSED] - else: Text of object 'Object Repository/Выручка в рублях/span15' is: '-20'

16-10-2024T07:41:54 - [TEST_STEP][PASSED] - b31 = ").trim(): Text of object 'Object Repository/Выручка в рублях/span15' is: '-20'

16-10-2024T07:41:55 - [MESSAGE][PASSED] - Text of object 'Object Repository/Выручка в рублях/span15' is: '-20'

16-10-2024T07:41:55 - [TEST_STEP][PASSED] - if (vir == 1 || vir == 2): null

16-10-2024T07:41:55 - [TEST_STEP][PASSED] - else: Text of object 'Object Repository/Выручка в рублях/span16' is: '54'

16-10-2024T07:41:55 - [TEST_STEP][PASSED] - b32 = ").trim(): Text of object 'Object Repository/Выручка в рублях/span16' is: '54'

16-10-2024T07:41:55 - [MESSAGE][PASSED] - Text of object 'Object Repository/Выручка в рублях/span16' is: '54'

16-10-2024T07:41:55 - [TEST_STEP][PASSED] - if (vir == 1 || vir == 2): null

16-10-2024T07:41:55 - [TEST_STEP][PASSED] - else: Text of object 'Object Repository/Выручка в рублях/span17' is: '458'

16-10-2024T07:41:55 - [TEST_STEP][PASSED] - b37 = ").trim(): Text of object 'Object Repository/Выручка в рублях/span17' is: '458'

16-10-2024T07:41:55 - [MESSAGE][PASSED] - Text of object 'Object Repository/Выручка в рублях/span17' is: '458'

16-10-2024T07:41:55 - [TEST_STEP][PASSED] - if (vir == 1 || vir == 2): null

16-10-2024T07:41:55 - [TEST_STEP][PASSED] - else: Text of object 'Object Repository/Выручка в рублях/span18' is: '32'

16-10-2024T07:41:55 - [TEST_STEP][PASSED] - b316 = ").trim(): Text of object 'Object Repository/Выручка в рублях/span18' is: '32'

16-10-2024T07:41:56 - [MESSAGE][PASSED] - Text of object 'Object Repository/Выручка в рублях/span18' is: '32'

16-10-2024T07:41:56 - [TEST_STEP][PASSED] - if (vir == 1 || vir == 2): null

16-10-2024T07:41:56 - [TEST_STEP][PASSED] - dZO = "ПАО Россети": null

16-10-2024T07:41:56 - [TEST_STEP][PASSED] - if (verifyEqual(a1, b1) == false): Actual object '15 949' and expected object '15 949' are equal

16-10-2024T07:41:56 - [MESSAGE][PASSED] - Actual object '15 949' and expected object '15 949' are equal

16-10-2024T07:41:56 - [TEST_STEP][PASSED] - if (verifyEqual(a2, b2) == false): Actual object '16 473' and expected object '16 473' are equal

16-10-2024T07:41:56 - [MESSAGE][PASSED] - Actual object '16 473' and expected object '16 473' are equal

16-10-2024T07:41:56 - [TEST_STEP][PASSED] - vidget = "Отклонения": null

16-10-2024T07:41:56 - [TEST_STEP][PASSED] - if (verifyEqual(a30, b30) == false): Actual object '524' and expected object '524' are equal

16-10-2024T07:41:56 - [MESSAGE][PASSED] - Actual object '524' and expected object '524' are equal

16-10-2024T07:41:56 - [TEST_STEP][PASSED] - dZO = "АО «Тываэнерго»": null

16-10-2024T07:41:56 - [TEST_STEP][PASSED] - if (verifyEqual(a31, b31) == false): Actual object '-20' and expected object '-20' are equal

16-10-2024T07:41:56 - [MESSAGE][PASSED] - Actual object '-20' and expected object '-20' are equal

16-10-2024T07:41:56 - [TEST_STEP][PASSED] - dZO = "АО «Чеченэнерго»": null

16-10-2024T07:41:56 - [TEST_STEP][PASSED] - if (verifyEqual(a32, b32) == false): Actual object '54' and expected object '54' are equal

16-10-2024T07:41:56 - [MESSAGE][PASSED] - Actual object '54' and expected object '54' are equal

16-10-2024T07:41:56 - [TEST_STEP][PASSED] - dZO = "Россети Волга": null

16-10-2024T07:41:56 - [TEST_STEP][PASSED] - if (verifyEqual(a33, b33) == false): Actual object 'null' and expected object 'null' are equal

16-10-2024T07:41:56 - [MESSAGE][PASSED] - Actual object 'null' and expected object 'null' are equal

16-10-2024T07:41:56 - [TEST_STEP][PASSED] - dZO = "Россети Кубань": null

16-10-2024T07:41:56 - [TEST_STEP][PASSED] - if (verifyEqual(a34, b34) == false): Actual object 'null' and expected object 'null' are equal

16-10-2024T07:41:56 - [MESSAGE][PASSED] - Actual object 'null' and expected object 'null' are equal

16-10-2024T07:41:56 - [TEST_STEP][PASSED] - dZO = "Россети Ленэнерго (ГК)": null

16-10-2024T07:41:56 - [TEST_STEP][PASSED] - if (verifyEqual(a35, b35) == false): Actual object 'null' and expected object 'null' are equal

16-10-2024T07:41:56 - [MESSAGE][PASSED] - Actual object 'null' and expected object 'null' are equal

16-10-2024T07:41:56 - [TEST_STEP][PASSED] - dZO = "Россети Московский регион": null

16-10-2024T07:41:56 - [TEST_STEP][PASSED] - if (verifyEqual(a36, b36) == false): Actual object 'null' and expected object 'null' are equal

16-10-2024T07:41:56 - [MESSAGE][PASSED] - Actual object 'null' and expected object 'null' are equal

16-10-2024T07:41:56 - [TEST_STEP][PASSED] - dZO = "Россети Северный Кавказ (ГК)": null

16-10-2024T07:41:56 - [TEST_STEP][PASSED] - if (verifyEqual(a37, b37) == false): Actual object '458' and expected object '458' are equal

16-10-2024T07:41:56 - [MESSAGE][PASSED] - Actual object '458' and expected object '458' are equal

16-10-2024T07:41:56 - [TEST_STEP][PASSED] - dZO = "Россети Северо-Запад": null

16-10-2024T07:41:56 - [TEST_STEP][PASSED] - if (verifyEqual(a38, b38) == false): Actual object 'null' and expected object 'null' are equal

16-10-2024T07:41:56 - [MESSAGE][PASSED] - Actual object 'null' and expected object 'null' are equal

16-10-2024T07:41:56 - [TEST_STEP][PASSED] - dZO = "Россети Сибирь (ГК)": null

16-10-2024T07:41:56 - [TEST_STEP][PASSED] - if (verifyEqual(a39, b39) == false): Actual object 'null' and expected object 'null' are equal

16-10-2024T07:41:56 - [MESSAGE][PASSED] - Actual object 'null' and expected object 'null' are equal

16-10-2024T07:41:56 - [TEST_STEP][PASSED] - dZO = "Россети Томск": null

16-10-2024T07:41:56 - [TEST_STEP][PASSED] - if (verifyEqual(a310, b310) == false): Actual object 'null' and expected object 'null' are equal

16-10-2024T07:41:56 - [MESSAGE][PASSED] - Actual object 'null' and expected object 'null' are equal

16-10-2024T07:41:56 - [TEST_STEP][PASSED] - dZO = "Россети Тюмень": null

16-10-2024T07:41:56 - [TEST_STEP][PASSED] - if (verifyEqual(a311, b311) == false): Actual object 'null' and expected object 'null' are equal

16-10-2024T07:41:56 - [MESSAGE][PASSED] - Actual object 'null' and expected object 'null' are equal

16-10-2024T07:41:56 - [TEST_STEP][PASSED] - dZO = "Россети Урал (ГК)": null

16-10-2024T07:41:56 - [TEST_STEP][PASSED] - if (verifyEqual(a312, b312) == false): Actual object 'null' and expected object 'null' are equal

16-10-2024T07:41:56 - [MESSAGE][PASSED] - Actual object 'null' and expected object 'null' are equal

16-10-2024T07:41:56 - [TEST_STEP][PASSED] - dZO = "Россети ФСК ЕЭС": null

16-10-2024T07:41:56 - [TEST_STEP][PASSED] - if (verifyEqual(a313, b313) == false): Actual object 'null' and expected object 'null' are equal

16-10-2024T07:41:56 - [MESSAGE][PASSED] - Actual object 'null' and expected object 'null' are equal

16-10-2024T07:41:56 - [TEST_STEP][PASSED] - dZO = "Россети Центр": null

16-10-2024T07:41:56 - [TEST_STEP][PASSED] - if (verifyEqual(a314, b314) == false): Actual object 'null' and expected object 'null' are equal

16-10-2024T07:41:56 - [MESSAGE][PASSED] - Actual object 'null' and expected object 'null' are equal

16-10-2024T07:41:56 - [TEST_STEP][PASSED] - dZO = "Россети Центр и Приволжье (ГК)": null

16-10-2024T07:41:56 - [TEST_STEP][PASSED] - if (verifyEqual(a315, b315) == false): Actual object 'null' and expected object 'null' are equal

16-10-2024T07:41:56 - [MESSAGE][PASSED] - Actual object 'null' and expected object 'null' are equal

16-10-2024T07:41:56 - [TEST_STEP][PASSED] - dZO = "Россети Юг (ГК)": null

16-10-2024T07:41:56 - [TEST_STEP][PASSED] - if (verifyEqual(a316, b316) == false): Actual object '32' and expected object '32' are equal

16-10-2024T07:41:56 - [MESSAGE][PASSED] - Actual object '32' and expected object '32' are equal

16-10-2024T07:41:56 - [TEST_STEP][PASSED] - dZO = "Россети Янтарь": null

16-10-2024T07:41:56 - [TEST_STEP][PASSED] - if (verifyEqual(a317, b317) == false): Actual object 'null' and expected object 'null' are equal

16-10-2024T07:41:56 - [MESSAGE][PASSED] - Actual object 'null' and expected object 'null' are equal

16-10-2024T07:41:56 - [TEST_STEP][PASSED] - closeBrowser(): null

16-10-2024T07:41:56 - [MESSAGE][PASSED] - Browser is closed

16-10-2024T07:41:56 - [TEST_STEP][PASSED] - Script1710234207206.ViruchkaChange(run, vir, block, nameOfBlock, typeOfData, viruchka, vidget, todaysDate, a, b, dZO, x, y): null

16-10-2024T07:41:56 - [TEST_STEP][PASSED] - for ([vir = 1, vir < 4, (vir++)]): null

16-10-2024T07:41:56 - [TEST_STEP][PASSED] - Script1710234207206.Blocks(run, vir, block, nameOfBlock, typeOfData, viruchka, vidget, todaysDate, a, b, dZO, x, y): null

16-10-2024T07:41:56 - [TEST_STEP][PASSED] - i = <not implemented yet for class: org.codehaus.groovy.ast.expr.EmptyExpression>: null

16-10-2024T07:41:56 - [TEST_STEP][PASSED] - perc = "": null

16-10-2024T07:41:56 - [TEST_STEP][PASSED] - a1 = <not implemented yet for class: org.codehaus.groovy.ast.expr.EmptyExpression>: null

16-10-2024T07:41:56 - [TEST_STEP][PASSED] - a2 = <not implemented yet for class: org.codehaus.groovy.ast.expr.EmptyExpression>: null

16-10-2024T07:41:56 - [TEST_STEP][PASSED] - a30 = <not implemented yet for class: org.codehaus.groovy.ast.expr.EmptyExpression>: null

16-10-2024T07:41:56 - [TEST_STEP][PASSED] - a31 = <not implemented yet for class: org.codehaus.groovy.ast.expr.EmptyExpression>: null

16-10-2024T07:41:56 - [TEST_STEP][PASSED] - a32 = <not implemented yet for class: org.codehaus.groovy.ast.expr.EmptyExpression>: null

16-10-2024T07:41:56 - [TEST_STEP][PASSED] - a33 = <not implemented yet for class: org.codehaus.groovy.ast.expr.EmptyExpression>: null

16-10-2024T07:41:56 - [TEST_STEP][PASSED] - a34 = <not implemented yet for class: org.codehaus.groovy.ast.expr.EmptyExpression>: null

16-10-2024T07:41:56 - [TEST_STEP][PASSED] - a35 = <not implemented yet for class: org.codehaus.groovy.ast.expr.EmptyExpression>: null

16-10-2024T07:41:56 - [TEST_STEP][PASSED] - a36 = <not implemented yet for class: org.codehaus.groovy.ast.expr.EmptyExpression>: null

16-10-2024T07:41:56 - [TEST_STEP][PASSED] - a37 = <not implemented yet for class: org.codehaus.groovy.ast.expr.EmptyExpression>: null

16-10-2024T07:41:56 - [TEST_STEP][PASSED] - a38 = <not implemented yet for class: org.codehaus.groovy.ast.expr.EmptyExpression>: null

16-10-2024T07:41:56 - [TEST_STEP][PASSED] - a39 = <not implemented yet for class: org.codehaus.groovy.ast.expr.EmptyExpression>: null

16-10-2024T07:41:56 - [TEST_STEP][PASSED] - a310 = <not implemented yet for class: org.codehaus.groovy.ast.expr.EmptyExpression>: null

16-10-2024T07:41:56 - [TEST_STEP][PASSED] - a311 = <not implemented yet for class: org.codehaus.groovy.ast.expr.EmptyExpression>: null

16-10-2024T07:41:56 - [TEST_STEP][PASSED] - a312 = <not implemented yet for class: org.codehaus.groovy.ast.expr.EmptyExpression>: null

16-10-2024T07:41:56 - [TEST_STEP][PASSED] - a313 = <not implemented yet for class: org.codehaus.groovy.ast.expr.EmptyExpression>: null

16-10-2024T07:41:56 - [TEST_STEP][PASSED] - a314 = <not implemented yet for class: org.codehaus.groovy.ast.expr.EmptyExpression>: null

16-10-2024T07:41:56 - [TEST_STEP][PASSED] - a315 = <not implemented yet for class: org.codehaus.groovy.ast.expr.EmptyExpression>: null

16-10-2024T07:41:56 - [TEST_STEP][PASSED] - a316 = <not implemented yet for class: org.codehaus.groovy.ast.expr.EmptyExpression>: null

16-10-2024T07:41:56 - [TEST_STEP][PASSED] - a317 = <not implemented yet for class: org.codehaus.groovy.ast.expr.EmptyExpression>: null

16-10-2024T07:41:56 - [TEST_STEP][PASSED] - b1 = <not implemented yet for class: org.codehaus.groovy.ast.expr.EmptyExpression>: null

16-10-2024T07:41:56 - [TEST_STEP][PASSED] - b2 = <not implemented yet for class: org.codehaus.groovy.ast.expr.EmptyExpression>: null

16-10-2024T07:41:56 - [TEST_STEP][PASSED] - b30 = <not implemented yet for class: org.codehaus.groovy.ast.expr.EmptyExpression>: null

16-10-2024T07:41:56 - [TEST_STEP][PASSED] - b31 = <not implemented yet for class: org.codehaus.groovy.ast.expr.EmptyExpression>: null

16-10-2024T07:41:56 - [TEST_STEP][PASSED] - b32 = <not implemented yet for class: org.codehaus.groovy.ast.expr.EmptyExpression>: null

16-10-2024T07:41:56 - [TEST_STEP][PASSED] - b33 = <not implemented yet for class: org.codehaus.groovy.ast.expr.EmptyExpression>: null

16-10-2024T07:41:56 - [TEST_STEP][PASSED] - b34 = <not implemented yet for class: org.codehaus.groovy.ast.expr.EmptyExpression>: null

16-10-2024T07:41:56 - [TEST_STEP][PASSED] - b35 = <not implemented yet for class: org.codehaus.groovy.ast.expr.EmptyExpression>: null

16-10-2024T07:41:56 - [TEST_STEP][PASSED] - b36 = <not implemented yet for class: org.codehaus.groovy.ast.expr.EmptyExpression>: null

16-10-2024T07:41:56 - [TEST_STEP][PASSED] - b37 = <not implemented yet for class: org.codehaus.groovy.ast.expr.EmptyExpression>: null

16-10-2024T07:41:56 - [TEST_STEP][PASSED] - b38 = <not implemented yet for class: org.codehaus.groovy.ast.expr.EmptyExpression>: null

16-10-2024T07:41:56 - [TEST_STEP][PASSED] - b39 = <not implemented yet for class: org.codehaus.groovy.ast.expr.EmptyExpression>: null

16-10-2024T07:41:56 - [TEST_STEP][PASSED] - b310 = <not implemented yet for class: org.codehaus.groovy.ast.expr.EmptyExpression>: null

16-10-2024T07:41:56 - [TEST_STEP][PASSED] - b311 = <not implemented yet for class: org.codehaus.groovy.ast.expr.EmptyExpression>: null

16-10-2024T07:41:56 - [TEST_STEP][PASSED] - b312 = <not implemented yet for class: org.codehaus.groovy.ast.expr.EmptyExpression>: null

16-10-2024T07:41:56 - [TEST_STEP][PASSED] - b313 = <not implemented yet for class: org.codehaus.groovy.ast.expr.EmptyExpression>: null

16-10-2024T07:41:56 - [TEST_STEP][PASSED] - b314 = <not implemented yet for class: org.codehaus.groovy.ast.expr.EmptyExpression>: null

16-10-2024T07:41:56 - [TEST_STEP][PASSED] - b315 = <not implemented yet for class: org.codehaus.groovy.ast.expr.EmptyExpression>: null

16-10-2024T07:41:56 - [TEST_STEP][PASSED] - b316 = <not implemented yet for class: org.codehaus.groovy.ast.expr.EmptyExpression>: null

16-10-2024T07:41:56 - [TEST_STEP][PASSED] - b317 = <not implemented yet for class: org.codehaus.groovy.ast.expr.EmptyExpression>: null

16-10-2024T07:41:56 - [TEST_STEP][PASSED] - block = 1: null

16-10-2024T07:41:56 - [TEST_STEP][PASSED] - nameOfBlock = "": null

16-10-2024T07:41:56 - [TEST_STEP][PASSED] - Script1710234207206.PreSettings(run, vir, block, nameOfBlock, typeOfData, todaysDate): null

16-10-2024T07:41:56 - [TEST_STEP][PASSED] - openBrowser(""): Browser is opened with url: ''

16-10-2024T07:41:56 - [MESSAGE][INFO] - Starting 'Chrome' driver

16-10-2024T07:41:56 - [MESSAGE][INFO] - Action delay is set to 0 milliseconds

16-10-2024T07:41:57 - [MESSAGE][PASSED] - Browser is opened with url: ''

16-10-2024T07:41:57 - [TEST_STEP][PASSED] - refresh(): Refresh successfully

16-10-2024T07:41:57 - [MESSAGE][PASSED] - Refresh successfully

16-10-2024T07:41:57 - [TEST_STEP][PASSED] - delay(50): Delayed 50 second(s)

16-10-2024T07:42:47 - [MESSAGE][PASSED] - Delayed 50 second(s)

16-10-2024T07:42:47 - [TEST_STEP][PASSED] - println("run:" + run): null

16-10-2024T07:42:47 - [TEST_STEP][PASSED] - println("vir:" + vir): null

16-10-2024T07:42:47 - [TEST_STEP][PASSED] - println("block:" + block): null

16-10-2024T07:42:47 - [TEST_STEP][PASSED] - if (block == 1): null

16-10-2024T07:42:47 - [TEST_STEP][PASSED] - nameOfBlock = "": null

16-10-2024T07:42:47 - [TEST_STEP][PASSED] - println("nameOfBlock:" + nameOfBlock): null

16-10-2024T07:42:47 - [TEST_STEP][PASSED] - println("typeOfData:" + typeOfData): null

16-10-2024T07:42:47 - [TEST_STEP][PASSED] - println("todaysDate:" + todaysDate): null

16-10-2024T07:42:47 - [TEST_STEP][PASSED] - Script1710234207206.Autorization(block, nameOfBlock): null

16-10-2024T07:42:47 - [TEST_STEP][PASSED] - println("block:" + block): null

16-10-2024T07:42:47 - [TEST_STEP][PASSED] - if (block == 1): null

16-10-2024T07:42:47 - [TEST_STEP][PASSED] - nameOfBlock = "": null

16-10-2024T07:42:47 - [TEST_STEP][PASSED] - println("nameOfBlock:" + nameOfBlock): null

16-10-2024T07:42:47 - [TEST_STEP][PASSED] - if (block == 1): Delayed 45 second(s)

16-10-2024T07:42:47 - [TEST_STEP][PASSED] - navigateToUrl(findTestData("PlanFact").getValue(10, 2)): Navigate to 'https://bi.rosseti.digital/viewer?dashboardGuid=2301950b23be4ed89c1df75f2020051e&sheetGuid=b723206f698544fb87299f3095c00435&fit=true' successfully

16-10-2024T07:42:52 - [MESSAGE][PASSED] - Navigate to 'https://bi.rosseti.digital/viewer?dashboardGuid=2301950b23be4ed89c1df75f2020051e&sheetGuid=b723206f698544fb87299f3095c00435&fit=true' successfully

16-10-2024T07:42:52 - [TEST_STEP][PASSED] - delay(45): Delayed 45 second(s)

16-10-2024T07:43:37 - [MESSAGE][PASSED] - Delayed 45 second(s)

16-10-2024T07:43:37 - [TEST_STEP][PASSED] - if (verifyElementPresent(findTestObject("Страница авторизации/button_"), 30) == true): null

16-10-2024T07:43:37 - [MESSAGE][PASSED] - Object 'Object Repository/Страница авторизации/button_' is present

16-10-2024T07:43:37 - [TEST_STEP][PASSED] - setText(findTestObject("Страница авторизации/input__username"), findTestData("PlanFact").getValue(8, 1)): Text 'shekhov-aa' is set on object 'Object Repository/Страница авторизации/input__username'

16-10-2024T07:43:38 - [MESSAGE][PASSED] - Text 'shekhov-aa' is set on object 'Object Repository/Страница авторизации/input__username'

16-10-2024T07:43:38 - [TEST_STEP][PASSED] - setText(findTestObject("Страница авторизации/input__password"), findTestData("PlanFact").getValue(9, 1)): Text 'i)RpQLLlXv9gUDC9' is set on object 'Object Repository/Страница авторизации/input__password'

16-10-2024T07:43:39 - [MESSAGE][PASSED] - Text 'i)RpQLLlXv9gUDC9' is set on object 'Object Repository/Страница авторизации/input__password'

16-10-2024T07:43:39 - [TEST_STEP][PASSED] - click(findTestObject("Страница авторизации/button_")): Object: 'Object Repository/Страница авторизации/button_' is clicked on

16-10-2024T07:43:41 - [MESSAGE][PASSED] - Object: 'Object Repository/Страница авторизации/button_' is clicked on

16-10-2024T07:43:41 - [TEST_STEP][PASSED] - delay(45): Delayed 45 second(s)

16-10-2024T07:44:26 - [MESSAGE][PASSED] - Delayed 45 second(s)

16-10-2024T07:44:26 - [TEST_STEP][PASSED] - if (block == 2): null

16-10-2024T07:44:26 - [TEST_STEP][PASSED] - click(findTestObject("Выручка в рублях/Фильтр Период" + nameOfBlock)): Object: 'Object Repository/Выручка в рублях/Фильтр Период' is clicked on

16-10-2024T07:44:27 - [MESSAGE][PASSED] - Object: 'Object Repository/Выручка в рублях/Фильтр Период' is clicked on

16-10-2024T07:44:27 - [TEST_STEP][PASSED] - click(findTestObject("Выручка в рублях/Снять выделение в фильтре Дата" + nameOfBlock)): Object: 'Object Repository/Выручка в рублях/Снять выделение в фильтре Дата' is clicked on

16-10-2024T07:44:27 - [MESSAGE][PASSED] - Object: 'Object Repository/Выручка в рублях/Снять выделение в фильтре Дата' is clicked on

16-10-2024T07:44:27 - [TEST_STEP][PASSED] - click(findTestObject("Выручка в рублях/Применить в фильтре Дата" + nameOfBlock)): Object: 'Object Repository/Выручка в рублях/Применить в фильтре Дата' is clicked on

16-10-2024T07:44:28 - [MESSAGE][PASSED] - Object: 'Object Repository/Выручка в рублях/Применить в фильтре Дата' is clicked on

16-10-2024T07:44:28 - [TEST_STEP][PASSED] - delay(50): Delayed 50 second(s)

16-10-2024T07:45:18 - [MESSAGE][PASSED] - Delayed 50 second(s)

16-10-2024T07:45:18 - [TEST_STEP][PASSED] - click(findTestObject("Выручка в рублях/Фильтр Период" + nameOfBlock)): Object: 'Object Repository/Выручка в рублях/Фильтр Период' is clicked on

16-10-2024T07:45:18 - [MESSAGE][PASSED] - Object: 'Object Repository/Выручка в рублях/Фильтр Период' is clicked on

16-10-2024T07:45:18 - [TEST_STEP][PASSED] - click(findTestObject("Выручка в рублях/Снять выделение в фильтре Дата" + nameOfBlock)): Object: 'Object Repository/Выручка в рублях/Снять выделение в фильтре Дата' is clicked on

16-10-2024T07:45:18 - [MESSAGE][PASSED] - Object: 'Object Repository/Выручка в рублях/Снять выделение в фильтре Дата' is clicked on

16-10-2024T07:45:18 - [TEST_STEP][PASSED] - scrollToElement(findTestObject("Выручка в рублях/2024 список" + nameOfBlock), 30): Scroll to object 'Object Repository/Выручка в рублях/2024 список' successfully

16-10-2024T07:45:19 - [MESSAGE][PASSED] - Scroll to object 'Object Repository/Выручка в рублях/2024 список' successfully

16-10-2024T07:45:19 - [TEST_STEP][PASSED] - click(findTestObject("Выручка в рублях/2024 список" + nameOfBlock)): Object: 'Object Repository/Выручка в рублях/2024 список' is clicked on

16-10-2024T07:45:19 - [MESSAGE][PASSED] - Object: 'Object Repository/Выручка в рублях/2024 список' is clicked on

16-10-2024T07:45:19 - [TEST_STEP][PASSED] - scrollToElement(findTestObject("Выручка в рублях/1 квартал 2024 выбрать" + nameOfBlock), 30): Scroll to object 'Object Repository/Выручка в рублях/1 квартал 2024 выбрать' successfully

16-10-2024T07:45:20 - [MESSAGE][PASSED] - Scroll to object 'Object Repository/Выручка в рублях/1 квартал 2024 выбрать' successfully

16-10-2024T07:45:20 - [TEST_STEP][PASSED] - click(findTestObject("Выручка в рублях/1 квартал 2024 выбрать" + nameOfBlock)): Object: 'Object Repository/Выручка в рублях/1 квартал 2024 выбрать' is clicked on

16-10-2024T07:45:20 - [MESSAGE][PASSED] - Object: 'Object Repository/Выручка в рублях/1 квартал 2024 выбрать' is clicked on

16-10-2024T07:45:20 - [TEST_STEP][PASSED] - scrollToElement(findTestObject("Выручка в рублях/2 квартал 2024 выбрать" + nameOfBlock), 30): Scroll to object 'Object Repository/Выручка в рублях/2 квартал 2024 выбрать' successfully

16-10-2024T07:45:20 - [MESSAGE][PASSED] - Scroll to object 'Object Repository/Выручка в рублях/2 квартал 2024 выбрать' successfully

16-10-2024T07:45:20 - [TEST_STEP][PASSED] - click(findTestObject("Выручка в рублях/2 квартал 2024 выбрать" + nameOfBlock)): Object: 'Object Repository/Выручка в рублях/2 квартал 2024 выбрать' is clicked on

16-10-2024T07:45:21 - [MESSAGE][PASSED] - Object: 'Object Repository/Выручка в рублях/2 квартал 2024 выбрать' is clicked on

16-10-2024T07:45:21 - [TEST_STEP][PASSED] - scrollToElement(findTestObject("Выручка в рублях/3 квартал 2024 список" + nameOfBlock), 30): Scroll to object 'Object Repository/Выручка в рублях/3 квартал 2024 список' successfully

16-10-2024T07:45:21 - [MESSAGE][PASSED] - Scroll to object 'Object Repository/Выручка в рублях/3 квартал 2024 список' successfully

16-10-2024T07:45:21 - [TEST_STEP][PASSED] - click(findTestObject("Выручка в рублях/3 квартал 2024 список" + nameOfBlock)): Object: 'Object Repository/Выручка в рублях/3 квартал 2024 список' is clicked on

16-10-2024T07:45:22 - [MESSAGE][PASSED] - Object: 'Object Repository/Выручка в рублях/3 квартал 2024 список' is clicked on

16-10-2024T07:45:22 - [TEST_STEP][PASSED] - click(findTestObject("Выручка в рублях/Июль 2024" + nameOfBlock)): Object: 'Object Repository/Выручка в рублях/Июль 2024' is clicked on

16-10-2024T07:45:22 - [MESSAGE][PASSED] - Object: 'Object Repository/Выручка в рублях/Июль 2024' is clicked on

16-10-2024T07:45:22 - [TEST_STEP][PASSED] - scrollToElement(findTestObject("Выручка в рублях/Август 2024" + nameOfBlock), 30): Scroll to object 'Object Repository/Выручка в рублях/Август 2024' successfully

16-10-2024T07:45:22 - [MESSAGE][PASSED] - Scroll to object 'Object Repository/Выручка в рублях/Август 2024' successfully

16-10-2024T07:45:22 - [TEST_STEP][PASSED] - click(findTestObject("Выручка в рублях/Август 2024" + nameOfBlock)): Object: 'Object Repository/Выручка в рублях/Август 2024' is clicked on

16-10-2024T07:45:23 - [MESSAGE][PASSED] - Object: 'Object Repository/Выручка в рублях/Август 2024' is clicked on

16-10-2024T07:45:23 - [TEST_STEP][PASSED] - scrollToElement(findTestObject("Выручка в рублях/Заголовок дашборда" + nameOfBlock), 30): Scroll to object 'Object Repository/Выручка в рублях/Заголовок дашборда' successfully

16-10-2024T07:45:23 - [MESSAGE][PASSED] - Scroll to object 'Object Repository/Выручка в рублях/Заголовок дашборда' successfully

16-10-2024T07:45:23 - [TEST_STEP][PASSED] - click(findTestObject("Выручка в рублях/Применить в фильтре Дата" + nameOfBlock)): Object: 'Object Repository/Выручка в рублях/Применить в фильтре Дата' is clicked on

16-10-2024T07:45:24 - [MESSAGE][PASSED] - Object: 'Object Repository/Выручка в рублях/Применить в фильтре Дата' is clicked on

16-10-2024T07:45:24 - [TEST_STEP][PASSED] - delay(50): Delayed 50 second(s)

16-10-2024T07:46:14 - [MESSAGE][PASSED] - Delayed 50 second(s)

16-10-2024T07:46:14 - [TEST_STEP][PASSED] - click(findTestObject("Выручка в рублях/Фильтр ДЗО" + nameOfBlock)): Object: 'Object Repository/Выручка в рублях/Фильтр ДЗО' is clicked on

16-10-2024T07:46:14 - [MESSAGE][PASSED] - Object: 'Object Repository/Выручка в рублях/Фильтр ДЗО' is clicked on

16-10-2024T07:46:14 - [TEST_STEP][PASSED] - click(findTestObject("Выручка в рублях/Снять выделение в фильтре ДЗО" + nameOfBlock)): Object: 'Object Repository/Выручка в рублях/Снять выделение в фильтре ДЗО' is clicked on

16-10-2024T07:46:15 - [MESSAGE][PASSED] - Object: 'Object Repository/Выручка в рублях/Снять выделение в фильтре ДЗО' is clicked on

16-10-2024T07:46:15 - [TEST_STEP][PASSED] - click(findTestObject("Выручка в рублях/Применить в фильтре ДЗО" + nameOfBlock)): Object: 'Object Repository/Выручка в рублях/Применить в фильтре ДЗО' is clicked on

16-10-2024T07:46:15 - [MESSAGE][PASSED] - Object: 'Object Repository/Выручка в рублях/Применить в фильтре ДЗО' is clicked on

16-10-2024T07:46:15 - [TEST_STEP][PASSED] - delay(50): Delayed 50 second(s)

16-10-2024T07:47:05 - [MESSAGE][PASSED] - Delayed 50 second(s)

16-10-2024T07:47:05 - [TEST_STEP][PASSED] - Script1710234207206.Tumbler(run, vir, block, nameOfBlock): null

16-10-2024T07:47:05 - [TEST_STEP][PASSED] - println("run:" + run): null

16-10-2024T07:47:05 - [TEST_STEP][PASSED] - println("vir:" + vir): null

16-10-2024T07:47:05 - [TEST_STEP][PASSED] - println("block:" + block): null

16-10-2024T07:47:05 - [TEST_STEP][PASSED] - println("nameOfBlock:" + nameOfBlock): null

16-10-2024T07:47:05 - [TEST_STEP][PASSED] - if (vir == 1): Object: 'Object Repository/Выручка в рублях/Переключить отображение с млн на проценты Выручка в рублях' is clicked on

16-10-2024T07:47:05 - [TEST_STEP][PASSED] - if (run == 2): Object: 'Object Repository/Выручка в рублях/Переключить отображение с млн на проценты Выручка в рублях' is clicked on

16-10-2024T07:47:05 - [TEST_STEP][PASSED] - click(findTestObject("Выручка в рублях/Переключить отображение с млн на проценты Выручка в рублях" + nameOfBlock)): Object: 'Object Repository/Выручка в рублях/Переключить отображение с млн на проценты Выручка в рублях' is clicked on

16-10-2024T07:47:06 - [MESSAGE][PASSED] - Object: 'Object Repository/Выручка в рублях/Переключить отображение с млн на проценты Выручка в рублях' is clicked on

16-10-2024T07:47:06 - [TEST_STEP][PASSED] - click(findTestObject("Выручка в рублях/Фильтр ДЗО" + nameOfBlock)): Object: 'Object Repository/Выручка в рублях/Фильтр ДЗО' is clicked on

16-10-2024T07:47:06 - [MESSAGE][PASSED] - Object: 'Object Repository/Выручка в рублях/Фильтр ДЗО' is clicked on

16-10-2024T07:47:06 - [TEST_STEP][PASSED] - Script1710234207206.Rosseti(nameOfBlock): null

16-10-2024T07:47:06 - [TEST_STEP][PASSED] - println("nameOfBlock:" + nameOfBlock): null

16-10-2024T07:47:06 - [TEST_STEP][PASSED] - click(findTestObject("Выручка в рублях/ПАО Россети" + nameOfBlock)): Object: 'Object Repository/Выручка в рублях/ПАО Россети' is clicked on

16-10-2024T07:47:06 - [MESSAGE][PASSED] - Object: 'Object Repository/Выручка в рублях/ПАО Россети' is clicked on

16-10-2024T07:47:06 - [TEST_STEP][PASSED] - click(findTestObject("Выручка в рублях/Применить в фильтре ДЗО" + nameOfBlock)): Object: 'Object Repository/Выручка в рублях/Применить в фильтре ДЗО' is clicked on

16-10-2024T07:47:07 - [MESSAGE][PASSED] - Object: 'Object Repository/Выручка в рублях/Применить в фильтре ДЗО' is clicked on

16-10-2024T07:47:07 - [TEST_STEP][PASSED] - if (run == 2): null

16-10-2024T07:47:07 - [TEST_STEP][PASSED] - perc = " Perc": null

16-10-2024T07:47:07 - [TEST_STEP][PASSED] - if (vir == 1 || vir == 2): Text of object 'Object Repository/Выручка в рублях/График План' is: '938 020'

16-10-2024T07:47:07 - [TEST_STEP][PASSED] - a1 = getText(findTestObject("Выручка в рублях/График План")): Text of object 'Object Repository/Выручка в рублях/График План' is: '938 020'

16-10-2024T07:47:09 - [MESSAGE][PASSED] - Text of object 'Object Repository/Выручка в рублях/График План' is: '938 020'

16-10-2024T07:47:09 - [TEST_STEP][PASSED] - if (vir == 1 || vir == 2): Text of object 'Object Repository/Выручка в рублях/График Факт' is: '964 061'

16-10-2024T07:47:09 - [TEST_STEP][PASSED] - a2 = getText(findTestObject("Выручка в рублях/График Факт")): Text of object 'Object Repository/Выручка в рублях/График Факт' is: '964 061'

16-10-2024T07:47:10 - [MESSAGE][PASSED] - Text of object 'Object Repository/Выручка в рублях/График Факт' is: '964 061'

16-10-2024T07:47:10 - [TEST_STEP][PASSED] - a30 = getText(findTestObject("Выручка в рублях/span1" + perc)): Text of object 'Object Repository/Выручка в рублях/span1 Perc' is: '-23.85 %'

16-10-2024T07:47:10 - [MESSAGE][PASSED] - Text of object 'Object Repository/Выручка в рублях/span1 Perc' is: '-23.85 %'

16-10-2024T07:47:10 - [TEST_STEP][PASSED] - i = a30.indexOf("млн.руб."): null

16-10-2024T07:47:10 - [TEST_STEP][PASSED] - if (i > -1): null

16-10-2024T07:47:10 - [TEST_STEP][PASSED] - if (a30.contains("%")): null

16-10-2024T07:47:10 - [TEST_STEP][PASSED] - a30 = a30.replaceAll("%", ""): null

16-10-2024T07:47:10 - [TEST_STEP][PASSED] - a30 = ").trim(): null

16-10-2024T07:47:10 - [TEST_STEP][PASSED] - println("a30: " + a30): null

16-10-2024T07:47:10 - [TEST_STEP][PASSED] - if (vir == 1 || vir == 2): Text of object 'Object Repository/Выручка в рублях/span2 Perc' is: '14.04 %'

16-10-2024T07:47:10 - [TEST_STEP][PASSED] - a31 = ").trim(): Text of object 'Object Repository/Выручка в рублях/span2 Perc' is: '14.04 %'

16-10-2024T07:47:10 - [MESSAGE][PASSED] - Text of object 'Object Repository/Выручка в рублях/span2 Perc' is: '14.04 %'

16-10-2024T07:47:10 - [TEST_STEP][PASSED] - if (vir == 1 || vir == 2): Text of object 'Object Repository/Выручка в рублях/span3 Perc' is: '-49.27 %'

16-10-2024T07:47:10 - [TEST_STEP][PASSED] - a32 = ").trim(): Text of object 'Object Repository/Выручка в рублях/span3 Perc' is: '-49.27 %'

16-10-2024T07:47:10 - [MESSAGE][PASSED] - Text of object 'Object Repository/Выручка в рублях/span3 Perc' is: '-49.27 %'

16-10-2024T07:47:10 - [TEST_STEP][PASSED] - if (vir == 1 || vir == 2): Text of object 'Object Repository/Выручка в рублях/span8 Perc' is: '-49.2 %'

16-10-2024T07:47:10 - [TEST_STEP][PASSED] - a33 = ").trim(): Text of object 'Object Repository/Выручка в рублях/span4 Perc' is: '-49.88 %'

16-10-2024T07:47:11 - [MESSAGE][PASSED] - Text of object 'Object Repository/Выручка в рублях/span4 Perc' is: '-49.88 %'

16-10-2024T07:47:11 - [TEST_STEP][PASSED] - a34 = ").trim(): Text of object 'Object Repository/Выручка в рублях/span5 Perc' is: '-47.01 %'

16-10-2024T07:47:11 - [MESSAGE][PASSED] - Text of object 'Object Repository/Выручка в рублях/span5 Perc' is: '-47.01 %'

16-10-2024T07:47:11 - [TEST_STEP][PASSED] - a35 = ").trim(): Text of object 'Object Repository/Выручка в рублях/span6 Perc' is: '-47.21 %'

16-10-2024T07:47:11 - [MESSAGE][PASSED] - Text of object 'Object Repository/Выручка в рублях/span6 Perc' is: '-47.21 %'

16-10-2024T07:47:11 - [TEST_STEP][PASSED] - a36 = ").trim(): Text of object 'Object Repository/Выручка в рублях/span7 Perc' is: '5.03 %'

16-10-2024T07:47:12 - [MESSAGE][PASSED] - Text of object 'Object Repository/Выручка в рублях/span7 Perc' is: '5.03 %'

16-10-2024T07:47:12 - [TEST_STEP][PASSED] - a37 = ").trim(): Text of object 'Object Repository/Выручка в рублях/span8 Perc' is: '-49.2 %'

16-10-2024T07:47:12 - [MESSAGE][PASSED] - Text of object 'Object Repository/Выручка в рублях/span8 Perc' is: '-49.2 %'

16-10-2024T07:47:12 - [TEST_STEP][PASSED] - if (vir == 1 || vir == 2): Text of object 'Object Repository/Выручка в рублях/span17 Perc' is: '-48.36 %'

16-10-2024T07:47:12 - [TEST_STEP][PASSED] - a38 = ").trim(): Text of object 'Object Repository/Выручка в рублях/span9 Perc' is: '2.9 %'

16-10-2024T07:47:12 - [MESSAGE][PASSED] - Text of object 'Object Repository/Выручка в рублях/span9 Perc' is: '2.9 %'

16-10-2024T07:47:12 - [TEST_STEP][PASSED] - a39 = ").trim(): Text of object 'Object Repository/Выручка в рублях/span10 Perc' is: '4.21 %'

16-10-2024T07:47:13 - [MESSAGE][PASSED] - Text of object 'Object Repository/Выручка в рублях/span10 Perc' is: '4.21 %'

16-10-2024T07:47:13 - [TEST_STEP][PASSED] - a310 = ").trim(): Text of object 'Object Repository/Выручка в рублях/span11 Perc' is: '-48.15 %'

16-10-2024T07:47:13 - [MESSAGE][PASSED] - Text of object 'Object Repository/Выручка в рублях/span11 Perc' is: '-48.15 %'

16-10-2024T07:47:13 - [TEST_STEP][PASSED] - a311 = ").trim(): Text of object 'Object Repository/Выручка в рублях/span12 Perc' is: '-53.15 %'

16-10-2024T07:47:13 - [MESSAGE][PASSED] - Text of object 'Object Repository/Выручка в рублях/span12 Perc' is: '-53.15 %'

16-10-2024T07:47:13 - [TEST_STEP][PASSED] - a312 = ").trim(): Text of object 'Object Repository/Выручка в рублях/span13 Perc' is: '2.61 %'

16-10-2024T07:47:13 - [MESSAGE][PASSED] - Text of object 'Object Repository/Выручка в рублях/span13 Perc' is: '2.61 %'

16-10-2024T07:47:13 - [TEST_STEP][PASSED] - a313 = ").trim(): Text of object 'Object Repository/Выручка в рублях/span14 Perc' is: '0.66 %'

16-10-2024T07:47:14 - [MESSAGE][PASSED] - Text of object 'Object Repository/Выручка в рублях/span14 Perc' is: '0.66 %'

16-10-2024T07:47:14 - [TEST_STEP][PASSED] - a314 = ").trim(): Text of object 'Object Repository/Выручка в рублях/span15 Perc' is: '-32.03 %'

16-10-2024T07:47:14 - [MESSAGE][PASSED] - Text of object 'Object Repository/Выручка в рублях/span15 Perc' is: '-32.03 %'

16-10-2024T07:47:14 - [TEST_STEP][PASSED] - a315 = ").trim(): Text of object 'Object Repository/Выручка в рублях/span16 Perc' is: '4.79 %'

16-10-2024T07:47:14 - [MESSAGE][PASSED] - Text of object 'Object Repository/Выручка в рублях/span16 Perc' is: '4.79 %'

16-10-2024T07:47:14 - [TEST_STEP][PASSED] - a316 = ").trim(): Text of object 'Object Repository/Выручка в рублях/span17 Perc' is: '-48.36 %'

16-10-2024T07:47:15 - [MESSAGE][PASSED] - Text of object 'Object Repository/Выручка в рублях/span17 Perc' is: '-48.36 %'

16-10-2024T07:47:15 - [TEST_STEP][PASSED] - if (vir == 1 || vir == 2): Text of object 'Object Repository/Выручка в рублях/span18 Perc' is: '3.76 %'

16-10-2024T07:47:15 - [TEST_STEP][PASSED] - a317 = ").trim(): Text of object 'Object Repository/Выручка в рублях/span18 Perc' is: '3.76 %'

16-10-2024T07:47:15 - [MESSAGE][PASSED] - Text of object 'Object Repository/Выручка в рублях/span18 Perc' is: '3.76 %'

16-10-2024T07:47:15 - [TEST_STEP][PASSED] - block = 2: null

16-10-2024T07:47:15 - [TEST_STEP][PASSED] - nameOfBlock = " Выручка": null

16-10-2024T07:47:15 - [TEST_STEP][PASSED] - Script1710234207206.PreSettings(run, vir, block, nameOfBlock, typeOfData, todaysDate): null

16-10-2024T07:47:15 - [TEST_STEP][PASSED] - openBrowser(""): Browser is opened with url: ''

16-10-2024T07:47:15 - [MESSAGE][WARNING] - A browser is already opened. Closing browser and opening a new one

16-10-2024T07:47:15 - [MESSAGE][INFO] - Starting 'Chrome' driver

16-10-2024T07:47:15 - [MESSAGE][INFO] - Action delay is set to 0 milliseconds

16-10-2024T07:47:16 - [MESSAGE][PASSED] - Browser is opened with url: ''

16-10-2024T07:47:16 - [TEST_STEP][PASSED] - refresh(): Refresh successfully

16-10-2024T07:47:16 - [MESSAGE][PASSED] - Refresh successfully

16-10-2024T07:47:16 - [TEST_STEP][PASSED] - delay(50): Delayed 50 second(s)

16-10-2024T07:48:06 - [MESSAGE][PASSED] - Delayed 50 second(s)

16-10-2024T07:48:06 - [TEST_STEP][PASSED] - println("run:" + run): null

16-10-2024T07:48:06 - [TEST_STEP][PASSED] - println("vir:" + vir): null

16-10-2024T07:48:06 - [TEST_STEP][PASSED] - println("block:" + block): null

16-10-2024T07:48:06 - [TEST_STEP][PASSED] - if (block == 1): null

16-10-2024T07:48:06 - [TEST_STEP][PASSED] - else: null

16-10-2024T07:48:06 - [TEST_STEP][PASSED] - nameOfBlock = " Выручка": null

16-10-2024T07:48:06 - [TEST_STEP][PASSED] - println("nameOfBlock:" + nameOfBlock): null

16-10-2024T07:48:06 - [TEST_STEP][PASSED] - println("typeOfData:" + typeOfData): null

16-10-2024T07:48:06 - [TEST_STEP][PASSED] - println("todaysDate:" + todaysDate): null

16-10-2024T07:48:06 - [TEST_STEP][PASSED] - Script1710234207206.Autorization(block, nameOfBlock): null

16-10-2024T07:48:06 - [TEST_STEP][PASSED] - println("block:" + block): null

16-10-2024T07:48:06 - [TEST_STEP][PASSED] - if (block == 1): null

16-10-2024T07:48:06 - [TEST_STEP][PASSED] - else: null

16-10-2024T07:48:06 - [TEST_STEP][PASSED] - delay(45): Delayed 45 second(s)

16-10-2024T07:48:51 - [MESSAGE][PASSED] - Delayed 45 second(s)

16-10-2024T07:48:51 - [TEST_STEP][PASSED] - nameOfBlock = " Выручка": null

16-10-2024T07:48:51 - [TEST_STEP][PASSED] - println("nameOfBlock:" + nameOfBlock): null

16-10-2024T07:48:51 - [TEST_STEP][PASSED] - if (block == 1): null

16-10-2024T07:48:51 - [TEST_STEP][PASSED] - else: Delayed 45 second(s)

16-10-2024T07:48:51 - [TEST_STEP][PASSED] - navigateToUrl(findTestData("PlanFact").getValue(10, 9)): Navigate to 'https://bi.rosseti.digital/viewer?dashboardGuid=a1fd28b3785d443cbc4d7690a1d78e31&sheetGuid=86092a20c5984827a0c87b24cac76a50&fit=true' successfully

16-10-2024T07:49:00 - [MESSAGE][PASSED] - Navigate to 'https://bi.rosseti.digital/viewer?dashboardGuid=a1fd28b3785d443cbc4d7690a1d78e31&sheetGuid=86092a20c5984827a0c87b24cac76a50&fit=true' successfully

16-10-2024T07:49:00 - [TEST_STEP][PASSED] - delay(45): Delayed 45 second(s)

16-10-2024T07:49:45 - [MESSAGE][PASSED] - Delayed 45 second(s)

16-10-2024T07:49:45 - [TEST_STEP][PASSED] - if (verifyElementPresent(findTestObject("Страница авторизации/button_"), 30) == true): null

16-10-2024T07:49:45 - [MESSAGE][PASSED] - Object 'Object Repository/Страница авторизации/button_' is present

16-10-2024T07:49:45 - [TEST_STEP][PASSED] - setText(findTestObject("Страница авторизации/input__username"), findTestData("PlanFact").getValue(8, 1)): Text 'shekhov-aa' is set on object 'Object Repository/Страница авторизации/input__username'

16-10-2024T07:49:46 - [MESSAGE][PASSED] - Text 'shekhov-aa' is set on object 'Object Repository/Страница авторизации/input__username'

16-10-2024T07:49:46 - [TEST_STEP][PASSED] - setText(findTestObject("Страница авторизации/input__password"), findTestData("PlanFact").getValue(9, 1)): Text 'i)RpQLLlXv9gUDC9' is set on object 'Object Repository/Страница авторизации/input__password'

16-10-2024T07:49:46 - [MESSAGE][PASSED] - Text 'i)RpQLLlXv9gUDC9' is set on object 'Object Repository/Страница авторизации/input__password'

16-10-2024T07:49:46 - [TEST_STEP][PASSED] - click(findTestObject("Страница авторизации/button_")): Object: 'Object Repository/Страница авторизации/button_' is clicked on

16-10-2024T07:49:50 - [MESSAGE][PASSED] - Object: 'Object Repository/Страница авторизации/button_' is clicked on

16-10-2024T07:49:50 - [TEST_STEP][PASSED] - delay(45): Delayed 45 second(s)

16-10-2024T07:50:35 - [MESSAGE][PASSED] - Delayed 45 second(s)

16-10-2024T07:50:35 - [TEST_STEP][PASSED] - if (block == 2): Delayed 50 second(s)

16-10-2024T07:50:35 - [TEST_STEP][PASSED] - opoveshenie = getText(findTestObject("Выручка в рублях/Просьба обратить внимание")): Text of object 'Object Repository/Выручка в рублях/Просьба обратить внимание' is: 'Просьба обратить внимание'

16-10-2024T07:50:35 - [MESSAGE][PASSED] - Text of object 'Object Repository/Выручка в рублях/Просьба обратить внимание' is: 'Просьба обратить внимание'

16-10-2024T07:50:35 - [TEST_STEP][PASSED] - if (opoveshenie == "Просьба обратить внимание"): Delayed 50 second(s)

16-10-2024T07:50:35 - [TEST_STEP][PASSED] - click(findTestObject("Выручка в рублях/Закрыть оповещение")): Object: 'Object Repository/Выручка в рублях/Закрыть оповещение' is clicked on

16-10-2024T07:50:36 - [MESSAGE][PASSED] - Object: 'Object Repository/Выручка в рублях/Закрыть оповещение' is clicked on

16-10-2024T07:50:36 - [TEST_STEP][PASSED] - delay(50): Delayed 50 second(s)

16-10-2024T07:51:26 - [MESSAGE][PASSED] - Delayed 50 second(s)

16-10-2024T07:51:26 - [TEST_STEP][PASSED] - click(findTestObject("Выручка в рублях/Фильтр Период" + nameOfBlock)): Object: 'Object Repository/Выручка в рублях/Фильтр Период Выручка' is clicked on

16-10-2024T07:51:26 - [MESSAGE][PASSED] - Object: 'Object Repository/Выручка в рублях/Фильтр Период Выручка' is clicked on

16-10-2024T07:51:26 - [TEST_STEP][PASSED] - click(findTestObject("Выручка в рублях/Снять выделение в фильтре Дата" + nameOfBlock)): Object: 'Object Repository/Выручка в рублях/Снять выделение в фильтре Дата Выручка' is clicked on

16-10-2024T07:51:27 - [MESSAGE][PASSED] - Object: 'Object Repository/Выручка в рублях/Снять выделение в фильтре Дата Выручка' is clicked on

16-10-2024T07:51:27 - [TEST_STEP][PASSED] - click(findTestObject("Выручка в рублях/Применить в фильтре Дата" + nameOfBlock)): Object: 'Object Repository/Выручка в рублях/Применить в фильтре Дата Выручка' is clicked on

16-10-2024T07:51:27 - [MESSAGE][PASSED] - Object: 'Object Repository/Выручка в рублях/Применить в фильтре Дата Выручка' is clicked on

16-10-2024T07:51:27 - [TEST_STEP][PASSED] - delay(50): Delayed 50 second(s)

16-10-2024T07:52:17 - [MESSAGE][PASSED] - Delayed 50 second(s)

16-10-2024T07:52:17 - [TEST_STEP][PASSED] - click(findTestObject("Выручка в рублях/Фильтр Период" + nameOfBlock)): Object: 'Object Repository/Выручка в рублях/Фильтр Период Выручка' is clicked on

16-10-2024T07:52:18 - [MESSAGE][PASSED] - Object: 'Object Repository/Выручка в рублях/Фильтр Период Выручка' is clicked on

16-10-2024T07:52:18 - [TEST_STEP][PASSED] - click(findTestObject("Выручка в рублях/Снять выделение в фильтре Дата" + nameOfBlock)): Object: 'Object Repository/Выручка в рублях/Снять выделение в фильтре Дата Выручка' is clicked on

16-10-2024T07:52:18 - [MESSAGE][PASSED] - Object: 'Object Repository/Выручка в рублях/Снять выделение в фильтре Дата Выручка' is clicked on

16-10-2024T07:52:18 - [TEST_STEP][PASSED] - scrollToElement(findTestObject("Выручка в рублях/2024 список" + nameOfBlock), 30): Scroll to object 'Object Repository/Выручка в рублях/2024 список Выручка' successfully

16-10-2024T07:52:18 - [MESSAGE][PASSED] - Scroll to object 'Object Repository/Выручка в рублях/2024 список Выручка' successfully

16-10-2024T07:52:18 - [TEST_STEP][PASSED] - click(findTestObject("Выручка в рублях/2024 список" + nameOfBlock)): Object: 'Object Repository/Выручка в рублях/2024 список Выручка' is clicked on

16-10-2024T07:52:19 - [MESSAGE][PASSED] - Object: 'Object Repository/Выручка в рублях/2024 список Выручка' is clicked on

16-10-2024T07:52:19 - [TEST_STEP][PASSED] - scrollToElement(findTestObject("Выручка в рублях/1 квартал 2024 выбрать" + nameOfBlock), 30): Scroll to object 'Object Repository/Выручка в рублях/1 квартал 2024 выбрать Выручка' successfully

16-10-2024T07:52:19 - [MESSAGE][PASSED] - Scroll to object 'Object Repository/Выручка в рублях/1 квартал 2024 выбрать Выручка' successfully

16-10-2024T07:52:19 - [TEST_STEP][PASSED] - click(findTestObject("Выручка в рублях/1 квартал 2024 выбрать" + nameOfBlock)): Object: 'Object Repository/Выручка в рублях/1 квартал 2024 выбрать Выручка' is clicked on

16-10-2024T07:52:19 - [MESSAGE][PASSED] - Object: 'Object Repository/Выручка в рублях/1 квартал 2024 выбрать Выручка' is clicked on

16-10-2024T07:52:19 - [TEST_STEP][PASSED] - scrollToElement(findTestObject("Выручка в рублях/2 квартал 2024 выбрать" + nameOfBlock), 30): Scroll to object 'Object Repository/Выручка в рублях/2 квартал 2024 выбрать Выручка' successfully

16-10-2024T07:52:20 - [MESSAGE][PASSED] - Scroll to object 'Object Repository/Выручка в рублях/2 квартал 2024 выбрать Выручка' successfully

16-10-2024T07:52:20 - [TEST_STEP][PASSED] - click(findTestObject("Выручка в рублях/2 квартал 2024 выбрать" + nameOfBlock)): Object: 'Object Repository/Выручка в рублях/2 квартал 2024 выбрать Выручка' is clicked on

16-10-2024T07:52:20 - [MESSAGE][PASSED] - Object: 'Object Repository/Выручка в рублях/2 квартал 2024 выбрать Выручка' is clicked on

16-10-2024T07:52:20 - [TEST_STEP][PASSED] - scrollToElement(findTestObject("Выручка в рублях/3 квартал 2024 список" + nameOfBlock), 30): Scroll to object 'Object Repository/Выручка в рублях/3 квартал 2024 список Выручка' successfully

16-10-2024T07:52:21 - [MESSAGE][PASSED] - Scroll to object 'Object Repository/Выручка в рублях/3 квартал 2024 список Выручка' successfully

16-10-2024T07:52:21 - [TEST_STEP][PASSED] - click(findTestObject("Выручка в рублях/3 квартал 2024 список" + nameOfBlock)): Object: 'Object Repository/Выручка в рублях/3 квартал 2024 список Выручка' is clicked on

16-10-2024T07:52:21 - [MESSAGE][PASSED] - Object: 'Object Repository/Выручка в рублях/3 квартал 2024 список Выручка' is clicked on

16-10-2024T07:52:21 - [TEST_STEP][PASSED] - click(findTestObject("Выручка в рублях/Июль 2024" + nameOfBlock)): Object: 'Object Repository/Выручка в рублях/Июль 2024 Выручка' is clicked on

16-10-2024T07:52:21 - [MESSAGE][PASSED] - Object: 'Object Repository/Выручка в рублях/Июль 2024 Выручка' is clicked on

16-10-2024T07:52:21 - [TEST_STEP][PASSED] - scrollToElement(findTestObject("Выручка в рублях/Август 2024" + nameOfBlock), 30): Scroll to object 'Object Repository/Выручка в рублях/Август 2024 Выручка' successfully

16-10-2024T07:52:22 - [MESSAGE][PASSED] - Scroll to object 'Object Repository/Выручка в рублях/Август 2024 Выручка' successfully

16-10-2024T07:52:22 - [TEST_STEP][PASSED] - click(findTestObject("Выручка в рублях/Август 2024" + nameOfBlock)): Object: 'Object Repository/Выручка в рублях/Август 2024 Выручка' is clicked on

16-10-2024T07:52:22 - [MESSAGE][PASSED] - Object: 'Object Repository/Выручка в рублях/Август 2024 Выручка' is clicked on

16-10-2024T07:52:22 - [TEST_STEP][PASSED] - scrollToElement(findTestObject("Выручка в рублях/Заголовок дашборда" + nameOfBlock), 30): Scroll to object 'Object Repository/Выручка в рублях/Заголовок дашборда Выручка' successfully

16-10-2024T07:52:23 - [MESSAGE][PASSED] - Scroll to object 'Object Repository/Выручка в рублях/Заголовок дашборда Выручка' successfully

16-10-2024T07:52:23 - [TEST_STEP][PASSED] - click(findTestObject("Выручка в рублях/Применить в фильтре Дата" + nameOfBlock)): Object: 'Object Repository/Выручка в рублях/Применить в фильтре Дата Выручка' is clicked on

16-10-2024T07:52:23 - [MESSAGE][PASSED] - Object: 'Object Repository/Выручка в рублях/Применить в фильтре Дата Выручка' is clicked on

16-10-2024T07:52:23 - [TEST_STEP][PASSED] - delay(50): Delayed 50 second(s)

16-10-2024T07:53:13 - [MESSAGE][PASSED] - Delayed 50 second(s)

16-10-2024T07:53:13 - [TEST_STEP][PASSED] - click(findTestObject("Выручка в рублях/Фильтр ДЗО" + nameOfBlock)): Object: 'Object Repository/Выручка в рублях/Фильтр ДЗО Выручка' is clicked on

16-10-2024T07:53:14 - [MESSAGE][PASSED] - Object: 'Object Repository/Выручка в рублях/Фильтр ДЗО Выручка' is clicked on

16-10-2024T07:53:14 - [TEST_STEP][PASSED] - click(findTestObject("Выручка в рублях/Снять выделение в фильтре ДЗО" + nameOfBlock)): Object: 'Object Repository/Выручка в рублях/Снять выделение в фильтре ДЗО Выручка' is clicked on

16-10-2024T07:53:14 - [MESSAGE][PASSED] - Object: 'Object Repository/Выручка в рублях/Снять выделение в фильтре ДЗО Выручка' is clicked on

16-10-2024T07:53:14 - [TEST_STEP][PASSED] - click(findTestObject("Выручка в рублях/Применить в фильтре ДЗО" + nameOfBlock)): Object: 'Object Repository/Выручка в рублях/Применить в фильтре ДЗО Выручка' is clicked on

16-10-2024T07:53:15 - [MESSAGE][PASSED] - Object: 'Object Repository/Выручка в рублях/Применить в фильтре ДЗО Выручка' is clicked on

16-10-2024T07:53:15 - [TEST_STEP][PASSED] - delay(50): Delayed 50 second(s)

16-10-2024T07:54:05 - [MESSAGE][PASSED] - Delayed 50 second(s)

16-10-2024T07:54:05 - [TEST_STEP][PASSED] - Script1710234207206.Tumbler(run, vir, block, nameOfBlock): null

16-10-2024T07:54:05 - [TEST_STEP][PASSED] - println("run:" + run): null

16-10-2024T07:54:05 - [TEST_STEP][PASSED] - println("vir:" + vir): null

16-10-2024T07:54:05 - [TEST_STEP][PASSED] - println("block:" + block): null

16-10-2024T07:54:05 - [TEST_STEP][PASSED] - println("nameOfBlock:" + nameOfBlock): null

16-10-2024T07:54:05 - [TEST_STEP][PASSED] - if (vir == 1): Object: 'Object Repository/Выручка в рублях/Переключить отображение с млн на проценты Выручка в рублях Выручка' is clicked on

16-10-2024T07:54:05 - [TEST_STEP][PASSED] - if (run == 2): Object: 'Object Repository/Выручка в рублях/Переключить отображение с млн на проценты Выручка в рублях Выручка' is clicked on

16-10-2024T07:54:05 - [TEST_STEP][PASSED] - click(findTestObject("Выручка в рублях/Переключить отображение с млн на проценты Выручка в рублях" + nameOfBlock)): Object: 'Object Repository/Выручка в рублях/Переключить отображение с млн на проценты Выручка в рублях Выручка' is clicked on

16-10-2024T07:54:05 - [MESSAGE][PASSED] - Object: 'Object Repository/Выручка в рублях/Переключить отображение с млн на проценты Выручка в рублях Выручка' is clicked on

16-10-2024T07:54:05 - [TEST_STEP][PASSED] - click(findTestObject("Выручка в рублях/Фильтр ДЗО" + nameOfBlock)): Object: 'Object Repository/Выручка в рублях/Фильтр ДЗО Выручка' is clicked on

16-10-2024T07:54:05 - [MESSAGE][PASSED] - Object: 'Object Repository/Выручка в рублях/Фильтр ДЗО Выручка' is clicked on

16-10-2024T07:54:05 - [TEST_STEP][PASSED] - Script1710234207206.Rosseti(nameOfBlock): null

16-10-2024T07:54:05 - [TEST_STEP][PASSED] - println("nameOfBlock:" + nameOfBlock): null

16-10-2024T07:54:05 - [TEST_STEP][PASSED] - click(findTestObject("Выручка в рублях/ПАО Россети" + nameOfBlock)): Object: 'Object Repository/Выручка в рублях/ПАО Россети Выручка' is clicked on

16-10-2024T07:54:06 - [MESSAGE][PASSED] - Object: 'Object Repository/Выручка в рублях/ПАО Россети Выручка' is clicked on

16-10-2024T07:54:06 - [TEST_STEP][PASSED] - click(findTestObject("Выручка в рублях/Применить в фильтре ДЗО" + nameOfBlock)): Object: 'Object Repository/Выручка в рублях/Применить в фильтре ДЗО Выручка' is clicked on

16-10-2024T07:54:07 - [MESSAGE][PASSED] - Object: 'Object Repository/Выручка в рублях/Применить в фильтре ДЗО Выручка' is clicked on

16-10-2024T07:54:07 - [TEST_STEP][PASSED] - if (vir == 1 || vir == 2): Text of object 'Object Repository/Выручка в рублях/График План Выручка' is: '938 020'

16-10-2024T07:54:07 - [TEST_STEP][PASSED] - b1 = getText(findTestObject("Выручка в рублях/График План Выручка")): Text of object 'Object Repository/Выручка в рублях/График План Выручка' is: '938 020'

16-10-2024T07:54:10 - [MESSAGE][PASSED] - Text of object 'Object Repository/Выручка в рублях/График План Выручка' is: '938 020'

16-10-2024T07:54:10 - [TEST_STEP][PASSED] - if (vir == 1 || vir == 2): Text of object 'Object Repository/Выручка в рублях/График Факт Выручка' is: '964 061'

16-10-2024T07:54:10 - [TEST_STEP][PASSED] - b2 = getText(findTestObject("Выручка в рублях/График Факт Выручка")): Text of object 'Object Repository/Выручка в рублях/График Факт Выручка' is: '964 061'

16-10-2024T07:54:11 - [MESSAGE][PASSED] - Text of object 'Object Repository/Выручка в рублях/График Факт Выручка' is: '964 061'

16-10-2024T07:54:11 - [TEST_STEP][PASSED] - b30 = getText(findTestObject("Выручка в рублях/span1" + perc)): Text of object 'Object Repository/Выручка в рублях/span1 Perc' is: '2.78 %'

16-10-2024T07:54:11 - [MESSAGE][PASSED] - Text of object 'Object Repository/Выручка в рублях/span1 Perc' is: '2.78 %'

16-10-2024T07:54:11 - [TEST_STEP][PASSED] - i = b30.indexOf("млн.руб."): null

16-10-2024T07:54:11 - [TEST_STEP][PASSED] - if (i > -1): null

16-10-2024T07:54:11 - [TEST_STEP][PASSED] - if (b30.contains("%")): null

16-10-2024T07:54:11 - [TEST_STEP][PASSED] - b30 = b30.replaceAll("%", ""): null

16-10-2024T07:54:11 - [TEST_STEP][PASSED] - b30 = ").trim(): null

16-10-2024T07:54:11 - [TEST_STEP][PASSED] - println("b30: " + b30): null

16-10-2024T07:54:11 - [TEST_STEP][PASSED] - if (vir == 1 || vir == 2): Text of object 'Object Repository/Выручка в рублях/span2 Perc' is: '14.04 %'

16-10-2024T07:54:11 - [TEST_STEP][PASSED] - b31 = ").trim(): Text of object 'Object Repository/Выручка в рублях/span2 Perc' is: '14.04 %'

16-10-2024T07:54:11 - [MESSAGE][PASSED] - Text of object 'Object Repository/Выручка в рублях/span2 Perc' is: '14.04 %'

16-10-2024T07:54:11 - [TEST_STEP][PASSED] - if (vir == 1 || vir == 2): Text of object 'Object Repository/Выручка в рублях/span3 Perc' is: '1.47 %'

16-10-2024T07:54:11 - [TEST_STEP][PASSED] - b32 = ").trim(): Text of object 'Object Repository/Выручка в рублях/span3 Perc' is: '1.47 %'

16-10-2024T07:54:11 - [MESSAGE][PASSED] - Text of object 'Object Repository/Выручка в рублях/span3 Perc' is: '1.47 %'

16-10-2024T07:54:11 - [TEST_STEP][PASSED] - if (vir == 1 || vir == 2): Text of object 'Object Repository/Выручка в рублях/span8 Perc' is: '3.36 %'

16-10-2024T07:54:11 - [TEST_STEP][PASSED] - b33 = ").trim(): Text of object 'Object Repository/Выручка в рублях/span4 Perc' is: '0.24 %'

16-10-2024T07:54:12 - [MESSAGE][PASSED] - Text of object 'Object Repository/Выручка в рублях/span4 Perc' is: '0.24 %'

16-10-2024T07:54:12 - [TEST_STEP][PASSED] - b34 = ").trim(): Text of object 'Object Repository/Выручка в рублях/span5 Perc' is: '5.99 %'

16-10-2024T07:54:12 - [MESSAGE][PASSED] - Text of object 'Object Repository/Выручка в рублях/span5 Perc' is: '5.99 %'

16-10-2024T07:54:12 - [TEST_STEP][PASSED] - b35 = ").trim(): Text of object 'Object Repository/Выручка в рублях/span6 Perc' is: '5.58 %'

16-10-2024T07:54:12 - [MESSAGE][PASSED] - Text of object 'Object Repository/Выручка в рублях/span6 Perc' is: '5.58 %'

16-10-2024T07:54:12 - [TEST_STEP][PASSED] - b36 = ").trim(): Text of object 'Object Repository/Выручка в рублях/span7 Perc' is: '5.03 %'

16-10-2024T07:54:13 - [MESSAGE][PASSED] - Text of object 'Object Repository/Выручка в рублях/span7 Perc' is: '5.03 %'

16-10-2024T07:54:13 - [TEST_STEP][PASSED] - b37 = ").trim(): Text of object 'Object Repository/Выручка в рублях/span8 Perc' is: '3.36 %'

16-10-2024T07:54:13 - [MESSAGE][PASSED] - Text of object 'Object Repository/Выручка в рублях/span8 Perc' is: '3.36 %'

16-10-2024T07:54:13 - [TEST_STEP][PASSED] - if (vir == 1 || vir == 2): Text of object 'Object Repository/Выручка в рублях/span17 Perc' is: '3.28 %'

16-10-2024T07:54:13 - [TEST_STEP][PASSED] - b38 = ").trim(): Text of object 'Object Repository/Выручка в рублях/span9 Perc' is: '2.9 %'

16-10-2024T07:54:13 - [MESSAGE][PASSED] - Text of object 'Object Repository/Выручка в рублях/span9 Perc' is: '2.9 %'

16-10-2024T07:54:13 - [TEST_STEP][PASSED] - b39 = ").trim(): Text of object 'Object Repository/Выручка в рублях/span10 Perc' is: '4.21 %'

16-10-2024T07:54:14 - [MESSAGE][PASSED] - Text of object 'Object Repository/Выручка в рублях/span10 Perc' is: '4.21 %'

16-10-2024T07:54:14 - [TEST_STEP][PASSED] - b310 = ").trim(): Text of object 'Object Repository/Выручка в рублях/span11 Perc' is: '3.71 %'

16-10-2024T07:54:14 - [MESSAGE][PASSED] - Text of object 'Object Repository/Выручка в рублях/span11 Perc' is: '3.71 %'

16-10-2024T07:54:14 - [TEST_STEP][PASSED] - b311 = ").trim(): Text of object 'Object Repository/Выручка в рублях/span12 Perc' is: '-6.3 %'

16-10-2024T07:54:14 - [MESSAGE][PASSED] - Text of object 'Object Repository/Выручка в рублях/span12 Perc' is: '-6.3 %'

16-10-2024T07:54:14 - [TEST_STEP][PASSED] - b312 = ").trim(): Text of object 'Object Repository/Выручка в рублях/span13 Perc' is: '2.61 %'

16-10-2024T07:54:14 - [MESSAGE][PASSED] - Text of object 'Object Repository/Выручка в рублях/span13 Perc' is: '2.61 %'

16-10-2024T07:54:14 - [TEST_STEP][PASSED] - b313 = ").trim(): Text of object 'Object Repository/Выручка в рублях/span14 Perc' is: '0.66 %'

16-10-2024T07:54:15 - [MESSAGE][PASSED] - Text of object 'Object Repository/Выручка в рублях/span14 Perc' is: '0.66 %'

16-10-2024T07:54:15 - [TEST_STEP][PASSED] - b314 = ").trim(): Text of object 'Object Repository/Выручка в рублях/span15 Perc' is: '4.55 %'

16-10-2024T07:54:15 - [MESSAGE][PASSED] - Text of object 'Object Repository/Выручка в рублях/span15 Perc' is: '4.55 %'

16-10-2024T07:54:15 - [TEST_STEP][PASSED] - b315 = ").trim(): Text of object 'Object Repository/Выручка в рублях/span16 Perc' is: '4.79 %'

16-10-2024T07:54:15 - [MESSAGE][PASSED] - Text of object 'Object Repository/Выручка в рублях/span16 Perc' is: '4.79 %'

16-10-2024T07:54:15 - [TEST_STEP][PASSED] - b316 = ").trim(): Text of object 'Object Repository/Выручка в рублях/span17 Perc' is: '3.28 %'

16-10-2024T07:54:16 - [MESSAGE][PASSED] - Text of object 'Object Repository/Выручка в рублях/span17 Perc' is: '3.28 %'

16-10-2024T07:54:16 - [TEST_STEP][PASSED] - if (vir == 1 || vir == 2): Text of object 'Object Repository/Выручка в рублях/span18 Perc' is: '3.76 %'

16-10-2024T07:54:16 - [TEST_STEP][PASSED] - b317 = ").trim(): Text of object 'Object Repository/Выручка в рублях/span18 Perc' is: '3.76 %'

16-10-2024T07:54:16 - [MESSAGE][PASSED] - Text of object 'Object Repository/Выручка в рублях/span18 Perc' is: '3.76 %'

16-10-2024T07:54:16 - [TEST_STEP][PASSED] - dZO = "ПАО Россети": null

16-10-2024T07:54:16 - [TEST_STEP][PASSED] - if (verifyEqual(a1, b1) == false): Actual object '938 020' and expected object '938 020' are equal

16-10-2024T07:54:16 - [MESSAGE][PASSED] - Actual object '938 020' and expected object '938 020' are equal

16-10-2024T07:54:16 - [TEST_STEP][PASSED] - if (verifyEqual(a2, b2) == false): Actual object '964 061' and expected object '964 061' are equal

16-10-2024T07:54:16 - [MESSAGE][PASSED] - Actual object '964 061' and expected object '964 061' are equal

16-10-2024T07:54:16 - [TEST_STEP][PASSED] - vidget = "Отклонения": null

16-10-2024T07:54:16 - [TEST_STEP][FAILED] - if (verifyEqual(a30, b30) == false): null

16-10-2024T07:54:16 - [MESSAGE][FAILED] - Unable to verify equal between actual object '-23.85' and expected object '2.78' (Root cause: com.kms.katalon.core.exception.StepFailedException: Actual object '-23.85' and expected object '2.78' are not equal
	at com.kms.katalon.core.keyword.builtin.VerifyEqualKeyword$_verifyEqual_closure1.doCall(VerifyEqualKeyword.groovy:58)
	at com.kms.katalon.core.keyword.builtin.VerifyEqualKeyword$_verifyEqual_closure1.call(VerifyEqualKeyword.groovy)
	at com.kms.katalon.core.keyword.internal.KeywordMain.runKeyword(KeywordMain.groovy:75)
	at com.kms.katalon.core.keyword.builtin.VerifyEqualKeyword.verifyEqual(VerifyEqualKeyword.groovy:63)
	at com.kms.katalon.core.keyword.builtin.VerifyEqualKeyword.execute(VerifyEqualKeyword.groovy:44)
	at com.kms.katalon.core.keyword.internal.KeywordExecutor.executeKeywordForPlatform(KeywordExecutor.groovy:74)
	at com.kms.katalon.core.keyword.BuiltinKeywords.verifyEqual(BuiltinKeywords.groovy:146)
	at jdk.internal.reflect.GeneratedMethodAccessor25.invoke(Unknown Source)
	at java.base/jdk.internal.reflect.DelegatingMethodAccessorImpl.invoke(DelegatingMethodAccessorImpl.java:43)
	at Выручка в рублях сверка дашбордов ПАО Россети.Blocks(Выручка в рублях сверка дашбордов ПАО Россети:357)
	at Выручка в рублях сверка дашбордов ПАО Россети.ViruchkaChange(Выручка в рублях сверка дашбордов ПАО Россети:60)
	at Выручка в рублях сверка дашбордов ПАО Россети.run(Выручка в рублях сверка дашбордов ПАО Россети:55)
	at com.kms.katalon.core.main.ScriptEngine.run(ScriptEngine.java:194)
	at com.kms.katalon.core.main.ScriptEngine.runScriptAsRawText(ScriptEngine.java:119)
	at com.kms.katalon.core.main.TestCaseExecutor.runScript(TestCaseExecutor.java:448)
	at com.kms.katalon.core.main.TestCaseExecutor.doExecute(TestCaseExecutor.java:439)
	at com.kms.katalon.core.main.TestCaseExecutor.processExecutionPhase(TestCaseExecutor.java:418)
	at com.kms.katalon.core.main.TestCaseExecutor.accessMainPhase(TestCaseExecutor.java:410)
	at com.kms.katalon.core.main.TestCaseExecutor.execute(TestCaseExecutor.java:285)
	at com.kms.katalon.core.common.CommonExecutor.accessTestCaseMainPhase(CommonExecutor.java:65)
	at com.kms.katalon.core.main.TestSuiteExecutor.accessTestSuiteMainPhase(TestSuiteExecutor.java:150)
	at com.kms.katalon.core.main.TestSuiteExecutor.execute(TestSuiteExecutor.java:106)
	at com.kms.katalon.core.main.TestCaseMain.startTestSuite(TestCaseMain.java:180)
	at TempTestSuite1729050801829.run(TempTestSuite1729050801829.groovy:35)
	at java.base/jdk.internal.reflect.NativeMethodAccessorImpl.invoke0(Native Method)
	at java.base/jdk.internal.reflect.NativeMethodAccessorImpl.invoke(NativeMethodAccessorImpl.java:77)
	at java.base/jdk.internal.reflect.DelegatingMethodAccessorImpl.invoke(DelegatingMethodAccessorImpl.java:43)
)

16-10-2024T07:54:16 - [TEST_STEP][PASSED] - a = a30.toDouble(): null

16-10-2024T07:54:16 - [TEST_STEP][PASSED] - b = b30.toDouble(): null

16-10-2024T07:54:16 - [TEST_STEP][PASSED] - Script1710234207206.WriteToExcel(todaysDate, run, vir, block, typeOfData, viruchka, vidget, nameOfBlock, a, b, dZO): null

16-10-2024T07:54:16 - [TEST_STEP][PASSED] - println(run): null

16-10-2024T07:54:16 - [TEST_STEP][PASSED] - if (run == 1): null

16-10-2024T07:54:16 - [TEST_STEP][PASSED] - else if (run == 2): null

16-10-2024T07:54:16 - [TEST_STEP][PASSED] - typeOfData = "Проценты": null

16-10-2024T07:54:16 - [TEST_STEP][PASSED] - println("todaysDate:" + todaysDate): null

16-10-2024T07:54:16 - [TEST_STEP][PASSED] - println("typeOfData:" + typeOfData): null

16-10-2024T07:54:16 - [TEST_STEP][PASSED] - viruchka = getText(findTestObject("Выручка в рублях/Фильтр Выручка" + nameOfBlock)): Text of object 'Object Repository/Выручка в рублях/Фильтр Выручка Выручка' is: 'Все'

16-10-2024T07:54:16 - [MESSAGE][PASSED] - Text of object 'Object Repository/Выручка в рублях/Фильтр Выручка Выручка' is: 'Все'

16-10-2024T07:54:16 - [TEST_STEP][PASSED] - println("viruchka" + viruchka): null

16-10-2024T07:54:16 - [TEST_STEP][PASSED] - println("vidget" + vidget): null

16-10-2024T07:54:16 - [TEST_STEP][PASSED] - println("a" + a): null

16-10-2024T07:54:16 - [TEST_STEP][PASSED] - println("b" + b): null

16-10-2024T07:54:16 - [TEST_STEP][PASSED] - sheetName = "Sheet1": null

16-10-2024T07:54:16 - [TEST_STEP][PASSED] - data = findTestData("PlanFact"): null

16-10-2024T07:54:16 - [TEST_STEP][PASSED] - n = data.getRowNumbers() + 1: null

16-10-2024T07:54:16 - [TEST_STEP][PASSED] - period = getText(findTestObject("Выручка в рублях/Фильтр Период")): Text of object 'Object Repository/Выручка в рублях/Фильтр Период' is: 'Июль, Август и 1, 2 кв. 2024 года'

16-10-2024T07:54:17 - [MESSAGE][PASSED] - Text of object 'Object Repository/Выручка в рублях/Фильтр Период' is: 'Июль, Август и 1, 2 кв. 2024 года'

16-10-2024T07:54:17 - [TEST_STEP][PASSED] - println(period): null

16-10-2024T07:54:17 - [TEST_STEP][PASSED] - dashboardName = "Выручка в рублях": null

16-10-2024T07:54:17 - [TEST_STEP][PASSED] - workbook01 = getWorkbook(excelFilePath): null

16-10-2024T07:54:17 - [TEST_STEP][PASSED] - sheet01 = getExcelSheet(workbook01, sheetName): null

16-10-2024T07:54:17 - [TEST_STEP][PASSED] - setValueToCellByIndex(sheet01, n, 0, dashboardName): null

16-10-2024T07:54:17 - [TEST_STEP][PASSED] - setValueToCellByIndex(sheet01, n, 1, dZO): null

16-10-2024T07:54:17 - [TEST_STEP][PASSED] - setValueToCellByIndex(sheet01, n, 2, vidget): null

16-10-2024T07:54:17 - [TEST_STEP][PASSED] - setValueToCellByIndex(sheet01, n, 3, viruchka): null

16-10-2024T07:54:17 - [TEST_STEP][PASSED] - setValueToCellByIndex(sheet01, n, 4, typeOfData): null

16-10-2024T07:54:17 - [TEST_STEP][PASSED] - if (a == null): null

16-10-2024T07:54:17 - [TEST_STEP][PASSED] - else: null

16-10-2024T07:54:17 - [TEST_STEP][PASSED] - setValueToCellByIndex(sheet01, n, 5, a): null

16-10-2024T07:54:17 - [TEST_STEP][PASSED] - if (b == null): null

16-10-2024T07:54:17 - [TEST_STEP][PASSED] - else: null

16-10-2024T07:54:17 - [TEST_STEP][PASSED] - setValueToCellByIndex(sheet01, n, 6, b): null

16-10-2024T07:54:17 - [TEST_STEP][PASSED] - setValueToCellByIndex(sheet01, n, 7, period): null

16-10-2024T07:54:17 - [TEST_STEP][PASSED] - setValueToCellByIndex(sheet01, n, 8, todaysDate): null

16-10-2024T07:54:17 - [TEST_STEP][PASSED] - n = n + 1: null

16-10-2024T07:54:17 - [TEST_STEP][PASSED] - saveWorkbook(excelFilePath, workbook01): null

16-10-2024T07:54:17 - [TEST_STEP][PASSED] - dZO = "АО «Тываэнерго»": null

16-10-2024T07:54:17 - [TEST_STEP][PASSED] - if (verifyEqual(a31, b31) == false): Actual object '14.04' and expected object '14.04' are equal

16-10-2024T07:54:17 - [MESSAGE][PASSED] - Actual object '14.04' and expected object '14.04' are equal

16-10-2024T07:54:17 - [TEST_STEP][PASSED] - dZO = "АО «Чеченэнерго»": null

16-10-2024T07:54:17 - [TEST_STEP][FAILED] - if (verifyEqual(a32, b32) == false): null

16-10-2024T07:54:17 - [MESSAGE][FAILED] - Unable to verify equal between actual object '-49.27' and expected object '1.47' (Root cause: com.kms.katalon.core.exception.StepFailedException: Actual object '-49.27' and expected object '1.47' are not equal
	at com.kms.katalon.core.keyword.builtin.VerifyEqualKeyword$_verifyEqual_closure1.doCall(VerifyEqualKeyword.groovy:58)
	at com.kms.katalon.core.keyword.builtin.VerifyEqualKeyword$_verifyEqual_closure1.call(VerifyEqualKeyword.groovy)
	at com.kms.katalon.core.keyword.internal.KeywordMain.runKeyword(KeywordMain.groovy:75)
	at com.kms.katalon.core.keyword.builtin.VerifyEqualKeyword.verifyEqual(VerifyEqualKeyword.groovy:63)
	at com.kms.katalon.core.keyword.builtin.VerifyEqualKeyword.execute(VerifyEqualKeyword.groovy:44)
	at com.kms.katalon.core.keyword.internal.KeywordExecutor.executeKeywordForPlatform(KeywordExecutor.groovy:74)
	at com.kms.katalon.core.keyword.BuiltinKeywords.verifyEqual(BuiltinKeywords.groovy:146)
	at jdk.internal.reflect.GeneratedMethodAccessor25.invoke(Unknown Source)
	at java.base/jdk.internal.reflect.DelegatingMethodAccessorImpl.invoke(DelegatingMethodAccessorImpl.java:43)
	at Выручка в рублях сверка дашбордов ПАО Россети.Blocks(Выручка в рублях сверка дашбордов ПАО Россети:377)
	at Выручка в рублях сверка дашбордов ПАО Россети.ViruchkaChange(Выручка в рублях сверка дашбордов ПАО Россети:60)
	at Выручка в рублях сверка дашбордов ПАО Россети.run(Выручка в рублях сверка дашбордов ПАО Россети:55)
	at com.kms.katalon.core.main.ScriptEngine.run(ScriptEngine.java:194)
	at com.kms.katalon.core.main.ScriptEngine.runScriptAsRawText(ScriptEngine.java:119)
	at com.kms.katalon.core.main.TestCaseExecutor.runScript(TestCaseExecutor.java:448)
	at com.kms.katalon.core.main.TestCaseExecutor.doExecute(TestCaseExecutor.java:439)
	at com.kms.katalon.core.main.TestCaseExecutor.processExecutionPhase(TestCaseExecutor.java:418)
	at com.kms.katalon.core.main.TestCaseExecutor.accessMainPhase(TestCaseExecutor.java:410)
	at com.kms.katalon.core.main.TestCaseExecutor.execute(TestCaseExecutor.java:285)
	at com.kms.katalon.core.common.CommonExecutor.accessTestCaseMainPhase(CommonExecutor.java:65)
	at com.kms.katalon.core.main.TestSuiteExecutor.accessTestSuiteMainPhase(TestSuiteExecutor.java:150)
	at com.kms.katalon.core.main.TestSuiteExecutor.execute(TestSuiteExecutor.java:106)
	at com.kms.katalon.core.main.TestCaseMain.startTestSuite(TestCaseMain.java:180)
	at TempTestSuite1729050801829.run(TempTestSuite1729050801829.groovy:35)
	at java.base/jdk.internal.reflect.NativeMethodAccessorImpl.invoke0(Native Method)
	at java.base/jdk.internal.reflect.NativeMethodAccessorImpl.invoke(NativeMethodAccessorImpl.java:77)
	at java.base/jdk.internal.reflect.DelegatingMethodAccessorImpl.invoke(DelegatingMethodAccessorImpl.java:43)
)

16-10-2024T07:54:17 - [TEST_STEP][PASSED] - a = a32.toDouble(): null

16-10-2024T07:54:17 - [TEST_STEP][PASSED] - b = b32.toDouble(): null

16-10-2024T07:54:17 - [TEST_STEP][PASSED] - Script1710234207206.WriteToExcel(todaysDate, run, vir, block, typeOfData, viruchka, vidget, nameOfBlock, a, b, dZO): null

16-10-2024T07:54:17 - [TEST_STEP][PASSED] - println(run): null

16-10-2024T07:54:17 - [TEST_STEP][PASSED] - if (run == 1): null

16-10-2024T07:54:17 - [TEST_STEP][PASSED] - else if (run == 2): null

16-10-2024T07:54:17 - [TEST_STEP][PASSED] - typeOfData = "Проценты": null

16-10-2024T07:54:17 - [TEST_STEP][PASSED] - println("todaysDate:" + todaysDate): null

16-10-2024T07:54:17 - [TEST_STEP][PASSED] - println("typeOfData:" + typeOfData): null

16-10-2024T07:54:17 - [TEST_STEP][PASSED] - viruchka = getText(findTestObject("Выручка в рублях/Фильтр Выручка" + nameOfBlock)): Text of object 'Object Repository/Выручка в рублях/Фильтр Выручка Выручка' is: 'Все'

16-10-2024T07:54:17 - [MESSAGE][PASSED] - Text of object 'Object Repository/Выручка в рублях/Фильтр Выручка Выручка' is: 'Все'

16-10-2024T07:54:17 - [TEST_STEP][PASSED] - println("viruchka" + viruchka): null

16-10-2024T07:54:17 - [TEST_STEP][PASSED] - println("vidget" + vidget): null

16-10-2024T07:54:17 - [TEST_STEP][PASSED] - println("a" + a): null

16-10-2024T07:54:17 - [TEST_STEP][PASSED] - println("b" + b): null

16-10-2024T07:54:17 - [TEST_STEP][PASSED] - sheetName = "Sheet1": null

16-10-2024T07:54:17 - [TEST_STEP][PASSED] - data = findTestData("PlanFact"): null

16-10-2024T07:54:17 - [TEST_STEP][PASSED] - n = data.getRowNumbers() + 1: null

16-10-2024T07:54:17 - [TEST_STEP][PASSED] - period = getText(findTestObject("Выручка в рублях/Фильтр Период")): Text of object 'Object Repository/Выручка в рублях/Фильтр Период' is: 'Июль, Август и 1, 2 кв. 2024 года'

16-10-2024T07:54:18 - [MESSAGE][PASSED] - Text of object 'Object Repository/Выручка в рублях/Фильтр Период' is: 'Июль, Август и 1, 2 кв. 2024 года'

16-10-2024T07:54:18 - [TEST_STEP][PASSED] - println(period): null

16-10-2024T07:54:18 - [TEST_STEP][PASSED] - dashboardName = "Выручка в рублях": null

16-10-2024T07:54:18 - [TEST_STEP][PASSED] - workbook01 = getWorkbook(excelFilePath): null

16-10-2024T07:54:18 - [TEST_STEP][PASSED] - sheet01 = getExcelSheet(workbook01, sheetName): null

16-10-2024T07:54:18 - [TEST_STEP][PASSED] - setValueToCellByIndex(sheet01, n, 0, dashboardName): null

16-10-2024T07:54:18 - [TEST_STEP][PASSED] - setValueToCellByIndex(sheet01, n, 1, dZO): null

16-10-2024T07:54:18 - [TEST_STEP][PASSED] - setValueToCellByIndex(sheet01, n, 2, vidget): null

16-10-2024T07:54:18 - [TEST_STEP][PASSED] - setValueToCellByIndex(sheet01, n, 3, viruchka): null

16-10-2024T07:54:18 - [TEST_STEP][PASSED] - setValueToCellByIndex(sheet01, n, 4, typeOfData): null

16-10-2024T07:54:18 - [TEST_STEP][PASSED] - if (a == null): null

16-10-2024T07:54:18 - [TEST_STEP][PASSED] - else: null

16-10-2024T07:54:18 - [TEST_STEP][PASSED] - setValueToCellByIndex(sheet01, n, 5, a): null

16-10-2024T07:54:18 - [TEST_STEP][PASSED] - if (b == null): null

16-10-2024T07:54:18 - [TEST_STEP][PASSED] - else: null

16-10-2024T07:54:18 - [TEST_STEP][PASSED] - setValueToCellByIndex(sheet01, n, 6, b): null

16-10-2024T07:54:18 - [TEST_STEP][PASSED] - setValueToCellByIndex(sheet01, n, 7, period): null

16-10-2024T07:54:18 - [TEST_STEP][PASSED] - setValueToCellByIndex(sheet01, n, 8, todaysDate): null

16-10-2024T07:54:18 - [TEST_STEP][PASSED] - n = n + 1: null

16-10-2024T07:54:18 - [TEST_STEP][PASSED] - saveWorkbook(excelFilePath, workbook01): null

16-10-2024T07:54:18 - [TEST_STEP][PASSED] - dZO = "Россети Волга": null

16-10-2024T07:54:18 - [TEST_STEP][FAILED] - if (verifyEqual(a33, b33) == false): null

16-10-2024T07:54:18 - [MESSAGE][FAILED] - Unable to verify equal between actual object '-49.88' and expected object '0.24' (Root cause: com.kms.katalon.core.exception.StepFailedException: Actual object '-49.88' and expected object '0.24' are not equal
	at com.kms.katalon.core.keyword.builtin.VerifyEqualKeyword$_verifyEqual_closure1.doCall(VerifyEqualKeyword.groovy:58)
	at com.kms.katalon.core.keyword.builtin.VerifyEqualKeyword$_verifyEqual_closure1.call(VerifyEqualKeyword.groovy)
	at com.kms.katalon.core.keyword.internal.KeywordMain.runKeyword(KeywordMain.groovy:75)
	at com.kms.katalon.core.keyword.builtin.VerifyEqualKeyword.verifyEqual(VerifyEqualKeyword.groovy:63)
	at com.kms.katalon.core.keyword.builtin.VerifyEqualKeyword.execute(VerifyEqualKeyword.groovy:44)
	at com.kms.katalon.core.keyword.internal.KeywordExecutor.executeKeywordForPlatform(KeywordExecutor.groovy:74)
	at com.kms.katalon.core.keyword.BuiltinKeywords.verifyEqual(BuiltinKeywords.groovy:146)
	at jdk.internal.reflect.GeneratedMethodAccessor25.invoke(Unknown Source)
	at java.base/jdk.internal.reflect.DelegatingMethodAccessorImpl.invoke(DelegatingMethodAccessorImpl.java:43)
	at Выручка в рублях сверка дашбордов ПАО Россети.Blocks(Выручка в рублях сверка дашбордов ПАО Россети:387)
	at Выручка в рублях сверка дашбордов ПАО Россети.ViruchkaChange(Выручка в рублях сверка дашбордов ПАО Россети:60)
	at Выручка в рублях сверка дашбордов ПАО Россети.run(Выручка в рублях сверка дашбордов ПАО Россети:55)
	at com.kms.katalon.core.main.ScriptEngine.run(ScriptEngine.java:194)
	at com.kms.katalon.core.main.ScriptEngine.runScriptAsRawText(ScriptEngine.java:119)
	at com.kms.katalon.core.main.TestCaseExecutor.runScript(TestCaseExecutor.java:448)
	at com.kms.katalon.core.main.TestCaseExecutor.doExecute(TestCaseExecutor.java:439)
	at com.kms.katalon.core.main.TestCaseExecutor.processExecutionPhase(TestCaseExecutor.java:418)
	at com.kms.katalon.core.main.TestCaseExecutor.accessMainPhase(TestCaseExecutor.java:410)
	at com.kms.katalon.core.main.TestCaseExecutor.execute(TestCaseExecutor.java:285)
	at com.kms.katalon.core.common.CommonExecutor.accessTestCaseMainPhase(CommonExecutor.java:65)
	at com.kms.katalon.core.main.TestSuiteExecutor.accessTestSuiteMainPhase(TestSuiteExecutor.java:150)
	at com.kms.katalon.core.main.TestSuiteExecutor.execute(TestSuiteExecutor.java:106)
	at com.kms.katalon.core.main.TestCaseMain.startTestSuite(TestCaseMain.java:180)
	at TempTestSuite1729050801829.run(TempTestSuite1729050801829.groovy:35)
	at java.base/jdk.internal.reflect.NativeMethodAccessorImpl.invoke0(Native Method)
	at java.base/jdk.internal.reflect.NativeMethodAccessorImpl.invoke(NativeMethodAccessorImpl.java:77)
	at java.base/jdk.internal.reflect.DelegatingMethodAccessorImpl.invoke(DelegatingMethodAccessorImpl.java:43)
)

16-10-2024T07:54:18 - [TEST_STEP][PASSED] - a = a33.toDouble(): null

16-10-2024T07:54:18 - [TEST_STEP][PASSED] - b = b33.toDouble(): null

16-10-2024T07:54:18 - [TEST_STEP][PASSED] - Script1710234207206.WriteToExcel(todaysDate, run, vir, block, typeOfData, viruchka, vidget, nameOfBlock, a, b, dZO): null

16-10-2024T07:54:18 - [TEST_STEP][PASSED] - println(run): null

16-10-2024T07:54:18 - [TEST_STEP][PASSED] - if (run == 1): null

16-10-2024T07:54:18 - [TEST_STEP][PASSED] - else if (run == 2): null

16-10-2024T07:54:18 - [TEST_STEP][PASSED] - typeOfData = "Проценты": null

16-10-2024T07:54:18 - [TEST_STEP][PASSED] - println("todaysDate:" + todaysDate): null

16-10-2024T07:54:18 - [TEST_STEP][PASSED] - println("typeOfData:" + typeOfData): null

16-10-2024T07:54:18 - [TEST_STEP][PASSED] - viruchka = getText(findTestObject("Выручка в рублях/Фильтр Выручка" + nameOfBlock)): Text of object 'Object Repository/Выручка в рублях/Фильтр Выручка Выручка' is: 'Все'

16-10-2024T07:54:18 - [MESSAGE][PASSED] - Text of object 'Object Repository/Выручка в рублях/Фильтр Выручка Выручка' is: 'Все'

16-10-2024T07:54:18 - [TEST_STEP][PASSED] - println("viruchka" + viruchka): null

16-10-2024T07:54:18 - [TEST_STEP][PASSED] - println("vidget" + vidget): null

16-10-2024T07:54:18 - [TEST_STEP][PASSED] - println("a" + a): null

16-10-2024T07:54:18 - [TEST_STEP][PASSED] - println("b" + b): null

16-10-2024T07:54:18 - [TEST_STEP][PASSED] - sheetName = "Sheet1": null

16-10-2024T07:54:18 - [TEST_STEP][PASSED] - data = findTestData("PlanFact"): null

16-10-2024T07:54:18 - [TEST_STEP][PASSED] - n = data.getRowNumbers() + 1: null

16-10-2024T07:54:18 - [TEST_STEP][PASSED] - period = getText(findTestObject("Выручка в рублях/Фильтр Период")): Text of object 'Object Repository/Выручка в рублях/Фильтр Период' is: 'Июль, Август и 1, 2 кв. 2024 года'

16-10-2024T07:54:19 - [MESSAGE][PASSED] - Text of object 'Object Repository/Выручка в рублях/Фильтр Период' is: 'Июль, Август и 1, 2 кв. 2024 года'

16-10-2024T07:54:19 - [TEST_STEP][PASSED] - println(period): null

16-10-2024T07:54:19 - [TEST_STEP][PASSED] - dashboardName = "Выручка в рублях": null

16-10-2024T07:54:19 - [TEST_STEP][PASSED] - workbook01 = getWorkbook(excelFilePath): null

16-10-2024T07:54:19 - [TEST_STEP][PASSED] - sheet01 = getExcelSheet(workbook01, sheetName): null

16-10-2024T07:54:19 - [TEST_STEP][PASSED] - setValueToCellByIndex(sheet01, n, 0, dashboardName): null

16-10-2024T07:54:19 - [TEST_STEP][PASSED] - setValueToCellByIndex(sheet01, n, 1, dZO): null

16-10-2024T07:54:19 - [TEST_STEP][PASSED] - setValueToCellByIndex(sheet01, n, 2, vidget): null

16-10-2024T07:54:19 - [TEST_STEP][PASSED] - setValueToCellByIndex(sheet01, n, 3, viruchka): null

16-10-2024T07:54:19 - [TEST_STEP][PASSED] - setValueToCellByIndex(sheet01, n, 4, typeOfData): null

16-10-2024T07:54:19 - [TEST_STEP][PASSED] - if (a == null): null

16-10-2024T07:54:19 - [TEST_STEP][PASSED] - else: null

16-10-2024T07:54:19 - [TEST_STEP][PASSED] - setValueToCellByIndex(sheet01, n, 5, a): null

16-10-2024T07:54:19 - [TEST_STEP][PASSED] - if (b == null): null

16-10-2024T07:54:19 - [TEST_STEP][PASSED] - else: null

16-10-2024T07:54:19 - [TEST_STEP][PASSED] - setValueToCellByIndex(sheet01, n, 6, b): null

16-10-2024T07:54:19 - [TEST_STEP][PASSED] - setValueToCellByIndex(sheet01, n, 7, period): null

16-10-2024T07:54:19 - [TEST_STEP][PASSED] - setValueToCellByIndex(sheet01, n, 8, todaysDate): null

16-10-2024T07:54:19 - [TEST_STEP][PASSED] - n = n + 1: null

16-10-2024T07:54:19 - [TEST_STEP][PASSED] - saveWorkbook(excelFilePath, workbook01): null

16-10-2024T07:54:19 - [TEST_STEP][PASSED] - dZO = "Россети Кубань": null

16-10-2024T07:54:19 - [TEST_STEP][FAILED] - if (verifyEqual(a34, b34) == false): null

16-10-2024T07:54:19 - [MESSAGE][FAILED] - Unable to verify equal between actual object '-47.01' and expected object '5.99' (Root cause: com.kms.katalon.core.exception.StepFailedException: Actual object '-47.01' and expected object '5.99' are not equal
	at com.kms.katalon.core.keyword.builtin.VerifyEqualKeyword$_verifyEqual_closure1.doCall(VerifyEqualKeyword.groovy:58)
	at com.kms.katalon.core.keyword.builtin.VerifyEqualKeyword$_verifyEqual_closure1.call(VerifyEqualKeyword.groovy)
	at com.kms.katalon.core.keyword.internal.KeywordMain.runKeyword(KeywordMain.groovy:75)
	at com.kms.katalon.core.keyword.builtin.VerifyEqualKeyword.verifyEqual(VerifyEqualKeyword.groovy:63)
	at com.kms.katalon.core.keyword.builtin.VerifyEqualKeyword.execute(VerifyEqualKeyword.groovy:44)
	at com.kms.katalon.core.keyword.internal.KeywordExecutor.executeKeywordForPlatform(KeywordExecutor.groovy:74)
	at com.kms.katalon.core.keyword.BuiltinKeywords.verifyEqual(BuiltinKeywords.groovy:146)
	at jdk.internal.reflect.GeneratedMethodAccessor25.invoke(Unknown Source)
	at java.base/jdk.internal.reflect.DelegatingMethodAccessorImpl.invoke(DelegatingMethodAccessorImpl.java:43)
	at Выручка в рублях сверка дашбордов ПАО Россети.Blocks(Выручка в рублях сверка дашбордов ПАО Россети:397)
	at Выручка в рублях сверка дашбордов ПАО Россети.ViruchkaChange(Выручка в рублях сверка дашбордов ПАО Россети:60)
	at Выручка в рублях сверка дашбордов ПАО Россети.run(Выручка в рублях сверка дашбордов ПАО Россети:55)
	at com.kms.katalon.core.main.ScriptEngine.run(ScriptEngine.java:194)
	at com.kms.katalon.core.main.ScriptEngine.runScriptAsRawText(ScriptEngine.java:119)
	at com.kms.katalon.core.main.TestCaseExecutor.runScript(TestCaseExecutor.java:448)
	at com.kms.katalon.core.main.TestCaseExecutor.doExecute(TestCaseExecutor.java:439)
	at com.kms.katalon.core.main.TestCaseExecutor.processExecutionPhase(TestCaseExecutor.java:418)
	at com.kms.katalon.core.main.TestCaseExecutor.accessMainPhase(TestCaseExecutor.java:410)
	at com.kms.katalon.core.main.TestCaseExecutor.execute(TestCaseExecutor.java:285)
	at com.kms.katalon.core.common.CommonExecutor.accessTestCaseMainPhase(CommonExecutor.java:65)
	at com.kms.katalon.core.main.TestSuiteExecutor.accessTestSuiteMainPhase(TestSuiteExecutor.java:150)
	at com.kms.katalon.core.main.TestSuiteExecutor.execute(TestSuiteExecutor.java:106)
	at com.kms.katalon.core.main.TestCaseMain.startTestSuite(TestCaseMain.java:180)
	at TempTestSuite1729050801829.run(TempTestSuite1729050801829.groovy:35)
	at java.base/jdk.internal.reflect.NativeMethodAccessorImpl.invoke0(Native Method)
	at java.base/jdk.internal.reflect.NativeMethodAccessorImpl.invoke(NativeMethodAccessorImpl.java:77)
	at java.base/jdk.internal.reflect.DelegatingMethodAccessorImpl.invoke(DelegatingMethodAccessorImpl.java:43)
)

16-10-2024T07:54:19 - [TEST_STEP][PASSED] - a = a34.toDouble(): null

16-10-2024T07:54:19 - [TEST_STEP][PASSED] - b = b34.toDouble(): null

16-10-2024T07:54:19 - [TEST_STEP][PASSED] - Script1710234207206.WriteToExcel(todaysDate, run, vir, block, typeOfData, viruchka, vidget, nameOfBlock, a, b, dZO): null

16-10-2024T07:54:19 - [TEST_STEP][PASSED] - println(run): null

16-10-2024T07:54:19 - [TEST_STEP][PASSED] - if (run == 1): null

16-10-2024T07:54:19 - [TEST_STEP][PASSED] - else if (run == 2): null

16-10-2024T07:54:19 - [TEST_STEP][PASSED] - typeOfData = "Проценты": null

16-10-2024T07:54:19 - [TEST_STEP][PASSED] - println("todaysDate:" + todaysDate): null

16-10-2024T07:54:19 - [TEST_STEP][PASSED] - println("typeOfData:" + typeOfData): null

16-10-2024T07:54:19 - [TEST_STEP][PASSED] - viruchka = getText(findTestObject("Выручка в рублях/Фильтр Выручка" + nameOfBlock)): Text of object 'Object Repository/Выручка в рублях/Фильтр Выручка Выручка' is: 'Все'

16-10-2024T07:54:19 - [MESSAGE][PASSED] - Text of object 'Object Repository/Выручка в рублях/Фильтр Выручка Выручка' is: 'Все'

16-10-2024T07:54:19 - [TEST_STEP][PASSED] - println("viruchka" + viruchka): null

16-10-2024T07:54:19 - [TEST_STEP][PASSED] - println("vidget" + vidget): null

16-10-2024T07:54:19 - [TEST_STEP][PASSED] - println("a" + a): null

16-10-2024T07:54:19 - [TEST_STEP][PASSED] - println("b" + b): null

16-10-2024T07:54:19 - [TEST_STEP][PASSED] - sheetName = "Sheet1": null

16-10-2024T07:54:19 - [TEST_STEP][PASSED] - data = findTestData("PlanFact"): null

16-10-2024T07:54:19 - [TEST_STEP][PASSED] - n = data.getRowNumbers() + 1: null

16-10-2024T07:54:19 - [TEST_STEP][PASSED] - period = getText(findTestObject("Выручка в рублях/Фильтр Период")): Text of object 'Object Repository/Выручка в рублях/Фильтр Период' is: 'Июль, Август и 1, 2 кв. 2024 года'

16-10-2024T07:54:20 - [MESSAGE][PASSED] - Text of object 'Object Repository/Выручка в рублях/Фильтр Период' is: 'Июль, Август и 1, 2 кв. 2024 года'

16-10-2024T07:54:20 - [TEST_STEP][PASSED] - println(period): null

16-10-2024T07:54:20 - [TEST_STEP][PASSED] - dashboardName = "Выручка в рублях": null

16-10-2024T07:54:20 - [TEST_STEP][PASSED] - workbook01 = getWorkbook(excelFilePath): null

16-10-2024T07:54:20 - [TEST_STEP][PASSED] - sheet01 = getExcelSheet(workbook01, sheetName): null

16-10-2024T07:54:20 - [TEST_STEP][PASSED] - setValueToCellByIndex(sheet01, n, 0, dashboardName): null

16-10-2024T07:54:20 - [TEST_STEP][PASSED] - setValueToCellByIndex(sheet01, n, 1, dZO): null

16-10-2024T07:54:20 - [TEST_STEP][PASSED] - setValueToCellByIndex(sheet01, n, 2, vidget): null

16-10-2024T07:54:20 - [TEST_STEP][PASSED] - setValueToCellByIndex(sheet01, n, 3, viruchka): null

16-10-2024T07:54:20 - [TEST_STEP][PASSED] - setValueToCellByIndex(sheet01, n, 4, typeOfData): null

16-10-2024T07:54:20 - [TEST_STEP][PASSED] - if (a == null): null

16-10-2024T07:54:20 - [TEST_STEP][PASSED] - else: null

16-10-2024T07:54:20 - [TEST_STEP][PASSED] - setValueToCellByIndex(sheet01, n, 5, a): null

16-10-2024T07:54:20 - [TEST_STEP][PASSED] - if (b == null): null

16-10-2024T07:54:20 - [TEST_STEP][PASSED] - else: null

16-10-2024T07:54:20 - [TEST_STEP][PASSED] - setValueToCellByIndex(sheet01, n, 6, b): null

16-10-2024T07:54:20 - [TEST_STEP][PASSED] - setValueToCellByIndex(sheet01, n, 7, period): null

16-10-2024T07:54:20 - [TEST_STEP][PASSED] - setValueToCellByIndex(sheet01, n, 8, todaysDate): null

16-10-2024T07:54:20 - [TEST_STEP][PASSED] - n = n + 1: null

16-10-2024T07:54:20 - [TEST_STEP][PASSED] - saveWorkbook(excelFilePath, workbook01): null

16-10-2024T07:54:20 - [TEST_STEP][PASSED] - dZO = "Россети Ленэнерго (ГК)": null

16-10-2024T07:54:20 - [TEST_STEP][FAILED] - if (verifyEqual(a35, b35) == false): null

16-10-2024T07:54:20 - [MESSAGE][FAILED] - Unable to verify equal between actual object '-47.21' and expected object '5.58' (Root cause: com.kms.katalon.core.exception.StepFailedException: Actual object '-47.21' and expected object '5.58' are not equal
	at com.kms.katalon.core.keyword.builtin.VerifyEqualKeyword$_verifyEqual_closure1.doCall(VerifyEqualKeyword.groovy:58)
	at com.kms.katalon.core.keyword.builtin.VerifyEqualKeyword$_verifyEqual_closure1.call(VerifyEqualKeyword.groovy)
	at com.kms.katalon.core.keyword.internal.KeywordMain.runKeyword(KeywordMain.groovy:75)
	at com.kms.katalon.core.keyword.builtin.VerifyEqualKeyword.verifyEqual(VerifyEqualKeyword.groovy:63)
	at com.kms.katalon.core.keyword.builtin.VerifyEqualKeyword.execute(VerifyEqualKeyword.groovy:44)
	at com.kms.katalon.core.keyword.internal.KeywordExecutor.executeKeywordForPlatform(KeywordExecutor.groovy:74)
	at com.kms.katalon.core.keyword.BuiltinKeywords.verifyEqual(BuiltinKeywords.groovy:146)
	at jdk.internal.reflect.GeneratedMethodAccessor25.invoke(Unknown Source)
	at java.base/jdk.internal.reflect.DelegatingMethodAccessorImpl.invoke(DelegatingMethodAccessorImpl.java:43)
	at Выручка в рублях сверка дашбордов ПАО Россети.Blocks(Выручка в рублях сверка дашбордов ПАО Россети:407)
	at Выручка в рублях сверка дашбордов ПАО Россети.ViruchkaChange(Выручка в рублях сверка дашбордов ПАО Россети:60)
	at Выручка в рублях сверка дашбордов ПАО Россети.run(Выручка в рублях сверка дашбордов ПАО Россети:55)
	at com.kms.katalon.core.main.ScriptEngine.run(ScriptEngine.java:194)
	at com.kms.katalon.core.main.ScriptEngine.runScriptAsRawText(ScriptEngine.java:119)
	at com.kms.katalon.core.main.TestCaseExecutor.runScript(TestCaseExecutor.java:448)
	at com.kms.katalon.core.main.TestCaseExecutor.doExecute(TestCaseExecutor.java:439)
	at com.kms.katalon.core.main.TestCaseExecutor.processExecutionPhase(TestCaseExecutor.java:418)
	at com.kms.katalon.core.main.TestCaseExecutor.accessMainPhase(TestCaseExecutor.java:410)
	at com.kms.katalon.core.main.TestCaseExecutor.execute(TestCaseExecutor.java:285)
	at com.kms.katalon.core.common.CommonExecutor.accessTestCaseMainPhase(CommonExecutor.java:65)
	at com.kms.katalon.core.main.TestSuiteExecutor.accessTestSuiteMainPhase(TestSuiteExecutor.java:150)
	at com.kms.katalon.core.main.TestSuiteExecutor.execute(TestSuiteExecutor.java:106)
	at com.kms.katalon.core.main.TestCaseMain.startTestSuite(TestCaseMain.java:180)
	at TempTestSuite1729050801829.run(TempTestSuite1729050801829.groovy:35)
	at java.base/jdk.internal.reflect.NativeMethodAccessorImpl.invoke0(Native Method)
	at java.base/jdk.internal.reflect.NativeMethodAccessorImpl.invoke(NativeMethodAccessorImpl.java:77)
	at java.base/jdk.internal.reflect.DelegatingMethodAccessorImpl.invoke(DelegatingMethodAccessorImpl.java:43)
)

16-10-2024T07:54:20 - [TEST_STEP][PASSED] - a = a35.toDouble(): null

16-10-2024T07:54:20 - [TEST_STEP][PASSED] - b = b35.toDouble(): null

16-10-2024T07:54:20 - [TEST_STEP][PASSED] - Script1710234207206.WriteToExcel(todaysDate, run, vir, block, typeOfData, viruchka, vidget, nameOfBlock, a, b, dZO): null

16-10-2024T07:54:20 - [TEST_STEP][PASSED] - println(run): null

16-10-2024T07:54:20 - [TEST_STEP][PASSED] - if (run == 1): null

16-10-2024T07:54:20 - [TEST_STEP][PASSED] - else if (run == 2): null

16-10-2024T07:54:20 - [TEST_STEP][PASSED] - typeOfData = "Проценты": null

16-10-2024T07:54:20 - [TEST_STEP][PASSED] - println("todaysDate:" + todaysDate): null

16-10-2024T07:54:20 - [TEST_STEP][PASSED] - println("typeOfData:" + typeOfData): null

16-10-2024T07:54:20 - [TEST_STEP][PASSED] - viruchka = getText(findTestObject("Выручка в рублях/Фильтр Выручка" + nameOfBlock)): Text of object 'Object Repository/Выручка в рублях/Фильтр Выручка Выручка' is: 'Все'

16-10-2024T07:54:20 - [MESSAGE][PASSED] - Text of object 'Object Repository/Выручка в рублях/Фильтр Выручка Выручка' is: 'Все'

16-10-2024T07:54:20 - [TEST_STEP][PASSED] - println("viruchka" + viruchka): null

16-10-2024T07:54:20 - [TEST_STEP][PASSED] - println("vidget" + vidget): null

16-10-2024T07:54:20 - [TEST_STEP][PASSED] - println("a" + a): null

16-10-2024T07:54:20 - [TEST_STEP][PASSED] - println("b" + b): null

16-10-2024T07:54:20 - [TEST_STEP][PASSED] - sheetName = "Sheet1": null

16-10-2024T07:54:20 - [TEST_STEP][PASSED] - data = findTestData("PlanFact"): null

16-10-2024T07:54:20 - [TEST_STEP][PASSED] - n = data.getRowNumbers() + 1: null

16-10-2024T07:54:20 - [TEST_STEP][PASSED] - period = getText(findTestObject("Выручка в рублях/Фильтр Период")): Text of object 'Object Repository/Выручка в рублях/Фильтр Период' is: 'Июль, Август и 1, 2 кв. 2024 года'

16-10-2024T07:54:21 - [MESSAGE][PASSED] - Text of object 'Object Repository/Выручка в рублях/Фильтр Период' is: 'Июль, Август и 1, 2 кв. 2024 года'

16-10-2024T07:54:21 - [TEST_STEP][PASSED] - println(period): null

16-10-2024T07:54:21 - [TEST_STEP][PASSED] - dashboardName = "Выручка в рублях": null

16-10-2024T07:54:21 - [TEST_STEP][PASSED] - workbook01 = getWorkbook(excelFilePath): null

16-10-2024T07:54:21 - [TEST_STEP][PASSED] - sheet01 = getExcelSheet(workbook01, sheetName): null

16-10-2024T07:54:21 - [TEST_STEP][PASSED] - setValueToCellByIndex(sheet01, n, 0, dashboardName): null

16-10-2024T07:54:21 - [TEST_STEP][PASSED] - setValueToCellByIndex(sheet01, n, 1, dZO): null

16-10-2024T07:54:21 - [TEST_STEP][PASSED] - setValueToCellByIndex(sheet01, n, 2, vidget): null

16-10-2024T07:54:21 - [TEST_STEP][PASSED] - setValueToCellByIndex(sheet01, n, 3, viruchka): null

16-10-2024T07:54:21 - [TEST_STEP][PASSED] - setValueToCellByIndex(sheet01, n, 4, typeOfData): null

16-10-2024T07:54:21 - [TEST_STEP][PASSED] - if (a == null): null

16-10-2024T07:54:21 - [TEST_STEP][PASSED] - else: null

16-10-2024T07:54:21 - [TEST_STEP][PASSED] - setValueToCellByIndex(sheet01, n, 5, a): null

16-10-2024T07:54:21 - [TEST_STEP][PASSED] - if (b == null): null

16-10-2024T07:54:21 - [TEST_STEP][PASSED] - else: null

16-10-2024T07:54:21 - [TEST_STEP][PASSED] - setValueToCellByIndex(sheet01, n, 6, b): null

16-10-2024T07:54:21 - [TEST_STEP][PASSED] - setValueToCellByIndex(sheet01, n, 7, period): null

16-10-2024T07:54:21 - [TEST_STEP][PASSED] - setValueToCellByIndex(sheet01, n, 8, todaysDate): null

16-10-2024T07:54:21 - [TEST_STEP][PASSED] - n = n + 1: null

16-10-2024T07:54:21 - [TEST_STEP][PASSED] - saveWorkbook(excelFilePath, workbook01): null

16-10-2024T07:54:21 - [TEST_STEP][PASSED] - dZO = "Россети Московский регион": null

16-10-2024T07:54:21 - [TEST_STEP][PASSED] - if (verifyEqual(a36, b36) == false): Actual object '5.03' and expected object '5.03' are equal

16-10-2024T07:54:21 - [MESSAGE][PASSED] - Actual object '5.03' and expected object '5.03' are equal

16-10-2024T07:54:21 - [TEST_STEP][PASSED] - dZO = "Россети Северный Кавказ (ГК)": null

16-10-2024T07:54:21 - [TEST_STEP][FAILED] - if (verifyEqual(a37, b37) == false): null

16-10-2024T07:54:21 - [MESSAGE][FAILED] - Unable to verify equal between actual object '-49.2' and expected object '3.36' (Root cause: com.kms.katalon.core.exception.StepFailedException: Actual object '-49.2' and expected object '3.36' are not equal
	at com.kms.katalon.core.keyword.builtin.VerifyEqualKeyword$_verifyEqual_closure1.doCall(VerifyEqualKeyword.groovy:58)
	at com.kms.katalon.core.keyword.builtin.VerifyEqualKeyword$_verifyEqual_closure1.call(VerifyEqualKeyword.groovy)
	at com.kms.katalon.core.keyword.internal.KeywordMain.runKeyword(KeywordMain.groovy:75)
	at com.kms.katalon.core.keyword.builtin.VerifyEqualKeyword.verifyEqual(VerifyEqualKeyword.groovy:63)
	at com.kms.katalon.core.keyword.builtin.VerifyEqualKeyword.execute(VerifyEqualKeyword.groovy:44)
	at com.kms.katalon.core.keyword.internal.KeywordExecutor.executeKeywordForPlatform(KeywordExecutor.groovy:74)
	at com.kms.katalon.core.keyword.BuiltinKeywords.verifyEqual(BuiltinKeywords.groovy:146)
	at jdk.internal.reflect.GeneratedMethodAccessor25.invoke(Unknown Source)
	at java.base/jdk.internal.reflect.DelegatingMethodAccessorImpl.invoke(DelegatingMethodAccessorImpl.java:43)
	at Выручка в рублях сверка дашбордов ПАО Россети.Blocks(Выручка в рублях сверка дашбордов ПАО Россети:427)
	at Выручка в рублях сверка дашбордов ПАО Россети.ViruchkaChange(Выручка в рублях сверка дашбордов ПАО Россети:60)
	at Выручка в рублях сверка дашбордов ПАО Россети.run(Выручка в рублях сверка дашбордов ПАО Россети:55)
	at com.kms.katalon.core.main.ScriptEngine.run(ScriptEngine.java:194)
	at com.kms.katalon.core.main.ScriptEngine.runScriptAsRawText(ScriptEngine.java:119)
	at com.kms.katalon.core.main.TestCaseExecutor.runScript(TestCaseExecutor.java:448)
	at com.kms.katalon.core.main.TestCaseExecutor.doExecute(TestCaseExecutor.java:439)
	at com.kms.katalon.core.main.TestCaseExecutor.processExecutionPhase(TestCaseExecutor.java:418)
	at com.kms.katalon.core.main.TestCaseExecutor.accessMainPhase(TestCaseExecutor.java:410)
	at com.kms.katalon.core.main.TestCaseExecutor.execute(TestCaseExecutor.java:285)
	at com.kms.katalon.core.common.CommonExecutor.accessTestCaseMainPhase(CommonExecutor.java:65)
	at com.kms.katalon.core.main.TestSuiteExecutor.accessTestSuiteMainPhase(TestSuiteExecutor.java:150)
	at com.kms.katalon.core.main.TestSuiteExecutor.execute(TestSuiteExecutor.java:106)
	at com.kms.katalon.core.main.TestCaseMain.startTestSuite(TestCaseMain.java:180)
	at TempTestSuite1729050801829.run(TempTestSuite1729050801829.groovy:35)
	at java.base/jdk.internal.reflect.NativeMethodAccessorImpl.invoke0(Native Method)
	at java.base/jdk.internal.reflect.NativeMethodAccessorImpl.invoke(NativeMethodAccessorImpl.java:77)
	at java.base/jdk.internal.reflect.DelegatingMethodAccessorImpl.invoke(DelegatingMethodAccessorImpl.java:43)
)

16-10-2024T07:54:21 - [TEST_STEP][PASSED] - a = a37.toDouble(): null

16-10-2024T07:54:21 - [TEST_STEP][PASSED] - b = b37.toDouble(): null

16-10-2024T07:54:21 - [TEST_STEP][PASSED] - Script1710234207206.WriteToExcel(todaysDate, run, vir, block, typeOfData, viruchka, vidget, nameOfBlock, a, b, dZO): null

16-10-2024T07:54:21 - [TEST_STEP][PASSED] - println(run): null

16-10-2024T07:54:21 - [TEST_STEP][PASSED] - if (run == 1): null

16-10-2024T07:54:21 - [TEST_STEP][PASSED] - else if (run == 2): null

16-10-2024T07:54:21 - [TEST_STEP][PASSED] - typeOfData = "Проценты": null

16-10-2024T07:54:21 - [TEST_STEP][PASSED] - println("todaysDate:" + todaysDate): null

16-10-2024T07:54:21 - [TEST_STEP][PASSED] - println("typeOfData:" + typeOfData): null

16-10-2024T07:54:21 - [TEST_STEP][PASSED] - viruchka = getText(findTestObject("Выручка в рублях/Фильтр Выручка" + nameOfBlock)): Text of object 'Object Repository/Выручка в рублях/Фильтр Выручка Выручка' is: 'Все'

16-10-2024T07:54:21 - [MESSAGE][PASSED] - Text of object 'Object Repository/Выручка в рублях/Фильтр Выручка Выручка' is: 'Все'

16-10-2024T07:54:21 - [TEST_STEP][PASSED] - println("viruchka" + viruchka): null

16-10-2024T07:54:21 - [TEST_STEP][PASSED] - println("vidget" + vidget): null

16-10-2024T07:54:21 - [TEST_STEP][PASSED] - println("a" + a): null

16-10-2024T07:54:21 - [TEST_STEP][PASSED] - println("b" + b): null

16-10-2024T07:54:21 - [TEST_STEP][PASSED] - sheetName = "Sheet1": null

16-10-2024T07:54:21 - [TEST_STEP][PASSED] - data = findTestData("PlanFact"): null

16-10-2024T07:54:21 - [TEST_STEP][PASSED] - n = data.getRowNumbers() + 1: null

16-10-2024T07:54:21 - [TEST_STEP][PASSED] - period = getText(findTestObject("Выручка в рублях/Фильтр Период")): Text of object 'Object Repository/Выручка в рублях/Фильтр Период' is: 'Июль, Август и 1, 2 кв. 2024 года'

16-10-2024T07:54:21 - [MESSAGE][PASSED] - Text of object 'Object Repository/Выручка в рублях/Фильтр Период' is: 'Июль, Август и 1, 2 кв. 2024 года'

16-10-2024T07:54:21 - [TEST_STEP][PASSED] - println(period): null

16-10-2024T07:54:21 - [TEST_STEP][PASSED] - dashboardName = "Выручка в рублях": null

16-10-2024T07:54:21 - [TEST_STEP][PASSED] - workbook01 = getWorkbook(excelFilePath): null

16-10-2024T07:54:22 - [TEST_STEP][PASSED] - sheet01 = getExcelSheet(workbook01, sheetName): null

16-10-2024T07:54:22 - [TEST_STEP][PASSED] - setValueToCellByIndex(sheet01, n, 0, dashboardName): null

16-10-2024T07:54:22 - [TEST_STEP][PASSED] - setValueToCellByIndex(sheet01, n, 1, dZO): null

16-10-2024T07:54:22 - [TEST_STEP][PASSED] - setValueToCellByIndex(sheet01, n, 2, vidget): null

16-10-2024T07:54:22 - [TEST_STEP][PASSED] - setValueToCellByIndex(sheet01, n, 3, viruchka): null

16-10-2024T07:54:22 - [TEST_STEP][PASSED] - setValueToCellByIndex(sheet01, n, 4, typeOfData): null

16-10-2024T07:54:22 - [TEST_STEP][PASSED] - if (a == null): null

16-10-2024T07:54:22 - [TEST_STEP][PASSED] - else: null

16-10-2024T07:54:22 - [TEST_STEP][PASSED] - setValueToCellByIndex(sheet01, n, 5, a): null

16-10-2024T07:54:22 - [TEST_STEP][PASSED] - if (b == null): null

16-10-2024T07:54:22 - [TEST_STEP][PASSED] - else: null

16-10-2024T07:54:22 - [TEST_STEP][PASSED] - setValueToCellByIndex(sheet01, n, 6, b): null

16-10-2024T07:54:22 - [TEST_STEP][PASSED] - setValueToCellByIndex(sheet01, n, 7, period): null

16-10-2024T07:54:22 - [TEST_STEP][PASSED] - setValueToCellByIndex(sheet01, n, 8, todaysDate): null

16-10-2024T07:54:22 - [TEST_STEP][PASSED] - n = n + 1: null

16-10-2024T07:54:22 - [TEST_STEP][PASSED] - saveWorkbook(excelFilePath, workbook01): null

16-10-2024T07:54:22 - [TEST_STEP][PASSED] - dZO = "Россети Северо-Запад": null

16-10-2024T07:54:22 - [TEST_STEP][PASSED] - if (verifyEqual(a38, b38) == false): Actual object '2.9' and expected object '2.9' are equal

16-10-2024T07:54:22 - [MESSAGE][PASSED] - Actual object '2.9' and expected object '2.9' are equal

16-10-2024T07:54:22 - [TEST_STEP][PASSED] - dZO = "Россети Сибирь (ГК)": null

16-10-2024T07:54:22 - [TEST_STEP][PASSED] - if (verifyEqual(a39, b39) == false): Actual object '4.21' and expected object '4.21' are equal

16-10-2024T07:54:22 - [MESSAGE][PASSED] - Actual object '4.21' and expected object '4.21' are equal

16-10-2024T07:54:22 - [TEST_STEP][PASSED] - dZO = "Россети Томск": null

16-10-2024T07:54:22 - [TEST_STEP][FAILED] - if (verifyEqual(a310, b310) == false): null

16-10-2024T07:54:22 - [MESSAGE][FAILED] - Unable to verify equal between actual object '-48.15' and expected object '3.71' (Root cause: com.kms.katalon.core.exception.StepFailedException: Actual object '-48.15' and expected object '3.71' are not equal
	at com.kms.katalon.core.keyword.builtin.VerifyEqualKeyword$_verifyEqual_closure1.doCall(VerifyEqualKeyword.groovy:58)
	at com.kms.katalon.core.keyword.builtin.VerifyEqualKeyword$_verifyEqual_closure1.call(VerifyEqualKeyword.groovy)
	at com.kms.katalon.core.keyword.internal.KeywordMain.runKeyword(KeywordMain.groovy:75)
	at com.kms.katalon.core.keyword.builtin.VerifyEqualKeyword.verifyEqual(VerifyEqualKeyword.groovy:63)
	at com.kms.katalon.core.keyword.builtin.VerifyEqualKeyword.execute(VerifyEqualKeyword.groovy:44)
	at com.kms.katalon.core.keyword.internal.KeywordExecutor.executeKeywordForPlatform(KeywordExecutor.groovy:74)
	at com.kms.katalon.core.keyword.BuiltinKeywords.verifyEqual(BuiltinKeywords.groovy:146)
	at jdk.internal.reflect.GeneratedMethodAccessor25.invoke(Unknown Source)
	at java.base/jdk.internal.reflect.DelegatingMethodAccessorImpl.invoke(DelegatingMethodAccessorImpl.java:43)
	at Выручка в рублях сверка дашбордов ПАО Россети.Blocks(Выручка в рублях сверка дашбордов ПАО Россети:457)
	at Выручка в рублях сверка дашбордов ПАО Россети.ViruchkaChange(Выручка в рублях сверка дашбордов ПАО Россети:60)
	at Выручка в рублях сверка дашбордов ПАО Россети.run(Выручка в рублях сверка дашбордов ПАО Россети:55)
	at com.kms.katalon.core.main.ScriptEngine.run(ScriptEngine.java:194)
	at com.kms.katalon.core.main.ScriptEngine.runScriptAsRawText(ScriptEngine.java:119)
	at com.kms.katalon.core.main.TestCaseExecutor.runScript(TestCaseExecutor.java:448)
	at com.kms.katalon.core.main.TestCaseExecutor.doExecute(TestCaseExecutor.java:439)
	at com.kms.katalon.core.main.TestCaseExecutor.processExecutionPhase(TestCaseExecutor.java:418)
	at com.kms.katalon.core.main.TestCaseExecutor.accessMainPhase(TestCaseExecutor.java:410)
	at com.kms.katalon.core.main.TestCaseExecutor.execute(TestCaseExecutor.java:285)
	at com.kms.katalon.core.common.CommonExecutor.accessTestCaseMainPhase(CommonExecutor.java:65)
	at com.kms.katalon.core.main.TestSuiteExecutor.accessTestSuiteMainPhase(TestSuiteExecutor.java:150)
	at com.kms.katalon.core.main.TestSuiteExecutor.execute(TestSuiteExecutor.java:106)
	at com.kms.katalon.core.main.TestCaseMain.startTestSuite(TestCaseMain.java:180)
	at TempTestSuite1729050801829.run(TempTestSuite1729050801829.groovy:35)
	at java.base/jdk.internal.reflect.NativeMethodAccessorImpl.invoke0(Native Method)
	at java.base/jdk.internal.reflect.NativeMethodAccessorImpl.invoke(NativeMethodAccessorImpl.java:77)
	at java.base/jdk.internal.reflect.DelegatingMethodAccessorImpl.invoke(DelegatingMethodAccessorImpl.java:43)
)

16-10-2024T07:54:22 - [TEST_STEP][PASSED] - a = a310.toDouble(): null

16-10-2024T07:54:22 - [TEST_STEP][PASSED] - b = b310.toDouble(): null

16-10-2024T07:54:22 - [TEST_STEP][PASSED] - Script1710234207206.WriteToExcel(todaysDate, run, vir, block, typeOfData, viruchka, vidget, nameOfBlock, a, b, dZO): null

16-10-2024T07:54:22 - [TEST_STEP][PASSED] - println(run): null

16-10-2024T07:54:22 - [TEST_STEP][PASSED] - if (run == 1): null

16-10-2024T07:54:22 - [TEST_STEP][PASSED] - else if (run == 2): null

16-10-2024T07:54:22 - [TEST_STEP][PASSED] - typeOfData = "Проценты": null

16-10-2024T07:54:22 - [TEST_STEP][PASSED] - println("todaysDate:" + todaysDate): null

16-10-2024T07:54:22 - [TEST_STEP][PASSED] - println("typeOfData:" + typeOfData): null

16-10-2024T07:54:22 - [TEST_STEP][PASSED] - viruchka = getText(findTestObject("Выручка в рублях/Фильтр Выручка" + nameOfBlock)): Text of object 'Object Repository/Выручка в рублях/Фильтр Выручка Выручка' is: 'Все'

16-10-2024T07:54:22 - [MESSAGE][PASSED] - Text of object 'Object Repository/Выручка в рублях/Фильтр Выручка Выручка' is: 'Все'

16-10-2024T07:54:22 - [TEST_STEP][PASSED] - println("viruchka" + viruchka): null

16-10-2024T07:54:22 - [TEST_STEP][PASSED] - println("vidget" + vidget): null

16-10-2024T07:54:22 - [TEST_STEP][PASSED] - println("a" + a): null

16-10-2024T07:54:22 - [TEST_STEP][PASSED] - println("b" + b): null

16-10-2024T07:54:22 - [TEST_STEP][PASSED] - sheetName = "Sheet1": null

16-10-2024T07:54:22 - [TEST_STEP][PASSED] - data = findTestData("PlanFact"): null

16-10-2024T07:54:22 - [TEST_STEP][PASSED] - n = data.getRowNumbers() + 1: null

16-10-2024T07:54:22 - [TEST_STEP][PASSED] - period = getText(findTestObject("Выручка в рублях/Фильтр Период")): Text of object 'Object Repository/Выручка в рублях/Фильтр Период' is: 'Июль, Август и 1, 2 кв. 2024 года'

16-10-2024T07:54:22 - [MESSAGE][PASSED] - Text of object 'Object Repository/Выручка в рублях/Фильтр Период' is: 'Июль, Август и 1, 2 кв. 2024 года'

16-10-2024T07:54:22 - [TEST_STEP][PASSED] - println(period): null

16-10-2024T07:54:22 - [TEST_STEP][PASSED] - dashboardName = "Выручка в рублях": null

16-10-2024T07:54:22 - [TEST_STEP][PASSED] - workbook01 = getWorkbook(excelFilePath): null

16-10-2024T07:54:23 - [TEST_STEP][PASSED] - sheet01 = getExcelSheet(workbook01, sheetName): null

16-10-2024T07:54:23 - [TEST_STEP][PASSED] - setValueToCellByIndex(sheet01, n, 0, dashboardName): null

16-10-2024T07:54:23 - [TEST_STEP][PASSED] - setValueToCellByIndex(sheet01, n, 1, dZO): null

16-10-2024T07:54:23 - [TEST_STEP][PASSED] - setValueToCellByIndex(sheet01, n, 2, vidget): null

16-10-2024T07:54:23 - [TEST_STEP][PASSED] - setValueToCellByIndex(sheet01, n, 3, viruchka): null

16-10-2024T07:54:23 - [TEST_STEP][PASSED] - setValueToCellByIndex(sheet01, n, 4, typeOfData): null

16-10-2024T07:54:23 - [TEST_STEP][PASSED] - if (a == null): null

16-10-2024T07:54:23 - [TEST_STEP][PASSED] - else: null

16-10-2024T07:54:23 - [TEST_STEP][PASSED] - setValueToCellByIndex(sheet01, n, 5, a): null

16-10-2024T07:54:23 - [TEST_STEP][PASSED] - if (b == null): null

16-10-2024T07:54:23 - [TEST_STEP][PASSED] - else: null

16-10-2024T07:54:23 - [TEST_STEP][PASSED] - setValueToCellByIndex(sheet01, n, 6, b): null

16-10-2024T07:54:23 - [TEST_STEP][PASSED] - setValueToCellByIndex(sheet01, n, 7, period): null

16-10-2024T07:54:23 - [TEST_STEP][PASSED] - setValueToCellByIndex(sheet01, n, 8, todaysDate): null

16-10-2024T07:54:23 - [TEST_STEP][PASSED] - n = n + 1: null

16-10-2024T07:54:23 - [TEST_STEP][PASSED] - saveWorkbook(excelFilePath, workbook01): null

16-10-2024T07:54:23 - [TEST_STEP][PASSED] - dZO = "Россети Тюмень": null

16-10-2024T07:54:23 - [TEST_STEP][FAILED] - if (verifyEqual(a311, b311) == false): null

16-10-2024T07:54:23 - [MESSAGE][FAILED] - Unable to verify equal between actual object '-53.15' and expected object '-6.3' (Root cause: com.kms.katalon.core.exception.StepFailedException: Actual object '-53.15' and expected object '-6.3' are not equal
	at com.kms.katalon.core.keyword.builtin.VerifyEqualKeyword$_verifyEqual_closure1.doCall(VerifyEqualKeyword.groovy:58)
	at com.kms.katalon.core.keyword.builtin.VerifyEqualKeyword$_verifyEqual_closure1.call(VerifyEqualKeyword.groovy)
	at com.kms.katalon.core.keyword.internal.KeywordMain.runKeyword(KeywordMain.groovy:75)
	at com.kms.katalon.core.keyword.builtin.VerifyEqualKeyword.verifyEqual(VerifyEqualKeyword.groovy:63)
	at com.kms.katalon.core.keyword.builtin.VerifyEqualKeyword.execute(VerifyEqualKeyword.groovy:44)
	at com.kms.katalon.core.keyword.internal.KeywordExecutor.executeKeywordForPlatform(KeywordExecutor.groovy:74)
	at com.kms.katalon.core.keyword.BuiltinKeywords.verifyEqual(BuiltinKeywords.groovy:146)
	at jdk.internal.reflect.GeneratedMethodAccessor25.invoke(Unknown Source)
	at java.base/jdk.internal.reflect.DelegatingMethodAccessorImpl.invoke(DelegatingMethodAccessorImpl.java:43)
	at Выручка в рублях сверка дашбордов ПАО Россети.Blocks(Выручка в рублях сверка дашбордов ПАО Россети:467)
	at Выручка в рублях сверка дашбордов ПАО Россети.ViruchkaChange(Выручка в рублях сверка дашбордов ПАО Россети:60)
	at Выручка в рублях сверка дашбордов ПАО Россети.run(Выручка в рублях сверка дашбордов ПАО Россети:55)
	at com.kms.katalon.core.main.ScriptEngine.run(ScriptEngine.java:194)
	at com.kms.katalon.core.main.ScriptEngine.runScriptAsRawText(ScriptEngine.java:119)
	at com.kms.katalon.core.main.TestCaseExecutor.runScript(TestCaseExecutor.java:448)
	at com.kms.katalon.core.main.TestCaseExecutor.doExecute(TestCaseExecutor.java:439)
	at com.kms.katalon.core.main.TestCaseExecutor.processExecutionPhase(TestCaseExecutor.java:418)
	at com.kms.katalon.core.main.TestCaseExecutor.accessMainPhase(TestCaseExecutor.java:410)
	at com.kms.katalon.core.main.TestCaseExecutor.execute(TestCaseExecutor.java:285)
	at com.kms.katalon.core.common.CommonExecutor.accessTestCaseMainPhase(CommonExecutor.java:65)
	at com.kms.katalon.core.main.TestSuiteExecutor.accessTestSuiteMainPhase(TestSuiteExecutor.java:150)
	at com.kms.katalon.core.main.TestSuiteExecutor.execute(TestSuiteExecutor.java:106)
	at com.kms.katalon.core.main.TestCaseMain.startTestSuite(TestCaseMain.java:180)
	at TempTestSuite1729050801829.run(TempTestSuite1729050801829.groovy:35)
	at java.base/jdk.internal.reflect.NativeMethodAccessorImpl.invoke0(Native Method)
	at java.base/jdk.internal.reflect.NativeMethodAccessorImpl.invoke(NativeMethodAccessorImpl.java:77)
	at java.base/jdk.internal.reflect.DelegatingMethodAccessorImpl.invoke(DelegatingMethodAccessorImpl.java:43)
)

16-10-2024T07:54:23 - [TEST_STEP][PASSED] - a = a311.toDouble(): null

16-10-2024T07:54:23 - [TEST_STEP][PASSED] - b = b311.toDouble(): null

16-10-2024T07:54:23 - [TEST_STEP][PASSED] - Script1710234207206.WriteToExcel(todaysDate, run, vir, block, typeOfData, viruchka, vidget, nameOfBlock, a, b, dZO): null

16-10-2024T07:54:23 - [TEST_STEP][PASSED] - println(run): null

16-10-2024T07:54:23 - [TEST_STEP][PASSED] - if (run == 1): null

16-10-2024T07:54:23 - [TEST_STEP][PASSED] - else if (run == 2): null

16-10-2024T07:54:23 - [TEST_STEP][PASSED] - typeOfData = "Проценты": null

16-10-2024T07:54:23 - [TEST_STEP][PASSED] - println("todaysDate:" + todaysDate): null

16-10-2024T07:54:23 - [TEST_STEP][PASSED] - println("typeOfData:" + typeOfData): null

16-10-2024T07:54:23 - [TEST_STEP][PASSED] - viruchka = getText(findTestObject("Выручка в рублях/Фильтр Выручка" + nameOfBlock)): Text of object 'Object Repository/Выручка в рублях/Фильтр Выручка Выручка' is: 'Все'

16-10-2024T07:54:23 - [MESSAGE][PASSED] - Text of object 'Object Repository/Выручка в рублях/Фильтр Выручка Выручка' is: 'Все'

16-10-2024T07:54:23 - [TEST_STEP][PASSED] - println("viruchka" + viruchka): null

16-10-2024T07:54:23 - [TEST_STEP][PASSED] - println("vidget" + vidget): null

16-10-2024T07:54:23 - [TEST_STEP][PASSED] - println("a" + a): null

16-10-2024T07:54:23 - [TEST_STEP][PASSED] - println("b" + b): null

16-10-2024T07:54:23 - [TEST_STEP][PASSED] - sheetName = "Sheet1": null

16-10-2024T07:54:23 - [TEST_STEP][PASSED] - data = findTestData("PlanFact"): null

16-10-2024T07:54:23 - [TEST_STEP][PASSED] - n = data.getRowNumbers() + 1: null

16-10-2024T07:54:23 - [TEST_STEP][PASSED] - period = getText(findTestObject("Выручка в рублях/Фильтр Период")): Text of object 'Object Repository/Выручка в рублях/Фильтр Период' is: 'Июль, Август и 1, 2 кв. 2024 года'

16-10-2024T07:54:23 - [MESSAGE][PASSED] - Text of object 'Object Repository/Выручка в рублях/Фильтр Период' is: 'Июль, Август и 1, 2 кв. 2024 года'

16-10-2024T07:54:23 - [TEST_STEP][PASSED] - println(period): null

16-10-2024T07:54:23 - [TEST_STEP][PASSED] - dashboardName = "Выручка в рублях": null

16-10-2024T07:54:23 - [TEST_STEP][PASSED] - workbook01 = getWorkbook(excelFilePath): null

16-10-2024T07:54:23 - [TEST_STEP][PASSED] - sheet01 = getExcelSheet(workbook01, sheetName): null

16-10-2024T07:54:23 - [TEST_STEP][PASSED] - setValueToCellByIndex(sheet01, n, 0, dashboardName): null

16-10-2024T07:54:23 - [TEST_STEP][PASSED] - setValueToCellByIndex(sheet01, n, 1, dZO): null

16-10-2024T07:54:23 - [TEST_STEP][PASSED] - setValueToCellByIndex(sheet01, n, 2, vidget): null

16-10-2024T07:54:23 - [TEST_STEP][PASSED] - setValueToCellByIndex(sheet01, n, 3, viruchka): null

16-10-2024T07:54:23 - [TEST_STEP][PASSED] - setValueToCellByIndex(sheet01, n, 4, typeOfData): null

16-10-2024T07:54:23 - [TEST_STEP][PASSED] - if (a == null): null

16-10-2024T07:54:23 - [TEST_STEP][PASSED] - else: null

16-10-2024T07:54:23 - [TEST_STEP][PASSED] - setValueToCellByIndex(sheet01, n, 5, a): null

16-10-2024T07:54:23 - [TEST_STEP][PASSED] - if (b == null): null

16-10-2024T07:54:23 - [TEST_STEP][PASSED] - else: null

16-10-2024T07:54:23 - [TEST_STEP][PASSED] - setValueToCellByIndex(sheet01, n, 6, b): null

16-10-2024T07:54:23 - [TEST_STEP][PASSED] - setValueToCellByIndex(sheet01, n, 7, period): null

16-10-2024T07:54:23 - [TEST_STEP][PASSED] - setValueToCellByIndex(sheet01, n, 8, todaysDate): null

16-10-2024T07:54:23 - [TEST_STEP][PASSED] - n = n + 1: null

16-10-2024T07:54:23 - [TEST_STEP][PASSED] - saveWorkbook(excelFilePath, workbook01): null

16-10-2024T07:54:24 - [TEST_STEP][PASSED] - dZO = "Россети Урал (ГК)": null

16-10-2024T07:54:24 - [TEST_STEP][PASSED] - if (verifyEqual(a312, b312) == false): Actual object '2.61' and expected object '2.61' are equal

16-10-2024T07:54:24 - [MESSAGE][PASSED] - Actual object '2.61' and expected object '2.61' are equal

16-10-2024T07:54:24 - [TEST_STEP][PASSED] - dZO = "Россети ФСК ЕЭС": null

16-10-2024T07:54:24 - [TEST_STEP][PASSED] - if (verifyEqual(a313, b313) == false): Actual object '0.66' and expected object '0.66' are equal

16-10-2024T07:54:24 - [MESSAGE][PASSED] - Actual object '0.66' and expected object '0.66' are equal

16-10-2024T07:54:24 - [TEST_STEP][PASSED] - dZO = "Россети Центр": null

16-10-2024T07:54:24 - [TEST_STEP][FAILED] - if (verifyEqual(a314, b314) == false): null

16-10-2024T07:54:24 - [MESSAGE][FAILED] - Unable to verify equal between actual object '-32.03' and expected object '4.55' (Root cause: com.kms.katalon.core.exception.StepFailedException: Actual object '-32.03' and expected object '4.55' are not equal
	at com.kms.katalon.core.keyword.builtin.VerifyEqualKeyword$_verifyEqual_closure1.doCall(VerifyEqualKeyword.groovy:58)
	at com.kms.katalon.core.keyword.builtin.VerifyEqualKeyword$_verifyEqual_closure1.call(VerifyEqualKeyword.groovy)
	at com.kms.katalon.core.keyword.internal.KeywordMain.runKeyword(KeywordMain.groovy:75)
	at com.kms.katalon.core.keyword.builtin.VerifyEqualKeyword.verifyEqual(VerifyEqualKeyword.groovy:63)
	at com.kms.katalon.core.keyword.builtin.VerifyEqualKeyword.execute(VerifyEqualKeyword.groovy:44)
	at com.kms.katalon.core.keyword.internal.KeywordExecutor.executeKeywordForPlatform(KeywordExecutor.groovy:74)
	at com.kms.katalon.core.keyword.BuiltinKeywords.verifyEqual(BuiltinKeywords.groovy:146)
	at jdk.internal.reflect.GeneratedMethodAccessor25.invoke(Unknown Source)
	at java.base/jdk.internal.reflect.DelegatingMethodAccessorImpl.invoke(DelegatingMethodAccessorImpl.java:43)
	at Выручка в рублях сверка дашбордов ПАО Россети.Blocks(Выручка в рублях сверка дашбордов ПАО Россети:497)
	at Выручка в рублях сверка дашбордов ПАО Россети.ViruchkaChange(Выручка в рублях сверка дашбордов ПАО Россети:60)
	at Выручка в рублях сверка дашбордов ПАО Россети.run(Выручка в рублях сверка дашбордов ПАО Россети:55)
	at com.kms.katalon.core.main.ScriptEngine.run(ScriptEngine.java:194)
	at com.kms.katalon.core.main.ScriptEngine.runScriptAsRawText(ScriptEngine.java:119)
	at com.kms.katalon.core.main.TestCaseExecutor.runScript(TestCaseExecutor.java:448)
	at com.kms.katalon.core.main.TestCaseExecutor.doExecute(TestCaseExecutor.java:439)
	at com.kms.katalon.core.main.TestCaseExecutor.processExecutionPhase(TestCaseExecutor.java:418)
	at com.kms.katalon.core.main.TestCaseExecutor.accessMainPhase(TestCaseExecutor.java:410)
	at com.kms.katalon.core.main.TestCaseExecutor.execute(TestCaseExecutor.java:285)
	at com.kms.katalon.core.common.CommonExecutor.accessTestCaseMainPhase(CommonExecutor.java:65)
	at com.kms.katalon.core.main.TestSuiteExecutor.accessTestSuiteMainPhase(TestSuiteExecutor.java:150)
	at com.kms.katalon.core.main.TestSuiteExecutor.execute(TestSuiteExecutor.java:106)
	at com.kms.katalon.core.main.TestCaseMain.startTestSuite(TestCaseMain.java:180)
	at TempTestSuite1729050801829.run(TempTestSuite1729050801829.groovy:35)
	at java.base/jdk.internal.reflect.NativeMethodAccessorImpl.invoke0(Native Method)
	at java.base/jdk.internal.reflect.NativeMethodAccessorImpl.invoke(NativeMethodAccessorImpl.java:77)
	at java.base/jdk.internal.reflect.DelegatingMethodAccessorImpl.invoke(DelegatingMethodAccessorImpl.java:43)
)

16-10-2024T07:54:24 - [TEST_STEP][PASSED] - a = a314.toDouble(): null

16-10-2024T07:54:24 - [TEST_STEP][PASSED] - b = b314.toDouble(): null

16-10-2024T07:54:24 - [TEST_STEP][PASSED] - Script1710234207206.WriteToExcel(todaysDate, run, vir, block, typeOfData, viruchka, vidget, nameOfBlock, a, b, dZO): null

16-10-2024T07:54:24 - [TEST_STEP][PASSED] - println(run): null

16-10-2024T07:54:24 - [TEST_STEP][PASSED] - if (run == 1): null

16-10-2024T07:54:24 - [TEST_STEP][PASSED] - else if (run == 2): null

16-10-2024T07:54:24 - [TEST_STEP][PASSED] - typeOfData = "Проценты": null

16-10-2024T07:54:24 - [TEST_STEP][PASSED] - println("todaysDate:" + todaysDate): null

16-10-2024T07:54:24 - [TEST_STEP][PASSED] - println("typeOfData:" + typeOfData): null

16-10-2024T07:54:24 - [TEST_STEP][PASSED] - viruchka = getText(findTestObject("Выручка в рублях/Фильтр Выручка" + nameOfBlock)): Text of object 'Object Repository/Выручка в рублях/Фильтр Выручка Выручка' is: 'Все'

16-10-2024T07:54:24 - [MESSAGE][PASSED] - Text of object 'Object Repository/Выручка в рублях/Фильтр Выручка Выручка' is: 'Все'

16-10-2024T07:54:24 - [TEST_STEP][PASSED] - println("viruchka" + viruchka): null

16-10-2024T07:54:24 - [TEST_STEP][PASSED] - println("vidget" + vidget): null

16-10-2024T07:54:24 - [TEST_STEP][PASSED] - println("a" + a): null

16-10-2024T07:54:24 - [TEST_STEP][PASSED] - println("b" + b): null

16-10-2024T07:54:24 - [TEST_STEP][PASSED] - sheetName = "Sheet1": null

16-10-2024T07:54:24 - [TEST_STEP][PASSED] - data = findTestData("PlanFact"): null

16-10-2024T07:54:24 - [TEST_STEP][PASSED] - n = data.getRowNumbers() + 1: null

16-10-2024T07:54:24 - [TEST_STEP][PASSED] - period = getText(findTestObject("Выручка в рублях/Фильтр Период")): Text of object 'Object Repository/Выручка в рублях/Фильтр Период' is: 'Июль, Август и 1, 2 кв. 2024 года'

16-10-2024T07:54:24 - [MESSAGE][PASSED] - Text of object 'Object Repository/Выручка в рублях/Фильтр Период' is: 'Июль, Август и 1, 2 кв. 2024 года'

16-10-2024T07:54:24 - [TEST_STEP][PASSED] - println(period): null

16-10-2024T07:54:24 - [TEST_STEP][PASSED] - dashboardName = "Выручка в рублях": null

16-10-2024T07:54:24 - [TEST_STEP][PASSED] - workbook01 = getWorkbook(excelFilePath): null

16-10-2024T07:54:24 - [TEST_STEP][PASSED] - sheet01 = getExcelSheet(workbook01, sheetName): null

16-10-2024T07:54:24 - [TEST_STEP][PASSED] - setValueToCellByIndex(sheet01, n, 0, dashboardName): null

16-10-2024T07:54:24 - [TEST_STEP][PASSED] - setValueToCellByIndex(sheet01, n, 1, dZO): null

16-10-2024T07:54:24 - [TEST_STEP][PASSED] - setValueToCellByIndex(sheet01, n, 2, vidget): null

16-10-2024T07:54:24 - [TEST_STEP][PASSED] - setValueToCellByIndex(sheet01, n, 3, viruchka): null

16-10-2024T07:54:24 - [TEST_STEP][PASSED] - setValueToCellByIndex(sheet01, n, 4, typeOfData): null

16-10-2024T07:54:24 - [TEST_STEP][PASSED] - if (a == null): null

16-10-2024T07:54:24 - [TEST_STEP][PASSED] - else: null

16-10-2024T07:54:24 - [TEST_STEP][PASSED] - setValueToCellByIndex(sheet01, n, 5, a): null

16-10-2024T07:54:24 - [TEST_STEP][PASSED] - if (b == null): null

16-10-2024T07:54:24 - [TEST_STEP][PASSED] - else: null

16-10-2024T07:54:24 - [TEST_STEP][PASSED] - setValueToCellByIndex(sheet01, n, 6, b): null

16-10-2024T07:54:24 - [TEST_STEP][PASSED] - setValueToCellByIndex(sheet01, n, 7, period): null

16-10-2024T07:54:24 - [TEST_STEP][PASSED] - setValueToCellByIndex(sheet01, n, 8, todaysDate): null

16-10-2024T07:54:24 - [TEST_STEP][PASSED] - n = n + 1: null

16-10-2024T07:54:24 - [TEST_STEP][PASSED] - saveWorkbook(excelFilePath, workbook01): null

16-10-2024T07:54:25 - [TEST_STEP][PASSED] - dZO = "Россети Центр и Приволжье (ГК)": null

16-10-2024T07:54:25 - [TEST_STEP][PASSED] - if (verifyEqual(a315, b315) == false): Actual object '4.79' and expected object '4.79' are equal

16-10-2024T07:54:25 - [MESSAGE][PASSED] - Actual object '4.79' and expected object '4.79' are equal

16-10-2024T07:54:25 - [TEST_STEP][PASSED] - dZO = "Россети Юг (ГК)": null

16-10-2024T07:54:25 - [TEST_STEP][FAILED] - if (verifyEqual(a316, b316) == false): null

16-10-2024T07:54:25 - [MESSAGE][FAILED] - Unable to verify equal between actual object '-48.36' and expected object '3.28' (Root cause: com.kms.katalon.core.exception.StepFailedException: Actual object '-48.36' and expected object '3.28' are not equal
	at com.kms.katalon.core.keyword.builtin.VerifyEqualKeyword$_verifyEqual_closure1.doCall(VerifyEqualKeyword.groovy:58)
	at com.kms.katalon.core.keyword.builtin.VerifyEqualKeyword$_verifyEqual_closure1.call(VerifyEqualKeyword.groovy)
	at com.kms.katalon.core.keyword.internal.KeywordMain.runKeyword(KeywordMain.groovy:75)
	at com.kms.katalon.core.keyword.builtin.VerifyEqualKeyword.verifyEqual(VerifyEqualKeyword.groovy:63)
	at com.kms.katalon.core.keyword.builtin.VerifyEqualKeyword.execute(VerifyEqualKeyword.groovy:44)
	at com.kms.katalon.core.keyword.internal.KeywordExecutor.executeKeywordForPlatform(KeywordExecutor.groovy:74)
	at com.kms.katalon.core.keyword.BuiltinKeywords.verifyEqual(BuiltinKeywords.groovy:146)
	at jdk.internal.reflect.GeneratedMethodAccessor25.invoke(Unknown Source)
	at java.base/jdk.internal.reflect.DelegatingMethodAccessorImpl.invoke(DelegatingMethodAccessorImpl.java:43)
	at Выручка в рублях сверка дашбордов ПАО Россети.Blocks(Выручка в рублях сверка дашбордов ПАО Россети:517)
	at Выручка в рублях сверка дашбордов ПАО Россети.ViruchkaChange(Выручка в рублях сверка дашбордов ПАО Россети:60)
	at Выручка в рублях сверка дашбордов ПАО Россети.run(Выручка в рублях сверка дашбордов ПАО Россети:55)
	at com.kms.katalon.core.main.ScriptEngine.run(ScriptEngine.java:194)
	at com.kms.katalon.core.main.ScriptEngine.runScriptAsRawText(ScriptEngine.java:119)
	at com.kms.katalon.core.main.TestCaseExecutor.runScript(TestCaseExecutor.java:448)
	at com.kms.katalon.core.main.TestCaseExecutor.doExecute(TestCaseExecutor.java:439)
	at com.kms.katalon.core.main.TestCaseExecutor.processExecutionPhase(TestCaseExecutor.java:418)
	at com.kms.katalon.core.main.TestCaseExecutor.accessMainPhase(TestCaseExecutor.java:410)
	at com.kms.katalon.core.main.TestCaseExecutor.execute(TestCaseExecutor.java:285)
	at com.kms.katalon.core.common.CommonExecutor.accessTestCaseMainPhase(CommonExecutor.java:65)
	at com.kms.katalon.core.main.TestSuiteExecutor.accessTestSuiteMainPhase(TestSuiteExecutor.java:150)
	at com.kms.katalon.core.main.TestSuiteExecutor.execute(TestSuiteExecutor.java:106)
	at com.kms.katalon.core.main.TestCaseMain.startTestSuite(TestCaseMain.java:180)
	at TempTestSuite1729050801829.run(TempTestSuite1729050801829.groovy:35)
	at java.base/jdk.internal.reflect.NativeMethodAccessorImpl.invoke0(Native Method)
	at java.base/jdk.internal.reflect.NativeMethodAccessorImpl.invoke(NativeMethodAccessorImpl.java:77)
	at java.base/jdk.internal.reflect.DelegatingMethodAccessorImpl.invoke(DelegatingMethodAccessorImpl.java:43)
)

16-10-2024T07:54:25 - [TEST_STEP][PASSED] - a = a316.toDouble(): null

16-10-2024T07:54:25 - [TEST_STEP][PASSED] - b = b316.toDouble(): null

16-10-2024T07:54:25 - [TEST_STEP][PASSED] - Script1710234207206.WriteToExcel(todaysDate, run, vir, block, typeOfData, viruchka, vidget, nameOfBlock, a, b, dZO): null

16-10-2024T07:54:25 - [TEST_STEP][PASSED] - println(run): null

16-10-2024T07:54:25 - [TEST_STEP][PASSED] - if (run == 1): null

16-10-2024T07:54:25 - [TEST_STEP][PASSED] - else if (run == 2): null

16-10-2024T07:54:25 - [TEST_STEP][PASSED] - typeOfData = "Проценты": null

16-10-2024T07:54:25 - [TEST_STEP][PASSED] - println("todaysDate:" + todaysDate): null

16-10-2024T07:54:25 - [TEST_STEP][PASSED] - println("typeOfData:" + typeOfData): null

16-10-2024T07:54:25 - [TEST_STEP][PASSED] - viruchka = getText(findTestObject("Выручка в рублях/Фильтр Выручка" + nameOfBlock)): Text of object 'Object Repository/Выручка в рублях/Фильтр Выручка Выручка' is: 'Все'

16-10-2024T07:54:25 - [MESSAGE][PASSED] - Text of object 'Object Repository/Выручка в рублях/Фильтр Выручка Выручка' is: 'Все'

16-10-2024T07:54:25 - [TEST_STEP][PASSED] - println("viruchka" + viruchka): null

16-10-2024T07:54:25 - [TEST_STEP][PASSED] - println("vidget" + vidget): null

16-10-2024T07:54:25 - [TEST_STEP][PASSED] - println("a" + a): null

16-10-2024T07:54:25 - [TEST_STEP][PASSED] - println("b" + b): null

16-10-2024T07:54:25 - [TEST_STEP][PASSED] - sheetName = "Sheet1": null

16-10-2024T07:54:25 - [TEST_STEP][PASSED] - data = findTestData("PlanFact"): null

16-10-2024T07:54:25 - [TEST_STEP][PASSED] - n = data.getRowNumbers() + 1: null

16-10-2024T07:54:25 - [TEST_STEP][PASSED] - period = getText(findTestObject("Выручка в рублях/Фильтр Период")): Text of object 'Object Repository/Выручка в рублях/Фильтр Период' is: 'Июль, Август и 1, 2 кв. 2024 года'

16-10-2024T07:54:25 - [MESSAGE][PASSED] - Text of object 'Object Repository/Выручка в рублях/Фильтр Период' is: 'Июль, Август и 1, 2 кв. 2024 года'

16-10-2024T07:54:25 - [TEST_STEP][PASSED] - println(period): null

16-10-2024T07:54:25 - [TEST_STEP][PASSED] - dashboardName = "Выручка в рублях": null

16-10-2024T07:54:25 - [TEST_STEP][PASSED] - workbook01 = getWorkbook(excelFilePath): null

16-10-2024T07:54:25 - [TEST_STEP][PASSED] - sheet01 = getExcelSheet(workbook01, sheetName): null

16-10-2024T07:54:25 - [TEST_STEP][PASSED] - setValueToCellByIndex(sheet01, n, 0, dashboardName): null

16-10-2024T07:54:25 - [TEST_STEP][PASSED] - setValueToCellByIndex(sheet01, n, 1, dZO): null

16-10-2024T07:54:25 - [TEST_STEP][PASSED] - setValueToCellByIndex(sheet01, n, 2, vidget): null

16-10-2024T07:54:25 - [TEST_STEP][PASSED] - setValueToCellByIndex(sheet01, n, 3, viruchka): null

16-10-2024T07:54:25 - [TEST_STEP][PASSED] - setValueToCellByIndex(sheet01, n, 4, typeOfData): null

16-10-2024T07:54:25 - [TEST_STEP][PASSED] - if (a == null): null

16-10-2024T07:54:25 - [TEST_STEP][PASSED] - else: null

16-10-2024T07:54:25 - [TEST_STEP][PASSED] - setValueToCellByIndex(sheet01, n, 5, a): null

16-10-2024T07:54:25 - [TEST_STEP][PASSED] - if (b == null): null

16-10-2024T07:54:25 - [TEST_STEP][PASSED] - else: null

16-10-2024T07:54:25 - [TEST_STEP][PASSED] - setValueToCellByIndex(sheet01, n, 6, b): null

16-10-2024T07:54:25 - [TEST_STEP][PASSED] - setValueToCellByIndex(sheet01, n, 7, period): null

16-10-2024T07:54:25 - [TEST_STEP][PASSED] - setValueToCellByIndex(sheet01, n, 8, todaysDate): null

16-10-2024T07:54:25 - [TEST_STEP][PASSED] - n = n + 1: null

16-10-2024T07:54:25 - [TEST_STEP][PASSED] - saveWorkbook(excelFilePath, workbook01): null

16-10-2024T07:54:26 - [TEST_STEP][PASSED] - dZO = "Россети Янтарь": null

16-10-2024T07:54:26 - [TEST_STEP][PASSED] - if (verifyEqual(a317, b317) == false): Actual object '3.76' and expected object '3.76' are equal

16-10-2024T07:54:26 - [MESSAGE][PASSED] - Actual object '3.76' and expected object '3.76' are equal

16-10-2024T07:54:26 - [TEST_STEP][PASSED] - closeBrowser(): null

16-10-2024T07:54:26 - [MESSAGE][PASSED] - Browser is closed

16-10-2024T07:54:26 - [TEST_STEP][PASSED] - Script1710234207206.Blocks(run, vir, block, nameOfBlock, typeOfData, viruchka, vidget, todaysDate, a, b, dZO, x, y): null

16-10-2024T07:54:26 - [TEST_STEP][PASSED] - i = <not implemented yet for class: org.codehaus.groovy.ast.expr.EmptyExpression>: null

16-10-2024T07:54:26 - [TEST_STEP][PASSED] - perc = "": null

16-10-2024T07:54:26 - [TEST_STEP][PASSED] - a1 = <not implemented yet for class: org.codehaus.groovy.ast.expr.EmptyExpression>: null

16-10-2024T07:54:26 - [TEST_STEP][PASSED] - a2 = <not implemented yet for class: org.codehaus.groovy.ast.expr.EmptyExpression>: null

16-10-2024T07:54:26 - [TEST_STEP][PASSED] - a30 = <not implemented yet for class: org.codehaus.groovy.ast.expr.EmptyExpression>: null

16-10-2024T07:54:26 - [TEST_STEP][PASSED] - a31 = <not implemented yet for class: org.codehaus.groovy.ast.expr.EmptyExpression>: null

16-10-2024T07:54:26 - [TEST_STEP][PASSED] - a32 = <not implemented yet for class: org.codehaus.groovy.ast.expr.EmptyExpression>: null

16-10-2024T07:54:26 - [TEST_STEP][PASSED] - a33 = <not implemented yet for class: org.codehaus.groovy.ast.expr.EmptyExpression>: null

16-10-2024T07:54:26 - [TEST_STEP][PASSED] - a34 = <not implemented yet for class: org.codehaus.groovy.ast.expr.EmptyExpression>: null

16-10-2024T07:54:26 - [TEST_STEP][PASSED] - a35 = <not implemented yet for class: org.codehaus.groovy.ast.expr.EmptyExpression>: null

16-10-2024T07:54:26 - [TEST_STEP][PASSED] - a36 = <not implemented yet for class: org.codehaus.groovy.ast.expr.EmptyExpression>: null

16-10-2024T07:54:26 - [TEST_STEP][PASSED] - a37 = <not implemented yet for class: org.codehaus.groovy.ast.expr.EmptyExpression>: null

16-10-2024T07:54:26 - [TEST_STEP][PASSED] - a38 = <not implemented yet for class: org.codehaus.groovy.ast.expr.EmptyExpression>: null

16-10-2024T07:54:26 - [TEST_STEP][PASSED] - a39 = <not implemented yet for class: org.codehaus.groovy.ast.expr.EmptyExpression>: null

16-10-2024T07:54:26 - [TEST_STEP][PASSED] - a310 = <not implemented yet for class: org.codehaus.groovy.ast.expr.EmptyExpression>: null

16-10-2024T07:54:26 - [TEST_STEP][PASSED] - a311 = <not implemented yet for class: org.codehaus.groovy.ast.expr.EmptyExpression>: null

16-10-2024T07:54:26 - [TEST_STEP][PASSED] - a312 = <not implemented yet for class: org.codehaus.groovy.ast.expr.EmptyExpression>: null

16-10-2024T07:54:26 - [TEST_STEP][PASSED] - a313 = <not implemented yet for class: org.codehaus.groovy.ast.expr.EmptyExpression>: null

16-10-2024T07:54:26 - [TEST_STEP][PASSED] - a314 = <not implemented yet for class: org.codehaus.groovy.ast.expr.EmptyExpression>: null

16-10-2024T07:54:26 - [TEST_STEP][PASSED] - a315 = <not implemented yet for class: org.codehaus.groovy.ast.expr.EmptyExpression>: null

16-10-2024T07:54:26 - [TEST_STEP][PASSED] - a316 = <not implemented yet for class: org.codehaus.groovy.ast.expr.EmptyExpression>: null

16-10-2024T07:54:26 - [TEST_STEP][PASSED] - a317 = <not implemented yet for class: org.codehaus.groovy.ast.expr.EmptyExpression>: null

16-10-2024T07:54:26 - [TEST_STEP][PASSED] - b1 = <not implemented yet for class: org.codehaus.groovy.ast.expr.EmptyExpression>: null

16-10-2024T07:54:26 - [TEST_STEP][PASSED] - b2 = <not implemented yet for class: org.codehaus.groovy.ast.expr.EmptyExpression>: null

16-10-2024T07:54:26 - [TEST_STEP][PASSED] - b30 = <not implemented yet for class: org.codehaus.groovy.ast.expr.EmptyExpression>: null

16-10-2024T07:54:26 - [TEST_STEP][PASSED] - b31 = <not implemented yet for class: org.codehaus.groovy.ast.expr.EmptyExpression>: null

16-10-2024T07:54:26 - [TEST_STEP][PASSED] - b32 = <not implemented yet for class: org.codehaus.groovy.ast.expr.EmptyExpression>: null

16-10-2024T07:54:26 - [TEST_STEP][PASSED] - b33 = <not implemented yet for class: org.codehaus.groovy.ast.expr.EmptyExpression>: null

16-10-2024T07:54:26 - [TEST_STEP][PASSED] - b34 = <not implemented yet for class: org.codehaus.groovy.ast.expr.EmptyExpression>: null

16-10-2024T07:54:26 - [TEST_STEP][PASSED] - b35 = <not implemented yet for class: org.codehaus.groovy.ast.expr.EmptyExpression>: null

16-10-2024T07:54:26 - [TEST_STEP][PASSED] - b36 = <not implemented yet for class: org.codehaus.groovy.ast.expr.EmptyExpression>: null

16-10-2024T07:54:26 - [TEST_STEP][PASSED] - b37 = <not implemented yet for class: org.codehaus.groovy.ast.expr.EmptyExpression>: null

16-10-2024T07:54:26 - [TEST_STEP][PASSED] - b38 = <not implemented yet for class: org.codehaus.groovy.ast.expr.EmptyExpression>: null

16-10-2024T07:54:26 - [TEST_STEP][PASSED] - b39 = <not implemented yet for class: org.codehaus.groovy.ast.expr.EmptyExpression>: null

16-10-2024T07:54:26 - [TEST_STEP][PASSED] - b310 = <not implemented yet for class: org.codehaus.groovy.ast.expr.EmptyExpression>: null

16-10-2024T07:54:26 - [TEST_STEP][PASSED] - b311 = <not implemented yet for class: org.codehaus.groovy.ast.expr.EmptyExpression>: null

16-10-2024T07:54:26 - [TEST_STEP][PASSED] - b312 = <not implemented yet for class: org.codehaus.groovy.ast.expr.EmptyExpression>: null

16-10-2024T07:54:26 - [TEST_STEP][PASSED] - b313 = <not implemented yet for class: org.codehaus.groovy.ast.expr.EmptyExpression>: null

16-10-2024T07:54:26 - [TEST_STEP][PASSED] - b314 = <not implemented yet for class: org.codehaus.groovy.ast.expr.EmptyExpression>: null

16-10-2024T07:54:26 - [TEST_STEP][PASSED] - b315 = <not implemented yet for class: org.codehaus.groovy.ast.expr.EmptyExpression>: null

16-10-2024T07:54:26 - [TEST_STEP][PASSED] - b316 = <not implemented yet for class: org.codehaus.groovy.ast.expr.EmptyExpression>: null

16-10-2024T07:54:26 - [TEST_STEP][PASSED] - b317 = <not implemented yet for class: org.codehaus.groovy.ast.expr.EmptyExpression>: null

16-10-2024T07:54:26 - [TEST_STEP][PASSED] - block = 1: null

16-10-2024T07:54:26 - [TEST_STEP][PASSED] - nameOfBlock = "": null

16-10-2024T07:54:26 - [TEST_STEP][PASSED] - Script1710234207206.PreSettings(run, vir, block, nameOfBlock, typeOfData, todaysDate): null

16-10-2024T07:54:26 - [TEST_STEP][PASSED] - openBrowser(""): Browser is opened with url: ''

16-10-2024T07:54:26 - [MESSAGE][INFO] - Starting 'Chrome' driver

16-10-2024T07:54:26 - [MESSAGE][INFO] - Action delay is set to 0 milliseconds

16-10-2024T07:54:27 - [MESSAGE][PASSED] - Browser is opened with url: ''

16-10-2024T07:54:27 - [TEST_STEP][PASSED] - refresh(): Refresh successfully

16-10-2024T07:54:27 - [MESSAGE][PASSED] - Refresh successfully

16-10-2024T07:54:27 - [TEST_STEP][PASSED] - delay(50): Delayed 50 second(s)

16-10-2024T07:55:17 - [MESSAGE][PASSED] - Delayed 50 second(s)

16-10-2024T07:55:17 - [TEST_STEP][PASSED] - println("run:" + run): null

16-10-2024T07:55:17 - [TEST_STEP][PASSED] - println("vir:" + vir): null

16-10-2024T07:55:17 - [TEST_STEP][PASSED] - println("block:" + block): null

16-10-2024T07:55:17 - [TEST_STEP][PASSED] - if (block == 1): null

16-10-2024T07:55:17 - [TEST_STEP][PASSED] - nameOfBlock = "": null

16-10-2024T07:55:17 - [TEST_STEP][PASSED] - println("nameOfBlock:" + nameOfBlock): null

16-10-2024T07:55:17 - [TEST_STEP][PASSED] - println("typeOfData:" + typeOfData): null

16-10-2024T07:55:17 - [TEST_STEP][PASSED] - println("todaysDate:" + todaysDate): null

16-10-2024T07:55:17 - [TEST_STEP][PASSED] - Script1710234207206.Autorization(block, nameOfBlock): null

16-10-2024T07:55:17 - [TEST_STEP][PASSED] - println("block:" + block): null

16-10-2024T07:55:17 - [TEST_STEP][PASSED] - if (block == 1): null

16-10-2024T07:55:17 - [TEST_STEP][PASSED] - nameOfBlock = "": null

16-10-2024T07:55:17 - [TEST_STEP][PASSED] - println("nameOfBlock:" + nameOfBlock): null

16-10-2024T07:55:17 - [TEST_STEP][PASSED] - if (block == 1): Delayed 45 second(s)

16-10-2024T07:55:17 - [TEST_STEP][PASSED] - navigateToUrl(findTestData("PlanFact").getValue(10, 2)): Navigate to 'https://bi.rosseti.digital/viewer?dashboardGuid=2301950b23be4ed89c1df75f2020051e&sheetGuid=b723206f698544fb87299f3095c00435&fit=true' successfully

16-10-2024T07:55:21 - [MESSAGE][PASSED] - Navigate to 'https://bi.rosseti.digital/viewer?dashboardGuid=2301950b23be4ed89c1df75f2020051e&sheetGuid=b723206f698544fb87299f3095c00435&fit=true' successfully

16-10-2024T07:55:21 - [TEST_STEP][PASSED] - delay(45): Delayed 45 second(s)

16-10-2024T07:56:06 - [MESSAGE][PASSED] - Delayed 45 second(s)

16-10-2024T07:56:06 - [TEST_STEP][PASSED] - if (verifyElementPresent(findTestObject("Страница авторизации/button_"), 30) == true): null

16-10-2024T07:56:07 - [MESSAGE][PASSED] - Object 'Object Repository/Страница авторизации/button_' is present

16-10-2024T07:56:07 - [TEST_STEP][PASSED] - setText(findTestObject("Страница авторизации/input__username"), findTestData("PlanFact").getValue(8, 1)): Text 'shekhov-aa' is set on object 'Object Repository/Страница авторизации/input__username'

16-10-2024T07:56:07 - [MESSAGE][PASSED] - Text 'shekhov-aa' is set on object 'Object Repository/Страница авторизации/input__username'

16-10-2024T07:56:07 - [TEST_STEP][PASSED] - setText(findTestObject("Страница авторизации/input__password"), findTestData("PlanFact").getValue(9, 1)): Text 'i)RpQLLlXv9gUDC9' is set on object 'Object Repository/Страница авторизации/input__password'

16-10-2024T07:56:08 - [MESSAGE][PASSED] - Text 'i)RpQLLlXv9gUDC9' is set on object 'Object Repository/Страница авторизации/input__password'

16-10-2024T07:56:08 - [TEST_STEP][PASSED] - click(findTestObject("Страница авторизации/button_")): Object: 'Object Repository/Страница авторизации/button_' is clicked on

16-10-2024T07:56:11 - [MESSAGE][PASSED] - Object: 'Object Repository/Страница авторизации/button_' is clicked on

16-10-2024T07:56:11 - [TEST_STEP][PASSED] - delay(45): Delayed 45 second(s)

16-10-2024T07:56:56 - [MESSAGE][PASSED] - Delayed 45 second(s)

16-10-2024T07:56:56 - [TEST_STEP][PASSED] - if (block == 2): null

16-10-2024T07:56:56 - [TEST_STEP][PASSED] - click(findTestObject("Выручка в рублях/Фильтр Период" + nameOfBlock)): Object: 'Object Repository/Выручка в рублях/Фильтр Период' is clicked on

16-10-2024T07:56:56 - [MESSAGE][PASSED] - Object: 'Object Repository/Выручка в рублях/Фильтр Период' is clicked on

16-10-2024T07:56:56 - [TEST_STEP][PASSED] - click(findTestObject("Выручка в рублях/Снять выделение в фильтре Дата" + nameOfBlock)): Object: 'Object Repository/Выручка в рублях/Снять выделение в фильтре Дата' is clicked on

16-10-2024T07:56:57 - [MESSAGE][PASSED] - Object: 'Object Repository/Выручка в рублях/Снять выделение в фильтре Дата' is clicked on

16-10-2024T07:56:57 - [TEST_STEP][PASSED] - click(findTestObject("Выручка в рублях/Применить в фильтре Дата" + nameOfBlock)): Object: 'Object Repository/Выручка в рублях/Применить в фильтре Дата' is clicked on

16-10-2024T07:56:57 - [MESSAGE][PASSED] - Object: 'Object Repository/Выручка в рублях/Применить в фильтре Дата' is clicked on

16-10-2024T07:56:57 - [TEST_STEP][PASSED] - delay(50): Delayed 50 second(s)

16-10-2024T07:57:47 - [MESSAGE][PASSED] - Delayed 50 second(s)

16-10-2024T07:57:47 - [TEST_STEP][PASSED] - click(findTestObject("Выручка в рублях/Фильтр Период" + nameOfBlock)): Object: 'Object Repository/Выручка в рублях/Фильтр Период' is clicked on

16-10-2024T07:57:48 - [MESSAGE][PASSED] - Object: 'Object Repository/Выручка в рублях/Фильтр Период' is clicked on

16-10-2024T07:57:48 - [TEST_STEP][PASSED] - click(findTestObject("Выручка в рублях/Снять выделение в фильтре Дата" + nameOfBlock)): Object: 'Object Repository/Выручка в рублях/Снять выделение в фильтре Дата' is clicked on

16-10-2024T07:57:48 - [MESSAGE][PASSED] - Object: 'Object Repository/Выручка в рублях/Снять выделение в фильтре Дата' is clicked on

16-10-2024T07:57:48 - [TEST_STEP][PASSED] - scrollToElement(findTestObject("Выручка в рублях/2024 список" + nameOfBlock), 30): Scroll to object 'Object Repository/Выручка в рублях/2024 список' successfully

16-10-2024T07:57:49 - [MESSAGE][PASSED] - Scroll to object 'Object Repository/Выручка в рублях/2024 список' successfully

16-10-2024T07:57:49 - [TEST_STEP][PASSED] - click(findTestObject("Выручка в рублях/2024 список" + nameOfBlock)): Object: 'Object Repository/Выручка в рублях/2024 список' is clicked on

16-10-2024T07:57:49 - [MESSAGE][PASSED] - Object: 'Object Repository/Выручка в рублях/2024 список' is clicked on

16-10-2024T07:57:49 - [TEST_STEP][PASSED] - scrollToElement(findTestObject("Выручка в рублях/1 квартал 2024 выбрать" + nameOfBlock), 30): Scroll to object 'Object Repository/Выручка в рублях/1 квартал 2024 выбрать' successfully

16-10-2024T07:57:49 - [MESSAGE][PASSED] - Scroll to object 'Object Repository/Выручка в рублях/1 квартал 2024 выбрать' successfully

16-10-2024T07:57:49 - [TEST_STEP][PASSED] - click(findTestObject("Выручка в рублях/1 квартал 2024 выбрать" + nameOfBlock)): Object: 'Object Repository/Выручка в рублях/1 квартал 2024 выбрать' is clicked on

16-10-2024T07:57:50 - [MESSAGE][PASSED] - Object: 'Object Repository/Выручка в рублях/1 квартал 2024 выбрать' is clicked on

16-10-2024T07:57:50 - [TEST_STEP][PASSED] - scrollToElement(findTestObject("Выручка в рублях/2 квартал 2024 выбрать" + nameOfBlock), 30): Scroll to object 'Object Repository/Выручка в рублях/2 квартал 2024 выбрать' successfully

16-10-2024T07:57:50 - [MESSAGE][PASSED] - Scroll to object 'Object Repository/Выручка в рублях/2 квартал 2024 выбрать' successfully

16-10-2024T07:57:50 - [TEST_STEP][PASSED] - click(findTestObject("Выручка в рублях/2 квартал 2024 выбрать" + nameOfBlock)): Object: 'Object Repository/Выручка в рублях/2 квартал 2024 выбрать' is clicked on

16-10-2024T07:57:50 - [MESSAGE][PASSED] - Object: 'Object Repository/Выручка в рублях/2 квартал 2024 выбрать' is clicked on

16-10-2024T07:57:50 - [TEST_STEP][PASSED] - scrollToElement(findTestObject("Выручка в рублях/3 квартал 2024 список" + nameOfBlock), 30): Scroll to object 'Object Repository/Выручка в рублях/3 квартал 2024 список' successfully

16-10-2024T07:57:51 - [MESSAGE][PASSED] - Scroll to object 'Object Repository/Выручка в рублях/3 квартал 2024 список' successfully

16-10-2024T07:57:51 - [TEST_STEP][PASSED] - click(findTestObject("Выручка в рублях/3 квартал 2024 список" + nameOfBlock)): Object: 'Object Repository/Выручка в рублях/3 квартал 2024 список' is clicked on

16-10-2024T07:57:51 - [MESSAGE][PASSED] - Object: 'Object Repository/Выручка в рублях/3 квартал 2024 список' is clicked on

16-10-2024T07:57:51 - [TEST_STEP][PASSED] - click(findTestObject("Выручка в рублях/Июль 2024" + nameOfBlock)): Object: 'Object Repository/Выручка в рублях/Июль 2024' is clicked on

16-10-2024T07:57:52 - [MESSAGE][PASSED] - Object: 'Object Repository/Выручка в рублях/Июль 2024' is clicked on

16-10-2024T07:57:52 - [TEST_STEP][PASSED] - scrollToElement(findTestObject("Выручка в рублях/Август 2024" + nameOfBlock), 30): Scroll to object 'Object Repository/Выручка в рублях/Август 2024' successfully

16-10-2024T07:57:52 - [MESSAGE][PASSED] - Scroll to object 'Object Repository/Выручка в рублях/Август 2024' successfully

16-10-2024T07:57:52 - [TEST_STEP][PASSED] - click(findTestObject("Выручка в рублях/Август 2024" + nameOfBlock)): Object: 'Object Repository/Выручка в рублях/Август 2024' is clicked on

16-10-2024T07:57:52 - [MESSAGE][PASSED] - Object: 'Object Repository/Выручка в рублях/Август 2024' is clicked on

16-10-2024T07:57:52 - [TEST_STEP][PASSED] - scrollToElement(findTestObject("Выручка в рублях/Заголовок дашборда" + nameOfBlock), 30): Scroll to object 'Object Repository/Выручка в рублях/Заголовок дашборда' successfully

16-10-2024T07:57:53 - [MESSAGE][PASSED] - Scroll to object 'Object Repository/Выручка в рублях/Заголовок дашборда' successfully

16-10-2024T07:57:53 - [TEST_STEP][PASSED] - click(findTestObject("Выручка в рублях/Применить в фильтре Дата" + nameOfBlock)): Object: 'Object Repository/Выручка в рублях/Применить в фильтре Дата' is clicked on

16-10-2024T07:57:53 - [MESSAGE][PASSED] - Object: 'Object Repository/Выручка в рублях/Применить в фильтре Дата' is clicked on

16-10-2024T07:57:53 - [TEST_STEP][PASSED] - delay(50): Delayed 50 second(s)

16-10-2024T07:58:43 - [MESSAGE][PASSED] - Delayed 50 second(s)

16-10-2024T07:58:43 - [TEST_STEP][PASSED] - click(findTestObject("Выручка в рублях/Фильтр ДЗО" + nameOfBlock)): Object: 'Object Repository/Выручка в рублях/Фильтр ДЗО' is clicked on

16-10-2024T07:58:44 - [MESSAGE][PASSED] - Object: 'Object Repository/Выручка в рублях/Фильтр ДЗО' is clicked on

16-10-2024T07:58:44 - [TEST_STEP][PASSED] - click(findTestObject("Выручка в рублях/Снять выделение в фильтре ДЗО" + nameOfBlock)): Object: 'Object Repository/Выручка в рублях/Снять выделение в фильтре ДЗО' is clicked on

16-10-2024T07:58:44 - [MESSAGE][PASSED] - Object: 'Object Repository/Выручка в рублях/Снять выделение в фильтре ДЗО' is clicked on

16-10-2024T07:58:44 - [TEST_STEP][PASSED] - click(findTestObject("Выручка в рублях/Применить в фильтре ДЗО" + nameOfBlock)): Object: 'Object Repository/Выручка в рублях/Применить в фильтре ДЗО' is clicked on

16-10-2024T07:58:45 - [MESSAGE][PASSED] - Object: 'Object Repository/Выручка в рублях/Применить в фильтре ДЗО' is clicked on

16-10-2024T07:58:45 - [TEST_STEP][PASSED] - delay(50): Delayed 50 second(s)

16-10-2024T07:59:35 - [MESSAGE][PASSED] - Delayed 50 second(s)

16-10-2024T07:59:35 - [TEST_STEP][PASSED] - Script1710234207206.Tumbler(run, vir, block, nameOfBlock): null

16-10-2024T07:59:35 - [TEST_STEP][PASSED] - println("run:" + run): null

16-10-2024T07:59:35 - [TEST_STEP][PASSED] - println("vir:" + vir): null

16-10-2024T07:59:35 - [TEST_STEP][PASSED] - println("block:" + block): null

16-10-2024T07:59:35 - [TEST_STEP][PASSED] - println("nameOfBlock:" + nameOfBlock): null

16-10-2024T07:59:35 - [TEST_STEP][PASSED] - if (vir == 1): null

16-10-2024T07:59:35 - [TEST_STEP][PASSED] - else if (vir == 2): Object: 'Object Repository/Выручка в рублях/Применить в фильтре Выручка' is clicked on

16-10-2024T07:59:35 - [TEST_STEP][PASSED] - if (run == 2): Object: 'Object Repository/Выручка в рублях/Переключить отображение с млн на проценты Выручка в рублях' is clicked on

16-10-2024T07:59:35 - [TEST_STEP][PASSED] - click(findTestObject("Выручка в рублях/Переключить отображение с млн на проценты Выручка в рублях" + nameOfBlock)): Object: 'Object Repository/Выручка в рублях/Переключить отображение с млн на проценты Выручка в рублях' is clicked on

16-10-2024T07:59:35 - [MESSAGE][PASSED] - Object: 'Object Repository/Выручка в рублях/Переключить отображение с млн на проценты Выручка в рублях' is clicked on

16-10-2024T07:59:35 - [TEST_STEP][PASSED] - click(findTestObject("Выручка в рублях/Фильтр Выручка" + nameOfBlock)): Object: 'Object Repository/Выручка в рублях/Фильтр Выручка' is clicked on

16-10-2024T07:59:36 - [MESSAGE][PASSED] - Object: 'Object Repository/Выручка в рублях/Фильтр Выручка' is clicked on

16-10-2024T07:59:36 - [TEST_STEP][PASSED] - click(findTestObject("Выручка в рублях/Итого в фильтре Выручка" + nameOfBlock)): Object: 'Object Repository/Выручка в рублях/Итого в фильтре Выручка' is clicked on

16-10-2024T07:59:36 - [MESSAGE][PASSED] - Object: 'Object Repository/Выручка в рублях/Итого в фильтре Выручка' is clicked on

16-10-2024T07:59:36 - [TEST_STEP][PASSED] - click(findTestObject("Выручка в рублях/Применить в фильтре Выручка" + nameOfBlock)): Object: 'Object Repository/Выручка в рублях/Применить в фильтре Выручка' is clicked on

16-10-2024T07:59:37 - [MESSAGE][PASSED] - Object: 'Object Repository/Выручка в рублях/Применить в фильтре Выручка' is clicked on

16-10-2024T07:59:37 - [TEST_STEP][PASSED] - click(findTestObject("Выручка в рублях/Фильтр ДЗО" + nameOfBlock)): Object: 'Object Repository/Выручка в рублях/Фильтр ДЗО' is clicked on

16-10-2024T07:59:39 - [MESSAGE][PASSED] - Object: 'Object Repository/Выручка в рублях/Фильтр ДЗО' is clicked on

16-10-2024T07:59:39 - [TEST_STEP][PASSED] - Script1710234207206.Rosseti(nameOfBlock): null

16-10-2024T07:59:39 - [TEST_STEP][PASSED] - println("nameOfBlock:" + nameOfBlock): null

16-10-2024T07:59:39 - [TEST_STEP][PASSED] - click(findTestObject("Выручка в рублях/ПАО Россети" + nameOfBlock)): Object: 'Object Repository/Выручка в рублях/ПАО Россети' is clicked on

16-10-2024T07:59:40 - [MESSAGE][PASSED] - Object: 'Object Repository/Выручка в рублях/ПАО Россети' is clicked on

16-10-2024T07:59:40 - [TEST_STEP][PASSED] - click(findTestObject("Выручка в рублях/Применить в фильтре ДЗО" + nameOfBlock)): Object: 'Object Repository/Выручка в рублях/Применить в фильтре ДЗО' is clicked on

16-10-2024T07:59:40 - [MESSAGE][PASSED] - Object: 'Object Repository/Выручка в рублях/Применить в фильтре ДЗО' is clicked on

16-10-2024T07:59:40 - [TEST_STEP][PASSED] - if (run == 2): null

16-10-2024T07:59:40 - [TEST_STEP][PASSED] - perc = " Perc": null

16-10-2024T07:59:40 - [TEST_STEP][PASSED] - if (vir == 1 || vir == 2): Text of object 'Object Repository/Выручка в рублях/График План' is: '922 071'

16-10-2024T07:59:40 - [TEST_STEP][PASSED] - a1 = getText(findTestObject("Выручка в рублях/График План")): Text of object 'Object Repository/Выручка в рублях/График План' is: '922 071'

16-10-2024T07:59:42 - [MESSAGE][PASSED] - Text of object 'Object Repository/Выручка в рублях/График План' is: '922 071'

16-10-2024T07:59:42 - [TEST_STEP][PASSED] - if (vir == 1 || vir == 2): Text of object 'Object Repository/Выручка в рублях/График Факт' is: '947 588'

16-10-2024T07:59:42 - [TEST_STEP][PASSED] - a2 = getText(findTestObject("Выручка в рублях/График Факт")): Text of object 'Object Repository/Выручка в рублях/График Факт' is: '947 588'

16-10-2024T07:59:42 - [MESSAGE][PASSED] - Text of object 'Object Repository/Выручка в рублях/График Факт' is: '947 588'

16-10-2024T07:59:42 - [TEST_STEP][PASSED] - a30 = getText(findTestObject("Выручка в рублях/span1" + perc)): Text of object 'Object Repository/Выручка в рублях/span1 Perc' is: '-23.24 %'

16-10-2024T07:59:43 - [MESSAGE][PASSED] - Text of object 'Object Repository/Выручка в рублях/span1 Perc' is: '-23.24 %'

16-10-2024T07:59:43 - [TEST_STEP][PASSED] - i = a30.indexOf("млн.руб."): null

16-10-2024T07:59:43 - [TEST_STEP][PASSED] - if (i > -1): null

16-10-2024T07:59:43 - [TEST_STEP][PASSED] - if (a30.contains("%")): null

16-10-2024T07:59:43 - [TEST_STEP][PASSED] - a30 = a30.replaceAll("%", ""): null

16-10-2024T07:59:43 - [TEST_STEP][PASSED] - a30 = ").trim(): null

16-10-2024T07:59:43 - [TEST_STEP][PASSED] - println("a30: " + a30): null

16-10-2024T07:59:43 - [TEST_STEP][PASSED] - if (vir == 1 || vir == 2): Text of object 'Object Repository/Выручка в рублях/span2 Perc' is: '199.89 %'

16-10-2024T07:59:43 - [TEST_STEP][PASSED] - a31 = ").trim(): Text of object 'Object Repository/Выручка в рублях/span2 Perc' is: '199.89 %'

16-10-2024T07:59:43 - [MESSAGE][PASSED] - Text of object 'Object Repository/Выручка в рублях/span2 Perc' is: '199.89 %'

16-10-2024T07:59:43 - [TEST_STEP][PASSED] - if (vir == 1 || vir == 2): Text of object 'Object Repository/Выручка в рублях/span3 Perc' is: '-73.13 %'

16-10-2024T07:59:43 - [TEST_STEP][PASSED] - a32 = ").trim(): Text of object 'Object Repository/Выручка в рублях/span3 Perc' is: '-73.13 %'

16-10-2024T07:59:43 - [MESSAGE][PASSED] - Text of object 'Object Repository/Выручка в рублях/span3 Perc' is: '-73.13 %'

16-10-2024T07:59:43 - [TEST_STEP][PASSED] - if (vir == 1 || vir == 2): Text of object 'Object Repository/Выручка в рублях/span8 Perc' is: '-48.91 %'

16-10-2024T07:59:43 - [TEST_STEP][PASSED] - a33 = ").trim(): Text of object 'Object Repository/Выручка в рублях/span4 Perc' is: '-49.88 %'

16-10-2024T07:59:44 - [MESSAGE][PASSED] - Text of object 'Object Repository/Выручка в рублях/span4 Perc' is: '-49.88 %'

16-10-2024T07:59:44 - [TEST_STEP][PASSED] - a34 = ").trim(): Text of object 'Object Repository/Выручка в рублях/span5 Perc' is: '-47.01 %'

16-10-2024T07:59:44 - [MESSAGE][PASSED] - Text of object 'Object Repository/Выручка в рублях/span5 Perc' is: '-47.01 %'

16-10-2024T07:59:44 - [TEST_STEP][PASSED] - a35 = ").trim(): Text of object 'Object Repository/Выручка в рублях/span6 Perc' is: '-47.21 %'

16-10-2024T07:59:44 - [MESSAGE][PASSED] - Text of object 'Object Repository/Выручка в рублях/span6 Perc' is: '-47.21 %'

16-10-2024T07:59:44 - [TEST_STEP][PASSED] - a36 = ").trim(): Text of object 'Object Repository/Выручка в рублях/span7 Perc' is: '5.03 %'

16-10-2024T07:59:45 - [MESSAGE][PASSED] - Text of object 'Object Repository/Выручка в рублях/span7 Perc' is: '5.03 %'

16-10-2024T07:59:45 - [TEST_STEP][PASSED] - a37 = ").trim(): Text of object 'Object Repository/Выручка в рублях/span8 Perc' is: '-48.91 %'

16-10-2024T07:59:45 - [MESSAGE][PASSED] - Text of object 'Object Repository/Выручка в рублях/span8 Perc' is: '-48.91 %'

16-10-2024T07:59:45 - [TEST_STEP][PASSED] - if (vir == 1 || vir == 2): Text of object 'Object Repository/Выручка в рублях/span17 Perc' is: '-48.39 %'

16-10-2024T07:59:45 - [TEST_STEP][PASSED] - a38 = ").trim(): Text of object 'Object Repository/Выручка в рублях/span9 Perc' is: '2.9 %'

16-10-2024T07:59:45 - [MESSAGE][PASSED] - Text of object 'Object Repository/Выручка в рублях/span9 Perc' is: '2.9 %'

16-10-2024T07:59:45 - [TEST_STEP][PASSED] - a39 = ").trim(): Text of object 'Object Repository/Выручка в рублях/span10 Perc' is: '4.21 %'

16-10-2024T07:59:45 - [MESSAGE][PASSED] - Text of object 'Object Repository/Выручка в рублях/span10 Perc' is: '4.21 %'

16-10-2024T07:59:45 - [TEST_STEP][PASSED] - a310 = ").trim(): Text of object 'Object Repository/Выручка в рублях/span11 Perc' is: '-48.15 %'

16-10-2024T07:59:46 - [MESSAGE][PASSED] - Text of object 'Object Repository/Выручка в рублях/span11 Perc' is: '-48.15 %'

16-10-2024T07:59:46 - [TEST_STEP][PASSED] - a311 = ").trim(): Text of object 'Object Repository/Выручка в рублях/span12 Perc' is: '-53.15 %'

16-10-2024T07:59:46 - [MESSAGE][PASSED] - Text of object 'Object Repository/Выручка в рублях/span12 Perc' is: '-53.15 %'

16-10-2024T07:59:46 - [TEST_STEP][PASSED] - a312 = ").trim(): Text of object 'Object Repository/Выручка в рублях/span13 Perc' is: '2.61 %'

16-10-2024T07:59:46 - [MESSAGE][PASSED] - Text of object 'Object Repository/Выручка в рублях/span13 Perc' is: '2.61 %'

16-10-2024T07:59:46 - [TEST_STEP][PASSED] - a313 = ").trim(): Text of object 'Object Repository/Выручка в рублях/span14 Perc' is: '0.66 %'

16-10-2024T07:59:47 - [MESSAGE][PASSED] - Text of object 'Object Repository/Выручка в рублях/span14 Perc' is: '0.66 %'

16-10-2024T07:59:47 - [TEST_STEP][PASSED] - a314 = ").trim(): Text of object 'Object Repository/Выручка в рублях/span15 Perc' is: '-32.03 %'

16-10-2024T07:59:47 - [MESSAGE][PASSED] - Text of object 'Object Repository/Выручка в рублях/span15 Perc' is: '-32.03 %'

16-10-2024T07:59:47 - [TEST_STEP][PASSED] - a315 = ").trim(): Text of object 'Object Repository/Выручка в рублях/span16 Perc' is: '4.79 %'

16-10-2024T07:59:47 - [MESSAGE][PASSED] - Text of object 'Object Repository/Выручка в рублях/span16 Perc' is: '4.79 %'

16-10-2024T07:59:47 - [TEST_STEP][PASSED] - a316 = ").trim(): Text of object 'Object Repository/Выручка в рублях/span17 Perc' is: '-48.39 %'

16-10-2024T07:59:48 - [MESSAGE][PASSED] - Text of object 'Object Repository/Выручка в рублях/span17 Perc' is: '-48.39 %'

16-10-2024T07:59:48 - [TEST_STEP][PASSED] - if (vir == 1 || vir == 2): Text of object 'Object Repository/Выручка в рублях/span18 Perc' is: '3.76 %'

16-10-2024T07:59:48 - [TEST_STEP][PASSED] - a317 = ").trim(): Text of object 'Object Repository/Выручка в рублях/span18 Perc' is: '3.76 %'

16-10-2024T07:59:48 - [MESSAGE][PASSED] - Text of object 'Object Repository/Выручка в рублях/span18 Perc' is: '3.76 %'

16-10-2024T07:59:48 - [TEST_STEP][PASSED] - block = 2: null

16-10-2024T07:59:48 - [TEST_STEP][PASSED] - nameOfBlock = " Выручка": null

16-10-2024T07:59:48 - [TEST_STEP][PASSED] - Script1710234207206.PreSettings(run, vir, block, nameOfBlock, typeOfData, todaysDate): null

16-10-2024T07:59:48 - [TEST_STEP][PASSED] - openBrowser(""): Browser is opened with url: ''

16-10-2024T07:59:48 - [MESSAGE][WARNING] - A browser is already opened. Closing browser and opening a new one

16-10-2024T07:59:48 - [MESSAGE][INFO] - Starting 'Chrome' driver

16-10-2024T07:59:48 - [MESSAGE][INFO] - Action delay is set to 0 milliseconds

16-10-2024T07:59:49 - [MESSAGE][PASSED] - Browser is opened with url: ''

16-10-2024T07:59:49 - [TEST_STEP][PASSED] - refresh(): Refresh successfully

16-10-2024T07:59:49 - [MESSAGE][PASSED] - Refresh successfully

16-10-2024T07:59:49 - [TEST_STEP][PASSED] - delay(50): Delayed 50 second(s)

16-10-2024T08:00:39 - [MESSAGE][PASSED] - Delayed 50 second(s)

16-10-2024T08:00:39 - [TEST_STEP][PASSED] - println("run:" + run): null

16-10-2024T08:00:39 - [TEST_STEP][PASSED] - println("vir:" + vir): null

16-10-2024T08:00:39 - [TEST_STEP][PASSED] - println("block:" + block): null

16-10-2024T08:00:39 - [TEST_STEP][PASSED] - if (block == 1): null

16-10-2024T08:00:39 - [TEST_STEP][PASSED] - else: null

16-10-2024T08:00:39 - [TEST_STEP][PASSED] - nameOfBlock = " Выручка": null

16-10-2024T08:00:39 - [TEST_STEP][PASSED] - println("nameOfBlock:" + nameOfBlock): null

16-10-2024T08:00:39 - [TEST_STEP][PASSED] - println("typeOfData:" + typeOfData): null

16-10-2024T08:00:39 - [TEST_STEP][PASSED] - println("todaysDate:" + todaysDate): null

16-10-2024T08:00:39 - [TEST_STEP][PASSED] - Script1710234207206.Autorization(block, nameOfBlock): null

16-10-2024T08:00:39 - [TEST_STEP][PASSED] - println("block:" + block): null

16-10-2024T08:00:39 - [TEST_STEP][PASSED] - if (block == 1): null

16-10-2024T08:00:39 - [TEST_STEP][PASSED] - else: null

16-10-2024T08:00:39 - [TEST_STEP][PASSED] - delay(45): Delayed 45 second(s)

16-10-2024T08:01:24 - [MESSAGE][PASSED] - Delayed 45 second(s)

16-10-2024T08:01:24 - [TEST_STEP][PASSED] - nameOfBlock = " Выручка": null

16-10-2024T08:01:24 - [TEST_STEP][PASSED] - println("nameOfBlock:" + nameOfBlock): null

16-10-2024T08:01:24 - [TEST_STEP][PASSED] - if (block == 1): null

16-10-2024T08:01:24 - [TEST_STEP][PASSED] - else: Delayed 45 second(s)

16-10-2024T08:01:24 - [TEST_STEP][PASSED] - navigateToUrl(findTestData("PlanFact").getValue(10, 9)): Navigate to 'https://bi.rosseti.digital/viewer?dashboardGuid=a1fd28b3785d443cbc4d7690a1d78e31&sheetGuid=86092a20c5984827a0c87b24cac76a50&fit=true' successfully

16-10-2024T08:01:31 - [MESSAGE][PASSED] - Navigate to 'https://bi.rosseti.digital/viewer?dashboardGuid=a1fd28b3785d443cbc4d7690a1d78e31&sheetGuid=86092a20c5984827a0c87b24cac76a50&fit=true' successfully

16-10-2024T08:01:31 - [TEST_STEP][PASSED] - delay(45): Delayed 45 second(s)

16-10-2024T08:02:16 - [MESSAGE][PASSED] - Delayed 45 second(s)

16-10-2024T08:02:16 - [TEST_STEP][PASSED] - if (verifyElementPresent(findTestObject("Страница авторизации/button_"), 30) == true): null

16-10-2024T08:02:16 - [MESSAGE][PASSED] - Object 'Object Repository/Страница авторизации/button_' is present

16-10-2024T08:02:16 - [TEST_STEP][PASSED] - setText(findTestObject("Страница авторизации/input__username"), findTestData("PlanFact").getValue(8, 1)): Text 'shekhov-aa' is set on object 'Object Repository/Страница авторизации/input__username'

16-10-2024T08:02:17 - [MESSAGE][PASSED] - Text 'shekhov-aa' is set on object 'Object Repository/Страница авторизации/input__username'

16-10-2024T08:02:17 - [TEST_STEP][PASSED] - setText(findTestObject("Страница авторизации/input__password"), findTestData("PlanFact").getValue(9, 1)): Text 'i)RpQLLlXv9gUDC9' is set on object 'Object Repository/Страница авторизации/input__password'

16-10-2024T08:02:17 - [MESSAGE][PASSED] - Text 'i)RpQLLlXv9gUDC9' is set on object 'Object Repository/Страница авторизации/input__password'

16-10-2024T08:02:17 - [TEST_STEP][PASSED] - click(findTestObject("Страница авторизации/button_")): Object: 'Object Repository/Страница авторизации/button_' is clicked on

16-10-2024T08:02:21 - [MESSAGE][PASSED] - Object: 'Object Repository/Страница авторизации/button_' is clicked on

16-10-2024T08:02:21 - [TEST_STEP][PASSED] - delay(45): Delayed 45 second(s)

16-10-2024T08:03:06 - [MESSAGE][PASSED] - Delayed 45 second(s)

16-10-2024T08:03:06 - [TEST_STEP][PASSED] - if (block == 2): Delayed 50 second(s)

16-10-2024T08:03:06 - [TEST_STEP][PASSED] - opoveshenie = getText(findTestObject("Выручка в рублях/Просьба обратить внимание")): Text of object 'Object Repository/Выручка в рублях/Просьба обратить внимание' is: 'Просьба обратить внимание'

16-10-2024T08:03:06 - [MESSAGE][PASSED] - Text of object 'Object Repository/Выручка в рублях/Просьба обратить внимание' is: 'Просьба обратить внимание'

16-10-2024T08:03:06 - [TEST_STEP][PASSED] - if (opoveshenie == "Просьба обратить внимание"): Delayed 50 second(s)

16-10-2024T08:03:06 - [TEST_STEP][PASSED] - click(findTestObject("Выручка в рублях/Закрыть оповещение")): Object: 'Object Repository/Выручка в рублях/Закрыть оповещение' is clicked on

16-10-2024T08:03:06 - [MESSAGE][PASSED] - Object: 'Object Repository/Выручка в рублях/Закрыть оповещение' is clicked on

16-10-2024T08:03:06 - [TEST_STEP][PASSED] - delay(50): Delayed 50 second(s)

16-10-2024T08:03:56 - [MESSAGE][PASSED] - Delayed 50 second(s)

16-10-2024T08:03:56 - [TEST_STEP][PASSED] - click(findTestObject("Выручка в рублях/Фильтр Период" + nameOfBlock)): Object: 'Object Repository/Выручка в рублях/Фильтр Период Выручка' is clicked on

16-10-2024T08:03:57 - [MESSAGE][PASSED] - Object: 'Object Repository/Выручка в рублях/Фильтр Период Выручка' is clicked on

16-10-2024T08:03:57 - [TEST_STEP][PASSED] - click(findTestObject("Выручка в рублях/Снять выделение в фильтре Дата" + nameOfBlock)): Object: 'Object Repository/Выручка в рублях/Снять выделение в фильтре Дата Выручка' is clicked on

16-10-2024T08:03:57 - [MESSAGE][PASSED] - Object: 'Object Repository/Выручка в рублях/Снять выделение в фильтре Дата Выручка' is clicked on

16-10-2024T08:03:57 - [TEST_STEP][PASSED] - click(findTestObject("Выручка в рублях/Применить в фильтре Дата" + nameOfBlock)): Object: 'Object Repository/Выручка в рублях/Применить в фильтре Дата Выручка' is clicked on

16-10-2024T08:03:58 - [MESSAGE][PASSED] - Object: 'Object Repository/Выручка в рублях/Применить в фильтре Дата Выручка' is clicked on

16-10-2024T08:03:58 - [TEST_STEP][PASSED] - delay(50): Delayed 50 second(s)

16-10-2024T08:04:48 - [MESSAGE][PASSED] - Delayed 50 second(s)

16-10-2024T08:04:48 - [TEST_STEP][PASSED] - click(findTestObject("Выручка в рублях/Фильтр Период" + nameOfBlock)): Object: 'Object Repository/Выручка в рублях/Фильтр Период Выручка' is clicked on

16-10-2024T08:04:48 - [MESSAGE][PASSED] - Object: 'Object Repository/Выручка в рублях/Фильтр Период Выручка' is clicked on

16-10-2024T08:04:48 - [TEST_STEP][PASSED] - click(findTestObject("Выручка в рублях/Снять выделение в фильтре Дата" + nameOfBlock)): Object: 'Object Repository/Выручка в рублях/Снять выделение в фильтре Дата Выручка' is clicked on

16-10-2024T08:04:49 - [MESSAGE][PASSED] - Object: 'Object Repository/Выручка в рублях/Снять выделение в фильтре Дата Выручка' is clicked on

16-10-2024T08:04:49 - [TEST_STEP][PASSED] - scrollToElement(findTestObject("Выручка в рублях/2024 список" + nameOfBlock), 30): Scroll to object 'Object Repository/Выручка в рублях/2024 список Выручка' successfully

16-10-2024T08:04:49 - [MESSAGE][PASSED] - Scroll to object 'Object Repository/Выручка в рублях/2024 список Выручка' successfully

16-10-2024T08:04:49 - [TEST_STEP][PASSED] - click(findTestObject("Выручка в рублях/2024 список" + nameOfBlock)): Object: 'Object Repository/Выручка в рублях/2024 список Выручка' is clicked on

16-10-2024T08:04:49 - [MESSAGE][PASSED] - Object: 'Object Repository/Выручка в рублях/2024 список Выручка' is clicked on

16-10-2024T08:04:49 - [TEST_STEP][PASSED] - scrollToElement(findTestObject("Выручка в рублях/1 квартал 2024 выбрать" + nameOfBlock), 30): Scroll to object 'Object Repository/Выручка в рублях/1 квартал 2024 выбрать Выручка' successfully

16-10-2024T08:04:50 - [MESSAGE][PASSED] - Scroll to object 'Object Repository/Выручка в рублях/1 квартал 2024 выбрать Выручка' successfully

16-10-2024T08:04:50 - [TEST_STEP][PASSED] - click(findTestObject("Выручка в рублях/1 квартал 2024 выбрать" + nameOfBlock)): Object: 'Object Repository/Выручка в рублях/1 квартал 2024 выбрать Выручка' is clicked on

16-10-2024T08:04:50 - [MESSAGE][PASSED] - Object: 'Object Repository/Выручка в рублях/1 квартал 2024 выбрать Выручка' is clicked on

16-10-2024T08:04:50 - [TEST_STEP][PASSED] - scrollToElement(findTestObject("Выручка в рублях/2 квартал 2024 выбрать" + nameOfBlock), 30): Scroll to object 'Object Repository/Выручка в рублях/2 квартал 2024 выбрать Выручка' successfully

16-10-2024T08:04:51 - [MESSAGE][PASSED] - Scroll to object 'Object Repository/Выручка в рублях/2 квартал 2024 выбрать Выручка' successfully

16-10-2024T08:04:51 - [TEST_STEP][PASSED] - click(findTestObject("Выручка в рублях/2 квартал 2024 выбрать" + nameOfBlock)): Object: 'Object Repository/Выручка в рублях/2 квартал 2024 выбрать Выручка' is clicked on

16-10-2024T08:04:51 - [MESSAGE][PASSED] - Object: 'Object Repository/Выручка в рублях/2 квартал 2024 выбрать Выручка' is clicked on

16-10-2024T08:04:51 - [TEST_STEP][PASSED] - scrollToElement(findTestObject("Выручка в рублях/3 квартал 2024 список" + nameOfBlock), 30): Scroll to object 'Object Repository/Выручка в рублях/3 квартал 2024 список Выручка' successfully

16-10-2024T08:04:52 - [MESSAGE][PASSED] - Scroll to object 'Object Repository/Выручка в рублях/3 квартал 2024 список Выручка' successfully

16-10-2024T08:04:52 - [TEST_STEP][PASSED] - click(findTestObject("Выручка в рублях/3 квартал 2024 список" + nameOfBlock)): Object: 'Object Repository/Выручка в рублях/3 квартал 2024 список Выручка' is clicked on

16-10-2024T08:04:52 - [MESSAGE][PASSED] - Object: 'Object Repository/Выручка в рублях/3 квартал 2024 список Выручка' is clicked on

16-10-2024T08:04:52 - [TEST_STEP][PASSED] - click(findTestObject("Выручка в рублях/Июль 2024" + nameOfBlock)): Object: 'Object Repository/Выручка в рублях/Июль 2024 Выручка' is clicked on

16-10-2024T08:04:52 - [MESSAGE][PASSED] - Object: 'Object Repository/Выручка в рублях/Июль 2024 Выручка' is clicked on

16-10-2024T08:04:52 - [TEST_STEP][PASSED] - scrollToElement(findTestObject("Выручка в рублях/Август 2024" + nameOfBlock), 30): Scroll to object 'Object Repository/Выручка в рублях/Август 2024 Выручка' successfully

16-10-2024T08:04:53 - [MESSAGE][PASSED] - Scroll to object 'Object Repository/Выручка в рублях/Август 2024 Выручка' successfully

16-10-2024T08:04:53 - [TEST_STEP][PASSED] - click(findTestObject("Выручка в рублях/Август 2024" + nameOfBlock)): Object: 'Object Repository/Выручка в рублях/Август 2024 Выручка' is clicked on

16-10-2024T08:04:53 - [MESSAGE][PASSED] - Object: 'Object Repository/Выручка в рублях/Август 2024 Выручка' is clicked on

16-10-2024T08:04:53 - [TEST_STEP][PASSED] - scrollToElement(findTestObject("Выручка в рублях/Заголовок дашборда" + nameOfBlock), 30): Scroll to object 'Object Repository/Выручка в рублях/Заголовок дашборда Выручка' successfully

16-10-2024T08:04:54 - [MESSAGE][PASSED] - Scroll to object 'Object Repository/Выручка в рублях/Заголовок дашборда Выручка' successfully

16-10-2024T08:04:54 - [TEST_STEP][PASSED] - click(findTestObject("Выручка в рублях/Применить в фильтре Дата" + nameOfBlock)): Object: 'Object Repository/Выручка в рублях/Применить в фильтре Дата Выручка' is clicked on

16-10-2024T08:04:54 - [MESSAGE][PASSED] - Object: 'Object Repository/Выручка в рублях/Применить в фильтре Дата Выручка' is clicked on

16-10-2024T08:04:54 - [TEST_STEP][PASSED] - delay(50): Delayed 50 second(s)

16-10-2024T08:05:44 - [MESSAGE][PASSED] - Delayed 50 second(s)

16-10-2024T08:05:44 - [TEST_STEP][PASSED] - click(findTestObject("Выручка в рублях/Фильтр ДЗО" + nameOfBlock)): Object: 'Object Repository/Выручка в рублях/Фильтр ДЗО Выручка' is clicked on

16-10-2024T08:05:44 - [MESSAGE][PASSED] - Object: 'Object Repository/Выручка в рублях/Фильтр ДЗО Выручка' is clicked on

16-10-2024T08:05:44 - [TEST_STEP][PASSED] - click(findTestObject("Выручка в рублях/Снять выделение в фильтре ДЗО" + nameOfBlock)): Object: 'Object Repository/Выручка в рублях/Снять выделение в фильтре ДЗО Выручка' is clicked on

16-10-2024T08:05:45 - [MESSAGE][PASSED] - Object: 'Object Repository/Выручка в рублях/Снять выделение в фильтре ДЗО Выручка' is clicked on

16-10-2024T08:05:45 - [TEST_STEP][PASSED] - click(findTestObject("Выручка в рублях/Применить в фильтре ДЗО" + nameOfBlock)): Object: 'Object Repository/Выручка в рублях/Применить в фильтре ДЗО Выручка' is clicked on

16-10-2024T08:05:46 - [MESSAGE][PASSED] - Object: 'Object Repository/Выручка в рублях/Применить в фильтре ДЗО Выручка' is clicked on

16-10-2024T08:05:46 - [TEST_STEP][PASSED] - delay(50): Delayed 50 second(s)

16-10-2024T08:06:36 - [MESSAGE][PASSED] - Delayed 50 second(s)

16-10-2024T08:06:36 - [TEST_STEP][PASSED] - Script1710234207206.Tumbler(run, vir, block, nameOfBlock): null

16-10-2024T08:06:36 - [TEST_STEP][PASSED] - println("run:" + run): null

16-10-2024T08:06:36 - [TEST_STEP][PASSED] - println("vir:" + vir): null

16-10-2024T08:06:36 - [TEST_STEP][PASSED] - println("block:" + block): null

16-10-2024T08:06:36 - [TEST_STEP][PASSED] - println("nameOfBlock:" + nameOfBlock): null

16-10-2024T08:06:36 - [TEST_STEP][PASSED] - if (vir == 1): null

16-10-2024T08:06:36 - [TEST_STEP][PASSED] - else if (vir == 2): Object: 'Object Repository/Выручка в рублях/Применить в фильтре Выручка Выручка' is clicked on

16-10-2024T08:06:36 - [TEST_STEP][PASSED] - if (run == 2): Object: 'Object Repository/Выручка в рублях/Переключить отображение с млн на проценты Выручка в рублях Выручка' is clicked on

16-10-2024T08:06:36 - [TEST_STEP][PASSED] - click(findTestObject("Выручка в рублях/Переключить отображение с млн на проценты Выручка в рублях" + nameOfBlock)): Object: 'Object Repository/Выручка в рублях/Переключить отображение с млн на проценты Выручка в рублях Выручка' is clicked on

16-10-2024T08:06:36 - [MESSAGE][PASSED] - Object: 'Object Repository/Выручка в рублях/Переключить отображение с млн на проценты Выручка в рублях Выручка' is clicked on

16-10-2024T08:06:36 - [TEST_STEP][PASSED] - click(findTestObject("Выручка в рублях/Фильтр Выручка" + nameOfBlock)): Object: 'Object Repository/Выручка в рублях/Фильтр Выручка Выручка' is clicked on

16-10-2024T08:06:36 - [MESSAGE][PASSED] - Object: 'Object Repository/Выручка в рублях/Фильтр Выручка Выручка' is clicked on

16-10-2024T08:06:36 - [TEST_STEP][PASSED] - click(findTestObject("Выручка в рублях/Итого в фильтре Выручка" + nameOfBlock)): Object: 'Object Repository/Выручка в рублях/Итого в фильтре Выручка Выручка' is clicked on

16-10-2024T08:06:37 - [MESSAGE][PASSED] - Object: 'Object Repository/Выручка в рублях/Итого в фильтре Выручка Выручка' is clicked on

16-10-2024T08:06:37 - [TEST_STEP][PASSED] - click(findTestObject("Выручка в рублях/Применить в фильтре Выручка" + nameOfBlock)): Object: 'Object Repository/Выручка в рублях/Применить в фильтре Выручка Выручка' is clicked on

16-10-2024T08:06:37 - [MESSAGE][PASSED] - Object: 'Object Repository/Выручка в рублях/Применить в фильтре Выручка Выручка' is clicked on

16-10-2024T08:06:37 - [TEST_STEP][PASSED] - click(findTestObject("Выручка в рублях/Фильтр ДЗО" + nameOfBlock)): Object: 'Object Repository/Выручка в рублях/Фильтр ДЗО Выручка' is clicked on

16-10-2024T08:06:39 - [MESSAGE][PASSED] - Object: 'Object Repository/Выручка в рублях/Фильтр ДЗО Выручка' is clicked on

16-10-2024T08:06:39 - [TEST_STEP][PASSED] - Script1710234207206.Rosseti(nameOfBlock): null

16-10-2024T08:06:39 - [TEST_STEP][PASSED] - println("nameOfBlock:" + nameOfBlock): null

16-10-2024T08:06:39 - [TEST_STEP][PASSED] - click(findTestObject("Выручка в рублях/ПАО Россети" + nameOfBlock)): Object: 'Object Repository/Выручка в рублях/ПАО Россети Выручка' is clicked on

16-10-2024T08:06:40 - [MESSAGE][PASSED] - Object: 'Object Repository/Выручка в рублях/ПАО Россети Выручка' is clicked on

16-10-2024T08:06:40 - [TEST_STEP][PASSED] - click(findTestObject("Выручка в рублях/Применить в фильтре ДЗО" + nameOfBlock)): Object: 'Object Repository/Выручка в рублях/Применить в фильтре ДЗО Выручка' is clicked on

16-10-2024T08:06:41 - [MESSAGE][PASSED] - Object: 'Object Repository/Выручка в рублях/Применить в фильтре ДЗО Выручка' is clicked on

16-10-2024T08:06:41 - [TEST_STEP][PASSED] - if (vir == 1 || vir == 2): Text of object 'Object Repository/Выручка в рублях/График План Выручка' is: '922 071'

16-10-2024T08:06:41 - [TEST_STEP][PASSED] - b1 = getText(findTestObject("Выручка в рублях/График План Выручка")): Text of object 'Object Repository/Выручка в рублях/График План Выручка' is: '922 071'

16-10-2024T08:06:42 - [MESSAGE][PASSED] - Text of object 'Object Repository/Выручка в рублях/График План Выручка' is: '922 071'

16-10-2024T08:06:42 - [TEST_STEP][PASSED] - if (vir == 1 || vir == 2): Text of object 'Object Repository/Выручка в рублях/График Факт Выручка' is: '947 588'

16-10-2024T08:06:42 - [TEST_STEP][PASSED] - b2 = getText(findTestObject("Выручка в рублях/График Факт Выручка")): Text of object 'Object Repository/Выручка в рублях/График Факт Выручка' is: '947 588'

16-10-2024T08:06:43 - [MESSAGE][PASSED] - Text of object 'Object Repository/Выручка в рублях/График Факт Выручка' is: '947 588'

16-10-2024T08:06:43 - [TEST_STEP][PASSED] - b30 = getText(findTestObject("Выручка в рублях/span1" + perc)): Text of object 'Object Repository/Выручка в рублях/span1 Perc' is: '2.77 %'

16-10-2024T08:06:43 - [MESSAGE][PASSED] - Text of object 'Object Repository/Выручка в рублях/span1 Perc' is: '2.77 %'

16-10-2024T08:06:43 - [TEST_STEP][PASSED] - i = b30.indexOf("млн.руб."): null

16-10-2024T08:06:43 - [TEST_STEP][PASSED] - if (i > -1): null

16-10-2024T08:06:43 - [TEST_STEP][PASSED] - if (b30.contains("%")): null

16-10-2024T08:06:43 - [TEST_STEP][PASSED] - b30 = b30.replaceAll("%", ""): null

16-10-2024T08:06:43 - [TEST_STEP][PASSED] - b30 = ").trim(): null

16-10-2024T08:06:43 - [TEST_STEP][PASSED] - println("b30: " + b30): null

16-10-2024T08:06:43 - [TEST_STEP][PASSED] - if (vir == 1 || vir == 2): Text of object 'Object Repository/Выручка в рублях/span2 Perc' is: '199.89 %'

16-10-2024T08:06:43 - [TEST_STEP][PASSED] - b31 = ").trim(): Text of object 'Object Repository/Выручка в рублях/span2 Perc' is: '199.89 %'

16-10-2024T08:06:43 - [MESSAGE][PASSED] - Text of object 'Object Repository/Выручка в рублях/span2 Perc' is: '199.89 %'

16-10-2024T08:06:43 - [TEST_STEP][PASSED] - if (vir == 1 || vir == 2): Text of object 'Object Repository/Выручка в рублях/span3 Perc' is: '-46.26 %'

16-10-2024T08:06:43 - [TEST_STEP][PASSED] - b32 = ").trim(): Text of object 'Object Repository/Выручка в рублях/span3 Perc' is: '-46.26 %'

16-10-2024T08:06:44 - [MESSAGE][PASSED] - Text of object 'Object Repository/Выручка в рублях/span3 Perc' is: '-46.26 %'

16-10-2024T08:06:44 - [TEST_STEP][PASSED] - if (vir == 1 || vir == 2): Text of object 'Object Repository/Выручка в рублях/span8 Perc' is: '2.55 %'

16-10-2024T08:06:44 - [TEST_STEP][PASSED] - b33 = ").trim(): Text of object 'Object Repository/Выручка в рублях/span4 Perc' is: '0.24 %'

16-10-2024T08:06:44 - [MESSAGE][PASSED] - Text of object 'Object Repository/Выручка в рублях/span4 Perc' is: '0.24 %'

16-10-2024T08:06:44 - [TEST_STEP][PASSED] - b34 = ").trim(): Text of object 'Object Repository/Выручка в рублях/span5 Perc' is: '5.99 %'

16-10-2024T08:06:44 - [MESSAGE][PASSED] - Text of object 'Object Repository/Выручка в рублях/span5 Perc' is: '5.99 %'

16-10-2024T08:06:44 - [TEST_STEP][PASSED] - b35 = ").trim(): Text of object 'Object Repository/Выручка в рублях/span6 Perc' is: '5.58 %'

16-10-2024T08:06:45 - [MESSAGE][PASSED] - Text of object 'Object Repository/Выручка в рублях/span6 Perc' is: '5.58 %'

16-10-2024T08:06:45 - [TEST_STEP][PASSED] - b36 = ").trim(): Text of object 'Object Repository/Выручка в рублях/span7 Perc' is: '5.03 %'

16-10-2024T08:06:45 - [MESSAGE][PASSED] - Text of object 'Object Repository/Выручка в рублях/span7 Perc' is: '5.03 %'

16-10-2024T08:06:45 - [TEST_STEP][PASSED] - b37 = ").trim(): Text of object 'Object Repository/Выручка в рублях/span8 Perc' is: '2.55 %'

16-10-2024T08:06:45 - [MESSAGE][PASSED] - Text of object 'Object Repository/Выручка в рублях/span8 Perc' is: '2.55 %'

16-10-2024T08:06:45 - [TEST_STEP][PASSED] - if (vir == 1 || vir == 2): Text of object 'Object Repository/Выручка в рублях/span17 Perc' is: '3.22 %'

16-10-2024T08:06:45 - [TEST_STEP][PASSED] - b38 = ").trim(): Text of object 'Object Repository/Выручка в рублях/span9 Perc' is: '2.9 %'

16-10-2024T08:06:45 - [MESSAGE][PASSED] - Text of object 'Object Repository/Выручка в рублях/span9 Perc' is: '2.9 %'

16-10-2024T08:06:45 - [TEST_STEP][PASSED] - b39 = ").trim(): Text of object 'Object Repository/Выручка в рублях/span10 Perc' is: '4.21 %'

16-10-2024T08:06:46 - [MESSAGE][PASSED] - Text of object 'Object Repository/Выручка в рублях/span10 Perc' is: '4.21 %'

16-10-2024T08:06:46 - [TEST_STEP][PASSED] - b310 = ").trim(): Text of object 'Object Repository/Выручка в рублях/span11 Perc' is: '3.71 %'

16-10-2024T08:06:46 - [MESSAGE][PASSED] - Text of object 'Object Repository/Выручка в рублях/span11 Perc' is: '3.71 %'

16-10-2024T08:06:46 - [TEST_STEP][PASSED] - b311 = ").trim(): Text of object 'Object Repository/Выручка в рублях/span12 Perc' is: '-6.3 %'

16-10-2024T08:06:46 - [MESSAGE][PASSED] - Text of object 'Object Repository/Выручка в рублях/span12 Perc' is: '-6.3 %'

16-10-2024T08:06:46 - [TEST_STEP][PASSED] - b312 = ").trim(): Text of object 'Object Repository/Выручка в рублях/span13 Perc' is: '2.61 %'

16-10-2024T08:06:47 - [MESSAGE][PASSED] - Text of object 'Object Repository/Выручка в рублях/span13 Perc' is: '2.61 %'

16-10-2024T08:06:47 - [TEST_STEP][PASSED] - b313 = ").trim(): Text of object 'Object Repository/Выручка в рублях/span14 Perc' is: '0.66 %'

16-10-2024T08:06:47 - [MESSAGE][PASSED] - Text of object 'Object Repository/Выручка в рублях/span14 Perc' is: '0.66 %'

16-10-2024T08:06:47 - [TEST_STEP][PASSED] - b314 = ").trim(): Text of object 'Object Repository/Выручка в рублях/span15 Perc' is: '4.55 %'

16-10-2024T08:06:47 - [MESSAGE][PASSED] - Text of object 'Object Repository/Выручка в рублях/span15 Perc' is: '4.55 %'

16-10-2024T08:06:47 - [TEST_STEP][PASSED] - b315 = ").trim(): Text of object 'Object Repository/Выручка в рублях/span16 Perc' is: '4.79 %'

16-10-2024T08:06:48 - [MESSAGE][PASSED] - Text of object 'Object Repository/Выручка в рублях/span16 Perc' is: '4.79 %'

16-10-2024T08:06:48 - [TEST_STEP][PASSED] - b316 = ").trim(): Text of object 'Object Repository/Выручка в рублях/span17 Perc' is: '3.22 %'

16-10-2024T08:06:48 - [MESSAGE][PASSED] - Text of object 'Object Repository/Выручка в рублях/span17 Perc' is: '3.22 %'

16-10-2024T08:06:48 - [TEST_STEP][PASSED] - if (vir == 1 || vir == 2): Text of object 'Object Repository/Выручка в рублях/span18 Perc' is: '3.76 %'

16-10-2024T08:06:48 - [TEST_STEP][PASSED] - b317 = ").trim(): Text of object 'Object Repository/Выручка в рублях/span18 Perc' is: '3.76 %'

16-10-2024T08:06:48 - [MESSAGE][PASSED] - Text of object 'Object Repository/Выручка в рублях/span18 Perc' is: '3.76 %'

16-10-2024T08:06:48 - [TEST_STEP][PASSED] - dZO = "ПАО Россети": null

16-10-2024T08:06:48 - [TEST_STEP][PASSED] - if (verifyEqual(a1, b1) == false): Actual object '922 071' and expected object '922 071' are equal

16-10-2024T08:06:48 - [MESSAGE][PASSED] - Actual object '922 071' and expected object '922 071' are equal

16-10-2024T08:06:48 - [TEST_STEP][PASSED] - if (verifyEqual(a2, b2) == false): Actual object '947 588' and expected object '947 588' are equal

16-10-2024T08:06:48 - [MESSAGE][PASSED] - Actual object '947 588' and expected object '947 588' are equal

16-10-2024T08:06:48 - [TEST_STEP][PASSED] - vidget = "Отклонения": null

16-10-2024T08:06:48 - [TEST_STEP][FAILED] - if (verifyEqual(a30, b30) == false): null

16-10-2024T08:06:48 - [MESSAGE][FAILED] - Unable to verify equal between actual object '-23.24' and expected object '2.77' (Root cause: com.kms.katalon.core.exception.StepFailedException: Actual object '-23.24' and expected object '2.77' are not equal
	at com.kms.katalon.core.keyword.builtin.VerifyEqualKeyword$_verifyEqual_closure1.doCall(VerifyEqualKeyword.groovy:58)
	at com.kms.katalon.core.keyword.builtin.VerifyEqualKeyword$_verifyEqual_closure1.call(VerifyEqualKeyword.groovy)
	at com.kms.katalon.core.keyword.internal.KeywordMain.runKeyword(KeywordMain.groovy:75)
	at com.kms.katalon.core.keyword.builtin.VerifyEqualKeyword.verifyEqual(VerifyEqualKeyword.groovy:63)
	at com.kms.katalon.core.keyword.builtin.VerifyEqualKeyword.execute(VerifyEqualKeyword.groovy:44)
	at com.kms.katalon.core.keyword.internal.KeywordExecutor.executeKeywordForPlatform(KeywordExecutor.groovy:74)
	at com.kms.katalon.core.keyword.BuiltinKeywords.verifyEqual(BuiltinKeywords.groovy:146)
	at jdk.internal.reflect.GeneratedMethodAccessor25.invoke(Unknown Source)
	at java.base/jdk.internal.reflect.DelegatingMethodAccessorImpl.invoke(DelegatingMethodAccessorImpl.java:43)
	at Выручка в рублях сверка дашбордов ПАО Россети.Blocks(Выручка в рублях сверка дашбордов ПАО Россети:357)
	at Выручка в рублях сверка дашбордов ПАО Россети.ViruchkaChange(Выручка в рублях сверка дашбордов ПАО Россети:60)
	at Выручка в рублях сверка дашбордов ПАО Россети.run(Выручка в рублях сверка дашбордов ПАО Россети:55)
	at com.kms.katalon.core.main.ScriptEngine.run(ScriptEngine.java:194)
	at com.kms.katalon.core.main.ScriptEngine.runScriptAsRawText(ScriptEngine.java:119)
	at com.kms.katalon.core.main.TestCaseExecutor.runScript(TestCaseExecutor.java:448)
	at com.kms.katalon.core.main.TestCaseExecutor.doExecute(TestCaseExecutor.java:439)
	at com.kms.katalon.core.main.TestCaseExecutor.processExecutionPhase(TestCaseExecutor.java:418)
	at com.kms.katalon.core.main.TestCaseExecutor.accessMainPhase(TestCaseExecutor.java:410)
	at com.kms.katalon.core.main.TestCaseExecutor.execute(TestCaseExecutor.java:285)
	at com.kms.katalon.core.common.CommonExecutor.accessTestCaseMainPhase(CommonExecutor.java:65)
	at com.kms.katalon.core.main.TestSuiteExecutor.accessTestSuiteMainPhase(TestSuiteExecutor.java:150)
	at com.kms.katalon.core.main.TestSuiteExecutor.execute(TestSuiteExecutor.java:106)
	at com.kms.katalon.core.main.TestCaseMain.startTestSuite(TestCaseMain.java:180)
	at TempTestSuite1729050801829.run(TempTestSuite1729050801829.groovy:35)
	at java.base/jdk.internal.reflect.NativeMethodAccessorImpl.invoke0(Native Method)
	at java.base/jdk.internal.reflect.NativeMethodAccessorImpl.invoke(NativeMethodAccessorImpl.java:77)
	at java.base/jdk.internal.reflect.DelegatingMethodAccessorImpl.invoke(DelegatingMethodAccessorImpl.java:43)
)

16-10-2024T08:06:48 - [TEST_STEP][PASSED] - a = a30.toDouble(): null

16-10-2024T08:06:48 - [TEST_STEP][PASSED] - b = b30.toDouble(): null

16-10-2024T08:06:48 - [TEST_STEP][PASSED] - Script1710234207206.WriteToExcel(todaysDate, run, vir, block, typeOfData, viruchka, vidget, nameOfBlock, a, b, dZO): null

16-10-2024T08:06:48 - [TEST_STEP][PASSED] - println(run): null

16-10-2024T08:06:48 - [TEST_STEP][PASSED] - if (run == 1): null

16-10-2024T08:06:48 - [TEST_STEP][PASSED] - else if (run == 2): null

16-10-2024T08:06:48 - [TEST_STEP][PASSED] - typeOfData = "Проценты": null

16-10-2024T08:06:48 - [TEST_STEP][PASSED] - println("todaysDate:" + todaysDate): null

16-10-2024T08:06:48 - [TEST_STEP][PASSED] - println("typeOfData:" + typeOfData): null

16-10-2024T08:06:48 - [TEST_STEP][PASSED] - viruchka = getText(findTestObject("Выручка в рублях/Фильтр Выручка" + nameOfBlock)): Text of object 'Object Repository/Выручка в рублях/Фильтр Выручка Выручка' is: 'ПЕРЕДАЧА ЭЛЕКТРОЭНЕРГИИ (ИТОГО, по всем видам тарифа)'

16-10-2024T08:06:48 - [MESSAGE][PASSED] - Text of object 'Object Repository/Выручка в рублях/Фильтр Выручка Выручка' is: 'ПЕРЕДАЧА ЭЛЕКТРОЭНЕРГИИ (ИТОГО, по всем видам тарифа)'

16-10-2024T08:06:48 - [TEST_STEP][PASSED] - println("viruchka" + viruchka): null

16-10-2024T08:06:48 - [TEST_STEP][PASSED] - println("vidget" + vidget): null

16-10-2024T08:06:48 - [TEST_STEP][PASSED] - println("a" + a): null

16-10-2024T08:06:48 - [TEST_STEP][PASSED] - println("b" + b): null

16-10-2024T08:06:48 - [TEST_STEP][PASSED] - sheetName = "Sheet1": null

16-10-2024T08:06:48 - [TEST_STEP][PASSED] - data = findTestData("PlanFact"): null

16-10-2024T08:06:48 - [TEST_STEP][PASSED] - n = data.getRowNumbers() + 1: null

16-10-2024T08:06:48 - [TEST_STEP][PASSED] - period = getText(findTestObject("Выручка в рублях/Фильтр Период")): Text of object 'Object Repository/Выручка в рублях/Фильтр Период' is: 'Июль, Август и 1, 2 кв. 2024 года'

16-10-2024T08:06:49 - [MESSAGE][PASSED] - Text of object 'Object Repository/Выручка в рублях/Фильтр Период' is: 'Июль, Август и 1, 2 кв. 2024 года'

16-10-2024T08:06:49 - [TEST_STEP][PASSED] - println(period): null

16-10-2024T08:06:49 - [TEST_STEP][PASSED] - dashboardName = "Выручка в рублях": null

16-10-2024T08:06:49 - [TEST_STEP][PASSED] - workbook01 = getWorkbook(excelFilePath): null

16-10-2024T08:06:49 - [TEST_STEP][PASSED] - sheet01 = getExcelSheet(workbook01, sheetName): null

16-10-2024T08:06:49 - [TEST_STEP][PASSED] - setValueToCellByIndex(sheet01, n, 0, dashboardName): null

16-10-2024T08:06:49 - [TEST_STEP][PASSED] - setValueToCellByIndex(sheet01, n, 1, dZO): null

16-10-2024T08:06:49 - [TEST_STEP][PASSED] - setValueToCellByIndex(sheet01, n, 2, vidget): null

16-10-2024T08:06:49 - [TEST_STEP][PASSED] - setValueToCellByIndex(sheet01, n, 3, viruchka): null

16-10-2024T08:06:49 - [TEST_STEP][PASSED] - setValueToCellByIndex(sheet01, n, 4, typeOfData): null

16-10-2024T08:06:49 - [TEST_STEP][PASSED] - if (a == null): null

16-10-2024T08:06:49 - [TEST_STEP][PASSED] - else: null

16-10-2024T08:06:49 - [TEST_STEP][PASSED] - setValueToCellByIndex(sheet01, n, 5, a): null

16-10-2024T08:06:49 - [TEST_STEP][PASSED] - if (b == null): null

16-10-2024T08:06:49 - [TEST_STEP][PASSED] - else: null

16-10-2024T08:06:49 - [TEST_STEP][PASSED] - setValueToCellByIndex(sheet01, n, 6, b): null

16-10-2024T08:06:49 - [TEST_STEP][PASSED] - setValueToCellByIndex(sheet01, n, 7, period): null

16-10-2024T08:06:49 - [TEST_STEP][PASSED] - setValueToCellByIndex(sheet01, n, 8, todaysDate): null

16-10-2024T08:06:49 - [TEST_STEP][PASSED] - n = n + 1: null

16-10-2024T08:06:49 - [TEST_STEP][PASSED] - saveWorkbook(excelFilePath, workbook01): null

16-10-2024T08:06:49 - [TEST_STEP][PASSED] - dZO = "АО «Тываэнерго»": null

16-10-2024T08:06:49 - [TEST_STEP][PASSED] - if (verifyEqual(a31, b31) == false): Actual object '199.89' and expected object '199.89' are equal

16-10-2024T08:06:49 - [MESSAGE][PASSED] - Actual object '199.89' and expected object '199.89' are equal

16-10-2024T08:06:49 - [TEST_STEP][PASSED] - dZO = "АО «Чеченэнерго»": null

16-10-2024T08:06:49 - [TEST_STEP][FAILED] - if (verifyEqual(a32, b32) == false): null

16-10-2024T08:06:49 - [MESSAGE][FAILED] - Unable to verify equal between actual object '-73.13' and expected object '-46.26' (Root cause: com.kms.katalon.core.exception.StepFailedException: Actual object '-73.13' and expected object '-46.26' are not equal
	at com.kms.katalon.core.keyword.builtin.VerifyEqualKeyword$_verifyEqual_closure1.doCall(VerifyEqualKeyword.groovy:58)
	at com.kms.katalon.core.keyword.builtin.VerifyEqualKeyword$_verifyEqual_closure1.call(VerifyEqualKeyword.groovy)
	at com.kms.katalon.core.keyword.internal.KeywordMain.runKeyword(KeywordMain.groovy:75)
	at com.kms.katalon.core.keyword.builtin.VerifyEqualKeyword.verifyEqual(VerifyEqualKeyword.groovy:63)
	at com.kms.katalon.core.keyword.builtin.VerifyEqualKeyword.execute(VerifyEqualKeyword.groovy:44)
	at com.kms.katalon.core.keyword.internal.KeywordExecutor.executeKeywordForPlatform(KeywordExecutor.groovy:74)
	at com.kms.katalon.core.keyword.BuiltinKeywords.verifyEqual(BuiltinKeywords.groovy:146)
	at jdk.internal.reflect.GeneratedMethodAccessor25.invoke(Unknown Source)
	at java.base/jdk.internal.reflect.DelegatingMethodAccessorImpl.invoke(DelegatingMethodAccessorImpl.java:43)
	at Выручка в рублях сверка дашбордов ПАО Россети.Blocks(Выручка в рублях сверка дашбордов ПАО Россети:377)
	at Выручка в рублях сверка дашбордов ПАО Россети.ViruchkaChange(Выручка в рублях сверка дашбордов ПАО Россети:60)
	at Выручка в рублях сверка дашбордов ПАО Россети.run(Выручка в рублях сверка дашбордов ПАО Россети:55)
	at com.kms.katalon.core.main.ScriptEngine.run(ScriptEngine.java:194)
	at com.kms.katalon.core.main.ScriptEngine.runScriptAsRawText(ScriptEngine.java:119)
	at com.kms.katalon.core.main.TestCaseExecutor.runScript(TestCaseExecutor.java:448)
	at com.kms.katalon.core.main.TestCaseExecutor.doExecute(TestCaseExecutor.java:439)
	at com.kms.katalon.core.main.TestCaseExecutor.processExecutionPhase(TestCaseExecutor.java:418)
	at com.kms.katalon.core.main.TestCaseExecutor.accessMainPhase(TestCaseExecutor.java:410)
	at com.kms.katalon.core.main.TestCaseExecutor.execute(TestCaseExecutor.java:285)
	at com.kms.katalon.core.common.CommonExecutor.accessTestCaseMainPhase(CommonExecutor.java:65)
	at com.kms.katalon.core.main.TestSuiteExecutor.accessTestSuiteMainPhase(TestSuiteExecutor.java:150)
	at com.kms.katalon.core.main.TestSuiteExecutor.execute(TestSuiteExecutor.java:106)
	at com.kms.katalon.core.main.TestCaseMain.startTestSuite(TestCaseMain.java:180)
	at TempTestSuite1729050801829.run(TempTestSuite1729050801829.groovy:35)
	at java.base/jdk.internal.reflect.NativeMethodAccessorImpl.invoke0(Native Method)
	at java.base/jdk.internal.reflect.NativeMethodAccessorImpl.invoke(NativeMethodAccessorImpl.java:77)
	at java.base/jdk.internal.reflect.DelegatingMethodAccessorImpl.invoke(DelegatingMethodAccessorImpl.java:43)
)

16-10-2024T08:06:49 - [TEST_STEP][PASSED] - a = a32.toDouble(): null

16-10-2024T08:06:49 - [TEST_STEP][PASSED] - b = b32.toDouble(): null

16-10-2024T08:06:49 - [TEST_STEP][PASSED] - Script1710234207206.WriteToExcel(todaysDate, run, vir, block, typeOfData, viruchka, vidget, nameOfBlock, a, b, dZO): null

16-10-2024T08:06:49 - [TEST_STEP][PASSED] - println(run): null

16-10-2024T08:06:49 - [TEST_STEP][PASSED] - if (run == 1): null

16-10-2024T08:06:49 - [TEST_STEP][PASSED] - else if (run == 2): null

16-10-2024T08:06:49 - [TEST_STEP][PASSED] - typeOfData = "Проценты": null

16-10-2024T08:06:49 - [TEST_STEP][PASSED] - println("todaysDate:" + todaysDate): null

16-10-2024T08:06:49 - [TEST_STEP][PASSED] - println("typeOfData:" + typeOfData): null

16-10-2024T08:06:49 - [TEST_STEP][PASSED] - viruchka = getText(findTestObject("Выручка в рублях/Фильтр Выручка" + nameOfBlock)): Text of object 'Object Repository/Выручка в рублях/Фильтр Выручка Выручка' is: 'ПЕРЕДАЧА ЭЛЕКТРОЭНЕРГИИ (ИТОГО, по всем видам тарифа)'

16-10-2024T08:06:49 - [MESSAGE][PASSED] - Text of object 'Object Repository/Выручка в рублях/Фильтр Выручка Выручка' is: 'ПЕРЕДАЧА ЭЛЕКТРОЭНЕРГИИ (ИТОГО, по всем видам тарифа)'

16-10-2024T08:06:49 - [TEST_STEP][PASSED] - println("viruchka" + viruchka): null

16-10-2024T08:06:49 - [TEST_STEP][PASSED] - println("vidget" + vidget): null

16-10-2024T08:06:49 - [TEST_STEP][PASSED] - println("a" + a): null

16-10-2024T08:06:49 - [TEST_STEP][PASSED] - println("b" + b): null

16-10-2024T08:06:49 - [TEST_STEP][PASSED] - sheetName = "Sheet1": null

16-10-2024T08:06:49 - [TEST_STEP][PASSED] - data = findTestData("PlanFact"): null

16-10-2024T08:06:49 - [TEST_STEP][PASSED] - n = data.getRowNumbers() + 1: null

16-10-2024T08:06:49 - [TEST_STEP][PASSED] - period = getText(findTestObject("Выручка в рублях/Фильтр Период")): Text of object 'Object Repository/Выручка в рублях/Фильтр Период' is: 'Июль, Август и 1, 2 кв. 2024 года'

16-10-2024T08:06:50 - [MESSAGE][PASSED] - Text of object 'Object Repository/Выручка в рублях/Фильтр Период' is: 'Июль, Август и 1, 2 кв. 2024 года'

16-10-2024T08:06:50 - [TEST_STEP][PASSED] - println(period): null

16-10-2024T08:06:50 - [TEST_STEP][PASSED] - dashboardName = "Выручка в рублях": null

16-10-2024T08:06:50 - [TEST_STEP][PASSED] - workbook01 = getWorkbook(excelFilePath): null

16-10-2024T08:06:50 - [TEST_STEP][PASSED] - sheet01 = getExcelSheet(workbook01, sheetName): null

16-10-2024T08:06:50 - [TEST_STEP][PASSED] - setValueToCellByIndex(sheet01, n, 0, dashboardName): null

16-10-2024T08:06:50 - [TEST_STEP][PASSED] - setValueToCellByIndex(sheet01, n, 1, dZO): null

16-10-2024T08:06:50 - [TEST_STEP][PASSED] - setValueToCellByIndex(sheet01, n, 2, vidget): null

16-10-2024T08:06:50 - [TEST_STEP][PASSED] - setValueToCellByIndex(sheet01, n, 3, viruchka): null

16-10-2024T08:06:50 - [TEST_STEP][PASSED] - setValueToCellByIndex(sheet01, n, 4, typeOfData): null

16-10-2024T08:06:50 - [TEST_STEP][PASSED] - if (a == null): null

16-10-2024T08:06:50 - [TEST_STEP][PASSED] - else: null

16-10-2024T08:06:50 - [TEST_STEP][PASSED] - setValueToCellByIndex(sheet01, n, 5, a): null

16-10-2024T08:06:50 - [TEST_STEP][PASSED] - if (b == null): null

16-10-2024T08:06:50 - [TEST_STEP][PASSED] - else: null

16-10-2024T08:06:50 - [TEST_STEP][PASSED] - setValueToCellByIndex(sheet01, n, 6, b): null

16-10-2024T08:06:50 - [TEST_STEP][PASSED] - setValueToCellByIndex(sheet01, n, 7, period): null

16-10-2024T08:06:50 - [TEST_STEP][PASSED] - setValueToCellByIndex(sheet01, n, 8, todaysDate): null

16-10-2024T08:06:50 - [TEST_STEP][PASSED] - n = n + 1: null

16-10-2024T08:06:50 - [TEST_STEP][PASSED] - saveWorkbook(excelFilePath, workbook01): null

16-10-2024T08:06:50 - [TEST_STEP][PASSED] - dZO = "Россети Волга": null

16-10-2024T08:06:50 - [TEST_STEP][FAILED] - if (verifyEqual(a33, b33) == false): null

16-10-2024T08:06:50 - [MESSAGE][FAILED] - Unable to verify equal between actual object '-49.88' and expected object '0.24' (Root cause: com.kms.katalon.core.exception.StepFailedException: Actual object '-49.88' and expected object '0.24' are not equal
	at com.kms.katalon.core.keyword.builtin.VerifyEqualKeyword$_verifyEqual_closure1.doCall(VerifyEqualKeyword.groovy:58)
	at com.kms.katalon.core.keyword.builtin.VerifyEqualKeyword$_verifyEqual_closure1.call(VerifyEqualKeyword.groovy)
	at com.kms.katalon.core.keyword.internal.KeywordMain.runKeyword(KeywordMain.groovy:75)
	at com.kms.katalon.core.keyword.builtin.VerifyEqualKeyword.verifyEqual(VerifyEqualKeyword.groovy:63)
	at com.kms.katalon.core.keyword.builtin.VerifyEqualKeyword.execute(VerifyEqualKeyword.groovy:44)
	at com.kms.katalon.core.keyword.internal.KeywordExecutor.executeKeywordForPlatform(KeywordExecutor.groovy:74)
	at com.kms.katalon.core.keyword.BuiltinKeywords.verifyEqual(BuiltinKeywords.groovy:146)
	at jdk.internal.reflect.GeneratedMethodAccessor25.invoke(Unknown Source)
	at java.base/jdk.internal.reflect.DelegatingMethodAccessorImpl.invoke(DelegatingMethodAccessorImpl.java:43)
	at Выручка в рублях сверка дашбордов ПАО Россети.Blocks(Выручка в рублях сверка дашбордов ПАО Россети:387)
	at Выручка в рублях сверка дашбордов ПАО Россети.ViruchkaChange(Выручка в рублях сверка дашбордов ПАО Россети:60)
	at Выручка в рублях сверка дашбордов ПАО Россети.run(Выручка в рублях сверка дашбордов ПАО Россети:55)
	at com.kms.katalon.core.main.ScriptEngine.run(ScriptEngine.java:194)
	at com.kms.katalon.core.main.ScriptEngine.runScriptAsRawText(ScriptEngine.java:119)
	at com.kms.katalon.core.main.TestCaseExecutor.runScript(TestCaseExecutor.java:448)
	at com.kms.katalon.core.main.TestCaseExecutor.doExecute(TestCaseExecutor.java:439)
	at com.kms.katalon.core.main.TestCaseExecutor.processExecutionPhase(TestCaseExecutor.java:418)
	at com.kms.katalon.core.main.TestCaseExecutor.accessMainPhase(TestCaseExecutor.java:410)
	at com.kms.katalon.core.main.TestCaseExecutor.execute(TestCaseExecutor.java:285)
	at com.kms.katalon.core.common.CommonExecutor.accessTestCaseMainPhase(CommonExecutor.java:65)
	at com.kms.katalon.core.main.TestSuiteExecutor.accessTestSuiteMainPhase(TestSuiteExecutor.java:150)
	at com.kms.katalon.core.main.TestSuiteExecutor.execute(TestSuiteExecutor.java:106)
	at com.kms.katalon.core.main.TestCaseMain.startTestSuite(TestCaseMain.java:180)
	at TempTestSuite1729050801829.run(TempTestSuite1729050801829.groovy:35)
	at java.base/jdk.internal.reflect.NativeMethodAccessorImpl.invoke0(Native Method)
	at java.base/jdk.internal.reflect.NativeMethodAccessorImpl.invoke(NativeMethodAccessorImpl.java:77)
	at java.base/jdk.internal.reflect.DelegatingMethodAccessorImpl.invoke(DelegatingMethodAccessorImpl.java:43)
)

16-10-2024T08:06:50 - [TEST_STEP][PASSED] - a = a33.toDouble(): null

16-10-2024T08:06:50 - [TEST_STEP][PASSED] - b = b33.toDouble(): null

16-10-2024T08:06:50 - [TEST_STEP][PASSED] - Script1710234207206.WriteToExcel(todaysDate, run, vir, block, typeOfData, viruchka, vidget, nameOfBlock, a, b, dZO): null

16-10-2024T08:06:50 - [TEST_STEP][PASSED] - println(run): null

16-10-2024T08:06:50 - [TEST_STEP][PASSED] - if (run == 1): null

16-10-2024T08:06:50 - [TEST_STEP][PASSED] - else if (run == 2): null

16-10-2024T08:06:50 - [TEST_STEP][PASSED] - typeOfData = "Проценты": null

16-10-2024T08:06:50 - [TEST_STEP][PASSED] - println("todaysDate:" + todaysDate): null

16-10-2024T08:06:50 - [TEST_STEP][PASSED] - println("typeOfData:" + typeOfData): null

16-10-2024T08:06:50 - [TEST_STEP][PASSED] - viruchka = getText(findTestObject("Выручка в рублях/Фильтр Выручка" + nameOfBlock)): Text of object 'Object Repository/Выручка в рублях/Фильтр Выручка Выручка' is: 'ПЕРЕДАЧА ЭЛЕКТРОЭНЕРГИИ (ИТОГО, по всем видам тарифа)'

16-10-2024T08:06:50 - [MESSAGE][PASSED] - Text of object 'Object Repository/Выручка в рублях/Фильтр Выручка Выручка' is: 'ПЕРЕДАЧА ЭЛЕКТРОЭНЕРГИИ (ИТОГО, по всем видам тарифа)'

16-10-2024T08:06:50 - [TEST_STEP][PASSED] - println("viruchka" + viruchka): null

16-10-2024T08:06:50 - [TEST_STEP][PASSED] - println("vidget" + vidget): null

16-10-2024T08:06:50 - [TEST_STEP][PASSED] - println("a" + a): null

16-10-2024T08:06:50 - [TEST_STEP][PASSED] - println("b" + b): null

16-10-2024T08:06:50 - [TEST_STEP][PASSED] - sheetName = "Sheet1": null

16-10-2024T08:06:50 - [TEST_STEP][PASSED] - data = findTestData("PlanFact"): null

16-10-2024T08:06:50 - [TEST_STEP][PASSED] - n = data.getRowNumbers() + 1: null

16-10-2024T08:06:50 - [TEST_STEP][PASSED] - period = getText(findTestObject("Выручка в рублях/Фильтр Период")): Text of object 'Object Repository/Выручка в рублях/Фильтр Период' is: 'Июль, Август и 1, 2 кв. 2024 года'

16-10-2024T08:06:51 - [MESSAGE][PASSED] - Text of object 'Object Repository/Выручка в рублях/Фильтр Период' is: 'Июль, Август и 1, 2 кв. 2024 года'

16-10-2024T08:06:51 - [TEST_STEP][PASSED] - println(period): null

16-10-2024T08:06:51 - [TEST_STEP][PASSED] - dashboardName = "Выручка в рублях": null

16-10-2024T08:06:51 - [TEST_STEP][PASSED] - workbook01 = getWorkbook(excelFilePath): null

16-10-2024T08:06:51 - [TEST_STEP][PASSED] - sheet01 = getExcelSheet(workbook01, sheetName): null

16-10-2024T08:06:51 - [TEST_STEP][PASSED] - setValueToCellByIndex(sheet01, n, 0, dashboardName): null

16-10-2024T08:06:51 - [TEST_STEP][PASSED] - setValueToCellByIndex(sheet01, n, 1, dZO): null

16-10-2024T08:06:51 - [TEST_STEP][PASSED] - setValueToCellByIndex(sheet01, n, 2, vidget): null

16-10-2024T08:06:51 - [TEST_STEP][PASSED] - setValueToCellByIndex(sheet01, n, 3, viruchka): null

16-10-2024T08:06:51 - [TEST_STEP][PASSED] - setValueToCellByIndex(sheet01, n, 4, typeOfData): null

16-10-2024T08:06:51 - [TEST_STEP][PASSED] - if (a == null): null

16-10-2024T08:06:51 - [TEST_STEP][PASSED] - else: null

16-10-2024T08:06:51 - [TEST_STEP][PASSED] - setValueToCellByIndex(sheet01, n, 5, a): null

16-10-2024T08:06:51 - [TEST_STEP][PASSED] - if (b == null): null

16-10-2024T08:06:51 - [TEST_STEP][PASSED] - else: null

16-10-2024T08:06:51 - [TEST_STEP][PASSED] - setValueToCellByIndex(sheet01, n, 6, b): null

16-10-2024T08:06:51 - [TEST_STEP][PASSED] - setValueToCellByIndex(sheet01, n, 7, period): null

16-10-2024T08:06:51 - [TEST_STEP][PASSED] - setValueToCellByIndex(sheet01, n, 8, todaysDate): null

16-10-2024T08:06:51 - [TEST_STEP][PASSED] - n = n + 1: null

16-10-2024T08:06:51 - [TEST_STEP][PASSED] - saveWorkbook(excelFilePath, workbook01): null

16-10-2024T08:06:51 - [TEST_STEP][PASSED] - dZO = "Россети Кубань": null

16-10-2024T08:06:51 - [TEST_STEP][FAILED] - if (verifyEqual(a34, b34) == false): null

16-10-2024T08:06:51 - [MESSAGE][FAILED] - Unable to verify equal between actual object '-47.01' and expected object '5.99' (Root cause: com.kms.katalon.core.exception.StepFailedException: Actual object '-47.01' and expected object '5.99' are not equal
	at com.kms.katalon.core.keyword.builtin.VerifyEqualKeyword$_verifyEqual_closure1.doCall(VerifyEqualKeyword.groovy:58)
	at com.kms.katalon.core.keyword.builtin.VerifyEqualKeyword$_verifyEqual_closure1.call(VerifyEqualKeyword.groovy)
	at com.kms.katalon.core.keyword.internal.KeywordMain.runKeyword(KeywordMain.groovy:75)
	at com.kms.katalon.core.keyword.builtin.VerifyEqualKeyword.verifyEqual(VerifyEqualKeyword.groovy:63)
	at com.kms.katalon.core.keyword.builtin.VerifyEqualKeyword.execute(VerifyEqualKeyword.groovy:44)
	at com.kms.katalon.core.keyword.internal.KeywordExecutor.executeKeywordForPlatform(KeywordExecutor.groovy:74)
	at com.kms.katalon.core.keyword.BuiltinKeywords.verifyEqual(BuiltinKeywords.groovy:146)
	at jdk.internal.reflect.GeneratedMethodAccessor25.invoke(Unknown Source)
	at java.base/jdk.internal.reflect.DelegatingMethodAccessorImpl.invoke(DelegatingMethodAccessorImpl.java:43)
	at Выручка в рублях сверка дашбордов ПАО Россети.Blocks(Выручка в рублях сверка дашбордов ПАО Россети:397)
	at Выручка в рублях сверка дашбордов ПАО Россети.ViruchkaChange(Выручка в рублях сверка дашбордов ПАО Россети:60)
	at Выручка в рублях сверка дашбордов ПАО Россети.run(Выручка в рублях сверка дашбордов ПАО Россети:55)
	at com.kms.katalon.core.main.ScriptEngine.run(ScriptEngine.java:194)
	at com.kms.katalon.core.main.ScriptEngine.runScriptAsRawText(ScriptEngine.java:119)
	at com.kms.katalon.core.main.TestCaseExecutor.runScript(TestCaseExecutor.java:448)
	at com.kms.katalon.core.main.TestCaseExecutor.doExecute(TestCaseExecutor.java:439)
	at com.kms.katalon.core.main.TestCaseExecutor.processExecutionPhase(TestCaseExecutor.java:418)
	at com.kms.katalon.core.main.TestCaseExecutor.accessMainPhase(TestCaseExecutor.java:410)
	at com.kms.katalon.core.main.TestCaseExecutor.execute(TestCaseExecutor.java:285)
	at com.kms.katalon.core.common.CommonExecutor.accessTestCaseMainPhase(CommonExecutor.java:65)
	at com.kms.katalon.core.main.TestSuiteExecutor.accessTestSuiteMainPhase(TestSuiteExecutor.java:150)
	at com.kms.katalon.core.main.TestSuiteExecutor.execute(TestSuiteExecutor.java:106)
	at com.kms.katalon.core.main.TestCaseMain.startTestSuite(TestCaseMain.java:180)
	at TempTestSuite1729050801829.run(TempTestSuite1729050801829.groovy:35)
	at java.base/jdk.internal.reflect.NativeMethodAccessorImpl.invoke0(Native Method)
	at java.base/jdk.internal.reflect.NativeMethodAccessorImpl.invoke(NativeMethodAccessorImpl.java:77)
	at java.base/jdk.internal.reflect.DelegatingMethodAccessorImpl.invoke(DelegatingMethodAccessorImpl.java:43)
)

16-10-2024T08:06:51 - [TEST_STEP][PASSED] - a = a34.toDouble(): null

16-10-2024T08:06:51 - [TEST_STEP][PASSED] - b = b34.toDouble(): null

16-10-2024T08:06:51 - [TEST_STEP][PASSED] - Script1710234207206.WriteToExcel(todaysDate, run, vir, block, typeOfData, viruchka, vidget, nameOfBlock, a, b, dZO): null

16-10-2024T08:06:51 - [TEST_STEP][PASSED] - println(run): null

16-10-2024T08:06:51 - [TEST_STEP][PASSED] - if (run == 1): null

16-10-2024T08:06:51 - [TEST_STEP][PASSED] - else if (run == 2): null

16-10-2024T08:06:51 - [TEST_STEP][PASSED] - typeOfData = "Проценты": null

16-10-2024T08:06:51 - [TEST_STEP][PASSED] - println("todaysDate:" + todaysDate): null

16-10-2024T08:06:51 - [TEST_STEP][PASSED] - println("typeOfData:" + typeOfData): null

16-10-2024T08:06:51 - [TEST_STEP][PASSED] - viruchka = getText(findTestObject("Выручка в рублях/Фильтр Выручка" + nameOfBlock)): Text of object 'Object Repository/Выручка в рублях/Фильтр Выручка Выручка' is: 'ПЕРЕДАЧА ЭЛЕКТРОЭНЕРГИИ (ИТОГО, по всем видам тарифа)'

16-10-2024T08:06:51 - [MESSAGE][PASSED] - Text of object 'Object Repository/Выручка в рублях/Фильтр Выручка Выручка' is: 'ПЕРЕДАЧА ЭЛЕКТРОЭНЕРГИИ (ИТОГО, по всем видам тарифа)'

16-10-2024T08:06:51 - [TEST_STEP][PASSED] - println("viruchka" + viruchka): null

16-10-2024T08:06:51 - [TEST_STEP][PASSED] - println("vidget" + vidget): null

16-10-2024T08:06:51 - [TEST_STEP][PASSED] - println("a" + a): null

16-10-2024T08:06:51 - [TEST_STEP][PASSED] - println("b" + b): null

16-10-2024T08:06:51 - [TEST_STEP][PASSED] - sheetName = "Sheet1": null

16-10-2024T08:06:51 - [TEST_STEP][PASSED] - data = findTestData("PlanFact"): null

16-10-2024T08:06:51 - [TEST_STEP][PASSED] - n = data.getRowNumbers() + 1: null

16-10-2024T08:06:51 - [TEST_STEP][PASSED] - period = getText(findTestObject("Выручка в рублях/Фильтр Период")): Text of object 'Object Repository/Выручка в рублях/Фильтр Период' is: 'Июль, Август и 1, 2 кв. 2024 года'

16-10-2024T08:06:52 - [MESSAGE][PASSED] - Text of object 'Object Repository/Выручка в рублях/Фильтр Период' is: 'Июль, Август и 1, 2 кв. 2024 года'

16-10-2024T08:06:52 - [TEST_STEP][PASSED] - println(period): null

16-10-2024T08:06:52 - [TEST_STEP][PASSED] - dashboardName = "Выручка в рублях": null

16-10-2024T08:06:52 - [TEST_STEP][PASSED] - workbook01 = getWorkbook(excelFilePath): null

16-10-2024T08:06:52 - [TEST_STEP][PASSED] - sheet01 = getExcelSheet(workbook01, sheetName): null

16-10-2024T08:06:52 - [TEST_STEP][PASSED] - setValueToCellByIndex(sheet01, n, 0, dashboardName): null

16-10-2024T08:06:52 - [TEST_STEP][PASSED] - setValueToCellByIndex(sheet01, n, 1, dZO): null

16-10-2024T08:06:52 - [TEST_STEP][PASSED] - setValueToCellByIndex(sheet01, n, 2, vidget): null

16-10-2024T08:06:52 - [TEST_STEP][PASSED] - setValueToCellByIndex(sheet01, n, 3, viruchka): null

16-10-2024T08:06:52 - [TEST_STEP][PASSED] - setValueToCellByIndex(sheet01, n, 4, typeOfData): null

16-10-2024T08:06:52 - [TEST_STEP][PASSED] - if (a == null): null

16-10-2024T08:06:52 - [TEST_STEP][PASSED] - else: null

16-10-2024T08:06:52 - [TEST_STEP][PASSED] - setValueToCellByIndex(sheet01, n, 5, a): null

16-10-2024T08:06:52 - [TEST_STEP][PASSED] - if (b == null): null

16-10-2024T08:06:52 - [TEST_STEP][PASSED] - else: null

16-10-2024T08:06:52 - [TEST_STEP][PASSED] - setValueToCellByIndex(sheet01, n, 6, b): null

16-10-2024T08:06:52 - [TEST_STEP][PASSED] - setValueToCellByIndex(sheet01, n, 7, period): null

16-10-2024T08:06:52 - [TEST_STEP][PASSED] - setValueToCellByIndex(sheet01, n, 8, todaysDate): null

16-10-2024T08:06:52 - [TEST_STEP][PASSED] - n = n + 1: null

16-10-2024T08:06:52 - [TEST_STEP][PASSED] - saveWorkbook(excelFilePath, workbook01): null

16-10-2024T08:06:52 - [TEST_STEP][PASSED] - dZO = "Россети Ленэнерго (ГК)": null

16-10-2024T08:06:52 - [TEST_STEP][FAILED] - if (verifyEqual(a35, b35) == false): null

16-10-2024T08:06:52 - [MESSAGE][FAILED] - Unable to verify equal between actual object '-47.21' and expected object '5.58' (Root cause: com.kms.katalon.core.exception.StepFailedException: Actual object '-47.21' and expected object '5.58' are not equal
	at com.kms.katalon.core.keyword.builtin.VerifyEqualKeyword$_verifyEqual_closure1.doCall(VerifyEqualKeyword.groovy:58)
	at com.kms.katalon.core.keyword.builtin.VerifyEqualKeyword$_verifyEqual_closure1.call(VerifyEqualKeyword.groovy)
	at com.kms.katalon.core.keyword.internal.KeywordMain.runKeyword(KeywordMain.groovy:75)
	at com.kms.katalon.core.keyword.builtin.VerifyEqualKeyword.verifyEqual(VerifyEqualKeyword.groovy:63)
	at com.kms.katalon.core.keyword.builtin.VerifyEqualKeyword.execute(VerifyEqualKeyword.groovy:44)
	at com.kms.katalon.core.keyword.internal.KeywordExecutor.executeKeywordForPlatform(KeywordExecutor.groovy:74)
	at com.kms.katalon.core.keyword.BuiltinKeywords.verifyEqual(BuiltinKeywords.groovy:146)
	at jdk.internal.reflect.GeneratedMethodAccessor25.invoke(Unknown Source)
	at java.base/jdk.internal.reflect.DelegatingMethodAccessorImpl.invoke(DelegatingMethodAccessorImpl.java:43)
	at Выручка в рублях сверка дашбордов ПАО Россети.Blocks(Выручка в рублях сверка дашбордов ПАО Россети:407)
	at Выручка в рублях сверка дашбордов ПАО Россети.ViruchkaChange(Выручка в рублях сверка дашбордов ПАО Россети:60)
	at Выручка в рублях сверка дашбордов ПАО Россети.run(Выручка в рублях сверка дашбордов ПАО Россети:55)
	at com.kms.katalon.core.main.ScriptEngine.run(ScriptEngine.java:194)
	at com.kms.katalon.core.main.ScriptEngine.runScriptAsRawText(ScriptEngine.java:119)
	at com.kms.katalon.core.main.TestCaseExecutor.runScript(TestCaseExecutor.java:448)
	at com.kms.katalon.core.main.TestCaseExecutor.doExecute(TestCaseExecutor.java:439)
	at com.kms.katalon.core.main.TestCaseExecutor.processExecutionPhase(TestCaseExecutor.java:418)
	at com.kms.katalon.core.main.TestCaseExecutor.accessMainPhase(TestCaseExecutor.java:410)
	at com.kms.katalon.core.main.TestCaseExecutor.execute(TestCaseExecutor.java:285)
	at com.kms.katalon.core.common.CommonExecutor.accessTestCaseMainPhase(CommonExecutor.java:65)
	at com.kms.katalon.core.main.TestSuiteExecutor.accessTestSuiteMainPhase(TestSuiteExecutor.java:150)
	at com.kms.katalon.core.main.TestSuiteExecutor.execute(TestSuiteExecutor.java:106)
	at com.kms.katalon.core.main.TestCaseMain.startTestSuite(TestCaseMain.java:180)
	at TempTestSuite1729050801829.run(TempTestSuite1729050801829.groovy:35)
	at java.base/jdk.internal.reflect.NativeMethodAccessorImpl.invoke0(Native Method)
	at java.base/jdk.internal.reflect.NativeMethodAccessorImpl.invoke(NativeMethodAccessorImpl.java:77)
	at java.base/jdk.internal.reflect.DelegatingMethodAccessorImpl.invoke(DelegatingMethodAccessorImpl.java:43)
)

16-10-2024T08:06:52 - [TEST_STEP][PASSED] - a = a35.toDouble(): null

16-10-2024T08:06:52 - [TEST_STEP][PASSED] - b = b35.toDouble(): null

16-10-2024T08:06:52 - [TEST_STEP][PASSED] - Script1710234207206.WriteToExcel(todaysDate, run, vir, block, typeOfData, viruchka, vidget, nameOfBlock, a, b, dZO): null

16-10-2024T08:06:52 - [TEST_STEP][PASSED] - println(run): null

16-10-2024T08:06:52 - [TEST_STEP][PASSED] - if (run == 1): null

16-10-2024T08:06:52 - [TEST_STEP][PASSED] - else if (run == 2): null

16-10-2024T08:06:52 - [TEST_STEP][PASSED] - typeOfData = "Проценты": null

16-10-2024T08:06:52 - [TEST_STEP][PASSED] - println("todaysDate:" + todaysDate): null

16-10-2024T08:06:52 - [TEST_STEP][PASSED] - println("typeOfData:" + typeOfData): null

16-10-2024T08:06:52 - [TEST_STEP][PASSED] - viruchka = getText(findTestObject("Выручка в рублях/Фильтр Выручка" + nameOfBlock)): Text of object 'Object Repository/Выручка в рублях/Фильтр Выручка Выручка' is: 'ПЕРЕДАЧА ЭЛЕКТРОЭНЕРГИИ (ИТОГО, по всем видам тарифа)'

16-10-2024T08:06:52 - [MESSAGE][PASSED] - Text of object 'Object Repository/Выручка в рублях/Фильтр Выручка Выручка' is: 'ПЕРЕДАЧА ЭЛЕКТРОЭНЕРГИИ (ИТОГО, по всем видам тарифа)'

16-10-2024T08:06:52 - [TEST_STEP][PASSED] - println("viruchka" + viruchka): null

16-10-2024T08:06:52 - [TEST_STEP][PASSED] - println("vidget" + vidget): null

16-10-2024T08:06:52 - [TEST_STEP][PASSED] - println("a" + a): null

16-10-2024T08:06:52 - [TEST_STEP][PASSED] - println("b" + b): null

16-10-2024T08:06:52 - [TEST_STEP][PASSED] - sheetName = "Sheet1": null

16-10-2024T08:06:52 - [TEST_STEP][PASSED] - data = findTestData("PlanFact"): null

16-10-2024T08:06:52 - [TEST_STEP][PASSED] - n = data.getRowNumbers() + 1: null

16-10-2024T08:06:52 - [TEST_STEP][PASSED] - period = getText(findTestObject("Выручка в рублях/Фильтр Период")): Text of object 'Object Repository/Выручка в рублях/Фильтр Период' is: 'Июль, Август и 1, 2 кв. 2024 года'

16-10-2024T08:06:53 - [MESSAGE][PASSED] - Text of object 'Object Repository/Выручка в рублях/Фильтр Период' is: 'Июль, Август и 1, 2 кв. 2024 года'

16-10-2024T08:06:53 - [TEST_STEP][PASSED] - println(period): null

16-10-2024T08:06:53 - [TEST_STEP][PASSED] - dashboardName = "Выручка в рублях": null

16-10-2024T08:06:53 - [TEST_STEP][PASSED] - workbook01 = getWorkbook(excelFilePath): null

16-10-2024T08:06:53 - [TEST_STEP][PASSED] - sheet01 = getExcelSheet(workbook01, sheetName): null

16-10-2024T08:06:53 - [TEST_STEP][PASSED] - setValueToCellByIndex(sheet01, n, 0, dashboardName): null

16-10-2024T08:06:53 - [TEST_STEP][PASSED] - setValueToCellByIndex(sheet01, n, 1, dZO): null

16-10-2024T08:06:53 - [TEST_STEP][PASSED] - setValueToCellByIndex(sheet01, n, 2, vidget): null

16-10-2024T08:06:53 - [TEST_STEP][PASSED] - setValueToCellByIndex(sheet01, n, 3, viruchka): null

16-10-2024T08:06:53 - [TEST_STEP][PASSED] - setValueToCellByIndex(sheet01, n, 4, typeOfData): null

16-10-2024T08:06:53 - [TEST_STEP][PASSED] - if (a == null): null

16-10-2024T08:06:53 - [TEST_STEP][PASSED] - else: null

16-10-2024T08:06:53 - [TEST_STEP][PASSED] - setValueToCellByIndex(sheet01, n, 5, a): null

16-10-2024T08:06:53 - [TEST_STEP][PASSED] - if (b == null): null

16-10-2024T08:06:53 - [TEST_STEP][PASSED] - else: null

16-10-2024T08:06:53 - [TEST_STEP][PASSED] - setValueToCellByIndex(sheet01, n, 6, b): null

16-10-2024T08:06:53 - [TEST_STEP][PASSED] - setValueToCellByIndex(sheet01, n, 7, period): null

16-10-2024T08:06:53 - [TEST_STEP][PASSED] - setValueToCellByIndex(sheet01, n, 8, todaysDate): null

16-10-2024T08:06:53 - [TEST_STEP][PASSED] - n = n + 1: null

16-10-2024T08:06:53 - [TEST_STEP][PASSED] - saveWorkbook(excelFilePath, workbook01): null

16-10-2024T08:06:53 - [TEST_STEP][PASSED] - dZO = "Россети Московский регион": null

16-10-2024T08:06:53 - [TEST_STEP][PASSED] - if (verifyEqual(a36, b36) == false): Actual object '5.03' and expected object '5.03' are equal

16-10-2024T08:06:53 - [MESSAGE][PASSED] - Actual object '5.03' and expected object '5.03' are equal

16-10-2024T08:06:53 - [TEST_STEP][PASSED] - dZO = "Россети Северный Кавказ (ГК)": null

16-10-2024T08:06:53 - [TEST_STEP][FAILED] - if (verifyEqual(a37, b37) == false): null

16-10-2024T08:06:53 - [MESSAGE][FAILED] - Unable to verify equal between actual object '-48.91' and expected object '2.55' (Root cause: com.kms.katalon.core.exception.StepFailedException: Actual object '-48.91' and expected object '2.55' are not equal
	at com.kms.katalon.core.keyword.builtin.VerifyEqualKeyword$_verifyEqual_closure1.doCall(VerifyEqualKeyword.groovy:58)
	at com.kms.katalon.core.keyword.builtin.VerifyEqualKeyword$_verifyEqual_closure1.call(VerifyEqualKeyword.groovy)
	at com.kms.katalon.core.keyword.internal.KeywordMain.runKeyword(KeywordMain.groovy:75)
	at com.kms.katalon.core.keyword.builtin.VerifyEqualKeyword.verifyEqual(VerifyEqualKeyword.groovy:63)
	at com.kms.katalon.core.keyword.builtin.VerifyEqualKeyword.execute(VerifyEqualKeyword.groovy:44)
	at com.kms.katalon.core.keyword.internal.KeywordExecutor.executeKeywordForPlatform(KeywordExecutor.groovy:74)
	at com.kms.katalon.core.keyword.BuiltinKeywords.verifyEqual(BuiltinKeywords.groovy:146)
	at jdk.internal.reflect.GeneratedMethodAccessor25.invoke(Unknown Source)
	at java.base/jdk.internal.reflect.DelegatingMethodAccessorImpl.invoke(DelegatingMethodAccessorImpl.java:43)
	at Выручка в рублях сверка дашбордов ПАО Россети.Blocks(Выручка в рублях сверка дашбордов ПАО Россети:427)
	at Выручка в рублях сверка дашбордов ПАО Россети.ViruchkaChange(Выручка в рублях сверка дашбордов ПАО Россети:60)
	at Выручка в рублях сверка дашбордов ПАО Россети.run(Выручка в рублях сверка дашбордов ПАО Россети:55)
	at com.kms.katalon.core.main.ScriptEngine.run(ScriptEngine.java:194)
	at com.kms.katalon.core.main.ScriptEngine.runScriptAsRawText(ScriptEngine.java:119)
	at com.kms.katalon.core.main.TestCaseExecutor.runScript(TestCaseExecutor.java:448)
	at com.kms.katalon.core.main.TestCaseExecutor.doExecute(TestCaseExecutor.java:439)
	at com.kms.katalon.core.main.TestCaseExecutor.processExecutionPhase(TestCaseExecutor.java:418)
	at com.kms.katalon.core.main.TestCaseExecutor.accessMainPhase(TestCaseExecutor.java:410)
	at com.kms.katalon.core.main.TestCaseExecutor.execute(TestCaseExecutor.java:285)
	at com.kms.katalon.core.common.CommonExecutor.accessTestCaseMainPhase(CommonExecutor.java:65)
	at com.kms.katalon.core.main.TestSuiteExecutor.accessTestSuiteMainPhase(TestSuiteExecutor.java:150)
	at com.kms.katalon.core.main.TestSuiteExecutor.execute(TestSuiteExecutor.java:106)
	at com.kms.katalon.core.main.TestCaseMain.startTestSuite(TestCaseMain.java:180)
	at TempTestSuite1729050801829.run(TempTestSuite1729050801829.groovy:35)
	at java.base/jdk.internal.reflect.NativeMethodAccessorImpl.invoke0(Native Method)
	at java.base/jdk.internal.reflect.NativeMethodAccessorImpl.invoke(NativeMethodAccessorImpl.java:77)
	at java.base/jdk.internal.reflect.DelegatingMethodAccessorImpl.invoke(DelegatingMethodAccessorImpl.java:43)
)

16-10-2024T08:06:53 - [TEST_STEP][PASSED] - a = a37.toDouble(): null

16-10-2024T08:06:53 - [TEST_STEP][PASSED] - b = b37.toDouble(): null

16-10-2024T08:06:53 - [TEST_STEP][PASSED] - Script1710234207206.WriteToExcel(todaysDate, run, vir, block, typeOfData, viruchka, vidget, nameOfBlock, a, b, dZO): null

16-10-2024T08:06:53 - [TEST_STEP][PASSED] - println(run): null

16-10-2024T08:06:53 - [TEST_STEP][PASSED] - if (run == 1): null

16-10-2024T08:06:53 - [TEST_STEP][PASSED] - else if (run == 2): null

16-10-2024T08:06:53 - [TEST_STEP][PASSED] - typeOfData = "Проценты": null

16-10-2024T08:06:53 - [TEST_STEP][PASSED] - println("todaysDate:" + todaysDate): null

16-10-2024T08:06:53 - [TEST_STEP][PASSED] - println("typeOfData:" + typeOfData): null

16-10-2024T08:06:53 - [TEST_STEP][PASSED] - viruchka = getText(findTestObject("Выручка в рублях/Фильтр Выручка" + nameOfBlock)): Text of object 'Object Repository/Выручка в рублях/Фильтр Выручка Выручка' is: 'ПЕРЕДАЧА ЭЛЕКТРОЭНЕРГИИ (ИТОГО, по всем видам тарифа)'

16-10-2024T08:06:53 - [MESSAGE][PASSED] - Text of object 'Object Repository/Выручка в рублях/Фильтр Выручка Выручка' is: 'ПЕРЕДАЧА ЭЛЕКТРОЭНЕРГИИ (ИТОГО, по всем видам тарифа)'

16-10-2024T08:06:53 - [TEST_STEP][PASSED] - println("viruchka" + viruchka): null

16-10-2024T08:06:53 - [TEST_STEP][PASSED] - println("vidget" + vidget): null

16-10-2024T08:06:53 - [TEST_STEP][PASSED] - println("a" + a): null

16-10-2024T08:06:53 - [TEST_STEP][PASSED] - println("b" + b): null

16-10-2024T08:06:53 - [TEST_STEP][PASSED] - sheetName = "Sheet1": null

16-10-2024T08:06:53 - [TEST_STEP][PASSED] - data = findTestData("PlanFact"): null

16-10-2024T08:06:53 - [TEST_STEP][PASSED] - n = data.getRowNumbers() + 1: null

16-10-2024T08:06:53 - [TEST_STEP][PASSED] - period = getText(findTestObject("Выручка в рублях/Фильтр Период")): Text of object 'Object Repository/Выручка в рублях/Фильтр Период' is: 'Июль, Август и 1, 2 кв. 2024 года'

16-10-2024T08:06:53 - [MESSAGE][PASSED] - Text of object 'Object Repository/Выручка в рублях/Фильтр Период' is: 'Июль, Август и 1, 2 кв. 2024 года'

16-10-2024T08:06:53 - [TEST_STEP][PASSED] - println(period): null

16-10-2024T08:06:53 - [TEST_STEP][PASSED] - dashboardName = "Выручка в рублях": null

16-10-2024T08:06:53 - [TEST_STEP][PASSED] - workbook01 = getWorkbook(excelFilePath): null

16-10-2024T08:06:54 - [TEST_STEP][PASSED] - sheet01 = getExcelSheet(workbook01, sheetName): null

16-10-2024T08:06:54 - [TEST_STEP][PASSED] - setValueToCellByIndex(sheet01, n, 0, dashboardName): null

16-10-2024T08:06:54 - [TEST_STEP][PASSED] - setValueToCellByIndex(sheet01, n, 1, dZO): null

16-10-2024T08:06:54 - [TEST_STEP][PASSED] - setValueToCellByIndex(sheet01, n, 2, vidget): null

16-10-2024T08:06:54 - [TEST_STEP][PASSED] - setValueToCellByIndex(sheet01, n, 3, viruchka): null

16-10-2024T08:06:54 - [TEST_STEP][PASSED] - setValueToCellByIndex(sheet01, n, 4, typeOfData): null

16-10-2024T08:06:54 - [TEST_STEP][PASSED] - if (a == null): null

16-10-2024T08:06:54 - [TEST_STEP][PASSED] - else: null

16-10-2024T08:06:54 - [TEST_STEP][PASSED] - setValueToCellByIndex(sheet01, n, 5, a): null

16-10-2024T08:06:54 - [TEST_STEP][PASSED] - if (b == null): null

16-10-2024T08:06:54 - [TEST_STEP][PASSED] - else: null

16-10-2024T08:06:54 - [TEST_STEP][PASSED] - setValueToCellByIndex(sheet01, n, 6, b): null

16-10-2024T08:06:54 - [TEST_STEP][PASSED] - setValueToCellByIndex(sheet01, n, 7, period): null

16-10-2024T08:06:54 - [TEST_STEP][PASSED] - setValueToCellByIndex(sheet01, n, 8, todaysDate): null

16-10-2024T08:06:54 - [TEST_STEP][PASSED] - n = n + 1: null

16-10-2024T08:06:54 - [TEST_STEP][PASSED] - saveWorkbook(excelFilePath, workbook01): null

16-10-2024T08:06:54 - [TEST_STEP][PASSED] - dZO = "Россети Северо-Запад": null

16-10-2024T08:06:54 - [TEST_STEP][PASSED] - if (verifyEqual(a38, b38) == false): Actual object '2.9' and expected object '2.9' are equal

16-10-2024T08:06:54 - [MESSAGE][PASSED] - Actual object '2.9' and expected object '2.9' are equal

16-10-2024T08:06:54 - [TEST_STEP][PASSED] - dZO = "Россети Сибирь (ГК)": null

16-10-2024T08:06:54 - [TEST_STEP][PASSED] - if (verifyEqual(a39, b39) == false): Actual object '4.21' and expected object '4.21' are equal

16-10-2024T08:06:54 - [MESSAGE][PASSED] - Actual object '4.21' and expected object '4.21' are equal

16-10-2024T08:06:54 - [TEST_STEP][PASSED] - dZO = "Россети Томск": null

16-10-2024T08:06:54 - [TEST_STEP][FAILED] - if (verifyEqual(a310, b310) == false): null

16-10-2024T08:06:54 - [MESSAGE][FAILED] - Unable to verify equal between actual object '-48.15' and expected object '3.71' (Root cause: com.kms.katalon.core.exception.StepFailedException: Actual object '-48.15' and expected object '3.71' are not equal
	at com.kms.katalon.core.keyword.builtin.VerifyEqualKeyword$_verifyEqual_closure1.doCall(VerifyEqualKeyword.groovy:58)
	at com.kms.katalon.core.keyword.builtin.VerifyEqualKeyword$_verifyEqual_closure1.call(VerifyEqualKeyword.groovy)
	at com.kms.katalon.core.keyword.internal.KeywordMain.runKeyword(KeywordMain.groovy:75)
	at com.kms.katalon.core.keyword.builtin.VerifyEqualKeyword.verifyEqual(VerifyEqualKeyword.groovy:63)
	at com.kms.katalon.core.keyword.builtin.VerifyEqualKeyword.execute(VerifyEqualKeyword.groovy:44)
	at com.kms.katalon.core.keyword.internal.KeywordExecutor.executeKeywordForPlatform(KeywordExecutor.groovy:74)
	at com.kms.katalon.core.keyword.BuiltinKeywords.verifyEqual(BuiltinKeywords.groovy:146)
	at jdk.internal.reflect.GeneratedMethodAccessor25.invoke(Unknown Source)
	at java.base/jdk.internal.reflect.DelegatingMethodAccessorImpl.invoke(DelegatingMethodAccessorImpl.java:43)
	at Выручка в рублях сверка дашбордов ПАО Россети.Blocks(Выручка в рублях сверка дашбордов ПАО Россети:457)
	at Выручка в рублях сверка дашбордов ПАО Россети.ViruchkaChange(Выручка в рублях сверка дашбордов ПАО Россети:60)
	at Выручка в рублях сверка дашбордов ПАО Россети.run(Выручка в рублях сверка дашбордов ПАО Россети:55)
	at com.kms.katalon.core.main.ScriptEngine.run(ScriptEngine.java:194)
	at com.kms.katalon.core.main.ScriptEngine.runScriptAsRawText(ScriptEngine.java:119)
	at com.kms.katalon.core.main.TestCaseExecutor.runScript(TestCaseExecutor.java:448)
	at com.kms.katalon.core.main.TestCaseExecutor.doExecute(TestCaseExecutor.java:439)
	at com.kms.katalon.core.main.TestCaseExecutor.processExecutionPhase(TestCaseExecutor.java:418)
	at com.kms.katalon.core.main.TestCaseExecutor.accessMainPhase(TestCaseExecutor.java:410)
	at com.kms.katalon.core.main.TestCaseExecutor.execute(TestCaseExecutor.java:285)
	at com.kms.katalon.core.common.CommonExecutor.accessTestCaseMainPhase(CommonExecutor.java:65)
	at com.kms.katalon.core.main.TestSuiteExecutor.accessTestSuiteMainPhase(TestSuiteExecutor.java:150)
	at com.kms.katalon.core.main.TestSuiteExecutor.execute(TestSuiteExecutor.java:106)
	at com.kms.katalon.core.main.TestCaseMain.startTestSuite(TestCaseMain.java:180)
	at TempTestSuite1729050801829.run(TempTestSuite1729050801829.groovy:35)
	at java.base/jdk.internal.reflect.NativeMethodAccessorImpl.invoke0(Native Method)
	at java.base/jdk.internal.reflect.NativeMethodAccessorImpl.invoke(NativeMethodAccessorImpl.java:77)
	at java.base/jdk.internal.reflect.DelegatingMethodAccessorImpl.invoke(DelegatingMethodAccessorImpl.java:43)
)

16-10-2024T08:06:54 - [TEST_STEP][PASSED] - a = a310.toDouble(): null

16-10-2024T08:06:54 - [TEST_STEP][PASSED] - b = b310.toDouble(): null

16-10-2024T08:06:54 - [TEST_STEP][PASSED] - Script1710234207206.WriteToExcel(todaysDate, run, vir, block, typeOfData, viruchka, vidget, nameOfBlock, a, b, dZO): null

16-10-2024T08:06:54 - [TEST_STEP][PASSED] - println(run): null

16-10-2024T08:06:54 - [TEST_STEP][PASSED] - if (run == 1): null

16-10-2024T08:06:54 - [TEST_STEP][PASSED] - else if (run == 2): null

16-10-2024T08:06:54 - [TEST_STEP][PASSED] - typeOfData = "Проценты": null

16-10-2024T08:06:54 - [TEST_STEP][PASSED] - println("todaysDate:" + todaysDate): null

16-10-2024T08:06:54 - [TEST_STEP][PASSED] - println("typeOfData:" + typeOfData): null

16-10-2024T08:06:54 - [TEST_STEP][PASSED] - viruchka = getText(findTestObject("Выручка в рублях/Фильтр Выручка" + nameOfBlock)): Text of object 'Object Repository/Выручка в рублях/Фильтр Выручка Выручка' is: 'ПЕРЕДАЧА ЭЛЕКТРОЭНЕРГИИ (ИТОГО, по всем видам тарифа)'

16-10-2024T08:06:54 - [MESSAGE][PASSED] - Text of object 'Object Repository/Выручка в рублях/Фильтр Выручка Выручка' is: 'ПЕРЕДАЧА ЭЛЕКТРОЭНЕРГИИ (ИТОГО, по всем видам тарифа)'

16-10-2024T08:06:54 - [TEST_STEP][PASSED] - println("viruchka" + viruchka): null

16-10-2024T08:06:54 - [TEST_STEP][PASSED] - println("vidget" + vidget): null

16-10-2024T08:06:54 - [TEST_STEP][PASSED] - println("a" + a): null

16-10-2024T08:06:54 - [TEST_STEP][PASSED] - println("b" + b): null

16-10-2024T08:06:54 - [TEST_STEP][PASSED] - sheetName = "Sheet1": null

16-10-2024T08:06:54 - [TEST_STEP][PASSED] - data = findTestData("PlanFact"): null

16-10-2024T08:06:54 - [TEST_STEP][PASSED] - n = data.getRowNumbers() + 1: null

16-10-2024T08:06:54 - [TEST_STEP][PASSED] - period = getText(findTestObject("Выручка в рублях/Фильтр Период")): Text of object 'Object Repository/Выручка в рублях/Фильтр Период' is: 'Июль, Август и 1, 2 кв. 2024 года'

16-10-2024T08:06:54 - [MESSAGE][PASSED] - Text of object 'Object Repository/Выручка в рублях/Фильтр Период' is: 'Июль, Август и 1, 2 кв. 2024 года'

16-10-2024T08:06:54 - [TEST_STEP][PASSED] - println(period): null

16-10-2024T08:06:54 - [TEST_STEP][PASSED] - dashboardName = "Выручка в рублях": null

16-10-2024T08:06:54 - [TEST_STEP][PASSED] - workbook01 = getWorkbook(excelFilePath): null

16-10-2024T08:06:54 - [TEST_STEP][PASSED] - sheet01 = getExcelSheet(workbook01, sheetName): null

16-10-2024T08:06:54 - [TEST_STEP][PASSED] - setValueToCellByIndex(sheet01, n, 0, dashboardName): null

16-10-2024T08:06:54 - [TEST_STEP][PASSED] - setValueToCellByIndex(sheet01, n, 1, dZO): null

16-10-2024T08:06:54 - [TEST_STEP][PASSED] - setValueToCellByIndex(sheet01, n, 2, vidget): null

16-10-2024T08:06:54 - [TEST_STEP][PASSED] - setValueToCellByIndex(sheet01, n, 3, viruchka): null

16-10-2024T08:06:54 - [TEST_STEP][PASSED] - setValueToCellByIndex(sheet01, n, 4, typeOfData): null

16-10-2024T08:06:54 - [TEST_STEP][PASSED] - if (a == null): null

16-10-2024T08:06:54 - [TEST_STEP][PASSED] - else: null

16-10-2024T08:06:54 - [TEST_STEP][PASSED] - setValueToCellByIndex(sheet01, n, 5, a): null

16-10-2024T08:06:54 - [TEST_STEP][PASSED] - if (b == null): null

16-10-2024T08:06:54 - [TEST_STEP][PASSED] - else: null

16-10-2024T08:06:54 - [TEST_STEP][PASSED] - setValueToCellByIndex(sheet01, n, 6, b): null

16-10-2024T08:06:54 - [TEST_STEP][PASSED] - setValueToCellByIndex(sheet01, n, 7, period): null

16-10-2024T08:06:54 - [TEST_STEP][PASSED] - setValueToCellByIndex(sheet01, n, 8, todaysDate): null

16-10-2024T08:06:54 - [TEST_STEP][PASSED] - n = n + 1: null

16-10-2024T08:06:54 - [TEST_STEP][PASSED] - saveWorkbook(excelFilePath, workbook01): null

16-10-2024T08:06:55 - [TEST_STEP][PASSED] - dZO = "Россети Тюмень": null

16-10-2024T08:06:55 - [TEST_STEP][FAILED] - if (verifyEqual(a311, b311) == false): null

16-10-2024T08:06:55 - [MESSAGE][FAILED] - Unable to verify equal between actual object '-53.15' and expected object '-6.3' (Root cause: com.kms.katalon.core.exception.StepFailedException: Actual object '-53.15' and expected object '-6.3' are not equal
	at com.kms.katalon.core.keyword.builtin.VerifyEqualKeyword$_verifyEqual_closure1.doCall(VerifyEqualKeyword.groovy:58)
	at com.kms.katalon.core.keyword.builtin.VerifyEqualKeyword$_verifyEqual_closure1.call(VerifyEqualKeyword.groovy)
	at com.kms.katalon.core.keyword.internal.KeywordMain.runKeyword(KeywordMain.groovy:75)
	at com.kms.katalon.core.keyword.builtin.VerifyEqualKeyword.verifyEqual(VerifyEqualKeyword.groovy:63)
	at com.kms.katalon.core.keyword.builtin.VerifyEqualKeyword.execute(VerifyEqualKeyword.groovy:44)
	at com.kms.katalon.core.keyword.internal.KeywordExecutor.executeKeywordForPlatform(KeywordExecutor.groovy:74)
	at com.kms.katalon.core.keyword.BuiltinKeywords.verifyEqual(BuiltinKeywords.groovy:146)
	at jdk.internal.reflect.GeneratedMethodAccessor25.invoke(Unknown Source)
	at java.base/jdk.internal.reflect.DelegatingMethodAccessorImpl.invoke(DelegatingMethodAccessorImpl.java:43)
	at Выручка в рублях сверка дашбордов ПАО Россети.Blocks(Выручка в рублях сверка дашбордов ПАО Россети:467)
	at Выручка в рублях сверка дашбордов ПАО Россети.ViruchkaChange(Выручка в рублях сверка дашбордов ПАО Россети:60)
	at Выручка в рублях сверка дашбордов ПАО Россети.run(Выручка в рублях сверка дашбордов ПАО Россети:55)
	at com.kms.katalon.core.main.ScriptEngine.run(ScriptEngine.java:194)
	at com.kms.katalon.core.main.ScriptEngine.runScriptAsRawText(ScriptEngine.java:119)
	at com.kms.katalon.core.main.TestCaseExecutor.runScript(TestCaseExecutor.java:448)
	at com.kms.katalon.core.main.TestCaseExecutor.doExecute(TestCaseExecutor.java:439)
	at com.kms.katalon.core.main.TestCaseExecutor.processExecutionPhase(TestCaseExecutor.java:418)
	at com.kms.katalon.core.main.TestCaseExecutor.accessMainPhase(TestCaseExecutor.java:410)
	at com.kms.katalon.core.main.TestCaseExecutor.execute(TestCaseExecutor.java:285)
	at com.kms.katalon.core.common.CommonExecutor.accessTestCaseMainPhase(CommonExecutor.java:65)
	at com.kms.katalon.core.main.TestSuiteExecutor.accessTestSuiteMainPhase(TestSuiteExecutor.java:150)
	at com.kms.katalon.core.main.TestSuiteExecutor.execute(TestSuiteExecutor.java:106)
	at com.kms.katalon.core.main.TestCaseMain.startTestSuite(TestCaseMain.java:180)
	at TempTestSuite1729050801829.run(TempTestSuite1729050801829.groovy:35)
	at java.base/jdk.internal.reflect.NativeMethodAccessorImpl.invoke0(Native Method)
	at java.base/jdk.internal.reflect.NativeMethodAccessorImpl.invoke(NativeMethodAccessorImpl.java:77)
	at java.base/jdk.internal.reflect.DelegatingMethodAccessorImpl.invoke(DelegatingMethodAccessorImpl.java:43)
)

16-10-2024T08:06:55 - [TEST_STEP][PASSED] - a = a311.toDouble(): null

16-10-2024T08:06:55 - [TEST_STEP][PASSED] - b = b311.toDouble(): null

16-10-2024T08:06:55 - [TEST_STEP][PASSED] - Script1710234207206.WriteToExcel(todaysDate, run, vir, block, typeOfData, viruchka, vidget, nameOfBlock, a, b, dZO): null

16-10-2024T08:06:55 - [TEST_STEP][PASSED] - println(run): null

16-10-2024T08:06:55 - [TEST_STEP][PASSED] - if (run == 1): null

16-10-2024T08:06:55 - [TEST_STEP][PASSED] - else if (run == 2): null

16-10-2024T08:06:55 - [TEST_STEP][PASSED] - typeOfData = "Проценты": null

16-10-2024T08:06:55 - [TEST_STEP][PASSED] - println("todaysDate:" + todaysDate): null

16-10-2024T08:06:55 - [TEST_STEP][PASSED] - println("typeOfData:" + typeOfData): null

16-10-2024T08:06:55 - [TEST_STEP][PASSED] - viruchka = getText(findTestObject("Выручка в рублях/Фильтр Выручка" + nameOfBlock)): Text of object 'Object Repository/Выручка в рублях/Фильтр Выручка Выручка' is: 'ПЕРЕДАЧА ЭЛЕКТРОЭНЕРГИИ (ИТОГО, по всем видам тарифа)'

16-10-2024T08:06:55 - [MESSAGE][PASSED] - Text of object 'Object Repository/Выручка в рублях/Фильтр Выручка Выручка' is: 'ПЕРЕДАЧА ЭЛЕКТРОЭНЕРГИИ (ИТОГО, по всем видам тарифа)'

16-10-2024T08:06:55 - [TEST_STEP][PASSED] - println("viruchka" + viruchka): null

16-10-2024T08:06:55 - [TEST_STEP][PASSED] - println("vidget" + vidget): null

16-10-2024T08:06:55 - [TEST_STEP][PASSED] - println("a" + a): null

16-10-2024T08:06:55 - [TEST_STEP][PASSED] - println("b" + b): null

16-10-2024T08:06:55 - [TEST_STEP][PASSED] - sheetName = "Sheet1": null

16-10-2024T08:06:55 - [TEST_STEP][PASSED] - data = findTestData("PlanFact"): null

16-10-2024T08:06:55 - [TEST_STEP][PASSED] - n = data.getRowNumbers() + 1: null

16-10-2024T08:06:55 - [TEST_STEP][PASSED] - period = getText(findTestObject("Выручка в рублях/Фильтр Период")): Text of object 'Object Repository/Выручка в рублях/Фильтр Период' is: 'Июль, Август и 1, 2 кв. 2024 года'

16-10-2024T08:06:55 - [MESSAGE][PASSED] - Text of object 'Object Repository/Выручка в рублях/Фильтр Период' is: 'Июль, Август и 1, 2 кв. 2024 года'

16-10-2024T08:06:55 - [TEST_STEP][PASSED] - println(period): null

16-10-2024T08:06:55 - [TEST_STEP][PASSED] - dashboardName = "Выручка в рублях": null

16-10-2024T08:06:55 - [TEST_STEP][PASSED] - workbook01 = getWorkbook(excelFilePath): null

16-10-2024T08:06:55 - [TEST_STEP][PASSED] - sheet01 = getExcelSheet(workbook01, sheetName): null

16-10-2024T08:06:55 - [TEST_STEP][PASSED] - setValueToCellByIndex(sheet01, n, 0, dashboardName): null

16-10-2024T08:06:55 - [TEST_STEP][PASSED] - setValueToCellByIndex(sheet01, n, 1, dZO): null

16-10-2024T08:06:55 - [TEST_STEP][PASSED] - setValueToCellByIndex(sheet01, n, 2, vidget): null

16-10-2024T08:06:55 - [TEST_STEP][PASSED] - setValueToCellByIndex(sheet01, n, 3, viruchka): null

16-10-2024T08:06:55 - [TEST_STEP][PASSED] - setValueToCellByIndex(sheet01, n, 4, typeOfData): null

16-10-2024T08:06:55 - [TEST_STEP][PASSED] - if (a == null): null

16-10-2024T08:06:55 - [TEST_STEP][PASSED] - else: null

16-10-2024T08:06:55 - [TEST_STEP][PASSED] - setValueToCellByIndex(sheet01, n, 5, a): null

16-10-2024T08:06:55 - [TEST_STEP][PASSED] - if (b == null): null

16-10-2024T08:06:55 - [TEST_STEP][PASSED] - else: null

16-10-2024T08:06:55 - [TEST_STEP][PASSED] - setValueToCellByIndex(sheet01, n, 6, b): null

16-10-2024T08:06:55 - [TEST_STEP][PASSED] - setValueToCellByIndex(sheet01, n, 7, period): null

16-10-2024T08:06:55 - [TEST_STEP][PASSED] - setValueToCellByIndex(sheet01, n, 8, todaysDate): null

16-10-2024T08:06:55 - [TEST_STEP][PASSED] - n = n + 1: null

16-10-2024T08:06:55 - [TEST_STEP][PASSED] - saveWorkbook(excelFilePath, workbook01): null

16-10-2024T08:06:56 - [TEST_STEP][PASSED] - dZO = "Россети Урал (ГК)": null

16-10-2024T08:06:56 - [TEST_STEP][PASSED] - if (verifyEqual(a312, b312) == false): Actual object '2.61' and expected object '2.61' are equal

16-10-2024T08:06:56 - [MESSAGE][PASSED] - Actual object '2.61' and expected object '2.61' are equal

16-10-2024T08:06:56 - [TEST_STEP][PASSED] - dZO = "Россети ФСК ЕЭС": null

16-10-2024T08:06:56 - [TEST_STEP][PASSED] - if (verifyEqual(a313, b313) == false): Actual object '0.66' and expected object '0.66' are equal

16-10-2024T08:06:56 - [MESSAGE][PASSED] - Actual object '0.66' and expected object '0.66' are equal

16-10-2024T08:06:56 - [TEST_STEP][PASSED] - dZO = "Россети Центр": null

16-10-2024T08:06:56 - [TEST_STEP][FAILED] - if (verifyEqual(a314, b314) == false): null

16-10-2024T08:06:56 - [MESSAGE][FAILED] - Unable to verify equal between actual object '-32.03' and expected object '4.55' (Root cause: com.kms.katalon.core.exception.StepFailedException: Actual object '-32.03' and expected object '4.55' are not equal
	at com.kms.katalon.core.keyword.builtin.VerifyEqualKeyword$_verifyEqual_closure1.doCall(VerifyEqualKeyword.groovy:58)
	at com.kms.katalon.core.keyword.builtin.VerifyEqualKeyword$_verifyEqual_closure1.call(VerifyEqualKeyword.groovy)
	at com.kms.katalon.core.keyword.internal.KeywordMain.runKeyword(KeywordMain.groovy:75)
	at com.kms.katalon.core.keyword.builtin.VerifyEqualKeyword.verifyEqual(VerifyEqualKeyword.groovy:63)
	at com.kms.katalon.core.keyword.builtin.VerifyEqualKeyword.execute(VerifyEqualKeyword.groovy:44)
	at com.kms.katalon.core.keyword.internal.KeywordExecutor.executeKeywordForPlatform(KeywordExecutor.groovy:74)
	at com.kms.katalon.core.keyword.BuiltinKeywords.verifyEqual(BuiltinKeywords.groovy:146)
	at jdk.internal.reflect.GeneratedMethodAccessor25.invoke(Unknown Source)
	at java.base/jdk.internal.reflect.DelegatingMethodAccessorImpl.invoke(DelegatingMethodAccessorImpl.java:43)
	at Выручка в рублях сверка дашбордов ПАО Россети.Blocks(Выручка в рублях сверка дашбордов ПАО Россети:497)
	at Выручка в рублях сверка дашбордов ПАО Россети.ViruchkaChange(Выручка в рублях сверка дашбордов ПАО Россети:60)
	at Выручка в рублях сверка дашбордов ПАО Россети.run(Выручка в рублях сверка дашбордов ПАО Россети:55)
	at com.kms.katalon.core.main.ScriptEngine.run(ScriptEngine.java:194)
	at com.kms.katalon.core.main.ScriptEngine.runScriptAsRawText(ScriptEngine.java:119)
	at com.kms.katalon.core.main.TestCaseExecutor.runScript(TestCaseExecutor.java:448)
	at com.kms.katalon.core.main.TestCaseExecutor.doExecute(TestCaseExecutor.java:439)
	at com.kms.katalon.core.main.TestCaseExecutor.processExecutionPhase(TestCaseExecutor.java:418)
	at com.kms.katalon.core.main.TestCaseExecutor.accessMainPhase(TestCaseExecutor.java:410)
	at com.kms.katalon.core.main.TestCaseExecutor.execute(TestCaseExecutor.java:285)
	at com.kms.katalon.core.common.CommonExecutor.accessTestCaseMainPhase(CommonExecutor.java:65)
	at com.kms.katalon.core.main.TestSuiteExecutor.accessTestSuiteMainPhase(TestSuiteExecutor.java:150)
	at com.kms.katalon.core.main.TestSuiteExecutor.execute(TestSuiteExecutor.java:106)
	at com.kms.katalon.core.main.TestCaseMain.startTestSuite(TestCaseMain.java:180)
	at TempTestSuite1729050801829.run(TempTestSuite1729050801829.groovy:35)
	at java.base/jdk.internal.reflect.NativeMethodAccessorImpl.invoke0(Native Method)
	at java.base/jdk.internal.reflect.NativeMethodAccessorImpl.invoke(NativeMethodAccessorImpl.java:77)
	at java.base/jdk.internal.reflect.DelegatingMethodAccessorImpl.invoke(DelegatingMethodAccessorImpl.java:43)
)

16-10-2024T08:06:56 - [TEST_STEP][PASSED] - a = a314.toDouble(): null

16-10-2024T08:06:56 - [TEST_STEP][PASSED] - b = b314.toDouble(): null

16-10-2024T08:06:56 - [TEST_STEP][PASSED] - Script1710234207206.WriteToExcel(todaysDate, run, vir, block, typeOfData, viruchka, vidget, nameOfBlock, a, b, dZO): null

16-10-2024T08:06:56 - [TEST_STEP][PASSED] - println(run): null

16-10-2024T08:06:56 - [TEST_STEP][PASSED] - if (run == 1): null

16-10-2024T08:06:56 - [TEST_STEP][PASSED] - else if (run == 2): null

16-10-2024T08:06:56 - [TEST_STEP][PASSED] - typeOfData = "Проценты": null

16-10-2024T08:06:56 - [TEST_STEP][PASSED] - println("todaysDate:" + todaysDate): null

16-10-2024T08:06:56 - [TEST_STEP][PASSED] - println("typeOfData:" + typeOfData): null

16-10-2024T08:06:56 - [TEST_STEP][PASSED] - viruchka = getText(findTestObject("Выручка в рублях/Фильтр Выручка" + nameOfBlock)): Text of object 'Object Repository/Выручка в рублях/Фильтр Выручка Выручка' is: 'ПЕРЕДАЧА ЭЛЕКТРОЭНЕРГИИ (ИТОГО, по всем видам тарифа)'

16-10-2024T08:06:56 - [MESSAGE][PASSED] - Text of object 'Object Repository/Выручка в рублях/Фильтр Выручка Выручка' is: 'ПЕРЕДАЧА ЭЛЕКТРОЭНЕРГИИ (ИТОГО, по всем видам тарифа)'

16-10-2024T08:06:56 - [TEST_STEP][PASSED] - println("viruchka" + viruchka): null

16-10-2024T08:06:56 - [TEST_STEP][PASSED] - println("vidget" + vidget): null

16-10-2024T08:06:56 - [TEST_STEP][PASSED] - println("a" + a): null

16-10-2024T08:06:56 - [TEST_STEP][PASSED] - println("b" + b): null

16-10-2024T08:06:56 - [TEST_STEP][PASSED] - sheetName = "Sheet1": null

16-10-2024T08:06:56 - [TEST_STEP][PASSED] - data = findTestData("PlanFact"): null

16-10-2024T08:06:56 - [TEST_STEP][PASSED] - n = data.getRowNumbers() + 1: null

16-10-2024T08:06:56 - [TEST_STEP][PASSED] - period = getText(findTestObject("Выручка в рублях/Фильтр Период")): Text of object 'Object Repository/Выручка в рублях/Фильтр Период' is: 'Июль, Август и 1, 2 кв. 2024 года'

16-10-2024T08:06:56 - [MESSAGE][PASSED] - Text of object 'Object Repository/Выручка в рублях/Фильтр Период' is: 'Июль, Август и 1, 2 кв. 2024 года'

16-10-2024T08:06:56 - [TEST_STEP][PASSED] - println(period): null

16-10-2024T08:06:56 - [TEST_STEP][PASSED] - dashboardName = "Выручка в рублях": null

16-10-2024T08:06:56 - [TEST_STEP][PASSED] - workbook01 = getWorkbook(excelFilePath): null

16-10-2024T08:06:56 - [TEST_STEP][PASSED] - sheet01 = getExcelSheet(workbook01, sheetName): null

16-10-2024T08:06:56 - [TEST_STEP][PASSED] - setValueToCellByIndex(sheet01, n, 0, dashboardName): null

16-10-2024T08:06:56 - [TEST_STEP][PASSED] - setValueToCellByIndex(sheet01, n, 1, dZO): null

16-10-2024T08:06:56 - [TEST_STEP][PASSED] - setValueToCellByIndex(sheet01, n, 2, vidget): null

16-10-2024T08:06:56 - [TEST_STEP][PASSED] - setValueToCellByIndex(sheet01, n, 3, viruchka): null

16-10-2024T08:06:56 - [TEST_STEP][PASSED] - setValueToCellByIndex(sheet01, n, 4, typeOfData): null

16-10-2024T08:06:56 - [TEST_STEP][PASSED] - if (a == null): null

16-10-2024T08:06:56 - [TEST_STEP][PASSED] - else: null

16-10-2024T08:06:56 - [TEST_STEP][PASSED] - setValueToCellByIndex(sheet01, n, 5, a): null

16-10-2024T08:06:56 - [TEST_STEP][PASSED] - if (b == null): null

16-10-2024T08:06:56 - [TEST_STEP][PASSED] - else: null

16-10-2024T08:06:56 - [TEST_STEP][PASSED] - setValueToCellByIndex(sheet01, n, 6, b): null

16-10-2024T08:06:56 - [TEST_STEP][PASSED] - setValueToCellByIndex(sheet01, n, 7, period): null

16-10-2024T08:06:56 - [TEST_STEP][PASSED] - setValueToCellByIndex(sheet01, n, 8, todaysDate): null

16-10-2024T08:06:56 - [TEST_STEP][PASSED] - n = n + 1: null

16-10-2024T08:06:56 - [TEST_STEP][PASSED] - saveWorkbook(excelFilePath, workbook01): null

16-10-2024T08:06:57 - [TEST_STEP][PASSED] - dZO = "Россети Центр и Приволжье (ГК)": null

16-10-2024T08:06:57 - [TEST_STEP][PASSED] - if (verifyEqual(a315, b315) == false): Actual object '4.79' and expected object '4.79' are equal

16-10-2024T08:06:57 - [MESSAGE][PASSED] - Actual object '4.79' and expected object '4.79' are equal

16-10-2024T08:06:57 - [TEST_STEP][PASSED] - dZO = "Россети Юг (ГК)": null

16-10-2024T08:06:57 - [TEST_STEP][FAILED] - if (verifyEqual(a316, b316) == false): null

16-10-2024T08:06:57 - [MESSAGE][FAILED] - Unable to verify equal between actual object '-48.39' and expected object '3.22' (Root cause: com.kms.katalon.core.exception.StepFailedException: Actual object '-48.39' and expected object '3.22' are not equal
	at com.kms.katalon.core.keyword.builtin.VerifyEqualKeyword$_verifyEqual_closure1.doCall(VerifyEqualKeyword.groovy:58)
	at com.kms.katalon.core.keyword.builtin.VerifyEqualKeyword$_verifyEqual_closure1.call(VerifyEqualKeyword.groovy)
	at com.kms.katalon.core.keyword.internal.KeywordMain.runKeyword(KeywordMain.groovy:75)
	at com.kms.katalon.core.keyword.builtin.VerifyEqualKeyword.verifyEqual(VerifyEqualKeyword.groovy:63)
	at com.kms.katalon.core.keyword.builtin.VerifyEqualKeyword.execute(VerifyEqualKeyword.groovy:44)
	at com.kms.katalon.core.keyword.internal.KeywordExecutor.executeKeywordForPlatform(KeywordExecutor.groovy:74)
	at com.kms.katalon.core.keyword.BuiltinKeywords.verifyEqual(BuiltinKeywords.groovy:146)
	at jdk.internal.reflect.GeneratedMethodAccessor25.invoke(Unknown Source)
	at java.base/jdk.internal.reflect.DelegatingMethodAccessorImpl.invoke(DelegatingMethodAccessorImpl.java:43)
	at Выручка в рублях сверка дашбордов ПАО Россети.Blocks(Выручка в рублях сверка дашбордов ПАО Россети:517)
	at Выручка в рублях сверка дашбордов ПАО Россети.ViruchkaChange(Выручка в рублях сверка дашбордов ПАО Россети:60)
	at Выручка в рублях сверка дашбордов ПАО Россети.run(Выручка в рублях сверка дашбордов ПАО Россети:55)
	at com.kms.katalon.core.main.ScriptEngine.run(ScriptEngine.java:194)
	at com.kms.katalon.core.main.ScriptEngine.runScriptAsRawText(ScriptEngine.java:119)
	at com.kms.katalon.core.main.TestCaseExecutor.runScript(TestCaseExecutor.java:448)
	at com.kms.katalon.core.main.TestCaseExecutor.doExecute(TestCaseExecutor.java:439)
	at com.kms.katalon.core.main.TestCaseExecutor.processExecutionPhase(TestCaseExecutor.java:418)
	at com.kms.katalon.core.main.TestCaseExecutor.accessMainPhase(TestCaseExecutor.java:410)
	at com.kms.katalon.core.main.TestCaseExecutor.execute(TestCaseExecutor.java:285)
	at com.kms.katalon.core.common.CommonExecutor.accessTestCaseMainPhase(CommonExecutor.java:65)
	at com.kms.katalon.core.main.TestSuiteExecutor.accessTestSuiteMainPhase(TestSuiteExecutor.java:150)
	at com.kms.katalon.core.main.TestSuiteExecutor.execute(TestSuiteExecutor.java:106)
	at com.kms.katalon.core.main.TestCaseMain.startTestSuite(TestCaseMain.java:180)
	at TempTestSuite1729050801829.run(TempTestSuite1729050801829.groovy:35)
	at java.base/jdk.internal.reflect.NativeMethodAccessorImpl.invoke0(Native Method)
	at java.base/jdk.internal.reflect.NativeMethodAccessorImpl.invoke(NativeMethodAccessorImpl.java:77)
	at java.base/jdk.internal.reflect.DelegatingMethodAccessorImpl.invoke(DelegatingMethodAccessorImpl.java:43)
)

16-10-2024T08:06:57 - [TEST_STEP][PASSED] - a = a316.toDouble(): null

16-10-2024T08:06:57 - [TEST_STEP][PASSED] - b = b316.toDouble(): null

16-10-2024T08:06:57 - [TEST_STEP][PASSED] - Script1710234207206.WriteToExcel(todaysDate, run, vir, block, typeOfData, viruchka, vidget, nameOfBlock, a, b, dZO): null

16-10-2024T08:06:57 - [TEST_STEP][PASSED] - println(run): null

16-10-2024T08:06:57 - [TEST_STEP][PASSED] - if (run == 1): null

16-10-2024T08:06:57 - [TEST_STEP][PASSED] - else if (run == 2): null

16-10-2024T08:06:57 - [TEST_STEP][PASSED] - typeOfData = "Проценты": null

16-10-2024T08:06:57 - [TEST_STEP][PASSED] - println("todaysDate:" + todaysDate): null

16-10-2024T08:06:57 - [TEST_STEP][PASSED] - println("typeOfData:" + typeOfData): null

16-10-2024T08:06:57 - [TEST_STEP][PASSED] - viruchka = getText(findTestObject("Выручка в рублях/Фильтр Выручка" + nameOfBlock)): Text of object 'Object Repository/Выручка в рублях/Фильтр Выручка Выручка' is: 'ПЕРЕДАЧА ЭЛЕКТРОЭНЕРГИИ (ИТОГО, по всем видам тарифа)'

16-10-2024T08:06:57 - [MESSAGE][PASSED] - Text of object 'Object Repository/Выручка в рублях/Фильтр Выручка Выручка' is: 'ПЕРЕДАЧА ЭЛЕКТРОЭНЕРГИИ (ИТОГО, по всем видам тарифа)'

16-10-2024T08:06:57 - [TEST_STEP][PASSED] - println("viruchka" + viruchka): null

16-10-2024T08:06:57 - [TEST_STEP][PASSED] - println("vidget" + vidget): null

16-10-2024T08:06:57 - [TEST_STEP][PASSED] - println("a" + a): null

16-10-2024T08:06:57 - [TEST_STEP][PASSED] - println("b" + b): null

16-10-2024T08:06:57 - [TEST_STEP][PASSED] - sheetName = "Sheet1": null

16-10-2024T08:06:57 - [TEST_STEP][PASSED] - data = findTestData("PlanFact"): null

16-10-2024T08:06:57 - [TEST_STEP][PASSED] - n = data.getRowNumbers() + 1: null

16-10-2024T08:06:57 - [TEST_STEP][PASSED] - period = getText(findTestObject("Выручка в рублях/Фильтр Период")): Text of object 'Object Repository/Выручка в рублях/Фильтр Период' is: 'Июль, Август и 1, 2 кв. 2024 года'

16-10-2024T08:06:57 - [MESSAGE][PASSED] - Text of object 'Object Repository/Выручка в рублях/Фильтр Период' is: 'Июль, Август и 1, 2 кв. 2024 года'

16-10-2024T08:06:57 - [TEST_STEP][PASSED] - println(period): null

16-10-2024T08:06:57 - [TEST_STEP][PASSED] - dashboardName = "Выручка в рублях": null

16-10-2024T08:06:57 - [TEST_STEP][PASSED] - workbook01 = getWorkbook(excelFilePath): null

16-10-2024T08:06:57 - [TEST_STEP][PASSED] - sheet01 = getExcelSheet(workbook01, sheetName): null

16-10-2024T08:06:57 - [TEST_STEP][PASSED] - setValueToCellByIndex(sheet01, n, 0, dashboardName): null

16-10-2024T08:06:57 - [TEST_STEP][PASSED] - setValueToCellByIndex(sheet01, n, 1, dZO): null

16-10-2024T08:06:57 - [TEST_STEP][PASSED] - setValueToCellByIndex(sheet01, n, 2, vidget): null

16-10-2024T08:06:57 - [TEST_STEP][PASSED] - setValueToCellByIndex(sheet01, n, 3, viruchka): null

16-10-2024T08:06:57 - [TEST_STEP][PASSED] - setValueToCellByIndex(sheet01, n, 4, typeOfData): null

16-10-2024T08:06:57 - [TEST_STEP][PASSED] - if (a == null): null

16-10-2024T08:06:57 - [TEST_STEP][PASSED] - else: null

16-10-2024T08:06:57 - [TEST_STEP][PASSED] - setValueToCellByIndex(sheet01, n, 5, a): null

16-10-2024T08:06:57 - [TEST_STEP][PASSED] - if (b == null): null

16-10-2024T08:06:57 - [TEST_STEP][PASSED] - else: null

16-10-2024T08:06:57 - [TEST_STEP][PASSED] - setValueToCellByIndex(sheet01, n, 6, b): null

16-10-2024T08:06:57 - [TEST_STEP][PASSED] - setValueToCellByIndex(sheet01, n, 7, period): null

16-10-2024T08:06:57 - [TEST_STEP][PASSED] - setValueToCellByIndex(sheet01, n, 8, todaysDate): null

16-10-2024T08:06:57 - [TEST_STEP][PASSED] - n = n + 1: null

16-10-2024T08:06:57 - [TEST_STEP][PASSED] - saveWorkbook(excelFilePath, workbook01): null

16-10-2024T08:06:58 - [TEST_STEP][PASSED] - dZO = "Россети Янтарь": null

16-10-2024T08:06:58 - [TEST_STEP][PASSED] - if (verifyEqual(a317, b317) == false): Actual object '3.76' and expected object '3.76' are equal

16-10-2024T08:06:58 - [MESSAGE][PASSED] - Actual object '3.76' and expected object '3.76' are equal

16-10-2024T08:06:58 - [TEST_STEP][PASSED] - closeBrowser(): null

16-10-2024T08:06:58 - [MESSAGE][PASSED] - Browser is closed

16-10-2024T08:06:58 - [TEST_STEP][PASSED] - Script1710234207206.Blocks(run, vir, block, nameOfBlock, typeOfData, viruchka, vidget, todaysDate, a, b, dZO, x, y): null

16-10-2024T08:06:58 - [TEST_STEP][PASSED] - i = <not implemented yet for class: org.codehaus.groovy.ast.expr.EmptyExpression>: null

16-10-2024T08:06:58 - [TEST_STEP][PASSED] - perc = "": null

16-10-2024T08:06:58 - [TEST_STEP][PASSED] - a1 = <not implemented yet for class: org.codehaus.groovy.ast.expr.EmptyExpression>: null

16-10-2024T08:06:58 - [TEST_STEP][PASSED] - a2 = <not implemented yet for class: org.codehaus.groovy.ast.expr.EmptyExpression>: null

16-10-2024T08:06:58 - [TEST_STEP][PASSED] - a30 = <not implemented yet for class: org.codehaus.groovy.ast.expr.EmptyExpression>: null

16-10-2024T08:06:58 - [TEST_STEP][PASSED] - a31 = <not implemented yet for class: org.codehaus.groovy.ast.expr.EmptyExpression>: null

16-10-2024T08:06:58 - [TEST_STEP][PASSED] - a32 = <not implemented yet for class: org.codehaus.groovy.ast.expr.EmptyExpression>: null

16-10-2024T08:06:58 - [TEST_STEP][PASSED] - a33 = <not implemented yet for class: org.codehaus.groovy.ast.expr.EmptyExpression>: null

16-10-2024T08:06:58 - [TEST_STEP][PASSED] - a34 = <not implemented yet for class: org.codehaus.groovy.ast.expr.EmptyExpression>: null

16-10-2024T08:06:58 - [TEST_STEP][PASSED] - a35 = <not implemented yet for class: org.codehaus.groovy.ast.expr.EmptyExpression>: null

16-10-2024T08:06:58 - [TEST_STEP][PASSED] - a36 = <not implemented yet for class: org.codehaus.groovy.ast.expr.EmptyExpression>: null

16-10-2024T08:06:58 - [TEST_STEP][PASSED] - a37 = <not implemented yet for class: org.codehaus.groovy.ast.expr.EmptyExpression>: null

16-10-2024T08:06:58 - [TEST_STEP][PASSED] - a38 = <not implemented yet for class: org.codehaus.groovy.ast.expr.EmptyExpression>: null

16-10-2024T08:06:58 - [TEST_STEP][PASSED] - a39 = <not implemented yet for class: org.codehaus.groovy.ast.expr.EmptyExpression>: null

16-10-2024T08:06:58 - [TEST_STEP][PASSED] - a310 = <not implemented yet for class: org.codehaus.groovy.ast.expr.EmptyExpression>: null

16-10-2024T08:06:58 - [TEST_STEP][PASSED] - a311 = <not implemented yet for class: org.codehaus.groovy.ast.expr.EmptyExpression>: null

16-10-2024T08:06:58 - [TEST_STEP][PASSED] - a312 = <not implemented yet for class: org.codehaus.groovy.ast.expr.EmptyExpression>: null

16-10-2024T08:06:58 - [TEST_STEP][PASSED] - a313 = <not implemented yet for class: org.codehaus.groovy.ast.expr.EmptyExpression>: null

16-10-2024T08:06:58 - [TEST_STEP][PASSED] - a314 = <not implemented yet for class: org.codehaus.groovy.ast.expr.EmptyExpression>: null

16-10-2024T08:06:58 - [TEST_STEP][PASSED] - a315 = <not implemented yet for class: org.codehaus.groovy.ast.expr.EmptyExpression>: null

16-10-2024T08:06:58 - [TEST_STEP][PASSED] - a316 = <not implemented yet for class: org.codehaus.groovy.ast.expr.EmptyExpression>: null

16-10-2024T08:06:58 - [TEST_STEP][PASSED] - a317 = <not implemented yet for class: org.codehaus.groovy.ast.expr.EmptyExpression>: null

16-10-2024T08:06:58 - [TEST_STEP][PASSED] - b1 = <not implemented yet for class: org.codehaus.groovy.ast.expr.EmptyExpression>: null

16-10-2024T08:06:58 - [TEST_STEP][PASSED] - b2 = <not implemented yet for class: org.codehaus.groovy.ast.expr.EmptyExpression>: null

16-10-2024T08:06:58 - [TEST_STEP][PASSED] - b30 = <not implemented yet for class: org.codehaus.groovy.ast.expr.EmptyExpression>: null

16-10-2024T08:06:58 - [TEST_STEP][PASSED] - b31 = <not implemented yet for class: org.codehaus.groovy.ast.expr.EmptyExpression>: null

16-10-2024T08:06:58 - [TEST_STEP][PASSED] - b32 = <not implemented yet for class: org.codehaus.groovy.ast.expr.EmptyExpression>: null

16-10-2024T08:06:58 - [TEST_STEP][PASSED] - b33 = <not implemented yet for class: org.codehaus.groovy.ast.expr.EmptyExpression>: null

16-10-2024T08:06:58 - [TEST_STEP][PASSED] - b34 = <not implemented yet for class: org.codehaus.groovy.ast.expr.EmptyExpression>: null

16-10-2024T08:06:58 - [TEST_STEP][PASSED] - b35 = <not implemented yet for class: org.codehaus.groovy.ast.expr.EmptyExpression>: null

16-10-2024T08:06:58 - [TEST_STEP][PASSED] - b36 = <not implemented yet for class: org.codehaus.groovy.ast.expr.EmptyExpression>: null

16-10-2024T08:06:58 - [TEST_STEP][PASSED] - b37 = <not implemented yet for class: org.codehaus.groovy.ast.expr.EmptyExpression>: null

16-10-2024T08:06:58 - [TEST_STEP][PASSED] - b38 = <not implemented yet for class: org.codehaus.groovy.ast.expr.EmptyExpression>: null

16-10-2024T08:06:58 - [TEST_STEP][PASSED] - b39 = <not implemented yet for class: org.codehaus.groovy.ast.expr.EmptyExpression>: null

16-10-2024T08:06:58 - [TEST_STEP][PASSED] - b310 = <not implemented yet for class: org.codehaus.groovy.ast.expr.EmptyExpression>: null

16-10-2024T08:06:58 - [TEST_STEP][PASSED] - b311 = <not implemented yet for class: org.codehaus.groovy.ast.expr.EmptyExpression>: null

16-10-2024T08:06:58 - [TEST_STEP][PASSED] - b312 = <not implemented yet for class: org.codehaus.groovy.ast.expr.EmptyExpression>: null

16-10-2024T08:06:58 - [TEST_STEP][PASSED] - b313 = <not implemented yet for class: org.codehaus.groovy.ast.expr.EmptyExpression>: null

16-10-2024T08:06:58 - [TEST_STEP][PASSED] - b314 = <not implemented yet for class: org.codehaus.groovy.ast.expr.EmptyExpression>: null

16-10-2024T08:06:58 - [TEST_STEP][PASSED] - b315 = <not implemented yet for class: org.codehaus.groovy.ast.expr.EmptyExpression>: null

16-10-2024T08:06:58 - [TEST_STEP][PASSED] - b316 = <not implemented yet for class: org.codehaus.groovy.ast.expr.EmptyExpression>: null

16-10-2024T08:06:58 - [TEST_STEP][PASSED] - b317 = <not implemented yet for class: org.codehaus.groovy.ast.expr.EmptyExpression>: null

16-10-2024T08:06:58 - [TEST_STEP][PASSED] - block = 1: null

16-10-2024T08:06:58 - [TEST_STEP][PASSED] - nameOfBlock = "": null

16-10-2024T08:06:58 - [TEST_STEP][PASSED] - Script1710234207206.PreSettings(run, vir, block, nameOfBlock, typeOfData, todaysDate): null

16-10-2024T08:06:58 - [TEST_STEP][PASSED] - openBrowser(""): Browser is opened with url: ''

16-10-2024T08:06:58 - [MESSAGE][INFO] - Starting 'Chrome' driver

16-10-2024T08:06:58 - [MESSAGE][INFO] - Action delay is set to 0 milliseconds

16-10-2024T08:07:01 - [MESSAGE][PASSED] - Browser is opened with url: ''

16-10-2024T08:07:01 - [TEST_STEP][PASSED] - refresh(): Refresh successfully

16-10-2024T08:07:01 - [MESSAGE][PASSED] - Refresh successfully

16-10-2024T08:07:01 - [TEST_STEP][PASSED] - delay(50): Delayed 50 second(s)

16-10-2024T08:07:51 - [MESSAGE][PASSED] - Delayed 50 second(s)

16-10-2024T08:07:51 - [TEST_STEP][PASSED] - println("run:" + run): null

16-10-2024T08:07:51 - [TEST_STEP][PASSED] - println("vir:" + vir): null

16-10-2024T08:07:51 - [TEST_STEP][PASSED] - println("block:" + block): null

16-10-2024T08:07:51 - [TEST_STEP][PASSED] - if (block == 1): null

16-10-2024T08:07:51 - [TEST_STEP][PASSED] - nameOfBlock = "": null

16-10-2024T08:07:51 - [TEST_STEP][PASSED] - println("nameOfBlock:" + nameOfBlock): null

16-10-2024T08:07:51 - [TEST_STEP][PASSED] - println("typeOfData:" + typeOfData): null

16-10-2024T08:07:51 - [TEST_STEP][PASSED] - println("todaysDate:" + todaysDate): null

16-10-2024T08:07:51 - [TEST_STEP][PASSED] - Script1710234207206.Autorization(block, nameOfBlock): null

16-10-2024T08:07:51 - [TEST_STEP][PASSED] - println("block:" + block): null

16-10-2024T08:07:51 - [TEST_STEP][PASSED] - if (block == 1): null

16-10-2024T08:07:51 - [TEST_STEP][PASSED] - nameOfBlock = "": null

16-10-2024T08:07:51 - [TEST_STEP][PASSED] - println("nameOfBlock:" + nameOfBlock): null

16-10-2024T08:07:51 - [TEST_STEP][PASSED] - if (block == 1): Delayed 45 second(s)

16-10-2024T08:07:51 - [TEST_STEP][PASSED] - navigateToUrl(findTestData("PlanFact").getValue(10, 2)): Navigate to 'https://bi.rosseti.digital/viewer?dashboardGuid=2301950b23be4ed89c1df75f2020051e&sheetGuid=b723206f698544fb87299f3095c00435&fit=true' successfully

16-10-2024T08:07:55 - [MESSAGE][PASSED] - Navigate to 'https://bi.rosseti.digital/viewer?dashboardGuid=2301950b23be4ed89c1df75f2020051e&sheetGuid=b723206f698544fb87299f3095c00435&fit=true' successfully

16-10-2024T08:07:55 - [TEST_STEP][PASSED] - delay(45): Delayed 45 second(s)

16-10-2024T08:08:40 - [MESSAGE][PASSED] - Delayed 45 second(s)

16-10-2024T08:08:40 - [TEST_STEP][PASSED] - if (verifyElementPresent(findTestObject("Страница авторизации/button_"), 30) == true): null

16-10-2024T08:08:41 - [MESSAGE][PASSED] - Object 'Object Repository/Страница авторизации/button_' is present

16-10-2024T08:08:41 - [TEST_STEP][PASSED] - setText(findTestObject("Страница авторизации/input__username"), findTestData("PlanFact").getValue(8, 1)): Text 'shekhov-aa' is set on object 'Object Repository/Страница авторизации/input__username'

16-10-2024T08:08:41 - [MESSAGE][PASSED] - Text 'shekhov-aa' is set on object 'Object Repository/Страница авторизации/input__username'

16-10-2024T08:08:41 - [TEST_STEP][PASSED] - setText(findTestObject("Страница авторизации/input__password"), findTestData("PlanFact").getValue(9, 1)): Text 'i)RpQLLlXv9gUDC9' is set on object 'Object Repository/Страница авторизации/input__password'

16-10-2024T08:08:42 - [MESSAGE][PASSED] - Text 'i)RpQLLlXv9gUDC9' is set on object 'Object Repository/Страница авторизации/input__password'

16-10-2024T08:08:42 - [TEST_STEP][PASSED] - click(findTestObject("Страница авторизации/button_")): Object: 'Object Repository/Страница авторизации/button_' is clicked on

16-10-2024T08:08:45 - [MESSAGE][PASSED] - Object: 'Object Repository/Страница авторизации/button_' is clicked on

16-10-2024T08:08:45 - [TEST_STEP][PASSED] - delay(45): Delayed 45 second(s)

16-10-2024T08:09:30 - [MESSAGE][PASSED] - Delayed 45 second(s)

16-10-2024T08:09:30 - [TEST_STEP][PASSED] - if (block == 2): null

16-10-2024T08:09:30 - [TEST_STEP][PASSED] - click(findTestObject("Выручка в рублях/Фильтр Период" + nameOfBlock)): Object: 'Object Repository/Выручка в рублях/Фильтр Период' is clicked on

16-10-2024T08:09:30 - [MESSAGE][PASSED] - Object: 'Object Repository/Выручка в рублях/Фильтр Период' is clicked on

16-10-2024T08:09:30 - [TEST_STEP][PASSED] - click(findTestObject("Выручка в рублях/Снять выделение в фильтре Дата" + nameOfBlock)): Object: 'Object Repository/Выручка в рублях/Снять выделение в фильтре Дата' is clicked on

16-10-2024T08:09:31 - [MESSAGE][PASSED] - Object: 'Object Repository/Выручка в рублях/Снять выделение в фильтре Дата' is clicked on

16-10-2024T08:09:31 - [TEST_STEP][PASSED] - click(findTestObject("Выручка в рублях/Применить в фильтре Дата" + nameOfBlock)): Object: 'Object Repository/Выручка в рублях/Применить в фильтре Дата' is clicked on

16-10-2024T08:09:31 - [MESSAGE][PASSED] - Object: 'Object Repository/Выручка в рублях/Применить в фильтре Дата' is clicked on

16-10-2024T08:09:31 - [TEST_STEP][PASSED] - delay(50): Delayed 50 second(s)

16-10-2024T08:10:21 - [MESSAGE][PASSED] - Delayed 50 second(s)

16-10-2024T08:10:21 - [TEST_STEP][PASSED] - click(findTestObject("Выручка в рублях/Фильтр Период" + nameOfBlock)): Object: 'Object Repository/Выручка в рублях/Фильтр Период' is clicked on

16-10-2024T08:10:21 - [MESSAGE][PASSED] - Object: 'Object Repository/Выручка в рублях/Фильтр Период' is clicked on

16-10-2024T08:10:21 - [TEST_STEP][PASSED] - click(findTestObject("Выручка в рублях/Снять выделение в фильтре Дата" + nameOfBlock)): Object: 'Object Repository/Выручка в рублях/Снять выделение в фильтре Дата' is clicked on

16-10-2024T08:10:22 - [MESSAGE][PASSED] - Object: 'Object Repository/Выручка в рублях/Снять выделение в фильтре Дата' is clicked on

16-10-2024T08:10:22 - [TEST_STEP][PASSED] - scrollToElement(findTestObject("Выручка в рублях/2024 список" + nameOfBlock), 30): Scroll to object 'Object Repository/Выручка в рублях/2024 список' successfully

16-10-2024T08:10:22 - [MESSAGE][PASSED] - Scroll to object 'Object Repository/Выручка в рублях/2024 список' successfully

16-10-2024T08:10:22 - [TEST_STEP][PASSED] - click(findTestObject("Выручка в рублях/2024 список" + nameOfBlock)): Object: 'Object Repository/Выручка в рублях/2024 список' is clicked on

16-10-2024T08:10:22 - [MESSAGE][PASSED] - Object: 'Object Repository/Выручка в рублях/2024 список' is clicked on

16-10-2024T08:10:22 - [TEST_STEP][PASSED] - scrollToElement(findTestObject("Выручка в рублях/1 квартал 2024 выбрать" + nameOfBlock), 30): Scroll to object 'Object Repository/Выручка в рублях/1 квартал 2024 выбрать' successfully

16-10-2024T08:10:23 - [MESSAGE][PASSED] - Scroll to object 'Object Repository/Выручка в рублях/1 квартал 2024 выбрать' successfully

16-10-2024T08:10:23 - [TEST_STEP][PASSED] - click(findTestObject("Выручка в рублях/1 квартал 2024 выбрать" + nameOfBlock)): Object: 'Object Repository/Выручка в рублях/1 квартал 2024 выбрать' is clicked on

16-10-2024T08:10:23 - [MESSAGE][PASSED] - Object: 'Object Repository/Выручка в рублях/1 квартал 2024 выбрать' is clicked on

16-10-2024T08:10:23 - [TEST_STEP][PASSED] - scrollToElement(findTestObject("Выручка в рублях/2 квартал 2024 выбрать" + nameOfBlock), 30): Scroll to object 'Object Repository/Выручка в рублях/2 квартал 2024 выбрать' successfully

16-10-2024T08:10:24 - [MESSAGE][PASSED] - Scroll to object 'Object Repository/Выручка в рублях/2 квартал 2024 выбрать' successfully

16-10-2024T08:10:24 - [TEST_STEP][PASSED] - click(findTestObject("Выручка в рублях/2 квартал 2024 выбрать" + nameOfBlock)): Object: 'Object Repository/Выручка в рублях/2 квартал 2024 выбрать' is clicked on

16-10-2024T08:10:24 - [MESSAGE][PASSED] - Object: 'Object Repository/Выручка в рублях/2 квартал 2024 выбрать' is clicked on

16-10-2024T08:10:24 - [TEST_STEP][PASSED] - scrollToElement(findTestObject("Выручка в рублях/3 квартал 2024 список" + nameOfBlock), 30): Scroll to object 'Object Repository/Выручка в рублях/3 квартал 2024 список' successfully

16-10-2024T08:10:25 - [MESSAGE][PASSED] - Scroll to object 'Object Repository/Выручка в рублях/3 квартал 2024 список' successfully

16-10-2024T08:10:25 - [TEST_STEP][PASSED] - click(findTestObject("Выручка в рублях/3 квартал 2024 список" + nameOfBlock)): Object: 'Object Repository/Выручка в рублях/3 квартал 2024 список' is clicked on

16-10-2024T08:10:25 - [MESSAGE][PASSED] - Object: 'Object Repository/Выручка в рублях/3 квартал 2024 список' is clicked on

16-10-2024T08:10:25 - [TEST_STEP][PASSED] - click(findTestObject("Выручка в рублях/Июль 2024" + nameOfBlock)): Object: 'Object Repository/Выручка в рублях/Июль 2024' is clicked on

16-10-2024T08:10:25 - [MESSAGE][PASSED] - Object: 'Object Repository/Выручка в рублях/Июль 2024' is clicked on

16-10-2024T08:10:25 - [TEST_STEP][PASSED] - scrollToElement(findTestObject("Выручка в рублях/Август 2024" + nameOfBlock), 30): Scroll to object 'Object Repository/Выручка в рублях/Август 2024' successfully

16-10-2024T08:10:26 - [MESSAGE][PASSED] - Scroll to object 'Object Repository/Выручка в рублях/Август 2024' successfully

16-10-2024T08:10:26 - [TEST_STEP][PASSED] - click(findTestObject("Выручка в рублях/Август 2024" + nameOfBlock)): Object: 'Object Repository/Выручка в рублях/Август 2024' is clicked on

16-10-2024T08:10:26 - [MESSAGE][PASSED] - Object: 'Object Repository/Выручка в рублях/Август 2024' is clicked on

16-10-2024T08:10:26 - [TEST_STEP][PASSED] - scrollToElement(findTestObject("Выручка в рублях/Заголовок дашборда" + nameOfBlock), 30): Scroll to object 'Object Repository/Выручка в рублях/Заголовок дашборда' successfully

16-10-2024T08:10:27 - [MESSAGE][PASSED] - Scroll to object 'Object Repository/Выручка в рублях/Заголовок дашборда' successfully

16-10-2024T08:10:27 - [TEST_STEP][PASSED] - click(findTestObject("Выручка в рублях/Применить в фильтре Дата" + nameOfBlock)): Object: 'Object Repository/Выручка в рублях/Применить в фильтре Дата' is clicked on

16-10-2024T08:10:27 - [MESSAGE][PASSED] - Object: 'Object Repository/Выручка в рублях/Применить в фильтре Дата' is clicked on

16-10-2024T08:10:27 - [TEST_STEP][PASSED] - delay(50): Delayed 50 second(s)

16-10-2024T08:11:17 - [MESSAGE][PASSED] - Delayed 50 second(s)

16-10-2024T08:11:17 - [TEST_STEP][PASSED] - click(findTestObject("Выручка в рублях/Фильтр ДЗО" + nameOfBlock)): Object: 'Object Repository/Выручка в рублях/Фильтр ДЗО' is clicked on

16-10-2024T08:11:17 - [MESSAGE][PASSED] - Object: 'Object Repository/Выручка в рублях/Фильтр ДЗО' is clicked on

16-10-2024T08:11:17 - [TEST_STEP][PASSED] - click(findTestObject("Выручка в рублях/Снять выделение в фильтре ДЗО" + nameOfBlock)): Object: 'Object Repository/Выручка в рублях/Снять выделение в фильтре ДЗО' is clicked on

16-10-2024T08:11:18 - [MESSAGE][PASSED] - Object: 'Object Repository/Выручка в рублях/Снять выделение в фильтре ДЗО' is clicked on

16-10-2024T08:11:18 - [TEST_STEP][PASSED] - click(findTestObject("Выручка в рублях/Применить в фильтре ДЗО" + nameOfBlock)): Object: 'Object Repository/Выручка в рублях/Применить в фильтре ДЗО' is clicked on

16-10-2024T08:11:19 - [MESSAGE][PASSED] - Object: 'Object Repository/Выручка в рублях/Применить в фильтре ДЗО' is clicked on

16-10-2024T08:11:19 - [TEST_STEP][PASSED] - delay(50): Delayed 50 second(s)

16-10-2024T08:12:09 - [MESSAGE][PASSED] - Delayed 50 second(s)

16-10-2024T08:12:09 - [TEST_STEP][PASSED] - Script1710234207206.Tumbler(run, vir, block, nameOfBlock): null

16-10-2024T08:12:09 - [TEST_STEP][PASSED] - println("run:" + run): null

16-10-2024T08:12:09 - [TEST_STEP][PASSED] - println("vir:" + vir): null

16-10-2024T08:12:09 - [TEST_STEP][PASSED] - println("block:" + block): null

16-10-2024T08:12:09 - [TEST_STEP][PASSED] - println("nameOfBlock:" + nameOfBlock): null

16-10-2024T08:12:09 - [TEST_STEP][PASSED] - if (vir == 1): null

16-10-2024T08:12:09 - [TEST_STEP][PASSED] - else if (vir == 2): null

16-10-2024T08:12:09 - [TEST_STEP][PASSED] - else if (vir == 3): Object: 'Object Repository/Выручка в рублях/Применить в фильтре Выручка' is clicked on

16-10-2024T08:12:09 - [TEST_STEP][PASSED] - if (run == 2): Object: 'Object Repository/Выручка в рублях/Переключить отображение с млн на проценты Выручка в рублях' is clicked on

16-10-2024T08:12:09 - [TEST_STEP][PASSED] - click(findTestObject("Выручка в рублях/Переключить отображение с млн на проценты Выручка в рублях" + nameOfBlock)): Object: 'Object Repository/Выручка в рублях/Переключить отображение с млн на проценты Выручка в рублях' is clicked on

16-10-2024T08:12:09 - [MESSAGE][PASSED] - Object: 'Object Repository/Выручка в рублях/Переключить отображение с млн на проценты Выручка в рублях' is clicked on

16-10-2024T08:12:09 - [TEST_STEP][PASSED] - click(findTestObject("Выручка в рублях/Фильтр Выручка" + nameOfBlock)): Object: 'Object Repository/Выручка в рублях/Фильтр Выручка' is clicked on

16-10-2024T08:12:09 - [MESSAGE][PASSED] - Object: 'Object Repository/Выручка в рублях/Фильтр Выручка' is clicked on

16-10-2024T08:12:09 - [TEST_STEP][PASSED] - click(findTestObject("Выручка в рублях/Внутренний оборот в фильтре Выручка" + nameOfBlock)): Object: 'Object Repository/Выручка в рублях/Внутренний оборот в фильтре Выручка' is clicked on

16-10-2024T08:12:10 - [MESSAGE][PASSED] - Object: 'Object Repository/Выручка в рублях/Внутренний оборот в фильтре Выручка' is clicked on

16-10-2024T08:12:10 - [TEST_STEP][PASSED] - click(findTestObject("Выручка в рублях/Применить в фильтре Выручка" + nameOfBlock)): Object: 'Object Repository/Выручка в рублях/Применить в фильтре Выручка' is clicked on

16-10-2024T08:12:11 - [MESSAGE][PASSED] - Object: 'Object Repository/Выручка в рублях/Применить в фильтре Выручка' is clicked on

16-10-2024T08:12:11 - [TEST_STEP][PASSED] - click(findTestObject("Выручка в рублях/Фильтр ДЗО" + nameOfBlock)): Object: 'Object Repository/Выручка в рублях/Фильтр ДЗО' is clicked on

16-10-2024T08:12:14 - [MESSAGE][PASSED] - Object: 'Object Repository/Выручка в рублях/Фильтр ДЗО' is clicked on

16-10-2024T08:12:14 - [TEST_STEP][PASSED] - Script1710234207206.Rosseti(nameOfBlock): null

16-10-2024T08:12:14 - [TEST_STEP][PASSED] - println("nameOfBlock:" + nameOfBlock): null

16-10-2024T08:12:14 - [TEST_STEP][PASSED] - click(findTestObject("Выручка в рублях/ПАО Россети" + nameOfBlock)): Object: 'Object Repository/Выручка в рублях/ПАО Россети' is clicked on

16-10-2024T08:12:14 - [MESSAGE][PASSED] - Object: 'Object Repository/Выручка в рублях/ПАО Россети' is clicked on

16-10-2024T08:12:14 - [TEST_STEP][PASSED] - click(findTestObject("Выручка в рублях/Применить в фильтре ДЗО" + nameOfBlock)): Object: 'Object Repository/Выручка в рублях/Применить в фильтре ДЗО' is clicked on

16-10-2024T08:12:15 - [MESSAGE][PASSED] - Object: 'Object Repository/Выручка в рублях/Применить в фильтре ДЗО' is clicked on

16-10-2024T08:12:15 - [TEST_STEP][PASSED] - if (run == 2): null

16-10-2024T08:12:15 - [TEST_STEP][PASSED] - perc = " Perc": null

16-10-2024T08:12:15 - [TEST_STEP][PASSED] - if (vir == 1 || vir == 2): null

16-10-2024T08:12:15 - [TEST_STEP][PASSED] - else: Text of object 'Object Repository/Выручка в рублях/vir3Plan' is: '15 949'

16-10-2024T08:12:15 - [TEST_STEP][PASSED] - a1 = getText(findTestObject("Выручка в рублях/vir3Plan")): Text of object 'Object Repository/Выручка в рублях/vir3Plan' is: '15 949'

16-10-2024T08:12:17 - [MESSAGE][PASSED] - Text of object 'Object Repository/Выручка в рублях/vir3Plan' is: '15 949'

16-10-2024T08:12:17 - [TEST_STEP][PASSED] - if (vir == 1 || vir == 2): null

16-10-2024T08:12:17 - [TEST_STEP][PASSED] - else: Text of object 'Object Repository/Выручка в рублях/vir3Fact' is: '16 473'

16-10-2024T08:12:17 - [TEST_STEP][PASSED] - a2 = getText(findTestObject("Выручка в рублях/vir3Fact")): Text of object 'Object Repository/Выручка в рублях/vir3Fact' is: '16 473'

16-10-2024T08:12:17 - [MESSAGE][PASSED] - Text of object 'Object Repository/Выручка в рублях/vir3Fact' is: '16 473'

16-10-2024T08:12:17 - [TEST_STEP][PASSED] - a30 = getText(findTestObject("Выручка в рублях/span1" + perc)): Text of object 'Object Repository/Выручка в рублях/span1 Perc' is: '-47.55 %'

16-10-2024T08:12:18 - [MESSAGE][PASSED] - Text of object 'Object Repository/Выручка в рублях/span1 Perc' is: '-47.55 %'

16-10-2024T08:12:18 - [TEST_STEP][PASSED] - i = a30.indexOf("млн.руб."): null

16-10-2024T08:12:18 - [TEST_STEP][PASSED] - if (i > -1): null

16-10-2024T08:12:18 - [TEST_STEP][PASSED] - if (a30.contains("%")): null

16-10-2024T08:12:18 - [TEST_STEP][PASSED] - a30 = a30.replaceAll("%", ""): null

16-10-2024T08:12:18 - [TEST_STEP][PASSED] - a30 = ").trim(): null

16-10-2024T08:12:18 - [TEST_STEP][PASSED] - println("a30: " + a30): null

16-10-2024T08:12:18 - [TEST_STEP][PASSED] - if (vir == 1 || vir == 2): null

16-10-2024T08:12:18 - [TEST_STEP][PASSED] - else: Text of object 'Object Repository/Выручка в рублях/span15 Perc' is: '-1.78 %'

16-10-2024T08:12:18 - [TEST_STEP][PASSED] - a31 = ").trim(): Text of object 'Object Repository/Выручка в рублях/span15 Perc' is: '-1.78 %'

16-10-2024T08:12:18 - [MESSAGE][PASSED] - Text of object 'Object Repository/Выручка в рублях/span15 Perc' is: '-1.78 %'

16-10-2024T08:12:18 - [TEST_STEP][PASSED] - if (vir == 1 || vir == 2): null

16-10-2024T08:12:18 - [TEST_STEP][PASSED] - else: Text of object 'Object Repository/Выручка в рублях/span16 Perc' is: '-49.1 %'

16-10-2024T08:12:18 - [TEST_STEP][PASSED] - a32 = ").trim(): Text of object 'Object Repository/Выручка в рублях/span16 Perc' is: '-49.1 %'

16-10-2024T08:12:18 - [MESSAGE][PASSED] - Text of object 'Object Repository/Выручка в рублях/span16 Perc' is: '-49.1 %'

16-10-2024T08:12:18 - [TEST_STEP][PASSED] - if (vir == 1 || vir == 2): null

16-10-2024T08:12:18 - [TEST_STEP][PASSED] - else: Text of object 'Object Repository/Выручка в рублях/span17 Perc' is: '-49.42 %'

16-10-2024T08:12:18 - [TEST_STEP][PASSED] - a37 = ").trim(): Text of object 'Object Repository/Выручка в рублях/span17 Perc' is: '-49.42 %'

16-10-2024T08:12:19 - [MESSAGE][PASSED] - Text of object 'Object Repository/Выручка в рублях/span17 Perc' is: '-49.42 %'

16-10-2024T08:12:19 - [TEST_STEP][PASSED] - if (vir == 1 || vir == 2): null

16-10-2024T08:12:19 - [TEST_STEP][PASSED] - else: Text of object 'Object Repository/Выручка в рублях/span18 Perc' is: '-45.8 %'

16-10-2024T08:12:19 - [TEST_STEP][PASSED] - a316 = ").trim(): Text of object 'Object Repository/Выручка в рублях/span18 Perc' is: '-45.8 %'

16-10-2024T08:12:19 - [MESSAGE][PASSED] - Text of object 'Object Repository/Выручка в рублях/span18 Perc' is: '-45.8 %'

16-10-2024T08:12:19 - [TEST_STEP][PASSED] - if (vir == 1 || vir == 2): null

16-10-2024T08:12:19 - [TEST_STEP][PASSED] - block = 2: null

16-10-2024T08:12:19 - [TEST_STEP][PASSED] - nameOfBlock = " Выручка": null

16-10-2024T08:12:19 - [TEST_STEP][PASSED] - Script1710234207206.PreSettings(run, vir, block, nameOfBlock, typeOfData, todaysDate): null

16-10-2024T08:12:19 - [TEST_STEP][PASSED] - openBrowser(""): Browser is opened with url: ''

16-10-2024T08:12:19 - [MESSAGE][WARNING] - A browser is already opened. Closing browser and opening a new one

16-10-2024T08:12:19 - [MESSAGE][INFO] - Starting 'Chrome' driver

16-10-2024T08:12:19 - [MESSAGE][INFO] - Action delay is set to 0 milliseconds

16-10-2024T08:12:20 - [MESSAGE][PASSED] - Browser is opened with url: ''

16-10-2024T08:12:20 - [TEST_STEP][PASSED] - refresh(): Refresh successfully

16-10-2024T08:12:20 - [MESSAGE][PASSED] - Refresh successfully

16-10-2024T08:12:20 - [TEST_STEP][PASSED] - delay(50): Delayed 50 second(s)

16-10-2024T08:13:10 - [MESSAGE][PASSED] - Delayed 50 second(s)

16-10-2024T08:13:10 - [TEST_STEP][PASSED] - println("run:" + run): null

16-10-2024T08:13:10 - [TEST_STEP][PASSED] - println("vir:" + vir): null

16-10-2024T08:13:10 - [TEST_STEP][PASSED] - println("block:" + block): null

16-10-2024T08:13:10 - [TEST_STEP][PASSED] - if (block == 1): null

16-10-2024T08:13:10 - [TEST_STEP][PASSED] - else: null

16-10-2024T08:13:10 - [TEST_STEP][PASSED] - nameOfBlock = " Выручка": null

16-10-2024T08:13:10 - [TEST_STEP][PASSED] - println("nameOfBlock:" + nameOfBlock): null

16-10-2024T08:13:10 - [TEST_STEP][PASSED] - println("typeOfData:" + typeOfData): null

16-10-2024T08:13:10 - [TEST_STEP][PASSED] - println("todaysDate:" + todaysDate): null

16-10-2024T08:13:10 - [TEST_STEP][PASSED] - Script1710234207206.Autorization(block, nameOfBlock): null

16-10-2024T08:13:10 - [TEST_STEP][PASSED] - println("block:" + block): null

16-10-2024T08:13:10 - [TEST_STEP][PASSED] - if (block == 1): null

16-10-2024T08:13:10 - [TEST_STEP][PASSED] - else: null

16-10-2024T08:13:10 - [TEST_STEP][PASSED] - delay(45): Delayed 45 second(s)

16-10-2024T08:13:55 - [MESSAGE][PASSED] - Delayed 45 second(s)

16-10-2024T08:13:55 - [TEST_STEP][PASSED] - nameOfBlock = " Выручка": null

16-10-2024T08:13:55 - [TEST_STEP][PASSED] - println("nameOfBlock:" + nameOfBlock): null

16-10-2024T08:13:55 - [TEST_STEP][PASSED] - if (block == 1): null

16-10-2024T08:13:55 - [TEST_STEP][PASSED] - else: Delayed 45 second(s)

16-10-2024T08:13:55 - [TEST_STEP][PASSED] - navigateToUrl(findTestData("PlanFact").getValue(10, 9)): Navigate to 'https://bi.rosseti.digital/viewer?dashboardGuid=a1fd28b3785d443cbc4d7690a1d78e31&sheetGuid=86092a20c5984827a0c87b24cac76a50&fit=true' successfully

16-10-2024T08:14:00 - [MESSAGE][PASSED] - Navigate to 'https://bi.rosseti.digital/viewer?dashboardGuid=a1fd28b3785d443cbc4d7690a1d78e31&sheetGuid=86092a20c5984827a0c87b24cac76a50&fit=true' successfully

16-10-2024T08:14:00 - [TEST_STEP][PASSED] - delay(45): Delayed 45 second(s)

16-10-2024T08:14:45 - [MESSAGE][PASSED] - Delayed 45 second(s)

16-10-2024T08:14:45 - [TEST_STEP][PASSED] - if (verifyElementPresent(findTestObject("Страница авторизации/button_"), 30) == true): null

16-10-2024T08:14:46 - [MESSAGE][PASSED] - Object 'Object Repository/Страница авторизации/button_' is present

16-10-2024T08:14:46 - [TEST_STEP][PASSED] - setText(findTestObject("Страница авторизации/input__username"), findTestData("PlanFact").getValue(8, 1)): Text 'shekhov-aa' is set on object 'Object Repository/Страница авторизации/input__username'

16-10-2024T08:14:46 - [MESSAGE][PASSED] - Text 'shekhov-aa' is set on object 'Object Repository/Страница авторизации/input__username'

16-10-2024T08:14:46 - [TEST_STEP][PASSED] - setText(findTestObject("Страница авторизации/input__password"), findTestData("PlanFact").getValue(9, 1)): Text 'i)RpQLLlXv9gUDC9' is set on object 'Object Repository/Страница авторизации/input__password'

16-10-2024T08:14:47 - [MESSAGE][PASSED] - Text 'i)RpQLLlXv9gUDC9' is set on object 'Object Repository/Страница авторизации/input__password'

16-10-2024T08:14:47 - [TEST_STEP][PASSED] - click(findTestObject("Страница авторизации/button_")): Object: 'Object Repository/Страница авторизации/button_' is clicked on

16-10-2024T08:14:50 - [MESSAGE][PASSED] - Object: 'Object Repository/Страница авторизации/button_' is clicked on

16-10-2024T08:14:50 - [TEST_STEP][PASSED] - delay(45): Delayed 45 second(s)

16-10-2024T08:15:35 - [MESSAGE][PASSED] - Delayed 45 second(s)

16-10-2024T08:15:35 - [TEST_STEP][PASSED] - if (block == 2): Delayed 50 second(s)

16-10-2024T08:15:35 - [TEST_STEP][PASSED] - opoveshenie = getText(findTestObject("Выручка в рублях/Просьба обратить внимание")): Text of object 'Object Repository/Выручка в рублях/Просьба обратить внимание' is: 'Просьба обратить внимание'

16-10-2024T08:15:35 - [MESSAGE][PASSED] - Text of object 'Object Repository/Выручка в рублях/Просьба обратить внимание' is: 'Просьба обратить внимание'

16-10-2024T08:15:35 - [TEST_STEP][PASSED] - if (opoveshenie == "Просьба обратить внимание"): Delayed 50 second(s)

16-10-2024T08:15:35 - [TEST_STEP][PASSED] - click(findTestObject("Выручка в рублях/Закрыть оповещение")): Object: 'Object Repository/Выручка в рублях/Закрыть оповещение' is clicked on

16-10-2024T08:15:35 - [MESSAGE][PASSED] - Object: 'Object Repository/Выручка в рублях/Закрыть оповещение' is clicked on

16-10-2024T08:15:35 - [TEST_STEP][PASSED] - delay(50): Delayed 50 second(s)

16-10-2024T08:16:25 - [MESSAGE][PASSED] - Delayed 50 second(s)

16-10-2024T08:16:25 - [TEST_STEP][PASSED] - click(findTestObject("Выручка в рублях/Фильтр Период" + nameOfBlock)): Object: 'Object Repository/Выручка в рублях/Фильтр Период Выручка' is clicked on

16-10-2024T08:16:26 - [MESSAGE][PASSED] - Object: 'Object Repository/Выручка в рублях/Фильтр Период Выручка' is clicked on

16-10-2024T08:16:26 - [TEST_STEP][PASSED] - click(findTestObject("Выручка в рублях/Снять выделение в фильтре Дата" + nameOfBlock)): Object: 'Object Repository/Выручка в рублях/Снять выделение в фильтре Дата Выручка' is clicked on

16-10-2024T08:16:26 - [MESSAGE][PASSED] - Object: 'Object Repository/Выручка в рублях/Снять выделение в фильтре Дата Выручка' is clicked on

16-10-2024T08:16:26 - [TEST_STEP][PASSED] - click(findTestObject("Выручка в рублях/Применить в фильтре Дата" + nameOfBlock)): Object: 'Object Repository/Выручка в рублях/Применить в фильтре Дата Выручка' is clicked on

16-10-2024T08:16:27 - [MESSAGE][PASSED] - Object: 'Object Repository/Выручка в рублях/Применить в фильтре Дата Выручка' is clicked on

16-10-2024T08:16:27 - [TEST_STEP][PASSED] - delay(50): Delayed 50 second(s)

16-10-2024T08:17:17 - [MESSAGE][PASSED] - Delayed 50 second(s)

16-10-2024T08:17:17 - [TEST_STEP][PASSED] - click(findTestObject("Выручка в рублях/Фильтр Период" + nameOfBlock)): Object: 'Object Repository/Выручка в рублях/Фильтр Период Выручка' is clicked on

16-10-2024T08:17:17 - [MESSAGE][PASSED] - Object: 'Object Repository/Выручка в рублях/Фильтр Период Выручка' is clicked on

16-10-2024T08:17:17 - [TEST_STEP][PASSED] - click(findTestObject("Выручка в рублях/Снять выделение в фильтре Дата" + nameOfBlock)): Object: 'Object Repository/Выручка в рублях/Снять выделение в фильтре Дата Выручка' is clicked on

16-10-2024T08:17:18 - [MESSAGE][PASSED] - Object: 'Object Repository/Выручка в рублях/Снять выделение в фильтре Дата Выручка' is clicked on

16-10-2024T08:17:18 - [TEST_STEP][PASSED] - scrollToElement(findTestObject("Выручка в рублях/2024 список" + nameOfBlock), 30): Scroll to object 'Object Repository/Выручка в рублях/2024 список Выручка' successfully

16-10-2024T08:17:18 - [MESSAGE][PASSED] - Scroll to object 'Object Repository/Выручка в рублях/2024 список Выручка' successfully

16-10-2024T08:17:18 - [TEST_STEP][PASSED] - click(findTestObject("Выручка в рублях/2024 список" + nameOfBlock)): Object: 'Object Repository/Выручка в рублях/2024 список Выручка' is clicked on

16-10-2024T08:17:18 - [MESSAGE][PASSED] - Object: 'Object Repository/Выручка в рублях/2024 список Выручка' is clicked on

16-10-2024T08:17:18 - [TEST_STEP][PASSED] - scrollToElement(findTestObject("Выручка в рублях/1 квартал 2024 выбрать" + nameOfBlock), 30): Scroll to object 'Object Repository/Выручка в рублях/1 квартал 2024 выбрать Выручка' successfully

16-10-2024T08:17:19 - [MESSAGE][PASSED] - Scroll to object 'Object Repository/Выручка в рублях/1 квартал 2024 выбрать Выручка' successfully

16-10-2024T08:17:19 - [TEST_STEP][PASSED] - click(findTestObject("Выручка в рублях/1 квартал 2024 выбрать" + nameOfBlock)): Object: 'Object Repository/Выручка в рублях/1 квартал 2024 выбрать Выручка' is clicked on

16-10-2024T08:17:19 - [MESSAGE][PASSED] - Object: 'Object Repository/Выручка в рублях/1 квартал 2024 выбрать Выручка' is clicked on

16-10-2024T08:17:19 - [TEST_STEP][PASSED] - scrollToElement(findTestObject("Выручка в рублях/2 квартал 2024 выбрать" + nameOfBlock), 30): Scroll to object 'Object Repository/Выручка в рублях/2 квартал 2024 выбрать Выручка' successfully

16-10-2024T08:17:20 - [MESSAGE][PASSED] - Scroll to object 'Object Repository/Выручка в рублях/2 квартал 2024 выбрать Выручка' successfully

16-10-2024T08:17:20 - [TEST_STEP][PASSED] - click(findTestObject("Выручка в рублях/2 квартал 2024 выбрать" + nameOfBlock)): Object: 'Object Repository/Выручка в рублях/2 квартал 2024 выбрать Выручка' is clicked on

16-10-2024T08:17:20 - [MESSAGE][PASSED] - Object: 'Object Repository/Выручка в рублях/2 квартал 2024 выбрать Выручка' is clicked on

16-10-2024T08:17:20 - [TEST_STEP][PASSED] - scrollToElement(findTestObject("Выручка в рублях/3 квартал 2024 список" + nameOfBlock), 30): Scroll to object 'Object Repository/Выручка в рублях/3 квартал 2024 список Выручка' successfully

16-10-2024T08:17:21 - [MESSAGE][PASSED] - Scroll to object 'Object Repository/Выручка в рублях/3 квартал 2024 список Выручка' successfully

16-10-2024T08:17:21 - [TEST_STEP][PASSED] - click(findTestObject("Выручка в рублях/3 квартал 2024 список" + nameOfBlock)): Object: 'Object Repository/Выручка в рублях/3 квартал 2024 список Выручка' is clicked on

16-10-2024T08:17:21 - [MESSAGE][PASSED] - Object: 'Object Repository/Выручка в рублях/3 квартал 2024 список Выручка' is clicked on

16-10-2024T08:17:21 - [TEST_STEP][PASSED] - click(findTestObject("Выручка в рублях/Июль 2024" + nameOfBlock)): Object: 'Object Repository/Выручка в рублях/Июль 2024 Выручка' is clicked on

16-10-2024T08:17:21 - [MESSAGE][PASSED] - Object: 'Object Repository/Выручка в рублях/Июль 2024 Выручка' is clicked on

16-10-2024T08:17:21 - [TEST_STEP][PASSED] - scrollToElement(findTestObject("Выручка в рублях/Август 2024" + nameOfBlock), 30): Scroll to object 'Object Repository/Выручка в рублях/Август 2024 Выручка' successfully

16-10-2024T08:17:22 - [MESSAGE][PASSED] - Scroll to object 'Object Repository/Выручка в рублях/Август 2024 Выручка' successfully

16-10-2024T08:17:22 - [TEST_STEP][PASSED] - click(findTestObject("Выручка в рублях/Август 2024" + nameOfBlock)): Object: 'Object Repository/Выручка в рублях/Август 2024 Выручка' is clicked on

16-10-2024T08:17:22 - [MESSAGE][PASSED] - Object: 'Object Repository/Выручка в рублях/Август 2024 Выручка' is clicked on

16-10-2024T08:17:22 - [TEST_STEP][PASSED] - scrollToElement(findTestObject("Выручка в рублях/Заголовок дашборда" + nameOfBlock), 30): Scroll to object 'Object Repository/Выручка в рублях/Заголовок дашборда Выручка' successfully

16-10-2024T08:17:22 - [MESSAGE][PASSED] - Scroll to object 'Object Repository/Выручка в рублях/Заголовок дашборда Выручка' successfully

16-10-2024T08:17:22 - [TEST_STEP][PASSED] - click(findTestObject("Выручка в рублях/Применить в фильтре Дата" + nameOfBlock)): Object: 'Object Repository/Выручка в рублях/Применить в фильтре Дата Выручка' is clicked on

16-10-2024T08:17:23 - [MESSAGE][PASSED] - Object: 'Object Repository/Выручка в рублях/Применить в фильтре Дата Выручка' is clicked on

16-10-2024T08:17:23 - [TEST_STEP][PASSED] - delay(50): Delayed 50 second(s)

16-10-2024T08:18:13 - [MESSAGE][PASSED] - Delayed 50 second(s)

16-10-2024T08:18:13 - [TEST_STEP][PASSED] - click(findTestObject("Выручка в рублях/Фильтр ДЗО" + nameOfBlock)): Object: 'Object Repository/Выручка в рублях/Фильтр ДЗО Выручка' is clicked on

16-10-2024T08:18:13 - [MESSAGE][PASSED] - Object: 'Object Repository/Выручка в рублях/Фильтр ДЗО Выручка' is clicked on

16-10-2024T08:18:13 - [TEST_STEP][PASSED] - click(findTestObject("Выручка в рублях/Снять выделение в фильтре ДЗО" + nameOfBlock)): Object: 'Object Repository/Выручка в рублях/Снять выделение в фильтре ДЗО Выручка' is clicked on

16-10-2024T08:18:14 - [MESSAGE][PASSED] - Object: 'Object Repository/Выручка в рублях/Снять выделение в фильтре ДЗО Выручка' is clicked on

16-10-2024T08:18:14 - [TEST_STEP][PASSED] - click(findTestObject("Выручка в рублях/Применить в фильтре ДЗО" + nameOfBlock)): Object: 'Object Repository/Выручка в рублях/Применить в фильтре ДЗО Выручка' is clicked on

16-10-2024T08:18:14 - [MESSAGE][PASSED] - Object: 'Object Repository/Выручка в рублях/Применить в фильтре ДЗО Выручка' is clicked on

16-10-2024T08:18:14 - [TEST_STEP][PASSED] - delay(50): Delayed 50 second(s)

16-10-2024T08:19:04 - [MESSAGE][PASSED] - Delayed 50 second(s)

16-10-2024T08:19:04 - [TEST_STEP][PASSED] - Script1710234207206.Tumbler(run, vir, block, nameOfBlock): null

16-10-2024T08:19:04 - [TEST_STEP][PASSED] - println("run:" + run): null

16-10-2024T08:19:04 - [TEST_STEP][PASSED] - println("vir:" + vir): null

16-10-2024T08:19:04 - [TEST_STEP][PASSED] - println("block:" + block): null

16-10-2024T08:19:04 - [TEST_STEP][PASSED] - println("nameOfBlock:" + nameOfBlock): null

16-10-2024T08:19:04 - [TEST_STEP][PASSED] - if (vir == 1): null

16-10-2024T08:19:04 - [TEST_STEP][PASSED] - else if (vir == 2): null

16-10-2024T08:19:04 - [TEST_STEP][PASSED] - else if (vir == 3): Object: 'Object Repository/Выручка в рублях/Применить в фильтре Выручка Выручка' is clicked on

16-10-2024T08:19:04 - [TEST_STEP][PASSED] - if (run == 2): Object: 'Object Repository/Выручка в рублях/Переключить отображение с млн на проценты Выручка в рублях Выручка' is clicked on

16-10-2024T08:19:04 - [TEST_STEP][PASSED] - click(findTestObject("Выручка в рублях/Переключить отображение с млн на проценты Выручка в рублях" + nameOfBlock)): Object: 'Object Repository/Выручка в рублях/Переключить отображение с млн на проценты Выручка в рублях Выручка' is clicked on

16-10-2024T08:19:05 - [MESSAGE][PASSED] - Object: 'Object Repository/Выручка в рублях/Переключить отображение с млн на проценты Выручка в рублях Выручка' is clicked on

16-10-2024T08:19:05 - [TEST_STEP][PASSED] - click(findTestObject("Выручка в рублях/Фильтр Выручка" + nameOfBlock)): Object: 'Object Repository/Выручка в рублях/Фильтр Выручка Выручка' is clicked on

16-10-2024T08:19:05 - [MESSAGE][PASSED] - Object: 'Object Repository/Выручка в рублях/Фильтр Выручка Выручка' is clicked on

16-10-2024T08:19:05 - [TEST_STEP][PASSED] - click(findTestObject("Выручка в рублях/Внутренний оборот в фильтре Выручка" + nameOfBlock)): Object: 'Object Repository/Выручка в рублях/Внутренний оборот в фильтре Выручка Выручка' is clicked on

16-10-2024T08:19:06 - [MESSAGE][PASSED] - Object: 'Object Repository/Выручка в рублях/Внутренний оборот в фильтре Выручка Выручка' is clicked on

16-10-2024T08:19:06 - [TEST_STEP][PASSED] - click(findTestObject("Выручка в рублях/Применить в фильтре Выручка" + nameOfBlock)): Object: 'Object Repository/Выручка в рублях/Применить в фильтре Выручка Выручка' is clicked on

16-10-2024T08:19:06 - [MESSAGE][PASSED] - Object: 'Object Repository/Выручка в рублях/Применить в фильтре Выручка Выручка' is clicked on

16-10-2024T08:19:06 - [TEST_STEP][PASSED] - click(findTestObject("Выручка в рублях/Фильтр ДЗО" + nameOfBlock)): Object: 'Object Repository/Выручка в рублях/Фильтр ДЗО Выручка' is clicked on

16-10-2024T08:19:10 - [MESSAGE][PASSED] - Object: 'Object Repository/Выручка в рублях/Фильтр ДЗО Выручка' is clicked on

16-10-2024T08:19:10 - [TEST_STEP][PASSED] - Script1710234207206.Rosseti(nameOfBlock): null

16-10-2024T08:19:10 - [TEST_STEP][PASSED] - println("nameOfBlock:" + nameOfBlock): null

16-10-2024T08:19:10 - [TEST_STEP][PASSED] - click(findTestObject("Выручка в рублях/ПАО Россети" + nameOfBlock)): Object: 'Object Repository/Выручка в рублях/ПАО Россети Выручка' is clicked on

16-10-2024T08:19:10 - [MESSAGE][PASSED] - Object: 'Object Repository/Выручка в рублях/ПАО Россети Выручка' is clicked on

16-10-2024T08:19:10 - [TEST_STEP][PASSED] - click(findTestObject("Выручка в рублях/Применить в фильтре ДЗО" + nameOfBlock)): Object: 'Object Repository/Выручка в рублях/Применить в фильтре ДЗО Выручка' is clicked on

16-10-2024T08:19:11 - [MESSAGE][PASSED] - Object: 'Object Repository/Выручка в рублях/Применить в фильтре ДЗО Выручка' is clicked on

16-10-2024T08:19:11 - [TEST_STEP][PASSED] - if (vir == 1 || vir == 2): null

16-10-2024T08:19:11 - [TEST_STEP][PASSED] - else: Text of object 'Object Repository/Выручка в рублях/vir3Plan Выручка' is: '15 949'

16-10-2024T08:19:11 - [TEST_STEP][PASSED] - b1 = getText(findTestObject("Выручка в рублях/vir3Plan Выручка")): Text of object 'Object Repository/Выручка в рублях/vir3Plan Выручка' is: '15 949'

16-10-2024T08:19:13 - [MESSAGE][PASSED] - Text of object 'Object Repository/Выручка в рублях/vir3Plan Выручка' is: '15 949'

16-10-2024T08:19:13 - [TEST_STEP][PASSED] - if (vir == 1 || vir == 2): null

16-10-2024T08:19:13 - [TEST_STEP][PASSED] - else: Text of object 'Object Repository/Выручка в рублях/vir3Fact Выручка' is: '16 473'

16-10-2024T08:19:13 - [TEST_STEP][PASSED] - b2 = getText(findTestObject("Выручка в рублях/vir3Fact Выручка")): Text of object 'Object Repository/Выручка в рублях/vir3Fact Выручка' is: '16 473'

16-10-2024T08:19:13 - [MESSAGE][PASSED] - Text of object 'Object Repository/Выручка в рублях/vir3Fact Выручка' is: '16 473'

16-10-2024T08:19:13 - [TEST_STEP][PASSED] - b30 = getText(findTestObject("Выручка в рублях/span1" + perc)): Text of object 'Object Repository/Выручка в рублях/span1 Perc' is: '3.29 %'

16-10-2024T08:19:13 - [MESSAGE][PASSED] - Text of object 'Object Repository/Выручка в рублях/span1 Perc' is: '3.29 %'

16-10-2024T08:19:13 - [TEST_STEP][PASSED] - i = b30.indexOf("млн.руб."): null

16-10-2024T08:19:13 - [TEST_STEP][PASSED] - if (i > -1): null

16-10-2024T08:19:13 - [TEST_STEP][PASSED] - if (b30.contains("%")): null

16-10-2024T08:19:13 - [TEST_STEP][PASSED] - b30 = b30.replaceAll("%", ""): null

16-10-2024T08:19:13 - [TEST_STEP][PASSED] - b30 = ").trim(): null

16-10-2024T08:19:13 - [TEST_STEP][PASSED] - println("b30: " + b30): null

16-10-2024T08:19:13 - [TEST_STEP][PASSED] - if (vir == 1 || vir == 2): null

16-10-2024T08:19:13 - [TEST_STEP][PASSED] - else: Text of object 'Object Repository/Выручка в рублях/span15 Perc' is: '-1.78 %'

16-10-2024T08:19:13 - [TEST_STEP][PASSED] - b31 = ").trim(): Text of object 'Object Repository/Выручка в рублях/span15 Perc' is: '-1.78 %'

16-10-2024T08:19:14 - [MESSAGE][PASSED] - Text of object 'Object Repository/Выручка в рублях/span15 Perc' is: '-1.78 %'

16-10-2024T08:19:14 - [TEST_STEP][PASSED] - if (vir == 1 || vir == 2): null

16-10-2024T08:19:14 - [TEST_STEP][PASSED] - else: Text of object 'Object Repository/Выручка в рублях/span16 Perc' is: '1.81 %'

16-10-2024T08:19:14 - [TEST_STEP][PASSED] - b32 = ").trim(): Text of object 'Object Repository/Выручка в рублях/span16 Perc' is: '1.81 %'

16-10-2024T08:19:14 - [MESSAGE][PASSED] - Text of object 'Object Repository/Выручка в рублях/span16 Perc' is: '1.81 %'

16-10-2024T08:19:14 - [TEST_STEP][PASSED] - if (vir == 1 || vir == 2): null

16-10-2024T08:19:14 - [TEST_STEP][PASSED] - else: Text of object 'Object Repository/Выручка в рублях/span17 Perc' is: '4.01 %'

16-10-2024T08:19:14 - [TEST_STEP][PASSED] - b37 = ").trim(): Text of object 'Object Repository/Выручка в рублях/span17 Perc' is: '4.01 %'

16-10-2024T08:19:14 - [MESSAGE][PASSED] - Text of object 'Object Repository/Выручка в рублях/span17 Perc' is: '4.01 %'

16-10-2024T08:19:14 - [TEST_STEP][PASSED] - if (vir == 1 || vir == 2): null

16-10-2024T08:19:14 - [TEST_STEP][PASSED] - else: Text of object 'Object Repository/Выручка в рублях/span18 Perc' is: '8.4 %'

16-10-2024T08:19:14 - [TEST_STEP][PASSED] - b316 = ").trim(): Text of object 'Object Repository/Выручка в рублях/span18 Perc' is: '8.4 %'

16-10-2024T08:19:15 - [MESSAGE][PASSED] - Text of object 'Object Repository/Выручка в рублях/span18 Perc' is: '8.4 %'

16-10-2024T08:19:15 - [TEST_STEP][PASSED] - if (vir == 1 || vir == 2): null

16-10-2024T08:19:15 - [TEST_STEP][PASSED] - dZO = "ПАО Россети": null

16-10-2024T08:19:15 - [TEST_STEP][PASSED] - if (verifyEqual(a1, b1) == false): Actual object '15 949' and expected object '15 949' are equal

16-10-2024T08:19:15 - [MESSAGE][PASSED] - Actual object '15 949' and expected object '15 949' are equal

16-10-2024T08:19:15 - [TEST_STEP][PASSED] - if (verifyEqual(a2, b2) == false): Actual object '16 473' and expected object '16 473' are equal

16-10-2024T08:19:15 - [MESSAGE][PASSED] - Actual object '16 473' and expected object '16 473' are equal

16-10-2024T08:19:15 - [TEST_STEP][PASSED] - vidget = "Отклонения": null

16-10-2024T08:19:15 - [TEST_STEP][FAILED] - if (verifyEqual(a30, b30) == false): null

16-10-2024T08:19:15 - [MESSAGE][FAILED] - Unable to verify equal between actual object '-47.55' and expected object '3.29' (Root cause: com.kms.katalon.core.exception.StepFailedException: Actual object '-47.55' and expected object '3.29' are not equal
	at com.kms.katalon.core.keyword.builtin.VerifyEqualKeyword$_verifyEqual_closure1.doCall(VerifyEqualKeyword.groovy:58)
	at com.kms.katalon.core.keyword.builtin.VerifyEqualKeyword$_verifyEqual_closure1.call(VerifyEqualKeyword.groovy)
	at com.kms.katalon.core.keyword.internal.KeywordMain.runKeyword(KeywordMain.groovy:75)
	at com.kms.katalon.core.keyword.builtin.VerifyEqualKeyword.verifyEqual(VerifyEqualKeyword.groovy:63)
	at com.kms.katalon.core.keyword.builtin.VerifyEqualKeyword.execute(VerifyEqualKeyword.groovy:44)
	at com.kms.katalon.core.keyword.internal.KeywordExecutor.executeKeywordForPlatform(KeywordExecutor.groovy:74)
	at com.kms.katalon.core.keyword.BuiltinKeywords.verifyEqual(BuiltinKeywords.groovy:146)
	at jdk.internal.reflect.GeneratedMethodAccessor25.invoke(Unknown Source)
	at java.base/jdk.internal.reflect.DelegatingMethodAccessorImpl.invoke(DelegatingMethodAccessorImpl.java:43)
	at Выручка в рублях сверка дашбордов ПАО Россети.Blocks(Выручка в рублях сверка дашбордов ПАО Россети:357)
	at Выручка в рублях сверка дашбордов ПАО Россети.ViruchkaChange(Выручка в рублях сверка дашбордов ПАО Россети:60)
	at Выручка в рублях сверка дашбордов ПАО Россети.run(Выручка в рублях сверка дашбордов ПАО Россети:55)
	at com.kms.katalon.core.main.ScriptEngine.run(ScriptEngine.java:194)
	at com.kms.katalon.core.main.ScriptEngine.runScriptAsRawText(ScriptEngine.java:119)
	at com.kms.katalon.core.main.TestCaseExecutor.runScript(TestCaseExecutor.java:448)
	at com.kms.katalon.core.main.TestCaseExecutor.doExecute(TestCaseExecutor.java:439)
	at com.kms.katalon.core.main.TestCaseExecutor.processExecutionPhase(TestCaseExecutor.java:418)
	at com.kms.katalon.core.main.TestCaseExecutor.accessMainPhase(TestCaseExecutor.java:410)
	at com.kms.katalon.core.main.TestCaseExecutor.execute(TestCaseExecutor.java:285)
	at com.kms.katalon.core.common.CommonExecutor.accessTestCaseMainPhase(CommonExecutor.java:65)
	at com.kms.katalon.core.main.TestSuiteExecutor.accessTestSuiteMainPhase(TestSuiteExecutor.java:150)
	at com.kms.katalon.core.main.TestSuiteExecutor.execute(TestSuiteExecutor.java:106)
	at com.kms.katalon.core.main.TestCaseMain.startTestSuite(TestCaseMain.java:180)
	at TempTestSuite1729050801829.run(TempTestSuite1729050801829.groovy:35)
	at java.base/jdk.internal.reflect.NativeMethodAccessorImpl.invoke0(Native Method)
	at java.base/jdk.internal.reflect.NativeMethodAccessorImpl.invoke(NativeMethodAccessorImpl.java:77)
	at java.base/jdk.internal.reflect.DelegatingMethodAccessorImpl.invoke(DelegatingMethodAccessorImpl.java:43)
)

16-10-2024T08:19:15 - [TEST_STEP][PASSED] - a = a30.toDouble(): null

16-10-2024T08:19:15 - [TEST_STEP][PASSED] - b = b30.toDouble(): null

16-10-2024T08:19:15 - [TEST_STEP][PASSED] - Script1710234207206.WriteToExcel(todaysDate, run, vir, block, typeOfData, viruchka, vidget, nameOfBlock, a, b, dZO): null

16-10-2024T08:19:15 - [TEST_STEP][PASSED] - println(run): null

16-10-2024T08:19:15 - [TEST_STEP][PASSED] - if (run == 1): null

16-10-2024T08:19:15 - [TEST_STEP][PASSED] - else if (run == 2): null

16-10-2024T08:19:15 - [TEST_STEP][PASSED] - typeOfData = "Проценты": null

16-10-2024T08:19:15 - [TEST_STEP][PASSED] - println("todaysDate:" + todaysDate): null

16-10-2024T08:19:15 - [TEST_STEP][PASSED] - println("typeOfData:" + typeOfData): null

16-10-2024T08:19:15 - [TEST_STEP][PASSED] - viruchka = getText(findTestObject("Выручка в рублях/Фильтр Выручка" + nameOfBlock)): Text of object 'Object Repository/Выручка в рублях/Фильтр Выручка Выручка' is: 'ПЕРЕДАЧА ЭЛЕКТРОЭНЕРГИИ, внутренний оборот'

16-10-2024T08:19:15 - [MESSAGE][PASSED] - Text of object 'Object Repository/Выручка в рублях/Фильтр Выручка Выручка' is: 'ПЕРЕДАЧА ЭЛЕКТРОЭНЕРГИИ, внутренний оборот'

16-10-2024T08:19:15 - [TEST_STEP][PASSED] - println("viruchka" + viruchka): null

16-10-2024T08:19:15 - [TEST_STEP][PASSED] - println("vidget" + vidget): null

16-10-2024T08:19:15 - [TEST_STEP][PASSED] - println("a" + a): null

16-10-2024T08:19:15 - [TEST_STEP][PASSED] - println("b" + b): null

16-10-2024T08:19:15 - [TEST_STEP][PASSED] - sheetName = "Sheet1": null

16-10-2024T08:19:15 - [TEST_STEP][PASSED] - data = findTestData("PlanFact"): null

16-10-2024T08:19:15 - [TEST_STEP][PASSED] - n = data.getRowNumbers() + 1: null

16-10-2024T08:19:15 - [TEST_STEP][PASSED] - period = getText(findTestObject("Выручка в рублях/Фильтр Период")): Text of object 'Object Repository/Выручка в рублях/Фильтр Период' is: 'Июль, Август и 1, 2 кв. 2024 года'

16-10-2024T08:19:15 - [MESSAGE][PASSED] - Text of object 'Object Repository/Выручка в рублях/Фильтр Период' is: 'Июль, Август и 1, 2 кв. 2024 года'

16-10-2024T08:19:15 - [TEST_STEP][PASSED] - println(period): null

16-10-2024T08:19:15 - [TEST_STEP][PASSED] - dashboardName = "Выручка в рублях": null

16-10-2024T08:19:15 - [TEST_STEP][PASSED] - workbook01 = getWorkbook(excelFilePath): null

16-10-2024T08:19:15 - [TEST_STEP][PASSED] - sheet01 = getExcelSheet(workbook01, sheetName): null

16-10-2024T08:19:15 - [TEST_STEP][PASSED] - setValueToCellByIndex(sheet01, n, 0, dashboardName): null

16-10-2024T08:19:15 - [TEST_STEP][PASSED] - setValueToCellByIndex(sheet01, n, 1, dZO): null

16-10-2024T08:19:15 - [TEST_STEP][PASSED] - setValueToCellByIndex(sheet01, n, 2, vidget): null

16-10-2024T08:19:15 - [TEST_STEP][PASSED] - setValueToCellByIndex(sheet01, n, 3, viruchka): null

16-10-2024T08:19:15 - [TEST_STEP][PASSED] - setValueToCellByIndex(sheet01, n, 4, typeOfData): null

16-10-2024T08:19:15 - [TEST_STEP][PASSED] - if (a == null): null

16-10-2024T08:19:15 - [TEST_STEP][PASSED] - else: null

16-10-2024T08:19:15 - [TEST_STEP][PASSED] - setValueToCellByIndex(sheet01, n, 5, a): null

16-10-2024T08:19:15 - [TEST_STEP][PASSED] - if (b == null): null

16-10-2024T08:19:15 - [TEST_STEP][PASSED] - else: null

16-10-2024T08:19:15 - [TEST_STEP][PASSED] - setValueToCellByIndex(sheet01, n, 6, b): null

16-10-2024T08:19:15 - [TEST_STEP][PASSED] - setValueToCellByIndex(sheet01, n, 7, period): null

16-10-2024T08:19:15 - [TEST_STEP][PASSED] - setValueToCellByIndex(sheet01, n, 8, todaysDate): null

16-10-2024T08:19:15 - [TEST_STEP][PASSED] - n = n + 1: null

16-10-2024T08:19:15 - [TEST_STEP][PASSED] - saveWorkbook(excelFilePath, workbook01): null

16-10-2024T08:19:16 - [TEST_STEP][PASSED] - dZO = "АО «Тываэнерго»": null

16-10-2024T08:19:16 - [TEST_STEP][PASSED] - if (verifyEqual(a31, b31) == false): Actual object '-1.78' and expected object '-1.78' are equal

16-10-2024T08:19:16 - [MESSAGE][PASSED] - Actual object '-1.78' and expected object '-1.78' are equal

16-10-2024T08:19:16 - [TEST_STEP][PASSED] - dZO = "АО «Чеченэнерго»": null

16-10-2024T08:19:16 - [TEST_STEP][FAILED] - if (verifyEqual(a32, b32) == false): null

16-10-2024T08:19:16 - [MESSAGE][FAILED] - Unable to verify equal between actual object '-49.1' and expected object '1.81' (Root cause: com.kms.katalon.core.exception.StepFailedException: Actual object '-49.1' and expected object '1.81' are not equal
	at com.kms.katalon.core.keyword.builtin.VerifyEqualKeyword$_verifyEqual_closure1.doCall(VerifyEqualKeyword.groovy:58)
	at com.kms.katalon.core.keyword.builtin.VerifyEqualKeyword$_verifyEqual_closure1.call(VerifyEqualKeyword.groovy)
	at com.kms.katalon.core.keyword.internal.KeywordMain.runKeyword(KeywordMain.groovy:75)
	at com.kms.katalon.core.keyword.builtin.VerifyEqualKeyword.verifyEqual(VerifyEqualKeyword.groovy:63)
	at com.kms.katalon.core.keyword.builtin.VerifyEqualKeyword.execute(VerifyEqualKeyword.groovy:44)
	at com.kms.katalon.core.keyword.internal.KeywordExecutor.executeKeywordForPlatform(KeywordExecutor.groovy:74)
	at com.kms.katalon.core.keyword.BuiltinKeywords.verifyEqual(BuiltinKeywords.groovy:146)
	at jdk.internal.reflect.GeneratedMethodAccessor25.invoke(Unknown Source)
	at java.base/jdk.internal.reflect.DelegatingMethodAccessorImpl.invoke(DelegatingMethodAccessorImpl.java:43)
	at Выручка в рублях сверка дашбордов ПАО Россети.Blocks(Выручка в рублях сверка дашбордов ПАО Россети:377)
	at Выручка в рублях сверка дашбордов ПАО Россети.ViruchkaChange(Выручка в рублях сверка дашбордов ПАО Россети:60)
	at Выручка в рублях сверка дашбордов ПАО Россети.run(Выручка в рублях сверка дашбордов ПАО Россети:55)
	at com.kms.katalon.core.main.ScriptEngine.run(ScriptEngine.java:194)
	at com.kms.katalon.core.main.ScriptEngine.runScriptAsRawText(ScriptEngine.java:119)
	at com.kms.katalon.core.main.TestCaseExecutor.runScript(TestCaseExecutor.java:448)
	at com.kms.katalon.core.main.TestCaseExecutor.doExecute(TestCaseExecutor.java:439)
	at com.kms.katalon.core.main.TestCaseExecutor.processExecutionPhase(TestCaseExecutor.java:418)
	at com.kms.katalon.core.main.TestCaseExecutor.accessMainPhase(TestCaseExecutor.java:410)
	at com.kms.katalon.core.main.TestCaseExecutor.execute(TestCaseExecutor.java:285)
	at com.kms.katalon.core.common.CommonExecutor.accessTestCaseMainPhase(CommonExecutor.java:65)
	at com.kms.katalon.core.main.TestSuiteExecutor.accessTestSuiteMainPhase(TestSuiteExecutor.java:150)
	at com.kms.katalon.core.main.TestSuiteExecutor.execute(TestSuiteExecutor.java:106)
	at com.kms.katalon.core.main.TestCaseMain.startTestSuite(TestCaseMain.java:180)
	at TempTestSuite1729050801829.run(TempTestSuite1729050801829.groovy:35)
	at java.base/jdk.internal.reflect.NativeMethodAccessorImpl.invoke0(Native Method)
	at java.base/jdk.internal.reflect.NativeMethodAccessorImpl.invoke(NativeMethodAccessorImpl.java:77)
	at java.base/jdk.internal.reflect.DelegatingMethodAccessorImpl.invoke(DelegatingMethodAccessorImpl.java:43)
)

16-10-2024T08:19:16 - [TEST_STEP][PASSED] - a = a32.toDouble(): null

16-10-2024T08:19:16 - [TEST_STEP][PASSED] - b = b32.toDouble(): null

16-10-2024T08:19:16 - [TEST_STEP][PASSED] - Script1710234207206.WriteToExcel(todaysDate, run, vir, block, typeOfData, viruchka, vidget, nameOfBlock, a, b, dZO): null

16-10-2024T08:19:16 - [TEST_STEP][PASSED] - println(run): null

16-10-2024T08:19:16 - [TEST_STEP][PASSED] - if (run == 1): null

16-10-2024T08:19:16 - [TEST_STEP][PASSED] - else if (run == 2): null

16-10-2024T08:19:16 - [TEST_STEP][PASSED] - typeOfData = "Проценты": null

16-10-2024T08:19:16 - [TEST_STEP][PASSED] - println("todaysDate:" + todaysDate): null

16-10-2024T08:19:16 - [TEST_STEP][PASSED] - println("typeOfData:" + typeOfData): null

16-10-2024T08:19:16 - [TEST_STEP][PASSED] - viruchka = getText(findTestObject("Выручка в рублях/Фильтр Выручка" + nameOfBlock)): Text of object 'Object Repository/Выручка в рублях/Фильтр Выручка Выручка' is: 'ПЕРЕДАЧА ЭЛЕКТРОЭНЕРГИИ, внутренний оборот'

16-10-2024T08:19:16 - [MESSAGE][PASSED] - Text of object 'Object Repository/Выручка в рублях/Фильтр Выручка Выручка' is: 'ПЕРЕДАЧА ЭЛЕКТРОЭНЕРГИИ, внутренний оборот'

16-10-2024T08:19:16 - [TEST_STEP][PASSED] - println("viruchka" + viruchka): null

16-10-2024T08:19:16 - [TEST_STEP][PASSED] - println("vidget" + vidget): null

16-10-2024T08:19:16 - [TEST_STEP][PASSED] - println("a" + a): null

16-10-2024T08:19:16 - [TEST_STEP][PASSED] - println("b" + b): null

16-10-2024T08:19:16 - [TEST_STEP][PASSED] - sheetName = "Sheet1": null

16-10-2024T08:19:16 - [TEST_STEP][PASSED] - data = findTestData("PlanFact"): null

16-10-2024T08:19:16 - [TEST_STEP][PASSED] - n = data.getRowNumbers() + 1: null

16-10-2024T08:19:16 - [TEST_STEP][PASSED] - period = getText(findTestObject("Выручка в рублях/Фильтр Период")): Text of object 'Object Repository/Выручка в рублях/Фильтр Период' is: 'Июль, Август и 1, 2 кв. 2024 года'

16-10-2024T08:19:16 - [MESSAGE][PASSED] - Text of object 'Object Repository/Выручка в рублях/Фильтр Период' is: 'Июль, Август и 1, 2 кв. 2024 года'

16-10-2024T08:19:16 - [TEST_STEP][PASSED] - println(period): null

16-10-2024T08:19:16 - [TEST_STEP][PASSED] - dashboardName = "Выручка в рублях": null

16-10-2024T08:19:16 - [TEST_STEP][PASSED] - workbook01 = getWorkbook(excelFilePath): null

16-10-2024T08:19:16 - [TEST_STEP][PASSED] - sheet01 = getExcelSheet(workbook01, sheetName): null

16-10-2024T08:19:16 - [TEST_STEP][PASSED] - setValueToCellByIndex(sheet01, n, 0, dashboardName): null

16-10-2024T08:19:16 - [TEST_STEP][PASSED] - setValueToCellByIndex(sheet01, n, 1, dZO): null

16-10-2024T08:19:16 - [TEST_STEP][PASSED] - setValueToCellByIndex(sheet01, n, 2, vidget): null

16-10-2024T08:19:16 - [TEST_STEP][PASSED] - setValueToCellByIndex(sheet01, n, 3, viruchka): null

16-10-2024T08:19:16 - [TEST_STEP][PASSED] - setValueToCellByIndex(sheet01, n, 4, typeOfData): null

16-10-2024T08:19:16 - [TEST_STEP][PASSED] - if (a == null): null

16-10-2024T08:19:16 - [TEST_STEP][PASSED] - else: null

16-10-2024T08:19:16 - [TEST_STEP][PASSED] - setValueToCellByIndex(sheet01, n, 5, a): null

16-10-2024T08:19:16 - [TEST_STEP][PASSED] - if (b == null): null

16-10-2024T08:19:16 - [TEST_STEP][PASSED] - else: null

16-10-2024T08:19:16 - [TEST_STEP][PASSED] - setValueToCellByIndex(sheet01, n, 6, b): null

16-10-2024T08:19:16 - [TEST_STEP][PASSED] - setValueToCellByIndex(sheet01, n, 7, period): null

16-10-2024T08:19:16 - [TEST_STEP][PASSED] - setValueToCellByIndex(sheet01, n, 8, todaysDate): null

16-10-2024T08:19:16 - [TEST_STEP][PASSED] - n = n + 1: null

16-10-2024T08:19:16 - [TEST_STEP][PASSED] - saveWorkbook(excelFilePath, workbook01): null

16-10-2024T08:19:17 - [TEST_STEP][PASSED] - dZO = "Россети Волга": null

16-10-2024T08:19:17 - [TEST_STEP][PASSED] - if (verifyEqual(a33, b33) == false): Actual object 'null' and expected object 'null' are equal

16-10-2024T08:19:17 - [MESSAGE][PASSED] - Actual object 'null' and expected object 'null' are equal

16-10-2024T08:19:17 - [TEST_STEP][PASSED] - dZO = "Россети Кубань": null

16-10-2024T08:19:17 - [TEST_STEP][PASSED] - if (verifyEqual(a34, b34) == false): Actual object 'null' and expected object 'null' are equal

16-10-2024T08:19:17 - [MESSAGE][PASSED] - Actual object 'null' and expected object 'null' are equal

16-10-2024T08:19:17 - [TEST_STEP][PASSED] - dZO = "Россети Ленэнерго (ГК)": null

16-10-2024T08:19:17 - [TEST_STEP][PASSED] - if (verifyEqual(a35, b35) == false): Actual object 'null' and expected object 'null' are equal

16-10-2024T08:19:17 - [MESSAGE][PASSED] - Actual object 'null' and expected object 'null' are equal

16-10-2024T08:19:17 - [TEST_STEP][PASSED] - dZO = "Россети Московский регион": null

16-10-2024T08:19:17 - [TEST_STEP][PASSED] - if (verifyEqual(a36, b36) == false): Actual object 'null' and expected object 'null' are equal

16-10-2024T08:19:17 - [MESSAGE][PASSED] - Actual object 'null' and expected object 'null' are equal

16-10-2024T08:19:17 - [TEST_STEP][PASSED] - dZO = "Россети Северный Кавказ (ГК)": null

16-10-2024T08:19:17 - [TEST_STEP][FAILED] - if (verifyEqual(a37, b37) == false): null

16-10-2024T08:19:17 - [MESSAGE][FAILED] - Unable to verify equal between actual object '-49.42' and expected object '4.01' (Root cause: com.kms.katalon.core.exception.StepFailedException: Actual object '-49.42' and expected object '4.01' are not equal
	at com.kms.katalon.core.keyword.builtin.VerifyEqualKeyword$_verifyEqual_closure1.doCall(VerifyEqualKeyword.groovy:58)
	at com.kms.katalon.core.keyword.builtin.VerifyEqualKeyword$_verifyEqual_closure1.call(VerifyEqualKeyword.groovy)
	at com.kms.katalon.core.keyword.internal.KeywordMain.runKeyword(KeywordMain.groovy:75)
	at com.kms.katalon.core.keyword.builtin.VerifyEqualKeyword.verifyEqual(VerifyEqualKeyword.groovy:63)
	at com.kms.katalon.core.keyword.builtin.VerifyEqualKeyword.execute(VerifyEqualKeyword.groovy:44)
	at com.kms.katalon.core.keyword.internal.KeywordExecutor.executeKeywordForPlatform(KeywordExecutor.groovy:74)
	at com.kms.katalon.core.keyword.BuiltinKeywords.verifyEqual(BuiltinKeywords.groovy:146)
	at jdk.internal.reflect.GeneratedMethodAccessor25.invoke(Unknown Source)
	at java.base/jdk.internal.reflect.DelegatingMethodAccessorImpl.invoke(DelegatingMethodAccessorImpl.java:43)
	at Выручка в рублях сверка дашбордов ПАО Россети.Blocks(Выручка в рублях сверка дашбордов ПАО Россети:427)
	at Выручка в рублях сверка дашбордов ПАО Россети.ViruchkaChange(Выручка в рублях сверка дашбордов ПАО Россети:60)
	at Выручка в рублях сверка дашбордов ПАО Россети.run(Выручка в рублях сверка дашбордов ПАО Россети:55)
	at com.kms.katalon.core.main.ScriptEngine.run(ScriptEngine.java:194)
	at com.kms.katalon.core.main.ScriptEngine.runScriptAsRawText(ScriptEngine.java:119)
	at com.kms.katalon.core.main.TestCaseExecutor.runScript(TestCaseExecutor.java:448)
	at com.kms.katalon.core.main.TestCaseExecutor.doExecute(TestCaseExecutor.java:439)
	at com.kms.katalon.core.main.TestCaseExecutor.processExecutionPhase(TestCaseExecutor.java:418)
	at com.kms.katalon.core.main.TestCaseExecutor.accessMainPhase(TestCaseExecutor.java:410)
	at com.kms.katalon.core.main.TestCaseExecutor.execute(TestCaseExecutor.java:285)
	at com.kms.katalon.core.common.CommonExecutor.accessTestCaseMainPhase(CommonExecutor.java:65)
	at com.kms.katalon.core.main.TestSuiteExecutor.accessTestSuiteMainPhase(TestSuiteExecutor.java:150)
	at com.kms.katalon.core.main.TestSuiteExecutor.execute(TestSuiteExecutor.java:106)
	at com.kms.katalon.core.main.TestCaseMain.startTestSuite(TestCaseMain.java:180)
	at TempTestSuite1729050801829.run(TempTestSuite1729050801829.groovy:35)
	at java.base/jdk.internal.reflect.NativeMethodAccessorImpl.invoke0(Native Method)
	at java.base/jdk.internal.reflect.NativeMethodAccessorImpl.invoke(NativeMethodAccessorImpl.java:77)
	at java.base/jdk.internal.reflect.DelegatingMethodAccessorImpl.invoke(DelegatingMethodAccessorImpl.java:43)
)

16-10-2024T08:19:17 - [TEST_STEP][PASSED] - a = a37.toDouble(): null

16-10-2024T08:19:17 - [TEST_STEP][PASSED] - b = b37.toDouble(): null

16-10-2024T08:19:17 - [TEST_STEP][PASSED] - Script1710234207206.WriteToExcel(todaysDate, run, vir, block, typeOfData, viruchka, vidget, nameOfBlock, a, b, dZO): null

16-10-2024T08:19:17 - [TEST_STEP][PASSED] - println(run): null

16-10-2024T08:19:17 - [TEST_STEP][PASSED] - if (run == 1): null

16-10-2024T08:19:17 - [TEST_STEP][PASSED] - else if (run == 2): null

16-10-2024T08:19:17 - [TEST_STEP][PASSED] - typeOfData = "Проценты": null

16-10-2024T08:19:17 - [TEST_STEP][PASSED] - println("todaysDate:" + todaysDate): null

16-10-2024T08:19:17 - [TEST_STEP][PASSED] - println("typeOfData:" + typeOfData): null

16-10-2024T08:19:17 - [TEST_STEP][PASSED] - viruchka = getText(findTestObject("Выручка в рублях/Фильтр Выручка" + nameOfBlock)): Text of object 'Object Repository/Выручка в рублях/Фильтр Выручка Выручка' is: 'ПЕРЕДАЧА ЭЛЕКТРОЭНЕРГИИ, внутренний оборот'

16-10-2024T08:19:17 - [MESSAGE][PASSED] - Text of object 'Object Repository/Выручка в рублях/Фильтр Выручка Выручка' is: 'ПЕРЕДАЧА ЭЛЕКТРОЭНЕРГИИ, внутренний оборот'

16-10-2024T08:19:17 - [TEST_STEP][PASSED] - println("viruchka" + viruchka): null

16-10-2024T08:19:17 - [TEST_STEP][PASSED] - println("vidget" + vidget): null

16-10-2024T08:19:17 - [TEST_STEP][PASSED] - println("a" + a): null

16-10-2024T08:19:17 - [TEST_STEP][PASSED] - println("b" + b): null

16-10-2024T08:19:17 - [TEST_STEP][PASSED] - sheetName = "Sheet1": null

16-10-2024T08:19:17 - [TEST_STEP][PASSED] - data = findTestData("PlanFact"): null

16-10-2024T08:19:17 - [TEST_STEP][PASSED] - n = data.getRowNumbers() + 1: null

16-10-2024T08:19:17 - [TEST_STEP][PASSED] - period = getText(findTestObject("Выручка в рублях/Фильтр Период")): Text of object 'Object Repository/Выручка в рублях/Фильтр Период' is: 'Июль, Август и 1, 2 кв. 2024 года'

16-10-2024T08:19:17 - [MESSAGE][PASSED] - Text of object 'Object Repository/Выручка в рублях/Фильтр Период' is: 'Июль, Август и 1, 2 кв. 2024 года'

16-10-2024T08:19:17 - [TEST_STEP][PASSED] - println(period): null

16-10-2024T08:19:17 - [TEST_STEP][PASSED] - dashboardName = "Выручка в рублях": null

16-10-2024T08:19:17 - [TEST_STEP][PASSED] - workbook01 = getWorkbook(excelFilePath): null

16-10-2024T08:19:17 - [TEST_STEP][PASSED] - sheet01 = getExcelSheet(workbook01, sheetName): null

16-10-2024T08:19:17 - [TEST_STEP][PASSED] - setValueToCellByIndex(sheet01, n, 0, dashboardName): null

16-10-2024T08:19:17 - [TEST_STEP][PASSED] - setValueToCellByIndex(sheet01, n, 1, dZO): null

16-10-2024T08:19:17 - [TEST_STEP][PASSED] - setValueToCellByIndex(sheet01, n, 2, vidget): null

16-10-2024T08:19:17 - [TEST_STEP][PASSED] - setValueToCellByIndex(sheet01, n, 3, viruchka): null

16-10-2024T08:19:17 - [TEST_STEP][PASSED] - setValueToCellByIndex(sheet01, n, 4, typeOfData): null

16-10-2024T08:19:17 - [TEST_STEP][PASSED] - if (a == null): null

16-10-2024T08:19:17 - [TEST_STEP][PASSED] - else: null

16-10-2024T08:19:17 - [TEST_STEP][PASSED] - setValueToCellByIndex(sheet01, n, 5, a): null

16-10-2024T08:19:17 - [TEST_STEP][PASSED] - if (b == null): null

16-10-2024T08:19:17 - [TEST_STEP][PASSED] - else: null

16-10-2024T08:19:17 - [TEST_STEP][PASSED] - setValueToCellByIndex(sheet01, n, 6, b): null

16-10-2024T08:19:17 - [TEST_STEP][PASSED] - setValueToCellByIndex(sheet01, n, 7, period): null

16-10-2024T08:19:17 - [TEST_STEP][PASSED] - setValueToCellByIndex(sheet01, n, 8, todaysDate): null

16-10-2024T08:19:17 - [TEST_STEP][PASSED] - n = n + 1: null

16-10-2024T08:19:17 - [TEST_STEP][PASSED] - saveWorkbook(excelFilePath, workbook01): null

16-10-2024T08:19:18 - [TEST_STEP][PASSED] - dZO = "Россети Северо-Запад": null

16-10-2024T08:19:18 - [TEST_STEP][PASSED] - if (verifyEqual(a38, b38) == false): Actual object 'null' and expected object 'null' are equal

16-10-2024T08:19:18 - [MESSAGE][PASSED] - Actual object 'null' and expected object 'null' are equal

16-10-2024T08:19:18 - [TEST_STEP][PASSED] - dZO = "Россети Сибирь (ГК)": null

16-10-2024T08:19:18 - [TEST_STEP][PASSED] - if (verifyEqual(a39, b39) == false): Actual object 'null' and expected object 'null' are equal

16-10-2024T08:19:18 - [MESSAGE][PASSED] - Actual object 'null' and expected object 'null' are equal

16-10-2024T08:19:18 - [TEST_STEP][PASSED] - dZO = "Россети Томск": null

16-10-2024T08:19:18 - [TEST_STEP][PASSED] - if (verifyEqual(a310, b310) == false): Actual object 'null' and expected object 'null' are equal

16-10-2024T08:19:18 - [MESSAGE][PASSED] - Actual object 'null' and expected object 'null' are equal

16-10-2024T08:19:18 - [TEST_STEP][PASSED] - dZO = "Россети Тюмень": null

16-10-2024T08:19:18 - [TEST_STEP][PASSED] - if (verifyEqual(a311, b311) == false): Actual object 'null' and expected object 'null' are equal

16-10-2024T08:19:18 - [MESSAGE][PASSED] - Actual object 'null' and expected object 'null' are equal

16-10-2024T08:19:18 - [TEST_STEP][PASSED] - dZO = "Россети Урал (ГК)": null

16-10-2024T08:19:18 - [TEST_STEP][PASSED] - if (verifyEqual(a312, b312) == false): Actual object 'null' and expected object 'null' are equal

16-10-2024T08:19:18 - [MESSAGE][PASSED] - Actual object 'null' and expected object 'null' are equal

16-10-2024T08:19:18 - [TEST_STEP][PASSED] - dZO = "Россети ФСК ЕЭС": null

16-10-2024T08:19:18 - [TEST_STEP][PASSED] - if (verifyEqual(a313, b313) == false): Actual object 'null' and expected object 'null' are equal

16-10-2024T08:19:18 - [MESSAGE][PASSED] - Actual object 'null' and expected object 'null' are equal

16-10-2024T08:19:18 - [TEST_STEP][PASSED] - dZO = "Россети Центр": null

16-10-2024T08:19:18 - [TEST_STEP][PASSED] - if (verifyEqual(a314, b314) == false): Actual object 'null' and expected object 'null' are equal

16-10-2024T08:19:18 - [MESSAGE][PASSED] - Actual object 'null' and expected object 'null' are equal

16-10-2024T08:19:18 - [TEST_STEP][PASSED] - dZO = "Россети Центр и Приволжье (ГК)": null

16-10-2024T08:19:18 - [TEST_STEP][PASSED] - if (verifyEqual(a315, b315) == false): Actual object 'null' and expected object 'null' are equal

16-10-2024T08:19:18 - [MESSAGE][PASSED] - Actual object 'null' and expected object 'null' are equal

16-10-2024T08:19:18 - [TEST_STEP][PASSED] - dZO = "Россети Юг (ГК)": null

16-10-2024T08:19:18 - [TEST_STEP][FAILED] - if (verifyEqual(a316, b316) == false): null

16-10-2024T08:19:18 - [MESSAGE][FAILED] - Unable to verify equal between actual object '-45.8' and expected object '8.4' (Root cause: com.kms.katalon.core.exception.StepFailedException: Actual object '-45.8' and expected object '8.4' are not equal
	at com.kms.katalon.core.keyword.builtin.VerifyEqualKeyword$_verifyEqual_closure1.doCall(VerifyEqualKeyword.groovy:58)
	at com.kms.katalon.core.keyword.builtin.VerifyEqualKeyword$_verifyEqual_closure1.call(VerifyEqualKeyword.groovy)
	at com.kms.katalon.core.keyword.internal.KeywordMain.runKeyword(KeywordMain.groovy:75)
	at com.kms.katalon.core.keyword.builtin.VerifyEqualKeyword.verifyEqual(VerifyEqualKeyword.groovy:63)
	at com.kms.katalon.core.keyword.builtin.VerifyEqualKeyword.execute(VerifyEqualKeyword.groovy:44)
	at com.kms.katalon.core.keyword.internal.KeywordExecutor.executeKeywordForPlatform(KeywordExecutor.groovy:74)
	at com.kms.katalon.core.keyword.BuiltinKeywords.verifyEqual(BuiltinKeywords.groovy:146)
	at jdk.internal.reflect.GeneratedMethodAccessor25.invoke(Unknown Source)
	at java.base/jdk.internal.reflect.DelegatingMethodAccessorImpl.invoke(DelegatingMethodAccessorImpl.java:43)
	at Выручка в рублях сверка дашбордов ПАО Россети.Blocks(Выручка в рублях сверка дашбордов ПАО Россети:517)
	at Выручка в рублях сверка дашбордов ПАО Россети.ViruchkaChange(Выручка в рублях сверка дашбордов ПАО Россети:60)
	at Выручка в рублях сверка дашбордов ПАО Россети.run(Выручка в рублях сверка дашбордов ПАО Россети:55)
	at com.kms.katalon.core.main.ScriptEngine.run(ScriptEngine.java:194)
	at com.kms.katalon.core.main.ScriptEngine.runScriptAsRawText(ScriptEngine.java:119)
	at com.kms.katalon.core.main.TestCaseExecutor.runScript(TestCaseExecutor.java:448)
	at com.kms.katalon.core.main.TestCaseExecutor.doExecute(TestCaseExecutor.java:439)
	at com.kms.katalon.core.main.TestCaseExecutor.processExecutionPhase(TestCaseExecutor.java:418)
	at com.kms.katalon.core.main.TestCaseExecutor.accessMainPhase(TestCaseExecutor.java:410)
	at com.kms.katalon.core.main.TestCaseExecutor.execute(TestCaseExecutor.java:285)
	at com.kms.katalon.core.common.CommonExecutor.accessTestCaseMainPhase(CommonExecutor.java:65)
	at com.kms.katalon.core.main.TestSuiteExecutor.accessTestSuiteMainPhase(TestSuiteExecutor.java:150)
	at com.kms.katalon.core.main.TestSuiteExecutor.execute(TestSuiteExecutor.java:106)
	at com.kms.katalon.core.main.TestCaseMain.startTestSuite(TestCaseMain.java:180)
	at TempTestSuite1729050801829.run(TempTestSuite1729050801829.groovy:35)
	at java.base/jdk.internal.reflect.NativeMethodAccessorImpl.invoke0(Native Method)
	at java.base/jdk.internal.reflect.NativeMethodAccessorImpl.invoke(NativeMethodAccessorImpl.java:77)
	at java.base/jdk.internal.reflect.DelegatingMethodAccessorImpl.invoke(DelegatingMethodAccessorImpl.java:43)
)

16-10-2024T08:19:18 - [TEST_STEP][PASSED] - a = a316.toDouble(): null

16-10-2024T08:19:18 - [TEST_STEP][PASSED] - b = b316.toDouble(): null

16-10-2024T08:19:18 - [TEST_STEP][PASSED] - Script1710234207206.WriteToExcel(todaysDate, run, vir, block, typeOfData, viruchka, vidget, nameOfBlock, a, b, dZO): null

16-10-2024T08:19:18 - [TEST_STEP][PASSED] - println(run): null

16-10-2024T08:19:18 - [TEST_STEP][PASSED] - if (run == 1): null

16-10-2024T08:19:18 - [TEST_STEP][PASSED] - else if (run == 2): null

16-10-2024T08:19:18 - [TEST_STEP][PASSED] - typeOfData = "Проценты": null

16-10-2024T08:19:18 - [TEST_STEP][PASSED] - println("todaysDate:" + todaysDate): null

16-10-2024T08:19:18 - [TEST_STEP][PASSED] - println("typeOfData:" + typeOfData): null

16-10-2024T08:19:18 - [TEST_STEP][PASSED] - viruchka = getText(findTestObject("Выручка в рублях/Фильтр Выручка" + nameOfBlock)): Text of object 'Object Repository/Выручка в рублях/Фильтр Выручка Выручка' is: 'ПЕРЕДАЧА ЭЛЕКТРОЭНЕРГИИ, внутренний оборот'

16-10-2024T08:19:18 - [MESSAGE][PASSED] - Text of object 'Object Repository/Выручка в рублях/Фильтр Выручка Выручка' is: 'ПЕРЕДАЧА ЭЛЕКТРОЭНЕРГИИ, внутренний оборот'

16-10-2024T08:19:18 - [TEST_STEP][PASSED] - println("viruchka" + viruchka): null

16-10-2024T08:19:18 - [TEST_STEP][PASSED] - println("vidget" + vidget): null

16-10-2024T08:19:18 - [TEST_STEP][PASSED] - println("a" + a): null

16-10-2024T08:19:18 - [TEST_STEP][PASSED] - println("b" + b): null

16-10-2024T08:19:18 - [TEST_STEP][PASSED] - sheetName = "Sheet1": null

16-10-2024T08:19:18 - [TEST_STEP][PASSED] - data = findTestData("PlanFact"): null

16-10-2024T08:19:18 - [TEST_STEP][PASSED] - n = data.getRowNumbers() + 1: null

16-10-2024T08:19:18 - [TEST_STEP][PASSED] - period = getText(findTestObject("Выручка в рублях/Фильтр Период")): Text of object 'Object Repository/Выручка в рублях/Фильтр Период' is: 'Июль, Август и 1, 2 кв. 2024 года'

16-10-2024T08:19:18 - [MESSAGE][PASSED] - Text of object 'Object Repository/Выручка в рублях/Фильтр Период' is: 'Июль, Август и 1, 2 кв. 2024 года'

16-10-2024T08:19:18 - [TEST_STEP][PASSED] - println(period): null

16-10-2024T08:19:18 - [TEST_STEP][PASSED] - dashboardName = "Выручка в рублях": null

16-10-2024T08:19:18 - [TEST_STEP][PASSED] - workbook01 = getWorkbook(excelFilePath): null

16-10-2024T08:19:18 - [TEST_STEP][PASSED] - sheet01 = getExcelSheet(workbook01, sheetName): null

16-10-2024T08:19:18 - [TEST_STEP][PASSED] - setValueToCellByIndex(sheet01, n, 0, dashboardName): null

16-10-2024T08:19:18 - [TEST_STEP][PASSED] - setValueToCellByIndex(sheet01, n, 1, dZO): null

16-10-2024T08:19:18 - [TEST_STEP][PASSED] - setValueToCellByIndex(sheet01, n, 2, vidget): null

16-10-2024T08:19:18 - [TEST_STEP][PASSED] - setValueToCellByIndex(sheet01, n, 3, viruchka): null

16-10-2024T08:19:18 - [TEST_STEP][PASSED] - setValueToCellByIndex(sheet01, n, 4, typeOfData): null

16-10-2024T08:19:18 - [TEST_STEP][PASSED] - if (a == null): null

16-10-2024T08:19:18 - [TEST_STEP][PASSED] - else: null

16-10-2024T08:19:18 - [TEST_STEP][PASSED] - setValueToCellByIndex(sheet01, n, 5, a): null

16-10-2024T08:19:18 - [TEST_STEP][PASSED] - if (b == null): null

16-10-2024T08:19:18 - [TEST_STEP][PASSED] - else: null

16-10-2024T08:19:18 - [TEST_STEP][PASSED] - setValueToCellByIndex(sheet01, n, 6, b): null

16-10-2024T08:19:18 - [TEST_STEP][PASSED] - setValueToCellByIndex(sheet01, n, 7, period): null

16-10-2024T08:19:18 - [TEST_STEP][PASSED] - setValueToCellByIndex(sheet01, n, 8, todaysDate): null

16-10-2024T08:19:18 - [TEST_STEP][PASSED] - n = n + 1: null

16-10-2024T08:19:18 - [TEST_STEP][PASSED] - saveWorkbook(excelFilePath, workbook01): null

16-10-2024T08:19:19 - [TEST_STEP][PASSED] - dZO = "Россети Янтарь": null

16-10-2024T08:19:19 - [TEST_STEP][PASSED] - if (verifyEqual(a317, b317) == false): Actual object 'null' and expected object 'null' are equal

16-10-2024T08:19:19 - [MESSAGE][PASSED] - Actual object 'null' and expected object 'null' are equal

16-10-2024T08:19:19 - [TEST_STEP][PASSED] - closeBrowser(): Browser is closed

16-10-2024T08:19:19 - [MESSAGE][PASSED] - Browser is closed]]></system-out>
         <system-err><![CDATA[16-10-2024T07:05:05 - [TEST_CASE][FAILED] - Test Cases/Сверки дашбордов/Выручка в рублях сверка дашбордов ПАО Россети: Test Cases/Сверки дашбордов/Выручка в рублях сверка дашбордов ПАО Россети FAILED.
Reason:
com.kms.katalon.core.exception.StepFailedException: Unable to verify equal between actual object '-23.85' and expected object '2.78' (Root cause: com.kms.katalon.core.exception.StepFailedException: Actual object '-23.85' and expected object '2.78' are not equal
	at com.kms.katalon.core.keyword.builtin.VerifyEqualKeyword$_verifyEqual_closure1.doCall(VerifyEqualKeyword.groovy:58)
	at com.kms.katalon.core.keyword.builtin.VerifyEqualKeyword$_verifyEqual_closure1.call(VerifyEqualKeyword.groovy)
	at com.kms.katalon.core.keyword.internal.KeywordMain.runKeyword(KeywordMain.groovy:75)
	at com.kms.katalon.core.keyword.builtin.VerifyEqualKeyword.verifyEqual(VerifyEqualKeyword.groovy:63)
	at com.kms.katalon.core.keyword.builtin.VerifyEqualKeyword.execute(VerifyEqualKeyword.groovy:44)
	at com.kms.katalon.core.keyword.internal.KeywordExecutor.executeKeywordForPlatform(KeywordExecutor.groovy:74)
	at com.kms.katalon.core.keyword.BuiltinKeywords.verifyEqual(BuiltinKeywords.groovy:146)
	at jdk.internal.reflect.GeneratedMethodAccessor25.invoke(Unknown Source)
	at java.base/jdk.internal.reflect.DelegatingMethodAccessorImpl.invoke(DelegatingMethodAccessorImpl.java:43)
	at Выручка в рублях сверка дашбордов ПАО Россети.Blocks(Выручка в рублях сверка дашбордов ПАО Россети:357)
	at Выручка в рублях сверка дашбордов ПАО Россети.ViruchkaChange(Выручка в рублях сверка дашбордов ПАО Россети:60)
	at Выручка в рублях сверка дашбордов ПАО Россети.run(Выручка в рублях сверка дашбордов ПАО Россети:55)
	at com.kms.katalon.core.main.ScriptEngine.run(ScriptEngine.java:194)
	at com.kms.katalon.core.main.ScriptEngine.runScriptAsRawText(ScriptEngine.java:119)
	at com.kms.katalon.core.main.TestCaseExecutor.runScript(TestCaseExecutor.java:448)
	at com.kms.katalon.core.main.TestCaseExecutor.doExecute(TestCaseExecutor.java:439)
	at com.kms.katalon.core.main.TestCaseExecutor.processExecutionPhase(TestCaseExecutor.java:418)
	at com.kms.katalon.core.main.TestCaseExecutor.accessMainPhase(TestCaseExecutor.java:410)
	at com.kms.katalon.core.main.TestCaseExecutor.execute(TestCaseExecutor.java:285)
	at com.kms.katalon.core.common.CommonExecutor.accessTestCaseMainPhase(CommonExecutor.java:65)
	at com.kms.katalon.core.main.TestSuiteExecutor.accessTestSuiteMainPhase(TestSuiteExecutor.java:150)
	at com.kms.katalon.core.main.TestSuiteExecutor.execute(TestSuiteExecutor.java:106)
	at com.kms.katalon.core.main.TestCaseMain.startTestSuite(TestCaseMain.java:180)
	at TempTestSuite1729050801829.run(TempTestSuite1729050801829.groovy:35)
	at java.base/jdk.internal.reflect.NativeMethodAccessorImpl.invoke0(Native Method)
	at java.base/jdk.internal.reflect.NativeMethodAccessorImpl.invoke(NativeMethodAccessorImpl.java:77)
	at java.base/jdk.internal.reflect.DelegatingMethodAccessorImpl.invoke(DelegatingMethodAccessorImpl.java:43)
)
	at com.kms.katalon.core.keyword.internal.KeywordMain.stepFailed(KeywordMain.groovy:39)
	at com.kms.katalon.core.keyword.internal.KeywordMain.stepFailed(KeywordMain.groovy)
	at com.kms.katalon.core.keyword.internal.KeywordMain.runKeyword(KeywordMain.groovy:77)
	at com.kms.katalon.core.keyword.builtin.VerifyEqualKeyword.verifyEqual(VerifyEqualKeyword.groovy:63)
	at com.kms.katalon.core.keyword.builtin.VerifyEqualKeyword.execute(VerifyEqualKeyword.groovy:44)
	at com.kms.katalon.core.keyword.internal.KeywordExecutor.executeKeywordForPlatform(KeywordExecutor.groovy:74)
	at com.kms.katalon.core.keyword.BuiltinKeywords.verifyEqual(BuiltinKeywords.groovy:146)
	at jdk.internal.reflect.GeneratedMethodAccessor25.invoke(Unknown Source)
	at java.base/jdk.internal.reflect.DelegatingMethodAccessorImpl.invoke(DelegatingMethodAccessorImpl.java:43)
	at Выручка в рублях сверка дашбордов ПАО Россети.Blocks(Выручка в рублях сверка дашбордов ПАО Россети:357)
	at Выручка в рублях сверка дашбордов ПАО Россети.ViruchkaChange(Выручка в рублях сверка дашбордов ПАО Россети:60)
	at Выручка в рублях сверка дашбордов ПАО Россети.run(Выручка в рублях сверка дашбордов ПАО Россети:55)
	at com.kms.katalon.core.main.ScriptEngine.run(ScriptEngine.java:194)
	at com.kms.katalon.core.main.ScriptEngine.runScriptAsRawText(ScriptEngine.java:119)
	at com.kms.katalon.core.main.TestCaseExecutor.runScript(TestCaseExecutor.java:448)
	at com.kms.katalon.core.main.TestCaseExecutor.doExecute(TestCaseExecutor.java:439)
	at com.kms.katalon.core.main.TestCaseExecutor.processExecutionPhase(TestCaseExecutor.java:418)
	at com.kms.katalon.core.main.TestCaseExecutor.accessMainPhase(TestCaseExecutor.java:410)
	at com.kms.katalon.core.main.TestCaseExecutor.execute(TestCaseExecutor.java:285)
	at com.kms.katalon.core.common.CommonExecutor.accessTestCaseMainPhase(CommonExecutor.java:65)
	at com.kms.katalon.core.main.TestSuiteExecutor.accessTestSuiteMainPhase(TestSuiteExecutor.java:150)
	at com.kms.katalon.core.main.TestSuiteExecutor.execute(TestSuiteExecutor.java:106)
	at com.kms.katalon.core.main.TestCaseMain.startTestSuite(TestCaseMain.java:180)
	at TempTestSuite1729050801829.run(TempTestSuite1729050801829.groovy:35)
	at java.base/jdk.internal.reflect.NativeMethodAccessorImpl.invoke0(Native Method)
	at java.base/jdk.internal.reflect.NativeMethodAccessorImpl.invoke(NativeMethodAccessorImpl.java:77)
	at java.base/jdk.internal.reflect.DelegatingMethodAccessorImpl.invoke(DelegatingMethodAccessorImpl.java:43)
Caused by: com.kms.katalon.core.exception.StepFailedException: Actual object '-23.85' and expected object '2.78' are not equal
	at com.kms.katalon.core.keyword.builtin.VerifyEqualKeyword$_verifyEqual_closure1.doCall(VerifyEqualKeyword.groovy:58)
	at com.kms.katalon.core.keyword.builtin.VerifyEqualKeyword$_verifyEqual_closure1.call(VerifyEqualKeyword.groovy)
	at com.kms.katalon.core.keyword.internal.KeywordMain.runKeyword(KeywordMain.groovy:75)
	... 24 more]]></system-err>
      </testcase>
      <testcase name="Test Cases/Сверки дашбордов/Выручка по ДЗО сверка дашбордов" time="98.553" classname="Test Cases/Сверки дашбордов/Выручка по ДЗО сверка дашбордов" status="PASSED">
         <system-out><![CDATA[16-10-2024T08:19:19 - [TEST_CASE][PASSED] - Test Cases/Сверки дашбордов/Выручка по ДЗО сверка дашбордов: Test Cases/Сверки дашбордов/Выручка по ДЗО сверка дашбордов

16-10-2024T08:19:19 - [TEST_STEP][PASSED] - date = new java.util.Date(): null

16-10-2024T08:19:19 - [TEST_STEP][PASSED] - todaysDate = date.format("dd.MM.yyyy"): null

16-10-2024T08:19:19 - [TEST_STEP][PASSED] - println(todaysDate): null

16-10-2024T08:19:19 - [TEST_STEP][PASSED] - openBrowser(""): Browser is opened with url: ''

16-10-2024T08:19:19 - [MESSAGE][INFO] - Starting 'Chrome' driver

16-10-2024T08:19:19 - [MESSAGE][INFO] - Action delay is set to 0 milliseconds

16-10-2024T08:19:20 - [MESSAGE][PASSED] - Browser is opened with url: ''

16-10-2024T08:19:20 - [TEST_STEP][PASSED] - navigateToUrl(findTestData("PlanFact").getValue(10, 5)): Navigate to 'https://bi.rosseti.digital/viewer?dashboardGuid=2301950b23be4ed89c1df75f2020051e&sheetGuid=31530aa0b6664c09b016b7f2ab9d853e&fit=true' successfully

16-10-2024T08:19:27 - [MESSAGE][PASSED] - Navigate to 'https://bi.rosseti.digital/viewer?dashboardGuid=2301950b23be4ed89c1df75f2020051e&sheetGuid=31530aa0b6664c09b016b7f2ab9d853e&fit=true' successfully

16-10-2024T08:19:27 - [TEST_STEP][PASSED] - setText(findTestObject("Страница авторизации/input__username"), findTestData("PlanFact").getValue(8, 1)): Text 'shekhov-aa' is set on object 'Object Repository/Страница авторизации/input__username'

16-10-2024T08:19:30 - [MESSAGE][PASSED] - Text 'shekhov-aa' is set on object 'Object Repository/Страница авторизации/input__username'

16-10-2024T08:19:30 - [TEST_STEP][PASSED] - setText(findTestObject("Страница авторизации/input__password"), findTestData("PlanFact").getValue(9, 1)): Text 'i)RpQLLlXv9gUDC9' is set on object 'Object Repository/Страница авторизации/input__password'

16-10-2024T08:19:31 - [MESSAGE][PASSED] - Text 'i)RpQLLlXv9gUDC9' is set on object 'Object Repository/Страница авторизации/input__password'

16-10-2024T08:19:31 - [TEST_STEP][PASSED] - click(findTestObject("Страница авторизации/button_")): Object: 'Object Repository/Страница авторизации/button_' is clicked on

16-10-2024T08:19:34 - [MESSAGE][PASSED] - Object: 'Object Repository/Страница авторизации/button_' is clicked on

16-10-2024T08:19:34 - [TEST_STEP][PASSED] - delay(30): Delayed 30 second(s)

16-10-2024T08:20:04 - [MESSAGE][PASSED] - Delayed 30 second(s)

16-10-2024T08:20:04 - [TEST_STEP][PASSED] - click(findTestObject("Выручка по ДЗО/Фильтр Дата")): Object: 'Object Repository/Выручка по ДЗО/Фильтр Дата' is clicked on

16-10-2024T08:20:04 - [MESSAGE][PASSED] - Object: 'Object Repository/Выручка по ДЗО/Фильтр Дата' is clicked on

16-10-2024T08:20:04 - [TEST_STEP][PASSED] - click(findTestObject("Выручка по ДЗО/Снять выделение в фильтре Дата")): Object: 'Object Repository/Выручка по ДЗО/Снять выделение в фильтре Дата' is clicked on

16-10-2024T08:20:05 - [MESSAGE][PASSED] - Object: 'Object Repository/Выручка по ДЗО/Снять выделение в фильтре Дата' is clicked on

16-10-2024T08:20:05 - [TEST_STEP][PASSED] - click(findTestObject("Выручка по ДЗО/Применить в фильтре Дата")): Object: 'Object Repository/Выручка по ДЗО/Применить в фильтре Дата' is clicked on

16-10-2024T08:20:05 - [MESSAGE][PASSED] - Object: 'Object Repository/Выручка по ДЗО/Применить в фильтре Дата' is clicked on

16-10-2024T08:20:05 - [TEST_STEP][PASSED] - click(findTestObject("Выручка по ДЗО/Фильтр Дата")): Object: 'Object Repository/Выручка по ДЗО/Фильтр Дата' is clicked on

16-10-2024T08:20:08 - [MESSAGE][PASSED] - Object: 'Object Repository/Выручка по ДЗО/Фильтр Дата' is clicked on

16-10-2024T08:20:08 - [TEST_STEP][PASSED] - click(findTestObject("Выручка по ДЗО/Снять выделение в фильтре Дата")): Object: 'Object Repository/Выручка по ДЗО/Снять выделение в фильтре Дата' is clicked on

16-10-2024T08:20:08 - [MESSAGE][PASSED] - Object: 'Object Repository/Выручка по ДЗО/Снять выделение в фильтре Дата' is clicked on

16-10-2024T08:20:08 - [TEST_STEP][PASSED] - scrollToElement(findTestObject("Выручка по ДЗО/2024 список"), 30): Scroll to object 'Object Repository/Выручка по ДЗО/2024 список' successfully

16-10-2024T08:20:08 - [MESSAGE][PASSED] - Scroll to object 'Object Repository/Выручка по ДЗО/2024 список' successfully

16-10-2024T08:20:08 - [TEST_STEP][PASSED] - click(findTestObject("Выручка по ДЗО/2024 список")): Object: 'Object Repository/Выручка по ДЗО/2024 список' is clicked on

16-10-2024T08:20:09 - [MESSAGE][PASSED] - Object: 'Object Repository/Выручка по ДЗО/2024 список' is clicked on

16-10-2024T08:20:09 - [TEST_STEP][PASSED] - scrollToElement(findTestObject("Выручка по ДЗО/1 квартал 2024 выбрать"), 30): Scroll to object 'Object Repository/Выручка по ДЗО/1 квартал 2024 выбрать' successfully

16-10-2024T08:20:09 - [MESSAGE][PASSED] - Scroll to object 'Object Repository/Выручка по ДЗО/1 квартал 2024 выбрать' successfully

16-10-2024T08:20:09 - [TEST_STEP][PASSED] - click(findTestObject("Выручка по ДЗО/1 квартал 2024 выбрать")): Object: 'Object Repository/Выручка по ДЗО/1 квартал 2024 выбрать' is clicked on

16-10-2024T08:20:10 - [MESSAGE][PASSED] - Object: 'Object Repository/Выручка по ДЗО/1 квартал 2024 выбрать' is clicked on

16-10-2024T08:20:10 - [TEST_STEP][PASSED] - scrollToElement(findTestObject("Выручка по ДЗО/2 квартал 2024 выбрать"), 30): Scroll to object 'Object Repository/Выручка по ДЗО/2 квартал 2024 выбрать' successfully

16-10-2024T08:20:10 - [MESSAGE][PASSED] - Scroll to object 'Object Repository/Выручка по ДЗО/2 квартал 2024 выбрать' successfully

16-10-2024T08:20:10 - [TEST_STEP][PASSED] - click(findTestObject("Выручка по ДЗО/2 квартал 2024 выбрать"), CONTINUE_ON_FAILURE): Object: 'Object Repository/Выручка по ДЗО/2 квартал 2024 выбрать' is clicked on

16-10-2024T08:20:10 - [MESSAGE][PASSED] - Object: 'Object Repository/Выручка по ДЗО/2 квартал 2024 выбрать' is clicked on

16-10-2024T08:20:10 - [TEST_STEP][PASSED] - scrollToElement(findTestObject("Выручка по ДЗО/Заголовок дашборда"), 30): Scroll to object 'Object Repository/Выручка по ДЗО/Заголовок дашборда' successfully

16-10-2024T08:20:11 - [MESSAGE][PASSED] - Scroll to object 'Object Repository/Выручка по ДЗО/Заголовок дашборда' successfully

16-10-2024T08:20:11 - [TEST_STEP][PASSED] - click(findTestObject("Выручка по ДЗО/3 квартал 2024 список"), CONTINUE_ON_FAILURE): Object: 'Object Repository/Выручка по ДЗО/3 квартал 2024 список' is clicked on

16-10-2024T08:20:11 - [MESSAGE][PASSED] - Object: 'Object Repository/Выручка по ДЗО/3 квартал 2024 список' is clicked on

16-10-2024T08:20:11 - [TEST_STEP][PASSED] - click(findTestObject("Выручка по ДЗО/Июль 2024"), CONTINUE_ON_FAILURE): Object: 'Object Repository/Выручка по ДЗО/Июль 2024' is clicked on

16-10-2024T08:20:12 - [MESSAGE][PASSED] - Object: 'Object Repository/Выручка по ДЗО/Июль 2024' is clicked on

16-10-2024T08:20:12 - [TEST_STEP][PASSED] - scrollToElement(findTestObject("Выручка по ДЗО/Август 2024"), 30): Scroll to object 'Object Repository/Выручка по ДЗО/Август 2024' successfully

16-10-2024T08:20:12 - [MESSAGE][PASSED] - Scroll to object 'Object Repository/Выручка по ДЗО/Август 2024' successfully

16-10-2024T08:20:12 - [TEST_STEP][PASSED] - click(findTestObject("Выручка по ДЗО/Август 2024"), CONTINUE_ON_FAILURE): Object: 'Object Repository/Выручка по ДЗО/Август 2024' is clicked on

16-10-2024T08:20:13 - [MESSAGE][PASSED] - Object: 'Object Repository/Выручка по ДЗО/Август 2024' is clicked on

16-10-2024T08:20:13 - [TEST_STEP][PASSED] - click(findTestObject("Выручка по ДЗО/Применить в фильтре Дата")): Object: 'Object Repository/Выручка по ДЗО/Применить в фильтре Дата' is clicked on

16-10-2024T08:20:13 - [MESSAGE][PASSED] - Object: 'Object Repository/Выручка по ДЗО/Применить в фильтре Дата' is clicked on

16-10-2024T08:20:13 - [TEST_STEP][PASSED] - a1 = getText(findTestObject("Выручка по ДЗО/График1 Выполнение плановых показателей Блок руководителя")): Text of object 'Object Repository/Выручка по ДЗО/График1 Выполнение плановых показателей Блок руководителя' is: '1 235 1 235
3 018 3 018
51 563 51 563
50 112 50 112
65 744 65 744
136 046 136 046
20 700 20 700
34 491 34 491
45 358 45 358
6 150 6 150
54 779 54 779
68 163 68 163
203 628 203 628
75 373 75 373
80 865 80 865
34 501 34 501
6 294 6 294
1 408 1 408
3 063 3 063
51 685 51 685
53 112 53 112
69 410 69 410
142 888 142 888
21 395 21 395
35 492 35 492
47 268 47 268
6 378 6 378
51 326 51 326
69 941 69 941
204 982 204 982
78 814 78 814
84 737 84 737
35 632 35 632
6 530 6 530
План
Факт
АО «Тываэнерго»
АО «Чеченэнерго»
Россети Волга
Россети Кубань
Россети Ленэнерго (ГК)
Россети Московский регион
Россети Северный Кавказ (ГК)
Россети Северо-Запад
Россети Сибирь (ГК)
Россети Томск
Россети Тюмень
Россети Урал (ГК)
Россети ФСК ЕЭС
Россети Центр
Россети Центр и Приволжье (ГК)
Россети Юг (ГК)
Россети Янтарь
0 млн. руб.
100 000 млн. руб.
200 000 млн. руб.
25 000 млн. руб.
50 000 млн. руб.
75 000 млн. руб.
125 000 млн. руб.
150 000 млн. руб.
175 000 млн. руб.
225 000 млн. руб.'

16-10-2024T08:20:15 - [MESSAGE][PASSED] - Text of object 'Object Repository/Выручка по ДЗО/График1 Выполнение плановых показателей Блок руководителя' is: '1 235 1 235
3 018 3 018
51 563 51 563
50 112 50 112
65 744 65 744
136 046 136 046
20 700 20 700
34 491 34 491
45 358 45 358
6 150 6 150
54 779 54 779
68 163 68 163
203 628 203 628
75 373 75 373
80 865 80 865
34 501 34 501
6 294 6 294
1 408 1 408
3 063 3 063
51 685 51 685
53 112 53 112
69 410 69 410
142 888 142 888
21 395 21 395
35 492 35 492
47 268 47 268
6 378 6 378
51 326 51 326
69 941 69 941
204 982 204 982
78 814 78 814
84 737 84 737
35 632 35 632
6 530 6 530
План
Факт
АО «Тываэнерго»
АО «Чеченэнерго»
Россети Волга
Россети Кубань
Россети Ленэнерго (ГК)
Россети Московский регион
Россети Северный Кавказ (ГК)
Россети Северо-Запад
Россети Сибирь (ГК)
Россети Томск
Россети Тюмень
Россети Урал (ГК)
Россети ФСК ЕЭС
Россети Центр
Россети Центр и Приволжье (ГК)
Россети Юг (ГК)
Россети Янтарь
0 млн. руб.
100 000 млн. руб.
200 000 млн. руб.
25 000 млн. руб.
50 000 млн. руб.
75 000 млн. руб.
125 000 млн. руб.
150 000 млн. руб.
175 000 млн. руб.
225 000 млн. руб.'

16-10-2024T08:20:15 - [TEST_STEP][PASSED] - println("a1: " + a1): null

16-10-2024T08:20:15 - [TEST_STEP][PASSED] - i = a1.indexOf("План"): null

16-10-2024T08:20:15 - [TEST_STEP][PASSED] - a1 = a1.substring(0, i): null

16-10-2024T08:20:15 - [TEST_STEP][PASSED] - println("a1: " + a1): null

16-10-2024T08:20:15 - [TEST_STEP][PASSED] - a2 = getText(findTestObject("Выручка по ДЗО/График2 Выполнение плановых показателей Блок руководителя")): Text of object 'Object Repository/Выручка по ДЗО/График2 Выполнение плановых показателей Блок руководителя' is: '0,15%0,15%
0,32%0,32%
5,36%5,36%
5,51%5,51%
7,2%7,2%
14,82%14,82%
2,22%2,22%
3,68%3,68%
4,9%4,9%
0,66%0,66%
5,32%5,32%
7,25%7,25%
21,26%21,26%
8,18%8,18%
8,79%8,79%
3,7%3,7%
0,68%0,68%
АО «Тываэнерго»
АО «Чеченэнерго»
Россети Волга
Россети Кубань
Россети Ленэнерго (ГК)
Россети Московский регион
Россети Северный Кавказ (ГК)
Россети Северо-Запад
Россети Сибирь (ГК)
Россети Томск
Россети Тюмень
Россети Урал (ГК)
Россети ФСК ЕЭС
Россети Центр
Россети Центр и Приволжье (ГК)
Россети Юг (ГК)
Россети Янтарь
Россети Центр и Приволжье (ГК): 84 737 018,72'

16-10-2024T08:20:15 - [MESSAGE][PASSED] - Text of object 'Object Repository/Выручка по ДЗО/График2 Выполнение плановых показателей Блок руководителя' is: '0,15%0,15%
0,32%0,32%
5,36%5,36%
5,51%5,51%
7,2%7,2%
14,82%14,82%
2,22%2,22%
3,68%3,68%
4,9%4,9%
0,66%0,66%
5,32%5,32%
7,25%7,25%
21,26%21,26%
8,18%8,18%
8,79%8,79%
3,7%3,7%
0,68%0,68%
АО «Тываэнерго»
АО «Чеченэнерго»
Россети Волга
Россети Кубань
Россети Ленэнерго (ГК)
Россети Московский регион
Россети Северный Кавказ (ГК)
Россети Северо-Запад
Россети Сибирь (ГК)
Россети Томск
Россети Тюмень
Россети Урал (ГК)
Россети ФСК ЕЭС
Россети Центр
Россети Центр и Приволжье (ГК)
Россети Юг (ГК)
Россети Янтарь
Россети Центр и Приволжье (ГК): 84 737 018,72'

16-10-2024T08:20:15 - [TEST_STEP][PASSED] - println("a2: " + a2): null

16-10-2024T08:20:15 - [TEST_STEP][PASSED] - i = a2.indexOf("АО «Тываэнерго»"): null

16-10-2024T08:20:15 - [TEST_STEP][PASSED] - a2 = a2.substring(0, i): null

16-10-2024T08:20:15 - [TEST_STEP][PASSED] - navigateToUrl(findTestData("PlanFact").getValue(10, 10)): Navigate to 'https://bi.rosseti.digital/viewer?dashboardGuid=a1fd28b3785d443cbc4d7690a1d78e31&sheetGuid=4a2f47326819444da0508dec5c59e502&fit=true' successfully

16-10-2024T08:20:16 - [MESSAGE][PASSED] - Navigate to 'https://bi.rosseti.digital/viewer?dashboardGuid=a1fd28b3785d443cbc4d7690a1d78e31&sheetGuid=4a2f47326819444da0508dec5c59e502&fit=true' successfully

16-10-2024T08:20:16 - [TEST_STEP][PASSED] - delay(30): Delayed 30 second(s)

16-10-2024T08:20:46 - [MESSAGE][PASSED] - Delayed 30 second(s)

16-10-2024T08:20:46 - [TEST_STEP][PASSED] - click(findTestObject("Выручка по ДЗО/Фильтр Дата Выручка")): Object: 'Object Repository/Выручка по ДЗО/Фильтр Дата Выручка' is clicked on

16-10-2024T08:20:46 - [MESSAGE][PASSED] - Object: 'Object Repository/Выручка по ДЗО/Фильтр Дата Выручка' is clicked on

16-10-2024T08:20:46 - [TEST_STEP][PASSED] - click(findTestObject("Выручка по ДЗО/Снять выделение в фильтре Дата Выручка")): Object: 'Object Repository/Выручка по ДЗО/Снять выделение в фильтре Дата Выручка' is clicked on

16-10-2024T08:20:47 - [MESSAGE][PASSED] - Object: 'Object Repository/Выручка по ДЗО/Снять выделение в фильтре Дата Выручка' is clicked on

16-10-2024T08:20:47 - [TEST_STEP][PASSED] - click(findTestObject("Выручка по ДЗО/Применить в фильтре Дата Выручка")): Object: 'Object Repository/Выручка по ДЗО/Применить в фильтре Дата Выручка' is clicked on

16-10-2024T08:20:48 - [MESSAGE][PASSED] - Object: 'Object Repository/Выручка по ДЗО/Применить в фильтре Дата Выручка' is clicked on

16-10-2024T08:20:48 - [TEST_STEP][PASSED] - click(findTestObject("Выручка по ДЗО/Фильтр Дата Выручка")): Object: 'Object Repository/Выручка по ДЗО/Фильтр Дата Выручка' is clicked on

16-10-2024T08:20:50 - [MESSAGE][PASSED] - Object: 'Object Repository/Выручка по ДЗО/Фильтр Дата Выручка' is clicked on

16-10-2024T08:20:50 - [TEST_STEP][PASSED] - click(findTestObject("Выручка по ДЗО/Снять выделение в фильтре Дата Выручка")): Object: 'Object Repository/Выручка по ДЗО/Снять выделение в фильтре Дата Выручка' is clicked on

16-10-2024T08:20:50 - [MESSAGE][PASSED] - Object: 'Object Repository/Выручка по ДЗО/Снять выделение в фильтре Дата Выручка' is clicked on

16-10-2024T08:20:50 - [TEST_STEP][PASSED] - scrollToElement(findTestObject("Выручка по ДЗО/2024 список Выручка"), 30): Scroll to object 'Object Repository/Выручка по ДЗО/2024 список Выручка' successfully

16-10-2024T08:20:50 - [MESSAGE][PASSED] - Scroll to object 'Object Repository/Выручка по ДЗО/2024 список Выручка' successfully

16-10-2024T08:20:50 - [TEST_STEP][PASSED] - click(findTestObject("Выручка по ДЗО/2024 список Выручка")): Object: 'Object Repository/Выручка по ДЗО/2024 список Выручка' is clicked on

16-10-2024T08:20:51 - [MESSAGE][PASSED] - Object: 'Object Repository/Выручка по ДЗО/2024 список Выручка' is clicked on

16-10-2024T08:20:51 - [TEST_STEP][PASSED] - scrollToElement(findTestObject("Выручка по ДЗО/1 квартал 2024 выбрать Выручка"), 30): Scroll to object 'Object Repository/Выручка по ДЗО/1 квартал 2024 выбрать Выручка' successfully

16-10-2024T08:20:51 - [MESSAGE][PASSED] - Scroll to object 'Object Repository/Выручка по ДЗО/1 квартал 2024 выбрать Выручка' successfully

16-10-2024T08:20:51 - [TEST_STEP][PASSED] - click(findTestObject("Выручка по ДЗО/1 квартал 2024 выбрать Выручка")): Object: 'Object Repository/Выручка по ДЗО/1 квартал 2024 выбрать Выручка' is clicked on

16-10-2024T08:20:51 - [MESSAGE][PASSED] - Object: 'Object Repository/Выручка по ДЗО/1 квартал 2024 выбрать Выручка' is clicked on

16-10-2024T08:20:51 - [TEST_STEP][PASSED] - scrollToElement(findTestObject("Выручка по ДЗО/2 квартал 2024 выбрать Выручка"), 30): Scroll to object 'Object Repository/Выручка по ДЗО/2 квартал 2024 выбрать Выручка' successfully

16-10-2024T08:20:52 - [MESSAGE][PASSED] - Scroll to object 'Object Repository/Выручка по ДЗО/2 квартал 2024 выбрать Выручка' successfully

16-10-2024T08:20:52 - [TEST_STEP][PASSED] - click(findTestObject("Выручка по ДЗО/2 квартал 2024 выбрать Выручка"), CONTINUE_ON_FAILURE): Object: 'Object Repository/Выручка по ДЗО/2 квартал 2024 выбрать Выручка' is clicked on

16-10-2024T08:20:52 - [MESSAGE][PASSED] - Object: 'Object Repository/Выручка по ДЗО/2 квартал 2024 выбрать Выручка' is clicked on

16-10-2024T08:20:52 - [TEST_STEP][PASSED] - click(findTestObject("Выручка по ДЗО/3 квартал 2024 список Выручка"), CONTINUE_ON_FAILURE): Object: 'Object Repository/Выручка по ДЗО/3 квартал 2024 список Выручка' is clicked on

16-10-2024T08:20:53 - [MESSAGE][PASSED] - Object: 'Object Repository/Выручка по ДЗО/3 квартал 2024 список Выручка' is clicked on

16-10-2024T08:20:53 - [TEST_STEP][PASSED] - click(findTestObject("Выручка по ДЗО/Июль 2024 Выручка"), CONTINUE_ON_FAILURE): Object: 'Object Repository/Выручка по ДЗО/Июль 2024 Выручка' is clicked on

16-10-2024T08:20:53 - [MESSAGE][PASSED] - Object: 'Object Repository/Выручка по ДЗО/Июль 2024 Выручка' is clicked on

16-10-2024T08:20:53 - [TEST_STEP][PASSED] - scrollToElement(findTestObject("Выручка по ДЗО/Август 2024 Выручка"), 30): Scroll to object 'Object Repository/Выручка по ДЗО/Август 2024 Выручка' successfully

16-10-2024T08:20:54 - [MESSAGE][PASSED] - Scroll to object 'Object Repository/Выручка по ДЗО/Август 2024 Выручка' successfully

16-10-2024T08:20:54 - [TEST_STEP][PASSED] - click(findTestObject("Выручка по ДЗО/Август 2024 Выручка"), CONTINUE_ON_FAILURE): Object: 'Object Repository/Выручка по ДЗО/Август 2024 Выручка' is clicked on

16-10-2024T08:20:54 - [MESSAGE][PASSED] - Object: 'Object Repository/Выручка по ДЗО/Август 2024 Выручка' is clicked on

16-10-2024T08:20:54 - [TEST_STEP][PASSED] - scrollToElement(findTestObject("Выручка по ДЗО/Заголовок дашборда Выручка"), 30): Scroll to object 'Object Repository/Выручка по ДЗО/Заголовок дашборда Выручка' successfully

16-10-2024T08:20:54 - [MESSAGE][PASSED] - Scroll to object 'Object Repository/Выручка по ДЗО/Заголовок дашборда Выручка' successfully

16-10-2024T08:20:54 - [TEST_STEP][PASSED] - click(findTestObject("Выручка по ДЗО/Применить в фильтре Дата Выручка")): Object: 'Object Repository/Выручка по ДЗО/Применить в фильтре Дата Выручка' is clicked on

16-10-2024T08:20:55 - [MESSAGE][PASSED] - Object: 'Object Repository/Выручка по ДЗО/Применить в фильтре Дата Выручка' is clicked on

16-10-2024T08:20:55 - [TEST_STEP][PASSED] - b1 = getText(findTestObject("Выручка по ДЗО/График1 Выполнение плановых показателей Выручка")): Text of object 'Object Repository/Выручка по ДЗО/График1 Выполнение плановых показателей Выручка' is: '1 235 1 235
3 018 3 018
51 563 51 563
50 112 50 112
65 744 65 744
136 046 136 046
20 700 20 700
34 491 34 491
45 358 45 358
6 150 6 150
54 779 54 779
68 163 68 163
203 628 203 628
75 373 75 373
80 865 80 865
34 501 34 501
6 294 6 294
1 408 1 408
3 063 3 063
51 685 51 685
53 112 53 112
69 410 69 410
142 888 142 888
21 395 21 395
35 492 35 492
47 268 47 268
6 378 6 378
51 326 51 326
69 941 69 941
204 982 204 982
78 814 78 814
84 737 84 737
35 632 35 632
6 530 6 530
План
Факт
АО «Тываэнерго»
АО «Чеченэнерго»
Россети Волга
Россети Кубань
Россети Ленэнерго (ГК)
Россети Московский регион
Россети Северный Кавказ (ГК)
Россети Северо-Запад
Россети Сибирь (ГК)
Россети Томск
Россети Тюмень
Россети Урал (ГК)
Россети ФСК ЕЭС
Россети Центр
Россети Центр и Приволжье (ГК)
Россети Юг (ГК)
Россети Янтарь
0 млн. руб.
100 000 млн. руб.
200 000 млн. руб.
25 000 млн. руб.
50 000 млн. руб.
75 000 млн. руб.
125 000 млн. руб.
150 000 млн. руб.
175 000 млн. руб.
225 000 млн. руб.'

16-10-2024T08:20:57 - [MESSAGE][PASSED] - Text of object 'Object Repository/Выручка по ДЗО/График1 Выполнение плановых показателей Выручка' is: '1 235 1 235
3 018 3 018
51 563 51 563
50 112 50 112
65 744 65 744
136 046 136 046
20 700 20 700
34 491 34 491
45 358 45 358
6 150 6 150
54 779 54 779
68 163 68 163
203 628 203 628
75 373 75 373
80 865 80 865
34 501 34 501
6 294 6 294
1 408 1 408
3 063 3 063
51 685 51 685
53 112 53 112
69 410 69 410
142 888 142 888
21 395 21 395
35 492 35 492
47 268 47 268
6 378 6 378
51 326 51 326
69 941 69 941
204 982 204 982
78 814 78 814
84 737 84 737
35 632 35 632
6 530 6 530
План
Факт
АО «Тываэнерго»
АО «Чеченэнерго»
Россети Волга
Россети Кубань
Россети Ленэнерго (ГК)
Россети Московский регион
Россети Северный Кавказ (ГК)
Россети Северо-Запад
Россети Сибирь (ГК)
Россети Томск
Россети Тюмень
Россети Урал (ГК)
Россети ФСК ЕЭС
Россети Центр
Россети Центр и Приволжье (ГК)
Россети Юг (ГК)
Россети Янтарь
0 млн. руб.
100 000 млн. руб.
200 000 млн. руб.
25 000 млн. руб.
50 000 млн. руб.
75 000 млн. руб.
125 000 млн. руб.
150 000 млн. руб.
175 000 млн. руб.
225 000 млн. руб.'

16-10-2024T08:20:57 - [TEST_STEP][PASSED] - println("b1: " + b1): null

16-10-2024T08:20:57 - [TEST_STEP][PASSED] - i = b1.indexOf("План"): null

16-10-2024T08:20:57 - [TEST_STEP][PASSED] - b1 = b1.substring(0, i): null

16-10-2024T08:20:57 - [TEST_STEP][PASSED] - println("b1: " + b1): null

16-10-2024T08:20:57 - [TEST_STEP][PASSED] - b2 = getText(findTestObject("Выручка по ДЗО/График2 Выполнение плановых показателей Выручка")): Text of object 'Object Repository/Выручка по ДЗО/График2 Выполнение плановых показателей Выручка' is: '0,15%0,15%
0,32%0,32%
5,36%5,36%
5,51%5,51%
7,2%7,2%
14,82%14,82%
2,22%2,22%
3,68%3,68%
4,9%4,9%
0,66%0,66%
5,32%5,32%
7,25%7,25%
21,26%21,26%
8,18%8,18%
8,79%8,79%
3,7%3,7%
0,68%0,68%
АО «Тываэнерго»
АО «Чеченэнерго»
Россети Волга
Россети Кубань
Россети Ленэнерго (ГК)
Россети Московский регион
Россети Северный Кавказ (ГК)
Россети Северо-Запад
Россети Сибирь (ГК)
Россети Томск
Россети Тюмень
Россети Урал (ГК)
Россети ФСК ЕЭС
Россети Центр
Россети Центр и Приволжье (ГК)
Россети Юг (ГК)
Россети Янтарь'

16-10-2024T08:20:57 - [MESSAGE][PASSED] - Text of object 'Object Repository/Выручка по ДЗО/График2 Выполнение плановых показателей Выручка' is: '0,15%0,15%
0,32%0,32%
5,36%5,36%
5,51%5,51%
7,2%7,2%
14,82%14,82%
2,22%2,22%
3,68%3,68%
4,9%4,9%
0,66%0,66%
5,32%5,32%
7,25%7,25%
21,26%21,26%
8,18%8,18%
8,79%8,79%
3,7%3,7%
0,68%0,68%
АО «Тываэнерго»
АО «Чеченэнерго»
Россети Волга
Россети Кубань
Россети Ленэнерго (ГК)
Россети Московский регион
Россети Северный Кавказ (ГК)
Россети Северо-Запад
Россети Сибирь (ГК)
Россети Томск
Россети Тюмень
Россети Урал (ГК)
Россети ФСК ЕЭС
Россети Центр
Россети Центр и Приволжье (ГК)
Россети Юг (ГК)
Россети Янтарь'

16-10-2024T08:20:57 - [TEST_STEP][PASSED] - i = b2.indexOf("АО «Тываэнерго»"): null

16-10-2024T08:20:57 - [TEST_STEP][PASSED] - b2 = b2.substring(0, i): null

16-10-2024T08:20:57 - [TEST_STEP][PASSED] - println(b2): null

16-10-2024T08:20:57 - [TEST_STEP][PASSED] - verifyEqual(a1, b1): Actual object '1 235 1 235
3 018 3 018
51 563 51 563
50 112 50 112
65 744 65 744
136 046 136 046
20 700 20 700
34 491 34 491
45 358 45 358
6 150 6 150
54 779 54 779
68 163 68 163
203 628 203 628
75 373 75 373
80 865 80 865
34 501 34 501
6 294 6 294
1 408 1 408
3 063 3 063
51 685 51 685
53 112 53 112
69 410 69 410
142 888 142 888
21 395 21 395
35 492 35 492
47 268 47 268
6 378 6 378
51 326 51 326
69 941 69 941
204 982 204 982
78 814 78 814
84 737 84 737
35 632 35 632
6 530 6 530
' and expected object '1 235 1 235
3 018 3 018
51 563 51 563
50 112 50 112
65 744 65 744
136 046 136 046
20 700 20 700
34 491 34 491
45 358 45 358
6 150 6 150
54 779 54 779
68 163 68 163
203 628 203 628
75 373 75 373
80 865 80 865
34 501 34 501
6 294 6 294
1 408 1 408
3 063 3 063
51 685 51 685
53 112 53 112
69 410 69 410
142 888 142 888
21 395 21 395
35 492 35 492
47 268 47 268
6 378 6 378
51 326 51 326
69 941 69 941
204 982 204 982
78 814 78 814
84 737 84 737
35 632 35 632
6 530 6 530
' are equal

16-10-2024T08:20:57 - [MESSAGE][PASSED] - Actual object '1 235 1 235
3 018 3 018
51 563 51 563
50 112 50 112
65 744 65 744
136 046 136 046
20 700 20 700
34 491 34 491
45 358 45 358
6 150 6 150
54 779 54 779
68 163 68 163
203 628 203 628
75 373 75 373
80 865 80 865
34 501 34 501
6 294 6 294
1 408 1 408
3 063 3 063
51 685 51 685
53 112 53 112
69 410 69 410
142 888 142 888
21 395 21 395
35 492 35 492
47 268 47 268
6 378 6 378
51 326 51 326
69 941 69 941
204 982 204 982
78 814 78 814
84 737 84 737
35 632 35 632
6 530 6 530
' and expected object '1 235 1 235
3 018 3 018
51 563 51 563
50 112 50 112
65 744 65 744
136 046 136 046
20 700 20 700
34 491 34 491
45 358 45 358
6 150 6 150
54 779 54 779
68 163 68 163
203 628 203 628
75 373 75 373
80 865 80 865
34 501 34 501
6 294 6 294
1 408 1 408
3 063 3 063
51 685 51 685
53 112 53 112
69 410 69 410
142 888 142 888
21 395 21 395
35 492 35 492
47 268 47 268
6 378 6 378
51 326 51 326
69 941 69 941
204 982 204 982
78 814 78 814
84 737 84 737
35 632 35 632
6 530 6 530
' are equal

16-10-2024T08:20:57 - [TEST_STEP][PASSED] - if (verifyEqual(a1, b1) == true): Actual object '1 235 1 235
3 018 3 018
51 563 51 563
50 112 50 112
65 744 65 744
136 046 136 046
20 700 20 700
34 491 34 491
45 358 45 358
6 150 6 150
54 779 54 779
68 163 68 163
203 628 203 628
75 373 75 373
80 865 80 865
34 501 34 501
6 294 6 294
1 408 1 408
3 063 3 063
51 685 51 685
53 112 53 112
69 410 69 410
142 888 142 888
21 395 21 395
35 492 35 492
47 268 47 268
6 378 6 378
51 326 51 326
69 941 69 941
204 982 204 982
78 814 78 814
84 737 84 737
35 632 35 632
6 530 6 530
' and expected object '1 235 1 235
3 018 3 018
51 563 51 563
50 112 50 112
65 744 65 744
136 046 136 046
20 700 20 700
34 491 34 491
45 358 45 358
6 150 6 150
54 779 54 779
68 163 68 163
203 628 203 628
75 373 75 373
80 865 80 865
34 501 34 501
6 294 6 294
1 408 1 408
3 063 3 063
51 685 51 685
53 112 53 112
69 410 69 410
142 888 142 888
21 395 21 395
35 492 35 492
47 268 47 268
6 378 6 378
51 326 51 326
69 941 69 941
204 982 204 982
78 814 78 814
84 737 84 737
35 632 35 632
6 530 6 530
' are equal

16-10-2024T08:20:57 - [MESSAGE][PASSED] - Actual object '1 235 1 235
3 018 3 018
51 563 51 563
50 112 50 112
65 744 65 744
136 046 136 046
20 700 20 700
34 491 34 491
45 358 45 358
6 150 6 150
54 779 54 779
68 163 68 163
203 628 203 628
75 373 75 373
80 865 80 865
34 501 34 501
6 294 6 294
1 408 1 408
3 063 3 063
51 685 51 685
53 112 53 112
69 410 69 410
142 888 142 888
21 395 21 395
35 492 35 492
47 268 47 268
6 378 6 378
51 326 51 326
69 941 69 941
204 982 204 982
78 814 78 814
84 737 84 737
35 632 35 632
6 530 6 530
' and expected object '1 235 1 235
3 018 3 018
51 563 51 563
50 112 50 112
65 744 65 744
136 046 136 046
20 700 20 700
34 491 34 491
45 358 45 358
6 150 6 150
54 779 54 779
68 163 68 163
203 628 203 628
75 373 75 373
80 865 80 865
34 501 34 501
6 294 6 294
1 408 1 408
3 063 3 063
51 685 51 685
53 112 53 112
69 410 69 410
142 888 142 888
21 395 21 395
35 492 35 492
47 268 47 268
6 378 6 378
51 326 51 326
69 941 69 941
204 982 204 982
78 814 78 814
84 737 84 737
35 632 35 632
6 530 6 530
' are equal

16-10-2024T08:20:57 - [TEST_STEP][PASSED] - verifyEqual(a2, b2): Actual object '0,15%0,15%
0,32%0,32%
5,36%5,36%
5,51%5,51%
7,2%7,2%
14,82%14,82%
2,22%2,22%
3,68%3,68%
4,9%4,9%
0,66%0,66%
5,32%5,32%
7,25%7,25%
21,26%21,26%
8,18%8,18%
8,79%8,79%
3,7%3,7%
0,68%0,68%
' and expected object '0,15%0,15%
0,32%0,32%
5,36%5,36%
5,51%5,51%
7,2%7,2%
14,82%14,82%
2,22%2,22%
3,68%3,68%
4,9%4,9%
0,66%0,66%
5,32%5,32%
7,25%7,25%
21,26%21,26%
8,18%8,18%
8,79%8,79%
3,7%3,7%
0,68%0,68%
' are equal

16-10-2024T08:20:57 - [MESSAGE][PASSED] - Actual object '0,15%0,15%
0,32%0,32%
5,36%5,36%
5,51%5,51%
7,2%7,2%
14,82%14,82%
2,22%2,22%
3,68%3,68%
4,9%4,9%
0,66%0,66%
5,32%5,32%
7,25%7,25%
21,26%21,26%
8,18%8,18%
8,79%8,79%
3,7%3,7%
0,68%0,68%
' and expected object '0,15%0,15%
0,32%0,32%
5,36%5,36%
5,51%5,51%
7,2%7,2%
14,82%14,82%
2,22%2,22%
3,68%3,68%
4,9%4,9%
0,66%0,66%
5,32%5,32%
7,25%7,25%
21,26%21,26%
8,18%8,18%
8,79%8,79%
3,7%3,7%
0,68%0,68%
' are equal

16-10-2024T08:20:57 - [TEST_STEP][PASSED] - if (verifyEqual(a2, b2) == true): Actual object '0,15%0,15%
0,32%0,32%
5,36%5,36%
5,51%5,51%
7,2%7,2%
14,82%14,82%
2,22%2,22%
3,68%3,68%
4,9%4,9%
0,66%0,66%
5,32%5,32%
7,25%7,25%
21,26%21,26%
8,18%8,18%
8,79%8,79%
3,7%3,7%
0,68%0,68%
' and expected object '0,15%0,15%
0,32%0,32%
5,36%5,36%
5,51%5,51%
7,2%7,2%
14,82%14,82%
2,22%2,22%
3,68%3,68%
4,9%4,9%
0,66%0,66%
5,32%5,32%
7,25%7,25%
21,26%21,26%
8,18%8,18%
8,79%8,79%
3,7%3,7%
0,68%0,68%
' are equal

16-10-2024T08:20:57 - [MESSAGE][PASSED] - Actual object '0,15%0,15%
0,32%0,32%
5,36%5,36%
5,51%5,51%
7,2%7,2%
14,82%14,82%
2,22%2,22%
3,68%3,68%
4,9%4,9%
0,66%0,66%
5,32%5,32%
7,25%7,25%
21,26%21,26%
8,18%8,18%
8,79%8,79%
3,7%3,7%
0,68%0,68%
' and expected object '0,15%0,15%
0,32%0,32%
5,36%5,36%
5,51%5,51%
7,2%7,2%
14,82%14,82%
2,22%2,22%
3,68%3,68%
4,9%4,9%
0,66%0,66%
5,32%5,32%
7,25%7,25%
21,26%21,26%
8,18%8,18%
8,79%8,79%
3,7%3,7%
0,68%0,68%
' are equal

16-10-2024T08:20:57 - [TEST_STEP][PASSED] - closeBrowser(): Browser is closed

16-10-2024T08:20:57 - [MESSAGE][PASSED] - Browser is closed]]></system-out>
         <system-err><![CDATA[]]></system-err>
      </testcase>
      <testcase name="Test Cases/Сверки дашбордов/Прогноз по отраслям сверка дашбордов" time="804.961" classname="Test Cases/Сверки дашбордов/Прогноз по отраслям сверка дашбордов" status="PASSED">
         <system-out><![CDATA[16-10-2024T08:20:57 - [TEST_CASE][PASSED] - Test Cases/Сверки дашбордов/Прогноз по отраслям сверка дашбордов: Test Cases/Сверки дашбордов/Прогноз по отраслям сверка дашбордов

16-10-2024T08:20:58 - [TEST_STEP][PASSED] - date = new java.util.Date(): null

16-10-2024T08:20:58 - [TEST_STEP][PASSED] - todaysDate = date.format("dd.MM.yyyy"): null

16-10-2024T08:20:58 - [TEST_STEP][PASSED] - println(todaysDate): null

16-10-2024T08:20:58 - [TEST_STEP][PASSED] - typeOfData = <not implemented yet for class: org.codehaus.groovy.ast.expr.EmptyExpression>: null

16-10-2024T08:20:58 - [TEST_STEP][PASSED] - filterSravnenie = <not implemented yet for class: org.codehaus.groovy.ast.expr.EmptyExpression>: null

16-10-2024T08:20:58 - [TEST_STEP][PASSED] - kpoOtpusk = <not implemented yet for class: org.codehaus.groovy.ast.expr.EmptyExpression>: null

16-10-2024T08:20:58 - [TEST_STEP][PASSED] - openBrowser(""): Browser is opened with url: ''

16-10-2024T08:20:58 - [MESSAGE][INFO] - Starting 'Chrome' driver

16-10-2024T08:20:58 - [MESSAGE][INFO] - Action delay is set to 0 milliseconds

16-10-2024T08:20:58 - [MESSAGE][PASSED] - Browser is opened with url: ''

16-10-2024T08:20:58 - [TEST_STEP][PASSED] - navigateToUrl(findTestData("PlanFact").getValue(10, 6)): Navigate to 'https://bi.rosseti.digital/viewer?dashboardGuid=d6acb5b1a7114a9791b34de39263106e&sheetGuid=0b6d261d7f7b4424a967aa8f3a724189&fit=true' successfully

16-10-2024T08:21:05 - [MESSAGE][PASSED] - Navigate to 'https://bi.rosseti.digital/viewer?dashboardGuid=d6acb5b1a7114a9791b34de39263106e&sheetGuid=0b6d261d7f7b4424a967aa8f3a724189&fit=true' successfully

16-10-2024T08:21:05 - [TEST_STEP][PASSED] - setText(findTestObject("Страница авторизации/input__username"), findTestData("PlanFact").getValue(8, 1)): Text 'shekhov-aa' is set on object 'Object Repository/Страница авторизации/input__username'

16-10-2024T08:21:08 - [MESSAGE][PASSED] - Text 'shekhov-aa' is set on object 'Object Repository/Страница авторизации/input__username'

16-10-2024T08:21:08 - [TEST_STEP][PASSED] - setText(findTestObject("Страница авторизации/input__password"), findTestData("PlanFact").getValue(9, 1)): Text 'i)RpQLLlXv9gUDC9' is set on object 'Object Repository/Страница авторизации/input__password'

16-10-2024T08:21:09 - [MESSAGE][PASSED] - Text 'i)RpQLLlXv9gUDC9' is set on object 'Object Repository/Страница авторизации/input__password'

16-10-2024T08:21:09 - [TEST_STEP][PASSED] - click(findTestObject("Страница авторизации/button_")): Object: 'Object Repository/Страница авторизации/button_' is clicked on

16-10-2024T08:21:12 - [MESSAGE][PASSED] - Object: 'Object Repository/Страница авторизации/button_' is clicked on

16-10-2024T08:21:12 - [TEST_STEP][PASSED] - delay(50): Delayed 50 second(s)

16-10-2024T08:22:02 - [MESSAGE][PASSED] - Delayed 50 second(s)

16-10-2024T08:22:02 - [TEST_STEP][PASSED] - click(findTestObject("Прогноз по отраслям/Фильтр Месяц")): Object: 'Object Repository/Прогноз по отраслям/Фильтр Месяц' is clicked on

16-10-2024T08:22:02 - [MESSAGE][PASSED] - Object: 'Object Repository/Прогноз по отраслям/Фильтр Месяц' is clicked on

16-10-2024T08:22:02 - [TEST_STEP][PASSED] - scrollToElement(findTestObject("Прогноз по отраслям/Ноябрь"), 30): Scroll to object 'Object Repository/Прогноз по отраслям/Ноябрь' successfully

16-10-2024T08:22:03 - [MESSAGE][PASSED] - Scroll to object 'Object Repository/Прогноз по отраслям/Ноябрь' successfully

16-10-2024T08:22:03 - [TEST_STEP][PASSED] - click(findTestObject("Прогноз по отраслям/Ноябрь"), CONTINUE_ON_FAILURE): Object: 'Object Repository/Прогноз по отраслям/Ноябрь' is clicked on

16-10-2024T08:22:04 - [MESSAGE][PASSED] - Object: 'Object Repository/Прогноз по отраслям/Ноябрь' is clicked on

16-10-2024T08:22:04 - [TEST_STEP][PASSED] - scrollToElement(findTestObject("Прогноз по отраслям/Заголовок дашборда"), 30): Scroll to object 'Object Repository/Прогноз по отраслям/Заголовок дашборда' successfully

16-10-2024T08:22:08 - [MESSAGE][PASSED] - Scroll to object 'Object Repository/Прогноз по отраслям/Заголовок дашборда' successfully

16-10-2024T08:22:08 - [TEST_STEP][PASSED] - click(findTestObject("Прогноз по отраслям/Фильтр Сравнение с")): Object: 'Object Repository/Прогноз по отраслям/Фильтр Сравнение с' is clicked on

16-10-2024T08:22:08 - [MESSAGE][PASSED] - Object: 'Object Repository/Прогноз по отраслям/Фильтр Сравнение с' is clicked on

16-10-2024T08:22:08 - [TEST_STEP][PASSED] - click(findTestObject("Прогноз по отраслям/Факт прошлого года")): Object: 'Object Repository/Прогноз по отраслям/Факт прошлого года' is clicked on

16-10-2024T08:22:09 - [MESSAGE][PASSED] - Object: 'Object Repository/Прогноз по отраслям/Факт прошлого года' is clicked on

16-10-2024T08:22:09 - [TEST_STEP][PASSED] - click(findTestObject("Прогноз по отраслям/Фильтр КПО-Отпуск")): Object: 'Object Repository/Прогноз по отраслям/Фильтр КПО-Отпуск' is clicked on

16-10-2024T08:22:12 - [MESSAGE][PASSED] - Object: 'Object Repository/Прогноз по отраслям/Фильтр КПО-Отпуск' is clicked on

16-10-2024T08:22:12 - [TEST_STEP][PASSED] - click(findTestObject("Прогноз по отраслям/Отпуск")): Object: 'Object Repository/Прогноз по отраслям/Отпуск' is clicked on

16-10-2024T08:22:12 - [MESSAGE][PASSED] - Object: 'Object Repository/Прогноз по отраслям/Отпуск' is clicked on

16-10-2024T08:22:12 - [TEST_STEP][PASSED] - delay(25): Delayed 25 second(s)

16-10-2024T08:22:37 - [MESSAGE][PASSED] - Delayed 25 second(s)

16-10-2024T08:22:37 - [TEST_STEP][PASSED] - a1 = getText(findTestObject("Прогноз по отраслям/Виджеты дашборда")): Text of object 'Object Repository/Прогноз по отраслям/Виджеты дашборда' is: 'Год 
2023 год
Сравнение с 
Факт прошлого года
Динамика электропотребления, млрд. кВт.ч. по ПАО Россети на 2023 год
12 12
186 186
36 36
50 50
10 10
19 19
0 0
17 17
85 85
19 19
82 82
604 604
10 10
197 197
37 37
48 48
10 10
15 15
4 4
18 18
80 80
19 19
82 82
608 608
Факт прошлого года
Ожидаемое (прогноз по конца года)
Интер РАО (дляФСК)
Промышленныепотребители
Транспорт
Нефтедобыча
Нефтепереработка
Нефтепроводы
Газопроводы
Сельскоехозяйство ипищеваяпромышленность
Непромышленныепотребители
Государственные(муниципальные)организации ипрочиебюджетныепотребители
Население иприравненныегруппыпотребителей
Территориальныесетевыеорганизации
Выручка по ПАО Россети на 2023 год
5 5
285 285
72 72
72 72
18 18
22 22
0 0
50 50
201 201
61 61
190 190
227 227
6 6
331 331
82 82
77 77
20 20
20 20
3 3
57 57
220 220
68 68
214 214
258 258
Факт прошлого года
Ожидаемое (прогноз по конца года)
Интер РАО (дляФСК)
Промышленныепотребители
Транспорт
Нефтедобыча
Нефтепереработка
Нефтепроводы
Газопроводы
Сельскоехозяйство ипищеваяпромышленность
Непромышленныепотребители
Государственные(муниципальные)организации ипрочиебюджетныепотребители
Население иприравненныегруппыпотребителей
Территориальныесетевыеорганизации
Отклонения по ПАО Россети на 2023 год
-18.5% -18.5%
5.9% 5.9%
3.6% 3.6%
-3.9% -3.9%
0.9% 0.9%
-20.7% -20.7%
3 313.2% 3 313.2%
3.8% 3.8%
-5.6% -5.6%
1.3% 1.3%
-0.9% -0.9%
0.7% 0.7%
⬤ Отклонение, %
Интер РАО (для ФСК)
Промышленные потребители
Транспорт
Нефтедобыча
Нефтепереработка
Нефтепроводы
Газопроводы
Сельское хозяйство и пищевая пр…
Непромышленные потребители
Государственные (муниципальные…
Население и приравненные групп…
Территориальные сетевые органи…
Выручка отклонения по ПАО Россети на 2023 год
7.7% 7.7%
16.0% 16.0%
13.2% 13.2%
6.7% 6.7%
13.3% 13.3%
-7.7% -7.7%
1 331.5% 1 331.5%
14.2% 14.2%
9.9% 9.9%
12.0% 12.0%
12.4% 12.4%
13.7% 13.7%
⬤ Отклонение, %
Интер РАО (для ФСК)
Промышленные потребители
Транспорт
Нефтедобыча
Нефтепереработка
Нефтепроводы
Газопроводы
Сельское хозяйство и пищевая пр…
Непромышленные потребители
Государственные (муниципальные…
Население и приравненные групп…
Территориальные сетевые органи…
абс.
%
Прогноз на месяц 
Ноябрь
КПО/Отпуск из сети 
Отпуск из сети, млн. кВт.ч
Организация 
Все
Прогноз электропотребления и выручки за услуги по передаче в разрезе отраслей'

16-10-2024T08:22:38 - [MESSAGE][PASSED] - Text of object 'Object Repository/Прогноз по отраслям/Виджеты дашборда' is: 'Год 
2023 год
Сравнение с 
Факт прошлого года
Динамика электропотребления, млрд. кВт.ч. по ПАО Россети на 2023 год
12 12
186 186
36 36
50 50
10 10
19 19
0 0
17 17
85 85
19 19
82 82
604 604
10 10
197 197
37 37
48 48
10 10
15 15
4 4
18 18
80 80
19 19
82 82
608 608
Факт прошлого года
Ожидаемое (прогноз по конца года)
Интер РАО (дляФСК)
Промышленныепотребители
Транспорт
Нефтедобыча
Нефтепереработка
Нефтепроводы
Газопроводы
Сельскоехозяйство ипищеваяпромышленность
Непромышленныепотребители
Государственные(муниципальные)организации ипрочиебюджетныепотребители
Население иприравненныегруппыпотребителей
Территориальныесетевыеорганизации
Выручка по ПАО Россети на 2023 год
5 5
285 285
72 72
72 72
18 18
22 22
0 0
50 50
201 201
61 61
190 190
227 227
6 6
331 331
82 82
77 77
20 20
20 20
3 3
57 57
220 220
68 68
214 214
258 258
Факт прошлого года
Ожидаемое (прогноз по конца года)
Интер РАО (дляФСК)
Промышленныепотребители
Транспорт
Нефтедобыча
Нефтепереработка
Нефтепроводы
Газопроводы
Сельскоехозяйство ипищеваяпромышленность
Непромышленныепотребители
Государственные(муниципальные)организации ипрочиебюджетныепотребители
Население иприравненныегруппыпотребителей
Территориальныесетевыеорганизации
Отклонения по ПАО Россети на 2023 год
-18.5% -18.5%
5.9% 5.9%
3.6% 3.6%
-3.9% -3.9%
0.9% 0.9%
-20.7% -20.7%
3 313.2% 3 313.2%
3.8% 3.8%
-5.6% -5.6%
1.3% 1.3%
-0.9% -0.9%
0.7% 0.7%
⬤ Отклонение, %
Интер РАО (для ФСК)
Промышленные потребители
Транспорт
Нефтедобыча
Нефтепереработка
Нефтепроводы
Газопроводы
Сельское хозяйство и пищевая пр…
Непромышленные потребители
Государственные (муниципальные…
Население и приравненные групп…
Территориальные сетевые органи…
Выручка отклонения по ПАО Россети на 2023 год
7.7% 7.7%
16.0% 16.0%
13.2% 13.2%
6.7% 6.7%
13.3% 13.3%
-7.7% -7.7%
1 331.5% 1 331.5%
14.2% 14.2%
9.9% 9.9%
12.0% 12.0%
12.4% 12.4%
13.7% 13.7%
⬤ Отклонение, %
Интер РАО (для ФСК)
Промышленные потребители
Транспорт
Нефтедобыча
Нефтепереработка
Нефтепроводы
Газопроводы
Сельское хозяйство и пищевая пр…
Непромышленные потребители
Государственные (муниципальные…
Население и приравненные групп…
Территориальные сетевые органи…
абс.
%
Прогноз на месяц 
Ноябрь
КПО/Отпуск из сети 
Отпуск из сети, млн. кВт.ч
Организация 
Все
Прогноз электропотребления и выручки за услуги по передаче в разрезе отраслей'

16-10-2024T08:22:38 - [TEST_STEP][PASSED] - a1 = a1.replaceAll("[^0-9]", ""): null

16-10-2024T08:22:38 - [TEST_STEP][PASSED] - println("a1:" + a1): null

16-10-2024T08:22:38 - [TEST_STEP][PASSED] - click(findTestObject("Прогноз по отраслям/Фильтр Сравнение с")): Object: 'Object Repository/Прогноз по отраслям/Фильтр Сравнение с' is clicked on

16-10-2024T08:22:38 - [MESSAGE][PASSED] - Object: 'Object Repository/Прогноз по отраслям/Фильтр Сравнение с' is clicked on

16-10-2024T08:22:38 - [TEST_STEP][PASSED] - click(findTestObject("Прогноз по отраслям/План")): Object: 'Object Repository/Прогноз по отраслям/План' is clicked on

16-10-2024T08:22:39 - [MESSAGE][PASSED] - Object: 'Object Repository/Прогноз по отраслям/План' is clicked on

16-10-2024T08:22:39 - [TEST_STEP][PASSED] - delay(25): Delayed 25 second(s)

16-10-2024T08:23:04 - [MESSAGE][PASSED] - Delayed 25 second(s)

16-10-2024T08:23:04 - [TEST_STEP][PASSED] - a2 = getText(findTestObject("Прогноз по отраслям/Виджеты дашборда")): Text of object 'Object Repository/Прогноз по отраслям/Виджеты дашборда' is: 'Год 
2023 год
Сравнение с 
План
Динамика электропотребления, млрд. кВт.ч. по ПАО Россети на 2023 год
10 10
190 190
36 36
14 14
9 9
14 14
4 4
17 17
80 80
19 19
82 82
588 588
10 10
197 197
37 37
48 48
10 10
15 15
4 4
18 18
80 80
19 19
82 82
608 608
План
Ожидаемое (прогноз по конца года)
Интер РАО (дляФСК)
Промышленныепотребители
Транспорт
Нефтедобыча
Нефтепереработка
Нефтепроводы
Газопроводы
Сельскоехозяйство ипищеваяпромышленность
Непромышленныепотребители
Государственные(муниципальные)организации ипрочиебюджетныепотребители
Население иприравненныегруппыпотребителей
Территориальныесетевыеорганизации
Выручка по ПАО Россети на 2023 год
5 5
319 319
81 81
16 16
16 16
20 20
2 2
56 56
215 215
67 67
218 218
239 239
6 6
331 331
82 82
77 77
20 20
20 20
3 3
57 57
220 220
68 68
214 214
258 258
План
Ожидаемое (прогноз по конца года)
Интер РАО (дляФСК)
Промышленныепотребители
Транспорт
Нефтедобыча
Нефтепереработка
Нефтепроводы
Газопроводы
Сельскоехозяйство ипищеваяпромышленность
Непромышленныепотребители
Государственные(муниципальные)организации ипрочиебюджетныепотребители
Население иприравненныегруппыпотребителей
Территориальныесетевыеорганизации
Отклонения по ПАО Россети на 2023 год
-4.7% -4.7%
3.8% 3.8%
1.9% 1.9%
230.3% 230.3%
10.9% 10.9%
4.2% 4.2%
21.7% 21.7%
3.9% 3.9%
-0.6% -0.6%
1.6% 1.6%
-1.0% -1.0%
3.3% 3.3%
⬤ Отклонение, %
Интер РАО (для ФСК)
Промышленные потребители
Транспорт
Нефтедобыча
Нефтепереработка
Нефтепроводы
Газопроводы
Сельское хозяйство и пищевая пр…
Непромышленные потребители
Государственные (муниципальные…
Население и приравненные групп…
Территориальные сетевые органи…
Выручка отклонения по ПАО Россети на 2023 год
15.6% 15.6%
3.8% 3.8%
1.2% 1.2%
398.2% 398.2%
26.9% 26.9%
-0.6% -0.6%
26.9% 26.9%
1.5% 1.5%
2.7% 2.7%
2.0% 2.0%
-2.0% -2.0%
7.9% 7.9%
⬤ Отклонение, %
Интер РАО (для ФСК)
Промышленные потребители
Транспорт
Нефтедобыча
Нефтепереработка
Нефтепроводы
Газопроводы
Сельское хозяйство и пищевая пр…
Непромышленные потребители
Государственные (муниципальные…
Население и приравненные групп…
Территориальные сетевые органи…
абс.
%
Прогноз на месяц 
Ноябрь
КПО/Отпуск из сети 
Отпуск из сети, млн. кВт.ч
Организация 
Все
Прогноз электропотребления и выручки за услуги по передаче в разрезе отраслей'

16-10-2024T08:23:05 - [MESSAGE][PASSED] - Text of object 'Object Repository/Прогноз по отраслям/Виджеты дашборда' is: 'Год 
2023 год
Сравнение с 
План
Динамика электропотребления, млрд. кВт.ч. по ПАО Россети на 2023 год
10 10
190 190
36 36
14 14
9 9
14 14
4 4
17 17
80 80
19 19
82 82
588 588
10 10
197 197
37 37
48 48
10 10
15 15
4 4
18 18
80 80
19 19
82 82
608 608
План
Ожидаемое (прогноз по конца года)
Интер РАО (дляФСК)
Промышленныепотребители
Транспорт
Нефтедобыча
Нефтепереработка
Нефтепроводы
Газопроводы
Сельскоехозяйство ипищеваяпромышленность
Непромышленныепотребители
Государственные(муниципальные)организации ипрочиебюджетныепотребители
Население иприравненныегруппыпотребителей
Территориальныесетевыеорганизации
Выручка по ПАО Россети на 2023 год
5 5
319 319
81 81
16 16
16 16
20 20
2 2
56 56
215 215
67 67
218 218
239 239
6 6
331 331
82 82
77 77
20 20
20 20
3 3
57 57
220 220
68 68
214 214
258 258
План
Ожидаемое (прогноз по конца года)
Интер РАО (дляФСК)
Промышленныепотребители
Транспорт
Нефтедобыча
Нефтепереработка
Нефтепроводы
Газопроводы
Сельскоехозяйство ипищеваяпромышленность
Непромышленныепотребители
Государственные(муниципальные)организации ипрочиебюджетныепотребители
Население иприравненныегруппыпотребителей
Территориальныесетевыеорганизации
Отклонения по ПАО Россети на 2023 год
-4.7% -4.7%
3.8% 3.8%
1.9% 1.9%
230.3% 230.3%
10.9% 10.9%
4.2% 4.2%
21.7% 21.7%
3.9% 3.9%
-0.6% -0.6%
1.6% 1.6%
-1.0% -1.0%
3.3% 3.3%
⬤ Отклонение, %
Интер РАО (для ФСК)
Промышленные потребители
Транспорт
Нефтедобыча
Нефтепереработка
Нефтепроводы
Газопроводы
Сельское хозяйство и пищевая пр…
Непромышленные потребители
Государственные (муниципальные…
Население и приравненные групп…
Территориальные сетевые органи…
Выручка отклонения по ПАО Россети на 2023 год
15.6% 15.6%
3.8% 3.8%
1.2% 1.2%
398.2% 398.2%
26.9% 26.9%
-0.6% -0.6%
26.9% 26.9%
1.5% 1.5%
2.7% 2.7%
2.0% 2.0%
-2.0% -2.0%
7.9% 7.9%
⬤ Отклонение, %
Интер РАО (для ФСК)
Промышленные потребители
Транспорт
Нефтедобыча
Нефтепереработка
Нефтепроводы
Газопроводы
Сельское хозяйство и пищевая пр…
Непромышленные потребители
Государственные (муниципальные…
Население и приравненные групп…
Территориальные сетевые органи…
абс.
%
Прогноз на месяц 
Ноябрь
КПО/Отпуск из сети 
Отпуск из сети, млн. кВт.ч
Организация 
Все
Прогноз электропотребления и выручки за услуги по передаче в разрезе отраслей'

16-10-2024T08:23:05 - [TEST_STEP][PASSED] - a2 = a2.replaceAll("[^0-9]", ""): null

16-10-2024T08:23:05 - [TEST_STEP][PASSED] - println("a2:" + a2): null

16-10-2024T08:23:05 - [TEST_STEP][PASSED] - click(findTestObject("Прогноз по отраслям/Фильтр Сравнение с")): Object: 'Object Repository/Прогноз по отраслям/Фильтр Сравнение с' is clicked on

16-10-2024T08:23:05 - [MESSAGE][PASSED] - Object: 'Object Repository/Прогноз по отраслям/Фильтр Сравнение с' is clicked on

16-10-2024T08:23:05 - [TEST_STEP][PASSED] - click(findTestObject("Прогноз по отраслям/План СУ")): Object: 'Object Repository/Прогноз по отраслям/План СУ' is clicked on

16-10-2024T08:23:06 - [MESSAGE][PASSED] - Object: 'Object Repository/Прогноз по отраслям/План СУ' is clicked on

16-10-2024T08:23:06 - [TEST_STEP][PASSED] - delay(25): Delayed 25 second(s)

16-10-2024T08:23:31 - [MESSAGE][PASSED] - Delayed 25 second(s)

16-10-2024T08:23:31 - [TEST_STEP][PASSED] - a3 = getText(findTestObject("Прогноз по отраслям/Виджеты дашборда")): Text of object 'Object Repository/Прогноз по отраслям/Виджеты дашборда' is: 'Год 
2023 год
Сравнение с 
План/СУ
Динамика электропотребления, млрд. кВт.ч. по ПАО Россети на 2023 год
10 10
186 186
36 36
15 15
9 9
14 14
4 4
17 17
88 88
19 19
83 83
597 597
10 10
197 197
37 37
48 48
10 10
15 15
4 4
18 18
80 80
19 19
82 82
608 608
СУ
Ожидаемое (прогноз по конца года)
Интер РАО (дляФСК)
Промышленныепотребители
Транспорт
Нефтедобыча
Нефтепереработка
Нефтепроводы
Газопроводы
Сельскоехозяйство ипищеваяпромышленность
Непромышленныепотребители
Государственные(муниципальные)организации ипрочиебюджетныепотребители
Население иприравненныегруппыпотребителей
Территориальныесетевыеорганизации
Выручка по ПАО Россети на 2023 год
6 6
331 331
82 82
77 77
20 20
20 20
3 3
57 57
220 220
68 68
214 214
258 258
Ожидаемое (прогноз по конца года)
Интер РАО (дляФСК)
Промышленныепотребители
Транспорт
Нефтедобыча
Нефтепереработка
Нефтепроводы
Газопроводы
Сельскоехозяйство ипищеваяпромышленность
Непромышленныепотребители
Государственные(муниципальные)организации ипрочиебюджетныепотребители
Население иприравненныегруппыпотребителей
Территориальныесетевыеорганизации
Отклонения по ПАО Россети на 2023 год
2.5% 2.5%
5.9% 5.9%
1.9% 1.9%
219.1% 219.1%
11.7% 11.7%
1.9% 1.9%
13.1% 13.1%
3.5% 3.5%
-8.7% -8.7%
0.2% 0.2%
-1.6% -1.6%
1.8% 1.8%
⬤ Отклонение, %
Интер РАО (для ФСК)
Промышленные потребители
Транспорт
Нефтедобыча
Нефтепереработка
Нефтепроводы
Газопроводы
Сельское хозяйство и пищевая пр…
Непромышленные потребители
Государственные (муниципальные…
Население и приравненные групп…
Территориальные сетевые органи…
Выручка отклонения по ПАО Россети на 2023 год
⬤ Отклонение, %
Интер РАО (для ФСК)
Промышленные потребители
Транспорт
Нефтедобыча
Нефтепереработка
Нефтепроводы
Газопроводы
Сельское хозяйство и пищевая пр…
Непромышленные потребители
Государственные (муниципальные…
Население и приравненные групп…
Территориальные сетевые органи…
абс.
%
Прогноз на месяц 
Ноябрь
КПО/Отпуск из сети 
Отпуск из сети, млн. кВт.ч
Организация 
Все
Прогноз электропотребления и выручки за услуги по передаче в разрезе отраслей'

16-10-2024T08:23:31 - [MESSAGE][PASSED] - Text of object 'Object Repository/Прогноз по отраслям/Виджеты дашборда' is: 'Год 
2023 год
Сравнение с 
План/СУ
Динамика электропотребления, млрд. кВт.ч. по ПАО Россети на 2023 год
10 10
186 186
36 36
15 15
9 9
14 14
4 4
17 17
88 88
19 19
83 83
597 597
10 10
197 197
37 37
48 48
10 10
15 15
4 4
18 18
80 80
19 19
82 82
608 608
СУ
Ожидаемое (прогноз по конца года)
Интер РАО (дляФСК)
Промышленныепотребители
Транспорт
Нефтедобыча
Нефтепереработка
Нефтепроводы
Газопроводы
Сельскоехозяйство ипищеваяпромышленность
Непромышленныепотребители
Государственные(муниципальные)организации ипрочиебюджетныепотребители
Население иприравненныегруппыпотребителей
Территориальныесетевыеорганизации
Выручка по ПАО Россети на 2023 год
6 6
331 331
82 82
77 77
20 20
20 20
3 3
57 57
220 220
68 68
214 214
258 258
Ожидаемое (прогноз по конца года)
Интер РАО (дляФСК)
Промышленныепотребители
Транспорт
Нефтедобыча
Нефтепереработка
Нефтепроводы
Газопроводы
Сельскоехозяйство ипищеваяпромышленность
Непромышленныепотребители
Государственные(муниципальные)организации ипрочиебюджетныепотребители
Население иприравненныегруппыпотребителей
Территориальныесетевыеорганизации
Отклонения по ПАО Россети на 2023 год
2.5% 2.5%
5.9% 5.9%
1.9% 1.9%
219.1% 219.1%
11.7% 11.7%
1.9% 1.9%
13.1% 13.1%
3.5% 3.5%
-8.7% -8.7%
0.2% 0.2%
-1.6% -1.6%
1.8% 1.8%
⬤ Отклонение, %
Интер РАО (для ФСК)
Промышленные потребители
Транспорт
Нефтедобыча
Нефтепереработка
Нефтепроводы
Газопроводы
Сельское хозяйство и пищевая пр…
Непромышленные потребители
Государственные (муниципальные…
Население и приравненные групп…
Территориальные сетевые органи…
Выручка отклонения по ПАО Россети на 2023 год
⬤ Отклонение, %
Интер РАО (для ФСК)
Промышленные потребители
Транспорт
Нефтедобыча
Нефтепереработка
Нефтепроводы
Газопроводы
Сельское хозяйство и пищевая пр…
Непромышленные потребители
Государственные (муниципальные…
Население и приравненные групп…
Территориальные сетевые органи…
абс.
%
Прогноз на месяц 
Ноябрь
КПО/Отпуск из сети 
Отпуск из сети, млн. кВт.ч
Организация 
Все
Прогноз электропотребления и выручки за услуги по передаче в разрезе отраслей'

16-10-2024T08:23:31 - [TEST_STEP][PASSED] - a3 = a3.replaceAll("[^0-9]", ""): null

16-10-2024T08:23:31 - [TEST_STEP][PASSED] - println("a3:" + a3): null

16-10-2024T08:23:31 - [TEST_STEP][PASSED] - click(findTestObject("Прогноз по отраслям/Фильтр Сравнение с")): Object: 'Object Repository/Прогноз по отраслям/Фильтр Сравнение с' is clicked on

16-10-2024T08:23:32 - [MESSAGE][PASSED] - Object: 'Object Repository/Прогноз по отраслям/Фильтр Сравнение с' is clicked on

16-10-2024T08:23:32 - [TEST_STEP][PASSED] - click(findTestObject("Прогноз по отраслям/Факт прошлого года")): Object: 'Object Repository/Прогноз по отраслям/Факт прошлого года' is clicked on

16-10-2024T08:23:33 - [MESSAGE][PASSED] - Object: 'Object Repository/Прогноз по отраслям/Факт прошлого года' is clicked on

16-10-2024T08:23:33 - [TEST_STEP][PASSED] - click(findTestObject("Прогноз по отраслям/Фильтр КПО-Отпуск")): Object: 'Object Repository/Прогноз по отраслям/Фильтр КПО-Отпуск' is clicked on

16-10-2024T08:23:35 - [MESSAGE][PASSED] - Object: 'Object Repository/Прогноз по отраслям/Фильтр КПО-Отпуск' is clicked on

16-10-2024T08:23:35 - [TEST_STEP][PASSED] - click(findTestObject("Прогноз по отраслям/КПО")): Object: 'Object Repository/Прогноз по отраслям/КПО' is clicked on

16-10-2024T08:23:35 - [MESSAGE][PASSED] - Object: 'Object Repository/Прогноз по отраслям/КПО' is clicked on

16-10-2024T08:23:35 - [TEST_STEP][PASSED] - delay(25): Delayed 25 second(s)

16-10-2024T08:24:00 - [MESSAGE][PASSED] - Delayed 25 second(s)

16-10-2024T08:24:00 - [TEST_STEP][PASSED] - a4 = getText(findTestObject("Прогноз по отраслям/Виджеты дашборда")): Text of object 'Object Repository/Прогноз по отраслям/Виджеты дашборда' is: 'Год 
2023 год
Сравнение с 
Факт прошлого года
Динамика электропотребления, млрд. кВт.ч. по ПАО Россети на 2023 год
0 0
120 120
38 38
41 41
8 8
10 10
0 0
19 19
77 77
25 25
122 122
61 61
0 0
120 120
39 39
39 39
8 8
8 8
1 1
20 20
78 78
26 26
121 121
60 60
Факт прошлого года
Ожидаемое (прогноз по конца года)
Интер РАО (дляФСК)
Промышленныепотребители
Транспорт
Нефтедобыча
Нефтепереработка
Нефтепроводы
Газопроводы
Сельскоехозяйство ипищеваяпромышленность
Непромышленныепотребители
Государственные(муниципальные)организации ипрочиебюджетныепотребители
Население иприравненныегруппыпотребителей
Территориальныесетевыеорганизации
Выручка по ПАО Россети на 2023 год
5 5
285 285
72 72
72 72
18 18
22 22
0 0
50 50
201 201
61 61
190 190
227 227
6 6
331 331
82 82
77 77
20 20
20 20
3 3
57 57
220 220
68 68
214 214
258 258
Факт прошлого года
Ожидаемое (прогноз по конца года)
Интер РАО (дляФСК)
Промышленныепотребители
Транспорт
Нефтедобыча
Нефтепереработка
Нефтепроводы
Газопроводы
Сельскоехозяйство ипищеваяпромышленность
Непромышленныепотребители
Государственные(муниципальные)организации ипрочиебюджетныепотребители
Население иприравненныегруппыпотребителей
Территориальныесетевыеорганизации
Отклонения по ПАО Россети на 2023 год
0.5% 0.5%
0.9% 0.9%
-5.9% -5.9%
3.1% 3.1%
-17.9% -17.9%
578.4% 578.4%
2.3% 2.3%
1.8% 1.8%
2.1% 2.1%
-0.9% -0.9%
-0.2% -0.2%
⬤ Отклонение, %
Интер РАО (для ФСК)
Промышленные потребители
Транспорт
Нефтедобыча
Нефтепереработка
Нефтепроводы
Газопроводы
Сельское хозяйство и пищевая пр…
Непромышленные потребители
Государственные (муниципальные…
Население и приравненные групп…
Территориальные сетевые органи…
Выручка отклонения по ПАО Россети на 2023 год
7.7% 7.7%
16.0% 16.0%
13.2% 13.2%
6.7% 6.7%
13.3% 13.3%
-7.7% -7.7%
1 331.5% 1 331.5%
14.2% 14.2%
9.9% 9.9%
12.0% 12.0%
12.4% 12.4%
13.7% 13.7%
⬤ Отклонение, %
Интер РАО (для ФСК)
Промышленные потребители
Транспорт
Нефтедобыча
Нефтепереработка
Нефтепроводы
Газопроводы
Сельское хозяйство и пищевая пр…
Непромышленные потребители
Государственные (муниципальные…
Население и приравненные групп…
Территориальные сетевые органи…
абс.
%
Прогноз на месяц 
Ноябрь
КПО/Отпуск из сети 
Котловой полезный отпуск, млн. кВт.ч
Организация 
Все
Прогноз электропотребления и выручки за услуги по передаче в разрезе отраслей'

16-10-2024T08:24:01 - [MESSAGE][PASSED] - Text of object 'Object Repository/Прогноз по отраслям/Виджеты дашборда' is: 'Год 
2023 год
Сравнение с 
Факт прошлого года
Динамика электропотребления, млрд. кВт.ч. по ПАО Россети на 2023 год
0 0
120 120
38 38
41 41
8 8
10 10
0 0
19 19
77 77
25 25
122 122
61 61
0 0
120 120
39 39
39 39
8 8
8 8
1 1
20 20
78 78
26 26
121 121
60 60
Факт прошлого года
Ожидаемое (прогноз по конца года)
Интер РАО (дляФСК)
Промышленныепотребители
Транспорт
Нефтедобыча
Нефтепереработка
Нефтепроводы
Газопроводы
Сельскоехозяйство ипищеваяпромышленность
Непромышленныепотребители
Государственные(муниципальные)организации ипрочиебюджетныепотребители
Население иприравненныегруппыпотребителей
Территориальныесетевыеорганизации
Выручка по ПАО Россети на 2023 год
5 5
285 285
72 72
72 72
18 18
22 22
0 0
50 50
201 201
61 61
190 190
227 227
6 6
331 331
82 82
77 77
20 20
20 20
3 3
57 57
220 220
68 68
214 214
258 258
Факт прошлого года
Ожидаемое (прогноз по конца года)
Интер РАО (дляФСК)
Промышленныепотребители
Транспорт
Нефтедобыча
Нефтепереработка
Нефтепроводы
Газопроводы
Сельскоехозяйство ипищеваяпромышленность
Непромышленныепотребители
Государственные(муниципальные)организации ипрочиебюджетныепотребители
Население иприравненныегруппыпотребителей
Территориальныесетевыеорганизации
Отклонения по ПАО Россети на 2023 год
0.5% 0.5%
0.9% 0.9%
-5.9% -5.9%
3.1% 3.1%
-17.9% -17.9%
578.4% 578.4%
2.3% 2.3%
1.8% 1.8%
2.1% 2.1%
-0.9% -0.9%
-0.2% -0.2%
⬤ Отклонение, %
Интер РАО (для ФСК)
Промышленные потребители
Транспорт
Нефтедобыча
Нефтепереработка
Нефтепроводы
Газопроводы
Сельское хозяйство и пищевая пр…
Непромышленные потребители
Государственные (муниципальные…
Население и приравненные групп…
Территориальные сетевые органи…
Выручка отклонения по ПАО Россети на 2023 год
7.7% 7.7%
16.0% 16.0%
13.2% 13.2%
6.7% 6.7%
13.3% 13.3%
-7.7% -7.7%
1 331.5% 1 331.5%
14.2% 14.2%
9.9% 9.9%
12.0% 12.0%
12.4% 12.4%
13.7% 13.7%
⬤ Отклонение, %
Интер РАО (для ФСК)
Промышленные потребители
Транспорт
Нефтедобыча
Нефтепереработка
Нефтепроводы
Газопроводы
Сельское хозяйство и пищевая пр…
Непромышленные потребители
Государственные (муниципальные…
Население и приравненные групп…
Территориальные сетевые органи…
абс.
%
Прогноз на месяц 
Ноябрь
КПО/Отпуск из сети 
Котловой полезный отпуск, млн. кВт.ч
Организация 
Все
Прогноз электропотребления и выручки за услуги по передаче в разрезе отраслей'

16-10-2024T08:24:01 - [TEST_STEP][PASSED] - a4 = a4.replaceAll("[^0-9]", ""): null

16-10-2024T08:24:01 - [TEST_STEP][PASSED] - println("a4:" + a4): null

16-10-2024T08:24:01 - [TEST_STEP][PASSED] - click(findTestObject("Прогноз по отраслям/Фильтр Сравнение с")): Object: 'Object Repository/Прогноз по отраслям/Фильтр Сравнение с' is clicked on

16-10-2024T08:24:01 - [MESSAGE][PASSED] - Object: 'Object Repository/Прогноз по отраслям/Фильтр Сравнение с' is clicked on

16-10-2024T08:24:01 - [TEST_STEP][PASSED] - click(findTestObject("Прогноз по отраслям/План")): Object: 'Object Repository/Прогноз по отраслям/План' is clicked on

16-10-2024T08:24:02 - [MESSAGE][PASSED] - Object: 'Object Repository/Прогноз по отраслям/План' is clicked on

16-10-2024T08:24:02 - [TEST_STEP][PASSED] - delay(25): Delayed 25 second(s)

16-10-2024T08:24:27 - [MESSAGE][PASSED] - Delayed 25 second(s)

16-10-2024T08:24:27 - [TEST_STEP][PASSED] - a5 = getText(findTestObject("Прогноз по отраслям/Виджеты дашборда")): Text of object 'Object Repository/Прогноз по отраслям/Виджеты дашборда' is: 'Год 
2023 год
Сравнение с 
План
Динамика электропотребления, млрд. кВт.ч. по ПАО Россети на 2023 год
0 0
119 119
37 37
7 7
7 7
8 8
1 1
19 19
75 75
25 25
123 123
55 55
0 0
120 120
39 39
39 39
8 8
8 8
1 1
20 20
78 78
26 26
121 121
60 60
План
Ожидаемое (прогноз по конца года)
Интер РАО (дляФСК)
Промышленныепотребители
Транспорт
Нефтедобыча
Нефтепереработка
Нефтепроводы
Газопроводы
Сельскоехозяйство ипищеваяпромышленность
Непромышленныепотребители
Государственные(муниципальные)организации ипрочиебюджетныепотребители
Население иприравненныегруппыпотребителей
Территориальныесетевыеорганизации
Выручка по ПАО Россети на 2023 год
5 5
319 319
81 81
16 16
16 16
20 20
2 2
56 56
215 215
67 67
218 218
239 239
6 6
331 331
82 82
77 77
20 20
20 20
3 3
57 57
220 220
68 68
214 214
258 258
План
Ожидаемое (прогноз по конца года)
Интер РАО (дляФСК)
Промышленныепотребители
Транспорт
Нефтедобыча
Нефтепереработка
Нефтепроводы
Газопроводы
Сельскоехозяйство ипищеваяпромышленность
Непромышленныепотребители
Государственные(муниципальные)организации ипрочиебюджетныепотребители
Население иприравненныегруппыпотребителей
Территориальныесетевыеорганизации
Отклонения по ПАО Россети на 2023 год
1.2% 1.2%
3.2% 3.2%
492.1% 492.1%
18.1% 18.1%
4.4% 4.4%
11.9% 11.9%
1.2% 1.2%
4.1% 4.1%
2.4% 2.4%
-1.4% -1.4%
9.7% 9.7%
⬤ Отклонение, %
Интер РАО (для ФСК)
Промышленные потребители
Транспорт
Нефтедобыча
Нефтепереработка
Нефтепроводы
Газопроводы
Сельское хозяйство и пищевая пр…
Непромышленные потребители
Государственные (муниципальные…
Население и приравненные групп…
Территориальные сетевые органи…
Выручка отклонения по ПАО Россети на 2023 год
15.6% 15.6%
3.8% 3.8%
1.2% 1.2%
398.2% 398.2%
26.9% 26.9%
-0.6% -0.6%
26.9% 26.9%
1.5% 1.5%
2.7% 2.7%
2.0% 2.0%
-2.0% -2.0%
7.9% 7.9%
⬤ Отклонение, %
Интер РАО (для ФСК)
Промышленные потребители
Транспорт
Нефтедобыча
Нефтепереработка
Нефтепроводы
Газопроводы
Сельское хозяйство и пищевая пр…
Непромышленные потребители
Государственные (муниципальные…
Население и приравненные групп…
Территориальные сетевые органи…
абс.
%
Прогноз на месяц 
Ноябрь
КПО/Отпуск из сети 
Котловой полезный отпуск, млн. кВт.ч
Организация 
Все
Прогноз электропотребления и выручки за услуги по передаче в разрезе отраслей'

16-10-2024T08:24:28 - [MESSAGE][PASSED] - Text of object 'Object Repository/Прогноз по отраслям/Виджеты дашборда' is: 'Год 
2023 год
Сравнение с 
План
Динамика электропотребления, млрд. кВт.ч. по ПАО Россети на 2023 год
0 0
119 119
37 37
7 7
7 7
8 8
1 1
19 19
75 75
25 25
123 123
55 55
0 0
120 120
39 39
39 39
8 8
8 8
1 1
20 20
78 78
26 26
121 121
60 60
План
Ожидаемое (прогноз по конца года)
Интер РАО (дляФСК)
Промышленныепотребители
Транспорт
Нефтедобыча
Нефтепереработка
Нефтепроводы
Газопроводы
Сельскоехозяйство ипищеваяпромышленность
Непромышленныепотребители
Государственные(муниципальные)организации ипрочиебюджетныепотребители
Население иприравненныегруппыпотребителей
Территориальныесетевыеорганизации
Выручка по ПАО Россети на 2023 год
5 5
319 319
81 81
16 16
16 16
20 20
2 2
56 56
215 215
67 67
218 218
239 239
6 6
331 331
82 82
77 77
20 20
20 20
3 3
57 57
220 220
68 68
214 214
258 258
План
Ожидаемое (прогноз по конца года)
Интер РАО (дляФСК)
Промышленныепотребители
Транспорт
Нефтедобыча
Нефтепереработка
Нефтепроводы
Газопроводы
Сельскоехозяйство ипищеваяпромышленность
Непромышленныепотребители
Государственные(муниципальные)организации ипрочиебюджетныепотребители
Население иприравненныегруппыпотребителей
Территориальныесетевыеорганизации
Отклонения по ПАО Россети на 2023 год
1.2% 1.2%
3.2% 3.2%
492.1% 492.1%
18.1% 18.1%
4.4% 4.4%
11.9% 11.9%
1.2% 1.2%
4.1% 4.1%
2.4% 2.4%
-1.4% -1.4%
9.7% 9.7%
⬤ Отклонение, %
Интер РАО (для ФСК)
Промышленные потребители
Транспорт
Нефтедобыча
Нефтепереработка
Нефтепроводы
Газопроводы
Сельское хозяйство и пищевая пр…
Непромышленные потребители
Государственные (муниципальные…
Население и приравненные групп…
Территориальные сетевые органи…
Выручка отклонения по ПАО Россети на 2023 год
15.6% 15.6%
3.8% 3.8%
1.2% 1.2%
398.2% 398.2%
26.9% 26.9%
-0.6% -0.6%
26.9% 26.9%
1.5% 1.5%
2.7% 2.7%
2.0% 2.0%
-2.0% -2.0%
7.9% 7.9%
⬤ Отклонение, %
Интер РАО (для ФСК)
Промышленные потребители
Транспорт
Нефтедобыча
Нефтепереработка
Нефтепроводы
Газопроводы
Сельское хозяйство и пищевая пр…
Непромышленные потребители
Государственные (муниципальные…
Население и приравненные групп…
Территориальные сетевые органи…
абс.
%
Прогноз на месяц 
Ноябрь
КПО/Отпуск из сети 
Котловой полезный отпуск, млн. кВт.ч
Организация 
Все
Прогноз электропотребления и выручки за услуги по передаче в разрезе отраслей'

16-10-2024T08:24:28 - [TEST_STEP][PASSED] - println("a5:" + a5): null

16-10-2024T08:24:28 - [TEST_STEP][PASSED] - a5 = a5.replaceAll("[^0-9]", ""): null

16-10-2024T08:24:28 - [TEST_STEP][PASSED] - println("a5:" + a5): null

16-10-2024T08:24:28 - [TEST_STEP][PASSED] - click(findTestObject("Прогноз по отраслям/Фильтр Сравнение с")): Object: 'Object Repository/Прогноз по отраслям/Фильтр Сравнение с' is clicked on

16-10-2024T08:24:28 - [MESSAGE][PASSED] - Object: 'Object Repository/Прогноз по отраслям/Фильтр Сравнение с' is clicked on

16-10-2024T08:24:28 - [TEST_STEP][PASSED] - click(findTestObject("Прогноз по отраслям/План СУ")): Object: 'Object Repository/Прогноз по отраслям/План СУ' is clicked on

16-10-2024T08:24:29 - [MESSAGE][PASSED] - Object: 'Object Repository/Прогноз по отраслям/План СУ' is clicked on

16-10-2024T08:24:29 - [TEST_STEP][PASSED] - delay(25): Delayed 25 second(s)

16-10-2024T08:24:54 - [MESSAGE][PASSED] - Delayed 25 second(s)

16-10-2024T08:24:54 - [TEST_STEP][PASSED] - a6 = getText(findTestObject("Прогноз по отраслям/Виджеты дашборда")): Text of object 'Object Repository/Прогноз по отраслям/Виджеты дашборда' is: 'Год 
2023 год
Сравнение с 
План/СУ
Динамика электропотребления, млрд. кВт.ч. по ПАО Россети на 2023 год
0 0
0 0
0 0
0 0
0 0
0 0
0 0
0 0
0 0
0 0
0 0
0 0
0 0
120 120
39 39
39 39
8 8
8 8
1 1
20 20
78 78
26 26
121 121
60 60
СУ
Ожидаемое (прогноз по конца года)
Интер РАО (дляФСК)
Промышленныепотребители
Транспорт
Нефтедобыча
Нефтепереработка
Нефтепроводы
Газопроводы
Сельскоехозяйство ипищеваяпромышленность
Непромышленныепотребители
Государственные(муниципальные)организации ипрочиебюджетныепотребители
Население иприравненныегруппыпотребителей
Территориальныесетевыеорганизации
Выручка по ПАО Россети на 2023 год
6 6
331 331
82 82
77 77
20 20
20 20
3 3
57 57
220 220
68 68
214 214
258 258
Ожидаемое (прогноз по конца года)
Интер РАО (дляФСК)
Промышленныепотребители
Транспорт
Нефтедобыча
Нефтепереработка
Нефтепроводы
Газопроводы
Сельскоехозяйство ипищеваяпромышленность
Непромышленныепотребители
Государственные(муниципальные)организации ипрочиебюджетныепотребители
Население иприравненныегруппыпотребителей
Территориальныесетевыеорганизации
Отклонения по ПАО Россети на 2023 год
⬤ Отклонение, %
Интер РАО (для ФСК)
Промышленные потребители
Транспорт
Нефтедобыча
Нефтепереработка
Нефтепроводы
Газопроводы
Сельское хозяйство и пищевая пр…
Непромышленные потребители
Государственные (муниципальные…
Население и приравненные групп…
Территориальные сетевые органи…
Выручка отклонения по ПАО Россети на 2023 год
⬤ Отклонение, %
Интер РАО (для ФСК)
Промышленные потребители
Транспорт
Нефтедобыча
Нефтепереработка
Нефтепроводы
Газопроводы
Сельское хозяйство и пищевая пр…
Непромышленные потребители
Государственные (муниципальные…
Население и приравненные групп…
Территориальные сетевые органи…
абс.
%
Прогноз на месяц 
Ноябрь
КПО/Отпуск из сети 
Котловой полезный отпуск, млн. кВт.ч
Организация 
Все
Прогноз электропотребления и выручки за услуги по передаче в разрезе отраслей'

16-10-2024T08:24:54 - [MESSAGE][PASSED] - Text of object 'Object Repository/Прогноз по отраслям/Виджеты дашборда' is: 'Год 
2023 год
Сравнение с 
План/СУ
Динамика электропотребления, млрд. кВт.ч. по ПАО Россети на 2023 год
0 0
0 0
0 0
0 0
0 0
0 0
0 0
0 0
0 0
0 0
0 0
0 0
0 0
120 120
39 39
39 39
8 8
8 8
1 1
20 20
78 78
26 26
121 121
60 60
СУ
Ожидаемое (прогноз по конца года)
Интер РАО (дляФСК)
Промышленныепотребители
Транспорт
Нефтедобыча
Нефтепереработка
Нефтепроводы
Газопроводы
Сельскоехозяйство ипищеваяпромышленность
Непромышленныепотребители
Государственные(муниципальные)организации ипрочиебюджетныепотребители
Население иприравненныегруппыпотребителей
Территориальныесетевыеорганизации
Выручка по ПАО Россети на 2023 год
6 6
331 331
82 82
77 77
20 20
20 20
3 3
57 57
220 220
68 68
214 214
258 258
Ожидаемое (прогноз по конца года)
Интер РАО (дляФСК)
Промышленныепотребители
Транспорт
Нефтедобыча
Нефтепереработка
Нефтепроводы
Газопроводы
Сельскоехозяйство ипищеваяпромышленность
Непромышленныепотребители
Государственные(муниципальные)организации ипрочиебюджетныепотребители
Население иприравненныегруппыпотребителей
Территориальныесетевыеорганизации
Отклонения по ПАО Россети на 2023 год
⬤ Отклонение, %
Интер РАО (для ФСК)
Промышленные потребители
Транспорт
Нефтедобыча
Нефтепереработка
Нефтепроводы
Газопроводы
Сельское хозяйство и пищевая пр…
Непромышленные потребители
Государственные (муниципальные…
Население и приравненные групп…
Территориальные сетевые органи…
Выручка отклонения по ПАО Россети на 2023 год
⬤ Отклонение, %
Интер РАО (для ФСК)
Промышленные потребители
Транспорт
Нефтедобыча
Нефтепереработка
Нефтепроводы
Газопроводы
Сельское хозяйство и пищевая пр…
Непромышленные потребители
Государственные (муниципальные…
Население и приравненные групп…
Территориальные сетевые органи…
абс.
%
Прогноз на месяц 
Ноябрь
КПО/Отпуск из сети 
Котловой полезный отпуск, млн. кВт.ч
Организация 
Все
Прогноз электропотребления и выручки за услуги по передаче в разрезе отраслей'

16-10-2024T08:24:54 - [TEST_STEP][PASSED] - a6 = a6.replaceAll("[^0-9]", ""): null

16-10-2024T08:24:54 - [TEST_STEP][PASSED] - println("a6:" + a6): null

16-10-2024T08:24:54 - [TEST_STEP][PASSED] - click(findTestObject("Прогноз по отраслям/Переключить отображение с процентов на абс Блок руководителя")): Object: 'Object Repository/Прогноз по отраслям/Переключить отображение с процентов на абс Блок руководителя' is clicked on

16-10-2024T08:24:55 - [MESSAGE][PASSED] - Object: 'Object Repository/Прогноз по отраслям/Переключить отображение с процентов на абс Блок руководителя' is clicked on

16-10-2024T08:24:55 - [TEST_STEP][PASSED] - click(findTestObject("Прогноз по отраслям/Фильтр Сравнение с")): Object: 'Object Repository/Прогноз по отраслям/Фильтр Сравнение с' is clicked on

16-10-2024T08:24:55 - [MESSAGE][PASSED] - Object: 'Object Repository/Прогноз по отраслям/Фильтр Сравнение с' is clicked on

16-10-2024T08:24:55 - [TEST_STEP][PASSED] - click(findTestObject("Прогноз по отраслям/Факт прошлого года")): Object: 'Object Repository/Прогноз по отраслям/Факт прошлого года' is clicked on

16-10-2024T08:24:56 - [MESSAGE][PASSED] - Object: 'Object Repository/Прогноз по отраслям/Факт прошлого года' is clicked on

16-10-2024T08:24:56 - [TEST_STEP][PASSED] - click(findTestObject("Прогноз по отраслям/Фильтр КПО-Отпуск")): Object: 'Object Repository/Прогноз по отраслям/Фильтр КПО-Отпуск' is clicked on

16-10-2024T08:24:58 - [MESSAGE][PASSED] - Object: 'Object Repository/Прогноз по отраслям/Фильтр КПО-Отпуск' is clicked on

16-10-2024T08:24:58 - [TEST_STEP][PASSED] - click(findTestObject("Прогноз по отраслям/Отпуск")): Object: 'Object Repository/Прогноз по отраслям/Отпуск' is clicked on

16-10-2024T08:24:59 - [MESSAGE][PASSED] - Object: 'Object Repository/Прогноз по отраслям/Отпуск' is clicked on

16-10-2024T08:24:59 - [TEST_STEP][PASSED] - delay(25): Delayed 25 second(s)

16-10-2024T08:25:24 - [MESSAGE][PASSED] - Delayed 25 second(s)

16-10-2024T08:25:24 - [TEST_STEP][PASSED] - a7 = getText(findTestObject("Прогноз по отраслям/Виджеты дашборда")): Text of object 'Object Repository/Прогноз по отраслям/Виджеты дашборда' is: 'Год 
2023 год
Сравнение с 
Факт прошлого года
Отклонения по ПАО Россети на 2023 год
-2 263.5 -2 263.5
11 054.6 11 054.6
1 280.2 1 280.2
-1 947.5 -1 947.5
90.9 90.9
-3 845.0 -3 845.0
4 162.1 4 162.1
651.7 651.7
-4 727.7 -4 727.7
256.5 256.5
-723.9 -723.9
4 292.3 4 292.3
⬤ Отклонение, млн. кВт.ч
Интер РАО (для ФСК)
Промышленные потребители
Транспорт
Нефтедобыча
Нефтепереработка
Нефтепроводы
Газопроводы
Сельское хозяйство и пищевая пр…
Непромышленные потребители
Государственные (муниципальные…
Население и приравненные групп…
Территориальные сетевые органи…
Выручка отклонения по ПАО Россети на 2023 год
421.3 421.3
45 574.9 45 574.9
9 547.5 9 547.5
4 889.3 4 889.3
2 337.4 2 337.4
-1 682.6 -1 682.6
2 919.4 2 919.4
7 110.2 7 110.2
19 840.8 19 840.8
7 289.5 7 289.5
23 664.8 23 664.8
31 028.3 31 028.3
⬤ Отклонение, млн. руб.
Интер РАО (для ФСК)
Промышленные потребители
Транспорт
Нефтедобыча
Нефтепереработка
Нефтепроводы
Газопроводы
Сельское хозяйство и пищевая пр…
Непромышленные потребители
Государственные (муниципальные…
Население и приравненные групп…
Территориальные сетевые органи…
Динамика электропотребления, млрд. кВт.ч. по ПАО Россети на 2023 год
12 12
186 186
36 36
50 50
10 10
19 19
0 0
17 17
85 85
19 19
82 82
604 604
10 10
197 197
37 37
48 48
10 10
15 15
4 4
18 18
80 80
19 19
82 82
608 608
Факт прошлого года
Ожидаемое (прогноз по конца года)
Интер РАО (дляФСК)
Промышленныепотребители
Транспорт
Нефтедобыча
Нефтепереработка
Нефтепроводы
Газопроводы
Сельскоехозяйство ипищеваяпромышленность
Непромышленныепотребители
Государственные(муниципальные)организации ипрочиебюджетныепотребители
Население иприравненныегруппыпотребителей
Территориальныесетевыеорганизации
Выручка по ПАО Россети на 2023 год
5 5
285 285
72 72
72 72
18 18
22 22
0 0
50 50
201 201
61 61
190 190
227 227
6 6
331 331
82 82
77 77
20 20
20 20
3 3
57 57
220 220
68 68
214 214
258 258
Факт прошлого года
Ожидаемое (прогноз по конца года)
Интер РАО (дляФСК)
Промышленныепотребители
Транспорт
Нефтедобыча
Нефтепереработка
Нефтепроводы
Газопроводы
Сельскоехозяйство ипищеваяпромышленность
Непромышленныепотребители
Государственные(муниципальные)организации ипрочиебюджетныепотребители
Население иприравненныегруппыпотребителей
Территориальныесетевыеорганизации
абс.
%
Прогноз на месяц 
Ноябрь
КПО/Отпуск из сети 
Отпуск из сети, млн. кВт.ч
Организация 
Все
Прогноз электропотребления и выручки за услуги по передаче в разрезе отраслей'

16-10-2024T08:25:24 - [MESSAGE][PASSED] - Text of object 'Object Repository/Прогноз по отраслям/Виджеты дашборда' is: 'Год 
2023 год
Сравнение с 
Факт прошлого года
Отклонения по ПАО Россети на 2023 год
-2 263.5 -2 263.5
11 054.6 11 054.6
1 280.2 1 280.2
-1 947.5 -1 947.5
90.9 90.9
-3 845.0 -3 845.0
4 162.1 4 162.1
651.7 651.7
-4 727.7 -4 727.7
256.5 256.5
-723.9 -723.9
4 292.3 4 292.3
⬤ Отклонение, млн. кВт.ч
Интер РАО (для ФСК)
Промышленные потребители
Транспорт
Нефтедобыча
Нефтепереработка
Нефтепроводы
Газопроводы
Сельское хозяйство и пищевая пр…
Непромышленные потребители
Государственные (муниципальные…
Население и приравненные групп…
Территориальные сетевые органи…
Выручка отклонения по ПАО Россети на 2023 год
421.3 421.3
45 574.9 45 574.9
9 547.5 9 547.5
4 889.3 4 889.3
2 337.4 2 337.4
-1 682.6 -1 682.6
2 919.4 2 919.4
7 110.2 7 110.2
19 840.8 19 840.8
7 289.5 7 289.5
23 664.8 23 664.8
31 028.3 31 028.3
⬤ Отклонение, млн. руб.
Интер РАО (для ФСК)
Промышленные потребители
Транспорт
Нефтедобыча
Нефтепереработка
Нефтепроводы
Газопроводы
Сельское хозяйство и пищевая пр…
Непромышленные потребители
Государственные (муниципальные…
Население и приравненные групп…
Территориальные сетевые органи…
Динамика электропотребления, млрд. кВт.ч. по ПАО Россети на 2023 год
12 12
186 186
36 36
50 50
10 10
19 19
0 0
17 17
85 85
19 19
82 82
604 604
10 10
197 197
37 37
48 48
10 10
15 15
4 4
18 18
80 80
19 19
82 82
608 608
Факт прошлого года
Ожидаемое (прогноз по конца года)
Интер РАО (дляФСК)
Промышленныепотребители
Транспорт
Нефтедобыча
Нефтепереработка
Нефтепроводы
Газопроводы
Сельскоехозяйство ипищеваяпромышленность
Непромышленныепотребители
Государственные(муниципальные)организации ипрочиебюджетныепотребители
Население иприравненныегруппыпотребителей
Территориальныесетевыеорганизации
Выручка по ПАО Россети на 2023 год
5 5
285 285
72 72
72 72
18 18
22 22
0 0
50 50
201 201
61 61
190 190
227 227
6 6
331 331
82 82
77 77
20 20
20 20
3 3
57 57
220 220
68 68
214 214
258 258
Факт прошлого года
Ожидаемое (прогноз по конца года)
Интер РАО (дляФСК)
Промышленныепотребители
Транспорт
Нефтедобыча
Нефтепереработка
Нефтепроводы
Газопроводы
Сельскоехозяйство ипищеваяпромышленность
Непромышленныепотребители
Государственные(муниципальные)организации ипрочиебюджетныепотребители
Население иприравненныегруппыпотребителей
Территориальныесетевыеорганизации
абс.
%
Прогноз на месяц 
Ноябрь
КПО/Отпуск из сети 
Отпуск из сети, млн. кВт.ч
Организация 
Все
Прогноз электропотребления и выручки за услуги по передаче в разрезе отраслей'

16-10-2024T08:25:24 - [TEST_STEP][PASSED] - a7 = a7.replaceAll("[^0-9]", ""): null

16-10-2024T08:25:24 - [TEST_STEP][PASSED] - println("a7:" + a7): null

16-10-2024T08:25:24 - [TEST_STEP][PASSED] - click(findTestObject("Прогноз по отраслям/Фильтр Сравнение с")): Object: 'Object Repository/Прогноз по отраслям/Фильтр Сравнение с' is clicked on

16-10-2024T08:25:24 - [MESSAGE][PASSED] - Object: 'Object Repository/Прогноз по отраслям/Фильтр Сравнение с' is clicked on

16-10-2024T08:25:24 - [TEST_STEP][PASSED] - click(findTestObject("Прогноз по отраслям/План")): Object: 'Object Repository/Прогноз по отраслям/План' is clicked on

16-10-2024T08:25:25 - [MESSAGE][PASSED] - Object: 'Object Repository/Прогноз по отраслям/План' is clicked on

16-10-2024T08:25:25 - [TEST_STEP][PASSED] - delay(25): Delayed 25 second(s)

16-10-2024T08:25:50 - [MESSAGE][PASSED] - Delayed 25 second(s)

16-10-2024T08:25:50 - [TEST_STEP][PASSED] - a8 = getText(findTestObject("Прогноз по отраслям/Виджеты дашборда")): Text of object 'Object Repository/Прогноз по отраслям/Виджеты дашборда' is: 'Год 
2023 год
Сравнение с 
План
Отклонения по ПАО Россети на 2023 год
-492.2 -492.2
7 165.1 7 165.1
689.3 689.3
33 271.7 33 271.7
986.4 986.4
593.8 593.8
764.0 764.0
670.4 670.4
-592.4 -592.4
308.8 308.8
-940.9 -940.9
19 604.1 19 604.1
⬤ Отклонение, млн. кВт.ч
Интер РАО (для ФСК)
Промышленные потребители
Транспорт
Нефтедобыча
Нефтепереработка
Нефтепроводы
Газопроводы
Сельское хозяйство и пищевая пр…
Непромышленные потребители
Государственные (муниципальные…
Население и приравненные групп…
Территориальные сетевые органи…
Выручка отклонения по ПАО Россети на 2023 год
794.9 794.9
12 195.0 12 195.0
972.7 972.7
61 803.9 61 803.9
4 222.3 4 222.3
-121.8 -121.8
666.2 666.2
873.2 873.2
5 809.6 5 809.6
1 342.6 1 342.6
-4 463.2 -4 463.2
18 375.5 18 375.5
⬤ Отклонение, млн. руб.
Интер РАО (для ФСК)
Промышленные потребители
Транспорт
Нефтедобыча
Нефтепереработка
Нефтепроводы
Газопроводы
Сельское хозяйство и пищевая пр…
Непромышленные потребители
Государственные (муниципальные…
Население и приравненные групп…
Территориальные сетевые органи…
Динамика электропотребления, млрд. кВт.ч. по ПАО Россети на 2023 год
10 10
190 190
36 36
14 14
9 9
14 14
4 4
17 17
80 80
19 19
82 82
588 588
10 10
197 197
37 37
48 48
10 10
15 15
4 4
18 18
80 80
19 19
82 82
608 608
План
Ожидаемое (прогноз по конца года)
Интер РАО (дляФСК)
Промышленныепотребители
Транспорт
Нефтедобыча
Нефтепереработка
Нефтепроводы
Газопроводы
Сельскоехозяйство ипищеваяпромышленность
Непромышленныепотребители
Государственные(муниципальные)организации ипрочиебюджетныепотребители
Население иприравненныегруппыпотребителей
Территориальныесетевыеорганизации
Выручка по ПАО Россети на 2023 год
5 5
319 319
81 81
16 16
16 16
20 20
2 2
56 56
215 215
67 67
218 218
239 239
6 6
331 331
82 82
77 77
20 20
20 20
3 3
57 57
220 220
68 68
214 214
258 258
План
Ожидаемое (прогноз по конца года)
Интер РАО (дляФСК)
Промышленныепотребители
Транспорт
Нефтедобыча
Нефтепереработка
Нефтепроводы
Газопроводы
Сельскоехозяйство ипищеваяпромышленность
Непромышленныепотребители
Государственные(муниципальные)организации ипрочиебюджетныепотребители
Население иприравненныегруппыпотребителей
Территориальныесетевыеорганизации
абс.
%
Прогноз на месяц 
Ноябрь
КПО/Отпуск из сети 
Отпуск из сети, млн. кВт.ч
Организация 
Все
Прогноз электропотребления и выручки за услуги по передаче в разрезе отраслей'

16-10-2024T08:25:51 - [MESSAGE][PASSED] - Text of object 'Object Repository/Прогноз по отраслям/Виджеты дашборда' is: 'Год 
2023 год
Сравнение с 
План
Отклонения по ПАО Россети на 2023 год
-492.2 -492.2
7 165.1 7 165.1
689.3 689.3
33 271.7 33 271.7
986.4 986.4
593.8 593.8
764.0 764.0
670.4 670.4
-592.4 -592.4
308.8 308.8
-940.9 -940.9
19 604.1 19 604.1
⬤ Отклонение, млн. кВт.ч
Интер РАО (для ФСК)
Промышленные потребители
Транспорт
Нефтедобыча
Нефтепереработка
Нефтепроводы
Газопроводы
Сельское хозяйство и пищевая пр…
Непромышленные потребители
Государственные (муниципальные…
Население и приравненные групп…
Территориальные сетевые органи…
Выручка отклонения по ПАО Россети на 2023 год
794.9 794.9
12 195.0 12 195.0
972.7 972.7
61 803.9 61 803.9
4 222.3 4 222.3
-121.8 -121.8
666.2 666.2
873.2 873.2
5 809.6 5 809.6
1 342.6 1 342.6
-4 463.2 -4 463.2
18 375.5 18 375.5
⬤ Отклонение, млн. руб.
Интер РАО (для ФСК)
Промышленные потребители
Транспорт
Нефтедобыча
Нефтепереработка
Нефтепроводы
Газопроводы
Сельское хозяйство и пищевая пр…
Непромышленные потребители
Государственные (муниципальные…
Население и приравненные групп…
Территориальные сетевые органи…
Динамика электропотребления, млрд. кВт.ч. по ПАО Россети на 2023 год
10 10
190 190
36 36
14 14
9 9
14 14
4 4
17 17
80 80
19 19
82 82
588 588
10 10
197 197
37 37
48 48
10 10
15 15
4 4
18 18
80 80
19 19
82 82
608 608
План
Ожидаемое (прогноз по конца года)
Интер РАО (дляФСК)
Промышленныепотребители
Транспорт
Нефтедобыча
Нефтепереработка
Нефтепроводы
Газопроводы
Сельскоехозяйство ипищеваяпромышленность
Непромышленныепотребители
Государственные(муниципальные)организации ипрочиебюджетныепотребители
Население иприравненныегруппыпотребителей
Территориальныесетевыеорганизации
Выручка по ПАО Россети на 2023 год
5 5
319 319
81 81
16 16
16 16
20 20
2 2
56 56
215 215
67 67
218 218
239 239
6 6
331 331
82 82
77 77
20 20
20 20
3 3
57 57
220 220
68 68
214 214
258 258
План
Ожидаемое (прогноз по конца года)
Интер РАО (дляФСК)
Промышленныепотребители
Транспорт
Нефтедобыча
Нефтепереработка
Нефтепроводы
Газопроводы
Сельскоехозяйство ипищеваяпромышленность
Непромышленныепотребители
Государственные(муниципальные)организации ипрочиебюджетныепотребители
Население иприравненныегруппыпотребителей
Территориальныесетевыеорганизации
абс.
%
Прогноз на месяц 
Ноябрь
КПО/Отпуск из сети 
Отпуск из сети, млн. кВт.ч
Организация 
Все
Прогноз электропотребления и выручки за услуги по передаче в разрезе отраслей'

16-10-2024T08:25:51 - [TEST_STEP][PASSED] - a8 = a8.replaceAll("[^0-9]", ""): null

16-10-2024T08:25:51 - [TEST_STEP][PASSED] - println("a8:" + a8): null

16-10-2024T08:25:51 - [TEST_STEP][PASSED] - click(findTestObject("Прогноз по отраслям/Фильтр Сравнение с")): Object: 'Object Repository/Прогноз по отраслям/Фильтр Сравнение с' is clicked on

16-10-2024T08:25:51 - [MESSAGE][PASSED] - Object: 'Object Repository/Прогноз по отраслям/Фильтр Сравнение с' is clicked on

16-10-2024T08:25:51 - [TEST_STEP][PASSED] - click(findTestObject("Прогноз по отраслям/План СУ")): Object: 'Object Repository/Прогноз по отраслям/План СУ' is clicked on

16-10-2024T08:25:52 - [MESSAGE][PASSED] - Object: 'Object Repository/Прогноз по отраслям/План СУ' is clicked on

16-10-2024T08:25:52 - [TEST_STEP][PASSED] - delay(25): Delayed 25 second(s)

16-10-2024T08:26:17 - [MESSAGE][PASSED] - Delayed 25 second(s)

16-10-2024T08:26:17 - [TEST_STEP][PASSED] - a9 = getText(findTestObject("Прогноз по отраслям/Виджеты дашборда")): Text of object 'Object Repository/Прогноз по отраслям/Виджеты дашборда' is: 'Год 
2023 год
Сравнение с 
План/СУ
Отклонения по ПАО Россети на 2023 год
243.5 243.5
11 013.5 11 013.5
674.8 674.8
32 765.3 32 765.3
1 049.4 1 049.4
271.8 271.8
495.2 495.2
588.7 588.7
-7 607.7 -7 607.7
31.9 31.9
-1 318.1 -1 318.1
10 906.5 10 906.5
⬤ Отклонение, млн. кВт.ч
Интер РАО (для ФСК)
Промышленные потребители
Транспорт
Нефтедобыча
Нефтепереработка
Нефтепроводы
Газопроводы
Сельское хозяйство и пищевая пр…
Непромышленные потребители
Государственные (муниципальные…
Население и приравненные групп…
Территориальные сетевые органи…
Выручка отклонения по ПАО Россети на 2023 год
⬤ Отклонение, млн. руб.
Интер РАО (для ФСК)
Промышленные потребители
Транспорт
Нефтедобыча
Нефтепереработка
Нефтепроводы
Газопроводы
Сельское хозяйство и пищевая пр…
Непромышленные потребители
Государственные (муниципальные…
Население и приравненные групп…
Территориальные сетевые органи…
Динамика электропотребления, млрд. кВт.ч. по ПАО Россети на 2023 год
10 10
186 186
36 36
15 15
9 9
14 14
4 4
17 17
88 88
19 19
83 83
597 597
10 10
197 197
37 37
48 48
10 10
15 15
4 4
18 18
80 80
19 19
82 82
608 608
СУ
Ожидаемое (прогноз по конца года)
Интер РАО (дляФСК)
Промышленныепотребители
Транспорт
Нефтедобыча
Нефтепереработка
Нефтепроводы
Газопроводы
Сельскоехозяйство ипищеваяпромышленность
Непромышленныепотребители
Государственные(муниципальные)организации ипрочиебюджетныепотребители
Население иприравненныегруппыпотребителей
Территориальныесетевыеорганизации
Выручка по ПАО Россети на 2023 год
6 6
331 331
82 82
77 77
20 20
20 20
3 3
57 57
220 220
68 68
214 214
258 258
Ожидаемое (прогноз по конца года)
Интер РАО (дляФСК)
Промышленныепотребители
Транспорт
Нефтедобыча
Нефтепереработка
Нефтепроводы
Газопроводы
Сельскоехозяйство ипищеваяпромышленность
Непромышленныепотребители
Государственные(муниципальные)организации ипрочиебюджетныепотребители
Население иприравненныегруппыпотребителей
Территориальныесетевыеорганизации
абс.
%
Прогноз на месяц 
Ноябрь
КПО/Отпуск из сети 
Отпуск из сети, млн. кВт.ч
Организация 
Все
Прогноз электропотребления и выручки за услуги по передаче в разрезе отраслей'

16-10-2024T08:26:17 - [MESSAGE][PASSED] - Text of object 'Object Repository/Прогноз по отраслям/Виджеты дашборда' is: 'Год 
2023 год
Сравнение с 
План/СУ
Отклонения по ПАО Россети на 2023 год
243.5 243.5
11 013.5 11 013.5
674.8 674.8
32 765.3 32 765.3
1 049.4 1 049.4
271.8 271.8
495.2 495.2
588.7 588.7
-7 607.7 -7 607.7
31.9 31.9
-1 318.1 -1 318.1
10 906.5 10 906.5
⬤ Отклонение, млн. кВт.ч
Интер РАО (для ФСК)
Промышленные потребители
Транспорт
Нефтедобыча
Нефтепереработка
Нефтепроводы
Газопроводы
Сельское хозяйство и пищевая пр…
Непромышленные потребители
Государственные (муниципальные…
Население и приравненные групп…
Территориальные сетевые органи…
Выручка отклонения по ПАО Россети на 2023 год
⬤ Отклонение, млн. руб.
Интер РАО (для ФСК)
Промышленные потребители
Транспорт
Нефтедобыча
Нефтепереработка
Нефтепроводы
Газопроводы
Сельское хозяйство и пищевая пр…
Непромышленные потребители
Государственные (муниципальные…
Население и приравненные групп…
Территориальные сетевые органи…
Динамика электропотребления, млрд. кВт.ч. по ПАО Россети на 2023 год
10 10
186 186
36 36
15 15
9 9
14 14
4 4
17 17
88 88
19 19
83 83
597 597
10 10
197 197
37 37
48 48
10 10
15 15
4 4
18 18
80 80
19 19
82 82
608 608
СУ
Ожидаемое (прогноз по конца года)
Интер РАО (дляФСК)
Промышленныепотребители
Транспорт
Нефтедобыча
Нефтепереработка
Нефтепроводы
Газопроводы
Сельскоехозяйство ипищеваяпромышленность
Непромышленныепотребители
Государственные(муниципальные)организации ипрочиебюджетныепотребители
Население иприравненныегруппыпотребителей
Территориальныесетевыеорганизации
Выручка по ПАО Россети на 2023 год
6 6
331 331
82 82
77 77
20 20
20 20
3 3
57 57
220 220
68 68
214 214
258 258
Ожидаемое (прогноз по конца года)
Интер РАО (дляФСК)
Промышленныепотребители
Транспорт
Нефтедобыча
Нефтепереработка
Нефтепроводы
Газопроводы
Сельскоехозяйство ипищеваяпромышленность
Непромышленныепотребители
Государственные(муниципальные)организации ипрочиебюджетныепотребители
Население иприравненныегруппыпотребителей
Территориальныесетевыеорганизации
абс.
%
Прогноз на месяц 
Ноябрь
КПО/Отпуск из сети 
Отпуск из сети, млн. кВт.ч
Организация 
Все
Прогноз электропотребления и выручки за услуги по передаче в разрезе отраслей'

16-10-2024T08:26:17 - [TEST_STEP][PASSED] - a9 = a9.replaceAll("[^0-9]", ""): null

16-10-2024T08:26:17 - [TEST_STEP][PASSED] - println("a9:" + a9): null

16-10-2024T08:26:17 - [TEST_STEP][PASSED] - click(findTestObject("Прогноз по отраслям/Фильтр Сравнение с")): Object: 'Object Repository/Прогноз по отраслям/Фильтр Сравнение с' is clicked on

16-10-2024T08:26:18 - [MESSAGE][PASSED] - Object: 'Object Repository/Прогноз по отраслям/Фильтр Сравнение с' is clicked on

16-10-2024T08:26:18 - [TEST_STEP][PASSED] - click(findTestObject("Прогноз по отраслям/Факт прошлого года")): Object: 'Object Repository/Прогноз по отраслям/Факт прошлого года' is clicked on

16-10-2024T08:26:19 - [MESSAGE][PASSED] - Object: 'Object Repository/Прогноз по отраслям/Факт прошлого года' is clicked on

16-10-2024T08:26:19 - [TEST_STEP][PASSED] - click(findTestObject("Прогноз по отраслям/Фильтр КПО-Отпуск")): Object: 'Object Repository/Прогноз по отраслям/Фильтр КПО-Отпуск' is clicked on

16-10-2024T08:26:21 - [MESSAGE][PASSED] - Object: 'Object Repository/Прогноз по отраслям/Фильтр КПО-Отпуск' is clicked on

16-10-2024T08:26:21 - [TEST_STEP][PASSED] - click(findTestObject("Прогноз по отраслям/КПО")): Object: 'Object Repository/Прогноз по отраслям/КПО' is clicked on

16-10-2024T08:26:21 - [MESSAGE][PASSED] - Object: 'Object Repository/Прогноз по отраслям/КПО' is clicked on

16-10-2024T08:26:21 - [TEST_STEP][PASSED] - delay(25): Delayed 25 second(s)

16-10-2024T08:26:46 - [MESSAGE][PASSED] - Delayed 25 second(s)

16-10-2024T08:26:46 - [TEST_STEP][PASSED] - a10 = getText(findTestObject("Прогноз по отраслям/Виджеты дашборда")): Text of object 'Object Repository/Прогноз по отраслям/Виджеты дашборда' is: 'Год 
2023 год
Сравнение с 
Факт прошлого года
Отклонения по ПАО Россети на 2023 год
0.0 0.0
646.5 646.5
341.1 341.1
-2 455.6 -2 455.6
245.6 245.6
-1 796.0 -1 796.0
676.2 676.2
452.4 452.4
1 386.2 1 386.2
527.5 527.5
-1 130.4 -1 130.4
-128.7 -128.7
⬤ Отклонение, млн. кВт.ч
Интер РАО (для ФСК)
Промышленные потребители
Транспорт
Нефтедобыча
Нефтепереработка
Нефтепроводы
Газопроводы
Сельское хозяйство и пищевая пр…
Непромышленные потребители
Государственные (муниципальные…
Население и приравненные групп…
Территориальные сетевые органи…
Выручка отклонения по ПАО Россети на 2023 год
421.3 421.3
45 574.9 45 574.9
9 547.5 9 547.5
4 889.3 4 889.3
2 337.4 2 337.4
-1 682.6 -1 682.6
2 919.4 2 919.4
7 110.2 7 110.2
19 840.8 19 840.8
7 289.5 7 289.5
23 664.8 23 664.8
31 028.3 31 028.3
⬤ Отклонение, млн. руб.
Интер РАО (для ФСК)
Промышленные потребители
Транспорт
Нефтедобыча
Нефтепереработка
Нефтепроводы
Газопроводы
Сельское хозяйство и пищевая пр…
Непромышленные потребители
Государственные (муниципальные…
Население и приравненные групп…
Территориальные сетевые органи…
Динамика электропотребления, млрд. кВт.ч. по ПАО Россети на 2023 год
0 0
120 120
38 38
41 41
8 8
10 10
0 0
19 19
77 77
25 25
122 122
61 61
0 0
120 120
39 39
39 39
8 8
8 8
1 1
20 20
78 78
26 26
121 121
60 60
Факт прошлого года
Ожидаемое (прогноз по конца года)
Интер РАО (дляФСК)
Промышленныепотребители
Транспорт
Нефтедобыча
Нефтепереработка
Нефтепроводы
Газопроводы
Сельскоехозяйство ипищеваяпромышленность
Непромышленныепотребители
Государственные(муниципальные)организации ипрочиебюджетныепотребители
Население иприравненныегруппыпотребителей
Территориальныесетевыеорганизации
Выручка по ПАО Россети на 2023 год
5 5
285 285
72 72
72 72
18 18
22 22
0 0
50 50
201 201
61 61
190 190
227 227
6 6
331 331
82 82
77 77
20 20
20 20
3 3
57 57
220 220
68 68
214 214
258 258
Факт прошлого года
Ожидаемое (прогноз по конца года)
Интер РАО (дляФСК)
Промышленныепотребители
Транспорт
Нефтедобыча
Нефтепереработка
Нефтепроводы
Газопроводы
Сельскоехозяйство ипищеваяпромышленность
Непромышленныепотребители
Государственные(муниципальные)организации ипрочиебюджетныепотребители
Население иприравненныегруппыпотребителей
Территориальныесетевыеорганизации
абс.
%
Прогноз на месяц 
Ноябрь
КПО/Отпуск из сети 
Котловой полезный отпуск, млн. кВт.ч
Организация 
Все
Прогноз электропотребления и выручки за услуги по передаче в разрезе отраслей'

16-10-2024T08:26:47 - [MESSAGE][PASSED] - Text of object 'Object Repository/Прогноз по отраслям/Виджеты дашборда' is: 'Год 
2023 год
Сравнение с 
Факт прошлого года
Отклонения по ПАО Россети на 2023 год
0.0 0.0
646.5 646.5
341.1 341.1
-2 455.6 -2 455.6
245.6 245.6
-1 796.0 -1 796.0
676.2 676.2
452.4 452.4
1 386.2 1 386.2
527.5 527.5
-1 130.4 -1 130.4
-128.7 -128.7
⬤ Отклонение, млн. кВт.ч
Интер РАО (для ФСК)
Промышленные потребители
Транспорт
Нефтедобыча
Нефтепереработка
Нефтепроводы
Газопроводы
Сельское хозяйство и пищевая пр…
Непромышленные потребители
Государственные (муниципальные…
Население и приравненные групп…
Территориальные сетевые органи…
Выручка отклонения по ПАО Россети на 2023 год
421.3 421.3
45 574.9 45 574.9
9 547.5 9 547.5
4 889.3 4 889.3
2 337.4 2 337.4
-1 682.6 -1 682.6
2 919.4 2 919.4
7 110.2 7 110.2
19 840.8 19 840.8
7 289.5 7 289.5
23 664.8 23 664.8
31 028.3 31 028.3
⬤ Отклонение, млн. руб.
Интер РАО (для ФСК)
Промышленные потребители
Транспорт
Нефтедобыча
Нефтепереработка
Нефтепроводы
Газопроводы
Сельское хозяйство и пищевая пр…
Непромышленные потребители
Государственные (муниципальные…
Население и приравненные групп…
Территориальные сетевые органи…
Динамика электропотребления, млрд. кВт.ч. по ПАО Россети на 2023 год
0 0
120 120
38 38
41 41
8 8
10 10
0 0
19 19
77 77
25 25
122 122
61 61
0 0
120 120
39 39
39 39
8 8
8 8
1 1
20 20
78 78
26 26
121 121
60 60
Факт прошлого года
Ожидаемое (прогноз по конца года)
Интер РАО (дляФСК)
Промышленныепотребители
Транспорт
Нефтедобыча
Нефтепереработка
Нефтепроводы
Газопроводы
Сельскоехозяйство ипищеваяпромышленность
Непромышленныепотребители
Государственные(муниципальные)организации ипрочиебюджетныепотребители
Население иприравненныегруппыпотребителей
Территориальныесетевыеорганизации
Выручка по ПАО Россети на 2023 год
5 5
285 285
72 72
72 72
18 18
22 22
0 0
50 50
201 201
61 61
190 190
227 227
6 6
331 331
82 82
77 77
20 20
20 20
3 3
57 57
220 220
68 68
214 214
258 258
Факт прошлого года
Ожидаемое (прогноз по конца года)
Интер РАО (дляФСК)
Промышленныепотребители
Транспорт
Нефтедобыча
Нефтепереработка
Нефтепроводы
Газопроводы
Сельскоехозяйство ипищеваяпромышленность
Непромышленныепотребители
Государственные(муниципальные)организации ипрочиебюджетныепотребители
Население иприравненныегруппыпотребителей
Территориальныесетевыеорганизации
абс.
%
Прогноз на месяц 
Ноябрь
КПО/Отпуск из сети 
Котловой полезный отпуск, млн. кВт.ч
Организация 
Все
Прогноз электропотребления и выручки за услуги по передаче в разрезе отраслей'

16-10-2024T08:26:47 - [TEST_STEP][PASSED] - a10 = a10.replaceAll("[^0-9]", ""): null

16-10-2024T08:26:47 - [TEST_STEP][PASSED] - println("a10:" + a10): null

16-10-2024T08:26:47 - [TEST_STEP][PASSED] - click(findTestObject("Прогноз по отраслям/Фильтр Сравнение с")): Object: 'Object Repository/Прогноз по отраслям/Фильтр Сравнение с' is clicked on

16-10-2024T08:26:47 - [MESSAGE][PASSED] - Object: 'Object Repository/Прогноз по отраслям/Фильтр Сравнение с' is clicked on

16-10-2024T08:26:47 - [TEST_STEP][PASSED] - click(findTestObject("Прогноз по отраслям/План")): Object: 'Object Repository/Прогноз по отраслям/План' is clicked on

16-10-2024T08:26:48 - [MESSAGE][PASSED] - Object: 'Object Repository/Прогноз по отраслям/План' is clicked on

16-10-2024T08:26:48 - [TEST_STEP][PASSED] - delay(25): Delayed 25 second(s)

16-10-2024T08:27:13 - [MESSAGE][PASSED] - Delayed 25 second(s)

16-10-2024T08:27:13 - [TEST_STEP][PASSED] - a11 = getText(findTestObject("Прогноз по отраслям/Виджеты дашборда")): Text of object 'Object Repository/Прогноз по отраслям/Виджеты дашборда' is: 'Год 
2023 год
Сравнение с 
План
Отклонения по ПАО Россети на 2023 год
0.0 0.0
1 471.7 1 471.7
1 186.5 1 186.5
32 445.2 32 445.2
1 268.3 1 268.3
349.4 349.4
84.3 84.3
239.8 239.8
2 969.4 2 969.4
589.2 589.2
-1 798.4 -1 798.4
5 359.3 5 359.3
⬤ Отклонение, млн. кВт.ч
Интер РАО (для ФСК)
Промышленные потребители
Транспорт
Нефтедобыча
Нефтепереработка
Нефтепроводы
Газопроводы
Сельское хозяйство и пищевая пр…
Непромышленные потребители
Государственные (муниципальные…
Население и приравненные групп…
Территориальные сетевые органи…
Выручка отклонения по ПАО Россети на 2023 год
794.9 794.9
12 195.0 12 195.0
972.7 972.7
61 803.9 61 803.9
4 222.3 4 222.3
-121.8 -121.8
666.2 666.2
873.2 873.2
5 809.6 5 809.6
1 342.6 1 342.6
-4 463.2 -4 463.2
18 375.5 18 375.5
⬤ Отклонение, млн. руб.
Интер РАО (для ФСК)
Промышленные потребители
Транспорт
Нефтедобыча
Нефтепереработка
Нефтепроводы
Газопроводы
Сельское хозяйство и пищевая пр…
Непромышленные потребители
Государственные (муниципальные…
Население и приравненные групп…
Территориальные сетевые органи…
Динамика электропотребления, млрд. кВт.ч. по ПАО Россети на 2023 год
0 0
119 119
37 37
7 7
7 7
8 8
1 1
19 19
75 75
25 25
123 123
55 55
0 0
120 120
39 39
39 39
8 8
8 8
1 1
20 20
78 78
26 26
121 121
60 60
План
Ожидаемое (прогноз по конца года)
Интер РАО (дляФСК)
Промышленныепотребители
Транспорт
Нефтедобыча
Нефтепереработка
Нефтепроводы
Газопроводы
Сельскоехозяйство ипищеваяпромышленность
Непромышленныепотребители
Государственные(муниципальные)организации ипрочиебюджетныепотребители
Население иприравненныегруппыпотребителей
Территориальныесетевыеорганизации
Выручка по ПАО Россети на 2023 год
5 5
319 319
81 81
16 16
16 16
20 20
2 2
56 56
215 215
67 67
218 218
239 239
6 6
331 331
82 82
77 77
20 20
20 20
3 3
57 57
220 220
68 68
214 214
258 258
План
Ожидаемое (прогноз по конца года)
Интер РАО (дляФСК)
Промышленныепотребители
Транспорт
Нефтедобыча
Нефтепереработка
Нефтепроводы
Газопроводы
Сельскоехозяйство ипищеваяпромышленность
Непромышленныепотребители
Государственные(муниципальные)организации ипрочиебюджетныепотребители
Население иприравненныегруппыпотребителей
Территориальныесетевыеорганизации
абс.
%
Прогноз на месяц 
Ноябрь
КПО/Отпуск из сети 
Котловой полезный отпуск, млн. кВт.ч
Организация 
Все
Прогноз электропотребления и выручки за услуги по передаче в разрезе отраслей'

16-10-2024T08:27:14 - [MESSAGE][PASSED] - Text of object 'Object Repository/Прогноз по отраслям/Виджеты дашборда' is: 'Год 
2023 год
Сравнение с 
План
Отклонения по ПАО Россети на 2023 год
0.0 0.0
1 471.7 1 471.7
1 186.5 1 186.5
32 445.2 32 445.2
1 268.3 1 268.3
349.4 349.4
84.3 84.3
239.8 239.8
2 969.4 2 969.4
589.2 589.2
-1 798.4 -1 798.4
5 359.3 5 359.3
⬤ Отклонение, млн. кВт.ч
Интер РАО (для ФСК)
Промышленные потребители
Транспорт
Нефтедобыча
Нефтепереработка
Нефтепроводы
Газопроводы
Сельское хозяйство и пищевая пр…
Непромышленные потребители
Государственные (муниципальные…
Население и приравненные групп…
Территориальные сетевые органи…
Выручка отклонения по ПАО Россети на 2023 год
794.9 794.9
12 195.0 12 195.0
972.7 972.7
61 803.9 61 803.9
4 222.3 4 222.3
-121.8 -121.8
666.2 666.2
873.2 873.2
5 809.6 5 809.6
1 342.6 1 342.6
-4 463.2 -4 463.2
18 375.5 18 375.5
⬤ Отклонение, млн. руб.
Интер РАО (для ФСК)
Промышленные потребители
Транспорт
Нефтедобыча
Нефтепереработка
Нефтепроводы
Газопроводы
Сельское хозяйство и пищевая пр…
Непромышленные потребители
Государственные (муниципальные…
Население и приравненные групп…
Территориальные сетевые органи…
Динамика электропотребления, млрд. кВт.ч. по ПАО Россети на 2023 год
0 0
119 119
37 37
7 7
7 7
8 8
1 1
19 19
75 75
25 25
123 123
55 55
0 0
120 120
39 39
39 39
8 8
8 8
1 1
20 20
78 78
26 26
121 121
60 60
План
Ожидаемое (прогноз по конца года)
Интер РАО (дляФСК)
Промышленныепотребители
Транспорт
Нефтедобыча
Нефтепереработка
Нефтепроводы
Газопроводы
Сельскоехозяйство ипищеваяпромышленность
Непромышленныепотребители
Государственные(муниципальные)организации ипрочиебюджетныепотребители
Население иприравненныегруппыпотребителей
Территориальныесетевыеорганизации
Выручка по ПАО Россети на 2023 год
5 5
319 319
81 81
16 16
16 16
20 20
2 2
56 56
215 215
67 67
218 218
239 239
6 6
331 331
82 82
77 77
20 20
20 20
3 3
57 57
220 220
68 68
214 214
258 258
План
Ожидаемое (прогноз по конца года)
Интер РАО (дляФСК)
Промышленныепотребители
Транспорт
Нефтедобыча
Нефтепереработка
Нефтепроводы
Газопроводы
Сельскоехозяйство ипищеваяпромышленность
Непромышленныепотребители
Государственные(муниципальные)организации ипрочиебюджетныепотребители
Население иприравненныегруппыпотребителей
Территориальныесетевыеорганизации
абс.
%
Прогноз на месяц 
Ноябрь
КПО/Отпуск из сети 
Котловой полезный отпуск, млн. кВт.ч
Организация 
Все
Прогноз электропотребления и выручки за услуги по передаче в разрезе отраслей'

16-10-2024T08:27:14 - [TEST_STEP][PASSED] - println("a11:" + a11): null

16-10-2024T08:27:14 - [TEST_STEP][PASSED] - a11 = a11.replaceAll("[^0-9]", ""): null

16-10-2024T08:27:14 - [TEST_STEP][PASSED] - println("a11:" + a11): null

16-10-2024T08:27:14 - [TEST_STEP][PASSED] - click(findTestObject("Прогноз по отраслям/Фильтр Сравнение с")): Object: 'Object Repository/Прогноз по отраслям/Фильтр Сравнение с' is clicked on

16-10-2024T08:27:14 - [MESSAGE][PASSED] - Object: 'Object Repository/Прогноз по отраслям/Фильтр Сравнение с' is clicked on

16-10-2024T08:27:14 - [TEST_STEP][PASSED] - click(findTestObject("Прогноз по отраслям/План СУ")): Object: 'Object Repository/Прогноз по отраслям/План СУ' is clicked on

16-10-2024T08:27:15 - [MESSAGE][PASSED] - Object: 'Object Repository/Прогноз по отраслям/План СУ' is clicked on

16-10-2024T08:27:15 - [TEST_STEP][PASSED] - delay(25): Delayed 25 second(s)

16-10-2024T08:27:40 - [MESSAGE][PASSED] - Delayed 25 second(s)

16-10-2024T08:27:40 - [TEST_STEP][PASSED] - a12 = getText(findTestObject("Прогноз по отраслям/Виджеты дашборда")): Text of object 'Object Repository/Прогноз по отраслям/Виджеты дашборда' is: 'Год 
2023 год
Сравнение с 
План/СУ
Отклонения по ПАО Россети на 2023 год
0.0 0.0
120 322.6 120 322.6
38 655.4 38 655.4
39 037.8 39 037.8
8 291.7 8 291.7
8 259.5 8 259.5
793.1 793.1
19 706.6 19 706.6
78 310.2 78 310.2
25 579.5 25 579.5
121 219.7 121 219.7
60 414.9 60 414.9
⬤ Отклонение, млн. кВт.ч
Интер РАО (для ФСК)
Промышленные потребители
Транспорт
Нефтедобыча
Нефтепереработка
Нефтепроводы
Газопроводы
Сельское хозяйство и пищевая пр…
Непромышленные потребители
Государственные (муниципальные…
Население и приравненные групп…
Территориальные сетевые органи…
Выручка отклонения по ПАО Россети на 2023 год
⬤ Отклонение, млн. руб.
Интер РАО (для ФСК)
Промышленные потребители
Транспорт
Нефтедобыча
Нефтепереработка
Нефтепроводы
Газопроводы
Сельское хозяйство и пищевая пр…
Непромышленные потребители
Государственные (муниципальные…
Население и приравненные групп…
Территориальные сетевые органи…
Динамика электропотребления, млрд. кВт.ч. по ПАО Россети на 2023 год
0 0
0 0
0 0
0 0
0 0
0 0
0 0
0 0
0 0
0 0
0 0
0 0
0 0
120 120
39 39
39 39
8 8
8 8
1 1
20 20
78 78
26 26
121 121
60 60
СУ
Ожидаемое (прогноз по конца года)
Интер РАО (дляФСК)
Промышленныепотребители
Транспорт
Нефтедобыча
Нефтепереработка
Нефтепроводы
Газопроводы
Сельскоехозяйство ипищеваяпромышленность
Непромышленныепотребители
Государственные(муниципальные)организации ипрочиебюджетныепотребители
Население иприравненныегруппыпотребителей
Территориальныесетевыеорганизации
Выручка по ПАО Россети на 2023 год
6 6
331 331
82 82
77 77
20 20
20 20
3 3
57 57
220 220
68 68
214 214
258 258
Ожидаемое (прогноз по конца года)
Интер РАО (дляФСК)
Промышленныепотребители
Транспорт
Нефтедобыча
Нефтепереработка
Нефтепроводы
Газопроводы
Сельскоехозяйство ипищеваяпромышленность
Непромышленныепотребители
Государственные(муниципальные)организации ипрочиебюджетныепотребители
Население иприравненныегруппыпотребителей
Территориальныесетевыеорганизации
абс.
%
Прогноз на месяц 
Ноябрь
КПО/Отпуск из сети 
Котловой полезный отпуск, млн. кВт.ч
Организация 
Все
Прогноз электропотребления и выручки за услуги по передаче в разрезе отраслей'

16-10-2024T08:27:40 - [MESSAGE][PASSED] - Text of object 'Object Repository/Прогноз по отраслям/Виджеты дашборда' is: 'Год 
2023 год
Сравнение с 
План/СУ
Отклонения по ПАО Россети на 2023 год
0.0 0.0
120 322.6 120 322.6
38 655.4 38 655.4
39 037.8 39 037.8
8 291.7 8 291.7
8 259.5 8 259.5
793.1 793.1
19 706.6 19 706.6
78 310.2 78 310.2
25 579.5 25 579.5
121 219.7 121 219.7
60 414.9 60 414.9
⬤ Отклонение, млн. кВт.ч
Интер РАО (для ФСК)
Промышленные потребители
Транспорт
Нефтедобыча
Нефтепереработка
Нефтепроводы
Газопроводы
Сельское хозяйство и пищевая пр…
Непромышленные потребители
Государственные (муниципальные…
Население и приравненные групп…
Территориальные сетевые органи…
Выручка отклонения по ПАО Россети на 2023 год
⬤ Отклонение, млн. руб.
Интер РАО (для ФСК)
Промышленные потребители
Транспорт
Нефтедобыча
Нефтепереработка
Нефтепроводы
Газопроводы
Сельское хозяйство и пищевая пр…
Непромышленные потребители
Государственные (муниципальные…
Население и приравненные групп…
Территориальные сетевые органи…
Динамика электропотребления, млрд. кВт.ч. по ПАО Россети на 2023 год
0 0
0 0
0 0
0 0
0 0
0 0
0 0
0 0
0 0
0 0
0 0
0 0
0 0
120 120
39 39
39 39
8 8
8 8
1 1
20 20
78 78
26 26
121 121
60 60
СУ
Ожидаемое (прогноз по конца года)
Интер РАО (дляФСК)
Промышленныепотребители
Транспорт
Нефтедобыча
Нефтепереработка
Нефтепроводы
Газопроводы
Сельскоехозяйство ипищеваяпромышленность
Непромышленныепотребители
Государственные(муниципальные)организации ипрочиебюджетныепотребители
Население иприравненныегруппыпотребителей
Территориальныесетевыеорганизации
Выручка по ПАО Россети на 2023 год
6 6
331 331
82 82
77 77
20 20
20 20
3 3
57 57
220 220
68 68
214 214
258 258
Ожидаемое (прогноз по конца года)
Интер РАО (дляФСК)
Промышленныепотребители
Транспорт
Нефтедобыча
Нефтепереработка
Нефтепроводы
Газопроводы
Сельскоехозяйство ипищеваяпромышленность
Непромышленныепотребители
Государственные(муниципальные)организации ипрочиебюджетныепотребители
Население иприравненныегруппыпотребителей
Территориальныесетевыеорганизации
абс.
%
Прогноз на месяц 
Ноябрь
КПО/Отпуск из сети 
Котловой полезный отпуск, млн. кВт.ч
Организация 
Все
Прогноз электропотребления и выручки за услуги по передаче в разрезе отраслей'

16-10-2024T08:27:40 - [TEST_STEP][PASSED] - a12 = a12.replaceAll("[^0-9]", ""): null

16-10-2024T08:27:40 - [TEST_STEP][PASSED] - println("a12:" + a12): null

16-10-2024T08:27:40 - [TEST_STEP][PASSED] - navigateToUrl(findTestData("PlanFact").getValue(10, 12)): Navigate to 'https://bi.rosseti.digital/viewer?dashboardGuid=d218b6eb1b7845df8f1994d6a65c072b&sheetGuid=3059d1e0f28043ee8c80901707e9c246&fit=true' successfully

16-10-2024T08:27:41 - [MESSAGE][PASSED] - Navigate to 'https://bi.rosseti.digital/viewer?dashboardGuid=d218b6eb1b7845df8f1994d6a65c072b&sheetGuid=3059d1e0f28043ee8c80901707e9c246&fit=true' successfully

16-10-2024T08:27:41 - [TEST_STEP][PASSED] - delay(50): Delayed 50 second(s)

16-10-2024T08:28:31 - [MESSAGE][PASSED] - Delayed 50 second(s)

16-10-2024T08:28:31 - [TEST_STEP][PASSED] - click(findTestObject("Прогноз по отраслям/Фильтр месяц Стресс")): Object: 'Object Repository/Прогноз по отраслям/Фильтр месяц Стресс' is clicked on

16-10-2024T08:28:31 - [MESSAGE][PASSED] - Object: 'Object Repository/Прогноз по отраслям/Фильтр месяц Стресс' is clicked on

16-10-2024T08:28:31 - [TEST_STEP][PASSED] - scrollToElement(findTestObject("Прогноз по отраслям/Ноябрь Стресс"), 30): Scroll to object 'Object Repository/Прогноз по отраслям/Ноябрь Стресс' successfully

16-10-2024T08:28:32 - [MESSAGE][PASSED] - Scroll to object 'Object Repository/Прогноз по отраслям/Ноябрь Стресс' successfully

16-10-2024T08:28:32 - [TEST_STEP][PASSED] - click(findTestObject("Прогноз по отраслям/Ноябрь Стресс")): Object: 'Object Repository/Прогноз по отраслям/Ноябрь Стресс' is clicked on

16-10-2024T08:28:33 - [MESSAGE][PASSED] - Object: 'Object Repository/Прогноз по отраслям/Ноябрь Стресс' is clicked on

16-10-2024T08:28:33 - [TEST_STEP][PASSED] - scrollToElement(findTestObject("Прогноз по отраслям/Заголовок дашборда Стресс"), 30): Scroll to object 'Object Repository/Прогноз по отраслям/Заголовок дашборда Стресс' successfully

16-10-2024T08:28:35 - [MESSAGE][PASSED] - Scroll to object 'Object Repository/Прогноз по отраслям/Заголовок дашборда Стресс' successfully

16-10-2024T08:28:35 - [TEST_STEP][PASSED] - click(findTestObject("Прогноз по отраслям/Фильтр Сравнение с Стресс")): Object: 'Object Repository/Прогноз по отраслям/Фильтр Сравнение с Стресс' is clicked on

16-10-2024T08:28:35 - [MESSAGE][PASSED] - Object: 'Object Repository/Прогноз по отраслям/Фильтр Сравнение с Стресс' is clicked on

16-10-2024T08:28:35 - [TEST_STEP][PASSED] - click(findTestObject("Прогноз по отраслям/Факт прошлого года Стресс")): Object: 'Object Repository/Прогноз по отраслям/Факт прошлого года Стресс' is clicked on

16-10-2024T08:28:36 - [MESSAGE][PASSED] - Object: 'Object Repository/Прогноз по отраслям/Факт прошлого года Стресс' is clicked on

16-10-2024T08:28:36 - [TEST_STEP][PASSED] - click(findTestObject("Прогноз по отраслям/Фильтр КПО-Отпуск Стресс")): Object: 'Object Repository/Прогноз по отраслям/Фильтр КПО-Отпуск Стресс' is clicked on

16-10-2024T08:28:40 - [MESSAGE][PASSED] - Object: 'Object Repository/Прогноз по отраслям/Фильтр КПО-Отпуск Стресс' is clicked on

16-10-2024T08:28:40 - [TEST_STEP][PASSED] - click(findTestObject("Прогноз по отраслям/Отпуск Стресс")): Object: 'Object Repository/Прогноз по отраслям/Отпуск Стресс' is clicked on

16-10-2024T08:28:41 - [MESSAGE][PASSED] - Object: 'Object Repository/Прогноз по отраслям/Отпуск Стресс' is clicked on

16-10-2024T08:28:41 - [TEST_STEP][PASSED] - delay(25): Delayed 25 second(s)

16-10-2024T08:29:06 - [MESSAGE][PASSED] - Delayed 25 second(s)

16-10-2024T08:29:06 - [TEST_STEP][PASSED] - b1 = getText(findTestObject("Прогноз по отраслям/Виджеты дашборда")): Text of object 'Object Repository/Прогноз по отраслям/Виджеты дашборда' is: 'Год 
2023 год
Сравнение с 
Факт прошлого года
Динамика электропотребления, млрд. кВт.ч., по ПАО Россети на 2023 год
12 12
186 186
36 36
50 50
10 10
19 19
0 0
17 17
85 85
19 19
82 82
604 604
10 10
197 197
37 37
48 48
10 10
15 15
4 4
18 18
80 80
19 19
82 82
608 608
Факт прошлого года
Ожидаемое (прогноз до конца года)
Интер РАО(для ФСК)
Промышленныепотребители
Транспорт
Нефтедобыча
Нефтеперераб…
Нефтепроводы
Газопроводы
Сельское хозя…
Непромышлен…
Государственн…
Население иприравненныегруппыпотребителей
Территориальн…
Выручка, млрд. руб, по ПАО Россети на 2023 год
5 5
285 285
72 72
72 72
18 18
22 22
0 0
50 50
201 201
61 61
190 190
227 227
6 6
331 331
82 82
77 77
20 20
20 20
3 3
57 57
220 220
68 68
214 214
258 258
Факт прошлого года
Ожидаемое (прогноз до конца года)
Интер РАО(для ФСК)
Промышленныепотребители
Транспорт
Нефтедобыча
Нефтеперераб…
Нефтепроводы
Газопроводы
Сельское хозя…
Непромышлен…
Государственн…
Население иприравненныегруппыпотребителей
Территориальн…
Отклонения по ПАО Россети на 2023 год
-18.5% -18.5%
5.9% 5.9%
3.6% 3.6%
-3.9% -3.9%
0.9% 0.9%
-20.7% -20.7%
3 313.2% 3 313.2%
3.8% 3.8%
-5.6% -5.6%
1.3% 1.3%
-0.9% -0.9%
0.7% 0.7%
⬤ Отклонение, %
Интер РАО (для ФСК)
Промышленные потребители
Транспорт
Нефтедобыча
Нефтепереработка
Нефтепроводы
Газопроводы
Сельское хозяйство и пищевая про…
Непромышленные потребители
Государственные (муниципальные)…
Население и приравненные группы…
Территориальные сетевые организ…
Выручка отклонения по ПАО Россети на 2023 год
7.7% 7.7%
16.0% 16.0%
13.2% 13.2%
6.7% 6.7%
13.3% 13.3%
-7.7% -7.7%
1 331.5% 1 331.5%
14.2% 14.2%
9.9% 9.9%
12.0% 12.0%
12.4% 12.4%
13.7% 13.7%
⬤ Отклонение, %
Интер РАО (для ФСК)
Промышленные потребители
Транспорт
Нефтедобыча
Нефтепереработка
Нефтепроводы
Газопроводы
Сельское хозяйство и пищевая про…
Непромышленные потребители
Государственные (муниципальные)…
Население и приравненные группы…
Территориальные сетевые организ…
абс.
%
Прогноз на месяц 
Ноябрь
КПО/Отпуск из сети 
Отпуск из сети, млн. кВт.ч
Организация 
Все
Прогноз электропотребления и выручки за услуги по передаче в разрезе отраслей'

16-10-2024T08:29:07 - [MESSAGE][PASSED] - Text of object 'Object Repository/Прогноз по отраслям/Виджеты дашборда' is: 'Год 
2023 год
Сравнение с 
Факт прошлого года
Динамика электропотребления, млрд. кВт.ч., по ПАО Россети на 2023 год
12 12
186 186
36 36
50 50
10 10
19 19
0 0
17 17
85 85
19 19
82 82
604 604
10 10
197 197
37 37
48 48
10 10
15 15
4 4
18 18
80 80
19 19
82 82
608 608
Факт прошлого года
Ожидаемое (прогноз до конца года)
Интер РАО(для ФСК)
Промышленныепотребители
Транспорт
Нефтедобыча
Нефтеперераб…
Нефтепроводы
Газопроводы
Сельское хозя…
Непромышлен…
Государственн…
Население иприравненныегруппыпотребителей
Территориальн…
Выручка, млрд. руб, по ПАО Россети на 2023 год
5 5
285 285
72 72
72 72
18 18
22 22
0 0
50 50
201 201
61 61
190 190
227 227
6 6
331 331
82 82
77 77
20 20
20 20
3 3
57 57
220 220
68 68
214 214
258 258
Факт прошлого года
Ожидаемое (прогноз до конца года)
Интер РАО(для ФСК)
Промышленныепотребители
Транспорт
Нефтедобыча
Нефтеперераб…
Нефтепроводы
Газопроводы
Сельское хозя…
Непромышлен…
Государственн…
Население иприравненныегруппыпотребителей
Территориальн…
Отклонения по ПАО Россети на 2023 год
-18.5% -18.5%
5.9% 5.9%
3.6% 3.6%
-3.9% -3.9%
0.9% 0.9%
-20.7% -20.7%
3 313.2% 3 313.2%
3.8% 3.8%
-5.6% -5.6%
1.3% 1.3%
-0.9% -0.9%
0.7% 0.7%
⬤ Отклонение, %
Интер РАО (для ФСК)
Промышленные потребители
Транспорт
Нефтедобыча
Нефтепереработка
Нефтепроводы
Газопроводы
Сельское хозяйство и пищевая про…
Непромышленные потребители
Государственные (муниципальные)…
Население и приравненные группы…
Территориальные сетевые организ…
Выручка отклонения по ПАО Россети на 2023 год
7.7% 7.7%
16.0% 16.0%
13.2% 13.2%
6.7% 6.7%
13.3% 13.3%
-7.7% -7.7%
1 331.5% 1 331.5%
14.2% 14.2%
9.9% 9.9%
12.0% 12.0%
12.4% 12.4%
13.7% 13.7%
⬤ Отклонение, %
Интер РАО (для ФСК)
Промышленные потребители
Транспорт
Нефтедобыча
Нефтепереработка
Нефтепроводы
Газопроводы
Сельское хозяйство и пищевая про…
Непромышленные потребители
Государственные (муниципальные)…
Население и приравненные группы…
Территориальные сетевые организ…
абс.
%
Прогноз на месяц 
Ноябрь
КПО/Отпуск из сети 
Отпуск из сети, млн. кВт.ч
Организация 
Все
Прогноз электропотребления и выручки за услуги по передаче в разрезе отраслей'

16-10-2024T08:29:07 - [TEST_STEP][PASSED] - b1 = b1.replaceAll("[^0-9]", ""): null

16-10-2024T08:29:07 - [TEST_STEP][PASSED] - println("b1:" + b1): null

16-10-2024T08:29:07 - [TEST_STEP][PASSED] - click(findTestObject("Прогноз по отраслям/Фильтр Сравнение с Стресс")): Object: 'Object Repository/Прогноз по отраслям/Фильтр Сравнение с Стресс' is clicked on

16-10-2024T08:29:07 - [MESSAGE][PASSED] - Object: 'Object Repository/Прогноз по отраслям/Фильтр Сравнение с Стресс' is clicked on

16-10-2024T08:29:07 - [TEST_STEP][PASSED] - click(findTestObject("Прогноз по отраслям/План Стресс")): Object: 'Object Repository/Прогноз по отраслям/План Стресс' is clicked on

16-10-2024T08:29:08 - [MESSAGE][PASSED] - Object: 'Object Repository/Прогноз по отраслям/План Стресс' is clicked on

16-10-2024T08:29:08 - [TEST_STEP][PASSED] - delay(25): Delayed 25 second(s)

16-10-2024T08:29:33 - [MESSAGE][PASSED] - Delayed 25 second(s)

16-10-2024T08:29:33 - [TEST_STEP][PASSED] - b2 = getText(findTestObject("Прогноз по отраслям/Виджеты дашборда")): Text of object 'Object Repository/Прогноз по отраслям/Виджеты дашборда' is: 'Год 
2023 год
Сравнение с 
План
Динамика электропотребления, млрд. кВт.ч., по ПАО Россети на 2023 год
10 10
190 190
36 36
14 14
9 9
14 14
4 4
17 17
80 80
19 19
82 82
588 588
10 10
197 197
37 37
48 48
10 10
15 15
4 4
18 18
80 80
19 19
82 82
608 608
План
Ожидаемое (прогноз до конца года)
Интер РАО(для ФСК)
Промышленныепотребители
Транспорт
Нефтедобыча
Нефтеперераб…
Нефтепроводы
Газопроводы
Сельское хозя…
Непромышлен…
Государственн…
Население иприравненныегруппыпотребителей
Территориальн…
Выручка, млрд. руб, по ПАО Россети на 2023 год
5 5
319 319
81 81
16 16
16 16
20 20
2 2
56 56
215 215
67 67
218 218
239 239
6 6
331 331
82 82
77 77
20 20
20 20
3 3
57 57
220 220
68 68
214 214
258 258
План
Ожидаемое (прогноз до конца года)
Интер РАО(для ФСК)
Промышленныепотребители
Транспорт
Нефтедобыча
Нефтеперераб…
Нефтепроводы
Газопроводы
Сельское хозя…
Непромышлен…
Государственн…
Население иприравненныегруппыпотребителей
Территориальн…
Отклонения по ПАО Россети на 2023 год
-4.7% -4.7%
3.8% 3.8%
1.9% 1.9%
230.3% 230.3%
10.9% 10.9%
4.2% 4.2%
21.7% 21.7%
3.9% 3.9%
-0.6% -0.6%
1.6% 1.6%
-1.0% -1.0%
3.3% 3.3%
⬤ Отклонение, %
Интер РАО (для ФСК)
Промышленные потребители
Транспорт
Нефтедобыча
Нефтепереработка
Нефтепроводы
Газопроводы
Сельское хозяйство и пищевая про…
Непромышленные потребители
Государственные (муниципальные)…
Население и приравненные группы…
Территориальные сетевые организ…
Выручка отклонения по ПАО Россети на 2023 год
15.6% 15.6%
3.8% 3.8%
1.2% 1.2%
398.2% 398.2%
26.9% 26.9%
-0.6% -0.6%
26.9% 26.9%
1.5% 1.5%
2.7% 2.7%
2.0% 2.0%
-2.0% -2.0%
7.9% 7.9%
⬤ Отклонение, %
Интер РАО (для ФСК)
Промышленные потребители
Транспорт
Нефтедобыча
Нефтепереработка
Нефтепроводы
Газопроводы
Сельское хозяйство и пищевая про…
Непромышленные потребители
Государственные (муниципальные)…
Население и приравненные группы…
Территориальные сетевые организ…
абс.
%
Прогноз на месяц 
Ноябрь
КПО/Отпуск из сети 
Отпуск из сети, млн. кВт.ч
Организация 
Все
Прогноз электропотребления и выручки за услуги по передаче в разрезе отраслей'

16-10-2024T08:29:34 - [MESSAGE][PASSED] - Text of object 'Object Repository/Прогноз по отраслям/Виджеты дашборда' is: 'Год 
2023 год
Сравнение с 
План
Динамика электропотребления, млрд. кВт.ч., по ПАО Россети на 2023 год
10 10
190 190
36 36
14 14
9 9
14 14
4 4
17 17
80 80
19 19
82 82
588 588
10 10
197 197
37 37
48 48
10 10
15 15
4 4
18 18
80 80
19 19
82 82
608 608
План
Ожидаемое (прогноз до конца года)
Интер РАО(для ФСК)
Промышленныепотребители
Транспорт
Нефтедобыча
Нефтеперераб…
Нефтепроводы
Газопроводы
Сельское хозя…
Непромышлен…
Государственн…
Население иприравненныегруппыпотребителей
Территориальн…
Выручка, млрд. руб, по ПАО Россети на 2023 год
5 5
319 319
81 81
16 16
16 16
20 20
2 2
56 56
215 215
67 67
218 218
239 239
6 6
331 331
82 82
77 77
20 20
20 20
3 3
57 57
220 220
68 68
214 214
258 258
План
Ожидаемое (прогноз до конца года)
Интер РАО(для ФСК)
Промышленныепотребители
Транспорт
Нефтедобыча
Нефтеперераб…
Нефтепроводы
Газопроводы
Сельское хозя…
Непромышлен…
Государственн…
Население иприравненныегруппыпотребителей
Территориальн…
Отклонения по ПАО Россети на 2023 год
-4.7% -4.7%
3.8% 3.8%
1.9% 1.9%
230.3% 230.3%
10.9% 10.9%
4.2% 4.2%
21.7% 21.7%
3.9% 3.9%
-0.6% -0.6%
1.6% 1.6%
-1.0% -1.0%
3.3% 3.3%
⬤ Отклонение, %
Интер РАО (для ФСК)
Промышленные потребители
Транспорт
Нефтедобыча
Нефтепереработка
Нефтепроводы
Газопроводы
Сельское хозяйство и пищевая про…
Непромышленные потребители
Государственные (муниципальные)…
Население и приравненные группы…
Территориальные сетевые организ…
Выручка отклонения по ПАО Россети на 2023 год
15.6% 15.6%
3.8% 3.8%
1.2% 1.2%
398.2% 398.2%
26.9% 26.9%
-0.6% -0.6%
26.9% 26.9%
1.5% 1.5%
2.7% 2.7%
2.0% 2.0%
-2.0% -2.0%
7.9% 7.9%
⬤ Отклонение, %
Интер РАО (для ФСК)
Промышленные потребители
Транспорт
Нефтедобыча
Нефтепереработка
Нефтепроводы
Газопроводы
Сельское хозяйство и пищевая про…
Непромышленные потребители
Государственные (муниципальные)…
Население и приравненные группы…
Территориальные сетевые организ…
абс.
%
Прогноз на месяц 
Ноябрь
КПО/Отпуск из сети 
Отпуск из сети, млн. кВт.ч
Организация 
Все
Прогноз электропотребления и выручки за услуги по передаче в разрезе отраслей'

16-10-2024T08:29:34 - [TEST_STEP][PASSED] - b2 = b2.replaceAll("[^0-9]", ""): null

16-10-2024T08:29:34 - [TEST_STEP][PASSED] - println("b2:" + b2): null

16-10-2024T08:29:34 - [TEST_STEP][PASSED] - click(findTestObject("Прогноз по отраслям/Фильтр Сравнение с Стресс")): Object: 'Object Repository/Прогноз по отраслям/Фильтр Сравнение с Стресс' is clicked on

16-10-2024T08:29:34 - [MESSAGE][PASSED] - Object: 'Object Repository/Прогноз по отраслям/Фильтр Сравнение с Стресс' is clicked on

16-10-2024T08:29:34 - [TEST_STEP][PASSED] - click(findTestObject("Прогноз по отраслям/План СУ Стресс")): Object: 'Object Repository/Прогноз по отраслям/План СУ Стресс' is clicked on

16-10-2024T08:29:36 - [MESSAGE][PASSED] - Object: 'Object Repository/Прогноз по отраслям/План СУ Стресс' is clicked on

16-10-2024T08:29:36 - [TEST_STEP][PASSED] - delay(25): Delayed 25 second(s)

16-10-2024T08:30:01 - [MESSAGE][PASSED] - Delayed 25 second(s)

16-10-2024T08:30:01 - [TEST_STEP][PASSED] - b3 = getText(findTestObject("Прогноз по отраслям/Виджеты дашборда")): Text of object 'Object Repository/Прогноз по отраслям/Виджеты дашборда' is: 'Год 
2023 год
Сравнение с 
План/СУ
Динамика электропотребления, млрд. кВт.ч., по ПАО Россети на 2023 год
10 10
186 186
36 36
15 15
9 9
14 14
4 4
17 17
88 88
19 19
83 83
597 597
10 10
197 197
37 37
48 48
10 10
15 15
4 4
18 18
80 80
19 19
82 82
608 608
СУ
Ожидаемое (прогноз до конца года)
Интер РАО(для ФСК)
Промышленныепотребители
Транспорт
Нефтедобыча
Нефтеперераб…
Нефтепроводы
Газопроводы
Сельское хозя…
Непромышлен…
Государственн…
Население иприравненныегруппыпотребителей
Территориальн…
Выручка, млрд. руб, по ПАО Россети на 2023 год
6 6
331 331
82 82
77 77
20 20
20 20
3 3
57 57
220 220
68 68
214 214
258 258
Ожидаемое (прогноз до конца года)
Интер РАО(для ФСК)
Промышленныепотребители
Транспорт
Нефтедобыча
Нефтеперераб…
Нефтепроводы
Газопроводы
Сельское хозя…
Непромышлен…
Государственн…
Население иприравненныегруппыпотребителей
Территориальн…
Отклонения по ПАО Россети на 2023 год
2.5% 2.5%
5.9% 5.9%
1.9% 1.9%
219.1% 219.1%
11.7% 11.7%
1.9% 1.9%
13.1% 13.1%
3.5% 3.5%
-8.7% -8.7%
0.2% 0.2%
-1.6% -1.6%
1.8% 1.8%
⬤ Отклонение, %
Интер РАО (для ФСК)
Промышленные потребители
Транспорт
Нефтедобыча
Нефтепереработка
Нефтепроводы
Газопроводы
Сельское хозяйство и пищевая про…
Непромышленные потребители
Государственные (муниципальные)…
Население и приравненные группы…
Территориальные сетевые организ…
Выручка отклонения по ПАО Россети на 2023 год
⬤ Отклонение, %
Интер РАО (для ФСК)
Промышленные потребители
Транспорт
Нефтедобыча
Нефтепереработка
Нефтепроводы
Газопроводы
Сельское хозяйство и пищевая про…
Непромышленные потребители
Государственные (муниципальные)…
Население и приравненные группы…
Территориальные сетевые организ…
абс.
%
Прогноз на месяц 
Ноябрь
КПО/Отпуск из сети 
Отпуск из сети, млн. кВт.ч
Организация 
Все
Прогноз электропотребления и выручки за услуги по передаче в разрезе отраслей'

16-10-2024T08:30:01 - [MESSAGE][PASSED] - Text of object 'Object Repository/Прогноз по отраслям/Виджеты дашборда' is: 'Год 
2023 год
Сравнение с 
План/СУ
Динамика электропотребления, млрд. кВт.ч., по ПАО Россети на 2023 год
10 10
186 186
36 36
15 15
9 9
14 14
4 4
17 17
88 88
19 19
83 83
597 597
10 10
197 197
37 37
48 48
10 10
15 15
4 4
18 18
80 80
19 19
82 82
608 608
СУ
Ожидаемое (прогноз до конца года)
Интер РАО(для ФСК)
Промышленныепотребители
Транспорт
Нефтедобыча
Нефтеперераб…
Нефтепроводы
Газопроводы
Сельское хозя…
Непромышлен…
Государственн…
Население иприравненныегруппыпотребителей
Территориальн…
Выручка, млрд. руб, по ПАО Россети на 2023 год
6 6
331 331
82 82
77 77
20 20
20 20
3 3
57 57
220 220
68 68
214 214
258 258
Ожидаемое (прогноз до конца года)
Интер РАО(для ФСК)
Промышленныепотребители
Транспорт
Нефтедобыча
Нефтеперераб…
Нефтепроводы
Газопроводы
Сельское хозя…
Непромышлен…
Государственн…
Население иприравненныегруппыпотребителей
Территориальн…
Отклонения по ПАО Россети на 2023 год
2.5% 2.5%
5.9% 5.9%
1.9% 1.9%
219.1% 219.1%
11.7% 11.7%
1.9% 1.9%
13.1% 13.1%
3.5% 3.5%
-8.7% -8.7%
0.2% 0.2%
-1.6% -1.6%
1.8% 1.8%
⬤ Отклонение, %
Интер РАО (для ФСК)
Промышленные потребители
Транспорт
Нефтедобыча
Нефтепереработка
Нефтепроводы
Газопроводы
Сельское хозяйство и пищевая про…
Непромышленные потребители
Государственные (муниципальные)…
Население и приравненные группы…
Территориальные сетевые организ…
Выручка отклонения по ПАО Россети на 2023 год
⬤ Отклонение, %
Интер РАО (для ФСК)
Промышленные потребители
Транспорт
Нефтедобыча
Нефтепереработка
Нефтепроводы
Газопроводы
Сельское хозяйство и пищевая про…
Непромышленные потребители
Государственные (муниципальные)…
Население и приравненные группы…
Территориальные сетевые организ…
абс.
%
Прогноз на месяц 
Ноябрь
КПО/Отпуск из сети 
Отпуск из сети, млн. кВт.ч
Организация 
Все
Прогноз электропотребления и выручки за услуги по передаче в разрезе отраслей'

16-10-2024T08:30:01 - [TEST_STEP][PASSED] - b3 = b3.replaceAll("[^0-9]", ""): null

16-10-2024T08:30:01 - [TEST_STEP][PASSED] - println("b3:" + b3): null

16-10-2024T08:30:01 - [TEST_STEP][PASSED] - click(findTestObject("Прогноз по отраслям/Фильтр Сравнение с Стресс")): Object: 'Object Repository/Прогноз по отраслям/Фильтр Сравнение с Стресс' is clicked on

16-10-2024T08:30:02 - [MESSAGE][PASSED] - Object: 'Object Repository/Прогноз по отраслям/Фильтр Сравнение с Стресс' is clicked on

16-10-2024T08:30:02 - [TEST_STEP][PASSED] - click(findTestObject("Прогноз по отраслям/Факт прошлого года Стресс")): Object: 'Object Repository/Прогноз по отраслям/Факт прошлого года Стресс' is clicked on

16-10-2024T08:30:03 - [MESSAGE][PASSED] - Object: 'Object Repository/Прогноз по отраслям/Факт прошлого года Стресс' is clicked on

16-10-2024T08:30:03 - [TEST_STEP][PASSED] - click(findTestObject("Прогноз по отраслям/Фильтр КПО-Отпуск Стресс")): Object: 'Object Repository/Прогноз по отраслям/Фильтр КПО-Отпуск Стресс' is clicked on

16-10-2024T08:30:05 - [MESSAGE][PASSED] - Object: 'Object Repository/Прогноз по отраслям/Фильтр КПО-Отпуск Стресс' is clicked on

16-10-2024T08:30:05 - [TEST_STEP][PASSED] - click(findTestObject("Прогноз по отраслям/КПО Стресс")): Object: 'Object Repository/Прогноз по отраслям/КПО Стресс' is clicked on

16-10-2024T08:30:06 - [MESSAGE][PASSED] - Object: 'Object Repository/Прогноз по отраслям/КПО Стресс' is clicked on

16-10-2024T08:30:06 - [TEST_STEP][PASSED] - delay(25): Delayed 25 second(s)

16-10-2024T08:30:31 - [MESSAGE][PASSED] - Delayed 25 second(s)

16-10-2024T08:30:31 - [TEST_STEP][PASSED] - b4 = getText(findTestObject("Прогноз по отраслям/Виджеты дашборда")): Text of object 'Object Repository/Прогноз по отраслям/Виджеты дашборда' is: 'Год 
2023 год
Сравнение с 
Факт прошлого года
Динамика электропотребления, млрд. кВт.ч., по ПАО Россети на 2023 год
0 0
120 120
38 38
41 41
8 8
10 10
0 0
19 19
77 77
25 25
122 122
61 61
0 0
120 120
39 39
39 39
8 8
8 8
1 1
20 20
78 78
26 26
121 121
60 60
Факт прошлого года
Ожидаемое (прогноз до конца года)
Интер РАО(для ФСК)
Промышленныепотребители
Транспорт
Нефтедобыча
Нефтеперераб…
Нефтепроводы
Газопроводы
Сельское хозя…
Непромышлен…
Государственн…
Население иприравненныегруппыпотребителей
Территориальн…
Выручка, млрд. руб, по ПАО Россети на 2023 год
5 5
285 285
72 72
72 72
18 18
22 22
0 0
50 50
201 201
61 61
190 190
227 227
6 6
331 331
82 82
77 77
20 20
20 20
3 3
57 57
220 220
68 68
214 214
258 258
Факт прошлого года
Ожидаемое (прогноз до конца года)
Интер РАО(для ФСК)
Промышленныепотребители
Транспорт
Нефтедобыча
Нефтеперераб…
Нефтепроводы
Газопроводы
Сельское хозя…
Непромышлен…
Государственн…
Население иприравненныегруппыпотребителей
Территориальн…
Отклонения по ПАО Россети на 2023 год
0.5% 0.5%
0.9% 0.9%
-5.9% -5.9%
3.1% 3.1%
-17.9% -17.9%
578.4% 578.4%
2.3% 2.3%
1.8% 1.8%
2.1% 2.1%
-0.9% -0.9%
-0.2% -0.2%
⬤ Отклонение, %
Интер РАО (для ФСК)
Промышленные потребители
Транспорт
Нефтедобыча
Нефтепереработка
Нефтепроводы
Газопроводы
Сельское хозяйство и пищевая про…
Непромышленные потребители
Государственные (муниципальные)…
Население и приравненные группы…
Территориальные сетевые организ…
Выручка отклонения по ПАО Россети на 2023 год
7.7% 7.7%
16.0% 16.0%
13.2% 13.2%
6.7% 6.7%
13.3% 13.3%
-7.7% -7.7%
1 331.5% 1 331.5%
14.2% 14.2%
9.9% 9.9%
12.0% 12.0%
12.4% 12.4%
13.7% 13.7%
⬤ Отклонение, %
Интер РАО (для ФСК)
Промышленные потребители
Транспорт
Нефтедобыча
Нефтепереработка
Нефтепроводы
Газопроводы
Сельское хозяйство и пищевая про…
Непромышленные потребители
Государственные (муниципальные)…
Население и приравненные группы…
Территориальные сетевые организ…
абс.
%
Прогноз на месяц 
Ноябрь
КПО/Отпуск из сети 
Котловой полезный отпуск, млн. кВт.ч
Организация 
Все
Прогноз электропотребления и выручки за услуги по передаче в разрезе отраслей'

16-10-2024T08:30:32 - [MESSAGE][PASSED] - Text of object 'Object Repository/Прогноз по отраслям/Виджеты дашборда' is: 'Год 
2023 год
Сравнение с 
Факт прошлого года
Динамика электропотребления, млрд. кВт.ч., по ПАО Россети на 2023 год
0 0
120 120
38 38
41 41
8 8
10 10
0 0
19 19
77 77
25 25
122 122
61 61
0 0
120 120
39 39
39 39
8 8
8 8
1 1
20 20
78 78
26 26
121 121
60 60
Факт прошлого года
Ожидаемое (прогноз до конца года)
Интер РАО(для ФСК)
Промышленныепотребители
Транспорт
Нефтедобыча
Нефтеперераб…
Нефтепроводы
Газопроводы
Сельское хозя…
Непромышлен…
Государственн…
Население иприравненныегруппыпотребителей
Территориальн…
Выручка, млрд. руб, по ПАО Россети на 2023 год
5 5
285 285
72 72
72 72
18 18
22 22
0 0
50 50
201 201
61 61
190 190
227 227
6 6
331 331
82 82
77 77
20 20
20 20
3 3
57 57
220 220
68 68
214 214
258 258
Факт прошлого года
Ожидаемое (прогноз до конца года)
Интер РАО(для ФСК)
Промышленныепотребители
Транспорт
Нефтедобыча
Нефтеперераб…
Нефтепроводы
Газопроводы
Сельское хозя…
Непромышлен…
Государственн…
Население иприравненныегруппыпотребителей
Территориальн…
Отклонения по ПАО Россети на 2023 год
0.5% 0.5%
0.9% 0.9%
-5.9% -5.9%
3.1% 3.1%
-17.9% -17.9%
578.4% 578.4%
2.3% 2.3%
1.8% 1.8%
2.1% 2.1%
-0.9% -0.9%
-0.2% -0.2%
⬤ Отклонение, %
Интер РАО (для ФСК)
Промышленные потребители
Транспорт
Нефтедобыча
Нефтепереработка
Нефтепроводы
Газопроводы
Сельское хозяйство и пищевая про…
Непромышленные потребители
Государственные (муниципальные)…
Население и приравненные группы…
Территориальные сетевые организ…
Выручка отклонения по ПАО Россети на 2023 год
7.7% 7.7%
16.0% 16.0%
13.2% 13.2%
6.7% 6.7%
13.3% 13.3%
-7.7% -7.7%
1 331.5% 1 331.5%
14.2% 14.2%
9.9% 9.9%
12.0% 12.0%
12.4% 12.4%
13.7% 13.7%
⬤ Отклонение, %
Интер РАО (для ФСК)
Промышленные потребители
Транспорт
Нефтедобыча
Нефтепереработка
Нефтепроводы
Газопроводы
Сельское хозяйство и пищевая про…
Непромышленные потребители
Государственные (муниципальные)…
Население и приравненные группы…
Территориальные сетевые организ…
абс.
%
Прогноз на месяц 
Ноябрь
КПО/Отпуск из сети 
Котловой полезный отпуск, млн. кВт.ч
Организация 
Все
Прогноз электропотребления и выручки за услуги по передаче в разрезе отраслей'

16-10-2024T08:30:32 - [TEST_STEP][PASSED] - b4 = b4.replaceAll("[^0-9]", ""): null

16-10-2024T08:30:32 - [TEST_STEP][PASSED] - println("b4:" + b4): null

16-10-2024T08:30:32 - [TEST_STEP][PASSED] - click(findTestObject("Прогноз по отраслям/Фильтр Сравнение с Стресс")): Object: 'Object Repository/Прогноз по отраслям/Фильтр Сравнение с Стресс' is clicked on

16-10-2024T08:30:32 - [MESSAGE][PASSED] - Object: 'Object Repository/Прогноз по отраслям/Фильтр Сравнение с Стресс' is clicked on

16-10-2024T08:30:32 - [TEST_STEP][PASSED] - click(findTestObject("Прогноз по отраслям/План Стресс")): Object: 'Object Repository/Прогноз по отраслям/План Стресс' is clicked on

16-10-2024T08:30:33 - [MESSAGE][PASSED] - Object: 'Object Repository/Прогноз по отраслям/План Стресс' is clicked on

16-10-2024T08:30:33 - [TEST_STEP][PASSED] - delay(25): Delayed 25 second(s)

16-10-2024T08:30:58 - [MESSAGE][PASSED] - Delayed 25 second(s)

16-10-2024T08:30:58 - [TEST_STEP][PASSED] - b5 = getText(findTestObject("Прогноз по отраслям/Виджеты дашборда")): Text of object 'Object Repository/Прогноз по отраслям/Виджеты дашборда' is: 'Год 
2023 год
Сравнение с 
План
Динамика электропотребления, млрд. кВт.ч., по ПАО Россети на 2023 год
0 0
119 119
37 37
7 7
7 7
8 8
1 1
19 19
75 75
25 25
123 123
55 55
0 0
120 120
39 39
39 39
8 8
8 8
1 1
20 20
78 78
26 26
121 121
60 60
План
Ожидаемое (прогноз до конца года)
Интер РАО(для ФСК)
Промышленныепотребители
Транспорт
Нефтедобыча
Нефтеперераб…
Нефтепроводы
Газопроводы
Сельское хозя…
Непромышлен…
Государственн…
Население иприравненныегруппыпотребителей
Территориальн…
Выручка, млрд. руб, по ПАО Россети на 2023 год
5 5
319 319
81 81
16 16
16 16
20 20
2 2
56 56
215 215
67 67
218 218
239 239
6 6
331 331
82 82
77 77
20 20
20 20
3 3
57 57
220 220
68 68
214 214
258 258
План
Ожидаемое (прогноз до конца года)
Интер РАО(для ФСК)
Промышленныепотребители
Транспорт
Нефтедобыча
Нефтеперераб…
Нефтепроводы
Газопроводы
Сельское хозя…
Непромышлен…
Государственн…
Население иприравненныегруппыпотребителей
Территориальн…
Отклонения по ПАО Россети на 2023 год
1.2% 1.2%
3.2% 3.2%
492.1% 492.1%
18.1% 18.1%
4.4% 4.4%
11.9% 11.9%
1.2% 1.2%
4.1% 4.1%
2.4% 2.4%
-1.4% -1.4%
9.7% 9.7%
⬤ Отклонение, %
Интер РАО (для ФСК)
Промышленные потребители
Транспорт
Нефтедобыча
Нефтепереработка
Нефтепроводы
Газопроводы
Сельское хозяйство и пищевая про…
Непромышленные потребители
Государственные (муниципальные)…
Население и приравненные группы…
Территориальные сетевые организ…
Выручка отклонения по ПАО Россети на 2023 год
15.6% 15.6%
3.8% 3.8%
1.2% 1.2%
398.2% 398.2%
26.9% 26.9%
-0.6% -0.6%
26.9% 26.9%
1.5% 1.5%
2.7% 2.7%
2.0% 2.0%
-2.0% -2.0%
7.9% 7.9%
⬤ Отклонение, %
Интер РАО (для ФСК)
Промышленные потребители
Транспорт
Нефтедобыча
Нефтепереработка
Нефтепроводы
Газопроводы
Сельское хозяйство и пищевая про…
Непромышленные потребители
Государственные (муниципальные)…
Население и приравненные группы…
Территориальные сетевые организ…
абс.
%
Прогноз на месяц 
Ноябрь
КПО/Отпуск из сети 
Котловой полезный отпуск, млн. кВт.ч
Организация 
Все
Прогноз электропотребления и выручки за услуги по передаче в разрезе отраслей'

16-10-2024T08:30:59 - [MESSAGE][PASSED] - Text of object 'Object Repository/Прогноз по отраслям/Виджеты дашборда' is: 'Год 
2023 год
Сравнение с 
План
Динамика электропотребления, млрд. кВт.ч., по ПАО Россети на 2023 год
0 0
119 119
37 37
7 7
7 7
8 8
1 1
19 19
75 75
25 25
123 123
55 55
0 0
120 120
39 39
39 39
8 8
8 8
1 1
20 20
78 78
26 26
121 121
60 60
План
Ожидаемое (прогноз до конца года)
Интер РАО(для ФСК)
Промышленныепотребители
Транспорт
Нефтедобыча
Нефтеперераб…
Нефтепроводы
Газопроводы
Сельское хозя…
Непромышлен…
Государственн…
Население иприравненныегруппыпотребителей
Территориальн…
Выручка, млрд. руб, по ПАО Россети на 2023 год
5 5
319 319
81 81
16 16
16 16
20 20
2 2
56 56
215 215
67 67
218 218
239 239
6 6
331 331
82 82
77 77
20 20
20 20
3 3
57 57
220 220
68 68
214 214
258 258
План
Ожидаемое (прогноз до конца года)
Интер РАО(для ФСК)
Промышленныепотребители
Транспорт
Нефтедобыча
Нефтеперераб…
Нефтепроводы
Газопроводы
Сельское хозя…
Непромышлен…
Государственн…
Население иприравненныегруппыпотребителей
Территориальн…
Отклонения по ПАО Россети на 2023 год
1.2% 1.2%
3.2% 3.2%
492.1% 492.1%
18.1% 18.1%
4.4% 4.4%
11.9% 11.9%
1.2% 1.2%
4.1% 4.1%
2.4% 2.4%
-1.4% -1.4%
9.7% 9.7%
⬤ Отклонение, %
Интер РАО (для ФСК)
Промышленные потребители
Транспорт
Нефтедобыча
Нефтепереработка
Нефтепроводы
Газопроводы
Сельское хозяйство и пищевая про…
Непромышленные потребители
Государственные (муниципальные)…
Население и приравненные группы…
Территориальные сетевые организ…
Выручка отклонения по ПАО Россети на 2023 год
15.6% 15.6%
3.8% 3.8%
1.2% 1.2%
398.2% 398.2%
26.9% 26.9%
-0.6% -0.6%
26.9% 26.9%
1.5% 1.5%
2.7% 2.7%
2.0% 2.0%
-2.0% -2.0%
7.9% 7.9%
⬤ Отклонение, %
Интер РАО (для ФСК)
Промышленные потребители
Транспорт
Нефтедобыча
Нефтепереработка
Нефтепроводы
Газопроводы
Сельское хозяйство и пищевая про…
Непромышленные потребители
Государственные (муниципальные)…
Население и приравненные группы…
Территориальные сетевые организ…
абс.
%
Прогноз на месяц 
Ноябрь
КПО/Отпуск из сети 
Котловой полезный отпуск, млн. кВт.ч
Организация 
Все
Прогноз электропотребления и выручки за услуги по передаче в разрезе отраслей'

16-10-2024T08:30:59 - [TEST_STEP][PASSED] - println("b5:" + b5): null

16-10-2024T08:30:59 - [TEST_STEP][PASSED] - b5 = b5.replaceAll("[^0-9]", ""): null

16-10-2024T08:30:59 - [TEST_STEP][PASSED] - println("b5:" + b5): null

16-10-2024T08:30:59 - [TEST_STEP][PASSED] - click(findTestObject("Прогноз по отраслям/Фильтр Сравнение с Стресс")): Object: 'Object Repository/Прогноз по отраслям/Фильтр Сравнение с Стресс' is clicked on

16-10-2024T08:30:59 - [MESSAGE][PASSED] - Object: 'Object Repository/Прогноз по отраслям/Фильтр Сравнение с Стресс' is clicked on

16-10-2024T08:30:59 - [TEST_STEP][PASSED] - click(findTestObject("Прогноз по отраслям/План СУ Стресс")): Object: 'Object Repository/Прогноз по отраслям/План СУ Стресс' is clicked on

16-10-2024T08:31:01 - [MESSAGE][PASSED] - Object: 'Object Repository/Прогноз по отраслям/План СУ Стресс' is clicked on

16-10-2024T08:31:01 - [TEST_STEP][PASSED] - delay(25): Delayed 25 second(s)

16-10-2024T08:31:26 - [MESSAGE][PASSED] - Delayed 25 second(s)

16-10-2024T08:31:26 - [TEST_STEP][PASSED] - b6 = getText(findTestObject("Прогноз по отраслям/Виджеты дашборда")): Text of object 'Object Repository/Прогноз по отраслям/Виджеты дашборда' is: 'Год 
2023 год
Сравнение с 
План/СУ
Динамика электропотребления, млрд. кВт.ч., по ПАО Россети на 2023 год
0 0
0 0
0 0
0 0
0 0
0 0
0 0
0 0
0 0
0 0
0 0
0 0
0 0
120 120
39 39
39 39
8 8
8 8
1 1
20 20
78 78
26 26
121 121
60 60
СУ
Ожидаемое (прогноз до конца года)
Интер РАО(для ФСК)
Промышленныепотребители
Транспорт
Нефтедобыча
Нефтеперераб…
Нефтепроводы
Газопроводы
Сельское хозя…
Непромышлен…
Государственн…
Население иприравненныегруппыпотребителей
Территориальн…
Выручка, млрд. руб, по ПАО Россети на 2023 год
6 6
331 331
82 82
77 77
20 20
20 20
3 3
57 57
220 220
68 68
214 214
258 258
Ожидаемое (прогноз до конца года)
Интер РАО(для ФСК)
Промышленныепотребители
Транспорт
Нефтедобыча
Нефтеперераб…
Нефтепроводы
Газопроводы
Сельское хозя…
Непромышлен…
Государственн…
Население иприравненныегруппыпотребителей
Территориальн…
Отклонения по ПАО Россети на 2023 год
⬤ Отклонение, %
Интер РАО (для ФСК)
Промышленные потребители
Транспорт
Нефтедобыча
Нефтепереработка
Нефтепроводы
Газопроводы
Сельское хозяйство и пищевая про…
Непромышленные потребители
Государственные (муниципальные)…
Население и приравненные группы…
Территориальные сетевые организ…
Выручка отклонения по ПАО Россети на 2023 год
⬤ Отклонение, %
Интер РАО (для ФСК)
Промышленные потребители
Транспорт
Нефтедобыча
Нефтепереработка
Нефтепроводы
Газопроводы
Сельское хозяйство и пищевая про…
Непромышленные потребители
Государственные (муниципальные)…
Население и приравненные группы…
Территориальные сетевые организ…
абс.
%
Прогноз на месяц 
Ноябрь
КПО/Отпуск из сети 
Котловой полезный отпуск, млн. кВт.ч
Организация 
Все
Прогноз электропотребления и выручки за услуги по передаче в разрезе отраслей'

16-10-2024T08:31:26 - [MESSAGE][PASSED] - Text of object 'Object Repository/Прогноз по отраслям/Виджеты дашборда' is: 'Год 
2023 год
Сравнение с 
План/СУ
Динамика электропотребления, млрд. кВт.ч., по ПАО Россети на 2023 год
0 0
0 0
0 0
0 0
0 0
0 0
0 0
0 0
0 0
0 0
0 0
0 0
0 0
120 120
39 39
39 39
8 8
8 8
1 1
20 20
78 78
26 26
121 121
60 60
СУ
Ожидаемое (прогноз до конца года)
Интер РАО(для ФСК)
Промышленныепотребители
Транспорт
Нефтедобыча
Нефтеперераб…
Нефтепроводы
Газопроводы
Сельское хозя…
Непромышлен…
Государственн…
Население иприравненныегруппыпотребителей
Территориальн…
Выручка, млрд. руб, по ПАО Россети на 2023 год
6 6
331 331
82 82
77 77
20 20
20 20
3 3
57 57
220 220
68 68
214 214
258 258
Ожидаемое (прогноз до конца года)
Интер РАО(для ФСК)
Промышленныепотребители
Транспорт
Нефтедобыча
Нефтеперераб…
Нефтепроводы
Газопроводы
Сельское хозя…
Непромышлен…
Государственн…
Население иприравненныегруппыпотребителей
Территориальн…
Отклонения по ПАО Россети на 2023 год
⬤ Отклонение, %
Интер РАО (для ФСК)
Промышленные потребители
Транспорт
Нефтедобыча
Нефтепереработка
Нефтепроводы
Газопроводы
Сельское хозяйство и пищевая про…
Непромышленные потребители
Государственные (муниципальные)…
Население и приравненные группы…
Территориальные сетевые организ…
Выручка отклонения по ПАО Россети на 2023 год
⬤ Отклонение, %
Интер РАО (для ФСК)
Промышленные потребители
Транспорт
Нефтедобыча
Нефтепереработка
Нефтепроводы
Газопроводы
Сельское хозяйство и пищевая про…
Непромышленные потребители
Государственные (муниципальные)…
Население и приравненные группы…
Территориальные сетевые организ…
абс.
%
Прогноз на месяц 
Ноябрь
КПО/Отпуск из сети 
Котловой полезный отпуск, млн. кВт.ч
Организация 
Все
Прогноз электропотребления и выручки за услуги по передаче в разрезе отраслей'

16-10-2024T08:31:26 - [TEST_STEP][PASSED] - b6 = b6.replaceAll("[^0-9]", ""): null

16-10-2024T08:31:26 - [TEST_STEP][PASSED] - println("b6:" + b6): null

16-10-2024T08:31:26 - [TEST_STEP][PASSED] - click(findTestObject("Прогноз по отраслям/Переключить отображение с процентов на абс Стресс-сценарий")): Object: 'Object Repository/Прогноз по отраслям/Переключить отображение с процентов на абс Стресс-сценарий' is clicked on

16-10-2024T08:31:27 - [MESSAGE][PASSED] - Object: 'Object Repository/Прогноз по отраслям/Переключить отображение с процентов на абс Стресс-сценарий' is clicked on

16-10-2024T08:31:27 - [TEST_STEP][PASSED] - click(findTestObject("Прогноз по отраслям/Фильтр Сравнение с Стресс")): Object: 'Object Repository/Прогноз по отраслям/Фильтр Сравнение с Стресс' is clicked on

16-10-2024T08:31:27 - [MESSAGE][PASSED] - Object: 'Object Repository/Прогноз по отраслям/Фильтр Сравнение с Стресс' is clicked on

16-10-2024T08:31:27 - [TEST_STEP][PASSED] - click(findTestObject("Прогноз по отраслям/Факт прошлого года Стресс")): Object: 'Object Repository/Прогноз по отраслям/Факт прошлого года Стресс' is clicked on

16-10-2024T08:31:28 - [MESSAGE][PASSED] - Object: 'Object Repository/Прогноз по отраслям/Факт прошлого года Стресс' is clicked on

16-10-2024T08:31:28 - [TEST_STEP][PASSED] - click(findTestObject("Прогноз по отраслям/Фильтр КПО-Отпуск Стресс")): Object: 'Object Repository/Прогноз по отраслям/Фильтр КПО-Отпуск Стресс' is clicked on

16-10-2024T08:31:34 - [MESSAGE][PASSED] - Object: 'Object Repository/Прогноз по отраслям/Фильтр КПО-Отпуск Стресс' is clicked on

16-10-2024T08:31:34 - [TEST_STEP][PASSED] - click(findTestObject("Прогноз по отраслям/Отпуск Стресс")): Object: 'Object Repository/Прогноз по отраслям/Отпуск Стресс' is clicked on

16-10-2024T08:31:36 - [MESSAGE][PASSED] - Object: 'Object Repository/Прогноз по отраслям/Отпуск Стресс' is clicked on

16-10-2024T08:31:36 - [TEST_STEP][PASSED] - delay(25): Delayed 25 second(s)

16-10-2024T08:32:01 - [MESSAGE][PASSED] - Delayed 25 second(s)

16-10-2024T08:32:01 - [TEST_STEP][PASSED] - b7 = getText(findTestObject("Прогноз по отраслям/Виджеты дашборда")): Text of object 'Object Repository/Прогноз по отраслям/Виджеты дашборда' is: 'Год 
2023 год
Сравнение с 
Факт прошлого года
Отклонения по ПАО Россети на 2023 год
-2 263.5 -2 263.5
11 054.6 11 054.6
1 280.2 1 280.2
-1 947.5 -1 947.5
90.9 90.9
-3 845.0 -3 845.0
4 162.1 4 162.1
651.7 651.7
-4 727.7 -4 727.7
256.5 256.5
-723.9 -723.9
4 292.3 4 292.3
⬤ Отклонение, млн. кВт.ч
Интер РАО (для ФСК)
Промышленные потребители
Транспорт
Нефтедобыча
Нефтепереработка
Нефтепроводы
Газопроводы
Сельское хозяйство и пищевая про…
Непромышленные потребители
Государственные (муниципальные…
Население и приравненные группы…
Территориальные сетевые организ…
Выручка отклонения по ПАО Россети на 2023 год
421.3 421.3
45 574.9 45 574.9
9 547.5 9 547.5
4 889.3 4 889.3
2 337.4 2 337.4
-1 682.6 -1 682.6
2 919.4 2 919.4
7 110.2 7 110.2
19 840.8 19 840.8
7 289.5 7 289.5
23 664.8 23 664.8
31 028.3 31 028.3
⬤ Отклонение, млн. руб
Интер РАО (для ФСК)
Промышленные потребители
Транспорт
Нефтедобыча
Нефтепереработка
Нефтепроводы
Газопроводы
Сельское хозяйство и пищевая про…
Непромышленные потребители
Государственные (муниципальные…
Население и приравненные группы…
Территориальные сетевые организ…
Динамика электропотребления, млрд. кВт.ч., по ПАО Россети на 2023 год
12 12
186 186
36 36
50 50
10 10
19 19
0 0
17 17
85 85
19 19
82 82
604 604
10 10
197 197
37 37
48 48
10 10
15 15
4 4
18 18
80 80
19 19
82 82
608 608
Факт прошлого года
Ожидаемое (прогноз до конца года)
Интер РАО(для ФСК)
Промышленныепотребители
Транспорт
Нефтедобыча
Нефтеперераб…
Нефтепроводы
Газопроводы
Сельское хозя…
Непромышлен…
Государственн…
Население иприравненныегруппыпотребителей
Территориальн…
Выручка, млрд. руб, по ПАО Россети на 2023 год
5 5
285 285
72 72
72 72
18 18
22 22
0 0
50 50
201 201
61 61
190 190
227 227
6 6
331 331
82 82
77 77
20 20
20 20
3 3
57 57
220 220
68 68
214 214
258 258
Факт прошлого года
Ожидаемое (прогноз до конца года)
Интер РАО(для ФСК)
Промышленныепотребители
Транспорт
Нефтедобыча
Нефтеперераб…
Нефтепроводы
Газопроводы
Сельское хозя…
Непромышлен…
Государственн…
Население иприравненныегруппыпотребителей
Территориальн…
абс.
%
Прогноз на месяц 
Ноябрь
КПО/Отпуск из сети 
Отпуск из сети, млн. кВт.ч
Организация 
Все
Прогноз электропотребления и выручки за услуги по передаче в разрезе отраслей'

16-10-2024T08:32:01 - [MESSAGE][PASSED] - Text of object 'Object Repository/Прогноз по отраслям/Виджеты дашборда' is: 'Год 
2023 год
Сравнение с 
Факт прошлого года
Отклонения по ПАО Россети на 2023 год
-2 263.5 -2 263.5
11 054.6 11 054.6
1 280.2 1 280.2
-1 947.5 -1 947.5
90.9 90.9
-3 845.0 -3 845.0
4 162.1 4 162.1
651.7 651.7
-4 727.7 -4 727.7
256.5 256.5
-723.9 -723.9
4 292.3 4 292.3
⬤ Отклонение, млн. кВт.ч
Интер РАО (для ФСК)
Промышленные потребители
Транспорт
Нефтедобыча
Нефтепереработка
Нефтепроводы
Газопроводы
Сельское хозяйство и пищевая про…
Непромышленные потребители
Государственные (муниципальные…
Население и приравненные группы…
Территориальные сетевые организ…
Выручка отклонения по ПАО Россети на 2023 год
421.3 421.3
45 574.9 45 574.9
9 547.5 9 547.5
4 889.3 4 889.3
2 337.4 2 337.4
-1 682.6 -1 682.6
2 919.4 2 919.4
7 110.2 7 110.2
19 840.8 19 840.8
7 289.5 7 289.5
23 664.8 23 664.8
31 028.3 31 028.3
⬤ Отклонение, млн. руб
Интер РАО (для ФСК)
Промышленные потребители
Транспорт
Нефтедобыча
Нефтепереработка
Нефтепроводы
Газопроводы
Сельское хозяйство и пищевая про…
Непромышленные потребители
Государственные (муниципальные…
Население и приравненные группы…
Территориальные сетевые организ…
Динамика электропотребления, млрд. кВт.ч., по ПАО Россети на 2023 год
12 12
186 186
36 36
50 50
10 10
19 19
0 0
17 17
85 85
19 19
82 82
604 604
10 10
197 197
37 37
48 48
10 10
15 15
4 4
18 18
80 80
19 19
82 82
608 608
Факт прошлого года
Ожидаемое (прогноз до конца года)
Интер РАО(для ФСК)
Промышленныепотребители
Транспорт
Нефтедобыча
Нефтеперераб…
Нефтепроводы
Газопроводы
Сельское хозя…
Непромышлен…
Государственн…
Население иприравненныегруппыпотребителей
Территориальн…
Выручка, млрд. руб, по ПАО Россети на 2023 год
5 5
285 285
72 72
72 72
18 18
22 22
0 0
50 50
201 201
61 61
190 190
227 227
6 6
331 331
82 82
77 77
20 20
20 20
3 3
57 57
220 220
68 68
214 214
258 258
Факт прошлого года
Ожидаемое (прогноз до конца года)
Интер РАО(для ФСК)
Промышленныепотребители
Транспорт
Нефтедобыча
Нефтеперераб…
Нефтепроводы
Газопроводы
Сельское хозя…
Непромышлен…
Государственн…
Население иприравненныегруппыпотребителей
Территориальн…
абс.
%
Прогноз на месяц 
Ноябрь
КПО/Отпуск из сети 
Отпуск из сети, млн. кВт.ч
Организация 
Все
Прогноз электропотребления и выручки за услуги по передаче в разрезе отраслей'

16-10-2024T08:32:01 - [TEST_STEP][PASSED] - b7 = b7.replaceAll("[^0-9]", ""): null

16-10-2024T08:32:01 - [TEST_STEP][PASSED] - println("b7:" + b7): null

16-10-2024T08:32:01 - [TEST_STEP][PASSED] - click(findTestObject("Прогноз по отраслям/Фильтр Сравнение с Стресс")): Object: 'Object Repository/Прогноз по отраслям/Фильтр Сравнение с Стресс' is clicked on

16-10-2024T08:32:02 - [MESSAGE][PASSED] - Object: 'Object Repository/Прогноз по отраслям/Фильтр Сравнение с Стресс' is clicked on

16-10-2024T08:32:02 - [TEST_STEP][PASSED] - click(findTestObject("Прогноз по отраслям/План Стресс")): Object: 'Object Repository/Прогноз по отраслям/План Стресс' is clicked on

16-10-2024T08:32:03 - [MESSAGE][PASSED] - Object: 'Object Repository/Прогноз по отраслям/План Стресс' is clicked on

16-10-2024T08:32:03 - [TEST_STEP][PASSED] - delay(25): Delayed 25 second(s)

16-10-2024T08:32:28 - [MESSAGE][PASSED] - Delayed 25 second(s)

16-10-2024T08:32:28 - [TEST_STEP][PASSED] - b8 = getText(findTestObject("Прогноз по отраслям/Виджеты дашборда")): Text of object 'Object Repository/Прогноз по отраслям/Виджеты дашборда' is: 'Год 
2023 год
Сравнение с 
План
Отклонения по ПАО Россети на 2023 год
-492.2 -492.2
7 165.1 7 165.1
689.3 689.3
33 271.7 33 271.7
986.4 986.4
593.8 593.8
764.0 764.0
670.4 670.4
-592.4 -592.4
308.8 308.8
-940.9 -940.9
19 604.1 19 604.1
⬤ Отклонение, млн. кВт.ч
Интер РАО (для ФСК)
Промышленные потребители
Транспорт
Нефтедобыча
Нефтепереработка
Нефтепроводы
Газопроводы
Сельское хозяйство и пищевая про…
Непромышленные потребители
Государственные (муниципальные…
Население и приравненные группы…
Территориальные сетевые организ…
Выручка отклонения по ПАО Россети на 2023 год
794.9 794.9
12 195.0 12 195.0
972.7 972.7
61 803.9 61 803.9
4 222.3 4 222.3
-121.8 -121.8
666.2 666.2
873.2 873.2
5 809.6 5 809.6
1 342.6 1 342.6
-4 463.2 -4 463.2
18 375.5 18 375.5
⬤ Отклонение, млн. руб
Интер РАО (для ФСК)
Промышленные потребители
Транспорт
Нефтедобыча
Нефтепереработка
Нефтепроводы
Газопроводы
Сельское хозяйство и пищевая про…
Непромышленные потребители
Государственные (муниципальные…
Население и приравненные группы…
Территориальные сетевые организ…
Динамика электропотребления, млрд. кВт.ч., по ПАО Россети на 2023 год
10 10
190 190
36 36
14 14
9 9
14 14
4 4
17 17
80 80
19 19
82 82
588 588
10 10
197 197
37 37
48 48
10 10
15 15
4 4
18 18
80 80
19 19
82 82
608 608
План
Ожидаемое (прогноз до конца года)
Интер РАО(для ФСК)
Промышленныепотребители
Транспорт
Нефтедобыча
Нефтеперераб…
Нефтепроводы
Газопроводы
Сельское хозя…
Непромышлен…
Государственн…
Население иприравненныегруппыпотребителей
Территориальн…
Выручка, млрд. руб, по ПАО Россети на 2023 год
5 5
319 319
81 81
16 16
16 16
20 20
2 2
56 56
215 215
67 67
218 218
239 239
6 6
331 331
82 82
77 77
20 20
20 20
3 3
57 57
220 220
68 68
214 214
258 258
План
Ожидаемое (прогноз до конца года)
Интер РАО(для ФСК)
Промышленныепотребители
Транспорт
Нефтедобыча
Нефтеперераб…
Нефтепроводы
Газопроводы
Сельское хозя…
Непромышлен…
Государственн…
Население иприравненныегруппыпотребителей
Территориальн…
абс.
%
Прогноз на месяц 
Ноябрь
КПО/Отпуск из сети 
Отпуск из сети, млн. кВт.ч
Организация 
Все
Прогноз электропотребления и выручки за услуги по передаче в разрезе отраслей'

16-10-2024T08:32:29 - [MESSAGE][PASSED] - Text of object 'Object Repository/Прогноз по отраслям/Виджеты дашборда' is: 'Год 
2023 год
Сравнение с 
План
Отклонения по ПАО Россети на 2023 год
-492.2 -492.2
7 165.1 7 165.1
689.3 689.3
33 271.7 33 271.7
986.4 986.4
593.8 593.8
764.0 764.0
670.4 670.4
-592.4 -592.4
308.8 308.8
-940.9 -940.9
19 604.1 19 604.1
⬤ Отклонение, млн. кВт.ч
Интер РАО (для ФСК)
Промышленные потребители
Транспорт
Нефтедобыча
Нефтепереработка
Нефтепроводы
Газопроводы
Сельское хозяйство и пищевая про…
Непромышленные потребители
Государственные (муниципальные…
Население и приравненные группы…
Территориальные сетевые организ…
Выручка отклонения по ПАО Россети на 2023 год
794.9 794.9
12 195.0 12 195.0
972.7 972.7
61 803.9 61 803.9
4 222.3 4 222.3
-121.8 -121.8
666.2 666.2
873.2 873.2
5 809.6 5 809.6
1 342.6 1 342.6
-4 463.2 -4 463.2
18 375.5 18 375.5
⬤ Отклонение, млн. руб
Интер РАО (для ФСК)
Промышленные потребители
Транспорт
Нефтедобыча
Нефтепереработка
Нефтепроводы
Газопроводы
Сельское хозяйство и пищевая про…
Непромышленные потребители
Государственные (муниципальные…
Население и приравненные группы…
Территориальные сетевые организ…
Динамика электропотребления, млрд. кВт.ч., по ПАО Россети на 2023 год
10 10
190 190
36 36
14 14
9 9
14 14
4 4
17 17
80 80
19 19
82 82
588 588
10 10
197 197
37 37
48 48
10 10
15 15
4 4
18 18
80 80
19 19
82 82
608 608
План
Ожидаемое (прогноз до конца года)
Интер РАО(для ФСК)
Промышленныепотребители
Транспорт
Нефтедобыча
Нефтеперераб…
Нефтепроводы
Газопроводы
Сельское хозя…
Непромышлен…
Государственн…
Население иприравненныегруппыпотребителей
Территориальн…
Выручка, млрд. руб, по ПАО Россети на 2023 год
5 5
319 319
81 81
16 16
16 16
20 20
2 2
56 56
215 215
67 67
218 218
239 239
6 6
331 331
82 82
77 77
20 20
20 20
3 3
57 57
220 220
68 68
214 214
258 258
План
Ожидаемое (прогноз до конца года)
Интер РАО(для ФСК)
Промышленныепотребители
Транспорт
Нефтедобыча
Нефтеперераб…
Нефтепроводы
Газопроводы
Сельское хозя…
Непромышлен…
Государственн…
Население иприравненныегруппыпотребителей
Территориальн…
абс.
%
Прогноз на месяц 
Ноябрь
КПО/Отпуск из сети 
Отпуск из сети, млн. кВт.ч
Организация 
Все
Прогноз электропотребления и выручки за услуги по передаче в разрезе отраслей'

16-10-2024T08:32:29 - [TEST_STEP][PASSED] - b8 = b8.replaceAll("[^0-9]", ""): null

16-10-2024T08:32:29 - [TEST_STEP][PASSED] - println("b8:" + b8): null

16-10-2024T08:32:29 - [TEST_STEP][PASSED] - click(findTestObject("Прогноз по отраслям/Фильтр Сравнение с Стресс")): Object: 'Object Repository/Прогноз по отраслям/Фильтр Сравнение с Стресс' is clicked on

16-10-2024T08:32:29 - [MESSAGE][PASSED] - Object: 'Object Repository/Прогноз по отраслям/Фильтр Сравнение с Стресс' is clicked on

16-10-2024T08:32:29 - [TEST_STEP][PASSED] - click(findTestObject("Прогноз по отраслям/План СУ Стресс")): Object: 'Object Repository/Прогноз по отраслям/План СУ Стресс' is clicked on

16-10-2024T08:32:30 - [MESSAGE][PASSED] - Object: 'Object Repository/Прогноз по отраслям/План СУ Стресс' is clicked on

16-10-2024T08:32:30 - [TEST_STEP][PASSED] - delay(25): Delayed 25 second(s)

16-10-2024T08:32:55 - [MESSAGE][PASSED] - Delayed 25 second(s)

16-10-2024T08:32:55 - [TEST_STEP][PASSED] - b9 = getText(findTestObject("Прогноз по отраслям/Виджеты дашборда")): Text of object 'Object Repository/Прогноз по отраслям/Виджеты дашборда' is: 'Год 
2023 год
Сравнение с 
План/СУ
Отклонения по ПАО Россети на 2023 год
243.5 243.5
11 013.5 11 013.5
674.8 674.8
32 765.3 32 765.3
1 049.4 1 049.4
271.8 271.8
495.2 495.2
588.7 588.7
-7 607.7 -7 607.7
31.9 31.9
-1 318.1 -1 318.1
10 906.5 10 906.5
⬤ Отклонение, млн. кВт.ч
Интер РАО (для ФСК)
Промышленные потребители
Транспорт
Нефтедобыча
Нефтепереработка
Нефтепроводы
Газопроводы
Сельское хозяйство и пищевая про…
Непромышленные потребители
Государственные (муниципальные…
Население и приравненные группы…
Территориальные сетевые организ…
Выручка отклонения по ПАО Россети на 2023 год
⬤ Отклонение, млн. руб
Интер РАО (для ФСК)
Промышленные потребители
Транспорт
Нефтедобыча
Нефтепереработка
Нефтепроводы
Газопроводы
Сельское хозяйство и пищевая про…
Непромышленные потребители
Государственные (муниципальные…
Население и приравненные группы…
Территориальные сетевые организ…
Динамика электропотребления, млрд. кВт.ч., по ПАО Россети на 2023 год
10 10
186 186
36 36
15 15
9 9
14 14
4 4
17 17
88 88
19 19
83 83
597 597
10 10
197 197
37 37
48 48
10 10
15 15
4 4
18 18
80 80
19 19
82 82
608 608
СУ
Ожидаемое (прогноз до конца года)
Интер РАО(для ФСК)
Промышленныепотребители
Транспорт
Нефтедобыча
Нефтеперераб…
Нефтепроводы
Газопроводы
Сельское хозя…
Непромышлен…
Государственн…
Население иприравненныегруппыпотребителей
Территориальн…
Выручка, млрд. руб, по ПАО Россети на 2023 год
6 6
331 331
82 82
77 77
20 20
20 20
3 3
57 57
220 220
68 68
214 214
258 258
Ожидаемое (прогноз до конца года)
Интер РАО(для ФСК)
Промышленныепотребители
Транспорт
Нефтедобыча
Нефтеперераб…
Нефтепроводы
Газопроводы
Сельское хозя…
Непромышлен…
Государственн…
Население иприравненныегруппыпотребителей
Территориальн…
абс.
%
Прогноз на месяц 
Ноябрь
КПО/Отпуск из сети 
Отпуск из сети, млн. кВт.ч
Организация 
Все
Прогноз электропотребления и выручки за услуги по передаче в разрезе отраслей'

16-10-2024T08:32:56 - [MESSAGE][PASSED] - Text of object 'Object Repository/Прогноз по отраслям/Виджеты дашборда' is: 'Год 
2023 год
Сравнение с 
План/СУ
Отклонения по ПАО Россети на 2023 год
243.5 243.5
11 013.5 11 013.5
674.8 674.8
32 765.3 32 765.3
1 049.4 1 049.4
271.8 271.8
495.2 495.2
588.7 588.7
-7 607.7 -7 607.7
31.9 31.9
-1 318.1 -1 318.1
10 906.5 10 906.5
⬤ Отклонение, млн. кВт.ч
Интер РАО (для ФСК)
Промышленные потребители
Транспорт
Нефтедобыча
Нефтепереработка
Нефтепроводы
Газопроводы
Сельское хозяйство и пищевая про…
Непромышленные потребители
Государственные (муниципальные…
Население и приравненные группы…
Территориальные сетевые организ…
Выручка отклонения по ПАО Россети на 2023 год
⬤ Отклонение, млн. руб
Интер РАО (для ФСК)
Промышленные потребители
Транспорт
Нефтедобыча
Нефтепереработка
Нефтепроводы
Газопроводы
Сельское хозяйство и пищевая про…
Непромышленные потребители
Государственные (муниципальные…
Население и приравненные группы…
Территориальные сетевые организ…
Динамика электропотребления, млрд. кВт.ч., по ПАО Россети на 2023 год
10 10
186 186
36 36
15 15
9 9
14 14
4 4
17 17
88 88
19 19
83 83
597 597
10 10
197 197
37 37
48 48
10 10
15 15
4 4
18 18
80 80
19 19
82 82
608 608
СУ
Ожидаемое (прогноз до конца года)
Интер РАО(для ФСК)
Промышленныепотребители
Транспорт
Нефтедобыча
Нефтеперераб…
Нефтепроводы
Газопроводы
Сельское хозя…
Непромышлен…
Государственн…
Население иприравненныегруппыпотребителей
Территориальн…
Выручка, млрд. руб, по ПАО Россети на 2023 год
6 6
331 331
82 82
77 77
20 20
20 20
3 3
57 57
220 220
68 68
214 214
258 258
Ожидаемое (прогноз до конца года)
Интер РАО(для ФСК)
Промышленныепотребители
Транспорт
Нефтедобыча
Нефтеперераб…
Нефтепроводы
Газопроводы
Сельское хозя…
Непромышлен…
Государственн…
Население иприравненныегруппыпотребителей
Территориальн…
абс.
%
Прогноз на месяц 
Ноябрь
КПО/Отпуск из сети 
Отпуск из сети, млн. кВт.ч
Организация 
Все
Прогноз электропотребления и выручки за услуги по передаче в разрезе отраслей'

16-10-2024T08:32:56 - [TEST_STEP][PASSED] - b9 = b9.replaceAll("[^0-9]", ""): null

16-10-2024T08:32:56 - [TEST_STEP][PASSED] - println("b9:" + b9): null

16-10-2024T08:32:56 - [TEST_STEP][PASSED] - click(findTestObject("Прогноз по отраслям/Фильтр Сравнение с Стресс")): Object: 'Object Repository/Прогноз по отраслям/Фильтр Сравнение с Стресс' is clicked on

16-10-2024T08:32:56 - [MESSAGE][PASSED] - Object: 'Object Repository/Прогноз по отраслям/Фильтр Сравнение с Стресс' is clicked on

16-10-2024T08:32:56 - [TEST_STEP][PASSED] - click(findTestObject("Прогноз по отраслям/Факт прошлого года Стресс")): Object: 'Object Repository/Прогноз по отраслям/Факт прошлого года Стресс' is clicked on

16-10-2024T08:32:58 - [MESSAGE][PASSED] - Object: 'Object Repository/Прогноз по отраслям/Факт прошлого года Стресс' is clicked on

16-10-2024T08:32:58 - [TEST_STEP][PASSED] - click(findTestObject("Прогноз по отраслям/Фильтр КПО-Отпуск Стресс")): Object: 'Object Repository/Прогноз по отраслям/Фильтр КПО-Отпуск Стресс' is clicked on

16-10-2024T08:33:01 - [MESSAGE][PASSED] - Object: 'Object Repository/Прогноз по отраслям/Фильтр КПО-Отпуск Стресс' is clicked on

16-10-2024T08:33:01 - [TEST_STEP][PASSED] - click(findTestObject("Прогноз по отраслям/КПО Стресс")): Object: 'Object Repository/Прогноз по отраслям/КПО Стресс' is clicked on

16-10-2024T08:33:02 - [MESSAGE][PASSED] - Object: 'Object Repository/Прогноз по отраслям/КПО Стресс' is clicked on

16-10-2024T08:33:02 - [TEST_STEP][PASSED] - delay(25): Delayed 25 second(s)

16-10-2024T08:33:27 - [MESSAGE][PASSED] - Delayed 25 second(s)

16-10-2024T08:33:27 - [TEST_STEP][PASSED] - b10 = getText(findTestObject("Прогноз по отраслям/Виджеты дашборда")): Text of object 'Object Repository/Прогноз по отраслям/Виджеты дашборда' is: 'Год 
2023 год
Сравнение с 
Факт прошлого года
Отклонения по ПАО Россети на 2023 год
0.0 0.0
646.5 646.5
341.1 341.1
-2 455.6 -2 455.6
245.6 245.6
-1 796.0 -1 796.0
676.2 676.2
452.4 452.4
1 386.2 1 386.2
527.5 527.5
-1 130.4 -1 130.4
-128.7 -128.7
⬤ Отклонение, млн. кВт.ч
Интер РАО (для ФСК)
Промышленные потребители
Транспорт
Нефтедобыча
Нефтепереработка
Нефтепроводы
Газопроводы
Сельское хозяйство и пищевая про…
Непромышленные потребители
Государственные (муниципальные…
Население и приравненные группы…
Территориальные сетевые организ…
Выручка отклонения по ПАО Россети на 2023 год
421.3 421.3
45 574.9 45 574.9
9 547.5 9 547.5
4 889.3 4 889.3
2 337.4 2 337.4
-1 682.6 -1 682.6
2 919.4 2 919.4
7 110.2 7 110.2
19 840.8 19 840.8
7 289.5 7 289.5
23 664.8 23 664.8
31 028.3 31 028.3
⬤ Отклонение, млн. руб
Интер РАО (для ФСК)
Промышленные потребители
Транспорт
Нефтедобыча
Нефтепереработка
Нефтепроводы
Газопроводы
Сельское хозяйство и пищевая про…
Непромышленные потребители
Государственные (муниципальные…
Население и приравненные группы…
Территориальные сетевые организ…
Динамика электропотребления, млрд. кВт.ч., по ПАО Россети на 2023 год
0 0
120 120
38 38
41 41
8 8
10 10
0 0
19 19
77 77
25 25
122 122
61 61
0 0
120 120
39 39
39 39
8 8
8 8
1 1
20 20
78 78
26 26
121 121
60 60
Факт прошлого года
Ожидаемое (прогноз до конца года)
Интер РАО(для ФСК)
Промышленныепотребители
Транспорт
Нефтедобыча
Нефтеперераб…
Нефтепроводы
Газопроводы
Сельское хозя…
Непромышлен…
Государственн…
Население иприравненныегруппыпотребителей
Территориальн…
Выручка, млрд. руб, по ПАО Россети на 2023 год
5 5
285 285
72 72
72 72
18 18
22 22
0 0
50 50
201 201
61 61
190 190
227 227
6 6
331 331
82 82
77 77
20 20
20 20
3 3
57 57
220 220
68 68
214 214
258 258
Факт прошлого года
Ожидаемое (прогноз до конца года)
Интер РАО(для ФСК)
Промышленныепотребители
Транспорт
Нефтедобыча
Нефтеперераб…
Нефтепроводы
Газопроводы
Сельское хозя…
Непромышлен…
Государственн…
Население иприравненныегруппыпотребителей
Территориальн…
абс.
%
Прогноз на месяц 
Ноябрь
КПО/Отпуск из сети 
Котловой полезный отпуск, млн. кВт.ч
Организация 
Все
Прогноз электропотребления и выручки за услуги по передаче в разрезе отраслей'

16-10-2024T08:33:27 - [MESSAGE][PASSED] - Text of object 'Object Repository/Прогноз по отраслям/Виджеты дашборда' is: 'Год 
2023 год
Сравнение с 
Факт прошлого года
Отклонения по ПАО Россети на 2023 год
0.0 0.0
646.5 646.5
341.1 341.1
-2 455.6 -2 455.6
245.6 245.6
-1 796.0 -1 796.0
676.2 676.2
452.4 452.4
1 386.2 1 386.2
527.5 527.5
-1 130.4 -1 130.4
-128.7 -128.7
⬤ Отклонение, млн. кВт.ч
Интер РАО (для ФСК)
Промышленные потребители
Транспорт
Нефтедобыча
Нефтепереработка
Нефтепроводы
Газопроводы
Сельское хозяйство и пищевая про…
Непромышленные потребители
Государственные (муниципальные…
Население и приравненные группы…
Территориальные сетевые организ…
Выручка отклонения по ПАО Россети на 2023 год
421.3 421.3
45 574.9 45 574.9
9 547.5 9 547.5
4 889.3 4 889.3
2 337.4 2 337.4
-1 682.6 -1 682.6
2 919.4 2 919.4
7 110.2 7 110.2
19 840.8 19 840.8
7 289.5 7 289.5
23 664.8 23 664.8
31 028.3 31 028.3
⬤ Отклонение, млн. руб
Интер РАО (для ФСК)
Промышленные потребители
Транспорт
Нефтедобыча
Нефтепереработка
Нефтепроводы
Газопроводы
Сельское хозяйство и пищевая про…
Непромышленные потребители
Государственные (муниципальные…
Население и приравненные группы…
Территориальные сетевые организ…
Динамика электропотребления, млрд. кВт.ч., по ПАО Россети на 2023 год
0 0
120 120
38 38
41 41
8 8
10 10
0 0
19 19
77 77
25 25
122 122
61 61
0 0
120 120
39 39
39 39
8 8
8 8
1 1
20 20
78 78
26 26
121 121
60 60
Факт прошлого года
Ожидаемое (прогноз до конца года)
Интер РАО(для ФСК)
Промышленныепотребители
Транспорт
Нефтедобыча
Нефтеперераб…
Нефтепроводы
Газопроводы
Сельское хозя…
Непромышлен…
Государственн…
Население иприравненныегруппыпотребителей
Территориальн…
Выручка, млрд. руб, по ПАО Россети на 2023 год
5 5
285 285
72 72
72 72
18 18
22 22
0 0
50 50
201 201
61 61
190 190
227 227
6 6
331 331
82 82
77 77
20 20
20 20
3 3
57 57
220 220
68 68
214 214
258 258
Факт прошлого года
Ожидаемое (прогноз до конца года)
Интер РАО(для ФСК)
Промышленныепотребители
Транспорт
Нефтедобыча
Нефтеперераб…
Нефтепроводы
Газопроводы
Сельское хозя…
Непромышлен…
Государственн…
Население иприравненныегруппыпотребителей
Территориальн…
абс.
%
Прогноз на месяц 
Ноябрь
КПО/Отпуск из сети 
Котловой полезный отпуск, млн. кВт.ч
Организация 
Все
Прогноз электропотребления и выручки за услуги по передаче в разрезе отраслей'

16-10-2024T08:33:27 - [TEST_STEP][PASSED] - b10 = b10.replaceAll("[^0-9]", ""): null

16-10-2024T08:33:27 - [TEST_STEP][PASSED] - println("b10:" + b10): null

16-10-2024T08:33:27 - [TEST_STEP][PASSED] - click(findTestObject("Прогноз по отраслям/Фильтр Сравнение с Стресс")): Object: 'Object Repository/Прогноз по отраслям/Фильтр Сравнение с Стресс' is clicked on

16-10-2024T08:33:28 - [MESSAGE][PASSED] - Object: 'Object Repository/Прогноз по отраслям/Фильтр Сравнение с Стресс' is clicked on

16-10-2024T08:33:28 - [TEST_STEP][PASSED] - click(findTestObject("Прогноз по отраслям/План Стресс")): Object: 'Object Repository/Прогноз по отраслям/План Стресс' is clicked on

16-10-2024T08:33:29 - [MESSAGE][PASSED] - Object: 'Object Repository/Прогноз по отраслям/План Стресс' is clicked on

16-10-2024T08:33:29 - [TEST_STEP][PASSED] - delay(25): Delayed 25 second(s)

16-10-2024T08:33:54 - [MESSAGE][PASSED] - Delayed 25 second(s)

16-10-2024T08:33:54 - [TEST_STEP][PASSED] - b11 = getText(findTestObject("Прогноз по отраслям/Виджеты дашборда")): Text of object 'Object Repository/Прогноз по отраслям/Виджеты дашборда' is: 'Год 
2023 год
Сравнение с 
План
Отклонения по ПАО Россети на 2023 год
0.0 0.0
1 471.7 1 471.7
1 186.5 1 186.5
32 445.2 32 445.2
1 268.3 1 268.3
349.4 349.4
84.3 84.3
239.8 239.8
2 969.4 2 969.4
589.2 589.2
-1 798.4 -1 798.4
5 359.3 5 359.3
⬤ Отклонение, млн. кВт.ч
Интер РАО (для ФСК)
Промышленные потребители
Транспорт
Нефтедобыча
Нефтепереработка
Нефтепроводы
Газопроводы
Сельское хозяйство и пищевая про…
Непромышленные потребители
Государственные (муниципальные…
Население и приравненные группы…
Территориальные сетевые организ…
Выручка отклонения по ПАО Россети на 2023 год
794.9 794.9
12 195.0 12 195.0
972.7 972.7
61 803.9 61 803.9
4 222.3 4 222.3
-121.8 -121.8
666.2 666.2
873.2 873.2
5 809.6 5 809.6
1 342.6 1 342.6
-4 463.2 -4 463.2
18 375.5 18 375.5
⬤ Отклонение, млн. руб
Интер РАО (для ФСК)
Промышленные потребители
Транспорт
Нефтедобыча
Нефтепереработка
Нефтепроводы
Газопроводы
Сельское хозяйство и пищевая про…
Непромышленные потребители
Государственные (муниципальные…
Население и приравненные группы…
Территориальные сетевые организ…
Динамика электропотребления, млрд. кВт.ч., по ПАО Россети на 2023 год
0 0
119 119
37 37
7 7
7 7
8 8
1 1
19 19
75 75
25 25
123 123
55 55
0 0
120 120
39 39
39 39
8 8
8 8
1 1
20 20
78 78
26 26
121 121
60 60
План
Ожидаемое (прогноз до конца года)
Интер РАО(для ФСК)
Промышленныепотребители
Транспорт
Нефтедобыча
Нефтеперераб…
Нефтепроводы
Газопроводы
Сельское хозя…
Непромышлен…
Государственн…
Население иприравненныегруппыпотребителей
Территориальн…
Выручка, млрд. руб, по ПАО Россети на 2023 год
5 5
319 319
81 81
16 16
16 16
20 20
2 2
56 56
215 215
67 67
218 218
239 239
6 6
331 331
82 82
77 77
20 20
20 20
3 3
57 57
220 220
68 68
214 214
258 258
План
Ожидаемое (прогноз до конца года)
Интер РАО(для ФСК)
Промышленныепотребители
Транспорт
Нефтедобыча
Нефтеперераб…
Нефтепроводы
Газопроводы
Сельское хозя…
Непромышлен…
Государственн…
Население иприравненныегруппыпотребителей
Территориальн…
абс.
%
Прогноз на месяц 
Ноябрь
КПО/Отпуск из сети 
Котловой полезный отпуск, млн. кВт.ч
Организация 
Все
Прогноз электропотребления и выручки за услуги по передаче в разрезе отраслей'

16-10-2024T08:33:55 - [MESSAGE][PASSED] - Text of object 'Object Repository/Прогноз по отраслям/Виджеты дашборда' is: 'Год 
2023 год
Сравнение с 
План
Отклонения по ПАО Россети на 2023 год
0.0 0.0
1 471.7 1 471.7
1 186.5 1 186.5
32 445.2 32 445.2
1 268.3 1 268.3
349.4 349.4
84.3 84.3
239.8 239.8
2 969.4 2 969.4
589.2 589.2
-1 798.4 -1 798.4
5 359.3 5 359.3
⬤ Отклонение, млн. кВт.ч
Интер РАО (для ФСК)
Промышленные потребители
Транспорт
Нефтедобыча
Нефтепереработка
Нефтепроводы
Газопроводы
Сельское хозяйство и пищевая про…
Непромышленные потребители
Государственные (муниципальные…
Население и приравненные группы…
Территориальные сетевые организ…
Выручка отклонения по ПАО Россети на 2023 год
794.9 794.9
12 195.0 12 195.0
972.7 972.7
61 803.9 61 803.9
4 222.3 4 222.3
-121.8 -121.8
666.2 666.2
873.2 873.2
5 809.6 5 809.6
1 342.6 1 342.6
-4 463.2 -4 463.2
18 375.5 18 375.5
⬤ Отклонение, млн. руб
Интер РАО (для ФСК)
Промышленные потребители
Транспорт
Нефтедобыча
Нефтепереработка
Нефтепроводы
Газопроводы
Сельское хозяйство и пищевая про…
Непромышленные потребители
Государственные (муниципальные…
Население и приравненные группы…
Территориальные сетевые организ…
Динамика электропотребления, млрд. кВт.ч., по ПАО Россети на 2023 год
0 0
119 119
37 37
7 7
7 7
8 8
1 1
19 19
75 75
25 25
123 123
55 55
0 0
120 120
39 39
39 39
8 8
8 8
1 1
20 20
78 78
26 26
121 121
60 60
План
Ожидаемое (прогноз до конца года)
Интер РАО(для ФСК)
Промышленныепотребители
Транспорт
Нефтедобыча
Нефтеперераб…
Нефтепроводы
Газопроводы
Сельское хозя…
Непромышлен…
Государственн…
Население иприравненныегруппыпотребителей
Территориальн…
Выручка, млрд. руб, по ПАО Россети на 2023 год
5 5
319 319
81 81
16 16
16 16
20 20
2 2
56 56
215 215
67 67
218 218
239 239
6 6
331 331
82 82
77 77
20 20
20 20
3 3
57 57
220 220
68 68
214 214
258 258
План
Ожидаемое (прогноз до конца года)
Интер РАО(для ФСК)
Промышленныепотребители
Транспорт
Нефтедобыча
Нефтеперераб…
Нефтепроводы
Газопроводы
Сельское хозя…
Непромышлен…
Государственн…
Население иприравненныегруппыпотребителей
Территориальн…
абс.
%
Прогноз на месяц 
Ноябрь
КПО/Отпуск из сети 
Котловой полезный отпуск, млн. кВт.ч
Организация 
Все
Прогноз электропотребления и выручки за услуги по передаче в разрезе отраслей'

16-10-2024T08:33:55 - [TEST_STEP][PASSED] - println("b11:" + b11): null

16-10-2024T08:33:55 - [TEST_STEP][PASSED] - b11 = b11.replaceAll("[^0-9]", ""): null

16-10-2024T08:33:55 - [TEST_STEP][PASSED] - println("b11:" + b11): null

16-10-2024T08:33:55 - [TEST_STEP][PASSED] - click(findTestObject("Прогноз по отраслям/Фильтр Сравнение с Стресс")): Object: 'Object Repository/Прогноз по отраслям/Фильтр Сравнение с Стресс' is clicked on

16-10-2024T08:33:55 - [MESSAGE][PASSED] - Object: 'Object Repository/Прогноз по отраслям/Фильтр Сравнение с Стресс' is clicked on

16-10-2024T08:33:55 - [TEST_STEP][PASSED] - click(findTestObject("Прогноз по отраслям/План СУ Стресс")): Object: 'Object Repository/Прогноз по отраслям/План СУ Стресс' is clicked on

16-10-2024T08:33:56 - [MESSAGE][PASSED] - Object: 'Object Repository/Прогноз по отраслям/План СУ Стресс' is clicked on

16-10-2024T08:33:56 - [TEST_STEP][PASSED] - delay(25): Delayed 25 second(s)

16-10-2024T08:34:21 - [MESSAGE][PASSED] - Delayed 25 second(s)

16-10-2024T08:34:21 - [TEST_STEP][PASSED] - b12 = getText(findTestObject("Прогноз по отраслям/Виджеты дашборда")): Text of object 'Object Repository/Прогноз по отраслям/Виджеты дашборда' is: 'Год 
2023 год
Сравнение с 
План/СУ
Отклонения по ПАО Россети на 2023 год
0.0 0.0
120 322.6 120 322.6
38 655.4 38 655.4
39 037.8 39 037.8
8 291.7 8 291.7
8 259.5 8 259.5
793.1 793.1
19 706.6 19 706.6
78 310.2 78 310.2
25 579.5 25 579.5
121 219.7 121 219.7
60 414.9 60 414.9
⬤ Отклонение, млн. кВт.ч
Интер РАО (для ФСК)
Промышленные потребители
Транспорт
Нефтедобыча
Нефтепереработка
Нефтепроводы
Газопроводы
Сельское хозяйство и пищевая про…
Непромышленные потребители
Государственные (муниципальные…
Население и приравненные группы…
Территориальные сетевые организ…
Выручка отклонения по ПАО Россети на 2023 год
⬤ Отклонение, млн. руб
Интер РАО (для ФСК)
Промышленные потребители
Транспорт
Нефтедобыча
Нефтепереработка
Нефтепроводы
Газопроводы
Сельское хозяйство и пищевая про…
Непромышленные потребители
Государственные (муниципальные…
Население и приравненные группы…
Территориальные сетевые организ…
Динамика электропотребления, млрд. кВт.ч., по ПАО Россети на 2023 год
0 0
0 0
0 0
0 0
0 0
0 0
0 0
0 0
0 0
0 0
0 0
0 0
0 0
120 120
39 39
39 39
8 8
8 8
1 1
20 20
78 78
26 26
121 121
60 60
СУ
Ожидаемое (прогноз до конца года)
Интер РАО(для ФСК)
Промышленныепотребители
Транспорт
Нефтедобыча
Нефтеперераб…
Нефтепроводы
Газопроводы
Сельское хозя…
Непромышлен…
Государственн…
Население иприравненныегруппыпотребителей
Территориальн…
Выручка, млрд. руб, по ПАО Россети на 2023 год
6 6
331 331
82 82
77 77
20 20
20 20
3 3
57 57
220 220
68 68
214 214
258 258
Ожидаемое (прогноз до конца года)
Интер РАО(для ФСК)
Промышленныепотребители
Транспорт
Нефтедобыча
Нефтеперераб…
Нефтепроводы
Газопроводы
Сельское хозя…
Непромышлен…
Государственн…
Население иприравненныегруппыпотребителей
Территориальн…
абс.
%
Прогноз на месяц 
Ноябрь
КПО/Отпуск из сети 
Котловой полезный отпуск, млн. кВт.ч
Организация 
Все
Прогноз электропотребления и выручки за услуги по передаче в разрезе отраслей'

16-10-2024T08:34:22 - [MESSAGE][PASSED] - Text of object 'Object Repository/Прогноз по отраслям/Виджеты дашборда' is: 'Год 
2023 год
Сравнение с 
План/СУ
Отклонения по ПАО Россети на 2023 год
0.0 0.0
120 322.6 120 322.6
38 655.4 38 655.4
39 037.8 39 037.8
8 291.7 8 291.7
8 259.5 8 259.5
793.1 793.1
19 706.6 19 706.6
78 310.2 78 310.2
25 579.5 25 579.5
121 219.7 121 219.7
60 414.9 60 414.9
⬤ Отклонение, млн. кВт.ч
Интер РАО (для ФСК)
Промышленные потребители
Транспорт
Нефтедобыча
Нефтепереработка
Нефтепроводы
Газопроводы
Сельское хозяйство и пищевая про…
Непромышленные потребители
Государственные (муниципальные…
Население и приравненные группы…
Территориальные сетевые организ…
Выручка отклонения по ПАО Россети на 2023 год
⬤ Отклонение, млн. руб
Интер РАО (для ФСК)
Промышленные потребители
Транспорт
Нефтедобыча
Нефтепереработка
Нефтепроводы
Газопроводы
Сельское хозяйство и пищевая про…
Непромышленные потребители
Государственные (муниципальные…
Население и приравненные группы…
Территориальные сетевые организ…
Динамика электропотребления, млрд. кВт.ч., по ПАО Россети на 2023 год
0 0
0 0
0 0
0 0
0 0
0 0
0 0
0 0
0 0
0 0
0 0
0 0
0 0
120 120
39 39
39 39
8 8
8 8
1 1
20 20
78 78
26 26
121 121
60 60
СУ
Ожидаемое (прогноз до конца года)
Интер РАО(для ФСК)
Промышленныепотребители
Транспорт
Нефтедобыча
Нефтеперераб…
Нефтепроводы
Газопроводы
Сельское хозя…
Непромышлен…
Государственн…
Население иприравненныегруппыпотребителей
Территориальн…
Выручка, млрд. руб, по ПАО Россети на 2023 год
6 6
331 331
82 82
77 77
20 20
20 20
3 3
57 57
220 220
68 68
214 214
258 258
Ожидаемое (прогноз до конца года)
Интер РАО(для ФСК)
Промышленныепотребители
Транспорт
Нефтедобыча
Нефтеперераб…
Нефтепроводы
Газопроводы
Сельское хозя…
Непромышлен…
Государственн…
Население иприравненныегруппыпотребителей
Территориальн…
абс.
%
Прогноз на месяц 
Ноябрь
КПО/Отпуск из сети 
Котловой полезный отпуск, млн. кВт.ч
Организация 
Все
Прогноз электропотребления и выручки за услуги по передаче в разрезе отраслей'

16-10-2024T08:34:22 - [TEST_STEP][PASSED] - b12 = b12.replaceAll("[^0-9]", ""): null

16-10-2024T08:34:22 - [TEST_STEP][PASSED] - println("b12:" + b12): null

16-10-2024T08:34:22 - [TEST_STEP][PASSED] - if (verifyEqual(a1, b1) == true): Actual object '20232023121218618636365050101019190017178585191982826046041010197197373748481010151544181880801919828260860820235528528572727272181822220050502012016161190190227227663313318282777720202020335757220220686821421425825820231851855959363639390909207207331323313238385656131309090707202377771601601321326767133133777713315133151421429999120120124124137137' and expected object '20232023121218618636365050101019190017178585191982826046041010197197373748481010151544181880801919828260860820235528528572727272181822220050502012016161190190227227663313318282777720202020335757220220686821421425825820231851855959363639390909207207331323313238385656131309090707202377771601601321326767133133777713315133151421429999120120124124137137' are equal

16-10-2024T08:34:22 - [MESSAGE][PASSED] - Actual object '20232023121218618636365050101019190017178585191982826046041010197197373748481010151544181880801919828260860820235528528572727272181822220050502012016161190190227227663313318282777720202020335757220220686821421425825820231851855959363639390909207207331323313238385656131309090707202377771601601321326767133133777713315133151421429999120120124124137137' and expected object '20232023121218618636365050101019190017178585191982826046041010197197373748481010151544181880801919828260860820235528528572727272181822220050502012016161190190227227663313318282777720202020335757220220686821421425825820231851855959363639390909207207331323313238385656131309090707202377771601601321326767133133777713315133151421429999120120124124137137' are equal

16-10-2024T08:34:22 - [TEST_STEP][PASSED] - if (verifyEqual(a2, b2) == true): Actual object '202320231010190190363614149914144417178080191982825885881010197197373748481010151544181880801919828260860820235531931981811616161620202256562152156767218218239239663313318282777720202020335757220220686821421425825820234747383819192303230310910942422172173939060616161010333320231561563838121239823982269269060626926915152727202020207979' and expected object '202320231010190190363614149914144417178080191982825885881010197197373748481010151544181880801919828260860820235531931981811616161620202256562152156767218218239239663313318282777720202020335757220220686821421425825820234747383819192303230310910942422172173939060616161010333320231561563838121239823982269269060626926915152727202020207979' are equal

16-10-2024T08:34:22 - [MESSAGE][PASSED] - Actual object '202320231010190190363614149914144417178080191982825885881010197197373748481010151544181880801919828260860820235531931981811616161620202256562152156767218218239239663313318282777720202020335757220220686821421425825820234747383819192303230310910942422172173939060616161010333320231561563838121239823982269269060626926915152727202020207979' and expected object '202320231010190190363614149914144417178080191982825885881010197197373748481010151544181880801919828260860820235531931981811616161620202256562152156767218218239239663313318282777720202020335757220220686821421425825820234747383819192303230310910942422172173939060616161010333320231561563838121239823982269269060626926915152727202020207979' are equal

16-10-2024T08:34:22 - [TEST_STEP][PASSED] - if (verifyEqual(a3, b3) == true): Actual object '2023202310101861863636151599141444171788881919838359759710101971973737484810101515441818808019198282608608202366331331828277772020202033575722022068682142142582582023252559591919219121911171171919131131353587870202161618182023' and expected object '2023202310101861863636151599141444171788881919838359759710101971973737484810101515441818808019198282608608202366331331828277772020202033575722022068682142142582582023252559591919219121911171171919131131353587870202161618182023' are equal

16-10-2024T08:34:22 - [MESSAGE][PASSED] - Actual object '2023202310101861863636151599141444171788881919838359759710101971973737484810101515441818808019198282608608202366331331828277772020202033575722022068682142142582582023252559591919219121911171171919131131353587870202161618182023' and expected object '2023202310101861863636151599141444171788881919838359759710101971973737484810101515441818808019198282608608202366331331828277772020202033575722022068682142142582582023252559591919219121911171171919131131353587870202161618182023' are equal

16-10-2024T08:34:22 - [TEST_STEP][PASSED] - if (verifyEqual(a4, b4) == true): Actual object '20232023001201203838414188101000191977772525122122616100120120393939398888112020787826261211216060202355285285727272721818222200505020120161611901902272276633133182827777202020203357572202206868214214258258202305050909595931311791795784578423231818212109090202202377771601601321326767133133777713315133151421429999120120124124137137' and expected object '20232023001201203838414188101000191977772525122122616100120120393939398888112020787826261211216060202355285285727272721818222200505020120161611901902272276633133182827777202020203357572202206868214214258258202305050909595931311791795784578423231818212109090202202377771601601321326767133133777713315133151421429999120120124124137137' are equal

16-10-2024T08:34:22 - [MESSAGE][PASSED] - Actual object '20232023001201203838414188101000191977772525122122616100120120393939398888112020787826261211216060202355285285727272721818222200505020120161611901902272276633133182827777202020203357572202206868214214258258202305050909595931311791795784578423231818212109090202202377771601601321326767133133777713315133151421429999120120124124137137' and expected object '20232023001201203838414188101000191977772525122122616100120120393939398888112020787826261211216060202355285285727272721818222200505020120161611901902272276633133182827777202020203357572202206868214214258258202305050909595931311791795784578423231818212109090202202377771601601321326767133133777713315133151421429999120120124124137137' are equal

16-10-2024T08:34:22 - [TEST_STEP][PASSED] - if (verifyEqual(a5, b5) == true): Actual object '20232023001191193737777788111919757525251231235555001201203939393988881120207878262612112160602023553193198181161616162020225656215215676721821823923966331331828277772020202033575722022068682142142582582023121232324921492118118144441191191212414124241414979720231561563838121239823982269269060626926915152727202020207979' and expected object '20232023001191193737777788111919757525251231235555001201203939393988881120207878262612112160602023553193198181161616162020225656215215676721821823923966331331828277772020202033575722022068682142142582582023121232324921492118118144441191191212414124241414979720231561563838121239823982269269060626926915152727202020207979' are equal

16-10-2024T08:34:22 - [MESSAGE][PASSED] - Actual object '20232023001191193737777788111919757525251231235555001201203939393988881120207878262612112160602023553193198181161616162020225656215215676721821823923966331331828277772020202033575722022068682142142582582023121232324921492118118144441191191212414124241414979720231561563838121239823982269269060626926915152727202020207979' and expected object '20232023001191193737777788111919757525251231235555001201203939393988881120207878262612112160602023553193198181161616162020225656215215676721821823923966331331828277772020202033575722022068682142142582582023121232324921492118118144441191191212414124241414979720231561563838121239823982269269060626926915152727202020207979' are equal

16-10-2024T08:34:22 - [TEST_STEP][PASSED] - if (verifyEqual(a6, b6) == true): Actual object '20232023000000000000000000000000001201203939393988881120207878262612112160602023663313318282777720202020335757220220686821421425825820232023' and expected object '20232023000000000000000000000000001201203939393988881120207878262612112160602023663313318282777720202020335757220220686821421425825820232023' are equal

16-10-2024T08:34:22 - [MESSAGE][PASSED] - Actual object '20232023000000000000000000000000001201203939393988881120207878262612112160602023663313318282777720202020335757220220686821421425825820232023' and expected object '20232023000000000000000000000000001201203939393988881120207878262612112160602023663313318282777720202020335757220220686821421425825820232023' are equal

16-10-2024T08:34:22 - [TEST_STEP][PASSED] - if (verifyEqual(a7, b7) == true): Actual object '202320232263522635110546110546128021280219475194759099093845038450416214162165176517472774727725652565723972394292342923202342134213455749455749954759547548893488932337423374168261682629194291947110271102198408198408728957289523664823664831028331028320231212186186363650501010191900171785851919828260460410101971973737484810101515441818808019198282608608202355285285727272721818222200505020120161611901902272276633133182827777202020203357572202206868214214258258' and expected object '202320232263522635110546110546128021280219475194759099093845038450416214162165176517472774727725652565723972394292342923202342134213455749455749954759547548893488932337423374168261682629194291947110271102198408198408728957289523664823664831028331028320231212186186363650501010191900171785851919828260460410101971973737484810101515441818808019198282608608202355285285727272721818222200505020120161611901902272276633133182827777202020203357572202206868214214258258' are equal

16-10-2024T08:34:22 - [MESSAGE][PASSED] - Actual object '202320232263522635110546110546128021280219475194759099093845038450416214162165176517472774727725652565723972394292342923202342134213455749455749954759547548893488932337423374168261682629194291947110271102198408198408728957289523664823664831028331028320231212186186363650501010191900171785851919828260460410101971973737484810101515441818808019198282608608202355285285727272721818222200505020120161611901902272276633133182827777202020203357572202206868214214258258' and expected object '202320232263522635110546110546128021280219475194759099093845038450416214162165176517472774727725652565723972394292342923202342134213455749455749954759547548893488932337423374168261682629194291947110271102198408198408728957289523664823664831028331028320231212186186363650501010191900171785851919828260460410101971973737484810101515441818808019198282608608202355285285727272721818222200505020120161611901902272276633133182827777202020203357572202206868214214258258' are equal

16-10-2024T08:34:22 - [TEST_STEP][PASSED] - if (verifyEqual(a8, b8) == true): Actual object '202320234922492271651716516893689333271733271798649864593859387640764067046704592459243088308894099409196041196041202379497949121950121950972797276180396180394222342223121812186662666287328732580965809613426134264463244632183755183755202310101901903636141499141444171780801919828258858810101971973737484810101515441818808019198282608608202355319319818116161616202022565621521567672182182392396633133182827777202020203357572202206868214214258258' and expected object '202320234922492271651716516893689333271733271798649864593859387640764067046704592459243088308894099409196041196041202379497949121950121950972797276180396180394222342223121812186662666287328732580965809613426134264463244632183755183755202310101901903636141499141444171780801919828258858810101971973737484810101515441818808019198282608608202355319319818116161616202022565621521567672182182392396633133182827777202020203357572202206868214214258258' are equal

16-10-2024T08:34:22 - [MESSAGE][PASSED] - Actual object '202320234922492271651716516893689333271733271798649864593859387640764067046704592459243088308894099409196041196041202379497949121950121950972797276180396180394222342223121812186662666287328732580965809613426134264463244632183755183755202310101901903636141499141444171780801919828258858810101971973737484810101515441818808019198282608608202355319319818116161616202022565621521567672182182392396633133182827777202020203357572202206868214214258258' and expected object '202320234922492271651716516893689333271733271798649864593859387640764067046704592459243088308894099409196041196041202379497949121950121950972797276180396180394222342223121812186662666287328732580965809613426134264463244632183755183755202310101901903636141499141444171780801919828258858810101971973737484810101515441818808019198282608608202355319319818116161616202022565621521567672182182392396633133182827777202020203357572202206868214214258258' are equal

16-10-2024T08:34:22 - [TEST_STEP][PASSED] - if (verifyEqual(a9, b9) == true): Actual object '202320232435243511013511013567486748327653327653104941049427182718495249525887588776077760773193191318113181109065109065202320231010186186363615159914144417178888191983835975971010197197373748481010151544181880801919828260860820236633133182827777202020203357572202206868214214258258' and expected object '202320232435243511013511013567486748327653327653104941049427182718495249525887588776077760773193191318113181109065109065202320231010186186363615159914144417178888191983835975971010197197373748481010151544181880801919828260860820236633133182827777202020203357572202206868214214258258' are equal

16-10-2024T08:34:22 - [MESSAGE][PASSED] - Actual object '202320232435243511013511013567486748327653327653104941049427182718495249525887588776077760773193191318113181109065109065202320231010186186363615159914144417178888191983835975971010197197373748481010151544181880801919828260860820236633133182827777202020203357572202206868214214258258' and expected object '202320232435243511013511013567486748327653327653104941049427182718495249525887588776077760773193191318113181109065109065202320231010186186363615159914144417178888191983835975971010197197373748481010151544181880801919828260860820236633133182827777202020203357572202206868214214258258' are equal

16-10-2024T08:34:22 - [TEST_STEP][PASSED] - if (verifyEqual(a10, b10) == true): Actual object '20232023000064656465341134112455624556245624561796017960676267624524452413862138625275527511304113041287128720234213421345574945574995475954754889348893233742337416826168262919429194711027110219840819840872895728952366482366483102833102832023001201203838414188101000191977772525122122616100120120393939398888112020787826261211216060202355285285727272721818222200505020120161611901902272276633133182827777202020203357572202206868214214258258' and expected object '20232023000064656465341134112455624556245624561796017960676267624524452413862138625275527511304113041287128720234213421345574945574995475954754889348893233742337416826168262919429194711027110219840819840872895728952366482366483102833102832023001201203838414188101000191977772525122122616100120120393939398888112020787826261211216060202355285285727272721818222200505020120161611901902272276633133182827777202020203357572202206868214214258258' are equal

16-10-2024T08:34:22 - [MESSAGE][PASSED] - Actual object '20232023000064656465341134112455624556245624561796017960676267624524452413862138625275527511304113041287128720234213421345574945574995475954754889348893233742337416826168262919429194711027110219840819840872895728952366482366483102833102832023001201203838414188101000191977772525122122616100120120393939398888112020787826261211216060202355285285727272721818222200505020120161611901902272276633133182827777202020203357572202206868214214258258' and expected object '20232023000064656465341134112455624556245624561796017960676267624524452413862138625275527511304113041287128720234213421345574945574995475954754889348893233742337416826168262919429194711027110219840819840872895728952366482366483102833102832023001201203838414188101000191977772525122122616100120120393939398888112020787826261211216060202355285285727272721818222200505020120161611901902272276633133182827777202020203357572202206868214214258258' are equal

16-10-2024T08:34:22 - [TEST_STEP][PASSED] - if (verifyEqual(a11, b11) == true): Actual object '202320230000147171471711865118653244523244521268312683349434948438432398239829694296945892589217984179845359353593202379497949121950121950972797276180396180394222342223121812186662666287328732580965809613426134264463244632183755183755202300119119373777778811191975752525123123555500120120393939398888112020787826261211216060202355319319818116161616202022565621521567672182182392396633133182827777202020203357572202206868214214258258' and expected object '202320230000147171471711865118653244523244521268312683349434948438432398239829694296945892589217984179845359353593202379497949121950121950972797276180396180394222342223121812186662666287328732580965809613426134264463244632183755183755202300119119373777778811191975752525123123555500120120393939398888112020787826261211216060202355319319818116161616202022565621521567672182182392396633133182827777202020203357572202206868214214258258' are equal

16-10-2024T08:34:22 - [MESSAGE][PASSED] - Actual object '202320230000147171471711865118653244523244521268312683349434948438432398239829694296945892589217984179845359353593202379497949121950121950972797276180396180394222342223121812186662666287328732580965809613426134264463244632183755183755202300119119373777778811191975752525123123555500120120393939398888112020787826261211216060202355319319818116161616202022565621521567672182182392396633133182827777202020203357572202206868214214258258' and expected object '202320230000147171471711865118653244523244521268312683349434948438432398239829694296945892589217984179845359353593202379497949121950121950972797276180396180394222342223121812186662666287328732580965809613426134264463244632183755183755202300119119373777778811191975752525123123555500120120393939398888112020787826261211216060202355319319818116161616202022565621521567672182182392396633133182827777202020203357572202206868214214258258' are equal

16-10-2024T08:34:22 - [TEST_STEP][PASSED] - if (verifyEqual(a12, b12) == true): Actual object '20232023000012032261203226386554386554390378390378829178291782595825957931793119706619706678310278310225579525579512121971212197604149604149202320230000000000000000000000000012012039393939888811202078782626121121606020236633133182827777202020203357572202206868214214258258' and expected object '20232023000012032261203226386554386554390378390378829178291782595825957931793119706619706678310278310225579525579512121971212197604149604149202320230000000000000000000000000012012039393939888811202078782626121121606020236633133182827777202020203357572202206868214214258258' are equal

16-10-2024T08:34:22 - [MESSAGE][PASSED] - Actual object '20232023000012032261203226386554386554390378390378829178291782595825957931793119706619706678310278310225579525579512121971212197604149604149202320230000000000000000000000000012012039393939888811202078782626121121606020236633133182827777202020203357572202206868214214258258' and expected object '20232023000012032261203226386554386554390378390378829178291782595825957931793119706619706678310278310225579525579512121971212197604149604149202320230000000000000000000000000012012039393939888811202078782626121121606020236633133182827777202020203357572202206868214214258258' are equal

16-10-2024T08:34:22 - [TEST_STEP][PASSED] - closeBrowser(): Browser is closed

16-10-2024T08:34:22 - [MESSAGE][PASSED] - Browser is closed]]></system-out>
         <system-err><![CDATA[]]></system-err>
      </testcase>
      <testcase name="Test Cases/Сверки дашбордов/Факторный анализ сверка дашбордов" time="206.394" classname="Test Cases/Сверки дашбордов/Факторный анализ сверка дашбордов" status="FAILED">
         <failure type="FAILED" message="Test Cases/Сверки дашбордов/Факторный анализ сверка дашбордов FAILED.&#xa;Reason:&#xa;com.kms.katalon.core.exception.StepFailedException: Unable to verify equal between actual object '-292398' and expected object '34997' (Root cause: com.kms.katalon.core.exception.StepFailedException: Actual object '-292398' and expected object '34997' are not equal&#xa;	at com.kms.katalon.core.keyword.builtin.VerifyEqualKeyword$_verifyEqual_closure1.doCall(VerifyEqualKeyword.groovy:58)&#xa;	at com.kms.katalon.core.keyword.builtin.VerifyEqualKeyword$_verifyEqual_closure1.call(VerifyEqualKeyword.groovy)&#xa;	at com.kms.katalon.core.keyword.internal.KeywordMain.runKeyword(KeywordMain.groovy:75)&#xa;	at com.kms.katalon.core.keyword.builtin.VerifyEqualKeyword.verifyEqual(VerifyEqualKeyword.groovy:63)&#xa;	at com.kms.katalon.core.keyword.builtin.VerifyEqualKeyword.execute(VerifyEqualKeyword.groovy:44)&#xa;	at com.kms.katalon.core.keyword.internal.KeywordExecutor.executeKeywordForPlatform(KeywordExecutor.groovy:74)&#xa;	at com.kms.katalon.core.keyword.BuiltinKeywords.verifyEqual(BuiltinKeywords.groovy:146)&#xa;	at jdk.internal.reflect.GeneratedMethodAccessor25.invoke(Unknown Source)&#xa;	at java.base/jdk.internal.reflect.DelegatingMethodAccessorImpl.invoke(DelegatingMethodAccessorImpl.java:43)&#xa;	at Факторный анализ сверка дашбордов.Compare(Факторный анализ сверка дашбордов:668)&#xa;	at Факторный анализ сверка дашбордов.Test(Факторный анализ сверка дашбордов:432)&#xa;	at Факторный анализ сверка дашбордов.run(Факторный анализ сверка дашбордов:44)&#xa;	at com.kms.katalon.core.main.ScriptEngine.run(ScriptEngine.java:194)&#xa;	at com.kms.katalon.core.main.ScriptEngine.runScriptAsRawText(ScriptEngine.java:119)&#xa;	at com.kms.katalon.core.main.TestCaseExecutor.runScript(TestCaseExecutor.java:448)&#xa;	at com.kms.katalon.core.main.TestCaseExecutor.doExecute(TestCaseExecutor.java:439)&#xa;	at com.kms.katalon.core.main.TestCaseExecutor.processExecutionPhase(TestCaseExecutor.java:418)&#xa;	at com.kms.katalon.core.main.TestCaseExecutor.accessMainPhase(TestCaseExecutor.java:410)&#xa;	at com.kms.katalon.core.main.TestCaseExecutor.execute(TestCaseExecutor.java:285)&#xa;	at com.kms.katalon.core.common.CommonExecutor.accessTestCaseMainPhase(CommonExecutor.java:65)&#xa;	at com.kms.katalon.core.main.TestSuiteExecutor.accessTestSuiteMainPhase(TestSuiteExecutor.java:150)&#xa;	at com.kms.katalon.core.main.TestSuiteExecutor.execute(TestSuiteExecutor.java:106)&#xa;	at com.kms.katalon.core.main.TestCaseMain.startTestSuite(TestCaseMain.java:180)&#xa;	at TempTestSuite1729050801829.run(TempTestSuite1729050801829.groovy:35)&#xa;	at java.base/jdk.internal.reflect.NativeMethodAccessorImpl.invoke0(Native Method)&#xa;	at java.base/jdk.internal.reflect.NativeMethodAccessorImpl.invoke(NativeMethodAccessorImpl.java:77)&#xa;	at java.base/jdk.internal.reflect.DelegatingMethodAccessorImpl.invoke(DelegatingMethodAccessorImpl.java:43)&#xa;)&#xa;	at com.kms.katalon.core.keyword.internal.KeywordMain.stepFailed(KeywordMain.groovy:39)&#xa;	at com.kms.katalon.core.keyword.internal.KeywordMain.stepFailed(KeywordMain.groovy)&#xa;	at com.kms.katalon.core.keyword.internal.KeywordMain.runKeyword(KeywordMain.groovy:77)&#xa;	at com.kms.katalon.core.keyword.builtin.VerifyEqualKeyword.verifyEqual(VerifyEqualKeyword.groovy:63)&#xa;	at com.kms.katalon.core.keyword.builtin.VerifyEqualKeyword.execute(VerifyEqualKeyword.groovy:44)&#xa;	at com.kms.katalon.core.keyword.internal.KeywordExecutor.executeKeywordForPlatform(KeywordExecutor.groovy:74)&#xa;	at com.kms.katalon.core.keyword.BuiltinKeywords.verifyEqual(BuiltinKeywords.groovy:146)&#xa;	at jdk.internal.reflect.GeneratedMethodAccessor25.invoke(Unknown Source)&#xa;	at java.base/jdk.internal.reflect.DelegatingMethodAccessorImpl.invoke(DelegatingMethodAccessorImpl.java:43)&#xa;	at Факторный анализ сверка дашбордов.Compare(Факторный анализ сверка дашбордов:668)&#xa;	at Факторный анализ сверка дашбордов.Test(Факторный анализ сверка дашбордов:432)&#xa;	at Факторный анализ сверка дашбордов.run(Факторный анализ сверка дашбордов:44)&#xa;	at com.kms.katalon.core.main.ScriptEngine.run(ScriptEngine.java:194)&#xa;	at com.kms.katalon.core.main.ScriptEngine.runScriptAsRawText(ScriptEngine.java:119)&#xa;	at com.kms.katalon.core.main.TestCaseExecutor.runScript(TestCaseExecutor.java:448)&#xa;	at com.kms.katalon.core.main.TestCaseExecutor.doExecute(TestCaseExecutor.java:439)&#xa;	at com.kms.katalon.core.main.TestCaseExecutor.processExecutionPhase(TestCaseExecutor.java:418)&#xa;	at com.kms.katalon.core.main.TestCaseExecutor.accessMainPhase(TestCaseExecutor.java:410)&#xa;	at com.kms.katalon.core.main.TestCaseExecutor.execute(TestCaseExecutor.java:285)&#xa;	at com.kms.katalon.core.common.CommonExecutor.accessTestCaseMainPhase(CommonExecutor.java:65)&#xa;	at com.kms.katalon.core.main.TestSuiteExecutor.accessTestSuiteMainPhase(TestSuiteExecutor.java:150)&#xa;	at com.kms.katalon.core.main.TestSuiteExecutor.execute(TestSuiteExecutor.java:106)&#xa;	at com.kms.katalon.core.main.TestCaseMain.startTestSuite(TestCaseMain.java:180)&#xa;	at TempTestSuite1729050801829.run(TempTestSuite1729050801829.groovy:35)&#xa;	at java.base/jdk.internal.reflect.NativeMethodAccessorImpl.invoke0(Native Method)&#xa;	at java.base/jdk.internal.reflect.NativeMethodAccessorImpl.invoke(NativeMethodAccessorImpl.java:77)&#xa;	at java.base/jdk.internal.reflect.DelegatingMethodAccessorImpl.invoke(DelegatingMethodAccessorImpl.java:43)&#xa;Caused by: com.kms.katalon.core.exception.StepFailedException: Actual object '-292398' and expected object '34997' are not equal&#xa;	at com.kms.katalon.core.keyword.builtin.VerifyEqualKeyword$_verifyEqual_closure1.doCall(VerifyEqualKeyword.groovy:58)&#xa;	at com.kms.katalon.core.keyword.builtin.VerifyEqualKeyword$_verifyEqual_closure1.call(VerifyEqualKeyword.groovy)&#xa;	at com.kms.katalon.core.keyword.internal.KeywordMain.runKeyword(KeywordMain.groovy:75)&#xa;	... 24 more&#xa;"/>
         <system-out><![CDATA[16-10-2024T08:34:22 - [TEST_CASE][FAILED] - Test Cases/Сверки дашбордов/Факторный анализ сверка дашбордов: Test Cases/Сверки дашбордов/Факторный анализ сверка дашбордов FAILED.
Reason:
com.kms.katalon.core.exception.StepFailedException: Unable to verify equal between actual object '-292398' and expected object '34997' (Root cause: com.kms.katalon.core.exception.StepFailedException: Actual object '-292398' and expected object '34997' are not equal
	at com.kms.katalon.core.keyword.builtin.VerifyEqualKeyword$_verifyEqual_closure1.doCall(VerifyEqualKeyword.groovy:58)
	at com.kms.katalon.core.keyword.builtin.VerifyEqualKeyword$_verifyEqual_closure1.call(VerifyEqualKeyword.groovy)
	at com.kms.katalon.core.keyword.internal.KeywordMain.runKeyword(KeywordMain.groovy:75)
	at com.kms.katalon.core.keyword.builtin.VerifyEqualKeyword.verifyEqual(VerifyEqualKeyword.groovy:63)
	at com.kms.katalon.core.keyword.builtin.VerifyEqualKeyword.execute(VerifyEqualKeyword.groovy:44)
	at com.kms.katalon.core.keyword.internal.KeywordExecutor.executeKeywordForPlatform(KeywordExecutor.groovy:74)
	at com.kms.katalon.core.keyword.BuiltinKeywords.verifyEqual(BuiltinKeywords.groovy:146)
	at jdk.internal.reflect.GeneratedMethodAccessor25.invoke(Unknown Source)
	at java.base/jdk.internal.reflect.DelegatingMethodAccessorImpl.invoke(DelegatingMethodAccessorImpl.java:43)
	at Факторный анализ сверка дашбордов.Compare(Факторный анализ сверка дашбордов:668)
	at Факторный анализ сверка дашбордов.Test(Факторный анализ сверка дашбордов:432)
	at Факторный анализ сверка дашбордов.run(Факторный анализ сверка дашбордов:44)
	at com.kms.katalon.core.main.ScriptEngine.run(ScriptEngine.java:194)
	at com.kms.katalon.core.main.ScriptEngine.runScriptAsRawText(ScriptEngine.java:119)
	at com.kms.katalon.core.main.TestCaseExecutor.runScript(TestCaseExecutor.java:448)
	at com.kms.katalon.core.main.TestCaseExecutor.doExecute(TestCaseExecutor.java:439)
	at com.kms.katalon.core.main.TestCaseExecutor.processExecutionPhase(TestCaseExecutor.java:418)
	at com.kms.katalon.core.main.TestCaseExecutor.accessMainPhase(TestCaseExecutor.java:410)
	at com.kms.katalon.core.main.TestCaseExecutor.execute(TestCaseExecutor.java:285)
	at com.kms.katalon.core.common.CommonExecutor.accessTestCaseMainPhase(CommonExecutor.java:65)
	at com.kms.katalon.core.main.TestSuiteExecutor.accessTestSuiteMainPhase(TestSuiteExecutor.java:150)
	at com.kms.katalon.core.main.TestSuiteExecutor.execute(TestSuiteExecutor.java:106)
	at com.kms.katalon.core.main.TestCaseMain.startTestSuite(TestCaseMain.java:180)
	at TempTestSuite1729050801829.run(TempTestSuite1729050801829.groovy:35)
	at java.base/jdk.internal.reflect.NativeMethodAccessorImpl.invoke0(Native Method)
	at java.base/jdk.internal.reflect.NativeMethodAccessorImpl.invoke(NativeMethodAccessorImpl.java:77)
	at java.base/jdk.internal.reflect.DelegatingMethodAccessorImpl.invoke(DelegatingMethodAccessorImpl.java:43)
)
	at com.kms.katalon.core.keyword.internal.KeywordMain.stepFailed(KeywordMain.groovy:39)
	at com.kms.katalon.core.keyword.internal.KeywordMain.stepFailed(KeywordMain.groovy)
	at com.kms.katalon.core.keyword.internal.KeywordMain.runKeyword(KeywordMain.groovy:77)
	at com.kms.katalon.core.keyword.builtin.VerifyEqualKeyword.verifyEqual(VerifyEqualKeyword.groovy:63)
	at com.kms.katalon.core.keyword.builtin.VerifyEqualKeyword.execute(VerifyEqualKeyword.groovy:44)
	at com.kms.katalon.core.keyword.internal.KeywordExecutor.executeKeywordForPlatform(KeywordExecutor.groovy:74)
	at com.kms.katalon.core.keyword.BuiltinKeywords.verifyEqual(BuiltinKeywords.groovy:146)
	at jdk.internal.reflect.GeneratedMethodAccessor25.invoke(Unknown Source)
	at java.base/jdk.internal.reflect.DelegatingMethodAccessorImpl.invoke(DelegatingMethodAccessorImpl.java:43)
	at Факторный анализ сверка дашбордов.Compare(Факторный анализ сверка дашбордов:668)
	at Факторный анализ сверка дашбордов.Test(Факторный анализ сверка дашбордов:432)
	at Факторный анализ сверка дашбордов.run(Факторный анализ сверка дашбордов:44)
	at com.kms.katalon.core.main.ScriptEngine.run(ScriptEngine.java:194)
	at com.kms.katalon.core.main.ScriptEngine.runScriptAsRawText(ScriptEngine.java:119)
	at com.kms.katalon.core.main.TestCaseExecutor.runScript(TestCaseExecutor.java:448)
	at com.kms.katalon.core.main.TestCaseExecutor.doExecute(TestCaseExecutor.java:439)
	at com.kms.katalon.core.main.TestCaseExecutor.processExecutionPhase(TestCaseExecutor.java:418)
	at com.kms.katalon.core.main.TestCaseExecutor.accessMainPhase(TestCaseExecutor.java:410)
	at com.kms.katalon.core.main.TestCaseExecutor.execute(TestCaseExecutor.java:285)
	at com.kms.katalon.core.common.CommonExecutor.accessTestCaseMainPhase(CommonExecutor.java:65)
	at com.kms.katalon.core.main.TestSuiteExecutor.accessTestSuiteMainPhase(TestSuiteExecutor.java:150)
	at com.kms.katalon.core.main.TestSuiteExecutor.execute(TestSuiteExecutor.java:106)
	at com.kms.katalon.core.main.TestCaseMain.startTestSuite(TestCaseMain.java:180)
	at TempTestSuite1729050801829.run(TempTestSuite1729050801829.groovy:35)
	at java.base/jdk.internal.reflect.NativeMethodAccessorImpl.invoke0(Native Method)
	at java.base/jdk.internal.reflect.NativeMethodAccessorImpl.invoke(NativeMethodAccessorImpl.java:77)
	at java.base/jdk.internal.reflect.DelegatingMethodAccessorImpl.invoke(DelegatingMethodAccessorImpl.java:43)
Caused by: com.kms.katalon.core.exception.StepFailedException: Actual object '-292398' and expected object '34997' are not equal
	at com.kms.katalon.core.keyword.builtin.VerifyEqualKeyword$_verifyEqual_closure1.doCall(VerifyEqualKeyword.groovy:58)
	at com.kms.katalon.core.keyword.builtin.VerifyEqualKeyword$_verifyEqual_closure1.call(VerifyEqualKeyword.groovy)
	at com.kms.katalon.core.keyword.internal.KeywordMain.runKeyword(KeywordMain.groovy:75)
	... 24 more


16-10-2024T08:34:23 - [TEST_STEP][PASSED] - date = new java.util.Date(): null

16-10-2024T08:34:23 - [TEST_STEP][PASSED] - todaysDate = date.format("dd.MM.yyyy"): null

16-10-2024T08:34:23 - [TEST_STEP][PASSED] - typeOfData = <not implemented yet for class: org.codehaus.groovy.ast.expr.EmptyExpression>: null

16-10-2024T08:34:23 - [TEST_STEP][PASSED] - otobrajeniyeDannyh = <not implemented yet for class: org.codehaus.groovy.ast.expr.EmptyExpression>: null

16-10-2024T08:34:23 - [TEST_STEP][PASSED] - println(todaysDate): null

16-10-2024T08:34:23 - [TEST_STEP][PASSED] - vidget = <not implemented yet for class: org.codehaus.groovy.ast.expr.EmptyExpression>: null

16-10-2024T08:34:23 - [TEST_STEP][PASSED] - x = <not implemented yet for class: org.codehaus.groovy.ast.expr.EmptyExpression>: null

16-10-2024T08:34:23 - [TEST_STEP][PASSED] - y = <not implemented yet for class: org.codehaus.groovy.ast.expr.EmptyExpression>: null

16-10-2024T08:34:23 - [TEST_STEP][PASSED] - DZO = <not implemented yet for class: org.codehaus.groovy.ast.expr.EmptyExpression>: null

16-10-2024T08:34:23 - [TEST_STEP][PASSED] - openBrowser(""): Browser is opened with url: ''

16-10-2024T08:34:23 - [MESSAGE][INFO] - Starting 'Chrome' driver

16-10-2024T08:34:23 - [MESSAGE][INFO] - Action delay is set to 0 milliseconds

16-10-2024T08:34:24 - [MESSAGE][PASSED] - Browser is opened with url: ''

16-10-2024T08:34:24 - [TEST_STEP][PASSED] - run = 1: null

16-10-2024T08:34:24 - [TEST_STEP][PASSED] - for ([run = 1, run < 3, (run++)]): null

16-10-2024T08:34:24 - [TEST_STEP][PASSED] - Script1719551244403.Test(run, todaysDate, typeOfData, otobrajeniyeDannyh, x, y, vidget, DZO): null

16-10-2024T08:34:24 - [TEST_STEP][PASSED] - navigateToUrl(findTestData("PlanFact").getValue(10, 3)): Navigate to 'https://bi.rosseti.digital/viewer?dashboardGuid=2301950b23be4ed89c1df75f2020051e&sheetGuid=ccd7d7486b3d4e6fa0ee9b1eaebed46c&fit=true' successfully

16-10-2024T08:34:29 - [MESSAGE][PASSED] - Navigate to 'https://bi.rosseti.digital/viewer?dashboardGuid=2301950b23be4ed89c1df75f2020051e&sheetGuid=ccd7d7486b3d4e6fa0ee9b1eaebed46c&fit=true' successfully

16-10-2024T08:34:29 - [TEST_STEP][PASSED] - Script1719551244403.Autorization(run): null

16-10-2024T08:34:29 - [TEST_STEP][PASSED] - delay(10): Delayed 10 second(s)

16-10-2024T08:34:39 - [MESSAGE][PASSED] - Delayed 10 second(s)

16-10-2024T08:34:39 - [TEST_STEP][PASSED] - if (run == 1): Delayed 10 second(s)

16-10-2024T08:34:39 - [TEST_STEP][PASSED] - setText(findTestObject("Страница авторизации/input__username"), findTestData("PlanFact").getValue(8, 1)): Text 'shekhov-aa' is set on object 'Object Repository/Страница авторизации/input__username'

16-10-2024T08:34:40 - [MESSAGE][PASSED] - Text 'shekhov-aa' is set on object 'Object Repository/Страница авторизации/input__username'

16-10-2024T08:34:40 - [TEST_STEP][PASSED] - setText(findTestObject("Страница авторизации/input__password"), findTestData("PlanFact").getValue(9, 1)): Text 'i)RpQLLlXv9gUDC9' is set on object 'Object Repository/Страница авторизации/input__password'

16-10-2024T08:34:40 - [MESSAGE][PASSED] - Text 'i)RpQLLlXv9gUDC9' is set on object 'Object Repository/Страница авторизации/input__password'

16-10-2024T08:34:40 - [TEST_STEP][PASSED] - click(findTestObject("Страница авторизации/button_")): Object: 'Object Repository/Страница авторизации/button_' is clicked on

16-10-2024T08:34:44 - [MESSAGE][PASSED] - Object: 'Object Repository/Страница авторизации/button_' is clicked on

16-10-2024T08:34:44 - [TEST_STEP][PASSED] - delay(10): Delayed 10 second(s)

16-10-2024T08:34:54 - [MESSAGE][PASSED] - Delayed 10 second(s)

16-10-2024T08:34:54 - [TEST_STEP][PASSED] - i = <not implemented yet for class: org.codehaus.groovy.ast.expr.EmptyExpression>: null

16-10-2024T08:34:54 - [TEST_STEP][PASSED] - ii = <not implemented yet for class: org.codehaus.groovy.ast.expr.EmptyExpression>: null

16-10-2024T08:34:54 - [TEST_STEP][PASSED] - a = <not implemented yet for class: org.codehaus.groovy.ast.expr.EmptyExpression>: null

16-10-2024T08:34:54 - [TEST_STEP][PASSED] - a1 = <not implemented yet for class: org.codehaus.groovy.ast.expr.EmptyExpression>: null

16-10-2024T08:34:54 - [TEST_STEP][PASSED] - a2 = <not implemented yet for class: org.codehaus.groovy.ast.expr.EmptyExpression>: null

16-10-2024T08:34:54 - [TEST_STEP][PASSED] - click(findTestObject("Факторный анализ/Фильтр Период")): Object: 'Object Repository/Факторный анализ/Фильтр Период' is clicked on

16-10-2024T08:35:03 - [MESSAGE][PASSED] - Object: 'Object Repository/Факторный анализ/Фильтр Период' is clicked on

16-10-2024T08:35:03 - [TEST_STEP][PASSED] - click(findTestObject("Факторный анализ/Снять выделение в фильтре Дата")): Object: 'Object Repository/Факторный анализ/Снять выделение в фильтре Дата' is clicked on

16-10-2024T08:35:04 - [MESSAGE][PASSED] - Object: 'Object Repository/Факторный анализ/Снять выделение в фильтре Дата' is clicked on

16-10-2024T08:35:04 - [TEST_STEP][PASSED] - click(findTestObject("Факторный анализ/Применить в фильтре Дата")): Object: 'Object Repository/Факторный анализ/Применить в фильтре Дата' is clicked on

16-10-2024T08:35:04 - [MESSAGE][PASSED] - Object: 'Object Repository/Факторный анализ/Применить в фильтре Дата' is clicked on

16-10-2024T08:35:04 - [TEST_STEP][PASSED] - click(findTestObject("Факторный анализ/Фильтр Период")): Object: 'Object Repository/Факторный анализ/Фильтр Период' is clicked on

16-10-2024T08:35:07 - [MESSAGE][PASSED] - Object: 'Object Repository/Факторный анализ/Фильтр Период' is clicked on

16-10-2024T08:35:07 - [TEST_STEP][PASSED] - click(findTestObject("Факторный анализ/Снять выделение в фильтре Дата")): Object: 'Object Repository/Факторный анализ/Снять выделение в фильтре Дата' is clicked on

16-10-2024T08:35:08 - [MESSAGE][PASSED] - Object: 'Object Repository/Факторный анализ/Снять выделение в фильтре Дата' is clicked on

16-10-2024T08:35:08 - [TEST_STEP][PASSED] - scrollToElement(findTestObject("Факторный анализ/2024 список"), 30): Scroll to object 'Object Repository/Факторный анализ/2024 список' successfully

16-10-2024T08:35:08 - [MESSAGE][PASSED] - Scroll to object 'Object Repository/Факторный анализ/2024 список' successfully

16-10-2024T08:35:08 - [TEST_STEP][PASSED] - click(findTestObject("Факторный анализ/2024 список")): Object: 'Object Repository/Факторный анализ/2024 список' is clicked on

16-10-2024T08:35:08 - [MESSAGE][PASSED] - Object: 'Object Repository/Факторный анализ/2024 список' is clicked on

16-10-2024T08:35:08 - [TEST_STEP][PASSED] - scrollToElement(findTestObject("Факторный анализ/1 квартал 2024 выбрать"), 30): Scroll to object 'Object Repository/Факторный анализ/1 квартал 2024 выбрать' successfully

16-10-2024T08:35:09 - [MESSAGE][PASSED] - Scroll to object 'Object Repository/Факторный анализ/1 квартал 2024 выбрать' successfully

16-10-2024T08:35:09 - [TEST_STEP][PASSED] - click(findTestObject("Факторный анализ/1 квартал 2024 выбрать")): Object: 'Object Repository/Факторный анализ/1 квартал 2024 выбрать' is clicked on

16-10-2024T08:35:09 - [MESSAGE][PASSED] - Object: 'Object Repository/Факторный анализ/1 квартал 2024 выбрать' is clicked on

16-10-2024T08:35:09 - [TEST_STEP][PASSED] - scrollToElement(findTestObject("Факторный анализ/1 квартал 2024 выбрать"), 30): Scroll to object 'Object Repository/Факторный анализ/1 квартал 2024 выбрать' successfully

16-10-2024T08:35:10 - [MESSAGE][PASSED] - Scroll to object 'Object Repository/Факторный анализ/1 квартал 2024 выбрать' successfully

16-10-2024T08:35:10 - [TEST_STEP][PASSED] - click(findTestObject("Факторный анализ/2 квартал 2024 выбрать"), CONTINUE_ON_FAILURE): Object: 'Object Repository/Факторный анализ/2 квартал 2024 выбрать' is clicked on

16-10-2024T08:35:10 - [MESSAGE][PASSED] - Object: 'Object Repository/Факторный анализ/2 квартал 2024 выбрать' is clicked on

16-10-2024T08:35:10 - [TEST_STEP][PASSED] - click(findTestObject("Факторный анализ/3 квартал 2024 список"), CONTINUE_ON_FAILURE): Object: 'Object Repository/Факторный анализ/3 квартал 2024 список' is clicked on

16-10-2024T08:35:11 - [MESSAGE][PASSED] - Object: 'Object Repository/Факторный анализ/3 квартал 2024 список' is clicked on

16-10-2024T08:35:11 - [TEST_STEP][PASSED] - click(findTestObject("Факторный анализ/Июль 2024"), CONTINUE_ON_FAILURE): Object: 'Object Repository/Факторный анализ/Июль 2024' is clicked on

16-10-2024T08:35:11 - [MESSAGE][PASSED] - Object: 'Object Repository/Факторный анализ/Июль 2024' is clicked on

16-10-2024T08:35:11 - [TEST_STEP][PASSED] - scrollToElement(findTestObject("Факторный анализ/Август 2024"), 30): Scroll to object 'Object Repository/Факторный анализ/Август 2024' successfully

16-10-2024T08:35:11 - [MESSAGE][PASSED] - Scroll to object 'Object Repository/Факторный анализ/Август 2024' successfully

16-10-2024T08:35:11 - [TEST_STEP][PASSED] - click(findTestObject("Факторный анализ/Август 2024"), CONTINUE_ON_FAILURE): Object: 'Object Repository/Факторный анализ/Август 2024' is clicked on

16-10-2024T08:35:12 - [MESSAGE][PASSED] - Object: 'Object Repository/Факторный анализ/Август 2024' is clicked on

16-10-2024T08:35:12 - [TEST_STEP][PASSED] - scrollToElement(findTestObject("Факторный анализ/Заголовок дашборда"), 30): Scroll to object 'Object Repository/Факторный анализ/Заголовок дашборда' successfully

16-10-2024T08:35:12 - [MESSAGE][PASSED] - Scroll to object 'Object Repository/Факторный анализ/Заголовок дашборда' successfully

16-10-2024T08:35:12 - [TEST_STEP][PASSED] - click(findTestObject("Факторный анализ/Применить в фильтре Дата")): Object: 'Object Repository/Факторный анализ/Применить в фильтре Дата' is clicked on

16-10-2024T08:35:13 - [MESSAGE][PASSED] - Object: 'Object Repository/Факторный анализ/Применить в фильтре Дата' is clicked on

16-10-2024T08:35:13 - [TEST_STEP][PASSED] - if (run == 1): null

16-10-2024T08:35:13 - [TEST_STEP][PASSED] - a = getText(findTestObject("Факторный анализ/Отклонения выручки по факторам Блок руководителя")): Text of object 'Object Repository/Факторный анализ/Отклонения выручки по факторам Блок руководителя' is: '-292 398-292 398
-9 531-9 531
Отклонение (объём услуг)
Отклонение (средний тариф)
ПАО Россети'

16-10-2024T08:35:15 - [MESSAGE][PASSED] - Text of object 'Object Repository/Факторный анализ/Отклонения выручки по факторам Блок руководителя' is: '-292 398-292 398
-9 531-9 531
Отклонение (объём услуг)
Отклонение (средний тариф)
ПАО Россети'

16-10-2024T08:35:15 - [TEST_STEP][PASSED] - a = a.replaceAll("[\r?
|
]", "/"): null

16-10-2024T08:35:15 - [TEST_STEP][PASSED] - i = a.indexOf("Отклонение"): null

16-10-2024T08:35:15 - [TEST_STEP][PASSED] - if (i > -1): null

16-10-2024T08:35:15 - [TEST_STEP][PASSED] - i = i: null

16-10-2024T08:35:15 - [TEST_STEP][PASSED] - a = substring(0, i).trim(): null

16-10-2024T08:35:15 - [TEST_STEP][PASSED] - println("a: " + a): null

16-10-2024T08:35:15 - [TEST_STEP][PASSED] - i = a.indexOf("/"): null

16-10-2024T08:35:15 - [TEST_STEP][PASSED] - if (i > -1): null

16-10-2024T08:35:15 - [TEST_STEP][PASSED] - a1 = a.substring(0, i): null

16-10-2024T08:35:15 - [TEST_STEP][PASSED] - println("a1: " + a1): null

16-10-2024T08:35:15 - [TEST_STEP][PASSED] - a2 = a.substring(a1.length() + 1, a.length()): null

16-10-2024T08:35:15 - [TEST_STEP][PASSED] - println("a2: " + a2): null

16-10-2024T08:35:15 - [TEST_STEP][PASSED] - i = a1.length() / 2: null

16-10-2024T08:35:15 - [TEST_STEP][PASSED] - if (i > -1): null

16-10-2024T08:35:15 - [TEST_STEP][PASSED] - a1 = replaceAll("\s+", "").trim(): null

16-10-2024T08:35:15 - [TEST_STEP][PASSED] - println("a1: " + a1): null

16-10-2024T08:35:15 - [TEST_STEP][PASSED] - i = a2.length() / 2: null

16-10-2024T08:35:15 - [TEST_STEP][PASSED] - if (i > -1): null

16-10-2024T08:35:15 - [TEST_STEP][PASSED] - a2 = replaceAll("\s+", "").trim(): null

16-10-2024T08:35:15 - [TEST_STEP][PASSED] - println("a2: " + a2): null

16-10-2024T08:35:15 - [TEST_STEP][PASSED] - tableA = getText(findTestObject("Факторный анализ/AllTable1")).replaceAll("[\r?
|
]", "/"): Text of object 'Object Repository/Факторный анализ/AllTable1' is: 'ДЗО
Филиал
Отклонение (объём услуг)
Отклонение (средний тариф)
АО «Тываэнерго» АО "Тываэнерго" 186 -12
АО «Чеченэнерго» АО «Чеченэнерго» -2 985 11
Россети Волга Мордовэнерго -2 499 -90
Оренбургэнерго -9 857 - 143
Пензаэнерго -5 956 -72
Самарские РС -11 562 - 941
Саратовские РС -11 875 - 402
Ульяновские РС -4 296 - 198
Чувашэнерго -3 667 116
Россети Кубань Кубаньэнерго -47 196 83
Россети Ленэнерго (ГК) Ленинградская область -25 692 323
г. Санкт-Петербург -36 582 - 127
Россети Московский регион Московская область 4 586 - 413
г. Москва 2 708 -39
Россети Северный Кавказ (ГК) Дагестанская энергосбытовая компания - 111 69
Дагэнерго -5 724 434
Ингушэнерго -1 293 90
Каббалкэнерго -2 385 13
Карачаево-Черкесскэнерго -1 553 -13
Севкавказэнерго -2 704 108
Ставропольэнерго -7 412 - 237
Россети Северо-Запад Архангельский филиал 103 -77
Вологодский филиал 233 -6
Карельский филиал 32 154
Мурманский филиал 106 77
Новгородский филиал 212 -42
Псковский филиал 162 -22
филиал в Республике Коми 49 18
Россети Сибирь (ГК) Алтайэнерго 227 241
Бурятэнерго -86 266
ГАЭС 99 -14
Красноярскэнерго 955 - 272
Кузбассэнерго-РЭС 298 222
Омскэнерго 92 - 140
Хакасэнерго 281 - 319
Читаэнерго -27 88
Россети Томск Томская распределительная компания -5 817 - 105
Россети Тюмень Россети Тюмень -57 812 - 419
Россети Урал (ГК) Пермэнерго 620 - 198
Свердловэнерго 891 181
Челябэнерго 893 - 608
Россети ФСК ЕЭС Итого по ФСК ЕЭС 8 451 -7 098
Россети Центр Белгородэнерго 293 77
Брянскэнерго -4 458 7
Воронежэнерго -12 194 118
Костромаэнерго 121 4
Курскэнерго -2 317 105
Липецкэнерго 700 - 301
Орелэнерго -3 056 -11
Смоленскэнерго -5 925 22
Тамбовэнерго -4 626 -10
Тверьэнерго 350 94
Ярэнерго -6 248 6
Россети Центр и Приволжье (ГК) Владимирэнерго 519 47
Ивэнерго 188 28
Калугаэнерго 549 -42
Кировэнерго 395 -2
Мариэнерго 159 13
Нижновэнерго 659 184
Рязаньэнерго 262 38
Тулэнерго 793 - 195
Удмуртэнерго 269 8
Россети Юг (ГК) АО «ВМЭС» -3 002 24
Астраханьэнерго -4 589 69
Волгоградэнерго -8 020 - 274
Калмэнерго -1 313 -5
Ростовэнерго -16 272 11
Россети Янтарь Россети Янтарь 273 -37'

16-10-2024T08:35:16 - [MESSAGE][PASSED] - Text of object 'Object Repository/Факторный анализ/AllTable1' is: 'ДЗО
Филиал
Отклонение (объём услуг)
Отклонение (средний тариф)
АО «Тываэнерго» АО "Тываэнерго" 186 -12
АО «Чеченэнерго» АО «Чеченэнерго» -2 985 11
Россети Волга Мордовэнерго -2 499 -90
Оренбургэнерго -9 857 - 143
Пензаэнерго -5 956 -72
Самарские РС -11 562 - 941
Саратовские РС -11 875 - 402
Ульяновские РС -4 296 - 198
Чувашэнерго -3 667 116
Россети Кубань Кубаньэнерго -47 196 83
Россети Ленэнерго (ГК) Ленинградская область -25 692 323
г. Санкт-Петербург -36 582 - 127
Россети Московский регион Московская область 4 586 - 413
г. Москва 2 708 -39
Россети Северный Кавказ (ГК) Дагестанская энергосбытовая компания - 111 69
Дагэнерго -5 724 434
Ингушэнерго -1 293 90
Каббалкэнерго -2 385 13
Карачаево-Черкесскэнерго -1 553 -13
Севкавказэнерго -2 704 108
Ставропольэнерго -7 412 - 237
Россети Северо-Запад Архангельский филиал 103 -77
Вологодский филиал 233 -6
Карельский филиал 32 154
Мурманский филиал 106 77
Новгородский филиал 212 -42
Псковский филиал 162 -22
филиал в Республике Коми 49 18
Россети Сибирь (ГК) Алтайэнерго 227 241
Бурятэнерго -86 266
ГАЭС 99 -14
Красноярскэнерго 955 - 272
Кузбассэнерго-РЭС 298 222
Омскэнерго 92 - 140
Хакасэнерго 281 - 319
Читаэнерго -27 88
Россети Томск Томская распределительная компания -5 817 - 105
Россети Тюмень Россети Тюмень -57 812 - 419
Россети Урал (ГК) Пермэнерго 620 - 198
Свердловэнерго 891 181
Челябэнерго 893 - 608
Россети ФСК ЕЭС Итого по ФСК ЕЭС 8 451 -7 098
Россети Центр Белгородэнерго 293 77
Брянскэнерго -4 458 7
Воронежэнерго -12 194 118
Костромаэнерго 121 4
Курскэнерго -2 317 105
Липецкэнерго 700 - 301
Орелэнерго -3 056 -11
Смоленскэнерго -5 925 22
Тамбовэнерго -4 626 -10
Тверьэнерго 350 94
Ярэнерго -6 248 6
Россети Центр и Приволжье (ГК) Владимирэнерго 519 47
Ивэнерго 188 28
Калугаэнерго 549 -42
Кировэнерго 395 -2
Мариэнерго 159 13
Нижновэнерго 659 184
Рязаньэнерго 262 38
Тулэнерго 793 - 195
Удмуртэнерго 269 8
Россети Юг (ГК) АО «ВМЭС» -3 002 24
Астраханьэнерго -4 589 69
Волгоградэнерго -8 020 - 274
Калмэнерго -1 313 -5
Ростовэнерго -16 272 11
Россети Янтарь Россети Янтарь 273 -37'

16-10-2024T08:35:16 - [TEST_STEP][PASSED] - println("tableA: " + tableA): null

16-10-2024T08:35:16 - [TEST_STEP][PASSED] - for ([i = 1, i < 5, (i++)]): null

16-10-2024T08:35:16 - [TEST_STEP][PASSED] - ii = tableA.indexOf("/") + 1: null

16-10-2024T08:35:16 - [TEST_STEP][PASSED] - tableA = tableA.substring(ii, tableA.length()): null

16-10-2024T08:35:16 - [TEST_STEP][PASSED] - ii = tableA.indexOf("/") + 1: null

16-10-2024T08:35:16 - [TEST_STEP][PASSED] - tableA = tableA.substring(ii, tableA.length()): null

16-10-2024T08:35:16 - [TEST_STEP][PASSED] - ii = tableA.indexOf("/") + 1: null

16-10-2024T08:35:16 - [TEST_STEP][PASSED] - tableA = tableA.substring(ii, tableA.length()): null

16-10-2024T08:35:16 - [TEST_STEP][PASSED] - ii = tableA.indexOf("/") + 1: null

16-10-2024T08:35:16 - [TEST_STEP][PASSED] - tableA = tableA.substring(ii, tableA.length()): null

16-10-2024T08:35:16 - [TEST_STEP][PASSED] - println("tableA: " + tableA): null

16-10-2024T08:35:16 - [TEST_STEP][PASSED] - TyA = Script1719551244403.GetData(x = tableA): null

16-10-2024T08:35:16 - [TEST_STEP][PASSED] - i2 = <not implemented yet for class: org.codehaus.groovy.ast.expr.EmptyExpression>: null

16-10-2024T08:35:16 - [TEST_STEP][PASSED] - i2 = x.indexOf("/") + 1: null

16-10-2024T08:35:16 - [TEST_STEP][PASSED] - x = replaceAll("\p{P}", "").trim(): null

16-10-2024T08:35:16 - [TEST_STEP][PASSED] - return x: null

16-10-2024T08:35:16 - [TEST_STEP][PASSED] - println("TyA: " + TyA): null

16-10-2024T08:35:16 - [TEST_STEP][PASSED] - tableA = Script1719551244403.NewDZO(x = tableA): null

16-10-2024T08:35:16 - [TEST_STEP][PASSED] - i3 = <not implemented yet for class: org.codehaus.groovy.ast.expr.EmptyExpression>: null

16-10-2024T08:35:16 - [TEST_STEP][PASSED] - i3 = x.indexOf("/") + 1: null

16-10-2024T08:35:16 - [TEST_STEP][PASSED] - x = x.substring(i3, x.length()): null

16-10-2024T08:35:16 - [TEST_STEP][PASSED] - return x: null

16-10-2024T08:35:16 - [TEST_STEP][PASSED] - ChA = Script1719551244403.GetData(x = tableA): null

16-10-2024T08:35:16 - [TEST_STEP][PASSED] - i2 = <not implemented yet for class: org.codehaus.groovy.ast.expr.EmptyExpression>: null

16-10-2024T08:35:16 - [TEST_STEP][PASSED] - i2 = x.indexOf("/") + 1: null

16-10-2024T08:35:16 - [TEST_STEP][PASSED] - x = replaceAll("\p{P}", "").trim(): null

16-10-2024T08:35:16 - [TEST_STEP][PASSED] - return x: null

16-10-2024T08:35:16 - [TEST_STEP][PASSED] - println("ChA: " + ChA): null

16-10-2024T08:35:16 - [TEST_STEP][PASSED] - tableA = Script1719551244403.NewDZO(x = tableA): null

16-10-2024T08:35:16 - [TEST_STEP][PASSED] - i3 = <not implemented yet for class: org.codehaus.groovy.ast.expr.EmptyExpression>: null

16-10-2024T08:35:16 - [TEST_STEP][PASSED] - i3 = x.indexOf("/") + 1: null

16-10-2024T08:35:16 - [TEST_STEP][PASSED] - x = x.substring(i3, x.length()): null

16-10-2024T08:35:16 - [TEST_STEP][PASSED] - return x: null

16-10-2024T08:35:16 - [TEST_STEP][PASSED] - i = tableA.indexOf("Кубань"): null

16-10-2024T08:35:16 - [TEST_STEP][PASSED] - VA = replaceAll("\p{P}", "").trim(): null

16-10-2024T08:35:16 - [TEST_STEP][PASSED] - println("VA: " + VA): null

16-10-2024T08:35:16 - [TEST_STEP][PASSED] - for ([i = 1, i < 8, (i++)]): null

16-10-2024T08:35:16 - [TEST_STEP][PASSED] - tableA = Script1719551244403.NewDZO(x = tableA): null

16-10-2024T08:35:16 - [TEST_STEP][PASSED] - i3 = <not implemented yet for class: org.codehaus.groovy.ast.expr.EmptyExpression>: null

16-10-2024T08:35:16 - [TEST_STEP][PASSED] - i3 = x.indexOf("/") + 1: null

16-10-2024T08:35:16 - [TEST_STEP][PASSED] - x = x.substring(i3, x.length()): null

16-10-2024T08:35:16 - [TEST_STEP][PASSED] - return x: null

16-10-2024T08:35:16 - [TEST_STEP][PASSED] - tableA = Script1719551244403.NewDZO(x = tableA): null

16-10-2024T08:35:16 - [TEST_STEP][PASSED] - i3 = <not implemented yet for class: org.codehaus.groovy.ast.expr.EmptyExpression>: null

16-10-2024T08:35:16 - [TEST_STEP][PASSED] - i3 = x.indexOf("/") + 1: null

16-10-2024T08:35:16 - [TEST_STEP][PASSED] - x = x.substring(i3, x.length()): null

16-10-2024T08:35:16 - [TEST_STEP][PASSED] - return x: null

16-10-2024T08:35:16 - [TEST_STEP][PASSED] - tableA = Script1719551244403.NewDZO(x = tableA): null

16-10-2024T08:35:16 - [TEST_STEP][PASSED] - i3 = <not implemented yet for class: org.codehaus.groovy.ast.expr.EmptyExpression>: null

16-10-2024T08:35:16 - [TEST_STEP][PASSED] - i3 = x.indexOf("/") + 1: null

16-10-2024T08:35:16 - [TEST_STEP][PASSED] - x = x.substring(i3, x.length()): null

16-10-2024T08:35:16 - [TEST_STEP][PASSED] - return x: null

16-10-2024T08:35:16 - [TEST_STEP][PASSED] - tableA = Script1719551244403.NewDZO(x = tableA): null

16-10-2024T08:35:16 - [TEST_STEP][PASSED] - i3 = <not implemented yet for class: org.codehaus.groovy.ast.expr.EmptyExpression>: null

16-10-2024T08:35:16 - [TEST_STEP][PASSED] - i3 = x.indexOf("/") + 1: null

16-10-2024T08:35:16 - [TEST_STEP][PASSED] - x = x.substring(i3, x.length()): null

16-10-2024T08:35:16 - [TEST_STEP][PASSED] - return x: null

16-10-2024T08:35:16 - [TEST_STEP][PASSED] - tableA = Script1719551244403.NewDZO(x = tableA): null

16-10-2024T08:35:16 - [TEST_STEP][PASSED] - i3 = <not implemented yet for class: org.codehaus.groovy.ast.expr.EmptyExpression>: null

16-10-2024T08:35:16 - [TEST_STEP][PASSED] - i3 = x.indexOf("/") + 1: null

16-10-2024T08:35:16 - [TEST_STEP][PASSED] - x = x.substring(i3, x.length()): null

16-10-2024T08:35:16 - [TEST_STEP][PASSED] - return x: null

16-10-2024T08:35:16 - [TEST_STEP][PASSED] - tableA = Script1719551244403.NewDZO(x = tableA): null

16-10-2024T08:35:16 - [TEST_STEP][PASSED] - i3 = <not implemented yet for class: org.codehaus.groovy.ast.expr.EmptyExpression>: null

16-10-2024T08:35:16 - [TEST_STEP][PASSED] - i3 = x.indexOf("/") + 1: null

16-10-2024T08:35:16 - [TEST_STEP][PASSED] - x = x.substring(i3, x.length()): null

16-10-2024T08:35:16 - [TEST_STEP][PASSED] - return x: null

16-10-2024T08:35:16 - [TEST_STEP][PASSED] - tableA = Script1719551244403.NewDZO(x = tableA): null

16-10-2024T08:35:16 - [TEST_STEP][PASSED] - i3 = <not implemented yet for class: org.codehaus.groovy.ast.expr.EmptyExpression>: null

16-10-2024T08:35:16 - [TEST_STEP][PASSED] - i3 = x.indexOf("/") + 1: null

16-10-2024T08:35:16 - [TEST_STEP][PASSED] - x = x.substring(i3, x.length()): null

16-10-2024T08:35:16 - [TEST_STEP][PASSED] - return x: null

16-10-2024T08:35:16 - [TEST_STEP][PASSED] - i = tableA.indexOf("Ленэнерго"): null

16-10-2024T08:35:16 - [TEST_STEP][PASSED] - KuA = Script1719551244403.GetData(x = tableA): null

16-10-2024T08:35:16 - [TEST_STEP][PASSED] - i2 = <not implemented yet for class: org.codehaus.groovy.ast.expr.EmptyExpression>: null

16-10-2024T08:35:16 - [TEST_STEP][PASSED] - i2 = x.indexOf("/") + 1: null

16-10-2024T08:35:16 - [TEST_STEP][PASSED] - x = replaceAll("\p{P}", "").trim(): null

16-10-2024T08:35:16 - [TEST_STEP][PASSED] - return x: null

16-10-2024T08:35:16 - [TEST_STEP][PASSED] - println("KuA: " + KuA): null

16-10-2024T08:35:16 - [TEST_STEP][PASSED] - tableA = Script1719551244403.NewDZO(x = tableA): null

16-10-2024T08:35:16 - [TEST_STEP][PASSED] - i3 = <not implemented yet for class: org.codehaus.groovy.ast.expr.EmptyExpression>: null

16-10-2024T08:35:16 - [TEST_STEP][PASSED] - i3 = x.indexOf("/") + 1: null

16-10-2024T08:35:16 - [TEST_STEP][PASSED] - x = x.substring(i3, x.length()): null

16-10-2024T08:35:16 - [TEST_STEP][PASSED] - return x: null

16-10-2024T08:35:16 - [TEST_STEP][PASSED] - i = tableA.indexOf("Московский"): null

16-10-2024T08:35:16 - [TEST_STEP][PASSED] - LenA = replaceAll("\p{P}", "").trim(): null

16-10-2024T08:35:16 - [TEST_STEP][PASSED] - println("LenA: " + LenA): null

16-10-2024T08:35:16 - [TEST_STEP][PASSED] - tableA = Script1719551244403.NewDZO(x = tableA): null

16-10-2024T08:35:16 - [TEST_STEP][PASSED] - i3 = <not implemented yet for class: org.codehaus.groovy.ast.expr.EmptyExpression>: null

16-10-2024T08:35:16 - [TEST_STEP][PASSED] - i3 = x.indexOf("/") + 1: null

16-10-2024T08:35:16 - [TEST_STEP][PASSED] - x = x.substring(i3, x.length()): null

16-10-2024T08:35:16 - [TEST_STEP][PASSED] - return x: null

16-10-2024T08:35:16 - [TEST_STEP][PASSED] - tableA = Script1719551244403.NewDZO(x = tableA): null

16-10-2024T08:35:16 - [TEST_STEP][PASSED] - i3 = <not implemented yet for class: org.codehaus.groovy.ast.expr.EmptyExpression>: null

16-10-2024T08:35:16 - [TEST_STEP][PASSED] - i3 = x.indexOf("/") + 1: null

16-10-2024T08:35:16 - [TEST_STEP][PASSED] - x = x.substring(i3, x.length()): null

16-10-2024T08:35:16 - [TEST_STEP][PASSED] - return x: null

16-10-2024T08:35:16 - [TEST_STEP][PASSED] - i = tableA.indexOf("Кавказ"): null

16-10-2024T08:35:16 - [TEST_STEP][PASSED] - MosA = replaceAll("\p{P}", "").trim(): null

16-10-2024T08:35:16 - [TEST_STEP][PASSED] - println("MosA: " + MosA): null

16-10-2024T08:35:16 - [TEST_STEP][PASSED] - for ([i = 1, i < 3, (i++)]): null

16-10-2024T08:35:16 - [TEST_STEP][PASSED] - tableA = Script1719551244403.NewDZO(x = tableA): null

16-10-2024T08:35:16 - [TEST_STEP][PASSED] - i3 = <not implemented yet for class: org.codehaus.groovy.ast.expr.EmptyExpression>: null

16-10-2024T08:35:16 - [TEST_STEP][PASSED] - i3 = x.indexOf("/") + 1: null

16-10-2024T08:35:16 - [TEST_STEP][PASSED] - x = x.substring(i3, x.length()): null

16-10-2024T08:35:16 - [TEST_STEP][PASSED] - return x: null

16-10-2024T08:35:16 - [TEST_STEP][PASSED] - tableA = Script1719551244403.NewDZO(x = tableA): null

16-10-2024T08:35:16 - [TEST_STEP][PASSED] - i3 = <not implemented yet for class: org.codehaus.groovy.ast.expr.EmptyExpression>: null

16-10-2024T08:35:16 - [TEST_STEP][PASSED] - i3 = x.indexOf("/") + 1: null

16-10-2024T08:35:16 - [TEST_STEP][PASSED] - x = x.substring(i3, x.length()): null

16-10-2024T08:35:16 - [TEST_STEP][PASSED] - return x: null

16-10-2024T08:35:16 - [TEST_STEP][PASSED] - i = tableA.indexOf("Запад"): null

16-10-2024T08:35:16 - [TEST_STEP][PASSED] - SKA = replaceAll("\p{P}", "").trim(): null

16-10-2024T08:35:16 - [TEST_STEP][PASSED] - println("SKA: " + SKA): null

16-10-2024T08:35:16 - [TEST_STEP][PASSED] - for ([i = 1, i < 7, (i++)]): null

16-10-2024T08:35:16 - [TEST_STEP][PASSED] - tableA = Script1719551244403.NewDZO(x = tableA): null

16-10-2024T08:35:16 - [TEST_STEP][PASSED] - i3 = <not implemented yet for class: org.codehaus.groovy.ast.expr.EmptyExpression>: null

16-10-2024T08:35:16 - [TEST_STEP][PASSED] - i3 = x.indexOf("/") + 1: null

16-10-2024T08:35:16 - [TEST_STEP][PASSED] - x = x.substring(i3, x.length()): null

16-10-2024T08:35:16 - [TEST_STEP][PASSED] - return x: null

16-10-2024T08:35:16 - [TEST_STEP][PASSED] - tableA = Script1719551244403.NewDZO(x = tableA): null

16-10-2024T08:35:16 - [TEST_STEP][PASSED] - i3 = <not implemented yet for class: org.codehaus.groovy.ast.expr.EmptyExpression>: null

16-10-2024T08:35:16 - [TEST_STEP][PASSED] - i3 = x.indexOf("/") + 1: null

16-10-2024T08:35:16 - [TEST_STEP][PASSED] - x = x.substring(i3, x.length()): null

16-10-2024T08:35:16 - [TEST_STEP][PASSED] - return x: null

16-10-2024T08:35:16 - [TEST_STEP][PASSED] - tableA = Script1719551244403.NewDZO(x = tableA): null

16-10-2024T08:35:16 - [TEST_STEP][PASSED] - i3 = <not implemented yet for class: org.codehaus.groovy.ast.expr.EmptyExpression>: null

16-10-2024T08:35:16 - [TEST_STEP][PASSED] - i3 = x.indexOf("/") + 1: null

16-10-2024T08:35:16 - [TEST_STEP][PASSED] - x = x.substring(i3, x.length()): null

16-10-2024T08:35:16 - [TEST_STEP][PASSED] - return x: null

16-10-2024T08:35:16 - [TEST_STEP][PASSED] - tableA = Script1719551244403.NewDZO(x = tableA): null

16-10-2024T08:35:16 - [TEST_STEP][PASSED] - i3 = <not implemented yet for class: org.codehaus.groovy.ast.expr.EmptyExpression>: null

16-10-2024T08:35:16 - [TEST_STEP][PASSED] - i3 = x.indexOf("/") + 1: null

16-10-2024T08:35:16 - [TEST_STEP][PASSED] - x = x.substring(i3, x.length()): null

16-10-2024T08:35:16 - [TEST_STEP][PASSED] - return x: null

16-10-2024T08:35:16 - [TEST_STEP][PASSED] - tableA = Script1719551244403.NewDZO(x = tableA): null

16-10-2024T08:35:16 - [TEST_STEP][PASSED] - i3 = <not implemented yet for class: org.codehaus.groovy.ast.expr.EmptyExpression>: null

16-10-2024T08:35:16 - [TEST_STEP][PASSED] - i3 = x.indexOf("/") + 1: null

16-10-2024T08:35:16 - [TEST_STEP][PASSED] - x = x.substring(i3, x.length()): null

16-10-2024T08:35:16 - [TEST_STEP][PASSED] - return x: null

16-10-2024T08:35:16 - [TEST_STEP][PASSED] - tableA = Script1719551244403.NewDZO(x = tableA): null

16-10-2024T08:35:16 - [TEST_STEP][PASSED] - i3 = <not implemented yet for class: org.codehaus.groovy.ast.expr.EmptyExpression>: null

16-10-2024T08:35:16 - [TEST_STEP][PASSED] - i3 = x.indexOf("/") + 1: null

16-10-2024T08:35:16 - [TEST_STEP][PASSED] - x = x.substring(i3, x.length()): null

16-10-2024T08:35:16 - [TEST_STEP][PASSED] - return x: null

16-10-2024T08:35:16 - [TEST_STEP][PASSED] - i = tableA.indexOf("Сибирь"): null

16-10-2024T08:35:16 - [TEST_STEP][PASSED] - SZA = replaceAll("\p{P}", "").trim(): null

16-10-2024T08:35:16 - [TEST_STEP][PASSED] - println("SZA: " + SZA): null

16-10-2024T08:35:16 - [TEST_STEP][PASSED] - for ([i = 1, i < 8, (i++)]): null

16-10-2024T08:35:16 - [TEST_STEP][PASSED] - tableA = Script1719551244403.NewDZO(x = tableA): null

16-10-2024T08:35:16 - [TEST_STEP][PASSED] - i3 = <not implemented yet for class: org.codehaus.groovy.ast.expr.EmptyExpression>: null

16-10-2024T08:35:16 - [TEST_STEP][PASSED] - i3 = x.indexOf("/") + 1: null

16-10-2024T08:35:16 - [TEST_STEP][PASSED] - x = x.substring(i3, x.length()): null

16-10-2024T08:35:16 - [TEST_STEP][PASSED] - return x: null

16-10-2024T08:35:16 - [TEST_STEP][PASSED] - tableA = Script1719551244403.NewDZO(x = tableA): null

16-10-2024T08:35:16 - [TEST_STEP][PASSED] - i3 = <not implemented yet for class: org.codehaus.groovy.ast.expr.EmptyExpression>: null

16-10-2024T08:35:16 - [TEST_STEP][PASSED] - i3 = x.indexOf("/") + 1: null

16-10-2024T08:35:16 - [TEST_STEP][PASSED] - x = x.substring(i3, x.length()): null

16-10-2024T08:35:16 - [TEST_STEP][PASSED] - return x: null

16-10-2024T08:35:16 - [TEST_STEP][PASSED] - tableA = Script1719551244403.NewDZO(x = tableA): null

16-10-2024T08:35:16 - [TEST_STEP][PASSED] - i3 = <not implemented yet for class: org.codehaus.groovy.ast.expr.EmptyExpression>: null

16-10-2024T08:35:16 - [TEST_STEP][PASSED] - i3 = x.indexOf("/") + 1: null

16-10-2024T08:35:16 - [TEST_STEP][PASSED] - x = x.substring(i3, x.length()): null

16-10-2024T08:35:16 - [TEST_STEP][PASSED] - return x: null

16-10-2024T08:35:16 - [TEST_STEP][PASSED] - tableA = Script1719551244403.NewDZO(x = tableA): null

16-10-2024T08:35:16 - [TEST_STEP][PASSED] - i3 = <not implemented yet for class: org.codehaus.groovy.ast.expr.EmptyExpression>: null

16-10-2024T08:35:16 - [TEST_STEP][PASSED] - i3 = x.indexOf("/") + 1: null

16-10-2024T08:35:16 - [TEST_STEP][PASSED] - x = x.substring(i3, x.length()): null

16-10-2024T08:35:16 - [TEST_STEP][PASSED] - return x: null

16-10-2024T08:35:16 - [TEST_STEP][PASSED] - tableA = Script1719551244403.NewDZO(x = tableA): null

16-10-2024T08:35:16 - [TEST_STEP][PASSED] - i3 = <not implemented yet for class: org.codehaus.groovy.ast.expr.EmptyExpression>: null

16-10-2024T08:35:16 - [TEST_STEP][PASSED] - i3 = x.indexOf("/") + 1: null

16-10-2024T08:35:16 - [TEST_STEP][PASSED] - x = x.substring(i3, x.length()): null

16-10-2024T08:35:16 - [TEST_STEP][PASSED] - return x: null

16-10-2024T08:35:16 - [TEST_STEP][PASSED] - tableA = Script1719551244403.NewDZO(x = tableA): null

16-10-2024T08:35:16 - [TEST_STEP][PASSED] - i3 = <not implemented yet for class: org.codehaus.groovy.ast.expr.EmptyExpression>: null

16-10-2024T08:35:16 - [TEST_STEP][PASSED] - i3 = x.indexOf("/") + 1: null

16-10-2024T08:35:16 - [TEST_STEP][PASSED] - x = x.substring(i3, x.length()): null

16-10-2024T08:35:16 - [TEST_STEP][PASSED] - return x: null

16-10-2024T08:35:16 - [TEST_STEP][PASSED] - tableA = Script1719551244403.NewDZO(x = tableA): null

16-10-2024T08:35:16 - [TEST_STEP][PASSED] - i3 = <not implemented yet for class: org.codehaus.groovy.ast.expr.EmptyExpression>: null

16-10-2024T08:35:16 - [TEST_STEP][PASSED] - i3 = x.indexOf("/") + 1: null

16-10-2024T08:35:16 - [TEST_STEP][PASSED] - x = x.substring(i3, x.length()): null

16-10-2024T08:35:16 - [TEST_STEP][PASSED] - return x: null

16-10-2024T08:35:16 - [TEST_STEP][PASSED] - i = tableA.indexOf("Томск"): null

16-10-2024T08:35:16 - [TEST_STEP][PASSED] - SiA = replaceAll("\p{P}", "").trim(): null

16-10-2024T08:35:16 - [TEST_STEP][PASSED] - println("SiA: " + SiA): null

16-10-2024T08:35:16 - [TEST_STEP][PASSED] - for ([i = 1, i < 9, (i++)]): null

16-10-2024T08:35:16 - [TEST_STEP][PASSED] - tableA = Script1719551244403.NewDZO(x = tableA): null

16-10-2024T08:35:16 - [TEST_STEP][PASSED] - i3 = <not implemented yet for class: org.codehaus.groovy.ast.expr.EmptyExpression>: null

16-10-2024T08:35:16 - [TEST_STEP][PASSED] - i3 = x.indexOf("/") + 1: null

16-10-2024T08:35:16 - [TEST_STEP][PASSED] - x = x.substring(i3, x.length()): null

16-10-2024T08:35:16 - [TEST_STEP][PASSED] - return x: null

16-10-2024T08:35:16 - [TEST_STEP][PASSED] - tableA = Script1719551244403.NewDZO(x = tableA): null

16-10-2024T08:35:16 - [TEST_STEP][PASSED] - i3 = <not implemented yet for class: org.codehaus.groovy.ast.expr.EmptyExpression>: null

16-10-2024T08:35:16 - [TEST_STEP][PASSED] - i3 = x.indexOf("/") + 1: null

16-10-2024T08:35:16 - [TEST_STEP][PASSED] - x = x.substring(i3, x.length()): null

16-10-2024T08:35:16 - [TEST_STEP][PASSED] - return x: null

16-10-2024T08:35:16 - [TEST_STEP][PASSED] - tableA = Script1719551244403.NewDZO(x = tableA): null

16-10-2024T08:35:16 - [TEST_STEP][PASSED] - i3 = <not implemented yet for class: org.codehaus.groovy.ast.expr.EmptyExpression>: null

16-10-2024T08:35:16 - [TEST_STEP][PASSED] - i3 = x.indexOf("/") + 1: null

16-10-2024T08:35:16 - [TEST_STEP][PASSED] - x = x.substring(i3, x.length()): null

16-10-2024T08:35:16 - [TEST_STEP][PASSED] - return x: null

16-10-2024T08:35:16 - [TEST_STEP][PASSED] - tableA = Script1719551244403.NewDZO(x = tableA): null

16-10-2024T08:35:16 - [TEST_STEP][PASSED] - i3 = <not implemented yet for class: org.codehaus.groovy.ast.expr.EmptyExpression>: null

16-10-2024T08:35:16 - [TEST_STEP][PASSED] - i3 = x.indexOf("/") + 1: null

16-10-2024T08:35:16 - [TEST_STEP][PASSED] - x = x.substring(i3, x.length()): null

16-10-2024T08:35:16 - [TEST_STEP][PASSED] - return x: null

16-10-2024T08:35:16 - [TEST_STEP][PASSED] - tableA = Script1719551244403.NewDZO(x = tableA): null

16-10-2024T08:35:16 - [TEST_STEP][PASSED] - i3 = <not implemented yet for class: org.codehaus.groovy.ast.expr.EmptyExpression>: null

16-10-2024T08:35:16 - [TEST_STEP][PASSED] - i3 = x.indexOf("/") + 1: null

16-10-2024T08:35:16 - [TEST_STEP][PASSED] - x = x.substring(i3, x.length()): null

16-10-2024T08:35:16 - [TEST_STEP][PASSED] - return x: null

16-10-2024T08:35:16 - [TEST_STEP][PASSED] - tableA = Script1719551244403.NewDZO(x = tableA): null

16-10-2024T08:35:16 - [TEST_STEP][PASSED] - i3 = <not implemented yet for class: org.codehaus.groovy.ast.expr.EmptyExpression>: null

16-10-2024T08:35:16 - [TEST_STEP][PASSED] - i3 = x.indexOf("/") + 1: null

16-10-2024T08:35:16 - [TEST_STEP][PASSED] - x = x.substring(i3, x.length()): null

16-10-2024T08:35:16 - [TEST_STEP][PASSED] - return x: null

16-10-2024T08:35:16 - [TEST_STEP][PASSED] - tableA = Script1719551244403.NewDZO(x = tableA): null

16-10-2024T08:35:16 - [TEST_STEP][PASSED] - i3 = <not implemented yet for class: org.codehaus.groovy.ast.expr.EmptyExpression>: null

16-10-2024T08:35:16 - [TEST_STEP][PASSED] - i3 = x.indexOf("/") + 1: null

16-10-2024T08:35:16 - [TEST_STEP][PASSED] - x = x.substring(i3, x.length()): null

16-10-2024T08:35:16 - [TEST_STEP][PASSED] - return x: null

16-10-2024T08:35:16 - [TEST_STEP][PASSED] - tableA = Script1719551244403.NewDZO(x = tableA): null

16-10-2024T08:35:16 - [TEST_STEP][PASSED] - i3 = <not implemented yet for class: org.codehaus.groovy.ast.expr.EmptyExpression>: null

16-10-2024T08:35:16 - [TEST_STEP][PASSED] - i3 = x.indexOf("/") + 1: null

16-10-2024T08:35:16 - [TEST_STEP][PASSED] - x = x.substring(i3, x.length()): null

16-10-2024T08:35:16 - [TEST_STEP][PASSED] - return x: null

16-10-2024T08:35:16 - [TEST_STEP][PASSED] - i = tableA.indexOf("Тюмень"): null

16-10-2024T08:35:16 - [TEST_STEP][PASSED] - ToA = replaceAll("\p{P}", "").trim(): null

16-10-2024T08:35:16 - [TEST_STEP][PASSED] - println("ToA: " + ToA): null

16-10-2024T08:35:16 - [TEST_STEP][PASSED] - tableA = Script1719551244403.NewDZO(x = tableA): null

16-10-2024T08:35:16 - [TEST_STEP][PASSED] - i3 = <not implemented yet for class: org.codehaus.groovy.ast.expr.EmptyExpression>: null

16-10-2024T08:35:16 - [TEST_STEP][PASSED] - i3 = x.indexOf("/") + 1: null

16-10-2024T08:35:16 - [TEST_STEP][PASSED] - x = x.substring(i3, x.length()): null

16-10-2024T08:35:16 - [TEST_STEP][PASSED] - return x: null

16-10-2024T08:35:16 - [TEST_STEP][PASSED] - TyuA = replaceAll("\p{P}", "").trim(): null

16-10-2024T08:35:16 - [TEST_STEP][PASSED] - println("TyuA: " + TyuA): null

16-10-2024T08:35:16 - [TEST_STEP][PASSED] - tableA = Script1719551244403.NewDZO(x = tableA): null

16-10-2024T08:35:16 - [TEST_STEP][PASSED] - i3 = <not implemented yet for class: org.codehaus.groovy.ast.expr.EmptyExpression>: null

16-10-2024T08:35:16 - [TEST_STEP][PASSED] - i3 = x.indexOf("/") + 1: null

16-10-2024T08:35:16 - [TEST_STEP][PASSED] - x = x.substring(i3, x.length()): null

16-10-2024T08:35:16 - [TEST_STEP][PASSED] - return x: null

16-10-2024T08:35:16 - [TEST_STEP][PASSED] - i = tableA.indexOf("ЕЭС"): null

16-10-2024T08:35:16 - [TEST_STEP][PASSED] - UrA = replaceAll("\p{P}", "").trim(): null

16-10-2024T08:35:16 - [TEST_STEP][PASSED] - println("UrA: " + UrA): null

16-10-2024T08:35:16 - [TEST_STEP][PASSED] - for ([i = 1, i < 4, (i++)]): null

16-10-2024T08:35:16 - [TEST_STEP][PASSED] - tableA = Script1719551244403.NewDZO(x = tableA): null

16-10-2024T08:35:16 - [TEST_STEP][PASSED] - i3 = <not implemented yet for class: org.codehaus.groovy.ast.expr.EmptyExpression>: null

16-10-2024T08:35:16 - [TEST_STEP][PASSED] - i3 = x.indexOf("/") + 1: null

16-10-2024T08:35:16 - [TEST_STEP][PASSED] - x = x.substring(i3, x.length()): null

16-10-2024T08:35:16 - [TEST_STEP][PASSED] - return x: null

16-10-2024T08:35:16 - [TEST_STEP][PASSED] - tableA = Script1719551244403.NewDZO(x = tableA): null

16-10-2024T08:35:16 - [TEST_STEP][PASSED] - i3 = <not implemented yet for class: org.codehaus.groovy.ast.expr.EmptyExpression>: null

16-10-2024T08:35:16 - [TEST_STEP][PASSED] - i3 = x.indexOf("/") + 1: null

16-10-2024T08:35:16 - [TEST_STEP][PASSED] - x = x.substring(i3, x.length()): null

16-10-2024T08:35:16 - [TEST_STEP][PASSED] - return x: null

16-10-2024T08:35:16 - [TEST_STEP][PASSED] - tableA = Script1719551244403.NewDZO(x = tableA): null

16-10-2024T08:35:16 - [TEST_STEP][PASSED] - i3 = <not implemented yet for class: org.codehaus.groovy.ast.expr.EmptyExpression>: null

16-10-2024T08:35:16 - [TEST_STEP][PASSED] - i3 = x.indexOf("/") + 1: null

16-10-2024T08:35:16 - [TEST_STEP][PASSED] - x = x.substring(i3, x.length()): null

16-10-2024T08:35:16 - [TEST_STEP][PASSED] - return x: null

16-10-2024T08:35:16 - [TEST_STEP][PASSED] - i = tableA.indexOf("Центр"): null

16-10-2024T08:35:16 - [TEST_STEP][PASSED] - FSKA = replaceAll("\p{P}", "").trim(): null

16-10-2024T08:35:16 - [TEST_STEP][PASSED] - println("FSKA: " + FSKA): null

16-10-2024T08:35:16 - [TEST_STEP][PASSED] - tableA = Script1719551244403.NewDZO(x = tableA): null

16-10-2024T08:35:16 - [TEST_STEP][PASSED] - i3 = <not implemented yet for class: org.codehaus.groovy.ast.expr.EmptyExpression>: null

16-10-2024T08:35:16 - [TEST_STEP][PASSED] - i3 = x.indexOf("/") + 1: null

16-10-2024T08:35:16 - [TEST_STEP][PASSED] - x = x.substring(i3, x.length()): null

16-10-2024T08:35:16 - [TEST_STEP][PASSED] - return x: null

16-10-2024T08:35:16 - [TEST_STEP][PASSED] - i = tableA.indexOf("Приволжье"): null

16-10-2024T08:35:16 - [TEST_STEP][PASSED] - CenA = replaceAll("\p{P}", "").trim(): null

16-10-2024T08:35:16 - [TEST_STEP][PASSED] - println("CenA: " + CenA): null

16-10-2024T08:35:16 - [TEST_STEP][PASSED] - for ([i = 1, i < 12, (i++)]): null

16-10-2024T08:35:16 - [TEST_STEP][PASSED] - tableA = Script1719551244403.NewDZO(x = tableA): null

16-10-2024T08:35:16 - [TEST_STEP][PASSED] - i3 = <not implemented yet for class: org.codehaus.groovy.ast.expr.EmptyExpression>: null

16-10-2024T08:35:16 - [TEST_STEP][PASSED] - i3 = x.indexOf("/") + 1: null

16-10-2024T08:35:16 - [TEST_STEP][PASSED] - x = x.substring(i3, x.length()): null

16-10-2024T08:35:16 - [TEST_STEP][PASSED] - return x: null

16-10-2024T08:35:16 - [TEST_STEP][PASSED] - tableA = Script1719551244403.NewDZO(x = tableA): null

16-10-2024T08:35:16 - [TEST_STEP][PASSED] - i3 = <not implemented yet for class: org.codehaus.groovy.ast.expr.EmptyExpression>: null

16-10-2024T08:35:16 - [TEST_STEP][PASSED] - i3 = x.indexOf("/") + 1: null

16-10-2024T08:35:16 - [TEST_STEP][PASSED] - x = x.substring(i3, x.length()): null

16-10-2024T08:35:16 - [TEST_STEP][PASSED] - return x: null

16-10-2024T08:35:16 - [TEST_STEP][PASSED] - tableA = Script1719551244403.NewDZO(x = tableA): null

16-10-2024T08:35:16 - [TEST_STEP][PASSED] - i3 = <not implemented yet for class: org.codehaus.groovy.ast.expr.EmptyExpression>: null

16-10-2024T08:35:16 - [TEST_STEP][PASSED] - i3 = x.indexOf("/") + 1: null

16-10-2024T08:35:16 - [TEST_STEP][PASSED] - x = x.substring(i3, x.length()): null

16-10-2024T08:35:16 - [TEST_STEP][PASSED] - return x: null

16-10-2024T08:35:16 - [TEST_STEP][PASSED] - tableA = Script1719551244403.NewDZO(x = tableA): null

16-10-2024T08:35:16 - [TEST_STEP][PASSED] - i3 = <not implemented yet for class: org.codehaus.groovy.ast.expr.EmptyExpression>: null

16-10-2024T08:35:16 - [TEST_STEP][PASSED] - i3 = x.indexOf("/") + 1: null

16-10-2024T08:35:16 - [TEST_STEP][PASSED] - x = x.substring(i3, x.length()): null

16-10-2024T08:35:16 - [TEST_STEP][PASSED] - return x: null

16-10-2024T08:35:16 - [TEST_STEP][PASSED] - tableA = Script1719551244403.NewDZO(x = tableA): null

16-10-2024T08:35:16 - [TEST_STEP][PASSED] - i3 = <not implemented yet for class: org.codehaus.groovy.ast.expr.EmptyExpression>: null

16-10-2024T08:35:16 - [TEST_STEP][PASSED] - i3 = x.indexOf("/") + 1: null

16-10-2024T08:35:16 - [TEST_STEP][PASSED] - x = x.substring(i3, x.length()): null

16-10-2024T08:35:16 - [TEST_STEP][PASSED] - return x: null

16-10-2024T08:35:16 - [TEST_STEP][PASSED] - tableA = Script1719551244403.NewDZO(x = tableA): null

16-10-2024T08:35:16 - [TEST_STEP][PASSED] - i3 = <not implemented yet for class: org.codehaus.groovy.ast.expr.EmptyExpression>: null

16-10-2024T08:35:16 - [TEST_STEP][PASSED] - i3 = x.indexOf("/") + 1: null

16-10-2024T08:35:16 - [TEST_STEP][PASSED] - x = x.substring(i3, x.length()): null

16-10-2024T08:35:16 - [TEST_STEP][PASSED] - return x: null

16-10-2024T08:35:16 - [TEST_STEP][PASSED] - tableA = Script1719551244403.NewDZO(x = tableA): null

16-10-2024T08:35:16 - [TEST_STEP][PASSED] - i3 = <not implemented yet for class: org.codehaus.groovy.ast.expr.EmptyExpression>: null

16-10-2024T08:35:16 - [TEST_STEP][PASSED] - i3 = x.indexOf("/") + 1: null

16-10-2024T08:35:16 - [TEST_STEP][PASSED] - x = x.substring(i3, x.length()): null

16-10-2024T08:35:16 - [TEST_STEP][PASSED] - return x: null

16-10-2024T08:35:16 - [TEST_STEP][PASSED] - tableA = Script1719551244403.NewDZO(x = tableA): null

16-10-2024T08:35:16 - [TEST_STEP][PASSED] - i3 = <not implemented yet for class: org.codehaus.groovy.ast.expr.EmptyExpression>: null

16-10-2024T08:35:16 - [TEST_STEP][PASSED] - i3 = x.indexOf("/") + 1: null

16-10-2024T08:35:16 - [TEST_STEP][PASSED] - x = x.substring(i3, x.length()): null

16-10-2024T08:35:16 - [TEST_STEP][PASSED] - return x: null

16-10-2024T08:35:16 - [TEST_STEP][PASSED] - tableA = Script1719551244403.NewDZO(x = tableA): null

16-10-2024T08:35:16 - [TEST_STEP][PASSED] - i3 = <not implemented yet for class: org.codehaus.groovy.ast.expr.EmptyExpression>: null

16-10-2024T08:35:16 - [TEST_STEP][PASSED] - i3 = x.indexOf("/") + 1: null

16-10-2024T08:35:16 - [TEST_STEP][PASSED] - x = x.substring(i3, x.length()): null

16-10-2024T08:35:16 - [TEST_STEP][PASSED] - return x: null

16-10-2024T08:35:16 - [TEST_STEP][PASSED] - tableA = Script1719551244403.NewDZO(x = tableA): null

16-10-2024T08:35:16 - [TEST_STEP][PASSED] - i3 = <not implemented yet for class: org.codehaus.groovy.ast.expr.EmptyExpression>: null

16-10-2024T08:35:16 - [TEST_STEP][PASSED] - i3 = x.indexOf("/") + 1: null

16-10-2024T08:35:16 - [TEST_STEP][PASSED] - x = x.substring(i3, x.length()): null

16-10-2024T08:35:16 - [TEST_STEP][PASSED] - return x: null

16-10-2024T08:35:16 - [TEST_STEP][PASSED] - tableA = Script1719551244403.NewDZO(x = tableA): null

16-10-2024T08:35:16 - [TEST_STEP][PASSED] - i3 = <not implemented yet for class: org.codehaus.groovy.ast.expr.EmptyExpression>: null

16-10-2024T08:35:16 - [TEST_STEP][PASSED] - i3 = x.indexOf("/") + 1: null

16-10-2024T08:35:16 - [TEST_STEP][PASSED] - x = x.substring(i3, x.length()): null

16-10-2024T08:35:16 - [TEST_STEP][PASSED] - return x: null

16-10-2024T08:35:16 - [TEST_STEP][PASSED] - i = tableA.indexOf("Юг"): null

16-10-2024T08:35:16 - [TEST_STEP][PASSED] - CiPA = replaceAll("\p{P}", "").trim(): null

16-10-2024T08:35:16 - [TEST_STEP][PASSED] - println("CiPA: " + CiPA): null

16-10-2024T08:35:16 - [TEST_STEP][PASSED] - for ([i = 1, i < 10, (i++)]): null

16-10-2024T08:35:16 - [TEST_STEP][PASSED] - tableA = Script1719551244403.NewDZO(x = tableA): null

16-10-2024T08:35:16 - [TEST_STEP][PASSED] - i3 = <not implemented yet for class: org.codehaus.groovy.ast.expr.EmptyExpression>: null

16-10-2024T08:35:16 - [TEST_STEP][PASSED] - i3 = x.indexOf("/") + 1: null

16-10-2024T08:35:16 - [TEST_STEP][PASSED] - x = x.substring(i3, x.length()): null

16-10-2024T08:35:16 - [TEST_STEP][PASSED] - return x: null

16-10-2024T08:35:16 - [TEST_STEP][PASSED] - tableA = Script1719551244403.NewDZO(x = tableA): null

16-10-2024T08:35:16 - [TEST_STEP][PASSED] - i3 = <not implemented yet for class: org.codehaus.groovy.ast.expr.EmptyExpression>: null

16-10-2024T08:35:16 - [TEST_STEP][PASSED] - i3 = x.indexOf("/") + 1: null

16-10-2024T08:35:16 - [TEST_STEP][PASSED] - x = x.substring(i3, x.length()): null

16-10-2024T08:35:16 - [TEST_STEP][PASSED] - return x: null

16-10-2024T08:35:16 - [TEST_STEP][PASSED] - tableA = Script1719551244403.NewDZO(x = tableA): null

16-10-2024T08:35:16 - [TEST_STEP][PASSED] - i3 = <not implemented yet for class: org.codehaus.groovy.ast.expr.EmptyExpression>: null

16-10-2024T08:35:16 - [TEST_STEP][PASSED] - i3 = x.indexOf("/") + 1: null

16-10-2024T08:35:16 - [TEST_STEP][PASSED] - x = x.substring(i3, x.length()): null

16-10-2024T08:35:16 - [TEST_STEP][PASSED] - return x: null

16-10-2024T08:35:16 - [TEST_STEP][PASSED] - tableA = Script1719551244403.NewDZO(x = tableA): null

16-10-2024T08:35:16 - [TEST_STEP][PASSED] - i3 = <not implemented yet for class: org.codehaus.groovy.ast.expr.EmptyExpression>: null

16-10-2024T08:35:16 - [TEST_STEP][PASSED] - i3 = x.indexOf("/") + 1: null

16-10-2024T08:35:16 - [TEST_STEP][PASSED] - x = x.substring(i3, x.length()): null

16-10-2024T08:35:16 - [TEST_STEP][PASSED] - return x: null

16-10-2024T08:35:16 - [TEST_STEP][PASSED] - tableA = Script1719551244403.NewDZO(x = tableA): null

16-10-2024T08:35:16 - [TEST_STEP][PASSED] - i3 = <not implemented yet for class: org.codehaus.groovy.ast.expr.EmptyExpression>: null

16-10-2024T08:35:16 - [TEST_STEP][PASSED] - i3 = x.indexOf("/") + 1: null

16-10-2024T08:35:16 - [TEST_STEP][PASSED] - x = x.substring(i3, x.length()): null

16-10-2024T08:35:16 - [TEST_STEP][PASSED] - return x: null

16-10-2024T08:35:16 - [TEST_STEP][PASSED] - tableA = Script1719551244403.NewDZO(x = tableA): null

16-10-2024T08:35:16 - [TEST_STEP][PASSED] - i3 = <not implemented yet for class: org.codehaus.groovy.ast.expr.EmptyExpression>: null

16-10-2024T08:35:16 - [TEST_STEP][PASSED] - i3 = x.indexOf("/") + 1: null

16-10-2024T08:35:16 - [TEST_STEP][PASSED] - x = x.substring(i3, x.length()): null

16-10-2024T08:35:16 - [TEST_STEP][PASSED] - return x: null

16-10-2024T08:35:16 - [TEST_STEP][PASSED] - tableA = Script1719551244403.NewDZO(x = tableA): null

16-10-2024T08:35:16 - [TEST_STEP][PASSED] - i3 = <not implemented yet for class: org.codehaus.groovy.ast.expr.EmptyExpression>: null

16-10-2024T08:35:16 - [TEST_STEP][PASSED] - i3 = x.indexOf("/") + 1: null

16-10-2024T08:35:16 - [TEST_STEP][PASSED] - x = x.substring(i3, x.length()): null

16-10-2024T08:35:16 - [TEST_STEP][PASSED] - return x: null

16-10-2024T08:35:16 - [TEST_STEP][PASSED] - tableA = Script1719551244403.NewDZO(x = tableA): null

16-10-2024T08:35:16 - [TEST_STEP][PASSED] - i3 = <not implemented yet for class: org.codehaus.groovy.ast.expr.EmptyExpression>: null

16-10-2024T08:35:16 - [TEST_STEP][PASSED] - i3 = x.indexOf("/") + 1: null

16-10-2024T08:35:16 - [TEST_STEP][PASSED] - x = x.substring(i3, x.length()): null

16-10-2024T08:35:16 - [TEST_STEP][PASSED] - return x: null

16-10-2024T08:35:16 - [TEST_STEP][PASSED] - tableA = Script1719551244403.NewDZO(x = tableA): null

16-10-2024T08:35:16 - [TEST_STEP][PASSED] - i3 = <not implemented yet for class: org.codehaus.groovy.ast.expr.EmptyExpression>: null

16-10-2024T08:35:16 - [TEST_STEP][PASSED] - i3 = x.indexOf("/") + 1: null

16-10-2024T08:35:16 - [TEST_STEP][PASSED] - x = x.substring(i3, x.length()): null

16-10-2024T08:35:16 - [TEST_STEP][PASSED] - return x: null

16-10-2024T08:35:16 - [TEST_STEP][PASSED] - i = tableA.indexOf("Янтарь"): null

16-10-2024T08:35:16 - [TEST_STEP][PASSED] - UgA = replaceAll("\p{P}", "").trim(): null

16-10-2024T08:35:16 - [TEST_STEP][PASSED] - println("UgA: " + UgA): null

16-10-2024T08:35:16 - [TEST_STEP][PASSED] - i = tableA.lastIndexOf("/"): null

16-10-2024T08:35:16 - [TEST_STEP][PASSED] - YaA = replaceAll("\p{P}", "").trim(): null

16-10-2024T08:35:16 - [TEST_STEP][PASSED] - println("YaA: " + YaA): null

16-10-2024T08:35:16 - [TEST_STEP][PASSED] - delay(10): Delayed 10 second(s)

16-10-2024T08:35:26 - [MESSAGE][PASSED] - Delayed 10 second(s)

16-10-2024T08:35:26 - [TEST_STEP][PASSED] - navigateToUrl(findTestData("PlanFact").getValue(10, 11)): Navigate to 'https://bi.rosseti.digital/viewer?dashboardGuid=a1fd28b3785d443cbc4d7690a1d78e31&sheetGuid=d3a0ddec2e914cb380b20dca74903099&fit=true' successfully

16-10-2024T08:35:26 - [MESSAGE][PASSED] - Navigate to 'https://bi.rosseti.digital/viewer?dashboardGuid=a1fd28b3785d443cbc4d7690a1d78e31&sheetGuid=d3a0ddec2e914cb380b20dca74903099&fit=true' successfully

16-10-2024T08:35:26 - [TEST_STEP][PASSED] - b = <not implemented yet for class: org.codehaus.groovy.ast.expr.EmptyExpression>: null

16-10-2024T08:35:26 - [TEST_STEP][PASSED] - b1 = <not implemented yet for class: org.codehaus.groovy.ast.expr.EmptyExpression>: null

16-10-2024T08:35:26 - [TEST_STEP][PASSED] - b2 = <not implemented yet for class: org.codehaus.groovy.ast.expr.EmptyExpression>: null

16-10-2024T08:35:26 - [TEST_STEP][PASSED] - click(findTestObject("Факторный анализ/Фильтр Дата Выручка")): Object: 'Object Repository/Факторный анализ/Фильтр Дата Выручка' is clicked on

16-10-2024T08:35:50 - [MESSAGE][PASSED] - Object: 'Object Repository/Факторный анализ/Фильтр Дата Выручка' is clicked on

16-10-2024T08:35:50 - [TEST_STEP][PASSED] - click(findTestObject("Факторный анализ/Снять выделение в фильтре Дата Выручка")): Object: 'Object Repository/Факторный анализ/Снять выделение в фильтре Дата Выручка' is clicked on

16-10-2024T08:35:51 - [MESSAGE][PASSED] - Object: 'Object Repository/Факторный анализ/Снять выделение в фильтре Дата Выручка' is clicked on

16-10-2024T08:35:51 - [TEST_STEP][PASSED] - click(findTestObject("Факторный анализ/Применить в фильтре Дата Выручка")): Object: 'Object Repository/Факторный анализ/Применить в фильтре Дата Выручка' is clicked on

16-10-2024T08:35:52 - [MESSAGE][PASSED] - Object: 'Object Repository/Факторный анализ/Применить в фильтре Дата Выручка' is clicked on

16-10-2024T08:35:52 - [TEST_STEP][PASSED] - delay(10): Delayed 10 second(s)

16-10-2024T08:36:02 - [MESSAGE][PASSED] - Delayed 10 second(s)

16-10-2024T08:36:02 - [TEST_STEP][PASSED] - click(findTestObject("Факторный анализ/Фильтр Дата Выручка")): Object: 'Object Repository/Факторный анализ/Фильтр Дата Выручка' is clicked on

16-10-2024T08:36:02 - [MESSAGE][PASSED] - Object: 'Object Repository/Факторный анализ/Фильтр Дата Выручка' is clicked on

16-10-2024T08:36:02 - [TEST_STEP][PASSED] - click(findTestObject("Факторный анализ/Снять выделение в фильтре Дата Выручка")): Object: 'Object Repository/Факторный анализ/Снять выделение в фильтре Дата Выручка' is clicked on

16-10-2024T08:36:02 - [MESSAGE][PASSED] - Object: 'Object Repository/Факторный анализ/Снять выделение в фильтре Дата Выручка' is clicked on

16-10-2024T08:36:02 - [TEST_STEP][PASSED] - scrollToElement(findTestObject("Факторный анализ/2024 список Выручка"), 30): Scroll to object 'Object Repository/Факторный анализ/2024 список Выручка' successfully

16-10-2024T08:36:03 - [MESSAGE][PASSED] - Scroll to object 'Object Repository/Факторный анализ/2024 список Выручка' successfully

16-10-2024T08:36:03 - [TEST_STEP][PASSED] - click(findTestObject("Факторный анализ/2024 список Выручка")): Object: 'Object Repository/Факторный анализ/2024 список Выручка' is clicked on

16-10-2024T08:36:03 - [MESSAGE][PASSED] - Object: 'Object Repository/Факторный анализ/2024 список Выручка' is clicked on

16-10-2024T08:36:03 - [TEST_STEP][PASSED] - scrollToElement(findTestObject("Факторный анализ/1 квартал 2024 выбрать Выручка"), 30): Scroll to object 'Object Repository/Факторный анализ/1 квартал 2024 выбрать Выручка' successfully

16-10-2024T08:36:03 - [MESSAGE][PASSED] - Scroll to object 'Object Repository/Факторный анализ/1 квартал 2024 выбрать Выручка' successfully

16-10-2024T08:36:03 - [TEST_STEP][PASSED] - click(findTestObject("Факторный анализ/1 квартал 2024 выбрать Выручка")): Object: 'Object Repository/Факторный анализ/1 квартал 2024 выбрать Выручка' is clicked on

16-10-2024T08:36:04 - [MESSAGE][PASSED] - Object: 'Object Repository/Факторный анализ/1 квартал 2024 выбрать Выручка' is clicked on

16-10-2024T08:36:04 - [TEST_STEP][PASSED] - scrollToElement(findTestObject("Факторный анализ/2 квартал 2024 выбрать Выручка"), 30): Scroll to object 'Object Repository/Факторный анализ/2 квартал 2024 выбрать Выручка' successfully

16-10-2024T08:36:04 - [MESSAGE][PASSED] - Scroll to object 'Object Repository/Факторный анализ/2 квартал 2024 выбрать Выручка' successfully

16-10-2024T08:36:04 - [TEST_STEP][PASSED] - click(findTestObject("Факторный анализ/2 квартал 2024 выбрать Выручка"), CONTINUE_ON_FAILURE): Object: 'Object Repository/Факторный анализ/2 квартал 2024 выбрать Выручка' is clicked on

16-10-2024T08:36:05 - [MESSAGE][PASSED] - Object: 'Object Repository/Факторный анализ/2 квартал 2024 выбрать Выручка' is clicked on

16-10-2024T08:36:05 - [TEST_STEP][PASSED] - click(findTestObject("Факторный анализ/3 квартал 2024 список Выручка"), CONTINUE_ON_FAILURE): Object: 'Object Repository/Факторный анализ/3 квартал 2024 список Выручка' is clicked on

16-10-2024T08:36:05 - [MESSAGE][PASSED] - Object: 'Object Repository/Факторный анализ/3 квартал 2024 список Выручка' is clicked on

16-10-2024T08:36:05 - [TEST_STEP][PASSED] - click(findTestObject("Факторный анализ/Июль 2024 Выручка"), CONTINUE_ON_FAILURE): Object: 'Object Repository/Факторный анализ/Июль 2024 Выручка' is clicked on

16-10-2024T08:36:05 - [MESSAGE][PASSED] - Object: 'Object Repository/Факторный анализ/Июль 2024 Выручка' is clicked on

16-10-2024T08:36:05 - [TEST_STEP][PASSED] - scrollToElement(findTestObject("Факторный анализ/Август 2024 Выручка"), 30): Scroll to object 'Object Repository/Факторный анализ/Август 2024 Выручка' successfully

16-10-2024T08:36:06 - [MESSAGE][PASSED] - Scroll to object 'Object Repository/Факторный анализ/Август 2024 Выручка' successfully

16-10-2024T08:36:06 - [TEST_STEP][PASSED] - click(findTestObject("Факторный анализ/Август 2024 Выручка"), CONTINUE_ON_FAILURE): Object: 'Object Repository/Факторный анализ/Август 2024 Выручка' is clicked on

16-10-2024T08:36:06 - [MESSAGE][PASSED] - Object: 'Object Repository/Факторный анализ/Август 2024 Выручка' is clicked on

16-10-2024T08:36:06 - [TEST_STEP][PASSED] - scrollToElement(findTestObject("Факторный анализ/Заголовок дашборда Выручка"), 30): Scroll to object 'Object Repository/Факторный анализ/Заголовок дашборда Выручка' successfully

16-10-2024T08:36:07 - [MESSAGE][PASSED] - Scroll to object 'Object Repository/Факторный анализ/Заголовок дашборда Выручка' successfully

16-10-2024T08:36:07 - [TEST_STEP][PASSED] - click(findTestObject("Факторный анализ/Применить в фильтре Дата Выручка")): Object: 'Object Repository/Факторный анализ/Применить в фильтре Дата Выручка' is clicked on

16-10-2024T08:36:07 - [MESSAGE][PASSED] - Object: 'Object Repository/Факторный анализ/Применить в фильтре Дата Выручка' is clicked on

16-10-2024T08:36:07 - [TEST_STEP][PASSED] - if (run == 1): null

16-10-2024T08:36:07 - [TEST_STEP][PASSED] - b = getText(findTestObject("Факторный анализ/Отклонения выручки по факторам Выручка")): Text of object 'Object Repository/Факторный анализ/Отклонения выручки по факторам Выручка' is: '34 99734 997
-9 626-9 626
Отклонение (объём услуг) филиал без Nan
Отклонение (средний тариф) филиал без Nan
ПАО Россети'

16-10-2024T08:36:11 - [MESSAGE][PASSED] - Text of object 'Object Repository/Факторный анализ/Отклонения выручки по факторам Выручка' is: '34 99734 997
-9 626-9 626
Отклонение (объём услуг) филиал без Nan
Отклонение (средний тариф) филиал без Nan
ПАО Россети'

16-10-2024T08:36:11 - [TEST_STEP][PASSED] - b = b.replaceAll("[\r?
|
]", "/"): null

16-10-2024T08:36:11 - [TEST_STEP][PASSED] - println("b: " + b): null

16-10-2024T08:36:11 - [TEST_STEP][PASSED] - i = b.indexOf("Отклонение"): null

16-10-2024T08:36:11 - [TEST_STEP][PASSED] - if (i > -1): null

16-10-2024T08:36:11 - [TEST_STEP][PASSED] - i = i: null

16-10-2024T08:36:11 - [TEST_STEP][PASSED] - b = substring(0, i).trim(): null

16-10-2024T08:36:11 - [TEST_STEP][PASSED] - println("b: " + b): null

16-10-2024T08:36:11 - [TEST_STEP][PASSED] - i = b.indexOf("/"): null

16-10-2024T08:36:11 - [TEST_STEP][PASSED] - if (i > -1): null

16-10-2024T08:36:11 - [TEST_STEP][PASSED] - b1 = b.substring(0, i): null

16-10-2024T08:36:11 - [TEST_STEP][PASSED] - println("b1: " + b1): null

16-10-2024T08:36:11 - [TEST_STEP][PASSED] - b2 = b.substring(b1.length() + 1, b.length()): null

16-10-2024T08:36:11 - [TEST_STEP][PASSED] - println("b2: " + b2): null

16-10-2024T08:36:11 - [TEST_STEP][PASSED] - i = b1.length() / 2: null

16-10-2024T08:36:11 - [TEST_STEP][PASSED] - if (i > -1): null

16-10-2024T08:36:11 - [TEST_STEP][PASSED] - b1 = replaceAll("\s+", "").trim(): null

16-10-2024T08:36:11 - [TEST_STEP][PASSED] - println("b1: " + b1): null

16-10-2024T08:36:11 - [TEST_STEP][PASSED] - i = b2.length() / 2: null

16-10-2024T08:36:11 - [TEST_STEP][PASSED] - if (i > -1): null

16-10-2024T08:36:11 - [TEST_STEP][PASSED] - b2 = replaceAll("\s+", "").trim(): null

16-10-2024T08:36:11 - [TEST_STEP][PASSED] - println("b2: " + b2): null

16-10-2024T08:36:11 - [TEST_STEP][PASSED] - vidget = "Отклонения выручки по факторам": null

16-10-2024T08:36:11 - [TEST_STEP][PASSED] - DZO = "ПАО Россети": null

16-10-2024T08:36:11 - [TEST_STEP][PASSED] - typeOfData = "Отклонение (объём услуг)": null

16-10-2024T08:36:11 - [TEST_STEP][PASSED] - Script1719551244403.Compare(x = a1, y = b1, run, typeOfData, otobrajeniyeDannyh, todaysDate, vidget, DZO): null

16-10-2024T08:36:11 - [TEST_STEP][FAILED] - if (verifyEqual(x, y) == true): Unable to verify equal between actual object '-292398' and expected object '34997' (Root cause: com.kms.katalon.core.exception.StepFailedException: Actual object '-292398' and expected object '34997' are not equal
	at com.kms.katalon.core.keyword.builtin.VerifyEqualKeyword$_verifyEqual_closure1.doCall(VerifyEqualKeyword.groovy:58)
	at com.kms.katalon.core.keyword.builtin.VerifyEqualKeyword$_verifyEqual_closure1.call(VerifyEqualKeyword.groovy)
	at com.kms.katalon.core.keyword.internal.KeywordMain.runKeyword(KeywordMain.groovy:75)
	at com.kms.katalon.core.keyword.builtin.VerifyEqualKeyword.verifyEqual(VerifyEqualKeyword.groovy:63)
	at com.kms.katalon.core.keyword.builtin.VerifyEqualKeyword.execute(VerifyEqualKeyword.groovy:44)
	at com.kms.katalon.core.keyword.internal.KeywordExecutor.executeKeywordForPlatform(KeywordExecutor.groovy:74)
	at com.kms.katalon.core.keyword.BuiltinKeywords.verifyEqual(BuiltinKeywords.groovy:146)
	at jdk.internal.reflect.GeneratedMethodAccessor25.invoke(Unknown Source)
	at java.base/jdk.internal.reflect.DelegatingMethodAccessorImpl.invoke(DelegatingMethodAccessorImpl.java:43)
	at Факторный анализ сверка дашбордов.Compare(Факторный анализ сверка дашбордов:668)
	at Факторный анализ сверка дашбордов.Test(Факторный анализ сверка дашбордов:432)
	at Факторный анализ сверка дашбордов.run(Факторный анализ сверка дашбордов:44)
	at com.kms.katalon.core.main.ScriptEngine.run(ScriptEngine.java:194)
	at com.kms.katalon.core.main.ScriptEngine.runScriptAsRawText(ScriptEngine.java:119)
	at com.kms.katalon.core.main.TestCaseExecutor.runScript(TestCaseExecutor.java:448)
	at com.kms.katalon.core.main.TestCaseExecutor.doExecute(TestCaseExecutor.java:439)
	at com.kms.katalon.core.main.TestCaseExecutor.processExecutionPhase(TestCaseExecutor.java:418)
	at com.kms.katalon.core.main.TestCaseExecutor.accessMainPhase(TestCaseExecutor.java:410)
	at com.kms.katalon.core.main.TestCaseExecutor.execute(TestCaseExecutor.java:285)
	at com.kms.katalon.core.common.CommonExecutor.accessTestCaseMainPhase(CommonExecutor.java:65)
	at com.kms.katalon.core.main.TestSuiteExecutor.accessTestSuiteMainPhase(TestSuiteExecutor.java:150)
	at com.kms.katalon.core.main.TestSuiteExecutor.execute(TestSuiteExecutor.java:106)
	at com.kms.katalon.core.main.TestCaseMain.startTestSuite(TestCaseMain.java:180)
	at TempTestSuite1729050801829.run(TempTestSuite1729050801829.groovy:35)
	at java.base/jdk.internal.reflect.NativeMethodAccessorImpl.invoke0(Native Method)
	at java.base/jdk.internal.reflect.NativeMethodAccessorImpl.invoke(NativeMethodAccessorImpl.java:77)
	at java.base/jdk.internal.reflect.DelegatingMethodAccessorImpl.invoke(DelegatingMethodAccessorImpl.java:43)
)

16-10-2024T08:36:11 - [MESSAGE][FAILED] - Unable to verify equal between actual object '-292398' and expected object '34997' (Root cause: com.kms.katalon.core.exception.StepFailedException: Actual object '-292398' and expected object '34997' are not equal
	at com.kms.katalon.core.keyword.builtin.VerifyEqualKeyword$_verifyEqual_closure1.doCall(VerifyEqualKeyword.groovy:58)
	at com.kms.katalon.core.keyword.builtin.VerifyEqualKeyword$_verifyEqual_closure1.call(VerifyEqualKeyword.groovy)
	at com.kms.katalon.core.keyword.internal.KeywordMain.runKeyword(KeywordMain.groovy:75)
	at com.kms.katalon.core.keyword.builtin.VerifyEqualKeyword.verifyEqual(VerifyEqualKeyword.groovy:63)
	at com.kms.katalon.core.keyword.builtin.VerifyEqualKeyword.execute(VerifyEqualKeyword.groovy:44)
	at com.kms.katalon.core.keyword.internal.KeywordExecutor.executeKeywordForPlatform(KeywordExecutor.groovy:74)
	at com.kms.katalon.core.keyword.BuiltinKeywords.verifyEqual(BuiltinKeywords.groovy:146)
	at jdk.internal.reflect.GeneratedMethodAccessor25.invoke(Unknown Source)
	at java.base/jdk.internal.reflect.DelegatingMethodAccessorImpl.invoke(DelegatingMethodAccessorImpl.java:43)
	at Факторный анализ сверка дашбордов.Compare(Факторный анализ сверка дашбордов:668)
	at Факторный анализ сверка дашбордов.Test(Факторный анализ сверка дашбордов:432)
	at Факторный анализ сверка дашбордов.run(Факторный анализ сверка дашбордов:44)
	at com.kms.katalon.core.main.ScriptEngine.run(ScriptEngine.java:194)
	at com.kms.katalon.core.main.ScriptEngine.runScriptAsRawText(ScriptEngine.java:119)
	at com.kms.katalon.core.main.TestCaseExecutor.runScript(TestCaseExecutor.java:448)
	at com.kms.katalon.core.main.TestCaseExecutor.doExecute(TestCaseExecutor.java:439)
	at com.kms.katalon.core.main.TestCaseExecutor.processExecutionPhase(TestCaseExecutor.java:418)
	at com.kms.katalon.core.main.TestCaseExecutor.accessMainPhase(TestCaseExecutor.java:410)
	at com.kms.katalon.core.main.TestCaseExecutor.execute(TestCaseExecutor.java:285)
	at com.kms.katalon.core.common.CommonExecutor.accessTestCaseMainPhase(CommonExecutor.java:65)
	at com.kms.katalon.core.main.TestSuiteExecutor.accessTestSuiteMainPhase(TestSuiteExecutor.java:150)
	at com.kms.katalon.core.main.TestSuiteExecutor.execute(TestSuiteExecutor.java:106)
	at com.kms.katalon.core.main.TestCaseMain.startTestSuite(TestCaseMain.java:180)
	at TempTestSuite1729050801829.run(TempTestSuite1729050801829.groovy:35)
	at java.base/jdk.internal.reflect.NativeMethodAccessorImpl.invoke0(Native Method)
	at java.base/jdk.internal.reflect.NativeMethodAccessorImpl.invoke(NativeMethodAccessorImpl.java:77)
	at java.base/jdk.internal.reflect.DelegatingMethodAccessorImpl.invoke(DelegatingMethodAccessorImpl.java:43)
)

16-10-2024T08:36:11 - [TEST_STEP][PASSED] - else: null

16-10-2024T08:36:11 - [TEST_STEP][PASSED] - if (run == 1): null

16-10-2024T08:36:11 - [TEST_STEP][PASSED] - otobrajeniyeDannyh = "Филиал": null

16-10-2024T08:36:11 - [TEST_STEP][PASSED] - Script1719551244403.WriteToExcel(todaysDate, typeOfData, otobrajeniyeDannyh, x, y, vidget, DZO): null

16-10-2024T08:36:11 - [TEST_STEP][PASSED] - sheetName = "Sheet1": null

16-10-2024T08:36:11 - [TEST_STEP][PASSED] - data = findTestData("PlanFact"): null

16-10-2024T08:36:11 - [TEST_STEP][PASSED] - n = data.getRowNumbers() + 1: null

16-10-2024T08:36:11 - [TEST_STEP][PASSED] - period = getText(findTestObject("Факторный анализ/Фильтр Период")): Text of object 'Object Repository/Факторный анализ/Фильтр Период' is: 'Июль, Август и 1, 2 кв. 2024 года'

16-10-2024T08:36:12 - [MESSAGE][PASSED] - Text of object 'Object Repository/Факторный анализ/Фильтр Период' is: 'Июль, Август и 1, 2 кв. 2024 года'

16-10-2024T08:36:12 - [TEST_STEP][PASSED] - println(period): null

16-10-2024T08:36:12 - [TEST_STEP][PASSED] - dashboardName = "Факторный анализ": null

16-10-2024T08:36:12 - [TEST_STEP][PASSED] - workbook01 = getWorkbook(excelFilePath): null

16-10-2024T08:36:12 - [TEST_STEP][PASSED] - sheet01 = getExcelSheet(workbook01, sheetName): null

16-10-2024T08:36:12 - [TEST_STEP][PASSED] - setValueToCellByIndex(sheet01, n, 0, dashboardName): null

16-10-2024T08:36:12 - [TEST_STEP][PASSED] - setValueToCellByIndex(sheet01, n, 1, DZO): null

16-10-2024T08:36:12 - [TEST_STEP][PASSED] - setValueToCellByIndex(sheet01, n, 2, vidget): null

16-10-2024T08:36:12 - [TEST_STEP][PASSED] - setValueToCellByIndex(sheet01, n, 3, typeOfData): null

16-10-2024T08:36:12 - [TEST_STEP][PASSED] - setValueToCellByIndex(sheet01, n, 4, otobrajeniyeDannyh): null

16-10-2024T08:36:12 - [TEST_STEP][PASSED] - setValueToCellByIndex(sheet01, n, 5, period): null

16-10-2024T08:36:12 - [TEST_STEP][PASSED] - setValueToCellByIndex(sheet01, n, 6, todaysDate): null

16-10-2024T08:36:12 - [TEST_STEP][PASSED] - n = n + 1: null

16-10-2024T08:36:12 - [TEST_STEP][PASSED] - saveWorkbook(excelFilePath, workbook01): null

16-10-2024T08:36:12 - [TEST_STEP][PASSED] - typeOfData = "Отклонение (средний тариф)": null

16-10-2024T08:36:12 - [TEST_STEP][PASSED] - Script1719551244403.Compare(x = a2, y = b2, run, typeOfData, otobrajeniyeDannyh, todaysDate, vidget, DZO): null

16-10-2024T08:36:12 - [TEST_STEP][FAILED] - if (verifyEqual(x, y) == true): Unable to verify equal between actual object '-9531' and expected object '-9626' (Root cause: com.kms.katalon.core.exception.StepFailedException: Actual object '-9531' and expected object '-9626' are not equal
	at com.kms.katalon.core.keyword.builtin.VerifyEqualKeyword$_verifyEqual_closure1.doCall(VerifyEqualKeyword.groovy:58)
	at com.kms.katalon.core.keyword.builtin.VerifyEqualKeyword$_verifyEqual_closure1.call(VerifyEqualKeyword.groovy)
	at com.kms.katalon.core.keyword.internal.KeywordMain.runKeyword(KeywordMain.groovy:75)
	at com.kms.katalon.core.keyword.builtin.VerifyEqualKeyword.verifyEqual(VerifyEqualKeyword.groovy:63)
	at com.kms.katalon.core.keyword.builtin.VerifyEqualKeyword.execute(VerifyEqualKeyword.groovy:44)
	at com.kms.katalon.core.keyword.internal.KeywordExecutor.executeKeywordForPlatform(KeywordExecutor.groovy:74)
	at com.kms.katalon.core.keyword.BuiltinKeywords.verifyEqual(BuiltinKeywords.groovy:146)
	at jdk.internal.reflect.GeneratedMethodAccessor25.invoke(Unknown Source)
	at java.base/jdk.internal.reflect.DelegatingMethodAccessorImpl.invoke(DelegatingMethodAccessorImpl.java:43)
	at Факторный анализ сверка дашбордов.Compare(Факторный анализ сверка дашбордов:668)
	at Факторный анализ сверка дашбордов.Test(Факторный анализ сверка дашбордов:436)
	at Факторный анализ сверка дашбордов.run(Факторный анализ сверка дашбордов:44)
	at com.kms.katalon.core.main.ScriptEngine.run(ScriptEngine.java:194)
	at com.kms.katalon.core.main.ScriptEngine.runScriptAsRawText(ScriptEngine.java:119)
	at com.kms.katalon.core.main.TestCaseExecutor.runScript(TestCaseExecutor.java:448)
	at com.kms.katalon.core.main.TestCaseExecutor.doExecute(TestCaseExecutor.java:439)
	at com.kms.katalon.core.main.TestCaseExecutor.processExecutionPhase(TestCaseExecutor.java:418)
	at com.kms.katalon.core.main.TestCaseExecutor.accessMainPhase(TestCaseExecutor.java:410)
	at com.kms.katalon.core.main.TestCaseExecutor.execute(TestCaseExecutor.java:285)
	at com.kms.katalon.core.common.CommonExecutor.accessTestCaseMainPhase(CommonExecutor.java:65)
	at com.kms.katalon.core.main.TestSuiteExecutor.accessTestSuiteMainPhase(TestSuiteExecutor.java:150)
	at com.kms.katalon.core.main.TestSuiteExecutor.execute(TestSuiteExecutor.java:106)
	at com.kms.katalon.core.main.TestCaseMain.startTestSuite(TestCaseMain.java:180)
	at TempTestSuite1729050801829.run(TempTestSuite1729050801829.groovy:35)
	at java.base/jdk.internal.reflect.NativeMethodAccessorImpl.invoke0(Native Method)
	at java.base/jdk.internal.reflect.NativeMethodAccessorImpl.invoke(NativeMethodAccessorImpl.java:77)
	at java.base/jdk.internal.reflect.DelegatingMethodAccessorImpl.invoke(DelegatingMethodAccessorImpl.java:43)
)

16-10-2024T08:36:12 - [MESSAGE][FAILED] - Unable to verify equal between actual object '-9531' and expected object '-9626' (Root cause: com.kms.katalon.core.exception.StepFailedException: Actual object '-9531' and expected object '-9626' are not equal
	at com.kms.katalon.core.keyword.builtin.VerifyEqualKeyword$_verifyEqual_closure1.doCall(VerifyEqualKeyword.groovy:58)
	at com.kms.katalon.core.keyword.builtin.VerifyEqualKeyword$_verifyEqual_closure1.call(VerifyEqualKeyword.groovy)
	at com.kms.katalon.core.keyword.internal.KeywordMain.runKeyword(KeywordMain.groovy:75)
	at com.kms.katalon.core.keyword.builtin.VerifyEqualKeyword.verifyEqual(VerifyEqualKeyword.groovy:63)
	at com.kms.katalon.core.keyword.builtin.VerifyEqualKeyword.execute(VerifyEqualKeyword.groovy:44)
	at com.kms.katalon.core.keyword.internal.KeywordExecutor.executeKeywordForPlatform(KeywordExecutor.groovy:74)
	at com.kms.katalon.core.keyword.BuiltinKeywords.verifyEqual(BuiltinKeywords.groovy:146)
	at jdk.internal.reflect.GeneratedMethodAccessor25.invoke(Unknown Source)
	at java.base/jdk.internal.reflect.DelegatingMethodAccessorImpl.invoke(DelegatingMethodAccessorImpl.java:43)
	at Факторный анализ сверка дашбордов.Compare(Факторный анализ сверка дашбордов:668)
	at Факторный анализ сверка дашбордов.Test(Факторный анализ сверка дашбордов:436)
	at Факторный анализ сверка дашбордов.run(Факторный анализ сверка дашбордов:44)
	at com.kms.katalon.core.main.ScriptEngine.run(ScriptEngine.java:194)
	at com.kms.katalon.core.main.ScriptEngine.runScriptAsRawText(ScriptEngine.java:119)
	at com.kms.katalon.core.main.TestCaseExecutor.runScript(TestCaseExecutor.java:448)
	at com.kms.katalon.core.main.TestCaseExecutor.doExecute(TestCaseExecutor.java:439)
	at com.kms.katalon.core.main.TestCaseExecutor.processExecutionPhase(TestCaseExecutor.java:418)
	at com.kms.katalon.core.main.TestCaseExecutor.accessMainPhase(TestCaseExecutor.java:410)
	at com.kms.katalon.core.main.TestCaseExecutor.execute(TestCaseExecutor.java:285)
	at com.kms.katalon.core.common.CommonExecutor.accessTestCaseMainPhase(CommonExecutor.java:65)
	at com.kms.katalon.core.main.TestSuiteExecutor.accessTestSuiteMainPhase(TestSuiteExecutor.java:150)
	at com.kms.katalon.core.main.TestSuiteExecutor.execute(TestSuiteExecutor.java:106)
	at com.kms.katalon.core.main.TestCaseMain.startTestSuite(TestCaseMain.java:180)
	at TempTestSuite1729050801829.run(TempTestSuite1729050801829.groovy:35)
	at java.base/jdk.internal.reflect.NativeMethodAccessorImpl.invoke0(Native Method)
	at java.base/jdk.internal.reflect.NativeMethodAccessorImpl.invoke(NativeMethodAccessorImpl.java:77)
	at java.base/jdk.internal.reflect.DelegatingMethodAccessorImpl.invoke(DelegatingMethodAccessorImpl.java:43)
)

16-10-2024T08:36:12 - [TEST_STEP][PASSED] - else: null

16-10-2024T08:36:12 - [TEST_STEP][PASSED] - if (run == 1): null

16-10-2024T08:36:12 - [TEST_STEP][PASSED] - otobrajeniyeDannyh = "Филиал": null

16-10-2024T08:36:12 - [TEST_STEP][PASSED] - Script1719551244403.WriteToExcel(todaysDate, typeOfData, otobrajeniyeDannyh, x, y, vidget, DZO): null

16-10-2024T08:36:12 - [TEST_STEP][PASSED] - sheetName = "Sheet1": null

16-10-2024T08:36:12 - [TEST_STEP][PASSED] - data = findTestData("PlanFact"): null

16-10-2024T08:36:12 - [TEST_STEP][PASSED] - n = data.getRowNumbers() + 1: null

16-10-2024T08:36:12 - [TEST_STEP][PASSED] - period = getText(findTestObject("Факторный анализ/Фильтр Период")): Text of object 'Object Repository/Факторный анализ/Фильтр Период' is: 'Июль, Август и 1, 2 кв. 2024 года'

16-10-2024T08:36:12 - [MESSAGE][PASSED] - Text of object 'Object Repository/Факторный анализ/Фильтр Период' is: 'Июль, Август и 1, 2 кв. 2024 года'

16-10-2024T08:36:12 - [TEST_STEP][PASSED] - println(period): null

16-10-2024T08:36:12 - [TEST_STEP][PASSED] - dashboardName = "Факторный анализ": null

16-10-2024T08:36:12 - [TEST_STEP][PASSED] - workbook01 = getWorkbook(excelFilePath): null

16-10-2024T08:36:12 - [TEST_STEP][PASSED] - sheet01 = getExcelSheet(workbook01, sheetName): null

16-10-2024T08:36:12 - [TEST_STEP][PASSED] - setValueToCellByIndex(sheet01, n, 0, dashboardName): null

16-10-2024T08:36:12 - [TEST_STEP][PASSED] - setValueToCellByIndex(sheet01, n, 1, DZO): null

16-10-2024T08:36:12 - [TEST_STEP][PASSED] - setValueToCellByIndex(sheet01, n, 2, vidget): null

16-10-2024T08:36:12 - [TEST_STEP][PASSED] - setValueToCellByIndex(sheet01, n, 3, typeOfData): null

16-10-2024T08:36:12 - [TEST_STEP][PASSED] - setValueToCellByIndex(sheet01, n, 4, otobrajeniyeDannyh): null

16-10-2024T08:36:12 - [TEST_STEP][PASSED] - setValueToCellByIndex(sheet01, n, 5, period): null

16-10-2024T08:36:12 - [TEST_STEP][PASSED] - setValueToCellByIndex(sheet01, n, 6, todaysDate): null

16-10-2024T08:36:12 - [TEST_STEP][PASSED] - n = n + 1: null

16-10-2024T08:36:12 - [TEST_STEP][PASSED] - saveWorkbook(excelFilePath, workbook01): null

16-10-2024T08:36:12 - [TEST_STEP][PASSED] - tableB = getText(findTestObject("Факторный анализ/AllTable1 Выручка")).replaceAll("[\r?
|
]", "/"): Text of object 'Object Repository/Факторный анализ/AllTable1 Выручка' is: 'ДЗО
Филиал
Отклонение (объём услуг) филиал без Nan
Отклонение (средний тариф) филиал без Nan
АО «Тываэнерго» АО "Тываэнерго" 186 -12
АО «Чеченэнерго» АО «Чеченэнерго» 34 11
Россети Волга Мордовэнерго 152 -90
Оренбургэнерго 561 - 143
Пензаэнерго 249 -72
Самарские РС 379 - 941
Саратовские РС 397 - 402
Ульяновские РС 206 - 198
Чувашэнерго -92 116
Россети Кубань Кубаньэнерго 2 916 83
Россети Ленэнерго (ГК) Ленинградская область 1 497 323
г. Санкт-Петербург 1 973 - 127
Россети Московский регион Московская область 4 586 - 413
г. Москва 2 708 -39
Россети Северный Кавказ (ГК) Дагестанская энергосбытовая компания 0 0
Дагэнерго - 452 434
Ингушэнерго - 171 90
Каббалкэнерго 180 13
Карачаево-Черкесскэнерго 90 -13
Севкавказэнерго - 292 108
Ставропольэнерго 274 - 237
Россети Северо-Запад Архангельский филиал 103 -77
Вологодский филиал 233 -6
Карельский филиал 32 154
Мурманский филиал 106 77
Новгородский филиал 212 -42
Псковский филиал 162 -22
филиал в Республике Коми 49 18
Россети Сибирь (ГК) Алтайэнерго 227 241
Бурятэнерго -86 266
ГАЭС 99 -14
Красноярскэнерго 955 - 272
Кузбассэнерго-РЭС 298 222
Омскэнерго 92 - 140
Хакасэнерго 281 - 319
Читаэнерго -27 88
Россети Томск Томская распределительная компания 333 - 105
Россети Тюмень Россети Тюмень -3 033 - 419
Россети Урал (ГК) Пермэнерго 620 - 198
Свердловэнерго 891 181
Челябэнерго 893 - 608
Россети ФСК ЕЭС Итого по ФСК ЕЭС 8 451 -7 098
Россети Центр Белгородэнерго 293 77
Брянскэнерго 94 7
Воронежэнерго 546 118
Костромаэнерго 121 4
Курскэнерго 148 70
Липецкэнерго 700 - 301
Орелэнерго 160 -12
Смоленскэнерго 121 22
Тамбовэнерго 254 -10
Тверьэнерго 350 94
Ярэнерго 568 16
Россети Центр и Приволжье (ГК) Владимирэнерго 519 47
Ивэнерго 188 28
Калугаэнерго 549 -42
Кировэнерго 395 -2
Мариэнерго 159 13
Нижновэнерго 659 184
Рязаньэнерго 262 38
Тулэнерго 793 - 195
Удмуртэнерго 269 8
Россети Юг (ГК) АО «ВМЭС» 138 24
Астраханьэнерго 74 69
Волгоградэнерго 338 - 274
Калмэнерго 51 -5
Ростовэнерго 704 11
Россети Янтарь Россети Янтарь 273 -37'

16-10-2024T08:36:13 - [MESSAGE][PASSED] - Text of object 'Object Repository/Факторный анализ/AllTable1 Выручка' is: 'ДЗО
Филиал
Отклонение (объём услуг) филиал без Nan
Отклонение (средний тариф) филиал без Nan
АО «Тываэнерго» АО "Тываэнерго" 186 -12
АО «Чеченэнерго» АО «Чеченэнерго» 34 11
Россети Волга Мордовэнерго 152 -90
Оренбургэнерго 561 - 143
Пензаэнерго 249 -72
Самарские РС 379 - 941
Саратовские РС 397 - 402
Ульяновские РС 206 - 198
Чувашэнерго -92 116
Россети Кубань Кубаньэнерго 2 916 83
Россети Ленэнерго (ГК) Ленинградская область 1 497 323
г. Санкт-Петербург 1 973 - 127
Россети Московский регион Московская область 4 586 - 413
г. Москва 2 708 -39
Россети Северный Кавказ (ГК) Дагестанская энергосбытовая компания 0 0
Дагэнерго - 452 434
Ингушэнерго - 171 90
Каббалкэнерго 180 13
Карачаево-Черкесскэнерго 90 -13
Севкавказэнерго - 292 108
Ставропольэнерго 274 - 237
Россети Северо-Запад Архангельский филиал 103 -77
Вологодский филиал 233 -6
Карельский филиал 32 154
Мурманский филиал 106 77
Новгородский филиал 212 -42
Псковский филиал 162 -22
филиал в Республике Коми 49 18
Россети Сибирь (ГК) Алтайэнерго 227 241
Бурятэнерго -86 266
ГАЭС 99 -14
Красноярскэнерго 955 - 272
Кузбассэнерго-РЭС 298 222
Омскэнерго 92 - 140
Хакасэнерго 281 - 319
Читаэнерго -27 88
Россети Томск Томская распределительная компания 333 - 105
Россети Тюмень Россети Тюмень -3 033 - 419
Россети Урал (ГК) Пермэнерго 620 - 198
Свердловэнерго 891 181
Челябэнерго 893 - 608
Россети ФСК ЕЭС Итого по ФСК ЕЭС 8 451 -7 098
Россети Центр Белгородэнерго 293 77
Брянскэнерго 94 7
Воронежэнерго 546 118
Костромаэнерго 121 4
Курскэнерго 148 70
Липецкэнерго 700 - 301
Орелэнерго 160 -12
Смоленскэнерго 121 22
Тамбовэнерго 254 -10
Тверьэнерго 350 94
Ярэнерго 568 16
Россети Центр и Приволжье (ГК) Владимирэнерго 519 47
Ивэнерго 188 28
Калугаэнерго 549 -42
Кировэнерго 395 -2
Мариэнерго 159 13
Нижновэнерго 659 184
Рязаньэнерго 262 38
Тулэнерго 793 - 195
Удмуртэнерго 269 8
Россети Юг (ГК) АО «ВМЭС» 138 24
Астраханьэнерго 74 69
Волгоградэнерго 338 - 274
Калмэнерго 51 -5
Ростовэнерго 704 11
Россети Янтарь Россети Янтарь 273 -37'

16-10-2024T08:36:13 - [TEST_STEP][PASSED] - println("tableB: " + tableB): null

16-10-2024T08:36:13 - [TEST_STEP][PASSED] - for ([i = 1, i < 5, (i++)]): null

16-10-2024T08:36:13 - [TEST_STEP][PASSED] - ii = tableB.indexOf("/") + 1: null

16-10-2024T08:36:13 - [TEST_STEP][PASSED] - tableB = tableB.substring(ii, tableB.length()): null

16-10-2024T08:36:13 - [TEST_STEP][PASSED] - ii = tableB.indexOf("/") + 1: null

16-10-2024T08:36:13 - [TEST_STEP][PASSED] - tableB = tableB.substring(ii, tableB.length()): null

16-10-2024T08:36:13 - [TEST_STEP][PASSED] - ii = tableB.indexOf("/") + 1: null

16-10-2024T08:36:13 - [TEST_STEP][PASSED] - tableB = tableB.substring(ii, tableB.length()): null

16-10-2024T08:36:13 - [TEST_STEP][PASSED] - ii = tableB.indexOf("/") + 1: null

16-10-2024T08:36:13 - [TEST_STEP][PASSED] - tableB = tableB.substring(ii, tableB.length()): null

16-10-2024T08:36:13 - [TEST_STEP][PASSED] - println("tableB: " + tableB): null

16-10-2024T08:36:13 - [TEST_STEP][PASSED] - TyB = Script1719551244403.GetData(x = tableB): null

16-10-2024T08:36:13 - [TEST_STEP][PASSED] - i2 = <not implemented yet for class: org.codehaus.groovy.ast.expr.EmptyExpression>: null

16-10-2024T08:36:13 - [TEST_STEP][PASSED] - i2 = x.indexOf("/") + 1: null

16-10-2024T08:36:13 - [TEST_STEP][PASSED] - x = replaceAll("\p{P}", "").trim(): null

16-10-2024T08:36:13 - [TEST_STEP][PASSED] - return x: null

16-10-2024T08:36:13 - [TEST_STEP][PASSED] - println("TyB: " + TyB): null

16-10-2024T08:36:13 - [TEST_STEP][PASSED] - tableB = Script1719551244403.NewDZO(x = tableB): null

16-10-2024T08:36:13 - [TEST_STEP][PASSED] - i3 = <not implemented yet for class: org.codehaus.groovy.ast.expr.EmptyExpression>: null

16-10-2024T08:36:13 - [TEST_STEP][PASSED] - i3 = x.indexOf("/") + 1: null

16-10-2024T08:36:13 - [TEST_STEP][PASSED] - x = x.substring(i3, x.length()): null

16-10-2024T08:36:13 - [TEST_STEP][PASSED] - return x: null

16-10-2024T08:36:13 - [TEST_STEP][PASSED] - ChB = Script1719551244403.GetData(x = tableB): null

16-10-2024T08:36:13 - [TEST_STEP][PASSED] - i2 = <not implemented yet for class: org.codehaus.groovy.ast.expr.EmptyExpression>: null

16-10-2024T08:36:13 - [TEST_STEP][PASSED] - i2 = x.indexOf("/") + 1: null

16-10-2024T08:36:13 - [TEST_STEP][PASSED] - x = replaceAll("\p{P}", "").trim(): null

16-10-2024T08:36:13 - [TEST_STEP][PASSED] - return x: null

16-10-2024T08:36:13 - [TEST_STEP][PASSED] - println("ChB: " + ChB): null

16-10-2024T08:36:13 - [TEST_STEP][PASSED] - tableB = Script1719551244403.NewDZO(x = tableB): null

16-10-2024T08:36:13 - [TEST_STEP][PASSED] - i3 = <not implemented yet for class: org.codehaus.groovy.ast.expr.EmptyExpression>: null

16-10-2024T08:36:13 - [TEST_STEP][PASSED] - i3 = x.indexOf("/") + 1: null

16-10-2024T08:36:13 - [TEST_STEP][PASSED] - x = x.substring(i3, x.length()): null

16-10-2024T08:36:13 - [TEST_STEP][PASSED] - return x: null

16-10-2024T08:36:13 - [TEST_STEP][PASSED] - i = tableB.indexOf("Кубань"): null

16-10-2024T08:36:13 - [TEST_STEP][PASSED] - VB = replaceAll("\p{P}", "").trim(): null

16-10-2024T08:36:13 - [TEST_STEP][PASSED] - println("VB: " + VB): null

16-10-2024T08:36:13 - [TEST_STEP][PASSED] - for ([i = 1, i < 8, (i++)]): null

16-10-2024T08:36:13 - [TEST_STEP][PASSED] - tableB = Script1719551244403.NewDZO(x = tableB): null

16-10-2024T08:36:13 - [TEST_STEP][PASSED] - i3 = <not implemented yet for class: org.codehaus.groovy.ast.expr.EmptyExpression>: null

16-10-2024T08:36:13 - [TEST_STEP][PASSED] - i3 = x.indexOf("/") + 1: null

16-10-2024T08:36:13 - [TEST_STEP][PASSED] - x = x.substring(i3, x.length()): null

16-10-2024T08:36:13 - [TEST_STEP][PASSED] - return x: null

16-10-2024T08:36:13 - [TEST_STEP][PASSED] - tableB = Script1719551244403.NewDZO(x = tableB): null

16-10-2024T08:36:13 - [TEST_STEP][PASSED] - i3 = <not implemented yet for class: org.codehaus.groovy.ast.expr.EmptyExpression>: null

16-10-2024T08:36:13 - [TEST_STEP][PASSED] - i3 = x.indexOf("/") + 1: null

16-10-2024T08:36:13 - [TEST_STEP][PASSED] - x = x.substring(i3, x.length()): null

16-10-2024T08:36:13 - [TEST_STEP][PASSED] - return x: null

16-10-2024T08:36:13 - [TEST_STEP][PASSED] - tableB = Script1719551244403.NewDZO(x = tableB): null

16-10-2024T08:36:13 - [TEST_STEP][PASSED] - i3 = <not implemented yet for class: org.codehaus.groovy.ast.expr.EmptyExpression>: null

16-10-2024T08:36:13 - [TEST_STEP][PASSED] - i3 = x.indexOf("/") + 1: null

16-10-2024T08:36:13 - [TEST_STEP][PASSED] - x = x.substring(i3, x.length()): null

16-10-2024T08:36:13 - [TEST_STEP][PASSED] - return x: null

16-10-2024T08:36:13 - [TEST_STEP][PASSED] - tableB = Script1719551244403.NewDZO(x = tableB): null

16-10-2024T08:36:13 - [TEST_STEP][PASSED] - i3 = <not implemented yet for class: org.codehaus.groovy.ast.expr.EmptyExpression>: null

16-10-2024T08:36:13 - [TEST_STEP][PASSED] - i3 = x.indexOf("/") + 1: null

16-10-2024T08:36:13 - [TEST_STEP][PASSED] - x = x.substring(i3, x.length()): null

16-10-2024T08:36:13 - [TEST_STEP][PASSED] - return x: null

16-10-2024T08:36:13 - [TEST_STEP][PASSED] - tableB = Script1719551244403.NewDZO(x = tableB): null

16-10-2024T08:36:13 - [TEST_STEP][PASSED] - i3 = <not implemented yet for class: org.codehaus.groovy.ast.expr.EmptyExpression>: null

16-10-2024T08:36:13 - [TEST_STEP][PASSED] - i3 = x.indexOf("/") + 1: null

16-10-2024T08:36:13 - [TEST_STEP][PASSED] - x = x.substring(i3, x.length()): null

16-10-2024T08:36:13 - [TEST_STEP][PASSED] - return x: null

16-10-2024T08:36:13 - [TEST_STEP][PASSED] - tableB = Script1719551244403.NewDZO(x = tableB): null

16-10-2024T08:36:13 - [TEST_STEP][PASSED] - i3 = <not implemented yet for class: org.codehaus.groovy.ast.expr.EmptyExpression>: null

16-10-2024T08:36:13 - [TEST_STEP][PASSED] - i3 = x.indexOf("/") + 1: null

16-10-2024T08:36:13 - [TEST_STEP][PASSED] - x = x.substring(i3, x.length()): null

16-10-2024T08:36:13 - [TEST_STEP][PASSED] - return x: null

16-10-2024T08:36:13 - [TEST_STEP][PASSED] - tableB = Script1719551244403.NewDZO(x = tableB): null

16-10-2024T08:36:13 - [TEST_STEP][PASSED] - i3 = <not implemented yet for class: org.codehaus.groovy.ast.expr.EmptyExpression>: null

16-10-2024T08:36:13 - [TEST_STEP][PASSED] - i3 = x.indexOf("/") + 1: null

16-10-2024T08:36:13 - [TEST_STEP][PASSED] - x = x.substring(i3, x.length()): null

16-10-2024T08:36:13 - [TEST_STEP][PASSED] - return x: null

16-10-2024T08:36:13 - [TEST_STEP][PASSED] - i = tableB.indexOf("Ленэнерго"): null

16-10-2024T08:36:13 - [TEST_STEP][PASSED] - KuB = Script1719551244403.GetData(x = tableB): null

16-10-2024T08:36:13 - [TEST_STEP][PASSED] - i2 = <not implemented yet for class: org.codehaus.groovy.ast.expr.EmptyExpression>: null

16-10-2024T08:36:13 - [TEST_STEP][PASSED] - i2 = x.indexOf("/") + 1: null

16-10-2024T08:36:13 - [TEST_STEP][PASSED] - x = replaceAll("\p{P}", "").trim(): null

16-10-2024T08:36:13 - [TEST_STEP][PASSED] - return x: null

16-10-2024T08:36:13 - [TEST_STEP][PASSED] - println("KuB: " + KuB): null

16-10-2024T08:36:13 - [TEST_STEP][PASSED] - tableB = Script1719551244403.NewDZO(x = tableB): null

16-10-2024T08:36:13 - [TEST_STEP][PASSED] - i3 = <not implemented yet for class: org.codehaus.groovy.ast.expr.EmptyExpression>: null

16-10-2024T08:36:13 - [TEST_STEP][PASSED] - i3 = x.indexOf("/") + 1: null

16-10-2024T08:36:13 - [TEST_STEP][PASSED] - x = x.substring(i3, x.length()): null

16-10-2024T08:36:13 - [TEST_STEP][PASSED] - return x: null

16-10-2024T08:36:13 - [TEST_STEP][PASSED] - i = tableB.indexOf("Московский"): null

16-10-2024T08:36:13 - [TEST_STEP][PASSED] - LenB = replaceAll("\p{P}", "").trim(): null

16-10-2024T08:36:13 - [TEST_STEP][PASSED] - println("LenB: " + LenB): null

16-10-2024T08:36:13 - [TEST_STEP][PASSED] - tableB = Script1719551244403.NewDZO(x = tableB): null

16-10-2024T08:36:13 - [TEST_STEP][PASSED] - i3 = <not implemented yet for class: org.codehaus.groovy.ast.expr.EmptyExpression>: null

16-10-2024T08:36:13 - [TEST_STEP][PASSED] - i3 = x.indexOf("/") + 1: null

16-10-2024T08:36:13 - [TEST_STEP][PASSED] - x = x.substring(i3, x.length()): null

16-10-2024T08:36:13 - [TEST_STEP][PASSED] - return x: null

16-10-2024T08:36:13 - [TEST_STEP][PASSED] - tableB = Script1719551244403.NewDZO(x = tableB): null

16-10-2024T08:36:13 - [TEST_STEP][PASSED] - i3 = <not implemented yet for class: org.codehaus.groovy.ast.expr.EmptyExpression>: null

16-10-2024T08:36:13 - [TEST_STEP][PASSED] - i3 = x.indexOf("/") + 1: null

16-10-2024T08:36:13 - [TEST_STEP][PASSED] - x = x.substring(i3, x.length()): null

16-10-2024T08:36:13 - [TEST_STEP][PASSED] - return x: null

16-10-2024T08:36:13 - [TEST_STEP][PASSED] - i = tableB.indexOf("Кавказ"): null

16-10-2024T08:36:13 - [TEST_STEP][PASSED] - MosB = replaceAll("\p{P}", "").trim(): null

16-10-2024T08:36:13 - [TEST_STEP][PASSED] - println("MosB: " + MosB): null

16-10-2024T08:36:13 - [TEST_STEP][PASSED] - for ([i = 1, i < 3, (i++)]): null

16-10-2024T08:36:13 - [TEST_STEP][PASSED] - tableB = Script1719551244403.NewDZO(x = tableB): null

16-10-2024T08:36:13 - [TEST_STEP][PASSED] - i3 = <not implemented yet for class: org.codehaus.groovy.ast.expr.EmptyExpression>: null

16-10-2024T08:36:13 - [TEST_STEP][PASSED] - i3 = x.indexOf("/") + 1: null

16-10-2024T08:36:13 - [TEST_STEP][PASSED] - x = x.substring(i3, x.length()): null

16-10-2024T08:36:13 - [TEST_STEP][PASSED] - return x: null

16-10-2024T08:36:13 - [TEST_STEP][PASSED] - tableB = Script1719551244403.NewDZO(x = tableB): null

16-10-2024T08:36:13 - [TEST_STEP][PASSED] - i3 = <not implemented yet for class: org.codehaus.groovy.ast.expr.EmptyExpression>: null

16-10-2024T08:36:13 - [TEST_STEP][PASSED] - i3 = x.indexOf("/") + 1: null

16-10-2024T08:36:13 - [TEST_STEP][PASSED] - x = x.substring(i3, x.length()): null

16-10-2024T08:36:13 - [TEST_STEP][PASSED] - return x: null

16-10-2024T08:36:13 - [TEST_STEP][PASSED] - i = tableB.indexOf("Запад"): null

16-10-2024T08:36:13 - [TEST_STEP][PASSED] - SKB = replaceAll("\p{P}", "").trim(): null

16-10-2024T08:36:13 - [TEST_STEP][PASSED] - println("SKB: " + SKB): null

16-10-2024T08:36:13 - [TEST_STEP][PASSED] - for ([i = 1, i < 7, (i++)]): null

16-10-2024T08:36:13 - [TEST_STEP][PASSED] - tableB = Script1719551244403.NewDZO(x = tableB): null

16-10-2024T08:36:13 - [TEST_STEP][PASSED] - i3 = <not implemented yet for class: org.codehaus.groovy.ast.expr.EmptyExpression>: null

16-10-2024T08:36:13 - [TEST_STEP][PASSED] - i3 = x.indexOf("/") + 1: null

16-10-2024T08:36:13 - [TEST_STEP][PASSED] - x = x.substring(i3, x.length()): null

16-10-2024T08:36:13 - [TEST_STEP][PASSED] - return x: null

16-10-2024T08:36:13 - [TEST_STEP][PASSED] - tableB = Script1719551244403.NewDZO(x = tableB): null

16-10-2024T08:36:13 - [TEST_STEP][PASSED] - i3 = <not implemented yet for class: org.codehaus.groovy.ast.expr.EmptyExpression>: null

16-10-2024T08:36:13 - [TEST_STEP][PASSED] - i3 = x.indexOf("/") + 1: null

16-10-2024T08:36:13 - [TEST_STEP][PASSED] - x = x.substring(i3, x.length()): null

16-10-2024T08:36:13 - [TEST_STEP][PASSED] - return x: null

16-10-2024T08:36:13 - [TEST_STEP][PASSED] - tableB = Script1719551244403.NewDZO(x = tableB): null

16-10-2024T08:36:13 - [TEST_STEP][PASSED] - i3 = <not implemented yet for class: org.codehaus.groovy.ast.expr.EmptyExpression>: null

16-10-2024T08:36:13 - [TEST_STEP][PASSED] - i3 = x.indexOf("/") + 1: null

16-10-2024T08:36:13 - [TEST_STEP][PASSED] - x = x.substring(i3, x.length()): null

16-10-2024T08:36:13 - [TEST_STEP][PASSED] - return x: null

16-10-2024T08:36:13 - [TEST_STEP][PASSED] - tableB = Script1719551244403.NewDZO(x = tableB): null

16-10-2024T08:36:13 - [TEST_STEP][PASSED] - i3 = <not implemented yet for class: org.codehaus.groovy.ast.expr.EmptyExpression>: null

16-10-2024T08:36:13 - [TEST_STEP][PASSED] - i3 = x.indexOf("/") + 1: null

16-10-2024T08:36:13 - [TEST_STEP][PASSED] - x = x.substring(i3, x.length()): null

16-10-2024T08:36:13 - [TEST_STEP][PASSED] - return x: null

16-10-2024T08:36:13 - [TEST_STEP][PASSED] - tableB = Script1719551244403.NewDZO(x = tableB): null

16-10-2024T08:36:13 - [TEST_STEP][PASSED] - i3 = <not implemented yet for class: org.codehaus.groovy.ast.expr.EmptyExpression>: null

16-10-2024T08:36:13 - [TEST_STEP][PASSED] - i3 = x.indexOf("/") + 1: null

16-10-2024T08:36:13 - [TEST_STEP][PASSED] - x = x.substring(i3, x.length()): null

16-10-2024T08:36:13 - [TEST_STEP][PASSED] - return x: null

16-10-2024T08:36:13 - [TEST_STEP][PASSED] - tableB = Script1719551244403.NewDZO(x = tableB): null

16-10-2024T08:36:13 - [TEST_STEP][PASSED] - i3 = <not implemented yet for class: org.codehaus.groovy.ast.expr.EmptyExpression>: null

16-10-2024T08:36:13 - [TEST_STEP][PASSED] - i3 = x.indexOf("/") + 1: null

16-10-2024T08:36:13 - [TEST_STEP][PASSED] - x = x.substring(i3, x.length()): null

16-10-2024T08:36:13 - [TEST_STEP][PASSED] - return x: null

16-10-2024T08:36:13 - [TEST_STEP][PASSED] - i = tableB.indexOf("Сибирь"): null

16-10-2024T08:36:13 - [TEST_STEP][PASSED] - SZB = replaceAll("\p{P}", "").trim(): null

16-10-2024T08:36:13 - [TEST_STEP][PASSED] - println("SZB: " + SZB): null

16-10-2024T08:36:13 - [TEST_STEP][PASSED] - for ([i = 1, i < 8, (i++)]): null

16-10-2024T08:36:13 - [TEST_STEP][PASSED] - tableB = Script1719551244403.NewDZO(x = tableB): null

16-10-2024T08:36:13 - [TEST_STEP][PASSED] - i3 = <not implemented yet for class: org.codehaus.groovy.ast.expr.EmptyExpression>: null

16-10-2024T08:36:13 - [TEST_STEP][PASSED] - i3 = x.indexOf("/") + 1: null

16-10-2024T08:36:13 - [TEST_STEP][PASSED] - x = x.substring(i3, x.length()): null

16-10-2024T08:36:13 - [TEST_STEP][PASSED] - return x: null

16-10-2024T08:36:13 - [TEST_STEP][PASSED] - tableB = Script1719551244403.NewDZO(x = tableB): null

16-10-2024T08:36:13 - [TEST_STEP][PASSED] - i3 = <not implemented yet for class: org.codehaus.groovy.ast.expr.EmptyExpression>: null

16-10-2024T08:36:13 - [TEST_STEP][PASSED] - i3 = x.indexOf("/") + 1: null

16-10-2024T08:36:13 - [TEST_STEP][PASSED] - x = x.substring(i3, x.length()): null

16-10-2024T08:36:13 - [TEST_STEP][PASSED] - return x: null

16-10-2024T08:36:13 - [TEST_STEP][PASSED] - tableB = Script1719551244403.NewDZO(x = tableB): null

16-10-2024T08:36:13 - [TEST_STEP][PASSED] - i3 = <not implemented yet for class: org.codehaus.groovy.ast.expr.EmptyExpression>: null

16-10-2024T08:36:13 - [TEST_STEP][PASSED] - i3 = x.indexOf("/") + 1: null

16-10-2024T08:36:13 - [TEST_STEP][PASSED] - x = x.substring(i3, x.length()): null

16-10-2024T08:36:13 - [TEST_STEP][PASSED] - return x: null

16-10-2024T08:36:13 - [TEST_STEP][PASSED] - tableB = Script1719551244403.NewDZO(x = tableB): null

16-10-2024T08:36:13 - [TEST_STEP][PASSED] - i3 = <not implemented yet for class: org.codehaus.groovy.ast.expr.EmptyExpression>: null

16-10-2024T08:36:13 - [TEST_STEP][PASSED] - i3 = x.indexOf("/") + 1: null

16-10-2024T08:36:13 - [TEST_STEP][PASSED] - x = x.substring(i3, x.length()): null

16-10-2024T08:36:13 - [TEST_STEP][PASSED] - return x: null

16-10-2024T08:36:13 - [TEST_STEP][PASSED] - tableB = Script1719551244403.NewDZO(x = tableB): null

16-10-2024T08:36:13 - [TEST_STEP][PASSED] - i3 = <not implemented yet for class: org.codehaus.groovy.ast.expr.EmptyExpression>: null

16-10-2024T08:36:13 - [TEST_STEP][PASSED] - i3 = x.indexOf("/") + 1: null

16-10-2024T08:36:13 - [TEST_STEP][PASSED] - x = x.substring(i3, x.length()): null

16-10-2024T08:36:13 - [TEST_STEP][PASSED] - return x: null

16-10-2024T08:36:13 - [TEST_STEP][PASSED] - tableB = Script1719551244403.NewDZO(x = tableB): null

16-10-2024T08:36:13 - [TEST_STEP][PASSED] - i3 = <not implemented yet for class: org.codehaus.groovy.ast.expr.EmptyExpression>: null

16-10-2024T08:36:13 - [TEST_STEP][PASSED] - i3 = x.indexOf("/") + 1: null

16-10-2024T08:36:13 - [TEST_STEP][PASSED] - x = x.substring(i3, x.length()): null

16-10-2024T08:36:13 - [TEST_STEP][PASSED] - return x: null

16-10-2024T08:36:13 - [TEST_STEP][PASSED] - tableB = Script1719551244403.NewDZO(x = tableB): null

16-10-2024T08:36:13 - [TEST_STEP][PASSED] - i3 = <not implemented yet for class: org.codehaus.groovy.ast.expr.EmptyExpression>: null

16-10-2024T08:36:13 - [TEST_STEP][PASSED] - i3 = x.indexOf("/") + 1: null

16-10-2024T08:36:13 - [TEST_STEP][PASSED] - x = x.substring(i3, x.length()): null

16-10-2024T08:36:13 - [TEST_STEP][PASSED] - return x: null

16-10-2024T08:36:13 - [TEST_STEP][PASSED] - i = tableB.indexOf("Томск"): null

16-10-2024T08:36:13 - [TEST_STEP][PASSED] - SiB = replaceAll("\p{P}", "").trim(): null

16-10-2024T08:36:13 - [TEST_STEP][PASSED] - println("SiB: " + SiB): null

16-10-2024T08:36:13 - [TEST_STEP][PASSED] - for ([i = 1, i < 9, (i++)]): null

16-10-2024T08:36:13 - [TEST_STEP][PASSED] - tableB = Script1719551244403.NewDZO(x = tableB): null

16-10-2024T08:36:13 - [TEST_STEP][PASSED] - i3 = <not implemented yet for class: org.codehaus.groovy.ast.expr.EmptyExpression>: null

16-10-2024T08:36:13 - [TEST_STEP][PASSED] - i3 = x.indexOf("/") + 1: null

16-10-2024T08:36:13 - [TEST_STEP][PASSED] - x = x.substring(i3, x.length()): null

16-10-2024T08:36:13 - [TEST_STEP][PASSED] - return x: null

16-10-2024T08:36:13 - [TEST_STEP][PASSED] - tableB = Script1719551244403.NewDZO(x = tableB): null

16-10-2024T08:36:13 - [TEST_STEP][PASSED] - i3 = <not implemented yet for class: org.codehaus.groovy.ast.expr.EmptyExpression>: null

16-10-2024T08:36:13 - [TEST_STEP][PASSED] - i3 = x.indexOf("/") + 1: null

16-10-2024T08:36:13 - [TEST_STEP][PASSED] - x = x.substring(i3, x.length()): null

16-10-2024T08:36:13 - [TEST_STEP][PASSED] - return x: null

16-10-2024T08:36:13 - [TEST_STEP][PASSED] - tableB = Script1719551244403.NewDZO(x = tableB): null

16-10-2024T08:36:13 - [TEST_STEP][PASSED] - i3 = <not implemented yet for class: org.codehaus.groovy.ast.expr.EmptyExpression>: null

16-10-2024T08:36:13 - [TEST_STEP][PASSED] - i3 = x.indexOf("/") + 1: null

16-10-2024T08:36:13 - [TEST_STEP][PASSED] - x = x.substring(i3, x.length()): null

16-10-2024T08:36:13 - [TEST_STEP][PASSED] - return x: null

16-10-2024T08:36:13 - [TEST_STEP][PASSED] - tableB = Script1719551244403.NewDZO(x = tableB): null

16-10-2024T08:36:13 - [TEST_STEP][PASSED] - i3 = <not implemented yet for class: org.codehaus.groovy.ast.expr.EmptyExpression>: null

16-10-2024T08:36:13 - [TEST_STEP][PASSED] - i3 = x.indexOf("/") + 1: null

16-10-2024T08:36:13 - [TEST_STEP][PASSED] - x = x.substring(i3, x.length()): null

16-10-2024T08:36:13 - [TEST_STEP][PASSED] - return x: null

16-10-2024T08:36:13 - [TEST_STEP][PASSED] - tableB = Script1719551244403.NewDZO(x = tableB): null

16-10-2024T08:36:13 - [TEST_STEP][PASSED] - i3 = <not implemented yet for class: org.codehaus.groovy.ast.expr.EmptyExpression>: null

16-10-2024T08:36:13 - [TEST_STEP][PASSED] - i3 = x.indexOf("/") + 1: null

16-10-2024T08:36:13 - [TEST_STEP][PASSED] - x = x.substring(i3, x.length()): null

16-10-2024T08:36:13 - [TEST_STEP][PASSED] - return x: null

16-10-2024T08:36:13 - [TEST_STEP][PASSED] - tableB = Script1719551244403.NewDZO(x = tableB): null

16-10-2024T08:36:13 - [TEST_STEP][PASSED] - i3 = <not implemented yet for class: org.codehaus.groovy.ast.expr.EmptyExpression>: null

16-10-2024T08:36:13 - [TEST_STEP][PASSED] - i3 = x.indexOf("/") + 1: null

16-10-2024T08:36:13 - [TEST_STEP][PASSED] - x = x.substring(i3, x.length()): null

16-10-2024T08:36:13 - [TEST_STEP][PASSED] - return x: null

16-10-2024T08:36:13 - [TEST_STEP][PASSED] - tableB = Script1719551244403.NewDZO(x = tableB): null

16-10-2024T08:36:13 - [TEST_STEP][PASSED] - i3 = <not implemented yet for class: org.codehaus.groovy.ast.expr.EmptyExpression>: null

16-10-2024T08:36:13 - [TEST_STEP][PASSED] - i3 = x.indexOf("/") + 1: null

16-10-2024T08:36:13 - [TEST_STEP][PASSED] - x = x.substring(i3, x.length()): null

16-10-2024T08:36:13 - [TEST_STEP][PASSED] - return x: null

16-10-2024T08:36:13 - [TEST_STEP][PASSED] - tableB = Script1719551244403.NewDZO(x = tableB): null

16-10-2024T08:36:13 - [TEST_STEP][PASSED] - i3 = <not implemented yet for class: org.codehaus.groovy.ast.expr.EmptyExpression>: null

16-10-2024T08:36:13 - [TEST_STEP][PASSED] - i3 = x.indexOf("/") + 1: null

16-10-2024T08:36:13 - [TEST_STEP][PASSED] - x = x.substring(i3, x.length()): null

16-10-2024T08:36:13 - [TEST_STEP][PASSED] - return x: null

16-10-2024T08:36:13 - [TEST_STEP][PASSED] - i = tableB.indexOf("Тюмень"): null

16-10-2024T08:36:13 - [TEST_STEP][PASSED] - ToB = replaceAll("\p{P}", "").trim(): null

16-10-2024T08:36:13 - [TEST_STEP][PASSED] - println("ToB: " + ToB): null

16-10-2024T08:36:13 - [TEST_STEP][PASSED] - tableB = Script1719551244403.NewDZO(x = tableB): null

16-10-2024T08:36:13 - [TEST_STEP][PASSED] - i3 = <not implemented yet for class: org.codehaus.groovy.ast.expr.EmptyExpression>: null

16-10-2024T08:36:13 - [TEST_STEP][PASSED] - i3 = x.indexOf("/") + 1: null

16-10-2024T08:36:13 - [TEST_STEP][PASSED] - x = x.substring(i3, x.length()): null

16-10-2024T08:36:13 - [TEST_STEP][PASSED] - return x: null

16-10-2024T08:36:13 - [TEST_STEP][PASSED] - TyuB = replaceAll("\p{P}", "").trim(): null

16-10-2024T08:36:13 - [TEST_STEP][PASSED] - println("TyuB: " + TyuB): null

16-10-2024T08:36:13 - [TEST_STEP][PASSED] - tableB = Script1719551244403.NewDZO(x = tableB): null

16-10-2024T08:36:13 - [TEST_STEP][PASSED] - i3 = <not implemented yet for class: org.codehaus.groovy.ast.expr.EmptyExpression>: null

16-10-2024T08:36:13 - [TEST_STEP][PASSED] - i3 = x.indexOf("/") + 1: null

16-10-2024T08:36:13 - [TEST_STEP][PASSED] - x = x.substring(i3, x.length()): null

16-10-2024T08:36:13 - [TEST_STEP][PASSED] - return x: null

16-10-2024T08:36:13 - [TEST_STEP][PASSED] - i = tableB.indexOf("ЕЭС"): null

16-10-2024T08:36:13 - [TEST_STEP][PASSED] - UrB = replaceAll("\p{P}", "").trim(): null

16-10-2024T08:36:13 - [TEST_STEP][PASSED] - println("UrB: " + UrB): null

16-10-2024T08:36:13 - [TEST_STEP][PASSED] - for ([i = 1, i < 4, (i++)]): null

16-10-2024T08:36:13 - [TEST_STEP][PASSED] - tableB = Script1719551244403.NewDZO(x = tableB): null

16-10-2024T08:36:13 - [TEST_STEP][PASSED] - i3 = <not implemented yet for class: org.codehaus.groovy.ast.expr.EmptyExpression>: null

16-10-2024T08:36:13 - [TEST_STEP][PASSED] - i3 = x.indexOf("/") + 1: null

16-10-2024T08:36:13 - [TEST_STEP][PASSED] - x = x.substring(i3, x.length()): null

16-10-2024T08:36:13 - [TEST_STEP][PASSED] - return x: null

16-10-2024T08:36:13 - [TEST_STEP][PASSED] - tableB = Script1719551244403.NewDZO(x = tableB): null

16-10-2024T08:36:13 - [TEST_STEP][PASSED] - i3 = <not implemented yet for class: org.codehaus.groovy.ast.expr.EmptyExpression>: null

16-10-2024T08:36:13 - [TEST_STEP][PASSED] - i3 = x.indexOf("/") + 1: null

16-10-2024T08:36:13 - [TEST_STEP][PASSED] - x = x.substring(i3, x.length()): null

16-10-2024T08:36:13 - [TEST_STEP][PASSED] - return x: null

16-10-2024T08:36:13 - [TEST_STEP][PASSED] - tableB = Script1719551244403.NewDZO(x = tableB): null

16-10-2024T08:36:13 - [TEST_STEP][PASSED] - i3 = <not implemented yet for class: org.codehaus.groovy.ast.expr.EmptyExpression>: null

16-10-2024T08:36:13 - [TEST_STEP][PASSED] - i3 = x.indexOf("/") + 1: null

16-10-2024T08:36:13 - [TEST_STEP][PASSED] - x = x.substring(i3, x.length()): null

16-10-2024T08:36:13 - [TEST_STEP][PASSED] - return x: null

16-10-2024T08:36:13 - [TEST_STEP][PASSED] - i = tableB.indexOf("Центр"): null

16-10-2024T08:36:13 - [TEST_STEP][PASSED] - FSKB = replaceAll("\p{P}", "").trim(): null

16-10-2024T08:36:13 - [TEST_STEP][PASSED] - println("FSKB: " + FSKB): null

16-10-2024T08:36:13 - [TEST_STEP][PASSED] - tableB = Script1719551244403.NewDZO(x = tableB): null

16-10-2024T08:36:13 - [TEST_STEP][PASSED] - i3 = <not implemented yet for class: org.codehaus.groovy.ast.expr.EmptyExpression>: null

16-10-2024T08:36:13 - [TEST_STEP][PASSED] - i3 = x.indexOf("/") + 1: null

16-10-2024T08:36:13 - [TEST_STEP][PASSED] - x = x.substring(i3, x.length()): null

16-10-2024T08:36:13 - [TEST_STEP][PASSED] - return x: null

16-10-2024T08:36:13 - [TEST_STEP][PASSED] - i = tableB.indexOf("Приволжье"): null

16-10-2024T08:36:13 - [TEST_STEP][PASSED] - CenB = replaceAll("\p{P}", "").trim(): null

16-10-2024T08:36:13 - [TEST_STEP][PASSED] - println("CenB: " + CenB): null

16-10-2024T08:36:13 - [TEST_STEP][PASSED] - for ([i = 1, i < 12, (i++)]): null

16-10-2024T08:36:13 - [TEST_STEP][PASSED] - tableB = Script1719551244403.NewDZO(x = tableB): null

16-10-2024T08:36:13 - [TEST_STEP][PASSED] - i3 = <not implemented yet for class: org.codehaus.groovy.ast.expr.EmptyExpression>: null

16-10-2024T08:36:13 - [TEST_STEP][PASSED] - i3 = x.indexOf("/") + 1: null

16-10-2024T08:36:13 - [TEST_STEP][PASSED] - x = x.substring(i3, x.length()): null

16-10-2024T08:36:13 - [TEST_STEP][PASSED] - return x: null

16-10-2024T08:36:13 - [TEST_STEP][PASSED] - tableB = Script1719551244403.NewDZO(x = tableB): null

16-10-2024T08:36:13 - [TEST_STEP][PASSED] - i3 = <not implemented yet for class: org.codehaus.groovy.ast.expr.EmptyExpression>: null

16-10-2024T08:36:13 - [TEST_STEP][PASSED] - i3 = x.indexOf("/") + 1: null

16-10-2024T08:36:13 - [TEST_STEP][PASSED] - x = x.substring(i3, x.length()): null

16-10-2024T08:36:13 - [TEST_STEP][PASSED] - return x: null

16-10-2024T08:36:13 - [TEST_STEP][PASSED] - tableB = Script1719551244403.NewDZO(x = tableB): null

16-10-2024T08:36:13 - [TEST_STEP][PASSED] - i3 = <not implemented yet for class: org.codehaus.groovy.ast.expr.EmptyExpression>: null

16-10-2024T08:36:13 - [TEST_STEP][PASSED] - i3 = x.indexOf("/") + 1: null

16-10-2024T08:36:13 - [TEST_STEP][PASSED] - x = x.substring(i3, x.length()): null

16-10-2024T08:36:13 - [TEST_STEP][PASSED] - return x: null

16-10-2024T08:36:13 - [TEST_STEP][PASSED] - tableB = Script1719551244403.NewDZO(x = tableB): null

16-10-2024T08:36:13 - [TEST_STEP][PASSED] - i3 = <not implemented yet for class: org.codehaus.groovy.ast.expr.EmptyExpression>: null

16-10-2024T08:36:13 - [TEST_STEP][PASSED] - i3 = x.indexOf("/") + 1: null

16-10-2024T08:36:13 - [TEST_STEP][PASSED] - x = x.substring(i3, x.length()): null

16-10-2024T08:36:13 - [TEST_STEP][PASSED] - return x: null

16-10-2024T08:36:13 - [TEST_STEP][PASSED] - tableB = Script1719551244403.NewDZO(x = tableB): null

16-10-2024T08:36:13 - [TEST_STEP][PASSED] - i3 = <not implemented yet for class: org.codehaus.groovy.ast.expr.EmptyExpression>: null

16-10-2024T08:36:13 - [TEST_STEP][PASSED] - i3 = x.indexOf("/") + 1: null

16-10-2024T08:36:13 - [TEST_STEP][PASSED] - x = x.substring(i3, x.length()): null

16-10-2024T08:36:13 - [TEST_STEP][PASSED] - return x: null

16-10-2024T08:36:13 - [TEST_STEP][PASSED] - tableB = Script1719551244403.NewDZO(x = tableB): null

16-10-2024T08:36:13 - [TEST_STEP][PASSED] - i3 = <not implemented yet for class: org.codehaus.groovy.ast.expr.EmptyExpression>: null

16-10-2024T08:36:13 - [TEST_STEP][PASSED] - i3 = x.indexOf("/") + 1: null

16-10-2024T08:36:13 - [TEST_STEP][PASSED] - x = x.substring(i3, x.length()): null

16-10-2024T08:36:13 - [TEST_STEP][PASSED] - return x: null

16-10-2024T08:36:13 - [TEST_STEP][PASSED] - tableB = Script1719551244403.NewDZO(x = tableB): null

16-10-2024T08:36:13 - [TEST_STEP][PASSED] - i3 = <not implemented yet for class: org.codehaus.groovy.ast.expr.EmptyExpression>: null

16-10-2024T08:36:13 - [TEST_STEP][PASSED] - i3 = x.indexOf("/") + 1: null

16-10-2024T08:36:13 - [TEST_STEP][PASSED] - x = x.substring(i3, x.length()): null

16-10-2024T08:36:13 - [TEST_STEP][PASSED] - return x: null

16-10-2024T08:36:13 - [TEST_STEP][PASSED] - tableB = Script1719551244403.NewDZO(x = tableB): null

16-10-2024T08:36:13 - [TEST_STEP][PASSED] - i3 = <not implemented yet for class: org.codehaus.groovy.ast.expr.EmptyExpression>: null

16-10-2024T08:36:13 - [TEST_STEP][PASSED] - i3 = x.indexOf("/") + 1: null

16-10-2024T08:36:13 - [TEST_STEP][PASSED] - x = x.substring(i3, x.length()): null

16-10-2024T08:36:13 - [TEST_STEP][PASSED] - return x: null

16-10-2024T08:36:13 - [TEST_STEP][PASSED] - tableB = Script1719551244403.NewDZO(x = tableB): null

16-10-2024T08:36:13 - [TEST_STEP][PASSED] - i3 = <not implemented yet for class: org.codehaus.groovy.ast.expr.EmptyExpression>: null

16-10-2024T08:36:13 - [TEST_STEP][PASSED] - i3 = x.indexOf("/") + 1: null

16-10-2024T08:36:13 - [TEST_STEP][PASSED] - x = x.substring(i3, x.length()): null

16-10-2024T08:36:13 - [TEST_STEP][PASSED] - return x: null

16-10-2024T08:36:13 - [TEST_STEP][PASSED] - tableB = Script1719551244403.NewDZO(x = tableB): null

16-10-2024T08:36:13 - [TEST_STEP][PASSED] - i3 = <not implemented yet for class: org.codehaus.groovy.ast.expr.EmptyExpression>: null

16-10-2024T08:36:13 - [TEST_STEP][PASSED] - i3 = x.indexOf("/") + 1: null

16-10-2024T08:36:13 - [TEST_STEP][PASSED] - x = x.substring(i3, x.length()): null

16-10-2024T08:36:13 - [TEST_STEP][PASSED] - return x: null

16-10-2024T08:36:13 - [TEST_STEP][PASSED] - tableB = Script1719551244403.NewDZO(x = tableB): null

16-10-2024T08:36:13 - [TEST_STEP][PASSED] - i3 = <not implemented yet for class: org.codehaus.groovy.ast.expr.EmptyExpression>: null

16-10-2024T08:36:13 - [TEST_STEP][PASSED] - i3 = x.indexOf("/") + 1: null

16-10-2024T08:36:13 - [TEST_STEP][PASSED] - x = x.substring(i3, x.length()): null

16-10-2024T08:36:13 - [TEST_STEP][PASSED] - return x: null

16-10-2024T08:36:13 - [TEST_STEP][PASSED] - i = tableB.indexOf("Юг"): null

16-10-2024T08:36:13 - [TEST_STEP][PASSED] - CiPB = replaceAll("\p{P}", "").trim(): null

16-10-2024T08:36:13 - [TEST_STEP][PASSED] - println("CiPB: " + CiPB): null

16-10-2024T08:36:13 - [TEST_STEP][PASSED] - for ([i = 1, i < 10, (i++)]): null

16-10-2024T08:36:13 - [TEST_STEP][PASSED] - tableB = Script1719551244403.NewDZO(x = tableB): null

16-10-2024T08:36:13 - [TEST_STEP][PASSED] - i3 = <not implemented yet for class: org.codehaus.groovy.ast.expr.EmptyExpression>: null

16-10-2024T08:36:13 - [TEST_STEP][PASSED] - i3 = x.indexOf("/") + 1: null

16-10-2024T08:36:13 - [TEST_STEP][PASSED] - x = x.substring(i3, x.length()): null

16-10-2024T08:36:13 - [TEST_STEP][PASSED] - return x: null

16-10-2024T08:36:13 - [TEST_STEP][PASSED] - tableB = Script1719551244403.NewDZO(x = tableB): null

16-10-2024T08:36:13 - [TEST_STEP][PASSED] - i3 = <not implemented yet for class: org.codehaus.groovy.ast.expr.EmptyExpression>: null

16-10-2024T08:36:13 - [TEST_STEP][PASSED] - i3 = x.indexOf("/") + 1: null

16-10-2024T08:36:13 - [TEST_STEP][PASSED] - x = x.substring(i3, x.length()): null

16-10-2024T08:36:13 - [TEST_STEP][PASSED] - return x: null

16-10-2024T08:36:13 - [TEST_STEP][PASSED] - tableB = Script1719551244403.NewDZO(x = tableB): null

16-10-2024T08:36:13 - [TEST_STEP][PASSED] - i3 = <not implemented yet for class: org.codehaus.groovy.ast.expr.EmptyExpression>: null

16-10-2024T08:36:13 - [TEST_STEP][PASSED] - i3 = x.indexOf("/") + 1: null

16-10-2024T08:36:13 - [TEST_STEP][PASSED] - x = x.substring(i3, x.length()): null

16-10-2024T08:36:13 - [TEST_STEP][PASSED] - return x: null

16-10-2024T08:36:13 - [TEST_STEP][PASSED] - tableB = Script1719551244403.NewDZO(x = tableB): null

16-10-2024T08:36:13 - [TEST_STEP][PASSED] - i3 = <not implemented yet for class: org.codehaus.groovy.ast.expr.EmptyExpression>: null

16-10-2024T08:36:13 - [TEST_STEP][PASSED] - i3 = x.indexOf("/") + 1: null

16-10-2024T08:36:13 - [TEST_STEP][PASSED] - x = x.substring(i3, x.length()): null

16-10-2024T08:36:13 - [TEST_STEP][PASSED] - return x: null

16-10-2024T08:36:13 - [TEST_STEP][PASSED] - tableB = Script1719551244403.NewDZO(x = tableB): null

16-10-2024T08:36:13 - [TEST_STEP][PASSED] - i3 = <not implemented yet for class: org.codehaus.groovy.ast.expr.EmptyExpression>: null

16-10-2024T08:36:13 - [TEST_STEP][PASSED] - i3 = x.indexOf("/") + 1: null

16-10-2024T08:36:13 - [TEST_STEP][PASSED] - x = x.substring(i3, x.length()): null

16-10-2024T08:36:13 - [TEST_STEP][PASSED] - return x: null

16-10-2024T08:36:13 - [TEST_STEP][PASSED] - tableB = Script1719551244403.NewDZO(x = tableB): null

16-10-2024T08:36:13 - [TEST_STEP][PASSED] - i3 = <not implemented yet for class: org.codehaus.groovy.ast.expr.EmptyExpression>: null

16-10-2024T08:36:13 - [TEST_STEP][PASSED] - i3 = x.indexOf("/") + 1: null

16-10-2024T08:36:13 - [TEST_STEP][PASSED] - x = x.substring(i3, x.length()): null

16-10-2024T08:36:13 - [TEST_STEP][PASSED] - return x: null

16-10-2024T08:36:13 - [TEST_STEP][PASSED] - tableB = Script1719551244403.NewDZO(x = tableB): null

16-10-2024T08:36:13 - [TEST_STEP][PASSED] - i3 = <not implemented yet for class: org.codehaus.groovy.ast.expr.EmptyExpression>: null

16-10-2024T08:36:13 - [TEST_STEP][PASSED] - i3 = x.indexOf("/") + 1: null

16-10-2024T08:36:13 - [TEST_STEP][PASSED] - x = x.substring(i3, x.length()): null

16-10-2024T08:36:13 - [TEST_STEP][PASSED] - return x: null

16-10-2024T08:36:13 - [TEST_STEP][PASSED] - tableB = Script1719551244403.NewDZO(x = tableB): null

16-10-2024T08:36:13 - [TEST_STEP][PASSED] - i3 = <not implemented yet for class: org.codehaus.groovy.ast.expr.EmptyExpression>: null

16-10-2024T08:36:13 - [TEST_STEP][PASSED] - i3 = x.indexOf("/") + 1: null

16-10-2024T08:36:13 - [TEST_STEP][PASSED] - x = x.substring(i3, x.length()): null

16-10-2024T08:36:13 - [TEST_STEP][PASSED] - return x: null

16-10-2024T08:36:13 - [TEST_STEP][PASSED] - tableB = Script1719551244403.NewDZO(x = tableB): null

16-10-2024T08:36:13 - [TEST_STEP][PASSED] - i3 = <not implemented yet for class: org.codehaus.groovy.ast.expr.EmptyExpression>: null

16-10-2024T08:36:13 - [TEST_STEP][PASSED] - i3 = x.indexOf("/") + 1: null

16-10-2024T08:36:13 - [TEST_STEP][PASSED] - x = x.substring(i3, x.length()): null

16-10-2024T08:36:13 - [TEST_STEP][PASSED] - return x: null

16-10-2024T08:36:13 - [TEST_STEP][PASSED] - i = tableB.indexOf("Янтарь"): null

16-10-2024T08:36:13 - [TEST_STEP][PASSED] - UgB = replaceAll("\p{P}", "").trim(): null

16-10-2024T08:36:13 - [TEST_STEP][PASSED] - println("UgB: " + UgB): null

16-10-2024T08:36:13 - [TEST_STEP][PASSED] - i = tableB.lastIndexOf("/"): null

16-10-2024T08:36:13 - [TEST_STEP][PASSED] - YaB = replaceAll("\p{P}", "").trim(): null

16-10-2024T08:36:13 - [TEST_STEP][PASSED] - println("YaB: " + YaB): null

16-10-2024T08:36:13 - [TEST_STEP][PASSED] - vidget = "Отклонения выручки по факторам": null

16-10-2024T08:36:13 - [TEST_STEP][PASSED] - if (run == 2): null

16-10-2024T08:36:13 - [TEST_STEP][PASSED] - Script1719551244403.Test(run, todaysDate, typeOfData, otobrajeniyeDannyh, x, y, vidget, DZO): null

16-10-2024T08:36:13 - [TEST_STEP][PASSED] - navigateToUrl(findTestData("PlanFact").getValue(10, 3)): Navigate to 'https://bi.rosseti.digital/viewer?dashboardGuid=2301950b23be4ed89c1df75f2020051e&sheetGuid=ccd7d7486b3d4e6fa0ee9b1eaebed46c&fit=true' successfully

16-10-2024T08:36:14 - [MESSAGE][PASSED] - Navigate to 'https://bi.rosseti.digital/viewer?dashboardGuid=2301950b23be4ed89c1df75f2020051e&sheetGuid=ccd7d7486b3d4e6fa0ee9b1eaebed46c&fit=true' successfully

16-10-2024T08:36:14 - [TEST_STEP][PASSED] - Script1719551244403.Autorization(run): null

16-10-2024T08:36:14 - [TEST_STEP][PASSED] - delay(10): Delayed 10 second(s)

16-10-2024T08:36:24 - [MESSAGE][PASSED] - Delayed 10 second(s)

16-10-2024T08:36:24 - [TEST_STEP][PASSED] - if (run == 1): null

16-10-2024T08:36:24 - [TEST_STEP][PASSED] - i = <not implemented yet for class: org.codehaus.groovy.ast.expr.EmptyExpression>: null

16-10-2024T08:36:24 - [TEST_STEP][PASSED] - ii = <not implemented yet for class: org.codehaus.groovy.ast.expr.EmptyExpression>: null

16-10-2024T08:36:24 - [TEST_STEP][PASSED] - a = <not implemented yet for class: org.codehaus.groovy.ast.expr.EmptyExpression>: null

16-10-2024T08:36:24 - [TEST_STEP][PASSED] - a1 = <not implemented yet for class: org.codehaus.groovy.ast.expr.EmptyExpression>: null

16-10-2024T08:36:24 - [TEST_STEP][PASSED] - a2 = <not implemented yet for class: org.codehaus.groovy.ast.expr.EmptyExpression>: null

16-10-2024T08:36:24 - [TEST_STEP][PASSED] - click(findTestObject("Факторный анализ/Фильтр Период")): Object: 'Object Repository/Факторный анализ/Фильтр Период' is clicked on

16-10-2024T08:36:33 - [MESSAGE][PASSED] - Object: 'Object Repository/Факторный анализ/Фильтр Период' is clicked on

16-10-2024T08:36:33 - [TEST_STEP][PASSED] - click(findTestObject("Факторный анализ/Снять выделение в фильтре Дата")): Object: 'Object Repository/Факторный анализ/Снять выделение в фильтре Дата' is clicked on

16-10-2024T08:36:33 - [MESSAGE][PASSED] - Object: 'Object Repository/Факторный анализ/Снять выделение в фильтре Дата' is clicked on

16-10-2024T08:36:33 - [TEST_STEP][PASSED] - click(findTestObject("Факторный анализ/Применить в фильтре Дата")): Object: 'Object Repository/Факторный анализ/Применить в фильтре Дата' is clicked on

16-10-2024T08:36:34 - [MESSAGE][PASSED] - Object: 'Object Repository/Факторный анализ/Применить в фильтре Дата' is clicked on

16-10-2024T08:36:34 - [TEST_STEP][PASSED] - click(findTestObject("Факторный анализ/Фильтр Период")): Object: 'Object Repository/Факторный анализ/Фильтр Период' is clicked on

16-10-2024T08:36:37 - [MESSAGE][PASSED] - Object: 'Object Repository/Факторный анализ/Фильтр Период' is clicked on

16-10-2024T08:36:37 - [TEST_STEP][PASSED] - click(findTestObject("Факторный анализ/Снять выделение в фильтре Дата")): Object: 'Object Repository/Факторный анализ/Снять выделение в фильтре Дата' is clicked on

16-10-2024T08:36:37 - [MESSAGE][PASSED] - Object: 'Object Repository/Факторный анализ/Снять выделение в фильтре Дата' is clicked on

16-10-2024T08:36:37 - [TEST_STEP][PASSED] - scrollToElement(findTestObject("Факторный анализ/2024 список"), 30): Scroll to object 'Object Repository/Факторный анализ/2024 список' successfully

16-10-2024T08:36:37 - [MESSAGE][PASSED] - Scroll to object 'Object Repository/Факторный анализ/2024 список' successfully

16-10-2024T08:36:37 - [TEST_STEP][PASSED] - click(findTestObject("Факторный анализ/2024 список")): Object: 'Object Repository/Факторный анализ/2024 список' is clicked on

16-10-2024T08:36:38 - [MESSAGE][PASSED] - Object: 'Object Repository/Факторный анализ/2024 список' is clicked on

16-10-2024T08:36:38 - [TEST_STEP][PASSED] - scrollToElement(findTestObject("Факторный анализ/1 квартал 2024 выбрать"), 30): Scroll to object 'Object Repository/Факторный анализ/1 квартал 2024 выбрать' successfully

16-10-2024T08:36:38 - [MESSAGE][PASSED] - Scroll to object 'Object Repository/Факторный анализ/1 квартал 2024 выбрать' successfully

16-10-2024T08:36:38 - [TEST_STEP][PASSED] - click(findTestObject("Факторный анализ/1 квартал 2024 выбрать")): Object: 'Object Repository/Факторный анализ/1 квартал 2024 выбрать' is clicked on

16-10-2024T08:36:39 - [MESSAGE][PASSED] - Object: 'Object Repository/Факторный анализ/1 квартал 2024 выбрать' is clicked on

16-10-2024T08:36:39 - [TEST_STEP][PASSED] - scrollToElement(findTestObject("Факторный анализ/1 квартал 2024 выбрать"), 30): Scroll to object 'Object Repository/Факторный анализ/1 квартал 2024 выбрать' successfully

16-10-2024T08:36:39 - [MESSAGE][PASSED] - Scroll to object 'Object Repository/Факторный анализ/1 квартал 2024 выбрать' successfully

16-10-2024T08:36:39 - [TEST_STEP][PASSED] - click(findTestObject("Факторный анализ/2 квартал 2024 выбрать"), CONTINUE_ON_FAILURE): Object: 'Object Repository/Факторный анализ/2 квартал 2024 выбрать' is clicked on

16-10-2024T08:36:39 - [MESSAGE][PASSED] - Object: 'Object Repository/Факторный анализ/2 квартал 2024 выбрать' is clicked on

16-10-2024T08:36:39 - [TEST_STEP][PASSED] - click(findTestObject("Факторный анализ/3 квартал 2024 список"), CONTINUE_ON_FAILURE): Object: 'Object Repository/Факторный анализ/3 квартал 2024 список' is clicked on

16-10-2024T08:36:40 - [MESSAGE][PASSED] - Object: 'Object Repository/Факторный анализ/3 квартал 2024 список' is clicked on

16-10-2024T08:36:40 - [TEST_STEP][PASSED] - click(findTestObject("Факторный анализ/Июль 2024"), CONTINUE_ON_FAILURE): Object: 'Object Repository/Факторный анализ/Июль 2024' is clicked on

16-10-2024T08:36:40 - [MESSAGE][PASSED] - Object: 'Object Repository/Факторный анализ/Июль 2024' is clicked on

16-10-2024T08:36:40 - [TEST_STEP][PASSED] - scrollToElement(findTestObject("Факторный анализ/Август 2024"), 30): Scroll to object 'Object Repository/Факторный анализ/Август 2024' successfully

16-10-2024T08:36:41 - [MESSAGE][PASSED] - Scroll to object 'Object Repository/Факторный анализ/Август 2024' successfully

16-10-2024T08:36:41 - [TEST_STEP][PASSED] - click(findTestObject("Факторный анализ/Август 2024"), CONTINUE_ON_FAILURE): Object: 'Object Repository/Факторный анализ/Август 2024' is clicked on

16-10-2024T08:36:41 - [MESSAGE][PASSED] - Object: 'Object Repository/Факторный анализ/Август 2024' is clicked on

16-10-2024T08:36:41 - [TEST_STEP][PASSED] - scrollToElement(findTestObject("Факторный анализ/Заголовок дашборда"), 30): Scroll to object 'Object Repository/Факторный анализ/Заголовок дашборда' successfully

16-10-2024T08:36:42 - [MESSAGE][PASSED] - Scroll to object 'Object Repository/Факторный анализ/Заголовок дашборда' successfully

16-10-2024T08:36:42 - [TEST_STEP][PASSED] - click(findTestObject("Факторный анализ/Применить в фильтре Дата")): Object: 'Object Repository/Факторный анализ/Применить в фильтре Дата' is clicked on

16-10-2024T08:36:42 - [MESSAGE][PASSED] - Object: 'Object Repository/Факторный анализ/Применить в фильтре Дата' is clicked on

16-10-2024T08:36:42 - [TEST_STEP][PASSED] - if (run == 1): null

16-10-2024T08:36:42 - [TEST_STEP][PASSED] - else: null

16-10-2024T08:36:42 - [TEST_STEP][PASSED] - click(findTestObject("Факторный анализ/Переключить отображение с филиала на месяц")): Object: 'Object Repository/Факторный анализ/Переключить отображение с филиала на месяц' is clicked on

16-10-2024T08:36:44 - [MESSAGE][PASSED] - Object: 'Object Repository/Факторный анализ/Переключить отображение с филиала на месяц' is clicked on

16-10-2024T08:36:44 - [TEST_STEP][PASSED] - a1 = replaceAll("\s+", "").trim(): Text of object 'Object Repository/Факторный анализ/span1 Блок руководителя' is: '-335 790'

16-10-2024T08:36:45 - [MESSAGE][PASSED] - Text of object 'Object Repository/Факторный анализ/span1 Блок руководителя' is: '-335 790'

16-10-2024T08:36:45 - [TEST_STEP][PASSED] - a2 = replaceAll("\s+", "").trim(): Text of object 'Object Repository/Факторный анализ/span2 Блок руководителя' is: '33 824'

16-10-2024T08:36:45 - [MESSAGE][PASSED] - Text of object 'Object Repository/Факторный анализ/span2 Блок руководителя' is: '33 824'

16-10-2024T08:36:45 - [TEST_STEP][PASSED] - println("a1: " + a1): null

16-10-2024T08:36:45 - [TEST_STEP][PASSED] - println("a2: " + a2): null

16-10-2024T08:36:45 - [TEST_STEP][PASSED] - tableA = getText(findTestObject("Факторный анализ/AllTable1")).replaceAll("[\r?
|
]", "/"): Text of object 'Object Repository/Факторный анализ/AllTable1' is: 'ДЗО
Филиал
Отклонение (объём услуг)
Отклонение (средний тариф)
АО «Тываэнерго» АО "Тываэнерго" 186 -12
АО «Чеченэнерго» АО «Чеченэнерго» -2 985 11
Россети Волга Мордовэнерго -2 499 -90
Оренбургэнерго -9 857 - 143
Пензаэнерго -5 956 -72
Самарские РС -11 562 - 941
Саратовские РС -11 875 - 402
Ульяновские РС -4 296 - 198
Чувашэнерго -3 667 116
Россети Кубань Кубаньэнерго -47 196 83
Россети Ленэнерго (ГК) Ленинградская область -25 692 323
г. Санкт-Петербург -36 582 - 127
Россети Московский регион Московская область 4 586 - 413
г. Москва 2 708 -39
Россети Северный Кавказ (ГК) Дагестанская энергосбытовая компания - 111 69
Дагэнерго -5 724 434
Ингушэнерго -1 293 90
Каббалкэнерго -2 385 13
Карачаево-Черкесскэнерго -1 553 -13
Севкавказэнерго -2 704 108
Ставропольэнерго -7 412 - 237
Россети Северо-Запад Архангельский филиал 103 -77
Вологодский филиал 233 -6
Карельский филиал 32 154
Мурманский филиал 106 77
Новгородский филиал 212 -42
Псковский филиал 162 -22
филиал в Республике Коми 49 18
Россети Сибирь (ГК) Алтайэнерго 227 241
Бурятэнерго -86 266
ГАЭС 99 -14
Красноярскэнерго 955 - 272
Кузбассэнерго-РЭС 298 222
Омскэнерго 92 - 140
Хакасэнерго 281 - 319
Читаэнерго -27 88
Россети Томск Томская распределительная компания -5 817 - 105
Россети Тюмень Россети Тюмень -57 812 - 419
Россети Урал (ГК) Пермэнерго 620 - 198
Свердловэнерго 891 181
Челябэнерго 893 - 608
Россети ФСК ЕЭС Итого по ФСК ЕЭС 8 451 -7 098
Россети Центр Белгородэнерго 293 77
Брянскэнерго -4 458 7
Воронежэнерго -12 194 118
Костромаэнерго 121 4
Курскэнерго -2 317 105
Липецкэнерго 700 - 301
Орелэнерго -3 056 -11
Смоленскэнерго -5 925 22
Тамбовэнерго -4 626 -10
Тверьэнерго 350 94
Ярэнерго -6 248 6
Россети Центр и Приволжье (ГК) Владимирэнерго 519 47
Ивэнерго 188 28
Калугаэнерго 549 -42
Кировэнерго 395 -2
Мариэнерго 159 13
Нижновэнерго 659 184
Рязаньэнерго 262 38
Тулэнерго 793 - 195
Удмуртэнерго 269 8
Россети Юг (ГК) АО «ВМЭС» -3 002 24
Астраханьэнерго -4 589 69
Волгоградэнерго -8 020 - 274
Калмэнерго -1 313 -5
Ростовэнерго -16 272 11
Россети Янтарь Россети Янтарь 273 -37'

16-10-2024T08:36:45 - [MESSAGE][PASSED] - Text of object 'Object Repository/Факторный анализ/AllTable1' is: 'ДЗО
Филиал
Отклонение (объём услуг)
Отклонение (средний тариф)
АО «Тываэнерго» АО "Тываэнерго" 186 -12
АО «Чеченэнерго» АО «Чеченэнерго» -2 985 11
Россети Волга Мордовэнерго -2 499 -90
Оренбургэнерго -9 857 - 143
Пензаэнерго -5 956 -72
Самарские РС -11 562 - 941
Саратовские РС -11 875 - 402
Ульяновские РС -4 296 - 198
Чувашэнерго -3 667 116
Россети Кубань Кубаньэнерго -47 196 83
Россети Ленэнерго (ГК) Ленинградская область -25 692 323
г. Санкт-Петербург -36 582 - 127
Россети Московский регион Московская область 4 586 - 413
г. Москва 2 708 -39
Россети Северный Кавказ (ГК) Дагестанская энергосбытовая компания - 111 69
Дагэнерго -5 724 434
Ингушэнерго -1 293 90
Каббалкэнерго -2 385 13
Карачаево-Черкесскэнерго -1 553 -13
Севкавказэнерго -2 704 108
Ставропольэнерго -7 412 - 237
Россети Северо-Запад Архангельский филиал 103 -77
Вологодский филиал 233 -6
Карельский филиал 32 154
Мурманский филиал 106 77
Новгородский филиал 212 -42
Псковский филиал 162 -22
филиал в Республике Коми 49 18
Россети Сибирь (ГК) Алтайэнерго 227 241
Бурятэнерго -86 266
ГАЭС 99 -14
Красноярскэнерго 955 - 272
Кузбассэнерго-РЭС 298 222
Омскэнерго 92 - 140
Хакасэнерго 281 - 319
Читаэнерго -27 88
Россети Томск Томская распределительная компания -5 817 - 105
Россети Тюмень Россети Тюмень -57 812 - 419
Россети Урал (ГК) Пермэнерго 620 - 198
Свердловэнерго 891 181
Челябэнерго 893 - 608
Россети ФСК ЕЭС Итого по ФСК ЕЭС 8 451 -7 098
Россети Центр Белгородэнерго 293 77
Брянскэнерго -4 458 7
Воронежэнерго -12 194 118
Костромаэнерго 121 4
Курскэнерго -2 317 105
Липецкэнерго 700 - 301
Орелэнерго -3 056 -11
Смоленскэнерго -5 925 22
Тамбовэнерго -4 626 -10
Тверьэнерго 350 94
Ярэнерго -6 248 6
Россети Центр и Приволжье (ГК) Владимирэнерго 519 47
Ивэнерго 188 28
Калугаэнерго 549 -42
Кировэнерго 395 -2
Мариэнерго 159 13
Нижновэнерго 659 184
Рязаньэнерго 262 38
Тулэнерго 793 - 195
Удмуртэнерго 269 8
Россети Юг (ГК) АО «ВМЭС» -3 002 24
Астраханьэнерго -4 589 69
Волгоградэнерго -8 020 - 274
Калмэнерго -1 313 -5
Ростовэнерго -16 272 11
Россети Янтарь Россети Янтарь 273 -37'

16-10-2024T08:36:45 - [TEST_STEP][PASSED] - println("tableA: " + tableA): null

16-10-2024T08:36:45 - [TEST_STEP][PASSED] - for ([i = 1, i < 5, (i++)]): null

16-10-2024T08:36:45 - [TEST_STEP][PASSED] - ii = tableA.indexOf("/") + 1: null

16-10-2024T08:36:45 - [TEST_STEP][PASSED] - tableA = tableA.substring(ii, tableA.length()): null

16-10-2024T08:36:45 - [TEST_STEP][PASSED] - ii = tableA.indexOf("/") + 1: null

16-10-2024T08:36:45 - [TEST_STEP][PASSED] - tableA = tableA.substring(ii, tableA.length()): null

16-10-2024T08:36:45 - [TEST_STEP][PASSED] - ii = tableA.indexOf("/") + 1: null

16-10-2024T08:36:45 - [TEST_STEP][PASSED] - tableA = tableA.substring(ii, tableA.length()): null

16-10-2024T08:36:45 - [TEST_STEP][PASSED] - ii = tableA.indexOf("/") + 1: null

16-10-2024T08:36:45 - [TEST_STEP][PASSED] - tableA = tableA.substring(ii, tableA.length()): null

16-10-2024T08:36:45 - [TEST_STEP][PASSED] - println("tableA: " + tableA): null

16-10-2024T08:36:45 - [TEST_STEP][PASSED] - TyA = Script1719551244403.GetData(x = tableA): null

16-10-2024T08:36:45 - [TEST_STEP][PASSED] - i2 = <not implemented yet for class: org.codehaus.groovy.ast.expr.EmptyExpression>: null

16-10-2024T08:36:45 - [TEST_STEP][PASSED] - i2 = x.indexOf("/") + 1: null

16-10-2024T08:36:45 - [TEST_STEP][PASSED] - x = replaceAll("\p{P}", "").trim(): null

16-10-2024T08:36:45 - [TEST_STEP][PASSED] - return x: null

16-10-2024T08:36:45 - [TEST_STEP][PASSED] - println("TyA: " + TyA): null

16-10-2024T08:36:45 - [TEST_STEP][PASSED] - tableA = Script1719551244403.NewDZO(x = tableA): null

16-10-2024T08:36:45 - [TEST_STEP][PASSED] - i3 = <not implemented yet for class: org.codehaus.groovy.ast.expr.EmptyExpression>: null

16-10-2024T08:36:45 - [TEST_STEP][PASSED] - i3 = x.indexOf("/") + 1: null

16-10-2024T08:36:45 - [TEST_STEP][PASSED] - x = x.substring(i3, x.length()): null

16-10-2024T08:36:45 - [TEST_STEP][PASSED] - return x: null

16-10-2024T08:36:45 - [TEST_STEP][PASSED] - ChA = Script1719551244403.GetData(x = tableA): null

16-10-2024T08:36:45 - [TEST_STEP][PASSED] - i2 = <not implemented yet for class: org.codehaus.groovy.ast.expr.EmptyExpression>: null

16-10-2024T08:36:45 - [TEST_STEP][PASSED] - i2 = x.indexOf("/") + 1: null

16-10-2024T08:36:45 - [TEST_STEP][PASSED] - x = replaceAll("\p{P}", "").trim(): null

16-10-2024T08:36:45 - [TEST_STEP][PASSED] - return x: null

16-10-2024T08:36:45 - [TEST_STEP][PASSED] - println("ChA: " + ChA): null

16-10-2024T08:36:45 - [TEST_STEP][PASSED] - tableA = Script1719551244403.NewDZO(x = tableA): null

16-10-2024T08:36:45 - [TEST_STEP][PASSED] - i3 = <not implemented yet for class: org.codehaus.groovy.ast.expr.EmptyExpression>: null

16-10-2024T08:36:45 - [TEST_STEP][PASSED] - i3 = x.indexOf("/") + 1: null

16-10-2024T08:36:45 - [TEST_STEP][PASSED] - x = x.substring(i3, x.length()): null

16-10-2024T08:36:45 - [TEST_STEP][PASSED] - return x: null

16-10-2024T08:36:45 - [TEST_STEP][PASSED] - i = tableA.indexOf("Кубань"): null

16-10-2024T08:36:45 - [TEST_STEP][PASSED] - VA = replaceAll("\p{P}", "").trim(): null

16-10-2024T08:36:45 - [TEST_STEP][PASSED] - println("VA: " + VA): null

16-10-2024T08:36:45 - [TEST_STEP][PASSED] - for ([i = 1, i < 8, (i++)]): null

16-10-2024T08:36:45 - [TEST_STEP][PASSED] - tableA = Script1719551244403.NewDZO(x = tableA): null

16-10-2024T08:36:45 - [TEST_STEP][PASSED] - i3 = <not implemented yet for class: org.codehaus.groovy.ast.expr.EmptyExpression>: null

16-10-2024T08:36:45 - [TEST_STEP][PASSED] - i3 = x.indexOf("/") + 1: null

16-10-2024T08:36:45 - [TEST_STEP][PASSED] - x = x.substring(i3, x.length()): null

16-10-2024T08:36:45 - [TEST_STEP][PASSED] - return x: null

16-10-2024T08:36:45 - [TEST_STEP][PASSED] - tableA = Script1719551244403.NewDZO(x = tableA): null

16-10-2024T08:36:45 - [TEST_STEP][PASSED] - i3 = <not implemented yet for class: org.codehaus.groovy.ast.expr.EmptyExpression>: null

16-10-2024T08:36:45 - [TEST_STEP][PASSED] - i3 = x.indexOf("/") + 1: null

16-10-2024T08:36:45 - [TEST_STEP][PASSED] - x = x.substring(i3, x.length()): null

16-10-2024T08:36:45 - [TEST_STEP][PASSED] - return x: null

16-10-2024T08:36:45 - [TEST_STEP][PASSED] - tableA = Script1719551244403.NewDZO(x = tableA): null

16-10-2024T08:36:45 - [TEST_STEP][PASSED] - i3 = <not implemented yet for class: org.codehaus.groovy.ast.expr.EmptyExpression>: null

16-10-2024T08:36:45 - [TEST_STEP][PASSED] - i3 = x.indexOf("/") + 1: null

16-10-2024T08:36:45 - [TEST_STEP][PASSED] - x = x.substring(i3, x.length()): null

16-10-2024T08:36:45 - [TEST_STEP][PASSED] - return x: null

16-10-2024T08:36:45 - [TEST_STEP][PASSED] - tableA = Script1719551244403.NewDZO(x = tableA): null

16-10-2024T08:36:45 - [TEST_STEP][PASSED] - i3 = <not implemented yet for class: org.codehaus.groovy.ast.expr.EmptyExpression>: null

16-10-2024T08:36:45 - [TEST_STEP][PASSED] - i3 = x.indexOf("/") + 1: null

16-10-2024T08:36:45 - [TEST_STEP][PASSED] - x = x.substring(i3, x.length()): null

16-10-2024T08:36:45 - [TEST_STEP][PASSED] - return x: null

16-10-2024T08:36:45 - [TEST_STEP][PASSED] - tableA = Script1719551244403.NewDZO(x = tableA): null

16-10-2024T08:36:45 - [TEST_STEP][PASSED] - i3 = <not implemented yet for class: org.codehaus.groovy.ast.expr.EmptyExpression>: null

16-10-2024T08:36:45 - [TEST_STEP][PASSED] - i3 = x.indexOf("/") + 1: null

16-10-2024T08:36:45 - [TEST_STEP][PASSED] - x = x.substring(i3, x.length()): null

16-10-2024T08:36:45 - [TEST_STEP][PASSED] - return x: null

16-10-2024T08:36:45 - [TEST_STEP][PASSED] - tableA = Script1719551244403.NewDZO(x = tableA): null

16-10-2024T08:36:45 - [TEST_STEP][PASSED] - i3 = <not implemented yet for class: org.codehaus.groovy.ast.expr.EmptyExpression>: null

16-10-2024T08:36:45 - [TEST_STEP][PASSED] - i3 = x.indexOf("/") + 1: null

16-10-2024T08:36:45 - [TEST_STEP][PASSED] - x = x.substring(i3, x.length()): null

16-10-2024T08:36:45 - [TEST_STEP][PASSED] - return x: null

16-10-2024T08:36:45 - [TEST_STEP][PASSED] - tableA = Script1719551244403.NewDZO(x = tableA): null

16-10-2024T08:36:45 - [TEST_STEP][PASSED] - i3 = <not implemented yet for class: org.codehaus.groovy.ast.expr.EmptyExpression>: null

16-10-2024T08:36:45 - [TEST_STEP][PASSED] - i3 = x.indexOf("/") + 1: null

16-10-2024T08:36:45 - [TEST_STEP][PASSED] - x = x.substring(i3, x.length()): null

16-10-2024T08:36:45 - [TEST_STEP][PASSED] - return x: null

16-10-2024T08:36:45 - [TEST_STEP][PASSED] - i = tableA.indexOf("Ленэнерго"): null

16-10-2024T08:36:45 - [TEST_STEP][PASSED] - KuA = Script1719551244403.GetData(x = tableA): null

16-10-2024T08:36:45 - [TEST_STEP][PASSED] - i2 = <not implemented yet for class: org.codehaus.groovy.ast.expr.EmptyExpression>: null

16-10-2024T08:36:45 - [TEST_STEP][PASSED] - i2 = x.indexOf("/") + 1: null

16-10-2024T08:36:45 - [TEST_STEP][PASSED] - x = replaceAll("\p{P}", "").trim(): null

16-10-2024T08:36:45 - [TEST_STEP][PASSED] - return x: null

16-10-2024T08:36:45 - [TEST_STEP][PASSED] - println("KuA: " + KuA): null

16-10-2024T08:36:45 - [TEST_STEP][PASSED] - tableA = Script1719551244403.NewDZO(x = tableA): null

16-10-2024T08:36:45 - [TEST_STEP][PASSED] - i3 = <not implemented yet for class: org.codehaus.groovy.ast.expr.EmptyExpression>: null

16-10-2024T08:36:45 - [TEST_STEP][PASSED] - i3 = x.indexOf("/") + 1: null

16-10-2024T08:36:45 - [TEST_STEP][PASSED] - x = x.substring(i3, x.length()): null

16-10-2024T08:36:45 - [TEST_STEP][PASSED] - return x: null

16-10-2024T08:36:45 - [TEST_STEP][PASSED] - i = tableA.indexOf("Московский"): null

16-10-2024T08:36:45 - [TEST_STEP][PASSED] - LenA = replaceAll("\p{P}", "").trim(): null

16-10-2024T08:36:45 - [TEST_STEP][PASSED] - println("LenA: " + LenA): null

16-10-2024T08:36:45 - [TEST_STEP][PASSED] - tableA = Script1719551244403.NewDZO(x = tableA): null

16-10-2024T08:36:45 - [TEST_STEP][PASSED] - i3 = <not implemented yet for class: org.codehaus.groovy.ast.expr.EmptyExpression>: null

16-10-2024T08:36:45 - [TEST_STEP][PASSED] - i3 = x.indexOf("/") + 1: null

16-10-2024T08:36:45 - [TEST_STEP][PASSED] - x = x.substring(i3, x.length()): null

16-10-2024T08:36:45 - [TEST_STEP][PASSED] - return x: null

16-10-2024T08:36:45 - [TEST_STEP][PASSED] - tableA = Script1719551244403.NewDZO(x = tableA): null

16-10-2024T08:36:45 - [TEST_STEP][PASSED] - i3 = <not implemented yet for class: org.codehaus.groovy.ast.expr.EmptyExpression>: null

16-10-2024T08:36:45 - [TEST_STEP][PASSED] - i3 = x.indexOf("/") + 1: null

16-10-2024T08:36:45 - [TEST_STEP][PASSED] - x = x.substring(i3, x.length()): null

16-10-2024T08:36:45 - [TEST_STEP][PASSED] - return x: null

16-10-2024T08:36:45 - [TEST_STEP][PASSED] - i = tableA.indexOf("Кавказ"): null

16-10-2024T08:36:45 - [TEST_STEP][PASSED] - MosA = replaceAll("\p{P}", "").trim(): null

16-10-2024T08:36:45 - [TEST_STEP][PASSED] - println("MosA: " + MosA): null

16-10-2024T08:36:45 - [TEST_STEP][PASSED] - for ([i = 1, i < 3, (i++)]): null

16-10-2024T08:36:45 - [TEST_STEP][PASSED] - tableA = Script1719551244403.NewDZO(x = tableA): null

16-10-2024T08:36:45 - [TEST_STEP][PASSED] - i3 = <not implemented yet for class: org.codehaus.groovy.ast.expr.EmptyExpression>: null

16-10-2024T08:36:45 - [TEST_STEP][PASSED] - i3 = x.indexOf("/") + 1: null

16-10-2024T08:36:45 - [TEST_STEP][PASSED] - x = x.substring(i3, x.length()): null

16-10-2024T08:36:45 - [TEST_STEP][PASSED] - return x: null

16-10-2024T08:36:45 - [TEST_STEP][PASSED] - tableA = Script1719551244403.NewDZO(x = tableA): null

16-10-2024T08:36:45 - [TEST_STEP][PASSED] - i3 = <not implemented yet for class: org.codehaus.groovy.ast.expr.EmptyExpression>: null

16-10-2024T08:36:45 - [TEST_STEP][PASSED] - i3 = x.indexOf("/") + 1: null

16-10-2024T08:36:45 - [TEST_STEP][PASSED] - x = x.substring(i3, x.length()): null

16-10-2024T08:36:45 - [TEST_STEP][PASSED] - return x: null

16-10-2024T08:36:45 - [TEST_STEP][PASSED] - i = tableA.indexOf("Запад"): null

16-10-2024T08:36:45 - [TEST_STEP][PASSED] - SKA = replaceAll("\p{P}", "").trim(): null

16-10-2024T08:36:45 - [TEST_STEP][PASSED] - println("SKA: " + SKA): null

16-10-2024T08:36:45 - [TEST_STEP][PASSED] - for ([i = 1, i < 7, (i++)]): null

16-10-2024T08:36:45 - [TEST_STEP][PASSED] - tableA = Script1719551244403.NewDZO(x = tableA): null

16-10-2024T08:36:45 - [TEST_STEP][PASSED] - i3 = <not implemented yet for class: org.codehaus.groovy.ast.expr.EmptyExpression>: null

16-10-2024T08:36:45 - [TEST_STEP][PASSED] - i3 = x.indexOf("/") + 1: null

16-10-2024T08:36:45 - [TEST_STEP][PASSED] - x = x.substring(i3, x.length()): null

16-10-2024T08:36:45 - [TEST_STEP][PASSED] - return x: null

16-10-2024T08:36:45 - [TEST_STEP][PASSED] - tableA = Script1719551244403.NewDZO(x = tableA): null

16-10-2024T08:36:45 - [TEST_STEP][PASSED] - i3 = <not implemented yet for class: org.codehaus.groovy.ast.expr.EmptyExpression>: null

16-10-2024T08:36:45 - [TEST_STEP][PASSED] - i3 = x.indexOf("/") + 1: null

16-10-2024T08:36:45 - [TEST_STEP][PASSED] - x = x.substring(i3, x.length()): null

16-10-2024T08:36:45 - [TEST_STEP][PASSED] - return x: null

16-10-2024T08:36:45 - [TEST_STEP][PASSED] - tableA = Script1719551244403.NewDZO(x = tableA): null

16-10-2024T08:36:45 - [TEST_STEP][PASSED] - i3 = <not implemented yet for class: org.codehaus.groovy.ast.expr.EmptyExpression>: null

16-10-2024T08:36:45 - [TEST_STEP][PASSED] - i3 = x.indexOf("/") + 1: null

16-10-2024T08:36:45 - [TEST_STEP][PASSED] - x = x.substring(i3, x.length()): null

16-10-2024T08:36:45 - [TEST_STEP][PASSED] - return x: null

16-10-2024T08:36:45 - [TEST_STEP][PASSED] - tableA = Script1719551244403.NewDZO(x = tableA): null

16-10-2024T08:36:45 - [TEST_STEP][PASSED] - i3 = <not implemented yet for class: org.codehaus.groovy.ast.expr.EmptyExpression>: null

16-10-2024T08:36:45 - [TEST_STEP][PASSED] - i3 = x.indexOf("/") + 1: null

16-10-2024T08:36:45 - [TEST_STEP][PASSED] - x = x.substring(i3, x.length()): null

16-10-2024T08:36:45 - [TEST_STEP][PASSED] - return x: null

16-10-2024T08:36:45 - [TEST_STEP][PASSED] - tableA = Script1719551244403.NewDZO(x = tableA): null

16-10-2024T08:36:45 - [TEST_STEP][PASSED] - i3 = <not implemented yet for class: org.codehaus.groovy.ast.expr.EmptyExpression>: null

16-10-2024T08:36:45 - [TEST_STEP][PASSED] - i3 = x.indexOf("/") + 1: null

16-10-2024T08:36:45 - [TEST_STEP][PASSED] - x = x.substring(i3, x.length()): null

16-10-2024T08:36:45 - [TEST_STEP][PASSED] - return x: null

16-10-2024T08:36:45 - [TEST_STEP][PASSED] - tableA = Script1719551244403.NewDZO(x = tableA): null

16-10-2024T08:36:45 - [TEST_STEP][PASSED] - i3 = <not implemented yet for class: org.codehaus.groovy.ast.expr.EmptyExpression>: null

16-10-2024T08:36:45 - [TEST_STEP][PASSED] - i3 = x.indexOf("/") + 1: null

16-10-2024T08:36:45 - [TEST_STEP][PASSED] - x = x.substring(i3, x.length()): null

16-10-2024T08:36:45 - [TEST_STEP][PASSED] - return x: null

16-10-2024T08:36:45 - [TEST_STEP][PASSED] - i = tableA.indexOf("Сибирь"): null

16-10-2024T08:36:45 - [TEST_STEP][PASSED] - SZA = replaceAll("\p{P}", "").trim(): null

16-10-2024T08:36:45 - [TEST_STEP][PASSED] - println("SZA: " + SZA): null

16-10-2024T08:36:45 - [TEST_STEP][PASSED] - for ([i = 1, i < 8, (i++)]): null

16-10-2024T08:36:45 - [TEST_STEP][PASSED] - tableA = Script1719551244403.NewDZO(x = tableA): null

16-10-2024T08:36:45 - [TEST_STEP][PASSED] - i3 = <not implemented yet for class: org.codehaus.groovy.ast.expr.EmptyExpression>: null

16-10-2024T08:36:45 - [TEST_STEP][PASSED] - i3 = x.indexOf("/") + 1: null

16-10-2024T08:36:45 - [TEST_STEP][PASSED] - x = x.substring(i3, x.length()): null

16-10-2024T08:36:45 - [TEST_STEP][PASSED] - return x: null

16-10-2024T08:36:45 - [TEST_STEP][PASSED] - tableA = Script1719551244403.NewDZO(x = tableA): null

16-10-2024T08:36:45 - [TEST_STEP][PASSED] - i3 = <not implemented yet for class: org.codehaus.groovy.ast.expr.EmptyExpression>: null

16-10-2024T08:36:45 - [TEST_STEP][PASSED] - i3 = x.indexOf("/") + 1: null

16-10-2024T08:36:45 - [TEST_STEP][PASSED] - x = x.substring(i3, x.length()): null

16-10-2024T08:36:45 - [TEST_STEP][PASSED] - return x: null

16-10-2024T08:36:45 - [TEST_STEP][PASSED] - tableA = Script1719551244403.NewDZO(x = tableA): null

16-10-2024T08:36:45 - [TEST_STEP][PASSED] - i3 = <not implemented yet for class: org.codehaus.groovy.ast.expr.EmptyExpression>: null

16-10-2024T08:36:45 - [TEST_STEP][PASSED] - i3 = x.indexOf("/") + 1: null

16-10-2024T08:36:45 - [TEST_STEP][PASSED] - x = x.substring(i3, x.length()): null

16-10-2024T08:36:45 - [TEST_STEP][PASSED] - return x: null

16-10-2024T08:36:45 - [TEST_STEP][PASSED] - tableA = Script1719551244403.NewDZO(x = tableA): null

16-10-2024T08:36:45 - [TEST_STEP][PASSED] - i3 = <not implemented yet for class: org.codehaus.groovy.ast.expr.EmptyExpression>: null

16-10-2024T08:36:45 - [TEST_STEP][PASSED] - i3 = x.indexOf("/") + 1: null

16-10-2024T08:36:45 - [TEST_STEP][PASSED] - x = x.substring(i3, x.length()): null

16-10-2024T08:36:45 - [TEST_STEP][PASSED] - return x: null

16-10-2024T08:36:45 - [TEST_STEP][PASSED] - tableA = Script1719551244403.NewDZO(x = tableA): null

16-10-2024T08:36:45 - [TEST_STEP][PASSED] - i3 = <not implemented yet for class: org.codehaus.groovy.ast.expr.EmptyExpression>: null

16-10-2024T08:36:45 - [TEST_STEP][PASSED] - i3 = x.indexOf("/") + 1: null

16-10-2024T08:36:45 - [TEST_STEP][PASSED] - x = x.substring(i3, x.length()): null

16-10-2024T08:36:45 - [TEST_STEP][PASSED] - return x: null

16-10-2024T08:36:45 - [TEST_STEP][PASSED] - tableA = Script1719551244403.NewDZO(x = tableA): null

16-10-2024T08:36:45 - [TEST_STEP][PASSED] - i3 = <not implemented yet for class: org.codehaus.groovy.ast.expr.EmptyExpression>: null

16-10-2024T08:36:45 - [TEST_STEP][PASSED] - i3 = x.indexOf("/") + 1: null

16-10-2024T08:36:45 - [TEST_STEP][PASSED] - x = x.substring(i3, x.length()): null

16-10-2024T08:36:45 - [TEST_STEP][PASSED] - return x: null

16-10-2024T08:36:45 - [TEST_STEP][PASSED] - tableA = Script1719551244403.NewDZO(x = tableA): null

16-10-2024T08:36:45 - [TEST_STEP][PASSED] - i3 = <not implemented yet for class: org.codehaus.groovy.ast.expr.EmptyExpression>: null

16-10-2024T08:36:45 - [TEST_STEP][PASSED] - i3 = x.indexOf("/") + 1: null

16-10-2024T08:36:45 - [TEST_STEP][PASSED] - x = x.substring(i3, x.length()): null

16-10-2024T08:36:45 - [TEST_STEP][PASSED] - return x: null

16-10-2024T08:36:45 - [TEST_STEP][PASSED] - i = tableA.indexOf("Томск"): null

16-10-2024T08:36:45 - [TEST_STEP][PASSED] - SiA = replaceAll("\p{P}", "").trim(): null

16-10-2024T08:36:45 - [TEST_STEP][PASSED] - println("SiA: " + SiA): null

16-10-2024T08:36:45 - [TEST_STEP][PASSED] - for ([i = 1, i < 9, (i++)]): null

16-10-2024T08:36:45 - [TEST_STEP][PASSED] - tableA = Script1719551244403.NewDZO(x = tableA): null

16-10-2024T08:36:45 - [TEST_STEP][PASSED] - i3 = <not implemented yet for class: org.codehaus.groovy.ast.expr.EmptyExpression>: null

16-10-2024T08:36:45 - [TEST_STEP][PASSED] - i3 = x.indexOf("/") + 1: null

16-10-2024T08:36:45 - [TEST_STEP][PASSED] - x = x.substring(i3, x.length()): null

16-10-2024T08:36:45 - [TEST_STEP][PASSED] - return x: null

16-10-2024T08:36:45 - [TEST_STEP][PASSED] - tableA = Script1719551244403.NewDZO(x = tableA): null

16-10-2024T08:36:45 - [TEST_STEP][PASSED] - i3 = <not implemented yet for class: org.codehaus.groovy.ast.expr.EmptyExpression>: null

16-10-2024T08:36:45 - [TEST_STEP][PASSED] - i3 = x.indexOf("/") + 1: null

16-10-2024T08:36:45 - [TEST_STEP][PASSED] - x = x.substring(i3, x.length()): null

16-10-2024T08:36:45 - [TEST_STEP][PASSED] - return x: null

16-10-2024T08:36:45 - [TEST_STEP][PASSED] - tableA = Script1719551244403.NewDZO(x = tableA): null

16-10-2024T08:36:45 - [TEST_STEP][PASSED] - i3 = <not implemented yet for class: org.codehaus.groovy.ast.expr.EmptyExpression>: null

16-10-2024T08:36:45 - [TEST_STEP][PASSED] - i3 = x.indexOf("/") + 1: null

16-10-2024T08:36:45 - [TEST_STEP][PASSED] - x = x.substring(i3, x.length()): null

16-10-2024T08:36:45 - [TEST_STEP][PASSED] - return x: null

16-10-2024T08:36:45 - [TEST_STEP][PASSED] - tableA = Script1719551244403.NewDZO(x = tableA): null

16-10-2024T08:36:45 - [TEST_STEP][PASSED] - i3 = <not implemented yet for class: org.codehaus.groovy.ast.expr.EmptyExpression>: null

16-10-2024T08:36:45 - [TEST_STEP][PASSED] - i3 = x.indexOf("/") + 1: null

16-10-2024T08:36:45 - [TEST_STEP][PASSED] - x = x.substring(i3, x.length()): null

16-10-2024T08:36:45 - [TEST_STEP][PASSED] - return x: null

16-10-2024T08:36:45 - [TEST_STEP][PASSED] - tableA = Script1719551244403.NewDZO(x = tableA): null

16-10-2024T08:36:45 - [TEST_STEP][PASSED] - i3 = <not implemented yet for class: org.codehaus.groovy.ast.expr.EmptyExpression>: null

16-10-2024T08:36:45 - [TEST_STEP][PASSED] - i3 = x.indexOf("/") + 1: null

16-10-2024T08:36:45 - [TEST_STEP][PASSED] - x = x.substring(i3, x.length()): null

16-10-2024T08:36:45 - [TEST_STEP][PASSED] - return x: null

16-10-2024T08:36:45 - [TEST_STEP][PASSED] - tableA = Script1719551244403.NewDZO(x = tableA): null

16-10-2024T08:36:45 - [TEST_STEP][PASSED] - i3 = <not implemented yet for class: org.codehaus.groovy.ast.expr.EmptyExpression>: null

16-10-2024T08:36:45 - [TEST_STEP][PASSED] - i3 = x.indexOf("/") + 1: null

16-10-2024T08:36:45 - [TEST_STEP][PASSED] - x = x.substring(i3, x.length()): null

16-10-2024T08:36:45 - [TEST_STEP][PASSED] - return x: null

16-10-2024T08:36:45 - [TEST_STEP][PASSED] - tableA = Script1719551244403.NewDZO(x = tableA): null

16-10-2024T08:36:45 - [TEST_STEP][PASSED] - i3 = <not implemented yet for class: org.codehaus.groovy.ast.expr.EmptyExpression>: null

16-10-2024T08:36:45 - [TEST_STEP][PASSED] - i3 = x.indexOf("/") + 1: null

16-10-2024T08:36:45 - [TEST_STEP][PASSED] - x = x.substring(i3, x.length()): null

16-10-2024T08:36:45 - [TEST_STEP][PASSED] - return x: null

16-10-2024T08:36:45 - [TEST_STEP][PASSED] - tableA = Script1719551244403.NewDZO(x = tableA): null

16-10-2024T08:36:45 - [TEST_STEP][PASSED] - i3 = <not implemented yet for class: org.codehaus.groovy.ast.expr.EmptyExpression>: null

16-10-2024T08:36:45 - [TEST_STEP][PASSED] - i3 = x.indexOf("/") + 1: null

16-10-2024T08:36:45 - [TEST_STEP][PASSED] - x = x.substring(i3, x.length()): null

16-10-2024T08:36:45 - [TEST_STEP][PASSED] - return x: null

16-10-2024T08:36:45 - [TEST_STEP][PASSED] - i = tableA.indexOf("Тюмень"): null

16-10-2024T08:36:45 - [TEST_STEP][PASSED] - ToA = replaceAll("\p{P}", "").trim(): null

16-10-2024T08:36:45 - [TEST_STEP][PASSED] - println("ToA: " + ToA): null

16-10-2024T08:36:45 - [TEST_STEP][PASSED] - tableA = Script1719551244403.NewDZO(x = tableA): null

16-10-2024T08:36:45 - [TEST_STEP][PASSED] - i3 = <not implemented yet for class: org.codehaus.groovy.ast.expr.EmptyExpression>: null

16-10-2024T08:36:45 - [TEST_STEP][PASSED] - i3 = x.indexOf("/") + 1: null

16-10-2024T08:36:45 - [TEST_STEP][PASSED] - x = x.substring(i3, x.length()): null

16-10-2024T08:36:45 - [TEST_STEP][PASSED] - return x: null

16-10-2024T08:36:45 - [TEST_STEP][PASSED] - TyuA = replaceAll("\p{P}", "").trim(): null

16-10-2024T08:36:45 - [TEST_STEP][PASSED] - println("TyuA: " + TyuA): null

16-10-2024T08:36:45 - [TEST_STEP][PASSED] - tableA = Script1719551244403.NewDZO(x = tableA): null

16-10-2024T08:36:45 - [TEST_STEP][PASSED] - i3 = <not implemented yet for class: org.codehaus.groovy.ast.expr.EmptyExpression>: null

16-10-2024T08:36:45 - [TEST_STEP][PASSED] - i3 = x.indexOf("/") + 1: null

16-10-2024T08:36:45 - [TEST_STEP][PASSED] - x = x.substring(i3, x.length()): null

16-10-2024T08:36:45 - [TEST_STEP][PASSED] - return x: null

16-10-2024T08:36:45 - [TEST_STEP][PASSED] - i = tableA.indexOf("ЕЭС"): null

16-10-2024T08:36:45 - [TEST_STEP][PASSED] - UrA = replaceAll("\p{P}", "").trim(): null

16-10-2024T08:36:45 - [TEST_STEP][PASSED] - println("UrA: " + UrA): null

16-10-2024T08:36:45 - [TEST_STEP][PASSED] - for ([i = 1, i < 4, (i++)]): null

16-10-2024T08:36:45 - [TEST_STEP][PASSED] - tableA = Script1719551244403.NewDZO(x = tableA): null

16-10-2024T08:36:45 - [TEST_STEP][PASSED] - i3 = <not implemented yet for class: org.codehaus.groovy.ast.expr.EmptyExpression>: null

16-10-2024T08:36:45 - [TEST_STEP][PASSED] - i3 = x.indexOf("/") + 1: null

16-10-2024T08:36:45 - [TEST_STEP][PASSED] - x = x.substring(i3, x.length()): null

16-10-2024T08:36:45 - [TEST_STEP][PASSED] - return x: null

16-10-2024T08:36:45 - [TEST_STEP][PASSED] - tableA = Script1719551244403.NewDZO(x = tableA): null

16-10-2024T08:36:45 - [TEST_STEP][PASSED] - i3 = <not implemented yet for class: org.codehaus.groovy.ast.expr.EmptyExpression>: null

16-10-2024T08:36:45 - [TEST_STEP][PASSED] - i3 = x.indexOf("/") + 1: null

16-10-2024T08:36:45 - [TEST_STEP][PASSED] - x = x.substring(i3, x.length()): null

16-10-2024T08:36:45 - [TEST_STEP][PASSED] - return x: null

16-10-2024T08:36:45 - [TEST_STEP][PASSED] - tableA = Script1719551244403.NewDZO(x = tableA): null

16-10-2024T08:36:45 - [TEST_STEP][PASSED] - i3 = <not implemented yet for class: org.codehaus.groovy.ast.expr.EmptyExpression>: null

16-10-2024T08:36:45 - [TEST_STEP][PASSED] - i3 = x.indexOf("/") + 1: null

16-10-2024T08:36:45 - [TEST_STEP][PASSED] - x = x.substring(i3, x.length()): null

16-10-2024T08:36:45 - [TEST_STEP][PASSED] - return x: null

16-10-2024T08:36:45 - [TEST_STEP][PASSED] - i = tableA.indexOf("Центр"): null

16-10-2024T08:36:45 - [TEST_STEP][PASSED] - FSKA = replaceAll("\p{P}", "").trim(): null

16-10-2024T08:36:45 - [TEST_STEP][PASSED] - println("FSKA: " + FSKA): null

16-10-2024T08:36:45 - [TEST_STEP][PASSED] - tableA = Script1719551244403.NewDZO(x = tableA): null

16-10-2024T08:36:45 - [TEST_STEP][PASSED] - i3 = <not implemented yet for class: org.codehaus.groovy.ast.expr.EmptyExpression>: null

16-10-2024T08:36:45 - [TEST_STEP][PASSED] - i3 = x.indexOf("/") + 1: null

16-10-2024T08:36:45 - [TEST_STEP][PASSED] - x = x.substring(i3, x.length()): null

16-10-2024T08:36:45 - [TEST_STEP][PASSED] - return x: null

16-10-2024T08:36:45 - [TEST_STEP][PASSED] - i = tableA.indexOf("Приволжье"): null

16-10-2024T08:36:45 - [TEST_STEP][PASSED] - CenA = replaceAll("\p{P}", "").trim(): null

16-10-2024T08:36:45 - [TEST_STEP][PASSED] - println("CenA: " + CenA): null

16-10-2024T08:36:45 - [TEST_STEP][PASSED] - for ([i = 1, i < 12, (i++)]): null

16-10-2024T08:36:45 - [TEST_STEP][PASSED] - tableA = Script1719551244403.NewDZO(x = tableA): null

16-10-2024T08:36:45 - [TEST_STEP][PASSED] - i3 = <not implemented yet for class: org.codehaus.groovy.ast.expr.EmptyExpression>: null

16-10-2024T08:36:45 - [TEST_STEP][PASSED] - i3 = x.indexOf("/") + 1: null

16-10-2024T08:36:45 - [TEST_STEP][PASSED] - x = x.substring(i3, x.length()): null

16-10-2024T08:36:45 - [TEST_STEP][PASSED] - return x: null

16-10-2024T08:36:45 - [TEST_STEP][PASSED] - tableA = Script1719551244403.NewDZO(x = tableA): null

16-10-2024T08:36:45 - [TEST_STEP][PASSED] - i3 = <not implemented yet for class: org.codehaus.groovy.ast.expr.EmptyExpression>: null

16-10-2024T08:36:45 - [TEST_STEP][PASSED] - i3 = x.indexOf("/") + 1: null

16-10-2024T08:36:45 - [TEST_STEP][PASSED] - x = x.substring(i3, x.length()): null

16-10-2024T08:36:45 - [TEST_STEP][PASSED] - return x: null

16-10-2024T08:36:45 - [TEST_STEP][PASSED] - tableA = Script1719551244403.NewDZO(x = tableA): null

16-10-2024T08:36:45 - [TEST_STEP][PASSED] - i3 = <not implemented yet for class: org.codehaus.groovy.ast.expr.EmptyExpression>: null

16-10-2024T08:36:45 - [TEST_STEP][PASSED] - i3 = x.indexOf("/") + 1: null

16-10-2024T08:36:45 - [TEST_STEP][PASSED] - x = x.substring(i3, x.length()): null

16-10-2024T08:36:45 - [TEST_STEP][PASSED] - return x: null

16-10-2024T08:36:45 - [TEST_STEP][PASSED] - tableA = Script1719551244403.NewDZO(x = tableA): null

16-10-2024T08:36:45 - [TEST_STEP][PASSED] - i3 = <not implemented yet for class: org.codehaus.groovy.ast.expr.EmptyExpression>: null

16-10-2024T08:36:45 - [TEST_STEP][PASSED] - i3 = x.indexOf("/") + 1: null

16-10-2024T08:36:45 - [TEST_STEP][PASSED] - x = x.substring(i3, x.length()): null

16-10-2024T08:36:45 - [TEST_STEP][PASSED] - return x: null

16-10-2024T08:36:45 - [TEST_STEP][PASSED] - tableA = Script1719551244403.NewDZO(x = tableA): null

16-10-2024T08:36:45 - [TEST_STEP][PASSED] - i3 = <not implemented yet for class: org.codehaus.groovy.ast.expr.EmptyExpression>: null

16-10-2024T08:36:45 - [TEST_STEP][PASSED] - i3 = x.indexOf("/") + 1: null

16-10-2024T08:36:45 - [TEST_STEP][PASSED] - x = x.substring(i3, x.length()): null

16-10-2024T08:36:45 - [TEST_STEP][PASSED] - return x: null

16-10-2024T08:36:45 - [TEST_STEP][PASSED] - tableA = Script1719551244403.NewDZO(x = tableA): null

16-10-2024T08:36:45 - [TEST_STEP][PASSED] - i3 = <not implemented yet for class: org.codehaus.groovy.ast.expr.EmptyExpression>: null

16-10-2024T08:36:45 - [TEST_STEP][PASSED] - i3 = x.indexOf("/") + 1: null

16-10-2024T08:36:45 - [TEST_STEP][PASSED] - x = x.substring(i3, x.length()): null

16-10-2024T08:36:45 - [TEST_STEP][PASSED] - return x: null

16-10-2024T08:36:45 - [TEST_STEP][PASSED] - tableA = Script1719551244403.NewDZO(x = tableA): null

16-10-2024T08:36:45 - [TEST_STEP][PASSED] - i3 = <not implemented yet for class: org.codehaus.groovy.ast.expr.EmptyExpression>: null

16-10-2024T08:36:45 - [TEST_STEP][PASSED] - i3 = x.indexOf("/") + 1: null

16-10-2024T08:36:45 - [TEST_STEP][PASSED] - x = x.substring(i3, x.length()): null

16-10-2024T08:36:45 - [TEST_STEP][PASSED] - return x: null

16-10-2024T08:36:45 - [TEST_STEP][PASSED] - tableA = Script1719551244403.NewDZO(x = tableA): null

16-10-2024T08:36:45 - [TEST_STEP][PASSED] - i3 = <not implemented yet for class: org.codehaus.groovy.ast.expr.EmptyExpression>: null

16-10-2024T08:36:45 - [TEST_STEP][PASSED] - i3 = x.indexOf("/") + 1: null

16-10-2024T08:36:45 - [TEST_STEP][PASSED] - x = x.substring(i3, x.length()): null

16-10-2024T08:36:45 - [TEST_STEP][PASSED] - return x: null

16-10-2024T08:36:45 - [TEST_STEP][PASSED] - tableA = Script1719551244403.NewDZO(x = tableA): null

16-10-2024T08:36:45 - [TEST_STEP][PASSED] - i3 = <not implemented yet for class: org.codehaus.groovy.ast.expr.EmptyExpression>: null

16-10-2024T08:36:45 - [TEST_STEP][PASSED] - i3 = x.indexOf("/") + 1: null

16-10-2024T08:36:45 - [TEST_STEP][PASSED] - x = x.substring(i3, x.length()): null

16-10-2024T08:36:45 - [TEST_STEP][PASSED] - return x: null

16-10-2024T08:36:45 - [TEST_STEP][PASSED] - tableA = Script1719551244403.NewDZO(x = tableA): null

16-10-2024T08:36:45 - [TEST_STEP][PASSED] - i3 = <not implemented yet for class: org.codehaus.groovy.ast.expr.EmptyExpression>: null

16-10-2024T08:36:45 - [TEST_STEP][PASSED] - i3 = x.indexOf("/") + 1: null

16-10-2024T08:36:45 - [TEST_STEP][PASSED] - x = x.substring(i3, x.length()): null

16-10-2024T08:36:45 - [TEST_STEP][PASSED] - return x: null

16-10-2024T08:36:45 - [TEST_STEP][PASSED] - tableA = Script1719551244403.NewDZO(x = tableA): null

16-10-2024T08:36:45 - [TEST_STEP][PASSED] - i3 = <not implemented yet for class: org.codehaus.groovy.ast.expr.EmptyExpression>: null

16-10-2024T08:36:45 - [TEST_STEP][PASSED] - i3 = x.indexOf("/") + 1: null

16-10-2024T08:36:45 - [TEST_STEP][PASSED] - x = x.substring(i3, x.length()): null

16-10-2024T08:36:45 - [TEST_STEP][PASSED] - return x: null

16-10-2024T08:36:45 - [TEST_STEP][PASSED] - i = tableA.indexOf("Юг"): null

16-10-2024T08:36:45 - [TEST_STEP][PASSED] - CiPA = replaceAll("\p{P}", "").trim(): null

16-10-2024T08:36:45 - [TEST_STEP][PASSED] - println("CiPA: " + CiPA): null

16-10-2024T08:36:45 - [TEST_STEP][PASSED] - for ([i = 1, i < 10, (i++)]): null

16-10-2024T08:36:45 - [TEST_STEP][PASSED] - tableA = Script1719551244403.NewDZO(x = tableA): null

16-10-2024T08:36:45 - [TEST_STEP][PASSED] - i3 = <not implemented yet for class: org.codehaus.groovy.ast.expr.EmptyExpression>: null

16-10-2024T08:36:45 - [TEST_STEP][PASSED] - i3 = x.indexOf("/") + 1: null

16-10-2024T08:36:45 - [TEST_STEP][PASSED] - x = x.substring(i3, x.length()): null

16-10-2024T08:36:45 - [TEST_STEP][PASSED] - return x: null

16-10-2024T08:36:45 - [TEST_STEP][PASSED] - tableA = Script1719551244403.NewDZO(x = tableA): null

16-10-2024T08:36:45 - [TEST_STEP][PASSED] - i3 = <not implemented yet for class: org.codehaus.groovy.ast.expr.EmptyExpression>: null

16-10-2024T08:36:45 - [TEST_STEP][PASSED] - i3 = x.indexOf("/") + 1: null

16-10-2024T08:36:45 - [TEST_STEP][PASSED] - x = x.substring(i3, x.length()): null

16-10-2024T08:36:45 - [TEST_STEP][PASSED] - return x: null

16-10-2024T08:36:45 - [TEST_STEP][PASSED] - tableA = Script1719551244403.NewDZO(x = tableA): null

16-10-2024T08:36:45 - [TEST_STEP][PASSED] - i3 = <not implemented yet for class: org.codehaus.groovy.ast.expr.EmptyExpression>: null

16-10-2024T08:36:45 - [TEST_STEP][PASSED] - i3 = x.indexOf("/") + 1: null

16-10-2024T08:36:45 - [TEST_STEP][PASSED] - x = x.substring(i3, x.length()): null

16-10-2024T08:36:45 - [TEST_STEP][PASSED] - return x: null

16-10-2024T08:36:45 - [TEST_STEP][PASSED] - tableA = Script1719551244403.NewDZO(x = tableA): null

16-10-2024T08:36:45 - [TEST_STEP][PASSED] - i3 = <not implemented yet for class: org.codehaus.groovy.ast.expr.EmptyExpression>: null

16-10-2024T08:36:45 - [TEST_STEP][PASSED] - i3 = x.indexOf("/") + 1: null

16-10-2024T08:36:45 - [TEST_STEP][PASSED] - x = x.substring(i3, x.length()): null

16-10-2024T08:36:45 - [TEST_STEP][PASSED] - return x: null

16-10-2024T08:36:45 - [TEST_STEP][PASSED] - tableA = Script1719551244403.NewDZO(x = tableA): null

16-10-2024T08:36:45 - [TEST_STEP][PASSED] - i3 = <not implemented yet for class: org.codehaus.groovy.ast.expr.EmptyExpression>: null

16-10-2024T08:36:45 - [TEST_STEP][PASSED] - i3 = x.indexOf("/") + 1: null

16-10-2024T08:36:45 - [TEST_STEP][PASSED] - x = x.substring(i3, x.length()): null

16-10-2024T08:36:45 - [TEST_STEP][PASSED] - return x: null

16-10-2024T08:36:45 - [TEST_STEP][PASSED] - tableA = Script1719551244403.NewDZO(x = tableA): null

16-10-2024T08:36:45 - [TEST_STEP][PASSED] - i3 = <not implemented yet for class: org.codehaus.groovy.ast.expr.EmptyExpression>: null

16-10-2024T08:36:45 - [TEST_STEP][PASSED] - i3 = x.indexOf("/") + 1: null

16-10-2024T08:36:45 - [TEST_STEP][PASSED] - x = x.substring(i3, x.length()): null

16-10-2024T08:36:45 - [TEST_STEP][PASSED] - return x: null

16-10-2024T08:36:45 - [TEST_STEP][PASSED] - tableA = Script1719551244403.NewDZO(x = tableA): null

16-10-2024T08:36:45 - [TEST_STEP][PASSED] - i3 = <not implemented yet for class: org.codehaus.groovy.ast.expr.EmptyExpression>: null

16-10-2024T08:36:45 - [TEST_STEP][PASSED] - i3 = x.indexOf("/") + 1: null

16-10-2024T08:36:45 - [TEST_STEP][PASSED] - x = x.substring(i3, x.length()): null

16-10-2024T08:36:45 - [TEST_STEP][PASSED] - return x: null

16-10-2024T08:36:45 - [TEST_STEP][PASSED] - tableA = Script1719551244403.NewDZO(x = tableA): null

16-10-2024T08:36:45 - [TEST_STEP][PASSED] - i3 = <not implemented yet for class: org.codehaus.groovy.ast.expr.EmptyExpression>: null

16-10-2024T08:36:45 - [TEST_STEP][PASSED] - i3 = x.indexOf("/") + 1: null

16-10-2024T08:36:45 - [TEST_STEP][PASSED] - x = x.substring(i3, x.length()): null

16-10-2024T08:36:45 - [TEST_STEP][PASSED] - return x: null

16-10-2024T08:36:45 - [TEST_STEP][PASSED] - tableA = Script1719551244403.NewDZO(x = tableA): null

16-10-2024T08:36:45 - [TEST_STEP][PASSED] - i3 = <not implemented yet for class: org.codehaus.groovy.ast.expr.EmptyExpression>: null

16-10-2024T08:36:45 - [TEST_STEP][PASSED] - i3 = x.indexOf("/") + 1: null

16-10-2024T08:36:45 - [TEST_STEP][PASSED] - x = x.substring(i3, x.length()): null

16-10-2024T08:36:45 - [TEST_STEP][PASSED] - return x: null

16-10-2024T08:36:45 - [TEST_STEP][PASSED] - i = tableA.indexOf("Янтарь"): null

16-10-2024T08:36:45 - [TEST_STEP][PASSED] - UgA = replaceAll("\p{P}", "").trim(): null

16-10-2024T08:36:45 - [TEST_STEP][PASSED] - println("UgA: " + UgA): null

16-10-2024T08:36:45 - [TEST_STEP][PASSED] - i = tableA.lastIndexOf("/"): null

16-10-2024T08:36:45 - [TEST_STEP][PASSED] - YaA = replaceAll("\p{P}", "").trim(): null

16-10-2024T08:36:45 - [TEST_STEP][PASSED] - println("YaA: " + YaA): null

16-10-2024T08:36:45 - [TEST_STEP][PASSED] - delay(10): Delayed 10 second(s)

16-10-2024T08:36:55 - [MESSAGE][PASSED] - Delayed 10 second(s)

16-10-2024T08:36:55 - [TEST_STEP][PASSED] - navigateToUrl(findTestData("PlanFact").getValue(10, 11)): Navigate to 'https://bi.rosseti.digital/viewer?dashboardGuid=a1fd28b3785d443cbc4d7690a1d78e31&sheetGuid=d3a0ddec2e914cb380b20dca74903099&fit=true' successfully

16-10-2024T08:36:56 - [MESSAGE][PASSED] - Navigate to 'https://bi.rosseti.digital/viewer?dashboardGuid=a1fd28b3785d443cbc4d7690a1d78e31&sheetGuid=d3a0ddec2e914cb380b20dca74903099&fit=true' successfully

16-10-2024T08:36:56 - [TEST_STEP][PASSED] - b = <not implemented yet for class: org.codehaus.groovy.ast.expr.EmptyExpression>: null

16-10-2024T08:36:56 - [TEST_STEP][PASSED] - b1 = <not implemented yet for class: org.codehaus.groovy.ast.expr.EmptyExpression>: null

16-10-2024T08:36:56 - [TEST_STEP][PASSED] - b2 = <not implemented yet for class: org.codehaus.groovy.ast.expr.EmptyExpression>: null

16-10-2024T08:36:56 - [TEST_STEP][PASSED] - click(findTestObject("Факторный анализ/Фильтр Дата Выручка")): Object: 'Object Repository/Факторный анализ/Фильтр Дата Выручка' is clicked on

16-10-2024T08:37:16 - [MESSAGE][PASSED] - Object: 'Object Repository/Факторный анализ/Фильтр Дата Выручка' is clicked on

16-10-2024T08:37:16 - [TEST_STEP][PASSED] - click(findTestObject("Факторный анализ/Снять выделение в фильтре Дата Выручка")): Object: 'Object Repository/Факторный анализ/Снять выделение в фильтре Дата Выручка' is clicked on

16-10-2024T08:37:16 - [MESSAGE][PASSED] - Object: 'Object Repository/Факторный анализ/Снять выделение в фильтре Дата Выручка' is clicked on

16-10-2024T08:37:16 - [TEST_STEP][PASSED] - click(findTestObject("Факторный анализ/Применить в фильтре Дата Выручка")): Object: 'Object Repository/Факторный анализ/Применить в фильтре Дата Выручка' is clicked on

16-10-2024T08:37:17 - [MESSAGE][PASSED] - Object: 'Object Repository/Факторный анализ/Применить в фильтре Дата Выручка' is clicked on

16-10-2024T08:37:17 - [TEST_STEP][PASSED] - delay(10): Delayed 10 second(s)

16-10-2024T08:37:27 - [MESSAGE][PASSED] - Delayed 10 second(s)

16-10-2024T08:37:27 - [TEST_STEP][PASSED] - click(findTestObject("Факторный анализ/Фильтр Дата Выручка")): Object: 'Object Repository/Факторный анализ/Фильтр Дата Выручка' is clicked on

16-10-2024T08:37:27 - [MESSAGE][PASSED] - Object: 'Object Repository/Факторный анализ/Фильтр Дата Выручка' is clicked on

16-10-2024T08:37:27 - [TEST_STEP][PASSED] - click(findTestObject("Факторный анализ/Снять выделение в фильтре Дата Выручка")): Object: 'Object Repository/Факторный анализ/Снять выделение в фильтре Дата Выручка' is clicked on

16-10-2024T08:37:28 - [MESSAGE][PASSED] - Object: 'Object Repository/Факторный анализ/Снять выделение в фильтре Дата Выручка' is clicked on

16-10-2024T08:37:28 - [TEST_STEP][PASSED] - scrollToElement(findTestObject("Факторный анализ/2024 список Выручка"), 30): Scroll to object 'Object Repository/Факторный анализ/2024 список Выручка' successfully

16-10-2024T08:37:28 - [MESSAGE][PASSED] - Scroll to object 'Object Repository/Факторный анализ/2024 список Выручка' successfully

16-10-2024T08:37:28 - [TEST_STEP][PASSED] - click(findTestObject("Факторный анализ/2024 список Выручка")): Object: 'Object Repository/Факторный анализ/2024 список Выручка' is clicked on

16-10-2024T08:37:28 - [MESSAGE][PASSED] - Object: 'Object Repository/Факторный анализ/2024 список Выручка' is clicked on

16-10-2024T08:37:28 - [TEST_STEP][PASSED] - scrollToElement(findTestObject("Факторный анализ/1 квартал 2024 выбрать Выручка"), 30): Scroll to object 'Object Repository/Факторный анализ/1 квартал 2024 выбрать Выручка' successfully

16-10-2024T08:37:29 - [MESSAGE][PASSED] - Scroll to object 'Object Repository/Факторный анализ/1 квартал 2024 выбрать Выручка' successfully

16-10-2024T08:37:29 - [TEST_STEP][PASSED] - click(findTestObject("Факторный анализ/1 квартал 2024 выбрать Выручка")): Object: 'Object Repository/Факторный анализ/1 квартал 2024 выбрать Выручка' is clicked on

16-10-2024T08:37:29 - [MESSAGE][PASSED] - Object: 'Object Repository/Факторный анализ/1 квартал 2024 выбрать Выручка' is clicked on

16-10-2024T08:37:29 - [TEST_STEP][PASSED] - scrollToElement(findTestObject("Факторный анализ/2 квартал 2024 выбрать Выручка"), 30): Scroll to object 'Object Repository/Факторный анализ/2 квартал 2024 выбрать Выручка' successfully

16-10-2024T08:37:29 - [MESSAGE][PASSED] - Scroll to object 'Object Repository/Факторный анализ/2 квартал 2024 выбрать Выручка' successfully

16-10-2024T08:37:29 - [TEST_STEP][PASSED] - click(findTestObject("Факторный анализ/2 квартал 2024 выбрать Выручка"), CONTINUE_ON_FAILURE): Object: 'Object Repository/Факторный анализ/2 квартал 2024 выбрать Выручка' is clicked on

16-10-2024T08:37:30 - [MESSAGE][PASSED] - Object: 'Object Repository/Факторный анализ/2 квартал 2024 выбрать Выручка' is clicked on

16-10-2024T08:37:30 - [TEST_STEP][PASSED] - click(findTestObject("Факторный анализ/3 квартал 2024 список Выручка"), CONTINUE_ON_FAILURE): Object: 'Object Repository/Факторный анализ/3 квартал 2024 список Выручка' is clicked on

16-10-2024T08:37:31 - [MESSAGE][PASSED] - Object: 'Object Repository/Факторный анализ/3 квартал 2024 список Выручка' is clicked on

16-10-2024T08:37:31 - [TEST_STEP][PASSED] - click(findTestObject("Факторный анализ/Июль 2024 Выручка"), CONTINUE_ON_FAILURE): Object: 'Object Repository/Факторный анализ/Июль 2024 Выручка' is clicked on

16-10-2024T08:37:31 - [MESSAGE][PASSED] - Object: 'Object Repository/Факторный анализ/Июль 2024 Выручка' is clicked on

16-10-2024T08:37:31 - [TEST_STEP][PASSED] - scrollToElement(findTestObject("Факторный анализ/Август 2024 Выручка"), 30): Scroll to object 'Object Repository/Факторный анализ/Август 2024 Выручка' successfully

16-10-2024T08:37:32 - [MESSAGE][PASSED] - Scroll to object 'Object Repository/Факторный анализ/Август 2024 Выручка' successfully

16-10-2024T08:37:32 - [TEST_STEP][PASSED] - click(findTestObject("Факторный анализ/Август 2024 Выручка"), CONTINUE_ON_FAILURE): Object: 'Object Repository/Факторный анализ/Август 2024 Выручка' is clicked on

16-10-2024T08:37:32 - [MESSAGE][PASSED] - Object: 'Object Repository/Факторный анализ/Август 2024 Выручка' is clicked on

16-10-2024T08:37:32 - [TEST_STEP][PASSED] - scrollToElement(findTestObject("Факторный анализ/Заголовок дашборда Выручка"), 30): Scroll to object 'Object Repository/Факторный анализ/Заголовок дашборда Выручка' successfully

16-10-2024T08:37:32 - [MESSAGE][PASSED] - Scroll to object 'Object Repository/Факторный анализ/Заголовок дашборда Выручка' successfully

16-10-2024T08:37:32 - [TEST_STEP][PASSED] - click(findTestObject("Факторный анализ/Применить в фильтре Дата Выручка")): Object: 'Object Repository/Факторный анализ/Применить в фильтре Дата Выручка' is clicked on

16-10-2024T08:37:33 - [MESSAGE][PASSED] - Object: 'Object Repository/Факторный анализ/Применить в фильтре Дата Выручка' is clicked on

16-10-2024T08:37:33 - [TEST_STEP][PASSED] - if (run == 1): null

16-10-2024T08:37:33 - [TEST_STEP][PASSED] - else: null

16-10-2024T08:37:33 - [TEST_STEP][PASSED] - click(findTestObject("Факторный анализ/Переключить отображение с филиала на месяц")): Object: 'Object Repository/Факторный анализ/Переключить отображение с филиала на месяц' is clicked on

16-10-2024T08:37:40 - [MESSAGE][PASSED] - Object: 'Object Repository/Факторный анализ/Переключить отображение с филиала на месяц' is clicked on

16-10-2024T08:37:40 - [TEST_STEP][PASSED] - b1 = replaceAll("\s+", "").trim(): Text of object 'Object Repository/Факторный анализ/span1 Выручка' is: '-335 790'

16-10-2024T08:37:40 - [MESSAGE][PASSED] - Text of object 'Object Repository/Факторный анализ/span1 Выручка' is: '-335 790'

16-10-2024T08:37:40 - [TEST_STEP][PASSED] - b2 = replaceAll("\s+", "").trim(): Text of object 'Object Repository/Факторный анализ/span2 Выручка' is: '33 824'

16-10-2024T08:37:41 - [MESSAGE][PASSED] - Text of object 'Object Repository/Факторный анализ/span2 Выручка' is: '33 824'

16-10-2024T08:37:41 - [TEST_STEP][PASSED] - println("b1: " + b1): null

16-10-2024T08:37:41 - [TEST_STEP][PASSED] - println("b2: " + b2): null

16-10-2024T08:37:41 - [TEST_STEP][PASSED] - vidget = "Отклонения выручки по факторам": null

16-10-2024T08:37:41 - [TEST_STEP][PASSED] - DZO = "ПАО Россети": null

16-10-2024T08:37:41 - [TEST_STEP][PASSED] - typeOfData = "Отклонение (объём услуг)": null

16-10-2024T08:37:41 - [TEST_STEP][PASSED] - Script1719551244403.Compare(x = a1, y = b1, run, typeOfData, otobrajeniyeDannyh, todaysDate, vidget, DZO): null

16-10-2024T08:37:41 - [TEST_STEP][PASSED] - if (verifyEqual(x, y) == true): Actual object '-335790' and expected object '-335790' are equal

16-10-2024T08:37:41 - [MESSAGE][PASSED] - Actual object '-335790' and expected object '-335790' are equal

16-10-2024T08:37:41 - [TEST_STEP][PASSED] - typeOfData = "Отклонение (средний тариф)": null

16-10-2024T08:37:41 - [TEST_STEP][PASSED] - Script1719551244403.Compare(x = a2, y = b2, run, typeOfData, otobrajeniyeDannyh, todaysDate, vidget, DZO): null

16-10-2024T08:37:41 - [TEST_STEP][PASSED] - if (verifyEqual(x, y) == true): Actual object '33824' and expected object '33824' are equal

16-10-2024T08:37:41 - [MESSAGE][PASSED] - Actual object '33824' and expected object '33824' are equal

16-10-2024T08:37:41 - [TEST_STEP][PASSED] - tableB = getText(findTestObject("Факторный анализ/AllTable1 Выручка")).replaceAll("[\r?
|
]", "/"): Text of object 'Object Repository/Факторный анализ/AllTable1 Выручка' is: 'ДЗО
Филиал
Отклонение (объём услуг) филиал без Nan
Отклонение (средний тариф) филиал без Nan
АО «Тываэнерго» АО "Тываэнерго" 186 -12
АО «Чеченэнерго» АО «Чеченэнерго» 34 11
Россети Волга Мордовэнерго 152 -90
Оренбургэнерго 561 - 143
Пензаэнерго 249 -72
Самарские РС 379 - 941
Саратовские РС 397 - 402
Ульяновские РС 206 - 198
Чувашэнерго -92 116
Россети Кубань Кубаньэнерго 2 916 83
Россети Ленэнерго (ГК) Ленинградская область 1 497 323
г. Санкт-Петербург 1 973 - 127
Россети Московский регион Московская область 4 586 - 413
г. Москва 2 708 -39
Россети Северный Кавказ (ГК) Дагестанская энергосбытовая компания 0 0
Дагэнерго - 452 434
Ингушэнерго - 171 90
Каббалкэнерго 180 13
Карачаево-Черкесскэнерго 90 -13
Севкавказэнерго - 292 108
Ставропольэнерго 274 - 237
Россети Северо-Запад Архангельский филиал 103 -77
Вологодский филиал 233 -6
Карельский филиал 32 154
Мурманский филиал 106 77
Новгородский филиал 212 -42
Псковский филиал 162 -22
филиал в Республике Коми 49 18
Россети Сибирь (ГК) Алтайэнерго 227 241
Бурятэнерго -86 266
ГАЭС 99 -14
Красноярскэнерго 955 - 272
Кузбассэнерго-РЭС 298 222
Омскэнерго 92 - 140
Хакасэнерго 281 - 319
Читаэнерго -27 88
Россети Томск Томская распределительная компания 333 - 105
Россети Тюмень Россети Тюмень -3 033 - 419
Россети Урал (ГК) Пермэнерго 620 - 198
Свердловэнерго 891 181
Челябэнерго 893 - 608
Россети ФСК ЕЭС Итого по ФСК ЕЭС 8 451 -7 098
Россети Центр Белгородэнерго 293 77
Брянскэнерго 94 7
Воронежэнерго 546 118
Костромаэнерго 121 4
Курскэнерго 148 70
Липецкэнерго 700 - 301
Орелэнерго 160 -12
Смоленскэнерго 121 22
Тамбовэнерго 254 -10
Тверьэнерго 350 94
Ярэнерго 568 16
Россети Центр и Приволжье (ГК) Владимирэнерго 519 47
Ивэнерго 188 28
Калугаэнерго 549 -42
Кировэнерго 395 -2
Мариэнерго 159 13
Нижновэнерго 659 184
Рязаньэнерго 262 38
Тулэнерго 793 - 195
Удмуртэнерго 269 8
Россети Юг (ГК) АО «ВМЭС» 138 24
Астраханьэнерго 74 69
Волгоградэнерго 338 - 274
Калмэнерго 51 -5
Ростовэнерго 704 11
Россети Янтарь Россети Янтарь 273 -37'

16-10-2024T08:37:41 - [MESSAGE][PASSED] - Text of object 'Object Repository/Факторный анализ/AllTable1 Выручка' is: 'ДЗО
Филиал
Отклонение (объём услуг) филиал без Nan
Отклонение (средний тариф) филиал без Nan
АО «Тываэнерго» АО "Тываэнерго" 186 -12
АО «Чеченэнерго» АО «Чеченэнерго» 34 11
Россети Волга Мордовэнерго 152 -90
Оренбургэнерго 561 - 143
Пензаэнерго 249 -72
Самарские РС 379 - 941
Саратовские РС 397 - 402
Ульяновские РС 206 - 198
Чувашэнерго -92 116
Россети Кубань Кубаньэнерго 2 916 83
Россети Ленэнерго (ГК) Ленинградская область 1 497 323
г. Санкт-Петербург 1 973 - 127
Россети Московский регион Московская область 4 586 - 413
г. Москва 2 708 -39
Россети Северный Кавказ (ГК) Дагестанская энергосбытовая компания 0 0
Дагэнерго - 452 434
Ингушэнерго - 171 90
Каббалкэнерго 180 13
Карачаево-Черкесскэнерго 90 -13
Севкавказэнерго - 292 108
Ставропольэнерго 274 - 237
Россети Северо-Запад Архангельский филиал 103 -77
Вологодский филиал 233 -6
Карельский филиал 32 154
Мурманский филиал 106 77
Новгородский филиал 212 -42
Псковский филиал 162 -22
филиал в Республике Коми 49 18
Россети Сибирь (ГК) Алтайэнерго 227 241
Бурятэнерго -86 266
ГАЭС 99 -14
Красноярскэнерго 955 - 272
Кузбассэнерго-РЭС 298 222
Омскэнерго 92 - 140
Хакасэнерго 281 - 319
Читаэнерго -27 88
Россети Томск Томская распределительная компания 333 - 105
Россети Тюмень Россети Тюмень -3 033 - 419
Россети Урал (ГК) Пермэнерго 620 - 198
Свердловэнерго 891 181
Челябэнерго 893 - 608
Россети ФСК ЕЭС Итого по ФСК ЕЭС 8 451 -7 098
Россети Центр Белгородэнерго 293 77
Брянскэнерго 94 7
Воронежэнерго 546 118
Костромаэнерго 121 4
Курскэнерго 148 70
Липецкэнерго 700 - 301
Орелэнерго 160 -12
Смоленскэнерго 121 22
Тамбовэнерго 254 -10
Тверьэнерго 350 94
Ярэнерго 568 16
Россети Центр и Приволжье (ГК) Владимирэнерго 519 47
Ивэнерго 188 28
Калугаэнерго 549 -42
Кировэнерго 395 -2
Мариэнерго 159 13
Нижновэнерго 659 184
Рязаньэнерго 262 38
Тулэнерго 793 - 195
Удмуртэнерго 269 8
Россети Юг (ГК) АО «ВМЭС» 138 24
Астраханьэнерго 74 69
Волгоградэнерго 338 - 274
Калмэнерго 51 -5
Ростовэнерго 704 11
Россети Янтарь Россети Янтарь 273 -37'

16-10-2024T08:37:41 - [TEST_STEP][PASSED] - println("tableB: " + tableB): null

16-10-2024T08:37:41 - [TEST_STEP][PASSED] - for ([i = 1, i < 5, (i++)]): null

16-10-2024T08:37:41 - [TEST_STEP][PASSED] - ii = tableB.indexOf("/") + 1: null

16-10-2024T08:37:41 - [TEST_STEP][PASSED] - tableB = tableB.substring(ii, tableB.length()): null

16-10-2024T08:37:41 - [TEST_STEP][PASSED] - ii = tableB.indexOf("/") + 1: null

16-10-2024T08:37:41 - [TEST_STEP][PASSED] - tableB = tableB.substring(ii, tableB.length()): null

16-10-2024T08:37:41 - [TEST_STEP][PASSED] - ii = tableB.indexOf("/") + 1: null

16-10-2024T08:37:41 - [TEST_STEP][PASSED] - tableB = tableB.substring(ii, tableB.length()): null

16-10-2024T08:37:41 - [TEST_STEP][PASSED] - ii = tableB.indexOf("/") + 1: null

16-10-2024T08:37:41 - [TEST_STEP][PASSED] - tableB = tableB.substring(ii, tableB.length()): null

16-10-2024T08:37:41 - [TEST_STEP][PASSED] - println("tableB: " + tableB): null

16-10-2024T08:37:41 - [TEST_STEP][PASSED] - TyB = Script1719551244403.GetData(x = tableB): null

16-10-2024T08:37:41 - [TEST_STEP][PASSED] - i2 = <not implemented yet for class: org.codehaus.groovy.ast.expr.EmptyExpression>: null

16-10-2024T08:37:41 - [TEST_STEP][PASSED] - i2 = x.indexOf("/") + 1: null

16-10-2024T08:37:41 - [TEST_STEP][PASSED] - x = replaceAll("\p{P}", "").trim(): null

16-10-2024T08:37:41 - [TEST_STEP][PASSED] - return x: null

16-10-2024T08:37:41 - [TEST_STEP][PASSED] - println("TyB: " + TyB): null

16-10-2024T08:37:41 - [TEST_STEP][PASSED] - tableB = Script1719551244403.NewDZO(x = tableB): null

16-10-2024T08:37:41 - [TEST_STEP][PASSED] - i3 = <not implemented yet for class: org.codehaus.groovy.ast.expr.EmptyExpression>: null

16-10-2024T08:37:41 - [TEST_STEP][PASSED] - i3 = x.indexOf("/") + 1: null

16-10-2024T08:37:41 - [TEST_STEP][PASSED] - x = x.substring(i3, x.length()): null

16-10-2024T08:37:41 - [TEST_STEP][PASSED] - return x: null

16-10-2024T08:37:41 - [TEST_STEP][PASSED] - ChB = Script1719551244403.GetData(x = tableB): null

16-10-2024T08:37:41 - [TEST_STEP][PASSED] - i2 = <not implemented yet for class: org.codehaus.groovy.ast.expr.EmptyExpression>: null

16-10-2024T08:37:41 - [TEST_STEP][PASSED] - i2 = x.indexOf("/") + 1: null

16-10-2024T08:37:41 - [TEST_STEP][PASSED] - x = replaceAll("\p{P}", "").trim(): null

16-10-2024T08:37:41 - [TEST_STEP][PASSED] - return x: null

16-10-2024T08:37:41 - [TEST_STEP][PASSED] - println("ChB: " + ChB): null

16-10-2024T08:37:41 - [TEST_STEP][PASSED] - tableB = Script1719551244403.NewDZO(x = tableB): null

16-10-2024T08:37:41 - [TEST_STEP][PASSED] - i3 = <not implemented yet for class: org.codehaus.groovy.ast.expr.EmptyExpression>: null

16-10-2024T08:37:41 - [TEST_STEP][PASSED] - i3 = x.indexOf("/") + 1: null

16-10-2024T08:37:41 - [TEST_STEP][PASSED] - x = x.substring(i3, x.length()): null

16-10-2024T08:37:41 - [TEST_STEP][PASSED] - return x: null

16-10-2024T08:37:41 - [TEST_STEP][PASSED] - i = tableB.indexOf("Кубань"): null

16-10-2024T08:37:41 - [TEST_STEP][PASSED] - VB = replaceAll("\p{P}", "").trim(): null

16-10-2024T08:37:41 - [TEST_STEP][PASSED] - println("VB: " + VB): null

16-10-2024T08:37:41 - [TEST_STEP][PASSED] - for ([i = 1, i < 8, (i++)]): null

16-10-2024T08:37:41 - [TEST_STEP][PASSED] - tableB = Script1719551244403.NewDZO(x = tableB): null

16-10-2024T08:37:41 - [TEST_STEP][PASSED] - i3 = <not implemented yet for class: org.codehaus.groovy.ast.expr.EmptyExpression>: null

16-10-2024T08:37:41 - [TEST_STEP][PASSED] - i3 = x.indexOf("/") + 1: null

16-10-2024T08:37:41 - [TEST_STEP][PASSED] - x = x.substring(i3, x.length()): null

16-10-2024T08:37:41 - [TEST_STEP][PASSED] - return x: null

16-10-2024T08:37:41 - [TEST_STEP][PASSED] - tableB = Script1719551244403.NewDZO(x = tableB): null

16-10-2024T08:37:41 - [TEST_STEP][PASSED] - i3 = <not implemented yet for class: org.codehaus.groovy.ast.expr.EmptyExpression>: null

16-10-2024T08:37:41 - [TEST_STEP][PASSED] - i3 = x.indexOf("/") + 1: null

16-10-2024T08:37:41 - [TEST_STEP][PASSED] - x = x.substring(i3, x.length()): null

16-10-2024T08:37:41 - [TEST_STEP][PASSED] - return x: null

16-10-2024T08:37:41 - [TEST_STEP][PASSED] - tableB = Script1719551244403.NewDZO(x = tableB): null

16-10-2024T08:37:41 - [TEST_STEP][PASSED] - i3 = <not implemented yet for class: org.codehaus.groovy.ast.expr.EmptyExpression>: null

16-10-2024T08:37:41 - [TEST_STEP][PASSED] - i3 = x.indexOf("/") + 1: null

16-10-2024T08:37:41 - [TEST_STEP][PASSED] - x = x.substring(i3, x.length()): null

16-10-2024T08:37:41 - [TEST_STEP][PASSED] - return x: null

16-10-2024T08:37:41 - [TEST_STEP][PASSED] - tableB = Script1719551244403.NewDZO(x = tableB): null

16-10-2024T08:37:41 - [TEST_STEP][PASSED] - i3 = <not implemented yet for class: org.codehaus.groovy.ast.expr.EmptyExpression>: null

16-10-2024T08:37:41 - [TEST_STEP][PASSED] - i3 = x.indexOf("/") + 1: null

16-10-2024T08:37:41 - [TEST_STEP][PASSED] - x = x.substring(i3, x.length()): null

16-10-2024T08:37:41 - [TEST_STEP][PASSED] - return x: null

16-10-2024T08:37:41 - [TEST_STEP][PASSED] - tableB = Script1719551244403.NewDZO(x = tableB): null

16-10-2024T08:37:41 - [TEST_STEP][PASSED] - i3 = <not implemented yet for class: org.codehaus.groovy.ast.expr.EmptyExpression>: null

16-10-2024T08:37:41 - [TEST_STEP][PASSED] - i3 = x.indexOf("/") + 1: null

16-10-2024T08:37:41 - [TEST_STEP][PASSED] - x = x.substring(i3, x.length()): null

16-10-2024T08:37:41 - [TEST_STEP][PASSED] - return x: null

16-10-2024T08:37:41 - [TEST_STEP][PASSED] - tableB = Script1719551244403.NewDZO(x = tableB): null

16-10-2024T08:37:41 - [TEST_STEP][PASSED] - i3 = <not implemented yet for class: org.codehaus.groovy.ast.expr.EmptyExpression>: null

16-10-2024T08:37:41 - [TEST_STEP][PASSED] - i3 = x.indexOf("/") + 1: null

16-10-2024T08:37:41 - [TEST_STEP][PASSED] - x = x.substring(i3, x.length()): null

16-10-2024T08:37:41 - [TEST_STEP][PASSED] - return x: null

16-10-2024T08:37:41 - [TEST_STEP][PASSED] - tableB = Script1719551244403.NewDZO(x = tableB): null

16-10-2024T08:37:41 - [TEST_STEP][PASSED] - i3 = <not implemented yet for class: org.codehaus.groovy.ast.expr.EmptyExpression>: null

16-10-2024T08:37:41 - [TEST_STEP][PASSED] - i3 = x.indexOf("/") + 1: null

16-10-2024T08:37:41 - [TEST_STEP][PASSED] - x = x.substring(i3, x.length()): null

16-10-2024T08:37:41 - [TEST_STEP][PASSED] - return x: null

16-10-2024T08:37:41 - [TEST_STEP][PASSED] - i = tableB.indexOf("Ленэнерго"): null

16-10-2024T08:37:41 - [TEST_STEP][PASSED] - KuB = Script1719551244403.GetData(x = tableB): null

16-10-2024T08:37:41 - [TEST_STEP][PASSED] - i2 = <not implemented yet for class: org.codehaus.groovy.ast.expr.EmptyExpression>: null

16-10-2024T08:37:41 - [TEST_STEP][PASSED] - i2 = x.indexOf("/") + 1: null

16-10-2024T08:37:41 - [TEST_STEP][PASSED] - x = replaceAll("\p{P}", "").trim(): null

16-10-2024T08:37:41 - [TEST_STEP][PASSED] - return x: null

16-10-2024T08:37:41 - [TEST_STEP][PASSED] - println("KuB: " + KuB): null

16-10-2024T08:37:41 - [TEST_STEP][PASSED] - tableB = Script1719551244403.NewDZO(x = tableB): null

16-10-2024T08:37:41 - [TEST_STEP][PASSED] - i3 = <not implemented yet for class: org.codehaus.groovy.ast.expr.EmptyExpression>: null

16-10-2024T08:37:41 - [TEST_STEP][PASSED] - i3 = x.indexOf("/") + 1: null

16-10-2024T08:37:41 - [TEST_STEP][PASSED] - x = x.substring(i3, x.length()): null

16-10-2024T08:37:41 - [TEST_STEP][PASSED] - return x: null

16-10-2024T08:37:41 - [TEST_STEP][PASSED] - i = tableB.indexOf("Московский"): null

16-10-2024T08:37:41 - [TEST_STEP][PASSED] - LenB = replaceAll("\p{P}", "").trim(): null

16-10-2024T08:37:41 - [TEST_STEP][PASSED] - println("LenB: " + LenB): null

16-10-2024T08:37:41 - [TEST_STEP][PASSED] - tableB = Script1719551244403.NewDZO(x = tableB): null

16-10-2024T08:37:41 - [TEST_STEP][PASSED] - i3 = <not implemented yet for class: org.codehaus.groovy.ast.expr.EmptyExpression>: null

16-10-2024T08:37:41 - [TEST_STEP][PASSED] - i3 = x.indexOf("/") + 1: null

16-10-2024T08:37:41 - [TEST_STEP][PASSED] - x = x.substring(i3, x.length()): null

16-10-2024T08:37:41 - [TEST_STEP][PASSED] - return x: null

16-10-2024T08:37:41 - [TEST_STEP][PASSED] - tableB = Script1719551244403.NewDZO(x = tableB): null

16-10-2024T08:37:41 - [TEST_STEP][PASSED] - i3 = <not implemented yet for class: org.codehaus.groovy.ast.expr.EmptyExpression>: null

16-10-2024T08:37:41 - [TEST_STEP][PASSED] - i3 = x.indexOf("/") + 1: null

16-10-2024T08:37:41 - [TEST_STEP][PASSED] - x = x.substring(i3, x.length()): null

16-10-2024T08:37:41 - [TEST_STEP][PASSED] - return x: null

16-10-2024T08:37:41 - [TEST_STEP][PASSED] - i = tableB.indexOf("Кавказ"): null

16-10-2024T08:37:41 - [TEST_STEP][PASSED] - MosB = replaceAll("\p{P}", "").trim(): null

16-10-2024T08:37:41 - [TEST_STEP][PASSED] - println("MosB: " + MosB): null

16-10-2024T08:37:41 - [TEST_STEP][PASSED] - for ([i = 1, i < 3, (i++)]): null

16-10-2024T08:37:41 - [TEST_STEP][PASSED] - tableB = Script1719551244403.NewDZO(x = tableB): null

16-10-2024T08:37:41 - [TEST_STEP][PASSED] - i3 = <not implemented yet for class: org.codehaus.groovy.ast.expr.EmptyExpression>: null

16-10-2024T08:37:41 - [TEST_STEP][PASSED] - i3 = x.indexOf("/") + 1: null

16-10-2024T08:37:41 - [TEST_STEP][PASSED] - x = x.substring(i3, x.length()): null

16-10-2024T08:37:41 - [TEST_STEP][PASSED] - return x: null

16-10-2024T08:37:41 - [TEST_STEP][PASSED] - tableB = Script1719551244403.NewDZO(x = tableB): null

16-10-2024T08:37:41 - [TEST_STEP][PASSED] - i3 = <not implemented yet for class: org.codehaus.groovy.ast.expr.EmptyExpression>: null

16-10-2024T08:37:41 - [TEST_STEP][PASSED] - i3 = x.indexOf("/") + 1: null

16-10-2024T08:37:41 - [TEST_STEP][PASSED] - x = x.substring(i3, x.length()): null

16-10-2024T08:37:41 - [TEST_STEP][PASSED] - return x: null

16-10-2024T08:37:41 - [TEST_STEP][PASSED] - i = tableB.indexOf("Запад"): null

16-10-2024T08:37:41 - [TEST_STEP][PASSED] - SKB = replaceAll("\p{P}", "").trim(): null

16-10-2024T08:37:41 - [TEST_STEP][PASSED] - println("SKB: " + SKB): null

16-10-2024T08:37:41 - [TEST_STEP][PASSED] - for ([i = 1, i < 7, (i++)]): null

16-10-2024T08:37:41 - [TEST_STEP][PASSED] - tableB = Script1719551244403.NewDZO(x = tableB): null

16-10-2024T08:37:41 - [TEST_STEP][PASSED] - i3 = <not implemented yet for class: org.codehaus.groovy.ast.expr.EmptyExpression>: null

16-10-2024T08:37:41 - [TEST_STEP][PASSED] - i3 = x.indexOf("/") + 1: null

16-10-2024T08:37:41 - [TEST_STEP][PASSED] - x = x.substring(i3, x.length()): null

16-10-2024T08:37:41 - [TEST_STEP][PASSED] - return x: null

16-10-2024T08:37:41 - [TEST_STEP][PASSED] - tableB = Script1719551244403.NewDZO(x = tableB): null

16-10-2024T08:37:41 - [TEST_STEP][PASSED] - i3 = <not implemented yet for class: org.codehaus.groovy.ast.expr.EmptyExpression>: null

16-10-2024T08:37:41 - [TEST_STEP][PASSED] - i3 = x.indexOf("/") + 1: null

16-10-2024T08:37:41 - [TEST_STEP][PASSED] - x = x.substring(i3, x.length()): null

16-10-2024T08:37:41 - [TEST_STEP][PASSED] - return x: null

16-10-2024T08:37:41 - [TEST_STEP][PASSED] - tableB = Script1719551244403.NewDZO(x = tableB): null

16-10-2024T08:37:41 - [TEST_STEP][PASSED] - i3 = <not implemented yet for class: org.codehaus.groovy.ast.expr.EmptyExpression>: null

16-10-2024T08:37:41 - [TEST_STEP][PASSED] - i3 = x.indexOf("/") + 1: null

16-10-2024T08:37:41 - [TEST_STEP][PASSED] - x = x.substring(i3, x.length()): null

16-10-2024T08:37:41 - [TEST_STEP][PASSED] - return x: null

16-10-2024T08:37:41 - [TEST_STEP][PASSED] - tableB = Script1719551244403.NewDZO(x = tableB): null

16-10-2024T08:37:41 - [TEST_STEP][PASSED] - i3 = <not implemented yet for class: org.codehaus.groovy.ast.expr.EmptyExpression>: null

16-10-2024T08:37:41 - [TEST_STEP][PASSED] - i3 = x.indexOf("/") + 1: null

16-10-2024T08:37:41 - [TEST_STEP][PASSED] - x = x.substring(i3, x.length()): null

16-10-2024T08:37:41 - [TEST_STEP][PASSED] - return x: null

16-10-2024T08:37:41 - [TEST_STEP][PASSED] - tableB = Script1719551244403.NewDZO(x = tableB): null

16-10-2024T08:37:41 - [TEST_STEP][PASSED] - i3 = <not implemented yet for class: org.codehaus.groovy.ast.expr.EmptyExpression>: null

16-10-2024T08:37:41 - [TEST_STEP][PASSED] - i3 = x.indexOf("/") + 1: null

16-10-2024T08:37:41 - [TEST_STEP][PASSED] - x = x.substring(i3, x.length()): null

16-10-2024T08:37:41 - [TEST_STEP][PASSED] - return x: null

16-10-2024T08:37:41 - [TEST_STEP][PASSED] - tableB = Script1719551244403.NewDZO(x = tableB): null

16-10-2024T08:37:41 - [TEST_STEP][PASSED] - i3 = <not implemented yet for class: org.codehaus.groovy.ast.expr.EmptyExpression>: null

16-10-2024T08:37:41 - [TEST_STEP][PASSED] - i3 = x.indexOf("/") + 1: null

16-10-2024T08:37:41 - [TEST_STEP][PASSED] - x = x.substring(i3, x.length()): null

16-10-2024T08:37:41 - [TEST_STEP][PASSED] - return x: null

16-10-2024T08:37:41 - [TEST_STEP][PASSED] - i = tableB.indexOf("Сибирь"): null

16-10-2024T08:37:41 - [TEST_STEP][PASSED] - SZB = replaceAll("\p{P}", "").trim(): null

16-10-2024T08:37:41 - [TEST_STEP][PASSED] - println("SZB: " + SZB): null

16-10-2024T08:37:41 - [TEST_STEP][PASSED] - for ([i = 1, i < 8, (i++)]): null

16-10-2024T08:37:41 - [TEST_STEP][PASSED] - tableB = Script1719551244403.NewDZO(x = tableB): null

16-10-2024T08:37:41 - [TEST_STEP][PASSED] - i3 = <not implemented yet for class: org.codehaus.groovy.ast.expr.EmptyExpression>: null

16-10-2024T08:37:41 - [TEST_STEP][PASSED] - i3 = x.indexOf("/") + 1: null

16-10-2024T08:37:41 - [TEST_STEP][PASSED] - x = x.substring(i3, x.length()): null

16-10-2024T08:37:41 - [TEST_STEP][PASSED] - return x: null

16-10-2024T08:37:41 - [TEST_STEP][PASSED] - tableB = Script1719551244403.NewDZO(x = tableB): null

16-10-2024T08:37:41 - [TEST_STEP][PASSED] - i3 = <not implemented yet for class: org.codehaus.groovy.ast.expr.EmptyExpression>: null

16-10-2024T08:37:41 - [TEST_STEP][PASSED] - i3 = x.indexOf("/") + 1: null

16-10-2024T08:37:41 - [TEST_STEP][PASSED] - x = x.substring(i3, x.length()): null

16-10-2024T08:37:41 - [TEST_STEP][PASSED] - return x: null

16-10-2024T08:37:41 - [TEST_STEP][PASSED] - tableB = Script1719551244403.NewDZO(x = tableB): null

16-10-2024T08:37:41 - [TEST_STEP][PASSED] - i3 = <not implemented yet for class: org.codehaus.groovy.ast.expr.EmptyExpression>: null

16-10-2024T08:37:41 - [TEST_STEP][PASSED] - i3 = x.indexOf("/") + 1: null

16-10-2024T08:37:41 - [TEST_STEP][PASSED] - x = x.substring(i3, x.length()): null

16-10-2024T08:37:41 - [TEST_STEP][PASSED] - return x: null

16-10-2024T08:37:41 - [TEST_STEP][PASSED] - tableB = Script1719551244403.NewDZO(x = tableB): null

16-10-2024T08:37:41 - [TEST_STEP][PASSED] - i3 = <not implemented yet for class: org.codehaus.groovy.ast.expr.EmptyExpression>: null

16-10-2024T08:37:41 - [TEST_STEP][PASSED] - i3 = x.indexOf("/") + 1: null

16-10-2024T08:37:41 - [TEST_STEP][PASSED] - x = x.substring(i3, x.length()): null

16-10-2024T08:37:41 - [TEST_STEP][PASSED] - return x: null

16-10-2024T08:37:41 - [TEST_STEP][PASSED] - tableB = Script1719551244403.NewDZO(x = tableB): null

16-10-2024T08:37:41 - [TEST_STEP][PASSED] - i3 = <not implemented yet for class: org.codehaus.groovy.ast.expr.EmptyExpression>: null

16-10-2024T08:37:41 - [TEST_STEP][PASSED] - i3 = x.indexOf("/") + 1: null

16-10-2024T08:37:41 - [TEST_STEP][PASSED] - x = x.substring(i3, x.length()): null

16-10-2024T08:37:41 - [TEST_STEP][PASSED] - return x: null

16-10-2024T08:37:41 - [TEST_STEP][PASSED] - tableB = Script1719551244403.NewDZO(x = tableB): null

16-10-2024T08:37:41 - [TEST_STEP][PASSED] - i3 = <not implemented yet for class: org.codehaus.groovy.ast.expr.EmptyExpression>: null

16-10-2024T08:37:41 - [TEST_STEP][PASSED] - i3 = x.indexOf("/") + 1: null

16-10-2024T08:37:41 - [TEST_STEP][PASSED] - x = x.substring(i3, x.length()): null

16-10-2024T08:37:41 - [TEST_STEP][PASSED] - return x: null

16-10-2024T08:37:41 - [TEST_STEP][PASSED] - tableB = Script1719551244403.NewDZO(x = tableB): null

16-10-2024T08:37:41 - [TEST_STEP][PASSED] - i3 = <not implemented yet for class: org.codehaus.groovy.ast.expr.EmptyExpression>: null

16-10-2024T08:37:41 - [TEST_STEP][PASSED] - i3 = x.indexOf("/") + 1: null

16-10-2024T08:37:41 - [TEST_STEP][PASSED] - x = x.substring(i3, x.length()): null

16-10-2024T08:37:41 - [TEST_STEP][PASSED] - return x: null

16-10-2024T08:37:41 - [TEST_STEP][PASSED] - i = tableB.indexOf("Томск"): null

16-10-2024T08:37:41 - [TEST_STEP][PASSED] - SiB = replaceAll("\p{P}", "").trim(): null

16-10-2024T08:37:41 - [TEST_STEP][PASSED] - println("SiB: " + SiB): null

16-10-2024T08:37:41 - [TEST_STEP][PASSED] - for ([i = 1, i < 9, (i++)]): null

16-10-2024T08:37:41 - [TEST_STEP][PASSED] - tableB = Script1719551244403.NewDZO(x = tableB): null

16-10-2024T08:37:41 - [TEST_STEP][PASSED] - i3 = <not implemented yet for class: org.codehaus.groovy.ast.expr.EmptyExpression>: null

16-10-2024T08:37:41 - [TEST_STEP][PASSED] - i3 = x.indexOf("/") + 1: null

16-10-2024T08:37:41 - [TEST_STEP][PASSED] - x = x.substring(i3, x.length()): null

16-10-2024T08:37:41 - [TEST_STEP][PASSED] - return x: null

16-10-2024T08:37:41 - [TEST_STEP][PASSED] - tableB = Script1719551244403.NewDZO(x = tableB): null

16-10-2024T08:37:41 - [TEST_STEP][PASSED] - i3 = <not implemented yet for class: org.codehaus.groovy.ast.expr.EmptyExpression>: null

16-10-2024T08:37:41 - [TEST_STEP][PASSED] - i3 = x.indexOf("/") + 1: null

16-10-2024T08:37:41 - [TEST_STEP][PASSED] - x = x.substring(i3, x.length()): null

16-10-2024T08:37:41 - [TEST_STEP][PASSED] - return x: null

16-10-2024T08:37:41 - [TEST_STEP][PASSED] - tableB = Script1719551244403.NewDZO(x = tableB): null

16-10-2024T08:37:41 - [TEST_STEP][PASSED] - i3 = <not implemented yet for class: org.codehaus.groovy.ast.expr.EmptyExpression>: null

16-10-2024T08:37:41 - [TEST_STEP][PASSED] - i3 = x.indexOf("/") + 1: null

16-10-2024T08:37:41 - [TEST_STEP][PASSED] - x = x.substring(i3, x.length()): null

16-10-2024T08:37:41 - [TEST_STEP][PASSED] - return x: null

16-10-2024T08:37:41 - [TEST_STEP][PASSED] - tableB = Script1719551244403.NewDZO(x = tableB): null

16-10-2024T08:37:41 - [TEST_STEP][PASSED] - i3 = <not implemented yet for class: org.codehaus.groovy.ast.expr.EmptyExpression>: null

16-10-2024T08:37:41 - [TEST_STEP][PASSED] - i3 = x.indexOf("/") + 1: null

16-10-2024T08:37:41 - [TEST_STEP][PASSED] - x = x.substring(i3, x.length()): null

16-10-2024T08:37:41 - [TEST_STEP][PASSED] - return x: null

16-10-2024T08:37:41 - [TEST_STEP][PASSED] - tableB = Script1719551244403.NewDZO(x = tableB): null

16-10-2024T08:37:41 - [TEST_STEP][PASSED] - i3 = <not implemented yet for class: org.codehaus.groovy.ast.expr.EmptyExpression>: null

16-10-2024T08:37:41 - [TEST_STEP][PASSED] - i3 = x.indexOf("/") + 1: null

16-10-2024T08:37:41 - [TEST_STEP][PASSED] - x = x.substring(i3, x.length()): null

16-10-2024T08:37:41 - [TEST_STEP][PASSED] - return x: null

16-10-2024T08:37:41 - [TEST_STEP][PASSED] - tableB = Script1719551244403.NewDZO(x = tableB): null

16-10-2024T08:37:41 - [TEST_STEP][PASSED] - i3 = <not implemented yet for class: org.codehaus.groovy.ast.expr.EmptyExpression>: null

16-10-2024T08:37:41 - [TEST_STEP][PASSED] - i3 = x.indexOf("/") + 1: null

16-10-2024T08:37:41 - [TEST_STEP][PASSED] - x = x.substring(i3, x.length()): null

16-10-2024T08:37:41 - [TEST_STEP][PASSED] - return x: null

16-10-2024T08:37:41 - [TEST_STEP][PASSED] - tableB = Script1719551244403.NewDZO(x = tableB): null

16-10-2024T08:37:41 - [TEST_STEP][PASSED] - i3 = <not implemented yet for class: org.codehaus.groovy.ast.expr.EmptyExpression>: null

16-10-2024T08:37:41 - [TEST_STEP][PASSED] - i3 = x.indexOf("/") + 1: null

16-10-2024T08:37:41 - [TEST_STEP][PASSED] - x = x.substring(i3, x.length()): null

16-10-2024T08:37:41 - [TEST_STEP][PASSED] - return x: null

16-10-2024T08:37:41 - [TEST_STEP][PASSED] - tableB = Script1719551244403.NewDZO(x = tableB): null

16-10-2024T08:37:41 - [TEST_STEP][PASSED] - i3 = <not implemented yet for class: org.codehaus.groovy.ast.expr.EmptyExpression>: null

16-10-2024T08:37:41 - [TEST_STEP][PASSED] - i3 = x.indexOf("/") + 1: null

16-10-2024T08:37:41 - [TEST_STEP][PASSED] - x = x.substring(i3, x.length()): null

16-10-2024T08:37:41 - [TEST_STEP][PASSED] - return x: null

16-10-2024T08:37:41 - [TEST_STEP][PASSED] - i = tableB.indexOf("Тюмень"): null

16-10-2024T08:37:41 - [TEST_STEP][PASSED] - ToB = replaceAll("\p{P}", "").trim(): null

16-10-2024T08:37:41 - [TEST_STEP][PASSED] - println("ToB: " + ToB): null

16-10-2024T08:37:41 - [TEST_STEP][PASSED] - tableB = Script1719551244403.NewDZO(x = tableB): null

16-10-2024T08:37:41 - [TEST_STEP][PASSED] - i3 = <not implemented yet for class: org.codehaus.groovy.ast.expr.EmptyExpression>: null

16-10-2024T08:37:41 - [TEST_STEP][PASSED] - i3 = x.indexOf("/") + 1: null

16-10-2024T08:37:41 - [TEST_STEP][PASSED] - x = x.substring(i3, x.length()): null

16-10-2024T08:37:41 - [TEST_STEP][PASSED] - return x: null

16-10-2024T08:37:41 - [TEST_STEP][PASSED] - TyuB = replaceAll("\p{P}", "").trim(): null

16-10-2024T08:37:41 - [TEST_STEP][PASSED] - println("TyuB: " + TyuB): null

16-10-2024T08:37:41 - [TEST_STEP][PASSED] - tableB = Script1719551244403.NewDZO(x = tableB): null

16-10-2024T08:37:41 - [TEST_STEP][PASSED] - i3 = <not implemented yet for class: org.codehaus.groovy.ast.expr.EmptyExpression>: null

16-10-2024T08:37:41 - [TEST_STEP][PASSED] - i3 = x.indexOf("/") + 1: null

16-10-2024T08:37:41 - [TEST_STEP][PASSED] - x = x.substring(i3, x.length()): null

16-10-2024T08:37:41 - [TEST_STEP][PASSED] - return x: null

16-10-2024T08:37:41 - [TEST_STEP][PASSED] - i = tableB.indexOf("ЕЭС"): null

16-10-2024T08:37:41 - [TEST_STEP][PASSED] - UrB = replaceAll("\p{P}", "").trim(): null

16-10-2024T08:37:41 - [TEST_STEP][PASSED] - println("UrB: " + UrB): null

16-10-2024T08:37:41 - [TEST_STEP][PASSED] - for ([i = 1, i < 4, (i++)]): null

16-10-2024T08:37:41 - [TEST_STEP][PASSED] - tableB = Script1719551244403.NewDZO(x = tableB): null

16-10-2024T08:37:41 - [TEST_STEP][PASSED] - i3 = <not implemented yet for class: org.codehaus.groovy.ast.expr.EmptyExpression>: null

16-10-2024T08:37:41 - [TEST_STEP][PASSED] - i3 = x.indexOf("/") + 1: null

16-10-2024T08:37:41 - [TEST_STEP][PASSED] - x = x.substring(i3, x.length()): null

16-10-2024T08:37:41 - [TEST_STEP][PASSED] - return x: null

16-10-2024T08:37:41 - [TEST_STEP][PASSED] - tableB = Script1719551244403.NewDZO(x = tableB): null

16-10-2024T08:37:41 - [TEST_STEP][PASSED] - i3 = <not implemented yet for class: org.codehaus.groovy.ast.expr.EmptyExpression>: null

16-10-2024T08:37:41 - [TEST_STEP][PASSED] - i3 = x.indexOf("/") + 1: null

16-10-2024T08:37:41 - [TEST_STEP][PASSED] - x = x.substring(i3, x.length()): null

16-10-2024T08:37:41 - [TEST_STEP][PASSED] - return x: null

16-10-2024T08:37:41 - [TEST_STEP][PASSED] - tableB = Script1719551244403.NewDZO(x = tableB): null

16-10-2024T08:37:41 - [TEST_STEP][PASSED] - i3 = <not implemented yet for class: org.codehaus.groovy.ast.expr.EmptyExpression>: null

16-10-2024T08:37:41 - [TEST_STEP][PASSED] - i3 = x.indexOf("/") + 1: null

16-10-2024T08:37:41 - [TEST_STEP][PASSED] - x = x.substring(i3, x.length()): null

16-10-2024T08:37:41 - [TEST_STEP][PASSED] - return x: null

16-10-2024T08:37:41 - [TEST_STEP][PASSED] - i = tableB.indexOf("Центр"): null

16-10-2024T08:37:41 - [TEST_STEP][PASSED] - FSKB = replaceAll("\p{P}", "").trim(): null

16-10-2024T08:37:41 - [TEST_STEP][PASSED] - println("FSKB: " + FSKB): null

16-10-2024T08:37:41 - [TEST_STEP][PASSED] - tableB = Script1719551244403.NewDZO(x = tableB): null

16-10-2024T08:37:41 - [TEST_STEP][PASSED] - i3 = <not implemented yet for class: org.codehaus.groovy.ast.expr.EmptyExpression>: null

16-10-2024T08:37:41 - [TEST_STEP][PASSED] - i3 = x.indexOf("/") + 1: null

16-10-2024T08:37:41 - [TEST_STEP][PASSED] - x = x.substring(i3, x.length()): null

16-10-2024T08:37:41 - [TEST_STEP][PASSED] - return x: null

16-10-2024T08:37:41 - [TEST_STEP][PASSED] - i = tableB.indexOf("Приволжье"): null

16-10-2024T08:37:41 - [TEST_STEP][PASSED] - CenB = replaceAll("\p{P}", "").trim(): null

16-10-2024T08:37:41 - [TEST_STEP][PASSED] - println("CenB: " + CenB): null

16-10-2024T08:37:41 - [TEST_STEP][PASSED] - for ([i = 1, i < 12, (i++)]): null

16-10-2024T08:37:41 - [TEST_STEP][PASSED] - tableB = Script1719551244403.NewDZO(x = tableB): null

16-10-2024T08:37:41 - [TEST_STEP][PASSED] - i3 = <not implemented yet for class: org.codehaus.groovy.ast.expr.EmptyExpression>: null

16-10-2024T08:37:41 - [TEST_STEP][PASSED] - i3 = x.indexOf("/") + 1: null

16-10-2024T08:37:41 - [TEST_STEP][PASSED] - x = x.substring(i3, x.length()): null

16-10-2024T08:37:41 - [TEST_STEP][PASSED] - return x: null

16-10-2024T08:37:41 - [TEST_STEP][PASSED] - tableB = Script1719551244403.NewDZO(x = tableB): null

16-10-2024T08:37:41 - [TEST_STEP][PASSED] - i3 = <not implemented yet for class: org.codehaus.groovy.ast.expr.EmptyExpression>: null

16-10-2024T08:37:41 - [TEST_STEP][PASSED] - i3 = x.indexOf("/") + 1: null

16-10-2024T08:37:41 - [TEST_STEP][PASSED] - x = x.substring(i3, x.length()): null

16-10-2024T08:37:41 - [TEST_STEP][PASSED] - return x: null

16-10-2024T08:37:41 - [TEST_STEP][PASSED] - tableB = Script1719551244403.NewDZO(x = tableB): null

16-10-2024T08:37:41 - [TEST_STEP][PASSED] - i3 = <not implemented yet for class: org.codehaus.groovy.ast.expr.EmptyExpression>: null

16-10-2024T08:37:41 - [TEST_STEP][PASSED] - i3 = x.indexOf("/") + 1: null

16-10-2024T08:37:41 - [TEST_STEP][PASSED] - x = x.substring(i3, x.length()): null

16-10-2024T08:37:41 - [TEST_STEP][PASSED] - return x: null

16-10-2024T08:37:41 - [TEST_STEP][PASSED] - tableB = Script1719551244403.NewDZO(x = tableB): null

16-10-2024T08:37:41 - [TEST_STEP][PASSED] - i3 = <not implemented yet for class: org.codehaus.groovy.ast.expr.EmptyExpression>: null

16-10-2024T08:37:41 - [TEST_STEP][PASSED] - i3 = x.indexOf("/") + 1: null

16-10-2024T08:37:41 - [TEST_STEP][PASSED] - x = x.substring(i3, x.length()): null

16-10-2024T08:37:41 - [TEST_STEP][PASSED] - return x: null

16-10-2024T08:37:41 - [TEST_STEP][PASSED] - tableB = Script1719551244403.NewDZO(x = tableB): null

16-10-2024T08:37:41 - [TEST_STEP][PASSED] - i3 = <not implemented yet for class: org.codehaus.groovy.ast.expr.EmptyExpression>: null

16-10-2024T08:37:41 - [TEST_STEP][PASSED] - i3 = x.indexOf("/") + 1: null

16-10-2024T08:37:41 - [TEST_STEP][PASSED] - x = x.substring(i3, x.length()): null

16-10-2024T08:37:41 - [TEST_STEP][PASSED] - return x: null

16-10-2024T08:37:41 - [TEST_STEP][PASSED] - tableB = Script1719551244403.NewDZO(x = tableB): null

16-10-2024T08:37:41 - [TEST_STEP][PASSED] - i3 = <not implemented yet for class: org.codehaus.groovy.ast.expr.EmptyExpression>: null

16-10-2024T08:37:41 - [TEST_STEP][PASSED] - i3 = x.indexOf("/") + 1: null

16-10-2024T08:37:41 - [TEST_STEP][PASSED] - x = x.substring(i3, x.length()): null

16-10-2024T08:37:41 - [TEST_STEP][PASSED] - return x: null

16-10-2024T08:37:41 - [TEST_STEP][PASSED] - tableB = Script1719551244403.NewDZO(x = tableB): null

16-10-2024T08:37:41 - [TEST_STEP][PASSED] - i3 = <not implemented yet for class: org.codehaus.groovy.ast.expr.EmptyExpression>: null

16-10-2024T08:37:41 - [TEST_STEP][PASSED] - i3 = x.indexOf("/") + 1: null

16-10-2024T08:37:41 - [TEST_STEP][PASSED] - x = x.substring(i3, x.length()): null

16-10-2024T08:37:41 - [TEST_STEP][PASSED] - return x: null

16-10-2024T08:37:41 - [TEST_STEP][PASSED] - tableB = Script1719551244403.NewDZO(x = tableB): null

16-10-2024T08:37:41 - [TEST_STEP][PASSED] - i3 = <not implemented yet for class: org.codehaus.groovy.ast.expr.EmptyExpression>: null

16-10-2024T08:37:41 - [TEST_STEP][PASSED] - i3 = x.indexOf("/") + 1: null

16-10-2024T08:37:41 - [TEST_STEP][PASSED] - x = x.substring(i3, x.length()): null

16-10-2024T08:37:41 - [TEST_STEP][PASSED] - return x: null

16-10-2024T08:37:41 - [TEST_STEP][PASSED] - tableB = Script1719551244403.NewDZO(x = tableB): null

16-10-2024T08:37:41 - [TEST_STEP][PASSED] - i3 = <not implemented yet for class: org.codehaus.groovy.ast.expr.EmptyExpression>: null

16-10-2024T08:37:41 - [TEST_STEP][PASSED] - i3 = x.indexOf("/") + 1: null

16-10-2024T08:37:41 - [TEST_STEP][PASSED] - x = x.substring(i3, x.length()): null

16-10-2024T08:37:41 - [TEST_STEP][PASSED] - return x: null

16-10-2024T08:37:41 - [TEST_STEP][PASSED] - tableB = Script1719551244403.NewDZO(x = tableB): null

16-10-2024T08:37:41 - [TEST_STEP][PASSED] - i3 = <not implemented yet for class: org.codehaus.groovy.ast.expr.EmptyExpression>: null

16-10-2024T08:37:41 - [TEST_STEP][PASSED] - i3 = x.indexOf("/") + 1: null

16-10-2024T08:37:41 - [TEST_STEP][PASSED] - x = x.substring(i3, x.length()): null

16-10-2024T08:37:41 - [TEST_STEP][PASSED] - return x: null

16-10-2024T08:37:41 - [TEST_STEP][PASSED] - tableB = Script1719551244403.NewDZO(x = tableB): null

16-10-2024T08:37:41 - [TEST_STEP][PASSED] - i3 = <not implemented yet for class: org.codehaus.groovy.ast.expr.EmptyExpression>: null

16-10-2024T08:37:41 - [TEST_STEP][PASSED] - i3 = x.indexOf("/") + 1: null

16-10-2024T08:37:41 - [TEST_STEP][PASSED] - x = x.substring(i3, x.length()): null

16-10-2024T08:37:41 - [TEST_STEP][PASSED] - return x: null

16-10-2024T08:37:41 - [TEST_STEP][PASSED] - i = tableB.indexOf("Юг"): null

16-10-2024T08:37:41 - [TEST_STEP][PASSED] - CiPB = replaceAll("\p{P}", "").trim(): null

16-10-2024T08:37:41 - [TEST_STEP][PASSED] - println("CiPB: " + CiPB): null

16-10-2024T08:37:41 - [TEST_STEP][PASSED] - for ([i = 1, i < 10, (i++)]): null

16-10-2024T08:37:41 - [TEST_STEP][PASSED] - tableB = Script1719551244403.NewDZO(x = tableB): null

16-10-2024T08:37:41 - [TEST_STEP][PASSED] - i3 = <not implemented yet for class: org.codehaus.groovy.ast.expr.EmptyExpression>: null

16-10-2024T08:37:41 - [TEST_STEP][PASSED] - i3 = x.indexOf("/") + 1: null

16-10-2024T08:37:41 - [TEST_STEP][PASSED] - x = x.substring(i3, x.length()): null

16-10-2024T08:37:41 - [TEST_STEP][PASSED] - return x: null

16-10-2024T08:37:41 - [TEST_STEP][PASSED] - tableB = Script1719551244403.NewDZO(x = tableB): null

16-10-2024T08:37:41 - [TEST_STEP][PASSED] - i3 = <not implemented yet for class: org.codehaus.groovy.ast.expr.EmptyExpression>: null

16-10-2024T08:37:41 - [TEST_STEP][PASSED] - i3 = x.indexOf("/") + 1: null

16-10-2024T08:37:41 - [TEST_STEP][PASSED] - x = x.substring(i3, x.length()): null

16-10-2024T08:37:41 - [TEST_STEP][PASSED] - return x: null

16-10-2024T08:37:41 - [TEST_STEP][PASSED] - tableB = Script1719551244403.NewDZO(x = tableB): null

16-10-2024T08:37:41 - [TEST_STEP][PASSED] - i3 = <not implemented yet for class: org.codehaus.groovy.ast.expr.EmptyExpression>: null

16-10-2024T08:37:41 - [TEST_STEP][PASSED] - i3 = x.indexOf("/") + 1: null

16-10-2024T08:37:41 - [TEST_STEP][PASSED] - x = x.substring(i3, x.length()): null

16-10-2024T08:37:41 - [TEST_STEP][PASSED] - return x: null

16-10-2024T08:37:41 - [TEST_STEP][PASSED] - tableB = Script1719551244403.NewDZO(x = tableB): null

16-10-2024T08:37:41 - [TEST_STEP][PASSED] - i3 = <not implemented yet for class: org.codehaus.groovy.ast.expr.EmptyExpression>: null

16-10-2024T08:37:41 - [TEST_STEP][PASSED] - i3 = x.indexOf("/") + 1: null

16-10-2024T08:37:41 - [TEST_STEP][PASSED] - x = x.substring(i3, x.length()): null

16-10-2024T08:37:41 - [TEST_STEP][PASSED] - return x: null

16-10-2024T08:37:41 - [TEST_STEP][PASSED] - tableB = Script1719551244403.NewDZO(x = tableB): null

16-10-2024T08:37:41 - [TEST_STEP][PASSED] - i3 = <not implemented yet for class: org.codehaus.groovy.ast.expr.EmptyExpression>: null

16-10-2024T08:37:41 - [TEST_STEP][PASSED] - i3 = x.indexOf("/") + 1: null

16-10-2024T08:37:41 - [TEST_STEP][PASSED] - x = x.substring(i3, x.length()): null

16-10-2024T08:37:41 - [TEST_STEP][PASSED] - return x: null

16-10-2024T08:37:41 - [TEST_STEP][PASSED] - tableB = Script1719551244403.NewDZO(x = tableB): null

16-10-2024T08:37:41 - [TEST_STEP][PASSED] - i3 = <not implemented yet for class: org.codehaus.groovy.ast.expr.EmptyExpression>: null

16-10-2024T08:37:41 - [TEST_STEP][PASSED] - i3 = x.indexOf("/") + 1: null

16-10-2024T08:37:41 - [TEST_STEP][PASSED] - x = x.substring(i3, x.length()): null

16-10-2024T08:37:41 - [TEST_STEP][PASSED] - return x: null

16-10-2024T08:37:41 - [TEST_STEP][PASSED] - tableB = Script1719551244403.NewDZO(x = tableB): null

16-10-2024T08:37:41 - [TEST_STEP][PASSED] - i3 = <not implemented yet for class: org.codehaus.groovy.ast.expr.EmptyExpression>: null

16-10-2024T08:37:41 - [TEST_STEP][PASSED] - i3 = x.indexOf("/") + 1: null

16-10-2024T08:37:41 - [TEST_STEP][PASSED] - x = x.substring(i3, x.length()): null

16-10-2024T08:37:41 - [TEST_STEP][PASSED] - return x: null

16-10-2024T08:37:41 - [TEST_STEP][PASSED] - tableB = Script1719551244403.NewDZO(x = tableB): null

16-10-2024T08:37:41 - [TEST_STEP][PASSED] - i3 = <not implemented yet for class: org.codehaus.groovy.ast.expr.EmptyExpression>: null

16-10-2024T08:37:41 - [TEST_STEP][PASSED] - i3 = x.indexOf("/") + 1: null

16-10-2024T08:37:41 - [TEST_STEP][PASSED] - x = x.substring(i3, x.length()): null

16-10-2024T08:37:41 - [TEST_STEP][PASSED] - return x: null

16-10-2024T08:37:41 - [TEST_STEP][PASSED] - tableB = Script1719551244403.NewDZO(x = tableB): null

16-10-2024T08:37:41 - [TEST_STEP][PASSED] - i3 = <not implemented yet for class: org.codehaus.groovy.ast.expr.EmptyExpression>: null

16-10-2024T08:37:41 - [TEST_STEP][PASSED] - i3 = x.indexOf("/") + 1: null

16-10-2024T08:37:41 - [TEST_STEP][PASSED] - x = x.substring(i3, x.length()): null

16-10-2024T08:37:41 - [TEST_STEP][PASSED] - return x: null

16-10-2024T08:37:41 - [TEST_STEP][PASSED] - i = tableB.indexOf("Янтарь"): null

16-10-2024T08:37:41 - [TEST_STEP][PASSED] - UgB = replaceAll("\p{P}", "").trim(): null

16-10-2024T08:37:41 - [TEST_STEP][PASSED] - println("UgB: " + UgB): null

16-10-2024T08:37:41 - [TEST_STEP][PASSED] - i = tableB.lastIndexOf("/"): null

16-10-2024T08:37:41 - [TEST_STEP][PASSED] - YaB = replaceAll("\p{P}", "").trim(): null

16-10-2024T08:37:41 - [TEST_STEP][PASSED] - println("YaB: " + YaB): null

16-10-2024T08:37:41 - [TEST_STEP][PASSED] - vidget = "Отклонения выручки по факторам": null

16-10-2024T08:37:41 - [TEST_STEP][PASSED] - if (run == 2): null

16-10-2024T08:37:41 - [TEST_STEP][PASSED] - DZO = "АО «Тываэнерго»": null

16-10-2024T08:37:41 - [TEST_STEP][PASSED] - Script1719551244403.CompareDZO(x = TyA, y = TyB, run, typeOfData, otobrajeniyeDannyh, todaysDate, vidget, DZO): null

16-10-2024T08:37:41 - [TEST_STEP][PASSED] - x1 = x: null

16-10-2024T08:37:41 - [TEST_STEP][PASSED] - y1 = y: null

16-10-2024T08:37:41 - [TEST_STEP][PASSED] - i1 = <not implemented yet for class: org.codehaus.groovy.ast.expr.EmptyExpression>: null

16-10-2024T08:37:41 - [TEST_STEP][PASSED] - if (verifyEqual(x, y) == true): null

16-10-2024T08:37:41 - [MESSAGE][PASSED] - Actual object '186 12' and expected object '186 12' are equal

16-10-2024T08:37:41 - [TEST_STEP][PASSED] - DZO = "АО «Чеченэнерго»": null

16-10-2024T08:37:41 - [TEST_STEP][PASSED] - Script1719551244403.CompareDZO(x = ChA, y = ChB, run, typeOfData, otobrajeniyeDannyh, todaysDate, vidget, DZO): null

16-10-2024T08:37:41 - [TEST_STEP][PASSED] - x1 = x: null

16-10-2024T08:37:41 - [TEST_STEP][PASSED] - y1 = y: null

16-10-2024T08:37:41 - [TEST_STEP][PASSED] - i1 = <not implemented yet for class: org.codehaus.groovy.ast.expr.EmptyExpression>: null

16-10-2024T08:37:41 - [TEST_STEP][FAILED] - if (verifyEqual(x, y) == true): Unable to verify equal between actual object '2 985 11' and expected object '34 11' (Root cause: com.kms.katalon.core.exception.StepFailedException: Actual object '2 985 11' and expected object '34 11' are not equal
	at com.kms.katalon.core.keyword.builtin.VerifyEqualKeyword$_verifyEqual_closure1.doCall(VerifyEqualKeyword.groovy:58)
	at com.kms.katalon.core.keyword.builtin.VerifyEqualKeyword$_verifyEqual_closure1.call(VerifyEqualKeyword.groovy)
	at com.kms.katalon.core.keyword.internal.KeywordMain.runKeyword(KeywordMain.groovy:75)
	at com.kms.katalon.core.keyword.builtin.VerifyEqualKeyword.verifyEqual(VerifyEqualKeyword.groovy:63)
	at com.kms.katalon.core.keyword.builtin.VerifyEqualKeyword.execute(VerifyEqualKeyword.groovy:44)
	at com.kms.katalon.core.keyword.internal.KeywordExecutor.executeKeywordForPlatform(KeywordExecutor.groovy:74)
	at com.kms.katalon.core.keyword.BuiltinKeywords.verifyEqual(BuiltinKeywords.groovy:146)
	at jdk.internal.reflect.GeneratedMethodAccessor25.invoke(Unknown Source)
	at java.base/jdk.internal.reflect.DelegatingMethodAccessorImpl.invoke(DelegatingMethodAccessorImpl.java:43)
	at Факторный анализ сверка дашбордов.CompareDZO(Факторный анализ сверка дашбордов:689)
	at Факторный анализ сверка дашбордов.Test(Факторный анализ сверка дашбордов:603)
	at Факторный анализ сверка дашбордов.run(Факторный анализ сверка дашбордов:44)
	at com.kms.katalon.core.main.ScriptEngine.run(ScriptEngine.java:194)
	at com.kms.katalon.core.main.ScriptEngine.runScriptAsRawText(ScriptEngine.java:119)
	at com.kms.katalon.core.main.TestCaseExecutor.runScript(TestCaseExecutor.java:448)
	at com.kms.katalon.core.main.TestCaseExecutor.doExecute(TestCaseExecutor.java:439)
	at com.kms.katalon.core.main.TestCaseExecutor.processExecutionPhase(TestCaseExecutor.java:418)
	at com.kms.katalon.core.main.TestCaseExecutor.accessMainPhase(TestCaseExecutor.java:410)
	at com.kms.katalon.core.main.TestCaseExecutor.execute(TestCaseExecutor.java:285)
	at com.kms.katalon.core.common.CommonExecutor.accessTestCaseMainPhase(CommonExecutor.java:65)
	at com.kms.katalon.core.main.TestSuiteExecutor.accessTestSuiteMainPhase(TestSuiteExecutor.java:150)
	at com.kms.katalon.core.main.TestSuiteExecutor.execute(TestSuiteExecutor.java:106)
	at com.kms.katalon.core.main.TestCaseMain.startTestSuite(TestCaseMain.java:180)
	at TempTestSuite1729050801829.run(TempTestSuite1729050801829.groovy:35)
	at java.base/jdk.internal.reflect.NativeMethodAccessorImpl.invoke0(Native Method)
	at java.base/jdk.internal.reflect.NativeMethodAccessorImpl.invoke(NativeMethodAccessorImpl.java:77)
	at java.base/jdk.internal.reflect.DelegatingMethodAccessorImpl.invoke(DelegatingMethodAccessorImpl.java:43)
)

16-10-2024T08:37:41 - [MESSAGE][FAILED] - Unable to verify equal between actual object '2 985 11' and expected object '34 11' (Root cause: com.kms.katalon.core.exception.StepFailedException: Actual object '2 985 11' and expected object '34 11' are not equal
	at com.kms.katalon.core.keyword.builtin.VerifyEqualKeyword$_verifyEqual_closure1.doCall(VerifyEqualKeyword.groovy:58)
	at com.kms.katalon.core.keyword.builtin.VerifyEqualKeyword$_verifyEqual_closure1.call(VerifyEqualKeyword.groovy)
	at com.kms.katalon.core.keyword.internal.KeywordMain.runKeyword(KeywordMain.groovy:75)
	at com.kms.katalon.core.keyword.builtin.VerifyEqualKeyword.verifyEqual(VerifyEqualKeyword.groovy:63)
	at com.kms.katalon.core.keyword.builtin.VerifyEqualKeyword.execute(VerifyEqualKeyword.groovy:44)
	at com.kms.katalon.core.keyword.internal.KeywordExecutor.executeKeywordForPlatform(KeywordExecutor.groovy:74)
	at com.kms.katalon.core.keyword.BuiltinKeywords.verifyEqual(BuiltinKeywords.groovy:146)
	at jdk.internal.reflect.GeneratedMethodAccessor25.invoke(Unknown Source)
	at java.base/jdk.internal.reflect.DelegatingMethodAccessorImpl.invoke(DelegatingMethodAccessorImpl.java:43)
	at Факторный анализ сверка дашбордов.CompareDZO(Факторный анализ сверка дашбордов:689)
	at Факторный анализ сверка дашбордов.Test(Факторный анализ сверка дашбордов:603)
	at Факторный анализ сверка дашбордов.run(Факторный анализ сверка дашбордов:44)
	at com.kms.katalon.core.main.ScriptEngine.run(ScriptEngine.java:194)
	at com.kms.katalon.core.main.ScriptEngine.runScriptAsRawText(ScriptEngine.java:119)
	at com.kms.katalon.core.main.TestCaseExecutor.runScript(TestCaseExecutor.java:448)
	at com.kms.katalon.core.main.TestCaseExecutor.doExecute(TestCaseExecutor.java:439)
	at com.kms.katalon.core.main.TestCaseExecutor.processExecutionPhase(TestCaseExecutor.java:418)
	at com.kms.katalon.core.main.TestCaseExecutor.accessMainPhase(TestCaseExecutor.java:410)
	at com.kms.katalon.core.main.TestCaseExecutor.execute(TestCaseExecutor.java:285)
	at com.kms.katalon.core.common.CommonExecutor.accessTestCaseMainPhase(CommonExecutor.java:65)
	at com.kms.katalon.core.main.TestSuiteExecutor.accessTestSuiteMainPhase(TestSuiteExecutor.java:150)
	at com.kms.katalon.core.main.TestSuiteExecutor.execute(TestSuiteExecutor.java:106)
	at com.kms.katalon.core.main.TestCaseMain.startTestSuite(TestCaseMain.java:180)
	at TempTestSuite1729050801829.run(TempTestSuite1729050801829.groovy:35)
	at java.base/jdk.internal.reflect.NativeMethodAccessorImpl.invoke0(Native Method)
	at java.base/jdk.internal.reflect.NativeMethodAccessorImpl.invoke(NativeMethodAccessorImpl.java:77)
	at java.base/jdk.internal.reflect.DelegatingMethodAccessorImpl.invoke(DelegatingMethodAccessorImpl.java:43)
)

16-10-2024T08:37:41 - [TEST_STEP][PASSED] - else: null

16-10-2024T08:37:41 - [TEST_STEP][PASSED] - otobrajeniyeDannyh = "Все": null

16-10-2024T08:37:41 - [TEST_STEP][PASSED] - vidget = "Всего отклонения по факторам": null

16-10-2024T08:37:41 - [TEST_STEP][PASSED] - Script1719551244403.WriteToExcel(todaysDate, typeOfData, otobrajeniyeDannyh, x, y, vidget, DZO): null

16-10-2024T08:37:41 - [TEST_STEP][PASSED] - sheetName = "Sheet1": null

16-10-2024T08:37:41 - [TEST_STEP][PASSED] - data = findTestData("PlanFact"): null

16-10-2024T08:37:41 - [TEST_STEP][PASSED] - n = data.getRowNumbers() + 1: null

16-10-2024T08:37:41 - [TEST_STEP][PASSED] - period = getText(findTestObject("Факторный анализ/Фильтр Период")): Text of object 'Object Repository/Факторный анализ/Фильтр Период' is: 'Июль, Август и 1, 2 кв. 2024 года'

16-10-2024T08:37:41 - [MESSAGE][PASSED] - Text of object 'Object Repository/Факторный анализ/Фильтр Период' is: 'Июль, Август и 1, 2 кв. 2024 года'

16-10-2024T08:37:41 - [TEST_STEP][PASSED] - println(period): null

16-10-2024T08:37:41 - [TEST_STEP][PASSED] - dashboardName = "Факторный анализ": null

16-10-2024T08:37:41 - [TEST_STEP][PASSED] - workbook01 = getWorkbook(excelFilePath): null

16-10-2024T08:37:41 - [TEST_STEP][PASSED] - sheet01 = getExcelSheet(workbook01, sheetName): null

16-10-2024T08:37:41 - [TEST_STEP][PASSED] - setValueToCellByIndex(sheet01, n, 0, dashboardName): null

16-10-2024T08:37:41 - [TEST_STEP][PASSED] - setValueToCellByIndex(sheet01, n, 1, DZO): null

16-10-2024T08:37:41 - [TEST_STEP][PASSED] - setValueToCellByIndex(sheet01, n, 2, vidget): null

16-10-2024T08:37:41 - [TEST_STEP][PASSED] - setValueToCellByIndex(sheet01, n, 3, typeOfData): null

16-10-2024T08:37:41 - [TEST_STEP][PASSED] - setValueToCellByIndex(sheet01, n, 4, otobrajeniyeDannyh): null

16-10-2024T08:37:41 - [TEST_STEP][PASSED] - setValueToCellByIndex(sheet01, n, 5, period): null

16-10-2024T08:37:41 - [TEST_STEP][PASSED] - setValueToCellByIndex(sheet01, n, 6, todaysDate): null

16-10-2024T08:37:41 - [TEST_STEP][PASSED] - n = n + 1: null

16-10-2024T08:37:41 - [TEST_STEP][PASSED] - saveWorkbook(excelFilePath, workbook01): null

16-10-2024T08:37:42 - [TEST_STEP][PASSED] - DZO = "Россети Волга": null

16-10-2024T08:37:42 - [TEST_STEP][PASSED] - Script1719551244403.CompareDZO(x = VA, y = VB, run, typeOfData, otobrajeniyeDannyh, todaysDate, vidget, DZO): null

16-10-2024T08:37:42 - [TEST_STEP][PASSED] - x1 = x: null

16-10-2024T08:37:42 - [TEST_STEP][PASSED] - y1 = y: null

16-10-2024T08:37:42 - [TEST_STEP][PASSED] - i1 = <not implemented yet for class: org.codehaus.groovy.ast.expr.EmptyExpression>: null

16-10-2024T08:37:42 - [TEST_STEP][FAILED] - if (verifyEqual(x, y) == true): Unable to verify equal between actual object '2 499 90 9 857  143 5 956 72  11 562  941  11 875  402  4 296  198 3 667 116' and expected object '152 90 561  143 249 72  379  941  397  402  206  198 92 116' (Root cause: com.kms.katalon.core.exception.StepFailedException: Actual object '2 499 90 9 857  143 5 956 72  11 562  941  11 875  402  4 296  198 3 667 116' and expected object '152 90 561  143 249 72  379  941  397  402  206  198 92 116' are not equal
	at com.kms.katalon.core.keyword.builtin.VerifyEqualKeyword$_verifyEqual_closure1.doCall(VerifyEqualKeyword.groovy:58)
	at com.kms.katalon.core.keyword.builtin.VerifyEqualKeyword$_verifyEqual_closure1.call(VerifyEqualKeyword.groovy)
	at com.kms.katalon.core.keyword.internal.KeywordMain.runKeyword(KeywordMain.groovy:75)
	at com.kms.katalon.core.keyword.builtin.VerifyEqualKeyword.verifyEqual(VerifyEqualKeyword.groovy:63)
	at com.kms.katalon.core.keyword.builtin.VerifyEqualKeyword.execute(VerifyEqualKeyword.groovy:44)
	at com.kms.katalon.core.keyword.internal.KeywordExecutor.executeKeywordForPlatform(KeywordExecutor.groovy:74)
	at com.kms.katalon.core.keyword.BuiltinKeywords.verifyEqual(BuiltinKeywords.groovy:146)
	at jdk.internal.reflect.GeneratedMethodAccessor25.invoke(Unknown Source)
	at java.base/jdk.internal.reflect.DelegatingMethodAccessorImpl.invoke(DelegatingMethodAccessorImpl.java:43)
	at Факторный анализ сверка дашбордов.CompareDZO(Факторный анализ сверка дашбордов:689)
	at Факторный анализ сверка дашбордов.Test(Факторный анализ сверка дашбордов:607)
	at Факторный анализ сверка дашбордов.run(Факторный анализ сверка дашбордов:44)
	at com.kms.katalon.core.main.ScriptEngine.run(ScriptEngine.java:194)
	at com.kms.katalon.core.main.ScriptEngine.runScriptAsRawText(ScriptEngine.java:119)
	at com.kms.katalon.core.main.TestCaseExecutor.runScript(TestCaseExecutor.java:448)
	at com.kms.katalon.core.main.TestCaseExecutor.doExecute(TestCaseExecutor.java:439)
	at com.kms.katalon.core.main.TestCaseExecutor.processExecutionPhase(TestCaseExecutor.java:418)
	at com.kms.katalon.core.main.TestCaseExecutor.accessMainPhase(TestCaseExecutor.java:410)
	at com.kms.katalon.core.main.TestCaseExecutor.execute(TestCaseExecutor.java:285)
	at com.kms.katalon.core.common.CommonExecutor.accessTestCaseMainPhase(CommonExecutor.java:65)
	at com.kms.katalon.core.main.TestSuiteExecutor.accessTestSuiteMainPhase(TestSuiteExecutor.java:150)
	at com.kms.katalon.core.main.TestSuiteExecutor.execute(TestSuiteExecutor.java:106)
	at com.kms.katalon.core.main.TestCaseMain.startTestSuite(TestCaseMain.java:180)
	at TempTestSuite1729050801829.run(TempTestSuite1729050801829.groovy:35)
	at java.base/jdk.internal.reflect.NativeMethodAccessorImpl.invoke0(Native Method)
	at java.base/jdk.internal.reflect.NativeMethodAccessorImpl.invoke(NativeMethodAccessorImpl.java:77)
	at java.base/jdk.internal.reflect.DelegatingMethodAccessorImpl.invoke(DelegatingMethodAccessorImpl.java:43)
)

16-10-2024T08:37:42 - [MESSAGE][FAILED] - Unable to verify equal between actual object '2 499 90 9 857  143 5 956 72  11 562  941  11 875  402  4 296  198 3 667 116' and expected object '152 90 561  143 249 72  379  941  397  402  206  198 92 116' (Root cause: com.kms.katalon.core.exception.StepFailedException: Actual object '2 499 90 9 857  143 5 956 72  11 562  941  11 875  402  4 296  198 3 667 116' and expected object '152 90 561  143 249 72  379  941  397  402  206  198 92 116' are not equal
	at com.kms.katalon.core.keyword.builtin.VerifyEqualKeyword$_verifyEqual_closure1.doCall(VerifyEqualKeyword.groovy:58)
	at com.kms.katalon.core.keyword.builtin.VerifyEqualKeyword$_verifyEqual_closure1.call(VerifyEqualKeyword.groovy)
	at com.kms.katalon.core.keyword.internal.KeywordMain.runKeyword(KeywordMain.groovy:75)
	at com.kms.katalon.core.keyword.builtin.VerifyEqualKeyword.verifyEqual(VerifyEqualKeyword.groovy:63)
	at com.kms.katalon.core.keyword.builtin.VerifyEqualKeyword.execute(VerifyEqualKeyword.groovy:44)
	at com.kms.katalon.core.keyword.internal.KeywordExecutor.executeKeywordForPlatform(KeywordExecutor.groovy:74)
	at com.kms.katalon.core.keyword.BuiltinKeywords.verifyEqual(BuiltinKeywords.groovy:146)
	at jdk.internal.reflect.GeneratedMethodAccessor25.invoke(Unknown Source)
	at java.base/jdk.internal.reflect.DelegatingMethodAccessorImpl.invoke(DelegatingMethodAccessorImpl.java:43)
	at Факторный анализ сверка дашбордов.CompareDZO(Факторный анализ сверка дашбордов:689)
	at Факторный анализ сверка дашбордов.Test(Факторный анализ сверка дашбордов:607)
	at Факторный анализ сверка дашбордов.run(Факторный анализ сверка дашбордов:44)
	at com.kms.katalon.core.main.ScriptEngine.run(ScriptEngine.java:194)
	at com.kms.katalon.core.main.ScriptEngine.runScriptAsRawText(ScriptEngine.java:119)
	at com.kms.katalon.core.main.TestCaseExecutor.runScript(TestCaseExecutor.java:448)
	at com.kms.katalon.core.main.TestCaseExecutor.doExecute(TestCaseExecutor.java:439)
	at com.kms.katalon.core.main.TestCaseExecutor.processExecutionPhase(TestCaseExecutor.java:418)
	at com.kms.katalon.core.main.TestCaseExecutor.accessMainPhase(TestCaseExecutor.java:410)
	at com.kms.katalon.core.main.TestCaseExecutor.execute(TestCaseExecutor.java:285)
	at com.kms.katalon.core.common.CommonExecutor.accessTestCaseMainPhase(CommonExecutor.java:65)
	at com.kms.katalon.core.main.TestSuiteExecutor.accessTestSuiteMainPhase(TestSuiteExecutor.java:150)
	at com.kms.katalon.core.main.TestSuiteExecutor.execute(TestSuiteExecutor.java:106)
	at com.kms.katalon.core.main.TestCaseMain.startTestSuite(TestCaseMain.java:180)
	at TempTestSuite1729050801829.run(TempTestSuite1729050801829.groovy:35)
	at java.base/jdk.internal.reflect.NativeMethodAccessorImpl.invoke0(Native Method)
	at java.base/jdk.internal.reflect.NativeMethodAccessorImpl.invoke(NativeMethodAccessorImpl.java:77)
	at java.base/jdk.internal.reflect.DelegatingMethodAccessorImpl.invoke(DelegatingMethodAccessorImpl.java:43)
)

16-10-2024T08:37:42 - [TEST_STEP][PASSED] - else: null

16-10-2024T08:37:42 - [TEST_STEP][PASSED] - otobrajeniyeDannyh = "Все": null

16-10-2024T08:37:42 - [TEST_STEP][PASSED] - vidget = "Всего отклонения по факторам": null

16-10-2024T08:37:42 - [TEST_STEP][PASSED] - Script1719551244403.WriteToExcel(todaysDate, typeOfData, otobrajeniyeDannyh, x, y, vidget, DZO): null

16-10-2024T08:37:42 - [TEST_STEP][PASSED] - sheetName = "Sheet1": null

16-10-2024T08:37:42 - [TEST_STEP][PASSED] - data = findTestData("PlanFact"): null

16-10-2024T08:37:42 - [TEST_STEP][PASSED] - n = data.getRowNumbers() + 1: null

16-10-2024T08:37:42 - [TEST_STEP][PASSED] - period = getText(findTestObject("Факторный анализ/Фильтр Период")): Text of object 'Object Repository/Факторный анализ/Фильтр Период' is: 'Июль, Август и 1, 2 кв. 2024 года'

16-10-2024T08:37:42 - [MESSAGE][PASSED] - Text of object 'Object Repository/Факторный анализ/Фильтр Период' is: 'Июль, Август и 1, 2 кв. 2024 года'

16-10-2024T08:37:42 - [TEST_STEP][PASSED] - println(period): null

16-10-2024T08:37:42 - [TEST_STEP][PASSED] - dashboardName = "Факторный анализ": null

16-10-2024T08:37:42 - [TEST_STEP][PASSED] - workbook01 = getWorkbook(excelFilePath): null

16-10-2024T08:37:42 - [TEST_STEP][PASSED] - sheet01 = getExcelSheet(workbook01, sheetName): null

16-10-2024T08:37:42 - [TEST_STEP][PASSED] - setValueToCellByIndex(sheet01, n, 0, dashboardName): null

16-10-2024T08:37:42 - [TEST_STEP][PASSED] - setValueToCellByIndex(sheet01, n, 1, DZO): null

16-10-2024T08:37:42 - [TEST_STEP][PASSED] - setValueToCellByIndex(sheet01, n, 2, vidget): null

16-10-2024T08:37:42 - [TEST_STEP][PASSED] - setValueToCellByIndex(sheet01, n, 3, typeOfData): null

16-10-2024T08:37:42 - [TEST_STEP][PASSED] - setValueToCellByIndex(sheet01, n, 4, otobrajeniyeDannyh): null

16-10-2024T08:37:42 - [TEST_STEP][PASSED] - setValueToCellByIndex(sheet01, n, 5, period): null

16-10-2024T08:37:42 - [TEST_STEP][PASSED] - setValueToCellByIndex(sheet01, n, 6, todaysDate): null

16-10-2024T08:37:42 - [TEST_STEP][PASSED] - n = n + 1: null

16-10-2024T08:37:42 - [TEST_STEP][PASSED] - saveWorkbook(excelFilePath, workbook01): null

16-10-2024T08:37:42 - [TEST_STEP][PASSED] - DZO = "Россети Кубань": null

16-10-2024T08:37:42 - [TEST_STEP][PASSED] - Script1719551244403.CompareDZO(x = KuA, y = KuB, run, typeOfData, otobrajeniyeDannyh, todaysDate, vidget, DZO): null

16-10-2024T08:37:42 - [TEST_STEP][PASSED] - x1 = x: null

16-10-2024T08:37:42 - [TEST_STEP][PASSED] - y1 = y: null

16-10-2024T08:37:42 - [TEST_STEP][PASSED] - i1 = <not implemented yet for class: org.codehaus.groovy.ast.expr.EmptyExpression>: null

16-10-2024T08:37:42 - [TEST_STEP][FAILED] - if (verifyEqual(x, y) == true): Unable to verify equal between actual object '47 196 83' and expected object '2 916 83' (Root cause: com.kms.katalon.core.exception.StepFailedException: Actual object '47 196 83' and expected object '2 916 83' are not equal
	at com.kms.katalon.core.keyword.builtin.VerifyEqualKeyword$_verifyEqual_closure1.doCall(VerifyEqualKeyword.groovy:58)
	at com.kms.katalon.core.keyword.builtin.VerifyEqualKeyword$_verifyEqual_closure1.call(VerifyEqualKeyword.groovy)
	at com.kms.katalon.core.keyword.internal.KeywordMain.runKeyword(KeywordMain.groovy:75)
	at com.kms.katalon.core.keyword.builtin.VerifyEqualKeyword.verifyEqual(VerifyEqualKeyword.groovy:63)
	at com.kms.katalon.core.keyword.builtin.VerifyEqualKeyword.execute(VerifyEqualKeyword.groovy:44)
	at com.kms.katalon.core.keyword.internal.KeywordExecutor.executeKeywordForPlatform(KeywordExecutor.groovy:74)
	at com.kms.katalon.core.keyword.BuiltinKeywords.verifyEqual(BuiltinKeywords.groovy:146)
	at jdk.internal.reflect.GeneratedMethodAccessor25.invoke(Unknown Source)
	at java.base/jdk.internal.reflect.DelegatingMethodAccessorImpl.invoke(DelegatingMethodAccessorImpl.java:43)
	at Факторный анализ сверка дашбордов.CompareDZO(Факторный анализ сверка дашбордов:689)
	at Факторный анализ сверка дашбордов.Test(Факторный анализ сверка дашбордов:611)
	at Факторный анализ сверка дашбордов.run(Факторный анализ сверка дашбордов:44)
	at com.kms.katalon.core.main.ScriptEngine.run(ScriptEngine.java:194)
	at com.kms.katalon.core.main.ScriptEngine.runScriptAsRawText(ScriptEngine.java:119)
	at com.kms.katalon.core.main.TestCaseExecutor.runScript(TestCaseExecutor.java:448)
	at com.kms.katalon.core.main.TestCaseExecutor.doExecute(TestCaseExecutor.java:439)
	at com.kms.katalon.core.main.TestCaseExecutor.processExecutionPhase(TestCaseExecutor.java:418)
	at com.kms.katalon.core.main.TestCaseExecutor.accessMainPhase(TestCaseExecutor.java:410)
	at com.kms.katalon.core.main.TestCaseExecutor.execute(TestCaseExecutor.java:285)
	at com.kms.katalon.core.common.CommonExecutor.accessTestCaseMainPhase(CommonExecutor.java:65)
	at com.kms.katalon.core.main.TestSuiteExecutor.accessTestSuiteMainPhase(TestSuiteExecutor.java:150)
	at com.kms.katalon.core.main.TestSuiteExecutor.execute(TestSuiteExecutor.java:106)
	at com.kms.katalon.core.main.TestCaseMain.startTestSuite(TestCaseMain.java:180)
	at TempTestSuite1729050801829.run(TempTestSuite1729050801829.groovy:35)
	at java.base/jdk.internal.reflect.NativeMethodAccessorImpl.invoke0(Native Method)
	at java.base/jdk.internal.reflect.NativeMethodAccessorImpl.invoke(NativeMethodAccessorImpl.java:77)
	at java.base/jdk.internal.reflect.DelegatingMethodAccessorImpl.invoke(DelegatingMethodAccessorImpl.java:43)
)

16-10-2024T08:37:42 - [MESSAGE][FAILED] - Unable to verify equal between actual object '47 196 83' and expected object '2 916 83' (Root cause: com.kms.katalon.core.exception.StepFailedException: Actual object '47 196 83' and expected object '2 916 83' are not equal
	at com.kms.katalon.core.keyword.builtin.VerifyEqualKeyword$_verifyEqual_closure1.doCall(VerifyEqualKeyword.groovy:58)
	at com.kms.katalon.core.keyword.builtin.VerifyEqualKeyword$_verifyEqual_closure1.call(VerifyEqualKeyword.groovy)
	at com.kms.katalon.core.keyword.internal.KeywordMain.runKeyword(KeywordMain.groovy:75)
	at com.kms.katalon.core.keyword.builtin.VerifyEqualKeyword.verifyEqual(VerifyEqualKeyword.groovy:63)
	at com.kms.katalon.core.keyword.builtin.VerifyEqualKeyword.execute(VerifyEqualKeyword.groovy:44)
	at com.kms.katalon.core.keyword.internal.KeywordExecutor.executeKeywordForPlatform(KeywordExecutor.groovy:74)
	at com.kms.katalon.core.keyword.BuiltinKeywords.verifyEqual(BuiltinKeywords.groovy:146)
	at jdk.internal.reflect.GeneratedMethodAccessor25.invoke(Unknown Source)
	at java.base/jdk.internal.reflect.DelegatingMethodAccessorImpl.invoke(DelegatingMethodAccessorImpl.java:43)
	at Факторный анализ сверка дашбордов.CompareDZO(Факторный анализ сверка дашбордов:689)
	at Факторный анализ сверка дашбордов.Test(Факторный анализ сверка дашбордов:611)
	at Факторный анализ сверка дашбордов.run(Факторный анализ сверка дашбордов:44)
	at com.kms.katalon.core.main.ScriptEngine.run(ScriptEngine.java:194)
	at com.kms.katalon.core.main.ScriptEngine.runScriptAsRawText(ScriptEngine.java:119)
	at com.kms.katalon.core.main.TestCaseExecutor.runScript(TestCaseExecutor.java:448)
	at com.kms.katalon.core.main.TestCaseExecutor.doExecute(TestCaseExecutor.java:439)
	at com.kms.katalon.core.main.TestCaseExecutor.processExecutionPhase(TestCaseExecutor.java:418)
	at com.kms.katalon.core.main.TestCaseExecutor.accessMainPhase(TestCaseExecutor.java:410)
	at com.kms.katalon.core.main.TestCaseExecutor.execute(TestCaseExecutor.java:285)
	at com.kms.katalon.core.common.CommonExecutor.accessTestCaseMainPhase(CommonExecutor.java:65)
	at com.kms.katalon.core.main.TestSuiteExecutor.accessTestSuiteMainPhase(TestSuiteExecutor.java:150)
	at com.kms.katalon.core.main.TestSuiteExecutor.execute(TestSuiteExecutor.java:106)
	at com.kms.katalon.core.main.TestCaseMain.startTestSuite(TestCaseMain.java:180)
	at TempTestSuite1729050801829.run(TempTestSuite1729050801829.groovy:35)
	at java.base/jdk.internal.reflect.NativeMethodAccessorImpl.invoke0(Native Method)
	at java.base/jdk.internal.reflect.NativeMethodAccessorImpl.invoke(NativeMethodAccessorImpl.java:77)
	at java.base/jdk.internal.reflect.DelegatingMethodAccessorImpl.invoke(DelegatingMethodAccessorImpl.java:43)
)

16-10-2024T08:37:42 - [TEST_STEP][PASSED] - else: null

16-10-2024T08:37:42 - [TEST_STEP][PASSED] - otobrajeniyeDannyh = "Все": null

16-10-2024T08:37:42 - [TEST_STEP][PASSED] - vidget = "Всего отклонения по факторам": null

16-10-2024T08:37:42 - [TEST_STEP][PASSED] - Script1719551244403.WriteToExcel(todaysDate, typeOfData, otobrajeniyeDannyh, x, y, vidget, DZO): null

16-10-2024T08:37:42 - [TEST_STEP][PASSED] - sheetName = "Sheet1": null

16-10-2024T08:37:42 - [TEST_STEP][PASSED] - data = findTestData("PlanFact"): null

16-10-2024T08:37:42 - [TEST_STEP][PASSED] - n = data.getRowNumbers() + 1: null

16-10-2024T08:37:42 - [TEST_STEP][PASSED] - period = getText(findTestObject("Факторный анализ/Фильтр Период")): Text of object 'Object Repository/Факторный анализ/Фильтр Период' is: 'Июль, Август и 1, 2 кв. 2024 года'

16-10-2024T08:37:43 - [MESSAGE][PASSED] - Text of object 'Object Repository/Факторный анализ/Фильтр Период' is: 'Июль, Август и 1, 2 кв. 2024 года'

16-10-2024T08:37:43 - [TEST_STEP][PASSED] - println(period): null

16-10-2024T08:37:43 - [TEST_STEP][PASSED] - dashboardName = "Факторный анализ": null

16-10-2024T08:37:43 - [TEST_STEP][PASSED] - workbook01 = getWorkbook(excelFilePath): null

16-10-2024T08:37:43 - [TEST_STEP][PASSED] - sheet01 = getExcelSheet(workbook01, sheetName): null

16-10-2024T08:37:43 - [TEST_STEP][PASSED] - setValueToCellByIndex(sheet01, n, 0, dashboardName): null

16-10-2024T08:37:43 - [TEST_STEP][PASSED] - setValueToCellByIndex(sheet01, n, 1, DZO): null

16-10-2024T08:37:43 - [TEST_STEP][PASSED] - setValueToCellByIndex(sheet01, n, 2, vidget): null

16-10-2024T08:37:43 - [TEST_STEP][PASSED] - setValueToCellByIndex(sheet01, n, 3, typeOfData): null

16-10-2024T08:37:43 - [TEST_STEP][PASSED] - setValueToCellByIndex(sheet01, n, 4, otobrajeniyeDannyh): null

16-10-2024T08:37:43 - [TEST_STEP][PASSED] - setValueToCellByIndex(sheet01, n, 5, period): null

16-10-2024T08:37:43 - [TEST_STEP][PASSED] - setValueToCellByIndex(sheet01, n, 6, todaysDate): null

16-10-2024T08:37:43 - [TEST_STEP][PASSED] - n = n + 1: null

16-10-2024T08:37:43 - [TEST_STEP][PASSED] - saveWorkbook(excelFilePath, workbook01): null

16-10-2024T08:37:43 - [TEST_STEP][PASSED] - DZO = "Московский регион": null

16-10-2024T08:37:43 - [TEST_STEP][PASSED] - Script1719551244403.CompareDZO(x = MosA, y = MosB, run, typeOfData, otobrajeniyeDannyh, todaysDate, vidget, DZO): null

16-10-2024T08:37:43 - [TEST_STEP][PASSED] - x1 = x: null

16-10-2024T08:37:43 - [TEST_STEP][PASSED] - y1 = y: null

16-10-2024T08:37:43 - [TEST_STEP][PASSED] - i1 = <not implemented yet for class: org.codehaus.groovy.ast.expr.EmptyExpression>: null

16-10-2024T08:37:43 - [TEST_STEP][PASSED] - if (verifyEqual(x, y) == true): null

16-10-2024T08:37:43 - [MESSAGE][PASSED] - Actual object '4 586  413  2 708 39' and expected object '4 586  413  2 708 39' are equal

16-10-2024T08:37:43 - [TEST_STEP][PASSED] - DZO = "Россети Ленэнерго (ГК)": null

16-10-2024T08:37:43 - [TEST_STEP][PASSED] - Script1719551244403.CompareDZO(x = LenA, y = LenB, run, typeOfData, otobrajeniyeDannyh, todaysDate, vidget, DZO): null

16-10-2024T08:37:43 - [TEST_STEP][PASSED] - x1 = x: null

16-10-2024T08:37:43 - [TEST_STEP][PASSED] - y1 = y: null

16-10-2024T08:37:43 - [TEST_STEP][PASSED] - i1 = <not implemented yet for class: org.codehaus.groovy.ast.expr.EmptyExpression>: null

16-10-2024T08:37:43 - [TEST_STEP][FAILED] - if (verifyEqual(x, y) == true): Unable to verify equal between actual object '25 692 323  36 582  127' and expected object '1 497 323  1 973  127' (Root cause: com.kms.katalon.core.exception.StepFailedException: Actual object '25 692 323  36 582  127' and expected object '1 497 323  1 973  127' are not equal
	at com.kms.katalon.core.keyword.builtin.VerifyEqualKeyword$_verifyEqual_closure1.doCall(VerifyEqualKeyword.groovy:58)
	at com.kms.katalon.core.keyword.builtin.VerifyEqualKeyword$_verifyEqual_closure1.call(VerifyEqualKeyword.groovy)
	at com.kms.katalon.core.keyword.internal.KeywordMain.runKeyword(KeywordMain.groovy:75)
	at com.kms.katalon.core.keyword.builtin.VerifyEqualKeyword.verifyEqual(VerifyEqualKeyword.groovy:63)
	at com.kms.katalon.core.keyword.builtin.VerifyEqualKeyword.execute(VerifyEqualKeyword.groovy:44)
	at com.kms.katalon.core.keyword.internal.KeywordExecutor.executeKeywordForPlatform(KeywordExecutor.groovy:74)
	at com.kms.katalon.core.keyword.BuiltinKeywords.verifyEqual(BuiltinKeywords.groovy:146)
	at jdk.internal.reflect.GeneratedMethodAccessor25.invoke(Unknown Source)
	at java.base/jdk.internal.reflect.DelegatingMethodAccessorImpl.invoke(DelegatingMethodAccessorImpl.java:43)
	at Факторный анализ сверка дашбордов.CompareDZO(Факторный анализ сверка дашбордов:689)
	at Факторный анализ сверка дашбордов.Test(Факторный анализ сверка дашбордов:619)
	at Факторный анализ сверка дашбордов.run(Факторный анализ сверка дашбордов:44)
	at com.kms.katalon.core.main.ScriptEngine.run(ScriptEngine.java:194)
	at com.kms.katalon.core.main.ScriptEngine.runScriptAsRawText(ScriptEngine.java:119)
	at com.kms.katalon.core.main.TestCaseExecutor.runScript(TestCaseExecutor.java:448)
	at com.kms.katalon.core.main.TestCaseExecutor.doExecute(TestCaseExecutor.java:439)
	at com.kms.katalon.core.main.TestCaseExecutor.processExecutionPhase(TestCaseExecutor.java:418)
	at com.kms.katalon.core.main.TestCaseExecutor.accessMainPhase(TestCaseExecutor.java:410)
	at com.kms.katalon.core.main.TestCaseExecutor.execute(TestCaseExecutor.java:285)
	at com.kms.katalon.core.common.CommonExecutor.accessTestCaseMainPhase(CommonExecutor.java:65)
	at com.kms.katalon.core.main.TestSuiteExecutor.accessTestSuiteMainPhase(TestSuiteExecutor.java:150)
	at com.kms.katalon.core.main.TestSuiteExecutor.execute(TestSuiteExecutor.java:106)
	at com.kms.katalon.core.main.TestCaseMain.startTestSuite(TestCaseMain.java:180)
	at TempTestSuite1729050801829.run(TempTestSuite1729050801829.groovy:35)
	at java.base/jdk.internal.reflect.NativeMethodAccessorImpl.invoke0(Native Method)
	at java.base/jdk.internal.reflect.NativeMethodAccessorImpl.invoke(NativeMethodAccessorImpl.java:77)
	at java.base/jdk.internal.reflect.DelegatingMethodAccessorImpl.invoke(DelegatingMethodAccessorImpl.java:43)
)

16-10-2024T08:37:43 - [MESSAGE][FAILED] - Unable to verify equal between actual object '25 692 323  36 582  127' and expected object '1 497 323  1 973  127' (Root cause: com.kms.katalon.core.exception.StepFailedException: Actual object '25 692 323  36 582  127' and expected object '1 497 323  1 973  127' are not equal
	at com.kms.katalon.core.keyword.builtin.VerifyEqualKeyword$_verifyEqual_closure1.doCall(VerifyEqualKeyword.groovy:58)
	at com.kms.katalon.core.keyword.builtin.VerifyEqualKeyword$_verifyEqual_closure1.call(VerifyEqualKeyword.groovy)
	at com.kms.katalon.core.keyword.internal.KeywordMain.runKeyword(KeywordMain.groovy:75)
	at com.kms.katalon.core.keyword.builtin.VerifyEqualKeyword.verifyEqual(VerifyEqualKeyword.groovy:63)
	at com.kms.katalon.core.keyword.builtin.VerifyEqualKeyword.execute(VerifyEqualKeyword.groovy:44)
	at com.kms.katalon.core.keyword.internal.KeywordExecutor.executeKeywordForPlatform(KeywordExecutor.groovy:74)
	at com.kms.katalon.core.keyword.BuiltinKeywords.verifyEqual(BuiltinKeywords.groovy:146)
	at jdk.internal.reflect.GeneratedMethodAccessor25.invoke(Unknown Source)
	at java.base/jdk.internal.reflect.DelegatingMethodAccessorImpl.invoke(DelegatingMethodAccessorImpl.java:43)
	at Факторный анализ сверка дашбордов.CompareDZO(Факторный анализ сверка дашбордов:689)
	at Факторный анализ сверка дашбордов.Test(Факторный анализ сверка дашбордов:619)
	at Факторный анализ сверка дашбордов.run(Факторный анализ сверка дашбордов:44)
	at com.kms.katalon.core.main.ScriptEngine.run(ScriptEngine.java:194)
	at com.kms.katalon.core.main.ScriptEngine.runScriptAsRawText(ScriptEngine.java:119)
	at com.kms.katalon.core.main.TestCaseExecutor.runScript(TestCaseExecutor.java:448)
	at com.kms.katalon.core.main.TestCaseExecutor.doExecute(TestCaseExecutor.java:439)
	at com.kms.katalon.core.main.TestCaseExecutor.processExecutionPhase(TestCaseExecutor.java:418)
	at com.kms.katalon.core.main.TestCaseExecutor.accessMainPhase(TestCaseExecutor.java:410)
	at com.kms.katalon.core.main.TestCaseExecutor.execute(TestCaseExecutor.java:285)
	at com.kms.katalon.core.common.CommonExecutor.accessTestCaseMainPhase(CommonExecutor.java:65)
	at com.kms.katalon.core.main.TestSuiteExecutor.accessTestSuiteMainPhase(TestSuiteExecutor.java:150)
	at com.kms.katalon.core.main.TestSuiteExecutor.execute(TestSuiteExecutor.java:106)
	at com.kms.katalon.core.main.TestCaseMain.startTestSuite(TestCaseMain.java:180)
	at TempTestSuite1729050801829.run(TempTestSuite1729050801829.groovy:35)
	at java.base/jdk.internal.reflect.NativeMethodAccessorImpl.invoke0(Native Method)
	at java.base/jdk.internal.reflect.NativeMethodAccessorImpl.invoke(NativeMethodAccessorImpl.java:77)
	at java.base/jdk.internal.reflect.DelegatingMethodAccessorImpl.invoke(DelegatingMethodAccessorImpl.java:43)
)

16-10-2024T08:37:43 - [TEST_STEP][PASSED] - else: null

16-10-2024T08:37:43 - [TEST_STEP][PASSED] - otobrajeniyeDannyh = "Все": null

16-10-2024T08:37:43 - [TEST_STEP][PASSED] - vidget = "Всего отклонения по факторам": null

16-10-2024T08:37:43 - [TEST_STEP][PASSED] - Script1719551244403.WriteToExcel(todaysDate, typeOfData, otobrajeniyeDannyh, x, y, vidget, DZO): null

16-10-2024T08:37:43 - [TEST_STEP][PASSED] - sheetName = "Sheet1": null

16-10-2024T08:37:43 - [TEST_STEP][PASSED] - data = findTestData("PlanFact"): null

16-10-2024T08:37:43 - [TEST_STEP][PASSED] - n = data.getRowNumbers() + 1: null

16-10-2024T08:37:43 - [TEST_STEP][PASSED] - period = getText(findTestObject("Факторный анализ/Фильтр Период")): Text of object 'Object Repository/Факторный анализ/Фильтр Период' is: 'Июль, Август и 1, 2 кв. 2024 года'

16-10-2024T08:37:43 - [MESSAGE][PASSED] - Text of object 'Object Repository/Факторный анализ/Фильтр Период' is: 'Июль, Август и 1, 2 кв. 2024 года'

16-10-2024T08:37:43 - [TEST_STEP][PASSED] - println(period): null

16-10-2024T08:37:43 - [TEST_STEP][PASSED] - dashboardName = "Факторный анализ": null

16-10-2024T08:37:43 - [TEST_STEP][PASSED] - workbook01 = getWorkbook(excelFilePath): null

16-10-2024T08:37:43 - [TEST_STEP][PASSED] - sheet01 = getExcelSheet(workbook01, sheetName): null

16-10-2024T08:37:43 - [TEST_STEP][PASSED] - setValueToCellByIndex(sheet01, n, 0, dashboardName): null

16-10-2024T08:37:43 - [TEST_STEP][PASSED] - setValueToCellByIndex(sheet01, n, 1, DZO): null

16-10-2024T08:37:43 - [TEST_STEP][PASSED] - setValueToCellByIndex(sheet01, n, 2, vidget): null

16-10-2024T08:37:43 - [TEST_STEP][PASSED] - setValueToCellByIndex(sheet01, n, 3, typeOfData): null

16-10-2024T08:37:43 - [TEST_STEP][PASSED] - setValueToCellByIndex(sheet01, n, 4, otobrajeniyeDannyh): null

16-10-2024T08:37:43 - [TEST_STEP][PASSED] - setValueToCellByIndex(sheet01, n, 5, period): null

16-10-2024T08:37:43 - [TEST_STEP][PASSED] - setValueToCellByIndex(sheet01, n, 6, todaysDate): null

16-10-2024T08:37:43 - [TEST_STEP][PASSED] - n = n + 1: null

16-10-2024T08:37:43 - [TEST_STEP][PASSED] - saveWorkbook(excelFilePath, workbook01): null

16-10-2024T08:37:43 - [TEST_STEP][PASSED] - DZO = "Россети Северный Кавказ (ГК)": null

16-10-2024T08:37:43 - [TEST_STEP][PASSED] - Script1719551244403.CompareDZO(x = SKA, y = SKB, run, typeOfData, otobrajeniyeDannyh, todaysDate, vidget, DZO): null

16-10-2024T08:37:43 - [TEST_STEP][PASSED] - x1 = x: null

16-10-2024T08:37:43 - [TEST_STEP][PASSED] - y1 = y: null

16-10-2024T08:37:43 - [TEST_STEP][PASSED] - i1 = <not implemented yet for class: org.codehaus.groovy.ast.expr.EmptyExpression>: null

16-10-2024T08:37:43 - [TEST_STEP][FAILED] - if (verifyEqual(x, y) == true): Unable to verify equal between actual object '111 69 5 724 434 1 293 90 2 385 13 1 553 13 2 704 108 7 412  237' and expected object '0 0  452 434  171 90 180 13 90 13  292 108 274  237' (Root cause: com.kms.katalon.core.exception.StepFailedException: Actual object '111 69 5 724 434 1 293 90 2 385 13 1 553 13 2 704 108 7 412  237' and expected object '0 0  452 434  171 90 180 13 90 13  292 108 274  237' are not equal
	at com.kms.katalon.core.keyword.builtin.VerifyEqualKeyword$_verifyEqual_closure1.doCall(VerifyEqualKeyword.groovy:58)
	at com.kms.katalon.core.keyword.builtin.VerifyEqualKeyword$_verifyEqual_closure1.call(VerifyEqualKeyword.groovy)
	at com.kms.katalon.core.keyword.internal.KeywordMain.runKeyword(KeywordMain.groovy:75)
	at com.kms.katalon.core.keyword.builtin.VerifyEqualKeyword.verifyEqual(VerifyEqualKeyword.groovy:63)
	at com.kms.katalon.core.keyword.builtin.VerifyEqualKeyword.execute(VerifyEqualKeyword.groovy:44)
	at com.kms.katalon.core.keyword.internal.KeywordExecutor.executeKeywordForPlatform(KeywordExecutor.groovy:74)
	at com.kms.katalon.core.keyword.BuiltinKeywords.verifyEqual(BuiltinKeywords.groovy:146)
	at jdk.internal.reflect.GeneratedMethodAccessor25.invoke(Unknown Source)
	at java.base/jdk.internal.reflect.DelegatingMethodAccessorImpl.invoke(DelegatingMethodAccessorImpl.java:43)
	at Факторный анализ сверка дашбордов.CompareDZO(Факторный анализ сверка дашбордов:689)
	at Факторный анализ сверка дашбордов.Test(Факторный анализ сверка дашбордов:623)
	at Факторный анализ сверка дашбордов.run(Факторный анализ сверка дашбордов:44)
	at com.kms.katalon.core.main.ScriptEngine.run(ScriptEngine.java:194)
	at com.kms.katalon.core.main.ScriptEngine.runScriptAsRawText(ScriptEngine.java:119)
	at com.kms.katalon.core.main.TestCaseExecutor.runScript(TestCaseExecutor.java:448)
	at com.kms.katalon.core.main.TestCaseExecutor.doExecute(TestCaseExecutor.java:439)
	at com.kms.katalon.core.main.TestCaseExecutor.processExecutionPhase(TestCaseExecutor.java:418)
	at com.kms.katalon.core.main.TestCaseExecutor.accessMainPhase(TestCaseExecutor.java:410)
	at com.kms.katalon.core.main.TestCaseExecutor.execute(TestCaseExecutor.java:285)
	at com.kms.katalon.core.common.CommonExecutor.accessTestCaseMainPhase(CommonExecutor.java:65)
	at com.kms.katalon.core.main.TestSuiteExecutor.accessTestSuiteMainPhase(TestSuiteExecutor.java:150)
	at com.kms.katalon.core.main.TestSuiteExecutor.execute(TestSuiteExecutor.java:106)
	at com.kms.katalon.core.main.TestCaseMain.startTestSuite(TestCaseMain.java:180)
	at TempTestSuite1729050801829.run(TempTestSuite1729050801829.groovy:35)
	at java.base/jdk.internal.reflect.NativeMethodAccessorImpl.invoke0(Native Method)
	at java.base/jdk.internal.reflect.NativeMethodAccessorImpl.invoke(NativeMethodAccessorImpl.java:77)
	at java.base/jdk.internal.reflect.DelegatingMethodAccessorImpl.invoke(DelegatingMethodAccessorImpl.java:43)
)

16-10-2024T08:37:44 - [MESSAGE][FAILED] - Unable to verify equal between actual object '111 69 5 724 434 1 293 90 2 385 13 1 553 13 2 704 108 7 412  237' and expected object '0 0  452 434  171 90 180 13 90 13  292 108 274  237' (Root cause: com.kms.katalon.core.exception.StepFailedException: Actual object '111 69 5 724 434 1 293 90 2 385 13 1 553 13 2 704 108 7 412  237' and expected object '0 0  452 434  171 90 180 13 90 13  292 108 274  237' are not equal
	at com.kms.katalon.core.keyword.builtin.VerifyEqualKeyword$_verifyEqual_closure1.doCall(VerifyEqualKeyword.groovy:58)
	at com.kms.katalon.core.keyword.builtin.VerifyEqualKeyword$_verifyEqual_closure1.call(VerifyEqualKeyword.groovy)
	at com.kms.katalon.core.keyword.internal.KeywordMain.runKeyword(KeywordMain.groovy:75)
	at com.kms.katalon.core.keyword.builtin.VerifyEqualKeyword.verifyEqual(VerifyEqualKeyword.groovy:63)
	at com.kms.katalon.core.keyword.builtin.VerifyEqualKeyword.execute(VerifyEqualKeyword.groovy:44)
	at com.kms.katalon.core.keyword.internal.KeywordExecutor.executeKeywordForPlatform(KeywordExecutor.groovy:74)
	at com.kms.katalon.core.keyword.BuiltinKeywords.verifyEqual(BuiltinKeywords.groovy:146)
	at jdk.internal.reflect.GeneratedMethodAccessor25.invoke(Unknown Source)
	at java.base/jdk.internal.reflect.DelegatingMethodAccessorImpl.invoke(DelegatingMethodAccessorImpl.java:43)
	at Факторный анализ сверка дашбордов.CompareDZO(Факторный анализ сверка дашбордов:689)
	at Факторный анализ сверка дашбордов.Test(Факторный анализ сверка дашбордов:623)
	at Факторный анализ сверка дашбордов.run(Факторный анализ сверка дашбордов:44)
	at com.kms.katalon.core.main.ScriptEngine.run(ScriptEngine.java:194)
	at com.kms.katalon.core.main.ScriptEngine.runScriptAsRawText(ScriptEngine.java:119)
	at com.kms.katalon.core.main.TestCaseExecutor.runScript(TestCaseExecutor.java:448)
	at com.kms.katalon.core.main.TestCaseExecutor.doExecute(TestCaseExecutor.java:439)
	at com.kms.katalon.core.main.TestCaseExecutor.processExecutionPhase(TestCaseExecutor.java:418)
	at com.kms.katalon.core.main.TestCaseExecutor.accessMainPhase(TestCaseExecutor.java:410)
	at com.kms.katalon.core.main.TestCaseExecutor.execute(TestCaseExecutor.java:285)
	at com.kms.katalon.core.common.CommonExecutor.accessTestCaseMainPhase(CommonExecutor.java:65)
	at com.kms.katalon.core.main.TestSuiteExecutor.accessTestSuiteMainPhase(TestSuiteExecutor.java:150)
	at com.kms.katalon.core.main.TestSuiteExecutor.execute(TestSuiteExecutor.java:106)
	at com.kms.katalon.core.main.TestCaseMain.startTestSuite(TestCaseMain.java:180)
	at TempTestSuite1729050801829.run(TempTestSuite1729050801829.groovy:35)
	at java.base/jdk.internal.reflect.NativeMethodAccessorImpl.invoke0(Native Method)
	at java.base/jdk.internal.reflect.NativeMethodAccessorImpl.invoke(NativeMethodAccessorImpl.java:77)
	at java.base/jdk.internal.reflect.DelegatingMethodAccessorImpl.invoke(DelegatingMethodAccessorImpl.java:43)
)

16-10-2024T08:37:44 - [TEST_STEP][PASSED] - else: null

16-10-2024T08:37:44 - [TEST_STEP][PASSED] - otobrajeniyeDannyh = "Все": null

16-10-2024T08:37:44 - [TEST_STEP][PASSED] - vidget = "Всего отклонения по факторам": null

16-10-2024T08:37:44 - [TEST_STEP][PASSED] - Script1719551244403.WriteToExcel(todaysDate, typeOfData, otobrajeniyeDannyh, x, y, vidget, DZO): null

16-10-2024T08:37:44 - [TEST_STEP][PASSED] - sheetName = "Sheet1": null

16-10-2024T08:37:44 - [TEST_STEP][PASSED] - data = findTestData("PlanFact"): null

16-10-2024T08:37:44 - [TEST_STEP][PASSED] - n = data.getRowNumbers() + 1: null

16-10-2024T08:37:44 - [TEST_STEP][PASSED] - period = getText(findTestObject("Факторный анализ/Фильтр Период")): Text of object 'Object Repository/Факторный анализ/Фильтр Период' is: 'Июль, Август и 1, 2 кв. 2024 года'

16-10-2024T08:37:44 - [MESSAGE][PASSED] - Text of object 'Object Repository/Факторный анализ/Фильтр Период' is: 'Июль, Август и 1, 2 кв. 2024 года'

16-10-2024T08:37:44 - [TEST_STEP][PASSED] - println(period): null

16-10-2024T08:37:44 - [TEST_STEP][PASSED] - dashboardName = "Факторный анализ": null

16-10-2024T08:37:44 - [TEST_STEP][PASSED] - workbook01 = getWorkbook(excelFilePath): null

16-10-2024T08:37:44 - [TEST_STEP][PASSED] - sheet01 = getExcelSheet(workbook01, sheetName): null

16-10-2024T08:37:44 - [TEST_STEP][PASSED] - setValueToCellByIndex(sheet01, n, 0, dashboardName): null

16-10-2024T08:37:44 - [TEST_STEP][PASSED] - setValueToCellByIndex(sheet01, n, 1, DZO): null

16-10-2024T08:37:44 - [TEST_STEP][PASSED] - setValueToCellByIndex(sheet01, n, 2, vidget): null

16-10-2024T08:37:44 - [TEST_STEP][PASSED] - setValueToCellByIndex(sheet01, n, 3, typeOfData): null

16-10-2024T08:37:44 - [TEST_STEP][PASSED] - setValueToCellByIndex(sheet01, n, 4, otobrajeniyeDannyh): null

16-10-2024T08:37:44 - [TEST_STEP][PASSED] - setValueToCellByIndex(sheet01, n, 5, period): null

16-10-2024T08:37:44 - [TEST_STEP][PASSED] - setValueToCellByIndex(sheet01, n, 6, todaysDate): null

16-10-2024T08:37:44 - [TEST_STEP][PASSED] - n = n + 1: null

16-10-2024T08:37:44 - [TEST_STEP][PASSED] - saveWorkbook(excelFilePath, workbook01): null

16-10-2024T08:37:44 - [TEST_STEP][PASSED] - DZO = "Россети Северо-Запад": null

16-10-2024T08:37:44 - [TEST_STEP][PASSED] - Script1719551244403.CompareDZO(x = SZA, y = SZB, run, typeOfData, otobrajeniyeDannyh, todaysDate, vidget, DZO): null

16-10-2024T08:37:44 - [TEST_STEP][PASSED] - x1 = x: null

16-10-2024T08:37:44 - [TEST_STEP][PASSED] - y1 = y: null

16-10-2024T08:37:44 - [TEST_STEP][PASSED] - i1 = <not implemented yet for class: org.codehaus.groovy.ast.expr.EmptyExpression>: null

16-10-2024T08:37:44 - [TEST_STEP][FAILED] - if (verifyEqual(x, y) == true): Unable to verify equal between actual object '7 412  237    103 77  233 6  32 154  106 77  212 42  162 22    49 18' and expected object '274  237    103 77  233 6  32 154  106 77  212 42  162 22    49 18' (Root cause: com.kms.katalon.core.exception.StepFailedException: Actual object '7 412  237    103 77  233 6  32 154  106 77  212 42  162 22    49 18' and expected object '274  237    103 77  233 6  32 154  106 77  212 42  162 22    49 18' are not equal
	at com.kms.katalon.core.keyword.builtin.VerifyEqualKeyword$_verifyEqual_closure1.doCall(VerifyEqualKeyword.groovy:58)
	at com.kms.katalon.core.keyword.builtin.VerifyEqualKeyword$_verifyEqual_closure1.call(VerifyEqualKeyword.groovy)
	at com.kms.katalon.core.keyword.internal.KeywordMain.runKeyword(KeywordMain.groovy:75)
	at com.kms.katalon.core.keyword.builtin.VerifyEqualKeyword.verifyEqual(VerifyEqualKeyword.groovy:63)
	at com.kms.katalon.core.keyword.builtin.VerifyEqualKeyword.execute(VerifyEqualKeyword.groovy:44)
	at com.kms.katalon.core.keyword.internal.KeywordExecutor.executeKeywordForPlatform(KeywordExecutor.groovy:74)
	at com.kms.katalon.core.keyword.BuiltinKeywords.verifyEqual(BuiltinKeywords.groovy:146)
	at jdk.internal.reflect.GeneratedMethodAccessor25.invoke(Unknown Source)
	at java.base/jdk.internal.reflect.DelegatingMethodAccessorImpl.invoke(DelegatingMethodAccessorImpl.java:43)
	at Факторный анализ сверка дашбордов.CompareDZO(Факторный анализ сверка дашбордов:689)
	at Факторный анализ сверка дашбордов.Test(Факторный анализ сверка дашбордов:627)
	at Факторный анализ сверка дашбордов.run(Факторный анализ сверка дашбордов:44)
	at com.kms.katalon.core.main.ScriptEngine.run(ScriptEngine.java:194)
	at com.kms.katalon.core.main.ScriptEngine.runScriptAsRawText(ScriptEngine.java:119)
	at com.kms.katalon.core.main.TestCaseExecutor.runScript(TestCaseExecutor.java:448)
	at com.kms.katalon.core.main.TestCaseExecutor.doExecute(TestCaseExecutor.java:439)
	at com.kms.katalon.core.main.TestCaseExecutor.processExecutionPhase(TestCaseExecutor.java:418)
	at com.kms.katalon.core.main.TestCaseExecutor.accessMainPhase(TestCaseExecutor.java:410)
	at com.kms.katalon.core.main.TestCaseExecutor.execute(TestCaseExecutor.java:285)
	at com.kms.katalon.core.common.CommonExecutor.accessTestCaseMainPhase(CommonExecutor.java:65)
	at com.kms.katalon.core.main.TestSuiteExecutor.accessTestSuiteMainPhase(TestSuiteExecutor.java:150)
	at com.kms.katalon.core.main.TestSuiteExecutor.execute(TestSuiteExecutor.java:106)
	at com.kms.katalon.core.main.TestCaseMain.startTestSuite(TestCaseMain.java:180)
	at TempTestSuite1729050801829.run(TempTestSuite1729050801829.groovy:35)
	at java.base/jdk.internal.reflect.NativeMethodAccessorImpl.invoke0(Native Method)
	at java.base/jdk.internal.reflect.NativeMethodAccessorImpl.invoke(NativeMethodAccessorImpl.java:77)
	at java.base/jdk.internal.reflect.DelegatingMethodAccessorImpl.invoke(DelegatingMethodAccessorImpl.java:43)
)

16-10-2024T08:37:44 - [MESSAGE][FAILED] - Unable to verify equal between actual object '7 412  237    103 77  233 6  32 154  106 77  212 42  162 22    49 18' and expected object '274  237    103 77  233 6  32 154  106 77  212 42  162 22    49 18' (Root cause: com.kms.katalon.core.exception.StepFailedException: Actual object '7 412  237    103 77  233 6  32 154  106 77  212 42  162 22    49 18' and expected object '274  237    103 77  233 6  32 154  106 77  212 42  162 22    49 18' are not equal
	at com.kms.katalon.core.keyword.builtin.VerifyEqualKeyword$_verifyEqual_closure1.doCall(VerifyEqualKeyword.groovy:58)
	at com.kms.katalon.core.keyword.builtin.VerifyEqualKeyword$_verifyEqual_closure1.call(VerifyEqualKeyword.groovy)
	at com.kms.katalon.core.keyword.internal.KeywordMain.runKeyword(KeywordMain.groovy:75)
	at com.kms.katalon.core.keyword.builtin.VerifyEqualKeyword.verifyEqual(VerifyEqualKeyword.groovy:63)
	at com.kms.katalon.core.keyword.builtin.VerifyEqualKeyword.execute(VerifyEqualKeyword.groovy:44)
	at com.kms.katalon.core.keyword.internal.KeywordExecutor.executeKeywordForPlatform(KeywordExecutor.groovy:74)
	at com.kms.katalon.core.keyword.BuiltinKeywords.verifyEqual(BuiltinKeywords.groovy:146)
	at jdk.internal.reflect.GeneratedMethodAccessor25.invoke(Unknown Source)
	at java.base/jdk.internal.reflect.DelegatingMethodAccessorImpl.invoke(DelegatingMethodAccessorImpl.java:43)
	at Факторный анализ сверка дашбордов.CompareDZO(Факторный анализ сверка дашбордов:689)
	at Факторный анализ сверка дашбордов.Test(Факторный анализ сверка дашбордов:627)
	at Факторный анализ сверка дашбордов.run(Факторный анализ сверка дашбордов:44)
	at com.kms.katalon.core.main.ScriptEngine.run(ScriptEngine.java:194)
	at com.kms.katalon.core.main.ScriptEngine.runScriptAsRawText(ScriptEngine.java:119)
	at com.kms.katalon.core.main.TestCaseExecutor.runScript(TestCaseExecutor.java:448)
	at com.kms.katalon.core.main.TestCaseExecutor.doExecute(TestCaseExecutor.java:439)
	at com.kms.katalon.core.main.TestCaseExecutor.processExecutionPhase(TestCaseExecutor.java:418)
	at com.kms.katalon.core.main.TestCaseExecutor.accessMainPhase(TestCaseExecutor.java:410)
	at com.kms.katalon.core.main.TestCaseExecutor.execute(TestCaseExecutor.java:285)
	at com.kms.katalon.core.common.CommonExecutor.accessTestCaseMainPhase(CommonExecutor.java:65)
	at com.kms.katalon.core.main.TestSuiteExecutor.accessTestSuiteMainPhase(TestSuiteExecutor.java:150)
	at com.kms.katalon.core.main.TestSuiteExecutor.execute(TestSuiteExecutor.java:106)
	at com.kms.katalon.core.main.TestCaseMain.startTestSuite(TestCaseMain.java:180)
	at TempTestSuite1729050801829.run(TempTestSuite1729050801829.groovy:35)
	at java.base/jdk.internal.reflect.NativeMethodAccessorImpl.invoke0(Native Method)
	at java.base/jdk.internal.reflect.NativeMethodAccessorImpl.invoke(NativeMethodAccessorImpl.java:77)
	at java.base/jdk.internal.reflect.DelegatingMethodAccessorImpl.invoke(DelegatingMethodAccessorImpl.java:43)
)

16-10-2024T08:37:44 - [TEST_STEP][PASSED] - else: null

16-10-2024T08:37:44 - [TEST_STEP][PASSED] - otobrajeniyeDannyh = "Все": null

16-10-2024T08:37:44 - [TEST_STEP][PASSED] - vidget = "Всего отклонения по факторам": null

16-10-2024T08:37:44 - [TEST_STEP][PASSED] - Script1719551244403.WriteToExcel(todaysDate, typeOfData, otobrajeniyeDannyh, x, y, vidget, DZO): null

16-10-2024T08:37:44 - [TEST_STEP][PASSED] - sheetName = "Sheet1": null

16-10-2024T08:37:44 - [TEST_STEP][PASSED] - data = findTestData("PlanFact"): null

16-10-2024T08:37:44 - [TEST_STEP][PASSED] - n = data.getRowNumbers() + 1: null

16-10-2024T08:37:44 - [TEST_STEP][PASSED] - period = getText(findTestObject("Факторный анализ/Фильтр Период")): Text of object 'Object Repository/Факторный анализ/Фильтр Период' is: 'Июль, Август и 1, 2 кв. 2024 года'

16-10-2024T08:37:44 - [MESSAGE][PASSED] - Text of object 'Object Repository/Факторный анализ/Фильтр Период' is: 'Июль, Август и 1, 2 кв. 2024 года'

16-10-2024T08:37:44 - [TEST_STEP][PASSED] - println(period): null

16-10-2024T08:37:44 - [TEST_STEP][PASSED] - dashboardName = "Факторный анализ": null

16-10-2024T08:37:44 - [TEST_STEP][PASSED] - workbook01 = getWorkbook(excelFilePath): null

16-10-2024T08:37:44 - [TEST_STEP][PASSED] - sheet01 = getExcelSheet(workbook01, sheetName): null

16-10-2024T08:37:44 - [TEST_STEP][PASSED] - setValueToCellByIndex(sheet01, n, 0, dashboardName): null

16-10-2024T08:37:44 - [TEST_STEP][PASSED] - setValueToCellByIndex(sheet01, n, 1, DZO): null

16-10-2024T08:37:44 - [TEST_STEP][PASSED] - setValueToCellByIndex(sheet01, n, 2, vidget): null

16-10-2024T08:37:44 - [TEST_STEP][PASSED] - setValueToCellByIndex(sheet01, n, 3, typeOfData): null

16-10-2024T08:37:44 - [TEST_STEP][PASSED] - setValueToCellByIndex(sheet01, n, 4, otobrajeniyeDannyh): null

16-10-2024T08:37:44 - [TEST_STEP][PASSED] - setValueToCellByIndex(sheet01, n, 5, period): null

16-10-2024T08:37:44 - [TEST_STEP][PASSED] - setValueToCellByIndex(sheet01, n, 6, todaysDate): null

16-10-2024T08:37:44 - [TEST_STEP][PASSED] - n = n + 1: null

16-10-2024T08:37:44 - [TEST_STEP][PASSED] - saveWorkbook(excelFilePath, workbook01): null

16-10-2024T08:37:45 - [TEST_STEP][PASSED] - DZO = "Россети Сибирь (ГК)": null

16-10-2024T08:37:45 - [TEST_STEP][PASSED] - Script1719551244403.CompareDZO(x = SiA, y = SiB, run, typeOfData, otobrajeniyeDannyh, todaysDate, vidget, DZO): null

16-10-2024T08:37:45 - [TEST_STEP][PASSED] - x1 = x: null

16-10-2024T08:37:45 - [TEST_STEP][PASSED] - y1 = y: null

16-10-2024T08:37:45 - [TEST_STEP][PASSED] - i1 = <not implemented yet for class: org.codehaus.groovy.ast.expr.EmptyExpression>: null

16-10-2024T08:37:45 - [TEST_STEP][PASSED] - if (verifyEqual(x, y) == true): null

16-10-2024T08:37:45 - [MESSAGE][PASSED] - Actual object '49 18    227 241 86 266 99 14 955  272 298 222 92  140 281  319 27 88' and expected object '49 18    227 241 86 266 99 14 955  272 298 222 92  140 281  319 27 88' are equal

16-10-2024T08:37:45 - [TEST_STEP][PASSED] - DZO = "Россети Томск": null

16-10-2024T08:37:45 - [TEST_STEP][PASSED] - Script1719551244403.CompareDZO(x = ToA, y = ToB, run, typeOfData, otobrajeniyeDannyh, todaysDate, vidget, DZO): null

16-10-2024T08:37:45 - [TEST_STEP][PASSED] - x1 = x: null

16-10-2024T08:37:45 - [TEST_STEP][PASSED] - y1 = y: null

16-10-2024T08:37:45 - [TEST_STEP][PASSED] - i1 = <not implemented yet for class: org.codehaus.groovy.ast.expr.EmptyExpression>: null

16-10-2024T08:37:45 - [TEST_STEP][FAILED] - if (verifyEqual(x, y) == true): Unable to verify equal between actual object '27 88     5 817  105' and expected object '27 88     333  105' (Root cause: com.kms.katalon.core.exception.StepFailedException: Actual object '27 88     5 817  105' and expected object '27 88     333  105' are not equal
	at com.kms.katalon.core.keyword.builtin.VerifyEqualKeyword$_verifyEqual_closure1.doCall(VerifyEqualKeyword.groovy:58)
	at com.kms.katalon.core.keyword.builtin.VerifyEqualKeyword$_verifyEqual_closure1.call(VerifyEqualKeyword.groovy)
	at com.kms.katalon.core.keyword.internal.KeywordMain.runKeyword(KeywordMain.groovy:75)
	at com.kms.katalon.core.keyword.builtin.VerifyEqualKeyword.verifyEqual(VerifyEqualKeyword.groovy:63)
	at com.kms.katalon.core.keyword.builtin.VerifyEqualKeyword.execute(VerifyEqualKeyword.groovy:44)
	at com.kms.katalon.core.keyword.internal.KeywordExecutor.executeKeywordForPlatform(KeywordExecutor.groovy:74)
	at com.kms.katalon.core.keyword.BuiltinKeywords.verifyEqual(BuiltinKeywords.groovy:146)
	at jdk.internal.reflect.GeneratedMethodAccessor25.invoke(Unknown Source)
	at java.base/jdk.internal.reflect.DelegatingMethodAccessorImpl.invoke(DelegatingMethodAccessorImpl.java:43)
	at Факторный анализ сверка дашбордов.CompareDZO(Факторный анализ сверка дашбордов:689)
	at Факторный анализ сверка дашбордов.Test(Факторный анализ сверка дашбордов:635)
	at Факторный анализ сверка дашбордов.run(Факторный анализ сверка дашбордов:44)
	at com.kms.katalon.core.main.ScriptEngine.run(ScriptEngine.java:194)
	at com.kms.katalon.core.main.ScriptEngine.runScriptAsRawText(ScriptEngine.java:119)
	at com.kms.katalon.core.main.TestCaseExecutor.runScript(TestCaseExecutor.java:448)
	at com.kms.katalon.core.main.TestCaseExecutor.doExecute(TestCaseExecutor.java:439)
	at com.kms.katalon.core.main.TestCaseExecutor.processExecutionPhase(TestCaseExecutor.java:418)
	at com.kms.katalon.core.main.TestCaseExecutor.accessMainPhase(TestCaseExecutor.java:410)
	at com.kms.katalon.core.main.TestCaseExecutor.execute(TestCaseExecutor.java:285)
	at com.kms.katalon.core.common.CommonExecutor.accessTestCaseMainPhase(CommonExecutor.java:65)
	at com.kms.katalon.core.main.TestSuiteExecutor.accessTestSuiteMainPhase(TestSuiteExecutor.java:150)
	at com.kms.katalon.core.main.TestSuiteExecutor.execute(TestSuiteExecutor.java:106)
	at com.kms.katalon.core.main.TestCaseMain.startTestSuite(TestCaseMain.java:180)
	at TempTestSuite1729050801829.run(TempTestSuite1729050801829.groovy:35)
	at java.base/jdk.internal.reflect.NativeMethodAccessorImpl.invoke0(Native Method)
	at java.base/jdk.internal.reflect.NativeMethodAccessorImpl.invoke(NativeMethodAccessorImpl.java:77)
	at java.base/jdk.internal.reflect.DelegatingMethodAccessorImpl.invoke(DelegatingMethodAccessorImpl.java:43)
)

16-10-2024T08:37:45 - [MESSAGE][FAILED] - Unable to verify equal between actual object '27 88     5 817  105' and expected object '27 88     333  105' (Root cause: com.kms.katalon.core.exception.StepFailedException: Actual object '27 88     5 817  105' and expected object '27 88     333  105' are not equal
	at com.kms.katalon.core.keyword.builtin.VerifyEqualKeyword$_verifyEqual_closure1.doCall(VerifyEqualKeyword.groovy:58)
	at com.kms.katalon.core.keyword.builtin.VerifyEqualKeyword$_verifyEqual_closure1.call(VerifyEqualKeyword.groovy)
	at com.kms.katalon.core.keyword.internal.KeywordMain.runKeyword(KeywordMain.groovy:75)
	at com.kms.katalon.core.keyword.builtin.VerifyEqualKeyword.verifyEqual(VerifyEqualKeyword.groovy:63)
	at com.kms.katalon.core.keyword.builtin.VerifyEqualKeyword.execute(VerifyEqualKeyword.groovy:44)
	at com.kms.katalon.core.keyword.internal.KeywordExecutor.executeKeywordForPlatform(KeywordExecutor.groovy:74)
	at com.kms.katalon.core.keyword.BuiltinKeywords.verifyEqual(BuiltinKeywords.groovy:146)
	at jdk.internal.reflect.GeneratedMethodAccessor25.invoke(Unknown Source)
	at java.base/jdk.internal.reflect.DelegatingMethodAccessorImpl.invoke(DelegatingMethodAccessorImpl.java:43)
	at Факторный анализ сверка дашбордов.CompareDZO(Факторный анализ сверка дашбордов:689)
	at Факторный анализ сверка дашбордов.Test(Факторный анализ сверка дашбордов:635)
	at Факторный анализ сверка дашбордов.run(Факторный анализ сверка дашбордов:44)
	at com.kms.katalon.core.main.ScriptEngine.run(ScriptEngine.java:194)
	at com.kms.katalon.core.main.ScriptEngine.runScriptAsRawText(ScriptEngine.java:119)
	at com.kms.katalon.core.main.TestCaseExecutor.runScript(TestCaseExecutor.java:448)
	at com.kms.katalon.core.main.TestCaseExecutor.doExecute(TestCaseExecutor.java:439)
	at com.kms.katalon.core.main.TestCaseExecutor.processExecutionPhase(TestCaseExecutor.java:418)
	at com.kms.katalon.core.main.TestCaseExecutor.accessMainPhase(TestCaseExecutor.java:410)
	at com.kms.katalon.core.main.TestCaseExecutor.execute(TestCaseExecutor.java:285)
	at com.kms.katalon.core.common.CommonExecutor.accessTestCaseMainPhase(CommonExecutor.java:65)
	at com.kms.katalon.core.main.TestSuiteExecutor.accessTestSuiteMainPhase(TestSuiteExecutor.java:150)
	at com.kms.katalon.core.main.TestSuiteExecutor.execute(TestSuiteExecutor.java:106)
	at com.kms.katalon.core.main.TestCaseMain.startTestSuite(TestCaseMain.java:180)
	at TempTestSuite1729050801829.run(TempTestSuite1729050801829.groovy:35)
	at java.base/jdk.internal.reflect.NativeMethodAccessorImpl.invoke0(Native Method)
	at java.base/jdk.internal.reflect.NativeMethodAccessorImpl.invoke(NativeMethodAccessorImpl.java:77)
	at java.base/jdk.internal.reflect.DelegatingMethodAccessorImpl.invoke(DelegatingMethodAccessorImpl.java:43)
)

16-10-2024T08:37:45 - [TEST_STEP][PASSED] - else: null

16-10-2024T08:37:45 - [TEST_STEP][PASSED] - otobrajeniyeDannyh = "Все": null

16-10-2024T08:37:45 - [TEST_STEP][PASSED] - vidget = "Всего отклонения по факторам": null

16-10-2024T08:37:45 - [TEST_STEP][PASSED] - Script1719551244403.WriteToExcel(todaysDate, typeOfData, otobrajeniyeDannyh, x, y, vidget, DZO): null

16-10-2024T08:37:45 - [TEST_STEP][PASSED] - sheetName = "Sheet1": null

16-10-2024T08:37:45 - [TEST_STEP][PASSED] - data = findTestData("PlanFact"): null

16-10-2024T08:37:45 - [TEST_STEP][PASSED] - n = data.getRowNumbers() + 1: null

16-10-2024T08:37:45 - [TEST_STEP][PASSED] - period = getText(findTestObject("Факторный анализ/Фильтр Период")): Text of object 'Object Repository/Факторный анализ/Фильтр Период' is: 'Июль, Август и 1, 2 кв. 2024 года'

16-10-2024T08:37:45 - [MESSAGE][PASSED] - Text of object 'Object Repository/Факторный анализ/Фильтр Период' is: 'Июль, Август и 1, 2 кв. 2024 года'

16-10-2024T08:37:45 - [TEST_STEP][PASSED] - println(period): null

16-10-2024T08:37:45 - [TEST_STEP][PASSED] - dashboardName = "Факторный анализ": null

16-10-2024T08:37:45 - [TEST_STEP][PASSED] - workbook01 = getWorkbook(excelFilePath): null

16-10-2024T08:37:45 - [TEST_STEP][PASSED] - sheet01 = getExcelSheet(workbook01, sheetName): null

16-10-2024T08:37:45 - [TEST_STEP][PASSED] - setValueToCellByIndex(sheet01, n, 0, dashboardName): null

16-10-2024T08:37:45 - [TEST_STEP][PASSED] - setValueToCellByIndex(sheet01, n, 1, DZO): null

16-10-2024T08:37:45 - [TEST_STEP][PASSED] - setValueToCellByIndex(sheet01, n, 2, vidget): null

16-10-2024T08:37:45 - [TEST_STEP][PASSED] - setValueToCellByIndex(sheet01, n, 3, typeOfData): null

16-10-2024T08:37:45 - [TEST_STEP][PASSED] - setValueToCellByIndex(sheet01, n, 4, otobrajeniyeDannyh): null

16-10-2024T08:37:45 - [TEST_STEP][PASSED] - setValueToCellByIndex(sheet01, n, 5, period): null

16-10-2024T08:37:45 - [TEST_STEP][PASSED] - setValueToCellByIndex(sheet01, n, 6, todaysDate): null

16-10-2024T08:37:45 - [TEST_STEP][PASSED] - n = n + 1: null

16-10-2024T08:37:45 - [TEST_STEP][PASSED] - saveWorkbook(excelFilePath, workbook01): null

16-10-2024T08:37:45 - [TEST_STEP][PASSED] - DZO = "Россети Тюмень": null

16-10-2024T08:37:45 - [TEST_STEP][PASSED] - Script1719551244403.CompareDZO(x = TyuA, y = TyuB, run, typeOfData, otobrajeniyeDannyh, todaysDate, vidget, DZO): null

16-10-2024T08:37:45 - [TEST_STEP][PASSED] - x1 = x: null

16-10-2024T08:37:45 - [TEST_STEP][PASSED] - y1 = y: null

16-10-2024T08:37:45 - [TEST_STEP][PASSED] - i1 = <not implemented yet for class: org.codehaus.groovy.ast.expr.EmptyExpression>: null

16-10-2024T08:37:45 - [TEST_STEP][FAILED] - if (verifyEqual(x, y) == true): Unable to verify equal between actual object '5 817  105' and expected object '333  105' (Root cause: com.kms.katalon.core.exception.StepFailedException: Actual object '5 817  105' and expected object '333  105' are not equal
	at com.kms.katalon.core.keyword.builtin.VerifyEqualKeyword$_verifyEqual_closure1.doCall(VerifyEqualKeyword.groovy:58)
	at com.kms.katalon.core.keyword.builtin.VerifyEqualKeyword$_verifyEqual_closure1.call(VerifyEqualKeyword.groovy)
	at com.kms.katalon.core.keyword.internal.KeywordMain.runKeyword(KeywordMain.groovy:75)
	at com.kms.katalon.core.keyword.builtin.VerifyEqualKeyword.verifyEqual(VerifyEqualKeyword.groovy:63)
	at com.kms.katalon.core.keyword.builtin.VerifyEqualKeyword.execute(VerifyEqualKeyword.groovy:44)
	at com.kms.katalon.core.keyword.internal.KeywordExecutor.executeKeywordForPlatform(KeywordExecutor.groovy:74)
	at com.kms.katalon.core.keyword.BuiltinKeywords.verifyEqual(BuiltinKeywords.groovy:146)
	at jdk.internal.reflect.GeneratedMethodAccessor25.invoke(Unknown Source)
	at java.base/jdk.internal.reflect.DelegatingMethodAccessorImpl.invoke(DelegatingMethodAccessorImpl.java:43)
	at Факторный анализ сверка дашбордов.CompareDZO(Факторный анализ сверка дашбордов:689)
	at Факторный анализ сверка дашбордов.Test(Факторный анализ сверка дашбордов:639)
	at Факторный анализ сверка дашбордов.run(Факторный анализ сверка дашбордов:44)
	at com.kms.katalon.core.main.ScriptEngine.run(ScriptEngine.java:194)
	at com.kms.katalon.core.main.ScriptEngine.runScriptAsRawText(ScriptEngine.java:119)
	at com.kms.katalon.core.main.TestCaseExecutor.runScript(TestCaseExecutor.java:448)
	at com.kms.katalon.core.main.TestCaseExecutor.doExecute(TestCaseExecutor.java:439)
	at com.kms.katalon.core.main.TestCaseExecutor.processExecutionPhase(TestCaseExecutor.java:418)
	at com.kms.katalon.core.main.TestCaseExecutor.accessMainPhase(TestCaseExecutor.java:410)
	at com.kms.katalon.core.main.TestCaseExecutor.execute(TestCaseExecutor.java:285)
	at com.kms.katalon.core.common.CommonExecutor.accessTestCaseMainPhase(CommonExecutor.java:65)
	at com.kms.katalon.core.main.TestSuiteExecutor.accessTestSuiteMainPhase(TestSuiteExecutor.java:150)
	at com.kms.katalon.core.main.TestSuiteExecutor.execute(TestSuiteExecutor.java:106)
	at com.kms.katalon.core.main.TestCaseMain.startTestSuite(TestCaseMain.java:180)
	at TempTestSuite1729050801829.run(TempTestSuite1729050801829.groovy:35)
	at java.base/jdk.internal.reflect.NativeMethodAccessorImpl.invoke0(Native Method)
	at java.base/jdk.internal.reflect.NativeMethodAccessorImpl.invoke(NativeMethodAccessorImpl.java:77)
	at java.base/jdk.internal.reflect.DelegatingMethodAccessorImpl.invoke(DelegatingMethodAccessorImpl.java:43)
)

16-10-2024T08:37:45 - [MESSAGE][FAILED] - Unable to verify equal between actual object '5 817  105' and expected object '333  105' (Root cause: com.kms.katalon.core.exception.StepFailedException: Actual object '5 817  105' and expected object '333  105' are not equal
	at com.kms.katalon.core.keyword.builtin.VerifyEqualKeyword$_verifyEqual_closure1.doCall(VerifyEqualKeyword.groovy:58)
	at com.kms.katalon.core.keyword.builtin.VerifyEqualKeyword$_verifyEqual_closure1.call(VerifyEqualKeyword.groovy)
	at com.kms.katalon.core.keyword.internal.KeywordMain.runKeyword(KeywordMain.groovy:75)
	at com.kms.katalon.core.keyword.builtin.VerifyEqualKeyword.verifyEqual(VerifyEqualKeyword.groovy:63)
	at com.kms.katalon.core.keyword.builtin.VerifyEqualKeyword.execute(VerifyEqualKeyword.groovy:44)
	at com.kms.katalon.core.keyword.internal.KeywordExecutor.executeKeywordForPlatform(KeywordExecutor.groovy:74)
	at com.kms.katalon.core.keyword.BuiltinKeywords.verifyEqual(BuiltinKeywords.groovy:146)
	at jdk.internal.reflect.GeneratedMethodAccessor25.invoke(Unknown Source)
	at java.base/jdk.internal.reflect.DelegatingMethodAccessorImpl.invoke(DelegatingMethodAccessorImpl.java:43)
	at Факторный анализ сверка дашбордов.CompareDZO(Факторный анализ сверка дашбордов:689)
	at Факторный анализ сверка дашбордов.Test(Факторный анализ сверка дашбордов:639)
	at Факторный анализ сверка дашбордов.run(Факторный анализ сверка дашбордов:44)
	at com.kms.katalon.core.main.ScriptEngine.run(ScriptEngine.java:194)
	at com.kms.katalon.core.main.ScriptEngine.runScriptAsRawText(ScriptEngine.java:119)
	at com.kms.katalon.core.main.TestCaseExecutor.runScript(TestCaseExecutor.java:448)
	at com.kms.katalon.core.main.TestCaseExecutor.doExecute(TestCaseExecutor.java:439)
	at com.kms.katalon.core.main.TestCaseExecutor.processExecutionPhase(TestCaseExecutor.java:418)
	at com.kms.katalon.core.main.TestCaseExecutor.accessMainPhase(TestCaseExecutor.java:410)
	at com.kms.katalon.core.main.TestCaseExecutor.execute(TestCaseExecutor.java:285)
	at com.kms.katalon.core.common.CommonExecutor.accessTestCaseMainPhase(CommonExecutor.java:65)
	at com.kms.katalon.core.main.TestSuiteExecutor.accessTestSuiteMainPhase(TestSuiteExecutor.java:150)
	at com.kms.katalon.core.main.TestSuiteExecutor.execute(TestSuiteExecutor.java:106)
	at com.kms.katalon.core.main.TestCaseMain.startTestSuite(TestCaseMain.java:180)
	at TempTestSuite1729050801829.run(TempTestSuite1729050801829.groovy:35)
	at java.base/jdk.internal.reflect.NativeMethodAccessorImpl.invoke0(Native Method)
	at java.base/jdk.internal.reflect.NativeMethodAccessorImpl.invoke(NativeMethodAccessorImpl.java:77)
	at java.base/jdk.internal.reflect.DelegatingMethodAccessorImpl.invoke(DelegatingMethodAccessorImpl.java:43)
)

16-10-2024T08:37:45 - [TEST_STEP][PASSED] - else: null

16-10-2024T08:37:45 - [TEST_STEP][PASSED] - otobrajeniyeDannyh = "Все": null

16-10-2024T08:37:45 - [TEST_STEP][PASSED] - vidget = "Всего отклонения по факторам": null

16-10-2024T08:37:45 - [TEST_STEP][PASSED] - Script1719551244403.WriteToExcel(todaysDate, typeOfData, otobrajeniyeDannyh, x, y, vidget, DZO): null

16-10-2024T08:37:45 - [TEST_STEP][PASSED] - sheetName = "Sheet1": null

16-10-2024T08:37:45 - [TEST_STEP][PASSED] - data = findTestData("PlanFact"): null

16-10-2024T08:37:45 - [TEST_STEP][PASSED] - n = data.getRowNumbers() + 1: null

16-10-2024T08:37:45 - [TEST_STEP][PASSED] - period = getText(findTestObject("Факторный анализ/Фильтр Период")): Text of object 'Object Repository/Факторный анализ/Фильтр Период' is: 'Июль, Август и 1, 2 кв. 2024 года'

16-10-2024T08:37:46 - [MESSAGE][PASSED] - Text of object 'Object Repository/Факторный анализ/Фильтр Период' is: 'Июль, Август и 1, 2 кв. 2024 года'

16-10-2024T08:37:46 - [TEST_STEP][PASSED] - println(period): null

16-10-2024T08:37:46 - [TEST_STEP][PASSED] - dashboardName = "Факторный анализ": null

16-10-2024T08:37:46 - [TEST_STEP][PASSED] - workbook01 = getWorkbook(excelFilePath): null

16-10-2024T08:37:46 - [TEST_STEP][PASSED] - sheet01 = getExcelSheet(workbook01, sheetName): null

16-10-2024T08:37:46 - [TEST_STEP][PASSED] - setValueToCellByIndex(sheet01, n, 0, dashboardName): null

16-10-2024T08:37:46 - [TEST_STEP][PASSED] - setValueToCellByIndex(sheet01, n, 1, DZO): null

16-10-2024T08:37:46 - [TEST_STEP][PASSED] - setValueToCellByIndex(sheet01, n, 2, vidget): null

16-10-2024T08:37:46 - [TEST_STEP][PASSED] - setValueToCellByIndex(sheet01, n, 3, typeOfData): null

16-10-2024T08:37:46 - [TEST_STEP][PASSED] - setValueToCellByIndex(sheet01, n, 4, otobrajeniyeDannyh): null

16-10-2024T08:37:46 - [TEST_STEP][PASSED] - setValueToCellByIndex(sheet01, n, 5, period): null

16-10-2024T08:37:46 - [TEST_STEP][PASSED] - setValueToCellByIndex(sheet01, n, 6, todaysDate): null

16-10-2024T08:37:46 - [TEST_STEP][PASSED] - n = n + 1: null

16-10-2024T08:37:46 - [TEST_STEP][PASSED] - saveWorkbook(excelFilePath, workbook01): null

16-10-2024T08:37:46 - [TEST_STEP][PASSED] - DZO = "Россети Урал (ГК)": null

16-10-2024T08:37:46 - [TEST_STEP][PASSED] - Script1719551244403.CompareDZO(x = UrA, y = UrB, run, typeOfData, otobrajeniyeDannyh, todaysDate, vidget, DZO): null

16-10-2024T08:37:46 - [TEST_STEP][PASSED] - x1 = x: null

16-10-2024T08:37:46 - [TEST_STEP][PASSED] - y1 = y: null

16-10-2024T08:37:46 - [TEST_STEP][PASSED] - i1 = <not implemented yet for class: org.codehaus.groovy.ast.expr.EmptyExpression>: null

16-10-2024T08:37:46 - [TEST_STEP][FAILED] - if (verifyEqual(x, y) == true): Unable to verify equal between actual object '57 812  419    620  198 891 181 893  608' and expected object '3 033  419    620  198 891 181 893  608' (Root cause: com.kms.katalon.core.exception.StepFailedException: Actual object '57 812  419    620  198 891 181 893  608' and expected object '3 033  419    620  198 891 181 893  608' are not equal
	at com.kms.katalon.core.keyword.builtin.VerifyEqualKeyword$_verifyEqual_closure1.doCall(VerifyEqualKeyword.groovy:58)
	at com.kms.katalon.core.keyword.builtin.VerifyEqualKeyword$_verifyEqual_closure1.call(VerifyEqualKeyword.groovy)
	at com.kms.katalon.core.keyword.internal.KeywordMain.runKeyword(KeywordMain.groovy:75)
	at com.kms.katalon.core.keyword.builtin.VerifyEqualKeyword.verifyEqual(VerifyEqualKeyword.groovy:63)
	at com.kms.katalon.core.keyword.builtin.VerifyEqualKeyword.execute(VerifyEqualKeyword.groovy:44)
	at com.kms.katalon.core.keyword.internal.KeywordExecutor.executeKeywordForPlatform(KeywordExecutor.groovy:74)
	at com.kms.katalon.core.keyword.BuiltinKeywords.verifyEqual(BuiltinKeywords.groovy:146)
	at jdk.internal.reflect.GeneratedMethodAccessor25.invoke(Unknown Source)
	at java.base/jdk.internal.reflect.DelegatingMethodAccessorImpl.invoke(DelegatingMethodAccessorImpl.java:43)
	at Факторный анализ сверка дашбордов.CompareDZO(Факторный анализ сверка дашбордов:689)
	at Факторный анализ сверка дашбордов.Test(Факторный анализ сверка дашбордов:643)
	at Факторный анализ сверка дашбордов.run(Факторный анализ сверка дашбордов:44)
	at com.kms.katalon.core.main.ScriptEngine.run(ScriptEngine.java:194)
	at com.kms.katalon.core.main.ScriptEngine.runScriptAsRawText(ScriptEngine.java:119)
	at com.kms.katalon.core.main.TestCaseExecutor.runScript(TestCaseExecutor.java:448)
	at com.kms.katalon.core.main.TestCaseExecutor.doExecute(TestCaseExecutor.java:439)
	at com.kms.katalon.core.main.TestCaseExecutor.processExecutionPhase(TestCaseExecutor.java:418)
	at com.kms.katalon.core.main.TestCaseExecutor.accessMainPhase(TestCaseExecutor.java:410)
	at com.kms.katalon.core.main.TestCaseExecutor.execute(TestCaseExecutor.java:285)
	at com.kms.katalon.core.common.CommonExecutor.accessTestCaseMainPhase(CommonExecutor.java:65)
	at com.kms.katalon.core.main.TestSuiteExecutor.accessTestSuiteMainPhase(TestSuiteExecutor.java:150)
	at com.kms.katalon.core.main.TestSuiteExecutor.execute(TestSuiteExecutor.java:106)
	at com.kms.katalon.core.main.TestCaseMain.startTestSuite(TestCaseMain.java:180)
	at TempTestSuite1729050801829.run(TempTestSuite1729050801829.groovy:35)
	at java.base/jdk.internal.reflect.NativeMethodAccessorImpl.invoke0(Native Method)
	at java.base/jdk.internal.reflect.NativeMethodAccessorImpl.invoke(NativeMethodAccessorImpl.java:77)
	at java.base/jdk.internal.reflect.DelegatingMethodAccessorImpl.invoke(DelegatingMethodAccessorImpl.java:43)
)

16-10-2024T08:37:46 - [MESSAGE][FAILED] - Unable to verify equal between actual object '57 812  419    620  198 891 181 893  608' and expected object '3 033  419    620  198 891 181 893  608' (Root cause: com.kms.katalon.core.exception.StepFailedException: Actual object '57 812  419    620  198 891 181 893  608' and expected object '3 033  419    620  198 891 181 893  608' are not equal
	at com.kms.katalon.core.keyword.builtin.VerifyEqualKeyword$_verifyEqual_closure1.doCall(VerifyEqualKeyword.groovy:58)
	at com.kms.katalon.core.keyword.builtin.VerifyEqualKeyword$_verifyEqual_closure1.call(VerifyEqualKeyword.groovy)
	at com.kms.katalon.core.keyword.internal.KeywordMain.runKeyword(KeywordMain.groovy:75)
	at com.kms.katalon.core.keyword.builtin.VerifyEqualKeyword.verifyEqual(VerifyEqualKeyword.groovy:63)
	at com.kms.katalon.core.keyword.builtin.VerifyEqualKeyword.execute(VerifyEqualKeyword.groovy:44)
	at com.kms.katalon.core.keyword.internal.KeywordExecutor.executeKeywordForPlatform(KeywordExecutor.groovy:74)
	at com.kms.katalon.core.keyword.BuiltinKeywords.verifyEqual(BuiltinKeywords.groovy:146)
	at jdk.internal.reflect.GeneratedMethodAccessor25.invoke(Unknown Source)
	at java.base/jdk.internal.reflect.DelegatingMethodAccessorImpl.invoke(DelegatingMethodAccessorImpl.java:43)
	at Факторный анализ сверка дашбордов.CompareDZO(Факторный анализ сверка дашбордов:689)
	at Факторный анализ сверка дашбордов.Test(Факторный анализ сверка дашбордов:643)
	at Факторный анализ сверка дашбордов.run(Факторный анализ сверка дашбордов:44)
	at com.kms.katalon.core.main.ScriptEngine.run(ScriptEngine.java:194)
	at com.kms.katalon.core.main.ScriptEngine.runScriptAsRawText(ScriptEngine.java:119)
	at com.kms.katalon.core.main.TestCaseExecutor.runScript(TestCaseExecutor.java:448)
	at com.kms.katalon.core.main.TestCaseExecutor.doExecute(TestCaseExecutor.java:439)
	at com.kms.katalon.core.main.TestCaseExecutor.processExecutionPhase(TestCaseExecutor.java:418)
	at com.kms.katalon.core.main.TestCaseExecutor.accessMainPhase(TestCaseExecutor.java:410)
	at com.kms.katalon.core.main.TestCaseExecutor.execute(TestCaseExecutor.java:285)
	at com.kms.katalon.core.common.CommonExecutor.accessTestCaseMainPhase(CommonExecutor.java:65)
	at com.kms.katalon.core.main.TestSuiteExecutor.accessTestSuiteMainPhase(TestSuiteExecutor.java:150)
	at com.kms.katalon.core.main.TestSuiteExecutor.execute(TestSuiteExecutor.java:106)
	at com.kms.katalon.core.main.TestCaseMain.startTestSuite(TestCaseMain.java:180)
	at TempTestSuite1729050801829.run(TempTestSuite1729050801829.groovy:35)
	at java.base/jdk.internal.reflect.NativeMethodAccessorImpl.invoke0(Native Method)
	at java.base/jdk.internal.reflect.NativeMethodAccessorImpl.invoke(NativeMethodAccessorImpl.java:77)
	at java.base/jdk.internal.reflect.DelegatingMethodAccessorImpl.invoke(DelegatingMethodAccessorImpl.java:43)
)

16-10-2024T08:37:46 - [TEST_STEP][PASSED] - else: null

16-10-2024T08:37:46 - [TEST_STEP][PASSED] - otobrajeniyeDannyh = "Все": null

16-10-2024T08:37:46 - [TEST_STEP][PASSED] - vidget = "Всего отклонения по факторам": null

16-10-2024T08:37:46 - [TEST_STEP][PASSED] - Script1719551244403.WriteToExcel(todaysDate, typeOfData, otobrajeniyeDannyh, x, y, vidget, DZO): null

16-10-2024T08:37:46 - [TEST_STEP][PASSED] - sheetName = "Sheet1": null

16-10-2024T08:37:46 - [TEST_STEP][PASSED] - data = findTestData("PlanFact"): null

16-10-2024T08:37:46 - [TEST_STEP][PASSED] - n = data.getRowNumbers() + 1: null

16-10-2024T08:37:46 - [TEST_STEP][PASSED] - period = getText(findTestObject("Факторный анализ/Фильтр Период")): Text of object 'Object Repository/Факторный анализ/Фильтр Период' is: 'Июль, Август и 1, 2 кв. 2024 года'

16-10-2024T08:37:46 - [MESSAGE][PASSED] - Text of object 'Object Repository/Факторный анализ/Фильтр Период' is: 'Июль, Август и 1, 2 кв. 2024 года'

16-10-2024T08:37:46 - [TEST_STEP][PASSED] - println(period): null

16-10-2024T08:37:46 - [TEST_STEP][PASSED] - dashboardName = "Факторный анализ": null

16-10-2024T08:37:46 - [TEST_STEP][PASSED] - workbook01 = getWorkbook(excelFilePath): null

16-10-2024T08:37:46 - [TEST_STEP][PASSED] - sheet01 = getExcelSheet(workbook01, sheetName): null

16-10-2024T08:37:46 - [TEST_STEP][PASSED] - setValueToCellByIndex(sheet01, n, 0, dashboardName): null

16-10-2024T08:37:46 - [TEST_STEP][PASSED] - setValueToCellByIndex(sheet01, n, 1, DZO): null

16-10-2024T08:37:46 - [TEST_STEP][PASSED] - setValueToCellByIndex(sheet01, n, 2, vidget): null

16-10-2024T08:37:46 - [TEST_STEP][PASSED] - setValueToCellByIndex(sheet01, n, 3, typeOfData): null

16-10-2024T08:37:46 - [TEST_STEP][PASSED] - setValueToCellByIndex(sheet01, n, 4, otobrajeniyeDannyh): null

16-10-2024T08:37:46 - [TEST_STEP][PASSED] - setValueToCellByIndex(sheet01, n, 5, period): null

16-10-2024T08:37:46 - [TEST_STEP][PASSED] - setValueToCellByIndex(sheet01, n, 6, todaysDate): null

16-10-2024T08:37:46 - [TEST_STEP][PASSED] - n = n + 1: null

16-10-2024T08:37:46 - [TEST_STEP][PASSED] - saveWorkbook(excelFilePath, workbook01): null

16-10-2024T08:37:47 - [TEST_STEP][PASSED] - DZO = "Россети ФСК ЕЭС": null

16-10-2024T08:37:47 - [TEST_STEP][PASSED] - Script1719551244403.CompareDZO(x = FSKA, y = FSKB, run, typeOfData, otobrajeniyeDannyh, todaysDate, vidget, DZO): null

16-10-2024T08:37:47 - [TEST_STEP][PASSED] - x1 = x: null

16-10-2024T08:37:47 - [TEST_STEP][PASSED] - y1 = y: null

16-10-2024T08:37:47 - [TEST_STEP][PASSED] - i1 = <not implemented yet for class: org.codehaus.groovy.ast.expr.EmptyExpression>: null

16-10-2024T08:37:47 - [TEST_STEP][PASSED] - if (verifyEqual(x, y) == true): null

16-10-2024T08:37:47 - [MESSAGE][PASSED] - Actual object '893  608       8 451 7 098' and expected object '893  608       8 451 7 098' are equal

16-10-2024T08:37:47 - [TEST_STEP][PASSED] - DZO = "Центр": null

16-10-2024T08:37:47 - [TEST_STEP][PASSED] - Script1719551244403.CompareDZO(x = CenA, y = CenB, run, typeOfData, otobrajeniyeDannyh, todaysDate, vidget, DZO): null

16-10-2024T08:37:47 - [TEST_STEP][PASSED] - x1 = x: null

16-10-2024T08:37:47 - [TEST_STEP][PASSED] - y1 = y: null

16-10-2024T08:37:47 - [TEST_STEP][PASSED] - i1 = <not implemented yet for class: org.codehaus.groovy.ast.expr.EmptyExpression>: null

16-10-2024T08:37:47 - [TEST_STEP][FAILED] - if (verifyEqual(x, y) == true): Unable to verify equal between actual object '8 451 7 098   293 77 4 458 7 12 194 118 121 4 2 317 105 700  301 3 056 11 5 925 22 4 626 10 350 94 6 248 6' and expected object '8 451 7 098   293 77 94 7 546 118 121 4 148 70 700  301 160 12 121 22 254 10 350 94 568 16' (Root cause: com.kms.katalon.core.exception.StepFailedException: Actual object '8 451 7 098   293 77 4 458 7 12 194 118 121 4 2 317 105 700  301 3 056 11 5 925 22 4 626 10 350 94 6 248 6' and expected object '8 451 7 098   293 77 94 7 546 118 121 4 148 70 700  301 160 12 121 22 254 10 350 94 568 16' are not equal
	at com.kms.katalon.core.keyword.builtin.VerifyEqualKeyword$_verifyEqual_closure1.doCall(VerifyEqualKeyword.groovy:58)
	at com.kms.katalon.core.keyword.builtin.VerifyEqualKeyword$_verifyEqual_closure1.call(VerifyEqualKeyword.groovy)
	at com.kms.katalon.core.keyword.internal.KeywordMain.runKeyword(KeywordMain.groovy:75)
	at com.kms.katalon.core.keyword.builtin.VerifyEqualKeyword.verifyEqual(VerifyEqualKeyword.groovy:63)
	at com.kms.katalon.core.keyword.builtin.VerifyEqualKeyword.execute(VerifyEqualKeyword.groovy:44)
	at com.kms.katalon.core.keyword.internal.KeywordExecutor.executeKeywordForPlatform(KeywordExecutor.groovy:74)
	at com.kms.katalon.core.keyword.BuiltinKeywords.verifyEqual(BuiltinKeywords.groovy:146)
	at jdk.internal.reflect.GeneratedMethodAccessor25.invoke(Unknown Source)
	at java.base/jdk.internal.reflect.DelegatingMethodAccessorImpl.invoke(DelegatingMethodAccessorImpl.java:43)
	at Факторный анализ сверка дашбордов.CompareDZO(Факторный анализ сверка дашбордов:689)
	at Факторный анализ сверка дашбордов.Test(Факторный анализ сверка дашбордов:651)
	at Факторный анализ сверка дашбордов.run(Факторный анализ сверка дашбордов:44)
	at com.kms.katalon.core.main.ScriptEngine.run(ScriptEngine.java:194)
	at com.kms.katalon.core.main.ScriptEngine.runScriptAsRawText(ScriptEngine.java:119)
	at com.kms.katalon.core.main.TestCaseExecutor.runScript(TestCaseExecutor.java:448)
	at com.kms.katalon.core.main.TestCaseExecutor.doExecute(TestCaseExecutor.java:439)
	at com.kms.katalon.core.main.TestCaseExecutor.processExecutionPhase(TestCaseExecutor.java:418)
	at com.kms.katalon.core.main.TestCaseExecutor.accessMainPhase(TestCaseExecutor.java:410)
	at com.kms.katalon.core.main.TestCaseExecutor.execute(TestCaseExecutor.java:285)
	at com.kms.katalon.core.common.CommonExecutor.accessTestCaseMainPhase(CommonExecutor.java:65)
	at com.kms.katalon.core.main.TestSuiteExecutor.accessTestSuiteMainPhase(TestSuiteExecutor.java:150)
	at com.kms.katalon.core.main.TestSuiteExecutor.execute(TestSuiteExecutor.java:106)
	at com.kms.katalon.core.main.TestCaseMain.startTestSuite(TestCaseMain.java:180)
	at TempTestSuite1729050801829.run(TempTestSuite1729050801829.groovy:35)
	at java.base/jdk.internal.reflect.NativeMethodAccessorImpl.invoke0(Native Method)
	at java.base/jdk.internal.reflect.NativeMethodAccessorImpl.invoke(NativeMethodAccessorImpl.java:77)
	at java.base/jdk.internal.reflect.DelegatingMethodAccessorImpl.invoke(DelegatingMethodAccessorImpl.java:43)
)

16-10-2024T08:37:47 - [MESSAGE][FAILED] - Unable to verify equal between actual object '8 451 7 098   293 77 4 458 7 12 194 118 121 4 2 317 105 700  301 3 056 11 5 925 22 4 626 10 350 94 6 248 6' and expected object '8 451 7 098   293 77 94 7 546 118 121 4 148 70 700  301 160 12 121 22 254 10 350 94 568 16' (Root cause: com.kms.katalon.core.exception.StepFailedException: Actual object '8 451 7 098   293 77 4 458 7 12 194 118 121 4 2 317 105 700  301 3 056 11 5 925 22 4 626 10 350 94 6 248 6' and expected object '8 451 7 098   293 77 94 7 546 118 121 4 148 70 700  301 160 12 121 22 254 10 350 94 568 16' are not equal
	at com.kms.katalon.core.keyword.builtin.VerifyEqualKeyword$_verifyEqual_closure1.doCall(VerifyEqualKeyword.groovy:58)
	at com.kms.katalon.core.keyword.builtin.VerifyEqualKeyword$_verifyEqual_closure1.call(VerifyEqualKeyword.groovy)
	at com.kms.katalon.core.keyword.internal.KeywordMain.runKeyword(KeywordMain.groovy:75)
	at com.kms.katalon.core.keyword.builtin.VerifyEqualKeyword.verifyEqual(VerifyEqualKeyword.groovy:63)
	at com.kms.katalon.core.keyword.builtin.VerifyEqualKeyword.execute(VerifyEqualKeyword.groovy:44)
	at com.kms.katalon.core.keyword.internal.KeywordExecutor.executeKeywordForPlatform(KeywordExecutor.groovy:74)
	at com.kms.katalon.core.keyword.BuiltinKeywords.verifyEqual(BuiltinKeywords.groovy:146)
	at jdk.internal.reflect.GeneratedMethodAccessor25.invoke(Unknown Source)
	at java.base/jdk.internal.reflect.DelegatingMethodAccessorImpl.invoke(DelegatingMethodAccessorImpl.java:43)
	at Факторный анализ сверка дашбордов.CompareDZO(Факторный анализ сверка дашбордов:689)
	at Факторный анализ сверка дашбордов.Test(Факторный анализ сверка дашбордов:651)
	at Факторный анализ сверка дашбордов.run(Факторный анализ сверка дашбордов:44)
	at com.kms.katalon.core.main.ScriptEngine.run(ScriptEngine.java:194)
	at com.kms.katalon.core.main.ScriptEngine.runScriptAsRawText(ScriptEngine.java:119)
	at com.kms.katalon.core.main.TestCaseExecutor.runScript(TestCaseExecutor.java:448)
	at com.kms.katalon.core.main.TestCaseExecutor.doExecute(TestCaseExecutor.java:439)
	at com.kms.katalon.core.main.TestCaseExecutor.processExecutionPhase(TestCaseExecutor.java:418)
	at com.kms.katalon.core.main.TestCaseExecutor.accessMainPhase(TestCaseExecutor.java:410)
	at com.kms.katalon.core.main.TestCaseExecutor.execute(TestCaseExecutor.java:285)
	at com.kms.katalon.core.common.CommonExecutor.accessTestCaseMainPhase(CommonExecutor.java:65)
	at com.kms.katalon.core.main.TestSuiteExecutor.accessTestSuiteMainPhase(TestSuiteExecutor.java:150)
	at com.kms.katalon.core.main.TestSuiteExecutor.execute(TestSuiteExecutor.java:106)
	at com.kms.katalon.core.main.TestCaseMain.startTestSuite(TestCaseMain.java:180)
	at TempTestSuite1729050801829.run(TempTestSuite1729050801829.groovy:35)
	at java.base/jdk.internal.reflect.NativeMethodAccessorImpl.invoke0(Native Method)
	at java.base/jdk.internal.reflect.NativeMethodAccessorImpl.invoke(NativeMethodAccessorImpl.java:77)
	at java.base/jdk.internal.reflect.DelegatingMethodAccessorImpl.invoke(DelegatingMethodAccessorImpl.java:43)
)

16-10-2024T08:37:47 - [TEST_STEP][PASSED] - else: null

16-10-2024T08:37:47 - [TEST_STEP][PASSED] - otobrajeniyeDannyh = "Все": null

16-10-2024T08:37:47 - [TEST_STEP][PASSED] - vidget = "Всего отклонения по факторам": null

16-10-2024T08:37:47 - [TEST_STEP][PASSED] - Script1719551244403.WriteToExcel(todaysDate, typeOfData, otobrajeniyeDannyh, x, y, vidget, DZO): null

16-10-2024T08:37:47 - [TEST_STEP][PASSED] - sheetName = "Sheet1": null

16-10-2024T08:37:47 - [TEST_STEP][PASSED] - data = findTestData("PlanFact"): null

16-10-2024T08:37:47 - [TEST_STEP][PASSED] - n = data.getRowNumbers() + 1: null

16-10-2024T08:37:47 - [TEST_STEP][PASSED] - period = getText(findTestObject("Факторный анализ/Фильтр Период")): Text of object 'Object Repository/Факторный анализ/Фильтр Период' is: 'Июль, Август и 1, 2 кв. 2024 года'

16-10-2024T08:37:47 - [MESSAGE][PASSED] - Text of object 'Object Repository/Факторный анализ/Фильтр Период' is: 'Июль, Август и 1, 2 кв. 2024 года'

16-10-2024T08:37:47 - [TEST_STEP][PASSED] - println(period): null

16-10-2024T08:37:47 - [TEST_STEP][PASSED] - dashboardName = "Факторный анализ": null

16-10-2024T08:37:47 - [TEST_STEP][PASSED] - workbook01 = getWorkbook(excelFilePath): null

16-10-2024T08:37:47 - [TEST_STEP][PASSED] - sheet01 = getExcelSheet(workbook01, sheetName): null

16-10-2024T08:37:47 - [TEST_STEP][PASSED] - setValueToCellByIndex(sheet01, n, 0, dashboardName): null

16-10-2024T08:37:47 - [TEST_STEP][PASSED] - setValueToCellByIndex(sheet01, n, 1, DZO): null

16-10-2024T08:37:47 - [TEST_STEP][PASSED] - setValueToCellByIndex(sheet01, n, 2, vidget): null

16-10-2024T08:37:47 - [TEST_STEP][PASSED] - setValueToCellByIndex(sheet01, n, 3, typeOfData): null

16-10-2024T08:37:47 - [TEST_STEP][PASSED] - setValueToCellByIndex(sheet01, n, 4, otobrajeniyeDannyh): null

16-10-2024T08:37:47 - [TEST_STEP][PASSED] - setValueToCellByIndex(sheet01, n, 5, period): null

16-10-2024T08:37:47 - [TEST_STEP][PASSED] - setValueToCellByIndex(sheet01, n, 6, todaysDate): null

16-10-2024T08:37:47 - [TEST_STEP][PASSED] - n = n + 1: null

16-10-2024T08:37:47 - [TEST_STEP][PASSED] - saveWorkbook(excelFilePath, workbook01): null

16-10-2024T08:37:47 - [TEST_STEP][PASSED] - DZO = "Центр и Приволжье (ГК)": null

16-10-2024T08:37:47 - [TEST_STEP][PASSED] - Script1719551244403.CompareDZO(x = CiPA, y = CiPB, run, typeOfData, otobrajeniyeDannyh, todaysDate, vidget, DZO): null

16-10-2024T08:37:47 - [TEST_STEP][PASSED] - x1 = x: null

16-10-2024T08:37:47 - [TEST_STEP][PASSED] - y1 = y: null

16-10-2024T08:37:47 - [TEST_STEP][PASSED] - i1 = <not implemented yet for class: org.codehaus.groovy.ast.expr.EmptyExpression>: null

16-10-2024T08:37:47 - [TEST_STEP][FAILED] - if (verifyEqual(x, y) == true): Unable to verify equal between actual object '6 248 6      519 47 188 28 549 42 395 2 159 13 659 184 262 38 793  195 269 8' and expected object '568 16      519 47 188 28 549 42 395 2 159 13 659 184 262 38 793  195 269 8' (Root cause: com.kms.katalon.core.exception.StepFailedException: Actual object '6 248 6      519 47 188 28 549 42 395 2 159 13 659 184 262 38 793  195 269 8' and expected object '568 16      519 47 188 28 549 42 395 2 159 13 659 184 262 38 793  195 269 8' are not equal
	at com.kms.katalon.core.keyword.builtin.VerifyEqualKeyword$_verifyEqual_closure1.doCall(VerifyEqualKeyword.groovy:58)
	at com.kms.katalon.core.keyword.builtin.VerifyEqualKeyword$_verifyEqual_closure1.call(VerifyEqualKeyword.groovy)
	at com.kms.katalon.core.keyword.internal.KeywordMain.runKeyword(KeywordMain.groovy:75)
	at com.kms.katalon.core.keyword.builtin.VerifyEqualKeyword.verifyEqual(VerifyEqualKeyword.groovy:63)
	at com.kms.katalon.core.keyword.builtin.VerifyEqualKeyword.execute(VerifyEqualKeyword.groovy:44)
	at com.kms.katalon.core.keyword.internal.KeywordExecutor.executeKeywordForPlatform(KeywordExecutor.groovy:74)
	at com.kms.katalon.core.keyword.BuiltinKeywords.verifyEqual(BuiltinKeywords.groovy:146)
	at jdk.internal.reflect.GeneratedMethodAccessor25.invoke(Unknown Source)
	at java.base/jdk.internal.reflect.DelegatingMethodAccessorImpl.invoke(DelegatingMethodAccessorImpl.java:43)
	at Факторный анализ сверка дашбордов.CompareDZO(Факторный анализ сверка дашбордов:689)
	at Факторный анализ сверка дашбордов.Test(Факторный анализ сверка дашбордов:655)
	at Факторный анализ сверка дашбордов.run(Факторный анализ сверка дашбордов:44)
	at com.kms.katalon.core.main.ScriptEngine.run(ScriptEngine.java:194)
	at com.kms.katalon.core.main.ScriptEngine.runScriptAsRawText(ScriptEngine.java:119)
	at com.kms.katalon.core.main.TestCaseExecutor.runScript(TestCaseExecutor.java:448)
	at com.kms.katalon.core.main.TestCaseExecutor.doExecute(TestCaseExecutor.java:439)
	at com.kms.katalon.core.main.TestCaseExecutor.processExecutionPhase(TestCaseExecutor.java:418)
	at com.kms.katalon.core.main.TestCaseExecutor.accessMainPhase(TestCaseExecutor.java:410)
	at com.kms.katalon.core.main.TestCaseExecutor.execute(TestCaseExecutor.java:285)
	at com.kms.katalon.core.common.CommonExecutor.accessTestCaseMainPhase(CommonExecutor.java:65)
	at com.kms.katalon.core.main.TestSuiteExecutor.accessTestSuiteMainPhase(TestSuiteExecutor.java:150)
	at com.kms.katalon.core.main.TestSuiteExecutor.execute(TestSuiteExecutor.java:106)
	at com.kms.katalon.core.main.TestCaseMain.startTestSuite(TestCaseMain.java:180)
	at TempTestSuite1729050801829.run(TempTestSuite1729050801829.groovy:35)
	at java.base/jdk.internal.reflect.NativeMethodAccessorImpl.invoke0(Native Method)
	at java.base/jdk.internal.reflect.NativeMethodAccessorImpl.invoke(NativeMethodAccessorImpl.java:77)
	at java.base/jdk.internal.reflect.DelegatingMethodAccessorImpl.invoke(DelegatingMethodAccessorImpl.java:43)
)

16-10-2024T08:37:47 - [MESSAGE][FAILED] - Unable to verify equal between actual object '6 248 6      519 47 188 28 549 42 395 2 159 13 659 184 262 38 793  195 269 8' and expected object '568 16      519 47 188 28 549 42 395 2 159 13 659 184 262 38 793  195 269 8' (Root cause: com.kms.katalon.core.exception.StepFailedException: Actual object '6 248 6      519 47 188 28 549 42 395 2 159 13 659 184 262 38 793  195 269 8' and expected object '568 16      519 47 188 28 549 42 395 2 159 13 659 184 262 38 793  195 269 8' are not equal
	at com.kms.katalon.core.keyword.builtin.VerifyEqualKeyword$_verifyEqual_closure1.doCall(VerifyEqualKeyword.groovy:58)
	at com.kms.katalon.core.keyword.builtin.VerifyEqualKeyword$_verifyEqual_closure1.call(VerifyEqualKeyword.groovy)
	at com.kms.katalon.core.keyword.internal.KeywordMain.runKeyword(KeywordMain.groovy:75)
	at com.kms.katalon.core.keyword.builtin.VerifyEqualKeyword.verifyEqual(VerifyEqualKeyword.groovy:63)
	at com.kms.katalon.core.keyword.builtin.VerifyEqualKeyword.execute(VerifyEqualKeyword.groovy:44)
	at com.kms.katalon.core.keyword.internal.KeywordExecutor.executeKeywordForPlatform(KeywordExecutor.groovy:74)
	at com.kms.katalon.core.keyword.BuiltinKeywords.verifyEqual(BuiltinKeywords.groovy:146)
	at jdk.internal.reflect.GeneratedMethodAccessor25.invoke(Unknown Source)
	at java.base/jdk.internal.reflect.DelegatingMethodAccessorImpl.invoke(DelegatingMethodAccessorImpl.java:43)
	at Факторный анализ сверка дашбордов.CompareDZO(Факторный анализ сверка дашбордов:689)
	at Факторный анализ сверка дашбордов.Test(Факторный анализ сверка дашбордов:655)
	at Факторный анализ сверка дашбордов.run(Факторный анализ сверка дашбордов:44)
	at com.kms.katalon.core.main.ScriptEngine.run(ScriptEngine.java:194)
	at com.kms.katalon.core.main.ScriptEngine.runScriptAsRawText(ScriptEngine.java:119)
	at com.kms.katalon.core.main.TestCaseExecutor.runScript(TestCaseExecutor.java:448)
	at com.kms.katalon.core.main.TestCaseExecutor.doExecute(TestCaseExecutor.java:439)
	at com.kms.katalon.core.main.TestCaseExecutor.processExecutionPhase(TestCaseExecutor.java:418)
	at com.kms.katalon.core.main.TestCaseExecutor.accessMainPhase(TestCaseExecutor.java:410)
	at com.kms.katalon.core.main.TestCaseExecutor.execute(TestCaseExecutor.java:285)
	at com.kms.katalon.core.common.CommonExecutor.accessTestCaseMainPhase(CommonExecutor.java:65)
	at com.kms.katalon.core.main.TestSuiteExecutor.accessTestSuiteMainPhase(TestSuiteExecutor.java:150)
	at com.kms.katalon.core.main.TestSuiteExecutor.execute(TestSuiteExecutor.java:106)
	at com.kms.katalon.core.main.TestCaseMain.startTestSuite(TestCaseMain.java:180)
	at TempTestSuite1729050801829.run(TempTestSuite1729050801829.groovy:35)
	at java.base/jdk.internal.reflect.NativeMethodAccessorImpl.invoke0(Native Method)
	at java.base/jdk.internal.reflect.NativeMethodAccessorImpl.invoke(NativeMethodAccessorImpl.java:77)
	at java.base/jdk.internal.reflect.DelegatingMethodAccessorImpl.invoke(DelegatingMethodAccessorImpl.java:43)
)

16-10-2024T08:37:47 - [TEST_STEP][PASSED] - else: null

16-10-2024T08:37:47 - [TEST_STEP][PASSED] - otobrajeniyeDannyh = "Все": null

16-10-2024T08:37:47 - [TEST_STEP][PASSED] - vidget = "Всего отклонения по факторам": null

16-10-2024T08:37:47 - [TEST_STEP][PASSED] - Script1719551244403.WriteToExcel(todaysDate, typeOfData, otobrajeniyeDannyh, x, y, vidget, DZO): null

16-10-2024T08:37:47 - [TEST_STEP][PASSED] - sheetName = "Sheet1": null

16-10-2024T08:37:47 - [TEST_STEP][PASSED] - data = findTestData("PlanFact"): null

16-10-2024T08:37:47 - [TEST_STEP][PASSED] - n = data.getRowNumbers() + 1: null

16-10-2024T08:37:47 - [TEST_STEP][PASSED] - period = getText(findTestObject("Факторный анализ/Фильтр Период")): Text of object 'Object Repository/Факторный анализ/Фильтр Период' is: 'Июль, Август и 1, 2 кв. 2024 года'

16-10-2024T08:37:48 - [MESSAGE][PASSED] - Text of object 'Object Repository/Факторный анализ/Фильтр Период' is: 'Июль, Август и 1, 2 кв. 2024 года'

16-10-2024T08:37:48 - [TEST_STEP][PASSED] - println(period): null

16-10-2024T08:37:48 - [TEST_STEP][PASSED] - dashboardName = "Факторный анализ": null

16-10-2024T08:37:48 - [TEST_STEP][PASSED] - workbook01 = getWorkbook(excelFilePath): null

16-10-2024T08:37:48 - [TEST_STEP][PASSED] - sheet01 = getExcelSheet(workbook01, sheetName): null

16-10-2024T08:37:48 - [TEST_STEP][PASSED] - setValueToCellByIndex(sheet01, n, 0, dashboardName): null

16-10-2024T08:37:48 - [TEST_STEP][PASSED] - setValueToCellByIndex(sheet01, n, 1, DZO): null

16-10-2024T08:37:48 - [TEST_STEP][PASSED] - setValueToCellByIndex(sheet01, n, 2, vidget): null

16-10-2024T08:37:48 - [TEST_STEP][PASSED] - setValueToCellByIndex(sheet01, n, 3, typeOfData): null

16-10-2024T08:37:48 - [TEST_STEP][PASSED] - setValueToCellByIndex(sheet01, n, 4, otobrajeniyeDannyh): null

16-10-2024T08:37:48 - [TEST_STEP][PASSED] - setValueToCellByIndex(sheet01, n, 5, period): null

16-10-2024T08:37:48 - [TEST_STEP][PASSED] - setValueToCellByIndex(sheet01, n, 6, todaysDate): null

16-10-2024T08:37:48 - [TEST_STEP][PASSED] - n = n + 1: null

16-10-2024T08:37:48 - [TEST_STEP][PASSED] - saveWorkbook(excelFilePath, workbook01): null

16-10-2024T08:37:48 - [TEST_STEP][PASSED] - DZO = "Россети Юг (ГК)": null

16-10-2024T08:37:48 - [TEST_STEP][PASSED] - Script1719551244403.CompareDZO(x = UgA, y = UgB, run, typeOfData, otobrajeniyeDannyh, todaysDate, vidget, DZO): null

16-10-2024T08:37:48 - [TEST_STEP][PASSED] - x1 = x: null

16-10-2024T08:37:48 - [TEST_STEP][PASSED] - y1 = y: null

16-10-2024T08:37:48 - [TEST_STEP][PASSED] - i1 = <not implemented yet for class: org.codehaus.groovy.ast.expr.EmptyExpression>: null

16-10-2024T08:37:48 - [TEST_STEP][FAILED] - if (verifyEqual(x, y) == true): Unable to verify equal between actual object '269 8     3 002 24 4 589 69 8 020  274 1 313 5 16 272 11' and expected object '269 8     138 24 74 69 338  274 51 5 704 11' (Root cause: com.kms.katalon.core.exception.StepFailedException: Actual object '269 8     3 002 24 4 589 69 8 020  274 1 313 5 16 272 11' and expected object '269 8     138 24 74 69 338  274 51 5 704 11' are not equal
	at com.kms.katalon.core.keyword.builtin.VerifyEqualKeyword$_verifyEqual_closure1.doCall(VerifyEqualKeyword.groovy:58)
	at com.kms.katalon.core.keyword.builtin.VerifyEqualKeyword$_verifyEqual_closure1.call(VerifyEqualKeyword.groovy)
	at com.kms.katalon.core.keyword.internal.KeywordMain.runKeyword(KeywordMain.groovy:75)
	at com.kms.katalon.core.keyword.builtin.VerifyEqualKeyword.verifyEqual(VerifyEqualKeyword.groovy:63)
	at com.kms.katalon.core.keyword.builtin.VerifyEqualKeyword.execute(VerifyEqualKeyword.groovy:44)
	at com.kms.katalon.core.keyword.internal.KeywordExecutor.executeKeywordForPlatform(KeywordExecutor.groovy:74)
	at com.kms.katalon.core.keyword.BuiltinKeywords.verifyEqual(BuiltinKeywords.groovy:146)
	at jdk.internal.reflect.GeneratedMethodAccessor25.invoke(Unknown Source)
	at java.base/jdk.internal.reflect.DelegatingMethodAccessorImpl.invoke(DelegatingMethodAccessorImpl.java:43)
	at Факторный анализ сверка дашбордов.CompareDZO(Факторный анализ сверка дашбордов:689)
	at Факторный анализ сверка дашбордов.Test(Факторный анализ сверка дашбордов:659)
	at Факторный анализ сверка дашбордов.run(Факторный анализ сверка дашбордов:44)
	at com.kms.katalon.core.main.ScriptEngine.run(ScriptEngine.java:194)
	at com.kms.katalon.core.main.ScriptEngine.runScriptAsRawText(ScriptEngine.java:119)
	at com.kms.katalon.core.main.TestCaseExecutor.runScript(TestCaseExecutor.java:448)
	at com.kms.katalon.core.main.TestCaseExecutor.doExecute(TestCaseExecutor.java:439)
	at com.kms.katalon.core.main.TestCaseExecutor.processExecutionPhase(TestCaseExecutor.java:418)
	at com.kms.katalon.core.main.TestCaseExecutor.accessMainPhase(TestCaseExecutor.java:410)
	at com.kms.katalon.core.main.TestCaseExecutor.execute(TestCaseExecutor.java:285)
	at com.kms.katalon.core.common.CommonExecutor.accessTestCaseMainPhase(CommonExecutor.java:65)
	at com.kms.katalon.core.main.TestSuiteExecutor.accessTestSuiteMainPhase(TestSuiteExecutor.java:150)
	at com.kms.katalon.core.main.TestSuiteExecutor.execute(TestSuiteExecutor.java:106)
	at com.kms.katalon.core.main.TestCaseMain.startTestSuite(TestCaseMain.java:180)
	at TempTestSuite1729050801829.run(TempTestSuite1729050801829.groovy:35)
	at java.base/jdk.internal.reflect.NativeMethodAccessorImpl.invoke0(Native Method)
	at java.base/jdk.internal.reflect.NativeMethodAccessorImpl.invoke(NativeMethodAccessorImpl.java:77)
	at java.base/jdk.internal.reflect.DelegatingMethodAccessorImpl.invoke(DelegatingMethodAccessorImpl.java:43)
)

16-10-2024T08:37:48 - [MESSAGE][FAILED] - Unable to verify equal between actual object '269 8     3 002 24 4 589 69 8 020  274 1 313 5 16 272 11' and expected object '269 8     138 24 74 69 338  274 51 5 704 11' (Root cause: com.kms.katalon.core.exception.StepFailedException: Actual object '269 8     3 002 24 4 589 69 8 020  274 1 313 5 16 272 11' and expected object '269 8     138 24 74 69 338  274 51 5 704 11' are not equal
	at com.kms.katalon.core.keyword.builtin.VerifyEqualKeyword$_verifyEqual_closure1.doCall(VerifyEqualKeyword.groovy:58)
	at com.kms.katalon.core.keyword.builtin.VerifyEqualKeyword$_verifyEqual_closure1.call(VerifyEqualKeyword.groovy)
	at com.kms.katalon.core.keyword.internal.KeywordMain.runKeyword(KeywordMain.groovy:75)
	at com.kms.katalon.core.keyword.builtin.VerifyEqualKeyword.verifyEqual(VerifyEqualKeyword.groovy:63)
	at com.kms.katalon.core.keyword.builtin.VerifyEqualKeyword.execute(VerifyEqualKeyword.groovy:44)
	at com.kms.katalon.core.keyword.internal.KeywordExecutor.executeKeywordForPlatform(KeywordExecutor.groovy:74)
	at com.kms.katalon.core.keyword.BuiltinKeywords.verifyEqual(BuiltinKeywords.groovy:146)
	at jdk.internal.reflect.GeneratedMethodAccessor25.invoke(Unknown Source)
	at java.base/jdk.internal.reflect.DelegatingMethodAccessorImpl.invoke(DelegatingMethodAccessorImpl.java:43)
	at Факторный анализ сверка дашбордов.CompareDZO(Факторный анализ сверка дашбордов:689)
	at Факторный анализ сверка дашбордов.Test(Факторный анализ сверка дашбордов:659)
	at Факторный анализ сверка дашбордов.run(Факторный анализ сверка дашбордов:44)
	at com.kms.katalon.core.main.ScriptEngine.run(ScriptEngine.java:194)
	at com.kms.katalon.core.main.ScriptEngine.runScriptAsRawText(ScriptEngine.java:119)
	at com.kms.katalon.core.main.TestCaseExecutor.runScript(TestCaseExecutor.java:448)
	at com.kms.katalon.core.main.TestCaseExecutor.doExecute(TestCaseExecutor.java:439)
	at com.kms.katalon.core.main.TestCaseExecutor.processExecutionPhase(TestCaseExecutor.java:418)
	at com.kms.katalon.core.main.TestCaseExecutor.accessMainPhase(TestCaseExecutor.java:410)
	at com.kms.katalon.core.main.TestCaseExecutor.execute(TestCaseExecutor.java:285)
	at com.kms.katalon.core.common.CommonExecutor.accessTestCaseMainPhase(CommonExecutor.java:65)
	at com.kms.katalon.core.main.TestSuiteExecutor.accessTestSuiteMainPhase(TestSuiteExecutor.java:150)
	at com.kms.katalon.core.main.TestSuiteExecutor.execute(TestSuiteExecutor.java:106)
	at com.kms.katalon.core.main.TestCaseMain.startTestSuite(TestCaseMain.java:180)
	at TempTestSuite1729050801829.run(TempTestSuite1729050801829.groovy:35)
	at java.base/jdk.internal.reflect.NativeMethodAccessorImpl.invoke0(Native Method)
	at java.base/jdk.internal.reflect.NativeMethodAccessorImpl.invoke(NativeMethodAccessorImpl.java:77)
	at java.base/jdk.internal.reflect.DelegatingMethodAccessorImpl.invoke(DelegatingMethodAccessorImpl.java:43)
)

16-10-2024T08:37:48 - [TEST_STEP][PASSED] - else: null

16-10-2024T08:37:48 - [TEST_STEP][PASSED] - otobrajeniyeDannyh = "Все": null

16-10-2024T08:37:48 - [TEST_STEP][PASSED] - vidget = "Всего отклонения по факторам": null

16-10-2024T08:37:48 - [TEST_STEP][PASSED] - Script1719551244403.WriteToExcel(todaysDate, typeOfData, otobrajeniyeDannyh, x, y, vidget, DZO): null

16-10-2024T08:37:48 - [TEST_STEP][PASSED] - sheetName = "Sheet1": null

16-10-2024T08:37:48 - [TEST_STEP][PASSED] - data = findTestData("PlanFact"): null

16-10-2024T08:37:48 - [TEST_STEP][PASSED] - n = data.getRowNumbers() + 1: null

16-10-2024T08:37:48 - [TEST_STEP][PASSED] - period = getText(findTestObject("Факторный анализ/Фильтр Период")): Text of object 'Object Repository/Факторный анализ/Фильтр Период' is: 'Июль, Август и 1, 2 кв. 2024 года'

16-10-2024T08:37:48 - [MESSAGE][PASSED] - Text of object 'Object Repository/Факторный анализ/Фильтр Период' is: 'Июль, Август и 1, 2 кв. 2024 года'

16-10-2024T08:37:48 - [TEST_STEP][PASSED] - println(period): null

16-10-2024T08:37:48 - [TEST_STEP][PASSED] - dashboardName = "Факторный анализ": null

16-10-2024T08:37:48 - [TEST_STEP][PASSED] - workbook01 = getWorkbook(excelFilePath): null

16-10-2024T08:37:48 - [TEST_STEP][PASSED] - sheet01 = getExcelSheet(workbook01, sheetName): null

16-10-2024T08:37:48 - [TEST_STEP][PASSED] - setValueToCellByIndex(sheet01, n, 0, dashboardName): null

16-10-2024T08:37:48 - [TEST_STEP][PASSED] - setValueToCellByIndex(sheet01, n, 1, DZO): null

16-10-2024T08:37:48 - [TEST_STEP][PASSED] - setValueToCellByIndex(sheet01, n, 2, vidget): null

16-10-2024T08:37:48 - [TEST_STEP][PASSED] - setValueToCellByIndex(sheet01, n, 3, typeOfData): null

16-10-2024T08:37:48 - [TEST_STEP][PASSED] - setValueToCellByIndex(sheet01, n, 4, otobrajeniyeDannyh): null

16-10-2024T08:37:48 - [TEST_STEP][PASSED] - setValueToCellByIndex(sheet01, n, 5, period): null

16-10-2024T08:37:48 - [TEST_STEP][PASSED] - setValueToCellByIndex(sheet01, n, 6, todaysDate): null

16-10-2024T08:37:48 - [TEST_STEP][PASSED] - n = n + 1: null

16-10-2024T08:37:48 - [TEST_STEP][PASSED] - saveWorkbook(excelFilePath, workbook01): null

16-10-2024T08:37:49 - [TEST_STEP][PASSED] - DZO = "Россети Янтарь": null

16-10-2024T08:37:49 - [TEST_STEP][PASSED] - Script1719551244403.CompareDZO(x = YaA, y = YaB, run, typeOfData, otobrajeniyeDannyh, todaysDate, vidget, DZO): null

16-10-2024T08:37:49 - [TEST_STEP][PASSED] - x1 = x: null

16-10-2024T08:37:49 - [TEST_STEP][PASSED] - y1 = y: null

16-10-2024T08:37:49 - [TEST_STEP][PASSED] - i1 = <not implemented yet for class: org.codehaus.groovy.ast.expr.EmptyExpression>: null

16-10-2024T08:37:49 - [TEST_STEP][PASSED] - if (verifyEqual(x, y) == true): Actual object '273 37' and expected object '273 37' are equal

16-10-2024T08:37:49 - [MESSAGE][PASSED] - Actual object '273 37' and expected object '273 37' are equal

16-10-2024T08:37:49 - [TEST_STEP][PASSED] - closeBrowser(): Browser is closed

16-10-2024T08:37:49 - [MESSAGE][PASSED] - Browser is closed]]></system-out>
         <system-err><![CDATA[16-10-2024T08:34:22 - [TEST_CASE][FAILED] - Test Cases/Сверки дашбордов/Факторный анализ сверка дашбордов: Test Cases/Сверки дашбордов/Факторный анализ сверка дашбордов FAILED.
Reason:
com.kms.katalon.core.exception.StepFailedException: Unable to verify equal between actual object '-292398' and expected object '34997' (Root cause: com.kms.katalon.core.exception.StepFailedException: Actual object '-292398' and expected object '34997' are not equal
	at com.kms.katalon.core.keyword.builtin.VerifyEqualKeyword$_verifyEqual_closure1.doCall(VerifyEqualKeyword.groovy:58)
	at com.kms.katalon.core.keyword.builtin.VerifyEqualKeyword$_verifyEqual_closure1.call(VerifyEqualKeyword.groovy)
	at com.kms.katalon.core.keyword.internal.KeywordMain.runKeyword(KeywordMain.groovy:75)
	at com.kms.katalon.core.keyword.builtin.VerifyEqualKeyword.verifyEqual(VerifyEqualKeyword.groovy:63)
	at com.kms.katalon.core.keyword.builtin.VerifyEqualKeyword.execute(VerifyEqualKeyword.groovy:44)
	at com.kms.katalon.core.keyword.internal.KeywordExecutor.executeKeywordForPlatform(KeywordExecutor.groovy:74)
	at com.kms.katalon.core.keyword.BuiltinKeywords.verifyEqual(BuiltinKeywords.groovy:146)
	at jdk.internal.reflect.GeneratedMethodAccessor25.invoke(Unknown Source)
	at java.base/jdk.internal.reflect.DelegatingMethodAccessorImpl.invoke(DelegatingMethodAccessorImpl.java:43)
	at Факторный анализ сверка дашбордов.Compare(Факторный анализ сверка дашбордов:668)
	at Факторный анализ сверка дашбордов.Test(Факторный анализ сверка дашбордов:432)
	at Факторный анализ сверка дашбордов.run(Факторный анализ сверка дашбордов:44)
	at com.kms.katalon.core.main.ScriptEngine.run(ScriptEngine.java:194)
	at com.kms.katalon.core.main.ScriptEngine.runScriptAsRawText(ScriptEngine.java:119)
	at com.kms.katalon.core.main.TestCaseExecutor.runScript(TestCaseExecutor.java:448)
	at com.kms.katalon.core.main.TestCaseExecutor.doExecute(TestCaseExecutor.java:439)
	at com.kms.katalon.core.main.TestCaseExecutor.processExecutionPhase(TestCaseExecutor.java:418)
	at com.kms.katalon.core.main.TestCaseExecutor.accessMainPhase(TestCaseExecutor.java:410)
	at com.kms.katalon.core.main.TestCaseExecutor.execute(TestCaseExecutor.java:285)
	at com.kms.katalon.core.common.CommonExecutor.accessTestCaseMainPhase(CommonExecutor.java:65)
	at com.kms.katalon.core.main.TestSuiteExecutor.accessTestSuiteMainPhase(TestSuiteExecutor.java:150)
	at com.kms.katalon.core.main.TestSuiteExecutor.execute(TestSuiteExecutor.java:106)
	at com.kms.katalon.core.main.TestCaseMain.startTestSuite(TestCaseMain.java:180)
	at TempTestSuite1729050801829.run(TempTestSuite1729050801829.groovy:35)
	at java.base/jdk.internal.reflect.NativeMethodAccessorImpl.invoke0(Native Method)
	at java.base/jdk.internal.reflect.NativeMethodAccessorImpl.invoke(NativeMethodAccessorImpl.java:77)
	at java.base/jdk.internal.reflect.DelegatingMethodAccessorImpl.invoke(DelegatingMethodAccessorImpl.java:43)
)
	at com.kms.katalon.core.keyword.internal.KeywordMain.stepFailed(KeywordMain.groovy:39)
	at com.kms.katalon.core.keyword.internal.KeywordMain.stepFailed(KeywordMain.groovy)
	at com.kms.katalon.core.keyword.internal.KeywordMain.runKeyword(KeywordMain.groovy:77)
	at com.kms.katalon.core.keyword.builtin.VerifyEqualKeyword.verifyEqual(VerifyEqualKeyword.groovy:63)
	at com.kms.katalon.core.keyword.builtin.VerifyEqualKeyword.execute(VerifyEqualKeyword.groovy:44)
	at com.kms.katalon.core.keyword.internal.KeywordExecutor.executeKeywordForPlatform(KeywordExecutor.groovy:74)
	at com.kms.katalon.core.keyword.BuiltinKeywords.verifyEqual(BuiltinKeywords.groovy:146)
	at jdk.internal.reflect.GeneratedMethodAccessor25.invoke(Unknown Source)
	at java.base/jdk.internal.reflect.DelegatingMethodAccessorImpl.invoke(DelegatingMethodAccessorImpl.java:43)
	at Факторный анализ сверка дашбордов.Compare(Факторный анализ сверка дашбордов:668)
	at Факторный анализ сверка дашбордов.Test(Факторный анализ сверка дашбордов:432)
	at Факторный анализ сверка дашбордов.run(Факторный анализ сверка дашбордов:44)
	at com.kms.katalon.core.main.ScriptEngine.run(ScriptEngine.java:194)
	at com.kms.katalon.core.main.ScriptEngine.runScriptAsRawText(ScriptEngine.java:119)
	at com.kms.katalon.core.main.TestCaseExecutor.runScript(TestCaseExecutor.java:448)
	at com.kms.katalon.core.main.TestCaseExecutor.doExecute(TestCaseExecutor.java:439)
	at com.kms.katalon.core.main.TestCaseExecutor.processExecutionPhase(TestCaseExecutor.java:418)
	at com.kms.katalon.core.main.TestCaseExecutor.accessMainPhase(TestCaseExecutor.java:410)
	at com.kms.katalon.core.main.TestCaseExecutor.execute(TestCaseExecutor.java:285)
	at com.kms.katalon.core.common.CommonExecutor.accessTestCaseMainPhase(CommonExecutor.java:65)
	at com.kms.katalon.core.main.TestSuiteExecutor.accessTestSuiteMainPhase(TestSuiteExecutor.java:150)
	at com.kms.katalon.core.main.TestSuiteExecutor.execute(TestSuiteExecutor.java:106)
	at com.kms.katalon.core.main.TestCaseMain.startTestSuite(TestCaseMain.java:180)
	at TempTestSuite1729050801829.run(TempTestSuite1729050801829.groovy:35)
	at java.base/jdk.internal.reflect.NativeMethodAccessorImpl.invoke0(Native Method)
	at java.base/jdk.internal.reflect.NativeMethodAccessorImpl.invoke(NativeMethodAccessorImpl.java:77)
	at java.base/jdk.internal.reflect.DelegatingMethodAccessorImpl.invoke(DelegatingMethodAccessorImpl.java:43)
Caused by: com.kms.katalon.core.exception.StepFailedException: Actual object '-292398' and expected object '34997' are not equal
	at com.kms.katalon.core.keyword.builtin.VerifyEqualKeyword$_verifyEqual_closure1.doCall(VerifyEqualKeyword.groovy:58)
	at com.kms.katalon.core.keyword.builtin.VerifyEqualKeyword$_verifyEqual_closure1.call(VerifyEqualKeyword.groovy)
	at com.kms.katalon.core.keyword.internal.KeywordMain.runKeyword(KeywordMain.groovy:75)
	... 24 more]]></system-err>
      </testcase>
      <system-out><![CDATA[16-10-2024T06:53:28 - [TEST_SUITE][FAILED] - Сверка дашбордов из разных блоков: Test Cases/Сверки дашбордов/Выполнение бизнес-плана сверка дашбордов FAILED.
Reason:
com.kms.katalon.core.exception.StepFailedException: Unable to verify object is present (Root cause: com.kms.katalon.core.exception.StepFailedException: Unable to verify object is present
	at com.kms.katalon.core.webui.keyword.internal.WebUIKeywordMain.stepFailed(WebUIKeywordMain.groovy:64)
	at com.kms.katalon.core.webui.keyword.internal.WebUIKeywordMain.runKeyword(WebUIKeywordMain.groovy:26)
	at com.kms.katalon.core.webui.keyword.builtin.VerifyElementPresentKeyword.verifyElementPresent(VerifyElementPresentKeyword.groovy:92)
	at com.kms.katalon.core.webui.keyword.builtin.VerifyElementPresentKeyword.execute(VerifyElementPresentKeyword.groovy:68)
	at com.kms.katalon.core.keyword.internal.KeywordExecutor.executeKeywordForPlatform(KeywordExecutor.groovy:74)
	at com.kms.katalon.core.webui.keyword.WebUiBuiltInKeywords.verifyElementPresent(WebUiBuiltInKeywords.groovy:1503)
	at Выполнение бизнес-плана сверка дашбордов.GetAllPAOData(Выполнение бизнес-плана сверка дашбордов:862)
	at Выполнение бизнес-плана сверка дашбордов.run(Выполнение бизнес-плана сверка дашбордов:362)
	at com.kms.katalon.core.main.ScriptEngine.run(ScriptEngine.java:194)
	at com.kms.katalon.core.main.ScriptEngine.runScriptAsRawText(ScriptEngine.java:119)
	at com.kms.katalon.core.main.TestCaseExecutor.runScript(TestCaseExecutor.java:448)
	at com.kms.katalon.core.main.TestCaseExecutor.doExecute(TestCaseExecutor.java:439)
	at com.kms.katalon.core.main.TestCaseExecutor.processExecutionPhase(TestCaseExecutor.java:418)
	at com.kms.katalon.core.main.TestCaseExecutor.accessMainPhase(TestCaseExecutor.java:410)
	at com.kms.katalon.core.main.TestCaseExecutor.execute(TestCaseExecutor.java:285)
	at com.kms.katalon.core.common.CommonExecutor.accessTestCaseMainPhase(CommonExecutor.java:65)
	at com.kms.katalon.core.main.TestSuiteExecutor.accessTestSuiteMainPhase(TestSuiteExecutor.java:150)
	at com.kms.katalon.core.main.TestSuiteExecutor.execute(TestSuiteExecutor.java:106)
	at com.kms.katalon.core.main.TestCaseMain.startTestSuite(TestCaseMain.java:180)
	at TempTestSuite1729050801829.run(TempTestSuite1729050801829.groovy:35)
	at java.base/jdk.internal.reflect.NativeMethodAccessorImpl.invoke0(Native Method)
	at java.base/jdk.internal.reflect.NativeMethodAccessorImpl.invoke(NativeMethodAccessorImpl.java:77)
	at java.base/jdk.internal.reflect.DelegatingMethodAccessorImpl.invoke(DelegatingMethodAccessorImpl.java:43)
Caused by: java.lang.IllegalArgumentException: Object is null
	at com.kms.katalon.core.helper.KeywordHelper.checkTestObjectParameter(KeywordHelper.java:33)
	at com.kms.katalon.core.webui.keyword.builtin.VerifyElementPresentKeyword$_verifyElementPresent_closure1.doCall(VerifyElementPresentKeyword.groovy:76)
	at com.kms.katalon.core.webui.keyword.builtin.VerifyElementPresentKeyword$_verifyElementPresent_closure1.call(VerifyElementPresentKeyword.groovy)
	at com.kms.katalon.core.webui.keyword.internal.WebUIKeywordMain.runKeyword(WebUIKeywordMain.groovy:20)
	at com.kms.katalon.core.webui.keyword.builtin.VerifyElementPresentKeyword.verifyElementPresent(VerifyElementPresentKeyword.groovy:92)
	at com.kms.katalon.core.webui.keyword.builtin.VerifyElementPresentKeyword.execute(VerifyElementPresentKeyword.groovy:68)
	at com.kms.katalon.core.keyword.internal.KeywordExecutor.executeKeywordForPlatform(KeywordExecutor.groovy:74)
	at com.kms.katalon.core.webui.keyword.WebUiBuiltInKeywords.verifyElementPresent(WebUiBuiltInKeywords.groovy:1503)
	at Script1719299571342.GetAllPAOData(Script1719299571342.groovy:862)
	at Script1719299571342.run(Script1719299571342.groovy:362)
	... 15 more
)
	at com.kms.katalon.core.keyword.internal.KeywordMain.stepFailed(KeywordMain.groovy:39)
	at com.kms.katalon.core.webui.keyword.internal.WebUIKeywordMain.stepFailed(WebUIKeywordMain.groovy:64)
	at com.kms.katalon.core.webui.keyword.internal.WebUIKeywordMain.runKeyword(WebUIKeywordMain.groovy:26)
	at com.kms.katalon.core.webui.keyword.builtin.VerifyElementPresentKeyword.verifyElementPresent(VerifyElementPresentKeyword.groovy:92)
	at com.kms.katalon.core.webui.keyword.builtin.VerifyElementPresentKeyword.execute(VerifyElementPresentKeyword.groovy:68)
	at com.kms.katalon.core.keyword.internal.KeywordExecutor.executeKeywordForPlatform(KeywordExecutor.groovy:74)
	at com.kms.katalon.core.webui.keyword.WebUiBuiltInKeywords.verifyElementPresent(WebUiBuiltInKeywords.groovy:1503)
	at Выполнение бизнес-плана сверка дашбордов.GetAllPAOData(Выполнение бизнес-плана сверка дашбордов:862)
	at Выполнение бизнес-плана сверка дашбордов.run(Выполнение бизнес-плана сверка дашбордов:362)
	at com.kms.katalon.core.main.ScriptEngine.run(ScriptEngine.java:194)
	at com.kms.katalon.core.main.ScriptEngine.runScriptAsRawText(ScriptEngine.java:119)
	at com.kms.katalon.core.main.TestCaseExecutor.runScript(TestCaseExecutor.java:448)
	at com.kms.katalon.core.main.TestCaseExecutor.doExecute(TestCaseExecutor.java:439)
	at com.kms.katalon.core.main.TestCaseExecutor.processExecutionPhase(TestCaseExecutor.java:418)
	at com.kms.katalon.core.main.TestCaseExecutor.accessMainPhase(TestCaseExecutor.java:410)
	at com.kms.katalon.core.main.TestCaseExecutor.execute(TestCaseExecutor.java:285)
	at com.kms.katalon.core.common.CommonExecutor.accessTestCaseMainPhase(CommonExecutor.java:65)
	at com.kms.katalon.core.main.TestSuiteExecutor.accessTestSuiteMainPhase(TestSuiteExecutor.java:150)
	at com.kms.katalon.core.main.TestSuiteExecutor.execute(TestSuiteExecutor.java:106)
	at com.kms.katalon.core.main.TestCaseMain.startTestSuite(TestCaseMain.java:180)
	at TempTestSuite1729050801829.run(TempTestSuite1729050801829.groovy:35)
	at java.base/jdk.internal.reflect.NativeMethodAccessorImpl.invoke0(Native Method)
	at java.base/jdk.internal.reflect.NativeMethodAccessorImpl.invoke(NativeMethodAccessorImpl.java:77)
	at java.base/jdk.internal.reflect.DelegatingMethodAccessorImpl.invoke(DelegatingMethodAccessorImpl.java:43)
Caused by: com.kms.katalon.core.exception.StepFailedException: Unable to verify object is present
	... 23 more
Caused by: java.lang.IllegalArgumentException: Object is null
	at com.kms.katalon.core.helper.KeywordHelper.checkTestObjectParameter(KeywordHelper.java:33)
	at com.kms.katalon.core.webui.keyword.builtin.VerifyElementPresentKeyword$_verifyElementPresent_closure1.doCall(VerifyElementPresentKeyword.groovy:76)
	at com.kms.katalon.core.webui.keyword.builtin.VerifyElementPresentKeyword$_verifyElementPresent_closure1.call(VerifyElementPresentKeyword.groovy)
	at com.kms.katalon.core.webui.keyword.internal.WebUIKeywordMain.runKeyword(WebUIKeywordMain.groovy:20)
	... 21 more]]></system-out>
      <system-err><![CDATA[16-10-2024T06:53:28 - [TEST_SUITE][FAILED] - Сверка дашбордов из разных блоков: Test Cases/Сверки дашбордов/Выполнение бизнес-плана сверка дашбордов FAILED.
Reason:
com.kms.katalon.core.exception.StepFailedException: Unable to verify object is present (Root cause: com.kms.katalon.core.exception.StepFailedException: Unable to verify object is present
	at com.kms.katalon.core.webui.keyword.internal.WebUIKeywordMain.stepFailed(WebUIKeywordMain.groovy:64)
	at com.kms.katalon.core.webui.keyword.internal.WebUIKeywordMain.runKeyword(WebUIKeywordMain.groovy:26)
	at com.kms.katalon.core.webui.keyword.builtin.VerifyElementPresentKeyword.verifyElementPresent(VerifyElementPresentKeyword.groovy:92)
	at com.kms.katalon.core.webui.keyword.builtin.VerifyElementPresentKeyword.execute(VerifyElementPresentKeyword.groovy:68)
	at com.kms.katalon.core.keyword.internal.KeywordExecutor.executeKeywordForPlatform(KeywordExecutor.groovy:74)
	at com.kms.katalon.core.webui.keyword.WebUiBuiltInKeywords.verifyElementPresent(WebUiBuiltInKeywords.groovy:1503)
	at Выполнение бизнес-плана сверка дашбордов.GetAllPAOData(Выполнение бизнес-плана сверка дашбордов:862)
	at Выполнение бизнес-плана сверка дашбордов.run(Выполнение бизнес-плана сверка дашбордов:362)
	at com.kms.katalon.core.main.ScriptEngine.run(ScriptEngine.java:194)
	at com.kms.katalon.core.main.ScriptEngine.runScriptAsRawText(ScriptEngine.java:119)
	at com.kms.katalon.core.main.TestCaseExecutor.runScript(TestCaseExecutor.java:448)
	at com.kms.katalon.core.main.TestCaseExecutor.doExecute(TestCaseExecutor.java:439)
	at com.kms.katalon.core.main.TestCaseExecutor.processExecutionPhase(TestCaseExecutor.java:418)
	at com.kms.katalon.core.main.TestCaseExecutor.accessMainPhase(TestCaseExecutor.java:410)
	at com.kms.katalon.core.main.TestCaseExecutor.execute(TestCaseExecutor.java:285)
	at com.kms.katalon.core.common.CommonExecutor.accessTestCaseMainPhase(CommonExecutor.java:65)
	at com.kms.katalon.core.main.TestSuiteExecutor.accessTestSuiteMainPhase(TestSuiteExecutor.java:150)
	at com.kms.katalon.core.main.TestSuiteExecutor.execute(TestSuiteExecutor.java:106)
	at com.kms.katalon.core.main.TestCaseMain.startTestSuite(TestCaseMain.java:180)
	at TempTestSuite1729050801829.run(TempTestSuite1729050801829.groovy:35)
	at java.base/jdk.internal.reflect.NativeMethodAccessorImpl.invoke0(Native Method)
	at java.base/jdk.internal.reflect.NativeMethodAccessorImpl.invoke(NativeMethodAccessorImpl.java:77)
	at java.base/jdk.internal.reflect.DelegatingMethodAccessorImpl.invoke(DelegatingMethodAccessorImpl.java:43)
Caused by: java.lang.IllegalArgumentException: Object is null
	at com.kms.katalon.core.helper.KeywordHelper.checkTestObjectParameter(KeywordHelper.java:33)
	at com.kms.katalon.core.webui.keyword.builtin.VerifyElementPresentKeyword$_verifyElementPresent_closure1.doCall(VerifyElementPresentKeyword.groovy:76)
	at com.kms.katalon.core.webui.keyword.builtin.VerifyElementPresentKeyword$_verifyElementPresent_closure1.call(VerifyElementPresentKeyword.groovy)
	at com.kms.katalon.core.webui.keyword.internal.WebUIKeywordMain.runKeyword(WebUIKeywordMain.groovy:20)
	at com.kms.katalon.core.webui.keyword.builtin.VerifyElementPresentKeyword.verifyElementPresent(VerifyElementPresentKeyword.groovy:92)
	at com.kms.katalon.core.webui.keyword.builtin.VerifyElementPresentKeyword.execute(VerifyElementPresentKeyword.groovy:68)
	at com.kms.katalon.core.keyword.internal.KeywordExecutor.executeKeywordForPlatform(KeywordExecutor.groovy:74)
	at com.kms.katalon.core.webui.keyword.WebUiBuiltInKeywords.verifyElementPresent(WebUiBuiltInKeywords.groovy:1503)
	at Script1719299571342.GetAllPAOData(Script1719299571342.groovy:862)
	at Script1719299571342.run(Script1719299571342.groovy:362)
	... 15 more
)
	at com.kms.katalon.core.keyword.internal.KeywordMain.stepFailed(KeywordMain.groovy:39)
	at com.kms.katalon.core.webui.keyword.internal.WebUIKeywordMain.stepFailed(WebUIKeywordMain.groovy:64)
	at com.kms.katalon.core.webui.keyword.internal.WebUIKeywordMain.runKeyword(WebUIKeywordMain.groovy:26)
	at com.kms.katalon.core.webui.keyword.builtin.VerifyElementPresentKeyword.verifyElementPresent(VerifyElementPresentKeyword.groovy:92)
	at com.kms.katalon.core.webui.keyword.builtin.VerifyElementPresentKeyword.execute(VerifyElementPresentKeyword.groovy:68)
	at com.kms.katalon.core.keyword.internal.KeywordExecutor.executeKeywordForPlatform(KeywordExecutor.groovy:74)
	at com.kms.katalon.core.webui.keyword.WebUiBuiltInKeywords.verifyElementPresent(WebUiBuiltInKeywords.groovy:1503)
	at Выполнение бизнес-плана сверка дашбордов.GetAllPAOData(Выполнение бизнес-плана сверка дашбордов:862)
	at Выполнение бизнес-плана сверка дашбордов.run(Выполнение бизнес-плана сверка дашбордов:362)
	at com.kms.katalon.core.main.ScriptEngine.run(ScriptEngine.java:194)
	at com.kms.katalon.core.main.ScriptEngine.runScriptAsRawText(ScriptEngine.java:119)
	at com.kms.katalon.core.main.TestCaseExecutor.runScript(TestCaseExecutor.java:448)
	at com.kms.katalon.core.main.TestCaseExecutor.doExecute(TestCaseExecutor.java:439)
	at com.kms.katalon.core.main.TestCaseExecutor.processExecutionPhase(TestCaseExecutor.java:418)
	at com.kms.katalon.core.main.TestCaseExecutor.accessMainPhase(TestCaseExecutor.java:410)
	at com.kms.katalon.core.main.TestCaseExecutor.execute(TestCaseExecutor.java:285)
	at com.kms.katalon.core.common.CommonExecutor.accessTestCaseMainPhase(CommonExecutor.java:65)
	at com.kms.katalon.core.main.TestSuiteExecutor.accessTestSuiteMainPhase(TestSuiteExecutor.java:150)
	at com.kms.katalon.core.main.TestSuiteExecutor.execute(TestSuiteExecutor.java:106)
	at com.kms.katalon.core.main.TestCaseMain.startTestSuite(TestCaseMain.java:180)
	at TempTestSuite1729050801829.run(TempTestSuite1729050801829.groovy:35)
	at java.base/jdk.internal.reflect.NativeMethodAccessorImpl.invoke0(Native Method)
	at java.base/jdk.internal.reflect.NativeMethodAccessorImpl.invoke(NativeMethodAccessorImpl.java:77)
	at java.base/jdk.internal.reflect.DelegatingMethodAccessorImpl.invoke(DelegatingMethodAccessorImpl.java:43)
Caused by: com.kms.katalon.core.exception.StepFailedException: Unable to verify object is present
	... 23 more
Caused by: java.lang.IllegalArgumentException: Object is null
	at com.kms.katalon.core.helper.KeywordHelper.checkTestObjectParameter(KeywordHelper.java:33)
	at com.kms.katalon.core.webui.keyword.builtin.VerifyElementPresentKeyword$_verifyElementPresent_closure1.doCall(VerifyElementPresentKeyword.groovy:76)
	at com.kms.katalon.core.webui.keyword.builtin.VerifyElementPresentKeyword$_verifyElementPresent_closure1.call(VerifyElementPresentKeyword.groovy)
	at com.kms.katalon.core.webui.keyword.internal.WebUIKeywordMain.runKeyword(WebUIKeywordMain.groovy:20)
	... 21 more]]></system-err>
   </testsuite>
</testsuites>
