<?xml version="1.0" encoding="UTF-8"?>
<testsuites name="Сверка дашбордов из разных блоков" time="6299.958" tests="4" failures="3" errors="0">
   <testsuite name="Сверка дашбордов из разных блоков" tests="4" failures="3" errors="0" time="6299.958" skipped="0" timestamp="14-10-2024T10:23:21" hostname="liazgina-di - UVV-WS904-D.ot.ru" id="Test Suites/Пн-Ср-Пт/Сверка дашбордов из разных блоков">
      <properties>
         <property name="deviceName" value=""/>
         <property name="devicePlatform"/>
         <property name="logFolder" value="C:\\Users\\LIAZGINA-DI\\git\\SPORU\\Reports\\20241014_102317\\\u041F\u043D-\u0421\u0440-\u041F\u0442\\\u0421\u0432\u0435\u0440\u043A\u0430 \u0434\u0430\u0448\u0431\u043E\u0440\u0434\u043E\u0432 \u0438\u0437 \u0440\u0430\u0437\u043D\u044B\u0445 \u0431\u043B\u043E\u043A\u043E\u0432\\20241014_102317"/>
         <property name="logFiles" value="C:\\Users\\LIAZGINA-DI\\git\\SPORU\\Reports\\20241014_102317\\\u041F\u043D-\u0421\u0440-\u041F\u0442\\\u0421\u0432\u0435\u0440\u043A\u0430 \u0434\u0430\u0448\u0431\u043E\u0440\u0434\u043E\u0432 \u0438\u0437 \u0440\u0430\u0437\u043D\u044B\u0445 \u0431\u043B\u043E\u043A\u043E\u0432\\20241014_102317\\execution0.log"/>
         <property name="attachments" value=""/>
         <property name="hostName" value="liazgina-di - UVV-WS904-D.ot.ru"/>
         <property name="os" value="Windows 10 64bit"/>
         <property name="katalonVersion" value="9.5.0.217"/>
         <property name="browser" value="Chrome 129.0.0.0"/>
         <property name="hostAddress" value="192.168.0.19"/>
         <property name="sessionId" value="4263e9f97a6ad676fda47cc1a747e592"/>
         <property name="seleniumVersion" value="3.141.59"/>
         <property name="proxyInformation" value="ProxyInformation { proxyOption=NO_PROXY, proxyServerType=HTTP, username=, password=********, proxyServerAddress=, proxyServerPort=0, executionList=&quot;&quot;, isApplyToDesiredCapabilities=true }"/>
         <property name="platform" value="Windows 10"/>
      </properties>
      <testcase name="Test Cases/Сверки дашбордов/Выручка в рублях сверка дашбордов ПАО Россети" time="4544.274" classname="Test Cases/Сверки дашбордов/Выручка в рублях сверка дашбордов ПАО Россети" status="FAILED">
         <failure type="FAILED" message="Test Cases/Сверки дашбордов/Выручка в рублях сверка дашбордов ПАО Россети FAILED.&#xa;Reason:&#xa;com.kms.katalon.core.exception.StepFailedException: Unable to verify equal between actual object '-23.85' and expected object '2.78' (Root cause: com.kms.katalon.core.exception.StepFailedException: Actual object '-23.85' and expected object '2.78' are not equal&#xa;	at com.kms.katalon.core.keyword.builtin.VerifyEqualKeyword$_verifyEqual_closure1.doCall(VerifyEqualKeyword.groovy:58)&#xa;	at com.kms.katalon.core.keyword.builtin.VerifyEqualKeyword$_verifyEqual_closure1.call(VerifyEqualKeyword.groovy)&#xa;	at com.kms.katalon.core.keyword.internal.KeywordMain.runKeyword(KeywordMain.groovy:75)&#xa;	at com.kms.katalon.core.keyword.builtin.VerifyEqualKeyword.verifyEqual(VerifyEqualKeyword.groovy:63)&#xa;	at com.kms.katalon.core.keyword.builtin.VerifyEqualKeyword.execute(VerifyEqualKeyword.groovy:44)&#xa;	at com.kms.katalon.core.keyword.internal.KeywordExecutor.executeKeywordForPlatform(KeywordExecutor.groovy:74)&#xa;	at com.kms.katalon.core.keyword.BuiltinKeywords.verifyEqual(BuiltinKeywords.groovy:146)&#xa;	at jdk.internal.reflect.GeneratedMethodAccessor19.invoke(Unknown Source)&#xa;	at java.base/jdk.internal.reflect.DelegatingMethodAccessorImpl.invoke(DelegatingMethodAccessorImpl.java:43)&#xa;	at Выручка в рублях сверка дашбордов ПАО Россети.Blocks(Выручка в рублях сверка дашбордов ПАО Россети:357)&#xa;	at Выручка в рублях сверка дашбордов ПАО Россети.ViruchkaChange(Выручка в рублях сверка дашбордов ПАО Россети:60)&#xa;	at Выручка в рублях сверка дашбордов ПАО Россети.run(Выручка в рублях сверка дашбордов ПАО Россети:55)&#xa;	at com.kms.katalon.core.main.ScriptEngine.run(ScriptEngine.java:194)&#xa;	at com.kms.katalon.core.main.ScriptEngine.runScriptAsRawText(ScriptEngine.java:119)&#xa;	at com.kms.katalon.core.main.TestCaseExecutor.runScript(TestCaseExecutor.java:448)&#xa;	at com.kms.katalon.core.main.TestCaseExecutor.doExecute(TestCaseExecutor.java:439)&#xa;	at com.kms.katalon.core.main.TestCaseExecutor.processExecutionPhase(TestCaseExecutor.java:418)&#xa;	at com.kms.katalon.core.main.TestCaseExecutor.accessMainPhase(TestCaseExecutor.java:410)&#xa;	at com.kms.katalon.core.main.TestCaseExecutor.execute(TestCaseExecutor.java:285)&#xa;	at com.kms.katalon.core.common.CommonExecutor.accessTestCaseMainPhase(CommonExecutor.java:65)&#xa;	at com.kms.katalon.core.main.TestSuiteExecutor.accessTestSuiteMainPhase(TestSuiteExecutor.java:150)&#xa;	at com.kms.katalon.core.main.TestSuiteExecutor.execute(TestSuiteExecutor.java:106)&#xa;	at com.kms.katalon.core.main.TestCaseMain.startTestSuite(TestCaseMain.java:180)&#xa;	at TempTestSuite1728890597227.run(TempTestSuite1728890597227.groovy:35)&#xa;	at java.base/jdk.internal.reflect.NativeMethodAccessorImpl.invoke0(Native Method)&#xa;	at java.base/jdk.internal.reflect.NativeMethodAccessorImpl.invoke(NativeMethodAccessorImpl.java:77)&#xa;	at java.base/jdk.internal.reflect.DelegatingMethodAccessorImpl.invoke(DelegatingMethodAccessorImpl.java:43)&#xa;)&#xa;	at com.kms.katalon.core.keyword.internal.KeywordMain.stepFailed(KeywordMain.groovy:39)&#xa;	at com.kms.katalon.core.keyword.internal.KeywordMain.stepFailed(KeywordMain.groovy)&#xa;	at com.kms.katalon.core.keyword.internal.KeywordMain.runKeyword(KeywordMain.groovy:77)&#xa;	at com.kms.katalon.core.keyword.builtin.VerifyEqualKeyword.verifyEqual(VerifyEqualKeyword.groovy:63)&#xa;	at com.kms.katalon.core.keyword.builtin.VerifyEqualKeyword.execute(VerifyEqualKeyword.groovy:44)&#xa;	at com.kms.katalon.core.keyword.internal.KeywordExecutor.executeKeywordForPlatform(KeywordExecutor.groovy:74)&#xa;	at com.kms.katalon.core.keyword.BuiltinKeywords.verifyEqual(BuiltinKeywords.groovy:146)&#xa;	at jdk.internal.reflect.GeneratedMethodAccessor19.invoke(Unknown Source)&#xa;	at java.base/jdk.internal.reflect.DelegatingMethodAccessorImpl.invoke(DelegatingMethodAccessorImpl.java:43)&#xa;	at Выручка в рублях сверка дашбордов ПАО Россети.Blocks(Выручка в рублях сверка дашбордов ПАО Россети:357)&#xa;	at Выручка в рублях сверка дашбордов ПАО Россети.ViruchkaChange(Выручка в рублях сверка дашбордов ПАО Россети:60)&#xa;	at Выручка в рублях сверка дашбордов ПАО Россети.run(Выручка в рублях сверка дашбордов ПАО Россети:55)&#xa;	at com.kms.katalon.core.main.ScriptEngine.run(ScriptEngine.java:194)&#xa;	at com.kms.katalon.core.main.ScriptEngine.runScriptAsRawText(ScriptEngine.java:119)&#xa;	at com.kms.katalon.core.main.TestCaseExecutor.runScript(TestCaseExecutor.java:448)&#xa;	at com.kms.katalon.core.main.TestCaseExecutor.doExecute(TestCaseExecutor.java:439)&#xa;	at com.kms.katalon.core.main.TestCaseExecutor.processExecutionPhase(TestCaseExecutor.java:418)&#xa;	at com.kms.katalon.core.main.TestCaseExecutor.accessMainPhase(TestCaseExecutor.java:410)&#xa;	at com.kms.katalon.core.main.TestCaseExecutor.execute(TestCaseExecutor.java:285)&#xa;	at com.kms.katalon.core.common.CommonExecutor.accessTestCaseMainPhase(CommonExecutor.java:65)&#xa;	at com.kms.katalon.core.main.TestSuiteExecutor.accessTestSuiteMainPhase(TestSuiteExecutor.java:150)&#xa;	at com.kms.katalon.core.main.TestSuiteExecutor.execute(TestSuiteExecutor.java:106)&#xa;	at com.kms.katalon.core.main.TestCaseMain.startTestSuite(TestCaseMain.java:180)&#xa;	at TempTestSuite1728890597227.run(TempTestSuite1728890597227.groovy:35)&#xa;	at java.base/jdk.internal.reflect.NativeMethodAccessorImpl.invoke0(Native Method)&#xa;	at java.base/jdk.internal.reflect.NativeMethodAccessorImpl.invoke(NativeMethodAccessorImpl.java:77)&#xa;	at java.base/jdk.internal.reflect.DelegatingMethodAccessorImpl.invoke(DelegatingMethodAccessorImpl.java:43)&#xa;Caused by: com.kms.katalon.core.exception.StepFailedException: Actual object '-23.85' and expected object '2.78' are not equal&#xa;	at com.kms.katalon.core.keyword.builtin.VerifyEqualKeyword$_verifyEqual_closure1.doCall(VerifyEqualKeyword.groovy:58)&#xa;	at com.kms.katalon.core.keyword.builtin.VerifyEqualKeyword$_verifyEqual_closure1.call(VerifyEqualKeyword.groovy)&#xa;	at com.kms.katalon.core.keyword.internal.KeywordMain.runKeyword(KeywordMain.groovy:75)&#xa;	... 24 more&#xa;"/>
         <system-out><![CDATA[14-10-2024T10:23:21 - [TEST_CASE][FAILED] - Test Cases/Сверки дашбордов/Выручка в рублях сверка дашбордов ПАО Россети: Test Cases/Сверки дашбордов/Выручка в рублях сверка дашбордов ПАО Россети FAILED.
Reason:
com.kms.katalon.core.exception.StepFailedException: Unable to verify equal between actual object '-23.85' and expected object '2.78' (Root cause: com.kms.katalon.core.exception.StepFailedException: Actual object '-23.85' and expected object '2.78' are not equal
	at com.kms.katalon.core.keyword.builtin.VerifyEqualKeyword$_verifyEqual_closure1.doCall(VerifyEqualKeyword.groovy:58)
	at com.kms.katalon.core.keyword.builtin.VerifyEqualKeyword$_verifyEqual_closure1.call(VerifyEqualKeyword.groovy)
	at com.kms.katalon.core.keyword.internal.KeywordMain.runKeyword(KeywordMain.groovy:75)
	at com.kms.katalon.core.keyword.builtin.VerifyEqualKeyword.verifyEqual(VerifyEqualKeyword.groovy:63)
	at com.kms.katalon.core.keyword.builtin.VerifyEqualKeyword.execute(VerifyEqualKeyword.groovy:44)
	at com.kms.katalon.core.keyword.internal.KeywordExecutor.executeKeywordForPlatform(KeywordExecutor.groovy:74)
	at com.kms.katalon.core.keyword.BuiltinKeywords.verifyEqual(BuiltinKeywords.groovy:146)
	at jdk.internal.reflect.GeneratedMethodAccessor19.invoke(Unknown Source)
	at java.base/jdk.internal.reflect.DelegatingMethodAccessorImpl.invoke(DelegatingMethodAccessorImpl.java:43)
	at Выручка в рублях сверка дашбордов ПАО Россети.Blocks(Выручка в рублях сверка дашбордов ПАО Россети:357)
	at Выручка в рублях сверка дашбордов ПАО Россети.ViruchkaChange(Выручка в рублях сверка дашбордов ПАО Россети:60)
	at Выручка в рублях сверка дашбордов ПАО Россети.run(Выручка в рублях сверка дашбордов ПАО Россети:55)
	at com.kms.katalon.core.main.ScriptEngine.run(ScriptEngine.java:194)
	at com.kms.katalon.core.main.ScriptEngine.runScriptAsRawText(ScriptEngine.java:119)
	at com.kms.katalon.core.main.TestCaseExecutor.runScript(TestCaseExecutor.java:448)
	at com.kms.katalon.core.main.TestCaseExecutor.doExecute(TestCaseExecutor.java:439)
	at com.kms.katalon.core.main.TestCaseExecutor.processExecutionPhase(TestCaseExecutor.java:418)
	at com.kms.katalon.core.main.TestCaseExecutor.accessMainPhase(TestCaseExecutor.java:410)
	at com.kms.katalon.core.main.TestCaseExecutor.execute(TestCaseExecutor.java:285)
	at com.kms.katalon.core.common.CommonExecutor.accessTestCaseMainPhase(CommonExecutor.java:65)
	at com.kms.katalon.core.main.TestSuiteExecutor.accessTestSuiteMainPhase(TestSuiteExecutor.java:150)
	at com.kms.katalon.core.main.TestSuiteExecutor.execute(TestSuiteExecutor.java:106)
	at com.kms.katalon.core.main.TestCaseMain.startTestSuite(TestCaseMain.java:180)
	at TempTestSuite1728890597227.run(TempTestSuite1728890597227.groovy:35)
	at java.base/jdk.internal.reflect.NativeMethodAccessorImpl.invoke0(Native Method)
	at java.base/jdk.internal.reflect.NativeMethodAccessorImpl.invoke(NativeMethodAccessorImpl.java:77)
	at java.base/jdk.internal.reflect.DelegatingMethodAccessorImpl.invoke(DelegatingMethodAccessorImpl.java:43)
)
	at com.kms.katalon.core.keyword.internal.KeywordMain.stepFailed(KeywordMain.groovy:39)
	at com.kms.katalon.core.keyword.internal.KeywordMain.stepFailed(KeywordMain.groovy)
	at com.kms.katalon.core.keyword.internal.KeywordMain.runKeyword(KeywordMain.groovy:77)
	at com.kms.katalon.core.keyword.builtin.VerifyEqualKeyword.verifyEqual(VerifyEqualKeyword.groovy:63)
	at com.kms.katalon.core.keyword.builtin.VerifyEqualKeyword.execute(VerifyEqualKeyword.groovy:44)
	at com.kms.katalon.core.keyword.internal.KeywordExecutor.executeKeywordForPlatform(KeywordExecutor.groovy:74)
	at com.kms.katalon.core.keyword.BuiltinKeywords.verifyEqual(BuiltinKeywords.groovy:146)
	at jdk.internal.reflect.GeneratedMethodAccessor19.invoke(Unknown Source)
	at java.base/jdk.internal.reflect.DelegatingMethodAccessorImpl.invoke(DelegatingMethodAccessorImpl.java:43)
	at Выручка в рублях сверка дашбордов ПАО Россети.Blocks(Выручка в рублях сверка дашбордов ПАО Россети:357)
	at Выручка в рублях сверка дашбордов ПАО Россети.ViruchkaChange(Выручка в рублях сверка дашбордов ПАО Россети:60)
	at Выручка в рублях сверка дашбордов ПАО Россети.run(Выручка в рублях сверка дашбордов ПАО Россети:55)
	at com.kms.katalon.core.main.ScriptEngine.run(ScriptEngine.java:194)
	at com.kms.katalon.core.main.ScriptEngine.runScriptAsRawText(ScriptEngine.java:119)
	at com.kms.katalon.core.main.TestCaseExecutor.runScript(TestCaseExecutor.java:448)
	at com.kms.katalon.core.main.TestCaseExecutor.doExecute(TestCaseExecutor.java:439)
	at com.kms.katalon.core.main.TestCaseExecutor.processExecutionPhase(TestCaseExecutor.java:418)
	at com.kms.katalon.core.main.TestCaseExecutor.accessMainPhase(TestCaseExecutor.java:410)
	at com.kms.katalon.core.main.TestCaseExecutor.execute(TestCaseExecutor.java:285)
	at com.kms.katalon.core.common.CommonExecutor.accessTestCaseMainPhase(CommonExecutor.java:65)
	at com.kms.katalon.core.main.TestSuiteExecutor.accessTestSuiteMainPhase(TestSuiteExecutor.java:150)
	at com.kms.katalon.core.main.TestSuiteExecutor.execute(TestSuiteExecutor.java:106)
	at com.kms.katalon.core.main.TestCaseMain.startTestSuite(TestCaseMain.java:180)
	at TempTestSuite1728890597227.run(TempTestSuite1728890597227.groovy:35)
	at java.base/jdk.internal.reflect.NativeMethodAccessorImpl.invoke0(Native Method)
	at java.base/jdk.internal.reflect.NativeMethodAccessorImpl.invoke(NativeMethodAccessorImpl.java:77)
	at java.base/jdk.internal.reflect.DelegatingMethodAccessorImpl.invoke(DelegatingMethodAccessorImpl.java:43)
Caused by: com.kms.katalon.core.exception.StepFailedException: Actual object '-23.85' and expected object '2.78' are not equal
	at com.kms.katalon.core.keyword.builtin.VerifyEqualKeyword$_verifyEqual_closure1.doCall(VerifyEqualKeyword.groovy:58)
	at com.kms.katalon.core.keyword.builtin.VerifyEqualKeyword$_verifyEqual_closure1.call(VerifyEqualKeyword.groovy)
	at com.kms.katalon.core.keyword.internal.KeywordMain.runKeyword(KeywordMain.groovy:75)
	... 24 more


14-10-2024T10:23:22 - [TEST_STEP][PASSED] - date = new java.util.Date(): null

14-10-2024T10:23:22 - [TEST_STEP][PASSED] - todaysDate = date.format("dd.MM.yyyy"): null

14-10-2024T10:23:22 - [TEST_STEP][PASSED] - println(todaysDate): null

14-10-2024T10:23:22 - [TEST_STEP][PASSED] - run = 1: null

14-10-2024T10:23:22 - [TEST_STEP][PASSED] - vir = 1: null

14-10-2024T10:23:22 - [TEST_STEP][PASSED] - block = 1: null

14-10-2024T10:23:22 - [TEST_STEP][PASSED] - vidget = <not implemented yet for class: org.codehaus.groovy.ast.expr.EmptyExpression>: null

14-10-2024T10:23:23 - [TEST_STEP][PASSED] - nameOfBlock = <not implemented yet for class: org.codehaus.groovy.ast.expr.EmptyExpression>: null

14-10-2024T10:23:23 - [TEST_STEP][PASSED] - typeOfData = <not implemented yet for class: org.codehaus.groovy.ast.expr.EmptyExpression>: null

14-10-2024T10:23:23 - [TEST_STEP][PASSED] - viruchka = <not implemented yet for class: org.codehaus.groovy.ast.expr.EmptyExpression>: null

14-10-2024T10:23:23 - [TEST_STEP][PASSED] - a = <not implemented yet for class: org.codehaus.groovy.ast.expr.EmptyExpression>: null

14-10-2024T10:23:23 - [TEST_STEP][PASSED] - b = <not implemented yet for class: org.codehaus.groovy.ast.expr.EmptyExpression>: null

14-10-2024T10:23:23 - [TEST_STEP][PASSED] - x = <not implemented yet for class: org.codehaus.groovy.ast.expr.EmptyExpression>: null

14-10-2024T10:23:23 - [TEST_STEP][PASSED] - y = <not implemented yet for class: org.codehaus.groovy.ast.expr.EmptyExpression>: null

14-10-2024T10:23:23 - [TEST_STEP][PASSED] - dZO = "ПАО Россети": null

14-10-2024T10:23:23 - [TEST_STEP][PASSED] - for ([run = 1, run < 3, (run++)]): null

14-10-2024T10:23:23 - [TEST_STEP][PASSED] - Script1710234207206.ViruchkaChange(run, vir, block, nameOfBlock, typeOfData, viruchka, vidget, todaysDate, a, b, dZO, x, y): null

14-10-2024T10:23:23 - [TEST_STEP][PASSED] - for ([vir = 1, vir < 4, (vir++)]): null

14-10-2024T10:23:23 - [TEST_STEP][PASSED] - Script1710234207206.Blocks(run, vir, block, nameOfBlock, typeOfData, viruchka, vidget, todaysDate, a, b, dZO, x, y): null

14-10-2024T10:23:23 - [TEST_STEP][PASSED] - i = <not implemented yet for class: org.codehaus.groovy.ast.expr.EmptyExpression>: null

14-10-2024T10:23:23 - [TEST_STEP][PASSED] - perc = "": null

14-10-2024T10:23:23 - [TEST_STEP][PASSED] - a1 = <not implemented yet for class: org.codehaus.groovy.ast.expr.EmptyExpression>: null

14-10-2024T10:23:23 - [TEST_STEP][PASSED] - a2 = <not implemented yet for class: org.codehaus.groovy.ast.expr.EmptyExpression>: null

14-10-2024T10:23:23 - [TEST_STEP][PASSED] - a30 = <not implemented yet for class: org.codehaus.groovy.ast.expr.EmptyExpression>: null

14-10-2024T10:23:23 - [TEST_STEP][PASSED] - a31 = <not implemented yet for class: org.codehaus.groovy.ast.expr.EmptyExpression>: null

14-10-2024T10:23:23 - [TEST_STEP][PASSED] - a32 = <not implemented yet for class: org.codehaus.groovy.ast.expr.EmptyExpression>: null

14-10-2024T10:23:23 - [TEST_STEP][PASSED] - a33 = <not implemented yet for class: org.codehaus.groovy.ast.expr.EmptyExpression>: null

14-10-2024T10:23:23 - [TEST_STEP][PASSED] - a34 = <not implemented yet for class: org.codehaus.groovy.ast.expr.EmptyExpression>: null

14-10-2024T10:23:23 - [TEST_STEP][PASSED] - a35 = <not implemented yet for class: org.codehaus.groovy.ast.expr.EmptyExpression>: null

14-10-2024T10:23:23 - [TEST_STEP][PASSED] - a36 = <not implemented yet for class: org.codehaus.groovy.ast.expr.EmptyExpression>: null

14-10-2024T10:23:23 - [TEST_STEP][PASSED] - a37 = <not implemented yet for class: org.codehaus.groovy.ast.expr.EmptyExpression>: null

14-10-2024T10:23:23 - [TEST_STEP][PASSED] - a38 = <not implemented yet for class: org.codehaus.groovy.ast.expr.EmptyExpression>: null

14-10-2024T10:23:23 - [TEST_STEP][PASSED] - a39 = <not implemented yet for class: org.codehaus.groovy.ast.expr.EmptyExpression>: null

14-10-2024T10:23:23 - [TEST_STEP][PASSED] - a310 = <not implemented yet for class: org.codehaus.groovy.ast.expr.EmptyExpression>: null

14-10-2024T10:23:23 - [TEST_STEP][PASSED] - a311 = <not implemented yet for class: org.codehaus.groovy.ast.expr.EmptyExpression>: null

14-10-2024T10:23:23 - [TEST_STEP][PASSED] - a312 = <not implemented yet for class: org.codehaus.groovy.ast.expr.EmptyExpression>: null

14-10-2024T10:23:23 - [TEST_STEP][PASSED] - a313 = <not implemented yet for class: org.codehaus.groovy.ast.expr.EmptyExpression>: null

14-10-2024T10:23:23 - [TEST_STEP][PASSED] - a314 = <not implemented yet for class: org.codehaus.groovy.ast.expr.EmptyExpression>: null

14-10-2024T10:23:23 - [TEST_STEP][PASSED] - a315 = <not implemented yet for class: org.codehaus.groovy.ast.expr.EmptyExpression>: null

14-10-2024T10:23:23 - [TEST_STEP][PASSED] - a316 = <not implemented yet for class: org.codehaus.groovy.ast.expr.EmptyExpression>: null

14-10-2024T10:23:23 - [TEST_STEP][PASSED] - a317 = <not implemented yet for class: org.codehaus.groovy.ast.expr.EmptyExpression>: null

14-10-2024T10:23:23 - [TEST_STEP][PASSED] - b1 = <not implemented yet for class: org.codehaus.groovy.ast.expr.EmptyExpression>: null

14-10-2024T10:23:23 - [TEST_STEP][PASSED] - b2 = <not implemented yet for class: org.codehaus.groovy.ast.expr.EmptyExpression>: null

14-10-2024T10:23:23 - [TEST_STEP][PASSED] - b30 = <not implemented yet for class: org.codehaus.groovy.ast.expr.EmptyExpression>: null

14-10-2024T10:23:23 - [TEST_STEP][PASSED] - b31 = <not implemented yet for class: org.codehaus.groovy.ast.expr.EmptyExpression>: null

14-10-2024T10:23:23 - [TEST_STEP][PASSED] - b32 = <not implemented yet for class: org.codehaus.groovy.ast.expr.EmptyExpression>: null

14-10-2024T10:23:23 - [TEST_STEP][PASSED] - b33 = <not implemented yet for class: org.codehaus.groovy.ast.expr.EmptyExpression>: null

14-10-2024T10:23:23 - [TEST_STEP][PASSED] - b34 = <not implemented yet for class: org.codehaus.groovy.ast.expr.EmptyExpression>: null

14-10-2024T10:23:23 - [TEST_STEP][PASSED] - b35 = <not implemented yet for class: org.codehaus.groovy.ast.expr.EmptyExpression>: null

14-10-2024T10:23:23 - [TEST_STEP][PASSED] - b36 = <not implemented yet for class: org.codehaus.groovy.ast.expr.EmptyExpression>: null

14-10-2024T10:23:23 - [TEST_STEP][PASSED] - b37 = <not implemented yet for class: org.codehaus.groovy.ast.expr.EmptyExpression>: null

14-10-2024T10:23:23 - [TEST_STEP][PASSED] - b38 = <not implemented yet for class: org.codehaus.groovy.ast.expr.EmptyExpression>: null

14-10-2024T10:23:23 - [TEST_STEP][PASSED] - b39 = <not implemented yet for class: org.codehaus.groovy.ast.expr.EmptyExpression>: null

14-10-2024T10:23:23 - [TEST_STEP][PASSED] - b310 = <not implemented yet for class: org.codehaus.groovy.ast.expr.EmptyExpression>: null

14-10-2024T10:23:23 - [TEST_STEP][PASSED] - b311 = <not implemented yet for class: org.codehaus.groovy.ast.expr.EmptyExpression>: null

14-10-2024T10:23:23 - [TEST_STEP][PASSED] - b312 = <not implemented yet for class: org.codehaus.groovy.ast.expr.EmptyExpression>: null

14-10-2024T10:23:23 - [TEST_STEP][PASSED] - b313 = <not implemented yet for class: org.codehaus.groovy.ast.expr.EmptyExpression>: null

14-10-2024T10:23:23 - [TEST_STEP][PASSED] - b314 = <not implemented yet for class: org.codehaus.groovy.ast.expr.EmptyExpression>: null

14-10-2024T10:23:23 - [TEST_STEP][PASSED] - b315 = <not implemented yet for class: org.codehaus.groovy.ast.expr.EmptyExpression>: null

14-10-2024T10:23:23 - [TEST_STEP][PASSED] - b316 = <not implemented yet for class: org.codehaus.groovy.ast.expr.EmptyExpression>: null

14-10-2024T10:23:23 - [TEST_STEP][PASSED] - b317 = <not implemented yet for class: org.codehaus.groovy.ast.expr.EmptyExpression>: null

14-10-2024T10:23:23 - [TEST_STEP][PASSED] - block = 1: null

14-10-2024T10:23:23 - [TEST_STEP][PASSED] - nameOfBlock = "": null

14-10-2024T10:23:23 - [TEST_STEP][PASSED] - Script1710234207206.PreSettings(run, vir, block, nameOfBlock, typeOfData, todaysDate): null

14-10-2024T10:23:23 - [TEST_STEP][PASSED] - openBrowser(""): Browser is opened with url: ''

14-10-2024T10:23:23 - [MESSAGE][INFO] - Starting 'Chrome' driver

14-10-2024T10:23:23 - [MESSAGE][INFO] - Action delay is set to 0 milliseconds

14-10-2024T10:23:25 - [MESSAGE][PASSED] - Browser is opened with url: ''

14-10-2024T10:23:25 - [TEST_STEP][PASSED] - refresh(): Refresh successfully

14-10-2024T10:23:25 - [MESSAGE][PASSED] - Refresh successfully

14-10-2024T10:23:25 - [TEST_STEP][PASSED] - delay(50): Delayed 50 second(s)

14-10-2024T10:24:15 - [MESSAGE][PASSED] - Delayed 50 second(s)

14-10-2024T10:24:15 - [TEST_STEP][PASSED] - println("run:" + run): null

14-10-2024T10:24:15 - [TEST_STEP][PASSED] - println("vir:" + vir): null

14-10-2024T10:24:15 - [TEST_STEP][PASSED] - println("block:" + block): null

14-10-2024T10:24:15 - [TEST_STEP][PASSED] - if (block == 1): null

14-10-2024T10:24:15 - [TEST_STEP][PASSED] - nameOfBlock = "": null

14-10-2024T10:24:15 - [TEST_STEP][PASSED] - println("nameOfBlock:" + nameOfBlock): null

14-10-2024T10:24:15 - [TEST_STEP][PASSED] - println("typeOfData:" + typeOfData): null

14-10-2024T10:24:15 - [TEST_STEP][PASSED] - println("todaysDate:" + todaysDate): null

14-10-2024T10:24:15 - [TEST_STEP][PASSED] - Script1710234207206.Autorization(block, nameOfBlock): null

14-10-2024T10:24:15 - [TEST_STEP][PASSED] - println("block:" + block): null

14-10-2024T10:24:15 - [TEST_STEP][PASSED] - if (block == 1): null

14-10-2024T10:24:15 - [TEST_STEP][PASSED] - nameOfBlock = "": null

14-10-2024T10:24:15 - [TEST_STEP][PASSED] - println("nameOfBlock:" + nameOfBlock): null

14-10-2024T10:24:15 - [TEST_STEP][PASSED] - if (block == 1): Delayed 45 second(s)

14-10-2024T10:24:15 - [TEST_STEP][PASSED] - navigateToUrl(findTestData("PlanFact").getValue(10, 2)): Navigate to 'https://bi.rosseti.digital/viewer?dashboardGuid=2301950b23be4ed89c1df75f2020051e&sheetGuid=b723206f698544fb87299f3095c00435&fit=true' successfully

14-10-2024T10:24:33 - [MESSAGE][PASSED] - Navigate to 'https://bi.rosseti.digital/viewer?dashboardGuid=2301950b23be4ed89c1df75f2020051e&sheetGuid=b723206f698544fb87299f3095c00435&fit=true' successfully

14-10-2024T10:24:33 - [TEST_STEP][PASSED] - delay(45): Delayed 45 second(s)

14-10-2024T10:25:18 - [MESSAGE][PASSED] - Delayed 45 second(s)

14-10-2024T10:25:18 - [TEST_STEP][PASSED] - if (verifyElementPresent(findTestObject("Страница авторизации/button_"), 30) == true): null

14-10-2024T10:25:18 - [MESSAGE][PASSED] - Object 'Object Repository/Страница авторизации/button_' is present

14-10-2024T10:25:18 - [TEST_STEP][PASSED] - setText(findTestObject("Страница авторизации/input__username"), findTestData("PlanFact").getValue(8, 1)): Text 'shekhov-aa' is set on object 'Object Repository/Страница авторизации/input__username'

14-10-2024T10:25:19 - [MESSAGE][PASSED] - Text 'shekhov-aa' is set on object 'Object Repository/Страница авторизации/input__username'

14-10-2024T10:25:19 - [TEST_STEP][PASSED] - setText(findTestObject("Страница авторизации/input__password"), findTestData("PlanFact").getValue(9, 1)): Text 'i)RpQLLlXv9gUDC9' is set on object 'Object Repository/Страница авторизации/input__password'

14-10-2024T10:25:20 - [MESSAGE][PASSED] - Text 'i)RpQLLlXv9gUDC9' is set on object 'Object Repository/Страница авторизации/input__password'

14-10-2024T10:25:20 - [TEST_STEP][PASSED] - click(findTestObject("Страница авторизации/button_")): Object: 'Object Repository/Страница авторизации/button_' is clicked on

14-10-2024T10:25:23 - [MESSAGE][PASSED] - Object: 'Object Repository/Страница авторизации/button_' is clicked on

14-10-2024T10:25:23 - [TEST_STEP][PASSED] - delay(45): Delayed 45 second(s)

14-10-2024T10:26:08 - [MESSAGE][PASSED] - Delayed 45 second(s)

14-10-2024T10:26:08 - [TEST_STEP][PASSED] - if (block == 2): null

14-10-2024T10:26:08 - [TEST_STEP][PASSED] - click(findTestObject("Выручка в рублях/Фильтр Период" + nameOfBlock)): Object: 'Object Repository/Выручка в рублях/Фильтр Период' is clicked on

14-10-2024T10:26:09 - [MESSAGE][PASSED] - Object: 'Object Repository/Выручка в рублях/Фильтр Период' is clicked on

14-10-2024T10:26:09 - [TEST_STEP][PASSED] - click(findTestObject("Выручка в рублях/Снять выделение в фильтре Дата" + nameOfBlock)): Object: 'Object Repository/Выручка в рублях/Снять выделение в фильтре Дата' is clicked on

14-10-2024T10:26:09 - [MESSAGE][PASSED] - Object: 'Object Repository/Выручка в рублях/Снять выделение в фильтре Дата' is clicked on

14-10-2024T10:26:09 - [TEST_STEP][PASSED] - click(findTestObject("Выручка в рублях/Применить в фильтре Дата" + nameOfBlock)): Object: 'Object Repository/Выручка в рублях/Применить в фильтре Дата' is clicked on

14-10-2024T10:26:10 - [MESSAGE][PASSED] - Object: 'Object Repository/Выручка в рублях/Применить в фильтре Дата' is clicked on

14-10-2024T10:26:10 - [TEST_STEP][PASSED] - delay(50): Delayed 50 second(s)

14-10-2024T10:27:00 - [MESSAGE][PASSED] - Delayed 50 second(s)

14-10-2024T10:27:00 - [TEST_STEP][PASSED] - click(findTestObject("Выручка в рублях/Фильтр Период" + nameOfBlock)): Object: 'Object Repository/Выручка в рублях/Фильтр Период' is clicked on

14-10-2024T10:27:00 - [MESSAGE][PASSED] - Object: 'Object Repository/Выручка в рублях/Фильтр Период' is clicked on

14-10-2024T10:27:00 - [TEST_STEP][PASSED] - click(findTestObject("Выручка в рублях/Снять выделение в фильтре Дата" + nameOfBlock)): Object: 'Object Repository/Выручка в рублях/Снять выделение в фильтре Дата' is clicked on

14-10-2024T10:27:01 - [MESSAGE][PASSED] - Object: 'Object Repository/Выручка в рублях/Снять выделение в фильтре Дата' is clicked on

14-10-2024T10:27:01 - [TEST_STEP][PASSED] - scrollToElement(findTestObject("Выручка в рублях/2024 список" + nameOfBlock), 30): Scroll to object 'Object Repository/Выручка в рублях/2024 список' successfully

14-10-2024T10:27:01 - [MESSAGE][PASSED] - Scroll to object 'Object Repository/Выручка в рублях/2024 список' successfully

14-10-2024T10:27:01 - [TEST_STEP][PASSED] - click(findTestObject("Выручка в рублях/2024 список" + nameOfBlock)): Object: 'Object Repository/Выручка в рублях/2024 список' is clicked on

14-10-2024T10:27:01 - [MESSAGE][PASSED] - Object: 'Object Repository/Выручка в рублях/2024 список' is clicked on

14-10-2024T10:27:01 - [TEST_STEP][PASSED] - scrollToElement(findTestObject("Выручка в рублях/1 квартал 2024 выбрать" + nameOfBlock), 30): Scroll to object 'Object Repository/Выручка в рублях/1 квартал 2024 выбрать' successfully

14-10-2024T10:27:02 - [MESSAGE][PASSED] - Scroll to object 'Object Repository/Выручка в рублях/1 квартал 2024 выбрать' successfully

14-10-2024T10:27:02 - [TEST_STEP][PASSED] - click(findTestObject("Выручка в рублях/1 квартал 2024 выбрать" + nameOfBlock)): Object: 'Object Repository/Выручка в рублях/1 квартал 2024 выбрать' is clicked on

14-10-2024T10:27:02 - [MESSAGE][PASSED] - Object: 'Object Repository/Выручка в рублях/1 квартал 2024 выбрать' is clicked on

14-10-2024T10:27:02 - [TEST_STEP][PASSED] - scrollToElement(findTestObject("Выручка в рублях/2 квартал 2024 выбрать" + nameOfBlock), 30): Scroll to object 'Object Repository/Выручка в рублях/2 квартал 2024 выбрать' successfully

14-10-2024T10:27:03 - [MESSAGE][PASSED] - Scroll to object 'Object Repository/Выручка в рублях/2 квартал 2024 выбрать' successfully

14-10-2024T10:27:03 - [TEST_STEP][PASSED] - click(findTestObject("Выручка в рублях/2 квартал 2024 выбрать" + nameOfBlock)): Object: 'Object Repository/Выручка в рублях/2 квартал 2024 выбрать' is clicked on

14-10-2024T10:27:03 - [MESSAGE][PASSED] - Object: 'Object Repository/Выручка в рублях/2 квартал 2024 выбрать' is clicked on

14-10-2024T10:27:03 - [TEST_STEP][PASSED] - scrollToElement(findTestObject("Выручка в рублях/3 квартал 2024 список" + nameOfBlock), 30): Scroll to object 'Object Repository/Выручка в рублях/3 квартал 2024 список' successfully

14-10-2024T10:27:03 - [MESSAGE][PASSED] - Scroll to object 'Object Repository/Выручка в рублях/3 квартал 2024 список' successfully

14-10-2024T10:27:03 - [TEST_STEP][PASSED] - click(findTestObject("Выручка в рублях/3 квартал 2024 список" + nameOfBlock)): Object: 'Object Repository/Выручка в рублях/3 квартал 2024 список' is clicked on

14-10-2024T10:27:04 - [MESSAGE][PASSED] - Object: 'Object Repository/Выручка в рублях/3 квартал 2024 список' is clicked on

14-10-2024T10:27:04 - [TEST_STEP][PASSED] - click(findTestObject("Выручка в рублях/Июль 2024" + nameOfBlock)): Object: 'Object Repository/Выручка в рублях/Июль 2024' is clicked on

14-10-2024T10:27:04 - [MESSAGE][PASSED] - Object: 'Object Repository/Выручка в рублях/Июль 2024' is clicked on

14-10-2024T10:27:04 - [TEST_STEP][PASSED] - scrollToElement(findTestObject("Выручка в рублях/Август 2024" + nameOfBlock), 30): Scroll to object 'Object Repository/Выручка в рублях/Август 2024' successfully

14-10-2024T10:27:05 - [MESSAGE][PASSED] - Scroll to object 'Object Repository/Выручка в рублях/Август 2024' successfully

14-10-2024T10:27:05 - [TEST_STEP][PASSED] - click(findTestObject("Выручка в рублях/Август 2024" + nameOfBlock)): Object: 'Object Repository/Выручка в рублях/Август 2024' is clicked on

14-10-2024T10:27:05 - [MESSAGE][PASSED] - Object: 'Object Repository/Выручка в рублях/Август 2024' is clicked on

14-10-2024T10:27:05 - [TEST_STEP][PASSED] - scrollToElement(findTestObject("Выручка в рублях/Заголовок дашборда" + nameOfBlock), 30): Scroll to object 'Object Repository/Выручка в рублях/Заголовок дашборда' successfully

14-10-2024T10:27:05 - [MESSAGE][PASSED] - Scroll to object 'Object Repository/Выручка в рублях/Заголовок дашборда' successfully

14-10-2024T10:27:05 - [TEST_STEP][PASSED] - click(findTestObject("Выручка в рублях/Применить в фильтре Дата" + nameOfBlock)): Object: 'Object Repository/Выручка в рублях/Применить в фильтре Дата' is clicked on

14-10-2024T10:27:06 - [MESSAGE][PASSED] - Object: 'Object Repository/Выручка в рублях/Применить в фильтре Дата' is clicked on

14-10-2024T10:27:06 - [TEST_STEP][PASSED] - delay(50): Delayed 50 second(s)

14-10-2024T10:27:56 - [MESSAGE][PASSED] - Delayed 50 second(s)

14-10-2024T10:27:56 - [TEST_STEP][PASSED] - click(findTestObject("Выручка в рублях/Фильтр ДЗО" + nameOfBlock)): Object: 'Object Repository/Выручка в рублях/Фильтр ДЗО' is clicked on

14-10-2024T10:27:56 - [MESSAGE][PASSED] - Object: 'Object Repository/Выручка в рублях/Фильтр ДЗО' is clicked on

14-10-2024T10:27:56 - [TEST_STEP][PASSED] - click(findTestObject("Выручка в рублях/Снять выделение в фильтре ДЗО" + nameOfBlock)): Object: 'Object Repository/Выручка в рублях/Снять выделение в фильтре ДЗО' is clicked on

14-10-2024T10:27:57 - [MESSAGE][PASSED] - Object: 'Object Repository/Выручка в рублях/Снять выделение в фильтре ДЗО' is clicked on

14-10-2024T10:27:57 - [TEST_STEP][PASSED] - click(findTestObject("Выручка в рублях/Применить в фильтре ДЗО" + nameOfBlock)): Object: 'Object Repository/Выручка в рублях/Применить в фильтре ДЗО' is clicked on

14-10-2024T10:27:57 - [MESSAGE][PASSED] - Object: 'Object Repository/Выручка в рублях/Применить в фильтре ДЗО' is clicked on

14-10-2024T10:27:57 - [TEST_STEP][PASSED] - delay(50): Delayed 50 second(s)

14-10-2024T10:28:47 - [MESSAGE][PASSED] - Delayed 50 second(s)

14-10-2024T10:28:47 - [TEST_STEP][PASSED] - Script1710234207206.Tumbler(run, vir, block, nameOfBlock): null

14-10-2024T10:28:47 - [TEST_STEP][PASSED] - println("run:" + run): null

14-10-2024T10:28:47 - [TEST_STEP][PASSED] - println("vir:" + vir): null

14-10-2024T10:28:47 - [TEST_STEP][PASSED] - println("block:" + block): null

14-10-2024T10:28:47 - [TEST_STEP][PASSED] - println("nameOfBlock:" + nameOfBlock): null

14-10-2024T10:28:47 - [TEST_STEP][PASSED] - if (vir == 1): null

14-10-2024T10:28:47 - [TEST_STEP][PASSED] - if (run == 2): null

14-10-2024T10:28:47 - [TEST_STEP][PASSED] - click(findTestObject("Выручка в рублях/Фильтр ДЗО" + nameOfBlock)): Object: 'Object Repository/Выручка в рублях/Фильтр ДЗО' is clicked on

14-10-2024T10:28:48 - [MESSAGE][PASSED] - Object: 'Object Repository/Выручка в рублях/Фильтр ДЗО' is clicked on

14-10-2024T10:28:48 - [TEST_STEP][PASSED] - Script1710234207206.Rosseti(nameOfBlock): null

14-10-2024T10:28:48 - [TEST_STEP][PASSED] - println("nameOfBlock:" + nameOfBlock): null

14-10-2024T10:28:48 - [TEST_STEP][PASSED] - click(findTestObject("Выручка в рублях/ПАО Россети" + nameOfBlock)): Object: 'Object Repository/Выручка в рублях/ПАО Россети' is clicked on

14-10-2024T10:28:48 - [MESSAGE][PASSED] - Object: 'Object Repository/Выручка в рублях/ПАО Россети' is clicked on

14-10-2024T10:28:48 - [TEST_STEP][PASSED] - click(findTestObject("Выручка в рублях/Применить в фильтре ДЗО" + nameOfBlock)): Object: 'Object Repository/Выручка в рублях/Применить в фильтре ДЗО' is clicked on

14-10-2024T10:28:49 - [MESSAGE][PASSED] - Object: 'Object Repository/Выручка в рублях/Применить в фильтре ДЗО' is clicked on

14-10-2024T10:28:49 - [TEST_STEP][PASSED] - if (run == 2): null

14-10-2024T10:28:49 - [TEST_STEP][PASSED] - if (vir == 1 || vir == 2): Text of object 'Object Repository/Выручка в рублях/График План' is: '938 020'

14-10-2024T10:28:49 - [TEST_STEP][PASSED] - a1 = getText(findTestObject("Выручка в рублях/График План")): Text of object 'Object Repository/Выручка в рублях/График План' is: '938 020'

14-10-2024T10:28:51 - [MESSAGE][PASSED] - Text of object 'Object Repository/Выручка в рублях/График План' is: '938 020'

14-10-2024T10:28:51 - [TEST_STEP][PASSED] - if (vir == 1 || vir == 2): Text of object 'Object Repository/Выручка в рублях/График Факт' is: '964 061'

14-10-2024T10:28:51 - [TEST_STEP][PASSED] - a2 = getText(findTestObject("Выручка в рублях/График Факт")): Text of object 'Object Repository/Выручка в рублях/График Факт' is: '964 061'

14-10-2024T10:28:51 - [MESSAGE][PASSED] - Text of object 'Object Repository/Выручка в рублях/График Факт' is: '964 061'

14-10-2024T10:28:51 - [TEST_STEP][PASSED] - a30 = getText(findTestObject("Выручка в рублях/span1" + perc)): Text of object 'Object Repository/Выручка в рублях/span1' is: '26 040.4 млн.руб.'

14-10-2024T10:28:52 - [MESSAGE][PASSED] - Text of object 'Object Repository/Выручка в рублях/span1' is: '26 040.4 млн.руб.'

14-10-2024T10:28:52 - [TEST_STEP][PASSED] - i = a30.indexOf("млн.руб."): null

14-10-2024T10:28:52 - [TEST_STEP][PASSED] - if (i > -1): null

14-10-2024T10:28:52 - [TEST_STEP][PASSED] - a30 = a30.substring(0, i): null

14-10-2024T10:28:52 - [TEST_STEP][PASSED] - a30 = a30.replaceAll(" ", ""): null

14-10-2024T10:28:52 - [TEST_STEP][PASSED] - if (a30.contains("%")): null

14-10-2024T10:28:52 - [TEST_STEP][PASSED] - a30 = ").trim(): null

14-10-2024T10:28:52 - [TEST_STEP][PASSED] - println("a30: " + a30): null

14-10-2024T10:28:52 - [TEST_STEP][PASSED] - if (vir == 1 || vir == 2): Text of object 'Object Repository/Выручка в рублях/span2' is: '173'

14-10-2024T10:28:52 - [TEST_STEP][PASSED] - a31 = ").trim(): Text of object 'Object Repository/Выручка в рублях/span2' is: '173'

14-10-2024T10:28:52 - [MESSAGE][PASSED] - Text of object 'Object Repository/Выручка в рублях/span2' is: '173'

14-10-2024T10:28:52 - [TEST_STEP][PASSED] - if (vir == 1 || vir == 2): Text of object 'Object Repository/Выручка в рублях/span3' is: '44'

14-10-2024T10:28:52 - [TEST_STEP][PASSED] - a32 = ").trim(): Text of object 'Object Repository/Выручка в рублях/span3' is: '44'

14-10-2024T10:28:52 - [MESSAGE][PASSED] - Text of object 'Object Repository/Выручка в рублях/span3' is: '44'

14-10-2024T10:28:52 - [TEST_STEP][PASSED] - if (vir == 1 || vir == 2): Text of object 'Object Repository/Выручка в рублях/span8' is: '695'

14-10-2024T10:28:52 - [TEST_STEP][PASSED] - a33 = ").trim(): Text of object 'Object Repository/Выручка в рублях/span4' is: '122'

14-10-2024T10:28:53 - [MESSAGE][PASSED] - Text of object 'Object Repository/Выручка в рублях/span4' is: '122'

14-10-2024T10:28:53 - [TEST_STEP][PASSED] - a34 = ").trim(): Text of object 'Object Repository/Выручка в рублях/span5' is: '3 000'

14-10-2024T10:28:53 - [MESSAGE][PASSED] - Text of object 'Object Repository/Выручка в рублях/span5' is: '3 000'

14-10-2024T10:28:53 - [TEST_STEP][PASSED] - a35 = ").trim(): Text of object 'Object Repository/Выручка в рублях/span6' is: '3 666'

14-10-2024T10:28:53 - [MESSAGE][PASSED] - Text of object 'Object Repository/Выручка в рублях/span6' is: '3 666'

14-10-2024T10:28:53 - [TEST_STEP][PASSED] - a36 = ").trim(): Text of object 'Object Repository/Выручка в рублях/span7' is: '6 842'

14-10-2024T10:28:53 - [MESSAGE][PASSED] - Text of object 'Object Repository/Выручка в рублях/span7' is: '6 842'

14-10-2024T10:28:53 - [TEST_STEP][PASSED] - a37 = ").trim(): Text of object 'Object Repository/Выручка в рублях/span8' is: '695'

14-10-2024T10:28:54 - [MESSAGE][PASSED] - Text of object 'Object Repository/Выручка в рублях/span8' is: '695'

14-10-2024T10:28:54 - [TEST_STEP][PASSED] - if (vir == 1 || vir == 2): Text of object 'Object Repository/Выручка в рублях/span17' is: '1 131'

14-10-2024T10:28:54 - [TEST_STEP][PASSED] - a38 = ").trim(): Text of object 'Object Repository/Выручка в рублях/span9' is: '1 000'

14-10-2024T10:28:54 - [MESSAGE][PASSED] - Text of object 'Object Repository/Выручка в рублях/span9' is: '1 000'

14-10-2024T10:28:54 - [TEST_STEP][PASSED] - a39 = ").trim(): Text of object 'Object Repository/Выручка в рублях/span10' is: '1 910'

14-10-2024T10:28:54 - [MESSAGE][PASSED] - Text of object 'Object Repository/Выручка в рублях/span10' is: '1 910'

14-10-2024T10:28:54 - [TEST_STEP][PASSED] - a310 = ").trim(): Text of object 'Object Repository/Выручка в рублях/span11' is: '228'

14-10-2024T10:28:55 - [MESSAGE][PASSED] - Text of object 'Object Repository/Выручка в рублях/span11' is: '228'

14-10-2024T10:28:55 - [TEST_STEP][PASSED] - a311 = ").trim(): Text of object 'Object Repository/Выручка в рублях/span12' is: '-3 453'

14-10-2024T10:28:55 - [MESSAGE][PASSED] - Text of object 'Object Repository/Выручка в рублях/span12' is: '-3 453'

14-10-2024T10:28:55 - [TEST_STEP][PASSED] - a312 = ").trim(): Text of object 'Object Repository/Выручка в рублях/span13' is: '1 778'

14-10-2024T10:28:55 - [MESSAGE][PASSED] - Text of object 'Object Repository/Выручка в рублях/span13' is: '1 778'

14-10-2024T10:28:55 - [TEST_STEP][PASSED] - a313 = ").trim(): Text of object 'Object Repository/Выручка в рублях/span14' is: '1 353'

14-10-2024T10:28:56 - [MESSAGE][PASSED] - Text of object 'Object Repository/Выручка в рублях/span14' is: '1 353'

14-10-2024T10:28:56 - [TEST_STEP][PASSED] - a314 = ").trim(): Text of object 'Object Repository/Выручка в рублях/span15' is: '3 442'

14-10-2024T10:28:56 - [MESSAGE][PASSED] - Text of object 'Object Repository/Выручка в рублях/span15' is: '3 442'

14-10-2024T10:28:56 - [TEST_STEP][PASSED] - a315 = ").trim(): Text of object 'Object Repository/Выручка в рублях/span16' is: '3 872'

14-10-2024T10:28:56 - [MESSAGE][PASSED] - Text of object 'Object Repository/Выручка в рублях/span16' is: '3 872'

14-10-2024T10:28:56 - [TEST_STEP][PASSED] - a316 = ").trim(): Text of object 'Object Repository/Выручка в рублях/span17' is: '1 131'

14-10-2024T10:28:56 - [MESSAGE][PASSED] - Text of object 'Object Repository/Выручка в рублях/span17' is: '1 131'

14-10-2024T10:28:56 - [TEST_STEP][PASSED] - if (vir == 1 || vir == 2): Text of object 'Object Repository/Выручка в рублях/span18' is: '237'

14-10-2024T10:28:56 - [TEST_STEP][PASSED] - a317 = ").trim(): Text of object 'Object Repository/Выручка в рублях/span18' is: '237'

14-10-2024T10:28:57 - [MESSAGE][PASSED] - Text of object 'Object Repository/Выручка в рублях/span18' is: '237'

14-10-2024T10:28:57 - [TEST_STEP][PASSED] - block = 2: null

14-10-2024T10:28:57 - [TEST_STEP][PASSED] - nameOfBlock = " Выручка": null

14-10-2024T10:28:57 - [TEST_STEP][PASSED] - Script1710234207206.PreSettings(run, vir, block, nameOfBlock, typeOfData, todaysDate): null

14-10-2024T10:28:57 - [TEST_STEP][PASSED] - openBrowser(""): Browser is opened with url: ''

14-10-2024T10:28:57 - [MESSAGE][WARNING] - A browser is already opened. Closing browser and opening a new one

14-10-2024T10:28:57 - [MESSAGE][INFO] - Starting 'Chrome' driver

14-10-2024T10:28:57 - [MESSAGE][INFO] - Action delay is set to 0 milliseconds

14-10-2024T10:28:58 - [MESSAGE][PASSED] - Browser is opened with url: ''

14-10-2024T10:28:58 - [TEST_STEP][PASSED] - refresh(): Refresh successfully

14-10-2024T10:28:58 - [MESSAGE][PASSED] - Refresh successfully

14-10-2024T10:28:58 - [TEST_STEP][PASSED] - delay(50): Delayed 50 second(s)

14-10-2024T10:29:48 - [MESSAGE][PASSED] - Delayed 50 second(s)

14-10-2024T10:29:48 - [TEST_STEP][PASSED] - println("run:" + run): null

14-10-2024T10:29:48 - [TEST_STEP][PASSED] - println("vir:" + vir): null

14-10-2024T10:29:48 - [TEST_STEP][PASSED] - println("block:" + block): null

14-10-2024T10:29:48 - [TEST_STEP][PASSED] - if (block == 1): null

14-10-2024T10:29:48 - [TEST_STEP][PASSED] - else: null

14-10-2024T10:29:48 - [TEST_STEP][PASSED] - nameOfBlock = " Выручка": null

14-10-2024T10:29:48 - [TEST_STEP][PASSED] - println("nameOfBlock:" + nameOfBlock): null

14-10-2024T10:29:48 - [TEST_STEP][PASSED] - println("typeOfData:" + typeOfData): null

14-10-2024T10:29:48 - [TEST_STEP][PASSED] - println("todaysDate:" + todaysDate): null

14-10-2024T10:29:48 - [TEST_STEP][PASSED] - Script1710234207206.Autorization(block, nameOfBlock): null

14-10-2024T10:29:48 - [TEST_STEP][PASSED] - println("block:" + block): null

14-10-2024T10:29:48 - [TEST_STEP][PASSED] - if (block == 1): null

14-10-2024T10:29:48 - [TEST_STEP][PASSED] - else: null

14-10-2024T10:29:48 - [TEST_STEP][PASSED] - delay(45): Delayed 45 second(s)

14-10-2024T10:30:33 - [MESSAGE][PASSED] - Delayed 45 second(s)

14-10-2024T10:30:33 - [TEST_STEP][PASSED] - nameOfBlock = " Выручка": null

14-10-2024T10:30:33 - [TEST_STEP][PASSED] - println("nameOfBlock:" + nameOfBlock): null

14-10-2024T10:30:33 - [TEST_STEP][PASSED] - if (block == 1): null

14-10-2024T10:30:33 - [TEST_STEP][PASSED] - else: Delayed 45 second(s)

14-10-2024T10:30:33 - [TEST_STEP][PASSED] - navigateToUrl(findTestData("PlanFact").getValue(10, 9)): Navigate to 'https://bi.rosseti.digital/viewer?dashboardGuid=a1fd28b3785d443cbc4d7690a1d78e31&sheetGuid=86092a20c5984827a0c87b24cac76a50&fit=true' successfully

14-10-2024T10:30:38 - [MESSAGE][PASSED] - Navigate to 'https://bi.rosseti.digital/viewer?dashboardGuid=a1fd28b3785d443cbc4d7690a1d78e31&sheetGuid=86092a20c5984827a0c87b24cac76a50&fit=true' successfully

14-10-2024T10:30:38 - [TEST_STEP][PASSED] - delay(45): Delayed 45 second(s)

14-10-2024T10:31:23 - [MESSAGE][PASSED] - Delayed 45 second(s)

14-10-2024T10:31:23 - [TEST_STEP][PASSED] - if (verifyElementPresent(findTestObject("Страница авторизации/button_"), 30) == true): null

14-10-2024T10:31:23 - [MESSAGE][PASSED] - Object 'Object Repository/Страница авторизации/button_' is present

14-10-2024T10:31:23 - [TEST_STEP][PASSED] - setText(findTestObject("Страница авторизации/input__username"), findTestData("PlanFact").getValue(8, 1)): Text 'shekhov-aa' is set on object 'Object Repository/Страница авторизации/input__username'

14-10-2024T10:31:24 - [MESSAGE][PASSED] - Text 'shekhov-aa' is set on object 'Object Repository/Страница авторизации/input__username'

14-10-2024T10:31:24 - [TEST_STEP][PASSED] - setText(findTestObject("Страница авторизации/input__password"), findTestData("PlanFact").getValue(9, 1)): Text 'i)RpQLLlXv9gUDC9' is set on object 'Object Repository/Страница авторизации/input__password'

14-10-2024T10:31:25 - [MESSAGE][PASSED] - Text 'i)RpQLLlXv9gUDC9' is set on object 'Object Repository/Страница авторизации/input__password'

14-10-2024T10:31:25 - [TEST_STEP][PASSED] - click(findTestObject("Страница авторизации/button_")): Object: 'Object Repository/Страница авторизации/button_' is clicked on

14-10-2024T10:31:27 - [MESSAGE][PASSED] - Object: 'Object Repository/Страница авторизации/button_' is clicked on

14-10-2024T10:31:27 - [TEST_STEP][PASSED] - delay(45): Delayed 45 second(s)

14-10-2024T10:32:12 - [MESSAGE][PASSED] - Delayed 45 second(s)

14-10-2024T10:32:12 - [TEST_STEP][PASSED] - if (block == 2): Delayed 50 second(s)

14-10-2024T10:32:12 - [TEST_STEP][PASSED] - opoveshenie = getText(findTestObject("Выручка в рублях/Просьба обратить внимание")): Text of object 'Object Repository/Выручка в рублях/Просьба обратить внимание' is: 'Просьба обратить внимание'

14-10-2024T10:32:13 - [MESSAGE][PASSED] - Text of object 'Object Repository/Выручка в рублях/Просьба обратить внимание' is: 'Просьба обратить внимание'

14-10-2024T10:32:13 - [TEST_STEP][PASSED] - if (opoveshenie == "Просьба обратить внимание"): Delayed 50 second(s)

14-10-2024T10:32:13 - [TEST_STEP][PASSED] - click(findTestObject("Выручка в рублях/Закрыть оповещение")): Object: 'Object Repository/Выручка в рублях/Закрыть оповещение' is clicked on

14-10-2024T10:32:13 - [MESSAGE][PASSED] - Object: 'Object Repository/Выручка в рублях/Закрыть оповещение' is clicked on

14-10-2024T10:32:13 - [TEST_STEP][PASSED] - delay(50): Delayed 50 second(s)

14-10-2024T10:33:03 - [MESSAGE][PASSED] - Delayed 50 second(s)

14-10-2024T10:33:03 - [TEST_STEP][PASSED] - click(findTestObject("Выручка в рублях/Фильтр Период" + nameOfBlock)): Object: 'Object Repository/Выручка в рублях/Фильтр Период Выручка' is clicked on

14-10-2024T10:33:03 - [MESSAGE][PASSED] - Object: 'Object Repository/Выручка в рублях/Фильтр Период Выручка' is clicked on

14-10-2024T10:33:03 - [TEST_STEP][PASSED] - click(findTestObject("Выручка в рублях/Снять выделение в фильтре Дата" + nameOfBlock)): Object: 'Object Repository/Выручка в рублях/Снять выделение в фильтре Дата Выручка' is clicked on

14-10-2024T10:33:04 - [MESSAGE][PASSED] - Object: 'Object Repository/Выручка в рублях/Снять выделение в фильтре Дата Выручка' is clicked on

14-10-2024T10:33:04 - [TEST_STEP][PASSED] - click(findTestObject("Выручка в рублях/Применить в фильтре Дата" + nameOfBlock)): Object: 'Object Repository/Выручка в рублях/Применить в фильтре Дата Выручка' is clicked on

14-10-2024T10:33:04 - [MESSAGE][PASSED] - Object: 'Object Repository/Выручка в рублях/Применить в фильтре Дата Выручка' is clicked on

14-10-2024T10:33:04 - [TEST_STEP][PASSED] - delay(50): Delayed 50 second(s)

14-10-2024T10:33:54 - [MESSAGE][PASSED] - Delayed 50 second(s)

14-10-2024T10:33:54 - [TEST_STEP][PASSED] - click(findTestObject("Выручка в рублях/Фильтр Период" + nameOfBlock)): Object: 'Object Repository/Выручка в рублях/Фильтр Период Выручка' is clicked on

14-10-2024T10:33:55 - [MESSAGE][PASSED] - Object: 'Object Repository/Выручка в рублях/Фильтр Период Выручка' is clicked on

14-10-2024T10:33:55 - [TEST_STEP][PASSED] - click(findTestObject("Выручка в рублях/Снять выделение в фильтре Дата" + nameOfBlock)): Object: 'Object Repository/Выручка в рублях/Снять выделение в фильтре Дата Выручка' is clicked on

14-10-2024T10:33:55 - [MESSAGE][PASSED] - Object: 'Object Repository/Выручка в рублях/Снять выделение в фильтре Дата Выручка' is clicked on

14-10-2024T10:33:55 - [TEST_STEP][PASSED] - scrollToElement(findTestObject("Выручка в рублях/2024 список" + nameOfBlock), 30): Scroll to object 'Object Repository/Выручка в рублях/2024 список Выручка' successfully

14-10-2024T10:33:56 - [MESSAGE][PASSED] - Scroll to object 'Object Repository/Выручка в рублях/2024 список Выручка' successfully

14-10-2024T10:33:56 - [TEST_STEP][PASSED] - click(findTestObject("Выручка в рублях/2024 список" + nameOfBlock)): Object: 'Object Repository/Выручка в рублях/2024 список Выручка' is clicked on

14-10-2024T10:33:56 - [MESSAGE][PASSED] - Object: 'Object Repository/Выручка в рублях/2024 список Выручка' is clicked on

14-10-2024T10:33:56 - [TEST_STEP][PASSED] - scrollToElement(findTestObject("Выручка в рублях/1 квартал 2024 выбрать" + nameOfBlock), 30): Scroll to object 'Object Repository/Выручка в рублях/1 квартал 2024 выбрать Выручка' successfully

14-10-2024T10:33:56 - [MESSAGE][PASSED] - Scroll to object 'Object Repository/Выручка в рублях/1 квартал 2024 выбрать Выручка' successfully

14-10-2024T10:33:56 - [TEST_STEP][PASSED] - click(findTestObject("Выручка в рублях/1 квартал 2024 выбрать" + nameOfBlock)): Object: 'Object Repository/Выручка в рублях/1 квартал 2024 выбрать Выручка' is clicked on

14-10-2024T10:33:57 - [MESSAGE][PASSED] - Object: 'Object Repository/Выручка в рублях/1 квартал 2024 выбрать Выручка' is clicked on

14-10-2024T10:33:57 - [TEST_STEP][PASSED] - scrollToElement(findTestObject("Выручка в рублях/2 квартал 2024 выбрать" + nameOfBlock), 30): Scroll to object 'Object Repository/Выручка в рублях/2 квартал 2024 выбрать Выручка' successfully

14-10-2024T10:33:57 - [MESSAGE][PASSED] - Scroll to object 'Object Repository/Выручка в рублях/2 квартал 2024 выбрать Выручка' successfully

14-10-2024T10:33:57 - [TEST_STEP][PASSED] - click(findTestObject("Выручка в рублях/2 квартал 2024 выбрать" + nameOfBlock)): Object: 'Object Repository/Выручка в рублях/2 квартал 2024 выбрать Выручка' is clicked on

14-10-2024T10:33:58 - [MESSAGE][PASSED] - Object: 'Object Repository/Выручка в рублях/2 квартал 2024 выбрать Выручка' is clicked on

14-10-2024T10:33:58 - [TEST_STEP][PASSED] - scrollToElement(findTestObject("Выручка в рублях/3 квартал 2024 список" + nameOfBlock), 30): Scroll to object 'Object Repository/Выручка в рублях/3 квартал 2024 список Выручка' successfully

14-10-2024T10:33:58 - [MESSAGE][PASSED] - Scroll to object 'Object Repository/Выручка в рублях/3 квартал 2024 список Выручка' successfully

14-10-2024T10:33:58 - [TEST_STEP][PASSED] - click(findTestObject("Выручка в рублях/3 квартал 2024 список" + nameOfBlock)): Object: 'Object Repository/Выручка в рублях/3 квартал 2024 список Выручка' is clicked on

14-10-2024T10:33:58 - [MESSAGE][PASSED] - Object: 'Object Repository/Выручка в рублях/3 квартал 2024 список Выручка' is clicked on

14-10-2024T10:33:58 - [TEST_STEP][PASSED] - click(findTestObject("Выручка в рублях/Июль 2024" + nameOfBlock)): Object: 'Object Repository/Выручка в рублях/Июль 2024 Выручка' is clicked on

14-10-2024T10:33:59 - [MESSAGE][PASSED] - Object: 'Object Repository/Выручка в рублях/Июль 2024 Выручка' is clicked on

14-10-2024T10:33:59 - [TEST_STEP][PASSED] - scrollToElement(findTestObject("Выручка в рублях/Август 2024" + nameOfBlock), 30): Scroll to object 'Object Repository/Выручка в рублях/Август 2024 Выручка' successfully

14-10-2024T10:33:59 - [MESSAGE][PASSED] - Scroll to object 'Object Repository/Выручка в рублях/Август 2024 Выручка' successfully

14-10-2024T10:33:59 - [TEST_STEP][PASSED] - click(findTestObject("Выручка в рублях/Август 2024" + nameOfBlock)): Object: 'Object Repository/Выручка в рублях/Август 2024 Выручка' is clicked on

14-10-2024T10:33:59 - [MESSAGE][PASSED] - Object: 'Object Repository/Выручка в рублях/Август 2024 Выручка' is clicked on

14-10-2024T10:33:59 - [TEST_STEP][PASSED] - scrollToElement(findTestObject("Выручка в рублях/Заголовок дашборда" + nameOfBlock), 30): Scroll to object 'Object Repository/Выручка в рублях/Заголовок дашборда Выручка' successfully

14-10-2024T10:34:00 - [MESSAGE][PASSED] - Scroll to object 'Object Repository/Выручка в рублях/Заголовок дашборда Выручка' successfully

14-10-2024T10:34:00 - [TEST_STEP][PASSED] - click(findTestObject("Выручка в рублях/Применить в фильтре Дата" + nameOfBlock)): Object: 'Object Repository/Выручка в рублях/Применить в фильтре Дата Выручка' is clicked on

14-10-2024T10:34:01 - [MESSAGE][PASSED] - Object: 'Object Repository/Выручка в рублях/Применить в фильтре Дата Выручка' is clicked on

14-10-2024T10:34:01 - [TEST_STEP][PASSED] - delay(50): Delayed 50 second(s)

14-10-2024T10:34:51 - [MESSAGE][PASSED] - Delayed 50 second(s)

14-10-2024T10:34:51 - [TEST_STEP][PASSED] - click(findTestObject("Выручка в рублях/Фильтр ДЗО" + nameOfBlock)): Object: 'Object Repository/Выручка в рублях/Фильтр ДЗО Выручка' is clicked on

14-10-2024T10:34:51 - [MESSAGE][PASSED] - Object: 'Object Repository/Выручка в рублях/Фильтр ДЗО Выручка' is clicked on

14-10-2024T10:34:51 - [TEST_STEP][PASSED] - click(findTestObject("Выручка в рублях/Снять выделение в фильтре ДЗО" + nameOfBlock)): Object: 'Object Repository/Выручка в рублях/Снять выделение в фильтре ДЗО Выручка' is clicked on

14-10-2024T10:34:51 - [MESSAGE][PASSED] - Object: 'Object Repository/Выручка в рублях/Снять выделение в фильтре ДЗО Выручка' is clicked on

14-10-2024T10:34:51 - [TEST_STEP][PASSED] - click(findTestObject("Выручка в рублях/Применить в фильтре ДЗО" + nameOfBlock)): Object: 'Object Repository/Выручка в рублях/Применить в фильтре ДЗО Выручка' is clicked on

14-10-2024T10:34:52 - [MESSAGE][PASSED] - Object: 'Object Repository/Выручка в рублях/Применить в фильтре ДЗО Выручка' is clicked on

14-10-2024T10:34:52 - [TEST_STEP][PASSED] - delay(50): Delayed 50 second(s)

14-10-2024T10:35:42 - [MESSAGE][PASSED] - Delayed 50 second(s)

14-10-2024T10:35:42 - [TEST_STEP][PASSED] - Script1710234207206.Tumbler(run, vir, block, nameOfBlock): null

14-10-2024T10:35:42 - [TEST_STEP][PASSED] - println("run:" + run): null

14-10-2024T10:35:42 - [TEST_STEP][PASSED] - println("vir:" + vir): null

14-10-2024T10:35:42 - [TEST_STEP][PASSED] - println("block:" + block): null

14-10-2024T10:35:42 - [TEST_STEP][PASSED] - println("nameOfBlock:" + nameOfBlock): null

14-10-2024T10:35:42 - [TEST_STEP][PASSED] - if (vir == 1): null

14-10-2024T10:35:42 - [TEST_STEP][PASSED] - if (run == 2): null

14-10-2024T10:35:42 - [TEST_STEP][PASSED] - click(findTestObject("Выручка в рублях/Фильтр ДЗО" + nameOfBlock)): Object: 'Object Repository/Выручка в рублях/Фильтр ДЗО Выручка' is clicked on

14-10-2024T10:35:42 - [MESSAGE][PASSED] - Object: 'Object Repository/Выручка в рублях/Фильтр ДЗО Выручка' is clicked on

14-10-2024T10:35:42 - [TEST_STEP][PASSED] - Script1710234207206.Rosseti(nameOfBlock): null

14-10-2024T10:35:42 - [TEST_STEP][PASSED] - println("nameOfBlock:" + nameOfBlock): null

14-10-2024T10:35:42 - [TEST_STEP][PASSED] - click(findTestObject("Выручка в рублях/ПАО Россети" + nameOfBlock)): Object: 'Object Repository/Выручка в рублях/ПАО Россети Выручка' is clicked on

14-10-2024T10:35:43 - [MESSAGE][PASSED] - Object: 'Object Repository/Выручка в рублях/ПАО Россети Выручка' is clicked on

14-10-2024T10:35:43 - [TEST_STEP][PASSED] - click(findTestObject("Выручка в рублях/Применить в фильтре ДЗО" + nameOfBlock)): Object: 'Object Repository/Выручка в рублях/Применить в фильтре ДЗО Выручка' is clicked on

14-10-2024T10:35:44 - [MESSAGE][PASSED] - Object: 'Object Repository/Выручка в рублях/Применить в фильтре ДЗО Выручка' is clicked on

14-10-2024T10:35:44 - [TEST_STEP][PASSED] - if (vir == 1 || vir == 2): Text of object 'Object Repository/Выручка в рублях/График План Выручка' is: '938 020'

14-10-2024T10:35:44 - [TEST_STEP][PASSED] - b1 = getText(findTestObject("Выручка в рублях/График План Выручка")): Text of object 'Object Repository/Выручка в рублях/График План Выручка' is: '938 020'

14-10-2024T10:35:46 - [MESSAGE][PASSED] - Text of object 'Object Repository/Выручка в рублях/График План Выручка' is: '938 020'

14-10-2024T10:35:46 - [TEST_STEP][PASSED] - if (vir == 1 || vir == 2): Text of object 'Object Repository/Выручка в рублях/График Факт Выручка' is: '964 061'

14-10-2024T10:35:46 - [TEST_STEP][PASSED] - b2 = getText(findTestObject("Выручка в рублях/График Факт Выручка")): Text of object 'Object Repository/Выручка в рублях/График Факт Выручка' is: '964 061'

14-10-2024T10:35:46 - [MESSAGE][PASSED] - Text of object 'Object Repository/Выручка в рублях/График Факт Выручка' is: '964 061'

14-10-2024T10:35:46 - [TEST_STEP][PASSED] - b30 = getText(findTestObject("Выручка в рублях/span1" + perc)): Text of object 'Object Repository/Выручка в рублях/span1' is: '26 040.4 млн.руб.'

14-10-2024T10:35:46 - [MESSAGE][PASSED] - Text of object 'Object Repository/Выручка в рублях/span1' is: '26 040.4 млн.руб.'

14-10-2024T10:35:46 - [TEST_STEP][PASSED] - i = b30.indexOf("млн.руб."): null

14-10-2024T10:35:46 - [TEST_STEP][PASSED] - if (i > -1): null

14-10-2024T10:35:46 - [TEST_STEP][PASSED] - b30 = b30.substring(0, i): null

14-10-2024T10:35:46 - [TEST_STEP][PASSED] - b30 = b30.replaceAll(" ", ""): null

14-10-2024T10:35:46 - [TEST_STEP][PASSED] - if (b30.contains("%")): null

14-10-2024T10:35:46 - [TEST_STEP][PASSED] - b30 = ").trim(): null

14-10-2024T10:35:46 - [TEST_STEP][PASSED] - println("b30: " + b30): null

14-10-2024T10:35:46 - [TEST_STEP][PASSED] - if (vir == 1 || vir == 2): Text of object 'Object Repository/Выручка в рублях/span2' is: '173'

14-10-2024T10:35:46 - [TEST_STEP][PASSED] - b31 = ").trim(): Text of object 'Object Repository/Выручка в рублях/span2' is: '173'

14-10-2024T10:35:47 - [MESSAGE][PASSED] - Text of object 'Object Repository/Выручка в рублях/span2' is: '173'

14-10-2024T10:35:47 - [TEST_STEP][PASSED] - if (vir == 1 || vir == 2): Text of object 'Object Repository/Выручка в рублях/span3' is: '44'

14-10-2024T10:35:47 - [TEST_STEP][PASSED] - b32 = ").trim(): Text of object 'Object Repository/Выручка в рублях/span3' is: '44'

14-10-2024T10:35:47 - [MESSAGE][PASSED] - Text of object 'Object Repository/Выручка в рублях/span3' is: '44'

14-10-2024T10:35:47 - [TEST_STEP][PASSED] - if (vir == 1 || vir == 2): Text of object 'Object Repository/Выручка в рублях/span8' is: '695'

14-10-2024T10:35:47 - [TEST_STEP][PASSED] - b33 = ").trim(): Text of object 'Object Repository/Выручка в рублях/span4' is: '122'

14-10-2024T10:35:47 - [MESSAGE][PASSED] - Text of object 'Object Repository/Выручка в рублях/span4' is: '122'

14-10-2024T10:35:47 - [TEST_STEP][PASSED] - b34 = ").trim(): Text of object 'Object Repository/Выручка в рублях/span5' is: '3 000'

14-10-2024T10:35:48 - [MESSAGE][PASSED] - Text of object 'Object Repository/Выручка в рублях/span5' is: '3 000'

14-10-2024T10:35:48 - [TEST_STEP][PASSED] - b35 = ").trim(): Text of object 'Object Repository/Выручка в рублях/span6' is: '3 666'

14-10-2024T10:35:48 - [MESSAGE][PASSED] - Text of object 'Object Repository/Выручка в рублях/span6' is: '3 666'

14-10-2024T10:35:48 - [TEST_STEP][PASSED] - b36 = ").trim(): Text of object 'Object Repository/Выручка в рублях/span7' is: '6 842'

14-10-2024T10:35:48 - [MESSAGE][PASSED] - Text of object 'Object Repository/Выручка в рублях/span7' is: '6 842'

14-10-2024T10:35:48 - [TEST_STEP][PASSED] - b37 = ").trim(): Text of object 'Object Repository/Выручка в рублях/span8' is: '695'

14-10-2024T10:35:48 - [MESSAGE][PASSED] - Text of object 'Object Repository/Выручка в рублях/span8' is: '695'

14-10-2024T10:35:48 - [TEST_STEP][PASSED] - if (vir == 1 || vir == 2): Text of object 'Object Repository/Выручка в рублях/span17' is: '1 131'

14-10-2024T10:35:48 - [TEST_STEP][PASSED] - b38 = ").trim(): Text of object 'Object Repository/Выручка в рублях/span9' is: '1 000'

14-10-2024T10:35:49 - [MESSAGE][PASSED] - Text of object 'Object Repository/Выручка в рублях/span9' is: '1 000'

14-10-2024T10:35:49 - [TEST_STEP][PASSED] - b39 = ").trim(): Text of object 'Object Repository/Выручка в рублях/span10' is: '1 910'

14-10-2024T10:35:49 - [MESSAGE][PASSED] - Text of object 'Object Repository/Выручка в рублях/span10' is: '1 910'

14-10-2024T10:35:49 - [TEST_STEP][PASSED] - b310 = ").trim(): Text of object 'Object Repository/Выручка в рублях/span11' is: '228'

14-10-2024T10:35:49 - [MESSAGE][PASSED] - Text of object 'Object Repository/Выручка в рублях/span11' is: '228'

14-10-2024T10:35:49 - [TEST_STEP][PASSED] - b311 = ").trim(): Text of object 'Object Repository/Выручка в рублях/span12' is: '-3 453'

14-10-2024T10:35:50 - [MESSAGE][PASSED] - Text of object 'Object Repository/Выручка в рублях/span12' is: '-3 453'

14-10-2024T10:35:50 - [TEST_STEP][PASSED] - b312 = ").trim(): Text of object 'Object Repository/Выручка в рублях/span13' is: '1 778'

14-10-2024T10:35:50 - [MESSAGE][PASSED] - Text of object 'Object Repository/Выручка в рублях/span13' is: '1 778'

14-10-2024T10:35:50 - [TEST_STEP][PASSED] - b313 = ").trim(): Text of object 'Object Repository/Выручка в рублях/span14' is: '1 353'

14-10-2024T10:35:50 - [MESSAGE][PASSED] - Text of object 'Object Repository/Выручка в рублях/span14' is: '1 353'

14-10-2024T10:35:50 - [TEST_STEP][PASSED] - b314 = ").trim(): Text of object 'Object Repository/Выручка в рублях/span15' is: '3 442'

14-10-2024T10:35:51 - [MESSAGE][PASSED] - Text of object 'Object Repository/Выручка в рублях/span15' is: '3 442'

14-10-2024T10:35:51 - [TEST_STEP][PASSED] - b315 = ").trim(): Text of object 'Object Repository/Выручка в рублях/span16' is: '3 872'

14-10-2024T10:35:51 - [MESSAGE][PASSED] - Text of object 'Object Repository/Выручка в рублях/span16' is: '3 872'

14-10-2024T10:35:51 - [TEST_STEP][PASSED] - b316 = ").trim(): Text of object 'Object Repository/Выручка в рублях/span17' is: '1 131'

14-10-2024T10:35:51 - [MESSAGE][PASSED] - Text of object 'Object Repository/Выручка в рублях/span17' is: '1 131'

14-10-2024T10:35:51 - [TEST_STEP][PASSED] - if (vir == 1 || vir == 2): Text of object 'Object Repository/Выручка в рублях/span18' is: '237'

14-10-2024T10:35:51 - [TEST_STEP][PASSED] - b317 = ").trim(): Text of object 'Object Repository/Выручка в рублях/span18' is: '237'

14-10-2024T10:35:51 - [MESSAGE][PASSED] - Text of object 'Object Repository/Выручка в рублях/span18' is: '237'

14-10-2024T10:35:51 - [TEST_STEP][PASSED] - dZO = "ПАО Россети": null

14-10-2024T10:35:51 - [TEST_STEP][PASSED] - if (verifyEqual(a1, b1) == false): Actual object '938 020' and expected object '938 020' are equal

14-10-2024T10:35:51 - [MESSAGE][PASSED] - Actual object '938 020' and expected object '938 020' are equal

14-10-2024T10:35:51 - [TEST_STEP][PASSED] - if (verifyEqual(a2, b2) == false): Actual object '964 061' and expected object '964 061' are equal

14-10-2024T10:35:51 - [MESSAGE][PASSED] - Actual object '964 061' and expected object '964 061' are equal

14-10-2024T10:35:51 - [TEST_STEP][PASSED] - vidget = "Отклонения": null

14-10-2024T10:35:51 - [TEST_STEP][PASSED] - if (verifyEqual(a30, b30) == false): Actual object '26040.4' and expected object '26040.4' are equal

14-10-2024T10:35:51 - [MESSAGE][PASSED] - Actual object '26040.4' and expected object '26040.4' are equal

14-10-2024T10:35:51 - [TEST_STEP][PASSED] - dZO = "АО «Тываэнерго»": null

14-10-2024T10:35:51 - [TEST_STEP][PASSED] - if (verifyEqual(a31, b31) == false): Actual object '173' and expected object '173' are equal

14-10-2024T10:35:52 - [MESSAGE][PASSED] - Actual object '173' and expected object '173' are equal

14-10-2024T10:35:52 - [TEST_STEP][PASSED] - dZO = "АО «Чеченэнерго»": null

14-10-2024T10:35:52 - [TEST_STEP][PASSED] - if (verifyEqual(a32, b32) == false): Actual object '44' and expected object '44' are equal

14-10-2024T10:35:52 - [MESSAGE][PASSED] - Actual object '44' and expected object '44' are equal

14-10-2024T10:35:52 - [TEST_STEP][PASSED] - dZO = "Россети Волга": null

14-10-2024T10:35:52 - [TEST_STEP][PASSED] - if (verifyEqual(a33, b33) == false): Actual object '122' and expected object '122' are equal

14-10-2024T10:35:52 - [MESSAGE][PASSED] - Actual object '122' and expected object '122' are equal

14-10-2024T10:35:52 - [TEST_STEP][PASSED] - dZO = "Россети Кубань": null

14-10-2024T10:35:52 - [TEST_STEP][PASSED] - if (verifyEqual(a34, b34) == false): Actual object '3 000' and expected object '3 000' are equal

14-10-2024T10:35:52 - [MESSAGE][PASSED] - Actual object '3 000' and expected object '3 000' are equal

14-10-2024T10:35:52 - [TEST_STEP][PASSED] - dZO = "Россети Ленэнерго (ГК)": null

14-10-2024T10:35:52 - [TEST_STEP][PASSED] - if (verifyEqual(a35, b35) == false): Actual object '3 666' and expected object '3 666' are equal

14-10-2024T10:35:52 - [MESSAGE][PASSED] - Actual object '3 666' and expected object '3 666' are equal

14-10-2024T10:35:52 - [TEST_STEP][PASSED] - dZO = "Россети Московский регион": null

14-10-2024T10:35:52 - [TEST_STEP][PASSED] - if (verifyEqual(a36, b36) == false): Actual object '6 842' and expected object '6 842' are equal

14-10-2024T10:35:52 - [MESSAGE][PASSED] - Actual object '6 842' and expected object '6 842' are equal

14-10-2024T10:35:52 - [TEST_STEP][PASSED] - dZO = "Россети Северный Кавказ (ГК)": null

14-10-2024T10:35:52 - [TEST_STEP][PASSED] - if (verifyEqual(a37, b37) == false): Actual object '695' and expected object '695' are equal

14-10-2024T10:35:52 - [MESSAGE][PASSED] - Actual object '695' and expected object '695' are equal

14-10-2024T10:35:52 - [TEST_STEP][PASSED] - dZO = "Россети Северо-Запад": null

14-10-2024T10:35:52 - [TEST_STEP][PASSED] - if (verifyEqual(a38, b38) == false): Actual object '1 000' and expected object '1 000' are equal

14-10-2024T10:35:52 - [MESSAGE][PASSED] - Actual object '1 000' and expected object '1 000' are equal

14-10-2024T10:35:52 - [TEST_STEP][PASSED] - dZO = "Россети Сибирь (ГК)": null

14-10-2024T10:35:52 - [TEST_STEP][PASSED] - if (verifyEqual(a39, b39) == false): Actual object '1 910' and expected object '1 910' are equal

14-10-2024T10:35:52 - [MESSAGE][PASSED] - Actual object '1 910' and expected object '1 910' are equal

14-10-2024T10:35:52 - [TEST_STEP][PASSED] - dZO = "Россети Томск": null

14-10-2024T10:35:52 - [TEST_STEP][PASSED] - if (verifyEqual(a310, b310) == false): Actual object '228' and expected object '228' are equal

14-10-2024T10:35:52 - [MESSAGE][PASSED] - Actual object '228' and expected object '228' are equal

14-10-2024T10:35:52 - [TEST_STEP][PASSED] - dZO = "Россети Тюмень": null

14-10-2024T10:35:52 - [TEST_STEP][PASSED] - if (verifyEqual(a311, b311) == false): Actual object '-3 453' and expected object '-3 453' are equal

14-10-2024T10:35:52 - [MESSAGE][PASSED] - Actual object '-3 453' and expected object '-3 453' are equal

14-10-2024T10:35:52 - [TEST_STEP][PASSED] - dZO = "Россети Урал (ГК)": null

14-10-2024T10:35:52 - [TEST_STEP][PASSED] - if (verifyEqual(a312, b312) == false): Actual object '1 778' and expected object '1 778' are equal

14-10-2024T10:35:52 - [MESSAGE][PASSED] - Actual object '1 778' and expected object '1 778' are equal

14-10-2024T10:35:52 - [TEST_STEP][PASSED] - dZO = "Россети ФСК ЕЭС": null

14-10-2024T10:35:52 - [TEST_STEP][PASSED] - if (verifyEqual(a313, b313) == false): Actual object '1 353' and expected object '1 353' are equal

14-10-2024T10:35:52 - [MESSAGE][PASSED] - Actual object '1 353' and expected object '1 353' are equal

14-10-2024T10:35:52 - [TEST_STEP][PASSED] - dZO = "Россети Центр": null

14-10-2024T10:35:52 - [TEST_STEP][PASSED] - if (verifyEqual(a314, b314) == false): Actual object '3 442' and expected object '3 442' are equal

14-10-2024T10:35:52 - [MESSAGE][PASSED] - Actual object '3 442' and expected object '3 442' are equal

14-10-2024T10:35:52 - [TEST_STEP][PASSED] - dZO = "Россети Центр и Приволжье (ГК)": null

14-10-2024T10:35:52 - [TEST_STEP][PASSED] - if (verifyEqual(a315, b315) == false): Actual object '3 872' and expected object '3 872' are equal

14-10-2024T10:35:52 - [MESSAGE][PASSED] - Actual object '3 872' and expected object '3 872' are equal

14-10-2024T10:35:52 - [TEST_STEP][PASSED] - dZO = "Россети Юг (ГК)": null

14-10-2024T10:35:52 - [TEST_STEP][PASSED] - if (verifyEqual(a316, b316) == false): Actual object '1 131' and expected object '1 131' are equal

14-10-2024T10:35:52 - [MESSAGE][PASSED] - Actual object '1 131' and expected object '1 131' are equal

14-10-2024T10:35:52 - [TEST_STEP][PASSED] - dZO = "Россети Янтарь": null

14-10-2024T10:35:52 - [TEST_STEP][PASSED] - if (verifyEqual(a317, b317) == false): Actual object '237' and expected object '237' are equal

14-10-2024T10:35:52 - [MESSAGE][PASSED] - Actual object '237' and expected object '237' are equal

14-10-2024T10:35:52 - [TEST_STEP][PASSED] - closeBrowser(): null

14-10-2024T10:35:52 - [MESSAGE][PASSED] - Browser is closed

14-10-2024T10:35:52 - [TEST_STEP][PASSED] - Script1710234207206.Blocks(run, vir, block, nameOfBlock, typeOfData, viruchka, vidget, todaysDate, a, b, dZO, x, y): null

14-10-2024T10:35:52 - [TEST_STEP][PASSED] - i = <not implemented yet for class: org.codehaus.groovy.ast.expr.EmptyExpression>: null

14-10-2024T10:35:52 - [TEST_STEP][PASSED] - perc = "": null

14-10-2024T10:35:52 - [TEST_STEP][PASSED] - a1 = <not implemented yet for class: org.codehaus.groovy.ast.expr.EmptyExpression>: null

14-10-2024T10:35:52 - [TEST_STEP][PASSED] - a2 = <not implemented yet for class: org.codehaus.groovy.ast.expr.EmptyExpression>: null

14-10-2024T10:35:52 - [TEST_STEP][PASSED] - a30 = <not implemented yet for class: org.codehaus.groovy.ast.expr.EmptyExpression>: null

14-10-2024T10:35:52 - [TEST_STEP][PASSED] - a31 = <not implemented yet for class: org.codehaus.groovy.ast.expr.EmptyExpression>: null

14-10-2024T10:35:52 - [TEST_STEP][PASSED] - a32 = <not implemented yet for class: org.codehaus.groovy.ast.expr.EmptyExpression>: null

14-10-2024T10:35:52 - [TEST_STEP][PASSED] - a33 = <not implemented yet for class: org.codehaus.groovy.ast.expr.EmptyExpression>: null

14-10-2024T10:35:52 - [TEST_STEP][PASSED] - a34 = <not implemented yet for class: org.codehaus.groovy.ast.expr.EmptyExpression>: null

14-10-2024T10:35:52 - [TEST_STEP][PASSED] - a35 = <not implemented yet for class: org.codehaus.groovy.ast.expr.EmptyExpression>: null

14-10-2024T10:35:52 - [TEST_STEP][PASSED] - a36 = <not implemented yet for class: org.codehaus.groovy.ast.expr.EmptyExpression>: null

14-10-2024T10:35:52 - [TEST_STEP][PASSED] - a37 = <not implemented yet for class: org.codehaus.groovy.ast.expr.EmptyExpression>: null

14-10-2024T10:35:52 - [TEST_STEP][PASSED] - a38 = <not implemented yet for class: org.codehaus.groovy.ast.expr.EmptyExpression>: null

14-10-2024T10:35:52 - [TEST_STEP][PASSED] - a39 = <not implemented yet for class: org.codehaus.groovy.ast.expr.EmptyExpression>: null

14-10-2024T10:35:52 - [TEST_STEP][PASSED] - a310 = <not implemented yet for class: org.codehaus.groovy.ast.expr.EmptyExpression>: null

14-10-2024T10:35:52 - [TEST_STEP][PASSED] - a311 = <not implemented yet for class: org.codehaus.groovy.ast.expr.EmptyExpression>: null

14-10-2024T10:35:52 - [TEST_STEP][PASSED] - a312 = <not implemented yet for class: org.codehaus.groovy.ast.expr.EmptyExpression>: null

14-10-2024T10:35:52 - [TEST_STEP][PASSED] - a313 = <not implemented yet for class: org.codehaus.groovy.ast.expr.EmptyExpression>: null

14-10-2024T10:35:52 - [TEST_STEP][PASSED] - a314 = <not implemented yet for class: org.codehaus.groovy.ast.expr.EmptyExpression>: null

14-10-2024T10:35:52 - [TEST_STEP][PASSED] - a315 = <not implemented yet for class: org.codehaus.groovy.ast.expr.EmptyExpression>: null

14-10-2024T10:35:52 - [TEST_STEP][PASSED] - a316 = <not implemented yet for class: org.codehaus.groovy.ast.expr.EmptyExpression>: null

14-10-2024T10:35:52 - [TEST_STEP][PASSED] - a317 = <not implemented yet for class: org.codehaus.groovy.ast.expr.EmptyExpression>: null

14-10-2024T10:35:52 - [TEST_STEP][PASSED] - b1 = <not implemented yet for class: org.codehaus.groovy.ast.expr.EmptyExpression>: null

14-10-2024T10:35:52 - [TEST_STEP][PASSED] - b2 = <not implemented yet for class: org.codehaus.groovy.ast.expr.EmptyExpression>: null

14-10-2024T10:35:52 - [TEST_STEP][PASSED] - b30 = <not implemented yet for class: org.codehaus.groovy.ast.expr.EmptyExpression>: null

14-10-2024T10:35:52 - [TEST_STEP][PASSED] - b31 = <not implemented yet for class: org.codehaus.groovy.ast.expr.EmptyExpression>: null

14-10-2024T10:35:52 - [TEST_STEP][PASSED] - b32 = <not implemented yet for class: org.codehaus.groovy.ast.expr.EmptyExpression>: null

14-10-2024T10:35:52 - [TEST_STEP][PASSED] - b33 = <not implemented yet for class: org.codehaus.groovy.ast.expr.EmptyExpression>: null

14-10-2024T10:35:52 - [TEST_STEP][PASSED] - b34 = <not implemented yet for class: org.codehaus.groovy.ast.expr.EmptyExpression>: null

14-10-2024T10:35:52 - [TEST_STEP][PASSED] - b35 = <not implemented yet for class: org.codehaus.groovy.ast.expr.EmptyExpression>: null

14-10-2024T10:35:52 - [TEST_STEP][PASSED] - b36 = <not implemented yet for class: org.codehaus.groovy.ast.expr.EmptyExpression>: null

14-10-2024T10:35:52 - [TEST_STEP][PASSED] - b37 = <not implemented yet for class: org.codehaus.groovy.ast.expr.EmptyExpression>: null

14-10-2024T10:35:52 - [TEST_STEP][PASSED] - b38 = <not implemented yet for class: org.codehaus.groovy.ast.expr.EmptyExpression>: null

14-10-2024T10:35:52 - [TEST_STEP][PASSED] - b39 = <not implemented yet for class: org.codehaus.groovy.ast.expr.EmptyExpression>: null

14-10-2024T10:35:52 - [TEST_STEP][PASSED] - b310 = <not implemented yet for class: org.codehaus.groovy.ast.expr.EmptyExpression>: null

14-10-2024T10:35:52 - [TEST_STEP][PASSED] - b311 = <not implemented yet for class: org.codehaus.groovy.ast.expr.EmptyExpression>: null

14-10-2024T10:35:52 - [TEST_STEP][PASSED] - b312 = <not implemented yet for class: org.codehaus.groovy.ast.expr.EmptyExpression>: null

14-10-2024T10:35:52 - [TEST_STEP][PASSED] - b313 = <not implemented yet for class: org.codehaus.groovy.ast.expr.EmptyExpression>: null

14-10-2024T10:35:52 - [TEST_STEP][PASSED] - b314 = <not implemented yet for class: org.codehaus.groovy.ast.expr.EmptyExpression>: null

14-10-2024T10:35:52 - [TEST_STEP][PASSED] - b315 = <not implemented yet for class: org.codehaus.groovy.ast.expr.EmptyExpression>: null

14-10-2024T10:35:52 - [TEST_STEP][PASSED] - b316 = <not implemented yet for class: org.codehaus.groovy.ast.expr.EmptyExpression>: null

14-10-2024T10:35:52 - [TEST_STEP][PASSED] - b317 = <not implemented yet for class: org.codehaus.groovy.ast.expr.EmptyExpression>: null

14-10-2024T10:35:52 - [TEST_STEP][PASSED] - block = 1: null

14-10-2024T10:35:52 - [TEST_STEP][PASSED] - nameOfBlock = "": null

14-10-2024T10:35:52 - [TEST_STEP][PASSED] - Script1710234207206.PreSettings(run, vir, block, nameOfBlock, typeOfData, todaysDate): null

14-10-2024T10:35:52 - [TEST_STEP][PASSED] - openBrowser(""): Browser is opened with url: ''

14-10-2024T10:35:52 - [MESSAGE][INFO] - Starting 'Chrome' driver

14-10-2024T10:35:52 - [MESSAGE][INFO] - Action delay is set to 0 milliseconds

14-10-2024T10:35:53 - [MESSAGE][PASSED] - Browser is opened with url: ''

14-10-2024T10:35:53 - [TEST_STEP][PASSED] - refresh(): Refresh successfully

14-10-2024T10:35:53 - [MESSAGE][PASSED] - Refresh successfully

14-10-2024T10:35:53 - [TEST_STEP][PASSED] - delay(50): Delayed 50 second(s)

14-10-2024T10:36:43 - [MESSAGE][PASSED] - Delayed 50 second(s)

14-10-2024T10:36:43 - [TEST_STEP][PASSED] - println("run:" + run): null

14-10-2024T10:36:43 - [TEST_STEP][PASSED] - println("vir:" + vir): null

14-10-2024T10:36:43 - [TEST_STEP][PASSED] - println("block:" + block): null

14-10-2024T10:36:43 - [TEST_STEP][PASSED] - if (block == 1): null

14-10-2024T10:36:43 - [TEST_STEP][PASSED] - nameOfBlock = "": null

14-10-2024T10:36:43 - [TEST_STEP][PASSED] - println("nameOfBlock:" + nameOfBlock): null

14-10-2024T10:36:43 - [TEST_STEP][PASSED] - println("typeOfData:" + typeOfData): null

14-10-2024T10:36:43 - [TEST_STEP][PASSED] - println("todaysDate:" + todaysDate): null

14-10-2024T10:36:43 - [TEST_STEP][PASSED] - Script1710234207206.Autorization(block, nameOfBlock): null

14-10-2024T10:36:43 - [TEST_STEP][PASSED] - println("block:" + block): null

14-10-2024T10:36:43 - [TEST_STEP][PASSED] - if (block == 1): null

14-10-2024T10:36:43 - [TEST_STEP][PASSED] - nameOfBlock = "": null

14-10-2024T10:36:43 - [TEST_STEP][PASSED] - println("nameOfBlock:" + nameOfBlock): null

14-10-2024T10:36:43 - [TEST_STEP][PASSED] - if (block == 1): Delayed 45 second(s)

14-10-2024T10:36:43 - [TEST_STEP][PASSED] - navigateToUrl(findTestData("PlanFact").getValue(10, 2)): Navigate to 'https://bi.rosseti.digital/viewer?dashboardGuid=2301950b23be4ed89c1df75f2020051e&sheetGuid=b723206f698544fb87299f3095c00435&fit=true' successfully

14-10-2024T10:36:49 - [MESSAGE][PASSED] - Navigate to 'https://bi.rosseti.digital/viewer?dashboardGuid=2301950b23be4ed89c1df75f2020051e&sheetGuid=b723206f698544fb87299f3095c00435&fit=true' successfully

14-10-2024T10:36:49 - [TEST_STEP][PASSED] - delay(45): Delayed 45 second(s)

14-10-2024T10:37:34 - [MESSAGE][PASSED] - Delayed 45 second(s)

14-10-2024T10:37:34 - [TEST_STEP][PASSED] - if (verifyElementPresent(findTestObject("Страница авторизации/button_"), 30) == true): null

14-10-2024T10:37:34 - [MESSAGE][PASSED] - Object 'Object Repository/Страница авторизации/button_' is present

14-10-2024T10:37:34 - [TEST_STEP][PASSED] - setText(findTestObject("Страница авторизации/input__username"), findTestData("PlanFact").getValue(8, 1)): Text 'shekhov-aa' is set on object 'Object Repository/Страница авторизации/input__username'

14-10-2024T10:37:35 - [MESSAGE][PASSED] - Text 'shekhov-aa' is set on object 'Object Repository/Страница авторизации/input__username'

14-10-2024T10:37:35 - [TEST_STEP][PASSED] - setText(findTestObject("Страница авторизации/input__password"), findTestData("PlanFact").getValue(9, 1)): Text 'i)RpQLLlXv9gUDC9' is set on object 'Object Repository/Страница авторизации/input__password'

14-10-2024T10:37:35 - [MESSAGE][PASSED] - Text 'i)RpQLLlXv9gUDC9' is set on object 'Object Repository/Страница авторизации/input__password'

14-10-2024T10:37:35 - [TEST_STEP][PASSED] - click(findTestObject("Страница авторизации/button_")): Object: 'Object Repository/Страница авторизации/button_' is clicked on

14-10-2024T10:37:39 - [MESSAGE][PASSED] - Object: 'Object Repository/Страница авторизации/button_' is clicked on

14-10-2024T10:37:39 - [TEST_STEP][PASSED] - delay(45): Delayed 45 second(s)

14-10-2024T10:38:24 - [MESSAGE][PASSED] - Delayed 45 second(s)

14-10-2024T10:38:24 - [TEST_STEP][PASSED] - if (block == 2): null

14-10-2024T10:38:24 - [TEST_STEP][PASSED] - click(findTestObject("Выручка в рублях/Фильтр Период" + nameOfBlock)): Object: 'Object Repository/Выручка в рублях/Фильтр Период' is clicked on

14-10-2024T10:38:24 - [MESSAGE][PASSED] - Object: 'Object Repository/Выручка в рублях/Фильтр Период' is clicked on

14-10-2024T10:38:24 - [TEST_STEP][PASSED] - click(findTestObject("Выручка в рублях/Снять выделение в фильтре Дата" + nameOfBlock)): Object: 'Object Repository/Выручка в рублях/Снять выделение в фильтре Дата' is clicked on

14-10-2024T10:38:25 - [MESSAGE][PASSED] - Object: 'Object Repository/Выручка в рублях/Снять выделение в фильтре Дата' is clicked on

14-10-2024T10:38:25 - [TEST_STEP][PASSED] - click(findTestObject("Выручка в рублях/Применить в фильтре Дата" + nameOfBlock)): Object: 'Object Repository/Выручка в рублях/Применить в фильтре Дата' is clicked on

14-10-2024T10:38:25 - [MESSAGE][PASSED] - Object: 'Object Repository/Выручка в рублях/Применить в фильтре Дата' is clicked on

14-10-2024T10:38:25 - [TEST_STEP][PASSED] - delay(50): Delayed 50 second(s)

14-10-2024T10:39:15 - [MESSAGE][PASSED] - Delayed 50 second(s)

14-10-2024T10:39:15 - [TEST_STEP][PASSED] - click(findTestObject("Выручка в рублях/Фильтр Период" + nameOfBlock)): Object: 'Object Repository/Выручка в рублях/Фильтр Период' is clicked on

14-10-2024T10:39:15 - [MESSAGE][PASSED] - Object: 'Object Repository/Выручка в рублях/Фильтр Период' is clicked on

14-10-2024T10:39:15 - [TEST_STEP][PASSED] - click(findTestObject("Выручка в рублях/Снять выделение в фильтре Дата" + nameOfBlock)): Object: 'Object Repository/Выручка в рублях/Снять выделение в фильтре Дата' is clicked on

14-10-2024T10:39:16 - [MESSAGE][PASSED] - Object: 'Object Repository/Выручка в рублях/Снять выделение в фильтре Дата' is clicked on

14-10-2024T10:39:16 - [TEST_STEP][PASSED] - scrollToElement(findTestObject("Выручка в рублях/2024 список" + nameOfBlock), 30): Scroll to object 'Object Repository/Выручка в рублях/2024 список' successfully

14-10-2024T10:39:16 - [MESSAGE][PASSED] - Scroll to object 'Object Repository/Выручка в рублях/2024 список' successfully

14-10-2024T10:39:16 - [TEST_STEP][PASSED] - click(findTestObject("Выручка в рублях/2024 список" + nameOfBlock)): Object: 'Object Repository/Выручка в рублях/2024 список' is clicked on

14-10-2024T10:39:17 - [MESSAGE][PASSED] - Object: 'Object Repository/Выручка в рублях/2024 список' is clicked on

14-10-2024T10:39:17 - [TEST_STEP][PASSED] - scrollToElement(findTestObject("Выручка в рублях/1 квартал 2024 выбрать" + nameOfBlock), 30): Scroll to object 'Object Repository/Выручка в рублях/1 квартал 2024 выбрать' successfully

14-10-2024T10:39:17 - [MESSAGE][PASSED] - Scroll to object 'Object Repository/Выручка в рублях/1 квартал 2024 выбрать' successfully

14-10-2024T10:39:17 - [TEST_STEP][PASSED] - click(findTestObject("Выручка в рублях/1 квартал 2024 выбрать" + nameOfBlock)): Object: 'Object Repository/Выручка в рублях/1 квартал 2024 выбрать' is clicked on

14-10-2024T10:39:17 - [MESSAGE][PASSED] - Object: 'Object Repository/Выручка в рублях/1 квартал 2024 выбрать' is clicked on

14-10-2024T10:39:17 - [TEST_STEP][PASSED] - scrollToElement(findTestObject("Выручка в рублях/2 квартал 2024 выбрать" + nameOfBlock), 30): Scroll to object 'Object Repository/Выручка в рублях/2 квартал 2024 выбрать' successfully

14-10-2024T10:39:18 - [MESSAGE][PASSED] - Scroll to object 'Object Repository/Выручка в рублях/2 квартал 2024 выбрать' successfully

14-10-2024T10:39:18 - [TEST_STEP][PASSED] - click(findTestObject("Выручка в рублях/2 квартал 2024 выбрать" + nameOfBlock)): Object: 'Object Repository/Выручка в рублях/2 квартал 2024 выбрать' is clicked on

14-10-2024T10:39:18 - [MESSAGE][PASSED] - Object: 'Object Repository/Выручка в рублях/2 квартал 2024 выбрать' is clicked on

14-10-2024T10:39:18 - [TEST_STEP][PASSED] - scrollToElement(findTestObject("Выручка в рублях/3 квартал 2024 список" + nameOfBlock), 30): Scroll to object 'Object Repository/Выручка в рублях/3 квартал 2024 список' successfully

14-10-2024T10:39:19 - [MESSAGE][PASSED] - Scroll to object 'Object Repository/Выручка в рублях/3 квартал 2024 список' successfully

14-10-2024T10:39:19 - [TEST_STEP][PASSED] - click(findTestObject("Выручка в рублях/3 квартал 2024 список" + nameOfBlock)): Object: 'Object Repository/Выручка в рублях/3 квартал 2024 список' is clicked on

14-10-2024T10:39:19 - [MESSAGE][PASSED] - Object: 'Object Repository/Выручка в рублях/3 квартал 2024 список' is clicked on

14-10-2024T10:39:19 - [TEST_STEP][PASSED] - click(findTestObject("Выручка в рублях/Июль 2024" + nameOfBlock)): Object: 'Object Repository/Выручка в рублях/Июль 2024' is clicked on

14-10-2024T10:39:19 - [MESSAGE][PASSED] - Object: 'Object Repository/Выручка в рублях/Июль 2024' is clicked on

14-10-2024T10:39:19 - [TEST_STEP][PASSED] - scrollToElement(findTestObject("Выручка в рублях/Август 2024" + nameOfBlock), 30): Scroll to object 'Object Repository/Выручка в рублях/Август 2024' successfully

14-10-2024T10:39:20 - [MESSAGE][PASSED] - Scroll to object 'Object Repository/Выручка в рублях/Август 2024' successfully

14-10-2024T10:39:20 - [TEST_STEP][PASSED] - click(findTestObject("Выручка в рублях/Август 2024" + nameOfBlock)): Object: 'Object Repository/Выручка в рублях/Август 2024' is clicked on

14-10-2024T10:39:20 - [MESSAGE][PASSED] - Object: 'Object Repository/Выручка в рублях/Август 2024' is clicked on

14-10-2024T10:39:20 - [TEST_STEP][PASSED] - scrollToElement(findTestObject("Выручка в рублях/Заголовок дашборда" + nameOfBlock), 30): Scroll to object 'Object Repository/Выручка в рублях/Заголовок дашборда' successfully

14-10-2024T10:39:21 - [MESSAGE][PASSED] - Scroll to object 'Object Repository/Выручка в рублях/Заголовок дашборда' successfully

14-10-2024T10:39:21 - [TEST_STEP][PASSED] - click(findTestObject("Выручка в рублях/Применить в фильтре Дата" + nameOfBlock)): Object: 'Object Repository/Выручка в рублях/Применить в фильтре Дата' is clicked on

14-10-2024T10:39:21 - [MESSAGE][PASSED] - Object: 'Object Repository/Выручка в рублях/Применить в фильтре Дата' is clicked on

14-10-2024T10:39:21 - [TEST_STEP][PASSED] - delay(50): Delayed 50 second(s)

14-10-2024T10:40:11 - [MESSAGE][PASSED] - Delayed 50 second(s)

14-10-2024T10:40:11 - [TEST_STEP][PASSED] - click(findTestObject("Выручка в рублях/Фильтр ДЗО" + nameOfBlock)): Object: 'Object Repository/Выручка в рублях/Фильтр ДЗО' is clicked on

14-10-2024T10:40:12 - [MESSAGE][PASSED] - Object: 'Object Repository/Выручка в рублях/Фильтр ДЗО' is clicked on

14-10-2024T10:40:12 - [TEST_STEP][PASSED] - click(findTestObject("Выручка в рублях/Снять выделение в фильтре ДЗО" + nameOfBlock)): Object: 'Object Repository/Выручка в рублях/Снять выделение в фильтре ДЗО' is clicked on

14-10-2024T10:40:12 - [MESSAGE][PASSED] - Object: 'Object Repository/Выручка в рублях/Снять выделение в фильтре ДЗО' is clicked on

14-10-2024T10:40:12 - [TEST_STEP][PASSED] - click(findTestObject("Выручка в рублях/Применить в фильтре ДЗО" + nameOfBlock)): Object: 'Object Repository/Выручка в рублях/Применить в фильтре ДЗО' is clicked on

14-10-2024T10:40:13 - [MESSAGE][PASSED] - Object: 'Object Repository/Выручка в рублях/Применить в фильтре ДЗО' is clicked on

14-10-2024T10:40:13 - [TEST_STEP][PASSED] - delay(50): Delayed 50 second(s)

14-10-2024T10:41:03 - [MESSAGE][PASSED] - Delayed 50 second(s)

14-10-2024T10:41:03 - [TEST_STEP][PASSED] - Script1710234207206.Tumbler(run, vir, block, nameOfBlock): null

14-10-2024T10:41:03 - [TEST_STEP][PASSED] - println("run:" + run): null

14-10-2024T10:41:03 - [TEST_STEP][PASSED] - println("vir:" + vir): null

14-10-2024T10:41:03 - [TEST_STEP][PASSED] - println("block:" + block): null

14-10-2024T10:41:03 - [TEST_STEP][PASSED] - println("nameOfBlock:" + nameOfBlock): null

14-10-2024T10:41:03 - [TEST_STEP][PASSED] - if (vir == 1): null

14-10-2024T10:41:03 - [TEST_STEP][PASSED] - else if (vir == 2): Object: 'Object Repository/Выручка в рублях/Применить в фильтре Выручка' is clicked on

14-10-2024T10:41:03 - [TEST_STEP][PASSED] - if (run == 2): null

14-10-2024T10:41:03 - [TEST_STEP][PASSED] - click(findTestObject("Выручка в рублях/Фильтр Выручка" + nameOfBlock)): Object: 'Object Repository/Выручка в рублях/Фильтр Выручка' is clicked on

14-10-2024T10:41:03 - [MESSAGE][PASSED] - Object: 'Object Repository/Выручка в рублях/Фильтр Выручка' is clicked on

14-10-2024T10:41:03 - [TEST_STEP][PASSED] - click(findTestObject("Выручка в рублях/Итого в фильтре Выручка" + nameOfBlock)): Object: 'Object Repository/Выручка в рублях/Итого в фильтре Выручка' is clicked on

14-10-2024T10:41:04 - [MESSAGE][PASSED] - Object: 'Object Repository/Выручка в рублях/Итого в фильтре Выручка' is clicked on

14-10-2024T10:41:04 - [TEST_STEP][PASSED] - click(findTestObject("Выручка в рублях/Применить в фильтре Выручка" + nameOfBlock)): Object: 'Object Repository/Выручка в рублях/Применить в фильтре Выручка' is clicked on

14-10-2024T10:41:04 - [MESSAGE][PASSED] - Object: 'Object Repository/Выручка в рублях/Применить в фильтре Выручка' is clicked on

14-10-2024T10:41:04 - [TEST_STEP][PASSED] - click(findTestObject("Выручка в рублях/Фильтр ДЗО" + nameOfBlock)): Object: 'Object Repository/Выручка в рублях/Фильтр ДЗО' is clicked on

14-10-2024T10:41:08 - [MESSAGE][PASSED] - Object: 'Object Repository/Выручка в рублях/Фильтр ДЗО' is clicked on

14-10-2024T10:41:08 - [TEST_STEP][PASSED] - Script1710234207206.Rosseti(nameOfBlock): null

14-10-2024T10:41:08 - [TEST_STEP][PASSED] - println("nameOfBlock:" + nameOfBlock): null

14-10-2024T10:41:08 - [TEST_STEP][PASSED] - click(findTestObject("Выручка в рублях/ПАО Россети" + nameOfBlock)): Object: 'Object Repository/Выручка в рублях/ПАО Россети' is clicked on

14-10-2024T10:41:08 - [MESSAGE][PASSED] - Object: 'Object Repository/Выручка в рублях/ПАО Россети' is clicked on

14-10-2024T10:41:08 - [TEST_STEP][PASSED] - click(findTestObject("Выручка в рублях/Применить в фильтре ДЗО" + nameOfBlock)): Object: 'Object Repository/Выручка в рублях/Применить в фильтре ДЗО' is clicked on

14-10-2024T10:41:09 - [MESSAGE][PASSED] - Object: 'Object Repository/Выручка в рублях/Применить в фильтре ДЗО' is clicked on

14-10-2024T10:41:09 - [TEST_STEP][PASSED] - if (run == 2): null

14-10-2024T10:41:09 - [TEST_STEP][PASSED] - if (vir == 1 || vir == 2): Text of object 'Object Repository/Выручка в рублях/График План' is: '922 071'

14-10-2024T10:41:09 - [TEST_STEP][PASSED] - a1 = getText(findTestObject("Выручка в рублях/График План")): Text of object 'Object Repository/Выручка в рублях/График План' is: '922 071'

14-10-2024T10:41:11 - [MESSAGE][PASSED] - Text of object 'Object Repository/Выручка в рублях/График План' is: '922 071'

14-10-2024T10:41:11 - [TEST_STEP][PASSED] - if (vir == 1 || vir == 2): Text of object 'Object Repository/Выручка в рублях/График Факт' is: '947 588'

14-10-2024T10:41:11 - [TEST_STEP][PASSED] - a2 = getText(findTestObject("Выручка в рублях/График Факт")): Text of object 'Object Repository/Выручка в рублях/График Факт' is: '947 588'

14-10-2024T10:41:12 - [MESSAGE][PASSED] - Text of object 'Object Repository/Выручка в рублях/График Факт' is: '947 588'

14-10-2024T10:41:12 - [TEST_STEP][PASSED] - a30 = getText(findTestObject("Выручка в рублях/span1" + perc)): Text of object 'Object Repository/Выручка в рублях/span1' is: '25 516.4 млн.руб.'

14-10-2024T10:41:12 - [MESSAGE][PASSED] - Text of object 'Object Repository/Выручка в рублях/span1' is: '25 516.4 млн.руб.'

14-10-2024T10:41:12 - [TEST_STEP][PASSED] - i = a30.indexOf("млн.руб."): null

14-10-2024T10:41:12 - [TEST_STEP][PASSED] - if (i > -1): null

14-10-2024T10:41:12 - [TEST_STEP][PASSED] - a30 = a30.substring(0, i): null

14-10-2024T10:41:12 - [TEST_STEP][PASSED] - a30 = a30.replaceAll(" ", ""): null

14-10-2024T10:41:12 - [TEST_STEP][PASSED] - if (a30.contains("%")): null

14-10-2024T10:41:12 - [TEST_STEP][PASSED] - a30 = ").trim(): null

14-10-2024T10:41:12 - [TEST_STEP][PASSED] - println("a30: " + a30): null

14-10-2024T10:41:12 - [TEST_STEP][PASSED] - if (vir == 1 || vir == 2): Text of object 'Object Repository/Выручка в рублях/span2' is: '194'

14-10-2024T10:41:12 - [TEST_STEP][PASSED] - a31 = ").trim(): Text of object 'Object Repository/Выручка в рублях/span2' is: '194'

14-10-2024T10:41:12 - [MESSAGE][PASSED] - Text of object 'Object Repository/Выручка в рублях/span2' is: '194'

14-10-2024T10:41:12 - [TEST_STEP][PASSED] - if (vir == 1 || vir == 2): Text of object 'Object Repository/Выручка в рублях/span3' is: '-10'

14-10-2024T10:41:12 - [TEST_STEP][PASSED] - a32 = ").trim(): Text of object 'Object Repository/Выручка в рублях/span3' is: '-10'

14-10-2024T10:41:12 - [MESSAGE][PASSED] - Text of object 'Object Repository/Выручка в рублях/span3' is: '-10'

14-10-2024T10:41:12 - [TEST_STEP][PASSED] - if (vir == 1 || vir == 2): Text of object 'Object Repository/Выручка в рублях/span8' is: '236'

14-10-2024T10:41:12 - [TEST_STEP][PASSED] - a33 = ").trim(): Text of object 'Object Repository/Выручка в рублях/span4' is: '122'

14-10-2024T10:41:13 - [MESSAGE][PASSED] - Text of object 'Object Repository/Выручка в рублях/span4' is: '122'

14-10-2024T10:41:13 - [TEST_STEP][PASSED] - a34 = ").trim(): Text of object 'Object Repository/Выручка в рублях/span5' is: '3 000'

14-10-2024T10:41:13 - [MESSAGE][PASSED] - Text of object 'Object Repository/Выручка в рублях/span5' is: '3 000'

14-10-2024T10:41:13 - [TEST_STEP][PASSED] - a35 = ").trim(): Text of object 'Object Repository/Выручка в рублях/span6' is: '3 666'

14-10-2024T10:41:13 - [MESSAGE][PASSED] - Text of object 'Object Repository/Выручка в рублях/span6' is: '3 666'

14-10-2024T10:41:13 - [TEST_STEP][PASSED] - a36 = ").trim(): Text of object 'Object Repository/Выручка в рублях/span7' is: '6 842'

14-10-2024T10:41:14 - [MESSAGE][PASSED] - Text of object 'Object Repository/Выручка в рублях/span7' is: '6 842'

14-10-2024T10:41:14 - [TEST_STEP][PASSED] - a37 = ").trim(): Text of object 'Object Repository/Выручка в рублях/span8' is: '236'

14-10-2024T10:41:14 - [MESSAGE][PASSED] - Text of object 'Object Repository/Выручка в рублях/span8' is: '236'

14-10-2024T10:41:14 - [TEST_STEP][PASSED] - if (vir == 1 || vir == 2): Text of object 'Object Repository/Выручка в рублях/span17' is: '1 099'

14-10-2024T10:41:14 - [TEST_STEP][PASSED] - a38 = ").trim(): Text of object 'Object Repository/Выручка в рублях/span9' is: '1 000'

14-10-2024T10:41:14 - [MESSAGE][PASSED] - Text of object 'Object Repository/Выручка в рублях/span9' is: '1 000'

14-10-2024T10:41:14 - [TEST_STEP][PASSED] - a39 = ").trim(): Text of object 'Object Repository/Выручка в рублях/span10' is: '1 910'

14-10-2024T10:41:15 - [MESSAGE][PASSED] - Text of object 'Object Repository/Выручка в рублях/span10' is: '1 910'

14-10-2024T10:41:15 - [TEST_STEP][PASSED] - a310 = ").trim(): Text of object 'Object Repository/Выручка в рублях/span11' is: '228'

14-10-2024T10:41:15 - [MESSAGE][PASSED] - Text of object 'Object Repository/Выручка в рублях/span11' is: '228'

14-10-2024T10:41:15 - [TEST_STEP][PASSED] - a311 = ").trim(): Text of object 'Object Repository/Выручка в рублях/span12' is: '-3 453'

14-10-2024T10:41:15 - [MESSAGE][PASSED] - Text of object 'Object Repository/Выручка в рублях/span12' is: '-3 453'

14-10-2024T10:41:15 - [TEST_STEP][PASSED] - a312 = ").trim(): Text of object 'Object Repository/Выручка в рублях/span13' is: '1 778'

14-10-2024T10:41:15 - [MESSAGE][PASSED] - Text of object 'Object Repository/Выручка в рублях/span13' is: '1 778'

14-10-2024T10:41:15 - [TEST_STEP][PASSED] - a313 = ").trim(): Text of object 'Object Repository/Выручка в рублях/span14' is: '1 353'

14-10-2024T10:41:16 - [MESSAGE][PASSED] - Text of object 'Object Repository/Выручка в рублях/span14' is: '1 353'

14-10-2024T10:41:16 - [TEST_STEP][PASSED] - a314 = ").trim(): Text of object 'Object Repository/Выручка в рублях/span15' is: '3 442'

14-10-2024T10:41:16 - [MESSAGE][PASSED] - Text of object 'Object Repository/Выручка в рублях/span15' is: '3 442'

14-10-2024T10:41:16 - [TEST_STEP][PASSED] - a315 = ").trim(): Text of object 'Object Repository/Выручка в рублях/span16' is: '3 872'

14-10-2024T10:41:16 - [MESSAGE][PASSED] - Text of object 'Object Repository/Выручка в рублях/span16' is: '3 872'

14-10-2024T10:41:16 - [TEST_STEP][PASSED] - a316 = ").trim(): Text of object 'Object Repository/Выручка в рублях/span17' is: '1 099'

14-10-2024T10:41:17 - [MESSAGE][PASSED] - Text of object 'Object Repository/Выручка в рублях/span17' is: '1 099'

14-10-2024T10:41:17 - [TEST_STEP][PASSED] - if (vir == 1 || vir == 2): Text of object 'Object Repository/Выручка в рублях/span18' is: '237'

14-10-2024T10:41:17 - [TEST_STEP][PASSED] - a317 = ").trim(): Text of object 'Object Repository/Выручка в рублях/span18' is: '237'

14-10-2024T10:41:17 - [MESSAGE][PASSED] - Text of object 'Object Repository/Выручка в рублях/span18' is: '237'

14-10-2024T10:41:17 - [TEST_STEP][PASSED] - block = 2: null

14-10-2024T10:41:17 - [TEST_STEP][PASSED] - nameOfBlock = " Выручка": null

14-10-2024T10:41:17 - [TEST_STEP][PASSED] - Script1710234207206.PreSettings(run, vir, block, nameOfBlock, typeOfData, todaysDate): null

14-10-2024T10:41:17 - [TEST_STEP][PASSED] - openBrowser(""): Browser is opened with url: ''

14-10-2024T10:41:17 - [MESSAGE][WARNING] - A browser is already opened. Closing browser and opening a new one

14-10-2024T10:41:17 - [MESSAGE][INFO] - Starting 'Chrome' driver

14-10-2024T10:41:17 - [MESSAGE][INFO] - Action delay is set to 0 milliseconds

14-10-2024T10:41:18 - [MESSAGE][PASSED] - Browser is opened with url: ''

14-10-2024T10:41:18 - [TEST_STEP][PASSED] - refresh(): Refresh successfully

14-10-2024T10:41:18 - [MESSAGE][PASSED] - Refresh successfully

14-10-2024T10:41:18 - [TEST_STEP][PASSED] - delay(50): Delayed 50 second(s)

14-10-2024T10:42:08 - [MESSAGE][PASSED] - Delayed 50 second(s)

14-10-2024T10:42:08 - [TEST_STEP][PASSED] - println("run:" + run): null

14-10-2024T10:42:08 - [TEST_STEP][PASSED] - println("vir:" + vir): null

14-10-2024T10:42:08 - [TEST_STEP][PASSED] - println("block:" + block): null

14-10-2024T10:42:08 - [TEST_STEP][PASSED] - if (block == 1): null

14-10-2024T10:42:08 - [TEST_STEP][PASSED] - else: null

14-10-2024T10:42:08 - [TEST_STEP][PASSED] - nameOfBlock = " Выручка": null

14-10-2024T10:42:08 - [TEST_STEP][PASSED] - println("nameOfBlock:" + nameOfBlock): null

14-10-2024T10:42:08 - [TEST_STEP][PASSED] - println("typeOfData:" + typeOfData): null

14-10-2024T10:42:08 - [TEST_STEP][PASSED] - println("todaysDate:" + todaysDate): null

14-10-2024T10:42:08 - [TEST_STEP][PASSED] - Script1710234207206.Autorization(block, nameOfBlock): null

14-10-2024T10:42:08 - [TEST_STEP][PASSED] - println("block:" + block): null

14-10-2024T10:42:08 - [TEST_STEP][PASSED] - if (block == 1): null

14-10-2024T10:42:08 - [TEST_STEP][PASSED] - else: null

14-10-2024T10:42:08 - [TEST_STEP][PASSED] - delay(45): Delayed 45 second(s)

14-10-2024T10:42:53 - [MESSAGE][PASSED] - Delayed 45 second(s)

14-10-2024T10:42:53 - [TEST_STEP][PASSED] - nameOfBlock = " Выручка": null

14-10-2024T10:42:53 - [TEST_STEP][PASSED] - println("nameOfBlock:" + nameOfBlock): null

14-10-2024T10:42:53 - [TEST_STEP][PASSED] - if (block == 1): null

14-10-2024T10:42:53 - [TEST_STEP][PASSED] - else: Delayed 45 second(s)

14-10-2024T10:42:53 - [TEST_STEP][PASSED] - navigateToUrl(findTestData("PlanFact").getValue(10, 9)): Navigate to 'https://bi.rosseti.digital/viewer?dashboardGuid=a1fd28b3785d443cbc4d7690a1d78e31&sheetGuid=86092a20c5984827a0c87b24cac76a50&fit=true' successfully

14-10-2024T10:43:03 - [MESSAGE][PASSED] - Navigate to 'https://bi.rosseti.digital/viewer?dashboardGuid=a1fd28b3785d443cbc4d7690a1d78e31&sheetGuid=86092a20c5984827a0c87b24cac76a50&fit=true' successfully

14-10-2024T10:43:03 - [TEST_STEP][PASSED] - delay(45): Delayed 45 second(s)

14-10-2024T10:43:48 - [MESSAGE][PASSED] - Delayed 45 second(s)

14-10-2024T10:43:48 - [TEST_STEP][PASSED] - if (verifyElementPresent(findTestObject("Страница авторизации/button_"), 30) == true): null

14-10-2024T10:43:49 - [MESSAGE][PASSED] - Object 'Object Repository/Страница авторизации/button_' is present

14-10-2024T10:43:49 - [TEST_STEP][PASSED] - setText(findTestObject("Страница авторизации/input__username"), findTestData("PlanFact").getValue(8, 1)): Text 'shekhov-aa' is set on object 'Object Repository/Страница авторизации/input__username'

14-10-2024T10:43:49 - [MESSAGE][PASSED] - Text 'shekhov-aa' is set on object 'Object Repository/Страница авторизации/input__username'

14-10-2024T10:43:49 - [TEST_STEP][PASSED] - setText(findTestObject("Страница авторизации/input__password"), findTestData("PlanFact").getValue(9, 1)): Text 'i)RpQLLlXv9gUDC9' is set on object 'Object Repository/Страница авторизации/input__password'

14-10-2024T10:43:50 - [MESSAGE][PASSED] - Text 'i)RpQLLlXv9gUDC9' is set on object 'Object Repository/Страница авторизации/input__password'

14-10-2024T10:43:50 - [TEST_STEP][PASSED] - click(findTestObject("Страница авторизации/button_")): Object: 'Object Repository/Страница авторизации/button_' is clicked on

14-10-2024T10:43:53 - [MESSAGE][PASSED] - Object: 'Object Repository/Страница авторизации/button_' is clicked on

14-10-2024T10:43:53 - [TEST_STEP][PASSED] - delay(45): Delayed 45 second(s)

14-10-2024T10:44:38 - [MESSAGE][PASSED] - Delayed 45 second(s)

14-10-2024T10:44:38 - [TEST_STEP][PASSED] - if (block == 2): Delayed 50 second(s)

14-10-2024T10:44:38 - [TEST_STEP][PASSED] - opoveshenie = getText(findTestObject("Выручка в рублях/Просьба обратить внимание")): Text of object 'Object Repository/Выручка в рублях/Просьба обратить внимание' is: 'Просьба обратить внимание'

14-10-2024T10:44:38 - [MESSAGE][PASSED] - Text of object 'Object Repository/Выручка в рублях/Просьба обратить внимание' is: 'Просьба обратить внимание'

14-10-2024T10:44:38 - [TEST_STEP][PASSED] - if (opoveshenie == "Просьба обратить внимание"): Delayed 50 second(s)

14-10-2024T10:44:38 - [TEST_STEP][PASSED] - click(findTestObject("Выручка в рублях/Закрыть оповещение")): Object: 'Object Repository/Выручка в рублях/Закрыть оповещение' is clicked on

14-10-2024T10:44:39 - [MESSAGE][PASSED] - Object: 'Object Repository/Выручка в рублях/Закрыть оповещение' is clicked on

14-10-2024T10:44:39 - [TEST_STEP][PASSED] - delay(50): Delayed 50 second(s)

14-10-2024T10:45:29 - [MESSAGE][PASSED] - Delayed 50 second(s)

14-10-2024T10:45:29 - [TEST_STEP][PASSED] - click(findTestObject("Выручка в рублях/Фильтр Период" + nameOfBlock)): Object: 'Object Repository/Выручка в рублях/Фильтр Период Выручка' is clicked on

14-10-2024T10:45:29 - [MESSAGE][PASSED] - Object: 'Object Repository/Выручка в рублях/Фильтр Период Выручка' is clicked on

14-10-2024T10:45:29 - [TEST_STEP][PASSED] - click(findTestObject("Выручка в рублях/Снять выделение в фильтре Дата" + nameOfBlock)): Object: 'Object Repository/Выручка в рублях/Снять выделение в фильтре Дата Выручка' is clicked on

14-10-2024T10:45:30 - [MESSAGE][PASSED] - Object: 'Object Repository/Выручка в рублях/Снять выделение в фильтре Дата Выручка' is clicked on

14-10-2024T10:45:30 - [TEST_STEP][PASSED] - click(findTestObject("Выручка в рублях/Применить в фильтре Дата" + nameOfBlock)): Object: 'Object Repository/Выручка в рублях/Применить в фильтре Дата Выручка' is clicked on

14-10-2024T10:45:30 - [MESSAGE][PASSED] - Object: 'Object Repository/Выручка в рублях/Применить в фильтре Дата Выручка' is clicked on

14-10-2024T10:45:30 - [TEST_STEP][PASSED] - delay(50): Delayed 50 second(s)

14-10-2024T10:46:20 - [MESSAGE][PASSED] - Delayed 50 second(s)

14-10-2024T10:46:20 - [TEST_STEP][PASSED] - click(findTestObject("Выручка в рублях/Фильтр Период" + nameOfBlock)): Object: 'Object Repository/Выручка в рублях/Фильтр Период Выручка' is clicked on

14-10-2024T10:46:21 - [MESSAGE][PASSED] - Object: 'Object Repository/Выручка в рублях/Фильтр Период Выручка' is clicked on

14-10-2024T10:46:21 - [TEST_STEP][PASSED] - click(findTestObject("Выручка в рублях/Снять выделение в фильтре Дата" + nameOfBlock)): Object: 'Object Repository/Выручка в рублях/Снять выделение в фильтре Дата Выручка' is clicked on

14-10-2024T10:46:21 - [MESSAGE][PASSED] - Object: 'Object Repository/Выручка в рублях/Снять выделение в фильтре Дата Выручка' is clicked on

14-10-2024T10:46:21 - [TEST_STEP][PASSED] - scrollToElement(findTestObject("Выручка в рублях/2024 список" + nameOfBlock), 30): Scroll to object 'Object Repository/Выручка в рублях/2024 список Выручка' successfully

14-10-2024T10:46:21 - [MESSAGE][PASSED] - Scroll to object 'Object Repository/Выручка в рублях/2024 список Выручка' successfully

14-10-2024T10:46:21 - [TEST_STEP][PASSED] - click(findTestObject("Выручка в рублях/2024 список" + nameOfBlock)): Object: 'Object Repository/Выручка в рублях/2024 список Выручка' is clicked on

14-10-2024T10:46:22 - [MESSAGE][PASSED] - Object: 'Object Repository/Выручка в рублях/2024 список Выручка' is clicked on

14-10-2024T10:46:22 - [TEST_STEP][PASSED] - scrollToElement(findTestObject("Выручка в рублях/1 квартал 2024 выбрать" + nameOfBlock), 30): Scroll to object 'Object Repository/Выручка в рублях/1 квартал 2024 выбрать Выручка' successfully

14-10-2024T10:46:22 - [MESSAGE][PASSED] - Scroll to object 'Object Repository/Выручка в рублях/1 квартал 2024 выбрать Выручка' successfully

14-10-2024T10:46:22 - [TEST_STEP][PASSED] - click(findTestObject("Выручка в рублях/1 квартал 2024 выбрать" + nameOfBlock)): Object: 'Object Repository/Выручка в рублях/1 квартал 2024 выбрать Выручка' is clicked on

14-10-2024T10:46:23 - [MESSAGE][PASSED] - Object: 'Object Repository/Выручка в рублях/1 квартал 2024 выбрать Выручка' is clicked on

14-10-2024T10:46:23 - [TEST_STEP][PASSED] - scrollToElement(findTestObject("Выручка в рублях/2 квартал 2024 выбрать" + nameOfBlock), 30): Scroll to object 'Object Repository/Выручка в рублях/2 квартал 2024 выбрать Выручка' successfully

14-10-2024T10:46:23 - [MESSAGE][PASSED] - Scroll to object 'Object Repository/Выручка в рублях/2 квартал 2024 выбрать Выручка' successfully

14-10-2024T10:46:23 - [TEST_STEP][PASSED] - click(findTestObject("Выручка в рублях/2 квартал 2024 выбрать" + nameOfBlock)): Object: 'Object Repository/Выручка в рублях/2 квартал 2024 выбрать Выручка' is clicked on

14-10-2024T10:46:23 - [MESSAGE][PASSED] - Object: 'Object Repository/Выручка в рублях/2 квартал 2024 выбрать Выручка' is clicked on

14-10-2024T10:46:23 - [TEST_STEP][PASSED] - scrollToElement(findTestObject("Выручка в рублях/3 квартал 2024 список" + nameOfBlock), 30): Scroll to object 'Object Repository/Выручка в рублях/3 квартал 2024 список Выручка' successfully

14-10-2024T10:46:24 - [MESSAGE][PASSED] - Scroll to object 'Object Repository/Выручка в рублях/3 квартал 2024 список Выручка' successfully

14-10-2024T10:46:24 - [TEST_STEP][PASSED] - click(findTestObject("Выручка в рублях/3 квартал 2024 список" + nameOfBlock)): Object: 'Object Repository/Выручка в рублях/3 квартал 2024 список Выручка' is clicked on

14-10-2024T10:46:24 - [MESSAGE][PASSED] - Object: 'Object Repository/Выручка в рублях/3 квартал 2024 список Выручка' is clicked on

14-10-2024T10:46:24 - [TEST_STEP][PASSED] - click(findTestObject("Выручка в рублях/Июль 2024" + nameOfBlock)): Object: 'Object Repository/Выручка в рублях/Июль 2024 Выручка' is clicked on

14-10-2024T10:46:24 - [MESSAGE][PASSED] - Object: 'Object Repository/Выручка в рублях/Июль 2024 Выручка' is clicked on

14-10-2024T10:46:24 - [TEST_STEP][PASSED] - scrollToElement(findTestObject("Выручка в рублях/Август 2024" + nameOfBlock), 30): Scroll to object 'Object Repository/Выручка в рублях/Август 2024 Выручка' successfully

14-10-2024T10:46:25 - [MESSAGE][PASSED] - Scroll to object 'Object Repository/Выручка в рублях/Август 2024 Выручка' successfully

14-10-2024T10:46:25 - [TEST_STEP][PASSED] - click(findTestObject("Выручка в рублях/Август 2024" + nameOfBlock)): Object: 'Object Repository/Выручка в рублях/Август 2024 Выручка' is clicked on

14-10-2024T10:46:25 - [MESSAGE][PASSED] - Object: 'Object Repository/Выручка в рублях/Август 2024 Выручка' is clicked on

14-10-2024T10:46:25 - [TEST_STEP][PASSED] - scrollToElement(findTestObject("Выручка в рублях/Заголовок дашборда" + nameOfBlock), 30): Scroll to object 'Object Repository/Выручка в рублях/Заголовок дашборда Выручка' successfully

14-10-2024T10:46:26 - [MESSAGE][PASSED] - Scroll to object 'Object Repository/Выручка в рублях/Заголовок дашборда Выручка' successfully

14-10-2024T10:46:26 - [TEST_STEP][PASSED] - click(findTestObject("Выручка в рублях/Применить в фильтре Дата" + nameOfBlock)): Object: 'Object Repository/Выручка в рублях/Применить в фильтре Дата Выручка' is clicked on

14-10-2024T10:46:26 - [MESSAGE][PASSED] - Object: 'Object Repository/Выручка в рублях/Применить в фильтре Дата Выручка' is clicked on

14-10-2024T10:46:26 - [TEST_STEP][PASSED] - delay(50): Delayed 50 second(s)

14-10-2024T10:47:16 - [MESSAGE][PASSED] - Delayed 50 second(s)

14-10-2024T10:47:16 - [TEST_STEP][PASSED] - click(findTestObject("Выручка в рублях/Фильтр ДЗО" + nameOfBlock)): Object: 'Object Repository/Выручка в рублях/Фильтр ДЗО Выручка' is clicked on

14-10-2024T10:47:17 - [MESSAGE][PASSED] - Object: 'Object Repository/Выручка в рублях/Фильтр ДЗО Выручка' is clicked on

14-10-2024T10:47:17 - [TEST_STEP][PASSED] - click(findTestObject("Выручка в рублях/Снять выделение в фильтре ДЗО" + nameOfBlock)): Object: 'Object Repository/Выручка в рублях/Снять выделение в фильтре ДЗО Выручка' is clicked on

14-10-2024T10:47:17 - [MESSAGE][PASSED] - Object: 'Object Repository/Выручка в рублях/Снять выделение в фильтре ДЗО Выручка' is clicked on

14-10-2024T10:47:17 - [TEST_STEP][PASSED] - click(findTestObject("Выручка в рублях/Применить в фильтре ДЗО" + nameOfBlock)): Object: 'Object Repository/Выручка в рублях/Применить в фильтре ДЗО Выручка' is clicked on

14-10-2024T10:47:18 - [MESSAGE][PASSED] - Object: 'Object Repository/Выручка в рублях/Применить в фильтре ДЗО Выручка' is clicked on

14-10-2024T10:47:18 - [TEST_STEP][PASSED] - delay(50): Delayed 50 second(s)

14-10-2024T10:48:08 - [MESSAGE][PASSED] - Delayed 50 second(s)

14-10-2024T10:48:08 - [TEST_STEP][PASSED] - Script1710234207206.Tumbler(run, vir, block, nameOfBlock): null

14-10-2024T10:48:08 - [TEST_STEP][PASSED] - println("run:" + run): null

14-10-2024T10:48:08 - [TEST_STEP][PASSED] - println("vir:" + vir): null

14-10-2024T10:48:08 - [TEST_STEP][PASSED] - println("block:" + block): null

14-10-2024T10:48:08 - [TEST_STEP][PASSED] - println("nameOfBlock:" + nameOfBlock): null

14-10-2024T10:48:08 - [TEST_STEP][PASSED] - if (vir == 1): null

14-10-2024T10:48:08 - [TEST_STEP][PASSED] - else if (vir == 2): Object: 'Object Repository/Выручка в рублях/Применить в фильтре Выручка Выручка' is clicked on

14-10-2024T10:48:08 - [TEST_STEP][PASSED] - if (run == 2): null

14-10-2024T10:48:08 - [TEST_STEP][PASSED] - click(findTestObject("Выручка в рублях/Фильтр Выручка" + nameOfBlock)): Object: 'Object Repository/Выручка в рублях/Фильтр Выручка Выручка' is clicked on

14-10-2024T10:48:08 - [MESSAGE][PASSED] - Object: 'Object Repository/Выручка в рублях/Фильтр Выручка Выручка' is clicked on

14-10-2024T10:48:08 - [TEST_STEP][PASSED] - click(findTestObject("Выручка в рублях/Итого в фильтре Выручка" + nameOfBlock)): Object: 'Object Repository/Выручка в рублях/Итого в фильтре Выручка Выручка' is clicked on

14-10-2024T10:48:09 - [MESSAGE][PASSED] - Object: 'Object Repository/Выручка в рублях/Итого в фильтре Выручка Выручка' is clicked on

14-10-2024T10:48:09 - [TEST_STEP][PASSED] - click(findTestObject("Выручка в рублях/Применить в фильтре Выручка" + nameOfBlock)): Object: 'Object Repository/Выручка в рублях/Применить в фильтре Выручка Выручка' is clicked on

14-10-2024T10:48:09 - [MESSAGE][PASSED] - Object: 'Object Repository/Выручка в рублях/Применить в фильтре Выручка Выручка' is clicked on

14-10-2024T10:48:09 - [TEST_STEP][PASSED] - click(findTestObject("Выручка в рублях/Фильтр ДЗО" + nameOfBlock)): Object: 'Object Repository/Выручка в рублях/Фильтр ДЗО Выручка' is clicked on

14-10-2024T10:48:34 - [MESSAGE][PASSED] - Object: 'Object Repository/Выручка в рублях/Фильтр ДЗО Выручка' is clicked on

14-10-2024T10:48:34 - [TEST_STEP][PASSED] - Script1710234207206.Rosseti(nameOfBlock): null

14-10-2024T10:48:34 - [TEST_STEP][PASSED] - println("nameOfBlock:" + nameOfBlock): null

14-10-2024T10:48:34 - [TEST_STEP][PASSED] - click(findTestObject("Выручка в рублях/ПАО Россети" + nameOfBlock)): Object: 'Object Repository/Выручка в рублях/ПАО Россети Выручка' is clicked on

14-10-2024T10:48:34 - [MESSAGE][PASSED] - Object: 'Object Repository/Выручка в рублях/ПАО Россети Выручка' is clicked on

14-10-2024T10:48:34 - [TEST_STEP][PASSED] - click(findTestObject("Выручка в рублях/Применить в фильтре ДЗО" + nameOfBlock)): Object: 'Object Repository/Выручка в рублях/Применить в фильтре ДЗО Выручка' is clicked on

14-10-2024T10:48:35 - [MESSAGE][PASSED] - Object: 'Object Repository/Выручка в рублях/Применить в фильтре ДЗО Выручка' is clicked on

14-10-2024T10:48:35 - [TEST_STEP][PASSED] - if (vir == 1 || vir == 2): Text of object 'Object Repository/Выручка в рублях/График План Выручка' is: '922 071'

14-10-2024T10:48:35 - [TEST_STEP][PASSED] - b1 = getText(findTestObject("Выручка в рублях/График План Выручка")): Text of object 'Object Repository/Выручка в рублях/График План Выручка' is: '922 071'

14-10-2024T10:48:38 - [MESSAGE][PASSED] - Text of object 'Object Repository/Выручка в рублях/График План Выручка' is: '922 071'

14-10-2024T10:48:38 - [TEST_STEP][PASSED] - if (vir == 1 || vir == 2): Text of object 'Object Repository/Выручка в рублях/График Факт Выручка' is: '947 588'

14-10-2024T10:48:38 - [TEST_STEP][PASSED] - b2 = getText(findTestObject("Выручка в рублях/График Факт Выручка")): Text of object 'Object Repository/Выручка в рублях/График Факт Выручка' is: '947 588'

14-10-2024T10:48:38 - [MESSAGE][PASSED] - Text of object 'Object Repository/Выручка в рублях/График Факт Выручка' is: '947 588'

14-10-2024T10:48:38 - [TEST_STEP][PASSED] - b30 = getText(findTestObject("Выручка в рублях/span1" + perc)): Text of object 'Object Repository/Выручка в рублях/span1' is: '25 516.4 млн.руб.'

14-10-2024T10:48:39 - [MESSAGE][PASSED] - Text of object 'Object Repository/Выручка в рублях/span1' is: '25 516.4 млн.руб.'

14-10-2024T10:48:39 - [TEST_STEP][PASSED] - i = b30.indexOf("млн.руб."): null

14-10-2024T10:48:39 - [TEST_STEP][PASSED] - if (i > -1): null

14-10-2024T10:48:39 - [TEST_STEP][PASSED] - b30 = b30.substring(0, i): null

14-10-2024T10:48:39 - [TEST_STEP][PASSED] - b30 = b30.replaceAll(" ", ""): null

14-10-2024T10:48:39 - [TEST_STEP][PASSED] - if (b30.contains("%")): null

14-10-2024T10:48:39 - [TEST_STEP][PASSED] - b30 = ").trim(): null

14-10-2024T10:48:39 - [TEST_STEP][PASSED] - println("b30: " + b30): null

14-10-2024T10:48:39 - [TEST_STEP][PASSED] - if (vir == 1 || vir == 2): Text of object 'Object Repository/Выручка в рублях/span2' is: '194'

14-10-2024T10:48:39 - [TEST_STEP][PASSED] - b31 = ").trim(): Text of object 'Object Repository/Выручка в рублях/span2' is: '194'

14-10-2024T10:48:39 - [MESSAGE][PASSED] - Text of object 'Object Repository/Выручка в рублях/span2' is: '194'

14-10-2024T10:48:39 - [TEST_STEP][PASSED] - if (vir == 1 || vir == 2): Text of object 'Object Repository/Выручка в рублях/span3' is: '-10'

14-10-2024T10:48:39 - [TEST_STEP][PASSED] - b32 = ").trim(): Text of object 'Object Repository/Выручка в рублях/span3' is: '-10'

14-10-2024T10:48:39 - [MESSAGE][PASSED] - Text of object 'Object Repository/Выручка в рублях/span3' is: '-10'

14-10-2024T10:48:39 - [TEST_STEP][PASSED] - if (vir == 1 || vir == 2): Text of object 'Object Repository/Выручка в рублях/span8' is: '236'

14-10-2024T10:48:39 - [TEST_STEP][PASSED] - b33 = ").trim(): Text of object 'Object Repository/Выручка в рублях/span4' is: '122'

14-10-2024T10:48:40 - [MESSAGE][PASSED] - Text of object 'Object Repository/Выручка в рублях/span4' is: '122'

14-10-2024T10:48:40 - [TEST_STEP][PASSED] - b34 = ").trim(): Text of object 'Object Repository/Выручка в рублях/span5' is: '3 000'

14-10-2024T10:48:40 - [MESSAGE][PASSED] - Text of object 'Object Repository/Выручка в рублях/span5' is: '3 000'

14-10-2024T10:48:40 - [TEST_STEP][PASSED] - b35 = ").trim(): Text of object 'Object Repository/Выручка в рублях/span6' is: '3 666'

14-10-2024T10:48:40 - [MESSAGE][PASSED] - Text of object 'Object Repository/Выручка в рублях/span6' is: '3 666'

14-10-2024T10:48:40 - [TEST_STEP][PASSED] - b36 = ").trim(): Text of object 'Object Repository/Выручка в рублях/span7' is: '6 842'

14-10-2024T10:48:41 - [MESSAGE][PASSED] - Text of object 'Object Repository/Выручка в рублях/span7' is: '6 842'

14-10-2024T10:48:41 - [TEST_STEP][PASSED] - b37 = ").trim(): Text of object 'Object Repository/Выручка в рублях/span8' is: '236'

14-10-2024T10:48:41 - [MESSAGE][PASSED] - Text of object 'Object Repository/Выручка в рублях/span8' is: '236'

14-10-2024T10:48:41 - [TEST_STEP][PASSED] - if (vir == 1 || vir == 2): Text of object 'Object Repository/Выручка в рублях/span17' is: '1 099'

14-10-2024T10:48:41 - [TEST_STEP][PASSED] - b38 = ").trim(): Text of object 'Object Repository/Выручка в рублях/span9' is: '1 000'

14-10-2024T10:48:41 - [MESSAGE][PASSED] - Text of object 'Object Repository/Выручка в рублях/span9' is: '1 000'

14-10-2024T10:48:41 - [TEST_STEP][PASSED] - b39 = ").trim(): Text of object 'Object Repository/Выручка в рублях/span10' is: '1 910'

14-10-2024T10:48:41 - [MESSAGE][PASSED] - Text of object 'Object Repository/Выручка в рублях/span10' is: '1 910'

14-10-2024T10:48:41 - [TEST_STEP][PASSED] - b310 = ").trim(): Text of object 'Object Repository/Выручка в рублях/span11' is: '228'

14-10-2024T10:48:42 - [MESSAGE][PASSED] - Text of object 'Object Repository/Выручка в рублях/span11' is: '228'

14-10-2024T10:48:42 - [TEST_STEP][PASSED] - b311 = ").trim(): Text of object 'Object Repository/Выручка в рублях/span12' is: '-3 453'

14-10-2024T10:48:42 - [MESSAGE][PASSED] - Text of object 'Object Repository/Выручка в рублях/span12' is: '-3 453'

14-10-2024T10:48:42 - [TEST_STEP][PASSED] - b312 = ").trim(): Text of object 'Object Repository/Выручка в рублях/span13' is: '1 778'

14-10-2024T10:48:42 - [MESSAGE][PASSED] - Text of object 'Object Repository/Выручка в рублях/span13' is: '1 778'

14-10-2024T10:48:42 - [TEST_STEP][PASSED] - b313 = ").trim(): Text of object 'Object Repository/Выручка в рублях/span14' is: '1 353'

14-10-2024T10:48:43 - [MESSAGE][PASSED] - Text of object 'Object Repository/Выручка в рублях/span14' is: '1 353'

14-10-2024T10:48:43 - [TEST_STEP][PASSED] - b314 = ").trim(): Text of object 'Object Repository/Выручка в рублях/span15' is: '3 442'

14-10-2024T10:48:43 - [MESSAGE][PASSED] - Text of object 'Object Repository/Выручка в рублях/span15' is: '3 442'

14-10-2024T10:48:43 - [TEST_STEP][PASSED] - b315 = ").trim(): Text of object 'Object Repository/Выручка в рублях/span16' is: '3 872'

14-10-2024T10:48:43 - [MESSAGE][PASSED] - Text of object 'Object Repository/Выручка в рублях/span16' is: '3 872'

14-10-2024T10:48:43 - [TEST_STEP][PASSED] - b316 = ").trim(): Text of object 'Object Repository/Выручка в рублях/span17' is: '1 099'

14-10-2024T10:48:43 - [MESSAGE][PASSED] - Text of object 'Object Repository/Выручка в рублях/span17' is: '1 099'

14-10-2024T10:48:43 - [TEST_STEP][PASSED] - if (vir == 1 || vir == 2): Text of object 'Object Repository/Выручка в рублях/span18' is: '237'

14-10-2024T10:48:43 - [TEST_STEP][PASSED] - b317 = ").trim(): Text of object 'Object Repository/Выручка в рублях/span18' is: '237'

14-10-2024T10:48:44 - [MESSAGE][PASSED] - Text of object 'Object Repository/Выручка в рублях/span18' is: '237'

14-10-2024T10:48:44 - [TEST_STEP][PASSED] - dZO = "ПАО Россети": null

14-10-2024T10:48:44 - [TEST_STEP][PASSED] - if (verifyEqual(a1, b1) == false): Actual object '922 071' and expected object '922 071' are equal

14-10-2024T10:48:44 - [MESSAGE][PASSED] - Actual object '922 071' and expected object '922 071' are equal

14-10-2024T10:48:44 - [TEST_STEP][PASSED] - if (verifyEqual(a2, b2) == false): Actual object '947 588' and expected object '947 588' are equal

14-10-2024T10:48:44 - [MESSAGE][PASSED] - Actual object '947 588' and expected object '947 588' are equal

14-10-2024T10:48:44 - [TEST_STEP][PASSED] - vidget = "Отклонения": null

14-10-2024T10:48:44 - [TEST_STEP][PASSED] - if (verifyEqual(a30, b30) == false): Actual object '25516.4' and expected object '25516.4' are equal

14-10-2024T10:48:44 - [MESSAGE][PASSED] - Actual object '25516.4' and expected object '25516.4' are equal

14-10-2024T10:48:44 - [TEST_STEP][PASSED] - dZO = "АО «Тываэнерго»": null

14-10-2024T10:48:44 - [TEST_STEP][PASSED] - if (verifyEqual(a31, b31) == false): Actual object '194' and expected object '194' are equal

14-10-2024T10:48:44 - [MESSAGE][PASSED] - Actual object '194' and expected object '194' are equal

14-10-2024T10:48:44 - [TEST_STEP][PASSED] - dZO = "АО «Чеченэнерго»": null

14-10-2024T10:48:44 - [TEST_STEP][PASSED] - if (verifyEqual(a32, b32) == false): Actual object '-10' and expected object '-10' are equal

14-10-2024T10:48:44 - [MESSAGE][PASSED] - Actual object '-10' and expected object '-10' are equal

14-10-2024T10:48:44 - [TEST_STEP][PASSED] - dZO = "Россети Волга": null

14-10-2024T10:48:44 - [TEST_STEP][PASSED] - if (verifyEqual(a33, b33) == false): Actual object '122' and expected object '122' are equal

14-10-2024T10:48:44 - [MESSAGE][PASSED] - Actual object '122' and expected object '122' are equal

14-10-2024T10:48:44 - [TEST_STEP][PASSED] - dZO = "Россети Кубань": null

14-10-2024T10:48:44 - [TEST_STEP][PASSED] - if (verifyEqual(a34, b34) == false): Actual object '3 000' and expected object '3 000' are equal

14-10-2024T10:48:44 - [MESSAGE][PASSED] - Actual object '3 000' and expected object '3 000' are equal

14-10-2024T10:48:44 - [TEST_STEP][PASSED] - dZO = "Россети Ленэнерго (ГК)": null

14-10-2024T10:48:44 - [TEST_STEP][PASSED] - if (verifyEqual(a35, b35) == false): Actual object '3 666' and expected object '3 666' are equal

14-10-2024T10:48:44 - [MESSAGE][PASSED] - Actual object '3 666' and expected object '3 666' are equal

14-10-2024T10:48:44 - [TEST_STEP][PASSED] - dZO = "Россети Московский регион": null

14-10-2024T10:48:44 - [TEST_STEP][PASSED] - if (verifyEqual(a36, b36) == false): Actual object '6 842' and expected object '6 842' are equal

14-10-2024T10:48:44 - [MESSAGE][PASSED] - Actual object '6 842' and expected object '6 842' are equal

14-10-2024T10:48:44 - [TEST_STEP][PASSED] - dZO = "Россети Северный Кавказ (ГК)": null

14-10-2024T10:48:44 - [TEST_STEP][PASSED] - if (verifyEqual(a37, b37) == false): Actual object '236' and expected object '236' are equal

14-10-2024T10:48:44 - [MESSAGE][PASSED] - Actual object '236' and expected object '236' are equal

14-10-2024T10:48:44 - [TEST_STEP][PASSED] - dZO = "Россети Северо-Запад": null

14-10-2024T10:48:44 - [TEST_STEP][PASSED] - if (verifyEqual(a38, b38) == false): Actual object '1 000' and expected object '1 000' are equal

14-10-2024T10:48:44 - [MESSAGE][PASSED] - Actual object '1 000' and expected object '1 000' are equal

14-10-2024T10:48:44 - [TEST_STEP][PASSED] - dZO = "Россети Сибирь (ГК)": null

14-10-2024T10:48:44 - [TEST_STEP][PASSED] - if (verifyEqual(a39, b39) == false): Actual object '1 910' and expected object '1 910' are equal

14-10-2024T10:48:44 - [MESSAGE][PASSED] - Actual object '1 910' and expected object '1 910' are equal

14-10-2024T10:48:44 - [TEST_STEP][PASSED] - dZO = "Россети Томск": null

14-10-2024T10:48:44 - [TEST_STEP][PASSED] - if (verifyEqual(a310, b310) == false): Actual object '228' and expected object '228' are equal

14-10-2024T10:48:44 - [MESSAGE][PASSED] - Actual object '228' and expected object '228' are equal

14-10-2024T10:48:44 - [TEST_STEP][PASSED] - dZO = "Россети Тюмень": null

14-10-2024T10:48:44 - [TEST_STEP][PASSED] - if (verifyEqual(a311, b311) == false): Actual object '-3 453' and expected object '-3 453' are equal

14-10-2024T10:48:44 - [MESSAGE][PASSED] - Actual object '-3 453' and expected object '-3 453' are equal

14-10-2024T10:48:44 - [TEST_STEP][PASSED] - dZO = "Россети Урал (ГК)": null

14-10-2024T10:48:44 - [TEST_STEP][PASSED] - if (verifyEqual(a312, b312) == false): Actual object '1 778' and expected object '1 778' are equal

14-10-2024T10:48:44 - [MESSAGE][PASSED] - Actual object '1 778' and expected object '1 778' are equal

14-10-2024T10:48:44 - [TEST_STEP][PASSED] - dZO = "Россети ФСК ЕЭС": null

14-10-2024T10:48:44 - [TEST_STEP][PASSED] - if (verifyEqual(a313, b313) == false): Actual object '1 353' and expected object '1 353' are equal

14-10-2024T10:48:44 - [MESSAGE][PASSED] - Actual object '1 353' and expected object '1 353' are equal

14-10-2024T10:48:44 - [TEST_STEP][PASSED] - dZO = "Россети Центр": null

14-10-2024T10:48:44 - [TEST_STEP][PASSED] - if (verifyEqual(a314, b314) == false): Actual object '3 442' and expected object '3 442' are equal

14-10-2024T10:48:44 - [MESSAGE][PASSED] - Actual object '3 442' and expected object '3 442' are equal

14-10-2024T10:48:44 - [TEST_STEP][PASSED] - dZO = "Россети Центр и Приволжье (ГК)": null

14-10-2024T10:48:44 - [TEST_STEP][PASSED] - if (verifyEqual(a315, b315) == false): Actual object '3 872' and expected object '3 872' are equal

14-10-2024T10:48:44 - [MESSAGE][PASSED] - Actual object '3 872' and expected object '3 872' are equal

14-10-2024T10:48:44 - [TEST_STEP][PASSED] - dZO = "Россети Юг (ГК)": null

14-10-2024T10:48:44 - [TEST_STEP][PASSED] - if (verifyEqual(a316, b316) == false): Actual object '1 099' and expected object '1 099' are equal

14-10-2024T10:48:44 - [MESSAGE][PASSED] - Actual object '1 099' and expected object '1 099' are equal

14-10-2024T10:48:44 - [TEST_STEP][PASSED] - dZO = "Россети Янтарь": null

14-10-2024T10:48:44 - [TEST_STEP][PASSED] - if (verifyEqual(a317, b317) == false): Actual object '237' and expected object '237' are equal

14-10-2024T10:48:44 - [MESSAGE][PASSED] - Actual object '237' and expected object '237' are equal

14-10-2024T10:48:44 - [TEST_STEP][PASSED] - closeBrowser(): null

14-10-2024T10:48:44 - [MESSAGE][PASSED] - Browser is closed

14-10-2024T10:48:44 - [TEST_STEP][PASSED] - Script1710234207206.Blocks(run, vir, block, nameOfBlock, typeOfData, viruchka, vidget, todaysDate, a, b, dZO, x, y): null

14-10-2024T10:48:44 - [TEST_STEP][PASSED] - i = <not implemented yet for class: org.codehaus.groovy.ast.expr.EmptyExpression>: null

14-10-2024T10:48:44 - [TEST_STEP][PASSED] - perc = "": null

14-10-2024T10:48:44 - [TEST_STEP][PASSED] - a1 = <not implemented yet for class: org.codehaus.groovy.ast.expr.EmptyExpression>: null

14-10-2024T10:48:44 - [TEST_STEP][PASSED] - a2 = <not implemented yet for class: org.codehaus.groovy.ast.expr.EmptyExpression>: null

14-10-2024T10:48:44 - [TEST_STEP][PASSED] - a30 = <not implemented yet for class: org.codehaus.groovy.ast.expr.EmptyExpression>: null

14-10-2024T10:48:44 - [TEST_STEP][PASSED] - a31 = <not implemented yet for class: org.codehaus.groovy.ast.expr.EmptyExpression>: null

14-10-2024T10:48:44 - [TEST_STEP][PASSED] - a32 = <not implemented yet for class: org.codehaus.groovy.ast.expr.EmptyExpression>: null

14-10-2024T10:48:44 - [TEST_STEP][PASSED] - a33 = <not implemented yet for class: org.codehaus.groovy.ast.expr.EmptyExpression>: null

14-10-2024T10:48:44 - [TEST_STEP][PASSED] - a34 = <not implemented yet for class: org.codehaus.groovy.ast.expr.EmptyExpression>: null

14-10-2024T10:48:44 - [TEST_STEP][PASSED] - a35 = <not implemented yet for class: org.codehaus.groovy.ast.expr.EmptyExpression>: null

14-10-2024T10:48:44 - [TEST_STEP][PASSED] - a36 = <not implemented yet for class: org.codehaus.groovy.ast.expr.EmptyExpression>: null

14-10-2024T10:48:44 - [TEST_STEP][PASSED] - a37 = <not implemented yet for class: org.codehaus.groovy.ast.expr.EmptyExpression>: null

14-10-2024T10:48:44 - [TEST_STEP][PASSED] - a38 = <not implemented yet for class: org.codehaus.groovy.ast.expr.EmptyExpression>: null

14-10-2024T10:48:44 - [TEST_STEP][PASSED] - a39 = <not implemented yet for class: org.codehaus.groovy.ast.expr.EmptyExpression>: null

14-10-2024T10:48:44 - [TEST_STEP][PASSED] - a310 = <not implemented yet for class: org.codehaus.groovy.ast.expr.EmptyExpression>: null

14-10-2024T10:48:44 - [TEST_STEP][PASSED] - a311 = <not implemented yet for class: org.codehaus.groovy.ast.expr.EmptyExpression>: null

14-10-2024T10:48:44 - [TEST_STEP][PASSED] - a312 = <not implemented yet for class: org.codehaus.groovy.ast.expr.EmptyExpression>: null

14-10-2024T10:48:44 - [TEST_STEP][PASSED] - a313 = <not implemented yet for class: org.codehaus.groovy.ast.expr.EmptyExpression>: null

14-10-2024T10:48:44 - [TEST_STEP][PASSED] - a314 = <not implemented yet for class: org.codehaus.groovy.ast.expr.EmptyExpression>: null

14-10-2024T10:48:44 - [TEST_STEP][PASSED] - a315 = <not implemented yet for class: org.codehaus.groovy.ast.expr.EmptyExpression>: null

14-10-2024T10:48:44 - [TEST_STEP][PASSED] - a316 = <not implemented yet for class: org.codehaus.groovy.ast.expr.EmptyExpression>: null

14-10-2024T10:48:44 - [TEST_STEP][PASSED] - a317 = <not implemented yet for class: org.codehaus.groovy.ast.expr.EmptyExpression>: null

14-10-2024T10:48:44 - [TEST_STEP][PASSED] - b1 = <not implemented yet for class: org.codehaus.groovy.ast.expr.EmptyExpression>: null

14-10-2024T10:48:44 - [TEST_STEP][PASSED] - b2 = <not implemented yet for class: org.codehaus.groovy.ast.expr.EmptyExpression>: null

14-10-2024T10:48:44 - [TEST_STEP][PASSED] - b30 = <not implemented yet for class: org.codehaus.groovy.ast.expr.EmptyExpression>: null

14-10-2024T10:48:44 - [TEST_STEP][PASSED] - b31 = <not implemented yet for class: org.codehaus.groovy.ast.expr.EmptyExpression>: null

14-10-2024T10:48:44 - [TEST_STEP][PASSED] - b32 = <not implemented yet for class: org.codehaus.groovy.ast.expr.EmptyExpression>: null

14-10-2024T10:48:44 - [TEST_STEP][PASSED] - b33 = <not implemented yet for class: org.codehaus.groovy.ast.expr.EmptyExpression>: null

14-10-2024T10:48:44 - [TEST_STEP][PASSED] - b34 = <not implemented yet for class: org.codehaus.groovy.ast.expr.EmptyExpression>: null

14-10-2024T10:48:44 - [TEST_STEP][PASSED] - b35 = <not implemented yet for class: org.codehaus.groovy.ast.expr.EmptyExpression>: null

14-10-2024T10:48:44 - [TEST_STEP][PASSED] - b36 = <not implemented yet for class: org.codehaus.groovy.ast.expr.EmptyExpression>: null

14-10-2024T10:48:44 - [TEST_STEP][PASSED] - b37 = <not implemented yet for class: org.codehaus.groovy.ast.expr.EmptyExpression>: null

14-10-2024T10:48:44 - [TEST_STEP][PASSED] - b38 = <not implemented yet for class: org.codehaus.groovy.ast.expr.EmptyExpression>: null

14-10-2024T10:48:44 - [TEST_STEP][PASSED] - b39 = <not implemented yet for class: org.codehaus.groovy.ast.expr.EmptyExpression>: null

14-10-2024T10:48:44 - [TEST_STEP][PASSED] - b310 = <not implemented yet for class: org.codehaus.groovy.ast.expr.EmptyExpression>: null

14-10-2024T10:48:44 - [TEST_STEP][PASSED] - b311 = <not implemented yet for class: org.codehaus.groovy.ast.expr.EmptyExpression>: null

14-10-2024T10:48:44 - [TEST_STEP][PASSED] - b312 = <not implemented yet for class: org.codehaus.groovy.ast.expr.EmptyExpression>: null

14-10-2024T10:48:44 - [TEST_STEP][PASSED] - b313 = <not implemented yet for class: org.codehaus.groovy.ast.expr.EmptyExpression>: null

14-10-2024T10:48:44 - [TEST_STEP][PASSED] - b314 = <not implemented yet for class: org.codehaus.groovy.ast.expr.EmptyExpression>: null

14-10-2024T10:48:44 - [TEST_STEP][PASSED] - b315 = <not implemented yet for class: org.codehaus.groovy.ast.expr.EmptyExpression>: null

14-10-2024T10:48:44 - [TEST_STEP][PASSED] - b316 = <not implemented yet for class: org.codehaus.groovy.ast.expr.EmptyExpression>: null

14-10-2024T10:48:44 - [TEST_STEP][PASSED] - b317 = <not implemented yet for class: org.codehaus.groovy.ast.expr.EmptyExpression>: null

14-10-2024T10:48:44 - [TEST_STEP][PASSED] - block = 1: null

14-10-2024T10:48:44 - [TEST_STEP][PASSED] - nameOfBlock = "": null

14-10-2024T10:48:44 - [TEST_STEP][PASSED] - Script1710234207206.PreSettings(run, vir, block, nameOfBlock, typeOfData, todaysDate): null

14-10-2024T10:48:44 - [TEST_STEP][PASSED] - openBrowser(""): Browser is opened with url: ''

14-10-2024T10:48:44 - [MESSAGE][INFO] - Starting 'Chrome' driver

14-10-2024T10:48:44 - [MESSAGE][INFO] - Action delay is set to 0 milliseconds

14-10-2024T10:48:45 - [MESSAGE][PASSED] - Browser is opened with url: ''

14-10-2024T10:48:45 - [TEST_STEP][PASSED] - refresh(): Refresh successfully

14-10-2024T10:48:45 - [MESSAGE][PASSED] - Refresh successfully

14-10-2024T10:48:45 - [TEST_STEP][PASSED] - delay(50): Delayed 50 second(s)

14-10-2024T10:49:35 - [MESSAGE][PASSED] - Delayed 50 second(s)

14-10-2024T10:49:35 - [TEST_STEP][PASSED] - println("run:" + run): null

14-10-2024T10:49:35 - [TEST_STEP][PASSED] - println("vir:" + vir): null

14-10-2024T10:49:35 - [TEST_STEP][PASSED] - println("block:" + block): null

14-10-2024T10:49:35 - [TEST_STEP][PASSED] - if (block == 1): null

14-10-2024T10:49:35 - [TEST_STEP][PASSED] - nameOfBlock = "": null

14-10-2024T10:49:35 - [TEST_STEP][PASSED] - println("nameOfBlock:" + nameOfBlock): null

14-10-2024T10:49:35 - [TEST_STEP][PASSED] - println("typeOfData:" + typeOfData): null

14-10-2024T10:49:35 - [TEST_STEP][PASSED] - println("todaysDate:" + todaysDate): null

14-10-2024T10:49:35 - [TEST_STEP][PASSED] - Script1710234207206.Autorization(block, nameOfBlock): null

14-10-2024T10:49:35 - [TEST_STEP][PASSED] - println("block:" + block): null

14-10-2024T10:49:35 - [TEST_STEP][PASSED] - if (block == 1): null

14-10-2024T10:49:35 - [TEST_STEP][PASSED] - nameOfBlock = "": null

14-10-2024T10:49:35 - [TEST_STEP][PASSED] - println("nameOfBlock:" + nameOfBlock): null

14-10-2024T10:49:35 - [TEST_STEP][PASSED] - if (block == 1): Delayed 45 second(s)

14-10-2024T10:49:35 - [TEST_STEP][PASSED] - navigateToUrl(findTestData("PlanFact").getValue(10, 2)): Navigate to 'https://bi.rosseti.digital/viewer?dashboardGuid=2301950b23be4ed89c1df75f2020051e&sheetGuid=b723206f698544fb87299f3095c00435&fit=true' successfully

14-10-2024T10:49:48 - [MESSAGE][PASSED] - Navigate to 'https://bi.rosseti.digital/viewer?dashboardGuid=2301950b23be4ed89c1df75f2020051e&sheetGuid=b723206f698544fb87299f3095c00435&fit=true' successfully

14-10-2024T10:49:48 - [TEST_STEP][PASSED] - delay(45): Delayed 45 second(s)

14-10-2024T10:50:33 - [MESSAGE][PASSED] - Delayed 45 second(s)

14-10-2024T10:50:33 - [TEST_STEP][PASSED] - if (verifyElementPresent(findTestObject("Страница авторизации/button_"), 30) == true): null

14-10-2024T10:50:33 - [MESSAGE][PASSED] - Object 'Object Repository/Страница авторизации/button_' is present

14-10-2024T10:50:33 - [TEST_STEP][PASSED] - setText(findTestObject("Страница авторизации/input__username"), findTestData("PlanFact").getValue(8, 1)): Text 'shekhov-aa' is set on object 'Object Repository/Страница авторизации/input__username'

14-10-2024T10:50:34 - [MESSAGE][PASSED] - Text 'shekhov-aa' is set on object 'Object Repository/Страница авторизации/input__username'

14-10-2024T10:50:34 - [TEST_STEP][PASSED] - setText(findTestObject("Страница авторизации/input__password"), findTestData("PlanFact").getValue(9, 1)): Text 'i)RpQLLlXv9gUDC9' is set on object 'Object Repository/Страница авторизации/input__password'

14-10-2024T10:50:34 - [MESSAGE][PASSED] - Text 'i)RpQLLlXv9gUDC9' is set on object 'Object Repository/Страница авторизации/input__password'

14-10-2024T10:50:34 - [TEST_STEP][PASSED] - click(findTestObject("Страница авторизации/button_")): Object: 'Object Repository/Страница авторизации/button_' is clicked on

14-10-2024T10:50:38 - [MESSAGE][PASSED] - Object: 'Object Repository/Страница авторизации/button_' is clicked on

14-10-2024T10:50:38 - [TEST_STEP][PASSED] - delay(45): Delayed 45 second(s)

14-10-2024T10:51:23 - [MESSAGE][PASSED] - Delayed 45 second(s)

14-10-2024T10:51:23 - [TEST_STEP][PASSED] - if (block == 2): null

14-10-2024T10:51:23 - [TEST_STEP][PASSED] - click(findTestObject("Выручка в рублях/Фильтр Период" + nameOfBlock)): Object: 'Object Repository/Выручка в рублях/Фильтр Период' is clicked on

14-10-2024T10:51:23 - [MESSAGE][PASSED] - Object: 'Object Repository/Выручка в рублях/Фильтр Период' is clicked on

14-10-2024T10:51:23 - [TEST_STEP][PASSED] - click(findTestObject("Выручка в рублях/Снять выделение в фильтре Дата" + nameOfBlock)): Object: 'Object Repository/Выручка в рублях/Снять выделение в фильтре Дата' is clicked on

14-10-2024T10:51:23 - [MESSAGE][PASSED] - Object: 'Object Repository/Выручка в рублях/Снять выделение в фильтре Дата' is clicked on

14-10-2024T10:51:23 - [TEST_STEP][PASSED] - click(findTestObject("Выручка в рублях/Применить в фильтре Дата" + nameOfBlock)): Object: 'Object Repository/Выручка в рублях/Применить в фильтре Дата' is clicked on

14-10-2024T10:51:24 - [MESSAGE][PASSED] - Object: 'Object Repository/Выручка в рублях/Применить в фильтре Дата' is clicked on

14-10-2024T10:51:24 - [TEST_STEP][PASSED] - delay(50): Delayed 50 second(s)

14-10-2024T10:52:14 - [MESSAGE][PASSED] - Delayed 50 second(s)

14-10-2024T10:52:14 - [TEST_STEP][PASSED] - click(findTestObject("Выручка в рублях/Фильтр Период" + nameOfBlock)): Object: 'Object Repository/Выручка в рублях/Фильтр Период' is clicked on

14-10-2024T10:52:14 - [MESSAGE][PASSED] - Object: 'Object Repository/Выручка в рублях/Фильтр Период' is clicked on

14-10-2024T10:52:14 - [TEST_STEP][PASSED] - click(findTestObject("Выручка в рублях/Снять выделение в фильтре Дата" + nameOfBlock)): Object: 'Object Repository/Выручка в рублях/Снять выделение в фильтре Дата' is clicked on

14-10-2024T10:52:15 - [MESSAGE][PASSED] - Object: 'Object Repository/Выручка в рублях/Снять выделение в фильтре Дата' is clicked on

14-10-2024T10:52:15 - [TEST_STEP][PASSED] - scrollToElement(findTestObject("Выручка в рублях/2024 список" + nameOfBlock), 30): Scroll to object 'Object Repository/Выручка в рублях/2024 список' successfully

14-10-2024T10:52:15 - [MESSAGE][PASSED] - Scroll to object 'Object Repository/Выручка в рублях/2024 список' successfully

14-10-2024T10:52:15 - [TEST_STEP][PASSED] - click(findTestObject("Выручка в рублях/2024 список" + nameOfBlock)): Object: 'Object Repository/Выручка в рублях/2024 список' is clicked on

14-10-2024T10:52:15 - [MESSAGE][PASSED] - Object: 'Object Repository/Выручка в рублях/2024 список' is clicked on

14-10-2024T10:52:15 - [TEST_STEP][PASSED] - scrollToElement(findTestObject("Выручка в рублях/1 квартал 2024 выбрать" + nameOfBlock), 30): Scroll to object 'Object Repository/Выручка в рублях/1 квартал 2024 выбрать' successfully

14-10-2024T10:52:16 - [MESSAGE][PASSED] - Scroll to object 'Object Repository/Выручка в рублях/1 квартал 2024 выбрать' successfully

14-10-2024T10:52:16 - [TEST_STEP][PASSED] - click(findTestObject("Выручка в рублях/1 квартал 2024 выбрать" + nameOfBlock)): Object: 'Object Repository/Выручка в рублях/1 квартал 2024 выбрать' is clicked on

14-10-2024T10:52:16 - [MESSAGE][PASSED] - Object: 'Object Repository/Выручка в рублях/1 квартал 2024 выбрать' is clicked on

14-10-2024T10:52:16 - [TEST_STEP][PASSED] - scrollToElement(findTestObject("Выручка в рублях/2 квартал 2024 выбрать" + nameOfBlock), 30): Scroll to object 'Object Repository/Выручка в рублях/2 квартал 2024 выбрать' successfully

14-10-2024T10:52:17 - [MESSAGE][PASSED] - Scroll to object 'Object Repository/Выручка в рублях/2 квартал 2024 выбрать' successfully

14-10-2024T10:52:17 - [TEST_STEP][PASSED] - click(findTestObject("Выручка в рублях/2 квартал 2024 выбрать" + nameOfBlock)): Object: 'Object Repository/Выручка в рублях/2 квартал 2024 выбрать' is clicked on

14-10-2024T10:52:17 - [MESSAGE][PASSED] - Object: 'Object Repository/Выручка в рублях/2 квартал 2024 выбрать' is clicked on

14-10-2024T10:52:17 - [TEST_STEP][PASSED] - scrollToElement(findTestObject("Выручка в рублях/3 квартал 2024 список" + nameOfBlock), 30): Scroll to object 'Object Repository/Выручка в рублях/3 квартал 2024 список' successfully

14-10-2024T10:52:18 - [MESSAGE][PASSED] - Scroll to object 'Object Repository/Выручка в рублях/3 квартал 2024 список' successfully

14-10-2024T10:52:18 - [TEST_STEP][PASSED] - click(findTestObject("Выручка в рублях/3 квартал 2024 список" + nameOfBlock)): Object: 'Object Repository/Выручка в рублях/3 квартал 2024 список' is clicked on

14-10-2024T10:52:18 - [MESSAGE][PASSED] - Object: 'Object Repository/Выручка в рублях/3 квартал 2024 список' is clicked on

14-10-2024T10:52:18 - [TEST_STEP][PASSED] - click(findTestObject("Выручка в рублях/Июль 2024" + nameOfBlock)): Object: 'Object Repository/Выручка в рублях/Июль 2024' is clicked on

14-10-2024T10:52:18 - [MESSAGE][PASSED] - Object: 'Object Repository/Выручка в рублях/Июль 2024' is clicked on

14-10-2024T10:52:18 - [TEST_STEP][PASSED] - scrollToElement(findTestObject("Выручка в рублях/Август 2024" + nameOfBlock), 30): Scroll to object 'Object Repository/Выручка в рублях/Август 2024' successfully

14-10-2024T10:52:19 - [MESSAGE][PASSED] - Scroll to object 'Object Repository/Выручка в рублях/Август 2024' successfully

14-10-2024T10:52:19 - [TEST_STEP][PASSED] - click(findTestObject("Выручка в рублях/Август 2024" + nameOfBlock)): Object: 'Object Repository/Выручка в рублях/Август 2024' is clicked on

14-10-2024T10:52:19 - [MESSAGE][PASSED] - Object: 'Object Repository/Выручка в рублях/Август 2024' is clicked on

14-10-2024T10:52:19 - [TEST_STEP][PASSED] - scrollToElement(findTestObject("Выручка в рублях/Заголовок дашборда" + nameOfBlock), 30): Scroll to object 'Object Repository/Выручка в рублях/Заголовок дашборда' successfully

14-10-2024T10:52:20 - [MESSAGE][PASSED] - Scroll to object 'Object Repository/Выручка в рублях/Заголовок дашборда' successfully

14-10-2024T10:52:20 - [TEST_STEP][PASSED] - click(findTestObject("Выручка в рублях/Применить в фильтре Дата" + nameOfBlock)): Object: 'Object Repository/Выручка в рублях/Применить в фильтре Дата' is clicked on

14-10-2024T10:52:20 - [MESSAGE][PASSED] - Object: 'Object Repository/Выручка в рублях/Применить в фильтре Дата' is clicked on

14-10-2024T10:52:20 - [TEST_STEP][PASSED] - delay(50): Delayed 50 second(s)

14-10-2024T10:53:10 - [MESSAGE][PASSED] - Delayed 50 second(s)

14-10-2024T10:53:10 - [TEST_STEP][PASSED] - click(findTestObject("Выручка в рублях/Фильтр ДЗО" + nameOfBlock)): Object: 'Object Repository/Выручка в рублях/Фильтр ДЗО' is clicked on

14-10-2024T10:53:10 - [MESSAGE][PASSED] - Object: 'Object Repository/Выручка в рублях/Фильтр ДЗО' is clicked on

14-10-2024T10:53:10 - [TEST_STEP][PASSED] - click(findTestObject("Выручка в рублях/Снять выделение в фильтре ДЗО" + nameOfBlock)): Object: 'Object Repository/Выручка в рублях/Снять выделение в фильтре ДЗО' is clicked on

14-10-2024T10:53:11 - [MESSAGE][PASSED] - Object: 'Object Repository/Выручка в рублях/Снять выделение в фильтре ДЗО' is clicked on

14-10-2024T10:53:11 - [TEST_STEP][PASSED] - click(findTestObject("Выручка в рублях/Применить в фильтре ДЗО" + nameOfBlock)): Object: 'Object Repository/Выручка в рублях/Применить в фильтре ДЗО' is clicked on

14-10-2024T10:53:11 - [MESSAGE][PASSED] - Object: 'Object Repository/Выручка в рублях/Применить в фильтре ДЗО' is clicked on

14-10-2024T10:53:11 - [TEST_STEP][PASSED] - delay(50): Delayed 50 second(s)

14-10-2024T10:54:01 - [MESSAGE][PASSED] - Delayed 50 second(s)

14-10-2024T10:54:01 - [TEST_STEP][PASSED] - Script1710234207206.Tumbler(run, vir, block, nameOfBlock): null

14-10-2024T10:54:01 - [TEST_STEP][PASSED] - println("run:" + run): null

14-10-2024T10:54:01 - [TEST_STEP][PASSED] - println("vir:" + vir): null

14-10-2024T10:54:01 - [TEST_STEP][PASSED] - println("block:" + block): null

14-10-2024T10:54:01 - [TEST_STEP][PASSED] - println("nameOfBlock:" + nameOfBlock): null

14-10-2024T10:54:01 - [TEST_STEP][PASSED] - if (vir == 1): null

14-10-2024T10:54:01 - [TEST_STEP][PASSED] - else if (vir == 2): null

14-10-2024T10:54:01 - [TEST_STEP][PASSED] - else if (vir == 3): Object: 'Object Repository/Выручка в рублях/Применить в фильтре Выручка' is clicked on

14-10-2024T10:54:01 - [TEST_STEP][PASSED] - if (run == 2): null

14-10-2024T10:54:01 - [TEST_STEP][PASSED] - click(findTestObject("Выручка в рублях/Фильтр Выручка" + nameOfBlock)): Object: 'Object Repository/Выручка в рублях/Фильтр Выручка' is clicked on

14-10-2024T10:54:02 - [MESSAGE][PASSED] - Object: 'Object Repository/Выручка в рублях/Фильтр Выручка' is clicked on

14-10-2024T10:54:02 - [TEST_STEP][PASSED] - click(findTestObject("Выручка в рублях/Внутренний оборот в фильтре Выручка" + nameOfBlock)): Object: 'Object Repository/Выручка в рублях/Внутренний оборот в фильтре Выручка' is clicked on

14-10-2024T10:54:02 - [MESSAGE][PASSED] - Object: 'Object Repository/Выручка в рублях/Внутренний оборот в фильтре Выручка' is clicked on

14-10-2024T10:54:02 - [TEST_STEP][PASSED] - click(findTestObject("Выручка в рублях/Применить в фильтре Выручка" + nameOfBlock)): Object: 'Object Repository/Выручка в рублях/Применить в фильтре Выручка' is clicked on

14-10-2024T10:54:03 - [MESSAGE][PASSED] - Object: 'Object Repository/Выручка в рублях/Применить в фильтре Выручка' is clicked on

14-10-2024T10:54:03 - [TEST_STEP][PASSED] - click(findTestObject("Выручка в рублях/Фильтр ДЗО" + nameOfBlock)): Object: 'Object Repository/Выручка в рублях/Фильтр ДЗО' is clicked on

14-10-2024T10:54:08 - [MESSAGE][PASSED] - Object: 'Object Repository/Выручка в рублях/Фильтр ДЗО' is clicked on

14-10-2024T10:54:08 - [TEST_STEP][PASSED] - Script1710234207206.Rosseti(nameOfBlock): null

14-10-2024T10:54:08 - [TEST_STEP][PASSED] - println("nameOfBlock:" + nameOfBlock): null

14-10-2024T10:54:08 - [TEST_STEP][PASSED] - click(findTestObject("Выручка в рублях/ПАО Россети" + nameOfBlock)): Object: 'Object Repository/Выручка в рублях/ПАО Россети' is clicked on

14-10-2024T10:54:08 - [MESSAGE][PASSED] - Object: 'Object Repository/Выручка в рублях/ПАО Россети' is clicked on

14-10-2024T10:54:08 - [TEST_STEP][PASSED] - click(findTestObject("Выручка в рублях/Применить в фильтре ДЗО" + nameOfBlock)): Object: 'Object Repository/Выручка в рублях/Применить в фильтре ДЗО' is clicked on

14-10-2024T10:54:09 - [MESSAGE][PASSED] - Object: 'Object Repository/Выручка в рублях/Применить в фильтре ДЗО' is clicked on

14-10-2024T10:54:09 - [TEST_STEP][PASSED] - if (run == 2): null

14-10-2024T10:54:09 - [TEST_STEP][PASSED] - if (vir == 1 || vir == 2): null

14-10-2024T10:54:09 - [TEST_STEP][PASSED] - else: Text of object 'Object Repository/Выручка в рублях/vir3Plan' is: '15 949'

14-10-2024T10:54:09 - [TEST_STEP][PASSED] - a1 = getText(findTestObject("Выручка в рублях/vir3Plan")): Text of object 'Object Repository/Выручка в рублях/vir3Plan' is: '15 949'

14-10-2024T10:54:11 - [MESSAGE][PASSED] - Text of object 'Object Repository/Выручка в рублях/vir3Plan' is: '15 949'

14-10-2024T10:54:11 - [TEST_STEP][PASSED] - if (vir == 1 || vir == 2): null

14-10-2024T10:54:11 - [TEST_STEP][PASSED] - else: Text of object 'Object Repository/Выручка в рублях/vir3Fact' is: '16 473'

14-10-2024T10:54:11 - [TEST_STEP][PASSED] - a2 = getText(findTestObject("Выручка в рублях/vir3Fact")): Text of object 'Object Repository/Выручка в рублях/vir3Fact' is: '16 473'

14-10-2024T10:54:12 - [MESSAGE][PASSED] - Text of object 'Object Repository/Выручка в рублях/vir3Fact' is: '16 473'

14-10-2024T10:54:12 - [TEST_STEP][PASSED] - a30 = getText(findTestObject("Выручка в рублях/span1" + perc)): Text of object 'Object Repository/Выручка в рублях/span1' is: '524 млн.руб.'

14-10-2024T10:54:12 - [MESSAGE][PASSED] - Text of object 'Object Repository/Выручка в рублях/span1' is: '524 млн.руб.'

14-10-2024T10:54:12 - [TEST_STEP][PASSED] - i = a30.indexOf("млн.руб."): null

14-10-2024T10:54:12 - [TEST_STEP][PASSED] - if (i > -1): null

14-10-2024T10:54:12 - [TEST_STEP][PASSED] - a30 = a30.substring(0, i): null

14-10-2024T10:54:12 - [TEST_STEP][PASSED] - a30 = a30.replaceAll(" ", ""): null

14-10-2024T10:54:12 - [TEST_STEP][PASSED] - if (a30.contains("%")): null

14-10-2024T10:54:12 - [TEST_STEP][PASSED] - a30 = ").trim(): null

14-10-2024T10:54:12 - [TEST_STEP][PASSED] - println("a30: " + a30): null

14-10-2024T10:54:12 - [TEST_STEP][PASSED] - if (vir == 1 || vir == 2): null

14-10-2024T10:54:12 - [TEST_STEP][PASSED] - else: Text of object 'Object Repository/Выручка в рублях/span15' is: '-20'

14-10-2024T10:54:12 - [TEST_STEP][PASSED] - a31 = ").trim(): Text of object 'Object Repository/Выручка в рублях/span15' is: '-20'

14-10-2024T10:54:12 - [MESSAGE][PASSED] - Text of object 'Object Repository/Выручка в рублях/span15' is: '-20'

14-10-2024T10:54:12 - [TEST_STEP][PASSED] - if (vir == 1 || vir == 2): null

14-10-2024T10:54:12 - [TEST_STEP][PASSED] - else: Text of object 'Object Repository/Выручка в рублях/span16' is: '54'

14-10-2024T10:54:12 - [TEST_STEP][PASSED] - a32 = ").trim(): Text of object 'Object Repository/Выручка в рублях/span16' is: '54'

14-10-2024T10:54:12 - [MESSAGE][PASSED] - Text of object 'Object Repository/Выручка в рублях/span16' is: '54'

14-10-2024T10:54:12 - [TEST_STEP][PASSED] - if (vir == 1 || vir == 2): null

14-10-2024T10:54:12 - [TEST_STEP][PASSED] - else: Text of object 'Object Repository/Выручка в рублях/span17' is: '458'

14-10-2024T10:54:12 - [TEST_STEP][PASSED] - a37 = ").trim(): Text of object 'Object Repository/Выручка в рублях/span17' is: '458'

14-10-2024T10:54:13 - [MESSAGE][PASSED] - Text of object 'Object Repository/Выручка в рублях/span17' is: '458'

14-10-2024T10:54:13 - [TEST_STEP][PASSED] - if (vir == 1 || vir == 2): null

14-10-2024T10:54:13 - [TEST_STEP][PASSED] - else: Text of object 'Object Repository/Выручка в рублях/span18' is: '32'

14-10-2024T10:54:13 - [TEST_STEP][PASSED] - a316 = ").trim(): Text of object 'Object Repository/Выручка в рублях/span18' is: '32'

14-10-2024T10:54:13 - [MESSAGE][PASSED] - Text of object 'Object Repository/Выручка в рублях/span18' is: '32'

14-10-2024T10:54:13 - [TEST_STEP][PASSED] - if (vir == 1 || vir == 2): null

14-10-2024T10:54:13 - [TEST_STEP][PASSED] - block = 2: null

14-10-2024T10:54:13 - [TEST_STEP][PASSED] - nameOfBlock = " Выручка": null

14-10-2024T10:54:13 - [TEST_STEP][PASSED] - Script1710234207206.PreSettings(run, vir, block, nameOfBlock, typeOfData, todaysDate): null

14-10-2024T10:54:13 - [TEST_STEP][PASSED] - openBrowser(""): Browser is opened with url: ''

14-10-2024T10:54:13 - [MESSAGE][WARNING] - A browser is already opened. Closing browser and opening a new one

14-10-2024T10:54:13 - [MESSAGE][INFO] - Starting 'Chrome' driver

14-10-2024T10:54:13 - [MESSAGE][INFO] - Action delay is set to 0 milliseconds

14-10-2024T10:54:14 - [MESSAGE][PASSED] - Browser is opened with url: ''

14-10-2024T10:54:14 - [TEST_STEP][PASSED] - refresh(): Refresh successfully

14-10-2024T10:54:14 - [MESSAGE][PASSED] - Refresh successfully

14-10-2024T10:54:14 - [TEST_STEP][PASSED] - delay(50): Delayed 50 second(s)

14-10-2024T10:55:04 - [MESSAGE][PASSED] - Delayed 50 second(s)

14-10-2024T10:55:04 - [TEST_STEP][PASSED] - println("run:" + run): null

14-10-2024T10:55:04 - [TEST_STEP][PASSED] - println("vir:" + vir): null

14-10-2024T10:55:04 - [TEST_STEP][PASSED] - println("block:" + block): null

14-10-2024T10:55:04 - [TEST_STEP][PASSED] - if (block == 1): null

14-10-2024T10:55:04 - [TEST_STEP][PASSED] - else: null

14-10-2024T10:55:04 - [TEST_STEP][PASSED] - nameOfBlock = " Выручка": null

14-10-2024T10:55:04 - [TEST_STEP][PASSED] - println("nameOfBlock:" + nameOfBlock): null

14-10-2024T10:55:04 - [TEST_STEP][PASSED] - println("typeOfData:" + typeOfData): null

14-10-2024T10:55:04 - [TEST_STEP][PASSED] - println("todaysDate:" + todaysDate): null

14-10-2024T10:55:04 - [TEST_STEP][PASSED] - Script1710234207206.Autorization(block, nameOfBlock): null

14-10-2024T10:55:04 - [TEST_STEP][PASSED] - println("block:" + block): null

14-10-2024T10:55:04 - [TEST_STEP][PASSED] - if (block == 1): null

14-10-2024T10:55:04 - [TEST_STEP][PASSED] - else: null

14-10-2024T10:55:04 - [TEST_STEP][PASSED] - delay(45): Delayed 45 second(s)

14-10-2024T10:55:49 - [MESSAGE][PASSED] - Delayed 45 second(s)

14-10-2024T10:55:49 - [TEST_STEP][PASSED] - nameOfBlock = " Выручка": null

14-10-2024T10:55:49 - [TEST_STEP][PASSED] - println("nameOfBlock:" + nameOfBlock): null

14-10-2024T10:55:49 - [TEST_STEP][PASSED] - if (block == 1): null

14-10-2024T10:55:49 - [TEST_STEP][PASSED] - else: Delayed 45 second(s)

14-10-2024T10:55:49 - [TEST_STEP][PASSED] - navigateToUrl(findTestData("PlanFact").getValue(10, 9)): Navigate to 'https://bi.rosseti.digital/viewer?dashboardGuid=a1fd28b3785d443cbc4d7690a1d78e31&sheetGuid=86092a20c5984827a0c87b24cac76a50&fit=true' successfully

14-10-2024T10:55:59 - [MESSAGE][PASSED] - Navigate to 'https://bi.rosseti.digital/viewer?dashboardGuid=a1fd28b3785d443cbc4d7690a1d78e31&sheetGuid=86092a20c5984827a0c87b24cac76a50&fit=true' successfully

14-10-2024T10:55:59 - [TEST_STEP][PASSED] - delay(45): Delayed 45 second(s)

14-10-2024T10:56:44 - [MESSAGE][PASSED] - Delayed 45 second(s)

14-10-2024T10:56:44 - [TEST_STEP][PASSED] - if (verifyElementPresent(findTestObject("Страница авторизации/button_"), 30) == true): null

14-10-2024T10:56:44 - [MESSAGE][PASSED] - Object 'Object Repository/Страница авторизации/button_' is present

14-10-2024T10:56:44 - [TEST_STEP][PASSED] - setText(findTestObject("Страница авторизации/input__username"), findTestData("PlanFact").getValue(8, 1)): Text 'shekhov-aa' is set on object 'Object Repository/Страница авторизации/input__username'

14-10-2024T10:56:45 - [MESSAGE][PASSED] - Text 'shekhov-aa' is set on object 'Object Repository/Страница авторизации/input__username'

14-10-2024T10:56:45 - [TEST_STEP][PASSED] - setText(findTestObject("Страница авторизации/input__password"), findTestData("PlanFact").getValue(9, 1)): Text 'i)RpQLLlXv9gUDC9' is set on object 'Object Repository/Страница авторизации/input__password'

14-10-2024T10:56:45 - [MESSAGE][PASSED] - Text 'i)RpQLLlXv9gUDC9' is set on object 'Object Repository/Страница авторизации/input__password'

14-10-2024T10:56:45 - [TEST_STEP][PASSED] - click(findTestObject("Страница авторизации/button_")): Object: 'Object Repository/Страница авторизации/button_' is clicked on

14-10-2024T10:56:49 - [MESSAGE][PASSED] - Object: 'Object Repository/Страница авторизации/button_' is clicked on

14-10-2024T10:56:49 - [TEST_STEP][PASSED] - delay(45): Delayed 45 second(s)

14-10-2024T10:57:34 - [MESSAGE][PASSED] - Delayed 45 second(s)

14-10-2024T10:57:34 - [TEST_STEP][PASSED] - if (block == 2): Delayed 50 second(s)

14-10-2024T10:57:34 - [TEST_STEP][PASSED] - opoveshenie = getText(findTestObject("Выручка в рублях/Просьба обратить внимание")): Text of object 'Object Repository/Выручка в рублях/Просьба обратить внимание' is: 'Просьба обратить внимание'

14-10-2024T10:57:35 - [MESSAGE][PASSED] - Text of object 'Object Repository/Выручка в рублях/Просьба обратить внимание' is: 'Просьба обратить внимание'

14-10-2024T10:57:35 - [TEST_STEP][PASSED] - if (opoveshenie == "Просьба обратить внимание"): Delayed 50 second(s)

14-10-2024T10:57:35 - [TEST_STEP][PASSED] - click(findTestObject("Выручка в рублях/Закрыть оповещение")): Object: 'Object Repository/Выручка в рублях/Закрыть оповещение' is clicked on

14-10-2024T10:57:35 - [MESSAGE][PASSED] - Object: 'Object Repository/Выручка в рублях/Закрыть оповещение' is clicked on

14-10-2024T10:57:35 - [TEST_STEP][PASSED] - delay(50): Delayed 50 second(s)

14-10-2024T10:58:25 - [MESSAGE][PASSED] - Delayed 50 second(s)

14-10-2024T10:58:25 - [TEST_STEP][PASSED] - click(findTestObject("Выручка в рублях/Фильтр Период" + nameOfBlock)): Object: 'Object Repository/Выручка в рублях/Фильтр Период Выручка' is clicked on

14-10-2024T10:58:25 - [MESSAGE][PASSED] - Object: 'Object Repository/Выручка в рублях/Фильтр Период Выручка' is clicked on

14-10-2024T10:58:25 - [TEST_STEP][PASSED] - click(findTestObject("Выручка в рублях/Снять выделение в фильтре Дата" + nameOfBlock)): Object: 'Object Repository/Выручка в рублях/Снять выделение в фильтре Дата Выручка' is clicked on

14-10-2024T10:58:26 - [MESSAGE][PASSED] - Object: 'Object Repository/Выручка в рублях/Снять выделение в фильтре Дата Выручка' is clicked on

14-10-2024T10:58:26 - [TEST_STEP][PASSED] - click(findTestObject("Выручка в рублях/Применить в фильтре Дата" + nameOfBlock)): Object: 'Object Repository/Выручка в рублях/Применить в фильтре Дата Выручка' is clicked on

14-10-2024T10:58:27 - [MESSAGE][PASSED] - Object: 'Object Repository/Выручка в рублях/Применить в фильтре Дата Выручка' is clicked on

14-10-2024T10:58:27 - [TEST_STEP][PASSED] - delay(50): Delayed 50 second(s)

14-10-2024T10:59:17 - [MESSAGE][PASSED] - Delayed 50 second(s)

14-10-2024T10:59:17 - [TEST_STEP][PASSED] - click(findTestObject("Выручка в рублях/Фильтр Период" + nameOfBlock)): Object: 'Object Repository/Выручка в рублях/Фильтр Период Выручка' is clicked on

14-10-2024T10:59:17 - [MESSAGE][PASSED] - Object: 'Object Repository/Выручка в рублях/Фильтр Период Выручка' is clicked on

14-10-2024T10:59:17 - [TEST_STEP][PASSED] - click(findTestObject("Выручка в рублях/Снять выделение в фильтре Дата" + nameOfBlock)): Object: 'Object Repository/Выручка в рублях/Снять выделение в фильтре Дата Выручка' is clicked on

14-10-2024T10:59:17 - [MESSAGE][PASSED] - Object: 'Object Repository/Выручка в рублях/Снять выделение в фильтре Дата Выручка' is clicked on

14-10-2024T10:59:17 - [TEST_STEP][PASSED] - scrollToElement(findTestObject("Выручка в рублях/2024 список" + nameOfBlock), 30): Scroll to object 'Object Repository/Выручка в рублях/2024 список Выручка' successfully

14-10-2024T10:59:18 - [MESSAGE][PASSED] - Scroll to object 'Object Repository/Выручка в рублях/2024 список Выручка' successfully

14-10-2024T10:59:18 - [TEST_STEP][PASSED] - click(findTestObject("Выручка в рублях/2024 список" + nameOfBlock)): Object: 'Object Repository/Выручка в рублях/2024 список Выручка' is clicked on

14-10-2024T10:59:18 - [MESSAGE][PASSED] - Object: 'Object Repository/Выручка в рублях/2024 список Выручка' is clicked on

14-10-2024T10:59:18 - [TEST_STEP][PASSED] - scrollToElement(findTestObject("Выручка в рублях/1 квартал 2024 выбрать" + nameOfBlock), 30): Scroll to object 'Object Repository/Выручка в рублях/1 квартал 2024 выбрать Выручка' successfully

14-10-2024T10:59:19 - [MESSAGE][PASSED] - Scroll to object 'Object Repository/Выручка в рублях/1 квартал 2024 выбрать Выручка' successfully

14-10-2024T10:59:19 - [TEST_STEP][PASSED] - click(findTestObject("Выручка в рублях/1 квартал 2024 выбрать" + nameOfBlock)): Object: 'Object Repository/Выручка в рублях/1 квартал 2024 выбрать Выручка' is clicked on

14-10-2024T10:59:19 - [MESSAGE][PASSED] - Object: 'Object Repository/Выручка в рублях/1 квартал 2024 выбрать Выручка' is clicked on

14-10-2024T10:59:19 - [TEST_STEP][PASSED] - scrollToElement(findTestObject("Выручка в рублях/2 квартал 2024 выбрать" + nameOfBlock), 30): Scroll to object 'Object Repository/Выручка в рублях/2 квартал 2024 выбрать Выручка' successfully

14-10-2024T10:59:19 - [MESSAGE][PASSED] - Scroll to object 'Object Repository/Выручка в рублях/2 квартал 2024 выбрать Выручка' successfully

14-10-2024T10:59:19 - [TEST_STEP][PASSED] - click(findTestObject("Выручка в рублях/2 квартал 2024 выбрать" + nameOfBlock)): Object: 'Object Repository/Выручка в рублях/2 квартал 2024 выбрать Выручка' is clicked on

14-10-2024T10:59:20 - [MESSAGE][PASSED] - Object: 'Object Repository/Выручка в рублях/2 квартал 2024 выбрать Выручка' is clicked on

14-10-2024T10:59:20 - [TEST_STEP][PASSED] - scrollToElement(findTestObject("Выручка в рублях/3 квартал 2024 список" + nameOfBlock), 30): Scroll to object 'Object Repository/Выручка в рублях/3 квартал 2024 список Выручка' successfully

14-10-2024T10:59:20 - [MESSAGE][PASSED] - Scroll to object 'Object Repository/Выручка в рублях/3 квартал 2024 список Выручка' successfully

14-10-2024T10:59:20 - [TEST_STEP][PASSED] - click(findTestObject("Выручка в рублях/3 квартал 2024 список" + nameOfBlock)): Object: 'Object Repository/Выручка в рублях/3 квартал 2024 список Выручка' is clicked on

14-10-2024T10:59:20 - [MESSAGE][PASSED] - Object: 'Object Repository/Выручка в рублях/3 квартал 2024 список Выручка' is clicked on

14-10-2024T10:59:21 - [TEST_STEP][PASSED] - click(findTestObject("Выручка в рублях/Июль 2024" + nameOfBlock)): Object: 'Object Repository/Выручка в рублях/Июль 2024 Выручка' is clicked on

14-10-2024T10:59:21 - [MESSAGE][PASSED] - Object: 'Object Repository/Выручка в рублях/Июль 2024 Выручка' is clicked on

14-10-2024T10:59:21 - [TEST_STEP][PASSED] - scrollToElement(findTestObject("Выручка в рублях/Август 2024" + nameOfBlock), 30): Scroll to object 'Object Repository/Выручка в рублях/Август 2024 Выручка' successfully

14-10-2024T10:59:21 - [MESSAGE][PASSED] - Scroll to object 'Object Repository/Выручка в рублях/Август 2024 Выручка' successfully

14-10-2024T10:59:21 - [TEST_STEP][PASSED] - click(findTestObject("Выручка в рублях/Август 2024" + nameOfBlock)): Object: 'Object Repository/Выручка в рублях/Август 2024 Выручка' is clicked on

14-10-2024T10:59:22 - [MESSAGE][PASSED] - Object: 'Object Repository/Выручка в рублях/Август 2024 Выручка' is clicked on

14-10-2024T10:59:22 - [TEST_STEP][PASSED] - scrollToElement(findTestObject("Выручка в рублях/Заголовок дашборда" + nameOfBlock), 30): Scroll to object 'Object Repository/Выручка в рублях/Заголовок дашборда Выручка' successfully

14-10-2024T10:59:22 - [MESSAGE][PASSED] - Scroll to object 'Object Repository/Выручка в рублях/Заголовок дашборда Выручка' successfully

14-10-2024T10:59:22 - [TEST_STEP][PASSED] - click(findTestObject("Выручка в рублях/Применить в фильтре Дата" + nameOfBlock)): Object: 'Object Repository/Выручка в рублях/Применить в фильтре Дата Выручка' is clicked on

14-10-2024T10:59:23 - [MESSAGE][PASSED] - Object: 'Object Repository/Выручка в рублях/Применить в фильтре Дата Выручка' is clicked on

14-10-2024T10:59:23 - [TEST_STEP][PASSED] - delay(50): Delayed 50 second(s)

14-10-2024T11:00:13 - [MESSAGE][PASSED] - Delayed 50 second(s)

14-10-2024T11:00:13 - [TEST_STEP][PASSED] - click(findTestObject("Выручка в рублях/Фильтр ДЗО" + nameOfBlock)): Object: 'Object Repository/Выручка в рублях/Фильтр ДЗО Выручка' is clicked on

14-10-2024T11:00:13 - [MESSAGE][PASSED] - Object: 'Object Repository/Выручка в рублях/Фильтр ДЗО Выручка' is clicked on

14-10-2024T11:00:13 - [TEST_STEP][PASSED] - click(findTestObject("Выручка в рублях/Снять выделение в фильтре ДЗО" + nameOfBlock)): Object: 'Object Repository/Выручка в рублях/Снять выделение в фильтре ДЗО Выручка' is clicked on

14-10-2024T11:00:14 - [MESSAGE][PASSED] - Object: 'Object Repository/Выручка в рублях/Снять выделение в фильтре ДЗО Выручка' is clicked on

14-10-2024T11:00:14 - [TEST_STEP][PASSED] - click(findTestObject("Выручка в рублях/Применить в фильтре ДЗО" + nameOfBlock)): Object: 'Object Repository/Выручка в рублях/Применить в фильтре ДЗО Выручка' is clicked on

14-10-2024T11:00:14 - [MESSAGE][PASSED] - Object: 'Object Repository/Выручка в рублях/Применить в фильтре ДЗО Выручка' is clicked on

14-10-2024T11:00:14 - [TEST_STEP][PASSED] - delay(50): Delayed 50 second(s)

14-10-2024T11:01:04 - [MESSAGE][PASSED] - Delayed 50 second(s)

14-10-2024T11:01:04 - [TEST_STEP][PASSED] - Script1710234207206.Tumbler(run, vir, block, nameOfBlock): null

14-10-2024T11:01:04 - [TEST_STEP][PASSED] - println("run:" + run): null

14-10-2024T11:01:04 - [TEST_STEP][PASSED] - println("vir:" + vir): null

14-10-2024T11:01:04 - [TEST_STEP][PASSED] - println("block:" + block): null

14-10-2024T11:01:04 - [TEST_STEP][PASSED] - println("nameOfBlock:" + nameOfBlock): null

14-10-2024T11:01:04 - [TEST_STEP][PASSED] - if (vir == 1): null

14-10-2024T11:01:04 - [TEST_STEP][PASSED] - else if (vir == 2): null

14-10-2024T11:01:04 - [TEST_STEP][PASSED] - else if (vir == 3): Object: 'Object Repository/Выручка в рублях/Применить в фильтре Выручка Выручка' is clicked on

14-10-2024T11:01:04 - [TEST_STEP][PASSED] - if (run == 2): null

14-10-2024T11:01:04 - [TEST_STEP][PASSED] - click(findTestObject("Выручка в рублях/Фильтр Выручка" + nameOfBlock)): Object: 'Object Repository/Выручка в рублях/Фильтр Выручка Выручка' is clicked on

14-10-2024T11:01:04 - [MESSAGE][PASSED] - Object: 'Object Repository/Выручка в рублях/Фильтр Выручка Выручка' is clicked on

14-10-2024T11:01:04 - [TEST_STEP][PASSED] - click(findTestObject("Выручка в рублях/Внутренний оборот в фильтре Выручка" + nameOfBlock)): Object: 'Object Repository/Выручка в рублях/Внутренний оборот в фильтре Выручка Выручка' is clicked on

14-10-2024T11:01:05 - [MESSAGE][PASSED] - Object: 'Object Repository/Выручка в рублях/Внутренний оборот в фильтре Выручка Выручка' is clicked on

14-10-2024T11:01:05 - [TEST_STEP][PASSED] - click(findTestObject("Выручка в рублях/Применить в фильтре Выручка" + nameOfBlock)): Object: 'Object Repository/Выручка в рублях/Применить в фильтре Выручка Выручка' is clicked on

14-10-2024T11:01:06 - [MESSAGE][PASSED] - Object: 'Object Repository/Выручка в рублях/Применить в фильтре Выручка Выручка' is clicked on

14-10-2024T11:01:06 - [TEST_STEP][PASSED] - click(findTestObject("Выручка в рублях/Фильтр ДЗО" + nameOfBlock)): Object: 'Object Repository/Выручка в рублях/Фильтр ДЗО Выручка' is clicked on

14-10-2024T11:01:09 - [MESSAGE][PASSED] - Object: 'Object Repository/Выручка в рублях/Фильтр ДЗО Выручка' is clicked on

14-10-2024T11:01:09 - [TEST_STEP][PASSED] - Script1710234207206.Rosseti(nameOfBlock): null

14-10-2024T11:01:09 - [TEST_STEP][PASSED] - println("nameOfBlock:" + nameOfBlock): null

14-10-2024T11:01:09 - [TEST_STEP][PASSED] - click(findTestObject("Выручка в рублях/ПАО Россети" + nameOfBlock)): Object: 'Object Repository/Выручка в рублях/ПАО Россети Выручка' is clicked on

14-10-2024T11:01:10 - [MESSAGE][PASSED] - Object: 'Object Repository/Выручка в рублях/ПАО Россети Выручка' is clicked on

14-10-2024T11:01:10 - [TEST_STEP][PASSED] - click(findTestObject("Выручка в рублях/Применить в фильтре ДЗО" + nameOfBlock)): Object: 'Object Repository/Выручка в рублях/Применить в фильтре ДЗО Выручка' is clicked on

14-10-2024T11:01:11 - [MESSAGE][PASSED] - Object: 'Object Repository/Выручка в рублях/Применить в фильтре ДЗО Выручка' is clicked on

14-10-2024T11:01:11 - [TEST_STEP][PASSED] - if (vir == 1 || vir == 2): null

14-10-2024T11:01:11 - [TEST_STEP][PASSED] - else: Text of object 'Object Repository/Выручка в рублях/vir3Plan Выручка' is: '15 949'

14-10-2024T11:01:11 - [TEST_STEP][PASSED] - b1 = getText(findTestObject("Выручка в рублях/vir3Plan Выручка")): Text of object 'Object Repository/Выручка в рублях/vir3Plan Выручка' is: '15 949'

14-10-2024T11:01:15 - [MESSAGE][PASSED] - Text of object 'Object Repository/Выручка в рублях/vir3Plan Выручка' is: '15 949'

14-10-2024T11:01:15 - [TEST_STEP][PASSED] - if (vir == 1 || vir == 2): null

14-10-2024T11:01:15 - [TEST_STEP][PASSED] - else: Text of object 'Object Repository/Выручка в рублях/vir3Fact Выручка' is: '16 473'

14-10-2024T11:01:15 - [TEST_STEP][PASSED] - b2 = getText(findTestObject("Выручка в рублях/vir3Fact Выручка")): Text of object 'Object Repository/Выручка в рублях/vir3Fact Выручка' is: '16 473'

14-10-2024T11:01:15 - [MESSAGE][PASSED] - Text of object 'Object Repository/Выручка в рублях/vir3Fact Выручка' is: '16 473'

14-10-2024T11:01:15 - [TEST_STEP][PASSED] - b30 = getText(findTestObject("Выручка в рублях/span1" + perc)): Text of object 'Object Repository/Выручка в рублях/span1' is: '524 млн.руб.'

14-10-2024T11:01:15 - [MESSAGE][PASSED] - Text of object 'Object Repository/Выручка в рублях/span1' is: '524 млн.руб.'

14-10-2024T11:01:15 - [TEST_STEP][PASSED] - i = b30.indexOf("млн.руб."): null

14-10-2024T11:01:15 - [TEST_STEP][PASSED] - if (i > -1): null

14-10-2024T11:01:15 - [TEST_STEP][PASSED] - b30 = b30.substring(0, i): null

14-10-2024T11:01:15 - [TEST_STEP][PASSED] - b30 = b30.replaceAll(" ", ""): null

14-10-2024T11:01:15 - [TEST_STEP][PASSED] - if (b30.contains("%")): null

14-10-2024T11:01:15 - [TEST_STEP][PASSED] - b30 = ").trim(): null

14-10-2024T11:01:15 - [TEST_STEP][PASSED] - println("b30: " + b30): null

14-10-2024T11:01:15 - [TEST_STEP][PASSED] - if (vir == 1 || vir == 2): null

14-10-2024T11:01:15 - [TEST_STEP][PASSED] - else: Text of object 'Object Repository/Выручка в рублях/span15' is: '-20'

14-10-2024T11:01:15 - [TEST_STEP][PASSED] - b31 = ").trim(): Text of object 'Object Repository/Выручка в рублях/span15' is: '-20'

14-10-2024T11:01:16 - [MESSAGE][PASSED] - Text of object 'Object Repository/Выручка в рублях/span15' is: '-20'

14-10-2024T11:01:16 - [TEST_STEP][PASSED] - if (vir == 1 || vir == 2): null

14-10-2024T11:01:16 - [TEST_STEP][PASSED] - else: Text of object 'Object Repository/Выручка в рублях/span16' is: '54'

14-10-2024T11:01:16 - [TEST_STEP][PASSED] - b32 = ").trim(): Text of object 'Object Repository/Выручка в рублях/span16' is: '54'

14-10-2024T11:01:16 - [MESSAGE][PASSED] - Text of object 'Object Repository/Выручка в рублях/span16' is: '54'

14-10-2024T11:01:16 - [TEST_STEP][PASSED] - if (vir == 1 || vir == 2): null

14-10-2024T11:01:16 - [TEST_STEP][PASSED] - else: Text of object 'Object Repository/Выручка в рублях/span17' is: '458'

14-10-2024T11:01:16 - [TEST_STEP][PASSED] - b37 = ").trim(): Text of object 'Object Repository/Выручка в рублях/span17' is: '458'

14-10-2024T11:01:16 - [MESSAGE][PASSED] - Text of object 'Object Repository/Выручка в рублях/span17' is: '458'

14-10-2024T11:01:16 - [TEST_STEP][PASSED] - if (vir == 1 || vir == 2): null

14-10-2024T11:01:16 - [TEST_STEP][PASSED] - else: Text of object 'Object Repository/Выручка в рублях/span18' is: '32'

14-10-2024T11:01:16 - [TEST_STEP][PASSED] - b316 = ").trim(): Text of object 'Object Repository/Выручка в рублях/span18' is: '32'

14-10-2024T11:01:17 - [MESSAGE][PASSED] - Text of object 'Object Repository/Выручка в рублях/span18' is: '32'

14-10-2024T11:01:17 - [TEST_STEP][PASSED] - if (vir == 1 || vir == 2): null

14-10-2024T11:01:17 - [TEST_STEP][PASSED] - dZO = "ПАО Россети": null

14-10-2024T11:01:17 - [TEST_STEP][PASSED] - if (verifyEqual(a1, b1) == false): Actual object '15 949' and expected object '15 949' are equal

14-10-2024T11:01:17 - [MESSAGE][PASSED] - Actual object '15 949' and expected object '15 949' are equal

14-10-2024T11:01:17 - [TEST_STEP][PASSED] - if (verifyEqual(a2, b2) == false): Actual object '16 473' and expected object '16 473' are equal

14-10-2024T11:01:17 - [MESSAGE][PASSED] - Actual object '16 473' and expected object '16 473' are equal

14-10-2024T11:01:17 - [TEST_STEP][PASSED] - vidget = "Отклонения": null

14-10-2024T11:01:17 - [TEST_STEP][PASSED] - if (verifyEqual(a30, b30) == false): Actual object '524' and expected object '524' are equal

14-10-2024T11:01:17 - [MESSAGE][PASSED] - Actual object '524' and expected object '524' are equal

14-10-2024T11:01:17 - [TEST_STEP][PASSED] - dZO = "АО «Тываэнерго»": null

14-10-2024T11:01:17 - [TEST_STEP][PASSED] - if (verifyEqual(a31, b31) == false): Actual object '-20' and expected object '-20' are equal

14-10-2024T11:01:17 - [MESSAGE][PASSED] - Actual object '-20' and expected object '-20' are equal

14-10-2024T11:01:17 - [TEST_STEP][PASSED] - dZO = "АО «Чеченэнерго»": null

14-10-2024T11:01:17 - [TEST_STEP][PASSED] - if (verifyEqual(a32, b32) == false): Actual object '54' and expected object '54' are equal

14-10-2024T11:01:17 - [MESSAGE][PASSED] - Actual object '54' and expected object '54' are equal

14-10-2024T11:01:17 - [TEST_STEP][PASSED] - dZO = "Россети Волга": null

14-10-2024T11:01:17 - [TEST_STEP][PASSED] - if (verifyEqual(a33, b33) == false): Actual object 'null' and expected object 'null' are equal

14-10-2024T11:01:17 - [MESSAGE][PASSED] - Actual object 'null' and expected object 'null' are equal

14-10-2024T11:01:17 - [TEST_STEP][PASSED] - dZO = "Россети Кубань": null

14-10-2024T11:01:17 - [TEST_STEP][PASSED] - if (verifyEqual(a34, b34) == false): Actual object 'null' and expected object 'null' are equal

14-10-2024T11:01:17 - [MESSAGE][PASSED] - Actual object 'null' and expected object 'null' are equal

14-10-2024T11:01:17 - [TEST_STEP][PASSED] - dZO = "Россети Ленэнерго (ГК)": null

14-10-2024T11:01:17 - [TEST_STEP][PASSED] - if (verifyEqual(a35, b35) == false): Actual object 'null' and expected object 'null' are equal

14-10-2024T11:01:17 - [MESSAGE][PASSED] - Actual object 'null' and expected object 'null' are equal

14-10-2024T11:01:17 - [TEST_STEP][PASSED] - dZO = "Россети Московский регион": null

14-10-2024T11:01:17 - [TEST_STEP][PASSED] - if (verifyEqual(a36, b36) == false): Actual object 'null' and expected object 'null' are equal

14-10-2024T11:01:17 - [MESSAGE][PASSED] - Actual object 'null' and expected object 'null' are equal

14-10-2024T11:01:17 - [TEST_STEP][PASSED] - dZO = "Россети Северный Кавказ (ГК)": null

14-10-2024T11:01:17 - [TEST_STEP][PASSED] - if (verifyEqual(a37, b37) == false): Actual object '458' and expected object '458' are equal

14-10-2024T11:01:17 - [MESSAGE][PASSED] - Actual object '458' and expected object '458' are equal

14-10-2024T11:01:17 - [TEST_STEP][PASSED] - dZO = "Россети Северо-Запад": null

14-10-2024T11:01:17 - [TEST_STEP][PASSED] - if (verifyEqual(a38, b38) == false): Actual object 'null' and expected object 'null' are equal

14-10-2024T11:01:17 - [MESSAGE][PASSED] - Actual object 'null' and expected object 'null' are equal

14-10-2024T11:01:17 - [TEST_STEP][PASSED] - dZO = "Россети Сибирь (ГК)": null

14-10-2024T11:01:17 - [TEST_STEP][PASSED] - if (verifyEqual(a39, b39) == false): Actual object 'null' and expected object 'null' are equal

14-10-2024T11:01:17 - [MESSAGE][PASSED] - Actual object 'null' and expected object 'null' are equal

14-10-2024T11:01:17 - [TEST_STEP][PASSED] - dZO = "Россети Томск": null

14-10-2024T11:01:17 - [TEST_STEP][PASSED] - if (verifyEqual(a310, b310) == false): Actual object 'null' and expected object 'null' are equal

14-10-2024T11:01:17 - [MESSAGE][PASSED] - Actual object 'null' and expected object 'null' are equal

14-10-2024T11:01:17 - [TEST_STEP][PASSED] - dZO = "Россети Тюмень": null

14-10-2024T11:01:17 - [TEST_STEP][PASSED] - if (verifyEqual(a311, b311) == false): Actual object 'null' and expected object 'null' are equal

14-10-2024T11:01:17 - [MESSAGE][PASSED] - Actual object 'null' and expected object 'null' are equal

14-10-2024T11:01:17 - [TEST_STEP][PASSED] - dZO = "Россети Урал (ГК)": null

14-10-2024T11:01:17 - [TEST_STEP][PASSED] - if (verifyEqual(a312, b312) == false): Actual object 'null' and expected object 'null' are equal

14-10-2024T11:01:17 - [MESSAGE][PASSED] - Actual object 'null' and expected object 'null' are equal

14-10-2024T11:01:17 - [TEST_STEP][PASSED] - dZO = "Россети ФСК ЕЭС": null

14-10-2024T11:01:17 - [TEST_STEP][PASSED] - if (verifyEqual(a313, b313) == false): Actual object 'null' and expected object 'null' are equal

14-10-2024T11:01:17 - [MESSAGE][PASSED] - Actual object 'null' and expected object 'null' are equal

14-10-2024T11:01:17 - [TEST_STEP][PASSED] - dZO = "Россети Центр": null

14-10-2024T11:01:17 - [TEST_STEP][PASSED] - if (verifyEqual(a314, b314) == false): Actual object 'null' and expected object 'null' are equal

14-10-2024T11:01:17 - [MESSAGE][PASSED] - Actual object 'null' and expected object 'null' are equal

14-10-2024T11:01:17 - [TEST_STEP][PASSED] - dZO = "Россети Центр и Приволжье (ГК)": null

14-10-2024T11:01:17 - [TEST_STEP][PASSED] - if (verifyEqual(a315, b315) == false): Actual object 'null' and expected object 'null' are equal

14-10-2024T11:01:17 - [MESSAGE][PASSED] - Actual object 'null' and expected object 'null' are equal

14-10-2024T11:01:17 - [TEST_STEP][PASSED] - dZO = "Россети Юг (ГК)": null

14-10-2024T11:01:17 - [TEST_STEP][PASSED] - if (verifyEqual(a316, b316) == false): Actual object '32' and expected object '32' are equal

14-10-2024T11:01:17 - [MESSAGE][PASSED] - Actual object '32' and expected object '32' are equal

14-10-2024T11:01:17 - [TEST_STEP][PASSED] - dZO = "Россети Янтарь": null

14-10-2024T11:01:17 - [TEST_STEP][PASSED] - if (verifyEqual(a317, b317) == false): Actual object 'null' and expected object 'null' are equal

14-10-2024T11:01:17 - [MESSAGE][PASSED] - Actual object 'null' and expected object 'null' are equal

14-10-2024T11:01:17 - [TEST_STEP][PASSED] - closeBrowser(): null

14-10-2024T11:01:17 - [MESSAGE][PASSED] - Browser is closed

14-10-2024T11:01:17 - [TEST_STEP][PASSED] - Script1710234207206.ViruchkaChange(run, vir, block, nameOfBlock, typeOfData, viruchka, vidget, todaysDate, a, b, dZO, x, y): null

14-10-2024T11:01:17 - [TEST_STEP][PASSED] - for ([vir = 1, vir < 4, (vir++)]): null

14-10-2024T11:01:17 - [TEST_STEP][PASSED] - Script1710234207206.Blocks(run, vir, block, nameOfBlock, typeOfData, viruchka, vidget, todaysDate, a, b, dZO, x, y): null

14-10-2024T11:01:17 - [TEST_STEP][PASSED] - i = <not implemented yet for class: org.codehaus.groovy.ast.expr.EmptyExpression>: null

14-10-2024T11:01:17 - [TEST_STEP][PASSED] - perc = "": null

14-10-2024T11:01:17 - [TEST_STEP][PASSED] - a1 = <not implemented yet for class: org.codehaus.groovy.ast.expr.EmptyExpression>: null

14-10-2024T11:01:17 - [TEST_STEP][PASSED] - a2 = <not implemented yet for class: org.codehaus.groovy.ast.expr.EmptyExpression>: null

14-10-2024T11:01:17 - [TEST_STEP][PASSED] - a30 = <not implemented yet for class: org.codehaus.groovy.ast.expr.EmptyExpression>: null

14-10-2024T11:01:17 - [TEST_STEP][PASSED] - a31 = <not implemented yet for class: org.codehaus.groovy.ast.expr.EmptyExpression>: null

14-10-2024T11:01:17 - [TEST_STEP][PASSED] - a32 = <not implemented yet for class: org.codehaus.groovy.ast.expr.EmptyExpression>: null

14-10-2024T11:01:17 - [TEST_STEP][PASSED] - a33 = <not implemented yet for class: org.codehaus.groovy.ast.expr.EmptyExpression>: null

14-10-2024T11:01:17 - [TEST_STEP][PASSED] - a34 = <not implemented yet for class: org.codehaus.groovy.ast.expr.EmptyExpression>: null

14-10-2024T11:01:17 - [TEST_STEP][PASSED] - a35 = <not implemented yet for class: org.codehaus.groovy.ast.expr.EmptyExpression>: null

14-10-2024T11:01:17 - [TEST_STEP][PASSED] - a36 = <not implemented yet for class: org.codehaus.groovy.ast.expr.EmptyExpression>: null

14-10-2024T11:01:17 - [TEST_STEP][PASSED] - a37 = <not implemented yet for class: org.codehaus.groovy.ast.expr.EmptyExpression>: null

14-10-2024T11:01:17 - [TEST_STEP][PASSED] - a38 = <not implemented yet for class: org.codehaus.groovy.ast.expr.EmptyExpression>: null

14-10-2024T11:01:17 - [TEST_STEP][PASSED] - a39 = <not implemented yet for class: org.codehaus.groovy.ast.expr.EmptyExpression>: null

14-10-2024T11:01:17 - [TEST_STEP][PASSED] - a310 = <not implemented yet for class: org.codehaus.groovy.ast.expr.EmptyExpression>: null

14-10-2024T11:01:17 - [TEST_STEP][PASSED] - a311 = <not implemented yet for class: org.codehaus.groovy.ast.expr.EmptyExpression>: null

14-10-2024T11:01:17 - [TEST_STEP][PASSED] - a312 = <not implemented yet for class: org.codehaus.groovy.ast.expr.EmptyExpression>: null

14-10-2024T11:01:17 - [TEST_STEP][PASSED] - a313 = <not implemented yet for class: org.codehaus.groovy.ast.expr.EmptyExpression>: null

14-10-2024T11:01:17 - [TEST_STEP][PASSED] - a314 = <not implemented yet for class: org.codehaus.groovy.ast.expr.EmptyExpression>: null

14-10-2024T11:01:17 - [TEST_STEP][PASSED] - a315 = <not implemented yet for class: org.codehaus.groovy.ast.expr.EmptyExpression>: null

14-10-2024T11:01:17 - [TEST_STEP][PASSED] - a316 = <not implemented yet for class: org.codehaus.groovy.ast.expr.EmptyExpression>: null

14-10-2024T11:01:17 - [TEST_STEP][PASSED] - a317 = <not implemented yet for class: org.codehaus.groovy.ast.expr.EmptyExpression>: null

14-10-2024T11:01:17 - [TEST_STEP][PASSED] - b1 = <not implemented yet for class: org.codehaus.groovy.ast.expr.EmptyExpression>: null

14-10-2024T11:01:17 - [TEST_STEP][PASSED] - b2 = <not implemented yet for class: org.codehaus.groovy.ast.expr.EmptyExpression>: null

14-10-2024T11:01:17 - [TEST_STEP][PASSED] - b30 = <not implemented yet for class: org.codehaus.groovy.ast.expr.EmptyExpression>: null

14-10-2024T11:01:17 - [TEST_STEP][PASSED] - b31 = <not implemented yet for class: org.codehaus.groovy.ast.expr.EmptyExpression>: null

14-10-2024T11:01:17 - [TEST_STEP][PASSED] - b32 = <not implemented yet for class: org.codehaus.groovy.ast.expr.EmptyExpression>: null

14-10-2024T11:01:17 - [TEST_STEP][PASSED] - b33 = <not implemented yet for class: org.codehaus.groovy.ast.expr.EmptyExpression>: null

14-10-2024T11:01:17 - [TEST_STEP][PASSED] - b34 = <not implemented yet for class: org.codehaus.groovy.ast.expr.EmptyExpression>: null

14-10-2024T11:01:17 - [TEST_STEP][PASSED] - b35 = <not implemented yet for class: org.codehaus.groovy.ast.expr.EmptyExpression>: null

14-10-2024T11:01:17 - [TEST_STEP][PASSED] - b36 = <not implemented yet for class: org.codehaus.groovy.ast.expr.EmptyExpression>: null

14-10-2024T11:01:17 - [TEST_STEP][PASSED] - b37 = <not implemented yet for class: org.codehaus.groovy.ast.expr.EmptyExpression>: null

14-10-2024T11:01:17 - [TEST_STEP][PASSED] - b38 = <not implemented yet for class: org.codehaus.groovy.ast.expr.EmptyExpression>: null

14-10-2024T11:01:17 - [TEST_STEP][PASSED] - b39 = <not implemented yet for class: org.codehaus.groovy.ast.expr.EmptyExpression>: null

14-10-2024T11:01:17 - [TEST_STEP][PASSED] - b310 = <not implemented yet for class: org.codehaus.groovy.ast.expr.EmptyExpression>: null

14-10-2024T11:01:17 - [TEST_STEP][PASSED] - b311 = <not implemented yet for class: org.codehaus.groovy.ast.expr.EmptyExpression>: null

14-10-2024T11:01:17 - [TEST_STEP][PASSED] - b312 = <not implemented yet for class: org.codehaus.groovy.ast.expr.EmptyExpression>: null

14-10-2024T11:01:17 - [TEST_STEP][PASSED] - b313 = <not implemented yet for class: org.codehaus.groovy.ast.expr.EmptyExpression>: null

14-10-2024T11:01:17 - [TEST_STEP][PASSED] - b314 = <not implemented yet for class: org.codehaus.groovy.ast.expr.EmptyExpression>: null

14-10-2024T11:01:17 - [TEST_STEP][PASSED] - b315 = <not implemented yet for class: org.codehaus.groovy.ast.expr.EmptyExpression>: null

14-10-2024T11:01:17 - [TEST_STEP][PASSED] - b316 = <not implemented yet for class: org.codehaus.groovy.ast.expr.EmptyExpression>: null

14-10-2024T11:01:17 - [TEST_STEP][PASSED] - b317 = <not implemented yet for class: org.codehaus.groovy.ast.expr.EmptyExpression>: null

14-10-2024T11:01:17 - [TEST_STEP][PASSED] - block = 1: null

14-10-2024T11:01:17 - [TEST_STEP][PASSED] - nameOfBlock = "": null

14-10-2024T11:01:17 - [TEST_STEP][PASSED] - Script1710234207206.PreSettings(run, vir, block, nameOfBlock, typeOfData, todaysDate): null

14-10-2024T11:01:17 - [TEST_STEP][PASSED] - openBrowser(""): Browser is opened with url: ''

14-10-2024T11:01:17 - [MESSAGE][INFO] - Starting 'Chrome' driver

14-10-2024T11:01:17 - [MESSAGE][INFO] - Action delay is set to 0 milliseconds

14-10-2024T11:01:18 - [MESSAGE][PASSED] - Browser is opened with url: ''

14-10-2024T11:01:18 - [TEST_STEP][PASSED] - refresh(): Refresh successfully

14-10-2024T11:01:18 - [MESSAGE][PASSED] - Refresh successfully

14-10-2024T11:01:18 - [TEST_STEP][PASSED] - delay(50): Delayed 50 second(s)

14-10-2024T11:02:08 - [MESSAGE][PASSED] - Delayed 50 second(s)

14-10-2024T11:02:08 - [TEST_STEP][PASSED] - println("run:" + run): null

14-10-2024T11:02:08 - [TEST_STEP][PASSED] - println("vir:" + vir): null

14-10-2024T11:02:08 - [TEST_STEP][PASSED] - println("block:" + block): null

14-10-2024T11:02:08 - [TEST_STEP][PASSED] - if (block == 1): null

14-10-2024T11:02:08 - [TEST_STEP][PASSED] - nameOfBlock = "": null

14-10-2024T11:02:08 - [TEST_STEP][PASSED] - println("nameOfBlock:" + nameOfBlock): null

14-10-2024T11:02:08 - [TEST_STEP][PASSED] - println("typeOfData:" + typeOfData): null

14-10-2024T11:02:08 - [TEST_STEP][PASSED] - println("todaysDate:" + todaysDate): null

14-10-2024T11:02:08 - [TEST_STEP][PASSED] - Script1710234207206.Autorization(block, nameOfBlock): null

14-10-2024T11:02:08 - [TEST_STEP][PASSED] - println("block:" + block): null

14-10-2024T11:02:08 - [TEST_STEP][PASSED] - if (block == 1): null

14-10-2024T11:02:08 - [TEST_STEP][PASSED] - nameOfBlock = "": null

14-10-2024T11:02:08 - [TEST_STEP][PASSED] - println("nameOfBlock:" + nameOfBlock): null

14-10-2024T11:02:08 - [TEST_STEP][PASSED] - if (block == 1): Delayed 45 second(s)

14-10-2024T11:02:08 - [TEST_STEP][PASSED] - navigateToUrl(findTestData("PlanFact").getValue(10, 2)): Navigate to 'https://bi.rosseti.digital/viewer?dashboardGuid=2301950b23be4ed89c1df75f2020051e&sheetGuid=b723206f698544fb87299f3095c00435&fit=true' successfully

14-10-2024T11:02:25 - [MESSAGE][PASSED] - Navigate to 'https://bi.rosseti.digital/viewer?dashboardGuid=2301950b23be4ed89c1df75f2020051e&sheetGuid=b723206f698544fb87299f3095c00435&fit=true' successfully

14-10-2024T11:02:25 - [TEST_STEP][PASSED] - delay(45): Delayed 45 second(s)

14-10-2024T11:03:10 - [MESSAGE][PASSED] - Delayed 45 second(s)

14-10-2024T11:03:10 - [TEST_STEP][PASSED] - if (verifyElementPresent(findTestObject("Страница авторизации/button_"), 30) == true): null

14-10-2024T11:03:10 - [MESSAGE][PASSED] - Object 'Object Repository/Страница авторизации/button_' is present

14-10-2024T11:03:10 - [TEST_STEP][PASSED] - setText(findTestObject("Страница авторизации/input__username"), findTestData("PlanFact").getValue(8, 1)): Text 'shekhov-aa' is set on object 'Object Repository/Страница авторизации/input__username'

14-10-2024T11:03:11 - [MESSAGE][PASSED] - Text 'shekhov-aa' is set on object 'Object Repository/Страница авторизации/input__username'

14-10-2024T11:03:11 - [TEST_STEP][PASSED] - setText(findTestObject("Страница авторизации/input__password"), findTestData("PlanFact").getValue(9, 1)): Text 'i)RpQLLlXv9gUDC9' is set on object 'Object Repository/Страница авторизации/input__password'

14-10-2024T11:03:12 - [MESSAGE][PASSED] - Text 'i)RpQLLlXv9gUDC9' is set on object 'Object Repository/Страница авторизации/input__password'

14-10-2024T11:03:12 - [TEST_STEP][PASSED] - click(findTestObject("Страница авторизации/button_")): Object: 'Object Repository/Страница авторизации/button_' is clicked on

14-10-2024T11:03:14 - [MESSAGE][PASSED] - Object: 'Object Repository/Страница авторизации/button_' is clicked on

14-10-2024T11:03:14 - [TEST_STEP][PASSED] - delay(45): Delayed 45 second(s)

14-10-2024T11:03:59 - [MESSAGE][PASSED] - Delayed 45 second(s)

14-10-2024T11:03:59 - [TEST_STEP][PASSED] - if (block == 2): null

14-10-2024T11:03:59 - [TEST_STEP][PASSED] - click(findTestObject("Выручка в рублях/Фильтр Период" + nameOfBlock)): Object: 'Object Repository/Выручка в рублях/Фильтр Период' is clicked on

14-10-2024T11:04:00 - [MESSAGE][PASSED] - Object: 'Object Repository/Выручка в рублях/Фильтр Период' is clicked on

14-10-2024T11:04:00 - [TEST_STEP][PASSED] - click(findTestObject("Выручка в рублях/Снять выделение в фильтре Дата" + nameOfBlock)): Object: 'Object Repository/Выручка в рублях/Снять выделение в фильтре Дата' is clicked on

14-10-2024T11:04:00 - [MESSAGE][PASSED] - Object: 'Object Repository/Выручка в рублях/Снять выделение в фильтре Дата' is clicked on

14-10-2024T11:04:00 - [TEST_STEP][PASSED] - click(findTestObject("Выручка в рублях/Применить в фильтре Дата" + nameOfBlock)): Object: 'Object Repository/Выручка в рублях/Применить в фильтре Дата' is clicked on

14-10-2024T11:04:01 - [MESSAGE][PASSED] - Object: 'Object Repository/Выручка в рублях/Применить в фильтре Дата' is clicked on

14-10-2024T11:04:01 - [TEST_STEP][PASSED] - delay(50): Delayed 50 second(s)

14-10-2024T11:04:51 - [MESSAGE][PASSED] - Delayed 50 second(s)

14-10-2024T11:04:51 - [TEST_STEP][PASSED] - click(findTestObject("Выручка в рублях/Фильтр Период" + nameOfBlock)): Object: 'Object Repository/Выручка в рублях/Фильтр Период' is clicked on

14-10-2024T11:04:51 - [MESSAGE][PASSED] - Object: 'Object Repository/Выручка в рублях/Фильтр Период' is clicked on

14-10-2024T11:04:51 - [TEST_STEP][PASSED] - click(findTestObject("Выручка в рублях/Снять выделение в фильтре Дата" + nameOfBlock)): Object: 'Object Repository/Выручка в рублях/Снять выделение в фильтре Дата' is clicked on

14-10-2024T11:04:52 - [MESSAGE][PASSED] - Object: 'Object Repository/Выручка в рублях/Снять выделение в фильтре Дата' is clicked on

14-10-2024T11:04:52 - [TEST_STEP][PASSED] - scrollToElement(findTestObject("Выручка в рублях/2024 список" + nameOfBlock), 30): Scroll to object 'Object Repository/Выручка в рублях/2024 список' successfully

14-10-2024T11:04:52 - [MESSAGE][PASSED] - Scroll to object 'Object Repository/Выручка в рублях/2024 список' successfully

14-10-2024T11:04:52 - [TEST_STEP][PASSED] - click(findTestObject("Выручка в рублях/2024 список" + nameOfBlock)): Object: 'Object Repository/Выручка в рублях/2024 список' is clicked on

14-10-2024T11:04:52 - [MESSAGE][PASSED] - Object: 'Object Repository/Выручка в рублях/2024 список' is clicked on

14-10-2024T11:04:52 - [TEST_STEP][PASSED] - scrollToElement(findTestObject("Выручка в рублях/1 квартал 2024 выбрать" + nameOfBlock), 30): Scroll to object 'Object Repository/Выручка в рублях/1 квартал 2024 выбрать' successfully

14-10-2024T11:04:53 - [MESSAGE][PASSED] - Scroll to object 'Object Repository/Выручка в рублях/1 квартал 2024 выбрать' successfully

14-10-2024T11:04:53 - [TEST_STEP][PASSED] - click(findTestObject("Выручка в рублях/1 квартал 2024 выбрать" + nameOfBlock)): Object: 'Object Repository/Выручка в рублях/1 квартал 2024 выбрать' is clicked on

14-10-2024T11:04:53 - [MESSAGE][PASSED] - Object: 'Object Repository/Выручка в рублях/1 квартал 2024 выбрать' is clicked on

14-10-2024T11:04:53 - [TEST_STEP][PASSED] - scrollToElement(findTestObject("Выручка в рублях/2 квартал 2024 выбрать" + nameOfBlock), 30): Scroll to object 'Object Repository/Выручка в рублях/2 квартал 2024 выбрать' successfully

14-10-2024T11:04:54 - [MESSAGE][PASSED] - Scroll to object 'Object Repository/Выручка в рублях/2 квартал 2024 выбрать' successfully

14-10-2024T11:04:54 - [TEST_STEP][PASSED] - click(findTestObject("Выручка в рублях/2 квартал 2024 выбрать" + nameOfBlock)): Object: 'Object Repository/Выручка в рублях/2 квартал 2024 выбрать' is clicked on

14-10-2024T11:04:54 - [MESSAGE][PASSED] - Object: 'Object Repository/Выручка в рублях/2 квартал 2024 выбрать' is clicked on

14-10-2024T11:04:54 - [TEST_STEP][PASSED] - scrollToElement(findTestObject("Выручка в рублях/3 квартал 2024 список" + nameOfBlock), 30): Scroll to object 'Object Repository/Выручка в рублях/3 квартал 2024 список' successfully

14-10-2024T11:04:54 - [MESSAGE][PASSED] - Scroll to object 'Object Repository/Выручка в рублях/3 квартал 2024 список' successfully

14-10-2024T11:04:54 - [TEST_STEP][PASSED] - click(findTestObject("Выручка в рублях/3 квартал 2024 список" + nameOfBlock)): Object: 'Object Repository/Выручка в рублях/3 квартал 2024 список' is clicked on

14-10-2024T11:04:55 - [MESSAGE][PASSED] - Object: 'Object Repository/Выручка в рублях/3 квартал 2024 список' is clicked on

14-10-2024T11:04:55 - [TEST_STEP][PASSED] - click(findTestObject("Выручка в рублях/Июль 2024" + nameOfBlock)): Object: 'Object Repository/Выручка в рублях/Июль 2024' is clicked on

14-10-2024T11:04:55 - [MESSAGE][PASSED] - Object: 'Object Repository/Выручка в рублях/Июль 2024' is clicked on

14-10-2024T11:04:55 - [TEST_STEP][PASSED] - scrollToElement(findTestObject("Выручка в рублях/Август 2024" + nameOfBlock), 30): Scroll to object 'Object Repository/Выручка в рублях/Август 2024' successfully

14-10-2024T11:04:56 - [MESSAGE][PASSED] - Scroll to object 'Object Repository/Выручка в рублях/Август 2024' successfully

14-10-2024T11:04:56 - [TEST_STEP][PASSED] - click(findTestObject("Выручка в рублях/Август 2024" + nameOfBlock)): Object: 'Object Repository/Выручка в рублях/Август 2024' is clicked on

14-10-2024T11:04:56 - [MESSAGE][PASSED] - Object: 'Object Repository/Выручка в рублях/Август 2024' is clicked on

14-10-2024T11:04:56 - [TEST_STEP][PASSED] - scrollToElement(findTestObject("Выручка в рублях/Заголовок дашборда" + nameOfBlock), 30): Scroll to object 'Object Repository/Выручка в рублях/Заголовок дашборда' successfully

14-10-2024T11:04:56 - [MESSAGE][PASSED] - Scroll to object 'Object Repository/Выручка в рублях/Заголовок дашборда' successfully

14-10-2024T11:04:56 - [TEST_STEP][PASSED] - click(findTestObject("Выручка в рублях/Применить в фильтре Дата" + nameOfBlock)): Object: 'Object Repository/Выручка в рублях/Применить в фильтре Дата' is clicked on

14-10-2024T11:04:57 - [MESSAGE][PASSED] - Object: 'Object Repository/Выручка в рублях/Применить в фильтре Дата' is clicked on

14-10-2024T11:04:57 - [TEST_STEP][PASSED] - delay(50): Delayed 50 second(s)

14-10-2024T11:05:47 - [MESSAGE][PASSED] - Delayed 50 second(s)

14-10-2024T11:05:47 - [TEST_STEP][PASSED] - click(findTestObject("Выручка в рублях/Фильтр ДЗО" + nameOfBlock)): Object: 'Object Repository/Выручка в рублях/Фильтр ДЗО' is clicked on

14-10-2024T11:05:47 - [MESSAGE][PASSED] - Object: 'Object Repository/Выручка в рублях/Фильтр ДЗО' is clicked on

14-10-2024T11:05:47 - [TEST_STEP][PASSED] - click(findTestObject("Выручка в рублях/Снять выделение в фильтре ДЗО" + nameOfBlock)): Object: 'Object Repository/Выручка в рублях/Снять выделение в фильтре ДЗО' is clicked on

14-10-2024T11:05:48 - [MESSAGE][PASSED] - Object: 'Object Repository/Выручка в рублях/Снять выделение в фильтре ДЗО' is clicked on

14-10-2024T11:05:48 - [TEST_STEP][PASSED] - click(findTestObject("Выручка в рублях/Применить в фильтре ДЗО" + nameOfBlock)): Object: 'Object Repository/Выручка в рублях/Применить в фильтре ДЗО' is clicked on

14-10-2024T11:05:48 - [MESSAGE][PASSED] - Object: 'Object Repository/Выручка в рублях/Применить в фильтре ДЗО' is clicked on

14-10-2024T11:05:48 - [TEST_STEP][PASSED] - delay(50): Delayed 50 second(s)

14-10-2024T11:06:38 - [MESSAGE][PASSED] - Delayed 50 second(s)

14-10-2024T11:06:38 - [TEST_STEP][PASSED] - Script1710234207206.Tumbler(run, vir, block, nameOfBlock): null

14-10-2024T11:06:38 - [TEST_STEP][PASSED] - println("run:" + run): null

14-10-2024T11:06:38 - [TEST_STEP][PASSED] - println("vir:" + vir): null

14-10-2024T11:06:38 - [TEST_STEP][PASSED] - println("block:" + block): null

14-10-2024T11:06:38 - [TEST_STEP][PASSED] - println("nameOfBlock:" + nameOfBlock): null

14-10-2024T11:06:38 - [TEST_STEP][PASSED] - if (vir == 1): Object: 'Object Repository/Выручка в рублях/Переключить отображение с млн на проценты Выручка в рублях' is clicked on

14-10-2024T11:06:38 - [TEST_STEP][PASSED] - if (run == 2): Object: 'Object Repository/Выручка в рублях/Переключить отображение с млн на проценты Выручка в рублях' is clicked on

14-10-2024T11:06:38 - [TEST_STEP][PASSED] - click(findTestObject("Выручка в рублях/Переключить отображение с млн на проценты Выручка в рублях" + nameOfBlock)): Object: 'Object Repository/Выручка в рублях/Переключить отображение с млн на проценты Выручка в рублях' is clicked on

14-10-2024T11:06:39 - [MESSAGE][PASSED] - Object: 'Object Repository/Выручка в рублях/Переключить отображение с млн на проценты Выручка в рублях' is clicked on

14-10-2024T11:06:39 - [TEST_STEP][PASSED] - click(findTestObject("Выручка в рублях/Фильтр ДЗО" + nameOfBlock)): Object: 'Object Repository/Выручка в рублях/Фильтр ДЗО' is clicked on

14-10-2024T11:06:39 - [MESSAGE][PASSED] - Object: 'Object Repository/Выручка в рублях/Фильтр ДЗО' is clicked on

14-10-2024T11:06:39 - [TEST_STEP][PASSED] - Script1710234207206.Rosseti(nameOfBlock): null

14-10-2024T11:06:39 - [TEST_STEP][PASSED] - println("nameOfBlock:" + nameOfBlock): null

14-10-2024T11:06:39 - [TEST_STEP][PASSED] - click(findTestObject("Выручка в рублях/ПАО Россети" + nameOfBlock)): Object: 'Object Repository/Выручка в рублях/ПАО Россети' is clicked on

14-10-2024T11:06:39 - [MESSAGE][PASSED] - Object: 'Object Repository/Выручка в рублях/ПАО Россети' is clicked on

14-10-2024T11:06:39 - [TEST_STEP][PASSED] - click(findTestObject("Выручка в рублях/Применить в фильтре ДЗО" + nameOfBlock)): Object: 'Object Repository/Выручка в рублях/Применить в фильтре ДЗО' is clicked on

14-10-2024T11:06:40 - [MESSAGE][PASSED] - Object: 'Object Repository/Выручка в рублях/Применить в фильтре ДЗО' is clicked on

14-10-2024T11:06:40 - [TEST_STEP][PASSED] - if (run == 2): null

14-10-2024T11:06:40 - [TEST_STEP][PASSED] - perc = " Perc": null

14-10-2024T11:06:40 - [TEST_STEP][PASSED] - if (vir == 1 || vir == 2): Text of object 'Object Repository/Выручка в рублях/График План' is: '938 020'

14-10-2024T11:06:40 - [TEST_STEP][PASSED] - a1 = getText(findTestObject("Выручка в рублях/График План")): Text of object 'Object Repository/Выручка в рублях/График План' is: '938 020'

14-10-2024T11:06:42 - [MESSAGE][PASSED] - Text of object 'Object Repository/Выручка в рублях/График План' is: '938 020'

14-10-2024T11:06:42 - [TEST_STEP][PASSED] - if (vir == 1 || vir == 2): Text of object 'Object Repository/Выручка в рублях/График Факт' is: '964 061'

14-10-2024T11:06:42 - [TEST_STEP][PASSED] - a2 = getText(findTestObject("Выручка в рублях/График Факт")): Text of object 'Object Repository/Выручка в рублях/График Факт' is: '964 061'

14-10-2024T11:06:43 - [MESSAGE][PASSED] - Text of object 'Object Repository/Выручка в рублях/График Факт' is: '964 061'

14-10-2024T11:06:43 - [TEST_STEP][PASSED] - a30 = getText(findTestObject("Выручка в рублях/span1" + perc)): Text of object 'Object Repository/Выручка в рублях/span1 Perc' is: '-23.85 %'

14-10-2024T11:06:43 - [MESSAGE][PASSED] - Text of object 'Object Repository/Выручка в рублях/span1 Perc' is: '-23.85 %'

14-10-2024T11:06:43 - [TEST_STEP][PASSED] - i = a30.indexOf("млн.руб."): null

14-10-2024T11:06:43 - [TEST_STEP][PASSED] - if (i > -1): null

14-10-2024T11:06:43 - [TEST_STEP][PASSED] - if (a30.contains("%")): null

14-10-2024T11:06:43 - [TEST_STEP][PASSED] - a30 = a30.replaceAll("%", ""): null

14-10-2024T11:06:43 - [TEST_STEP][PASSED] - a30 = ").trim(): null

14-10-2024T11:06:43 - [TEST_STEP][PASSED] - println("a30: " + a30): null

14-10-2024T11:06:43 - [TEST_STEP][PASSED] - if (vir == 1 || vir == 2): Text of object 'Object Repository/Выручка в рублях/span2 Perc' is: '14.04 %'

14-10-2024T11:06:43 - [TEST_STEP][PASSED] - a31 = ").trim(): Text of object 'Object Repository/Выручка в рублях/span2 Perc' is: '14.04 %'

14-10-2024T11:06:43 - [MESSAGE][PASSED] - Text of object 'Object Repository/Выручка в рублях/span2 Perc' is: '14.04 %'

14-10-2024T11:06:43 - [TEST_STEP][PASSED] - if (vir == 1 || vir == 2): Text of object 'Object Repository/Выручка в рублях/span3 Perc' is: '-49.27 %'

14-10-2024T11:06:43 - [TEST_STEP][PASSED] - a32 = ").trim(): Text of object 'Object Repository/Выручка в рублях/span3 Perc' is: '-49.27 %'

14-10-2024T11:06:44 - [MESSAGE][PASSED] - Text of object 'Object Repository/Выручка в рублях/span3 Perc' is: '-49.27 %'

14-10-2024T11:06:44 - [TEST_STEP][PASSED] - if (vir == 1 || vir == 2): Text of object 'Object Repository/Выручка в рублях/span8 Perc' is: '-49.2 %'

14-10-2024T11:06:44 - [TEST_STEP][PASSED] - a33 = ").trim(): Text of object 'Object Repository/Выручка в рублях/span4 Perc' is: '-49.88 %'

14-10-2024T11:06:44 - [MESSAGE][PASSED] - Text of object 'Object Repository/Выручка в рублях/span4 Perc' is: '-49.88 %'

14-10-2024T11:06:44 - [TEST_STEP][PASSED] - a34 = ").trim(): Text of object 'Object Repository/Выручка в рублях/span5 Perc' is: '-47.01 %'

14-10-2024T11:06:44 - [MESSAGE][PASSED] - Text of object 'Object Repository/Выручка в рублях/span5 Perc' is: '-47.01 %'

14-10-2024T11:06:44 - [TEST_STEP][PASSED] - a35 = ").trim(): Text of object 'Object Repository/Выручка в рублях/span6 Perc' is: '-47.21 %'

14-10-2024T11:06:45 - [MESSAGE][PASSED] - Text of object 'Object Repository/Выручка в рублях/span6 Perc' is: '-47.21 %'

14-10-2024T11:06:45 - [TEST_STEP][PASSED] - a36 = ").trim(): Text of object 'Object Repository/Выручка в рублях/span7 Perc' is: '5.03 %'

14-10-2024T11:06:45 - [MESSAGE][PASSED] - Text of object 'Object Repository/Выручка в рублях/span7 Perc' is: '5.03 %'

14-10-2024T11:06:45 - [TEST_STEP][PASSED] - a37 = ").trim(): Text of object 'Object Repository/Выручка в рублях/span8 Perc' is: '-49.2 %'

14-10-2024T11:06:45 - [MESSAGE][PASSED] - Text of object 'Object Repository/Выручка в рублях/span8 Perc' is: '-49.2 %'

14-10-2024T11:06:45 - [TEST_STEP][PASSED] - if (vir == 1 || vir == 2): Text of object 'Object Repository/Выручка в рублях/span17 Perc' is: '-48.36 %'

14-10-2024T11:06:45 - [TEST_STEP][PASSED] - a38 = ").trim(): Text of object 'Object Repository/Выручка в рублях/span9 Perc' is: '2.9 %'

14-10-2024T11:06:45 - [MESSAGE][PASSED] - Text of object 'Object Repository/Выручка в рублях/span9 Perc' is: '2.9 %'

14-10-2024T11:06:45 - [TEST_STEP][PASSED] - a39 = ").trim(): Text of object 'Object Repository/Выручка в рублях/span10 Perc' is: '4.21 %'

14-10-2024T11:06:46 - [MESSAGE][PASSED] - Text of object 'Object Repository/Выручка в рублях/span10 Perc' is: '4.21 %'

14-10-2024T11:06:46 - [TEST_STEP][PASSED] - a310 = ").trim(): Text of object 'Object Repository/Выручка в рублях/span11 Perc' is: '-48.15 %'

14-10-2024T11:06:46 - [MESSAGE][PASSED] - Text of object 'Object Repository/Выручка в рублях/span11 Perc' is: '-48.15 %'

14-10-2024T11:06:46 - [TEST_STEP][PASSED] - a311 = ").trim(): Text of object 'Object Repository/Выручка в рублях/span12 Perc' is: '-53.15 %'

14-10-2024T11:06:46 - [MESSAGE][PASSED] - Text of object 'Object Repository/Выручка в рублях/span12 Perc' is: '-53.15 %'

14-10-2024T11:06:46 - [TEST_STEP][PASSED] - a312 = ").trim(): Text of object 'Object Repository/Выручка в рублях/span13 Perc' is: '2.61 %'

14-10-2024T11:06:47 - [MESSAGE][PASSED] - Text of object 'Object Repository/Выручка в рублях/span13 Perc' is: '2.61 %'

14-10-2024T11:06:47 - [TEST_STEP][PASSED] - a313 = ").trim(): Text of object 'Object Repository/Выручка в рублях/span14 Perc' is: '0.66 %'

14-10-2024T11:06:47 - [MESSAGE][PASSED] - Text of object 'Object Repository/Выручка в рублях/span14 Perc' is: '0.66 %'

14-10-2024T11:06:47 - [TEST_STEP][PASSED] - a314 = ").trim(): Text of object 'Object Repository/Выручка в рублях/span15 Perc' is: '-32.03 %'

14-10-2024T11:06:47 - [MESSAGE][PASSED] - Text of object 'Object Repository/Выручка в рублях/span15 Perc' is: '-32.03 %'

14-10-2024T11:06:47 - [TEST_STEP][PASSED] - a315 = ").trim(): Text of object 'Object Repository/Выручка в рублях/span16 Perc' is: '4.79 %'

14-10-2024T11:06:48 - [MESSAGE][PASSED] - Text of object 'Object Repository/Выручка в рублях/span16 Perc' is: '4.79 %'

14-10-2024T11:06:48 - [TEST_STEP][PASSED] - a316 = ").trim(): Text of object 'Object Repository/Выручка в рублях/span17 Perc' is: '-48.36 %'

14-10-2024T11:06:48 - [MESSAGE][PASSED] - Text of object 'Object Repository/Выручка в рублях/span17 Perc' is: '-48.36 %'

14-10-2024T11:06:48 - [TEST_STEP][PASSED] - if (vir == 1 || vir == 2): Text of object 'Object Repository/Выручка в рублях/span18 Perc' is: '3.76 %'

14-10-2024T11:06:48 - [TEST_STEP][PASSED] - a317 = ").trim(): Text of object 'Object Repository/Выручка в рублях/span18 Perc' is: '3.76 %'

14-10-2024T11:06:48 - [MESSAGE][PASSED] - Text of object 'Object Repository/Выручка в рублях/span18 Perc' is: '3.76 %'

14-10-2024T11:06:48 - [TEST_STEP][PASSED] - block = 2: null

14-10-2024T11:06:48 - [TEST_STEP][PASSED] - nameOfBlock = " Выручка": null

14-10-2024T11:06:48 - [TEST_STEP][PASSED] - Script1710234207206.PreSettings(run, vir, block, nameOfBlock, typeOfData, todaysDate): null

14-10-2024T11:06:48 - [TEST_STEP][PASSED] - openBrowser(""): Browser is opened with url: ''

14-10-2024T11:06:48 - [MESSAGE][WARNING] - A browser is already opened. Closing browser and opening a new one

14-10-2024T11:06:48 - [MESSAGE][INFO] - Starting 'Chrome' driver

14-10-2024T11:06:48 - [MESSAGE][INFO] - Action delay is set to 0 milliseconds

14-10-2024T11:06:49 - [MESSAGE][PASSED] - Browser is opened with url: ''

14-10-2024T11:06:49 - [TEST_STEP][PASSED] - refresh(): Refresh successfully

14-10-2024T11:06:49 - [MESSAGE][PASSED] - Refresh successfully

14-10-2024T11:06:49 - [TEST_STEP][PASSED] - delay(50): Delayed 50 second(s)

14-10-2024T11:07:39 - [MESSAGE][PASSED] - Delayed 50 second(s)

14-10-2024T11:07:39 - [TEST_STEP][PASSED] - println("run:" + run): null

14-10-2024T11:07:39 - [TEST_STEP][PASSED] - println("vir:" + vir): null

14-10-2024T11:07:39 - [TEST_STEP][PASSED] - println("block:" + block): null

14-10-2024T11:07:39 - [TEST_STEP][PASSED] - if (block == 1): null

14-10-2024T11:07:39 - [TEST_STEP][PASSED] - else: null

14-10-2024T11:07:39 - [TEST_STEP][PASSED] - nameOfBlock = " Выручка": null

14-10-2024T11:07:39 - [TEST_STEP][PASSED] - println("nameOfBlock:" + nameOfBlock): null

14-10-2024T11:07:39 - [TEST_STEP][PASSED] - println("typeOfData:" + typeOfData): null

14-10-2024T11:07:39 - [TEST_STEP][PASSED] - println("todaysDate:" + todaysDate): null

14-10-2024T11:07:39 - [TEST_STEP][PASSED] - Script1710234207206.Autorization(block, nameOfBlock): null

14-10-2024T11:07:39 - [TEST_STEP][PASSED] - println("block:" + block): null

14-10-2024T11:07:39 - [TEST_STEP][PASSED] - if (block == 1): null

14-10-2024T11:07:39 - [TEST_STEP][PASSED] - else: null

14-10-2024T11:07:39 - [TEST_STEP][PASSED] - delay(45): Delayed 45 second(s)

14-10-2024T11:08:24 - [MESSAGE][PASSED] - Delayed 45 second(s)

14-10-2024T11:08:24 - [TEST_STEP][PASSED] - nameOfBlock = " Выручка": null

14-10-2024T11:08:24 - [TEST_STEP][PASSED] - println("nameOfBlock:" + nameOfBlock): null

14-10-2024T11:08:24 - [TEST_STEP][PASSED] - if (block == 1): null

14-10-2024T11:08:24 - [TEST_STEP][PASSED] - else: Delayed 45 second(s)

14-10-2024T11:08:24 - [TEST_STEP][PASSED] - navigateToUrl(findTestData("PlanFact").getValue(10, 9)): Navigate to 'https://bi.rosseti.digital/viewer?dashboardGuid=a1fd28b3785d443cbc4d7690a1d78e31&sheetGuid=86092a20c5984827a0c87b24cac76a50&fit=true' successfully

14-10-2024T11:08:34 - [MESSAGE][PASSED] - Navigate to 'https://bi.rosseti.digital/viewer?dashboardGuid=a1fd28b3785d443cbc4d7690a1d78e31&sheetGuid=86092a20c5984827a0c87b24cac76a50&fit=true' successfully

14-10-2024T11:08:34 - [TEST_STEP][PASSED] - delay(45): Delayed 45 second(s)

14-10-2024T11:09:19 - [MESSAGE][PASSED] - Delayed 45 second(s)

14-10-2024T11:09:19 - [TEST_STEP][PASSED] - if (verifyElementPresent(findTestObject("Страница авторизации/button_"), 30) == true): null

14-10-2024T11:09:19 - [MESSAGE][PASSED] - Object 'Object Repository/Страница авторизации/button_' is present

14-10-2024T11:09:19 - [TEST_STEP][PASSED] - setText(findTestObject("Страница авторизации/input__username"), findTestData("PlanFact").getValue(8, 1)): Text 'shekhov-aa' is set on object 'Object Repository/Страница авторизации/input__username'

14-10-2024T11:09:19 - [MESSAGE][PASSED] - Text 'shekhov-aa' is set on object 'Object Repository/Страница авторизации/input__username'

14-10-2024T11:09:19 - [TEST_STEP][PASSED] - setText(findTestObject("Страница авторизации/input__password"), findTestData("PlanFact").getValue(9, 1)): Text 'i)RpQLLlXv9gUDC9' is set on object 'Object Repository/Страница авторизации/input__password'

14-10-2024T11:09:20 - [MESSAGE][PASSED] - Text 'i)RpQLLlXv9gUDC9' is set on object 'Object Repository/Страница авторизации/input__password'

14-10-2024T11:09:20 - [TEST_STEP][PASSED] - click(findTestObject("Страница авторизации/button_")): Object: 'Object Repository/Страница авторизации/button_' is clicked on

14-10-2024T11:09:24 - [MESSAGE][PASSED] - Object: 'Object Repository/Страница авторизации/button_' is clicked on

14-10-2024T11:09:24 - [TEST_STEP][PASSED] - delay(45): Delayed 45 second(s)

14-10-2024T11:10:09 - [MESSAGE][PASSED] - Delayed 45 second(s)

14-10-2024T11:10:09 - [TEST_STEP][PASSED] - if (block == 2): Delayed 50 second(s)

14-10-2024T11:10:09 - [TEST_STEP][PASSED] - opoveshenie = getText(findTestObject("Выручка в рублях/Просьба обратить внимание")): Text of object 'Object Repository/Выручка в рублях/Просьба обратить внимание' is: 'Просьба обратить внимание'

14-10-2024T11:10:09 - [MESSAGE][PASSED] - Text of object 'Object Repository/Выручка в рублях/Просьба обратить внимание' is: 'Просьба обратить внимание'

14-10-2024T11:10:09 - [TEST_STEP][PASSED] - if (opoveshenie == "Просьба обратить внимание"): Delayed 50 second(s)

14-10-2024T11:10:09 - [TEST_STEP][PASSED] - click(findTestObject("Выручка в рублях/Закрыть оповещение")): Object: 'Object Repository/Выручка в рублях/Закрыть оповещение' is clicked on

14-10-2024T11:10:09 - [MESSAGE][PASSED] - Object: 'Object Repository/Выручка в рублях/Закрыть оповещение' is clicked on

14-10-2024T11:10:09 - [TEST_STEP][PASSED] - delay(50): Delayed 50 second(s)

14-10-2024T11:10:59 - [MESSAGE][PASSED] - Delayed 50 second(s)

14-10-2024T11:10:59 - [TEST_STEP][PASSED] - click(findTestObject("Выручка в рублях/Фильтр Период" + nameOfBlock)): Object: 'Object Repository/Выручка в рублях/Фильтр Период Выручка' is clicked on

14-10-2024T11:11:00 - [MESSAGE][PASSED] - Object: 'Object Repository/Выручка в рублях/Фильтр Период Выручка' is clicked on

14-10-2024T11:11:00 - [TEST_STEP][PASSED] - click(findTestObject("Выручка в рублях/Снять выделение в фильтре Дата" + nameOfBlock)): Object: 'Object Repository/Выручка в рублях/Снять выделение в фильтре Дата Выручка' is clicked on

14-10-2024T11:11:00 - [MESSAGE][PASSED] - Object: 'Object Repository/Выручка в рублях/Снять выделение в фильтре Дата Выручка' is clicked on

14-10-2024T11:11:00 - [TEST_STEP][PASSED] - click(findTestObject("Выручка в рублях/Применить в фильтре Дата" + nameOfBlock)): Object: 'Object Repository/Выручка в рублях/Применить в фильтре Дата Выручка' is clicked on

14-10-2024T11:11:01 - [MESSAGE][PASSED] - Object: 'Object Repository/Выручка в рублях/Применить в фильтре Дата Выручка' is clicked on

14-10-2024T11:11:01 - [TEST_STEP][PASSED] - delay(50): Delayed 50 second(s)

14-10-2024T11:11:51 - [MESSAGE][PASSED] - Delayed 50 second(s)

14-10-2024T11:11:51 - [TEST_STEP][PASSED] - click(findTestObject("Выручка в рублях/Фильтр Период" + nameOfBlock)): Object: 'Object Repository/Выручка в рублях/Фильтр Период Выручка' is clicked on

14-10-2024T11:11:51 - [MESSAGE][PASSED] - Object: 'Object Repository/Выручка в рублях/Фильтр Период Выручка' is clicked on

14-10-2024T11:11:51 - [TEST_STEP][PASSED] - click(findTestObject("Выручка в рублях/Снять выделение в фильтре Дата" + nameOfBlock)): Object: 'Object Repository/Выручка в рублях/Снять выделение в фильтре Дата Выручка' is clicked on

14-10-2024T11:11:52 - [MESSAGE][PASSED] - Object: 'Object Repository/Выручка в рублях/Снять выделение в фильтре Дата Выручка' is clicked on

14-10-2024T11:11:52 - [TEST_STEP][PASSED] - scrollToElement(findTestObject("Выручка в рублях/2024 список" + nameOfBlock), 30): Scroll to object 'Object Repository/Выручка в рублях/2024 список Выручка' successfully

14-10-2024T11:11:52 - [MESSAGE][PASSED] - Scroll to object 'Object Repository/Выручка в рублях/2024 список Выручка' successfully

14-10-2024T11:11:52 - [TEST_STEP][PASSED] - click(findTestObject("Выручка в рублях/2024 список" + nameOfBlock)): Object: 'Object Repository/Выручка в рублях/2024 список Выручка' is clicked on

14-10-2024T11:11:52 - [MESSAGE][PASSED] - Object: 'Object Repository/Выручка в рублях/2024 список Выручка' is clicked on

14-10-2024T11:11:52 - [TEST_STEP][PASSED] - scrollToElement(findTestObject("Выручка в рублях/1 квартал 2024 выбрать" + nameOfBlock), 30): Scroll to object 'Object Repository/Выручка в рублях/1 квартал 2024 выбрать Выручка' successfully

14-10-2024T11:11:53 - [MESSAGE][PASSED] - Scroll to object 'Object Repository/Выручка в рублях/1 квартал 2024 выбрать Выручка' successfully

14-10-2024T11:11:53 - [TEST_STEP][PASSED] - click(findTestObject("Выручка в рублях/1 квартал 2024 выбрать" + nameOfBlock)): Object: 'Object Repository/Выручка в рублях/1 квартал 2024 выбрать Выручка' is clicked on

14-10-2024T11:11:53 - [MESSAGE][PASSED] - Object: 'Object Repository/Выручка в рублях/1 квартал 2024 выбрать Выручка' is clicked on

14-10-2024T11:11:53 - [TEST_STEP][PASSED] - scrollToElement(findTestObject("Выручка в рублях/2 квартал 2024 выбрать" + nameOfBlock), 30): Scroll to object 'Object Repository/Выручка в рублях/2 квартал 2024 выбрать Выручка' successfully

14-10-2024T11:11:53 - [MESSAGE][PASSED] - Scroll to object 'Object Repository/Выручка в рублях/2 квартал 2024 выбрать Выручка' successfully

14-10-2024T11:11:53 - [TEST_STEP][PASSED] - click(findTestObject("Выручка в рублях/2 квартал 2024 выбрать" + nameOfBlock)): Object: 'Object Repository/Выручка в рублях/2 квартал 2024 выбрать Выручка' is clicked on

14-10-2024T11:11:54 - [MESSAGE][PASSED] - Object: 'Object Repository/Выручка в рублях/2 квартал 2024 выбрать Выручка' is clicked on

14-10-2024T11:11:54 - [TEST_STEP][PASSED] - scrollToElement(findTestObject("Выручка в рублях/3 квартал 2024 список" + nameOfBlock), 30): Scroll to object 'Object Repository/Выручка в рублях/3 квартал 2024 список Выручка' successfully

14-10-2024T11:11:54 - [MESSAGE][PASSED] - Scroll to object 'Object Repository/Выручка в рублях/3 квартал 2024 список Выручка' successfully

14-10-2024T11:11:54 - [TEST_STEP][PASSED] - click(findTestObject("Выручка в рублях/3 квартал 2024 список" + nameOfBlock)): Object: 'Object Repository/Выручка в рублях/3 квартал 2024 список Выручка' is clicked on

14-10-2024T11:11:55 - [MESSAGE][PASSED] - Object: 'Object Repository/Выручка в рублях/3 квартал 2024 список Выручка' is clicked on

14-10-2024T11:11:55 - [TEST_STEP][PASSED] - click(findTestObject("Выручка в рублях/Июль 2024" + nameOfBlock)): Object: 'Object Repository/Выручка в рублях/Июль 2024 Выручка' is clicked on

14-10-2024T11:11:55 - [MESSAGE][PASSED] - Object: 'Object Repository/Выручка в рублях/Июль 2024 Выручка' is clicked on

14-10-2024T11:11:55 - [TEST_STEP][PASSED] - scrollToElement(findTestObject("Выручка в рублях/Август 2024" + nameOfBlock), 30): Scroll to object 'Object Repository/Выручка в рублях/Август 2024 Выручка' successfully

14-10-2024T11:11:55 - [MESSAGE][PASSED] - Scroll to object 'Object Repository/Выручка в рублях/Август 2024 Выручка' successfully

14-10-2024T11:11:55 - [TEST_STEP][PASSED] - click(findTestObject("Выручка в рублях/Август 2024" + nameOfBlock)): Object: 'Object Repository/Выручка в рублях/Август 2024 Выручка' is clicked on

14-10-2024T11:11:56 - [MESSAGE][PASSED] - Object: 'Object Repository/Выручка в рублях/Август 2024 Выручка' is clicked on

14-10-2024T11:11:56 - [TEST_STEP][PASSED] - scrollToElement(findTestObject("Выручка в рублях/Заголовок дашборда" + nameOfBlock), 30): Scroll to object 'Object Repository/Выручка в рублях/Заголовок дашборда Выручка' successfully

14-10-2024T11:11:56 - [MESSAGE][PASSED] - Scroll to object 'Object Repository/Выручка в рублях/Заголовок дашборда Выручка' successfully

14-10-2024T11:11:56 - [TEST_STEP][PASSED] - click(findTestObject("Выручка в рублях/Применить в фильтре Дата" + nameOfBlock)): Object: 'Object Repository/Выручка в рублях/Применить в фильтре Дата Выручка' is clicked on

14-10-2024T11:11:57 - [MESSAGE][PASSED] - Object: 'Object Repository/Выручка в рублях/Применить в фильтре Дата Выручка' is clicked on

14-10-2024T11:11:57 - [TEST_STEP][PASSED] - delay(50): Delayed 50 second(s)

14-10-2024T11:12:47 - [MESSAGE][PASSED] - Delayed 50 second(s)

14-10-2024T11:12:47 - [TEST_STEP][PASSED] - click(findTestObject("Выручка в рублях/Фильтр ДЗО" + nameOfBlock)): Object: 'Object Repository/Выручка в рублях/Фильтр ДЗО Выручка' is clicked on

14-10-2024T11:12:47 - [MESSAGE][PASSED] - Object: 'Object Repository/Выручка в рублях/Фильтр ДЗО Выручка' is clicked on

14-10-2024T11:12:47 - [TEST_STEP][PASSED] - click(findTestObject("Выручка в рублях/Снять выделение в фильтре ДЗО" + nameOfBlock)): Object: 'Object Repository/Выручка в рублях/Снять выделение в фильтре ДЗО Выручка' is clicked on

14-10-2024T11:12:48 - [MESSAGE][PASSED] - Object: 'Object Repository/Выручка в рублях/Снять выделение в фильтре ДЗО Выручка' is clicked on

14-10-2024T11:12:48 - [TEST_STEP][PASSED] - click(findTestObject("Выручка в рублях/Применить в фильтре ДЗО" + nameOfBlock)): Object: 'Object Repository/Выручка в рублях/Применить в фильтре ДЗО Выручка' is clicked on

14-10-2024T11:12:48 - [MESSAGE][PASSED] - Object: 'Object Repository/Выручка в рублях/Применить в фильтре ДЗО Выручка' is clicked on

14-10-2024T11:12:48 - [TEST_STEP][PASSED] - delay(50): Delayed 50 second(s)

14-10-2024T11:13:38 - [MESSAGE][PASSED] - Delayed 50 second(s)

14-10-2024T11:13:38 - [TEST_STEP][PASSED] - Script1710234207206.Tumbler(run, vir, block, nameOfBlock): null

14-10-2024T11:13:38 - [TEST_STEP][PASSED] - println("run:" + run): null

14-10-2024T11:13:38 - [TEST_STEP][PASSED] - println("vir:" + vir): null

14-10-2024T11:13:38 - [TEST_STEP][PASSED] - println("block:" + block): null

14-10-2024T11:13:38 - [TEST_STEP][PASSED] - println("nameOfBlock:" + nameOfBlock): null

14-10-2024T11:13:38 - [TEST_STEP][PASSED] - if (vir == 1): Object: 'Object Repository/Выручка в рублях/Переключить отображение с млн на проценты Выручка в рублях Выручка' is clicked on

14-10-2024T11:13:38 - [TEST_STEP][PASSED] - if (run == 2): Object: 'Object Repository/Выручка в рублях/Переключить отображение с млн на проценты Выручка в рублях Выручка' is clicked on

14-10-2024T11:13:38 - [TEST_STEP][PASSED] - click(findTestObject("Выручка в рублях/Переключить отображение с млн на проценты Выручка в рублях" + nameOfBlock)): Object: 'Object Repository/Выручка в рублях/Переключить отображение с млн на проценты Выручка в рублях Выручка' is clicked on

14-10-2024T11:13:39 - [MESSAGE][PASSED] - Object: 'Object Repository/Выручка в рублях/Переключить отображение с млн на проценты Выручка в рублях Выручка' is clicked on

14-10-2024T11:13:39 - [TEST_STEP][PASSED] - click(findTestObject("Выручка в рублях/Фильтр ДЗО" + nameOfBlock)): Object: 'Object Repository/Выручка в рублях/Фильтр ДЗО Выручка' is clicked on

14-10-2024T11:13:39 - [MESSAGE][PASSED] - Object: 'Object Repository/Выручка в рублях/Фильтр ДЗО Выручка' is clicked on

14-10-2024T11:13:39 - [TEST_STEP][PASSED] - Script1710234207206.Rosseti(nameOfBlock): null

14-10-2024T11:13:39 - [TEST_STEP][PASSED] - println("nameOfBlock:" + nameOfBlock): null

14-10-2024T11:13:39 - [TEST_STEP][PASSED] - click(findTestObject("Выручка в рублях/ПАО Россети" + nameOfBlock)): Object: 'Object Repository/Выручка в рублях/ПАО Россети Выручка' is clicked on

14-10-2024T11:13:39 - [MESSAGE][PASSED] - Object: 'Object Repository/Выручка в рублях/ПАО Россети Выручка' is clicked on

14-10-2024T11:13:39 - [TEST_STEP][PASSED] - click(findTestObject("Выручка в рублях/Применить в фильтре ДЗО" + nameOfBlock)): Object: 'Object Repository/Выручка в рублях/Применить в фильтре ДЗО Выручка' is clicked on

14-10-2024T11:13:40 - [MESSAGE][PASSED] - Object: 'Object Repository/Выручка в рублях/Применить в фильтре ДЗО Выручка' is clicked on

14-10-2024T11:13:40 - [TEST_STEP][PASSED] - if (vir == 1 || vir == 2): Text of object 'Object Repository/Выручка в рублях/График План Выручка' is: '938 020'

14-10-2024T11:13:40 - [TEST_STEP][PASSED] - b1 = getText(findTestObject("Выручка в рублях/График План Выручка")): Text of object 'Object Repository/Выручка в рублях/График План Выручка' is: '938 020'

14-10-2024T11:13:42 - [MESSAGE][PASSED] - Text of object 'Object Repository/Выручка в рублях/График План Выручка' is: '938 020'

14-10-2024T11:13:42 - [TEST_STEP][PASSED] - if (vir == 1 || vir == 2): Text of object 'Object Repository/Выручка в рублях/График Факт Выручка' is: '964 061'

14-10-2024T11:13:42 - [TEST_STEP][PASSED] - b2 = getText(findTestObject("Выручка в рублях/График Факт Выручка")): Text of object 'Object Repository/Выручка в рублях/График Факт Выручка' is: '964 061'

14-10-2024T11:13:43 - [MESSAGE][PASSED] - Text of object 'Object Repository/Выручка в рублях/График Факт Выручка' is: '964 061'

14-10-2024T11:13:43 - [TEST_STEP][PASSED] - b30 = getText(findTestObject("Выручка в рублях/span1" + perc)): Text of object 'Object Repository/Выручка в рублях/span1 Perc' is: '2.78 %'

14-10-2024T11:13:43 - [MESSAGE][PASSED] - Text of object 'Object Repository/Выручка в рублях/span1 Perc' is: '2.78 %'

14-10-2024T11:13:43 - [TEST_STEP][PASSED] - i = b30.indexOf("млн.руб."): null

14-10-2024T11:13:43 - [TEST_STEP][PASSED] - if (i > -1): null

14-10-2024T11:13:43 - [TEST_STEP][PASSED] - if (b30.contains("%")): null

14-10-2024T11:13:43 - [TEST_STEP][PASSED] - b30 = b30.replaceAll("%", ""): null

14-10-2024T11:13:43 - [TEST_STEP][PASSED] - b30 = ").trim(): null

14-10-2024T11:13:43 - [TEST_STEP][PASSED] - println("b30: " + b30): null

14-10-2024T11:13:43 - [TEST_STEP][PASSED] - if (vir == 1 || vir == 2): Text of object 'Object Repository/Выручка в рублях/span2 Perc' is: '14.04 %'

14-10-2024T11:13:43 - [TEST_STEP][PASSED] - b31 = ").trim(): Text of object 'Object Repository/Выручка в рублях/span2 Perc' is: '14.04 %'

14-10-2024T11:13:43 - [MESSAGE][PASSED] - Text of object 'Object Repository/Выручка в рублях/span2 Perc' is: '14.04 %'

14-10-2024T11:13:43 - [TEST_STEP][PASSED] - if (vir == 1 || vir == 2): Text of object 'Object Repository/Выручка в рублях/span3 Perc' is: '1.47 %'

14-10-2024T11:13:43 - [TEST_STEP][PASSED] - b32 = ").trim(): Text of object 'Object Repository/Выручка в рублях/span3 Perc' is: '1.47 %'

14-10-2024T11:13:43 - [MESSAGE][PASSED] - Text of object 'Object Repository/Выручка в рублях/span3 Perc' is: '1.47 %'

14-10-2024T11:13:43 - [TEST_STEP][PASSED] - if (vir == 1 || vir == 2): Text of object 'Object Repository/Выручка в рублях/span8 Perc' is: '3.36 %'

14-10-2024T11:13:43 - [TEST_STEP][PASSED] - b33 = ").trim(): Text of object 'Object Repository/Выручка в рублях/span4 Perc' is: '0.24 %'

14-10-2024T11:13:44 - [MESSAGE][PASSED] - Text of object 'Object Repository/Выручка в рублях/span4 Perc' is: '0.24 %'

14-10-2024T11:13:44 - [TEST_STEP][PASSED] - b34 = ").trim(): Text of object 'Object Repository/Выручка в рублях/span5 Perc' is: '5.99 %'

14-10-2024T11:13:44 - [MESSAGE][PASSED] - Text of object 'Object Repository/Выручка в рублях/span5 Perc' is: '5.99 %'

14-10-2024T11:13:44 - [TEST_STEP][PASSED] - b35 = ").trim(): Text of object 'Object Repository/Выручка в рублях/span6 Perc' is: '5.58 %'

14-10-2024T11:13:44 - [MESSAGE][PASSED] - Text of object 'Object Repository/Выручка в рублях/span6 Perc' is: '5.58 %'

14-10-2024T11:13:44 - [TEST_STEP][PASSED] - b36 = ").trim(): Text of object 'Object Repository/Выручка в рублях/span7 Perc' is: '5.03 %'

14-10-2024T11:13:45 - [MESSAGE][PASSED] - Text of object 'Object Repository/Выручка в рублях/span7 Perc' is: '5.03 %'

14-10-2024T11:13:45 - [TEST_STEP][PASSED] - b37 = ").trim(): Text of object 'Object Repository/Выручка в рублях/span8 Perc' is: '3.36 %'

14-10-2024T11:13:45 - [MESSAGE][PASSED] - Text of object 'Object Repository/Выручка в рублях/span8 Perc' is: '3.36 %'

14-10-2024T11:13:45 - [TEST_STEP][PASSED] - if (vir == 1 || vir == 2): Text of object 'Object Repository/Выручка в рублях/span17 Perc' is: '3.28 %'

14-10-2024T11:13:45 - [TEST_STEP][PASSED] - b38 = ").trim(): Text of object 'Object Repository/Выручка в рублях/span9 Perc' is: '2.9 %'

14-10-2024T11:13:45 - [MESSAGE][PASSED] - Text of object 'Object Repository/Выручка в рублях/span9 Perc' is: '2.9 %'

14-10-2024T11:13:45 - [TEST_STEP][PASSED] - b39 = ").trim(): Text of object 'Object Repository/Выручка в рублях/span10 Perc' is: '4.21 %'

14-10-2024T11:13:46 - [MESSAGE][PASSED] - Text of object 'Object Repository/Выручка в рублях/span10 Perc' is: '4.21 %'

14-10-2024T11:13:46 - [TEST_STEP][PASSED] - b310 = ").trim(): Text of object 'Object Repository/Выручка в рублях/span11 Perc' is: '3.71 %'

14-10-2024T11:13:46 - [MESSAGE][PASSED] - Text of object 'Object Repository/Выручка в рублях/span11 Perc' is: '3.71 %'

14-10-2024T11:13:46 - [TEST_STEP][PASSED] - b311 = ").trim(): Text of object 'Object Repository/Выручка в рублях/span12 Perc' is: '-6.3 %'

14-10-2024T11:13:46 - [MESSAGE][PASSED] - Text of object 'Object Repository/Выручка в рублях/span12 Perc' is: '-6.3 %'

14-10-2024T11:13:46 - [TEST_STEP][PASSED] - b312 = ").trim(): Text of object 'Object Repository/Выручка в рублях/span13 Perc' is: '2.61 %'

14-10-2024T11:13:46 - [MESSAGE][PASSED] - Text of object 'Object Repository/Выручка в рублях/span13 Perc' is: '2.61 %'

14-10-2024T11:13:46 - [TEST_STEP][PASSED] - b313 = ").trim(): Text of object 'Object Repository/Выручка в рублях/span14 Perc' is: '0.66 %'

14-10-2024T11:13:47 - [MESSAGE][PASSED] - Text of object 'Object Repository/Выручка в рублях/span14 Perc' is: '0.66 %'

14-10-2024T11:13:47 - [TEST_STEP][PASSED] - b314 = ").trim(): Text of object 'Object Repository/Выручка в рублях/span15 Perc' is: '4.55 %'

14-10-2024T11:13:47 - [MESSAGE][PASSED] - Text of object 'Object Repository/Выручка в рублях/span15 Perc' is: '4.55 %'

14-10-2024T11:13:47 - [TEST_STEP][PASSED] - b315 = ").trim(): Text of object 'Object Repository/Выручка в рублях/span16 Perc' is: '4.79 %'

14-10-2024T11:13:47 - [MESSAGE][PASSED] - Text of object 'Object Repository/Выручка в рублях/span16 Perc' is: '4.79 %'

14-10-2024T11:13:47 - [TEST_STEP][PASSED] - b316 = ").trim(): Text of object 'Object Repository/Выручка в рублях/span17 Perc' is: '3.28 %'

14-10-2024T11:13:48 - [MESSAGE][PASSED] - Text of object 'Object Repository/Выручка в рублях/span17 Perc' is: '3.28 %'

14-10-2024T11:13:48 - [TEST_STEP][PASSED] - if (vir == 1 || vir == 2): Text of object 'Object Repository/Выручка в рублях/span18 Perc' is: '3.76 %'

14-10-2024T11:13:48 - [TEST_STEP][PASSED] - b317 = ").trim(): Text of object 'Object Repository/Выручка в рублях/span18 Perc' is: '3.76 %'

14-10-2024T11:13:48 - [MESSAGE][PASSED] - Text of object 'Object Repository/Выручка в рублях/span18 Perc' is: '3.76 %'

14-10-2024T11:13:48 - [TEST_STEP][PASSED] - dZO = "ПАО Россети": null

14-10-2024T11:13:48 - [TEST_STEP][PASSED] - if (verifyEqual(a1, b1) == false): Actual object '938 020' and expected object '938 020' are equal

14-10-2024T11:13:48 - [MESSAGE][PASSED] - Actual object '938 020' and expected object '938 020' are equal

14-10-2024T11:13:48 - [TEST_STEP][PASSED] - if (verifyEqual(a2, b2) == false): Actual object '964 061' and expected object '964 061' are equal

14-10-2024T11:13:48 - [MESSAGE][PASSED] - Actual object '964 061' and expected object '964 061' are equal

14-10-2024T11:13:48 - [TEST_STEP][PASSED] - vidget = "Отклонения": null

14-10-2024T11:13:48 - [TEST_STEP][FAILED] - if (verifyEqual(a30, b30) == false): null

14-10-2024T11:13:48 - [MESSAGE][FAILED] - Unable to verify equal between actual object '-23.85' and expected object '2.78' (Root cause: com.kms.katalon.core.exception.StepFailedException: Actual object '-23.85' and expected object '2.78' are not equal
	at com.kms.katalon.core.keyword.builtin.VerifyEqualKeyword$_verifyEqual_closure1.doCall(VerifyEqualKeyword.groovy:58)
	at com.kms.katalon.core.keyword.builtin.VerifyEqualKeyword$_verifyEqual_closure1.call(VerifyEqualKeyword.groovy)
	at com.kms.katalon.core.keyword.internal.KeywordMain.runKeyword(KeywordMain.groovy:75)
	at com.kms.katalon.core.keyword.builtin.VerifyEqualKeyword.verifyEqual(VerifyEqualKeyword.groovy:63)
	at com.kms.katalon.core.keyword.builtin.VerifyEqualKeyword.execute(VerifyEqualKeyword.groovy:44)
	at com.kms.katalon.core.keyword.internal.KeywordExecutor.executeKeywordForPlatform(KeywordExecutor.groovy:74)
	at com.kms.katalon.core.keyword.BuiltinKeywords.verifyEqual(BuiltinKeywords.groovy:146)
	at jdk.internal.reflect.GeneratedMethodAccessor19.invoke(Unknown Source)
	at java.base/jdk.internal.reflect.DelegatingMethodAccessorImpl.invoke(DelegatingMethodAccessorImpl.java:43)
	at Выручка в рублях сверка дашбордов ПАО Россети.Blocks(Выручка в рублях сверка дашбордов ПАО Россети:357)
	at Выручка в рублях сверка дашбордов ПАО Россети.ViruchkaChange(Выручка в рублях сверка дашбордов ПАО Россети:60)
	at Выручка в рублях сверка дашбордов ПАО Россети.run(Выручка в рублях сверка дашбордов ПАО Россети:55)
	at com.kms.katalon.core.main.ScriptEngine.run(ScriptEngine.java:194)
	at com.kms.katalon.core.main.ScriptEngine.runScriptAsRawText(ScriptEngine.java:119)
	at com.kms.katalon.core.main.TestCaseExecutor.runScript(TestCaseExecutor.java:448)
	at com.kms.katalon.core.main.TestCaseExecutor.doExecute(TestCaseExecutor.java:439)
	at com.kms.katalon.core.main.TestCaseExecutor.processExecutionPhase(TestCaseExecutor.java:418)
	at com.kms.katalon.core.main.TestCaseExecutor.accessMainPhase(TestCaseExecutor.java:410)
	at com.kms.katalon.core.main.TestCaseExecutor.execute(TestCaseExecutor.java:285)
	at com.kms.katalon.core.common.CommonExecutor.accessTestCaseMainPhase(CommonExecutor.java:65)
	at com.kms.katalon.core.main.TestSuiteExecutor.accessTestSuiteMainPhase(TestSuiteExecutor.java:150)
	at com.kms.katalon.core.main.TestSuiteExecutor.execute(TestSuiteExecutor.java:106)
	at com.kms.katalon.core.main.TestCaseMain.startTestSuite(TestCaseMain.java:180)
	at TempTestSuite1728890597227.run(TempTestSuite1728890597227.groovy:35)
	at java.base/jdk.internal.reflect.NativeMethodAccessorImpl.invoke0(Native Method)
	at java.base/jdk.internal.reflect.NativeMethodAccessorImpl.invoke(NativeMethodAccessorImpl.java:77)
	at java.base/jdk.internal.reflect.DelegatingMethodAccessorImpl.invoke(DelegatingMethodAccessorImpl.java:43)
)

14-10-2024T11:13:48 - [TEST_STEP][PASSED] - a = a30.toDouble(): null

14-10-2024T11:13:48 - [TEST_STEP][PASSED] - b = b30.toDouble(): null

14-10-2024T11:13:48 - [TEST_STEP][PASSED] - Script1710234207206.WriteToExcel(todaysDate, run, vir, block, typeOfData, viruchka, vidget, nameOfBlock, a, b, dZO): null

14-10-2024T11:13:48 - [TEST_STEP][PASSED] - println(run): null

14-10-2024T11:13:48 - [TEST_STEP][PASSED] - if (run == 1): null

14-10-2024T11:13:48 - [TEST_STEP][PASSED] - else if (run == 2): null

14-10-2024T11:13:48 - [TEST_STEP][PASSED] - typeOfData = "Проценты": null

14-10-2024T11:13:48 - [TEST_STEP][PASSED] - println("todaysDate:" + todaysDate): null

14-10-2024T11:13:48 - [TEST_STEP][PASSED] - println("typeOfData:" + typeOfData): null

14-10-2024T11:13:48 - [TEST_STEP][PASSED] - viruchka = getText(findTestObject("Выручка в рублях/Фильтр Выручка" + nameOfBlock)): Text of object 'Object Repository/Выручка в рублях/Фильтр Выручка Выручка' is: 'Все'

14-10-2024T11:13:48 - [MESSAGE][PASSED] - Text of object 'Object Repository/Выручка в рублях/Фильтр Выручка Выручка' is: 'Все'

14-10-2024T11:13:48 - [TEST_STEP][PASSED] - println("viruchka" + viruchka): null

14-10-2024T11:13:48 - [TEST_STEP][PASSED] - println("vidget" + vidget): null

14-10-2024T11:13:48 - [TEST_STEP][PASSED] - println("a" + a): null

14-10-2024T11:13:48 - [TEST_STEP][PASSED] - println("b" + b): null

14-10-2024T11:13:48 - [TEST_STEP][PASSED] - sheetName = "Sheet1": null

14-10-2024T11:13:48 - [TEST_STEP][PASSED] - data = findTestData("PlanFact"): null

14-10-2024T11:13:48 - [TEST_STEP][PASSED] - n = data.getRowNumbers() + 1: null

14-10-2024T11:13:48 - [TEST_STEP][PASSED] - period = getText(findTestObject("Выручка в рублях/Фильтр Период")): Text of object 'Object Repository/Выручка в рублях/Фильтр Период' is: 'Июль, Август и 1, 2 кв. 2024 года'

14-10-2024T11:13:49 - [MESSAGE][PASSED] - Text of object 'Object Repository/Выручка в рублях/Фильтр Период' is: 'Июль, Август и 1, 2 кв. 2024 года'

14-10-2024T11:13:49 - [TEST_STEP][PASSED] - println(period): null

14-10-2024T11:13:49 - [TEST_STEP][PASSED] - dashboardName = "Выручка в рублях": null

14-10-2024T11:13:49 - [TEST_STEP][PASSED] - workbook01 = getWorkbook(excelFilePath): null

14-10-2024T11:13:49 - [TEST_STEP][PASSED] - sheet01 = getExcelSheet(workbook01, sheetName): null

14-10-2024T11:13:49 - [TEST_STEP][PASSED] - setValueToCellByIndex(sheet01, n, 0, dashboardName): null

14-10-2024T11:13:49 - [TEST_STEP][PASSED] - setValueToCellByIndex(sheet01, n, 1, dZO): null

14-10-2024T11:13:49 - [TEST_STEP][PASSED] - setValueToCellByIndex(sheet01, n, 2, vidget): null

14-10-2024T11:13:49 - [TEST_STEP][PASSED] - setValueToCellByIndex(sheet01, n, 3, viruchka): null

14-10-2024T11:13:49 - [TEST_STEP][PASSED] - setValueToCellByIndex(sheet01, n, 4, typeOfData): null

14-10-2024T11:13:49 - [TEST_STEP][PASSED] - if (a == null): null

14-10-2024T11:13:49 - [TEST_STEP][PASSED] - else: null

14-10-2024T11:13:49 - [TEST_STEP][PASSED] - setValueToCellByIndex(sheet01, n, 5, a): null

14-10-2024T11:13:49 - [TEST_STEP][PASSED] - if (b == null): null

14-10-2024T11:13:49 - [TEST_STEP][PASSED] - else: null

14-10-2024T11:13:49 - [TEST_STEP][PASSED] - setValueToCellByIndex(sheet01, n, 6, b): null

14-10-2024T11:13:49 - [TEST_STEP][PASSED] - setValueToCellByIndex(sheet01, n, 7, period): null

14-10-2024T11:13:49 - [TEST_STEP][PASSED] - setValueToCellByIndex(sheet01, n, 8, todaysDate): null

14-10-2024T11:13:49 - [TEST_STEP][PASSED] - n = n + 1: null

14-10-2024T11:13:49 - [TEST_STEP][PASSED] - saveWorkbook(excelFilePath, workbook01): null

14-10-2024T11:13:49 - [TEST_STEP][PASSED] - dZO = "АО «Тываэнерго»": null

14-10-2024T11:13:49 - [TEST_STEP][PASSED] - if (verifyEqual(a31, b31) == false): Actual object '14.04' and expected object '14.04' are equal

14-10-2024T11:13:49 - [MESSAGE][PASSED] - Actual object '14.04' and expected object '14.04' are equal

14-10-2024T11:13:49 - [TEST_STEP][PASSED] - dZO = "АО «Чеченэнерго»": null

14-10-2024T11:13:49 - [TEST_STEP][FAILED] - if (verifyEqual(a32, b32) == false): null

14-10-2024T11:13:49 - [MESSAGE][FAILED] - Unable to verify equal between actual object '-49.27' and expected object '1.47' (Root cause: com.kms.katalon.core.exception.StepFailedException: Actual object '-49.27' and expected object '1.47' are not equal
	at com.kms.katalon.core.keyword.builtin.VerifyEqualKeyword$_verifyEqual_closure1.doCall(VerifyEqualKeyword.groovy:58)
	at com.kms.katalon.core.keyword.builtin.VerifyEqualKeyword$_verifyEqual_closure1.call(VerifyEqualKeyword.groovy)
	at com.kms.katalon.core.keyword.internal.KeywordMain.runKeyword(KeywordMain.groovy:75)
	at com.kms.katalon.core.keyword.builtin.VerifyEqualKeyword.verifyEqual(VerifyEqualKeyword.groovy:63)
	at com.kms.katalon.core.keyword.builtin.VerifyEqualKeyword.execute(VerifyEqualKeyword.groovy:44)
	at com.kms.katalon.core.keyword.internal.KeywordExecutor.executeKeywordForPlatform(KeywordExecutor.groovy:74)
	at com.kms.katalon.core.keyword.BuiltinKeywords.verifyEqual(BuiltinKeywords.groovy:146)
	at jdk.internal.reflect.GeneratedMethodAccessor19.invoke(Unknown Source)
	at java.base/jdk.internal.reflect.DelegatingMethodAccessorImpl.invoke(DelegatingMethodAccessorImpl.java:43)
	at Выручка в рублях сверка дашбордов ПАО Россети.Blocks(Выручка в рублях сверка дашбордов ПАО Россети:377)
	at Выручка в рублях сверка дашбордов ПАО Россети.ViruchkaChange(Выручка в рублях сверка дашбордов ПАО Россети:60)
	at Выручка в рублях сверка дашбордов ПАО Россети.run(Выручка в рублях сверка дашбордов ПАО Россети:55)
	at com.kms.katalon.core.main.ScriptEngine.run(ScriptEngine.java:194)
	at com.kms.katalon.core.main.ScriptEngine.runScriptAsRawText(ScriptEngine.java:119)
	at com.kms.katalon.core.main.TestCaseExecutor.runScript(TestCaseExecutor.java:448)
	at com.kms.katalon.core.main.TestCaseExecutor.doExecute(TestCaseExecutor.java:439)
	at com.kms.katalon.core.main.TestCaseExecutor.processExecutionPhase(TestCaseExecutor.java:418)
	at com.kms.katalon.core.main.TestCaseExecutor.accessMainPhase(TestCaseExecutor.java:410)
	at com.kms.katalon.core.main.TestCaseExecutor.execute(TestCaseExecutor.java:285)
	at com.kms.katalon.core.common.CommonExecutor.accessTestCaseMainPhase(CommonExecutor.java:65)
	at com.kms.katalon.core.main.TestSuiteExecutor.accessTestSuiteMainPhase(TestSuiteExecutor.java:150)
	at com.kms.katalon.core.main.TestSuiteExecutor.execute(TestSuiteExecutor.java:106)
	at com.kms.katalon.core.main.TestCaseMain.startTestSuite(TestCaseMain.java:180)
	at TempTestSuite1728890597227.run(TempTestSuite1728890597227.groovy:35)
	at java.base/jdk.internal.reflect.NativeMethodAccessorImpl.invoke0(Native Method)
	at java.base/jdk.internal.reflect.NativeMethodAccessorImpl.invoke(NativeMethodAccessorImpl.java:77)
	at java.base/jdk.internal.reflect.DelegatingMethodAccessorImpl.invoke(DelegatingMethodAccessorImpl.java:43)
)

14-10-2024T11:13:49 - [TEST_STEP][PASSED] - a = a32.toDouble(): null

14-10-2024T11:13:49 - [TEST_STEP][PASSED] - b = b32.toDouble(): null

14-10-2024T11:13:49 - [TEST_STEP][PASSED] - Script1710234207206.WriteToExcel(todaysDate, run, vir, block, typeOfData, viruchka, vidget, nameOfBlock, a, b, dZO): null

14-10-2024T11:13:49 - [TEST_STEP][PASSED] - println(run): null

14-10-2024T11:13:49 - [TEST_STEP][PASSED] - if (run == 1): null

14-10-2024T11:13:49 - [TEST_STEP][PASSED] - else if (run == 2): null

14-10-2024T11:13:49 - [TEST_STEP][PASSED] - typeOfData = "Проценты": null

14-10-2024T11:13:49 - [TEST_STEP][PASSED] - println("todaysDate:" + todaysDate): null

14-10-2024T11:13:49 - [TEST_STEP][PASSED] - println("typeOfData:" + typeOfData): null

14-10-2024T11:13:49 - [TEST_STEP][PASSED] - viruchka = getText(findTestObject("Выручка в рублях/Фильтр Выручка" + nameOfBlock)): Text of object 'Object Repository/Выручка в рублях/Фильтр Выручка Выручка' is: 'Все'

14-10-2024T11:13:50 - [MESSAGE][PASSED] - Text of object 'Object Repository/Выручка в рублях/Фильтр Выручка Выручка' is: 'Все'

14-10-2024T11:13:50 - [TEST_STEP][PASSED] - println("viruchka" + viruchka): null

14-10-2024T11:13:50 - [TEST_STEP][PASSED] - println("vidget" + vidget): null

14-10-2024T11:13:50 - [TEST_STEP][PASSED] - println("a" + a): null

14-10-2024T11:13:50 - [TEST_STEP][PASSED] - println("b" + b): null

14-10-2024T11:13:50 - [TEST_STEP][PASSED] - sheetName = "Sheet1": null

14-10-2024T11:13:50 - [TEST_STEP][PASSED] - data = findTestData("PlanFact"): null

14-10-2024T11:13:50 - [TEST_STEP][PASSED] - n = data.getRowNumbers() + 1: null

14-10-2024T11:13:50 - [TEST_STEP][PASSED] - period = getText(findTestObject("Выручка в рублях/Фильтр Период")): Text of object 'Object Repository/Выручка в рублях/Фильтр Период' is: 'Июль, Август и 1, 2 кв. 2024 года'

14-10-2024T11:13:50 - [MESSAGE][PASSED] - Text of object 'Object Repository/Выручка в рублях/Фильтр Период' is: 'Июль, Август и 1, 2 кв. 2024 года'

14-10-2024T11:13:50 - [TEST_STEP][PASSED] - println(period): null

14-10-2024T11:13:50 - [TEST_STEP][PASSED] - dashboardName = "Выручка в рублях": null

14-10-2024T11:13:50 - [TEST_STEP][PASSED] - workbook01 = getWorkbook(excelFilePath): null

14-10-2024T11:13:50 - [TEST_STEP][PASSED] - sheet01 = getExcelSheet(workbook01, sheetName): null

14-10-2024T11:13:50 - [TEST_STEP][PASSED] - setValueToCellByIndex(sheet01, n, 0, dashboardName): null

14-10-2024T11:13:50 - [TEST_STEP][PASSED] - setValueToCellByIndex(sheet01, n, 1, dZO): null

14-10-2024T11:13:50 - [TEST_STEP][PASSED] - setValueToCellByIndex(sheet01, n, 2, vidget): null

14-10-2024T11:13:50 - [TEST_STEP][PASSED] - setValueToCellByIndex(sheet01, n, 3, viruchka): null

14-10-2024T11:13:50 - [TEST_STEP][PASSED] - setValueToCellByIndex(sheet01, n, 4, typeOfData): null

14-10-2024T11:13:50 - [TEST_STEP][PASSED] - if (a == null): null

14-10-2024T11:13:50 - [TEST_STEP][PASSED] - else: null

14-10-2024T11:13:50 - [TEST_STEP][PASSED] - setValueToCellByIndex(sheet01, n, 5, a): null

14-10-2024T11:13:50 - [TEST_STEP][PASSED] - if (b == null): null

14-10-2024T11:13:50 - [TEST_STEP][PASSED] - else: null

14-10-2024T11:13:50 - [TEST_STEP][PASSED] - setValueToCellByIndex(sheet01, n, 6, b): null

14-10-2024T11:13:50 - [TEST_STEP][PASSED] - setValueToCellByIndex(sheet01, n, 7, period): null

14-10-2024T11:13:50 - [TEST_STEP][PASSED] - setValueToCellByIndex(sheet01, n, 8, todaysDate): null

14-10-2024T11:13:50 - [TEST_STEP][PASSED] - n = n + 1: null

14-10-2024T11:13:50 - [TEST_STEP][PASSED] - saveWorkbook(excelFilePath, workbook01): null

14-10-2024T11:13:50 - [TEST_STEP][PASSED] - dZO = "Россети Волга": null

14-10-2024T11:13:50 - [TEST_STEP][FAILED] - if (verifyEqual(a33, b33) == false): null

14-10-2024T11:13:50 - [MESSAGE][FAILED] - Unable to verify equal between actual object '-49.88' and expected object '0.24' (Root cause: com.kms.katalon.core.exception.StepFailedException: Actual object '-49.88' and expected object '0.24' are not equal
	at com.kms.katalon.core.keyword.builtin.VerifyEqualKeyword$_verifyEqual_closure1.doCall(VerifyEqualKeyword.groovy:58)
	at com.kms.katalon.core.keyword.builtin.VerifyEqualKeyword$_verifyEqual_closure1.call(VerifyEqualKeyword.groovy)
	at com.kms.katalon.core.keyword.internal.KeywordMain.runKeyword(KeywordMain.groovy:75)
	at com.kms.katalon.core.keyword.builtin.VerifyEqualKeyword.verifyEqual(VerifyEqualKeyword.groovy:63)
	at com.kms.katalon.core.keyword.builtin.VerifyEqualKeyword.execute(VerifyEqualKeyword.groovy:44)
	at com.kms.katalon.core.keyword.internal.KeywordExecutor.executeKeywordForPlatform(KeywordExecutor.groovy:74)
	at com.kms.katalon.core.keyword.BuiltinKeywords.verifyEqual(BuiltinKeywords.groovy:146)
	at jdk.internal.reflect.GeneratedMethodAccessor19.invoke(Unknown Source)
	at java.base/jdk.internal.reflect.DelegatingMethodAccessorImpl.invoke(DelegatingMethodAccessorImpl.java:43)
	at Выручка в рублях сверка дашбордов ПАО Россети.Blocks(Выручка в рублях сверка дашбордов ПАО Россети:387)
	at Выручка в рублях сверка дашбордов ПАО Россети.ViruchkaChange(Выручка в рублях сверка дашбордов ПАО Россети:60)
	at Выручка в рублях сверка дашбордов ПАО Россети.run(Выручка в рублях сверка дашбордов ПАО Россети:55)
	at com.kms.katalon.core.main.ScriptEngine.run(ScriptEngine.java:194)
	at com.kms.katalon.core.main.ScriptEngine.runScriptAsRawText(ScriptEngine.java:119)
	at com.kms.katalon.core.main.TestCaseExecutor.runScript(TestCaseExecutor.java:448)
	at com.kms.katalon.core.main.TestCaseExecutor.doExecute(TestCaseExecutor.java:439)
	at com.kms.katalon.core.main.TestCaseExecutor.processExecutionPhase(TestCaseExecutor.java:418)
	at com.kms.katalon.core.main.TestCaseExecutor.accessMainPhase(TestCaseExecutor.java:410)
	at com.kms.katalon.core.main.TestCaseExecutor.execute(TestCaseExecutor.java:285)
	at com.kms.katalon.core.common.CommonExecutor.accessTestCaseMainPhase(CommonExecutor.java:65)
	at com.kms.katalon.core.main.TestSuiteExecutor.accessTestSuiteMainPhase(TestSuiteExecutor.java:150)
	at com.kms.katalon.core.main.TestSuiteExecutor.execute(TestSuiteExecutor.java:106)
	at com.kms.katalon.core.main.TestCaseMain.startTestSuite(TestCaseMain.java:180)
	at TempTestSuite1728890597227.run(TempTestSuite1728890597227.groovy:35)
	at java.base/jdk.internal.reflect.NativeMethodAccessorImpl.invoke0(Native Method)
	at java.base/jdk.internal.reflect.NativeMethodAccessorImpl.invoke(NativeMethodAccessorImpl.java:77)
	at java.base/jdk.internal.reflect.DelegatingMethodAccessorImpl.invoke(DelegatingMethodAccessorImpl.java:43)
)

14-10-2024T11:13:50 - [TEST_STEP][PASSED] - a = a33.toDouble(): null

14-10-2024T11:13:50 - [TEST_STEP][PASSED] - b = b33.toDouble(): null

14-10-2024T11:13:50 - [TEST_STEP][PASSED] - Script1710234207206.WriteToExcel(todaysDate, run, vir, block, typeOfData, viruchka, vidget, nameOfBlock, a, b, dZO): null

14-10-2024T11:13:50 - [TEST_STEP][PASSED] - println(run): null

14-10-2024T11:13:50 - [TEST_STEP][PASSED] - if (run == 1): null

14-10-2024T11:13:50 - [TEST_STEP][PASSED] - else if (run == 2): null

14-10-2024T11:13:50 - [TEST_STEP][PASSED] - typeOfData = "Проценты": null

14-10-2024T11:13:50 - [TEST_STEP][PASSED] - println("todaysDate:" + todaysDate): null

14-10-2024T11:13:50 - [TEST_STEP][PASSED] - println("typeOfData:" + typeOfData): null

14-10-2024T11:13:50 - [TEST_STEP][PASSED] - viruchka = getText(findTestObject("Выручка в рублях/Фильтр Выручка" + nameOfBlock)): Text of object 'Object Repository/Выручка в рублях/Фильтр Выручка Выручка' is: 'Все'

14-10-2024T11:13:51 - [MESSAGE][PASSED] - Text of object 'Object Repository/Выручка в рублях/Фильтр Выручка Выручка' is: 'Все'

14-10-2024T11:13:51 - [TEST_STEP][PASSED] - println("viruchka" + viruchka): null

14-10-2024T11:13:51 - [TEST_STEP][PASSED] - println("vidget" + vidget): null

14-10-2024T11:13:51 - [TEST_STEP][PASSED] - println("a" + a): null

14-10-2024T11:13:51 - [TEST_STEP][PASSED] - println("b" + b): null

14-10-2024T11:13:51 - [TEST_STEP][PASSED] - sheetName = "Sheet1": null

14-10-2024T11:13:51 - [TEST_STEP][PASSED] - data = findTestData("PlanFact"): null

14-10-2024T11:13:51 - [TEST_STEP][PASSED] - n = data.getRowNumbers() + 1: null

14-10-2024T11:13:51 - [TEST_STEP][PASSED] - period = getText(findTestObject("Выручка в рублях/Фильтр Период")): Text of object 'Object Repository/Выручка в рублях/Фильтр Период' is: 'Июль, Август и 1, 2 кв. 2024 года'

14-10-2024T11:13:51 - [MESSAGE][PASSED] - Text of object 'Object Repository/Выручка в рублях/Фильтр Период' is: 'Июль, Август и 1, 2 кв. 2024 года'

14-10-2024T11:13:51 - [TEST_STEP][PASSED] - println(period): null

14-10-2024T11:13:51 - [TEST_STEP][PASSED] - dashboardName = "Выручка в рублях": null

14-10-2024T11:13:51 - [TEST_STEP][PASSED] - workbook01 = getWorkbook(excelFilePath): null

14-10-2024T11:13:51 - [TEST_STEP][PASSED] - sheet01 = getExcelSheet(workbook01, sheetName): null

14-10-2024T11:13:51 - [TEST_STEP][PASSED] - setValueToCellByIndex(sheet01, n, 0, dashboardName): null

14-10-2024T11:13:51 - [TEST_STEP][PASSED] - setValueToCellByIndex(sheet01, n, 1, dZO): null

14-10-2024T11:13:51 - [TEST_STEP][PASSED] - setValueToCellByIndex(sheet01, n, 2, vidget): null

14-10-2024T11:13:51 - [TEST_STEP][PASSED] - setValueToCellByIndex(sheet01, n, 3, viruchka): null

14-10-2024T11:13:51 - [TEST_STEP][PASSED] - setValueToCellByIndex(sheet01, n, 4, typeOfData): null

14-10-2024T11:13:51 - [TEST_STEP][PASSED] - if (a == null): null

14-10-2024T11:13:51 - [TEST_STEP][PASSED] - else: null

14-10-2024T11:13:51 - [TEST_STEP][PASSED] - setValueToCellByIndex(sheet01, n, 5, a): null

14-10-2024T11:13:51 - [TEST_STEP][PASSED] - if (b == null): null

14-10-2024T11:13:51 - [TEST_STEP][PASSED] - else: null

14-10-2024T11:13:51 - [TEST_STEP][PASSED] - setValueToCellByIndex(sheet01, n, 6, b): null

14-10-2024T11:13:51 - [TEST_STEP][PASSED] - setValueToCellByIndex(sheet01, n, 7, period): null

14-10-2024T11:13:51 - [TEST_STEP][PASSED] - setValueToCellByIndex(sheet01, n, 8, todaysDate): null

14-10-2024T11:13:51 - [TEST_STEP][PASSED] - n = n + 1: null

14-10-2024T11:13:51 - [TEST_STEP][PASSED] - saveWorkbook(excelFilePath, workbook01): null

14-10-2024T11:13:51 - [TEST_STEP][PASSED] - dZO = "Россети Кубань": null

14-10-2024T11:13:51 - [TEST_STEP][FAILED] - if (verifyEqual(a34, b34) == false): null

14-10-2024T11:13:51 - [MESSAGE][FAILED] - Unable to verify equal between actual object '-47.01' and expected object '5.99' (Root cause: com.kms.katalon.core.exception.StepFailedException: Actual object '-47.01' and expected object '5.99' are not equal
	at com.kms.katalon.core.keyword.builtin.VerifyEqualKeyword$_verifyEqual_closure1.doCall(VerifyEqualKeyword.groovy:58)
	at com.kms.katalon.core.keyword.builtin.VerifyEqualKeyword$_verifyEqual_closure1.call(VerifyEqualKeyword.groovy)
	at com.kms.katalon.core.keyword.internal.KeywordMain.runKeyword(KeywordMain.groovy:75)
	at com.kms.katalon.core.keyword.builtin.VerifyEqualKeyword.verifyEqual(VerifyEqualKeyword.groovy:63)
	at com.kms.katalon.core.keyword.builtin.VerifyEqualKeyword.execute(VerifyEqualKeyword.groovy:44)
	at com.kms.katalon.core.keyword.internal.KeywordExecutor.executeKeywordForPlatform(KeywordExecutor.groovy:74)
	at com.kms.katalon.core.keyword.BuiltinKeywords.verifyEqual(BuiltinKeywords.groovy:146)
	at jdk.internal.reflect.GeneratedMethodAccessor19.invoke(Unknown Source)
	at java.base/jdk.internal.reflect.DelegatingMethodAccessorImpl.invoke(DelegatingMethodAccessorImpl.java:43)
	at Выручка в рублях сверка дашбордов ПАО Россети.Blocks(Выручка в рублях сверка дашбордов ПАО Россети:397)
	at Выручка в рублях сверка дашбордов ПАО Россети.ViruchkaChange(Выручка в рублях сверка дашбордов ПАО Россети:60)
	at Выручка в рублях сверка дашбордов ПАО Россети.run(Выручка в рублях сверка дашбордов ПАО Россети:55)
	at com.kms.katalon.core.main.ScriptEngine.run(ScriptEngine.java:194)
	at com.kms.katalon.core.main.ScriptEngine.runScriptAsRawText(ScriptEngine.java:119)
	at com.kms.katalon.core.main.TestCaseExecutor.runScript(TestCaseExecutor.java:448)
	at com.kms.katalon.core.main.TestCaseExecutor.doExecute(TestCaseExecutor.java:439)
	at com.kms.katalon.core.main.TestCaseExecutor.processExecutionPhase(TestCaseExecutor.java:418)
	at com.kms.katalon.core.main.TestCaseExecutor.accessMainPhase(TestCaseExecutor.java:410)
	at com.kms.katalon.core.main.TestCaseExecutor.execute(TestCaseExecutor.java:285)
	at com.kms.katalon.core.common.CommonExecutor.accessTestCaseMainPhase(CommonExecutor.java:65)
	at com.kms.katalon.core.main.TestSuiteExecutor.accessTestSuiteMainPhase(TestSuiteExecutor.java:150)
	at com.kms.katalon.core.main.TestSuiteExecutor.execute(TestSuiteExecutor.java:106)
	at com.kms.katalon.core.main.TestCaseMain.startTestSuite(TestCaseMain.java:180)
	at TempTestSuite1728890597227.run(TempTestSuite1728890597227.groovy:35)
	at java.base/jdk.internal.reflect.NativeMethodAccessorImpl.invoke0(Native Method)
	at java.base/jdk.internal.reflect.NativeMethodAccessorImpl.invoke(NativeMethodAccessorImpl.java:77)
	at java.base/jdk.internal.reflect.DelegatingMethodAccessorImpl.invoke(DelegatingMethodAccessorImpl.java:43)
)

14-10-2024T11:13:51 - [TEST_STEP][PASSED] - a = a34.toDouble(): null

14-10-2024T11:13:51 - [TEST_STEP][PASSED] - b = b34.toDouble(): null

14-10-2024T11:13:51 - [TEST_STEP][PASSED] - Script1710234207206.WriteToExcel(todaysDate, run, vir, block, typeOfData, viruchka, vidget, nameOfBlock, a, b, dZO): null

14-10-2024T11:13:51 - [TEST_STEP][PASSED] - println(run): null

14-10-2024T11:13:51 - [TEST_STEP][PASSED] - if (run == 1): null

14-10-2024T11:13:51 - [TEST_STEP][PASSED] - else if (run == 2): null

14-10-2024T11:13:51 - [TEST_STEP][PASSED] - typeOfData = "Проценты": null

14-10-2024T11:13:51 - [TEST_STEP][PASSED] - println("todaysDate:" + todaysDate): null

14-10-2024T11:13:51 - [TEST_STEP][PASSED] - println("typeOfData:" + typeOfData): null

14-10-2024T11:13:51 - [TEST_STEP][PASSED] - viruchka = getText(findTestObject("Выручка в рублях/Фильтр Выручка" + nameOfBlock)): Text of object 'Object Repository/Выручка в рублях/Фильтр Выручка Выручка' is: 'Все'

14-10-2024T11:13:52 - [MESSAGE][PASSED] - Text of object 'Object Repository/Выручка в рублях/Фильтр Выручка Выручка' is: 'Все'

14-10-2024T11:13:52 - [TEST_STEP][PASSED] - println("viruchka" + viruchka): null

14-10-2024T11:13:52 - [TEST_STEP][PASSED] - println("vidget" + vidget): null

14-10-2024T11:13:52 - [TEST_STEP][PASSED] - println("a" + a): null

14-10-2024T11:13:52 - [TEST_STEP][PASSED] - println("b" + b): null

14-10-2024T11:13:52 - [TEST_STEP][PASSED] - sheetName = "Sheet1": null

14-10-2024T11:13:52 - [TEST_STEP][PASSED] - data = findTestData("PlanFact"): null

14-10-2024T11:13:52 - [TEST_STEP][PASSED] - n = data.getRowNumbers() + 1: null

14-10-2024T11:13:52 - [TEST_STEP][PASSED] - period = getText(findTestObject("Выручка в рублях/Фильтр Период")): Text of object 'Object Repository/Выручка в рублях/Фильтр Период' is: 'Июль, Август и 1, 2 кв. 2024 года'

14-10-2024T11:13:52 - [MESSAGE][PASSED] - Text of object 'Object Repository/Выручка в рублях/Фильтр Период' is: 'Июль, Август и 1, 2 кв. 2024 года'

14-10-2024T11:13:52 - [TEST_STEP][PASSED] - println(period): null

14-10-2024T11:13:52 - [TEST_STEP][PASSED] - dashboardName = "Выручка в рублях": null

14-10-2024T11:13:52 - [TEST_STEP][PASSED] - workbook01 = getWorkbook(excelFilePath): null

14-10-2024T11:13:52 - [TEST_STEP][PASSED] - sheet01 = getExcelSheet(workbook01, sheetName): null

14-10-2024T11:13:52 - [TEST_STEP][PASSED] - setValueToCellByIndex(sheet01, n, 0, dashboardName): null

14-10-2024T11:13:52 - [TEST_STEP][PASSED] - setValueToCellByIndex(sheet01, n, 1, dZO): null

14-10-2024T11:13:52 - [TEST_STEP][PASSED] - setValueToCellByIndex(sheet01, n, 2, vidget): null

14-10-2024T11:13:52 - [TEST_STEP][PASSED] - setValueToCellByIndex(sheet01, n, 3, viruchka): null

14-10-2024T11:13:52 - [TEST_STEP][PASSED] - setValueToCellByIndex(sheet01, n, 4, typeOfData): null

14-10-2024T11:13:52 - [TEST_STEP][PASSED] - if (a == null): null

14-10-2024T11:13:52 - [TEST_STEP][PASSED] - else: null

14-10-2024T11:13:52 - [TEST_STEP][PASSED] - setValueToCellByIndex(sheet01, n, 5, a): null

14-10-2024T11:13:52 - [TEST_STEP][PASSED] - if (b == null): null

14-10-2024T11:13:52 - [TEST_STEP][PASSED] - else: null

14-10-2024T11:13:52 - [TEST_STEP][PASSED] - setValueToCellByIndex(sheet01, n, 6, b): null

14-10-2024T11:13:52 - [TEST_STEP][PASSED] - setValueToCellByIndex(sheet01, n, 7, period): null

14-10-2024T11:13:52 - [TEST_STEP][PASSED] - setValueToCellByIndex(sheet01, n, 8, todaysDate): null

14-10-2024T11:13:52 - [TEST_STEP][PASSED] - n = n + 1: null

14-10-2024T11:13:52 - [TEST_STEP][PASSED] - saveWorkbook(excelFilePath, workbook01): null

14-10-2024T11:13:52 - [TEST_STEP][PASSED] - dZO = "Россети Ленэнерго (ГК)": null

14-10-2024T11:13:52 - [TEST_STEP][FAILED] - if (verifyEqual(a35, b35) == false): null

14-10-2024T11:13:52 - [MESSAGE][FAILED] - Unable to verify equal between actual object '-47.21' and expected object '5.58' (Root cause: com.kms.katalon.core.exception.StepFailedException: Actual object '-47.21' and expected object '5.58' are not equal
	at com.kms.katalon.core.keyword.builtin.VerifyEqualKeyword$_verifyEqual_closure1.doCall(VerifyEqualKeyword.groovy:58)
	at com.kms.katalon.core.keyword.builtin.VerifyEqualKeyword$_verifyEqual_closure1.call(VerifyEqualKeyword.groovy)
	at com.kms.katalon.core.keyword.internal.KeywordMain.runKeyword(KeywordMain.groovy:75)
	at com.kms.katalon.core.keyword.builtin.VerifyEqualKeyword.verifyEqual(VerifyEqualKeyword.groovy:63)
	at com.kms.katalon.core.keyword.builtin.VerifyEqualKeyword.execute(VerifyEqualKeyword.groovy:44)
	at com.kms.katalon.core.keyword.internal.KeywordExecutor.executeKeywordForPlatform(KeywordExecutor.groovy:74)
	at com.kms.katalon.core.keyword.BuiltinKeywords.verifyEqual(BuiltinKeywords.groovy:146)
	at jdk.internal.reflect.GeneratedMethodAccessor19.invoke(Unknown Source)
	at java.base/jdk.internal.reflect.DelegatingMethodAccessorImpl.invoke(DelegatingMethodAccessorImpl.java:43)
	at Выручка в рублях сверка дашбордов ПАО Россети.Blocks(Выручка в рублях сверка дашбордов ПАО Россети:407)
	at Выручка в рублях сверка дашбордов ПАО Россети.ViruchkaChange(Выручка в рублях сверка дашбордов ПАО Россети:60)
	at Выручка в рублях сверка дашбордов ПАО Россети.run(Выручка в рублях сверка дашбордов ПАО Россети:55)
	at com.kms.katalon.core.main.ScriptEngine.run(ScriptEngine.java:194)
	at com.kms.katalon.core.main.ScriptEngine.runScriptAsRawText(ScriptEngine.java:119)
	at com.kms.katalon.core.main.TestCaseExecutor.runScript(TestCaseExecutor.java:448)
	at com.kms.katalon.core.main.TestCaseExecutor.doExecute(TestCaseExecutor.java:439)
	at com.kms.katalon.core.main.TestCaseExecutor.processExecutionPhase(TestCaseExecutor.java:418)
	at com.kms.katalon.core.main.TestCaseExecutor.accessMainPhase(TestCaseExecutor.java:410)
	at com.kms.katalon.core.main.TestCaseExecutor.execute(TestCaseExecutor.java:285)
	at com.kms.katalon.core.common.CommonExecutor.accessTestCaseMainPhase(CommonExecutor.java:65)
	at com.kms.katalon.core.main.TestSuiteExecutor.accessTestSuiteMainPhase(TestSuiteExecutor.java:150)
	at com.kms.katalon.core.main.TestSuiteExecutor.execute(TestSuiteExecutor.java:106)
	at com.kms.katalon.core.main.TestCaseMain.startTestSuite(TestCaseMain.java:180)
	at TempTestSuite1728890597227.run(TempTestSuite1728890597227.groovy:35)
	at java.base/jdk.internal.reflect.NativeMethodAccessorImpl.invoke0(Native Method)
	at java.base/jdk.internal.reflect.NativeMethodAccessorImpl.invoke(NativeMethodAccessorImpl.java:77)
	at java.base/jdk.internal.reflect.DelegatingMethodAccessorImpl.invoke(DelegatingMethodAccessorImpl.java:43)
)

14-10-2024T11:13:52 - [TEST_STEP][PASSED] - a = a35.toDouble(): null

14-10-2024T11:13:52 - [TEST_STEP][PASSED] - b = b35.toDouble(): null

14-10-2024T11:13:52 - [TEST_STEP][PASSED] - Script1710234207206.WriteToExcel(todaysDate, run, vir, block, typeOfData, viruchka, vidget, nameOfBlock, a, b, dZO): null

14-10-2024T11:13:52 - [TEST_STEP][PASSED] - println(run): null

14-10-2024T11:13:52 - [TEST_STEP][PASSED] - if (run == 1): null

14-10-2024T11:13:52 - [TEST_STEP][PASSED] - else if (run == 2): null

14-10-2024T11:13:52 - [TEST_STEP][PASSED] - typeOfData = "Проценты": null

14-10-2024T11:13:52 - [TEST_STEP][PASSED] - println("todaysDate:" + todaysDate): null

14-10-2024T11:13:52 - [TEST_STEP][PASSED] - println("typeOfData:" + typeOfData): null

14-10-2024T11:13:52 - [TEST_STEP][PASSED] - viruchka = getText(findTestObject("Выручка в рублях/Фильтр Выручка" + nameOfBlock)): Text of object 'Object Repository/Выручка в рублях/Фильтр Выручка Выручка' is: 'Все'

14-10-2024T11:13:52 - [MESSAGE][PASSED] - Text of object 'Object Repository/Выручка в рублях/Фильтр Выручка Выручка' is: 'Все'

14-10-2024T11:13:52 - [TEST_STEP][PASSED] - println("viruchka" + viruchka): null

14-10-2024T11:13:52 - [TEST_STEP][PASSED] - println("vidget" + vidget): null

14-10-2024T11:13:52 - [TEST_STEP][PASSED] - println("a" + a): null

14-10-2024T11:13:52 - [TEST_STEP][PASSED] - println("b" + b): null

14-10-2024T11:13:52 - [TEST_STEP][PASSED] - sheetName = "Sheet1": null

14-10-2024T11:13:52 - [TEST_STEP][PASSED] - data = findTestData("PlanFact"): null

14-10-2024T11:13:53 - [TEST_STEP][PASSED] - n = data.getRowNumbers() + 1: null

14-10-2024T11:13:53 - [TEST_STEP][PASSED] - period = getText(findTestObject("Выручка в рублях/Фильтр Период")): Text of object 'Object Repository/Выручка в рублях/Фильтр Период' is: 'Июль, Август и 1, 2 кв. 2024 года'

14-10-2024T11:13:53 - [MESSAGE][PASSED] - Text of object 'Object Repository/Выручка в рублях/Фильтр Период' is: 'Июль, Август и 1, 2 кв. 2024 года'

14-10-2024T11:13:53 - [TEST_STEP][PASSED] - println(period): null

14-10-2024T11:13:53 - [TEST_STEP][PASSED] - dashboardName = "Выручка в рублях": null

14-10-2024T11:13:53 - [TEST_STEP][PASSED] - workbook01 = getWorkbook(excelFilePath): null

14-10-2024T11:13:53 - [TEST_STEP][PASSED] - sheet01 = getExcelSheet(workbook01, sheetName): null

14-10-2024T11:13:53 - [TEST_STEP][PASSED] - setValueToCellByIndex(sheet01, n, 0, dashboardName): null

14-10-2024T11:13:53 - [TEST_STEP][PASSED] - setValueToCellByIndex(sheet01, n, 1, dZO): null

14-10-2024T11:13:53 - [TEST_STEP][PASSED] - setValueToCellByIndex(sheet01, n, 2, vidget): null

14-10-2024T11:13:53 - [TEST_STEP][PASSED] - setValueToCellByIndex(sheet01, n, 3, viruchka): null

14-10-2024T11:13:53 - [TEST_STEP][PASSED] - setValueToCellByIndex(sheet01, n, 4, typeOfData): null

14-10-2024T11:13:53 - [TEST_STEP][PASSED] - if (a == null): null

14-10-2024T11:13:53 - [TEST_STEP][PASSED] - else: null

14-10-2024T11:13:53 - [TEST_STEP][PASSED] - setValueToCellByIndex(sheet01, n, 5, a): null

14-10-2024T11:13:53 - [TEST_STEP][PASSED] - if (b == null): null

14-10-2024T11:13:53 - [TEST_STEP][PASSED] - else: null

14-10-2024T11:13:53 - [TEST_STEP][PASSED] - setValueToCellByIndex(sheet01, n, 6, b): null

14-10-2024T11:13:53 - [TEST_STEP][PASSED] - setValueToCellByIndex(sheet01, n, 7, period): null

14-10-2024T11:13:53 - [TEST_STEP][PASSED] - setValueToCellByIndex(sheet01, n, 8, todaysDate): null

14-10-2024T11:13:53 - [TEST_STEP][PASSED] - n = n + 1: null

14-10-2024T11:13:53 - [TEST_STEP][PASSED] - saveWorkbook(excelFilePath, workbook01): null

14-10-2024T11:13:53 - [TEST_STEP][PASSED] - dZO = "Россети Московский регион": null

14-10-2024T11:13:53 - [TEST_STEP][PASSED] - if (verifyEqual(a36, b36) == false): Actual object '5.03' and expected object '5.03' are equal

14-10-2024T11:13:53 - [MESSAGE][PASSED] - Actual object '5.03' and expected object '5.03' are equal

14-10-2024T11:13:53 - [TEST_STEP][PASSED] - dZO = "Россети Северный Кавказ (ГК)": null

14-10-2024T11:13:53 - [TEST_STEP][FAILED] - if (verifyEqual(a37, b37) == false): null

14-10-2024T11:13:53 - [MESSAGE][FAILED] - Unable to verify equal between actual object '-49.2' and expected object '3.36' (Root cause: com.kms.katalon.core.exception.StepFailedException: Actual object '-49.2' and expected object '3.36' are not equal
	at com.kms.katalon.core.keyword.builtin.VerifyEqualKeyword$_verifyEqual_closure1.doCall(VerifyEqualKeyword.groovy:58)
	at com.kms.katalon.core.keyword.builtin.VerifyEqualKeyword$_verifyEqual_closure1.call(VerifyEqualKeyword.groovy)
	at com.kms.katalon.core.keyword.internal.KeywordMain.runKeyword(KeywordMain.groovy:75)
	at com.kms.katalon.core.keyword.builtin.VerifyEqualKeyword.verifyEqual(VerifyEqualKeyword.groovy:63)
	at com.kms.katalon.core.keyword.builtin.VerifyEqualKeyword.execute(VerifyEqualKeyword.groovy:44)
	at com.kms.katalon.core.keyword.internal.KeywordExecutor.executeKeywordForPlatform(KeywordExecutor.groovy:74)
	at com.kms.katalon.core.keyword.BuiltinKeywords.verifyEqual(BuiltinKeywords.groovy:146)
	at jdk.internal.reflect.GeneratedMethodAccessor19.invoke(Unknown Source)
	at java.base/jdk.internal.reflect.DelegatingMethodAccessorImpl.invoke(DelegatingMethodAccessorImpl.java:43)
	at Выручка в рублях сверка дашбордов ПАО Россети.Blocks(Выручка в рублях сверка дашбордов ПАО Россети:427)
	at Выручка в рублях сверка дашбордов ПАО Россети.ViruchkaChange(Выручка в рублях сверка дашбордов ПАО Россети:60)
	at Выручка в рублях сверка дашбордов ПАО Россети.run(Выручка в рублях сверка дашбордов ПАО Россети:55)
	at com.kms.katalon.core.main.ScriptEngine.run(ScriptEngine.java:194)
	at com.kms.katalon.core.main.ScriptEngine.runScriptAsRawText(ScriptEngine.java:119)
	at com.kms.katalon.core.main.TestCaseExecutor.runScript(TestCaseExecutor.java:448)
	at com.kms.katalon.core.main.TestCaseExecutor.doExecute(TestCaseExecutor.java:439)
	at com.kms.katalon.core.main.TestCaseExecutor.processExecutionPhase(TestCaseExecutor.java:418)
	at com.kms.katalon.core.main.TestCaseExecutor.accessMainPhase(TestCaseExecutor.java:410)
	at com.kms.katalon.core.main.TestCaseExecutor.execute(TestCaseExecutor.java:285)
	at com.kms.katalon.core.common.CommonExecutor.accessTestCaseMainPhase(CommonExecutor.java:65)
	at com.kms.katalon.core.main.TestSuiteExecutor.accessTestSuiteMainPhase(TestSuiteExecutor.java:150)
	at com.kms.katalon.core.main.TestSuiteExecutor.execute(TestSuiteExecutor.java:106)
	at com.kms.katalon.core.main.TestCaseMain.startTestSuite(TestCaseMain.java:180)
	at TempTestSuite1728890597227.run(TempTestSuite1728890597227.groovy:35)
	at java.base/jdk.internal.reflect.NativeMethodAccessorImpl.invoke0(Native Method)
	at java.base/jdk.internal.reflect.NativeMethodAccessorImpl.invoke(NativeMethodAccessorImpl.java:77)
	at java.base/jdk.internal.reflect.DelegatingMethodAccessorImpl.invoke(DelegatingMethodAccessorImpl.java:43)
)

14-10-2024T11:13:53 - [TEST_STEP][PASSED] - a = a37.toDouble(): null

14-10-2024T11:13:53 - [TEST_STEP][PASSED] - b = b37.toDouble(): null

14-10-2024T11:13:53 - [TEST_STEP][PASSED] - Script1710234207206.WriteToExcel(todaysDate, run, vir, block, typeOfData, viruchka, vidget, nameOfBlock, a, b, dZO): null

14-10-2024T11:13:53 - [TEST_STEP][PASSED] - println(run): null

14-10-2024T11:13:53 - [TEST_STEP][PASSED] - if (run == 1): null

14-10-2024T11:13:53 - [TEST_STEP][PASSED] - else if (run == 2): null

14-10-2024T11:13:53 - [TEST_STEP][PASSED] - typeOfData = "Проценты": null

14-10-2024T11:13:53 - [TEST_STEP][PASSED] - println("todaysDate:" + todaysDate): null

14-10-2024T11:13:53 - [TEST_STEP][PASSED] - println("typeOfData:" + typeOfData): null

14-10-2024T11:13:53 - [TEST_STEP][PASSED] - viruchka = getText(findTestObject("Выручка в рублях/Фильтр Выручка" + nameOfBlock)): Text of object 'Object Repository/Выручка в рублях/Фильтр Выручка Выручка' is: 'Все'

14-10-2024T11:13:53 - [MESSAGE][PASSED] - Text of object 'Object Repository/Выручка в рублях/Фильтр Выручка Выручка' is: 'Все'

14-10-2024T11:13:53 - [TEST_STEP][PASSED] - println("viruchka" + viruchka): null

14-10-2024T11:13:53 - [TEST_STEP][PASSED] - println("vidget" + vidget): null

14-10-2024T11:13:53 - [TEST_STEP][PASSED] - println("a" + a): null

14-10-2024T11:13:53 - [TEST_STEP][PASSED] - println("b" + b): null

14-10-2024T11:13:53 - [TEST_STEP][PASSED] - sheetName = "Sheet1": null

14-10-2024T11:13:53 - [TEST_STEP][PASSED] - data = findTestData("PlanFact"): null

14-10-2024T11:13:53 - [TEST_STEP][PASSED] - n = data.getRowNumbers() + 1: null

14-10-2024T11:13:53 - [TEST_STEP][PASSED] - period = getText(findTestObject("Выручка в рублях/Фильтр Период")): Text of object 'Object Repository/Выручка в рублях/Фильтр Период' is: 'Июль, Август и 1, 2 кв. 2024 года'

14-10-2024T11:13:54 - [MESSAGE][PASSED] - Text of object 'Object Repository/Выручка в рублях/Фильтр Период' is: 'Июль, Август и 1, 2 кв. 2024 года'

14-10-2024T11:13:54 - [TEST_STEP][PASSED] - println(period): null

14-10-2024T11:13:54 - [TEST_STEP][PASSED] - dashboardName = "Выручка в рублях": null

14-10-2024T11:13:54 - [TEST_STEP][PASSED] - workbook01 = getWorkbook(excelFilePath): null

14-10-2024T11:13:54 - [TEST_STEP][PASSED] - sheet01 = getExcelSheet(workbook01, sheetName): null

14-10-2024T11:13:54 - [TEST_STEP][PASSED] - setValueToCellByIndex(sheet01, n, 0, dashboardName): null

14-10-2024T11:13:54 - [TEST_STEP][PASSED] - setValueToCellByIndex(sheet01, n, 1, dZO): null

14-10-2024T11:13:54 - [TEST_STEP][PASSED] - setValueToCellByIndex(sheet01, n, 2, vidget): null

14-10-2024T11:13:54 - [TEST_STEP][PASSED] - setValueToCellByIndex(sheet01, n, 3, viruchka): null

14-10-2024T11:13:54 - [TEST_STEP][PASSED] - setValueToCellByIndex(sheet01, n, 4, typeOfData): null

14-10-2024T11:13:54 - [TEST_STEP][PASSED] - if (a == null): null

14-10-2024T11:13:54 - [TEST_STEP][PASSED] - else: null

14-10-2024T11:13:54 - [TEST_STEP][PASSED] - setValueToCellByIndex(sheet01, n, 5, a): null

14-10-2024T11:13:54 - [TEST_STEP][PASSED] - if (b == null): null

14-10-2024T11:13:54 - [TEST_STEP][PASSED] - else: null

14-10-2024T11:13:54 - [TEST_STEP][PASSED] - setValueToCellByIndex(sheet01, n, 6, b): null

14-10-2024T11:13:54 - [TEST_STEP][PASSED] - setValueToCellByIndex(sheet01, n, 7, period): null

14-10-2024T11:13:54 - [TEST_STEP][PASSED] - setValueToCellByIndex(sheet01, n, 8, todaysDate): null

14-10-2024T11:13:54 - [TEST_STEP][PASSED] - n = n + 1: null

14-10-2024T11:13:54 - [TEST_STEP][PASSED] - saveWorkbook(excelFilePath, workbook01): null

14-10-2024T11:13:54 - [TEST_STEP][PASSED] - dZO = "Россети Северо-Запад": null

14-10-2024T11:13:54 - [TEST_STEP][PASSED] - if (verifyEqual(a38, b38) == false): Actual object '2.9' and expected object '2.9' are equal

14-10-2024T11:13:54 - [MESSAGE][PASSED] - Actual object '2.9' and expected object '2.9' are equal

14-10-2024T11:13:54 - [TEST_STEP][PASSED] - dZO = "Россети Сибирь (ГК)": null

14-10-2024T11:13:54 - [TEST_STEP][PASSED] - if (verifyEqual(a39, b39) == false): Actual object '4.21' and expected object '4.21' are equal

14-10-2024T11:13:54 - [MESSAGE][PASSED] - Actual object '4.21' and expected object '4.21' are equal

14-10-2024T11:13:54 - [TEST_STEP][PASSED] - dZO = "Россети Томск": null

14-10-2024T11:13:54 - [TEST_STEP][FAILED] - if (verifyEqual(a310, b310) == false): null

14-10-2024T11:13:54 - [MESSAGE][FAILED] - Unable to verify equal between actual object '-48.15' and expected object '3.71' (Root cause: com.kms.katalon.core.exception.StepFailedException: Actual object '-48.15' and expected object '3.71' are not equal
	at com.kms.katalon.core.keyword.builtin.VerifyEqualKeyword$_verifyEqual_closure1.doCall(VerifyEqualKeyword.groovy:58)
	at com.kms.katalon.core.keyword.builtin.VerifyEqualKeyword$_verifyEqual_closure1.call(VerifyEqualKeyword.groovy)
	at com.kms.katalon.core.keyword.internal.KeywordMain.runKeyword(KeywordMain.groovy:75)
	at com.kms.katalon.core.keyword.builtin.VerifyEqualKeyword.verifyEqual(VerifyEqualKeyword.groovy:63)
	at com.kms.katalon.core.keyword.builtin.VerifyEqualKeyword.execute(VerifyEqualKeyword.groovy:44)
	at com.kms.katalon.core.keyword.internal.KeywordExecutor.executeKeywordForPlatform(KeywordExecutor.groovy:74)
	at com.kms.katalon.core.keyword.BuiltinKeywords.verifyEqual(BuiltinKeywords.groovy:146)
	at jdk.internal.reflect.GeneratedMethodAccessor19.invoke(Unknown Source)
	at java.base/jdk.internal.reflect.DelegatingMethodAccessorImpl.invoke(DelegatingMethodAccessorImpl.java:43)
	at Выручка в рублях сверка дашбордов ПАО Россети.Blocks(Выручка в рублях сверка дашбордов ПАО Россети:457)
	at Выручка в рублях сверка дашбордов ПАО Россети.ViruchkaChange(Выручка в рублях сверка дашбордов ПАО Россети:60)
	at Выручка в рублях сверка дашбордов ПАО Россети.run(Выручка в рублях сверка дашбордов ПАО Россети:55)
	at com.kms.katalon.core.main.ScriptEngine.run(ScriptEngine.java:194)
	at com.kms.katalon.core.main.ScriptEngine.runScriptAsRawText(ScriptEngine.java:119)
	at com.kms.katalon.core.main.TestCaseExecutor.runScript(TestCaseExecutor.java:448)
	at com.kms.katalon.core.main.TestCaseExecutor.doExecute(TestCaseExecutor.java:439)
	at com.kms.katalon.core.main.TestCaseExecutor.processExecutionPhase(TestCaseExecutor.java:418)
	at com.kms.katalon.core.main.TestCaseExecutor.accessMainPhase(TestCaseExecutor.java:410)
	at com.kms.katalon.core.main.TestCaseExecutor.execute(TestCaseExecutor.java:285)
	at com.kms.katalon.core.common.CommonExecutor.accessTestCaseMainPhase(CommonExecutor.java:65)
	at com.kms.katalon.core.main.TestSuiteExecutor.accessTestSuiteMainPhase(TestSuiteExecutor.java:150)
	at com.kms.katalon.core.main.TestSuiteExecutor.execute(TestSuiteExecutor.java:106)
	at com.kms.katalon.core.main.TestCaseMain.startTestSuite(TestCaseMain.java:180)
	at TempTestSuite1728890597227.run(TempTestSuite1728890597227.groovy:35)
	at java.base/jdk.internal.reflect.NativeMethodAccessorImpl.invoke0(Native Method)
	at java.base/jdk.internal.reflect.NativeMethodAccessorImpl.invoke(NativeMethodAccessorImpl.java:77)
	at java.base/jdk.internal.reflect.DelegatingMethodAccessorImpl.invoke(DelegatingMethodAccessorImpl.java:43)
)

14-10-2024T11:13:54 - [TEST_STEP][PASSED] - a = a310.toDouble(): null

14-10-2024T11:13:54 - [TEST_STEP][PASSED] - b = b310.toDouble(): null

14-10-2024T11:13:54 - [TEST_STEP][PASSED] - Script1710234207206.WriteToExcel(todaysDate, run, vir, block, typeOfData, viruchka, vidget, nameOfBlock, a, b, dZO): null

14-10-2024T11:13:54 - [TEST_STEP][PASSED] - println(run): null

14-10-2024T11:13:54 - [TEST_STEP][PASSED] - if (run == 1): null

14-10-2024T11:13:54 - [TEST_STEP][PASSED] - else if (run == 2): null

14-10-2024T11:13:54 - [TEST_STEP][PASSED] - typeOfData = "Проценты": null

14-10-2024T11:13:54 - [TEST_STEP][PASSED] - println("todaysDate:" + todaysDate): null

14-10-2024T11:13:54 - [TEST_STEP][PASSED] - println("typeOfData:" + typeOfData): null

14-10-2024T11:13:54 - [TEST_STEP][PASSED] - viruchka = getText(findTestObject("Выручка в рублях/Фильтр Выручка" + nameOfBlock)): Text of object 'Object Repository/Выручка в рублях/Фильтр Выручка Выручка' is: 'Все'

14-10-2024T11:13:54 - [MESSAGE][PASSED] - Text of object 'Object Repository/Выручка в рублях/Фильтр Выручка Выручка' is: 'Все'

14-10-2024T11:13:54 - [TEST_STEP][PASSED] - println("viruchka" + viruchka): null

14-10-2024T11:13:54 - [TEST_STEP][PASSED] - println("vidget" + vidget): null

14-10-2024T11:13:54 - [TEST_STEP][PASSED] - println("a" + a): null

14-10-2024T11:13:54 - [TEST_STEP][PASSED] - println("b" + b): null

14-10-2024T11:13:54 - [TEST_STEP][PASSED] - sheetName = "Sheet1": null

14-10-2024T11:13:54 - [TEST_STEP][PASSED] - data = findTestData("PlanFact"): null

14-10-2024T11:13:54 - [TEST_STEP][PASSED] - n = data.getRowNumbers() + 1: null

14-10-2024T11:13:54 - [TEST_STEP][PASSED] - period = getText(findTestObject("Выручка в рублях/Фильтр Период")): Text of object 'Object Repository/Выручка в рублях/Фильтр Период' is: 'Июль, Август и 1, 2 кв. 2024 года'

14-10-2024T11:13:55 - [MESSAGE][PASSED] - Text of object 'Object Repository/Выручка в рублях/Фильтр Период' is: 'Июль, Август и 1, 2 кв. 2024 года'

14-10-2024T11:13:55 - [TEST_STEP][PASSED] - println(period): null

14-10-2024T11:13:55 - [TEST_STEP][PASSED] - dashboardName = "Выручка в рублях": null

14-10-2024T11:13:55 - [TEST_STEP][PASSED] - workbook01 = getWorkbook(excelFilePath): null

14-10-2024T11:13:55 - [TEST_STEP][PASSED] - sheet01 = getExcelSheet(workbook01, sheetName): null

14-10-2024T11:13:55 - [TEST_STEP][PASSED] - setValueToCellByIndex(sheet01, n, 0, dashboardName): null

14-10-2024T11:13:55 - [TEST_STEP][PASSED] - setValueToCellByIndex(sheet01, n, 1, dZO): null

14-10-2024T11:13:55 - [TEST_STEP][PASSED] - setValueToCellByIndex(sheet01, n, 2, vidget): null

14-10-2024T11:13:55 - [TEST_STEP][PASSED] - setValueToCellByIndex(sheet01, n, 3, viruchka): null

14-10-2024T11:13:55 - [TEST_STEP][PASSED] - setValueToCellByIndex(sheet01, n, 4, typeOfData): null

14-10-2024T11:13:55 - [TEST_STEP][PASSED] - if (a == null): null

14-10-2024T11:13:55 - [TEST_STEP][PASSED] - else: null

14-10-2024T11:13:55 - [TEST_STEP][PASSED] - setValueToCellByIndex(sheet01, n, 5, a): null

14-10-2024T11:13:55 - [TEST_STEP][PASSED] - if (b == null): null

14-10-2024T11:13:55 - [TEST_STEP][PASSED] - else: null

14-10-2024T11:13:55 - [TEST_STEP][PASSED] - setValueToCellByIndex(sheet01, n, 6, b): null

14-10-2024T11:13:55 - [TEST_STEP][PASSED] - setValueToCellByIndex(sheet01, n, 7, period): null

14-10-2024T11:13:55 - [TEST_STEP][PASSED] - setValueToCellByIndex(sheet01, n, 8, todaysDate): null

14-10-2024T11:13:55 - [TEST_STEP][PASSED] - n = n + 1: null

14-10-2024T11:13:55 - [TEST_STEP][PASSED] - saveWorkbook(excelFilePath, workbook01): null

14-10-2024T11:13:55 - [TEST_STEP][PASSED] - dZO = "Россети Тюмень": null

14-10-2024T11:13:55 - [TEST_STEP][FAILED] - if (verifyEqual(a311, b311) == false): null

14-10-2024T11:13:55 - [MESSAGE][FAILED] - Unable to verify equal between actual object '-53.15' and expected object '-6.3' (Root cause: com.kms.katalon.core.exception.StepFailedException: Actual object '-53.15' and expected object '-6.3' are not equal
	at com.kms.katalon.core.keyword.builtin.VerifyEqualKeyword$_verifyEqual_closure1.doCall(VerifyEqualKeyword.groovy:58)
	at com.kms.katalon.core.keyword.builtin.VerifyEqualKeyword$_verifyEqual_closure1.call(VerifyEqualKeyword.groovy)
	at com.kms.katalon.core.keyword.internal.KeywordMain.runKeyword(KeywordMain.groovy:75)
	at com.kms.katalon.core.keyword.builtin.VerifyEqualKeyword.verifyEqual(VerifyEqualKeyword.groovy:63)
	at com.kms.katalon.core.keyword.builtin.VerifyEqualKeyword.execute(VerifyEqualKeyword.groovy:44)
	at com.kms.katalon.core.keyword.internal.KeywordExecutor.executeKeywordForPlatform(KeywordExecutor.groovy:74)
	at com.kms.katalon.core.keyword.BuiltinKeywords.verifyEqual(BuiltinKeywords.groovy:146)
	at jdk.internal.reflect.GeneratedMethodAccessor19.invoke(Unknown Source)
	at java.base/jdk.internal.reflect.DelegatingMethodAccessorImpl.invoke(DelegatingMethodAccessorImpl.java:43)
	at Выручка в рублях сверка дашбордов ПАО Россети.Blocks(Выручка в рублях сверка дашбордов ПАО Россети:467)
	at Выручка в рублях сверка дашбордов ПАО Россети.ViruchkaChange(Выручка в рублях сверка дашбордов ПАО Россети:60)
	at Выручка в рублях сверка дашбордов ПАО Россети.run(Выручка в рублях сверка дашбордов ПАО Россети:55)
	at com.kms.katalon.core.main.ScriptEngine.run(ScriptEngine.java:194)
	at com.kms.katalon.core.main.ScriptEngine.runScriptAsRawText(ScriptEngine.java:119)
	at com.kms.katalon.core.main.TestCaseExecutor.runScript(TestCaseExecutor.java:448)
	at com.kms.katalon.core.main.TestCaseExecutor.doExecute(TestCaseExecutor.java:439)
	at com.kms.katalon.core.main.TestCaseExecutor.processExecutionPhase(TestCaseExecutor.java:418)
	at com.kms.katalon.core.main.TestCaseExecutor.accessMainPhase(TestCaseExecutor.java:410)
	at com.kms.katalon.core.main.TestCaseExecutor.execute(TestCaseExecutor.java:285)
	at com.kms.katalon.core.common.CommonExecutor.accessTestCaseMainPhase(CommonExecutor.java:65)
	at com.kms.katalon.core.main.TestSuiteExecutor.accessTestSuiteMainPhase(TestSuiteExecutor.java:150)
	at com.kms.katalon.core.main.TestSuiteExecutor.execute(TestSuiteExecutor.java:106)
	at com.kms.katalon.core.main.TestCaseMain.startTestSuite(TestCaseMain.java:180)
	at TempTestSuite1728890597227.run(TempTestSuite1728890597227.groovy:35)
	at java.base/jdk.internal.reflect.NativeMethodAccessorImpl.invoke0(Native Method)
	at java.base/jdk.internal.reflect.NativeMethodAccessorImpl.invoke(NativeMethodAccessorImpl.java:77)
	at java.base/jdk.internal.reflect.DelegatingMethodAccessorImpl.invoke(DelegatingMethodAccessorImpl.java:43)
)

14-10-2024T11:13:55 - [TEST_STEP][PASSED] - a = a311.toDouble(): null

14-10-2024T11:13:55 - [TEST_STEP][PASSED] - b = b311.toDouble(): null

14-10-2024T11:13:55 - [TEST_STEP][PASSED] - Script1710234207206.WriteToExcel(todaysDate, run, vir, block, typeOfData, viruchka, vidget, nameOfBlock, a, b, dZO): null

14-10-2024T11:13:55 - [TEST_STEP][PASSED] - println(run): null

14-10-2024T11:13:55 - [TEST_STEP][PASSED] - if (run == 1): null

14-10-2024T11:13:55 - [TEST_STEP][PASSED] - else if (run == 2): null

14-10-2024T11:13:55 - [TEST_STEP][PASSED] - typeOfData = "Проценты": null

14-10-2024T11:13:55 - [TEST_STEP][PASSED] - println("todaysDate:" + todaysDate): null

14-10-2024T11:13:55 - [TEST_STEP][PASSED] - println("typeOfData:" + typeOfData): null

14-10-2024T11:13:55 - [TEST_STEP][PASSED] - viruchka = getText(findTestObject("Выручка в рублях/Фильтр Выручка" + nameOfBlock)): Text of object 'Object Repository/Выручка в рублях/Фильтр Выручка Выручка' is: 'Все'

14-10-2024T11:13:55 - [MESSAGE][PASSED] - Text of object 'Object Repository/Выручка в рублях/Фильтр Выручка Выручка' is: 'Все'

14-10-2024T11:13:55 - [TEST_STEP][PASSED] - println("viruchka" + viruchka): null

14-10-2024T11:13:55 - [TEST_STEP][PASSED] - println("vidget" + vidget): null

14-10-2024T11:13:55 - [TEST_STEP][PASSED] - println("a" + a): null

14-10-2024T11:13:55 - [TEST_STEP][PASSED] - println("b" + b): null

14-10-2024T11:13:55 - [TEST_STEP][PASSED] - sheetName = "Sheet1": null

14-10-2024T11:13:55 - [TEST_STEP][PASSED] - data = findTestData("PlanFact"): null

14-10-2024T11:13:55 - [TEST_STEP][PASSED] - n = data.getRowNumbers() + 1: null

14-10-2024T11:13:55 - [TEST_STEP][PASSED] - period = getText(findTestObject("Выручка в рублях/Фильтр Период")): Text of object 'Object Repository/Выручка в рублях/Фильтр Период' is: 'Июль, Август и 1, 2 кв. 2024 года'

14-10-2024T11:13:56 - [MESSAGE][PASSED] - Text of object 'Object Repository/Выручка в рублях/Фильтр Период' is: 'Июль, Август и 1, 2 кв. 2024 года'

14-10-2024T11:13:56 - [TEST_STEP][PASSED] - println(period): null

14-10-2024T11:13:56 - [TEST_STEP][PASSED] - dashboardName = "Выручка в рублях": null

14-10-2024T11:13:56 - [TEST_STEP][PASSED] - workbook01 = getWorkbook(excelFilePath): null

14-10-2024T11:13:56 - [TEST_STEP][PASSED] - sheet01 = getExcelSheet(workbook01, sheetName): null

14-10-2024T11:13:56 - [TEST_STEP][PASSED] - setValueToCellByIndex(sheet01, n, 0, dashboardName): null

14-10-2024T11:13:56 - [TEST_STEP][PASSED] - setValueToCellByIndex(sheet01, n, 1, dZO): null

14-10-2024T11:13:56 - [TEST_STEP][PASSED] - setValueToCellByIndex(sheet01, n, 2, vidget): null

14-10-2024T11:13:56 - [TEST_STEP][PASSED] - setValueToCellByIndex(sheet01, n, 3, viruchka): null

14-10-2024T11:13:56 - [TEST_STEP][PASSED] - setValueToCellByIndex(sheet01, n, 4, typeOfData): null

14-10-2024T11:13:56 - [TEST_STEP][PASSED] - if (a == null): null

14-10-2024T11:13:56 - [TEST_STEP][PASSED] - else: null

14-10-2024T11:13:56 - [TEST_STEP][PASSED] - setValueToCellByIndex(sheet01, n, 5, a): null

14-10-2024T11:13:56 - [TEST_STEP][PASSED] - if (b == null): null

14-10-2024T11:13:56 - [TEST_STEP][PASSED] - else: null

14-10-2024T11:13:56 - [TEST_STEP][PASSED] - setValueToCellByIndex(sheet01, n, 6, b): null

14-10-2024T11:13:56 - [TEST_STEP][PASSED] - setValueToCellByIndex(sheet01, n, 7, period): null

14-10-2024T11:13:56 - [TEST_STEP][PASSED] - setValueToCellByIndex(sheet01, n, 8, todaysDate): null

14-10-2024T11:13:56 - [TEST_STEP][PASSED] - n = n + 1: null

14-10-2024T11:13:56 - [TEST_STEP][PASSED] - saveWorkbook(excelFilePath, workbook01): null

14-10-2024T11:13:56 - [TEST_STEP][PASSED] - dZO = "Россети Урал (ГК)": null

14-10-2024T11:13:56 - [TEST_STEP][PASSED] - if (verifyEqual(a312, b312) == false): Actual object '2.61' and expected object '2.61' are equal

14-10-2024T11:13:56 - [MESSAGE][PASSED] - Actual object '2.61' and expected object '2.61' are equal

14-10-2024T11:13:56 - [TEST_STEP][PASSED] - dZO = "Россети ФСК ЕЭС": null

14-10-2024T11:13:56 - [TEST_STEP][PASSED] - if (verifyEqual(a313, b313) == false): Actual object '0.66' and expected object '0.66' are equal

14-10-2024T11:13:56 - [MESSAGE][PASSED] - Actual object '0.66' and expected object '0.66' are equal

14-10-2024T11:13:56 - [TEST_STEP][PASSED] - dZO = "Россети Центр": null

14-10-2024T11:13:56 - [TEST_STEP][FAILED] - if (verifyEqual(a314, b314) == false): null

14-10-2024T11:13:56 - [MESSAGE][FAILED] - Unable to verify equal between actual object '-32.03' and expected object '4.55' (Root cause: com.kms.katalon.core.exception.StepFailedException: Actual object '-32.03' and expected object '4.55' are not equal
	at com.kms.katalon.core.keyword.builtin.VerifyEqualKeyword$_verifyEqual_closure1.doCall(VerifyEqualKeyword.groovy:58)
	at com.kms.katalon.core.keyword.builtin.VerifyEqualKeyword$_verifyEqual_closure1.call(VerifyEqualKeyword.groovy)
	at com.kms.katalon.core.keyword.internal.KeywordMain.runKeyword(KeywordMain.groovy:75)
	at com.kms.katalon.core.keyword.builtin.VerifyEqualKeyword.verifyEqual(VerifyEqualKeyword.groovy:63)
	at com.kms.katalon.core.keyword.builtin.VerifyEqualKeyword.execute(VerifyEqualKeyword.groovy:44)
	at com.kms.katalon.core.keyword.internal.KeywordExecutor.executeKeywordForPlatform(KeywordExecutor.groovy:74)
	at com.kms.katalon.core.keyword.BuiltinKeywords.verifyEqual(BuiltinKeywords.groovy:146)
	at jdk.internal.reflect.GeneratedMethodAccessor19.invoke(Unknown Source)
	at java.base/jdk.internal.reflect.DelegatingMethodAccessorImpl.invoke(DelegatingMethodAccessorImpl.java:43)
	at Выручка в рублях сверка дашбордов ПАО Россети.Blocks(Выручка в рублях сверка дашбордов ПАО Россети:497)
	at Выручка в рублях сверка дашбордов ПАО Россети.ViruchkaChange(Выручка в рублях сверка дашбордов ПАО Россети:60)
	at Выручка в рублях сверка дашбордов ПАО Россети.run(Выручка в рублях сверка дашбордов ПАО Россети:55)
	at com.kms.katalon.core.main.ScriptEngine.run(ScriptEngine.java:194)
	at com.kms.katalon.core.main.ScriptEngine.runScriptAsRawText(ScriptEngine.java:119)
	at com.kms.katalon.core.main.TestCaseExecutor.runScript(TestCaseExecutor.java:448)
	at com.kms.katalon.core.main.TestCaseExecutor.doExecute(TestCaseExecutor.java:439)
	at com.kms.katalon.core.main.TestCaseExecutor.processExecutionPhase(TestCaseExecutor.java:418)
	at com.kms.katalon.core.main.TestCaseExecutor.accessMainPhase(TestCaseExecutor.java:410)
	at com.kms.katalon.core.main.TestCaseExecutor.execute(TestCaseExecutor.java:285)
	at com.kms.katalon.core.common.CommonExecutor.accessTestCaseMainPhase(CommonExecutor.java:65)
	at com.kms.katalon.core.main.TestSuiteExecutor.accessTestSuiteMainPhase(TestSuiteExecutor.java:150)
	at com.kms.katalon.core.main.TestSuiteExecutor.execute(TestSuiteExecutor.java:106)
	at com.kms.katalon.core.main.TestCaseMain.startTestSuite(TestCaseMain.java:180)
	at TempTestSuite1728890597227.run(TempTestSuite1728890597227.groovy:35)
	at java.base/jdk.internal.reflect.NativeMethodAccessorImpl.invoke0(Native Method)
	at java.base/jdk.internal.reflect.NativeMethodAccessorImpl.invoke(NativeMethodAccessorImpl.java:77)
	at java.base/jdk.internal.reflect.DelegatingMethodAccessorImpl.invoke(DelegatingMethodAccessorImpl.java:43)
)

14-10-2024T11:13:56 - [TEST_STEP][PASSED] - a = a314.toDouble(): null

14-10-2024T11:13:56 - [TEST_STEP][PASSED] - b = b314.toDouble(): null

14-10-2024T11:13:56 - [TEST_STEP][PASSED] - Script1710234207206.WriteToExcel(todaysDate, run, vir, block, typeOfData, viruchka, vidget, nameOfBlock, a, b, dZO): null

14-10-2024T11:13:56 - [TEST_STEP][PASSED] - println(run): null

14-10-2024T11:13:56 - [TEST_STEP][PASSED] - if (run == 1): null

14-10-2024T11:13:56 - [TEST_STEP][PASSED] - else if (run == 2): null

14-10-2024T11:13:56 - [TEST_STEP][PASSED] - typeOfData = "Проценты": null

14-10-2024T11:13:56 - [TEST_STEP][PASSED] - println("todaysDate:" + todaysDate): null

14-10-2024T11:13:56 - [TEST_STEP][PASSED] - println("typeOfData:" + typeOfData): null

14-10-2024T11:13:56 - [TEST_STEP][PASSED] - viruchka = getText(findTestObject("Выручка в рублях/Фильтр Выручка" + nameOfBlock)): Text of object 'Object Repository/Выручка в рублях/Фильтр Выручка Выручка' is: 'Все'

14-10-2024T11:13:56 - [MESSAGE][PASSED] - Text of object 'Object Repository/Выручка в рублях/Фильтр Выручка Выручка' is: 'Все'

14-10-2024T11:13:56 - [TEST_STEP][PASSED] - println("viruchka" + viruchka): null

14-10-2024T11:13:56 - [TEST_STEP][PASSED] - println("vidget" + vidget): null

14-10-2024T11:13:56 - [TEST_STEP][PASSED] - println("a" + a): null

14-10-2024T11:13:56 - [TEST_STEP][PASSED] - println("b" + b): null

14-10-2024T11:13:56 - [TEST_STEP][PASSED] - sheetName = "Sheet1": null

14-10-2024T11:13:56 - [TEST_STEP][PASSED] - data = findTestData("PlanFact"): null

14-10-2024T11:13:56 - [TEST_STEP][PASSED] - n = data.getRowNumbers() + 1: null

14-10-2024T11:13:56 - [TEST_STEP][PASSED] - period = getText(findTestObject("Выручка в рублях/Фильтр Период")): Text of object 'Object Repository/Выручка в рублях/Фильтр Период' is: 'Июль, Август и 1, 2 кв. 2024 года'

14-10-2024T11:13:57 - [MESSAGE][PASSED] - Text of object 'Object Repository/Выручка в рублях/Фильтр Период' is: 'Июль, Август и 1, 2 кв. 2024 года'

14-10-2024T11:13:57 - [TEST_STEP][PASSED] - println(period): null

14-10-2024T11:13:57 - [TEST_STEP][PASSED] - dashboardName = "Выручка в рублях": null

14-10-2024T11:13:57 - [TEST_STEP][PASSED] - workbook01 = getWorkbook(excelFilePath): null

14-10-2024T11:13:57 - [TEST_STEP][PASSED] - sheet01 = getExcelSheet(workbook01, sheetName): null

14-10-2024T11:13:57 - [TEST_STEP][PASSED] - setValueToCellByIndex(sheet01, n, 0, dashboardName): null

14-10-2024T11:13:57 - [TEST_STEP][PASSED] - setValueToCellByIndex(sheet01, n, 1, dZO): null

14-10-2024T11:13:57 - [TEST_STEP][PASSED] - setValueToCellByIndex(sheet01, n, 2, vidget): null

14-10-2024T11:13:57 - [TEST_STEP][PASSED] - setValueToCellByIndex(sheet01, n, 3, viruchka): null

14-10-2024T11:13:57 - [TEST_STEP][PASSED] - setValueToCellByIndex(sheet01, n, 4, typeOfData): null

14-10-2024T11:13:57 - [TEST_STEP][PASSED] - if (a == null): null

14-10-2024T11:13:57 - [TEST_STEP][PASSED] - else: null

14-10-2024T11:13:57 - [TEST_STEP][PASSED] - setValueToCellByIndex(sheet01, n, 5, a): null

14-10-2024T11:13:57 - [TEST_STEP][PASSED] - if (b == null): null

14-10-2024T11:13:57 - [TEST_STEP][PASSED] - else: null

14-10-2024T11:13:57 - [TEST_STEP][PASSED] - setValueToCellByIndex(sheet01, n, 6, b): null

14-10-2024T11:13:57 - [TEST_STEP][PASSED] - setValueToCellByIndex(sheet01, n, 7, period): null

14-10-2024T11:13:57 - [TEST_STEP][PASSED] - setValueToCellByIndex(sheet01, n, 8, todaysDate): null

14-10-2024T11:13:57 - [TEST_STEP][PASSED] - n = n + 1: null

14-10-2024T11:13:57 - [TEST_STEP][PASSED] - saveWorkbook(excelFilePath, workbook01): null

14-10-2024T11:13:57 - [TEST_STEP][PASSED] - dZO = "Россети Центр и Приволжье (ГК)": null

14-10-2024T11:13:57 - [TEST_STEP][PASSED] - if (verifyEqual(a315, b315) == false): Actual object '4.79' and expected object '4.79' are equal

14-10-2024T11:13:57 - [MESSAGE][PASSED] - Actual object '4.79' and expected object '4.79' are equal

14-10-2024T11:13:57 - [TEST_STEP][PASSED] - dZO = "Россети Юг (ГК)": null

14-10-2024T11:13:57 - [TEST_STEP][FAILED] - if (verifyEqual(a316, b316) == false): null

14-10-2024T11:13:57 - [MESSAGE][FAILED] - Unable to verify equal between actual object '-48.36' and expected object '3.28' (Root cause: com.kms.katalon.core.exception.StepFailedException: Actual object '-48.36' and expected object '3.28' are not equal
	at com.kms.katalon.core.keyword.builtin.VerifyEqualKeyword$_verifyEqual_closure1.doCall(VerifyEqualKeyword.groovy:58)
	at com.kms.katalon.core.keyword.builtin.VerifyEqualKeyword$_verifyEqual_closure1.call(VerifyEqualKeyword.groovy)
	at com.kms.katalon.core.keyword.internal.KeywordMain.runKeyword(KeywordMain.groovy:75)
	at com.kms.katalon.core.keyword.builtin.VerifyEqualKeyword.verifyEqual(VerifyEqualKeyword.groovy:63)
	at com.kms.katalon.core.keyword.builtin.VerifyEqualKeyword.execute(VerifyEqualKeyword.groovy:44)
	at com.kms.katalon.core.keyword.internal.KeywordExecutor.executeKeywordForPlatform(KeywordExecutor.groovy:74)
	at com.kms.katalon.core.keyword.BuiltinKeywords.verifyEqual(BuiltinKeywords.groovy:146)
	at jdk.internal.reflect.GeneratedMethodAccessor19.invoke(Unknown Source)
	at java.base/jdk.internal.reflect.DelegatingMethodAccessorImpl.invoke(DelegatingMethodAccessorImpl.java:43)
	at Выручка в рублях сверка дашбордов ПАО Россети.Blocks(Выручка в рублях сверка дашбордов ПАО Россети:517)
	at Выручка в рублях сверка дашбордов ПАО Россети.ViruchkaChange(Выручка в рублях сверка дашбордов ПАО Россети:60)
	at Выручка в рублях сверка дашбордов ПАО Россети.run(Выручка в рублях сверка дашбордов ПАО Россети:55)
	at com.kms.katalon.core.main.ScriptEngine.run(ScriptEngine.java:194)
	at com.kms.katalon.core.main.ScriptEngine.runScriptAsRawText(ScriptEngine.java:119)
	at com.kms.katalon.core.main.TestCaseExecutor.runScript(TestCaseExecutor.java:448)
	at com.kms.katalon.core.main.TestCaseExecutor.doExecute(TestCaseExecutor.java:439)
	at com.kms.katalon.core.main.TestCaseExecutor.processExecutionPhase(TestCaseExecutor.java:418)
	at com.kms.katalon.core.main.TestCaseExecutor.accessMainPhase(TestCaseExecutor.java:410)
	at com.kms.katalon.core.main.TestCaseExecutor.execute(TestCaseExecutor.java:285)
	at com.kms.katalon.core.common.CommonExecutor.accessTestCaseMainPhase(CommonExecutor.java:65)
	at com.kms.katalon.core.main.TestSuiteExecutor.accessTestSuiteMainPhase(TestSuiteExecutor.java:150)
	at com.kms.katalon.core.main.TestSuiteExecutor.execute(TestSuiteExecutor.java:106)
	at com.kms.katalon.core.main.TestCaseMain.startTestSuite(TestCaseMain.java:180)
	at TempTestSuite1728890597227.run(TempTestSuite1728890597227.groovy:35)
	at java.base/jdk.internal.reflect.NativeMethodAccessorImpl.invoke0(Native Method)
	at java.base/jdk.internal.reflect.NativeMethodAccessorImpl.invoke(NativeMethodAccessorImpl.java:77)
	at java.base/jdk.internal.reflect.DelegatingMethodAccessorImpl.invoke(DelegatingMethodAccessorImpl.java:43)
)

14-10-2024T11:13:57 - [TEST_STEP][PASSED] - a = a316.toDouble(): null

14-10-2024T11:13:57 - [TEST_STEP][PASSED] - b = b316.toDouble(): null

14-10-2024T11:13:57 - [TEST_STEP][PASSED] - Script1710234207206.WriteToExcel(todaysDate, run, vir, block, typeOfData, viruchka, vidget, nameOfBlock, a, b, dZO): null

14-10-2024T11:13:57 - [TEST_STEP][PASSED] - println(run): null

14-10-2024T11:13:57 - [TEST_STEP][PASSED] - if (run == 1): null

14-10-2024T11:13:57 - [TEST_STEP][PASSED] - else if (run == 2): null

14-10-2024T11:13:57 - [TEST_STEP][PASSED] - typeOfData = "Проценты": null

14-10-2024T11:13:57 - [TEST_STEP][PASSED] - println("todaysDate:" + todaysDate): null

14-10-2024T11:13:57 - [TEST_STEP][PASSED] - println("typeOfData:" + typeOfData): null

14-10-2024T11:13:57 - [TEST_STEP][PASSED] - viruchka = getText(findTestObject("Выручка в рублях/Фильтр Выручка" + nameOfBlock)): Text of object 'Object Repository/Выручка в рублях/Фильтр Выручка Выручка' is: 'Все'

14-10-2024T11:13:57 - [MESSAGE][PASSED] - Text of object 'Object Repository/Выручка в рублях/Фильтр Выручка Выручка' is: 'Все'

14-10-2024T11:13:57 - [TEST_STEP][PASSED] - println("viruchka" + viruchka): null

14-10-2024T11:13:57 - [TEST_STEP][PASSED] - println("vidget" + vidget): null

14-10-2024T11:13:57 - [TEST_STEP][PASSED] - println("a" + a): null

14-10-2024T11:13:57 - [TEST_STEP][PASSED] - println("b" + b): null

14-10-2024T11:13:57 - [TEST_STEP][PASSED] - sheetName = "Sheet1": null

14-10-2024T11:13:57 - [TEST_STEP][PASSED] - data = findTestData("PlanFact"): null

14-10-2024T11:13:57 - [TEST_STEP][PASSED] - n = data.getRowNumbers() + 1: null

14-10-2024T11:13:57 - [TEST_STEP][PASSED] - period = getText(findTestObject("Выручка в рублях/Фильтр Период")): Text of object 'Object Repository/Выручка в рублях/Фильтр Период' is: 'Июль, Август и 1, 2 кв. 2024 года'

14-10-2024T11:13:58 - [MESSAGE][PASSED] - Text of object 'Object Repository/Выручка в рублях/Фильтр Период' is: 'Июль, Август и 1, 2 кв. 2024 года'

14-10-2024T11:13:58 - [TEST_STEP][PASSED] - println(period): null

14-10-2024T11:13:58 - [TEST_STEP][PASSED] - dashboardName = "Выручка в рублях": null

14-10-2024T11:13:58 - [TEST_STEP][PASSED] - workbook01 = getWorkbook(excelFilePath): null

14-10-2024T11:13:58 - [TEST_STEP][PASSED] - sheet01 = getExcelSheet(workbook01, sheetName): null

14-10-2024T11:13:58 - [TEST_STEP][PASSED] - setValueToCellByIndex(sheet01, n, 0, dashboardName): null

14-10-2024T11:13:58 - [TEST_STEP][PASSED] - setValueToCellByIndex(sheet01, n, 1, dZO): null

14-10-2024T11:13:58 - [TEST_STEP][PASSED] - setValueToCellByIndex(sheet01, n, 2, vidget): null

14-10-2024T11:13:58 - [TEST_STEP][PASSED] - setValueToCellByIndex(sheet01, n, 3, viruchka): null

14-10-2024T11:13:58 - [TEST_STEP][PASSED] - setValueToCellByIndex(sheet01, n, 4, typeOfData): null

14-10-2024T11:13:58 - [TEST_STEP][PASSED] - if (a == null): null

14-10-2024T11:13:58 - [TEST_STEP][PASSED] - else: null

14-10-2024T11:13:58 - [TEST_STEP][PASSED] - setValueToCellByIndex(sheet01, n, 5, a): null

14-10-2024T11:13:58 - [TEST_STEP][PASSED] - if (b == null): null

14-10-2024T11:13:58 - [TEST_STEP][PASSED] - else: null

14-10-2024T11:13:58 - [TEST_STEP][PASSED] - setValueToCellByIndex(sheet01, n, 6, b): null

14-10-2024T11:13:58 - [TEST_STEP][PASSED] - setValueToCellByIndex(sheet01, n, 7, period): null

14-10-2024T11:13:58 - [TEST_STEP][PASSED] - setValueToCellByIndex(sheet01, n, 8, todaysDate): null

14-10-2024T11:13:58 - [TEST_STEP][PASSED] - n = n + 1: null

14-10-2024T11:13:58 - [TEST_STEP][PASSED] - saveWorkbook(excelFilePath, workbook01): null

14-10-2024T11:13:58 - [TEST_STEP][PASSED] - dZO = "Россети Янтарь": null

14-10-2024T11:13:58 - [TEST_STEP][PASSED] - if (verifyEqual(a317, b317) == false): Actual object '3.76' and expected object '3.76' are equal

14-10-2024T11:13:58 - [MESSAGE][PASSED] - Actual object '3.76' and expected object '3.76' are equal

14-10-2024T11:13:58 - [TEST_STEP][PASSED] - closeBrowser(): null

14-10-2024T11:13:58 - [MESSAGE][PASSED] - Browser is closed

14-10-2024T11:13:58 - [TEST_STEP][PASSED] - Script1710234207206.Blocks(run, vir, block, nameOfBlock, typeOfData, viruchka, vidget, todaysDate, a, b, dZO, x, y): null

14-10-2024T11:13:58 - [TEST_STEP][PASSED] - i = <not implemented yet for class: org.codehaus.groovy.ast.expr.EmptyExpression>: null

14-10-2024T11:13:58 - [TEST_STEP][PASSED] - perc = "": null

14-10-2024T11:13:58 - [TEST_STEP][PASSED] - a1 = <not implemented yet for class: org.codehaus.groovy.ast.expr.EmptyExpression>: null

14-10-2024T11:13:58 - [TEST_STEP][PASSED] - a2 = <not implemented yet for class: org.codehaus.groovy.ast.expr.EmptyExpression>: null

14-10-2024T11:13:58 - [TEST_STEP][PASSED] - a30 = <not implemented yet for class: org.codehaus.groovy.ast.expr.EmptyExpression>: null

14-10-2024T11:13:58 - [TEST_STEP][PASSED] - a31 = <not implemented yet for class: org.codehaus.groovy.ast.expr.EmptyExpression>: null

14-10-2024T11:13:58 - [TEST_STEP][PASSED] - a32 = <not implemented yet for class: org.codehaus.groovy.ast.expr.EmptyExpression>: null

14-10-2024T11:13:58 - [TEST_STEP][PASSED] - a33 = <not implemented yet for class: org.codehaus.groovy.ast.expr.EmptyExpression>: null

14-10-2024T11:13:58 - [TEST_STEP][PASSED] - a34 = <not implemented yet for class: org.codehaus.groovy.ast.expr.EmptyExpression>: null

14-10-2024T11:13:58 - [TEST_STEP][PASSED] - a35 = <not implemented yet for class: org.codehaus.groovy.ast.expr.EmptyExpression>: null

14-10-2024T11:13:58 - [TEST_STEP][PASSED] - a36 = <not implemented yet for class: org.codehaus.groovy.ast.expr.EmptyExpression>: null

14-10-2024T11:13:58 - [TEST_STEP][PASSED] - a37 = <not implemented yet for class: org.codehaus.groovy.ast.expr.EmptyExpression>: null

14-10-2024T11:13:58 - [TEST_STEP][PASSED] - a38 = <not implemented yet for class: org.codehaus.groovy.ast.expr.EmptyExpression>: null

14-10-2024T11:13:58 - [TEST_STEP][PASSED] - a39 = <not implemented yet for class: org.codehaus.groovy.ast.expr.EmptyExpression>: null

14-10-2024T11:13:58 - [TEST_STEP][PASSED] - a310 = <not implemented yet for class: org.codehaus.groovy.ast.expr.EmptyExpression>: null

14-10-2024T11:13:58 - [TEST_STEP][PASSED] - a311 = <not implemented yet for class: org.codehaus.groovy.ast.expr.EmptyExpression>: null

14-10-2024T11:13:58 - [TEST_STEP][PASSED] - a312 = <not implemented yet for class: org.codehaus.groovy.ast.expr.EmptyExpression>: null

14-10-2024T11:13:58 - [TEST_STEP][PASSED] - a313 = <not implemented yet for class: org.codehaus.groovy.ast.expr.EmptyExpression>: null

14-10-2024T11:13:58 - [TEST_STEP][PASSED] - a314 = <not implemented yet for class: org.codehaus.groovy.ast.expr.EmptyExpression>: null

14-10-2024T11:13:58 - [TEST_STEP][PASSED] - a315 = <not implemented yet for class: org.codehaus.groovy.ast.expr.EmptyExpression>: null

14-10-2024T11:13:58 - [TEST_STEP][PASSED] - a316 = <not implemented yet for class: org.codehaus.groovy.ast.expr.EmptyExpression>: null

14-10-2024T11:13:58 - [TEST_STEP][PASSED] - a317 = <not implemented yet for class: org.codehaus.groovy.ast.expr.EmptyExpression>: null

14-10-2024T11:13:58 - [TEST_STEP][PASSED] - b1 = <not implemented yet for class: org.codehaus.groovy.ast.expr.EmptyExpression>: null

14-10-2024T11:13:58 - [TEST_STEP][PASSED] - b2 = <not implemented yet for class: org.codehaus.groovy.ast.expr.EmptyExpression>: null

14-10-2024T11:13:58 - [TEST_STEP][PASSED] - b30 = <not implemented yet for class: org.codehaus.groovy.ast.expr.EmptyExpression>: null

14-10-2024T11:13:58 - [TEST_STEP][PASSED] - b31 = <not implemented yet for class: org.codehaus.groovy.ast.expr.EmptyExpression>: null

14-10-2024T11:13:58 - [TEST_STEP][PASSED] - b32 = <not implemented yet for class: org.codehaus.groovy.ast.expr.EmptyExpression>: null

14-10-2024T11:13:58 - [TEST_STEP][PASSED] - b33 = <not implemented yet for class: org.codehaus.groovy.ast.expr.EmptyExpression>: null

14-10-2024T11:13:58 - [TEST_STEP][PASSED] - b34 = <not implemented yet for class: org.codehaus.groovy.ast.expr.EmptyExpression>: null

14-10-2024T11:13:58 - [TEST_STEP][PASSED] - b35 = <not implemented yet for class: org.codehaus.groovy.ast.expr.EmptyExpression>: null

14-10-2024T11:13:58 - [TEST_STEP][PASSED] - b36 = <not implemented yet for class: org.codehaus.groovy.ast.expr.EmptyExpression>: null

14-10-2024T11:13:58 - [TEST_STEP][PASSED] - b37 = <not implemented yet for class: org.codehaus.groovy.ast.expr.EmptyExpression>: null

14-10-2024T11:13:58 - [TEST_STEP][PASSED] - b38 = <not implemented yet for class: org.codehaus.groovy.ast.expr.EmptyExpression>: null

14-10-2024T11:13:58 - [TEST_STEP][PASSED] - b39 = <not implemented yet for class: org.codehaus.groovy.ast.expr.EmptyExpression>: null

14-10-2024T11:13:58 - [TEST_STEP][PASSED] - b310 = <not implemented yet for class: org.codehaus.groovy.ast.expr.EmptyExpression>: null

14-10-2024T11:13:58 - [TEST_STEP][PASSED] - b311 = <not implemented yet for class: org.codehaus.groovy.ast.expr.EmptyExpression>: null

14-10-2024T11:13:58 - [TEST_STEP][PASSED] - b312 = <not implemented yet for class: org.codehaus.groovy.ast.expr.EmptyExpression>: null

14-10-2024T11:13:58 - [TEST_STEP][PASSED] - b313 = <not implemented yet for class: org.codehaus.groovy.ast.expr.EmptyExpression>: null

14-10-2024T11:13:58 - [TEST_STEP][PASSED] - b314 = <not implemented yet for class: org.codehaus.groovy.ast.expr.EmptyExpression>: null

14-10-2024T11:13:58 - [TEST_STEP][PASSED] - b315 = <not implemented yet for class: org.codehaus.groovy.ast.expr.EmptyExpression>: null

14-10-2024T11:13:58 - [TEST_STEP][PASSED] - b316 = <not implemented yet for class: org.codehaus.groovy.ast.expr.EmptyExpression>: null

14-10-2024T11:13:58 - [TEST_STEP][PASSED] - b317 = <not implemented yet for class: org.codehaus.groovy.ast.expr.EmptyExpression>: null

14-10-2024T11:13:58 - [TEST_STEP][PASSED] - block = 1: null

14-10-2024T11:13:58 - [TEST_STEP][PASSED] - nameOfBlock = "": null

14-10-2024T11:13:58 - [TEST_STEP][PASSED] - Script1710234207206.PreSettings(run, vir, block, nameOfBlock, typeOfData, todaysDate): null

14-10-2024T11:13:58 - [TEST_STEP][PASSED] - openBrowser(""): Browser is opened with url: ''

14-10-2024T11:13:58 - [MESSAGE][INFO] - Starting 'Chrome' driver

14-10-2024T11:13:58 - [MESSAGE][INFO] - Action delay is set to 0 milliseconds

14-10-2024T11:13:59 - [MESSAGE][PASSED] - Browser is opened with url: ''

14-10-2024T11:13:59 - [TEST_STEP][PASSED] - refresh(): Refresh successfully

14-10-2024T11:13:59 - [MESSAGE][PASSED] - Refresh successfully

14-10-2024T11:13:59 - [TEST_STEP][PASSED] - delay(50): Delayed 50 second(s)

14-10-2024T11:14:49 - [MESSAGE][PASSED] - Delayed 50 second(s)

14-10-2024T11:14:49 - [TEST_STEP][PASSED] - println("run:" + run): null

14-10-2024T11:14:49 - [TEST_STEP][PASSED] - println("vir:" + vir): null

14-10-2024T11:14:49 - [TEST_STEP][PASSED] - println("block:" + block): null

14-10-2024T11:14:49 - [TEST_STEP][PASSED] - if (block == 1): null

14-10-2024T11:14:49 - [TEST_STEP][PASSED] - nameOfBlock = "": null

14-10-2024T11:14:49 - [TEST_STEP][PASSED] - println("nameOfBlock:" + nameOfBlock): null

14-10-2024T11:14:49 - [TEST_STEP][PASSED] - println("typeOfData:" + typeOfData): null

14-10-2024T11:14:49 - [TEST_STEP][PASSED] - println("todaysDate:" + todaysDate): null

14-10-2024T11:14:49 - [TEST_STEP][PASSED] - Script1710234207206.Autorization(block, nameOfBlock): null

14-10-2024T11:14:49 - [TEST_STEP][PASSED] - println("block:" + block): null

14-10-2024T11:14:49 - [TEST_STEP][PASSED] - if (block == 1): null

14-10-2024T11:14:49 - [TEST_STEP][PASSED] - nameOfBlock = "": null

14-10-2024T11:14:49 - [TEST_STEP][PASSED] - println("nameOfBlock:" + nameOfBlock): null

14-10-2024T11:14:49 - [TEST_STEP][PASSED] - if (block == 1): Delayed 45 second(s)

14-10-2024T11:14:49 - [TEST_STEP][PASSED] - navigateToUrl(findTestData("PlanFact").getValue(10, 2)): Navigate to 'https://bi.rosseti.digital/viewer?dashboardGuid=2301950b23be4ed89c1df75f2020051e&sheetGuid=b723206f698544fb87299f3095c00435&fit=true' successfully

14-10-2024T11:15:01 - [MESSAGE][PASSED] - Navigate to 'https://bi.rosseti.digital/viewer?dashboardGuid=2301950b23be4ed89c1df75f2020051e&sheetGuid=b723206f698544fb87299f3095c00435&fit=true' successfully

14-10-2024T11:15:01 - [TEST_STEP][PASSED] - delay(45): Delayed 45 second(s)

14-10-2024T11:15:46 - [MESSAGE][PASSED] - Delayed 45 second(s)

14-10-2024T11:15:46 - [TEST_STEP][PASSED] - if (verifyElementPresent(findTestObject("Страница авторизации/button_"), 30) == true): null

14-10-2024T11:15:46 - [MESSAGE][PASSED] - Object 'Object Repository/Страница авторизации/button_' is present

14-10-2024T11:15:46 - [TEST_STEP][PASSED] - setText(findTestObject("Страница авторизации/input__username"), findTestData("PlanFact").getValue(8, 1)): Text 'shekhov-aa' is set on object 'Object Repository/Страница авторизации/input__username'

14-10-2024T11:15:46 - [MESSAGE][PASSED] - Text 'shekhov-aa' is set on object 'Object Repository/Страница авторизации/input__username'

14-10-2024T11:15:46 - [TEST_STEP][PASSED] - setText(findTestObject("Страница авторизации/input__password"), findTestData("PlanFact").getValue(9, 1)): Text 'i)RpQLLlXv9gUDC9' is set on object 'Object Repository/Страница авторизации/input__password'

14-10-2024T11:15:47 - [MESSAGE][PASSED] - Text 'i)RpQLLlXv9gUDC9' is set on object 'Object Repository/Страница авторизации/input__password'

14-10-2024T11:15:47 - [TEST_STEP][PASSED] - click(findTestObject("Страница авторизации/button_")): Object: 'Object Repository/Страница авторизации/button_' is clicked on

14-10-2024T11:15:50 - [MESSAGE][PASSED] - Object: 'Object Repository/Страница авторизации/button_' is clicked on

14-10-2024T11:15:50 - [TEST_STEP][PASSED] - delay(45): Delayed 45 second(s)

14-10-2024T11:16:35 - [MESSAGE][PASSED] - Delayed 45 second(s)

14-10-2024T11:16:35 - [TEST_STEP][PASSED] - if (block == 2): null

14-10-2024T11:16:35 - [TEST_STEP][PASSED] - click(findTestObject("Выручка в рублях/Фильтр Период" + nameOfBlock)): Object: 'Object Repository/Выручка в рублях/Фильтр Период' is clicked on

14-10-2024T11:16:36 - [MESSAGE][PASSED] - Object: 'Object Repository/Выручка в рублях/Фильтр Период' is clicked on

14-10-2024T11:16:36 - [TEST_STEP][PASSED] - click(findTestObject("Выручка в рублях/Снять выделение в фильтре Дата" + nameOfBlock)): Object: 'Object Repository/Выручка в рублях/Снять выделение в фильтре Дата' is clicked on

14-10-2024T11:16:36 - [MESSAGE][PASSED] - Object: 'Object Repository/Выручка в рублях/Снять выделение в фильтре Дата' is clicked on

14-10-2024T11:16:36 - [TEST_STEP][PASSED] - click(findTestObject("Выручка в рублях/Применить в фильтре Дата" + nameOfBlock)): Object: 'Object Repository/Выручка в рублях/Применить в фильтре Дата' is clicked on

14-10-2024T11:16:37 - [MESSAGE][PASSED] - Object: 'Object Repository/Выручка в рублях/Применить в фильтре Дата' is clicked on

14-10-2024T11:16:37 - [TEST_STEP][PASSED] - delay(50): Delayed 50 second(s)

14-10-2024T11:17:27 - [MESSAGE][PASSED] - Delayed 50 second(s)

14-10-2024T11:17:27 - [TEST_STEP][PASSED] - click(findTestObject("Выручка в рублях/Фильтр Период" + nameOfBlock)): Object: 'Object Repository/Выручка в рублях/Фильтр Период' is clicked on

14-10-2024T11:17:27 - [MESSAGE][PASSED] - Object: 'Object Repository/Выручка в рублях/Фильтр Период' is clicked on

14-10-2024T11:17:27 - [TEST_STEP][PASSED] - click(findTestObject("Выручка в рублях/Снять выделение в фильтре Дата" + nameOfBlock)): Object: 'Object Repository/Выручка в рублях/Снять выделение в фильтре Дата' is clicked on

14-10-2024T11:17:28 - [MESSAGE][PASSED] - Object: 'Object Repository/Выручка в рублях/Снять выделение в фильтре Дата' is clicked on

14-10-2024T11:17:28 - [TEST_STEP][PASSED] - scrollToElement(findTestObject("Выручка в рублях/2024 список" + nameOfBlock), 30): Scroll to object 'Object Repository/Выручка в рублях/2024 список' successfully

14-10-2024T11:17:28 - [MESSAGE][PASSED] - Scroll to object 'Object Repository/Выручка в рублях/2024 список' successfully

14-10-2024T11:17:28 - [TEST_STEP][PASSED] - click(findTestObject("Выручка в рублях/2024 список" + nameOfBlock)): Object: 'Object Repository/Выручка в рублях/2024 список' is clicked on

14-10-2024T11:17:28 - [MESSAGE][PASSED] - Object: 'Object Repository/Выручка в рублях/2024 список' is clicked on

14-10-2024T11:17:28 - [TEST_STEP][PASSED] - scrollToElement(findTestObject("Выручка в рублях/1 квартал 2024 выбрать" + nameOfBlock), 30): Scroll to object 'Object Repository/Выручка в рублях/1 квартал 2024 выбрать' successfully

14-10-2024T11:17:29 - [MESSAGE][PASSED] - Scroll to object 'Object Repository/Выручка в рублях/1 квартал 2024 выбрать' successfully

14-10-2024T11:17:29 - [TEST_STEP][PASSED] - click(findTestObject("Выручка в рублях/1 квартал 2024 выбрать" + nameOfBlock)): Object: 'Object Repository/Выручка в рублях/1 квартал 2024 выбрать' is clicked on

14-10-2024T11:17:29 - [MESSAGE][PASSED] - Object: 'Object Repository/Выручка в рублях/1 квартал 2024 выбрать' is clicked on

14-10-2024T11:17:29 - [TEST_STEP][PASSED] - scrollToElement(findTestObject("Выручка в рублях/2 квартал 2024 выбрать" + nameOfBlock), 30): Scroll to object 'Object Repository/Выручка в рублях/2 квартал 2024 выбрать' successfully

14-10-2024T11:17:30 - [MESSAGE][PASSED] - Scroll to object 'Object Repository/Выручка в рублях/2 квартал 2024 выбрать' successfully

14-10-2024T11:17:30 - [TEST_STEP][PASSED] - click(findTestObject("Выручка в рублях/2 квартал 2024 выбрать" + nameOfBlock)): Object: 'Object Repository/Выручка в рублях/2 квартал 2024 выбрать' is clicked on

14-10-2024T11:17:30 - [MESSAGE][PASSED] - Object: 'Object Repository/Выручка в рублях/2 квартал 2024 выбрать' is clicked on

14-10-2024T11:17:30 - [TEST_STEP][PASSED] - scrollToElement(findTestObject("Выручка в рублях/3 квартал 2024 список" + nameOfBlock), 30): Scroll to object 'Object Repository/Выручка в рублях/3 квартал 2024 список' successfully

14-10-2024T11:17:31 - [MESSAGE][PASSED] - Scroll to object 'Object Repository/Выручка в рублях/3 квартал 2024 список' successfully

14-10-2024T11:17:31 - [TEST_STEP][PASSED] - click(findTestObject("Выручка в рублях/3 квартал 2024 список" + nameOfBlock)): Object: 'Object Repository/Выручка в рублях/3 квартал 2024 список' is clicked on

14-10-2024T11:17:31 - [MESSAGE][PASSED] - Object: 'Object Repository/Выручка в рублях/3 квартал 2024 список' is clicked on

14-10-2024T11:17:31 - [TEST_STEP][PASSED] - click(findTestObject("Выручка в рублях/Июль 2024" + nameOfBlock)): Object: 'Object Repository/Выручка в рублях/Июль 2024' is clicked on

14-10-2024T11:17:31 - [MESSAGE][PASSED] - Object: 'Object Repository/Выручка в рублях/Июль 2024' is clicked on

14-10-2024T11:17:31 - [TEST_STEP][PASSED] - scrollToElement(findTestObject("Выручка в рублях/Август 2024" + nameOfBlock), 30): Scroll to object 'Object Repository/Выручка в рублях/Август 2024' successfully

14-10-2024T11:17:32 - [MESSAGE][PASSED] - Scroll to object 'Object Repository/Выручка в рублях/Август 2024' successfully

14-10-2024T11:17:32 - [TEST_STEP][PASSED] - click(findTestObject("Выручка в рублях/Август 2024" + nameOfBlock)): Object: 'Object Repository/Выручка в рублях/Август 2024' is clicked on

14-10-2024T11:17:32 - [MESSAGE][PASSED] - Object: 'Object Repository/Выручка в рублях/Август 2024' is clicked on

14-10-2024T11:17:32 - [TEST_STEP][PASSED] - scrollToElement(findTestObject("Выручка в рублях/Заголовок дашборда" + nameOfBlock), 30): Scroll to object 'Object Repository/Выручка в рублях/Заголовок дашборда' successfully

14-10-2024T11:17:33 - [MESSAGE][PASSED] - Scroll to object 'Object Repository/Выручка в рублях/Заголовок дашборда' successfully

14-10-2024T11:17:33 - [TEST_STEP][PASSED] - click(findTestObject("Выручка в рублях/Применить в фильтре Дата" + nameOfBlock)): Object: 'Object Repository/Выручка в рублях/Применить в фильтре Дата' is clicked on

14-10-2024T11:17:33 - [MESSAGE][PASSED] - Object: 'Object Repository/Выручка в рублях/Применить в фильтре Дата' is clicked on

14-10-2024T11:17:33 - [TEST_STEP][PASSED] - delay(50): Delayed 50 second(s)

14-10-2024T11:18:23 - [MESSAGE][PASSED] - Delayed 50 second(s)

14-10-2024T11:18:23 - [TEST_STEP][PASSED] - click(findTestObject("Выручка в рублях/Фильтр ДЗО" + nameOfBlock)): Object: 'Object Repository/Выручка в рублях/Фильтр ДЗО' is clicked on

14-10-2024T11:18:23 - [MESSAGE][PASSED] - Object: 'Object Repository/Выручка в рублях/Фильтр ДЗО' is clicked on

14-10-2024T11:18:23 - [TEST_STEP][PASSED] - click(findTestObject("Выручка в рублях/Снять выделение в фильтре ДЗО" + nameOfBlock)): Object: 'Object Repository/Выручка в рублях/Снять выделение в фильтре ДЗО' is clicked on

14-10-2024T11:18:24 - [MESSAGE][PASSED] - Object: 'Object Repository/Выручка в рублях/Снять выделение в фильтре ДЗО' is clicked on

14-10-2024T11:18:24 - [TEST_STEP][PASSED] - click(findTestObject("Выручка в рублях/Применить в фильтре ДЗО" + nameOfBlock)): Object: 'Object Repository/Выручка в рублях/Применить в фильтре ДЗО' is clicked on

14-10-2024T11:18:25 - [MESSAGE][PASSED] - Object: 'Object Repository/Выручка в рублях/Применить в фильтре ДЗО' is clicked on

14-10-2024T11:18:25 - [TEST_STEP][PASSED] - delay(50): Delayed 50 second(s)

14-10-2024T11:19:15 - [MESSAGE][PASSED] - Delayed 50 second(s)

14-10-2024T11:19:15 - [TEST_STEP][PASSED] - Script1710234207206.Tumbler(run, vir, block, nameOfBlock): null

14-10-2024T11:19:15 - [TEST_STEP][PASSED] - println("run:" + run): null

14-10-2024T11:19:15 - [TEST_STEP][PASSED] - println("vir:" + vir): null

14-10-2024T11:19:15 - [TEST_STEP][PASSED] - println("block:" + block): null

14-10-2024T11:19:15 - [TEST_STEP][PASSED] - println("nameOfBlock:" + nameOfBlock): null

14-10-2024T11:19:15 - [TEST_STEP][PASSED] - if (vir == 1): null

14-10-2024T11:19:15 - [TEST_STEP][PASSED] - else if (vir == 2): Object: 'Object Repository/Выручка в рублях/Применить в фильтре Выручка' is clicked on

14-10-2024T11:19:15 - [TEST_STEP][PASSED] - if (run == 2): Object: 'Object Repository/Выручка в рублях/Переключить отображение с млн на проценты Выручка в рублях' is clicked on

14-10-2024T11:19:15 - [TEST_STEP][PASSED] - click(findTestObject("Выручка в рублях/Переключить отображение с млн на проценты Выручка в рублях" + nameOfBlock)): Object: 'Object Repository/Выручка в рублях/Переключить отображение с млн на проценты Выручка в рублях' is clicked on

14-10-2024T11:19:15 - [MESSAGE][PASSED] - Object: 'Object Repository/Выручка в рублях/Переключить отображение с млн на проценты Выручка в рублях' is clicked on

14-10-2024T11:19:15 - [TEST_STEP][PASSED] - click(findTestObject("Выручка в рублях/Фильтр Выручка" + nameOfBlock)): Object: 'Object Repository/Выручка в рублях/Фильтр Выручка' is clicked on

14-10-2024T11:19:15 - [MESSAGE][PASSED] - Object: 'Object Repository/Выручка в рублях/Фильтр Выручка' is clicked on

14-10-2024T11:19:15 - [TEST_STEP][PASSED] - click(findTestObject("Выручка в рублях/Итого в фильтре Выручка" + nameOfBlock)): Object: 'Object Repository/Выручка в рублях/Итого в фильтре Выручка' is clicked on

14-10-2024T11:19:16 - [MESSAGE][PASSED] - Object: 'Object Repository/Выручка в рублях/Итого в фильтре Выручка' is clicked on

14-10-2024T11:19:16 - [TEST_STEP][PASSED] - click(findTestObject("Выручка в рублях/Применить в фильтре Выручка" + nameOfBlock)): Object: 'Object Repository/Выручка в рублях/Применить в фильтре Выручка' is clicked on

14-10-2024T11:19:16 - [MESSAGE][PASSED] - Object: 'Object Repository/Выручка в рублях/Применить в фильтре Выручка' is clicked on

14-10-2024T11:19:16 - [TEST_STEP][PASSED] - click(findTestObject("Выручка в рублях/Фильтр ДЗО" + nameOfBlock)): Object: 'Object Repository/Выручка в рублях/Фильтр ДЗО' is clicked on

14-10-2024T11:19:18 - [MESSAGE][PASSED] - Object: 'Object Repository/Выручка в рублях/Фильтр ДЗО' is clicked on

14-10-2024T11:19:18 - [TEST_STEP][PASSED] - Script1710234207206.Rosseti(nameOfBlock): null

14-10-2024T11:19:18 - [TEST_STEP][PASSED] - println("nameOfBlock:" + nameOfBlock): null

14-10-2024T11:19:18 - [TEST_STEP][PASSED] - click(findTestObject("Выручка в рублях/ПАО Россети" + nameOfBlock)): Object: 'Object Repository/Выручка в рублях/ПАО Россети' is clicked on

14-10-2024T11:19:19 - [MESSAGE][PASSED] - Object: 'Object Repository/Выручка в рублях/ПАО Россети' is clicked on

14-10-2024T11:19:19 - [TEST_STEP][PASSED] - click(findTestObject("Выручка в рублях/Применить в фильтре ДЗО" + nameOfBlock)): Object: 'Object Repository/Выручка в рублях/Применить в фильтре ДЗО' is clicked on

14-10-2024T11:19:20 - [MESSAGE][PASSED] - Object: 'Object Repository/Выручка в рублях/Применить в фильтре ДЗО' is clicked on

14-10-2024T11:19:20 - [TEST_STEP][PASSED] - if (run == 2): null

14-10-2024T11:19:20 - [TEST_STEP][PASSED] - perc = " Perc": null

14-10-2024T11:19:20 - [TEST_STEP][PASSED] - if (vir == 1 || vir == 2): Text of object 'Object Repository/Выручка в рублях/График План' is: '922 071'

14-10-2024T11:19:20 - [TEST_STEP][PASSED] - a1 = getText(findTestObject("Выручка в рублях/График План")): Text of object 'Object Repository/Выручка в рублях/График План' is: '922 071'

14-10-2024T11:19:23 - [MESSAGE][PASSED] - Text of object 'Object Repository/Выручка в рублях/График План' is: '922 071'

14-10-2024T11:19:23 - [TEST_STEP][PASSED] - if (vir == 1 || vir == 2): Text of object 'Object Repository/Выручка в рублях/График Факт' is: '947 588'

14-10-2024T11:19:23 - [TEST_STEP][PASSED] - a2 = getText(findTestObject("Выручка в рублях/График Факт")): Text of object 'Object Repository/Выручка в рублях/График Факт' is: '947 588'

14-10-2024T11:19:23 - [MESSAGE][PASSED] - Text of object 'Object Repository/Выручка в рублях/График Факт' is: '947 588'

14-10-2024T11:19:23 - [TEST_STEP][PASSED] - a30 = getText(findTestObject("Выручка в рублях/span1" + perc)): Text of object 'Object Repository/Выручка в рублях/span1 Perc' is: '-23.24 %'

14-10-2024T11:19:23 - [MESSAGE][PASSED] - Text of object 'Object Repository/Выручка в рублях/span1 Perc' is: '-23.24 %'

14-10-2024T11:19:23 - [TEST_STEP][PASSED] - i = a30.indexOf("млн.руб."): null

14-10-2024T11:19:23 - [TEST_STEP][PASSED] - if (i > -1): null

14-10-2024T11:19:23 - [TEST_STEP][PASSED] - if (a30.contains("%")): null

14-10-2024T11:19:23 - [TEST_STEP][PASSED] - a30 = a30.replaceAll("%", ""): null

14-10-2024T11:19:23 - [TEST_STEP][PASSED] - a30 = ").trim(): null

14-10-2024T11:19:23 - [TEST_STEP][PASSED] - println("a30: " + a30): null

14-10-2024T11:19:23 - [TEST_STEP][PASSED] - if (vir == 1 || vir == 2): Text of object 'Object Repository/Выручка в рублях/span2 Perc' is: '199.89 %'

14-10-2024T11:19:23 - [TEST_STEP][PASSED] - a31 = ").trim(): Text of object 'Object Repository/Выручка в рублях/span2 Perc' is: '199.89 %'

14-10-2024T11:19:24 - [MESSAGE][PASSED] - Text of object 'Object Repository/Выручка в рублях/span2 Perc' is: '199.89 %'

14-10-2024T11:19:24 - [TEST_STEP][PASSED] - if (vir == 1 || vir == 2): Text of object 'Object Repository/Выручка в рублях/span3 Perc' is: '-73.13 %'

14-10-2024T11:19:24 - [TEST_STEP][PASSED] - a32 = ").trim(): Text of object 'Object Repository/Выручка в рублях/span3 Perc' is: '-73.13 %'

14-10-2024T11:19:24 - [MESSAGE][PASSED] - Text of object 'Object Repository/Выручка в рублях/span3 Perc' is: '-73.13 %'

14-10-2024T11:19:24 - [TEST_STEP][PASSED] - if (vir == 1 || vir == 2): Text of object 'Object Repository/Выручка в рублях/span8 Perc' is: '-48.91 %'

14-10-2024T11:19:24 - [TEST_STEP][PASSED] - a33 = ").trim(): Text of object 'Object Repository/Выручка в рублях/span4 Perc' is: '-49.88 %'

14-10-2024T11:19:24 - [MESSAGE][PASSED] - Text of object 'Object Repository/Выручка в рублях/span4 Perc' is: '-49.88 %'

14-10-2024T11:19:24 - [TEST_STEP][PASSED] - a34 = ").trim(): Text of object 'Object Repository/Выручка в рублях/span5 Perc' is: '-47.01 %'

14-10-2024T11:19:25 - [MESSAGE][PASSED] - Text of object 'Object Repository/Выручка в рублях/span5 Perc' is: '-47.01 %'

14-10-2024T11:19:25 - [TEST_STEP][PASSED] - a35 = ").trim(): Text of object 'Object Repository/Выручка в рублях/span6 Perc' is: '-47.21 %'

14-10-2024T11:19:25 - [MESSAGE][PASSED] - Text of object 'Object Repository/Выручка в рублях/span6 Perc' is: '-47.21 %'

14-10-2024T11:19:25 - [TEST_STEP][PASSED] - a36 = ").trim(): Text of object 'Object Repository/Выручка в рублях/span7 Perc' is: '5.03 %'

14-10-2024T11:19:25 - [MESSAGE][PASSED] - Text of object 'Object Repository/Выручка в рублях/span7 Perc' is: '5.03 %'

14-10-2024T11:19:25 - [TEST_STEP][PASSED] - a37 = ").trim(): Text of object 'Object Repository/Выручка в рублях/span8 Perc' is: '-48.91 %'

14-10-2024T11:19:25 - [MESSAGE][PASSED] - Text of object 'Object Repository/Выручка в рублях/span8 Perc' is: '-48.91 %'

14-10-2024T11:19:25 - [TEST_STEP][PASSED] - if (vir == 1 || vir == 2): Text of object 'Object Repository/Выручка в рублях/span17 Perc' is: '-48.39 %'

14-10-2024T11:19:25 - [TEST_STEP][PASSED] - a38 = ").trim(): Text of object 'Object Repository/Выручка в рублях/span9 Perc' is: '2.9 %'

14-10-2024T11:19:26 - [MESSAGE][PASSED] - Text of object 'Object Repository/Выручка в рублях/span9 Perc' is: '2.9 %'

14-10-2024T11:19:26 - [TEST_STEP][PASSED] - a39 = ").trim(): Text of object 'Object Repository/Выручка в рублях/span10 Perc' is: '4.21 %'

14-10-2024T11:19:26 - [MESSAGE][PASSED] - Text of object 'Object Repository/Выручка в рублях/span10 Perc' is: '4.21 %'

14-10-2024T11:19:26 - [TEST_STEP][PASSED] - a310 = ").trim(): Text of object 'Object Repository/Выручка в рублях/span11 Perc' is: '-48.15 %'

14-10-2024T11:19:26 - [MESSAGE][PASSED] - Text of object 'Object Repository/Выручка в рублях/span11 Perc' is: '-48.15 %'

14-10-2024T11:19:26 - [TEST_STEP][PASSED] - a311 = ").trim(): Text of object 'Object Repository/Выручка в рублях/span12 Perc' is: '-53.15 %'

14-10-2024T11:19:27 - [MESSAGE][PASSED] - Text of object 'Object Repository/Выручка в рублях/span12 Perc' is: '-53.15 %'

14-10-2024T11:19:27 - [TEST_STEP][PASSED] - a312 = ").trim(): Text of object 'Object Repository/Выручка в рублях/span13 Perc' is: '2.61 %'

14-10-2024T11:19:27 - [MESSAGE][PASSED] - Text of object 'Object Repository/Выручка в рублях/span13 Perc' is: '2.61 %'

14-10-2024T11:19:27 - [TEST_STEP][PASSED] - a313 = ").trim(): Text of object 'Object Repository/Выручка в рублях/span14 Perc' is: '0.66 %'

14-10-2024T11:19:27 - [MESSAGE][PASSED] - Text of object 'Object Repository/Выручка в рублях/span14 Perc' is: '0.66 %'

14-10-2024T11:19:27 - [TEST_STEP][PASSED] - a314 = ").trim(): Text of object 'Object Repository/Выручка в рублях/span15 Perc' is: '-32.03 %'

14-10-2024T11:19:27 - [MESSAGE][PASSED] - Text of object 'Object Repository/Выручка в рублях/span15 Perc' is: '-32.03 %'

14-10-2024T11:19:27 - [TEST_STEP][PASSED] - a315 = ").trim(): Text of object 'Object Repository/Выручка в рублях/span16 Perc' is: '4.79 %'

14-10-2024T11:19:28 - [MESSAGE][PASSED] - Text of object 'Object Repository/Выручка в рублях/span16 Perc' is: '4.79 %'

14-10-2024T11:19:28 - [TEST_STEP][PASSED] - a316 = ").trim(): Text of object 'Object Repository/Выручка в рублях/span17 Perc' is: '-48.39 %'

14-10-2024T11:19:28 - [MESSAGE][PASSED] - Text of object 'Object Repository/Выручка в рублях/span17 Perc' is: '-48.39 %'

14-10-2024T11:19:28 - [TEST_STEP][PASSED] - if (vir == 1 || vir == 2): Text of object 'Object Repository/Выручка в рублях/span18 Perc' is: '3.76 %'

14-10-2024T11:19:28 - [TEST_STEP][PASSED] - a317 = ").trim(): Text of object 'Object Repository/Выручка в рублях/span18 Perc' is: '3.76 %'

14-10-2024T11:19:28 - [MESSAGE][PASSED] - Text of object 'Object Repository/Выручка в рублях/span18 Perc' is: '3.76 %'

14-10-2024T11:19:28 - [TEST_STEP][PASSED] - block = 2: null

14-10-2024T11:19:28 - [TEST_STEP][PASSED] - nameOfBlock = " Выручка": null

14-10-2024T11:19:28 - [TEST_STEP][PASSED] - Script1710234207206.PreSettings(run, vir, block, nameOfBlock, typeOfData, todaysDate): null

14-10-2024T11:19:28 - [TEST_STEP][PASSED] - openBrowser(""): Browser is opened with url: ''

14-10-2024T11:19:28 - [MESSAGE][WARNING] - A browser is already opened. Closing browser and opening a new one

14-10-2024T11:19:29 - [MESSAGE][INFO] - Starting 'Chrome' driver

14-10-2024T11:19:29 - [MESSAGE][INFO] - Action delay is set to 0 milliseconds

14-10-2024T11:19:29 - [MESSAGE][PASSED] - Browser is opened with url: ''

14-10-2024T11:19:29 - [TEST_STEP][PASSED] - refresh(): Refresh successfully

14-10-2024T11:19:29 - [MESSAGE][PASSED] - Refresh successfully

14-10-2024T11:19:29 - [TEST_STEP][PASSED] - delay(50): Delayed 50 second(s)

14-10-2024T11:20:19 - [MESSAGE][PASSED] - Delayed 50 second(s)

14-10-2024T11:20:19 - [TEST_STEP][PASSED] - println("run:" + run): null

14-10-2024T11:20:19 - [TEST_STEP][PASSED] - println("vir:" + vir): null

14-10-2024T11:20:19 - [TEST_STEP][PASSED] - println("block:" + block): null

14-10-2024T11:20:19 - [TEST_STEP][PASSED] - if (block == 1): null

14-10-2024T11:20:19 - [TEST_STEP][PASSED] - else: null

14-10-2024T11:20:19 - [TEST_STEP][PASSED] - nameOfBlock = " Выручка": null

14-10-2024T11:20:19 - [TEST_STEP][PASSED] - println("nameOfBlock:" + nameOfBlock): null

14-10-2024T11:20:19 - [TEST_STEP][PASSED] - println("typeOfData:" + typeOfData): null

14-10-2024T11:20:19 - [TEST_STEP][PASSED] - println("todaysDate:" + todaysDate): null

14-10-2024T11:20:19 - [TEST_STEP][PASSED] - Script1710234207206.Autorization(block, nameOfBlock): null

14-10-2024T11:20:19 - [TEST_STEP][PASSED] - println("block:" + block): null

14-10-2024T11:20:19 - [TEST_STEP][PASSED] - if (block == 1): null

14-10-2024T11:20:19 - [TEST_STEP][PASSED] - else: null

14-10-2024T11:20:19 - [TEST_STEP][PASSED] - delay(45): Delayed 45 second(s)

14-10-2024T11:21:04 - [MESSAGE][PASSED] - Delayed 45 second(s)

14-10-2024T11:21:04 - [TEST_STEP][PASSED] - nameOfBlock = " Выручка": null

14-10-2024T11:21:04 - [TEST_STEP][PASSED] - println("nameOfBlock:" + nameOfBlock): null

14-10-2024T11:21:04 - [TEST_STEP][PASSED] - if (block == 1): null

14-10-2024T11:21:04 - [TEST_STEP][PASSED] - else: Delayed 45 second(s)

14-10-2024T11:21:04 - [TEST_STEP][PASSED] - navigateToUrl(findTestData("PlanFact").getValue(10, 9)): Navigate to 'https://bi.rosseti.digital/viewer?dashboardGuid=a1fd28b3785d443cbc4d7690a1d78e31&sheetGuid=86092a20c5984827a0c87b24cac76a50&fit=true' successfully

14-10-2024T11:21:11 - [MESSAGE][PASSED] - Navigate to 'https://bi.rosseti.digital/viewer?dashboardGuid=a1fd28b3785d443cbc4d7690a1d78e31&sheetGuid=86092a20c5984827a0c87b24cac76a50&fit=true' successfully

14-10-2024T11:21:11 - [TEST_STEP][PASSED] - delay(45): Delayed 45 second(s)

14-10-2024T11:21:56 - [MESSAGE][PASSED] - Delayed 45 second(s)

14-10-2024T11:21:56 - [TEST_STEP][PASSED] - if (verifyElementPresent(findTestObject("Страница авторизации/button_"), 30) == true): null

14-10-2024T11:21:56 - [MESSAGE][PASSED] - Object 'Object Repository/Страница авторизации/button_' is present

14-10-2024T11:21:56 - [TEST_STEP][PASSED] - setText(findTestObject("Страница авторизации/input__username"), findTestData("PlanFact").getValue(8, 1)): Text 'shekhov-aa' is set on object 'Object Repository/Страница авторизации/input__username'

14-10-2024T11:21:57 - [MESSAGE][PASSED] - Text 'shekhov-aa' is set on object 'Object Repository/Страница авторизации/input__username'

14-10-2024T11:21:57 - [TEST_STEP][PASSED] - setText(findTestObject("Страница авторизации/input__password"), findTestData("PlanFact").getValue(9, 1)): Text 'i)RpQLLlXv9gUDC9' is set on object 'Object Repository/Страница авторизации/input__password'

14-10-2024T11:21:58 - [MESSAGE][PASSED] - Text 'i)RpQLLlXv9gUDC9' is set on object 'Object Repository/Страница авторизации/input__password'

14-10-2024T11:21:58 - [TEST_STEP][PASSED] - click(findTestObject("Страница авторизации/button_")): Object: 'Object Repository/Страница авторизации/button_' is clicked on

14-10-2024T11:22:01 - [MESSAGE][PASSED] - Object: 'Object Repository/Страница авторизации/button_' is clicked on

14-10-2024T11:22:01 - [TEST_STEP][PASSED] - delay(45): Delayed 45 second(s)

14-10-2024T11:22:46 - [MESSAGE][PASSED] - Delayed 45 second(s)

14-10-2024T11:22:46 - [TEST_STEP][PASSED] - if (block == 2): Delayed 50 second(s)

14-10-2024T11:22:46 - [TEST_STEP][PASSED] - opoveshenie = getText(findTestObject("Выручка в рублях/Просьба обратить внимание")): Text of object 'Object Repository/Выручка в рублях/Просьба обратить внимание' is: 'Просьба обратить внимание'

14-10-2024T11:22:47 - [MESSAGE][PASSED] - Text of object 'Object Repository/Выручка в рублях/Просьба обратить внимание' is: 'Просьба обратить внимание'

14-10-2024T11:22:47 - [TEST_STEP][PASSED] - if (opoveshenie == "Просьба обратить внимание"): Delayed 50 second(s)

14-10-2024T11:22:47 - [TEST_STEP][PASSED] - click(findTestObject("Выручка в рублях/Закрыть оповещение")): Object: 'Object Repository/Выручка в рублях/Закрыть оповещение' is clicked on

14-10-2024T11:22:47 - [MESSAGE][PASSED] - Object: 'Object Repository/Выручка в рублях/Закрыть оповещение' is clicked on

14-10-2024T11:22:47 - [TEST_STEP][PASSED] - delay(50): Delayed 50 second(s)

14-10-2024T11:23:37 - [MESSAGE][PASSED] - Delayed 50 second(s)

14-10-2024T11:23:37 - [TEST_STEP][PASSED] - click(findTestObject("Выручка в рублях/Фильтр Период" + nameOfBlock)): Object: 'Object Repository/Выручка в рублях/Фильтр Период Выручка' is clicked on

14-10-2024T11:23:37 - [MESSAGE][PASSED] - Object: 'Object Repository/Выручка в рублях/Фильтр Период Выручка' is clicked on

14-10-2024T11:23:37 - [TEST_STEP][PASSED] - click(findTestObject("Выручка в рублях/Снять выделение в фильтре Дата" + nameOfBlock)): Object: 'Object Repository/Выручка в рублях/Снять выделение в фильтре Дата Выручка' is clicked on

14-10-2024T11:23:38 - [MESSAGE][PASSED] - Object: 'Object Repository/Выручка в рублях/Снять выделение в фильтре Дата Выручка' is clicked on

14-10-2024T11:23:38 - [TEST_STEP][PASSED] - click(findTestObject("Выручка в рублях/Применить в фильтре Дата" + nameOfBlock)): Object: 'Object Repository/Выручка в рублях/Применить в фильтре Дата Выручка' is clicked on

14-10-2024T11:23:39 - [MESSAGE][PASSED] - Object: 'Object Repository/Выручка в рублях/Применить в фильтре Дата Выручка' is clicked on

14-10-2024T11:23:39 - [TEST_STEP][PASSED] - delay(50): Delayed 50 second(s)

14-10-2024T11:24:29 - [MESSAGE][PASSED] - Delayed 50 second(s)

14-10-2024T11:24:29 - [TEST_STEP][PASSED] - click(findTestObject("Выручка в рублях/Фильтр Период" + nameOfBlock)): Object: 'Object Repository/Выручка в рублях/Фильтр Период Выручка' is clicked on

14-10-2024T11:24:29 - [MESSAGE][PASSED] - Object: 'Object Repository/Выручка в рублях/Фильтр Период Выручка' is clicked on

14-10-2024T11:24:29 - [TEST_STEP][PASSED] - click(findTestObject("Выручка в рублях/Снять выделение в фильтре Дата" + nameOfBlock)): Object: 'Object Repository/Выручка в рублях/Снять выделение в фильтре Дата Выручка' is clicked on

14-10-2024T11:24:29 - [MESSAGE][PASSED] - Object: 'Object Repository/Выручка в рублях/Снять выделение в фильтре Дата Выручка' is clicked on

14-10-2024T11:24:29 - [TEST_STEP][PASSED] - scrollToElement(findTestObject("Выручка в рублях/2024 список" + nameOfBlock), 30): Scroll to object 'Object Repository/Выручка в рублях/2024 список Выручка' successfully

14-10-2024T11:24:30 - [MESSAGE][PASSED] - Scroll to object 'Object Repository/Выручка в рублях/2024 список Выручка' successfully

14-10-2024T11:24:30 - [TEST_STEP][PASSED] - click(findTestObject("Выручка в рублях/2024 список" + nameOfBlock)): Object: 'Object Repository/Выручка в рублях/2024 список Выручка' is clicked on

14-10-2024T11:24:30 - [MESSAGE][PASSED] - Object: 'Object Repository/Выручка в рублях/2024 список Выручка' is clicked on

14-10-2024T11:24:30 - [TEST_STEP][PASSED] - scrollToElement(findTestObject("Выручка в рублях/1 квартал 2024 выбрать" + nameOfBlock), 30): Scroll to object 'Object Repository/Выручка в рублях/1 квартал 2024 выбрать Выручка' successfully

14-10-2024T11:24:31 - [MESSAGE][PASSED] - Scroll to object 'Object Repository/Выручка в рублях/1 квартал 2024 выбрать Выручка' successfully

14-10-2024T11:24:31 - [TEST_STEP][PASSED] - click(findTestObject("Выручка в рублях/1 квартал 2024 выбрать" + nameOfBlock)): Object: 'Object Repository/Выручка в рублях/1 квартал 2024 выбрать Выручка' is clicked on

14-10-2024T11:24:31 - [MESSAGE][PASSED] - Object: 'Object Repository/Выручка в рублях/1 квартал 2024 выбрать Выручка' is clicked on

14-10-2024T11:24:31 - [TEST_STEP][PASSED] - scrollToElement(findTestObject("Выручка в рублях/2 квартал 2024 выбрать" + nameOfBlock), 30): Scroll to object 'Object Repository/Выручка в рублях/2 квартал 2024 выбрать Выручка' successfully

14-10-2024T11:24:31 - [MESSAGE][PASSED] - Scroll to object 'Object Repository/Выручка в рублях/2 квартал 2024 выбрать Выручка' successfully

14-10-2024T11:24:31 - [TEST_STEP][PASSED] - click(findTestObject("Выручка в рублях/2 квартал 2024 выбрать" + nameOfBlock)): Object: 'Object Repository/Выручка в рублях/2 квартал 2024 выбрать Выручка' is clicked on

14-10-2024T11:24:32 - [MESSAGE][PASSED] - Object: 'Object Repository/Выручка в рублях/2 квартал 2024 выбрать Выручка' is clicked on

14-10-2024T11:24:32 - [TEST_STEP][PASSED] - scrollToElement(findTestObject("Выручка в рублях/3 квартал 2024 список" + nameOfBlock), 30): Scroll to object 'Object Repository/Выручка в рублях/3 квартал 2024 список Выручка' successfully

14-10-2024T11:24:32 - [MESSAGE][PASSED] - Scroll to object 'Object Repository/Выручка в рублях/3 квартал 2024 список Выручка' successfully

14-10-2024T11:24:32 - [TEST_STEP][PASSED] - click(findTestObject("Выручка в рублях/3 квартал 2024 список" + nameOfBlock)): Object: 'Object Repository/Выручка в рублях/3 квартал 2024 список Выручка' is clicked on

14-10-2024T11:24:32 - [MESSAGE][PASSED] - Object: 'Object Repository/Выручка в рублях/3 квартал 2024 список Выручка' is clicked on

14-10-2024T11:24:32 - [TEST_STEP][PASSED] - click(findTestObject("Выручка в рублях/Июль 2024" + nameOfBlock)): Object: 'Object Repository/Выручка в рублях/Июль 2024 Выручка' is clicked on

14-10-2024T11:24:33 - [MESSAGE][PASSED] - Object: 'Object Repository/Выручка в рублях/Июль 2024 Выручка' is clicked on

14-10-2024T11:24:33 - [TEST_STEP][PASSED] - scrollToElement(findTestObject("Выручка в рублях/Август 2024" + nameOfBlock), 30): Scroll to object 'Object Repository/Выручка в рублях/Август 2024 Выручка' successfully

14-10-2024T11:24:33 - [MESSAGE][PASSED] - Scroll to object 'Object Repository/Выручка в рублях/Август 2024 Выручка' successfully

14-10-2024T11:24:33 - [TEST_STEP][PASSED] - click(findTestObject("Выручка в рублях/Август 2024" + nameOfBlock)): Object: 'Object Repository/Выручка в рублях/Август 2024 Выручка' is clicked on

14-10-2024T11:24:34 - [MESSAGE][PASSED] - Object: 'Object Repository/Выручка в рублях/Август 2024 Выручка' is clicked on

14-10-2024T11:24:34 - [TEST_STEP][PASSED] - scrollToElement(findTestObject("Выручка в рублях/Заголовок дашборда" + nameOfBlock), 30): Scroll to object 'Object Repository/Выручка в рублях/Заголовок дашборда Выручка' successfully

14-10-2024T11:24:34 - [MESSAGE][PASSED] - Scroll to object 'Object Repository/Выручка в рублях/Заголовок дашборда Выручка' successfully

14-10-2024T11:24:34 - [TEST_STEP][PASSED] - click(findTestObject("Выручка в рублях/Применить в фильтре Дата" + nameOfBlock)): Object: 'Object Repository/Выручка в рублях/Применить в фильтре Дата Выручка' is clicked on

14-10-2024T11:24:35 - [MESSAGE][PASSED] - Object: 'Object Repository/Выручка в рублях/Применить в фильтре Дата Выручка' is clicked on

14-10-2024T11:24:35 - [TEST_STEP][PASSED] - delay(50): Delayed 50 second(s)

14-10-2024T11:25:25 - [MESSAGE][PASSED] - Delayed 50 second(s)

14-10-2024T11:25:25 - [TEST_STEP][PASSED] - click(findTestObject("Выручка в рублях/Фильтр ДЗО" + nameOfBlock)): Object: 'Object Repository/Выручка в рублях/Фильтр ДЗО Выручка' is clicked on

14-10-2024T11:25:25 - [MESSAGE][PASSED] - Object: 'Object Repository/Выручка в рублях/Фильтр ДЗО Выручка' is clicked on

14-10-2024T11:25:25 - [TEST_STEP][PASSED] - click(findTestObject("Выручка в рублях/Снять выделение в фильтре ДЗО" + nameOfBlock)): Object: 'Object Repository/Выручка в рублях/Снять выделение в фильтре ДЗО Выручка' is clicked on

14-10-2024T11:25:26 - [MESSAGE][PASSED] - Object: 'Object Repository/Выручка в рублях/Снять выделение в фильтре ДЗО Выручка' is clicked on

14-10-2024T11:25:26 - [TEST_STEP][PASSED] - click(findTestObject("Выручка в рублях/Применить в фильтре ДЗО" + nameOfBlock)): Object: 'Object Repository/Выручка в рублях/Применить в фильтре ДЗО Выручка' is clicked on

14-10-2024T11:25:26 - [MESSAGE][PASSED] - Object: 'Object Repository/Выручка в рублях/Применить в фильтре ДЗО Выручка' is clicked on

14-10-2024T11:25:26 - [TEST_STEP][PASSED] - delay(50): Delayed 50 second(s)

14-10-2024T11:26:16 - [MESSAGE][PASSED] - Delayed 50 second(s)

14-10-2024T11:26:16 - [TEST_STEP][PASSED] - Script1710234207206.Tumbler(run, vir, block, nameOfBlock): null

14-10-2024T11:26:16 - [TEST_STEP][PASSED] - println("run:" + run): null

14-10-2024T11:26:16 - [TEST_STEP][PASSED] - println("vir:" + vir): null

14-10-2024T11:26:16 - [TEST_STEP][PASSED] - println("block:" + block): null

14-10-2024T11:26:16 - [TEST_STEP][PASSED] - println("nameOfBlock:" + nameOfBlock): null

14-10-2024T11:26:16 - [TEST_STEP][PASSED] - if (vir == 1): null

14-10-2024T11:26:16 - [TEST_STEP][PASSED] - else if (vir == 2): Object: 'Object Repository/Выручка в рублях/Применить в фильтре Выручка Выручка' is clicked on

14-10-2024T11:26:16 - [TEST_STEP][PASSED] - if (run == 2): Object: 'Object Repository/Выручка в рублях/Переключить отображение с млн на проценты Выручка в рублях Выручка' is clicked on

14-10-2024T11:26:16 - [TEST_STEP][PASSED] - click(findTestObject("Выручка в рублях/Переключить отображение с млн на проценты Выручка в рублях" + nameOfBlock)): Object: 'Object Repository/Выручка в рублях/Переключить отображение с млн на проценты Выручка в рублях Выручка' is clicked on

14-10-2024T11:26:16 - [MESSAGE][PASSED] - Object: 'Object Repository/Выручка в рублях/Переключить отображение с млн на проценты Выручка в рублях Выручка' is clicked on

14-10-2024T11:26:16 - [TEST_STEP][PASSED] - click(findTestObject("Выручка в рублях/Фильтр Выручка" + nameOfBlock)): Object: 'Object Repository/Выручка в рублях/Фильтр Выручка Выручка' is clicked on

14-10-2024T11:26:17 - [MESSAGE][PASSED] - Object: 'Object Repository/Выручка в рублях/Фильтр Выручка Выручка' is clicked on

14-10-2024T11:26:17 - [TEST_STEP][PASSED] - click(findTestObject("Выручка в рублях/Итого в фильтре Выручка" + nameOfBlock)): Object: 'Object Repository/Выручка в рублях/Итого в фильтре Выручка Выручка' is clicked on

14-10-2024T11:26:17 - [MESSAGE][PASSED] - Object: 'Object Repository/Выручка в рублях/Итого в фильтре Выручка Выручка' is clicked on

14-10-2024T11:26:17 - [TEST_STEP][PASSED] - click(findTestObject("Выручка в рублях/Применить в фильтре Выручка" + nameOfBlock)): Object: 'Object Repository/Выручка в рублях/Применить в фильтре Выручка Выручка' is clicked on

14-10-2024T11:26:18 - [MESSAGE][PASSED] - Object: 'Object Repository/Выручка в рублях/Применить в фильтре Выручка Выручка' is clicked on

14-10-2024T11:26:18 - [TEST_STEP][PASSED] - click(findTestObject("Выручка в рублях/Фильтр ДЗО" + nameOfBlock)): Object: 'Object Repository/Выручка в рублях/Фильтр ДЗО Выручка' is clicked on

14-10-2024T11:26:24 - [MESSAGE][PASSED] - Object: 'Object Repository/Выручка в рублях/Фильтр ДЗО Выручка' is clicked on

14-10-2024T11:26:24 - [TEST_STEP][PASSED] - Script1710234207206.Rosseti(nameOfBlock): null

14-10-2024T11:26:24 - [TEST_STEP][PASSED] - println("nameOfBlock:" + nameOfBlock): null

14-10-2024T11:26:24 - [TEST_STEP][PASSED] - click(findTestObject("Выручка в рублях/ПАО Россети" + nameOfBlock)): Object: 'Object Repository/Выручка в рублях/ПАО Россети Выручка' is clicked on

14-10-2024T11:26:25 - [MESSAGE][PASSED] - Object: 'Object Repository/Выручка в рублях/ПАО Россети Выручка' is clicked on

14-10-2024T11:26:25 - [TEST_STEP][PASSED] - click(findTestObject("Выручка в рублях/Применить в фильтре ДЗО" + nameOfBlock)): Object: 'Object Repository/Выручка в рублях/Применить в фильтре ДЗО Выручка' is clicked on

14-10-2024T11:26:25 - [MESSAGE][PASSED] - Object: 'Object Repository/Выручка в рублях/Применить в фильтре ДЗО Выручка' is clicked on

14-10-2024T11:26:25 - [TEST_STEP][PASSED] - if (vir == 1 || vir == 2): Text of object 'Object Repository/Выручка в рублях/График План Выручка' is: '922 071'

14-10-2024T11:26:25 - [TEST_STEP][PASSED] - b1 = getText(findTestObject("Выручка в рублях/График План Выручка")): Text of object 'Object Repository/Выручка в рублях/График План Выручка' is: '922 071'

14-10-2024T11:26:28 - [MESSAGE][PASSED] - Text of object 'Object Repository/Выручка в рублях/График План Выручка' is: '922 071'

14-10-2024T11:26:28 - [TEST_STEP][PASSED] - if (vir == 1 || vir == 2): Text of object 'Object Repository/Выручка в рублях/График Факт Выручка' is: '947 588'

14-10-2024T11:26:28 - [TEST_STEP][PASSED] - b2 = getText(findTestObject("Выручка в рублях/График Факт Выручка")): Text of object 'Object Repository/Выручка в рублях/График Факт Выручка' is: '947 588'

14-10-2024T11:26:28 - [MESSAGE][PASSED] - Text of object 'Object Repository/Выручка в рублях/График Факт Выручка' is: '947 588'

14-10-2024T11:26:28 - [TEST_STEP][PASSED] - b30 = getText(findTestObject("Выручка в рублях/span1" + perc)): Text of object 'Object Repository/Выручка в рублях/span1 Perc' is: '2.77 %'

14-10-2024T11:26:28 - [MESSAGE][PASSED] - Text of object 'Object Repository/Выручка в рублях/span1 Perc' is: '2.77 %'

14-10-2024T11:26:28 - [TEST_STEP][PASSED] - i = b30.indexOf("млн.руб."): null

14-10-2024T11:26:28 - [TEST_STEP][PASSED] - if (i > -1): null

14-10-2024T11:26:28 - [TEST_STEP][PASSED] - if (b30.contains("%")): null

14-10-2024T11:26:28 - [TEST_STEP][PASSED] - b30 = b30.replaceAll("%", ""): null

14-10-2024T11:26:28 - [TEST_STEP][PASSED] - b30 = ").trim(): null

14-10-2024T11:26:28 - [TEST_STEP][PASSED] - println("b30: " + b30): null

14-10-2024T11:26:28 - [TEST_STEP][PASSED] - if (vir == 1 || vir == 2): Text of object 'Object Repository/Выручка в рублях/span2 Perc' is: '199.89 %'

14-10-2024T11:26:28 - [TEST_STEP][PASSED] - b31 = ").trim(): Text of object 'Object Repository/Выручка в рублях/span2 Perc' is: '199.89 %'

14-10-2024T11:26:28 - [MESSAGE][PASSED] - Text of object 'Object Repository/Выручка в рублях/span2 Perc' is: '199.89 %'

14-10-2024T11:26:28 - [TEST_STEP][PASSED] - if (vir == 1 || vir == 2): Text of object 'Object Repository/Выручка в рублях/span3 Perc' is: '-46.26 %'

14-10-2024T11:26:28 - [TEST_STEP][PASSED] - b32 = ").trim(): Text of object 'Object Repository/Выручка в рублях/span3 Perc' is: '-46.26 %'

14-10-2024T11:26:29 - [MESSAGE][PASSED] - Text of object 'Object Repository/Выручка в рублях/span3 Perc' is: '-46.26 %'

14-10-2024T11:26:29 - [TEST_STEP][PASSED] - if (vir == 1 || vir == 2): Text of object 'Object Repository/Выручка в рублях/span8 Perc' is: '2.55 %'

14-10-2024T11:26:29 - [TEST_STEP][PASSED] - b33 = ").trim(): Text of object 'Object Repository/Выручка в рублях/span4 Perc' is: '0.24 %'

14-10-2024T11:26:29 - [MESSAGE][PASSED] - Text of object 'Object Repository/Выручка в рублях/span4 Perc' is: '0.24 %'

14-10-2024T11:26:29 - [TEST_STEP][PASSED] - b34 = ").trim(): Text of object 'Object Repository/Выручка в рублях/span5 Perc' is: '5.99 %'

14-10-2024T11:26:29 - [MESSAGE][PASSED] - Text of object 'Object Repository/Выручка в рублях/span5 Perc' is: '5.99 %'

14-10-2024T11:26:29 - [TEST_STEP][PASSED] - b35 = ").trim(): Text of object 'Object Repository/Выручка в рублях/span6 Perc' is: '5.58 %'

14-10-2024T11:26:30 - [MESSAGE][PASSED] - Text of object 'Object Repository/Выручка в рублях/span6 Perc' is: '5.58 %'

14-10-2024T11:26:30 - [TEST_STEP][PASSED] - b36 = ").trim(): Text of object 'Object Repository/Выручка в рублях/span7 Perc' is: '5.03 %'

14-10-2024T11:26:30 - [MESSAGE][PASSED] - Text of object 'Object Repository/Выручка в рублях/span7 Perc' is: '5.03 %'

14-10-2024T11:26:30 - [TEST_STEP][PASSED] - b37 = ").trim(): Text of object 'Object Repository/Выручка в рублях/span8 Perc' is: '2.55 %'

14-10-2024T11:26:30 - [MESSAGE][PASSED] - Text of object 'Object Repository/Выручка в рублях/span8 Perc' is: '2.55 %'

14-10-2024T11:26:30 - [TEST_STEP][PASSED] - if (vir == 1 || vir == 2): Text of object 'Object Repository/Выручка в рублях/span17 Perc' is: '3.22 %'

14-10-2024T11:26:30 - [TEST_STEP][PASSED] - b38 = ").trim(): Text of object 'Object Repository/Выручка в рублях/span9 Perc' is: '2.9 %'

14-10-2024T11:26:31 - [MESSAGE][PASSED] - Text of object 'Object Repository/Выручка в рублях/span9 Perc' is: '2.9 %'

14-10-2024T11:26:31 - [TEST_STEP][PASSED] - b39 = ").trim(): Text of object 'Object Repository/Выручка в рублях/span10 Perc' is: '4.21 %'

14-10-2024T11:26:31 - [MESSAGE][PASSED] - Text of object 'Object Repository/Выручка в рублях/span10 Perc' is: '4.21 %'

14-10-2024T11:26:31 - [TEST_STEP][PASSED] - b310 = ").trim(): Text of object 'Object Repository/Выручка в рублях/span11 Perc' is: '3.71 %'

14-10-2024T11:26:31 - [MESSAGE][PASSED] - Text of object 'Object Repository/Выручка в рублях/span11 Perc' is: '3.71 %'

14-10-2024T11:26:31 - [TEST_STEP][PASSED] - b311 = ").trim(): Text of object 'Object Repository/Выручка в рублях/span12 Perc' is: '-6.3 %'

14-10-2024T11:26:31 - [MESSAGE][PASSED] - Text of object 'Object Repository/Выручка в рублях/span12 Perc' is: '-6.3 %'

14-10-2024T11:26:31 - [TEST_STEP][PASSED] - b312 = ").trim(): Text of object 'Object Repository/Выручка в рублях/span13 Perc' is: '2.61 %'

14-10-2024T11:26:32 - [MESSAGE][PASSED] - Text of object 'Object Repository/Выручка в рублях/span13 Perc' is: '2.61 %'

14-10-2024T11:26:32 - [TEST_STEP][PASSED] - b313 = ").trim(): Text of object 'Object Repository/Выручка в рублях/span14 Perc' is: '0.66 %'

14-10-2024T11:26:32 - [MESSAGE][PASSED] - Text of object 'Object Repository/Выручка в рублях/span14 Perc' is: '0.66 %'

14-10-2024T11:26:32 - [TEST_STEP][PASSED] - b314 = ").trim(): Text of object 'Object Repository/Выручка в рублях/span15 Perc' is: '4.55 %'

14-10-2024T11:26:32 - [MESSAGE][PASSED] - Text of object 'Object Repository/Выручка в рублях/span15 Perc' is: '4.55 %'

14-10-2024T11:26:32 - [TEST_STEP][PASSED] - b315 = ").trim(): Text of object 'Object Repository/Выручка в рублях/span16 Perc' is: '4.79 %'

14-10-2024T11:26:33 - [MESSAGE][PASSED] - Text of object 'Object Repository/Выручка в рублях/span16 Perc' is: '4.79 %'

14-10-2024T11:26:33 - [TEST_STEP][PASSED] - b316 = ").trim(): Text of object 'Object Repository/Выручка в рублях/span17 Perc' is: '3.22 %'

14-10-2024T11:26:33 - [MESSAGE][PASSED] - Text of object 'Object Repository/Выручка в рублях/span17 Perc' is: '3.22 %'

14-10-2024T11:26:33 - [TEST_STEP][PASSED] - if (vir == 1 || vir == 2): Text of object 'Object Repository/Выручка в рублях/span18 Perc' is: '3.76 %'

14-10-2024T11:26:33 - [TEST_STEP][PASSED] - b317 = ").trim(): Text of object 'Object Repository/Выручка в рублях/span18 Perc' is: '3.76 %'

14-10-2024T11:26:33 - [MESSAGE][PASSED] - Text of object 'Object Repository/Выручка в рублях/span18 Perc' is: '3.76 %'

14-10-2024T11:26:33 - [TEST_STEP][PASSED] - dZO = "ПАО Россети": null

14-10-2024T11:26:33 - [TEST_STEP][PASSED] - if (verifyEqual(a1, b1) == false): Actual object '922 071' and expected object '922 071' are equal

14-10-2024T11:26:33 - [MESSAGE][PASSED] - Actual object '922 071' and expected object '922 071' are equal

14-10-2024T11:26:33 - [TEST_STEP][PASSED] - if (verifyEqual(a2, b2) == false): Actual object '947 588' and expected object '947 588' are equal

14-10-2024T11:26:33 - [MESSAGE][PASSED] - Actual object '947 588' and expected object '947 588' are equal

14-10-2024T11:26:33 - [TEST_STEP][PASSED] - vidget = "Отклонения": null

14-10-2024T11:26:33 - [TEST_STEP][FAILED] - if (verifyEqual(a30, b30) == false): null

14-10-2024T11:26:33 - [MESSAGE][FAILED] - Unable to verify equal between actual object '-23.24' and expected object '2.77' (Root cause: com.kms.katalon.core.exception.StepFailedException: Actual object '-23.24' and expected object '2.77' are not equal
	at com.kms.katalon.core.keyword.builtin.VerifyEqualKeyword$_verifyEqual_closure1.doCall(VerifyEqualKeyword.groovy:58)
	at com.kms.katalon.core.keyword.builtin.VerifyEqualKeyword$_verifyEqual_closure1.call(VerifyEqualKeyword.groovy)
	at com.kms.katalon.core.keyword.internal.KeywordMain.runKeyword(KeywordMain.groovy:75)
	at com.kms.katalon.core.keyword.builtin.VerifyEqualKeyword.verifyEqual(VerifyEqualKeyword.groovy:63)
	at com.kms.katalon.core.keyword.builtin.VerifyEqualKeyword.execute(VerifyEqualKeyword.groovy:44)
	at com.kms.katalon.core.keyword.internal.KeywordExecutor.executeKeywordForPlatform(KeywordExecutor.groovy:74)
	at com.kms.katalon.core.keyword.BuiltinKeywords.verifyEqual(BuiltinKeywords.groovy:146)
	at jdk.internal.reflect.GeneratedMethodAccessor19.invoke(Unknown Source)
	at java.base/jdk.internal.reflect.DelegatingMethodAccessorImpl.invoke(DelegatingMethodAccessorImpl.java:43)
	at Выручка в рублях сверка дашбордов ПАО Россети.Blocks(Выручка в рублях сверка дашбордов ПАО Россети:357)
	at Выручка в рублях сверка дашбордов ПАО Россети.ViruchkaChange(Выручка в рублях сверка дашбордов ПАО Россети:60)
	at Выручка в рублях сверка дашбордов ПАО Россети.run(Выручка в рублях сверка дашбордов ПАО Россети:55)
	at com.kms.katalon.core.main.ScriptEngine.run(ScriptEngine.java:194)
	at com.kms.katalon.core.main.ScriptEngine.runScriptAsRawText(ScriptEngine.java:119)
	at com.kms.katalon.core.main.TestCaseExecutor.runScript(TestCaseExecutor.java:448)
	at com.kms.katalon.core.main.TestCaseExecutor.doExecute(TestCaseExecutor.java:439)
	at com.kms.katalon.core.main.TestCaseExecutor.processExecutionPhase(TestCaseExecutor.java:418)
	at com.kms.katalon.core.main.TestCaseExecutor.accessMainPhase(TestCaseExecutor.java:410)
	at com.kms.katalon.core.main.TestCaseExecutor.execute(TestCaseExecutor.java:285)
	at com.kms.katalon.core.common.CommonExecutor.accessTestCaseMainPhase(CommonExecutor.java:65)
	at com.kms.katalon.core.main.TestSuiteExecutor.accessTestSuiteMainPhase(TestSuiteExecutor.java:150)
	at com.kms.katalon.core.main.TestSuiteExecutor.execute(TestSuiteExecutor.java:106)
	at com.kms.katalon.core.main.TestCaseMain.startTestSuite(TestCaseMain.java:180)
	at TempTestSuite1728890597227.run(TempTestSuite1728890597227.groovy:35)
	at java.base/jdk.internal.reflect.NativeMethodAccessorImpl.invoke0(Native Method)
	at java.base/jdk.internal.reflect.NativeMethodAccessorImpl.invoke(NativeMethodAccessorImpl.java:77)
	at java.base/jdk.internal.reflect.DelegatingMethodAccessorImpl.invoke(DelegatingMethodAccessorImpl.java:43)
)

14-10-2024T11:26:33 - [TEST_STEP][PASSED] - a = a30.toDouble(): null

14-10-2024T11:26:33 - [TEST_STEP][PASSED] - b = b30.toDouble(): null

14-10-2024T11:26:33 - [TEST_STEP][PASSED] - Script1710234207206.WriteToExcel(todaysDate, run, vir, block, typeOfData, viruchka, vidget, nameOfBlock, a, b, dZO): null

14-10-2024T11:26:33 - [TEST_STEP][PASSED] - println(run): null

14-10-2024T11:26:33 - [TEST_STEP][PASSED] - if (run == 1): null

14-10-2024T11:26:33 - [TEST_STEP][PASSED] - else if (run == 2): null

14-10-2024T11:26:33 - [TEST_STEP][PASSED] - typeOfData = "Проценты": null

14-10-2024T11:26:33 - [TEST_STEP][PASSED] - println("todaysDate:" + todaysDate): null

14-10-2024T11:26:33 - [TEST_STEP][PASSED] - println("typeOfData:" + typeOfData): null

14-10-2024T11:26:33 - [TEST_STEP][PASSED] - viruchka = getText(findTestObject("Выручка в рублях/Фильтр Выручка" + nameOfBlock)): Text of object 'Object Repository/Выручка в рублях/Фильтр Выручка Выручка' is: 'ПЕРЕДАЧА ЭЛЕКТРОЭНЕРГИИ (ИТОГО, по всем видам тарифа)'

14-10-2024T11:26:33 - [MESSAGE][PASSED] - Text of object 'Object Repository/Выручка в рублях/Фильтр Выручка Выручка' is: 'ПЕРЕДАЧА ЭЛЕКТРОЭНЕРГИИ (ИТОГО, по всем видам тарифа)'

14-10-2024T11:26:33 - [TEST_STEP][PASSED] - println("viruchka" + viruchka): null

14-10-2024T11:26:33 - [TEST_STEP][PASSED] - println("vidget" + vidget): null

14-10-2024T11:26:33 - [TEST_STEP][PASSED] - println("a" + a): null

14-10-2024T11:26:33 - [TEST_STEP][PASSED] - println("b" + b): null

14-10-2024T11:26:33 - [TEST_STEP][PASSED] - sheetName = "Sheet1": null

14-10-2024T11:26:33 - [TEST_STEP][PASSED] - data = findTestData("PlanFact"): null

14-10-2024T11:26:34 - [TEST_STEP][PASSED] - n = data.getRowNumbers() + 1: null

14-10-2024T11:26:34 - [TEST_STEP][PASSED] - period = getText(findTestObject("Выручка в рублях/Фильтр Период")): Text of object 'Object Repository/Выручка в рублях/Фильтр Период' is: 'Июль, Август и 1, 2 кв. 2024 года'

14-10-2024T11:26:34 - [MESSAGE][PASSED] - Text of object 'Object Repository/Выручка в рублях/Фильтр Период' is: 'Июль, Август и 1, 2 кв. 2024 года'

14-10-2024T11:26:34 - [TEST_STEP][PASSED] - println(period): null

14-10-2024T11:26:34 - [TEST_STEP][PASSED] - dashboardName = "Выручка в рублях": null

14-10-2024T11:26:34 - [TEST_STEP][PASSED] - workbook01 = getWorkbook(excelFilePath): null

14-10-2024T11:26:34 - [TEST_STEP][PASSED] - sheet01 = getExcelSheet(workbook01, sheetName): null

14-10-2024T11:26:34 - [TEST_STEP][PASSED] - setValueToCellByIndex(sheet01, n, 0, dashboardName): null

14-10-2024T11:26:34 - [TEST_STEP][PASSED] - setValueToCellByIndex(sheet01, n, 1, dZO): null

14-10-2024T11:26:34 - [TEST_STEP][PASSED] - setValueToCellByIndex(sheet01, n, 2, vidget): null

14-10-2024T11:26:34 - [TEST_STEP][PASSED] - setValueToCellByIndex(sheet01, n, 3, viruchka): null

14-10-2024T11:26:34 - [TEST_STEP][PASSED] - setValueToCellByIndex(sheet01, n, 4, typeOfData): null

14-10-2024T11:26:34 - [TEST_STEP][PASSED] - if (a == null): null

14-10-2024T11:26:34 - [TEST_STEP][PASSED] - else: null

14-10-2024T11:26:34 - [TEST_STEP][PASSED] - setValueToCellByIndex(sheet01, n, 5, a): null

14-10-2024T11:26:34 - [TEST_STEP][PASSED] - if (b == null): null

14-10-2024T11:26:34 - [TEST_STEP][PASSED] - else: null

14-10-2024T11:26:34 - [TEST_STEP][PASSED] - setValueToCellByIndex(sheet01, n, 6, b): null

14-10-2024T11:26:34 - [TEST_STEP][PASSED] - setValueToCellByIndex(sheet01, n, 7, period): null

14-10-2024T11:26:34 - [TEST_STEP][PASSED] - setValueToCellByIndex(sheet01, n, 8, todaysDate): null

14-10-2024T11:26:34 - [TEST_STEP][PASSED] - n = n + 1: null

14-10-2024T11:26:34 - [TEST_STEP][PASSED] - saveWorkbook(excelFilePath, workbook01): null

14-10-2024T11:26:34 - [TEST_STEP][PASSED] - dZO = "АО «Тываэнерго»": null

14-10-2024T11:26:34 - [TEST_STEP][PASSED] - if (verifyEqual(a31, b31) == false): Actual object '199.89' and expected object '199.89' are equal

14-10-2024T11:26:34 - [MESSAGE][PASSED] - Actual object '199.89' and expected object '199.89' are equal

14-10-2024T11:26:34 - [TEST_STEP][PASSED] - dZO = "АО «Чеченэнерго»": null

14-10-2024T11:26:34 - [TEST_STEP][FAILED] - if (verifyEqual(a32, b32) == false): null

14-10-2024T11:26:34 - [MESSAGE][FAILED] - Unable to verify equal between actual object '-73.13' and expected object '-46.26' (Root cause: com.kms.katalon.core.exception.StepFailedException: Actual object '-73.13' and expected object '-46.26' are not equal
	at com.kms.katalon.core.keyword.builtin.VerifyEqualKeyword$_verifyEqual_closure1.doCall(VerifyEqualKeyword.groovy:58)
	at com.kms.katalon.core.keyword.builtin.VerifyEqualKeyword$_verifyEqual_closure1.call(VerifyEqualKeyword.groovy)
	at com.kms.katalon.core.keyword.internal.KeywordMain.runKeyword(KeywordMain.groovy:75)
	at com.kms.katalon.core.keyword.builtin.VerifyEqualKeyword.verifyEqual(VerifyEqualKeyword.groovy:63)
	at com.kms.katalon.core.keyword.builtin.VerifyEqualKeyword.execute(VerifyEqualKeyword.groovy:44)
	at com.kms.katalon.core.keyword.internal.KeywordExecutor.executeKeywordForPlatform(KeywordExecutor.groovy:74)
	at com.kms.katalon.core.keyword.BuiltinKeywords.verifyEqual(BuiltinKeywords.groovy:146)
	at jdk.internal.reflect.GeneratedMethodAccessor19.invoke(Unknown Source)
	at java.base/jdk.internal.reflect.DelegatingMethodAccessorImpl.invoke(DelegatingMethodAccessorImpl.java:43)
	at Выручка в рублях сверка дашбордов ПАО Россети.Blocks(Выручка в рублях сверка дашбордов ПАО Россети:377)
	at Выручка в рублях сверка дашбордов ПАО Россети.ViruchkaChange(Выручка в рублях сверка дашбордов ПАО Россети:60)
	at Выручка в рублях сверка дашбордов ПАО Россети.run(Выручка в рублях сверка дашбордов ПАО Россети:55)
	at com.kms.katalon.core.main.ScriptEngine.run(ScriptEngine.java:194)
	at com.kms.katalon.core.main.ScriptEngine.runScriptAsRawText(ScriptEngine.java:119)
	at com.kms.katalon.core.main.TestCaseExecutor.runScript(TestCaseExecutor.java:448)
	at com.kms.katalon.core.main.TestCaseExecutor.doExecute(TestCaseExecutor.java:439)
	at com.kms.katalon.core.main.TestCaseExecutor.processExecutionPhase(TestCaseExecutor.java:418)
	at com.kms.katalon.core.main.TestCaseExecutor.accessMainPhase(TestCaseExecutor.java:410)
	at com.kms.katalon.core.main.TestCaseExecutor.execute(TestCaseExecutor.java:285)
	at com.kms.katalon.core.common.CommonExecutor.accessTestCaseMainPhase(CommonExecutor.java:65)
	at com.kms.katalon.core.main.TestSuiteExecutor.accessTestSuiteMainPhase(TestSuiteExecutor.java:150)
	at com.kms.katalon.core.main.TestSuiteExecutor.execute(TestSuiteExecutor.java:106)
	at com.kms.katalon.core.main.TestCaseMain.startTestSuite(TestCaseMain.java:180)
	at TempTestSuite1728890597227.run(TempTestSuite1728890597227.groovy:35)
	at java.base/jdk.internal.reflect.NativeMethodAccessorImpl.invoke0(Native Method)
	at java.base/jdk.internal.reflect.NativeMethodAccessorImpl.invoke(NativeMethodAccessorImpl.java:77)
	at java.base/jdk.internal.reflect.DelegatingMethodAccessorImpl.invoke(DelegatingMethodAccessorImpl.java:43)
)

14-10-2024T11:26:34 - [TEST_STEP][PASSED] - a = a32.toDouble(): null

14-10-2024T11:26:34 - [TEST_STEP][PASSED] - b = b32.toDouble(): null

14-10-2024T11:26:34 - [TEST_STEP][PASSED] - Script1710234207206.WriteToExcel(todaysDate, run, vir, block, typeOfData, viruchka, vidget, nameOfBlock, a, b, dZO): null

14-10-2024T11:26:34 - [TEST_STEP][PASSED] - println(run): null

14-10-2024T11:26:34 - [TEST_STEP][PASSED] - if (run == 1): null

14-10-2024T11:26:34 - [TEST_STEP][PASSED] - else if (run == 2): null

14-10-2024T11:26:34 - [TEST_STEP][PASSED] - typeOfData = "Проценты": null

14-10-2024T11:26:34 - [TEST_STEP][PASSED] - println("todaysDate:" + todaysDate): null

14-10-2024T11:26:34 - [TEST_STEP][PASSED] - println("typeOfData:" + typeOfData): null

14-10-2024T11:26:34 - [TEST_STEP][PASSED] - viruchka = getText(findTestObject("Выручка в рублях/Фильтр Выручка" + nameOfBlock)): Text of object 'Object Repository/Выручка в рублях/Фильтр Выручка Выручка' is: 'ПЕРЕДАЧА ЭЛЕКТРОЭНЕРГИИ (ИТОГО, по всем видам тарифа)'

14-10-2024T11:26:34 - [MESSAGE][PASSED] - Text of object 'Object Repository/Выручка в рублях/Фильтр Выручка Выручка' is: 'ПЕРЕДАЧА ЭЛЕКТРОЭНЕРГИИ (ИТОГО, по всем видам тарифа)'

14-10-2024T11:26:34 - [TEST_STEP][PASSED] - println("viruchka" + viruchka): null

14-10-2024T11:26:34 - [TEST_STEP][PASSED] - println("vidget" + vidget): null

14-10-2024T11:26:34 - [TEST_STEP][PASSED] - println("a" + a): null

14-10-2024T11:26:34 - [TEST_STEP][PASSED] - println("b" + b): null

14-10-2024T11:26:34 - [TEST_STEP][PASSED] - sheetName = "Sheet1": null

14-10-2024T11:26:34 - [TEST_STEP][PASSED] - data = findTestData("PlanFact"): null

14-10-2024T11:26:35 - [TEST_STEP][PASSED] - n = data.getRowNumbers() + 1: null

14-10-2024T11:26:35 - [TEST_STEP][PASSED] - period = getText(findTestObject("Выручка в рублях/Фильтр Период")): Text of object 'Object Repository/Выручка в рублях/Фильтр Период' is: 'Июль, Август и 1, 2 кв. 2024 года'

14-10-2024T11:26:35 - [MESSAGE][PASSED] - Text of object 'Object Repository/Выручка в рублях/Фильтр Период' is: 'Июль, Август и 1, 2 кв. 2024 года'

14-10-2024T11:26:35 - [TEST_STEP][PASSED] - println(period): null

14-10-2024T11:26:35 - [TEST_STEP][PASSED] - dashboardName = "Выручка в рублях": null

14-10-2024T11:26:35 - [TEST_STEP][PASSED] - workbook01 = getWorkbook(excelFilePath): null

14-10-2024T11:26:35 - [TEST_STEP][PASSED] - sheet01 = getExcelSheet(workbook01, sheetName): null

14-10-2024T11:26:35 - [TEST_STEP][PASSED] - setValueToCellByIndex(sheet01, n, 0, dashboardName): null

14-10-2024T11:26:35 - [TEST_STEP][PASSED] - setValueToCellByIndex(sheet01, n, 1, dZO): null

14-10-2024T11:26:35 - [TEST_STEP][PASSED] - setValueToCellByIndex(sheet01, n, 2, vidget): null

14-10-2024T11:26:35 - [TEST_STEP][PASSED] - setValueToCellByIndex(sheet01, n, 3, viruchka): null

14-10-2024T11:26:35 - [TEST_STEP][PASSED] - setValueToCellByIndex(sheet01, n, 4, typeOfData): null

14-10-2024T11:26:35 - [TEST_STEP][PASSED] - if (a == null): null

14-10-2024T11:26:35 - [TEST_STEP][PASSED] - else: null

14-10-2024T11:26:35 - [TEST_STEP][PASSED] - setValueToCellByIndex(sheet01, n, 5, a): null

14-10-2024T11:26:35 - [TEST_STEP][PASSED] - if (b == null): null

14-10-2024T11:26:35 - [TEST_STEP][PASSED] - else: null

14-10-2024T11:26:35 - [TEST_STEP][PASSED] - setValueToCellByIndex(sheet01, n, 6, b): null

14-10-2024T11:26:35 - [TEST_STEP][PASSED] - setValueToCellByIndex(sheet01, n, 7, period): null

14-10-2024T11:26:35 - [TEST_STEP][PASSED] - setValueToCellByIndex(sheet01, n, 8, todaysDate): null

14-10-2024T11:26:35 - [TEST_STEP][PASSED] - n = n + 1: null

14-10-2024T11:26:35 - [TEST_STEP][PASSED] - saveWorkbook(excelFilePath, workbook01): null

14-10-2024T11:26:35 - [TEST_STEP][PASSED] - dZO = "Россети Волга": null

14-10-2024T11:26:35 - [TEST_STEP][FAILED] - if (verifyEqual(a33, b33) == false): null

14-10-2024T11:26:35 - [MESSAGE][FAILED] - Unable to verify equal between actual object '-49.88' and expected object '0.24' (Root cause: com.kms.katalon.core.exception.StepFailedException: Actual object '-49.88' and expected object '0.24' are not equal
	at com.kms.katalon.core.keyword.builtin.VerifyEqualKeyword$_verifyEqual_closure1.doCall(VerifyEqualKeyword.groovy:58)
	at com.kms.katalon.core.keyword.builtin.VerifyEqualKeyword$_verifyEqual_closure1.call(VerifyEqualKeyword.groovy)
	at com.kms.katalon.core.keyword.internal.KeywordMain.runKeyword(KeywordMain.groovy:75)
	at com.kms.katalon.core.keyword.builtin.VerifyEqualKeyword.verifyEqual(VerifyEqualKeyword.groovy:63)
	at com.kms.katalon.core.keyword.builtin.VerifyEqualKeyword.execute(VerifyEqualKeyword.groovy:44)
	at com.kms.katalon.core.keyword.internal.KeywordExecutor.executeKeywordForPlatform(KeywordExecutor.groovy:74)
	at com.kms.katalon.core.keyword.BuiltinKeywords.verifyEqual(BuiltinKeywords.groovy:146)
	at jdk.internal.reflect.GeneratedMethodAccessor19.invoke(Unknown Source)
	at java.base/jdk.internal.reflect.DelegatingMethodAccessorImpl.invoke(DelegatingMethodAccessorImpl.java:43)
	at Выручка в рублях сверка дашбордов ПАО Россети.Blocks(Выручка в рублях сверка дашбордов ПАО Россети:387)
	at Выручка в рублях сверка дашбордов ПАО Россети.ViruchkaChange(Выручка в рублях сверка дашбордов ПАО Россети:60)
	at Выручка в рублях сверка дашбордов ПАО Россети.run(Выручка в рублях сверка дашбордов ПАО Россети:55)
	at com.kms.katalon.core.main.ScriptEngine.run(ScriptEngine.java:194)
	at com.kms.katalon.core.main.ScriptEngine.runScriptAsRawText(ScriptEngine.java:119)
	at com.kms.katalon.core.main.TestCaseExecutor.runScript(TestCaseExecutor.java:448)
	at com.kms.katalon.core.main.TestCaseExecutor.doExecute(TestCaseExecutor.java:439)
	at com.kms.katalon.core.main.TestCaseExecutor.processExecutionPhase(TestCaseExecutor.java:418)
	at com.kms.katalon.core.main.TestCaseExecutor.accessMainPhase(TestCaseExecutor.java:410)
	at com.kms.katalon.core.main.TestCaseExecutor.execute(TestCaseExecutor.java:285)
	at com.kms.katalon.core.common.CommonExecutor.accessTestCaseMainPhase(CommonExecutor.java:65)
	at com.kms.katalon.core.main.TestSuiteExecutor.accessTestSuiteMainPhase(TestSuiteExecutor.java:150)
	at com.kms.katalon.core.main.TestSuiteExecutor.execute(TestSuiteExecutor.java:106)
	at com.kms.katalon.core.main.TestCaseMain.startTestSuite(TestCaseMain.java:180)
	at TempTestSuite1728890597227.run(TempTestSuite1728890597227.groovy:35)
	at java.base/jdk.internal.reflect.NativeMethodAccessorImpl.invoke0(Native Method)
	at java.base/jdk.internal.reflect.NativeMethodAccessorImpl.invoke(NativeMethodAccessorImpl.java:77)
	at java.base/jdk.internal.reflect.DelegatingMethodAccessorImpl.invoke(DelegatingMethodAccessorImpl.java:43)
)

14-10-2024T11:26:35 - [TEST_STEP][PASSED] - a = a33.toDouble(): null

14-10-2024T11:26:35 - [TEST_STEP][PASSED] - b = b33.toDouble(): null

14-10-2024T11:26:35 - [TEST_STEP][PASSED] - Script1710234207206.WriteToExcel(todaysDate, run, vir, block, typeOfData, viruchka, vidget, nameOfBlock, a, b, dZO): null

14-10-2024T11:26:35 - [TEST_STEP][PASSED] - println(run): null

14-10-2024T11:26:35 - [TEST_STEP][PASSED] - if (run == 1): null

14-10-2024T11:26:35 - [TEST_STEP][PASSED] - else if (run == 2): null

14-10-2024T11:26:35 - [TEST_STEP][PASSED] - typeOfData = "Проценты": null

14-10-2024T11:26:35 - [TEST_STEP][PASSED] - println("todaysDate:" + todaysDate): null

14-10-2024T11:26:35 - [TEST_STEP][PASSED] - println("typeOfData:" + typeOfData): null

14-10-2024T11:26:35 - [TEST_STEP][PASSED] - viruchka = getText(findTestObject("Выручка в рублях/Фильтр Выручка" + nameOfBlock)): Text of object 'Object Repository/Выручка в рублях/Фильтр Выручка Выручка' is: 'ПЕРЕДАЧА ЭЛЕКТРОЭНЕРГИИ (ИТОГО, по всем видам тарифа)'

14-10-2024T11:26:35 - [MESSAGE][PASSED] - Text of object 'Object Repository/Выручка в рублях/Фильтр Выручка Выручка' is: 'ПЕРЕДАЧА ЭЛЕКТРОЭНЕРГИИ (ИТОГО, по всем видам тарифа)'

14-10-2024T11:26:35 - [TEST_STEP][PASSED] - println("viruchka" + viruchka): null

14-10-2024T11:26:35 - [TEST_STEP][PASSED] - println("vidget" + vidget): null

14-10-2024T11:26:35 - [TEST_STEP][PASSED] - println("a" + a): null

14-10-2024T11:26:35 - [TEST_STEP][PASSED] - println("b" + b): null

14-10-2024T11:26:35 - [TEST_STEP][PASSED] - sheetName = "Sheet1": null

14-10-2024T11:26:35 - [TEST_STEP][PASSED] - data = findTestData("PlanFact"): null

14-10-2024T11:26:36 - [TEST_STEP][PASSED] - n = data.getRowNumbers() + 1: null

14-10-2024T11:26:36 - [TEST_STEP][PASSED] - period = getText(findTestObject("Выручка в рублях/Фильтр Период")): Text of object 'Object Repository/Выручка в рублях/Фильтр Период' is: 'Июль, Август и 1, 2 кв. 2024 года'

14-10-2024T11:26:36 - [MESSAGE][PASSED] - Text of object 'Object Repository/Выручка в рублях/Фильтр Период' is: 'Июль, Август и 1, 2 кв. 2024 года'

14-10-2024T11:26:36 - [TEST_STEP][PASSED] - println(period): null

14-10-2024T11:26:36 - [TEST_STEP][PASSED] - dashboardName = "Выручка в рублях": null

14-10-2024T11:26:36 - [TEST_STEP][PASSED] - workbook01 = getWorkbook(excelFilePath): null

14-10-2024T11:26:36 - [TEST_STEP][PASSED] - sheet01 = getExcelSheet(workbook01, sheetName): null

14-10-2024T11:26:36 - [TEST_STEP][PASSED] - setValueToCellByIndex(sheet01, n, 0, dashboardName): null

14-10-2024T11:26:36 - [TEST_STEP][PASSED] - setValueToCellByIndex(sheet01, n, 1, dZO): null

14-10-2024T11:26:36 - [TEST_STEP][PASSED] - setValueToCellByIndex(sheet01, n, 2, vidget): null

14-10-2024T11:26:36 - [TEST_STEP][PASSED] - setValueToCellByIndex(sheet01, n, 3, viruchka): null

14-10-2024T11:26:36 - [TEST_STEP][PASSED] - setValueToCellByIndex(sheet01, n, 4, typeOfData): null

14-10-2024T11:26:36 - [TEST_STEP][PASSED] - if (a == null): null

14-10-2024T11:26:36 - [TEST_STEP][PASSED] - else: null

14-10-2024T11:26:36 - [TEST_STEP][PASSED] - setValueToCellByIndex(sheet01, n, 5, a): null

14-10-2024T11:26:36 - [TEST_STEP][PASSED] - if (b == null): null

14-10-2024T11:26:36 - [TEST_STEP][PASSED] - else: null

14-10-2024T11:26:36 - [TEST_STEP][PASSED] - setValueToCellByIndex(sheet01, n, 6, b): null

14-10-2024T11:26:36 - [TEST_STEP][PASSED] - setValueToCellByIndex(sheet01, n, 7, period): null

14-10-2024T11:26:36 - [TEST_STEP][PASSED] - setValueToCellByIndex(sheet01, n, 8, todaysDate): null

14-10-2024T11:26:36 - [TEST_STEP][PASSED] - n = n + 1: null

14-10-2024T11:26:36 - [TEST_STEP][PASSED] - saveWorkbook(excelFilePath, workbook01): null

14-10-2024T11:26:36 - [TEST_STEP][PASSED] - dZO = "Россети Кубань": null

14-10-2024T11:26:36 - [TEST_STEP][FAILED] - if (verifyEqual(a34, b34) == false): null

14-10-2024T11:26:36 - [MESSAGE][FAILED] - Unable to verify equal between actual object '-47.01' and expected object '5.99' (Root cause: com.kms.katalon.core.exception.StepFailedException: Actual object '-47.01' and expected object '5.99' are not equal
	at com.kms.katalon.core.keyword.builtin.VerifyEqualKeyword$_verifyEqual_closure1.doCall(VerifyEqualKeyword.groovy:58)
	at com.kms.katalon.core.keyword.builtin.VerifyEqualKeyword$_verifyEqual_closure1.call(VerifyEqualKeyword.groovy)
	at com.kms.katalon.core.keyword.internal.KeywordMain.runKeyword(KeywordMain.groovy:75)
	at com.kms.katalon.core.keyword.builtin.VerifyEqualKeyword.verifyEqual(VerifyEqualKeyword.groovy:63)
	at com.kms.katalon.core.keyword.builtin.VerifyEqualKeyword.execute(VerifyEqualKeyword.groovy:44)
	at com.kms.katalon.core.keyword.internal.KeywordExecutor.executeKeywordForPlatform(KeywordExecutor.groovy:74)
	at com.kms.katalon.core.keyword.BuiltinKeywords.verifyEqual(BuiltinKeywords.groovy:146)
	at jdk.internal.reflect.GeneratedMethodAccessor19.invoke(Unknown Source)
	at java.base/jdk.internal.reflect.DelegatingMethodAccessorImpl.invoke(DelegatingMethodAccessorImpl.java:43)
	at Выручка в рублях сверка дашбордов ПАО Россети.Blocks(Выручка в рублях сверка дашбордов ПАО Россети:397)
	at Выручка в рублях сверка дашбордов ПАО Россети.ViruchkaChange(Выручка в рублях сверка дашбордов ПАО Россети:60)
	at Выручка в рублях сверка дашбордов ПАО Россети.run(Выручка в рублях сверка дашбордов ПАО Россети:55)
	at com.kms.katalon.core.main.ScriptEngine.run(ScriptEngine.java:194)
	at com.kms.katalon.core.main.ScriptEngine.runScriptAsRawText(ScriptEngine.java:119)
	at com.kms.katalon.core.main.TestCaseExecutor.runScript(TestCaseExecutor.java:448)
	at com.kms.katalon.core.main.TestCaseExecutor.doExecute(TestCaseExecutor.java:439)
	at com.kms.katalon.core.main.TestCaseExecutor.processExecutionPhase(TestCaseExecutor.java:418)
	at com.kms.katalon.core.main.TestCaseExecutor.accessMainPhase(TestCaseExecutor.java:410)
	at com.kms.katalon.core.main.TestCaseExecutor.execute(TestCaseExecutor.java:285)
	at com.kms.katalon.core.common.CommonExecutor.accessTestCaseMainPhase(CommonExecutor.java:65)
	at com.kms.katalon.core.main.TestSuiteExecutor.accessTestSuiteMainPhase(TestSuiteExecutor.java:150)
	at com.kms.katalon.core.main.TestSuiteExecutor.execute(TestSuiteExecutor.java:106)
	at com.kms.katalon.core.main.TestCaseMain.startTestSuite(TestCaseMain.java:180)
	at TempTestSuite1728890597227.run(TempTestSuite1728890597227.groovy:35)
	at java.base/jdk.internal.reflect.NativeMethodAccessorImpl.invoke0(Native Method)
	at java.base/jdk.internal.reflect.NativeMethodAccessorImpl.invoke(NativeMethodAccessorImpl.java:77)
	at java.base/jdk.internal.reflect.DelegatingMethodAccessorImpl.invoke(DelegatingMethodAccessorImpl.java:43)
)

14-10-2024T11:26:36 - [TEST_STEP][PASSED] - a = a34.toDouble(): null

14-10-2024T11:26:36 - [TEST_STEP][PASSED] - b = b34.toDouble(): null

14-10-2024T11:26:36 - [TEST_STEP][PASSED] - Script1710234207206.WriteToExcel(todaysDate, run, vir, block, typeOfData, viruchka, vidget, nameOfBlock, a, b, dZO): null

14-10-2024T11:26:36 - [TEST_STEP][PASSED] - println(run): null

14-10-2024T11:26:36 - [TEST_STEP][PASSED] - if (run == 1): null

14-10-2024T11:26:36 - [TEST_STEP][PASSED] - else if (run == 2): null

14-10-2024T11:26:36 - [TEST_STEP][PASSED] - typeOfData = "Проценты": null

14-10-2024T11:26:36 - [TEST_STEP][PASSED] - println("todaysDate:" + todaysDate): null

14-10-2024T11:26:36 - [TEST_STEP][PASSED] - println("typeOfData:" + typeOfData): null

14-10-2024T11:26:36 - [TEST_STEP][PASSED] - viruchka = getText(findTestObject("Выручка в рублях/Фильтр Выручка" + nameOfBlock)): Text of object 'Object Repository/Выручка в рублях/Фильтр Выручка Выручка' is: 'ПЕРЕДАЧА ЭЛЕКТРОЭНЕРГИИ (ИТОГО, по всем видам тарифа)'

14-10-2024T11:26:36 - [MESSAGE][PASSED] - Text of object 'Object Repository/Выручка в рублях/Фильтр Выручка Выручка' is: 'ПЕРЕДАЧА ЭЛЕКТРОЭНЕРГИИ (ИТОГО, по всем видам тарифа)'

14-10-2024T11:26:36 - [TEST_STEP][PASSED] - println("viruchka" + viruchka): null

14-10-2024T11:26:36 - [TEST_STEP][PASSED] - println("vidget" + vidget): null

14-10-2024T11:26:36 - [TEST_STEP][PASSED] - println("a" + a): null

14-10-2024T11:26:36 - [TEST_STEP][PASSED] - println("b" + b): null

14-10-2024T11:26:36 - [TEST_STEP][PASSED] - sheetName = "Sheet1": null

14-10-2024T11:26:36 - [TEST_STEP][PASSED] - data = findTestData("PlanFact"): null

14-10-2024T11:26:36 - [TEST_STEP][PASSED] - n = data.getRowNumbers() + 1: null

14-10-2024T11:26:36 - [TEST_STEP][PASSED] - period = getText(findTestObject("Выручка в рублях/Фильтр Период")): Text of object 'Object Repository/Выручка в рублях/Фильтр Период' is: 'Июль, Август и 1, 2 кв. 2024 года'

14-10-2024T11:26:37 - [MESSAGE][PASSED] - Text of object 'Object Repository/Выручка в рублях/Фильтр Период' is: 'Июль, Август и 1, 2 кв. 2024 года'

14-10-2024T11:26:37 - [TEST_STEP][PASSED] - println(period): null

14-10-2024T11:26:37 - [TEST_STEP][PASSED] - dashboardName = "Выручка в рублях": null

14-10-2024T11:26:37 - [TEST_STEP][PASSED] - workbook01 = getWorkbook(excelFilePath): null

14-10-2024T11:26:37 - [TEST_STEP][PASSED] - sheet01 = getExcelSheet(workbook01, sheetName): null

14-10-2024T11:26:37 - [TEST_STEP][PASSED] - setValueToCellByIndex(sheet01, n, 0, dashboardName): null

14-10-2024T11:26:37 - [TEST_STEP][PASSED] - setValueToCellByIndex(sheet01, n, 1, dZO): null

14-10-2024T11:26:37 - [TEST_STEP][PASSED] - setValueToCellByIndex(sheet01, n, 2, vidget): null

14-10-2024T11:26:37 - [TEST_STEP][PASSED] - setValueToCellByIndex(sheet01, n, 3, viruchka): null

14-10-2024T11:26:37 - [TEST_STEP][PASSED] - setValueToCellByIndex(sheet01, n, 4, typeOfData): null

14-10-2024T11:26:37 - [TEST_STEP][PASSED] - if (a == null): null

14-10-2024T11:26:37 - [TEST_STEP][PASSED] - else: null

14-10-2024T11:26:37 - [TEST_STEP][PASSED] - setValueToCellByIndex(sheet01, n, 5, a): null

14-10-2024T11:26:37 - [TEST_STEP][PASSED] - if (b == null): null

14-10-2024T11:26:37 - [TEST_STEP][PASSED] - else: null

14-10-2024T11:26:37 - [TEST_STEP][PASSED] - setValueToCellByIndex(sheet01, n, 6, b): null

14-10-2024T11:26:37 - [TEST_STEP][PASSED] - setValueToCellByIndex(sheet01, n, 7, period): null

14-10-2024T11:26:37 - [TEST_STEP][PASSED] - setValueToCellByIndex(sheet01, n, 8, todaysDate): null

14-10-2024T11:26:37 - [TEST_STEP][PASSED] - n = n + 1: null

14-10-2024T11:26:37 - [TEST_STEP][PASSED] - saveWorkbook(excelFilePath, workbook01): null

14-10-2024T11:26:37 - [TEST_STEP][PASSED] - dZO = "Россети Ленэнерго (ГК)": null

14-10-2024T11:26:37 - [TEST_STEP][FAILED] - if (verifyEqual(a35, b35) == false): null

14-10-2024T11:26:37 - [MESSAGE][FAILED] - Unable to verify equal between actual object '-47.21' and expected object '5.58' (Root cause: com.kms.katalon.core.exception.StepFailedException: Actual object '-47.21' and expected object '5.58' are not equal
	at com.kms.katalon.core.keyword.builtin.VerifyEqualKeyword$_verifyEqual_closure1.doCall(VerifyEqualKeyword.groovy:58)
	at com.kms.katalon.core.keyword.builtin.VerifyEqualKeyword$_verifyEqual_closure1.call(VerifyEqualKeyword.groovy)
	at com.kms.katalon.core.keyword.internal.KeywordMain.runKeyword(KeywordMain.groovy:75)
	at com.kms.katalon.core.keyword.builtin.VerifyEqualKeyword.verifyEqual(VerifyEqualKeyword.groovy:63)
	at com.kms.katalon.core.keyword.builtin.VerifyEqualKeyword.execute(VerifyEqualKeyword.groovy:44)
	at com.kms.katalon.core.keyword.internal.KeywordExecutor.executeKeywordForPlatform(KeywordExecutor.groovy:74)
	at com.kms.katalon.core.keyword.BuiltinKeywords.verifyEqual(BuiltinKeywords.groovy:146)
	at jdk.internal.reflect.GeneratedMethodAccessor19.invoke(Unknown Source)
	at java.base/jdk.internal.reflect.DelegatingMethodAccessorImpl.invoke(DelegatingMethodAccessorImpl.java:43)
	at Выручка в рублях сверка дашбордов ПАО Россети.Blocks(Выручка в рублях сверка дашбордов ПАО Россети:407)
	at Выручка в рублях сверка дашбордов ПАО Россети.ViruchkaChange(Выручка в рублях сверка дашбордов ПАО Россети:60)
	at Выручка в рублях сверка дашбордов ПАО Россети.run(Выручка в рублях сверка дашбордов ПАО Россети:55)
	at com.kms.katalon.core.main.ScriptEngine.run(ScriptEngine.java:194)
	at com.kms.katalon.core.main.ScriptEngine.runScriptAsRawText(ScriptEngine.java:119)
	at com.kms.katalon.core.main.TestCaseExecutor.runScript(TestCaseExecutor.java:448)
	at com.kms.katalon.core.main.TestCaseExecutor.doExecute(TestCaseExecutor.java:439)
	at com.kms.katalon.core.main.TestCaseExecutor.processExecutionPhase(TestCaseExecutor.java:418)
	at com.kms.katalon.core.main.TestCaseExecutor.accessMainPhase(TestCaseExecutor.java:410)
	at com.kms.katalon.core.main.TestCaseExecutor.execute(TestCaseExecutor.java:285)
	at com.kms.katalon.core.common.CommonExecutor.accessTestCaseMainPhase(CommonExecutor.java:65)
	at com.kms.katalon.core.main.TestSuiteExecutor.accessTestSuiteMainPhase(TestSuiteExecutor.java:150)
	at com.kms.katalon.core.main.TestSuiteExecutor.execute(TestSuiteExecutor.java:106)
	at com.kms.katalon.core.main.TestCaseMain.startTestSuite(TestCaseMain.java:180)
	at TempTestSuite1728890597227.run(TempTestSuite1728890597227.groovy:35)
	at java.base/jdk.internal.reflect.NativeMethodAccessorImpl.invoke0(Native Method)
	at java.base/jdk.internal.reflect.NativeMethodAccessorImpl.invoke(NativeMethodAccessorImpl.java:77)
	at java.base/jdk.internal.reflect.DelegatingMethodAccessorImpl.invoke(DelegatingMethodAccessorImpl.java:43)
)

14-10-2024T11:26:37 - [TEST_STEP][PASSED] - a = a35.toDouble(): null

14-10-2024T11:26:37 - [TEST_STEP][PASSED] - b = b35.toDouble(): null

14-10-2024T11:26:37 - [TEST_STEP][PASSED] - Script1710234207206.WriteToExcel(todaysDate, run, vir, block, typeOfData, viruchka, vidget, nameOfBlock, a, b, dZO): null

14-10-2024T11:26:37 - [TEST_STEP][PASSED] - println(run): null

14-10-2024T11:26:37 - [TEST_STEP][PASSED] - if (run == 1): null

14-10-2024T11:26:37 - [TEST_STEP][PASSED] - else if (run == 2): null

14-10-2024T11:26:37 - [TEST_STEP][PASSED] - typeOfData = "Проценты": null

14-10-2024T11:26:37 - [TEST_STEP][PASSED] - println("todaysDate:" + todaysDate): null

14-10-2024T11:26:37 - [TEST_STEP][PASSED] - println("typeOfData:" + typeOfData): null

14-10-2024T11:26:37 - [TEST_STEP][PASSED] - viruchka = getText(findTestObject("Выручка в рублях/Фильтр Выручка" + nameOfBlock)): Text of object 'Object Repository/Выручка в рублях/Фильтр Выручка Выручка' is: 'ПЕРЕДАЧА ЭЛЕКТРОЭНЕРГИИ (ИТОГО, по всем видам тарифа)'

14-10-2024T11:26:37 - [MESSAGE][PASSED] - Text of object 'Object Repository/Выручка в рублях/Фильтр Выручка Выручка' is: 'ПЕРЕДАЧА ЭЛЕКТРОЭНЕРГИИ (ИТОГО, по всем видам тарифа)'

14-10-2024T11:26:37 - [TEST_STEP][PASSED] - println("viruchka" + viruchka): null

14-10-2024T11:26:37 - [TEST_STEP][PASSED] - println("vidget" + vidget): null

14-10-2024T11:26:37 - [TEST_STEP][PASSED] - println("a" + a): null

14-10-2024T11:26:37 - [TEST_STEP][PASSED] - println("b" + b): null

14-10-2024T11:26:37 - [TEST_STEP][PASSED] - sheetName = "Sheet1": null

14-10-2024T11:26:37 - [TEST_STEP][PASSED] - data = findTestData("PlanFact"): null

14-10-2024T11:26:37 - [TEST_STEP][PASSED] - n = data.getRowNumbers() + 1: null

14-10-2024T11:26:37 - [TEST_STEP][PASSED] - period = getText(findTestObject("Выручка в рублях/Фильтр Период")): Text of object 'Object Repository/Выручка в рублях/Фильтр Период' is: 'Июль, Август и 1, 2 кв. 2024 года'

14-10-2024T11:26:38 - [MESSAGE][PASSED] - Text of object 'Object Repository/Выручка в рублях/Фильтр Период' is: 'Июль, Август и 1, 2 кв. 2024 года'

14-10-2024T11:26:38 - [TEST_STEP][PASSED] - println(period): null

14-10-2024T11:26:38 - [TEST_STEP][PASSED] - dashboardName = "Выручка в рублях": null

14-10-2024T11:26:38 - [TEST_STEP][PASSED] - workbook01 = getWorkbook(excelFilePath): null

14-10-2024T11:26:38 - [TEST_STEP][PASSED] - sheet01 = getExcelSheet(workbook01, sheetName): null

14-10-2024T11:26:38 - [TEST_STEP][PASSED] - setValueToCellByIndex(sheet01, n, 0, dashboardName): null

14-10-2024T11:26:38 - [TEST_STEP][PASSED] - setValueToCellByIndex(sheet01, n, 1, dZO): null

14-10-2024T11:26:38 - [TEST_STEP][PASSED] - setValueToCellByIndex(sheet01, n, 2, vidget): null

14-10-2024T11:26:38 - [TEST_STEP][PASSED] - setValueToCellByIndex(sheet01, n, 3, viruchka): null

14-10-2024T11:26:38 - [TEST_STEP][PASSED] - setValueToCellByIndex(sheet01, n, 4, typeOfData): null

14-10-2024T11:26:38 - [TEST_STEP][PASSED] - if (a == null): null

14-10-2024T11:26:38 - [TEST_STEP][PASSED] - else: null

14-10-2024T11:26:38 - [TEST_STEP][PASSED] - setValueToCellByIndex(sheet01, n, 5, a): null

14-10-2024T11:26:38 - [TEST_STEP][PASSED] - if (b == null): null

14-10-2024T11:26:38 - [TEST_STEP][PASSED] - else: null

14-10-2024T11:26:38 - [TEST_STEP][PASSED] - setValueToCellByIndex(sheet01, n, 6, b): null

14-10-2024T11:26:38 - [TEST_STEP][PASSED] - setValueToCellByIndex(sheet01, n, 7, period): null

14-10-2024T11:26:38 - [TEST_STEP][PASSED] - setValueToCellByIndex(sheet01, n, 8, todaysDate): null

14-10-2024T11:26:38 - [TEST_STEP][PASSED] - n = n + 1: null

14-10-2024T11:26:38 - [TEST_STEP][PASSED] - saveWorkbook(excelFilePath, workbook01): null

14-10-2024T11:26:38 - [TEST_STEP][PASSED] - dZO = "Россети Московский регион": null

14-10-2024T11:26:38 - [TEST_STEP][PASSED] - if (verifyEqual(a36, b36) == false): Actual object '5.03' and expected object '5.03' are equal

14-10-2024T11:26:38 - [MESSAGE][PASSED] - Actual object '5.03' and expected object '5.03' are equal

14-10-2024T11:26:38 - [TEST_STEP][PASSED] - dZO = "Россети Северный Кавказ (ГК)": null

14-10-2024T11:26:38 - [TEST_STEP][FAILED] - if (verifyEqual(a37, b37) == false): null

14-10-2024T11:26:38 - [MESSAGE][FAILED] - Unable to verify equal between actual object '-48.91' and expected object '2.55' (Root cause: com.kms.katalon.core.exception.StepFailedException: Actual object '-48.91' and expected object '2.55' are not equal
	at com.kms.katalon.core.keyword.builtin.VerifyEqualKeyword$_verifyEqual_closure1.doCall(VerifyEqualKeyword.groovy:58)
	at com.kms.katalon.core.keyword.builtin.VerifyEqualKeyword$_verifyEqual_closure1.call(VerifyEqualKeyword.groovy)
	at com.kms.katalon.core.keyword.internal.KeywordMain.runKeyword(KeywordMain.groovy:75)
	at com.kms.katalon.core.keyword.builtin.VerifyEqualKeyword.verifyEqual(VerifyEqualKeyword.groovy:63)
	at com.kms.katalon.core.keyword.builtin.VerifyEqualKeyword.execute(VerifyEqualKeyword.groovy:44)
	at com.kms.katalon.core.keyword.internal.KeywordExecutor.executeKeywordForPlatform(KeywordExecutor.groovy:74)
	at com.kms.katalon.core.keyword.BuiltinKeywords.verifyEqual(BuiltinKeywords.groovy:146)
	at jdk.internal.reflect.GeneratedMethodAccessor19.invoke(Unknown Source)
	at java.base/jdk.internal.reflect.DelegatingMethodAccessorImpl.invoke(DelegatingMethodAccessorImpl.java:43)
	at Выручка в рублях сверка дашбордов ПАО Россети.Blocks(Выручка в рублях сверка дашбордов ПАО Россети:427)
	at Выручка в рублях сверка дашбордов ПАО Россети.ViruchkaChange(Выручка в рублях сверка дашбордов ПАО Россети:60)
	at Выручка в рублях сверка дашбордов ПАО Россети.run(Выручка в рублях сверка дашбордов ПАО Россети:55)
	at com.kms.katalon.core.main.ScriptEngine.run(ScriptEngine.java:194)
	at com.kms.katalon.core.main.ScriptEngine.runScriptAsRawText(ScriptEngine.java:119)
	at com.kms.katalon.core.main.TestCaseExecutor.runScript(TestCaseExecutor.java:448)
	at com.kms.katalon.core.main.TestCaseExecutor.doExecute(TestCaseExecutor.java:439)
	at com.kms.katalon.core.main.TestCaseExecutor.processExecutionPhase(TestCaseExecutor.java:418)
	at com.kms.katalon.core.main.TestCaseExecutor.accessMainPhase(TestCaseExecutor.java:410)
	at com.kms.katalon.core.main.TestCaseExecutor.execute(TestCaseExecutor.java:285)
	at com.kms.katalon.core.common.CommonExecutor.accessTestCaseMainPhase(CommonExecutor.java:65)
	at com.kms.katalon.core.main.TestSuiteExecutor.accessTestSuiteMainPhase(TestSuiteExecutor.java:150)
	at com.kms.katalon.core.main.TestSuiteExecutor.execute(TestSuiteExecutor.java:106)
	at com.kms.katalon.core.main.TestCaseMain.startTestSuite(TestCaseMain.java:180)
	at TempTestSuite1728890597227.run(TempTestSuite1728890597227.groovy:35)
	at java.base/jdk.internal.reflect.NativeMethodAccessorImpl.invoke0(Native Method)
	at java.base/jdk.internal.reflect.NativeMethodAccessorImpl.invoke(NativeMethodAccessorImpl.java:77)
	at java.base/jdk.internal.reflect.DelegatingMethodAccessorImpl.invoke(DelegatingMethodAccessorImpl.java:43)
)

14-10-2024T11:26:38 - [TEST_STEP][PASSED] - a = a37.toDouble(): null

14-10-2024T11:26:38 - [TEST_STEP][PASSED] - b = b37.toDouble(): null

14-10-2024T11:26:38 - [TEST_STEP][PASSED] - Script1710234207206.WriteToExcel(todaysDate, run, vir, block, typeOfData, viruchka, vidget, nameOfBlock, a, b, dZO): null

14-10-2024T11:26:38 - [TEST_STEP][PASSED] - println(run): null

14-10-2024T11:26:38 - [TEST_STEP][PASSED] - if (run == 1): null

14-10-2024T11:26:38 - [TEST_STEP][PASSED] - else if (run == 2): null

14-10-2024T11:26:38 - [TEST_STEP][PASSED] - typeOfData = "Проценты": null

14-10-2024T11:26:38 - [TEST_STEP][PASSED] - println("todaysDate:" + todaysDate): null

14-10-2024T11:26:38 - [TEST_STEP][PASSED] - println("typeOfData:" + typeOfData): null

14-10-2024T11:26:38 - [TEST_STEP][PASSED] - viruchka = getText(findTestObject("Выручка в рублях/Фильтр Выручка" + nameOfBlock)): Text of object 'Object Repository/Выручка в рублях/Фильтр Выручка Выручка' is: 'ПЕРЕДАЧА ЭЛЕКТРОЭНЕРГИИ (ИТОГО, по всем видам тарифа)'

14-10-2024T11:26:38 - [MESSAGE][PASSED] - Text of object 'Object Repository/Выручка в рублях/Фильтр Выручка Выручка' is: 'ПЕРЕДАЧА ЭЛЕКТРОЭНЕРГИИ (ИТОГО, по всем видам тарифа)'

14-10-2024T11:26:38 - [TEST_STEP][PASSED] - println("viruchka" + viruchka): null

14-10-2024T11:26:38 - [TEST_STEP][PASSED] - println("vidget" + vidget): null

14-10-2024T11:26:38 - [TEST_STEP][PASSED] - println("a" + a): null

14-10-2024T11:26:38 - [TEST_STEP][PASSED] - println("b" + b): null

14-10-2024T11:26:38 - [TEST_STEP][PASSED] - sheetName = "Sheet1": null

14-10-2024T11:26:38 - [TEST_STEP][PASSED] - data = findTestData("PlanFact"): null

14-10-2024T11:26:38 - [TEST_STEP][PASSED] - n = data.getRowNumbers() + 1: null

14-10-2024T11:26:38 - [TEST_STEP][PASSED] - period = getText(findTestObject("Выручка в рублях/Фильтр Период")): Text of object 'Object Repository/Выручка в рублях/Фильтр Период' is: 'Июль, Август и 1, 2 кв. 2024 года'

14-10-2024T11:26:39 - [MESSAGE][PASSED] - Text of object 'Object Repository/Выручка в рублях/Фильтр Период' is: 'Июль, Август и 1, 2 кв. 2024 года'

14-10-2024T11:26:39 - [TEST_STEP][PASSED] - println(period): null

14-10-2024T11:26:39 - [TEST_STEP][PASSED] - dashboardName = "Выручка в рублях": null

14-10-2024T11:26:39 - [TEST_STEP][PASSED] - workbook01 = getWorkbook(excelFilePath): null

14-10-2024T11:26:39 - [TEST_STEP][PASSED] - sheet01 = getExcelSheet(workbook01, sheetName): null

14-10-2024T11:26:39 - [TEST_STEP][PASSED] - setValueToCellByIndex(sheet01, n, 0, dashboardName): null

14-10-2024T11:26:39 - [TEST_STEP][PASSED] - setValueToCellByIndex(sheet01, n, 1, dZO): null

14-10-2024T11:26:39 - [TEST_STEP][PASSED] - setValueToCellByIndex(sheet01, n, 2, vidget): null

14-10-2024T11:26:39 - [TEST_STEP][PASSED] - setValueToCellByIndex(sheet01, n, 3, viruchka): null

14-10-2024T11:26:39 - [TEST_STEP][PASSED] - setValueToCellByIndex(sheet01, n, 4, typeOfData): null

14-10-2024T11:26:39 - [TEST_STEP][PASSED] - if (a == null): null

14-10-2024T11:26:39 - [TEST_STEP][PASSED] - else: null

14-10-2024T11:26:39 - [TEST_STEP][PASSED] - setValueToCellByIndex(sheet01, n, 5, a): null

14-10-2024T11:26:39 - [TEST_STEP][PASSED] - if (b == null): null

14-10-2024T11:26:39 - [TEST_STEP][PASSED] - else: null

14-10-2024T11:26:39 - [TEST_STEP][PASSED] - setValueToCellByIndex(sheet01, n, 6, b): null

14-10-2024T11:26:39 - [TEST_STEP][PASSED] - setValueToCellByIndex(sheet01, n, 7, period): null

14-10-2024T11:26:39 - [TEST_STEP][PASSED] - setValueToCellByIndex(sheet01, n, 8, todaysDate): null

14-10-2024T11:26:39 - [TEST_STEP][PASSED] - n = n + 1: null

14-10-2024T11:26:39 - [TEST_STEP][PASSED] - saveWorkbook(excelFilePath, workbook01): null

14-10-2024T11:26:39 - [TEST_STEP][PASSED] - dZO = "Россети Северо-Запад": null

14-10-2024T11:26:39 - [TEST_STEP][PASSED] - if (verifyEqual(a38, b38) == false): Actual object '2.9' and expected object '2.9' are equal

14-10-2024T11:26:39 - [MESSAGE][PASSED] - Actual object '2.9' and expected object '2.9' are equal

14-10-2024T11:26:39 - [TEST_STEP][PASSED] - dZO = "Россети Сибирь (ГК)": null

14-10-2024T11:26:39 - [TEST_STEP][PASSED] - if (verifyEqual(a39, b39) == false): Actual object '4.21' and expected object '4.21' are equal

14-10-2024T11:26:39 - [MESSAGE][PASSED] - Actual object '4.21' and expected object '4.21' are equal

14-10-2024T11:26:39 - [TEST_STEP][PASSED] - dZO = "Россети Томск": null

14-10-2024T11:26:39 - [TEST_STEP][FAILED] - if (verifyEqual(a310, b310) == false): null

14-10-2024T11:26:39 - [MESSAGE][FAILED] - Unable to verify equal between actual object '-48.15' and expected object '3.71' (Root cause: com.kms.katalon.core.exception.StepFailedException: Actual object '-48.15' and expected object '3.71' are not equal
	at com.kms.katalon.core.keyword.builtin.VerifyEqualKeyword$_verifyEqual_closure1.doCall(VerifyEqualKeyword.groovy:58)
	at com.kms.katalon.core.keyword.builtin.VerifyEqualKeyword$_verifyEqual_closure1.call(VerifyEqualKeyword.groovy)
	at com.kms.katalon.core.keyword.internal.KeywordMain.runKeyword(KeywordMain.groovy:75)
	at com.kms.katalon.core.keyword.builtin.VerifyEqualKeyword.verifyEqual(VerifyEqualKeyword.groovy:63)
	at com.kms.katalon.core.keyword.builtin.VerifyEqualKeyword.execute(VerifyEqualKeyword.groovy:44)
	at com.kms.katalon.core.keyword.internal.KeywordExecutor.executeKeywordForPlatform(KeywordExecutor.groovy:74)
	at com.kms.katalon.core.keyword.BuiltinKeywords.verifyEqual(BuiltinKeywords.groovy:146)
	at jdk.internal.reflect.GeneratedMethodAccessor19.invoke(Unknown Source)
	at java.base/jdk.internal.reflect.DelegatingMethodAccessorImpl.invoke(DelegatingMethodAccessorImpl.java:43)
	at Выручка в рублях сверка дашбордов ПАО Россети.Blocks(Выручка в рублях сверка дашбордов ПАО Россети:457)
	at Выручка в рублях сверка дашбордов ПАО Россети.ViruchkaChange(Выручка в рублях сверка дашбордов ПАО Россети:60)
	at Выручка в рублях сверка дашбордов ПАО Россети.run(Выручка в рублях сверка дашбордов ПАО Россети:55)
	at com.kms.katalon.core.main.ScriptEngine.run(ScriptEngine.java:194)
	at com.kms.katalon.core.main.ScriptEngine.runScriptAsRawText(ScriptEngine.java:119)
	at com.kms.katalon.core.main.TestCaseExecutor.runScript(TestCaseExecutor.java:448)
	at com.kms.katalon.core.main.TestCaseExecutor.doExecute(TestCaseExecutor.java:439)
	at com.kms.katalon.core.main.TestCaseExecutor.processExecutionPhase(TestCaseExecutor.java:418)
	at com.kms.katalon.core.main.TestCaseExecutor.accessMainPhase(TestCaseExecutor.java:410)
	at com.kms.katalon.core.main.TestCaseExecutor.execute(TestCaseExecutor.java:285)
	at com.kms.katalon.core.common.CommonExecutor.accessTestCaseMainPhase(CommonExecutor.java:65)
	at com.kms.katalon.core.main.TestSuiteExecutor.accessTestSuiteMainPhase(TestSuiteExecutor.java:150)
	at com.kms.katalon.core.main.TestSuiteExecutor.execute(TestSuiteExecutor.java:106)
	at com.kms.katalon.core.main.TestCaseMain.startTestSuite(TestCaseMain.java:180)
	at TempTestSuite1728890597227.run(TempTestSuite1728890597227.groovy:35)
	at java.base/jdk.internal.reflect.NativeMethodAccessorImpl.invoke0(Native Method)
	at java.base/jdk.internal.reflect.NativeMethodAccessorImpl.invoke(NativeMethodAccessorImpl.java:77)
	at java.base/jdk.internal.reflect.DelegatingMethodAccessorImpl.invoke(DelegatingMethodAccessorImpl.java:43)
)

14-10-2024T11:26:39 - [TEST_STEP][PASSED] - a = a310.toDouble(): null

14-10-2024T11:26:39 - [TEST_STEP][PASSED] - b = b310.toDouble(): null

14-10-2024T11:26:39 - [TEST_STEP][PASSED] - Script1710234207206.WriteToExcel(todaysDate, run, vir, block, typeOfData, viruchka, vidget, nameOfBlock, a, b, dZO): null

14-10-2024T11:26:39 - [TEST_STEP][PASSED] - println(run): null

14-10-2024T11:26:39 - [TEST_STEP][PASSED] - if (run == 1): null

14-10-2024T11:26:39 - [TEST_STEP][PASSED] - else if (run == 2): null

14-10-2024T11:26:39 - [TEST_STEP][PASSED] - typeOfData = "Проценты": null

14-10-2024T11:26:39 - [TEST_STEP][PASSED] - println("todaysDate:" + todaysDate): null

14-10-2024T11:26:39 - [TEST_STEP][PASSED] - println("typeOfData:" + typeOfData): null

14-10-2024T11:26:39 - [TEST_STEP][PASSED] - viruchka = getText(findTestObject("Выручка в рублях/Фильтр Выручка" + nameOfBlock)): Text of object 'Object Repository/Выручка в рублях/Фильтр Выручка Выручка' is: 'ПЕРЕДАЧА ЭЛЕКТРОЭНЕРГИИ (ИТОГО, по всем видам тарифа)'

14-10-2024T11:26:39 - [MESSAGE][PASSED] - Text of object 'Object Repository/Выручка в рублях/Фильтр Выручка Выручка' is: 'ПЕРЕДАЧА ЭЛЕКТРОЭНЕРГИИ (ИТОГО, по всем видам тарифа)'

14-10-2024T11:26:39 - [TEST_STEP][PASSED] - println("viruchka" + viruchka): null

14-10-2024T11:26:39 - [TEST_STEP][PASSED] - println("vidget" + vidget): null

14-10-2024T11:26:39 - [TEST_STEP][PASSED] - println("a" + a): null

14-10-2024T11:26:39 - [TEST_STEP][PASSED] - println("b" + b): null

14-10-2024T11:26:39 - [TEST_STEP][PASSED] - sheetName = "Sheet1": null

14-10-2024T11:26:39 - [TEST_STEP][PASSED] - data = findTestData("PlanFact"): null

14-10-2024T11:26:39 - [TEST_STEP][PASSED] - n = data.getRowNumbers() + 1: null

14-10-2024T11:26:39 - [TEST_STEP][PASSED] - period = getText(findTestObject("Выручка в рублях/Фильтр Период")): Text of object 'Object Repository/Выручка в рублях/Фильтр Период' is: 'Июль, Август и 1, 2 кв. 2024 года'

14-10-2024T11:26:40 - [MESSAGE][PASSED] - Text of object 'Object Repository/Выручка в рублях/Фильтр Период' is: 'Июль, Август и 1, 2 кв. 2024 года'

14-10-2024T11:26:40 - [TEST_STEP][PASSED] - println(period): null

14-10-2024T11:26:40 - [TEST_STEP][PASSED] - dashboardName = "Выручка в рублях": null

14-10-2024T11:26:40 - [TEST_STEP][PASSED] - workbook01 = getWorkbook(excelFilePath): null

14-10-2024T11:26:40 - [TEST_STEP][PASSED] - sheet01 = getExcelSheet(workbook01, sheetName): null

14-10-2024T11:26:40 - [TEST_STEP][PASSED] - setValueToCellByIndex(sheet01, n, 0, dashboardName): null

14-10-2024T11:26:40 - [TEST_STEP][PASSED] - setValueToCellByIndex(sheet01, n, 1, dZO): null

14-10-2024T11:26:40 - [TEST_STEP][PASSED] - setValueToCellByIndex(sheet01, n, 2, vidget): null

14-10-2024T11:26:40 - [TEST_STEP][PASSED] - setValueToCellByIndex(sheet01, n, 3, viruchka): null

14-10-2024T11:26:40 - [TEST_STEP][PASSED] - setValueToCellByIndex(sheet01, n, 4, typeOfData): null

14-10-2024T11:26:40 - [TEST_STEP][PASSED] - if (a == null): null

14-10-2024T11:26:40 - [TEST_STEP][PASSED] - else: null

14-10-2024T11:26:40 - [TEST_STEP][PASSED] - setValueToCellByIndex(sheet01, n, 5, a): null

14-10-2024T11:26:40 - [TEST_STEP][PASSED] - if (b == null): null

14-10-2024T11:26:40 - [TEST_STEP][PASSED] - else: null

14-10-2024T11:26:40 - [TEST_STEP][PASSED] - setValueToCellByIndex(sheet01, n, 6, b): null

14-10-2024T11:26:40 - [TEST_STEP][PASSED] - setValueToCellByIndex(sheet01, n, 7, period): null

14-10-2024T11:26:40 - [TEST_STEP][PASSED] - setValueToCellByIndex(sheet01, n, 8, todaysDate): null

14-10-2024T11:26:40 - [TEST_STEP][PASSED] - n = n + 1: null

14-10-2024T11:26:40 - [TEST_STEP][PASSED] - saveWorkbook(excelFilePath, workbook01): null

14-10-2024T11:26:40 - [TEST_STEP][PASSED] - dZO = "Россети Тюмень": null

14-10-2024T11:26:40 - [TEST_STEP][FAILED] - if (verifyEqual(a311, b311) == false): null

14-10-2024T11:26:40 - [MESSAGE][FAILED] - Unable to verify equal between actual object '-53.15' and expected object '-6.3' (Root cause: com.kms.katalon.core.exception.StepFailedException: Actual object '-53.15' and expected object '-6.3' are not equal
	at com.kms.katalon.core.keyword.builtin.VerifyEqualKeyword$_verifyEqual_closure1.doCall(VerifyEqualKeyword.groovy:58)
	at com.kms.katalon.core.keyword.builtin.VerifyEqualKeyword$_verifyEqual_closure1.call(VerifyEqualKeyword.groovy)
	at com.kms.katalon.core.keyword.internal.KeywordMain.runKeyword(KeywordMain.groovy:75)
	at com.kms.katalon.core.keyword.builtin.VerifyEqualKeyword.verifyEqual(VerifyEqualKeyword.groovy:63)
	at com.kms.katalon.core.keyword.builtin.VerifyEqualKeyword.execute(VerifyEqualKeyword.groovy:44)
	at com.kms.katalon.core.keyword.internal.KeywordExecutor.executeKeywordForPlatform(KeywordExecutor.groovy:74)
	at com.kms.katalon.core.keyword.BuiltinKeywords.verifyEqual(BuiltinKeywords.groovy:146)
	at jdk.internal.reflect.GeneratedMethodAccessor19.invoke(Unknown Source)
	at java.base/jdk.internal.reflect.DelegatingMethodAccessorImpl.invoke(DelegatingMethodAccessorImpl.java:43)
	at Выручка в рублях сверка дашбордов ПАО Россети.Blocks(Выручка в рублях сверка дашбордов ПАО Россети:467)
	at Выручка в рублях сверка дашбордов ПАО Россети.ViruchkaChange(Выручка в рублях сверка дашбордов ПАО Россети:60)
	at Выручка в рублях сверка дашбордов ПАО Россети.run(Выручка в рублях сверка дашбордов ПАО Россети:55)
	at com.kms.katalon.core.main.ScriptEngine.run(ScriptEngine.java:194)
	at com.kms.katalon.core.main.ScriptEngine.runScriptAsRawText(ScriptEngine.java:119)
	at com.kms.katalon.core.main.TestCaseExecutor.runScript(TestCaseExecutor.java:448)
	at com.kms.katalon.core.main.TestCaseExecutor.doExecute(TestCaseExecutor.java:439)
	at com.kms.katalon.core.main.TestCaseExecutor.processExecutionPhase(TestCaseExecutor.java:418)
	at com.kms.katalon.core.main.TestCaseExecutor.accessMainPhase(TestCaseExecutor.java:410)
	at com.kms.katalon.core.main.TestCaseExecutor.execute(TestCaseExecutor.java:285)
	at com.kms.katalon.core.common.CommonExecutor.accessTestCaseMainPhase(CommonExecutor.java:65)
	at com.kms.katalon.core.main.TestSuiteExecutor.accessTestSuiteMainPhase(TestSuiteExecutor.java:150)
	at com.kms.katalon.core.main.TestSuiteExecutor.execute(TestSuiteExecutor.java:106)
	at com.kms.katalon.core.main.TestCaseMain.startTestSuite(TestCaseMain.java:180)
	at TempTestSuite1728890597227.run(TempTestSuite1728890597227.groovy:35)
	at java.base/jdk.internal.reflect.NativeMethodAccessorImpl.invoke0(Native Method)
	at java.base/jdk.internal.reflect.NativeMethodAccessorImpl.invoke(NativeMethodAccessorImpl.java:77)
	at java.base/jdk.internal.reflect.DelegatingMethodAccessorImpl.invoke(DelegatingMethodAccessorImpl.java:43)
)

14-10-2024T11:26:40 - [TEST_STEP][PASSED] - a = a311.toDouble(): null

14-10-2024T11:26:40 - [TEST_STEP][PASSED] - b = b311.toDouble(): null

14-10-2024T11:26:40 - [TEST_STEP][PASSED] - Script1710234207206.WriteToExcel(todaysDate, run, vir, block, typeOfData, viruchka, vidget, nameOfBlock, a, b, dZO): null

14-10-2024T11:26:40 - [TEST_STEP][PASSED] - println(run): null

14-10-2024T11:26:40 - [TEST_STEP][PASSED] - if (run == 1): null

14-10-2024T11:26:40 - [TEST_STEP][PASSED] - else if (run == 2): null

14-10-2024T11:26:40 - [TEST_STEP][PASSED] - typeOfData = "Проценты": null

14-10-2024T11:26:40 - [TEST_STEP][PASSED] - println("todaysDate:" + todaysDate): null

14-10-2024T11:26:40 - [TEST_STEP][PASSED] - println("typeOfData:" + typeOfData): null

14-10-2024T11:26:40 - [TEST_STEP][PASSED] - viruchka = getText(findTestObject("Выручка в рублях/Фильтр Выручка" + nameOfBlock)): Text of object 'Object Repository/Выручка в рублях/Фильтр Выручка Выручка' is: 'ПЕРЕДАЧА ЭЛЕКТРОЭНЕРГИИ (ИТОГО, по всем видам тарифа)'

14-10-2024T11:26:40 - [MESSAGE][PASSED] - Text of object 'Object Repository/Выручка в рублях/Фильтр Выручка Выручка' is: 'ПЕРЕДАЧА ЭЛЕКТРОЭНЕРГИИ (ИТОГО, по всем видам тарифа)'

14-10-2024T11:26:40 - [TEST_STEP][PASSED] - println("viruchka" + viruchka): null

14-10-2024T11:26:40 - [TEST_STEP][PASSED] - println("vidget" + vidget): null

14-10-2024T11:26:40 - [TEST_STEP][PASSED] - println("a" + a): null

14-10-2024T11:26:40 - [TEST_STEP][PASSED] - println("b" + b): null

14-10-2024T11:26:40 - [TEST_STEP][PASSED] - sheetName = "Sheet1": null

14-10-2024T11:26:40 - [TEST_STEP][PASSED] - data = findTestData("PlanFact"): null

14-10-2024T11:26:40 - [TEST_STEP][PASSED] - n = data.getRowNumbers() + 1: null

14-10-2024T11:26:40 - [TEST_STEP][PASSED] - period = getText(findTestObject("Выручка в рублях/Фильтр Период")): Text of object 'Object Repository/Выручка в рублях/Фильтр Период' is: 'Июль, Август и 1, 2 кв. 2024 года'

14-10-2024T11:26:41 - [MESSAGE][PASSED] - Text of object 'Object Repository/Выручка в рублях/Фильтр Период' is: 'Июль, Август и 1, 2 кв. 2024 года'

14-10-2024T11:26:41 - [TEST_STEP][PASSED] - println(period): null

14-10-2024T11:26:41 - [TEST_STEP][PASSED] - dashboardName = "Выручка в рублях": null

14-10-2024T11:26:41 - [TEST_STEP][PASSED] - workbook01 = getWorkbook(excelFilePath): null

14-10-2024T11:26:41 - [TEST_STEP][PASSED] - sheet01 = getExcelSheet(workbook01, sheetName): null

14-10-2024T11:26:41 - [TEST_STEP][PASSED] - setValueToCellByIndex(sheet01, n, 0, dashboardName): null

14-10-2024T11:26:41 - [TEST_STEP][PASSED] - setValueToCellByIndex(sheet01, n, 1, dZO): null

14-10-2024T11:26:41 - [TEST_STEP][PASSED] - setValueToCellByIndex(sheet01, n, 2, vidget): null

14-10-2024T11:26:41 - [TEST_STEP][PASSED] - setValueToCellByIndex(sheet01, n, 3, viruchka): null

14-10-2024T11:26:41 - [TEST_STEP][PASSED] - setValueToCellByIndex(sheet01, n, 4, typeOfData): null

14-10-2024T11:26:41 - [TEST_STEP][PASSED] - if (a == null): null

14-10-2024T11:26:41 - [TEST_STEP][PASSED] - else: null

14-10-2024T11:26:41 - [TEST_STEP][PASSED] - setValueToCellByIndex(sheet01, n, 5, a): null

14-10-2024T11:26:41 - [TEST_STEP][PASSED] - if (b == null): null

14-10-2024T11:26:41 - [TEST_STEP][PASSED] - else: null

14-10-2024T11:26:41 - [TEST_STEP][PASSED] - setValueToCellByIndex(sheet01, n, 6, b): null

14-10-2024T11:26:41 - [TEST_STEP][PASSED] - setValueToCellByIndex(sheet01, n, 7, period): null

14-10-2024T11:26:41 - [TEST_STEP][PASSED] - setValueToCellByIndex(sheet01, n, 8, todaysDate): null

14-10-2024T11:26:41 - [TEST_STEP][PASSED] - n = n + 1: null

14-10-2024T11:26:41 - [TEST_STEP][PASSED] - saveWorkbook(excelFilePath, workbook01): null

14-10-2024T11:26:41 - [TEST_STEP][PASSED] - dZO = "Россети Урал (ГК)": null

14-10-2024T11:26:41 - [TEST_STEP][PASSED] - if (verifyEqual(a312, b312) == false): Actual object '2.61' and expected object '2.61' are equal

14-10-2024T11:26:41 - [MESSAGE][PASSED] - Actual object '2.61' and expected object '2.61' are equal

14-10-2024T11:26:41 - [TEST_STEP][PASSED] - dZO = "Россети ФСК ЕЭС": null

14-10-2024T11:26:41 - [TEST_STEP][PASSED] - if (verifyEqual(a313, b313) == false): Actual object '0.66' and expected object '0.66' are equal

14-10-2024T11:26:41 - [MESSAGE][PASSED] - Actual object '0.66' and expected object '0.66' are equal

14-10-2024T11:26:41 - [TEST_STEP][PASSED] - dZO = "Россети Центр": null

14-10-2024T11:26:41 - [TEST_STEP][FAILED] - if (verifyEqual(a314, b314) == false): null

14-10-2024T11:26:41 - [MESSAGE][FAILED] - Unable to verify equal between actual object '-32.03' and expected object '4.55' (Root cause: com.kms.katalon.core.exception.StepFailedException: Actual object '-32.03' and expected object '4.55' are not equal
	at com.kms.katalon.core.keyword.builtin.VerifyEqualKeyword$_verifyEqual_closure1.doCall(VerifyEqualKeyword.groovy:58)
	at com.kms.katalon.core.keyword.builtin.VerifyEqualKeyword$_verifyEqual_closure1.call(VerifyEqualKeyword.groovy)
	at com.kms.katalon.core.keyword.internal.KeywordMain.runKeyword(KeywordMain.groovy:75)
	at com.kms.katalon.core.keyword.builtin.VerifyEqualKeyword.verifyEqual(VerifyEqualKeyword.groovy:63)
	at com.kms.katalon.core.keyword.builtin.VerifyEqualKeyword.execute(VerifyEqualKeyword.groovy:44)
	at com.kms.katalon.core.keyword.internal.KeywordExecutor.executeKeywordForPlatform(KeywordExecutor.groovy:74)
	at com.kms.katalon.core.keyword.BuiltinKeywords.verifyEqual(BuiltinKeywords.groovy:146)
	at jdk.internal.reflect.GeneratedMethodAccessor19.invoke(Unknown Source)
	at java.base/jdk.internal.reflect.DelegatingMethodAccessorImpl.invoke(DelegatingMethodAccessorImpl.java:43)
	at Выручка в рублях сверка дашбордов ПАО Россети.Blocks(Выручка в рублях сверка дашбордов ПАО Россети:497)
	at Выручка в рублях сверка дашбордов ПАО Россети.ViruchkaChange(Выручка в рублях сверка дашбордов ПАО Россети:60)
	at Выручка в рублях сверка дашбордов ПАО Россети.run(Выручка в рублях сверка дашбордов ПАО Россети:55)
	at com.kms.katalon.core.main.ScriptEngine.run(ScriptEngine.java:194)
	at com.kms.katalon.core.main.ScriptEngine.runScriptAsRawText(ScriptEngine.java:119)
	at com.kms.katalon.core.main.TestCaseExecutor.runScript(TestCaseExecutor.java:448)
	at com.kms.katalon.core.main.TestCaseExecutor.doExecute(TestCaseExecutor.java:439)
	at com.kms.katalon.core.main.TestCaseExecutor.processExecutionPhase(TestCaseExecutor.java:418)
	at com.kms.katalon.core.main.TestCaseExecutor.accessMainPhase(TestCaseExecutor.java:410)
	at com.kms.katalon.core.main.TestCaseExecutor.execute(TestCaseExecutor.java:285)
	at com.kms.katalon.core.common.CommonExecutor.accessTestCaseMainPhase(CommonExecutor.java:65)
	at com.kms.katalon.core.main.TestSuiteExecutor.accessTestSuiteMainPhase(TestSuiteExecutor.java:150)
	at com.kms.katalon.core.main.TestSuiteExecutor.execute(TestSuiteExecutor.java:106)
	at com.kms.katalon.core.main.TestCaseMain.startTestSuite(TestCaseMain.java:180)
	at TempTestSuite1728890597227.run(TempTestSuite1728890597227.groovy:35)
	at java.base/jdk.internal.reflect.NativeMethodAccessorImpl.invoke0(Native Method)
	at java.base/jdk.internal.reflect.NativeMethodAccessorImpl.invoke(NativeMethodAccessorImpl.java:77)
	at java.base/jdk.internal.reflect.DelegatingMethodAccessorImpl.invoke(DelegatingMethodAccessorImpl.java:43)
)

14-10-2024T11:26:41 - [TEST_STEP][PASSED] - a = a314.toDouble(): null

14-10-2024T11:26:41 - [TEST_STEP][PASSED] - b = b314.toDouble(): null

14-10-2024T11:26:41 - [TEST_STEP][PASSED] - Script1710234207206.WriteToExcel(todaysDate, run, vir, block, typeOfData, viruchka, vidget, nameOfBlock, a, b, dZO): null

14-10-2024T11:26:41 - [TEST_STEP][PASSED] - println(run): null

14-10-2024T11:26:41 - [TEST_STEP][PASSED] - if (run == 1): null

14-10-2024T11:26:41 - [TEST_STEP][PASSED] - else if (run == 2): null

14-10-2024T11:26:41 - [TEST_STEP][PASSED] - typeOfData = "Проценты": null

14-10-2024T11:26:41 - [TEST_STEP][PASSED] - println("todaysDate:" + todaysDate): null

14-10-2024T11:26:41 - [TEST_STEP][PASSED] - println("typeOfData:" + typeOfData): null

14-10-2024T11:26:41 - [TEST_STEP][PASSED] - viruchka = getText(findTestObject("Выручка в рублях/Фильтр Выручка" + nameOfBlock)): Text of object 'Object Repository/Выручка в рублях/Фильтр Выручка Выручка' is: 'ПЕРЕДАЧА ЭЛЕКТРОЭНЕРГИИ (ИТОГО, по всем видам тарифа)'

14-10-2024T11:26:41 - [MESSAGE][PASSED] - Text of object 'Object Repository/Выручка в рублях/Фильтр Выручка Выручка' is: 'ПЕРЕДАЧА ЭЛЕКТРОЭНЕРГИИ (ИТОГО, по всем видам тарифа)'

14-10-2024T11:26:41 - [TEST_STEP][PASSED] - println("viruchka" + viruchka): null

14-10-2024T11:26:41 - [TEST_STEP][PASSED] - println("vidget" + vidget): null

14-10-2024T11:26:41 - [TEST_STEP][PASSED] - println("a" + a): null

14-10-2024T11:26:41 - [TEST_STEP][PASSED] - println("b" + b): null

14-10-2024T11:26:41 - [TEST_STEP][PASSED] - sheetName = "Sheet1": null

14-10-2024T11:26:41 - [TEST_STEP][PASSED] - data = findTestData("PlanFact"): null

14-10-2024T11:26:41 - [TEST_STEP][PASSED] - n = data.getRowNumbers() + 1: null

14-10-2024T11:26:41 - [TEST_STEP][PASSED] - period = getText(findTestObject("Выручка в рублях/Фильтр Период")): Text of object 'Object Repository/Выручка в рублях/Фильтр Период' is: 'Июль, Август и 1, 2 кв. 2024 года'

14-10-2024T11:26:42 - [MESSAGE][PASSED] - Text of object 'Object Repository/Выручка в рублях/Фильтр Период' is: 'Июль, Август и 1, 2 кв. 2024 года'

14-10-2024T11:26:42 - [TEST_STEP][PASSED] - println(period): null

14-10-2024T11:26:42 - [TEST_STEP][PASSED] - dashboardName = "Выручка в рублях": null

14-10-2024T11:26:42 - [TEST_STEP][PASSED] - workbook01 = getWorkbook(excelFilePath): null

14-10-2024T11:26:42 - [TEST_STEP][PASSED] - sheet01 = getExcelSheet(workbook01, sheetName): null

14-10-2024T11:26:42 - [TEST_STEP][PASSED] - setValueToCellByIndex(sheet01, n, 0, dashboardName): null

14-10-2024T11:26:42 - [TEST_STEP][PASSED] - setValueToCellByIndex(sheet01, n, 1, dZO): null

14-10-2024T11:26:42 - [TEST_STEP][PASSED] - setValueToCellByIndex(sheet01, n, 2, vidget): null

14-10-2024T11:26:42 - [TEST_STEP][PASSED] - setValueToCellByIndex(sheet01, n, 3, viruchka): null

14-10-2024T11:26:42 - [TEST_STEP][PASSED] - setValueToCellByIndex(sheet01, n, 4, typeOfData): null

14-10-2024T11:26:42 - [TEST_STEP][PASSED] - if (a == null): null

14-10-2024T11:26:42 - [TEST_STEP][PASSED] - else: null

14-10-2024T11:26:42 - [TEST_STEP][PASSED] - setValueToCellByIndex(sheet01, n, 5, a): null

14-10-2024T11:26:42 - [TEST_STEP][PASSED] - if (b == null): null

14-10-2024T11:26:42 - [TEST_STEP][PASSED] - else: null

14-10-2024T11:26:42 - [TEST_STEP][PASSED] - setValueToCellByIndex(sheet01, n, 6, b): null

14-10-2024T11:26:42 - [TEST_STEP][PASSED] - setValueToCellByIndex(sheet01, n, 7, period): null

14-10-2024T11:26:42 - [TEST_STEP][PASSED] - setValueToCellByIndex(sheet01, n, 8, todaysDate): null

14-10-2024T11:26:42 - [TEST_STEP][PASSED] - n = n + 1: null

14-10-2024T11:26:42 - [TEST_STEP][PASSED] - saveWorkbook(excelFilePath, workbook01): null

14-10-2024T11:26:42 - [TEST_STEP][PASSED] - dZO = "Россети Центр и Приволжье (ГК)": null

14-10-2024T11:26:42 - [TEST_STEP][PASSED] - if (verifyEqual(a315, b315) == false): Actual object '4.79' and expected object '4.79' are equal

14-10-2024T11:26:42 - [MESSAGE][PASSED] - Actual object '4.79' and expected object '4.79' are equal

14-10-2024T11:26:42 - [TEST_STEP][PASSED] - dZO = "Россети Юг (ГК)": null

14-10-2024T11:26:42 - [TEST_STEP][FAILED] - if (verifyEqual(a316, b316) == false): null

14-10-2024T11:26:42 - [MESSAGE][FAILED] - Unable to verify equal between actual object '-48.39' and expected object '3.22' (Root cause: com.kms.katalon.core.exception.StepFailedException: Actual object '-48.39' and expected object '3.22' are not equal
	at com.kms.katalon.core.keyword.builtin.VerifyEqualKeyword$_verifyEqual_closure1.doCall(VerifyEqualKeyword.groovy:58)
	at com.kms.katalon.core.keyword.builtin.VerifyEqualKeyword$_verifyEqual_closure1.call(VerifyEqualKeyword.groovy)
	at com.kms.katalon.core.keyword.internal.KeywordMain.runKeyword(KeywordMain.groovy:75)
	at com.kms.katalon.core.keyword.builtin.VerifyEqualKeyword.verifyEqual(VerifyEqualKeyword.groovy:63)
	at com.kms.katalon.core.keyword.builtin.VerifyEqualKeyword.execute(VerifyEqualKeyword.groovy:44)
	at com.kms.katalon.core.keyword.internal.KeywordExecutor.executeKeywordForPlatform(KeywordExecutor.groovy:74)
	at com.kms.katalon.core.keyword.BuiltinKeywords.verifyEqual(BuiltinKeywords.groovy:146)
	at jdk.internal.reflect.GeneratedMethodAccessor19.invoke(Unknown Source)
	at java.base/jdk.internal.reflect.DelegatingMethodAccessorImpl.invoke(DelegatingMethodAccessorImpl.java:43)
	at Выручка в рублях сверка дашбордов ПАО Россети.Blocks(Выручка в рублях сверка дашбордов ПАО Россети:517)
	at Выручка в рублях сверка дашбордов ПАО Россети.ViruchkaChange(Выручка в рублях сверка дашбордов ПАО Россети:60)
	at Выручка в рублях сверка дашбордов ПАО Россети.run(Выручка в рублях сверка дашбордов ПАО Россети:55)
	at com.kms.katalon.core.main.ScriptEngine.run(ScriptEngine.java:194)
	at com.kms.katalon.core.main.ScriptEngine.runScriptAsRawText(ScriptEngine.java:119)
	at com.kms.katalon.core.main.TestCaseExecutor.runScript(TestCaseExecutor.java:448)
	at com.kms.katalon.core.main.TestCaseExecutor.doExecute(TestCaseExecutor.java:439)
	at com.kms.katalon.core.main.TestCaseExecutor.processExecutionPhase(TestCaseExecutor.java:418)
	at com.kms.katalon.core.main.TestCaseExecutor.accessMainPhase(TestCaseExecutor.java:410)
	at com.kms.katalon.core.main.TestCaseExecutor.execute(TestCaseExecutor.java:285)
	at com.kms.katalon.core.common.CommonExecutor.accessTestCaseMainPhase(CommonExecutor.java:65)
	at com.kms.katalon.core.main.TestSuiteExecutor.accessTestSuiteMainPhase(TestSuiteExecutor.java:150)
	at com.kms.katalon.core.main.TestSuiteExecutor.execute(TestSuiteExecutor.java:106)
	at com.kms.katalon.core.main.TestCaseMain.startTestSuite(TestCaseMain.java:180)
	at TempTestSuite1728890597227.run(TempTestSuite1728890597227.groovy:35)
	at java.base/jdk.internal.reflect.NativeMethodAccessorImpl.invoke0(Native Method)
	at java.base/jdk.internal.reflect.NativeMethodAccessorImpl.invoke(NativeMethodAccessorImpl.java:77)
	at java.base/jdk.internal.reflect.DelegatingMethodAccessorImpl.invoke(DelegatingMethodAccessorImpl.java:43)
)

14-10-2024T11:26:42 - [TEST_STEP][PASSED] - a = a316.toDouble(): null

14-10-2024T11:26:42 - [TEST_STEP][PASSED] - b = b316.toDouble(): null

14-10-2024T11:26:42 - [TEST_STEP][PASSED] - Script1710234207206.WriteToExcel(todaysDate, run, vir, block, typeOfData, viruchka, vidget, nameOfBlock, a, b, dZO): null

14-10-2024T11:26:42 - [TEST_STEP][PASSED] - println(run): null

14-10-2024T11:26:42 - [TEST_STEP][PASSED] - if (run == 1): null

14-10-2024T11:26:42 - [TEST_STEP][PASSED] - else if (run == 2): null

14-10-2024T11:26:42 - [TEST_STEP][PASSED] - typeOfData = "Проценты": null

14-10-2024T11:26:42 - [TEST_STEP][PASSED] - println("todaysDate:" + todaysDate): null

14-10-2024T11:26:42 - [TEST_STEP][PASSED] - println("typeOfData:" + typeOfData): null

14-10-2024T11:26:42 - [TEST_STEP][PASSED] - viruchka = getText(findTestObject("Выручка в рублях/Фильтр Выручка" + nameOfBlock)): Text of object 'Object Repository/Выручка в рублях/Фильтр Выручка Выручка' is: 'ПЕРЕДАЧА ЭЛЕКТРОЭНЕРГИИ (ИТОГО, по всем видам тарифа)'

14-10-2024T11:26:42 - [MESSAGE][PASSED] - Text of object 'Object Repository/Выручка в рублях/Фильтр Выручка Выручка' is: 'ПЕРЕДАЧА ЭЛЕКТРОЭНЕРГИИ (ИТОГО, по всем видам тарифа)'

14-10-2024T11:26:42 - [TEST_STEP][PASSED] - println("viruchka" + viruchka): null

14-10-2024T11:26:42 - [TEST_STEP][PASSED] - println("vidget" + vidget): null

14-10-2024T11:26:42 - [TEST_STEP][PASSED] - println("a" + a): null

14-10-2024T11:26:42 - [TEST_STEP][PASSED] - println("b" + b): null

14-10-2024T11:26:42 - [TEST_STEP][PASSED] - sheetName = "Sheet1": null

14-10-2024T11:26:42 - [TEST_STEP][PASSED] - data = findTestData("PlanFact"): null

14-10-2024T11:26:42 - [TEST_STEP][PASSED] - n = data.getRowNumbers() + 1: null

14-10-2024T11:26:42 - [TEST_STEP][PASSED] - period = getText(findTestObject("Выручка в рублях/Фильтр Период")): Text of object 'Object Repository/Выручка в рублях/Фильтр Период' is: 'Июль, Август и 1, 2 кв. 2024 года'

14-10-2024T11:26:43 - [MESSAGE][PASSED] - Text of object 'Object Repository/Выручка в рублях/Фильтр Период' is: 'Июль, Август и 1, 2 кв. 2024 года'

14-10-2024T11:26:43 - [TEST_STEP][PASSED] - println(period): null

14-10-2024T11:26:43 - [TEST_STEP][PASSED] - dashboardName = "Выручка в рублях": null

14-10-2024T11:26:43 - [TEST_STEP][PASSED] - workbook01 = getWorkbook(excelFilePath): null

14-10-2024T11:26:43 - [TEST_STEP][PASSED] - sheet01 = getExcelSheet(workbook01, sheetName): null

14-10-2024T11:26:43 - [TEST_STEP][PASSED] - setValueToCellByIndex(sheet01, n, 0, dashboardName): null

14-10-2024T11:26:43 - [TEST_STEP][PASSED] - setValueToCellByIndex(sheet01, n, 1, dZO): null

14-10-2024T11:26:43 - [TEST_STEP][PASSED] - setValueToCellByIndex(sheet01, n, 2, vidget): null

14-10-2024T11:26:43 - [TEST_STEP][PASSED] - setValueToCellByIndex(sheet01, n, 3, viruchka): null

14-10-2024T11:26:43 - [TEST_STEP][PASSED] - setValueToCellByIndex(sheet01, n, 4, typeOfData): null

14-10-2024T11:26:43 - [TEST_STEP][PASSED] - if (a == null): null

14-10-2024T11:26:43 - [TEST_STEP][PASSED] - else: null

14-10-2024T11:26:43 - [TEST_STEP][PASSED] - setValueToCellByIndex(sheet01, n, 5, a): null

14-10-2024T11:26:43 - [TEST_STEP][PASSED] - if (b == null): null

14-10-2024T11:26:43 - [TEST_STEP][PASSED] - else: null

14-10-2024T11:26:43 - [TEST_STEP][PASSED] - setValueToCellByIndex(sheet01, n, 6, b): null

14-10-2024T11:26:43 - [TEST_STEP][PASSED] - setValueToCellByIndex(sheet01, n, 7, period): null

14-10-2024T11:26:43 - [TEST_STEP][PASSED] - setValueToCellByIndex(sheet01, n, 8, todaysDate): null

14-10-2024T11:26:43 - [TEST_STEP][PASSED] - n = n + 1: null

14-10-2024T11:26:43 - [TEST_STEP][PASSED] - saveWorkbook(excelFilePath, workbook01): null

14-10-2024T11:26:43 - [TEST_STEP][PASSED] - dZO = "Россети Янтарь": null

14-10-2024T11:26:43 - [TEST_STEP][PASSED] - if (verifyEqual(a317, b317) == false): Actual object '3.76' and expected object '3.76' are equal

14-10-2024T11:26:43 - [MESSAGE][PASSED] - Actual object '3.76' and expected object '3.76' are equal

14-10-2024T11:26:43 - [TEST_STEP][PASSED] - closeBrowser(): null

14-10-2024T11:26:43 - [MESSAGE][PASSED] - Browser is closed

14-10-2024T11:26:43 - [TEST_STEP][PASSED] - Script1710234207206.Blocks(run, vir, block, nameOfBlock, typeOfData, viruchka, vidget, todaysDate, a, b, dZO, x, y): null

14-10-2024T11:26:43 - [TEST_STEP][PASSED] - i = <not implemented yet for class: org.codehaus.groovy.ast.expr.EmptyExpression>: null

14-10-2024T11:26:43 - [TEST_STEP][PASSED] - perc = "": null

14-10-2024T11:26:43 - [TEST_STEP][PASSED] - a1 = <not implemented yet for class: org.codehaus.groovy.ast.expr.EmptyExpression>: null

14-10-2024T11:26:43 - [TEST_STEP][PASSED] - a2 = <not implemented yet for class: org.codehaus.groovy.ast.expr.EmptyExpression>: null

14-10-2024T11:26:43 - [TEST_STEP][PASSED] - a30 = <not implemented yet for class: org.codehaus.groovy.ast.expr.EmptyExpression>: null

14-10-2024T11:26:43 - [TEST_STEP][PASSED] - a31 = <not implemented yet for class: org.codehaus.groovy.ast.expr.EmptyExpression>: null

14-10-2024T11:26:43 - [TEST_STEP][PASSED] - a32 = <not implemented yet for class: org.codehaus.groovy.ast.expr.EmptyExpression>: null

14-10-2024T11:26:43 - [TEST_STEP][PASSED] - a33 = <not implemented yet for class: org.codehaus.groovy.ast.expr.EmptyExpression>: null

14-10-2024T11:26:43 - [TEST_STEP][PASSED] - a34 = <not implemented yet for class: org.codehaus.groovy.ast.expr.EmptyExpression>: null

14-10-2024T11:26:43 - [TEST_STEP][PASSED] - a35 = <not implemented yet for class: org.codehaus.groovy.ast.expr.EmptyExpression>: null

14-10-2024T11:26:43 - [TEST_STEP][PASSED] - a36 = <not implemented yet for class: org.codehaus.groovy.ast.expr.EmptyExpression>: null

14-10-2024T11:26:43 - [TEST_STEP][PASSED] - a37 = <not implemented yet for class: org.codehaus.groovy.ast.expr.EmptyExpression>: null

14-10-2024T11:26:43 - [TEST_STEP][PASSED] - a38 = <not implemented yet for class: org.codehaus.groovy.ast.expr.EmptyExpression>: null

14-10-2024T11:26:43 - [TEST_STEP][PASSED] - a39 = <not implemented yet for class: org.codehaus.groovy.ast.expr.EmptyExpression>: null

14-10-2024T11:26:43 - [TEST_STEP][PASSED] - a310 = <not implemented yet for class: org.codehaus.groovy.ast.expr.EmptyExpression>: null

14-10-2024T11:26:43 - [TEST_STEP][PASSED] - a311 = <not implemented yet for class: org.codehaus.groovy.ast.expr.EmptyExpression>: null

14-10-2024T11:26:43 - [TEST_STEP][PASSED] - a312 = <not implemented yet for class: org.codehaus.groovy.ast.expr.EmptyExpression>: null

14-10-2024T11:26:43 - [TEST_STEP][PASSED] - a313 = <not implemented yet for class: org.codehaus.groovy.ast.expr.EmptyExpression>: null

14-10-2024T11:26:43 - [TEST_STEP][PASSED] - a314 = <not implemented yet for class: org.codehaus.groovy.ast.expr.EmptyExpression>: null

14-10-2024T11:26:43 - [TEST_STEP][PASSED] - a315 = <not implemented yet for class: org.codehaus.groovy.ast.expr.EmptyExpression>: null

14-10-2024T11:26:43 - [TEST_STEP][PASSED] - a316 = <not implemented yet for class: org.codehaus.groovy.ast.expr.EmptyExpression>: null

14-10-2024T11:26:43 - [TEST_STEP][PASSED] - a317 = <not implemented yet for class: org.codehaus.groovy.ast.expr.EmptyExpression>: null

14-10-2024T11:26:43 - [TEST_STEP][PASSED] - b1 = <not implemented yet for class: org.codehaus.groovy.ast.expr.EmptyExpression>: null

14-10-2024T11:26:43 - [TEST_STEP][PASSED] - b2 = <not implemented yet for class: org.codehaus.groovy.ast.expr.EmptyExpression>: null

14-10-2024T11:26:43 - [TEST_STEP][PASSED] - b30 = <not implemented yet for class: org.codehaus.groovy.ast.expr.EmptyExpression>: null

14-10-2024T11:26:43 - [TEST_STEP][PASSED] - b31 = <not implemented yet for class: org.codehaus.groovy.ast.expr.EmptyExpression>: null

14-10-2024T11:26:43 - [TEST_STEP][PASSED] - b32 = <not implemented yet for class: org.codehaus.groovy.ast.expr.EmptyExpression>: null

14-10-2024T11:26:43 - [TEST_STEP][PASSED] - b33 = <not implemented yet for class: org.codehaus.groovy.ast.expr.EmptyExpression>: null

14-10-2024T11:26:43 - [TEST_STEP][PASSED] - b34 = <not implemented yet for class: org.codehaus.groovy.ast.expr.EmptyExpression>: null

14-10-2024T11:26:43 - [TEST_STEP][PASSED] - b35 = <not implemented yet for class: org.codehaus.groovy.ast.expr.EmptyExpression>: null

14-10-2024T11:26:43 - [TEST_STEP][PASSED] - b36 = <not implemented yet for class: org.codehaus.groovy.ast.expr.EmptyExpression>: null

14-10-2024T11:26:43 - [TEST_STEP][PASSED] - b37 = <not implemented yet for class: org.codehaus.groovy.ast.expr.EmptyExpression>: null

14-10-2024T11:26:43 - [TEST_STEP][PASSED] - b38 = <not implemented yet for class: org.codehaus.groovy.ast.expr.EmptyExpression>: null

14-10-2024T11:26:43 - [TEST_STEP][PASSED] - b39 = <not implemented yet for class: org.codehaus.groovy.ast.expr.EmptyExpression>: null

14-10-2024T11:26:43 - [TEST_STEP][PASSED] - b310 = <not implemented yet for class: org.codehaus.groovy.ast.expr.EmptyExpression>: null

14-10-2024T11:26:43 - [TEST_STEP][PASSED] - b311 = <not implemented yet for class: org.codehaus.groovy.ast.expr.EmptyExpression>: null

14-10-2024T11:26:43 - [TEST_STEP][PASSED] - b312 = <not implemented yet for class: org.codehaus.groovy.ast.expr.EmptyExpression>: null

14-10-2024T11:26:43 - [TEST_STEP][PASSED] - b313 = <not implemented yet for class: org.codehaus.groovy.ast.expr.EmptyExpression>: null

14-10-2024T11:26:43 - [TEST_STEP][PASSED] - b314 = <not implemented yet for class: org.codehaus.groovy.ast.expr.EmptyExpression>: null

14-10-2024T11:26:43 - [TEST_STEP][PASSED] - b315 = <not implemented yet for class: org.codehaus.groovy.ast.expr.EmptyExpression>: null

14-10-2024T11:26:43 - [TEST_STEP][PASSED] - b316 = <not implemented yet for class: org.codehaus.groovy.ast.expr.EmptyExpression>: null

14-10-2024T11:26:43 - [TEST_STEP][PASSED] - b317 = <not implemented yet for class: org.codehaus.groovy.ast.expr.EmptyExpression>: null

14-10-2024T11:26:43 - [TEST_STEP][PASSED] - block = 1: null

14-10-2024T11:26:43 - [TEST_STEP][PASSED] - nameOfBlock = "": null

14-10-2024T11:26:43 - [TEST_STEP][PASSED] - Script1710234207206.PreSettings(run, vir, block, nameOfBlock, typeOfData, todaysDate): null

14-10-2024T11:26:43 - [TEST_STEP][PASSED] - openBrowser(""): Browser is opened with url: ''

14-10-2024T11:26:43 - [MESSAGE][INFO] - Starting 'Chrome' driver

14-10-2024T11:26:43 - [MESSAGE][INFO] - Action delay is set to 0 milliseconds

14-10-2024T11:26:44 - [MESSAGE][PASSED] - Browser is opened with url: ''

14-10-2024T11:26:44 - [TEST_STEP][PASSED] - refresh(): Refresh successfully

14-10-2024T11:26:44 - [MESSAGE][PASSED] - Refresh successfully

14-10-2024T11:26:44 - [TEST_STEP][PASSED] - delay(50): Delayed 50 second(s)

14-10-2024T11:27:34 - [MESSAGE][PASSED] - Delayed 50 second(s)

14-10-2024T11:27:34 - [TEST_STEP][PASSED] - println("run:" + run): null

14-10-2024T11:27:34 - [TEST_STEP][PASSED] - println("vir:" + vir): null

14-10-2024T11:27:34 - [TEST_STEP][PASSED] - println("block:" + block): null

14-10-2024T11:27:34 - [TEST_STEP][PASSED] - if (block == 1): null

14-10-2024T11:27:34 - [TEST_STEP][PASSED] - nameOfBlock = "": null

14-10-2024T11:27:34 - [TEST_STEP][PASSED] - println("nameOfBlock:" + nameOfBlock): null

14-10-2024T11:27:34 - [TEST_STEP][PASSED] - println("typeOfData:" + typeOfData): null

14-10-2024T11:27:34 - [TEST_STEP][PASSED] - println("todaysDate:" + todaysDate): null

14-10-2024T11:27:34 - [TEST_STEP][PASSED] - Script1710234207206.Autorization(block, nameOfBlock): null

14-10-2024T11:27:34 - [TEST_STEP][PASSED] - println("block:" + block): null

14-10-2024T11:27:34 - [TEST_STEP][PASSED] - if (block == 1): null

14-10-2024T11:27:34 - [TEST_STEP][PASSED] - nameOfBlock = "": null

14-10-2024T11:27:34 - [TEST_STEP][PASSED] - println("nameOfBlock:" + nameOfBlock): null

14-10-2024T11:27:34 - [TEST_STEP][PASSED] - if (block == 1): Delayed 45 second(s)

14-10-2024T11:27:34 - [TEST_STEP][PASSED] - navigateToUrl(findTestData("PlanFact").getValue(10, 2)): Navigate to 'https://bi.rosseti.digital/viewer?dashboardGuid=2301950b23be4ed89c1df75f2020051e&sheetGuid=b723206f698544fb87299f3095c00435&fit=true' successfully

14-10-2024T11:27:40 - [MESSAGE][PASSED] - Navigate to 'https://bi.rosseti.digital/viewer?dashboardGuid=2301950b23be4ed89c1df75f2020051e&sheetGuid=b723206f698544fb87299f3095c00435&fit=true' successfully

14-10-2024T11:27:40 - [TEST_STEP][PASSED] - delay(45): Delayed 45 second(s)

14-10-2024T11:28:25 - [MESSAGE][PASSED] - Delayed 45 second(s)

14-10-2024T11:28:25 - [TEST_STEP][PASSED] - if (verifyElementPresent(findTestObject("Страница авторизации/button_"), 30) == true): null

14-10-2024T11:28:25 - [MESSAGE][PASSED] - Object 'Object Repository/Страница авторизации/button_' is present

14-10-2024T11:28:25 - [TEST_STEP][PASSED] - setText(findTestObject("Страница авторизации/input__username"), findTestData("PlanFact").getValue(8, 1)): Text 'shekhov-aa' is set on object 'Object Repository/Страница авторизации/input__username'

14-10-2024T11:28:26 - [MESSAGE][PASSED] - Text 'shekhov-aa' is set on object 'Object Repository/Страница авторизации/input__username'

14-10-2024T11:28:26 - [TEST_STEP][PASSED] - setText(findTestObject("Страница авторизации/input__password"), findTestData("PlanFact").getValue(9, 1)): Text 'i)RpQLLlXv9gUDC9' is set on object 'Object Repository/Страница авторизации/input__password'

14-10-2024T11:28:26 - [MESSAGE][PASSED] - Text 'i)RpQLLlXv9gUDC9' is set on object 'Object Repository/Страница авторизации/input__password'

14-10-2024T11:28:26 - [TEST_STEP][PASSED] - click(findTestObject("Страница авторизации/button_")): Object: 'Object Repository/Страница авторизации/button_' is clicked on

14-10-2024T11:28:30 - [MESSAGE][PASSED] - Object: 'Object Repository/Страница авторизации/button_' is clicked on

14-10-2024T11:28:30 - [TEST_STEP][PASSED] - delay(45): Delayed 45 second(s)

14-10-2024T11:29:15 - [MESSAGE][PASSED] - Delayed 45 second(s)

14-10-2024T11:29:15 - [TEST_STEP][PASSED] - if (block == 2): null

14-10-2024T11:29:15 - [TEST_STEP][PASSED] - click(findTestObject("Выручка в рублях/Фильтр Период" + nameOfBlock)): Object: 'Object Repository/Выручка в рублях/Фильтр Период' is clicked on

14-10-2024T11:29:15 - [MESSAGE][PASSED] - Object: 'Object Repository/Выручка в рублях/Фильтр Период' is clicked on

14-10-2024T11:29:15 - [TEST_STEP][PASSED] - click(findTestObject("Выручка в рублях/Снять выделение в фильтре Дата" + nameOfBlock)): Object: 'Object Repository/Выручка в рублях/Снять выделение в фильтре Дата' is clicked on

14-10-2024T11:29:15 - [MESSAGE][PASSED] - Object: 'Object Repository/Выручка в рублях/Снять выделение в фильтре Дата' is clicked on

14-10-2024T11:29:15 - [TEST_STEP][PASSED] - click(findTestObject("Выручка в рублях/Применить в фильтре Дата" + nameOfBlock)): Object: 'Object Repository/Выручка в рублях/Применить в фильтре Дата' is clicked on

14-10-2024T11:29:16 - [MESSAGE][PASSED] - Object: 'Object Repository/Выручка в рублях/Применить в фильтре Дата' is clicked on

14-10-2024T11:29:16 - [TEST_STEP][PASSED] - delay(50): Delayed 50 second(s)

14-10-2024T11:30:06 - [MESSAGE][PASSED] - Delayed 50 second(s)

14-10-2024T11:30:06 - [TEST_STEP][PASSED] - click(findTestObject("Выручка в рублях/Фильтр Период" + nameOfBlock)): Object: 'Object Repository/Выручка в рублях/Фильтр Период' is clicked on

14-10-2024T11:30:06 - [MESSAGE][PASSED] - Object: 'Object Repository/Выручка в рублях/Фильтр Период' is clicked on

14-10-2024T11:30:06 - [TEST_STEP][PASSED] - click(findTestObject("Выручка в рублях/Снять выделение в фильтре Дата" + nameOfBlock)): Object: 'Object Repository/Выручка в рублях/Снять выделение в фильтре Дата' is clicked on

14-10-2024T11:30:07 - [MESSAGE][PASSED] - Object: 'Object Repository/Выручка в рублях/Снять выделение в фильтре Дата' is clicked on

14-10-2024T11:30:07 - [TEST_STEP][PASSED] - scrollToElement(findTestObject("Выручка в рублях/2024 список" + nameOfBlock), 30): Scroll to object 'Object Repository/Выручка в рублях/2024 список' successfully

14-10-2024T11:30:07 - [MESSAGE][PASSED] - Scroll to object 'Object Repository/Выручка в рублях/2024 список' successfully

14-10-2024T11:30:07 - [TEST_STEP][PASSED] - click(findTestObject("Выручка в рублях/2024 список" + nameOfBlock)): Object: 'Object Repository/Выручка в рублях/2024 список' is clicked on

14-10-2024T11:30:07 - [MESSAGE][PASSED] - Object: 'Object Repository/Выручка в рублях/2024 список' is clicked on

14-10-2024T11:30:07 - [TEST_STEP][PASSED] - scrollToElement(findTestObject("Выручка в рублях/1 квартал 2024 выбрать" + nameOfBlock), 30): Scroll to object 'Object Repository/Выручка в рублях/1 квартал 2024 выбрать' successfully

14-10-2024T11:30:08 - [MESSAGE][PASSED] - Scroll to object 'Object Repository/Выручка в рублях/1 квартал 2024 выбрать' successfully

14-10-2024T11:30:08 - [TEST_STEP][PASSED] - click(findTestObject("Выручка в рублях/1 квартал 2024 выбрать" + nameOfBlock)): Object: 'Object Repository/Выручка в рублях/1 квартал 2024 выбрать' is clicked on

14-10-2024T11:30:08 - [MESSAGE][PASSED] - Object: 'Object Repository/Выручка в рублях/1 квартал 2024 выбрать' is clicked on

14-10-2024T11:30:08 - [TEST_STEP][PASSED] - scrollToElement(findTestObject("Выручка в рублях/2 квартал 2024 выбрать" + nameOfBlock), 30): Scroll to object 'Object Repository/Выручка в рублях/2 квартал 2024 выбрать' successfully

14-10-2024T11:30:09 - [MESSAGE][PASSED] - Scroll to object 'Object Repository/Выручка в рублях/2 квартал 2024 выбрать' successfully

14-10-2024T11:30:09 - [TEST_STEP][PASSED] - click(findTestObject("Выручка в рублях/2 квартал 2024 выбрать" + nameOfBlock)): Object: 'Object Repository/Выручка в рублях/2 квартал 2024 выбрать' is clicked on

14-10-2024T11:30:09 - [MESSAGE][PASSED] - Object: 'Object Repository/Выручка в рублях/2 квартал 2024 выбрать' is clicked on

14-10-2024T11:30:09 - [TEST_STEP][PASSED] - scrollToElement(findTestObject("Выручка в рублях/3 квартал 2024 список" + nameOfBlock), 30): Scroll to object 'Object Repository/Выручка в рублях/3 квартал 2024 список' successfully

14-10-2024T11:30:10 - [MESSAGE][PASSED] - Scroll to object 'Object Repository/Выручка в рублях/3 квартал 2024 список' successfully

14-10-2024T11:30:10 - [TEST_STEP][PASSED] - click(findTestObject("Выручка в рублях/3 квартал 2024 список" + nameOfBlock)): Object: 'Object Repository/Выручка в рублях/3 квартал 2024 список' is clicked on

14-10-2024T11:30:10 - [MESSAGE][PASSED] - Object: 'Object Repository/Выручка в рублях/3 квартал 2024 список' is clicked on

14-10-2024T11:30:10 - [TEST_STEP][PASSED] - click(findTestObject("Выручка в рублях/Июль 2024" + nameOfBlock)): Object: 'Object Repository/Выручка в рублях/Июль 2024' is clicked on

14-10-2024T11:30:10 - [MESSAGE][PASSED] - Object: 'Object Repository/Выручка в рублях/Июль 2024' is clicked on

14-10-2024T11:30:10 - [TEST_STEP][PASSED] - scrollToElement(findTestObject("Выручка в рублях/Август 2024" + nameOfBlock), 30): Scroll to object 'Object Repository/Выручка в рублях/Август 2024' successfully

14-10-2024T11:30:11 - [MESSAGE][PASSED] - Scroll to object 'Object Repository/Выручка в рублях/Август 2024' successfully

14-10-2024T11:30:11 - [TEST_STEP][PASSED] - click(findTestObject("Выручка в рублях/Август 2024" + nameOfBlock)): Object: 'Object Repository/Выручка в рублях/Август 2024' is clicked on

14-10-2024T11:30:11 - [MESSAGE][PASSED] - Object: 'Object Repository/Выручка в рублях/Август 2024' is clicked on

14-10-2024T11:30:11 - [TEST_STEP][PASSED] - scrollToElement(findTestObject("Выручка в рублях/Заголовок дашборда" + nameOfBlock), 30): Scroll to object 'Object Repository/Выручка в рублях/Заголовок дашборда' successfully

14-10-2024T11:30:12 - [MESSAGE][PASSED] - Scroll to object 'Object Repository/Выручка в рублях/Заголовок дашборда' successfully

14-10-2024T11:30:12 - [TEST_STEP][PASSED] - click(findTestObject("Выручка в рублях/Применить в фильтре Дата" + nameOfBlock)): Object: 'Object Repository/Выручка в рублях/Применить в фильтре Дата' is clicked on

14-10-2024T11:30:12 - [MESSAGE][PASSED] - Object: 'Object Repository/Выручка в рублях/Применить в фильтре Дата' is clicked on

14-10-2024T11:30:12 - [TEST_STEP][PASSED] - delay(50): Delayed 50 second(s)

14-10-2024T11:31:02 - [MESSAGE][PASSED] - Delayed 50 second(s)

14-10-2024T11:31:02 - [TEST_STEP][PASSED] - click(findTestObject("Выручка в рублях/Фильтр ДЗО" + nameOfBlock)): Object: 'Object Repository/Выручка в рублях/Фильтр ДЗО' is clicked on

14-10-2024T11:31:02 - [MESSAGE][PASSED] - Object: 'Object Repository/Выручка в рублях/Фильтр ДЗО' is clicked on

14-10-2024T11:31:02 - [TEST_STEP][PASSED] - click(findTestObject("Выручка в рублях/Снять выделение в фильтре ДЗО" + nameOfBlock)): Object: 'Object Repository/Выручка в рублях/Снять выделение в фильтре ДЗО' is clicked on

14-10-2024T11:31:03 - [MESSAGE][PASSED] - Object: 'Object Repository/Выручка в рублях/Снять выделение в фильтре ДЗО' is clicked on

14-10-2024T11:31:03 - [TEST_STEP][PASSED] - click(findTestObject("Выручка в рублях/Применить в фильтре ДЗО" + nameOfBlock)): Object: 'Object Repository/Выручка в рублях/Применить в фильтре ДЗО' is clicked on

14-10-2024T11:31:03 - [MESSAGE][PASSED] - Object: 'Object Repository/Выручка в рублях/Применить в фильтре ДЗО' is clicked on

14-10-2024T11:31:03 - [TEST_STEP][PASSED] - delay(50): Delayed 50 second(s)

14-10-2024T11:31:54 - [MESSAGE][PASSED] - Delayed 50 second(s)

14-10-2024T11:31:54 - [TEST_STEP][PASSED] - Script1710234207206.Tumbler(run, vir, block, nameOfBlock): null

14-10-2024T11:31:54 - [TEST_STEP][PASSED] - println("run:" + run): null

14-10-2024T11:31:54 - [TEST_STEP][PASSED] - println("vir:" + vir): null

14-10-2024T11:31:54 - [TEST_STEP][PASSED] - println("block:" + block): null

14-10-2024T11:31:54 - [TEST_STEP][PASSED] - println("nameOfBlock:" + nameOfBlock): null

14-10-2024T11:31:54 - [TEST_STEP][PASSED] - if (vir == 1): null

14-10-2024T11:31:54 - [TEST_STEP][PASSED] - else if (vir == 2): null

14-10-2024T11:31:54 - [TEST_STEP][PASSED] - else if (vir == 3): Object: 'Object Repository/Выручка в рублях/Применить в фильтре Выручка' is clicked on

14-10-2024T11:31:54 - [TEST_STEP][PASSED] - if (run == 2): Object: 'Object Repository/Выручка в рублях/Переключить отображение с млн на проценты Выручка в рублях' is clicked on

14-10-2024T11:31:54 - [TEST_STEP][PASSED] - click(findTestObject("Выручка в рублях/Переключить отображение с млн на проценты Выручка в рублях" + nameOfBlock)): Object: 'Object Repository/Выручка в рублях/Переключить отображение с млн на проценты Выручка в рублях' is clicked on

14-10-2024T11:31:54 - [MESSAGE][PASSED] - Object: 'Object Repository/Выручка в рублях/Переключить отображение с млн на проценты Выручка в рублях' is clicked on

14-10-2024T11:31:54 - [TEST_STEP][PASSED] - click(findTestObject("Выручка в рублях/Фильтр Выручка" + nameOfBlock)): Object: 'Object Repository/Выручка в рублях/Фильтр Выручка' is clicked on

14-10-2024T11:31:54 - [MESSAGE][PASSED] - Object: 'Object Repository/Выручка в рублях/Фильтр Выручка' is clicked on

14-10-2024T11:31:54 - [TEST_STEP][PASSED] - click(findTestObject("Выручка в рублях/Внутренний оборот в фильтре Выручка" + nameOfBlock)): Object: 'Object Repository/Выручка в рублях/Внутренний оборот в фильтре Выручка' is clicked on

14-10-2024T11:31:55 - [MESSAGE][PASSED] - Object: 'Object Repository/Выручка в рублях/Внутренний оборот в фильтре Выручка' is clicked on

14-10-2024T11:31:55 - [TEST_STEP][PASSED] - click(findTestObject("Выручка в рублях/Применить в фильтре Выручка" + nameOfBlock)): Object: 'Object Repository/Выручка в рублях/Применить в фильтре Выручка' is clicked on

14-10-2024T11:31:55 - [MESSAGE][PASSED] - Object: 'Object Repository/Выручка в рублях/Применить в фильтре Выручка' is clicked on

14-10-2024T11:31:55 - [TEST_STEP][PASSED] - click(findTestObject("Выручка в рублях/Фильтр ДЗО" + nameOfBlock)): Object: 'Object Repository/Выручка в рублях/Фильтр ДЗО' is clicked on

14-10-2024T11:31:58 - [MESSAGE][PASSED] - Object: 'Object Repository/Выручка в рублях/Фильтр ДЗО' is clicked on

14-10-2024T11:31:58 - [TEST_STEP][PASSED] - Script1710234207206.Rosseti(nameOfBlock): null

14-10-2024T11:31:58 - [TEST_STEP][PASSED] - println("nameOfBlock:" + nameOfBlock): null

14-10-2024T11:31:58 - [TEST_STEP][PASSED] - click(findTestObject("Выручка в рублях/ПАО Россети" + nameOfBlock)): Object: 'Object Repository/Выручка в рублях/ПАО Россети' is clicked on

14-10-2024T11:31:58 - [MESSAGE][PASSED] - Object: 'Object Repository/Выручка в рублях/ПАО Россети' is clicked on

14-10-2024T11:31:58 - [TEST_STEP][PASSED] - click(findTestObject("Выручка в рублях/Применить в фильтре ДЗО" + nameOfBlock)): Object: 'Object Repository/Выручка в рублях/Применить в фильтре ДЗО' is clicked on

14-10-2024T11:31:59 - [MESSAGE][PASSED] - Object: 'Object Repository/Выручка в рублях/Применить в фильтре ДЗО' is clicked on

14-10-2024T11:31:59 - [TEST_STEP][PASSED] - if (run == 2): null

14-10-2024T11:31:59 - [TEST_STEP][PASSED] - perc = " Perc": null

14-10-2024T11:31:59 - [TEST_STEP][PASSED] - if (vir == 1 || vir == 2): null

14-10-2024T11:31:59 - [TEST_STEP][PASSED] - else: Text of object 'Object Repository/Выручка в рублях/vir3Plan' is: '15 949'

14-10-2024T11:31:59 - [TEST_STEP][PASSED] - a1 = getText(findTestObject("Выручка в рублях/vir3Plan")): Text of object 'Object Repository/Выручка в рублях/vir3Plan' is: '15 949'

14-10-2024T11:32:01 - [MESSAGE][PASSED] - Text of object 'Object Repository/Выручка в рублях/vir3Plan' is: '15 949'

14-10-2024T11:32:01 - [TEST_STEP][PASSED] - if (vir == 1 || vir == 2): null

14-10-2024T11:32:01 - [TEST_STEP][PASSED] - else: Text of object 'Object Repository/Выручка в рублях/vir3Fact' is: '16 473'

14-10-2024T11:32:01 - [TEST_STEP][PASSED] - a2 = getText(findTestObject("Выручка в рублях/vir3Fact")): Text of object 'Object Repository/Выручка в рублях/vir3Fact' is: '16 473'

14-10-2024T11:32:02 - [MESSAGE][PASSED] - Text of object 'Object Repository/Выручка в рублях/vir3Fact' is: '16 473'

14-10-2024T11:32:02 - [TEST_STEP][PASSED] - a30 = getText(findTestObject("Выручка в рублях/span1" + perc)): Text of object 'Object Repository/Выручка в рублях/span1 Perc' is: '-47.55 %'

14-10-2024T11:32:02 - [MESSAGE][PASSED] - Text of object 'Object Repository/Выручка в рублях/span1 Perc' is: '-47.55 %'

14-10-2024T11:32:02 - [TEST_STEP][PASSED] - i = a30.indexOf("млн.руб."): null

14-10-2024T11:32:02 - [TEST_STEP][PASSED] - if (i > -1): null

14-10-2024T11:32:02 - [TEST_STEP][PASSED] - if (a30.contains("%")): null

14-10-2024T11:32:02 - [TEST_STEP][PASSED] - a30 = a30.replaceAll("%", ""): null

14-10-2024T11:32:02 - [TEST_STEP][PASSED] - a30 = ").trim(): null

14-10-2024T11:32:02 - [TEST_STEP][PASSED] - println("a30: " + a30): null

14-10-2024T11:32:02 - [TEST_STEP][PASSED] - if (vir == 1 || vir == 2): null

14-10-2024T11:32:02 - [TEST_STEP][PASSED] - else: Text of object 'Object Repository/Выручка в рублях/span15 Perc' is: '-1.78 %'

14-10-2024T11:32:02 - [TEST_STEP][PASSED] - a31 = ").trim(): Text of object 'Object Repository/Выручка в рублях/span15 Perc' is: '-1.78 %'

14-10-2024T11:32:02 - [MESSAGE][PASSED] - Text of object 'Object Repository/Выручка в рублях/span15 Perc' is: '-1.78 %'

14-10-2024T11:32:02 - [TEST_STEP][PASSED] - if (vir == 1 || vir == 2): null

14-10-2024T11:32:02 - [TEST_STEP][PASSED] - else: Text of object 'Object Repository/Выручка в рублях/span16 Perc' is: '-49.1 %'

14-10-2024T11:32:02 - [TEST_STEP][PASSED] - a32 = ").trim(): Text of object 'Object Repository/Выручка в рублях/span16 Perc' is: '-49.1 %'

14-10-2024T11:32:03 - [MESSAGE][PASSED] - Text of object 'Object Repository/Выручка в рублях/span16 Perc' is: '-49.1 %'

14-10-2024T11:32:03 - [TEST_STEP][PASSED] - if (vir == 1 || vir == 2): null

14-10-2024T11:32:03 - [TEST_STEP][PASSED] - else: Text of object 'Object Repository/Выручка в рублях/span17 Perc' is: '-49.42 %'

14-10-2024T11:32:03 - [TEST_STEP][PASSED] - a37 = ").trim(): Text of object 'Object Repository/Выручка в рублях/span17 Perc' is: '-49.42 %'

14-10-2024T11:32:03 - [MESSAGE][PASSED] - Text of object 'Object Repository/Выручка в рублях/span17 Perc' is: '-49.42 %'

14-10-2024T11:32:03 - [TEST_STEP][PASSED] - if (vir == 1 || vir == 2): null

14-10-2024T11:32:03 - [TEST_STEP][PASSED] - else: Text of object 'Object Repository/Выручка в рублях/span18 Perc' is: '-45.8 %'

14-10-2024T11:32:03 - [TEST_STEP][PASSED] - a316 = ").trim(): Text of object 'Object Repository/Выручка в рублях/span18 Perc' is: '-45.8 %'

14-10-2024T11:32:03 - [MESSAGE][PASSED] - Text of object 'Object Repository/Выручка в рублях/span18 Perc' is: '-45.8 %'

14-10-2024T11:32:03 - [TEST_STEP][PASSED] - if (vir == 1 || vir == 2): null

14-10-2024T11:32:03 - [TEST_STEP][PASSED] - block = 2: null

14-10-2024T11:32:03 - [TEST_STEP][PASSED] - nameOfBlock = " Выручка": null

14-10-2024T11:32:03 - [TEST_STEP][PASSED] - Script1710234207206.PreSettings(run, vir, block, nameOfBlock, typeOfData, todaysDate): null

14-10-2024T11:32:03 - [TEST_STEP][PASSED] - openBrowser(""): Browser is opened with url: ''

14-10-2024T11:32:03 - [MESSAGE][WARNING] - A browser is already opened. Closing browser and opening a new one

14-10-2024T11:32:03 - [MESSAGE][INFO] - Starting 'Chrome' driver

14-10-2024T11:32:03 - [MESSAGE][INFO] - Action delay is set to 0 milliseconds

14-10-2024T11:32:06 - [MESSAGE][PASSED] - Browser is opened with url: ''

14-10-2024T11:32:06 - [TEST_STEP][PASSED] - refresh(): Refresh successfully

14-10-2024T11:32:06 - [MESSAGE][PASSED] - Refresh successfully

14-10-2024T11:32:06 - [TEST_STEP][PASSED] - delay(50): Delayed 50 second(s)

14-10-2024T11:32:56 - [MESSAGE][PASSED] - Delayed 50 second(s)

14-10-2024T11:32:56 - [TEST_STEP][PASSED] - println("run:" + run): null

14-10-2024T11:32:56 - [TEST_STEP][PASSED] - println("vir:" + vir): null

14-10-2024T11:32:56 - [TEST_STEP][PASSED] - println("block:" + block): null

14-10-2024T11:32:56 - [TEST_STEP][PASSED] - if (block == 1): null

14-10-2024T11:32:56 - [TEST_STEP][PASSED] - else: null

14-10-2024T11:32:56 - [TEST_STEP][PASSED] - nameOfBlock = " Выручка": null

14-10-2024T11:32:56 - [TEST_STEP][PASSED] - println("nameOfBlock:" + nameOfBlock): null

14-10-2024T11:32:56 - [TEST_STEP][PASSED] - println("typeOfData:" + typeOfData): null

14-10-2024T11:32:56 - [TEST_STEP][PASSED] - println("todaysDate:" + todaysDate): null

14-10-2024T11:32:56 - [TEST_STEP][PASSED] - Script1710234207206.Autorization(block, nameOfBlock): null

14-10-2024T11:32:56 - [TEST_STEP][PASSED] - println("block:" + block): null

14-10-2024T11:32:56 - [TEST_STEP][PASSED] - if (block == 1): null

14-10-2024T11:32:56 - [TEST_STEP][PASSED] - else: null

14-10-2024T11:32:56 - [TEST_STEP][PASSED] - delay(45): Delayed 45 second(s)

14-10-2024T11:33:41 - [MESSAGE][PASSED] - Delayed 45 second(s)

14-10-2024T11:33:41 - [TEST_STEP][PASSED] - nameOfBlock = " Выручка": null

14-10-2024T11:33:41 - [TEST_STEP][PASSED] - println("nameOfBlock:" + nameOfBlock): null

14-10-2024T11:33:41 - [TEST_STEP][PASSED] - if (block == 1): null

14-10-2024T11:33:41 - [TEST_STEP][PASSED] - else: Delayed 45 second(s)

14-10-2024T11:33:41 - [TEST_STEP][PASSED] - navigateToUrl(findTestData("PlanFact").getValue(10, 9)): Navigate to 'https://bi.rosseti.digital/viewer?dashboardGuid=a1fd28b3785d443cbc4d7690a1d78e31&sheetGuid=86092a20c5984827a0c87b24cac76a50&fit=true' successfully

14-10-2024T11:33:48 - [MESSAGE][PASSED] - Navigate to 'https://bi.rosseti.digital/viewer?dashboardGuid=a1fd28b3785d443cbc4d7690a1d78e31&sheetGuid=86092a20c5984827a0c87b24cac76a50&fit=true' successfully

14-10-2024T11:33:48 - [TEST_STEP][PASSED] - delay(45): Delayed 45 second(s)

14-10-2024T11:34:33 - [MESSAGE][PASSED] - Delayed 45 second(s)

14-10-2024T11:34:33 - [TEST_STEP][PASSED] - if (verifyElementPresent(findTestObject("Страница авторизации/button_"), 30) == true): null

14-10-2024T11:34:33 - [MESSAGE][PASSED] - Object 'Object Repository/Страница авторизации/button_' is present

14-10-2024T11:34:33 - [TEST_STEP][PASSED] - setText(findTestObject("Страница авторизации/input__username"), findTestData("PlanFact").getValue(8, 1)): Text 'shekhov-aa' is set on object 'Object Repository/Страница авторизации/input__username'

14-10-2024T11:34:33 - [MESSAGE][PASSED] - Text 'shekhov-aa' is set on object 'Object Repository/Страница авторизации/input__username'

14-10-2024T11:34:33 - [TEST_STEP][PASSED] - setText(findTestObject("Страница авторизации/input__password"), findTestData("PlanFact").getValue(9, 1)): Text 'i)RpQLLlXv9gUDC9' is set on object 'Object Repository/Страница авторизации/input__password'

14-10-2024T11:34:34 - [MESSAGE][PASSED] - Text 'i)RpQLLlXv9gUDC9' is set on object 'Object Repository/Страница авторизации/input__password'

14-10-2024T11:34:34 - [TEST_STEP][PASSED] - click(findTestObject("Страница авторизации/button_")): Object: 'Object Repository/Страница авторизации/button_' is clicked on

14-10-2024T11:34:38 - [MESSAGE][PASSED] - Object: 'Object Repository/Страница авторизации/button_' is clicked on

14-10-2024T11:34:38 - [TEST_STEP][PASSED] - delay(45): Delayed 45 second(s)

14-10-2024T11:35:23 - [MESSAGE][PASSED] - Delayed 45 second(s)

14-10-2024T11:35:23 - [TEST_STEP][PASSED] - if (block == 2): Delayed 50 second(s)

14-10-2024T11:35:23 - [TEST_STEP][PASSED] - opoveshenie = getText(findTestObject("Выручка в рублях/Просьба обратить внимание")): Text of object 'Object Repository/Выручка в рублях/Просьба обратить внимание' is: 'Просьба обратить внимание'

14-10-2024T11:35:23 - [MESSAGE][PASSED] - Text of object 'Object Repository/Выручка в рублях/Просьба обратить внимание' is: 'Просьба обратить внимание'

14-10-2024T11:35:23 - [TEST_STEP][PASSED] - if (opoveshenie == "Просьба обратить внимание"): Delayed 50 second(s)

14-10-2024T11:35:23 - [TEST_STEP][PASSED] - click(findTestObject("Выручка в рублях/Закрыть оповещение")): Object: 'Object Repository/Выручка в рублях/Закрыть оповещение' is clicked on

14-10-2024T11:35:23 - [MESSAGE][PASSED] - Object: 'Object Repository/Выручка в рублях/Закрыть оповещение' is clicked on

14-10-2024T11:35:23 - [TEST_STEP][PASSED] - delay(50): Delayed 50 second(s)

14-10-2024T11:36:13 - [MESSAGE][PASSED] - Delayed 50 second(s)

14-10-2024T11:36:13 - [TEST_STEP][PASSED] - click(findTestObject("Выручка в рублях/Фильтр Период" + nameOfBlock)): Object: 'Object Repository/Выручка в рублях/Фильтр Период Выручка' is clicked on

14-10-2024T11:36:14 - [MESSAGE][PASSED] - Object: 'Object Repository/Выручка в рублях/Фильтр Период Выручка' is clicked on

14-10-2024T11:36:14 - [TEST_STEP][PASSED] - click(findTestObject("Выручка в рублях/Снять выделение в фильтре Дата" + nameOfBlock)): Object: 'Object Repository/Выручка в рублях/Снять выделение в фильтре Дата Выручка' is clicked on

14-10-2024T11:36:14 - [MESSAGE][PASSED] - Object: 'Object Repository/Выручка в рублях/Снять выделение в фильтре Дата Выручка' is clicked on

14-10-2024T11:36:14 - [TEST_STEP][PASSED] - click(findTestObject("Выручка в рублях/Применить в фильтре Дата" + nameOfBlock)): Object: 'Object Repository/Выручка в рублях/Применить в фильтре Дата Выручка' is clicked on

14-10-2024T11:36:15 - [MESSAGE][PASSED] - Object: 'Object Repository/Выручка в рублях/Применить в фильтре Дата Выручка' is clicked on

14-10-2024T11:36:15 - [TEST_STEP][PASSED] - delay(50): Delayed 50 second(s)

14-10-2024T11:37:05 - [MESSAGE][PASSED] - Delayed 50 second(s)

14-10-2024T11:37:05 - [TEST_STEP][PASSED] - click(findTestObject("Выручка в рублях/Фильтр Период" + nameOfBlock)): Object: 'Object Repository/Выручка в рублях/Фильтр Период Выручка' is clicked on

14-10-2024T11:37:05 - [MESSAGE][PASSED] - Object: 'Object Repository/Выручка в рублях/Фильтр Период Выручка' is clicked on

14-10-2024T11:37:05 - [TEST_STEP][PASSED] - click(findTestObject("Выручка в рублях/Снять выделение в фильтре Дата" + nameOfBlock)): Object: 'Object Repository/Выручка в рублях/Снять выделение в фильтре Дата Выручка' is clicked on

14-10-2024T11:37:06 - [MESSAGE][PASSED] - Object: 'Object Repository/Выручка в рублях/Снять выделение в фильтре Дата Выручка' is clicked on

14-10-2024T11:37:06 - [TEST_STEP][PASSED] - scrollToElement(findTestObject("Выручка в рублях/2024 список" + nameOfBlock), 30): Scroll to object 'Object Repository/Выручка в рублях/2024 список Выручка' successfully

14-10-2024T11:37:06 - [MESSAGE][PASSED] - Scroll to object 'Object Repository/Выручка в рублях/2024 список Выручка' successfully

14-10-2024T11:37:06 - [TEST_STEP][PASSED] - click(findTestObject("Выручка в рублях/2024 список" + nameOfBlock)): Object: 'Object Repository/Выручка в рублях/2024 список Выручка' is clicked on

14-10-2024T11:37:06 - [MESSAGE][PASSED] - Object: 'Object Repository/Выручка в рублях/2024 список Выручка' is clicked on

14-10-2024T11:37:06 - [TEST_STEP][PASSED] - scrollToElement(findTestObject("Выручка в рублях/1 квартал 2024 выбрать" + nameOfBlock), 30): Scroll to object 'Object Repository/Выручка в рублях/1 квартал 2024 выбрать Выручка' successfully

14-10-2024T11:37:07 - [MESSAGE][PASSED] - Scroll to object 'Object Repository/Выручка в рублях/1 квартал 2024 выбрать Выручка' successfully

14-10-2024T11:37:07 - [TEST_STEP][PASSED] - click(findTestObject("Выручка в рублях/1 квартал 2024 выбрать" + nameOfBlock)): Object: 'Object Repository/Выручка в рублях/1 квартал 2024 выбрать Выручка' is clicked on

14-10-2024T11:37:07 - [MESSAGE][PASSED] - Object: 'Object Repository/Выручка в рублях/1 квартал 2024 выбрать Выручка' is clicked on

14-10-2024T11:37:07 - [TEST_STEP][PASSED] - scrollToElement(findTestObject("Выручка в рублях/2 квартал 2024 выбрать" + nameOfBlock), 30): Scroll to object 'Object Repository/Выручка в рублях/2 квартал 2024 выбрать Выручка' successfully

14-10-2024T11:37:08 - [MESSAGE][PASSED] - Scroll to object 'Object Repository/Выручка в рублях/2 квартал 2024 выбрать Выручка' successfully

14-10-2024T11:37:08 - [TEST_STEP][PASSED] - click(findTestObject("Выручка в рублях/2 квартал 2024 выбрать" + nameOfBlock)): Object: 'Object Repository/Выручка в рублях/2 квартал 2024 выбрать Выручка' is clicked on

14-10-2024T11:37:08 - [MESSAGE][PASSED] - Object: 'Object Repository/Выручка в рублях/2 квартал 2024 выбрать Выручка' is clicked on

14-10-2024T11:37:08 - [TEST_STEP][PASSED] - scrollToElement(findTestObject("Выручка в рублях/3 квартал 2024 список" + nameOfBlock), 30): Scroll to object 'Object Repository/Выручка в рублях/3 квартал 2024 список Выручка' successfully

14-10-2024T11:37:09 - [MESSAGE][PASSED] - Scroll to object 'Object Repository/Выручка в рублях/3 квартал 2024 список Выручка' successfully

14-10-2024T11:37:09 - [TEST_STEP][PASSED] - click(findTestObject("Выручка в рублях/3 квартал 2024 список" + nameOfBlock)): Object: 'Object Repository/Выручка в рублях/3 квартал 2024 список Выручка' is clicked on

14-10-2024T11:37:09 - [MESSAGE][PASSED] - Object: 'Object Repository/Выручка в рублях/3 квартал 2024 список Выручка' is clicked on

14-10-2024T11:37:09 - [TEST_STEP][PASSED] - click(findTestObject("Выручка в рублях/Июль 2024" + nameOfBlock)): Object: 'Object Repository/Выручка в рублях/Июль 2024 Выручка' is clicked on

14-10-2024T11:37:09 - [MESSAGE][PASSED] - Object: 'Object Repository/Выручка в рублях/Июль 2024 Выручка' is clicked on

14-10-2024T11:37:09 - [TEST_STEP][PASSED] - scrollToElement(findTestObject("Выручка в рублях/Август 2024" + nameOfBlock), 30): Scroll to object 'Object Repository/Выручка в рублях/Август 2024 Выручка' successfully

14-10-2024T11:37:10 - [MESSAGE][PASSED] - Scroll to object 'Object Repository/Выручка в рублях/Август 2024 Выручка' successfully

14-10-2024T11:37:10 - [TEST_STEP][PASSED] - click(findTestObject("Выручка в рублях/Август 2024" + nameOfBlock)): Object: 'Object Repository/Выручка в рублях/Август 2024 Выручка' is clicked on

14-10-2024T11:37:10 - [MESSAGE][PASSED] - Object: 'Object Repository/Выручка в рублях/Август 2024 Выручка' is clicked on

14-10-2024T11:37:10 - [TEST_STEP][PASSED] - scrollToElement(findTestObject("Выручка в рублях/Заголовок дашборда" + nameOfBlock), 30): Scroll to object 'Object Repository/Выручка в рублях/Заголовок дашборда Выручка' successfully

14-10-2024T11:37:11 - [MESSAGE][PASSED] - Scroll to object 'Object Repository/Выручка в рублях/Заголовок дашборда Выручка' successfully

14-10-2024T11:37:11 - [TEST_STEP][PASSED] - click(findTestObject("Выручка в рублях/Применить в фильтре Дата" + nameOfBlock)): Object: 'Object Repository/Выручка в рублях/Применить в фильтре Дата Выручка' is clicked on

14-10-2024T11:37:11 - [MESSAGE][PASSED] - Object: 'Object Repository/Выручка в рублях/Применить в фильтре Дата Выручка' is clicked on

14-10-2024T11:37:11 - [TEST_STEP][PASSED] - delay(50): Delayed 50 second(s)

14-10-2024T11:38:01 - [MESSAGE][PASSED] - Delayed 50 second(s)

14-10-2024T11:38:01 - [TEST_STEP][PASSED] - click(findTestObject("Выручка в рублях/Фильтр ДЗО" + nameOfBlock)): Object: 'Object Repository/Выручка в рублях/Фильтр ДЗО Выручка' is clicked on

14-10-2024T11:38:01 - [MESSAGE][PASSED] - Object: 'Object Repository/Выручка в рублях/Фильтр ДЗО Выручка' is clicked on

14-10-2024T11:38:01 - [TEST_STEP][PASSED] - click(findTestObject("Выручка в рублях/Снять выделение в фильтре ДЗО" + nameOfBlock)): Object: 'Object Repository/Выручка в рублях/Снять выделение в фильтре ДЗО Выручка' is clicked on

14-10-2024T11:38:02 - [MESSAGE][PASSED] - Object: 'Object Repository/Выручка в рублях/Снять выделение в фильтре ДЗО Выручка' is clicked on

14-10-2024T11:38:02 - [TEST_STEP][PASSED] - click(findTestObject("Выручка в рублях/Применить в фильтре ДЗО" + nameOfBlock)): Object: 'Object Repository/Выручка в рублях/Применить в фильтре ДЗО Выручка' is clicked on

14-10-2024T11:38:02 - [MESSAGE][PASSED] - Object: 'Object Repository/Выручка в рублях/Применить в фильтре ДЗО Выручка' is clicked on

14-10-2024T11:38:02 - [TEST_STEP][PASSED] - delay(50): Delayed 50 second(s)

14-10-2024T11:38:53 - [MESSAGE][PASSED] - Delayed 50 second(s)

14-10-2024T11:38:53 - [TEST_STEP][PASSED] - Script1710234207206.Tumbler(run, vir, block, nameOfBlock): null

14-10-2024T11:38:53 - [TEST_STEP][PASSED] - println("run:" + run): null

14-10-2024T11:38:53 - [TEST_STEP][PASSED] - println("vir:" + vir): null

14-10-2024T11:38:53 - [TEST_STEP][PASSED] - println("block:" + block): null

14-10-2024T11:38:53 - [TEST_STEP][PASSED] - println("nameOfBlock:" + nameOfBlock): null

14-10-2024T11:38:53 - [TEST_STEP][PASSED] - if (vir == 1): null

14-10-2024T11:38:53 - [TEST_STEP][PASSED] - else if (vir == 2): null

14-10-2024T11:38:53 - [TEST_STEP][PASSED] - else if (vir == 3): Object: 'Object Repository/Выручка в рублях/Применить в фильтре Выручка Выручка' is clicked on

14-10-2024T11:38:53 - [TEST_STEP][PASSED] - if (run == 2): Object: 'Object Repository/Выручка в рублях/Переключить отображение с млн на проценты Выручка в рублях Выручка' is clicked on

14-10-2024T11:38:53 - [TEST_STEP][PASSED] - click(findTestObject("Выручка в рублях/Переключить отображение с млн на проценты Выручка в рублях" + nameOfBlock)): Object: 'Object Repository/Выручка в рублях/Переключить отображение с млн на проценты Выручка в рублях Выручка' is clicked on

14-10-2024T11:38:53 - [MESSAGE][PASSED] - Object: 'Object Repository/Выручка в рублях/Переключить отображение с млн на проценты Выручка в рублях Выручка' is clicked on

14-10-2024T11:38:53 - [TEST_STEP][PASSED] - click(findTestObject("Выручка в рублях/Фильтр Выручка" + nameOfBlock)): Object: 'Object Repository/Выручка в рублях/Фильтр Выручка Выручка' is clicked on

14-10-2024T11:38:53 - [MESSAGE][PASSED] - Object: 'Object Repository/Выручка в рублях/Фильтр Выручка Выручка' is clicked on

14-10-2024T11:38:53 - [TEST_STEP][PASSED] - click(findTestObject("Выручка в рублях/Внутренний оборот в фильтре Выручка" + nameOfBlock)): Object: 'Object Repository/Выручка в рублях/Внутренний оборот в фильтре Выручка Выручка' is clicked on

14-10-2024T11:38:54 - [MESSAGE][PASSED] - Object: 'Object Repository/Выручка в рублях/Внутренний оборот в фильтре Выручка Выручка' is clicked on

14-10-2024T11:38:54 - [TEST_STEP][PASSED] - click(findTestObject("Выручка в рублях/Применить в фильтре Выручка" + nameOfBlock)): Object: 'Object Repository/Выручка в рублях/Применить в фильтре Выручка Выручка' is clicked on

14-10-2024T11:38:54 - [MESSAGE][PASSED] - Object: 'Object Repository/Выручка в рублях/Применить в фильтре Выручка Выручка' is clicked on

14-10-2024T11:38:54 - [TEST_STEP][PASSED] - click(findTestObject("Выручка в рублях/Фильтр ДЗО" + nameOfBlock)): Object: 'Object Repository/Выручка в рублях/Фильтр ДЗО Выручка' is clicked on

14-10-2024T11:38:57 - [MESSAGE][PASSED] - Object: 'Object Repository/Выручка в рублях/Фильтр ДЗО Выручка' is clicked on

14-10-2024T11:38:57 - [TEST_STEP][PASSED] - Script1710234207206.Rosseti(nameOfBlock): null

14-10-2024T11:38:57 - [TEST_STEP][PASSED] - println("nameOfBlock:" + nameOfBlock): null

14-10-2024T11:38:57 - [TEST_STEP][PASSED] - click(findTestObject("Выручка в рублях/ПАО Россети" + nameOfBlock)): Object: 'Object Repository/Выручка в рублях/ПАО Россети Выручка' is clicked on

14-10-2024T11:38:57 - [MESSAGE][PASSED] - Object: 'Object Repository/Выручка в рублях/ПАО Россети Выручка' is clicked on

14-10-2024T11:38:57 - [TEST_STEP][PASSED] - click(findTestObject("Выручка в рублях/Применить в фильтре ДЗО" + nameOfBlock)): Object: 'Object Repository/Выручка в рублях/Применить в фильтре ДЗО Выручка' is clicked on

14-10-2024T11:38:58 - [MESSAGE][PASSED] - Object: 'Object Repository/Выручка в рублях/Применить в фильтре ДЗО Выручка' is clicked on

14-10-2024T11:38:58 - [TEST_STEP][PASSED] - if (vir == 1 || vir == 2): null

14-10-2024T11:38:58 - [TEST_STEP][PASSED] - else: Text of object 'Object Repository/Выручка в рублях/vir3Plan Выручка' is: '15 949'

14-10-2024T11:38:58 - [TEST_STEP][PASSED] - b1 = getText(findTestObject("Выручка в рублях/vir3Plan Выручка")): Text of object 'Object Repository/Выручка в рублях/vir3Plan Выручка' is: '15 949'

14-10-2024T11:39:00 - [MESSAGE][PASSED] - Text of object 'Object Repository/Выручка в рублях/vir3Plan Выручка' is: '15 949'

14-10-2024T11:39:00 - [TEST_STEP][PASSED] - if (vir == 1 || vir == 2): null

14-10-2024T11:39:00 - [TEST_STEP][PASSED] - else: Text of object 'Object Repository/Выручка в рублях/vir3Fact Выручка' is: '16 473'

14-10-2024T11:39:00 - [TEST_STEP][PASSED] - b2 = getText(findTestObject("Выручка в рублях/vir3Fact Выручка")): Text of object 'Object Repository/Выручка в рублях/vir3Fact Выручка' is: '16 473'

14-10-2024T11:39:00 - [MESSAGE][PASSED] - Text of object 'Object Repository/Выручка в рублях/vir3Fact Выручка' is: '16 473'

14-10-2024T11:39:00 - [TEST_STEP][PASSED] - b30 = getText(findTestObject("Выручка в рублях/span1" + perc)): Text of object 'Object Repository/Выручка в рублях/span1 Perc' is: '3.29 %'

14-10-2024T11:39:00 - [MESSAGE][PASSED] - Text of object 'Object Repository/Выручка в рублях/span1 Perc' is: '3.29 %'

14-10-2024T11:39:00 - [TEST_STEP][PASSED] - i = b30.indexOf("млн.руб."): null

14-10-2024T11:39:00 - [TEST_STEP][PASSED] - if (i > -1): null

14-10-2024T11:39:00 - [TEST_STEP][PASSED] - if (b30.contains("%")): null

14-10-2024T11:39:00 - [TEST_STEP][PASSED] - b30 = b30.replaceAll("%", ""): null

14-10-2024T11:39:00 - [TEST_STEP][PASSED] - b30 = ").trim(): null

14-10-2024T11:39:00 - [TEST_STEP][PASSED] - println("b30: " + b30): null

14-10-2024T11:39:00 - [TEST_STEP][PASSED] - if (vir == 1 || vir == 2): null

14-10-2024T11:39:00 - [TEST_STEP][PASSED] - else: Text of object 'Object Repository/Выручка в рублях/span15 Perc' is: '-1.78 %'

14-10-2024T11:39:00 - [TEST_STEP][PASSED] - b31 = ").trim(): Text of object 'Object Repository/Выручка в рублях/span15 Perc' is: '-1.78 %'

14-10-2024T11:39:01 - [MESSAGE][PASSED] - Text of object 'Object Repository/Выручка в рублях/span15 Perc' is: '-1.78 %'

14-10-2024T11:39:01 - [TEST_STEP][PASSED] - if (vir == 1 || vir == 2): null

14-10-2024T11:39:01 - [TEST_STEP][PASSED] - else: Text of object 'Object Repository/Выручка в рублях/span16 Perc' is: '1.81 %'

14-10-2024T11:39:01 - [TEST_STEP][PASSED] - b32 = ").trim(): Text of object 'Object Repository/Выручка в рублях/span16 Perc' is: '1.81 %'

14-10-2024T11:39:01 - [MESSAGE][PASSED] - Text of object 'Object Repository/Выручка в рублях/span16 Perc' is: '1.81 %'

14-10-2024T11:39:01 - [TEST_STEP][PASSED] - if (vir == 1 || vir == 2): null

14-10-2024T11:39:01 - [TEST_STEP][PASSED] - else: Text of object 'Object Repository/Выручка в рублях/span17 Perc' is: '4.01 %'

14-10-2024T11:39:01 - [TEST_STEP][PASSED] - b37 = ").trim(): Text of object 'Object Repository/Выручка в рублях/span17 Perc' is: '4.01 %'

14-10-2024T11:39:01 - [MESSAGE][PASSED] - Text of object 'Object Repository/Выручка в рублях/span17 Perc' is: '4.01 %'

14-10-2024T11:39:01 - [TEST_STEP][PASSED] - if (vir == 1 || vir == 2): null

14-10-2024T11:39:01 - [TEST_STEP][PASSED] - else: Text of object 'Object Repository/Выручка в рублях/span18 Perc' is: '8.4 %'

14-10-2024T11:39:01 - [TEST_STEP][PASSED] - b316 = ").trim(): Text of object 'Object Repository/Выручка в рублях/span18 Perc' is: '8.4 %'

14-10-2024T11:39:02 - [MESSAGE][PASSED] - Text of object 'Object Repository/Выручка в рублях/span18 Perc' is: '8.4 %'

14-10-2024T11:39:02 - [TEST_STEP][PASSED] - if (vir == 1 || vir == 2): null

14-10-2024T11:39:02 - [TEST_STEP][PASSED] - dZO = "ПАО Россети": null

14-10-2024T11:39:02 - [TEST_STEP][PASSED] - if (verifyEqual(a1, b1) == false): Actual object '15 949' and expected object '15 949' are equal

14-10-2024T11:39:02 - [MESSAGE][PASSED] - Actual object '15 949' and expected object '15 949' are equal

14-10-2024T11:39:02 - [TEST_STEP][PASSED] - if (verifyEqual(a2, b2) == false): Actual object '16 473' and expected object '16 473' are equal

14-10-2024T11:39:02 - [MESSAGE][PASSED] - Actual object '16 473' and expected object '16 473' are equal

14-10-2024T11:39:02 - [TEST_STEP][PASSED] - vidget = "Отклонения": null

14-10-2024T11:39:02 - [TEST_STEP][FAILED] - if (verifyEqual(a30, b30) == false): null

14-10-2024T11:39:02 - [MESSAGE][FAILED] - Unable to verify equal between actual object '-47.55' and expected object '3.29' (Root cause: com.kms.katalon.core.exception.StepFailedException: Actual object '-47.55' and expected object '3.29' are not equal
	at com.kms.katalon.core.keyword.builtin.VerifyEqualKeyword$_verifyEqual_closure1.doCall(VerifyEqualKeyword.groovy:58)
	at com.kms.katalon.core.keyword.builtin.VerifyEqualKeyword$_verifyEqual_closure1.call(VerifyEqualKeyword.groovy)
	at com.kms.katalon.core.keyword.internal.KeywordMain.runKeyword(KeywordMain.groovy:75)
	at com.kms.katalon.core.keyword.builtin.VerifyEqualKeyword.verifyEqual(VerifyEqualKeyword.groovy:63)
	at com.kms.katalon.core.keyword.builtin.VerifyEqualKeyword.execute(VerifyEqualKeyword.groovy:44)
	at com.kms.katalon.core.keyword.internal.KeywordExecutor.executeKeywordForPlatform(KeywordExecutor.groovy:74)
	at com.kms.katalon.core.keyword.BuiltinKeywords.verifyEqual(BuiltinKeywords.groovy:146)
	at jdk.internal.reflect.GeneratedMethodAccessor19.invoke(Unknown Source)
	at java.base/jdk.internal.reflect.DelegatingMethodAccessorImpl.invoke(DelegatingMethodAccessorImpl.java:43)
	at Выручка в рублях сверка дашбордов ПАО Россети.Blocks(Выручка в рублях сверка дашбордов ПАО Россети:357)
	at Выручка в рублях сверка дашбордов ПАО Россети.ViruchkaChange(Выручка в рублях сверка дашбордов ПАО Россети:60)
	at Выручка в рублях сверка дашбордов ПАО Россети.run(Выручка в рублях сверка дашбордов ПАО Россети:55)
	at com.kms.katalon.core.main.ScriptEngine.run(ScriptEngine.java:194)
	at com.kms.katalon.core.main.ScriptEngine.runScriptAsRawText(ScriptEngine.java:119)
	at com.kms.katalon.core.main.TestCaseExecutor.runScript(TestCaseExecutor.java:448)
	at com.kms.katalon.core.main.TestCaseExecutor.doExecute(TestCaseExecutor.java:439)
	at com.kms.katalon.core.main.TestCaseExecutor.processExecutionPhase(TestCaseExecutor.java:418)
	at com.kms.katalon.core.main.TestCaseExecutor.accessMainPhase(TestCaseExecutor.java:410)
	at com.kms.katalon.core.main.TestCaseExecutor.execute(TestCaseExecutor.java:285)
	at com.kms.katalon.core.common.CommonExecutor.accessTestCaseMainPhase(CommonExecutor.java:65)
	at com.kms.katalon.core.main.TestSuiteExecutor.accessTestSuiteMainPhase(TestSuiteExecutor.java:150)
	at com.kms.katalon.core.main.TestSuiteExecutor.execute(TestSuiteExecutor.java:106)
	at com.kms.katalon.core.main.TestCaseMain.startTestSuite(TestCaseMain.java:180)
	at TempTestSuite1728890597227.run(TempTestSuite1728890597227.groovy:35)
	at java.base/jdk.internal.reflect.NativeMethodAccessorImpl.invoke0(Native Method)
	at java.base/jdk.internal.reflect.NativeMethodAccessorImpl.invoke(NativeMethodAccessorImpl.java:77)
	at java.base/jdk.internal.reflect.DelegatingMethodAccessorImpl.invoke(DelegatingMethodAccessorImpl.java:43)
)

14-10-2024T11:39:02 - [TEST_STEP][PASSED] - a = a30.toDouble(): null

14-10-2024T11:39:02 - [TEST_STEP][PASSED] - b = b30.toDouble(): null

14-10-2024T11:39:02 - [TEST_STEP][PASSED] - Script1710234207206.WriteToExcel(todaysDate, run, vir, block, typeOfData, viruchka, vidget, nameOfBlock, a, b, dZO): null

14-10-2024T11:39:02 - [TEST_STEP][PASSED] - println(run): null

14-10-2024T11:39:02 - [TEST_STEP][PASSED] - if (run == 1): null

14-10-2024T11:39:02 - [TEST_STEP][PASSED] - else if (run == 2): null

14-10-2024T11:39:02 - [TEST_STEP][PASSED] - typeOfData = "Проценты": null

14-10-2024T11:39:02 - [TEST_STEP][PASSED] - println("todaysDate:" + todaysDate): null

14-10-2024T11:39:02 - [TEST_STEP][PASSED] - println("typeOfData:" + typeOfData): null

14-10-2024T11:39:02 - [TEST_STEP][PASSED] - viruchka = getText(findTestObject("Выручка в рублях/Фильтр Выручка" + nameOfBlock)): Text of object 'Object Repository/Выручка в рублях/Фильтр Выручка Выручка' is: 'ПЕРЕДАЧА ЭЛЕКТРОЭНЕРГИИ, внутренний оборот'

14-10-2024T11:39:02 - [MESSAGE][PASSED] - Text of object 'Object Repository/Выручка в рублях/Фильтр Выручка Выручка' is: 'ПЕРЕДАЧА ЭЛЕКТРОЭНЕРГИИ, внутренний оборот'

14-10-2024T11:39:02 - [TEST_STEP][PASSED] - println("viruchka" + viruchka): null

14-10-2024T11:39:02 - [TEST_STEP][PASSED] - println("vidget" + vidget): null

14-10-2024T11:39:02 - [TEST_STEP][PASSED] - println("a" + a): null

14-10-2024T11:39:02 - [TEST_STEP][PASSED] - println("b" + b): null

14-10-2024T11:39:02 - [TEST_STEP][PASSED] - sheetName = "Sheet1": null

14-10-2024T11:39:02 - [TEST_STEP][PASSED] - data = findTestData("PlanFact"): null

14-10-2024T11:39:02 - [TEST_STEP][PASSED] - n = data.getRowNumbers() + 1: null

14-10-2024T11:39:02 - [TEST_STEP][PASSED] - period = getText(findTestObject("Выручка в рублях/Фильтр Период")): Text of object 'Object Repository/Выручка в рублях/Фильтр Период' is: 'Июль, Август и 1, 2 кв. 2024 года'

14-10-2024T11:39:02 - [MESSAGE][PASSED] - Text of object 'Object Repository/Выручка в рублях/Фильтр Период' is: 'Июль, Август и 1, 2 кв. 2024 года'

14-10-2024T11:39:02 - [TEST_STEP][PASSED] - println(period): null

14-10-2024T11:39:02 - [TEST_STEP][PASSED] - dashboardName = "Выручка в рублях": null

14-10-2024T11:39:02 - [TEST_STEP][PASSED] - workbook01 = getWorkbook(excelFilePath): null

14-10-2024T11:39:02 - [TEST_STEP][PASSED] - sheet01 = getExcelSheet(workbook01, sheetName): null

14-10-2024T11:39:02 - [TEST_STEP][PASSED] - setValueToCellByIndex(sheet01, n, 0, dashboardName): null

14-10-2024T11:39:02 - [TEST_STEP][PASSED] - setValueToCellByIndex(sheet01, n, 1, dZO): null

14-10-2024T11:39:02 - [TEST_STEP][PASSED] - setValueToCellByIndex(sheet01, n, 2, vidget): null

14-10-2024T11:39:02 - [TEST_STEP][PASSED] - setValueToCellByIndex(sheet01, n, 3, viruchka): null

14-10-2024T11:39:02 - [TEST_STEP][PASSED] - setValueToCellByIndex(sheet01, n, 4, typeOfData): null

14-10-2024T11:39:02 - [TEST_STEP][PASSED] - if (a == null): null

14-10-2024T11:39:02 - [TEST_STEP][PASSED] - else: null

14-10-2024T11:39:02 - [TEST_STEP][PASSED] - setValueToCellByIndex(sheet01, n, 5, a): null

14-10-2024T11:39:02 - [TEST_STEP][PASSED] - if (b == null): null

14-10-2024T11:39:02 - [TEST_STEP][PASSED] - else: null

14-10-2024T11:39:02 - [TEST_STEP][PASSED] - setValueToCellByIndex(sheet01, n, 6, b): null

14-10-2024T11:39:02 - [TEST_STEP][PASSED] - setValueToCellByIndex(sheet01, n, 7, period): null

14-10-2024T11:39:02 - [TEST_STEP][PASSED] - setValueToCellByIndex(sheet01, n, 8, todaysDate): null

14-10-2024T11:39:02 - [TEST_STEP][PASSED] - n = n + 1: null

14-10-2024T11:39:02 - [TEST_STEP][PASSED] - saveWorkbook(excelFilePath, workbook01): null

14-10-2024T11:39:03 - [TEST_STEP][PASSED] - dZO = "АО «Тываэнерго»": null

14-10-2024T11:39:03 - [TEST_STEP][PASSED] - if (verifyEqual(a31, b31) == false): Actual object '-1.78' and expected object '-1.78' are equal

14-10-2024T11:39:03 - [MESSAGE][PASSED] - Actual object '-1.78' and expected object '-1.78' are equal

14-10-2024T11:39:03 - [TEST_STEP][PASSED] - dZO = "АО «Чеченэнерго»": null

14-10-2024T11:39:03 - [TEST_STEP][FAILED] - if (verifyEqual(a32, b32) == false): null

14-10-2024T11:39:03 - [MESSAGE][FAILED] - Unable to verify equal between actual object '-49.1' and expected object '1.81' (Root cause: com.kms.katalon.core.exception.StepFailedException: Actual object '-49.1' and expected object '1.81' are not equal
	at com.kms.katalon.core.keyword.builtin.VerifyEqualKeyword$_verifyEqual_closure1.doCall(VerifyEqualKeyword.groovy:58)
	at com.kms.katalon.core.keyword.builtin.VerifyEqualKeyword$_verifyEqual_closure1.call(VerifyEqualKeyword.groovy)
	at com.kms.katalon.core.keyword.internal.KeywordMain.runKeyword(KeywordMain.groovy:75)
	at com.kms.katalon.core.keyword.builtin.VerifyEqualKeyword.verifyEqual(VerifyEqualKeyword.groovy:63)
	at com.kms.katalon.core.keyword.builtin.VerifyEqualKeyword.execute(VerifyEqualKeyword.groovy:44)
	at com.kms.katalon.core.keyword.internal.KeywordExecutor.executeKeywordForPlatform(KeywordExecutor.groovy:74)
	at com.kms.katalon.core.keyword.BuiltinKeywords.verifyEqual(BuiltinKeywords.groovy:146)
	at jdk.internal.reflect.GeneratedMethodAccessor19.invoke(Unknown Source)
	at java.base/jdk.internal.reflect.DelegatingMethodAccessorImpl.invoke(DelegatingMethodAccessorImpl.java:43)
	at Выручка в рублях сверка дашбордов ПАО Россети.Blocks(Выручка в рублях сверка дашбордов ПАО Россети:377)
	at Выручка в рублях сверка дашбордов ПАО Россети.ViruchkaChange(Выручка в рублях сверка дашбордов ПАО Россети:60)
	at Выручка в рублях сверка дашбордов ПАО Россети.run(Выручка в рублях сверка дашбордов ПАО Россети:55)
	at com.kms.katalon.core.main.ScriptEngine.run(ScriptEngine.java:194)
	at com.kms.katalon.core.main.ScriptEngine.runScriptAsRawText(ScriptEngine.java:119)
	at com.kms.katalon.core.main.TestCaseExecutor.runScript(TestCaseExecutor.java:448)
	at com.kms.katalon.core.main.TestCaseExecutor.doExecute(TestCaseExecutor.java:439)
	at com.kms.katalon.core.main.TestCaseExecutor.processExecutionPhase(TestCaseExecutor.java:418)
	at com.kms.katalon.core.main.TestCaseExecutor.accessMainPhase(TestCaseExecutor.java:410)
	at com.kms.katalon.core.main.TestCaseExecutor.execute(TestCaseExecutor.java:285)
	at com.kms.katalon.core.common.CommonExecutor.accessTestCaseMainPhase(CommonExecutor.java:65)
	at com.kms.katalon.core.main.TestSuiteExecutor.accessTestSuiteMainPhase(TestSuiteExecutor.java:150)
	at com.kms.katalon.core.main.TestSuiteExecutor.execute(TestSuiteExecutor.java:106)
	at com.kms.katalon.core.main.TestCaseMain.startTestSuite(TestCaseMain.java:180)
	at TempTestSuite1728890597227.run(TempTestSuite1728890597227.groovy:35)
	at java.base/jdk.internal.reflect.NativeMethodAccessorImpl.invoke0(Native Method)
	at java.base/jdk.internal.reflect.NativeMethodAccessorImpl.invoke(NativeMethodAccessorImpl.java:77)
	at java.base/jdk.internal.reflect.DelegatingMethodAccessorImpl.invoke(DelegatingMethodAccessorImpl.java:43)
)

14-10-2024T11:39:03 - [TEST_STEP][PASSED] - a = a32.toDouble(): null

14-10-2024T11:39:03 - [TEST_STEP][PASSED] - b = b32.toDouble(): null

14-10-2024T11:39:03 - [TEST_STEP][PASSED] - Script1710234207206.WriteToExcel(todaysDate, run, vir, block, typeOfData, viruchka, vidget, nameOfBlock, a, b, dZO): null

14-10-2024T11:39:03 - [TEST_STEP][PASSED] - println(run): null

14-10-2024T11:39:03 - [TEST_STEP][PASSED] - if (run == 1): null

14-10-2024T11:39:03 - [TEST_STEP][PASSED] - else if (run == 2): null

14-10-2024T11:39:03 - [TEST_STEP][PASSED] - typeOfData = "Проценты": null

14-10-2024T11:39:03 - [TEST_STEP][PASSED] - println("todaysDate:" + todaysDate): null

14-10-2024T11:39:03 - [TEST_STEP][PASSED] - println("typeOfData:" + typeOfData): null

14-10-2024T11:39:03 - [TEST_STEP][PASSED] - viruchka = getText(findTestObject("Выручка в рублях/Фильтр Выручка" + nameOfBlock)): Text of object 'Object Repository/Выручка в рублях/Фильтр Выручка Выручка' is: 'ПЕРЕДАЧА ЭЛЕКТРОЭНЕРГИИ, внутренний оборот'

14-10-2024T11:39:03 - [MESSAGE][PASSED] - Text of object 'Object Repository/Выручка в рублях/Фильтр Выручка Выручка' is: 'ПЕРЕДАЧА ЭЛЕКТРОЭНЕРГИИ, внутренний оборот'

14-10-2024T11:39:03 - [TEST_STEP][PASSED] - println("viruchka" + viruchka): null

14-10-2024T11:39:03 - [TEST_STEP][PASSED] - println("vidget" + vidget): null

14-10-2024T11:39:03 - [TEST_STEP][PASSED] - println("a" + a): null

14-10-2024T11:39:03 - [TEST_STEP][PASSED] - println("b" + b): null

14-10-2024T11:39:03 - [TEST_STEP][PASSED] - sheetName = "Sheet1": null

14-10-2024T11:39:03 - [TEST_STEP][PASSED] - data = findTestData("PlanFact"): null

14-10-2024T11:39:03 - [TEST_STEP][PASSED] - n = data.getRowNumbers() + 1: null

14-10-2024T11:39:03 - [TEST_STEP][PASSED] - period = getText(findTestObject("Выручка в рублях/Фильтр Период")): Text of object 'Object Repository/Выручка в рублях/Фильтр Период' is: 'Июль, Август и 1, 2 кв. 2024 года'

14-10-2024T11:39:03 - [MESSAGE][PASSED] - Text of object 'Object Repository/Выручка в рублях/Фильтр Период' is: 'Июль, Август и 1, 2 кв. 2024 года'

14-10-2024T11:39:03 - [TEST_STEP][PASSED] - println(period): null

14-10-2024T11:39:03 - [TEST_STEP][PASSED] - dashboardName = "Выручка в рублях": null

14-10-2024T11:39:03 - [TEST_STEP][PASSED] - workbook01 = getWorkbook(excelFilePath): null

14-10-2024T11:39:03 - [TEST_STEP][PASSED] - sheet01 = getExcelSheet(workbook01, sheetName): null

14-10-2024T11:39:03 - [TEST_STEP][PASSED] - setValueToCellByIndex(sheet01, n, 0, dashboardName): null

14-10-2024T11:39:03 - [TEST_STEP][PASSED] - setValueToCellByIndex(sheet01, n, 1, dZO): null

14-10-2024T11:39:03 - [TEST_STEP][PASSED] - setValueToCellByIndex(sheet01, n, 2, vidget): null

14-10-2024T11:39:03 - [TEST_STEP][PASSED] - setValueToCellByIndex(sheet01, n, 3, viruchka): null

14-10-2024T11:39:03 - [TEST_STEP][PASSED] - setValueToCellByIndex(sheet01, n, 4, typeOfData): null

14-10-2024T11:39:03 - [TEST_STEP][PASSED] - if (a == null): null

14-10-2024T11:39:03 - [TEST_STEP][PASSED] - else: null

14-10-2024T11:39:03 - [TEST_STEP][PASSED] - setValueToCellByIndex(sheet01, n, 5, a): null

14-10-2024T11:39:03 - [TEST_STEP][PASSED] - if (b == null): null

14-10-2024T11:39:03 - [TEST_STEP][PASSED] - else: null

14-10-2024T11:39:03 - [TEST_STEP][PASSED] - setValueToCellByIndex(sheet01, n, 6, b): null

14-10-2024T11:39:03 - [TEST_STEP][PASSED] - setValueToCellByIndex(sheet01, n, 7, period): null

14-10-2024T11:39:03 - [TEST_STEP][PASSED] - setValueToCellByIndex(sheet01, n, 8, todaysDate): null

14-10-2024T11:39:03 - [TEST_STEP][PASSED] - n = n + 1: null

14-10-2024T11:39:03 - [TEST_STEP][PASSED] - saveWorkbook(excelFilePath, workbook01): null

14-10-2024T11:39:04 - [TEST_STEP][PASSED] - dZO = "Россети Волга": null

14-10-2024T11:39:04 - [TEST_STEP][PASSED] - if (verifyEqual(a33, b33) == false): Actual object 'null' and expected object 'null' are equal

14-10-2024T11:39:04 - [MESSAGE][PASSED] - Actual object 'null' and expected object 'null' are equal

14-10-2024T11:39:04 - [TEST_STEP][PASSED] - dZO = "Россети Кубань": null

14-10-2024T11:39:04 - [TEST_STEP][PASSED] - if (verifyEqual(a34, b34) == false): Actual object 'null' and expected object 'null' are equal

14-10-2024T11:39:04 - [MESSAGE][PASSED] - Actual object 'null' and expected object 'null' are equal

14-10-2024T11:39:04 - [TEST_STEP][PASSED] - dZO = "Россети Ленэнерго (ГК)": null

14-10-2024T11:39:04 - [TEST_STEP][PASSED] - if (verifyEqual(a35, b35) == false): Actual object 'null' and expected object 'null' are equal

14-10-2024T11:39:04 - [MESSAGE][PASSED] - Actual object 'null' and expected object 'null' are equal

14-10-2024T11:39:04 - [TEST_STEP][PASSED] - dZO = "Россети Московский регион": null

14-10-2024T11:39:04 - [TEST_STEP][PASSED] - if (verifyEqual(a36, b36) == false): Actual object 'null' and expected object 'null' are equal

14-10-2024T11:39:04 - [MESSAGE][PASSED] - Actual object 'null' and expected object 'null' are equal

14-10-2024T11:39:04 - [TEST_STEP][PASSED] - dZO = "Россети Северный Кавказ (ГК)": null

14-10-2024T11:39:04 - [TEST_STEP][FAILED] - if (verifyEqual(a37, b37) == false): null

14-10-2024T11:39:04 - [MESSAGE][FAILED] - Unable to verify equal between actual object '-49.42' and expected object '4.01' (Root cause: com.kms.katalon.core.exception.StepFailedException: Actual object '-49.42' and expected object '4.01' are not equal
	at com.kms.katalon.core.keyword.builtin.VerifyEqualKeyword$_verifyEqual_closure1.doCall(VerifyEqualKeyword.groovy:58)
	at com.kms.katalon.core.keyword.builtin.VerifyEqualKeyword$_verifyEqual_closure1.call(VerifyEqualKeyword.groovy)
	at com.kms.katalon.core.keyword.internal.KeywordMain.runKeyword(KeywordMain.groovy:75)
	at com.kms.katalon.core.keyword.builtin.VerifyEqualKeyword.verifyEqual(VerifyEqualKeyword.groovy:63)
	at com.kms.katalon.core.keyword.builtin.VerifyEqualKeyword.execute(VerifyEqualKeyword.groovy:44)
	at com.kms.katalon.core.keyword.internal.KeywordExecutor.executeKeywordForPlatform(KeywordExecutor.groovy:74)
	at com.kms.katalon.core.keyword.BuiltinKeywords.verifyEqual(BuiltinKeywords.groovy:146)
	at jdk.internal.reflect.GeneratedMethodAccessor19.invoke(Unknown Source)
	at java.base/jdk.internal.reflect.DelegatingMethodAccessorImpl.invoke(DelegatingMethodAccessorImpl.java:43)
	at Выручка в рублях сверка дашбордов ПАО Россети.Blocks(Выручка в рублях сверка дашбордов ПАО Россети:427)
	at Выручка в рублях сверка дашбордов ПАО Россети.ViruchkaChange(Выручка в рублях сверка дашбордов ПАО Россети:60)
	at Выручка в рублях сверка дашбордов ПАО Россети.run(Выручка в рублях сверка дашбордов ПАО Россети:55)
	at com.kms.katalon.core.main.ScriptEngine.run(ScriptEngine.java:194)
	at com.kms.katalon.core.main.ScriptEngine.runScriptAsRawText(ScriptEngine.java:119)
	at com.kms.katalon.core.main.TestCaseExecutor.runScript(TestCaseExecutor.java:448)
	at com.kms.katalon.core.main.TestCaseExecutor.doExecute(TestCaseExecutor.java:439)
	at com.kms.katalon.core.main.TestCaseExecutor.processExecutionPhase(TestCaseExecutor.java:418)
	at com.kms.katalon.core.main.TestCaseExecutor.accessMainPhase(TestCaseExecutor.java:410)
	at com.kms.katalon.core.main.TestCaseExecutor.execute(TestCaseExecutor.java:285)
	at com.kms.katalon.core.common.CommonExecutor.accessTestCaseMainPhase(CommonExecutor.java:65)
	at com.kms.katalon.core.main.TestSuiteExecutor.accessTestSuiteMainPhase(TestSuiteExecutor.java:150)
	at com.kms.katalon.core.main.TestSuiteExecutor.execute(TestSuiteExecutor.java:106)
	at com.kms.katalon.core.main.TestCaseMain.startTestSuite(TestCaseMain.java:180)
	at TempTestSuite1728890597227.run(TempTestSuite1728890597227.groovy:35)
	at java.base/jdk.internal.reflect.NativeMethodAccessorImpl.invoke0(Native Method)
	at java.base/jdk.internal.reflect.NativeMethodAccessorImpl.invoke(NativeMethodAccessorImpl.java:77)
	at java.base/jdk.internal.reflect.DelegatingMethodAccessorImpl.invoke(DelegatingMethodAccessorImpl.java:43)
)

14-10-2024T11:39:04 - [TEST_STEP][PASSED] - a = a37.toDouble(): null

14-10-2024T11:39:04 - [TEST_STEP][PASSED] - b = b37.toDouble(): null

14-10-2024T11:39:04 - [TEST_STEP][PASSED] - Script1710234207206.WriteToExcel(todaysDate, run, vir, block, typeOfData, viruchka, vidget, nameOfBlock, a, b, dZO): null

14-10-2024T11:39:04 - [TEST_STEP][PASSED] - println(run): null

14-10-2024T11:39:04 - [TEST_STEP][PASSED] - if (run == 1): null

14-10-2024T11:39:04 - [TEST_STEP][PASSED] - else if (run == 2): null

14-10-2024T11:39:04 - [TEST_STEP][PASSED] - typeOfData = "Проценты": null

14-10-2024T11:39:04 - [TEST_STEP][PASSED] - println("todaysDate:" + todaysDate): null

14-10-2024T11:39:04 - [TEST_STEP][PASSED] - println("typeOfData:" + typeOfData): null

14-10-2024T11:39:04 - [TEST_STEP][PASSED] - viruchka = getText(findTestObject("Выручка в рублях/Фильтр Выручка" + nameOfBlock)): Text of object 'Object Repository/Выручка в рублях/Фильтр Выручка Выручка' is: 'ПЕРЕДАЧА ЭЛЕКТРОЭНЕРГИИ, внутренний оборот'

14-10-2024T11:39:04 - [MESSAGE][PASSED] - Text of object 'Object Repository/Выручка в рублях/Фильтр Выручка Выручка' is: 'ПЕРЕДАЧА ЭЛЕКТРОЭНЕРГИИ, внутренний оборот'

14-10-2024T11:39:04 - [TEST_STEP][PASSED] - println("viruchka" + viruchka): null

14-10-2024T11:39:04 - [TEST_STEP][PASSED] - println("vidget" + vidget): null

14-10-2024T11:39:04 - [TEST_STEP][PASSED] - println("a" + a): null

14-10-2024T11:39:04 - [TEST_STEP][PASSED] - println("b" + b): null

14-10-2024T11:39:04 - [TEST_STEP][PASSED] - sheetName = "Sheet1": null

14-10-2024T11:39:04 - [TEST_STEP][PASSED] - data = findTestData("PlanFact"): null

14-10-2024T11:39:04 - [TEST_STEP][PASSED] - n = data.getRowNumbers() + 1: null

14-10-2024T11:39:04 - [TEST_STEP][PASSED] - period = getText(findTestObject("Выручка в рублях/Фильтр Период")): Text of object 'Object Repository/Выручка в рублях/Фильтр Период' is: 'Июль, Август и 1, 2 кв. 2024 года'

14-10-2024T11:39:04 - [MESSAGE][PASSED] - Text of object 'Object Repository/Выручка в рублях/Фильтр Период' is: 'Июль, Август и 1, 2 кв. 2024 года'

14-10-2024T11:39:04 - [TEST_STEP][PASSED] - println(period): null

14-10-2024T11:39:04 - [TEST_STEP][PASSED] - dashboardName = "Выручка в рублях": null

14-10-2024T11:39:04 - [TEST_STEP][PASSED] - workbook01 = getWorkbook(excelFilePath): null

14-10-2024T11:39:04 - [TEST_STEP][PASSED] - sheet01 = getExcelSheet(workbook01, sheetName): null

14-10-2024T11:39:04 - [TEST_STEP][PASSED] - setValueToCellByIndex(sheet01, n, 0, dashboardName): null

14-10-2024T11:39:04 - [TEST_STEP][PASSED] - setValueToCellByIndex(sheet01, n, 1, dZO): null

14-10-2024T11:39:04 - [TEST_STEP][PASSED] - setValueToCellByIndex(sheet01, n, 2, vidget): null

14-10-2024T11:39:04 - [TEST_STEP][PASSED] - setValueToCellByIndex(sheet01, n, 3, viruchka): null

14-10-2024T11:39:04 - [TEST_STEP][PASSED] - setValueToCellByIndex(sheet01, n, 4, typeOfData): null

14-10-2024T11:39:04 - [TEST_STEP][PASSED] - if (a == null): null

14-10-2024T11:39:04 - [TEST_STEP][PASSED] - else: null

14-10-2024T11:39:04 - [TEST_STEP][PASSED] - setValueToCellByIndex(sheet01, n, 5, a): null

14-10-2024T11:39:04 - [TEST_STEP][PASSED] - if (b == null): null

14-10-2024T11:39:04 - [TEST_STEP][PASSED] - else: null

14-10-2024T11:39:04 - [TEST_STEP][PASSED] - setValueToCellByIndex(sheet01, n, 6, b): null

14-10-2024T11:39:04 - [TEST_STEP][PASSED] - setValueToCellByIndex(sheet01, n, 7, period): null

14-10-2024T11:39:04 - [TEST_STEP][PASSED] - setValueToCellByIndex(sheet01, n, 8, todaysDate): null

14-10-2024T11:39:04 - [TEST_STEP][PASSED] - n = n + 1: null

14-10-2024T11:39:04 - [TEST_STEP][PASSED] - saveWorkbook(excelFilePath, workbook01): null

14-10-2024T11:39:05 - [TEST_STEP][PASSED] - dZO = "Россети Северо-Запад": null

14-10-2024T11:39:05 - [TEST_STEP][PASSED] - if (verifyEqual(a38, b38) == false): Actual object 'null' and expected object 'null' are equal

14-10-2024T11:39:05 - [MESSAGE][PASSED] - Actual object 'null' and expected object 'null' are equal

14-10-2024T11:39:05 - [TEST_STEP][PASSED] - dZO = "Россети Сибирь (ГК)": null

14-10-2024T11:39:05 - [TEST_STEP][PASSED] - if (verifyEqual(a39, b39) == false): Actual object 'null' and expected object 'null' are equal

14-10-2024T11:39:05 - [MESSAGE][PASSED] - Actual object 'null' and expected object 'null' are equal

14-10-2024T11:39:05 - [TEST_STEP][PASSED] - dZO = "Россети Томск": null

14-10-2024T11:39:05 - [TEST_STEP][PASSED] - if (verifyEqual(a310, b310) == false): Actual object 'null' and expected object 'null' are equal

14-10-2024T11:39:05 - [MESSAGE][PASSED] - Actual object 'null' and expected object 'null' are equal

14-10-2024T11:39:05 - [TEST_STEP][PASSED] - dZO = "Россети Тюмень": null

14-10-2024T11:39:05 - [TEST_STEP][PASSED] - if (verifyEqual(a311, b311) == false): Actual object 'null' and expected object 'null' are equal

14-10-2024T11:39:05 - [MESSAGE][PASSED] - Actual object 'null' and expected object 'null' are equal

14-10-2024T11:39:05 - [TEST_STEP][PASSED] - dZO = "Россети Урал (ГК)": null

14-10-2024T11:39:05 - [TEST_STEP][PASSED] - if (verifyEqual(a312, b312) == false): Actual object 'null' and expected object 'null' are equal

14-10-2024T11:39:05 - [MESSAGE][PASSED] - Actual object 'null' and expected object 'null' are equal

14-10-2024T11:39:05 - [TEST_STEP][PASSED] - dZO = "Россети ФСК ЕЭС": null

14-10-2024T11:39:05 - [TEST_STEP][PASSED] - if (verifyEqual(a313, b313) == false): Actual object 'null' and expected object 'null' are equal

14-10-2024T11:39:05 - [MESSAGE][PASSED] - Actual object 'null' and expected object 'null' are equal

14-10-2024T11:39:05 - [TEST_STEP][PASSED] - dZO = "Россети Центр": null

14-10-2024T11:39:05 - [TEST_STEP][PASSED] - if (verifyEqual(a314, b314) == false): Actual object 'null' and expected object 'null' are equal

14-10-2024T11:39:05 - [MESSAGE][PASSED] - Actual object 'null' and expected object 'null' are equal

14-10-2024T11:39:05 - [TEST_STEP][PASSED] - dZO = "Россети Центр и Приволжье (ГК)": null

14-10-2024T11:39:05 - [TEST_STEP][PASSED] - if (verifyEqual(a315, b315) == false): Actual object 'null' and expected object 'null' are equal

14-10-2024T11:39:05 - [MESSAGE][PASSED] - Actual object 'null' and expected object 'null' are equal

14-10-2024T11:39:05 - [TEST_STEP][PASSED] - dZO = "Россети Юг (ГК)": null

14-10-2024T11:39:05 - [TEST_STEP][FAILED] - if (verifyEqual(a316, b316) == false): null

14-10-2024T11:39:05 - [MESSAGE][FAILED] - Unable to verify equal between actual object '-45.8' and expected object '8.4' (Root cause: com.kms.katalon.core.exception.StepFailedException: Actual object '-45.8' and expected object '8.4' are not equal
	at com.kms.katalon.core.keyword.builtin.VerifyEqualKeyword$_verifyEqual_closure1.doCall(VerifyEqualKeyword.groovy:58)
	at com.kms.katalon.core.keyword.builtin.VerifyEqualKeyword$_verifyEqual_closure1.call(VerifyEqualKeyword.groovy)
	at com.kms.katalon.core.keyword.internal.KeywordMain.runKeyword(KeywordMain.groovy:75)
	at com.kms.katalon.core.keyword.builtin.VerifyEqualKeyword.verifyEqual(VerifyEqualKeyword.groovy:63)
	at com.kms.katalon.core.keyword.builtin.VerifyEqualKeyword.execute(VerifyEqualKeyword.groovy:44)
	at com.kms.katalon.core.keyword.internal.KeywordExecutor.executeKeywordForPlatform(KeywordExecutor.groovy:74)
	at com.kms.katalon.core.keyword.BuiltinKeywords.verifyEqual(BuiltinKeywords.groovy:146)
	at jdk.internal.reflect.GeneratedMethodAccessor19.invoke(Unknown Source)
	at java.base/jdk.internal.reflect.DelegatingMethodAccessorImpl.invoke(DelegatingMethodAccessorImpl.java:43)
	at Выручка в рублях сверка дашбордов ПАО Россети.Blocks(Выручка в рублях сверка дашбордов ПАО Россети:517)
	at Выручка в рублях сверка дашбордов ПАО Россети.ViruchkaChange(Выручка в рублях сверка дашбордов ПАО Россети:60)
	at Выручка в рублях сверка дашбордов ПАО Россети.run(Выручка в рублях сверка дашбордов ПАО Россети:55)
	at com.kms.katalon.core.main.ScriptEngine.run(ScriptEngine.java:194)
	at com.kms.katalon.core.main.ScriptEngine.runScriptAsRawText(ScriptEngine.java:119)
	at com.kms.katalon.core.main.TestCaseExecutor.runScript(TestCaseExecutor.java:448)
	at com.kms.katalon.core.main.TestCaseExecutor.doExecute(TestCaseExecutor.java:439)
	at com.kms.katalon.core.main.TestCaseExecutor.processExecutionPhase(TestCaseExecutor.java:418)
	at com.kms.katalon.core.main.TestCaseExecutor.accessMainPhase(TestCaseExecutor.java:410)
	at com.kms.katalon.core.main.TestCaseExecutor.execute(TestCaseExecutor.java:285)
	at com.kms.katalon.core.common.CommonExecutor.accessTestCaseMainPhase(CommonExecutor.java:65)
	at com.kms.katalon.core.main.TestSuiteExecutor.accessTestSuiteMainPhase(TestSuiteExecutor.java:150)
	at com.kms.katalon.core.main.TestSuiteExecutor.execute(TestSuiteExecutor.java:106)
	at com.kms.katalon.core.main.TestCaseMain.startTestSuite(TestCaseMain.java:180)
	at TempTestSuite1728890597227.run(TempTestSuite1728890597227.groovy:35)
	at java.base/jdk.internal.reflect.NativeMethodAccessorImpl.invoke0(Native Method)
	at java.base/jdk.internal.reflect.NativeMethodAccessorImpl.invoke(NativeMethodAccessorImpl.java:77)
	at java.base/jdk.internal.reflect.DelegatingMethodAccessorImpl.invoke(DelegatingMethodAccessorImpl.java:43)
)

14-10-2024T11:39:05 - [TEST_STEP][PASSED] - a = a316.toDouble(): null

14-10-2024T11:39:05 - [TEST_STEP][PASSED] - b = b316.toDouble(): null

14-10-2024T11:39:05 - [TEST_STEP][PASSED] - Script1710234207206.WriteToExcel(todaysDate, run, vir, block, typeOfData, viruchka, vidget, nameOfBlock, a, b, dZO): null

14-10-2024T11:39:05 - [TEST_STEP][PASSED] - println(run): null

14-10-2024T11:39:05 - [TEST_STEP][PASSED] - if (run == 1): null

14-10-2024T11:39:05 - [TEST_STEP][PASSED] - else if (run == 2): null

14-10-2024T11:39:05 - [TEST_STEP][PASSED] - typeOfData = "Проценты": null

14-10-2024T11:39:05 - [TEST_STEP][PASSED] - println("todaysDate:" + todaysDate): null

14-10-2024T11:39:05 - [TEST_STEP][PASSED] - println("typeOfData:" + typeOfData): null

14-10-2024T11:39:05 - [TEST_STEP][PASSED] - viruchka = getText(findTestObject("Выручка в рублях/Фильтр Выручка" + nameOfBlock)): Text of object 'Object Repository/Выручка в рублях/Фильтр Выручка Выручка' is: 'ПЕРЕДАЧА ЭЛЕКТРОЭНЕРГИИ, внутренний оборот'

14-10-2024T11:39:05 - [MESSAGE][PASSED] - Text of object 'Object Repository/Выручка в рублях/Фильтр Выручка Выручка' is: 'ПЕРЕДАЧА ЭЛЕКТРОЭНЕРГИИ, внутренний оборот'

14-10-2024T11:39:05 - [TEST_STEP][PASSED] - println("viruchka" + viruchka): null

14-10-2024T11:39:05 - [TEST_STEP][PASSED] - println("vidget" + vidget): null

14-10-2024T11:39:05 - [TEST_STEP][PASSED] - println("a" + a): null

14-10-2024T11:39:05 - [TEST_STEP][PASSED] - println("b" + b): null

14-10-2024T11:39:05 - [TEST_STEP][PASSED] - sheetName = "Sheet1": null

14-10-2024T11:39:05 - [TEST_STEP][PASSED] - data = findTestData("PlanFact"): null

14-10-2024T11:39:05 - [TEST_STEP][PASSED] - n = data.getRowNumbers() + 1: null

14-10-2024T11:39:05 - [TEST_STEP][PASSED] - period = getText(findTestObject("Выручка в рублях/Фильтр Период")): Text of object 'Object Repository/Выручка в рублях/Фильтр Период' is: 'Июль, Август и 1, 2 кв. 2024 года'

14-10-2024T11:39:05 - [MESSAGE][PASSED] - Text of object 'Object Repository/Выручка в рублях/Фильтр Период' is: 'Июль, Август и 1, 2 кв. 2024 года'

14-10-2024T11:39:05 - [TEST_STEP][PASSED] - println(period): null

14-10-2024T11:39:05 - [TEST_STEP][PASSED] - dashboardName = "Выручка в рублях": null

14-10-2024T11:39:05 - [TEST_STEP][PASSED] - workbook01 = getWorkbook(excelFilePath): null

14-10-2024T11:39:05 - [TEST_STEP][PASSED] - sheet01 = getExcelSheet(workbook01, sheetName): null

14-10-2024T11:39:05 - [TEST_STEP][PASSED] - setValueToCellByIndex(sheet01, n, 0, dashboardName): null

14-10-2024T11:39:05 - [TEST_STEP][PASSED] - setValueToCellByIndex(sheet01, n, 1, dZO): null

14-10-2024T11:39:05 - [TEST_STEP][PASSED] - setValueToCellByIndex(sheet01, n, 2, vidget): null

14-10-2024T11:39:05 - [TEST_STEP][PASSED] - setValueToCellByIndex(sheet01, n, 3, viruchka): null

14-10-2024T11:39:05 - [TEST_STEP][PASSED] - setValueToCellByIndex(sheet01, n, 4, typeOfData): null

14-10-2024T11:39:05 - [TEST_STEP][PASSED] - if (a == null): null

14-10-2024T11:39:05 - [TEST_STEP][PASSED] - else: null

14-10-2024T11:39:05 - [TEST_STEP][PASSED] - setValueToCellByIndex(sheet01, n, 5, a): null

14-10-2024T11:39:05 - [TEST_STEP][PASSED] - if (b == null): null

14-10-2024T11:39:05 - [TEST_STEP][PASSED] - else: null

14-10-2024T11:39:05 - [TEST_STEP][PASSED] - setValueToCellByIndex(sheet01, n, 6, b): null

14-10-2024T11:39:05 - [TEST_STEP][PASSED] - setValueToCellByIndex(sheet01, n, 7, period): null

14-10-2024T11:39:05 - [TEST_STEP][PASSED] - setValueToCellByIndex(sheet01, n, 8, todaysDate): null

14-10-2024T11:39:05 - [TEST_STEP][PASSED] - n = n + 1: null

14-10-2024T11:39:05 - [TEST_STEP][PASSED] - saveWorkbook(excelFilePath, workbook01): null

14-10-2024T11:39:06 - [TEST_STEP][PASSED] - dZO = "Россети Янтарь": null

14-10-2024T11:39:06 - [TEST_STEP][PASSED] - if (verifyEqual(a317, b317) == false): Actual object 'null' and expected object 'null' are equal

14-10-2024T11:39:06 - [MESSAGE][PASSED] - Actual object 'null' and expected object 'null' are equal

14-10-2024T11:39:06 - [TEST_STEP][PASSED] - closeBrowser(): Browser is closed

14-10-2024T11:39:06 - [MESSAGE][PASSED] - Browser is closed]]></system-out>
         <system-err><![CDATA[14-10-2024T10:23:21 - [TEST_CASE][FAILED] - Test Cases/Сверки дашбордов/Выручка в рублях сверка дашбордов ПАО Россети: Test Cases/Сверки дашбордов/Выручка в рублях сверка дашбордов ПАО Россети FAILED.
Reason:
com.kms.katalon.core.exception.StepFailedException: Unable to verify equal between actual object '-23.85' and expected object '2.78' (Root cause: com.kms.katalon.core.exception.StepFailedException: Actual object '-23.85' and expected object '2.78' are not equal
	at com.kms.katalon.core.keyword.builtin.VerifyEqualKeyword$_verifyEqual_closure1.doCall(VerifyEqualKeyword.groovy:58)
	at com.kms.katalon.core.keyword.builtin.VerifyEqualKeyword$_verifyEqual_closure1.call(VerifyEqualKeyword.groovy)
	at com.kms.katalon.core.keyword.internal.KeywordMain.runKeyword(KeywordMain.groovy:75)
	at com.kms.katalon.core.keyword.builtin.VerifyEqualKeyword.verifyEqual(VerifyEqualKeyword.groovy:63)
	at com.kms.katalon.core.keyword.builtin.VerifyEqualKeyword.execute(VerifyEqualKeyword.groovy:44)
	at com.kms.katalon.core.keyword.internal.KeywordExecutor.executeKeywordForPlatform(KeywordExecutor.groovy:74)
	at com.kms.katalon.core.keyword.BuiltinKeywords.verifyEqual(BuiltinKeywords.groovy:146)
	at jdk.internal.reflect.GeneratedMethodAccessor19.invoke(Unknown Source)
	at java.base/jdk.internal.reflect.DelegatingMethodAccessorImpl.invoke(DelegatingMethodAccessorImpl.java:43)
	at Выручка в рублях сверка дашбордов ПАО Россети.Blocks(Выручка в рублях сверка дашбордов ПАО Россети:357)
	at Выручка в рублях сверка дашбордов ПАО Россети.ViruchkaChange(Выручка в рублях сверка дашбордов ПАО Россети:60)
	at Выручка в рублях сверка дашбордов ПАО Россети.run(Выручка в рублях сверка дашбордов ПАО Россети:55)
	at com.kms.katalon.core.main.ScriptEngine.run(ScriptEngine.java:194)
	at com.kms.katalon.core.main.ScriptEngine.runScriptAsRawText(ScriptEngine.java:119)
	at com.kms.katalon.core.main.TestCaseExecutor.runScript(TestCaseExecutor.java:448)
	at com.kms.katalon.core.main.TestCaseExecutor.doExecute(TestCaseExecutor.java:439)
	at com.kms.katalon.core.main.TestCaseExecutor.processExecutionPhase(TestCaseExecutor.java:418)
	at com.kms.katalon.core.main.TestCaseExecutor.accessMainPhase(TestCaseExecutor.java:410)
	at com.kms.katalon.core.main.TestCaseExecutor.execute(TestCaseExecutor.java:285)
	at com.kms.katalon.core.common.CommonExecutor.accessTestCaseMainPhase(CommonExecutor.java:65)
	at com.kms.katalon.core.main.TestSuiteExecutor.accessTestSuiteMainPhase(TestSuiteExecutor.java:150)
	at com.kms.katalon.core.main.TestSuiteExecutor.execute(TestSuiteExecutor.java:106)
	at com.kms.katalon.core.main.TestCaseMain.startTestSuite(TestCaseMain.java:180)
	at TempTestSuite1728890597227.run(TempTestSuite1728890597227.groovy:35)
	at java.base/jdk.internal.reflect.NativeMethodAccessorImpl.invoke0(Native Method)
	at java.base/jdk.internal.reflect.NativeMethodAccessorImpl.invoke(NativeMethodAccessorImpl.java:77)
	at java.base/jdk.internal.reflect.DelegatingMethodAccessorImpl.invoke(DelegatingMethodAccessorImpl.java:43)
)
	at com.kms.katalon.core.keyword.internal.KeywordMain.stepFailed(KeywordMain.groovy:39)
	at com.kms.katalon.core.keyword.internal.KeywordMain.stepFailed(KeywordMain.groovy)
	at com.kms.katalon.core.keyword.internal.KeywordMain.runKeyword(KeywordMain.groovy:77)
	at com.kms.katalon.core.keyword.builtin.VerifyEqualKeyword.verifyEqual(VerifyEqualKeyword.groovy:63)
	at com.kms.katalon.core.keyword.builtin.VerifyEqualKeyword.execute(VerifyEqualKeyword.groovy:44)
	at com.kms.katalon.core.keyword.internal.KeywordExecutor.executeKeywordForPlatform(KeywordExecutor.groovy:74)
	at com.kms.katalon.core.keyword.BuiltinKeywords.verifyEqual(BuiltinKeywords.groovy:146)
	at jdk.internal.reflect.GeneratedMethodAccessor19.invoke(Unknown Source)
	at java.base/jdk.internal.reflect.DelegatingMethodAccessorImpl.invoke(DelegatingMethodAccessorImpl.java:43)
	at Выручка в рублях сверка дашбордов ПАО Россети.Blocks(Выручка в рублях сверка дашбордов ПАО Россети:357)
	at Выручка в рублях сверка дашбордов ПАО Россети.ViruchkaChange(Выручка в рублях сверка дашбордов ПАО Россети:60)
	at Выручка в рублях сверка дашбордов ПАО Россети.run(Выручка в рублях сверка дашбордов ПАО Россети:55)
	at com.kms.katalon.core.main.ScriptEngine.run(ScriptEngine.java:194)
	at com.kms.katalon.core.main.ScriptEngine.runScriptAsRawText(ScriptEngine.java:119)
	at com.kms.katalon.core.main.TestCaseExecutor.runScript(TestCaseExecutor.java:448)
	at com.kms.katalon.core.main.TestCaseExecutor.doExecute(TestCaseExecutor.java:439)
	at com.kms.katalon.core.main.TestCaseExecutor.processExecutionPhase(TestCaseExecutor.java:418)
	at com.kms.katalon.core.main.TestCaseExecutor.accessMainPhase(TestCaseExecutor.java:410)
	at com.kms.katalon.core.main.TestCaseExecutor.execute(TestCaseExecutor.java:285)
	at com.kms.katalon.core.common.CommonExecutor.accessTestCaseMainPhase(CommonExecutor.java:65)
	at com.kms.katalon.core.main.TestSuiteExecutor.accessTestSuiteMainPhase(TestSuiteExecutor.java:150)
	at com.kms.katalon.core.main.TestSuiteExecutor.execute(TestSuiteExecutor.java:106)
	at com.kms.katalon.core.main.TestCaseMain.startTestSuite(TestCaseMain.java:180)
	at TempTestSuite1728890597227.run(TempTestSuite1728890597227.groovy:35)
	at java.base/jdk.internal.reflect.NativeMethodAccessorImpl.invoke0(Native Method)
	at java.base/jdk.internal.reflect.NativeMethodAccessorImpl.invoke(NativeMethodAccessorImpl.java:77)
	at java.base/jdk.internal.reflect.DelegatingMethodAccessorImpl.invoke(DelegatingMethodAccessorImpl.java:43)
Caused by: com.kms.katalon.core.exception.StepFailedException: Actual object '-23.85' and expected object '2.78' are not equal
	at com.kms.katalon.core.keyword.builtin.VerifyEqualKeyword$_verifyEqual_closure1.doCall(VerifyEqualKeyword.groovy:58)
	at com.kms.katalon.core.keyword.builtin.VerifyEqualKeyword$_verifyEqual_closure1.call(VerifyEqualKeyword.groovy)
	at com.kms.katalon.core.keyword.internal.KeywordMain.runKeyword(KeywordMain.groovy:75)
	... 24 more]]></system-err>
      </testcase>
      <testcase name="Test Cases/Сверки дашбордов/Выручка по ДЗО сверка дашбордов" time="96.921" classname="Test Cases/Сверки дашбордов/Выручка по ДЗО сверка дашбордов" status="PASSED">
         <system-out><![CDATA[14-10-2024T11:39:06 - [TEST_CASE][PASSED] - Test Cases/Сверки дашбордов/Выручка по ДЗО сверка дашбордов: Test Cases/Сверки дашбордов/Выручка по ДЗО сверка дашбордов

14-10-2024T11:39:06 - [TEST_STEP][PASSED] - date = new java.util.Date(): null

14-10-2024T11:39:06 - [TEST_STEP][PASSED] - todaysDate = date.format("dd.MM.yyyy"): null

14-10-2024T11:39:06 - [TEST_STEP][PASSED] - println(todaysDate): null

14-10-2024T11:39:06 - [TEST_STEP][PASSED] - openBrowser(""): Browser is opened with url: ''

14-10-2024T11:39:06 - [MESSAGE][INFO] - Starting 'Chrome' driver

14-10-2024T11:39:06 - [MESSAGE][INFO] - Action delay is set to 0 milliseconds

14-10-2024T11:39:07 - [MESSAGE][PASSED] - Browser is opened with url: ''

14-10-2024T11:39:07 - [TEST_STEP][PASSED] - navigateToUrl(findTestData("PlanFact").getValue(10, 5)): Navigate to 'https://bi.rosseti.digital/viewer?dashboardGuid=2301950b23be4ed89c1df75f2020051e&sheetGuid=31530aa0b6664c09b016b7f2ab9d853e&fit=true' successfully

14-10-2024T11:39:15 - [MESSAGE][PASSED] - Navigate to 'https://bi.rosseti.digital/viewer?dashboardGuid=2301950b23be4ed89c1df75f2020051e&sheetGuid=31530aa0b6664c09b016b7f2ab9d853e&fit=true' successfully

14-10-2024T11:39:15 - [TEST_STEP][PASSED] - setText(findTestObject("Страница авторизации/input__username"), findTestData("PlanFact").getValue(8, 1)): Text 'shekhov-aa' is set on object 'Object Repository/Страница авторизации/input__username'

14-10-2024T11:39:16 - [MESSAGE][PASSED] - Text 'shekhov-aa' is set on object 'Object Repository/Страница авторизации/input__username'

14-10-2024T11:39:16 - [TEST_STEP][PASSED] - setText(findTestObject("Страница авторизации/input__password"), findTestData("PlanFact").getValue(9, 1)): Text 'i)RpQLLlXv9gUDC9' is set on object 'Object Repository/Страница авторизации/input__password'

14-10-2024T11:39:17 - [MESSAGE][PASSED] - Text 'i)RpQLLlXv9gUDC9' is set on object 'Object Repository/Страница авторизации/input__password'

14-10-2024T11:39:17 - [TEST_STEP][PASSED] - click(findTestObject("Страница авторизации/button_")): Object: 'Object Repository/Страница авторизации/button_' is clicked on

14-10-2024T11:39:20 - [MESSAGE][PASSED] - Object: 'Object Repository/Страница авторизации/button_' is clicked on

14-10-2024T11:39:20 - [TEST_STEP][PASSED] - delay(30): Delayed 30 second(s)

14-10-2024T11:39:50 - [MESSAGE][PASSED] - Delayed 30 second(s)

14-10-2024T11:39:50 - [TEST_STEP][PASSED] - click(findTestObject("Выручка по ДЗО/Фильтр Дата")): Object: 'Object Repository/Выручка по ДЗО/Фильтр Дата' is clicked on

14-10-2024T11:39:50 - [MESSAGE][PASSED] - Object: 'Object Repository/Выручка по ДЗО/Фильтр Дата' is clicked on

14-10-2024T11:39:50 - [TEST_STEP][PASSED] - click(findTestObject("Выручка по ДЗО/Снять выделение в фильтре Дата")): Object: 'Object Repository/Выручка по ДЗО/Снять выделение в фильтре Дата' is clicked on

14-10-2024T11:39:51 - [MESSAGE][PASSED] - Object: 'Object Repository/Выручка по ДЗО/Снять выделение в фильтре Дата' is clicked on

14-10-2024T11:39:51 - [TEST_STEP][PASSED] - click(findTestObject("Выручка по ДЗО/Применить в фильтре Дата")): Object: 'Object Repository/Выручка по ДЗО/Применить в фильтре Дата' is clicked on

14-10-2024T11:39:51 - [MESSAGE][PASSED] - Object: 'Object Repository/Выручка по ДЗО/Применить в фильтре Дата' is clicked on

14-10-2024T11:39:51 - [TEST_STEP][PASSED] - click(findTestObject("Выручка по ДЗО/Фильтр Дата")): Object: 'Object Repository/Выручка по ДЗО/Фильтр Дата' is clicked on

14-10-2024T11:39:53 - [MESSAGE][PASSED] - Object: 'Object Repository/Выручка по ДЗО/Фильтр Дата' is clicked on

14-10-2024T11:39:53 - [TEST_STEP][PASSED] - click(findTestObject("Выручка по ДЗО/Снять выделение в фильтре Дата")): Object: 'Object Repository/Выручка по ДЗО/Снять выделение в фильтре Дата' is clicked on

14-10-2024T11:39:54 - [MESSAGE][PASSED] - Object: 'Object Repository/Выручка по ДЗО/Снять выделение в фильтре Дата' is clicked on

14-10-2024T11:39:54 - [TEST_STEP][PASSED] - scrollToElement(findTestObject("Выручка по ДЗО/2024 список"), 30): Scroll to object 'Object Repository/Выручка по ДЗО/2024 список' successfully

14-10-2024T11:39:54 - [MESSAGE][PASSED] - Scroll to object 'Object Repository/Выручка по ДЗО/2024 список' successfully

14-10-2024T11:39:54 - [TEST_STEP][PASSED] - click(findTestObject("Выручка по ДЗО/2024 список")): Object: 'Object Repository/Выручка по ДЗО/2024 список' is clicked on

14-10-2024T11:39:54 - [MESSAGE][PASSED] - Object: 'Object Repository/Выручка по ДЗО/2024 список' is clicked on

14-10-2024T11:39:54 - [TEST_STEP][PASSED] - scrollToElement(findTestObject("Выручка по ДЗО/1 квартал 2024 выбрать"), 30): Scroll to object 'Object Repository/Выручка по ДЗО/1 квартал 2024 выбрать' successfully

14-10-2024T11:39:55 - [MESSAGE][PASSED] - Scroll to object 'Object Repository/Выручка по ДЗО/1 квартал 2024 выбрать' successfully

14-10-2024T11:39:55 - [TEST_STEP][PASSED] - click(findTestObject("Выручка по ДЗО/1 квартал 2024 выбрать")): Object: 'Object Repository/Выручка по ДЗО/1 квартал 2024 выбрать' is clicked on

14-10-2024T11:39:55 - [MESSAGE][PASSED] - Object: 'Object Repository/Выручка по ДЗО/1 квартал 2024 выбрать' is clicked on

14-10-2024T11:39:55 - [TEST_STEP][PASSED] - scrollToElement(findTestObject("Выручка по ДЗО/2 квартал 2024 выбрать"), 30): Scroll to object 'Object Repository/Выручка по ДЗО/2 квартал 2024 выбрать' successfully

14-10-2024T11:39:56 - [MESSAGE][PASSED] - Scroll to object 'Object Repository/Выручка по ДЗО/2 квартал 2024 выбрать' successfully

14-10-2024T11:39:56 - [TEST_STEP][PASSED] - click(findTestObject("Выручка по ДЗО/2 квартал 2024 выбрать"), CONTINUE_ON_FAILURE): Object: 'Object Repository/Выручка по ДЗО/2 квартал 2024 выбрать' is clicked on

14-10-2024T11:39:56 - [MESSAGE][PASSED] - Object: 'Object Repository/Выручка по ДЗО/2 квартал 2024 выбрать' is clicked on

14-10-2024T11:39:56 - [TEST_STEP][PASSED] - scrollToElement(findTestObject("Выручка по ДЗО/Заголовок дашборда"), 30): Scroll to object 'Object Repository/Выручка по ДЗО/Заголовок дашборда' successfully

14-10-2024T11:39:57 - [MESSAGE][PASSED] - Scroll to object 'Object Repository/Выручка по ДЗО/Заголовок дашборда' successfully

14-10-2024T11:39:57 - [TEST_STEP][PASSED] - click(findTestObject("Выручка по ДЗО/3 квартал 2024 список"), CONTINUE_ON_FAILURE): Object: 'Object Repository/Выручка по ДЗО/3 квартал 2024 список' is clicked on

14-10-2024T11:39:57 - [MESSAGE][PASSED] - Object: 'Object Repository/Выручка по ДЗО/3 квартал 2024 список' is clicked on

14-10-2024T11:39:57 - [TEST_STEP][PASSED] - click(findTestObject("Выручка по ДЗО/Июль 2024"), CONTINUE_ON_FAILURE): Object: 'Object Repository/Выручка по ДЗО/Июль 2024' is clicked on

14-10-2024T11:39:57 - [MESSAGE][PASSED] - Object: 'Object Repository/Выручка по ДЗО/Июль 2024' is clicked on

14-10-2024T11:39:57 - [TEST_STEP][PASSED] - scrollToElement(findTestObject("Выручка по ДЗО/Август 2024"), 30): Scroll to object 'Object Repository/Выручка по ДЗО/Август 2024' successfully

14-10-2024T11:39:58 - [MESSAGE][PASSED] - Scroll to object 'Object Repository/Выручка по ДЗО/Август 2024' successfully

14-10-2024T11:39:58 - [TEST_STEP][PASSED] - click(findTestObject("Выручка по ДЗО/Август 2024"), CONTINUE_ON_FAILURE): Object: 'Object Repository/Выручка по ДЗО/Август 2024' is clicked on

14-10-2024T11:39:58 - [MESSAGE][PASSED] - Object: 'Object Repository/Выручка по ДЗО/Август 2024' is clicked on

14-10-2024T11:39:58 - [TEST_STEP][PASSED] - click(findTestObject("Выручка по ДЗО/Применить в фильтре Дата")): Object: 'Object Repository/Выручка по ДЗО/Применить в фильтре Дата' is clicked on

14-10-2024T11:39:59 - [MESSAGE][PASSED] - Object: 'Object Repository/Выручка по ДЗО/Применить в фильтре Дата' is clicked on

14-10-2024T11:39:59 - [TEST_STEP][PASSED] - a1 = getText(findTestObject("Выручка по ДЗО/График1 Выполнение плановых показателей Блок руководителя")): Text of object 'Object Repository/Выручка по ДЗО/График1 Выполнение плановых показателей Блок руководителя' is: '1 235 1 235
3 018 3 018
51 563 51 563
50 112 50 112
65 744 65 744
136 046 136 046
20 700 20 700
34 491 34 491
45 358 45 358
6 150 6 150
54 779 54 779
68 163 68 163
203 628 203 628
75 373 75 373
80 865 80 865
34 501 34 501
6 294 6 294
1 408 1 408
3 063 3 063
51 685 51 685
53 112 53 112
69 410 69 410
142 888 142 888
21 395 21 395
35 492 35 492
47 268 47 268
6 378 6 378
51 326 51 326
69 941 69 941
204 982 204 982
78 814 78 814
84 737 84 737
35 632 35 632
6 530 6 530
План
Факт
АО «Тываэнерго»
АО «Чеченэнерго»
Россети Волга
Россети Кубань
Россети Ленэнерго (ГК)
Россети Московский регион
Россети Северный Кавказ (ГК)
Россети Северо-Запад
Россети Сибирь (ГК)
Россети Томск
Россети Тюмень
Россети Урал (ГК)
Россети ФСК ЕЭС
Россети Центр
Россети Центр и Приволжье (ГК)
Россети Юг (ГК)
Россети Янтарь
0 млн. руб.
100 000 млн. руб.
200 000 млн. руб.
25 000 млн. руб.
50 000 млн. руб.
75 000 млн. руб.
125 000 млн. руб.
150 000 млн. руб.
175 000 млн. руб.
225 000 млн. руб.'

14-10-2024T11:40:01 - [MESSAGE][PASSED] - Text of object 'Object Repository/Выручка по ДЗО/График1 Выполнение плановых показателей Блок руководителя' is: '1 235 1 235
3 018 3 018
51 563 51 563
50 112 50 112
65 744 65 744
136 046 136 046
20 700 20 700
34 491 34 491
45 358 45 358
6 150 6 150
54 779 54 779
68 163 68 163
203 628 203 628
75 373 75 373
80 865 80 865
34 501 34 501
6 294 6 294
1 408 1 408
3 063 3 063
51 685 51 685
53 112 53 112
69 410 69 410
142 888 142 888
21 395 21 395
35 492 35 492
47 268 47 268
6 378 6 378
51 326 51 326
69 941 69 941
204 982 204 982
78 814 78 814
84 737 84 737
35 632 35 632
6 530 6 530
План
Факт
АО «Тываэнерго»
АО «Чеченэнерго»
Россети Волга
Россети Кубань
Россети Ленэнерго (ГК)
Россети Московский регион
Россети Северный Кавказ (ГК)
Россети Северо-Запад
Россети Сибирь (ГК)
Россети Томск
Россети Тюмень
Россети Урал (ГК)
Россети ФСК ЕЭС
Россети Центр
Россети Центр и Приволжье (ГК)
Россети Юг (ГК)
Россети Янтарь
0 млн. руб.
100 000 млн. руб.
200 000 млн. руб.
25 000 млн. руб.
50 000 млн. руб.
75 000 млн. руб.
125 000 млн. руб.
150 000 млн. руб.
175 000 млн. руб.
225 000 млн. руб.'

14-10-2024T11:40:01 - [TEST_STEP][PASSED] - println("a1: " + a1): null

14-10-2024T11:40:01 - [TEST_STEP][PASSED] - i = a1.indexOf("План"): null

14-10-2024T11:40:01 - [TEST_STEP][PASSED] - a1 = a1.substring(0, i): null

14-10-2024T11:40:01 - [TEST_STEP][PASSED] - println("a1: " + a1): null

14-10-2024T11:40:01 - [TEST_STEP][PASSED] - a2 = getText(findTestObject("Выручка по ДЗО/График2 Выполнение плановых показателей Блок руководителя")): Text of object 'Object Repository/Выручка по ДЗО/График2 Выполнение плановых показателей Блок руководителя' is: '0,15%0,15%
0,32%0,32%
5,36%5,36%
5,51%5,51%
7,2%7,2%
14,82%14,82%
2,22%2,22%
3,68%3,68%
4,9%4,9%
0,66%0,66%
5,32%5,32%
7,25%7,25%
21,26%21,26%
8,18%8,18%
8,79%8,79%
3,7%3,7%
0,68%0,68%
АО «Тываэнерго»
АО «Чеченэнерго»
Россети Волга
Россети Кубань
Россети Ленэнерго (ГК)
Россети Московский регион
Россети Северный Кавказ (ГК)
Россети Северо-Запад
Россети Сибирь (ГК)
Россети Томск
Россети Тюмень
Россети Урал (ГК)
Россети ФСК ЕЭС
Россети Центр
Россети Центр и Приволжье (ГК)
Россети Юг (ГК)
Россети Янтарь
Россети Центр и Приволжье (ГК): 84 737 018,72'

14-10-2024T11:40:01 - [MESSAGE][PASSED] - Text of object 'Object Repository/Выручка по ДЗО/График2 Выполнение плановых показателей Блок руководителя' is: '0,15%0,15%
0,32%0,32%
5,36%5,36%
5,51%5,51%
7,2%7,2%
14,82%14,82%
2,22%2,22%
3,68%3,68%
4,9%4,9%
0,66%0,66%
5,32%5,32%
7,25%7,25%
21,26%21,26%
8,18%8,18%
8,79%8,79%
3,7%3,7%
0,68%0,68%
АО «Тываэнерго»
АО «Чеченэнерго»
Россети Волга
Россети Кубань
Россети Ленэнерго (ГК)
Россети Московский регион
Россети Северный Кавказ (ГК)
Россети Северо-Запад
Россети Сибирь (ГК)
Россети Томск
Россети Тюмень
Россети Урал (ГК)
Россети ФСК ЕЭС
Россети Центр
Россети Центр и Приволжье (ГК)
Россети Юг (ГК)
Россети Янтарь
Россети Центр и Приволжье (ГК): 84 737 018,72'

14-10-2024T11:40:01 - [TEST_STEP][PASSED] - println("a2: " + a2): null

14-10-2024T11:40:01 - [TEST_STEP][PASSED] - i = a2.indexOf("АО «Тываэнерго»"): null

14-10-2024T11:40:01 - [TEST_STEP][PASSED] - a2 = a2.substring(0, i): null

14-10-2024T11:40:01 - [TEST_STEP][PASSED] - navigateToUrl(findTestData("PlanFact").getValue(10, 10)): Navigate to 'https://bi.rosseti.digital/viewer?dashboardGuid=a1fd28b3785d443cbc4d7690a1d78e31&sheetGuid=4a2f47326819444da0508dec5c59e502&fit=true' successfully

14-10-2024T11:40:02 - [MESSAGE][PASSED] - Navigate to 'https://bi.rosseti.digital/viewer?dashboardGuid=a1fd28b3785d443cbc4d7690a1d78e31&sheetGuid=4a2f47326819444da0508dec5c59e502&fit=true' successfully

14-10-2024T11:40:02 - [TEST_STEP][PASSED] - delay(30): Delayed 30 second(s)

14-10-2024T11:40:32 - [MESSAGE][PASSED] - Delayed 30 second(s)

14-10-2024T11:40:32 - [TEST_STEP][PASSED] - click(findTestObject("Выручка по ДЗО/Фильтр Дата Выручка")): Object: 'Object Repository/Выручка по ДЗО/Фильтр Дата Выручка' is clicked on

14-10-2024T11:40:32 - [MESSAGE][PASSED] - Object: 'Object Repository/Выручка по ДЗО/Фильтр Дата Выручка' is clicked on

14-10-2024T11:40:32 - [TEST_STEP][PASSED] - click(findTestObject("Выручка по ДЗО/Снять выделение в фильтре Дата Выручка")): Object: 'Object Repository/Выручка по ДЗО/Снять выделение в фильтре Дата Выручка' is clicked on

14-10-2024T11:40:33 - [MESSAGE][PASSED] - Object: 'Object Repository/Выручка по ДЗО/Снять выделение в фильтре Дата Выручка' is clicked on

14-10-2024T11:40:33 - [TEST_STEP][PASSED] - click(findTestObject("Выручка по ДЗО/Применить в фильтре Дата Выручка")): Object: 'Object Repository/Выручка по ДЗО/Применить в фильтре Дата Выручка' is clicked on

14-10-2024T11:40:33 - [MESSAGE][PASSED] - Object: 'Object Repository/Выручка по ДЗО/Применить в фильтре Дата Выручка' is clicked on

14-10-2024T11:40:33 - [TEST_STEP][PASSED] - click(findTestObject("Выручка по ДЗО/Фильтр Дата Выручка")): Object: 'Object Repository/Выручка по ДЗО/Фильтр Дата Выручка' is clicked on

14-10-2024T11:40:35 - [MESSAGE][PASSED] - Object: 'Object Repository/Выручка по ДЗО/Фильтр Дата Выручка' is clicked on

14-10-2024T11:40:35 - [TEST_STEP][PASSED] - click(findTestObject("Выручка по ДЗО/Снять выделение в фильтре Дата Выручка")): Object: 'Object Repository/Выручка по ДЗО/Снять выделение в фильтре Дата Выручка' is clicked on

14-10-2024T11:40:35 - [MESSAGE][PASSED] - Object: 'Object Repository/Выручка по ДЗО/Снять выделение в фильтре Дата Выручка' is clicked on

14-10-2024T11:40:35 - [TEST_STEP][PASSED] - scrollToElement(findTestObject("Выручка по ДЗО/2024 список Выручка"), 30): Scroll to object 'Object Repository/Выручка по ДЗО/2024 список Выручка' successfully

14-10-2024T11:40:36 - [MESSAGE][PASSED] - Scroll to object 'Object Repository/Выручка по ДЗО/2024 список Выручка' successfully

14-10-2024T11:40:36 - [TEST_STEP][PASSED] - click(findTestObject("Выручка по ДЗО/2024 список Выручка")): Object: 'Object Repository/Выручка по ДЗО/2024 список Выручка' is clicked on

14-10-2024T11:40:36 - [MESSAGE][PASSED] - Object: 'Object Repository/Выручка по ДЗО/2024 список Выручка' is clicked on

14-10-2024T11:40:36 - [TEST_STEP][PASSED] - scrollToElement(findTestObject("Выручка по ДЗО/1 квартал 2024 выбрать Выручка"), 30): Scroll to object 'Object Repository/Выручка по ДЗО/1 квартал 2024 выбрать Выручка' successfully

14-10-2024T11:40:36 - [MESSAGE][PASSED] - Scroll to object 'Object Repository/Выручка по ДЗО/1 квартал 2024 выбрать Выручка' successfully

14-10-2024T11:40:36 - [TEST_STEP][PASSED] - click(findTestObject("Выручка по ДЗО/1 квартал 2024 выбрать Выручка")): Object: 'Object Repository/Выручка по ДЗО/1 квартал 2024 выбрать Выручка' is clicked on

14-10-2024T11:40:37 - [MESSAGE][PASSED] - Object: 'Object Repository/Выручка по ДЗО/1 квартал 2024 выбрать Выручка' is clicked on

14-10-2024T11:40:37 - [TEST_STEP][PASSED] - scrollToElement(findTestObject("Выручка по ДЗО/2 квартал 2024 выбрать Выручка"), 30): Scroll to object 'Object Repository/Выручка по ДЗО/2 квартал 2024 выбрать Выручка' successfully

14-10-2024T11:40:37 - [MESSAGE][PASSED] - Scroll to object 'Object Repository/Выручка по ДЗО/2 квартал 2024 выбрать Выручка' successfully

14-10-2024T11:40:37 - [TEST_STEP][PASSED] - click(findTestObject("Выручка по ДЗО/2 квартал 2024 выбрать Выручка"), CONTINUE_ON_FAILURE): Object: 'Object Repository/Выручка по ДЗО/2 квартал 2024 выбрать Выручка' is clicked on

14-10-2024T11:40:38 - [MESSAGE][PASSED] - Object: 'Object Repository/Выручка по ДЗО/2 квартал 2024 выбрать Выручка' is clicked on

14-10-2024T11:40:38 - [TEST_STEP][PASSED] - click(findTestObject("Выручка по ДЗО/3 квартал 2024 список Выручка"), CONTINUE_ON_FAILURE): Object: 'Object Repository/Выручка по ДЗО/3 квартал 2024 список Выручка' is clicked on

14-10-2024T11:40:38 - [MESSAGE][PASSED] - Object: 'Object Repository/Выручка по ДЗО/3 квартал 2024 список Выручка' is clicked on

14-10-2024T11:40:38 - [TEST_STEP][PASSED] - click(findTestObject("Выручка по ДЗО/Июль 2024 Выручка"), CONTINUE_ON_FAILURE): Object: 'Object Repository/Выручка по ДЗО/Июль 2024 Выручка' is clicked on

14-10-2024T11:40:38 - [MESSAGE][PASSED] - Object: 'Object Repository/Выручка по ДЗО/Июль 2024 Выручка' is clicked on

14-10-2024T11:40:38 - [TEST_STEP][PASSED] - scrollToElement(findTestObject("Выручка по ДЗО/Август 2024 Выручка"), 30): Scroll to object 'Object Repository/Выручка по ДЗО/Август 2024 Выручка' successfully

14-10-2024T11:40:39 - [MESSAGE][PASSED] - Scroll to object 'Object Repository/Выручка по ДЗО/Август 2024 Выручка' successfully

14-10-2024T11:40:39 - [TEST_STEP][PASSED] - click(findTestObject("Выручка по ДЗО/Август 2024 Выручка"), CONTINUE_ON_FAILURE): Object: 'Object Repository/Выручка по ДЗО/Август 2024 Выручка' is clicked on

14-10-2024T11:40:39 - [MESSAGE][PASSED] - Object: 'Object Repository/Выручка по ДЗО/Август 2024 Выручка' is clicked on

14-10-2024T11:40:39 - [TEST_STEP][PASSED] - scrollToElement(findTestObject("Выручка по ДЗО/Заголовок дашборда Выручка"), 30): Scroll to object 'Object Repository/Выручка по ДЗО/Заголовок дашборда Выручка' successfully

14-10-2024T11:40:40 - [MESSAGE][PASSED] - Scroll to object 'Object Repository/Выручка по ДЗО/Заголовок дашборда Выручка' successfully

14-10-2024T11:40:40 - [TEST_STEP][PASSED] - click(findTestObject("Выручка по ДЗО/Применить в фильтре Дата Выручка")): Object: 'Object Repository/Выручка по ДЗО/Применить в фильтре Дата Выручка' is clicked on

14-10-2024T11:40:40 - [MESSAGE][PASSED] - Object: 'Object Repository/Выручка по ДЗО/Применить в фильтре Дата Выручка' is clicked on

14-10-2024T11:40:40 - [TEST_STEP][PASSED] - b1 = getText(findTestObject("Выручка по ДЗО/График1 Выполнение плановых показателей Выручка")): Text of object 'Object Repository/Выручка по ДЗО/График1 Выполнение плановых показателей Выручка' is: '1 235 1 235
3 018 3 018
51 563 51 563
50 112 50 112
65 744 65 744
136 046 136 046
20 700 20 700
34 491 34 491
45 358 45 358
6 150 6 150
54 779 54 779
68 163 68 163
203 628 203 628
75 373 75 373
80 865 80 865
34 501 34 501
6 294 6 294
1 408 1 408
3 063 3 063
51 685 51 685
53 112 53 112
69 410 69 410
142 888 142 888
21 395 21 395
35 492 35 492
47 268 47 268
6 378 6 378
51 326 51 326
69 941 69 941
204 982 204 982
78 814 78 814
84 737 84 737
35 632 35 632
6 530 6 530
План
Факт
АО «Тываэнерго»
АО «Чеченэнерго»
Россети Волга
Россети Кубань
Россети Ленэнерго (ГК)
Россети Московский регион
Россети Северный Кавказ (ГК)
Россети Северо-Запад
Россети Сибирь (ГК)
Россети Томск
Россети Тюмень
Россети Урал (ГК)
Россети ФСК ЕЭС
Россети Центр
Россети Центр и Приволжье (ГК)
Россети Юг (ГК)
Россети Янтарь
0 млн. руб.
100 000 млн. руб.
200 000 млн. руб.
25 000 млн. руб.
50 000 млн. руб.
75 000 млн. руб.
125 000 млн. руб.
150 000 млн. руб.
175 000 млн. руб.
225 000 млн. руб.'

14-10-2024T11:40:42 - [MESSAGE][PASSED] - Text of object 'Object Repository/Выручка по ДЗО/График1 Выполнение плановых показателей Выручка' is: '1 235 1 235
3 018 3 018
51 563 51 563
50 112 50 112
65 744 65 744
136 046 136 046
20 700 20 700
34 491 34 491
45 358 45 358
6 150 6 150
54 779 54 779
68 163 68 163
203 628 203 628
75 373 75 373
80 865 80 865
34 501 34 501
6 294 6 294
1 408 1 408
3 063 3 063
51 685 51 685
53 112 53 112
69 410 69 410
142 888 142 888
21 395 21 395
35 492 35 492
47 268 47 268
6 378 6 378
51 326 51 326
69 941 69 941
204 982 204 982
78 814 78 814
84 737 84 737
35 632 35 632
6 530 6 530
План
Факт
АО «Тываэнерго»
АО «Чеченэнерго»
Россети Волга
Россети Кубань
Россети Ленэнерго (ГК)
Россети Московский регион
Россети Северный Кавказ (ГК)
Россети Северо-Запад
Россети Сибирь (ГК)
Россети Томск
Россети Тюмень
Россети Урал (ГК)
Россети ФСК ЕЭС
Россети Центр
Россети Центр и Приволжье (ГК)
Россети Юг (ГК)
Россети Янтарь
0 млн. руб.
100 000 млн. руб.
200 000 млн. руб.
25 000 млн. руб.
50 000 млн. руб.
75 000 млн. руб.
125 000 млн. руб.
150 000 млн. руб.
175 000 млн. руб.
225 000 млн. руб.'

14-10-2024T11:40:42 - [TEST_STEP][PASSED] - println("b1: " + b1): null

14-10-2024T11:40:42 - [TEST_STEP][PASSED] - i = b1.indexOf("План"): null

14-10-2024T11:40:42 - [TEST_STEP][PASSED] - b1 = b1.substring(0, i): null

14-10-2024T11:40:42 - [TEST_STEP][PASSED] - println("b1: " + b1): null

14-10-2024T11:40:42 - [TEST_STEP][PASSED] - b2 = getText(findTestObject("Выручка по ДЗО/График2 Выполнение плановых показателей Выручка")): Text of object 'Object Repository/Выручка по ДЗО/График2 Выполнение плановых показателей Выручка' is: '0,15%0,15%
0,32%0,32%
5,36%5,36%
5,51%5,51%
7,2%7,2%
14,82%14,82%
2,22%2,22%
3,68%3,68%
4,9%4,9%
0,66%0,66%
5,32%5,32%
7,25%7,25%
21,26%21,26%
8,18%8,18%
8,79%8,79%
3,7%3,7%
0,68%0,68%
АО «Тываэнерго»
АО «Чеченэнерго»
Россети Волга
Россети Кубань
Россети Ленэнерго (ГК)
Россети Московский регион
Россети Северный Кавказ (ГК)
Россети Северо-Запад
Россети Сибирь (ГК)
Россети Томск
Россети Тюмень
Россети Урал (ГК)
Россети ФСК ЕЭС
Россети Центр
Россети Центр и Приволжье (ГК)
Россети Юг (ГК)
Россети Янтарь'

14-10-2024T11:40:42 - [MESSAGE][PASSED] - Text of object 'Object Repository/Выручка по ДЗО/График2 Выполнение плановых показателей Выручка' is: '0,15%0,15%
0,32%0,32%
5,36%5,36%
5,51%5,51%
7,2%7,2%
14,82%14,82%
2,22%2,22%
3,68%3,68%
4,9%4,9%
0,66%0,66%
5,32%5,32%
7,25%7,25%
21,26%21,26%
8,18%8,18%
8,79%8,79%
3,7%3,7%
0,68%0,68%
АО «Тываэнерго»
АО «Чеченэнерго»
Россети Волга
Россети Кубань
Россети Ленэнерго (ГК)
Россети Московский регион
Россети Северный Кавказ (ГК)
Россети Северо-Запад
Россети Сибирь (ГК)
Россети Томск
Россети Тюмень
Россети Урал (ГК)
Россети ФСК ЕЭС
Россети Центр
Россети Центр и Приволжье (ГК)
Россети Юг (ГК)
Россети Янтарь'

14-10-2024T11:40:42 - [TEST_STEP][PASSED] - i = b2.indexOf("АО «Тываэнерго»"): null

14-10-2024T11:40:42 - [TEST_STEP][PASSED] - b2 = b2.substring(0, i): null

14-10-2024T11:40:42 - [TEST_STEP][PASSED] - println(b2): null

14-10-2024T11:40:42 - [TEST_STEP][PASSED] - verifyEqual(a1, b1): Actual object '1 235 1 235
3 018 3 018
51 563 51 563
50 112 50 112
65 744 65 744
136 046 136 046
20 700 20 700
34 491 34 491
45 358 45 358
6 150 6 150
54 779 54 779
68 163 68 163
203 628 203 628
75 373 75 373
80 865 80 865
34 501 34 501
6 294 6 294
1 408 1 408
3 063 3 063
51 685 51 685
53 112 53 112
69 410 69 410
142 888 142 888
21 395 21 395
35 492 35 492
47 268 47 268
6 378 6 378
51 326 51 326
69 941 69 941
204 982 204 982
78 814 78 814
84 737 84 737
35 632 35 632
6 530 6 530
' and expected object '1 235 1 235
3 018 3 018
51 563 51 563
50 112 50 112
65 744 65 744
136 046 136 046
20 700 20 700
34 491 34 491
45 358 45 358
6 150 6 150
54 779 54 779
68 163 68 163
203 628 203 628
75 373 75 373
80 865 80 865
34 501 34 501
6 294 6 294
1 408 1 408
3 063 3 063
51 685 51 685
53 112 53 112
69 410 69 410
142 888 142 888
21 395 21 395
35 492 35 492
47 268 47 268
6 378 6 378
51 326 51 326
69 941 69 941
204 982 204 982
78 814 78 814
84 737 84 737
35 632 35 632
6 530 6 530
' are equal

14-10-2024T11:40:42 - [MESSAGE][PASSED] - Actual object '1 235 1 235
3 018 3 018
51 563 51 563
50 112 50 112
65 744 65 744
136 046 136 046
20 700 20 700
34 491 34 491
45 358 45 358
6 150 6 150
54 779 54 779
68 163 68 163
203 628 203 628
75 373 75 373
80 865 80 865
34 501 34 501
6 294 6 294
1 408 1 408
3 063 3 063
51 685 51 685
53 112 53 112
69 410 69 410
142 888 142 888
21 395 21 395
35 492 35 492
47 268 47 268
6 378 6 378
51 326 51 326
69 941 69 941
204 982 204 982
78 814 78 814
84 737 84 737
35 632 35 632
6 530 6 530
' and expected object '1 235 1 235
3 018 3 018
51 563 51 563
50 112 50 112
65 744 65 744
136 046 136 046
20 700 20 700
34 491 34 491
45 358 45 358
6 150 6 150
54 779 54 779
68 163 68 163
203 628 203 628
75 373 75 373
80 865 80 865
34 501 34 501
6 294 6 294
1 408 1 408
3 063 3 063
51 685 51 685
53 112 53 112
69 410 69 410
142 888 142 888
21 395 21 395
35 492 35 492
47 268 47 268
6 378 6 378
51 326 51 326
69 941 69 941
204 982 204 982
78 814 78 814
84 737 84 737
35 632 35 632
6 530 6 530
' are equal

14-10-2024T11:40:42 - [TEST_STEP][PASSED] - if (verifyEqual(a1, b1) == true): Actual object '1 235 1 235
3 018 3 018
51 563 51 563
50 112 50 112
65 744 65 744
136 046 136 046
20 700 20 700
34 491 34 491
45 358 45 358
6 150 6 150
54 779 54 779
68 163 68 163
203 628 203 628
75 373 75 373
80 865 80 865
34 501 34 501
6 294 6 294
1 408 1 408
3 063 3 063
51 685 51 685
53 112 53 112
69 410 69 410
142 888 142 888
21 395 21 395
35 492 35 492
47 268 47 268
6 378 6 378
51 326 51 326
69 941 69 941
204 982 204 982
78 814 78 814
84 737 84 737
35 632 35 632
6 530 6 530
' and expected object '1 235 1 235
3 018 3 018
51 563 51 563
50 112 50 112
65 744 65 744
136 046 136 046
20 700 20 700
34 491 34 491
45 358 45 358
6 150 6 150
54 779 54 779
68 163 68 163
203 628 203 628
75 373 75 373
80 865 80 865
34 501 34 501
6 294 6 294
1 408 1 408
3 063 3 063
51 685 51 685
53 112 53 112
69 410 69 410
142 888 142 888
21 395 21 395
35 492 35 492
47 268 47 268
6 378 6 378
51 326 51 326
69 941 69 941
204 982 204 982
78 814 78 814
84 737 84 737
35 632 35 632
6 530 6 530
' are equal

14-10-2024T11:40:42 - [MESSAGE][PASSED] - Actual object '1 235 1 235
3 018 3 018
51 563 51 563
50 112 50 112
65 744 65 744
136 046 136 046
20 700 20 700
34 491 34 491
45 358 45 358
6 150 6 150
54 779 54 779
68 163 68 163
203 628 203 628
75 373 75 373
80 865 80 865
34 501 34 501
6 294 6 294
1 408 1 408
3 063 3 063
51 685 51 685
53 112 53 112
69 410 69 410
142 888 142 888
21 395 21 395
35 492 35 492
47 268 47 268
6 378 6 378
51 326 51 326
69 941 69 941
204 982 204 982
78 814 78 814
84 737 84 737
35 632 35 632
6 530 6 530
' and expected object '1 235 1 235
3 018 3 018
51 563 51 563
50 112 50 112
65 744 65 744
136 046 136 046
20 700 20 700
34 491 34 491
45 358 45 358
6 150 6 150
54 779 54 779
68 163 68 163
203 628 203 628
75 373 75 373
80 865 80 865
34 501 34 501
6 294 6 294
1 408 1 408
3 063 3 063
51 685 51 685
53 112 53 112
69 410 69 410
142 888 142 888
21 395 21 395
35 492 35 492
47 268 47 268
6 378 6 378
51 326 51 326
69 941 69 941
204 982 204 982
78 814 78 814
84 737 84 737
35 632 35 632
6 530 6 530
' are equal

14-10-2024T11:40:42 - [TEST_STEP][PASSED] - verifyEqual(a2, b2): Actual object '0,15%0,15%
0,32%0,32%
5,36%5,36%
5,51%5,51%
7,2%7,2%
14,82%14,82%
2,22%2,22%
3,68%3,68%
4,9%4,9%
0,66%0,66%
5,32%5,32%
7,25%7,25%
21,26%21,26%
8,18%8,18%
8,79%8,79%
3,7%3,7%
0,68%0,68%
' and expected object '0,15%0,15%
0,32%0,32%
5,36%5,36%
5,51%5,51%
7,2%7,2%
14,82%14,82%
2,22%2,22%
3,68%3,68%
4,9%4,9%
0,66%0,66%
5,32%5,32%
7,25%7,25%
21,26%21,26%
8,18%8,18%
8,79%8,79%
3,7%3,7%
0,68%0,68%
' are equal

14-10-2024T11:40:42 - [MESSAGE][PASSED] - Actual object '0,15%0,15%
0,32%0,32%
5,36%5,36%
5,51%5,51%
7,2%7,2%
14,82%14,82%
2,22%2,22%
3,68%3,68%
4,9%4,9%
0,66%0,66%
5,32%5,32%
7,25%7,25%
21,26%21,26%
8,18%8,18%
8,79%8,79%
3,7%3,7%
0,68%0,68%
' and expected object '0,15%0,15%
0,32%0,32%
5,36%5,36%
5,51%5,51%
7,2%7,2%
14,82%14,82%
2,22%2,22%
3,68%3,68%
4,9%4,9%
0,66%0,66%
5,32%5,32%
7,25%7,25%
21,26%21,26%
8,18%8,18%
8,79%8,79%
3,7%3,7%
0,68%0,68%
' are equal

14-10-2024T11:40:42 - [TEST_STEP][PASSED] - if (verifyEqual(a2, b2) == true): Actual object '0,15%0,15%
0,32%0,32%
5,36%5,36%
5,51%5,51%
7,2%7,2%
14,82%14,82%
2,22%2,22%
3,68%3,68%
4,9%4,9%
0,66%0,66%
5,32%5,32%
7,25%7,25%
21,26%21,26%
8,18%8,18%
8,79%8,79%
3,7%3,7%
0,68%0,68%
' and expected object '0,15%0,15%
0,32%0,32%
5,36%5,36%
5,51%5,51%
7,2%7,2%
14,82%14,82%
2,22%2,22%
3,68%3,68%
4,9%4,9%
0,66%0,66%
5,32%5,32%
7,25%7,25%
21,26%21,26%
8,18%8,18%
8,79%8,79%
3,7%3,7%
0,68%0,68%
' are equal

14-10-2024T11:40:42 - [MESSAGE][PASSED] - Actual object '0,15%0,15%
0,32%0,32%
5,36%5,36%
5,51%5,51%
7,2%7,2%
14,82%14,82%
2,22%2,22%
3,68%3,68%
4,9%4,9%
0,66%0,66%
5,32%5,32%
7,25%7,25%
21,26%21,26%
8,18%8,18%
8,79%8,79%
3,7%3,7%
0,68%0,68%
' and expected object '0,15%0,15%
0,32%0,32%
5,36%5,36%
5,51%5,51%
7,2%7,2%
14,82%14,82%
2,22%2,22%
3,68%3,68%
4,9%4,9%
0,66%0,66%
5,32%5,32%
7,25%7,25%
21,26%21,26%
8,18%8,18%
8,79%8,79%
3,7%3,7%
0,68%0,68%
' are equal

14-10-2024T11:40:42 - [TEST_STEP][PASSED] - closeBrowser(): Browser is closed

14-10-2024T11:40:43 - [MESSAGE][PASSED] - Browser is closed]]></system-out>
         <system-err><![CDATA[]]></system-err>
      </testcase>
      <testcase name="Test Cases/Сверки дашбордов/Прогноз по отраслям сверка дашбордов" time="1446.326" classname="Test Cases/Сверки дашбордов/Прогноз по отраслям сверка дашбордов" status="FAILED">
         <failure type="FAILED" message="Test Cases/Сверки дашбордов/Прогноз по отраслям сверка дашбордов FAILED.&#xa;Reason:&#xa;com.kms.katalon.core.exception.StepFailedException: Unable to set text 'shekhov-aa' of object 'Object Repository/Страница авторизации/input__username' (Root cause: com.kms.katalon.core.exception.StepFailedException: Unable to set text 'shekhov-aa' of object 'Object Repository/Страница авторизации/input__username'&#xa;	at com.kms.katalon.core.webui.keyword.internal.WebUIKeywordMain.stepFailed(WebUIKeywordMain.groovy:64)&#xa;	at com.kms.katalon.core.webui.keyword.internal.WebUIKeywordMain.runKeyword(WebUIKeywordMain.groovy:26)&#xa;	at com.kms.katalon.core.webui.keyword.builtin.SetTextKeyword.setText(SetTextKeyword.groovy:85)&#xa;	at com.kms.katalon.core.webui.keyword.builtin.SetTextKeyword.execute(SetTextKeyword.groovy:39)&#xa;	at com.kms.katalon.core.keyword.internal.KeywordExecutor.executeKeywordForPlatform(KeywordExecutor.groovy:74)&#xa;	at com.kms.katalon.core.webui.keyword.WebUiBuiltInKeywords.setText(WebUiBuiltInKeywords.groovy:1019)&#xa;	at Прогноз по отраслям сверка дашбордов.run(Прогноз по отраслям сверка дашбордов:37)&#xa;	at com.kms.katalon.core.main.ScriptEngine.run(ScriptEngine.java:194)&#xa;	at com.kms.katalon.core.main.ScriptEngine.runScriptAsRawText(ScriptEngine.java:119)&#xa;	at com.kms.katalon.core.main.TestCaseExecutor.runScript(TestCaseExecutor.java:448)&#xa;	at com.kms.katalon.core.main.TestCaseExecutor.doExecute(TestCaseExecutor.java:439)&#xa;	at com.kms.katalon.core.main.TestCaseExecutor.processExecutionPhase(TestCaseExecutor.java:418)&#xa;	at com.kms.katalon.core.main.TestCaseExecutor.accessMainPhase(TestCaseExecutor.java:410)&#xa;	at com.kms.katalon.core.main.TestCaseExecutor.execute(TestCaseExecutor.java:285)&#xa;	at com.kms.katalon.core.common.CommonExecutor.accessTestCaseMainPhase(CommonExecutor.java:65)&#xa;	at com.kms.katalon.core.main.TestSuiteExecutor.accessTestSuiteMainPhase(TestSuiteExecutor.java:150)&#xa;	at com.kms.katalon.core.main.TestSuiteExecutor.execute(TestSuiteExecutor.java:106)&#xa;	at com.kms.katalon.core.main.TestCaseMain.startTestSuite(TestCaseMain.java:180)&#xa;	at TempTestSuite1728890597227.run(TempTestSuite1728890597227.groovy:35)&#xa;	at java.base/jdk.internal.reflect.NativeMethodAccessorImpl.invoke0(Native Method)&#xa;	at java.base/jdk.internal.reflect.NativeMethodAccessorImpl.invoke(NativeMethodAccessorImpl.java:77)&#xa;	at java.base/jdk.internal.reflect.DelegatingMethodAccessorImpl.invoke(DelegatingMethodAccessorImpl.java:43)&#xa;Caused by: com.kms.katalon.core.webui.exception.WebElementNotFoundException: Web element with id: 'Object Repository/Страница авторизации/input__username' located by '//input[@id='username']' not found&#xa;	at com.kms.katalon.core.webui.common.WebUiCommonHelper.findWebElement(WebUiCommonHelper.java:1426)&#xa;	at com.kms.katalon.core.webui.keyword.internal.WebUIAbstractKeyword.findWebElement(WebUIAbstractKeyword.groovy:27)&#xa;	at com.kms.katalon.core.webui.keyword.internal.WebUIAbstractKeyword.findWebElement(WebUIAbstractKeyword.groovy:26)&#xa;	at com.kms.katalon.core.webui.keyword.builtin.SetTextKeyword$_setText_closure1.doCall(SetTextKeyword.groovy:53)&#xa;	at com.kms.katalon.core.webui.keyword.builtin.SetTextKeyword$_setText_closure1.call(SetTextKeyword.groovy)&#xa;	at com.kms.katalon.core.webui.keyword.internal.WebUIKeywordMain.runKeyword(WebUIKeywordMain.groovy:20)&#xa;	at com.kms.katalon.core.webui.keyword.builtin.SetTextKeyword.setText(SetTextKeyword.groovy:85)&#xa;	at com.kms.katalon.core.webui.keyword.builtin.SetTextKeyword.execute(SetTextKeyword.groovy:39)&#xa;	at com.kms.katalon.core.keyword.internal.KeywordExecutor.executeKeywordForPlatform(KeywordExecutor.groovy:74)&#xa;	at com.kms.katalon.core.webui.keyword.WebUiBuiltInKeywords.setText(WebUiBuiltInKeywords.groovy:1019)&#xa;	at Script1693826440839.run(Script1693826440839.groovy:37)&#xa;	... 15 more&#xa;)&#xa;	at com.kms.katalon.core.keyword.internal.KeywordMain.stepFailed(KeywordMain.groovy:39)&#xa;	at com.kms.katalon.core.webui.keyword.internal.WebUIKeywordMain.stepFailed(WebUIKeywordMain.groovy:64)&#xa;	at com.kms.katalon.core.webui.keyword.internal.WebUIKeywordMain.runKeyword(WebUIKeywordMain.groovy:26)&#xa;	at com.kms.katalon.core.webui.keyword.builtin.SetTextKeyword.setText(SetTextKeyword.groovy:85)&#xa;	at com.kms.katalon.core.webui.keyword.builtin.SetTextKeyword.execute(SetTextKeyword.groovy:39)&#xa;	at com.kms.katalon.core.keyword.internal.KeywordExecutor.executeKeywordForPlatform(KeywordExecutor.groovy:74)&#xa;	at com.kms.katalon.core.webui.keyword.WebUiBuiltInKeywords.setText(WebUiBuiltInKeywords.groovy:1019)&#xa;	at Прогноз по отраслям сверка дашбордов.run(Прогноз по отраслям сверка дашбордов:37)&#xa;	at com.kms.katalon.core.main.ScriptEngine.run(ScriptEngine.java:194)&#xa;	at com.kms.katalon.core.main.ScriptEngine.runScriptAsRawText(ScriptEngine.java:119)&#xa;	at com.kms.katalon.core.main.TestCaseExecutor.runScript(TestCaseExecutor.java:448)&#xa;	at com.kms.katalon.core.main.TestCaseExecutor.doExecute(TestCaseExecutor.java:439)&#xa;	at com.kms.katalon.core.main.TestCaseExecutor.processExecutionPhase(TestCaseExecutor.java:418)&#xa;	at com.kms.katalon.core.main.TestCaseExecutor.accessMainPhase(TestCaseExecutor.java:410)&#xa;	at com.kms.katalon.core.main.TestCaseExecutor.execute(TestCaseExecutor.java:285)&#xa;	at com.kms.katalon.core.common.CommonExecutor.accessTestCaseMainPhase(CommonExecutor.java:65)&#xa;	at com.kms.katalon.core.main.TestSuiteExecutor.accessTestSuiteMainPhase(TestSuiteExecutor.java:150)&#xa;	at com.kms.katalon.core.main.TestSuiteExecutor.execute(TestSuiteExecutor.java:106)&#xa;	at com.kms.katalon.core.main.TestCaseMain.startTestSuite(TestCaseMain.java:180)&#xa;	at TempTestSuite1728890597227.run(TempTestSuite1728890597227.groovy:35)&#xa;	at java.base/jdk.internal.reflect.NativeMethodAccessorImpl.invoke0(Native Method)&#xa;	at java.base/jdk.internal.reflect.NativeMethodAccessorImpl.invoke(NativeMethodAccessorImpl.java:77)&#xa;	at java.base/jdk.internal.reflect.DelegatingMethodAccessorImpl.invoke(DelegatingMethodAccessorImpl.java:43)&#xa;Caused by: com.kms.katalon.core.exception.StepFailedException: Unable to set text 'shekhov-aa' of object 'Object Repository/Страница авторизации/input__username'&#xa;	... 22 more&#xa;Caused by: com.kms.katalon.core.webui.exception.WebElementNotFoundException: Web element with id: 'Object Repository/Страница авторизации/input__username' located by '//input[@id='username']' not found&#xa;	at com.kms.katalon.core.webui.common.WebUiCommonHelper.findWebElement(WebUiCommonHelper.java:1426)&#xa;	at com.kms.katalon.core.webui.keyword.internal.WebUIAbstractKeyword.findWebElement(WebUIAbstractKeyword.groovy:27)&#xa;	at com.kms.katalon.core.webui.keyword.internal.WebUIAbstractKeyword.findWebElement(WebUIAbstractKeyword.groovy:26)&#xa;	at com.kms.katalon.core.webui.keyword.builtin.SetTextKeyword$_setText_closure1.doCall(SetTextKeyword.groovy:53)&#xa;	at com.kms.katalon.core.webui.keyword.builtin.SetTextKeyword$_setText_closure1.call(SetTextKeyword.groovy)&#xa;	at com.kms.katalon.core.webui.keyword.internal.WebUIKeywordMain.runKeyword(WebUIKeywordMain.groovy:20)&#xa;	... 20 more&#xa;"/>
         <system-out><![CDATA[14-10-2024T11:40:43 - [TEST_CASE][FAILED] - Test Cases/Сверки дашбордов/Прогноз по отраслям сверка дашбордов: Test Cases/Сверки дашбордов/Прогноз по отраслям сверка дашбордов FAILED.
Reason:
com.kms.katalon.core.exception.StepFailedException: Unable to set text 'shekhov-aa' of object 'Object Repository/Страница авторизации/input__username' (Root cause: com.kms.katalon.core.exception.StepFailedException: Unable to set text 'shekhov-aa' of object 'Object Repository/Страница авторизации/input__username'
	at com.kms.katalon.core.webui.keyword.internal.WebUIKeywordMain.stepFailed(WebUIKeywordMain.groovy:64)
	at com.kms.katalon.core.webui.keyword.internal.WebUIKeywordMain.runKeyword(WebUIKeywordMain.groovy:26)
	at com.kms.katalon.core.webui.keyword.builtin.SetTextKeyword.setText(SetTextKeyword.groovy:85)
	at com.kms.katalon.core.webui.keyword.builtin.SetTextKeyword.execute(SetTextKeyword.groovy:39)
	at com.kms.katalon.core.keyword.internal.KeywordExecutor.executeKeywordForPlatform(KeywordExecutor.groovy:74)
	at com.kms.katalon.core.webui.keyword.WebUiBuiltInKeywords.setText(WebUiBuiltInKeywords.groovy:1019)
	at Прогноз по отраслям сверка дашбордов.run(Прогноз по отраслям сверка дашбордов:37)
	at com.kms.katalon.core.main.ScriptEngine.run(ScriptEngine.java:194)
	at com.kms.katalon.core.main.ScriptEngine.runScriptAsRawText(ScriptEngine.java:119)
	at com.kms.katalon.core.main.TestCaseExecutor.runScript(TestCaseExecutor.java:448)
	at com.kms.katalon.core.main.TestCaseExecutor.doExecute(TestCaseExecutor.java:439)
	at com.kms.katalon.core.main.TestCaseExecutor.processExecutionPhase(TestCaseExecutor.java:418)
	at com.kms.katalon.core.main.TestCaseExecutor.accessMainPhase(TestCaseExecutor.java:410)
	at com.kms.katalon.core.main.TestCaseExecutor.execute(TestCaseExecutor.java:285)
	at com.kms.katalon.core.common.CommonExecutor.accessTestCaseMainPhase(CommonExecutor.java:65)
	at com.kms.katalon.core.main.TestSuiteExecutor.accessTestSuiteMainPhase(TestSuiteExecutor.java:150)
	at com.kms.katalon.core.main.TestSuiteExecutor.execute(TestSuiteExecutor.java:106)
	at com.kms.katalon.core.main.TestCaseMain.startTestSuite(TestCaseMain.java:180)
	at TempTestSuite1728890597227.run(TempTestSuite1728890597227.groovy:35)
	at java.base/jdk.internal.reflect.NativeMethodAccessorImpl.invoke0(Native Method)
	at java.base/jdk.internal.reflect.NativeMethodAccessorImpl.invoke(NativeMethodAccessorImpl.java:77)
	at java.base/jdk.internal.reflect.DelegatingMethodAccessorImpl.invoke(DelegatingMethodAccessorImpl.java:43)
Caused by: com.kms.katalon.core.webui.exception.WebElementNotFoundException: Web element with id: 'Object Repository/Страница авторизации/input__username' located by '//input[@id='username']' not found
	at com.kms.katalon.core.webui.common.WebUiCommonHelper.findWebElement(WebUiCommonHelper.java:1426)
	at com.kms.katalon.core.webui.keyword.internal.WebUIAbstractKeyword.findWebElement(WebUIAbstractKeyword.groovy:27)
	at com.kms.katalon.core.webui.keyword.internal.WebUIAbstractKeyword.findWebElement(WebUIAbstractKeyword.groovy:26)
	at com.kms.katalon.core.webui.keyword.builtin.SetTextKeyword$_setText_closure1.doCall(SetTextKeyword.groovy:53)
	at com.kms.katalon.core.webui.keyword.builtin.SetTextKeyword$_setText_closure1.call(SetTextKeyword.groovy)
	at com.kms.katalon.core.webui.keyword.internal.WebUIKeywordMain.runKeyword(WebUIKeywordMain.groovy:20)
	at com.kms.katalon.core.webui.keyword.builtin.SetTextKeyword.setText(SetTextKeyword.groovy:85)
	at com.kms.katalon.core.webui.keyword.builtin.SetTextKeyword.execute(SetTextKeyword.groovy:39)
	at com.kms.katalon.core.keyword.internal.KeywordExecutor.executeKeywordForPlatform(KeywordExecutor.groovy:74)
	at com.kms.katalon.core.webui.keyword.WebUiBuiltInKeywords.setText(WebUiBuiltInKeywords.groovy:1019)
	at Script1693826440839.run(Script1693826440839.groovy:37)
	... 15 more
)
	at com.kms.katalon.core.keyword.internal.KeywordMain.stepFailed(KeywordMain.groovy:39)
	at com.kms.katalon.core.webui.keyword.internal.WebUIKeywordMain.stepFailed(WebUIKeywordMain.groovy:64)
	at com.kms.katalon.core.webui.keyword.internal.WebUIKeywordMain.runKeyword(WebUIKeywordMain.groovy:26)
	at com.kms.katalon.core.webui.keyword.builtin.SetTextKeyword.setText(SetTextKeyword.groovy:85)
	at com.kms.katalon.core.webui.keyword.builtin.SetTextKeyword.execute(SetTextKeyword.groovy:39)
	at com.kms.katalon.core.keyword.internal.KeywordExecutor.executeKeywordForPlatform(KeywordExecutor.groovy:74)
	at com.kms.katalon.core.webui.keyword.WebUiBuiltInKeywords.setText(WebUiBuiltInKeywords.groovy:1019)
	at Прогноз по отраслям сверка дашбордов.run(Прогноз по отраслям сверка дашбордов:37)
	at com.kms.katalon.core.main.ScriptEngine.run(ScriptEngine.java:194)
	at com.kms.katalon.core.main.ScriptEngine.runScriptAsRawText(ScriptEngine.java:119)
	at com.kms.katalon.core.main.TestCaseExecutor.runScript(TestCaseExecutor.java:448)
	at com.kms.katalon.core.main.TestCaseExecutor.doExecute(TestCaseExecutor.java:439)
	at com.kms.katalon.core.main.TestCaseExecutor.processExecutionPhase(TestCaseExecutor.java:418)
	at com.kms.katalon.core.main.TestCaseExecutor.accessMainPhase(TestCaseExecutor.java:410)
	at com.kms.katalon.core.main.TestCaseExecutor.execute(TestCaseExecutor.java:285)
	at com.kms.katalon.core.common.CommonExecutor.accessTestCaseMainPhase(CommonExecutor.java:65)
	at com.kms.katalon.core.main.TestSuiteExecutor.accessTestSuiteMainPhase(TestSuiteExecutor.java:150)
	at com.kms.katalon.core.main.TestSuiteExecutor.execute(TestSuiteExecutor.java:106)
	at com.kms.katalon.core.main.TestCaseMain.startTestSuite(TestCaseMain.java:180)
	at TempTestSuite1728890597227.run(TempTestSuite1728890597227.groovy:35)
	at java.base/jdk.internal.reflect.NativeMethodAccessorImpl.invoke0(Native Method)
	at java.base/jdk.internal.reflect.NativeMethodAccessorImpl.invoke(NativeMethodAccessorImpl.java:77)
	at java.base/jdk.internal.reflect.DelegatingMethodAccessorImpl.invoke(DelegatingMethodAccessorImpl.java:43)
Caused by: com.kms.katalon.core.exception.StepFailedException: Unable to set text 'shekhov-aa' of object 'Object Repository/Страница авторизации/input__username'
	... 22 more
Caused by: com.kms.katalon.core.webui.exception.WebElementNotFoundException: Web element with id: 'Object Repository/Страница авторизации/input__username' located by '//input[@id='username']' not found
	at com.kms.katalon.core.webui.common.WebUiCommonHelper.findWebElement(WebUiCommonHelper.java:1426)
	at com.kms.katalon.core.webui.keyword.internal.WebUIAbstractKeyword.findWebElement(WebUIAbstractKeyword.groovy:27)
	at com.kms.katalon.core.webui.keyword.internal.WebUIAbstractKeyword.findWebElement(WebUIAbstractKeyword.groovy:26)
	at com.kms.katalon.core.webui.keyword.builtin.SetTextKeyword$_setText_closure1.doCall(SetTextKeyword.groovy:53)
	at com.kms.katalon.core.webui.keyword.builtin.SetTextKeyword$_setText_closure1.call(SetTextKeyword.groovy)
	at com.kms.katalon.core.webui.keyword.internal.WebUIKeywordMain.runKeyword(WebUIKeywordMain.groovy:20)
	... 20 more


14-10-2024T11:40:43 - [TEST_STEP][PASSED] - date = new java.util.Date(): null

14-10-2024T11:40:43 - [TEST_STEP][PASSED] - todaysDate = date.format("dd.MM.yyyy"): null

14-10-2024T11:40:43 - [TEST_STEP][PASSED] - println(todaysDate): null

14-10-2024T11:40:43 - [TEST_STEP][PASSED] - typeOfData = <not implemented yet for class: org.codehaus.groovy.ast.expr.EmptyExpression>: null

14-10-2024T11:40:43 - [TEST_STEP][PASSED] - filterSravnenie = <not implemented yet for class: org.codehaus.groovy.ast.expr.EmptyExpression>: null

14-10-2024T11:40:43 - [TEST_STEP][PASSED] - kpoOtpusk = <not implemented yet for class: org.codehaus.groovy.ast.expr.EmptyExpression>: null

14-10-2024T11:40:43 - [TEST_STEP][PASSED] - openBrowser(""): Browser is opened with url: ''

14-10-2024T11:40:43 - [MESSAGE][INFO] - Starting 'Chrome' driver

14-10-2024T11:40:43 - [MESSAGE][INFO] - Action delay is set to 0 milliseconds

14-10-2024T11:40:44 - [MESSAGE][PASSED] - Browser is opened with url: ''

14-10-2024T11:40:44 - [TEST_STEP][PASSED] - navigateToUrl(findTestData("PlanFact").getValue(10, 6)): Navigate to 'https://bi.rosseti.digital/viewer?dashboardGuid=d6acb5b1a7114a9791b34de39263106e&sheetGuid=0b6d261d7f7b4424a967aa8f3a724189&fit=true' successfully

14-10-2024T11:40:50 - [MESSAGE][PASSED] - Navigate to 'https://bi.rosseti.digital/viewer?dashboardGuid=d6acb5b1a7114a9791b34de39263106e&sheetGuid=0b6d261d7f7b4424a967aa8f3a724189&fit=true' successfully

14-10-2024T11:40:50 - [TEST_STEP][FAILED] - setText(findTestObject("Страница авторизации/input__username"), findTestData("PlanFact").getValue(8, 1)): Unable to set text 'shekhov-aa' of object 'Object Repository/Страница авторизации/input__username' (Root cause: com.kms.katalon.core.exception.StepFailedException: Unable to set text 'shekhov-aa' of object 'Object Repository/Страница авторизации/input__username'
	at com.kms.katalon.core.webui.keyword.internal.WebUIKeywordMain.stepFailed(WebUIKeywordMain.groovy:64)
	at com.kms.katalon.core.webui.keyword.internal.WebUIKeywordMain.runKeyword(WebUIKeywordMain.groovy:26)
	at com.kms.katalon.core.webui.keyword.builtin.SetTextKeyword.setText(SetTextKeyword.groovy:85)
	at com.kms.katalon.core.webui.keyword.builtin.SetTextKeyword.execute(SetTextKeyword.groovy:39)
	at com.kms.katalon.core.keyword.internal.KeywordExecutor.executeKeywordForPlatform(KeywordExecutor.groovy:74)
	at com.kms.katalon.core.webui.keyword.WebUiBuiltInKeywords.setText(WebUiBuiltInKeywords.groovy:1019)
	at Прогноз по отраслям сверка дашбордов.run(Прогноз по отраслям сверка дашбордов:37)
	at com.kms.katalon.core.main.ScriptEngine.run(ScriptEngine.java:194)
	at com.kms.katalon.core.main.ScriptEngine.runScriptAsRawText(ScriptEngine.java:119)
	at com.kms.katalon.core.main.TestCaseExecutor.runScript(TestCaseExecutor.java:448)
	at com.kms.katalon.core.main.TestCaseExecutor.doExecute(TestCaseExecutor.java:439)
	at com.kms.katalon.core.main.TestCaseExecutor.processExecutionPhase(TestCaseExecutor.java:418)
	at com.kms.katalon.core.main.TestCaseExecutor.accessMainPhase(TestCaseExecutor.java:410)
	at com.kms.katalon.core.main.TestCaseExecutor.execute(TestCaseExecutor.java:285)
	at com.kms.katalon.core.common.CommonExecutor.accessTestCaseMainPhase(CommonExecutor.java:65)
	at com.kms.katalon.core.main.TestSuiteExecutor.accessTestSuiteMainPhase(TestSuiteExecutor.java:150)
	at com.kms.katalon.core.main.TestSuiteExecutor.execute(TestSuiteExecutor.java:106)
	at com.kms.katalon.core.main.TestCaseMain.startTestSuite(TestCaseMain.java:180)
	at TempTestSuite1728890597227.run(TempTestSuite1728890597227.groovy:35)
	at java.base/jdk.internal.reflect.NativeMethodAccessorImpl.invoke0(Native Method)
	at java.base/jdk.internal.reflect.NativeMethodAccessorImpl.invoke(NativeMethodAccessorImpl.java:77)
	at java.base/jdk.internal.reflect.DelegatingMethodAccessorImpl.invoke(DelegatingMethodAccessorImpl.java:43)
Caused by: com.kms.katalon.core.webui.exception.WebElementNotFoundException: Web element with id: 'Object Repository/Страница авторизации/input__username' located by '//input[@id='username']' not found
	at com.kms.katalon.core.webui.common.WebUiCommonHelper.findWebElement(WebUiCommonHelper.java:1426)
	at com.kms.katalon.core.webui.keyword.internal.WebUIAbstractKeyword.findWebElement(WebUIAbstractKeyword.groovy:27)
	at com.kms.katalon.core.webui.keyword.internal.WebUIAbstractKeyword.findWebElement(WebUIAbstractKeyword.groovy:26)
	at com.kms.katalon.core.webui.keyword.builtin.SetTextKeyword$_setText_closure1.doCall(SetTextKeyword.groovy:53)
	at com.kms.katalon.core.webui.keyword.builtin.SetTextKeyword$_setText_closure1.call(SetTextKeyword.groovy)
	at com.kms.katalon.core.webui.keyword.internal.WebUIKeywordMain.runKeyword(WebUIKeywordMain.groovy:20)
	at com.kms.katalon.core.webui.keyword.builtin.SetTextKeyword.setText(SetTextKeyword.groovy:85)
	at com.kms.katalon.core.webui.keyword.builtin.SetTextKeyword.execute(SetTextKeyword.groovy:39)
	at com.kms.katalon.core.keyword.internal.KeywordExecutor.executeKeywordForPlatform(KeywordExecutor.groovy:74)
	at com.kms.katalon.core.webui.keyword.WebUiBuiltInKeywords.setText(WebUiBuiltInKeywords.groovy:1019)
	at Script1693826440839.run(Script1693826440839.groovy:37)
	... 15 more
)

14-10-2024T11:45:51 - [MESSAGE][INFO] - Unable to find the element located by 'By.xpath: //input[@id='username']'. Please recheck the objects properties to make sure the desired element is located. 

14-10-2024T11:46:51 - [MESSAGE][WARNING] - Cannot take screenshot

14-10-2024T11:46:51 - [MESSAGE][FAILED] - Unable to set text 'shekhov-aa' of object 'Object Repository/Страница авторизации/input__username' (Root cause: com.kms.katalon.core.exception.StepFailedException: Unable to set text 'shekhov-aa' of object 'Object Repository/Страница авторизации/input__username'
	at com.kms.katalon.core.webui.keyword.internal.WebUIKeywordMain.stepFailed(WebUIKeywordMain.groovy:64)
	at com.kms.katalon.core.webui.keyword.internal.WebUIKeywordMain.runKeyword(WebUIKeywordMain.groovy:26)
	at com.kms.katalon.core.webui.keyword.builtin.SetTextKeyword.setText(SetTextKeyword.groovy:85)
	at com.kms.katalon.core.webui.keyword.builtin.SetTextKeyword.execute(SetTextKeyword.groovy:39)
	at com.kms.katalon.core.keyword.internal.KeywordExecutor.executeKeywordForPlatform(KeywordExecutor.groovy:74)
	at com.kms.katalon.core.webui.keyword.WebUiBuiltInKeywords.setText(WebUiBuiltInKeywords.groovy:1019)
	at Прогноз по отраслям сверка дашбордов.run(Прогноз по отраслям сверка дашбордов:37)
	at com.kms.katalon.core.main.ScriptEngine.run(ScriptEngine.java:194)
	at com.kms.katalon.core.main.ScriptEngine.runScriptAsRawText(ScriptEngine.java:119)
	at com.kms.katalon.core.main.TestCaseExecutor.runScript(TestCaseExecutor.java:448)
	at com.kms.katalon.core.main.TestCaseExecutor.doExecute(TestCaseExecutor.java:439)
	at com.kms.katalon.core.main.TestCaseExecutor.processExecutionPhase(TestCaseExecutor.java:418)
	at com.kms.katalon.core.main.TestCaseExecutor.accessMainPhase(TestCaseExecutor.java:410)
	at com.kms.katalon.core.main.TestCaseExecutor.execute(TestCaseExecutor.java:285)
	at com.kms.katalon.core.common.CommonExecutor.accessTestCaseMainPhase(CommonExecutor.java:65)
	at com.kms.katalon.core.main.TestSuiteExecutor.accessTestSuiteMainPhase(TestSuiteExecutor.java:150)
	at com.kms.katalon.core.main.TestSuiteExecutor.execute(TestSuiteExecutor.java:106)
	at com.kms.katalon.core.main.TestCaseMain.startTestSuite(TestCaseMain.java:180)
	at TempTestSuite1728890597227.run(TempTestSuite1728890597227.groovy:35)
	at java.base/jdk.internal.reflect.NativeMethodAccessorImpl.invoke0(Native Method)
	at java.base/jdk.internal.reflect.NativeMethodAccessorImpl.invoke(NativeMethodAccessorImpl.java:77)
	at java.base/jdk.internal.reflect.DelegatingMethodAccessorImpl.invoke(DelegatingMethodAccessorImpl.java:43)
Caused by: com.kms.katalon.core.webui.exception.WebElementNotFoundException: Web element with id: 'Object Repository/Страница авторизации/input__username' located by '//input[@id='username']' not found
	at com.kms.katalon.core.webui.common.WebUiCommonHelper.findWebElement(WebUiCommonHelper.java:1426)
	at com.kms.katalon.core.webui.keyword.internal.WebUIAbstractKeyword.findWebElement(WebUIAbstractKeyword.groovy:27)
	at com.kms.katalon.core.webui.keyword.internal.WebUIAbstractKeyword.findWebElement(WebUIAbstractKeyword.groovy:26)
	at com.kms.katalon.core.webui.keyword.builtin.SetTextKeyword$_setText_closure1.doCall(SetTextKeyword.groovy:53)
	at com.kms.katalon.core.webui.keyword.builtin.SetTextKeyword$_setText_closure1.call(SetTextKeyword.groovy)
	at com.kms.katalon.core.webui.keyword.internal.WebUIKeywordMain.runKeyword(WebUIKeywordMain.groovy:20)
	at com.kms.katalon.core.webui.keyword.builtin.SetTextKeyword.setText(SetTextKeyword.groovy:85)
	at com.kms.katalon.core.webui.keyword.builtin.SetTextKeyword.execute(SetTextKeyword.groovy:39)
	at com.kms.katalon.core.keyword.internal.KeywordExecutor.executeKeywordForPlatform(KeywordExecutor.groovy:74)
	at com.kms.katalon.core.webui.keyword.WebUiBuiltInKeywords.setText(WebUiBuiltInKeywords.groovy:1019)
	at Script1693826440839.run(Script1693826440839.groovy:37)
	... 15 more
)

14-10-2024T11:46:51 - [TEST_STEP][FAILED] - setText(findTestObject("Страница авторизации/input__password"), findTestData("PlanFact").getValue(9, 1)): Unable to set text 'i)RpQLLlXv9gUDC9' of object 'Object Repository/Страница авторизации/input__password' (Root cause: com.kms.katalon.core.exception.StepFailedException: Unable to set text 'i)RpQLLlXv9gUDC9' of object 'Object Repository/Страница авторизации/input__password'
	at com.kms.katalon.core.webui.keyword.internal.WebUIKeywordMain.stepFailed(WebUIKeywordMain.groovy:64)
	at com.kms.katalon.core.webui.keyword.internal.WebUIKeywordMain.runKeyword(WebUIKeywordMain.groovy:26)
	at com.kms.katalon.core.webui.keyword.builtin.SetTextKeyword.setText(SetTextKeyword.groovy:85)
	at com.kms.katalon.core.webui.keyword.builtin.SetTextKeyword.execute(SetTextKeyword.groovy:39)
	at com.kms.katalon.core.keyword.internal.KeywordExecutor.executeKeywordForPlatform(KeywordExecutor.groovy:74)
	at com.kms.katalon.core.webui.keyword.WebUiBuiltInKeywords.setText(WebUiBuiltInKeywords.groovy:1019)
	at Прогноз по отраслям сверка дашбордов.run(Прогноз по отраслям сверка дашбордов:39)
	at com.kms.katalon.core.main.ScriptEngine.run(ScriptEngine.java:194)
	at com.kms.katalon.core.main.ScriptEngine.runScriptAsRawText(ScriptEngine.java:119)
	at com.kms.katalon.core.main.TestCaseExecutor.runScript(TestCaseExecutor.java:448)
	at com.kms.katalon.core.main.TestCaseExecutor.doExecute(TestCaseExecutor.java:439)
	at com.kms.katalon.core.main.TestCaseExecutor.processExecutionPhase(TestCaseExecutor.java:418)
	at com.kms.katalon.core.main.TestCaseExecutor.accessMainPhase(TestCaseExecutor.java:410)
	at com.kms.katalon.core.main.TestCaseExecutor.execute(TestCaseExecutor.java:285)
	at com.kms.katalon.core.common.CommonExecutor.accessTestCaseMainPhase(CommonExecutor.java:65)
	at com.kms.katalon.core.main.TestSuiteExecutor.accessTestSuiteMainPhase(TestSuiteExecutor.java:150)
	at com.kms.katalon.core.main.TestSuiteExecutor.execute(TestSuiteExecutor.java:106)
	at com.kms.katalon.core.main.TestCaseMain.startTestSuite(TestCaseMain.java:180)
	at TempTestSuite1728890597227.run(TempTestSuite1728890597227.groovy:35)
	at java.base/jdk.internal.reflect.NativeMethodAccessorImpl.invoke0(Native Method)
	at java.base/jdk.internal.reflect.NativeMethodAccessorImpl.invoke(NativeMethodAccessorImpl.java:77)
	at java.base/jdk.internal.reflect.DelegatingMethodAccessorImpl.invoke(DelegatingMethodAccessorImpl.java:43)
Caused by: com.kms.katalon.core.webui.exception.WebElementNotFoundException: Web element with id: 'Object Repository/Страница авторизации/input__password' located by '//input[@id='password']' not found
	at com.kms.katalon.core.webui.common.WebUiCommonHelper.findWebElement(WebUiCommonHelper.java:1426)
	at com.kms.katalon.core.webui.keyword.internal.WebUIAbstractKeyword.findWebElement(WebUIAbstractKeyword.groovy:27)
	at com.kms.katalon.core.webui.keyword.internal.WebUIAbstractKeyword.findWebElement(WebUIAbstractKeyword.groovy:26)
	at com.kms.katalon.core.webui.keyword.builtin.SetTextKeyword$_setText_closure1.doCall(SetTextKeyword.groovy:53)
	at com.kms.katalon.core.webui.keyword.builtin.SetTextKeyword$_setText_closure1.call(SetTextKeyword.groovy)
	at com.kms.katalon.core.webui.keyword.internal.WebUIKeywordMain.runKeyword(WebUIKeywordMain.groovy:20)
	at com.kms.katalon.core.webui.keyword.builtin.SetTextKeyword.setText(SetTextKeyword.groovy:85)
	at com.kms.katalon.core.webui.keyword.builtin.SetTextKeyword.execute(SetTextKeyword.groovy:39)
	at com.kms.katalon.core.keyword.internal.KeywordExecutor.executeKeywordForPlatform(KeywordExecutor.groovy:74)
	at com.kms.katalon.core.webui.keyword.WebUiBuiltInKeywords.setText(WebUiBuiltInKeywords.groovy:1019)
	at Script1693826440839.run(Script1693826440839.groovy:39)
	... 15 more
)

14-10-2024T11:47:22 - [MESSAGE][INFO] - Unable to find the element located by 'By.xpath: //input[@id='password']'. Please recheck the objects properties to make sure the desired element is located. 

14-10-2024T11:48:22 - [MESSAGE][WARNING] - Cannot take screenshot

14-10-2024T11:48:22 - [MESSAGE][FAILED] - Unable to set text 'i)RpQLLlXv9gUDC9' of object 'Object Repository/Страница авторизации/input__password' (Root cause: com.kms.katalon.core.exception.StepFailedException: Unable to set text 'i)RpQLLlXv9gUDC9' of object 'Object Repository/Страница авторизации/input__password'
	at com.kms.katalon.core.webui.keyword.internal.WebUIKeywordMain.stepFailed(WebUIKeywordMain.groovy:64)
	at com.kms.katalon.core.webui.keyword.internal.WebUIKeywordMain.runKeyword(WebUIKeywordMain.groovy:26)
	at com.kms.katalon.core.webui.keyword.builtin.SetTextKeyword.setText(SetTextKeyword.groovy:85)
	at com.kms.katalon.core.webui.keyword.builtin.SetTextKeyword.execute(SetTextKeyword.groovy:39)
	at com.kms.katalon.core.keyword.internal.KeywordExecutor.executeKeywordForPlatform(KeywordExecutor.groovy:74)
	at com.kms.katalon.core.webui.keyword.WebUiBuiltInKeywords.setText(WebUiBuiltInKeywords.groovy:1019)
	at Прогноз по отраслям сверка дашбордов.run(Прогноз по отраслям сверка дашбордов:39)
	at com.kms.katalon.core.main.ScriptEngine.run(ScriptEngine.java:194)
	at com.kms.katalon.core.main.ScriptEngine.runScriptAsRawText(ScriptEngine.java:119)
	at com.kms.katalon.core.main.TestCaseExecutor.runScript(TestCaseExecutor.java:448)
	at com.kms.katalon.core.main.TestCaseExecutor.doExecute(TestCaseExecutor.java:439)
	at com.kms.katalon.core.main.TestCaseExecutor.processExecutionPhase(TestCaseExecutor.java:418)
	at com.kms.katalon.core.main.TestCaseExecutor.accessMainPhase(TestCaseExecutor.java:410)
	at com.kms.katalon.core.main.TestCaseExecutor.execute(TestCaseExecutor.java:285)
	at com.kms.katalon.core.common.CommonExecutor.accessTestCaseMainPhase(CommonExecutor.java:65)
	at com.kms.katalon.core.main.TestSuiteExecutor.accessTestSuiteMainPhase(TestSuiteExecutor.java:150)
	at com.kms.katalon.core.main.TestSuiteExecutor.execute(TestSuiteExecutor.java:106)
	at com.kms.katalon.core.main.TestCaseMain.startTestSuite(TestCaseMain.java:180)
	at TempTestSuite1728890597227.run(TempTestSuite1728890597227.groovy:35)
	at java.base/jdk.internal.reflect.NativeMethodAccessorImpl.invoke0(Native Method)
	at java.base/jdk.internal.reflect.NativeMethodAccessorImpl.invoke(NativeMethodAccessorImpl.java:77)
	at java.base/jdk.internal.reflect.DelegatingMethodAccessorImpl.invoke(DelegatingMethodAccessorImpl.java:43)
Caused by: com.kms.katalon.core.webui.exception.WebElementNotFoundException: Web element with id: 'Object Repository/Страница авторизации/input__password' located by '//input[@id='password']' not found
	at com.kms.katalon.core.webui.common.WebUiCommonHelper.findWebElement(WebUiCommonHelper.java:1426)
	at com.kms.katalon.core.webui.keyword.internal.WebUIAbstractKeyword.findWebElement(WebUIAbstractKeyword.groovy:27)
	at com.kms.katalon.core.webui.keyword.internal.WebUIAbstractKeyword.findWebElement(WebUIAbstractKeyword.groovy:26)
	at com.kms.katalon.core.webui.keyword.builtin.SetTextKeyword$_setText_closure1.doCall(SetTextKeyword.groovy:53)
	at com.kms.katalon.core.webui.keyword.builtin.SetTextKeyword$_setText_closure1.call(SetTextKeyword.groovy)
	at com.kms.katalon.core.webui.keyword.internal.WebUIKeywordMain.runKeyword(WebUIKeywordMain.groovy:20)
	at com.kms.katalon.core.webui.keyword.builtin.SetTextKeyword.setText(SetTextKeyword.groovy:85)
	at com.kms.katalon.core.webui.keyword.builtin.SetTextKeyword.execute(SetTextKeyword.groovy:39)
	at com.kms.katalon.core.keyword.internal.KeywordExecutor.executeKeywordForPlatform(KeywordExecutor.groovy:74)
	at com.kms.katalon.core.webui.keyword.WebUiBuiltInKeywords.setText(WebUiBuiltInKeywords.groovy:1019)
	at Script1693826440839.run(Script1693826440839.groovy:39)
	... 15 more
)

14-10-2024T11:48:22 - [TEST_STEP][FAILED] - click(findTestObject("Страница авторизации/button_")): Unable to click on object 'Object Repository/Страница авторизации/button_' (Root cause: com.kms.katalon.core.exception.StepFailedException: Unable to click on object 'Object Repository/Страница авторизации/button_'
	at com.kms.katalon.core.webui.keyword.internal.WebUIKeywordMain.stepFailed(WebUIKeywordMain.groovy:64)
	at com.kms.katalon.core.webui.keyword.internal.WebUIKeywordMain.runKeyword(WebUIKeywordMain.groovy:26)
	at com.kms.katalon.core.webui.keyword.builtin.ClickKeyword.click(ClickKeyword.groovy:74)
	at com.kms.katalon.core.webui.keyword.builtin.ClickKeyword.execute(ClickKeyword.groovy:40)
	at com.kms.katalon.core.keyword.internal.KeywordExecutor.executeKeywordForPlatform(KeywordExecutor.groovy:74)
	at com.kms.katalon.core.webui.keyword.WebUiBuiltInKeywords.click(WebUiBuiltInKeywords.groovy:659)
	at Прогноз по отраслям сверка дашбордов.run(Прогноз по отраслям сверка дашбордов:41)
	at com.kms.katalon.core.main.ScriptEngine.run(ScriptEngine.java:194)
	at com.kms.katalon.core.main.ScriptEngine.runScriptAsRawText(ScriptEngine.java:119)
	at com.kms.katalon.core.main.TestCaseExecutor.runScript(TestCaseExecutor.java:448)
	at com.kms.katalon.core.main.TestCaseExecutor.doExecute(TestCaseExecutor.java:439)
	at com.kms.katalon.core.main.TestCaseExecutor.processExecutionPhase(TestCaseExecutor.java:418)
	at com.kms.katalon.core.main.TestCaseExecutor.accessMainPhase(TestCaseExecutor.java:410)
	at com.kms.katalon.core.main.TestCaseExecutor.execute(TestCaseExecutor.java:285)
	at com.kms.katalon.core.common.CommonExecutor.accessTestCaseMainPhase(CommonExecutor.java:65)
	at com.kms.katalon.core.main.TestSuiteExecutor.accessTestSuiteMainPhase(TestSuiteExecutor.java:150)
	at com.kms.katalon.core.main.TestSuiteExecutor.execute(TestSuiteExecutor.java:106)
	at com.kms.katalon.core.main.TestCaseMain.startTestSuite(TestCaseMain.java:180)
	at TempTestSuite1728890597227.run(TempTestSuite1728890597227.groovy:35)
	at java.base/jdk.internal.reflect.NativeMethodAccessorImpl.invoke0(Native Method)
	at java.base/jdk.internal.reflect.NativeMethodAccessorImpl.invoke(NativeMethodAccessorImpl.java:77)
	at java.base/jdk.internal.reflect.DelegatingMethodAccessorImpl.invoke(DelegatingMethodAccessorImpl.java:43)
Caused by: com.kms.katalon.core.webui.exception.WebElementNotFoundException: Web element with id: 'Object Repository/Страница авторизации/button_' located by '//button[@name='button']' not found
	at com.kms.katalon.core.webui.common.WebUiCommonHelper.findWebElement(WebUiCommonHelper.java:1426)
	at com.kms.katalon.core.webui.keyword.internal.WebUIAbstractKeyword.findWebElement(WebUIAbstractKeyword.groovy:27)
	at com.kms.katalon.core.webui.keyword.builtin.ClickKeyword$_click_closure1.doCall(ClickKeyword.groovy:65)
	at com.kms.katalon.core.webui.keyword.builtin.ClickKeyword$_click_closure1.call(ClickKeyword.groovy)
	at com.kms.katalon.core.webui.keyword.internal.WebUIKeywordMain.runKeyword(WebUIKeywordMain.groovy:20)
	at com.kms.katalon.core.webui.keyword.builtin.ClickKeyword.click(ClickKeyword.groovy:74)
	at com.kms.katalon.core.webui.keyword.builtin.ClickKeyword.execute(ClickKeyword.groovy:40)
	at com.kms.katalon.core.keyword.internal.KeywordExecutor.executeKeywordForPlatform(KeywordExecutor.groovy:74)
	at com.kms.katalon.core.webui.keyword.WebUiBuiltInKeywords.click(WebUiBuiltInKeywords.groovy:659)
	at Script1693826440839.run(Script1693826440839.groovy:41)
	... 15 more
)

14-10-2024T11:48:53 - [MESSAGE][INFO] - Unable to find the element located by 'By.xpath: //button[@name='button']'. Please recheck the objects properties to make sure the desired element is located. 

14-10-2024T11:49:53 - [MESSAGE][WARNING] - Cannot take screenshot

14-10-2024T11:49:53 - [MESSAGE][FAILED] - Unable to click on object 'Object Repository/Страница авторизации/button_' (Root cause: com.kms.katalon.core.exception.StepFailedException: Unable to click on object 'Object Repository/Страница авторизации/button_'
	at com.kms.katalon.core.webui.keyword.internal.WebUIKeywordMain.stepFailed(WebUIKeywordMain.groovy:64)
	at com.kms.katalon.core.webui.keyword.internal.WebUIKeywordMain.runKeyword(WebUIKeywordMain.groovy:26)
	at com.kms.katalon.core.webui.keyword.builtin.ClickKeyword.click(ClickKeyword.groovy:74)
	at com.kms.katalon.core.webui.keyword.builtin.ClickKeyword.execute(ClickKeyword.groovy:40)
	at com.kms.katalon.core.keyword.internal.KeywordExecutor.executeKeywordForPlatform(KeywordExecutor.groovy:74)
	at com.kms.katalon.core.webui.keyword.WebUiBuiltInKeywords.click(WebUiBuiltInKeywords.groovy:659)
	at Прогноз по отраслям сверка дашбордов.run(Прогноз по отраслям сверка дашбордов:41)
	at com.kms.katalon.core.main.ScriptEngine.run(ScriptEngine.java:194)
	at com.kms.katalon.core.main.ScriptEngine.runScriptAsRawText(ScriptEngine.java:119)
	at com.kms.katalon.core.main.TestCaseExecutor.runScript(TestCaseExecutor.java:448)
	at com.kms.katalon.core.main.TestCaseExecutor.doExecute(TestCaseExecutor.java:439)
	at com.kms.katalon.core.main.TestCaseExecutor.processExecutionPhase(TestCaseExecutor.java:418)
	at com.kms.katalon.core.main.TestCaseExecutor.accessMainPhase(TestCaseExecutor.java:410)
	at com.kms.katalon.core.main.TestCaseExecutor.execute(TestCaseExecutor.java:285)
	at com.kms.katalon.core.common.CommonExecutor.accessTestCaseMainPhase(CommonExecutor.java:65)
	at com.kms.katalon.core.main.TestSuiteExecutor.accessTestSuiteMainPhase(TestSuiteExecutor.java:150)
	at com.kms.katalon.core.main.TestSuiteExecutor.execute(TestSuiteExecutor.java:106)
	at com.kms.katalon.core.main.TestCaseMain.startTestSuite(TestCaseMain.java:180)
	at TempTestSuite1728890597227.run(TempTestSuite1728890597227.groovy:35)
	at java.base/jdk.internal.reflect.NativeMethodAccessorImpl.invoke0(Native Method)
	at java.base/jdk.internal.reflect.NativeMethodAccessorImpl.invoke(NativeMethodAccessorImpl.java:77)
	at java.base/jdk.internal.reflect.DelegatingMethodAccessorImpl.invoke(DelegatingMethodAccessorImpl.java:43)
Caused by: com.kms.katalon.core.webui.exception.WebElementNotFoundException: Web element with id: 'Object Repository/Страница авторизации/button_' located by '//button[@name='button']' not found
	at com.kms.katalon.core.webui.common.WebUiCommonHelper.findWebElement(WebUiCommonHelper.java:1426)
	at com.kms.katalon.core.webui.keyword.internal.WebUIAbstractKeyword.findWebElement(WebUIAbstractKeyword.groovy:27)
	at com.kms.katalon.core.webui.keyword.builtin.ClickKeyword$_click_closure1.doCall(ClickKeyword.groovy:65)
	at com.kms.katalon.core.webui.keyword.builtin.ClickKeyword$_click_closure1.call(ClickKeyword.groovy)
	at com.kms.katalon.core.webui.keyword.internal.WebUIKeywordMain.runKeyword(WebUIKeywordMain.groovy:20)
	at com.kms.katalon.core.webui.keyword.builtin.ClickKeyword.click(ClickKeyword.groovy:74)
	at com.kms.katalon.core.webui.keyword.builtin.ClickKeyword.execute(ClickKeyword.groovy:40)
	at com.kms.katalon.core.keyword.internal.KeywordExecutor.executeKeywordForPlatform(KeywordExecutor.groovy:74)
	at com.kms.katalon.core.webui.keyword.WebUiBuiltInKeywords.click(WebUiBuiltInKeywords.groovy:659)
	at Script1693826440839.run(Script1693826440839.groovy:41)
	... 15 more
)

14-10-2024T11:49:53 - [TEST_STEP][PASSED] - delay(50): Delayed 50 second(s)

14-10-2024T11:50:43 - [MESSAGE][PASSED] - Delayed 50 second(s)

14-10-2024T11:50:43 - [TEST_STEP][FAILED] - click(findTestObject("Прогноз по отраслям/Фильтр Месяц")): Unable to click on object 'Object Repository/Прогноз по отраслям/Фильтр Месяц' (Root cause: com.kms.katalon.core.exception.StepFailedException: Unable to click on object 'Object Repository/Прогноз по отраслям/Фильтр Месяц'
	at com.kms.katalon.core.webui.keyword.internal.WebUIKeywordMain.stepFailed(WebUIKeywordMain.groovy:64)
	at com.kms.katalon.core.webui.keyword.internal.WebUIKeywordMain.runKeyword(WebUIKeywordMain.groovy:26)
	at com.kms.katalon.core.webui.keyword.builtin.ClickKeyword.click(ClickKeyword.groovy:74)
	at com.kms.katalon.core.webui.keyword.builtin.ClickKeyword.execute(ClickKeyword.groovy:40)
	at com.kms.katalon.core.keyword.internal.KeywordExecutor.executeKeywordForPlatform(KeywordExecutor.groovy:74)
	at com.kms.katalon.core.webui.keyword.WebUiBuiltInKeywords.click(WebUiBuiltInKeywords.groovy:659)
	at Прогноз по отраслям сверка дашбордов.run(Прогноз по отраслям сверка дашбордов:45)
	at com.kms.katalon.core.main.ScriptEngine.run(ScriptEngine.java:194)
	at com.kms.katalon.core.main.ScriptEngine.runScriptAsRawText(ScriptEngine.java:119)
	at com.kms.katalon.core.main.TestCaseExecutor.runScript(TestCaseExecutor.java:448)
	at com.kms.katalon.core.main.TestCaseExecutor.doExecute(TestCaseExecutor.java:439)
	at com.kms.katalon.core.main.TestCaseExecutor.processExecutionPhase(TestCaseExecutor.java:418)
	at com.kms.katalon.core.main.TestCaseExecutor.accessMainPhase(TestCaseExecutor.java:410)
	at com.kms.katalon.core.main.TestCaseExecutor.execute(TestCaseExecutor.java:285)
	at com.kms.katalon.core.common.CommonExecutor.accessTestCaseMainPhase(CommonExecutor.java:65)
	at com.kms.katalon.core.main.TestSuiteExecutor.accessTestSuiteMainPhase(TestSuiteExecutor.java:150)
	at com.kms.katalon.core.main.TestSuiteExecutor.execute(TestSuiteExecutor.java:106)
	at com.kms.katalon.core.main.TestCaseMain.startTestSuite(TestCaseMain.java:180)
	at TempTestSuite1728890597227.run(TempTestSuite1728890597227.groovy:35)
	at java.base/jdk.internal.reflect.NativeMethodAccessorImpl.invoke0(Native Method)
	at java.base/jdk.internal.reflect.NativeMethodAccessorImpl.invoke(NativeMethodAccessorImpl.java:77)
	at java.base/jdk.internal.reflect.DelegatingMethodAccessorImpl.invoke(DelegatingMethodAccessorImpl.java:43)
Caused by: com.kms.katalon.core.webui.exception.WebElementNotFoundException: Web element with id: 'Object Repository/Прогноз по отраслям/Фильтр Месяц' located by '//div[31]/div[2]/div/div/div/div' not found
	at com.kms.katalon.core.webui.common.WebUiCommonHelper.findWebElement(WebUiCommonHelper.java:1426)
	at com.kms.katalon.core.webui.keyword.internal.WebUIAbstractKeyword.findWebElement(WebUIAbstractKeyword.groovy:27)
	at com.kms.katalon.core.webui.keyword.builtin.ClickKeyword$_click_closure1.doCall(ClickKeyword.groovy:65)
	at com.kms.katalon.core.webui.keyword.builtin.ClickKeyword$_click_closure1.call(ClickKeyword.groovy)
	at com.kms.katalon.core.webui.keyword.internal.WebUIKeywordMain.runKeyword(WebUIKeywordMain.groovy:20)
	at com.kms.katalon.core.webui.keyword.builtin.ClickKeyword.click(ClickKeyword.groovy:74)
	at com.kms.katalon.core.webui.keyword.builtin.ClickKeyword.execute(ClickKeyword.groovy:40)
	at com.kms.katalon.core.keyword.internal.KeywordExecutor.executeKeywordForPlatform(KeywordExecutor.groovy:74)
	at com.kms.katalon.core.webui.keyword.WebUiBuiltInKeywords.click(WebUiBuiltInKeywords.groovy:659)
	at Script1693826440839.run(Script1693826440839.groovy:45)
	... 15 more
)

14-10-2024T11:51:14 - [MESSAGE][INFO] - Unable to find the element located by 'By.xpath: //div[31]/div[2]/div/div/div/div'. Please recheck the objects properties to make sure the desired element is located. 

14-10-2024T11:52:14 - [MESSAGE][WARNING] - Cannot take screenshot

14-10-2024T11:52:14 - [MESSAGE][FAILED] - Unable to click on object 'Object Repository/Прогноз по отраслям/Фильтр Месяц' (Root cause: com.kms.katalon.core.exception.StepFailedException: Unable to click on object 'Object Repository/Прогноз по отраслям/Фильтр Месяц'
	at com.kms.katalon.core.webui.keyword.internal.WebUIKeywordMain.stepFailed(WebUIKeywordMain.groovy:64)
	at com.kms.katalon.core.webui.keyword.internal.WebUIKeywordMain.runKeyword(WebUIKeywordMain.groovy:26)
	at com.kms.katalon.core.webui.keyword.builtin.ClickKeyword.click(ClickKeyword.groovy:74)
	at com.kms.katalon.core.webui.keyword.builtin.ClickKeyword.execute(ClickKeyword.groovy:40)
	at com.kms.katalon.core.keyword.internal.KeywordExecutor.executeKeywordForPlatform(KeywordExecutor.groovy:74)
	at com.kms.katalon.core.webui.keyword.WebUiBuiltInKeywords.click(WebUiBuiltInKeywords.groovy:659)
	at Прогноз по отраслям сверка дашбордов.run(Прогноз по отраслям сверка дашбордов:45)
	at com.kms.katalon.core.main.ScriptEngine.run(ScriptEngine.java:194)
	at com.kms.katalon.core.main.ScriptEngine.runScriptAsRawText(ScriptEngine.java:119)
	at com.kms.katalon.core.main.TestCaseExecutor.runScript(TestCaseExecutor.java:448)
	at com.kms.katalon.core.main.TestCaseExecutor.doExecute(TestCaseExecutor.java:439)
	at com.kms.katalon.core.main.TestCaseExecutor.processExecutionPhase(TestCaseExecutor.java:418)
	at com.kms.katalon.core.main.TestCaseExecutor.accessMainPhase(TestCaseExecutor.java:410)
	at com.kms.katalon.core.main.TestCaseExecutor.execute(TestCaseExecutor.java:285)
	at com.kms.katalon.core.common.CommonExecutor.accessTestCaseMainPhase(CommonExecutor.java:65)
	at com.kms.katalon.core.main.TestSuiteExecutor.accessTestSuiteMainPhase(TestSuiteExecutor.java:150)
	at com.kms.katalon.core.main.TestSuiteExecutor.execute(TestSuiteExecutor.java:106)
	at com.kms.katalon.core.main.TestCaseMain.startTestSuite(TestCaseMain.java:180)
	at TempTestSuite1728890597227.run(TempTestSuite1728890597227.groovy:35)
	at java.base/jdk.internal.reflect.NativeMethodAccessorImpl.invoke0(Native Method)
	at java.base/jdk.internal.reflect.NativeMethodAccessorImpl.invoke(NativeMethodAccessorImpl.java:77)
	at java.base/jdk.internal.reflect.DelegatingMethodAccessorImpl.invoke(DelegatingMethodAccessorImpl.java:43)
Caused by: com.kms.katalon.core.webui.exception.WebElementNotFoundException: Web element with id: 'Object Repository/Прогноз по отраслям/Фильтр Месяц' located by '//div[31]/div[2]/div/div/div/div' not found
	at com.kms.katalon.core.webui.common.WebUiCommonHelper.findWebElement(WebUiCommonHelper.java:1426)
	at com.kms.katalon.core.webui.keyword.internal.WebUIAbstractKeyword.findWebElement(WebUIAbstractKeyword.groovy:27)
	at com.kms.katalon.core.webui.keyword.builtin.ClickKeyword$_click_closure1.doCall(ClickKeyword.groovy:65)
	at com.kms.katalon.core.webui.keyword.builtin.ClickKeyword$_click_closure1.call(ClickKeyword.groovy)
	at com.kms.katalon.core.webui.keyword.internal.WebUIKeywordMain.runKeyword(WebUIKeywordMain.groovy:20)
	at com.kms.katalon.core.webui.keyword.builtin.ClickKeyword.click(ClickKeyword.groovy:74)
	at com.kms.katalon.core.webui.keyword.builtin.ClickKeyword.execute(ClickKeyword.groovy:40)
	at com.kms.katalon.core.keyword.internal.KeywordExecutor.executeKeywordForPlatform(KeywordExecutor.groovy:74)
	at com.kms.katalon.core.webui.keyword.WebUiBuiltInKeywords.click(WebUiBuiltInKeywords.groovy:659)
	at Script1693826440839.run(Script1693826440839.groovy:45)
	... 15 more
)

14-10-2024T11:52:14 - [TEST_STEP][FAILED] - scrollToElement(findTestObject("Прогноз по отраслям/Ноябрь"), 30): Unable to scroll to object 'Object Repository/Прогноз по отраслям/Ноябрь' (Root cause: com.kms.katalon.core.exception.StepFailedException: Unable to scroll to object 'Object Repository/Прогноз по отраслям/Ноябрь'
	at com.kms.katalon.core.webui.keyword.internal.WebUIKeywordMain.stepFailed(WebUIKeywordMain.groovy:64)
	at com.kms.katalon.core.webui.keyword.internal.WebUIKeywordMain.runKeyword(WebUIKeywordMain.groovy:26)
	at com.kms.katalon.core.webui.keyword.builtin.ScrollToElementKeyword.scrollToElement(ScrollToElementKeyword.groovy:88)
	at com.kms.katalon.core.webui.keyword.builtin.ScrollToElementKeyword.execute(ScrollToElementKeyword.groovy:68)
	at com.kms.katalon.core.keyword.internal.KeywordExecutor.executeKeywordForPlatform(KeywordExecutor.groovy:74)
	at com.kms.katalon.core.webui.keyword.WebUiBuiltInKeywords.scrollToElement(WebUiBuiltInKeywords.groovy:4147)
	at Прогноз по отраслям сверка дашбордов.run(Прогноз по отраслям сверка дашбордов:47)
	at com.kms.katalon.core.main.ScriptEngine.run(ScriptEngine.java:194)
	at com.kms.katalon.core.main.ScriptEngine.runScriptAsRawText(ScriptEngine.java:119)
	at com.kms.katalon.core.main.TestCaseExecutor.runScript(TestCaseExecutor.java:448)
	at com.kms.katalon.core.main.TestCaseExecutor.doExecute(TestCaseExecutor.java:439)
	at com.kms.katalon.core.main.TestCaseExecutor.processExecutionPhase(TestCaseExecutor.java:418)
	at com.kms.katalon.core.main.TestCaseExecutor.accessMainPhase(TestCaseExecutor.java:410)
	at com.kms.katalon.core.main.TestCaseExecutor.execute(TestCaseExecutor.java:285)
	at com.kms.katalon.core.common.CommonExecutor.accessTestCaseMainPhase(CommonExecutor.java:65)
	at com.kms.katalon.core.main.TestSuiteExecutor.accessTestSuiteMainPhase(TestSuiteExecutor.java:150)
	at com.kms.katalon.core.main.TestSuiteExecutor.execute(TestSuiteExecutor.java:106)
	at com.kms.katalon.core.main.TestCaseMain.startTestSuite(TestCaseMain.java:180)
	at TempTestSuite1728890597227.run(TempTestSuite1728890597227.groovy:35)
	at java.base/jdk.internal.reflect.NativeMethodAccessorImpl.invoke0(Native Method)
	at java.base/jdk.internal.reflect.NativeMethodAccessorImpl.invoke(NativeMethodAccessorImpl.java:77)
	at java.base/jdk.internal.reflect.DelegatingMethodAccessorImpl.invoke(DelegatingMethodAccessorImpl.java:43)
Caused by: com.kms.katalon.core.webui.exception.WebElementNotFoundException: Web element with id: 'Object Repository/Прогноз по отраслям/Ноябрь' located by '//li[11]/div/div' not found
	at com.kms.katalon.core.webui.common.WebUiCommonHelper.findWebElement(WebUiCommonHelper.java:1426)
	at com.kms.katalon.core.webui.keyword.internal.WebUIAbstractKeyword.findWebElement(WebUIAbstractKeyword.groovy:27)
	at com.kms.katalon.core.webui.keyword.internal.WebUIAbstractKeyword.findWebElement(WebUIAbstractKeyword.groovy:26)
	at com.kms.katalon.core.webui.keyword.builtin.ScrollToElementKeyword$_scrollToElement_closure1.doCall(ScrollToElementKeyword.groovy:79)
	at com.kms.katalon.core.webui.keyword.builtin.ScrollToElementKeyword$_scrollToElement_closure1.call(ScrollToElementKeyword.groovy)
	at com.kms.katalon.core.webui.keyword.internal.WebUIKeywordMain.runKeyword(WebUIKeywordMain.groovy:20)
	at com.kms.katalon.core.webui.keyword.builtin.ScrollToElementKeyword.scrollToElement(ScrollToElementKeyword.groovy:88)
	at com.kms.katalon.core.webui.keyword.builtin.ScrollToElementKeyword.execute(ScrollToElementKeyword.groovy:68)
	at com.kms.katalon.core.keyword.internal.KeywordExecutor.executeKeywordForPlatform(KeywordExecutor.groovy:74)
	at com.kms.katalon.core.webui.keyword.WebUiBuiltInKeywords.scrollToElement(WebUiBuiltInKeywords.groovy:4147)
	at Script1693826440839.run(Script1693826440839.groovy:47)
	... 15 more
)

14-10-2024T11:52:46 - [MESSAGE][INFO] - Unable to find the element located by 'By.xpath: //li[11]/div/div'. Please recheck the objects properties to make sure the desired element is located. 

14-10-2024T11:53:46 - [MESSAGE][WARNING] - Cannot take screenshot

14-10-2024T11:53:46 - [MESSAGE][FAILED] - Unable to scroll to object 'Object Repository/Прогноз по отраслям/Ноябрь' (Root cause: com.kms.katalon.core.exception.StepFailedException: Unable to scroll to object 'Object Repository/Прогноз по отраслям/Ноябрь'
	at com.kms.katalon.core.webui.keyword.internal.WebUIKeywordMain.stepFailed(WebUIKeywordMain.groovy:64)
	at com.kms.katalon.core.webui.keyword.internal.WebUIKeywordMain.runKeyword(WebUIKeywordMain.groovy:26)
	at com.kms.katalon.core.webui.keyword.builtin.ScrollToElementKeyword.scrollToElement(ScrollToElementKeyword.groovy:88)
	at com.kms.katalon.core.webui.keyword.builtin.ScrollToElementKeyword.execute(ScrollToElementKeyword.groovy:68)
	at com.kms.katalon.core.keyword.internal.KeywordExecutor.executeKeywordForPlatform(KeywordExecutor.groovy:74)
	at com.kms.katalon.core.webui.keyword.WebUiBuiltInKeywords.scrollToElement(WebUiBuiltInKeywords.groovy:4147)
	at Прогноз по отраслям сверка дашбордов.run(Прогноз по отраслям сверка дашбордов:47)
	at com.kms.katalon.core.main.ScriptEngine.run(ScriptEngine.java:194)
	at com.kms.katalon.core.main.ScriptEngine.runScriptAsRawText(ScriptEngine.java:119)
	at com.kms.katalon.core.main.TestCaseExecutor.runScript(TestCaseExecutor.java:448)
	at com.kms.katalon.core.main.TestCaseExecutor.doExecute(TestCaseExecutor.java:439)
	at com.kms.katalon.core.main.TestCaseExecutor.processExecutionPhase(TestCaseExecutor.java:418)
	at com.kms.katalon.core.main.TestCaseExecutor.accessMainPhase(TestCaseExecutor.java:410)
	at com.kms.katalon.core.main.TestCaseExecutor.execute(TestCaseExecutor.java:285)
	at com.kms.katalon.core.common.CommonExecutor.accessTestCaseMainPhase(CommonExecutor.java:65)
	at com.kms.katalon.core.main.TestSuiteExecutor.accessTestSuiteMainPhase(TestSuiteExecutor.java:150)
	at com.kms.katalon.core.main.TestSuiteExecutor.execute(TestSuiteExecutor.java:106)
	at com.kms.katalon.core.main.TestCaseMain.startTestSuite(TestCaseMain.java:180)
	at TempTestSuite1728890597227.run(TempTestSuite1728890597227.groovy:35)
	at java.base/jdk.internal.reflect.NativeMethodAccessorImpl.invoke0(Native Method)
	at java.base/jdk.internal.reflect.NativeMethodAccessorImpl.invoke(NativeMethodAccessorImpl.java:77)
	at java.base/jdk.internal.reflect.DelegatingMethodAccessorImpl.invoke(DelegatingMethodAccessorImpl.java:43)
Caused by: com.kms.katalon.core.webui.exception.WebElementNotFoundException: Web element with id: 'Object Repository/Прогноз по отраслям/Ноябрь' located by '//li[11]/div/div' not found
	at com.kms.katalon.core.webui.common.WebUiCommonHelper.findWebElement(WebUiCommonHelper.java:1426)
	at com.kms.katalon.core.webui.keyword.internal.WebUIAbstractKeyword.findWebElement(WebUIAbstractKeyword.groovy:27)
	at com.kms.katalon.core.webui.keyword.internal.WebUIAbstractKeyword.findWebElement(WebUIAbstractKeyword.groovy:26)
	at com.kms.katalon.core.webui.keyword.builtin.ScrollToElementKeyword$_scrollToElement_closure1.doCall(ScrollToElementKeyword.groovy:79)
	at com.kms.katalon.core.webui.keyword.builtin.ScrollToElementKeyword$_scrollToElement_closure1.call(ScrollToElementKeyword.groovy)
	at com.kms.katalon.core.webui.keyword.internal.WebUIKeywordMain.runKeyword(WebUIKeywordMain.groovy:20)
	at com.kms.katalon.core.webui.keyword.builtin.ScrollToElementKeyword.scrollToElement(ScrollToElementKeyword.groovy:88)
	at com.kms.katalon.core.webui.keyword.builtin.ScrollToElementKeyword.execute(ScrollToElementKeyword.groovy:68)
	at com.kms.katalon.core.keyword.internal.KeywordExecutor.executeKeywordForPlatform(KeywordExecutor.groovy:74)
	at com.kms.katalon.core.webui.keyword.WebUiBuiltInKeywords.scrollToElement(WebUiBuiltInKeywords.groovy:4147)
	at Script1693826440839.run(Script1693826440839.groovy:47)
	... 15 more
)

14-10-2024T11:53:46 - [TEST_STEP][FAILED] - click(findTestObject("Прогноз по отраслям/Ноябрь"), CONTINUE_ON_FAILURE): Unable to click on object 'Object Repository/Прогноз по отраслям/Ноябрь' (Root cause: com.kms.katalon.core.exception.StepFailedException: Unable to click on object 'Object Repository/Прогноз по отраслям/Ноябрь'
	at com.kms.katalon.core.webui.keyword.internal.WebUIKeywordMain.stepFailed(WebUIKeywordMain.groovy:64)
	at com.kms.katalon.core.webui.keyword.internal.WebUIKeywordMain.runKeyword(WebUIKeywordMain.groovy:26)
	at com.kms.katalon.core.webui.keyword.builtin.ClickKeyword.click(ClickKeyword.groovy:74)
	at com.kms.katalon.core.webui.keyword.builtin.ClickKeyword.execute(ClickKeyword.groovy:40)
	at com.kms.katalon.core.keyword.internal.KeywordExecutor.executeKeywordForPlatform(KeywordExecutor.groovy:74)
	at com.kms.katalon.core.webui.keyword.WebUiBuiltInKeywords.click(WebUiBuiltInKeywords.groovy:647)
	at Прогноз по отраслям сверка дашбордов.run(Прогноз по отраслям сверка дашбордов:49)
	at com.kms.katalon.core.main.ScriptEngine.run(ScriptEngine.java:194)
	at com.kms.katalon.core.main.ScriptEngine.runScriptAsRawText(ScriptEngine.java:119)
	at com.kms.katalon.core.main.TestCaseExecutor.runScript(TestCaseExecutor.java:448)
	at com.kms.katalon.core.main.TestCaseExecutor.doExecute(TestCaseExecutor.java:439)
	at com.kms.katalon.core.main.TestCaseExecutor.processExecutionPhase(TestCaseExecutor.java:418)
	at com.kms.katalon.core.main.TestCaseExecutor.accessMainPhase(TestCaseExecutor.java:410)
	at com.kms.katalon.core.main.TestCaseExecutor.execute(TestCaseExecutor.java:285)
	at com.kms.katalon.core.common.CommonExecutor.accessTestCaseMainPhase(CommonExecutor.java:65)
	at com.kms.katalon.core.main.TestSuiteExecutor.accessTestSuiteMainPhase(TestSuiteExecutor.java:150)
	at com.kms.katalon.core.main.TestSuiteExecutor.execute(TestSuiteExecutor.java:106)
	at com.kms.katalon.core.main.TestCaseMain.startTestSuite(TestCaseMain.java:180)
	at TempTestSuite1728890597227.run(TempTestSuite1728890597227.groovy:35)
	at java.base/jdk.internal.reflect.NativeMethodAccessorImpl.invoke0(Native Method)
	at java.base/jdk.internal.reflect.NativeMethodAccessorImpl.invoke(NativeMethodAccessorImpl.java:77)
	at java.base/jdk.internal.reflect.DelegatingMethodAccessorImpl.invoke(DelegatingMethodAccessorImpl.java:43)
Caused by: com.kms.katalon.core.webui.exception.WebElementNotFoundException: Web element with id: 'Object Repository/Прогноз по отраслям/Ноябрь' located by '//li[11]/div/div' not found
	at com.kms.katalon.core.webui.common.WebUiCommonHelper.findWebElement(WebUiCommonHelper.java:1426)
	at com.kms.katalon.core.webui.keyword.internal.WebUIAbstractKeyword.findWebElement(WebUIAbstractKeyword.groovy:27)
	at com.kms.katalon.core.webui.keyword.builtin.ClickKeyword$_click_closure1.doCall(ClickKeyword.groovy:65)
	at com.kms.katalon.core.webui.keyword.builtin.ClickKeyword$_click_closure1.call(ClickKeyword.groovy)
	at com.kms.katalon.core.webui.keyword.internal.WebUIKeywordMain.runKeyword(WebUIKeywordMain.groovy:20)
	at com.kms.katalon.core.webui.keyword.builtin.ClickKeyword.click(ClickKeyword.groovy:74)
	at com.kms.katalon.core.webui.keyword.builtin.ClickKeyword.execute(ClickKeyword.groovy:40)
	at com.kms.katalon.core.keyword.internal.KeywordExecutor.executeKeywordForPlatform(KeywordExecutor.groovy:74)
	at com.kms.katalon.core.webui.keyword.WebUiBuiltInKeywords.click(WebUiBuiltInKeywords.groovy:647)
	at Script1693826440839.run(Script1693826440839.groovy:49)
	... 15 more
)

14-10-2024T11:54:17 - [MESSAGE][INFO] - Unable to find the element located by 'By.xpath: //li[11]/div/div'. Please recheck the objects properties to make sure the desired element is located. 

14-10-2024T11:55:17 - [MESSAGE][WARNING] - Cannot take screenshot

14-10-2024T11:55:17 - [MESSAGE][FAILED] - Unable to click on object 'Object Repository/Прогноз по отраслям/Ноябрь' (Root cause: com.kms.katalon.core.exception.StepFailedException: Unable to click on object 'Object Repository/Прогноз по отраслям/Ноябрь'
	at com.kms.katalon.core.webui.keyword.internal.WebUIKeywordMain.stepFailed(WebUIKeywordMain.groovy:64)
	at com.kms.katalon.core.webui.keyword.internal.WebUIKeywordMain.runKeyword(WebUIKeywordMain.groovy:26)
	at com.kms.katalon.core.webui.keyword.builtin.ClickKeyword.click(ClickKeyword.groovy:74)
	at com.kms.katalon.core.webui.keyword.builtin.ClickKeyword.execute(ClickKeyword.groovy:40)
	at com.kms.katalon.core.keyword.internal.KeywordExecutor.executeKeywordForPlatform(KeywordExecutor.groovy:74)
	at com.kms.katalon.core.webui.keyword.WebUiBuiltInKeywords.click(WebUiBuiltInKeywords.groovy:647)
	at Прогноз по отраслям сверка дашбордов.run(Прогноз по отраслям сверка дашбордов:49)
	at com.kms.katalon.core.main.ScriptEngine.run(ScriptEngine.java:194)
	at com.kms.katalon.core.main.ScriptEngine.runScriptAsRawText(ScriptEngine.java:119)
	at com.kms.katalon.core.main.TestCaseExecutor.runScript(TestCaseExecutor.java:448)
	at com.kms.katalon.core.main.TestCaseExecutor.doExecute(TestCaseExecutor.java:439)
	at com.kms.katalon.core.main.TestCaseExecutor.processExecutionPhase(TestCaseExecutor.java:418)
	at com.kms.katalon.core.main.TestCaseExecutor.accessMainPhase(TestCaseExecutor.java:410)
	at com.kms.katalon.core.main.TestCaseExecutor.execute(TestCaseExecutor.java:285)
	at com.kms.katalon.core.common.CommonExecutor.accessTestCaseMainPhase(CommonExecutor.java:65)
	at com.kms.katalon.core.main.TestSuiteExecutor.accessTestSuiteMainPhase(TestSuiteExecutor.java:150)
	at com.kms.katalon.core.main.TestSuiteExecutor.execute(TestSuiteExecutor.java:106)
	at com.kms.katalon.core.main.TestCaseMain.startTestSuite(TestCaseMain.java:180)
	at TempTestSuite1728890597227.run(TempTestSuite1728890597227.groovy:35)
	at java.base/jdk.internal.reflect.NativeMethodAccessorImpl.invoke0(Native Method)
	at java.base/jdk.internal.reflect.NativeMethodAccessorImpl.invoke(NativeMethodAccessorImpl.java:77)
	at java.base/jdk.internal.reflect.DelegatingMethodAccessorImpl.invoke(DelegatingMethodAccessorImpl.java:43)
Caused by: com.kms.katalon.core.webui.exception.WebElementNotFoundException: Web element with id: 'Object Repository/Прогноз по отраслям/Ноябрь' located by '//li[11]/div/div' not found
	at com.kms.katalon.core.webui.common.WebUiCommonHelper.findWebElement(WebUiCommonHelper.java:1426)
	at com.kms.katalon.core.webui.keyword.internal.WebUIAbstractKeyword.findWebElement(WebUIAbstractKeyword.groovy:27)
	at com.kms.katalon.core.webui.keyword.builtin.ClickKeyword$_click_closure1.doCall(ClickKeyword.groovy:65)
	at com.kms.katalon.core.webui.keyword.builtin.ClickKeyword$_click_closure1.call(ClickKeyword.groovy)
	at com.kms.katalon.core.webui.keyword.internal.WebUIKeywordMain.runKeyword(WebUIKeywordMain.groovy:20)
	at com.kms.katalon.core.webui.keyword.builtin.ClickKeyword.click(ClickKeyword.groovy:74)
	at com.kms.katalon.core.webui.keyword.builtin.ClickKeyword.execute(ClickKeyword.groovy:40)
	at com.kms.katalon.core.keyword.internal.KeywordExecutor.executeKeywordForPlatform(KeywordExecutor.groovy:74)
	at com.kms.katalon.core.webui.keyword.WebUiBuiltInKeywords.click(WebUiBuiltInKeywords.groovy:647)
	at Script1693826440839.run(Script1693826440839.groovy:49)
	... 15 more
)

14-10-2024T11:55:17 - [TEST_STEP][FAILED] - scrollToElement(findTestObject("Прогноз по отраслям/Заголовок дашборда"), 30): Unable to scroll to object 'Object Repository/Прогноз по отраслям/Заголовок дашборда' (Root cause: com.kms.katalon.core.exception.StepFailedException: Unable to scroll to object 'Object Repository/Прогноз по отраслям/Заголовок дашборда'
	at com.kms.katalon.core.webui.keyword.internal.WebUIKeywordMain.stepFailed(WebUIKeywordMain.groovy:64)
	at com.kms.katalon.core.webui.keyword.internal.WebUIKeywordMain.runKeyword(WebUIKeywordMain.groovy:26)
	at com.kms.katalon.core.webui.keyword.builtin.ScrollToElementKeyword.scrollToElement(ScrollToElementKeyword.groovy:88)
	at com.kms.katalon.core.webui.keyword.builtin.ScrollToElementKeyword.execute(ScrollToElementKeyword.groovy:68)
	at com.kms.katalon.core.keyword.internal.KeywordExecutor.executeKeywordForPlatform(KeywordExecutor.groovy:74)
	at com.kms.katalon.core.webui.keyword.WebUiBuiltInKeywords.scrollToElement(WebUiBuiltInKeywords.groovy:4147)
	at Прогноз по отраслям сверка дашбордов.run(Прогноз по отраслям сверка дашбордов:51)
	at com.kms.katalon.core.main.ScriptEngine.run(ScriptEngine.java:194)
	at com.kms.katalon.core.main.ScriptEngine.runScriptAsRawText(ScriptEngine.java:119)
	at com.kms.katalon.core.main.TestCaseExecutor.runScript(TestCaseExecutor.java:448)
	at com.kms.katalon.core.main.TestCaseExecutor.doExecute(TestCaseExecutor.java:439)
	at com.kms.katalon.core.main.TestCaseExecutor.processExecutionPhase(TestCaseExecutor.java:418)
	at com.kms.katalon.core.main.TestCaseExecutor.accessMainPhase(TestCaseExecutor.java:410)
	at com.kms.katalon.core.main.TestCaseExecutor.execute(TestCaseExecutor.java:285)
	at com.kms.katalon.core.common.CommonExecutor.accessTestCaseMainPhase(CommonExecutor.java:65)
	at com.kms.katalon.core.main.TestSuiteExecutor.accessTestSuiteMainPhase(TestSuiteExecutor.java:150)
	at com.kms.katalon.core.main.TestSuiteExecutor.execute(TestSuiteExecutor.java:106)
	at com.kms.katalon.core.main.TestCaseMain.startTestSuite(TestCaseMain.java:180)
	at TempTestSuite1728890597227.run(TempTestSuite1728890597227.groovy:35)
	at java.base/jdk.internal.reflect.NativeMethodAccessorImpl.invoke0(Native Method)
	at java.base/jdk.internal.reflect.NativeMethodAccessorImpl.invoke(NativeMethodAccessorImpl.java:77)
	at java.base/jdk.internal.reflect.DelegatingMethodAccessorImpl.invoke(DelegatingMethodAccessorImpl.java:43)
Caused by: com.kms.katalon.core.webui.exception.WebElementNotFoundException: Web element with id: 'Object Repository/Прогноз по отраслям/Заголовок дашборда' located by '//*/text()[normalize-space(.)='Прогноз электропотребления и выручки за услуги по передаче в разрезе отраслей']/parent::*' not found
	at com.kms.katalon.core.webui.common.WebUiCommonHelper.findWebElement(WebUiCommonHelper.java:1426)
	at com.kms.katalon.core.webui.keyword.internal.WebUIAbstractKeyword.findWebElement(WebUIAbstractKeyword.groovy:27)
	at com.kms.katalon.core.webui.keyword.internal.WebUIAbstractKeyword.findWebElement(WebUIAbstractKeyword.groovy:26)
	at com.kms.katalon.core.webui.keyword.builtin.ScrollToElementKeyword$_scrollToElement_closure1.doCall(ScrollToElementKeyword.groovy:79)
	at com.kms.katalon.core.webui.keyword.builtin.ScrollToElementKeyword$_scrollToElement_closure1.call(ScrollToElementKeyword.groovy)
	at com.kms.katalon.core.webui.keyword.internal.WebUIKeywordMain.runKeyword(WebUIKeywordMain.groovy:20)
	at com.kms.katalon.core.webui.keyword.builtin.ScrollToElementKeyword.scrollToElement(ScrollToElementKeyword.groovy:88)
	at com.kms.katalon.core.webui.keyword.builtin.ScrollToElementKeyword.execute(ScrollToElementKeyword.groovy:68)
	at com.kms.katalon.core.keyword.internal.KeywordExecutor.executeKeywordForPlatform(KeywordExecutor.groovy:74)
	at com.kms.katalon.core.webui.keyword.WebUiBuiltInKeywords.scrollToElement(WebUiBuiltInKeywords.groovy:4147)
	at Script1693826440839.run(Script1693826440839.groovy:51)
	... 15 more
)

14-10-2024T11:55:48 - [MESSAGE][INFO] - Unable to find the element located by 'By.xpath: //*/text()[normalize-space(.)='Прогноз электропотребления и выручки за услуги по передаче в разрезе отраслей']/parent::*'. Please recheck the objects properties to make sure the desired element is located. 

14-10-2024T11:56:48 - [MESSAGE][WARNING] - Cannot take screenshot

14-10-2024T11:56:48 - [MESSAGE][FAILED] - Unable to scroll to object 'Object Repository/Прогноз по отраслям/Заголовок дашборда' (Root cause: com.kms.katalon.core.exception.StepFailedException: Unable to scroll to object 'Object Repository/Прогноз по отраслям/Заголовок дашборда'
	at com.kms.katalon.core.webui.keyword.internal.WebUIKeywordMain.stepFailed(WebUIKeywordMain.groovy:64)
	at com.kms.katalon.core.webui.keyword.internal.WebUIKeywordMain.runKeyword(WebUIKeywordMain.groovy:26)
	at com.kms.katalon.core.webui.keyword.builtin.ScrollToElementKeyword.scrollToElement(ScrollToElementKeyword.groovy:88)
	at com.kms.katalon.core.webui.keyword.builtin.ScrollToElementKeyword.execute(ScrollToElementKeyword.groovy:68)
	at com.kms.katalon.core.keyword.internal.KeywordExecutor.executeKeywordForPlatform(KeywordExecutor.groovy:74)
	at com.kms.katalon.core.webui.keyword.WebUiBuiltInKeywords.scrollToElement(WebUiBuiltInKeywords.groovy:4147)
	at Прогноз по отраслям сверка дашбордов.run(Прогноз по отраслям сверка дашбордов:51)
	at com.kms.katalon.core.main.ScriptEngine.run(ScriptEngine.java:194)
	at com.kms.katalon.core.main.ScriptEngine.runScriptAsRawText(ScriptEngine.java:119)
	at com.kms.katalon.core.main.TestCaseExecutor.runScript(TestCaseExecutor.java:448)
	at com.kms.katalon.core.main.TestCaseExecutor.doExecute(TestCaseExecutor.java:439)
	at com.kms.katalon.core.main.TestCaseExecutor.processExecutionPhase(TestCaseExecutor.java:418)
	at com.kms.katalon.core.main.TestCaseExecutor.accessMainPhase(TestCaseExecutor.java:410)
	at com.kms.katalon.core.main.TestCaseExecutor.execute(TestCaseExecutor.java:285)
	at com.kms.katalon.core.common.CommonExecutor.accessTestCaseMainPhase(CommonExecutor.java:65)
	at com.kms.katalon.core.main.TestSuiteExecutor.accessTestSuiteMainPhase(TestSuiteExecutor.java:150)
	at com.kms.katalon.core.main.TestSuiteExecutor.execute(TestSuiteExecutor.java:106)
	at com.kms.katalon.core.main.TestCaseMain.startTestSuite(TestCaseMain.java:180)
	at TempTestSuite1728890597227.run(TempTestSuite1728890597227.groovy:35)
	at java.base/jdk.internal.reflect.NativeMethodAccessorImpl.invoke0(Native Method)
	at java.base/jdk.internal.reflect.NativeMethodAccessorImpl.invoke(NativeMethodAccessorImpl.java:77)
	at java.base/jdk.internal.reflect.DelegatingMethodAccessorImpl.invoke(DelegatingMethodAccessorImpl.java:43)
Caused by: com.kms.katalon.core.webui.exception.WebElementNotFoundException: Web element with id: 'Object Repository/Прогноз по отраслям/Заголовок дашборда' located by '//*/text()[normalize-space(.)='Прогноз электропотребления и выручки за услуги по передаче в разрезе отраслей']/parent::*' not found
	at com.kms.katalon.core.webui.common.WebUiCommonHelper.findWebElement(WebUiCommonHelper.java:1426)
	at com.kms.katalon.core.webui.keyword.internal.WebUIAbstractKeyword.findWebElement(WebUIAbstractKeyword.groovy:27)
	at com.kms.katalon.core.webui.keyword.internal.WebUIAbstractKeyword.findWebElement(WebUIAbstractKeyword.groovy:26)
	at com.kms.katalon.core.webui.keyword.builtin.ScrollToElementKeyword$_scrollToElement_closure1.doCall(ScrollToElementKeyword.groovy:79)
	at com.kms.katalon.core.webui.keyword.builtin.ScrollToElementKeyword$_scrollToElement_closure1.call(ScrollToElementKeyword.groovy)
	at com.kms.katalon.core.webui.keyword.internal.WebUIKeywordMain.runKeyword(WebUIKeywordMain.groovy:20)
	at com.kms.katalon.core.webui.keyword.builtin.ScrollToElementKeyword.scrollToElement(ScrollToElementKeyword.groovy:88)
	at com.kms.katalon.core.webui.keyword.builtin.ScrollToElementKeyword.execute(ScrollToElementKeyword.groovy:68)
	at com.kms.katalon.core.keyword.internal.KeywordExecutor.executeKeywordForPlatform(KeywordExecutor.groovy:74)
	at com.kms.katalon.core.webui.keyword.WebUiBuiltInKeywords.scrollToElement(WebUiBuiltInKeywords.groovy:4147)
	at Script1693826440839.run(Script1693826440839.groovy:51)
	... 15 more
)

14-10-2024T11:56:48 - [TEST_STEP][FAILED] - click(findTestObject("Прогноз по отраслям/Фильтр Сравнение с")): Unable to click on object 'Object Repository/Прогноз по отраслям/Фильтр Сравнение с' (Root cause: com.kms.katalon.core.exception.StepFailedException: Unable to click on object 'Object Repository/Прогноз по отраслям/Фильтр Сравнение с'
	at com.kms.katalon.core.webui.keyword.internal.WebUIKeywordMain.stepFailed(WebUIKeywordMain.groovy:64)
	at com.kms.katalon.core.webui.keyword.internal.WebUIKeywordMain.runKeyword(WebUIKeywordMain.groovy:26)
	at com.kms.katalon.core.webui.keyword.builtin.ClickKeyword.click(ClickKeyword.groovy:74)
	at com.kms.katalon.core.webui.keyword.builtin.ClickKeyword.execute(ClickKeyword.groovy:40)
	at com.kms.katalon.core.keyword.internal.KeywordExecutor.executeKeywordForPlatform(KeywordExecutor.groovy:74)
	at com.kms.katalon.core.webui.keyword.WebUiBuiltInKeywords.click(WebUiBuiltInKeywords.groovy:659)
	at Прогноз по отраслям сверка дашбордов.run(Прогноз по отраслям сверка дашбордов:53)
	at com.kms.katalon.core.main.ScriptEngine.run(ScriptEngine.java:194)
	at com.kms.katalon.core.main.ScriptEngine.runScriptAsRawText(ScriptEngine.java:119)
	at com.kms.katalon.core.main.TestCaseExecutor.runScript(TestCaseExecutor.java:448)
	at com.kms.katalon.core.main.TestCaseExecutor.doExecute(TestCaseExecutor.java:439)
	at com.kms.katalon.core.main.TestCaseExecutor.processExecutionPhase(TestCaseExecutor.java:418)
	at com.kms.katalon.core.main.TestCaseExecutor.accessMainPhase(TestCaseExecutor.java:410)
	at com.kms.katalon.core.main.TestCaseExecutor.execute(TestCaseExecutor.java:285)
	at com.kms.katalon.core.common.CommonExecutor.accessTestCaseMainPhase(CommonExecutor.java:65)
	at com.kms.katalon.core.main.TestSuiteExecutor.accessTestSuiteMainPhase(TestSuiteExecutor.java:150)
	at com.kms.katalon.core.main.TestSuiteExecutor.execute(TestSuiteExecutor.java:106)
	at com.kms.katalon.core.main.TestCaseMain.startTestSuite(TestCaseMain.java:180)
	at TempTestSuite1728890597227.run(TempTestSuite1728890597227.groovy:35)
	at java.base/jdk.internal.reflect.NativeMethodAccessorImpl.invoke0(Native Method)
	at java.base/jdk.internal.reflect.NativeMethodAccessorImpl.invoke(NativeMethodAccessorImpl.java:77)
	at java.base/jdk.internal.reflect.DelegatingMethodAccessorImpl.invoke(DelegatingMethodAccessorImpl.java:43)
Caused by: com.kms.katalon.core.webui.exception.WebElementNotFoundException: Web element with id: 'Object Repository/Прогноз по отраслям/Фильтр Сравнение с' located by '(.//*[normalize-space(text()) and normalize-space(.)='Сравнение с'])[1]/following::div[5]' not found
	at com.kms.katalon.core.webui.common.WebUiCommonHelper.findWebElement(WebUiCommonHelper.java:1426)
	at com.kms.katalon.core.webui.keyword.internal.WebUIAbstractKeyword.findWebElement(WebUIAbstractKeyword.groovy:27)
	at com.kms.katalon.core.webui.keyword.builtin.ClickKeyword$_click_closure1.doCall(ClickKeyword.groovy:65)
	at com.kms.katalon.core.webui.keyword.builtin.ClickKeyword$_click_closure1.call(ClickKeyword.groovy)
	at com.kms.katalon.core.webui.keyword.internal.WebUIKeywordMain.runKeyword(WebUIKeywordMain.groovy:20)
	at com.kms.katalon.core.webui.keyword.builtin.ClickKeyword.click(ClickKeyword.groovy:74)
	at com.kms.katalon.core.webui.keyword.builtin.ClickKeyword.execute(ClickKeyword.groovy:40)
	at com.kms.katalon.core.keyword.internal.KeywordExecutor.executeKeywordForPlatform(KeywordExecutor.groovy:74)
	at com.kms.katalon.core.webui.keyword.WebUiBuiltInKeywords.click(WebUiBuiltInKeywords.groovy:659)
	at Script1693826440839.run(Script1693826440839.groovy:53)
	... 15 more
)

14-10-2024T11:57:19 - [MESSAGE][INFO] - Unable to find the element located by 'By.xpath: (.//*[normalize-space(text()) and normalize-space(.)='Сравнение с'])[1]/following::div[5]'. Please recheck the objects properties to make sure the desired element is located. 

14-10-2024T11:58:19 - [MESSAGE][WARNING] - Cannot take screenshot

14-10-2024T11:58:19 - [MESSAGE][FAILED] - Unable to click on object 'Object Repository/Прогноз по отраслям/Фильтр Сравнение с' (Root cause: com.kms.katalon.core.exception.StepFailedException: Unable to click on object 'Object Repository/Прогноз по отраслям/Фильтр Сравнение с'
	at com.kms.katalon.core.webui.keyword.internal.WebUIKeywordMain.stepFailed(WebUIKeywordMain.groovy:64)
	at com.kms.katalon.core.webui.keyword.internal.WebUIKeywordMain.runKeyword(WebUIKeywordMain.groovy:26)
	at com.kms.katalon.core.webui.keyword.builtin.ClickKeyword.click(ClickKeyword.groovy:74)
	at com.kms.katalon.core.webui.keyword.builtin.ClickKeyword.execute(ClickKeyword.groovy:40)
	at com.kms.katalon.core.keyword.internal.KeywordExecutor.executeKeywordForPlatform(KeywordExecutor.groovy:74)
	at com.kms.katalon.core.webui.keyword.WebUiBuiltInKeywords.click(WebUiBuiltInKeywords.groovy:659)
	at Прогноз по отраслям сверка дашбордов.run(Прогноз по отраслям сверка дашбордов:53)
	at com.kms.katalon.core.main.ScriptEngine.run(ScriptEngine.java:194)
	at com.kms.katalon.core.main.ScriptEngine.runScriptAsRawText(ScriptEngine.java:119)
	at com.kms.katalon.core.main.TestCaseExecutor.runScript(TestCaseExecutor.java:448)
	at com.kms.katalon.core.main.TestCaseExecutor.doExecute(TestCaseExecutor.java:439)
	at com.kms.katalon.core.main.TestCaseExecutor.processExecutionPhase(TestCaseExecutor.java:418)
	at com.kms.katalon.core.main.TestCaseExecutor.accessMainPhase(TestCaseExecutor.java:410)
	at com.kms.katalon.core.main.TestCaseExecutor.execute(TestCaseExecutor.java:285)
	at com.kms.katalon.core.common.CommonExecutor.accessTestCaseMainPhase(CommonExecutor.java:65)
	at com.kms.katalon.core.main.TestSuiteExecutor.accessTestSuiteMainPhase(TestSuiteExecutor.java:150)
	at com.kms.katalon.core.main.TestSuiteExecutor.execute(TestSuiteExecutor.java:106)
	at com.kms.katalon.core.main.TestCaseMain.startTestSuite(TestCaseMain.java:180)
	at TempTestSuite1728890597227.run(TempTestSuite1728890597227.groovy:35)
	at java.base/jdk.internal.reflect.NativeMethodAccessorImpl.invoke0(Native Method)
	at java.base/jdk.internal.reflect.NativeMethodAccessorImpl.invoke(NativeMethodAccessorImpl.java:77)
	at java.base/jdk.internal.reflect.DelegatingMethodAccessorImpl.invoke(DelegatingMethodAccessorImpl.java:43)
Caused by: com.kms.katalon.core.webui.exception.WebElementNotFoundException: Web element with id: 'Object Repository/Прогноз по отраслям/Фильтр Сравнение с' located by '(.//*[normalize-space(text()) and normalize-space(.)='Сравнение с'])[1]/following::div[5]' not found
	at com.kms.katalon.core.webui.common.WebUiCommonHelper.findWebElement(WebUiCommonHelper.java:1426)
	at com.kms.katalon.core.webui.keyword.internal.WebUIAbstractKeyword.findWebElement(WebUIAbstractKeyword.groovy:27)
	at com.kms.katalon.core.webui.keyword.builtin.ClickKeyword$_click_closure1.doCall(ClickKeyword.groovy:65)
	at com.kms.katalon.core.webui.keyword.builtin.ClickKeyword$_click_closure1.call(ClickKeyword.groovy)
	at com.kms.katalon.core.webui.keyword.internal.WebUIKeywordMain.runKeyword(WebUIKeywordMain.groovy:20)
	at com.kms.katalon.core.webui.keyword.builtin.ClickKeyword.click(ClickKeyword.groovy:74)
	at com.kms.katalon.core.webui.keyword.builtin.ClickKeyword.execute(ClickKeyword.groovy:40)
	at com.kms.katalon.core.keyword.internal.KeywordExecutor.executeKeywordForPlatform(KeywordExecutor.groovy:74)
	at com.kms.katalon.core.webui.keyword.WebUiBuiltInKeywords.click(WebUiBuiltInKeywords.groovy:659)
	at Script1693826440839.run(Script1693826440839.groovy:53)
	... 15 more
)

14-10-2024T11:58:19 - [TEST_STEP][FAILED] - click(findTestObject("Прогноз по отраслям/Факт прошлого года")): Unable to click on object 'Object Repository/Прогноз по отраслям/Факт прошлого года' (Root cause: com.kms.katalon.core.exception.StepFailedException: Unable to click on object 'Object Repository/Прогноз по отраслям/Факт прошлого года'
	at com.kms.katalon.core.webui.keyword.internal.WebUIKeywordMain.stepFailed(WebUIKeywordMain.groovy:64)
	at com.kms.katalon.core.webui.keyword.internal.WebUIKeywordMain.runKeyword(WebUIKeywordMain.groovy:26)
	at com.kms.katalon.core.webui.keyword.builtin.ClickKeyword.click(ClickKeyword.groovy:74)
	at com.kms.katalon.core.webui.keyword.builtin.ClickKeyword.execute(ClickKeyword.groovy:40)
	at com.kms.katalon.core.keyword.internal.KeywordExecutor.executeKeywordForPlatform(KeywordExecutor.groovy:74)
	at com.kms.katalon.core.webui.keyword.WebUiBuiltInKeywords.click(WebUiBuiltInKeywords.groovy:659)
	at Прогноз по отраслям сверка дашбордов.run(Прогноз по отраслям сверка дашбордов:55)
	at com.kms.katalon.core.main.ScriptEngine.run(ScriptEngine.java:194)
	at com.kms.katalon.core.main.ScriptEngine.runScriptAsRawText(ScriptEngine.java:119)
	at com.kms.katalon.core.main.TestCaseExecutor.runScript(TestCaseExecutor.java:448)
	at com.kms.katalon.core.main.TestCaseExecutor.doExecute(TestCaseExecutor.java:439)
	at com.kms.katalon.core.main.TestCaseExecutor.processExecutionPhase(TestCaseExecutor.java:418)
	at com.kms.katalon.core.main.TestCaseExecutor.accessMainPhase(TestCaseExecutor.java:410)
	at com.kms.katalon.core.main.TestCaseExecutor.execute(TestCaseExecutor.java:285)
	at com.kms.katalon.core.common.CommonExecutor.accessTestCaseMainPhase(CommonExecutor.java:65)
	at com.kms.katalon.core.main.TestSuiteExecutor.accessTestSuiteMainPhase(TestSuiteExecutor.java:150)
	at com.kms.katalon.core.main.TestSuiteExecutor.execute(TestSuiteExecutor.java:106)
	at com.kms.katalon.core.main.TestCaseMain.startTestSuite(TestCaseMain.java:180)
	at TempTestSuite1728890597227.run(TempTestSuite1728890597227.groovy:35)
	at java.base/jdk.internal.reflect.NativeMethodAccessorImpl.invoke0(Native Method)
	at java.base/jdk.internal.reflect.NativeMethodAccessorImpl.invoke(NativeMethodAccessorImpl.java:77)
	at java.base/jdk.internal.reflect.DelegatingMethodAccessorImpl.invoke(DelegatingMethodAccessorImpl.java:43)
Caused by: com.kms.katalon.core.webui.exception.WebElementNotFoundException: Web element with id: 'Object Repository/Прогноз по отраслям/Факт прошлого года' located by '//div[5]/div[2]/div/div/div[2]/div/ul/li/div/div' not found
	at com.kms.katalon.core.webui.common.WebUiCommonHelper.findWebElement(WebUiCommonHelper.java:1426)
	at com.kms.katalon.core.webui.keyword.internal.WebUIAbstractKeyword.findWebElement(WebUIAbstractKeyword.groovy:27)
	at com.kms.katalon.core.webui.keyword.builtin.ClickKeyword$_click_closure1.doCall(ClickKeyword.groovy:65)
	at com.kms.katalon.core.webui.keyword.builtin.ClickKeyword$_click_closure1.call(ClickKeyword.groovy)
	at com.kms.katalon.core.webui.keyword.internal.WebUIKeywordMain.runKeyword(WebUIKeywordMain.groovy:20)
	at com.kms.katalon.core.webui.keyword.builtin.ClickKeyword.click(ClickKeyword.groovy:74)
	at com.kms.katalon.core.webui.keyword.builtin.ClickKeyword.execute(ClickKeyword.groovy:40)
	at com.kms.katalon.core.keyword.internal.KeywordExecutor.executeKeywordForPlatform(KeywordExecutor.groovy:74)
	at com.kms.katalon.core.webui.keyword.WebUiBuiltInKeywords.click(WebUiBuiltInKeywords.groovy:659)
	at Script1693826440839.run(Script1693826440839.groovy:55)
	... 15 more
)

14-10-2024T11:58:50 - [MESSAGE][INFO] - Unable to find the element located by 'By.xpath: //div[5]/div[2]/div/div/div[2]/div/ul/li/div/div'. Please recheck the objects properties to make sure the desired element is located. 

14-10-2024T11:59:50 - [MESSAGE][WARNING] - Cannot take screenshot

14-10-2024T11:59:50 - [MESSAGE][FAILED] - Unable to click on object 'Object Repository/Прогноз по отраслям/Факт прошлого года' (Root cause: com.kms.katalon.core.exception.StepFailedException: Unable to click on object 'Object Repository/Прогноз по отраслям/Факт прошлого года'
	at com.kms.katalon.core.webui.keyword.internal.WebUIKeywordMain.stepFailed(WebUIKeywordMain.groovy:64)
	at com.kms.katalon.core.webui.keyword.internal.WebUIKeywordMain.runKeyword(WebUIKeywordMain.groovy:26)
	at com.kms.katalon.core.webui.keyword.builtin.ClickKeyword.click(ClickKeyword.groovy:74)
	at com.kms.katalon.core.webui.keyword.builtin.ClickKeyword.execute(ClickKeyword.groovy:40)
	at com.kms.katalon.core.keyword.internal.KeywordExecutor.executeKeywordForPlatform(KeywordExecutor.groovy:74)
	at com.kms.katalon.core.webui.keyword.WebUiBuiltInKeywords.click(WebUiBuiltInKeywords.groovy:659)
	at Прогноз по отраслям сверка дашбордов.run(Прогноз по отраслям сверка дашбордов:55)
	at com.kms.katalon.core.main.ScriptEngine.run(ScriptEngine.java:194)
	at com.kms.katalon.core.main.ScriptEngine.runScriptAsRawText(ScriptEngine.java:119)
	at com.kms.katalon.core.main.TestCaseExecutor.runScript(TestCaseExecutor.java:448)
	at com.kms.katalon.core.main.TestCaseExecutor.doExecute(TestCaseExecutor.java:439)
	at com.kms.katalon.core.main.TestCaseExecutor.processExecutionPhase(TestCaseExecutor.java:418)
	at com.kms.katalon.core.main.TestCaseExecutor.accessMainPhase(TestCaseExecutor.java:410)
	at com.kms.katalon.core.main.TestCaseExecutor.execute(TestCaseExecutor.java:285)
	at com.kms.katalon.core.common.CommonExecutor.accessTestCaseMainPhase(CommonExecutor.java:65)
	at com.kms.katalon.core.main.TestSuiteExecutor.accessTestSuiteMainPhase(TestSuiteExecutor.java:150)
	at com.kms.katalon.core.main.TestSuiteExecutor.execute(TestSuiteExecutor.java:106)
	at com.kms.katalon.core.main.TestCaseMain.startTestSuite(TestCaseMain.java:180)
	at TempTestSuite1728890597227.run(TempTestSuite1728890597227.groovy:35)
	at java.base/jdk.internal.reflect.NativeMethodAccessorImpl.invoke0(Native Method)
	at java.base/jdk.internal.reflect.NativeMethodAccessorImpl.invoke(NativeMethodAccessorImpl.java:77)
	at java.base/jdk.internal.reflect.DelegatingMethodAccessorImpl.invoke(DelegatingMethodAccessorImpl.java:43)
Caused by: com.kms.katalon.core.webui.exception.WebElementNotFoundException: Web element with id: 'Object Repository/Прогноз по отраслям/Факт прошлого года' located by '//div[5]/div[2]/div/div/div[2]/div/ul/li/div/div' not found
	at com.kms.katalon.core.webui.common.WebUiCommonHelper.findWebElement(WebUiCommonHelper.java:1426)
	at com.kms.katalon.core.webui.keyword.internal.WebUIAbstractKeyword.findWebElement(WebUIAbstractKeyword.groovy:27)
	at com.kms.katalon.core.webui.keyword.builtin.ClickKeyword$_click_closure1.doCall(ClickKeyword.groovy:65)
	at com.kms.katalon.core.webui.keyword.builtin.ClickKeyword$_click_closure1.call(ClickKeyword.groovy)
	at com.kms.katalon.core.webui.keyword.internal.WebUIKeywordMain.runKeyword(WebUIKeywordMain.groovy:20)
	at com.kms.katalon.core.webui.keyword.builtin.ClickKeyword.click(ClickKeyword.groovy:74)
	at com.kms.katalon.core.webui.keyword.builtin.ClickKeyword.execute(ClickKeyword.groovy:40)
	at com.kms.katalon.core.keyword.internal.KeywordExecutor.executeKeywordForPlatform(KeywordExecutor.groovy:74)
	at com.kms.katalon.core.webui.keyword.WebUiBuiltInKeywords.click(WebUiBuiltInKeywords.groovy:659)
	at Script1693826440839.run(Script1693826440839.groovy:55)
	... 15 more
)

14-10-2024T11:59:50 - [TEST_STEP][FAILED] - click(findTestObject("Прогноз по отраслям/Фильтр КПО-Отпуск")): Unable to click on object 'Object Repository/Прогноз по отраслям/Фильтр КПО-Отпуск' (Root cause: com.kms.katalon.core.exception.StepFailedException: Unable to click on object 'Object Repository/Прогноз по отраслям/Фильтр КПО-Отпуск'
	at com.kms.katalon.core.webui.keyword.internal.WebUIKeywordMain.stepFailed(WebUIKeywordMain.groovy:64)
	at com.kms.katalon.core.webui.keyword.internal.WebUIKeywordMain.runKeyword(WebUIKeywordMain.groovy:26)
	at com.kms.katalon.core.webui.keyword.builtin.ClickKeyword.click(ClickKeyword.groovy:74)
	at com.kms.katalon.core.webui.keyword.builtin.ClickKeyword.execute(ClickKeyword.groovy:40)
	at com.kms.katalon.core.keyword.internal.KeywordExecutor.executeKeywordForPlatform(KeywordExecutor.groovy:74)
	at com.kms.katalon.core.webui.keyword.WebUiBuiltInKeywords.click(WebUiBuiltInKeywords.groovy:659)
	at Прогноз по отраслям сверка дашбордов.run(Прогноз по отраслям сверка дашбордов:57)
	at com.kms.katalon.core.main.ScriptEngine.run(ScriptEngine.java:194)
	at com.kms.katalon.core.main.ScriptEngine.runScriptAsRawText(ScriptEngine.java:119)
	at com.kms.katalon.core.main.TestCaseExecutor.runScript(TestCaseExecutor.java:448)
	at com.kms.katalon.core.main.TestCaseExecutor.doExecute(TestCaseExecutor.java:439)
	at com.kms.katalon.core.main.TestCaseExecutor.processExecutionPhase(TestCaseExecutor.java:418)
	at com.kms.katalon.core.main.TestCaseExecutor.accessMainPhase(TestCaseExecutor.java:410)
	at com.kms.katalon.core.main.TestCaseExecutor.execute(TestCaseExecutor.java:285)
	at com.kms.katalon.core.common.CommonExecutor.accessTestCaseMainPhase(CommonExecutor.java:65)
	at com.kms.katalon.core.main.TestSuiteExecutor.accessTestSuiteMainPhase(TestSuiteExecutor.java:150)
	at com.kms.katalon.core.main.TestSuiteExecutor.execute(TestSuiteExecutor.java:106)
	at com.kms.katalon.core.main.TestCaseMain.startTestSuite(TestCaseMain.java:180)
	at TempTestSuite1728890597227.run(TempTestSuite1728890597227.groovy:35)
	at java.base/jdk.internal.reflect.NativeMethodAccessorImpl.invoke0(Native Method)
	at java.base/jdk.internal.reflect.NativeMethodAccessorImpl.invoke(NativeMethodAccessorImpl.java:77)
	at java.base/jdk.internal.reflect.DelegatingMethodAccessorImpl.invoke(DelegatingMethodAccessorImpl.java:43)
Caused by: com.kms.katalon.core.webui.exception.WebElementNotFoundException: Web element with id: 'Object Repository/Прогноз по отраслям/Фильтр КПО-Отпуск' located by '(.//*[normalize-space(text()) and normalize-space(.)='КПО/Отпуск из сети'])[1]/following::div[5]' not found
	at com.kms.katalon.core.webui.common.WebUiCommonHelper.findWebElement(WebUiCommonHelper.java:1426)
	at com.kms.katalon.core.webui.keyword.internal.WebUIAbstractKeyword.findWebElement(WebUIAbstractKeyword.groovy:27)
	at com.kms.katalon.core.webui.keyword.builtin.ClickKeyword$_click_closure1.doCall(ClickKeyword.groovy:65)
	at com.kms.katalon.core.webui.keyword.builtin.ClickKeyword$_click_closure1.call(ClickKeyword.groovy)
	at com.kms.katalon.core.webui.keyword.internal.WebUIKeywordMain.runKeyword(WebUIKeywordMain.groovy:20)
	at com.kms.katalon.core.webui.keyword.builtin.ClickKeyword.click(ClickKeyword.groovy:74)
	at com.kms.katalon.core.webui.keyword.builtin.ClickKeyword.execute(ClickKeyword.groovy:40)
	at com.kms.katalon.core.keyword.internal.KeywordExecutor.executeKeywordForPlatform(KeywordExecutor.groovy:74)
	at com.kms.katalon.core.webui.keyword.WebUiBuiltInKeywords.click(WebUiBuiltInKeywords.groovy:659)
	at Script1693826440839.run(Script1693826440839.groovy:57)
	... 15 more
)

14-10-2024T12:00:22 - [MESSAGE][INFO] - Unable to find the element located by 'By.xpath: (.//*[normalize-space(text()) and normalize-space(.)='КПО/Отпуск из сети'])[1]/following::div[5]'. Please recheck the objects properties to make sure the desired element is located. 

14-10-2024T12:01:22 - [MESSAGE][WARNING] - Cannot take screenshot

14-10-2024T12:01:22 - [MESSAGE][FAILED] - Unable to click on object 'Object Repository/Прогноз по отраслям/Фильтр КПО-Отпуск' (Root cause: com.kms.katalon.core.exception.StepFailedException: Unable to click on object 'Object Repository/Прогноз по отраслям/Фильтр КПО-Отпуск'
	at com.kms.katalon.core.webui.keyword.internal.WebUIKeywordMain.stepFailed(WebUIKeywordMain.groovy:64)
	at com.kms.katalon.core.webui.keyword.internal.WebUIKeywordMain.runKeyword(WebUIKeywordMain.groovy:26)
	at com.kms.katalon.core.webui.keyword.builtin.ClickKeyword.click(ClickKeyword.groovy:74)
	at com.kms.katalon.core.webui.keyword.builtin.ClickKeyword.execute(ClickKeyword.groovy:40)
	at com.kms.katalon.core.keyword.internal.KeywordExecutor.executeKeywordForPlatform(KeywordExecutor.groovy:74)
	at com.kms.katalon.core.webui.keyword.WebUiBuiltInKeywords.click(WebUiBuiltInKeywords.groovy:659)
	at Прогноз по отраслям сверка дашбордов.run(Прогноз по отраслям сверка дашбордов:57)
	at com.kms.katalon.core.main.ScriptEngine.run(ScriptEngine.java:194)
	at com.kms.katalon.core.main.ScriptEngine.runScriptAsRawText(ScriptEngine.java:119)
	at com.kms.katalon.core.main.TestCaseExecutor.runScript(TestCaseExecutor.java:448)
	at com.kms.katalon.core.main.TestCaseExecutor.doExecute(TestCaseExecutor.java:439)
	at com.kms.katalon.core.main.TestCaseExecutor.processExecutionPhase(TestCaseExecutor.java:418)
	at com.kms.katalon.core.main.TestCaseExecutor.accessMainPhase(TestCaseExecutor.java:410)
	at com.kms.katalon.core.main.TestCaseExecutor.execute(TestCaseExecutor.java:285)
	at com.kms.katalon.core.common.CommonExecutor.accessTestCaseMainPhase(CommonExecutor.java:65)
	at com.kms.katalon.core.main.TestSuiteExecutor.accessTestSuiteMainPhase(TestSuiteExecutor.java:150)
	at com.kms.katalon.core.main.TestSuiteExecutor.execute(TestSuiteExecutor.java:106)
	at com.kms.katalon.core.main.TestCaseMain.startTestSuite(TestCaseMain.java:180)
	at TempTestSuite1728890597227.run(TempTestSuite1728890597227.groovy:35)
	at java.base/jdk.internal.reflect.NativeMethodAccessorImpl.invoke0(Native Method)
	at java.base/jdk.internal.reflect.NativeMethodAccessorImpl.invoke(NativeMethodAccessorImpl.java:77)
	at java.base/jdk.internal.reflect.DelegatingMethodAccessorImpl.invoke(DelegatingMethodAccessorImpl.java:43)
Caused by: com.kms.katalon.core.webui.exception.WebElementNotFoundException: Web element with id: 'Object Repository/Прогноз по отраслям/Фильтр КПО-Отпуск' located by '(.//*[normalize-space(text()) and normalize-space(.)='КПО/Отпуск из сети'])[1]/following::div[5]' not found
	at com.kms.katalon.core.webui.common.WebUiCommonHelper.findWebElement(WebUiCommonHelper.java:1426)
	at com.kms.katalon.core.webui.keyword.internal.WebUIAbstractKeyword.findWebElement(WebUIAbstractKeyword.groovy:27)
	at com.kms.katalon.core.webui.keyword.builtin.ClickKeyword$_click_closure1.doCall(ClickKeyword.groovy:65)
	at com.kms.katalon.core.webui.keyword.builtin.ClickKeyword$_click_closure1.call(ClickKeyword.groovy)
	at com.kms.katalon.core.webui.keyword.internal.WebUIKeywordMain.runKeyword(WebUIKeywordMain.groovy:20)
	at com.kms.katalon.core.webui.keyword.builtin.ClickKeyword.click(ClickKeyword.groovy:74)
	at com.kms.katalon.core.webui.keyword.builtin.ClickKeyword.execute(ClickKeyword.groovy:40)
	at com.kms.katalon.core.keyword.internal.KeywordExecutor.executeKeywordForPlatform(KeywordExecutor.groovy:74)
	at com.kms.katalon.core.webui.keyword.WebUiBuiltInKeywords.click(WebUiBuiltInKeywords.groovy:659)
	at Script1693826440839.run(Script1693826440839.groovy:57)
	... 15 more
)

14-10-2024T12:01:22 - [TEST_STEP][FAILED] - click(findTestObject("Прогноз по отраслям/Отпуск")): Unable to click on object 'Object Repository/Прогноз по отраслям/Отпуск' (Root cause: com.kms.katalon.core.exception.StepFailedException: Unable to click on object 'Object Repository/Прогноз по отраслям/Отпуск'
	at com.kms.katalon.core.webui.keyword.internal.WebUIKeywordMain.stepFailed(WebUIKeywordMain.groovy:64)
	at com.kms.katalon.core.webui.keyword.internal.WebUIKeywordMain.runKeyword(WebUIKeywordMain.groovy:26)
	at com.kms.katalon.core.webui.keyword.builtin.ClickKeyword.click(ClickKeyword.groovy:74)
	at com.kms.katalon.core.webui.keyword.builtin.ClickKeyword.execute(ClickKeyword.groovy:40)
	at com.kms.katalon.core.keyword.internal.KeywordExecutor.executeKeywordForPlatform(KeywordExecutor.groovy:74)
	at com.kms.katalon.core.webui.keyword.WebUiBuiltInKeywords.click(WebUiBuiltInKeywords.groovy:659)
	at Прогноз по отраслям сверка дашбордов.run(Прогноз по отраслям сверка дашбордов:59)
	at com.kms.katalon.core.main.ScriptEngine.run(ScriptEngine.java:194)
	at com.kms.katalon.core.main.ScriptEngine.runScriptAsRawText(ScriptEngine.java:119)
	at com.kms.katalon.core.main.TestCaseExecutor.runScript(TestCaseExecutor.java:448)
	at com.kms.katalon.core.main.TestCaseExecutor.doExecute(TestCaseExecutor.java:439)
	at com.kms.katalon.core.main.TestCaseExecutor.processExecutionPhase(TestCaseExecutor.java:418)
	at com.kms.katalon.core.main.TestCaseExecutor.accessMainPhase(TestCaseExecutor.java:410)
	at com.kms.katalon.core.main.TestCaseExecutor.execute(TestCaseExecutor.java:285)
	at com.kms.katalon.core.common.CommonExecutor.accessTestCaseMainPhase(CommonExecutor.java:65)
	at com.kms.katalon.core.main.TestSuiteExecutor.accessTestSuiteMainPhase(TestSuiteExecutor.java:150)
	at com.kms.katalon.core.main.TestSuiteExecutor.execute(TestSuiteExecutor.java:106)
	at com.kms.katalon.core.main.TestCaseMain.startTestSuite(TestCaseMain.java:180)
	at TempTestSuite1728890597227.run(TempTestSuite1728890597227.groovy:35)
	at java.base/jdk.internal.reflect.NativeMethodAccessorImpl.invoke0(Native Method)
	at java.base/jdk.internal.reflect.NativeMethodAccessorImpl.invoke(NativeMethodAccessorImpl.java:77)
	at java.base/jdk.internal.reflect.DelegatingMethodAccessorImpl.invoke(DelegatingMethodAccessorImpl.java:43)
Caused by: com.kms.katalon.core.webui.exception.WebElementNotFoundException: Web element with id: 'Object Repository/Прогноз по отраслям/Отпуск' located by '//div[33]/div[2]/div/div/div[2]/div[2]/ul/li[2]/div' not found
	at com.kms.katalon.core.webui.common.WebUiCommonHelper.findWebElement(WebUiCommonHelper.java:1426)
	at com.kms.katalon.core.webui.keyword.internal.WebUIAbstractKeyword.findWebElement(WebUIAbstractKeyword.groovy:27)
	at com.kms.katalon.core.webui.keyword.builtin.ClickKeyword$_click_closure1.doCall(ClickKeyword.groovy:65)
	at com.kms.katalon.core.webui.keyword.builtin.ClickKeyword$_click_closure1.call(ClickKeyword.groovy)
	at com.kms.katalon.core.webui.keyword.internal.WebUIKeywordMain.runKeyword(WebUIKeywordMain.groovy:20)
	at com.kms.katalon.core.webui.keyword.builtin.ClickKeyword.click(ClickKeyword.groovy:74)
	at com.kms.katalon.core.webui.keyword.builtin.ClickKeyword.execute(ClickKeyword.groovy:40)
	at com.kms.katalon.core.keyword.internal.KeywordExecutor.executeKeywordForPlatform(KeywordExecutor.groovy:74)
	at com.kms.katalon.core.webui.keyword.WebUiBuiltInKeywords.click(WebUiBuiltInKeywords.groovy:659)
	at Script1693826440839.run(Script1693826440839.groovy:59)
	... 15 more
)

14-10-2024T12:01:53 - [MESSAGE][INFO] - Unable to find the element located by 'By.xpath: //div[33]/div[2]/div/div/div[2]/div[2]/ul/li[2]/div'. Please recheck the objects properties to make sure the desired element is located. 

14-10-2024T12:02:53 - [MESSAGE][WARNING] - Cannot take screenshot

14-10-2024T12:02:53 - [MESSAGE][FAILED] - Unable to click on object 'Object Repository/Прогноз по отраслям/Отпуск' (Root cause: com.kms.katalon.core.exception.StepFailedException: Unable to click on object 'Object Repository/Прогноз по отраслям/Отпуск'
	at com.kms.katalon.core.webui.keyword.internal.WebUIKeywordMain.stepFailed(WebUIKeywordMain.groovy:64)
	at com.kms.katalon.core.webui.keyword.internal.WebUIKeywordMain.runKeyword(WebUIKeywordMain.groovy:26)
	at com.kms.katalon.core.webui.keyword.builtin.ClickKeyword.click(ClickKeyword.groovy:74)
	at com.kms.katalon.core.webui.keyword.builtin.ClickKeyword.execute(ClickKeyword.groovy:40)
	at com.kms.katalon.core.keyword.internal.KeywordExecutor.executeKeywordForPlatform(KeywordExecutor.groovy:74)
	at com.kms.katalon.core.webui.keyword.WebUiBuiltInKeywords.click(WebUiBuiltInKeywords.groovy:659)
	at Прогноз по отраслям сверка дашбордов.run(Прогноз по отраслям сверка дашбордов:59)
	at com.kms.katalon.core.main.ScriptEngine.run(ScriptEngine.java:194)
	at com.kms.katalon.core.main.ScriptEngine.runScriptAsRawText(ScriptEngine.java:119)
	at com.kms.katalon.core.main.TestCaseExecutor.runScript(TestCaseExecutor.java:448)
	at com.kms.katalon.core.main.TestCaseExecutor.doExecute(TestCaseExecutor.java:439)
	at com.kms.katalon.core.main.TestCaseExecutor.processExecutionPhase(TestCaseExecutor.java:418)
	at com.kms.katalon.core.main.TestCaseExecutor.accessMainPhase(TestCaseExecutor.java:410)
	at com.kms.katalon.core.main.TestCaseExecutor.execute(TestCaseExecutor.java:285)
	at com.kms.katalon.core.common.CommonExecutor.accessTestCaseMainPhase(CommonExecutor.java:65)
	at com.kms.katalon.core.main.TestSuiteExecutor.accessTestSuiteMainPhase(TestSuiteExecutor.java:150)
	at com.kms.katalon.core.main.TestSuiteExecutor.execute(TestSuiteExecutor.java:106)
	at com.kms.katalon.core.main.TestCaseMain.startTestSuite(TestCaseMain.java:180)
	at TempTestSuite1728890597227.run(TempTestSuite1728890597227.groovy:35)
	at java.base/jdk.internal.reflect.NativeMethodAccessorImpl.invoke0(Native Method)
	at java.base/jdk.internal.reflect.NativeMethodAccessorImpl.invoke(NativeMethodAccessorImpl.java:77)
	at java.base/jdk.internal.reflect.DelegatingMethodAccessorImpl.invoke(DelegatingMethodAccessorImpl.java:43)
Caused by: com.kms.katalon.core.webui.exception.WebElementNotFoundException: Web element with id: 'Object Repository/Прогноз по отраслям/Отпуск' located by '//div[33]/div[2]/div/div/div[2]/div[2]/ul/li[2]/div' not found
	at com.kms.katalon.core.webui.common.WebUiCommonHelper.findWebElement(WebUiCommonHelper.java:1426)
	at com.kms.katalon.core.webui.keyword.internal.WebUIAbstractKeyword.findWebElement(WebUIAbstractKeyword.groovy:27)
	at com.kms.katalon.core.webui.keyword.builtin.ClickKeyword$_click_closure1.doCall(ClickKeyword.groovy:65)
	at com.kms.katalon.core.webui.keyword.builtin.ClickKeyword$_click_closure1.call(ClickKeyword.groovy)
	at com.kms.katalon.core.webui.keyword.internal.WebUIKeywordMain.runKeyword(WebUIKeywordMain.groovy:20)
	at com.kms.katalon.core.webui.keyword.builtin.ClickKeyword.click(ClickKeyword.groovy:74)
	at com.kms.katalon.core.webui.keyword.builtin.ClickKeyword.execute(ClickKeyword.groovy:40)
	at com.kms.katalon.core.keyword.internal.KeywordExecutor.executeKeywordForPlatform(KeywordExecutor.groovy:74)
	at com.kms.katalon.core.webui.keyword.WebUiBuiltInKeywords.click(WebUiBuiltInKeywords.groovy:659)
	at Script1693826440839.run(Script1693826440839.groovy:59)
	... 15 more
)

14-10-2024T12:02:53 - [TEST_STEP][PASSED] - delay(25): Delayed 25 second(s)

14-10-2024T12:03:18 - [MESSAGE][PASSED] - Delayed 25 second(s)

14-10-2024T12:03:18 - [TEST_STEP][FAILED] - a1 = getText(findTestObject("Прогноз по отраслям/Виджеты дашборда")): Unable to get text of object 'Object Repository/Прогноз по отраслям/Виджеты дашборда' (Root cause: com.kms.katalon.core.exception.StepFailedException: Unable to get text of object 'Object Repository/Прогноз по отраслям/Виджеты дашборда'
	at com.kms.katalon.core.webui.keyword.internal.WebUIKeywordMain.stepFailed(WebUIKeywordMain.groovy:64)
	at com.kms.katalon.core.webui.keyword.internal.WebUIKeywordMain.runKeyword(WebUIKeywordMain.groovy:26)
	at com.kms.katalon.core.webui.keyword.builtin.GetTextKeyword.getText(GetTextKeyword.groovy:88)
	at com.kms.katalon.core.webui.keyword.builtin.GetTextKeyword.execute(GetTextKeyword.groovy:67)
	at com.kms.katalon.core.keyword.internal.KeywordExecutor.executeKeywordForPlatform(KeywordExecutor.groovy:74)
	at com.kms.katalon.core.webui.keyword.WebUiBuiltInKeywords.getText(WebUiBuiltInKeywords.groovy:957)
	at Прогноз по отраслям сверка дашбордов.run(Прогноз по отраслям сверка дашбордов:63)
	at com.kms.katalon.core.main.ScriptEngine.run(ScriptEngine.java:194)
	at com.kms.katalon.core.main.ScriptEngine.runScriptAsRawText(ScriptEngine.java:119)
	at com.kms.katalon.core.main.TestCaseExecutor.runScript(TestCaseExecutor.java:448)
	at com.kms.katalon.core.main.TestCaseExecutor.doExecute(TestCaseExecutor.java:439)
	at com.kms.katalon.core.main.TestCaseExecutor.processExecutionPhase(TestCaseExecutor.java:418)
	at com.kms.katalon.core.main.TestCaseExecutor.accessMainPhase(TestCaseExecutor.java:410)
	at com.kms.katalon.core.main.TestCaseExecutor.execute(TestCaseExecutor.java:285)
	at com.kms.katalon.core.common.CommonExecutor.accessTestCaseMainPhase(CommonExecutor.java:65)
	at com.kms.katalon.core.main.TestSuiteExecutor.accessTestSuiteMainPhase(TestSuiteExecutor.java:150)
	at com.kms.katalon.core.main.TestSuiteExecutor.execute(TestSuiteExecutor.java:106)
	at com.kms.katalon.core.main.TestCaseMain.startTestSuite(TestCaseMain.java:180)
	at TempTestSuite1728890597227.run(TempTestSuite1728890597227.groovy:35)
	at java.base/jdk.internal.reflect.NativeMethodAccessorImpl.invoke0(Native Method)
	at java.base/jdk.internal.reflect.NativeMethodAccessorImpl.invoke(NativeMethodAccessorImpl.java:77)
	at java.base/jdk.internal.reflect.DelegatingMethodAccessorImpl.invoke(DelegatingMethodAccessorImpl.java:43)
Caused by: com.kms.katalon.core.webui.exception.WebElementNotFoundException: Web element with id: 'Object Repository/Прогноз по отраслям/Виджеты дашборда' located by '//div[@id='va-widgets-container']' not found
	at com.kms.katalon.core.webui.common.WebUiCommonHelper.findWebElement(WebUiCommonHelper.java:1426)
	at com.kms.katalon.core.webui.keyword.internal.WebUIAbstractKeyword.findWebElement(WebUIAbstractKeyword.groovy:27)
	at com.kms.katalon.core.webui.keyword.internal.WebUIAbstractKeyword.findWebElement(WebUIAbstractKeyword.groovy:26)
	at com.kms.katalon.core.webui.keyword.builtin.GetTextKeyword$_getText_closure1.doCall(GetTextKeyword.groovy:78)
	at com.kms.katalon.core.webui.keyword.builtin.GetTextKeyword$_getText_closure1.call(GetTextKeyword.groovy)
	at com.kms.katalon.core.webui.keyword.internal.WebUIKeywordMain.runKeyword(WebUIKeywordMain.groovy:20)
	at com.kms.katalon.core.webui.keyword.builtin.GetTextKeyword.getText(GetTextKeyword.groovy:88)
	at com.kms.katalon.core.webui.keyword.builtin.GetTextKeyword.execute(GetTextKeyword.groovy:67)
	at com.kms.katalon.core.keyword.internal.KeywordExecutor.executeKeywordForPlatform(KeywordExecutor.groovy:74)
	at com.kms.katalon.core.webui.keyword.WebUiBuiltInKeywords.getText(WebUiBuiltInKeywords.groovy:957)
	at Script1693826440839.run(Script1693826440839.groovy:63)
	... 15 more
)

14-10-2024T12:03:49 - [MESSAGE][INFO] - Unable to find the element located by 'By.xpath: //div[@id='va-widgets-container']'. Please recheck the objects properties to make sure the desired element is located. 

14-10-2024T12:04:49 - [MESSAGE][WARNING] - Cannot take screenshot

14-10-2024T12:04:49 - [MESSAGE][FAILED] - Unable to get text of object 'Object Repository/Прогноз по отраслям/Виджеты дашборда' (Root cause: com.kms.katalon.core.exception.StepFailedException: Unable to get text of object 'Object Repository/Прогноз по отраслям/Виджеты дашборда'
	at com.kms.katalon.core.webui.keyword.internal.WebUIKeywordMain.stepFailed(WebUIKeywordMain.groovy:64)
	at com.kms.katalon.core.webui.keyword.internal.WebUIKeywordMain.runKeyword(WebUIKeywordMain.groovy:26)
	at com.kms.katalon.core.webui.keyword.builtin.GetTextKeyword.getText(GetTextKeyword.groovy:88)
	at com.kms.katalon.core.webui.keyword.builtin.GetTextKeyword.execute(GetTextKeyword.groovy:67)
	at com.kms.katalon.core.keyword.internal.KeywordExecutor.executeKeywordForPlatform(KeywordExecutor.groovy:74)
	at com.kms.katalon.core.webui.keyword.WebUiBuiltInKeywords.getText(WebUiBuiltInKeywords.groovy:957)
	at Прогноз по отраслям сверка дашбордов.run(Прогноз по отраслям сверка дашбордов:63)
	at com.kms.katalon.core.main.ScriptEngine.run(ScriptEngine.java:194)
	at com.kms.katalon.core.main.ScriptEngine.runScriptAsRawText(ScriptEngine.java:119)
	at com.kms.katalon.core.main.TestCaseExecutor.runScript(TestCaseExecutor.java:448)
	at com.kms.katalon.core.main.TestCaseExecutor.doExecute(TestCaseExecutor.java:439)
	at com.kms.katalon.core.main.TestCaseExecutor.processExecutionPhase(TestCaseExecutor.java:418)
	at com.kms.katalon.core.main.TestCaseExecutor.accessMainPhase(TestCaseExecutor.java:410)
	at com.kms.katalon.core.main.TestCaseExecutor.execute(TestCaseExecutor.java:285)
	at com.kms.katalon.core.common.CommonExecutor.accessTestCaseMainPhase(CommonExecutor.java:65)
	at com.kms.katalon.core.main.TestSuiteExecutor.accessTestSuiteMainPhase(TestSuiteExecutor.java:150)
	at com.kms.katalon.core.main.TestSuiteExecutor.execute(TestSuiteExecutor.java:106)
	at com.kms.katalon.core.main.TestCaseMain.startTestSuite(TestCaseMain.java:180)
	at TempTestSuite1728890597227.run(TempTestSuite1728890597227.groovy:35)
	at java.base/jdk.internal.reflect.NativeMethodAccessorImpl.invoke0(Native Method)
	at java.base/jdk.internal.reflect.NativeMethodAccessorImpl.invoke(NativeMethodAccessorImpl.java:77)
	at java.base/jdk.internal.reflect.DelegatingMethodAccessorImpl.invoke(DelegatingMethodAccessorImpl.java:43)
Caused by: com.kms.katalon.core.webui.exception.WebElementNotFoundException: Web element with id: 'Object Repository/Прогноз по отраслям/Виджеты дашборда' located by '//div[@id='va-widgets-container']' not found
	at com.kms.katalon.core.webui.common.WebUiCommonHelper.findWebElement(WebUiCommonHelper.java:1426)
	at com.kms.katalon.core.webui.keyword.internal.WebUIAbstractKeyword.findWebElement(WebUIAbstractKeyword.groovy:27)
	at com.kms.katalon.core.webui.keyword.internal.WebUIAbstractKeyword.findWebElement(WebUIAbstractKeyword.groovy:26)
	at com.kms.katalon.core.webui.keyword.builtin.GetTextKeyword$_getText_closure1.doCall(GetTextKeyword.groovy:78)
	at com.kms.katalon.core.webui.keyword.builtin.GetTextKeyword$_getText_closure1.call(GetTextKeyword.groovy)
	at com.kms.katalon.core.webui.keyword.internal.WebUIKeywordMain.runKeyword(WebUIKeywordMain.groovy:20)
	at com.kms.katalon.core.webui.keyword.builtin.GetTextKeyword.getText(GetTextKeyword.groovy:88)
	at com.kms.katalon.core.webui.keyword.builtin.GetTextKeyword.execute(GetTextKeyword.groovy:67)
	at com.kms.katalon.core.keyword.internal.KeywordExecutor.executeKeywordForPlatform(KeywordExecutor.groovy:74)
	at com.kms.katalon.core.webui.keyword.WebUiBuiltInKeywords.getText(WebUiBuiltInKeywords.groovy:957)
	at Script1693826440839.run(Script1693826440839.groovy:63)
	... 15 more
)

14-10-2024T12:04:49 - [TEST_STEP][ERROR] - a1 = a1.replaceAll("[^0-9]", ""): Test Cases/Сверки дашбордов/Прогноз по отраслям сверка дашбордов FAILED.
Reason:
java.lang.NullPointerException: Cannot invoke method replaceAll() on null object
	at Прогноз по отраслям сверка дашбордов.run(Прогноз по отраслям сверка дашбордов:65)
	at com.kms.katalon.core.main.ScriptEngine.run(ScriptEngine.java:194)
	at com.kms.katalon.core.main.ScriptEngine.runScriptAsRawText(ScriptEngine.java:119)
	at com.kms.katalon.core.main.TestCaseExecutor.runScript(TestCaseExecutor.java:448)
	at com.kms.katalon.core.main.TestCaseExecutor.doExecute(TestCaseExecutor.java:439)
	at com.kms.katalon.core.main.TestCaseExecutor.processExecutionPhase(TestCaseExecutor.java:418)
	at com.kms.katalon.core.main.TestCaseExecutor.accessMainPhase(TestCaseExecutor.java:410)
	at com.kms.katalon.core.main.TestCaseExecutor.execute(TestCaseExecutor.java:285)
	at com.kms.katalon.core.common.CommonExecutor.accessTestCaseMainPhase(CommonExecutor.java:65)
	at com.kms.katalon.core.main.TestSuiteExecutor.accessTestSuiteMainPhase(TestSuiteExecutor.java:150)
	at com.kms.katalon.core.main.TestSuiteExecutor.execute(TestSuiteExecutor.java:106)
	at com.kms.katalon.core.main.TestCaseMain.startTestSuite(TestCaseMain.java:180)
	at TempTestSuite1728890597227.run(TempTestSuite1728890597227.groovy:35)
	at java.base/jdk.internal.reflect.NativeMethodAccessorImpl.invoke0(Native Method)
	at java.base/jdk.internal.reflect.NativeMethodAccessorImpl.invoke(NativeMethodAccessorImpl.java:77)
	at java.base/jdk.internal.reflect.DelegatingMethodAccessorImpl.invoke(DelegatingMethodAccessorImpl.java:43)


14-10-2024T12:04:49 - [MESSAGE][ERROR] - Test Cases/Сверки дашбордов/Прогноз по отраслям сверка дашбордов FAILED.
Reason:
java.lang.NullPointerException: Cannot invoke method replaceAll() on null object
	at Прогноз по отраслям сверка дашбордов.run(Прогноз по отраслям сверка дашбордов:65)
	at com.kms.katalon.core.main.ScriptEngine.run(ScriptEngine.java:194)
	at com.kms.katalon.core.main.ScriptEngine.runScriptAsRawText(ScriptEngine.java:119)
	at com.kms.katalon.core.main.TestCaseExecutor.runScript(TestCaseExecutor.java:448)
	at com.kms.katalon.core.main.TestCaseExecutor.doExecute(TestCaseExecutor.java:439)
	at com.kms.katalon.core.main.TestCaseExecutor.processExecutionPhase(TestCaseExecutor.java:418)
	at com.kms.katalon.core.main.TestCaseExecutor.accessMainPhase(TestCaseExecutor.java:410)
	at com.kms.katalon.core.main.TestCaseExecutor.execute(TestCaseExecutor.java:285)
	at com.kms.katalon.core.common.CommonExecutor.accessTestCaseMainPhase(CommonExecutor.java:65)
	at com.kms.katalon.core.main.TestSuiteExecutor.accessTestSuiteMainPhase(TestSuiteExecutor.java:150)
	at com.kms.katalon.core.main.TestSuiteExecutor.execute(TestSuiteExecutor.java:106)
	at com.kms.katalon.core.main.TestCaseMain.startTestSuite(TestCaseMain.java:180)
	at TempTestSuite1728890597227.run(TempTestSuite1728890597227.groovy:35)
	at java.base/jdk.internal.reflect.NativeMethodAccessorImpl.invoke0(Native Method)
	at java.base/jdk.internal.reflect.NativeMethodAccessorImpl.invoke(NativeMethodAccessorImpl.java:77)
	at java.base/jdk.internal.reflect.DelegatingMethodAccessorImpl.invoke(DelegatingMethodAccessorImpl.java:43)]]></system-out>
         <system-err><![CDATA[14-10-2024T11:40:43 - [TEST_CASE][FAILED] - Test Cases/Сверки дашбордов/Прогноз по отраслям сверка дашбордов: Test Cases/Сверки дашбордов/Прогноз по отраслям сверка дашбордов FAILED.
Reason:
com.kms.katalon.core.exception.StepFailedException: Unable to set text 'shekhov-aa' of object 'Object Repository/Страница авторизации/input__username' (Root cause: com.kms.katalon.core.exception.StepFailedException: Unable to set text 'shekhov-aa' of object 'Object Repository/Страница авторизации/input__username'
	at com.kms.katalon.core.webui.keyword.internal.WebUIKeywordMain.stepFailed(WebUIKeywordMain.groovy:64)
	at com.kms.katalon.core.webui.keyword.internal.WebUIKeywordMain.runKeyword(WebUIKeywordMain.groovy:26)
	at com.kms.katalon.core.webui.keyword.builtin.SetTextKeyword.setText(SetTextKeyword.groovy:85)
	at com.kms.katalon.core.webui.keyword.builtin.SetTextKeyword.execute(SetTextKeyword.groovy:39)
	at com.kms.katalon.core.keyword.internal.KeywordExecutor.executeKeywordForPlatform(KeywordExecutor.groovy:74)
	at com.kms.katalon.core.webui.keyword.WebUiBuiltInKeywords.setText(WebUiBuiltInKeywords.groovy:1019)
	at Прогноз по отраслям сверка дашбордов.run(Прогноз по отраслям сверка дашбордов:37)
	at com.kms.katalon.core.main.ScriptEngine.run(ScriptEngine.java:194)
	at com.kms.katalon.core.main.ScriptEngine.runScriptAsRawText(ScriptEngine.java:119)
	at com.kms.katalon.core.main.TestCaseExecutor.runScript(TestCaseExecutor.java:448)
	at com.kms.katalon.core.main.TestCaseExecutor.doExecute(TestCaseExecutor.java:439)
	at com.kms.katalon.core.main.TestCaseExecutor.processExecutionPhase(TestCaseExecutor.java:418)
	at com.kms.katalon.core.main.TestCaseExecutor.accessMainPhase(TestCaseExecutor.java:410)
	at com.kms.katalon.core.main.TestCaseExecutor.execute(TestCaseExecutor.java:285)
	at com.kms.katalon.core.common.CommonExecutor.accessTestCaseMainPhase(CommonExecutor.java:65)
	at com.kms.katalon.core.main.TestSuiteExecutor.accessTestSuiteMainPhase(TestSuiteExecutor.java:150)
	at com.kms.katalon.core.main.TestSuiteExecutor.execute(TestSuiteExecutor.java:106)
	at com.kms.katalon.core.main.TestCaseMain.startTestSuite(TestCaseMain.java:180)
	at TempTestSuite1728890597227.run(TempTestSuite1728890597227.groovy:35)
	at java.base/jdk.internal.reflect.NativeMethodAccessorImpl.invoke0(Native Method)
	at java.base/jdk.internal.reflect.NativeMethodAccessorImpl.invoke(NativeMethodAccessorImpl.java:77)
	at java.base/jdk.internal.reflect.DelegatingMethodAccessorImpl.invoke(DelegatingMethodAccessorImpl.java:43)
Caused by: com.kms.katalon.core.webui.exception.WebElementNotFoundException: Web element with id: 'Object Repository/Страница авторизации/input__username' located by '//input[@id='username']' not found
	at com.kms.katalon.core.webui.common.WebUiCommonHelper.findWebElement(WebUiCommonHelper.java:1426)
	at com.kms.katalon.core.webui.keyword.internal.WebUIAbstractKeyword.findWebElement(WebUIAbstractKeyword.groovy:27)
	at com.kms.katalon.core.webui.keyword.internal.WebUIAbstractKeyword.findWebElement(WebUIAbstractKeyword.groovy:26)
	at com.kms.katalon.core.webui.keyword.builtin.SetTextKeyword$_setText_closure1.doCall(SetTextKeyword.groovy:53)
	at com.kms.katalon.core.webui.keyword.builtin.SetTextKeyword$_setText_closure1.call(SetTextKeyword.groovy)
	at com.kms.katalon.core.webui.keyword.internal.WebUIKeywordMain.runKeyword(WebUIKeywordMain.groovy:20)
	at com.kms.katalon.core.webui.keyword.builtin.SetTextKeyword.setText(SetTextKeyword.groovy:85)
	at com.kms.katalon.core.webui.keyword.builtin.SetTextKeyword.execute(SetTextKeyword.groovy:39)
	at com.kms.katalon.core.keyword.internal.KeywordExecutor.executeKeywordForPlatform(KeywordExecutor.groovy:74)
	at com.kms.katalon.core.webui.keyword.WebUiBuiltInKeywords.setText(WebUiBuiltInKeywords.groovy:1019)
	at Script1693826440839.run(Script1693826440839.groovy:37)
	... 15 more
)
	at com.kms.katalon.core.keyword.internal.KeywordMain.stepFailed(KeywordMain.groovy:39)
	at com.kms.katalon.core.webui.keyword.internal.WebUIKeywordMain.stepFailed(WebUIKeywordMain.groovy:64)
	at com.kms.katalon.core.webui.keyword.internal.WebUIKeywordMain.runKeyword(WebUIKeywordMain.groovy:26)
	at com.kms.katalon.core.webui.keyword.builtin.SetTextKeyword.setText(SetTextKeyword.groovy:85)
	at com.kms.katalon.core.webui.keyword.builtin.SetTextKeyword.execute(SetTextKeyword.groovy:39)
	at com.kms.katalon.core.keyword.internal.KeywordExecutor.executeKeywordForPlatform(KeywordExecutor.groovy:74)
	at com.kms.katalon.core.webui.keyword.WebUiBuiltInKeywords.setText(WebUiBuiltInKeywords.groovy:1019)
	at Прогноз по отраслям сверка дашбордов.run(Прогноз по отраслям сверка дашбордов:37)
	at com.kms.katalon.core.main.ScriptEngine.run(ScriptEngine.java:194)
	at com.kms.katalon.core.main.ScriptEngine.runScriptAsRawText(ScriptEngine.java:119)
	at com.kms.katalon.core.main.TestCaseExecutor.runScript(TestCaseExecutor.java:448)
	at com.kms.katalon.core.main.TestCaseExecutor.doExecute(TestCaseExecutor.java:439)
	at com.kms.katalon.core.main.TestCaseExecutor.processExecutionPhase(TestCaseExecutor.java:418)
	at com.kms.katalon.core.main.TestCaseExecutor.accessMainPhase(TestCaseExecutor.java:410)
	at com.kms.katalon.core.main.TestCaseExecutor.execute(TestCaseExecutor.java:285)
	at com.kms.katalon.core.common.CommonExecutor.accessTestCaseMainPhase(CommonExecutor.java:65)
	at com.kms.katalon.core.main.TestSuiteExecutor.accessTestSuiteMainPhase(TestSuiteExecutor.java:150)
	at com.kms.katalon.core.main.TestSuiteExecutor.execute(TestSuiteExecutor.java:106)
	at com.kms.katalon.core.main.TestCaseMain.startTestSuite(TestCaseMain.java:180)
	at TempTestSuite1728890597227.run(TempTestSuite1728890597227.groovy:35)
	at java.base/jdk.internal.reflect.NativeMethodAccessorImpl.invoke0(Native Method)
	at java.base/jdk.internal.reflect.NativeMethodAccessorImpl.invoke(NativeMethodAccessorImpl.java:77)
	at java.base/jdk.internal.reflect.DelegatingMethodAccessorImpl.invoke(DelegatingMethodAccessorImpl.java:43)
Caused by: com.kms.katalon.core.exception.StepFailedException: Unable to set text 'shekhov-aa' of object 'Object Repository/Страница авторизации/input__username'
	... 22 more
Caused by: com.kms.katalon.core.webui.exception.WebElementNotFoundException: Web element with id: 'Object Repository/Страница авторизации/input__username' located by '//input[@id='username']' not found
	at com.kms.katalon.core.webui.common.WebUiCommonHelper.findWebElement(WebUiCommonHelper.java:1426)
	at com.kms.katalon.core.webui.keyword.internal.WebUIAbstractKeyword.findWebElement(WebUIAbstractKeyword.groovy:27)
	at com.kms.katalon.core.webui.keyword.internal.WebUIAbstractKeyword.findWebElement(WebUIAbstractKeyword.groovy:26)
	at com.kms.katalon.core.webui.keyword.builtin.SetTextKeyword$_setText_closure1.doCall(SetTextKeyword.groovy:53)
	at com.kms.katalon.core.webui.keyword.builtin.SetTextKeyword$_setText_closure1.call(SetTextKeyword.groovy)
	at com.kms.katalon.core.webui.keyword.internal.WebUIKeywordMain.runKeyword(WebUIKeywordMain.groovy:20)
	... 20 more]]></system-err>
      </testcase>
      <testcase name="Test Cases/Сверки дашбордов/Факторный анализ сверка дашбордов" time="212.254" classname="Test Cases/Сверки дашбордов/Факторный анализ сверка дашбордов" status="FAILED">
         <failure type="FAILED" message="Test Cases/Сверки дашбордов/Факторный анализ сверка дашбордов FAILED.&#xa;Reason:&#xa;com.kms.katalon.core.exception.StepFailedException: Unable to verify equal between actual object '-292398' and expected object '34997' (Root cause: com.kms.katalon.core.exception.StepFailedException: Actual object '-292398' and expected object '34997' are not equal&#xa;	at com.kms.katalon.core.keyword.builtin.VerifyEqualKeyword$_verifyEqual_closure1.doCall(VerifyEqualKeyword.groovy:58)&#xa;	at com.kms.katalon.core.keyword.builtin.VerifyEqualKeyword$_verifyEqual_closure1.call(VerifyEqualKeyword.groovy)&#xa;	at com.kms.katalon.core.keyword.internal.KeywordMain.runKeyword(KeywordMain.groovy:75)&#xa;	at com.kms.katalon.core.keyword.builtin.VerifyEqualKeyword.verifyEqual(VerifyEqualKeyword.groovy:63)&#xa;	at com.kms.katalon.core.keyword.builtin.VerifyEqualKeyword.execute(VerifyEqualKeyword.groovy:44)&#xa;	at com.kms.katalon.core.keyword.internal.KeywordExecutor.executeKeywordForPlatform(KeywordExecutor.groovy:74)&#xa;	at com.kms.katalon.core.keyword.BuiltinKeywords.verifyEqual(BuiltinKeywords.groovy:146)&#xa;	at jdk.internal.reflect.GeneratedMethodAccessor19.invoke(Unknown Source)&#xa;	at java.base/jdk.internal.reflect.DelegatingMethodAccessorImpl.invoke(DelegatingMethodAccessorImpl.java:43)&#xa;	at Факторный анализ сверка дашбордов.Compare(Факторный анализ сверка дашбордов:668)&#xa;	at Факторный анализ сверка дашбордов.Test(Факторный анализ сверка дашбордов:432)&#xa;	at Факторный анализ сверка дашбордов.run(Факторный анализ сверка дашбордов:44)&#xa;	at com.kms.katalon.core.main.ScriptEngine.run(ScriptEngine.java:194)&#xa;	at com.kms.katalon.core.main.ScriptEngine.runScriptAsRawText(ScriptEngine.java:119)&#xa;	at com.kms.katalon.core.main.TestCaseExecutor.runScript(TestCaseExecutor.java:448)&#xa;	at com.kms.katalon.core.main.TestCaseExecutor.doExecute(TestCaseExecutor.java:439)&#xa;	at com.kms.katalon.core.main.TestCaseExecutor.processExecutionPhase(TestCaseExecutor.java:418)&#xa;	at com.kms.katalon.core.main.TestCaseExecutor.accessMainPhase(TestCaseExecutor.java:410)&#xa;	at com.kms.katalon.core.main.TestCaseExecutor.execute(TestCaseExecutor.java:285)&#xa;	at com.kms.katalon.core.common.CommonExecutor.accessTestCaseMainPhase(CommonExecutor.java:65)&#xa;	at com.kms.katalon.core.main.TestSuiteExecutor.accessTestSuiteMainPhase(TestSuiteExecutor.java:150)&#xa;	at com.kms.katalon.core.main.TestSuiteExecutor.execute(TestSuiteExecutor.java:106)&#xa;	at com.kms.katalon.core.main.TestCaseMain.startTestSuite(TestCaseMain.java:180)&#xa;	at TempTestSuite1728890597227.run(TempTestSuite1728890597227.groovy:35)&#xa;	at java.base/jdk.internal.reflect.NativeMethodAccessorImpl.invoke0(Native Method)&#xa;	at java.base/jdk.internal.reflect.NativeMethodAccessorImpl.invoke(NativeMethodAccessorImpl.java:77)&#xa;	at java.base/jdk.internal.reflect.DelegatingMethodAccessorImpl.invoke(DelegatingMethodAccessorImpl.java:43)&#xa;)&#xa;	at com.kms.katalon.core.keyword.internal.KeywordMain.stepFailed(KeywordMain.groovy:39)&#xa;	at com.kms.katalon.core.keyword.internal.KeywordMain.stepFailed(KeywordMain.groovy)&#xa;	at com.kms.katalon.core.keyword.internal.KeywordMain.runKeyword(KeywordMain.groovy:77)&#xa;	at com.kms.katalon.core.keyword.builtin.VerifyEqualKeyword.verifyEqual(VerifyEqualKeyword.groovy:63)&#xa;	at com.kms.katalon.core.keyword.builtin.VerifyEqualKeyword.execute(VerifyEqualKeyword.groovy:44)&#xa;	at com.kms.katalon.core.keyword.internal.KeywordExecutor.executeKeywordForPlatform(KeywordExecutor.groovy:74)&#xa;	at com.kms.katalon.core.keyword.BuiltinKeywords.verifyEqual(BuiltinKeywords.groovy:146)&#xa;	at jdk.internal.reflect.GeneratedMethodAccessor19.invoke(Unknown Source)&#xa;	at java.base/jdk.internal.reflect.DelegatingMethodAccessorImpl.invoke(DelegatingMethodAccessorImpl.java:43)&#xa;	at Факторный анализ сверка дашбордов.Compare(Факторный анализ сверка дашбордов:668)&#xa;	at Факторный анализ сверка дашбордов.Test(Факторный анализ сверка дашбордов:432)&#xa;	at Факторный анализ сверка дашбордов.run(Факторный анализ сверка дашбордов:44)&#xa;	at com.kms.katalon.core.main.ScriptEngine.run(ScriptEngine.java:194)&#xa;	at com.kms.katalon.core.main.ScriptEngine.runScriptAsRawText(ScriptEngine.java:119)&#xa;	at com.kms.katalon.core.main.TestCaseExecutor.runScript(TestCaseExecutor.java:448)&#xa;	at com.kms.katalon.core.main.TestCaseExecutor.doExecute(TestCaseExecutor.java:439)&#xa;	at com.kms.katalon.core.main.TestCaseExecutor.processExecutionPhase(TestCaseExecutor.java:418)&#xa;	at com.kms.katalon.core.main.TestCaseExecutor.accessMainPhase(TestCaseExecutor.java:410)&#xa;	at com.kms.katalon.core.main.TestCaseExecutor.execute(TestCaseExecutor.java:285)&#xa;	at com.kms.katalon.core.common.CommonExecutor.accessTestCaseMainPhase(CommonExecutor.java:65)&#xa;	at com.kms.katalon.core.main.TestSuiteExecutor.accessTestSuiteMainPhase(TestSuiteExecutor.java:150)&#xa;	at com.kms.katalon.core.main.TestSuiteExecutor.execute(TestSuiteExecutor.java:106)&#xa;	at com.kms.katalon.core.main.TestCaseMain.startTestSuite(TestCaseMain.java:180)&#xa;	at TempTestSuite1728890597227.run(TempTestSuite1728890597227.groovy:35)&#xa;	at java.base/jdk.internal.reflect.NativeMethodAccessorImpl.invoke0(Native Method)&#xa;	at java.base/jdk.internal.reflect.NativeMethodAccessorImpl.invoke(NativeMethodAccessorImpl.java:77)&#xa;	at java.base/jdk.internal.reflect.DelegatingMethodAccessorImpl.invoke(DelegatingMethodAccessorImpl.java:43)&#xa;Caused by: com.kms.katalon.core.exception.StepFailedException: Actual object '-292398' and expected object '34997' are not equal&#xa;	at com.kms.katalon.core.keyword.builtin.VerifyEqualKeyword$_verifyEqual_closure1.doCall(VerifyEqualKeyword.groovy:58)&#xa;	at com.kms.katalon.core.keyword.builtin.VerifyEqualKeyword$_verifyEqual_closure1.call(VerifyEqualKeyword.groovy)&#xa;	at com.kms.katalon.core.keyword.internal.KeywordMain.runKeyword(KeywordMain.groovy:75)&#xa;	... 24 more&#xa;"/>
         <system-out><![CDATA[14-10-2024T12:04:49 - [TEST_CASE][FAILED] - Test Cases/Сверки дашбордов/Факторный анализ сверка дашбордов: Test Cases/Сверки дашбордов/Факторный анализ сверка дашбордов FAILED.
Reason:
com.kms.katalon.core.exception.StepFailedException: Unable to verify equal between actual object '-292398' and expected object '34997' (Root cause: com.kms.katalon.core.exception.StepFailedException: Actual object '-292398' and expected object '34997' are not equal
	at com.kms.katalon.core.keyword.builtin.VerifyEqualKeyword$_verifyEqual_closure1.doCall(VerifyEqualKeyword.groovy:58)
	at com.kms.katalon.core.keyword.builtin.VerifyEqualKeyword$_verifyEqual_closure1.call(VerifyEqualKeyword.groovy)
	at com.kms.katalon.core.keyword.internal.KeywordMain.runKeyword(KeywordMain.groovy:75)
	at com.kms.katalon.core.keyword.builtin.VerifyEqualKeyword.verifyEqual(VerifyEqualKeyword.groovy:63)
	at com.kms.katalon.core.keyword.builtin.VerifyEqualKeyword.execute(VerifyEqualKeyword.groovy:44)
	at com.kms.katalon.core.keyword.internal.KeywordExecutor.executeKeywordForPlatform(KeywordExecutor.groovy:74)
	at com.kms.katalon.core.keyword.BuiltinKeywords.verifyEqual(BuiltinKeywords.groovy:146)
	at jdk.internal.reflect.GeneratedMethodAccessor19.invoke(Unknown Source)
	at java.base/jdk.internal.reflect.DelegatingMethodAccessorImpl.invoke(DelegatingMethodAccessorImpl.java:43)
	at Факторный анализ сверка дашбордов.Compare(Факторный анализ сверка дашбордов:668)
	at Факторный анализ сверка дашбордов.Test(Факторный анализ сверка дашбордов:432)
	at Факторный анализ сверка дашбордов.run(Факторный анализ сверка дашбордов:44)
	at com.kms.katalon.core.main.ScriptEngine.run(ScriptEngine.java:194)
	at com.kms.katalon.core.main.ScriptEngine.runScriptAsRawText(ScriptEngine.java:119)
	at com.kms.katalon.core.main.TestCaseExecutor.runScript(TestCaseExecutor.java:448)
	at com.kms.katalon.core.main.TestCaseExecutor.doExecute(TestCaseExecutor.java:439)
	at com.kms.katalon.core.main.TestCaseExecutor.processExecutionPhase(TestCaseExecutor.java:418)
	at com.kms.katalon.core.main.TestCaseExecutor.accessMainPhase(TestCaseExecutor.java:410)
	at com.kms.katalon.core.main.TestCaseExecutor.execute(TestCaseExecutor.java:285)
	at com.kms.katalon.core.common.CommonExecutor.accessTestCaseMainPhase(CommonExecutor.java:65)
	at com.kms.katalon.core.main.TestSuiteExecutor.accessTestSuiteMainPhase(TestSuiteExecutor.java:150)
	at com.kms.katalon.core.main.TestSuiteExecutor.execute(TestSuiteExecutor.java:106)
	at com.kms.katalon.core.main.TestCaseMain.startTestSuite(TestCaseMain.java:180)
	at TempTestSuite1728890597227.run(TempTestSuite1728890597227.groovy:35)
	at java.base/jdk.internal.reflect.NativeMethodAccessorImpl.invoke0(Native Method)
	at java.base/jdk.internal.reflect.NativeMethodAccessorImpl.invoke(NativeMethodAccessorImpl.java:77)
	at java.base/jdk.internal.reflect.DelegatingMethodAccessorImpl.invoke(DelegatingMethodAccessorImpl.java:43)
)
	at com.kms.katalon.core.keyword.internal.KeywordMain.stepFailed(KeywordMain.groovy:39)
	at com.kms.katalon.core.keyword.internal.KeywordMain.stepFailed(KeywordMain.groovy)
	at com.kms.katalon.core.keyword.internal.KeywordMain.runKeyword(KeywordMain.groovy:77)
	at com.kms.katalon.core.keyword.builtin.VerifyEqualKeyword.verifyEqual(VerifyEqualKeyword.groovy:63)
	at com.kms.katalon.core.keyword.builtin.VerifyEqualKeyword.execute(VerifyEqualKeyword.groovy:44)
	at com.kms.katalon.core.keyword.internal.KeywordExecutor.executeKeywordForPlatform(KeywordExecutor.groovy:74)
	at com.kms.katalon.core.keyword.BuiltinKeywords.verifyEqual(BuiltinKeywords.groovy:146)
	at jdk.internal.reflect.GeneratedMethodAccessor19.invoke(Unknown Source)
	at java.base/jdk.internal.reflect.DelegatingMethodAccessorImpl.invoke(DelegatingMethodAccessorImpl.java:43)
	at Факторный анализ сверка дашбордов.Compare(Факторный анализ сверка дашбордов:668)
	at Факторный анализ сверка дашбордов.Test(Факторный анализ сверка дашбордов:432)
	at Факторный анализ сверка дашбордов.run(Факторный анализ сверка дашбордов:44)
	at com.kms.katalon.core.main.ScriptEngine.run(ScriptEngine.java:194)
	at com.kms.katalon.core.main.ScriptEngine.runScriptAsRawText(ScriptEngine.java:119)
	at com.kms.katalon.core.main.TestCaseExecutor.runScript(TestCaseExecutor.java:448)
	at com.kms.katalon.core.main.TestCaseExecutor.doExecute(TestCaseExecutor.java:439)
	at com.kms.katalon.core.main.TestCaseExecutor.processExecutionPhase(TestCaseExecutor.java:418)
	at com.kms.katalon.core.main.TestCaseExecutor.accessMainPhase(TestCaseExecutor.java:410)
	at com.kms.katalon.core.main.TestCaseExecutor.execute(TestCaseExecutor.java:285)
	at com.kms.katalon.core.common.CommonExecutor.accessTestCaseMainPhase(CommonExecutor.java:65)
	at com.kms.katalon.core.main.TestSuiteExecutor.accessTestSuiteMainPhase(TestSuiteExecutor.java:150)
	at com.kms.katalon.core.main.TestSuiteExecutor.execute(TestSuiteExecutor.java:106)
	at com.kms.katalon.core.main.TestCaseMain.startTestSuite(TestCaseMain.java:180)
	at TempTestSuite1728890597227.run(TempTestSuite1728890597227.groovy:35)
	at java.base/jdk.internal.reflect.NativeMethodAccessorImpl.invoke0(Native Method)
	at java.base/jdk.internal.reflect.NativeMethodAccessorImpl.invoke(NativeMethodAccessorImpl.java:77)
	at java.base/jdk.internal.reflect.DelegatingMethodAccessorImpl.invoke(DelegatingMethodAccessorImpl.java:43)
Caused by: com.kms.katalon.core.exception.StepFailedException: Actual object '-292398' and expected object '34997' are not equal
	at com.kms.katalon.core.keyword.builtin.VerifyEqualKeyword$_verifyEqual_closure1.doCall(VerifyEqualKeyword.groovy:58)
	at com.kms.katalon.core.keyword.builtin.VerifyEqualKeyword$_verifyEqual_closure1.call(VerifyEqualKeyword.groovy)
	at com.kms.katalon.core.keyword.internal.KeywordMain.runKeyword(KeywordMain.groovy:75)
	... 24 more


14-10-2024T12:04:50 - [TEST_STEP][PASSED] - date = new java.util.Date(): null

14-10-2024T12:04:50 - [TEST_STEP][PASSED] - todaysDate = date.format("dd.MM.yyyy"): null

14-10-2024T12:04:50 - [TEST_STEP][PASSED] - typeOfData = <not implemented yet for class: org.codehaus.groovy.ast.expr.EmptyExpression>: null

14-10-2024T12:04:50 - [TEST_STEP][PASSED] - otobrajeniyeDannyh = <not implemented yet for class: org.codehaus.groovy.ast.expr.EmptyExpression>: null

14-10-2024T12:04:50 - [TEST_STEP][PASSED] - println(todaysDate): null

14-10-2024T12:04:50 - [TEST_STEP][PASSED] - vidget = <not implemented yet for class: org.codehaus.groovy.ast.expr.EmptyExpression>: null

14-10-2024T12:04:50 - [TEST_STEP][PASSED] - x = <not implemented yet for class: org.codehaus.groovy.ast.expr.EmptyExpression>: null

14-10-2024T12:04:50 - [TEST_STEP][PASSED] - y = <not implemented yet for class: org.codehaus.groovy.ast.expr.EmptyExpression>: null

14-10-2024T12:04:50 - [TEST_STEP][PASSED] - DZO = <not implemented yet for class: org.codehaus.groovy.ast.expr.EmptyExpression>: null

14-10-2024T12:04:50 - [TEST_STEP][PASSED] - openBrowser(""): Browser is opened with url: ''

14-10-2024T12:04:50 - [MESSAGE][WARNING] - A browser is already opened. Closing browser and opening a new one

14-10-2024T12:04:50 - [MESSAGE][INFO] - Starting 'Chrome' driver

14-10-2024T12:04:50 - [MESSAGE][INFO] - Action delay is set to 0 milliseconds

14-10-2024T12:04:51 - [MESSAGE][PASSED] - Browser is opened with url: ''

14-10-2024T12:04:51 - [TEST_STEP][PASSED] - run = 1: null

14-10-2024T12:04:51 - [TEST_STEP][PASSED] - for ([run = 1, run < 3, (run++)]): null

14-10-2024T12:04:51 - [TEST_STEP][PASSED] - Script1719551244403.Test(run, todaysDate, typeOfData, otobrajeniyeDannyh, x, y, vidget, DZO): null

14-10-2024T12:04:51 - [TEST_STEP][PASSED] - navigateToUrl(findTestData("PlanFact").getValue(10, 3)): Navigate to 'https://bi.rosseti.digital/viewer?dashboardGuid=2301950b23be4ed89c1df75f2020051e&sheetGuid=ccd7d7486b3d4e6fa0ee9b1eaebed46c&fit=true' successfully

14-10-2024T12:05:00 - [MESSAGE][PASSED] - Navigate to 'https://bi.rosseti.digital/viewer?dashboardGuid=2301950b23be4ed89c1df75f2020051e&sheetGuid=ccd7d7486b3d4e6fa0ee9b1eaebed46c&fit=true' successfully

14-10-2024T12:05:00 - [TEST_STEP][PASSED] - Script1719551244403.Autorization(run): null

14-10-2024T12:05:00 - [TEST_STEP][PASSED] - delay(10): Delayed 10 second(s)

14-10-2024T12:05:10 - [MESSAGE][PASSED] - Delayed 10 second(s)

14-10-2024T12:05:10 - [TEST_STEP][PASSED] - if (run == 1): Delayed 10 second(s)

14-10-2024T12:05:10 - [TEST_STEP][PASSED] - setText(findTestObject("Страница авторизации/input__username"), findTestData("PlanFact").getValue(8, 1)): Text 'shekhov-aa' is set on object 'Object Repository/Страница авторизации/input__username'

14-10-2024T12:05:11 - [MESSAGE][PASSED] - Text 'shekhov-aa' is set on object 'Object Repository/Страница авторизации/input__username'

14-10-2024T12:05:11 - [TEST_STEP][PASSED] - setText(findTestObject("Страница авторизации/input__password"), findTestData("PlanFact").getValue(9, 1)): Text 'i)RpQLLlXv9gUDC9' is set on object 'Object Repository/Страница авторизации/input__password'

14-10-2024T12:05:11 - [MESSAGE][PASSED] - Text 'i)RpQLLlXv9gUDC9' is set on object 'Object Repository/Страница авторизации/input__password'

14-10-2024T12:05:11 - [TEST_STEP][PASSED] - click(findTestObject("Страница авторизации/button_")): Object: 'Object Repository/Страница авторизации/button_' is clicked on

14-10-2024T12:05:15 - [MESSAGE][PASSED] - Object: 'Object Repository/Страница авторизации/button_' is clicked on

14-10-2024T12:05:15 - [TEST_STEP][PASSED] - delay(10): Delayed 10 second(s)

14-10-2024T12:05:25 - [MESSAGE][PASSED] - Delayed 10 second(s)

14-10-2024T12:05:25 - [TEST_STEP][PASSED] - i = <not implemented yet for class: org.codehaus.groovy.ast.expr.EmptyExpression>: null

14-10-2024T12:05:25 - [TEST_STEP][PASSED] - ii = <not implemented yet for class: org.codehaus.groovy.ast.expr.EmptyExpression>: null

14-10-2024T12:05:25 - [TEST_STEP][PASSED] - a = <not implemented yet for class: org.codehaus.groovy.ast.expr.EmptyExpression>: null

14-10-2024T12:05:25 - [TEST_STEP][PASSED] - a1 = <not implemented yet for class: org.codehaus.groovy.ast.expr.EmptyExpression>: null

14-10-2024T12:05:25 - [TEST_STEP][PASSED] - a2 = <not implemented yet for class: org.codehaus.groovy.ast.expr.EmptyExpression>: null

14-10-2024T12:05:25 - [TEST_STEP][PASSED] - click(findTestObject("Факторный анализ/Фильтр Период")): Object: 'Object Repository/Факторный анализ/Фильтр Период' is clicked on

14-10-2024T12:05:35 - [MESSAGE][PASSED] - Object: 'Object Repository/Факторный анализ/Фильтр Период' is clicked on

14-10-2024T12:05:35 - [TEST_STEP][PASSED] - click(findTestObject("Факторный анализ/Снять выделение в фильтре Дата")): Object: 'Object Repository/Факторный анализ/Снять выделение в фильтре Дата' is clicked on

14-10-2024T12:05:36 - [MESSAGE][PASSED] - Object: 'Object Repository/Факторный анализ/Снять выделение в фильтре Дата' is clicked on

14-10-2024T12:05:36 - [TEST_STEP][PASSED] - click(findTestObject("Факторный анализ/Применить в фильтре Дата")): Object: 'Object Repository/Факторный анализ/Применить в фильтре Дата' is clicked on

14-10-2024T12:05:36 - [MESSAGE][PASSED] - Object: 'Object Repository/Факторный анализ/Применить в фильтре Дата' is clicked on

14-10-2024T12:05:36 - [TEST_STEP][PASSED] - click(findTestObject("Факторный анализ/Фильтр Период")): Object: 'Object Repository/Факторный анализ/Фильтр Период' is clicked on

14-10-2024T12:05:38 - [MESSAGE][PASSED] - Object: 'Object Repository/Факторный анализ/Фильтр Период' is clicked on

14-10-2024T12:05:38 - [TEST_STEP][PASSED] - click(findTestObject("Факторный анализ/Снять выделение в фильтре Дата")): Object: 'Object Repository/Факторный анализ/Снять выделение в фильтре Дата' is clicked on

14-10-2024T12:05:39 - [MESSAGE][PASSED] - Object: 'Object Repository/Факторный анализ/Снять выделение в фильтре Дата' is clicked on

14-10-2024T12:05:39 - [TEST_STEP][PASSED] - scrollToElement(findTestObject("Факторный анализ/2024 список"), 30): Scroll to object 'Object Repository/Факторный анализ/2024 список' successfully

14-10-2024T12:05:39 - [MESSAGE][PASSED] - Scroll to object 'Object Repository/Факторный анализ/2024 список' successfully

14-10-2024T12:05:39 - [TEST_STEP][PASSED] - click(findTestObject("Факторный анализ/2024 список")): Object: 'Object Repository/Факторный анализ/2024 список' is clicked on

14-10-2024T12:05:40 - [MESSAGE][PASSED] - Object: 'Object Repository/Факторный анализ/2024 список' is clicked on

14-10-2024T12:05:40 - [TEST_STEP][PASSED] - scrollToElement(findTestObject("Факторный анализ/1 квартал 2024 выбрать"), 30): Scroll to object 'Object Repository/Факторный анализ/1 квартал 2024 выбрать' successfully

14-10-2024T12:05:40 - [MESSAGE][PASSED] - Scroll to object 'Object Repository/Факторный анализ/1 квартал 2024 выбрать' successfully

14-10-2024T12:05:40 - [TEST_STEP][PASSED] - click(findTestObject("Факторный анализ/1 квартал 2024 выбрать")): Object: 'Object Repository/Факторный анализ/1 квартал 2024 выбрать' is clicked on

14-10-2024T12:05:41 - [MESSAGE][PASSED] - Object: 'Object Repository/Факторный анализ/1 квартал 2024 выбрать' is clicked on

14-10-2024T12:05:41 - [TEST_STEP][PASSED] - scrollToElement(findTestObject("Факторный анализ/1 квартал 2024 выбрать"), 30): Scroll to object 'Object Repository/Факторный анализ/1 квартал 2024 выбрать' successfully

14-10-2024T12:05:41 - [MESSAGE][PASSED] - Scroll to object 'Object Repository/Факторный анализ/1 квартал 2024 выбрать' successfully

14-10-2024T12:05:41 - [TEST_STEP][PASSED] - click(findTestObject("Факторный анализ/2 квартал 2024 выбрать"), CONTINUE_ON_FAILURE): Object: 'Object Repository/Факторный анализ/2 квартал 2024 выбрать' is clicked on

14-10-2024T12:05:41 - [MESSAGE][PASSED] - Object: 'Object Repository/Факторный анализ/2 квартал 2024 выбрать' is clicked on

14-10-2024T12:05:41 - [TEST_STEP][PASSED] - click(findTestObject("Факторный анализ/3 квартал 2024 список"), CONTINUE_ON_FAILURE): Object: 'Object Repository/Факторный анализ/3 квартал 2024 список' is clicked on

14-10-2024T12:05:42 - [MESSAGE][PASSED] - Object: 'Object Repository/Факторный анализ/3 квартал 2024 список' is clicked on

14-10-2024T12:05:42 - [TEST_STEP][PASSED] - click(findTestObject("Факторный анализ/Июль 2024"), CONTINUE_ON_FAILURE): Object: 'Object Repository/Факторный анализ/Июль 2024' is clicked on

14-10-2024T12:05:42 - [MESSAGE][PASSED] - Object: 'Object Repository/Факторный анализ/Июль 2024' is clicked on

14-10-2024T12:05:42 - [TEST_STEP][PASSED] - scrollToElement(findTestObject("Факторный анализ/Август 2024"), 30): Scroll to object 'Object Repository/Факторный анализ/Август 2024' successfully

14-10-2024T12:05:43 - [MESSAGE][PASSED] - Scroll to object 'Object Repository/Факторный анализ/Август 2024' successfully

14-10-2024T12:05:43 - [TEST_STEP][PASSED] - click(findTestObject("Факторный анализ/Август 2024"), CONTINUE_ON_FAILURE): Object: 'Object Repository/Факторный анализ/Август 2024' is clicked on

14-10-2024T12:05:43 - [MESSAGE][PASSED] - Object: 'Object Repository/Факторный анализ/Август 2024' is clicked on

14-10-2024T12:05:43 - [TEST_STEP][PASSED] - scrollToElement(findTestObject("Факторный анализ/Заголовок дашборда"), 30): Scroll to object 'Object Repository/Факторный анализ/Заголовок дашборда' successfully

14-10-2024T12:05:44 - [MESSAGE][PASSED] - Scroll to object 'Object Repository/Факторный анализ/Заголовок дашборда' successfully

14-10-2024T12:05:44 - [TEST_STEP][PASSED] - click(findTestObject("Факторный анализ/Применить в фильтре Дата")): Object: 'Object Repository/Факторный анализ/Применить в фильтре Дата' is clicked on

14-10-2024T12:05:44 - [MESSAGE][PASSED] - Object: 'Object Repository/Факторный анализ/Применить в фильтре Дата' is clicked on

14-10-2024T12:05:44 - [TEST_STEP][PASSED] - if (run == 1): null

14-10-2024T12:05:44 - [TEST_STEP][PASSED] - a = getText(findTestObject("Факторный анализ/Отклонения выручки по факторам Блок руководителя")): Text of object 'Object Repository/Факторный анализ/Отклонения выручки по факторам Блок руководителя' is: '-292 398-292 398
-9 531-9 531
Отклонение (объём услуг)
Отклонение (средний тариф)
ПАО Россети'

14-10-2024T12:05:46 - [MESSAGE][PASSED] - Text of object 'Object Repository/Факторный анализ/Отклонения выручки по факторам Блок руководителя' is: '-292 398-292 398
-9 531-9 531
Отклонение (объём услуг)
Отклонение (средний тариф)
ПАО Россети'

14-10-2024T12:05:46 - [TEST_STEP][PASSED] - a = a.replaceAll("[\r?
|
]", "/"): null

14-10-2024T12:05:46 - [TEST_STEP][PASSED] - i = a.indexOf("Отклонение"): null

14-10-2024T12:05:46 - [TEST_STEP][PASSED] - if (i > -1): null

14-10-2024T12:05:46 - [TEST_STEP][PASSED] - i = i: null

14-10-2024T12:05:46 - [TEST_STEP][PASSED] - a = substring(0, i).trim(): null

14-10-2024T12:05:46 - [TEST_STEP][PASSED] - println("a: " + a): null

14-10-2024T12:05:46 - [TEST_STEP][PASSED] - i = a.indexOf("/"): null

14-10-2024T12:05:46 - [TEST_STEP][PASSED] - if (i > -1): null

14-10-2024T12:05:46 - [TEST_STEP][PASSED] - a1 = a.substring(0, i): null

14-10-2024T12:05:46 - [TEST_STEP][PASSED] - println("a1: " + a1): null

14-10-2024T12:05:46 - [TEST_STEP][PASSED] - a2 = a.substring(a1.length() + 1, a.length()): null

14-10-2024T12:05:46 - [TEST_STEP][PASSED] - println("a2: " + a2): null

14-10-2024T12:05:46 - [TEST_STEP][PASSED] - i = a1.length() / 2: null

14-10-2024T12:05:46 - [TEST_STEP][PASSED] - if (i > -1): null

14-10-2024T12:05:46 - [TEST_STEP][PASSED] - a1 = replaceAll("\s+", "").trim(): null

14-10-2024T12:05:46 - [TEST_STEP][PASSED] - println("a1: " + a1): null

14-10-2024T12:05:46 - [TEST_STEP][PASSED] - i = a2.length() / 2: null

14-10-2024T12:05:46 - [TEST_STEP][PASSED] - if (i > -1): null

14-10-2024T12:05:46 - [TEST_STEP][PASSED] - a2 = replaceAll("\s+", "").trim(): null

14-10-2024T12:05:46 - [TEST_STEP][PASSED] - println("a2: " + a2): null

14-10-2024T12:05:46 - [TEST_STEP][PASSED] - tableA = getText(findTestObject("Факторный анализ/AllTable1")).replaceAll("[\r?
|
]", "/"): Text of object 'Object Repository/Факторный анализ/AllTable1' is: 'ДЗО
Филиал
Отклонение (объём услуг)
Отклонение (средний тариф)
АО «Тываэнерго» АО "Тываэнерго" 186 -12
АО «Чеченэнерго» АО «Чеченэнерго» -2 985 11
Россети Волга Мордовэнерго -2 499 -90
Оренбургэнерго -9 857 - 143
Пензаэнерго -5 956 -72
Самарские РС -11 562 - 941
Саратовские РС -11 875 - 402
Ульяновские РС -4 296 - 198
Чувашэнерго -3 667 116
Россети Кубань Кубаньэнерго -47 196 83
Россети Ленэнерго (ГК) Ленинградская область -25 692 323
г. Санкт-Петербург -36 582 - 127
Россети Московский регион Московская область 4 586 - 413
г. Москва 2 708 -39
Россети Северный Кавказ (ГК) Дагестанская энергосбытовая компания - 111 69
Дагэнерго -5 724 434
Ингушэнерго -1 293 90
Каббалкэнерго -2 385 13
Карачаево-Черкесскэнерго -1 553 -13
Севкавказэнерго -2 704 108
Ставропольэнерго -7 412 - 237
Россети Северо-Запад Архангельский филиал 103 -77
Вологодский филиал 233 -6
Карельский филиал 32 154
Мурманский филиал 106 77
Новгородский филиал 212 -42
Псковский филиал 162 -22
филиал в Республике Коми 49 18
Россети Сибирь (ГК) Алтайэнерго 227 241
Бурятэнерго -86 266
ГАЭС 99 -14
Красноярскэнерго 955 - 272
Кузбассэнерго-РЭС 298 222
Омскэнерго 92 - 140
Хакасэнерго 281 - 319
Читаэнерго -27 88
Россети Томск Томская распределительная компания -5 817 - 105
Россети Тюмень Россети Тюмень -57 812 - 419
Россети Урал (ГК) Пермэнерго 620 - 198
Свердловэнерго 891 181
Челябэнерго 893 - 608
Россети ФСК ЕЭС Итого по ФСК ЕЭС 8 451 -7 098
Россети Центр Белгородэнерго 293 77
Брянскэнерго -4 458 7
Воронежэнерго -12 194 118
Костромаэнерго 121 4
Курскэнерго -2 317 105
Липецкэнерго 700 - 301
Орелэнерго -3 056 -11
Смоленскэнерго -5 925 22
Тамбовэнерго -4 626 -10
Тверьэнерго 350 94
Ярэнерго -6 248 6
Россети Центр и Приволжье (ГК) Владимирэнерго 519 47
Ивэнерго 188 28
Калугаэнерго 549 -42
Кировэнерго 395 -2
Мариэнерго 159 13
Нижновэнерго 659 184
Рязаньэнерго 262 38
Тулэнерго 793 - 195
Удмуртэнерго 269 8
Россети Юг (ГК) АО «ВМЭС» -3 002 24
Астраханьэнерго -4 589 69
Волгоградэнерго -8 020 - 274
Калмэнерго -1 313 -5
Ростовэнерго -16 272 11
Россети Янтарь Россети Янтарь 273 -37'

14-10-2024T12:05:47 - [MESSAGE][PASSED] - Text of object 'Object Repository/Факторный анализ/AllTable1' is: 'ДЗО
Филиал
Отклонение (объём услуг)
Отклонение (средний тариф)
АО «Тываэнерго» АО "Тываэнерго" 186 -12
АО «Чеченэнерго» АО «Чеченэнерго» -2 985 11
Россети Волга Мордовэнерго -2 499 -90
Оренбургэнерго -9 857 - 143
Пензаэнерго -5 956 -72
Самарские РС -11 562 - 941
Саратовские РС -11 875 - 402
Ульяновские РС -4 296 - 198
Чувашэнерго -3 667 116
Россети Кубань Кубаньэнерго -47 196 83
Россети Ленэнерго (ГК) Ленинградская область -25 692 323
г. Санкт-Петербург -36 582 - 127
Россети Московский регион Московская область 4 586 - 413
г. Москва 2 708 -39
Россети Северный Кавказ (ГК) Дагестанская энергосбытовая компания - 111 69
Дагэнерго -5 724 434
Ингушэнерго -1 293 90
Каббалкэнерго -2 385 13
Карачаево-Черкесскэнерго -1 553 -13
Севкавказэнерго -2 704 108
Ставропольэнерго -7 412 - 237
Россети Северо-Запад Архангельский филиал 103 -77
Вологодский филиал 233 -6
Карельский филиал 32 154
Мурманский филиал 106 77
Новгородский филиал 212 -42
Псковский филиал 162 -22
филиал в Республике Коми 49 18
Россети Сибирь (ГК) Алтайэнерго 227 241
Бурятэнерго -86 266
ГАЭС 99 -14
Красноярскэнерго 955 - 272
Кузбассэнерго-РЭС 298 222
Омскэнерго 92 - 140
Хакасэнерго 281 - 319
Читаэнерго -27 88
Россети Томск Томская распределительная компания -5 817 - 105
Россети Тюмень Россети Тюмень -57 812 - 419
Россети Урал (ГК) Пермэнерго 620 - 198
Свердловэнерго 891 181
Челябэнерго 893 - 608
Россети ФСК ЕЭС Итого по ФСК ЕЭС 8 451 -7 098
Россети Центр Белгородэнерго 293 77
Брянскэнерго -4 458 7
Воронежэнерго -12 194 118
Костромаэнерго 121 4
Курскэнерго -2 317 105
Липецкэнерго 700 - 301
Орелэнерго -3 056 -11
Смоленскэнерго -5 925 22
Тамбовэнерго -4 626 -10
Тверьэнерго 350 94
Ярэнерго -6 248 6
Россети Центр и Приволжье (ГК) Владимирэнерго 519 47
Ивэнерго 188 28
Калугаэнерго 549 -42
Кировэнерго 395 -2
Мариэнерго 159 13
Нижновэнерго 659 184
Рязаньэнерго 262 38
Тулэнерго 793 - 195
Удмуртэнерго 269 8
Россети Юг (ГК) АО «ВМЭС» -3 002 24
Астраханьэнерго -4 589 69
Волгоградэнерго -8 020 - 274
Калмэнерго -1 313 -5
Ростовэнерго -16 272 11
Россети Янтарь Россети Янтарь 273 -37'

14-10-2024T12:05:47 - [TEST_STEP][PASSED] - println("tableA: " + tableA): null

14-10-2024T12:05:47 - [TEST_STEP][PASSED] - for ([i = 1, i < 5, (i++)]): null

14-10-2024T12:05:47 - [TEST_STEP][PASSED] - ii = tableA.indexOf("/") + 1: null

14-10-2024T12:05:47 - [TEST_STEP][PASSED] - tableA = tableA.substring(ii, tableA.length()): null

14-10-2024T12:05:47 - [TEST_STEP][PASSED] - ii = tableA.indexOf("/") + 1: null

14-10-2024T12:05:47 - [TEST_STEP][PASSED] - tableA = tableA.substring(ii, tableA.length()): null

14-10-2024T12:05:47 - [TEST_STEP][PASSED] - ii = tableA.indexOf("/") + 1: null

14-10-2024T12:05:47 - [TEST_STEP][PASSED] - tableA = tableA.substring(ii, tableA.length()): null

14-10-2024T12:05:47 - [TEST_STEP][PASSED] - ii = tableA.indexOf("/") + 1: null

14-10-2024T12:05:47 - [TEST_STEP][PASSED] - tableA = tableA.substring(ii, tableA.length()): null

14-10-2024T12:05:47 - [TEST_STEP][PASSED] - println("tableA: " + tableA): null

14-10-2024T12:05:47 - [TEST_STEP][PASSED] - TyA = Script1719551244403.GetData(x = tableA): null

14-10-2024T12:05:47 - [TEST_STEP][PASSED] - i2 = <not implemented yet for class: org.codehaus.groovy.ast.expr.EmptyExpression>: null

14-10-2024T12:05:47 - [TEST_STEP][PASSED] - i2 = x.indexOf("/") + 1: null

14-10-2024T12:05:47 - [TEST_STEP][PASSED] - x = replaceAll("\p{P}", "").trim(): null

14-10-2024T12:05:47 - [TEST_STEP][PASSED] - return x: null

14-10-2024T12:05:47 - [TEST_STEP][PASSED] - println("TyA: " + TyA): null

14-10-2024T12:05:47 - [TEST_STEP][PASSED] - tableA = Script1719551244403.NewDZO(x = tableA): null

14-10-2024T12:05:47 - [TEST_STEP][PASSED] - i3 = <not implemented yet for class: org.codehaus.groovy.ast.expr.EmptyExpression>: null

14-10-2024T12:05:47 - [TEST_STEP][PASSED] - i3 = x.indexOf("/") + 1: null

14-10-2024T12:05:47 - [TEST_STEP][PASSED] - x = x.substring(i3, x.length()): null

14-10-2024T12:05:47 - [TEST_STEP][PASSED] - return x: null

14-10-2024T12:05:47 - [TEST_STEP][PASSED] - ChA = Script1719551244403.GetData(x = tableA): null

14-10-2024T12:05:47 - [TEST_STEP][PASSED] - i2 = <not implemented yet for class: org.codehaus.groovy.ast.expr.EmptyExpression>: null

14-10-2024T12:05:47 - [TEST_STEP][PASSED] - i2 = x.indexOf("/") + 1: null

14-10-2024T12:05:47 - [TEST_STEP][PASSED] - x = replaceAll("\p{P}", "").trim(): null

14-10-2024T12:05:47 - [TEST_STEP][PASSED] - return x: null

14-10-2024T12:05:47 - [TEST_STEP][PASSED] - println("ChA: " + ChA): null

14-10-2024T12:05:47 - [TEST_STEP][PASSED] - tableA = Script1719551244403.NewDZO(x = tableA): null

14-10-2024T12:05:47 - [TEST_STEP][PASSED] - i3 = <not implemented yet for class: org.codehaus.groovy.ast.expr.EmptyExpression>: null

14-10-2024T12:05:47 - [TEST_STEP][PASSED] - i3 = x.indexOf("/") + 1: null

14-10-2024T12:05:47 - [TEST_STEP][PASSED] - x = x.substring(i3, x.length()): null

14-10-2024T12:05:47 - [TEST_STEP][PASSED] - return x: null

14-10-2024T12:05:47 - [TEST_STEP][PASSED] - i = tableA.indexOf("Кубань"): null

14-10-2024T12:05:47 - [TEST_STEP][PASSED] - VA = replaceAll("\p{P}", "").trim(): null

14-10-2024T12:05:47 - [TEST_STEP][PASSED] - println("VA: " + VA): null

14-10-2024T12:05:47 - [TEST_STEP][PASSED] - for ([i = 1, i < 8, (i++)]): null

14-10-2024T12:05:47 - [TEST_STEP][PASSED] - tableA = Script1719551244403.NewDZO(x = tableA): null

14-10-2024T12:05:47 - [TEST_STEP][PASSED] - i3 = <not implemented yet for class: org.codehaus.groovy.ast.expr.EmptyExpression>: null

14-10-2024T12:05:47 - [TEST_STEP][PASSED] - i3 = x.indexOf("/") + 1: null

14-10-2024T12:05:47 - [TEST_STEP][PASSED] - x = x.substring(i3, x.length()): null

14-10-2024T12:05:47 - [TEST_STEP][PASSED] - return x: null

14-10-2024T12:05:47 - [TEST_STEP][PASSED] - tableA = Script1719551244403.NewDZO(x = tableA): null

14-10-2024T12:05:47 - [TEST_STEP][PASSED] - i3 = <not implemented yet for class: org.codehaus.groovy.ast.expr.EmptyExpression>: null

14-10-2024T12:05:47 - [TEST_STEP][PASSED] - i3 = x.indexOf("/") + 1: null

14-10-2024T12:05:47 - [TEST_STEP][PASSED] - x = x.substring(i3, x.length()): null

14-10-2024T12:05:47 - [TEST_STEP][PASSED] - return x: null

14-10-2024T12:05:47 - [TEST_STEP][PASSED] - tableA = Script1719551244403.NewDZO(x = tableA): null

14-10-2024T12:05:47 - [TEST_STEP][PASSED] - i3 = <not implemented yet for class: org.codehaus.groovy.ast.expr.EmptyExpression>: null

14-10-2024T12:05:47 - [TEST_STEP][PASSED] - i3 = x.indexOf("/") + 1: null

14-10-2024T12:05:47 - [TEST_STEP][PASSED] - x = x.substring(i3, x.length()): null

14-10-2024T12:05:47 - [TEST_STEP][PASSED] - return x: null

14-10-2024T12:05:47 - [TEST_STEP][PASSED] - tableA = Script1719551244403.NewDZO(x = tableA): null

14-10-2024T12:05:47 - [TEST_STEP][PASSED] - i3 = <not implemented yet for class: org.codehaus.groovy.ast.expr.EmptyExpression>: null

14-10-2024T12:05:47 - [TEST_STEP][PASSED] - i3 = x.indexOf("/") + 1: null

14-10-2024T12:05:47 - [TEST_STEP][PASSED] - x = x.substring(i3, x.length()): null

14-10-2024T12:05:47 - [TEST_STEP][PASSED] - return x: null

14-10-2024T12:05:47 - [TEST_STEP][PASSED] - tableA = Script1719551244403.NewDZO(x = tableA): null

14-10-2024T12:05:47 - [TEST_STEP][PASSED] - i3 = <not implemented yet for class: org.codehaus.groovy.ast.expr.EmptyExpression>: null

14-10-2024T12:05:47 - [TEST_STEP][PASSED] - i3 = x.indexOf("/") + 1: null

14-10-2024T12:05:47 - [TEST_STEP][PASSED] - x = x.substring(i3, x.length()): null

14-10-2024T12:05:47 - [TEST_STEP][PASSED] - return x: null

14-10-2024T12:05:47 - [TEST_STEP][PASSED] - tableA = Script1719551244403.NewDZO(x = tableA): null

14-10-2024T12:05:47 - [TEST_STEP][PASSED] - i3 = <not implemented yet for class: org.codehaus.groovy.ast.expr.EmptyExpression>: null

14-10-2024T12:05:47 - [TEST_STEP][PASSED] - i3 = x.indexOf("/") + 1: null

14-10-2024T12:05:47 - [TEST_STEP][PASSED] - x = x.substring(i3, x.length()): null

14-10-2024T12:05:47 - [TEST_STEP][PASSED] - return x: null

14-10-2024T12:05:47 - [TEST_STEP][PASSED] - tableA = Script1719551244403.NewDZO(x = tableA): null

14-10-2024T12:05:47 - [TEST_STEP][PASSED] - i3 = <not implemented yet for class: org.codehaus.groovy.ast.expr.EmptyExpression>: null

14-10-2024T12:05:47 - [TEST_STEP][PASSED] - i3 = x.indexOf("/") + 1: null

14-10-2024T12:05:47 - [TEST_STEP][PASSED] - x = x.substring(i3, x.length()): null

14-10-2024T12:05:47 - [TEST_STEP][PASSED] - return x: null

14-10-2024T12:05:47 - [TEST_STEP][PASSED] - i = tableA.indexOf("Ленэнерго"): null

14-10-2024T12:05:47 - [TEST_STEP][PASSED] - KuA = Script1719551244403.GetData(x = tableA): null

14-10-2024T12:05:47 - [TEST_STEP][PASSED] - i2 = <not implemented yet for class: org.codehaus.groovy.ast.expr.EmptyExpression>: null

14-10-2024T12:05:47 - [TEST_STEP][PASSED] - i2 = x.indexOf("/") + 1: null

14-10-2024T12:05:47 - [TEST_STEP][PASSED] - x = replaceAll("\p{P}", "").trim(): null

14-10-2024T12:05:47 - [TEST_STEP][PASSED] - return x: null

14-10-2024T12:05:47 - [TEST_STEP][PASSED] - println("KuA: " + KuA): null

14-10-2024T12:05:47 - [TEST_STEP][PASSED] - tableA = Script1719551244403.NewDZO(x = tableA): null

14-10-2024T12:05:47 - [TEST_STEP][PASSED] - i3 = <not implemented yet for class: org.codehaus.groovy.ast.expr.EmptyExpression>: null

14-10-2024T12:05:47 - [TEST_STEP][PASSED] - i3 = x.indexOf("/") + 1: null

14-10-2024T12:05:47 - [TEST_STEP][PASSED] - x = x.substring(i3, x.length()): null

14-10-2024T12:05:47 - [TEST_STEP][PASSED] - return x: null

14-10-2024T12:05:47 - [TEST_STEP][PASSED] - i = tableA.indexOf("Московский"): null

14-10-2024T12:05:47 - [TEST_STEP][PASSED] - LenA = replaceAll("\p{P}", "").trim(): null

14-10-2024T12:05:47 - [TEST_STEP][PASSED] - println("LenA: " + LenA): null

14-10-2024T12:05:47 - [TEST_STEP][PASSED] - tableA = Script1719551244403.NewDZO(x = tableA): null

14-10-2024T12:05:47 - [TEST_STEP][PASSED] - i3 = <not implemented yet for class: org.codehaus.groovy.ast.expr.EmptyExpression>: null

14-10-2024T12:05:47 - [TEST_STEP][PASSED] - i3 = x.indexOf("/") + 1: null

14-10-2024T12:05:47 - [TEST_STEP][PASSED] - x = x.substring(i3, x.length()): null

14-10-2024T12:05:47 - [TEST_STEP][PASSED] - return x: null

14-10-2024T12:05:47 - [TEST_STEP][PASSED] - tableA = Script1719551244403.NewDZO(x = tableA): null

14-10-2024T12:05:47 - [TEST_STEP][PASSED] - i3 = <not implemented yet for class: org.codehaus.groovy.ast.expr.EmptyExpression>: null

14-10-2024T12:05:47 - [TEST_STEP][PASSED] - i3 = x.indexOf("/") + 1: null

14-10-2024T12:05:47 - [TEST_STEP][PASSED] - x = x.substring(i3, x.length()): null

14-10-2024T12:05:47 - [TEST_STEP][PASSED] - return x: null

14-10-2024T12:05:47 - [TEST_STEP][PASSED] - i = tableA.indexOf("Кавказ"): null

14-10-2024T12:05:47 - [TEST_STEP][PASSED] - MosA = replaceAll("\p{P}", "").trim(): null

14-10-2024T12:05:47 - [TEST_STEP][PASSED] - println("MosA: " + MosA): null

14-10-2024T12:05:47 - [TEST_STEP][PASSED] - for ([i = 1, i < 3, (i++)]): null

14-10-2024T12:05:47 - [TEST_STEP][PASSED] - tableA = Script1719551244403.NewDZO(x = tableA): null

14-10-2024T12:05:47 - [TEST_STEP][PASSED] - i3 = <not implemented yet for class: org.codehaus.groovy.ast.expr.EmptyExpression>: null

14-10-2024T12:05:47 - [TEST_STEP][PASSED] - i3 = x.indexOf("/") + 1: null

14-10-2024T12:05:47 - [TEST_STEP][PASSED] - x = x.substring(i3, x.length()): null

14-10-2024T12:05:47 - [TEST_STEP][PASSED] - return x: null

14-10-2024T12:05:47 - [TEST_STEP][PASSED] - tableA = Script1719551244403.NewDZO(x = tableA): null

14-10-2024T12:05:47 - [TEST_STEP][PASSED] - i3 = <not implemented yet for class: org.codehaus.groovy.ast.expr.EmptyExpression>: null

14-10-2024T12:05:47 - [TEST_STEP][PASSED] - i3 = x.indexOf("/") + 1: null

14-10-2024T12:05:47 - [TEST_STEP][PASSED] - x = x.substring(i3, x.length()): null

14-10-2024T12:05:47 - [TEST_STEP][PASSED] - return x: null

14-10-2024T12:05:47 - [TEST_STEP][PASSED] - i = tableA.indexOf("Запад"): null

14-10-2024T12:05:47 - [TEST_STEP][PASSED] - SKA = replaceAll("\p{P}", "").trim(): null

14-10-2024T12:05:47 - [TEST_STEP][PASSED] - println("SKA: " + SKA): null

14-10-2024T12:05:47 - [TEST_STEP][PASSED] - for ([i = 1, i < 7, (i++)]): null

14-10-2024T12:05:47 - [TEST_STEP][PASSED] - tableA = Script1719551244403.NewDZO(x = tableA): null

14-10-2024T12:05:47 - [TEST_STEP][PASSED] - i3 = <not implemented yet for class: org.codehaus.groovy.ast.expr.EmptyExpression>: null

14-10-2024T12:05:47 - [TEST_STEP][PASSED] - i3 = x.indexOf("/") + 1: null

14-10-2024T12:05:47 - [TEST_STEP][PASSED] - x = x.substring(i3, x.length()): null

14-10-2024T12:05:47 - [TEST_STEP][PASSED] - return x: null

14-10-2024T12:05:47 - [TEST_STEP][PASSED] - tableA = Script1719551244403.NewDZO(x = tableA): null

14-10-2024T12:05:47 - [TEST_STEP][PASSED] - i3 = <not implemented yet for class: org.codehaus.groovy.ast.expr.EmptyExpression>: null

14-10-2024T12:05:47 - [TEST_STEP][PASSED] - i3 = x.indexOf("/") + 1: null

14-10-2024T12:05:47 - [TEST_STEP][PASSED] - x = x.substring(i3, x.length()): null

14-10-2024T12:05:47 - [TEST_STEP][PASSED] - return x: null

14-10-2024T12:05:47 - [TEST_STEP][PASSED] - tableA = Script1719551244403.NewDZO(x = tableA): null

14-10-2024T12:05:47 - [TEST_STEP][PASSED] - i3 = <not implemented yet for class: org.codehaus.groovy.ast.expr.EmptyExpression>: null

14-10-2024T12:05:47 - [TEST_STEP][PASSED] - i3 = x.indexOf("/") + 1: null

14-10-2024T12:05:47 - [TEST_STEP][PASSED] - x = x.substring(i3, x.length()): null

14-10-2024T12:05:47 - [TEST_STEP][PASSED] - return x: null

14-10-2024T12:05:47 - [TEST_STEP][PASSED] - tableA = Script1719551244403.NewDZO(x = tableA): null

14-10-2024T12:05:47 - [TEST_STEP][PASSED] - i3 = <not implemented yet for class: org.codehaus.groovy.ast.expr.EmptyExpression>: null

14-10-2024T12:05:47 - [TEST_STEP][PASSED] - i3 = x.indexOf("/") + 1: null

14-10-2024T12:05:47 - [TEST_STEP][PASSED] - x = x.substring(i3, x.length()): null

14-10-2024T12:05:47 - [TEST_STEP][PASSED] - return x: null

14-10-2024T12:05:47 - [TEST_STEP][PASSED] - tableA = Script1719551244403.NewDZO(x = tableA): null

14-10-2024T12:05:47 - [TEST_STEP][PASSED] - i3 = <not implemented yet for class: org.codehaus.groovy.ast.expr.EmptyExpression>: null

14-10-2024T12:05:47 - [TEST_STEP][PASSED] - i3 = x.indexOf("/") + 1: null

14-10-2024T12:05:47 - [TEST_STEP][PASSED] - x = x.substring(i3, x.length()): null

14-10-2024T12:05:47 - [TEST_STEP][PASSED] - return x: null

14-10-2024T12:05:47 - [TEST_STEP][PASSED] - tableA = Script1719551244403.NewDZO(x = tableA): null

14-10-2024T12:05:47 - [TEST_STEP][PASSED] - i3 = <not implemented yet for class: org.codehaus.groovy.ast.expr.EmptyExpression>: null

14-10-2024T12:05:47 - [TEST_STEP][PASSED] - i3 = x.indexOf("/") + 1: null

14-10-2024T12:05:47 - [TEST_STEP][PASSED] - x = x.substring(i3, x.length()): null

14-10-2024T12:05:47 - [TEST_STEP][PASSED] - return x: null

14-10-2024T12:05:47 - [TEST_STEP][PASSED] - i = tableA.indexOf("Сибирь"): null

14-10-2024T12:05:47 - [TEST_STEP][PASSED] - SZA = replaceAll("\p{P}", "").trim(): null

14-10-2024T12:05:47 - [TEST_STEP][PASSED] - println("SZA: " + SZA): null

14-10-2024T12:05:47 - [TEST_STEP][PASSED] - for ([i = 1, i < 8, (i++)]): null

14-10-2024T12:05:47 - [TEST_STEP][PASSED] - tableA = Script1719551244403.NewDZO(x = tableA): null

14-10-2024T12:05:47 - [TEST_STEP][PASSED] - i3 = <not implemented yet for class: org.codehaus.groovy.ast.expr.EmptyExpression>: null

14-10-2024T12:05:47 - [TEST_STEP][PASSED] - i3 = x.indexOf("/") + 1: null

14-10-2024T12:05:47 - [TEST_STEP][PASSED] - x = x.substring(i3, x.length()): null

14-10-2024T12:05:47 - [TEST_STEP][PASSED] - return x: null

14-10-2024T12:05:47 - [TEST_STEP][PASSED] - tableA = Script1719551244403.NewDZO(x = tableA): null

14-10-2024T12:05:47 - [TEST_STEP][PASSED] - i3 = <not implemented yet for class: org.codehaus.groovy.ast.expr.EmptyExpression>: null

14-10-2024T12:05:47 - [TEST_STEP][PASSED] - i3 = x.indexOf("/") + 1: null

14-10-2024T12:05:47 - [TEST_STEP][PASSED] - x = x.substring(i3, x.length()): null

14-10-2024T12:05:47 - [TEST_STEP][PASSED] - return x: null

14-10-2024T12:05:47 - [TEST_STEP][PASSED] - tableA = Script1719551244403.NewDZO(x = tableA): null

14-10-2024T12:05:47 - [TEST_STEP][PASSED] - i3 = <not implemented yet for class: org.codehaus.groovy.ast.expr.EmptyExpression>: null

14-10-2024T12:05:47 - [TEST_STEP][PASSED] - i3 = x.indexOf("/") + 1: null

14-10-2024T12:05:47 - [TEST_STEP][PASSED] - x = x.substring(i3, x.length()): null

14-10-2024T12:05:47 - [TEST_STEP][PASSED] - return x: null

14-10-2024T12:05:47 - [TEST_STEP][PASSED] - tableA = Script1719551244403.NewDZO(x = tableA): null

14-10-2024T12:05:47 - [TEST_STEP][PASSED] - i3 = <not implemented yet for class: org.codehaus.groovy.ast.expr.EmptyExpression>: null

14-10-2024T12:05:47 - [TEST_STEP][PASSED] - i3 = x.indexOf("/") + 1: null

14-10-2024T12:05:47 - [TEST_STEP][PASSED] - x = x.substring(i3, x.length()): null

14-10-2024T12:05:47 - [TEST_STEP][PASSED] - return x: null

14-10-2024T12:05:47 - [TEST_STEP][PASSED] - tableA = Script1719551244403.NewDZO(x = tableA): null

14-10-2024T12:05:47 - [TEST_STEP][PASSED] - i3 = <not implemented yet for class: org.codehaus.groovy.ast.expr.EmptyExpression>: null

14-10-2024T12:05:47 - [TEST_STEP][PASSED] - i3 = x.indexOf("/") + 1: null

14-10-2024T12:05:47 - [TEST_STEP][PASSED] - x = x.substring(i3, x.length()): null

14-10-2024T12:05:47 - [TEST_STEP][PASSED] - return x: null

14-10-2024T12:05:47 - [TEST_STEP][PASSED] - tableA = Script1719551244403.NewDZO(x = tableA): null

14-10-2024T12:05:47 - [TEST_STEP][PASSED] - i3 = <not implemented yet for class: org.codehaus.groovy.ast.expr.EmptyExpression>: null

14-10-2024T12:05:47 - [TEST_STEP][PASSED] - i3 = x.indexOf("/") + 1: null

14-10-2024T12:05:47 - [TEST_STEP][PASSED] - x = x.substring(i3, x.length()): null

14-10-2024T12:05:47 - [TEST_STEP][PASSED] - return x: null

14-10-2024T12:05:47 - [TEST_STEP][PASSED] - tableA = Script1719551244403.NewDZO(x = tableA): null

14-10-2024T12:05:47 - [TEST_STEP][PASSED] - i3 = <not implemented yet for class: org.codehaus.groovy.ast.expr.EmptyExpression>: null

14-10-2024T12:05:47 - [TEST_STEP][PASSED] - i3 = x.indexOf("/") + 1: null

14-10-2024T12:05:47 - [TEST_STEP][PASSED] - x = x.substring(i3, x.length()): null

14-10-2024T12:05:47 - [TEST_STEP][PASSED] - return x: null

14-10-2024T12:05:47 - [TEST_STEP][PASSED] - i = tableA.indexOf("Томск"): null

14-10-2024T12:05:47 - [TEST_STEP][PASSED] - SiA = replaceAll("\p{P}", "").trim(): null

14-10-2024T12:05:47 - [TEST_STEP][PASSED] - println("SiA: " + SiA): null

14-10-2024T12:05:47 - [TEST_STEP][PASSED] - for ([i = 1, i < 9, (i++)]): null

14-10-2024T12:05:47 - [TEST_STEP][PASSED] - tableA = Script1719551244403.NewDZO(x = tableA): null

14-10-2024T12:05:47 - [TEST_STEP][PASSED] - i3 = <not implemented yet for class: org.codehaus.groovy.ast.expr.EmptyExpression>: null

14-10-2024T12:05:47 - [TEST_STEP][PASSED] - i3 = x.indexOf("/") + 1: null

14-10-2024T12:05:47 - [TEST_STEP][PASSED] - x = x.substring(i3, x.length()): null

14-10-2024T12:05:47 - [TEST_STEP][PASSED] - return x: null

14-10-2024T12:05:47 - [TEST_STEP][PASSED] - tableA = Script1719551244403.NewDZO(x = tableA): null

14-10-2024T12:05:47 - [TEST_STEP][PASSED] - i3 = <not implemented yet for class: org.codehaus.groovy.ast.expr.EmptyExpression>: null

14-10-2024T12:05:47 - [TEST_STEP][PASSED] - i3 = x.indexOf("/") + 1: null

14-10-2024T12:05:47 - [TEST_STEP][PASSED] - x = x.substring(i3, x.length()): null

14-10-2024T12:05:47 - [TEST_STEP][PASSED] - return x: null

14-10-2024T12:05:47 - [TEST_STEP][PASSED] - tableA = Script1719551244403.NewDZO(x = tableA): null

14-10-2024T12:05:47 - [TEST_STEP][PASSED] - i3 = <not implemented yet for class: org.codehaus.groovy.ast.expr.EmptyExpression>: null

14-10-2024T12:05:47 - [TEST_STEP][PASSED] - i3 = x.indexOf("/") + 1: null

14-10-2024T12:05:47 - [TEST_STEP][PASSED] - x = x.substring(i3, x.length()): null

14-10-2024T12:05:47 - [TEST_STEP][PASSED] - return x: null

14-10-2024T12:05:47 - [TEST_STEP][PASSED] - tableA = Script1719551244403.NewDZO(x = tableA): null

14-10-2024T12:05:47 - [TEST_STEP][PASSED] - i3 = <not implemented yet for class: org.codehaus.groovy.ast.expr.EmptyExpression>: null

14-10-2024T12:05:47 - [TEST_STEP][PASSED] - i3 = x.indexOf("/") + 1: null

14-10-2024T12:05:47 - [TEST_STEP][PASSED] - x = x.substring(i3, x.length()): null

14-10-2024T12:05:47 - [TEST_STEP][PASSED] - return x: null

14-10-2024T12:05:47 - [TEST_STEP][PASSED] - tableA = Script1719551244403.NewDZO(x = tableA): null

14-10-2024T12:05:47 - [TEST_STEP][PASSED] - i3 = <not implemented yet for class: org.codehaus.groovy.ast.expr.EmptyExpression>: null

14-10-2024T12:05:47 - [TEST_STEP][PASSED] - i3 = x.indexOf("/") + 1: null

14-10-2024T12:05:47 - [TEST_STEP][PASSED] - x = x.substring(i3, x.length()): null

14-10-2024T12:05:47 - [TEST_STEP][PASSED] - return x: null

14-10-2024T12:05:47 - [TEST_STEP][PASSED] - tableA = Script1719551244403.NewDZO(x = tableA): null

14-10-2024T12:05:47 - [TEST_STEP][PASSED] - i3 = <not implemented yet for class: org.codehaus.groovy.ast.expr.EmptyExpression>: null

14-10-2024T12:05:47 - [TEST_STEP][PASSED] - i3 = x.indexOf("/") + 1: null

14-10-2024T12:05:47 - [TEST_STEP][PASSED] - x = x.substring(i3, x.length()): null

14-10-2024T12:05:47 - [TEST_STEP][PASSED] - return x: null

14-10-2024T12:05:47 - [TEST_STEP][PASSED] - tableA = Script1719551244403.NewDZO(x = tableA): null

14-10-2024T12:05:47 - [TEST_STEP][PASSED] - i3 = <not implemented yet for class: org.codehaus.groovy.ast.expr.EmptyExpression>: null

14-10-2024T12:05:47 - [TEST_STEP][PASSED] - i3 = x.indexOf("/") + 1: null

14-10-2024T12:05:47 - [TEST_STEP][PASSED] - x = x.substring(i3, x.length()): null

14-10-2024T12:05:47 - [TEST_STEP][PASSED] - return x: null

14-10-2024T12:05:47 - [TEST_STEP][PASSED] - tableA = Script1719551244403.NewDZO(x = tableA): null

14-10-2024T12:05:47 - [TEST_STEP][PASSED] - i3 = <not implemented yet for class: org.codehaus.groovy.ast.expr.EmptyExpression>: null

14-10-2024T12:05:47 - [TEST_STEP][PASSED] - i3 = x.indexOf("/") + 1: null

14-10-2024T12:05:47 - [TEST_STEP][PASSED] - x = x.substring(i3, x.length()): null

14-10-2024T12:05:47 - [TEST_STEP][PASSED] - return x: null

14-10-2024T12:05:47 - [TEST_STEP][PASSED] - i = tableA.indexOf("Тюмень"): null

14-10-2024T12:05:47 - [TEST_STEP][PASSED] - ToA = replaceAll("\p{P}", "").trim(): null

14-10-2024T12:05:47 - [TEST_STEP][PASSED] - println("ToA: " + ToA): null

14-10-2024T12:05:47 - [TEST_STEP][PASSED] - tableA = Script1719551244403.NewDZO(x = tableA): null

14-10-2024T12:05:47 - [TEST_STEP][PASSED] - i3 = <not implemented yet for class: org.codehaus.groovy.ast.expr.EmptyExpression>: null

14-10-2024T12:05:47 - [TEST_STEP][PASSED] - i3 = x.indexOf("/") + 1: null

14-10-2024T12:05:47 - [TEST_STEP][PASSED] - x = x.substring(i3, x.length()): null

14-10-2024T12:05:47 - [TEST_STEP][PASSED] - return x: null

14-10-2024T12:05:47 - [TEST_STEP][PASSED] - TyuA = replaceAll("\p{P}", "").trim(): null

14-10-2024T12:05:47 - [TEST_STEP][PASSED] - println("TyuA: " + TyuA): null

14-10-2024T12:05:47 - [TEST_STEP][PASSED] - tableA = Script1719551244403.NewDZO(x = tableA): null

14-10-2024T12:05:47 - [TEST_STEP][PASSED] - i3 = <not implemented yet for class: org.codehaus.groovy.ast.expr.EmptyExpression>: null

14-10-2024T12:05:47 - [TEST_STEP][PASSED] - i3 = x.indexOf("/") + 1: null

14-10-2024T12:05:47 - [TEST_STEP][PASSED] - x = x.substring(i3, x.length()): null

14-10-2024T12:05:47 - [TEST_STEP][PASSED] - return x: null

14-10-2024T12:05:47 - [TEST_STEP][PASSED] - i = tableA.indexOf("ЕЭС"): null

14-10-2024T12:05:47 - [TEST_STEP][PASSED] - UrA = replaceAll("\p{P}", "").trim(): null

14-10-2024T12:05:47 - [TEST_STEP][PASSED] - println("UrA: " + UrA): null

14-10-2024T12:05:47 - [TEST_STEP][PASSED] - for ([i = 1, i < 4, (i++)]): null

14-10-2024T12:05:47 - [TEST_STEP][PASSED] - tableA = Script1719551244403.NewDZO(x = tableA): null

14-10-2024T12:05:47 - [TEST_STEP][PASSED] - i3 = <not implemented yet for class: org.codehaus.groovy.ast.expr.EmptyExpression>: null

14-10-2024T12:05:47 - [TEST_STEP][PASSED] - i3 = x.indexOf("/") + 1: null

14-10-2024T12:05:47 - [TEST_STEP][PASSED] - x = x.substring(i3, x.length()): null

14-10-2024T12:05:47 - [TEST_STEP][PASSED] - return x: null

14-10-2024T12:05:47 - [TEST_STEP][PASSED] - tableA = Script1719551244403.NewDZO(x = tableA): null

14-10-2024T12:05:47 - [TEST_STEP][PASSED] - i3 = <not implemented yet for class: org.codehaus.groovy.ast.expr.EmptyExpression>: null

14-10-2024T12:05:47 - [TEST_STEP][PASSED] - i3 = x.indexOf("/") + 1: null

14-10-2024T12:05:47 - [TEST_STEP][PASSED] - x = x.substring(i3, x.length()): null

14-10-2024T12:05:47 - [TEST_STEP][PASSED] - return x: null

14-10-2024T12:05:47 - [TEST_STEP][PASSED] - tableA = Script1719551244403.NewDZO(x = tableA): null

14-10-2024T12:05:47 - [TEST_STEP][PASSED] - i3 = <not implemented yet for class: org.codehaus.groovy.ast.expr.EmptyExpression>: null

14-10-2024T12:05:47 - [TEST_STEP][PASSED] - i3 = x.indexOf("/") + 1: null

14-10-2024T12:05:47 - [TEST_STEP][PASSED] - x = x.substring(i3, x.length()): null

14-10-2024T12:05:47 - [TEST_STEP][PASSED] - return x: null

14-10-2024T12:05:47 - [TEST_STEP][PASSED] - i = tableA.indexOf("Центр"): null

14-10-2024T12:05:47 - [TEST_STEP][PASSED] - FSKA = replaceAll("\p{P}", "").trim(): null

14-10-2024T12:05:47 - [TEST_STEP][PASSED] - println("FSKA: " + FSKA): null

14-10-2024T12:05:47 - [TEST_STEP][PASSED] - tableA = Script1719551244403.NewDZO(x = tableA): null

14-10-2024T12:05:47 - [TEST_STEP][PASSED] - i3 = <not implemented yet for class: org.codehaus.groovy.ast.expr.EmptyExpression>: null

14-10-2024T12:05:47 - [TEST_STEP][PASSED] - i3 = x.indexOf("/") + 1: null

14-10-2024T12:05:47 - [TEST_STEP][PASSED] - x = x.substring(i3, x.length()): null

14-10-2024T12:05:47 - [TEST_STEP][PASSED] - return x: null

14-10-2024T12:05:47 - [TEST_STEP][PASSED] - i = tableA.indexOf("Приволжье"): null

14-10-2024T12:05:47 - [TEST_STEP][PASSED] - CenA = replaceAll("\p{P}", "").trim(): null

14-10-2024T12:05:47 - [TEST_STEP][PASSED] - println("CenA: " + CenA): null

14-10-2024T12:05:47 - [TEST_STEP][PASSED] - for ([i = 1, i < 12, (i++)]): null

14-10-2024T12:05:47 - [TEST_STEP][PASSED] - tableA = Script1719551244403.NewDZO(x = tableA): null

14-10-2024T12:05:47 - [TEST_STEP][PASSED] - i3 = <not implemented yet for class: org.codehaus.groovy.ast.expr.EmptyExpression>: null

14-10-2024T12:05:47 - [TEST_STEP][PASSED] - i3 = x.indexOf("/") + 1: null

14-10-2024T12:05:47 - [TEST_STEP][PASSED] - x = x.substring(i3, x.length()): null

14-10-2024T12:05:47 - [TEST_STEP][PASSED] - return x: null

14-10-2024T12:05:47 - [TEST_STEP][PASSED] - tableA = Script1719551244403.NewDZO(x = tableA): null

14-10-2024T12:05:47 - [TEST_STEP][PASSED] - i3 = <not implemented yet for class: org.codehaus.groovy.ast.expr.EmptyExpression>: null

14-10-2024T12:05:47 - [TEST_STEP][PASSED] - i3 = x.indexOf("/") + 1: null

14-10-2024T12:05:47 - [TEST_STEP][PASSED] - x = x.substring(i3, x.length()): null

14-10-2024T12:05:47 - [TEST_STEP][PASSED] - return x: null

14-10-2024T12:05:47 - [TEST_STEP][PASSED] - tableA = Script1719551244403.NewDZO(x = tableA): null

14-10-2024T12:05:47 - [TEST_STEP][PASSED] - i3 = <not implemented yet for class: org.codehaus.groovy.ast.expr.EmptyExpression>: null

14-10-2024T12:05:47 - [TEST_STEP][PASSED] - i3 = x.indexOf("/") + 1: null

14-10-2024T12:05:47 - [TEST_STEP][PASSED] - x = x.substring(i3, x.length()): null

14-10-2024T12:05:47 - [TEST_STEP][PASSED] - return x: null

14-10-2024T12:05:47 - [TEST_STEP][PASSED] - tableA = Script1719551244403.NewDZO(x = tableA): null

14-10-2024T12:05:47 - [TEST_STEP][PASSED] - i3 = <not implemented yet for class: org.codehaus.groovy.ast.expr.EmptyExpression>: null

14-10-2024T12:05:47 - [TEST_STEP][PASSED] - i3 = x.indexOf("/") + 1: null

14-10-2024T12:05:47 - [TEST_STEP][PASSED] - x = x.substring(i3, x.length()): null

14-10-2024T12:05:47 - [TEST_STEP][PASSED] - return x: null

14-10-2024T12:05:47 - [TEST_STEP][PASSED] - tableA = Script1719551244403.NewDZO(x = tableA): null

14-10-2024T12:05:47 - [TEST_STEP][PASSED] - i3 = <not implemented yet for class: org.codehaus.groovy.ast.expr.EmptyExpression>: null

14-10-2024T12:05:47 - [TEST_STEP][PASSED] - i3 = x.indexOf("/") + 1: null

14-10-2024T12:05:47 - [TEST_STEP][PASSED] - x = x.substring(i3, x.length()): null

14-10-2024T12:05:47 - [TEST_STEP][PASSED] - return x: null

14-10-2024T12:05:47 - [TEST_STEP][PASSED] - tableA = Script1719551244403.NewDZO(x = tableA): null

14-10-2024T12:05:47 - [TEST_STEP][PASSED] - i3 = <not implemented yet for class: org.codehaus.groovy.ast.expr.EmptyExpression>: null

14-10-2024T12:05:47 - [TEST_STEP][PASSED] - i3 = x.indexOf("/") + 1: null

14-10-2024T12:05:47 - [TEST_STEP][PASSED] - x = x.substring(i3, x.length()): null

14-10-2024T12:05:47 - [TEST_STEP][PASSED] - return x: null

14-10-2024T12:05:47 - [TEST_STEP][PASSED] - tableA = Script1719551244403.NewDZO(x = tableA): null

14-10-2024T12:05:47 - [TEST_STEP][PASSED] - i3 = <not implemented yet for class: org.codehaus.groovy.ast.expr.EmptyExpression>: null

14-10-2024T12:05:47 - [TEST_STEP][PASSED] - i3 = x.indexOf("/") + 1: null

14-10-2024T12:05:47 - [TEST_STEP][PASSED] - x = x.substring(i3, x.length()): null

14-10-2024T12:05:47 - [TEST_STEP][PASSED] - return x: null

14-10-2024T12:05:47 - [TEST_STEP][PASSED] - tableA = Script1719551244403.NewDZO(x = tableA): null

14-10-2024T12:05:47 - [TEST_STEP][PASSED] - i3 = <not implemented yet for class: org.codehaus.groovy.ast.expr.EmptyExpression>: null

14-10-2024T12:05:47 - [TEST_STEP][PASSED] - i3 = x.indexOf("/") + 1: null

14-10-2024T12:05:47 - [TEST_STEP][PASSED] - x = x.substring(i3, x.length()): null

14-10-2024T12:05:47 - [TEST_STEP][PASSED] - return x: null

14-10-2024T12:05:47 - [TEST_STEP][PASSED] - tableA = Script1719551244403.NewDZO(x = tableA): null

14-10-2024T12:05:47 - [TEST_STEP][PASSED] - i3 = <not implemented yet for class: org.codehaus.groovy.ast.expr.EmptyExpression>: null

14-10-2024T12:05:47 - [TEST_STEP][PASSED] - i3 = x.indexOf("/") + 1: null

14-10-2024T12:05:47 - [TEST_STEP][PASSED] - x = x.substring(i3, x.length()): null

14-10-2024T12:05:47 - [TEST_STEP][PASSED] - return x: null

14-10-2024T12:05:47 - [TEST_STEP][PASSED] - tableA = Script1719551244403.NewDZO(x = tableA): null

14-10-2024T12:05:47 - [TEST_STEP][PASSED] - i3 = <not implemented yet for class: org.codehaus.groovy.ast.expr.EmptyExpression>: null

14-10-2024T12:05:47 - [TEST_STEP][PASSED] - i3 = x.indexOf("/") + 1: null

14-10-2024T12:05:47 - [TEST_STEP][PASSED] - x = x.substring(i3, x.length()): null

14-10-2024T12:05:47 - [TEST_STEP][PASSED] - return x: null

14-10-2024T12:05:47 - [TEST_STEP][PASSED] - tableA = Script1719551244403.NewDZO(x = tableA): null

14-10-2024T12:05:47 - [TEST_STEP][PASSED] - i3 = <not implemented yet for class: org.codehaus.groovy.ast.expr.EmptyExpression>: null

14-10-2024T12:05:47 - [TEST_STEP][PASSED] - i3 = x.indexOf("/") + 1: null

14-10-2024T12:05:47 - [TEST_STEP][PASSED] - x = x.substring(i3, x.length()): null

14-10-2024T12:05:47 - [TEST_STEP][PASSED] - return x: null

14-10-2024T12:05:47 - [TEST_STEP][PASSED] - i = tableA.indexOf("Юг"): null

14-10-2024T12:05:47 - [TEST_STEP][PASSED] - CiPA = replaceAll("\p{P}", "").trim(): null

14-10-2024T12:05:47 - [TEST_STEP][PASSED] - println("CiPA: " + CiPA): null

14-10-2024T12:05:47 - [TEST_STEP][PASSED] - for ([i = 1, i < 10, (i++)]): null

14-10-2024T12:05:47 - [TEST_STEP][PASSED] - tableA = Script1719551244403.NewDZO(x = tableA): null

14-10-2024T12:05:47 - [TEST_STEP][PASSED] - i3 = <not implemented yet for class: org.codehaus.groovy.ast.expr.EmptyExpression>: null

14-10-2024T12:05:47 - [TEST_STEP][PASSED] - i3 = x.indexOf("/") + 1: null

14-10-2024T12:05:47 - [TEST_STEP][PASSED] - x = x.substring(i3, x.length()): null

14-10-2024T12:05:47 - [TEST_STEP][PASSED] - return x: null

14-10-2024T12:05:47 - [TEST_STEP][PASSED] - tableA = Script1719551244403.NewDZO(x = tableA): null

14-10-2024T12:05:47 - [TEST_STEP][PASSED] - i3 = <not implemented yet for class: org.codehaus.groovy.ast.expr.EmptyExpression>: null

14-10-2024T12:05:47 - [TEST_STEP][PASSED] - i3 = x.indexOf("/") + 1: null

14-10-2024T12:05:47 - [TEST_STEP][PASSED] - x = x.substring(i3, x.length()): null

14-10-2024T12:05:47 - [TEST_STEP][PASSED] - return x: null

14-10-2024T12:05:47 - [TEST_STEP][PASSED] - tableA = Script1719551244403.NewDZO(x = tableA): null

14-10-2024T12:05:47 - [TEST_STEP][PASSED] - i3 = <not implemented yet for class: org.codehaus.groovy.ast.expr.EmptyExpression>: null

14-10-2024T12:05:47 - [TEST_STEP][PASSED] - i3 = x.indexOf("/") + 1: null

14-10-2024T12:05:47 - [TEST_STEP][PASSED] - x = x.substring(i3, x.length()): null

14-10-2024T12:05:47 - [TEST_STEP][PASSED] - return x: null

14-10-2024T12:05:47 - [TEST_STEP][PASSED] - tableA = Script1719551244403.NewDZO(x = tableA): null

14-10-2024T12:05:47 - [TEST_STEP][PASSED] - i3 = <not implemented yet for class: org.codehaus.groovy.ast.expr.EmptyExpression>: null

14-10-2024T12:05:47 - [TEST_STEP][PASSED] - i3 = x.indexOf("/") + 1: null

14-10-2024T12:05:47 - [TEST_STEP][PASSED] - x = x.substring(i3, x.length()): null

14-10-2024T12:05:47 - [TEST_STEP][PASSED] - return x: null

14-10-2024T12:05:47 - [TEST_STEP][PASSED] - tableA = Script1719551244403.NewDZO(x = tableA): null

14-10-2024T12:05:47 - [TEST_STEP][PASSED] - i3 = <not implemented yet for class: org.codehaus.groovy.ast.expr.EmptyExpression>: null

14-10-2024T12:05:47 - [TEST_STEP][PASSED] - i3 = x.indexOf("/") + 1: null

14-10-2024T12:05:47 - [TEST_STEP][PASSED] - x = x.substring(i3, x.length()): null

14-10-2024T12:05:47 - [TEST_STEP][PASSED] - return x: null

14-10-2024T12:05:47 - [TEST_STEP][PASSED] - tableA = Script1719551244403.NewDZO(x = tableA): null

14-10-2024T12:05:47 - [TEST_STEP][PASSED] - i3 = <not implemented yet for class: org.codehaus.groovy.ast.expr.EmptyExpression>: null

14-10-2024T12:05:47 - [TEST_STEP][PASSED] - i3 = x.indexOf("/") + 1: null

14-10-2024T12:05:47 - [TEST_STEP][PASSED] - x = x.substring(i3, x.length()): null

14-10-2024T12:05:47 - [TEST_STEP][PASSED] - return x: null

14-10-2024T12:05:47 - [TEST_STEP][PASSED] - tableA = Script1719551244403.NewDZO(x = tableA): null

14-10-2024T12:05:47 - [TEST_STEP][PASSED] - i3 = <not implemented yet for class: org.codehaus.groovy.ast.expr.EmptyExpression>: null

14-10-2024T12:05:47 - [TEST_STEP][PASSED] - i3 = x.indexOf("/") + 1: null

14-10-2024T12:05:47 - [TEST_STEP][PASSED] - x = x.substring(i3, x.length()): null

14-10-2024T12:05:47 - [TEST_STEP][PASSED] - return x: null

14-10-2024T12:05:47 - [TEST_STEP][PASSED] - tableA = Script1719551244403.NewDZO(x = tableA): null

14-10-2024T12:05:47 - [TEST_STEP][PASSED] - i3 = <not implemented yet for class: org.codehaus.groovy.ast.expr.EmptyExpression>: null

14-10-2024T12:05:47 - [TEST_STEP][PASSED] - i3 = x.indexOf("/") + 1: null

14-10-2024T12:05:47 - [TEST_STEP][PASSED] - x = x.substring(i3, x.length()): null

14-10-2024T12:05:47 - [TEST_STEP][PASSED] - return x: null

14-10-2024T12:05:47 - [TEST_STEP][PASSED] - tableA = Script1719551244403.NewDZO(x = tableA): null

14-10-2024T12:05:47 - [TEST_STEP][PASSED] - i3 = <not implemented yet for class: org.codehaus.groovy.ast.expr.EmptyExpression>: null

14-10-2024T12:05:47 - [TEST_STEP][PASSED] - i3 = x.indexOf("/") + 1: null

14-10-2024T12:05:47 - [TEST_STEP][PASSED] - x = x.substring(i3, x.length()): null

14-10-2024T12:05:47 - [TEST_STEP][PASSED] - return x: null

14-10-2024T12:05:47 - [TEST_STEP][PASSED] - i = tableA.indexOf("Янтарь"): null

14-10-2024T12:05:47 - [TEST_STEP][PASSED] - UgA = replaceAll("\p{P}", "").trim(): null

14-10-2024T12:05:47 - [TEST_STEP][PASSED] - println("UgA: " + UgA): null

14-10-2024T12:05:47 - [TEST_STEP][PASSED] - i = tableA.lastIndexOf("/"): null

14-10-2024T12:05:47 - [TEST_STEP][PASSED] - YaA = replaceAll("\p{P}", "").trim(): null

14-10-2024T12:05:47 - [TEST_STEP][PASSED] - println("YaA: " + YaA): null

14-10-2024T12:05:47 - [TEST_STEP][PASSED] - delay(10): Delayed 10 second(s)

14-10-2024T12:05:57 - [MESSAGE][PASSED] - Delayed 10 second(s)

14-10-2024T12:05:57 - [TEST_STEP][PASSED] - navigateToUrl(findTestData("PlanFact").getValue(10, 11)): Navigate to 'https://bi.rosseti.digital/viewer?dashboardGuid=a1fd28b3785d443cbc4d7690a1d78e31&sheetGuid=d3a0ddec2e914cb380b20dca74903099&fit=true' successfully

14-10-2024T12:05:58 - [MESSAGE][PASSED] - Navigate to 'https://bi.rosseti.digital/viewer?dashboardGuid=a1fd28b3785d443cbc4d7690a1d78e31&sheetGuid=d3a0ddec2e914cb380b20dca74903099&fit=true' successfully

14-10-2024T12:05:58 - [TEST_STEP][PASSED] - b = <not implemented yet for class: org.codehaus.groovy.ast.expr.EmptyExpression>: null

14-10-2024T12:05:58 - [TEST_STEP][PASSED] - b1 = <not implemented yet for class: org.codehaus.groovy.ast.expr.EmptyExpression>: null

14-10-2024T12:05:58 - [TEST_STEP][PASSED] - b2 = <not implemented yet for class: org.codehaus.groovy.ast.expr.EmptyExpression>: null

14-10-2024T12:05:58 - [TEST_STEP][PASSED] - click(findTestObject("Факторный анализ/Фильтр Дата Выручка")): Object: 'Object Repository/Факторный анализ/Фильтр Дата Выручка' is clicked on

14-10-2024T12:06:18 - [MESSAGE][PASSED] - Object: 'Object Repository/Факторный анализ/Фильтр Дата Выручка' is clicked on

14-10-2024T12:06:18 - [TEST_STEP][PASSED] - click(findTestObject("Факторный анализ/Снять выделение в фильтре Дата Выручка")): Object: 'Object Repository/Факторный анализ/Снять выделение в фильтре Дата Выручка' is clicked on

14-10-2024T12:06:18 - [MESSAGE][PASSED] - Object: 'Object Repository/Факторный анализ/Снять выделение в фильтре Дата Выручка' is clicked on

14-10-2024T12:06:18 - [TEST_STEP][PASSED] - click(findTestObject("Факторный анализ/Применить в фильтре Дата Выручка")): Object: 'Object Repository/Факторный анализ/Применить в фильтре Дата Выручка' is clicked on

14-10-2024T12:06:19 - [MESSAGE][PASSED] - Object: 'Object Repository/Факторный анализ/Применить в фильтре Дата Выручка' is clicked on

14-10-2024T12:06:19 - [TEST_STEP][PASSED] - delay(10): Delayed 10 second(s)

14-10-2024T12:06:29 - [MESSAGE][PASSED] - Delayed 10 second(s)

14-10-2024T12:06:29 - [TEST_STEP][PASSED] - click(findTestObject("Факторный анализ/Фильтр Дата Выручка")): Object: 'Object Repository/Факторный анализ/Фильтр Дата Выручка' is clicked on

14-10-2024T12:06:29 - [MESSAGE][PASSED] - Object: 'Object Repository/Факторный анализ/Фильтр Дата Выручка' is clicked on

14-10-2024T12:06:29 - [TEST_STEP][PASSED] - click(findTestObject("Факторный анализ/Снять выделение в фильтре Дата Выручка")): Object: 'Object Repository/Факторный анализ/Снять выделение в фильтре Дата Выручка' is clicked on

14-10-2024T12:06:30 - [MESSAGE][PASSED] - Object: 'Object Repository/Факторный анализ/Снять выделение в фильтре Дата Выручка' is clicked on

14-10-2024T12:06:30 - [TEST_STEP][PASSED] - scrollToElement(findTestObject("Факторный анализ/2024 список Выручка"), 30): Scroll to object 'Object Repository/Факторный анализ/2024 список Выручка' successfully

14-10-2024T12:06:30 - [MESSAGE][PASSED] - Scroll to object 'Object Repository/Факторный анализ/2024 список Выручка' successfully

14-10-2024T12:06:30 - [TEST_STEP][PASSED] - click(findTestObject("Факторный анализ/2024 список Выручка")): Object: 'Object Repository/Факторный анализ/2024 список Выручка' is clicked on

14-10-2024T12:06:31 - [MESSAGE][PASSED] - Object: 'Object Repository/Факторный анализ/2024 список Выручка' is clicked on

14-10-2024T12:06:31 - [TEST_STEP][PASSED] - scrollToElement(findTestObject("Факторный анализ/1 квартал 2024 выбрать Выручка"), 30): Scroll to object 'Object Repository/Факторный анализ/1 квартал 2024 выбрать Выручка' successfully

14-10-2024T12:06:31 - [MESSAGE][PASSED] - Scroll to object 'Object Repository/Факторный анализ/1 квартал 2024 выбрать Выручка' successfully

14-10-2024T12:06:31 - [TEST_STEP][PASSED] - click(findTestObject("Факторный анализ/1 квартал 2024 выбрать Выручка")): Object: 'Object Repository/Факторный анализ/1 квартал 2024 выбрать Выручка' is clicked on

14-10-2024T12:06:31 - [MESSAGE][PASSED] - Object: 'Object Repository/Факторный анализ/1 квартал 2024 выбрать Выручка' is clicked on

14-10-2024T12:06:31 - [TEST_STEP][PASSED] - scrollToElement(findTestObject("Факторный анализ/2 квартал 2024 выбрать Выручка"), 30): Scroll to object 'Object Repository/Факторный анализ/2 квартал 2024 выбрать Выручка' successfully

14-10-2024T12:06:32 - [MESSAGE][PASSED] - Scroll to object 'Object Repository/Факторный анализ/2 квартал 2024 выбрать Выручка' successfully

14-10-2024T12:06:32 - [TEST_STEP][PASSED] - click(findTestObject("Факторный анализ/2 квартал 2024 выбрать Выручка"), CONTINUE_ON_FAILURE): Object: 'Object Repository/Факторный анализ/2 квартал 2024 выбрать Выручка' is clicked on

14-10-2024T12:06:32 - [MESSAGE][PASSED] - Object: 'Object Repository/Факторный анализ/2 квартал 2024 выбрать Выручка' is clicked on

14-10-2024T12:06:32 - [TEST_STEP][PASSED] - click(findTestObject("Факторный анализ/3 квартал 2024 список Выручка"), CONTINUE_ON_FAILURE): Object: 'Object Repository/Факторный анализ/3 квартал 2024 список Выручка' is clicked on

14-10-2024T12:06:33 - [MESSAGE][PASSED] - Object: 'Object Repository/Факторный анализ/3 квартал 2024 список Выручка' is clicked on

14-10-2024T12:06:33 - [TEST_STEP][PASSED] - click(findTestObject("Факторный анализ/Июль 2024 Выручка"), CONTINUE_ON_FAILURE): Object: 'Object Repository/Факторный анализ/Июль 2024 Выручка' is clicked on

14-10-2024T12:06:33 - [MESSAGE][PASSED] - Object: 'Object Repository/Факторный анализ/Июль 2024 Выручка' is clicked on

14-10-2024T12:06:33 - [TEST_STEP][PASSED] - scrollToElement(findTestObject("Факторный анализ/Август 2024 Выручка"), 30): Scroll to object 'Object Repository/Факторный анализ/Август 2024 Выручка' successfully

14-10-2024T12:06:34 - [MESSAGE][PASSED] - Scroll to object 'Object Repository/Факторный анализ/Август 2024 Выручка' successfully

14-10-2024T12:06:34 - [TEST_STEP][PASSED] - click(findTestObject("Факторный анализ/Август 2024 Выручка"), CONTINUE_ON_FAILURE): Object: 'Object Repository/Факторный анализ/Август 2024 Выручка' is clicked on

14-10-2024T12:06:34 - [MESSAGE][PASSED] - Object: 'Object Repository/Факторный анализ/Август 2024 Выручка' is clicked on

14-10-2024T12:06:34 - [TEST_STEP][PASSED] - scrollToElement(findTestObject("Факторный анализ/Заголовок дашборда Выручка"), 30): Scroll to object 'Object Repository/Факторный анализ/Заголовок дашборда Выручка' successfully

14-10-2024T12:06:35 - [MESSAGE][PASSED] - Scroll to object 'Object Repository/Факторный анализ/Заголовок дашборда Выручка' successfully

14-10-2024T12:06:35 - [TEST_STEP][PASSED] - click(findTestObject("Факторный анализ/Применить в фильтре Дата Выручка")): Object: 'Object Repository/Факторный анализ/Применить в фильтре Дата Выручка' is clicked on

14-10-2024T12:06:35 - [MESSAGE][PASSED] - Object: 'Object Repository/Факторный анализ/Применить в фильтре Дата Выручка' is clicked on

14-10-2024T12:06:35 - [TEST_STEP][PASSED] - if (run == 1): null

14-10-2024T12:06:35 - [TEST_STEP][PASSED] - b = getText(findTestObject("Факторный анализ/Отклонения выручки по факторам Выручка")): Text of object 'Object Repository/Факторный анализ/Отклонения выручки по факторам Выручка' is: '34 99734 997
-9 626-9 626
Отклонение (объём услуг) филиал без Nan
Отклонение (средний тариф) филиал без Nan
ПАО Россети'

14-10-2024T12:06:38 - [MESSAGE][PASSED] - Text of object 'Object Repository/Факторный анализ/Отклонения выручки по факторам Выручка' is: '34 99734 997
-9 626-9 626
Отклонение (объём услуг) филиал без Nan
Отклонение (средний тариф) филиал без Nan
ПАО Россети'

14-10-2024T12:06:38 - [TEST_STEP][PASSED] - b = b.replaceAll("[\r?
|
]", "/"): null

14-10-2024T12:06:38 - [TEST_STEP][PASSED] - println("b: " + b): null

14-10-2024T12:06:38 - [TEST_STEP][PASSED] - i = b.indexOf("Отклонение"): null

14-10-2024T12:06:38 - [TEST_STEP][PASSED] - if (i > -1): null

14-10-2024T12:06:38 - [TEST_STEP][PASSED] - i = i: null

14-10-2024T12:06:38 - [TEST_STEP][PASSED] - b = substring(0, i).trim(): null

14-10-2024T12:06:38 - [TEST_STEP][PASSED] - println("b: " + b): null

14-10-2024T12:06:38 - [TEST_STEP][PASSED] - i = b.indexOf("/"): null

14-10-2024T12:06:38 - [TEST_STEP][PASSED] - if (i > -1): null

14-10-2024T12:06:38 - [TEST_STEP][PASSED] - b1 = b.substring(0, i): null

14-10-2024T12:06:38 - [TEST_STEP][PASSED] - println("b1: " + b1): null

14-10-2024T12:06:38 - [TEST_STEP][PASSED] - b2 = b.substring(b1.length() + 1, b.length()): null

14-10-2024T12:06:38 - [TEST_STEP][PASSED] - println("b2: " + b2): null

14-10-2024T12:06:38 - [TEST_STEP][PASSED] - i = b1.length() / 2: null

14-10-2024T12:06:38 - [TEST_STEP][PASSED] - if (i > -1): null

14-10-2024T12:06:38 - [TEST_STEP][PASSED] - b1 = replaceAll("\s+", "").trim(): null

14-10-2024T12:06:38 - [TEST_STEP][PASSED] - println("b1: " + b1): null

14-10-2024T12:06:38 - [TEST_STEP][PASSED] - i = b2.length() / 2: null

14-10-2024T12:06:38 - [TEST_STEP][PASSED] - if (i > -1): null

14-10-2024T12:06:38 - [TEST_STEP][PASSED] - b2 = replaceAll("\s+", "").trim(): null

14-10-2024T12:06:38 - [TEST_STEP][PASSED] - println("b2: " + b2): null

14-10-2024T12:06:38 - [TEST_STEP][PASSED] - vidget = "Отклонения выручки по факторам": null

14-10-2024T12:06:38 - [TEST_STEP][PASSED] - DZO = "ПАО Россети": null

14-10-2024T12:06:38 - [TEST_STEP][PASSED] - typeOfData = "Отклонение (объём услуг)": null

14-10-2024T12:06:38 - [TEST_STEP][PASSED] - Script1719551244403.Compare(x = a1, y = b1, run, typeOfData, otobrajeniyeDannyh, todaysDate, vidget, DZO): null

14-10-2024T12:06:38 - [TEST_STEP][FAILED] - if (verifyEqual(x, y) == true): Unable to verify equal between actual object '-292398' and expected object '34997' (Root cause: com.kms.katalon.core.exception.StepFailedException: Actual object '-292398' and expected object '34997' are not equal
	at com.kms.katalon.core.keyword.builtin.VerifyEqualKeyword$_verifyEqual_closure1.doCall(VerifyEqualKeyword.groovy:58)
	at com.kms.katalon.core.keyword.builtin.VerifyEqualKeyword$_verifyEqual_closure1.call(VerifyEqualKeyword.groovy)
	at com.kms.katalon.core.keyword.internal.KeywordMain.runKeyword(KeywordMain.groovy:75)
	at com.kms.katalon.core.keyword.builtin.VerifyEqualKeyword.verifyEqual(VerifyEqualKeyword.groovy:63)
	at com.kms.katalon.core.keyword.builtin.VerifyEqualKeyword.execute(VerifyEqualKeyword.groovy:44)
	at com.kms.katalon.core.keyword.internal.KeywordExecutor.executeKeywordForPlatform(KeywordExecutor.groovy:74)
	at com.kms.katalon.core.keyword.BuiltinKeywords.verifyEqual(BuiltinKeywords.groovy:146)
	at jdk.internal.reflect.GeneratedMethodAccessor19.invoke(Unknown Source)
	at java.base/jdk.internal.reflect.DelegatingMethodAccessorImpl.invoke(DelegatingMethodAccessorImpl.java:43)
	at Факторный анализ сверка дашбордов.Compare(Факторный анализ сверка дашбордов:668)
	at Факторный анализ сверка дашбордов.Test(Факторный анализ сверка дашбордов:432)
	at Факторный анализ сверка дашбордов.run(Факторный анализ сверка дашбордов:44)
	at com.kms.katalon.core.main.ScriptEngine.run(ScriptEngine.java:194)
	at com.kms.katalon.core.main.ScriptEngine.runScriptAsRawText(ScriptEngine.java:119)
	at com.kms.katalon.core.main.TestCaseExecutor.runScript(TestCaseExecutor.java:448)
	at com.kms.katalon.core.main.TestCaseExecutor.doExecute(TestCaseExecutor.java:439)
	at com.kms.katalon.core.main.TestCaseExecutor.processExecutionPhase(TestCaseExecutor.java:418)
	at com.kms.katalon.core.main.TestCaseExecutor.accessMainPhase(TestCaseExecutor.java:410)
	at com.kms.katalon.core.main.TestCaseExecutor.execute(TestCaseExecutor.java:285)
	at com.kms.katalon.core.common.CommonExecutor.accessTestCaseMainPhase(CommonExecutor.java:65)
	at com.kms.katalon.core.main.TestSuiteExecutor.accessTestSuiteMainPhase(TestSuiteExecutor.java:150)
	at com.kms.katalon.core.main.TestSuiteExecutor.execute(TestSuiteExecutor.java:106)
	at com.kms.katalon.core.main.TestCaseMain.startTestSuite(TestCaseMain.java:180)
	at TempTestSuite1728890597227.run(TempTestSuite1728890597227.groovy:35)
	at java.base/jdk.internal.reflect.NativeMethodAccessorImpl.invoke0(Native Method)
	at java.base/jdk.internal.reflect.NativeMethodAccessorImpl.invoke(NativeMethodAccessorImpl.java:77)
	at java.base/jdk.internal.reflect.DelegatingMethodAccessorImpl.invoke(DelegatingMethodAccessorImpl.java:43)
)

14-10-2024T12:06:38 - [MESSAGE][FAILED] - Unable to verify equal between actual object '-292398' and expected object '34997' (Root cause: com.kms.katalon.core.exception.StepFailedException: Actual object '-292398' and expected object '34997' are not equal
	at com.kms.katalon.core.keyword.builtin.VerifyEqualKeyword$_verifyEqual_closure1.doCall(VerifyEqualKeyword.groovy:58)
	at com.kms.katalon.core.keyword.builtin.VerifyEqualKeyword$_verifyEqual_closure1.call(VerifyEqualKeyword.groovy)
	at com.kms.katalon.core.keyword.internal.KeywordMain.runKeyword(KeywordMain.groovy:75)
	at com.kms.katalon.core.keyword.builtin.VerifyEqualKeyword.verifyEqual(VerifyEqualKeyword.groovy:63)
	at com.kms.katalon.core.keyword.builtin.VerifyEqualKeyword.execute(VerifyEqualKeyword.groovy:44)
	at com.kms.katalon.core.keyword.internal.KeywordExecutor.executeKeywordForPlatform(KeywordExecutor.groovy:74)
	at com.kms.katalon.core.keyword.BuiltinKeywords.verifyEqual(BuiltinKeywords.groovy:146)
	at jdk.internal.reflect.GeneratedMethodAccessor19.invoke(Unknown Source)
	at java.base/jdk.internal.reflect.DelegatingMethodAccessorImpl.invoke(DelegatingMethodAccessorImpl.java:43)
	at Факторный анализ сверка дашбордов.Compare(Факторный анализ сверка дашбордов:668)
	at Факторный анализ сверка дашбордов.Test(Факторный анализ сверка дашбордов:432)
	at Факторный анализ сверка дашбордов.run(Факторный анализ сверка дашбордов:44)
	at com.kms.katalon.core.main.ScriptEngine.run(ScriptEngine.java:194)
	at com.kms.katalon.core.main.ScriptEngine.runScriptAsRawText(ScriptEngine.java:119)
	at com.kms.katalon.core.main.TestCaseExecutor.runScript(TestCaseExecutor.java:448)
	at com.kms.katalon.core.main.TestCaseExecutor.doExecute(TestCaseExecutor.java:439)
	at com.kms.katalon.core.main.TestCaseExecutor.processExecutionPhase(TestCaseExecutor.java:418)
	at com.kms.katalon.core.main.TestCaseExecutor.accessMainPhase(TestCaseExecutor.java:410)
	at com.kms.katalon.core.main.TestCaseExecutor.execute(TestCaseExecutor.java:285)
	at com.kms.katalon.core.common.CommonExecutor.accessTestCaseMainPhase(CommonExecutor.java:65)
	at com.kms.katalon.core.main.TestSuiteExecutor.accessTestSuiteMainPhase(TestSuiteExecutor.java:150)
	at com.kms.katalon.core.main.TestSuiteExecutor.execute(TestSuiteExecutor.java:106)
	at com.kms.katalon.core.main.TestCaseMain.startTestSuite(TestCaseMain.java:180)
	at TempTestSuite1728890597227.run(TempTestSuite1728890597227.groovy:35)
	at java.base/jdk.internal.reflect.NativeMethodAccessorImpl.invoke0(Native Method)
	at java.base/jdk.internal.reflect.NativeMethodAccessorImpl.invoke(NativeMethodAccessorImpl.java:77)
	at java.base/jdk.internal.reflect.DelegatingMethodAccessorImpl.invoke(DelegatingMethodAccessorImpl.java:43)
)

14-10-2024T12:06:38 - [TEST_STEP][PASSED] - else: null

14-10-2024T12:06:38 - [TEST_STEP][PASSED] - if (run == 1): null

14-10-2024T12:06:38 - [TEST_STEP][PASSED] - otobrajeniyeDannyh = "Филиал": null

14-10-2024T12:06:38 - [TEST_STEP][PASSED] - Script1719551244403.WriteToExcel(todaysDate, typeOfData, otobrajeniyeDannyh, x, y, vidget, DZO): null

14-10-2024T12:06:38 - [TEST_STEP][PASSED] - sheetName = "Sheet1": null

14-10-2024T12:06:38 - [TEST_STEP][PASSED] - data = findTestData("PlanFact"): null

14-10-2024T12:06:38 - [TEST_STEP][PASSED] - n = data.getRowNumbers() + 1: null

14-10-2024T12:06:38 - [TEST_STEP][PASSED] - period = getText(findTestObject("Факторный анализ/Фильтр Период")): Text of object 'Object Repository/Факторный анализ/Фильтр Период' is: 'Июль, Август и 1, 2 кв. 2024 года'

14-10-2024T12:06:39 - [MESSAGE][PASSED] - Text of object 'Object Repository/Факторный анализ/Фильтр Период' is: 'Июль, Август и 1, 2 кв. 2024 года'

14-10-2024T12:06:39 - [TEST_STEP][PASSED] - println(period): null

14-10-2024T12:06:39 - [TEST_STEP][PASSED] - dashboardName = "Факторный анализ": null

14-10-2024T12:06:39 - [TEST_STEP][PASSED] - workbook01 = getWorkbook(excelFilePath): null

14-10-2024T12:06:39 - [TEST_STEP][PASSED] - sheet01 = getExcelSheet(workbook01, sheetName): null

14-10-2024T12:06:39 - [TEST_STEP][PASSED] - setValueToCellByIndex(sheet01, n, 0, dashboardName): null

14-10-2024T12:06:39 - [TEST_STEP][PASSED] - setValueToCellByIndex(sheet01, n, 1, DZO): null

14-10-2024T12:06:39 - [TEST_STEP][PASSED] - setValueToCellByIndex(sheet01, n, 2, vidget): null

14-10-2024T12:06:39 - [TEST_STEP][PASSED] - setValueToCellByIndex(sheet01, n, 3, typeOfData): null

14-10-2024T12:06:39 - [TEST_STEP][PASSED] - setValueToCellByIndex(sheet01, n, 4, otobrajeniyeDannyh): null

14-10-2024T12:06:39 - [TEST_STEP][PASSED] - setValueToCellByIndex(sheet01, n, 5, period): null

14-10-2024T12:06:39 - [TEST_STEP][PASSED] - setValueToCellByIndex(sheet01, n, 6, todaysDate): null

14-10-2024T12:06:39 - [TEST_STEP][PASSED] - n = n + 1: null

14-10-2024T12:06:39 - [TEST_STEP][PASSED] - saveWorkbook(excelFilePath, workbook01): null

14-10-2024T12:06:39 - [TEST_STEP][PASSED] - typeOfData = "Отклонение (средний тариф)": null

14-10-2024T12:06:39 - [TEST_STEP][PASSED] - Script1719551244403.Compare(x = a2, y = b2, run, typeOfData, otobrajeniyeDannyh, todaysDate, vidget, DZO): null

14-10-2024T12:06:39 - [TEST_STEP][FAILED] - if (verifyEqual(x, y) == true): Unable to verify equal between actual object '-9531' and expected object '-9626' (Root cause: com.kms.katalon.core.exception.StepFailedException: Actual object '-9531' and expected object '-9626' are not equal
	at com.kms.katalon.core.keyword.builtin.VerifyEqualKeyword$_verifyEqual_closure1.doCall(VerifyEqualKeyword.groovy:58)
	at com.kms.katalon.core.keyword.builtin.VerifyEqualKeyword$_verifyEqual_closure1.call(VerifyEqualKeyword.groovy)
	at com.kms.katalon.core.keyword.internal.KeywordMain.runKeyword(KeywordMain.groovy:75)
	at com.kms.katalon.core.keyword.builtin.VerifyEqualKeyword.verifyEqual(VerifyEqualKeyword.groovy:63)
	at com.kms.katalon.core.keyword.builtin.VerifyEqualKeyword.execute(VerifyEqualKeyword.groovy:44)
	at com.kms.katalon.core.keyword.internal.KeywordExecutor.executeKeywordForPlatform(KeywordExecutor.groovy:74)
	at com.kms.katalon.core.keyword.BuiltinKeywords.verifyEqual(BuiltinKeywords.groovy:146)
	at jdk.internal.reflect.GeneratedMethodAccessor19.invoke(Unknown Source)
	at java.base/jdk.internal.reflect.DelegatingMethodAccessorImpl.invoke(DelegatingMethodAccessorImpl.java:43)
	at Факторный анализ сверка дашбордов.Compare(Факторный анализ сверка дашбордов:668)
	at Факторный анализ сверка дашбордов.Test(Факторный анализ сверка дашбордов:436)
	at Факторный анализ сверка дашбордов.run(Факторный анализ сверка дашбордов:44)
	at com.kms.katalon.core.main.ScriptEngine.run(ScriptEngine.java:194)
	at com.kms.katalon.core.main.ScriptEngine.runScriptAsRawText(ScriptEngine.java:119)
	at com.kms.katalon.core.main.TestCaseExecutor.runScript(TestCaseExecutor.java:448)
	at com.kms.katalon.core.main.TestCaseExecutor.doExecute(TestCaseExecutor.java:439)
	at com.kms.katalon.core.main.TestCaseExecutor.processExecutionPhase(TestCaseExecutor.java:418)
	at com.kms.katalon.core.main.TestCaseExecutor.accessMainPhase(TestCaseExecutor.java:410)
	at com.kms.katalon.core.main.TestCaseExecutor.execute(TestCaseExecutor.java:285)
	at com.kms.katalon.core.common.CommonExecutor.accessTestCaseMainPhase(CommonExecutor.java:65)
	at com.kms.katalon.core.main.TestSuiteExecutor.accessTestSuiteMainPhase(TestSuiteExecutor.java:150)
	at com.kms.katalon.core.main.TestSuiteExecutor.execute(TestSuiteExecutor.java:106)
	at com.kms.katalon.core.main.TestCaseMain.startTestSuite(TestCaseMain.java:180)
	at TempTestSuite1728890597227.run(TempTestSuite1728890597227.groovy:35)
	at java.base/jdk.internal.reflect.NativeMethodAccessorImpl.invoke0(Native Method)
	at java.base/jdk.internal.reflect.NativeMethodAccessorImpl.invoke(NativeMethodAccessorImpl.java:77)
	at java.base/jdk.internal.reflect.DelegatingMethodAccessorImpl.invoke(DelegatingMethodAccessorImpl.java:43)
)

14-10-2024T12:06:39 - [MESSAGE][FAILED] - Unable to verify equal between actual object '-9531' and expected object '-9626' (Root cause: com.kms.katalon.core.exception.StepFailedException: Actual object '-9531' and expected object '-9626' are not equal
	at com.kms.katalon.core.keyword.builtin.VerifyEqualKeyword$_verifyEqual_closure1.doCall(VerifyEqualKeyword.groovy:58)
	at com.kms.katalon.core.keyword.builtin.VerifyEqualKeyword$_verifyEqual_closure1.call(VerifyEqualKeyword.groovy)
	at com.kms.katalon.core.keyword.internal.KeywordMain.runKeyword(KeywordMain.groovy:75)
	at com.kms.katalon.core.keyword.builtin.VerifyEqualKeyword.verifyEqual(VerifyEqualKeyword.groovy:63)
	at com.kms.katalon.core.keyword.builtin.VerifyEqualKeyword.execute(VerifyEqualKeyword.groovy:44)
	at com.kms.katalon.core.keyword.internal.KeywordExecutor.executeKeywordForPlatform(KeywordExecutor.groovy:74)
	at com.kms.katalon.core.keyword.BuiltinKeywords.verifyEqual(BuiltinKeywords.groovy:146)
	at jdk.internal.reflect.GeneratedMethodAccessor19.invoke(Unknown Source)
	at java.base/jdk.internal.reflect.DelegatingMethodAccessorImpl.invoke(DelegatingMethodAccessorImpl.java:43)
	at Факторный анализ сверка дашбордов.Compare(Факторный анализ сверка дашбордов:668)
	at Факторный анализ сверка дашбордов.Test(Факторный анализ сверка дашбордов:436)
	at Факторный анализ сверка дашбордов.run(Факторный анализ сверка дашбордов:44)
	at com.kms.katalon.core.main.ScriptEngine.run(ScriptEngine.java:194)
	at com.kms.katalon.core.main.ScriptEngine.runScriptAsRawText(ScriptEngine.java:119)
	at com.kms.katalon.core.main.TestCaseExecutor.runScript(TestCaseExecutor.java:448)
	at com.kms.katalon.core.main.TestCaseExecutor.doExecute(TestCaseExecutor.java:439)
	at com.kms.katalon.core.main.TestCaseExecutor.processExecutionPhase(TestCaseExecutor.java:418)
	at com.kms.katalon.core.main.TestCaseExecutor.accessMainPhase(TestCaseExecutor.java:410)
	at com.kms.katalon.core.main.TestCaseExecutor.execute(TestCaseExecutor.java:285)
	at com.kms.katalon.core.common.CommonExecutor.accessTestCaseMainPhase(CommonExecutor.java:65)
	at com.kms.katalon.core.main.TestSuiteExecutor.accessTestSuiteMainPhase(TestSuiteExecutor.java:150)
	at com.kms.katalon.core.main.TestSuiteExecutor.execute(TestSuiteExecutor.java:106)
	at com.kms.katalon.core.main.TestCaseMain.startTestSuite(TestCaseMain.java:180)
	at TempTestSuite1728890597227.run(TempTestSuite1728890597227.groovy:35)
	at java.base/jdk.internal.reflect.NativeMethodAccessorImpl.invoke0(Native Method)
	at java.base/jdk.internal.reflect.NativeMethodAccessorImpl.invoke(NativeMethodAccessorImpl.java:77)
	at java.base/jdk.internal.reflect.DelegatingMethodAccessorImpl.invoke(DelegatingMethodAccessorImpl.java:43)
)

14-10-2024T12:06:39 - [TEST_STEP][PASSED] - else: null

14-10-2024T12:06:39 - [TEST_STEP][PASSED] - if (run == 1): null

14-10-2024T12:06:39 - [TEST_STEP][PASSED] - otobrajeniyeDannyh = "Филиал": null

14-10-2024T12:06:39 - [TEST_STEP][PASSED] - Script1719551244403.WriteToExcel(todaysDate, typeOfData, otobrajeniyeDannyh, x, y, vidget, DZO): null

14-10-2024T12:06:39 - [TEST_STEP][PASSED] - sheetName = "Sheet1": null

14-10-2024T12:06:39 - [TEST_STEP][PASSED] - data = findTestData("PlanFact"): null

14-10-2024T12:06:39 - [TEST_STEP][PASSED] - n = data.getRowNumbers() + 1: null

14-10-2024T12:06:39 - [TEST_STEP][PASSED] - period = getText(findTestObject("Факторный анализ/Фильтр Период")): Text of object 'Object Repository/Факторный анализ/Фильтр Период' is: 'Июль, Август и 1, 2 кв. 2024 года'

14-10-2024T12:06:40 - [MESSAGE][PASSED] - Text of object 'Object Repository/Факторный анализ/Фильтр Период' is: 'Июль, Август и 1, 2 кв. 2024 года'

14-10-2024T12:06:40 - [TEST_STEP][PASSED] - println(period): null

14-10-2024T12:06:40 - [TEST_STEP][PASSED] - dashboardName = "Факторный анализ": null

14-10-2024T12:06:40 - [TEST_STEP][PASSED] - workbook01 = getWorkbook(excelFilePath): null

14-10-2024T12:06:40 - [TEST_STEP][PASSED] - sheet01 = getExcelSheet(workbook01, sheetName): null

14-10-2024T12:06:40 - [TEST_STEP][PASSED] - setValueToCellByIndex(sheet01, n, 0, dashboardName): null

14-10-2024T12:06:40 - [TEST_STEP][PASSED] - setValueToCellByIndex(sheet01, n, 1, DZO): null

14-10-2024T12:06:40 - [TEST_STEP][PASSED] - setValueToCellByIndex(sheet01, n, 2, vidget): null

14-10-2024T12:06:40 - [TEST_STEP][PASSED] - setValueToCellByIndex(sheet01, n, 3, typeOfData): null

14-10-2024T12:06:40 - [TEST_STEP][PASSED] - setValueToCellByIndex(sheet01, n, 4, otobrajeniyeDannyh): null

14-10-2024T12:06:40 - [TEST_STEP][PASSED] - setValueToCellByIndex(sheet01, n, 5, period): null

14-10-2024T12:06:40 - [TEST_STEP][PASSED] - setValueToCellByIndex(sheet01, n, 6, todaysDate): null

14-10-2024T12:06:40 - [TEST_STEP][PASSED] - n = n + 1: null

14-10-2024T12:06:40 - [TEST_STEP][PASSED] - saveWorkbook(excelFilePath, workbook01): null

14-10-2024T12:06:40 - [TEST_STEP][PASSED] - tableB = getText(findTestObject("Факторный анализ/AllTable1 Выручка")).replaceAll("[\r?
|
]", "/"): Text of object 'Object Repository/Факторный анализ/AllTable1 Выручка' is: 'ДЗО
Филиал
Отклонение (объём услуг) филиал без Nan
Отклонение (средний тариф) филиал без Nan
АО «Тываэнерго» АО "Тываэнерго" 186 -12
АО «Чеченэнерго» АО «Чеченэнерго» 34 11
Россети Волга Мордовэнерго 152 -90
Оренбургэнерго 561 - 143
Пензаэнерго 249 -72
Самарские РС 379 - 941
Саратовские РС 397 - 402
Ульяновские РС 206 - 198
Чувашэнерго -92 116
Россети Кубань Кубаньэнерго 2 916 83
Россети Ленэнерго (ГК) Ленинградская область 1 497 323
г. Санкт-Петербург 1 973 - 127
Россети Московский регион Московская область 4 586 - 413
г. Москва 2 708 -39
Россети Северный Кавказ (ГК) Дагестанская энергосбытовая компания 0 0
Дагэнерго - 452 434
Ингушэнерго - 171 90
Каббалкэнерго 180 13
Карачаево-Черкесскэнерго 90 -13
Севкавказэнерго - 292 108
Ставропольэнерго 274 - 237
Россети Северо-Запад Архангельский филиал 103 -77
Вологодский филиал 233 -6
Карельский филиал 32 154
Мурманский филиал 106 77
Новгородский филиал 212 -42
Псковский филиал 162 -22
филиал в Республике Коми 49 18
Россети Сибирь (ГК) Алтайэнерго 227 241
Бурятэнерго -86 266
ГАЭС 99 -14
Красноярскэнерго 955 - 272
Кузбассэнерго-РЭС 298 222
Омскэнерго 92 - 140
Хакасэнерго 281 - 319
Читаэнерго -27 88
Россети Томск Томская распределительная компания 333 - 105
Россети Тюмень Россети Тюмень -3 033 - 419
Россети Урал (ГК) Пермэнерго 620 - 198
Свердловэнерго 891 181
Челябэнерго 893 - 608
Россети ФСК ЕЭС Итого по ФСК ЕЭС 8 451 -7 098
Россети Центр Белгородэнерго 293 77
Брянскэнерго 94 7
Воронежэнерго 546 118
Костромаэнерго 121 4
Курскэнерго 148 70
Липецкэнерго 700 - 301
Орелэнерго 160 -12
Смоленскэнерго 121 22
Тамбовэнерго 254 -10
Тверьэнерго 350 94
Ярэнерго 568 16
Россети Центр и Приволжье (ГК) Владимирэнерго 519 47
Ивэнерго 188 28
Калугаэнерго 549 -42
Кировэнерго 395 -2
Мариэнерго 159 13
Нижновэнерго 659 184
Рязаньэнерго 262 38
Тулэнерго 793 - 195
Удмуртэнерго 269 8
Россети Юг (ГК) АО «ВМЭС» 138 24
Астраханьэнерго 74 69
Волгоградэнерго 338 - 274
Калмэнерго 51 -5
Ростовэнерго 704 11
Россети Янтарь Россети Янтарь 273 -37'

14-10-2024T12:06:41 - [MESSAGE][PASSED] - Text of object 'Object Repository/Факторный анализ/AllTable1 Выручка' is: 'ДЗО
Филиал
Отклонение (объём услуг) филиал без Nan
Отклонение (средний тариф) филиал без Nan
АО «Тываэнерго» АО "Тываэнерго" 186 -12
АО «Чеченэнерго» АО «Чеченэнерго» 34 11
Россети Волга Мордовэнерго 152 -90
Оренбургэнерго 561 - 143
Пензаэнерго 249 -72
Самарские РС 379 - 941
Саратовские РС 397 - 402
Ульяновские РС 206 - 198
Чувашэнерго -92 116
Россети Кубань Кубаньэнерго 2 916 83
Россети Ленэнерго (ГК) Ленинградская область 1 497 323
г. Санкт-Петербург 1 973 - 127
Россети Московский регион Московская область 4 586 - 413
г. Москва 2 708 -39
Россети Северный Кавказ (ГК) Дагестанская энергосбытовая компания 0 0
Дагэнерго - 452 434
Ингушэнерго - 171 90
Каббалкэнерго 180 13
Карачаево-Черкесскэнерго 90 -13
Севкавказэнерго - 292 108
Ставропольэнерго 274 - 237
Россети Северо-Запад Архангельский филиал 103 -77
Вологодский филиал 233 -6
Карельский филиал 32 154
Мурманский филиал 106 77
Новгородский филиал 212 -42
Псковский филиал 162 -22
филиал в Республике Коми 49 18
Россети Сибирь (ГК) Алтайэнерго 227 241
Бурятэнерго -86 266
ГАЭС 99 -14
Красноярскэнерго 955 - 272
Кузбассэнерго-РЭС 298 222
Омскэнерго 92 - 140
Хакасэнерго 281 - 319
Читаэнерго -27 88
Россети Томск Томская распределительная компания 333 - 105
Россети Тюмень Россети Тюмень -3 033 - 419
Россети Урал (ГК) Пермэнерго 620 - 198
Свердловэнерго 891 181
Челябэнерго 893 - 608
Россети ФСК ЕЭС Итого по ФСК ЕЭС 8 451 -7 098
Россети Центр Белгородэнерго 293 77
Брянскэнерго 94 7
Воронежэнерго 546 118
Костромаэнерго 121 4
Курскэнерго 148 70
Липецкэнерго 700 - 301
Орелэнерго 160 -12
Смоленскэнерго 121 22
Тамбовэнерго 254 -10
Тверьэнерго 350 94
Ярэнерго 568 16
Россети Центр и Приволжье (ГК) Владимирэнерго 519 47
Ивэнерго 188 28
Калугаэнерго 549 -42
Кировэнерго 395 -2
Мариэнерго 159 13
Нижновэнерго 659 184
Рязаньэнерго 262 38
Тулэнерго 793 - 195
Удмуртэнерго 269 8
Россети Юг (ГК) АО «ВМЭС» 138 24
Астраханьэнерго 74 69
Волгоградэнерго 338 - 274
Калмэнерго 51 -5
Ростовэнерго 704 11
Россети Янтарь Россети Янтарь 273 -37'

14-10-2024T12:06:41 - [TEST_STEP][PASSED] - println("tableB: " + tableB): null

14-10-2024T12:06:41 - [TEST_STEP][PASSED] - for ([i = 1, i < 5, (i++)]): null

14-10-2024T12:06:41 - [TEST_STEP][PASSED] - ii = tableB.indexOf("/") + 1: null

14-10-2024T12:06:41 - [TEST_STEP][PASSED] - tableB = tableB.substring(ii, tableB.length()): null

14-10-2024T12:06:41 - [TEST_STEP][PASSED] - ii = tableB.indexOf("/") + 1: null

14-10-2024T12:06:41 - [TEST_STEP][PASSED] - tableB = tableB.substring(ii, tableB.length()): null

14-10-2024T12:06:41 - [TEST_STEP][PASSED] - ii = tableB.indexOf("/") + 1: null

14-10-2024T12:06:41 - [TEST_STEP][PASSED] - tableB = tableB.substring(ii, tableB.length()): null

14-10-2024T12:06:41 - [TEST_STEP][PASSED] - ii = tableB.indexOf("/") + 1: null

14-10-2024T12:06:41 - [TEST_STEP][PASSED] - tableB = tableB.substring(ii, tableB.length()): null

14-10-2024T12:06:41 - [TEST_STEP][PASSED] - println("tableB: " + tableB): null

14-10-2024T12:06:41 - [TEST_STEP][PASSED] - TyB = Script1719551244403.GetData(x = tableB): null

14-10-2024T12:06:41 - [TEST_STEP][PASSED] - i2 = <not implemented yet for class: org.codehaus.groovy.ast.expr.EmptyExpression>: null

14-10-2024T12:06:41 - [TEST_STEP][PASSED] - i2 = x.indexOf("/") + 1: null

14-10-2024T12:06:41 - [TEST_STEP][PASSED] - x = replaceAll("\p{P}", "").trim(): null

14-10-2024T12:06:41 - [TEST_STEP][PASSED] - return x: null

14-10-2024T12:06:41 - [TEST_STEP][PASSED] - println("TyB: " + TyB): null

14-10-2024T12:06:41 - [TEST_STEP][PASSED] - tableB = Script1719551244403.NewDZO(x = tableB): null

14-10-2024T12:06:41 - [TEST_STEP][PASSED] - i3 = <not implemented yet for class: org.codehaus.groovy.ast.expr.EmptyExpression>: null

14-10-2024T12:06:41 - [TEST_STEP][PASSED] - i3 = x.indexOf("/") + 1: null

14-10-2024T12:06:41 - [TEST_STEP][PASSED] - x = x.substring(i3, x.length()): null

14-10-2024T12:06:41 - [TEST_STEP][PASSED] - return x: null

14-10-2024T12:06:41 - [TEST_STEP][PASSED] - ChB = Script1719551244403.GetData(x = tableB): null

14-10-2024T12:06:41 - [TEST_STEP][PASSED] - i2 = <not implemented yet for class: org.codehaus.groovy.ast.expr.EmptyExpression>: null

14-10-2024T12:06:41 - [TEST_STEP][PASSED] - i2 = x.indexOf("/") + 1: null

14-10-2024T12:06:41 - [TEST_STEP][PASSED] - x = replaceAll("\p{P}", "").trim(): null

14-10-2024T12:06:41 - [TEST_STEP][PASSED] - return x: null

14-10-2024T12:06:41 - [TEST_STEP][PASSED] - println("ChB: " + ChB): null

14-10-2024T12:06:41 - [TEST_STEP][PASSED] - tableB = Script1719551244403.NewDZO(x = tableB): null

14-10-2024T12:06:41 - [TEST_STEP][PASSED] - i3 = <not implemented yet for class: org.codehaus.groovy.ast.expr.EmptyExpression>: null

14-10-2024T12:06:41 - [TEST_STEP][PASSED] - i3 = x.indexOf("/") + 1: null

14-10-2024T12:06:41 - [TEST_STEP][PASSED] - x = x.substring(i3, x.length()): null

14-10-2024T12:06:41 - [TEST_STEP][PASSED] - return x: null

14-10-2024T12:06:41 - [TEST_STEP][PASSED] - i = tableB.indexOf("Кубань"): null

14-10-2024T12:06:41 - [TEST_STEP][PASSED] - VB = replaceAll("\p{P}", "").trim(): null

14-10-2024T12:06:41 - [TEST_STEP][PASSED] - println("VB: " + VB): null

14-10-2024T12:06:41 - [TEST_STEP][PASSED] - for ([i = 1, i < 8, (i++)]): null

14-10-2024T12:06:41 - [TEST_STEP][PASSED] - tableB = Script1719551244403.NewDZO(x = tableB): null

14-10-2024T12:06:41 - [TEST_STEP][PASSED] - i3 = <not implemented yet for class: org.codehaus.groovy.ast.expr.EmptyExpression>: null

14-10-2024T12:06:41 - [TEST_STEP][PASSED] - i3 = x.indexOf("/") + 1: null

14-10-2024T12:06:41 - [TEST_STEP][PASSED] - x = x.substring(i3, x.length()): null

14-10-2024T12:06:41 - [TEST_STEP][PASSED] - return x: null

14-10-2024T12:06:41 - [TEST_STEP][PASSED] - tableB = Script1719551244403.NewDZO(x = tableB): null

14-10-2024T12:06:41 - [TEST_STEP][PASSED] - i3 = <not implemented yet for class: org.codehaus.groovy.ast.expr.EmptyExpression>: null

14-10-2024T12:06:41 - [TEST_STEP][PASSED] - i3 = x.indexOf("/") + 1: null

14-10-2024T12:06:41 - [TEST_STEP][PASSED] - x = x.substring(i3, x.length()): null

14-10-2024T12:06:41 - [TEST_STEP][PASSED] - return x: null

14-10-2024T12:06:41 - [TEST_STEP][PASSED] - tableB = Script1719551244403.NewDZO(x = tableB): null

14-10-2024T12:06:41 - [TEST_STEP][PASSED] - i3 = <not implemented yet for class: org.codehaus.groovy.ast.expr.EmptyExpression>: null

14-10-2024T12:06:41 - [TEST_STEP][PASSED] - i3 = x.indexOf("/") + 1: null

14-10-2024T12:06:41 - [TEST_STEP][PASSED] - x = x.substring(i3, x.length()): null

14-10-2024T12:06:41 - [TEST_STEP][PASSED] - return x: null

14-10-2024T12:06:41 - [TEST_STEP][PASSED] - tableB = Script1719551244403.NewDZO(x = tableB): null

14-10-2024T12:06:41 - [TEST_STEP][PASSED] - i3 = <not implemented yet for class: org.codehaus.groovy.ast.expr.EmptyExpression>: null

14-10-2024T12:06:41 - [TEST_STEP][PASSED] - i3 = x.indexOf("/") + 1: null

14-10-2024T12:06:41 - [TEST_STEP][PASSED] - x = x.substring(i3, x.length()): null

14-10-2024T12:06:41 - [TEST_STEP][PASSED] - return x: null

14-10-2024T12:06:41 - [TEST_STEP][PASSED] - tableB = Script1719551244403.NewDZO(x = tableB): null

14-10-2024T12:06:41 - [TEST_STEP][PASSED] - i3 = <not implemented yet for class: org.codehaus.groovy.ast.expr.EmptyExpression>: null

14-10-2024T12:06:41 - [TEST_STEP][PASSED] - i3 = x.indexOf("/") + 1: null

14-10-2024T12:06:41 - [TEST_STEP][PASSED] - x = x.substring(i3, x.length()): null

14-10-2024T12:06:41 - [TEST_STEP][PASSED] - return x: null

14-10-2024T12:06:41 - [TEST_STEP][PASSED] - tableB = Script1719551244403.NewDZO(x = tableB): null

14-10-2024T12:06:41 - [TEST_STEP][PASSED] - i3 = <not implemented yet for class: org.codehaus.groovy.ast.expr.EmptyExpression>: null

14-10-2024T12:06:41 - [TEST_STEP][PASSED] - i3 = x.indexOf("/") + 1: null

14-10-2024T12:06:41 - [TEST_STEP][PASSED] - x = x.substring(i3, x.length()): null

14-10-2024T12:06:41 - [TEST_STEP][PASSED] - return x: null

14-10-2024T12:06:41 - [TEST_STEP][PASSED] - tableB = Script1719551244403.NewDZO(x = tableB): null

14-10-2024T12:06:41 - [TEST_STEP][PASSED] - i3 = <not implemented yet for class: org.codehaus.groovy.ast.expr.EmptyExpression>: null

14-10-2024T12:06:41 - [TEST_STEP][PASSED] - i3 = x.indexOf("/") + 1: null

14-10-2024T12:06:41 - [TEST_STEP][PASSED] - x = x.substring(i3, x.length()): null

14-10-2024T12:06:41 - [TEST_STEP][PASSED] - return x: null

14-10-2024T12:06:41 - [TEST_STEP][PASSED] - i = tableB.indexOf("Ленэнерго"): null

14-10-2024T12:06:41 - [TEST_STEP][PASSED] - KuB = Script1719551244403.GetData(x = tableB): null

14-10-2024T12:06:41 - [TEST_STEP][PASSED] - i2 = <not implemented yet for class: org.codehaus.groovy.ast.expr.EmptyExpression>: null

14-10-2024T12:06:41 - [TEST_STEP][PASSED] - i2 = x.indexOf("/") + 1: null

14-10-2024T12:06:41 - [TEST_STEP][PASSED] - x = replaceAll("\p{P}", "").trim(): null

14-10-2024T12:06:41 - [TEST_STEP][PASSED] - return x: null

14-10-2024T12:06:41 - [TEST_STEP][PASSED] - println("KuB: " + KuB): null

14-10-2024T12:06:41 - [TEST_STEP][PASSED] - tableB = Script1719551244403.NewDZO(x = tableB): null

14-10-2024T12:06:41 - [TEST_STEP][PASSED] - i3 = <not implemented yet for class: org.codehaus.groovy.ast.expr.EmptyExpression>: null

14-10-2024T12:06:41 - [TEST_STEP][PASSED] - i3 = x.indexOf("/") + 1: null

14-10-2024T12:06:41 - [TEST_STEP][PASSED] - x = x.substring(i3, x.length()): null

14-10-2024T12:06:41 - [TEST_STEP][PASSED] - return x: null

14-10-2024T12:06:41 - [TEST_STEP][PASSED] - i = tableB.indexOf("Московский"): null

14-10-2024T12:06:41 - [TEST_STEP][PASSED] - LenB = replaceAll("\p{P}", "").trim(): null

14-10-2024T12:06:41 - [TEST_STEP][PASSED] - println("LenB: " + LenB): null

14-10-2024T12:06:41 - [TEST_STEP][PASSED] - tableB = Script1719551244403.NewDZO(x = tableB): null

14-10-2024T12:06:41 - [TEST_STEP][PASSED] - i3 = <not implemented yet for class: org.codehaus.groovy.ast.expr.EmptyExpression>: null

14-10-2024T12:06:41 - [TEST_STEP][PASSED] - i3 = x.indexOf("/") + 1: null

14-10-2024T12:06:41 - [TEST_STEP][PASSED] - x = x.substring(i3, x.length()): null

14-10-2024T12:06:41 - [TEST_STEP][PASSED] - return x: null

14-10-2024T12:06:41 - [TEST_STEP][PASSED] - tableB = Script1719551244403.NewDZO(x = tableB): null

14-10-2024T12:06:41 - [TEST_STEP][PASSED] - i3 = <not implemented yet for class: org.codehaus.groovy.ast.expr.EmptyExpression>: null

14-10-2024T12:06:41 - [TEST_STEP][PASSED] - i3 = x.indexOf("/") + 1: null

14-10-2024T12:06:41 - [TEST_STEP][PASSED] - x = x.substring(i3, x.length()): null

14-10-2024T12:06:41 - [TEST_STEP][PASSED] - return x: null

14-10-2024T12:06:41 - [TEST_STEP][PASSED] - i = tableB.indexOf("Кавказ"): null

14-10-2024T12:06:41 - [TEST_STEP][PASSED] - MosB = replaceAll("\p{P}", "").trim(): null

14-10-2024T12:06:41 - [TEST_STEP][PASSED] - println("MosB: " + MosB): null

14-10-2024T12:06:41 - [TEST_STEP][PASSED] - for ([i = 1, i < 3, (i++)]): null

14-10-2024T12:06:41 - [TEST_STEP][PASSED] - tableB = Script1719551244403.NewDZO(x = tableB): null

14-10-2024T12:06:41 - [TEST_STEP][PASSED] - i3 = <not implemented yet for class: org.codehaus.groovy.ast.expr.EmptyExpression>: null

14-10-2024T12:06:41 - [TEST_STEP][PASSED] - i3 = x.indexOf("/") + 1: null

14-10-2024T12:06:41 - [TEST_STEP][PASSED] - x = x.substring(i3, x.length()): null

14-10-2024T12:06:41 - [TEST_STEP][PASSED] - return x: null

14-10-2024T12:06:41 - [TEST_STEP][PASSED] - tableB = Script1719551244403.NewDZO(x = tableB): null

14-10-2024T12:06:41 - [TEST_STEP][PASSED] - i3 = <not implemented yet for class: org.codehaus.groovy.ast.expr.EmptyExpression>: null

14-10-2024T12:06:41 - [TEST_STEP][PASSED] - i3 = x.indexOf("/") + 1: null

14-10-2024T12:06:41 - [TEST_STEP][PASSED] - x = x.substring(i3, x.length()): null

14-10-2024T12:06:41 - [TEST_STEP][PASSED] - return x: null

14-10-2024T12:06:41 - [TEST_STEP][PASSED] - i = tableB.indexOf("Запад"): null

14-10-2024T12:06:41 - [TEST_STEP][PASSED] - SKB = replaceAll("\p{P}", "").trim(): null

14-10-2024T12:06:41 - [TEST_STEP][PASSED] - println("SKB: " + SKB): null

14-10-2024T12:06:41 - [TEST_STEP][PASSED] - for ([i = 1, i < 7, (i++)]): null

14-10-2024T12:06:41 - [TEST_STEP][PASSED] - tableB = Script1719551244403.NewDZO(x = tableB): null

14-10-2024T12:06:41 - [TEST_STEP][PASSED] - i3 = <not implemented yet for class: org.codehaus.groovy.ast.expr.EmptyExpression>: null

14-10-2024T12:06:41 - [TEST_STEP][PASSED] - i3 = x.indexOf("/") + 1: null

14-10-2024T12:06:41 - [TEST_STEP][PASSED] - x = x.substring(i3, x.length()): null

14-10-2024T12:06:41 - [TEST_STEP][PASSED] - return x: null

14-10-2024T12:06:41 - [TEST_STEP][PASSED] - tableB = Script1719551244403.NewDZO(x = tableB): null

14-10-2024T12:06:41 - [TEST_STEP][PASSED] - i3 = <not implemented yet for class: org.codehaus.groovy.ast.expr.EmptyExpression>: null

14-10-2024T12:06:41 - [TEST_STEP][PASSED] - i3 = x.indexOf("/") + 1: null

14-10-2024T12:06:41 - [TEST_STEP][PASSED] - x = x.substring(i3, x.length()): null

14-10-2024T12:06:41 - [TEST_STEP][PASSED] - return x: null

14-10-2024T12:06:41 - [TEST_STEP][PASSED] - tableB = Script1719551244403.NewDZO(x = tableB): null

14-10-2024T12:06:41 - [TEST_STEP][PASSED] - i3 = <not implemented yet for class: org.codehaus.groovy.ast.expr.EmptyExpression>: null

14-10-2024T12:06:41 - [TEST_STEP][PASSED] - i3 = x.indexOf("/") + 1: null

14-10-2024T12:06:41 - [TEST_STEP][PASSED] - x = x.substring(i3, x.length()): null

14-10-2024T12:06:41 - [TEST_STEP][PASSED] - return x: null

14-10-2024T12:06:41 - [TEST_STEP][PASSED] - tableB = Script1719551244403.NewDZO(x = tableB): null

14-10-2024T12:06:41 - [TEST_STEP][PASSED] - i3 = <not implemented yet for class: org.codehaus.groovy.ast.expr.EmptyExpression>: null

14-10-2024T12:06:41 - [TEST_STEP][PASSED] - i3 = x.indexOf("/") + 1: null

14-10-2024T12:06:41 - [TEST_STEP][PASSED] - x = x.substring(i3, x.length()): null

14-10-2024T12:06:41 - [TEST_STEP][PASSED] - return x: null

14-10-2024T12:06:41 - [TEST_STEP][PASSED] - tableB = Script1719551244403.NewDZO(x = tableB): null

14-10-2024T12:06:41 - [TEST_STEP][PASSED] - i3 = <not implemented yet for class: org.codehaus.groovy.ast.expr.EmptyExpression>: null

14-10-2024T12:06:41 - [TEST_STEP][PASSED] - i3 = x.indexOf("/") + 1: null

14-10-2024T12:06:41 - [TEST_STEP][PASSED] - x = x.substring(i3, x.length()): null

14-10-2024T12:06:41 - [TEST_STEP][PASSED] - return x: null

14-10-2024T12:06:41 - [TEST_STEP][PASSED] - tableB = Script1719551244403.NewDZO(x = tableB): null

14-10-2024T12:06:41 - [TEST_STEP][PASSED] - i3 = <not implemented yet for class: org.codehaus.groovy.ast.expr.EmptyExpression>: null

14-10-2024T12:06:41 - [TEST_STEP][PASSED] - i3 = x.indexOf("/") + 1: null

14-10-2024T12:06:41 - [TEST_STEP][PASSED] - x = x.substring(i3, x.length()): null

14-10-2024T12:06:41 - [TEST_STEP][PASSED] - return x: null

14-10-2024T12:06:41 - [TEST_STEP][PASSED] - i = tableB.indexOf("Сибирь"): null

14-10-2024T12:06:41 - [TEST_STEP][PASSED] - SZB = replaceAll("\p{P}", "").trim(): null

14-10-2024T12:06:41 - [TEST_STEP][PASSED] - println("SZB: " + SZB): null

14-10-2024T12:06:41 - [TEST_STEP][PASSED] - for ([i = 1, i < 8, (i++)]): null

14-10-2024T12:06:41 - [TEST_STEP][PASSED] - tableB = Script1719551244403.NewDZO(x = tableB): null

14-10-2024T12:06:41 - [TEST_STEP][PASSED] - i3 = <not implemented yet for class: org.codehaus.groovy.ast.expr.EmptyExpression>: null

14-10-2024T12:06:41 - [TEST_STEP][PASSED] - i3 = x.indexOf("/") + 1: null

14-10-2024T12:06:41 - [TEST_STEP][PASSED] - x = x.substring(i3, x.length()): null

14-10-2024T12:06:41 - [TEST_STEP][PASSED] - return x: null

14-10-2024T12:06:41 - [TEST_STEP][PASSED] - tableB = Script1719551244403.NewDZO(x = tableB): null

14-10-2024T12:06:41 - [TEST_STEP][PASSED] - i3 = <not implemented yet for class: org.codehaus.groovy.ast.expr.EmptyExpression>: null

14-10-2024T12:06:41 - [TEST_STEP][PASSED] - i3 = x.indexOf("/") + 1: null

14-10-2024T12:06:41 - [TEST_STEP][PASSED] - x = x.substring(i3, x.length()): null

14-10-2024T12:06:41 - [TEST_STEP][PASSED] - return x: null

14-10-2024T12:06:41 - [TEST_STEP][PASSED] - tableB = Script1719551244403.NewDZO(x = tableB): null

14-10-2024T12:06:41 - [TEST_STEP][PASSED] - i3 = <not implemented yet for class: org.codehaus.groovy.ast.expr.EmptyExpression>: null

14-10-2024T12:06:41 - [TEST_STEP][PASSED] - i3 = x.indexOf("/") + 1: null

14-10-2024T12:06:41 - [TEST_STEP][PASSED] - x = x.substring(i3, x.length()): null

14-10-2024T12:06:41 - [TEST_STEP][PASSED] - return x: null

14-10-2024T12:06:41 - [TEST_STEP][PASSED] - tableB = Script1719551244403.NewDZO(x = tableB): null

14-10-2024T12:06:41 - [TEST_STEP][PASSED] - i3 = <not implemented yet for class: org.codehaus.groovy.ast.expr.EmptyExpression>: null

14-10-2024T12:06:41 - [TEST_STEP][PASSED] - i3 = x.indexOf("/") + 1: null

14-10-2024T12:06:41 - [TEST_STEP][PASSED] - x = x.substring(i3, x.length()): null

14-10-2024T12:06:41 - [TEST_STEP][PASSED] - return x: null

14-10-2024T12:06:41 - [TEST_STEP][PASSED] - tableB = Script1719551244403.NewDZO(x = tableB): null

14-10-2024T12:06:41 - [TEST_STEP][PASSED] - i3 = <not implemented yet for class: org.codehaus.groovy.ast.expr.EmptyExpression>: null

14-10-2024T12:06:41 - [TEST_STEP][PASSED] - i3 = x.indexOf("/") + 1: null

14-10-2024T12:06:41 - [TEST_STEP][PASSED] - x = x.substring(i3, x.length()): null

14-10-2024T12:06:41 - [TEST_STEP][PASSED] - return x: null

14-10-2024T12:06:41 - [TEST_STEP][PASSED] - tableB = Script1719551244403.NewDZO(x = tableB): null

14-10-2024T12:06:41 - [TEST_STEP][PASSED] - i3 = <not implemented yet for class: org.codehaus.groovy.ast.expr.EmptyExpression>: null

14-10-2024T12:06:41 - [TEST_STEP][PASSED] - i3 = x.indexOf("/") + 1: null

14-10-2024T12:06:41 - [TEST_STEP][PASSED] - x = x.substring(i3, x.length()): null

14-10-2024T12:06:41 - [TEST_STEP][PASSED] - return x: null

14-10-2024T12:06:41 - [TEST_STEP][PASSED] - tableB = Script1719551244403.NewDZO(x = tableB): null

14-10-2024T12:06:41 - [TEST_STEP][PASSED] - i3 = <not implemented yet for class: org.codehaus.groovy.ast.expr.EmptyExpression>: null

14-10-2024T12:06:41 - [TEST_STEP][PASSED] - i3 = x.indexOf("/") + 1: null

14-10-2024T12:06:41 - [TEST_STEP][PASSED] - x = x.substring(i3, x.length()): null

14-10-2024T12:06:41 - [TEST_STEP][PASSED] - return x: null

14-10-2024T12:06:41 - [TEST_STEP][PASSED] - i = tableB.indexOf("Томск"): null

14-10-2024T12:06:41 - [TEST_STEP][PASSED] - SiB = replaceAll("\p{P}", "").trim(): null

14-10-2024T12:06:41 - [TEST_STEP][PASSED] - println("SiB: " + SiB): null

14-10-2024T12:06:41 - [TEST_STEP][PASSED] - for ([i = 1, i < 9, (i++)]): null

14-10-2024T12:06:41 - [TEST_STEP][PASSED] - tableB = Script1719551244403.NewDZO(x = tableB): null

14-10-2024T12:06:41 - [TEST_STEP][PASSED] - i3 = <not implemented yet for class: org.codehaus.groovy.ast.expr.EmptyExpression>: null

14-10-2024T12:06:41 - [TEST_STEP][PASSED] - i3 = x.indexOf("/") + 1: null

14-10-2024T12:06:41 - [TEST_STEP][PASSED] - x = x.substring(i3, x.length()): null

14-10-2024T12:06:41 - [TEST_STEP][PASSED] - return x: null

14-10-2024T12:06:41 - [TEST_STEP][PASSED] - tableB = Script1719551244403.NewDZO(x = tableB): null

14-10-2024T12:06:41 - [TEST_STEP][PASSED] - i3 = <not implemented yet for class: org.codehaus.groovy.ast.expr.EmptyExpression>: null

14-10-2024T12:06:41 - [TEST_STEP][PASSED] - i3 = x.indexOf("/") + 1: null

14-10-2024T12:06:41 - [TEST_STEP][PASSED] - x = x.substring(i3, x.length()): null

14-10-2024T12:06:41 - [TEST_STEP][PASSED] - return x: null

14-10-2024T12:06:41 - [TEST_STEP][PASSED] - tableB = Script1719551244403.NewDZO(x = tableB): null

14-10-2024T12:06:41 - [TEST_STEP][PASSED] - i3 = <not implemented yet for class: org.codehaus.groovy.ast.expr.EmptyExpression>: null

14-10-2024T12:06:41 - [TEST_STEP][PASSED] - i3 = x.indexOf("/") + 1: null

14-10-2024T12:06:41 - [TEST_STEP][PASSED] - x = x.substring(i3, x.length()): null

14-10-2024T12:06:41 - [TEST_STEP][PASSED] - return x: null

14-10-2024T12:06:41 - [TEST_STEP][PASSED] - tableB = Script1719551244403.NewDZO(x = tableB): null

14-10-2024T12:06:41 - [TEST_STEP][PASSED] - i3 = <not implemented yet for class: org.codehaus.groovy.ast.expr.EmptyExpression>: null

14-10-2024T12:06:41 - [TEST_STEP][PASSED] - i3 = x.indexOf("/") + 1: null

14-10-2024T12:06:41 - [TEST_STEP][PASSED] - x = x.substring(i3, x.length()): null

14-10-2024T12:06:41 - [TEST_STEP][PASSED] - return x: null

14-10-2024T12:06:41 - [TEST_STEP][PASSED] - tableB = Script1719551244403.NewDZO(x = tableB): null

14-10-2024T12:06:41 - [TEST_STEP][PASSED] - i3 = <not implemented yet for class: org.codehaus.groovy.ast.expr.EmptyExpression>: null

14-10-2024T12:06:41 - [TEST_STEP][PASSED] - i3 = x.indexOf("/") + 1: null

14-10-2024T12:06:41 - [TEST_STEP][PASSED] - x = x.substring(i3, x.length()): null

14-10-2024T12:06:41 - [TEST_STEP][PASSED] - return x: null

14-10-2024T12:06:41 - [TEST_STEP][PASSED] - tableB = Script1719551244403.NewDZO(x = tableB): null

14-10-2024T12:06:41 - [TEST_STEP][PASSED] - i3 = <not implemented yet for class: org.codehaus.groovy.ast.expr.EmptyExpression>: null

14-10-2024T12:06:41 - [TEST_STEP][PASSED] - i3 = x.indexOf("/") + 1: null

14-10-2024T12:06:41 - [TEST_STEP][PASSED] - x = x.substring(i3, x.length()): null

14-10-2024T12:06:41 - [TEST_STEP][PASSED] - return x: null

14-10-2024T12:06:41 - [TEST_STEP][PASSED] - tableB = Script1719551244403.NewDZO(x = tableB): null

14-10-2024T12:06:41 - [TEST_STEP][PASSED] - i3 = <not implemented yet for class: org.codehaus.groovy.ast.expr.EmptyExpression>: null

14-10-2024T12:06:41 - [TEST_STEP][PASSED] - i3 = x.indexOf("/") + 1: null

14-10-2024T12:06:41 - [TEST_STEP][PASSED] - x = x.substring(i3, x.length()): null

14-10-2024T12:06:41 - [TEST_STEP][PASSED] - return x: null

14-10-2024T12:06:41 - [TEST_STEP][PASSED] - tableB = Script1719551244403.NewDZO(x = tableB): null

14-10-2024T12:06:41 - [TEST_STEP][PASSED] - i3 = <not implemented yet for class: org.codehaus.groovy.ast.expr.EmptyExpression>: null

14-10-2024T12:06:41 - [TEST_STEP][PASSED] - i3 = x.indexOf("/") + 1: null

14-10-2024T12:06:41 - [TEST_STEP][PASSED] - x = x.substring(i3, x.length()): null

14-10-2024T12:06:41 - [TEST_STEP][PASSED] - return x: null

14-10-2024T12:06:41 - [TEST_STEP][PASSED] - i = tableB.indexOf("Тюмень"): null

14-10-2024T12:06:41 - [TEST_STEP][PASSED] - ToB = replaceAll("\p{P}", "").trim(): null

14-10-2024T12:06:41 - [TEST_STEP][PASSED] - println("ToB: " + ToB): null

14-10-2024T12:06:41 - [TEST_STEP][PASSED] - tableB = Script1719551244403.NewDZO(x = tableB): null

14-10-2024T12:06:41 - [TEST_STEP][PASSED] - i3 = <not implemented yet for class: org.codehaus.groovy.ast.expr.EmptyExpression>: null

14-10-2024T12:06:41 - [TEST_STEP][PASSED] - i3 = x.indexOf("/") + 1: null

14-10-2024T12:06:41 - [TEST_STEP][PASSED] - x = x.substring(i3, x.length()): null

14-10-2024T12:06:41 - [TEST_STEP][PASSED] - return x: null

14-10-2024T12:06:41 - [TEST_STEP][PASSED] - TyuB = replaceAll("\p{P}", "").trim(): null

14-10-2024T12:06:41 - [TEST_STEP][PASSED] - println("TyuB: " + TyuB): null

14-10-2024T12:06:41 - [TEST_STEP][PASSED] - tableB = Script1719551244403.NewDZO(x = tableB): null

14-10-2024T12:06:41 - [TEST_STEP][PASSED] - i3 = <not implemented yet for class: org.codehaus.groovy.ast.expr.EmptyExpression>: null

14-10-2024T12:06:41 - [TEST_STEP][PASSED] - i3 = x.indexOf("/") + 1: null

14-10-2024T12:06:41 - [TEST_STEP][PASSED] - x = x.substring(i3, x.length()): null

14-10-2024T12:06:41 - [TEST_STEP][PASSED] - return x: null

14-10-2024T12:06:41 - [TEST_STEP][PASSED] - i = tableB.indexOf("ЕЭС"): null

14-10-2024T12:06:41 - [TEST_STEP][PASSED] - UrB = replaceAll("\p{P}", "").trim(): null

14-10-2024T12:06:41 - [TEST_STEP][PASSED] - println("UrB: " + UrB): null

14-10-2024T12:06:41 - [TEST_STEP][PASSED] - for ([i = 1, i < 4, (i++)]): null

14-10-2024T12:06:41 - [TEST_STEP][PASSED] - tableB = Script1719551244403.NewDZO(x = tableB): null

14-10-2024T12:06:41 - [TEST_STEP][PASSED] - i3 = <not implemented yet for class: org.codehaus.groovy.ast.expr.EmptyExpression>: null

14-10-2024T12:06:41 - [TEST_STEP][PASSED] - i3 = x.indexOf("/") + 1: null

14-10-2024T12:06:41 - [TEST_STEP][PASSED] - x = x.substring(i3, x.length()): null

14-10-2024T12:06:41 - [TEST_STEP][PASSED] - return x: null

14-10-2024T12:06:41 - [TEST_STEP][PASSED] - tableB = Script1719551244403.NewDZO(x = tableB): null

14-10-2024T12:06:41 - [TEST_STEP][PASSED] - i3 = <not implemented yet for class: org.codehaus.groovy.ast.expr.EmptyExpression>: null

14-10-2024T12:06:41 - [TEST_STEP][PASSED] - i3 = x.indexOf("/") + 1: null

14-10-2024T12:06:41 - [TEST_STEP][PASSED] - x = x.substring(i3, x.length()): null

14-10-2024T12:06:41 - [TEST_STEP][PASSED] - return x: null

14-10-2024T12:06:41 - [TEST_STEP][PASSED] - tableB = Script1719551244403.NewDZO(x = tableB): null

14-10-2024T12:06:41 - [TEST_STEP][PASSED] - i3 = <not implemented yet for class: org.codehaus.groovy.ast.expr.EmptyExpression>: null

14-10-2024T12:06:41 - [TEST_STEP][PASSED] - i3 = x.indexOf("/") + 1: null

14-10-2024T12:06:41 - [TEST_STEP][PASSED] - x = x.substring(i3, x.length()): null

14-10-2024T12:06:41 - [TEST_STEP][PASSED] - return x: null

14-10-2024T12:06:41 - [TEST_STEP][PASSED] - i = tableB.indexOf("Центр"): null

14-10-2024T12:06:41 - [TEST_STEP][PASSED] - FSKB = replaceAll("\p{P}", "").trim(): null

14-10-2024T12:06:41 - [TEST_STEP][PASSED] - println("FSKB: " + FSKB): null

14-10-2024T12:06:41 - [TEST_STEP][PASSED] - tableB = Script1719551244403.NewDZO(x = tableB): null

14-10-2024T12:06:41 - [TEST_STEP][PASSED] - i3 = <not implemented yet for class: org.codehaus.groovy.ast.expr.EmptyExpression>: null

14-10-2024T12:06:41 - [TEST_STEP][PASSED] - i3 = x.indexOf("/") + 1: null

14-10-2024T12:06:41 - [TEST_STEP][PASSED] - x = x.substring(i3, x.length()): null

14-10-2024T12:06:41 - [TEST_STEP][PASSED] - return x: null

14-10-2024T12:06:41 - [TEST_STEP][PASSED] - i = tableB.indexOf("Приволжье"): null

14-10-2024T12:06:41 - [TEST_STEP][PASSED] - CenB = replaceAll("\p{P}", "").trim(): null

14-10-2024T12:06:41 - [TEST_STEP][PASSED] - println("CenB: " + CenB): null

14-10-2024T12:06:41 - [TEST_STEP][PASSED] - for ([i = 1, i < 12, (i++)]): null

14-10-2024T12:06:41 - [TEST_STEP][PASSED] - tableB = Script1719551244403.NewDZO(x = tableB): null

14-10-2024T12:06:41 - [TEST_STEP][PASSED] - i3 = <not implemented yet for class: org.codehaus.groovy.ast.expr.EmptyExpression>: null

14-10-2024T12:06:41 - [TEST_STEP][PASSED] - i3 = x.indexOf("/") + 1: null

14-10-2024T12:06:41 - [TEST_STEP][PASSED] - x = x.substring(i3, x.length()): null

14-10-2024T12:06:41 - [TEST_STEP][PASSED] - return x: null

14-10-2024T12:06:41 - [TEST_STEP][PASSED] - tableB = Script1719551244403.NewDZO(x = tableB): null

14-10-2024T12:06:41 - [TEST_STEP][PASSED] - i3 = <not implemented yet for class: org.codehaus.groovy.ast.expr.EmptyExpression>: null

14-10-2024T12:06:41 - [TEST_STEP][PASSED] - i3 = x.indexOf("/") + 1: null

14-10-2024T12:06:41 - [TEST_STEP][PASSED] - x = x.substring(i3, x.length()): null

14-10-2024T12:06:41 - [TEST_STEP][PASSED] - return x: null

14-10-2024T12:06:41 - [TEST_STEP][PASSED] - tableB = Script1719551244403.NewDZO(x = tableB): null

14-10-2024T12:06:41 - [TEST_STEP][PASSED] - i3 = <not implemented yet for class: org.codehaus.groovy.ast.expr.EmptyExpression>: null

14-10-2024T12:06:41 - [TEST_STEP][PASSED] - i3 = x.indexOf("/") + 1: null

14-10-2024T12:06:41 - [TEST_STEP][PASSED] - x = x.substring(i3, x.length()): null

14-10-2024T12:06:41 - [TEST_STEP][PASSED] - return x: null

14-10-2024T12:06:41 - [TEST_STEP][PASSED] - tableB = Script1719551244403.NewDZO(x = tableB): null

14-10-2024T12:06:41 - [TEST_STEP][PASSED] - i3 = <not implemented yet for class: org.codehaus.groovy.ast.expr.EmptyExpression>: null

14-10-2024T12:06:41 - [TEST_STEP][PASSED] - i3 = x.indexOf("/") + 1: null

14-10-2024T12:06:41 - [TEST_STEP][PASSED] - x = x.substring(i3, x.length()): null

14-10-2024T12:06:41 - [TEST_STEP][PASSED] - return x: null

14-10-2024T12:06:41 - [TEST_STEP][PASSED] - tableB = Script1719551244403.NewDZO(x = tableB): null

14-10-2024T12:06:41 - [TEST_STEP][PASSED] - i3 = <not implemented yet for class: org.codehaus.groovy.ast.expr.EmptyExpression>: null

14-10-2024T12:06:41 - [TEST_STEP][PASSED] - i3 = x.indexOf("/") + 1: null

14-10-2024T12:06:41 - [TEST_STEP][PASSED] - x = x.substring(i3, x.length()): null

14-10-2024T12:06:41 - [TEST_STEP][PASSED] - return x: null

14-10-2024T12:06:41 - [TEST_STEP][PASSED] - tableB = Script1719551244403.NewDZO(x = tableB): null

14-10-2024T12:06:41 - [TEST_STEP][PASSED] - i3 = <not implemented yet for class: org.codehaus.groovy.ast.expr.EmptyExpression>: null

14-10-2024T12:06:41 - [TEST_STEP][PASSED] - i3 = x.indexOf("/") + 1: null

14-10-2024T12:06:41 - [TEST_STEP][PASSED] - x = x.substring(i3, x.length()): null

14-10-2024T12:06:41 - [TEST_STEP][PASSED] - return x: null

14-10-2024T12:06:41 - [TEST_STEP][PASSED] - tableB = Script1719551244403.NewDZO(x = tableB): null

14-10-2024T12:06:41 - [TEST_STEP][PASSED] - i3 = <not implemented yet for class: org.codehaus.groovy.ast.expr.EmptyExpression>: null

14-10-2024T12:06:41 - [TEST_STEP][PASSED] - i3 = x.indexOf("/") + 1: null

14-10-2024T12:06:41 - [TEST_STEP][PASSED] - x = x.substring(i3, x.length()): null

14-10-2024T12:06:41 - [TEST_STEP][PASSED] - return x: null

14-10-2024T12:06:41 - [TEST_STEP][PASSED] - tableB = Script1719551244403.NewDZO(x = tableB): null

14-10-2024T12:06:41 - [TEST_STEP][PASSED] - i3 = <not implemented yet for class: org.codehaus.groovy.ast.expr.EmptyExpression>: null

14-10-2024T12:06:41 - [TEST_STEP][PASSED] - i3 = x.indexOf("/") + 1: null

14-10-2024T12:06:41 - [TEST_STEP][PASSED] - x = x.substring(i3, x.length()): null

14-10-2024T12:06:41 - [TEST_STEP][PASSED] - return x: null

14-10-2024T12:06:41 - [TEST_STEP][PASSED] - tableB = Script1719551244403.NewDZO(x = tableB): null

14-10-2024T12:06:41 - [TEST_STEP][PASSED] - i3 = <not implemented yet for class: org.codehaus.groovy.ast.expr.EmptyExpression>: null

14-10-2024T12:06:41 - [TEST_STEP][PASSED] - i3 = x.indexOf("/") + 1: null

14-10-2024T12:06:41 - [TEST_STEP][PASSED] - x = x.substring(i3, x.length()): null

14-10-2024T12:06:41 - [TEST_STEP][PASSED] - return x: null

14-10-2024T12:06:41 - [TEST_STEP][PASSED] - tableB = Script1719551244403.NewDZO(x = tableB): null

14-10-2024T12:06:41 - [TEST_STEP][PASSED] - i3 = <not implemented yet for class: org.codehaus.groovy.ast.expr.EmptyExpression>: null

14-10-2024T12:06:41 - [TEST_STEP][PASSED] - i3 = x.indexOf("/") + 1: null

14-10-2024T12:06:41 - [TEST_STEP][PASSED] - x = x.substring(i3, x.length()): null

14-10-2024T12:06:41 - [TEST_STEP][PASSED] - return x: null

14-10-2024T12:06:41 - [TEST_STEP][PASSED] - tableB = Script1719551244403.NewDZO(x = tableB): null

14-10-2024T12:06:41 - [TEST_STEP][PASSED] - i3 = <not implemented yet for class: org.codehaus.groovy.ast.expr.EmptyExpression>: null

14-10-2024T12:06:41 - [TEST_STEP][PASSED] - i3 = x.indexOf("/") + 1: null

14-10-2024T12:06:41 - [TEST_STEP][PASSED] - x = x.substring(i3, x.length()): null

14-10-2024T12:06:41 - [TEST_STEP][PASSED] - return x: null

14-10-2024T12:06:41 - [TEST_STEP][PASSED] - i = tableB.indexOf("Юг"): null

14-10-2024T12:06:41 - [TEST_STEP][PASSED] - CiPB = replaceAll("\p{P}", "").trim(): null

14-10-2024T12:06:41 - [TEST_STEP][PASSED] - println("CiPB: " + CiPB): null

14-10-2024T12:06:41 - [TEST_STEP][PASSED] - for ([i = 1, i < 10, (i++)]): null

14-10-2024T12:06:41 - [TEST_STEP][PASSED] - tableB = Script1719551244403.NewDZO(x = tableB): null

14-10-2024T12:06:41 - [TEST_STEP][PASSED] - i3 = <not implemented yet for class: org.codehaus.groovy.ast.expr.EmptyExpression>: null

14-10-2024T12:06:41 - [TEST_STEP][PASSED] - i3 = x.indexOf("/") + 1: null

14-10-2024T12:06:41 - [TEST_STEP][PASSED] - x = x.substring(i3, x.length()): null

14-10-2024T12:06:41 - [TEST_STEP][PASSED] - return x: null

14-10-2024T12:06:41 - [TEST_STEP][PASSED] - tableB = Script1719551244403.NewDZO(x = tableB): null

14-10-2024T12:06:41 - [TEST_STEP][PASSED] - i3 = <not implemented yet for class: org.codehaus.groovy.ast.expr.EmptyExpression>: null

14-10-2024T12:06:41 - [TEST_STEP][PASSED] - i3 = x.indexOf("/") + 1: null

14-10-2024T12:06:41 - [TEST_STEP][PASSED] - x = x.substring(i3, x.length()): null

14-10-2024T12:06:41 - [TEST_STEP][PASSED] - return x: null

14-10-2024T12:06:41 - [TEST_STEP][PASSED] - tableB = Script1719551244403.NewDZO(x = tableB): null

14-10-2024T12:06:41 - [TEST_STEP][PASSED] - i3 = <not implemented yet for class: org.codehaus.groovy.ast.expr.EmptyExpression>: null

14-10-2024T12:06:41 - [TEST_STEP][PASSED] - i3 = x.indexOf("/") + 1: null

14-10-2024T12:06:41 - [TEST_STEP][PASSED] - x = x.substring(i3, x.length()): null

14-10-2024T12:06:41 - [TEST_STEP][PASSED] - return x: null

14-10-2024T12:06:41 - [TEST_STEP][PASSED] - tableB = Script1719551244403.NewDZO(x = tableB): null

14-10-2024T12:06:41 - [TEST_STEP][PASSED] - i3 = <not implemented yet for class: org.codehaus.groovy.ast.expr.EmptyExpression>: null

14-10-2024T12:06:41 - [TEST_STEP][PASSED] - i3 = x.indexOf("/") + 1: null

14-10-2024T12:06:41 - [TEST_STEP][PASSED] - x = x.substring(i3, x.length()): null

14-10-2024T12:06:41 - [TEST_STEP][PASSED] - return x: null

14-10-2024T12:06:41 - [TEST_STEP][PASSED] - tableB = Script1719551244403.NewDZO(x = tableB): null

14-10-2024T12:06:41 - [TEST_STEP][PASSED] - i3 = <not implemented yet for class: org.codehaus.groovy.ast.expr.EmptyExpression>: null

14-10-2024T12:06:41 - [TEST_STEP][PASSED] - i3 = x.indexOf("/") + 1: null

14-10-2024T12:06:41 - [TEST_STEP][PASSED] - x = x.substring(i3, x.length()): null

14-10-2024T12:06:41 - [TEST_STEP][PASSED] - return x: null

14-10-2024T12:06:41 - [TEST_STEP][PASSED] - tableB = Script1719551244403.NewDZO(x = tableB): null

14-10-2024T12:06:41 - [TEST_STEP][PASSED] - i3 = <not implemented yet for class: org.codehaus.groovy.ast.expr.EmptyExpression>: null

14-10-2024T12:06:41 - [TEST_STEP][PASSED] - i3 = x.indexOf("/") + 1: null

14-10-2024T12:06:41 - [TEST_STEP][PASSED] - x = x.substring(i3, x.length()): null

14-10-2024T12:06:41 - [TEST_STEP][PASSED] - return x: null

14-10-2024T12:06:41 - [TEST_STEP][PASSED] - tableB = Script1719551244403.NewDZO(x = tableB): null

14-10-2024T12:06:41 - [TEST_STEP][PASSED] - i3 = <not implemented yet for class: org.codehaus.groovy.ast.expr.EmptyExpression>: null

14-10-2024T12:06:41 - [TEST_STEP][PASSED] - i3 = x.indexOf("/") + 1: null

14-10-2024T12:06:41 - [TEST_STEP][PASSED] - x = x.substring(i3, x.length()): null

14-10-2024T12:06:41 - [TEST_STEP][PASSED] - return x: null

14-10-2024T12:06:41 - [TEST_STEP][PASSED] - tableB = Script1719551244403.NewDZO(x = tableB): null

14-10-2024T12:06:41 - [TEST_STEP][PASSED] - i3 = <not implemented yet for class: org.codehaus.groovy.ast.expr.EmptyExpression>: null

14-10-2024T12:06:41 - [TEST_STEP][PASSED] - i3 = x.indexOf("/") + 1: null

14-10-2024T12:06:41 - [TEST_STEP][PASSED] - x = x.substring(i3, x.length()): null

14-10-2024T12:06:41 - [TEST_STEP][PASSED] - return x: null

14-10-2024T12:06:41 - [TEST_STEP][PASSED] - tableB = Script1719551244403.NewDZO(x = tableB): null

14-10-2024T12:06:41 - [TEST_STEP][PASSED] - i3 = <not implemented yet for class: org.codehaus.groovy.ast.expr.EmptyExpression>: null

14-10-2024T12:06:41 - [TEST_STEP][PASSED] - i3 = x.indexOf("/") + 1: null

14-10-2024T12:06:41 - [TEST_STEP][PASSED] - x = x.substring(i3, x.length()): null

14-10-2024T12:06:41 - [TEST_STEP][PASSED] - return x: null

14-10-2024T12:06:41 - [TEST_STEP][PASSED] - i = tableB.indexOf("Янтарь"): null

14-10-2024T12:06:41 - [TEST_STEP][PASSED] - UgB = replaceAll("\p{P}", "").trim(): null

14-10-2024T12:06:41 - [TEST_STEP][PASSED] - println("UgB: " + UgB): null

14-10-2024T12:06:41 - [TEST_STEP][PASSED] - i = tableB.lastIndexOf("/"): null

14-10-2024T12:06:41 - [TEST_STEP][PASSED] - YaB = replaceAll("\p{P}", "").trim(): null

14-10-2024T12:06:41 - [TEST_STEP][PASSED] - println("YaB: " + YaB): null

14-10-2024T12:06:41 - [TEST_STEP][PASSED] - vidget = "Отклонения выручки по факторам": null

14-10-2024T12:06:41 - [TEST_STEP][PASSED] - if (run == 2): null

14-10-2024T12:06:41 - [TEST_STEP][PASSED] - Script1719551244403.Test(run, todaysDate, typeOfData, otobrajeniyeDannyh, x, y, vidget, DZO): null

14-10-2024T12:06:41 - [TEST_STEP][PASSED] - navigateToUrl(findTestData("PlanFact").getValue(10, 3)): Navigate to 'https://bi.rosseti.digital/viewer?dashboardGuid=2301950b23be4ed89c1df75f2020051e&sheetGuid=ccd7d7486b3d4e6fa0ee9b1eaebed46c&fit=true' successfully

14-10-2024T12:06:42 - [MESSAGE][PASSED] - Navigate to 'https://bi.rosseti.digital/viewer?dashboardGuid=2301950b23be4ed89c1df75f2020051e&sheetGuid=ccd7d7486b3d4e6fa0ee9b1eaebed46c&fit=true' successfully

14-10-2024T12:06:42 - [TEST_STEP][PASSED] - Script1719551244403.Autorization(run): null

14-10-2024T12:06:42 - [TEST_STEP][PASSED] - delay(10): Delayed 10 second(s)

14-10-2024T12:06:52 - [MESSAGE][PASSED] - Delayed 10 second(s)

14-10-2024T12:06:52 - [TEST_STEP][PASSED] - if (run == 1): null

14-10-2024T12:06:52 - [TEST_STEP][PASSED] - i = <not implemented yet for class: org.codehaus.groovy.ast.expr.EmptyExpression>: null

14-10-2024T12:06:52 - [TEST_STEP][PASSED] - ii = <not implemented yet for class: org.codehaus.groovy.ast.expr.EmptyExpression>: null

14-10-2024T12:06:52 - [TEST_STEP][PASSED] - a = <not implemented yet for class: org.codehaus.groovy.ast.expr.EmptyExpression>: null

14-10-2024T12:06:52 - [TEST_STEP][PASSED] - a1 = <not implemented yet for class: org.codehaus.groovy.ast.expr.EmptyExpression>: null

14-10-2024T12:06:52 - [TEST_STEP][PASSED] - a2 = <not implemented yet for class: org.codehaus.groovy.ast.expr.EmptyExpression>: null

14-10-2024T12:06:52 - [TEST_STEP][PASSED] - click(findTestObject("Факторный анализ/Фильтр Период")): Object: 'Object Repository/Факторный анализ/Фильтр Период' is clicked on

14-10-2024T12:06:57 - [MESSAGE][PASSED] - Object: 'Object Repository/Факторный анализ/Фильтр Период' is clicked on

14-10-2024T12:06:57 - [TEST_STEP][PASSED] - click(findTestObject("Факторный анализ/Снять выделение в фильтре Дата")): Object: 'Object Repository/Факторный анализ/Снять выделение в фильтре Дата' is clicked on

14-10-2024T12:06:58 - [MESSAGE][PASSED] - Object: 'Object Repository/Факторный анализ/Снять выделение в фильтре Дата' is clicked on

14-10-2024T12:06:58 - [TEST_STEP][PASSED] - click(findTestObject("Факторный анализ/Применить в фильтре Дата")): Object: 'Object Repository/Факторный анализ/Применить в фильтре Дата' is clicked on

14-10-2024T12:06:59 - [MESSAGE][PASSED] - Object: 'Object Repository/Факторный анализ/Применить в фильтре Дата' is clicked on

14-10-2024T12:06:59 - [TEST_STEP][PASSED] - click(findTestObject("Факторный анализ/Фильтр Период")): Object: 'Object Repository/Факторный анализ/Фильтр Период' is clicked on

14-10-2024T12:07:01 - [MESSAGE][PASSED] - Object: 'Object Repository/Факторный анализ/Фильтр Период' is clicked on

14-10-2024T12:07:01 - [TEST_STEP][PASSED] - click(findTestObject("Факторный анализ/Снять выделение в фильтре Дата")): Object: 'Object Repository/Факторный анализ/Снять выделение в фильтре Дата' is clicked on

14-10-2024T12:07:02 - [MESSAGE][PASSED] - Object: 'Object Repository/Факторный анализ/Снять выделение в фильтре Дата' is clicked on

14-10-2024T12:07:02 - [TEST_STEP][PASSED] - scrollToElement(findTestObject("Факторный анализ/2024 список"), 30): Scroll to object 'Object Repository/Факторный анализ/2024 список' successfully

14-10-2024T12:07:02 - [MESSAGE][PASSED] - Scroll to object 'Object Repository/Факторный анализ/2024 список' successfully

14-10-2024T12:07:02 - [TEST_STEP][PASSED] - click(findTestObject("Факторный анализ/2024 список")): Object: 'Object Repository/Факторный анализ/2024 список' is clicked on

14-10-2024T12:07:02 - [MESSAGE][PASSED] - Object: 'Object Repository/Факторный анализ/2024 список' is clicked on

14-10-2024T12:07:02 - [TEST_STEP][PASSED] - scrollToElement(findTestObject("Факторный анализ/1 квартал 2024 выбрать"), 30): Scroll to object 'Object Repository/Факторный анализ/1 квартал 2024 выбрать' successfully

14-10-2024T12:07:03 - [MESSAGE][PASSED] - Scroll to object 'Object Repository/Факторный анализ/1 квартал 2024 выбрать' successfully

14-10-2024T12:07:03 - [TEST_STEP][PASSED] - click(findTestObject("Факторный анализ/1 квартал 2024 выбрать")): Object: 'Object Repository/Факторный анализ/1 квартал 2024 выбрать' is clicked on

14-10-2024T12:07:03 - [MESSAGE][PASSED] - Object: 'Object Repository/Факторный анализ/1 квартал 2024 выбрать' is clicked on

14-10-2024T12:07:03 - [TEST_STEP][PASSED] - scrollToElement(findTestObject("Факторный анализ/1 квартал 2024 выбрать"), 30): Scroll to object 'Object Repository/Факторный анализ/1 квартал 2024 выбрать' successfully

14-10-2024T12:07:04 - [MESSAGE][PASSED] - Scroll to object 'Object Repository/Факторный анализ/1 квартал 2024 выбрать' successfully

14-10-2024T12:07:04 - [TEST_STEP][PASSED] - click(findTestObject("Факторный анализ/2 квартал 2024 выбрать"), CONTINUE_ON_FAILURE): Object: 'Object Repository/Факторный анализ/2 квартал 2024 выбрать' is clicked on

14-10-2024T12:07:04 - [MESSAGE][PASSED] - Object: 'Object Repository/Факторный анализ/2 квартал 2024 выбрать' is clicked on

14-10-2024T12:07:04 - [TEST_STEP][PASSED] - click(findTestObject("Факторный анализ/3 квартал 2024 список"), CONTINUE_ON_FAILURE): Object: 'Object Repository/Факторный анализ/3 квартал 2024 список' is clicked on

14-10-2024T12:07:05 - [MESSAGE][PASSED] - Object: 'Object Repository/Факторный анализ/3 квартал 2024 список' is clicked on

14-10-2024T12:07:05 - [TEST_STEP][PASSED] - click(findTestObject("Факторный анализ/Июль 2024"), CONTINUE_ON_FAILURE): Object: 'Object Repository/Факторный анализ/Июль 2024' is clicked on

14-10-2024T12:07:05 - [MESSAGE][PASSED] - Object: 'Object Repository/Факторный анализ/Июль 2024' is clicked on

14-10-2024T12:07:05 - [TEST_STEP][PASSED] - scrollToElement(findTestObject("Факторный анализ/Август 2024"), 30): Scroll to object 'Object Repository/Факторный анализ/Август 2024' successfully

14-10-2024T12:07:06 - [MESSAGE][PASSED] - Scroll to object 'Object Repository/Факторный анализ/Август 2024' successfully

14-10-2024T12:07:06 - [TEST_STEP][PASSED] - click(findTestObject("Факторный анализ/Август 2024"), CONTINUE_ON_FAILURE): Object: 'Object Repository/Факторный анализ/Август 2024' is clicked on

14-10-2024T12:07:06 - [MESSAGE][PASSED] - Object: 'Object Repository/Факторный анализ/Август 2024' is clicked on

14-10-2024T12:07:06 - [TEST_STEP][PASSED] - scrollToElement(findTestObject("Факторный анализ/Заголовок дашборда"), 30): Scroll to object 'Object Repository/Факторный анализ/Заголовок дашборда' successfully

14-10-2024T12:07:07 - [MESSAGE][PASSED] - Scroll to object 'Object Repository/Факторный анализ/Заголовок дашборда' successfully

14-10-2024T12:07:07 - [TEST_STEP][PASSED] - click(findTestObject("Факторный анализ/Применить в фильтре Дата")): Object: 'Object Repository/Факторный анализ/Применить в фильтре Дата' is clicked on

14-10-2024T12:07:07 - [MESSAGE][PASSED] - Object: 'Object Repository/Факторный анализ/Применить в фильтре Дата' is clicked on

14-10-2024T12:07:07 - [TEST_STEP][PASSED] - if (run == 1): null

14-10-2024T12:07:07 - [TEST_STEP][PASSED] - else: null

14-10-2024T12:07:07 - [TEST_STEP][PASSED] - click(findTestObject("Факторный анализ/Переключить отображение с филиала на месяц")): Object: 'Object Repository/Факторный анализ/Переключить отображение с филиала на месяц' is clicked on

14-10-2024T12:07:09 - [MESSAGE][PASSED] - Object: 'Object Repository/Факторный анализ/Переключить отображение с филиала на месяц' is clicked on

14-10-2024T12:07:09 - [TEST_STEP][PASSED] - a1 = replaceAll("\s+", "").trim(): Text of object 'Object Repository/Факторный анализ/span1 Блок руководителя' is: '-335 790'

14-10-2024T12:07:10 - [MESSAGE][PASSED] - Text of object 'Object Repository/Факторный анализ/span1 Блок руководителя' is: '-335 790'

14-10-2024T12:07:10 - [TEST_STEP][PASSED] - a2 = replaceAll("\s+", "").trim(): Text of object 'Object Repository/Факторный анализ/span2 Блок руководителя' is: '33 824'

14-10-2024T12:07:10 - [MESSAGE][PASSED] - Text of object 'Object Repository/Факторный анализ/span2 Блок руководителя' is: '33 824'

14-10-2024T12:07:10 - [TEST_STEP][PASSED] - println("a1: " + a1): null

14-10-2024T12:07:10 - [TEST_STEP][PASSED] - println("a2: " + a2): null

14-10-2024T12:07:10 - [TEST_STEP][PASSED] - tableA = getText(findTestObject("Факторный анализ/AllTable1")).replaceAll("[\r?
|
]", "/"): Text of object 'Object Repository/Факторный анализ/AllTable1' is: 'ДЗО
Филиал
Отклонение (объём услуг)
Отклонение (средний тариф)
АО «Тываэнерго» АО "Тываэнерго" 186 -12
АО «Чеченэнерго» АО «Чеченэнерго» -2 985 11
Россети Волга Мордовэнерго -2 499 -90
Оренбургэнерго -9 857 - 143
Пензаэнерго -5 956 -72
Самарские РС -11 562 - 941
Саратовские РС -11 875 - 402
Ульяновские РС -4 296 - 198
Чувашэнерго -3 667 116
Россети Кубань Кубаньэнерго -47 196 83
Россети Ленэнерго (ГК) Ленинградская область -25 692 323
г. Санкт-Петербург -36 582 - 127
Россети Московский регион Московская область 4 586 - 413
г. Москва 2 708 -39
Россети Северный Кавказ (ГК) Дагестанская энергосбытовая компания - 111 69
Дагэнерго -5 724 434
Ингушэнерго -1 293 90
Каббалкэнерго -2 385 13
Карачаево-Черкесскэнерго -1 553 -13
Севкавказэнерго -2 704 108
Ставропольэнерго -7 412 - 237
Россети Северо-Запад Архангельский филиал 103 -77
Вологодский филиал 233 -6
Карельский филиал 32 154
Мурманский филиал 106 77
Новгородский филиал 212 -42
Псковский филиал 162 -22
филиал в Республике Коми 49 18
Россети Сибирь (ГК) Алтайэнерго 227 241
Бурятэнерго -86 266
ГАЭС 99 -14
Красноярскэнерго 955 - 272
Кузбассэнерго-РЭС 298 222
Омскэнерго 92 - 140
Хакасэнерго 281 - 319
Читаэнерго -27 88
Россети Томск Томская распределительная компания -5 817 - 105
Россети Тюмень Россети Тюмень -57 812 - 419
Россети Урал (ГК) Пермэнерго 620 - 198
Свердловэнерго 891 181
Челябэнерго 893 - 608
Россети ФСК ЕЭС Итого по ФСК ЕЭС 8 451 -7 098
Россети Центр Белгородэнерго 293 77
Брянскэнерго -4 458 7
Воронежэнерго -12 194 118
Костромаэнерго 121 4
Курскэнерго -2 317 105
Липецкэнерго 700 - 301
Орелэнерго -3 056 -11
Смоленскэнерго -5 925 22
Тамбовэнерго -4 626 -10
Тверьэнерго 350 94
Ярэнерго -6 248 6
Россети Центр и Приволжье (ГК) Владимирэнерго 519 47
Ивэнерго 188 28
Калугаэнерго 549 -42
Кировэнерго 395 -2
Мариэнерго 159 13
Нижновэнерго 659 184
Рязаньэнерго 262 38
Тулэнерго 793 - 195
Удмуртэнерго 269 8
Россети Юг (ГК) АО «ВМЭС» -3 002 24
Астраханьэнерго -4 589 69
Волгоградэнерго -8 020 - 274
Калмэнерго -1 313 -5
Ростовэнерго -16 272 11
Россети Янтарь Россети Янтарь 273 -37'

14-10-2024T12:07:10 - [MESSAGE][PASSED] - Text of object 'Object Repository/Факторный анализ/AllTable1' is: 'ДЗО
Филиал
Отклонение (объём услуг)
Отклонение (средний тариф)
АО «Тываэнерго» АО "Тываэнерго" 186 -12
АО «Чеченэнерго» АО «Чеченэнерго» -2 985 11
Россети Волга Мордовэнерго -2 499 -90
Оренбургэнерго -9 857 - 143
Пензаэнерго -5 956 -72
Самарские РС -11 562 - 941
Саратовские РС -11 875 - 402
Ульяновские РС -4 296 - 198
Чувашэнерго -3 667 116
Россети Кубань Кубаньэнерго -47 196 83
Россети Ленэнерго (ГК) Ленинградская область -25 692 323
г. Санкт-Петербург -36 582 - 127
Россети Московский регион Московская область 4 586 - 413
г. Москва 2 708 -39
Россети Северный Кавказ (ГК) Дагестанская энергосбытовая компания - 111 69
Дагэнерго -5 724 434
Ингушэнерго -1 293 90
Каббалкэнерго -2 385 13
Карачаево-Черкесскэнерго -1 553 -13
Севкавказэнерго -2 704 108
Ставропольэнерго -7 412 - 237
Россети Северо-Запад Архангельский филиал 103 -77
Вологодский филиал 233 -6
Карельский филиал 32 154
Мурманский филиал 106 77
Новгородский филиал 212 -42
Псковский филиал 162 -22
филиал в Республике Коми 49 18
Россети Сибирь (ГК) Алтайэнерго 227 241
Бурятэнерго -86 266
ГАЭС 99 -14
Красноярскэнерго 955 - 272
Кузбассэнерго-РЭС 298 222
Омскэнерго 92 - 140
Хакасэнерго 281 - 319
Читаэнерго -27 88
Россети Томск Томская распределительная компания -5 817 - 105
Россети Тюмень Россети Тюмень -57 812 - 419
Россети Урал (ГК) Пермэнерго 620 - 198
Свердловэнерго 891 181
Челябэнерго 893 - 608
Россети ФСК ЕЭС Итого по ФСК ЕЭС 8 451 -7 098
Россети Центр Белгородэнерго 293 77
Брянскэнерго -4 458 7
Воронежэнерго -12 194 118
Костромаэнерго 121 4
Курскэнерго -2 317 105
Липецкэнерго 700 - 301
Орелэнерго -3 056 -11
Смоленскэнерго -5 925 22
Тамбовэнерго -4 626 -10
Тверьэнерго 350 94
Ярэнерго -6 248 6
Россети Центр и Приволжье (ГК) Владимирэнерго 519 47
Ивэнерго 188 28
Калугаэнерго 549 -42
Кировэнерго 395 -2
Мариэнерго 159 13
Нижновэнерго 659 184
Рязаньэнерго 262 38
Тулэнерго 793 - 195
Удмуртэнерго 269 8
Россети Юг (ГК) АО «ВМЭС» -3 002 24
Астраханьэнерго -4 589 69
Волгоградэнерго -8 020 - 274
Калмэнерго -1 313 -5
Ростовэнерго -16 272 11
Россети Янтарь Россети Янтарь 273 -37'

14-10-2024T12:07:10 - [TEST_STEP][PASSED] - println("tableA: " + tableA): null

14-10-2024T12:07:10 - [TEST_STEP][PASSED] - for ([i = 1, i < 5, (i++)]): null

14-10-2024T12:07:10 - [TEST_STEP][PASSED] - ii = tableA.indexOf("/") + 1: null

14-10-2024T12:07:10 - [TEST_STEP][PASSED] - tableA = tableA.substring(ii, tableA.length()): null

14-10-2024T12:07:10 - [TEST_STEP][PASSED] - ii = tableA.indexOf("/") + 1: null

14-10-2024T12:07:10 - [TEST_STEP][PASSED] - tableA = tableA.substring(ii, tableA.length()): null

14-10-2024T12:07:10 - [TEST_STEP][PASSED] - ii = tableA.indexOf("/") + 1: null

14-10-2024T12:07:10 - [TEST_STEP][PASSED] - tableA = tableA.substring(ii, tableA.length()): null

14-10-2024T12:07:10 - [TEST_STEP][PASSED] - ii = tableA.indexOf("/") + 1: null

14-10-2024T12:07:10 - [TEST_STEP][PASSED] - tableA = tableA.substring(ii, tableA.length()): null

14-10-2024T12:07:10 - [TEST_STEP][PASSED] - println("tableA: " + tableA): null

14-10-2024T12:07:10 - [TEST_STEP][PASSED] - TyA = Script1719551244403.GetData(x = tableA): null

14-10-2024T12:07:10 - [TEST_STEP][PASSED] - i2 = <not implemented yet for class: org.codehaus.groovy.ast.expr.EmptyExpression>: null

14-10-2024T12:07:10 - [TEST_STEP][PASSED] - i2 = x.indexOf("/") + 1: null

14-10-2024T12:07:10 - [TEST_STEP][PASSED] - x = replaceAll("\p{P}", "").trim(): null

14-10-2024T12:07:10 - [TEST_STEP][PASSED] - return x: null

14-10-2024T12:07:10 - [TEST_STEP][PASSED] - println("TyA: " + TyA): null

14-10-2024T12:07:10 - [TEST_STEP][PASSED] - tableA = Script1719551244403.NewDZO(x = tableA): null

14-10-2024T12:07:10 - [TEST_STEP][PASSED] - i3 = <not implemented yet for class: org.codehaus.groovy.ast.expr.EmptyExpression>: null

14-10-2024T12:07:10 - [TEST_STEP][PASSED] - i3 = x.indexOf("/") + 1: null

14-10-2024T12:07:10 - [TEST_STEP][PASSED] - x = x.substring(i3, x.length()): null

14-10-2024T12:07:10 - [TEST_STEP][PASSED] - return x: null

14-10-2024T12:07:10 - [TEST_STEP][PASSED] - ChA = Script1719551244403.GetData(x = tableA): null

14-10-2024T12:07:10 - [TEST_STEP][PASSED] - i2 = <not implemented yet for class: org.codehaus.groovy.ast.expr.EmptyExpression>: null

14-10-2024T12:07:10 - [TEST_STEP][PASSED] - i2 = x.indexOf("/") + 1: null

14-10-2024T12:07:10 - [TEST_STEP][PASSED] - x = replaceAll("\p{P}", "").trim(): null

14-10-2024T12:07:10 - [TEST_STEP][PASSED] - return x: null

14-10-2024T12:07:10 - [TEST_STEP][PASSED] - println("ChA: " + ChA): null

14-10-2024T12:07:10 - [TEST_STEP][PASSED] - tableA = Script1719551244403.NewDZO(x = tableA): null

14-10-2024T12:07:10 - [TEST_STEP][PASSED] - i3 = <not implemented yet for class: org.codehaus.groovy.ast.expr.EmptyExpression>: null

14-10-2024T12:07:10 - [TEST_STEP][PASSED] - i3 = x.indexOf("/") + 1: null

14-10-2024T12:07:10 - [TEST_STEP][PASSED] - x = x.substring(i3, x.length()): null

14-10-2024T12:07:10 - [TEST_STEP][PASSED] - return x: null

14-10-2024T12:07:10 - [TEST_STEP][PASSED] - i = tableA.indexOf("Кубань"): null

14-10-2024T12:07:10 - [TEST_STEP][PASSED] - VA = replaceAll("\p{P}", "").trim(): null

14-10-2024T12:07:10 - [TEST_STEP][PASSED] - println("VA: " + VA): null

14-10-2024T12:07:10 - [TEST_STEP][PASSED] - for ([i = 1, i < 8, (i++)]): null

14-10-2024T12:07:10 - [TEST_STEP][PASSED] - tableA = Script1719551244403.NewDZO(x = tableA): null

14-10-2024T12:07:10 - [TEST_STEP][PASSED] - i3 = <not implemented yet for class: org.codehaus.groovy.ast.expr.EmptyExpression>: null

14-10-2024T12:07:10 - [TEST_STEP][PASSED] - i3 = x.indexOf("/") + 1: null

14-10-2024T12:07:10 - [TEST_STEP][PASSED] - x = x.substring(i3, x.length()): null

14-10-2024T12:07:10 - [TEST_STEP][PASSED] - return x: null

14-10-2024T12:07:10 - [TEST_STEP][PASSED] - tableA = Script1719551244403.NewDZO(x = tableA): null

14-10-2024T12:07:10 - [TEST_STEP][PASSED] - i3 = <not implemented yet for class: org.codehaus.groovy.ast.expr.EmptyExpression>: null

14-10-2024T12:07:10 - [TEST_STEP][PASSED] - i3 = x.indexOf("/") + 1: null

14-10-2024T12:07:10 - [TEST_STEP][PASSED] - x = x.substring(i3, x.length()): null

14-10-2024T12:07:10 - [TEST_STEP][PASSED] - return x: null

14-10-2024T12:07:10 - [TEST_STEP][PASSED] - tableA = Script1719551244403.NewDZO(x = tableA): null

14-10-2024T12:07:10 - [TEST_STEP][PASSED] - i3 = <not implemented yet for class: org.codehaus.groovy.ast.expr.EmptyExpression>: null

14-10-2024T12:07:10 - [TEST_STEP][PASSED] - i3 = x.indexOf("/") + 1: null

14-10-2024T12:07:10 - [TEST_STEP][PASSED] - x = x.substring(i3, x.length()): null

14-10-2024T12:07:10 - [TEST_STEP][PASSED] - return x: null

14-10-2024T12:07:10 - [TEST_STEP][PASSED] - tableA = Script1719551244403.NewDZO(x = tableA): null

14-10-2024T12:07:10 - [TEST_STEP][PASSED] - i3 = <not implemented yet for class: org.codehaus.groovy.ast.expr.EmptyExpression>: null

14-10-2024T12:07:10 - [TEST_STEP][PASSED] - i3 = x.indexOf("/") + 1: null

14-10-2024T12:07:10 - [TEST_STEP][PASSED] - x = x.substring(i3, x.length()): null

14-10-2024T12:07:10 - [TEST_STEP][PASSED] - return x: null

14-10-2024T12:07:10 - [TEST_STEP][PASSED] - tableA = Script1719551244403.NewDZO(x = tableA): null

14-10-2024T12:07:10 - [TEST_STEP][PASSED] - i3 = <not implemented yet for class: org.codehaus.groovy.ast.expr.EmptyExpression>: null

14-10-2024T12:07:10 - [TEST_STEP][PASSED] - i3 = x.indexOf("/") + 1: null

14-10-2024T12:07:10 - [TEST_STEP][PASSED] - x = x.substring(i3, x.length()): null

14-10-2024T12:07:10 - [TEST_STEP][PASSED] - return x: null

14-10-2024T12:07:10 - [TEST_STEP][PASSED] - tableA = Script1719551244403.NewDZO(x = tableA): null

14-10-2024T12:07:10 - [TEST_STEP][PASSED] - i3 = <not implemented yet for class: org.codehaus.groovy.ast.expr.EmptyExpression>: null

14-10-2024T12:07:10 - [TEST_STEP][PASSED] - i3 = x.indexOf("/") + 1: null

14-10-2024T12:07:10 - [TEST_STEP][PASSED] - x = x.substring(i3, x.length()): null

14-10-2024T12:07:10 - [TEST_STEP][PASSED] - return x: null

14-10-2024T12:07:10 - [TEST_STEP][PASSED] - tableA = Script1719551244403.NewDZO(x = tableA): null

14-10-2024T12:07:10 - [TEST_STEP][PASSED] - i3 = <not implemented yet for class: org.codehaus.groovy.ast.expr.EmptyExpression>: null

14-10-2024T12:07:10 - [TEST_STEP][PASSED] - i3 = x.indexOf("/") + 1: null

14-10-2024T12:07:10 - [TEST_STEP][PASSED] - x = x.substring(i3, x.length()): null

14-10-2024T12:07:10 - [TEST_STEP][PASSED] - return x: null

14-10-2024T12:07:10 - [TEST_STEP][PASSED] - i = tableA.indexOf("Ленэнерго"): null

14-10-2024T12:07:10 - [TEST_STEP][PASSED] - KuA = Script1719551244403.GetData(x = tableA): null

14-10-2024T12:07:10 - [TEST_STEP][PASSED] - i2 = <not implemented yet for class: org.codehaus.groovy.ast.expr.EmptyExpression>: null

14-10-2024T12:07:10 - [TEST_STEP][PASSED] - i2 = x.indexOf("/") + 1: null

14-10-2024T12:07:10 - [TEST_STEP][PASSED] - x = replaceAll("\p{P}", "").trim(): null

14-10-2024T12:07:10 - [TEST_STEP][PASSED] - return x: null

14-10-2024T12:07:10 - [TEST_STEP][PASSED] - println("KuA: " + KuA): null

14-10-2024T12:07:10 - [TEST_STEP][PASSED] - tableA = Script1719551244403.NewDZO(x = tableA): null

14-10-2024T12:07:10 - [TEST_STEP][PASSED] - i3 = <not implemented yet for class: org.codehaus.groovy.ast.expr.EmptyExpression>: null

14-10-2024T12:07:10 - [TEST_STEP][PASSED] - i3 = x.indexOf("/") + 1: null

14-10-2024T12:07:10 - [TEST_STEP][PASSED] - x = x.substring(i3, x.length()): null

14-10-2024T12:07:10 - [TEST_STEP][PASSED] - return x: null

14-10-2024T12:07:10 - [TEST_STEP][PASSED] - i = tableA.indexOf("Московский"): null

14-10-2024T12:07:10 - [TEST_STEP][PASSED] - LenA = replaceAll("\p{P}", "").trim(): null

14-10-2024T12:07:10 - [TEST_STEP][PASSED] - println("LenA: " + LenA): null

14-10-2024T12:07:10 - [TEST_STEP][PASSED] - tableA = Script1719551244403.NewDZO(x = tableA): null

14-10-2024T12:07:10 - [TEST_STEP][PASSED] - i3 = <not implemented yet for class: org.codehaus.groovy.ast.expr.EmptyExpression>: null

14-10-2024T12:07:10 - [TEST_STEP][PASSED] - i3 = x.indexOf("/") + 1: null

14-10-2024T12:07:10 - [TEST_STEP][PASSED] - x = x.substring(i3, x.length()): null

14-10-2024T12:07:10 - [TEST_STEP][PASSED] - return x: null

14-10-2024T12:07:10 - [TEST_STEP][PASSED] - tableA = Script1719551244403.NewDZO(x = tableA): null

14-10-2024T12:07:10 - [TEST_STEP][PASSED] - i3 = <not implemented yet for class: org.codehaus.groovy.ast.expr.EmptyExpression>: null

14-10-2024T12:07:10 - [TEST_STEP][PASSED] - i3 = x.indexOf("/") + 1: null

14-10-2024T12:07:10 - [TEST_STEP][PASSED] - x = x.substring(i3, x.length()): null

14-10-2024T12:07:10 - [TEST_STEP][PASSED] - return x: null

14-10-2024T12:07:10 - [TEST_STEP][PASSED] - i = tableA.indexOf("Кавказ"): null

14-10-2024T12:07:10 - [TEST_STEP][PASSED] - MosA = replaceAll("\p{P}", "").trim(): null

14-10-2024T12:07:10 - [TEST_STEP][PASSED] - println("MosA: " + MosA): null

14-10-2024T12:07:10 - [TEST_STEP][PASSED] - for ([i = 1, i < 3, (i++)]): null

14-10-2024T12:07:10 - [TEST_STEP][PASSED] - tableA = Script1719551244403.NewDZO(x = tableA): null

14-10-2024T12:07:10 - [TEST_STEP][PASSED] - i3 = <not implemented yet for class: org.codehaus.groovy.ast.expr.EmptyExpression>: null

14-10-2024T12:07:10 - [TEST_STEP][PASSED] - i3 = x.indexOf("/") + 1: null

14-10-2024T12:07:10 - [TEST_STEP][PASSED] - x = x.substring(i3, x.length()): null

14-10-2024T12:07:10 - [TEST_STEP][PASSED] - return x: null

14-10-2024T12:07:10 - [TEST_STEP][PASSED] - tableA = Script1719551244403.NewDZO(x = tableA): null

14-10-2024T12:07:10 - [TEST_STEP][PASSED] - i3 = <not implemented yet for class: org.codehaus.groovy.ast.expr.EmptyExpression>: null

14-10-2024T12:07:10 - [TEST_STEP][PASSED] - i3 = x.indexOf("/") + 1: null

14-10-2024T12:07:10 - [TEST_STEP][PASSED] - x = x.substring(i3, x.length()): null

14-10-2024T12:07:10 - [TEST_STEP][PASSED] - return x: null

14-10-2024T12:07:10 - [TEST_STEP][PASSED] - i = tableA.indexOf("Запад"): null

14-10-2024T12:07:10 - [TEST_STEP][PASSED] - SKA = replaceAll("\p{P}", "").trim(): null

14-10-2024T12:07:10 - [TEST_STEP][PASSED] - println("SKA: " + SKA): null

14-10-2024T12:07:10 - [TEST_STEP][PASSED] - for ([i = 1, i < 7, (i++)]): null

14-10-2024T12:07:10 - [TEST_STEP][PASSED] - tableA = Script1719551244403.NewDZO(x = tableA): null

14-10-2024T12:07:10 - [TEST_STEP][PASSED] - i3 = <not implemented yet for class: org.codehaus.groovy.ast.expr.EmptyExpression>: null

14-10-2024T12:07:10 - [TEST_STEP][PASSED] - i3 = x.indexOf("/") + 1: null

14-10-2024T12:07:10 - [TEST_STEP][PASSED] - x = x.substring(i3, x.length()): null

14-10-2024T12:07:10 - [TEST_STEP][PASSED] - return x: null

14-10-2024T12:07:10 - [TEST_STEP][PASSED] - tableA = Script1719551244403.NewDZO(x = tableA): null

14-10-2024T12:07:10 - [TEST_STEP][PASSED] - i3 = <not implemented yet for class: org.codehaus.groovy.ast.expr.EmptyExpression>: null

14-10-2024T12:07:10 - [TEST_STEP][PASSED] - i3 = x.indexOf("/") + 1: null

14-10-2024T12:07:10 - [TEST_STEP][PASSED] - x = x.substring(i3, x.length()): null

14-10-2024T12:07:10 - [TEST_STEP][PASSED] - return x: null

14-10-2024T12:07:10 - [TEST_STEP][PASSED] - tableA = Script1719551244403.NewDZO(x = tableA): null

14-10-2024T12:07:10 - [TEST_STEP][PASSED] - i3 = <not implemented yet for class: org.codehaus.groovy.ast.expr.EmptyExpression>: null

14-10-2024T12:07:10 - [TEST_STEP][PASSED] - i3 = x.indexOf("/") + 1: null

14-10-2024T12:07:10 - [TEST_STEP][PASSED] - x = x.substring(i3, x.length()): null

14-10-2024T12:07:10 - [TEST_STEP][PASSED] - return x: null

14-10-2024T12:07:10 - [TEST_STEP][PASSED] - tableA = Script1719551244403.NewDZO(x = tableA): null

14-10-2024T12:07:10 - [TEST_STEP][PASSED] - i3 = <not implemented yet for class: org.codehaus.groovy.ast.expr.EmptyExpression>: null

14-10-2024T12:07:10 - [TEST_STEP][PASSED] - i3 = x.indexOf("/") + 1: null

14-10-2024T12:07:10 - [TEST_STEP][PASSED] - x = x.substring(i3, x.length()): null

14-10-2024T12:07:10 - [TEST_STEP][PASSED] - return x: null

14-10-2024T12:07:10 - [TEST_STEP][PASSED] - tableA = Script1719551244403.NewDZO(x = tableA): null

14-10-2024T12:07:10 - [TEST_STEP][PASSED] - i3 = <not implemented yet for class: org.codehaus.groovy.ast.expr.EmptyExpression>: null

14-10-2024T12:07:10 - [TEST_STEP][PASSED] - i3 = x.indexOf("/") + 1: null

14-10-2024T12:07:10 - [TEST_STEP][PASSED] - x = x.substring(i3, x.length()): null

14-10-2024T12:07:10 - [TEST_STEP][PASSED] - return x: null

14-10-2024T12:07:10 - [TEST_STEP][PASSED] - tableA = Script1719551244403.NewDZO(x = tableA): null

14-10-2024T12:07:10 - [TEST_STEP][PASSED] - i3 = <not implemented yet for class: org.codehaus.groovy.ast.expr.EmptyExpression>: null

14-10-2024T12:07:10 - [TEST_STEP][PASSED] - i3 = x.indexOf("/") + 1: null

14-10-2024T12:07:10 - [TEST_STEP][PASSED] - x = x.substring(i3, x.length()): null

14-10-2024T12:07:10 - [TEST_STEP][PASSED] - return x: null

14-10-2024T12:07:10 - [TEST_STEP][PASSED] - i = tableA.indexOf("Сибирь"): null

14-10-2024T12:07:10 - [TEST_STEP][PASSED] - SZA = replaceAll("\p{P}", "").trim(): null

14-10-2024T12:07:10 - [TEST_STEP][PASSED] - println("SZA: " + SZA): null

14-10-2024T12:07:10 - [TEST_STEP][PASSED] - for ([i = 1, i < 8, (i++)]): null

14-10-2024T12:07:10 - [TEST_STEP][PASSED] - tableA = Script1719551244403.NewDZO(x = tableA): null

14-10-2024T12:07:10 - [TEST_STEP][PASSED] - i3 = <not implemented yet for class: org.codehaus.groovy.ast.expr.EmptyExpression>: null

14-10-2024T12:07:10 - [TEST_STEP][PASSED] - i3 = x.indexOf("/") + 1: null

14-10-2024T12:07:10 - [TEST_STEP][PASSED] - x = x.substring(i3, x.length()): null

14-10-2024T12:07:10 - [TEST_STEP][PASSED] - return x: null

14-10-2024T12:07:10 - [TEST_STEP][PASSED] - tableA = Script1719551244403.NewDZO(x = tableA): null

14-10-2024T12:07:10 - [TEST_STEP][PASSED] - i3 = <not implemented yet for class: org.codehaus.groovy.ast.expr.EmptyExpression>: null

14-10-2024T12:07:10 - [TEST_STEP][PASSED] - i3 = x.indexOf("/") + 1: null

14-10-2024T12:07:10 - [TEST_STEP][PASSED] - x = x.substring(i3, x.length()): null

14-10-2024T12:07:10 - [TEST_STEP][PASSED] - return x: null

14-10-2024T12:07:10 - [TEST_STEP][PASSED] - tableA = Script1719551244403.NewDZO(x = tableA): null

14-10-2024T12:07:10 - [TEST_STEP][PASSED] - i3 = <not implemented yet for class: org.codehaus.groovy.ast.expr.EmptyExpression>: null

14-10-2024T12:07:10 - [TEST_STEP][PASSED] - i3 = x.indexOf("/") + 1: null

14-10-2024T12:07:10 - [TEST_STEP][PASSED] - x = x.substring(i3, x.length()): null

14-10-2024T12:07:10 - [TEST_STEP][PASSED] - return x: null

14-10-2024T12:07:10 - [TEST_STEP][PASSED] - tableA = Script1719551244403.NewDZO(x = tableA): null

14-10-2024T12:07:11 - [TEST_STEP][PASSED] - i3 = <not implemented yet for class: org.codehaus.groovy.ast.expr.EmptyExpression>: null

14-10-2024T12:07:11 - [TEST_STEP][PASSED] - i3 = x.indexOf("/") + 1: null

14-10-2024T12:07:11 - [TEST_STEP][PASSED] - x = x.substring(i3, x.length()): null

14-10-2024T12:07:11 - [TEST_STEP][PASSED] - return x: null

14-10-2024T12:07:11 - [TEST_STEP][PASSED] - tableA = Script1719551244403.NewDZO(x = tableA): null

14-10-2024T12:07:11 - [TEST_STEP][PASSED] - i3 = <not implemented yet for class: org.codehaus.groovy.ast.expr.EmptyExpression>: null

14-10-2024T12:07:11 - [TEST_STEP][PASSED] - i3 = x.indexOf("/") + 1: null

14-10-2024T12:07:11 - [TEST_STEP][PASSED] - x = x.substring(i3, x.length()): null

14-10-2024T12:07:11 - [TEST_STEP][PASSED] - return x: null

14-10-2024T12:07:11 - [TEST_STEP][PASSED] - tableA = Script1719551244403.NewDZO(x = tableA): null

14-10-2024T12:07:11 - [TEST_STEP][PASSED] - i3 = <not implemented yet for class: org.codehaus.groovy.ast.expr.EmptyExpression>: null

14-10-2024T12:07:11 - [TEST_STEP][PASSED] - i3 = x.indexOf("/") + 1: null

14-10-2024T12:07:11 - [TEST_STEP][PASSED] - x = x.substring(i3, x.length()): null

14-10-2024T12:07:11 - [TEST_STEP][PASSED] - return x: null

14-10-2024T12:07:11 - [TEST_STEP][PASSED] - tableA = Script1719551244403.NewDZO(x = tableA): null

14-10-2024T12:07:11 - [TEST_STEP][PASSED] - i3 = <not implemented yet for class: org.codehaus.groovy.ast.expr.EmptyExpression>: null

14-10-2024T12:07:11 - [TEST_STEP][PASSED] - i3 = x.indexOf("/") + 1: null

14-10-2024T12:07:11 - [TEST_STEP][PASSED] - x = x.substring(i3, x.length()): null

14-10-2024T12:07:11 - [TEST_STEP][PASSED] - return x: null

14-10-2024T12:07:11 - [TEST_STEP][PASSED] - i = tableA.indexOf("Томск"): null

14-10-2024T12:07:11 - [TEST_STEP][PASSED] - SiA = replaceAll("\p{P}", "").trim(): null

14-10-2024T12:07:11 - [TEST_STEP][PASSED] - println("SiA: " + SiA): null

14-10-2024T12:07:11 - [TEST_STEP][PASSED] - for ([i = 1, i < 9, (i++)]): null

14-10-2024T12:07:11 - [TEST_STEP][PASSED] - tableA = Script1719551244403.NewDZO(x = tableA): null

14-10-2024T12:07:11 - [TEST_STEP][PASSED] - i3 = <not implemented yet for class: org.codehaus.groovy.ast.expr.EmptyExpression>: null

14-10-2024T12:07:11 - [TEST_STEP][PASSED] - i3 = x.indexOf("/") + 1: null

14-10-2024T12:07:11 - [TEST_STEP][PASSED] - x = x.substring(i3, x.length()): null

14-10-2024T12:07:11 - [TEST_STEP][PASSED] - return x: null

14-10-2024T12:07:11 - [TEST_STEP][PASSED] - tableA = Script1719551244403.NewDZO(x = tableA): null

14-10-2024T12:07:11 - [TEST_STEP][PASSED] - i3 = <not implemented yet for class: org.codehaus.groovy.ast.expr.EmptyExpression>: null

14-10-2024T12:07:11 - [TEST_STEP][PASSED] - i3 = x.indexOf("/") + 1: null

14-10-2024T12:07:11 - [TEST_STEP][PASSED] - x = x.substring(i3, x.length()): null

14-10-2024T12:07:11 - [TEST_STEP][PASSED] - return x: null

14-10-2024T12:07:11 - [TEST_STEP][PASSED] - tableA = Script1719551244403.NewDZO(x = tableA): null

14-10-2024T12:07:11 - [TEST_STEP][PASSED] - i3 = <not implemented yet for class: org.codehaus.groovy.ast.expr.EmptyExpression>: null

14-10-2024T12:07:11 - [TEST_STEP][PASSED] - i3 = x.indexOf("/") + 1: null

14-10-2024T12:07:11 - [TEST_STEP][PASSED] - x = x.substring(i3, x.length()): null

14-10-2024T12:07:11 - [TEST_STEP][PASSED] - return x: null

14-10-2024T12:07:11 - [TEST_STEP][PASSED] - tableA = Script1719551244403.NewDZO(x = tableA): null

14-10-2024T12:07:11 - [TEST_STEP][PASSED] - i3 = <not implemented yet for class: org.codehaus.groovy.ast.expr.EmptyExpression>: null

14-10-2024T12:07:11 - [TEST_STEP][PASSED] - i3 = x.indexOf("/") + 1: null

14-10-2024T12:07:11 - [TEST_STEP][PASSED] - x = x.substring(i3, x.length()): null

14-10-2024T12:07:11 - [TEST_STEP][PASSED] - return x: null

14-10-2024T12:07:11 - [TEST_STEP][PASSED] - tableA = Script1719551244403.NewDZO(x = tableA): null

14-10-2024T12:07:11 - [TEST_STEP][PASSED] - i3 = <not implemented yet for class: org.codehaus.groovy.ast.expr.EmptyExpression>: null

14-10-2024T12:07:11 - [TEST_STEP][PASSED] - i3 = x.indexOf("/") + 1: null

14-10-2024T12:07:11 - [TEST_STEP][PASSED] - x = x.substring(i3, x.length()): null

14-10-2024T12:07:11 - [TEST_STEP][PASSED] - return x: null

14-10-2024T12:07:11 - [TEST_STEP][PASSED] - tableA = Script1719551244403.NewDZO(x = tableA): null

14-10-2024T12:07:11 - [TEST_STEP][PASSED] - i3 = <not implemented yet for class: org.codehaus.groovy.ast.expr.EmptyExpression>: null

14-10-2024T12:07:11 - [TEST_STEP][PASSED] - i3 = x.indexOf("/") + 1: null

14-10-2024T12:07:11 - [TEST_STEP][PASSED] - x = x.substring(i3, x.length()): null

14-10-2024T12:07:11 - [TEST_STEP][PASSED] - return x: null

14-10-2024T12:07:11 - [TEST_STEP][PASSED] - tableA = Script1719551244403.NewDZO(x = tableA): null

14-10-2024T12:07:11 - [TEST_STEP][PASSED] - i3 = <not implemented yet for class: org.codehaus.groovy.ast.expr.EmptyExpression>: null

14-10-2024T12:07:11 - [TEST_STEP][PASSED] - i3 = x.indexOf("/") + 1: null

14-10-2024T12:07:11 - [TEST_STEP][PASSED] - x = x.substring(i3, x.length()): null

14-10-2024T12:07:11 - [TEST_STEP][PASSED] - return x: null

14-10-2024T12:07:11 - [TEST_STEP][PASSED] - tableA = Script1719551244403.NewDZO(x = tableA): null

14-10-2024T12:07:11 - [TEST_STEP][PASSED] - i3 = <not implemented yet for class: org.codehaus.groovy.ast.expr.EmptyExpression>: null

14-10-2024T12:07:11 - [TEST_STEP][PASSED] - i3 = x.indexOf("/") + 1: null

14-10-2024T12:07:11 - [TEST_STEP][PASSED] - x = x.substring(i3, x.length()): null

14-10-2024T12:07:11 - [TEST_STEP][PASSED] - return x: null

14-10-2024T12:07:11 - [TEST_STEP][PASSED] - i = tableA.indexOf("Тюмень"): null

14-10-2024T12:07:11 - [TEST_STEP][PASSED] - ToA = replaceAll("\p{P}", "").trim(): null

14-10-2024T12:07:11 - [TEST_STEP][PASSED] - println("ToA: " + ToA): null

14-10-2024T12:07:11 - [TEST_STEP][PASSED] - tableA = Script1719551244403.NewDZO(x = tableA): null

14-10-2024T12:07:11 - [TEST_STEP][PASSED] - i3 = <not implemented yet for class: org.codehaus.groovy.ast.expr.EmptyExpression>: null

14-10-2024T12:07:11 - [TEST_STEP][PASSED] - i3 = x.indexOf("/") + 1: null

14-10-2024T12:07:11 - [TEST_STEP][PASSED] - x = x.substring(i3, x.length()): null

14-10-2024T12:07:11 - [TEST_STEP][PASSED] - return x: null

14-10-2024T12:07:11 - [TEST_STEP][PASSED] - TyuA = replaceAll("\p{P}", "").trim(): null

14-10-2024T12:07:11 - [TEST_STEP][PASSED] - println("TyuA: " + TyuA): null

14-10-2024T12:07:11 - [TEST_STEP][PASSED] - tableA = Script1719551244403.NewDZO(x = tableA): null

14-10-2024T12:07:11 - [TEST_STEP][PASSED] - i3 = <not implemented yet for class: org.codehaus.groovy.ast.expr.EmptyExpression>: null

14-10-2024T12:07:11 - [TEST_STEP][PASSED] - i3 = x.indexOf("/") + 1: null

14-10-2024T12:07:11 - [TEST_STEP][PASSED] - x = x.substring(i3, x.length()): null

14-10-2024T12:07:11 - [TEST_STEP][PASSED] - return x: null

14-10-2024T12:07:11 - [TEST_STEP][PASSED] - i = tableA.indexOf("ЕЭС"): null

14-10-2024T12:07:11 - [TEST_STEP][PASSED] - UrA = replaceAll("\p{P}", "").trim(): null

14-10-2024T12:07:11 - [TEST_STEP][PASSED] - println("UrA: " + UrA): null

14-10-2024T12:07:11 - [TEST_STEP][PASSED] - for ([i = 1, i < 4, (i++)]): null

14-10-2024T12:07:11 - [TEST_STEP][PASSED] - tableA = Script1719551244403.NewDZO(x = tableA): null

14-10-2024T12:07:11 - [TEST_STEP][PASSED] - i3 = <not implemented yet for class: org.codehaus.groovy.ast.expr.EmptyExpression>: null

14-10-2024T12:07:11 - [TEST_STEP][PASSED] - i3 = x.indexOf("/") + 1: null

14-10-2024T12:07:11 - [TEST_STEP][PASSED] - x = x.substring(i3, x.length()): null

14-10-2024T12:07:11 - [TEST_STEP][PASSED] - return x: null

14-10-2024T12:07:11 - [TEST_STEP][PASSED] - tableA = Script1719551244403.NewDZO(x = tableA): null

14-10-2024T12:07:11 - [TEST_STEP][PASSED] - i3 = <not implemented yet for class: org.codehaus.groovy.ast.expr.EmptyExpression>: null

14-10-2024T12:07:11 - [TEST_STEP][PASSED] - i3 = x.indexOf("/") + 1: null

14-10-2024T12:07:11 - [TEST_STEP][PASSED] - x = x.substring(i3, x.length()): null

14-10-2024T12:07:11 - [TEST_STEP][PASSED] - return x: null

14-10-2024T12:07:11 - [TEST_STEP][PASSED] - tableA = Script1719551244403.NewDZO(x = tableA): null

14-10-2024T12:07:11 - [TEST_STEP][PASSED] - i3 = <not implemented yet for class: org.codehaus.groovy.ast.expr.EmptyExpression>: null

14-10-2024T12:07:11 - [TEST_STEP][PASSED] - i3 = x.indexOf("/") + 1: null

14-10-2024T12:07:11 - [TEST_STEP][PASSED] - x = x.substring(i3, x.length()): null

14-10-2024T12:07:11 - [TEST_STEP][PASSED] - return x: null

14-10-2024T12:07:11 - [TEST_STEP][PASSED] - i = tableA.indexOf("Центр"): null

14-10-2024T12:07:11 - [TEST_STEP][PASSED] - FSKA = replaceAll("\p{P}", "").trim(): null

14-10-2024T12:07:11 - [TEST_STEP][PASSED] - println("FSKA: " + FSKA): null

14-10-2024T12:07:11 - [TEST_STEP][PASSED] - tableA = Script1719551244403.NewDZO(x = tableA): null

14-10-2024T12:07:11 - [TEST_STEP][PASSED] - i3 = <not implemented yet for class: org.codehaus.groovy.ast.expr.EmptyExpression>: null

14-10-2024T12:07:11 - [TEST_STEP][PASSED] - i3 = x.indexOf("/") + 1: null

14-10-2024T12:07:11 - [TEST_STEP][PASSED] - x = x.substring(i3, x.length()): null

14-10-2024T12:07:11 - [TEST_STEP][PASSED] - return x: null

14-10-2024T12:07:11 - [TEST_STEP][PASSED] - i = tableA.indexOf("Приволжье"): null

14-10-2024T12:07:11 - [TEST_STEP][PASSED] - CenA = replaceAll("\p{P}", "").trim(): null

14-10-2024T12:07:11 - [TEST_STEP][PASSED] - println("CenA: " + CenA): null

14-10-2024T12:07:11 - [TEST_STEP][PASSED] - for ([i = 1, i < 12, (i++)]): null

14-10-2024T12:07:11 - [TEST_STEP][PASSED] - tableA = Script1719551244403.NewDZO(x = tableA): null

14-10-2024T12:07:11 - [TEST_STEP][PASSED] - i3 = <not implemented yet for class: org.codehaus.groovy.ast.expr.EmptyExpression>: null

14-10-2024T12:07:11 - [TEST_STEP][PASSED] - i3 = x.indexOf("/") + 1: null

14-10-2024T12:07:11 - [TEST_STEP][PASSED] - x = x.substring(i3, x.length()): null

14-10-2024T12:07:11 - [TEST_STEP][PASSED] - return x: null

14-10-2024T12:07:11 - [TEST_STEP][PASSED] - tableA = Script1719551244403.NewDZO(x = tableA): null

14-10-2024T12:07:11 - [TEST_STEP][PASSED] - i3 = <not implemented yet for class: org.codehaus.groovy.ast.expr.EmptyExpression>: null

14-10-2024T12:07:11 - [TEST_STEP][PASSED] - i3 = x.indexOf("/") + 1: null

14-10-2024T12:07:11 - [TEST_STEP][PASSED] - x = x.substring(i3, x.length()): null

14-10-2024T12:07:11 - [TEST_STEP][PASSED] - return x: null

14-10-2024T12:07:11 - [TEST_STEP][PASSED] - tableA = Script1719551244403.NewDZO(x = tableA): null

14-10-2024T12:07:11 - [TEST_STEP][PASSED] - i3 = <not implemented yet for class: org.codehaus.groovy.ast.expr.EmptyExpression>: null

14-10-2024T12:07:11 - [TEST_STEP][PASSED] - i3 = x.indexOf("/") + 1: null

14-10-2024T12:07:11 - [TEST_STEP][PASSED] - x = x.substring(i3, x.length()): null

14-10-2024T12:07:11 - [TEST_STEP][PASSED] - return x: null

14-10-2024T12:07:11 - [TEST_STEP][PASSED] - tableA = Script1719551244403.NewDZO(x = tableA): null

14-10-2024T12:07:11 - [TEST_STEP][PASSED] - i3 = <not implemented yet for class: org.codehaus.groovy.ast.expr.EmptyExpression>: null

14-10-2024T12:07:11 - [TEST_STEP][PASSED] - i3 = x.indexOf("/") + 1: null

14-10-2024T12:07:11 - [TEST_STEP][PASSED] - x = x.substring(i3, x.length()): null

14-10-2024T12:07:11 - [TEST_STEP][PASSED] - return x: null

14-10-2024T12:07:11 - [TEST_STEP][PASSED] - tableA = Script1719551244403.NewDZO(x = tableA): null

14-10-2024T12:07:11 - [TEST_STEP][PASSED] - i3 = <not implemented yet for class: org.codehaus.groovy.ast.expr.EmptyExpression>: null

14-10-2024T12:07:11 - [TEST_STEP][PASSED] - i3 = x.indexOf("/") + 1: null

14-10-2024T12:07:11 - [TEST_STEP][PASSED] - x = x.substring(i3, x.length()): null

14-10-2024T12:07:11 - [TEST_STEP][PASSED] - return x: null

14-10-2024T12:07:11 - [TEST_STEP][PASSED] - tableA = Script1719551244403.NewDZO(x = tableA): null

14-10-2024T12:07:11 - [TEST_STEP][PASSED] - i3 = <not implemented yet for class: org.codehaus.groovy.ast.expr.EmptyExpression>: null

14-10-2024T12:07:11 - [TEST_STEP][PASSED] - i3 = x.indexOf("/") + 1: null

14-10-2024T12:07:11 - [TEST_STEP][PASSED] - x = x.substring(i3, x.length()): null

14-10-2024T12:07:11 - [TEST_STEP][PASSED] - return x: null

14-10-2024T12:07:11 - [TEST_STEP][PASSED] - tableA = Script1719551244403.NewDZO(x = tableA): null

14-10-2024T12:07:11 - [TEST_STEP][PASSED] - i3 = <not implemented yet for class: org.codehaus.groovy.ast.expr.EmptyExpression>: null

14-10-2024T12:07:11 - [TEST_STEP][PASSED] - i3 = x.indexOf("/") + 1: null

14-10-2024T12:07:11 - [TEST_STEP][PASSED] - x = x.substring(i3, x.length()): null

14-10-2024T12:07:11 - [TEST_STEP][PASSED] - return x: null

14-10-2024T12:07:11 - [TEST_STEP][PASSED] - tableA = Script1719551244403.NewDZO(x = tableA): null

14-10-2024T12:07:11 - [TEST_STEP][PASSED] - i3 = <not implemented yet for class: org.codehaus.groovy.ast.expr.EmptyExpression>: null

14-10-2024T12:07:11 - [TEST_STEP][PASSED] - i3 = x.indexOf("/") + 1: null

14-10-2024T12:07:11 - [TEST_STEP][PASSED] - x = x.substring(i3, x.length()): null

14-10-2024T12:07:11 - [TEST_STEP][PASSED] - return x: null

14-10-2024T12:07:11 - [TEST_STEP][PASSED] - tableA = Script1719551244403.NewDZO(x = tableA): null

14-10-2024T12:07:11 - [TEST_STEP][PASSED] - i3 = <not implemented yet for class: org.codehaus.groovy.ast.expr.EmptyExpression>: null

14-10-2024T12:07:11 - [TEST_STEP][PASSED] - i3 = x.indexOf("/") + 1: null

14-10-2024T12:07:11 - [TEST_STEP][PASSED] - x = x.substring(i3, x.length()): null

14-10-2024T12:07:11 - [TEST_STEP][PASSED] - return x: null

14-10-2024T12:07:11 - [TEST_STEP][PASSED] - tableA = Script1719551244403.NewDZO(x = tableA): null

14-10-2024T12:07:11 - [TEST_STEP][PASSED] - i3 = <not implemented yet for class: org.codehaus.groovy.ast.expr.EmptyExpression>: null

14-10-2024T12:07:11 - [TEST_STEP][PASSED] - i3 = x.indexOf("/") + 1: null

14-10-2024T12:07:11 - [TEST_STEP][PASSED] - x = x.substring(i3, x.length()): null

14-10-2024T12:07:11 - [TEST_STEP][PASSED] - return x: null

14-10-2024T12:07:11 - [TEST_STEP][PASSED] - tableA = Script1719551244403.NewDZO(x = tableA): null

14-10-2024T12:07:11 - [TEST_STEP][PASSED] - i3 = <not implemented yet for class: org.codehaus.groovy.ast.expr.EmptyExpression>: null

14-10-2024T12:07:11 - [TEST_STEP][PASSED] - i3 = x.indexOf("/") + 1: null

14-10-2024T12:07:11 - [TEST_STEP][PASSED] - x = x.substring(i3, x.length()): null

14-10-2024T12:07:11 - [TEST_STEP][PASSED] - return x: null

14-10-2024T12:07:11 - [TEST_STEP][PASSED] - i = tableA.indexOf("Юг"): null

14-10-2024T12:07:11 - [TEST_STEP][PASSED] - CiPA = replaceAll("\p{P}", "").trim(): null

14-10-2024T12:07:11 - [TEST_STEP][PASSED] - println("CiPA: " + CiPA): null

14-10-2024T12:07:11 - [TEST_STEP][PASSED] - for ([i = 1, i < 10, (i++)]): null

14-10-2024T12:07:11 - [TEST_STEP][PASSED] - tableA = Script1719551244403.NewDZO(x = tableA): null

14-10-2024T12:07:11 - [TEST_STEP][PASSED] - i3 = <not implemented yet for class: org.codehaus.groovy.ast.expr.EmptyExpression>: null

14-10-2024T12:07:11 - [TEST_STEP][PASSED] - i3 = x.indexOf("/") + 1: null

14-10-2024T12:07:11 - [TEST_STEP][PASSED] - x = x.substring(i3, x.length()): null

14-10-2024T12:07:11 - [TEST_STEP][PASSED] - return x: null

14-10-2024T12:07:11 - [TEST_STEP][PASSED] - tableA = Script1719551244403.NewDZO(x = tableA): null

14-10-2024T12:07:11 - [TEST_STEP][PASSED] - i3 = <not implemented yet for class: org.codehaus.groovy.ast.expr.EmptyExpression>: null

14-10-2024T12:07:11 - [TEST_STEP][PASSED] - i3 = x.indexOf("/") + 1: null

14-10-2024T12:07:11 - [TEST_STEP][PASSED] - x = x.substring(i3, x.length()): null

14-10-2024T12:07:11 - [TEST_STEP][PASSED] - return x: null

14-10-2024T12:07:11 - [TEST_STEP][PASSED] - tableA = Script1719551244403.NewDZO(x = tableA): null

14-10-2024T12:07:11 - [TEST_STEP][PASSED] - i3 = <not implemented yet for class: org.codehaus.groovy.ast.expr.EmptyExpression>: null

14-10-2024T12:07:11 - [TEST_STEP][PASSED] - i3 = x.indexOf("/") + 1: null

14-10-2024T12:07:11 - [TEST_STEP][PASSED] - x = x.substring(i3, x.length()): null

14-10-2024T12:07:11 - [TEST_STEP][PASSED] - return x: null

14-10-2024T12:07:11 - [TEST_STEP][PASSED] - tableA = Script1719551244403.NewDZO(x = tableA): null

14-10-2024T12:07:11 - [TEST_STEP][PASSED] - i3 = <not implemented yet for class: org.codehaus.groovy.ast.expr.EmptyExpression>: null

14-10-2024T12:07:11 - [TEST_STEP][PASSED] - i3 = x.indexOf("/") + 1: null

14-10-2024T12:07:11 - [TEST_STEP][PASSED] - x = x.substring(i3, x.length()): null

14-10-2024T12:07:11 - [TEST_STEP][PASSED] - return x: null

14-10-2024T12:07:11 - [TEST_STEP][PASSED] - tableA = Script1719551244403.NewDZO(x = tableA): null

14-10-2024T12:07:11 - [TEST_STEP][PASSED] - i3 = <not implemented yet for class: org.codehaus.groovy.ast.expr.EmptyExpression>: null

14-10-2024T12:07:11 - [TEST_STEP][PASSED] - i3 = x.indexOf("/") + 1: null

14-10-2024T12:07:11 - [TEST_STEP][PASSED] - x = x.substring(i3, x.length()): null

14-10-2024T12:07:11 - [TEST_STEP][PASSED] - return x: null

14-10-2024T12:07:11 - [TEST_STEP][PASSED] - tableA = Script1719551244403.NewDZO(x = tableA): null

14-10-2024T12:07:11 - [TEST_STEP][PASSED] - i3 = <not implemented yet for class: org.codehaus.groovy.ast.expr.EmptyExpression>: null

14-10-2024T12:07:11 - [TEST_STEP][PASSED] - i3 = x.indexOf("/") + 1: null

14-10-2024T12:07:11 - [TEST_STEP][PASSED] - x = x.substring(i3, x.length()): null

14-10-2024T12:07:11 - [TEST_STEP][PASSED] - return x: null

14-10-2024T12:07:11 - [TEST_STEP][PASSED] - tableA = Script1719551244403.NewDZO(x = tableA): null

14-10-2024T12:07:11 - [TEST_STEP][PASSED] - i3 = <not implemented yet for class: org.codehaus.groovy.ast.expr.EmptyExpression>: null

14-10-2024T12:07:11 - [TEST_STEP][PASSED] - i3 = x.indexOf("/") + 1: null

14-10-2024T12:07:11 - [TEST_STEP][PASSED] - x = x.substring(i3, x.length()): null

14-10-2024T12:07:11 - [TEST_STEP][PASSED] - return x: null

14-10-2024T12:07:11 - [TEST_STEP][PASSED] - tableA = Script1719551244403.NewDZO(x = tableA): null

14-10-2024T12:07:11 - [TEST_STEP][PASSED] - i3 = <not implemented yet for class: org.codehaus.groovy.ast.expr.EmptyExpression>: null

14-10-2024T12:07:11 - [TEST_STEP][PASSED] - i3 = x.indexOf("/") + 1: null

14-10-2024T12:07:11 - [TEST_STEP][PASSED] - x = x.substring(i3, x.length()): null

14-10-2024T12:07:11 - [TEST_STEP][PASSED] - return x: null

14-10-2024T12:07:11 - [TEST_STEP][PASSED] - tableA = Script1719551244403.NewDZO(x = tableA): null

14-10-2024T12:07:11 - [TEST_STEP][PASSED] - i3 = <not implemented yet for class: org.codehaus.groovy.ast.expr.EmptyExpression>: null

14-10-2024T12:07:11 - [TEST_STEP][PASSED] - i3 = x.indexOf("/") + 1: null

14-10-2024T12:07:11 - [TEST_STEP][PASSED] - x = x.substring(i3, x.length()): null

14-10-2024T12:07:11 - [TEST_STEP][PASSED] - return x: null

14-10-2024T12:07:11 - [TEST_STEP][PASSED] - i = tableA.indexOf("Янтарь"): null

14-10-2024T12:07:11 - [TEST_STEP][PASSED] - UgA = replaceAll("\p{P}", "").trim(): null

14-10-2024T12:07:11 - [TEST_STEP][PASSED] - println("UgA: " + UgA): null

14-10-2024T12:07:11 - [TEST_STEP][PASSED] - i = tableA.lastIndexOf("/"): null

14-10-2024T12:07:11 - [TEST_STEP][PASSED] - YaA = replaceAll("\p{P}", "").trim(): null

14-10-2024T12:07:11 - [TEST_STEP][PASSED] - println("YaA: " + YaA): null

14-10-2024T12:07:11 - [TEST_STEP][PASSED] - delay(10): Delayed 10 second(s)

14-10-2024T12:07:21 - [MESSAGE][PASSED] - Delayed 10 second(s)

14-10-2024T12:07:21 - [TEST_STEP][PASSED] - navigateToUrl(findTestData("PlanFact").getValue(10, 11)): Navigate to 'https://bi.rosseti.digital/viewer?dashboardGuid=a1fd28b3785d443cbc4d7690a1d78e31&sheetGuid=d3a0ddec2e914cb380b20dca74903099&fit=true' successfully

14-10-2024T12:07:21 - [MESSAGE][PASSED] - Navigate to 'https://bi.rosseti.digital/viewer?dashboardGuid=a1fd28b3785d443cbc4d7690a1d78e31&sheetGuid=d3a0ddec2e914cb380b20dca74903099&fit=true' successfully

14-10-2024T12:07:21 - [TEST_STEP][PASSED] - b = <not implemented yet for class: org.codehaus.groovy.ast.expr.EmptyExpression>: null

14-10-2024T12:07:21 - [TEST_STEP][PASSED] - b1 = <not implemented yet for class: org.codehaus.groovy.ast.expr.EmptyExpression>: null

14-10-2024T12:07:21 - [TEST_STEP][PASSED] - b2 = <not implemented yet for class: org.codehaus.groovy.ast.expr.EmptyExpression>: null

14-10-2024T12:07:21 - [TEST_STEP][PASSED] - click(findTestObject("Факторный анализ/Фильтр Дата Выручка")): Object: 'Object Repository/Факторный анализ/Фильтр Дата Выручка' is clicked on

14-10-2024T12:07:49 - [MESSAGE][PASSED] - Object: 'Object Repository/Факторный анализ/Фильтр Дата Выручка' is clicked on

14-10-2024T12:07:49 - [TEST_STEP][PASSED] - click(findTestObject("Факторный анализ/Снять выделение в фильтре Дата Выручка")): Object: 'Object Repository/Факторный анализ/Снять выделение в фильтре Дата Выручка' is clicked on

14-10-2024T12:07:50 - [MESSAGE][PASSED] - Object: 'Object Repository/Факторный анализ/Снять выделение в фильтре Дата Выручка' is clicked on

14-10-2024T12:07:50 - [TEST_STEP][PASSED] - click(findTestObject("Факторный анализ/Применить в фильтре Дата Выручка")): Object: 'Object Repository/Факторный анализ/Применить в фильтре Дата Выручка' is clicked on

14-10-2024T12:07:50 - [MESSAGE][PASSED] - Object: 'Object Repository/Факторный анализ/Применить в фильтре Дата Выручка' is clicked on

14-10-2024T12:07:50 - [TEST_STEP][PASSED] - delay(10): Delayed 10 second(s)

14-10-2024T12:08:00 - [MESSAGE][PASSED] - Delayed 10 second(s)

14-10-2024T12:08:00 - [TEST_STEP][PASSED] - click(findTestObject("Факторный анализ/Фильтр Дата Выручка")): Object: 'Object Repository/Факторный анализ/Фильтр Дата Выручка' is clicked on

14-10-2024T12:08:01 - [MESSAGE][PASSED] - Object: 'Object Repository/Факторный анализ/Фильтр Дата Выручка' is clicked on

14-10-2024T12:08:01 - [TEST_STEP][PASSED] - click(findTestObject("Факторный анализ/Снять выделение в фильтре Дата Выручка")): Object: 'Object Repository/Факторный анализ/Снять выделение в фильтре Дата Выручка' is clicked on

14-10-2024T12:08:01 - [MESSAGE][PASSED] - Object: 'Object Repository/Факторный анализ/Снять выделение в фильтре Дата Выручка' is clicked on

14-10-2024T12:08:01 - [TEST_STEP][PASSED] - scrollToElement(findTestObject("Факторный анализ/2024 список Выручка"), 30): Scroll to object 'Object Repository/Факторный анализ/2024 список Выручка' successfully

14-10-2024T12:08:01 - [MESSAGE][PASSED] - Scroll to object 'Object Repository/Факторный анализ/2024 список Выручка' successfully

14-10-2024T12:08:01 - [TEST_STEP][PASSED] - click(findTestObject("Факторный анализ/2024 список Выручка")): Object: 'Object Repository/Факторный анализ/2024 список Выручка' is clicked on

14-10-2024T12:08:02 - [MESSAGE][PASSED] - Object: 'Object Repository/Факторный анализ/2024 список Выручка' is clicked on

14-10-2024T12:08:02 - [TEST_STEP][PASSED] - scrollToElement(findTestObject("Факторный анализ/1 квартал 2024 выбрать Выручка"), 30): Scroll to object 'Object Repository/Факторный анализ/1 квартал 2024 выбрать Выручка' successfully

14-10-2024T12:08:02 - [MESSAGE][PASSED] - Scroll to object 'Object Repository/Факторный анализ/1 квартал 2024 выбрать Выручка' successfully

14-10-2024T12:08:02 - [TEST_STEP][PASSED] - click(findTestObject("Факторный анализ/1 квартал 2024 выбрать Выручка")): Object: 'Object Repository/Факторный анализ/1 квартал 2024 выбрать Выручка' is clicked on

14-10-2024T12:08:03 - [MESSAGE][PASSED] - Object: 'Object Repository/Факторный анализ/1 квартал 2024 выбрать Выручка' is clicked on

14-10-2024T12:08:03 - [TEST_STEP][PASSED] - scrollToElement(findTestObject("Факторный анализ/2 квартал 2024 выбрать Выручка"), 30): Scroll to object 'Object Repository/Факторный анализ/2 квартал 2024 выбрать Выручка' successfully

14-10-2024T12:08:03 - [MESSAGE][PASSED] - Scroll to object 'Object Repository/Факторный анализ/2 квартал 2024 выбрать Выручка' successfully

14-10-2024T12:08:03 - [TEST_STEP][PASSED] - click(findTestObject("Факторный анализ/2 квартал 2024 выбрать Выручка"), CONTINUE_ON_FAILURE): Object: 'Object Repository/Факторный анализ/2 квартал 2024 выбрать Выручка' is clicked on

14-10-2024T12:08:03 - [MESSAGE][PASSED] - Object: 'Object Repository/Факторный анализ/2 квартал 2024 выбрать Выручка' is clicked on

14-10-2024T12:08:03 - [TEST_STEP][PASSED] - click(findTestObject("Факторный анализ/3 квартал 2024 список Выручка"), CONTINUE_ON_FAILURE): Object: 'Object Repository/Факторный анализ/3 квартал 2024 список Выручка' is clicked on

14-10-2024T12:08:04 - [MESSAGE][PASSED] - Object: 'Object Repository/Факторный анализ/3 квартал 2024 список Выручка' is clicked on

14-10-2024T12:08:04 - [TEST_STEP][PASSED] - click(findTestObject("Факторный анализ/Июль 2024 Выручка"), CONTINUE_ON_FAILURE): Object: 'Object Repository/Факторный анализ/Июль 2024 Выручка' is clicked on

14-10-2024T12:08:04 - [MESSAGE][PASSED] - Object: 'Object Repository/Факторный анализ/Июль 2024 Выручка' is clicked on

14-10-2024T12:08:04 - [TEST_STEP][PASSED] - scrollToElement(findTestObject("Факторный анализ/Август 2024 Выручка"), 30): Scroll to object 'Object Repository/Факторный анализ/Август 2024 Выручка' successfully

14-10-2024T12:08:05 - [MESSAGE][PASSED] - Scroll to object 'Object Repository/Факторный анализ/Август 2024 Выручка' successfully

14-10-2024T12:08:05 - [TEST_STEP][PASSED] - click(findTestObject("Факторный анализ/Август 2024 Выручка"), CONTINUE_ON_FAILURE): Object: 'Object Repository/Факторный анализ/Август 2024 Выручка' is clicked on

14-10-2024T12:08:05 - [MESSAGE][PASSED] - Object: 'Object Repository/Факторный анализ/Август 2024 Выручка' is clicked on

14-10-2024T12:08:05 - [TEST_STEP][PASSED] - scrollToElement(findTestObject("Факторный анализ/Заголовок дашборда Выручка"), 30): Scroll to object 'Object Repository/Факторный анализ/Заголовок дашборда Выручка' successfully

14-10-2024T12:08:06 - [MESSAGE][PASSED] - Scroll to object 'Object Repository/Факторный анализ/Заголовок дашборда Выручка' successfully

14-10-2024T12:08:06 - [TEST_STEP][PASSED] - click(findTestObject("Факторный анализ/Применить в фильтре Дата Выручка")): Object: 'Object Repository/Факторный анализ/Применить в фильтре Дата Выручка' is clicked on

14-10-2024T12:08:06 - [MESSAGE][PASSED] - Object: 'Object Repository/Факторный анализ/Применить в фильтре Дата Выручка' is clicked on

14-10-2024T12:08:06 - [TEST_STEP][PASSED] - if (run == 1): null

14-10-2024T12:08:06 - [TEST_STEP][PASSED] - else: null

14-10-2024T12:08:06 - [TEST_STEP][PASSED] - click(findTestObject("Факторный анализ/Переключить отображение с филиала на месяц")): Object: 'Object Repository/Факторный анализ/Переключить отображение с филиала на месяц' is clicked on

14-10-2024T12:08:11 - [MESSAGE][PASSED] - Object: 'Object Repository/Факторный анализ/Переключить отображение с филиала на месяц' is clicked on

14-10-2024T12:08:11 - [TEST_STEP][PASSED] - b1 = replaceAll("\s+", "").trim(): Text of object 'Object Repository/Факторный анализ/span1 Выручка' is: '-335 790'

14-10-2024T12:08:11 - [MESSAGE][PASSED] - Text of object 'Object Repository/Факторный анализ/span1 Выручка' is: '-335 790'

14-10-2024T12:08:11 - [TEST_STEP][PASSED] - b2 = replaceAll("\s+", "").trim(): Text of object 'Object Repository/Факторный анализ/span2 Выручка' is: '33 824'

14-10-2024T12:08:11 - [MESSAGE][PASSED] - Text of object 'Object Repository/Факторный анализ/span2 Выручка' is: '33 824'

14-10-2024T12:08:11 - [TEST_STEP][PASSED] - println("b1: " + b1): null

14-10-2024T12:08:11 - [TEST_STEP][PASSED] - println("b2: " + b2): null

14-10-2024T12:08:11 - [TEST_STEP][PASSED] - vidget = "Отклонения выручки по факторам": null

14-10-2024T12:08:11 - [TEST_STEP][PASSED] - DZO = "ПАО Россети": null

14-10-2024T12:08:11 - [TEST_STEP][PASSED] - typeOfData = "Отклонение (объём услуг)": null

14-10-2024T12:08:11 - [TEST_STEP][PASSED] - Script1719551244403.Compare(x = a1, y = b1, run, typeOfData, otobrajeniyeDannyh, todaysDate, vidget, DZO): null

14-10-2024T12:08:11 - [TEST_STEP][PASSED] - if (verifyEqual(x, y) == true): Actual object '-335790' and expected object '-335790' are equal

14-10-2024T12:08:11 - [MESSAGE][PASSED] - Actual object '-335790' and expected object '-335790' are equal

14-10-2024T12:08:11 - [TEST_STEP][PASSED] - typeOfData = "Отклонение (средний тариф)": null

14-10-2024T12:08:11 - [TEST_STEP][PASSED] - Script1719551244403.Compare(x = a2, y = b2, run, typeOfData, otobrajeniyeDannyh, todaysDate, vidget, DZO): null

14-10-2024T12:08:11 - [TEST_STEP][PASSED] - if (verifyEqual(x, y) == true): Actual object '33824' and expected object '33824' are equal

14-10-2024T12:08:11 - [MESSAGE][PASSED] - Actual object '33824' and expected object '33824' are equal

14-10-2024T12:08:11 - [TEST_STEP][PASSED] - tableB = getText(findTestObject("Факторный анализ/AllTable1 Выручка")).replaceAll("[\r?
|
]", "/"): Text of object 'Object Repository/Факторный анализ/AllTable1 Выручка' is: 'ДЗО
Филиал
Отклонение (объём услуг) филиал без Nan
Отклонение (средний тариф) филиал без Nan
АО «Тываэнерго» АО "Тываэнерго" 186 -12
АО «Чеченэнерго» АО «Чеченэнерго» 34 11
Россети Волга Мордовэнерго 152 -90
Оренбургэнерго 561 - 143
Пензаэнерго 249 -72
Самарские РС 379 - 941
Саратовские РС 397 - 402
Ульяновские РС 206 - 198
Чувашэнерго -92 116
Россети Кубань Кубаньэнерго 2 916 83
Россети Ленэнерго (ГК) Ленинградская область 1 497 323
г. Санкт-Петербург 1 973 - 127
Россети Московский регион Московская область 4 586 - 413
г. Москва 2 708 -39
Россети Северный Кавказ (ГК) Дагестанская энергосбытовая компания 0 0
Дагэнерго - 452 434
Ингушэнерго - 171 90
Каббалкэнерго 180 13
Карачаево-Черкесскэнерго 90 -13
Севкавказэнерго - 292 108
Ставропольэнерго 274 - 237
Россети Северо-Запад Архангельский филиал 103 -77
Вологодский филиал 233 -6
Карельский филиал 32 154
Мурманский филиал 106 77
Новгородский филиал 212 -42
Псковский филиал 162 -22
филиал в Республике Коми 49 18
Россети Сибирь (ГК) Алтайэнерго 227 241
Бурятэнерго -86 266
ГАЭС 99 -14
Красноярскэнерго 955 - 272
Кузбассэнерго-РЭС 298 222
Омскэнерго 92 - 140
Хакасэнерго 281 - 319
Читаэнерго -27 88
Россети Томск Томская распределительная компания 333 - 105
Россети Тюмень Россети Тюмень -3 033 - 419
Россети Урал (ГК) Пермэнерго 620 - 198
Свердловэнерго 891 181
Челябэнерго 893 - 608
Россети ФСК ЕЭС Итого по ФСК ЕЭС 8 451 -7 098
Россети Центр Белгородэнерго 293 77
Брянскэнерго 94 7
Воронежэнерго 546 118
Костромаэнерго 121 4
Курскэнерго 148 70
Липецкэнерго 700 - 301
Орелэнерго 160 -12
Смоленскэнерго 121 22
Тамбовэнерго 254 -10
Тверьэнерго 350 94
Ярэнерго 568 16
Россети Центр и Приволжье (ГК) Владимирэнерго 519 47
Ивэнерго 188 28
Калугаэнерго 549 -42
Кировэнерго 395 -2
Мариэнерго 159 13
Нижновэнерго 659 184
Рязаньэнерго 262 38
Тулэнерго 793 - 195
Удмуртэнерго 269 8
Россети Юг (ГК) АО «ВМЭС» 138 24
Астраханьэнерго 74 69
Волгоградэнерго 338 - 274
Калмэнерго 51 -5
Ростовэнерго 704 11
Россети Янтарь Россети Янтарь 273 -37'

14-10-2024T12:08:12 - [MESSAGE][PASSED] - Text of object 'Object Repository/Факторный анализ/AllTable1 Выручка' is: 'ДЗО
Филиал
Отклонение (объём услуг) филиал без Nan
Отклонение (средний тариф) филиал без Nan
АО «Тываэнерго» АО "Тываэнерго" 186 -12
АО «Чеченэнерго» АО «Чеченэнерго» 34 11
Россети Волга Мордовэнерго 152 -90
Оренбургэнерго 561 - 143
Пензаэнерго 249 -72
Самарские РС 379 - 941
Саратовские РС 397 - 402
Ульяновские РС 206 - 198
Чувашэнерго -92 116
Россети Кубань Кубаньэнерго 2 916 83
Россети Ленэнерго (ГК) Ленинградская область 1 497 323
г. Санкт-Петербург 1 973 - 127
Россети Московский регион Московская область 4 586 - 413
г. Москва 2 708 -39
Россети Северный Кавказ (ГК) Дагестанская энергосбытовая компания 0 0
Дагэнерго - 452 434
Ингушэнерго - 171 90
Каббалкэнерго 180 13
Карачаево-Черкесскэнерго 90 -13
Севкавказэнерго - 292 108
Ставропольэнерго 274 - 237
Россети Северо-Запад Архангельский филиал 103 -77
Вологодский филиал 233 -6
Карельский филиал 32 154
Мурманский филиал 106 77
Новгородский филиал 212 -42
Псковский филиал 162 -22
филиал в Республике Коми 49 18
Россети Сибирь (ГК) Алтайэнерго 227 241
Бурятэнерго -86 266
ГАЭС 99 -14
Красноярскэнерго 955 - 272
Кузбассэнерго-РЭС 298 222
Омскэнерго 92 - 140
Хакасэнерго 281 - 319
Читаэнерго -27 88
Россети Томск Томская распределительная компания 333 - 105
Россети Тюмень Россети Тюмень -3 033 - 419
Россети Урал (ГК) Пермэнерго 620 - 198
Свердловэнерго 891 181
Челябэнерго 893 - 608
Россети ФСК ЕЭС Итого по ФСК ЕЭС 8 451 -7 098
Россети Центр Белгородэнерго 293 77
Брянскэнерго 94 7
Воронежэнерго 546 118
Костромаэнерго 121 4
Курскэнерго 148 70
Липецкэнерго 700 - 301
Орелэнерго 160 -12
Смоленскэнерго 121 22
Тамбовэнерго 254 -10
Тверьэнерго 350 94
Ярэнерго 568 16
Россети Центр и Приволжье (ГК) Владимирэнерго 519 47
Ивэнерго 188 28
Калугаэнерго 549 -42
Кировэнерго 395 -2
Мариэнерго 159 13
Нижновэнерго 659 184
Рязаньэнерго 262 38
Тулэнерго 793 - 195
Удмуртэнерго 269 8
Россети Юг (ГК) АО «ВМЭС» 138 24
Астраханьэнерго 74 69
Волгоградэнерго 338 - 274
Калмэнерго 51 -5
Ростовэнерго 704 11
Россети Янтарь Россети Янтарь 273 -37'

14-10-2024T12:08:12 - [TEST_STEP][PASSED] - println("tableB: " + tableB): null

14-10-2024T12:08:12 - [TEST_STEP][PASSED] - for ([i = 1, i < 5, (i++)]): null

14-10-2024T12:08:12 - [TEST_STEP][PASSED] - ii = tableB.indexOf("/") + 1: null

14-10-2024T12:08:12 - [TEST_STEP][PASSED] - tableB = tableB.substring(ii, tableB.length()): null

14-10-2024T12:08:12 - [TEST_STEP][PASSED] - ii = tableB.indexOf("/") + 1: null

14-10-2024T12:08:12 - [TEST_STEP][PASSED] - tableB = tableB.substring(ii, tableB.length()): null

14-10-2024T12:08:12 - [TEST_STEP][PASSED] - ii = tableB.indexOf("/") + 1: null

14-10-2024T12:08:12 - [TEST_STEP][PASSED] - tableB = tableB.substring(ii, tableB.length()): null

14-10-2024T12:08:12 - [TEST_STEP][PASSED] - ii = tableB.indexOf("/") + 1: null

14-10-2024T12:08:12 - [TEST_STEP][PASSED] - tableB = tableB.substring(ii, tableB.length()): null

14-10-2024T12:08:12 - [TEST_STEP][PASSED] - println("tableB: " + tableB): null

14-10-2024T12:08:12 - [TEST_STEP][PASSED] - TyB = Script1719551244403.GetData(x = tableB): null

14-10-2024T12:08:12 - [TEST_STEP][PASSED] - i2 = <not implemented yet for class: org.codehaus.groovy.ast.expr.EmptyExpression>: null

14-10-2024T12:08:12 - [TEST_STEP][PASSED] - i2 = x.indexOf("/") + 1: null

14-10-2024T12:08:12 - [TEST_STEP][PASSED] - x = replaceAll("\p{P}", "").trim(): null

14-10-2024T12:08:12 - [TEST_STEP][PASSED] - return x: null

14-10-2024T12:08:12 - [TEST_STEP][PASSED] - println("TyB: " + TyB): null

14-10-2024T12:08:12 - [TEST_STEP][PASSED] - tableB = Script1719551244403.NewDZO(x = tableB): null

14-10-2024T12:08:12 - [TEST_STEP][PASSED] - i3 = <not implemented yet for class: org.codehaus.groovy.ast.expr.EmptyExpression>: null

14-10-2024T12:08:12 - [TEST_STEP][PASSED] - i3 = x.indexOf("/") + 1: null

14-10-2024T12:08:12 - [TEST_STEP][PASSED] - x = x.substring(i3, x.length()): null

14-10-2024T12:08:12 - [TEST_STEP][PASSED] - return x: null

14-10-2024T12:08:12 - [TEST_STEP][PASSED] - ChB = Script1719551244403.GetData(x = tableB): null

14-10-2024T12:08:12 - [TEST_STEP][PASSED] - i2 = <not implemented yet for class: org.codehaus.groovy.ast.expr.EmptyExpression>: null

14-10-2024T12:08:12 - [TEST_STEP][PASSED] - i2 = x.indexOf("/") + 1: null

14-10-2024T12:08:12 - [TEST_STEP][PASSED] - x = replaceAll("\p{P}", "").trim(): null

14-10-2024T12:08:12 - [TEST_STEP][PASSED] - return x: null

14-10-2024T12:08:12 - [TEST_STEP][PASSED] - println("ChB: " + ChB): null

14-10-2024T12:08:12 - [TEST_STEP][PASSED] - tableB = Script1719551244403.NewDZO(x = tableB): null

14-10-2024T12:08:12 - [TEST_STEP][PASSED] - i3 = <not implemented yet for class: org.codehaus.groovy.ast.expr.EmptyExpression>: null

14-10-2024T12:08:12 - [TEST_STEP][PASSED] - i3 = x.indexOf("/") + 1: null

14-10-2024T12:08:12 - [TEST_STEP][PASSED] - x = x.substring(i3, x.length()): null

14-10-2024T12:08:12 - [TEST_STEP][PASSED] - return x: null

14-10-2024T12:08:12 - [TEST_STEP][PASSED] - i = tableB.indexOf("Кубань"): null

14-10-2024T12:08:12 - [TEST_STEP][PASSED] - VB = replaceAll("\p{P}", "").trim(): null

14-10-2024T12:08:12 - [TEST_STEP][PASSED] - println("VB: " + VB): null

14-10-2024T12:08:12 - [TEST_STEP][PASSED] - for ([i = 1, i < 8, (i++)]): null

14-10-2024T12:08:12 - [TEST_STEP][PASSED] - tableB = Script1719551244403.NewDZO(x = tableB): null

14-10-2024T12:08:12 - [TEST_STEP][PASSED] - i3 = <not implemented yet for class: org.codehaus.groovy.ast.expr.EmptyExpression>: null

14-10-2024T12:08:12 - [TEST_STEP][PASSED] - i3 = x.indexOf("/") + 1: null

14-10-2024T12:08:12 - [TEST_STEP][PASSED] - x = x.substring(i3, x.length()): null

14-10-2024T12:08:12 - [TEST_STEP][PASSED] - return x: null

14-10-2024T12:08:12 - [TEST_STEP][PASSED] - tableB = Script1719551244403.NewDZO(x = tableB): null

14-10-2024T12:08:12 - [TEST_STEP][PASSED] - i3 = <not implemented yet for class: org.codehaus.groovy.ast.expr.EmptyExpression>: null

14-10-2024T12:08:12 - [TEST_STEP][PASSED] - i3 = x.indexOf("/") + 1: null

14-10-2024T12:08:12 - [TEST_STEP][PASSED] - x = x.substring(i3, x.length()): null

14-10-2024T12:08:12 - [TEST_STEP][PASSED] - return x: null

14-10-2024T12:08:12 - [TEST_STEP][PASSED] - tableB = Script1719551244403.NewDZO(x = tableB): null

14-10-2024T12:08:12 - [TEST_STEP][PASSED] - i3 = <not implemented yet for class: org.codehaus.groovy.ast.expr.EmptyExpression>: null

14-10-2024T12:08:12 - [TEST_STEP][PASSED] - i3 = x.indexOf("/") + 1: null

14-10-2024T12:08:12 - [TEST_STEP][PASSED] - x = x.substring(i3, x.length()): null

14-10-2024T12:08:12 - [TEST_STEP][PASSED] - return x: null

14-10-2024T12:08:12 - [TEST_STEP][PASSED] - tableB = Script1719551244403.NewDZO(x = tableB): null

14-10-2024T12:08:12 - [TEST_STEP][PASSED] - i3 = <not implemented yet for class: org.codehaus.groovy.ast.expr.EmptyExpression>: null

14-10-2024T12:08:12 - [TEST_STEP][PASSED] - i3 = x.indexOf("/") + 1: null

14-10-2024T12:08:12 - [TEST_STEP][PASSED] - x = x.substring(i3, x.length()): null

14-10-2024T12:08:12 - [TEST_STEP][PASSED] - return x: null

14-10-2024T12:08:12 - [TEST_STEP][PASSED] - tableB = Script1719551244403.NewDZO(x = tableB): null

14-10-2024T12:08:12 - [TEST_STEP][PASSED] - i3 = <not implemented yet for class: org.codehaus.groovy.ast.expr.EmptyExpression>: null

14-10-2024T12:08:12 - [TEST_STEP][PASSED] - i3 = x.indexOf("/") + 1: null

14-10-2024T12:08:12 - [TEST_STEP][PASSED] - x = x.substring(i3, x.length()): null

14-10-2024T12:08:12 - [TEST_STEP][PASSED] - return x: null

14-10-2024T12:08:12 - [TEST_STEP][PASSED] - tableB = Script1719551244403.NewDZO(x = tableB): null

14-10-2024T12:08:12 - [TEST_STEP][PASSED] - i3 = <not implemented yet for class: org.codehaus.groovy.ast.expr.EmptyExpression>: null

14-10-2024T12:08:12 - [TEST_STEP][PASSED] - i3 = x.indexOf("/") + 1: null

14-10-2024T12:08:12 - [TEST_STEP][PASSED] - x = x.substring(i3, x.length()): null

14-10-2024T12:08:12 - [TEST_STEP][PASSED] - return x: null

14-10-2024T12:08:12 - [TEST_STEP][PASSED] - tableB = Script1719551244403.NewDZO(x = tableB): null

14-10-2024T12:08:12 - [TEST_STEP][PASSED] - i3 = <not implemented yet for class: org.codehaus.groovy.ast.expr.EmptyExpression>: null

14-10-2024T12:08:12 - [TEST_STEP][PASSED] - i3 = x.indexOf("/") + 1: null

14-10-2024T12:08:12 - [TEST_STEP][PASSED] - x = x.substring(i3, x.length()): null

14-10-2024T12:08:12 - [TEST_STEP][PASSED] - return x: null

14-10-2024T12:08:12 - [TEST_STEP][PASSED] - i = tableB.indexOf("Ленэнерго"): null

14-10-2024T12:08:12 - [TEST_STEP][PASSED] - KuB = Script1719551244403.GetData(x = tableB): null

14-10-2024T12:08:12 - [TEST_STEP][PASSED] - i2 = <not implemented yet for class: org.codehaus.groovy.ast.expr.EmptyExpression>: null

14-10-2024T12:08:12 - [TEST_STEP][PASSED] - i2 = x.indexOf("/") + 1: null

14-10-2024T12:08:12 - [TEST_STEP][PASSED] - x = replaceAll("\p{P}", "").trim(): null

14-10-2024T12:08:12 - [TEST_STEP][PASSED] - return x: null

14-10-2024T12:08:12 - [TEST_STEP][PASSED] - println("KuB: " + KuB): null

14-10-2024T12:08:12 - [TEST_STEP][PASSED] - tableB = Script1719551244403.NewDZO(x = tableB): null

14-10-2024T12:08:12 - [TEST_STEP][PASSED] - i3 = <not implemented yet for class: org.codehaus.groovy.ast.expr.EmptyExpression>: null

14-10-2024T12:08:12 - [TEST_STEP][PASSED] - i3 = x.indexOf("/") + 1: null

14-10-2024T12:08:12 - [TEST_STEP][PASSED] - x = x.substring(i3, x.length()): null

14-10-2024T12:08:12 - [TEST_STEP][PASSED] - return x: null

14-10-2024T12:08:12 - [TEST_STEP][PASSED] - i = tableB.indexOf("Московский"): null

14-10-2024T12:08:12 - [TEST_STEP][PASSED] - LenB = replaceAll("\p{P}", "").trim(): null

14-10-2024T12:08:12 - [TEST_STEP][PASSED] - println("LenB: " + LenB): null

14-10-2024T12:08:12 - [TEST_STEP][PASSED] - tableB = Script1719551244403.NewDZO(x = tableB): null

14-10-2024T12:08:12 - [TEST_STEP][PASSED] - i3 = <not implemented yet for class: org.codehaus.groovy.ast.expr.EmptyExpression>: null

14-10-2024T12:08:12 - [TEST_STEP][PASSED] - i3 = x.indexOf("/") + 1: null

14-10-2024T12:08:12 - [TEST_STEP][PASSED] - x = x.substring(i3, x.length()): null

14-10-2024T12:08:12 - [TEST_STEP][PASSED] - return x: null

14-10-2024T12:08:12 - [TEST_STEP][PASSED] - tableB = Script1719551244403.NewDZO(x = tableB): null

14-10-2024T12:08:12 - [TEST_STEP][PASSED] - i3 = <not implemented yet for class: org.codehaus.groovy.ast.expr.EmptyExpression>: null

14-10-2024T12:08:12 - [TEST_STEP][PASSED] - i3 = x.indexOf("/") + 1: null

14-10-2024T12:08:12 - [TEST_STEP][PASSED] - x = x.substring(i3, x.length()): null

14-10-2024T12:08:12 - [TEST_STEP][PASSED] - return x: null

14-10-2024T12:08:12 - [TEST_STEP][PASSED] - i = tableB.indexOf("Кавказ"): null

14-10-2024T12:08:12 - [TEST_STEP][PASSED] - MosB = replaceAll("\p{P}", "").trim(): null

14-10-2024T12:08:12 - [TEST_STEP][PASSED] - println("MosB: " + MosB): null

14-10-2024T12:08:12 - [TEST_STEP][PASSED] - for ([i = 1, i < 3, (i++)]): null

14-10-2024T12:08:12 - [TEST_STEP][PASSED] - tableB = Script1719551244403.NewDZO(x = tableB): null

14-10-2024T12:08:12 - [TEST_STEP][PASSED] - i3 = <not implemented yet for class: org.codehaus.groovy.ast.expr.EmptyExpression>: null

14-10-2024T12:08:12 - [TEST_STEP][PASSED] - i3 = x.indexOf("/") + 1: null

14-10-2024T12:08:12 - [TEST_STEP][PASSED] - x = x.substring(i3, x.length()): null

14-10-2024T12:08:12 - [TEST_STEP][PASSED] - return x: null

14-10-2024T12:08:12 - [TEST_STEP][PASSED] - tableB = Script1719551244403.NewDZO(x = tableB): null

14-10-2024T12:08:12 - [TEST_STEP][PASSED] - i3 = <not implemented yet for class: org.codehaus.groovy.ast.expr.EmptyExpression>: null

14-10-2024T12:08:12 - [TEST_STEP][PASSED] - i3 = x.indexOf("/") + 1: null

14-10-2024T12:08:12 - [TEST_STEP][PASSED] - x = x.substring(i3, x.length()): null

14-10-2024T12:08:12 - [TEST_STEP][PASSED] - return x: null

14-10-2024T12:08:12 - [TEST_STEP][PASSED] - i = tableB.indexOf("Запад"): null

14-10-2024T12:08:12 - [TEST_STEP][PASSED] - SKB = replaceAll("\p{P}", "").trim(): null

14-10-2024T12:08:12 - [TEST_STEP][PASSED] - println("SKB: " + SKB): null

14-10-2024T12:08:12 - [TEST_STEP][PASSED] - for ([i = 1, i < 7, (i++)]): null

14-10-2024T12:08:12 - [TEST_STEP][PASSED] - tableB = Script1719551244403.NewDZO(x = tableB): null

14-10-2024T12:08:12 - [TEST_STEP][PASSED] - i3 = <not implemented yet for class: org.codehaus.groovy.ast.expr.EmptyExpression>: null

14-10-2024T12:08:12 - [TEST_STEP][PASSED] - i3 = x.indexOf("/") + 1: null

14-10-2024T12:08:12 - [TEST_STEP][PASSED] - x = x.substring(i3, x.length()): null

14-10-2024T12:08:12 - [TEST_STEP][PASSED] - return x: null

14-10-2024T12:08:12 - [TEST_STEP][PASSED] - tableB = Script1719551244403.NewDZO(x = tableB): null

14-10-2024T12:08:12 - [TEST_STEP][PASSED] - i3 = <not implemented yet for class: org.codehaus.groovy.ast.expr.EmptyExpression>: null

14-10-2024T12:08:12 - [TEST_STEP][PASSED] - i3 = x.indexOf("/") + 1: null

14-10-2024T12:08:12 - [TEST_STEP][PASSED] - x = x.substring(i3, x.length()): null

14-10-2024T12:08:12 - [TEST_STEP][PASSED] - return x: null

14-10-2024T12:08:12 - [TEST_STEP][PASSED] - tableB = Script1719551244403.NewDZO(x = tableB): null

14-10-2024T12:08:12 - [TEST_STEP][PASSED] - i3 = <not implemented yet for class: org.codehaus.groovy.ast.expr.EmptyExpression>: null

14-10-2024T12:08:12 - [TEST_STEP][PASSED] - i3 = x.indexOf("/") + 1: null

14-10-2024T12:08:12 - [TEST_STEP][PASSED] - x = x.substring(i3, x.length()): null

14-10-2024T12:08:12 - [TEST_STEP][PASSED] - return x: null

14-10-2024T12:08:12 - [TEST_STEP][PASSED] - tableB = Script1719551244403.NewDZO(x = tableB): null

14-10-2024T12:08:12 - [TEST_STEP][PASSED] - i3 = <not implemented yet for class: org.codehaus.groovy.ast.expr.EmptyExpression>: null

14-10-2024T12:08:12 - [TEST_STEP][PASSED] - i3 = x.indexOf("/") + 1: null

14-10-2024T12:08:12 - [TEST_STEP][PASSED] - x = x.substring(i3, x.length()): null

14-10-2024T12:08:12 - [TEST_STEP][PASSED] - return x: null

14-10-2024T12:08:12 - [TEST_STEP][PASSED] - tableB = Script1719551244403.NewDZO(x = tableB): null

14-10-2024T12:08:12 - [TEST_STEP][PASSED] - i3 = <not implemented yet for class: org.codehaus.groovy.ast.expr.EmptyExpression>: null

14-10-2024T12:08:12 - [TEST_STEP][PASSED] - i3 = x.indexOf("/") + 1: null

14-10-2024T12:08:12 - [TEST_STEP][PASSED] - x = x.substring(i3, x.length()): null

14-10-2024T12:08:12 - [TEST_STEP][PASSED] - return x: null

14-10-2024T12:08:12 - [TEST_STEP][PASSED] - tableB = Script1719551244403.NewDZO(x = tableB): null

14-10-2024T12:08:12 - [TEST_STEP][PASSED] - i3 = <not implemented yet for class: org.codehaus.groovy.ast.expr.EmptyExpression>: null

14-10-2024T12:08:12 - [TEST_STEP][PASSED] - i3 = x.indexOf("/") + 1: null

14-10-2024T12:08:12 - [TEST_STEP][PASSED] - x = x.substring(i3, x.length()): null

14-10-2024T12:08:12 - [TEST_STEP][PASSED] - return x: null

14-10-2024T12:08:12 - [TEST_STEP][PASSED] - i = tableB.indexOf("Сибирь"): null

14-10-2024T12:08:12 - [TEST_STEP][PASSED] - SZB = replaceAll("\p{P}", "").trim(): null

14-10-2024T12:08:12 - [TEST_STEP][PASSED] - println("SZB: " + SZB): null

14-10-2024T12:08:12 - [TEST_STEP][PASSED] - for ([i = 1, i < 8, (i++)]): null

14-10-2024T12:08:12 - [TEST_STEP][PASSED] - tableB = Script1719551244403.NewDZO(x = tableB): null

14-10-2024T12:08:12 - [TEST_STEP][PASSED] - i3 = <not implemented yet for class: org.codehaus.groovy.ast.expr.EmptyExpression>: null

14-10-2024T12:08:12 - [TEST_STEP][PASSED] - i3 = x.indexOf("/") + 1: null

14-10-2024T12:08:12 - [TEST_STEP][PASSED] - x = x.substring(i3, x.length()): null

14-10-2024T12:08:12 - [TEST_STEP][PASSED] - return x: null

14-10-2024T12:08:12 - [TEST_STEP][PASSED] - tableB = Script1719551244403.NewDZO(x = tableB): null

14-10-2024T12:08:12 - [TEST_STEP][PASSED] - i3 = <not implemented yet for class: org.codehaus.groovy.ast.expr.EmptyExpression>: null

14-10-2024T12:08:12 - [TEST_STEP][PASSED] - i3 = x.indexOf("/") + 1: null

14-10-2024T12:08:12 - [TEST_STEP][PASSED] - x = x.substring(i3, x.length()): null

14-10-2024T12:08:12 - [TEST_STEP][PASSED] - return x: null

14-10-2024T12:08:12 - [TEST_STEP][PASSED] - tableB = Script1719551244403.NewDZO(x = tableB): null

14-10-2024T12:08:12 - [TEST_STEP][PASSED] - i3 = <not implemented yet for class: org.codehaus.groovy.ast.expr.EmptyExpression>: null

14-10-2024T12:08:12 - [TEST_STEP][PASSED] - i3 = x.indexOf("/") + 1: null

14-10-2024T12:08:12 - [TEST_STEP][PASSED] - x = x.substring(i3, x.length()): null

14-10-2024T12:08:12 - [TEST_STEP][PASSED] - return x: null

14-10-2024T12:08:12 - [TEST_STEP][PASSED] - tableB = Script1719551244403.NewDZO(x = tableB): null

14-10-2024T12:08:12 - [TEST_STEP][PASSED] - i3 = <not implemented yet for class: org.codehaus.groovy.ast.expr.EmptyExpression>: null

14-10-2024T12:08:12 - [TEST_STEP][PASSED] - i3 = x.indexOf("/") + 1: null

14-10-2024T12:08:12 - [TEST_STEP][PASSED] - x = x.substring(i3, x.length()): null

14-10-2024T12:08:12 - [TEST_STEP][PASSED] - return x: null

14-10-2024T12:08:12 - [TEST_STEP][PASSED] - tableB = Script1719551244403.NewDZO(x = tableB): null

14-10-2024T12:08:12 - [TEST_STEP][PASSED] - i3 = <not implemented yet for class: org.codehaus.groovy.ast.expr.EmptyExpression>: null

14-10-2024T12:08:12 - [TEST_STEP][PASSED] - i3 = x.indexOf("/") + 1: null

14-10-2024T12:08:12 - [TEST_STEP][PASSED] - x = x.substring(i3, x.length()): null

14-10-2024T12:08:12 - [TEST_STEP][PASSED] - return x: null

14-10-2024T12:08:12 - [TEST_STEP][PASSED] - tableB = Script1719551244403.NewDZO(x = tableB): null

14-10-2024T12:08:12 - [TEST_STEP][PASSED] - i3 = <not implemented yet for class: org.codehaus.groovy.ast.expr.EmptyExpression>: null

14-10-2024T12:08:12 - [TEST_STEP][PASSED] - i3 = x.indexOf("/") + 1: null

14-10-2024T12:08:12 - [TEST_STEP][PASSED] - x = x.substring(i3, x.length()): null

14-10-2024T12:08:12 - [TEST_STEP][PASSED] - return x: null

14-10-2024T12:08:12 - [TEST_STEP][PASSED] - tableB = Script1719551244403.NewDZO(x = tableB): null

14-10-2024T12:08:12 - [TEST_STEP][PASSED] - i3 = <not implemented yet for class: org.codehaus.groovy.ast.expr.EmptyExpression>: null

14-10-2024T12:08:12 - [TEST_STEP][PASSED] - i3 = x.indexOf("/") + 1: null

14-10-2024T12:08:12 - [TEST_STEP][PASSED] - x = x.substring(i3, x.length()): null

14-10-2024T12:08:12 - [TEST_STEP][PASSED] - return x: null

14-10-2024T12:08:12 - [TEST_STEP][PASSED] - i = tableB.indexOf("Томск"): null

14-10-2024T12:08:12 - [TEST_STEP][PASSED] - SiB = replaceAll("\p{P}", "").trim(): null

14-10-2024T12:08:12 - [TEST_STEP][PASSED] - println("SiB: " + SiB): null

14-10-2024T12:08:12 - [TEST_STEP][PASSED] - for ([i = 1, i < 9, (i++)]): null

14-10-2024T12:08:12 - [TEST_STEP][PASSED] - tableB = Script1719551244403.NewDZO(x = tableB): null

14-10-2024T12:08:12 - [TEST_STEP][PASSED] - i3 = <not implemented yet for class: org.codehaus.groovy.ast.expr.EmptyExpression>: null

14-10-2024T12:08:12 - [TEST_STEP][PASSED] - i3 = x.indexOf("/") + 1: null

14-10-2024T12:08:12 - [TEST_STEP][PASSED] - x = x.substring(i3, x.length()): null

14-10-2024T12:08:12 - [TEST_STEP][PASSED] - return x: null

14-10-2024T12:08:12 - [TEST_STEP][PASSED] - tableB = Script1719551244403.NewDZO(x = tableB): null

14-10-2024T12:08:12 - [TEST_STEP][PASSED] - i3 = <not implemented yet for class: org.codehaus.groovy.ast.expr.EmptyExpression>: null

14-10-2024T12:08:12 - [TEST_STEP][PASSED] - i3 = x.indexOf("/") + 1: null

14-10-2024T12:08:12 - [TEST_STEP][PASSED] - x = x.substring(i3, x.length()): null

14-10-2024T12:08:12 - [TEST_STEP][PASSED] - return x: null

14-10-2024T12:08:12 - [TEST_STEP][PASSED] - tableB = Script1719551244403.NewDZO(x = tableB): null

14-10-2024T12:08:12 - [TEST_STEP][PASSED] - i3 = <not implemented yet for class: org.codehaus.groovy.ast.expr.EmptyExpression>: null

14-10-2024T12:08:12 - [TEST_STEP][PASSED] - i3 = x.indexOf("/") + 1: null

14-10-2024T12:08:12 - [TEST_STEP][PASSED] - x = x.substring(i3, x.length()): null

14-10-2024T12:08:12 - [TEST_STEP][PASSED] - return x: null

14-10-2024T12:08:12 - [TEST_STEP][PASSED] - tableB = Script1719551244403.NewDZO(x = tableB): null

14-10-2024T12:08:12 - [TEST_STEP][PASSED] - i3 = <not implemented yet for class: org.codehaus.groovy.ast.expr.EmptyExpression>: null

14-10-2024T12:08:12 - [TEST_STEP][PASSED] - i3 = x.indexOf("/") + 1: null

14-10-2024T12:08:12 - [TEST_STEP][PASSED] - x = x.substring(i3, x.length()): null

14-10-2024T12:08:12 - [TEST_STEP][PASSED] - return x: null

14-10-2024T12:08:12 - [TEST_STEP][PASSED] - tableB = Script1719551244403.NewDZO(x = tableB): null

14-10-2024T12:08:12 - [TEST_STEP][PASSED] - i3 = <not implemented yet for class: org.codehaus.groovy.ast.expr.EmptyExpression>: null

14-10-2024T12:08:12 - [TEST_STEP][PASSED] - i3 = x.indexOf("/") + 1: null

14-10-2024T12:08:12 - [TEST_STEP][PASSED] - x = x.substring(i3, x.length()): null

14-10-2024T12:08:12 - [TEST_STEP][PASSED] - return x: null

14-10-2024T12:08:12 - [TEST_STEP][PASSED] - tableB = Script1719551244403.NewDZO(x = tableB): null

14-10-2024T12:08:12 - [TEST_STEP][PASSED] - i3 = <not implemented yet for class: org.codehaus.groovy.ast.expr.EmptyExpression>: null

14-10-2024T12:08:12 - [TEST_STEP][PASSED] - i3 = x.indexOf("/") + 1: null

14-10-2024T12:08:12 - [TEST_STEP][PASSED] - x = x.substring(i3, x.length()): null

14-10-2024T12:08:12 - [TEST_STEP][PASSED] - return x: null

14-10-2024T12:08:12 - [TEST_STEP][PASSED] - tableB = Script1719551244403.NewDZO(x = tableB): null

14-10-2024T12:08:12 - [TEST_STEP][PASSED] - i3 = <not implemented yet for class: org.codehaus.groovy.ast.expr.EmptyExpression>: null

14-10-2024T12:08:12 - [TEST_STEP][PASSED] - i3 = x.indexOf("/") + 1: null

14-10-2024T12:08:12 - [TEST_STEP][PASSED] - x = x.substring(i3, x.length()): null

14-10-2024T12:08:12 - [TEST_STEP][PASSED] - return x: null

14-10-2024T12:08:12 - [TEST_STEP][PASSED] - tableB = Script1719551244403.NewDZO(x = tableB): null

14-10-2024T12:08:12 - [TEST_STEP][PASSED] - i3 = <not implemented yet for class: org.codehaus.groovy.ast.expr.EmptyExpression>: null

14-10-2024T12:08:12 - [TEST_STEP][PASSED] - i3 = x.indexOf("/") + 1: null

14-10-2024T12:08:12 - [TEST_STEP][PASSED] - x = x.substring(i3, x.length()): null

14-10-2024T12:08:12 - [TEST_STEP][PASSED] - return x: null

14-10-2024T12:08:12 - [TEST_STEP][PASSED] - i = tableB.indexOf("Тюмень"): null

14-10-2024T12:08:12 - [TEST_STEP][PASSED] - ToB = replaceAll("\p{P}", "").trim(): null

14-10-2024T12:08:12 - [TEST_STEP][PASSED] - println("ToB: " + ToB): null

14-10-2024T12:08:12 - [TEST_STEP][PASSED] - tableB = Script1719551244403.NewDZO(x = tableB): null

14-10-2024T12:08:12 - [TEST_STEP][PASSED] - i3 = <not implemented yet for class: org.codehaus.groovy.ast.expr.EmptyExpression>: null

14-10-2024T12:08:12 - [TEST_STEP][PASSED] - i3 = x.indexOf("/") + 1: null

14-10-2024T12:08:12 - [TEST_STEP][PASSED] - x = x.substring(i3, x.length()): null

14-10-2024T12:08:12 - [TEST_STEP][PASSED] - return x: null

14-10-2024T12:08:12 - [TEST_STEP][PASSED] - TyuB = replaceAll("\p{P}", "").trim(): null

14-10-2024T12:08:12 - [TEST_STEP][PASSED] - println("TyuB: " + TyuB): null

14-10-2024T12:08:12 - [TEST_STEP][PASSED] - tableB = Script1719551244403.NewDZO(x = tableB): null

14-10-2024T12:08:12 - [TEST_STEP][PASSED] - i3 = <not implemented yet for class: org.codehaus.groovy.ast.expr.EmptyExpression>: null

14-10-2024T12:08:12 - [TEST_STEP][PASSED] - i3 = x.indexOf("/") + 1: null

14-10-2024T12:08:12 - [TEST_STEP][PASSED] - x = x.substring(i3, x.length()): null

14-10-2024T12:08:12 - [TEST_STEP][PASSED] - return x: null

14-10-2024T12:08:12 - [TEST_STEP][PASSED] - i = tableB.indexOf("ЕЭС"): null

14-10-2024T12:08:12 - [TEST_STEP][PASSED] - UrB = replaceAll("\p{P}", "").trim(): null

14-10-2024T12:08:12 - [TEST_STEP][PASSED] - println("UrB: " + UrB): null

14-10-2024T12:08:12 - [TEST_STEP][PASSED] - for ([i = 1, i < 4, (i++)]): null

14-10-2024T12:08:12 - [TEST_STEP][PASSED] - tableB = Script1719551244403.NewDZO(x = tableB): null

14-10-2024T12:08:12 - [TEST_STEP][PASSED] - i3 = <not implemented yet for class: org.codehaus.groovy.ast.expr.EmptyExpression>: null

14-10-2024T12:08:12 - [TEST_STEP][PASSED] - i3 = x.indexOf("/") + 1: null

14-10-2024T12:08:12 - [TEST_STEP][PASSED] - x = x.substring(i3, x.length()): null

14-10-2024T12:08:12 - [TEST_STEP][PASSED] - return x: null

14-10-2024T12:08:12 - [TEST_STEP][PASSED] - tableB = Script1719551244403.NewDZO(x = tableB): null

14-10-2024T12:08:12 - [TEST_STEP][PASSED] - i3 = <not implemented yet for class: org.codehaus.groovy.ast.expr.EmptyExpression>: null

14-10-2024T12:08:12 - [TEST_STEP][PASSED] - i3 = x.indexOf("/") + 1: null

14-10-2024T12:08:12 - [TEST_STEP][PASSED] - x = x.substring(i3, x.length()): null

14-10-2024T12:08:12 - [TEST_STEP][PASSED] - return x: null

14-10-2024T12:08:12 - [TEST_STEP][PASSED] - tableB = Script1719551244403.NewDZO(x = tableB): null

14-10-2024T12:08:12 - [TEST_STEP][PASSED] - i3 = <not implemented yet for class: org.codehaus.groovy.ast.expr.EmptyExpression>: null

14-10-2024T12:08:12 - [TEST_STEP][PASSED] - i3 = x.indexOf("/") + 1: null

14-10-2024T12:08:12 - [TEST_STEP][PASSED] - x = x.substring(i3, x.length()): null

14-10-2024T12:08:12 - [TEST_STEP][PASSED] - return x: null

14-10-2024T12:08:12 - [TEST_STEP][PASSED] - i = tableB.indexOf("Центр"): null

14-10-2024T12:08:12 - [TEST_STEP][PASSED] - FSKB = replaceAll("\p{P}", "").trim(): null

14-10-2024T12:08:12 - [TEST_STEP][PASSED] - println("FSKB: " + FSKB): null

14-10-2024T12:08:12 - [TEST_STEP][PASSED] - tableB = Script1719551244403.NewDZO(x = tableB): null

14-10-2024T12:08:12 - [TEST_STEP][PASSED] - i3 = <not implemented yet for class: org.codehaus.groovy.ast.expr.EmptyExpression>: null

14-10-2024T12:08:12 - [TEST_STEP][PASSED] - i3 = x.indexOf("/") + 1: null

14-10-2024T12:08:12 - [TEST_STEP][PASSED] - x = x.substring(i3, x.length()): null

14-10-2024T12:08:12 - [TEST_STEP][PASSED] - return x: null

14-10-2024T12:08:12 - [TEST_STEP][PASSED] - i = tableB.indexOf("Приволжье"): null

14-10-2024T12:08:12 - [TEST_STEP][PASSED] - CenB = replaceAll("\p{P}", "").trim(): null

14-10-2024T12:08:12 - [TEST_STEP][PASSED] - println("CenB: " + CenB): null

14-10-2024T12:08:12 - [TEST_STEP][PASSED] - for ([i = 1, i < 12, (i++)]): null

14-10-2024T12:08:12 - [TEST_STEP][PASSED] - tableB = Script1719551244403.NewDZO(x = tableB): null

14-10-2024T12:08:12 - [TEST_STEP][PASSED] - i3 = <not implemented yet for class: org.codehaus.groovy.ast.expr.EmptyExpression>: null

14-10-2024T12:08:12 - [TEST_STEP][PASSED] - i3 = x.indexOf("/") + 1: null

14-10-2024T12:08:12 - [TEST_STEP][PASSED] - x = x.substring(i3, x.length()): null

14-10-2024T12:08:12 - [TEST_STEP][PASSED] - return x: null

14-10-2024T12:08:12 - [TEST_STEP][PASSED] - tableB = Script1719551244403.NewDZO(x = tableB): null

14-10-2024T12:08:12 - [TEST_STEP][PASSED] - i3 = <not implemented yet for class: org.codehaus.groovy.ast.expr.EmptyExpression>: null

14-10-2024T12:08:12 - [TEST_STEP][PASSED] - i3 = x.indexOf("/") + 1: null

14-10-2024T12:08:12 - [TEST_STEP][PASSED] - x = x.substring(i3, x.length()): null

14-10-2024T12:08:12 - [TEST_STEP][PASSED] - return x: null

14-10-2024T12:08:12 - [TEST_STEP][PASSED] - tableB = Script1719551244403.NewDZO(x = tableB): null

14-10-2024T12:08:12 - [TEST_STEP][PASSED] - i3 = <not implemented yet for class: org.codehaus.groovy.ast.expr.EmptyExpression>: null

14-10-2024T12:08:12 - [TEST_STEP][PASSED] - i3 = x.indexOf("/") + 1: null

14-10-2024T12:08:12 - [TEST_STEP][PASSED] - x = x.substring(i3, x.length()): null

14-10-2024T12:08:12 - [TEST_STEP][PASSED] - return x: null

14-10-2024T12:08:12 - [TEST_STEP][PASSED] - tableB = Script1719551244403.NewDZO(x = tableB): null

14-10-2024T12:08:12 - [TEST_STEP][PASSED] - i3 = <not implemented yet for class: org.codehaus.groovy.ast.expr.EmptyExpression>: null

14-10-2024T12:08:12 - [TEST_STEP][PASSED] - i3 = x.indexOf("/") + 1: null

14-10-2024T12:08:12 - [TEST_STEP][PASSED] - x = x.substring(i3, x.length()): null

14-10-2024T12:08:12 - [TEST_STEP][PASSED] - return x: null

14-10-2024T12:08:12 - [TEST_STEP][PASSED] - tableB = Script1719551244403.NewDZO(x = tableB): null

14-10-2024T12:08:12 - [TEST_STEP][PASSED] - i3 = <not implemented yet for class: org.codehaus.groovy.ast.expr.EmptyExpression>: null

14-10-2024T12:08:12 - [TEST_STEP][PASSED] - i3 = x.indexOf("/") + 1: null

14-10-2024T12:08:12 - [TEST_STEP][PASSED] - x = x.substring(i3, x.length()): null

14-10-2024T12:08:12 - [TEST_STEP][PASSED] - return x: null

14-10-2024T12:08:12 - [TEST_STEP][PASSED] - tableB = Script1719551244403.NewDZO(x = tableB): null

14-10-2024T12:08:12 - [TEST_STEP][PASSED] - i3 = <not implemented yet for class: org.codehaus.groovy.ast.expr.EmptyExpression>: null

14-10-2024T12:08:12 - [TEST_STEP][PASSED] - i3 = x.indexOf("/") + 1: null

14-10-2024T12:08:12 - [TEST_STEP][PASSED] - x = x.substring(i3, x.length()): null

14-10-2024T12:08:12 - [TEST_STEP][PASSED] - return x: null

14-10-2024T12:08:12 - [TEST_STEP][PASSED] - tableB = Script1719551244403.NewDZO(x = tableB): null

14-10-2024T12:08:12 - [TEST_STEP][PASSED] - i3 = <not implemented yet for class: org.codehaus.groovy.ast.expr.EmptyExpression>: null

14-10-2024T12:08:12 - [TEST_STEP][PASSED] - i3 = x.indexOf("/") + 1: null

14-10-2024T12:08:12 - [TEST_STEP][PASSED] - x = x.substring(i3, x.length()): null

14-10-2024T12:08:12 - [TEST_STEP][PASSED] - return x: null

14-10-2024T12:08:12 - [TEST_STEP][PASSED] - tableB = Script1719551244403.NewDZO(x = tableB): null

14-10-2024T12:08:12 - [TEST_STEP][PASSED] - i3 = <not implemented yet for class: org.codehaus.groovy.ast.expr.EmptyExpression>: null

14-10-2024T12:08:12 - [TEST_STEP][PASSED] - i3 = x.indexOf("/") + 1: null

14-10-2024T12:08:12 - [TEST_STEP][PASSED] - x = x.substring(i3, x.length()): null

14-10-2024T12:08:12 - [TEST_STEP][PASSED] - return x: null

14-10-2024T12:08:12 - [TEST_STEP][PASSED] - tableB = Script1719551244403.NewDZO(x = tableB): null

14-10-2024T12:08:12 - [TEST_STEP][PASSED] - i3 = <not implemented yet for class: org.codehaus.groovy.ast.expr.EmptyExpression>: null

14-10-2024T12:08:12 - [TEST_STEP][PASSED] - i3 = x.indexOf("/") + 1: null

14-10-2024T12:08:12 - [TEST_STEP][PASSED] - x = x.substring(i3, x.length()): null

14-10-2024T12:08:12 - [TEST_STEP][PASSED] - return x: null

14-10-2024T12:08:12 - [TEST_STEP][PASSED] - tableB = Script1719551244403.NewDZO(x = tableB): null

14-10-2024T12:08:12 - [TEST_STEP][PASSED] - i3 = <not implemented yet for class: org.codehaus.groovy.ast.expr.EmptyExpression>: null

14-10-2024T12:08:12 - [TEST_STEP][PASSED] - i3 = x.indexOf("/") + 1: null

14-10-2024T12:08:12 - [TEST_STEP][PASSED] - x = x.substring(i3, x.length()): null

14-10-2024T12:08:12 - [TEST_STEP][PASSED] - return x: null

14-10-2024T12:08:12 - [TEST_STEP][PASSED] - tableB = Script1719551244403.NewDZO(x = tableB): null

14-10-2024T12:08:12 - [TEST_STEP][PASSED] - i3 = <not implemented yet for class: org.codehaus.groovy.ast.expr.EmptyExpression>: null

14-10-2024T12:08:12 - [TEST_STEP][PASSED] - i3 = x.indexOf("/") + 1: null

14-10-2024T12:08:12 - [TEST_STEP][PASSED] - x = x.substring(i3, x.length()): null

14-10-2024T12:08:12 - [TEST_STEP][PASSED] - return x: null

14-10-2024T12:08:12 - [TEST_STEP][PASSED] - i = tableB.indexOf("Юг"): null

14-10-2024T12:08:12 - [TEST_STEP][PASSED] - CiPB = replaceAll("\p{P}", "").trim(): null

14-10-2024T12:08:12 - [TEST_STEP][PASSED] - println("CiPB: " + CiPB): null

14-10-2024T12:08:12 - [TEST_STEP][PASSED] - for ([i = 1, i < 10, (i++)]): null

14-10-2024T12:08:12 - [TEST_STEP][PASSED] - tableB = Script1719551244403.NewDZO(x = tableB): null

14-10-2024T12:08:12 - [TEST_STEP][PASSED] - i3 = <not implemented yet for class: org.codehaus.groovy.ast.expr.EmptyExpression>: null

14-10-2024T12:08:12 - [TEST_STEP][PASSED] - i3 = x.indexOf("/") + 1: null

14-10-2024T12:08:12 - [TEST_STEP][PASSED] - x = x.substring(i3, x.length()): null

14-10-2024T12:08:12 - [TEST_STEP][PASSED] - return x: null

14-10-2024T12:08:12 - [TEST_STEP][PASSED] - tableB = Script1719551244403.NewDZO(x = tableB): null

14-10-2024T12:08:12 - [TEST_STEP][PASSED] - i3 = <not implemented yet for class: org.codehaus.groovy.ast.expr.EmptyExpression>: null

14-10-2024T12:08:12 - [TEST_STEP][PASSED] - i3 = x.indexOf("/") + 1: null

14-10-2024T12:08:12 - [TEST_STEP][PASSED] - x = x.substring(i3, x.length()): null

14-10-2024T12:08:12 - [TEST_STEP][PASSED] - return x: null

14-10-2024T12:08:12 - [TEST_STEP][PASSED] - tableB = Script1719551244403.NewDZO(x = tableB): null

14-10-2024T12:08:12 - [TEST_STEP][PASSED] - i3 = <not implemented yet for class: org.codehaus.groovy.ast.expr.EmptyExpression>: null

14-10-2024T12:08:12 - [TEST_STEP][PASSED] - i3 = x.indexOf("/") + 1: null

14-10-2024T12:08:12 - [TEST_STEP][PASSED] - x = x.substring(i3, x.length()): null

14-10-2024T12:08:12 - [TEST_STEP][PASSED] - return x: null

14-10-2024T12:08:12 - [TEST_STEP][PASSED] - tableB = Script1719551244403.NewDZO(x = tableB): null

14-10-2024T12:08:12 - [TEST_STEP][PASSED] - i3 = <not implemented yet for class: org.codehaus.groovy.ast.expr.EmptyExpression>: null

14-10-2024T12:08:12 - [TEST_STEP][PASSED] - i3 = x.indexOf("/") + 1: null

14-10-2024T12:08:12 - [TEST_STEP][PASSED] - x = x.substring(i3, x.length()): null

14-10-2024T12:08:12 - [TEST_STEP][PASSED] - return x: null

14-10-2024T12:08:12 - [TEST_STEP][PASSED] - tableB = Script1719551244403.NewDZO(x = tableB): null

14-10-2024T12:08:12 - [TEST_STEP][PASSED] - i3 = <not implemented yet for class: org.codehaus.groovy.ast.expr.EmptyExpression>: null

14-10-2024T12:08:12 - [TEST_STEP][PASSED] - i3 = x.indexOf("/") + 1: null

14-10-2024T12:08:12 - [TEST_STEP][PASSED] - x = x.substring(i3, x.length()): null

14-10-2024T12:08:12 - [TEST_STEP][PASSED] - return x: null

14-10-2024T12:08:12 - [TEST_STEP][PASSED] - tableB = Script1719551244403.NewDZO(x = tableB): null

14-10-2024T12:08:12 - [TEST_STEP][PASSED] - i3 = <not implemented yet for class: org.codehaus.groovy.ast.expr.EmptyExpression>: null

14-10-2024T12:08:12 - [TEST_STEP][PASSED] - i3 = x.indexOf("/") + 1: null

14-10-2024T12:08:12 - [TEST_STEP][PASSED] - x = x.substring(i3, x.length()): null

14-10-2024T12:08:12 - [TEST_STEP][PASSED] - return x: null

14-10-2024T12:08:12 - [TEST_STEP][PASSED] - tableB = Script1719551244403.NewDZO(x = tableB): null

14-10-2024T12:08:12 - [TEST_STEP][PASSED] - i3 = <not implemented yet for class: org.codehaus.groovy.ast.expr.EmptyExpression>: null

14-10-2024T12:08:12 - [TEST_STEP][PASSED] - i3 = x.indexOf("/") + 1: null

14-10-2024T12:08:12 - [TEST_STEP][PASSED] - x = x.substring(i3, x.length()): null

14-10-2024T12:08:12 - [TEST_STEP][PASSED] - return x: null

14-10-2024T12:08:12 - [TEST_STEP][PASSED] - tableB = Script1719551244403.NewDZO(x = tableB): null

14-10-2024T12:08:12 - [TEST_STEP][PASSED] - i3 = <not implemented yet for class: org.codehaus.groovy.ast.expr.EmptyExpression>: null

14-10-2024T12:08:12 - [TEST_STEP][PASSED] - i3 = x.indexOf("/") + 1: null

14-10-2024T12:08:12 - [TEST_STEP][PASSED] - x = x.substring(i3, x.length()): null

14-10-2024T12:08:12 - [TEST_STEP][PASSED] - return x: null

14-10-2024T12:08:12 - [TEST_STEP][PASSED] - tableB = Script1719551244403.NewDZO(x = tableB): null

14-10-2024T12:08:12 - [TEST_STEP][PASSED] - i3 = <not implemented yet for class: org.codehaus.groovy.ast.expr.EmptyExpression>: null

14-10-2024T12:08:12 - [TEST_STEP][PASSED] - i3 = x.indexOf("/") + 1: null

14-10-2024T12:08:12 - [TEST_STEP][PASSED] - x = x.substring(i3, x.length()): null

14-10-2024T12:08:12 - [TEST_STEP][PASSED] - return x: null

14-10-2024T12:08:12 - [TEST_STEP][PASSED] - i = tableB.indexOf("Янтарь"): null

14-10-2024T12:08:12 - [TEST_STEP][PASSED] - UgB = replaceAll("\p{P}", "").trim(): null

14-10-2024T12:08:12 - [TEST_STEP][PASSED] - println("UgB: " + UgB): null

14-10-2024T12:08:12 - [TEST_STEP][PASSED] - i = tableB.lastIndexOf("/"): null

14-10-2024T12:08:12 - [TEST_STEP][PASSED] - YaB = replaceAll("\p{P}", "").trim(): null

14-10-2024T12:08:12 - [TEST_STEP][PASSED] - println("YaB: " + YaB): null

14-10-2024T12:08:12 - [TEST_STEP][PASSED] - vidget = "Отклонения выручки по факторам": null

14-10-2024T12:08:12 - [TEST_STEP][PASSED] - if (run == 2): null

14-10-2024T12:08:12 - [TEST_STEP][PASSED] - DZO = "АО «Тываэнерго»": null

14-10-2024T12:08:12 - [TEST_STEP][PASSED] - Script1719551244403.CompareDZO(x = TyA, y = TyB, run, typeOfData, otobrajeniyeDannyh, todaysDate, vidget, DZO): null

14-10-2024T12:08:12 - [TEST_STEP][PASSED] - x1 = x: null

14-10-2024T12:08:12 - [TEST_STEP][PASSED] - y1 = y: null

14-10-2024T12:08:12 - [TEST_STEP][PASSED] - i1 = <not implemented yet for class: org.codehaus.groovy.ast.expr.EmptyExpression>: null

14-10-2024T12:08:12 - [TEST_STEP][PASSED] - if (verifyEqual(x, y) == true): null

14-10-2024T12:08:12 - [MESSAGE][PASSED] - Actual object '186 12' and expected object '186 12' are equal

14-10-2024T12:08:12 - [TEST_STEP][PASSED] - DZO = "АО «Чеченэнерго»": null

14-10-2024T12:08:12 - [TEST_STEP][PASSED] - Script1719551244403.CompareDZO(x = ChA, y = ChB, run, typeOfData, otobrajeniyeDannyh, todaysDate, vidget, DZO): null

14-10-2024T12:08:12 - [TEST_STEP][PASSED] - x1 = x: null

14-10-2024T12:08:12 - [TEST_STEP][PASSED] - y1 = y: null

14-10-2024T12:08:12 - [TEST_STEP][PASSED] - i1 = <not implemented yet for class: org.codehaus.groovy.ast.expr.EmptyExpression>: null

14-10-2024T12:08:12 - [TEST_STEP][FAILED] - if (verifyEqual(x, y) == true): Unable to verify equal between actual object '2 985 11' and expected object '34 11' (Root cause: com.kms.katalon.core.exception.StepFailedException: Actual object '2 985 11' and expected object '34 11' are not equal
	at com.kms.katalon.core.keyword.builtin.VerifyEqualKeyword$_verifyEqual_closure1.doCall(VerifyEqualKeyword.groovy:58)
	at com.kms.katalon.core.keyword.builtin.VerifyEqualKeyword$_verifyEqual_closure1.call(VerifyEqualKeyword.groovy)
	at com.kms.katalon.core.keyword.internal.KeywordMain.runKeyword(KeywordMain.groovy:75)
	at com.kms.katalon.core.keyword.builtin.VerifyEqualKeyword.verifyEqual(VerifyEqualKeyword.groovy:63)
	at com.kms.katalon.core.keyword.builtin.VerifyEqualKeyword.execute(VerifyEqualKeyword.groovy:44)
	at com.kms.katalon.core.keyword.internal.KeywordExecutor.executeKeywordForPlatform(KeywordExecutor.groovy:74)
	at com.kms.katalon.core.keyword.BuiltinKeywords.verifyEqual(BuiltinKeywords.groovy:146)
	at jdk.internal.reflect.GeneratedMethodAccessor19.invoke(Unknown Source)
	at java.base/jdk.internal.reflect.DelegatingMethodAccessorImpl.invoke(DelegatingMethodAccessorImpl.java:43)
	at Факторный анализ сверка дашбордов.CompareDZO(Факторный анализ сверка дашбордов:689)
	at Факторный анализ сверка дашбордов.Test(Факторный анализ сверка дашбордов:603)
	at Факторный анализ сверка дашбордов.run(Факторный анализ сверка дашбордов:44)
	at com.kms.katalon.core.main.ScriptEngine.run(ScriptEngine.java:194)
	at com.kms.katalon.core.main.ScriptEngine.runScriptAsRawText(ScriptEngine.java:119)
	at com.kms.katalon.core.main.TestCaseExecutor.runScript(TestCaseExecutor.java:448)
	at com.kms.katalon.core.main.TestCaseExecutor.doExecute(TestCaseExecutor.java:439)
	at com.kms.katalon.core.main.TestCaseExecutor.processExecutionPhase(TestCaseExecutor.java:418)
	at com.kms.katalon.core.main.TestCaseExecutor.accessMainPhase(TestCaseExecutor.java:410)
	at com.kms.katalon.core.main.TestCaseExecutor.execute(TestCaseExecutor.java:285)
	at com.kms.katalon.core.common.CommonExecutor.accessTestCaseMainPhase(CommonExecutor.java:65)
	at com.kms.katalon.core.main.TestSuiteExecutor.accessTestSuiteMainPhase(TestSuiteExecutor.java:150)
	at com.kms.katalon.core.main.TestSuiteExecutor.execute(TestSuiteExecutor.java:106)
	at com.kms.katalon.core.main.TestCaseMain.startTestSuite(TestCaseMain.java:180)
	at TempTestSuite1728890597227.run(TempTestSuite1728890597227.groovy:35)
	at java.base/jdk.internal.reflect.NativeMethodAccessorImpl.invoke0(Native Method)
	at java.base/jdk.internal.reflect.NativeMethodAccessorImpl.invoke(NativeMethodAccessorImpl.java:77)
	at java.base/jdk.internal.reflect.DelegatingMethodAccessorImpl.invoke(DelegatingMethodAccessorImpl.java:43)
)

14-10-2024T12:08:12 - [MESSAGE][FAILED] - Unable to verify equal between actual object '2 985 11' and expected object '34 11' (Root cause: com.kms.katalon.core.exception.StepFailedException: Actual object '2 985 11' and expected object '34 11' are not equal
	at com.kms.katalon.core.keyword.builtin.VerifyEqualKeyword$_verifyEqual_closure1.doCall(VerifyEqualKeyword.groovy:58)
	at com.kms.katalon.core.keyword.builtin.VerifyEqualKeyword$_verifyEqual_closure1.call(VerifyEqualKeyword.groovy)
	at com.kms.katalon.core.keyword.internal.KeywordMain.runKeyword(KeywordMain.groovy:75)
	at com.kms.katalon.core.keyword.builtin.VerifyEqualKeyword.verifyEqual(VerifyEqualKeyword.groovy:63)
	at com.kms.katalon.core.keyword.builtin.VerifyEqualKeyword.execute(VerifyEqualKeyword.groovy:44)
	at com.kms.katalon.core.keyword.internal.KeywordExecutor.executeKeywordForPlatform(KeywordExecutor.groovy:74)
	at com.kms.katalon.core.keyword.BuiltinKeywords.verifyEqual(BuiltinKeywords.groovy:146)
	at jdk.internal.reflect.GeneratedMethodAccessor19.invoke(Unknown Source)
	at java.base/jdk.internal.reflect.DelegatingMethodAccessorImpl.invoke(DelegatingMethodAccessorImpl.java:43)
	at Факторный анализ сверка дашбордов.CompareDZO(Факторный анализ сверка дашбордов:689)
	at Факторный анализ сверка дашбордов.Test(Факторный анализ сверка дашбордов:603)
	at Факторный анализ сверка дашбордов.run(Факторный анализ сверка дашбордов:44)
	at com.kms.katalon.core.main.ScriptEngine.run(ScriptEngine.java:194)
	at com.kms.katalon.core.main.ScriptEngine.runScriptAsRawText(ScriptEngine.java:119)
	at com.kms.katalon.core.main.TestCaseExecutor.runScript(TestCaseExecutor.java:448)
	at com.kms.katalon.core.main.TestCaseExecutor.doExecute(TestCaseExecutor.java:439)
	at com.kms.katalon.core.main.TestCaseExecutor.processExecutionPhase(TestCaseExecutor.java:418)
	at com.kms.katalon.core.main.TestCaseExecutor.accessMainPhase(TestCaseExecutor.java:410)
	at com.kms.katalon.core.main.TestCaseExecutor.execute(TestCaseExecutor.java:285)
	at com.kms.katalon.core.common.CommonExecutor.accessTestCaseMainPhase(CommonExecutor.java:65)
	at com.kms.katalon.core.main.TestSuiteExecutor.accessTestSuiteMainPhase(TestSuiteExecutor.java:150)
	at com.kms.katalon.core.main.TestSuiteExecutor.execute(TestSuiteExecutor.java:106)
	at com.kms.katalon.core.main.TestCaseMain.startTestSuite(TestCaseMain.java:180)
	at TempTestSuite1728890597227.run(TempTestSuite1728890597227.groovy:35)
	at java.base/jdk.internal.reflect.NativeMethodAccessorImpl.invoke0(Native Method)
	at java.base/jdk.internal.reflect.NativeMethodAccessorImpl.invoke(NativeMethodAccessorImpl.java:77)
	at java.base/jdk.internal.reflect.DelegatingMethodAccessorImpl.invoke(DelegatingMethodAccessorImpl.java:43)
)

14-10-2024T12:08:12 - [TEST_STEP][PASSED] - else: null

14-10-2024T12:08:12 - [TEST_STEP][PASSED] - otobrajeniyeDannyh = "Все": null

14-10-2024T12:08:12 - [TEST_STEP][PASSED] - vidget = "Всего отклонения по факторам": null

14-10-2024T12:08:12 - [TEST_STEP][PASSED] - Script1719551244403.WriteToExcel(todaysDate, typeOfData, otobrajeniyeDannyh, x, y, vidget, DZO): null

14-10-2024T12:08:12 - [TEST_STEP][PASSED] - sheetName = "Sheet1": null

14-10-2024T12:08:12 - [TEST_STEP][PASSED] - data = findTestData("PlanFact"): null

14-10-2024T12:08:12 - [TEST_STEP][PASSED] - n = data.getRowNumbers() + 1: null

14-10-2024T12:08:12 - [TEST_STEP][PASSED] - period = getText(findTestObject("Факторный анализ/Фильтр Период")): Text of object 'Object Repository/Факторный анализ/Фильтр Период' is: 'Июль, Август и 1, 2 кв. 2024 года'

14-10-2024T12:08:12 - [MESSAGE][PASSED] - Text of object 'Object Repository/Факторный анализ/Фильтр Период' is: 'Июль, Август и 1, 2 кв. 2024 года'

14-10-2024T12:08:12 - [TEST_STEP][PASSED] - println(period): null

14-10-2024T12:08:12 - [TEST_STEP][PASSED] - dashboardName = "Факторный анализ": null

14-10-2024T12:08:12 - [TEST_STEP][PASSED] - workbook01 = getWorkbook(excelFilePath): null

14-10-2024T12:08:12 - [TEST_STEP][PASSED] - sheet01 = getExcelSheet(workbook01, sheetName): null

14-10-2024T12:08:12 - [TEST_STEP][PASSED] - setValueToCellByIndex(sheet01, n, 0, dashboardName): null

14-10-2024T12:08:12 - [TEST_STEP][PASSED] - setValueToCellByIndex(sheet01, n, 1, DZO): null

14-10-2024T12:08:12 - [TEST_STEP][PASSED] - setValueToCellByIndex(sheet01, n, 2, vidget): null

14-10-2024T12:08:12 - [TEST_STEP][PASSED] - setValueToCellByIndex(sheet01, n, 3, typeOfData): null

14-10-2024T12:08:12 - [TEST_STEP][PASSED] - setValueToCellByIndex(sheet01, n, 4, otobrajeniyeDannyh): null

14-10-2024T12:08:12 - [TEST_STEP][PASSED] - setValueToCellByIndex(sheet01, n, 5, period): null

14-10-2024T12:08:12 - [TEST_STEP][PASSED] - setValueToCellByIndex(sheet01, n, 6, todaysDate): null

14-10-2024T12:08:12 - [TEST_STEP][PASSED] - n = n + 1: null

14-10-2024T12:08:12 - [TEST_STEP][PASSED] - saveWorkbook(excelFilePath, workbook01): null

14-10-2024T12:08:13 - [TEST_STEP][PASSED] - DZO = "Россети Волга": null

14-10-2024T12:08:13 - [TEST_STEP][PASSED] - Script1719551244403.CompareDZO(x = VA, y = VB, run, typeOfData, otobrajeniyeDannyh, todaysDate, vidget, DZO): null

14-10-2024T12:08:13 - [TEST_STEP][PASSED] - x1 = x: null

14-10-2024T12:08:13 - [TEST_STEP][PASSED] - y1 = y: null

14-10-2024T12:08:13 - [TEST_STEP][PASSED] - i1 = <not implemented yet for class: org.codehaus.groovy.ast.expr.EmptyExpression>: null

14-10-2024T12:08:13 - [TEST_STEP][FAILED] - if (verifyEqual(x, y) == true): Unable to verify equal between actual object '2 499 90 9 857  143 5 956 72  11 562  941  11 875  402  4 296  198 3 667 116' and expected object '152 90 561  143 249 72  379  941  397  402  206  198 92 116' (Root cause: com.kms.katalon.core.exception.StepFailedException: Actual object '2 499 90 9 857  143 5 956 72  11 562  941  11 875  402  4 296  198 3 667 116' and expected object '152 90 561  143 249 72  379  941  397  402  206  198 92 116' are not equal
	at com.kms.katalon.core.keyword.builtin.VerifyEqualKeyword$_verifyEqual_closure1.doCall(VerifyEqualKeyword.groovy:58)
	at com.kms.katalon.core.keyword.builtin.VerifyEqualKeyword$_verifyEqual_closure1.call(VerifyEqualKeyword.groovy)
	at com.kms.katalon.core.keyword.internal.KeywordMain.runKeyword(KeywordMain.groovy:75)
	at com.kms.katalon.core.keyword.builtin.VerifyEqualKeyword.verifyEqual(VerifyEqualKeyword.groovy:63)
	at com.kms.katalon.core.keyword.builtin.VerifyEqualKeyword.execute(VerifyEqualKeyword.groovy:44)
	at com.kms.katalon.core.keyword.internal.KeywordExecutor.executeKeywordForPlatform(KeywordExecutor.groovy:74)
	at com.kms.katalon.core.keyword.BuiltinKeywords.verifyEqual(BuiltinKeywords.groovy:146)
	at jdk.internal.reflect.GeneratedMethodAccessor19.invoke(Unknown Source)
	at java.base/jdk.internal.reflect.DelegatingMethodAccessorImpl.invoke(DelegatingMethodAccessorImpl.java:43)
	at Факторный анализ сверка дашбордов.CompareDZO(Факторный анализ сверка дашбордов:689)
	at Факторный анализ сверка дашбордов.Test(Факторный анализ сверка дашбордов:607)
	at Факторный анализ сверка дашбордов.run(Факторный анализ сверка дашбордов:44)
	at com.kms.katalon.core.main.ScriptEngine.run(ScriptEngine.java:194)
	at com.kms.katalon.core.main.ScriptEngine.runScriptAsRawText(ScriptEngine.java:119)
	at com.kms.katalon.core.main.TestCaseExecutor.runScript(TestCaseExecutor.java:448)
	at com.kms.katalon.core.main.TestCaseExecutor.doExecute(TestCaseExecutor.java:439)
	at com.kms.katalon.core.main.TestCaseExecutor.processExecutionPhase(TestCaseExecutor.java:418)
	at com.kms.katalon.core.main.TestCaseExecutor.accessMainPhase(TestCaseExecutor.java:410)
	at com.kms.katalon.core.main.TestCaseExecutor.execute(TestCaseExecutor.java:285)
	at com.kms.katalon.core.common.CommonExecutor.accessTestCaseMainPhase(CommonExecutor.java:65)
	at com.kms.katalon.core.main.TestSuiteExecutor.accessTestSuiteMainPhase(TestSuiteExecutor.java:150)
	at com.kms.katalon.core.main.TestSuiteExecutor.execute(TestSuiteExecutor.java:106)
	at com.kms.katalon.core.main.TestCaseMain.startTestSuite(TestCaseMain.java:180)
	at TempTestSuite1728890597227.run(TempTestSuite1728890597227.groovy:35)
	at java.base/jdk.internal.reflect.NativeMethodAccessorImpl.invoke0(Native Method)
	at java.base/jdk.internal.reflect.NativeMethodAccessorImpl.invoke(NativeMethodAccessorImpl.java:77)
	at java.base/jdk.internal.reflect.DelegatingMethodAccessorImpl.invoke(DelegatingMethodAccessorImpl.java:43)
)

14-10-2024T12:08:13 - [MESSAGE][FAILED] - Unable to verify equal between actual object '2 499 90 9 857  143 5 956 72  11 562  941  11 875  402  4 296  198 3 667 116' and expected object '152 90 561  143 249 72  379  941  397  402  206  198 92 116' (Root cause: com.kms.katalon.core.exception.StepFailedException: Actual object '2 499 90 9 857  143 5 956 72  11 562  941  11 875  402  4 296  198 3 667 116' and expected object '152 90 561  143 249 72  379  941  397  402  206  198 92 116' are not equal
	at com.kms.katalon.core.keyword.builtin.VerifyEqualKeyword$_verifyEqual_closure1.doCall(VerifyEqualKeyword.groovy:58)
	at com.kms.katalon.core.keyword.builtin.VerifyEqualKeyword$_verifyEqual_closure1.call(VerifyEqualKeyword.groovy)
	at com.kms.katalon.core.keyword.internal.KeywordMain.runKeyword(KeywordMain.groovy:75)
	at com.kms.katalon.core.keyword.builtin.VerifyEqualKeyword.verifyEqual(VerifyEqualKeyword.groovy:63)
	at com.kms.katalon.core.keyword.builtin.VerifyEqualKeyword.execute(VerifyEqualKeyword.groovy:44)
	at com.kms.katalon.core.keyword.internal.KeywordExecutor.executeKeywordForPlatform(KeywordExecutor.groovy:74)
	at com.kms.katalon.core.keyword.BuiltinKeywords.verifyEqual(BuiltinKeywords.groovy:146)
	at jdk.internal.reflect.GeneratedMethodAccessor19.invoke(Unknown Source)
	at java.base/jdk.internal.reflect.DelegatingMethodAccessorImpl.invoke(DelegatingMethodAccessorImpl.java:43)
	at Факторный анализ сверка дашбордов.CompareDZO(Факторный анализ сверка дашбордов:689)
	at Факторный анализ сверка дашбордов.Test(Факторный анализ сверка дашбордов:607)
	at Факторный анализ сверка дашбордов.run(Факторный анализ сверка дашбордов:44)
	at com.kms.katalon.core.main.ScriptEngine.run(ScriptEngine.java:194)
	at com.kms.katalon.core.main.ScriptEngine.runScriptAsRawText(ScriptEngine.java:119)
	at com.kms.katalon.core.main.TestCaseExecutor.runScript(TestCaseExecutor.java:448)
	at com.kms.katalon.core.main.TestCaseExecutor.doExecute(TestCaseExecutor.java:439)
	at com.kms.katalon.core.main.TestCaseExecutor.processExecutionPhase(TestCaseExecutor.java:418)
	at com.kms.katalon.core.main.TestCaseExecutor.accessMainPhase(TestCaseExecutor.java:410)
	at com.kms.katalon.core.main.TestCaseExecutor.execute(TestCaseExecutor.java:285)
	at com.kms.katalon.core.common.CommonExecutor.accessTestCaseMainPhase(CommonExecutor.java:65)
	at com.kms.katalon.core.main.TestSuiteExecutor.accessTestSuiteMainPhase(TestSuiteExecutor.java:150)
	at com.kms.katalon.core.main.TestSuiteExecutor.execute(TestSuiteExecutor.java:106)
	at com.kms.katalon.core.main.TestCaseMain.startTestSuite(TestCaseMain.java:180)
	at TempTestSuite1728890597227.run(TempTestSuite1728890597227.groovy:35)
	at java.base/jdk.internal.reflect.NativeMethodAccessorImpl.invoke0(Native Method)
	at java.base/jdk.internal.reflect.NativeMethodAccessorImpl.invoke(NativeMethodAccessorImpl.java:77)
	at java.base/jdk.internal.reflect.DelegatingMethodAccessorImpl.invoke(DelegatingMethodAccessorImpl.java:43)
)

14-10-2024T12:08:13 - [TEST_STEP][PASSED] - else: null

14-10-2024T12:08:13 - [TEST_STEP][PASSED] - otobrajeniyeDannyh = "Все": null

14-10-2024T12:08:13 - [TEST_STEP][PASSED] - vidget = "Всего отклонения по факторам": null

14-10-2024T12:08:13 - [TEST_STEP][PASSED] - Script1719551244403.WriteToExcel(todaysDate, typeOfData, otobrajeniyeDannyh, x, y, vidget, DZO): null

14-10-2024T12:08:13 - [TEST_STEP][PASSED] - sheetName = "Sheet1": null

14-10-2024T12:08:13 - [TEST_STEP][PASSED] - data = findTestData("PlanFact"): null

14-10-2024T12:08:13 - [TEST_STEP][PASSED] - n = data.getRowNumbers() + 1: null

14-10-2024T12:08:13 - [TEST_STEP][PASSED] - period = getText(findTestObject("Факторный анализ/Фильтр Период")): Text of object 'Object Repository/Факторный анализ/Фильтр Период' is: 'Июль, Август и 1, 2 кв. 2024 года'

14-10-2024T12:08:13 - [MESSAGE][PASSED] - Text of object 'Object Repository/Факторный анализ/Фильтр Период' is: 'Июль, Август и 1, 2 кв. 2024 года'

14-10-2024T12:08:13 - [TEST_STEP][PASSED] - println(period): null

14-10-2024T12:08:13 - [TEST_STEP][PASSED] - dashboardName = "Факторный анализ": null

14-10-2024T12:08:13 - [TEST_STEP][PASSED] - workbook01 = getWorkbook(excelFilePath): null

14-10-2024T12:08:13 - [TEST_STEP][PASSED] - sheet01 = getExcelSheet(workbook01, sheetName): null

14-10-2024T12:08:13 - [TEST_STEP][PASSED] - setValueToCellByIndex(sheet01, n, 0, dashboardName): null

14-10-2024T12:08:13 - [TEST_STEP][PASSED] - setValueToCellByIndex(sheet01, n, 1, DZO): null

14-10-2024T12:08:13 - [TEST_STEP][PASSED] - setValueToCellByIndex(sheet01, n, 2, vidget): null

14-10-2024T12:08:13 - [TEST_STEP][PASSED] - setValueToCellByIndex(sheet01, n, 3, typeOfData): null

14-10-2024T12:08:13 - [TEST_STEP][PASSED] - setValueToCellByIndex(sheet01, n, 4, otobrajeniyeDannyh): null

14-10-2024T12:08:13 - [TEST_STEP][PASSED] - setValueToCellByIndex(sheet01, n, 5, period): null

14-10-2024T12:08:13 - [TEST_STEP][PASSED] - setValueToCellByIndex(sheet01, n, 6, todaysDate): null

14-10-2024T12:08:13 - [TEST_STEP][PASSED] - n = n + 1: null

14-10-2024T12:08:13 - [TEST_STEP][PASSED] - saveWorkbook(excelFilePath, workbook01): null

14-10-2024T12:08:13 - [TEST_STEP][PASSED] - DZO = "Россети Кубань": null

14-10-2024T12:08:13 - [TEST_STEP][PASSED] - Script1719551244403.CompareDZO(x = KuA, y = KuB, run, typeOfData, otobrajeniyeDannyh, todaysDate, vidget, DZO): null

14-10-2024T12:08:13 - [TEST_STEP][PASSED] - x1 = x: null

14-10-2024T12:08:13 - [TEST_STEP][PASSED] - y1 = y: null

14-10-2024T12:08:13 - [TEST_STEP][PASSED] - i1 = <not implemented yet for class: org.codehaus.groovy.ast.expr.EmptyExpression>: null

14-10-2024T12:08:13 - [TEST_STEP][FAILED] - if (verifyEqual(x, y) == true): Unable to verify equal between actual object '47 196 83' and expected object '2 916 83' (Root cause: com.kms.katalon.core.exception.StepFailedException: Actual object '47 196 83' and expected object '2 916 83' are not equal
	at com.kms.katalon.core.keyword.builtin.VerifyEqualKeyword$_verifyEqual_closure1.doCall(VerifyEqualKeyword.groovy:58)
	at com.kms.katalon.core.keyword.builtin.VerifyEqualKeyword$_verifyEqual_closure1.call(VerifyEqualKeyword.groovy)
	at com.kms.katalon.core.keyword.internal.KeywordMain.runKeyword(KeywordMain.groovy:75)
	at com.kms.katalon.core.keyword.builtin.VerifyEqualKeyword.verifyEqual(VerifyEqualKeyword.groovy:63)
	at com.kms.katalon.core.keyword.builtin.VerifyEqualKeyword.execute(VerifyEqualKeyword.groovy:44)
	at com.kms.katalon.core.keyword.internal.KeywordExecutor.executeKeywordForPlatform(KeywordExecutor.groovy:74)
	at com.kms.katalon.core.keyword.BuiltinKeywords.verifyEqual(BuiltinKeywords.groovy:146)
	at jdk.internal.reflect.GeneratedMethodAccessor19.invoke(Unknown Source)
	at java.base/jdk.internal.reflect.DelegatingMethodAccessorImpl.invoke(DelegatingMethodAccessorImpl.java:43)
	at Факторный анализ сверка дашбордов.CompareDZO(Факторный анализ сверка дашбордов:689)
	at Факторный анализ сверка дашбордов.Test(Факторный анализ сверка дашбордов:611)
	at Факторный анализ сверка дашбордов.run(Факторный анализ сверка дашбордов:44)
	at com.kms.katalon.core.main.ScriptEngine.run(ScriptEngine.java:194)
	at com.kms.katalon.core.main.ScriptEngine.runScriptAsRawText(ScriptEngine.java:119)
	at com.kms.katalon.core.main.TestCaseExecutor.runScript(TestCaseExecutor.java:448)
	at com.kms.katalon.core.main.TestCaseExecutor.doExecute(TestCaseExecutor.java:439)
	at com.kms.katalon.core.main.TestCaseExecutor.processExecutionPhase(TestCaseExecutor.java:418)
	at com.kms.katalon.core.main.TestCaseExecutor.accessMainPhase(TestCaseExecutor.java:410)
	at com.kms.katalon.core.main.TestCaseExecutor.execute(TestCaseExecutor.java:285)
	at com.kms.katalon.core.common.CommonExecutor.accessTestCaseMainPhase(CommonExecutor.java:65)
	at com.kms.katalon.core.main.TestSuiteExecutor.accessTestSuiteMainPhase(TestSuiteExecutor.java:150)
	at com.kms.katalon.core.main.TestSuiteExecutor.execute(TestSuiteExecutor.java:106)
	at com.kms.katalon.core.main.TestCaseMain.startTestSuite(TestCaseMain.java:180)
	at TempTestSuite1728890597227.run(TempTestSuite1728890597227.groovy:35)
	at java.base/jdk.internal.reflect.NativeMethodAccessorImpl.invoke0(Native Method)
	at java.base/jdk.internal.reflect.NativeMethodAccessorImpl.invoke(NativeMethodAccessorImpl.java:77)
	at java.base/jdk.internal.reflect.DelegatingMethodAccessorImpl.invoke(DelegatingMethodAccessorImpl.java:43)
)

14-10-2024T12:08:13 - [MESSAGE][FAILED] - Unable to verify equal between actual object '47 196 83' and expected object '2 916 83' (Root cause: com.kms.katalon.core.exception.StepFailedException: Actual object '47 196 83' and expected object '2 916 83' are not equal
	at com.kms.katalon.core.keyword.builtin.VerifyEqualKeyword$_verifyEqual_closure1.doCall(VerifyEqualKeyword.groovy:58)
	at com.kms.katalon.core.keyword.builtin.VerifyEqualKeyword$_verifyEqual_closure1.call(VerifyEqualKeyword.groovy)
	at com.kms.katalon.core.keyword.internal.KeywordMain.runKeyword(KeywordMain.groovy:75)
	at com.kms.katalon.core.keyword.builtin.VerifyEqualKeyword.verifyEqual(VerifyEqualKeyword.groovy:63)
	at com.kms.katalon.core.keyword.builtin.VerifyEqualKeyword.execute(VerifyEqualKeyword.groovy:44)
	at com.kms.katalon.core.keyword.internal.KeywordExecutor.executeKeywordForPlatform(KeywordExecutor.groovy:74)
	at com.kms.katalon.core.keyword.BuiltinKeywords.verifyEqual(BuiltinKeywords.groovy:146)
	at jdk.internal.reflect.GeneratedMethodAccessor19.invoke(Unknown Source)
	at java.base/jdk.internal.reflect.DelegatingMethodAccessorImpl.invoke(DelegatingMethodAccessorImpl.java:43)
	at Факторный анализ сверка дашбордов.CompareDZO(Факторный анализ сверка дашбордов:689)
	at Факторный анализ сверка дашбордов.Test(Факторный анализ сверка дашбордов:611)
	at Факторный анализ сверка дашбордов.run(Факторный анализ сверка дашбордов:44)
	at com.kms.katalon.core.main.ScriptEngine.run(ScriptEngine.java:194)
	at com.kms.katalon.core.main.ScriptEngine.runScriptAsRawText(ScriptEngine.java:119)
	at com.kms.katalon.core.main.TestCaseExecutor.runScript(TestCaseExecutor.java:448)
	at com.kms.katalon.core.main.TestCaseExecutor.doExecute(TestCaseExecutor.java:439)
	at com.kms.katalon.core.main.TestCaseExecutor.processExecutionPhase(TestCaseExecutor.java:418)
	at com.kms.katalon.core.main.TestCaseExecutor.accessMainPhase(TestCaseExecutor.java:410)
	at com.kms.katalon.core.main.TestCaseExecutor.execute(TestCaseExecutor.java:285)
	at com.kms.katalon.core.common.CommonExecutor.accessTestCaseMainPhase(CommonExecutor.java:65)
	at com.kms.katalon.core.main.TestSuiteExecutor.accessTestSuiteMainPhase(TestSuiteExecutor.java:150)
	at com.kms.katalon.core.main.TestSuiteExecutor.execute(TestSuiteExecutor.java:106)
	at com.kms.katalon.core.main.TestCaseMain.startTestSuite(TestCaseMain.java:180)
	at TempTestSuite1728890597227.run(TempTestSuite1728890597227.groovy:35)
	at java.base/jdk.internal.reflect.NativeMethodAccessorImpl.invoke0(Native Method)
	at java.base/jdk.internal.reflect.NativeMethodAccessorImpl.invoke(NativeMethodAccessorImpl.java:77)
	at java.base/jdk.internal.reflect.DelegatingMethodAccessorImpl.invoke(DelegatingMethodAccessorImpl.java:43)
)

14-10-2024T12:08:13 - [TEST_STEP][PASSED] - else: null

14-10-2024T12:08:13 - [TEST_STEP][PASSED] - otobrajeniyeDannyh = "Все": null

14-10-2024T12:08:13 - [TEST_STEP][PASSED] - vidget = "Всего отклонения по факторам": null

14-10-2024T12:08:13 - [TEST_STEP][PASSED] - Script1719551244403.WriteToExcel(todaysDate, typeOfData, otobrajeniyeDannyh, x, y, vidget, DZO): null

14-10-2024T12:08:13 - [TEST_STEP][PASSED] - sheetName = "Sheet1": null

14-10-2024T12:08:13 - [TEST_STEP][PASSED] - data = findTestData("PlanFact"): null

14-10-2024T12:08:13 - [TEST_STEP][PASSED] - n = data.getRowNumbers() + 1: null

14-10-2024T12:08:13 - [TEST_STEP][PASSED] - period = getText(findTestObject("Факторный анализ/Фильтр Период")): Text of object 'Object Repository/Факторный анализ/Фильтр Период' is: 'Июль, Август и 1, 2 кв. 2024 года'

14-10-2024T12:08:14 - [MESSAGE][PASSED] - Text of object 'Object Repository/Факторный анализ/Фильтр Период' is: 'Июль, Август и 1, 2 кв. 2024 года'

14-10-2024T12:08:14 - [TEST_STEP][PASSED] - println(period): null

14-10-2024T12:08:14 - [TEST_STEP][PASSED] - dashboardName = "Факторный анализ": null

14-10-2024T12:08:14 - [TEST_STEP][PASSED] - workbook01 = getWorkbook(excelFilePath): null

14-10-2024T12:08:14 - [TEST_STEP][PASSED] - sheet01 = getExcelSheet(workbook01, sheetName): null

14-10-2024T12:08:14 - [TEST_STEP][PASSED] - setValueToCellByIndex(sheet01, n, 0, dashboardName): null

14-10-2024T12:08:14 - [TEST_STEP][PASSED] - setValueToCellByIndex(sheet01, n, 1, DZO): null

14-10-2024T12:08:14 - [TEST_STEP][PASSED] - setValueToCellByIndex(sheet01, n, 2, vidget): null

14-10-2024T12:08:14 - [TEST_STEP][PASSED] - setValueToCellByIndex(sheet01, n, 3, typeOfData): null

14-10-2024T12:08:14 - [TEST_STEP][PASSED] - setValueToCellByIndex(sheet01, n, 4, otobrajeniyeDannyh): null

14-10-2024T12:08:14 - [TEST_STEP][PASSED] - setValueToCellByIndex(sheet01, n, 5, period): null

14-10-2024T12:08:14 - [TEST_STEP][PASSED] - setValueToCellByIndex(sheet01, n, 6, todaysDate): null

14-10-2024T12:08:14 - [TEST_STEP][PASSED] - n = n + 1: null

14-10-2024T12:08:14 - [TEST_STEP][PASSED] - saveWorkbook(excelFilePath, workbook01): null

14-10-2024T12:08:14 - [TEST_STEP][PASSED] - DZO = "Московский регион": null

14-10-2024T12:08:14 - [TEST_STEP][PASSED] - Script1719551244403.CompareDZO(x = MosA, y = MosB, run, typeOfData, otobrajeniyeDannyh, todaysDate, vidget, DZO): null

14-10-2024T12:08:14 - [TEST_STEP][PASSED] - x1 = x: null

14-10-2024T12:08:14 - [TEST_STEP][PASSED] - y1 = y: null

14-10-2024T12:08:14 - [TEST_STEP][PASSED] - i1 = <not implemented yet for class: org.codehaus.groovy.ast.expr.EmptyExpression>: null

14-10-2024T12:08:14 - [TEST_STEP][PASSED] - if (verifyEqual(x, y) == true): null

14-10-2024T12:08:14 - [MESSAGE][PASSED] - Actual object '4 586  413  2 708 39' and expected object '4 586  413  2 708 39' are equal

14-10-2024T12:08:14 - [TEST_STEP][PASSED] - DZO = "Россети Ленэнерго (ГК)": null

14-10-2024T12:08:14 - [TEST_STEP][PASSED] - Script1719551244403.CompareDZO(x = LenA, y = LenB, run, typeOfData, otobrajeniyeDannyh, todaysDate, vidget, DZO): null

14-10-2024T12:08:14 - [TEST_STEP][PASSED] - x1 = x: null

14-10-2024T12:08:14 - [TEST_STEP][PASSED] - y1 = y: null

14-10-2024T12:08:14 - [TEST_STEP][PASSED] - i1 = <not implemented yet for class: org.codehaus.groovy.ast.expr.EmptyExpression>: null

14-10-2024T12:08:14 - [TEST_STEP][FAILED] - if (verifyEqual(x, y) == true): Unable to verify equal between actual object '25 692 323  36 582  127' and expected object '1 497 323  1 973  127' (Root cause: com.kms.katalon.core.exception.StepFailedException: Actual object '25 692 323  36 582  127' and expected object '1 497 323  1 973  127' are not equal
	at com.kms.katalon.core.keyword.builtin.VerifyEqualKeyword$_verifyEqual_closure1.doCall(VerifyEqualKeyword.groovy:58)
	at com.kms.katalon.core.keyword.builtin.VerifyEqualKeyword$_verifyEqual_closure1.call(VerifyEqualKeyword.groovy)
	at com.kms.katalon.core.keyword.internal.KeywordMain.runKeyword(KeywordMain.groovy:75)
	at com.kms.katalon.core.keyword.builtin.VerifyEqualKeyword.verifyEqual(VerifyEqualKeyword.groovy:63)
	at com.kms.katalon.core.keyword.builtin.VerifyEqualKeyword.execute(VerifyEqualKeyword.groovy:44)
	at com.kms.katalon.core.keyword.internal.KeywordExecutor.executeKeywordForPlatform(KeywordExecutor.groovy:74)
	at com.kms.katalon.core.keyword.BuiltinKeywords.verifyEqual(BuiltinKeywords.groovy:146)
	at jdk.internal.reflect.GeneratedMethodAccessor19.invoke(Unknown Source)
	at java.base/jdk.internal.reflect.DelegatingMethodAccessorImpl.invoke(DelegatingMethodAccessorImpl.java:43)
	at Факторный анализ сверка дашбордов.CompareDZO(Факторный анализ сверка дашбордов:689)
	at Факторный анализ сверка дашбордов.Test(Факторный анализ сверка дашбордов:619)
	at Факторный анализ сверка дашбордов.run(Факторный анализ сверка дашбордов:44)
	at com.kms.katalon.core.main.ScriptEngine.run(ScriptEngine.java:194)
	at com.kms.katalon.core.main.ScriptEngine.runScriptAsRawText(ScriptEngine.java:119)
	at com.kms.katalon.core.main.TestCaseExecutor.runScript(TestCaseExecutor.java:448)
	at com.kms.katalon.core.main.TestCaseExecutor.doExecute(TestCaseExecutor.java:439)
	at com.kms.katalon.core.main.TestCaseExecutor.processExecutionPhase(TestCaseExecutor.java:418)
	at com.kms.katalon.core.main.TestCaseExecutor.accessMainPhase(TestCaseExecutor.java:410)
	at com.kms.katalon.core.main.TestCaseExecutor.execute(TestCaseExecutor.java:285)
	at com.kms.katalon.core.common.CommonExecutor.accessTestCaseMainPhase(CommonExecutor.java:65)
	at com.kms.katalon.core.main.TestSuiteExecutor.accessTestSuiteMainPhase(TestSuiteExecutor.java:150)
	at com.kms.katalon.core.main.TestSuiteExecutor.execute(TestSuiteExecutor.java:106)
	at com.kms.katalon.core.main.TestCaseMain.startTestSuite(TestCaseMain.java:180)
	at TempTestSuite1728890597227.run(TempTestSuite1728890597227.groovy:35)
	at java.base/jdk.internal.reflect.NativeMethodAccessorImpl.invoke0(Native Method)
	at java.base/jdk.internal.reflect.NativeMethodAccessorImpl.invoke(NativeMethodAccessorImpl.java:77)
	at java.base/jdk.internal.reflect.DelegatingMethodAccessorImpl.invoke(DelegatingMethodAccessorImpl.java:43)
)

14-10-2024T12:08:14 - [MESSAGE][FAILED] - Unable to verify equal between actual object '25 692 323  36 582  127' and expected object '1 497 323  1 973  127' (Root cause: com.kms.katalon.core.exception.StepFailedException: Actual object '25 692 323  36 582  127' and expected object '1 497 323  1 973  127' are not equal
	at com.kms.katalon.core.keyword.builtin.VerifyEqualKeyword$_verifyEqual_closure1.doCall(VerifyEqualKeyword.groovy:58)
	at com.kms.katalon.core.keyword.builtin.VerifyEqualKeyword$_verifyEqual_closure1.call(VerifyEqualKeyword.groovy)
	at com.kms.katalon.core.keyword.internal.KeywordMain.runKeyword(KeywordMain.groovy:75)
	at com.kms.katalon.core.keyword.builtin.VerifyEqualKeyword.verifyEqual(VerifyEqualKeyword.groovy:63)
	at com.kms.katalon.core.keyword.builtin.VerifyEqualKeyword.execute(VerifyEqualKeyword.groovy:44)
	at com.kms.katalon.core.keyword.internal.KeywordExecutor.executeKeywordForPlatform(KeywordExecutor.groovy:74)
	at com.kms.katalon.core.keyword.BuiltinKeywords.verifyEqual(BuiltinKeywords.groovy:146)
	at jdk.internal.reflect.GeneratedMethodAccessor19.invoke(Unknown Source)
	at java.base/jdk.internal.reflect.DelegatingMethodAccessorImpl.invoke(DelegatingMethodAccessorImpl.java:43)
	at Факторный анализ сверка дашбордов.CompareDZO(Факторный анализ сверка дашбордов:689)
	at Факторный анализ сверка дашбордов.Test(Факторный анализ сверка дашбордов:619)
	at Факторный анализ сверка дашбордов.run(Факторный анализ сверка дашбордов:44)
	at com.kms.katalon.core.main.ScriptEngine.run(ScriptEngine.java:194)
	at com.kms.katalon.core.main.ScriptEngine.runScriptAsRawText(ScriptEngine.java:119)
	at com.kms.katalon.core.main.TestCaseExecutor.runScript(TestCaseExecutor.java:448)
	at com.kms.katalon.core.main.TestCaseExecutor.doExecute(TestCaseExecutor.java:439)
	at com.kms.katalon.core.main.TestCaseExecutor.processExecutionPhase(TestCaseExecutor.java:418)
	at com.kms.katalon.core.main.TestCaseExecutor.accessMainPhase(TestCaseExecutor.java:410)
	at com.kms.katalon.core.main.TestCaseExecutor.execute(TestCaseExecutor.java:285)
	at com.kms.katalon.core.common.CommonExecutor.accessTestCaseMainPhase(CommonExecutor.java:65)
	at com.kms.katalon.core.main.TestSuiteExecutor.accessTestSuiteMainPhase(TestSuiteExecutor.java:150)
	at com.kms.katalon.core.main.TestSuiteExecutor.execute(TestSuiteExecutor.java:106)
	at com.kms.katalon.core.main.TestCaseMain.startTestSuite(TestCaseMain.java:180)
	at TempTestSuite1728890597227.run(TempTestSuite1728890597227.groovy:35)
	at java.base/jdk.internal.reflect.NativeMethodAccessorImpl.invoke0(Native Method)
	at java.base/jdk.internal.reflect.NativeMethodAccessorImpl.invoke(NativeMethodAccessorImpl.java:77)
	at java.base/jdk.internal.reflect.DelegatingMethodAccessorImpl.invoke(DelegatingMethodAccessorImpl.java:43)
)

14-10-2024T12:08:14 - [TEST_STEP][PASSED] - else: null

14-10-2024T12:08:14 - [TEST_STEP][PASSED] - otobrajeniyeDannyh = "Все": null

14-10-2024T12:08:14 - [TEST_STEP][PASSED] - vidget = "Всего отклонения по факторам": null

14-10-2024T12:08:14 - [TEST_STEP][PASSED] - Script1719551244403.WriteToExcel(todaysDate, typeOfData, otobrajeniyeDannyh, x, y, vidget, DZO): null

14-10-2024T12:08:14 - [TEST_STEP][PASSED] - sheetName = "Sheet1": null

14-10-2024T12:08:14 - [TEST_STEP][PASSED] - data = findTestData("PlanFact"): null

14-10-2024T12:08:14 - [TEST_STEP][PASSED] - n = data.getRowNumbers() + 1: null

14-10-2024T12:08:14 - [TEST_STEP][PASSED] - period = getText(findTestObject("Факторный анализ/Фильтр Период")): Text of object 'Object Repository/Факторный анализ/Фильтр Период' is: 'Июль, Август и 1, 2 кв. 2024 года'

14-10-2024T12:08:15 - [MESSAGE][PASSED] - Text of object 'Object Repository/Факторный анализ/Фильтр Период' is: 'Июль, Август и 1, 2 кв. 2024 года'

14-10-2024T12:08:15 - [TEST_STEP][PASSED] - println(period): null

14-10-2024T12:08:15 - [TEST_STEP][PASSED] - dashboardName = "Факторный анализ": null

14-10-2024T12:08:15 - [TEST_STEP][PASSED] - workbook01 = getWorkbook(excelFilePath): null

14-10-2024T12:08:15 - [TEST_STEP][PASSED] - sheet01 = getExcelSheet(workbook01, sheetName): null

14-10-2024T12:08:15 - [TEST_STEP][PASSED] - setValueToCellByIndex(sheet01, n, 0, dashboardName): null

14-10-2024T12:08:15 - [TEST_STEP][PASSED] - setValueToCellByIndex(sheet01, n, 1, DZO): null

14-10-2024T12:08:15 - [TEST_STEP][PASSED] - setValueToCellByIndex(sheet01, n, 2, vidget): null

14-10-2024T12:08:15 - [TEST_STEP][PASSED] - setValueToCellByIndex(sheet01, n, 3, typeOfData): null

14-10-2024T12:08:15 - [TEST_STEP][PASSED] - setValueToCellByIndex(sheet01, n, 4, otobrajeniyeDannyh): null

14-10-2024T12:08:15 - [TEST_STEP][PASSED] - setValueToCellByIndex(sheet01, n, 5, period): null

14-10-2024T12:08:15 - [TEST_STEP][PASSED] - setValueToCellByIndex(sheet01, n, 6, todaysDate): null

14-10-2024T12:08:15 - [TEST_STEP][PASSED] - n = n + 1: null

14-10-2024T12:08:15 - [TEST_STEP][PASSED] - saveWorkbook(excelFilePath, workbook01): null

14-10-2024T12:08:15 - [TEST_STEP][PASSED] - DZO = "Россети Северный Кавказ (ГК)": null

14-10-2024T12:08:15 - [TEST_STEP][PASSED] - Script1719551244403.CompareDZO(x = SKA, y = SKB, run, typeOfData, otobrajeniyeDannyh, todaysDate, vidget, DZO): null

14-10-2024T12:08:15 - [TEST_STEP][PASSED] - x1 = x: null

14-10-2024T12:08:15 - [TEST_STEP][PASSED] - y1 = y: null

14-10-2024T12:08:15 - [TEST_STEP][PASSED] - i1 = <not implemented yet for class: org.codehaus.groovy.ast.expr.EmptyExpression>: null

14-10-2024T12:08:15 - [TEST_STEP][FAILED] - if (verifyEqual(x, y) == true): Unable to verify equal between actual object '111 69 5 724 434 1 293 90 2 385 13 1 553 13 2 704 108 7 412  237' and expected object '0 0  452 434  171 90 180 13 90 13  292 108 274  237' (Root cause: com.kms.katalon.core.exception.StepFailedException: Actual object '111 69 5 724 434 1 293 90 2 385 13 1 553 13 2 704 108 7 412  237' and expected object '0 0  452 434  171 90 180 13 90 13  292 108 274  237' are not equal
	at com.kms.katalon.core.keyword.builtin.VerifyEqualKeyword$_verifyEqual_closure1.doCall(VerifyEqualKeyword.groovy:58)
	at com.kms.katalon.core.keyword.builtin.VerifyEqualKeyword$_verifyEqual_closure1.call(VerifyEqualKeyword.groovy)
	at com.kms.katalon.core.keyword.internal.KeywordMain.runKeyword(KeywordMain.groovy:75)
	at com.kms.katalon.core.keyword.builtin.VerifyEqualKeyword.verifyEqual(VerifyEqualKeyword.groovy:63)
	at com.kms.katalon.core.keyword.builtin.VerifyEqualKeyword.execute(VerifyEqualKeyword.groovy:44)
	at com.kms.katalon.core.keyword.internal.KeywordExecutor.executeKeywordForPlatform(KeywordExecutor.groovy:74)
	at com.kms.katalon.core.keyword.BuiltinKeywords.verifyEqual(BuiltinKeywords.groovy:146)
	at jdk.internal.reflect.GeneratedMethodAccessor19.invoke(Unknown Source)
	at java.base/jdk.internal.reflect.DelegatingMethodAccessorImpl.invoke(DelegatingMethodAccessorImpl.java:43)
	at Факторный анализ сверка дашбордов.CompareDZO(Факторный анализ сверка дашбордов:689)
	at Факторный анализ сверка дашбордов.Test(Факторный анализ сверка дашбордов:623)
	at Факторный анализ сверка дашбордов.run(Факторный анализ сверка дашбордов:44)
	at com.kms.katalon.core.main.ScriptEngine.run(ScriptEngine.java:194)
	at com.kms.katalon.core.main.ScriptEngine.runScriptAsRawText(ScriptEngine.java:119)
	at com.kms.katalon.core.main.TestCaseExecutor.runScript(TestCaseExecutor.java:448)
	at com.kms.katalon.core.main.TestCaseExecutor.doExecute(TestCaseExecutor.java:439)
	at com.kms.katalon.core.main.TestCaseExecutor.processExecutionPhase(TestCaseExecutor.java:418)
	at com.kms.katalon.core.main.TestCaseExecutor.accessMainPhase(TestCaseExecutor.java:410)
	at com.kms.katalon.core.main.TestCaseExecutor.execute(TestCaseExecutor.java:285)
	at com.kms.katalon.core.common.CommonExecutor.accessTestCaseMainPhase(CommonExecutor.java:65)
	at com.kms.katalon.core.main.TestSuiteExecutor.accessTestSuiteMainPhase(TestSuiteExecutor.java:150)
	at com.kms.katalon.core.main.TestSuiteExecutor.execute(TestSuiteExecutor.java:106)
	at com.kms.katalon.core.main.TestCaseMain.startTestSuite(TestCaseMain.java:180)
	at TempTestSuite1728890597227.run(TempTestSuite1728890597227.groovy:35)
	at java.base/jdk.internal.reflect.NativeMethodAccessorImpl.invoke0(Native Method)
	at java.base/jdk.internal.reflect.NativeMethodAccessorImpl.invoke(NativeMethodAccessorImpl.java:77)
	at java.base/jdk.internal.reflect.DelegatingMethodAccessorImpl.invoke(DelegatingMethodAccessorImpl.java:43)
)

14-10-2024T12:08:15 - [MESSAGE][FAILED] - Unable to verify equal between actual object '111 69 5 724 434 1 293 90 2 385 13 1 553 13 2 704 108 7 412  237' and expected object '0 0  452 434  171 90 180 13 90 13  292 108 274  237' (Root cause: com.kms.katalon.core.exception.StepFailedException: Actual object '111 69 5 724 434 1 293 90 2 385 13 1 553 13 2 704 108 7 412  237' and expected object '0 0  452 434  171 90 180 13 90 13  292 108 274  237' are not equal
	at com.kms.katalon.core.keyword.builtin.VerifyEqualKeyword$_verifyEqual_closure1.doCall(VerifyEqualKeyword.groovy:58)
	at com.kms.katalon.core.keyword.builtin.VerifyEqualKeyword$_verifyEqual_closure1.call(VerifyEqualKeyword.groovy)
	at com.kms.katalon.core.keyword.internal.KeywordMain.runKeyword(KeywordMain.groovy:75)
	at com.kms.katalon.core.keyword.builtin.VerifyEqualKeyword.verifyEqual(VerifyEqualKeyword.groovy:63)
	at com.kms.katalon.core.keyword.builtin.VerifyEqualKeyword.execute(VerifyEqualKeyword.groovy:44)
	at com.kms.katalon.core.keyword.internal.KeywordExecutor.executeKeywordForPlatform(KeywordExecutor.groovy:74)
	at com.kms.katalon.core.keyword.BuiltinKeywords.verifyEqual(BuiltinKeywords.groovy:146)
	at jdk.internal.reflect.GeneratedMethodAccessor19.invoke(Unknown Source)
	at java.base/jdk.internal.reflect.DelegatingMethodAccessorImpl.invoke(DelegatingMethodAccessorImpl.java:43)
	at Факторный анализ сверка дашбордов.CompareDZO(Факторный анализ сверка дашбордов:689)
	at Факторный анализ сверка дашбордов.Test(Факторный анализ сверка дашбордов:623)
	at Факторный анализ сверка дашбордов.run(Факторный анализ сверка дашбордов:44)
	at com.kms.katalon.core.main.ScriptEngine.run(ScriptEngine.java:194)
	at com.kms.katalon.core.main.ScriptEngine.runScriptAsRawText(ScriptEngine.java:119)
	at com.kms.katalon.core.main.TestCaseExecutor.runScript(TestCaseExecutor.java:448)
	at com.kms.katalon.core.main.TestCaseExecutor.doExecute(TestCaseExecutor.java:439)
	at com.kms.katalon.core.main.TestCaseExecutor.processExecutionPhase(TestCaseExecutor.java:418)
	at com.kms.katalon.core.main.TestCaseExecutor.accessMainPhase(TestCaseExecutor.java:410)
	at com.kms.katalon.core.main.TestCaseExecutor.execute(TestCaseExecutor.java:285)
	at com.kms.katalon.core.common.CommonExecutor.accessTestCaseMainPhase(CommonExecutor.java:65)
	at com.kms.katalon.core.main.TestSuiteExecutor.accessTestSuiteMainPhase(TestSuiteExecutor.java:150)
	at com.kms.katalon.core.main.TestSuiteExecutor.execute(TestSuiteExecutor.java:106)
	at com.kms.katalon.core.main.TestCaseMain.startTestSuite(TestCaseMain.java:180)
	at TempTestSuite1728890597227.run(TempTestSuite1728890597227.groovy:35)
	at java.base/jdk.internal.reflect.NativeMethodAccessorImpl.invoke0(Native Method)
	at java.base/jdk.internal.reflect.NativeMethodAccessorImpl.invoke(NativeMethodAccessorImpl.java:77)
	at java.base/jdk.internal.reflect.DelegatingMethodAccessorImpl.invoke(DelegatingMethodAccessorImpl.java:43)
)

14-10-2024T12:08:15 - [TEST_STEP][PASSED] - else: null

14-10-2024T12:08:15 - [TEST_STEP][PASSED] - otobrajeniyeDannyh = "Все": null

14-10-2024T12:08:15 - [TEST_STEP][PASSED] - vidget = "Всего отклонения по факторам": null

14-10-2024T12:08:15 - [TEST_STEP][PASSED] - Script1719551244403.WriteToExcel(todaysDate, typeOfData, otobrajeniyeDannyh, x, y, vidget, DZO): null

14-10-2024T12:08:15 - [TEST_STEP][PASSED] - sheetName = "Sheet1": null

14-10-2024T12:08:15 - [TEST_STEP][PASSED] - data = findTestData("PlanFact"): null

14-10-2024T12:08:15 - [TEST_STEP][PASSED] - n = data.getRowNumbers() + 1: null

14-10-2024T12:08:15 - [TEST_STEP][PASSED] - period = getText(findTestObject("Факторный анализ/Фильтр Период")): Text of object 'Object Repository/Факторный анализ/Фильтр Период' is: 'Июль, Август и 1, 2 кв. 2024 года'

14-10-2024T12:08:15 - [MESSAGE][PASSED] - Text of object 'Object Repository/Факторный анализ/Фильтр Период' is: 'Июль, Август и 1, 2 кв. 2024 года'

14-10-2024T12:08:15 - [TEST_STEP][PASSED] - println(period): null

14-10-2024T12:08:15 - [TEST_STEP][PASSED] - dashboardName = "Факторный анализ": null

14-10-2024T12:08:15 - [TEST_STEP][PASSED] - workbook01 = getWorkbook(excelFilePath): null

14-10-2024T12:08:15 - [TEST_STEP][PASSED] - sheet01 = getExcelSheet(workbook01, sheetName): null

14-10-2024T12:08:15 - [TEST_STEP][PASSED] - setValueToCellByIndex(sheet01, n, 0, dashboardName): null

14-10-2024T12:08:15 - [TEST_STEP][PASSED] - setValueToCellByIndex(sheet01, n, 1, DZO): null

14-10-2024T12:08:15 - [TEST_STEP][PASSED] - setValueToCellByIndex(sheet01, n, 2, vidget): null

14-10-2024T12:08:15 - [TEST_STEP][PASSED] - setValueToCellByIndex(sheet01, n, 3, typeOfData): null

14-10-2024T12:08:15 - [TEST_STEP][PASSED] - setValueToCellByIndex(sheet01, n, 4, otobrajeniyeDannyh): null

14-10-2024T12:08:15 - [TEST_STEP][PASSED] - setValueToCellByIndex(sheet01, n, 5, period): null

14-10-2024T12:08:15 - [TEST_STEP][PASSED] - setValueToCellByIndex(sheet01, n, 6, todaysDate): null

14-10-2024T12:08:15 - [TEST_STEP][PASSED] - n = n + 1: null

14-10-2024T12:08:15 - [TEST_STEP][PASSED] - saveWorkbook(excelFilePath, workbook01): null

14-10-2024T12:08:16 - [TEST_STEP][PASSED] - DZO = "Россети Северо-Запад": null

14-10-2024T12:08:16 - [TEST_STEP][PASSED] - Script1719551244403.CompareDZO(x = SZA, y = SZB, run, typeOfData, otobrajeniyeDannyh, todaysDate, vidget, DZO): null

14-10-2024T12:08:16 - [TEST_STEP][PASSED] - x1 = x: null

14-10-2024T12:08:16 - [TEST_STEP][PASSED] - y1 = y: null

14-10-2024T12:08:16 - [TEST_STEP][PASSED] - i1 = <not implemented yet for class: org.codehaus.groovy.ast.expr.EmptyExpression>: null

14-10-2024T12:08:16 - [TEST_STEP][FAILED] - if (verifyEqual(x, y) == true): Unable to verify equal between actual object '7 412  237    103 77  233 6  32 154  106 77  212 42  162 22    49 18' and expected object '274  237    103 77  233 6  32 154  106 77  212 42  162 22    49 18' (Root cause: com.kms.katalon.core.exception.StepFailedException: Actual object '7 412  237    103 77  233 6  32 154  106 77  212 42  162 22    49 18' and expected object '274  237    103 77  233 6  32 154  106 77  212 42  162 22    49 18' are not equal
	at com.kms.katalon.core.keyword.builtin.VerifyEqualKeyword$_verifyEqual_closure1.doCall(VerifyEqualKeyword.groovy:58)
	at com.kms.katalon.core.keyword.builtin.VerifyEqualKeyword$_verifyEqual_closure1.call(VerifyEqualKeyword.groovy)
	at com.kms.katalon.core.keyword.internal.KeywordMain.runKeyword(KeywordMain.groovy:75)
	at com.kms.katalon.core.keyword.builtin.VerifyEqualKeyword.verifyEqual(VerifyEqualKeyword.groovy:63)
	at com.kms.katalon.core.keyword.builtin.VerifyEqualKeyword.execute(VerifyEqualKeyword.groovy:44)
	at com.kms.katalon.core.keyword.internal.KeywordExecutor.executeKeywordForPlatform(KeywordExecutor.groovy:74)
	at com.kms.katalon.core.keyword.BuiltinKeywords.verifyEqual(BuiltinKeywords.groovy:146)
	at jdk.internal.reflect.GeneratedMethodAccessor19.invoke(Unknown Source)
	at java.base/jdk.internal.reflect.DelegatingMethodAccessorImpl.invoke(DelegatingMethodAccessorImpl.java:43)
	at Факторный анализ сверка дашбордов.CompareDZO(Факторный анализ сверка дашбордов:689)
	at Факторный анализ сверка дашбордов.Test(Факторный анализ сверка дашбордов:627)
	at Факторный анализ сверка дашбордов.run(Факторный анализ сверка дашбордов:44)
	at com.kms.katalon.core.main.ScriptEngine.run(ScriptEngine.java:194)
	at com.kms.katalon.core.main.ScriptEngine.runScriptAsRawText(ScriptEngine.java:119)
	at com.kms.katalon.core.main.TestCaseExecutor.runScript(TestCaseExecutor.java:448)
	at com.kms.katalon.core.main.TestCaseExecutor.doExecute(TestCaseExecutor.java:439)
	at com.kms.katalon.core.main.TestCaseExecutor.processExecutionPhase(TestCaseExecutor.java:418)
	at com.kms.katalon.core.main.TestCaseExecutor.accessMainPhase(TestCaseExecutor.java:410)
	at com.kms.katalon.core.main.TestCaseExecutor.execute(TestCaseExecutor.java:285)
	at com.kms.katalon.core.common.CommonExecutor.accessTestCaseMainPhase(CommonExecutor.java:65)
	at com.kms.katalon.core.main.TestSuiteExecutor.accessTestSuiteMainPhase(TestSuiteExecutor.java:150)
	at com.kms.katalon.core.main.TestSuiteExecutor.execute(TestSuiteExecutor.java:106)
	at com.kms.katalon.core.main.TestCaseMain.startTestSuite(TestCaseMain.java:180)
	at TempTestSuite1728890597227.run(TempTestSuite1728890597227.groovy:35)
	at java.base/jdk.internal.reflect.NativeMethodAccessorImpl.invoke0(Native Method)
	at java.base/jdk.internal.reflect.NativeMethodAccessorImpl.invoke(NativeMethodAccessorImpl.java:77)
	at java.base/jdk.internal.reflect.DelegatingMethodAccessorImpl.invoke(DelegatingMethodAccessorImpl.java:43)
)

14-10-2024T12:08:16 - [MESSAGE][FAILED] - Unable to verify equal between actual object '7 412  237    103 77  233 6  32 154  106 77  212 42  162 22    49 18' and expected object '274  237    103 77  233 6  32 154  106 77  212 42  162 22    49 18' (Root cause: com.kms.katalon.core.exception.StepFailedException: Actual object '7 412  237    103 77  233 6  32 154  106 77  212 42  162 22    49 18' and expected object '274  237    103 77  233 6  32 154  106 77  212 42  162 22    49 18' are not equal
	at com.kms.katalon.core.keyword.builtin.VerifyEqualKeyword$_verifyEqual_closure1.doCall(VerifyEqualKeyword.groovy:58)
	at com.kms.katalon.core.keyword.builtin.VerifyEqualKeyword$_verifyEqual_closure1.call(VerifyEqualKeyword.groovy)
	at com.kms.katalon.core.keyword.internal.KeywordMain.runKeyword(KeywordMain.groovy:75)
	at com.kms.katalon.core.keyword.builtin.VerifyEqualKeyword.verifyEqual(VerifyEqualKeyword.groovy:63)
	at com.kms.katalon.core.keyword.builtin.VerifyEqualKeyword.execute(VerifyEqualKeyword.groovy:44)
	at com.kms.katalon.core.keyword.internal.KeywordExecutor.executeKeywordForPlatform(KeywordExecutor.groovy:74)
	at com.kms.katalon.core.keyword.BuiltinKeywords.verifyEqual(BuiltinKeywords.groovy:146)
	at jdk.internal.reflect.GeneratedMethodAccessor19.invoke(Unknown Source)
	at java.base/jdk.internal.reflect.DelegatingMethodAccessorImpl.invoke(DelegatingMethodAccessorImpl.java:43)
	at Факторный анализ сверка дашбордов.CompareDZO(Факторный анализ сверка дашбордов:689)
	at Факторный анализ сверка дашбордов.Test(Факторный анализ сверка дашбордов:627)
	at Факторный анализ сверка дашбордов.run(Факторный анализ сверка дашбордов:44)
	at com.kms.katalon.core.main.ScriptEngine.run(ScriptEngine.java:194)
	at com.kms.katalon.core.main.ScriptEngine.runScriptAsRawText(ScriptEngine.java:119)
	at com.kms.katalon.core.main.TestCaseExecutor.runScript(TestCaseExecutor.java:448)
	at com.kms.katalon.core.main.TestCaseExecutor.doExecute(TestCaseExecutor.java:439)
	at com.kms.katalon.core.main.TestCaseExecutor.processExecutionPhase(TestCaseExecutor.java:418)
	at com.kms.katalon.core.main.TestCaseExecutor.accessMainPhase(TestCaseExecutor.java:410)
	at com.kms.katalon.core.main.TestCaseExecutor.execute(TestCaseExecutor.java:285)
	at com.kms.katalon.core.common.CommonExecutor.accessTestCaseMainPhase(CommonExecutor.java:65)
	at com.kms.katalon.core.main.TestSuiteExecutor.accessTestSuiteMainPhase(TestSuiteExecutor.java:150)
	at com.kms.katalon.core.main.TestSuiteExecutor.execute(TestSuiteExecutor.java:106)
	at com.kms.katalon.core.main.TestCaseMain.startTestSuite(TestCaseMain.java:180)
	at TempTestSuite1728890597227.run(TempTestSuite1728890597227.groovy:35)
	at java.base/jdk.internal.reflect.NativeMethodAccessorImpl.invoke0(Native Method)
	at java.base/jdk.internal.reflect.NativeMethodAccessorImpl.invoke(NativeMethodAccessorImpl.java:77)
	at java.base/jdk.internal.reflect.DelegatingMethodAccessorImpl.invoke(DelegatingMethodAccessorImpl.java:43)
)

14-10-2024T12:08:16 - [TEST_STEP][PASSED] - else: null

14-10-2024T12:08:16 - [TEST_STEP][PASSED] - otobrajeniyeDannyh = "Все": null

14-10-2024T12:08:16 - [TEST_STEP][PASSED] - vidget = "Всего отклонения по факторам": null

14-10-2024T12:08:16 - [TEST_STEP][PASSED] - Script1719551244403.WriteToExcel(todaysDate, typeOfData, otobrajeniyeDannyh, x, y, vidget, DZO): null

14-10-2024T12:08:16 - [TEST_STEP][PASSED] - sheetName = "Sheet1": null

14-10-2024T12:08:16 - [TEST_STEP][PASSED] - data = findTestData("PlanFact"): null

14-10-2024T12:08:16 - [TEST_STEP][PASSED] - n = data.getRowNumbers() + 1: null

14-10-2024T12:08:16 - [TEST_STEP][PASSED] - period = getText(findTestObject("Факторный анализ/Фильтр Период")): Text of object 'Object Repository/Факторный анализ/Фильтр Период' is: 'Июль, Август и 1, 2 кв. 2024 года'

14-10-2024T12:08:16 - [MESSAGE][PASSED] - Text of object 'Object Repository/Факторный анализ/Фильтр Период' is: 'Июль, Август и 1, 2 кв. 2024 года'

14-10-2024T12:08:16 - [TEST_STEP][PASSED] - println(period): null

14-10-2024T12:08:16 - [TEST_STEP][PASSED] - dashboardName = "Факторный анализ": null

14-10-2024T12:08:16 - [TEST_STEP][PASSED] - workbook01 = getWorkbook(excelFilePath): null

14-10-2024T12:08:16 - [TEST_STEP][PASSED] - sheet01 = getExcelSheet(workbook01, sheetName): null

14-10-2024T12:08:16 - [TEST_STEP][PASSED] - setValueToCellByIndex(sheet01, n, 0, dashboardName): null

14-10-2024T12:08:16 - [TEST_STEP][PASSED] - setValueToCellByIndex(sheet01, n, 1, DZO): null

14-10-2024T12:08:16 - [TEST_STEP][PASSED] - setValueToCellByIndex(sheet01, n, 2, vidget): null

14-10-2024T12:08:16 - [TEST_STEP][PASSED] - setValueToCellByIndex(sheet01, n, 3, typeOfData): null

14-10-2024T12:08:16 - [TEST_STEP][PASSED] - setValueToCellByIndex(sheet01, n, 4, otobrajeniyeDannyh): null

14-10-2024T12:08:16 - [TEST_STEP][PASSED] - setValueToCellByIndex(sheet01, n, 5, period): null

14-10-2024T12:08:16 - [TEST_STEP][PASSED] - setValueToCellByIndex(sheet01, n, 6, todaysDate): null

14-10-2024T12:08:16 - [TEST_STEP][PASSED] - n = n + 1: null

14-10-2024T12:08:16 - [TEST_STEP][PASSED] - saveWorkbook(excelFilePath, workbook01): null

14-10-2024T12:08:16 - [TEST_STEP][PASSED] - DZO = "Россети Сибирь (ГК)": null

14-10-2024T12:08:16 - [TEST_STEP][PASSED] - Script1719551244403.CompareDZO(x = SiA, y = SiB, run, typeOfData, otobrajeniyeDannyh, todaysDate, vidget, DZO): null

14-10-2024T12:08:16 - [TEST_STEP][PASSED] - x1 = x: null

14-10-2024T12:08:16 - [TEST_STEP][PASSED] - y1 = y: null

14-10-2024T12:08:16 - [TEST_STEP][PASSED] - i1 = <not implemented yet for class: org.codehaus.groovy.ast.expr.EmptyExpression>: null

14-10-2024T12:08:16 - [TEST_STEP][PASSED] - if (verifyEqual(x, y) == true): null

14-10-2024T12:08:16 - [MESSAGE][PASSED] - Actual object '49 18    227 241 86 266 99 14 955  272 298 222 92  140 281  319 27 88' and expected object '49 18    227 241 86 266 99 14 955  272 298 222 92  140 281  319 27 88' are equal

14-10-2024T12:08:16 - [TEST_STEP][PASSED] - DZO = "Россети Томск": null

14-10-2024T12:08:16 - [TEST_STEP][PASSED] - Script1719551244403.CompareDZO(x = ToA, y = ToB, run, typeOfData, otobrajeniyeDannyh, todaysDate, vidget, DZO): null

14-10-2024T12:08:16 - [TEST_STEP][PASSED] - x1 = x: null

14-10-2024T12:08:16 - [TEST_STEP][PASSED] - y1 = y: null

14-10-2024T12:08:16 - [TEST_STEP][PASSED] - i1 = <not implemented yet for class: org.codehaus.groovy.ast.expr.EmptyExpression>: null

14-10-2024T12:08:16 - [TEST_STEP][FAILED] - if (verifyEqual(x, y) == true): Unable to verify equal between actual object '27 88     5 817  105' and expected object '27 88     333  105' (Root cause: com.kms.katalon.core.exception.StepFailedException: Actual object '27 88     5 817  105' and expected object '27 88     333  105' are not equal
	at com.kms.katalon.core.keyword.builtin.VerifyEqualKeyword$_verifyEqual_closure1.doCall(VerifyEqualKeyword.groovy:58)
	at com.kms.katalon.core.keyword.builtin.VerifyEqualKeyword$_verifyEqual_closure1.call(VerifyEqualKeyword.groovy)
	at com.kms.katalon.core.keyword.internal.KeywordMain.runKeyword(KeywordMain.groovy:75)
	at com.kms.katalon.core.keyword.builtin.VerifyEqualKeyword.verifyEqual(VerifyEqualKeyword.groovy:63)
	at com.kms.katalon.core.keyword.builtin.VerifyEqualKeyword.execute(VerifyEqualKeyword.groovy:44)
	at com.kms.katalon.core.keyword.internal.KeywordExecutor.executeKeywordForPlatform(KeywordExecutor.groovy:74)
	at com.kms.katalon.core.keyword.BuiltinKeywords.verifyEqual(BuiltinKeywords.groovy:146)
	at jdk.internal.reflect.GeneratedMethodAccessor19.invoke(Unknown Source)
	at java.base/jdk.internal.reflect.DelegatingMethodAccessorImpl.invoke(DelegatingMethodAccessorImpl.java:43)
	at Факторный анализ сверка дашбордов.CompareDZO(Факторный анализ сверка дашбордов:689)
	at Факторный анализ сверка дашбордов.Test(Факторный анализ сверка дашбордов:635)
	at Факторный анализ сверка дашбордов.run(Факторный анализ сверка дашбордов:44)
	at com.kms.katalon.core.main.ScriptEngine.run(ScriptEngine.java:194)
	at com.kms.katalon.core.main.ScriptEngine.runScriptAsRawText(ScriptEngine.java:119)
	at com.kms.katalon.core.main.TestCaseExecutor.runScript(TestCaseExecutor.java:448)
	at com.kms.katalon.core.main.TestCaseExecutor.doExecute(TestCaseExecutor.java:439)
	at com.kms.katalon.core.main.TestCaseExecutor.processExecutionPhase(TestCaseExecutor.java:418)
	at com.kms.katalon.core.main.TestCaseExecutor.accessMainPhase(TestCaseExecutor.java:410)
	at com.kms.katalon.core.main.TestCaseExecutor.execute(TestCaseExecutor.java:285)
	at com.kms.katalon.core.common.CommonExecutor.accessTestCaseMainPhase(CommonExecutor.java:65)
	at com.kms.katalon.core.main.TestSuiteExecutor.accessTestSuiteMainPhase(TestSuiteExecutor.java:150)
	at com.kms.katalon.core.main.TestSuiteExecutor.execute(TestSuiteExecutor.java:106)
	at com.kms.katalon.core.main.TestCaseMain.startTestSuite(TestCaseMain.java:180)
	at TempTestSuite1728890597227.run(TempTestSuite1728890597227.groovy:35)
	at java.base/jdk.internal.reflect.NativeMethodAccessorImpl.invoke0(Native Method)
	at java.base/jdk.internal.reflect.NativeMethodAccessorImpl.invoke(NativeMethodAccessorImpl.java:77)
	at java.base/jdk.internal.reflect.DelegatingMethodAccessorImpl.invoke(DelegatingMethodAccessorImpl.java:43)
)

14-10-2024T12:08:16 - [MESSAGE][FAILED] - Unable to verify equal between actual object '27 88     5 817  105' and expected object '27 88     333  105' (Root cause: com.kms.katalon.core.exception.StepFailedException: Actual object '27 88     5 817  105' and expected object '27 88     333  105' are not equal
	at com.kms.katalon.core.keyword.builtin.VerifyEqualKeyword$_verifyEqual_closure1.doCall(VerifyEqualKeyword.groovy:58)
	at com.kms.katalon.core.keyword.builtin.VerifyEqualKeyword$_verifyEqual_closure1.call(VerifyEqualKeyword.groovy)
	at com.kms.katalon.core.keyword.internal.KeywordMain.runKeyword(KeywordMain.groovy:75)
	at com.kms.katalon.core.keyword.builtin.VerifyEqualKeyword.verifyEqual(VerifyEqualKeyword.groovy:63)
	at com.kms.katalon.core.keyword.builtin.VerifyEqualKeyword.execute(VerifyEqualKeyword.groovy:44)
	at com.kms.katalon.core.keyword.internal.KeywordExecutor.executeKeywordForPlatform(KeywordExecutor.groovy:74)
	at com.kms.katalon.core.keyword.BuiltinKeywords.verifyEqual(BuiltinKeywords.groovy:146)
	at jdk.internal.reflect.GeneratedMethodAccessor19.invoke(Unknown Source)
	at java.base/jdk.internal.reflect.DelegatingMethodAccessorImpl.invoke(DelegatingMethodAccessorImpl.java:43)
	at Факторный анализ сверка дашбордов.CompareDZO(Факторный анализ сверка дашбордов:689)
	at Факторный анализ сверка дашбордов.Test(Факторный анализ сверка дашбордов:635)
	at Факторный анализ сверка дашбордов.run(Факторный анализ сверка дашбордов:44)
	at com.kms.katalon.core.main.ScriptEngine.run(ScriptEngine.java:194)
	at com.kms.katalon.core.main.ScriptEngine.runScriptAsRawText(ScriptEngine.java:119)
	at com.kms.katalon.core.main.TestCaseExecutor.runScript(TestCaseExecutor.java:448)
	at com.kms.katalon.core.main.TestCaseExecutor.doExecute(TestCaseExecutor.java:439)
	at com.kms.katalon.core.main.TestCaseExecutor.processExecutionPhase(TestCaseExecutor.java:418)
	at com.kms.katalon.core.main.TestCaseExecutor.accessMainPhase(TestCaseExecutor.java:410)
	at com.kms.katalon.core.main.TestCaseExecutor.execute(TestCaseExecutor.java:285)
	at com.kms.katalon.core.common.CommonExecutor.accessTestCaseMainPhase(CommonExecutor.java:65)
	at com.kms.katalon.core.main.TestSuiteExecutor.accessTestSuiteMainPhase(TestSuiteExecutor.java:150)
	at com.kms.katalon.core.main.TestSuiteExecutor.execute(TestSuiteExecutor.java:106)
	at com.kms.katalon.core.main.TestCaseMain.startTestSuite(TestCaseMain.java:180)
	at TempTestSuite1728890597227.run(TempTestSuite1728890597227.groovy:35)
	at java.base/jdk.internal.reflect.NativeMethodAccessorImpl.invoke0(Native Method)
	at java.base/jdk.internal.reflect.NativeMethodAccessorImpl.invoke(NativeMethodAccessorImpl.java:77)
	at java.base/jdk.internal.reflect.DelegatingMethodAccessorImpl.invoke(DelegatingMethodAccessorImpl.java:43)
)

14-10-2024T12:08:16 - [TEST_STEP][PASSED] - else: null

14-10-2024T12:08:16 - [TEST_STEP][PASSED] - otobrajeniyeDannyh = "Все": null

14-10-2024T12:08:16 - [TEST_STEP][PASSED] - vidget = "Всего отклонения по факторам": null

14-10-2024T12:08:16 - [TEST_STEP][PASSED] - Script1719551244403.WriteToExcel(todaysDate, typeOfData, otobrajeniyeDannyh, x, y, vidget, DZO): null

14-10-2024T12:08:16 - [TEST_STEP][PASSED] - sheetName = "Sheet1": null

14-10-2024T12:08:16 - [TEST_STEP][PASSED] - data = findTestData("PlanFact"): null

14-10-2024T12:08:17 - [TEST_STEP][PASSED] - n = data.getRowNumbers() + 1: null

14-10-2024T12:08:17 - [TEST_STEP][PASSED] - period = getText(findTestObject("Факторный анализ/Фильтр Период")): Text of object 'Object Repository/Факторный анализ/Фильтр Период' is: 'Июль, Август и 1, 2 кв. 2024 года'

14-10-2024T12:08:17 - [MESSAGE][PASSED] - Text of object 'Object Repository/Факторный анализ/Фильтр Период' is: 'Июль, Август и 1, 2 кв. 2024 года'

14-10-2024T12:08:17 - [TEST_STEP][PASSED] - println(period): null

14-10-2024T12:08:17 - [TEST_STEP][PASSED] - dashboardName = "Факторный анализ": null

14-10-2024T12:08:17 - [TEST_STEP][PASSED] - workbook01 = getWorkbook(excelFilePath): null

14-10-2024T12:08:17 - [TEST_STEP][PASSED] - sheet01 = getExcelSheet(workbook01, sheetName): null

14-10-2024T12:08:17 - [TEST_STEP][PASSED] - setValueToCellByIndex(sheet01, n, 0, dashboardName): null

14-10-2024T12:08:17 - [TEST_STEP][PASSED] - setValueToCellByIndex(sheet01, n, 1, DZO): null

14-10-2024T12:08:17 - [TEST_STEP][PASSED] - setValueToCellByIndex(sheet01, n, 2, vidget): null

14-10-2024T12:08:17 - [TEST_STEP][PASSED] - setValueToCellByIndex(sheet01, n, 3, typeOfData): null

14-10-2024T12:08:17 - [TEST_STEP][PASSED] - setValueToCellByIndex(sheet01, n, 4, otobrajeniyeDannyh): null

14-10-2024T12:08:17 - [TEST_STEP][PASSED] - setValueToCellByIndex(sheet01, n, 5, period): null

14-10-2024T12:08:17 - [TEST_STEP][PASSED] - setValueToCellByIndex(sheet01, n, 6, todaysDate): null

14-10-2024T12:08:17 - [TEST_STEP][PASSED] - n = n + 1: null

14-10-2024T12:08:17 - [TEST_STEP][PASSED] - saveWorkbook(excelFilePath, workbook01): null

14-10-2024T12:08:17 - [TEST_STEP][PASSED] - DZO = "Россети Тюмень": null

14-10-2024T12:08:17 - [TEST_STEP][PASSED] - Script1719551244403.CompareDZO(x = TyuA, y = TyuB, run, typeOfData, otobrajeniyeDannyh, todaysDate, vidget, DZO): null

14-10-2024T12:08:17 - [TEST_STEP][PASSED] - x1 = x: null

14-10-2024T12:08:17 - [TEST_STEP][PASSED] - y1 = y: null

14-10-2024T12:08:17 - [TEST_STEP][PASSED] - i1 = <not implemented yet for class: org.codehaus.groovy.ast.expr.EmptyExpression>: null

14-10-2024T12:08:17 - [TEST_STEP][FAILED] - if (verifyEqual(x, y) == true): Unable to verify equal between actual object '5 817  105' and expected object '333  105' (Root cause: com.kms.katalon.core.exception.StepFailedException: Actual object '5 817  105' and expected object '333  105' are not equal
	at com.kms.katalon.core.keyword.builtin.VerifyEqualKeyword$_verifyEqual_closure1.doCall(VerifyEqualKeyword.groovy:58)
	at com.kms.katalon.core.keyword.builtin.VerifyEqualKeyword$_verifyEqual_closure1.call(VerifyEqualKeyword.groovy)
	at com.kms.katalon.core.keyword.internal.KeywordMain.runKeyword(KeywordMain.groovy:75)
	at com.kms.katalon.core.keyword.builtin.VerifyEqualKeyword.verifyEqual(VerifyEqualKeyword.groovy:63)
	at com.kms.katalon.core.keyword.builtin.VerifyEqualKeyword.execute(VerifyEqualKeyword.groovy:44)
	at com.kms.katalon.core.keyword.internal.KeywordExecutor.executeKeywordForPlatform(KeywordExecutor.groovy:74)
	at com.kms.katalon.core.keyword.BuiltinKeywords.verifyEqual(BuiltinKeywords.groovy:146)
	at jdk.internal.reflect.GeneratedMethodAccessor19.invoke(Unknown Source)
	at java.base/jdk.internal.reflect.DelegatingMethodAccessorImpl.invoke(DelegatingMethodAccessorImpl.java:43)
	at Факторный анализ сверка дашбордов.CompareDZO(Факторный анализ сверка дашбордов:689)
	at Факторный анализ сверка дашбордов.Test(Факторный анализ сверка дашбордов:639)
	at Факторный анализ сверка дашбордов.run(Факторный анализ сверка дашбордов:44)
	at com.kms.katalon.core.main.ScriptEngine.run(ScriptEngine.java:194)
	at com.kms.katalon.core.main.ScriptEngine.runScriptAsRawText(ScriptEngine.java:119)
	at com.kms.katalon.core.main.TestCaseExecutor.runScript(TestCaseExecutor.java:448)
	at com.kms.katalon.core.main.TestCaseExecutor.doExecute(TestCaseExecutor.java:439)
	at com.kms.katalon.core.main.TestCaseExecutor.processExecutionPhase(TestCaseExecutor.java:418)
	at com.kms.katalon.core.main.TestCaseExecutor.accessMainPhase(TestCaseExecutor.java:410)
	at com.kms.katalon.core.main.TestCaseExecutor.execute(TestCaseExecutor.java:285)
	at com.kms.katalon.core.common.CommonExecutor.accessTestCaseMainPhase(CommonExecutor.java:65)
	at com.kms.katalon.core.main.TestSuiteExecutor.accessTestSuiteMainPhase(TestSuiteExecutor.java:150)
	at com.kms.katalon.core.main.TestSuiteExecutor.execute(TestSuiteExecutor.java:106)
	at com.kms.katalon.core.main.TestCaseMain.startTestSuite(TestCaseMain.java:180)
	at TempTestSuite1728890597227.run(TempTestSuite1728890597227.groovy:35)
	at java.base/jdk.internal.reflect.NativeMethodAccessorImpl.invoke0(Native Method)
	at java.base/jdk.internal.reflect.NativeMethodAccessorImpl.invoke(NativeMethodAccessorImpl.java:77)
	at java.base/jdk.internal.reflect.DelegatingMethodAccessorImpl.invoke(DelegatingMethodAccessorImpl.java:43)
)

14-10-2024T12:08:17 - [MESSAGE][FAILED] - Unable to verify equal between actual object '5 817  105' and expected object '333  105' (Root cause: com.kms.katalon.core.exception.StepFailedException: Actual object '5 817  105' and expected object '333  105' are not equal
	at com.kms.katalon.core.keyword.builtin.VerifyEqualKeyword$_verifyEqual_closure1.doCall(VerifyEqualKeyword.groovy:58)
	at com.kms.katalon.core.keyword.builtin.VerifyEqualKeyword$_verifyEqual_closure1.call(VerifyEqualKeyword.groovy)
	at com.kms.katalon.core.keyword.internal.KeywordMain.runKeyword(KeywordMain.groovy:75)
	at com.kms.katalon.core.keyword.builtin.VerifyEqualKeyword.verifyEqual(VerifyEqualKeyword.groovy:63)
	at com.kms.katalon.core.keyword.builtin.VerifyEqualKeyword.execute(VerifyEqualKeyword.groovy:44)
	at com.kms.katalon.core.keyword.internal.KeywordExecutor.executeKeywordForPlatform(KeywordExecutor.groovy:74)
	at com.kms.katalon.core.keyword.BuiltinKeywords.verifyEqual(BuiltinKeywords.groovy:146)
	at jdk.internal.reflect.GeneratedMethodAccessor19.invoke(Unknown Source)
	at java.base/jdk.internal.reflect.DelegatingMethodAccessorImpl.invoke(DelegatingMethodAccessorImpl.java:43)
	at Факторный анализ сверка дашбордов.CompareDZO(Факторный анализ сверка дашбордов:689)
	at Факторный анализ сверка дашбордов.Test(Факторный анализ сверка дашбордов:639)
	at Факторный анализ сверка дашбордов.run(Факторный анализ сверка дашбордов:44)
	at com.kms.katalon.core.main.ScriptEngine.run(ScriptEngine.java:194)
	at com.kms.katalon.core.main.ScriptEngine.runScriptAsRawText(ScriptEngine.java:119)
	at com.kms.katalon.core.main.TestCaseExecutor.runScript(TestCaseExecutor.java:448)
	at com.kms.katalon.core.main.TestCaseExecutor.doExecute(TestCaseExecutor.java:439)
	at com.kms.katalon.core.main.TestCaseExecutor.processExecutionPhase(TestCaseExecutor.java:418)
	at com.kms.katalon.core.main.TestCaseExecutor.accessMainPhase(TestCaseExecutor.java:410)
	at com.kms.katalon.core.main.TestCaseExecutor.execute(TestCaseExecutor.java:285)
	at com.kms.katalon.core.common.CommonExecutor.accessTestCaseMainPhase(CommonExecutor.java:65)
	at com.kms.katalon.core.main.TestSuiteExecutor.accessTestSuiteMainPhase(TestSuiteExecutor.java:150)
	at com.kms.katalon.core.main.TestSuiteExecutor.execute(TestSuiteExecutor.java:106)
	at com.kms.katalon.core.main.TestCaseMain.startTestSuite(TestCaseMain.java:180)
	at TempTestSuite1728890597227.run(TempTestSuite1728890597227.groovy:35)
	at java.base/jdk.internal.reflect.NativeMethodAccessorImpl.invoke0(Native Method)
	at java.base/jdk.internal.reflect.NativeMethodAccessorImpl.invoke(NativeMethodAccessorImpl.java:77)
	at java.base/jdk.internal.reflect.DelegatingMethodAccessorImpl.invoke(DelegatingMethodAccessorImpl.java:43)
)

14-10-2024T12:08:17 - [TEST_STEP][PASSED] - else: null

14-10-2024T12:08:17 - [TEST_STEP][PASSED] - otobrajeniyeDannyh = "Все": null

14-10-2024T12:08:17 - [TEST_STEP][PASSED] - vidget = "Всего отклонения по факторам": null

14-10-2024T12:08:17 - [TEST_STEP][PASSED] - Script1719551244403.WriteToExcel(todaysDate, typeOfData, otobrajeniyeDannyh, x, y, vidget, DZO): null

14-10-2024T12:08:17 - [TEST_STEP][PASSED] - sheetName = "Sheet1": null

14-10-2024T12:08:17 - [TEST_STEP][PASSED] - data = findTestData("PlanFact"): null

14-10-2024T12:08:17 - [TEST_STEP][PASSED] - n = data.getRowNumbers() + 1: null

14-10-2024T12:08:17 - [TEST_STEP][PASSED] - period = getText(findTestObject("Факторный анализ/Фильтр Период")): Text of object 'Object Repository/Факторный анализ/Фильтр Период' is: 'Июль, Август и 1, 2 кв. 2024 года'

14-10-2024T12:08:18 - [MESSAGE][PASSED] - Text of object 'Object Repository/Факторный анализ/Фильтр Период' is: 'Июль, Август и 1, 2 кв. 2024 года'

14-10-2024T12:08:18 - [TEST_STEP][PASSED] - println(period): null

14-10-2024T12:08:18 - [TEST_STEP][PASSED] - dashboardName = "Факторный анализ": null

14-10-2024T12:08:18 - [TEST_STEP][PASSED] - workbook01 = getWorkbook(excelFilePath): null

14-10-2024T12:08:18 - [TEST_STEP][PASSED] - sheet01 = getExcelSheet(workbook01, sheetName): null

14-10-2024T12:08:18 - [TEST_STEP][PASSED] - setValueToCellByIndex(sheet01, n, 0, dashboardName): null

14-10-2024T12:08:18 - [TEST_STEP][PASSED] - setValueToCellByIndex(sheet01, n, 1, DZO): null

14-10-2024T12:08:18 - [TEST_STEP][PASSED] - setValueToCellByIndex(sheet01, n, 2, vidget): null

14-10-2024T12:08:18 - [TEST_STEP][PASSED] - setValueToCellByIndex(sheet01, n, 3, typeOfData): null

14-10-2024T12:08:18 - [TEST_STEP][PASSED] - setValueToCellByIndex(sheet01, n, 4, otobrajeniyeDannyh): null

14-10-2024T12:08:18 - [TEST_STEP][PASSED] - setValueToCellByIndex(sheet01, n, 5, period): null

14-10-2024T12:08:18 - [TEST_STEP][PASSED] - setValueToCellByIndex(sheet01, n, 6, todaysDate): null

14-10-2024T12:08:18 - [TEST_STEP][PASSED] - n = n + 1: null

14-10-2024T12:08:18 - [TEST_STEP][PASSED] - saveWorkbook(excelFilePath, workbook01): null

14-10-2024T12:08:18 - [TEST_STEP][PASSED] - DZO = "Россети Урал (ГК)": null

14-10-2024T12:08:18 - [TEST_STEP][PASSED] - Script1719551244403.CompareDZO(x = UrA, y = UrB, run, typeOfData, otobrajeniyeDannyh, todaysDate, vidget, DZO): null

14-10-2024T12:08:18 - [TEST_STEP][PASSED] - x1 = x: null

14-10-2024T12:08:18 - [TEST_STEP][PASSED] - y1 = y: null

14-10-2024T12:08:18 - [TEST_STEP][PASSED] - i1 = <not implemented yet for class: org.codehaus.groovy.ast.expr.EmptyExpression>: null

14-10-2024T12:08:18 - [TEST_STEP][FAILED] - if (verifyEqual(x, y) == true): Unable to verify equal between actual object '57 812  419    620  198 891 181 893  608' and expected object '3 033  419    620  198 891 181 893  608' (Root cause: com.kms.katalon.core.exception.StepFailedException: Actual object '57 812  419    620  198 891 181 893  608' and expected object '3 033  419    620  198 891 181 893  608' are not equal
	at com.kms.katalon.core.keyword.builtin.VerifyEqualKeyword$_verifyEqual_closure1.doCall(VerifyEqualKeyword.groovy:58)
	at com.kms.katalon.core.keyword.builtin.VerifyEqualKeyword$_verifyEqual_closure1.call(VerifyEqualKeyword.groovy)
	at com.kms.katalon.core.keyword.internal.KeywordMain.runKeyword(KeywordMain.groovy:75)
	at com.kms.katalon.core.keyword.builtin.VerifyEqualKeyword.verifyEqual(VerifyEqualKeyword.groovy:63)
	at com.kms.katalon.core.keyword.builtin.VerifyEqualKeyword.execute(VerifyEqualKeyword.groovy:44)
	at com.kms.katalon.core.keyword.internal.KeywordExecutor.executeKeywordForPlatform(KeywordExecutor.groovy:74)
	at com.kms.katalon.core.keyword.BuiltinKeywords.verifyEqual(BuiltinKeywords.groovy:146)
	at jdk.internal.reflect.GeneratedMethodAccessor19.invoke(Unknown Source)
	at java.base/jdk.internal.reflect.DelegatingMethodAccessorImpl.invoke(DelegatingMethodAccessorImpl.java:43)
	at Факторный анализ сверка дашбордов.CompareDZO(Факторный анализ сверка дашбордов:689)
	at Факторный анализ сверка дашбордов.Test(Факторный анализ сверка дашбордов:643)
	at Факторный анализ сверка дашбордов.run(Факторный анализ сверка дашбордов:44)
	at com.kms.katalon.core.main.ScriptEngine.run(ScriptEngine.java:194)
	at com.kms.katalon.core.main.ScriptEngine.runScriptAsRawText(ScriptEngine.java:119)
	at com.kms.katalon.core.main.TestCaseExecutor.runScript(TestCaseExecutor.java:448)
	at com.kms.katalon.core.main.TestCaseExecutor.doExecute(TestCaseExecutor.java:439)
	at com.kms.katalon.core.main.TestCaseExecutor.processExecutionPhase(TestCaseExecutor.java:418)
	at com.kms.katalon.core.main.TestCaseExecutor.accessMainPhase(TestCaseExecutor.java:410)
	at com.kms.katalon.core.main.TestCaseExecutor.execute(TestCaseExecutor.java:285)
	at com.kms.katalon.core.common.CommonExecutor.accessTestCaseMainPhase(CommonExecutor.java:65)
	at com.kms.katalon.core.main.TestSuiteExecutor.accessTestSuiteMainPhase(TestSuiteExecutor.java:150)
	at com.kms.katalon.core.main.TestSuiteExecutor.execute(TestSuiteExecutor.java:106)
	at com.kms.katalon.core.main.TestCaseMain.startTestSuite(TestCaseMain.java:180)
	at TempTestSuite1728890597227.run(TempTestSuite1728890597227.groovy:35)
	at java.base/jdk.internal.reflect.NativeMethodAccessorImpl.invoke0(Native Method)
	at java.base/jdk.internal.reflect.NativeMethodAccessorImpl.invoke(NativeMethodAccessorImpl.java:77)
	at java.base/jdk.internal.reflect.DelegatingMethodAccessorImpl.invoke(DelegatingMethodAccessorImpl.java:43)
)

14-10-2024T12:08:18 - [MESSAGE][FAILED] - Unable to verify equal between actual object '57 812  419    620  198 891 181 893  608' and expected object '3 033  419    620  198 891 181 893  608' (Root cause: com.kms.katalon.core.exception.StepFailedException: Actual object '57 812  419    620  198 891 181 893  608' and expected object '3 033  419    620  198 891 181 893  608' are not equal
	at com.kms.katalon.core.keyword.builtin.VerifyEqualKeyword$_verifyEqual_closure1.doCall(VerifyEqualKeyword.groovy:58)
	at com.kms.katalon.core.keyword.builtin.VerifyEqualKeyword$_verifyEqual_closure1.call(VerifyEqualKeyword.groovy)
	at com.kms.katalon.core.keyword.internal.KeywordMain.runKeyword(KeywordMain.groovy:75)
	at com.kms.katalon.core.keyword.builtin.VerifyEqualKeyword.verifyEqual(VerifyEqualKeyword.groovy:63)
	at com.kms.katalon.core.keyword.builtin.VerifyEqualKeyword.execute(VerifyEqualKeyword.groovy:44)
	at com.kms.katalon.core.keyword.internal.KeywordExecutor.executeKeywordForPlatform(KeywordExecutor.groovy:74)
	at com.kms.katalon.core.keyword.BuiltinKeywords.verifyEqual(BuiltinKeywords.groovy:146)
	at jdk.internal.reflect.GeneratedMethodAccessor19.invoke(Unknown Source)
	at java.base/jdk.internal.reflect.DelegatingMethodAccessorImpl.invoke(DelegatingMethodAccessorImpl.java:43)
	at Факторный анализ сверка дашбордов.CompareDZO(Факторный анализ сверка дашбордов:689)
	at Факторный анализ сверка дашбордов.Test(Факторный анализ сверка дашбордов:643)
	at Факторный анализ сверка дашбордов.run(Факторный анализ сверка дашбордов:44)
	at com.kms.katalon.core.main.ScriptEngine.run(ScriptEngine.java:194)
	at com.kms.katalon.core.main.ScriptEngine.runScriptAsRawText(ScriptEngine.java:119)
	at com.kms.katalon.core.main.TestCaseExecutor.runScript(TestCaseExecutor.java:448)
	at com.kms.katalon.core.main.TestCaseExecutor.doExecute(TestCaseExecutor.java:439)
	at com.kms.katalon.core.main.TestCaseExecutor.processExecutionPhase(TestCaseExecutor.java:418)
	at com.kms.katalon.core.main.TestCaseExecutor.accessMainPhase(TestCaseExecutor.java:410)
	at com.kms.katalon.core.main.TestCaseExecutor.execute(TestCaseExecutor.java:285)
	at com.kms.katalon.core.common.CommonExecutor.accessTestCaseMainPhase(CommonExecutor.java:65)
	at com.kms.katalon.core.main.TestSuiteExecutor.accessTestSuiteMainPhase(TestSuiteExecutor.java:150)
	at com.kms.katalon.core.main.TestSuiteExecutor.execute(TestSuiteExecutor.java:106)
	at com.kms.katalon.core.main.TestCaseMain.startTestSuite(TestCaseMain.java:180)
	at TempTestSuite1728890597227.run(TempTestSuite1728890597227.groovy:35)
	at java.base/jdk.internal.reflect.NativeMethodAccessorImpl.invoke0(Native Method)
	at java.base/jdk.internal.reflect.NativeMethodAccessorImpl.invoke(NativeMethodAccessorImpl.java:77)
	at java.base/jdk.internal.reflect.DelegatingMethodAccessorImpl.invoke(DelegatingMethodAccessorImpl.java:43)
)

14-10-2024T12:08:18 - [TEST_STEP][PASSED] - else: null

14-10-2024T12:08:18 - [TEST_STEP][PASSED] - otobrajeniyeDannyh = "Все": null

14-10-2024T12:08:18 - [TEST_STEP][PASSED] - vidget = "Всего отклонения по факторам": null

14-10-2024T12:08:18 - [TEST_STEP][PASSED] - Script1719551244403.WriteToExcel(todaysDate, typeOfData, otobrajeniyeDannyh, x, y, vidget, DZO): null

14-10-2024T12:08:18 - [TEST_STEP][PASSED] - sheetName = "Sheet1": null

14-10-2024T12:08:18 - [TEST_STEP][PASSED] - data = findTestData("PlanFact"): null

14-10-2024T12:08:18 - [TEST_STEP][PASSED] - n = data.getRowNumbers() + 1: null

14-10-2024T12:08:18 - [TEST_STEP][PASSED] - period = getText(findTestObject("Факторный анализ/Фильтр Период")): Text of object 'Object Repository/Факторный анализ/Фильтр Период' is: 'Июль, Август и 1, 2 кв. 2024 года'

14-10-2024T12:08:19 - [MESSAGE][PASSED] - Text of object 'Object Repository/Факторный анализ/Фильтр Период' is: 'Июль, Август и 1, 2 кв. 2024 года'

14-10-2024T12:08:19 - [TEST_STEP][PASSED] - println(period): null

14-10-2024T12:08:19 - [TEST_STEP][PASSED] - dashboardName = "Факторный анализ": null

14-10-2024T12:08:19 - [TEST_STEP][PASSED] - workbook01 = getWorkbook(excelFilePath): null

14-10-2024T12:08:19 - [TEST_STEP][PASSED] - sheet01 = getExcelSheet(workbook01, sheetName): null

14-10-2024T12:08:19 - [TEST_STEP][PASSED] - setValueToCellByIndex(sheet01, n, 0, dashboardName): null

14-10-2024T12:08:19 - [TEST_STEP][PASSED] - setValueToCellByIndex(sheet01, n, 1, DZO): null

14-10-2024T12:08:19 - [TEST_STEP][PASSED] - setValueToCellByIndex(sheet01, n, 2, vidget): null

14-10-2024T12:08:19 - [TEST_STEP][PASSED] - setValueToCellByIndex(sheet01, n, 3, typeOfData): null

14-10-2024T12:08:19 - [TEST_STEP][PASSED] - setValueToCellByIndex(sheet01, n, 4, otobrajeniyeDannyh): null

14-10-2024T12:08:19 - [TEST_STEP][PASSED] - setValueToCellByIndex(sheet01, n, 5, period): null

14-10-2024T12:08:19 - [TEST_STEP][PASSED] - setValueToCellByIndex(sheet01, n, 6, todaysDate): null

14-10-2024T12:08:19 - [TEST_STEP][PASSED] - n = n + 1: null

14-10-2024T12:08:19 - [TEST_STEP][PASSED] - saveWorkbook(excelFilePath, workbook01): null

14-10-2024T12:08:19 - [TEST_STEP][PASSED] - DZO = "Россети ФСК ЕЭС": null

14-10-2024T12:08:19 - [TEST_STEP][PASSED] - Script1719551244403.CompareDZO(x = FSKA, y = FSKB, run, typeOfData, otobrajeniyeDannyh, todaysDate, vidget, DZO): null

14-10-2024T12:08:19 - [TEST_STEP][PASSED] - x1 = x: null

14-10-2024T12:08:19 - [TEST_STEP][PASSED] - y1 = y: null

14-10-2024T12:08:19 - [TEST_STEP][PASSED] - i1 = <not implemented yet for class: org.codehaus.groovy.ast.expr.EmptyExpression>: null

14-10-2024T12:08:19 - [TEST_STEP][PASSED] - if (verifyEqual(x, y) == true): null

14-10-2024T12:08:19 - [MESSAGE][PASSED] - Actual object '893  608       8 451 7 098' and expected object '893  608       8 451 7 098' are equal

14-10-2024T12:08:19 - [TEST_STEP][PASSED] - DZO = "Центр": null

14-10-2024T12:08:19 - [TEST_STEP][PASSED] - Script1719551244403.CompareDZO(x = CenA, y = CenB, run, typeOfData, otobrajeniyeDannyh, todaysDate, vidget, DZO): null

14-10-2024T12:08:19 - [TEST_STEP][PASSED] - x1 = x: null

14-10-2024T12:08:19 - [TEST_STEP][PASSED] - y1 = y: null

14-10-2024T12:08:19 - [TEST_STEP][PASSED] - i1 = <not implemented yet for class: org.codehaus.groovy.ast.expr.EmptyExpression>: null

14-10-2024T12:08:19 - [TEST_STEP][FAILED] - if (verifyEqual(x, y) == true): Unable to verify equal between actual object '8 451 7 098   293 77 4 458 7 12 194 118 121 4 2 317 105 700  301 3 056 11 5 925 22 4 626 10 350 94 6 248 6' and expected object '8 451 7 098   293 77 94 7 546 118 121 4 148 70 700  301 160 12 121 22 254 10 350 94 568 16' (Root cause: com.kms.katalon.core.exception.StepFailedException: Actual object '8 451 7 098   293 77 4 458 7 12 194 118 121 4 2 317 105 700  301 3 056 11 5 925 22 4 626 10 350 94 6 248 6' and expected object '8 451 7 098   293 77 94 7 546 118 121 4 148 70 700  301 160 12 121 22 254 10 350 94 568 16' are not equal
	at com.kms.katalon.core.keyword.builtin.VerifyEqualKeyword$_verifyEqual_closure1.doCall(VerifyEqualKeyword.groovy:58)
	at com.kms.katalon.core.keyword.builtin.VerifyEqualKeyword$_verifyEqual_closure1.call(VerifyEqualKeyword.groovy)
	at com.kms.katalon.core.keyword.internal.KeywordMain.runKeyword(KeywordMain.groovy:75)
	at com.kms.katalon.core.keyword.builtin.VerifyEqualKeyword.verifyEqual(VerifyEqualKeyword.groovy:63)
	at com.kms.katalon.core.keyword.builtin.VerifyEqualKeyword.execute(VerifyEqualKeyword.groovy:44)
	at com.kms.katalon.core.keyword.internal.KeywordExecutor.executeKeywordForPlatform(KeywordExecutor.groovy:74)
	at com.kms.katalon.core.keyword.BuiltinKeywords.verifyEqual(BuiltinKeywords.groovy:146)
	at jdk.internal.reflect.GeneratedMethodAccessor19.invoke(Unknown Source)
	at java.base/jdk.internal.reflect.DelegatingMethodAccessorImpl.invoke(DelegatingMethodAccessorImpl.java:43)
	at Факторный анализ сверка дашбордов.CompareDZO(Факторный анализ сверка дашбордов:689)
	at Факторный анализ сверка дашбордов.Test(Факторный анализ сверка дашбордов:651)
	at Факторный анализ сверка дашбордов.run(Факторный анализ сверка дашбордов:44)
	at com.kms.katalon.core.main.ScriptEngine.run(ScriptEngine.java:194)
	at com.kms.katalon.core.main.ScriptEngine.runScriptAsRawText(ScriptEngine.java:119)
	at com.kms.katalon.core.main.TestCaseExecutor.runScript(TestCaseExecutor.java:448)
	at com.kms.katalon.core.main.TestCaseExecutor.doExecute(TestCaseExecutor.java:439)
	at com.kms.katalon.core.main.TestCaseExecutor.processExecutionPhase(TestCaseExecutor.java:418)
	at com.kms.katalon.core.main.TestCaseExecutor.accessMainPhase(TestCaseExecutor.java:410)
	at com.kms.katalon.core.main.TestCaseExecutor.execute(TestCaseExecutor.java:285)
	at com.kms.katalon.core.common.CommonExecutor.accessTestCaseMainPhase(CommonExecutor.java:65)
	at com.kms.katalon.core.main.TestSuiteExecutor.accessTestSuiteMainPhase(TestSuiteExecutor.java:150)
	at com.kms.katalon.core.main.TestSuiteExecutor.execute(TestSuiteExecutor.java:106)
	at com.kms.katalon.core.main.TestCaseMain.startTestSuite(TestCaseMain.java:180)
	at TempTestSuite1728890597227.run(TempTestSuite1728890597227.groovy:35)
	at java.base/jdk.internal.reflect.NativeMethodAccessorImpl.invoke0(Native Method)
	at java.base/jdk.internal.reflect.NativeMethodAccessorImpl.invoke(NativeMethodAccessorImpl.java:77)
	at java.base/jdk.internal.reflect.DelegatingMethodAccessorImpl.invoke(DelegatingMethodAccessorImpl.java:43)
)

14-10-2024T12:08:19 - [MESSAGE][FAILED] - Unable to verify equal between actual object '8 451 7 098   293 77 4 458 7 12 194 118 121 4 2 317 105 700  301 3 056 11 5 925 22 4 626 10 350 94 6 248 6' and expected object '8 451 7 098   293 77 94 7 546 118 121 4 148 70 700  301 160 12 121 22 254 10 350 94 568 16' (Root cause: com.kms.katalon.core.exception.StepFailedException: Actual object '8 451 7 098   293 77 4 458 7 12 194 118 121 4 2 317 105 700  301 3 056 11 5 925 22 4 626 10 350 94 6 248 6' and expected object '8 451 7 098   293 77 94 7 546 118 121 4 148 70 700  301 160 12 121 22 254 10 350 94 568 16' are not equal
	at com.kms.katalon.core.keyword.builtin.VerifyEqualKeyword$_verifyEqual_closure1.doCall(VerifyEqualKeyword.groovy:58)
	at com.kms.katalon.core.keyword.builtin.VerifyEqualKeyword$_verifyEqual_closure1.call(VerifyEqualKeyword.groovy)
	at com.kms.katalon.core.keyword.internal.KeywordMain.runKeyword(KeywordMain.groovy:75)
	at com.kms.katalon.core.keyword.builtin.VerifyEqualKeyword.verifyEqual(VerifyEqualKeyword.groovy:63)
	at com.kms.katalon.core.keyword.builtin.VerifyEqualKeyword.execute(VerifyEqualKeyword.groovy:44)
	at com.kms.katalon.core.keyword.internal.KeywordExecutor.executeKeywordForPlatform(KeywordExecutor.groovy:74)
	at com.kms.katalon.core.keyword.BuiltinKeywords.verifyEqual(BuiltinKeywords.groovy:146)
	at jdk.internal.reflect.GeneratedMethodAccessor19.invoke(Unknown Source)
	at java.base/jdk.internal.reflect.DelegatingMethodAccessorImpl.invoke(DelegatingMethodAccessorImpl.java:43)
	at Факторный анализ сверка дашбордов.CompareDZO(Факторный анализ сверка дашбордов:689)
	at Факторный анализ сверка дашбордов.Test(Факторный анализ сверка дашбордов:651)
	at Факторный анализ сверка дашбордов.run(Факторный анализ сверка дашбордов:44)
	at com.kms.katalon.core.main.ScriptEngine.run(ScriptEngine.java:194)
	at com.kms.katalon.core.main.ScriptEngine.runScriptAsRawText(ScriptEngine.java:119)
	at com.kms.katalon.core.main.TestCaseExecutor.runScript(TestCaseExecutor.java:448)
	at com.kms.katalon.core.main.TestCaseExecutor.doExecute(TestCaseExecutor.java:439)
	at com.kms.katalon.core.main.TestCaseExecutor.processExecutionPhase(TestCaseExecutor.java:418)
	at com.kms.katalon.core.main.TestCaseExecutor.accessMainPhase(TestCaseExecutor.java:410)
	at com.kms.katalon.core.main.TestCaseExecutor.execute(TestCaseExecutor.java:285)
	at com.kms.katalon.core.common.CommonExecutor.accessTestCaseMainPhase(CommonExecutor.java:65)
	at com.kms.katalon.core.main.TestSuiteExecutor.accessTestSuiteMainPhase(TestSuiteExecutor.java:150)
	at com.kms.katalon.core.main.TestSuiteExecutor.execute(TestSuiteExecutor.java:106)
	at com.kms.katalon.core.main.TestCaseMain.startTestSuite(TestCaseMain.java:180)
	at TempTestSuite1728890597227.run(TempTestSuite1728890597227.groovy:35)
	at java.base/jdk.internal.reflect.NativeMethodAccessorImpl.invoke0(Native Method)
	at java.base/jdk.internal.reflect.NativeMethodAccessorImpl.invoke(NativeMethodAccessorImpl.java:77)
	at java.base/jdk.internal.reflect.DelegatingMethodAccessorImpl.invoke(DelegatingMethodAccessorImpl.java:43)
)

14-10-2024T12:08:19 - [TEST_STEP][PASSED] - else: null

14-10-2024T12:08:19 - [TEST_STEP][PASSED] - otobrajeniyeDannyh = "Все": null

14-10-2024T12:08:19 - [TEST_STEP][PASSED] - vidget = "Всего отклонения по факторам": null

14-10-2024T12:08:19 - [TEST_STEP][PASSED] - Script1719551244403.WriteToExcel(todaysDate, typeOfData, otobrajeniyeDannyh, x, y, vidget, DZO): null

14-10-2024T12:08:19 - [TEST_STEP][PASSED] - sheetName = "Sheet1": null

14-10-2024T12:08:19 - [TEST_STEP][PASSED] - data = findTestData("PlanFact"): null

14-10-2024T12:08:19 - [TEST_STEP][PASSED] - n = data.getRowNumbers() + 1: null

14-10-2024T12:08:19 - [TEST_STEP][PASSED] - period = getText(findTestObject("Факторный анализ/Фильтр Период")): Text of object 'Object Repository/Факторный анализ/Фильтр Период' is: 'Июль, Август и 1, 2 кв. 2024 года'

14-10-2024T12:08:19 - [MESSAGE][PASSED] - Text of object 'Object Repository/Факторный анализ/Фильтр Период' is: 'Июль, Август и 1, 2 кв. 2024 года'

14-10-2024T12:08:19 - [TEST_STEP][PASSED] - println(period): null

14-10-2024T12:08:19 - [TEST_STEP][PASSED] - dashboardName = "Факторный анализ": null

14-10-2024T12:08:19 - [TEST_STEP][PASSED] - workbook01 = getWorkbook(excelFilePath): null

14-10-2024T12:08:19 - [TEST_STEP][PASSED] - sheet01 = getExcelSheet(workbook01, sheetName): null

14-10-2024T12:08:19 - [TEST_STEP][PASSED] - setValueToCellByIndex(sheet01, n, 0, dashboardName): null

14-10-2024T12:08:19 - [TEST_STEP][PASSED] - setValueToCellByIndex(sheet01, n, 1, DZO): null

14-10-2024T12:08:19 - [TEST_STEP][PASSED] - setValueToCellByIndex(sheet01, n, 2, vidget): null

14-10-2024T12:08:19 - [TEST_STEP][PASSED] - setValueToCellByIndex(sheet01, n, 3, typeOfData): null

14-10-2024T12:08:19 - [TEST_STEP][PASSED] - setValueToCellByIndex(sheet01, n, 4, otobrajeniyeDannyh): null

14-10-2024T12:08:19 - [TEST_STEP][PASSED] - setValueToCellByIndex(sheet01, n, 5, period): null

14-10-2024T12:08:19 - [TEST_STEP][PASSED] - setValueToCellByIndex(sheet01, n, 6, todaysDate): null

14-10-2024T12:08:19 - [TEST_STEP][PASSED] - n = n + 1: null

14-10-2024T12:08:19 - [TEST_STEP][PASSED] - saveWorkbook(excelFilePath, workbook01): null

14-10-2024T12:08:20 - [TEST_STEP][PASSED] - DZO = "Центр и Приволжье (ГК)": null

14-10-2024T12:08:20 - [TEST_STEP][PASSED] - Script1719551244403.CompareDZO(x = CiPA, y = CiPB, run, typeOfData, otobrajeniyeDannyh, todaysDate, vidget, DZO): null

14-10-2024T12:08:20 - [TEST_STEP][PASSED] - x1 = x: null

14-10-2024T12:08:20 - [TEST_STEP][PASSED] - y1 = y: null

14-10-2024T12:08:20 - [TEST_STEP][PASSED] - i1 = <not implemented yet for class: org.codehaus.groovy.ast.expr.EmptyExpression>: null

14-10-2024T12:08:20 - [TEST_STEP][FAILED] - if (verifyEqual(x, y) == true): Unable to verify equal between actual object '6 248 6      519 47 188 28 549 42 395 2 159 13 659 184 262 38 793  195 269 8' and expected object '568 16      519 47 188 28 549 42 395 2 159 13 659 184 262 38 793  195 269 8' (Root cause: com.kms.katalon.core.exception.StepFailedException: Actual object '6 248 6      519 47 188 28 549 42 395 2 159 13 659 184 262 38 793  195 269 8' and expected object '568 16      519 47 188 28 549 42 395 2 159 13 659 184 262 38 793  195 269 8' are not equal
	at com.kms.katalon.core.keyword.builtin.VerifyEqualKeyword$_verifyEqual_closure1.doCall(VerifyEqualKeyword.groovy:58)
	at com.kms.katalon.core.keyword.builtin.VerifyEqualKeyword$_verifyEqual_closure1.call(VerifyEqualKeyword.groovy)
	at com.kms.katalon.core.keyword.internal.KeywordMain.runKeyword(KeywordMain.groovy:75)
	at com.kms.katalon.core.keyword.builtin.VerifyEqualKeyword.verifyEqual(VerifyEqualKeyword.groovy:63)
	at com.kms.katalon.core.keyword.builtin.VerifyEqualKeyword.execute(VerifyEqualKeyword.groovy:44)
	at com.kms.katalon.core.keyword.internal.KeywordExecutor.executeKeywordForPlatform(KeywordExecutor.groovy:74)
	at com.kms.katalon.core.keyword.BuiltinKeywords.verifyEqual(BuiltinKeywords.groovy:146)
	at jdk.internal.reflect.GeneratedMethodAccessor19.invoke(Unknown Source)
	at java.base/jdk.internal.reflect.DelegatingMethodAccessorImpl.invoke(DelegatingMethodAccessorImpl.java:43)
	at Факторный анализ сверка дашбордов.CompareDZO(Факторный анализ сверка дашбордов:689)
	at Факторный анализ сверка дашбордов.Test(Факторный анализ сверка дашбордов:655)
	at Факторный анализ сверка дашбордов.run(Факторный анализ сверка дашбордов:44)
	at com.kms.katalon.core.main.ScriptEngine.run(ScriptEngine.java:194)
	at com.kms.katalon.core.main.ScriptEngine.runScriptAsRawText(ScriptEngine.java:119)
	at com.kms.katalon.core.main.TestCaseExecutor.runScript(TestCaseExecutor.java:448)
	at com.kms.katalon.core.main.TestCaseExecutor.doExecute(TestCaseExecutor.java:439)
	at com.kms.katalon.core.main.TestCaseExecutor.processExecutionPhase(TestCaseExecutor.java:418)
	at com.kms.katalon.core.main.TestCaseExecutor.accessMainPhase(TestCaseExecutor.java:410)
	at com.kms.katalon.core.main.TestCaseExecutor.execute(TestCaseExecutor.java:285)
	at com.kms.katalon.core.common.CommonExecutor.accessTestCaseMainPhase(CommonExecutor.java:65)
	at com.kms.katalon.core.main.TestSuiteExecutor.accessTestSuiteMainPhase(TestSuiteExecutor.java:150)
	at com.kms.katalon.core.main.TestSuiteExecutor.execute(TestSuiteExecutor.java:106)
	at com.kms.katalon.core.main.TestCaseMain.startTestSuite(TestCaseMain.java:180)
	at TempTestSuite1728890597227.run(TempTestSuite1728890597227.groovy:35)
	at java.base/jdk.internal.reflect.NativeMethodAccessorImpl.invoke0(Native Method)
	at java.base/jdk.internal.reflect.NativeMethodAccessorImpl.invoke(NativeMethodAccessorImpl.java:77)
	at java.base/jdk.internal.reflect.DelegatingMethodAccessorImpl.invoke(DelegatingMethodAccessorImpl.java:43)
)

14-10-2024T12:08:20 - [MESSAGE][FAILED] - Unable to verify equal between actual object '6 248 6      519 47 188 28 549 42 395 2 159 13 659 184 262 38 793  195 269 8' and expected object '568 16      519 47 188 28 549 42 395 2 159 13 659 184 262 38 793  195 269 8' (Root cause: com.kms.katalon.core.exception.StepFailedException: Actual object '6 248 6      519 47 188 28 549 42 395 2 159 13 659 184 262 38 793  195 269 8' and expected object '568 16      519 47 188 28 549 42 395 2 159 13 659 184 262 38 793  195 269 8' are not equal
	at com.kms.katalon.core.keyword.builtin.VerifyEqualKeyword$_verifyEqual_closure1.doCall(VerifyEqualKeyword.groovy:58)
	at com.kms.katalon.core.keyword.builtin.VerifyEqualKeyword$_verifyEqual_closure1.call(VerifyEqualKeyword.groovy)
	at com.kms.katalon.core.keyword.internal.KeywordMain.runKeyword(KeywordMain.groovy:75)
	at com.kms.katalon.core.keyword.builtin.VerifyEqualKeyword.verifyEqual(VerifyEqualKeyword.groovy:63)
	at com.kms.katalon.core.keyword.builtin.VerifyEqualKeyword.execute(VerifyEqualKeyword.groovy:44)
	at com.kms.katalon.core.keyword.internal.KeywordExecutor.executeKeywordForPlatform(KeywordExecutor.groovy:74)
	at com.kms.katalon.core.keyword.BuiltinKeywords.verifyEqual(BuiltinKeywords.groovy:146)
	at jdk.internal.reflect.GeneratedMethodAccessor19.invoke(Unknown Source)
	at java.base/jdk.internal.reflect.DelegatingMethodAccessorImpl.invoke(DelegatingMethodAccessorImpl.java:43)
	at Факторный анализ сверка дашбордов.CompareDZO(Факторный анализ сверка дашбордов:689)
	at Факторный анализ сверка дашбордов.Test(Факторный анализ сверка дашбордов:655)
	at Факторный анализ сверка дашбордов.run(Факторный анализ сверка дашбордов:44)
	at com.kms.katalon.core.main.ScriptEngine.run(ScriptEngine.java:194)
	at com.kms.katalon.core.main.ScriptEngine.runScriptAsRawText(ScriptEngine.java:119)
	at com.kms.katalon.core.main.TestCaseExecutor.runScript(TestCaseExecutor.java:448)
	at com.kms.katalon.core.main.TestCaseExecutor.doExecute(TestCaseExecutor.java:439)
	at com.kms.katalon.core.main.TestCaseExecutor.processExecutionPhase(TestCaseExecutor.java:418)
	at com.kms.katalon.core.main.TestCaseExecutor.accessMainPhase(TestCaseExecutor.java:410)
	at com.kms.katalon.core.main.TestCaseExecutor.execute(TestCaseExecutor.java:285)
	at com.kms.katalon.core.common.CommonExecutor.accessTestCaseMainPhase(CommonExecutor.java:65)
	at com.kms.katalon.core.main.TestSuiteExecutor.accessTestSuiteMainPhase(TestSuiteExecutor.java:150)
	at com.kms.katalon.core.main.TestSuiteExecutor.execute(TestSuiteExecutor.java:106)
	at com.kms.katalon.core.main.TestCaseMain.startTestSuite(TestCaseMain.java:180)
	at TempTestSuite1728890597227.run(TempTestSuite1728890597227.groovy:35)
	at java.base/jdk.internal.reflect.NativeMethodAccessorImpl.invoke0(Native Method)
	at java.base/jdk.internal.reflect.NativeMethodAccessorImpl.invoke(NativeMethodAccessorImpl.java:77)
	at java.base/jdk.internal.reflect.DelegatingMethodAccessorImpl.invoke(DelegatingMethodAccessorImpl.java:43)
)

14-10-2024T12:08:20 - [TEST_STEP][PASSED] - else: null

14-10-2024T12:08:20 - [TEST_STEP][PASSED] - otobrajeniyeDannyh = "Все": null

14-10-2024T12:08:20 - [TEST_STEP][PASSED] - vidget = "Всего отклонения по факторам": null

14-10-2024T12:08:20 - [TEST_STEP][PASSED] - Script1719551244403.WriteToExcel(todaysDate, typeOfData, otobrajeniyeDannyh, x, y, vidget, DZO): null

14-10-2024T12:08:20 - [TEST_STEP][PASSED] - sheetName = "Sheet1": null

14-10-2024T12:08:20 - [TEST_STEP][PASSED] - data = findTestData("PlanFact"): null

14-10-2024T12:08:20 - [TEST_STEP][PASSED] - n = data.getRowNumbers() + 1: null

14-10-2024T12:08:20 - [TEST_STEP][PASSED] - period = getText(findTestObject("Факторный анализ/Фильтр Период")): Text of object 'Object Repository/Факторный анализ/Фильтр Период' is: 'Июль, Август и 1, 2 кв. 2024 года'

14-10-2024T12:08:20 - [MESSAGE][PASSED] - Text of object 'Object Repository/Факторный анализ/Фильтр Период' is: 'Июль, Август и 1, 2 кв. 2024 года'

14-10-2024T12:08:20 - [TEST_STEP][PASSED] - println(period): null

14-10-2024T12:08:20 - [TEST_STEP][PASSED] - dashboardName = "Факторный анализ": null

14-10-2024T12:08:20 - [TEST_STEP][PASSED] - workbook01 = getWorkbook(excelFilePath): null

14-10-2024T12:08:20 - [TEST_STEP][PASSED] - sheet01 = getExcelSheet(workbook01, sheetName): null

14-10-2024T12:08:20 - [TEST_STEP][PASSED] - setValueToCellByIndex(sheet01, n, 0, dashboardName): null

14-10-2024T12:08:20 - [TEST_STEP][PASSED] - setValueToCellByIndex(sheet01, n, 1, DZO): null

14-10-2024T12:08:20 - [TEST_STEP][PASSED] - setValueToCellByIndex(sheet01, n, 2, vidget): null

14-10-2024T12:08:20 - [TEST_STEP][PASSED] - setValueToCellByIndex(sheet01, n, 3, typeOfData): null

14-10-2024T12:08:20 - [TEST_STEP][PASSED] - setValueToCellByIndex(sheet01, n, 4, otobrajeniyeDannyh): null

14-10-2024T12:08:20 - [TEST_STEP][PASSED] - setValueToCellByIndex(sheet01, n, 5, period): null

14-10-2024T12:08:20 - [TEST_STEP][PASSED] - setValueToCellByIndex(sheet01, n, 6, todaysDate): null

14-10-2024T12:08:20 - [TEST_STEP][PASSED] - n = n + 1: null

14-10-2024T12:08:20 - [TEST_STEP][PASSED] - saveWorkbook(excelFilePath, workbook01): null

14-10-2024T12:08:20 - [TEST_STEP][PASSED] - DZO = "Россети Юг (ГК)": null

14-10-2024T12:08:20 - [TEST_STEP][PASSED] - Script1719551244403.CompareDZO(x = UgA, y = UgB, run, typeOfData, otobrajeniyeDannyh, todaysDate, vidget, DZO): null

14-10-2024T12:08:20 - [TEST_STEP][PASSED] - x1 = x: null

14-10-2024T12:08:20 - [TEST_STEP][PASSED] - y1 = y: null

14-10-2024T12:08:20 - [TEST_STEP][PASSED] - i1 = <not implemented yet for class: org.codehaus.groovy.ast.expr.EmptyExpression>: null

14-10-2024T12:08:20 - [TEST_STEP][FAILED] - if (verifyEqual(x, y) == true): Unable to verify equal between actual object '269 8     3 002 24 4 589 69 8 020  274 1 313 5 16 272 11' and expected object '269 8     138 24 74 69 338  274 51 5 704 11' (Root cause: com.kms.katalon.core.exception.StepFailedException: Actual object '269 8     3 002 24 4 589 69 8 020  274 1 313 5 16 272 11' and expected object '269 8     138 24 74 69 338  274 51 5 704 11' are not equal
	at com.kms.katalon.core.keyword.builtin.VerifyEqualKeyword$_verifyEqual_closure1.doCall(VerifyEqualKeyword.groovy:58)
	at com.kms.katalon.core.keyword.builtin.VerifyEqualKeyword$_verifyEqual_closure1.call(VerifyEqualKeyword.groovy)
	at com.kms.katalon.core.keyword.internal.KeywordMain.runKeyword(KeywordMain.groovy:75)
	at com.kms.katalon.core.keyword.builtin.VerifyEqualKeyword.verifyEqual(VerifyEqualKeyword.groovy:63)
	at com.kms.katalon.core.keyword.builtin.VerifyEqualKeyword.execute(VerifyEqualKeyword.groovy:44)
	at com.kms.katalon.core.keyword.internal.KeywordExecutor.executeKeywordForPlatform(KeywordExecutor.groovy:74)
	at com.kms.katalon.core.keyword.BuiltinKeywords.verifyEqual(BuiltinKeywords.groovy:146)
	at jdk.internal.reflect.GeneratedMethodAccessor19.invoke(Unknown Source)
	at java.base/jdk.internal.reflect.DelegatingMethodAccessorImpl.invoke(DelegatingMethodAccessorImpl.java:43)
	at Факторный анализ сверка дашбордов.CompareDZO(Факторный анализ сверка дашбордов:689)
	at Факторный анализ сверка дашбордов.Test(Факторный анализ сверка дашбордов:659)
	at Факторный анализ сверка дашбордов.run(Факторный анализ сверка дашбордов:44)
	at com.kms.katalon.core.main.ScriptEngine.run(ScriptEngine.java:194)
	at com.kms.katalon.core.main.ScriptEngine.runScriptAsRawText(ScriptEngine.java:119)
	at com.kms.katalon.core.main.TestCaseExecutor.runScript(TestCaseExecutor.java:448)
	at com.kms.katalon.core.main.TestCaseExecutor.doExecute(TestCaseExecutor.java:439)
	at com.kms.katalon.core.main.TestCaseExecutor.processExecutionPhase(TestCaseExecutor.java:418)
	at com.kms.katalon.core.main.TestCaseExecutor.accessMainPhase(TestCaseExecutor.java:410)
	at com.kms.katalon.core.main.TestCaseExecutor.execute(TestCaseExecutor.java:285)
	at com.kms.katalon.core.common.CommonExecutor.accessTestCaseMainPhase(CommonExecutor.java:65)
	at com.kms.katalon.core.main.TestSuiteExecutor.accessTestSuiteMainPhase(TestSuiteExecutor.java:150)
	at com.kms.katalon.core.main.TestSuiteExecutor.execute(TestSuiteExecutor.java:106)
	at com.kms.katalon.core.main.TestCaseMain.startTestSuite(TestCaseMain.java:180)
	at TempTestSuite1728890597227.run(TempTestSuite1728890597227.groovy:35)
	at java.base/jdk.internal.reflect.NativeMethodAccessorImpl.invoke0(Native Method)
	at java.base/jdk.internal.reflect.NativeMethodAccessorImpl.invoke(NativeMethodAccessorImpl.java:77)
	at java.base/jdk.internal.reflect.DelegatingMethodAccessorImpl.invoke(DelegatingMethodAccessorImpl.java:43)
)

14-10-2024T12:08:20 - [MESSAGE][FAILED] - Unable to verify equal between actual object '269 8     3 002 24 4 589 69 8 020  274 1 313 5 16 272 11' and expected object '269 8     138 24 74 69 338  274 51 5 704 11' (Root cause: com.kms.katalon.core.exception.StepFailedException: Actual object '269 8     3 002 24 4 589 69 8 020  274 1 313 5 16 272 11' and expected object '269 8     138 24 74 69 338  274 51 5 704 11' are not equal
	at com.kms.katalon.core.keyword.builtin.VerifyEqualKeyword$_verifyEqual_closure1.doCall(VerifyEqualKeyword.groovy:58)
	at com.kms.katalon.core.keyword.builtin.VerifyEqualKeyword$_verifyEqual_closure1.call(VerifyEqualKeyword.groovy)
	at com.kms.katalon.core.keyword.internal.KeywordMain.runKeyword(KeywordMain.groovy:75)
	at com.kms.katalon.core.keyword.builtin.VerifyEqualKeyword.verifyEqual(VerifyEqualKeyword.groovy:63)
	at com.kms.katalon.core.keyword.builtin.VerifyEqualKeyword.execute(VerifyEqualKeyword.groovy:44)
	at com.kms.katalon.core.keyword.internal.KeywordExecutor.executeKeywordForPlatform(KeywordExecutor.groovy:74)
	at com.kms.katalon.core.keyword.BuiltinKeywords.verifyEqual(BuiltinKeywords.groovy:146)
	at jdk.internal.reflect.GeneratedMethodAccessor19.invoke(Unknown Source)
	at java.base/jdk.internal.reflect.DelegatingMethodAccessorImpl.invoke(DelegatingMethodAccessorImpl.java:43)
	at Факторный анализ сверка дашбордов.CompareDZO(Факторный анализ сверка дашбордов:689)
	at Факторный анализ сверка дашбордов.Test(Факторный анализ сверка дашбордов:659)
	at Факторный анализ сверка дашбордов.run(Факторный анализ сверка дашбордов:44)
	at com.kms.katalon.core.main.ScriptEngine.run(ScriptEngine.java:194)
	at com.kms.katalon.core.main.ScriptEngine.runScriptAsRawText(ScriptEngine.java:119)
	at com.kms.katalon.core.main.TestCaseExecutor.runScript(TestCaseExecutor.java:448)
	at com.kms.katalon.core.main.TestCaseExecutor.doExecute(TestCaseExecutor.java:439)
	at com.kms.katalon.core.main.TestCaseExecutor.processExecutionPhase(TestCaseExecutor.java:418)
	at com.kms.katalon.core.main.TestCaseExecutor.accessMainPhase(TestCaseExecutor.java:410)
	at com.kms.katalon.core.main.TestCaseExecutor.execute(TestCaseExecutor.java:285)
	at com.kms.katalon.core.common.CommonExecutor.accessTestCaseMainPhase(CommonExecutor.java:65)
	at com.kms.katalon.core.main.TestSuiteExecutor.accessTestSuiteMainPhase(TestSuiteExecutor.java:150)
	at com.kms.katalon.core.main.TestSuiteExecutor.execute(TestSuiteExecutor.java:106)
	at com.kms.katalon.core.main.TestCaseMain.startTestSuite(TestCaseMain.java:180)
	at TempTestSuite1728890597227.run(TempTestSuite1728890597227.groovy:35)
	at java.base/jdk.internal.reflect.NativeMethodAccessorImpl.invoke0(Native Method)
	at java.base/jdk.internal.reflect.NativeMethodAccessorImpl.invoke(NativeMethodAccessorImpl.java:77)
	at java.base/jdk.internal.reflect.DelegatingMethodAccessorImpl.invoke(DelegatingMethodAccessorImpl.java:43)
)

14-10-2024T12:08:20 - [TEST_STEP][PASSED] - else: null

14-10-2024T12:08:20 - [TEST_STEP][PASSED] - otobrajeniyeDannyh = "Все": null

14-10-2024T12:08:20 - [TEST_STEP][PASSED] - vidget = "Всего отклонения по факторам": null

14-10-2024T12:08:20 - [TEST_STEP][PASSED] - Script1719551244403.WriteToExcel(todaysDate, typeOfData, otobrajeniyeDannyh, x, y, vidget, DZO): null

14-10-2024T12:08:20 - [TEST_STEP][PASSED] - sheetName = "Sheet1": null

14-10-2024T12:08:20 - [TEST_STEP][PASSED] - data = findTestData("PlanFact"): null

14-10-2024T12:08:20 - [TEST_STEP][PASSED] - n = data.getRowNumbers() + 1: null

14-10-2024T12:08:20 - [TEST_STEP][PASSED] - period = getText(findTestObject("Факторный анализ/Фильтр Период")): Text of object 'Object Repository/Факторный анализ/Фильтр Период' is: 'Июль, Август и 1, 2 кв. 2024 года'

14-10-2024T12:08:21 - [MESSAGE][PASSED] - Text of object 'Object Repository/Факторный анализ/Фильтр Период' is: 'Июль, Август и 1, 2 кв. 2024 года'

14-10-2024T12:08:21 - [TEST_STEP][PASSED] - println(period): null

14-10-2024T12:08:21 - [TEST_STEP][PASSED] - dashboardName = "Факторный анализ": null

14-10-2024T12:08:21 - [TEST_STEP][PASSED] - workbook01 = getWorkbook(excelFilePath): null

14-10-2024T12:08:21 - [TEST_STEP][PASSED] - sheet01 = getExcelSheet(workbook01, sheetName): null

14-10-2024T12:08:21 - [TEST_STEP][PASSED] - setValueToCellByIndex(sheet01, n, 0, dashboardName): null

14-10-2024T12:08:21 - [TEST_STEP][PASSED] - setValueToCellByIndex(sheet01, n, 1, DZO): null

14-10-2024T12:08:21 - [TEST_STEP][PASSED] - setValueToCellByIndex(sheet01, n, 2, vidget): null

14-10-2024T12:08:21 - [TEST_STEP][PASSED] - setValueToCellByIndex(sheet01, n, 3, typeOfData): null

14-10-2024T12:08:21 - [TEST_STEP][PASSED] - setValueToCellByIndex(sheet01, n, 4, otobrajeniyeDannyh): null

14-10-2024T12:08:21 - [TEST_STEP][PASSED] - setValueToCellByIndex(sheet01, n, 5, period): null

14-10-2024T12:08:21 - [TEST_STEP][PASSED] - setValueToCellByIndex(sheet01, n, 6, todaysDate): null

14-10-2024T12:08:21 - [TEST_STEP][PASSED] - n = n + 1: null

14-10-2024T12:08:21 - [TEST_STEP][PASSED] - saveWorkbook(excelFilePath, workbook01): null

14-10-2024T12:08:21 - [TEST_STEP][PASSED] - DZO = "Россети Янтарь": null

14-10-2024T12:08:21 - [TEST_STEP][PASSED] - Script1719551244403.CompareDZO(x = YaA, y = YaB, run, typeOfData, otobrajeniyeDannyh, todaysDate, vidget, DZO): null

14-10-2024T12:08:21 - [TEST_STEP][PASSED] - x1 = x: null

14-10-2024T12:08:21 - [TEST_STEP][PASSED] - y1 = y: null

14-10-2024T12:08:21 - [TEST_STEP][PASSED] - i1 = <not implemented yet for class: org.codehaus.groovy.ast.expr.EmptyExpression>: null

14-10-2024T12:08:21 - [TEST_STEP][PASSED] - if (verifyEqual(x, y) == true): Actual object '273 37' and expected object '273 37' are equal

14-10-2024T12:08:21 - [MESSAGE][PASSED] - Actual object '273 37' and expected object '273 37' are equal

14-10-2024T12:08:21 - [TEST_STEP][PASSED] - closeBrowser(): Browser is closed

14-10-2024T12:08:21 - [MESSAGE][PASSED] - Browser is closed]]></system-out>
         <system-err><![CDATA[14-10-2024T12:04:49 - [TEST_CASE][FAILED] - Test Cases/Сверки дашбордов/Факторный анализ сверка дашбордов: Test Cases/Сверки дашбордов/Факторный анализ сверка дашбордов FAILED.
Reason:
com.kms.katalon.core.exception.StepFailedException: Unable to verify equal between actual object '-292398' and expected object '34997' (Root cause: com.kms.katalon.core.exception.StepFailedException: Actual object '-292398' and expected object '34997' are not equal
	at com.kms.katalon.core.keyword.builtin.VerifyEqualKeyword$_verifyEqual_closure1.doCall(VerifyEqualKeyword.groovy:58)
	at com.kms.katalon.core.keyword.builtin.VerifyEqualKeyword$_verifyEqual_closure1.call(VerifyEqualKeyword.groovy)
	at com.kms.katalon.core.keyword.internal.KeywordMain.runKeyword(KeywordMain.groovy:75)
	at com.kms.katalon.core.keyword.builtin.VerifyEqualKeyword.verifyEqual(VerifyEqualKeyword.groovy:63)
	at com.kms.katalon.core.keyword.builtin.VerifyEqualKeyword.execute(VerifyEqualKeyword.groovy:44)
	at com.kms.katalon.core.keyword.internal.KeywordExecutor.executeKeywordForPlatform(KeywordExecutor.groovy:74)
	at com.kms.katalon.core.keyword.BuiltinKeywords.verifyEqual(BuiltinKeywords.groovy:146)
	at jdk.internal.reflect.GeneratedMethodAccessor19.invoke(Unknown Source)
	at java.base/jdk.internal.reflect.DelegatingMethodAccessorImpl.invoke(DelegatingMethodAccessorImpl.java:43)
	at Факторный анализ сверка дашбордов.Compare(Факторный анализ сверка дашбордов:668)
	at Факторный анализ сверка дашбордов.Test(Факторный анализ сверка дашбордов:432)
	at Факторный анализ сверка дашбордов.run(Факторный анализ сверка дашбордов:44)
	at com.kms.katalon.core.main.ScriptEngine.run(ScriptEngine.java:194)
	at com.kms.katalon.core.main.ScriptEngine.runScriptAsRawText(ScriptEngine.java:119)
	at com.kms.katalon.core.main.TestCaseExecutor.runScript(TestCaseExecutor.java:448)
	at com.kms.katalon.core.main.TestCaseExecutor.doExecute(TestCaseExecutor.java:439)
	at com.kms.katalon.core.main.TestCaseExecutor.processExecutionPhase(TestCaseExecutor.java:418)
	at com.kms.katalon.core.main.TestCaseExecutor.accessMainPhase(TestCaseExecutor.java:410)
	at com.kms.katalon.core.main.TestCaseExecutor.execute(TestCaseExecutor.java:285)
	at com.kms.katalon.core.common.CommonExecutor.accessTestCaseMainPhase(CommonExecutor.java:65)
	at com.kms.katalon.core.main.TestSuiteExecutor.accessTestSuiteMainPhase(TestSuiteExecutor.java:150)
	at com.kms.katalon.core.main.TestSuiteExecutor.execute(TestSuiteExecutor.java:106)
	at com.kms.katalon.core.main.TestCaseMain.startTestSuite(TestCaseMain.java:180)
	at TempTestSuite1728890597227.run(TempTestSuite1728890597227.groovy:35)
	at java.base/jdk.internal.reflect.NativeMethodAccessorImpl.invoke0(Native Method)
	at java.base/jdk.internal.reflect.NativeMethodAccessorImpl.invoke(NativeMethodAccessorImpl.java:77)
	at java.base/jdk.internal.reflect.DelegatingMethodAccessorImpl.invoke(DelegatingMethodAccessorImpl.java:43)
)
	at com.kms.katalon.core.keyword.internal.KeywordMain.stepFailed(KeywordMain.groovy:39)
	at com.kms.katalon.core.keyword.internal.KeywordMain.stepFailed(KeywordMain.groovy)
	at com.kms.katalon.core.keyword.internal.KeywordMain.runKeyword(KeywordMain.groovy:77)
	at com.kms.katalon.core.keyword.builtin.VerifyEqualKeyword.verifyEqual(VerifyEqualKeyword.groovy:63)
	at com.kms.katalon.core.keyword.builtin.VerifyEqualKeyword.execute(VerifyEqualKeyword.groovy:44)
	at com.kms.katalon.core.keyword.internal.KeywordExecutor.executeKeywordForPlatform(KeywordExecutor.groovy:74)
	at com.kms.katalon.core.keyword.BuiltinKeywords.verifyEqual(BuiltinKeywords.groovy:146)
	at jdk.internal.reflect.GeneratedMethodAccessor19.invoke(Unknown Source)
	at java.base/jdk.internal.reflect.DelegatingMethodAccessorImpl.invoke(DelegatingMethodAccessorImpl.java:43)
	at Факторный анализ сверка дашбордов.Compare(Факторный анализ сверка дашбордов:668)
	at Факторный анализ сверка дашбордов.Test(Факторный анализ сверка дашбордов:432)
	at Факторный анализ сверка дашбордов.run(Факторный анализ сверка дашбордов:44)
	at com.kms.katalon.core.main.ScriptEngine.run(ScriptEngine.java:194)
	at com.kms.katalon.core.main.ScriptEngine.runScriptAsRawText(ScriptEngine.java:119)
	at com.kms.katalon.core.main.TestCaseExecutor.runScript(TestCaseExecutor.java:448)
	at com.kms.katalon.core.main.TestCaseExecutor.doExecute(TestCaseExecutor.java:439)
	at com.kms.katalon.core.main.TestCaseExecutor.processExecutionPhase(TestCaseExecutor.java:418)
	at com.kms.katalon.core.main.TestCaseExecutor.accessMainPhase(TestCaseExecutor.java:410)
	at com.kms.katalon.core.main.TestCaseExecutor.execute(TestCaseExecutor.java:285)
	at com.kms.katalon.core.common.CommonExecutor.accessTestCaseMainPhase(CommonExecutor.java:65)
	at com.kms.katalon.core.main.TestSuiteExecutor.accessTestSuiteMainPhase(TestSuiteExecutor.java:150)
	at com.kms.katalon.core.main.TestSuiteExecutor.execute(TestSuiteExecutor.java:106)
	at com.kms.katalon.core.main.TestCaseMain.startTestSuite(TestCaseMain.java:180)
	at TempTestSuite1728890597227.run(TempTestSuite1728890597227.groovy:35)
	at java.base/jdk.internal.reflect.NativeMethodAccessorImpl.invoke0(Native Method)
	at java.base/jdk.internal.reflect.NativeMethodAccessorImpl.invoke(NativeMethodAccessorImpl.java:77)
	at java.base/jdk.internal.reflect.DelegatingMethodAccessorImpl.invoke(DelegatingMethodAccessorImpl.java:43)
Caused by: com.kms.katalon.core.exception.StepFailedException: Actual object '-292398' and expected object '34997' are not equal
	at com.kms.katalon.core.keyword.builtin.VerifyEqualKeyword$_verifyEqual_closure1.doCall(VerifyEqualKeyword.groovy:58)
	at com.kms.katalon.core.keyword.builtin.VerifyEqualKeyword$_verifyEqual_closure1.call(VerifyEqualKeyword.groovy)
	at com.kms.katalon.core.keyword.internal.KeywordMain.runKeyword(KeywordMain.groovy:75)
	... 24 more]]></system-err>
      </testcase>
      <system-out><![CDATA[14-10-2024T10:23:21 - [TEST_SUITE][FAILED] - Сверка дашбордов из разных блоков: Test Cases/Сверки дашбордов/Выручка в рублях сверка дашбордов ПАО Россети FAILED.
Reason:
com.kms.katalon.core.exception.StepFailedException: Unable to verify equal between actual object '-23.85' and expected object '2.78' (Root cause: com.kms.katalon.core.exception.StepFailedException: Actual object '-23.85' and expected object '2.78' are not equal
	at com.kms.katalon.core.keyword.builtin.VerifyEqualKeyword$_verifyEqual_closure1.doCall(VerifyEqualKeyword.groovy:58)
	at com.kms.katalon.core.keyword.builtin.VerifyEqualKeyword$_verifyEqual_closure1.call(VerifyEqualKeyword.groovy)
	at com.kms.katalon.core.keyword.internal.KeywordMain.runKeyword(KeywordMain.groovy:75)
	at com.kms.katalon.core.keyword.builtin.VerifyEqualKeyword.verifyEqual(VerifyEqualKeyword.groovy:63)
	at com.kms.katalon.core.keyword.builtin.VerifyEqualKeyword.execute(VerifyEqualKeyword.groovy:44)
	at com.kms.katalon.core.keyword.internal.KeywordExecutor.executeKeywordForPlatform(KeywordExecutor.groovy:74)
	at com.kms.katalon.core.keyword.BuiltinKeywords.verifyEqual(BuiltinKeywords.groovy:146)
	at jdk.internal.reflect.GeneratedMethodAccessor19.invoke(Unknown Source)
	at java.base/jdk.internal.reflect.DelegatingMethodAccessorImpl.invoke(DelegatingMethodAccessorImpl.java:43)
	at Выручка в рублях сверка дашбордов ПАО Россети.Blocks(Выручка в рублях сверка дашбордов ПАО Россети:357)
	at Выручка в рублях сверка дашбордов ПАО Россети.ViruchkaChange(Выручка в рублях сверка дашбордов ПАО Россети:60)
	at Выручка в рублях сверка дашбордов ПАО Россети.run(Выручка в рублях сверка дашбордов ПАО Россети:55)
	at com.kms.katalon.core.main.ScriptEngine.run(ScriptEngine.java:194)
	at com.kms.katalon.core.main.ScriptEngine.runScriptAsRawText(ScriptEngine.java:119)
	at com.kms.katalon.core.main.TestCaseExecutor.runScript(TestCaseExecutor.java:448)
	at com.kms.katalon.core.main.TestCaseExecutor.doExecute(TestCaseExecutor.java:439)
	at com.kms.katalon.core.main.TestCaseExecutor.processExecutionPhase(TestCaseExecutor.java:418)
	at com.kms.katalon.core.main.TestCaseExecutor.accessMainPhase(TestCaseExecutor.java:410)
	at com.kms.katalon.core.main.TestCaseExecutor.execute(TestCaseExecutor.java:285)
	at com.kms.katalon.core.common.CommonExecutor.accessTestCaseMainPhase(CommonExecutor.java:65)
	at com.kms.katalon.core.main.TestSuiteExecutor.accessTestSuiteMainPhase(TestSuiteExecutor.java:150)
	at com.kms.katalon.core.main.TestSuiteExecutor.execute(TestSuiteExecutor.java:106)
	at com.kms.katalon.core.main.TestCaseMain.startTestSuite(TestCaseMain.java:180)
	at TempTestSuite1728890597227.run(TempTestSuite1728890597227.groovy:35)
	at java.base/jdk.internal.reflect.NativeMethodAccessorImpl.invoke0(Native Method)
	at java.base/jdk.internal.reflect.NativeMethodAccessorImpl.invoke(NativeMethodAccessorImpl.java:77)
	at java.base/jdk.internal.reflect.DelegatingMethodAccessorImpl.invoke(DelegatingMethodAccessorImpl.java:43)
)
	at com.kms.katalon.core.keyword.internal.KeywordMain.stepFailed(KeywordMain.groovy:39)
	at com.kms.katalon.core.keyword.internal.KeywordMain.stepFailed(KeywordMain.groovy)
	at com.kms.katalon.core.keyword.internal.KeywordMain.runKeyword(KeywordMain.groovy:77)
	at com.kms.katalon.core.keyword.builtin.VerifyEqualKeyword.verifyEqual(VerifyEqualKeyword.groovy:63)
	at com.kms.katalon.core.keyword.builtin.VerifyEqualKeyword.execute(VerifyEqualKeyword.groovy:44)
	at com.kms.katalon.core.keyword.internal.KeywordExecutor.executeKeywordForPlatform(KeywordExecutor.groovy:74)
	at com.kms.katalon.core.keyword.BuiltinKeywords.verifyEqual(BuiltinKeywords.groovy:146)
	at jdk.internal.reflect.GeneratedMethodAccessor19.invoke(Unknown Source)
	at java.base/jdk.internal.reflect.DelegatingMethodAccessorImpl.invoke(DelegatingMethodAccessorImpl.java:43)
	at Выручка в рублях сверка дашбордов ПАО Россети.Blocks(Выручка в рублях сверка дашбордов ПАО Россети:357)
	at Выручка в рублях сверка дашбордов ПАО Россети.ViruchkaChange(Выручка в рублях сверка дашбордов ПАО Россети:60)
	at Выручка в рублях сверка дашбордов ПАО Россети.run(Выручка в рублях сверка дашбордов ПАО Россети:55)
	at com.kms.katalon.core.main.ScriptEngine.run(ScriptEngine.java:194)
	at com.kms.katalon.core.main.ScriptEngine.runScriptAsRawText(ScriptEngine.java:119)
	at com.kms.katalon.core.main.TestCaseExecutor.runScript(TestCaseExecutor.java:448)
	at com.kms.katalon.core.main.TestCaseExecutor.doExecute(TestCaseExecutor.java:439)
	at com.kms.katalon.core.main.TestCaseExecutor.processExecutionPhase(TestCaseExecutor.java:418)
	at com.kms.katalon.core.main.TestCaseExecutor.accessMainPhase(TestCaseExecutor.java:410)
	at com.kms.katalon.core.main.TestCaseExecutor.execute(TestCaseExecutor.java:285)
	at com.kms.katalon.core.common.CommonExecutor.accessTestCaseMainPhase(CommonExecutor.java:65)
	at com.kms.katalon.core.main.TestSuiteExecutor.accessTestSuiteMainPhase(TestSuiteExecutor.java:150)
	at com.kms.katalon.core.main.TestSuiteExecutor.execute(TestSuiteExecutor.java:106)
	at com.kms.katalon.core.main.TestCaseMain.startTestSuite(TestCaseMain.java:180)
	at TempTestSuite1728890597227.run(TempTestSuite1728890597227.groovy:35)
	at java.base/jdk.internal.reflect.NativeMethodAccessorImpl.invoke0(Native Method)
	at java.base/jdk.internal.reflect.NativeMethodAccessorImpl.invoke(NativeMethodAccessorImpl.java:77)
	at java.base/jdk.internal.reflect.DelegatingMethodAccessorImpl.invoke(DelegatingMethodAccessorImpl.java:43)
Caused by: com.kms.katalon.core.exception.StepFailedException: Actual object '-23.85' and expected object '2.78' are not equal
	at com.kms.katalon.core.keyword.builtin.VerifyEqualKeyword$_verifyEqual_closure1.doCall(VerifyEqualKeyword.groovy:58)
	at com.kms.katalon.core.keyword.builtin.VerifyEqualKeyword$_verifyEqual_closure1.call(VerifyEqualKeyword.groovy)
	at com.kms.katalon.core.keyword.internal.KeywordMain.runKeyword(KeywordMain.groovy:75)
	... 24 more]]></system-out>
      <system-err><![CDATA[14-10-2024T10:23:21 - [TEST_SUITE][FAILED] - Сверка дашбордов из разных блоков: Test Cases/Сверки дашбордов/Выручка в рублях сверка дашбордов ПАО Россети FAILED.
Reason:
com.kms.katalon.core.exception.StepFailedException: Unable to verify equal between actual object '-23.85' and expected object '2.78' (Root cause: com.kms.katalon.core.exception.StepFailedException: Actual object '-23.85' and expected object '2.78' are not equal
	at com.kms.katalon.core.keyword.builtin.VerifyEqualKeyword$_verifyEqual_closure1.doCall(VerifyEqualKeyword.groovy:58)
	at com.kms.katalon.core.keyword.builtin.VerifyEqualKeyword$_verifyEqual_closure1.call(VerifyEqualKeyword.groovy)
	at com.kms.katalon.core.keyword.internal.KeywordMain.runKeyword(KeywordMain.groovy:75)
	at com.kms.katalon.core.keyword.builtin.VerifyEqualKeyword.verifyEqual(VerifyEqualKeyword.groovy:63)
	at com.kms.katalon.core.keyword.builtin.VerifyEqualKeyword.execute(VerifyEqualKeyword.groovy:44)
	at com.kms.katalon.core.keyword.internal.KeywordExecutor.executeKeywordForPlatform(KeywordExecutor.groovy:74)
	at com.kms.katalon.core.keyword.BuiltinKeywords.verifyEqual(BuiltinKeywords.groovy:146)
	at jdk.internal.reflect.GeneratedMethodAccessor19.invoke(Unknown Source)
	at java.base/jdk.internal.reflect.DelegatingMethodAccessorImpl.invoke(DelegatingMethodAccessorImpl.java:43)
	at Выручка в рублях сверка дашбордов ПАО Россети.Blocks(Выручка в рублях сверка дашбордов ПАО Россети:357)
	at Выручка в рублях сверка дашбордов ПАО Россети.ViruchkaChange(Выручка в рублях сверка дашбордов ПАО Россети:60)
	at Выручка в рублях сверка дашбордов ПАО Россети.run(Выручка в рублях сверка дашбордов ПАО Россети:55)
	at com.kms.katalon.core.main.ScriptEngine.run(ScriptEngine.java:194)
	at com.kms.katalon.core.main.ScriptEngine.runScriptAsRawText(ScriptEngine.java:119)
	at com.kms.katalon.core.main.TestCaseExecutor.runScript(TestCaseExecutor.java:448)
	at com.kms.katalon.core.main.TestCaseExecutor.doExecute(TestCaseExecutor.java:439)
	at com.kms.katalon.core.main.TestCaseExecutor.processExecutionPhase(TestCaseExecutor.java:418)
	at com.kms.katalon.core.main.TestCaseExecutor.accessMainPhase(TestCaseExecutor.java:410)
	at com.kms.katalon.core.main.TestCaseExecutor.execute(TestCaseExecutor.java:285)
	at com.kms.katalon.core.common.CommonExecutor.accessTestCaseMainPhase(CommonExecutor.java:65)
	at com.kms.katalon.core.main.TestSuiteExecutor.accessTestSuiteMainPhase(TestSuiteExecutor.java:150)
	at com.kms.katalon.core.main.TestSuiteExecutor.execute(TestSuiteExecutor.java:106)
	at com.kms.katalon.core.main.TestCaseMain.startTestSuite(TestCaseMain.java:180)
	at TempTestSuite1728890597227.run(TempTestSuite1728890597227.groovy:35)
	at java.base/jdk.internal.reflect.NativeMethodAccessorImpl.invoke0(Native Method)
	at java.base/jdk.internal.reflect.NativeMethodAccessorImpl.invoke(NativeMethodAccessorImpl.java:77)
	at java.base/jdk.internal.reflect.DelegatingMethodAccessorImpl.invoke(DelegatingMethodAccessorImpl.java:43)
)
	at com.kms.katalon.core.keyword.internal.KeywordMain.stepFailed(KeywordMain.groovy:39)
	at com.kms.katalon.core.keyword.internal.KeywordMain.stepFailed(KeywordMain.groovy)
	at com.kms.katalon.core.keyword.internal.KeywordMain.runKeyword(KeywordMain.groovy:77)
	at com.kms.katalon.core.keyword.builtin.VerifyEqualKeyword.verifyEqual(VerifyEqualKeyword.groovy:63)
	at com.kms.katalon.core.keyword.builtin.VerifyEqualKeyword.execute(VerifyEqualKeyword.groovy:44)
	at com.kms.katalon.core.keyword.internal.KeywordExecutor.executeKeywordForPlatform(KeywordExecutor.groovy:74)
	at com.kms.katalon.core.keyword.BuiltinKeywords.verifyEqual(BuiltinKeywords.groovy:146)
	at jdk.internal.reflect.GeneratedMethodAccessor19.invoke(Unknown Source)
	at java.base/jdk.internal.reflect.DelegatingMethodAccessorImpl.invoke(DelegatingMethodAccessorImpl.java:43)
	at Выручка в рублях сверка дашбордов ПАО Россети.Blocks(Выручка в рублях сверка дашбордов ПАО Россети:357)
	at Выручка в рублях сверка дашбордов ПАО Россети.ViruchkaChange(Выручка в рублях сверка дашбордов ПАО Россети:60)
	at Выручка в рублях сверка дашбордов ПАО Россети.run(Выручка в рублях сверка дашбордов ПАО Россети:55)
	at com.kms.katalon.core.main.ScriptEngine.run(ScriptEngine.java:194)
	at com.kms.katalon.core.main.ScriptEngine.runScriptAsRawText(ScriptEngine.java:119)
	at com.kms.katalon.core.main.TestCaseExecutor.runScript(TestCaseExecutor.java:448)
	at com.kms.katalon.core.main.TestCaseExecutor.doExecute(TestCaseExecutor.java:439)
	at com.kms.katalon.core.main.TestCaseExecutor.processExecutionPhase(TestCaseExecutor.java:418)
	at com.kms.katalon.core.main.TestCaseExecutor.accessMainPhase(TestCaseExecutor.java:410)
	at com.kms.katalon.core.main.TestCaseExecutor.execute(TestCaseExecutor.java:285)
	at com.kms.katalon.core.common.CommonExecutor.accessTestCaseMainPhase(CommonExecutor.java:65)
	at com.kms.katalon.core.main.TestSuiteExecutor.accessTestSuiteMainPhase(TestSuiteExecutor.java:150)
	at com.kms.katalon.core.main.TestSuiteExecutor.execute(TestSuiteExecutor.java:106)
	at com.kms.katalon.core.main.TestCaseMain.startTestSuite(TestCaseMain.java:180)
	at TempTestSuite1728890597227.run(TempTestSuite1728890597227.groovy:35)
	at java.base/jdk.internal.reflect.NativeMethodAccessorImpl.invoke0(Native Method)
	at java.base/jdk.internal.reflect.NativeMethodAccessorImpl.invoke(NativeMethodAccessorImpl.java:77)
	at java.base/jdk.internal.reflect.DelegatingMethodAccessorImpl.invoke(DelegatingMethodAccessorImpl.java:43)
Caused by: com.kms.katalon.core.exception.StepFailedException: Actual object '-23.85' and expected object '2.78' are not equal
	at com.kms.katalon.core.keyword.builtin.VerifyEqualKeyword$_verifyEqual_closure1.doCall(VerifyEqualKeyword.groovy:58)
	at com.kms.katalon.core.keyword.builtin.VerifyEqualKeyword$_verifyEqual_closure1.call(VerifyEqualKeyword.groovy)
	at com.kms.katalon.core.keyword.internal.KeywordMain.runKeyword(KeywordMain.groovy:75)
	... 24 more]]></system-err>
   </testsuite>
</testsuites>
