<?xml version="1.0" encoding="UTF-8"?>
<testsuites name="Отображение данных" time="7023.606" tests="2" failures="2" errors="0">
   <testsuite name="Отображение данных" tests="2" failures="2" errors="0" time="7023.606" skipped="0" timestamp="03-12-2024T02:38:23" hostname="liazgina-di - UVV-WS904-D.ot.ru" id="Test Suites/Вт-Чт/Отображение данных">
      <properties>
         <property name="deviceName" value=""/>
         <property name="devicePlatform"/>
         <property name="logFolder" value="C:\\Users\\LIAZGINA-DI\\git\\SPORU\\Reports\\20241203_023818\\\u0412\u0442-\u0427\u0442\\\u041E\u0442\u043E\u0431\u0440\u0430\u0436\u0435\u043D\u0438\u0435 \u0434\u0430\u043D\u043D\u044B\u0445\\20241203_023818"/>
         <property name="logFiles" value="C:\\Users\\LIAZGINA-DI\\git\\SPORU\\Reports\\20241203_023818\\\u0412\u0442-\u0427\u0442\\\u041E\u0442\u043E\u0431\u0440\u0430\u0436\u0435\u043D\u0438\u0435 \u0434\u0430\u043D\u043D\u044B\u0445\\20241203_023818\\execution0.log, C:\\Users\\LIAZGINA-DI\\git\\SPORU\\Reports\\20241203_023818\\\u0412\u0442-\u0427\u0442\\\u041E\u0442\u043E\u0431\u0440\u0430\u0436\u0435\u043D\u0438\u0435 \u0434\u0430\u043D\u043D\u044B\u0445\\20241203_023818\\execution1.log"/>
         <property name="attachments" value=""/>
         <property name="hostName" value="liazgina-di - UVV-WS904-D.ot.ru"/>
         <property name="os" value="Windows 10 64bit"/>
         <property name="katalonVersion" value="9.5.0.217"/>
         <property name="browser" value="Chrome 131.0.0.0"/>
         <property name="hostAddress" value="192.168.0.19"/>
         <property name="sessionId" value="5056013ea704941b44069fa091fdc874"/>
         <property name="seleniumVersion" value="3.141.59"/>
         <property name="proxyInformation" value="ProxyInformation { proxyOption=NO_PROXY, proxyServerType=HTTP, username=, password=********, proxyServerAddress=, proxyServerPort=0, executionList=&quot;&quot;, isApplyToDesiredCapabilities=true }"/>
         <property name="platform" value="Windows 10"/>
      </properties>
      <testcase name="Test Cases/Выручка по ДЗО/Выручка по ДЗО отображение данных все филиалы" time="2465.291" classname="Test Cases/Выручка по ДЗО/Выручка по ДЗО отображение данных все филиалы" status="FAILED">
         <failure type="FAILED" message="Test Cases/Выручка по ДЗО/Выручка по ДЗО отображение данных все филиалы FAILED.&#xa;Reason:&#xa;com.kms.katalon.core.exception.StepFailedException: Text 'нет данных' is present on page  (Root cause: com.kms.katalon.core.exception.StepFailedException: Text 'нет данных' is present on page &#xa;	at com.kms.katalon.core.webui.keyword.internal.WebUIKeywordMain.stepFailed(WebUIKeywordMain.groovy:64)&#xa;	at com.kms.katalon.core.webui.keyword.builtin.VerifyTextNotPresentKeyword$_verifyTextNotPresent_closure1.doCall(VerifyTextNotPresentKeyword.groovy:77)&#xa;	at com.kms.katalon.core.webui.keyword.builtin.VerifyTextNotPresentKeyword$_verifyTextNotPresent_closure1.call(VerifyTextNotPresentKeyword.groovy)&#xa;	at com.kms.katalon.core.webui.keyword.internal.WebUIKeywordMain.runKeyword(WebUIKeywordMain.groovy:20)&#xa;	at com.kms.katalon.core.webui.keyword.builtin.VerifyTextNotPresentKeyword.verifyTextNotPresent(VerifyTextNotPresentKeyword.groovy:82)&#xa;	at com.kms.katalon.core.webui.keyword.builtin.VerifyTextNotPresentKeyword.execute(VerifyTextNotPresentKeyword.groovy:68)&#xa;	at com.kms.katalon.core.keyword.internal.KeywordExecutor.executeKeywordForPlatform(KeywordExecutor.groovy:74)&#xa;	at com.kms.katalon.core.webui.keyword.WebUiBuiltInKeywords.verifyTextNotPresent(WebUiBuiltInKeywords.groovy:1795)&#xa;	at Выручка по ДЗО отображение данных все филиалы.Test(Выручка по ДЗО отображение данных все филиалы:782)&#xa;	at Выручка по ДЗО отображение данных все филиалы.Tumbler(Выручка по ДЗО отображение данных все филиалы:738)&#xa;	at Выручка по ДЗО отображение данных все филиалы.Change(Выручка по ДЗО отображение данных все филиалы:772)&#xa;	at Выручка по ДЗО отображение данных все филиалы.DzoTest(Выручка по ДЗО отображение данных все филиалы:156)&#xa;	at Выручка по ДЗО отображение данных все филиалы.run(Выручка по ДЗО отображение данных все филиалы:134)&#xa;	at com.kms.katalon.core.main.ScriptEngine.run(ScriptEngine.java:194)&#xa;	at com.kms.katalon.core.main.ScriptEngine.runScriptAsRawText(ScriptEngine.java:119)&#xa;	at com.kms.katalon.core.main.TestCaseExecutor.runScript(TestCaseExecutor.java:448)&#xa;	at com.kms.katalon.core.main.TestCaseExecutor.doExecute(TestCaseExecutor.java:439)&#xa;	at com.kms.katalon.core.main.TestCaseExecutor.processExecutionPhase(TestCaseExecutor.java:418)&#xa;	at com.kms.katalon.core.main.TestCaseExecutor.accessMainPhase(TestCaseExecutor.java:410)&#xa;	at com.kms.katalon.core.main.TestCaseExecutor.execute(TestCaseExecutor.java:285)&#xa;	at com.kms.katalon.core.common.CommonExecutor.accessTestCaseMainPhase(CommonExecutor.java:65)&#xa;	at com.kms.katalon.core.main.TestSuiteExecutor.accessTestSuiteMainPhase(TestSuiteExecutor.java:150)&#xa;	at com.kms.katalon.core.main.TestSuiteExecutor.execute(TestSuiteExecutor.java:106)&#xa;	at com.kms.katalon.core.main.TestCaseMain.startTestSuite(TestCaseMain.java:180)&#xa;	at TempTestSuite1733182698305.run(TempTestSuite1733182698305.groovy:35)&#xa;	at java.base/jdk.internal.reflect.NativeMethodAccessorImpl.invoke0(Native Method)&#xa;	at java.base/jdk.internal.reflect.NativeMethodAccessorImpl.invoke(NativeMethodAccessorImpl.java:77)&#xa;	at java.base/jdk.internal.reflect.DelegatingMethodAccessorImpl.invoke(DelegatingMethodAccessorImpl.java:43)&#xa;)&#xa;	at com.kms.katalon.core.keyword.internal.KeywordMain.stepFailed(KeywordMain.groovy:39)&#xa;	at com.kms.katalon.core.webui.keyword.internal.WebUIKeywordMain.stepFailed(WebUIKeywordMain.groovy:64)&#xa;	at com.kms.katalon.core.webui.keyword.builtin.VerifyTextNotPresentKeyword$_verifyTextNotPresent_closure1.doCall(VerifyTextNotPresentKeyword.groovy:77)&#xa;	at com.kms.katalon.core.webui.keyword.builtin.VerifyTextNotPresentKeyword$_verifyTextNotPresent_closure1.call(VerifyTextNotPresentKeyword.groovy)&#xa;	at com.kms.katalon.core.webui.keyword.internal.WebUIKeywordMain.runKeyword(WebUIKeywordMain.groovy:20)&#xa;	at com.kms.katalon.core.webui.keyword.builtin.VerifyTextNotPresentKeyword.verifyTextNotPresent(VerifyTextNotPresentKeyword.groovy:82)&#xa;	at com.kms.katalon.core.webui.keyword.builtin.VerifyTextNotPresentKeyword.execute(VerifyTextNotPresentKeyword.groovy:68)&#xa;	at com.kms.katalon.core.keyword.internal.KeywordExecutor.executeKeywordForPlatform(KeywordExecutor.groovy:74)&#xa;	at com.kms.katalon.core.webui.keyword.WebUiBuiltInKeywords.verifyTextNotPresent(WebUiBuiltInKeywords.groovy:1795)&#xa;	at Выручка по ДЗО отображение данных все филиалы.Test(Выручка по ДЗО отображение данных все филиалы:782)&#xa;	at Выручка по ДЗО отображение данных все филиалы.Tumbler(Выручка по ДЗО отображение данных все филиалы:738)&#xa;	at Выручка по ДЗО отображение данных все филиалы.Change(Выручка по ДЗО отображение данных все филиалы:772)&#xa;	at Выручка по ДЗО отображение данных все филиалы.DzoTest(Выручка по ДЗО отображение данных все филиалы:156)&#xa;	at Выручка по ДЗО отображение данных все филиалы.run(Выручка по ДЗО отображение данных все филиалы:134)&#xa;	at com.kms.katalon.core.main.ScriptEngine.run(ScriptEngine.java:194)&#xa;	at com.kms.katalon.core.main.ScriptEngine.runScriptAsRawText(ScriptEngine.java:119)&#xa;	at com.kms.katalon.core.main.TestCaseExecutor.runScript(TestCaseExecutor.java:448)&#xa;	at com.kms.katalon.core.main.TestCaseExecutor.doExecute(TestCaseExecutor.java:439)&#xa;	at com.kms.katalon.core.main.TestCaseExecutor.processExecutionPhase(TestCaseExecutor.java:418)&#xa;	at com.kms.katalon.core.main.TestCaseExecutor.accessMainPhase(TestCaseExecutor.java:410)&#xa;	at com.kms.katalon.core.main.TestCaseExecutor.execute(TestCaseExecutor.java:285)&#xa;	at com.kms.katalon.core.common.CommonExecutor.accessTestCaseMainPhase(CommonExecutor.java:65)&#xa;	at com.kms.katalon.core.main.TestSuiteExecutor.accessTestSuiteMainPhase(TestSuiteExecutor.java:150)&#xa;	at com.kms.katalon.core.main.TestSuiteExecutor.execute(TestSuiteExecutor.java:106)&#xa;	at com.kms.katalon.core.main.TestCaseMain.startTestSuite(TestCaseMain.java:180)&#xa;	at TempTestSuite1733182698305.run(TempTestSuite1733182698305.groovy:35)&#xa;	at java.base/jdk.internal.reflect.NativeMethodAccessorImpl.invoke0(Native Method)&#xa;	at java.base/jdk.internal.reflect.NativeMethodAccessorImpl.invoke(NativeMethodAccessorImpl.java:77)&#xa;	at java.base/jdk.internal.reflect.DelegatingMethodAccessorImpl.invoke(DelegatingMethodAccessorImpl.java:43)&#xa;Caused by: com.kms.katalon.core.exception.StepFailedException: Text 'нет данных' is present on page &#xa;	... 28 more&#xa;"/>
         <system-out><![CDATA[03-12-2024T02:38:23 - [TEST_CASE][FAILED] - Test Cases/Выручка по ДЗО/Выручка по ДЗО отображение данных все филиалы: Test Cases/Выручка по ДЗО/Выручка по ДЗО отображение данных все филиалы FAILED.
Reason:
com.kms.katalon.core.exception.StepFailedException: Text 'нет данных' is present on page  (Root cause: com.kms.katalon.core.exception.StepFailedException: Text 'нет данных' is present on page 
	at com.kms.katalon.core.webui.keyword.internal.WebUIKeywordMain.stepFailed(WebUIKeywordMain.groovy:64)
	at com.kms.katalon.core.webui.keyword.builtin.VerifyTextNotPresentKeyword$_verifyTextNotPresent_closure1.doCall(VerifyTextNotPresentKeyword.groovy:77)
	at com.kms.katalon.core.webui.keyword.builtin.VerifyTextNotPresentKeyword$_verifyTextNotPresent_closure1.call(VerifyTextNotPresentKeyword.groovy)
	at com.kms.katalon.core.webui.keyword.internal.WebUIKeywordMain.runKeyword(WebUIKeywordMain.groovy:20)
	at com.kms.katalon.core.webui.keyword.builtin.VerifyTextNotPresentKeyword.verifyTextNotPresent(VerifyTextNotPresentKeyword.groovy:82)
	at com.kms.katalon.core.webui.keyword.builtin.VerifyTextNotPresentKeyword.execute(VerifyTextNotPresentKeyword.groovy:68)
	at com.kms.katalon.core.keyword.internal.KeywordExecutor.executeKeywordForPlatform(KeywordExecutor.groovy:74)
	at com.kms.katalon.core.webui.keyword.WebUiBuiltInKeywords.verifyTextNotPresent(WebUiBuiltInKeywords.groovy:1795)
	at Выручка по ДЗО отображение данных все филиалы.Test(Выручка по ДЗО отображение данных все филиалы:782)
	at Выручка по ДЗО отображение данных все филиалы.Tumbler(Выручка по ДЗО отображение данных все филиалы:738)
	at Выручка по ДЗО отображение данных все филиалы.Change(Выручка по ДЗО отображение данных все филиалы:772)
	at Выручка по ДЗО отображение данных все филиалы.DzoTest(Выручка по ДЗО отображение данных все филиалы:156)
	at Выручка по ДЗО отображение данных все филиалы.run(Выручка по ДЗО отображение данных все филиалы:134)
	at com.kms.katalon.core.main.ScriptEngine.run(ScriptEngine.java:194)
	at com.kms.katalon.core.main.ScriptEngine.runScriptAsRawText(ScriptEngine.java:119)
	at com.kms.katalon.core.main.TestCaseExecutor.runScript(TestCaseExecutor.java:448)
	at com.kms.katalon.core.main.TestCaseExecutor.doExecute(TestCaseExecutor.java:439)
	at com.kms.katalon.core.main.TestCaseExecutor.processExecutionPhase(TestCaseExecutor.java:418)
	at com.kms.katalon.core.main.TestCaseExecutor.accessMainPhase(TestCaseExecutor.java:410)
	at com.kms.katalon.core.main.TestCaseExecutor.execute(TestCaseExecutor.java:285)
	at com.kms.katalon.core.common.CommonExecutor.accessTestCaseMainPhase(CommonExecutor.java:65)
	at com.kms.katalon.core.main.TestSuiteExecutor.accessTestSuiteMainPhase(TestSuiteExecutor.java:150)
	at com.kms.katalon.core.main.TestSuiteExecutor.execute(TestSuiteExecutor.java:106)
	at com.kms.katalon.core.main.TestCaseMain.startTestSuite(TestCaseMain.java:180)
	at TempTestSuite1733182698305.run(TempTestSuite1733182698305.groovy:35)
	at java.base/jdk.internal.reflect.NativeMethodAccessorImpl.invoke0(Native Method)
	at java.base/jdk.internal.reflect.NativeMethodAccessorImpl.invoke(NativeMethodAccessorImpl.java:77)
	at java.base/jdk.internal.reflect.DelegatingMethodAccessorImpl.invoke(DelegatingMethodAccessorImpl.java:43)
)
	at com.kms.katalon.core.keyword.internal.KeywordMain.stepFailed(KeywordMain.groovy:39)
	at com.kms.katalon.core.webui.keyword.internal.WebUIKeywordMain.stepFailed(WebUIKeywordMain.groovy:64)
	at com.kms.katalon.core.webui.keyword.builtin.VerifyTextNotPresentKeyword$_verifyTextNotPresent_closure1.doCall(VerifyTextNotPresentKeyword.groovy:77)
	at com.kms.katalon.core.webui.keyword.builtin.VerifyTextNotPresentKeyword$_verifyTextNotPresent_closure1.call(VerifyTextNotPresentKeyword.groovy)
	at com.kms.katalon.core.webui.keyword.internal.WebUIKeywordMain.runKeyword(WebUIKeywordMain.groovy:20)
	at com.kms.katalon.core.webui.keyword.builtin.VerifyTextNotPresentKeyword.verifyTextNotPresent(VerifyTextNotPresentKeyword.groovy:82)
	at com.kms.katalon.core.webui.keyword.builtin.VerifyTextNotPresentKeyword.execute(VerifyTextNotPresentKeyword.groovy:68)
	at com.kms.katalon.core.keyword.internal.KeywordExecutor.executeKeywordForPlatform(KeywordExecutor.groovy:74)
	at com.kms.katalon.core.webui.keyword.WebUiBuiltInKeywords.verifyTextNotPresent(WebUiBuiltInKeywords.groovy:1795)
	at Выручка по ДЗО отображение данных все филиалы.Test(Выручка по ДЗО отображение данных все филиалы:782)
	at Выручка по ДЗО отображение данных все филиалы.Tumbler(Выручка по ДЗО отображение данных все филиалы:738)
	at Выручка по ДЗО отображение данных все филиалы.Change(Выручка по ДЗО отображение данных все филиалы:772)
	at Выручка по ДЗО отображение данных все филиалы.DzoTest(Выручка по ДЗО отображение данных все филиалы:156)
	at Выручка по ДЗО отображение данных все филиалы.run(Выручка по ДЗО отображение данных все филиалы:134)
	at com.kms.katalon.core.main.ScriptEngine.run(ScriptEngine.java:194)
	at com.kms.katalon.core.main.ScriptEngine.runScriptAsRawText(ScriptEngine.java:119)
	at com.kms.katalon.core.main.TestCaseExecutor.runScript(TestCaseExecutor.java:448)
	at com.kms.katalon.core.main.TestCaseExecutor.doExecute(TestCaseExecutor.java:439)
	at com.kms.katalon.core.main.TestCaseExecutor.processExecutionPhase(TestCaseExecutor.java:418)
	at com.kms.katalon.core.main.TestCaseExecutor.accessMainPhase(TestCaseExecutor.java:410)
	at com.kms.katalon.core.main.TestCaseExecutor.execute(TestCaseExecutor.java:285)
	at com.kms.katalon.core.common.CommonExecutor.accessTestCaseMainPhase(CommonExecutor.java:65)
	at com.kms.katalon.core.main.TestSuiteExecutor.accessTestSuiteMainPhase(TestSuiteExecutor.java:150)
	at com.kms.katalon.core.main.TestSuiteExecutor.execute(TestSuiteExecutor.java:106)
	at com.kms.katalon.core.main.TestCaseMain.startTestSuite(TestCaseMain.java:180)
	at TempTestSuite1733182698305.run(TempTestSuite1733182698305.groovy:35)
	at java.base/jdk.internal.reflect.NativeMethodAccessorImpl.invoke0(Native Method)
	at java.base/jdk.internal.reflect.NativeMethodAccessorImpl.invoke(NativeMethodAccessorImpl.java:77)
	at java.base/jdk.internal.reflect.DelegatingMethodAccessorImpl.invoke(DelegatingMethodAccessorImpl.java:43)
Caused by: com.kms.katalon.core.exception.StepFailedException: Text 'нет данных' is present on page 
	... 28 more


03-12-2024T02:38:24 - [TEST_STEP][PASSED] - date = new java.util.Date(): null

03-12-2024T02:38:24 - [TEST_STEP][PASSED] - todaysDate = date.format("dd.MM.yyyy"): null

03-12-2024T02:38:24 - [TEST_STEP][PASSED] - println(todaysDate): null

03-12-2024T02:38:24 - [TEST_STEP][PASSED] - openBrowser(""): Browser is opened with url: ''

03-12-2024T02:38:25 - [MESSAGE][INFO] - Starting 'Chrome' driver

03-12-2024T02:38:25 - [MESSAGE][INFO] - Action delay is set to 0 milliseconds

03-12-2024T02:38:27 - [MESSAGE][PASSED] - Browser is opened with url: ''

03-12-2024T02:38:27 - [TEST_STEP][PASSED] - urlText = <not implemented yet for class: org.codehaus.groovy.ast.expr.EmptyExpression>: null

03-12-2024T02:38:27 - [TEST_STEP][PASSED] - searchWord = <not implemented yet for class: org.codehaus.groovy.ast.expr.EmptyExpression>: null

03-12-2024T02:38:27 - [TEST_STEP][PASSED] - i = <not implemented yet for class: org.codehaus.groovy.ast.expr.EmptyExpression>: null

03-12-2024T02:38:27 - [TEST_STEP][PASSED] - ii = <not implemented yet for class: org.codehaus.groovy.ast.expr.EmptyExpression>: null

03-12-2024T02:38:27 - [TEST_STEP][PASSED] - navigateToUrl(findTestData("PlanFact").getValue(10, 5)): Navigate to 'https://bi.rosseti.digital/viewer?dashboardGuid=2301950b23be4ed89c1df75f2020051e&sheetGuid=31530aa0b6664c09b016b7f2ab9d853e&fit=true' successfully

03-12-2024T02:38:40 - [MESSAGE][PASSED] - Navigate to 'https://bi.rosseti.digital/viewer?dashboardGuid=2301950b23be4ed89c1df75f2020051e&sheetGuid=31530aa0b6664c09b016b7f2ab9d853e&fit=true' successfully

03-12-2024T02:38:40 - [TEST_STEP][PASSED] - urlText = getText(findTestObject("Страница авторизации/Text")): Text of object 'Object Repository/Страница авторизации/Text' is: 'Вход'

03-12-2024T02:38:45 - [MESSAGE][PASSED] - Text of object 'Object Repository/Страница авторизации/Text' is: 'Вход'

03-12-2024T02:38:45 - [TEST_STEP][PASSED] - delay(10): Delayed 10 second(s)

03-12-2024T02:38:55 - [MESSAGE][PASSED] - Delayed 10 second(s)

03-12-2024T02:38:55 - [TEST_STEP][PASSED] - searchWord = "Вход": null

03-12-2024T02:38:55 - [TEST_STEP][PASSED] - if (urlText.contains(searchWord) == false): null

03-12-2024T02:38:55 - [TEST_STEP][PASSED] - setText(findTestObject("Страница авторизации/input__username"), findTestData("PlanFact").getValue(8, 1)): Text 'liazgina-di' is set on object 'Object Repository/Страница авторизации/input__username'

03-12-2024T02:38:55 - [MESSAGE][PASSED] - Text 'liazgina-di' is set on object 'Object Repository/Страница авторизации/input__username'

03-12-2024T02:38:55 - [TEST_STEP][PASSED] - setText(findTestObject("Страница авторизации/input__password"), findTestData("PlanFact").getValue(9, 1)): Text ')$%5srZ8o688Dm#q' is set on object 'Object Repository/Страница авторизации/input__password'

03-12-2024T02:38:56 - [MESSAGE][PASSED] - Text ')$%5srZ8o688Dm#q' is set on object 'Object Repository/Страница авторизации/input__password'

03-12-2024T02:38:56 - [TEST_STEP][PASSED] - click(findTestObject("Страница авторизации/button_")): Object: 'Object Repository/Страница авторизации/button_' is clicked on

03-12-2024T02:38:59 - [MESSAGE][PASSED] - Object: 'Object Repository/Страница авторизации/button_' is clicked on

03-12-2024T02:38:59 - [TEST_STEP][PASSED] - delay(50): Delayed 50 second(s)

03-12-2024T02:39:49 - [MESSAGE][PASSED] - Delayed 50 second(s)

03-12-2024T02:39:49 - [TEST_STEP][PASSED] - searchWord = "ДЗО": null

03-12-2024T02:39:49 - [TEST_STEP][PASSED] - urlText = getText(findTestObject("Страница авторизации/Text")): Text of object 'Object Repository/Страница авторизации/Text' is: 'Период
1, 2, 3 кв., Октябрь 2024 года
Выручка
Все
ДЗО 
Все
Выручка по ДЗО
Выполнение плановых показателей по ПАО Россети за 1, 2, 3 кв., Октябрь 2024 года
1 542 1 542
3 763 3 763
65 060 65 060
62 507 62 507
82 891 82 891
170 850 170 850
25 956 25 956
43 630 43 630
57 204 57 204
7 790 7 790
69 123 69 123
86 018 86 018
256 418 256 418
95 186 95 186
101 997 101 997
42 872 42 872
7 868 7 868
1 841 1 841
3 864 3 864
65 216 65 216
66 460 66 460
87 353 87 353
178 351 178 351
26 843 26 843
44 509 44 509
58 478 58 478
8 028 8 028
64 017 64 017
87 973 87 973
232 074 232 074
97 621 97 621
106 416 106 416
44 229 44 229
8 185 8 185
План
Факт
АО «Тываэнерго»
АО «Чеченэнерго»
Россети Волга
Россети Кубань
Россети Ленэнерго (ГК)
Россети Московский регион
Россети Северный Кавказ (ГК)
Россети Северо-Запад
Россети Сибирь (ГК)
Россети Томск
Россети Тюмень
Россети Урал (ГК)
Россети ФСК ЕЭС
Россети Центр
Россети Центр и Приволжье (ГК)
Россети Юг (ГК)
Россети Янтарь
0 млн. руб.
25 000 млн. руб.
50 000 млн. руб.
75 000 млн. руб.
100 000 млн. руб.
125 000 млн. руб.
150 000 млн. руб.
175 000 млн. руб.
200 000 млн. руб.
225 000 млн. руб.
250 000 млн. руб.
275 000 млн. руб.
Выполнение плановых показателей по ПАО Россети за 1, 2, 3 кв., Октябрь 2024 года
0,16%0,16%
0,33%0,33%
5,52%5,52%
5,63%5,63%
7,39%7,39%
15,1%15,1%
2,27%2,27%
3,77%3,77%
4,95%4,95%
0,68%0,68%
5,42%5,42%
7,45%7,45%
19,64%19,64%
8,26%8,26%
9,01%9,01%
3,74%3,74%
0,69%0,69%
АО «Тываэнерго»
АО «Чеченэнерго»
Россети Волга
Россети Кубань
Россети Ленэнерго (ГК)
Россети Московский регион
Россети Северный Кавказ (ГК)
Россети Северо-Запад
Россети Сибирь (ГК)
Россети Томск
Россети Тюмень
Россети Урал (ГК)
Россети ФСК ЕЭС
Россети Центр
Россети Центр и Приволжье (ГК)
Россети Юг (ГК)
Россети Янтарь'

03-12-2024T02:39:50 - [MESSAGE][PASSED] - Text of object 'Object Repository/Страница авторизации/Text' is: 'Период
1, 2, 3 кв., Октябрь 2024 года
Выручка
Все
ДЗО 
Все
Выручка по ДЗО
Выполнение плановых показателей по ПАО Россети за 1, 2, 3 кв., Октябрь 2024 года
1 542 1 542
3 763 3 763
65 060 65 060
62 507 62 507
82 891 82 891
170 850 170 850
25 956 25 956
43 630 43 630
57 204 57 204
7 790 7 790
69 123 69 123
86 018 86 018
256 418 256 418
95 186 95 186
101 997 101 997
42 872 42 872
7 868 7 868
1 841 1 841
3 864 3 864
65 216 65 216
66 460 66 460
87 353 87 353
178 351 178 351
26 843 26 843
44 509 44 509
58 478 58 478
8 028 8 028
64 017 64 017
87 973 87 973
232 074 232 074
97 621 97 621
106 416 106 416
44 229 44 229
8 185 8 185
План
Факт
АО «Тываэнерго»
АО «Чеченэнерго»
Россети Волга
Россети Кубань
Россети Ленэнерго (ГК)
Россети Московский регион
Россети Северный Кавказ (ГК)
Россети Северо-Запад
Россети Сибирь (ГК)
Россети Томск
Россети Тюмень
Россети Урал (ГК)
Россети ФСК ЕЭС
Россети Центр
Россети Центр и Приволжье (ГК)
Россети Юг (ГК)
Россети Янтарь
0 млн. руб.
25 000 млн. руб.
50 000 млн. руб.
75 000 млн. руб.
100 000 млн. руб.
125 000 млн. руб.
150 000 млн. руб.
175 000 млн. руб.
200 000 млн. руб.
225 000 млн. руб.
250 000 млн. руб.
275 000 млн. руб.
Выполнение плановых показателей по ПАО Россети за 1, 2, 3 кв., Октябрь 2024 года
0,16%0,16%
0,33%0,33%
5,52%5,52%
5,63%5,63%
7,39%7,39%
15,1%15,1%
2,27%2,27%
3,77%3,77%
4,95%4,95%
0,68%0,68%
5,42%5,42%
7,45%7,45%
19,64%19,64%
8,26%8,26%
9,01%9,01%
3,74%3,74%
0,69%0,69%
АО «Тываэнерго»
АО «Чеченэнерго»
Россети Волга
Россети Кубань
Россети Ленэнерго (ГК)
Россети Московский регион
Россети Северный Кавказ (ГК)
Россети Северо-Запад
Россети Сибирь (ГК)
Россети Томск
Россети Тюмень
Россети Урал (ГК)
Россети ФСК ЕЭС
Россети Центр
Россети Центр и Приволжье (ГК)
Россети Юг (ГК)
Россети Янтарь'

03-12-2024T02:39:50 - [TEST_STEP][PASSED] - if (urlText.contains("ошибка") || urlText.contains(searchWord) == false): null

03-12-2024T02:39:50 - [TEST_STEP][PASSED] - click(findTestObject("Выручка по ДЗО/Фильтр Дата")): Object: 'Object Repository/Выручка по ДЗО/Фильтр Дата' is clicked on

03-12-2024T02:39:50 - [MESSAGE][PASSED] - Object: 'Object Repository/Выручка по ДЗО/Фильтр Дата' is clicked on

03-12-2024T02:39:50 - [TEST_STEP][PASSED] - click(findTestObject("Выручка по ДЗО/Снять выделение в фильтре Дата")): Object: 'Object Repository/Выручка по ДЗО/Снять выделение в фильтре Дата' is clicked on

03-12-2024T02:39:51 - [MESSAGE][PASSED] - Object: 'Object Repository/Выручка по ДЗО/Снять выделение в фильтре Дата' is clicked on

03-12-2024T02:39:51 - [TEST_STEP][PASSED] - click(findTestObject("Выручка по ДЗО/Применить в фильтре Дата")): Object: 'Object Repository/Выручка по ДЗО/Применить в фильтре Дата' is clicked on

03-12-2024T02:39:52 - [MESSAGE][PASSED] - Object: 'Object Repository/Выручка по ДЗО/Применить в фильтре Дата' is clicked on

03-12-2024T02:39:52 - [TEST_STEP][PASSED] - click(findTestObject("Выручка по ДЗО/Фильтр Дата")): Object: 'Object Repository/Выручка по ДЗО/Фильтр Дата' is clicked on

03-12-2024T02:39:53 - [MESSAGE][PASSED] - Object: 'Object Repository/Выручка по ДЗО/Фильтр Дата' is clicked on

03-12-2024T02:39:53 - [TEST_STEP][PASSED] - click(findTestObject("Выручка по ДЗО/Снять выделение в фильтре Дата")): Object: 'Object Repository/Выручка по ДЗО/Снять выделение в фильтре Дата' is clicked on

03-12-2024T02:39:54 - [MESSAGE][PASSED] - Object: 'Object Repository/Выручка по ДЗО/Снять выделение в фильтре Дата' is clicked on

03-12-2024T02:39:54 - [TEST_STEP][PASSED] - scrollToElement(findTestObject("Выручка по ДЗО/2024 список"), 30): Scroll to object 'Object Repository/Выручка по ДЗО/2024 список' successfully

03-12-2024T02:39:54 - [MESSAGE][PASSED] - Scroll to object 'Object Repository/Выручка по ДЗО/2024 список' successfully

03-12-2024T02:39:54 - [TEST_STEP][PASSED] - click(findTestObject("Выручка по ДЗО/2024 список")): Object: 'Object Repository/Выручка по ДЗО/2024 список' is clicked on

03-12-2024T02:39:55 - [MESSAGE][PASSED] - Object: 'Object Repository/Выручка по ДЗО/2024 список' is clicked on

03-12-2024T02:39:55 - [TEST_STEP][PASSED] - scrollToElement(findTestObject("Выручка по ДЗО/1 квартал 2024 выбрать"), 30): Scroll to object 'Object Repository/Выручка по ДЗО/1 квартал 2024 выбрать' successfully

03-12-2024T02:39:55 - [MESSAGE][PASSED] - Scroll to object 'Object Repository/Выручка по ДЗО/1 квартал 2024 выбрать' successfully

03-12-2024T02:39:55 - [TEST_STEP][PASSED] - click(findTestObject("Выручка по ДЗО/1 квартал 2024 выбрать")): Object: 'Object Repository/Выручка по ДЗО/1 квартал 2024 выбрать' is clicked on

03-12-2024T02:39:55 - [MESSAGE][PASSED] - Object: 'Object Repository/Выручка по ДЗО/1 квартал 2024 выбрать' is clicked on

03-12-2024T02:39:55 - [TEST_STEP][PASSED] - scrollToElement(findTestObject("Выручка по ДЗО/2 квартал 2024 выбрать"), 30): Scroll to object 'Object Repository/Выручка по ДЗО/2 квартал 2024 выбрать' successfully

03-12-2024T02:39:56 - [MESSAGE][PASSED] - Scroll to object 'Object Repository/Выручка по ДЗО/2 квартал 2024 выбрать' successfully

03-12-2024T02:39:56 - [TEST_STEP][PASSED] - click(findTestObject("Выручка по ДЗО/2 квартал 2024 выбрать"), CONTINUE_ON_FAILURE): Object: 'Object Repository/Выручка по ДЗО/2 квартал 2024 выбрать' is clicked on

03-12-2024T02:39:56 - [MESSAGE][PASSED] - Object: 'Object Repository/Выручка по ДЗО/2 квартал 2024 выбрать' is clicked on

03-12-2024T02:39:56 - [TEST_STEP][PASSED] - scrollToElement(findTestObject("Выручка по ДЗО/3 квартал 2024 список"), 30): Scroll to object 'Object Repository/Выручка по ДЗО/3 квартал 2024 список' successfully

03-12-2024T02:39:57 - [MESSAGE][PASSED] - Scroll to object 'Object Repository/Выручка по ДЗО/3 квартал 2024 список' successfully

03-12-2024T02:39:57 - [TEST_STEP][PASSED] - click(findTestObject("Выручка по ДЗО/3 квартал 2024 выбрать"), CONTINUE_ON_FAILURE): Object: 'Object Repository/Выручка по ДЗО/3 квартал 2024 выбрать' is clicked on

03-12-2024T02:39:57 - [MESSAGE][PASSED] - Object: 'Object Repository/Выручка по ДЗО/3 квартал 2024 выбрать' is clicked on

03-12-2024T02:39:57 - [TEST_STEP][PASSED] - scrollToElement(findTestObject("Выручка по ДЗО/4 квартал 2024 список"), 30): Scroll to object 'Object Repository/Выручка по ДЗО/4 квартал 2024 список' successfully

03-12-2024T02:39:58 - [MESSAGE][PASSED] - Scroll to object 'Object Repository/Выручка по ДЗО/4 квартал 2024 список' successfully

03-12-2024T02:39:58 - [TEST_STEP][PASSED] - click(findTestObject("Выручка по ДЗО/4 квартал 2024 список"), CONTINUE_ON_FAILURE): Object: 'Object Repository/Выручка по ДЗО/4 квартал 2024 список' is clicked on

03-12-2024T02:39:58 - [MESSAGE][PASSED] - Object: 'Object Repository/Выручка по ДЗО/4 квартал 2024 список' is clicked on

03-12-2024T02:39:58 - [TEST_STEP][PASSED] - scrollToElement(findTestObject("Выручка по ДЗО/Октябрь 2024"), 30): Scroll to object 'Object Repository/Выручка по ДЗО/Октябрь 2024' successfully

03-12-2024T02:39:58 - [MESSAGE][PASSED] - Scroll to object 'Object Repository/Выручка по ДЗО/Октябрь 2024' successfully

03-12-2024T02:39:58 - [TEST_STEP][PASSED] - click(findTestObject("Выручка по ДЗО/Октябрь 2024"), CONTINUE_ON_FAILURE): Object: 'Object Repository/Выручка по ДЗО/Октябрь 2024' is clicked on

03-12-2024T02:39:59 - [MESSAGE][PASSED] - Object: 'Object Repository/Выручка по ДЗО/Октябрь 2024' is clicked on

03-12-2024T02:39:59 - [TEST_STEP][PASSED] - scrollToElement(findTestObject("Выручка по ДЗО/Заголовок дашборда"), 30): Scroll to object 'Object Repository/Выручка по ДЗО/Заголовок дашборда' successfully

03-12-2024T02:39:59 - [MESSAGE][PASSED] - Scroll to object 'Object Repository/Выручка по ДЗО/Заголовок дашборда' successfully

03-12-2024T02:39:59 - [TEST_STEP][PASSED] - click(findTestObject("Выручка по ДЗО/Применить в фильтре Дата")): Object: 'Object Repository/Выручка по ДЗО/Применить в фильтре Дата' is clicked on

03-12-2024T02:40:00 - [MESSAGE][PASSED] - Object: 'Object Repository/Выручка по ДЗО/Применить в фильтре Дата' is clicked on

03-12-2024T02:40:00 - [TEST_STEP][PASSED] - DzoTest(todaysDate): null

03-12-2024T02:40:00 - [TEST_STEP][PASSED] - click(findTestObject("Выручка по ДЗО/Фильтр ДЗО")): Object: 'Object Repository/Выручка по ДЗО/Фильтр ДЗО' is clicked on

03-12-2024T02:40:01 - [MESSAGE][PASSED] - Object: 'Object Repository/Выручка по ДЗО/Фильтр ДЗО' is clicked on

03-12-2024T02:40:01 - [TEST_STEP][PASSED] - click(findTestObject("Выручка по ДЗО/Снять выделение в фильтре ДЗО")): Object: 'Object Repository/Выручка по ДЗО/Снять выделение в фильтре ДЗО' is clicked on

03-12-2024T02:40:02 - [MESSAGE][PASSED] - Object: 'Object Repository/Выручка по ДЗО/Снять выделение в фильтре ДЗО' is clicked on

03-12-2024T02:40:02 - [TEST_STEP][PASSED] - Script1687405711779.Change(todaysDate): null

03-12-2024T02:40:02 - [TEST_STEP][PASSED] - scrollToElement(findTestObject("Выручка по ДЗО/Заголовок дашборда"), 30): Scroll to object 'Object Repository/Выручка по ДЗО/Заголовок дашборда' successfully

03-12-2024T02:40:02 - [MESSAGE][PASSED] - Scroll to object 'Object Repository/Выручка по ДЗО/Заголовок дашборда' successfully

03-12-2024T02:40:02 - [TEST_STEP][PASSED] - click(findTestObject("Выручка по ДЗО/Применить в фильтре ДЗО")): Object: 'Object Repository/Выручка по ДЗО/Применить в фильтре ДЗО' is clicked on

03-12-2024T02:40:02 - [MESSAGE][PASSED] - Object: 'Object Repository/Выручка по ДЗО/Применить в фильтре ДЗО' is clicked on

03-12-2024T02:40:02 - [TEST_STEP][PASSED] - Script1687405711779.Tumbler(todaysDate): null

03-12-2024T02:40:02 - [TEST_STEP][PASSED] - Script1687405711779.Test(todaysDate): null

03-12-2024T02:40:02 - [TEST_STEP][PASSED] - if (verifyTextNotPresent("нет данных", false) == true): null

03-12-2024T02:40:04 - [MESSAGE][PASSED] - Text 'нет данных' is not present on page

03-12-2024T02:40:04 - [TEST_STEP][PASSED] - if (verifyTextNotPresent("Ошибка запроса данных", false) == true): null

03-12-2024T02:40:05 - [MESSAGE][PASSED] - Text 'Ошибка запроса данных' is not present on page

03-12-2024T02:40:05 - [TEST_STEP][PASSED] - if (verifyTextNotPresent("Произошла ошибка при выполнении пользовательского кода", false) == true): null

03-12-2024T02:40:05 - [MESSAGE][PASSED] - Text 'Произошла ошибка при выполнении пользовательского кода' is not present on page

03-12-2024T02:40:05 - [TEST_STEP][PASSED] - if (verifyTextNotPresent("У виджета нет данных", false) == true): null

03-12-2024T02:40:06 - [MESSAGE][PASSED] - Text 'У виджета нет данных' is not present on page

03-12-2024T02:40:06 - [TEST_STEP][PASSED] - if (verifyTextNotPresent("У виджета нет данных", false) == true): Text 'У виджета нет данных' is not present on page

03-12-2024T02:40:06 - [MESSAGE][PASSED] - Text 'У виджета нет данных' is not present on page

03-12-2024T02:40:06 - [TEST_STEP][PASSED] - click(findTestObject("Выручка по ДЗО/Фильтр Выручка")): Object: 'Object Repository/Выручка по ДЗО/Фильтр Выручка' is clicked on

03-12-2024T02:40:07 - [MESSAGE][PASSED] - Object: 'Object Repository/Выручка по ДЗО/Фильтр Выручка' is clicked on

03-12-2024T02:40:07 - [TEST_STEP][PASSED] - click(findTestObject("Выручка по ДЗО/Внутренний оборот в фильтре Выручка")): Object: 'Object Repository/Выручка по ДЗО/Внутренний оборот в фильтре Выручка' is clicked on

03-12-2024T02:40:07 - [MESSAGE][PASSED] - Object: 'Object Repository/Выручка по ДЗО/Внутренний оборот в фильтре Выручка' is clicked on

03-12-2024T02:40:07 - [TEST_STEP][PASSED] - click(findTestObject("Выручка по ДЗО/Применить в фильтре Выручка")): Object: 'Object Repository/Выручка по ДЗО/Применить в фильтре Выручка' is clicked on

03-12-2024T02:40:08 - [MESSAGE][PASSED] - Object: 'Object Repository/Выручка по ДЗО/Применить в фильтре Выручка' is clicked on

03-12-2024T02:40:08 - [TEST_STEP][PASSED] - Script1687405711779.Test(todaysDate): null

03-12-2024T02:40:08 - [TEST_STEP][PASSED] - if (verifyTextNotPresent("нет данных", false) == true): null

03-12-2024T02:40:10 - [MESSAGE][PASSED] - Text 'нет данных' is not present on page

03-12-2024T02:40:10 - [TEST_STEP][PASSED] - if (verifyTextNotPresent("Ошибка запроса данных", false) == true): null

03-12-2024T02:40:10 - [MESSAGE][PASSED] - Text 'Ошибка запроса данных' is not present on page

03-12-2024T02:40:10 - [TEST_STEP][PASSED] - if (verifyTextNotPresent("Произошла ошибка при выполнении пользовательского кода", false) == true): null

03-12-2024T02:40:11 - [MESSAGE][PASSED] - Text 'Произошла ошибка при выполнении пользовательского кода' is not present on page

03-12-2024T02:40:11 - [TEST_STEP][PASSED] - if (verifyTextNotPresent("У виджета нет данных", false) == true): null

03-12-2024T02:40:11 - [MESSAGE][PASSED] - Text 'У виджета нет данных' is not present on page

03-12-2024T02:40:11 - [TEST_STEP][PASSED] - if (verifyTextNotPresent("У виджета нет данных", false) == true): Text 'У виджета нет данных' is not present on page

03-12-2024T02:40:12 - [MESSAGE][PASSED] - Text 'У виджета нет данных' is not present on page

03-12-2024T02:40:12 - [TEST_STEP][PASSED] - click(findTestObject("Выручка по ДЗО/Фильтр Выручка")): Object: 'Object Repository/Выручка по ДЗО/Фильтр Выручка' is clicked on

03-12-2024T02:40:12 - [MESSAGE][PASSED] - Object: 'Object Repository/Выручка по ДЗО/Фильтр Выручка' is clicked on

03-12-2024T02:40:12 - [TEST_STEP][PASSED] - click(findTestObject("Выручка по ДЗО/По передаче в фильтре Выручка")): Object: 'Object Repository/Выручка по ДЗО/По передаче в фильтре Выручка' is clicked on

03-12-2024T02:40:13 - [MESSAGE][PASSED] - Object: 'Object Repository/Выручка по ДЗО/По передаче в фильтре Выручка' is clicked on

03-12-2024T02:40:13 - [TEST_STEP][PASSED] - click(findTestObject("Выручка по ДЗО/Применить в фильтре Выручка")): Object: 'Object Repository/Выручка по ДЗО/Применить в фильтре Выручка' is clicked on

03-12-2024T02:40:13 - [MESSAGE][PASSED] - Object: 'Object Repository/Выручка по ДЗО/Применить в фильтре Выручка' is clicked on

03-12-2024T02:40:13 - [TEST_STEP][PASSED] - Script1687405711779.Test(todaysDate): null

03-12-2024T02:40:13 - [TEST_STEP][PASSED] - if (verifyTextNotPresent("нет данных", false) == true): null

03-12-2024T02:40:15 - [MESSAGE][PASSED] - Text 'нет данных' is not present on page

03-12-2024T02:40:15 - [TEST_STEP][PASSED] - if (verifyTextNotPresent("Ошибка запроса данных", false) == true): null

03-12-2024T02:40:16 - [MESSAGE][PASSED] - Text 'Ошибка запроса данных' is not present on page

03-12-2024T02:40:16 - [TEST_STEP][PASSED] - if (verifyTextNotPresent("Произошла ошибка при выполнении пользовательского кода", false) == true): null

03-12-2024T02:40:16 - [MESSAGE][PASSED] - Text 'Произошла ошибка при выполнении пользовательского кода' is not present on page

03-12-2024T02:40:16 - [TEST_STEP][PASSED] - if (verifyTextNotPresent("У виджета нет данных", false) == true): null

03-12-2024T02:40:17 - [MESSAGE][PASSED] - Text 'У виджета нет данных' is not present on page

03-12-2024T02:40:17 - [TEST_STEP][PASSED] - if (verifyTextNotPresent("У виджета нет данных", false) == true): Text 'У виджета нет данных' is not present on page

03-12-2024T02:40:18 - [MESSAGE][PASSED] - Text 'У виджета нет данных' is not present on page

03-12-2024T02:40:18 - [TEST_STEP][PASSED] - click(findTestObject("Выручка по ДЗО/Фильтр Выручка")): Object: 'Object Repository/Выручка по ДЗО/Фильтр Выручка' is clicked on

03-12-2024T02:40:18 - [MESSAGE][PASSED] - Object: 'Object Repository/Выручка по ДЗО/Фильтр Выручка' is clicked on

03-12-2024T02:40:18 - [TEST_STEP][PASSED] - click(findTestObject("Выручка по ДЗО/Снять выделение в фильтре Выручка")): Object: 'Object Repository/Выручка по ДЗО/Снять выделение в фильтре Выручка' is clicked on

03-12-2024T02:40:19 - [MESSAGE][PASSED] - Object: 'Object Repository/Выручка по ДЗО/Снять выделение в фильтре Выручка' is clicked on

03-12-2024T02:40:19 - [TEST_STEP][PASSED] - click(findTestObject("Выручка по ДЗО/По передаче в фильтре Выручка")): Object: 'Object Repository/Выручка по ДЗО/По передаче в фильтре Выручка' is clicked on

03-12-2024T02:40:19 - [MESSAGE][PASSED] - Object: 'Object Repository/Выручка по ДЗО/По передаче в фильтре Выручка' is clicked on

03-12-2024T02:40:19 - [TEST_STEP][PASSED] - click(findTestObject("Выручка по ДЗО/Применить в фильтре Выручка")): Object: 'Object Repository/Выручка по ДЗО/Применить в фильтре Выручка' is clicked on

03-12-2024T02:40:20 - [MESSAGE][PASSED] - Object: 'Object Repository/Выручка по ДЗО/Применить в фильтре Выручка' is clicked on

03-12-2024T02:40:20 - [TEST_STEP][PASSED] - Script1687405711779.Test(todaysDate): null

03-12-2024T02:40:20 - [TEST_STEP][PASSED] - if (verifyTextNotPresent("нет данных", false) == true): null

03-12-2024T02:40:21 - [MESSAGE][PASSED] - Text 'нет данных' is not present on page

03-12-2024T02:40:21 - [TEST_STEP][PASSED] - if (verifyTextNotPresent("Ошибка запроса данных", false) == true): null

03-12-2024T02:40:22 - [MESSAGE][PASSED] - Text 'Ошибка запроса данных' is not present on page

03-12-2024T02:40:22 - [TEST_STEP][PASSED] - if (verifyTextNotPresent("Произошла ошибка при выполнении пользовательского кода", false) == true): null

03-12-2024T02:40:22 - [MESSAGE][PASSED] - Text 'Произошла ошибка при выполнении пользовательского кода' is not present on page

03-12-2024T02:40:22 - [TEST_STEP][PASSED] - if (verifyTextNotPresent("У виджета нет данных", false) == true): null

03-12-2024T02:40:23 - [MESSAGE][PASSED] - Text 'У виджета нет данных' is not present on page

03-12-2024T02:40:23 - [TEST_STEP][PASSED] - if (verifyTextNotPresent("У виджета нет данных", false) == true): Text 'У виджета нет данных' is not present on page

03-12-2024T02:40:24 - [MESSAGE][PASSED] - Text 'У виджета нет данных' is not present on page

03-12-2024T02:40:24 - [TEST_STEP][PASSED] - click(findTestObject("Выручка по ДЗО/Фильтр Выручка")): Object: 'Object Repository/Выручка по ДЗО/Фильтр Выручка' is clicked on

03-12-2024T02:40:24 - [MESSAGE][PASSED] - Object: 'Object Repository/Выручка по ДЗО/Фильтр Выручка' is clicked on

03-12-2024T02:40:24 - [TEST_STEP][PASSED] - click(findTestObject("Выручка по ДЗО/Снять выделение в фильтре Выручка")): Object: 'Object Repository/Выручка по ДЗО/Снять выделение в фильтре Выручка' is clicked on

03-12-2024T02:40:25 - [MESSAGE][PASSED] - Object: 'Object Repository/Выручка по ДЗО/Снять выделение в фильтре Выручка' is clicked on

03-12-2024T02:40:25 - [TEST_STEP][PASSED] - click(findTestObject("Выручка по ДЗО/Применить в фильтре Выручка")): Object: 'Object Repository/Выручка по ДЗО/Применить в фильтре Выручка' is clicked on

03-12-2024T02:40:25 - [MESSAGE][PASSED] - Object: 'Object Repository/Выручка по ДЗО/Применить в фильтре Выручка' is clicked on

03-12-2024T02:40:25 - [TEST_STEP][PASSED] - click(findTestObject("Выручка по ДЗО/Фильтр ДЗО")): Object: 'Object Repository/Выручка по ДЗО/Фильтр ДЗО' is clicked on

03-12-2024T02:40:26 - [MESSAGE][PASSED] - Object: 'Object Repository/Выручка по ДЗО/Фильтр ДЗО' is clicked on

03-12-2024T02:40:26 - [TEST_STEP][PASSED] - click(findTestObject("Выручка по ДЗО/Снять выделение в фильтре ДЗО")): Object: 'Object Repository/Выручка по ДЗО/Снять выделение в фильтре ДЗО' is clicked on

03-12-2024T02:40:27 - [MESSAGE][PASSED] - Object: 'Object Repository/Выручка по ДЗО/Снять выделение в фильтре ДЗО' is clicked on

03-12-2024T02:40:27 - [TEST_STEP][PASSED] - click(findTestObject("Выручка по ДЗО/ПАО Россети Выручка по ДЗО")): Object: 'Object Repository/Выручка по ДЗО/ПАО Россети Выручка по ДЗО' is clicked on

03-12-2024T02:40:27 - [MESSAGE][PASSED] - Object: 'Object Repository/Выручка по ДЗО/ПАО Россети Выручка по ДЗО' is clicked on

03-12-2024T02:40:27 - [TEST_STEP][PASSED] - Script1687405711779.Change(todaysDate): null

03-12-2024T02:40:27 - [TEST_STEP][PASSED] - scrollToElement(findTestObject("Выручка по ДЗО/Заголовок дашборда"), 30): Scroll to object 'Object Repository/Выручка по ДЗО/Заголовок дашборда' successfully

03-12-2024T02:40:28 - [MESSAGE][PASSED] - Scroll to object 'Object Repository/Выручка по ДЗО/Заголовок дашборда' successfully

03-12-2024T02:40:28 - [TEST_STEP][PASSED] - click(findTestObject("Выручка по ДЗО/Применить в фильтре ДЗО")): Object: 'Object Repository/Выручка по ДЗО/Применить в фильтре ДЗО' is clicked on

03-12-2024T02:40:28 - [MESSAGE][PASSED] - Object: 'Object Repository/Выручка по ДЗО/Применить в фильтре ДЗО' is clicked on

03-12-2024T02:40:28 - [TEST_STEP][PASSED] - Script1687405711779.Tumbler(todaysDate): null

03-12-2024T02:40:28 - [TEST_STEP][PASSED] - Script1687405711779.Test(todaysDate): null

03-12-2024T02:40:28 - [TEST_STEP][PASSED] - if (verifyTextNotPresent("нет данных", false) == true): null

03-12-2024T02:40:30 - [MESSAGE][PASSED] - Text 'нет данных' is not present on page

03-12-2024T02:40:30 - [TEST_STEP][PASSED] - if (verifyTextNotPresent("Ошибка запроса данных", false) == true): null

03-12-2024T02:40:30 - [MESSAGE][PASSED] - Text 'Ошибка запроса данных' is not present on page

03-12-2024T02:40:30 - [TEST_STEP][PASSED] - if (verifyTextNotPresent("Произошла ошибка при выполнении пользовательского кода", false) == true): null

03-12-2024T02:40:31 - [MESSAGE][PASSED] - Text 'Произошла ошибка при выполнении пользовательского кода' is not present on page

03-12-2024T02:40:31 - [TEST_STEP][PASSED] - if (verifyTextNotPresent("У виджета нет данных", false) == true): null

03-12-2024T02:40:32 - [MESSAGE][PASSED] - Text 'У виджета нет данных' is not present on page

03-12-2024T02:40:32 - [TEST_STEP][PASSED] - if (verifyTextNotPresent("У виджета нет данных", false) == true): Text 'У виджета нет данных' is not present on page

03-12-2024T02:40:32 - [MESSAGE][PASSED] - Text 'У виджета нет данных' is not present on page

03-12-2024T02:40:32 - [TEST_STEP][PASSED] - click(findTestObject("Выручка по ДЗО/Фильтр Выручка")): Object: 'Object Repository/Выручка по ДЗО/Фильтр Выручка' is clicked on

03-12-2024T02:40:33 - [MESSAGE][PASSED] - Object: 'Object Repository/Выручка по ДЗО/Фильтр Выручка' is clicked on

03-12-2024T02:40:33 - [TEST_STEP][PASSED] - click(findTestObject("Выручка по ДЗО/Внутренний оборот в фильтре Выручка")): Object: 'Object Repository/Выручка по ДЗО/Внутренний оборот в фильтре Выручка' is clicked on

03-12-2024T02:40:33 - [MESSAGE][PASSED] - Object: 'Object Repository/Выручка по ДЗО/Внутренний оборот в фильтре Выручка' is clicked on

03-12-2024T02:40:33 - [TEST_STEP][PASSED] - click(findTestObject("Выручка по ДЗО/Применить в фильтре Выручка")): Object: 'Object Repository/Выручка по ДЗО/Применить в фильтре Выручка' is clicked on

03-12-2024T02:40:34 - [MESSAGE][PASSED] - Object: 'Object Repository/Выручка по ДЗО/Применить в фильтре Выручка' is clicked on

03-12-2024T02:40:34 - [TEST_STEP][PASSED] - Script1687405711779.Test(todaysDate): null

03-12-2024T02:40:34 - [TEST_STEP][PASSED] - if (verifyTextNotPresent("нет данных", false) == true): null

03-12-2024T02:40:38 - [MESSAGE][PASSED] - Text 'нет данных' is not present on page

03-12-2024T02:40:38 - [TEST_STEP][PASSED] - if (verifyTextNotPresent("Ошибка запроса данных", false) == true): null

03-12-2024T02:40:38 - [MESSAGE][PASSED] - Text 'Ошибка запроса данных' is not present on page

03-12-2024T02:40:38 - [TEST_STEP][PASSED] - if (verifyTextNotPresent("Произошла ошибка при выполнении пользовательского кода", false) == true): null

03-12-2024T02:40:39 - [MESSAGE][PASSED] - Text 'Произошла ошибка при выполнении пользовательского кода' is not present on page

03-12-2024T02:40:39 - [TEST_STEP][PASSED] - if (verifyTextNotPresent("У виджета нет данных", false) == true): null

03-12-2024T02:40:39 - [MESSAGE][PASSED] - Text 'У виджета нет данных' is not present on page

03-12-2024T02:40:39 - [TEST_STEP][PASSED] - if (verifyTextNotPresent("У виджета нет данных", false) == true): Text 'У виджета нет данных' is not present on page

03-12-2024T02:40:40 - [MESSAGE][PASSED] - Text 'У виджета нет данных' is not present on page

03-12-2024T02:40:40 - [TEST_STEP][PASSED] - click(findTestObject("Выручка по ДЗО/Фильтр Выручка")): Object: 'Object Repository/Выручка по ДЗО/Фильтр Выручка' is clicked on

03-12-2024T02:40:40 - [MESSAGE][PASSED] - Object: 'Object Repository/Выручка по ДЗО/Фильтр Выручка' is clicked on

03-12-2024T02:40:40 - [TEST_STEP][PASSED] - click(findTestObject("Выручка по ДЗО/По передаче в фильтре Выручка")): Object: 'Object Repository/Выручка по ДЗО/По передаче в фильтре Выручка' is clicked on

03-12-2024T02:40:41 - [MESSAGE][PASSED] - Object: 'Object Repository/Выручка по ДЗО/По передаче в фильтре Выручка' is clicked on

03-12-2024T02:40:41 - [TEST_STEP][PASSED] - click(findTestObject("Выручка по ДЗО/Применить в фильтре Выручка")): Object: 'Object Repository/Выручка по ДЗО/Применить в фильтре Выручка' is clicked on

03-12-2024T02:40:42 - [MESSAGE][PASSED] - Object: 'Object Repository/Выручка по ДЗО/Применить в фильтре Выручка' is clicked on

03-12-2024T02:40:42 - [TEST_STEP][PASSED] - Script1687405711779.Test(todaysDate): null

03-12-2024T02:40:42 - [TEST_STEP][PASSED] - if (verifyTextNotPresent("нет данных", false) == true): null

03-12-2024T02:40:43 - [MESSAGE][PASSED] - Text 'нет данных' is not present on page

03-12-2024T02:40:43 - [TEST_STEP][PASSED] - if (verifyTextNotPresent("Ошибка запроса данных", false) == true): null

03-12-2024T02:40:44 - [MESSAGE][PASSED] - Text 'Ошибка запроса данных' is not present on page

03-12-2024T02:40:44 - [TEST_STEP][PASSED] - if (verifyTextNotPresent("Произошла ошибка при выполнении пользовательского кода", false) == true): null

03-12-2024T02:40:45 - [MESSAGE][PASSED] - Text 'Произошла ошибка при выполнении пользовательского кода' is not present on page

03-12-2024T02:40:45 - [TEST_STEP][PASSED] - if (verifyTextNotPresent("У виджета нет данных", false) == true): null

03-12-2024T02:40:45 - [MESSAGE][PASSED] - Text 'У виджета нет данных' is not present on page

03-12-2024T02:40:45 - [TEST_STEP][PASSED] - if (verifyTextNotPresent("У виджета нет данных", false) == true): Text 'У виджета нет данных' is not present on page

03-12-2024T02:40:46 - [MESSAGE][PASSED] - Text 'У виджета нет данных' is not present on page

03-12-2024T02:40:46 - [TEST_STEP][PASSED] - click(findTestObject("Выручка по ДЗО/Фильтр Выручка")): Object: 'Object Repository/Выручка по ДЗО/Фильтр Выручка' is clicked on

03-12-2024T02:40:46 - [MESSAGE][PASSED] - Object: 'Object Repository/Выручка по ДЗО/Фильтр Выручка' is clicked on

03-12-2024T02:40:46 - [TEST_STEP][PASSED] - click(findTestObject("Выручка по ДЗО/Снять выделение в фильтре Выручка")): Object: 'Object Repository/Выручка по ДЗО/Снять выделение в фильтре Выручка' is clicked on

03-12-2024T02:40:47 - [MESSAGE][PASSED] - Object: 'Object Repository/Выручка по ДЗО/Снять выделение в фильтре Выручка' is clicked on

03-12-2024T02:40:47 - [TEST_STEP][PASSED] - click(findTestObject("Выручка по ДЗО/По передаче в фильтре Выручка")): Object: 'Object Repository/Выручка по ДЗО/По передаче в фильтре Выручка' is clicked on

03-12-2024T02:40:47 - [MESSAGE][PASSED] - Object: 'Object Repository/Выручка по ДЗО/По передаче в фильтре Выручка' is clicked on

03-12-2024T02:40:47 - [TEST_STEP][PASSED] - click(findTestObject("Выручка по ДЗО/Применить в фильтре Выручка")): Object: 'Object Repository/Выручка по ДЗО/Применить в фильтре Выручка' is clicked on

03-12-2024T02:40:48 - [MESSAGE][PASSED] - Object: 'Object Repository/Выручка по ДЗО/Применить в фильтре Выручка' is clicked on

03-12-2024T02:40:48 - [TEST_STEP][PASSED] - Script1687405711779.Test(todaysDate): null

03-12-2024T02:40:48 - [TEST_STEP][PASSED] - if (verifyTextNotPresent("нет данных", false) == true): null

03-12-2024T02:40:50 - [MESSAGE][PASSED] - Text 'нет данных' is not present on page

03-12-2024T02:40:50 - [TEST_STEP][PASSED] - if (verifyTextNotPresent("Ошибка запроса данных", false) == true): null

03-12-2024T02:40:50 - [MESSAGE][PASSED] - Text 'Ошибка запроса данных' is not present on page

03-12-2024T02:40:50 - [TEST_STEP][PASSED] - if (verifyTextNotPresent("Произошла ошибка при выполнении пользовательского кода", false) == true): null

03-12-2024T02:40:51 - [MESSAGE][PASSED] - Text 'Произошла ошибка при выполнении пользовательского кода' is not present on page

03-12-2024T02:40:51 - [TEST_STEP][PASSED] - if (verifyTextNotPresent("У виджета нет данных", false) == true): null

03-12-2024T02:40:51 - [MESSAGE][PASSED] - Text 'У виджета нет данных' is not present on page

03-12-2024T02:40:51 - [TEST_STEP][PASSED] - if (verifyTextNotPresent("У виджета нет данных", false) == true): Text 'У виджета нет данных' is not present on page

03-12-2024T02:40:52 - [MESSAGE][PASSED] - Text 'У виджета нет данных' is not present on page

03-12-2024T02:40:52 - [TEST_STEP][PASSED] - click(findTestObject("Выручка по ДЗО/Фильтр Выручка")): Object: 'Object Repository/Выручка по ДЗО/Фильтр Выручка' is clicked on

03-12-2024T02:40:52 - [MESSAGE][PASSED] - Object: 'Object Repository/Выручка по ДЗО/Фильтр Выручка' is clicked on

03-12-2024T02:40:52 - [TEST_STEP][PASSED] - click(findTestObject("Выручка по ДЗО/Снять выделение в фильтре Выручка")): Object: 'Object Repository/Выручка по ДЗО/Снять выделение в фильтре Выручка' is clicked on

03-12-2024T02:40:53 - [MESSAGE][PASSED] - Object: 'Object Repository/Выручка по ДЗО/Снять выделение в фильтре Выручка' is clicked on

03-12-2024T02:40:53 - [TEST_STEP][PASSED] - click(findTestObject("Выручка по ДЗО/Применить в фильтре Выручка")): Object: 'Object Repository/Выручка по ДЗО/Применить в фильтре Выручка' is clicked on

03-12-2024T02:40:53 - [MESSAGE][PASSED] - Object: 'Object Repository/Выручка по ДЗО/Применить в фильтре Выручка' is clicked on

03-12-2024T02:40:53 - [TEST_STEP][PASSED] - click(findTestObject("Выручка по ДЗО/Фильтр ДЗО")): Object: 'Object Repository/Выручка по ДЗО/Фильтр ДЗО' is clicked on

03-12-2024T02:40:54 - [MESSAGE][PASSED] - Object: 'Object Repository/Выручка по ДЗО/Фильтр ДЗО' is clicked on

03-12-2024T02:40:54 - [TEST_STEP][PASSED] - click(findTestObject("Выручка по ДЗО/Снять выделение в фильтре ДЗО")): Object: 'Object Repository/Выручка по ДЗО/Снять выделение в фильтре ДЗО' is clicked on

03-12-2024T02:40:55 - [MESSAGE][PASSED] - Object: 'Object Repository/Выручка по ДЗО/Снять выделение в фильтре ДЗО' is clicked on

03-12-2024T02:40:55 - [TEST_STEP][PASSED] - click(findTestObject("Выручка по ДЗО/Раскрыть список ПАО Россети")): Object: 'Object Repository/Выручка по ДЗО/Раскрыть список ПАО Россети' is clicked on

03-12-2024T02:40:55 - [MESSAGE][PASSED] - Object: 'Object Repository/Выручка по ДЗО/Раскрыть список ПАО Россети' is clicked on

03-12-2024T02:40:55 - [TEST_STEP][PASSED] - click(findTestObject("Выручка по ДЗО/Магистральные сети")): Object: 'Object Repository/Выручка по ДЗО/Магистральные сети' is clicked on

03-12-2024T02:40:56 - [MESSAGE][PASSED] - Object: 'Object Repository/Выручка по ДЗО/Магистральные сети' is clicked on

03-12-2024T02:40:56 - [TEST_STEP][PASSED] - Script1687405711779.Change(todaysDate): null

03-12-2024T02:40:56 - [TEST_STEP][PASSED] - scrollToElement(findTestObject("Выручка по ДЗО/Заголовок дашборда"), 30): Scroll to object 'Object Repository/Выручка по ДЗО/Заголовок дашборда' successfully

03-12-2024T02:40:56 - [MESSAGE][PASSED] - Scroll to object 'Object Repository/Выручка по ДЗО/Заголовок дашборда' successfully

03-12-2024T02:40:56 - [TEST_STEP][PASSED] - click(findTestObject("Выручка по ДЗО/Применить в фильтре ДЗО")): Object: 'Object Repository/Выручка по ДЗО/Применить в фильтре ДЗО' is clicked on

03-12-2024T02:40:57 - [MESSAGE][PASSED] - Object: 'Object Repository/Выручка по ДЗО/Применить в фильтре ДЗО' is clicked on

03-12-2024T02:40:57 - [TEST_STEP][PASSED] - Script1687405711779.Tumbler(todaysDate): null

03-12-2024T02:40:57 - [TEST_STEP][PASSED] - Script1687405711779.Test(todaysDate): null

03-12-2024T02:40:57 - [TEST_STEP][PASSED] - if (verifyTextNotPresent("нет данных", false) == true): null

03-12-2024T02:40:58 - [MESSAGE][PASSED] - Text 'нет данных' is not present on page

03-12-2024T02:40:58 - [TEST_STEP][PASSED] - if (verifyTextNotPresent("Ошибка запроса данных", false) == true): null

03-12-2024T02:40:59 - [MESSAGE][PASSED] - Text 'Ошибка запроса данных' is not present on page

03-12-2024T02:40:59 - [TEST_STEP][PASSED] - if (verifyTextNotPresent("Произошла ошибка при выполнении пользовательского кода", false) == true): null

03-12-2024T02:40:59 - [MESSAGE][PASSED] - Text 'Произошла ошибка при выполнении пользовательского кода' is not present on page

03-12-2024T02:40:59 - [TEST_STEP][PASSED] - if (verifyTextNotPresent("У виджета нет данных", false) == true): null

03-12-2024T02:41:00 - [MESSAGE][PASSED] - Text 'У виджета нет данных' is not present on page

03-12-2024T02:41:00 - [TEST_STEP][PASSED] - if (verifyTextNotPresent("У виджета нет данных", false) == true): Text 'У виджета нет данных' is not present on page

03-12-2024T02:41:01 - [MESSAGE][PASSED] - Text 'У виджета нет данных' is not present on page

03-12-2024T02:41:01 - [TEST_STEP][PASSED] - click(findTestObject("Выручка по ДЗО/Фильтр Выручка")): Object: 'Object Repository/Выручка по ДЗО/Фильтр Выручка' is clicked on

03-12-2024T02:41:01 - [MESSAGE][PASSED] - Object: 'Object Repository/Выручка по ДЗО/Фильтр Выручка' is clicked on

03-12-2024T02:41:01 - [TEST_STEP][PASSED] - click(findTestObject("Выручка по ДЗО/Внутренний оборот в фильтре Выручка")): Object: 'Object Repository/Выручка по ДЗО/Внутренний оборот в фильтре Выручка' is clicked on

03-12-2024T02:41:01 - [MESSAGE][PASSED] - Object: 'Object Repository/Выручка по ДЗО/Внутренний оборот в фильтре Выручка' is clicked on

03-12-2024T02:41:01 - [TEST_STEP][PASSED] - click(findTestObject("Выручка по ДЗО/Применить в фильтре Выручка")): Object: 'Object Repository/Выручка по ДЗО/Применить в фильтре Выручка' is clicked on

03-12-2024T02:41:02 - [MESSAGE][PASSED] - Object: 'Object Repository/Выручка по ДЗО/Применить в фильтре Выручка' is clicked on

03-12-2024T02:41:02 - [TEST_STEP][PASSED] - Script1687405711779.Test(todaysDate): null

03-12-2024T02:41:02 - [TEST_STEP][FAILED] - if (verifyTextNotPresent("нет данных", false) == true): Text 'нет данных' is present on page  (Root cause: com.kms.katalon.core.exception.StepFailedException: Text 'нет данных' is present on page 
	at com.kms.katalon.core.webui.keyword.internal.WebUIKeywordMain.stepFailed(WebUIKeywordMain.groovy:64)
	at com.kms.katalon.core.webui.keyword.builtin.VerifyTextNotPresentKeyword$_verifyTextNotPresent_closure1.doCall(VerifyTextNotPresentKeyword.groovy:77)
	at com.kms.katalon.core.webui.keyword.builtin.VerifyTextNotPresentKeyword$_verifyTextNotPresent_closure1.call(VerifyTextNotPresentKeyword.groovy)
	at com.kms.katalon.core.webui.keyword.internal.WebUIKeywordMain.runKeyword(WebUIKeywordMain.groovy:20)
	at com.kms.katalon.core.webui.keyword.builtin.VerifyTextNotPresentKeyword.verifyTextNotPresent(VerifyTextNotPresentKeyword.groovy:82)
	at com.kms.katalon.core.webui.keyword.builtin.VerifyTextNotPresentKeyword.execute(VerifyTextNotPresentKeyword.groovy:68)
	at com.kms.katalon.core.keyword.internal.KeywordExecutor.executeKeywordForPlatform(KeywordExecutor.groovy:74)
	at com.kms.katalon.core.webui.keyword.WebUiBuiltInKeywords.verifyTextNotPresent(WebUiBuiltInKeywords.groovy:1795)
	at Выручка по ДЗО отображение данных все филиалы.Test(Выручка по ДЗО отображение данных все филиалы:782)
	at Выручка по ДЗО отображение данных все филиалы.Tumbler(Выручка по ДЗО отображение данных все филиалы:738)
	at Выручка по ДЗО отображение данных все филиалы.Change(Выручка по ДЗО отображение данных все филиалы:772)
	at Выручка по ДЗО отображение данных все филиалы.DzoTest(Выручка по ДЗО отображение данных все филиалы:156)
	at Выручка по ДЗО отображение данных все филиалы.run(Выручка по ДЗО отображение данных все филиалы:134)
	at com.kms.katalon.core.main.ScriptEngine.run(ScriptEngine.java:194)
	at com.kms.katalon.core.main.ScriptEngine.runScriptAsRawText(ScriptEngine.java:119)
	at com.kms.katalon.core.main.TestCaseExecutor.runScript(TestCaseExecutor.java:448)
	at com.kms.katalon.core.main.TestCaseExecutor.doExecute(TestCaseExecutor.java:439)
	at com.kms.katalon.core.main.TestCaseExecutor.processExecutionPhase(TestCaseExecutor.java:418)
	at com.kms.katalon.core.main.TestCaseExecutor.accessMainPhase(TestCaseExecutor.java:410)
	at com.kms.katalon.core.main.TestCaseExecutor.execute(TestCaseExecutor.java:285)
	at com.kms.katalon.core.common.CommonExecutor.accessTestCaseMainPhase(CommonExecutor.java:65)
	at com.kms.katalon.core.main.TestSuiteExecutor.accessTestSuiteMainPhase(TestSuiteExecutor.java:150)
	at com.kms.katalon.core.main.TestSuiteExecutor.execute(TestSuiteExecutor.java:106)
	at com.kms.katalon.core.main.TestCaseMain.startTestSuite(TestCaseMain.java:180)
	at TempTestSuite1733182698305.run(TempTestSuite1733182698305.groovy:35)
	at java.base/jdk.internal.reflect.NativeMethodAccessorImpl.invoke0(Native Method)
	at java.base/jdk.internal.reflect.NativeMethodAccessorImpl.invoke(NativeMethodAccessorImpl.java:77)
	at java.base/jdk.internal.reflect.DelegatingMethodAccessorImpl.invoke(DelegatingMethodAccessorImpl.java:43)
)

03-12-2024T02:41:04 - [MESSAGE][FAILED] - Text 'нет данных' is present on page  (Root cause: com.kms.katalon.core.exception.StepFailedException: Text 'нет данных' is present on page 
	at com.kms.katalon.core.webui.keyword.internal.WebUIKeywordMain.stepFailed(WebUIKeywordMain.groovy:64)
	at com.kms.katalon.core.webui.keyword.builtin.VerifyTextNotPresentKeyword$_verifyTextNotPresent_closure1.doCall(VerifyTextNotPresentKeyword.groovy:77)
	at com.kms.katalon.core.webui.keyword.builtin.VerifyTextNotPresentKeyword$_verifyTextNotPresent_closure1.call(VerifyTextNotPresentKeyword.groovy)
	at com.kms.katalon.core.webui.keyword.internal.WebUIKeywordMain.runKeyword(WebUIKeywordMain.groovy:20)
	at com.kms.katalon.core.webui.keyword.builtin.VerifyTextNotPresentKeyword.verifyTextNotPresent(VerifyTextNotPresentKeyword.groovy:82)
	at com.kms.katalon.core.webui.keyword.builtin.VerifyTextNotPresentKeyword.execute(VerifyTextNotPresentKeyword.groovy:68)
	at com.kms.katalon.core.keyword.internal.KeywordExecutor.executeKeywordForPlatform(KeywordExecutor.groovy:74)
	at com.kms.katalon.core.webui.keyword.WebUiBuiltInKeywords.verifyTextNotPresent(WebUiBuiltInKeywords.groovy:1795)
	at Выручка по ДЗО отображение данных все филиалы.Test(Выручка по ДЗО отображение данных все филиалы:782)
	at Выручка по ДЗО отображение данных все филиалы.Tumbler(Выручка по ДЗО отображение данных все филиалы:738)
	at Выручка по ДЗО отображение данных все филиалы.Change(Выручка по ДЗО отображение данных все филиалы:772)
	at Выручка по ДЗО отображение данных все филиалы.DzoTest(Выручка по ДЗО отображение данных все филиалы:156)
	at Выручка по ДЗО отображение данных все филиалы.run(Выручка по ДЗО отображение данных все филиалы:134)
	at com.kms.katalon.core.main.ScriptEngine.run(ScriptEngine.java:194)
	at com.kms.katalon.core.main.ScriptEngine.runScriptAsRawText(ScriptEngine.java:119)
	at com.kms.katalon.core.main.TestCaseExecutor.runScript(TestCaseExecutor.java:448)
	at com.kms.katalon.core.main.TestCaseExecutor.doExecute(TestCaseExecutor.java:439)
	at com.kms.katalon.core.main.TestCaseExecutor.processExecutionPhase(TestCaseExecutor.java:418)
	at com.kms.katalon.core.main.TestCaseExecutor.accessMainPhase(TestCaseExecutor.java:410)
	at com.kms.katalon.core.main.TestCaseExecutor.execute(TestCaseExecutor.java:285)
	at com.kms.katalon.core.common.CommonExecutor.accessTestCaseMainPhase(CommonExecutor.java:65)
	at com.kms.katalon.core.main.TestSuiteExecutor.accessTestSuiteMainPhase(TestSuiteExecutor.java:150)
	at com.kms.katalon.core.main.TestSuiteExecutor.execute(TestSuiteExecutor.java:106)
	at com.kms.katalon.core.main.TestCaseMain.startTestSuite(TestCaseMain.java:180)
	at TempTestSuite1733182698305.run(TempTestSuite1733182698305.groovy:35)
	at java.base/jdk.internal.reflect.NativeMethodAccessorImpl.invoke0(Native Method)
	at java.base/jdk.internal.reflect.NativeMethodAccessorImpl.invoke(NativeMethodAccessorImpl.java:77)
	at java.base/jdk.internal.reflect.DelegatingMethodAccessorImpl.invoke(DelegatingMethodAccessorImpl.java:43)
)

03-12-2024T02:41:04 - [TEST_STEP][PASSED] - else: null

03-12-2024T02:41:04 - [TEST_STEP][PASSED] - Script1687405711779.WriteToExcel(todaysDate): null

03-12-2024T02:41:04 - [TEST_STEP][PASSED] - sheetName = "Sheet1": null

03-12-2024T02:41:04 - [TEST_STEP][PASSED] - data = findTestData("PlanFact"): null

03-12-2024T02:41:04 - [TEST_STEP][PASSED] - n = data.getRowNumbers() + 1: null

03-12-2024T02:41:04 - [TEST_STEP][PASSED] - dZO = getText(findTestObject("Выручка по ДЗО/Фильтр ДЗО")): Text of object 'Object Repository/Выручка по ДЗО/Фильтр ДЗО' is: 'ПАО Россети - Магистральные сети'

03-12-2024T02:41:04 - [MESSAGE][PASSED] - Text of object 'Object Repository/Выручка по ДЗО/Фильтр ДЗО' is: 'ПАО Россети - Магистральные сети'

03-12-2024T02:41:04 - [TEST_STEP][PASSED] - period = getText(findTestObject("Выручка по ДЗО/Фильтр Дата")): Text of object 'Object Repository/Выручка по ДЗО/Фильтр Дата' is: '1, 2, 3 кв., Октябрь 2024 года'

03-12-2024T02:41:04 - [MESSAGE][PASSED] - Text of object 'Object Repository/Выручка по ДЗО/Фильтр Дата' is: '1, 2, 3 кв., Октябрь 2024 года'

03-12-2024T02:41:04 - [TEST_STEP][PASSED] - viruchka = getText(findTestObject("Выручка по ДЗО/Фильтр Выручка")): Text of object 'Object Repository/Выручка по ДЗО/Фильтр Выручка' is: 'внутренний оборот'

03-12-2024T02:41:05 - [MESSAGE][PASSED] - Text of object 'Object Repository/Выручка по ДЗО/Фильтр Выручка' is: 'внутренний оборот'

03-12-2024T02:41:05 - [TEST_STEP][PASSED] - if (viruchka == "Выбрано: 2"): null

03-12-2024T02:41:05 - [TEST_STEP][PASSED] - if (viruchka == "Все"): null

03-12-2024T02:41:05 - [TEST_STEP][PASSED] - println(period): null

03-12-2024T02:41:05 - [TEST_STEP][PASSED] - dashboardName = "Выручка по ДЗО": null

03-12-2024T02:41:05 - [TEST_STEP][PASSED] - workbook01 = getWorkbook(excelFilePath): null

03-12-2024T02:41:05 - [TEST_STEP][PASSED] - sheet01 = getExcelSheet(workbook01, sheetName): null

03-12-2024T02:41:05 - [TEST_STEP][PASSED] - setValueToCellByIndex(sheet01, n, 0, dashboardName): null

03-12-2024T02:41:05 - [TEST_STEP][PASSED] - setValueToCellByIndex(sheet01, n, 1, dZO): null

03-12-2024T02:41:05 - [TEST_STEP][PASSED] - setValueToCellByIndex(sheet01, n, 2, period): null

03-12-2024T02:41:05 - [TEST_STEP][PASSED] - setValueToCellByIndex(sheet01, n, 3, viruchka): null

03-12-2024T02:41:05 - [TEST_STEP][PASSED] - setValueToCellByIndex(sheet01, n, 4, todaysDate): null

03-12-2024T02:41:05 - [TEST_STEP][PASSED] - n = n + 1: null

03-12-2024T02:41:05 - [TEST_STEP][PASSED] - saveWorkbook(excelFilePath, workbook01): null

03-12-2024T02:41:05 - [TEST_STEP][PASSED] - click(findTestObject("Выручка по ДЗО/Фильтр Выручка")): Object: 'Object Repository/Выручка по ДЗО/Фильтр Выручка' is clicked on

03-12-2024T02:41:06 - [MESSAGE][PASSED] - Object: 'Object Repository/Выручка по ДЗО/Фильтр Выручка' is clicked on

03-12-2024T02:41:06 - [TEST_STEP][PASSED] - click(findTestObject("Выручка по ДЗО/По передаче в фильтре Выручка")): Object: 'Object Repository/Выручка по ДЗО/По передаче в фильтре Выручка' is clicked on

03-12-2024T02:41:06 - [MESSAGE][PASSED] - Object: 'Object Repository/Выручка по ДЗО/По передаче в фильтре Выручка' is clicked on

03-12-2024T02:41:06 - [TEST_STEP][PASSED] - click(findTestObject("Выручка по ДЗО/Применить в фильтре Выручка")): Object: 'Object Repository/Выручка по ДЗО/Применить в фильтре Выручка' is clicked on

03-12-2024T02:41:07 - [MESSAGE][PASSED] - Object: 'Object Repository/Выручка по ДЗО/Применить в фильтре Выручка' is clicked on

03-12-2024T02:41:07 - [TEST_STEP][PASSED] - Script1687405711779.Test(todaysDate): null

03-12-2024T02:41:07 - [TEST_STEP][PASSED] - if (verifyTextNotPresent("нет данных", false) == true): null

03-12-2024T02:41:09 - [MESSAGE][PASSED] - Text 'нет данных' is not present on page

03-12-2024T02:41:09 - [TEST_STEP][PASSED] - if (verifyTextNotPresent("Ошибка запроса данных", false) == true): null

03-12-2024T02:41:10 - [MESSAGE][PASSED] - Text 'Ошибка запроса данных' is not present on page

03-12-2024T02:41:10 - [TEST_STEP][PASSED] - if (verifyTextNotPresent("Произошла ошибка при выполнении пользовательского кода", false) == true): null

03-12-2024T02:41:10 - [MESSAGE][PASSED] - Text 'Произошла ошибка при выполнении пользовательского кода' is not present on page

03-12-2024T02:41:10 - [TEST_STEP][PASSED] - if (verifyTextNotPresent("У виджета нет данных", false) == true): null

03-12-2024T02:41:11 - [MESSAGE][PASSED] - Text 'У виджета нет данных' is not present on page

03-12-2024T02:41:11 - [TEST_STEP][PASSED] - if (verifyTextNotPresent("У виджета нет данных", false) == true): Text 'У виджета нет данных' is not present on page

03-12-2024T02:41:11 - [MESSAGE][PASSED] - Text 'У виджета нет данных' is not present on page

03-12-2024T02:41:11 - [TEST_STEP][PASSED] - click(findTestObject("Выручка по ДЗО/Фильтр Выручка")): Object: 'Object Repository/Выручка по ДЗО/Фильтр Выручка' is clicked on

03-12-2024T02:41:12 - [MESSAGE][PASSED] - Object: 'Object Repository/Выручка по ДЗО/Фильтр Выручка' is clicked on

03-12-2024T02:41:12 - [TEST_STEP][PASSED] - click(findTestObject("Выручка по ДЗО/Снять выделение в фильтре Выручка")): Object: 'Object Repository/Выручка по ДЗО/Снять выделение в фильтре Выручка' is clicked on

03-12-2024T02:41:12 - [MESSAGE][PASSED] - Object: 'Object Repository/Выручка по ДЗО/Снять выделение в фильтре Выручка' is clicked on

03-12-2024T02:41:12 - [TEST_STEP][PASSED] - click(findTestObject("Выручка по ДЗО/По передаче в фильтре Выручка")): Object: 'Object Repository/Выручка по ДЗО/По передаче в фильтре Выручка' is clicked on

03-12-2024T02:41:12 - [MESSAGE][PASSED] - Object: 'Object Repository/Выручка по ДЗО/По передаче в фильтре Выручка' is clicked on

03-12-2024T02:41:12 - [TEST_STEP][PASSED] - click(findTestObject("Выручка по ДЗО/Применить в фильтре Выручка")): Object: 'Object Repository/Выручка по ДЗО/Применить в фильтре Выручка' is clicked on

03-12-2024T02:41:13 - [MESSAGE][PASSED] - Object: 'Object Repository/Выручка по ДЗО/Применить в фильтре Выручка' is clicked on

03-12-2024T02:41:13 - [TEST_STEP][PASSED] - Script1687405711779.Test(todaysDate): null

03-12-2024T02:41:13 - [TEST_STEP][PASSED] - if (verifyTextNotPresent("нет данных", false) == true): null

03-12-2024T02:41:15 - [MESSAGE][PASSED] - Text 'нет данных' is not present on page

03-12-2024T02:41:15 - [TEST_STEP][PASSED] - if (verifyTextNotPresent("Ошибка запроса данных", false) == true): null

03-12-2024T02:41:16 - [MESSAGE][PASSED] - Text 'Ошибка запроса данных' is not present on page

03-12-2024T02:41:16 - [TEST_STEP][PASSED] - if (verifyTextNotPresent("Произошла ошибка при выполнении пользовательского кода", false) == true): null

03-12-2024T02:41:16 - [MESSAGE][PASSED] - Text 'Произошла ошибка при выполнении пользовательского кода' is not present on page

03-12-2024T02:41:16 - [TEST_STEP][PASSED] - if (verifyTextNotPresent("У виджета нет данных", false) == true): null

03-12-2024T02:41:17 - [MESSAGE][PASSED] - Text 'У виджета нет данных' is not present on page

03-12-2024T02:41:17 - [TEST_STEP][PASSED] - if (verifyTextNotPresent("У виджета нет данных", false) == true): Text 'У виджета нет данных' is not present on page

03-12-2024T02:41:17 - [MESSAGE][PASSED] - Text 'У виджета нет данных' is not present on page

03-12-2024T02:41:17 - [TEST_STEP][PASSED] - click(findTestObject("Выручка по ДЗО/Фильтр Выручка")): Object: 'Object Repository/Выручка по ДЗО/Фильтр Выручка' is clicked on

03-12-2024T02:41:18 - [MESSAGE][PASSED] - Object: 'Object Repository/Выручка по ДЗО/Фильтр Выручка' is clicked on

03-12-2024T02:41:18 - [TEST_STEP][PASSED] - click(findTestObject("Выручка по ДЗО/Снять выделение в фильтре Выручка")): Object: 'Object Repository/Выручка по ДЗО/Снять выделение в фильтре Выручка' is clicked on

03-12-2024T02:41:18 - [MESSAGE][PASSED] - Object: 'Object Repository/Выручка по ДЗО/Снять выделение в фильтре Выручка' is clicked on

03-12-2024T02:41:18 - [TEST_STEP][PASSED] - click(findTestObject("Выручка по ДЗО/Применить в фильтре Выручка")): Object: 'Object Repository/Выручка по ДЗО/Применить в фильтре Выручка' is clicked on

03-12-2024T02:41:19 - [MESSAGE][PASSED] - Object: 'Object Repository/Выручка по ДЗО/Применить в фильтре Выручка' is clicked on

03-12-2024T02:41:19 - [TEST_STEP][PASSED] - click(findTestObject("Выручка по ДЗО/Фильтр ДЗО")): Object: 'Object Repository/Выручка по ДЗО/Фильтр ДЗО' is clicked on

03-12-2024T02:41:20 - [MESSAGE][PASSED] - Object: 'Object Repository/Выручка по ДЗО/Фильтр ДЗО' is clicked on

03-12-2024T02:41:20 - [TEST_STEP][PASSED] - click(findTestObject("Выручка по ДЗО/Снять выделение в фильтре ДЗО")): Object: 'Object Repository/Выручка по ДЗО/Снять выделение в фильтре ДЗО' is clicked on

03-12-2024T02:41:21 - [MESSAGE][PASSED] - Object: 'Object Repository/Выручка по ДЗО/Снять выделение в фильтре ДЗО' is clicked on

03-12-2024T02:41:21 - [TEST_STEP][PASSED] - click(findTestObject("Выручка по ДЗО/Раскрыть список Магистральные сети")): Object: 'Object Repository/Выручка по ДЗО/Раскрыть список Магистральные сети' is clicked on

03-12-2024T02:41:21 - [MESSAGE][PASSED] - Object: 'Object Repository/Выручка по ДЗО/Раскрыть список Магистральные сети' is clicked on

03-12-2024T02:41:21 - [TEST_STEP][PASSED] - click(findTestObject("Выручка по ДЗО/Россети ФСК ЕЭС Выручка по ДЗО")): Object: 'Object Repository/Выручка по ДЗО/Россети ФСК ЕЭС Выручка по ДЗО' is clicked on

03-12-2024T02:41:21 - [MESSAGE][PASSED] - Object: 'Object Repository/Выручка по ДЗО/Россети ФСК ЕЭС Выручка по ДЗО' is clicked on

03-12-2024T02:41:21 - [TEST_STEP][PASSED] - Script1687405711779.Change(todaysDate): null

03-12-2024T02:41:21 - [TEST_STEP][PASSED] - scrollToElement(findTestObject("Выручка по ДЗО/Заголовок дашборда"), 30): Scroll to object 'Object Repository/Выручка по ДЗО/Заголовок дашборда' successfully

03-12-2024T02:41:22 - [MESSAGE][PASSED] - Scroll to object 'Object Repository/Выручка по ДЗО/Заголовок дашборда' successfully

03-12-2024T02:41:22 - [TEST_STEP][PASSED] - click(findTestObject("Выручка по ДЗО/Применить в фильтре ДЗО")): Object: 'Object Repository/Выручка по ДЗО/Применить в фильтре ДЗО' is clicked on

03-12-2024T02:41:22 - [MESSAGE][PASSED] - Object: 'Object Repository/Выручка по ДЗО/Применить в фильтре ДЗО' is clicked on

03-12-2024T02:41:22 - [TEST_STEP][PASSED] - Script1687405711779.Tumbler(todaysDate): null

03-12-2024T02:41:22 - [TEST_STEP][PASSED] - Script1687405711779.Test(todaysDate): null

03-12-2024T02:41:22 - [TEST_STEP][PASSED] - if (verifyTextNotPresent("нет данных", false) == true): null

03-12-2024T02:41:26 - [MESSAGE][PASSED] - Text 'нет данных' is not present on page

03-12-2024T02:41:26 - [TEST_STEP][PASSED] - if (verifyTextNotPresent("Ошибка запроса данных", false) == true): null

03-12-2024T02:41:26 - [MESSAGE][PASSED] - Text 'Ошибка запроса данных' is not present on page

03-12-2024T02:41:26 - [TEST_STEP][PASSED] - if (verifyTextNotPresent("Произошла ошибка при выполнении пользовательского кода", false) == true): null

03-12-2024T02:41:27 - [MESSAGE][PASSED] - Text 'Произошла ошибка при выполнении пользовательского кода' is not present on page

03-12-2024T02:41:27 - [TEST_STEP][PASSED] - if (verifyTextNotPresent("У виджета нет данных", false) == true): null

03-12-2024T02:41:27 - [MESSAGE][PASSED] - Text 'У виджета нет данных' is not present on page

03-12-2024T02:41:27 - [TEST_STEP][PASSED] - if (verifyTextNotPresent("У виджета нет данных", false) == true): Text 'У виджета нет данных' is not present on page

03-12-2024T02:41:28 - [MESSAGE][PASSED] - Text 'У виджета нет данных' is not present on page

03-12-2024T02:41:28 - [TEST_STEP][PASSED] - click(findTestObject("Выручка по ДЗО/Фильтр Выручка")): Object: 'Object Repository/Выручка по ДЗО/Фильтр Выручка' is clicked on

03-12-2024T02:41:28 - [MESSAGE][PASSED] - Object: 'Object Repository/Выручка по ДЗО/Фильтр Выручка' is clicked on

03-12-2024T02:41:28 - [TEST_STEP][PASSED] - click(findTestObject("Выручка по ДЗО/Внутренний оборот в фильтре Выручка")): Object: 'Object Repository/Выручка по ДЗО/Внутренний оборот в фильтре Выручка' is clicked on

03-12-2024T02:41:28 - [MESSAGE][PASSED] - Object: 'Object Repository/Выручка по ДЗО/Внутренний оборот в фильтре Выручка' is clicked on

03-12-2024T02:41:28 - [TEST_STEP][PASSED] - click(findTestObject("Выручка по ДЗО/Применить в фильтре Выручка")): Object: 'Object Repository/Выручка по ДЗО/Применить в фильтре Выручка' is clicked on

03-12-2024T02:41:29 - [MESSAGE][PASSED] - Object: 'Object Repository/Выручка по ДЗО/Применить в фильтре Выручка' is clicked on

03-12-2024T02:41:29 - [TEST_STEP][PASSED] - Script1687405711779.Test(todaysDate): null

03-12-2024T02:41:29 - [TEST_STEP][FAILED] - if (verifyTextNotPresent("нет данных", false) == true): Text 'нет данных' is present on page  (Root cause: com.kms.katalon.core.exception.StepFailedException: Text 'нет данных' is present on page 
	at com.kms.katalon.core.webui.keyword.internal.WebUIKeywordMain.stepFailed(WebUIKeywordMain.groovy:64)
	at com.kms.katalon.core.webui.keyword.builtin.VerifyTextNotPresentKeyword$_verifyTextNotPresent_closure1.doCall(VerifyTextNotPresentKeyword.groovy:77)
	at com.kms.katalon.core.webui.keyword.builtin.VerifyTextNotPresentKeyword$_verifyTextNotPresent_closure1.call(VerifyTextNotPresentKeyword.groovy)
	at com.kms.katalon.core.webui.keyword.internal.WebUIKeywordMain.runKeyword(WebUIKeywordMain.groovy:20)
	at com.kms.katalon.core.webui.keyword.builtin.VerifyTextNotPresentKeyword.verifyTextNotPresent(VerifyTextNotPresentKeyword.groovy:82)
	at com.kms.katalon.core.webui.keyword.builtin.VerifyTextNotPresentKeyword.execute(VerifyTextNotPresentKeyword.groovy:68)
	at com.kms.katalon.core.keyword.internal.KeywordExecutor.executeKeywordForPlatform(KeywordExecutor.groovy:74)
	at com.kms.katalon.core.webui.keyword.WebUiBuiltInKeywords.verifyTextNotPresent(WebUiBuiltInKeywords.groovy:1795)
	at Выручка по ДЗО отображение данных все филиалы.Test(Выручка по ДЗО отображение данных все филиалы:782)
	at Выручка по ДЗО отображение данных все филиалы.Tumbler(Выручка по ДЗО отображение данных все филиалы:738)
	at Выручка по ДЗО отображение данных все филиалы.Change(Выручка по ДЗО отображение данных все филиалы:772)
	at Выручка по ДЗО отображение данных все филиалы.DzoTest(Выручка по ДЗО отображение данных все филиалы:162)
	at Выручка по ДЗО отображение данных все филиалы.run(Выручка по ДЗО отображение данных все филиалы:134)
	at com.kms.katalon.core.main.ScriptEngine.run(ScriptEngine.java:194)
	at com.kms.katalon.core.main.ScriptEngine.runScriptAsRawText(ScriptEngine.java:119)
	at com.kms.katalon.core.main.TestCaseExecutor.runScript(TestCaseExecutor.java:448)
	at com.kms.katalon.core.main.TestCaseExecutor.doExecute(TestCaseExecutor.java:439)
	at com.kms.katalon.core.main.TestCaseExecutor.processExecutionPhase(TestCaseExecutor.java:418)
	at com.kms.katalon.core.main.TestCaseExecutor.accessMainPhase(TestCaseExecutor.java:410)
	at com.kms.katalon.core.main.TestCaseExecutor.execute(TestCaseExecutor.java:285)
	at com.kms.katalon.core.common.CommonExecutor.accessTestCaseMainPhase(CommonExecutor.java:65)
	at com.kms.katalon.core.main.TestSuiteExecutor.accessTestSuiteMainPhase(TestSuiteExecutor.java:150)
	at com.kms.katalon.core.main.TestSuiteExecutor.execute(TestSuiteExecutor.java:106)
	at com.kms.katalon.core.main.TestCaseMain.startTestSuite(TestCaseMain.java:180)
	at TempTestSuite1733182698305.run(TempTestSuite1733182698305.groovy:35)
	at java.base/jdk.internal.reflect.NativeMethodAccessorImpl.invoke0(Native Method)
	at java.base/jdk.internal.reflect.NativeMethodAccessorImpl.invoke(NativeMethodAccessorImpl.java:77)
	at java.base/jdk.internal.reflect.DelegatingMethodAccessorImpl.invoke(DelegatingMethodAccessorImpl.java:43)
)

03-12-2024T02:41:33 - [MESSAGE][FAILED] - Text 'нет данных' is present on page  (Root cause: com.kms.katalon.core.exception.StepFailedException: Text 'нет данных' is present on page 
	at com.kms.katalon.core.webui.keyword.internal.WebUIKeywordMain.stepFailed(WebUIKeywordMain.groovy:64)
	at com.kms.katalon.core.webui.keyword.builtin.VerifyTextNotPresentKeyword$_verifyTextNotPresent_closure1.doCall(VerifyTextNotPresentKeyword.groovy:77)
	at com.kms.katalon.core.webui.keyword.builtin.VerifyTextNotPresentKeyword$_verifyTextNotPresent_closure1.call(VerifyTextNotPresentKeyword.groovy)
	at com.kms.katalon.core.webui.keyword.internal.WebUIKeywordMain.runKeyword(WebUIKeywordMain.groovy:20)
	at com.kms.katalon.core.webui.keyword.builtin.VerifyTextNotPresentKeyword.verifyTextNotPresent(VerifyTextNotPresentKeyword.groovy:82)
	at com.kms.katalon.core.webui.keyword.builtin.VerifyTextNotPresentKeyword.execute(VerifyTextNotPresentKeyword.groovy:68)
	at com.kms.katalon.core.keyword.internal.KeywordExecutor.executeKeywordForPlatform(KeywordExecutor.groovy:74)
	at com.kms.katalon.core.webui.keyword.WebUiBuiltInKeywords.verifyTextNotPresent(WebUiBuiltInKeywords.groovy:1795)
	at Выручка по ДЗО отображение данных все филиалы.Test(Выручка по ДЗО отображение данных все филиалы:782)
	at Выручка по ДЗО отображение данных все филиалы.Tumbler(Выручка по ДЗО отображение данных все филиалы:738)
	at Выручка по ДЗО отображение данных все филиалы.Change(Выручка по ДЗО отображение данных все филиалы:772)
	at Выручка по ДЗО отображение данных все филиалы.DzoTest(Выручка по ДЗО отображение данных все филиалы:162)
	at Выручка по ДЗО отображение данных все филиалы.run(Выручка по ДЗО отображение данных все филиалы:134)
	at com.kms.katalon.core.main.ScriptEngine.run(ScriptEngine.java:194)
	at com.kms.katalon.core.main.ScriptEngine.runScriptAsRawText(ScriptEngine.java:119)
	at com.kms.katalon.core.main.TestCaseExecutor.runScript(TestCaseExecutor.java:448)
	at com.kms.katalon.core.main.TestCaseExecutor.doExecute(TestCaseExecutor.java:439)
	at com.kms.katalon.core.main.TestCaseExecutor.processExecutionPhase(TestCaseExecutor.java:418)
	at com.kms.katalon.core.main.TestCaseExecutor.accessMainPhase(TestCaseExecutor.java:410)
	at com.kms.katalon.core.main.TestCaseExecutor.execute(TestCaseExecutor.java:285)
	at com.kms.katalon.core.common.CommonExecutor.accessTestCaseMainPhase(CommonExecutor.java:65)
	at com.kms.katalon.core.main.TestSuiteExecutor.accessTestSuiteMainPhase(TestSuiteExecutor.java:150)
	at com.kms.katalon.core.main.TestSuiteExecutor.execute(TestSuiteExecutor.java:106)
	at com.kms.katalon.core.main.TestCaseMain.startTestSuite(TestCaseMain.java:180)
	at TempTestSuite1733182698305.run(TempTestSuite1733182698305.groovy:35)
	at java.base/jdk.internal.reflect.NativeMethodAccessorImpl.invoke0(Native Method)
	at java.base/jdk.internal.reflect.NativeMethodAccessorImpl.invoke(NativeMethodAccessorImpl.java:77)
	at java.base/jdk.internal.reflect.DelegatingMethodAccessorImpl.invoke(DelegatingMethodAccessorImpl.java:43)
)

03-12-2024T02:41:33 - [TEST_STEP][PASSED] - else: null

03-12-2024T02:41:33 - [TEST_STEP][PASSED] - Script1687405711779.WriteToExcel(todaysDate): null

03-12-2024T02:41:33 - [TEST_STEP][PASSED] - sheetName = "Sheet1": null

03-12-2024T02:41:33 - [TEST_STEP][PASSED] - data = findTestData("PlanFact"): null

03-12-2024T02:41:33 - [TEST_STEP][PASSED] - n = data.getRowNumbers() + 1: null

03-12-2024T02:41:33 - [TEST_STEP][PASSED] - dZO = getText(findTestObject("Выручка по ДЗО/Фильтр ДЗО")): Text of object 'Object Repository/Выручка по ДЗО/Фильтр ДЗО' is: 'ПАО Россети - Магистральные сети - Россети ФСК ЕЭС'

03-12-2024T02:41:33 - [MESSAGE][PASSED] - Text of object 'Object Repository/Выручка по ДЗО/Фильтр ДЗО' is: 'ПАО Россети - Магистральные сети - Россети ФСК ЕЭС'

03-12-2024T02:41:33 - [TEST_STEP][PASSED] - period = getText(findTestObject("Выручка по ДЗО/Фильтр Дата")): Text of object 'Object Repository/Выручка по ДЗО/Фильтр Дата' is: '1, 2, 3 кв., Октябрь 2024 года'

03-12-2024T02:41:33 - [MESSAGE][PASSED] - Text of object 'Object Repository/Выручка по ДЗО/Фильтр Дата' is: '1, 2, 3 кв., Октябрь 2024 года'

03-12-2024T02:41:33 - [TEST_STEP][PASSED] - viruchka = getText(findTestObject("Выручка по ДЗО/Фильтр Выручка")): Text of object 'Object Repository/Выручка по ДЗО/Фильтр Выручка' is: 'внутренний оборот'

03-12-2024T02:41:34 - [MESSAGE][PASSED] - Text of object 'Object Repository/Выручка по ДЗО/Фильтр Выручка' is: 'внутренний оборот'

03-12-2024T02:41:34 - [TEST_STEP][PASSED] - if (viruchka == "Выбрано: 2"): null

03-12-2024T02:41:34 - [TEST_STEP][PASSED] - if (viruchka == "Все"): null

03-12-2024T02:41:34 - [TEST_STEP][PASSED] - println(period): null

03-12-2024T02:41:34 - [TEST_STEP][PASSED] - dashboardName = "Выручка по ДЗО": null

03-12-2024T02:41:34 - [TEST_STEP][PASSED] - workbook01 = getWorkbook(excelFilePath): null

03-12-2024T02:41:34 - [TEST_STEP][PASSED] - sheet01 = getExcelSheet(workbook01, sheetName): null

03-12-2024T02:41:34 - [TEST_STEP][PASSED] - setValueToCellByIndex(sheet01, n, 0, dashboardName): null

03-12-2024T02:41:34 - [TEST_STEP][PASSED] - setValueToCellByIndex(sheet01, n, 1, dZO): null

03-12-2024T02:41:34 - [TEST_STEP][PASSED] - setValueToCellByIndex(sheet01, n, 2, period): null

03-12-2024T02:41:34 - [TEST_STEP][PASSED] - setValueToCellByIndex(sheet01, n, 3, viruchka): null

03-12-2024T02:41:34 - [TEST_STEP][PASSED] - setValueToCellByIndex(sheet01, n, 4, todaysDate): null

03-12-2024T02:41:34 - [TEST_STEP][PASSED] - n = n + 1: null

03-12-2024T02:41:34 - [TEST_STEP][PASSED] - saveWorkbook(excelFilePath, workbook01): null

03-12-2024T02:41:34 - [TEST_STEP][PASSED] - click(findTestObject("Выручка по ДЗО/Фильтр Выручка")): Object: 'Object Repository/Выручка по ДЗО/Фильтр Выручка' is clicked on

03-12-2024T02:41:34 - [MESSAGE][PASSED] - Object: 'Object Repository/Выручка по ДЗО/Фильтр Выручка' is clicked on

03-12-2024T02:41:34 - [TEST_STEP][PASSED] - click(findTestObject("Выручка по ДЗО/По передаче в фильтре Выручка")): Object: 'Object Repository/Выручка по ДЗО/По передаче в фильтре Выручка' is clicked on

03-12-2024T02:41:35 - [MESSAGE][PASSED] - Object: 'Object Repository/Выручка по ДЗО/По передаче в фильтре Выручка' is clicked on

03-12-2024T02:41:35 - [TEST_STEP][PASSED] - click(findTestObject("Выручка по ДЗО/Применить в фильтре Выручка")): Object: 'Object Repository/Выручка по ДЗО/Применить в фильтре Выручка' is clicked on

03-12-2024T02:41:35 - [MESSAGE][PASSED] - Object: 'Object Repository/Выручка по ДЗО/Применить в фильтре Выручка' is clicked on

03-12-2024T02:41:35 - [TEST_STEP][PASSED] - Script1687405711779.Test(todaysDate): null

03-12-2024T02:41:35 - [TEST_STEP][PASSED] - if (verifyTextNotPresent("нет данных", false) == true): null

03-12-2024T02:41:38 - [MESSAGE][PASSED] - Text 'нет данных' is not present on page

03-12-2024T02:41:38 - [TEST_STEP][PASSED] - if (verifyTextNotPresent("Ошибка запроса данных", false) == true): null

03-12-2024T02:41:39 - [MESSAGE][PASSED] - Text 'Ошибка запроса данных' is not present on page

03-12-2024T02:41:39 - [TEST_STEP][PASSED] - if (verifyTextNotPresent("Произошла ошибка при выполнении пользовательского кода", false) == true): null

03-12-2024T02:41:39 - [MESSAGE][PASSED] - Text 'Произошла ошибка при выполнении пользовательского кода' is not present on page

03-12-2024T02:41:39 - [TEST_STEP][PASSED] - if (verifyTextNotPresent("У виджета нет данных", false) == true): null

03-12-2024T02:41:40 - [MESSAGE][PASSED] - Text 'У виджета нет данных' is not present on page

03-12-2024T02:41:40 - [TEST_STEP][PASSED] - if (verifyTextNotPresent("У виджета нет данных", false) == true): Text 'У виджета нет данных' is not present on page

03-12-2024T02:41:40 - [MESSAGE][PASSED] - Text 'У виджета нет данных' is not present on page

03-12-2024T02:41:40 - [TEST_STEP][PASSED] - click(findTestObject("Выручка по ДЗО/Фильтр Выручка")): Object: 'Object Repository/Выручка по ДЗО/Фильтр Выручка' is clicked on

03-12-2024T02:41:40 - [MESSAGE][PASSED] - Object: 'Object Repository/Выручка по ДЗО/Фильтр Выручка' is clicked on

03-12-2024T02:41:40 - [TEST_STEP][PASSED] - click(findTestObject("Выручка по ДЗО/Снять выделение в фильтре Выручка")): Object: 'Object Repository/Выручка по ДЗО/Снять выделение в фильтре Выручка' is clicked on

03-12-2024T02:41:41 - [MESSAGE][PASSED] - Object: 'Object Repository/Выручка по ДЗО/Снять выделение в фильтре Выручка' is clicked on

03-12-2024T02:41:41 - [TEST_STEP][PASSED] - click(findTestObject("Выручка по ДЗО/По передаче в фильтре Выручка")): Object: 'Object Repository/Выручка по ДЗО/По передаче в фильтре Выручка' is clicked on

03-12-2024T02:41:41 - [MESSAGE][PASSED] - Object: 'Object Repository/Выручка по ДЗО/По передаче в фильтре Выручка' is clicked on

03-12-2024T02:41:41 - [TEST_STEP][PASSED] - click(findTestObject("Выручка по ДЗО/Применить в фильтре Выручка")): Object: 'Object Repository/Выручка по ДЗО/Применить в фильтре Выручка' is clicked on

03-12-2024T02:41:42 - [MESSAGE][PASSED] - Object: 'Object Repository/Выручка по ДЗО/Применить в фильтре Выручка' is clicked on

03-12-2024T02:41:42 - [TEST_STEP][PASSED] - Script1687405711779.Test(todaysDate): null

03-12-2024T02:41:42 - [TEST_STEP][PASSED] - if (verifyTextNotPresent("нет данных", false) == true): null

03-12-2024T02:41:44 - [MESSAGE][PASSED] - Text 'нет данных' is not present on page

03-12-2024T02:41:44 - [TEST_STEP][PASSED] - if (verifyTextNotPresent("Ошибка запроса данных", false) == true): null

03-12-2024T02:41:44 - [MESSAGE][PASSED] - Text 'Ошибка запроса данных' is not present on page

03-12-2024T02:41:44 - [TEST_STEP][PASSED] - if (verifyTextNotPresent("Произошла ошибка при выполнении пользовательского кода", false) == true): null

03-12-2024T02:41:45 - [MESSAGE][PASSED] - Text 'Произошла ошибка при выполнении пользовательского кода' is not present on page

03-12-2024T02:41:45 - [TEST_STEP][PASSED] - if (verifyTextNotPresent("У виджета нет данных", false) == true): null

03-12-2024T02:41:45 - [MESSAGE][PASSED] - Text 'У виджета нет данных' is not present on page

03-12-2024T02:41:45 - [TEST_STEP][PASSED] - if (verifyTextNotPresent("У виджета нет данных", false) == true): Text 'У виджета нет данных' is not present on page

03-12-2024T02:41:46 - [MESSAGE][PASSED] - Text 'У виджета нет данных' is not present on page

03-12-2024T02:41:46 - [TEST_STEP][PASSED] - click(findTestObject("Выручка по ДЗО/Фильтр Выручка")): Object: 'Object Repository/Выручка по ДЗО/Фильтр Выручка' is clicked on

03-12-2024T02:41:46 - [MESSAGE][PASSED] - Object: 'Object Repository/Выручка по ДЗО/Фильтр Выручка' is clicked on

03-12-2024T02:41:46 - [TEST_STEP][PASSED] - click(findTestObject("Выручка по ДЗО/Снять выделение в фильтре Выручка")): Object: 'Object Repository/Выручка по ДЗО/Снять выделение в фильтре Выручка' is clicked on

03-12-2024T02:41:47 - [MESSAGE][PASSED] - Object: 'Object Repository/Выручка по ДЗО/Снять выделение в фильтре Выручка' is clicked on

03-12-2024T02:41:47 - [TEST_STEP][PASSED] - click(findTestObject("Выручка по ДЗО/Применить в фильтре Выручка")): Object: 'Object Repository/Выручка по ДЗО/Применить в фильтре Выручка' is clicked on

03-12-2024T02:41:47 - [MESSAGE][PASSED] - Object: 'Object Repository/Выручка по ДЗО/Применить в фильтре Выручка' is clicked on

03-12-2024T02:41:47 - [TEST_STEP][PASSED] - click(findTestObject("Выручка по ДЗО/Фильтр ДЗО")): Object: 'Object Repository/Выручка по ДЗО/Фильтр ДЗО' is clicked on

03-12-2024T02:41:49 - [MESSAGE][PASSED] - Object: 'Object Repository/Выручка по ДЗО/Фильтр ДЗО' is clicked on

03-12-2024T02:41:49 - [TEST_STEP][PASSED] - click(findTestObject("Выручка по ДЗО/Снять выделение в фильтре ДЗО")): Object: 'Object Repository/Выручка по ДЗО/Снять выделение в фильтре ДЗО' is clicked on

03-12-2024T02:41:49 - [MESSAGE][PASSED] - Object: 'Object Repository/Выручка по ДЗО/Снять выделение в фильтре ДЗО' is clicked on

03-12-2024T02:41:49 - [TEST_STEP][PASSED] - click(findTestObject("Выручка по ДЗО/Раскрыть список Россети ФСК ЕЭС")): Object: 'Object Repository/Выручка по ДЗО/Раскрыть список Россети ФСК ЕЭС' is clicked on

03-12-2024T02:41:50 - [MESSAGE][PASSED] - Object: 'Object Repository/Выручка по ДЗО/Раскрыть список Россети ФСК ЕЭС' is clicked on

03-12-2024T02:41:50 - [TEST_STEP][PASSED] - click(findTestObject("Выручка по ДЗО/ИА ФСК ЕЭС")): Object: 'Object Repository/Выручка по ДЗО/ИА ФСК ЕЭС' is clicked on

03-12-2024T02:41:50 - [MESSAGE][PASSED] - Object: 'Object Repository/Выручка по ДЗО/ИА ФСК ЕЭС' is clicked on

03-12-2024T02:41:50 - [TEST_STEP][PASSED] - Script1687405711779.Change(todaysDate): null

03-12-2024T02:41:50 - [TEST_STEP][PASSED] - scrollToElement(findTestObject("Выручка по ДЗО/Заголовок дашборда"), 30): Scroll to object 'Object Repository/Выручка по ДЗО/Заголовок дашборда' successfully

03-12-2024T02:41:50 - [MESSAGE][PASSED] - Scroll to object 'Object Repository/Выручка по ДЗО/Заголовок дашборда' successfully

03-12-2024T02:41:50 - [TEST_STEP][PASSED] - click(findTestObject("Выручка по ДЗО/Применить в фильтре ДЗО")): Object: 'Object Repository/Выручка по ДЗО/Применить в фильтре ДЗО' is clicked on

03-12-2024T02:41:51 - [MESSAGE][PASSED] - Object: 'Object Repository/Выручка по ДЗО/Применить в фильтре ДЗО' is clicked on

03-12-2024T02:41:51 - [TEST_STEP][PASSED] - Script1687405711779.Tumbler(todaysDate): null

03-12-2024T02:41:51 - [TEST_STEP][PASSED] - Script1687405711779.Test(todaysDate): null

03-12-2024T02:41:51 - [TEST_STEP][FAILED] - if (verifyTextNotPresent("нет данных", false) == true): Text 'нет данных' is present on page  (Root cause: com.kms.katalon.core.exception.StepFailedException: Text 'нет данных' is present on page 
	at com.kms.katalon.core.webui.keyword.internal.WebUIKeywordMain.stepFailed(WebUIKeywordMain.groovy:64)
	at com.kms.katalon.core.webui.keyword.builtin.VerifyTextNotPresentKeyword$_verifyTextNotPresent_closure1.doCall(VerifyTextNotPresentKeyword.groovy:77)
	at com.kms.katalon.core.webui.keyword.builtin.VerifyTextNotPresentKeyword$_verifyTextNotPresent_closure1.call(VerifyTextNotPresentKeyword.groovy)
	at com.kms.katalon.core.webui.keyword.internal.WebUIKeywordMain.runKeyword(WebUIKeywordMain.groovy:20)
	at com.kms.katalon.core.webui.keyword.builtin.VerifyTextNotPresentKeyword.verifyTextNotPresent(VerifyTextNotPresentKeyword.groovy:82)
	at com.kms.katalon.core.webui.keyword.builtin.VerifyTextNotPresentKeyword.execute(VerifyTextNotPresentKeyword.groovy:68)
	at com.kms.katalon.core.keyword.internal.KeywordExecutor.executeKeywordForPlatform(KeywordExecutor.groovy:74)
	at com.kms.katalon.core.webui.keyword.WebUiBuiltInKeywords.verifyTextNotPresent(WebUiBuiltInKeywords.groovy:1795)
	at Выручка по ДЗО отображение данных все филиалы.Test(Выручка по ДЗО отображение данных все филиалы:782)
	at Выручка по ДЗО отображение данных все филиалы.Tumbler(Выручка по ДЗО отображение данных все филиалы:730)
	at Выручка по ДЗО отображение данных все филиалы.Change(Выручка по ДЗО отображение данных все филиалы:772)
	at Выручка по ДЗО отображение данных все филиалы.DzoTest(Выручка по ДЗО отображение данных все филиалы:168)
	at Выручка по ДЗО отображение данных все филиалы.run(Выручка по ДЗО отображение данных все филиалы:134)
	at com.kms.katalon.core.main.ScriptEngine.run(ScriptEngine.java:194)
	at com.kms.katalon.core.main.ScriptEngine.runScriptAsRawText(ScriptEngine.java:119)
	at com.kms.katalon.core.main.TestCaseExecutor.runScript(TestCaseExecutor.java:448)
	at com.kms.katalon.core.main.TestCaseExecutor.doExecute(TestCaseExecutor.java:439)
	at com.kms.katalon.core.main.TestCaseExecutor.processExecutionPhase(TestCaseExecutor.java:418)
	at com.kms.katalon.core.main.TestCaseExecutor.accessMainPhase(TestCaseExecutor.java:410)
	at com.kms.katalon.core.main.TestCaseExecutor.execute(TestCaseExecutor.java:285)
	at com.kms.katalon.core.common.CommonExecutor.accessTestCaseMainPhase(CommonExecutor.java:65)
	at com.kms.katalon.core.main.TestSuiteExecutor.accessTestSuiteMainPhase(TestSuiteExecutor.java:150)
	at com.kms.katalon.core.main.TestSuiteExecutor.execute(TestSuiteExecutor.java:106)
	at com.kms.katalon.core.main.TestCaseMain.startTestSuite(TestCaseMain.java:180)
	at TempTestSuite1733182698305.run(TempTestSuite1733182698305.groovy:35)
	at java.base/jdk.internal.reflect.NativeMethodAccessorImpl.invoke0(Native Method)
	at java.base/jdk.internal.reflect.NativeMethodAccessorImpl.invoke(NativeMethodAccessorImpl.java:77)
	at java.base/jdk.internal.reflect.DelegatingMethodAccessorImpl.invoke(DelegatingMethodAccessorImpl.java:43)
)

03-12-2024T02:41:54 - [MESSAGE][FAILED] - Text 'нет данных' is present on page  (Root cause: com.kms.katalon.core.exception.StepFailedException: Text 'нет данных' is present on page 
	at com.kms.katalon.core.webui.keyword.internal.WebUIKeywordMain.stepFailed(WebUIKeywordMain.groovy:64)
	at com.kms.katalon.core.webui.keyword.builtin.VerifyTextNotPresentKeyword$_verifyTextNotPresent_closure1.doCall(VerifyTextNotPresentKeyword.groovy:77)
	at com.kms.katalon.core.webui.keyword.builtin.VerifyTextNotPresentKeyword$_verifyTextNotPresent_closure1.call(VerifyTextNotPresentKeyword.groovy)
	at com.kms.katalon.core.webui.keyword.internal.WebUIKeywordMain.runKeyword(WebUIKeywordMain.groovy:20)
	at com.kms.katalon.core.webui.keyword.builtin.VerifyTextNotPresentKeyword.verifyTextNotPresent(VerifyTextNotPresentKeyword.groovy:82)
	at com.kms.katalon.core.webui.keyword.builtin.VerifyTextNotPresentKeyword.execute(VerifyTextNotPresentKeyword.groovy:68)
	at com.kms.katalon.core.keyword.internal.KeywordExecutor.executeKeywordForPlatform(KeywordExecutor.groovy:74)
	at com.kms.katalon.core.webui.keyword.WebUiBuiltInKeywords.verifyTextNotPresent(WebUiBuiltInKeywords.groovy:1795)
	at Выручка по ДЗО отображение данных все филиалы.Test(Выручка по ДЗО отображение данных все филиалы:782)
	at Выручка по ДЗО отображение данных все филиалы.Tumbler(Выручка по ДЗО отображение данных все филиалы:730)
	at Выручка по ДЗО отображение данных все филиалы.Change(Выручка по ДЗО отображение данных все филиалы:772)
	at Выручка по ДЗО отображение данных все филиалы.DzoTest(Выручка по ДЗО отображение данных все филиалы:168)
	at Выручка по ДЗО отображение данных все филиалы.run(Выручка по ДЗО отображение данных все филиалы:134)
	at com.kms.katalon.core.main.ScriptEngine.run(ScriptEngine.java:194)
	at com.kms.katalon.core.main.ScriptEngine.runScriptAsRawText(ScriptEngine.java:119)
	at com.kms.katalon.core.main.TestCaseExecutor.runScript(TestCaseExecutor.java:448)
	at com.kms.katalon.core.main.TestCaseExecutor.doExecute(TestCaseExecutor.java:439)
	at com.kms.katalon.core.main.TestCaseExecutor.processExecutionPhase(TestCaseExecutor.java:418)
	at com.kms.katalon.core.main.TestCaseExecutor.accessMainPhase(TestCaseExecutor.java:410)
	at com.kms.katalon.core.main.TestCaseExecutor.execute(TestCaseExecutor.java:285)
	at com.kms.katalon.core.common.CommonExecutor.accessTestCaseMainPhase(CommonExecutor.java:65)
	at com.kms.katalon.core.main.TestSuiteExecutor.accessTestSuiteMainPhase(TestSuiteExecutor.java:150)
	at com.kms.katalon.core.main.TestSuiteExecutor.execute(TestSuiteExecutor.java:106)
	at com.kms.katalon.core.main.TestCaseMain.startTestSuite(TestCaseMain.java:180)
	at TempTestSuite1733182698305.run(TempTestSuite1733182698305.groovy:35)
	at java.base/jdk.internal.reflect.NativeMethodAccessorImpl.invoke0(Native Method)
	at java.base/jdk.internal.reflect.NativeMethodAccessorImpl.invoke(NativeMethodAccessorImpl.java:77)
	at java.base/jdk.internal.reflect.DelegatingMethodAccessorImpl.invoke(DelegatingMethodAccessorImpl.java:43)
)

03-12-2024T02:41:54 - [TEST_STEP][PASSED] - else: null

03-12-2024T02:41:54 - [TEST_STEP][PASSED] - Script1687405711779.WriteToExcel(todaysDate): null

03-12-2024T02:41:54 - [TEST_STEP][PASSED] - sheetName = "Sheet1": null

03-12-2024T02:41:54 - [TEST_STEP][PASSED] - data = findTestData("PlanFact"): null

03-12-2024T02:41:54 - [TEST_STEP][PASSED] - n = data.getRowNumbers() + 1: null

03-12-2024T02:41:54 - [TEST_STEP][PASSED] - dZO = getText(findTestObject("Выручка по ДЗО/Фильтр ДЗО")): Text of object 'Object Repository/Выручка по ДЗО/Фильтр ДЗО' is: 'ПАО Россети - Магистральные сети - Россети ФСК ЕЭС - ИА ФСК ЕЭС'

03-12-2024T02:41:54 - [MESSAGE][PASSED] - Text of object 'Object Repository/Выручка по ДЗО/Фильтр ДЗО' is: 'ПАО Россети - Магистральные сети - Россети ФСК ЕЭС - ИА ФСК ЕЭС'

03-12-2024T02:41:54 - [TEST_STEP][PASSED] - period = getText(findTestObject("Выручка по ДЗО/Фильтр Дата")): Text of object 'Object Repository/Выручка по ДЗО/Фильтр Дата' is: '1, 2, 3 кв., Октябрь 2024 года'

03-12-2024T02:41:55 - [MESSAGE][PASSED] - Text of object 'Object Repository/Выручка по ДЗО/Фильтр Дата' is: '1, 2, 3 кв., Октябрь 2024 года'

03-12-2024T02:41:55 - [TEST_STEP][PASSED] - viruchka = getText(findTestObject("Выручка по ДЗО/Фильтр Выручка")): Text of object 'Object Repository/Выручка по ДЗО/Фильтр Выручка' is: 'Все'

03-12-2024T02:41:55 - [MESSAGE][PASSED] - Text of object 'Object Repository/Выручка по ДЗО/Фильтр Выручка' is: 'Все'

03-12-2024T02:41:55 - [TEST_STEP][PASSED] - if (viruchka == "Выбрано: 2"): null

03-12-2024T02:41:55 - [TEST_STEP][PASSED] - if (viruchka == "Все"): null

03-12-2024T02:41:55 - [TEST_STEP][PASSED] - viruchka = "Не выбран ни один пункт": null

03-12-2024T02:41:55 - [TEST_STEP][PASSED] - println(period): null

03-12-2024T02:41:55 - [TEST_STEP][PASSED] - dashboardName = "Выручка по ДЗО": null

03-12-2024T02:41:55 - [TEST_STEP][PASSED] - workbook01 = getWorkbook(excelFilePath): null

03-12-2024T02:41:55 - [TEST_STEP][PASSED] - sheet01 = getExcelSheet(workbook01, sheetName): null

03-12-2024T02:41:55 - [TEST_STEP][PASSED] - setValueToCellByIndex(sheet01, n, 0, dashboardName): null

03-12-2024T02:41:55 - [TEST_STEP][PASSED] - setValueToCellByIndex(sheet01, n, 1, dZO): null

03-12-2024T02:41:55 - [TEST_STEP][PASSED] - setValueToCellByIndex(sheet01, n, 2, period): null

03-12-2024T02:41:55 - [TEST_STEP][PASSED] - setValueToCellByIndex(sheet01, n, 3, viruchka): null

03-12-2024T02:41:55 - [TEST_STEP][PASSED] - setValueToCellByIndex(sheet01, n, 4, todaysDate): null

03-12-2024T02:41:55 - [TEST_STEP][PASSED] - n = n + 1: null

03-12-2024T02:41:55 - [TEST_STEP][PASSED] - saveWorkbook(excelFilePath, workbook01): null

03-12-2024T02:41:55 - [TEST_STEP][PASSED] - click(findTestObject("Выручка по ДЗО/Фильтр Выручка")): Object: 'Object Repository/Выручка по ДЗО/Фильтр Выручка' is clicked on

03-12-2024T02:41:56 - [MESSAGE][PASSED] - Object: 'Object Repository/Выручка по ДЗО/Фильтр Выручка' is clicked on

03-12-2024T02:41:56 - [TEST_STEP][PASSED] - click(findTestObject("Выручка по ДЗО/Внутренний оборот в фильтре Выручка")): Object: 'Object Repository/Выручка по ДЗО/Внутренний оборот в фильтре Выручка' is clicked on

03-12-2024T02:41:56 - [MESSAGE][PASSED] - Object: 'Object Repository/Выручка по ДЗО/Внутренний оборот в фильтре Выручка' is clicked on

03-12-2024T02:41:56 - [TEST_STEP][PASSED] - click(findTestObject("Выручка по ДЗО/Применить в фильтре Выручка")): Object: 'Object Repository/Выручка по ДЗО/Применить в фильтре Выручка' is clicked on

03-12-2024T02:41:57 - [MESSAGE][PASSED] - Object: 'Object Repository/Выручка по ДЗО/Применить в фильтре Выручка' is clicked on

03-12-2024T02:41:57 - [TEST_STEP][PASSED] - Script1687405711779.Test(todaysDate): null

03-12-2024T02:41:57 - [TEST_STEP][FAILED] - if (verifyTextNotPresent("нет данных", false) == true): Text 'нет данных' is present on page  (Root cause: com.kms.katalon.core.exception.StepFailedException: Text 'нет данных' is present on page 
	at com.kms.katalon.core.webui.keyword.internal.WebUIKeywordMain.stepFailed(WebUIKeywordMain.groovy:64)
	at com.kms.katalon.core.webui.keyword.builtin.VerifyTextNotPresentKeyword$_verifyTextNotPresent_closure1.doCall(VerifyTextNotPresentKeyword.groovy:77)
	at com.kms.katalon.core.webui.keyword.builtin.VerifyTextNotPresentKeyword$_verifyTextNotPresent_closure1.call(VerifyTextNotPresentKeyword.groovy)
	at com.kms.katalon.core.webui.keyword.internal.WebUIKeywordMain.runKeyword(WebUIKeywordMain.groovy:20)
	at com.kms.katalon.core.webui.keyword.builtin.VerifyTextNotPresentKeyword.verifyTextNotPresent(VerifyTextNotPresentKeyword.groovy:82)
	at com.kms.katalon.core.webui.keyword.builtin.VerifyTextNotPresentKeyword.execute(VerifyTextNotPresentKeyword.groovy:68)
	at com.kms.katalon.core.keyword.internal.KeywordExecutor.executeKeywordForPlatform(KeywordExecutor.groovy:74)
	at com.kms.katalon.core.webui.keyword.WebUiBuiltInKeywords.verifyTextNotPresent(WebUiBuiltInKeywords.groovy:1795)
	at Выручка по ДЗО отображение данных все филиалы.Test(Выручка по ДЗО отображение данных все филиалы:782)
	at Выручка по ДЗО отображение данных все филиалы.Tumbler(Выручка по ДЗО отображение данных все филиалы:738)
	at Выручка по ДЗО отображение данных все филиалы.Change(Выручка по ДЗО отображение данных все филиалы:772)
	at Выручка по ДЗО отображение данных все филиалы.DzoTest(Выручка по ДЗО отображение данных все филиалы:168)
	at Выручка по ДЗО отображение данных все филиалы.run(Выручка по ДЗО отображение данных все филиалы:134)
	at com.kms.katalon.core.main.ScriptEngine.run(ScriptEngine.java:194)
	at com.kms.katalon.core.main.ScriptEngine.runScriptAsRawText(ScriptEngine.java:119)
	at com.kms.katalon.core.main.TestCaseExecutor.runScript(TestCaseExecutor.java:448)
	at com.kms.katalon.core.main.TestCaseExecutor.doExecute(TestCaseExecutor.java:439)
	at com.kms.katalon.core.main.TestCaseExecutor.processExecutionPhase(TestCaseExecutor.java:418)
	at com.kms.katalon.core.main.TestCaseExecutor.accessMainPhase(TestCaseExecutor.java:410)
	at com.kms.katalon.core.main.TestCaseExecutor.execute(TestCaseExecutor.java:285)
	at com.kms.katalon.core.common.CommonExecutor.accessTestCaseMainPhase(CommonExecutor.java:65)
	at com.kms.katalon.core.main.TestSuiteExecutor.accessTestSuiteMainPhase(TestSuiteExecutor.java:150)
	at com.kms.katalon.core.main.TestSuiteExecutor.execute(TestSuiteExecutor.java:106)
	at com.kms.katalon.core.main.TestCaseMain.startTestSuite(TestCaseMain.java:180)
	at TempTestSuite1733182698305.run(TempTestSuite1733182698305.groovy:35)
	at java.base/jdk.internal.reflect.NativeMethodAccessorImpl.invoke0(Native Method)
	at java.base/jdk.internal.reflect.NativeMethodAccessorImpl.invoke(NativeMethodAccessorImpl.java:77)
	at java.base/jdk.internal.reflect.DelegatingMethodAccessorImpl.invoke(DelegatingMethodAccessorImpl.java:43)
)

03-12-2024T02:41:59 - [MESSAGE][FAILED] - Text 'нет данных' is present on page  (Root cause: com.kms.katalon.core.exception.StepFailedException: Text 'нет данных' is present on page 
	at com.kms.katalon.core.webui.keyword.internal.WebUIKeywordMain.stepFailed(WebUIKeywordMain.groovy:64)
	at com.kms.katalon.core.webui.keyword.builtin.VerifyTextNotPresentKeyword$_verifyTextNotPresent_closure1.doCall(VerifyTextNotPresentKeyword.groovy:77)
	at com.kms.katalon.core.webui.keyword.builtin.VerifyTextNotPresentKeyword$_verifyTextNotPresent_closure1.call(VerifyTextNotPresentKeyword.groovy)
	at com.kms.katalon.core.webui.keyword.internal.WebUIKeywordMain.runKeyword(WebUIKeywordMain.groovy:20)
	at com.kms.katalon.core.webui.keyword.builtin.VerifyTextNotPresentKeyword.verifyTextNotPresent(VerifyTextNotPresentKeyword.groovy:82)
	at com.kms.katalon.core.webui.keyword.builtin.VerifyTextNotPresentKeyword.execute(VerifyTextNotPresentKeyword.groovy:68)
	at com.kms.katalon.core.keyword.internal.KeywordExecutor.executeKeywordForPlatform(KeywordExecutor.groovy:74)
	at com.kms.katalon.core.webui.keyword.WebUiBuiltInKeywords.verifyTextNotPresent(WebUiBuiltInKeywords.groovy:1795)
	at Выручка по ДЗО отображение данных все филиалы.Test(Выручка по ДЗО отображение данных все филиалы:782)
	at Выручка по ДЗО отображение данных все филиалы.Tumbler(Выручка по ДЗО отображение данных все филиалы:738)
	at Выручка по ДЗО отображение данных все филиалы.Change(Выручка по ДЗО отображение данных все филиалы:772)
	at Выручка по ДЗО отображение данных все филиалы.DzoTest(Выручка по ДЗО отображение данных все филиалы:168)
	at Выручка по ДЗО отображение данных все филиалы.run(Выручка по ДЗО отображение данных все филиалы:134)
	at com.kms.katalon.core.main.ScriptEngine.run(ScriptEngine.java:194)
	at com.kms.katalon.core.main.ScriptEngine.runScriptAsRawText(ScriptEngine.java:119)
	at com.kms.katalon.core.main.TestCaseExecutor.runScript(TestCaseExecutor.java:448)
	at com.kms.katalon.core.main.TestCaseExecutor.doExecute(TestCaseExecutor.java:439)
	at com.kms.katalon.core.main.TestCaseExecutor.processExecutionPhase(TestCaseExecutor.java:418)
	at com.kms.katalon.core.main.TestCaseExecutor.accessMainPhase(TestCaseExecutor.java:410)
	at com.kms.katalon.core.main.TestCaseExecutor.execute(TestCaseExecutor.java:285)
	at com.kms.katalon.core.common.CommonExecutor.accessTestCaseMainPhase(CommonExecutor.java:65)
	at com.kms.katalon.core.main.TestSuiteExecutor.accessTestSuiteMainPhase(TestSuiteExecutor.java:150)
	at com.kms.katalon.core.main.TestSuiteExecutor.execute(TestSuiteExecutor.java:106)
	at com.kms.katalon.core.main.TestCaseMain.startTestSuite(TestCaseMain.java:180)
	at TempTestSuite1733182698305.run(TempTestSuite1733182698305.groovy:35)
	at java.base/jdk.internal.reflect.NativeMethodAccessorImpl.invoke0(Native Method)
	at java.base/jdk.internal.reflect.NativeMethodAccessorImpl.invoke(NativeMethodAccessorImpl.java:77)
	at java.base/jdk.internal.reflect.DelegatingMethodAccessorImpl.invoke(DelegatingMethodAccessorImpl.java:43)
)

03-12-2024T02:41:59 - [TEST_STEP][PASSED] - else: null

03-12-2024T02:41:59 - [TEST_STEP][PASSED] - Script1687405711779.WriteToExcel(todaysDate): null

03-12-2024T02:41:59 - [TEST_STEP][PASSED] - sheetName = "Sheet1": null

03-12-2024T02:41:59 - [TEST_STEP][PASSED] - data = findTestData("PlanFact"): null

03-12-2024T02:41:59 - [TEST_STEP][PASSED] - n = data.getRowNumbers() + 1: null

03-12-2024T02:41:59 - [TEST_STEP][PASSED] - dZO = getText(findTestObject("Выручка по ДЗО/Фильтр ДЗО")): Text of object 'Object Repository/Выручка по ДЗО/Фильтр ДЗО' is: 'ПАО Россети - Магистральные сети - Россети ФСК ЕЭС - ИА ФСК ЕЭС'

03-12-2024T02:41:59 - [MESSAGE][PASSED] - Text of object 'Object Repository/Выручка по ДЗО/Фильтр ДЗО' is: 'ПАО Россети - Магистральные сети - Россети ФСК ЕЭС - ИА ФСК ЕЭС'

03-12-2024T02:41:59 - [TEST_STEP][PASSED] - period = getText(findTestObject("Выручка по ДЗО/Фильтр Дата")): Text of object 'Object Repository/Выручка по ДЗО/Фильтр Дата' is: '1, 2, 3 кв., Октябрь 2024 года'

03-12-2024T02:41:59 - [MESSAGE][PASSED] - Text of object 'Object Repository/Выручка по ДЗО/Фильтр Дата' is: '1, 2, 3 кв., Октябрь 2024 года'

03-12-2024T02:41:59 - [TEST_STEP][PASSED] - viruchka = getText(findTestObject("Выручка по ДЗО/Фильтр Выручка")): Text of object 'Object Repository/Выручка по ДЗО/Фильтр Выручка' is: 'внутренний оборот'

03-12-2024T02:42:00 - [MESSAGE][PASSED] - Text of object 'Object Repository/Выручка по ДЗО/Фильтр Выручка' is: 'внутренний оборот'

03-12-2024T02:42:00 - [TEST_STEP][PASSED] - if (viruchka == "Выбрано: 2"): null

03-12-2024T02:42:00 - [TEST_STEP][PASSED] - if (viruchka == "Все"): null

03-12-2024T02:42:00 - [TEST_STEP][PASSED] - println(period): null

03-12-2024T02:42:00 - [TEST_STEP][PASSED] - dashboardName = "Выручка по ДЗО": null

03-12-2024T02:42:00 - [TEST_STEP][PASSED] - workbook01 = getWorkbook(excelFilePath): null

03-12-2024T02:42:00 - [TEST_STEP][PASSED] - sheet01 = getExcelSheet(workbook01, sheetName): null

03-12-2024T02:42:00 - [TEST_STEP][PASSED] - setValueToCellByIndex(sheet01, n, 0, dashboardName): null

03-12-2024T02:42:00 - [TEST_STEP][PASSED] - setValueToCellByIndex(sheet01, n, 1, dZO): null

03-12-2024T02:42:00 - [TEST_STEP][PASSED] - setValueToCellByIndex(sheet01, n, 2, period): null

03-12-2024T02:42:00 - [TEST_STEP][PASSED] - setValueToCellByIndex(sheet01, n, 3, viruchka): null

03-12-2024T02:42:00 - [TEST_STEP][PASSED] - setValueToCellByIndex(sheet01, n, 4, todaysDate): null

03-12-2024T02:42:00 - [TEST_STEP][PASSED] - n = n + 1: null

03-12-2024T02:42:00 - [TEST_STEP][PASSED] - saveWorkbook(excelFilePath, workbook01): null

03-12-2024T02:42:00 - [TEST_STEP][PASSED] - click(findTestObject("Выручка по ДЗО/Фильтр Выручка")): Object: 'Object Repository/Выручка по ДЗО/Фильтр Выручка' is clicked on

03-12-2024T02:42:00 - [MESSAGE][PASSED] - Object: 'Object Repository/Выручка по ДЗО/Фильтр Выручка' is clicked on

03-12-2024T02:42:00 - [TEST_STEP][PASSED] - click(findTestObject("Выручка по ДЗО/По передаче в фильтре Выручка")): Object: 'Object Repository/Выручка по ДЗО/По передаче в фильтре Выручка' is clicked on

03-12-2024T02:42:01 - [MESSAGE][PASSED] - Object: 'Object Repository/Выручка по ДЗО/По передаче в фильтре Выручка' is clicked on

03-12-2024T02:42:01 - [TEST_STEP][PASSED] - click(findTestObject("Выручка по ДЗО/Применить в фильтре Выручка")): Object: 'Object Repository/Выручка по ДЗО/Применить в фильтре Выручка' is clicked on

03-12-2024T02:42:01 - [MESSAGE][PASSED] - Object: 'Object Repository/Выручка по ДЗО/Применить в фильтре Выручка' is clicked on

03-12-2024T02:42:01 - [TEST_STEP][PASSED] - Script1687405711779.Test(todaysDate): null

03-12-2024T02:42:01 - [TEST_STEP][FAILED] - if (verifyTextNotPresent("нет данных", false) == true): Text 'нет данных' is present on page  (Root cause: com.kms.katalon.core.exception.StepFailedException: Text 'нет данных' is present on page 
	at com.kms.katalon.core.webui.keyword.internal.WebUIKeywordMain.stepFailed(WebUIKeywordMain.groovy:64)
	at com.kms.katalon.core.webui.keyword.builtin.VerifyTextNotPresentKeyword$_verifyTextNotPresent_closure1.doCall(VerifyTextNotPresentKeyword.groovy:77)
	at com.kms.katalon.core.webui.keyword.builtin.VerifyTextNotPresentKeyword$_verifyTextNotPresent_closure1.call(VerifyTextNotPresentKeyword.groovy)
	at com.kms.katalon.core.webui.keyword.internal.WebUIKeywordMain.runKeyword(WebUIKeywordMain.groovy:20)
	at com.kms.katalon.core.webui.keyword.builtin.VerifyTextNotPresentKeyword.verifyTextNotPresent(VerifyTextNotPresentKeyword.groovy:82)
	at com.kms.katalon.core.webui.keyword.builtin.VerifyTextNotPresentKeyword.execute(VerifyTextNotPresentKeyword.groovy:68)
	at com.kms.katalon.core.keyword.internal.KeywordExecutor.executeKeywordForPlatform(KeywordExecutor.groovy:74)
	at com.kms.katalon.core.webui.keyword.WebUiBuiltInKeywords.verifyTextNotPresent(WebUiBuiltInKeywords.groovy:1795)
	at Выручка по ДЗО отображение данных все филиалы.Test(Выручка по ДЗО отображение данных все филиалы:782)
	at Выручка по ДЗО отображение данных все филиалы.Tumbler(Выручка по ДЗО отображение данных все филиалы:746)
	at Выручка по ДЗО отображение данных все филиалы.Change(Выручка по ДЗО отображение данных все филиалы:772)
	at Выручка по ДЗО отображение данных все филиалы.DzoTest(Выручка по ДЗО отображение данных все филиалы:168)
	at Выручка по ДЗО отображение данных все филиалы.run(Выручка по ДЗО отображение данных все филиалы:134)
	at com.kms.katalon.core.main.ScriptEngine.run(ScriptEngine.java:194)
	at com.kms.katalon.core.main.ScriptEngine.runScriptAsRawText(ScriptEngine.java:119)
	at com.kms.katalon.core.main.TestCaseExecutor.runScript(TestCaseExecutor.java:448)
	at com.kms.katalon.core.main.TestCaseExecutor.doExecute(TestCaseExecutor.java:439)
	at com.kms.katalon.core.main.TestCaseExecutor.processExecutionPhase(TestCaseExecutor.java:418)
	at com.kms.katalon.core.main.TestCaseExecutor.accessMainPhase(TestCaseExecutor.java:410)
	at com.kms.katalon.core.main.TestCaseExecutor.execute(TestCaseExecutor.java:285)
	at com.kms.katalon.core.common.CommonExecutor.accessTestCaseMainPhase(CommonExecutor.java:65)
	at com.kms.katalon.core.main.TestSuiteExecutor.accessTestSuiteMainPhase(TestSuiteExecutor.java:150)
	at com.kms.katalon.core.main.TestSuiteExecutor.execute(TestSuiteExecutor.java:106)
	at com.kms.katalon.core.main.TestCaseMain.startTestSuite(TestCaseMain.java:180)
	at TempTestSuite1733182698305.run(TempTestSuite1733182698305.groovy:35)
	at java.base/jdk.internal.reflect.NativeMethodAccessorImpl.invoke0(Native Method)
	at java.base/jdk.internal.reflect.NativeMethodAccessorImpl.invoke(NativeMethodAccessorImpl.java:77)
	at java.base/jdk.internal.reflect.DelegatingMethodAccessorImpl.invoke(DelegatingMethodAccessorImpl.java:43)
)

03-12-2024T02:42:03 - [MESSAGE][FAILED] - Text 'нет данных' is present on page  (Root cause: com.kms.katalon.core.exception.StepFailedException: Text 'нет данных' is present on page 
	at com.kms.katalon.core.webui.keyword.internal.WebUIKeywordMain.stepFailed(WebUIKeywordMain.groovy:64)
	at com.kms.katalon.core.webui.keyword.builtin.VerifyTextNotPresentKeyword$_verifyTextNotPresent_closure1.doCall(VerifyTextNotPresentKeyword.groovy:77)
	at com.kms.katalon.core.webui.keyword.builtin.VerifyTextNotPresentKeyword$_verifyTextNotPresent_closure1.call(VerifyTextNotPresentKeyword.groovy)
	at com.kms.katalon.core.webui.keyword.internal.WebUIKeywordMain.runKeyword(WebUIKeywordMain.groovy:20)
	at com.kms.katalon.core.webui.keyword.builtin.VerifyTextNotPresentKeyword.verifyTextNotPresent(VerifyTextNotPresentKeyword.groovy:82)
	at com.kms.katalon.core.webui.keyword.builtin.VerifyTextNotPresentKeyword.execute(VerifyTextNotPresentKeyword.groovy:68)
	at com.kms.katalon.core.keyword.internal.KeywordExecutor.executeKeywordForPlatform(KeywordExecutor.groovy:74)
	at com.kms.katalon.core.webui.keyword.WebUiBuiltInKeywords.verifyTextNotPresent(WebUiBuiltInKeywords.groovy:1795)
	at Выручка по ДЗО отображение данных все филиалы.Test(Выручка по ДЗО отображение данных все филиалы:782)
	at Выручка по ДЗО отображение данных все филиалы.Tumbler(Выручка по ДЗО отображение данных все филиалы:746)
	at Выручка по ДЗО отображение данных все филиалы.Change(Выручка по ДЗО отображение данных все филиалы:772)
	at Выручка по ДЗО отображение данных все филиалы.DzoTest(Выручка по ДЗО отображение данных все филиалы:168)
	at Выручка по ДЗО отображение данных все филиалы.run(Выручка по ДЗО отображение данных все филиалы:134)
	at com.kms.katalon.core.main.ScriptEngine.run(ScriptEngine.java:194)
	at com.kms.katalon.core.main.ScriptEngine.runScriptAsRawText(ScriptEngine.java:119)
	at com.kms.katalon.core.main.TestCaseExecutor.runScript(TestCaseExecutor.java:448)
	at com.kms.katalon.core.main.TestCaseExecutor.doExecute(TestCaseExecutor.java:439)
	at com.kms.katalon.core.main.TestCaseExecutor.processExecutionPhase(TestCaseExecutor.java:418)
	at com.kms.katalon.core.main.TestCaseExecutor.accessMainPhase(TestCaseExecutor.java:410)
	at com.kms.katalon.core.main.TestCaseExecutor.execute(TestCaseExecutor.java:285)
	at com.kms.katalon.core.common.CommonExecutor.accessTestCaseMainPhase(CommonExecutor.java:65)
	at com.kms.katalon.core.main.TestSuiteExecutor.accessTestSuiteMainPhase(TestSuiteExecutor.java:150)
	at com.kms.katalon.core.main.TestSuiteExecutor.execute(TestSuiteExecutor.java:106)
	at com.kms.katalon.core.main.TestCaseMain.startTestSuite(TestCaseMain.java:180)
	at TempTestSuite1733182698305.run(TempTestSuite1733182698305.groovy:35)
	at java.base/jdk.internal.reflect.NativeMethodAccessorImpl.invoke0(Native Method)
	at java.base/jdk.internal.reflect.NativeMethodAccessorImpl.invoke(NativeMethodAccessorImpl.java:77)
	at java.base/jdk.internal.reflect.DelegatingMethodAccessorImpl.invoke(DelegatingMethodAccessorImpl.java:43)
)

03-12-2024T02:42:03 - [TEST_STEP][PASSED] - else: null

03-12-2024T02:42:03 - [TEST_STEP][PASSED] - Script1687405711779.WriteToExcel(todaysDate): null

03-12-2024T02:42:03 - [TEST_STEP][PASSED] - sheetName = "Sheet1": null

03-12-2024T02:42:03 - [TEST_STEP][PASSED] - data = findTestData("PlanFact"): null

03-12-2024T02:42:04 - [TEST_STEP][PASSED] - n = data.getRowNumbers() + 1: null

03-12-2024T02:42:04 - [TEST_STEP][PASSED] - dZO = getText(findTestObject("Выручка по ДЗО/Фильтр ДЗО")): Text of object 'Object Repository/Выручка по ДЗО/Фильтр ДЗО' is: 'ПАО Россети - Магистральные сети - Россети ФСК ЕЭС - ИА ФСК ЕЭС'

03-12-2024T02:42:04 - [MESSAGE][PASSED] - Text of object 'Object Repository/Выручка по ДЗО/Фильтр ДЗО' is: 'ПАО Россети - Магистральные сети - Россети ФСК ЕЭС - ИА ФСК ЕЭС'

03-12-2024T02:42:04 - [TEST_STEP][PASSED] - period = getText(findTestObject("Выручка по ДЗО/Фильтр Дата")): Text of object 'Object Repository/Выручка по ДЗО/Фильтр Дата' is: '1, 2, 3 кв., Октябрь 2024 года'

03-12-2024T02:42:04 - [MESSAGE][PASSED] - Text of object 'Object Repository/Выручка по ДЗО/Фильтр Дата' is: '1, 2, 3 кв., Октябрь 2024 года'

03-12-2024T02:42:04 - [TEST_STEP][PASSED] - viruchka = getText(findTestObject("Выручка по ДЗО/Фильтр Выручка")): Text of object 'Object Repository/Выручка по ДЗО/Фильтр Выручка' is: 'внутренний оборот, по передаче'

03-12-2024T02:42:04 - [MESSAGE][PASSED] - Text of object 'Object Repository/Выручка по ДЗО/Фильтр Выручка' is: 'внутренний оборот, по передаче'

03-12-2024T02:42:04 - [TEST_STEP][PASSED] - if (viruchka == "Выбрано: 2"): null

03-12-2024T02:42:04 - [TEST_STEP][PASSED] - if (viruchka == "Все"): null

03-12-2024T02:42:04 - [TEST_STEP][PASSED] - println(period): null

03-12-2024T02:42:04 - [TEST_STEP][PASSED] - dashboardName = "Выручка по ДЗО": null

03-12-2024T02:42:04 - [TEST_STEP][PASSED] - workbook01 = getWorkbook(excelFilePath): null

03-12-2024T02:42:04 - [TEST_STEP][PASSED] - sheet01 = getExcelSheet(workbook01, sheetName): null

03-12-2024T02:42:04 - [TEST_STEP][PASSED] - setValueToCellByIndex(sheet01, n, 0, dashboardName): null

03-12-2024T02:42:04 - [TEST_STEP][PASSED] - setValueToCellByIndex(sheet01, n, 1, dZO): null

03-12-2024T02:42:04 - [TEST_STEP][PASSED] - setValueToCellByIndex(sheet01, n, 2, period): null

03-12-2024T02:42:04 - [TEST_STEP][PASSED] - setValueToCellByIndex(sheet01, n, 3, viruchka): null

03-12-2024T02:42:04 - [TEST_STEP][PASSED] - setValueToCellByIndex(sheet01, n, 4, todaysDate): null

03-12-2024T02:42:04 - [TEST_STEP][PASSED] - n = n + 1: null

03-12-2024T02:42:04 - [TEST_STEP][PASSED] - saveWorkbook(excelFilePath, workbook01): null

03-12-2024T02:42:05 - [TEST_STEP][PASSED] - click(findTestObject("Выручка по ДЗО/Фильтр Выручка")): Object: 'Object Repository/Выручка по ДЗО/Фильтр Выручка' is clicked on

03-12-2024T02:42:05 - [MESSAGE][PASSED] - Object: 'Object Repository/Выручка по ДЗО/Фильтр Выручка' is clicked on

03-12-2024T02:42:05 - [TEST_STEP][PASSED] - click(findTestObject("Выручка по ДЗО/Снять выделение в фильтре Выручка")): Object: 'Object Repository/Выручка по ДЗО/Снять выделение в фильтре Выручка' is clicked on

03-12-2024T02:42:06 - [MESSAGE][PASSED] - Object: 'Object Repository/Выручка по ДЗО/Снять выделение в фильтре Выручка' is clicked on

03-12-2024T02:42:06 - [TEST_STEP][PASSED] - click(findTestObject("Выручка по ДЗО/По передаче в фильтре Выручка")): Object: 'Object Repository/Выручка по ДЗО/По передаче в фильтре Выручка' is clicked on

03-12-2024T02:42:06 - [MESSAGE][PASSED] - Object: 'Object Repository/Выручка по ДЗО/По передаче в фильтре Выручка' is clicked on

03-12-2024T02:42:06 - [TEST_STEP][PASSED] - click(findTestObject("Выручка по ДЗО/Применить в фильтре Выручка")): Object: 'Object Repository/Выручка по ДЗО/Применить в фильтре Выручка' is clicked on

03-12-2024T02:42:07 - [MESSAGE][PASSED] - Object: 'Object Repository/Выручка по ДЗО/Применить в фильтре Выручка' is clicked on

03-12-2024T02:42:07 - [TEST_STEP][PASSED] - Script1687405711779.Test(todaysDate): null

03-12-2024T02:42:07 - [TEST_STEP][FAILED] - if (verifyTextNotPresent("нет данных", false) == true): Text 'нет данных' is present on page  (Root cause: com.kms.katalon.core.exception.StepFailedException: Text 'нет данных' is present on page 
	at com.kms.katalon.core.webui.keyword.internal.WebUIKeywordMain.stepFailed(WebUIKeywordMain.groovy:64)
	at com.kms.katalon.core.webui.keyword.builtin.VerifyTextNotPresentKeyword$_verifyTextNotPresent_closure1.doCall(VerifyTextNotPresentKeyword.groovy:77)
	at com.kms.katalon.core.webui.keyword.builtin.VerifyTextNotPresentKeyword$_verifyTextNotPresent_closure1.call(VerifyTextNotPresentKeyword.groovy)
	at com.kms.katalon.core.webui.keyword.internal.WebUIKeywordMain.runKeyword(WebUIKeywordMain.groovy:20)
	at com.kms.katalon.core.webui.keyword.builtin.VerifyTextNotPresentKeyword.verifyTextNotPresent(VerifyTextNotPresentKeyword.groovy:82)
	at com.kms.katalon.core.webui.keyword.builtin.VerifyTextNotPresentKeyword.execute(VerifyTextNotPresentKeyword.groovy:68)
	at com.kms.katalon.core.keyword.internal.KeywordExecutor.executeKeywordForPlatform(KeywordExecutor.groovy:74)
	at com.kms.katalon.core.webui.keyword.WebUiBuiltInKeywords.verifyTextNotPresent(WebUiBuiltInKeywords.groovy:1795)
	at Выручка по ДЗО отображение данных все филиалы.Test(Выручка по ДЗО отображение данных все филиалы:782)
	at Выручка по ДЗО отображение данных все филиалы.Tumbler(Выручка по ДЗО отображение данных все филиалы:756)
	at Выручка по ДЗО отображение данных все филиалы.Change(Выручка по ДЗО отображение данных все филиалы:772)
	at Выручка по ДЗО отображение данных все филиалы.DzoTest(Выручка по ДЗО отображение данных все филиалы:168)
	at Выручка по ДЗО отображение данных все филиалы.run(Выручка по ДЗО отображение данных все филиалы:134)
	at com.kms.katalon.core.main.ScriptEngine.run(ScriptEngine.java:194)
	at com.kms.katalon.core.main.ScriptEngine.runScriptAsRawText(ScriptEngine.java:119)
	at com.kms.katalon.core.main.TestCaseExecutor.runScript(TestCaseExecutor.java:448)
	at com.kms.katalon.core.main.TestCaseExecutor.doExecute(TestCaseExecutor.java:439)
	at com.kms.katalon.core.main.TestCaseExecutor.processExecutionPhase(TestCaseExecutor.java:418)
	at com.kms.katalon.core.main.TestCaseExecutor.accessMainPhase(TestCaseExecutor.java:410)
	at com.kms.katalon.core.main.TestCaseExecutor.execute(TestCaseExecutor.java:285)
	at com.kms.katalon.core.common.CommonExecutor.accessTestCaseMainPhase(CommonExecutor.java:65)
	at com.kms.katalon.core.main.TestSuiteExecutor.accessTestSuiteMainPhase(TestSuiteExecutor.java:150)
	at com.kms.katalon.core.main.TestSuiteExecutor.execute(TestSuiteExecutor.java:106)
	at com.kms.katalon.core.main.TestCaseMain.startTestSuite(TestCaseMain.java:180)
	at TempTestSuite1733182698305.run(TempTestSuite1733182698305.groovy:35)
	at java.base/jdk.internal.reflect.NativeMethodAccessorImpl.invoke0(Native Method)
	at java.base/jdk.internal.reflect.NativeMethodAccessorImpl.invoke(NativeMethodAccessorImpl.java:77)
	at java.base/jdk.internal.reflect.DelegatingMethodAccessorImpl.invoke(DelegatingMethodAccessorImpl.java:43)
)

03-12-2024T02:42:08 - [MESSAGE][FAILED] - Text 'нет данных' is present on page  (Root cause: com.kms.katalon.core.exception.StepFailedException: Text 'нет данных' is present on page 
	at com.kms.katalon.core.webui.keyword.internal.WebUIKeywordMain.stepFailed(WebUIKeywordMain.groovy:64)
	at com.kms.katalon.core.webui.keyword.builtin.VerifyTextNotPresentKeyword$_verifyTextNotPresent_closure1.doCall(VerifyTextNotPresentKeyword.groovy:77)
	at com.kms.katalon.core.webui.keyword.builtin.VerifyTextNotPresentKeyword$_verifyTextNotPresent_closure1.call(VerifyTextNotPresentKeyword.groovy)
	at com.kms.katalon.core.webui.keyword.internal.WebUIKeywordMain.runKeyword(WebUIKeywordMain.groovy:20)
	at com.kms.katalon.core.webui.keyword.builtin.VerifyTextNotPresentKeyword.verifyTextNotPresent(VerifyTextNotPresentKeyword.groovy:82)
	at com.kms.katalon.core.webui.keyword.builtin.VerifyTextNotPresentKeyword.execute(VerifyTextNotPresentKeyword.groovy:68)
	at com.kms.katalon.core.keyword.internal.KeywordExecutor.executeKeywordForPlatform(KeywordExecutor.groovy:74)
	at com.kms.katalon.core.webui.keyword.WebUiBuiltInKeywords.verifyTextNotPresent(WebUiBuiltInKeywords.groovy:1795)
	at Выручка по ДЗО отображение данных все филиалы.Test(Выручка по ДЗО отображение данных все филиалы:782)
	at Выручка по ДЗО отображение данных все филиалы.Tumbler(Выручка по ДЗО отображение данных все филиалы:756)
	at Выручка по ДЗО отображение данных все филиалы.Change(Выручка по ДЗО отображение данных все филиалы:772)
	at Выручка по ДЗО отображение данных все филиалы.DzoTest(Выручка по ДЗО отображение данных все филиалы:168)
	at Выручка по ДЗО отображение данных все филиалы.run(Выручка по ДЗО отображение данных все филиалы:134)
	at com.kms.katalon.core.main.ScriptEngine.run(ScriptEngine.java:194)
	at com.kms.katalon.core.main.ScriptEngine.runScriptAsRawText(ScriptEngine.java:119)
	at com.kms.katalon.core.main.TestCaseExecutor.runScript(TestCaseExecutor.java:448)
	at com.kms.katalon.core.main.TestCaseExecutor.doExecute(TestCaseExecutor.java:439)
	at com.kms.katalon.core.main.TestCaseExecutor.processExecutionPhase(TestCaseExecutor.java:418)
	at com.kms.katalon.core.main.TestCaseExecutor.accessMainPhase(TestCaseExecutor.java:410)
	at com.kms.katalon.core.main.TestCaseExecutor.execute(TestCaseExecutor.java:285)
	at com.kms.katalon.core.common.CommonExecutor.accessTestCaseMainPhase(CommonExecutor.java:65)
	at com.kms.katalon.core.main.TestSuiteExecutor.accessTestSuiteMainPhase(TestSuiteExecutor.java:150)
	at com.kms.katalon.core.main.TestSuiteExecutor.execute(TestSuiteExecutor.java:106)
	at com.kms.katalon.core.main.TestCaseMain.startTestSuite(TestCaseMain.java:180)
	at TempTestSuite1733182698305.run(TempTestSuite1733182698305.groovy:35)
	at java.base/jdk.internal.reflect.NativeMethodAccessorImpl.invoke0(Native Method)
	at java.base/jdk.internal.reflect.NativeMethodAccessorImpl.invoke(NativeMethodAccessorImpl.java:77)
	at java.base/jdk.internal.reflect.DelegatingMethodAccessorImpl.invoke(DelegatingMethodAccessorImpl.java:43)
)

03-12-2024T02:42:08 - [TEST_STEP][PASSED] - else: null

03-12-2024T02:42:08 - [TEST_STEP][PASSED] - Script1687405711779.WriteToExcel(todaysDate): null

03-12-2024T02:42:08 - [TEST_STEP][PASSED] - sheetName = "Sheet1": null

03-12-2024T02:42:08 - [TEST_STEP][PASSED] - data = findTestData("PlanFact"): null

03-12-2024T02:42:08 - [TEST_STEP][PASSED] - n = data.getRowNumbers() + 1: null

03-12-2024T02:42:08 - [TEST_STEP][PASSED] - dZO = getText(findTestObject("Выручка по ДЗО/Фильтр ДЗО")): Text of object 'Object Repository/Выручка по ДЗО/Фильтр ДЗО' is: 'ПАО Россети - Магистральные сети - Россети ФСК ЕЭС - ИА ФСК ЕЭС'

03-12-2024T02:42:09 - [MESSAGE][PASSED] - Text of object 'Object Repository/Выручка по ДЗО/Фильтр ДЗО' is: 'ПАО Россети - Магистральные сети - Россети ФСК ЕЭС - ИА ФСК ЕЭС'

03-12-2024T02:42:09 - [TEST_STEP][PASSED] - period = getText(findTestObject("Выручка по ДЗО/Фильтр Дата")): Text of object 'Object Repository/Выручка по ДЗО/Фильтр Дата' is: '1, 2, 3 кв., Октябрь 2024 года'

03-12-2024T02:42:09 - [MESSAGE][PASSED] - Text of object 'Object Repository/Выручка по ДЗО/Фильтр Дата' is: '1, 2, 3 кв., Октябрь 2024 года'

03-12-2024T02:42:09 - [TEST_STEP][PASSED] - viruchka = getText(findTestObject("Выручка по ДЗО/Фильтр Выручка")): Text of object 'Object Repository/Выручка по ДЗО/Фильтр Выручка' is: 'по передаче'

03-12-2024T02:42:09 - [MESSAGE][PASSED] - Text of object 'Object Repository/Выручка по ДЗО/Фильтр Выручка' is: 'по передаче'

03-12-2024T02:42:09 - [TEST_STEP][PASSED] - if (viruchka == "Выбрано: 2"): null

03-12-2024T02:42:09 - [TEST_STEP][PASSED] - if (viruchka == "Все"): null

03-12-2024T02:42:09 - [TEST_STEP][PASSED] - println(period): null

03-12-2024T02:42:09 - [TEST_STEP][PASSED] - dashboardName = "Выручка по ДЗО": null

03-12-2024T02:42:09 - [TEST_STEP][PASSED] - workbook01 = getWorkbook(excelFilePath): null

03-12-2024T02:42:09 - [TEST_STEP][PASSED] - sheet01 = getExcelSheet(workbook01, sheetName): null

03-12-2024T02:42:09 - [TEST_STEP][PASSED] - setValueToCellByIndex(sheet01, n, 0, dashboardName): null

03-12-2024T02:42:09 - [TEST_STEP][PASSED] - setValueToCellByIndex(sheet01, n, 1, dZO): null

03-12-2024T02:42:09 - [TEST_STEP][PASSED] - setValueToCellByIndex(sheet01, n, 2, period): null

03-12-2024T02:42:09 - [TEST_STEP][PASSED] - setValueToCellByIndex(sheet01, n, 3, viruchka): null

03-12-2024T02:42:09 - [TEST_STEP][PASSED] - setValueToCellByIndex(sheet01, n, 4, todaysDate): null

03-12-2024T02:42:09 - [TEST_STEP][PASSED] - n = n + 1: null

03-12-2024T02:42:09 - [TEST_STEP][PASSED] - saveWorkbook(excelFilePath, workbook01): null

03-12-2024T02:42:10 - [TEST_STEP][PASSED] - click(findTestObject("Выручка по ДЗО/Фильтр Выручка")): Object: 'Object Repository/Выручка по ДЗО/Фильтр Выручка' is clicked on

03-12-2024T02:42:10 - [MESSAGE][PASSED] - Object: 'Object Repository/Выручка по ДЗО/Фильтр Выручка' is clicked on

03-12-2024T02:42:10 - [TEST_STEP][PASSED] - click(findTestObject("Выручка по ДЗО/Снять выделение в фильтре Выручка")): Object: 'Object Repository/Выручка по ДЗО/Снять выделение в фильтре Выручка' is clicked on

03-12-2024T02:42:10 - [MESSAGE][PASSED] - Object: 'Object Repository/Выручка по ДЗО/Снять выделение в фильтре Выручка' is clicked on

03-12-2024T02:42:10 - [TEST_STEP][PASSED] - click(findTestObject("Выручка по ДЗО/Применить в фильтре Выручка")): Object: 'Object Repository/Выручка по ДЗО/Применить в фильтре Выручка' is clicked on

03-12-2024T02:42:11 - [MESSAGE][PASSED] - Object: 'Object Repository/Выручка по ДЗО/Применить в фильтре Выручка' is clicked on

03-12-2024T02:42:11 - [TEST_STEP][PASSED] - click(findTestObject("Выручка по ДЗО/Фильтр ДЗО")): Object: 'Object Repository/Выручка по ДЗО/Фильтр ДЗО' is clicked on

03-12-2024T02:42:12 - [MESSAGE][PASSED] - Object: 'Object Repository/Выручка по ДЗО/Фильтр ДЗО' is clicked on

03-12-2024T02:42:12 - [TEST_STEP][PASSED] - click(findTestObject("Выручка по ДЗО/Снять выделение в фильтре ДЗО")): Object: 'Object Repository/Выручка по ДЗО/Снять выделение в фильтре ДЗО' is clicked on

03-12-2024T02:42:13 - [MESSAGE][PASSED] - Object: 'Object Repository/Выручка по ДЗО/Снять выделение в фильтре ДЗО' is clicked on

03-12-2024T02:42:13 - [TEST_STEP][PASSED] - click(findTestObject("Выручка по ДЗО/РаспредКомплекс Выручка по ДЗО")): Object: 'Object Repository/Выручка по ДЗО/РаспредКомплекс Выручка по ДЗО' is clicked on

03-12-2024T02:42:13 - [MESSAGE][PASSED] - Object: 'Object Repository/Выручка по ДЗО/РаспредКомплекс Выручка по ДЗО' is clicked on

03-12-2024T02:42:13 - [TEST_STEP][PASSED] - Script1687405711779.Change(todaysDate): null

03-12-2024T02:42:13 - [TEST_STEP][PASSED] - scrollToElement(findTestObject("Выручка по ДЗО/Заголовок дашборда"), 30): Scroll to object 'Object Repository/Выручка по ДЗО/Заголовок дашборда' successfully

03-12-2024T02:42:14 - [MESSAGE][PASSED] - Scroll to object 'Object Repository/Выручка по ДЗО/Заголовок дашборда' successfully

03-12-2024T02:42:14 - [TEST_STEP][PASSED] - click(findTestObject("Выручка по ДЗО/Применить в фильтре ДЗО")): Object: 'Object Repository/Выручка по ДЗО/Применить в фильтре ДЗО' is clicked on

03-12-2024T02:42:14 - [MESSAGE][PASSED] - Object: 'Object Repository/Выручка по ДЗО/Применить в фильтре ДЗО' is clicked on

03-12-2024T02:42:14 - [TEST_STEP][PASSED] - Script1687405711779.Tumbler(todaysDate): null

03-12-2024T02:42:14 - [TEST_STEP][PASSED] - Script1687405711779.Test(todaysDate): null

03-12-2024T02:42:14 - [TEST_STEP][PASSED] - if (verifyTextNotPresent("нет данных", false) == true): null

03-12-2024T02:42:16 - [MESSAGE][PASSED] - Text 'нет данных' is not present on page

03-12-2024T02:42:16 - [TEST_STEP][PASSED] - if (verifyTextNotPresent("Ошибка запроса данных", false) == true): null

03-12-2024T02:42:17 - [MESSAGE][PASSED] - Text 'Ошибка запроса данных' is not present on page

03-12-2024T02:42:17 - [TEST_STEP][PASSED] - if (verifyTextNotPresent("Произошла ошибка при выполнении пользовательского кода", false) == true): null

03-12-2024T02:42:18 - [MESSAGE][PASSED] - Text 'Произошла ошибка при выполнении пользовательского кода' is not present on page

03-12-2024T02:42:18 - [TEST_STEP][PASSED] - if (verifyTextNotPresent("У виджета нет данных", false) == true): null

03-12-2024T02:42:18 - [MESSAGE][PASSED] - Text 'У виджета нет данных' is not present on page

03-12-2024T02:42:18 - [TEST_STEP][PASSED] - if (verifyTextNotPresent("У виджета нет данных", false) == true): Text 'У виджета нет данных' is not present on page

03-12-2024T02:42:19 - [MESSAGE][PASSED] - Text 'У виджета нет данных' is not present on page

03-12-2024T02:42:19 - [TEST_STEP][PASSED] - click(findTestObject("Выручка по ДЗО/Фильтр Выручка")): Object: 'Object Repository/Выручка по ДЗО/Фильтр Выручка' is clicked on

03-12-2024T02:42:19 - [MESSAGE][PASSED] - Object: 'Object Repository/Выручка по ДЗО/Фильтр Выручка' is clicked on

03-12-2024T02:42:19 - [TEST_STEP][PASSED] - click(findTestObject("Выручка по ДЗО/Внутренний оборот в фильтре Выручка")): Object: 'Object Repository/Выручка по ДЗО/Внутренний оборот в фильтре Выручка' is clicked on

03-12-2024T02:42:20 - [MESSAGE][PASSED] - Object: 'Object Repository/Выручка по ДЗО/Внутренний оборот в фильтре Выручка' is clicked on

03-12-2024T02:42:20 - [TEST_STEP][PASSED] - click(findTestObject("Выручка по ДЗО/Применить в фильтре Выручка")): Object: 'Object Repository/Выручка по ДЗО/Применить в фильтре Выручка' is clicked on

03-12-2024T02:42:20 - [MESSAGE][PASSED] - Object: 'Object Repository/Выручка по ДЗО/Применить в фильтре Выручка' is clicked on

03-12-2024T02:42:20 - [TEST_STEP][PASSED] - Script1687405711779.Test(todaysDate): null

03-12-2024T02:42:20 - [TEST_STEP][PASSED] - if (verifyTextNotPresent("нет данных", false) == true): null

03-12-2024T02:42:22 - [MESSAGE][PASSED] - Text 'нет данных' is not present on page

03-12-2024T02:42:22 - [TEST_STEP][PASSED] - if (verifyTextNotPresent("Ошибка запроса данных", false) == true): null

03-12-2024T02:42:23 - [MESSAGE][PASSED] - Text 'Ошибка запроса данных' is not present on page

03-12-2024T02:42:23 - [TEST_STEP][PASSED] - if (verifyTextNotPresent("Произошла ошибка при выполнении пользовательского кода", false) == true): null

03-12-2024T02:42:23 - [MESSAGE][PASSED] - Text 'Произошла ошибка при выполнении пользовательского кода' is not present on page

03-12-2024T02:42:23 - [TEST_STEP][PASSED] - if (verifyTextNotPresent("У виджета нет данных", false) == true): null

03-12-2024T02:42:24 - [MESSAGE][PASSED] - Text 'У виджета нет данных' is not present on page

03-12-2024T02:42:24 - [TEST_STEP][PASSED] - if (verifyTextNotPresent("У виджета нет данных", false) == true): Text 'У виджета нет данных' is not present on page

03-12-2024T02:42:24 - [MESSAGE][PASSED] - Text 'У виджета нет данных' is not present on page

03-12-2024T02:42:24 - [TEST_STEP][PASSED] - click(findTestObject("Выручка по ДЗО/Фильтр Выручка")): Object: 'Object Repository/Выручка по ДЗО/Фильтр Выручка' is clicked on

03-12-2024T02:42:24 - [MESSAGE][PASSED] - Object: 'Object Repository/Выручка по ДЗО/Фильтр Выручка' is clicked on

03-12-2024T02:42:24 - [TEST_STEP][PASSED] - click(findTestObject("Выручка по ДЗО/По передаче в фильтре Выручка")): Object: 'Object Repository/Выручка по ДЗО/По передаче в фильтре Выручка' is clicked on

03-12-2024T02:42:25 - [MESSAGE][PASSED] - Object: 'Object Repository/Выручка по ДЗО/По передаче в фильтре Выручка' is clicked on

03-12-2024T02:42:25 - [TEST_STEP][PASSED] - click(findTestObject("Выручка по ДЗО/Применить в фильтре Выручка")): Object: 'Object Repository/Выручка по ДЗО/Применить в фильтре Выручка' is clicked on

03-12-2024T02:42:25 - [MESSAGE][PASSED] - Object: 'Object Repository/Выручка по ДЗО/Применить в фильтре Выручка' is clicked on

03-12-2024T02:42:25 - [TEST_STEP][PASSED] - Script1687405711779.Test(todaysDate): null

03-12-2024T02:42:25 - [TEST_STEP][PASSED] - if (verifyTextNotPresent("нет данных", false) == true): null

03-12-2024T02:42:28 - [MESSAGE][PASSED] - Text 'нет данных' is not present on page

03-12-2024T02:42:28 - [TEST_STEP][PASSED] - if (verifyTextNotPresent("Ошибка запроса данных", false) == true): null

03-12-2024T02:42:28 - [MESSAGE][PASSED] - Text 'Ошибка запроса данных' is not present on page

03-12-2024T02:42:28 - [TEST_STEP][PASSED] - if (verifyTextNotPresent("Произошла ошибка при выполнении пользовательского кода", false) == true): null

03-12-2024T02:42:29 - [MESSAGE][PASSED] - Text 'Произошла ошибка при выполнении пользовательского кода' is not present on page

03-12-2024T02:42:29 - [TEST_STEP][PASSED] - if (verifyTextNotPresent("У виджета нет данных", false) == true): null

03-12-2024T02:42:29 - [MESSAGE][PASSED] - Text 'У виджета нет данных' is not present on page

03-12-2024T02:42:29 - [TEST_STEP][PASSED] - if (verifyTextNotPresent("У виджета нет данных", false) == true): Text 'У виджета нет данных' is not present on page

03-12-2024T02:42:30 - [MESSAGE][PASSED] - Text 'У виджета нет данных' is not present on page

03-12-2024T02:42:30 - [TEST_STEP][PASSED] - click(findTestObject("Выручка по ДЗО/Фильтр Выручка")): Object: 'Object Repository/Выручка по ДЗО/Фильтр Выручка' is clicked on

03-12-2024T02:42:30 - [MESSAGE][PASSED] - Object: 'Object Repository/Выручка по ДЗО/Фильтр Выручка' is clicked on

03-12-2024T02:42:30 - [TEST_STEP][PASSED] - click(findTestObject("Выручка по ДЗО/Снять выделение в фильтре Выручка")): Object: 'Object Repository/Выручка по ДЗО/Снять выделение в фильтре Выручка' is clicked on

03-12-2024T02:42:31 - [MESSAGE][PASSED] - Object: 'Object Repository/Выручка по ДЗО/Снять выделение в фильтре Выручка' is clicked on

03-12-2024T02:42:31 - [TEST_STEP][PASSED] - click(findTestObject("Выручка по ДЗО/По передаче в фильтре Выручка")): Object: 'Object Repository/Выручка по ДЗО/По передаче в фильтре Выручка' is clicked on

03-12-2024T02:42:31 - [MESSAGE][PASSED] - Object: 'Object Repository/Выручка по ДЗО/По передаче в фильтре Выручка' is clicked on

03-12-2024T02:42:31 - [TEST_STEP][PASSED] - click(findTestObject("Выручка по ДЗО/Применить в фильтре Выручка")): Object: 'Object Repository/Выручка по ДЗО/Применить в фильтре Выручка' is clicked on

03-12-2024T02:42:32 - [MESSAGE][PASSED] - Object: 'Object Repository/Выручка по ДЗО/Применить в фильтре Выручка' is clicked on

03-12-2024T02:42:32 - [TEST_STEP][PASSED] - Script1687405711779.Test(todaysDate): null

03-12-2024T02:42:32 - [TEST_STEP][PASSED] - if (verifyTextNotPresent("нет данных", false) == true): null

03-12-2024T02:42:34 - [MESSAGE][PASSED] - Text 'нет данных' is not present on page

03-12-2024T02:42:34 - [TEST_STEP][PASSED] - if (verifyTextNotPresent("Ошибка запроса данных", false) == true): null

03-12-2024T02:42:34 - [MESSAGE][PASSED] - Text 'Ошибка запроса данных' is not present on page

03-12-2024T02:42:34 - [TEST_STEP][PASSED] - if (verifyTextNotPresent("Произошла ошибка при выполнении пользовательского кода", false) == true): null

03-12-2024T02:42:35 - [MESSAGE][PASSED] - Text 'Произошла ошибка при выполнении пользовательского кода' is not present on page

03-12-2024T02:42:35 - [TEST_STEP][PASSED] - if (verifyTextNotPresent("У виджета нет данных", false) == true): null

03-12-2024T02:42:35 - [MESSAGE][PASSED] - Text 'У виджета нет данных' is not present on page

03-12-2024T02:42:35 - [TEST_STEP][PASSED] - if (verifyTextNotPresent("У виджета нет данных", false) == true): Text 'У виджета нет данных' is not present on page

03-12-2024T02:42:36 - [MESSAGE][PASSED] - Text 'У виджета нет данных' is not present on page

03-12-2024T02:42:36 - [TEST_STEP][PASSED] - click(findTestObject("Выручка по ДЗО/Фильтр Выручка")): Object: 'Object Repository/Выручка по ДЗО/Фильтр Выручка' is clicked on

03-12-2024T02:42:36 - [MESSAGE][PASSED] - Object: 'Object Repository/Выручка по ДЗО/Фильтр Выручка' is clicked on

03-12-2024T02:42:36 - [TEST_STEP][PASSED] - click(findTestObject("Выручка по ДЗО/Снять выделение в фильтре Выручка")): Object: 'Object Repository/Выручка по ДЗО/Снять выделение в фильтре Выручка' is clicked on

03-12-2024T02:42:37 - [MESSAGE][PASSED] - Object: 'Object Repository/Выручка по ДЗО/Снять выделение в фильтре Выручка' is clicked on

03-12-2024T02:42:37 - [TEST_STEP][PASSED] - click(findTestObject("Выручка по ДЗО/Применить в фильтре Выручка")): Object: 'Object Repository/Выручка по ДЗО/Применить в фильтре Выручка' is clicked on

03-12-2024T02:42:37 - [MESSAGE][PASSED] - Object: 'Object Repository/Выручка по ДЗО/Применить в фильтре Выручка' is clicked on

03-12-2024T02:42:37 - [TEST_STEP][PASSED] - click(findTestObject("Выручка по ДЗО/Фильтр ДЗО")): Object: 'Object Repository/Выручка по ДЗО/Фильтр ДЗО' is clicked on

03-12-2024T02:42:39 - [MESSAGE][PASSED] - Object: 'Object Repository/Выручка по ДЗО/Фильтр ДЗО' is clicked on

03-12-2024T02:42:39 - [TEST_STEP][PASSED] - click(findTestObject("Выручка по ДЗО/Снять выделение в фильтре ДЗО")): Object: 'Object Repository/Выручка по ДЗО/Снять выделение в фильтре ДЗО' is clicked on

03-12-2024T02:42:39 - [MESSAGE][PASSED] - Object: 'Object Repository/Выручка по ДЗО/Снять выделение в фильтре ДЗО' is clicked on

03-12-2024T02:42:39 - [TEST_STEP][PASSED] - click(findTestObject("Общие объекты/Раскрыть список РаспредКомплекс")): Object: 'Object Repository/Общие объекты/Раскрыть список РаспредКомплекс' is clicked on

03-12-2024T02:42:39 - [MESSAGE][PASSED] - Object: 'Object Repository/Общие объекты/Раскрыть список РаспредКомплекс' is clicked on

03-12-2024T02:42:39 - [TEST_STEP][PASSED] - scrollToElement(findTestObject("Выручка по ДЗО/Россети Волга Выручка по ДЗО"), 30): Scroll to object 'Object Repository/Выручка по ДЗО/Россети Волга Выручка по ДЗО' successfully

03-12-2024T02:42:40 - [MESSAGE][PASSED] - Scroll to object 'Object Repository/Выручка по ДЗО/Россети Волга Выручка по ДЗО' successfully

03-12-2024T02:42:40 - [TEST_STEP][PASSED] - click(findTestObject("Выручка по ДЗО/Россети Волга Выручка по ДЗО")): Object: 'Object Repository/Выручка по ДЗО/Россети Волга Выручка по ДЗО' is clicked on

03-12-2024T02:42:40 - [MESSAGE][PASSED] - Object: 'Object Repository/Выручка по ДЗО/Россети Волга Выручка по ДЗО' is clicked on

03-12-2024T02:42:40 - [TEST_STEP][PASSED] - Script1687405711779.Change(todaysDate): null

03-12-2024T02:42:40 - [TEST_STEP][PASSED] - scrollToElement(findTestObject("Выручка по ДЗО/Заголовок дашборда"), 30): Scroll to object 'Object Repository/Выручка по ДЗО/Заголовок дашборда' successfully

03-12-2024T02:42:41 - [MESSAGE][PASSED] - Scroll to object 'Object Repository/Выручка по ДЗО/Заголовок дашборда' successfully

03-12-2024T02:42:41 - [TEST_STEP][PASSED] - click(findTestObject("Выручка по ДЗО/Применить в фильтре ДЗО")): Object: 'Object Repository/Выручка по ДЗО/Применить в фильтре ДЗО' is clicked on

03-12-2024T02:42:41 - [MESSAGE][PASSED] - Object: 'Object Repository/Выручка по ДЗО/Применить в фильтре ДЗО' is clicked on

03-12-2024T02:42:41 - [TEST_STEP][PASSED] - Script1687405711779.Tumbler(todaysDate): null

03-12-2024T02:42:41 - [TEST_STEP][PASSED] - Script1687405711779.Test(todaysDate): null

03-12-2024T02:42:41 - [TEST_STEP][PASSED] - if (verifyTextNotPresent("нет данных", false) == true): null

03-12-2024T02:42:44 - [MESSAGE][PASSED] - Text 'нет данных' is not present on page

03-12-2024T02:42:44 - [TEST_STEP][PASSED] - if (verifyTextNotPresent("Ошибка запроса данных", false) == true): null

03-12-2024T02:42:45 - [MESSAGE][PASSED] - Text 'Ошибка запроса данных' is not present on page

03-12-2024T02:42:45 - [TEST_STEP][PASSED] - if (verifyTextNotPresent("Произошла ошибка при выполнении пользовательского кода", false) == true): null

03-12-2024T02:42:46 - [MESSAGE][PASSED] - Text 'Произошла ошибка при выполнении пользовательского кода' is not present on page

03-12-2024T02:42:46 - [TEST_STEP][PASSED] - if (verifyTextNotPresent("У виджета нет данных", false) == true): null

03-12-2024T02:42:46 - [MESSAGE][PASSED] - Text 'У виджета нет данных' is not present on page

03-12-2024T02:42:46 - [TEST_STEP][PASSED] - if (verifyTextNotPresent("У виджета нет данных", false) == true): Text 'У виджета нет данных' is not present on page

03-12-2024T02:42:47 - [MESSAGE][PASSED] - Text 'У виджета нет данных' is not present on page

03-12-2024T02:42:47 - [TEST_STEP][PASSED] - click(findTestObject("Выручка по ДЗО/Фильтр Выручка")): Object: 'Object Repository/Выручка по ДЗО/Фильтр Выручка' is clicked on

03-12-2024T02:42:47 - [MESSAGE][PASSED] - Object: 'Object Repository/Выручка по ДЗО/Фильтр Выручка' is clicked on

03-12-2024T02:42:47 - [TEST_STEP][PASSED] - click(findTestObject("Выручка по ДЗО/Внутренний оборот в фильтре Выручка")): Object: 'Object Repository/Выручка по ДЗО/Внутренний оборот в фильтре Выручка' is clicked on

03-12-2024T02:42:48 - [MESSAGE][PASSED] - Object: 'Object Repository/Выручка по ДЗО/Внутренний оборот в фильтре Выручка' is clicked on

03-12-2024T02:42:48 - [TEST_STEP][PASSED] - click(findTestObject("Выручка по ДЗО/Применить в фильтре Выручка")): Object: 'Object Repository/Выручка по ДЗО/Применить в фильтре Выручка' is clicked on

03-12-2024T02:42:48 - [MESSAGE][PASSED] - Object: 'Object Repository/Выручка по ДЗО/Применить в фильтре Выручка' is clicked on

03-12-2024T02:42:48 - [TEST_STEP][PASSED] - Script1687405711779.Test(todaysDate): null

03-12-2024T02:42:48 - [TEST_STEP][FAILED] - if (verifyTextNotPresent("нет данных", false) == true): Text 'нет данных' is present on page  (Root cause: com.kms.katalon.core.exception.StepFailedException: Text 'нет данных' is present on page 
	at com.kms.katalon.core.webui.keyword.internal.WebUIKeywordMain.stepFailed(WebUIKeywordMain.groovy:64)
	at com.kms.katalon.core.webui.keyword.builtin.VerifyTextNotPresentKeyword$_verifyTextNotPresent_closure1.doCall(VerifyTextNotPresentKeyword.groovy:77)
	at com.kms.katalon.core.webui.keyword.builtin.VerifyTextNotPresentKeyword$_verifyTextNotPresent_closure1.call(VerifyTextNotPresentKeyword.groovy)
	at com.kms.katalon.core.webui.keyword.internal.WebUIKeywordMain.runKeyword(WebUIKeywordMain.groovy:20)
	at com.kms.katalon.core.webui.keyword.builtin.VerifyTextNotPresentKeyword.verifyTextNotPresent(VerifyTextNotPresentKeyword.groovy:82)
	at com.kms.katalon.core.webui.keyword.builtin.VerifyTextNotPresentKeyword.execute(VerifyTextNotPresentKeyword.groovy:68)
	at com.kms.katalon.core.keyword.internal.KeywordExecutor.executeKeywordForPlatform(KeywordExecutor.groovy:74)
	at com.kms.katalon.core.webui.keyword.WebUiBuiltInKeywords.verifyTextNotPresent(WebUiBuiltInKeywords.groovy:1795)
	at Выручка по ДЗО отображение данных все филиалы.Test(Выручка по ДЗО отображение данных все филиалы:782)
	at Выручка по ДЗО отображение данных все филиалы.Tumbler(Выручка по ДЗО отображение данных все филиалы:738)
	at Выручка по ДЗО отображение данных все филиалы.Change(Выручка по ДЗО отображение данных все филиалы:772)
	at Выручка по ДЗО отображение данных все филиалы.DzoTest(Выручка по ДЗО отображение данных все филиалы:180)
	at Выручка по ДЗО отображение данных все филиалы.run(Выручка по ДЗО отображение данных все филиалы:134)
	at com.kms.katalon.core.main.ScriptEngine.run(ScriptEngine.java:194)
	at com.kms.katalon.core.main.ScriptEngine.runScriptAsRawText(ScriptEngine.java:119)
	at com.kms.katalon.core.main.TestCaseExecutor.runScript(TestCaseExecutor.java:448)
	at com.kms.katalon.core.main.TestCaseExecutor.doExecute(TestCaseExecutor.java:439)
	at com.kms.katalon.core.main.TestCaseExecutor.processExecutionPhase(TestCaseExecutor.java:418)
	at com.kms.katalon.core.main.TestCaseExecutor.accessMainPhase(TestCaseExecutor.java:410)
	at com.kms.katalon.core.main.TestCaseExecutor.execute(TestCaseExecutor.java:285)
	at com.kms.katalon.core.common.CommonExecutor.accessTestCaseMainPhase(CommonExecutor.java:65)
	at com.kms.katalon.core.main.TestSuiteExecutor.accessTestSuiteMainPhase(TestSuiteExecutor.java:150)
	at com.kms.katalon.core.main.TestSuiteExecutor.execute(TestSuiteExecutor.java:106)
	at com.kms.katalon.core.main.TestCaseMain.startTestSuite(TestCaseMain.java:180)
	at TempTestSuite1733182698305.run(TempTestSuite1733182698305.groovy:35)
	at java.base/jdk.internal.reflect.NativeMethodAccessorImpl.invoke0(Native Method)
	at java.base/jdk.internal.reflect.NativeMethodAccessorImpl.invoke(NativeMethodAccessorImpl.java:77)
	at java.base/jdk.internal.reflect.DelegatingMethodAccessorImpl.invoke(DelegatingMethodAccessorImpl.java:43)
)

03-12-2024T02:42:51 - [MESSAGE][FAILED] - Text 'нет данных' is present on page  (Root cause: com.kms.katalon.core.exception.StepFailedException: Text 'нет данных' is present on page 
	at com.kms.katalon.core.webui.keyword.internal.WebUIKeywordMain.stepFailed(WebUIKeywordMain.groovy:64)
	at com.kms.katalon.core.webui.keyword.builtin.VerifyTextNotPresentKeyword$_verifyTextNotPresent_closure1.doCall(VerifyTextNotPresentKeyword.groovy:77)
	at com.kms.katalon.core.webui.keyword.builtin.VerifyTextNotPresentKeyword$_verifyTextNotPresent_closure1.call(VerifyTextNotPresentKeyword.groovy)
	at com.kms.katalon.core.webui.keyword.internal.WebUIKeywordMain.runKeyword(WebUIKeywordMain.groovy:20)
	at com.kms.katalon.core.webui.keyword.builtin.VerifyTextNotPresentKeyword.verifyTextNotPresent(VerifyTextNotPresentKeyword.groovy:82)
	at com.kms.katalon.core.webui.keyword.builtin.VerifyTextNotPresentKeyword.execute(VerifyTextNotPresentKeyword.groovy:68)
	at com.kms.katalon.core.keyword.internal.KeywordExecutor.executeKeywordForPlatform(KeywordExecutor.groovy:74)
	at com.kms.katalon.core.webui.keyword.WebUiBuiltInKeywords.verifyTextNotPresent(WebUiBuiltInKeywords.groovy:1795)
	at Выручка по ДЗО отображение данных все филиалы.Test(Выручка по ДЗО отображение данных все филиалы:782)
	at Выручка по ДЗО отображение данных все филиалы.Tumbler(Выручка по ДЗО отображение данных все филиалы:738)
	at Выручка по ДЗО отображение данных все филиалы.Change(Выручка по ДЗО отображение данных все филиалы:772)
	at Выручка по ДЗО отображение данных все филиалы.DzoTest(Выручка по ДЗО отображение данных все филиалы:180)
	at Выручка по ДЗО отображение данных все филиалы.run(Выручка по ДЗО отображение данных все филиалы:134)
	at com.kms.katalon.core.main.ScriptEngine.run(ScriptEngine.java:194)
	at com.kms.katalon.core.main.ScriptEngine.runScriptAsRawText(ScriptEngine.java:119)
	at com.kms.katalon.core.main.TestCaseExecutor.runScript(TestCaseExecutor.java:448)
	at com.kms.katalon.core.main.TestCaseExecutor.doExecute(TestCaseExecutor.java:439)
	at com.kms.katalon.core.main.TestCaseExecutor.processExecutionPhase(TestCaseExecutor.java:418)
	at com.kms.katalon.core.main.TestCaseExecutor.accessMainPhase(TestCaseExecutor.java:410)
	at com.kms.katalon.core.main.TestCaseExecutor.execute(TestCaseExecutor.java:285)
	at com.kms.katalon.core.common.CommonExecutor.accessTestCaseMainPhase(CommonExecutor.java:65)
	at com.kms.katalon.core.main.TestSuiteExecutor.accessTestSuiteMainPhase(TestSuiteExecutor.java:150)
	at com.kms.katalon.core.main.TestSuiteExecutor.execute(TestSuiteExecutor.java:106)
	at com.kms.katalon.core.main.TestCaseMain.startTestSuite(TestCaseMain.java:180)
	at TempTestSuite1733182698305.run(TempTestSuite1733182698305.groovy:35)
	at java.base/jdk.internal.reflect.NativeMethodAccessorImpl.invoke0(Native Method)
	at java.base/jdk.internal.reflect.NativeMethodAccessorImpl.invoke(NativeMethodAccessorImpl.java:77)
	at java.base/jdk.internal.reflect.DelegatingMethodAccessorImpl.invoke(DelegatingMethodAccessorImpl.java:43)
)

03-12-2024T02:42:51 - [TEST_STEP][PASSED] - else: null

03-12-2024T02:42:51 - [TEST_STEP][PASSED] - Script1687405711779.WriteToExcel(todaysDate): null

03-12-2024T02:42:51 - [TEST_STEP][PASSED] - sheetName = "Sheet1": null

03-12-2024T02:42:51 - [TEST_STEP][PASSED] - data = findTestData("PlanFact"): null

03-12-2024T02:42:51 - [TEST_STEP][PASSED] - n = data.getRowNumbers() + 1: null

03-12-2024T02:42:51 - [TEST_STEP][PASSED] - dZO = getText(findTestObject("Выручка по ДЗО/Фильтр ДЗО")): Text of object 'Object Repository/Выручка по ДЗО/Фильтр ДЗО' is: 'ПАО Россети - РаспредКомплекс - Россети Волга'

03-12-2024T02:42:52 - [MESSAGE][PASSED] - Text of object 'Object Repository/Выручка по ДЗО/Фильтр ДЗО' is: 'ПАО Россети - РаспредКомплекс - Россети Волга'

03-12-2024T02:42:52 - [TEST_STEP][PASSED] - period = getText(findTestObject("Выручка по ДЗО/Фильтр Дата")): Text of object 'Object Repository/Выручка по ДЗО/Фильтр Дата' is: '1, 2, 3 кв., Октябрь 2024 года'

03-12-2024T02:42:52 - [MESSAGE][PASSED] - Text of object 'Object Repository/Выручка по ДЗО/Фильтр Дата' is: '1, 2, 3 кв., Октябрь 2024 года'

03-12-2024T02:42:52 - [TEST_STEP][PASSED] - viruchka = getText(findTestObject("Выручка по ДЗО/Фильтр Выручка")): Text of object 'Object Repository/Выручка по ДЗО/Фильтр Выручка' is: 'внутренний оборот'

03-12-2024T02:42:52 - [MESSAGE][PASSED] - Text of object 'Object Repository/Выручка по ДЗО/Фильтр Выручка' is: 'внутренний оборот'

03-12-2024T02:42:52 - [TEST_STEP][PASSED] - if (viruchka == "Выбрано: 2"): null

03-12-2024T02:42:52 - [TEST_STEP][PASSED] - if (viruchka == "Все"): null

03-12-2024T02:42:52 - [TEST_STEP][PASSED] - println(period): null

03-12-2024T02:42:52 - [TEST_STEP][PASSED] - dashboardName = "Выручка по ДЗО": null

03-12-2024T02:42:52 - [TEST_STEP][PASSED] - workbook01 = getWorkbook(excelFilePath): null

03-12-2024T02:42:52 - [TEST_STEP][PASSED] - sheet01 = getExcelSheet(workbook01, sheetName): null

03-12-2024T02:42:52 - [TEST_STEP][PASSED] - setValueToCellByIndex(sheet01, n, 0, dashboardName): null

03-12-2024T02:42:52 - [TEST_STEP][PASSED] - setValueToCellByIndex(sheet01, n, 1, dZO): null

03-12-2024T02:42:52 - [TEST_STEP][PASSED] - setValueToCellByIndex(sheet01, n, 2, period): null

03-12-2024T02:42:52 - [TEST_STEP][PASSED] - setValueToCellByIndex(sheet01, n, 3, viruchka): null

03-12-2024T02:42:52 - [TEST_STEP][PASSED] - setValueToCellByIndex(sheet01, n, 4, todaysDate): null

03-12-2024T02:42:52 - [TEST_STEP][PASSED] - n = n + 1: null

03-12-2024T02:42:52 - [TEST_STEP][PASSED] - saveWorkbook(excelFilePath, workbook01): null

03-12-2024T02:42:53 - [TEST_STEP][PASSED] - click(findTestObject("Выручка по ДЗО/Фильтр Выручка")): Object: 'Object Repository/Выручка по ДЗО/Фильтр Выручка' is clicked on

03-12-2024T02:42:53 - [MESSAGE][PASSED] - Object: 'Object Repository/Выручка по ДЗО/Фильтр Выручка' is clicked on

03-12-2024T02:42:53 - [TEST_STEP][PASSED] - click(findTestObject("Выручка по ДЗО/По передаче в фильтре Выручка")): Object: 'Object Repository/Выручка по ДЗО/По передаче в фильтре Выручка' is clicked on

03-12-2024T02:42:53 - [MESSAGE][PASSED] - Object: 'Object Repository/Выручка по ДЗО/По передаче в фильтре Выручка' is clicked on

03-12-2024T02:42:53 - [TEST_STEP][PASSED] - click(findTestObject("Выручка по ДЗО/Применить в фильтре Выручка")): Object: 'Object Repository/Выручка по ДЗО/Применить в фильтре Выручка' is clicked on

03-12-2024T02:42:54 - [MESSAGE][PASSED] - Object: 'Object Repository/Выручка по ДЗО/Применить в фильтре Выручка' is clicked on

03-12-2024T02:42:54 - [TEST_STEP][PASSED] - Script1687405711779.Test(todaysDate): null

03-12-2024T02:42:54 - [TEST_STEP][PASSED] - if (verifyTextNotPresent("нет данных", false) == true): null

03-12-2024T02:42:56 - [MESSAGE][PASSED] - Text 'нет данных' is not present on page

03-12-2024T02:42:56 - [TEST_STEP][PASSED] - if (verifyTextNotPresent("Ошибка запроса данных", false) == true): null

03-12-2024T02:42:57 - [MESSAGE][PASSED] - Text 'Ошибка запроса данных' is not present on page

03-12-2024T02:42:57 - [TEST_STEP][PASSED] - if (verifyTextNotPresent("Произошла ошибка при выполнении пользовательского кода", false) == true): null

03-12-2024T02:42:58 - [MESSAGE][PASSED] - Text 'Произошла ошибка при выполнении пользовательского кода' is not present on page

03-12-2024T02:42:58 - [TEST_STEP][PASSED] - if (verifyTextNotPresent("У виджета нет данных", false) == true): null

03-12-2024T02:42:58 - [MESSAGE][PASSED] - Text 'У виджета нет данных' is not present on page

03-12-2024T02:42:58 - [TEST_STEP][PASSED] - if (verifyTextNotPresent("У виджета нет данных", false) == true): Text 'У виджета нет данных' is not present on page

03-12-2024T02:42:59 - [MESSAGE][PASSED] - Text 'У виджета нет данных' is not present on page

03-12-2024T02:42:59 - [TEST_STEP][PASSED] - click(findTestObject("Выручка по ДЗО/Фильтр Выручка")): Object: 'Object Repository/Выручка по ДЗО/Фильтр Выручка' is clicked on

03-12-2024T02:42:59 - [MESSAGE][PASSED] - Object: 'Object Repository/Выручка по ДЗО/Фильтр Выручка' is clicked on

03-12-2024T02:42:59 - [TEST_STEP][PASSED] - click(findTestObject("Выручка по ДЗО/Снять выделение в фильтре Выручка")): Object: 'Object Repository/Выручка по ДЗО/Снять выделение в фильтре Выручка' is clicked on

03-12-2024T02:42:59 - [MESSAGE][PASSED] - Object: 'Object Repository/Выручка по ДЗО/Снять выделение в фильтре Выручка' is clicked on

03-12-2024T02:42:59 - [TEST_STEP][PASSED] - click(findTestObject("Выручка по ДЗО/По передаче в фильтре Выручка")): Object: 'Object Repository/Выручка по ДЗО/По передаче в фильтре Выручка' is clicked on

03-12-2024T02:43:00 - [MESSAGE][PASSED] - Object: 'Object Repository/Выручка по ДЗО/По передаче в фильтре Выручка' is clicked on

03-12-2024T02:43:00 - [TEST_STEP][PASSED] - click(findTestObject("Выручка по ДЗО/Применить в фильтре Выручка")): Object: 'Object Repository/Выручка по ДЗО/Применить в фильтре Выручка' is clicked on

03-12-2024T02:43:00 - [MESSAGE][PASSED] - Object: 'Object Repository/Выручка по ДЗО/Применить в фильтре Выручка' is clicked on

03-12-2024T02:43:00 - [TEST_STEP][PASSED] - Script1687405711779.Test(todaysDate): null

03-12-2024T02:43:00 - [TEST_STEP][PASSED] - if (verifyTextNotPresent("нет данных", false) == true): null

03-12-2024T02:43:03 - [MESSAGE][PASSED] - Text 'нет данных' is not present on page

03-12-2024T02:43:03 - [TEST_STEP][PASSED] - if (verifyTextNotPresent("Ошибка запроса данных", false) == true): null

03-12-2024T02:43:03 - [MESSAGE][PASSED] - Text 'Ошибка запроса данных' is not present on page

03-12-2024T02:43:03 - [TEST_STEP][PASSED] - if (verifyTextNotPresent("Произошла ошибка при выполнении пользовательского кода", false) == true): null

03-12-2024T02:43:04 - [MESSAGE][PASSED] - Text 'Произошла ошибка при выполнении пользовательского кода' is not present on page

03-12-2024T02:43:04 - [TEST_STEP][PASSED] - if (verifyTextNotPresent("У виджета нет данных", false) == true): null

03-12-2024T02:43:04 - [MESSAGE][PASSED] - Text 'У виджета нет данных' is not present on page

03-12-2024T02:43:04 - [TEST_STEP][PASSED] - if (verifyTextNotPresent("У виджета нет данных", false) == true): Text 'У виджета нет данных' is not present on page

03-12-2024T02:43:05 - [MESSAGE][PASSED] - Text 'У виджета нет данных' is not present on page

03-12-2024T02:43:05 - [TEST_STEP][PASSED] - click(findTestObject("Выручка по ДЗО/Фильтр Выручка")): Object: 'Object Repository/Выручка по ДЗО/Фильтр Выручка' is clicked on

03-12-2024T02:43:05 - [MESSAGE][PASSED] - Object: 'Object Repository/Выручка по ДЗО/Фильтр Выручка' is clicked on

03-12-2024T02:43:05 - [TEST_STEP][PASSED] - click(findTestObject("Выручка по ДЗО/Снять выделение в фильтре Выручка")): Object: 'Object Repository/Выручка по ДЗО/Снять выделение в фильтре Выручка' is clicked on

03-12-2024T02:43:06 - [MESSAGE][PASSED] - Object: 'Object Repository/Выручка по ДЗО/Снять выделение в фильтре Выручка' is clicked on

03-12-2024T02:43:06 - [TEST_STEP][PASSED] - click(findTestObject("Выручка по ДЗО/Применить в фильтре Выручка")): Object: 'Object Repository/Выручка по ДЗО/Применить в фильтре Выручка' is clicked on

03-12-2024T02:43:06 - [MESSAGE][PASSED] - Object: 'Object Repository/Выручка по ДЗО/Применить в фильтре Выручка' is clicked on

03-12-2024T02:43:06 - [TEST_STEP][PASSED] - click(findTestObject("Выручка по ДЗО/Фильтр ДЗО")): Object: 'Object Repository/Выручка по ДЗО/Фильтр ДЗО' is clicked on

03-12-2024T02:43:08 - [MESSAGE][PASSED] - Object: 'Object Repository/Выручка по ДЗО/Фильтр ДЗО' is clicked on

03-12-2024T02:43:08 - [TEST_STEP][PASSED] - click(findTestObject("Выручка по ДЗО/Снять выделение в фильтре ДЗО")): Object: 'Object Repository/Выручка по ДЗО/Снять выделение в фильтре ДЗО' is clicked on

03-12-2024T02:43:08 - [MESSAGE][PASSED] - Object: 'Object Repository/Выручка по ДЗО/Снять выделение в фильтре ДЗО' is clicked on

03-12-2024T02:43:08 - [TEST_STEP][PASSED] - click(findTestObject("Общие объекты/Раскрыть список Россети Волга")): Object: 'Object Repository/Общие объекты/Раскрыть список Россети Волга' is clicked on

03-12-2024T02:43:09 - [MESSAGE][PASSED] - Object: 'Object Repository/Общие объекты/Раскрыть список Россети Волга' is clicked on

03-12-2024T02:43:09 - [TEST_STEP][PASSED] - scrollToElement(findTestObject("Общие объекты/Мордовэнерго"), 30): Scroll to object 'Object Repository/Общие объекты/Мордовэнерго' successfully

03-12-2024T02:43:09 - [MESSAGE][PASSED] - Scroll to object 'Object Repository/Общие объекты/Мордовэнерго' successfully

03-12-2024T02:43:09 - [TEST_STEP][PASSED] - click(findTestObject("Общие объекты/Мордовэнерго")): Object: 'Object Repository/Общие объекты/Мордовэнерго' is clicked on

03-12-2024T02:43:09 - [MESSAGE][PASSED] - Object: 'Object Repository/Общие объекты/Мордовэнерго' is clicked on

03-12-2024T02:43:09 - [TEST_STEP][PASSED] - Script1687405711779.Change(todaysDate): null

03-12-2024T02:43:09 - [TEST_STEP][PASSED] - scrollToElement(findTestObject("Выручка по ДЗО/Заголовок дашборда"), 30): Scroll to object 'Object Repository/Выручка по ДЗО/Заголовок дашборда' successfully

03-12-2024T02:43:10 - [MESSAGE][PASSED] - Scroll to object 'Object Repository/Выручка по ДЗО/Заголовок дашборда' successfully

03-12-2024T02:43:10 - [TEST_STEP][PASSED] - click(findTestObject("Выручка по ДЗО/Применить в фильтре ДЗО")): Object: 'Object Repository/Выручка по ДЗО/Применить в фильтре ДЗО' is clicked on

03-12-2024T02:43:10 - [MESSAGE][PASSED] - Object: 'Object Repository/Выручка по ДЗО/Применить в фильтре ДЗО' is clicked on

03-12-2024T02:43:10 - [TEST_STEP][PASSED] - Script1687405711779.Tumbler(todaysDate): null

03-12-2024T02:43:10 - [TEST_STEP][PASSED] - Script1687405711779.Test(todaysDate): null

03-12-2024T02:43:10 - [TEST_STEP][PASSED] - if (verifyTextNotPresent("нет данных", false) == true): null

03-12-2024T02:43:13 - [MESSAGE][PASSED] - Text 'нет данных' is not present on page

03-12-2024T02:43:13 - [TEST_STEP][PASSED] - if (verifyTextNotPresent("Ошибка запроса данных", false) == true): null

03-12-2024T02:43:15 - [MESSAGE][PASSED] - Text 'Ошибка запроса данных' is not present on page

03-12-2024T02:43:15 - [TEST_STEP][PASSED] - if (verifyTextNotPresent("Произошла ошибка при выполнении пользовательского кода", false) == true): null

03-12-2024T02:43:15 - [MESSAGE][PASSED] - Text 'Произошла ошибка при выполнении пользовательского кода' is not present on page

03-12-2024T02:43:15 - [TEST_STEP][PASSED] - if (verifyTextNotPresent("У виджета нет данных", false) == true): null

03-12-2024T02:43:16 - [MESSAGE][PASSED] - Text 'У виджета нет данных' is not present on page

03-12-2024T02:43:16 - [TEST_STEP][PASSED] - if (verifyTextNotPresent("У виджета нет данных", false) == true): Text 'У виджета нет данных' is not present on page

03-12-2024T02:43:16 - [MESSAGE][PASSED] - Text 'У виджета нет данных' is not present on page

03-12-2024T02:43:16 - [TEST_STEP][PASSED] - click(findTestObject("Выручка по ДЗО/Фильтр Выручка")): Object: 'Object Repository/Выручка по ДЗО/Фильтр Выручка' is clicked on

03-12-2024T02:43:17 - [MESSAGE][PASSED] - Object: 'Object Repository/Выручка по ДЗО/Фильтр Выручка' is clicked on

03-12-2024T02:43:17 - [TEST_STEP][PASSED] - click(findTestObject("Выручка по ДЗО/Внутренний оборот в фильтре Выручка")): Object: 'Object Repository/Выручка по ДЗО/Внутренний оборот в фильтре Выручка' is clicked on

03-12-2024T02:43:17 - [MESSAGE][PASSED] - Object: 'Object Repository/Выручка по ДЗО/Внутренний оборот в фильтре Выручка' is clicked on

03-12-2024T02:43:17 - [TEST_STEP][PASSED] - click(findTestObject("Выручка по ДЗО/Применить в фильтре Выручка")): Object: 'Object Repository/Выручка по ДЗО/Применить в фильтре Выручка' is clicked on

03-12-2024T02:43:18 - [MESSAGE][PASSED] - Object: 'Object Repository/Выручка по ДЗО/Применить в фильтре Выручка' is clicked on

03-12-2024T02:43:18 - [TEST_STEP][PASSED] - Script1687405711779.Test(todaysDate): null

03-12-2024T02:43:18 - [TEST_STEP][FAILED] - if (verifyTextNotPresent("нет данных", false) == true): Text 'нет данных' is present on page  (Root cause: com.kms.katalon.core.exception.StepFailedException: Text 'нет данных' is present on page 
	at com.kms.katalon.core.webui.keyword.internal.WebUIKeywordMain.stepFailed(WebUIKeywordMain.groovy:64)
	at com.kms.katalon.core.webui.keyword.builtin.VerifyTextNotPresentKeyword$_verifyTextNotPresent_closure1.doCall(VerifyTextNotPresentKeyword.groovy:77)
	at com.kms.katalon.core.webui.keyword.builtin.VerifyTextNotPresentKeyword$_verifyTextNotPresent_closure1.call(VerifyTextNotPresentKeyword.groovy)
	at com.kms.katalon.core.webui.keyword.internal.WebUIKeywordMain.runKeyword(WebUIKeywordMain.groovy:20)
	at com.kms.katalon.core.webui.keyword.builtin.VerifyTextNotPresentKeyword.verifyTextNotPresent(VerifyTextNotPresentKeyword.groovy:82)
	at com.kms.katalon.core.webui.keyword.builtin.VerifyTextNotPresentKeyword.execute(VerifyTextNotPresentKeyword.groovy:68)
	at com.kms.katalon.core.keyword.internal.KeywordExecutor.executeKeywordForPlatform(KeywordExecutor.groovy:74)
	at com.kms.katalon.core.webui.keyword.WebUiBuiltInKeywords.verifyTextNotPresent(WebUiBuiltInKeywords.groovy:1795)
	at Выручка по ДЗО отображение данных все филиалы.Test(Выручка по ДЗО отображение данных все филиалы:782)
	at Выручка по ДЗО отображение данных все филиалы.Tumbler(Выручка по ДЗО отображение данных все филиалы:738)
	at Выручка по ДЗО отображение данных все филиалы.Change(Выручка по ДЗО отображение данных все филиалы:772)
	at Выручка по ДЗО отображение данных все филиалы.DzoTest(Выручка по ДЗО отображение данных все филиалы:188)
	at Выручка по ДЗО отображение данных все филиалы.run(Выручка по ДЗО отображение данных все филиалы:134)
	at com.kms.katalon.core.main.ScriptEngine.run(ScriptEngine.java:194)
	at com.kms.katalon.core.main.ScriptEngine.runScriptAsRawText(ScriptEngine.java:119)
	at com.kms.katalon.core.main.TestCaseExecutor.runScript(TestCaseExecutor.java:448)
	at com.kms.katalon.core.main.TestCaseExecutor.doExecute(TestCaseExecutor.java:439)
	at com.kms.katalon.core.main.TestCaseExecutor.processExecutionPhase(TestCaseExecutor.java:418)
	at com.kms.katalon.core.main.TestCaseExecutor.accessMainPhase(TestCaseExecutor.java:410)
	at com.kms.katalon.core.main.TestCaseExecutor.execute(TestCaseExecutor.java:285)
	at com.kms.katalon.core.common.CommonExecutor.accessTestCaseMainPhase(CommonExecutor.java:65)
	at com.kms.katalon.core.main.TestSuiteExecutor.accessTestSuiteMainPhase(TestSuiteExecutor.java:150)
	at com.kms.katalon.core.main.TestSuiteExecutor.execute(TestSuiteExecutor.java:106)
	at com.kms.katalon.core.main.TestCaseMain.startTestSuite(TestCaseMain.java:180)
	at TempTestSuite1733182698305.run(TempTestSuite1733182698305.groovy:35)
	at java.base/jdk.internal.reflect.NativeMethodAccessorImpl.invoke0(Native Method)
	at java.base/jdk.internal.reflect.NativeMethodAccessorImpl.invoke(NativeMethodAccessorImpl.java:77)
	at java.base/jdk.internal.reflect.DelegatingMethodAccessorImpl.invoke(DelegatingMethodAccessorImpl.java:43)
)

03-12-2024T02:43:20 - [MESSAGE][FAILED] - Text 'нет данных' is present on page  (Root cause: com.kms.katalon.core.exception.StepFailedException: Text 'нет данных' is present on page 
	at com.kms.katalon.core.webui.keyword.internal.WebUIKeywordMain.stepFailed(WebUIKeywordMain.groovy:64)
	at com.kms.katalon.core.webui.keyword.builtin.VerifyTextNotPresentKeyword$_verifyTextNotPresent_closure1.doCall(VerifyTextNotPresentKeyword.groovy:77)
	at com.kms.katalon.core.webui.keyword.builtin.VerifyTextNotPresentKeyword$_verifyTextNotPresent_closure1.call(VerifyTextNotPresentKeyword.groovy)
	at com.kms.katalon.core.webui.keyword.internal.WebUIKeywordMain.runKeyword(WebUIKeywordMain.groovy:20)
	at com.kms.katalon.core.webui.keyword.builtin.VerifyTextNotPresentKeyword.verifyTextNotPresent(VerifyTextNotPresentKeyword.groovy:82)
	at com.kms.katalon.core.webui.keyword.builtin.VerifyTextNotPresentKeyword.execute(VerifyTextNotPresentKeyword.groovy:68)
	at com.kms.katalon.core.keyword.internal.KeywordExecutor.executeKeywordForPlatform(KeywordExecutor.groovy:74)
	at com.kms.katalon.core.webui.keyword.WebUiBuiltInKeywords.verifyTextNotPresent(WebUiBuiltInKeywords.groovy:1795)
	at Выручка по ДЗО отображение данных все филиалы.Test(Выручка по ДЗО отображение данных все филиалы:782)
	at Выручка по ДЗО отображение данных все филиалы.Tumbler(Выручка по ДЗО отображение данных все филиалы:738)
	at Выручка по ДЗО отображение данных все филиалы.Change(Выручка по ДЗО отображение данных все филиалы:772)
	at Выручка по ДЗО отображение данных все филиалы.DzoTest(Выручка по ДЗО отображение данных все филиалы:188)
	at Выручка по ДЗО отображение данных все филиалы.run(Выручка по ДЗО отображение данных все филиалы:134)
	at com.kms.katalon.core.main.ScriptEngine.run(ScriptEngine.java:194)
	at com.kms.katalon.core.main.ScriptEngine.runScriptAsRawText(ScriptEngine.java:119)
	at com.kms.katalon.core.main.TestCaseExecutor.runScript(TestCaseExecutor.java:448)
	at com.kms.katalon.core.main.TestCaseExecutor.doExecute(TestCaseExecutor.java:439)
	at com.kms.katalon.core.main.TestCaseExecutor.processExecutionPhase(TestCaseExecutor.java:418)
	at com.kms.katalon.core.main.TestCaseExecutor.accessMainPhase(TestCaseExecutor.java:410)
	at com.kms.katalon.core.main.TestCaseExecutor.execute(TestCaseExecutor.java:285)
	at com.kms.katalon.core.common.CommonExecutor.accessTestCaseMainPhase(CommonExecutor.java:65)
	at com.kms.katalon.core.main.TestSuiteExecutor.accessTestSuiteMainPhase(TestSuiteExecutor.java:150)
	at com.kms.katalon.core.main.TestSuiteExecutor.execute(TestSuiteExecutor.java:106)
	at com.kms.katalon.core.main.TestCaseMain.startTestSuite(TestCaseMain.java:180)
	at TempTestSuite1733182698305.run(TempTestSuite1733182698305.groovy:35)
	at java.base/jdk.internal.reflect.NativeMethodAccessorImpl.invoke0(Native Method)
	at java.base/jdk.internal.reflect.NativeMethodAccessorImpl.invoke(NativeMethodAccessorImpl.java:77)
	at java.base/jdk.internal.reflect.DelegatingMethodAccessorImpl.invoke(DelegatingMethodAccessorImpl.java:43)
)

03-12-2024T02:43:20 - [TEST_STEP][PASSED] - else: null

03-12-2024T02:43:20 - [TEST_STEP][PASSED] - Script1687405711779.WriteToExcel(todaysDate): null

03-12-2024T02:43:20 - [TEST_STEP][PASSED] - sheetName = "Sheet1": null

03-12-2024T02:43:20 - [TEST_STEP][PASSED] - data = findTestData("PlanFact"): null

03-12-2024T02:43:20 - [TEST_STEP][PASSED] - n = data.getRowNumbers() + 1: null

03-12-2024T02:43:20 - [TEST_STEP][PASSED] - dZO = getText(findTestObject("Выручка по ДЗО/Фильтр ДЗО")): Text of object 'Object Repository/Выручка по ДЗО/Фильтр ДЗО' is: 'ПАО Россети - РаспредКомплекс - Россети Волга - Мордовэнерго'

03-12-2024T02:43:20 - [MESSAGE][PASSED] - Text of object 'Object Repository/Выручка по ДЗО/Фильтр ДЗО' is: 'ПАО Россети - РаспредКомплекс - Россети Волга - Мордовэнерго'

03-12-2024T02:43:20 - [TEST_STEP][PASSED] - period = getText(findTestObject("Выручка по ДЗО/Фильтр Дата")): Text of object 'Object Repository/Выручка по ДЗО/Фильтр Дата' is: '1, 2, 3 кв., Октябрь 2024 года'

03-12-2024T02:43:20 - [MESSAGE][PASSED] - Text of object 'Object Repository/Выручка по ДЗО/Фильтр Дата' is: '1, 2, 3 кв., Октябрь 2024 года'

03-12-2024T02:43:20 - [TEST_STEP][PASSED] - viruchka = getText(findTestObject("Выручка по ДЗО/Фильтр Выручка")): Text of object 'Object Repository/Выручка по ДЗО/Фильтр Выручка' is: 'внутренний оборот'

03-12-2024T02:43:21 - [MESSAGE][PASSED] - Text of object 'Object Repository/Выручка по ДЗО/Фильтр Выручка' is: 'внутренний оборот'

03-12-2024T02:43:21 - [TEST_STEP][PASSED] - if (viruchka == "Выбрано: 2"): null

03-12-2024T02:43:21 - [TEST_STEP][PASSED] - if (viruchka == "Все"): null

03-12-2024T02:43:21 - [TEST_STEP][PASSED] - println(period): null

03-12-2024T02:43:21 - [TEST_STEP][PASSED] - dashboardName = "Выручка по ДЗО": null

03-12-2024T02:43:21 - [TEST_STEP][PASSED] - workbook01 = getWorkbook(excelFilePath): null

03-12-2024T02:43:21 - [TEST_STEP][PASSED] - sheet01 = getExcelSheet(workbook01, sheetName): null

03-12-2024T02:43:21 - [TEST_STEP][PASSED] - setValueToCellByIndex(sheet01, n, 0, dashboardName): null

03-12-2024T02:43:21 - [TEST_STEP][PASSED] - setValueToCellByIndex(sheet01, n, 1, dZO): null

03-12-2024T02:43:21 - [TEST_STEP][PASSED] - setValueToCellByIndex(sheet01, n, 2, period): null

03-12-2024T02:43:21 - [TEST_STEP][PASSED] - setValueToCellByIndex(sheet01, n, 3, viruchka): null

03-12-2024T02:43:21 - [TEST_STEP][PASSED] - setValueToCellByIndex(sheet01, n, 4, todaysDate): null

03-12-2024T02:43:21 - [TEST_STEP][PASSED] - n = n + 1: null

03-12-2024T02:43:21 - [TEST_STEP][PASSED] - saveWorkbook(excelFilePath, workbook01): null

03-12-2024T02:43:21 - [TEST_STEP][PASSED] - click(findTestObject("Выручка по ДЗО/Фильтр Выручка")): Object: 'Object Repository/Выручка по ДЗО/Фильтр Выручка' is clicked on

03-12-2024T02:43:21 - [MESSAGE][PASSED] - Object: 'Object Repository/Выручка по ДЗО/Фильтр Выручка' is clicked on

03-12-2024T02:43:21 - [TEST_STEP][PASSED] - click(findTestObject("Выручка по ДЗО/По передаче в фильтре Выручка")): Object: 'Object Repository/Выручка по ДЗО/По передаче в фильтре Выручка' is clicked on

03-12-2024T02:43:22 - [MESSAGE][PASSED] - Object: 'Object Repository/Выручка по ДЗО/По передаче в фильтре Выручка' is clicked on

03-12-2024T02:43:22 - [TEST_STEP][PASSED] - click(findTestObject("Выручка по ДЗО/Применить в фильтре Выручка")): Object: 'Object Repository/Выручка по ДЗО/Применить в фильтре Выручка' is clicked on

03-12-2024T02:43:23 - [MESSAGE][PASSED] - Object: 'Object Repository/Выручка по ДЗО/Применить в фильтре Выручка' is clicked on

03-12-2024T02:43:23 - [TEST_STEP][PASSED] - Script1687405711779.Test(todaysDate): null

03-12-2024T02:43:23 - [TEST_STEP][PASSED] - if (verifyTextNotPresent("нет данных", false) == true): null

03-12-2024T02:43:25 - [MESSAGE][PASSED] - Text 'нет данных' is not present on page

03-12-2024T02:43:25 - [TEST_STEP][PASSED] - if (verifyTextNotPresent("Ошибка запроса данных", false) == true): null

03-12-2024T02:43:26 - [MESSAGE][PASSED] - Text 'Ошибка запроса данных' is not present on page

03-12-2024T02:43:26 - [TEST_STEP][PASSED] - if (verifyTextNotPresent("Произошла ошибка при выполнении пользовательского кода", false) == true): null

03-12-2024T02:43:26 - [MESSAGE][PASSED] - Text 'Произошла ошибка при выполнении пользовательского кода' is not present on page

03-12-2024T02:43:26 - [TEST_STEP][PASSED] - if (verifyTextNotPresent("У виджета нет данных", false) == true): null

03-12-2024T02:43:27 - [MESSAGE][PASSED] - Text 'У виджета нет данных' is not present on page

03-12-2024T02:43:27 - [TEST_STEP][PASSED] - if (verifyTextNotPresent("У виджета нет данных", false) == true): Text 'У виджета нет данных' is not present on page

03-12-2024T02:43:27 - [MESSAGE][PASSED] - Text 'У виджета нет данных' is not present on page

03-12-2024T02:43:27 - [TEST_STEP][PASSED] - click(findTestObject("Выручка по ДЗО/Фильтр Выручка")): Object: 'Object Repository/Выручка по ДЗО/Фильтр Выручка' is clicked on

03-12-2024T02:43:27 - [MESSAGE][PASSED] - Object: 'Object Repository/Выручка по ДЗО/Фильтр Выручка' is clicked on

03-12-2024T02:43:27 - [TEST_STEP][PASSED] - click(findTestObject("Выручка по ДЗО/Снять выделение в фильтре Выручка")): Object: 'Object Repository/Выручка по ДЗО/Снять выделение в фильтре Выручка' is clicked on

03-12-2024T02:43:28 - [MESSAGE][PASSED] - Object: 'Object Repository/Выручка по ДЗО/Снять выделение в фильтре Выручка' is clicked on

03-12-2024T02:43:28 - [TEST_STEP][PASSED] - click(findTestObject("Выручка по ДЗО/По передаче в фильтре Выручка")): Object: 'Object Repository/Выручка по ДЗО/По передаче в фильтре Выручка' is clicked on

03-12-2024T02:43:28 - [MESSAGE][PASSED] - Object: 'Object Repository/Выручка по ДЗО/По передаче в фильтре Выручка' is clicked on

03-12-2024T02:43:28 - [TEST_STEP][PASSED] - click(findTestObject("Выручка по ДЗО/Применить в фильтре Выручка")): Object: 'Object Repository/Выручка по ДЗО/Применить в фильтре Выручка' is clicked on

03-12-2024T02:43:29 - [MESSAGE][PASSED] - Object: 'Object Repository/Выручка по ДЗО/Применить в фильтре Выручка' is clicked on

03-12-2024T02:43:29 - [TEST_STEP][PASSED] - Script1687405711779.Test(todaysDate): null

03-12-2024T02:43:29 - [TEST_STEP][PASSED] - if (verifyTextNotPresent("нет данных", false) == true): null

03-12-2024T02:43:31 - [MESSAGE][PASSED] - Text 'нет данных' is not present on page

03-12-2024T02:43:31 - [TEST_STEP][PASSED] - if (verifyTextNotPresent("Ошибка запроса данных", false) == true): null

03-12-2024T02:43:31 - [MESSAGE][PASSED] - Text 'Ошибка запроса данных' is not present on page

03-12-2024T02:43:31 - [TEST_STEP][PASSED] - if (verifyTextNotPresent("Произошла ошибка при выполнении пользовательского кода", false) == true): null

03-12-2024T02:43:32 - [MESSAGE][PASSED] - Text 'Произошла ошибка при выполнении пользовательского кода' is not present on page

03-12-2024T02:43:32 - [TEST_STEP][PASSED] - if (verifyTextNotPresent("У виджета нет данных", false) == true): null

03-12-2024T02:43:32 - [MESSAGE][PASSED] - Text 'У виджета нет данных' is not present on page

03-12-2024T02:43:32 - [TEST_STEP][PASSED] - if (verifyTextNotPresent("У виджета нет данных", false) == true): Text 'У виджета нет данных' is not present on page

03-12-2024T02:43:33 - [MESSAGE][PASSED] - Text 'У виджета нет данных' is not present on page

03-12-2024T02:43:33 - [TEST_STEP][PASSED] - click(findTestObject("Выручка по ДЗО/Фильтр Выручка")): Object: 'Object Repository/Выручка по ДЗО/Фильтр Выручка' is clicked on

03-12-2024T02:43:33 - [MESSAGE][PASSED] - Object: 'Object Repository/Выручка по ДЗО/Фильтр Выручка' is clicked on

03-12-2024T02:43:33 - [TEST_STEP][PASSED] - click(findTestObject("Выручка по ДЗО/Снять выделение в фильтре Выручка")): Object: 'Object Repository/Выручка по ДЗО/Снять выделение в фильтре Выручка' is clicked on

03-12-2024T02:43:33 - [MESSAGE][PASSED] - Object: 'Object Repository/Выручка по ДЗО/Снять выделение в фильтре Выручка' is clicked on

03-12-2024T02:43:33 - [TEST_STEP][PASSED] - click(findTestObject("Выручка по ДЗО/Применить в фильтре Выручка")): Object: 'Object Repository/Выручка по ДЗО/Применить в фильтре Выручка' is clicked on

03-12-2024T02:43:34 - [MESSAGE][PASSED] - Object: 'Object Repository/Выручка по ДЗО/Применить в фильтре Выручка' is clicked on

03-12-2024T02:43:34 - [TEST_STEP][PASSED] - click(findTestObject("Выручка по ДЗО/Фильтр ДЗО")): Object: 'Object Repository/Выручка по ДЗО/Фильтр ДЗО' is clicked on

03-12-2024T02:43:36 - [MESSAGE][PASSED] - Object: 'Object Repository/Выручка по ДЗО/Фильтр ДЗО' is clicked on

03-12-2024T02:43:36 - [TEST_STEP][PASSED] - click(findTestObject("Выручка по ДЗО/Снять выделение в фильтре ДЗО")): Object: 'Object Repository/Выручка по ДЗО/Снять выделение в фильтре ДЗО' is clicked on

03-12-2024T02:43:37 - [MESSAGE][PASSED] - Object: 'Object Repository/Выручка по ДЗО/Снять выделение в фильтре ДЗО' is clicked on

03-12-2024T02:43:37 - [TEST_STEP][PASSED] - scrollToElement(findTestObject("Общие объекты/Оренбургэнерго"), 30): Scroll to object 'Object Repository/Общие объекты/Оренбургэнерго' successfully

03-12-2024T02:43:37 - [MESSAGE][PASSED] - Scroll to object 'Object Repository/Общие объекты/Оренбургэнерго' successfully

03-12-2024T02:43:37 - [TEST_STEP][PASSED] - click(findTestObject("Общие объекты/Оренбургэнерго")): Object: 'Object Repository/Общие объекты/Оренбургэнерго' is clicked on

03-12-2024T02:43:38 - [MESSAGE][PASSED] - Object: 'Object Repository/Общие объекты/Оренбургэнерго' is clicked on

03-12-2024T02:43:38 - [TEST_STEP][PASSED] - Script1687405711779.Change(todaysDate): null

03-12-2024T02:43:38 - [TEST_STEP][PASSED] - scrollToElement(findTestObject("Выручка по ДЗО/Заголовок дашборда"), 30): Scroll to object 'Object Repository/Выручка по ДЗО/Заголовок дашборда' successfully

03-12-2024T02:43:38 - [MESSAGE][PASSED] - Scroll to object 'Object Repository/Выручка по ДЗО/Заголовок дашборда' successfully

03-12-2024T02:43:38 - [TEST_STEP][PASSED] - click(findTestObject("Выручка по ДЗО/Применить в фильтре ДЗО")): Object: 'Object Repository/Выручка по ДЗО/Применить в фильтре ДЗО' is clicked on

03-12-2024T02:43:39 - [MESSAGE][PASSED] - Object: 'Object Repository/Выручка по ДЗО/Применить в фильтре ДЗО' is clicked on

03-12-2024T02:43:39 - [TEST_STEP][PASSED] - Script1687405711779.Tumbler(todaysDate): null

03-12-2024T02:43:39 - [TEST_STEP][PASSED] - Script1687405711779.Test(todaysDate): null

03-12-2024T02:43:39 - [TEST_STEP][PASSED] - if (verifyTextNotPresent("нет данных", false) == true): null

03-12-2024T02:43:42 - [MESSAGE][PASSED] - Text 'нет данных' is not present on page

03-12-2024T02:43:42 - [TEST_STEP][PASSED] - if (verifyTextNotPresent("Ошибка запроса данных", false) == true): null

03-12-2024T02:43:43 - [MESSAGE][PASSED] - Text 'Ошибка запроса данных' is not present on page

03-12-2024T02:43:43 - [TEST_STEP][PASSED] - if (verifyTextNotPresent("Произошла ошибка при выполнении пользовательского кода", false) == true): null

03-12-2024T02:43:43 - [MESSAGE][PASSED] - Text 'Произошла ошибка при выполнении пользовательского кода' is not present on page

03-12-2024T02:43:43 - [TEST_STEP][PASSED] - if (verifyTextNotPresent("У виджета нет данных", false) == true): null

03-12-2024T02:43:44 - [MESSAGE][PASSED] - Text 'У виджета нет данных' is not present on page

03-12-2024T02:43:44 - [TEST_STEP][PASSED] - if (verifyTextNotPresent("У виджета нет данных", false) == true): Text 'У виджета нет данных' is not present on page

03-12-2024T02:43:44 - [MESSAGE][PASSED] - Text 'У виджета нет данных' is not present on page

03-12-2024T02:43:44 - [TEST_STEP][PASSED] - click(findTestObject("Выручка по ДЗО/Фильтр Выручка")): Object: 'Object Repository/Выручка по ДЗО/Фильтр Выручка' is clicked on

03-12-2024T02:43:45 - [MESSAGE][PASSED] - Object: 'Object Repository/Выручка по ДЗО/Фильтр Выручка' is clicked on

03-12-2024T02:43:45 - [TEST_STEP][PASSED] - click(findTestObject("Выручка по ДЗО/Внутренний оборот в фильтре Выручка")): Object: 'Object Repository/Выручка по ДЗО/Внутренний оборот в фильтре Выручка' is clicked on

03-12-2024T02:43:45 - [MESSAGE][PASSED] - Object: 'Object Repository/Выручка по ДЗО/Внутренний оборот в фильтре Выручка' is clicked on

03-12-2024T02:43:45 - [TEST_STEP][PASSED] - click(findTestObject("Выручка по ДЗО/Применить в фильтре Выручка")): Object: 'Object Repository/Выручка по ДЗО/Применить в фильтре Выручка' is clicked on

03-12-2024T02:43:46 - [MESSAGE][PASSED] - Object: 'Object Repository/Выручка по ДЗО/Применить в фильтре Выручка' is clicked on

03-12-2024T02:43:46 - [TEST_STEP][PASSED] - Script1687405711779.Test(todaysDate): null

03-12-2024T02:43:46 - [TEST_STEP][FAILED] - if (verifyTextNotPresent("нет данных", false) == true): Text 'нет данных' is present on page  (Root cause: com.kms.katalon.core.exception.StepFailedException: Text 'нет данных' is present on page 
	at com.kms.katalon.core.webui.keyword.internal.WebUIKeywordMain.stepFailed(WebUIKeywordMain.groovy:64)
	at com.kms.katalon.core.webui.keyword.builtin.VerifyTextNotPresentKeyword$_verifyTextNotPresent_closure1.doCall(VerifyTextNotPresentKeyword.groovy:77)
	at com.kms.katalon.core.webui.keyword.builtin.VerifyTextNotPresentKeyword$_verifyTextNotPresent_closure1.call(VerifyTextNotPresentKeyword.groovy)
	at com.kms.katalon.core.webui.keyword.internal.WebUIKeywordMain.runKeyword(WebUIKeywordMain.groovy:20)
	at com.kms.katalon.core.webui.keyword.builtin.VerifyTextNotPresentKeyword.verifyTextNotPresent(VerifyTextNotPresentKeyword.groovy:82)
	at com.kms.katalon.core.webui.keyword.builtin.VerifyTextNotPresentKeyword.execute(VerifyTextNotPresentKeyword.groovy:68)
	at com.kms.katalon.core.keyword.internal.KeywordExecutor.executeKeywordForPlatform(KeywordExecutor.groovy:74)
	at com.kms.katalon.core.webui.keyword.WebUiBuiltInKeywords.verifyTextNotPresent(WebUiBuiltInKeywords.groovy:1795)
	at Выручка по ДЗО отображение данных все филиалы.Test(Выручка по ДЗО отображение данных все филиалы:782)
	at Выручка по ДЗО отображение данных все филиалы.Tumbler(Выручка по ДЗО отображение данных все филиалы:738)
	at Выручка по ДЗО отображение данных все филиалы.Change(Выручка по ДЗО отображение данных все филиалы:772)
	at Выручка по ДЗО отображение данных все филиалы.DzoTest(Выручка по ДЗО отображение данных все филиалы:194)
	at Выручка по ДЗО отображение данных все филиалы.run(Выручка по ДЗО отображение данных все филиалы:134)
	at com.kms.katalon.core.main.ScriptEngine.run(ScriptEngine.java:194)
	at com.kms.katalon.core.main.ScriptEngine.runScriptAsRawText(ScriptEngine.java:119)
	at com.kms.katalon.core.main.TestCaseExecutor.runScript(TestCaseExecutor.java:448)
	at com.kms.katalon.core.main.TestCaseExecutor.doExecute(TestCaseExecutor.java:439)
	at com.kms.katalon.core.main.TestCaseExecutor.processExecutionPhase(TestCaseExecutor.java:418)
	at com.kms.katalon.core.main.TestCaseExecutor.accessMainPhase(TestCaseExecutor.java:410)
	at com.kms.katalon.core.main.TestCaseExecutor.execute(TestCaseExecutor.java:285)
	at com.kms.katalon.core.common.CommonExecutor.accessTestCaseMainPhase(CommonExecutor.java:65)
	at com.kms.katalon.core.main.TestSuiteExecutor.accessTestSuiteMainPhase(TestSuiteExecutor.java:150)
	at com.kms.katalon.core.main.TestSuiteExecutor.execute(TestSuiteExecutor.java:106)
	at com.kms.katalon.core.main.TestCaseMain.startTestSuite(TestCaseMain.java:180)
	at TempTestSuite1733182698305.run(TempTestSuite1733182698305.groovy:35)
	at java.base/jdk.internal.reflect.NativeMethodAccessorImpl.invoke0(Native Method)
	at java.base/jdk.internal.reflect.NativeMethodAccessorImpl.invoke(NativeMethodAccessorImpl.java:77)
	at java.base/jdk.internal.reflect.DelegatingMethodAccessorImpl.invoke(DelegatingMethodAccessorImpl.java:43)
)

03-12-2024T02:43:48 - [MESSAGE][FAILED] - Text 'нет данных' is present on page  (Root cause: com.kms.katalon.core.exception.StepFailedException: Text 'нет данных' is present on page 
	at com.kms.katalon.core.webui.keyword.internal.WebUIKeywordMain.stepFailed(WebUIKeywordMain.groovy:64)
	at com.kms.katalon.core.webui.keyword.builtin.VerifyTextNotPresentKeyword$_verifyTextNotPresent_closure1.doCall(VerifyTextNotPresentKeyword.groovy:77)
	at com.kms.katalon.core.webui.keyword.builtin.VerifyTextNotPresentKeyword$_verifyTextNotPresent_closure1.call(VerifyTextNotPresentKeyword.groovy)
	at com.kms.katalon.core.webui.keyword.internal.WebUIKeywordMain.runKeyword(WebUIKeywordMain.groovy:20)
	at com.kms.katalon.core.webui.keyword.builtin.VerifyTextNotPresentKeyword.verifyTextNotPresent(VerifyTextNotPresentKeyword.groovy:82)
	at com.kms.katalon.core.webui.keyword.builtin.VerifyTextNotPresentKeyword.execute(VerifyTextNotPresentKeyword.groovy:68)
	at com.kms.katalon.core.keyword.internal.KeywordExecutor.executeKeywordForPlatform(KeywordExecutor.groovy:74)
	at com.kms.katalon.core.webui.keyword.WebUiBuiltInKeywords.verifyTextNotPresent(WebUiBuiltInKeywords.groovy:1795)
	at Выручка по ДЗО отображение данных все филиалы.Test(Выручка по ДЗО отображение данных все филиалы:782)
	at Выручка по ДЗО отображение данных все филиалы.Tumbler(Выручка по ДЗО отображение данных все филиалы:738)
	at Выручка по ДЗО отображение данных все филиалы.Change(Выручка по ДЗО отображение данных все филиалы:772)
	at Выручка по ДЗО отображение данных все филиалы.DzoTest(Выручка по ДЗО отображение данных все филиалы:194)
	at Выручка по ДЗО отображение данных все филиалы.run(Выручка по ДЗО отображение данных все филиалы:134)
	at com.kms.katalon.core.main.ScriptEngine.run(ScriptEngine.java:194)
	at com.kms.katalon.core.main.ScriptEngine.runScriptAsRawText(ScriptEngine.java:119)
	at com.kms.katalon.core.main.TestCaseExecutor.runScript(TestCaseExecutor.java:448)
	at com.kms.katalon.core.main.TestCaseExecutor.doExecute(TestCaseExecutor.java:439)
	at com.kms.katalon.core.main.TestCaseExecutor.processExecutionPhase(TestCaseExecutor.java:418)
	at com.kms.katalon.core.main.TestCaseExecutor.accessMainPhase(TestCaseExecutor.java:410)
	at com.kms.katalon.core.main.TestCaseExecutor.execute(TestCaseExecutor.java:285)
	at com.kms.katalon.core.common.CommonExecutor.accessTestCaseMainPhase(CommonExecutor.java:65)
	at com.kms.katalon.core.main.TestSuiteExecutor.accessTestSuiteMainPhase(TestSuiteExecutor.java:150)
	at com.kms.katalon.core.main.TestSuiteExecutor.execute(TestSuiteExecutor.java:106)
	at com.kms.katalon.core.main.TestCaseMain.startTestSuite(TestCaseMain.java:180)
	at TempTestSuite1733182698305.run(TempTestSuite1733182698305.groovy:35)
	at java.base/jdk.internal.reflect.NativeMethodAccessorImpl.invoke0(Native Method)
	at java.base/jdk.internal.reflect.NativeMethodAccessorImpl.invoke(NativeMethodAccessorImpl.java:77)
	at java.base/jdk.internal.reflect.DelegatingMethodAccessorImpl.invoke(DelegatingMethodAccessorImpl.java:43)
)

03-12-2024T02:43:48 - [TEST_STEP][PASSED] - else: null

03-12-2024T02:43:48 - [TEST_STEP][PASSED] - Script1687405711779.WriteToExcel(todaysDate): null

03-12-2024T02:43:48 - [TEST_STEP][PASSED] - sheetName = "Sheet1": null

03-12-2024T02:43:48 - [TEST_STEP][PASSED] - data = findTestData("PlanFact"): null

03-12-2024T02:43:48 - [TEST_STEP][PASSED] - n = data.getRowNumbers() + 1: null

03-12-2024T02:43:48 - [TEST_STEP][PASSED] - dZO = getText(findTestObject("Выручка по ДЗО/Фильтр ДЗО")): Text of object 'Object Repository/Выручка по ДЗО/Фильтр ДЗО' is: 'ПАО Россети - РаспредКомплекс - Россети Волга - Оренбургэнерго'

03-12-2024T02:43:48 - [MESSAGE][PASSED] - Text of object 'Object Repository/Выручка по ДЗО/Фильтр ДЗО' is: 'ПАО Россети - РаспредКомплекс - Россети Волга - Оренбургэнерго'

03-12-2024T02:43:48 - [TEST_STEP][PASSED] - period = getText(findTestObject("Выручка по ДЗО/Фильтр Дата")): Text of object 'Object Repository/Выручка по ДЗО/Фильтр Дата' is: '1, 2, 3 кв., Октябрь 2024 года'

03-12-2024T02:43:48 - [MESSAGE][PASSED] - Text of object 'Object Repository/Выручка по ДЗО/Фильтр Дата' is: '1, 2, 3 кв., Октябрь 2024 года'

03-12-2024T02:43:48 - [TEST_STEP][PASSED] - viruchka = getText(findTestObject("Выручка по ДЗО/Фильтр Выручка")): Text of object 'Object Repository/Выручка по ДЗО/Фильтр Выручка' is: 'внутренний оборот'

03-12-2024T02:43:49 - [MESSAGE][PASSED] - Text of object 'Object Repository/Выручка по ДЗО/Фильтр Выручка' is: 'внутренний оборот'

03-12-2024T02:43:49 - [TEST_STEP][PASSED] - if (viruchka == "Выбрано: 2"): null

03-12-2024T02:43:49 - [TEST_STEP][PASSED] - if (viruchka == "Все"): null

03-12-2024T02:43:49 - [TEST_STEP][PASSED] - println(period): null

03-12-2024T02:43:49 - [TEST_STEP][PASSED] - dashboardName = "Выручка по ДЗО": null

03-12-2024T02:43:49 - [TEST_STEP][PASSED] - workbook01 = getWorkbook(excelFilePath): null

03-12-2024T02:43:49 - [TEST_STEP][PASSED] - sheet01 = getExcelSheet(workbook01, sheetName): null

03-12-2024T02:43:49 - [TEST_STEP][PASSED] - setValueToCellByIndex(sheet01, n, 0, dashboardName): null

03-12-2024T02:43:49 - [TEST_STEP][PASSED] - setValueToCellByIndex(sheet01, n, 1, dZO): null

03-12-2024T02:43:49 - [TEST_STEP][PASSED] - setValueToCellByIndex(sheet01, n, 2, period): null

03-12-2024T02:43:49 - [TEST_STEP][PASSED] - setValueToCellByIndex(sheet01, n, 3, viruchka): null

03-12-2024T02:43:49 - [TEST_STEP][PASSED] - setValueToCellByIndex(sheet01, n, 4, todaysDate): null

03-12-2024T02:43:49 - [TEST_STEP][PASSED] - n = n + 1: null

03-12-2024T02:43:49 - [TEST_STEP][PASSED] - saveWorkbook(excelFilePath, workbook01): null

03-12-2024T02:43:49 - [TEST_STEP][PASSED] - click(findTestObject("Выручка по ДЗО/Фильтр Выручка")): Object: 'Object Repository/Выручка по ДЗО/Фильтр Выручка' is clicked on

03-12-2024T02:43:49 - [MESSAGE][PASSED] - Object: 'Object Repository/Выручка по ДЗО/Фильтр Выручка' is clicked on

03-12-2024T02:43:49 - [TEST_STEP][PASSED] - click(findTestObject("Выручка по ДЗО/По передаче в фильтре Выручка")): Object: 'Object Repository/Выручка по ДЗО/По передаче в фильтре Выручка' is clicked on

03-12-2024T02:43:50 - [MESSAGE][PASSED] - Object: 'Object Repository/Выручка по ДЗО/По передаче в фильтре Выручка' is clicked on

03-12-2024T02:43:50 - [TEST_STEP][PASSED] - click(findTestObject("Выручка по ДЗО/Применить в фильтре Выручка")): Object: 'Object Repository/Выручка по ДЗО/Применить в фильтре Выручка' is clicked on

03-12-2024T02:43:50 - [MESSAGE][PASSED] - Object: 'Object Repository/Выручка по ДЗО/Применить в фильтре Выручка' is clicked on

03-12-2024T02:43:50 - [TEST_STEP][PASSED] - Script1687405711779.Test(todaysDate): null

03-12-2024T02:43:50 - [TEST_STEP][PASSED] - if (verifyTextNotPresent("нет данных", false) == true): null

03-12-2024T02:43:53 - [MESSAGE][PASSED] - Text 'нет данных' is not present on page

03-12-2024T02:43:53 - [TEST_STEP][PASSED] - if (verifyTextNotPresent("Ошибка запроса данных", false) == true): null

03-12-2024T02:43:53 - [MESSAGE][PASSED] - Text 'Ошибка запроса данных' is not present on page

03-12-2024T02:43:53 - [TEST_STEP][PASSED] - if (verifyTextNotPresent("Произошла ошибка при выполнении пользовательского кода", false) == true): null

03-12-2024T02:43:54 - [MESSAGE][PASSED] - Text 'Произошла ошибка при выполнении пользовательского кода' is not present on page

03-12-2024T02:43:54 - [TEST_STEP][PASSED] - if (verifyTextNotPresent("У виджета нет данных", false) == true): null

03-12-2024T02:43:54 - [MESSAGE][PASSED] - Text 'У виджета нет данных' is not present on page

03-12-2024T02:43:54 - [TEST_STEP][PASSED] - if (verifyTextNotPresent("У виджета нет данных", false) == true): Text 'У виджета нет данных' is not present on page

03-12-2024T02:43:55 - [MESSAGE][PASSED] - Text 'У виджета нет данных' is not present on page

03-12-2024T02:43:55 - [TEST_STEP][PASSED] - click(findTestObject("Выручка по ДЗО/Фильтр Выручка")): Object: 'Object Repository/Выручка по ДЗО/Фильтр Выручка' is clicked on

03-12-2024T02:43:55 - [MESSAGE][PASSED] - Object: 'Object Repository/Выручка по ДЗО/Фильтр Выручка' is clicked on

03-12-2024T02:43:55 - [TEST_STEP][PASSED] - click(findTestObject("Выручка по ДЗО/Снять выделение в фильтре Выручка")): Object: 'Object Repository/Выручка по ДЗО/Снять выделение в фильтре Выручка' is clicked on

03-12-2024T02:43:56 - [MESSAGE][PASSED] - Object: 'Object Repository/Выручка по ДЗО/Снять выделение в фильтре Выручка' is clicked on

03-12-2024T02:43:56 - [TEST_STEP][PASSED] - click(findTestObject("Выручка по ДЗО/По передаче в фильтре Выручка")): Object: 'Object Repository/Выручка по ДЗО/По передаче в фильтре Выручка' is clicked on

03-12-2024T02:43:56 - [MESSAGE][PASSED] - Object: 'Object Repository/Выручка по ДЗО/По передаче в фильтре Выручка' is clicked on

03-12-2024T02:43:56 - [TEST_STEP][PASSED] - click(findTestObject("Выручка по ДЗО/Применить в фильтре Выручка")): Object: 'Object Repository/Выручка по ДЗО/Применить в фильтре Выручка' is clicked on

03-12-2024T02:43:57 - [MESSAGE][PASSED] - Object: 'Object Repository/Выручка по ДЗО/Применить в фильтре Выручка' is clicked on

03-12-2024T02:43:57 - [TEST_STEP][PASSED] - Script1687405711779.Test(todaysDate): null

03-12-2024T02:43:57 - [TEST_STEP][PASSED] - if (verifyTextNotPresent("нет данных", false) == true): null

03-12-2024T02:43:59 - [MESSAGE][PASSED] - Text 'нет данных' is not present on page

03-12-2024T02:43:59 - [TEST_STEP][PASSED] - if (verifyTextNotPresent("Ошибка запроса данных", false) == true): null

03-12-2024T02:43:59 - [MESSAGE][PASSED] - Text 'Ошибка запроса данных' is not present on page

03-12-2024T02:43:59 - [TEST_STEP][PASSED] - if (verifyTextNotPresent("Произошла ошибка при выполнении пользовательского кода", false) == true): null

03-12-2024T02:44:00 - [MESSAGE][PASSED] - Text 'Произошла ошибка при выполнении пользовательского кода' is not present on page

03-12-2024T02:44:00 - [TEST_STEP][PASSED] - if (verifyTextNotPresent("У виджета нет данных", false) == true): null

03-12-2024T02:44:00 - [MESSAGE][PASSED] - Text 'У виджета нет данных' is not present on page

03-12-2024T02:44:00 - [TEST_STEP][PASSED] - if (verifyTextNotPresent("У виджета нет данных", false) == true): Text 'У виджета нет данных' is not present on page

03-12-2024T02:44:01 - [MESSAGE][PASSED] - Text 'У виджета нет данных' is not present on page

03-12-2024T02:44:01 - [TEST_STEP][PASSED] - click(findTestObject("Выручка по ДЗО/Фильтр Выручка")): Object: 'Object Repository/Выручка по ДЗО/Фильтр Выручка' is clicked on

03-12-2024T02:44:01 - [MESSAGE][PASSED] - Object: 'Object Repository/Выручка по ДЗО/Фильтр Выручка' is clicked on

03-12-2024T02:44:01 - [TEST_STEP][PASSED] - click(findTestObject("Выручка по ДЗО/Снять выделение в фильтре Выручка")): Object: 'Object Repository/Выручка по ДЗО/Снять выделение в фильтре Выручка' is clicked on

03-12-2024T02:44:01 - [MESSAGE][PASSED] - Object: 'Object Repository/Выручка по ДЗО/Снять выделение в фильтре Выручка' is clicked on

03-12-2024T02:44:01 - [TEST_STEP][PASSED] - click(findTestObject("Выручка по ДЗО/Применить в фильтре Выручка")): Object: 'Object Repository/Выручка по ДЗО/Применить в фильтре Выручка' is clicked on

03-12-2024T02:44:02 - [MESSAGE][PASSED] - Object: 'Object Repository/Выручка по ДЗО/Применить в фильтре Выручка' is clicked on

03-12-2024T02:44:02 - [TEST_STEP][PASSED] - click(findTestObject("Выручка по ДЗО/Фильтр ДЗО")): Object: 'Object Repository/Выручка по ДЗО/Фильтр ДЗО' is clicked on

03-12-2024T02:44:03 - [MESSAGE][PASSED] - Object: 'Object Repository/Выручка по ДЗО/Фильтр ДЗО' is clicked on

03-12-2024T02:44:03 - [TEST_STEP][PASSED] - click(findTestObject("Выручка по ДЗО/Снять выделение в фильтре ДЗО")): Object: 'Object Repository/Выручка по ДЗО/Снять выделение в фильтре ДЗО' is clicked on

03-12-2024T02:44:04 - [MESSAGE][PASSED] - Object: 'Object Repository/Выручка по ДЗО/Снять выделение в фильтре ДЗО' is clicked on

03-12-2024T02:44:04 - [TEST_STEP][PASSED] - scrollToElement(findTestObject("Общие объекты/Пензаэнерго"), 30): Scroll to object 'Object Repository/Общие объекты/Пензаэнерго' successfully

03-12-2024T02:44:04 - [MESSAGE][PASSED] - Scroll to object 'Object Repository/Общие объекты/Пензаэнерго' successfully

03-12-2024T02:44:04 - [TEST_STEP][PASSED] - click(findTestObject("Общие объекты/Пензаэнерго")): Object: 'Object Repository/Общие объекты/Пензаэнерго' is clicked on

03-12-2024T02:44:05 - [MESSAGE][PASSED] - Object: 'Object Repository/Общие объекты/Пензаэнерго' is clicked on

03-12-2024T02:44:05 - [TEST_STEP][PASSED] - Script1687405711779.Change(todaysDate): null

03-12-2024T02:44:05 - [TEST_STEP][PASSED] - scrollToElement(findTestObject("Выручка по ДЗО/Заголовок дашборда"), 30): Scroll to object 'Object Repository/Выручка по ДЗО/Заголовок дашборда' successfully

03-12-2024T02:44:05 - [MESSAGE][PASSED] - Scroll to object 'Object Repository/Выручка по ДЗО/Заголовок дашборда' successfully

03-12-2024T02:44:05 - [TEST_STEP][PASSED] - click(findTestObject("Выручка по ДЗО/Применить в фильтре ДЗО")): Object: 'Object Repository/Выручка по ДЗО/Применить в фильтре ДЗО' is clicked on

03-12-2024T02:44:06 - [MESSAGE][PASSED] - Object: 'Object Repository/Выручка по ДЗО/Применить в фильтре ДЗО' is clicked on

03-12-2024T02:44:06 - [TEST_STEP][PASSED] - Script1687405711779.Tumbler(todaysDate): null

03-12-2024T02:44:06 - [TEST_STEP][PASSED] - Script1687405711779.Test(todaysDate): null

03-12-2024T02:44:06 - [TEST_STEP][PASSED] - if (verifyTextNotPresent("нет данных", false) == true): null

03-12-2024T02:44:08 - [MESSAGE][PASSED] - Text 'нет данных' is not present on page

03-12-2024T02:44:08 - [TEST_STEP][PASSED] - if (verifyTextNotPresent("Ошибка запроса данных", false) == true): null

03-12-2024T02:44:09 - [MESSAGE][PASSED] - Text 'Ошибка запроса данных' is not present on page

03-12-2024T02:44:09 - [TEST_STEP][PASSED] - if (verifyTextNotPresent("Произошла ошибка при выполнении пользовательского кода", false) == true): null

03-12-2024T02:44:10 - [MESSAGE][PASSED] - Text 'Произошла ошибка при выполнении пользовательского кода' is not present on page

03-12-2024T02:44:10 - [TEST_STEP][PASSED] - if (verifyTextNotPresent("У виджета нет данных", false) == true): null

03-12-2024T02:44:10 - [MESSAGE][PASSED] - Text 'У виджета нет данных' is not present on page

03-12-2024T02:44:10 - [TEST_STEP][PASSED] - if (verifyTextNotPresent("У виджета нет данных", false) == true): Text 'У виджета нет данных' is not present on page

03-12-2024T02:44:11 - [MESSAGE][PASSED] - Text 'У виджета нет данных' is not present on page

03-12-2024T02:44:11 - [TEST_STEP][PASSED] - click(findTestObject("Выручка по ДЗО/Фильтр Выручка")): Object: 'Object Repository/Выручка по ДЗО/Фильтр Выручка' is clicked on

03-12-2024T02:44:11 - [MESSAGE][PASSED] - Object: 'Object Repository/Выручка по ДЗО/Фильтр Выручка' is clicked on

03-12-2024T02:44:11 - [TEST_STEP][PASSED] - click(findTestObject("Выручка по ДЗО/Внутренний оборот в фильтре Выручка")): Object: 'Object Repository/Выручка по ДЗО/Внутренний оборот в фильтре Выручка' is clicked on

03-12-2024T02:44:11 - [MESSAGE][PASSED] - Object: 'Object Repository/Выручка по ДЗО/Внутренний оборот в фильтре Выручка' is clicked on

03-12-2024T02:44:11 - [TEST_STEP][PASSED] - click(findTestObject("Выручка по ДЗО/Применить в фильтре Выручка")): Object: 'Object Repository/Выручка по ДЗО/Применить в фильтре Выручка' is clicked on

03-12-2024T02:44:12 - [MESSAGE][PASSED] - Object: 'Object Repository/Выручка по ДЗО/Применить в фильтре Выручка' is clicked on

03-12-2024T02:44:12 - [TEST_STEP][PASSED] - Script1687405711779.Test(todaysDate): null

03-12-2024T02:44:12 - [TEST_STEP][FAILED] - if (verifyTextNotPresent("нет данных", false) == true): Text 'нет данных' is present on page  (Root cause: com.kms.katalon.core.exception.StepFailedException: Text 'нет данных' is present on page 
	at com.kms.katalon.core.webui.keyword.internal.WebUIKeywordMain.stepFailed(WebUIKeywordMain.groovy:64)
	at com.kms.katalon.core.webui.keyword.builtin.VerifyTextNotPresentKeyword$_verifyTextNotPresent_closure1.doCall(VerifyTextNotPresentKeyword.groovy:77)
	at com.kms.katalon.core.webui.keyword.builtin.VerifyTextNotPresentKeyword$_verifyTextNotPresent_closure1.call(VerifyTextNotPresentKeyword.groovy)
	at com.kms.katalon.core.webui.keyword.internal.WebUIKeywordMain.runKeyword(WebUIKeywordMain.groovy:20)
	at com.kms.katalon.core.webui.keyword.builtin.VerifyTextNotPresentKeyword.verifyTextNotPresent(VerifyTextNotPresentKeyword.groovy:82)
	at com.kms.katalon.core.webui.keyword.builtin.VerifyTextNotPresentKeyword.execute(VerifyTextNotPresentKeyword.groovy:68)
	at com.kms.katalon.core.keyword.internal.KeywordExecutor.executeKeywordForPlatform(KeywordExecutor.groovy:74)
	at com.kms.katalon.core.webui.keyword.WebUiBuiltInKeywords.verifyTextNotPresent(WebUiBuiltInKeywords.groovy:1795)
	at Выручка по ДЗО отображение данных все филиалы.Test(Выручка по ДЗО отображение данных все филиалы:782)
	at Выручка по ДЗО отображение данных все филиалы.Tumbler(Выручка по ДЗО отображение данных все филиалы:738)
	at Выручка по ДЗО отображение данных все филиалы.Change(Выручка по ДЗО отображение данных все филиалы:772)
	at Выручка по ДЗО отображение данных все филиалы.DzoTest(Выручка по ДЗО отображение данных все филиалы:200)
	at Выручка по ДЗО отображение данных все филиалы.run(Выручка по ДЗО отображение данных все филиалы:134)
	at com.kms.katalon.core.main.ScriptEngine.run(ScriptEngine.java:194)
	at com.kms.katalon.core.main.ScriptEngine.runScriptAsRawText(ScriptEngine.java:119)
	at com.kms.katalon.core.main.TestCaseExecutor.runScript(TestCaseExecutor.java:448)
	at com.kms.katalon.core.main.TestCaseExecutor.doExecute(TestCaseExecutor.java:439)
	at com.kms.katalon.core.main.TestCaseExecutor.processExecutionPhase(TestCaseExecutor.java:418)
	at com.kms.katalon.core.main.TestCaseExecutor.accessMainPhase(TestCaseExecutor.java:410)
	at com.kms.katalon.core.main.TestCaseExecutor.execute(TestCaseExecutor.java:285)
	at com.kms.katalon.core.common.CommonExecutor.accessTestCaseMainPhase(CommonExecutor.java:65)
	at com.kms.katalon.core.main.TestSuiteExecutor.accessTestSuiteMainPhase(TestSuiteExecutor.java:150)
	at com.kms.katalon.core.main.TestSuiteExecutor.execute(TestSuiteExecutor.java:106)
	at com.kms.katalon.core.main.TestCaseMain.startTestSuite(TestCaseMain.java:180)
	at TempTestSuite1733182698305.run(TempTestSuite1733182698305.groovy:35)
	at java.base/jdk.internal.reflect.NativeMethodAccessorImpl.invoke0(Native Method)
	at java.base/jdk.internal.reflect.NativeMethodAccessorImpl.invoke(NativeMethodAccessorImpl.java:77)
	at java.base/jdk.internal.reflect.DelegatingMethodAccessorImpl.invoke(DelegatingMethodAccessorImpl.java:43)
)

03-12-2024T02:44:14 - [MESSAGE][FAILED] - Text 'нет данных' is present on page  (Root cause: com.kms.katalon.core.exception.StepFailedException: Text 'нет данных' is present on page 
	at com.kms.katalon.core.webui.keyword.internal.WebUIKeywordMain.stepFailed(WebUIKeywordMain.groovy:64)
	at com.kms.katalon.core.webui.keyword.builtin.VerifyTextNotPresentKeyword$_verifyTextNotPresent_closure1.doCall(VerifyTextNotPresentKeyword.groovy:77)
	at com.kms.katalon.core.webui.keyword.builtin.VerifyTextNotPresentKeyword$_verifyTextNotPresent_closure1.call(VerifyTextNotPresentKeyword.groovy)
	at com.kms.katalon.core.webui.keyword.internal.WebUIKeywordMain.runKeyword(WebUIKeywordMain.groovy:20)
	at com.kms.katalon.core.webui.keyword.builtin.VerifyTextNotPresentKeyword.verifyTextNotPresent(VerifyTextNotPresentKeyword.groovy:82)
	at com.kms.katalon.core.webui.keyword.builtin.VerifyTextNotPresentKeyword.execute(VerifyTextNotPresentKeyword.groovy:68)
	at com.kms.katalon.core.keyword.internal.KeywordExecutor.executeKeywordForPlatform(KeywordExecutor.groovy:74)
	at com.kms.katalon.core.webui.keyword.WebUiBuiltInKeywords.verifyTextNotPresent(WebUiBuiltInKeywords.groovy:1795)
	at Выручка по ДЗО отображение данных все филиалы.Test(Выручка по ДЗО отображение данных все филиалы:782)
	at Выручка по ДЗО отображение данных все филиалы.Tumbler(Выручка по ДЗО отображение данных все филиалы:738)
	at Выручка по ДЗО отображение данных все филиалы.Change(Выручка по ДЗО отображение данных все филиалы:772)
	at Выручка по ДЗО отображение данных все филиалы.DzoTest(Выручка по ДЗО отображение данных все филиалы:200)
	at Выручка по ДЗО отображение данных все филиалы.run(Выручка по ДЗО отображение данных все филиалы:134)
	at com.kms.katalon.core.main.ScriptEngine.run(ScriptEngine.java:194)
	at com.kms.katalon.core.main.ScriptEngine.runScriptAsRawText(ScriptEngine.java:119)
	at com.kms.katalon.core.main.TestCaseExecutor.runScript(TestCaseExecutor.java:448)
	at com.kms.katalon.core.main.TestCaseExecutor.doExecute(TestCaseExecutor.java:439)
	at com.kms.katalon.core.main.TestCaseExecutor.processExecutionPhase(TestCaseExecutor.java:418)
	at com.kms.katalon.core.main.TestCaseExecutor.accessMainPhase(TestCaseExecutor.java:410)
	at com.kms.katalon.core.main.TestCaseExecutor.execute(TestCaseExecutor.java:285)
	at com.kms.katalon.core.common.CommonExecutor.accessTestCaseMainPhase(CommonExecutor.java:65)
	at com.kms.katalon.core.main.TestSuiteExecutor.accessTestSuiteMainPhase(TestSuiteExecutor.java:150)
	at com.kms.katalon.core.main.TestSuiteExecutor.execute(TestSuiteExecutor.java:106)
	at com.kms.katalon.core.main.TestCaseMain.startTestSuite(TestCaseMain.java:180)
	at TempTestSuite1733182698305.run(TempTestSuite1733182698305.groovy:35)
	at java.base/jdk.internal.reflect.NativeMethodAccessorImpl.invoke0(Native Method)
	at java.base/jdk.internal.reflect.NativeMethodAccessorImpl.invoke(NativeMethodAccessorImpl.java:77)
	at java.base/jdk.internal.reflect.DelegatingMethodAccessorImpl.invoke(DelegatingMethodAccessorImpl.java:43)
)

03-12-2024T02:44:14 - [TEST_STEP][PASSED] - else: null

03-12-2024T02:44:14 - [TEST_STEP][PASSED] - Script1687405711779.WriteToExcel(todaysDate): null

03-12-2024T02:44:14 - [TEST_STEP][PASSED] - sheetName = "Sheet1": null

03-12-2024T02:44:14 - [TEST_STEP][PASSED] - data = findTestData("PlanFact"): null

03-12-2024T02:44:14 - [TEST_STEP][PASSED] - n = data.getRowNumbers() + 1: null

03-12-2024T02:44:14 - [TEST_STEP][PASSED] - dZO = getText(findTestObject("Выручка по ДЗО/Фильтр ДЗО")): Text of object 'Object Repository/Выручка по ДЗО/Фильтр ДЗО' is: 'ПАО Россети - РаспредКомплекс - Россети Волга - Пензаэнерго'

03-12-2024T02:44:14 - [MESSAGE][PASSED] - Text of object 'Object Repository/Выручка по ДЗО/Фильтр ДЗО' is: 'ПАО Россети - РаспредКомплекс - Россети Волга - Пензаэнерго'

03-12-2024T02:44:14 - [TEST_STEP][PASSED] - period = getText(findTestObject("Выручка по ДЗО/Фильтр Дата")): Text of object 'Object Repository/Выручка по ДЗО/Фильтр Дата' is: '1, 2, 3 кв., Октябрь 2024 года'

03-12-2024T02:44:15 - [MESSAGE][PASSED] - Text of object 'Object Repository/Выручка по ДЗО/Фильтр Дата' is: '1, 2, 3 кв., Октябрь 2024 года'

03-12-2024T02:44:15 - [TEST_STEP][PASSED] - viruchka = getText(findTestObject("Выручка по ДЗО/Фильтр Выручка")): Text of object 'Object Repository/Выручка по ДЗО/Фильтр Выручка' is: 'внутренний оборот'

03-12-2024T02:44:15 - [MESSAGE][PASSED] - Text of object 'Object Repository/Выручка по ДЗО/Фильтр Выручка' is: 'внутренний оборот'

03-12-2024T02:44:15 - [TEST_STEP][PASSED] - if (viruchka == "Выбрано: 2"): null

03-12-2024T02:44:15 - [TEST_STEP][PASSED] - if (viruchka == "Все"): null

03-12-2024T02:44:15 - [TEST_STEP][PASSED] - println(period): null

03-12-2024T02:44:15 - [TEST_STEP][PASSED] - dashboardName = "Выручка по ДЗО": null

03-12-2024T02:44:15 - [TEST_STEP][PASSED] - workbook01 = getWorkbook(excelFilePath): null

03-12-2024T02:44:15 - [TEST_STEP][PASSED] - sheet01 = getExcelSheet(workbook01, sheetName): null

03-12-2024T02:44:15 - [TEST_STEP][PASSED] - setValueToCellByIndex(sheet01, n, 0, dashboardName): null

03-12-2024T02:44:15 - [TEST_STEP][PASSED] - setValueToCellByIndex(sheet01, n, 1, dZO): null

03-12-2024T02:44:15 - [TEST_STEP][PASSED] - setValueToCellByIndex(sheet01, n, 2, period): null

03-12-2024T02:44:15 - [TEST_STEP][PASSED] - setValueToCellByIndex(sheet01, n, 3, viruchka): null

03-12-2024T02:44:15 - [TEST_STEP][PASSED] - setValueToCellByIndex(sheet01, n, 4, todaysDate): null

03-12-2024T02:44:15 - [TEST_STEP][PASSED] - n = n + 1: null

03-12-2024T02:44:15 - [TEST_STEP][PASSED] - saveWorkbook(excelFilePath, workbook01): null

03-12-2024T02:44:15 - [TEST_STEP][PASSED] - click(findTestObject("Выручка по ДЗО/Фильтр Выручка")): Object: 'Object Repository/Выручка по ДЗО/Фильтр Выручка' is clicked on

03-12-2024T02:44:16 - [MESSAGE][PASSED] - Object: 'Object Repository/Выручка по ДЗО/Фильтр Выручка' is clicked on

03-12-2024T02:44:16 - [TEST_STEP][PASSED] - click(findTestObject("Выручка по ДЗО/По передаче в фильтре Выручка")): Object: 'Object Repository/Выручка по ДЗО/По передаче в фильтре Выручка' is clicked on

03-12-2024T02:44:16 - [MESSAGE][PASSED] - Object: 'Object Repository/Выручка по ДЗО/По передаче в фильтре Выручка' is clicked on

03-12-2024T02:44:16 - [TEST_STEP][PASSED] - click(findTestObject("Выручка по ДЗО/Применить в фильтре Выручка")): Object: 'Object Repository/Выручка по ДЗО/Применить в фильтре Выручка' is clicked on

03-12-2024T02:44:17 - [MESSAGE][PASSED] - Object: 'Object Repository/Выручка по ДЗО/Применить в фильтре Выручка' is clicked on

03-12-2024T02:44:17 - [TEST_STEP][PASSED] - Script1687405711779.Test(todaysDate): null

03-12-2024T02:44:17 - [TEST_STEP][PASSED] - if (verifyTextNotPresent("нет данных", false) == true): null

03-12-2024T02:44:19 - [MESSAGE][PASSED] - Text 'нет данных' is not present on page

03-12-2024T02:44:19 - [TEST_STEP][PASSED] - if (verifyTextNotPresent("Ошибка запроса данных", false) == true): null

03-12-2024T02:44:20 - [MESSAGE][PASSED] - Text 'Ошибка запроса данных' is not present on page

03-12-2024T02:44:20 - [TEST_STEP][PASSED] - if (verifyTextNotPresent("Произошла ошибка при выполнении пользовательского кода", false) == true): null

03-12-2024T02:44:20 - [MESSAGE][PASSED] - Text 'Произошла ошибка при выполнении пользовательского кода' is not present on page

03-12-2024T02:44:20 - [TEST_STEP][PASSED] - if (verifyTextNotPresent("У виджета нет данных", false) == true): null

03-12-2024T02:44:21 - [MESSAGE][PASSED] - Text 'У виджета нет данных' is not present on page

03-12-2024T02:44:21 - [TEST_STEP][PASSED] - if (verifyTextNotPresent("У виджета нет данных", false) == true): Text 'У виджета нет данных' is not present on page

03-12-2024T02:44:21 - [MESSAGE][PASSED] - Text 'У виджета нет данных' is not present on page

03-12-2024T02:44:21 - [TEST_STEP][PASSED] - click(findTestObject("Выручка по ДЗО/Фильтр Выручка")): Object: 'Object Repository/Выручка по ДЗО/Фильтр Выручка' is clicked on

03-12-2024T02:44:21 - [MESSAGE][PASSED] - Object: 'Object Repository/Выручка по ДЗО/Фильтр Выручка' is clicked on

03-12-2024T02:44:21 - [TEST_STEP][PASSED] - click(findTestObject("Выручка по ДЗО/Снять выделение в фильтре Выручка")): Object: 'Object Repository/Выручка по ДЗО/Снять выделение в фильтре Выручка' is clicked on

03-12-2024T02:44:22 - [MESSAGE][PASSED] - Object: 'Object Repository/Выручка по ДЗО/Снять выделение в фильтре Выручка' is clicked on

03-12-2024T02:44:22 - [TEST_STEP][PASSED] - click(findTestObject("Выручка по ДЗО/По передаче в фильтре Выручка")): Object: 'Object Repository/Выручка по ДЗО/По передаче в фильтре Выручка' is clicked on

03-12-2024T02:44:22 - [MESSAGE][PASSED] - Object: 'Object Repository/Выручка по ДЗО/По передаче в фильтре Выручка' is clicked on

03-12-2024T02:44:22 - [TEST_STEP][PASSED] - click(findTestObject("Выручка по ДЗО/Применить в фильтре Выручка")): Object: 'Object Repository/Выручка по ДЗО/Применить в фильтре Выручка' is clicked on

03-12-2024T02:44:23 - [MESSAGE][PASSED] - Object: 'Object Repository/Выручка по ДЗО/Применить в фильтре Выручка' is clicked on

03-12-2024T02:44:23 - [TEST_STEP][PASSED] - Script1687405711779.Test(todaysDate): null

03-12-2024T02:44:23 - [TEST_STEP][PASSED] - if (verifyTextNotPresent("нет данных", false) == true): null

03-12-2024T02:44:25 - [MESSAGE][PASSED] - Text 'нет данных' is not present on page

03-12-2024T02:44:25 - [TEST_STEP][PASSED] - if (verifyTextNotPresent("Ошибка запроса данных", false) == true): null

03-12-2024T02:44:25 - [MESSAGE][PASSED] - Text 'Ошибка запроса данных' is not present on page

03-12-2024T02:44:25 - [TEST_STEP][PASSED] - if (verifyTextNotPresent("Произошла ошибка при выполнении пользовательского кода", false) == true): null

03-12-2024T02:44:26 - [MESSAGE][PASSED] - Text 'Произошла ошибка при выполнении пользовательского кода' is not present on page

03-12-2024T02:44:26 - [TEST_STEP][PASSED] - if (verifyTextNotPresent("У виджета нет данных", false) == true): null

03-12-2024T02:44:26 - [MESSAGE][PASSED] - Text 'У виджета нет данных' is not present on page

03-12-2024T02:44:26 - [TEST_STEP][PASSED] - if (verifyTextNotPresent("У виджета нет данных", false) == true): Text 'У виджета нет данных' is not present on page

03-12-2024T02:44:27 - [MESSAGE][PASSED] - Text 'У виджета нет данных' is not present on page

03-12-2024T02:44:27 - [TEST_STEP][PASSED] - click(findTestObject("Выручка по ДЗО/Фильтр Выручка")): Object: 'Object Repository/Выручка по ДЗО/Фильтр Выручка' is clicked on

03-12-2024T02:44:27 - [MESSAGE][PASSED] - Object: 'Object Repository/Выручка по ДЗО/Фильтр Выручка' is clicked on

03-12-2024T02:44:27 - [TEST_STEP][PASSED] - click(findTestObject("Выручка по ДЗО/Снять выделение в фильтре Выручка")): Object: 'Object Repository/Выручка по ДЗО/Снять выделение в фильтре Выручка' is clicked on

03-12-2024T02:44:28 - [MESSAGE][PASSED] - Object: 'Object Repository/Выручка по ДЗО/Снять выделение в фильтре Выручка' is clicked on

03-12-2024T02:44:28 - [TEST_STEP][PASSED] - click(findTestObject("Выручка по ДЗО/Применить в фильтре Выручка")): Object: 'Object Repository/Выручка по ДЗО/Применить в фильтре Выручка' is clicked on

03-12-2024T02:44:28 - [MESSAGE][PASSED] - Object: 'Object Repository/Выручка по ДЗО/Применить в фильтре Выручка' is clicked on

03-12-2024T02:44:28 - [TEST_STEP][PASSED] - click(findTestObject("Выручка по ДЗО/Фильтр ДЗО")): Object: 'Object Repository/Выручка по ДЗО/Фильтр ДЗО' is clicked on

03-12-2024T02:44:30 - [MESSAGE][PASSED] - Object: 'Object Repository/Выручка по ДЗО/Фильтр ДЗО' is clicked on

03-12-2024T02:44:30 - [TEST_STEP][PASSED] - click(findTestObject("Выручка по ДЗО/Снять выделение в фильтре ДЗО")): Object: 'Object Repository/Выручка по ДЗО/Снять выделение в фильтре ДЗО' is clicked on

03-12-2024T02:44:30 - [MESSAGE][PASSED] - Object: 'Object Repository/Выручка по ДЗО/Снять выделение в фильтре ДЗО' is clicked on

03-12-2024T02:44:30 - [TEST_STEP][PASSED] - scrollToElement(findTestObject("Общие объекты/Самарские РС"), 30): Scroll to object 'Object Repository/Общие объекты/Самарские РС' successfully

03-12-2024T02:44:31 - [MESSAGE][PASSED] - Scroll to object 'Object Repository/Общие объекты/Самарские РС' successfully

03-12-2024T02:44:31 - [TEST_STEP][PASSED] - click(findTestObject("Общие объекты/Самарские РС")): Object: 'Object Repository/Общие объекты/Самарские РС' is clicked on

03-12-2024T02:44:31 - [MESSAGE][PASSED] - Object: 'Object Repository/Общие объекты/Самарские РС' is clicked on

03-12-2024T02:44:31 - [TEST_STEP][PASSED] - Script1687405711779.Change(todaysDate): null

03-12-2024T02:44:31 - [TEST_STEP][PASSED] - scrollToElement(findTestObject("Выручка по ДЗО/Заголовок дашборда"), 30): Scroll to object 'Object Repository/Выручка по ДЗО/Заголовок дашборда' successfully

03-12-2024T02:44:31 - [MESSAGE][PASSED] - Scroll to object 'Object Repository/Выручка по ДЗО/Заголовок дашборда' successfully

03-12-2024T02:44:31 - [TEST_STEP][PASSED] - click(findTestObject("Выручка по ДЗО/Применить в фильтре ДЗО")): Object: 'Object Repository/Выручка по ДЗО/Применить в фильтре ДЗО' is clicked on

03-12-2024T02:44:32 - [MESSAGE][PASSED] - Object: 'Object Repository/Выручка по ДЗО/Применить в фильтре ДЗО' is clicked on

03-12-2024T02:44:32 - [TEST_STEP][PASSED] - Script1687405711779.Tumbler(todaysDate): null

03-12-2024T02:44:32 - [TEST_STEP][PASSED] - Script1687405711779.Test(todaysDate): null

03-12-2024T02:44:32 - [TEST_STEP][PASSED] - if (verifyTextNotPresent("нет данных", false) == true): null

03-12-2024T02:44:34 - [MESSAGE][PASSED] - Text 'нет данных' is not present on page

03-12-2024T02:44:34 - [TEST_STEP][PASSED] - if (verifyTextNotPresent("Ошибка запроса данных", false) == true): null

03-12-2024T02:44:38 - [MESSAGE][PASSED] - Text 'Ошибка запроса данных' is not present on page

03-12-2024T02:44:38 - [TEST_STEP][PASSED] - if (verifyTextNotPresent("Произошла ошибка при выполнении пользовательского кода", false) == true): null

03-12-2024T02:44:38 - [MESSAGE][PASSED] - Text 'Произошла ошибка при выполнении пользовательского кода' is not present on page

03-12-2024T02:44:38 - [TEST_STEP][PASSED] - if (verifyTextNotPresent("У виджета нет данных", false) == true): null

03-12-2024T02:44:39 - [MESSAGE][PASSED] - Text 'У виджета нет данных' is not present on page

03-12-2024T02:44:39 - [TEST_STEP][PASSED] - if (verifyTextNotPresent("У виджета нет данных", false) == true): Text 'У виджета нет данных' is not present on page

03-12-2024T02:44:39 - [MESSAGE][PASSED] - Text 'У виджета нет данных' is not present on page

03-12-2024T02:44:39 - [TEST_STEP][PASSED] - click(findTestObject("Выручка по ДЗО/Фильтр Выручка")): Object: 'Object Repository/Выручка по ДЗО/Фильтр Выручка' is clicked on

03-12-2024T02:44:40 - [MESSAGE][PASSED] - Object: 'Object Repository/Выручка по ДЗО/Фильтр Выручка' is clicked on

03-12-2024T02:44:40 - [TEST_STEP][PASSED] - click(findTestObject("Выручка по ДЗО/Внутренний оборот в фильтре Выручка")): Object: 'Object Repository/Выручка по ДЗО/Внутренний оборот в фильтре Выручка' is clicked on

03-12-2024T02:44:40 - [MESSAGE][PASSED] - Object: 'Object Repository/Выручка по ДЗО/Внутренний оборот в фильтре Выручка' is clicked on

03-12-2024T02:44:40 - [TEST_STEP][PASSED] - click(findTestObject("Выручка по ДЗО/Применить в фильтре Выручка")): Object: 'Object Repository/Выручка по ДЗО/Применить в фильтре Выручка' is clicked on

03-12-2024T02:44:41 - [MESSAGE][PASSED] - Object: 'Object Repository/Выручка по ДЗО/Применить в фильтре Выручка' is clicked on

03-12-2024T02:44:41 - [TEST_STEP][PASSED] - Script1687405711779.Test(todaysDate): null

03-12-2024T02:44:41 - [TEST_STEP][FAILED] - if (verifyTextNotPresent("нет данных", false) == true): Text 'нет данных' is present on page  (Root cause: com.kms.katalon.core.exception.StepFailedException: Text 'нет данных' is present on page 
	at com.kms.katalon.core.webui.keyword.internal.WebUIKeywordMain.stepFailed(WebUIKeywordMain.groovy:64)
	at com.kms.katalon.core.webui.keyword.builtin.VerifyTextNotPresentKeyword$_verifyTextNotPresent_closure1.doCall(VerifyTextNotPresentKeyword.groovy:77)
	at com.kms.katalon.core.webui.keyword.builtin.VerifyTextNotPresentKeyword$_verifyTextNotPresent_closure1.call(VerifyTextNotPresentKeyword.groovy)
	at com.kms.katalon.core.webui.keyword.internal.WebUIKeywordMain.runKeyword(WebUIKeywordMain.groovy:20)
	at com.kms.katalon.core.webui.keyword.builtin.VerifyTextNotPresentKeyword.verifyTextNotPresent(VerifyTextNotPresentKeyword.groovy:82)
	at com.kms.katalon.core.webui.keyword.builtin.VerifyTextNotPresentKeyword.execute(VerifyTextNotPresentKeyword.groovy:68)
	at com.kms.katalon.core.keyword.internal.KeywordExecutor.executeKeywordForPlatform(KeywordExecutor.groovy:74)
	at com.kms.katalon.core.webui.keyword.WebUiBuiltInKeywords.verifyTextNotPresent(WebUiBuiltInKeywords.groovy:1795)
	at Выручка по ДЗО отображение данных все филиалы.Test(Выручка по ДЗО отображение данных все филиалы:782)
	at Выручка по ДЗО отображение данных все филиалы.Tumbler(Выручка по ДЗО отображение данных все филиалы:738)
	at Выручка по ДЗО отображение данных все филиалы.Change(Выручка по ДЗО отображение данных все филиалы:772)
	at Выручка по ДЗО отображение данных все филиалы.DzoTest(Выручка по ДЗО отображение данных все филиалы:206)
	at Выручка по ДЗО отображение данных все филиалы.run(Выручка по ДЗО отображение данных все филиалы:134)
	at com.kms.katalon.core.main.ScriptEngine.run(ScriptEngine.java:194)
	at com.kms.katalon.core.main.ScriptEngine.runScriptAsRawText(ScriptEngine.java:119)
	at com.kms.katalon.core.main.TestCaseExecutor.runScript(TestCaseExecutor.java:448)
	at com.kms.katalon.core.main.TestCaseExecutor.doExecute(TestCaseExecutor.java:439)
	at com.kms.katalon.core.main.TestCaseExecutor.processExecutionPhase(TestCaseExecutor.java:418)
	at com.kms.katalon.core.main.TestCaseExecutor.accessMainPhase(TestCaseExecutor.java:410)
	at com.kms.katalon.core.main.TestCaseExecutor.execute(TestCaseExecutor.java:285)
	at com.kms.katalon.core.common.CommonExecutor.accessTestCaseMainPhase(CommonExecutor.java:65)
	at com.kms.katalon.core.main.TestSuiteExecutor.accessTestSuiteMainPhase(TestSuiteExecutor.java:150)
	at com.kms.katalon.core.main.TestSuiteExecutor.execute(TestSuiteExecutor.java:106)
	at com.kms.katalon.core.main.TestCaseMain.startTestSuite(TestCaseMain.java:180)
	at TempTestSuite1733182698305.run(TempTestSuite1733182698305.groovy:35)
	at java.base/jdk.internal.reflect.NativeMethodAccessorImpl.invoke0(Native Method)
	at java.base/jdk.internal.reflect.NativeMethodAccessorImpl.invoke(NativeMethodAccessorImpl.java:77)
	at java.base/jdk.internal.reflect.DelegatingMethodAccessorImpl.invoke(DelegatingMethodAccessorImpl.java:43)
)

03-12-2024T02:44:43 - [MESSAGE][FAILED] - Text 'нет данных' is present on page  (Root cause: com.kms.katalon.core.exception.StepFailedException: Text 'нет данных' is present on page 
	at com.kms.katalon.core.webui.keyword.internal.WebUIKeywordMain.stepFailed(WebUIKeywordMain.groovy:64)
	at com.kms.katalon.core.webui.keyword.builtin.VerifyTextNotPresentKeyword$_verifyTextNotPresent_closure1.doCall(VerifyTextNotPresentKeyword.groovy:77)
	at com.kms.katalon.core.webui.keyword.builtin.VerifyTextNotPresentKeyword$_verifyTextNotPresent_closure1.call(VerifyTextNotPresentKeyword.groovy)
	at com.kms.katalon.core.webui.keyword.internal.WebUIKeywordMain.runKeyword(WebUIKeywordMain.groovy:20)
	at com.kms.katalon.core.webui.keyword.builtin.VerifyTextNotPresentKeyword.verifyTextNotPresent(VerifyTextNotPresentKeyword.groovy:82)
	at com.kms.katalon.core.webui.keyword.builtin.VerifyTextNotPresentKeyword.execute(VerifyTextNotPresentKeyword.groovy:68)
	at com.kms.katalon.core.keyword.internal.KeywordExecutor.executeKeywordForPlatform(KeywordExecutor.groovy:74)
	at com.kms.katalon.core.webui.keyword.WebUiBuiltInKeywords.verifyTextNotPresent(WebUiBuiltInKeywords.groovy:1795)
	at Выручка по ДЗО отображение данных все филиалы.Test(Выручка по ДЗО отображение данных все филиалы:782)
	at Выручка по ДЗО отображение данных все филиалы.Tumbler(Выручка по ДЗО отображение данных все филиалы:738)
	at Выручка по ДЗО отображение данных все филиалы.Change(Выручка по ДЗО отображение данных все филиалы:772)
	at Выручка по ДЗО отображение данных все филиалы.DzoTest(Выручка по ДЗО отображение данных все филиалы:206)
	at Выручка по ДЗО отображение данных все филиалы.run(Выручка по ДЗО отображение данных все филиалы:134)
	at com.kms.katalon.core.main.ScriptEngine.run(ScriptEngine.java:194)
	at com.kms.katalon.core.main.ScriptEngine.runScriptAsRawText(ScriptEngine.java:119)
	at com.kms.katalon.core.main.TestCaseExecutor.runScript(TestCaseExecutor.java:448)
	at com.kms.katalon.core.main.TestCaseExecutor.doExecute(TestCaseExecutor.java:439)
	at com.kms.katalon.core.main.TestCaseExecutor.processExecutionPhase(TestCaseExecutor.java:418)
	at com.kms.katalon.core.main.TestCaseExecutor.accessMainPhase(TestCaseExecutor.java:410)
	at com.kms.katalon.core.main.TestCaseExecutor.execute(TestCaseExecutor.java:285)
	at com.kms.katalon.core.common.CommonExecutor.accessTestCaseMainPhase(CommonExecutor.java:65)
	at com.kms.katalon.core.main.TestSuiteExecutor.accessTestSuiteMainPhase(TestSuiteExecutor.java:150)
	at com.kms.katalon.core.main.TestSuiteExecutor.execute(TestSuiteExecutor.java:106)
	at com.kms.katalon.core.main.TestCaseMain.startTestSuite(TestCaseMain.java:180)
	at TempTestSuite1733182698305.run(TempTestSuite1733182698305.groovy:35)
	at java.base/jdk.internal.reflect.NativeMethodAccessorImpl.invoke0(Native Method)
	at java.base/jdk.internal.reflect.NativeMethodAccessorImpl.invoke(NativeMethodAccessorImpl.java:77)
	at java.base/jdk.internal.reflect.DelegatingMethodAccessorImpl.invoke(DelegatingMethodAccessorImpl.java:43)
)

03-12-2024T02:44:43 - [TEST_STEP][PASSED] - else: null

03-12-2024T02:44:43 - [TEST_STEP][PASSED] - Script1687405711779.WriteToExcel(todaysDate): null

03-12-2024T02:44:43 - [TEST_STEP][PASSED] - sheetName = "Sheet1": null

03-12-2024T02:44:43 - [TEST_STEP][PASSED] - data = findTestData("PlanFact"): null

03-12-2024T02:44:43 - [TEST_STEP][PASSED] - n = data.getRowNumbers() + 1: null

03-12-2024T02:44:43 - [TEST_STEP][PASSED] - dZO = getText(findTestObject("Выручка по ДЗО/Фильтр ДЗО")): Text of object 'Object Repository/Выручка по ДЗО/Фильтр ДЗО' is: 'ПАО Россети - РаспредКомплекс - Россети Волга - Самарские РС'

03-12-2024T02:44:43 - [MESSAGE][PASSED] - Text of object 'Object Repository/Выручка по ДЗО/Фильтр ДЗО' is: 'ПАО Россети - РаспредКомплекс - Россети Волга - Самарские РС'

03-12-2024T02:44:43 - [TEST_STEP][PASSED] - period = getText(findTestObject("Выручка по ДЗО/Фильтр Дата")): Text of object 'Object Repository/Выручка по ДЗО/Фильтр Дата' is: '1, 2, 3 кв., Октябрь 2024 года'

03-12-2024T02:44:43 - [MESSAGE][PASSED] - Text of object 'Object Repository/Выручка по ДЗО/Фильтр Дата' is: '1, 2, 3 кв., Октябрь 2024 года'

03-12-2024T02:44:43 - [TEST_STEP][PASSED] - viruchka = getText(findTestObject("Выручка по ДЗО/Фильтр Выручка")): Text of object 'Object Repository/Выручка по ДЗО/Фильтр Выручка' is: 'внутренний оборот'

03-12-2024T02:44:44 - [MESSAGE][PASSED] - Text of object 'Object Repository/Выручка по ДЗО/Фильтр Выручка' is: 'внутренний оборот'

03-12-2024T02:44:44 - [TEST_STEP][PASSED] - if (viruchka == "Выбрано: 2"): null

03-12-2024T02:44:44 - [TEST_STEP][PASSED] - if (viruchka == "Все"): null

03-12-2024T02:44:44 - [TEST_STEP][PASSED] - println(period): null

03-12-2024T02:44:44 - [TEST_STEP][PASSED] - dashboardName = "Выручка по ДЗО": null

03-12-2024T02:44:44 - [TEST_STEP][PASSED] - workbook01 = getWorkbook(excelFilePath): null

03-12-2024T02:44:44 - [TEST_STEP][PASSED] - sheet01 = getExcelSheet(workbook01, sheetName): null

03-12-2024T02:44:44 - [TEST_STEP][PASSED] - setValueToCellByIndex(sheet01, n, 0, dashboardName): null

03-12-2024T02:44:44 - [TEST_STEP][PASSED] - setValueToCellByIndex(sheet01, n, 1, dZO): null

03-12-2024T02:44:44 - [TEST_STEP][PASSED] - setValueToCellByIndex(sheet01, n, 2, period): null

03-12-2024T02:44:44 - [TEST_STEP][PASSED] - setValueToCellByIndex(sheet01, n, 3, viruchka): null

03-12-2024T02:44:44 - [TEST_STEP][PASSED] - setValueToCellByIndex(sheet01, n, 4, todaysDate): null

03-12-2024T02:44:44 - [TEST_STEP][PASSED] - n = n + 1: null

03-12-2024T02:44:44 - [TEST_STEP][PASSED] - saveWorkbook(excelFilePath, workbook01): null

03-12-2024T02:44:44 - [TEST_STEP][PASSED] - click(findTestObject("Выручка по ДЗО/Фильтр Выручка")): Object: 'Object Repository/Выручка по ДЗО/Фильтр Выручка' is clicked on

03-12-2024T02:44:44 - [MESSAGE][PASSED] - Object: 'Object Repository/Выручка по ДЗО/Фильтр Выручка' is clicked on

03-12-2024T02:44:44 - [TEST_STEP][PASSED] - click(findTestObject("Выручка по ДЗО/По передаче в фильтре Выручка")): Object: 'Object Repository/Выручка по ДЗО/По передаче в фильтре Выручка' is clicked on

03-12-2024T02:44:45 - [MESSAGE][PASSED] - Object: 'Object Repository/Выручка по ДЗО/По передаче в фильтре Выручка' is clicked on

03-12-2024T02:44:45 - [TEST_STEP][PASSED] - click(findTestObject("Выручка по ДЗО/Применить в фильтре Выручка")): Object: 'Object Repository/Выручка по ДЗО/Применить в фильтре Выручка' is clicked on

03-12-2024T02:44:46 - [MESSAGE][PASSED] - Object: 'Object Repository/Выручка по ДЗО/Применить в фильтре Выручка' is clicked on

03-12-2024T02:44:46 - [TEST_STEP][PASSED] - Script1687405711779.Test(todaysDate): null

03-12-2024T02:44:46 - [TEST_STEP][PASSED] - if (verifyTextNotPresent("нет данных", false) == true): null

03-12-2024T02:44:48 - [MESSAGE][PASSED] - Text 'нет данных' is not present on page

03-12-2024T02:44:48 - [TEST_STEP][PASSED] - if (verifyTextNotPresent("Ошибка запроса данных", false) == true): null

03-12-2024T02:44:48 - [MESSAGE][PASSED] - Text 'Ошибка запроса данных' is not present on page

03-12-2024T02:44:48 - [TEST_STEP][PASSED] - if (verifyTextNotPresent("Произошла ошибка при выполнении пользовательского кода", false) == true): null

03-12-2024T02:44:49 - [MESSAGE][PASSED] - Text 'Произошла ошибка при выполнении пользовательского кода' is not present on page

03-12-2024T02:44:49 - [TEST_STEP][PASSED] - if (verifyTextNotPresent("У виджета нет данных", false) == true): null

03-12-2024T02:44:49 - [MESSAGE][PASSED] - Text 'У виджета нет данных' is not present on page

03-12-2024T02:44:49 - [TEST_STEP][PASSED] - if (verifyTextNotPresent("У виджета нет данных", false) == true): Text 'У виджета нет данных' is not present on page

03-12-2024T02:44:50 - [MESSAGE][PASSED] - Text 'У виджета нет данных' is not present on page

03-12-2024T02:44:50 - [TEST_STEP][PASSED] - click(findTestObject("Выручка по ДЗО/Фильтр Выручка")): Object: 'Object Repository/Выручка по ДЗО/Фильтр Выручка' is clicked on

03-12-2024T02:44:50 - [MESSAGE][PASSED] - Object: 'Object Repository/Выручка по ДЗО/Фильтр Выручка' is clicked on

03-12-2024T02:44:50 - [TEST_STEP][PASSED] - click(findTestObject("Выручка по ДЗО/Снять выделение в фильтре Выручка")): Object: 'Object Repository/Выручка по ДЗО/Снять выделение в фильтре Выручка' is clicked on

03-12-2024T02:44:51 - [MESSAGE][PASSED] - Object: 'Object Repository/Выручка по ДЗО/Снять выделение в фильтре Выручка' is clicked on

03-12-2024T02:44:51 - [TEST_STEP][PASSED] - click(findTestObject("Выручка по ДЗО/По передаче в фильтре Выручка")): Object: 'Object Repository/Выручка по ДЗО/По передаче в фильтре Выручка' is clicked on

03-12-2024T02:44:51 - [MESSAGE][PASSED] - Object: 'Object Repository/Выручка по ДЗО/По передаче в фильтре Выручка' is clicked on

03-12-2024T02:44:51 - [TEST_STEP][PASSED] - click(findTestObject("Выручка по ДЗО/Применить в фильтре Выручка")): Object: 'Object Repository/Выручка по ДЗО/Применить в фильтре Выручка' is clicked on

03-12-2024T02:44:52 - [MESSAGE][PASSED] - Object: 'Object Repository/Выручка по ДЗО/Применить в фильтре Выручка' is clicked on

03-12-2024T02:44:52 - [TEST_STEP][PASSED] - Script1687405711779.Test(todaysDate): null

03-12-2024T02:44:52 - [TEST_STEP][PASSED] - if (verifyTextNotPresent("нет данных", false) == true): null

03-12-2024T02:44:54 - [MESSAGE][PASSED] - Text 'нет данных' is not present on page

03-12-2024T02:44:54 - [TEST_STEP][PASSED] - if (verifyTextNotPresent("Ошибка запроса данных", false) == true): null

03-12-2024T02:44:54 - [MESSAGE][PASSED] - Text 'Ошибка запроса данных' is not present on page

03-12-2024T02:44:54 - [TEST_STEP][PASSED] - if (verifyTextNotPresent("Произошла ошибка при выполнении пользовательского кода", false) == true): null

03-12-2024T02:44:55 - [MESSAGE][PASSED] - Text 'Произошла ошибка при выполнении пользовательского кода' is not present on page

03-12-2024T02:44:55 - [TEST_STEP][PASSED] - if (verifyTextNotPresent("У виджета нет данных", false) == true): null

03-12-2024T02:44:55 - [MESSAGE][PASSED] - Text 'У виджета нет данных' is not present on page

03-12-2024T02:44:55 - [TEST_STEP][PASSED] - if (verifyTextNotPresent("У виджета нет данных", false) == true): Text 'У виджета нет данных' is not present on page

03-12-2024T02:44:56 - [MESSAGE][PASSED] - Text 'У виджета нет данных' is not present on page

03-12-2024T02:44:56 - [TEST_STEP][PASSED] - click(findTestObject("Выручка по ДЗО/Фильтр Выручка")): Object: 'Object Repository/Выручка по ДЗО/Фильтр Выручка' is clicked on

03-12-2024T02:44:56 - [MESSAGE][PASSED] - Object: 'Object Repository/Выручка по ДЗО/Фильтр Выручка' is clicked on

03-12-2024T02:44:56 - [TEST_STEP][PASSED] - click(findTestObject("Выручка по ДЗО/Снять выделение в фильтре Выручка")): Object: 'Object Repository/Выручка по ДЗО/Снять выделение в фильтре Выручка' is clicked on

03-12-2024T02:44:56 - [MESSAGE][PASSED] - Object: 'Object Repository/Выручка по ДЗО/Снять выделение в фильтре Выручка' is clicked on

03-12-2024T02:44:56 - [TEST_STEP][PASSED] - click(findTestObject("Выручка по ДЗО/Применить в фильтре Выручка")): Object: 'Object Repository/Выручка по ДЗО/Применить в фильтре Выручка' is clicked on

03-12-2024T02:44:57 - [MESSAGE][PASSED] - Object: 'Object Repository/Выручка по ДЗО/Применить в фильтре Выручка' is clicked on

03-12-2024T02:44:57 - [TEST_STEP][PASSED] - click(findTestObject("Выручка по ДЗО/Фильтр ДЗО")): Object: 'Object Repository/Выручка по ДЗО/Фильтр ДЗО' is clicked on

03-12-2024T02:44:58 - [MESSAGE][PASSED] - Object: 'Object Repository/Выручка по ДЗО/Фильтр ДЗО' is clicked on

03-12-2024T02:44:58 - [TEST_STEP][PASSED] - click(findTestObject("Выручка по ДЗО/Снять выделение в фильтре ДЗО")): Object: 'Object Repository/Выручка по ДЗО/Снять выделение в фильтре ДЗО' is clicked on

03-12-2024T02:44:59 - [MESSAGE][PASSED] - Object: 'Object Repository/Выручка по ДЗО/Снять выделение в фильтре ДЗО' is clicked on

03-12-2024T02:44:59 - [TEST_STEP][PASSED] - scrollToElement(findTestObject("Общие объекты/Саратовские РС"), 30): Scroll to object 'Object Repository/Общие объекты/Саратовские РС' successfully

03-12-2024T02:44:59 - [MESSAGE][PASSED] - Scroll to object 'Object Repository/Общие объекты/Саратовские РС' successfully

03-12-2024T02:44:59 - [TEST_STEP][PASSED] - click(findTestObject("Общие объекты/Саратовские РС")): Object: 'Object Repository/Общие объекты/Саратовские РС' is clicked on

03-12-2024T02:45:00 - [MESSAGE][PASSED] - Object: 'Object Repository/Общие объекты/Саратовские РС' is clicked on

03-12-2024T02:45:00 - [TEST_STEP][PASSED] - Script1687405711779.Change(todaysDate): null

03-12-2024T02:45:00 - [TEST_STEP][PASSED] - scrollToElement(findTestObject("Выручка по ДЗО/Заголовок дашборда"), 30): Scroll to object 'Object Repository/Выручка по ДЗО/Заголовок дашборда' successfully

03-12-2024T02:45:00 - [MESSAGE][PASSED] - Scroll to object 'Object Repository/Выручка по ДЗО/Заголовок дашборда' successfully

03-12-2024T02:45:00 - [TEST_STEP][PASSED] - click(findTestObject("Выручка по ДЗО/Применить в фильтре ДЗО")): Object: 'Object Repository/Выручка по ДЗО/Применить в фильтре ДЗО' is clicked on

03-12-2024T02:45:01 - [MESSAGE][PASSED] - Object: 'Object Repository/Выручка по ДЗО/Применить в фильтре ДЗО' is clicked on

03-12-2024T02:45:01 - [TEST_STEP][PASSED] - Script1687405711779.Tumbler(todaysDate): null

03-12-2024T02:45:01 - [TEST_STEP][PASSED] - Script1687405711779.Test(todaysDate): null

03-12-2024T02:45:01 - [TEST_STEP][PASSED] - if (verifyTextNotPresent("нет данных", false) == true): null

03-12-2024T02:45:03 - [MESSAGE][PASSED] - Text 'нет данных' is not present on page

03-12-2024T02:45:03 - [TEST_STEP][PASSED] - if (verifyTextNotPresent("Ошибка запроса данных", false) == true): null

03-12-2024T02:45:04 - [MESSAGE][PASSED] - Text 'Ошибка запроса данных' is not present on page

03-12-2024T02:45:04 - [TEST_STEP][PASSED] - if (verifyTextNotPresent("Произошла ошибка при выполнении пользовательского кода", false) == true): null

03-12-2024T02:45:04 - [MESSAGE][PASSED] - Text 'Произошла ошибка при выполнении пользовательского кода' is not present on page

03-12-2024T02:45:04 - [TEST_STEP][PASSED] - if (verifyTextNotPresent("У виджета нет данных", false) == true): null

03-12-2024T02:45:05 - [MESSAGE][PASSED] - Text 'У виджета нет данных' is not present on page

03-12-2024T02:45:05 - [TEST_STEP][PASSED] - if (verifyTextNotPresent("У виджета нет данных", false) == true): Text 'У виджета нет данных' is not present on page

03-12-2024T02:45:05 - [MESSAGE][PASSED] - Text 'У виджета нет данных' is not present on page

03-12-2024T02:45:05 - [TEST_STEP][PASSED] - click(findTestObject("Выручка по ДЗО/Фильтр Выручка")): Object: 'Object Repository/Выручка по ДЗО/Фильтр Выручка' is clicked on

03-12-2024T02:45:06 - [MESSAGE][PASSED] - Object: 'Object Repository/Выручка по ДЗО/Фильтр Выручка' is clicked on

03-12-2024T02:45:06 - [TEST_STEP][PASSED] - click(findTestObject("Выручка по ДЗО/Внутренний оборот в фильтре Выручка")): Object: 'Object Repository/Выручка по ДЗО/Внутренний оборот в фильтре Выручка' is clicked on

03-12-2024T02:45:06 - [MESSAGE][PASSED] - Object: 'Object Repository/Выручка по ДЗО/Внутренний оборот в фильтре Выручка' is clicked on

03-12-2024T02:45:06 - [TEST_STEP][PASSED] - click(findTestObject("Выручка по ДЗО/Применить в фильтре Выручка")): Object: 'Object Repository/Выручка по ДЗО/Применить в фильтре Выручка' is clicked on

03-12-2024T02:45:07 - [MESSAGE][PASSED] - Object: 'Object Repository/Выручка по ДЗО/Применить в фильтре Выручка' is clicked on

03-12-2024T02:45:07 - [TEST_STEP][PASSED] - Script1687405711779.Test(todaysDate): null

03-12-2024T02:45:07 - [TEST_STEP][FAILED] - if (verifyTextNotPresent("нет данных", false) == true): Text 'нет данных' is present on page  (Root cause: com.kms.katalon.core.exception.StepFailedException: Text 'нет данных' is present on page 
	at com.kms.katalon.core.webui.keyword.internal.WebUIKeywordMain.stepFailed(WebUIKeywordMain.groovy:64)
	at com.kms.katalon.core.webui.keyword.builtin.VerifyTextNotPresentKeyword$_verifyTextNotPresent_closure1.doCall(VerifyTextNotPresentKeyword.groovy:77)
	at com.kms.katalon.core.webui.keyword.builtin.VerifyTextNotPresentKeyword$_verifyTextNotPresent_closure1.call(VerifyTextNotPresentKeyword.groovy)
	at com.kms.katalon.core.webui.keyword.internal.WebUIKeywordMain.runKeyword(WebUIKeywordMain.groovy:20)
	at com.kms.katalon.core.webui.keyword.builtin.VerifyTextNotPresentKeyword.verifyTextNotPresent(VerifyTextNotPresentKeyword.groovy:82)
	at com.kms.katalon.core.webui.keyword.builtin.VerifyTextNotPresentKeyword.execute(VerifyTextNotPresentKeyword.groovy:68)
	at com.kms.katalon.core.keyword.internal.KeywordExecutor.executeKeywordForPlatform(KeywordExecutor.groovy:74)
	at com.kms.katalon.core.webui.keyword.WebUiBuiltInKeywords.verifyTextNotPresent(WebUiBuiltInKeywords.groovy:1795)
	at Выручка по ДЗО отображение данных все филиалы.Test(Выручка по ДЗО отображение данных все филиалы:782)
	at Выручка по ДЗО отображение данных все филиалы.Tumbler(Выручка по ДЗО отображение данных все филиалы:738)
	at Выручка по ДЗО отображение данных все филиалы.Change(Выручка по ДЗО отображение данных все филиалы:772)
	at Выручка по ДЗО отображение данных все филиалы.DzoTest(Выручка по ДЗО отображение данных все филиалы:212)
	at Выручка по ДЗО отображение данных все филиалы.run(Выручка по ДЗО отображение данных все филиалы:134)
	at com.kms.katalon.core.main.ScriptEngine.run(ScriptEngine.java:194)
	at com.kms.katalon.core.main.ScriptEngine.runScriptAsRawText(ScriptEngine.java:119)
	at com.kms.katalon.core.main.TestCaseExecutor.runScript(TestCaseExecutor.java:448)
	at com.kms.katalon.core.main.TestCaseExecutor.doExecute(TestCaseExecutor.java:439)
	at com.kms.katalon.core.main.TestCaseExecutor.processExecutionPhase(TestCaseExecutor.java:418)
	at com.kms.katalon.core.main.TestCaseExecutor.accessMainPhase(TestCaseExecutor.java:410)
	at com.kms.katalon.core.main.TestCaseExecutor.execute(TestCaseExecutor.java:285)
	at com.kms.katalon.core.common.CommonExecutor.accessTestCaseMainPhase(CommonExecutor.java:65)
	at com.kms.katalon.core.main.TestSuiteExecutor.accessTestSuiteMainPhase(TestSuiteExecutor.java:150)
	at com.kms.katalon.core.main.TestSuiteExecutor.execute(TestSuiteExecutor.java:106)
	at com.kms.katalon.core.main.TestCaseMain.startTestSuite(TestCaseMain.java:180)
	at TempTestSuite1733182698305.run(TempTestSuite1733182698305.groovy:35)
	at java.base/jdk.internal.reflect.NativeMethodAccessorImpl.invoke0(Native Method)
	at java.base/jdk.internal.reflect.NativeMethodAccessorImpl.invoke(NativeMethodAccessorImpl.java:77)
	at java.base/jdk.internal.reflect.DelegatingMethodAccessorImpl.invoke(DelegatingMethodAccessorImpl.java:43)
)

03-12-2024T02:45:09 - [MESSAGE][FAILED] - Text 'нет данных' is present on page  (Root cause: com.kms.katalon.core.exception.StepFailedException: Text 'нет данных' is present on page 
	at com.kms.katalon.core.webui.keyword.internal.WebUIKeywordMain.stepFailed(WebUIKeywordMain.groovy:64)
	at com.kms.katalon.core.webui.keyword.builtin.VerifyTextNotPresentKeyword$_verifyTextNotPresent_closure1.doCall(VerifyTextNotPresentKeyword.groovy:77)
	at com.kms.katalon.core.webui.keyword.builtin.VerifyTextNotPresentKeyword$_verifyTextNotPresent_closure1.call(VerifyTextNotPresentKeyword.groovy)
	at com.kms.katalon.core.webui.keyword.internal.WebUIKeywordMain.runKeyword(WebUIKeywordMain.groovy:20)
	at com.kms.katalon.core.webui.keyword.builtin.VerifyTextNotPresentKeyword.verifyTextNotPresent(VerifyTextNotPresentKeyword.groovy:82)
	at com.kms.katalon.core.webui.keyword.builtin.VerifyTextNotPresentKeyword.execute(VerifyTextNotPresentKeyword.groovy:68)
	at com.kms.katalon.core.keyword.internal.KeywordExecutor.executeKeywordForPlatform(KeywordExecutor.groovy:74)
	at com.kms.katalon.core.webui.keyword.WebUiBuiltInKeywords.verifyTextNotPresent(WebUiBuiltInKeywords.groovy:1795)
	at Выручка по ДЗО отображение данных все филиалы.Test(Выручка по ДЗО отображение данных все филиалы:782)
	at Выручка по ДЗО отображение данных все филиалы.Tumbler(Выручка по ДЗО отображение данных все филиалы:738)
	at Выручка по ДЗО отображение данных все филиалы.Change(Выручка по ДЗО отображение данных все филиалы:772)
	at Выручка по ДЗО отображение данных все филиалы.DzoTest(Выручка по ДЗО отображение данных все филиалы:212)
	at Выручка по ДЗО отображение данных все филиалы.run(Выручка по ДЗО отображение данных все филиалы:134)
	at com.kms.katalon.core.main.ScriptEngine.run(ScriptEngine.java:194)
	at com.kms.katalon.core.main.ScriptEngine.runScriptAsRawText(ScriptEngine.java:119)
	at com.kms.katalon.core.main.TestCaseExecutor.runScript(TestCaseExecutor.java:448)
	at com.kms.katalon.core.main.TestCaseExecutor.doExecute(TestCaseExecutor.java:439)
	at com.kms.katalon.core.main.TestCaseExecutor.processExecutionPhase(TestCaseExecutor.java:418)
	at com.kms.katalon.core.main.TestCaseExecutor.accessMainPhase(TestCaseExecutor.java:410)
	at com.kms.katalon.core.main.TestCaseExecutor.execute(TestCaseExecutor.java:285)
	at com.kms.katalon.core.common.CommonExecutor.accessTestCaseMainPhase(CommonExecutor.java:65)
	at com.kms.katalon.core.main.TestSuiteExecutor.accessTestSuiteMainPhase(TestSuiteExecutor.java:150)
	at com.kms.katalon.core.main.TestSuiteExecutor.execute(TestSuiteExecutor.java:106)
	at com.kms.katalon.core.main.TestCaseMain.startTestSuite(TestCaseMain.java:180)
	at TempTestSuite1733182698305.run(TempTestSuite1733182698305.groovy:35)
	at java.base/jdk.internal.reflect.NativeMethodAccessorImpl.invoke0(Native Method)
	at java.base/jdk.internal.reflect.NativeMethodAccessorImpl.invoke(NativeMethodAccessorImpl.java:77)
	at java.base/jdk.internal.reflect.DelegatingMethodAccessorImpl.invoke(DelegatingMethodAccessorImpl.java:43)
)

03-12-2024T02:45:09 - [TEST_STEP][PASSED] - else: null

03-12-2024T02:45:09 - [TEST_STEP][PASSED] - Script1687405711779.WriteToExcel(todaysDate): null

03-12-2024T02:45:09 - [TEST_STEP][PASSED] - sheetName = "Sheet1": null

03-12-2024T02:45:09 - [TEST_STEP][PASSED] - data = findTestData("PlanFact"): null

03-12-2024T02:45:09 - [TEST_STEP][PASSED] - n = data.getRowNumbers() + 1: null

03-12-2024T02:45:09 - [TEST_STEP][PASSED] - dZO = getText(findTestObject("Выручка по ДЗО/Фильтр ДЗО")): Text of object 'Object Repository/Выручка по ДЗО/Фильтр ДЗО' is: 'ПАО Россети - РаспредКомплекс - Россети Волга - Саратовские РС'

03-12-2024T02:45:10 - [MESSAGE][PASSED] - Text of object 'Object Repository/Выручка по ДЗО/Фильтр ДЗО' is: 'ПАО Россети - РаспредКомплекс - Россети Волга - Саратовские РС'

03-12-2024T02:45:10 - [TEST_STEP][PASSED] - period = getText(findTestObject("Выручка по ДЗО/Фильтр Дата")): Text of object 'Object Repository/Выручка по ДЗО/Фильтр Дата' is: '1, 2, 3 кв., Октябрь 2024 года'

03-12-2024T02:45:10 - [MESSAGE][PASSED] - Text of object 'Object Repository/Выручка по ДЗО/Фильтр Дата' is: '1, 2, 3 кв., Октябрь 2024 года'

03-12-2024T02:45:10 - [TEST_STEP][PASSED] - viruchka = getText(findTestObject("Выручка по ДЗО/Фильтр Выручка")): Text of object 'Object Repository/Выручка по ДЗО/Фильтр Выручка' is: 'внутренний оборот'

03-12-2024T02:45:10 - [MESSAGE][PASSED] - Text of object 'Object Repository/Выручка по ДЗО/Фильтр Выручка' is: 'внутренний оборот'

03-12-2024T02:45:10 - [TEST_STEP][PASSED] - if (viruchka == "Выбрано: 2"): null

03-12-2024T02:45:10 - [TEST_STEP][PASSED] - if (viruchka == "Все"): null

03-12-2024T02:45:10 - [TEST_STEP][PASSED] - println(period): null

03-12-2024T02:45:10 - [TEST_STEP][PASSED] - dashboardName = "Выручка по ДЗО": null

03-12-2024T02:45:10 - [TEST_STEP][PASSED] - workbook01 = getWorkbook(excelFilePath): null

03-12-2024T02:45:10 - [TEST_STEP][PASSED] - sheet01 = getExcelSheet(workbook01, sheetName): null

03-12-2024T02:45:10 - [TEST_STEP][PASSED] - setValueToCellByIndex(sheet01, n, 0, dashboardName): null

03-12-2024T02:45:10 - [TEST_STEP][PASSED] - setValueToCellByIndex(sheet01, n, 1, dZO): null

03-12-2024T02:45:10 - [TEST_STEP][PASSED] - setValueToCellByIndex(sheet01, n, 2, period): null

03-12-2024T02:45:10 - [TEST_STEP][PASSED] - setValueToCellByIndex(sheet01, n, 3, viruchka): null

03-12-2024T02:45:10 - [TEST_STEP][PASSED] - setValueToCellByIndex(sheet01, n, 4, todaysDate): null

03-12-2024T02:45:10 - [TEST_STEP][PASSED] - n = n + 1: null

03-12-2024T02:45:10 - [TEST_STEP][PASSED] - saveWorkbook(excelFilePath, workbook01): null

03-12-2024T02:45:10 - [TEST_STEP][PASSED] - click(findTestObject("Выручка по ДЗО/Фильтр Выручка")): Object: 'Object Repository/Выручка по ДЗО/Фильтр Выручка' is clicked on

03-12-2024T02:45:11 - [MESSAGE][PASSED] - Object: 'Object Repository/Выручка по ДЗО/Фильтр Выручка' is clicked on

03-12-2024T02:45:11 - [TEST_STEP][PASSED] - click(findTestObject("Выручка по ДЗО/По передаче в фильтре Выручка")): Object: 'Object Repository/Выручка по ДЗО/По передаче в фильтре Выручка' is clicked on

03-12-2024T02:45:11 - [MESSAGE][PASSED] - Object: 'Object Repository/Выручка по ДЗО/По передаче в фильтре Выручка' is clicked on

03-12-2024T02:45:11 - [TEST_STEP][PASSED] - click(findTestObject("Выручка по ДЗО/Применить в фильтре Выручка")): Object: 'Object Repository/Выручка по ДЗО/Применить в фильтре Выручка' is clicked on

03-12-2024T02:45:12 - [MESSAGE][PASSED] - Object: 'Object Repository/Выручка по ДЗО/Применить в фильтре Выручка' is clicked on

03-12-2024T02:45:12 - [TEST_STEP][PASSED] - Script1687405711779.Test(todaysDate): null

03-12-2024T02:45:12 - [TEST_STEP][PASSED] - if (verifyTextNotPresent("нет данных", false) == true): null

03-12-2024T02:45:14 - [MESSAGE][PASSED] - Text 'нет данных' is not present on page

03-12-2024T02:45:14 - [TEST_STEP][PASSED] - if (verifyTextNotPresent("Ошибка запроса данных", false) == true): null

03-12-2024T02:45:15 - [MESSAGE][PASSED] - Text 'Ошибка запроса данных' is not present on page

03-12-2024T02:45:15 - [TEST_STEP][PASSED] - if (verifyTextNotPresent("Произошла ошибка при выполнении пользовательского кода", false) == true): null

03-12-2024T02:45:15 - [MESSAGE][PASSED] - Text 'Произошла ошибка при выполнении пользовательского кода' is not present on page

03-12-2024T02:45:15 - [TEST_STEP][PASSED] - if (verifyTextNotPresent("У виджета нет данных", false) == true): null

03-12-2024T02:45:16 - [MESSAGE][PASSED] - Text 'У виджета нет данных' is not present on page

03-12-2024T02:45:16 - [TEST_STEP][PASSED] - if (verifyTextNotPresent("У виджета нет данных", false) == true): Text 'У виджета нет данных' is not present on page

03-12-2024T02:45:16 - [MESSAGE][PASSED] - Text 'У виджета нет данных' is not present on page

03-12-2024T02:45:16 - [TEST_STEP][PASSED] - click(findTestObject("Выручка по ДЗО/Фильтр Выручка")): Object: 'Object Repository/Выручка по ДЗО/Фильтр Выручка' is clicked on

03-12-2024T02:45:17 - [MESSAGE][PASSED] - Object: 'Object Repository/Выручка по ДЗО/Фильтр Выручка' is clicked on

03-12-2024T02:45:17 - [TEST_STEP][PASSED] - click(findTestObject("Выручка по ДЗО/Снять выделение в фильтре Выручка")): Object: 'Object Repository/Выручка по ДЗО/Снять выделение в фильтре Выручка' is clicked on

03-12-2024T02:45:17 - [MESSAGE][PASSED] - Object: 'Object Repository/Выручка по ДЗО/Снять выделение в фильтре Выручка' is clicked on

03-12-2024T02:45:17 - [TEST_STEP][PASSED] - click(findTestObject("Выручка по ДЗО/По передаче в фильтре Выручка")): Object: 'Object Repository/Выручка по ДЗО/По передаче в фильтре Выручка' is clicked on

03-12-2024T02:45:18 - [MESSAGE][PASSED] - Object: 'Object Repository/Выручка по ДЗО/По передаче в фильтре Выручка' is clicked on

03-12-2024T02:45:18 - [TEST_STEP][PASSED] - click(findTestObject("Выручка по ДЗО/Применить в фильтре Выручка")): Object: 'Object Repository/Выручка по ДЗО/Применить в фильтре Выручка' is clicked on

03-12-2024T02:45:18 - [MESSAGE][PASSED] - Object: 'Object Repository/Выручка по ДЗО/Применить в фильтре Выручка' is clicked on

03-12-2024T02:45:18 - [TEST_STEP][PASSED] - Script1687405711779.Test(todaysDate): null

03-12-2024T02:45:18 - [TEST_STEP][PASSED] - if (verifyTextNotPresent("нет данных", false) == true): null

03-12-2024T02:45:20 - [MESSAGE][PASSED] - Text 'нет данных' is not present on page

03-12-2024T02:45:20 - [TEST_STEP][PASSED] - if (verifyTextNotPresent("Ошибка запроса данных", false) == true): null

03-12-2024T02:45:21 - [MESSAGE][PASSED] - Text 'Ошибка запроса данных' is not present on page

03-12-2024T02:45:21 - [TEST_STEP][PASSED] - if (verifyTextNotPresent("Произошла ошибка при выполнении пользовательского кода", false) == true): null

03-12-2024T02:45:21 - [MESSAGE][PASSED] - Text 'Произошла ошибка при выполнении пользовательского кода' is not present on page

03-12-2024T02:45:21 - [TEST_STEP][PASSED] - if (verifyTextNotPresent("У виджета нет данных", false) == true): null

03-12-2024T02:45:22 - [MESSAGE][PASSED] - Text 'У виджета нет данных' is not present on page

03-12-2024T02:45:22 - [TEST_STEP][PASSED] - if (verifyTextNotPresent("У виджета нет данных", false) == true): Text 'У виджета нет данных' is not present on page

03-12-2024T02:45:22 - [MESSAGE][PASSED] - Text 'У виджета нет данных' is not present on page

03-12-2024T02:45:22 - [TEST_STEP][PASSED] - click(findTestObject("Выручка по ДЗО/Фильтр Выручка")): Object: 'Object Repository/Выручка по ДЗО/Фильтр Выручка' is clicked on

03-12-2024T02:45:22 - [MESSAGE][PASSED] - Object: 'Object Repository/Выручка по ДЗО/Фильтр Выручка' is clicked on

03-12-2024T02:45:22 - [TEST_STEP][PASSED] - click(findTestObject("Выручка по ДЗО/Снять выделение в фильтре Выручка")): Object: 'Object Repository/Выручка по ДЗО/Снять выделение в фильтре Выручка' is clicked on

03-12-2024T02:45:23 - [MESSAGE][PASSED] - Object: 'Object Repository/Выручка по ДЗО/Снять выделение в фильтре Выручка' is clicked on

03-12-2024T02:45:23 - [TEST_STEP][PASSED] - click(findTestObject("Выручка по ДЗО/Применить в фильтре Выручка")): Object: 'Object Repository/Выручка по ДЗО/Применить в фильтре Выручка' is clicked on

03-12-2024T02:45:23 - [MESSAGE][PASSED] - Object: 'Object Repository/Выручка по ДЗО/Применить в фильтре Выручка' is clicked on

03-12-2024T02:45:23 - [TEST_STEP][PASSED] - click(findTestObject("Выручка по ДЗО/Фильтр ДЗО")): Object: 'Object Repository/Выручка по ДЗО/Фильтр ДЗО' is clicked on

03-12-2024T02:45:25 - [MESSAGE][PASSED] - Object: 'Object Repository/Выручка по ДЗО/Фильтр ДЗО' is clicked on

03-12-2024T02:45:25 - [TEST_STEP][PASSED] - click(findTestObject("Выручка по ДЗО/Снять выделение в фильтре ДЗО")): Object: 'Object Repository/Выручка по ДЗО/Снять выделение в фильтре ДЗО' is clicked on

03-12-2024T02:45:26 - [MESSAGE][PASSED] - Object: 'Object Repository/Выручка по ДЗО/Снять выделение в фильтре ДЗО' is clicked on

03-12-2024T02:45:26 - [TEST_STEP][PASSED] - scrollToElement(findTestObject("Общие объекты/Ульяновские РС"), 30): Scroll to object 'Object Repository/Общие объекты/Ульяновские РС' successfully

03-12-2024T02:45:26 - [MESSAGE][PASSED] - Scroll to object 'Object Repository/Общие объекты/Ульяновские РС' successfully

03-12-2024T02:45:26 - [TEST_STEP][PASSED] - click(findTestObject("Общие объекты/Ульяновские РС")): Object: 'Object Repository/Общие объекты/Ульяновские РС' is clicked on

03-12-2024T02:45:26 - [MESSAGE][PASSED] - Object: 'Object Repository/Общие объекты/Ульяновские РС' is clicked on

03-12-2024T02:45:26 - [TEST_STEP][PASSED] - Script1687405711779.Change(todaysDate): null

03-12-2024T02:45:26 - [TEST_STEP][PASSED] - scrollToElement(findTestObject("Выручка по ДЗО/Заголовок дашборда"), 30): Scroll to object 'Object Repository/Выручка по ДЗО/Заголовок дашборда' successfully

03-12-2024T02:45:27 - [MESSAGE][PASSED] - Scroll to object 'Object Repository/Выручка по ДЗО/Заголовок дашборда' successfully

03-12-2024T02:45:27 - [TEST_STEP][PASSED] - click(findTestObject("Выручка по ДЗО/Применить в фильтре ДЗО")): Object: 'Object Repository/Выручка по ДЗО/Применить в фильтре ДЗО' is clicked on

03-12-2024T02:45:27 - [MESSAGE][PASSED] - Object: 'Object Repository/Выручка по ДЗО/Применить в фильтре ДЗО' is clicked on

03-12-2024T02:45:27 - [TEST_STEP][PASSED] - Script1687405711779.Tumbler(todaysDate): null

03-12-2024T02:45:27 - [TEST_STEP][PASSED] - Script1687405711779.Test(todaysDate): null

03-12-2024T02:45:27 - [TEST_STEP][PASSED] - if (verifyTextNotPresent("нет данных", false) == true): null

03-12-2024T02:45:31 - [MESSAGE][PASSED] - Text 'нет данных' is not present on page

03-12-2024T02:45:31 - [TEST_STEP][PASSED] - if (verifyTextNotPresent("Ошибка запроса данных", false) == true): null

03-12-2024T02:45:31 - [MESSAGE][PASSED] - Text 'Ошибка запроса данных' is not present on page

03-12-2024T02:45:31 - [TEST_STEP][PASSED] - if (verifyTextNotPresent("Произошла ошибка при выполнении пользовательского кода", false) == true): null

03-12-2024T02:45:32 - [MESSAGE][PASSED] - Text 'Произошла ошибка при выполнении пользовательского кода' is not present on page

03-12-2024T02:45:32 - [TEST_STEP][PASSED] - if (verifyTextNotPresent("У виджета нет данных", false) == true): null

03-12-2024T02:45:32 - [MESSAGE][PASSED] - Text 'У виджета нет данных' is not present on page

03-12-2024T02:45:32 - [TEST_STEP][PASSED] - if (verifyTextNotPresent("У виджета нет данных", false) == true): Text 'У виджета нет данных' is not present on page

03-12-2024T02:45:33 - [MESSAGE][PASSED] - Text 'У виджета нет данных' is not present on page

03-12-2024T02:45:33 - [TEST_STEP][PASSED] - click(findTestObject("Выручка по ДЗО/Фильтр Выручка")): Object: 'Object Repository/Выручка по ДЗО/Фильтр Выручка' is clicked on

03-12-2024T02:45:33 - [MESSAGE][PASSED] - Object: 'Object Repository/Выручка по ДЗО/Фильтр Выручка' is clicked on

03-12-2024T02:45:33 - [TEST_STEP][PASSED] - click(findTestObject("Выручка по ДЗО/Внутренний оборот в фильтре Выручка")): Object: 'Object Repository/Выручка по ДЗО/Внутренний оборот в фильтре Выручка' is clicked on

03-12-2024T02:45:34 - [MESSAGE][PASSED] - Object: 'Object Repository/Выручка по ДЗО/Внутренний оборот в фильтре Выручка' is clicked on

03-12-2024T02:45:34 - [TEST_STEP][PASSED] - click(findTestObject("Выручка по ДЗО/Применить в фильтре Выручка")): Object: 'Object Repository/Выручка по ДЗО/Применить в фильтре Выручка' is clicked on

03-12-2024T02:45:34 - [MESSAGE][PASSED] - Object: 'Object Repository/Выручка по ДЗО/Применить в фильтре Выручка' is clicked on

03-12-2024T02:45:34 - [TEST_STEP][PASSED] - Script1687405711779.Test(todaysDate): null

03-12-2024T02:45:34 - [TEST_STEP][FAILED] - if (verifyTextNotPresent("нет данных", false) == true): Text 'нет данных' is present on page  (Root cause: com.kms.katalon.core.exception.StepFailedException: Text 'нет данных' is present on page 
	at com.kms.katalon.core.webui.keyword.internal.WebUIKeywordMain.stepFailed(WebUIKeywordMain.groovy:64)
	at com.kms.katalon.core.webui.keyword.builtin.VerifyTextNotPresentKeyword$_verifyTextNotPresent_closure1.doCall(VerifyTextNotPresentKeyword.groovy:77)
	at com.kms.katalon.core.webui.keyword.builtin.VerifyTextNotPresentKeyword$_verifyTextNotPresent_closure1.call(VerifyTextNotPresentKeyword.groovy)
	at com.kms.katalon.core.webui.keyword.internal.WebUIKeywordMain.runKeyword(WebUIKeywordMain.groovy:20)
	at com.kms.katalon.core.webui.keyword.builtin.VerifyTextNotPresentKeyword.verifyTextNotPresent(VerifyTextNotPresentKeyword.groovy:82)
	at com.kms.katalon.core.webui.keyword.builtin.VerifyTextNotPresentKeyword.execute(VerifyTextNotPresentKeyword.groovy:68)
	at com.kms.katalon.core.keyword.internal.KeywordExecutor.executeKeywordForPlatform(KeywordExecutor.groovy:74)
	at com.kms.katalon.core.webui.keyword.WebUiBuiltInKeywords.verifyTextNotPresent(WebUiBuiltInKeywords.groovy:1795)
	at Выручка по ДЗО отображение данных все филиалы.Test(Выручка по ДЗО отображение данных все филиалы:782)
	at Выручка по ДЗО отображение данных все филиалы.Tumbler(Выручка по ДЗО отображение данных все филиалы:738)
	at Выручка по ДЗО отображение данных все филиалы.Change(Выручка по ДЗО отображение данных все филиалы:772)
	at Выручка по ДЗО отображение данных все филиалы.DzoTest(Выручка по ДЗО отображение данных все филиалы:218)
	at Выручка по ДЗО отображение данных все филиалы.run(Выручка по ДЗО отображение данных все филиалы:134)
	at com.kms.katalon.core.main.ScriptEngine.run(ScriptEngine.java:194)
	at com.kms.katalon.core.main.ScriptEngine.runScriptAsRawText(ScriptEngine.java:119)
	at com.kms.katalon.core.main.TestCaseExecutor.runScript(TestCaseExecutor.java:448)
	at com.kms.katalon.core.main.TestCaseExecutor.doExecute(TestCaseExecutor.java:439)
	at com.kms.katalon.core.main.TestCaseExecutor.processExecutionPhase(TestCaseExecutor.java:418)
	at com.kms.katalon.core.main.TestCaseExecutor.accessMainPhase(TestCaseExecutor.java:410)
	at com.kms.katalon.core.main.TestCaseExecutor.execute(TestCaseExecutor.java:285)
	at com.kms.katalon.core.common.CommonExecutor.accessTestCaseMainPhase(CommonExecutor.java:65)
	at com.kms.katalon.core.main.TestSuiteExecutor.accessTestSuiteMainPhase(TestSuiteExecutor.java:150)
	at com.kms.katalon.core.main.TestSuiteExecutor.execute(TestSuiteExecutor.java:106)
	at com.kms.katalon.core.main.TestCaseMain.startTestSuite(TestCaseMain.java:180)
	at TempTestSuite1733182698305.run(TempTestSuite1733182698305.groovy:35)
	at java.base/jdk.internal.reflect.NativeMethodAccessorImpl.invoke0(Native Method)
	at java.base/jdk.internal.reflect.NativeMethodAccessorImpl.invoke(NativeMethodAccessorImpl.java:77)
	at java.base/jdk.internal.reflect.DelegatingMethodAccessorImpl.invoke(DelegatingMethodAccessorImpl.java:43)
)

03-12-2024T02:45:37 - [MESSAGE][FAILED] - Text 'нет данных' is present on page  (Root cause: com.kms.katalon.core.exception.StepFailedException: Text 'нет данных' is present on page 
	at com.kms.katalon.core.webui.keyword.internal.WebUIKeywordMain.stepFailed(WebUIKeywordMain.groovy:64)
	at com.kms.katalon.core.webui.keyword.builtin.VerifyTextNotPresentKeyword$_verifyTextNotPresent_closure1.doCall(VerifyTextNotPresentKeyword.groovy:77)
	at com.kms.katalon.core.webui.keyword.builtin.VerifyTextNotPresentKeyword$_verifyTextNotPresent_closure1.call(VerifyTextNotPresentKeyword.groovy)
	at com.kms.katalon.core.webui.keyword.internal.WebUIKeywordMain.runKeyword(WebUIKeywordMain.groovy:20)
	at com.kms.katalon.core.webui.keyword.builtin.VerifyTextNotPresentKeyword.verifyTextNotPresent(VerifyTextNotPresentKeyword.groovy:82)
	at com.kms.katalon.core.webui.keyword.builtin.VerifyTextNotPresentKeyword.execute(VerifyTextNotPresentKeyword.groovy:68)
	at com.kms.katalon.core.keyword.internal.KeywordExecutor.executeKeywordForPlatform(KeywordExecutor.groovy:74)
	at com.kms.katalon.core.webui.keyword.WebUiBuiltInKeywords.verifyTextNotPresent(WebUiBuiltInKeywords.groovy:1795)
	at Выручка по ДЗО отображение данных все филиалы.Test(Выручка по ДЗО отображение данных все филиалы:782)
	at Выручка по ДЗО отображение данных все филиалы.Tumbler(Выручка по ДЗО отображение данных все филиалы:738)
	at Выручка по ДЗО отображение данных все филиалы.Change(Выручка по ДЗО отображение данных все филиалы:772)
	at Выручка по ДЗО отображение данных все филиалы.DzoTest(Выручка по ДЗО отображение данных все филиалы:218)
	at Выручка по ДЗО отображение данных все филиалы.run(Выручка по ДЗО отображение данных все филиалы:134)
	at com.kms.katalon.core.main.ScriptEngine.run(ScriptEngine.java:194)
	at com.kms.katalon.core.main.ScriptEngine.runScriptAsRawText(ScriptEngine.java:119)
	at com.kms.katalon.core.main.TestCaseExecutor.runScript(TestCaseExecutor.java:448)
	at com.kms.katalon.core.main.TestCaseExecutor.doExecute(TestCaseExecutor.java:439)
	at com.kms.katalon.core.main.TestCaseExecutor.processExecutionPhase(TestCaseExecutor.java:418)
	at com.kms.katalon.core.main.TestCaseExecutor.accessMainPhase(TestCaseExecutor.java:410)
	at com.kms.katalon.core.main.TestCaseExecutor.execute(TestCaseExecutor.java:285)
	at com.kms.katalon.core.common.CommonExecutor.accessTestCaseMainPhase(CommonExecutor.java:65)
	at com.kms.katalon.core.main.TestSuiteExecutor.accessTestSuiteMainPhase(TestSuiteExecutor.java:150)
	at com.kms.katalon.core.main.TestSuiteExecutor.execute(TestSuiteExecutor.java:106)
	at com.kms.katalon.core.main.TestCaseMain.startTestSuite(TestCaseMain.java:180)
	at TempTestSuite1733182698305.run(TempTestSuite1733182698305.groovy:35)
	at java.base/jdk.internal.reflect.NativeMethodAccessorImpl.invoke0(Native Method)
	at java.base/jdk.internal.reflect.NativeMethodAccessorImpl.invoke(NativeMethodAccessorImpl.java:77)
	at java.base/jdk.internal.reflect.DelegatingMethodAccessorImpl.invoke(DelegatingMethodAccessorImpl.java:43)
)

03-12-2024T02:45:37 - [TEST_STEP][PASSED] - else: null

03-12-2024T02:45:37 - [TEST_STEP][PASSED] - Script1687405711779.WriteToExcel(todaysDate): null

03-12-2024T02:45:37 - [TEST_STEP][PASSED] - sheetName = "Sheet1": null

03-12-2024T02:45:37 - [TEST_STEP][PASSED] - data = findTestData("PlanFact"): null

03-12-2024T02:45:37 - [TEST_STEP][PASSED] - n = data.getRowNumbers() + 1: null

03-12-2024T02:45:37 - [TEST_STEP][PASSED] - dZO = getText(findTestObject("Выручка по ДЗО/Фильтр ДЗО")): Text of object 'Object Repository/Выручка по ДЗО/Фильтр ДЗО' is: 'ПАО Россети - РаспредКомплекс - Россети Волга - Ульяновские РС'

03-12-2024T02:45:37 - [MESSAGE][PASSED] - Text of object 'Object Repository/Выручка по ДЗО/Фильтр ДЗО' is: 'ПАО Россети - РаспредКомплекс - Россети Волга - Ульяновские РС'

03-12-2024T02:45:37 - [TEST_STEP][PASSED] - period = getText(findTestObject("Выручка по ДЗО/Фильтр Дата")): Text of object 'Object Repository/Выручка по ДЗО/Фильтр Дата' is: '1, 2, 3 кв., Октябрь 2024 года'

03-12-2024T02:45:37 - [MESSAGE][PASSED] - Text of object 'Object Repository/Выручка по ДЗО/Фильтр Дата' is: '1, 2, 3 кв., Октябрь 2024 года'

03-12-2024T02:45:37 - [TEST_STEP][PASSED] - viruchka = getText(findTestObject("Выручка по ДЗО/Фильтр Выручка")): Text of object 'Object Repository/Выручка по ДЗО/Фильтр Выручка' is: 'внутренний оборот'

03-12-2024T02:45:37 - [MESSAGE][PASSED] - Text of object 'Object Repository/Выручка по ДЗО/Фильтр Выручка' is: 'внутренний оборот'

03-12-2024T02:45:37 - [TEST_STEP][PASSED] - if (viruchka == "Выбрано: 2"): null

03-12-2024T02:45:37 - [TEST_STEP][PASSED] - if (viruchka == "Все"): null

03-12-2024T02:45:37 - [TEST_STEP][PASSED] - println(period): null

03-12-2024T02:45:37 - [TEST_STEP][PASSED] - dashboardName = "Выручка по ДЗО": null

03-12-2024T02:45:37 - [TEST_STEP][PASSED] - workbook01 = getWorkbook(excelFilePath): null

03-12-2024T02:45:37 - [TEST_STEP][PASSED] - sheet01 = getExcelSheet(workbook01, sheetName): null

03-12-2024T02:45:37 - [TEST_STEP][PASSED] - setValueToCellByIndex(sheet01, n, 0, dashboardName): null

03-12-2024T02:45:37 - [TEST_STEP][PASSED] - setValueToCellByIndex(sheet01, n, 1, dZO): null

03-12-2024T02:45:37 - [TEST_STEP][PASSED] - setValueToCellByIndex(sheet01, n, 2, period): null

03-12-2024T02:45:37 - [TEST_STEP][PASSED] - setValueToCellByIndex(sheet01, n, 3, viruchka): null

03-12-2024T02:45:37 - [TEST_STEP][PASSED] - setValueToCellByIndex(sheet01, n, 4, todaysDate): null

03-12-2024T02:45:37 - [TEST_STEP][PASSED] - n = n + 1: null

03-12-2024T02:45:37 - [TEST_STEP][PASSED] - saveWorkbook(excelFilePath, workbook01): null

03-12-2024T02:45:38 - [TEST_STEP][PASSED] - click(findTestObject("Выручка по ДЗО/Фильтр Выручка")): Object: 'Object Repository/Выручка по ДЗО/Фильтр Выручка' is clicked on

03-12-2024T02:45:38 - [MESSAGE][PASSED] - Object: 'Object Repository/Выручка по ДЗО/Фильтр Выручка' is clicked on

03-12-2024T02:45:38 - [TEST_STEP][PASSED] - click(findTestObject("Выручка по ДЗО/По передаче в фильтре Выручка")): Object: 'Object Repository/Выручка по ДЗО/По передаче в фильтре Выручка' is clicked on

03-12-2024T02:45:39 - [MESSAGE][PASSED] - Object: 'Object Repository/Выручка по ДЗО/По передаче в фильтре Выручка' is clicked on

03-12-2024T02:45:39 - [TEST_STEP][PASSED] - click(findTestObject("Выручка по ДЗО/Применить в фильтре Выручка")): Object: 'Object Repository/Выручка по ДЗО/Применить в фильтре Выручка' is clicked on

03-12-2024T02:45:39 - [MESSAGE][PASSED] - Object: 'Object Repository/Выручка по ДЗО/Применить в фильтре Выручка' is clicked on

03-12-2024T02:45:39 - [TEST_STEP][PASSED] - Script1687405711779.Test(todaysDate): null

03-12-2024T02:45:39 - [TEST_STEP][PASSED] - if (verifyTextNotPresent("нет данных", false) == true): null

03-12-2024T02:45:41 - [MESSAGE][PASSED] - Text 'нет данных' is not present on page

03-12-2024T02:45:41 - [TEST_STEP][PASSED] - if (verifyTextNotPresent("Ошибка запроса данных", false) == true): null

03-12-2024T02:45:42 - [MESSAGE][PASSED] - Text 'Ошибка запроса данных' is not present on page

03-12-2024T02:45:42 - [TEST_STEP][PASSED] - if (verifyTextNotPresent("Произошла ошибка при выполнении пользовательского кода", false) == true): null

03-12-2024T02:45:43 - [MESSAGE][PASSED] - Text 'Произошла ошибка при выполнении пользовательского кода' is not present on page

03-12-2024T02:45:43 - [TEST_STEP][PASSED] - if (verifyTextNotPresent("У виджета нет данных", false) == true): null

03-12-2024T02:45:43 - [MESSAGE][PASSED] - Text 'У виджета нет данных' is not present on page

03-12-2024T02:45:43 - [TEST_STEP][PASSED] - if (verifyTextNotPresent("У виджета нет данных", false) == true): Text 'У виджета нет данных' is not present on page

03-12-2024T02:45:44 - [MESSAGE][PASSED] - Text 'У виджета нет данных' is not present on page

03-12-2024T02:45:44 - [TEST_STEP][PASSED] - click(findTestObject("Выручка по ДЗО/Фильтр Выручка")): Object: 'Object Repository/Выручка по ДЗО/Фильтр Выручка' is clicked on

03-12-2024T02:45:44 - [MESSAGE][PASSED] - Object: 'Object Repository/Выручка по ДЗО/Фильтр Выручка' is clicked on

03-12-2024T02:45:44 - [TEST_STEP][PASSED] - click(findTestObject("Выручка по ДЗО/Снять выделение в фильтре Выручка")): Object: 'Object Repository/Выручка по ДЗО/Снять выделение в фильтре Выручка' is clicked on

03-12-2024T02:45:44 - [MESSAGE][PASSED] - Object: 'Object Repository/Выручка по ДЗО/Снять выделение в фильтре Выручка' is clicked on

03-12-2024T02:45:44 - [TEST_STEP][PASSED] - click(findTestObject("Выручка по ДЗО/По передаче в фильтре Выручка")): Object: 'Object Repository/Выручка по ДЗО/По передаче в фильтре Выручка' is clicked on

03-12-2024T02:45:45 - [MESSAGE][PASSED] - Object: 'Object Repository/Выручка по ДЗО/По передаче в фильтре Выручка' is clicked on

03-12-2024T02:45:45 - [TEST_STEP][PASSED] - click(findTestObject("Выручка по ДЗО/Применить в фильтре Выручка")): Object: 'Object Repository/Выручка по ДЗО/Применить в фильтре Выручка' is clicked on

03-12-2024T02:45:45 - [MESSAGE][PASSED] - Object: 'Object Repository/Выручка по ДЗО/Применить в фильтре Выручка' is clicked on

03-12-2024T02:45:45 - [TEST_STEP][PASSED] - Script1687405711779.Test(todaysDate): null

03-12-2024T02:45:45 - [TEST_STEP][PASSED] - if (verifyTextNotPresent("нет данных", false) == true): null

03-12-2024T02:45:47 - [MESSAGE][PASSED] - Text 'нет данных' is not present on page

03-12-2024T02:45:47 - [TEST_STEP][PASSED] - if (verifyTextNotPresent("Ошибка запроса данных", false) == true): null

03-12-2024T02:45:48 - [MESSAGE][PASSED] - Text 'Ошибка запроса данных' is not present on page

03-12-2024T02:45:48 - [TEST_STEP][PASSED] - if (verifyTextNotPresent("Произошла ошибка при выполнении пользовательского кода", false) == true): null

03-12-2024T02:45:48 - [MESSAGE][PASSED] - Text 'Произошла ошибка при выполнении пользовательского кода' is not present on page

03-12-2024T02:45:48 - [TEST_STEP][PASSED] - if (verifyTextNotPresent("У виджета нет данных", false) == true): null

03-12-2024T02:45:49 - [MESSAGE][PASSED] - Text 'У виджета нет данных' is not present on page

03-12-2024T02:45:49 - [TEST_STEP][PASSED] - if (verifyTextNotPresent("У виджета нет данных", false) == true): Text 'У виджета нет данных' is not present on page

03-12-2024T02:45:49 - [MESSAGE][PASSED] - Text 'У виджета нет данных' is not present on page

03-12-2024T02:45:49 - [TEST_STEP][PASSED] - click(findTestObject("Выручка по ДЗО/Фильтр Выручка")): Object: 'Object Repository/Выручка по ДЗО/Фильтр Выручка' is clicked on

03-12-2024T02:45:50 - [MESSAGE][PASSED] - Object: 'Object Repository/Выручка по ДЗО/Фильтр Выручка' is clicked on

03-12-2024T02:45:50 - [TEST_STEP][PASSED] - click(findTestObject("Выручка по ДЗО/Снять выделение в фильтре Выручка")): Object: 'Object Repository/Выручка по ДЗО/Снять выделение в фильтре Выручка' is clicked on

03-12-2024T02:45:50 - [MESSAGE][PASSED] - Object: 'Object Repository/Выручка по ДЗО/Снять выделение в фильтре Выручка' is clicked on

03-12-2024T02:45:50 - [TEST_STEP][PASSED] - click(findTestObject("Выручка по ДЗО/Применить в фильтре Выручка")): Object: 'Object Repository/Выручка по ДЗО/Применить в фильтре Выручка' is clicked on

03-12-2024T02:45:51 - [MESSAGE][PASSED] - Object: 'Object Repository/Выручка по ДЗО/Применить в фильтре Выручка' is clicked on

03-12-2024T02:45:51 - [TEST_STEP][PASSED] - click(findTestObject("Выручка по ДЗО/Фильтр ДЗО")): Object: 'Object Repository/Выручка по ДЗО/Фильтр ДЗО' is clicked on

03-12-2024T02:45:52 - [MESSAGE][PASSED] - Object: 'Object Repository/Выручка по ДЗО/Фильтр ДЗО' is clicked on

03-12-2024T02:45:52 - [TEST_STEP][PASSED] - click(findTestObject("Выручка по ДЗО/Снять выделение в фильтре ДЗО")): Object: 'Object Repository/Выручка по ДЗО/Снять выделение в фильтре ДЗО' is clicked on

03-12-2024T02:45:53 - [MESSAGE][PASSED] - Object: 'Object Repository/Выручка по ДЗО/Снять выделение в фильтре ДЗО' is clicked on

03-12-2024T02:45:53 - [TEST_STEP][PASSED] - scrollToElement(findTestObject("Общие объекты/Чувашэнерго"), 30): Scroll to object 'Object Repository/Общие объекты/Чувашэнерго' successfully

03-12-2024T02:45:53 - [MESSAGE][PASSED] - Scroll to object 'Object Repository/Общие объекты/Чувашэнерго' successfully

03-12-2024T02:45:53 - [TEST_STEP][PASSED] - click(findTestObject("Общие объекты/Чувашэнерго")): Object: 'Object Repository/Общие объекты/Чувашэнерго' is clicked on

03-12-2024T02:45:54 - [MESSAGE][PASSED] - Object: 'Object Repository/Общие объекты/Чувашэнерго' is clicked on

03-12-2024T02:45:54 - [TEST_STEP][PASSED] - Script1687405711779.Change(todaysDate): null

03-12-2024T02:45:54 - [TEST_STEP][PASSED] - scrollToElement(findTestObject("Выручка по ДЗО/Заголовок дашборда"), 30): Scroll to object 'Object Repository/Выручка по ДЗО/Заголовок дашборда' successfully

03-12-2024T02:45:54 - [MESSAGE][PASSED] - Scroll to object 'Object Repository/Выручка по ДЗО/Заголовок дашборда' successfully

03-12-2024T02:45:54 - [TEST_STEP][PASSED] - click(findTestObject("Выручка по ДЗО/Применить в фильтре ДЗО")): Object: 'Object Repository/Выручка по ДЗО/Применить в фильтре ДЗО' is clicked on

03-12-2024T02:45:55 - [MESSAGE][PASSED] - Object: 'Object Repository/Выручка по ДЗО/Применить в фильтре ДЗО' is clicked on

03-12-2024T02:45:55 - [TEST_STEP][PASSED] - Script1687405711779.Tumbler(todaysDate): null

03-12-2024T02:45:55 - [TEST_STEP][PASSED] - Script1687405711779.Test(todaysDate): null

03-12-2024T02:45:55 - [TEST_STEP][PASSED] - if (verifyTextNotPresent("нет данных", false) == true): null

03-12-2024T02:45:57 - [MESSAGE][PASSED] - Text 'нет данных' is not present on page

03-12-2024T02:45:57 - [TEST_STEP][PASSED] - if (verifyTextNotPresent("Ошибка запроса данных", false) == true): null

03-12-2024T02:45:59 - [MESSAGE][PASSED] - Text 'Ошибка запроса данных' is not present on page

03-12-2024T02:45:59 - [TEST_STEP][PASSED] - if (verifyTextNotPresent("Произошла ошибка при выполнении пользовательского кода", false) == true): null

03-12-2024T02:46:00 - [MESSAGE][PASSED] - Text 'Произошла ошибка при выполнении пользовательского кода' is not present on page

03-12-2024T02:46:00 - [TEST_STEP][PASSED] - if (verifyTextNotPresent("У виджета нет данных", false) == true): null

03-12-2024T02:46:00 - [MESSAGE][PASSED] - Text 'У виджета нет данных' is not present on page

03-12-2024T02:46:00 - [TEST_STEP][PASSED] - if (verifyTextNotPresent("У виджета нет данных", false) == true): Text 'У виджета нет данных' is not present on page

03-12-2024T02:46:01 - [MESSAGE][PASSED] - Text 'У виджета нет данных' is not present on page

03-12-2024T02:46:01 - [TEST_STEP][PASSED] - click(findTestObject("Выручка по ДЗО/Фильтр Выручка")): Object: 'Object Repository/Выручка по ДЗО/Фильтр Выручка' is clicked on

03-12-2024T02:46:01 - [MESSAGE][PASSED] - Object: 'Object Repository/Выручка по ДЗО/Фильтр Выручка' is clicked on

03-12-2024T02:46:01 - [TEST_STEP][PASSED] - click(findTestObject("Выручка по ДЗО/Внутренний оборот в фильтре Выручка")): Object: 'Object Repository/Выручка по ДЗО/Внутренний оборот в фильтре Выручка' is clicked on

03-12-2024T02:46:02 - [MESSAGE][PASSED] - Object: 'Object Repository/Выручка по ДЗО/Внутренний оборот в фильтре Выручка' is clicked on

03-12-2024T02:46:02 - [TEST_STEP][PASSED] - click(findTestObject("Выручка по ДЗО/Применить в фильтре Выручка")): Object: 'Object Repository/Выручка по ДЗО/Применить в фильтре Выручка' is clicked on

03-12-2024T02:46:02 - [MESSAGE][PASSED] - Object: 'Object Repository/Выручка по ДЗО/Применить в фильтре Выручка' is clicked on

03-12-2024T02:46:02 - [TEST_STEP][PASSED] - Script1687405711779.Test(todaysDate): null

03-12-2024T02:46:02 - [TEST_STEP][FAILED] - if (verifyTextNotPresent("нет данных", false) == true): Text 'нет данных' is present on page  (Root cause: com.kms.katalon.core.exception.StepFailedException: Text 'нет данных' is present on page 
	at com.kms.katalon.core.webui.keyword.internal.WebUIKeywordMain.stepFailed(WebUIKeywordMain.groovy:64)
	at com.kms.katalon.core.webui.keyword.builtin.VerifyTextNotPresentKeyword$_verifyTextNotPresent_closure1.doCall(VerifyTextNotPresentKeyword.groovy:77)
	at com.kms.katalon.core.webui.keyword.builtin.VerifyTextNotPresentKeyword$_verifyTextNotPresent_closure1.call(VerifyTextNotPresentKeyword.groovy)
	at com.kms.katalon.core.webui.keyword.internal.WebUIKeywordMain.runKeyword(WebUIKeywordMain.groovy:20)
	at com.kms.katalon.core.webui.keyword.builtin.VerifyTextNotPresentKeyword.verifyTextNotPresent(VerifyTextNotPresentKeyword.groovy:82)
	at com.kms.katalon.core.webui.keyword.builtin.VerifyTextNotPresentKeyword.execute(VerifyTextNotPresentKeyword.groovy:68)
	at com.kms.katalon.core.keyword.internal.KeywordExecutor.executeKeywordForPlatform(KeywordExecutor.groovy:74)
	at com.kms.katalon.core.webui.keyword.WebUiBuiltInKeywords.verifyTextNotPresent(WebUiBuiltInKeywords.groovy:1795)
	at Выручка по ДЗО отображение данных все филиалы.Test(Выручка по ДЗО отображение данных все филиалы:782)
	at Выручка по ДЗО отображение данных все филиалы.Tumbler(Выручка по ДЗО отображение данных все филиалы:738)
	at Выручка по ДЗО отображение данных все филиалы.Change(Выручка по ДЗО отображение данных все филиалы:772)
	at Выручка по ДЗО отображение данных все филиалы.DzoTest(Выручка по ДЗО отображение данных все филиалы:224)
	at Выручка по ДЗО отображение данных все филиалы.run(Выручка по ДЗО отображение данных все филиалы:134)
	at com.kms.katalon.core.main.ScriptEngine.run(ScriptEngine.java:194)
	at com.kms.katalon.core.main.ScriptEngine.runScriptAsRawText(ScriptEngine.java:119)
	at com.kms.katalon.core.main.TestCaseExecutor.runScript(TestCaseExecutor.java:448)
	at com.kms.katalon.core.main.TestCaseExecutor.doExecute(TestCaseExecutor.java:439)
	at com.kms.katalon.core.main.TestCaseExecutor.processExecutionPhase(TestCaseExecutor.java:418)
	at com.kms.katalon.core.main.TestCaseExecutor.accessMainPhase(TestCaseExecutor.java:410)
	at com.kms.katalon.core.main.TestCaseExecutor.execute(TestCaseExecutor.java:285)
	at com.kms.katalon.core.common.CommonExecutor.accessTestCaseMainPhase(CommonExecutor.java:65)
	at com.kms.katalon.core.main.TestSuiteExecutor.accessTestSuiteMainPhase(TestSuiteExecutor.java:150)
	at com.kms.katalon.core.main.TestSuiteExecutor.execute(TestSuiteExecutor.java:106)
	at com.kms.katalon.core.main.TestCaseMain.startTestSuite(TestCaseMain.java:180)
	at TempTestSuite1733182698305.run(TempTestSuite1733182698305.groovy:35)
	at java.base/jdk.internal.reflect.NativeMethodAccessorImpl.invoke0(Native Method)
	at java.base/jdk.internal.reflect.NativeMethodAccessorImpl.invoke(NativeMethodAccessorImpl.java:77)
	at java.base/jdk.internal.reflect.DelegatingMethodAccessorImpl.invoke(DelegatingMethodAccessorImpl.java:43)
)

03-12-2024T02:46:04 - [MESSAGE][FAILED] - Text 'нет данных' is present on page  (Root cause: com.kms.katalon.core.exception.StepFailedException: Text 'нет данных' is present on page 
	at com.kms.katalon.core.webui.keyword.internal.WebUIKeywordMain.stepFailed(WebUIKeywordMain.groovy:64)
	at com.kms.katalon.core.webui.keyword.builtin.VerifyTextNotPresentKeyword$_verifyTextNotPresent_closure1.doCall(VerifyTextNotPresentKeyword.groovy:77)
	at com.kms.katalon.core.webui.keyword.builtin.VerifyTextNotPresentKeyword$_verifyTextNotPresent_closure1.call(VerifyTextNotPresentKeyword.groovy)
	at com.kms.katalon.core.webui.keyword.internal.WebUIKeywordMain.runKeyword(WebUIKeywordMain.groovy:20)
	at com.kms.katalon.core.webui.keyword.builtin.VerifyTextNotPresentKeyword.verifyTextNotPresent(VerifyTextNotPresentKeyword.groovy:82)
	at com.kms.katalon.core.webui.keyword.builtin.VerifyTextNotPresentKeyword.execute(VerifyTextNotPresentKeyword.groovy:68)
	at com.kms.katalon.core.keyword.internal.KeywordExecutor.executeKeywordForPlatform(KeywordExecutor.groovy:74)
	at com.kms.katalon.core.webui.keyword.WebUiBuiltInKeywords.verifyTextNotPresent(WebUiBuiltInKeywords.groovy:1795)
	at Выручка по ДЗО отображение данных все филиалы.Test(Выручка по ДЗО отображение данных все филиалы:782)
	at Выручка по ДЗО отображение данных все филиалы.Tumbler(Выручка по ДЗО отображение данных все филиалы:738)
	at Выручка по ДЗО отображение данных все филиалы.Change(Выручка по ДЗО отображение данных все филиалы:772)
	at Выручка по ДЗО отображение данных все филиалы.DzoTest(Выручка по ДЗО отображение данных все филиалы:224)
	at Выручка по ДЗО отображение данных все филиалы.run(Выручка по ДЗО отображение данных все филиалы:134)
	at com.kms.katalon.core.main.ScriptEngine.run(ScriptEngine.java:194)
	at com.kms.katalon.core.main.ScriptEngine.runScriptAsRawText(ScriptEngine.java:119)
	at com.kms.katalon.core.main.TestCaseExecutor.runScript(TestCaseExecutor.java:448)
	at com.kms.katalon.core.main.TestCaseExecutor.doExecute(TestCaseExecutor.java:439)
	at com.kms.katalon.core.main.TestCaseExecutor.processExecutionPhase(TestCaseExecutor.java:418)
	at com.kms.katalon.core.main.TestCaseExecutor.accessMainPhase(TestCaseExecutor.java:410)
	at com.kms.katalon.core.main.TestCaseExecutor.execute(TestCaseExecutor.java:285)
	at com.kms.katalon.core.common.CommonExecutor.accessTestCaseMainPhase(CommonExecutor.java:65)
	at com.kms.katalon.core.main.TestSuiteExecutor.accessTestSuiteMainPhase(TestSuiteExecutor.java:150)
	at com.kms.katalon.core.main.TestSuiteExecutor.execute(TestSuiteExecutor.java:106)
	at com.kms.katalon.core.main.TestCaseMain.startTestSuite(TestCaseMain.java:180)
	at TempTestSuite1733182698305.run(TempTestSuite1733182698305.groovy:35)
	at java.base/jdk.internal.reflect.NativeMethodAccessorImpl.invoke0(Native Method)
	at java.base/jdk.internal.reflect.NativeMethodAccessorImpl.invoke(NativeMethodAccessorImpl.java:77)
	at java.base/jdk.internal.reflect.DelegatingMethodAccessorImpl.invoke(DelegatingMethodAccessorImpl.java:43)
)

03-12-2024T02:46:04 - [TEST_STEP][PASSED] - else: null

03-12-2024T02:46:04 - [TEST_STEP][PASSED] - Script1687405711779.WriteToExcel(todaysDate): null

03-12-2024T02:46:04 - [TEST_STEP][PASSED] - sheetName = "Sheet1": null

03-12-2024T02:46:04 - [TEST_STEP][PASSED] - data = findTestData("PlanFact"): null

03-12-2024T02:46:04 - [TEST_STEP][PASSED] - n = data.getRowNumbers() + 1: null

03-12-2024T02:46:04 - [TEST_STEP][PASSED] - dZO = getText(findTestObject("Выручка по ДЗО/Фильтр ДЗО")): Text of object 'Object Repository/Выручка по ДЗО/Фильтр ДЗО' is: 'ПАО Россети - РаспредКомплекс - Россети Волга - Чувашэнерго'

03-12-2024T02:46:04 - [MESSAGE][PASSED] - Text of object 'Object Repository/Выручка по ДЗО/Фильтр ДЗО' is: 'ПАО Россети - РаспредКомплекс - Россети Волга - Чувашэнерго'

03-12-2024T02:46:04 - [TEST_STEP][PASSED] - period = getText(findTestObject("Выручка по ДЗО/Фильтр Дата")): Text of object 'Object Repository/Выручка по ДЗО/Фильтр Дата' is: '1, 2, 3 кв., Октябрь 2024 года'

03-12-2024T02:46:05 - [MESSAGE][PASSED] - Text of object 'Object Repository/Выручка по ДЗО/Фильтр Дата' is: '1, 2, 3 кв., Октябрь 2024 года'

03-12-2024T02:46:05 - [TEST_STEP][PASSED] - viruchka = getText(findTestObject("Выручка по ДЗО/Фильтр Выручка")): Text of object 'Object Repository/Выручка по ДЗО/Фильтр Выручка' is: 'внутренний оборот'

03-12-2024T02:46:05 - [MESSAGE][PASSED] - Text of object 'Object Repository/Выручка по ДЗО/Фильтр Выручка' is: 'внутренний оборот'

03-12-2024T02:46:05 - [TEST_STEP][PASSED] - if (viruchka == "Выбрано: 2"): null

03-12-2024T02:46:05 - [TEST_STEP][PASSED] - if (viruchka == "Все"): null

03-12-2024T02:46:05 - [TEST_STEP][PASSED] - println(period): null

03-12-2024T02:46:05 - [TEST_STEP][PASSED] - dashboardName = "Выручка по ДЗО": null

03-12-2024T02:46:05 - [TEST_STEP][PASSED] - workbook01 = getWorkbook(excelFilePath): null

03-12-2024T02:46:05 - [TEST_STEP][PASSED] - sheet01 = getExcelSheet(workbook01, sheetName): null

03-12-2024T02:46:05 - [TEST_STEP][PASSED] - setValueToCellByIndex(sheet01, n, 0, dashboardName): null

03-12-2024T02:46:05 - [TEST_STEP][PASSED] - setValueToCellByIndex(sheet01, n, 1, dZO): null

03-12-2024T02:46:05 - [TEST_STEP][PASSED] - setValueToCellByIndex(sheet01, n, 2, period): null

03-12-2024T02:46:05 - [TEST_STEP][PASSED] - setValueToCellByIndex(sheet01, n, 3, viruchka): null

03-12-2024T02:46:05 - [TEST_STEP][PASSED] - setValueToCellByIndex(sheet01, n, 4, todaysDate): null

03-12-2024T02:46:05 - [TEST_STEP][PASSED] - n = n + 1: null

03-12-2024T02:46:05 - [TEST_STEP][PASSED] - saveWorkbook(excelFilePath, workbook01): null

03-12-2024T02:46:05 - [TEST_STEP][PASSED] - click(findTestObject("Выручка по ДЗО/Фильтр Выручка")): Object: 'Object Repository/Выручка по ДЗО/Фильтр Выручка' is clicked on

03-12-2024T02:46:06 - [MESSAGE][PASSED] - Object: 'Object Repository/Выручка по ДЗО/Фильтр Выручка' is clicked on

03-12-2024T02:46:06 - [TEST_STEP][PASSED] - click(findTestObject("Выручка по ДЗО/По передаче в фильтре Выручка")): Object: 'Object Repository/Выручка по ДЗО/По передаче в фильтре Выручка' is clicked on

03-12-2024T02:46:06 - [MESSAGE][PASSED] - Object: 'Object Repository/Выручка по ДЗО/По передаче в фильтре Выручка' is clicked on

03-12-2024T02:46:06 - [TEST_STEP][PASSED] - click(findTestObject("Выручка по ДЗО/Применить в фильтре Выручка")): Object: 'Object Repository/Выручка по ДЗО/Применить в фильтре Выручка' is clicked on

03-12-2024T02:46:07 - [MESSAGE][PASSED] - Object: 'Object Repository/Выручка по ДЗО/Применить в фильтре Выручка' is clicked on

03-12-2024T02:46:07 - [TEST_STEP][PASSED] - Script1687405711779.Test(todaysDate): null

03-12-2024T02:46:07 - [TEST_STEP][PASSED] - if (verifyTextNotPresent("нет данных", false) == true): null

03-12-2024T02:46:09 - [MESSAGE][PASSED] - Text 'нет данных' is not present on page

03-12-2024T02:46:09 - [TEST_STEP][PASSED] - if (verifyTextNotPresent("Ошибка запроса данных", false) == true): null

03-12-2024T02:46:10 - [MESSAGE][PASSED] - Text 'Ошибка запроса данных' is not present on page

03-12-2024T02:46:10 - [TEST_STEP][PASSED] - if (verifyTextNotPresent("Произошла ошибка при выполнении пользовательского кода", false) == true): null

03-12-2024T02:46:10 - [MESSAGE][PASSED] - Text 'Произошла ошибка при выполнении пользовательского кода' is not present on page

03-12-2024T02:46:10 - [TEST_STEP][PASSED] - if (verifyTextNotPresent("У виджета нет данных", false) == true): null

03-12-2024T02:46:11 - [MESSAGE][PASSED] - Text 'У виджета нет данных' is not present on page

03-12-2024T02:46:11 - [TEST_STEP][PASSED] - if (verifyTextNotPresent("У виджета нет данных", false) == true): Text 'У виджета нет данных' is not present on page

03-12-2024T02:46:11 - [MESSAGE][PASSED] - Text 'У виджета нет данных' is not present on page

03-12-2024T02:46:11 - [TEST_STEP][PASSED] - click(findTestObject("Выручка по ДЗО/Фильтр Выручка")): Object: 'Object Repository/Выручка по ДЗО/Фильтр Выручка' is clicked on

03-12-2024T02:46:12 - [MESSAGE][PASSED] - Object: 'Object Repository/Выручка по ДЗО/Фильтр Выручка' is clicked on

03-12-2024T02:46:12 - [TEST_STEP][PASSED] - click(findTestObject("Выручка по ДЗО/Снять выделение в фильтре Выручка")): Object: 'Object Repository/Выручка по ДЗО/Снять выделение в фильтре Выручка' is clicked on

03-12-2024T02:46:12 - [MESSAGE][PASSED] - Object: 'Object Repository/Выручка по ДЗО/Снять выделение в фильтре Выручка' is clicked on

03-12-2024T02:46:12 - [TEST_STEP][PASSED] - click(findTestObject("Выручка по ДЗО/По передаче в фильтре Выручка")): Object: 'Object Repository/Выручка по ДЗО/По передаче в фильтре Выручка' is clicked on

03-12-2024T02:46:12 - [MESSAGE][PASSED] - Object: 'Object Repository/Выручка по ДЗО/По передаче в фильтре Выручка' is clicked on

03-12-2024T02:46:12 - [TEST_STEP][PASSED] - click(findTestObject("Выручка по ДЗО/Применить в фильтре Выручка")): Object: 'Object Repository/Выручка по ДЗО/Применить в фильтре Выручка' is clicked on

03-12-2024T02:46:13 - [MESSAGE][PASSED] - Object: 'Object Repository/Выручка по ДЗО/Применить в фильтре Выручка' is clicked on

03-12-2024T02:46:13 - [TEST_STEP][PASSED] - Script1687405711779.Test(todaysDate): null

03-12-2024T02:46:13 - [TEST_STEP][PASSED] - if (verifyTextNotPresent("нет данных", false) == true): null

03-12-2024T02:46:15 - [MESSAGE][PASSED] - Text 'нет данных' is not present on page

03-12-2024T02:46:15 - [TEST_STEP][PASSED] - if (verifyTextNotPresent("Ошибка запроса данных", false) == true): null

03-12-2024T02:46:16 - [MESSAGE][PASSED] - Text 'Ошибка запроса данных' is not present on page

03-12-2024T02:46:16 - [TEST_STEP][PASSED] - if (verifyTextNotPresent("Произошла ошибка при выполнении пользовательского кода", false) == true): null

03-12-2024T02:46:16 - [MESSAGE][PASSED] - Text 'Произошла ошибка при выполнении пользовательского кода' is not present on page

03-12-2024T02:46:16 - [TEST_STEP][PASSED] - if (verifyTextNotPresent("У виджета нет данных", false) == true): null

03-12-2024T02:46:16 - [MESSAGE][PASSED] - Text 'У виджета нет данных' is not present on page

03-12-2024T02:46:16 - [TEST_STEP][PASSED] - if (verifyTextNotPresent("У виджета нет данных", false) == true): Text 'У виджета нет данных' is not present on page

03-12-2024T02:46:17 - [MESSAGE][PASSED] - Text 'У виджета нет данных' is not present on page

03-12-2024T02:46:17 - [TEST_STEP][PASSED] - click(findTestObject("Выручка по ДЗО/Фильтр Выручка")): Object: 'Object Repository/Выручка по ДЗО/Фильтр Выручка' is clicked on

03-12-2024T02:46:17 - [MESSAGE][PASSED] - Object: 'Object Repository/Выручка по ДЗО/Фильтр Выручка' is clicked on

03-12-2024T02:46:17 - [TEST_STEP][PASSED] - click(findTestObject("Выручка по ДЗО/Снять выделение в фильтре Выручка")): Object: 'Object Repository/Выручка по ДЗО/Снять выделение в фильтре Выручка' is clicked on

03-12-2024T02:46:18 - [MESSAGE][PASSED] - Object: 'Object Repository/Выручка по ДЗО/Снять выделение в фильтре Выручка' is clicked on

03-12-2024T02:46:18 - [TEST_STEP][PASSED] - click(findTestObject("Выручка по ДЗО/Применить в фильтре Выручка")): Object: 'Object Repository/Выручка по ДЗО/Применить в фильтре Выручка' is clicked on

03-12-2024T02:46:18 - [MESSAGE][PASSED] - Object: 'Object Repository/Выручка по ДЗО/Применить в фильтре Выручка' is clicked on

03-12-2024T02:46:18 - [TEST_STEP][PASSED] - click(findTestObject("Выручка по ДЗО/Фильтр ДЗО")): Object: 'Object Repository/Выручка по ДЗО/Фильтр ДЗО' is clicked on

03-12-2024T02:46:20 - [MESSAGE][PASSED] - Object: 'Object Repository/Выручка по ДЗО/Фильтр ДЗО' is clicked on

03-12-2024T02:46:20 - [TEST_STEP][PASSED] - click(findTestObject("Выручка по ДЗО/Снять выделение в фильтре ДЗО")): Object: 'Object Repository/Выручка по ДЗО/Снять выделение в фильтре ДЗО' is clicked on

03-12-2024T02:46:20 - [MESSAGE][PASSED] - Object: 'Object Repository/Выручка по ДЗО/Снять выделение в фильтре ДЗО' is clicked on

03-12-2024T02:46:20 - [TEST_STEP][PASSED] - scrollToElement(findTestObject("Выручка по ДЗО/Россети Кубань Выручка по ДЗО"), 30): Scroll to object 'Object Repository/Выручка по ДЗО/Россети Кубань Выручка по ДЗО' successfully

03-12-2024T02:46:20 - [MESSAGE][PASSED] - Scroll to object 'Object Repository/Выручка по ДЗО/Россети Кубань Выручка по ДЗО' successfully

03-12-2024T02:46:20 - [TEST_STEP][PASSED] - click(findTestObject("Выручка по ДЗО/Россети Кубань Выручка по ДЗО")): Object: 'Object Repository/Выручка по ДЗО/Россети Кубань Выручка по ДЗО' is clicked on

03-12-2024T02:46:21 - [MESSAGE][PASSED] - Object: 'Object Repository/Выручка по ДЗО/Россети Кубань Выручка по ДЗО' is clicked on

03-12-2024T02:46:21 - [TEST_STEP][PASSED] - scrollToElement(findTestObject("Выручка по ДЗО/Фильтр ДЗО"), 30): Scroll to object 'Object Repository/Выручка по ДЗО/Фильтр ДЗО' successfully

03-12-2024T02:46:21 - [MESSAGE][PASSED] - Scroll to object 'Object Repository/Выручка по ДЗО/Фильтр ДЗО' successfully

03-12-2024T02:46:21 - [TEST_STEP][PASSED] - Script1687405711779.Change(todaysDate): null

03-12-2024T02:46:21 - [TEST_STEP][PASSED] - scrollToElement(findTestObject("Выручка по ДЗО/Заголовок дашборда"), 30): Scroll to object 'Object Repository/Выручка по ДЗО/Заголовок дашборда' successfully

03-12-2024T02:46:22 - [MESSAGE][PASSED] - Scroll to object 'Object Repository/Выручка по ДЗО/Заголовок дашборда' successfully

03-12-2024T02:46:22 - [TEST_STEP][PASSED] - click(findTestObject("Выручка по ДЗО/Применить в фильтре ДЗО")): Object: 'Object Repository/Выручка по ДЗО/Применить в фильтре ДЗО' is clicked on

03-12-2024T02:46:22 - [MESSAGE][PASSED] - Object: 'Object Repository/Выручка по ДЗО/Применить в фильтре ДЗО' is clicked on

03-12-2024T02:46:22 - [TEST_STEP][PASSED] - Script1687405711779.Tumbler(todaysDate): null

03-12-2024T02:46:22 - [TEST_STEP][PASSED] - Script1687405711779.Test(todaysDate): null

03-12-2024T02:46:22 - [TEST_STEP][PASSED] - if (verifyTextNotPresent("нет данных", false) == true): null

03-12-2024T02:46:24 - [MESSAGE][PASSED] - Text 'нет данных' is not present on page

03-12-2024T02:46:24 - [TEST_STEP][PASSED] - if (verifyTextNotPresent("Ошибка запроса данных", false) == true): null

03-12-2024T02:46:26 - [MESSAGE][PASSED] - Text 'Ошибка запроса данных' is not present on page

03-12-2024T02:46:26 - [TEST_STEP][PASSED] - if (verifyTextNotPresent("Произошла ошибка при выполнении пользовательского кода", false) == true): null

03-12-2024T02:46:26 - [MESSAGE][PASSED] - Text 'Произошла ошибка при выполнении пользовательского кода' is not present on page

03-12-2024T02:46:26 - [TEST_STEP][PASSED] - if (verifyTextNotPresent("У виджета нет данных", false) == true): null

03-12-2024T02:46:27 - [MESSAGE][PASSED] - Text 'У виджета нет данных' is not present on page

03-12-2024T02:46:27 - [TEST_STEP][PASSED] - if (verifyTextNotPresent("У виджета нет данных", false) == true): Text 'У виджета нет данных' is not present on page

03-12-2024T02:46:27 - [MESSAGE][PASSED] - Text 'У виджета нет данных' is not present on page

03-12-2024T02:46:27 - [TEST_STEP][PASSED] - click(findTestObject("Выручка по ДЗО/Фильтр Выручка")): Object: 'Object Repository/Выручка по ДЗО/Фильтр Выручка' is clicked on

03-12-2024T02:46:27 - [MESSAGE][PASSED] - Object: 'Object Repository/Выручка по ДЗО/Фильтр Выручка' is clicked on

03-12-2024T02:46:27 - [TEST_STEP][PASSED] - click(findTestObject("Выручка по ДЗО/Внутренний оборот в фильтре Выручка")): Object: 'Object Repository/Выручка по ДЗО/Внутренний оборот в фильтре Выручка' is clicked on

03-12-2024T02:46:28 - [MESSAGE][PASSED] - Object: 'Object Repository/Выручка по ДЗО/Внутренний оборот в фильтре Выручка' is clicked on

03-12-2024T02:46:28 - [TEST_STEP][PASSED] - click(findTestObject("Выручка по ДЗО/Применить в фильтре Выручка")): Object: 'Object Repository/Выручка по ДЗО/Применить в фильтре Выручка' is clicked on

03-12-2024T02:46:29 - [MESSAGE][PASSED] - Object: 'Object Repository/Выручка по ДЗО/Применить в фильтре Выручка' is clicked on

03-12-2024T02:46:29 - [TEST_STEP][PASSED] - Script1687405711779.Test(todaysDate): null

03-12-2024T02:46:29 - [TEST_STEP][FAILED] - if (verifyTextNotPresent("нет данных", false) == true): Text 'нет данных' is present on page  (Root cause: com.kms.katalon.core.exception.StepFailedException: Text 'нет данных' is present on page 
	at com.kms.katalon.core.webui.keyword.internal.WebUIKeywordMain.stepFailed(WebUIKeywordMain.groovy:64)
	at com.kms.katalon.core.webui.keyword.builtin.VerifyTextNotPresentKeyword$_verifyTextNotPresent_closure1.doCall(VerifyTextNotPresentKeyword.groovy:77)
	at com.kms.katalon.core.webui.keyword.builtin.VerifyTextNotPresentKeyword$_verifyTextNotPresent_closure1.call(VerifyTextNotPresentKeyword.groovy)
	at com.kms.katalon.core.webui.keyword.internal.WebUIKeywordMain.runKeyword(WebUIKeywordMain.groovy:20)
	at com.kms.katalon.core.webui.keyword.builtin.VerifyTextNotPresentKeyword.verifyTextNotPresent(VerifyTextNotPresentKeyword.groovy:82)
	at com.kms.katalon.core.webui.keyword.builtin.VerifyTextNotPresentKeyword.execute(VerifyTextNotPresentKeyword.groovy:68)
	at com.kms.katalon.core.keyword.internal.KeywordExecutor.executeKeywordForPlatform(KeywordExecutor.groovy:74)
	at com.kms.katalon.core.webui.keyword.WebUiBuiltInKeywords.verifyTextNotPresent(WebUiBuiltInKeywords.groovy:1795)
	at Выручка по ДЗО отображение данных все филиалы.Test(Выручка по ДЗО отображение данных все филиалы:782)
	at Выручка по ДЗО отображение данных все филиалы.Tumbler(Выручка по ДЗО отображение данных все филиалы:738)
	at Выручка по ДЗО отображение данных все филиалы.Change(Выручка по ДЗО отображение данных все филиалы:772)
	at Выручка по ДЗО отображение данных все филиалы.DzoTest(Выручка по ДЗО отображение данных все филиалы:232)
	at Выручка по ДЗО отображение данных все филиалы.run(Выручка по ДЗО отображение данных все филиалы:134)
	at com.kms.katalon.core.main.ScriptEngine.run(ScriptEngine.java:194)
	at com.kms.katalon.core.main.ScriptEngine.runScriptAsRawText(ScriptEngine.java:119)
	at com.kms.katalon.core.main.TestCaseExecutor.runScript(TestCaseExecutor.java:448)
	at com.kms.katalon.core.main.TestCaseExecutor.doExecute(TestCaseExecutor.java:439)
	at com.kms.katalon.core.main.TestCaseExecutor.processExecutionPhase(TestCaseExecutor.java:418)
	at com.kms.katalon.core.main.TestCaseExecutor.accessMainPhase(TestCaseExecutor.java:410)
	at com.kms.katalon.core.main.TestCaseExecutor.execute(TestCaseExecutor.java:285)
	at com.kms.katalon.core.common.CommonExecutor.accessTestCaseMainPhase(CommonExecutor.java:65)
	at com.kms.katalon.core.main.TestSuiteExecutor.accessTestSuiteMainPhase(TestSuiteExecutor.java:150)
	at com.kms.katalon.core.main.TestSuiteExecutor.execute(TestSuiteExecutor.java:106)
	at com.kms.katalon.core.main.TestCaseMain.startTestSuite(TestCaseMain.java:180)
	at TempTestSuite1733182698305.run(TempTestSuite1733182698305.groovy:35)
	at java.base/jdk.internal.reflect.NativeMethodAccessorImpl.invoke0(Native Method)
	at java.base/jdk.internal.reflect.NativeMethodAccessorImpl.invoke(NativeMethodAccessorImpl.java:77)
	at java.base/jdk.internal.reflect.DelegatingMethodAccessorImpl.invoke(DelegatingMethodAccessorImpl.java:43)
)

03-12-2024T02:46:31 - [MESSAGE][FAILED] - Text 'нет данных' is present on page  (Root cause: com.kms.katalon.core.exception.StepFailedException: Text 'нет данных' is present on page 
	at com.kms.katalon.core.webui.keyword.internal.WebUIKeywordMain.stepFailed(WebUIKeywordMain.groovy:64)
	at com.kms.katalon.core.webui.keyword.builtin.VerifyTextNotPresentKeyword$_verifyTextNotPresent_closure1.doCall(VerifyTextNotPresentKeyword.groovy:77)
	at com.kms.katalon.core.webui.keyword.builtin.VerifyTextNotPresentKeyword$_verifyTextNotPresent_closure1.call(VerifyTextNotPresentKeyword.groovy)
	at com.kms.katalon.core.webui.keyword.internal.WebUIKeywordMain.runKeyword(WebUIKeywordMain.groovy:20)
	at com.kms.katalon.core.webui.keyword.builtin.VerifyTextNotPresentKeyword.verifyTextNotPresent(VerifyTextNotPresentKeyword.groovy:82)
	at com.kms.katalon.core.webui.keyword.builtin.VerifyTextNotPresentKeyword.execute(VerifyTextNotPresentKeyword.groovy:68)
	at com.kms.katalon.core.keyword.internal.KeywordExecutor.executeKeywordForPlatform(KeywordExecutor.groovy:74)
	at com.kms.katalon.core.webui.keyword.WebUiBuiltInKeywords.verifyTextNotPresent(WebUiBuiltInKeywords.groovy:1795)
	at Выручка по ДЗО отображение данных все филиалы.Test(Выручка по ДЗО отображение данных все филиалы:782)
	at Выручка по ДЗО отображение данных все филиалы.Tumbler(Выручка по ДЗО отображение данных все филиалы:738)
	at Выручка по ДЗО отображение данных все филиалы.Change(Выручка по ДЗО отображение данных все филиалы:772)
	at Выручка по ДЗО отображение данных все филиалы.DzoTest(Выручка по ДЗО отображение данных все филиалы:232)
	at Выручка по ДЗО отображение данных все филиалы.run(Выручка по ДЗО отображение данных все филиалы:134)
	at com.kms.katalon.core.main.ScriptEngine.run(ScriptEngine.java:194)
	at com.kms.katalon.core.main.ScriptEngine.runScriptAsRawText(ScriptEngine.java:119)
	at com.kms.katalon.core.main.TestCaseExecutor.runScript(TestCaseExecutor.java:448)
	at com.kms.katalon.core.main.TestCaseExecutor.doExecute(TestCaseExecutor.java:439)
	at com.kms.katalon.core.main.TestCaseExecutor.processExecutionPhase(TestCaseExecutor.java:418)
	at com.kms.katalon.core.main.TestCaseExecutor.accessMainPhase(TestCaseExecutor.java:410)
	at com.kms.katalon.core.main.TestCaseExecutor.execute(TestCaseExecutor.java:285)
	at com.kms.katalon.core.common.CommonExecutor.accessTestCaseMainPhase(CommonExecutor.java:65)
	at com.kms.katalon.core.main.TestSuiteExecutor.accessTestSuiteMainPhase(TestSuiteExecutor.java:150)
	at com.kms.katalon.core.main.TestSuiteExecutor.execute(TestSuiteExecutor.java:106)
	at com.kms.katalon.core.main.TestCaseMain.startTestSuite(TestCaseMain.java:180)
	at TempTestSuite1733182698305.run(TempTestSuite1733182698305.groovy:35)
	at java.base/jdk.internal.reflect.NativeMethodAccessorImpl.invoke0(Native Method)
	at java.base/jdk.internal.reflect.NativeMethodAccessorImpl.invoke(NativeMethodAccessorImpl.java:77)
	at java.base/jdk.internal.reflect.DelegatingMethodAccessorImpl.invoke(DelegatingMethodAccessorImpl.java:43)
)

03-12-2024T02:46:31 - [TEST_STEP][PASSED] - else: null

03-12-2024T02:46:31 - [TEST_STEP][PASSED] - Script1687405711779.WriteToExcel(todaysDate): null

03-12-2024T02:46:31 - [TEST_STEP][PASSED] - sheetName = "Sheet1": null

03-12-2024T02:46:31 - [TEST_STEP][PASSED] - data = findTestData("PlanFact"): null

03-12-2024T02:46:31 - [TEST_STEP][PASSED] - n = data.getRowNumbers() + 1: null

03-12-2024T02:46:31 - [TEST_STEP][PASSED] - dZO = getText(findTestObject("Выручка по ДЗО/Фильтр ДЗО")): Text of object 'Object Repository/Выручка по ДЗО/Фильтр ДЗО' is: 'ПАО Россети - РаспредКомплекс - Россети Кубань'

03-12-2024T02:46:31 - [MESSAGE][PASSED] - Text of object 'Object Repository/Выручка по ДЗО/Фильтр ДЗО' is: 'ПАО Россети - РаспредКомплекс - Россети Кубань'

03-12-2024T02:46:31 - [TEST_STEP][PASSED] - period = getText(findTestObject("Выручка по ДЗО/Фильтр Дата")): Text of object 'Object Repository/Выручка по ДЗО/Фильтр Дата' is: '1, 2, 3 кв., Октябрь 2024 года'

03-12-2024T02:46:31 - [MESSAGE][PASSED] - Text of object 'Object Repository/Выручка по ДЗО/Фильтр Дата' is: '1, 2, 3 кв., Октябрь 2024 года'

03-12-2024T02:46:31 - [TEST_STEP][PASSED] - viruchka = getText(findTestObject("Выручка по ДЗО/Фильтр Выручка")): Text of object 'Object Repository/Выручка по ДЗО/Фильтр Выручка' is: 'внутренний оборот'

03-12-2024T02:46:31 - [MESSAGE][PASSED] - Text of object 'Object Repository/Выручка по ДЗО/Фильтр Выручка' is: 'внутренний оборот'

03-12-2024T02:46:31 - [TEST_STEP][PASSED] - if (viruchka == "Выбрано: 2"): null

03-12-2024T02:46:31 - [TEST_STEP][PASSED] - if (viruchka == "Все"): null

03-12-2024T02:46:31 - [TEST_STEP][PASSED] - println(period): null

03-12-2024T02:46:31 - [TEST_STEP][PASSED] - dashboardName = "Выручка по ДЗО": null

03-12-2024T02:46:31 - [TEST_STEP][PASSED] - workbook01 = getWorkbook(excelFilePath): null

03-12-2024T02:46:32 - [TEST_STEP][PASSED] - sheet01 = getExcelSheet(workbook01, sheetName): null

03-12-2024T02:46:32 - [TEST_STEP][PASSED] - setValueToCellByIndex(sheet01, n, 0, dashboardName): null

03-12-2024T02:46:32 - [TEST_STEP][PASSED] - setValueToCellByIndex(sheet01, n, 1, dZO): null

03-12-2024T02:46:32 - [TEST_STEP][PASSED] - setValueToCellByIndex(sheet01, n, 2, period): null

03-12-2024T02:46:32 - [TEST_STEP][PASSED] - setValueToCellByIndex(sheet01, n, 3, viruchka): null

03-12-2024T02:46:32 - [TEST_STEP][PASSED] - setValueToCellByIndex(sheet01, n, 4, todaysDate): null

03-12-2024T02:46:32 - [TEST_STEP][PASSED] - n = n + 1: null

03-12-2024T02:46:32 - [TEST_STEP][PASSED] - saveWorkbook(excelFilePath, workbook01): null

03-12-2024T02:46:32 - [TEST_STEP][PASSED] - click(findTestObject("Выручка по ДЗО/Фильтр Выручка")): Object: 'Object Repository/Выручка по ДЗО/Фильтр Выручка' is clicked on

03-12-2024T02:46:32 - [MESSAGE][PASSED] - Object: 'Object Repository/Выручка по ДЗО/Фильтр Выручка' is clicked on

03-12-2024T02:46:32 - [TEST_STEP][PASSED] - click(findTestObject("Выручка по ДЗО/По передаче в фильтре Выручка")): Object: 'Object Repository/Выручка по ДЗО/По передаче в фильтре Выручка' is clicked on

03-12-2024T02:46:33 - [MESSAGE][PASSED] - Object: 'Object Repository/Выручка по ДЗО/По передаче в фильтре Выручка' is clicked on

03-12-2024T02:46:33 - [TEST_STEP][PASSED] - click(findTestObject("Выручка по ДЗО/Применить в фильтре Выручка")): Object: 'Object Repository/Выручка по ДЗО/Применить в фильтре Выручка' is clicked on

03-12-2024T02:46:33 - [MESSAGE][PASSED] - Object: 'Object Repository/Выручка по ДЗО/Применить в фильтре Выручка' is clicked on

03-12-2024T02:46:33 - [TEST_STEP][PASSED] - Script1687405711779.Test(todaysDate): null

03-12-2024T02:46:33 - [TEST_STEP][PASSED] - if (verifyTextNotPresent("нет данных", false) == true): null

03-12-2024T02:46:37 - [MESSAGE][PASSED] - Text 'нет данных' is not present on page

03-12-2024T02:46:37 - [TEST_STEP][PASSED] - if (verifyTextNotPresent("Ошибка запроса данных", false) == true): null

03-12-2024T02:46:38 - [MESSAGE][PASSED] - Text 'Ошибка запроса данных' is not present on page

03-12-2024T02:46:38 - [TEST_STEP][PASSED] - if (verifyTextNotPresent("Произошла ошибка при выполнении пользовательского кода", false) == true): null

03-12-2024T02:46:39 - [MESSAGE][PASSED] - Text 'Произошла ошибка при выполнении пользовательского кода' is not present on page

03-12-2024T02:46:39 - [TEST_STEP][PASSED] - if (verifyTextNotPresent("У виджета нет данных", false) == true): null

03-12-2024T02:46:39 - [MESSAGE][PASSED] - Text 'У виджета нет данных' is not present on page

03-12-2024T02:46:39 - [TEST_STEP][PASSED] - if (verifyTextNotPresent("У виджета нет данных", false) == true): Text 'У виджета нет данных' is not present on page

03-12-2024T02:46:40 - [MESSAGE][PASSED] - Text 'У виджета нет данных' is not present on page

03-12-2024T02:46:40 - [TEST_STEP][PASSED] - click(findTestObject("Выручка по ДЗО/Фильтр Выручка")): Object: 'Object Repository/Выручка по ДЗО/Фильтр Выручка' is clicked on

03-12-2024T02:46:40 - [MESSAGE][PASSED] - Object: 'Object Repository/Выручка по ДЗО/Фильтр Выручка' is clicked on

03-12-2024T02:46:40 - [TEST_STEP][PASSED] - click(findTestObject("Выручка по ДЗО/Снять выделение в фильтре Выручка")): Object: 'Object Repository/Выручка по ДЗО/Снять выделение в фильтре Выручка' is clicked on

03-12-2024T02:46:41 - [MESSAGE][PASSED] - Object: 'Object Repository/Выручка по ДЗО/Снять выделение в фильтре Выручка' is clicked on

03-12-2024T02:46:41 - [TEST_STEP][PASSED] - click(findTestObject("Выручка по ДЗО/По передаче в фильтре Выручка")): Object: 'Object Repository/Выручка по ДЗО/По передаче в фильтре Выручка' is clicked on

03-12-2024T02:46:41 - [MESSAGE][PASSED] - Object: 'Object Repository/Выручка по ДЗО/По передаче в фильтре Выручка' is clicked on

03-12-2024T02:46:41 - [TEST_STEP][PASSED] - click(findTestObject("Выручка по ДЗО/Применить в фильтре Выручка")): Object: 'Object Repository/Выручка по ДЗО/Применить в фильтре Выручка' is clicked on

03-12-2024T02:46:42 - [MESSAGE][PASSED] - Object: 'Object Repository/Выручка по ДЗО/Применить в фильтре Выручка' is clicked on

03-12-2024T02:46:42 - [TEST_STEP][PASSED] - Script1687405711779.Test(todaysDate): null

03-12-2024T02:46:42 - [TEST_STEP][PASSED] - if (verifyTextNotPresent("нет данных", false) == true): null

03-12-2024T02:46:44 - [MESSAGE][PASSED] - Text 'нет данных' is not present on page

03-12-2024T02:46:44 - [TEST_STEP][PASSED] - if (verifyTextNotPresent("Ошибка запроса данных", false) == true): null

03-12-2024T02:46:44 - [MESSAGE][PASSED] - Text 'Ошибка запроса данных' is not present on page

03-12-2024T02:46:44 - [TEST_STEP][PASSED] - if (verifyTextNotPresent("Произошла ошибка при выполнении пользовательского кода", false) == true): null

03-12-2024T02:46:44 - [MESSAGE][PASSED] - Text 'Произошла ошибка при выполнении пользовательского кода' is not present on page

03-12-2024T02:46:44 - [TEST_STEP][PASSED] - if (verifyTextNotPresent("У виджета нет данных", false) == true): null

03-12-2024T02:46:45 - [MESSAGE][PASSED] - Text 'У виджета нет данных' is not present on page

03-12-2024T02:46:45 - [TEST_STEP][PASSED] - if (verifyTextNotPresent("У виджета нет данных", false) == true): Text 'У виджета нет данных' is not present on page

03-12-2024T02:46:45 - [MESSAGE][PASSED] - Text 'У виджета нет данных' is not present on page

03-12-2024T02:46:45 - [TEST_STEP][PASSED] - click(findTestObject("Выручка по ДЗО/Фильтр Выручка")): Object: 'Object Repository/Выручка по ДЗО/Фильтр Выручка' is clicked on

03-12-2024T02:46:46 - [MESSAGE][PASSED] - Object: 'Object Repository/Выручка по ДЗО/Фильтр Выручка' is clicked on

03-12-2024T02:46:46 - [TEST_STEP][PASSED] - click(findTestObject("Выручка по ДЗО/Снять выделение в фильтре Выручка")): Object: 'Object Repository/Выручка по ДЗО/Снять выделение в фильтре Выручка' is clicked on

03-12-2024T02:46:46 - [MESSAGE][PASSED] - Object: 'Object Repository/Выручка по ДЗО/Снять выделение в фильтре Выручка' is clicked on

03-12-2024T02:46:46 - [TEST_STEP][PASSED] - click(findTestObject("Выручка по ДЗО/Применить в фильтре Выручка")): Object: 'Object Repository/Выручка по ДЗО/Применить в фильтре Выручка' is clicked on

03-12-2024T02:46:47 - [MESSAGE][PASSED] - Object: 'Object Repository/Выручка по ДЗО/Применить в фильтре Выручка' is clicked on

03-12-2024T02:46:47 - [TEST_STEP][PASSED] - click(findTestObject("Выручка по ДЗО/Фильтр ДЗО")): Object: 'Object Repository/Выручка по ДЗО/Фильтр ДЗО' is clicked on

03-12-2024T02:46:48 - [MESSAGE][PASSED] - Object: 'Object Repository/Выручка по ДЗО/Фильтр ДЗО' is clicked on

03-12-2024T02:46:48 - [TEST_STEP][PASSED] - click(findTestObject("Выручка по ДЗО/Снять выделение в фильтре ДЗО")): Object: 'Object Repository/Выручка по ДЗО/Снять выделение в фильтре ДЗО' is clicked on

03-12-2024T02:46:49 - [MESSAGE][PASSED] - Object: 'Object Repository/Выручка по ДЗО/Снять выделение в фильтре ДЗО' is clicked on

03-12-2024T02:46:49 - [TEST_STEP][PASSED] - click(findTestObject("Общие объекты/Раскрыть список Россети Кубань")): Object: 'Object Repository/Общие объекты/Раскрыть список Россети Кубань' is clicked on

03-12-2024T02:46:49 - [MESSAGE][PASSED] - Object: 'Object Repository/Общие объекты/Раскрыть список Россети Кубань' is clicked on

03-12-2024T02:46:49 - [TEST_STEP][PASSED] - scrollToElement(findTestObject("Общие объекты/Кубаньэнерго"), 30): Scroll to object 'Object Repository/Общие объекты/Кубаньэнерго' successfully

03-12-2024T02:46:49 - [MESSAGE][PASSED] - Scroll to object 'Object Repository/Общие объекты/Кубаньэнерго' successfully

03-12-2024T02:46:49 - [TEST_STEP][PASSED] - click(findTestObject("Общие объекты/Кубаньэнерго")): Object: 'Object Repository/Общие объекты/Кубаньэнерго' is clicked on

03-12-2024T02:46:50 - [MESSAGE][PASSED] - Object: 'Object Repository/Общие объекты/Кубаньэнерго' is clicked on

03-12-2024T02:46:50 - [TEST_STEP][PASSED] - Script1687405711779.Change(todaysDate): null

03-12-2024T02:46:50 - [TEST_STEP][PASSED] - scrollToElement(findTestObject("Выручка по ДЗО/Заголовок дашборда"), 30): Scroll to object 'Object Repository/Выручка по ДЗО/Заголовок дашборда' successfully

03-12-2024T02:46:50 - [MESSAGE][PASSED] - Scroll to object 'Object Repository/Выручка по ДЗО/Заголовок дашборда' successfully

03-12-2024T02:46:50 - [TEST_STEP][PASSED] - click(findTestObject("Выручка по ДЗО/Применить в фильтре ДЗО")): Object: 'Object Repository/Выручка по ДЗО/Применить в фильтре ДЗО' is clicked on

03-12-2024T02:46:51 - [MESSAGE][PASSED] - Object: 'Object Repository/Выручка по ДЗО/Применить в фильтре ДЗО' is clicked on

03-12-2024T02:46:51 - [TEST_STEP][PASSED] - Script1687405711779.Tumbler(todaysDate): null

03-12-2024T02:46:51 - [TEST_STEP][PASSED] - Script1687405711779.Test(todaysDate): null

03-12-2024T02:46:51 - [TEST_STEP][PASSED] - if (verifyTextNotPresent("нет данных", false) == true): null

03-12-2024T02:46:54 - [MESSAGE][PASSED] - Text 'нет данных' is not present on page

03-12-2024T02:46:54 - [TEST_STEP][PASSED] - if (verifyTextNotPresent("Ошибка запроса данных", false) == true): null

03-12-2024T02:46:55 - [MESSAGE][PASSED] - Text 'Ошибка запроса данных' is not present on page

03-12-2024T02:46:55 - [TEST_STEP][PASSED] - if (verifyTextNotPresent("Произошла ошибка при выполнении пользовательского кода", false) == true): null

03-12-2024T02:46:55 - [MESSAGE][PASSED] - Text 'Произошла ошибка при выполнении пользовательского кода' is not present on page

03-12-2024T02:46:55 - [TEST_STEP][PASSED] - if (verifyTextNotPresent("У виджета нет данных", false) == true): null

03-12-2024T02:46:55 - [MESSAGE][PASSED] - Text 'У виджета нет данных' is not present on page

03-12-2024T02:46:55 - [TEST_STEP][PASSED] - if (verifyTextNotPresent("У виджета нет данных", false) == true): Text 'У виджета нет данных' is not present on page

03-12-2024T02:46:56 - [MESSAGE][PASSED] - Text 'У виджета нет данных' is not present on page

03-12-2024T02:46:56 - [TEST_STEP][PASSED] - click(findTestObject("Выручка по ДЗО/Фильтр Выручка")): Object: 'Object Repository/Выручка по ДЗО/Фильтр Выручка' is clicked on

03-12-2024T02:46:56 - [MESSAGE][PASSED] - Object: 'Object Repository/Выручка по ДЗО/Фильтр Выручка' is clicked on

03-12-2024T02:46:56 - [TEST_STEP][PASSED] - click(findTestObject("Выручка по ДЗО/Внутренний оборот в фильтре Выручка")): Object: 'Object Repository/Выручка по ДЗО/Внутренний оборот в фильтре Выручка' is clicked on

03-12-2024T02:46:57 - [MESSAGE][PASSED] - Object: 'Object Repository/Выручка по ДЗО/Внутренний оборот в фильтре Выручка' is clicked on

03-12-2024T02:46:57 - [TEST_STEP][PASSED] - click(findTestObject("Выручка по ДЗО/Применить в фильтре Выручка")): Object: 'Object Repository/Выручка по ДЗО/Применить в фильтре Выручка' is clicked on

03-12-2024T02:46:57 - [MESSAGE][PASSED] - Object: 'Object Repository/Выручка по ДЗО/Применить в фильтре Выручка' is clicked on

03-12-2024T02:46:57 - [TEST_STEP][PASSED] - Script1687405711779.Test(todaysDate): null

03-12-2024T02:46:57 - [TEST_STEP][FAILED] - if (verifyTextNotPresent("нет данных", false) == true): Text 'нет данных' is present on page  (Root cause: com.kms.katalon.core.exception.StepFailedException: Text 'нет данных' is present on page 
	at com.kms.katalon.core.webui.keyword.internal.WebUIKeywordMain.stepFailed(WebUIKeywordMain.groovy:64)
	at com.kms.katalon.core.webui.keyword.builtin.VerifyTextNotPresentKeyword$_verifyTextNotPresent_closure1.doCall(VerifyTextNotPresentKeyword.groovy:77)
	at com.kms.katalon.core.webui.keyword.builtin.VerifyTextNotPresentKeyword$_verifyTextNotPresent_closure1.call(VerifyTextNotPresentKeyword.groovy)
	at com.kms.katalon.core.webui.keyword.internal.WebUIKeywordMain.runKeyword(WebUIKeywordMain.groovy:20)
	at com.kms.katalon.core.webui.keyword.builtin.VerifyTextNotPresentKeyword.verifyTextNotPresent(VerifyTextNotPresentKeyword.groovy:82)
	at com.kms.katalon.core.webui.keyword.builtin.VerifyTextNotPresentKeyword.execute(VerifyTextNotPresentKeyword.groovy:68)
	at com.kms.katalon.core.keyword.internal.KeywordExecutor.executeKeywordForPlatform(KeywordExecutor.groovy:74)
	at com.kms.katalon.core.webui.keyword.WebUiBuiltInKeywords.verifyTextNotPresent(WebUiBuiltInKeywords.groovy:1795)
	at Выручка по ДЗО отображение данных все филиалы.Test(Выручка по ДЗО отображение данных все филиалы:782)
	at Выручка по ДЗО отображение данных все филиалы.Tumbler(Выручка по ДЗО отображение данных все филиалы:738)
	at Выручка по ДЗО отображение данных все филиалы.Change(Выручка по ДЗО отображение данных все филиалы:772)
	at Выручка по ДЗО отображение данных все филиалы.DzoTest(Выручка по ДЗО отображение данных все филиалы:240)
	at Выручка по ДЗО отображение данных все филиалы.run(Выручка по ДЗО отображение данных все филиалы:134)
	at com.kms.katalon.core.main.ScriptEngine.run(ScriptEngine.java:194)
	at com.kms.katalon.core.main.ScriptEngine.runScriptAsRawText(ScriptEngine.java:119)
	at com.kms.katalon.core.main.TestCaseExecutor.runScript(TestCaseExecutor.java:448)
	at com.kms.katalon.core.main.TestCaseExecutor.doExecute(TestCaseExecutor.java:439)
	at com.kms.katalon.core.main.TestCaseExecutor.processExecutionPhase(TestCaseExecutor.java:418)
	at com.kms.katalon.core.main.TestCaseExecutor.accessMainPhase(TestCaseExecutor.java:410)
	at com.kms.katalon.core.main.TestCaseExecutor.execute(TestCaseExecutor.java:285)
	at com.kms.katalon.core.common.CommonExecutor.accessTestCaseMainPhase(CommonExecutor.java:65)
	at com.kms.katalon.core.main.TestSuiteExecutor.accessTestSuiteMainPhase(TestSuiteExecutor.java:150)
	at com.kms.katalon.core.main.TestSuiteExecutor.execute(TestSuiteExecutor.java:106)
	at com.kms.katalon.core.main.TestCaseMain.startTestSuite(TestCaseMain.java:180)
	at TempTestSuite1733182698305.run(TempTestSuite1733182698305.groovy:35)
	at java.base/jdk.internal.reflect.NativeMethodAccessorImpl.invoke0(Native Method)
	at java.base/jdk.internal.reflect.NativeMethodAccessorImpl.invoke(NativeMethodAccessorImpl.java:77)
	at java.base/jdk.internal.reflect.DelegatingMethodAccessorImpl.invoke(DelegatingMethodAccessorImpl.java:43)
)

03-12-2024T02:46:59 - [MESSAGE][FAILED] - Text 'нет данных' is present on page  (Root cause: com.kms.katalon.core.exception.StepFailedException: Text 'нет данных' is present on page 
	at com.kms.katalon.core.webui.keyword.internal.WebUIKeywordMain.stepFailed(WebUIKeywordMain.groovy:64)
	at com.kms.katalon.core.webui.keyword.builtin.VerifyTextNotPresentKeyword$_verifyTextNotPresent_closure1.doCall(VerifyTextNotPresentKeyword.groovy:77)
	at com.kms.katalon.core.webui.keyword.builtin.VerifyTextNotPresentKeyword$_verifyTextNotPresent_closure1.call(VerifyTextNotPresentKeyword.groovy)
	at com.kms.katalon.core.webui.keyword.internal.WebUIKeywordMain.runKeyword(WebUIKeywordMain.groovy:20)
	at com.kms.katalon.core.webui.keyword.builtin.VerifyTextNotPresentKeyword.verifyTextNotPresent(VerifyTextNotPresentKeyword.groovy:82)
	at com.kms.katalon.core.webui.keyword.builtin.VerifyTextNotPresentKeyword.execute(VerifyTextNotPresentKeyword.groovy:68)
	at com.kms.katalon.core.keyword.internal.KeywordExecutor.executeKeywordForPlatform(KeywordExecutor.groovy:74)
	at com.kms.katalon.core.webui.keyword.WebUiBuiltInKeywords.verifyTextNotPresent(WebUiBuiltInKeywords.groovy:1795)
	at Выручка по ДЗО отображение данных все филиалы.Test(Выручка по ДЗО отображение данных все филиалы:782)
	at Выручка по ДЗО отображение данных все филиалы.Tumbler(Выручка по ДЗО отображение данных все филиалы:738)
	at Выручка по ДЗО отображение данных все филиалы.Change(Выручка по ДЗО отображение данных все филиалы:772)
	at Выручка по ДЗО отображение данных все филиалы.DzoTest(Выручка по ДЗО отображение данных все филиалы:240)
	at Выручка по ДЗО отображение данных все филиалы.run(Выручка по ДЗО отображение данных все филиалы:134)
	at com.kms.katalon.core.main.ScriptEngine.run(ScriptEngine.java:194)
	at com.kms.katalon.core.main.ScriptEngine.runScriptAsRawText(ScriptEngine.java:119)
	at com.kms.katalon.core.main.TestCaseExecutor.runScript(TestCaseExecutor.java:448)
	at com.kms.katalon.core.main.TestCaseExecutor.doExecute(TestCaseExecutor.java:439)
	at com.kms.katalon.core.main.TestCaseExecutor.processExecutionPhase(TestCaseExecutor.java:418)
	at com.kms.katalon.core.main.TestCaseExecutor.accessMainPhase(TestCaseExecutor.java:410)
	at com.kms.katalon.core.main.TestCaseExecutor.execute(TestCaseExecutor.java:285)
	at com.kms.katalon.core.common.CommonExecutor.accessTestCaseMainPhase(CommonExecutor.java:65)
	at com.kms.katalon.core.main.TestSuiteExecutor.accessTestSuiteMainPhase(TestSuiteExecutor.java:150)
	at com.kms.katalon.core.main.TestSuiteExecutor.execute(TestSuiteExecutor.java:106)
	at com.kms.katalon.core.main.TestCaseMain.startTestSuite(TestCaseMain.java:180)
	at TempTestSuite1733182698305.run(TempTestSuite1733182698305.groovy:35)
	at java.base/jdk.internal.reflect.NativeMethodAccessorImpl.invoke0(Native Method)
	at java.base/jdk.internal.reflect.NativeMethodAccessorImpl.invoke(NativeMethodAccessorImpl.java:77)
	at java.base/jdk.internal.reflect.DelegatingMethodAccessorImpl.invoke(DelegatingMethodAccessorImpl.java:43)
)

03-12-2024T02:46:59 - [TEST_STEP][PASSED] - else: null

03-12-2024T02:46:59 - [TEST_STEP][PASSED] - Script1687405711779.WriteToExcel(todaysDate): null

03-12-2024T02:46:59 - [TEST_STEP][PASSED] - sheetName = "Sheet1": null

03-12-2024T02:46:59 - [TEST_STEP][PASSED] - data = findTestData("PlanFact"): null

03-12-2024T02:46:59 - [TEST_STEP][PASSED] - n = data.getRowNumbers() + 1: null

03-12-2024T02:46:59 - [TEST_STEP][PASSED] - dZO = getText(findTestObject("Выручка по ДЗО/Фильтр ДЗО")): Text of object 'Object Repository/Выручка по ДЗО/Фильтр ДЗО' is: 'ПАО Россети - РаспредКомплекс - Россети Кубань - Кубаньэнерго'

03-12-2024T02:47:00 - [MESSAGE][PASSED] - Text of object 'Object Repository/Выручка по ДЗО/Фильтр ДЗО' is: 'ПАО Россети - РаспредКомплекс - Россети Кубань - Кубаньэнерго'

03-12-2024T02:47:00 - [TEST_STEP][PASSED] - period = getText(findTestObject("Выручка по ДЗО/Фильтр Дата")): Text of object 'Object Repository/Выручка по ДЗО/Фильтр Дата' is: '1, 2, 3 кв., Октябрь 2024 года'

03-12-2024T02:47:00 - [MESSAGE][PASSED] - Text of object 'Object Repository/Выручка по ДЗО/Фильтр Дата' is: '1, 2, 3 кв., Октябрь 2024 года'

03-12-2024T02:47:00 - [TEST_STEP][PASSED] - viruchka = getText(findTestObject("Выручка по ДЗО/Фильтр Выручка")): Text of object 'Object Repository/Выручка по ДЗО/Фильтр Выручка' is: 'внутренний оборот'

03-12-2024T02:47:00 - [MESSAGE][PASSED] - Text of object 'Object Repository/Выручка по ДЗО/Фильтр Выручка' is: 'внутренний оборот'

03-12-2024T02:47:00 - [TEST_STEP][PASSED] - if (viruchka == "Выбрано: 2"): null

03-12-2024T02:47:00 - [TEST_STEP][PASSED] - if (viruchka == "Все"): null

03-12-2024T02:47:00 - [TEST_STEP][PASSED] - println(period): null

03-12-2024T02:47:00 - [TEST_STEP][PASSED] - dashboardName = "Выручка по ДЗО": null

03-12-2024T02:47:00 - [TEST_STEP][PASSED] - workbook01 = getWorkbook(excelFilePath): null

03-12-2024T02:47:00 - [TEST_STEP][PASSED] - sheet01 = getExcelSheet(workbook01, sheetName): null

03-12-2024T02:47:00 - [TEST_STEP][PASSED] - setValueToCellByIndex(sheet01, n, 0, dashboardName): null

03-12-2024T02:47:00 - [TEST_STEP][PASSED] - setValueToCellByIndex(sheet01, n, 1, dZO): null

03-12-2024T02:47:00 - [TEST_STEP][PASSED] - setValueToCellByIndex(sheet01, n, 2, period): null

03-12-2024T02:47:00 - [TEST_STEP][PASSED] - setValueToCellByIndex(sheet01, n, 3, viruchka): null

03-12-2024T02:47:00 - [TEST_STEP][PASSED] - setValueToCellByIndex(sheet01, n, 4, todaysDate): null

03-12-2024T02:47:00 - [TEST_STEP][PASSED] - n = n + 1: null

03-12-2024T02:47:00 - [TEST_STEP][PASSED] - saveWorkbook(excelFilePath, workbook01): null

03-12-2024T02:47:01 - [TEST_STEP][PASSED] - click(findTestObject("Выручка по ДЗО/Фильтр Выручка")): Object: 'Object Repository/Выручка по ДЗО/Фильтр Выручка' is clicked on

03-12-2024T02:47:01 - [MESSAGE][PASSED] - Object: 'Object Repository/Выручка по ДЗО/Фильтр Выручка' is clicked on

03-12-2024T02:47:01 - [TEST_STEP][PASSED] - click(findTestObject("Выручка по ДЗО/По передаче в фильтре Выручка")): Object: 'Object Repository/Выручка по ДЗО/По передаче в фильтре Выручка' is clicked on

03-12-2024T02:47:01 - [MESSAGE][PASSED] - Object: 'Object Repository/Выручка по ДЗО/По передаче в фильтре Выручка' is clicked on

03-12-2024T02:47:01 - [TEST_STEP][PASSED] - click(findTestObject("Выручка по ДЗО/Применить в фильтре Выручка")): Object: 'Object Repository/Выручка по ДЗО/Применить в фильтре Выручка' is clicked on

03-12-2024T02:47:02 - [MESSAGE][PASSED] - Object: 'Object Repository/Выручка по ДЗО/Применить в фильтре Выручка' is clicked on

03-12-2024T02:47:02 - [TEST_STEP][PASSED] - Script1687405711779.Test(todaysDate): null

03-12-2024T02:47:02 - [TEST_STEP][PASSED] - if (verifyTextNotPresent("нет данных", false) == true): null

03-12-2024T02:47:04 - [MESSAGE][PASSED] - Text 'нет данных' is not present on page

03-12-2024T02:47:04 - [TEST_STEP][PASSED] - if (verifyTextNotPresent("Ошибка запроса данных", false) == true): null

03-12-2024T02:47:05 - [MESSAGE][PASSED] - Text 'Ошибка запроса данных' is not present on page

03-12-2024T02:47:05 - [TEST_STEP][PASSED] - if (verifyTextNotPresent("Произошла ошибка при выполнении пользовательского кода", false) == true): null

03-12-2024T02:47:05 - [MESSAGE][PASSED] - Text 'Произошла ошибка при выполнении пользовательского кода' is not present on page

03-12-2024T02:47:05 - [TEST_STEP][PASSED] - if (verifyTextNotPresent("У виджета нет данных", false) == true): null

03-12-2024T02:47:06 - [MESSAGE][PASSED] - Text 'У виджета нет данных' is not present on page

03-12-2024T02:47:06 - [TEST_STEP][PASSED] - if (verifyTextNotPresent("У виджета нет данных", false) == true): Text 'У виджета нет данных' is not present on page

03-12-2024T02:47:06 - [MESSAGE][PASSED] - Text 'У виджета нет данных' is not present on page

03-12-2024T02:47:06 - [TEST_STEP][PASSED] - click(findTestObject("Выручка по ДЗО/Фильтр Выручка")): Object: 'Object Repository/Выручка по ДЗО/Фильтр Выручка' is clicked on

03-12-2024T02:47:07 - [MESSAGE][PASSED] - Object: 'Object Repository/Выручка по ДЗО/Фильтр Выручка' is clicked on

03-12-2024T02:47:07 - [TEST_STEP][PASSED] - click(findTestObject("Выручка по ДЗО/Снять выделение в фильтре Выручка")): Object: 'Object Repository/Выручка по ДЗО/Снять выделение в фильтре Выручка' is clicked on

03-12-2024T02:47:07 - [MESSAGE][PASSED] - Object: 'Object Repository/Выручка по ДЗО/Снять выделение в фильтре Выручка' is clicked on

03-12-2024T02:47:07 - [TEST_STEP][PASSED] - click(findTestObject("Выручка по ДЗО/По передаче в фильтре Выручка")): Object: 'Object Repository/Выручка по ДЗО/По передаче в фильтре Выручка' is clicked on

03-12-2024T02:47:07 - [MESSAGE][PASSED] - Object: 'Object Repository/Выручка по ДЗО/По передаче в фильтре Выручка' is clicked on

03-12-2024T02:47:07 - [TEST_STEP][PASSED] - click(findTestObject("Выручка по ДЗО/Применить в фильтре Выручка")): Object: 'Object Repository/Выручка по ДЗО/Применить в фильтре Выручка' is clicked on

03-12-2024T02:47:08 - [MESSAGE][PASSED] - Object: 'Object Repository/Выручка по ДЗО/Применить в фильтре Выручка' is clicked on

03-12-2024T02:47:08 - [TEST_STEP][PASSED] - Script1687405711779.Test(todaysDate): null

03-12-2024T02:47:08 - [TEST_STEP][PASSED] - if (verifyTextNotPresent("нет данных", false) == true): null

03-12-2024T02:47:10 - [MESSAGE][PASSED] - Text 'нет данных' is not present on page

03-12-2024T02:47:10 - [TEST_STEP][PASSED] - if (verifyTextNotPresent("Ошибка запроса данных", false) == true): null

03-12-2024T02:47:11 - [MESSAGE][PASSED] - Text 'Ошибка запроса данных' is not present on page

03-12-2024T02:47:11 - [TEST_STEP][PASSED] - if (verifyTextNotPresent("Произошла ошибка при выполнении пользовательского кода", false) == true): null

03-12-2024T02:47:11 - [MESSAGE][PASSED] - Text 'Произошла ошибка при выполнении пользовательского кода' is not present on page

03-12-2024T02:47:11 - [TEST_STEP][PASSED] - if (verifyTextNotPresent("У виджета нет данных", false) == true): null

03-12-2024T02:47:12 - [MESSAGE][PASSED] - Text 'У виджета нет данных' is not present on page

03-12-2024T02:47:12 - [TEST_STEP][PASSED] - if (verifyTextNotPresent("У виджета нет данных", false) == true): Text 'У виджета нет данных' is not present on page

03-12-2024T02:47:12 - [MESSAGE][PASSED] - Text 'У виджета нет данных' is not present on page

03-12-2024T02:47:12 - [TEST_STEP][PASSED] - click(findTestObject("Выручка по ДЗО/Фильтр Выручка")): Object: 'Object Repository/Выручка по ДЗО/Фильтр Выручка' is clicked on

03-12-2024T02:47:12 - [MESSAGE][PASSED] - Object: 'Object Repository/Выручка по ДЗО/Фильтр Выручка' is clicked on

03-12-2024T02:47:12 - [TEST_STEP][PASSED] - click(findTestObject("Выручка по ДЗО/Снять выделение в фильтре Выручка")): Object: 'Object Repository/Выручка по ДЗО/Снять выделение в фильтре Выручка' is clicked on

03-12-2024T02:47:13 - [MESSAGE][PASSED] - Object: 'Object Repository/Выручка по ДЗО/Снять выделение в фильтре Выручка' is clicked on

03-12-2024T02:47:13 - [TEST_STEP][PASSED] - click(findTestObject("Выручка по ДЗО/Применить в фильтре Выручка")): Object: 'Object Repository/Выручка по ДЗО/Применить в фильтре Выручка' is clicked on

03-12-2024T02:47:13 - [MESSAGE][PASSED] - Object: 'Object Repository/Выручка по ДЗО/Применить в фильтре Выручка' is clicked on

03-12-2024T02:47:13 - [TEST_STEP][PASSED] - click(findTestObject("Выручка по ДЗО/Фильтр ДЗО")): Object: 'Object Repository/Выручка по ДЗО/Фильтр ДЗО' is clicked on

03-12-2024T02:47:15 - [MESSAGE][PASSED] - Object: 'Object Repository/Выручка по ДЗО/Фильтр ДЗО' is clicked on

03-12-2024T02:47:15 - [TEST_STEP][PASSED] - click(findTestObject("Выручка по ДЗО/Снять выделение в фильтре ДЗО")): Object: 'Object Repository/Выручка по ДЗО/Снять выделение в фильтре ДЗО' is clicked on

03-12-2024T02:47:16 - [MESSAGE][PASSED] - Object: 'Object Repository/Выручка по ДЗО/Снять выделение в фильтре ДЗО' is clicked on

03-12-2024T02:47:16 - [TEST_STEP][PASSED] - scrollToElement(findTestObject("Выручка по ДЗО/Россети Ленэнерго Выручка по ДЗО"), 30): Scroll to object 'Object Repository/Выручка по ДЗО/Россети Ленэнерго Выручка по ДЗО' successfully

03-12-2024T02:47:16 - [MESSAGE][PASSED] - Scroll to object 'Object Repository/Выручка по ДЗО/Россети Ленэнерго Выручка по ДЗО' successfully

03-12-2024T02:47:16 - [TEST_STEP][PASSED] - click(findTestObject("Выручка по ДЗО/Россети Ленэнерго Выручка по ДЗО")): Object: 'Object Repository/Выручка по ДЗО/Россети Ленэнерго Выручка по ДЗО' is clicked on

03-12-2024T02:47:16 - [MESSAGE][PASSED] - Object: 'Object Repository/Выручка по ДЗО/Россети Ленэнерго Выручка по ДЗО' is clicked on

03-12-2024T02:47:16 - [TEST_STEP][PASSED] - scrollToElement(findTestObject("Выручка по ДЗО/Фильтр ДЗО"), 30): Scroll to object 'Object Repository/Выручка по ДЗО/Фильтр ДЗО' successfully

03-12-2024T02:47:17 - [MESSAGE][PASSED] - Scroll to object 'Object Repository/Выручка по ДЗО/Фильтр ДЗО' successfully

03-12-2024T02:47:17 - [TEST_STEP][PASSED] - Script1687405711779.Change(todaysDate): null

03-12-2024T02:47:17 - [TEST_STEP][PASSED] - scrollToElement(findTestObject("Выручка по ДЗО/Заголовок дашборда"), 30): Scroll to object 'Object Repository/Выручка по ДЗО/Заголовок дашборда' successfully

03-12-2024T02:47:17 - [MESSAGE][PASSED] - Scroll to object 'Object Repository/Выручка по ДЗО/Заголовок дашборда' successfully

03-12-2024T02:47:17 - [TEST_STEP][PASSED] - click(findTestObject("Выручка по ДЗО/Применить в фильтре ДЗО")): Object: 'Object Repository/Выручка по ДЗО/Применить в фильтре ДЗО' is clicked on

03-12-2024T02:47:18 - [MESSAGE][PASSED] - Object: 'Object Repository/Выручка по ДЗО/Применить в фильтре ДЗО' is clicked on

03-12-2024T02:47:18 - [TEST_STEP][PASSED] - Script1687405711779.Tumbler(todaysDate): null

03-12-2024T02:47:18 - [TEST_STEP][PASSED] - Script1687405711779.Test(todaysDate): null

03-12-2024T02:47:18 - [TEST_STEP][PASSED] - if (verifyTextNotPresent("нет данных", false) == true): null

03-12-2024T02:47:20 - [MESSAGE][PASSED] - Text 'нет данных' is not present on page

03-12-2024T02:47:20 - [TEST_STEP][PASSED] - if (verifyTextNotPresent("Ошибка запроса данных", false) == true): null

03-12-2024T02:47:21 - [MESSAGE][PASSED] - Text 'Ошибка запроса данных' is not present on page

03-12-2024T02:47:21 - [TEST_STEP][PASSED] - if (verifyTextNotPresent("Произошла ошибка при выполнении пользовательского кода", false) == true): null

03-12-2024T02:47:22 - [MESSAGE][PASSED] - Text 'Произошла ошибка при выполнении пользовательского кода' is not present on page

03-12-2024T02:47:22 - [TEST_STEP][PASSED] - if (verifyTextNotPresent("У виджета нет данных", false) == true): null

03-12-2024T02:47:22 - [MESSAGE][PASSED] - Text 'У виджета нет данных' is not present on page

03-12-2024T02:47:22 - [TEST_STEP][PASSED] - if (verifyTextNotPresent("У виджета нет данных", false) == true): Text 'У виджета нет данных' is not present on page

03-12-2024T02:47:23 - [MESSAGE][PASSED] - Text 'У виджета нет данных' is not present on page

03-12-2024T02:47:23 - [TEST_STEP][PASSED] - click(findTestObject("Выручка по ДЗО/Фильтр Выручка")): Object: 'Object Repository/Выручка по ДЗО/Фильтр Выручка' is clicked on

03-12-2024T02:47:23 - [MESSAGE][PASSED] - Object: 'Object Repository/Выручка по ДЗО/Фильтр Выручка' is clicked on

03-12-2024T02:47:23 - [TEST_STEP][PASSED] - click(findTestObject("Выручка по ДЗО/Внутренний оборот в фильтре Выручка")): Object: 'Object Repository/Выручка по ДЗО/Внутренний оборот в фильтре Выручка' is clicked on

03-12-2024T02:47:24 - [MESSAGE][PASSED] - Object: 'Object Repository/Выручка по ДЗО/Внутренний оборот в фильтре Выручка' is clicked on

03-12-2024T02:47:24 - [TEST_STEP][PASSED] - click(findTestObject("Выручка по ДЗО/Применить в фильтре Выручка")): Object: 'Object Repository/Выручка по ДЗО/Применить в фильтре Выручка' is clicked on

03-12-2024T02:47:24 - [MESSAGE][PASSED] - Object: 'Object Repository/Выручка по ДЗО/Применить в фильтре Выручка' is clicked on

03-12-2024T02:47:24 - [TEST_STEP][PASSED] - Script1687405711779.Test(todaysDate): null

03-12-2024T02:47:24 - [TEST_STEP][FAILED] - if (verifyTextNotPresent("нет данных", false) == true): Text 'нет данных' is present on page  (Root cause: com.kms.katalon.core.exception.StepFailedException: Text 'нет данных' is present on page 
	at com.kms.katalon.core.webui.keyword.internal.WebUIKeywordMain.stepFailed(WebUIKeywordMain.groovy:64)
	at com.kms.katalon.core.webui.keyword.builtin.VerifyTextNotPresentKeyword$_verifyTextNotPresent_closure1.doCall(VerifyTextNotPresentKeyword.groovy:77)
	at com.kms.katalon.core.webui.keyword.builtin.VerifyTextNotPresentKeyword$_verifyTextNotPresent_closure1.call(VerifyTextNotPresentKeyword.groovy)
	at com.kms.katalon.core.webui.keyword.internal.WebUIKeywordMain.runKeyword(WebUIKeywordMain.groovy:20)
	at com.kms.katalon.core.webui.keyword.builtin.VerifyTextNotPresentKeyword.verifyTextNotPresent(VerifyTextNotPresentKeyword.groovy:82)
	at com.kms.katalon.core.webui.keyword.builtin.VerifyTextNotPresentKeyword.execute(VerifyTextNotPresentKeyword.groovy:68)
	at com.kms.katalon.core.keyword.internal.KeywordExecutor.executeKeywordForPlatform(KeywordExecutor.groovy:74)
	at com.kms.katalon.core.webui.keyword.WebUiBuiltInKeywords.verifyTextNotPresent(WebUiBuiltInKeywords.groovy:1795)
	at Выручка по ДЗО отображение данных все филиалы.Test(Выручка по ДЗО отображение данных все филиалы:782)
	at Выручка по ДЗО отображение данных все филиалы.Tumbler(Выручка по ДЗО отображение данных все филиалы:738)
	at Выручка по ДЗО отображение данных все филиалы.Change(Выручка по ДЗО отображение данных все филиалы:772)
	at Выручка по ДЗО отображение данных все филиалы.DzoTest(Выручка по ДЗО отображение данных все филиалы:248)
	at Выручка по ДЗО отображение данных все филиалы.run(Выручка по ДЗО отображение данных все филиалы:134)
	at com.kms.katalon.core.main.ScriptEngine.run(ScriptEngine.java:194)
	at com.kms.katalon.core.main.ScriptEngine.runScriptAsRawText(ScriptEngine.java:119)
	at com.kms.katalon.core.main.TestCaseExecutor.runScript(TestCaseExecutor.java:448)
	at com.kms.katalon.core.main.TestCaseExecutor.doExecute(TestCaseExecutor.java:439)
	at com.kms.katalon.core.main.TestCaseExecutor.processExecutionPhase(TestCaseExecutor.java:418)
	at com.kms.katalon.core.main.TestCaseExecutor.accessMainPhase(TestCaseExecutor.java:410)
	at com.kms.katalon.core.main.TestCaseExecutor.execute(TestCaseExecutor.java:285)
	at com.kms.katalon.core.common.CommonExecutor.accessTestCaseMainPhase(CommonExecutor.java:65)
	at com.kms.katalon.core.main.TestSuiteExecutor.accessTestSuiteMainPhase(TestSuiteExecutor.java:150)
	at com.kms.katalon.core.main.TestSuiteExecutor.execute(TestSuiteExecutor.java:106)
	at com.kms.katalon.core.main.TestCaseMain.startTestSuite(TestCaseMain.java:180)
	at TempTestSuite1733182698305.run(TempTestSuite1733182698305.groovy:35)
	at java.base/jdk.internal.reflect.NativeMethodAccessorImpl.invoke0(Native Method)
	at java.base/jdk.internal.reflect.NativeMethodAccessorImpl.invoke(NativeMethodAccessorImpl.java:77)
	at java.base/jdk.internal.reflect.DelegatingMethodAccessorImpl.invoke(DelegatingMethodAccessorImpl.java:43)
)

03-12-2024T02:47:26 - [MESSAGE][FAILED] - Text 'нет данных' is present on page  (Root cause: com.kms.katalon.core.exception.StepFailedException: Text 'нет данных' is present on page 
	at com.kms.katalon.core.webui.keyword.internal.WebUIKeywordMain.stepFailed(WebUIKeywordMain.groovy:64)
	at com.kms.katalon.core.webui.keyword.builtin.VerifyTextNotPresentKeyword$_verifyTextNotPresent_closure1.doCall(VerifyTextNotPresentKeyword.groovy:77)
	at com.kms.katalon.core.webui.keyword.builtin.VerifyTextNotPresentKeyword$_verifyTextNotPresent_closure1.call(VerifyTextNotPresentKeyword.groovy)
	at com.kms.katalon.core.webui.keyword.internal.WebUIKeywordMain.runKeyword(WebUIKeywordMain.groovy:20)
	at com.kms.katalon.core.webui.keyword.builtin.VerifyTextNotPresentKeyword.verifyTextNotPresent(VerifyTextNotPresentKeyword.groovy:82)
	at com.kms.katalon.core.webui.keyword.builtin.VerifyTextNotPresentKeyword.execute(VerifyTextNotPresentKeyword.groovy:68)
	at com.kms.katalon.core.keyword.internal.KeywordExecutor.executeKeywordForPlatform(KeywordExecutor.groovy:74)
	at com.kms.katalon.core.webui.keyword.WebUiBuiltInKeywords.verifyTextNotPresent(WebUiBuiltInKeywords.groovy:1795)
	at Выручка по ДЗО отображение данных все филиалы.Test(Выручка по ДЗО отображение данных все филиалы:782)
	at Выручка по ДЗО отображение данных все филиалы.Tumbler(Выручка по ДЗО отображение данных все филиалы:738)
	at Выручка по ДЗО отображение данных все филиалы.Change(Выручка по ДЗО отображение данных все филиалы:772)
	at Выручка по ДЗО отображение данных все филиалы.DzoTest(Выручка по ДЗО отображение данных все филиалы:248)
	at Выручка по ДЗО отображение данных все филиалы.run(Выручка по ДЗО отображение данных все филиалы:134)
	at com.kms.katalon.core.main.ScriptEngine.run(ScriptEngine.java:194)
	at com.kms.katalon.core.main.ScriptEngine.runScriptAsRawText(ScriptEngine.java:119)
	at com.kms.katalon.core.main.TestCaseExecutor.runScript(TestCaseExecutor.java:448)
	at com.kms.katalon.core.main.TestCaseExecutor.doExecute(TestCaseExecutor.java:439)
	at com.kms.katalon.core.main.TestCaseExecutor.processExecutionPhase(TestCaseExecutor.java:418)
	at com.kms.katalon.core.main.TestCaseExecutor.accessMainPhase(TestCaseExecutor.java:410)
	at com.kms.katalon.core.main.TestCaseExecutor.execute(TestCaseExecutor.java:285)
	at com.kms.katalon.core.common.CommonExecutor.accessTestCaseMainPhase(CommonExecutor.java:65)
	at com.kms.katalon.core.main.TestSuiteExecutor.accessTestSuiteMainPhase(TestSuiteExecutor.java:150)
	at com.kms.katalon.core.main.TestSuiteExecutor.execute(TestSuiteExecutor.java:106)
	at com.kms.katalon.core.main.TestCaseMain.startTestSuite(TestCaseMain.java:180)
	at TempTestSuite1733182698305.run(TempTestSuite1733182698305.groovy:35)
	at java.base/jdk.internal.reflect.NativeMethodAccessorImpl.invoke0(Native Method)
	at java.base/jdk.internal.reflect.NativeMethodAccessorImpl.invoke(NativeMethodAccessorImpl.java:77)
	at java.base/jdk.internal.reflect.DelegatingMethodAccessorImpl.invoke(DelegatingMethodAccessorImpl.java:43)
)

03-12-2024T02:47:26 - [TEST_STEP][PASSED] - else: null

03-12-2024T02:47:26 - [TEST_STEP][PASSED] - Script1687405711779.WriteToExcel(todaysDate): null

03-12-2024T02:47:26 - [TEST_STEP][PASSED] - sheetName = "Sheet1": null

03-12-2024T02:47:26 - [TEST_STEP][PASSED] - data = findTestData("PlanFact"): null

03-12-2024T02:47:26 - [TEST_STEP][PASSED] - n = data.getRowNumbers() + 1: null

03-12-2024T02:47:26 - [TEST_STEP][PASSED] - dZO = getText(findTestObject("Выручка по ДЗО/Фильтр ДЗО")): Text of object 'Object Repository/Выручка по ДЗО/Фильтр ДЗО' is: 'ПАО Россети - РаспредКомплекс - Россети Ленэнерго (ГК)'

03-12-2024T02:47:27 - [MESSAGE][PASSED] - Text of object 'Object Repository/Выручка по ДЗО/Фильтр ДЗО' is: 'ПАО Россети - РаспредКомплекс - Россети Ленэнерго (ГК)'

03-12-2024T02:47:27 - [TEST_STEP][PASSED] - period = getText(findTestObject("Выручка по ДЗО/Фильтр Дата")): Text of object 'Object Repository/Выручка по ДЗО/Фильтр Дата' is: '1, 2, 3 кв., Октябрь 2024 года'

03-12-2024T02:47:27 - [MESSAGE][PASSED] - Text of object 'Object Repository/Выручка по ДЗО/Фильтр Дата' is: '1, 2, 3 кв., Октябрь 2024 года'

03-12-2024T02:47:27 - [TEST_STEP][PASSED] - viruchka = getText(findTestObject("Выручка по ДЗО/Фильтр Выручка")): Text of object 'Object Repository/Выручка по ДЗО/Фильтр Выручка' is: 'внутренний оборот'

03-12-2024T02:47:27 - [MESSAGE][PASSED] - Text of object 'Object Repository/Выручка по ДЗО/Фильтр Выручка' is: 'внутренний оборот'

03-12-2024T02:47:27 - [TEST_STEP][PASSED] - if (viruchka == "Выбрано: 2"): null

03-12-2024T02:47:27 - [TEST_STEP][PASSED] - if (viruchka == "Все"): null

03-12-2024T02:47:27 - [TEST_STEP][PASSED] - println(period): null

03-12-2024T02:47:27 - [TEST_STEP][PASSED] - dashboardName = "Выручка по ДЗО": null

03-12-2024T02:47:27 - [TEST_STEP][PASSED] - workbook01 = getWorkbook(excelFilePath): null

03-12-2024T02:47:27 - [TEST_STEP][PASSED] - sheet01 = getExcelSheet(workbook01, sheetName): null

03-12-2024T02:47:27 - [TEST_STEP][PASSED] - setValueToCellByIndex(sheet01, n, 0, dashboardName): null

03-12-2024T02:47:27 - [TEST_STEP][PASSED] - setValueToCellByIndex(sheet01, n, 1, dZO): null

03-12-2024T02:47:27 - [TEST_STEP][PASSED] - setValueToCellByIndex(sheet01, n, 2, period): null

03-12-2024T02:47:27 - [TEST_STEP][PASSED] - setValueToCellByIndex(sheet01, n, 3, viruchka): null

03-12-2024T02:47:27 - [TEST_STEP][PASSED] - setValueToCellByIndex(sheet01, n, 4, todaysDate): null

03-12-2024T02:47:27 - [TEST_STEP][PASSED] - n = n + 1: null

03-12-2024T02:47:27 - [TEST_STEP][PASSED] - saveWorkbook(excelFilePath, workbook01): null

03-12-2024T02:47:27 - [TEST_STEP][PASSED] - click(findTestObject("Выручка по ДЗО/Фильтр Выручка")): Object: 'Object Repository/Выручка по ДЗО/Фильтр Выручка' is clicked on

03-12-2024T02:47:28 - [MESSAGE][PASSED] - Object: 'Object Repository/Выручка по ДЗО/Фильтр Выручка' is clicked on

03-12-2024T02:47:28 - [TEST_STEP][PASSED] - click(findTestObject("Выручка по ДЗО/По передаче в фильтре Выручка")): Object: 'Object Repository/Выручка по ДЗО/По передаче в фильтре Выручка' is clicked on

03-12-2024T02:47:28 - [MESSAGE][PASSED] - Object: 'Object Repository/Выручка по ДЗО/По передаче в фильтре Выручка' is clicked on

03-12-2024T02:47:28 - [TEST_STEP][PASSED] - click(findTestObject("Выручка по ДЗО/Применить в фильтре Выручка")): Object: 'Object Repository/Выручка по ДЗО/Применить в фильтре Выручка' is clicked on

03-12-2024T02:47:29 - [MESSAGE][PASSED] - Object: 'Object Repository/Выручка по ДЗО/Применить в фильтре Выручка' is clicked on

03-12-2024T02:47:29 - [TEST_STEP][PASSED] - Script1687405711779.Test(todaysDate): null

03-12-2024T02:47:29 - [TEST_STEP][PASSED] - if (verifyTextNotPresent("нет данных", false) == true): null

03-12-2024T02:47:31 - [MESSAGE][PASSED] - Text 'нет данных' is not present on page

03-12-2024T02:47:31 - [TEST_STEP][PASSED] - if (verifyTextNotPresent("Ошибка запроса данных", false) == true): null

03-12-2024T02:47:32 - [MESSAGE][PASSED] - Text 'Ошибка запроса данных' is not present on page

03-12-2024T02:47:32 - [TEST_STEP][PASSED] - if (verifyTextNotPresent("Произошла ошибка при выполнении пользовательского кода", false) == true): null

03-12-2024T02:47:32 - [MESSAGE][PASSED] - Text 'Произошла ошибка при выполнении пользовательского кода' is not present on page

03-12-2024T02:47:32 - [TEST_STEP][PASSED] - if (verifyTextNotPresent("У виджета нет данных", false) == true): null

03-12-2024T02:47:33 - [MESSAGE][PASSED] - Text 'У виджета нет данных' is not present on page

03-12-2024T02:47:33 - [TEST_STEP][PASSED] - if (verifyTextNotPresent("У виджета нет данных", false) == true): Text 'У виджета нет данных' is not present on page

03-12-2024T02:47:33 - [MESSAGE][PASSED] - Text 'У виджета нет данных' is not present on page

03-12-2024T02:47:33 - [TEST_STEP][PASSED] - click(findTestObject("Выручка по ДЗО/Фильтр Выручка")): Object: 'Object Repository/Выручка по ДЗО/Фильтр Выручка' is clicked on

03-12-2024T02:47:33 - [MESSAGE][PASSED] - Object: 'Object Repository/Выручка по ДЗО/Фильтр Выручка' is clicked on

03-12-2024T02:47:33 - [TEST_STEP][PASSED] - click(findTestObject("Выручка по ДЗО/Снять выделение в фильтре Выручка")): Object: 'Object Repository/Выручка по ДЗО/Снять выделение в фильтре Выручка' is clicked on

03-12-2024T02:47:34 - [MESSAGE][PASSED] - Object: 'Object Repository/Выручка по ДЗО/Снять выделение в фильтре Выручка' is clicked on

03-12-2024T02:47:34 - [TEST_STEP][PASSED] - click(findTestObject("Выручка по ДЗО/По передаче в фильтре Выручка")): Object: 'Object Repository/Выручка по ДЗО/По передаче в фильтре Выручка' is clicked on

03-12-2024T02:47:34 - [MESSAGE][PASSED] - Object: 'Object Repository/Выручка по ДЗО/По передаче в фильтре Выручка' is clicked on

03-12-2024T02:47:34 - [TEST_STEP][PASSED] - click(findTestObject("Выручка по ДЗО/Применить в фильтре Выручка")): Object: 'Object Repository/Выручка по ДЗО/Применить в фильтре Выручка' is clicked on

03-12-2024T02:47:35 - [MESSAGE][PASSED] - Object: 'Object Repository/Выручка по ДЗО/Применить в фильтре Выручка' is clicked on

03-12-2024T02:47:35 - [TEST_STEP][PASSED] - Script1687405711779.Test(todaysDate): null

03-12-2024T02:47:35 - [TEST_STEP][PASSED] - if (verifyTextNotPresent("нет данных", false) == true): null

03-12-2024T02:47:37 - [MESSAGE][PASSED] - Text 'нет данных' is not present on page

03-12-2024T02:47:37 - [TEST_STEP][PASSED] - if (verifyTextNotPresent("Ошибка запроса данных", false) == true): null

03-12-2024T02:47:38 - [MESSAGE][PASSED] - Text 'Ошибка запроса данных' is not present on page

03-12-2024T02:47:38 - [TEST_STEP][PASSED] - if (verifyTextNotPresent("Произошла ошибка при выполнении пользовательского кода", false) == true): null

03-12-2024T02:47:38 - [MESSAGE][PASSED] - Text 'Произошла ошибка при выполнении пользовательского кода' is not present on page

03-12-2024T02:47:38 - [TEST_STEP][PASSED] - if (verifyTextNotPresent("У виджета нет данных", false) == true): null

03-12-2024T02:47:39 - [MESSAGE][PASSED] - Text 'У виджета нет данных' is not present on page

03-12-2024T02:47:39 - [TEST_STEP][PASSED] - if (verifyTextNotPresent("У виджета нет данных", false) == true): Text 'У виджета нет данных' is not present on page

03-12-2024T02:47:39 - [MESSAGE][PASSED] - Text 'У виджета нет данных' is not present on page

03-12-2024T02:47:39 - [TEST_STEP][PASSED] - click(findTestObject("Выручка по ДЗО/Фильтр Выручка")): Object: 'Object Repository/Выручка по ДЗО/Фильтр Выручка' is clicked on

03-12-2024T02:47:39 - [MESSAGE][PASSED] - Object: 'Object Repository/Выручка по ДЗО/Фильтр Выручка' is clicked on

03-12-2024T02:47:39 - [TEST_STEP][PASSED] - click(findTestObject("Выручка по ДЗО/Снять выделение в фильтре Выручка")): Object: 'Object Repository/Выручка по ДЗО/Снять выделение в фильтре Выручка' is clicked on

03-12-2024T02:47:40 - [MESSAGE][PASSED] - Object: 'Object Repository/Выручка по ДЗО/Снять выделение в фильтре Выручка' is clicked on

03-12-2024T02:47:40 - [TEST_STEP][PASSED] - click(findTestObject("Выручка по ДЗО/Применить в фильтре Выручка")): Object: 'Object Repository/Выручка по ДЗО/Применить в фильтре Выручка' is clicked on

03-12-2024T02:47:40 - [MESSAGE][PASSED] - Object: 'Object Repository/Выручка по ДЗО/Применить в фильтре Выручка' is clicked on

03-12-2024T02:47:40 - [TEST_STEP][PASSED] - click(findTestObject("Выручка по ДЗО/Фильтр ДЗО")): Object: 'Object Repository/Выручка по ДЗО/Фильтр ДЗО' is clicked on

03-12-2024T02:47:42 - [MESSAGE][PASSED] - Object: 'Object Repository/Выручка по ДЗО/Фильтр ДЗО' is clicked on

03-12-2024T02:47:42 - [TEST_STEP][PASSED] - click(findTestObject("Выручка по ДЗО/Снять выделение в фильтре ДЗО")): Object: 'Object Repository/Выручка по ДЗО/Снять выделение в фильтре ДЗО' is clicked on

03-12-2024T02:47:43 - [MESSAGE][PASSED] - Object: 'Object Repository/Выручка по ДЗО/Снять выделение в фильтре ДЗО' is clicked on

03-12-2024T02:47:43 - [TEST_STEP][PASSED] - click(findTestObject("Общие объекты/Раскрыть список Россети Ленэнерго")): Object: 'Object Repository/Общие объекты/Раскрыть список Россети Ленэнерго' is clicked on

03-12-2024T02:47:43 - [MESSAGE][PASSED] - Object: 'Object Repository/Общие объекты/Раскрыть список Россети Ленэнерго' is clicked on

03-12-2024T02:47:43 - [TEST_STEP][PASSED] - scrollToElement(findTestObject("Общие объекты/Ленинградская область"), 30): Scroll to object 'Object Repository/Общие объекты/Ленинградская область' successfully

03-12-2024T02:47:43 - [MESSAGE][PASSED] - Scroll to object 'Object Repository/Общие объекты/Ленинградская область' successfully

03-12-2024T02:47:43 - [TEST_STEP][PASSED] - click(findTestObject("Общие объекты/Ленинградская область")): Object: 'Object Repository/Общие объекты/Ленинградская область' is clicked on

03-12-2024T02:47:44 - [MESSAGE][PASSED] - Object: 'Object Repository/Общие объекты/Ленинградская область' is clicked on

03-12-2024T02:47:44 - [TEST_STEP][PASSED] - Script1687405711779.Change(todaysDate): null

03-12-2024T02:47:44 - [TEST_STEP][PASSED] - scrollToElement(findTestObject("Выручка по ДЗО/Заголовок дашборда"), 30): Scroll to object 'Object Repository/Выручка по ДЗО/Заголовок дашборда' successfully

03-12-2024T02:47:44 - [MESSAGE][PASSED] - Scroll to object 'Object Repository/Выручка по ДЗО/Заголовок дашборда' successfully

03-12-2024T02:47:44 - [TEST_STEP][PASSED] - click(findTestObject("Выручка по ДЗО/Применить в фильтре ДЗО")): Object: 'Object Repository/Выручка по ДЗО/Применить в фильтре ДЗО' is clicked on

03-12-2024T02:47:45 - [MESSAGE][PASSED] - Object: 'Object Repository/Выручка по ДЗО/Применить в фильтре ДЗО' is clicked on

03-12-2024T02:47:45 - [TEST_STEP][PASSED] - Script1687405711779.Tumbler(todaysDate): null

03-12-2024T02:47:45 - [TEST_STEP][PASSED] - Script1687405711779.Test(todaysDate): null

03-12-2024T02:47:45 - [TEST_STEP][PASSED] - if (verifyTextNotPresent("нет данных", false) == true): null

03-12-2024T02:47:48 - [MESSAGE][PASSED] - Text 'нет данных' is not present on page

03-12-2024T02:47:48 - [TEST_STEP][PASSED] - if (verifyTextNotPresent("Ошибка запроса данных", false) == true): null

03-12-2024T02:47:49 - [MESSAGE][PASSED] - Text 'Ошибка запроса данных' is not present on page

03-12-2024T02:47:49 - [TEST_STEP][PASSED] - if (verifyTextNotPresent("Произошла ошибка при выполнении пользовательского кода", false) == true): null

03-12-2024T02:47:49 - [MESSAGE][PASSED] - Text 'Произошла ошибка при выполнении пользовательского кода' is not present on page

03-12-2024T02:47:49 - [TEST_STEP][PASSED] - if (verifyTextNotPresent("У виджета нет данных", false) == true): null

03-12-2024T02:47:49 - [MESSAGE][PASSED] - Text 'У виджета нет данных' is not present on page

03-12-2024T02:47:49 - [TEST_STEP][PASSED] - if (verifyTextNotPresent("У виджета нет данных", false) == true): Text 'У виджета нет данных' is not present on page

03-12-2024T02:47:50 - [MESSAGE][PASSED] - Text 'У виджета нет данных' is not present on page

03-12-2024T02:47:50 - [TEST_STEP][PASSED] - click(findTestObject("Выручка по ДЗО/Фильтр Выручка")): Object: 'Object Repository/Выручка по ДЗО/Фильтр Выручка' is clicked on

03-12-2024T02:47:50 - [MESSAGE][PASSED] - Object: 'Object Repository/Выручка по ДЗО/Фильтр Выручка' is clicked on

03-12-2024T02:47:50 - [TEST_STEP][PASSED] - click(findTestObject("Выручка по ДЗО/Внутренний оборот в фильтре Выручка")): Object: 'Object Repository/Выручка по ДЗО/Внутренний оборот в фильтре Выручка' is clicked on

03-12-2024T02:47:51 - [MESSAGE][PASSED] - Object: 'Object Repository/Выручка по ДЗО/Внутренний оборот в фильтре Выручка' is clicked on

03-12-2024T02:47:51 - [TEST_STEP][PASSED] - click(findTestObject("Выручка по ДЗО/Применить в фильтре Выручка")): Object: 'Object Repository/Выручка по ДЗО/Применить в фильтре Выручка' is clicked on

03-12-2024T02:47:51 - [MESSAGE][PASSED] - Object: 'Object Repository/Выручка по ДЗО/Применить в фильтре Выручка' is clicked on

03-12-2024T02:47:51 - [TEST_STEP][PASSED] - Script1687405711779.Test(todaysDate): null

03-12-2024T02:47:51 - [TEST_STEP][FAILED] - if (verifyTextNotPresent("нет данных", false) == true): Text 'нет данных' is present on page  (Root cause: com.kms.katalon.core.exception.StepFailedException: Text 'нет данных' is present on page 
	at com.kms.katalon.core.webui.keyword.internal.WebUIKeywordMain.stepFailed(WebUIKeywordMain.groovy:64)
	at com.kms.katalon.core.webui.keyword.builtin.VerifyTextNotPresentKeyword$_verifyTextNotPresent_closure1.doCall(VerifyTextNotPresentKeyword.groovy:77)
	at com.kms.katalon.core.webui.keyword.builtin.VerifyTextNotPresentKeyword$_verifyTextNotPresent_closure1.call(VerifyTextNotPresentKeyword.groovy)
	at com.kms.katalon.core.webui.keyword.internal.WebUIKeywordMain.runKeyword(WebUIKeywordMain.groovy:20)
	at com.kms.katalon.core.webui.keyword.builtin.VerifyTextNotPresentKeyword.verifyTextNotPresent(VerifyTextNotPresentKeyword.groovy:82)
	at com.kms.katalon.core.webui.keyword.builtin.VerifyTextNotPresentKeyword.execute(VerifyTextNotPresentKeyword.groovy:68)
	at com.kms.katalon.core.keyword.internal.KeywordExecutor.executeKeywordForPlatform(KeywordExecutor.groovy:74)
	at com.kms.katalon.core.webui.keyword.WebUiBuiltInKeywords.verifyTextNotPresent(WebUiBuiltInKeywords.groovy:1795)
	at Выручка по ДЗО отображение данных все филиалы.Test(Выручка по ДЗО отображение данных все филиалы:782)
	at Выручка по ДЗО отображение данных все филиалы.Tumbler(Выручка по ДЗО отображение данных все филиалы:738)
	at Выручка по ДЗО отображение данных все филиалы.Change(Выручка по ДЗО отображение данных все филиалы:772)
	at Выручка по ДЗО отображение данных все филиалы.DzoTest(Выручка по ДЗО отображение данных все филиалы:256)
	at Выручка по ДЗО отображение данных все филиалы.run(Выручка по ДЗО отображение данных все филиалы:134)
	at com.kms.katalon.core.main.ScriptEngine.run(ScriptEngine.java:194)
	at com.kms.katalon.core.main.ScriptEngine.runScriptAsRawText(ScriptEngine.java:119)
	at com.kms.katalon.core.main.TestCaseExecutor.runScript(TestCaseExecutor.java:448)
	at com.kms.katalon.core.main.TestCaseExecutor.doExecute(TestCaseExecutor.java:439)
	at com.kms.katalon.core.main.TestCaseExecutor.processExecutionPhase(TestCaseExecutor.java:418)
	at com.kms.katalon.core.main.TestCaseExecutor.accessMainPhase(TestCaseExecutor.java:410)
	at com.kms.katalon.core.main.TestCaseExecutor.execute(TestCaseExecutor.java:285)
	at com.kms.katalon.core.common.CommonExecutor.accessTestCaseMainPhase(CommonExecutor.java:65)
	at com.kms.katalon.core.main.TestSuiteExecutor.accessTestSuiteMainPhase(TestSuiteExecutor.java:150)
	at com.kms.katalon.core.main.TestSuiteExecutor.execute(TestSuiteExecutor.java:106)
	at com.kms.katalon.core.main.TestCaseMain.startTestSuite(TestCaseMain.java:180)
	at TempTestSuite1733182698305.run(TempTestSuite1733182698305.groovy:35)
	at java.base/jdk.internal.reflect.NativeMethodAccessorImpl.invoke0(Native Method)
	at java.base/jdk.internal.reflect.NativeMethodAccessorImpl.invoke(NativeMethodAccessorImpl.java:77)
	at java.base/jdk.internal.reflect.DelegatingMethodAccessorImpl.invoke(DelegatingMethodAccessorImpl.java:43)
)

03-12-2024T02:47:54 - [MESSAGE][FAILED] - Text 'нет данных' is present on page  (Root cause: com.kms.katalon.core.exception.StepFailedException: Text 'нет данных' is present on page 
	at com.kms.katalon.core.webui.keyword.internal.WebUIKeywordMain.stepFailed(WebUIKeywordMain.groovy:64)
	at com.kms.katalon.core.webui.keyword.builtin.VerifyTextNotPresentKeyword$_verifyTextNotPresent_closure1.doCall(VerifyTextNotPresentKeyword.groovy:77)
	at com.kms.katalon.core.webui.keyword.builtin.VerifyTextNotPresentKeyword$_verifyTextNotPresent_closure1.call(VerifyTextNotPresentKeyword.groovy)
	at com.kms.katalon.core.webui.keyword.internal.WebUIKeywordMain.runKeyword(WebUIKeywordMain.groovy:20)
	at com.kms.katalon.core.webui.keyword.builtin.VerifyTextNotPresentKeyword.verifyTextNotPresent(VerifyTextNotPresentKeyword.groovy:82)
	at com.kms.katalon.core.webui.keyword.builtin.VerifyTextNotPresentKeyword.execute(VerifyTextNotPresentKeyword.groovy:68)
	at com.kms.katalon.core.keyword.internal.KeywordExecutor.executeKeywordForPlatform(KeywordExecutor.groovy:74)
	at com.kms.katalon.core.webui.keyword.WebUiBuiltInKeywords.verifyTextNotPresent(WebUiBuiltInKeywords.groovy:1795)
	at Выручка по ДЗО отображение данных все филиалы.Test(Выручка по ДЗО отображение данных все филиалы:782)
	at Выручка по ДЗО отображение данных все филиалы.Tumbler(Выручка по ДЗО отображение данных все филиалы:738)
	at Выручка по ДЗО отображение данных все филиалы.Change(Выручка по ДЗО отображение данных все филиалы:772)
	at Выручка по ДЗО отображение данных все филиалы.DzoTest(Выручка по ДЗО отображение данных все филиалы:256)
	at Выручка по ДЗО отображение данных все филиалы.run(Выручка по ДЗО отображение данных все филиалы:134)
	at com.kms.katalon.core.main.ScriptEngine.run(ScriptEngine.java:194)
	at com.kms.katalon.core.main.ScriptEngine.runScriptAsRawText(ScriptEngine.java:119)
	at com.kms.katalon.core.main.TestCaseExecutor.runScript(TestCaseExecutor.java:448)
	at com.kms.katalon.core.main.TestCaseExecutor.doExecute(TestCaseExecutor.java:439)
	at com.kms.katalon.core.main.TestCaseExecutor.processExecutionPhase(TestCaseExecutor.java:418)
	at com.kms.katalon.core.main.TestCaseExecutor.accessMainPhase(TestCaseExecutor.java:410)
	at com.kms.katalon.core.main.TestCaseExecutor.execute(TestCaseExecutor.java:285)
	at com.kms.katalon.core.common.CommonExecutor.accessTestCaseMainPhase(CommonExecutor.java:65)
	at com.kms.katalon.core.main.TestSuiteExecutor.accessTestSuiteMainPhase(TestSuiteExecutor.java:150)
	at com.kms.katalon.core.main.TestSuiteExecutor.execute(TestSuiteExecutor.java:106)
	at com.kms.katalon.core.main.TestCaseMain.startTestSuite(TestCaseMain.java:180)
	at TempTestSuite1733182698305.run(TempTestSuite1733182698305.groovy:35)
	at java.base/jdk.internal.reflect.NativeMethodAccessorImpl.invoke0(Native Method)
	at java.base/jdk.internal.reflect.NativeMethodAccessorImpl.invoke(NativeMethodAccessorImpl.java:77)
	at java.base/jdk.internal.reflect.DelegatingMethodAccessorImpl.invoke(DelegatingMethodAccessorImpl.java:43)
)

03-12-2024T02:47:54 - [TEST_STEP][PASSED] - else: null

03-12-2024T02:47:54 - [TEST_STEP][PASSED] - Script1687405711779.WriteToExcel(todaysDate): null

03-12-2024T02:47:54 - [TEST_STEP][PASSED] - sheetName = "Sheet1": null

03-12-2024T02:47:54 - [TEST_STEP][PASSED] - data = findTestData("PlanFact"): null

03-12-2024T02:47:54 - [TEST_STEP][PASSED] - n = data.getRowNumbers() + 1: null

03-12-2024T02:47:54 - [TEST_STEP][PASSED] - dZO = getText(findTestObject("Выручка по ДЗО/Фильтр ДЗО")): Text of object 'Object Repository/Выручка по ДЗО/Фильтр ДЗО' is: 'ПАО Россети - РаспредКомплекс - Россети Ленэнерго (ГК) - Ленинградская область'

03-12-2024T02:47:54 - [MESSAGE][PASSED] - Text of object 'Object Repository/Выручка по ДЗО/Фильтр ДЗО' is: 'ПАО Россети - РаспредКомплекс - Россети Ленэнерго (ГК) - Ленинградская область'

03-12-2024T02:47:54 - [TEST_STEP][PASSED] - period = getText(findTestObject("Выручка по ДЗО/Фильтр Дата")): Text of object 'Object Repository/Выручка по ДЗО/Фильтр Дата' is: '1, 2, 3 кв., Октябрь 2024 года'

03-12-2024T02:47:54 - [MESSAGE][PASSED] - Text of object 'Object Repository/Выручка по ДЗО/Фильтр Дата' is: '1, 2, 3 кв., Октябрь 2024 года'

03-12-2024T02:47:54 - [TEST_STEP][PASSED] - viruchka = getText(findTestObject("Выручка по ДЗО/Фильтр Выручка")): Text of object 'Object Repository/Выручка по ДЗО/Фильтр Выручка' is: 'внутренний оборот'

03-12-2024T02:47:54 - [MESSAGE][PASSED] - Text of object 'Object Repository/Выручка по ДЗО/Фильтр Выручка' is: 'внутренний оборот'

03-12-2024T02:47:54 - [TEST_STEP][PASSED] - if (viruchka == "Выбрано: 2"): null

03-12-2024T02:47:54 - [TEST_STEP][PASSED] - if (viruchka == "Все"): null

03-12-2024T02:47:54 - [TEST_STEP][PASSED] - println(period): null

03-12-2024T02:47:54 - [TEST_STEP][PASSED] - dashboardName = "Выручка по ДЗО": null

03-12-2024T02:47:54 - [TEST_STEP][PASSED] - workbook01 = getWorkbook(excelFilePath): null

03-12-2024T02:47:54 - [TEST_STEP][PASSED] - sheet01 = getExcelSheet(workbook01, sheetName): null

03-12-2024T02:47:54 - [TEST_STEP][PASSED] - setValueToCellByIndex(sheet01, n, 0, dashboardName): null

03-12-2024T02:47:54 - [TEST_STEP][PASSED] - setValueToCellByIndex(sheet01, n, 1, dZO): null

03-12-2024T02:47:54 - [TEST_STEP][PASSED] - setValueToCellByIndex(sheet01, n, 2, period): null

03-12-2024T02:47:54 - [TEST_STEP][PASSED] - setValueToCellByIndex(sheet01, n, 3, viruchka): null

03-12-2024T02:47:54 - [TEST_STEP][PASSED] - setValueToCellByIndex(sheet01, n, 4, todaysDate): null

03-12-2024T02:47:54 - [TEST_STEP][PASSED] - n = n + 1: null

03-12-2024T02:47:54 - [TEST_STEP][PASSED] - saveWorkbook(excelFilePath, workbook01): null

03-12-2024T02:47:55 - [TEST_STEP][PASSED] - click(findTestObject("Выручка по ДЗО/Фильтр Выручка")): Object: 'Object Repository/Выручка по ДЗО/Фильтр Выручка' is clicked on

03-12-2024T02:47:55 - [MESSAGE][PASSED] - Object: 'Object Repository/Выручка по ДЗО/Фильтр Выручка' is clicked on

03-12-2024T02:47:55 - [TEST_STEP][PASSED] - click(findTestObject("Выручка по ДЗО/По передаче в фильтре Выручка")): Object: 'Object Repository/Выручка по ДЗО/По передаче в фильтре Выручка' is clicked on

03-12-2024T02:47:56 - [MESSAGE][PASSED] - Object: 'Object Repository/Выручка по ДЗО/По передаче в фильтре Выручка' is clicked on

03-12-2024T02:47:56 - [TEST_STEP][PASSED] - click(findTestObject("Выручка по ДЗО/Применить в фильтре Выручка")): Object: 'Object Repository/Выручка по ДЗО/Применить в фильтре Выручка' is clicked on

03-12-2024T02:47:56 - [MESSAGE][PASSED] - Object: 'Object Repository/Выручка по ДЗО/Применить в фильтре Выручка' is clicked on

03-12-2024T02:47:56 - [TEST_STEP][PASSED] - Script1687405711779.Test(todaysDate): null

03-12-2024T02:47:56 - [TEST_STEP][PASSED] - if (verifyTextNotPresent("нет данных", false) == true): null

03-12-2024T02:47:58 - [MESSAGE][PASSED] - Text 'нет данных' is not present on page

03-12-2024T02:47:58 - [TEST_STEP][PASSED] - if (verifyTextNotPresent("Ошибка запроса данных", false) == true): null

03-12-2024T02:47:59 - [MESSAGE][PASSED] - Text 'Ошибка запроса данных' is not present on page

03-12-2024T02:47:59 - [TEST_STEP][PASSED] - if (verifyTextNotPresent("Произошла ошибка при выполнении пользовательского кода", false) == true): null

03-12-2024T02:48:00 - [MESSAGE][PASSED] - Text 'Произошла ошибка при выполнении пользовательского кода' is not present on page

03-12-2024T02:48:00 - [TEST_STEP][PASSED] - if (verifyTextNotPresent("У виджета нет данных", false) == true): null

03-12-2024T02:48:00 - [MESSAGE][PASSED] - Text 'У виджета нет данных' is not present on page

03-12-2024T02:48:00 - [TEST_STEP][PASSED] - if (verifyTextNotPresent("У виджета нет данных", false) == true): Text 'У виджета нет данных' is not present on page

03-12-2024T02:48:01 - [MESSAGE][PASSED] - Text 'У виджета нет данных' is not present on page

03-12-2024T02:48:01 - [TEST_STEP][PASSED] - click(findTestObject("Выручка по ДЗО/Фильтр Выручка")): Object: 'Object Repository/Выручка по ДЗО/Фильтр Выручка' is clicked on

03-12-2024T02:48:01 - [MESSAGE][PASSED] - Object: 'Object Repository/Выручка по ДЗО/Фильтр Выручка' is clicked on

03-12-2024T02:48:01 - [TEST_STEP][PASSED] - click(findTestObject("Выручка по ДЗО/Снять выделение в фильтре Выручка")): Object: 'Object Repository/Выручка по ДЗО/Снять выделение в фильтре Выручка' is clicked on

03-12-2024T02:48:01 - [MESSAGE][PASSED] - Object: 'Object Repository/Выручка по ДЗО/Снять выделение в фильтре Выручка' is clicked on

03-12-2024T02:48:01 - [TEST_STEP][PASSED] - click(findTestObject("Выручка по ДЗО/По передаче в фильтре Выручка")): Object: 'Object Repository/Выручка по ДЗО/По передаче в фильтре Выручка' is clicked on

03-12-2024T02:48:02 - [MESSAGE][PASSED] - Object: 'Object Repository/Выручка по ДЗО/По передаче в фильтре Выручка' is clicked on

03-12-2024T02:48:02 - [TEST_STEP][PASSED] - click(findTestObject("Выручка по ДЗО/Применить в фильтре Выручка")): Object: 'Object Repository/Выручка по ДЗО/Применить в фильтре Выручка' is clicked on

03-12-2024T02:48:03 - [MESSAGE][PASSED] - Object: 'Object Repository/Выручка по ДЗО/Применить в фильтре Выручка' is clicked on

03-12-2024T02:48:03 - [TEST_STEP][PASSED] - Script1687405711779.Test(todaysDate): null

03-12-2024T02:48:03 - [TEST_STEP][PASSED] - if (verifyTextNotPresent("нет данных", false) == true): null

03-12-2024T02:48:05 - [MESSAGE][PASSED] - Text 'нет данных' is not present on page

03-12-2024T02:48:05 - [TEST_STEP][PASSED] - if (verifyTextNotPresent("Ошибка запроса данных", false) == true): null

03-12-2024T02:48:05 - [MESSAGE][PASSED] - Text 'Ошибка запроса данных' is not present on page

03-12-2024T02:48:05 - [TEST_STEP][PASSED] - if (verifyTextNotPresent("Произошла ошибка при выполнении пользовательского кода", false) == true): null

03-12-2024T02:48:06 - [MESSAGE][PASSED] - Text 'Произошла ошибка при выполнении пользовательского кода' is not present on page

03-12-2024T02:48:06 - [TEST_STEP][PASSED] - if (verifyTextNotPresent("У виджета нет данных", false) == true): null

03-12-2024T02:48:06 - [MESSAGE][PASSED] - Text 'У виджета нет данных' is not present on page

03-12-2024T02:48:06 - [TEST_STEP][PASSED] - if (verifyTextNotPresent("У виджета нет данных", false) == true): Text 'У виджета нет данных' is not present on page

03-12-2024T02:48:06 - [MESSAGE][PASSED] - Text 'У виджета нет данных' is not present on page

03-12-2024T02:48:06 - [TEST_STEP][PASSED] - click(findTestObject("Выручка по ДЗО/Фильтр Выручка")): Object: 'Object Repository/Выручка по ДЗО/Фильтр Выручка' is clicked on

03-12-2024T02:48:07 - [MESSAGE][PASSED] - Object: 'Object Repository/Выручка по ДЗО/Фильтр Выручка' is clicked on

03-12-2024T02:48:07 - [TEST_STEP][PASSED] - click(findTestObject("Выручка по ДЗО/Снять выделение в фильтре Выручка")): Object: 'Object Repository/Выручка по ДЗО/Снять выделение в фильтре Выручка' is clicked on

03-12-2024T02:48:07 - [MESSAGE][PASSED] - Object: 'Object Repository/Выручка по ДЗО/Снять выделение в фильтре Выручка' is clicked on

03-12-2024T02:48:07 - [TEST_STEP][PASSED] - click(findTestObject("Выручка по ДЗО/Применить в фильтре Выручка")): Object: 'Object Repository/Выручка по ДЗО/Применить в фильтре Выручка' is clicked on

03-12-2024T02:48:08 - [MESSAGE][PASSED] - Object: 'Object Repository/Выручка по ДЗО/Применить в фильтре Выручка' is clicked on

03-12-2024T02:48:08 - [TEST_STEP][PASSED] - click(findTestObject("Выручка по ДЗО/Фильтр ДЗО")): Object: 'Object Repository/Выручка по ДЗО/Фильтр ДЗО' is clicked on

03-12-2024T02:48:09 - [MESSAGE][PASSED] - Object: 'Object Repository/Выручка по ДЗО/Фильтр ДЗО' is clicked on

03-12-2024T02:48:09 - [TEST_STEP][PASSED] - click(findTestObject("Выручка по ДЗО/Снять выделение в фильтре ДЗО")): Object: 'Object Repository/Выручка по ДЗО/Снять выделение в фильтре ДЗО' is clicked on

03-12-2024T02:48:10 - [MESSAGE][PASSED] - Object: 'Object Repository/Выручка по ДЗО/Снять выделение в фильтре ДЗО' is clicked on

03-12-2024T02:48:10 - [TEST_STEP][PASSED] - scrollToElement(findTestObject("Общие объекты/Санкт-Петербург"), 30): Scroll to object 'Object Repository/Общие объекты/Санкт-Петербург' successfully

03-12-2024T02:48:10 - [MESSAGE][PASSED] - Scroll to object 'Object Repository/Общие объекты/Санкт-Петербург' successfully

03-12-2024T02:48:10 - [TEST_STEP][PASSED] - click(findTestObject("Общие объекты/Санкт-Петербург")): Object: 'Object Repository/Общие объекты/Санкт-Петербург' is clicked on

03-12-2024T02:48:10 - [MESSAGE][PASSED] - Object: 'Object Repository/Общие объекты/Санкт-Петербург' is clicked on

03-12-2024T02:48:10 - [TEST_STEP][PASSED] - Script1687405711779.Change(todaysDate): null

03-12-2024T02:48:10 - [TEST_STEP][PASSED] - scrollToElement(findTestObject("Выручка по ДЗО/Заголовок дашборда"), 30): Scroll to object 'Object Repository/Выручка по ДЗО/Заголовок дашборда' successfully

03-12-2024T02:48:11 - [MESSAGE][PASSED] - Scroll to object 'Object Repository/Выручка по ДЗО/Заголовок дашборда' successfully

03-12-2024T02:48:11 - [TEST_STEP][PASSED] - click(findTestObject("Выручка по ДЗО/Применить в фильтре ДЗО")): Object: 'Object Repository/Выручка по ДЗО/Применить в фильтре ДЗО' is clicked on

03-12-2024T02:48:11 - [MESSAGE][PASSED] - Object: 'Object Repository/Выручка по ДЗО/Применить в фильтре ДЗО' is clicked on

03-12-2024T02:48:11 - [TEST_STEP][PASSED] - Script1687405711779.Tumbler(todaysDate): null

03-12-2024T02:48:11 - [TEST_STEP][PASSED] - Script1687405711779.Test(todaysDate): null

03-12-2024T02:48:11 - [TEST_STEP][PASSED] - if (verifyTextNotPresent("нет данных", false) == true): null

03-12-2024T02:48:14 - [MESSAGE][PASSED] - Text 'нет данных' is not present on page

03-12-2024T02:48:14 - [TEST_STEP][PASSED] - if (verifyTextNotPresent("Ошибка запроса данных", false) == true): null

03-12-2024T02:48:15 - [MESSAGE][PASSED] - Text 'Ошибка запроса данных' is not present on page

03-12-2024T02:48:15 - [TEST_STEP][PASSED] - if (verifyTextNotPresent("Произошла ошибка при выполнении пользовательского кода", false) == true): null

03-12-2024T02:48:15 - [MESSAGE][PASSED] - Text 'Произошла ошибка при выполнении пользовательского кода' is not present on page

03-12-2024T02:48:15 - [TEST_STEP][PASSED] - if (verifyTextNotPresent("У виджета нет данных", false) == true): null

03-12-2024T02:48:16 - [MESSAGE][PASSED] - Text 'У виджета нет данных' is not present on page

03-12-2024T02:48:16 - [TEST_STEP][PASSED] - if (verifyTextNotPresent("У виджета нет данных", false) == true): Text 'У виджета нет данных' is not present on page

03-12-2024T02:48:16 - [MESSAGE][PASSED] - Text 'У виджета нет данных' is not present on page

03-12-2024T02:48:16 - [TEST_STEP][PASSED] - click(findTestObject("Выручка по ДЗО/Фильтр Выручка")): Object: 'Object Repository/Выручка по ДЗО/Фильтр Выручка' is clicked on

03-12-2024T02:48:17 - [MESSAGE][PASSED] - Object: 'Object Repository/Выручка по ДЗО/Фильтр Выручка' is clicked on

03-12-2024T02:48:17 - [TEST_STEP][PASSED] - click(findTestObject("Выручка по ДЗО/Внутренний оборот в фильтре Выручка")): Object: 'Object Repository/Выручка по ДЗО/Внутренний оборот в фильтре Выручка' is clicked on

03-12-2024T02:48:17 - [MESSAGE][PASSED] - Object: 'Object Repository/Выручка по ДЗО/Внутренний оборот в фильтре Выручка' is clicked on

03-12-2024T02:48:17 - [TEST_STEP][PASSED] - click(findTestObject("Выручка по ДЗО/Применить в фильтре Выручка")): Object: 'Object Repository/Выручка по ДЗО/Применить в фильтре Выручка' is clicked on

03-12-2024T02:48:18 - [MESSAGE][PASSED] - Object: 'Object Repository/Выручка по ДЗО/Применить в фильтре Выручка' is clicked on

03-12-2024T02:48:18 - [TEST_STEP][PASSED] - Script1687405711779.Test(todaysDate): null

03-12-2024T02:48:18 - [TEST_STEP][FAILED] - if (verifyTextNotPresent("нет данных", false) == true): Text 'нет данных' is present on page  (Root cause: com.kms.katalon.core.exception.StepFailedException: Text 'нет данных' is present on page 
	at com.kms.katalon.core.webui.keyword.internal.WebUIKeywordMain.stepFailed(WebUIKeywordMain.groovy:64)
	at com.kms.katalon.core.webui.keyword.builtin.VerifyTextNotPresentKeyword$_verifyTextNotPresent_closure1.doCall(VerifyTextNotPresentKeyword.groovy:77)
	at com.kms.katalon.core.webui.keyword.builtin.VerifyTextNotPresentKeyword$_verifyTextNotPresent_closure1.call(VerifyTextNotPresentKeyword.groovy)
	at com.kms.katalon.core.webui.keyword.internal.WebUIKeywordMain.runKeyword(WebUIKeywordMain.groovy:20)
	at com.kms.katalon.core.webui.keyword.builtin.VerifyTextNotPresentKeyword.verifyTextNotPresent(VerifyTextNotPresentKeyword.groovy:82)
	at com.kms.katalon.core.webui.keyword.builtin.VerifyTextNotPresentKeyword.execute(VerifyTextNotPresentKeyword.groovy:68)
	at com.kms.katalon.core.keyword.internal.KeywordExecutor.executeKeywordForPlatform(KeywordExecutor.groovy:74)
	at com.kms.katalon.core.webui.keyword.WebUiBuiltInKeywords.verifyTextNotPresent(WebUiBuiltInKeywords.groovy:1795)
	at Выручка по ДЗО отображение данных все филиалы.Test(Выручка по ДЗО отображение данных все филиалы:782)
	at Выручка по ДЗО отображение данных все филиалы.Tumbler(Выручка по ДЗО отображение данных все филиалы:738)
	at Выручка по ДЗО отображение данных все филиалы.Change(Выручка по ДЗО отображение данных все филиалы:772)
	at Выручка по ДЗО отображение данных все филиалы.DzoTest(Выручка по ДЗО отображение данных все филиалы:262)
	at Выручка по ДЗО отображение данных все филиалы.run(Выручка по ДЗО отображение данных все филиалы:134)
	at com.kms.katalon.core.main.ScriptEngine.run(ScriptEngine.java:194)
	at com.kms.katalon.core.main.ScriptEngine.runScriptAsRawText(ScriptEngine.java:119)
	at com.kms.katalon.core.main.TestCaseExecutor.runScript(TestCaseExecutor.java:448)
	at com.kms.katalon.core.main.TestCaseExecutor.doExecute(TestCaseExecutor.java:439)
	at com.kms.katalon.core.main.TestCaseExecutor.processExecutionPhase(TestCaseExecutor.java:418)
	at com.kms.katalon.core.main.TestCaseExecutor.accessMainPhase(TestCaseExecutor.java:410)
	at com.kms.katalon.core.main.TestCaseExecutor.execute(TestCaseExecutor.java:285)
	at com.kms.katalon.core.common.CommonExecutor.accessTestCaseMainPhase(CommonExecutor.java:65)
	at com.kms.katalon.core.main.TestSuiteExecutor.accessTestSuiteMainPhase(TestSuiteExecutor.java:150)
	at com.kms.katalon.core.main.TestSuiteExecutor.execute(TestSuiteExecutor.java:106)
	at com.kms.katalon.core.main.TestCaseMain.startTestSuite(TestCaseMain.java:180)
	at TempTestSuite1733182698305.run(TempTestSuite1733182698305.groovy:35)
	at java.base/jdk.internal.reflect.NativeMethodAccessorImpl.invoke0(Native Method)
	at java.base/jdk.internal.reflect.NativeMethodAccessorImpl.invoke(NativeMethodAccessorImpl.java:77)
	at java.base/jdk.internal.reflect.DelegatingMethodAccessorImpl.invoke(DelegatingMethodAccessorImpl.java:43)
)

03-12-2024T02:48:20 - [MESSAGE][FAILED] - Text 'нет данных' is present on page  (Root cause: com.kms.katalon.core.exception.StepFailedException: Text 'нет данных' is present on page 
	at com.kms.katalon.core.webui.keyword.internal.WebUIKeywordMain.stepFailed(WebUIKeywordMain.groovy:64)
	at com.kms.katalon.core.webui.keyword.builtin.VerifyTextNotPresentKeyword$_verifyTextNotPresent_closure1.doCall(VerifyTextNotPresentKeyword.groovy:77)
	at com.kms.katalon.core.webui.keyword.builtin.VerifyTextNotPresentKeyword$_verifyTextNotPresent_closure1.call(VerifyTextNotPresentKeyword.groovy)
	at com.kms.katalon.core.webui.keyword.internal.WebUIKeywordMain.runKeyword(WebUIKeywordMain.groovy:20)
	at com.kms.katalon.core.webui.keyword.builtin.VerifyTextNotPresentKeyword.verifyTextNotPresent(VerifyTextNotPresentKeyword.groovy:82)
	at com.kms.katalon.core.webui.keyword.builtin.VerifyTextNotPresentKeyword.execute(VerifyTextNotPresentKeyword.groovy:68)
	at com.kms.katalon.core.keyword.internal.KeywordExecutor.executeKeywordForPlatform(KeywordExecutor.groovy:74)
	at com.kms.katalon.core.webui.keyword.WebUiBuiltInKeywords.verifyTextNotPresent(WebUiBuiltInKeywords.groovy:1795)
	at Выручка по ДЗО отображение данных все филиалы.Test(Выручка по ДЗО отображение данных все филиалы:782)
	at Выручка по ДЗО отображение данных все филиалы.Tumbler(Выручка по ДЗО отображение данных все филиалы:738)
	at Выручка по ДЗО отображение данных все филиалы.Change(Выручка по ДЗО отображение данных все филиалы:772)
	at Выручка по ДЗО отображение данных все филиалы.DzoTest(Выручка по ДЗО отображение данных все филиалы:262)
	at Выручка по ДЗО отображение данных все филиалы.run(Выручка по ДЗО отображение данных все филиалы:134)
	at com.kms.katalon.core.main.ScriptEngine.run(ScriptEngine.java:194)
	at com.kms.katalon.core.main.ScriptEngine.runScriptAsRawText(ScriptEngine.java:119)
	at com.kms.katalon.core.main.TestCaseExecutor.runScript(TestCaseExecutor.java:448)
	at com.kms.katalon.core.main.TestCaseExecutor.doExecute(TestCaseExecutor.java:439)
	at com.kms.katalon.core.main.TestCaseExecutor.processExecutionPhase(TestCaseExecutor.java:418)
	at com.kms.katalon.core.main.TestCaseExecutor.accessMainPhase(TestCaseExecutor.java:410)
	at com.kms.katalon.core.main.TestCaseExecutor.execute(TestCaseExecutor.java:285)
	at com.kms.katalon.core.common.CommonExecutor.accessTestCaseMainPhase(CommonExecutor.java:65)
	at com.kms.katalon.core.main.TestSuiteExecutor.accessTestSuiteMainPhase(TestSuiteExecutor.java:150)
	at com.kms.katalon.core.main.TestSuiteExecutor.execute(TestSuiteExecutor.java:106)
	at com.kms.katalon.core.main.TestCaseMain.startTestSuite(TestCaseMain.java:180)
	at TempTestSuite1733182698305.run(TempTestSuite1733182698305.groovy:35)
	at java.base/jdk.internal.reflect.NativeMethodAccessorImpl.invoke0(Native Method)
	at java.base/jdk.internal.reflect.NativeMethodAccessorImpl.invoke(NativeMethodAccessorImpl.java:77)
	at java.base/jdk.internal.reflect.DelegatingMethodAccessorImpl.invoke(DelegatingMethodAccessorImpl.java:43)
)

03-12-2024T02:48:20 - [TEST_STEP][PASSED] - else: null

03-12-2024T02:48:20 - [TEST_STEP][PASSED] - Script1687405711779.WriteToExcel(todaysDate): null

03-12-2024T02:48:20 - [TEST_STEP][PASSED] - sheetName = "Sheet1": null

03-12-2024T02:48:20 - [TEST_STEP][PASSED] - data = findTestData("PlanFact"): null

03-12-2024T02:48:20 - [TEST_STEP][PASSED] - n = data.getRowNumbers() + 1: null

03-12-2024T02:48:20 - [TEST_STEP][PASSED] - dZO = getText(findTestObject("Выручка по ДЗО/Фильтр ДЗО")): Text of object 'Object Repository/Выручка по ДЗО/Фильтр ДЗО' is: 'ПАО Россети - РаспредКомплекс - Россети Ленэнерго (ГК) - г. Санкт-Петербург'

03-12-2024T02:48:20 - [MESSAGE][PASSED] - Text of object 'Object Repository/Выручка по ДЗО/Фильтр ДЗО' is: 'ПАО Россети - РаспредКомплекс - Россети Ленэнерго (ГК) - г. Санкт-Петербург'

03-12-2024T02:48:20 - [TEST_STEP][PASSED] - period = getText(findTestObject("Выручка по ДЗО/Фильтр Дата")): Text of object 'Object Repository/Выручка по ДЗО/Фильтр Дата' is: '1, 2, 3 кв., Октябрь 2024 года'

03-12-2024T02:48:20 - [MESSAGE][PASSED] - Text of object 'Object Repository/Выручка по ДЗО/Фильтр Дата' is: '1, 2, 3 кв., Октябрь 2024 года'

03-12-2024T02:48:20 - [TEST_STEP][PASSED] - viruchka = getText(findTestObject("Выручка по ДЗО/Фильтр Выручка")): Text of object 'Object Repository/Выручка по ДЗО/Фильтр Выручка' is: 'внутренний оборот'

03-12-2024T02:48:21 - [MESSAGE][PASSED] - Text of object 'Object Repository/Выручка по ДЗО/Фильтр Выручка' is: 'внутренний оборот'

03-12-2024T02:48:21 - [TEST_STEP][PASSED] - if (viruchka == "Выбрано: 2"): null

03-12-2024T02:48:21 - [TEST_STEP][PASSED] - if (viruchka == "Все"): null

03-12-2024T02:48:21 - [TEST_STEP][PASSED] - println(period): null

03-12-2024T02:48:21 - [TEST_STEP][PASSED] - dashboardName = "Выручка по ДЗО": null

03-12-2024T02:48:21 - [TEST_STEP][PASSED] - workbook01 = getWorkbook(excelFilePath): null

03-12-2024T02:48:21 - [TEST_STEP][PASSED] - sheet01 = getExcelSheet(workbook01, sheetName): null

03-12-2024T02:48:21 - [TEST_STEP][PASSED] - setValueToCellByIndex(sheet01, n, 0, dashboardName): null

03-12-2024T02:48:21 - [TEST_STEP][PASSED] - setValueToCellByIndex(sheet01, n, 1, dZO): null

03-12-2024T02:48:21 - [TEST_STEP][PASSED] - setValueToCellByIndex(sheet01, n, 2, period): null

03-12-2024T02:48:21 - [TEST_STEP][PASSED] - setValueToCellByIndex(sheet01, n, 3, viruchka): null

03-12-2024T02:48:21 - [TEST_STEP][PASSED] - setValueToCellByIndex(sheet01, n, 4, todaysDate): null

03-12-2024T02:48:21 - [TEST_STEP][PASSED] - n = n + 1: null

03-12-2024T02:48:21 - [TEST_STEP][PASSED] - saveWorkbook(excelFilePath, workbook01): null

03-12-2024T02:48:21 - [TEST_STEP][PASSED] - click(findTestObject("Выручка по ДЗО/Фильтр Выручка")): Object: 'Object Repository/Выручка по ДЗО/Фильтр Выручка' is clicked on

03-12-2024T02:48:21 - [MESSAGE][PASSED] - Object: 'Object Repository/Выручка по ДЗО/Фильтр Выручка' is clicked on

03-12-2024T02:48:21 - [TEST_STEP][PASSED] - click(findTestObject("Выручка по ДЗО/По передаче в фильтре Выручка")): Object: 'Object Repository/Выручка по ДЗО/По передаче в фильтре Выручка' is clicked on

03-12-2024T02:48:22 - [MESSAGE][PASSED] - Object: 'Object Repository/Выручка по ДЗО/По передаче в фильтре Выручка' is clicked on

03-12-2024T02:48:22 - [TEST_STEP][PASSED] - click(findTestObject("Выручка по ДЗО/Применить в фильтре Выручка")): Object: 'Object Repository/Выручка по ДЗО/Применить в фильтре Выручка' is clicked on

03-12-2024T02:48:22 - [MESSAGE][PASSED] - Object: 'Object Repository/Выручка по ДЗО/Применить в фильтре Выручка' is clicked on

03-12-2024T02:48:22 - [TEST_STEP][PASSED] - Script1687405711779.Test(todaysDate): null

03-12-2024T02:48:22 - [TEST_STEP][PASSED] - if (verifyTextNotPresent("нет данных", false) == true): null

03-12-2024T02:48:24 - [MESSAGE][PASSED] - Text 'нет данных' is not present on page

03-12-2024T02:48:24 - [TEST_STEP][PASSED] - if (verifyTextNotPresent("Ошибка запроса данных", false) == true): null

03-12-2024T02:48:25 - [MESSAGE][PASSED] - Text 'Ошибка запроса данных' is not present on page

03-12-2024T02:48:25 - [TEST_STEP][PASSED] - if (verifyTextNotPresent("Произошла ошибка при выполнении пользовательского кода", false) == true): null

03-12-2024T02:48:26 - [MESSAGE][PASSED] - Text 'Произошла ошибка при выполнении пользовательского кода' is not present on page

03-12-2024T02:48:26 - [TEST_STEP][PASSED] - if (verifyTextNotPresent("У виджета нет данных", false) == true): null

03-12-2024T02:48:26 - [MESSAGE][PASSED] - Text 'У виджета нет данных' is not present on page

03-12-2024T02:48:26 - [TEST_STEP][PASSED] - if (verifyTextNotPresent("У виджета нет данных", false) == true): Text 'У виджета нет данных' is not present on page

03-12-2024T02:48:27 - [MESSAGE][PASSED] - Text 'У виджета нет данных' is not present on page

03-12-2024T02:48:27 - [TEST_STEP][PASSED] - click(findTestObject("Выручка по ДЗО/Фильтр Выручка")): Object: 'Object Repository/Выручка по ДЗО/Фильтр Выручка' is clicked on

03-12-2024T02:48:27 - [MESSAGE][PASSED] - Object: 'Object Repository/Выручка по ДЗО/Фильтр Выручка' is clicked on

03-12-2024T02:48:27 - [TEST_STEP][PASSED] - click(findTestObject("Выручка по ДЗО/Снять выделение в фильтре Выручка")): Object: 'Object Repository/Выручка по ДЗО/Снять выделение в фильтре Выручка' is clicked on

03-12-2024T02:48:28 - [MESSAGE][PASSED] - Object: 'Object Repository/Выручка по ДЗО/Снять выделение в фильтре Выручка' is clicked on

03-12-2024T02:48:28 - [TEST_STEP][PASSED] - click(findTestObject("Выручка по ДЗО/По передаче в фильтре Выручка")): Object: 'Object Repository/Выручка по ДЗО/По передаче в фильтре Выручка' is clicked on

03-12-2024T02:48:28 - [MESSAGE][PASSED] - Object: 'Object Repository/Выручка по ДЗО/По передаче в фильтре Выручка' is clicked on

03-12-2024T02:48:28 - [TEST_STEP][PASSED] - click(findTestObject("Выручка по ДЗО/Применить в фильтре Выручка")): Object: 'Object Repository/Выручка по ДЗО/Применить в фильтре Выручка' is clicked on

03-12-2024T02:48:29 - [MESSAGE][PASSED] - Object: 'Object Repository/Выручка по ДЗО/Применить в фильтре Выручка' is clicked on

03-12-2024T02:48:29 - [TEST_STEP][PASSED] - Script1687405711779.Test(todaysDate): null

03-12-2024T02:48:29 - [TEST_STEP][PASSED] - if (verifyTextNotPresent("нет данных", false) == true): null

03-12-2024T02:48:30 - [MESSAGE][PASSED] - Text 'нет данных' is not present on page

03-12-2024T02:48:30 - [TEST_STEP][PASSED] - if (verifyTextNotPresent("Ошибка запроса данных", false) == true): null

03-12-2024T02:48:31 - [MESSAGE][PASSED] - Text 'Ошибка запроса данных' is not present on page

03-12-2024T02:48:31 - [TEST_STEP][PASSED] - if (verifyTextNotPresent("Произошла ошибка при выполнении пользовательского кода", false) == true): null

03-12-2024T02:48:31 - [MESSAGE][PASSED] - Text 'Произошла ошибка при выполнении пользовательского кода' is not present on page

03-12-2024T02:48:31 - [TEST_STEP][PASSED] - if (verifyTextNotPresent("У виджета нет данных", false) == true): null

03-12-2024T02:48:32 - [MESSAGE][PASSED] - Text 'У виджета нет данных' is not present on page

03-12-2024T02:48:32 - [TEST_STEP][PASSED] - if (verifyTextNotPresent("У виджета нет данных", false) == true): Text 'У виджета нет данных' is not present on page

03-12-2024T02:48:32 - [MESSAGE][PASSED] - Text 'У виджета нет данных' is not present on page

03-12-2024T02:48:32 - [TEST_STEP][PASSED] - click(findTestObject("Выручка по ДЗО/Фильтр Выручка")): Object: 'Object Repository/Выручка по ДЗО/Фильтр Выручка' is clicked on

03-12-2024T02:48:33 - [MESSAGE][PASSED] - Object: 'Object Repository/Выручка по ДЗО/Фильтр Выручка' is clicked on

03-12-2024T02:48:33 - [TEST_STEP][PASSED] - click(findTestObject("Выручка по ДЗО/Снять выделение в фильтре Выручка")): Object: 'Object Repository/Выручка по ДЗО/Снять выделение в фильтре Выручка' is clicked on

03-12-2024T02:48:33 - [MESSAGE][PASSED] - Object: 'Object Repository/Выручка по ДЗО/Снять выделение в фильтре Выручка' is clicked on

03-12-2024T02:48:33 - [TEST_STEP][PASSED] - click(findTestObject("Выручка по ДЗО/Применить в фильтре Выручка")): Object: 'Object Repository/Выручка по ДЗО/Применить в фильтре Выручка' is clicked on

03-12-2024T02:48:34 - [MESSAGE][PASSED] - Object: 'Object Repository/Выручка по ДЗО/Применить в фильтре Выручка' is clicked on

03-12-2024T02:48:34 - [TEST_STEP][PASSED] - click(findTestObject("Выручка по ДЗО/Фильтр ДЗО")): Object: 'Object Repository/Выручка по ДЗО/Фильтр ДЗО' is clicked on

03-12-2024T02:48:37 - [MESSAGE][PASSED] - Object: 'Object Repository/Выручка по ДЗО/Фильтр ДЗО' is clicked on

03-12-2024T02:48:37 - [TEST_STEP][PASSED] - click(findTestObject("Выручка по ДЗО/Снять выделение в фильтре ДЗО")): Object: 'Object Repository/Выручка по ДЗО/Снять выделение в фильтре ДЗО' is clicked on

03-12-2024T02:48:38 - [MESSAGE][PASSED] - Object: 'Object Repository/Выручка по ДЗО/Снять выделение в фильтре ДЗО' is clicked on

03-12-2024T02:48:38 - [TEST_STEP][PASSED] - scrollToElement(findTestObject("Выручка по ДЗО/Россети Московский регион Выручка по ДЗО"), 30): Scroll to object 'Object Repository/Выручка по ДЗО/Россети Московский регион Выручка по ДЗО' successfully

03-12-2024T02:48:38 - [MESSAGE][PASSED] - Scroll to object 'Object Repository/Выручка по ДЗО/Россети Московский регион Выручка по ДЗО' successfully

03-12-2024T02:48:38 - [TEST_STEP][PASSED] - click(findTestObject("Выручка по ДЗО/Россети Московский регион Выручка по ДЗО")): Object: 'Object Repository/Выручка по ДЗО/Россети Московский регион Выручка по ДЗО' is clicked on

03-12-2024T02:48:38 - [MESSAGE][PASSED] - Object: 'Object Repository/Выручка по ДЗО/Россети Московский регион Выручка по ДЗО' is clicked on

03-12-2024T02:48:38 - [TEST_STEP][PASSED] - scrollToElement(findTestObject("Выручка по ДЗО/Фильтр ДЗО"), 30): Scroll to object 'Object Repository/Выручка по ДЗО/Фильтр ДЗО' successfully

03-12-2024T02:48:39 - [MESSAGE][PASSED] - Scroll to object 'Object Repository/Выручка по ДЗО/Фильтр ДЗО' successfully

03-12-2024T02:48:39 - [TEST_STEP][PASSED] - Script1687405711779.Change(todaysDate): null

03-12-2024T02:48:39 - [TEST_STEP][PASSED] - scrollToElement(findTestObject("Выручка по ДЗО/Заголовок дашборда"), 30): Scroll to object 'Object Repository/Выручка по ДЗО/Заголовок дашборда' successfully

03-12-2024T02:48:39 - [MESSAGE][PASSED] - Scroll to object 'Object Repository/Выручка по ДЗО/Заголовок дашборда' successfully

03-12-2024T02:48:39 - [TEST_STEP][PASSED] - click(findTestObject("Выручка по ДЗО/Применить в фильтре ДЗО")): Object: 'Object Repository/Выручка по ДЗО/Применить в фильтре ДЗО' is clicked on

03-12-2024T02:48:39 - [MESSAGE][PASSED] - Object: 'Object Repository/Выручка по ДЗО/Применить в фильтре ДЗО' is clicked on

03-12-2024T02:48:39 - [TEST_STEP][PASSED] - Script1687405711779.Tumbler(todaysDate): null

03-12-2024T02:48:39 - [TEST_STEP][PASSED] - Script1687405711779.Test(todaysDate): null

03-12-2024T02:48:39 - [TEST_STEP][PASSED] - if (verifyTextNotPresent("нет данных", false) == true): null

03-12-2024T02:48:42 - [MESSAGE][PASSED] - Text 'нет данных' is not present on page

03-12-2024T02:48:42 - [TEST_STEP][PASSED] - if (verifyTextNotPresent("Ошибка запроса данных", false) == true): null

03-12-2024T02:48:44 - [MESSAGE][PASSED] - Text 'Ошибка запроса данных' is not present on page

03-12-2024T02:48:44 - [TEST_STEP][PASSED] - if (verifyTextNotPresent("Произошла ошибка при выполнении пользовательского кода", false) == true): null

03-12-2024T02:48:44 - [MESSAGE][PASSED] - Text 'Произошла ошибка при выполнении пользовательского кода' is not present on page

03-12-2024T02:48:44 - [TEST_STEP][PASSED] - if (verifyTextNotPresent("У виджета нет данных", false) == true): null

03-12-2024T02:48:45 - [MESSAGE][PASSED] - Text 'У виджета нет данных' is not present on page

03-12-2024T02:48:45 - [TEST_STEP][PASSED] - if (verifyTextNotPresent("У виджета нет данных", false) == true): Text 'У виджета нет данных' is not present on page

03-12-2024T02:48:45 - [MESSAGE][PASSED] - Text 'У виджета нет данных' is not present on page

03-12-2024T02:48:45 - [TEST_STEP][PASSED] - click(findTestObject("Выручка по ДЗО/Фильтр Выручка")): Object: 'Object Repository/Выручка по ДЗО/Фильтр Выручка' is clicked on

03-12-2024T02:48:45 - [MESSAGE][PASSED] - Object: 'Object Repository/Выручка по ДЗО/Фильтр Выручка' is clicked on

03-12-2024T02:48:45 - [TEST_STEP][PASSED] - click(findTestObject("Выручка по ДЗО/Внутренний оборот в фильтре Выручка")): Object: 'Object Repository/Выручка по ДЗО/Внутренний оборот в фильтре Выручка' is clicked on

03-12-2024T02:48:46 - [MESSAGE][PASSED] - Object: 'Object Repository/Выручка по ДЗО/Внутренний оборот в фильтре Выручка' is clicked on

03-12-2024T02:48:46 - [TEST_STEP][PASSED] - click(findTestObject("Выручка по ДЗО/Применить в фильтре Выручка")): Object: 'Object Repository/Выручка по ДЗО/Применить в фильтре Выручка' is clicked on

03-12-2024T02:48:47 - [MESSAGE][PASSED] - Object: 'Object Repository/Выручка по ДЗО/Применить в фильтре Выручка' is clicked on

03-12-2024T02:48:47 - [TEST_STEP][PASSED] - Script1687405711779.Test(todaysDate): null

03-12-2024T02:48:47 - [TEST_STEP][FAILED] - if (verifyTextNotPresent("нет данных", false) == true): Text 'нет данных' is present on page  (Root cause: com.kms.katalon.core.exception.StepFailedException: Text 'нет данных' is present on page 
	at com.kms.katalon.core.webui.keyword.internal.WebUIKeywordMain.stepFailed(WebUIKeywordMain.groovy:64)
	at com.kms.katalon.core.webui.keyword.builtin.VerifyTextNotPresentKeyword$_verifyTextNotPresent_closure1.doCall(VerifyTextNotPresentKeyword.groovy:77)
	at com.kms.katalon.core.webui.keyword.builtin.VerifyTextNotPresentKeyword$_verifyTextNotPresent_closure1.call(VerifyTextNotPresentKeyword.groovy)
	at com.kms.katalon.core.webui.keyword.internal.WebUIKeywordMain.runKeyword(WebUIKeywordMain.groovy:20)
	at com.kms.katalon.core.webui.keyword.builtin.VerifyTextNotPresentKeyword.verifyTextNotPresent(VerifyTextNotPresentKeyword.groovy:82)
	at com.kms.katalon.core.webui.keyword.builtin.VerifyTextNotPresentKeyword.execute(VerifyTextNotPresentKeyword.groovy:68)
	at com.kms.katalon.core.keyword.internal.KeywordExecutor.executeKeywordForPlatform(KeywordExecutor.groovy:74)
	at com.kms.katalon.core.webui.keyword.WebUiBuiltInKeywords.verifyTextNotPresent(WebUiBuiltInKeywords.groovy:1795)
	at Выручка по ДЗО отображение данных все филиалы.Test(Выручка по ДЗО отображение данных все филиалы:782)
	at Выручка по ДЗО отображение данных все филиалы.Tumbler(Выручка по ДЗО отображение данных все филиалы:738)
	at Выручка по ДЗО отображение данных все филиалы.Change(Выручка по ДЗО отображение данных все филиалы:772)
	at Выручка по ДЗО отображение данных все филиалы.DzoTest(Выручка по ДЗО отображение данных все филиалы:270)
	at Выручка по ДЗО отображение данных все филиалы.run(Выручка по ДЗО отображение данных все филиалы:134)
	at com.kms.katalon.core.main.ScriptEngine.run(ScriptEngine.java:194)
	at com.kms.katalon.core.main.ScriptEngine.runScriptAsRawText(ScriptEngine.java:119)
	at com.kms.katalon.core.main.TestCaseExecutor.runScript(TestCaseExecutor.java:448)
	at com.kms.katalon.core.main.TestCaseExecutor.doExecute(TestCaseExecutor.java:439)
	at com.kms.katalon.core.main.TestCaseExecutor.processExecutionPhase(TestCaseExecutor.java:418)
	at com.kms.katalon.core.main.TestCaseExecutor.accessMainPhase(TestCaseExecutor.java:410)
	at com.kms.katalon.core.main.TestCaseExecutor.execute(TestCaseExecutor.java:285)
	at com.kms.katalon.core.common.CommonExecutor.accessTestCaseMainPhase(CommonExecutor.java:65)
	at com.kms.katalon.core.main.TestSuiteExecutor.accessTestSuiteMainPhase(TestSuiteExecutor.java:150)
	at com.kms.katalon.core.main.TestSuiteExecutor.execute(TestSuiteExecutor.java:106)
	at com.kms.katalon.core.main.TestCaseMain.startTestSuite(TestCaseMain.java:180)
	at TempTestSuite1733182698305.run(TempTestSuite1733182698305.groovy:35)
	at java.base/jdk.internal.reflect.NativeMethodAccessorImpl.invoke0(Native Method)
	at java.base/jdk.internal.reflect.NativeMethodAccessorImpl.invoke(NativeMethodAccessorImpl.java:77)
	at java.base/jdk.internal.reflect.DelegatingMethodAccessorImpl.invoke(DelegatingMethodAccessorImpl.java:43)
)

03-12-2024T02:48:49 - [MESSAGE][FAILED] - Text 'нет данных' is present on page  (Root cause: com.kms.katalon.core.exception.StepFailedException: Text 'нет данных' is present on page 
	at com.kms.katalon.core.webui.keyword.internal.WebUIKeywordMain.stepFailed(WebUIKeywordMain.groovy:64)
	at com.kms.katalon.core.webui.keyword.builtin.VerifyTextNotPresentKeyword$_verifyTextNotPresent_closure1.doCall(VerifyTextNotPresentKeyword.groovy:77)
	at com.kms.katalon.core.webui.keyword.builtin.VerifyTextNotPresentKeyword$_verifyTextNotPresent_closure1.call(VerifyTextNotPresentKeyword.groovy)
	at com.kms.katalon.core.webui.keyword.internal.WebUIKeywordMain.runKeyword(WebUIKeywordMain.groovy:20)
	at com.kms.katalon.core.webui.keyword.builtin.VerifyTextNotPresentKeyword.verifyTextNotPresent(VerifyTextNotPresentKeyword.groovy:82)
	at com.kms.katalon.core.webui.keyword.builtin.VerifyTextNotPresentKeyword.execute(VerifyTextNotPresentKeyword.groovy:68)
	at com.kms.katalon.core.keyword.internal.KeywordExecutor.executeKeywordForPlatform(KeywordExecutor.groovy:74)
	at com.kms.katalon.core.webui.keyword.WebUiBuiltInKeywords.verifyTextNotPresent(WebUiBuiltInKeywords.groovy:1795)
	at Выручка по ДЗО отображение данных все филиалы.Test(Выручка по ДЗО отображение данных все филиалы:782)
	at Выручка по ДЗО отображение данных все филиалы.Tumbler(Выручка по ДЗО отображение данных все филиалы:738)
	at Выручка по ДЗО отображение данных все филиалы.Change(Выручка по ДЗО отображение данных все филиалы:772)
	at Выручка по ДЗО отображение данных все филиалы.DzoTest(Выручка по ДЗО отображение данных все филиалы:270)
	at Выручка по ДЗО отображение данных все филиалы.run(Выручка по ДЗО отображение данных все филиалы:134)
	at com.kms.katalon.core.main.ScriptEngine.run(ScriptEngine.java:194)
	at com.kms.katalon.core.main.ScriptEngine.runScriptAsRawText(ScriptEngine.java:119)
	at com.kms.katalon.core.main.TestCaseExecutor.runScript(TestCaseExecutor.java:448)
	at com.kms.katalon.core.main.TestCaseExecutor.doExecute(TestCaseExecutor.java:439)
	at com.kms.katalon.core.main.TestCaseExecutor.processExecutionPhase(TestCaseExecutor.java:418)
	at com.kms.katalon.core.main.TestCaseExecutor.accessMainPhase(TestCaseExecutor.java:410)
	at com.kms.katalon.core.main.TestCaseExecutor.execute(TestCaseExecutor.java:285)
	at com.kms.katalon.core.common.CommonExecutor.accessTestCaseMainPhase(CommonExecutor.java:65)
	at com.kms.katalon.core.main.TestSuiteExecutor.accessTestSuiteMainPhase(TestSuiteExecutor.java:150)
	at com.kms.katalon.core.main.TestSuiteExecutor.execute(TestSuiteExecutor.java:106)
	at com.kms.katalon.core.main.TestCaseMain.startTestSuite(TestCaseMain.java:180)
	at TempTestSuite1733182698305.run(TempTestSuite1733182698305.groovy:35)
	at java.base/jdk.internal.reflect.NativeMethodAccessorImpl.invoke0(Native Method)
	at java.base/jdk.internal.reflect.NativeMethodAccessorImpl.invoke(NativeMethodAccessorImpl.java:77)
	at java.base/jdk.internal.reflect.DelegatingMethodAccessorImpl.invoke(DelegatingMethodAccessorImpl.java:43)
)

03-12-2024T02:48:49 - [TEST_STEP][PASSED] - else: null

03-12-2024T02:48:49 - [TEST_STEP][PASSED] - Script1687405711779.WriteToExcel(todaysDate): null

03-12-2024T02:48:49 - [TEST_STEP][PASSED] - sheetName = "Sheet1": null

03-12-2024T02:48:49 - [TEST_STEP][PASSED] - data = findTestData("PlanFact"): null

03-12-2024T02:48:49 - [TEST_STEP][PASSED] - n = data.getRowNumbers() + 1: null

03-12-2024T02:48:49 - [TEST_STEP][PASSED] - dZO = getText(findTestObject("Выручка по ДЗО/Фильтр ДЗО")): Text of object 'Object Repository/Выручка по ДЗО/Фильтр ДЗО' is: 'ПАО Россети - РаспредКомплекс - Россети Московский регион'

03-12-2024T02:48:49 - [MESSAGE][PASSED] - Text of object 'Object Repository/Выручка по ДЗО/Фильтр ДЗО' is: 'ПАО Россети - РаспредКомплекс - Россети Московский регион'

03-12-2024T02:48:49 - [TEST_STEP][PASSED] - period = getText(findTestObject("Выручка по ДЗО/Фильтр Дата")): Text of object 'Object Repository/Выручка по ДЗО/Фильтр Дата' is: '1, 2, 3 кв., Октябрь 2024 года'

03-12-2024T02:48:49 - [MESSAGE][PASSED] - Text of object 'Object Repository/Выручка по ДЗО/Фильтр Дата' is: '1, 2, 3 кв., Октябрь 2024 года'

03-12-2024T02:48:49 - [TEST_STEP][PASSED] - viruchka = getText(findTestObject("Выручка по ДЗО/Фильтр Выручка")): Text of object 'Object Repository/Выручка по ДЗО/Фильтр Выручка' is: 'внутренний оборот'

03-12-2024T02:48:49 - [MESSAGE][PASSED] - Text of object 'Object Repository/Выручка по ДЗО/Фильтр Выручка' is: 'внутренний оборот'

03-12-2024T02:48:49 - [TEST_STEP][PASSED] - if (viruchka == "Выбрано: 2"): null

03-12-2024T02:48:49 - [TEST_STEP][PASSED] - if (viruchka == "Все"): null

03-12-2024T02:48:49 - [TEST_STEP][PASSED] - println(period): null

03-12-2024T02:48:49 - [TEST_STEP][PASSED] - dashboardName = "Выручка по ДЗО": null

03-12-2024T02:48:49 - [TEST_STEP][PASSED] - workbook01 = getWorkbook(excelFilePath): null

03-12-2024T02:48:50 - [TEST_STEP][PASSED] - sheet01 = getExcelSheet(workbook01, sheetName): null

03-12-2024T02:48:50 - [TEST_STEP][PASSED] - setValueToCellByIndex(sheet01, n, 0, dashboardName): null

03-12-2024T02:48:50 - [TEST_STEP][PASSED] - setValueToCellByIndex(sheet01, n, 1, dZO): null

03-12-2024T02:48:50 - [TEST_STEP][PASSED] - setValueToCellByIndex(sheet01, n, 2, period): null

03-12-2024T02:48:50 - [TEST_STEP][PASSED] - setValueToCellByIndex(sheet01, n, 3, viruchka): null

03-12-2024T02:48:50 - [TEST_STEP][PASSED] - setValueToCellByIndex(sheet01, n, 4, todaysDate): null

03-12-2024T02:48:50 - [TEST_STEP][PASSED] - n = n + 1: null

03-12-2024T02:48:50 - [TEST_STEP][PASSED] - saveWorkbook(excelFilePath, workbook01): null

03-12-2024T02:48:50 - [TEST_STEP][PASSED] - click(findTestObject("Выручка по ДЗО/Фильтр Выручка")): Object: 'Object Repository/Выручка по ДЗО/Фильтр Выручка' is clicked on

03-12-2024T02:48:50 - [MESSAGE][PASSED] - Object: 'Object Repository/Выручка по ДЗО/Фильтр Выручка' is clicked on

03-12-2024T02:48:50 - [TEST_STEP][PASSED] - click(findTestObject("Выручка по ДЗО/По передаче в фильтре Выручка")): Object: 'Object Repository/Выручка по ДЗО/По передаче в фильтре Выручка' is clicked on

03-12-2024T02:48:51 - [MESSAGE][PASSED] - Object: 'Object Repository/Выручка по ДЗО/По передаче в фильтре Выручка' is clicked on

03-12-2024T02:48:51 - [TEST_STEP][PASSED] - click(findTestObject("Выручка по ДЗО/Применить в фильтре Выручка")): Object: 'Object Repository/Выручка по ДЗО/Применить в фильтре Выручка' is clicked on

03-12-2024T02:48:51 - [MESSAGE][PASSED] - Object: 'Object Repository/Выручка по ДЗО/Применить в фильтре Выручка' is clicked on

03-12-2024T02:48:51 - [TEST_STEP][PASSED] - Script1687405711779.Test(todaysDate): null

03-12-2024T02:48:51 - [TEST_STEP][PASSED] - if (verifyTextNotPresent("нет данных", false) == true): null

03-12-2024T02:48:53 - [MESSAGE][PASSED] - Text 'нет данных' is not present on page

03-12-2024T02:48:53 - [TEST_STEP][PASSED] - if (verifyTextNotPresent("Ошибка запроса данных", false) == true): null

03-12-2024T02:48:54 - [MESSAGE][PASSED] - Text 'Ошибка запроса данных' is not present on page

03-12-2024T02:48:54 - [TEST_STEP][PASSED] - if (verifyTextNotPresent("Произошла ошибка при выполнении пользовательского кода", false) == true): null

03-12-2024T02:48:55 - [MESSAGE][PASSED] - Text 'Произошла ошибка при выполнении пользовательского кода' is not present on page

03-12-2024T02:48:55 - [TEST_STEP][PASSED] - if (verifyTextNotPresent("У виджета нет данных", false) == true): null

03-12-2024T02:48:55 - [MESSAGE][PASSED] - Text 'У виджета нет данных' is not present on page

03-12-2024T02:48:55 - [TEST_STEP][PASSED] - if (verifyTextNotPresent("У виджета нет данных", false) == true): Text 'У виджета нет данных' is not present on page

03-12-2024T02:48:56 - [MESSAGE][PASSED] - Text 'У виджета нет данных' is not present on page

03-12-2024T02:48:56 - [TEST_STEP][PASSED] - click(findTestObject("Выручка по ДЗО/Фильтр Выручка")): Object: 'Object Repository/Выручка по ДЗО/Фильтр Выручка' is clicked on

03-12-2024T02:48:56 - [MESSAGE][PASSED] - Object: 'Object Repository/Выручка по ДЗО/Фильтр Выручка' is clicked on

03-12-2024T02:48:56 - [TEST_STEP][PASSED] - click(findTestObject("Выручка по ДЗО/Снять выделение в фильтре Выручка")): Object: 'Object Repository/Выручка по ДЗО/Снять выделение в фильтре Выручка' is clicked on

03-12-2024T02:48:56 - [MESSAGE][PASSED] - Object: 'Object Repository/Выручка по ДЗО/Снять выделение в фильтре Выручка' is clicked on

03-12-2024T02:48:56 - [TEST_STEP][PASSED] - click(findTestObject("Выручка по ДЗО/По передаче в фильтре Выручка")): Object: 'Object Repository/Выручка по ДЗО/По передаче в фильтре Выручка' is clicked on

03-12-2024T02:48:57 - [MESSAGE][PASSED] - Object: 'Object Repository/Выручка по ДЗО/По передаче в фильтре Выручка' is clicked on

03-12-2024T02:48:57 - [TEST_STEP][PASSED] - click(findTestObject("Выручка по ДЗО/Применить в фильтре Выручка")): Object: 'Object Repository/Выручка по ДЗО/Применить в фильтре Выручка' is clicked on

03-12-2024T02:48:57 - [MESSAGE][PASSED] - Object: 'Object Repository/Выручка по ДЗО/Применить в фильтре Выручка' is clicked on

03-12-2024T02:48:57 - [TEST_STEP][PASSED] - Script1687405711779.Test(todaysDate): null

03-12-2024T02:48:57 - [TEST_STEP][PASSED] - if (verifyTextNotPresent("нет данных", false) == true): null

03-12-2024T02:48:59 - [MESSAGE][PASSED] - Text 'нет данных' is not present on page

03-12-2024T02:48:59 - [TEST_STEP][PASSED] - if (verifyTextNotPresent("Ошибка запроса данных", false) == true): null

03-12-2024T02:49:00 - [MESSAGE][PASSED] - Text 'Ошибка запроса данных' is not present on page

03-12-2024T02:49:00 - [TEST_STEP][PASSED] - if (verifyTextNotPresent("Произошла ошибка при выполнении пользовательского кода", false) == true): null

03-12-2024T02:49:00 - [MESSAGE][PASSED] - Text 'Произошла ошибка при выполнении пользовательского кода' is not present on page

03-12-2024T02:49:00 - [TEST_STEP][PASSED] - if (verifyTextNotPresent("У виджета нет данных", false) == true): null

03-12-2024T02:49:01 - [MESSAGE][PASSED] - Text 'У виджета нет данных' is not present on page

03-12-2024T02:49:01 - [TEST_STEP][PASSED] - if (verifyTextNotPresent("У виджета нет данных", false) == true): Text 'У виджета нет данных' is not present on page

03-12-2024T02:49:01 - [MESSAGE][PASSED] - Text 'У виджета нет данных' is not present on page

03-12-2024T02:49:01 - [TEST_STEP][PASSED] - click(findTestObject("Выручка по ДЗО/Фильтр Выручка")): Object: 'Object Repository/Выручка по ДЗО/Фильтр Выручка' is clicked on

03-12-2024T02:49:02 - [MESSAGE][PASSED] - Object: 'Object Repository/Выручка по ДЗО/Фильтр Выручка' is clicked on

03-12-2024T02:49:02 - [TEST_STEP][PASSED] - click(findTestObject("Выручка по ДЗО/Снять выделение в фильтре Выручка")): Object: 'Object Repository/Выручка по ДЗО/Снять выделение в фильтре Выручка' is clicked on

03-12-2024T02:49:02 - [MESSAGE][PASSED] - Object: 'Object Repository/Выручка по ДЗО/Снять выделение в фильтре Выручка' is clicked on

03-12-2024T02:49:02 - [TEST_STEP][PASSED] - click(findTestObject("Выручка по ДЗО/Применить в фильтре Выручка")): Object: 'Object Repository/Выручка по ДЗО/Применить в фильтре Выручка' is clicked on

03-12-2024T02:49:03 - [MESSAGE][PASSED] - Object: 'Object Repository/Выручка по ДЗО/Применить в фильтре Выручка' is clicked on

03-12-2024T02:49:03 - [TEST_STEP][PASSED] - click(findTestObject("Выручка по ДЗО/Фильтр ДЗО")): Object: 'Object Repository/Выручка по ДЗО/Фильтр ДЗО' is clicked on

03-12-2024T02:49:04 - [MESSAGE][PASSED] - Object: 'Object Repository/Выручка по ДЗО/Фильтр ДЗО' is clicked on

03-12-2024T02:49:04 - [TEST_STEP][PASSED] - click(findTestObject("Выручка по ДЗО/Снять выделение в фильтре ДЗО")): Object: 'Object Repository/Выручка по ДЗО/Снять выделение в фильтре ДЗО' is clicked on

03-12-2024T02:49:05 - [MESSAGE][PASSED] - Object: 'Object Repository/Выручка по ДЗО/Снять выделение в фильтре ДЗО' is clicked on

03-12-2024T02:49:05 - [TEST_STEP][PASSED] - scrollToElement(findTestObject("Общие объекты/Раскрыть список Россети Московский регион"), 30): Scroll to object 'Object Repository/Общие объекты/Раскрыть список Россети Московский регион' successfully

03-12-2024T02:49:05 - [MESSAGE][PASSED] - Scroll to object 'Object Repository/Общие объекты/Раскрыть список Россети Московский регион' successfully

03-12-2024T02:49:05 - [TEST_STEP][PASSED] - click(findTestObject("Общие объекты/Раскрыть список Россети Московский регион")): Object: 'Object Repository/Общие объекты/Раскрыть список Россети Московский регион' is clicked on

03-12-2024T02:49:05 - [MESSAGE][PASSED] - Object: 'Object Repository/Общие объекты/Раскрыть список Россети Московский регион' is clicked on

03-12-2024T02:49:05 - [TEST_STEP][PASSED] - scrollToElement(findTestObject("Общие объекты/Московская область"), 30): Scroll to object 'Object Repository/Общие объекты/Московская область' successfully

03-12-2024T02:49:06 - [MESSAGE][PASSED] - Scroll to object 'Object Repository/Общие объекты/Московская область' successfully

03-12-2024T02:49:06 - [TEST_STEP][PASSED] - click(findTestObject("Общие объекты/Московская область")): Object: 'Object Repository/Общие объекты/Московская область' is clicked on

03-12-2024T02:49:06 - [MESSAGE][PASSED] - Object: 'Object Repository/Общие объекты/Московская область' is clicked on

03-12-2024T02:49:06 - [TEST_STEP][PASSED] - Script1687405711779.Change(todaysDate): null

03-12-2024T02:49:06 - [TEST_STEP][PASSED] - scrollToElement(findTestObject("Выручка по ДЗО/Заголовок дашборда"), 30): Scroll to object 'Object Repository/Выручка по ДЗО/Заголовок дашборда' successfully

03-12-2024T02:49:06 - [MESSAGE][PASSED] - Scroll to object 'Object Repository/Выручка по ДЗО/Заголовок дашборда' successfully

03-12-2024T02:49:06 - [TEST_STEP][PASSED] - click(findTestObject("Выручка по ДЗО/Применить в фильтре ДЗО")): Object: 'Object Repository/Выручка по ДЗО/Применить в фильтре ДЗО' is clicked on

03-12-2024T02:49:07 - [MESSAGE][PASSED] - Object: 'Object Repository/Выручка по ДЗО/Применить в фильтре ДЗО' is clicked on

03-12-2024T02:49:07 - [TEST_STEP][PASSED] - Script1687405711779.Tumbler(todaysDate): null

03-12-2024T02:49:07 - [TEST_STEP][PASSED] - Script1687405711779.Test(todaysDate): null

03-12-2024T02:49:07 - [TEST_STEP][PASSED] - if (verifyTextNotPresent("нет данных", false) == true): null

03-12-2024T02:49:09 - [MESSAGE][PASSED] - Text 'нет данных' is not present on page

03-12-2024T02:49:09 - [TEST_STEP][PASSED] - if (verifyTextNotPresent("Ошибка запроса данных", false) == true): null

03-12-2024T02:49:11 - [MESSAGE][PASSED] - Text 'Ошибка запроса данных' is not present on page

03-12-2024T02:49:11 - [TEST_STEP][PASSED] - if (verifyTextNotPresent("Произошла ошибка при выполнении пользовательского кода", false) == true): null

03-12-2024T02:49:12 - [MESSAGE][PASSED] - Text 'Произошла ошибка при выполнении пользовательского кода' is not present on page

03-12-2024T02:49:12 - [TEST_STEP][PASSED] - if (verifyTextNotPresent("У виджета нет данных", false) == true): null

03-12-2024T02:49:12 - [MESSAGE][PASSED] - Text 'У виджета нет данных' is not present on page

03-12-2024T02:49:12 - [TEST_STEP][PASSED] - if (verifyTextNotPresent("У виджета нет данных", false) == true): Text 'У виджета нет данных' is not present on page

03-12-2024T02:49:13 - [MESSAGE][PASSED] - Text 'У виджета нет данных' is not present on page

03-12-2024T02:49:13 - [TEST_STEP][PASSED] - click(findTestObject("Выручка по ДЗО/Фильтр Выручка")): Object: 'Object Repository/Выручка по ДЗО/Фильтр Выручка' is clicked on

03-12-2024T02:49:13 - [MESSAGE][PASSED] - Object: 'Object Repository/Выручка по ДЗО/Фильтр Выручка' is clicked on

03-12-2024T02:49:13 - [TEST_STEP][PASSED] - click(findTestObject("Выручка по ДЗО/Внутренний оборот в фильтре Выручка")): Object: 'Object Repository/Выручка по ДЗО/Внутренний оборот в фильтре Выручка' is clicked on

03-12-2024T02:49:14 - [MESSAGE][PASSED] - Object: 'Object Repository/Выручка по ДЗО/Внутренний оборот в фильтре Выручка' is clicked on

03-12-2024T02:49:14 - [TEST_STEP][PASSED] - click(findTestObject("Выручка по ДЗО/Применить в фильтре Выручка")): Object: 'Object Repository/Выручка по ДЗО/Применить в фильтре Выручка' is clicked on

03-12-2024T02:49:14 - [MESSAGE][PASSED] - Object: 'Object Repository/Выручка по ДЗО/Применить в фильтре Выручка' is clicked on

03-12-2024T02:49:14 - [TEST_STEP][PASSED] - Script1687405711779.Test(todaysDate): null

03-12-2024T02:49:14 - [TEST_STEP][FAILED] - if (verifyTextNotPresent("нет данных", false) == true): Text 'нет данных' is present on page  (Root cause: com.kms.katalon.core.exception.StepFailedException: Text 'нет данных' is present on page 
	at com.kms.katalon.core.webui.keyword.internal.WebUIKeywordMain.stepFailed(WebUIKeywordMain.groovy:64)
	at com.kms.katalon.core.webui.keyword.builtin.VerifyTextNotPresentKeyword$_verifyTextNotPresent_closure1.doCall(VerifyTextNotPresentKeyword.groovy:77)
	at com.kms.katalon.core.webui.keyword.builtin.VerifyTextNotPresentKeyword$_verifyTextNotPresent_closure1.call(VerifyTextNotPresentKeyword.groovy)
	at com.kms.katalon.core.webui.keyword.internal.WebUIKeywordMain.runKeyword(WebUIKeywordMain.groovy:20)
	at com.kms.katalon.core.webui.keyword.builtin.VerifyTextNotPresentKeyword.verifyTextNotPresent(VerifyTextNotPresentKeyword.groovy:82)
	at com.kms.katalon.core.webui.keyword.builtin.VerifyTextNotPresentKeyword.execute(VerifyTextNotPresentKeyword.groovy:68)
	at com.kms.katalon.core.keyword.internal.KeywordExecutor.executeKeywordForPlatform(KeywordExecutor.groovy:74)
	at com.kms.katalon.core.webui.keyword.WebUiBuiltInKeywords.verifyTextNotPresent(WebUiBuiltInKeywords.groovy:1795)
	at Выручка по ДЗО отображение данных все филиалы.Test(Выручка по ДЗО отображение данных все филиалы:782)
	at Выручка по ДЗО отображение данных все филиалы.Tumbler(Выручка по ДЗО отображение данных все филиалы:738)
	at Выручка по ДЗО отображение данных все филиалы.Change(Выручка по ДЗО отображение данных все филиалы:772)
	at Выручка по ДЗО отображение данных все филиалы.DzoTest(Выручка по ДЗО отображение данных все филиалы:280)
	at Выручка по ДЗО отображение данных все филиалы.run(Выручка по ДЗО отображение данных все филиалы:134)
	at com.kms.katalon.core.main.ScriptEngine.run(ScriptEngine.java:194)
	at com.kms.katalon.core.main.ScriptEngine.runScriptAsRawText(ScriptEngine.java:119)
	at com.kms.katalon.core.main.TestCaseExecutor.runScript(TestCaseExecutor.java:448)
	at com.kms.katalon.core.main.TestCaseExecutor.doExecute(TestCaseExecutor.java:439)
	at com.kms.katalon.core.main.TestCaseExecutor.processExecutionPhase(TestCaseExecutor.java:418)
	at com.kms.katalon.core.main.TestCaseExecutor.accessMainPhase(TestCaseExecutor.java:410)
	at com.kms.katalon.core.main.TestCaseExecutor.execute(TestCaseExecutor.java:285)
	at com.kms.katalon.core.common.CommonExecutor.accessTestCaseMainPhase(CommonExecutor.java:65)
	at com.kms.katalon.core.main.TestSuiteExecutor.accessTestSuiteMainPhase(TestSuiteExecutor.java:150)
	at com.kms.katalon.core.main.TestSuiteExecutor.execute(TestSuiteExecutor.java:106)
	at com.kms.katalon.core.main.TestCaseMain.startTestSuite(TestCaseMain.java:180)
	at TempTestSuite1733182698305.run(TempTestSuite1733182698305.groovy:35)
	at java.base/jdk.internal.reflect.NativeMethodAccessorImpl.invoke0(Native Method)
	at java.base/jdk.internal.reflect.NativeMethodAccessorImpl.invoke(NativeMethodAccessorImpl.java:77)
	at java.base/jdk.internal.reflect.DelegatingMethodAccessorImpl.invoke(DelegatingMethodAccessorImpl.java:43)
)

03-12-2024T02:49:16 - [MESSAGE][FAILED] - Text 'нет данных' is present on page  (Root cause: com.kms.katalon.core.exception.StepFailedException: Text 'нет данных' is present on page 
	at com.kms.katalon.core.webui.keyword.internal.WebUIKeywordMain.stepFailed(WebUIKeywordMain.groovy:64)
	at com.kms.katalon.core.webui.keyword.builtin.VerifyTextNotPresentKeyword$_verifyTextNotPresent_closure1.doCall(VerifyTextNotPresentKeyword.groovy:77)
	at com.kms.katalon.core.webui.keyword.builtin.VerifyTextNotPresentKeyword$_verifyTextNotPresent_closure1.call(VerifyTextNotPresentKeyword.groovy)
	at com.kms.katalon.core.webui.keyword.internal.WebUIKeywordMain.runKeyword(WebUIKeywordMain.groovy:20)
	at com.kms.katalon.core.webui.keyword.builtin.VerifyTextNotPresentKeyword.verifyTextNotPresent(VerifyTextNotPresentKeyword.groovy:82)
	at com.kms.katalon.core.webui.keyword.builtin.VerifyTextNotPresentKeyword.execute(VerifyTextNotPresentKeyword.groovy:68)
	at com.kms.katalon.core.keyword.internal.KeywordExecutor.executeKeywordForPlatform(KeywordExecutor.groovy:74)
	at com.kms.katalon.core.webui.keyword.WebUiBuiltInKeywords.verifyTextNotPresent(WebUiBuiltInKeywords.groovy:1795)
	at Выручка по ДЗО отображение данных все филиалы.Test(Выручка по ДЗО отображение данных все филиалы:782)
	at Выручка по ДЗО отображение данных все филиалы.Tumbler(Выручка по ДЗО отображение данных все филиалы:738)
	at Выручка по ДЗО отображение данных все филиалы.Change(Выручка по ДЗО отображение данных все филиалы:772)
	at Выручка по ДЗО отображение данных все филиалы.DzoTest(Выручка по ДЗО отображение данных все филиалы:280)
	at Выручка по ДЗО отображение данных все филиалы.run(Выручка по ДЗО отображение данных все филиалы:134)
	at com.kms.katalon.core.main.ScriptEngine.run(ScriptEngine.java:194)
	at com.kms.katalon.core.main.ScriptEngine.runScriptAsRawText(ScriptEngine.java:119)
	at com.kms.katalon.core.main.TestCaseExecutor.runScript(TestCaseExecutor.java:448)
	at com.kms.katalon.core.main.TestCaseExecutor.doExecute(TestCaseExecutor.java:439)
	at com.kms.katalon.core.main.TestCaseExecutor.processExecutionPhase(TestCaseExecutor.java:418)
	at com.kms.katalon.core.main.TestCaseExecutor.accessMainPhase(TestCaseExecutor.java:410)
	at com.kms.katalon.core.main.TestCaseExecutor.execute(TestCaseExecutor.java:285)
	at com.kms.katalon.core.common.CommonExecutor.accessTestCaseMainPhase(CommonExecutor.java:65)
	at com.kms.katalon.core.main.TestSuiteExecutor.accessTestSuiteMainPhase(TestSuiteExecutor.java:150)
	at com.kms.katalon.core.main.TestSuiteExecutor.execute(TestSuiteExecutor.java:106)
	at com.kms.katalon.core.main.TestCaseMain.startTestSuite(TestCaseMain.java:180)
	at TempTestSuite1733182698305.run(TempTestSuite1733182698305.groovy:35)
	at java.base/jdk.internal.reflect.NativeMethodAccessorImpl.invoke0(Native Method)
	at java.base/jdk.internal.reflect.NativeMethodAccessorImpl.invoke(NativeMethodAccessorImpl.java:77)
	at java.base/jdk.internal.reflect.DelegatingMethodAccessorImpl.invoke(DelegatingMethodAccessorImpl.java:43)
)

03-12-2024T02:49:16 - [TEST_STEP][PASSED] - else: null

03-12-2024T02:49:16 - [TEST_STEP][PASSED] - Script1687405711779.WriteToExcel(todaysDate): null

03-12-2024T02:49:16 - [TEST_STEP][PASSED] - sheetName = "Sheet1": null

03-12-2024T02:49:16 - [TEST_STEP][PASSED] - data = findTestData("PlanFact"): null

03-12-2024T02:49:16 - [TEST_STEP][PASSED] - n = data.getRowNumbers() + 1: null

03-12-2024T02:49:16 - [TEST_STEP][PASSED] - dZO = getText(findTestObject("Выручка по ДЗО/Фильтр ДЗО")): Text of object 'Object Repository/Выручка по ДЗО/Фильтр ДЗО' is: 'ПАО Россети - РаспредКомплекс - Россети Московский регион - Московская область'

03-12-2024T02:49:17 - [MESSAGE][PASSED] - Text of object 'Object Repository/Выручка по ДЗО/Фильтр ДЗО' is: 'ПАО Россети - РаспредКомплекс - Россети Московский регион - Московская область'

03-12-2024T02:49:17 - [TEST_STEP][PASSED] - period = getText(findTestObject("Выручка по ДЗО/Фильтр Дата")): Text of object 'Object Repository/Выручка по ДЗО/Фильтр Дата' is: '1, 2, 3 кв., Октябрь 2024 года'

03-12-2024T02:49:17 - [MESSAGE][PASSED] - Text of object 'Object Repository/Выручка по ДЗО/Фильтр Дата' is: '1, 2, 3 кв., Октябрь 2024 года'

03-12-2024T02:49:17 - [TEST_STEP][PASSED] - viruchka = getText(findTestObject("Выручка по ДЗО/Фильтр Выручка")): Text of object 'Object Repository/Выручка по ДЗО/Фильтр Выручка' is: 'внутренний оборот'

03-12-2024T02:49:17 - [MESSAGE][PASSED] - Text of object 'Object Repository/Выручка по ДЗО/Фильтр Выручка' is: 'внутренний оборот'

03-12-2024T02:49:17 - [TEST_STEP][PASSED] - if (viruchka == "Выбрано: 2"): null

03-12-2024T02:49:17 - [TEST_STEP][PASSED] - if (viruchka == "Все"): null

03-12-2024T02:49:17 - [TEST_STEP][PASSED] - println(period): null

03-12-2024T02:49:17 - [TEST_STEP][PASSED] - dashboardName = "Выручка по ДЗО": null

03-12-2024T02:49:17 - [TEST_STEP][PASSED] - workbook01 = getWorkbook(excelFilePath): null

03-12-2024T02:49:17 - [TEST_STEP][PASSED] - sheet01 = getExcelSheet(workbook01, sheetName): null

03-12-2024T02:49:17 - [TEST_STEP][PASSED] - setValueToCellByIndex(sheet01, n, 0, dashboardName): null

03-12-2024T02:49:17 - [TEST_STEP][PASSED] - setValueToCellByIndex(sheet01, n, 1, dZO): null

03-12-2024T02:49:17 - [TEST_STEP][PASSED] - setValueToCellByIndex(sheet01, n, 2, period): null

03-12-2024T02:49:17 - [TEST_STEP][PASSED] - setValueToCellByIndex(sheet01, n, 3, viruchka): null

03-12-2024T02:49:17 - [TEST_STEP][PASSED] - setValueToCellByIndex(sheet01, n, 4, todaysDate): null

03-12-2024T02:49:17 - [TEST_STEP][PASSED] - n = n + 1: null

03-12-2024T02:49:17 - [TEST_STEP][PASSED] - saveWorkbook(excelFilePath, workbook01): null

03-12-2024T02:49:18 - [TEST_STEP][PASSED] - click(findTestObject("Выручка по ДЗО/Фильтр Выручка")): Object: 'Object Repository/Выручка по ДЗО/Фильтр Выручка' is clicked on

03-12-2024T02:49:18 - [MESSAGE][PASSED] - Object: 'Object Repository/Выручка по ДЗО/Фильтр Выручка' is clicked on

03-12-2024T02:49:18 - [TEST_STEP][PASSED] - click(findTestObject("Выручка по ДЗО/По передаче в фильтре Выручка")): Object: 'Object Repository/Выручка по ДЗО/По передаче в фильтре Выручка' is clicked on

03-12-2024T02:49:18 - [MESSAGE][PASSED] - Object: 'Object Repository/Выручка по ДЗО/По передаче в фильтре Выручка' is clicked on

03-12-2024T02:49:18 - [TEST_STEP][PASSED] - click(findTestObject("Выручка по ДЗО/Применить в фильтре Выручка")): Object: 'Object Repository/Выручка по ДЗО/Применить в фильтре Выручка' is clicked on

03-12-2024T02:49:19 - [MESSAGE][PASSED] - Object: 'Object Repository/Выручка по ДЗО/Применить в фильтре Выручка' is clicked on

03-12-2024T02:49:19 - [TEST_STEP][PASSED] - Script1687405711779.Test(todaysDate): null

03-12-2024T02:49:19 - [TEST_STEP][PASSED] - if (verifyTextNotPresent("нет данных", false) == true): null

03-12-2024T02:49:21 - [MESSAGE][PASSED] - Text 'нет данных' is not present on page

03-12-2024T02:49:21 - [TEST_STEP][PASSED] - if (verifyTextNotPresent("Ошибка запроса данных", false) == true): null

03-12-2024T02:49:22 - [MESSAGE][PASSED] - Text 'Ошибка запроса данных' is not present on page

03-12-2024T02:49:22 - [TEST_STEP][PASSED] - if (verifyTextNotPresent("Произошла ошибка при выполнении пользовательского кода", false) == true): null

03-12-2024T02:49:23 - [MESSAGE][PASSED] - Text 'Произошла ошибка при выполнении пользовательского кода' is not present on page

03-12-2024T02:49:23 - [TEST_STEP][PASSED] - if (verifyTextNotPresent("У виджета нет данных", false) == true): null

03-12-2024T02:49:23 - [MESSAGE][PASSED] - Text 'У виджета нет данных' is not present on page

03-12-2024T02:49:23 - [TEST_STEP][PASSED] - if (verifyTextNotPresent("У виджета нет данных", false) == true): Text 'У виджета нет данных' is not present on page

03-12-2024T02:49:23 - [MESSAGE][PASSED] - Text 'У виджета нет данных' is not present on page

03-12-2024T02:49:23 - [TEST_STEP][PASSED] - click(findTestObject("Выручка по ДЗО/Фильтр Выручка")): Object: 'Object Repository/Выручка по ДЗО/Фильтр Выручка' is clicked on

03-12-2024T02:49:24 - [MESSAGE][PASSED] - Object: 'Object Repository/Выручка по ДЗО/Фильтр Выручка' is clicked on

03-12-2024T02:49:24 - [TEST_STEP][PASSED] - click(findTestObject("Выручка по ДЗО/Снять выделение в фильтре Выручка")): Object: 'Object Repository/Выручка по ДЗО/Снять выделение в фильтре Выручка' is clicked on

03-12-2024T02:49:24 - [MESSAGE][PASSED] - Object: 'Object Repository/Выручка по ДЗО/Снять выделение в фильтре Выручка' is clicked on

03-12-2024T02:49:24 - [TEST_STEP][PASSED] - click(findTestObject("Выручка по ДЗО/По передаче в фильтре Выручка")): Object: 'Object Repository/Выручка по ДЗО/По передаче в фильтре Выручка' is clicked on

03-12-2024T02:49:25 - [MESSAGE][PASSED] - Object: 'Object Repository/Выручка по ДЗО/По передаче в фильтре Выручка' is clicked on

03-12-2024T02:49:25 - [TEST_STEP][PASSED] - click(findTestObject("Выручка по ДЗО/Применить в фильтре Выручка")): Object: 'Object Repository/Выручка по ДЗО/Применить в фильтре Выручка' is clicked on

03-12-2024T02:49:25 - [MESSAGE][PASSED] - Object: 'Object Repository/Выручка по ДЗО/Применить в фильтре Выручка' is clicked on

03-12-2024T02:49:25 - [TEST_STEP][PASSED] - Script1687405711779.Test(todaysDate): null

03-12-2024T02:49:25 - [TEST_STEP][PASSED] - if (verifyTextNotPresent("нет данных", false) == true): null

03-12-2024T02:49:27 - [MESSAGE][PASSED] - Text 'нет данных' is not present on page

03-12-2024T02:49:27 - [TEST_STEP][PASSED] - if (verifyTextNotPresent("Ошибка запроса данных", false) == true): null

03-12-2024T02:49:28 - [MESSAGE][PASSED] - Text 'Ошибка запроса данных' is not present on page

03-12-2024T02:49:28 - [TEST_STEP][PASSED] - if (verifyTextNotPresent("Произошла ошибка при выполнении пользовательского кода", false) == true): null

03-12-2024T02:49:28 - [MESSAGE][PASSED] - Text 'Произошла ошибка при выполнении пользовательского кода' is not present on page

03-12-2024T02:49:28 - [TEST_STEP][PASSED] - if (verifyTextNotPresent("У виджета нет данных", false) == true): null

03-12-2024T02:49:29 - [MESSAGE][PASSED] - Text 'У виджета нет данных' is not present on page

03-12-2024T02:49:29 - [TEST_STEP][PASSED] - if (verifyTextNotPresent("У виджета нет данных", false) == true): Text 'У виджета нет данных' is not present on page

03-12-2024T02:49:29 - [MESSAGE][PASSED] - Text 'У виджета нет данных' is not present on page

03-12-2024T02:49:29 - [TEST_STEP][PASSED] - click(findTestObject("Выручка по ДЗО/Фильтр Выручка")): Object: 'Object Repository/Выручка по ДЗО/Фильтр Выручка' is clicked on

03-12-2024T02:49:29 - [MESSAGE][PASSED] - Object: 'Object Repository/Выручка по ДЗО/Фильтр Выручка' is clicked on

03-12-2024T02:49:29 - [TEST_STEP][PASSED] - click(findTestObject("Выручка по ДЗО/Снять выделение в фильтре Выручка")): Object: 'Object Repository/Выручка по ДЗО/Снять выделение в фильтре Выручка' is clicked on

03-12-2024T02:49:30 - [MESSAGE][PASSED] - Object: 'Object Repository/Выручка по ДЗО/Снять выделение в фильтре Выручка' is clicked on

03-12-2024T02:49:30 - [TEST_STEP][PASSED] - click(findTestObject("Выручка по ДЗО/Применить в фильтре Выручка")): Object: 'Object Repository/Выручка по ДЗО/Применить в фильтре Выручка' is clicked on

03-12-2024T02:49:30 - [MESSAGE][PASSED] - Object: 'Object Repository/Выручка по ДЗО/Применить в фильтре Выручка' is clicked on

03-12-2024T02:49:30 - [TEST_STEP][PASSED] - click(findTestObject("Выручка по ДЗО/Фильтр ДЗО")): Object: 'Object Repository/Выручка по ДЗО/Фильтр ДЗО' is clicked on

03-12-2024T02:49:32 - [MESSAGE][PASSED] - Object: 'Object Repository/Выручка по ДЗО/Фильтр ДЗО' is clicked on

03-12-2024T02:49:32 - [TEST_STEP][PASSED] - click(findTestObject("Выручка по ДЗО/Снять выделение в фильтре ДЗО")): Object: 'Object Repository/Выручка по ДЗО/Снять выделение в фильтре ДЗО' is clicked on

03-12-2024T02:49:32 - [MESSAGE][PASSED] - Object: 'Object Repository/Выручка по ДЗО/Снять выделение в фильтре ДЗО' is clicked on

03-12-2024T02:49:32 - [TEST_STEP][PASSED] - scrollToElement(findTestObject("Общие объекты/Москва"), 30): Scroll to object 'Object Repository/Общие объекты/Москва' successfully

03-12-2024T02:49:33 - [MESSAGE][PASSED] - Scroll to object 'Object Repository/Общие объекты/Москва' successfully

03-12-2024T02:49:33 - [TEST_STEP][PASSED] - click(findTestObject("Общие объекты/Москва")): Object: 'Object Repository/Общие объекты/Москва' is clicked on

03-12-2024T02:49:33 - [MESSAGE][PASSED] - Object: 'Object Repository/Общие объекты/Москва' is clicked on

03-12-2024T02:49:33 - [TEST_STEP][PASSED] - Script1687405711779.Change(todaysDate): null

03-12-2024T02:49:33 - [TEST_STEP][PASSED] - scrollToElement(findTestObject("Выручка по ДЗО/Заголовок дашборда"), 30): Scroll to object 'Object Repository/Выручка по ДЗО/Заголовок дашборда' successfully

03-12-2024T02:49:34 - [MESSAGE][PASSED] - Scroll to object 'Object Repository/Выручка по ДЗО/Заголовок дашборда' successfully

03-12-2024T02:49:34 - [TEST_STEP][PASSED] - click(findTestObject("Выручка по ДЗО/Применить в фильтре ДЗО")): Object: 'Object Repository/Выручка по ДЗО/Применить в фильтре ДЗО' is clicked on

03-12-2024T02:49:34 - [MESSAGE][PASSED] - Object: 'Object Repository/Выручка по ДЗО/Применить в фильтре ДЗО' is clicked on

03-12-2024T02:49:34 - [TEST_STEP][PASSED] - Script1687405711779.Tumbler(todaysDate): null

03-12-2024T02:49:34 - [TEST_STEP][PASSED] - Script1687405711779.Test(todaysDate): null

03-12-2024T02:49:34 - [TEST_STEP][PASSED] - if (verifyTextNotPresent("нет данных", false) == true): null

03-12-2024T02:49:37 - [MESSAGE][PASSED] - Text 'нет данных' is not present on page

03-12-2024T02:49:37 - [TEST_STEP][PASSED] - if (verifyTextNotPresent("Ошибка запроса данных", false) == true): null

03-12-2024T02:49:39 - [MESSAGE][PASSED] - Text 'Ошибка запроса данных' is not present on page

03-12-2024T02:49:39 - [TEST_STEP][PASSED] - if (verifyTextNotPresent("Произошла ошибка при выполнении пользовательского кода", false) == true): null

03-12-2024T02:49:39 - [MESSAGE][PASSED] - Text 'Произошла ошибка при выполнении пользовательского кода' is not present on page

03-12-2024T02:49:39 - [TEST_STEP][PASSED] - if (verifyTextNotPresent("У виджета нет данных", false) == true): null

03-12-2024T02:49:40 - [MESSAGE][PASSED] - Text 'У виджета нет данных' is not present on page

03-12-2024T02:49:40 - [TEST_STEP][PASSED] - if (verifyTextNotPresent("У виджета нет данных", false) == true): Text 'У виджета нет данных' is not present on page

03-12-2024T02:49:40 - [MESSAGE][PASSED] - Text 'У виджета нет данных' is not present on page

03-12-2024T02:49:40 - [TEST_STEP][PASSED] - click(findTestObject("Выручка по ДЗО/Фильтр Выручка")): Object: 'Object Repository/Выручка по ДЗО/Фильтр Выручка' is clicked on

03-12-2024T02:49:41 - [MESSAGE][PASSED] - Object: 'Object Repository/Выручка по ДЗО/Фильтр Выручка' is clicked on

03-12-2024T02:49:41 - [TEST_STEP][PASSED] - click(findTestObject("Выручка по ДЗО/Внутренний оборот в фильтре Выручка")): Object: 'Object Repository/Выручка по ДЗО/Внутренний оборот в фильтре Выручка' is clicked on

03-12-2024T02:49:41 - [MESSAGE][PASSED] - Object: 'Object Repository/Выручка по ДЗО/Внутренний оборот в фильтре Выручка' is clicked on

03-12-2024T02:49:41 - [TEST_STEP][PASSED] - click(findTestObject("Выручка по ДЗО/Применить в фильтре Выручка")): Object: 'Object Repository/Выручка по ДЗО/Применить в фильтре Выручка' is clicked on

03-12-2024T02:49:42 - [MESSAGE][PASSED] - Object: 'Object Repository/Выручка по ДЗО/Применить в фильтре Выручка' is clicked on

03-12-2024T02:49:42 - [TEST_STEP][PASSED] - Script1687405711779.Test(todaysDate): null

03-12-2024T02:49:42 - [TEST_STEP][FAILED] - if (verifyTextNotPresent("нет данных", false) == true): Text 'нет данных' is present on page  (Root cause: com.kms.katalon.core.exception.StepFailedException: Text 'нет данных' is present on page 
	at com.kms.katalon.core.webui.keyword.internal.WebUIKeywordMain.stepFailed(WebUIKeywordMain.groovy:64)
	at com.kms.katalon.core.webui.keyword.builtin.VerifyTextNotPresentKeyword$_verifyTextNotPresent_closure1.doCall(VerifyTextNotPresentKeyword.groovy:77)
	at com.kms.katalon.core.webui.keyword.builtin.VerifyTextNotPresentKeyword$_verifyTextNotPresent_closure1.call(VerifyTextNotPresentKeyword.groovy)
	at com.kms.katalon.core.webui.keyword.internal.WebUIKeywordMain.runKeyword(WebUIKeywordMain.groovy:20)
	at com.kms.katalon.core.webui.keyword.builtin.VerifyTextNotPresentKeyword.verifyTextNotPresent(VerifyTextNotPresentKeyword.groovy:82)
	at com.kms.katalon.core.webui.keyword.builtin.VerifyTextNotPresentKeyword.execute(VerifyTextNotPresentKeyword.groovy:68)
	at com.kms.katalon.core.keyword.internal.KeywordExecutor.executeKeywordForPlatform(KeywordExecutor.groovy:74)
	at com.kms.katalon.core.webui.keyword.WebUiBuiltInKeywords.verifyTextNotPresent(WebUiBuiltInKeywords.groovy:1795)
	at Выручка по ДЗО отображение данных все филиалы.Test(Выручка по ДЗО отображение данных все филиалы:782)
	at Выручка по ДЗО отображение данных все филиалы.Tumbler(Выручка по ДЗО отображение данных все филиалы:738)
	at Выручка по ДЗО отображение данных все филиалы.Change(Выручка по ДЗО отображение данных все филиалы:772)
	at Выручка по ДЗО отображение данных все филиалы.DzoTest(Выручка по ДЗО отображение данных все филиалы:286)
	at Выручка по ДЗО отображение данных все филиалы.run(Выручка по ДЗО отображение данных все филиалы:134)
	at com.kms.katalon.core.main.ScriptEngine.run(ScriptEngine.java:194)
	at com.kms.katalon.core.main.ScriptEngine.runScriptAsRawText(ScriptEngine.java:119)
	at com.kms.katalon.core.main.TestCaseExecutor.runScript(TestCaseExecutor.java:448)
	at com.kms.katalon.core.main.TestCaseExecutor.doExecute(TestCaseExecutor.java:439)
	at com.kms.katalon.core.main.TestCaseExecutor.processExecutionPhase(TestCaseExecutor.java:418)
	at com.kms.katalon.core.main.TestCaseExecutor.accessMainPhase(TestCaseExecutor.java:410)
	at com.kms.katalon.core.main.TestCaseExecutor.execute(TestCaseExecutor.java:285)
	at com.kms.katalon.core.common.CommonExecutor.accessTestCaseMainPhase(CommonExecutor.java:65)
	at com.kms.katalon.core.main.TestSuiteExecutor.accessTestSuiteMainPhase(TestSuiteExecutor.java:150)
	at com.kms.katalon.core.main.TestSuiteExecutor.execute(TestSuiteExecutor.java:106)
	at com.kms.katalon.core.main.TestCaseMain.startTestSuite(TestCaseMain.java:180)
	at TempTestSuite1733182698305.run(TempTestSuite1733182698305.groovy:35)
	at java.base/jdk.internal.reflect.NativeMethodAccessorImpl.invoke0(Native Method)
	at java.base/jdk.internal.reflect.NativeMethodAccessorImpl.invoke(NativeMethodAccessorImpl.java:77)
	at java.base/jdk.internal.reflect.DelegatingMethodAccessorImpl.invoke(DelegatingMethodAccessorImpl.java:43)
)

03-12-2024T02:49:44 - [MESSAGE][FAILED] - Text 'нет данных' is present on page  (Root cause: com.kms.katalon.core.exception.StepFailedException: Text 'нет данных' is present on page 
	at com.kms.katalon.core.webui.keyword.internal.WebUIKeywordMain.stepFailed(WebUIKeywordMain.groovy:64)
	at com.kms.katalon.core.webui.keyword.builtin.VerifyTextNotPresentKeyword$_verifyTextNotPresent_closure1.doCall(VerifyTextNotPresentKeyword.groovy:77)
	at com.kms.katalon.core.webui.keyword.builtin.VerifyTextNotPresentKeyword$_verifyTextNotPresent_closure1.call(VerifyTextNotPresentKeyword.groovy)
	at com.kms.katalon.core.webui.keyword.internal.WebUIKeywordMain.runKeyword(WebUIKeywordMain.groovy:20)
	at com.kms.katalon.core.webui.keyword.builtin.VerifyTextNotPresentKeyword.verifyTextNotPresent(VerifyTextNotPresentKeyword.groovy:82)
	at com.kms.katalon.core.webui.keyword.builtin.VerifyTextNotPresentKeyword.execute(VerifyTextNotPresentKeyword.groovy:68)
	at com.kms.katalon.core.keyword.internal.KeywordExecutor.executeKeywordForPlatform(KeywordExecutor.groovy:74)
	at com.kms.katalon.core.webui.keyword.WebUiBuiltInKeywords.verifyTextNotPresent(WebUiBuiltInKeywords.groovy:1795)
	at Выручка по ДЗО отображение данных все филиалы.Test(Выручка по ДЗО отображение данных все филиалы:782)
	at Выручка по ДЗО отображение данных все филиалы.Tumbler(Выручка по ДЗО отображение данных все филиалы:738)
	at Выручка по ДЗО отображение данных все филиалы.Change(Выручка по ДЗО отображение данных все филиалы:772)
	at Выручка по ДЗО отображение данных все филиалы.DzoTest(Выручка по ДЗО отображение данных все филиалы:286)
	at Выручка по ДЗО отображение данных все филиалы.run(Выручка по ДЗО отображение данных все филиалы:134)
	at com.kms.katalon.core.main.ScriptEngine.run(ScriptEngine.java:194)
	at com.kms.katalon.core.main.ScriptEngine.runScriptAsRawText(ScriptEngine.java:119)
	at com.kms.katalon.core.main.TestCaseExecutor.runScript(TestCaseExecutor.java:448)
	at com.kms.katalon.core.main.TestCaseExecutor.doExecute(TestCaseExecutor.java:439)
	at com.kms.katalon.core.main.TestCaseExecutor.processExecutionPhase(TestCaseExecutor.java:418)
	at com.kms.katalon.core.main.TestCaseExecutor.accessMainPhase(TestCaseExecutor.java:410)
	at com.kms.katalon.core.main.TestCaseExecutor.execute(TestCaseExecutor.java:285)
	at com.kms.katalon.core.common.CommonExecutor.accessTestCaseMainPhase(CommonExecutor.java:65)
	at com.kms.katalon.core.main.TestSuiteExecutor.accessTestSuiteMainPhase(TestSuiteExecutor.java:150)
	at com.kms.katalon.core.main.TestSuiteExecutor.execute(TestSuiteExecutor.java:106)
	at com.kms.katalon.core.main.TestCaseMain.startTestSuite(TestCaseMain.java:180)
	at TempTestSuite1733182698305.run(TempTestSuite1733182698305.groovy:35)
	at java.base/jdk.internal.reflect.NativeMethodAccessorImpl.invoke0(Native Method)
	at java.base/jdk.internal.reflect.NativeMethodAccessorImpl.invoke(NativeMethodAccessorImpl.java:77)
	at java.base/jdk.internal.reflect.DelegatingMethodAccessorImpl.invoke(DelegatingMethodAccessorImpl.java:43)
)

03-12-2024T02:49:44 - [TEST_STEP][PASSED] - else: null

03-12-2024T02:49:44 - [TEST_STEP][PASSED] - Script1687405711779.WriteToExcel(todaysDate): null

03-12-2024T02:49:44 - [TEST_STEP][PASSED] - sheetName = "Sheet1": null

03-12-2024T02:49:44 - [TEST_STEP][PASSED] - data = findTestData("PlanFact"): null

03-12-2024T02:49:44 - [TEST_STEP][PASSED] - n = data.getRowNumbers() + 1: null

03-12-2024T02:49:44 - [TEST_STEP][PASSED] - dZO = getText(findTestObject("Выручка по ДЗО/Фильтр ДЗО")): Text of object 'Object Repository/Выручка по ДЗО/Фильтр ДЗО' is: 'ПАО Россети - РаспредКомплекс - Россети Московский регион - г. Москва'

03-12-2024T02:49:44 - [MESSAGE][PASSED] - Text of object 'Object Repository/Выручка по ДЗО/Фильтр ДЗО' is: 'ПАО Россети - РаспредКомплекс - Россети Московский регион - г. Москва'

03-12-2024T02:49:44 - [TEST_STEP][PASSED] - period = getText(findTestObject("Выручка по ДЗО/Фильтр Дата")): Text of object 'Object Repository/Выручка по ДЗО/Фильтр Дата' is: '1, 2, 3 кв., Октябрь 2024 года'

03-12-2024T02:49:45 - [MESSAGE][PASSED] - Text of object 'Object Repository/Выручка по ДЗО/Фильтр Дата' is: '1, 2, 3 кв., Октябрь 2024 года'

03-12-2024T02:49:45 - [TEST_STEP][PASSED] - viruchka = getText(findTestObject("Выручка по ДЗО/Фильтр Выручка")): Text of object 'Object Repository/Выручка по ДЗО/Фильтр Выручка' is: 'внутренний оборот'

03-12-2024T02:49:45 - [MESSAGE][PASSED] - Text of object 'Object Repository/Выручка по ДЗО/Фильтр Выручка' is: 'внутренний оборот'

03-12-2024T02:49:45 - [TEST_STEP][PASSED] - if (viruchka == "Выбрано: 2"): null

03-12-2024T02:49:45 - [TEST_STEP][PASSED] - if (viruchka == "Все"): null

03-12-2024T02:49:45 - [TEST_STEP][PASSED] - println(period): null

03-12-2024T02:49:45 - [TEST_STEP][PASSED] - dashboardName = "Выручка по ДЗО": null

03-12-2024T02:49:45 - [TEST_STEP][PASSED] - workbook01 = getWorkbook(excelFilePath): null

03-12-2024T02:49:45 - [TEST_STEP][PASSED] - sheet01 = getExcelSheet(workbook01, sheetName): null

03-12-2024T02:49:45 - [TEST_STEP][PASSED] - setValueToCellByIndex(sheet01, n, 0, dashboardName): null

03-12-2024T02:49:45 - [TEST_STEP][PASSED] - setValueToCellByIndex(sheet01, n, 1, dZO): null

03-12-2024T02:49:45 - [TEST_STEP][PASSED] - setValueToCellByIndex(sheet01, n, 2, period): null

03-12-2024T02:49:45 - [TEST_STEP][PASSED] - setValueToCellByIndex(sheet01, n, 3, viruchka): null

03-12-2024T02:49:45 - [TEST_STEP][PASSED] - setValueToCellByIndex(sheet01, n, 4, todaysDate): null

03-12-2024T02:49:45 - [TEST_STEP][PASSED] - n = n + 1: null

03-12-2024T02:49:45 - [TEST_STEP][PASSED] - saveWorkbook(excelFilePath, workbook01): null

03-12-2024T02:49:45 - [TEST_STEP][PASSED] - click(findTestObject("Выручка по ДЗО/Фильтр Выручка")): Object: 'Object Repository/Выручка по ДЗО/Фильтр Выручка' is clicked on

03-12-2024T02:49:45 - [MESSAGE][PASSED] - Object: 'Object Repository/Выручка по ДЗО/Фильтр Выручка' is clicked on

03-12-2024T02:49:45 - [TEST_STEP][PASSED] - click(findTestObject("Выручка по ДЗО/По передаче в фильтре Выручка")): Object: 'Object Repository/Выручка по ДЗО/По передаче в фильтре Выручка' is clicked on

03-12-2024T02:49:46 - [MESSAGE][PASSED] - Object: 'Object Repository/Выручка по ДЗО/По передаче в фильтре Выручка' is clicked on

03-12-2024T02:49:46 - [TEST_STEP][PASSED] - click(findTestObject("Выручка по ДЗО/Применить в фильтре Выручка")): Object: 'Object Repository/Выручка по ДЗО/Применить в фильтре Выручка' is clicked on

03-12-2024T02:49:47 - [MESSAGE][PASSED] - Object: 'Object Repository/Выручка по ДЗО/Применить в фильтре Выручка' is clicked on

03-12-2024T02:49:47 - [TEST_STEP][PASSED] - Script1687405711779.Test(todaysDate): null

03-12-2024T02:49:47 - [TEST_STEP][PASSED] - if (verifyTextNotPresent("нет данных", false) == true): null

03-12-2024T02:49:49 - [MESSAGE][PASSED] - Text 'нет данных' is not present on page

03-12-2024T02:49:49 - [TEST_STEP][PASSED] - if (verifyTextNotPresent("Ошибка запроса данных", false) == true): null

03-12-2024T02:49:50 - [MESSAGE][PASSED] - Text 'Ошибка запроса данных' is not present on page

03-12-2024T02:49:50 - [TEST_STEP][PASSED] - if (verifyTextNotPresent("Произошла ошибка при выполнении пользовательского кода", false) == true): null

03-12-2024T02:49:50 - [MESSAGE][PASSED] - Text 'Произошла ошибка при выполнении пользовательского кода' is not present on page

03-12-2024T02:49:50 - [TEST_STEP][PASSED] - if (verifyTextNotPresent("У виджета нет данных", false) == true): null

03-12-2024T02:49:51 - [MESSAGE][PASSED] - Text 'У виджета нет данных' is not present on page

03-12-2024T02:49:51 - [TEST_STEP][PASSED] - if (verifyTextNotPresent("У виджета нет данных", false) == true): Text 'У виджета нет данных' is not present on page

03-12-2024T02:49:51 - [MESSAGE][PASSED] - Text 'У виджета нет данных' is not present on page

03-12-2024T02:49:51 - [TEST_STEP][PASSED] - click(findTestObject("Выручка по ДЗО/Фильтр Выручка")): Object: 'Object Repository/Выручка по ДЗО/Фильтр Выручка' is clicked on

03-12-2024T02:49:51 - [MESSAGE][PASSED] - Object: 'Object Repository/Выручка по ДЗО/Фильтр Выручка' is clicked on

03-12-2024T02:49:51 - [TEST_STEP][PASSED] - click(findTestObject("Выручка по ДЗО/Снять выделение в фильтре Выручка")): Object: 'Object Repository/Выручка по ДЗО/Снять выделение в фильтре Выручка' is clicked on

03-12-2024T02:49:52 - [MESSAGE][PASSED] - Object: 'Object Repository/Выручка по ДЗО/Снять выделение в фильтре Выручка' is clicked on

03-12-2024T02:49:52 - [TEST_STEP][PASSED] - click(findTestObject("Выручка по ДЗО/По передаче в фильтре Выручка")): Object: 'Object Repository/Выручка по ДЗО/По передаче в фильтре Выручка' is clicked on

03-12-2024T02:49:52 - [MESSAGE][PASSED] - Object: 'Object Repository/Выручка по ДЗО/По передаче в фильтре Выручка' is clicked on

03-12-2024T02:49:52 - [TEST_STEP][PASSED] - click(findTestObject("Выручка по ДЗО/Применить в фильтре Выручка")): Object: 'Object Repository/Выручка по ДЗО/Применить в фильтре Выручка' is clicked on

03-12-2024T02:49:53 - [MESSAGE][PASSED] - Object: 'Object Repository/Выручка по ДЗО/Применить в фильтре Выручка' is clicked on

03-12-2024T02:49:53 - [TEST_STEP][PASSED] - Script1687405711779.Test(todaysDate): null

03-12-2024T02:49:53 - [TEST_STEP][PASSED] - if (verifyTextNotPresent("нет данных", false) == true): null

03-12-2024T02:49:55 - [MESSAGE][PASSED] - Text 'нет данных' is not present on page

03-12-2024T02:49:55 - [TEST_STEP][PASSED] - if (verifyTextNotPresent("Ошибка запроса данных", false) == true): null

03-12-2024T02:49:55 - [MESSAGE][PASSED] - Text 'Ошибка запроса данных' is not present on page

03-12-2024T02:49:55 - [TEST_STEP][PASSED] - if (verifyTextNotPresent("Произошла ошибка при выполнении пользовательского кода", false) == true): null

03-12-2024T02:49:56 - [MESSAGE][PASSED] - Text 'Произошла ошибка при выполнении пользовательского кода' is not present on page

03-12-2024T02:49:56 - [TEST_STEP][PASSED] - if (verifyTextNotPresent("У виджета нет данных", false) == true): null

03-12-2024T02:49:56 - [MESSAGE][PASSED] - Text 'У виджета нет данных' is not present on page

03-12-2024T02:49:56 - [TEST_STEP][PASSED] - if (verifyTextNotPresent("У виджета нет данных", false) == true): Text 'У виджета нет данных' is not present on page

03-12-2024T02:49:57 - [MESSAGE][PASSED] - Text 'У виджета нет данных' is not present on page

03-12-2024T02:49:57 - [TEST_STEP][PASSED] - click(findTestObject("Выручка по ДЗО/Фильтр Выручка")): Object: 'Object Repository/Выручка по ДЗО/Фильтр Выручка' is clicked on

03-12-2024T02:49:57 - [MESSAGE][PASSED] - Object: 'Object Repository/Выручка по ДЗО/Фильтр Выручка' is clicked on

03-12-2024T02:49:57 - [TEST_STEP][PASSED] - click(findTestObject("Выручка по ДЗО/Снять выделение в фильтре Выручка")): Object: 'Object Repository/Выручка по ДЗО/Снять выделение в фильтре Выручка' is clicked on

03-12-2024T02:49:57 - [MESSAGE][PASSED] - Object: 'Object Repository/Выручка по ДЗО/Снять выделение в фильтре Выручка' is clicked on

03-12-2024T02:49:57 - [TEST_STEP][PASSED] - click(findTestObject("Выручка по ДЗО/Применить в фильтре Выручка")): Object: 'Object Repository/Выручка по ДЗО/Применить в фильтре Выручка' is clicked on

03-12-2024T02:49:58 - [MESSAGE][PASSED] - Object: 'Object Repository/Выручка по ДЗО/Применить в фильтре Выручка' is clicked on

03-12-2024T02:49:58 - [TEST_STEP][PASSED] - click(findTestObject("Выручка по ДЗО/Фильтр ДЗО")): Object: 'Object Repository/Выручка по ДЗО/Фильтр ДЗО' is clicked on

03-12-2024T02:50:00 - [MESSAGE][PASSED] - Object: 'Object Repository/Выручка по ДЗО/Фильтр ДЗО' is clicked on

03-12-2024T02:50:00 - [TEST_STEP][PASSED] - click(findTestObject("Выручка по ДЗО/Снять выделение в фильтре ДЗО")): Object: 'Object Repository/Выручка по ДЗО/Снять выделение в фильтре ДЗО' is clicked on

03-12-2024T02:50:00 - [MESSAGE][PASSED] - Object: 'Object Repository/Выручка по ДЗО/Снять выделение в фильтре ДЗО' is clicked on

03-12-2024T02:50:00 - [TEST_STEP][PASSED] - scrollToElement(findTestObject("Выручка по ДЗО/Россети Северный Кавказ Выручка по ДЗО"), 30): Scroll to object 'Object Repository/Выручка по ДЗО/Россети Северный Кавказ Выручка по ДЗО' successfully

03-12-2024T02:50:01 - [MESSAGE][PASSED] - Scroll to object 'Object Repository/Выручка по ДЗО/Россети Северный Кавказ Выручка по ДЗО' successfully

03-12-2024T02:50:01 - [TEST_STEP][PASSED] - click(findTestObject("Выручка по ДЗО/Россети Северный Кавказ Выручка по ДЗО")): Object: 'Object Repository/Выручка по ДЗО/Россети Северный Кавказ Выручка по ДЗО' is clicked on

03-12-2024T02:50:01 - [MESSAGE][PASSED] - Object: 'Object Repository/Выручка по ДЗО/Россети Северный Кавказ Выручка по ДЗО' is clicked on

03-12-2024T02:50:01 - [TEST_STEP][PASSED] - scrollToElement(findTestObject("Выручка по ДЗО/Фильтр ДЗО"), 30): Scroll to object 'Object Repository/Выручка по ДЗО/Фильтр ДЗО' successfully

03-12-2024T02:50:01 - [MESSAGE][PASSED] - Scroll to object 'Object Repository/Выручка по ДЗО/Фильтр ДЗО' successfully

03-12-2024T02:50:01 - [TEST_STEP][PASSED] - Script1687405711779.Change(todaysDate): null

03-12-2024T02:50:01 - [TEST_STEP][PASSED] - scrollToElement(findTestObject("Выручка по ДЗО/Заголовок дашборда"), 30): Scroll to object 'Object Repository/Выручка по ДЗО/Заголовок дашборда' successfully

03-12-2024T02:50:02 - [MESSAGE][PASSED] - Scroll to object 'Object Repository/Выручка по ДЗО/Заголовок дашборда' successfully

03-12-2024T02:50:02 - [TEST_STEP][PASSED] - click(findTestObject("Выручка по ДЗО/Применить в фильтре ДЗО")): Object: 'Object Repository/Выручка по ДЗО/Применить в фильтре ДЗО' is clicked on

03-12-2024T02:50:02 - [MESSAGE][PASSED] - Object: 'Object Repository/Выручка по ДЗО/Применить в фильтре ДЗО' is clicked on

03-12-2024T02:50:02 - [TEST_STEP][PASSED] - Script1687405711779.Tumbler(todaysDate): null

03-12-2024T02:50:02 - [TEST_STEP][PASSED] - Script1687405711779.Test(todaysDate): null

03-12-2024T02:50:02 - [TEST_STEP][PASSED] - if (verifyTextNotPresent("нет данных", false) == true): null

03-12-2024T02:50:06 - [MESSAGE][PASSED] - Text 'нет данных' is not present on page

03-12-2024T02:50:06 - [TEST_STEP][PASSED] - if (verifyTextNotPresent("Ошибка запроса данных", false) == true): null

03-12-2024T02:50:06 - [MESSAGE][PASSED] - Text 'Ошибка запроса данных' is not present on page

03-12-2024T02:50:06 - [TEST_STEP][PASSED] - if (verifyTextNotPresent("Произошла ошибка при выполнении пользовательского кода", false) == true): null

03-12-2024T02:50:07 - [MESSAGE][PASSED] - Text 'Произошла ошибка при выполнении пользовательского кода' is not present on page

03-12-2024T02:50:07 - [TEST_STEP][PASSED] - if (verifyTextNotPresent("У виджета нет данных", false) == true): null

03-12-2024T02:50:07 - [MESSAGE][PASSED] - Text 'У виджета нет данных' is not present on page

03-12-2024T02:50:07 - [TEST_STEP][PASSED] - if (verifyTextNotPresent("У виджета нет данных", false) == true): Text 'У виджета нет данных' is not present on page

03-12-2024T02:50:08 - [MESSAGE][PASSED] - Text 'У виджета нет данных' is not present on page

03-12-2024T02:50:08 - [TEST_STEP][PASSED] - click(findTestObject("Выручка по ДЗО/Фильтр Выручка")): Object: 'Object Repository/Выручка по ДЗО/Фильтр Выручка' is clicked on

03-12-2024T02:50:08 - [MESSAGE][PASSED] - Object: 'Object Repository/Выручка по ДЗО/Фильтр Выручка' is clicked on

03-12-2024T02:50:08 - [TEST_STEP][PASSED] - click(findTestObject("Выручка по ДЗО/Внутренний оборот в фильтре Выручка")): Object: 'Object Repository/Выручка по ДЗО/Внутренний оборот в фильтре Выручка' is clicked on

03-12-2024T02:50:09 - [MESSAGE][PASSED] - Object: 'Object Repository/Выручка по ДЗО/Внутренний оборот в фильтре Выручка' is clicked on

03-12-2024T02:50:09 - [TEST_STEP][PASSED] - click(findTestObject("Выручка по ДЗО/Применить в фильтре Выручка")): Object: 'Object Repository/Выручка по ДЗО/Применить в фильтре Выручка' is clicked on

03-12-2024T02:50:09 - [MESSAGE][PASSED] - Object: 'Object Repository/Выручка по ДЗО/Применить в фильтре Выручка' is clicked on

03-12-2024T02:50:09 - [TEST_STEP][PASSED] - Script1687405711779.Test(todaysDate): null

03-12-2024T02:50:09 - [TEST_STEP][PASSED] - if (verifyTextNotPresent("нет данных", false) == true): null

03-12-2024T02:50:11 - [MESSAGE][PASSED] - Text 'нет данных' is not present on page

03-12-2024T02:50:11 - [TEST_STEP][PASSED] - if (verifyTextNotPresent("Ошибка запроса данных", false) == true): null

03-12-2024T02:50:12 - [MESSAGE][PASSED] - Text 'Ошибка запроса данных' is not present on page

03-12-2024T02:50:12 - [TEST_STEP][PASSED] - if (verifyTextNotPresent("Произошла ошибка при выполнении пользовательского кода", false) == true): null

03-12-2024T02:50:12 - [MESSAGE][PASSED] - Text 'Произошла ошибка при выполнении пользовательского кода' is not present on page

03-12-2024T02:50:12 - [TEST_STEP][PASSED] - if (verifyTextNotPresent("У виджета нет данных", false) == true): null

03-12-2024T02:50:13 - [MESSAGE][PASSED] - Text 'У виджета нет данных' is not present on page

03-12-2024T02:50:13 - [TEST_STEP][PASSED] - if (verifyTextNotPresent("У виджета нет данных", false) == true): Text 'У виджета нет данных' is not present on page

03-12-2024T02:50:13 - [MESSAGE][PASSED] - Text 'У виджета нет данных' is not present on page

03-12-2024T02:50:13 - [TEST_STEP][PASSED] - click(findTestObject("Выручка по ДЗО/Фильтр Выручка")): Object: 'Object Repository/Выручка по ДЗО/Фильтр Выручка' is clicked on

03-12-2024T02:50:14 - [MESSAGE][PASSED] - Object: 'Object Repository/Выручка по ДЗО/Фильтр Выручка' is clicked on

03-12-2024T02:50:14 - [TEST_STEP][PASSED] - click(findTestObject("Выручка по ДЗО/По передаче в фильтре Выручка")): Object: 'Object Repository/Выручка по ДЗО/По передаче в фильтре Выручка' is clicked on

03-12-2024T02:50:14 - [MESSAGE][PASSED] - Object: 'Object Repository/Выручка по ДЗО/По передаче в фильтре Выручка' is clicked on

03-12-2024T02:50:14 - [TEST_STEP][PASSED] - click(findTestObject("Выручка по ДЗО/Применить в фильтре Выручка")): Object: 'Object Repository/Выручка по ДЗО/Применить в фильтре Выручка' is clicked on

03-12-2024T02:50:15 - [MESSAGE][PASSED] - Object: 'Object Repository/Выручка по ДЗО/Применить в фильтре Выручка' is clicked on

03-12-2024T02:50:15 - [TEST_STEP][PASSED] - Script1687405711779.Test(todaysDate): null

03-12-2024T02:50:15 - [TEST_STEP][PASSED] - if (verifyTextNotPresent("нет данных", false) == true): null

03-12-2024T02:50:17 - [MESSAGE][PASSED] - Text 'нет данных' is not present on page

03-12-2024T02:50:17 - [TEST_STEP][PASSED] - if (verifyTextNotPresent("Ошибка запроса данных", false) == true): null

03-12-2024T02:50:17 - [MESSAGE][PASSED] - Text 'Ошибка запроса данных' is not present on page

03-12-2024T02:50:17 - [TEST_STEP][PASSED] - if (verifyTextNotPresent("Произошла ошибка при выполнении пользовательского кода", false) == true): null

03-12-2024T02:50:18 - [MESSAGE][PASSED] - Text 'Произошла ошибка при выполнении пользовательского кода' is not present on page

03-12-2024T02:50:18 - [TEST_STEP][PASSED] - if (verifyTextNotPresent("У виджета нет данных", false) == true): null

03-12-2024T02:50:18 - [MESSAGE][PASSED] - Text 'У виджета нет данных' is not present on page

03-12-2024T02:50:18 - [TEST_STEP][PASSED] - if (verifyTextNotPresent("У виджета нет данных", false) == true): Text 'У виджета нет данных' is not present on page

03-12-2024T02:50:19 - [MESSAGE][PASSED] - Text 'У виджета нет данных' is not present on page

03-12-2024T02:50:19 - [TEST_STEP][PASSED] - click(findTestObject("Выручка по ДЗО/Фильтр Выручка")): Object: 'Object Repository/Выручка по ДЗО/Фильтр Выручка' is clicked on

03-12-2024T02:50:19 - [MESSAGE][PASSED] - Object: 'Object Repository/Выручка по ДЗО/Фильтр Выручка' is clicked on

03-12-2024T02:50:19 - [TEST_STEP][PASSED] - click(findTestObject("Выручка по ДЗО/Снять выделение в фильтре Выручка")): Object: 'Object Repository/Выручка по ДЗО/Снять выделение в фильтре Выручка' is clicked on

03-12-2024T02:50:20 - [MESSAGE][PASSED] - Object: 'Object Repository/Выручка по ДЗО/Снять выделение в фильтре Выручка' is clicked on

03-12-2024T02:50:20 - [TEST_STEP][PASSED] - click(findTestObject("Выручка по ДЗО/По передаче в фильтре Выручка")): Object: 'Object Repository/Выручка по ДЗО/По передаче в фильтре Выручка' is clicked on

03-12-2024T02:50:20 - [MESSAGE][PASSED] - Object: 'Object Repository/Выручка по ДЗО/По передаче в фильтре Выручка' is clicked on

03-12-2024T02:50:20 - [TEST_STEP][PASSED] - click(findTestObject("Выручка по ДЗО/Применить в фильтре Выручка")): Object: 'Object Repository/Выручка по ДЗО/Применить в фильтре Выручка' is clicked on

03-12-2024T02:50:21 - [MESSAGE][PASSED] - Object: 'Object Repository/Выручка по ДЗО/Применить в фильтре Выручка' is clicked on

03-12-2024T02:50:21 - [TEST_STEP][PASSED] - Script1687405711779.Test(todaysDate): null

03-12-2024T02:50:21 - [TEST_STEP][PASSED] - if (verifyTextNotPresent("нет данных", false) == true): null

03-12-2024T02:50:23 - [MESSAGE][PASSED] - Text 'нет данных' is not present on page

03-12-2024T02:50:23 - [TEST_STEP][PASSED] - if (verifyTextNotPresent("Ошибка запроса данных", false) == true): null

03-12-2024T02:50:23 - [MESSAGE][PASSED] - Text 'Ошибка запроса данных' is not present on page

03-12-2024T02:50:23 - [TEST_STEP][PASSED] - if (verifyTextNotPresent("Произошла ошибка при выполнении пользовательского кода", false) == true): null

03-12-2024T02:50:24 - [MESSAGE][PASSED] - Text 'Произошла ошибка при выполнении пользовательского кода' is not present on page

03-12-2024T02:50:24 - [TEST_STEP][PASSED] - if (verifyTextNotPresent("У виджета нет данных", false) == true): null

03-12-2024T02:50:24 - [MESSAGE][PASSED] - Text 'У виджета нет данных' is not present on page

03-12-2024T02:50:24 - [TEST_STEP][PASSED] - if (verifyTextNotPresent("У виджета нет данных", false) == true): Text 'У виджета нет данных' is not present on page

03-12-2024T02:50:25 - [MESSAGE][PASSED] - Text 'У виджета нет данных' is not present on page

03-12-2024T02:50:25 - [TEST_STEP][PASSED] - click(findTestObject("Выручка по ДЗО/Фильтр Выручка")): Object: 'Object Repository/Выручка по ДЗО/Фильтр Выручка' is clicked on

03-12-2024T02:50:25 - [MESSAGE][PASSED] - Object: 'Object Repository/Выручка по ДЗО/Фильтр Выручка' is clicked on

03-12-2024T02:50:25 - [TEST_STEP][PASSED] - click(findTestObject("Выручка по ДЗО/Снять выделение в фильтре Выручка")): Object: 'Object Repository/Выручка по ДЗО/Снять выделение в фильтре Выручка' is clicked on

03-12-2024T02:50:26 - [MESSAGE][PASSED] - Object: 'Object Repository/Выручка по ДЗО/Снять выделение в фильтре Выручка' is clicked on

03-12-2024T02:50:26 - [TEST_STEP][PASSED] - click(findTestObject("Выручка по ДЗО/Применить в фильтре Выручка")): Object: 'Object Repository/Выручка по ДЗО/Применить в фильтре Выручка' is clicked on

03-12-2024T02:50:26 - [MESSAGE][PASSED] - Object: 'Object Repository/Выручка по ДЗО/Применить в фильтре Выручка' is clicked on

03-12-2024T02:50:26 - [TEST_STEP][PASSED] - click(findTestObject("Выручка по ДЗО/Фильтр ДЗО")): Object: 'Object Repository/Выручка по ДЗО/Фильтр ДЗО' is clicked on

03-12-2024T02:50:28 - [MESSAGE][PASSED] - Object: 'Object Repository/Выручка по ДЗО/Фильтр ДЗО' is clicked on

03-12-2024T02:50:28 - [TEST_STEP][PASSED] - click(findTestObject("Выручка по ДЗО/Снять выделение в фильтре ДЗО")): Object: 'Object Repository/Выручка по ДЗО/Снять выделение в фильтре ДЗО' is clicked on

03-12-2024T02:50:28 - [MESSAGE][PASSED] - Object: 'Object Repository/Выручка по ДЗО/Снять выделение в фильтре ДЗО' is clicked on

03-12-2024T02:50:28 - [TEST_STEP][PASSED] - scrollToElement(findTestObject("Общие объекты/Раскрыть список Россети Северный Кавказ"), 30): Scroll to object 'Object Repository/Общие объекты/Раскрыть список Россети Северный Кавказ' successfully

03-12-2024T02:50:29 - [MESSAGE][PASSED] - Scroll to object 'Object Repository/Общие объекты/Раскрыть список Россети Северный Кавказ' successfully

03-12-2024T02:50:29 - [TEST_STEP][PASSED] - click(findTestObject("Общие объекты/Раскрыть список Россети Северный Кавказ")): Object: 'Object Repository/Общие объекты/Раскрыть список Россети Северный Кавказ' is clicked on

03-12-2024T02:50:29 - [MESSAGE][PASSED] - Object: 'Object Repository/Общие объекты/Раскрыть список Россети Северный Кавказ' is clicked on

03-12-2024T02:50:29 - [TEST_STEP][PASSED] - scrollToElement(findTestObject("Общие объекты/Дагестанская сетевая компания"), 30): Scroll to object 'Object Repository/Общие объекты/Дагестанская сетевая компания' successfully

03-12-2024T02:50:29 - [MESSAGE][PASSED] - Scroll to object 'Object Repository/Общие объекты/Дагестанская сетевая компания' successfully

03-12-2024T02:50:29 - [TEST_STEP][PASSED] - click(findTestObject("Общие объекты/Дагестанская сетевая компания")): Object: 'Object Repository/Общие объекты/Дагестанская сетевая компания' is clicked on

03-12-2024T02:50:29 - [MESSAGE][PASSED] - Object: 'Object Repository/Общие объекты/Дагестанская сетевая компания' is clicked on

03-12-2024T02:50:29 - [TEST_STEP][PASSED] - Script1687405711779.Change(todaysDate): null

03-12-2024T02:50:29 - [TEST_STEP][PASSED] - scrollToElement(findTestObject("Выручка по ДЗО/Заголовок дашборда"), 30): Scroll to object 'Object Repository/Выручка по ДЗО/Заголовок дашборда' successfully

03-12-2024T02:50:30 - [MESSAGE][PASSED] - Scroll to object 'Object Repository/Выручка по ДЗО/Заголовок дашборда' successfully

03-12-2024T02:50:30 - [TEST_STEP][PASSED] - click(findTestObject("Выручка по ДЗО/Применить в фильтре ДЗО")): Object: 'Object Repository/Выручка по ДЗО/Применить в фильтре ДЗО' is clicked on

03-12-2024T02:50:30 - [MESSAGE][PASSED] - Object: 'Object Repository/Выручка по ДЗО/Применить в фильтре ДЗО' is clicked on

03-12-2024T02:50:30 - [TEST_STEP][PASSED] - Script1687405711779.Tumbler(todaysDate): null

03-12-2024T02:50:30 - [TEST_STEP][PASSED] - Script1687405711779.Test(todaysDate): null

03-12-2024T02:50:30 - [TEST_STEP][FAILED] - if (verifyTextNotPresent("нет данных", false) == true): Text 'нет данных' is present on page  (Root cause: com.kms.katalon.core.exception.StepFailedException: Text 'нет данных' is present on page 
	at com.kms.katalon.core.webui.keyword.internal.WebUIKeywordMain.stepFailed(WebUIKeywordMain.groovy:64)
	at com.kms.katalon.core.webui.keyword.builtin.VerifyTextNotPresentKeyword$_verifyTextNotPresent_closure1.doCall(VerifyTextNotPresentKeyword.groovy:77)
	at com.kms.katalon.core.webui.keyword.builtin.VerifyTextNotPresentKeyword$_verifyTextNotPresent_closure1.call(VerifyTextNotPresentKeyword.groovy)
	at com.kms.katalon.core.webui.keyword.internal.WebUIKeywordMain.runKeyword(WebUIKeywordMain.groovy:20)
	at com.kms.katalon.core.webui.keyword.builtin.VerifyTextNotPresentKeyword.verifyTextNotPresent(VerifyTextNotPresentKeyword.groovy:82)
	at com.kms.katalon.core.webui.keyword.builtin.VerifyTextNotPresentKeyword.execute(VerifyTextNotPresentKeyword.groovy:68)
	at com.kms.katalon.core.keyword.internal.KeywordExecutor.executeKeywordForPlatform(KeywordExecutor.groovy:74)
	at com.kms.katalon.core.webui.keyword.WebUiBuiltInKeywords.verifyTextNotPresent(WebUiBuiltInKeywords.groovy:1795)
	at Выручка по ДЗО отображение данных все филиалы.Test(Выручка по ДЗО отображение данных все филиалы:782)
	at Выручка по ДЗО отображение данных все филиалы.Tumbler(Выручка по ДЗО отображение данных все филиалы:730)
	at Выручка по ДЗО отображение данных все филиалы.Change(Выручка по ДЗО отображение данных все филиалы:772)
	at Выручка по ДЗО отображение данных все филиалы.DzoTest(Выручка по ДЗО отображение данных все филиалы:304)
	at Выручка по ДЗО отображение данных все филиалы.run(Выручка по ДЗО отображение данных все филиалы:134)
	at com.kms.katalon.core.main.ScriptEngine.run(ScriptEngine.java:194)
	at com.kms.katalon.core.main.ScriptEngine.runScriptAsRawText(ScriptEngine.java:119)
	at com.kms.katalon.core.main.TestCaseExecutor.runScript(TestCaseExecutor.java:448)
	at com.kms.katalon.core.main.TestCaseExecutor.doExecute(TestCaseExecutor.java:439)
	at com.kms.katalon.core.main.TestCaseExecutor.processExecutionPhase(TestCaseExecutor.java:418)
	at com.kms.katalon.core.main.TestCaseExecutor.accessMainPhase(TestCaseExecutor.java:410)
	at com.kms.katalon.core.main.TestCaseExecutor.execute(TestCaseExecutor.java:285)
	at com.kms.katalon.core.common.CommonExecutor.accessTestCaseMainPhase(CommonExecutor.java:65)
	at com.kms.katalon.core.main.TestSuiteExecutor.accessTestSuiteMainPhase(TestSuiteExecutor.java:150)
	at com.kms.katalon.core.main.TestSuiteExecutor.execute(TestSuiteExecutor.java:106)
	at com.kms.katalon.core.main.TestCaseMain.startTestSuite(TestCaseMain.java:180)
	at TempTestSuite1733182698305.run(TempTestSuite1733182698305.groovy:35)
	at java.base/jdk.internal.reflect.NativeMethodAccessorImpl.invoke0(Native Method)
	at java.base/jdk.internal.reflect.NativeMethodAccessorImpl.invoke(NativeMethodAccessorImpl.java:77)
	at java.base/jdk.internal.reflect.DelegatingMethodAccessorImpl.invoke(DelegatingMethodAccessorImpl.java:43)
)

03-12-2024T02:50:33 - [MESSAGE][FAILED] - Text 'нет данных' is present on page  (Root cause: com.kms.katalon.core.exception.StepFailedException: Text 'нет данных' is present on page 
	at com.kms.katalon.core.webui.keyword.internal.WebUIKeywordMain.stepFailed(WebUIKeywordMain.groovy:64)
	at com.kms.katalon.core.webui.keyword.builtin.VerifyTextNotPresentKeyword$_verifyTextNotPresent_closure1.doCall(VerifyTextNotPresentKeyword.groovy:77)
	at com.kms.katalon.core.webui.keyword.builtin.VerifyTextNotPresentKeyword$_verifyTextNotPresent_closure1.call(VerifyTextNotPresentKeyword.groovy)
	at com.kms.katalon.core.webui.keyword.internal.WebUIKeywordMain.runKeyword(WebUIKeywordMain.groovy:20)
	at com.kms.katalon.core.webui.keyword.builtin.VerifyTextNotPresentKeyword.verifyTextNotPresent(VerifyTextNotPresentKeyword.groovy:82)
	at com.kms.katalon.core.webui.keyword.builtin.VerifyTextNotPresentKeyword.execute(VerifyTextNotPresentKeyword.groovy:68)
	at com.kms.katalon.core.keyword.internal.KeywordExecutor.executeKeywordForPlatform(KeywordExecutor.groovy:74)
	at com.kms.katalon.core.webui.keyword.WebUiBuiltInKeywords.verifyTextNotPresent(WebUiBuiltInKeywords.groovy:1795)
	at Выручка по ДЗО отображение данных все филиалы.Test(Выручка по ДЗО отображение данных все филиалы:782)
	at Выручка по ДЗО отображение данных все филиалы.Tumbler(Выручка по ДЗО отображение данных все филиалы:730)
	at Выручка по ДЗО отображение данных все филиалы.Change(Выручка по ДЗО отображение данных все филиалы:772)
	at Выручка по ДЗО отображение данных все филиалы.DzoTest(Выручка по ДЗО отображение данных все филиалы:304)
	at Выручка по ДЗО отображение данных все филиалы.run(Выручка по ДЗО отображение данных все филиалы:134)
	at com.kms.katalon.core.main.ScriptEngine.run(ScriptEngine.java:194)
	at com.kms.katalon.core.main.ScriptEngine.runScriptAsRawText(ScriptEngine.java:119)
	at com.kms.katalon.core.main.TestCaseExecutor.runScript(TestCaseExecutor.java:448)
	at com.kms.katalon.core.main.TestCaseExecutor.doExecute(TestCaseExecutor.java:439)
	at com.kms.katalon.core.main.TestCaseExecutor.processExecutionPhase(TestCaseExecutor.java:418)
	at com.kms.katalon.core.main.TestCaseExecutor.accessMainPhase(TestCaseExecutor.java:410)
	at com.kms.katalon.core.main.TestCaseExecutor.execute(TestCaseExecutor.java:285)
	at com.kms.katalon.core.common.CommonExecutor.accessTestCaseMainPhase(CommonExecutor.java:65)
	at com.kms.katalon.core.main.TestSuiteExecutor.accessTestSuiteMainPhase(TestSuiteExecutor.java:150)
	at com.kms.katalon.core.main.TestSuiteExecutor.execute(TestSuiteExecutor.java:106)
	at com.kms.katalon.core.main.TestCaseMain.startTestSuite(TestCaseMain.java:180)
	at TempTestSuite1733182698305.run(TempTestSuite1733182698305.groovy:35)
	at java.base/jdk.internal.reflect.NativeMethodAccessorImpl.invoke0(Native Method)
	at java.base/jdk.internal.reflect.NativeMethodAccessorImpl.invoke(NativeMethodAccessorImpl.java:77)
	at java.base/jdk.internal.reflect.DelegatingMethodAccessorImpl.invoke(DelegatingMethodAccessorImpl.java:43)
)

03-12-2024T02:50:33 - [TEST_STEP][PASSED] - else: null

03-12-2024T02:50:33 - [TEST_STEP][PASSED] - Script1687405711779.WriteToExcel(todaysDate): null

03-12-2024T02:50:33 - [TEST_STEP][PASSED] - sheetName = "Sheet1": null

03-12-2024T02:50:33 - [TEST_STEP][PASSED] - data = findTestData("PlanFact"): null

03-12-2024T02:50:33 - [TEST_STEP][PASSED] - n = data.getRowNumbers() + 1: null

03-12-2024T02:50:33 - [TEST_STEP][PASSED] - dZO = getText(findTestObject("Выручка по ДЗО/Фильтр ДЗО")): Text of object 'Object Repository/Выручка по ДЗО/Фильтр ДЗО' is: 'ПАО Россети - РаспредКомплекс - Россети Северный Кавказ (ГК) - АО "Дагестанская сетевая компания"'

03-12-2024T02:50:33 - [MESSAGE][PASSED] - Text of object 'Object Repository/Выручка по ДЗО/Фильтр ДЗО' is: 'ПАО Россети - РаспредКомплекс - Россети Северный Кавказ (ГК) - АО "Дагестанская сетевая компания"'

03-12-2024T02:50:33 - [TEST_STEP][PASSED] - period = getText(findTestObject("Выручка по ДЗО/Фильтр Дата")): Text of object 'Object Repository/Выручка по ДЗО/Фильтр Дата' is: '1, 2, 3 кв., Октябрь 2024 года'

03-12-2024T02:50:33 - [MESSAGE][PASSED] - Text of object 'Object Repository/Выручка по ДЗО/Фильтр Дата' is: '1, 2, 3 кв., Октябрь 2024 года'

03-12-2024T02:50:33 - [TEST_STEP][PASSED] - viruchka = getText(findTestObject("Выручка по ДЗО/Фильтр Выручка")): Text of object 'Object Repository/Выручка по ДЗО/Фильтр Выручка' is: 'Все'

03-12-2024T02:50:34 - [MESSAGE][PASSED] - Text of object 'Object Repository/Выручка по ДЗО/Фильтр Выручка' is: 'Все'

03-12-2024T02:50:34 - [TEST_STEP][PASSED] - if (viruchka == "Выбрано: 2"): null

03-12-2024T02:50:34 - [TEST_STEP][PASSED] - if (viruchka == "Все"): null

03-12-2024T02:50:34 - [TEST_STEP][PASSED] - viruchka = "Не выбран ни один пункт": null

03-12-2024T02:50:34 - [TEST_STEP][PASSED] - println(period): null

03-12-2024T02:50:34 - [TEST_STEP][PASSED] - dashboardName = "Выручка по ДЗО": null

03-12-2024T02:50:34 - [TEST_STEP][PASSED] - workbook01 = getWorkbook(excelFilePath): null

03-12-2024T02:50:34 - [TEST_STEP][PASSED] - sheet01 = getExcelSheet(workbook01, sheetName): null

03-12-2024T02:50:34 - [TEST_STEP][PASSED] - setValueToCellByIndex(sheet01, n, 0, dashboardName): null

03-12-2024T02:50:34 - [TEST_STEP][PASSED] - setValueToCellByIndex(sheet01, n, 1, dZO): null

03-12-2024T02:50:34 - [TEST_STEP][PASSED] - setValueToCellByIndex(sheet01, n, 2, period): null

03-12-2024T02:50:34 - [TEST_STEP][PASSED] - setValueToCellByIndex(sheet01, n, 3, viruchka): null

03-12-2024T02:50:34 - [TEST_STEP][PASSED] - setValueToCellByIndex(sheet01, n, 4, todaysDate): null

03-12-2024T02:50:34 - [TEST_STEP][PASSED] - n = n + 1: null

03-12-2024T02:50:34 - [TEST_STEP][PASSED] - saveWorkbook(excelFilePath, workbook01): null

03-12-2024T02:50:34 - [TEST_STEP][PASSED] - click(findTestObject("Выручка по ДЗО/Фильтр Выручка")): Object: 'Object Repository/Выручка по ДЗО/Фильтр Выручка' is clicked on

03-12-2024T02:50:34 - [MESSAGE][PASSED] - Object: 'Object Repository/Выручка по ДЗО/Фильтр Выручка' is clicked on

03-12-2024T02:50:34 - [TEST_STEP][PASSED] - click(findTestObject("Выручка по ДЗО/Внутренний оборот в фильтре Выручка")): Object: 'Object Repository/Выручка по ДЗО/Внутренний оборот в фильтре Выручка' is clicked on

03-12-2024T02:50:35 - [MESSAGE][PASSED] - Object: 'Object Repository/Выручка по ДЗО/Внутренний оборот в фильтре Выручка' is clicked on

03-12-2024T02:50:35 - [TEST_STEP][PASSED] - click(findTestObject("Выручка по ДЗО/Применить в фильтре Выручка")): Object: 'Object Repository/Выручка по ДЗО/Применить в фильтре Выручка' is clicked on

03-12-2024T02:50:35 - [MESSAGE][PASSED] - Object: 'Object Repository/Выручка по ДЗО/Применить в фильтре Выручка' is clicked on

03-12-2024T02:50:35 - [TEST_STEP][PASSED] - Script1687405711779.Test(todaysDate): null

03-12-2024T02:50:35 - [TEST_STEP][FAILED] - if (verifyTextNotPresent("нет данных", false) == true): Text 'нет данных' is present on page  (Root cause: com.kms.katalon.core.exception.StepFailedException: Text 'нет данных' is present on page 
	at com.kms.katalon.core.webui.keyword.internal.WebUIKeywordMain.stepFailed(WebUIKeywordMain.groovy:64)
	at com.kms.katalon.core.webui.keyword.builtin.VerifyTextNotPresentKeyword$_verifyTextNotPresent_closure1.doCall(VerifyTextNotPresentKeyword.groovy:77)
	at com.kms.katalon.core.webui.keyword.builtin.VerifyTextNotPresentKeyword$_verifyTextNotPresent_closure1.call(VerifyTextNotPresentKeyword.groovy)
	at com.kms.katalon.core.webui.keyword.internal.WebUIKeywordMain.runKeyword(WebUIKeywordMain.groovy:20)
	at com.kms.katalon.core.webui.keyword.builtin.VerifyTextNotPresentKeyword.verifyTextNotPresent(VerifyTextNotPresentKeyword.groovy:82)
	at com.kms.katalon.core.webui.keyword.builtin.VerifyTextNotPresentKeyword.execute(VerifyTextNotPresentKeyword.groovy:68)
	at com.kms.katalon.core.keyword.internal.KeywordExecutor.executeKeywordForPlatform(KeywordExecutor.groovy:74)
	at com.kms.katalon.core.webui.keyword.WebUiBuiltInKeywords.verifyTextNotPresent(WebUiBuiltInKeywords.groovy:1795)
	at Выручка по ДЗО отображение данных все филиалы.Test(Выручка по ДЗО отображение данных все филиалы:782)
	at Выручка по ДЗО отображение данных все филиалы.Tumbler(Выручка по ДЗО отображение данных все филиалы:738)
	at Выручка по ДЗО отображение данных все филиалы.Change(Выручка по ДЗО отображение данных все филиалы:772)
	at Выручка по ДЗО отображение данных все филиалы.DzoTest(Выручка по ДЗО отображение данных все филиалы:304)
	at Выручка по ДЗО отображение данных все филиалы.run(Выручка по ДЗО отображение данных все филиалы:134)
	at com.kms.katalon.core.main.ScriptEngine.run(ScriptEngine.java:194)
	at com.kms.katalon.core.main.ScriptEngine.runScriptAsRawText(ScriptEngine.java:119)
	at com.kms.katalon.core.main.TestCaseExecutor.runScript(TestCaseExecutor.java:448)
	at com.kms.katalon.core.main.TestCaseExecutor.doExecute(TestCaseExecutor.java:439)
	at com.kms.katalon.core.main.TestCaseExecutor.processExecutionPhase(TestCaseExecutor.java:418)
	at com.kms.katalon.core.main.TestCaseExecutor.accessMainPhase(TestCaseExecutor.java:410)
	at com.kms.katalon.core.main.TestCaseExecutor.execute(TestCaseExecutor.java:285)
	at com.kms.katalon.core.common.CommonExecutor.accessTestCaseMainPhase(CommonExecutor.java:65)
	at com.kms.katalon.core.main.TestSuiteExecutor.accessTestSuiteMainPhase(TestSuiteExecutor.java:150)
	at com.kms.katalon.core.main.TestSuiteExecutor.execute(TestSuiteExecutor.java:106)
	at com.kms.katalon.core.main.TestCaseMain.startTestSuite(TestCaseMain.java:180)
	at TempTestSuite1733182698305.run(TempTestSuite1733182698305.groovy:35)
	at java.base/jdk.internal.reflect.NativeMethodAccessorImpl.invoke0(Native Method)
	at java.base/jdk.internal.reflect.NativeMethodAccessorImpl.invoke(NativeMethodAccessorImpl.java:77)
	at java.base/jdk.internal.reflect.DelegatingMethodAccessorImpl.invoke(DelegatingMethodAccessorImpl.java:43)
)

03-12-2024T02:50:38 - [MESSAGE][FAILED] - Text 'нет данных' is present on page  (Root cause: com.kms.katalon.core.exception.StepFailedException: Text 'нет данных' is present on page 
	at com.kms.katalon.core.webui.keyword.internal.WebUIKeywordMain.stepFailed(WebUIKeywordMain.groovy:64)
	at com.kms.katalon.core.webui.keyword.builtin.VerifyTextNotPresentKeyword$_verifyTextNotPresent_closure1.doCall(VerifyTextNotPresentKeyword.groovy:77)
	at com.kms.katalon.core.webui.keyword.builtin.VerifyTextNotPresentKeyword$_verifyTextNotPresent_closure1.call(VerifyTextNotPresentKeyword.groovy)
	at com.kms.katalon.core.webui.keyword.internal.WebUIKeywordMain.runKeyword(WebUIKeywordMain.groovy:20)
	at com.kms.katalon.core.webui.keyword.builtin.VerifyTextNotPresentKeyword.verifyTextNotPresent(VerifyTextNotPresentKeyword.groovy:82)
	at com.kms.katalon.core.webui.keyword.builtin.VerifyTextNotPresentKeyword.execute(VerifyTextNotPresentKeyword.groovy:68)
	at com.kms.katalon.core.keyword.internal.KeywordExecutor.executeKeywordForPlatform(KeywordExecutor.groovy:74)
	at com.kms.katalon.core.webui.keyword.WebUiBuiltInKeywords.verifyTextNotPresent(WebUiBuiltInKeywords.groovy:1795)
	at Выручка по ДЗО отображение данных все филиалы.Test(Выручка по ДЗО отображение данных все филиалы:782)
	at Выручка по ДЗО отображение данных все филиалы.Tumbler(Выручка по ДЗО отображение данных все филиалы:738)
	at Выручка по ДЗО отображение данных все филиалы.Change(Выручка по ДЗО отображение данных все филиалы:772)
	at Выручка по ДЗО отображение данных все филиалы.DzoTest(Выручка по ДЗО отображение данных все филиалы:304)
	at Выручка по ДЗО отображение данных все филиалы.run(Выручка по ДЗО отображение данных все филиалы:134)
	at com.kms.katalon.core.main.ScriptEngine.run(ScriptEngine.java:194)
	at com.kms.katalon.core.main.ScriptEngine.runScriptAsRawText(ScriptEngine.java:119)
	at com.kms.katalon.core.main.TestCaseExecutor.runScript(TestCaseExecutor.java:448)
	at com.kms.katalon.core.main.TestCaseExecutor.doExecute(TestCaseExecutor.java:439)
	at com.kms.katalon.core.main.TestCaseExecutor.processExecutionPhase(TestCaseExecutor.java:418)
	at com.kms.katalon.core.main.TestCaseExecutor.accessMainPhase(TestCaseExecutor.java:410)
	at com.kms.katalon.core.main.TestCaseExecutor.execute(TestCaseExecutor.java:285)
	at com.kms.katalon.core.common.CommonExecutor.accessTestCaseMainPhase(CommonExecutor.java:65)
	at com.kms.katalon.core.main.TestSuiteExecutor.accessTestSuiteMainPhase(TestSuiteExecutor.java:150)
	at com.kms.katalon.core.main.TestSuiteExecutor.execute(TestSuiteExecutor.java:106)
	at com.kms.katalon.core.main.TestCaseMain.startTestSuite(TestCaseMain.java:180)
	at TempTestSuite1733182698305.run(TempTestSuite1733182698305.groovy:35)
	at java.base/jdk.internal.reflect.NativeMethodAccessorImpl.invoke0(Native Method)
	at java.base/jdk.internal.reflect.NativeMethodAccessorImpl.invoke(NativeMethodAccessorImpl.java:77)
	at java.base/jdk.internal.reflect.DelegatingMethodAccessorImpl.invoke(DelegatingMethodAccessorImpl.java:43)
)

03-12-2024T02:50:38 - [TEST_STEP][PASSED] - else: null

03-12-2024T02:50:38 - [TEST_STEP][PASSED] - Script1687405711779.WriteToExcel(todaysDate): null

03-12-2024T02:50:38 - [TEST_STEP][PASSED] - sheetName = "Sheet1": null

03-12-2024T02:50:38 - [TEST_STEP][PASSED] - data = findTestData("PlanFact"): null

03-12-2024T02:50:38 - [TEST_STEP][PASSED] - n = data.getRowNumbers() + 1: null

03-12-2024T02:50:38 - [TEST_STEP][PASSED] - dZO = getText(findTestObject("Выручка по ДЗО/Фильтр ДЗО")): Text of object 'Object Repository/Выручка по ДЗО/Фильтр ДЗО' is: 'ПАО Россети - РаспредКомплекс - Россети Северный Кавказ (ГК) - АО "Дагестанская сетевая компания"'

03-12-2024T02:50:38 - [MESSAGE][PASSED] - Text of object 'Object Repository/Выручка по ДЗО/Фильтр ДЗО' is: 'ПАО Россети - РаспредКомплекс - Россети Северный Кавказ (ГК) - АО "Дагестанская сетевая компания"'

03-12-2024T02:50:38 - [TEST_STEP][PASSED] - period = getText(findTestObject("Выручка по ДЗО/Фильтр Дата")): Text of object 'Object Repository/Выручка по ДЗО/Фильтр Дата' is: '1, 2, 3 кв., Октябрь 2024 года'

03-12-2024T02:50:38 - [MESSAGE][PASSED] - Text of object 'Object Repository/Выручка по ДЗО/Фильтр Дата' is: '1, 2, 3 кв., Октябрь 2024 года'

03-12-2024T02:50:38 - [TEST_STEP][PASSED] - viruchka = getText(findTestObject("Выручка по ДЗО/Фильтр Выручка")): Text of object 'Object Repository/Выручка по ДЗО/Фильтр Выручка' is: 'внутренний оборот'

03-12-2024T02:50:39 - [MESSAGE][PASSED] - Text of object 'Object Repository/Выручка по ДЗО/Фильтр Выручка' is: 'внутренний оборот'

03-12-2024T02:50:39 - [TEST_STEP][PASSED] - if (viruchka == "Выбрано: 2"): null

03-12-2024T02:50:39 - [TEST_STEP][PASSED] - if (viruchka == "Все"): null

03-12-2024T02:50:39 - [TEST_STEP][PASSED] - println(period): null

03-12-2024T02:50:39 - [TEST_STEP][PASSED] - dashboardName = "Выручка по ДЗО": null

03-12-2024T02:50:39 - [TEST_STEP][PASSED] - workbook01 = getWorkbook(excelFilePath): null

03-12-2024T02:50:39 - [TEST_STEP][PASSED] - sheet01 = getExcelSheet(workbook01, sheetName): null

03-12-2024T02:50:39 - [TEST_STEP][PASSED] - setValueToCellByIndex(sheet01, n, 0, dashboardName): null

03-12-2024T02:50:39 - [TEST_STEP][PASSED] - setValueToCellByIndex(sheet01, n, 1, dZO): null

03-12-2024T02:50:39 - [TEST_STEP][PASSED] - setValueToCellByIndex(sheet01, n, 2, period): null

03-12-2024T02:50:39 - [TEST_STEP][PASSED] - setValueToCellByIndex(sheet01, n, 3, viruchka): null

03-12-2024T02:50:39 - [TEST_STEP][PASSED] - setValueToCellByIndex(sheet01, n, 4, todaysDate): null

03-12-2024T02:50:39 - [TEST_STEP][PASSED] - n = n + 1: null

03-12-2024T02:50:39 - [TEST_STEP][PASSED] - saveWorkbook(excelFilePath, workbook01): null

03-12-2024T02:50:39 - [TEST_STEP][PASSED] - click(findTestObject("Выручка по ДЗО/Фильтр Выручка")): Object: 'Object Repository/Выручка по ДЗО/Фильтр Выручка' is clicked on

03-12-2024T02:50:39 - [MESSAGE][PASSED] - Object: 'Object Repository/Выручка по ДЗО/Фильтр Выручка' is clicked on

03-12-2024T02:50:39 - [TEST_STEP][PASSED] - click(findTestObject("Выручка по ДЗО/По передаче в фильтре Выручка")): Object: 'Object Repository/Выручка по ДЗО/По передаче в фильтре Выручка' is clicked on

03-12-2024T02:50:40 - [MESSAGE][PASSED] - Object: 'Object Repository/Выручка по ДЗО/По передаче в фильтре Выручка' is clicked on

03-12-2024T02:50:40 - [TEST_STEP][PASSED] - click(findTestObject("Выручка по ДЗО/Применить в фильтре Выручка")): Object: 'Object Repository/Выручка по ДЗО/Применить в фильтре Выручка' is clicked on

03-12-2024T02:50:41 - [MESSAGE][PASSED] - Object: 'Object Repository/Выручка по ДЗО/Применить в фильтре Выручка' is clicked on

03-12-2024T02:50:41 - [TEST_STEP][PASSED] - Script1687405711779.Test(todaysDate): null

03-12-2024T02:50:41 - [TEST_STEP][FAILED] - if (verifyTextNotPresent("нет данных", false) == true): Text 'нет данных' is present on page  (Root cause: com.kms.katalon.core.exception.StepFailedException: Text 'нет данных' is present on page 
	at com.kms.katalon.core.webui.keyword.internal.WebUIKeywordMain.stepFailed(WebUIKeywordMain.groovy:64)
	at com.kms.katalon.core.webui.keyword.builtin.VerifyTextNotPresentKeyword$_verifyTextNotPresent_closure1.doCall(VerifyTextNotPresentKeyword.groovy:77)
	at com.kms.katalon.core.webui.keyword.builtin.VerifyTextNotPresentKeyword$_verifyTextNotPresent_closure1.call(VerifyTextNotPresentKeyword.groovy)
	at com.kms.katalon.core.webui.keyword.internal.WebUIKeywordMain.runKeyword(WebUIKeywordMain.groovy:20)
	at com.kms.katalon.core.webui.keyword.builtin.VerifyTextNotPresentKeyword.verifyTextNotPresent(VerifyTextNotPresentKeyword.groovy:82)
	at com.kms.katalon.core.webui.keyword.builtin.VerifyTextNotPresentKeyword.execute(VerifyTextNotPresentKeyword.groovy:68)
	at com.kms.katalon.core.keyword.internal.KeywordExecutor.executeKeywordForPlatform(KeywordExecutor.groovy:74)
	at com.kms.katalon.core.webui.keyword.WebUiBuiltInKeywords.verifyTextNotPresent(WebUiBuiltInKeywords.groovy:1795)
	at Выручка по ДЗО отображение данных все филиалы.Test(Выручка по ДЗО отображение данных все филиалы:782)
	at Выручка по ДЗО отображение данных все филиалы.Tumbler(Выручка по ДЗО отображение данных все филиалы:746)
	at Выручка по ДЗО отображение данных все филиалы.Change(Выручка по ДЗО отображение данных все филиалы:772)
	at Выручка по ДЗО отображение данных все филиалы.DzoTest(Выручка по ДЗО отображение данных все филиалы:304)
	at Выручка по ДЗО отображение данных все филиалы.run(Выручка по ДЗО отображение данных все филиалы:134)
	at com.kms.katalon.core.main.ScriptEngine.run(ScriptEngine.java:194)
	at com.kms.katalon.core.main.ScriptEngine.runScriptAsRawText(ScriptEngine.java:119)
	at com.kms.katalon.core.main.TestCaseExecutor.runScript(TestCaseExecutor.java:448)
	at com.kms.katalon.core.main.TestCaseExecutor.doExecute(TestCaseExecutor.java:439)
	at com.kms.katalon.core.main.TestCaseExecutor.processExecutionPhase(TestCaseExecutor.java:418)
	at com.kms.katalon.core.main.TestCaseExecutor.accessMainPhase(TestCaseExecutor.java:410)
	at com.kms.katalon.core.main.TestCaseExecutor.execute(TestCaseExecutor.java:285)
	at com.kms.katalon.core.common.CommonExecutor.accessTestCaseMainPhase(CommonExecutor.java:65)
	at com.kms.katalon.core.main.TestSuiteExecutor.accessTestSuiteMainPhase(TestSuiteExecutor.java:150)
	at com.kms.katalon.core.main.TestSuiteExecutor.execute(TestSuiteExecutor.java:106)
	at com.kms.katalon.core.main.TestCaseMain.startTestSuite(TestCaseMain.java:180)
	at TempTestSuite1733182698305.run(TempTestSuite1733182698305.groovy:35)
	at java.base/jdk.internal.reflect.NativeMethodAccessorImpl.invoke0(Native Method)
	at java.base/jdk.internal.reflect.NativeMethodAccessorImpl.invoke(NativeMethodAccessorImpl.java:77)
	at java.base/jdk.internal.reflect.DelegatingMethodAccessorImpl.invoke(DelegatingMethodAccessorImpl.java:43)
)

03-12-2024T02:50:42 - [MESSAGE][FAILED] - Text 'нет данных' is present on page  (Root cause: com.kms.katalon.core.exception.StepFailedException: Text 'нет данных' is present on page 
	at com.kms.katalon.core.webui.keyword.internal.WebUIKeywordMain.stepFailed(WebUIKeywordMain.groovy:64)
	at com.kms.katalon.core.webui.keyword.builtin.VerifyTextNotPresentKeyword$_verifyTextNotPresent_closure1.doCall(VerifyTextNotPresentKeyword.groovy:77)
	at com.kms.katalon.core.webui.keyword.builtin.VerifyTextNotPresentKeyword$_verifyTextNotPresent_closure1.call(VerifyTextNotPresentKeyword.groovy)
	at com.kms.katalon.core.webui.keyword.internal.WebUIKeywordMain.runKeyword(WebUIKeywordMain.groovy:20)
	at com.kms.katalon.core.webui.keyword.builtin.VerifyTextNotPresentKeyword.verifyTextNotPresent(VerifyTextNotPresentKeyword.groovy:82)
	at com.kms.katalon.core.webui.keyword.builtin.VerifyTextNotPresentKeyword.execute(VerifyTextNotPresentKeyword.groovy:68)
	at com.kms.katalon.core.keyword.internal.KeywordExecutor.executeKeywordForPlatform(KeywordExecutor.groovy:74)
	at com.kms.katalon.core.webui.keyword.WebUiBuiltInKeywords.verifyTextNotPresent(WebUiBuiltInKeywords.groovy:1795)
	at Выручка по ДЗО отображение данных все филиалы.Test(Выручка по ДЗО отображение данных все филиалы:782)
	at Выручка по ДЗО отображение данных все филиалы.Tumbler(Выручка по ДЗО отображение данных все филиалы:746)
	at Выручка по ДЗО отображение данных все филиалы.Change(Выручка по ДЗО отображение данных все филиалы:772)
	at Выручка по ДЗО отображение данных все филиалы.DzoTest(Выручка по ДЗО отображение данных все филиалы:304)
	at Выручка по ДЗО отображение данных все филиалы.run(Выручка по ДЗО отображение данных все филиалы:134)
	at com.kms.katalon.core.main.ScriptEngine.run(ScriptEngine.java:194)
	at com.kms.katalon.core.main.ScriptEngine.runScriptAsRawText(ScriptEngine.java:119)
	at com.kms.katalon.core.main.TestCaseExecutor.runScript(TestCaseExecutor.java:448)
	at com.kms.katalon.core.main.TestCaseExecutor.doExecute(TestCaseExecutor.java:439)
	at com.kms.katalon.core.main.TestCaseExecutor.processExecutionPhase(TestCaseExecutor.java:418)
	at com.kms.katalon.core.main.TestCaseExecutor.accessMainPhase(TestCaseExecutor.java:410)
	at com.kms.katalon.core.main.TestCaseExecutor.execute(TestCaseExecutor.java:285)
	at com.kms.katalon.core.common.CommonExecutor.accessTestCaseMainPhase(CommonExecutor.java:65)
	at com.kms.katalon.core.main.TestSuiteExecutor.accessTestSuiteMainPhase(TestSuiteExecutor.java:150)
	at com.kms.katalon.core.main.TestSuiteExecutor.execute(TestSuiteExecutor.java:106)
	at com.kms.katalon.core.main.TestCaseMain.startTestSuite(TestCaseMain.java:180)
	at TempTestSuite1733182698305.run(TempTestSuite1733182698305.groovy:35)
	at java.base/jdk.internal.reflect.NativeMethodAccessorImpl.invoke0(Native Method)
	at java.base/jdk.internal.reflect.NativeMethodAccessorImpl.invoke(NativeMethodAccessorImpl.java:77)
	at java.base/jdk.internal.reflect.DelegatingMethodAccessorImpl.invoke(DelegatingMethodAccessorImpl.java:43)
)

03-12-2024T02:50:42 - [TEST_STEP][PASSED] - else: null

03-12-2024T02:50:42 - [TEST_STEP][PASSED] - Script1687405711779.WriteToExcel(todaysDate): null

03-12-2024T02:50:42 - [TEST_STEP][PASSED] - sheetName = "Sheet1": null

03-12-2024T02:50:42 - [TEST_STEP][PASSED] - data = findTestData("PlanFact"): null

03-12-2024T02:50:43 - [TEST_STEP][PASSED] - n = data.getRowNumbers() + 1: null

03-12-2024T02:50:43 - [TEST_STEP][PASSED] - dZO = getText(findTestObject("Выручка по ДЗО/Фильтр ДЗО")): Text of object 'Object Repository/Выручка по ДЗО/Фильтр ДЗО' is: 'ПАО Россети - РаспредКомплекс - Россети Северный Кавказ (ГК) - АО "Дагестанская сетевая компания"'

03-12-2024T02:50:43 - [MESSAGE][PASSED] - Text of object 'Object Repository/Выручка по ДЗО/Фильтр ДЗО' is: 'ПАО Россети - РаспредКомплекс - Россети Северный Кавказ (ГК) - АО "Дагестанская сетевая компания"'

03-12-2024T02:50:43 - [TEST_STEP][PASSED] - period = getText(findTestObject("Выручка по ДЗО/Фильтр Дата")): Text of object 'Object Repository/Выручка по ДЗО/Фильтр Дата' is: '1, 2, 3 кв., Октябрь 2024 года'

03-12-2024T02:50:43 - [MESSAGE][PASSED] - Text of object 'Object Repository/Выручка по ДЗО/Фильтр Дата' is: '1, 2, 3 кв., Октябрь 2024 года'

03-12-2024T02:50:43 - [TEST_STEP][PASSED] - viruchka = getText(findTestObject("Выручка по ДЗО/Фильтр Выручка")): Text of object 'Object Repository/Выручка по ДЗО/Фильтр Выручка' is: 'внутренний оборот, по передаче'

03-12-2024T02:50:43 - [MESSAGE][PASSED] - Text of object 'Object Repository/Выручка по ДЗО/Фильтр Выручка' is: 'внутренний оборот, по передаче'

03-12-2024T02:50:43 - [TEST_STEP][PASSED] - if (viruchka == "Выбрано: 2"): null

03-12-2024T02:50:43 - [TEST_STEP][PASSED] - if (viruchka == "Все"): null

03-12-2024T02:50:43 - [TEST_STEP][PASSED] - println(period): null

03-12-2024T02:50:43 - [TEST_STEP][PASSED] - dashboardName = "Выручка по ДЗО": null

03-12-2024T02:50:43 - [TEST_STEP][PASSED] - workbook01 = getWorkbook(excelFilePath): null

03-12-2024T02:50:43 - [TEST_STEP][PASSED] - sheet01 = getExcelSheet(workbook01, sheetName): null

03-12-2024T02:50:43 - [TEST_STEP][PASSED] - setValueToCellByIndex(sheet01, n, 0, dashboardName): null

03-12-2024T02:50:43 - [TEST_STEP][PASSED] - setValueToCellByIndex(sheet01, n, 1, dZO): null

03-12-2024T02:50:43 - [TEST_STEP][PASSED] - setValueToCellByIndex(sheet01, n, 2, period): null

03-12-2024T02:50:43 - [TEST_STEP][PASSED] - setValueToCellByIndex(sheet01, n, 3, viruchka): null

03-12-2024T02:50:43 - [TEST_STEP][PASSED] - setValueToCellByIndex(sheet01, n, 4, todaysDate): null

03-12-2024T02:50:43 - [TEST_STEP][PASSED] - n = n + 1: null

03-12-2024T02:50:43 - [TEST_STEP][PASSED] - saveWorkbook(excelFilePath, workbook01): null

03-12-2024T02:50:44 - [TEST_STEP][PASSED] - click(findTestObject("Выручка по ДЗО/Фильтр Выручка")): Object: 'Object Repository/Выручка по ДЗО/Фильтр Выручка' is clicked on

03-12-2024T02:50:44 - [MESSAGE][PASSED] - Object: 'Object Repository/Выручка по ДЗО/Фильтр Выручка' is clicked on

03-12-2024T02:50:44 - [TEST_STEP][PASSED] - click(findTestObject("Выручка по ДЗО/Снять выделение в фильтре Выручка")): Object: 'Object Repository/Выручка по ДЗО/Снять выделение в фильтре Выручка' is clicked on

03-12-2024T02:50:45 - [MESSAGE][PASSED] - Object: 'Object Repository/Выручка по ДЗО/Снять выделение в фильтре Выручка' is clicked on

03-12-2024T02:50:45 - [TEST_STEP][PASSED] - click(findTestObject("Выручка по ДЗО/По передаче в фильтре Выручка")): Object: 'Object Repository/Выручка по ДЗО/По передаче в фильтре Выручка' is clicked on

03-12-2024T02:50:45 - [MESSAGE][PASSED] - Object: 'Object Repository/Выручка по ДЗО/По передаче в фильтре Выручка' is clicked on

03-12-2024T02:50:45 - [TEST_STEP][PASSED] - click(findTestObject("Выручка по ДЗО/Применить в фильтре Выручка")): Object: 'Object Repository/Выручка по ДЗО/Применить в фильтре Выручка' is clicked on

03-12-2024T02:50:45 - [MESSAGE][PASSED] - Object: 'Object Repository/Выручка по ДЗО/Применить в фильтре Выручка' is clicked on

03-12-2024T02:50:45 - [TEST_STEP][PASSED] - Script1687405711779.Test(todaysDate): null

03-12-2024T02:50:45 - [TEST_STEP][FAILED] - if (verifyTextNotPresent("нет данных", false) == true): Text 'нет данных' is present on page  (Root cause: com.kms.katalon.core.exception.StepFailedException: Text 'нет данных' is present on page 
	at com.kms.katalon.core.webui.keyword.internal.WebUIKeywordMain.stepFailed(WebUIKeywordMain.groovy:64)
	at com.kms.katalon.core.webui.keyword.builtin.VerifyTextNotPresentKeyword$_verifyTextNotPresent_closure1.doCall(VerifyTextNotPresentKeyword.groovy:77)
	at com.kms.katalon.core.webui.keyword.builtin.VerifyTextNotPresentKeyword$_verifyTextNotPresent_closure1.call(VerifyTextNotPresentKeyword.groovy)
	at com.kms.katalon.core.webui.keyword.internal.WebUIKeywordMain.runKeyword(WebUIKeywordMain.groovy:20)
	at com.kms.katalon.core.webui.keyword.builtin.VerifyTextNotPresentKeyword.verifyTextNotPresent(VerifyTextNotPresentKeyword.groovy:82)
	at com.kms.katalon.core.webui.keyword.builtin.VerifyTextNotPresentKeyword.execute(VerifyTextNotPresentKeyword.groovy:68)
	at com.kms.katalon.core.keyword.internal.KeywordExecutor.executeKeywordForPlatform(KeywordExecutor.groovy:74)
	at com.kms.katalon.core.webui.keyword.WebUiBuiltInKeywords.verifyTextNotPresent(WebUiBuiltInKeywords.groovy:1795)
	at Выручка по ДЗО отображение данных все филиалы.Test(Выручка по ДЗО отображение данных все филиалы:782)
	at Выручка по ДЗО отображение данных все филиалы.Tumbler(Выручка по ДЗО отображение данных все филиалы:756)
	at Выручка по ДЗО отображение данных все филиалы.Change(Выручка по ДЗО отображение данных все филиалы:772)
	at Выручка по ДЗО отображение данных все филиалы.DzoTest(Выручка по ДЗО отображение данных все филиалы:304)
	at Выручка по ДЗО отображение данных все филиалы.run(Выручка по ДЗО отображение данных все филиалы:134)
	at com.kms.katalon.core.main.ScriptEngine.run(ScriptEngine.java:194)
	at com.kms.katalon.core.main.ScriptEngine.runScriptAsRawText(ScriptEngine.java:119)
	at com.kms.katalon.core.main.TestCaseExecutor.runScript(TestCaseExecutor.java:448)
	at com.kms.katalon.core.main.TestCaseExecutor.doExecute(TestCaseExecutor.java:439)
	at com.kms.katalon.core.main.TestCaseExecutor.processExecutionPhase(TestCaseExecutor.java:418)
	at com.kms.katalon.core.main.TestCaseExecutor.accessMainPhase(TestCaseExecutor.java:410)
	at com.kms.katalon.core.main.TestCaseExecutor.execute(TestCaseExecutor.java:285)
	at com.kms.katalon.core.common.CommonExecutor.accessTestCaseMainPhase(CommonExecutor.java:65)
	at com.kms.katalon.core.main.TestSuiteExecutor.accessTestSuiteMainPhase(TestSuiteExecutor.java:150)
	at com.kms.katalon.core.main.TestSuiteExecutor.execute(TestSuiteExecutor.java:106)
	at com.kms.katalon.core.main.TestCaseMain.startTestSuite(TestCaseMain.java:180)
	at TempTestSuite1733182698305.run(TempTestSuite1733182698305.groovy:35)
	at java.base/jdk.internal.reflect.NativeMethodAccessorImpl.invoke0(Native Method)
	at java.base/jdk.internal.reflect.NativeMethodAccessorImpl.invoke(NativeMethodAccessorImpl.java:77)
	at java.base/jdk.internal.reflect.DelegatingMethodAccessorImpl.invoke(DelegatingMethodAccessorImpl.java:43)
)

03-12-2024T02:50:47 - [MESSAGE][FAILED] - Text 'нет данных' is present on page  (Root cause: com.kms.katalon.core.exception.StepFailedException: Text 'нет данных' is present on page 
	at com.kms.katalon.core.webui.keyword.internal.WebUIKeywordMain.stepFailed(WebUIKeywordMain.groovy:64)
	at com.kms.katalon.core.webui.keyword.builtin.VerifyTextNotPresentKeyword$_verifyTextNotPresent_closure1.doCall(VerifyTextNotPresentKeyword.groovy:77)
	at com.kms.katalon.core.webui.keyword.builtin.VerifyTextNotPresentKeyword$_verifyTextNotPresent_closure1.call(VerifyTextNotPresentKeyword.groovy)
	at com.kms.katalon.core.webui.keyword.internal.WebUIKeywordMain.runKeyword(WebUIKeywordMain.groovy:20)
	at com.kms.katalon.core.webui.keyword.builtin.VerifyTextNotPresentKeyword.verifyTextNotPresent(VerifyTextNotPresentKeyword.groovy:82)
	at com.kms.katalon.core.webui.keyword.builtin.VerifyTextNotPresentKeyword.execute(VerifyTextNotPresentKeyword.groovy:68)
	at com.kms.katalon.core.keyword.internal.KeywordExecutor.executeKeywordForPlatform(KeywordExecutor.groovy:74)
	at com.kms.katalon.core.webui.keyword.WebUiBuiltInKeywords.verifyTextNotPresent(WebUiBuiltInKeywords.groovy:1795)
	at Выручка по ДЗО отображение данных все филиалы.Test(Выручка по ДЗО отображение данных все филиалы:782)
	at Выручка по ДЗО отображение данных все филиалы.Tumbler(Выручка по ДЗО отображение данных все филиалы:756)
	at Выручка по ДЗО отображение данных все филиалы.Change(Выручка по ДЗО отображение данных все филиалы:772)
	at Выручка по ДЗО отображение данных все филиалы.DzoTest(Выручка по ДЗО отображение данных все филиалы:304)
	at Выручка по ДЗО отображение данных все филиалы.run(Выручка по ДЗО отображение данных все филиалы:134)
	at com.kms.katalon.core.main.ScriptEngine.run(ScriptEngine.java:194)
	at com.kms.katalon.core.main.ScriptEngine.runScriptAsRawText(ScriptEngine.java:119)
	at com.kms.katalon.core.main.TestCaseExecutor.runScript(TestCaseExecutor.java:448)
	at com.kms.katalon.core.main.TestCaseExecutor.doExecute(TestCaseExecutor.java:439)
	at com.kms.katalon.core.main.TestCaseExecutor.processExecutionPhase(TestCaseExecutor.java:418)
	at com.kms.katalon.core.main.TestCaseExecutor.accessMainPhase(TestCaseExecutor.java:410)
	at com.kms.katalon.core.main.TestCaseExecutor.execute(TestCaseExecutor.java:285)
	at com.kms.katalon.core.common.CommonExecutor.accessTestCaseMainPhase(CommonExecutor.java:65)
	at com.kms.katalon.core.main.TestSuiteExecutor.accessTestSuiteMainPhase(TestSuiteExecutor.java:150)
	at com.kms.katalon.core.main.TestSuiteExecutor.execute(TestSuiteExecutor.java:106)
	at com.kms.katalon.core.main.TestCaseMain.startTestSuite(TestCaseMain.java:180)
	at TempTestSuite1733182698305.run(TempTestSuite1733182698305.groovy:35)
	at java.base/jdk.internal.reflect.NativeMethodAccessorImpl.invoke0(Native Method)
	at java.base/jdk.internal.reflect.NativeMethodAccessorImpl.invoke(NativeMethodAccessorImpl.java:77)
	at java.base/jdk.internal.reflect.DelegatingMethodAccessorImpl.invoke(DelegatingMethodAccessorImpl.java:43)
)

03-12-2024T02:50:47 - [TEST_STEP][PASSED] - else: null

03-12-2024T02:50:47 - [TEST_STEP][PASSED] - Script1687405711779.WriteToExcel(todaysDate): null

03-12-2024T02:50:47 - [TEST_STEP][PASSED] - sheetName = "Sheet1": null

03-12-2024T02:50:47 - [TEST_STEP][PASSED] - data = findTestData("PlanFact"): null

03-12-2024T02:50:48 - [TEST_STEP][PASSED] - n = data.getRowNumbers() + 1: null

03-12-2024T02:50:48 - [TEST_STEP][PASSED] - dZO = getText(findTestObject("Выручка по ДЗО/Фильтр ДЗО")): Text of object 'Object Repository/Выручка по ДЗО/Фильтр ДЗО' is: 'ПАО Россети - РаспредКомплекс - Россети Северный Кавказ (ГК) - АО "Дагестанская сетевая компания"'

03-12-2024T02:50:48 - [MESSAGE][PASSED] - Text of object 'Object Repository/Выручка по ДЗО/Фильтр ДЗО' is: 'ПАО Россети - РаспредКомплекс - Россети Северный Кавказ (ГК) - АО "Дагестанская сетевая компания"'

03-12-2024T02:50:48 - [TEST_STEP][PASSED] - period = getText(findTestObject("Выручка по ДЗО/Фильтр Дата")): Text of object 'Object Repository/Выручка по ДЗО/Фильтр Дата' is: '1, 2, 3 кв., Октябрь 2024 года'

03-12-2024T02:50:48 - [MESSAGE][PASSED] - Text of object 'Object Repository/Выручка по ДЗО/Фильтр Дата' is: '1, 2, 3 кв., Октябрь 2024 года'

03-12-2024T02:50:48 - [TEST_STEP][PASSED] - viruchka = getText(findTestObject("Выручка по ДЗО/Фильтр Выручка")): Text of object 'Object Repository/Выручка по ДЗО/Фильтр Выручка' is: 'по передаче'

03-12-2024T02:50:48 - [MESSAGE][PASSED] - Text of object 'Object Repository/Выручка по ДЗО/Фильтр Выручка' is: 'по передаче'

03-12-2024T02:50:48 - [TEST_STEP][PASSED] - if (viruchka == "Выбрано: 2"): null

03-12-2024T02:50:48 - [TEST_STEP][PASSED] - if (viruchka == "Все"): null

03-12-2024T02:50:48 - [TEST_STEP][PASSED] - println(period): null

03-12-2024T02:50:48 - [TEST_STEP][PASSED] - dashboardName = "Выручка по ДЗО": null

03-12-2024T02:50:48 - [TEST_STEP][PASSED] - workbook01 = getWorkbook(excelFilePath): null

03-12-2024T02:50:48 - [TEST_STEP][PASSED] - sheet01 = getExcelSheet(workbook01, sheetName): null

03-12-2024T02:50:48 - [TEST_STEP][PASSED] - setValueToCellByIndex(sheet01, n, 0, dashboardName): null

03-12-2024T02:50:48 - [TEST_STEP][PASSED] - setValueToCellByIndex(sheet01, n, 1, dZO): null

03-12-2024T02:50:48 - [TEST_STEP][PASSED] - setValueToCellByIndex(sheet01, n, 2, period): null

03-12-2024T02:50:48 - [TEST_STEP][PASSED] - setValueToCellByIndex(sheet01, n, 3, viruchka): null

03-12-2024T02:50:48 - [TEST_STEP][PASSED] - setValueToCellByIndex(sheet01, n, 4, todaysDate): null

03-12-2024T02:50:48 - [TEST_STEP][PASSED] - n = n + 1: null

03-12-2024T02:50:48 - [TEST_STEP][PASSED] - saveWorkbook(excelFilePath, workbook01): null

03-12-2024T02:50:49 - [TEST_STEP][PASSED] - click(findTestObject("Выручка по ДЗО/Фильтр Выручка")): Object: 'Object Repository/Выручка по ДЗО/Фильтр Выручка' is clicked on

03-12-2024T02:50:49 - [MESSAGE][PASSED] - Object: 'Object Repository/Выручка по ДЗО/Фильтр Выручка' is clicked on

03-12-2024T02:50:49 - [TEST_STEP][PASSED] - click(findTestObject("Выручка по ДЗО/Снять выделение в фильтре Выручка")): Object: 'Object Repository/Выручка по ДЗО/Снять выделение в фильтре Выручка' is clicked on

03-12-2024T02:50:50 - [MESSAGE][PASSED] - Object: 'Object Repository/Выручка по ДЗО/Снять выделение в фильтре Выручка' is clicked on

03-12-2024T02:50:50 - [TEST_STEP][PASSED] - click(findTestObject("Выручка по ДЗО/Применить в фильтре Выручка")): Object: 'Object Repository/Выручка по ДЗО/Применить в фильтре Выручка' is clicked on

03-12-2024T02:50:50 - [MESSAGE][PASSED] - Object: 'Object Repository/Выручка по ДЗО/Применить в фильтре Выручка' is clicked on

03-12-2024T02:50:50 - [TEST_STEP][PASSED] - click(findTestObject("Выручка по ДЗО/Фильтр ДЗО")): Object: 'Object Repository/Выручка по ДЗО/Фильтр ДЗО' is clicked on

03-12-2024T02:50:52 - [MESSAGE][PASSED] - Object: 'Object Repository/Выручка по ДЗО/Фильтр ДЗО' is clicked on

03-12-2024T02:50:52 - [TEST_STEP][PASSED] - click(findTestObject("Выручка по ДЗО/Снять выделение в фильтре ДЗО")): Object: 'Object Repository/Выручка по ДЗО/Снять выделение в фильтре ДЗО' is clicked on

03-12-2024T02:50:52 - [MESSAGE][PASSED] - Object: 'Object Repository/Выручка по ДЗО/Снять выделение в фильтре ДЗО' is clicked on

03-12-2024T02:50:52 - [TEST_STEP][PASSED] - scrollToElement(findTestObject("Общие объекты/Дагэнергосеть01"), 30): Scroll to object 'Object Repository/Общие объекты/Дагэнергосеть01' successfully

03-12-2024T02:50:53 - [MESSAGE][PASSED] - Scroll to object 'Object Repository/Общие объекты/Дагэнергосеть01' successfully

03-12-2024T02:50:53 - [TEST_STEP][PASSED] - click(findTestObject("Общие объекты/Дагэнергосеть01")): Object: 'Object Repository/Общие объекты/Дагэнергосеть01' is clicked on

03-12-2024T02:50:53 - [MESSAGE][PASSED] - Object: 'Object Repository/Общие объекты/Дагэнергосеть01' is clicked on

03-12-2024T02:50:53 - [TEST_STEP][PASSED] - Script1687405711779.Change(todaysDate): null

03-12-2024T02:50:53 - [TEST_STEP][PASSED] - scrollToElement(findTestObject("Выручка по ДЗО/Заголовок дашборда"), 30): Scroll to object 'Object Repository/Выручка по ДЗО/Заголовок дашборда' successfully

03-12-2024T02:50:53 - [MESSAGE][PASSED] - Scroll to object 'Object Repository/Выручка по ДЗО/Заголовок дашборда' successfully

03-12-2024T02:50:53 - [TEST_STEP][PASSED] - click(findTestObject("Выручка по ДЗО/Применить в фильтре ДЗО")): Object: 'Object Repository/Выручка по ДЗО/Применить в фильтре ДЗО' is clicked on

03-12-2024T02:50:54 - [MESSAGE][PASSED] - Object: 'Object Repository/Выручка по ДЗО/Применить в фильтре ДЗО' is clicked on

03-12-2024T02:50:54 - [TEST_STEP][PASSED] - Script1687405711779.Tumbler(todaysDate): null

03-12-2024T02:50:54 - [TEST_STEP][PASSED] - Script1687405711779.Test(todaysDate): null

03-12-2024T02:50:54 - [TEST_STEP][FAILED] - if (verifyTextNotPresent("нет данных", false) == true): Text 'нет данных' is present on page  (Root cause: com.kms.katalon.core.exception.StepFailedException: Text 'нет данных' is present on page 
	at com.kms.katalon.core.webui.keyword.internal.WebUIKeywordMain.stepFailed(WebUIKeywordMain.groovy:64)
	at com.kms.katalon.core.webui.keyword.builtin.VerifyTextNotPresentKeyword$_verifyTextNotPresent_closure1.doCall(VerifyTextNotPresentKeyword.groovy:77)
	at com.kms.katalon.core.webui.keyword.builtin.VerifyTextNotPresentKeyword$_verifyTextNotPresent_closure1.call(VerifyTextNotPresentKeyword.groovy)
	at com.kms.katalon.core.webui.keyword.internal.WebUIKeywordMain.runKeyword(WebUIKeywordMain.groovy:20)
	at com.kms.katalon.core.webui.keyword.builtin.VerifyTextNotPresentKeyword.verifyTextNotPresent(VerifyTextNotPresentKeyword.groovy:82)
	at com.kms.katalon.core.webui.keyword.builtin.VerifyTextNotPresentKeyword.execute(VerifyTextNotPresentKeyword.groovy:68)
	at com.kms.katalon.core.keyword.internal.KeywordExecutor.executeKeywordForPlatform(KeywordExecutor.groovy:74)
	at com.kms.katalon.core.webui.keyword.WebUiBuiltInKeywords.verifyTextNotPresent(WebUiBuiltInKeywords.groovy:1795)
	at Выручка по ДЗО отображение данных все филиалы.Test(Выручка по ДЗО отображение данных все филиалы:782)
	at Выручка по ДЗО отображение данных все филиалы.Tumbler(Выручка по ДЗО отображение данных все филиалы:730)
	at Выручка по ДЗО отображение данных все филиалы.Change(Выручка по ДЗО отображение данных все филиалы:772)
	at Выручка по ДЗО отображение данных все филиалы.DzoTest(Выручка по ДЗО отображение данных все филиалы:310)
	at Выручка по ДЗО отображение данных все филиалы.run(Выручка по ДЗО отображение данных все филиалы:134)
	at com.kms.katalon.core.main.ScriptEngine.run(ScriptEngine.java:194)
	at com.kms.katalon.core.main.ScriptEngine.runScriptAsRawText(ScriptEngine.java:119)
	at com.kms.katalon.core.main.TestCaseExecutor.runScript(TestCaseExecutor.java:448)
	at com.kms.katalon.core.main.TestCaseExecutor.doExecute(TestCaseExecutor.java:439)
	at com.kms.katalon.core.main.TestCaseExecutor.processExecutionPhase(TestCaseExecutor.java:418)
	at com.kms.katalon.core.main.TestCaseExecutor.accessMainPhase(TestCaseExecutor.java:410)
	at com.kms.katalon.core.main.TestCaseExecutor.execute(TestCaseExecutor.java:285)
	at com.kms.katalon.core.common.CommonExecutor.accessTestCaseMainPhase(CommonExecutor.java:65)
	at com.kms.katalon.core.main.TestSuiteExecutor.accessTestSuiteMainPhase(TestSuiteExecutor.java:150)
	at com.kms.katalon.core.main.TestSuiteExecutor.execute(TestSuiteExecutor.java:106)
	at com.kms.katalon.core.main.TestCaseMain.startTestSuite(TestCaseMain.java:180)
	at TempTestSuite1733182698305.run(TempTestSuite1733182698305.groovy:35)
	at java.base/jdk.internal.reflect.NativeMethodAccessorImpl.invoke0(Native Method)
	at java.base/jdk.internal.reflect.NativeMethodAccessorImpl.invoke(NativeMethodAccessorImpl.java:77)
	at java.base/jdk.internal.reflect.DelegatingMethodAccessorImpl.invoke(DelegatingMethodAccessorImpl.java:43)
)

03-12-2024T02:50:56 - [MESSAGE][FAILED] - Text 'нет данных' is present on page  (Root cause: com.kms.katalon.core.exception.StepFailedException: Text 'нет данных' is present on page 
	at com.kms.katalon.core.webui.keyword.internal.WebUIKeywordMain.stepFailed(WebUIKeywordMain.groovy:64)
	at com.kms.katalon.core.webui.keyword.builtin.VerifyTextNotPresentKeyword$_verifyTextNotPresent_closure1.doCall(VerifyTextNotPresentKeyword.groovy:77)
	at com.kms.katalon.core.webui.keyword.builtin.VerifyTextNotPresentKeyword$_verifyTextNotPresent_closure1.call(VerifyTextNotPresentKeyword.groovy)
	at com.kms.katalon.core.webui.keyword.internal.WebUIKeywordMain.runKeyword(WebUIKeywordMain.groovy:20)
	at com.kms.katalon.core.webui.keyword.builtin.VerifyTextNotPresentKeyword.verifyTextNotPresent(VerifyTextNotPresentKeyword.groovy:82)
	at com.kms.katalon.core.webui.keyword.builtin.VerifyTextNotPresentKeyword.execute(VerifyTextNotPresentKeyword.groovy:68)
	at com.kms.katalon.core.keyword.internal.KeywordExecutor.executeKeywordForPlatform(KeywordExecutor.groovy:74)
	at com.kms.katalon.core.webui.keyword.WebUiBuiltInKeywords.verifyTextNotPresent(WebUiBuiltInKeywords.groovy:1795)
	at Выручка по ДЗО отображение данных все филиалы.Test(Выручка по ДЗО отображение данных все филиалы:782)
	at Выручка по ДЗО отображение данных все филиалы.Tumbler(Выручка по ДЗО отображение данных все филиалы:730)
	at Выручка по ДЗО отображение данных все филиалы.Change(Выручка по ДЗО отображение данных все филиалы:772)
	at Выручка по ДЗО отображение данных все филиалы.DzoTest(Выручка по ДЗО отображение данных все филиалы:310)
	at Выручка по ДЗО отображение данных все филиалы.run(Выручка по ДЗО отображение данных все филиалы:134)
	at com.kms.katalon.core.main.ScriptEngine.run(ScriptEngine.java:194)
	at com.kms.katalon.core.main.ScriptEngine.runScriptAsRawText(ScriptEngine.java:119)
	at com.kms.katalon.core.main.TestCaseExecutor.runScript(TestCaseExecutor.java:448)
	at com.kms.katalon.core.main.TestCaseExecutor.doExecute(TestCaseExecutor.java:439)
	at com.kms.katalon.core.main.TestCaseExecutor.processExecutionPhase(TestCaseExecutor.java:418)
	at com.kms.katalon.core.main.TestCaseExecutor.accessMainPhase(TestCaseExecutor.java:410)
	at com.kms.katalon.core.main.TestCaseExecutor.execute(TestCaseExecutor.java:285)
	at com.kms.katalon.core.common.CommonExecutor.accessTestCaseMainPhase(CommonExecutor.java:65)
	at com.kms.katalon.core.main.TestSuiteExecutor.accessTestSuiteMainPhase(TestSuiteExecutor.java:150)
	at com.kms.katalon.core.main.TestSuiteExecutor.execute(TestSuiteExecutor.java:106)
	at com.kms.katalon.core.main.TestCaseMain.startTestSuite(TestCaseMain.java:180)
	at TempTestSuite1733182698305.run(TempTestSuite1733182698305.groovy:35)
	at java.base/jdk.internal.reflect.NativeMethodAccessorImpl.invoke0(Native Method)
	at java.base/jdk.internal.reflect.NativeMethodAccessorImpl.invoke(NativeMethodAccessorImpl.java:77)
	at java.base/jdk.internal.reflect.DelegatingMethodAccessorImpl.invoke(DelegatingMethodAccessorImpl.java:43)
)

03-12-2024T02:50:56 - [TEST_STEP][PASSED] - else: null

03-12-2024T02:50:56 - [TEST_STEP][PASSED] - Script1687405711779.WriteToExcel(todaysDate): null

03-12-2024T02:50:56 - [TEST_STEP][PASSED] - sheetName = "Sheet1": null

03-12-2024T02:50:56 - [TEST_STEP][PASSED] - data = findTestData("PlanFact"): null

03-12-2024T02:50:56 - [TEST_STEP][PASSED] - n = data.getRowNumbers() + 1: null

03-12-2024T02:50:56 - [TEST_STEP][PASSED] - dZO = getText(findTestObject("Выручка по ДЗО/Фильтр ДЗО")): Text of object 'Object Repository/Выручка по ДЗО/Фильтр ДЗО' is: 'ПАО Россети - РаспредКомплекс - Россети Северный Кавказ (ГК) - АО Дагэнергосеть01'

03-12-2024T02:50:56 - [MESSAGE][PASSED] - Text of object 'Object Repository/Выручка по ДЗО/Фильтр ДЗО' is: 'ПАО Россети - РаспредКомплекс - Россети Северный Кавказ (ГК) - АО Дагэнергосеть01'

03-12-2024T02:50:56 - [TEST_STEP][PASSED] - period = getText(findTestObject("Выручка по ДЗО/Фильтр Дата")): Text of object 'Object Repository/Выручка по ДЗО/Фильтр Дата' is: '1, 2, 3 кв., Октябрь 2024 года'

03-12-2024T02:50:56 - [MESSAGE][PASSED] - Text of object 'Object Repository/Выручка по ДЗО/Фильтр Дата' is: '1, 2, 3 кв., Октябрь 2024 года'

03-12-2024T02:50:56 - [TEST_STEP][PASSED] - viruchka = getText(findTestObject("Выручка по ДЗО/Фильтр Выручка")): Text of object 'Object Repository/Выручка по ДЗО/Фильтр Выручка' is: 'Все'

03-12-2024T02:50:57 - [MESSAGE][PASSED] - Text of object 'Object Repository/Выручка по ДЗО/Фильтр Выручка' is: 'Все'

03-12-2024T02:50:57 - [TEST_STEP][PASSED] - if (viruchka == "Выбрано: 2"): null

03-12-2024T02:50:57 - [TEST_STEP][PASSED] - if (viruchka == "Все"): null

03-12-2024T02:50:57 - [TEST_STEP][PASSED] - viruchka = "Не выбран ни один пункт": null

03-12-2024T02:50:57 - [TEST_STEP][PASSED] - println(period): null

03-12-2024T02:50:57 - [TEST_STEP][PASSED] - dashboardName = "Выручка по ДЗО": null

03-12-2024T02:50:57 - [TEST_STEP][PASSED] - workbook01 = getWorkbook(excelFilePath): null

03-12-2024T02:50:57 - [TEST_STEP][PASSED] - sheet01 = getExcelSheet(workbook01, sheetName): null

03-12-2024T02:50:57 - [TEST_STEP][PASSED] - setValueToCellByIndex(sheet01, n, 0, dashboardName): null

03-12-2024T02:50:57 - [TEST_STEP][PASSED] - setValueToCellByIndex(sheet01, n, 1, dZO): null

03-12-2024T02:50:57 - [TEST_STEP][PASSED] - setValueToCellByIndex(sheet01, n, 2, period): null

03-12-2024T02:50:57 - [TEST_STEP][PASSED] - setValueToCellByIndex(sheet01, n, 3, viruchka): null

03-12-2024T02:50:57 - [TEST_STEP][PASSED] - setValueToCellByIndex(sheet01, n, 4, todaysDate): null

03-12-2024T02:50:57 - [TEST_STEP][PASSED] - n = n + 1: null

03-12-2024T02:50:57 - [TEST_STEP][PASSED] - saveWorkbook(excelFilePath, workbook01): null

03-12-2024T02:50:57 - [TEST_STEP][PASSED] - click(findTestObject("Выручка по ДЗО/Фильтр Выручка")): Object: 'Object Repository/Выручка по ДЗО/Фильтр Выручка' is clicked on

03-12-2024T02:50:57 - [MESSAGE][PASSED] - Object: 'Object Repository/Выручка по ДЗО/Фильтр Выручка' is clicked on

03-12-2024T02:50:57 - [TEST_STEP][PASSED] - click(findTestObject("Выручка по ДЗО/Внутренний оборот в фильтре Выручка")): Object: 'Object Repository/Выручка по ДЗО/Внутренний оборот в фильтре Выручка' is clicked on

03-12-2024T02:50:58 - [MESSAGE][PASSED] - Object: 'Object Repository/Выручка по ДЗО/Внутренний оборот в фильтре Выручка' is clicked on

03-12-2024T02:50:58 - [TEST_STEP][PASSED] - click(findTestObject("Выручка по ДЗО/Применить в фильтре Выручка")): Object: 'Object Repository/Выручка по ДЗО/Применить в фильтре Выручка' is clicked on

03-12-2024T02:50:58 - [MESSAGE][PASSED] - Object: 'Object Repository/Выручка по ДЗО/Применить в фильтре Выручка' is clicked on

03-12-2024T02:50:58 - [TEST_STEP][PASSED] - Script1687405711779.Test(todaysDate): null

03-12-2024T02:50:58 - [TEST_STEP][FAILED] - if (verifyTextNotPresent("нет данных", false) == true): Text 'нет данных' is present on page  (Root cause: com.kms.katalon.core.exception.StepFailedException: Text 'нет данных' is present on page 
	at com.kms.katalon.core.webui.keyword.internal.WebUIKeywordMain.stepFailed(WebUIKeywordMain.groovy:64)
	at com.kms.katalon.core.webui.keyword.builtin.VerifyTextNotPresentKeyword$_verifyTextNotPresent_closure1.doCall(VerifyTextNotPresentKeyword.groovy:77)
	at com.kms.katalon.core.webui.keyword.builtin.VerifyTextNotPresentKeyword$_verifyTextNotPresent_closure1.call(VerifyTextNotPresentKeyword.groovy)
	at com.kms.katalon.core.webui.keyword.internal.WebUIKeywordMain.runKeyword(WebUIKeywordMain.groovy:20)
	at com.kms.katalon.core.webui.keyword.builtin.VerifyTextNotPresentKeyword.verifyTextNotPresent(VerifyTextNotPresentKeyword.groovy:82)
	at com.kms.katalon.core.webui.keyword.builtin.VerifyTextNotPresentKeyword.execute(VerifyTextNotPresentKeyword.groovy:68)
	at com.kms.katalon.core.keyword.internal.KeywordExecutor.executeKeywordForPlatform(KeywordExecutor.groovy:74)
	at com.kms.katalon.core.webui.keyword.WebUiBuiltInKeywords.verifyTextNotPresent(WebUiBuiltInKeywords.groovy:1795)
	at Выручка по ДЗО отображение данных все филиалы.Test(Выручка по ДЗО отображение данных все филиалы:782)
	at Выручка по ДЗО отображение данных все филиалы.Tumbler(Выручка по ДЗО отображение данных все филиалы:738)
	at Выручка по ДЗО отображение данных все филиалы.Change(Выручка по ДЗО отображение данных все филиалы:772)
	at Выручка по ДЗО отображение данных все филиалы.DzoTest(Выручка по ДЗО отображение данных все филиалы:310)
	at Выручка по ДЗО отображение данных все филиалы.run(Выручка по ДЗО отображение данных все филиалы:134)
	at com.kms.katalon.core.main.ScriptEngine.run(ScriptEngine.java:194)
	at com.kms.katalon.core.main.ScriptEngine.runScriptAsRawText(ScriptEngine.java:119)
	at com.kms.katalon.core.main.TestCaseExecutor.runScript(TestCaseExecutor.java:448)
	at com.kms.katalon.core.main.TestCaseExecutor.doExecute(TestCaseExecutor.java:439)
	at com.kms.katalon.core.main.TestCaseExecutor.processExecutionPhase(TestCaseExecutor.java:418)
	at com.kms.katalon.core.main.TestCaseExecutor.accessMainPhase(TestCaseExecutor.java:410)
	at com.kms.katalon.core.main.TestCaseExecutor.execute(TestCaseExecutor.java:285)
	at com.kms.katalon.core.common.CommonExecutor.accessTestCaseMainPhase(CommonExecutor.java:65)
	at com.kms.katalon.core.main.TestSuiteExecutor.accessTestSuiteMainPhase(TestSuiteExecutor.java:150)
	at com.kms.katalon.core.main.TestSuiteExecutor.execute(TestSuiteExecutor.java:106)
	at com.kms.katalon.core.main.TestCaseMain.startTestSuite(TestCaseMain.java:180)
	at TempTestSuite1733182698305.run(TempTestSuite1733182698305.groovy:35)
	at java.base/jdk.internal.reflect.NativeMethodAccessorImpl.invoke0(Native Method)
	at java.base/jdk.internal.reflect.NativeMethodAccessorImpl.invoke(NativeMethodAccessorImpl.java:77)
	at java.base/jdk.internal.reflect.DelegatingMethodAccessorImpl.invoke(DelegatingMethodAccessorImpl.java:43)
)

03-12-2024T02:51:01 - [MESSAGE][FAILED] - Text 'нет данных' is present on page  (Root cause: com.kms.katalon.core.exception.StepFailedException: Text 'нет данных' is present on page 
	at com.kms.katalon.core.webui.keyword.internal.WebUIKeywordMain.stepFailed(WebUIKeywordMain.groovy:64)
	at com.kms.katalon.core.webui.keyword.builtin.VerifyTextNotPresentKeyword$_verifyTextNotPresent_closure1.doCall(VerifyTextNotPresentKeyword.groovy:77)
	at com.kms.katalon.core.webui.keyword.builtin.VerifyTextNotPresentKeyword$_verifyTextNotPresent_closure1.call(VerifyTextNotPresentKeyword.groovy)
	at com.kms.katalon.core.webui.keyword.internal.WebUIKeywordMain.runKeyword(WebUIKeywordMain.groovy:20)
	at com.kms.katalon.core.webui.keyword.builtin.VerifyTextNotPresentKeyword.verifyTextNotPresent(VerifyTextNotPresentKeyword.groovy:82)
	at com.kms.katalon.core.webui.keyword.builtin.VerifyTextNotPresentKeyword.execute(VerifyTextNotPresentKeyword.groovy:68)
	at com.kms.katalon.core.keyword.internal.KeywordExecutor.executeKeywordForPlatform(KeywordExecutor.groovy:74)
	at com.kms.katalon.core.webui.keyword.WebUiBuiltInKeywords.verifyTextNotPresent(WebUiBuiltInKeywords.groovy:1795)
	at Выручка по ДЗО отображение данных все филиалы.Test(Выручка по ДЗО отображение данных все филиалы:782)
	at Выручка по ДЗО отображение данных все филиалы.Tumbler(Выручка по ДЗО отображение данных все филиалы:738)
	at Выручка по ДЗО отображение данных все филиалы.Change(Выручка по ДЗО отображение данных все филиалы:772)
	at Выручка по ДЗО отображение данных все филиалы.DzoTest(Выручка по ДЗО отображение данных все филиалы:310)
	at Выручка по ДЗО отображение данных все филиалы.run(Выручка по ДЗО отображение данных все филиалы:134)
	at com.kms.katalon.core.main.ScriptEngine.run(ScriptEngine.java:194)
	at com.kms.katalon.core.main.ScriptEngine.runScriptAsRawText(ScriptEngine.java:119)
	at com.kms.katalon.core.main.TestCaseExecutor.runScript(TestCaseExecutor.java:448)
	at com.kms.katalon.core.main.TestCaseExecutor.doExecute(TestCaseExecutor.java:439)
	at com.kms.katalon.core.main.TestCaseExecutor.processExecutionPhase(TestCaseExecutor.java:418)
	at com.kms.katalon.core.main.TestCaseExecutor.accessMainPhase(TestCaseExecutor.java:410)
	at com.kms.katalon.core.main.TestCaseExecutor.execute(TestCaseExecutor.java:285)
	at com.kms.katalon.core.common.CommonExecutor.accessTestCaseMainPhase(CommonExecutor.java:65)
	at com.kms.katalon.core.main.TestSuiteExecutor.accessTestSuiteMainPhase(TestSuiteExecutor.java:150)
	at com.kms.katalon.core.main.TestSuiteExecutor.execute(TestSuiteExecutor.java:106)
	at com.kms.katalon.core.main.TestCaseMain.startTestSuite(TestCaseMain.java:180)
	at TempTestSuite1733182698305.run(TempTestSuite1733182698305.groovy:35)
	at java.base/jdk.internal.reflect.NativeMethodAccessorImpl.invoke0(Native Method)
	at java.base/jdk.internal.reflect.NativeMethodAccessorImpl.invoke(NativeMethodAccessorImpl.java:77)
	at java.base/jdk.internal.reflect.DelegatingMethodAccessorImpl.invoke(DelegatingMethodAccessorImpl.java:43)
)

03-12-2024T02:51:01 - [TEST_STEP][PASSED] - else: null

03-12-2024T02:51:01 - [TEST_STEP][PASSED] - Script1687405711779.WriteToExcel(todaysDate): null

03-12-2024T02:51:01 - [TEST_STEP][PASSED] - sheetName = "Sheet1": null

03-12-2024T02:51:01 - [TEST_STEP][PASSED] - data = findTestData("PlanFact"): null

03-12-2024T02:51:01 - [TEST_STEP][PASSED] - n = data.getRowNumbers() + 1: null

03-12-2024T02:51:01 - [TEST_STEP][PASSED] - dZO = getText(findTestObject("Выручка по ДЗО/Фильтр ДЗО")): Text of object 'Object Repository/Выручка по ДЗО/Фильтр ДЗО' is: 'ПАО Россети - РаспредКомплекс - Россети Северный Кавказ (ГК) - АО Дагэнергосеть01'

03-12-2024T02:51:01 - [MESSAGE][PASSED] - Text of object 'Object Repository/Выручка по ДЗО/Фильтр ДЗО' is: 'ПАО Россети - РаспредКомплекс - Россети Северный Кавказ (ГК) - АО Дагэнергосеть01'

03-12-2024T02:51:01 - [TEST_STEP][PASSED] - period = getText(findTestObject("Выручка по ДЗО/Фильтр Дата")): Text of object 'Object Repository/Выручка по ДЗО/Фильтр Дата' is: '1, 2, 3 кв., Октябрь 2024 года'

03-12-2024T02:51:01 - [MESSAGE][PASSED] - Text of object 'Object Repository/Выручка по ДЗО/Фильтр Дата' is: '1, 2, 3 кв., Октябрь 2024 года'

03-12-2024T02:51:01 - [TEST_STEP][PASSED] - viruchka = getText(findTestObject("Выручка по ДЗО/Фильтр Выручка")): Text of object 'Object Repository/Выручка по ДЗО/Фильтр Выручка' is: 'внутренний оборот'

03-12-2024T02:51:02 - [MESSAGE][PASSED] - Text of object 'Object Repository/Выручка по ДЗО/Фильтр Выручка' is: 'внутренний оборот'

03-12-2024T02:51:02 - [TEST_STEP][PASSED] - if (viruchka == "Выбрано: 2"): null

03-12-2024T02:51:02 - [TEST_STEP][PASSED] - if (viruchka == "Все"): null

03-12-2024T02:51:02 - [TEST_STEP][PASSED] - println(period): null

03-12-2024T02:51:02 - [TEST_STEP][PASSED] - dashboardName = "Выручка по ДЗО": null

03-12-2024T02:51:02 - [TEST_STEP][PASSED] - workbook01 = getWorkbook(excelFilePath): null

03-12-2024T02:51:02 - [TEST_STEP][PASSED] - sheet01 = getExcelSheet(workbook01, sheetName): null

03-12-2024T02:51:02 - [TEST_STEP][PASSED] - setValueToCellByIndex(sheet01, n, 0, dashboardName): null

03-12-2024T02:51:02 - [TEST_STEP][PASSED] - setValueToCellByIndex(sheet01, n, 1, dZO): null

03-12-2024T02:51:02 - [TEST_STEP][PASSED] - setValueToCellByIndex(sheet01, n, 2, period): null

03-12-2024T02:51:02 - [TEST_STEP][PASSED] - setValueToCellByIndex(sheet01, n, 3, viruchka): null

03-12-2024T02:51:02 - [TEST_STEP][PASSED] - setValueToCellByIndex(sheet01, n, 4, todaysDate): null

03-12-2024T02:51:02 - [TEST_STEP][PASSED] - n = n + 1: null

03-12-2024T02:51:02 - [TEST_STEP][PASSED] - saveWorkbook(excelFilePath, workbook01): null

03-12-2024T02:51:02 - [TEST_STEP][PASSED] - click(findTestObject("Выручка по ДЗО/Фильтр Выручка")): Object: 'Object Repository/Выручка по ДЗО/Фильтр Выручка' is clicked on

03-12-2024T02:51:02 - [MESSAGE][PASSED] - Object: 'Object Repository/Выручка по ДЗО/Фильтр Выручка' is clicked on

03-12-2024T02:51:02 - [TEST_STEP][PASSED] - click(findTestObject("Выручка по ДЗО/По передаче в фильтре Выручка")): Object: 'Object Repository/Выручка по ДЗО/По передаче в фильтре Выручка' is clicked on

03-12-2024T02:51:03 - [MESSAGE][PASSED] - Object: 'Object Repository/Выручка по ДЗО/По передаче в фильтре Выручка' is clicked on

03-12-2024T02:51:03 - [TEST_STEP][PASSED] - click(findTestObject("Выручка по ДЗО/Применить в фильтре Выручка")): Object: 'Object Repository/Выручка по ДЗО/Применить в фильтре Выручка' is clicked on

03-12-2024T02:51:03 - [MESSAGE][PASSED] - Object: 'Object Repository/Выручка по ДЗО/Применить в фильтре Выручка' is clicked on

03-12-2024T02:51:03 - [TEST_STEP][PASSED] - Script1687405711779.Test(todaysDate): null

03-12-2024T02:51:03 - [TEST_STEP][FAILED] - if (verifyTextNotPresent("нет данных", false) == true): Text 'нет данных' is present on page  (Root cause: com.kms.katalon.core.exception.StepFailedException: Text 'нет данных' is present on page 
	at com.kms.katalon.core.webui.keyword.internal.WebUIKeywordMain.stepFailed(WebUIKeywordMain.groovy:64)
	at com.kms.katalon.core.webui.keyword.builtin.VerifyTextNotPresentKeyword$_verifyTextNotPresent_closure1.doCall(VerifyTextNotPresentKeyword.groovy:77)
	at com.kms.katalon.core.webui.keyword.builtin.VerifyTextNotPresentKeyword$_verifyTextNotPresent_closure1.call(VerifyTextNotPresentKeyword.groovy)
	at com.kms.katalon.core.webui.keyword.internal.WebUIKeywordMain.runKeyword(WebUIKeywordMain.groovy:20)
	at com.kms.katalon.core.webui.keyword.builtin.VerifyTextNotPresentKeyword.verifyTextNotPresent(VerifyTextNotPresentKeyword.groovy:82)
	at com.kms.katalon.core.webui.keyword.builtin.VerifyTextNotPresentKeyword.execute(VerifyTextNotPresentKeyword.groovy:68)
	at com.kms.katalon.core.keyword.internal.KeywordExecutor.executeKeywordForPlatform(KeywordExecutor.groovy:74)
	at com.kms.katalon.core.webui.keyword.WebUiBuiltInKeywords.verifyTextNotPresent(WebUiBuiltInKeywords.groovy:1795)
	at Выручка по ДЗО отображение данных все филиалы.Test(Выручка по ДЗО отображение данных все филиалы:782)
	at Выручка по ДЗО отображение данных все филиалы.Tumbler(Выручка по ДЗО отображение данных все филиалы:746)
	at Выручка по ДЗО отображение данных все филиалы.Change(Выручка по ДЗО отображение данных все филиалы:772)
	at Выручка по ДЗО отображение данных все филиалы.DzoTest(Выручка по ДЗО отображение данных все филиалы:310)
	at Выручка по ДЗО отображение данных все филиалы.run(Выручка по ДЗО отображение данных все филиалы:134)
	at com.kms.katalon.core.main.ScriptEngine.run(ScriptEngine.java:194)
	at com.kms.katalon.core.main.ScriptEngine.runScriptAsRawText(ScriptEngine.java:119)
	at com.kms.katalon.core.main.TestCaseExecutor.runScript(TestCaseExecutor.java:448)
	at com.kms.katalon.core.main.TestCaseExecutor.doExecute(TestCaseExecutor.java:439)
	at com.kms.katalon.core.main.TestCaseExecutor.processExecutionPhase(TestCaseExecutor.java:418)
	at com.kms.katalon.core.main.TestCaseExecutor.accessMainPhase(TestCaseExecutor.java:410)
	at com.kms.katalon.core.main.TestCaseExecutor.execute(TestCaseExecutor.java:285)
	at com.kms.katalon.core.common.CommonExecutor.accessTestCaseMainPhase(CommonExecutor.java:65)
	at com.kms.katalon.core.main.TestSuiteExecutor.accessTestSuiteMainPhase(TestSuiteExecutor.java:150)
	at com.kms.katalon.core.main.TestSuiteExecutor.execute(TestSuiteExecutor.java:106)
	at com.kms.katalon.core.main.TestCaseMain.startTestSuite(TestCaseMain.java:180)
	at TempTestSuite1733182698305.run(TempTestSuite1733182698305.groovy:35)
	at java.base/jdk.internal.reflect.NativeMethodAccessorImpl.invoke0(Native Method)
	at java.base/jdk.internal.reflect.NativeMethodAccessorImpl.invoke(NativeMethodAccessorImpl.java:77)
	at java.base/jdk.internal.reflect.DelegatingMethodAccessorImpl.invoke(DelegatingMethodAccessorImpl.java:43)
)

03-12-2024T02:51:06 - [MESSAGE][FAILED] - Text 'нет данных' is present on page  (Root cause: com.kms.katalon.core.exception.StepFailedException: Text 'нет данных' is present on page 
	at com.kms.katalon.core.webui.keyword.internal.WebUIKeywordMain.stepFailed(WebUIKeywordMain.groovy:64)
	at com.kms.katalon.core.webui.keyword.builtin.VerifyTextNotPresentKeyword$_verifyTextNotPresent_closure1.doCall(VerifyTextNotPresentKeyword.groovy:77)
	at com.kms.katalon.core.webui.keyword.builtin.VerifyTextNotPresentKeyword$_verifyTextNotPresent_closure1.call(VerifyTextNotPresentKeyword.groovy)
	at com.kms.katalon.core.webui.keyword.internal.WebUIKeywordMain.runKeyword(WebUIKeywordMain.groovy:20)
	at com.kms.katalon.core.webui.keyword.builtin.VerifyTextNotPresentKeyword.verifyTextNotPresent(VerifyTextNotPresentKeyword.groovy:82)
	at com.kms.katalon.core.webui.keyword.builtin.VerifyTextNotPresentKeyword.execute(VerifyTextNotPresentKeyword.groovy:68)
	at com.kms.katalon.core.keyword.internal.KeywordExecutor.executeKeywordForPlatform(KeywordExecutor.groovy:74)
	at com.kms.katalon.core.webui.keyword.WebUiBuiltInKeywords.verifyTextNotPresent(WebUiBuiltInKeywords.groovy:1795)
	at Выручка по ДЗО отображение данных все филиалы.Test(Выручка по ДЗО отображение данных все филиалы:782)
	at Выручка по ДЗО отображение данных все филиалы.Tumbler(Выручка по ДЗО отображение данных все филиалы:746)
	at Выручка по ДЗО отображение данных все филиалы.Change(Выручка по ДЗО отображение данных все филиалы:772)
	at Выручка по ДЗО отображение данных все филиалы.DzoTest(Выручка по ДЗО отображение данных все филиалы:310)
	at Выручка по ДЗО отображение данных все филиалы.run(Выручка по ДЗО отображение данных все филиалы:134)
	at com.kms.katalon.core.main.ScriptEngine.run(ScriptEngine.java:194)
	at com.kms.katalon.core.main.ScriptEngine.runScriptAsRawText(ScriptEngine.java:119)
	at com.kms.katalon.core.main.TestCaseExecutor.runScript(TestCaseExecutor.java:448)
	at com.kms.katalon.core.main.TestCaseExecutor.doExecute(TestCaseExecutor.java:439)
	at com.kms.katalon.core.main.TestCaseExecutor.processExecutionPhase(TestCaseExecutor.java:418)
	at com.kms.katalon.core.main.TestCaseExecutor.accessMainPhase(TestCaseExecutor.java:410)
	at com.kms.katalon.core.main.TestCaseExecutor.execute(TestCaseExecutor.java:285)
	at com.kms.katalon.core.common.CommonExecutor.accessTestCaseMainPhase(CommonExecutor.java:65)
	at com.kms.katalon.core.main.TestSuiteExecutor.accessTestSuiteMainPhase(TestSuiteExecutor.java:150)
	at com.kms.katalon.core.main.TestSuiteExecutor.execute(TestSuiteExecutor.java:106)
	at com.kms.katalon.core.main.TestCaseMain.startTestSuite(TestCaseMain.java:180)
	at TempTestSuite1733182698305.run(TempTestSuite1733182698305.groovy:35)
	at java.base/jdk.internal.reflect.NativeMethodAccessorImpl.invoke0(Native Method)
	at java.base/jdk.internal.reflect.NativeMethodAccessorImpl.invoke(NativeMethodAccessorImpl.java:77)
	at java.base/jdk.internal.reflect.DelegatingMethodAccessorImpl.invoke(DelegatingMethodAccessorImpl.java:43)
)

03-12-2024T02:51:06 - [TEST_STEP][PASSED] - else: null

03-12-2024T02:51:06 - [TEST_STEP][PASSED] - Script1687405711779.WriteToExcel(todaysDate): null

03-12-2024T02:51:06 - [TEST_STEP][PASSED] - sheetName = "Sheet1": null

03-12-2024T02:51:06 - [TEST_STEP][PASSED] - data = findTestData("PlanFact"): null

03-12-2024T02:51:07 - [TEST_STEP][PASSED] - n = data.getRowNumbers() + 1: null

03-12-2024T02:51:07 - [TEST_STEP][PASSED] - dZO = getText(findTestObject("Выручка по ДЗО/Фильтр ДЗО")): Text of object 'Object Repository/Выручка по ДЗО/Фильтр ДЗО' is: 'ПАО Россети - РаспредКомплекс - Россети Северный Кавказ (ГК) - АО Дагэнергосеть01'

03-12-2024T02:51:07 - [MESSAGE][PASSED] - Text of object 'Object Repository/Выручка по ДЗО/Фильтр ДЗО' is: 'ПАО Россети - РаспредКомплекс - Россети Северный Кавказ (ГК) - АО Дагэнергосеть01'

03-12-2024T02:51:07 - [TEST_STEP][PASSED] - period = getText(findTestObject("Выручка по ДЗО/Фильтр Дата")): Text of object 'Object Repository/Выручка по ДЗО/Фильтр Дата' is: '1, 2, 3 кв., Октябрь 2024 года'

03-12-2024T02:51:07 - [MESSAGE][PASSED] - Text of object 'Object Repository/Выручка по ДЗО/Фильтр Дата' is: '1, 2, 3 кв., Октябрь 2024 года'

03-12-2024T02:51:07 - [TEST_STEP][PASSED] - viruchka = getText(findTestObject("Выручка по ДЗО/Фильтр Выручка")): Text of object 'Object Repository/Выручка по ДЗО/Фильтр Выручка' is: 'внутренний оборот, по передаче'

03-12-2024T02:51:07 - [MESSAGE][PASSED] - Text of object 'Object Repository/Выручка по ДЗО/Фильтр Выручка' is: 'внутренний оборот, по передаче'

03-12-2024T02:51:07 - [TEST_STEP][PASSED] - if (viruchka == "Выбрано: 2"): null

03-12-2024T02:51:07 - [TEST_STEP][PASSED] - if (viruchka == "Все"): null

03-12-2024T02:51:07 - [TEST_STEP][PASSED] - println(period): null

03-12-2024T02:51:07 - [TEST_STEP][PASSED] - dashboardName = "Выручка по ДЗО": null

03-12-2024T02:51:07 - [TEST_STEP][PASSED] - workbook01 = getWorkbook(excelFilePath): null

03-12-2024T02:51:07 - [TEST_STEP][PASSED] - sheet01 = getExcelSheet(workbook01, sheetName): null

03-12-2024T02:51:07 - [TEST_STEP][PASSED] - setValueToCellByIndex(sheet01, n, 0, dashboardName): null

03-12-2024T02:51:07 - [TEST_STEP][PASSED] - setValueToCellByIndex(sheet01, n, 1, dZO): null

03-12-2024T02:51:07 - [TEST_STEP][PASSED] - setValueToCellByIndex(sheet01, n, 2, period): null

03-12-2024T02:51:07 - [TEST_STEP][PASSED] - setValueToCellByIndex(sheet01, n, 3, viruchka): null

03-12-2024T02:51:07 - [TEST_STEP][PASSED] - setValueToCellByIndex(sheet01, n, 4, todaysDate): null

03-12-2024T02:51:07 - [TEST_STEP][PASSED] - n = n + 1: null

03-12-2024T02:51:07 - [TEST_STEP][PASSED] - saveWorkbook(excelFilePath, workbook01): null

03-12-2024T02:51:08 - [TEST_STEP][PASSED] - click(findTestObject("Выручка по ДЗО/Фильтр Выручка")): Object: 'Object Repository/Выручка по ДЗО/Фильтр Выручка' is clicked on

03-12-2024T02:51:08 - [MESSAGE][PASSED] - Object: 'Object Repository/Выручка по ДЗО/Фильтр Выручка' is clicked on

03-12-2024T02:51:08 - [TEST_STEP][PASSED] - click(findTestObject("Выручка по ДЗО/Снять выделение в фильтре Выручка")): Object: 'Object Repository/Выручка по ДЗО/Снять выделение в фильтре Выручка' is clicked on

03-12-2024T02:51:08 - [MESSAGE][PASSED] - Object: 'Object Repository/Выручка по ДЗО/Снять выделение в фильтре Выручка' is clicked on

03-12-2024T02:51:08 - [TEST_STEP][PASSED] - click(findTestObject("Выручка по ДЗО/По передаче в фильтре Выручка")): Object: 'Object Repository/Выручка по ДЗО/По передаче в фильтре Выручка' is clicked on

03-12-2024T02:51:09 - [MESSAGE][PASSED] - Object: 'Object Repository/Выручка по ДЗО/По передаче в фильтре Выручка' is clicked on

03-12-2024T02:51:09 - [TEST_STEP][PASSED] - click(findTestObject("Выручка по ДЗО/Применить в фильтре Выручка")): Object: 'Object Repository/Выручка по ДЗО/Применить в фильтре Выручка' is clicked on

03-12-2024T02:51:09 - [MESSAGE][PASSED] - Object: 'Object Repository/Выручка по ДЗО/Применить в фильтре Выручка' is clicked on

03-12-2024T02:51:09 - [TEST_STEP][PASSED] - Script1687405711779.Test(todaysDate): null

03-12-2024T02:51:09 - [TEST_STEP][FAILED] - if (verifyTextNotPresent("нет данных", false) == true): Text 'нет данных' is present on page  (Root cause: com.kms.katalon.core.exception.StepFailedException: Text 'нет данных' is present on page 
	at com.kms.katalon.core.webui.keyword.internal.WebUIKeywordMain.stepFailed(WebUIKeywordMain.groovy:64)
	at com.kms.katalon.core.webui.keyword.builtin.VerifyTextNotPresentKeyword$_verifyTextNotPresent_closure1.doCall(VerifyTextNotPresentKeyword.groovy:77)
	at com.kms.katalon.core.webui.keyword.builtin.VerifyTextNotPresentKeyword$_verifyTextNotPresent_closure1.call(VerifyTextNotPresentKeyword.groovy)
	at com.kms.katalon.core.webui.keyword.internal.WebUIKeywordMain.runKeyword(WebUIKeywordMain.groovy:20)
	at com.kms.katalon.core.webui.keyword.builtin.VerifyTextNotPresentKeyword.verifyTextNotPresent(VerifyTextNotPresentKeyword.groovy:82)
	at com.kms.katalon.core.webui.keyword.builtin.VerifyTextNotPresentKeyword.execute(VerifyTextNotPresentKeyword.groovy:68)
	at com.kms.katalon.core.keyword.internal.KeywordExecutor.executeKeywordForPlatform(KeywordExecutor.groovy:74)
	at com.kms.katalon.core.webui.keyword.WebUiBuiltInKeywords.verifyTextNotPresent(WebUiBuiltInKeywords.groovy:1795)
	at Выручка по ДЗО отображение данных все филиалы.Test(Выручка по ДЗО отображение данных все филиалы:782)
	at Выручка по ДЗО отображение данных все филиалы.Tumbler(Выручка по ДЗО отображение данных все филиалы:756)
	at Выручка по ДЗО отображение данных все филиалы.Change(Выручка по ДЗО отображение данных все филиалы:772)
	at Выручка по ДЗО отображение данных все филиалы.DzoTest(Выручка по ДЗО отображение данных все филиалы:310)
	at Выручка по ДЗО отображение данных все филиалы.run(Выручка по ДЗО отображение данных все филиалы:134)
	at com.kms.katalon.core.main.ScriptEngine.run(ScriptEngine.java:194)
	at com.kms.katalon.core.main.ScriptEngine.runScriptAsRawText(ScriptEngine.java:119)
	at com.kms.katalon.core.main.TestCaseExecutor.runScript(TestCaseExecutor.java:448)
	at com.kms.katalon.core.main.TestCaseExecutor.doExecute(TestCaseExecutor.java:439)
	at com.kms.katalon.core.main.TestCaseExecutor.processExecutionPhase(TestCaseExecutor.java:418)
	at com.kms.katalon.core.main.TestCaseExecutor.accessMainPhase(TestCaseExecutor.java:410)
	at com.kms.katalon.core.main.TestCaseExecutor.execute(TestCaseExecutor.java:285)
	at com.kms.katalon.core.common.CommonExecutor.accessTestCaseMainPhase(CommonExecutor.java:65)
	at com.kms.katalon.core.main.TestSuiteExecutor.accessTestSuiteMainPhase(TestSuiteExecutor.java:150)
	at com.kms.katalon.core.main.TestSuiteExecutor.execute(TestSuiteExecutor.java:106)
	at com.kms.katalon.core.main.TestCaseMain.startTestSuite(TestCaseMain.java:180)
	at TempTestSuite1733182698305.run(TempTestSuite1733182698305.groovy:35)
	at java.base/jdk.internal.reflect.NativeMethodAccessorImpl.invoke0(Native Method)
	at java.base/jdk.internal.reflect.NativeMethodAccessorImpl.invoke(NativeMethodAccessorImpl.java:77)
	at java.base/jdk.internal.reflect.DelegatingMethodAccessorImpl.invoke(DelegatingMethodAccessorImpl.java:43)
)

03-12-2024T02:51:12 - [MESSAGE][FAILED] - Text 'нет данных' is present on page  (Root cause: com.kms.katalon.core.exception.StepFailedException: Text 'нет данных' is present on page 
	at com.kms.katalon.core.webui.keyword.internal.WebUIKeywordMain.stepFailed(WebUIKeywordMain.groovy:64)
	at com.kms.katalon.core.webui.keyword.builtin.VerifyTextNotPresentKeyword$_verifyTextNotPresent_closure1.doCall(VerifyTextNotPresentKeyword.groovy:77)
	at com.kms.katalon.core.webui.keyword.builtin.VerifyTextNotPresentKeyword$_verifyTextNotPresent_closure1.call(VerifyTextNotPresentKeyword.groovy)
	at com.kms.katalon.core.webui.keyword.internal.WebUIKeywordMain.runKeyword(WebUIKeywordMain.groovy:20)
	at com.kms.katalon.core.webui.keyword.builtin.VerifyTextNotPresentKeyword.verifyTextNotPresent(VerifyTextNotPresentKeyword.groovy:82)
	at com.kms.katalon.core.webui.keyword.builtin.VerifyTextNotPresentKeyword.execute(VerifyTextNotPresentKeyword.groovy:68)
	at com.kms.katalon.core.keyword.internal.KeywordExecutor.executeKeywordForPlatform(KeywordExecutor.groovy:74)
	at com.kms.katalon.core.webui.keyword.WebUiBuiltInKeywords.verifyTextNotPresent(WebUiBuiltInKeywords.groovy:1795)
	at Выручка по ДЗО отображение данных все филиалы.Test(Выручка по ДЗО отображение данных все филиалы:782)
	at Выручка по ДЗО отображение данных все филиалы.Tumbler(Выручка по ДЗО отображение данных все филиалы:756)
	at Выручка по ДЗО отображение данных все филиалы.Change(Выручка по ДЗО отображение данных все филиалы:772)
	at Выручка по ДЗО отображение данных все филиалы.DzoTest(Выручка по ДЗО отображение данных все филиалы:310)
	at Выручка по ДЗО отображение данных все филиалы.run(Выручка по ДЗО отображение данных все филиалы:134)
	at com.kms.katalon.core.main.ScriptEngine.run(ScriptEngine.java:194)
	at com.kms.katalon.core.main.ScriptEngine.runScriptAsRawText(ScriptEngine.java:119)
	at com.kms.katalon.core.main.TestCaseExecutor.runScript(TestCaseExecutor.java:448)
	at com.kms.katalon.core.main.TestCaseExecutor.doExecute(TestCaseExecutor.java:439)
	at com.kms.katalon.core.main.TestCaseExecutor.processExecutionPhase(TestCaseExecutor.java:418)
	at com.kms.katalon.core.main.TestCaseExecutor.accessMainPhase(TestCaseExecutor.java:410)
	at com.kms.katalon.core.main.TestCaseExecutor.execute(TestCaseExecutor.java:285)
	at com.kms.katalon.core.common.CommonExecutor.accessTestCaseMainPhase(CommonExecutor.java:65)
	at com.kms.katalon.core.main.TestSuiteExecutor.accessTestSuiteMainPhase(TestSuiteExecutor.java:150)
	at com.kms.katalon.core.main.TestSuiteExecutor.execute(TestSuiteExecutor.java:106)
	at com.kms.katalon.core.main.TestCaseMain.startTestSuite(TestCaseMain.java:180)
	at TempTestSuite1733182698305.run(TempTestSuite1733182698305.groovy:35)
	at java.base/jdk.internal.reflect.NativeMethodAccessorImpl.invoke0(Native Method)
	at java.base/jdk.internal.reflect.NativeMethodAccessorImpl.invoke(NativeMethodAccessorImpl.java:77)
	at java.base/jdk.internal.reflect.DelegatingMethodAccessorImpl.invoke(DelegatingMethodAccessorImpl.java:43)
)

03-12-2024T02:51:12 - [TEST_STEP][PASSED] - else: null

03-12-2024T02:51:12 - [TEST_STEP][PASSED] - Script1687405711779.WriteToExcel(todaysDate): null

03-12-2024T02:51:12 - [TEST_STEP][PASSED] - sheetName = "Sheet1": null

03-12-2024T02:51:12 - [TEST_STEP][PASSED] - data = findTestData("PlanFact"): null

03-12-2024T02:51:12 - [TEST_STEP][PASSED] - n = data.getRowNumbers() + 1: null

03-12-2024T02:51:12 - [TEST_STEP][PASSED] - dZO = getText(findTestObject("Выручка по ДЗО/Фильтр ДЗО")): Text of object 'Object Repository/Выручка по ДЗО/Фильтр ДЗО' is: 'ПАО Россети - РаспредКомплекс - Россети Северный Кавказ (ГК) - АО Дагэнергосеть01'

03-12-2024T02:51:12 - [MESSAGE][PASSED] - Text of object 'Object Repository/Выручка по ДЗО/Фильтр ДЗО' is: 'ПАО Россети - РаспредКомплекс - Россети Северный Кавказ (ГК) - АО Дагэнергосеть01'

03-12-2024T02:51:12 - [TEST_STEP][PASSED] - period = getText(findTestObject("Выручка по ДЗО/Фильтр Дата")): Text of object 'Object Repository/Выручка по ДЗО/Фильтр Дата' is: '1, 2, 3 кв., Октябрь 2024 года'

03-12-2024T02:51:12 - [MESSAGE][PASSED] - Text of object 'Object Repository/Выручка по ДЗО/Фильтр Дата' is: '1, 2, 3 кв., Октябрь 2024 года'

03-12-2024T02:51:12 - [TEST_STEP][PASSED] - viruchka = getText(findTestObject("Выручка по ДЗО/Фильтр Выручка")): Text of object 'Object Repository/Выручка по ДЗО/Фильтр Выручка' is: 'по передаче'

03-12-2024T02:51:13 - [MESSAGE][PASSED] - Text of object 'Object Repository/Выручка по ДЗО/Фильтр Выручка' is: 'по передаче'

03-12-2024T02:51:13 - [TEST_STEP][PASSED] - if (viruchka == "Выбрано: 2"): null

03-12-2024T02:51:13 - [TEST_STEP][PASSED] - if (viruchka == "Все"): null

03-12-2024T02:51:13 - [TEST_STEP][PASSED] - println(period): null

03-12-2024T02:51:13 - [TEST_STEP][PASSED] - dashboardName = "Выручка по ДЗО": null

03-12-2024T02:51:13 - [TEST_STEP][PASSED] - workbook01 = getWorkbook(excelFilePath): null

03-12-2024T02:51:13 - [TEST_STEP][PASSED] - sheet01 = getExcelSheet(workbook01, sheetName): null

03-12-2024T02:51:13 - [TEST_STEP][PASSED] - setValueToCellByIndex(sheet01, n, 0, dashboardName): null

03-12-2024T02:51:13 - [TEST_STEP][PASSED] - setValueToCellByIndex(sheet01, n, 1, dZO): null

03-12-2024T02:51:13 - [TEST_STEP][PASSED] - setValueToCellByIndex(sheet01, n, 2, period): null

03-12-2024T02:51:13 - [TEST_STEP][PASSED] - setValueToCellByIndex(sheet01, n, 3, viruchka): null

03-12-2024T02:51:13 - [TEST_STEP][PASSED] - setValueToCellByIndex(sheet01, n, 4, todaysDate): null

03-12-2024T02:51:13 - [TEST_STEP][PASSED] - n = n + 1: null

03-12-2024T02:51:13 - [TEST_STEP][PASSED] - saveWorkbook(excelFilePath, workbook01): null

03-12-2024T02:51:13 - [TEST_STEP][PASSED] - click(findTestObject("Выручка по ДЗО/Фильтр Выручка")): Object: 'Object Repository/Выручка по ДЗО/Фильтр Выручка' is clicked on

03-12-2024T02:51:13 - [MESSAGE][PASSED] - Object: 'Object Repository/Выручка по ДЗО/Фильтр Выручка' is clicked on

03-12-2024T02:51:13 - [TEST_STEP][PASSED] - click(findTestObject("Выручка по ДЗО/Снять выделение в фильтре Выручка")): Object: 'Object Repository/Выручка по ДЗО/Снять выделение в фильтре Выручка' is clicked on

03-12-2024T02:51:14 - [MESSAGE][PASSED] - Object: 'Object Repository/Выручка по ДЗО/Снять выделение в фильтре Выручка' is clicked on

03-12-2024T02:51:14 - [TEST_STEP][PASSED] - click(findTestObject("Выручка по ДЗО/Применить в фильтре Выручка")): Object: 'Object Repository/Выручка по ДЗО/Применить в фильтре Выручка' is clicked on

03-12-2024T02:51:14 - [MESSAGE][PASSED] - Object: 'Object Repository/Выручка по ДЗО/Применить в фильтре Выручка' is clicked on

03-12-2024T02:51:14 - [TEST_STEP][PASSED] - click(findTestObject("Выручка по ДЗО/Фильтр ДЗО")): Object: 'Object Repository/Выручка по ДЗО/Фильтр ДЗО' is clicked on

03-12-2024T02:51:17 - [MESSAGE][PASSED] - Object: 'Object Repository/Выручка по ДЗО/Фильтр ДЗО' is clicked on

03-12-2024T02:51:17 - [TEST_STEP][PASSED] - click(findTestObject("Выручка по ДЗО/Снять выделение в фильтре ДЗО")): Object: 'Object Repository/Выручка по ДЗО/Снять выделение в фильтре ДЗО' is clicked on

03-12-2024T02:51:18 - [MESSAGE][PASSED] - Object: 'Object Repository/Выручка по ДЗО/Снять выделение в фильтре ДЗО' is clicked on

03-12-2024T02:51:18 - [TEST_STEP][PASSED] - scrollToElement(findTestObject("Общие объекты/Дагэнерго"), 30): Scroll to object 'Object Repository/Общие объекты/Дагэнерго' successfully

03-12-2024T02:51:18 - [MESSAGE][PASSED] - Scroll to object 'Object Repository/Общие объекты/Дагэнерго' successfully

03-12-2024T02:51:18 - [TEST_STEP][PASSED] - click(findTestObject("Общие объекты/Дагэнерго")): Object: 'Object Repository/Общие объекты/Дагэнерго' is clicked on

03-12-2024T02:51:18 - [MESSAGE][PASSED] - Object: 'Object Repository/Общие объекты/Дагэнерго' is clicked on

03-12-2024T02:51:18 - [TEST_STEP][PASSED] - Script1687405711779.Change(todaysDate): null

03-12-2024T02:51:18 - [TEST_STEP][PASSED] - scrollToElement(findTestObject("Выручка по ДЗО/Заголовок дашборда"), 30): Scroll to object 'Object Repository/Выручка по ДЗО/Заголовок дашборда' successfully

03-12-2024T02:51:19 - [MESSAGE][PASSED] - Scroll to object 'Object Repository/Выручка по ДЗО/Заголовок дашборда' successfully

03-12-2024T02:51:19 - [TEST_STEP][PASSED] - click(findTestObject("Выручка по ДЗО/Применить в фильтре ДЗО")): Object: 'Object Repository/Выручка по ДЗО/Применить в фильтре ДЗО' is clicked on

03-12-2024T02:51:19 - [MESSAGE][PASSED] - Object: 'Object Repository/Выручка по ДЗО/Применить в фильтре ДЗО' is clicked on

03-12-2024T02:51:19 - [TEST_STEP][PASSED] - Script1687405711779.Tumbler(todaysDate): null

03-12-2024T02:51:19 - [TEST_STEP][PASSED] - Script1687405711779.Test(todaysDate): null

03-12-2024T02:51:19 - [TEST_STEP][PASSED] - if (verifyTextNotPresent("нет данных", false) == true): null

03-12-2024T02:51:23 - [MESSAGE][PASSED] - Text 'нет данных' is not present on page

03-12-2024T02:51:23 - [TEST_STEP][PASSED] - if (verifyTextNotPresent("Ошибка запроса данных", false) == true): null

03-12-2024T02:51:23 - [MESSAGE][PASSED] - Text 'Ошибка запроса данных' is not present on page

03-12-2024T02:51:23 - [TEST_STEP][PASSED] - if (verifyTextNotPresent("Произошла ошибка при выполнении пользовательского кода", false) == true): null

03-12-2024T02:51:24 - [MESSAGE][PASSED] - Text 'Произошла ошибка при выполнении пользовательского кода' is not present on page

03-12-2024T02:51:24 - [TEST_STEP][PASSED] - if (verifyTextNotPresent("У виджета нет данных", false) == true): null

03-12-2024T02:51:24 - [MESSAGE][PASSED] - Text 'У виджета нет данных' is not present on page

03-12-2024T02:51:24 - [TEST_STEP][PASSED] - if (verifyTextNotPresent("У виджета нет данных", false) == true): Text 'У виджета нет данных' is not present on page

03-12-2024T02:51:25 - [MESSAGE][PASSED] - Text 'У виджета нет данных' is not present on page

03-12-2024T02:51:25 - [TEST_STEP][PASSED] - click(findTestObject("Выручка по ДЗО/Фильтр Выручка")): Object: 'Object Repository/Выручка по ДЗО/Фильтр Выручка' is clicked on

03-12-2024T02:51:25 - [MESSAGE][PASSED] - Object: 'Object Repository/Выручка по ДЗО/Фильтр Выручка' is clicked on

03-12-2024T02:51:25 - [TEST_STEP][PASSED] - click(findTestObject("Выручка по ДЗО/Внутренний оборот в фильтре Выручка")): Object: 'Object Repository/Выручка по ДЗО/Внутренний оборот в фильтре Выручка' is clicked on

03-12-2024T02:51:26 - [MESSAGE][PASSED] - Object: 'Object Repository/Выручка по ДЗО/Внутренний оборот в фильтре Выручка' is clicked on

03-12-2024T02:51:26 - [TEST_STEP][PASSED] - click(findTestObject("Выручка по ДЗО/Применить в фильтре Выручка")): Object: 'Object Repository/Выручка по ДЗО/Применить в фильтре Выручка' is clicked on

03-12-2024T02:51:26 - [MESSAGE][PASSED] - Object: 'Object Repository/Выручка по ДЗО/Применить в фильтре Выручка' is clicked on

03-12-2024T02:51:26 - [TEST_STEP][PASSED] - Script1687405711779.Test(todaysDate): null

03-12-2024T02:51:26 - [TEST_STEP][PASSED] - if (verifyTextNotPresent("нет данных", false) == true): null

03-12-2024T02:51:29 - [MESSAGE][PASSED] - Text 'нет данных' is not present on page

03-12-2024T02:51:29 - [TEST_STEP][PASSED] - if (verifyTextNotPresent("Ошибка запроса данных", false) == true): null

03-12-2024T02:51:29 - [MESSAGE][PASSED] - Text 'Ошибка запроса данных' is not present on page

03-12-2024T02:51:29 - [TEST_STEP][PASSED] - if (verifyTextNotPresent("Произошла ошибка при выполнении пользовательского кода", false) == true): null

03-12-2024T02:51:30 - [MESSAGE][PASSED] - Text 'Произошла ошибка при выполнении пользовательского кода' is not present on page

03-12-2024T02:51:30 - [TEST_STEP][PASSED] - if (verifyTextNotPresent("У виджета нет данных", false) == true): null

03-12-2024T02:51:30 - [MESSAGE][PASSED] - Text 'У виджета нет данных' is not present on page

03-12-2024T02:51:30 - [TEST_STEP][PASSED] - if (verifyTextNotPresent("У виджета нет данных", false) == true): Text 'У виджета нет данных' is not present on page

03-12-2024T02:51:31 - [MESSAGE][PASSED] - Text 'У виджета нет данных' is not present on page

03-12-2024T02:51:31 - [TEST_STEP][PASSED] - click(findTestObject("Выручка по ДЗО/Фильтр Выручка")): Object: 'Object Repository/Выручка по ДЗО/Фильтр Выручка' is clicked on

03-12-2024T02:51:31 - [MESSAGE][PASSED] - Object: 'Object Repository/Выручка по ДЗО/Фильтр Выручка' is clicked on

03-12-2024T02:51:31 - [TEST_STEP][PASSED] - click(findTestObject("Выручка по ДЗО/По передаче в фильтре Выручка")): Object: 'Object Repository/Выручка по ДЗО/По передаче в фильтре Выручка' is clicked on

03-12-2024T02:51:31 - [MESSAGE][PASSED] - Object: 'Object Repository/Выручка по ДЗО/По передаче в фильтре Выручка' is clicked on

03-12-2024T02:51:31 - [TEST_STEP][PASSED] - click(findTestObject("Выручка по ДЗО/Применить в фильтре Выручка")): Object: 'Object Repository/Выручка по ДЗО/Применить в фильтре Выручка' is clicked on

03-12-2024T02:51:32 - [MESSAGE][PASSED] - Object: 'Object Repository/Выручка по ДЗО/Применить в фильтре Выручка' is clicked on

03-12-2024T02:51:32 - [TEST_STEP][PASSED] - Script1687405711779.Test(todaysDate): null

03-12-2024T02:51:32 - [TEST_STEP][PASSED] - if (verifyTextNotPresent("нет данных", false) == true): null

03-12-2024T02:51:35 - [MESSAGE][PASSED] - Text 'нет данных' is not present on page

03-12-2024T02:51:35 - [TEST_STEP][PASSED] - if (verifyTextNotPresent("Ошибка запроса данных", false) == true): null

03-12-2024T02:51:35 - [MESSAGE][PASSED] - Text 'Ошибка запроса данных' is not present on page

03-12-2024T02:51:35 - [TEST_STEP][PASSED] - if (verifyTextNotPresent("Произошла ошибка при выполнении пользовательского кода", false) == true): null

03-12-2024T02:51:36 - [MESSAGE][PASSED] - Text 'Произошла ошибка при выполнении пользовательского кода' is not present on page

03-12-2024T02:51:36 - [TEST_STEP][PASSED] - if (verifyTextNotPresent("У виджета нет данных", false) == true): null

03-12-2024T02:51:36 - [MESSAGE][PASSED] - Text 'У виджета нет данных' is not present on page

03-12-2024T02:51:36 - [TEST_STEP][PASSED] - if (verifyTextNotPresent("У виджета нет данных", false) == true): Text 'У виджета нет данных' is not present on page

03-12-2024T02:51:37 - [MESSAGE][PASSED] - Text 'У виджета нет данных' is not present on page

03-12-2024T02:51:37 - [TEST_STEP][PASSED] - click(findTestObject("Выручка по ДЗО/Фильтр Выручка")): Object: 'Object Repository/Выручка по ДЗО/Фильтр Выручка' is clicked on

03-12-2024T02:51:37 - [MESSAGE][PASSED] - Object: 'Object Repository/Выручка по ДЗО/Фильтр Выручка' is clicked on

03-12-2024T02:51:37 - [TEST_STEP][PASSED] - click(findTestObject("Выручка по ДЗО/Снять выделение в фильтре Выручка")): Object: 'Object Repository/Выручка по ДЗО/Снять выделение в фильтре Выручка' is clicked on

03-12-2024T02:51:37 - [MESSAGE][PASSED] - Object: 'Object Repository/Выручка по ДЗО/Снять выделение в фильтре Выручка' is clicked on

03-12-2024T02:51:37 - [TEST_STEP][PASSED] - click(findTestObject("Выручка по ДЗО/По передаче в фильтре Выручка")): Object: 'Object Repository/Выручка по ДЗО/По передаче в фильтре Выручка' is clicked on

03-12-2024T02:51:38 - [MESSAGE][PASSED] - Object: 'Object Repository/Выручка по ДЗО/По передаче в фильтре Выручка' is clicked on

03-12-2024T02:51:38 - [TEST_STEP][PASSED] - click(findTestObject("Выручка по ДЗО/Применить в фильтре Выручка")): Object: 'Object Repository/Выручка по ДЗО/Применить в фильтре Выручка' is clicked on

03-12-2024T02:51:38 - [MESSAGE][PASSED] - Object: 'Object Repository/Выручка по ДЗО/Применить в фильтре Выручка' is clicked on

03-12-2024T02:51:38 - [TEST_STEP][PASSED] - Script1687405711779.Test(todaysDate): null

03-12-2024T02:51:38 - [TEST_STEP][PASSED] - if (verifyTextNotPresent("нет данных", false) == true): null

03-12-2024T02:51:41 - [MESSAGE][PASSED] - Text 'нет данных' is not present on page

03-12-2024T02:51:41 - [TEST_STEP][PASSED] - if (verifyTextNotPresent("Ошибка запроса данных", false) == true): null

03-12-2024T02:51:41 - [MESSAGE][PASSED] - Text 'Ошибка запроса данных' is not present on page

03-12-2024T02:51:41 - [TEST_STEP][PASSED] - if (verifyTextNotPresent("Произошла ошибка при выполнении пользовательского кода", false) == true): null

03-12-2024T02:51:42 - [MESSAGE][PASSED] - Text 'Произошла ошибка при выполнении пользовательского кода' is not present on page

03-12-2024T02:51:42 - [TEST_STEP][PASSED] - if (verifyTextNotPresent("У виджета нет данных", false) == true): null

03-12-2024T02:51:42 - [MESSAGE][PASSED] - Text 'У виджета нет данных' is not present on page

03-12-2024T02:51:42 - [TEST_STEP][PASSED] - if (verifyTextNotPresent("У виджета нет данных", false) == true): Text 'У виджета нет данных' is not present on page

03-12-2024T02:51:43 - [MESSAGE][PASSED] - Text 'У виджета нет данных' is not present on page

03-12-2024T02:51:43 - [TEST_STEP][PASSED] - click(findTestObject("Выручка по ДЗО/Фильтр Выручка")): Object: 'Object Repository/Выручка по ДЗО/Фильтр Выручка' is clicked on

03-12-2024T02:51:43 - [MESSAGE][PASSED] - Object: 'Object Repository/Выручка по ДЗО/Фильтр Выручка' is clicked on

03-12-2024T02:51:43 - [TEST_STEP][PASSED] - click(findTestObject("Выручка по ДЗО/Снять выделение в фильтре Выручка")): Object: 'Object Repository/Выручка по ДЗО/Снять выделение в фильтре Выручка' is clicked on

03-12-2024T02:51:44 - [MESSAGE][PASSED] - Object: 'Object Repository/Выручка по ДЗО/Снять выделение в фильтре Выручка' is clicked on

03-12-2024T02:51:44 - [TEST_STEP][PASSED] - click(findTestObject("Выручка по ДЗО/Применить в фильтре Выручка")): Object: 'Object Repository/Выручка по ДЗО/Применить в фильтре Выручка' is clicked on

03-12-2024T02:51:44 - [MESSAGE][PASSED] - Object: 'Object Repository/Выручка по ДЗО/Применить в фильтре Выручка' is clicked on

03-12-2024T02:51:44 - [TEST_STEP][PASSED] - click(findTestObject("Выручка по ДЗО/Фильтр ДЗО")): Object: 'Object Repository/Выручка по ДЗО/Фильтр ДЗО' is clicked on

03-12-2024T02:51:46 - [MESSAGE][PASSED] - Object: 'Object Repository/Выручка по ДЗО/Фильтр ДЗО' is clicked on

03-12-2024T02:51:46 - [TEST_STEP][PASSED] - click(findTestObject("Выручка по ДЗО/Снять выделение в фильтре ДЗО")): Object: 'Object Repository/Выручка по ДЗО/Снять выделение в фильтре ДЗО' is clicked on

03-12-2024T02:51:47 - [MESSAGE][PASSED] - Object: 'Object Repository/Выручка по ДЗО/Снять выделение в фильтре ДЗО' is clicked on

03-12-2024T02:51:47 - [TEST_STEP][PASSED] - scrollToElement(findTestObject("Общие объекты/Ингушэнерго"), 30): Scroll to object 'Object Repository/Общие объекты/Ингушэнерго' successfully

03-12-2024T02:51:47 - [MESSAGE][PASSED] - Scroll to object 'Object Repository/Общие объекты/Ингушэнерго' successfully

03-12-2024T02:51:47 - [TEST_STEP][PASSED] - click(findTestObject("Общие объекты/Ингушэнерго"), CONTINUE_ON_FAILURE): Object: 'Object Repository/Общие объекты/Ингушэнерго' is clicked on

03-12-2024T02:51:47 - [MESSAGE][PASSED] - Object: 'Object Repository/Общие объекты/Ингушэнерго' is clicked on

03-12-2024T02:51:47 - [TEST_STEP][PASSED] - Script1687405711779.Change(todaysDate): null

03-12-2024T02:51:47 - [TEST_STEP][PASSED] - scrollToElement(findTestObject("Выручка по ДЗО/Заголовок дашборда"), 30): Scroll to object 'Object Repository/Выручка по ДЗО/Заголовок дашборда' successfully

03-12-2024T02:51:48 - [MESSAGE][PASSED] - Scroll to object 'Object Repository/Выручка по ДЗО/Заголовок дашборда' successfully

03-12-2024T02:51:48 - [TEST_STEP][PASSED] - click(findTestObject("Выручка по ДЗО/Применить в фильтре ДЗО")): Object: 'Object Repository/Выручка по ДЗО/Применить в фильтре ДЗО' is clicked on

03-12-2024T02:51:48 - [MESSAGE][PASSED] - Object: 'Object Repository/Выручка по ДЗО/Применить в фильтре ДЗО' is clicked on

03-12-2024T02:51:48 - [TEST_STEP][PASSED] - Script1687405711779.Tumbler(todaysDate): null

03-12-2024T02:51:48 - [TEST_STEP][PASSED] - Script1687405711779.Test(todaysDate): null

03-12-2024T02:51:48 - [TEST_STEP][PASSED] - if (verifyTextNotPresent("нет данных", false) == true): null

03-12-2024T02:51:50 - [MESSAGE][PASSED] - Text 'нет данных' is not present on page

03-12-2024T02:51:50 - [TEST_STEP][PASSED] - if (verifyTextNotPresent("Ошибка запроса данных", false) == true): null

03-12-2024T02:51:52 - [MESSAGE][PASSED] - Text 'Ошибка запроса данных' is not present on page

03-12-2024T02:51:52 - [TEST_STEP][PASSED] - if (verifyTextNotPresent("Произошла ошибка при выполнении пользовательского кода", false) == true): null

03-12-2024T02:51:53 - [MESSAGE][PASSED] - Text 'Произошла ошибка при выполнении пользовательского кода' is not present on page

03-12-2024T02:51:53 - [TEST_STEP][PASSED] - if (verifyTextNotPresent("У виджета нет данных", false) == true): null

03-12-2024T02:51:53 - [MESSAGE][PASSED] - Text 'У виджета нет данных' is not present on page

03-12-2024T02:51:53 - [TEST_STEP][PASSED] - if (verifyTextNotPresent("У виджета нет данных", false) == true): Text 'У виджета нет данных' is not present on page

03-12-2024T02:51:54 - [MESSAGE][PASSED] - Text 'У виджета нет данных' is not present on page

03-12-2024T02:51:54 - [TEST_STEP][PASSED] - click(findTestObject("Выручка по ДЗО/Фильтр Выручка")): Object: 'Object Repository/Выручка по ДЗО/Фильтр Выручка' is clicked on

03-12-2024T02:51:54 - [MESSAGE][PASSED] - Object: 'Object Repository/Выручка по ДЗО/Фильтр Выручка' is clicked on

03-12-2024T02:51:54 - [TEST_STEP][PASSED] - click(findTestObject("Выручка по ДЗО/Внутренний оборот в фильтре Выручка")): Object: 'Object Repository/Выручка по ДЗО/Внутренний оборот в фильтре Выручка' is clicked on

03-12-2024T02:51:54 - [MESSAGE][PASSED] - Object: 'Object Repository/Выручка по ДЗО/Внутренний оборот в фильтре Выручка' is clicked on

03-12-2024T02:51:54 - [TEST_STEP][PASSED] - click(findTestObject("Выручка по ДЗО/Применить в фильтре Выручка")): Object: 'Object Repository/Выручка по ДЗО/Применить в фильтре Выручка' is clicked on

03-12-2024T02:51:55 - [MESSAGE][PASSED] - Object: 'Object Repository/Выручка по ДЗО/Применить в фильтре Выручка' is clicked on

03-12-2024T02:51:55 - [TEST_STEP][PASSED] - Script1687405711779.Test(todaysDate): null

03-12-2024T02:51:55 - [TEST_STEP][PASSED] - if (verifyTextNotPresent("нет данных", false) == true): null

03-12-2024T02:51:57 - [MESSAGE][PASSED] - Text 'нет данных' is not present on page

03-12-2024T02:51:57 - [TEST_STEP][PASSED] - if (verifyTextNotPresent("Ошибка запроса данных", false) == true): null

03-12-2024T02:51:58 - [MESSAGE][PASSED] - Text 'Ошибка запроса данных' is not present on page

03-12-2024T02:51:58 - [TEST_STEP][PASSED] - if (verifyTextNotPresent("Произошла ошибка при выполнении пользовательского кода", false) == true): null

03-12-2024T02:51:58 - [MESSAGE][PASSED] - Text 'Произошла ошибка при выполнении пользовательского кода' is not present on page

03-12-2024T02:51:58 - [TEST_STEP][PASSED] - if (verifyTextNotPresent("У виджета нет данных", false) == true): null

03-12-2024T02:51:59 - [MESSAGE][PASSED] - Text 'У виджета нет данных' is not present on page

03-12-2024T02:51:59 - [TEST_STEP][PASSED] - if (verifyTextNotPresent("У виджета нет данных", false) == true): Text 'У виджета нет данных' is not present on page

03-12-2024T02:51:59 - [MESSAGE][PASSED] - Text 'У виджета нет данных' is not present on page

03-12-2024T02:51:59 - [TEST_STEP][PASSED] - click(findTestObject("Выручка по ДЗО/Фильтр Выручка")): Object: 'Object Repository/Выручка по ДЗО/Фильтр Выручка' is clicked on

03-12-2024T02:51:59 - [MESSAGE][PASSED] - Object: 'Object Repository/Выручка по ДЗО/Фильтр Выручка' is clicked on

03-12-2024T02:51:59 - [TEST_STEP][PASSED] - click(findTestObject("Выручка по ДЗО/По передаче в фильтре Выручка")): Object: 'Object Repository/Выручка по ДЗО/По передаче в фильтре Выручка' is clicked on

03-12-2024T02:52:00 - [MESSAGE][PASSED] - Object: 'Object Repository/Выручка по ДЗО/По передаче в фильтре Выручка' is clicked on

03-12-2024T02:52:00 - [TEST_STEP][PASSED] - click(findTestObject("Выручка по ДЗО/Применить в фильтре Выручка")): Object: 'Object Repository/Выручка по ДЗО/Применить в фильтре Выручка' is clicked on

03-12-2024T02:52:01 - [MESSAGE][PASSED] - Object: 'Object Repository/Выручка по ДЗО/Применить в фильтре Выручка' is clicked on

03-12-2024T02:52:01 - [TEST_STEP][PASSED] - Script1687405711779.Test(todaysDate): null

03-12-2024T02:52:01 - [TEST_STEP][PASSED] - if (verifyTextNotPresent("нет данных", false) == true): null

03-12-2024T02:52:03 - [MESSAGE][PASSED] - Text 'нет данных' is not present on page

03-12-2024T02:52:03 - [TEST_STEP][PASSED] - if (verifyTextNotPresent("Ошибка запроса данных", false) == true): null

03-12-2024T02:52:03 - [MESSAGE][PASSED] - Text 'Ошибка запроса данных' is not present on page

03-12-2024T02:52:03 - [TEST_STEP][PASSED] - if (verifyTextNotPresent("Произошла ошибка при выполнении пользовательского кода", false) == true): null

03-12-2024T02:52:04 - [MESSAGE][PASSED] - Text 'Произошла ошибка при выполнении пользовательского кода' is not present on page

03-12-2024T02:52:04 - [TEST_STEP][PASSED] - if (verifyTextNotPresent("У виджета нет данных", false) == true): null

03-12-2024T02:52:04 - [MESSAGE][PASSED] - Text 'У виджета нет данных' is not present on page

03-12-2024T02:52:04 - [TEST_STEP][PASSED] - if (verifyTextNotPresent("У виджета нет данных", false) == true): Text 'У виджета нет данных' is not present on page

03-12-2024T02:52:05 - [MESSAGE][PASSED] - Text 'У виджета нет данных' is not present on page

03-12-2024T02:52:05 - [TEST_STEP][PASSED] - click(findTestObject("Выручка по ДЗО/Фильтр Выручка")): Object: 'Object Repository/Выручка по ДЗО/Фильтр Выручка' is clicked on

03-12-2024T02:52:05 - [MESSAGE][PASSED] - Object: 'Object Repository/Выручка по ДЗО/Фильтр Выручка' is clicked on

03-12-2024T02:52:05 - [TEST_STEP][PASSED] - click(findTestObject("Выручка по ДЗО/Снять выделение в фильтре Выручка")): Object: 'Object Repository/Выручка по ДЗО/Снять выделение в фильтре Выручка' is clicked on

03-12-2024T02:52:06 - [MESSAGE][PASSED] - Object: 'Object Repository/Выручка по ДЗО/Снять выделение в фильтре Выручка' is clicked on

03-12-2024T02:52:06 - [TEST_STEP][PASSED] - click(findTestObject("Выручка по ДЗО/По передаче в фильтре Выручка")): Object: 'Object Repository/Выручка по ДЗО/По передаче в фильтре Выручка' is clicked on

03-12-2024T02:52:06 - [MESSAGE][PASSED] - Object: 'Object Repository/Выручка по ДЗО/По передаче в фильтре Выручка' is clicked on

03-12-2024T02:52:06 - [TEST_STEP][PASSED] - click(findTestObject("Выручка по ДЗО/Применить в фильтре Выручка")): Object: 'Object Repository/Выручка по ДЗО/Применить в фильтре Выручка' is clicked on

03-12-2024T02:52:07 - [MESSAGE][PASSED] - Object: 'Object Repository/Выручка по ДЗО/Применить в фильтре Выручка' is clicked on

03-12-2024T02:52:07 - [TEST_STEP][PASSED] - Script1687405711779.Test(todaysDate): null

03-12-2024T02:52:07 - [TEST_STEP][FAILED] - if (verifyTextNotPresent("нет данных", false) == true): Text 'нет данных' is present on page  (Root cause: com.kms.katalon.core.exception.StepFailedException: Text 'нет данных' is present on page 
	at com.kms.katalon.core.webui.keyword.internal.WebUIKeywordMain.stepFailed(WebUIKeywordMain.groovy:64)
	at com.kms.katalon.core.webui.keyword.builtin.VerifyTextNotPresentKeyword$_verifyTextNotPresent_closure1.doCall(VerifyTextNotPresentKeyword.groovy:77)
	at com.kms.katalon.core.webui.keyword.builtin.VerifyTextNotPresentKeyword$_verifyTextNotPresent_closure1.call(VerifyTextNotPresentKeyword.groovy)
	at com.kms.katalon.core.webui.keyword.internal.WebUIKeywordMain.runKeyword(WebUIKeywordMain.groovy:20)
	at com.kms.katalon.core.webui.keyword.builtin.VerifyTextNotPresentKeyword.verifyTextNotPresent(VerifyTextNotPresentKeyword.groovy:82)
	at com.kms.katalon.core.webui.keyword.builtin.VerifyTextNotPresentKeyword.execute(VerifyTextNotPresentKeyword.groovy:68)
	at com.kms.katalon.core.keyword.internal.KeywordExecutor.executeKeywordForPlatform(KeywordExecutor.groovy:74)
	at com.kms.katalon.core.webui.keyword.WebUiBuiltInKeywords.verifyTextNotPresent(WebUiBuiltInKeywords.groovy:1795)
	at Выручка по ДЗО отображение данных все филиалы.Test(Выручка по ДЗО отображение данных все филиалы:782)
	at Выручка по ДЗО отображение данных все филиалы.Tumbler(Выручка по ДЗО отображение данных все филиалы:756)
	at Выручка по ДЗО отображение данных все филиалы.Change(Выручка по ДЗО отображение данных все филиалы:772)
	at Выручка по ДЗО отображение данных все филиалы.DzoTest(Выручка по ДЗО отображение данных все филиалы:322)
	at Выручка по ДЗО отображение данных все филиалы.run(Выручка по ДЗО отображение данных все филиалы:134)
	at com.kms.katalon.core.main.ScriptEngine.run(ScriptEngine.java:194)
	at com.kms.katalon.core.main.ScriptEngine.runScriptAsRawText(ScriptEngine.java:119)
	at com.kms.katalon.core.main.TestCaseExecutor.runScript(TestCaseExecutor.java:448)
	at com.kms.katalon.core.main.TestCaseExecutor.doExecute(TestCaseExecutor.java:439)
	at com.kms.katalon.core.main.TestCaseExecutor.processExecutionPhase(TestCaseExecutor.java:418)
	at com.kms.katalon.core.main.TestCaseExecutor.accessMainPhase(TestCaseExecutor.java:410)
	at com.kms.katalon.core.main.TestCaseExecutor.execute(TestCaseExecutor.java:285)
	at com.kms.katalon.core.common.CommonExecutor.accessTestCaseMainPhase(CommonExecutor.java:65)
	at com.kms.katalon.core.main.TestSuiteExecutor.accessTestSuiteMainPhase(TestSuiteExecutor.java:150)
	at com.kms.katalon.core.main.TestSuiteExecutor.execute(TestSuiteExecutor.java:106)
	at com.kms.katalon.core.main.TestCaseMain.startTestSuite(TestCaseMain.java:180)
	at TempTestSuite1733182698305.run(TempTestSuite1733182698305.groovy:35)
	at java.base/jdk.internal.reflect.NativeMethodAccessorImpl.invoke0(Native Method)
	at java.base/jdk.internal.reflect.NativeMethodAccessorImpl.invoke(NativeMethodAccessorImpl.java:77)
	at java.base/jdk.internal.reflect.DelegatingMethodAccessorImpl.invoke(DelegatingMethodAccessorImpl.java:43)
)

03-12-2024T02:52:09 - [MESSAGE][FAILED] - Text 'нет данных' is present on page  (Root cause: com.kms.katalon.core.exception.StepFailedException: Text 'нет данных' is present on page 
	at com.kms.katalon.core.webui.keyword.internal.WebUIKeywordMain.stepFailed(WebUIKeywordMain.groovy:64)
	at com.kms.katalon.core.webui.keyword.builtin.VerifyTextNotPresentKeyword$_verifyTextNotPresent_closure1.doCall(VerifyTextNotPresentKeyword.groovy:77)
	at com.kms.katalon.core.webui.keyword.builtin.VerifyTextNotPresentKeyword$_verifyTextNotPresent_closure1.call(VerifyTextNotPresentKeyword.groovy)
	at com.kms.katalon.core.webui.keyword.internal.WebUIKeywordMain.runKeyword(WebUIKeywordMain.groovy:20)
	at com.kms.katalon.core.webui.keyword.builtin.VerifyTextNotPresentKeyword.verifyTextNotPresent(VerifyTextNotPresentKeyword.groovy:82)
	at com.kms.katalon.core.webui.keyword.builtin.VerifyTextNotPresentKeyword.execute(VerifyTextNotPresentKeyword.groovy:68)
	at com.kms.katalon.core.keyword.internal.KeywordExecutor.executeKeywordForPlatform(KeywordExecutor.groovy:74)
	at com.kms.katalon.core.webui.keyword.WebUiBuiltInKeywords.verifyTextNotPresent(WebUiBuiltInKeywords.groovy:1795)
	at Выручка по ДЗО отображение данных все филиалы.Test(Выручка по ДЗО отображение данных все филиалы:782)
	at Выручка по ДЗО отображение данных все филиалы.Tumbler(Выручка по ДЗО отображение данных все филиалы:756)
	at Выручка по ДЗО отображение данных все филиалы.Change(Выручка по ДЗО отображение данных все филиалы:772)
	at Выручка по ДЗО отображение данных все филиалы.DzoTest(Выручка по ДЗО отображение данных все филиалы:322)
	at Выручка по ДЗО отображение данных все филиалы.run(Выручка по ДЗО отображение данных все филиалы:134)
	at com.kms.katalon.core.main.ScriptEngine.run(ScriptEngine.java:194)
	at com.kms.katalon.core.main.ScriptEngine.runScriptAsRawText(ScriptEngine.java:119)
	at com.kms.katalon.core.main.TestCaseExecutor.runScript(TestCaseExecutor.java:448)
	at com.kms.katalon.core.main.TestCaseExecutor.doExecute(TestCaseExecutor.java:439)
	at com.kms.katalon.core.main.TestCaseExecutor.processExecutionPhase(TestCaseExecutor.java:418)
	at com.kms.katalon.core.main.TestCaseExecutor.accessMainPhase(TestCaseExecutor.java:410)
	at com.kms.katalon.core.main.TestCaseExecutor.execute(TestCaseExecutor.java:285)
	at com.kms.katalon.core.common.CommonExecutor.accessTestCaseMainPhase(CommonExecutor.java:65)
	at com.kms.katalon.core.main.TestSuiteExecutor.accessTestSuiteMainPhase(TestSuiteExecutor.java:150)
	at com.kms.katalon.core.main.TestSuiteExecutor.execute(TestSuiteExecutor.java:106)
	at com.kms.katalon.core.main.TestCaseMain.startTestSuite(TestCaseMain.java:180)
	at TempTestSuite1733182698305.run(TempTestSuite1733182698305.groovy:35)
	at java.base/jdk.internal.reflect.NativeMethodAccessorImpl.invoke0(Native Method)
	at java.base/jdk.internal.reflect.NativeMethodAccessorImpl.invoke(NativeMethodAccessorImpl.java:77)
	at java.base/jdk.internal.reflect.DelegatingMethodAccessorImpl.invoke(DelegatingMethodAccessorImpl.java:43)
)

03-12-2024T02:52:09 - [TEST_STEP][PASSED] - else: null

03-12-2024T02:52:09 - [TEST_STEP][PASSED] - Script1687405711779.WriteToExcel(todaysDate): null

03-12-2024T02:52:09 - [TEST_STEP][PASSED] - sheetName = "Sheet1": null

03-12-2024T02:52:09 - [TEST_STEP][PASSED] - data = findTestData("PlanFact"): null

03-12-2024T02:52:09 - [TEST_STEP][PASSED] - n = data.getRowNumbers() + 1: null

03-12-2024T02:52:09 - [TEST_STEP][PASSED] - dZO = getText(findTestObject("Выручка по ДЗО/Фильтр ДЗО")): Text of object 'Object Repository/Выручка по ДЗО/Фильтр ДЗО' is: 'ПАО Россети - РаспредКомплекс - Россети Северный Кавказ (ГК) - Ингушэнерго'

03-12-2024T02:52:09 - [MESSAGE][PASSED] - Text of object 'Object Repository/Выручка по ДЗО/Фильтр ДЗО' is: 'ПАО Россети - РаспредКомплекс - Россети Северный Кавказ (ГК) - Ингушэнерго'

03-12-2024T02:52:09 - [TEST_STEP][PASSED] - period = getText(findTestObject("Выручка по ДЗО/Фильтр Дата")): Text of object 'Object Repository/Выручка по ДЗО/Фильтр Дата' is: '1, 2, 3 кв., Октябрь 2024 года'

03-12-2024T02:52:09 - [MESSAGE][PASSED] - Text of object 'Object Repository/Выручка по ДЗО/Фильтр Дата' is: '1, 2, 3 кв., Октябрь 2024 года'

03-12-2024T02:52:09 - [TEST_STEP][PASSED] - viruchka = getText(findTestObject("Выручка по ДЗО/Фильтр Выручка")): Text of object 'Object Repository/Выручка по ДЗО/Фильтр Выручка' is: 'по передаче'

03-12-2024T02:52:10 - [MESSAGE][PASSED] - Text of object 'Object Repository/Выручка по ДЗО/Фильтр Выручка' is: 'по передаче'

03-12-2024T02:52:10 - [TEST_STEP][PASSED] - if (viruchka == "Выбрано: 2"): null

03-12-2024T02:52:10 - [TEST_STEP][PASSED] - if (viruchka == "Все"): null

03-12-2024T02:52:10 - [TEST_STEP][PASSED] - println(period): null

03-12-2024T02:52:10 - [TEST_STEP][PASSED] - dashboardName = "Выручка по ДЗО": null

03-12-2024T02:52:10 - [TEST_STEP][PASSED] - workbook01 = getWorkbook(excelFilePath): null

03-12-2024T02:52:10 - [TEST_STEP][PASSED] - sheet01 = getExcelSheet(workbook01, sheetName): null

03-12-2024T02:52:10 - [TEST_STEP][PASSED] - setValueToCellByIndex(sheet01, n, 0, dashboardName): null

03-12-2024T02:52:10 - [TEST_STEP][PASSED] - setValueToCellByIndex(sheet01, n, 1, dZO): null

03-12-2024T02:52:10 - [TEST_STEP][PASSED] - setValueToCellByIndex(sheet01, n, 2, period): null

03-12-2024T02:52:10 - [TEST_STEP][PASSED] - setValueToCellByIndex(sheet01, n, 3, viruchka): null

03-12-2024T02:52:10 - [TEST_STEP][PASSED] - setValueToCellByIndex(sheet01, n, 4, todaysDate): null

03-12-2024T02:52:10 - [TEST_STEP][PASSED] - n = n + 1: null

03-12-2024T02:52:10 - [TEST_STEP][PASSED] - saveWorkbook(excelFilePath, workbook01): null

03-12-2024T02:52:10 - [TEST_STEP][PASSED] - click(findTestObject("Выручка по ДЗО/Фильтр Выручка")): Object: 'Object Repository/Выручка по ДЗО/Фильтр Выручка' is clicked on

03-12-2024T02:52:10 - [MESSAGE][PASSED] - Object: 'Object Repository/Выручка по ДЗО/Фильтр Выручка' is clicked on

03-12-2024T02:52:10 - [TEST_STEP][PASSED] - click(findTestObject("Выручка по ДЗО/Снять выделение в фильтре Выручка")): Object: 'Object Repository/Выручка по ДЗО/Снять выделение в фильтре Выручка' is clicked on

03-12-2024T02:52:11 - [MESSAGE][PASSED] - Object: 'Object Repository/Выручка по ДЗО/Снять выделение в фильтре Выручка' is clicked on

03-12-2024T02:52:11 - [TEST_STEP][PASSED] - click(findTestObject("Выручка по ДЗО/Применить в фильтре Выручка")): Object: 'Object Repository/Выручка по ДЗО/Применить в фильтре Выручка' is clicked on

03-12-2024T02:52:11 - [MESSAGE][PASSED] - Object: 'Object Repository/Выручка по ДЗО/Применить в фильтре Выручка' is clicked on

03-12-2024T02:52:11 - [TEST_STEP][PASSED] - click(findTestObject("Выручка по ДЗО/Фильтр ДЗО")): Object: 'Object Repository/Выручка по ДЗО/Фильтр ДЗО' is clicked on

03-12-2024T02:52:13 - [MESSAGE][PASSED] - Object: 'Object Repository/Выручка по ДЗО/Фильтр ДЗО' is clicked on

03-12-2024T02:52:13 - [TEST_STEP][PASSED] - click(findTestObject("Выручка по ДЗО/Снять выделение в фильтре ДЗО")): Object: 'Object Repository/Выручка по ДЗО/Снять выделение в фильтре ДЗО' is clicked on

03-12-2024T02:52:14 - [MESSAGE][PASSED] - Object: 'Object Repository/Выручка по ДЗО/Снять выделение в фильтре ДЗО' is clicked on

03-12-2024T02:52:14 - [TEST_STEP][PASSED] - scrollToElement(findTestObject("Общие объекты/Каббалкэнерго"), 30): Scroll to object 'Object Repository/Общие объекты/Каббалкэнерго' successfully

03-12-2024T02:52:14 - [MESSAGE][PASSED] - Scroll to object 'Object Repository/Общие объекты/Каббалкэнерго' successfully

03-12-2024T02:52:14 - [TEST_STEP][PASSED] - click(findTestObject("Общие объекты/Каббалкэнерго"), CONTINUE_ON_FAILURE): Object: 'Object Repository/Общие объекты/Каббалкэнерго' is clicked on

03-12-2024T02:52:14 - [MESSAGE][PASSED] - Object: 'Object Repository/Общие объекты/Каббалкэнерго' is clicked on

03-12-2024T02:52:14 - [TEST_STEP][PASSED] - Script1687405711779.Change(todaysDate): null

03-12-2024T02:52:14 - [TEST_STEP][PASSED] - scrollToElement(findTestObject("Выручка по ДЗО/Заголовок дашборда"), 30): Scroll to object 'Object Repository/Выручка по ДЗО/Заголовок дашборда' successfully

03-12-2024T02:52:15 - [MESSAGE][PASSED] - Scroll to object 'Object Repository/Выручка по ДЗО/Заголовок дашборда' successfully

03-12-2024T02:52:15 - [TEST_STEP][PASSED] - click(findTestObject("Выручка по ДЗО/Применить в фильтре ДЗО")): Object: 'Object Repository/Выручка по ДЗО/Применить в фильтре ДЗО' is clicked on

03-12-2024T02:52:15 - [MESSAGE][PASSED] - Object: 'Object Repository/Выручка по ДЗО/Применить в фильтре ДЗО' is clicked on

03-12-2024T02:52:15 - [TEST_STEP][PASSED] - Script1687405711779.Tumbler(todaysDate): null

03-12-2024T02:52:15 - [TEST_STEP][PASSED] - Script1687405711779.Test(todaysDate): null

03-12-2024T02:52:15 - [TEST_STEP][PASSED] - if (verifyTextNotPresent("нет данных", false) == true): null

03-12-2024T02:52:18 - [MESSAGE][PASSED] - Text 'нет данных' is not present on page

03-12-2024T02:52:18 - [TEST_STEP][PASSED] - if (verifyTextNotPresent("Ошибка запроса данных", false) == true): null

03-12-2024T02:52:20 - [MESSAGE][PASSED] - Text 'Ошибка запроса данных' is not present on page

03-12-2024T02:52:20 - [TEST_STEP][PASSED] - if (verifyTextNotPresent("Произошла ошибка при выполнении пользовательского кода", false) == true): null

03-12-2024T02:52:20 - [MESSAGE][PASSED] - Text 'Произошла ошибка при выполнении пользовательского кода' is not present on page

03-12-2024T02:52:20 - [TEST_STEP][PASSED] - if (verifyTextNotPresent("У виджета нет данных", false) == true): null

03-12-2024T02:52:21 - [MESSAGE][PASSED] - Text 'У виджета нет данных' is not present on page

03-12-2024T02:52:21 - [TEST_STEP][PASSED] - if (verifyTextNotPresent("У виджета нет данных", false) == true): Text 'У виджета нет данных' is not present on page

03-12-2024T02:52:21 - [MESSAGE][PASSED] - Text 'У виджета нет данных' is not present on page

03-12-2024T02:52:21 - [TEST_STEP][PASSED] - click(findTestObject("Выручка по ДЗО/Фильтр Выручка")): Object: 'Object Repository/Выручка по ДЗО/Фильтр Выручка' is clicked on

03-12-2024T02:52:22 - [MESSAGE][PASSED] - Object: 'Object Repository/Выручка по ДЗО/Фильтр Выручка' is clicked on

03-12-2024T02:52:22 - [TEST_STEP][PASSED] - click(findTestObject("Выручка по ДЗО/Внутренний оборот в фильтре Выручка")): Object: 'Object Repository/Выручка по ДЗО/Внутренний оборот в фильтре Выручка' is clicked on

03-12-2024T02:52:22 - [MESSAGE][PASSED] - Object: 'Object Repository/Выручка по ДЗО/Внутренний оборот в фильтре Выручка' is clicked on

03-12-2024T02:52:22 - [TEST_STEP][PASSED] - click(findTestObject("Выручка по ДЗО/Применить в фильтре Выручка")): Object: 'Object Repository/Выручка по ДЗО/Применить в фильтре Выручка' is clicked on

03-12-2024T02:52:23 - [MESSAGE][PASSED] - Object: 'Object Repository/Выручка по ДЗО/Применить в фильтре Выручка' is clicked on

03-12-2024T02:52:23 - [TEST_STEP][PASSED] - Script1687405711779.Test(todaysDate): null

03-12-2024T02:52:23 - [TEST_STEP][PASSED] - if (verifyTextNotPresent("нет данных", false) == true): null

03-12-2024T02:52:25 - [MESSAGE][PASSED] - Text 'нет данных' is not present on page

03-12-2024T02:52:25 - [TEST_STEP][PASSED] - if (verifyTextNotPresent("Ошибка запроса данных", false) == true): null

03-12-2024T02:52:26 - [MESSAGE][PASSED] - Text 'Ошибка запроса данных' is not present on page

03-12-2024T02:52:26 - [TEST_STEP][PASSED] - if (verifyTextNotPresent("Произошла ошибка при выполнении пользовательского кода", false) == true): null

03-12-2024T02:52:26 - [MESSAGE][PASSED] - Text 'Произошла ошибка при выполнении пользовательского кода' is not present on page

03-12-2024T02:52:26 - [TEST_STEP][PASSED] - if (verifyTextNotPresent("У виджета нет данных", false) == true): null

03-12-2024T02:52:27 - [MESSAGE][PASSED] - Text 'У виджета нет данных' is not present on page

03-12-2024T02:52:27 - [TEST_STEP][PASSED] - if (verifyTextNotPresent("У виджета нет данных", false) == true): Text 'У виджета нет данных' is not present on page

03-12-2024T02:52:27 - [MESSAGE][PASSED] - Text 'У виджета нет данных' is not present on page

03-12-2024T02:52:27 - [TEST_STEP][PASSED] - click(findTestObject("Выручка по ДЗО/Фильтр Выручка")): Object: 'Object Repository/Выручка по ДЗО/Фильтр Выручка' is clicked on

03-12-2024T02:52:27 - [MESSAGE][PASSED] - Object: 'Object Repository/Выручка по ДЗО/Фильтр Выручка' is clicked on

03-12-2024T02:52:27 - [TEST_STEP][PASSED] - click(findTestObject("Выручка по ДЗО/По передаче в фильтре Выручка")): Object: 'Object Repository/Выручка по ДЗО/По передаче в фильтре Выручка' is clicked on

03-12-2024T02:52:28 - [MESSAGE][PASSED] - Object: 'Object Repository/Выручка по ДЗО/По передаче в фильтре Выручка' is clicked on

03-12-2024T02:52:28 - [TEST_STEP][PASSED] - click(findTestObject("Выручка по ДЗО/Применить в фильтре Выручка")): Object: 'Object Repository/Выручка по ДЗО/Применить в фильтре Выручка' is clicked on

03-12-2024T02:52:29 - [MESSAGE][PASSED] - Object: 'Object Repository/Выручка по ДЗО/Применить в фильтре Выручка' is clicked on

03-12-2024T02:52:29 - [TEST_STEP][PASSED] - Script1687405711779.Test(todaysDate): null

03-12-2024T02:52:29 - [TEST_STEP][PASSED] - if (verifyTextNotPresent("нет данных", false) == true): null

03-12-2024T02:52:31 - [MESSAGE][PASSED] - Text 'нет данных' is not present on page

03-12-2024T02:52:31 - [TEST_STEP][PASSED] - if (verifyTextNotPresent("Ошибка запроса данных", false) == true): null

03-12-2024T02:52:31 - [MESSAGE][PASSED] - Text 'Ошибка запроса данных' is not present on page

03-12-2024T02:52:31 - [TEST_STEP][PASSED] - if (verifyTextNotPresent("Произошла ошибка при выполнении пользовательского кода", false) == true): null

03-12-2024T02:52:32 - [MESSAGE][PASSED] - Text 'Произошла ошибка при выполнении пользовательского кода' is not present on page

03-12-2024T02:52:32 - [TEST_STEP][PASSED] - if (verifyTextNotPresent("У виджета нет данных", false) == true): null

03-12-2024T02:52:32 - [MESSAGE][PASSED] - Text 'У виджета нет данных' is not present on page

03-12-2024T02:52:32 - [TEST_STEP][PASSED] - if (verifyTextNotPresent("У виджета нет данных", false) == true): Text 'У виджета нет данных' is not present on page

03-12-2024T02:52:33 - [MESSAGE][PASSED] - Text 'У виджета нет данных' is not present on page

03-12-2024T02:52:33 - [TEST_STEP][PASSED] - click(findTestObject("Выручка по ДЗО/Фильтр Выручка")): Object: 'Object Repository/Выручка по ДЗО/Фильтр Выручка' is clicked on

03-12-2024T02:52:33 - [MESSAGE][PASSED] - Object: 'Object Repository/Выручка по ДЗО/Фильтр Выручка' is clicked on

03-12-2024T02:52:33 - [TEST_STEP][PASSED] - click(findTestObject("Выручка по ДЗО/Снять выделение в фильтре Выручка")): Object: 'Object Repository/Выручка по ДЗО/Снять выделение в фильтре Выручка' is clicked on

03-12-2024T02:52:33 - [MESSAGE][PASSED] - Object: 'Object Repository/Выручка по ДЗО/Снять выделение в фильтре Выручка' is clicked on

03-12-2024T02:52:33 - [TEST_STEP][PASSED] - click(findTestObject("Выручка по ДЗО/По передаче в фильтре Выручка")): Object: 'Object Repository/Выручка по ДЗО/По передаче в фильтре Выручка' is clicked on

03-12-2024T02:52:34 - [MESSAGE][PASSED] - Object: 'Object Repository/Выручка по ДЗО/По передаче в фильтре Выручка' is clicked on

03-12-2024T02:52:34 - [TEST_STEP][PASSED] - click(findTestObject("Выручка по ДЗО/Применить в фильтре Выручка")): Object: 'Object Repository/Выручка по ДЗО/Применить в фильтре Выручка' is clicked on

03-12-2024T02:52:34 - [MESSAGE][PASSED] - Object: 'Object Repository/Выручка по ДЗО/Применить в фильтре Выручка' is clicked on

03-12-2024T02:52:34 - [TEST_STEP][PASSED] - Script1687405711779.Test(todaysDate): null

03-12-2024T02:52:34 - [TEST_STEP][PASSED] - if (verifyTextNotPresent("нет данных", false) == true): null

03-12-2024T02:52:38 - [MESSAGE][PASSED] - Text 'нет данных' is not present on page

03-12-2024T02:52:38 - [TEST_STEP][PASSED] - if (verifyTextNotPresent("Ошибка запроса данных", false) == true): null

03-12-2024T02:52:39 - [MESSAGE][PASSED] - Text 'Ошибка запроса данных' is not present on page

03-12-2024T02:52:39 - [TEST_STEP][PASSED] - if (verifyTextNotPresent("Произошла ошибка при выполнении пользовательского кода", false) == true): null

03-12-2024T02:52:39 - [MESSAGE][PASSED] - Text 'Произошла ошибка при выполнении пользовательского кода' is not present on page

03-12-2024T02:52:39 - [TEST_STEP][PASSED] - if (verifyTextNotPresent("У виджета нет данных", false) == true): null

03-12-2024T02:52:40 - [MESSAGE][PASSED] - Text 'У виджета нет данных' is not present on page

03-12-2024T02:52:40 - [TEST_STEP][PASSED] - if (verifyTextNotPresent("У виджета нет данных", false) == true): Text 'У виджета нет данных' is not present on page

03-12-2024T02:52:40 - [MESSAGE][PASSED] - Text 'У виджета нет данных' is not present on page

03-12-2024T02:52:40 - [TEST_STEP][PASSED] - click(findTestObject("Выручка по ДЗО/Фильтр Выручка")): Object: 'Object Repository/Выручка по ДЗО/Фильтр Выручка' is clicked on

03-12-2024T02:52:40 - [MESSAGE][PASSED] - Object: 'Object Repository/Выручка по ДЗО/Фильтр Выручка' is clicked on

03-12-2024T02:52:40 - [TEST_STEP][PASSED] - click(findTestObject("Выручка по ДЗО/Снять выделение в фильтре Выручка")): Object: 'Object Repository/Выручка по ДЗО/Снять выделение в фильтре Выручка' is clicked on

03-12-2024T02:52:41 - [MESSAGE][PASSED] - Object: 'Object Repository/Выручка по ДЗО/Снять выделение в фильтре Выручка' is clicked on

03-12-2024T02:52:41 - [TEST_STEP][PASSED] - click(findTestObject("Выручка по ДЗО/Применить в фильтре Выручка")): Object: 'Object Repository/Выручка по ДЗО/Применить в фильтре Выручка' is clicked on

03-12-2024T02:52:41 - [MESSAGE][PASSED] - Object: 'Object Repository/Выручка по ДЗО/Применить в фильтре Выручка' is clicked on

03-12-2024T02:52:41 - [TEST_STEP][PASSED] - click(findTestObject("Выручка по ДЗО/Фильтр ДЗО")): Object: 'Object Repository/Выручка по ДЗО/Фильтр ДЗО' is clicked on

03-12-2024T02:52:43 - [MESSAGE][PASSED] - Object: 'Object Repository/Выручка по ДЗО/Фильтр ДЗО' is clicked on

03-12-2024T02:52:43 - [TEST_STEP][PASSED] - click(findTestObject("Выручка по ДЗО/Снять выделение в фильтре ДЗО")): Object: 'Object Repository/Выручка по ДЗО/Снять выделение в фильтре ДЗО' is clicked on

03-12-2024T02:52:43 - [MESSAGE][PASSED] - Object: 'Object Repository/Выручка по ДЗО/Снять выделение в фильтре ДЗО' is clicked on

03-12-2024T02:52:43 - [TEST_STEP][PASSED] - scrollToElement(findTestObject("Общие объекты/Карачаево-Черкесскэнерго"), 30): Scroll to object 'Object Repository/Общие объекты/Карачаево-Черкесскэнерго' successfully

03-12-2024T02:52:44 - [MESSAGE][PASSED] - Scroll to object 'Object Repository/Общие объекты/Карачаево-Черкесскэнерго' successfully

03-12-2024T02:52:44 - [TEST_STEP][PASSED] - click(findTestObject("Общие объекты/Карачаево-Черкесскэнерго"), CONTINUE_ON_FAILURE): Object: 'Object Repository/Общие объекты/Карачаево-Черкесскэнерго' is clicked on

03-12-2024T02:52:44 - [MESSAGE][PASSED] - Object: 'Object Repository/Общие объекты/Карачаево-Черкесскэнерго' is clicked on

03-12-2024T02:52:44 - [TEST_STEP][PASSED] - Script1687405711779.Change(todaysDate): null

03-12-2024T02:52:44 - [TEST_STEP][PASSED] - scrollToElement(findTestObject("Выручка по ДЗО/Заголовок дашборда"), 30): Scroll to object 'Object Repository/Выручка по ДЗО/Заголовок дашборда' successfully

03-12-2024T02:52:45 - [MESSAGE][PASSED] - Scroll to object 'Object Repository/Выручка по ДЗО/Заголовок дашборда' successfully

03-12-2024T02:52:45 - [TEST_STEP][PASSED] - click(findTestObject("Выручка по ДЗО/Применить в фильтре ДЗО")): Object: 'Object Repository/Выручка по ДЗО/Применить в фильтре ДЗО' is clicked on

03-12-2024T02:52:45 - [MESSAGE][PASSED] - Object: 'Object Repository/Выручка по ДЗО/Применить в фильтре ДЗО' is clicked on

03-12-2024T02:52:45 - [TEST_STEP][PASSED] - Script1687405711779.Tumbler(todaysDate): null

03-12-2024T02:52:45 - [TEST_STEP][PASSED] - Script1687405711779.Test(todaysDate): null

03-12-2024T02:52:45 - [TEST_STEP][PASSED] - if (verifyTextNotPresent("нет данных", false) == true): null

03-12-2024T02:52:48 - [MESSAGE][PASSED] - Text 'нет данных' is not present on page

03-12-2024T02:52:48 - [TEST_STEP][PASSED] - if (verifyTextNotPresent("Ошибка запроса данных", false) == true): null

03-12-2024T02:52:49 - [MESSAGE][PASSED] - Text 'Ошибка запроса данных' is not present on page

03-12-2024T02:52:49 - [TEST_STEP][PASSED] - if (verifyTextNotPresent("Произошла ошибка при выполнении пользовательского кода", false) == true): null

03-12-2024T02:52:50 - [MESSAGE][PASSED] - Text 'Произошла ошибка при выполнении пользовательского кода' is not present on page

03-12-2024T02:52:50 - [TEST_STEP][PASSED] - if (verifyTextNotPresent("У виджета нет данных", false) == true): null

03-12-2024T02:52:50 - [MESSAGE][PASSED] - Text 'У виджета нет данных' is not present on page

03-12-2024T02:52:50 - [TEST_STEP][PASSED] - if (verifyTextNotPresent("У виджета нет данных", false) == true): Text 'У виджета нет данных' is not present on page

03-12-2024T02:52:51 - [MESSAGE][PASSED] - Text 'У виджета нет данных' is not present on page

03-12-2024T02:52:51 - [TEST_STEP][PASSED] - click(findTestObject("Выручка по ДЗО/Фильтр Выручка")): Object: 'Object Repository/Выручка по ДЗО/Фильтр Выручка' is clicked on

03-12-2024T02:52:51 - [MESSAGE][PASSED] - Object: 'Object Repository/Выручка по ДЗО/Фильтр Выручка' is clicked on

03-12-2024T02:52:51 - [TEST_STEP][PASSED] - click(findTestObject("Выручка по ДЗО/Внутренний оборот в фильтре Выручка")): Object: 'Object Repository/Выручка по ДЗО/Внутренний оборот в фильтре Выручка' is clicked on

03-12-2024T02:52:51 - [MESSAGE][PASSED] - Object: 'Object Repository/Выручка по ДЗО/Внутренний оборот в фильтре Выручка' is clicked on

03-12-2024T02:52:51 - [TEST_STEP][PASSED] - click(findTestObject("Выручка по ДЗО/Применить в фильтре Выручка")): Object: 'Object Repository/Выручка по ДЗО/Применить в фильтре Выручка' is clicked on

03-12-2024T02:52:52 - [MESSAGE][PASSED] - Object: 'Object Repository/Выручка по ДЗО/Применить в фильтре Выручка' is clicked on

03-12-2024T02:52:52 - [TEST_STEP][PASSED] - Script1687405711779.Test(todaysDate): null

03-12-2024T02:52:52 - [TEST_STEP][PASSED] - if (verifyTextNotPresent("нет данных", false) == true): null

03-12-2024T02:52:54 - [MESSAGE][PASSED] - Text 'нет данных' is not present on page

03-12-2024T02:52:54 - [TEST_STEP][PASSED] - if (verifyTextNotPresent("Ошибка запроса данных", false) == true): null

03-12-2024T02:52:55 - [MESSAGE][PASSED] - Text 'Ошибка запроса данных' is not present on page

03-12-2024T02:52:55 - [TEST_STEP][PASSED] - if (verifyTextNotPresent("Произошла ошибка при выполнении пользовательского кода", false) == true): null

03-12-2024T02:52:55 - [MESSAGE][PASSED] - Text 'Произошла ошибка при выполнении пользовательского кода' is not present on page

03-12-2024T02:52:55 - [TEST_STEP][PASSED] - if (verifyTextNotPresent("У виджета нет данных", false) == true): null

03-12-2024T02:52:56 - [MESSAGE][PASSED] - Text 'У виджета нет данных' is not present on page

03-12-2024T02:52:56 - [TEST_STEP][PASSED] - if (verifyTextNotPresent("У виджета нет данных", false) == true): Text 'У виджета нет данных' is not present on page

03-12-2024T02:52:56 - [MESSAGE][PASSED] - Text 'У виджета нет данных' is not present on page

03-12-2024T02:52:56 - [TEST_STEP][PASSED] - click(findTestObject("Выручка по ДЗО/Фильтр Выручка")): Object: 'Object Repository/Выручка по ДЗО/Фильтр Выручка' is clicked on

03-12-2024T02:52:57 - [MESSAGE][PASSED] - Object: 'Object Repository/Выручка по ДЗО/Фильтр Выручка' is clicked on

03-12-2024T02:52:57 - [TEST_STEP][PASSED] - click(findTestObject("Выручка по ДЗО/По передаче в фильтре Выручка")): Object: 'Object Repository/Выручка по ДЗО/По передаче в фильтре Выручка' is clicked on

03-12-2024T02:52:57 - [MESSAGE][PASSED] - Object: 'Object Repository/Выручка по ДЗО/По передаче в фильтре Выручка' is clicked on

03-12-2024T02:52:57 - [TEST_STEP][PASSED] - click(findTestObject("Выручка по ДЗО/Применить в фильтре Выручка")): Object: 'Object Repository/Выручка по ДЗО/Применить в фильтре Выручка' is clicked on

03-12-2024T02:52:58 - [MESSAGE][PASSED] - Object: 'Object Repository/Выручка по ДЗО/Применить в фильтре Выручка' is clicked on

03-12-2024T02:52:58 - [TEST_STEP][PASSED] - Script1687405711779.Test(todaysDate): null

03-12-2024T02:52:58 - [TEST_STEP][PASSED] - if (verifyTextNotPresent("нет данных", false) == true): null

03-12-2024T02:53:01 - [MESSAGE][PASSED] - Text 'нет данных' is not present on page

03-12-2024T02:53:01 - [TEST_STEP][PASSED] - if (verifyTextNotPresent("Ошибка запроса данных", false) == true): null

03-12-2024T02:53:01 - [MESSAGE][PASSED] - Text 'Ошибка запроса данных' is not present on page

03-12-2024T02:53:01 - [TEST_STEP][PASSED] - if (verifyTextNotPresent("Произошла ошибка при выполнении пользовательского кода", false) == true): null

03-12-2024T02:53:02 - [MESSAGE][PASSED] - Text 'Произошла ошибка при выполнении пользовательского кода' is not present on page

03-12-2024T02:53:02 - [TEST_STEP][PASSED] - if (verifyTextNotPresent("У виджета нет данных", false) == true): null

03-12-2024T02:53:02 - [MESSAGE][PASSED] - Text 'У виджета нет данных' is not present on page

03-12-2024T02:53:02 - [TEST_STEP][PASSED] - if (verifyTextNotPresent("У виджета нет данных", false) == true): Text 'У виджета нет данных' is not present on page

03-12-2024T02:53:03 - [MESSAGE][PASSED] - Text 'У виджета нет данных' is not present on page

03-12-2024T02:53:03 - [TEST_STEP][PASSED] - click(findTestObject("Выручка по ДЗО/Фильтр Выручка")): Object: 'Object Repository/Выручка по ДЗО/Фильтр Выручка' is clicked on

03-12-2024T02:53:03 - [MESSAGE][PASSED] - Object: 'Object Repository/Выручка по ДЗО/Фильтр Выручка' is clicked on

03-12-2024T02:53:03 - [TEST_STEP][PASSED] - click(findTestObject("Выручка по ДЗО/Снять выделение в фильтре Выручка")): Object: 'Object Repository/Выручка по ДЗО/Снять выделение в фильтре Выручка' is clicked on

03-12-2024T02:53:04 - [MESSAGE][PASSED] - Object: 'Object Repository/Выручка по ДЗО/Снять выделение в фильтре Выручка' is clicked on

03-12-2024T02:53:04 - [TEST_STEP][PASSED] - click(findTestObject("Выручка по ДЗО/По передаче в фильтре Выручка")): Object: 'Object Repository/Выручка по ДЗО/По передаче в фильтре Выручка' is clicked on

03-12-2024T02:53:04 - [MESSAGE][PASSED] - Object: 'Object Repository/Выручка по ДЗО/По передаче в фильтре Выручка' is clicked on

03-12-2024T02:53:04 - [TEST_STEP][PASSED] - click(findTestObject("Выручка по ДЗО/Применить в фильтре Выручка")): Object: 'Object Repository/Выручка по ДЗО/Применить в фильтре Выручка' is clicked on

03-12-2024T02:53:05 - [MESSAGE][PASSED] - Object: 'Object Repository/Выручка по ДЗО/Применить в фильтре Выручка' is clicked on

03-12-2024T02:53:05 - [TEST_STEP][PASSED] - Script1687405711779.Test(todaysDate): null

03-12-2024T02:53:05 - [TEST_STEP][PASSED] - if (verifyTextNotPresent("нет данных", false) == true): null

03-12-2024T02:53:07 - [MESSAGE][PASSED] - Text 'нет данных' is not present on page

03-12-2024T02:53:07 - [TEST_STEP][PASSED] - if (verifyTextNotPresent("Ошибка запроса данных", false) == true): null

03-12-2024T02:53:07 - [MESSAGE][PASSED] - Text 'Ошибка запроса данных' is not present on page

03-12-2024T02:53:07 - [TEST_STEP][PASSED] - if (verifyTextNotPresent("Произошла ошибка при выполнении пользовательского кода", false) == true): null

03-12-2024T02:53:08 - [MESSAGE][PASSED] - Text 'Произошла ошибка при выполнении пользовательского кода' is not present on page

03-12-2024T02:53:08 - [TEST_STEP][PASSED] - if (verifyTextNotPresent("У виджета нет данных", false) == true): null

03-12-2024T02:53:08 - [MESSAGE][PASSED] - Text 'У виджета нет данных' is not present on page

03-12-2024T02:53:08 - [TEST_STEP][PASSED] - if (verifyTextNotPresent("У виджета нет данных", false) == true): Text 'У виджета нет данных' is not present on page

03-12-2024T02:53:09 - [MESSAGE][PASSED] - Text 'У виджета нет данных' is not present on page

03-12-2024T02:53:09 - [TEST_STEP][PASSED] - click(findTestObject("Выручка по ДЗО/Фильтр Выручка")): Object: 'Object Repository/Выручка по ДЗО/Фильтр Выручка' is clicked on

03-12-2024T02:53:09 - [MESSAGE][PASSED] - Object: 'Object Repository/Выручка по ДЗО/Фильтр Выручка' is clicked on

03-12-2024T02:53:09 - [TEST_STEP][PASSED] - click(findTestObject("Выручка по ДЗО/Снять выделение в фильтре Выручка")): Object: 'Object Repository/Выручка по ДЗО/Снять выделение в фильтре Выручка' is clicked on

03-12-2024T02:53:10 - [MESSAGE][PASSED] - Object: 'Object Repository/Выручка по ДЗО/Снять выделение в фильтре Выручка' is clicked on

03-12-2024T02:53:10 - [TEST_STEP][PASSED] - click(findTestObject("Выручка по ДЗО/Применить в фильтре Выручка")): Object: 'Object Repository/Выручка по ДЗО/Применить в фильтре Выручка' is clicked on

03-12-2024T02:53:10 - [MESSAGE][PASSED] - Object: 'Object Repository/Выручка по ДЗО/Применить в фильтре Выручка' is clicked on

03-12-2024T02:53:10 - [TEST_STEP][PASSED] - click(findTestObject("Выручка по ДЗО/Фильтр ДЗО")): Object: 'Object Repository/Выручка по ДЗО/Фильтр ДЗО' is clicked on

03-12-2024T02:53:12 - [MESSAGE][PASSED] - Object: 'Object Repository/Выручка по ДЗО/Фильтр ДЗО' is clicked on

03-12-2024T02:53:12 - [TEST_STEP][PASSED] - click(findTestObject("Выручка по ДЗО/Снять выделение в фильтре ДЗО")): Object: 'Object Repository/Выручка по ДЗО/Снять выделение в фильтре ДЗО' is clicked on

03-12-2024T02:53:13 - [MESSAGE][PASSED] - Object: 'Object Repository/Выручка по ДЗО/Снять выделение в фильтре ДЗО' is clicked on

03-12-2024T02:53:13 - [TEST_STEP][PASSED] - scrollToElement(findTestObject("Общие объекты/Севкавказэнерго"), 30): Scroll to object 'Object Repository/Общие объекты/Севкавказэнерго' successfully

03-12-2024T02:53:13 - [MESSAGE][PASSED] - Scroll to object 'Object Repository/Общие объекты/Севкавказэнерго' successfully

03-12-2024T02:53:13 - [TEST_STEP][PASSED] - click(findTestObject("Общие объекты/Севкавказэнерго"), CONTINUE_ON_FAILURE): Object: 'Object Repository/Общие объекты/Севкавказэнерго' is clicked on

03-12-2024T02:53:13 - [MESSAGE][PASSED] - Object: 'Object Repository/Общие объекты/Севкавказэнерго' is clicked on

03-12-2024T02:53:13 - [TEST_STEP][PASSED] - Script1687405711779.Change(todaysDate): null

03-12-2024T02:53:13 - [TEST_STEP][PASSED] - scrollToElement(findTestObject("Выручка по ДЗО/Заголовок дашборда"), 30): Scroll to object 'Object Repository/Выручка по ДЗО/Заголовок дашборда' successfully

03-12-2024T02:53:14 - [MESSAGE][PASSED] - Scroll to object 'Object Repository/Выручка по ДЗО/Заголовок дашборда' successfully

03-12-2024T02:53:14 - [TEST_STEP][PASSED] - click(findTestObject("Выручка по ДЗО/Применить в фильтре ДЗО")): Object: 'Object Repository/Выручка по ДЗО/Применить в фильтре ДЗО' is clicked on

03-12-2024T02:53:15 - [MESSAGE][PASSED] - Object: 'Object Repository/Выручка по ДЗО/Применить в фильтре ДЗО' is clicked on

03-12-2024T02:53:15 - [TEST_STEP][PASSED] - Script1687405711779.Tumbler(todaysDate): null

03-12-2024T02:53:15 - [TEST_STEP][PASSED] - Script1687405711779.Test(todaysDate): null

03-12-2024T02:53:15 - [TEST_STEP][PASSED] - if (verifyTextNotPresent("нет данных", false) == true): null

03-12-2024T02:53:18 - [MESSAGE][PASSED] - Text 'нет данных' is not present on page

03-12-2024T02:53:18 - [TEST_STEP][PASSED] - if (verifyTextNotPresent("Ошибка запроса данных", false) == true): null

03-12-2024T02:53:19 - [MESSAGE][PASSED] - Text 'Ошибка запроса данных' is not present on page

03-12-2024T02:53:19 - [TEST_STEP][PASSED] - if (verifyTextNotPresent("Произошла ошибка при выполнении пользовательского кода", false) == true): null

03-12-2024T02:53:19 - [MESSAGE][PASSED] - Text 'Произошла ошибка при выполнении пользовательского кода' is not present on page

03-12-2024T02:53:19 - [TEST_STEP][PASSED] - if (verifyTextNotPresent("У виджета нет данных", false) == true): null

03-12-2024T02:53:20 - [MESSAGE][PASSED] - Text 'У виджета нет данных' is not present on page

03-12-2024T02:53:20 - [TEST_STEP][PASSED] - if (verifyTextNotPresent("У виджета нет данных", false) == true): Text 'У виджета нет данных' is not present on page

03-12-2024T02:53:20 - [MESSAGE][PASSED] - Text 'У виджета нет данных' is not present on page

03-12-2024T02:53:20 - [TEST_STEP][PASSED] - click(findTestObject("Выручка по ДЗО/Фильтр Выручка")): Object: 'Object Repository/Выручка по ДЗО/Фильтр Выручка' is clicked on

03-12-2024T02:53:21 - [MESSAGE][PASSED] - Object: 'Object Repository/Выручка по ДЗО/Фильтр Выручка' is clicked on

03-12-2024T02:53:21 - [TEST_STEP][PASSED] - click(findTestObject("Выручка по ДЗО/Внутренний оборот в фильтре Выручка")): Object: 'Object Repository/Выручка по ДЗО/Внутренний оборот в фильтре Выручка' is clicked on

03-12-2024T02:53:21 - [MESSAGE][PASSED] - Object: 'Object Repository/Выручка по ДЗО/Внутренний оборот в фильтре Выручка' is clicked on

03-12-2024T02:53:21 - [TEST_STEP][PASSED] - click(findTestObject("Выручка по ДЗО/Применить в фильтре Выручка")): Object: 'Object Repository/Выручка по ДЗО/Применить в фильтре Выручка' is clicked on

03-12-2024T02:53:22 - [MESSAGE][PASSED] - Object: 'Object Repository/Выручка по ДЗО/Применить в фильтре Выручка' is clicked on

03-12-2024T02:53:22 - [TEST_STEP][PASSED] - Script1687405711779.Test(todaysDate): null

03-12-2024T02:53:22 - [TEST_STEP][PASSED] - if (verifyTextNotPresent("нет данных", false) == true): null

03-12-2024T02:53:24 - [MESSAGE][PASSED] - Text 'нет данных' is not present on page

03-12-2024T02:53:24 - [TEST_STEP][PASSED] - if (verifyTextNotPresent("Ошибка запроса данных", false) == true): null

03-12-2024T02:53:24 - [MESSAGE][PASSED] - Text 'Ошибка запроса данных' is not present on page

03-12-2024T02:53:24 - [TEST_STEP][PASSED] - if (verifyTextNotPresent("Произошла ошибка при выполнении пользовательского кода", false) == true): null

03-12-2024T02:53:25 - [MESSAGE][PASSED] - Text 'Произошла ошибка при выполнении пользовательского кода' is not present on page

03-12-2024T02:53:25 - [TEST_STEP][PASSED] - if (verifyTextNotPresent("У виджета нет данных", false) == true): null

03-12-2024T02:53:25 - [MESSAGE][PASSED] - Text 'У виджета нет данных' is not present on page

03-12-2024T02:53:25 - [TEST_STEP][PASSED] - if (verifyTextNotPresent("У виджета нет данных", false) == true): Text 'У виджета нет данных' is not present on page

03-12-2024T02:53:26 - [MESSAGE][PASSED] - Text 'У виджета нет данных' is not present on page

03-12-2024T02:53:26 - [TEST_STEP][PASSED] - click(findTestObject("Выручка по ДЗО/Фильтр Выручка")): Object: 'Object Repository/Выручка по ДЗО/Фильтр Выручка' is clicked on

03-12-2024T02:53:26 - [MESSAGE][PASSED] - Object: 'Object Repository/Выручка по ДЗО/Фильтр Выручка' is clicked on

03-12-2024T02:53:26 - [TEST_STEP][PASSED] - click(findTestObject("Выручка по ДЗО/По передаче в фильтре Выручка")): Object: 'Object Repository/Выручка по ДЗО/По передаче в фильтре Выручка' is clicked on

03-12-2024T02:53:27 - [MESSAGE][PASSED] - Object: 'Object Repository/Выручка по ДЗО/По передаче в фильтре Выручка' is clicked on

03-12-2024T02:53:27 - [TEST_STEP][PASSED] - click(findTestObject("Выручка по ДЗО/Применить в фильтре Выручка")): Object: 'Object Repository/Выручка по ДЗО/Применить в фильтре Выручка' is clicked on

03-12-2024T02:53:27 - [MESSAGE][PASSED] - Object: 'Object Repository/Выручка по ДЗО/Применить в фильтре Выручка' is clicked on

03-12-2024T02:53:27 - [TEST_STEP][PASSED] - Script1687405711779.Test(todaysDate): null

03-12-2024T02:53:27 - [TEST_STEP][PASSED] - if (verifyTextNotPresent("нет данных", false) == true): null

03-12-2024T02:53:29 - [MESSAGE][PASSED] - Text 'нет данных' is not present on page

03-12-2024T02:53:29 - [TEST_STEP][PASSED] - if (verifyTextNotPresent("Ошибка запроса данных", false) == true): null

03-12-2024T02:53:30 - [MESSAGE][PASSED] - Text 'Ошибка запроса данных' is not present on page

03-12-2024T02:53:30 - [TEST_STEP][PASSED] - if (verifyTextNotPresent("Произошла ошибка при выполнении пользовательского кода", false) == true): null

03-12-2024T02:53:30 - [MESSAGE][PASSED] - Text 'Произошла ошибка при выполнении пользовательского кода' is not present on page

03-12-2024T02:53:30 - [TEST_STEP][PASSED] - if (verifyTextNotPresent("У виджета нет данных", false) == true): null

03-12-2024T02:53:31 - [MESSAGE][PASSED] - Text 'У виджета нет данных' is not present on page

03-12-2024T02:53:31 - [TEST_STEP][PASSED] - if (verifyTextNotPresent("У виджета нет данных", false) == true): Text 'У виджета нет данных' is not present on page

03-12-2024T02:53:31 - [MESSAGE][PASSED] - Text 'У виджета нет данных' is not present on page

03-12-2024T02:53:31 - [TEST_STEP][PASSED] - click(findTestObject("Выручка по ДЗО/Фильтр Выручка")): Object: 'Object Repository/Выручка по ДЗО/Фильтр Выручка' is clicked on

03-12-2024T02:53:32 - [MESSAGE][PASSED] - Object: 'Object Repository/Выручка по ДЗО/Фильтр Выручка' is clicked on

03-12-2024T02:53:32 - [TEST_STEP][PASSED] - click(findTestObject("Выручка по ДЗО/Снять выделение в фильтре Выручка")): Object: 'Object Repository/Выручка по ДЗО/Снять выделение в фильтре Выручка' is clicked on

03-12-2024T02:53:32 - [MESSAGE][PASSED] - Object: 'Object Repository/Выручка по ДЗО/Снять выделение в фильтре Выручка' is clicked on

03-12-2024T02:53:32 - [TEST_STEP][PASSED] - click(findTestObject("Выручка по ДЗО/По передаче в фильтре Выручка")): Object: 'Object Repository/Выручка по ДЗО/По передаче в фильтре Выручка' is clicked on

03-12-2024T02:53:33 - [MESSAGE][PASSED] - Object: 'Object Repository/Выручка по ДЗО/По передаче в фильтре Выручка' is clicked on

03-12-2024T02:53:33 - [TEST_STEP][PASSED] - click(findTestObject("Выручка по ДЗО/Применить в фильтре Выручка")): Object: 'Object Repository/Выручка по ДЗО/Применить в фильтре Выручка' is clicked on

03-12-2024T02:53:33 - [MESSAGE][PASSED] - Object: 'Object Repository/Выручка по ДЗО/Применить в фильтре Выручка' is clicked on

03-12-2024T02:53:33 - [TEST_STEP][PASSED] - Script1687405711779.Test(todaysDate): null

03-12-2024T02:53:33 - [TEST_STEP][PASSED] - if (verifyTextNotPresent("нет данных", false) == true): null

03-12-2024T02:53:36 - [MESSAGE][PASSED] - Text 'нет данных' is not present on page

03-12-2024T02:53:36 - [TEST_STEP][PASSED] - if (verifyTextNotPresent("Ошибка запроса данных", false) == true): null

03-12-2024T02:53:36 - [MESSAGE][PASSED] - Text 'Ошибка запроса данных' is not present on page

03-12-2024T02:53:36 - [TEST_STEP][PASSED] - if (verifyTextNotPresent("Произошла ошибка при выполнении пользовательского кода", false) == true): null

03-12-2024T02:53:37 - [MESSAGE][PASSED] - Text 'Произошла ошибка при выполнении пользовательского кода' is not present on page

03-12-2024T02:53:37 - [TEST_STEP][PASSED] - if (verifyTextNotPresent("У виджета нет данных", false) == true): null

03-12-2024T02:53:37 - [MESSAGE][PASSED] - Text 'У виджета нет данных' is not present on page

03-12-2024T02:53:37 - [TEST_STEP][PASSED] - if (verifyTextNotPresent("У виджета нет данных", false) == true): Text 'У виджета нет данных' is not present on page

03-12-2024T02:53:38 - [MESSAGE][PASSED] - Text 'У виджета нет данных' is not present on page

03-12-2024T02:53:38 - [TEST_STEP][PASSED] - click(findTestObject("Выручка по ДЗО/Фильтр Выручка")): Object: 'Object Repository/Выручка по ДЗО/Фильтр Выручка' is clicked on

03-12-2024T02:53:38 - [MESSAGE][PASSED] - Object: 'Object Repository/Выручка по ДЗО/Фильтр Выручка' is clicked on

03-12-2024T02:53:38 - [TEST_STEP][PASSED] - click(findTestObject("Выручка по ДЗО/Снять выделение в фильтре Выручка")): Object: 'Object Repository/Выручка по ДЗО/Снять выделение в фильтре Выручка' is clicked on

03-12-2024T02:53:39 - [MESSAGE][PASSED] - Object: 'Object Repository/Выручка по ДЗО/Снять выделение в фильтре Выручка' is clicked on

03-12-2024T02:53:39 - [TEST_STEP][PASSED] - click(findTestObject("Выручка по ДЗО/Применить в фильтре Выручка")): Object: 'Object Repository/Выручка по ДЗО/Применить в фильтре Выручка' is clicked on

03-12-2024T02:53:39 - [MESSAGE][PASSED] - Object: 'Object Repository/Выручка по ДЗО/Применить в фильтре Выручка' is clicked on

03-12-2024T02:53:39 - [TEST_STEP][PASSED] - click(findTestObject("Выручка по ДЗО/Фильтр ДЗО")): Object: 'Object Repository/Выручка по ДЗО/Фильтр ДЗО' is clicked on

03-12-2024T02:53:41 - [MESSAGE][PASSED] - Object: 'Object Repository/Выручка по ДЗО/Фильтр ДЗО' is clicked on

03-12-2024T02:53:41 - [TEST_STEP][PASSED] - click(findTestObject("Выручка по ДЗО/Снять выделение в фильтре ДЗО")): Object: 'Object Repository/Выручка по ДЗО/Снять выделение в фильтре ДЗО' is clicked on

03-12-2024T02:53:42 - [MESSAGE][PASSED] - Object: 'Object Repository/Выручка по ДЗО/Снять выделение в фильтре ДЗО' is clicked on

03-12-2024T02:53:42 - [TEST_STEP][PASSED] - scrollToElement(findTestObject("Общие объекты/Ставропольэнерго"), 30): Scroll to object 'Object Repository/Общие объекты/Ставропольэнерго' successfully

03-12-2024T02:53:42 - [MESSAGE][PASSED] - Scroll to object 'Object Repository/Общие объекты/Ставропольэнерго' successfully

03-12-2024T02:53:42 - [TEST_STEP][PASSED] - click(findTestObject("Общие объекты/Ставропольэнерго"), CONTINUE_ON_FAILURE): Object: 'Object Repository/Общие объекты/Ставропольэнерго' is clicked on

03-12-2024T02:53:42 - [MESSAGE][PASSED] - Object: 'Object Repository/Общие объекты/Ставропольэнерго' is clicked on

03-12-2024T02:53:42 - [TEST_STEP][PASSED] - Script1687405711779.Change(todaysDate): null

03-12-2024T02:53:42 - [TEST_STEP][PASSED] - scrollToElement(findTestObject("Выручка по ДЗО/Заголовок дашборда"), 30): Scroll to object 'Object Repository/Выручка по ДЗО/Заголовок дашборда' successfully

03-12-2024T02:53:43 - [MESSAGE][PASSED] - Scroll to object 'Object Repository/Выручка по ДЗО/Заголовок дашборда' successfully

03-12-2024T02:53:43 - [TEST_STEP][PASSED] - click(findTestObject("Выручка по ДЗО/Применить в фильтре ДЗО")): Object: 'Object Repository/Выручка по ДЗО/Применить в фильтре ДЗО' is clicked on

03-12-2024T02:53:43 - [MESSAGE][PASSED] - Object: 'Object Repository/Выручка по ДЗО/Применить в фильтре ДЗО' is clicked on

03-12-2024T02:53:43 - [TEST_STEP][PASSED] - Script1687405711779.Tumbler(todaysDate): null

03-12-2024T02:53:43 - [TEST_STEP][PASSED] - Script1687405711779.Test(todaysDate): null

03-12-2024T02:53:43 - [TEST_STEP][PASSED] - if (verifyTextNotPresent("нет данных", false) == true): null

03-12-2024T02:53:47 - [MESSAGE][PASSED] - Text 'нет данных' is not present on page

03-12-2024T02:53:47 - [TEST_STEP][PASSED] - if (verifyTextNotPresent("Ошибка запроса данных", false) == true): null

03-12-2024T02:53:48 - [MESSAGE][PASSED] - Text 'Ошибка запроса данных' is not present on page

03-12-2024T02:53:48 - [TEST_STEP][PASSED] - if (verifyTextNotPresent("Произошла ошибка при выполнении пользовательского кода", false) == true): null

03-12-2024T02:53:48 - [MESSAGE][PASSED] - Text 'Произошла ошибка при выполнении пользовательского кода' is not present on page

03-12-2024T02:53:48 - [TEST_STEP][PASSED] - if (verifyTextNotPresent("У виджета нет данных", false) == true): null

03-12-2024T02:53:49 - [MESSAGE][PASSED] - Text 'У виджета нет данных' is not present on page

03-12-2024T02:53:49 - [TEST_STEP][PASSED] - if (verifyTextNotPresent("У виджета нет данных", false) == true): Text 'У виджета нет данных' is not present on page

03-12-2024T02:53:49 - [MESSAGE][PASSED] - Text 'У виджета нет данных' is not present on page

03-12-2024T02:53:49 - [TEST_STEP][PASSED] - click(findTestObject("Выручка по ДЗО/Фильтр Выручка")): Object: 'Object Repository/Выручка по ДЗО/Фильтр Выручка' is clicked on

03-12-2024T02:53:49 - [MESSAGE][PASSED] - Object: 'Object Repository/Выручка по ДЗО/Фильтр Выручка' is clicked on

03-12-2024T02:53:49 - [TEST_STEP][PASSED] - click(findTestObject("Выручка по ДЗО/Внутренний оборот в фильтре Выручка")): Object: 'Object Repository/Выручка по ДЗО/Внутренний оборот в фильтре Выручка' is clicked on

03-12-2024T02:53:50 - [MESSAGE][PASSED] - Object: 'Object Repository/Выручка по ДЗО/Внутренний оборот в фильтре Выручка' is clicked on

03-12-2024T02:53:50 - [TEST_STEP][PASSED] - click(findTestObject("Выручка по ДЗО/Применить в фильтре Выручка")): Object: 'Object Repository/Выручка по ДЗО/Применить в фильтре Выручка' is clicked on

03-12-2024T02:53:50 - [MESSAGE][PASSED] - Object: 'Object Repository/Выручка по ДЗО/Применить в фильтре Выручка' is clicked on

03-12-2024T02:53:50 - [TEST_STEP][PASSED] - Script1687405711779.Test(todaysDate): null

03-12-2024T02:53:50 - [TEST_STEP][FAILED] - if (verifyTextNotPresent("нет данных", false) == true): Text 'нет данных' is present on page  (Root cause: com.kms.katalon.core.exception.StepFailedException: Text 'нет данных' is present on page 
	at com.kms.katalon.core.webui.keyword.internal.WebUIKeywordMain.stepFailed(WebUIKeywordMain.groovy:64)
	at com.kms.katalon.core.webui.keyword.builtin.VerifyTextNotPresentKeyword$_verifyTextNotPresent_closure1.doCall(VerifyTextNotPresentKeyword.groovy:77)
	at com.kms.katalon.core.webui.keyword.builtin.VerifyTextNotPresentKeyword$_verifyTextNotPresent_closure1.call(VerifyTextNotPresentKeyword.groovy)
	at com.kms.katalon.core.webui.keyword.internal.WebUIKeywordMain.runKeyword(WebUIKeywordMain.groovy:20)
	at com.kms.katalon.core.webui.keyword.builtin.VerifyTextNotPresentKeyword.verifyTextNotPresent(VerifyTextNotPresentKeyword.groovy:82)
	at com.kms.katalon.core.webui.keyword.builtin.VerifyTextNotPresentKeyword.execute(VerifyTextNotPresentKeyword.groovy:68)
	at com.kms.katalon.core.keyword.internal.KeywordExecutor.executeKeywordForPlatform(KeywordExecutor.groovy:74)
	at com.kms.katalon.core.webui.keyword.WebUiBuiltInKeywords.verifyTextNotPresent(WebUiBuiltInKeywords.groovy:1795)
	at Выручка по ДЗО отображение данных все филиалы.Test(Выручка по ДЗО отображение данных все филиалы:782)
	at Выручка по ДЗО отображение данных все филиалы.Tumbler(Выручка по ДЗО отображение данных все филиалы:738)
	at Выручка по ДЗО отображение данных все филиалы.Change(Выручка по ДЗО отображение данных все филиалы:772)
	at Выручка по ДЗО отображение данных все филиалы.DzoTest(Выручка по ДЗО отображение данных все филиалы:346)
	at Выручка по ДЗО отображение данных все филиалы.run(Выручка по ДЗО отображение данных все филиалы:134)
	at com.kms.katalon.core.main.ScriptEngine.run(ScriptEngine.java:194)
	at com.kms.katalon.core.main.ScriptEngine.runScriptAsRawText(ScriptEngine.java:119)
	at com.kms.katalon.core.main.TestCaseExecutor.runScript(TestCaseExecutor.java:448)
	at com.kms.katalon.core.main.TestCaseExecutor.doExecute(TestCaseExecutor.java:439)
	at com.kms.katalon.core.main.TestCaseExecutor.processExecutionPhase(TestCaseExecutor.java:418)
	at com.kms.katalon.core.main.TestCaseExecutor.accessMainPhase(TestCaseExecutor.java:410)
	at com.kms.katalon.core.main.TestCaseExecutor.execute(TestCaseExecutor.java:285)
	at com.kms.katalon.core.common.CommonExecutor.accessTestCaseMainPhase(CommonExecutor.java:65)
	at com.kms.katalon.core.main.TestSuiteExecutor.accessTestSuiteMainPhase(TestSuiteExecutor.java:150)
	at com.kms.katalon.core.main.TestSuiteExecutor.execute(TestSuiteExecutor.java:106)
	at com.kms.katalon.core.main.TestCaseMain.startTestSuite(TestCaseMain.java:180)
	at TempTestSuite1733182698305.run(TempTestSuite1733182698305.groovy:35)
	at java.base/jdk.internal.reflect.NativeMethodAccessorImpl.invoke0(Native Method)
	at java.base/jdk.internal.reflect.NativeMethodAccessorImpl.invoke(NativeMethodAccessorImpl.java:77)
	at java.base/jdk.internal.reflect.DelegatingMethodAccessorImpl.invoke(DelegatingMethodAccessorImpl.java:43)
)

03-12-2024T02:53:52 - [MESSAGE][FAILED] - Text 'нет данных' is present on page  (Root cause: com.kms.katalon.core.exception.StepFailedException: Text 'нет данных' is present on page 
	at com.kms.katalon.core.webui.keyword.internal.WebUIKeywordMain.stepFailed(WebUIKeywordMain.groovy:64)
	at com.kms.katalon.core.webui.keyword.builtin.VerifyTextNotPresentKeyword$_verifyTextNotPresent_closure1.doCall(VerifyTextNotPresentKeyword.groovy:77)
	at com.kms.katalon.core.webui.keyword.builtin.VerifyTextNotPresentKeyword$_verifyTextNotPresent_closure1.call(VerifyTextNotPresentKeyword.groovy)
	at com.kms.katalon.core.webui.keyword.internal.WebUIKeywordMain.runKeyword(WebUIKeywordMain.groovy:20)
	at com.kms.katalon.core.webui.keyword.builtin.VerifyTextNotPresentKeyword.verifyTextNotPresent(VerifyTextNotPresentKeyword.groovy:82)
	at com.kms.katalon.core.webui.keyword.builtin.VerifyTextNotPresentKeyword.execute(VerifyTextNotPresentKeyword.groovy:68)
	at com.kms.katalon.core.keyword.internal.KeywordExecutor.executeKeywordForPlatform(KeywordExecutor.groovy:74)
	at com.kms.katalon.core.webui.keyword.WebUiBuiltInKeywords.verifyTextNotPresent(WebUiBuiltInKeywords.groovy:1795)
	at Выручка по ДЗО отображение данных все филиалы.Test(Выручка по ДЗО отображение данных все филиалы:782)
	at Выручка по ДЗО отображение данных все филиалы.Tumbler(Выручка по ДЗО отображение данных все филиалы:738)
	at Выручка по ДЗО отображение данных все филиалы.Change(Выручка по ДЗО отображение данных все филиалы:772)
	at Выручка по ДЗО отображение данных все филиалы.DzoTest(Выручка по ДЗО отображение данных все филиалы:346)
	at Выручка по ДЗО отображение данных все филиалы.run(Выручка по ДЗО отображение данных все филиалы:134)
	at com.kms.katalon.core.main.ScriptEngine.run(ScriptEngine.java:194)
	at com.kms.katalon.core.main.ScriptEngine.runScriptAsRawText(ScriptEngine.java:119)
	at com.kms.katalon.core.main.TestCaseExecutor.runScript(TestCaseExecutor.java:448)
	at com.kms.katalon.core.main.TestCaseExecutor.doExecute(TestCaseExecutor.java:439)
	at com.kms.katalon.core.main.TestCaseExecutor.processExecutionPhase(TestCaseExecutor.java:418)
	at com.kms.katalon.core.main.TestCaseExecutor.accessMainPhase(TestCaseExecutor.java:410)
	at com.kms.katalon.core.main.TestCaseExecutor.execute(TestCaseExecutor.java:285)
	at com.kms.katalon.core.common.CommonExecutor.accessTestCaseMainPhase(CommonExecutor.java:65)
	at com.kms.katalon.core.main.TestSuiteExecutor.accessTestSuiteMainPhase(TestSuiteExecutor.java:150)
	at com.kms.katalon.core.main.TestSuiteExecutor.execute(TestSuiteExecutor.java:106)
	at com.kms.katalon.core.main.TestCaseMain.startTestSuite(TestCaseMain.java:180)
	at TempTestSuite1733182698305.run(TempTestSuite1733182698305.groovy:35)
	at java.base/jdk.internal.reflect.NativeMethodAccessorImpl.invoke0(Native Method)
	at java.base/jdk.internal.reflect.NativeMethodAccessorImpl.invoke(NativeMethodAccessorImpl.java:77)
	at java.base/jdk.internal.reflect.DelegatingMethodAccessorImpl.invoke(DelegatingMethodAccessorImpl.java:43)
)

03-12-2024T02:53:52 - [TEST_STEP][PASSED] - else: null

03-12-2024T02:53:52 - [TEST_STEP][PASSED] - Script1687405711779.WriteToExcel(todaysDate): null

03-12-2024T02:53:52 - [TEST_STEP][PASSED] - sheetName = "Sheet1": null

03-12-2024T02:53:52 - [TEST_STEP][PASSED] - data = findTestData("PlanFact"): null

03-12-2024T02:53:52 - [TEST_STEP][PASSED] - n = data.getRowNumbers() + 1: null

03-12-2024T02:53:52 - [TEST_STEP][PASSED] - dZO = getText(findTestObject("Выручка по ДЗО/Фильтр ДЗО")): Text of object 'Object Repository/Выручка по ДЗО/Фильтр ДЗО' is: 'ПАО Россети - РаспредКомплекс - Россети Северный Кавказ (ГК) - Ставропольэнерго'

03-12-2024T02:53:53 - [MESSAGE][PASSED] - Text of object 'Object Repository/Выручка по ДЗО/Фильтр ДЗО' is: 'ПАО Россети - РаспредКомплекс - Россети Северный Кавказ (ГК) - Ставропольэнерго'

03-12-2024T02:53:53 - [TEST_STEP][PASSED] - period = getText(findTestObject("Выручка по ДЗО/Фильтр Дата")): Text of object 'Object Repository/Выручка по ДЗО/Фильтр Дата' is: '1, 2, 3 кв., Октябрь 2024 года'

03-12-2024T02:53:53 - [MESSAGE][PASSED] - Text of object 'Object Repository/Выручка по ДЗО/Фильтр Дата' is: '1, 2, 3 кв., Октябрь 2024 года'

03-12-2024T02:53:53 - [TEST_STEP][PASSED] - viruchka = getText(findTestObject("Выручка по ДЗО/Фильтр Выручка")): Text of object 'Object Repository/Выручка по ДЗО/Фильтр Выручка' is: 'внутренний оборот'

03-12-2024T02:53:53 - [MESSAGE][PASSED] - Text of object 'Object Repository/Выручка по ДЗО/Фильтр Выручка' is: 'внутренний оборот'

03-12-2024T02:53:53 - [TEST_STEP][PASSED] - if (viruchka == "Выбрано: 2"): null

03-12-2024T02:53:53 - [TEST_STEP][PASSED] - if (viruchka == "Все"): null

03-12-2024T02:53:53 - [TEST_STEP][PASSED] - println(period): null

03-12-2024T02:53:53 - [TEST_STEP][PASSED] - dashboardName = "Выручка по ДЗО": null

03-12-2024T02:53:53 - [TEST_STEP][PASSED] - workbook01 = getWorkbook(excelFilePath): null

03-12-2024T02:53:53 - [TEST_STEP][PASSED] - sheet01 = getExcelSheet(workbook01, sheetName): null

03-12-2024T02:53:53 - [TEST_STEP][PASSED] - setValueToCellByIndex(sheet01, n, 0, dashboardName): null

03-12-2024T02:53:53 - [TEST_STEP][PASSED] - setValueToCellByIndex(sheet01, n, 1, dZO): null

03-12-2024T02:53:53 - [TEST_STEP][PASSED] - setValueToCellByIndex(sheet01, n, 2, period): null

03-12-2024T02:53:53 - [TEST_STEP][PASSED] - setValueToCellByIndex(sheet01, n, 3, viruchka): null

03-12-2024T02:53:53 - [TEST_STEP][PASSED] - setValueToCellByIndex(sheet01, n, 4, todaysDate): null

03-12-2024T02:53:53 - [TEST_STEP][PASSED] - n = n + 1: null

03-12-2024T02:53:53 - [TEST_STEP][PASSED] - saveWorkbook(excelFilePath, workbook01): null

03-12-2024T02:53:54 - [TEST_STEP][PASSED] - click(findTestObject("Выручка по ДЗО/Фильтр Выручка")): Object: 'Object Repository/Выручка по ДЗО/Фильтр Выручка' is clicked on

03-12-2024T02:53:54 - [MESSAGE][PASSED] - Object: 'Object Repository/Выручка по ДЗО/Фильтр Выручка' is clicked on

03-12-2024T02:53:54 - [TEST_STEP][PASSED] - click(findTestObject("Выручка по ДЗО/По передаче в фильтре Выручка")): Object: 'Object Repository/Выручка по ДЗО/По передаче в фильтре Выручка' is clicked on

03-12-2024T02:53:54 - [MESSAGE][PASSED] - Object: 'Object Repository/Выручка по ДЗО/По передаче в фильтре Выручка' is clicked on

03-12-2024T02:53:54 - [TEST_STEP][PASSED] - click(findTestObject("Выручка по ДЗО/Применить в фильтре Выручка")): Object: 'Object Repository/Выручка по ДЗО/Применить в фильтре Выручка' is clicked on

03-12-2024T02:53:55 - [MESSAGE][PASSED] - Object: 'Object Repository/Выручка по ДЗО/Применить в фильтре Выручка' is clicked on

03-12-2024T02:53:55 - [TEST_STEP][PASSED] - Script1687405711779.Test(todaysDate): null

03-12-2024T02:53:55 - [TEST_STEP][PASSED] - if (verifyTextNotPresent("нет данных", false) == true): null

03-12-2024T02:53:57 - [MESSAGE][PASSED] - Text 'нет данных' is not present on page

03-12-2024T02:53:57 - [TEST_STEP][PASSED] - if (verifyTextNotPresent("Ошибка запроса данных", false) == true): null

03-12-2024T02:53:58 - [MESSAGE][PASSED] - Text 'Ошибка запроса данных' is not present on page

03-12-2024T02:53:58 - [TEST_STEP][PASSED] - if (verifyTextNotPresent("Произошла ошибка при выполнении пользовательского кода", false) == true): null

03-12-2024T02:53:59 - [MESSAGE][PASSED] - Text 'Произошла ошибка при выполнении пользовательского кода' is not present on page

03-12-2024T02:53:59 - [TEST_STEP][PASSED] - if (verifyTextNotPresent("У виджета нет данных", false) == true): null

03-12-2024T02:53:59 - [MESSAGE][PASSED] - Text 'У виджета нет данных' is not present on page

03-12-2024T02:53:59 - [TEST_STEP][PASSED] - if (verifyTextNotPresent("У виджета нет данных", false) == true): Text 'У виджета нет данных' is not present on page

03-12-2024T02:54:00 - [MESSAGE][PASSED] - Text 'У виджета нет данных' is not present on page

03-12-2024T02:54:00 - [TEST_STEP][PASSED] - click(findTestObject("Выручка по ДЗО/Фильтр Выручка")): Object: 'Object Repository/Выручка по ДЗО/Фильтр Выручка' is clicked on

03-12-2024T02:54:00 - [MESSAGE][PASSED] - Object: 'Object Repository/Выручка по ДЗО/Фильтр Выручка' is clicked on

03-12-2024T02:54:00 - [TEST_STEP][PASSED] - click(findTestObject("Выручка по ДЗО/Снять выделение в фильтре Выручка")): Object: 'Object Repository/Выручка по ДЗО/Снять выделение в фильтре Выручка' is clicked on

03-12-2024T02:54:00 - [MESSAGE][PASSED] - Object: 'Object Repository/Выручка по ДЗО/Снять выделение в фильтре Выручка' is clicked on

03-12-2024T02:54:00 - [TEST_STEP][PASSED] - click(findTestObject("Выручка по ДЗО/По передаче в фильтре Выручка")): Object: 'Object Repository/Выручка по ДЗО/По передаче в фильтре Выручка' is clicked on

03-12-2024T02:54:01 - [MESSAGE][PASSED] - Object: 'Object Repository/Выручка по ДЗО/По передаче в фильтре Выручка' is clicked on

03-12-2024T02:54:01 - [TEST_STEP][PASSED] - click(findTestObject("Выручка по ДЗО/Применить в фильтре Выручка")): Object: 'Object Repository/Выручка по ДЗО/Применить в фильтре Выручка' is clicked on

03-12-2024T02:54:01 - [MESSAGE][PASSED] - Object: 'Object Repository/Выручка по ДЗО/Применить в фильтре Выручка' is clicked on

03-12-2024T02:54:01 - [TEST_STEP][PASSED] - Script1687405711779.Test(todaysDate): null

03-12-2024T02:54:01 - [TEST_STEP][PASSED] - if (verifyTextNotPresent("нет данных", false) == true): null

03-12-2024T02:54:04 - [MESSAGE][PASSED] - Text 'нет данных' is not present on page

03-12-2024T02:54:04 - [TEST_STEP][PASSED] - if (verifyTextNotPresent("Ошибка запроса данных", false) == true): null

03-12-2024T02:54:04 - [MESSAGE][PASSED] - Text 'Ошибка запроса данных' is not present on page

03-12-2024T02:54:04 - [TEST_STEP][PASSED] - if (verifyTextNotPresent("Произошла ошибка при выполнении пользовательского кода", false) == true): null

03-12-2024T02:54:05 - [MESSAGE][PASSED] - Text 'Произошла ошибка при выполнении пользовательского кода' is not present on page

03-12-2024T02:54:05 - [TEST_STEP][PASSED] - if (verifyTextNotPresent("У виджета нет данных", false) == true): null

03-12-2024T02:54:05 - [MESSAGE][PASSED] - Text 'У виджета нет данных' is not present on page

03-12-2024T02:54:05 - [TEST_STEP][PASSED] - if (verifyTextNotPresent("У виджета нет данных", false) == true): Text 'У виджета нет данных' is not present on page

03-12-2024T02:54:06 - [MESSAGE][PASSED] - Text 'У виджета нет данных' is not present on page

03-12-2024T02:54:06 - [TEST_STEP][PASSED] - click(findTestObject("Выручка по ДЗО/Фильтр Выручка")): Object: 'Object Repository/Выручка по ДЗО/Фильтр Выручка' is clicked on

03-12-2024T02:54:06 - [MESSAGE][PASSED] - Object: 'Object Repository/Выручка по ДЗО/Фильтр Выручка' is clicked on

03-12-2024T02:54:06 - [TEST_STEP][PASSED] - click(findTestObject("Выручка по ДЗО/Снять выделение в фильтре Выручка")): Object: 'Object Repository/Выручка по ДЗО/Снять выделение в фильтре Выручка' is clicked on

03-12-2024T02:54:06 - [MESSAGE][PASSED] - Object: 'Object Repository/Выручка по ДЗО/Снять выделение в фильтре Выручка' is clicked on

03-12-2024T02:54:06 - [TEST_STEP][PASSED] - click(findTestObject("Выручка по ДЗО/Применить в фильтре Выручка")): Object: 'Object Repository/Выручка по ДЗО/Применить в фильтре Выручка' is clicked on

03-12-2024T02:54:07 - [MESSAGE][PASSED] - Object: 'Object Repository/Выручка по ДЗО/Применить в фильтре Выручка' is clicked on

03-12-2024T02:54:07 - [TEST_STEP][PASSED] - click(findTestObject("Выручка по ДЗО/Фильтр ДЗО")): Object: 'Object Repository/Выручка по ДЗО/Фильтр ДЗО' is clicked on

03-12-2024T02:54:08 - [MESSAGE][PASSED] - Object: 'Object Repository/Выручка по ДЗО/Фильтр ДЗО' is clicked on

03-12-2024T02:54:08 - [TEST_STEP][PASSED] - click(findTestObject("Выручка по ДЗО/Снять выделение в фильтре ДЗО")): Object: 'Object Repository/Выручка по ДЗО/Снять выделение в фильтре ДЗО' is clicked on

03-12-2024T02:54:09 - [MESSAGE][PASSED] - Object: 'Object Repository/Выручка по ДЗО/Снять выделение в фильтре ДЗО' is clicked on

03-12-2024T02:54:09 - [TEST_STEP][PASSED] - scrollToElement(findTestObject("Выручка по ДЗО/Россети Северо-Запад Выручка по ДЗО"), 30): Scroll to object 'Object Repository/Выручка по ДЗО/Россети Северо-Запад Выручка по ДЗО' successfully

03-12-2024T02:54:09 - [MESSAGE][PASSED] - Scroll to object 'Object Repository/Выручка по ДЗО/Россети Северо-Запад Выручка по ДЗО' successfully

03-12-2024T02:54:09 - [TEST_STEP][PASSED] - click(findTestObject("Выручка по ДЗО/Россети Северо-Запад Выручка по ДЗО")): Object: 'Object Repository/Выручка по ДЗО/Россети Северо-Запад Выручка по ДЗО' is clicked on

03-12-2024T02:54:09 - [MESSAGE][PASSED] - Object: 'Object Repository/Выручка по ДЗО/Россети Северо-Запад Выручка по ДЗО' is clicked on

03-12-2024T02:54:09 - [TEST_STEP][PASSED] - scrollToElement(findTestObject("Выручка по ДЗО/Фильтр ДЗО"), 30): Scroll to object 'Object Repository/Выручка по ДЗО/Фильтр ДЗО' successfully

03-12-2024T02:54:10 - [MESSAGE][PASSED] - Scroll to object 'Object Repository/Выручка по ДЗО/Фильтр ДЗО' successfully

03-12-2024T02:54:10 - [TEST_STEP][PASSED] - Script1687405711779.Change(todaysDate): null

03-12-2024T02:54:10 - [TEST_STEP][PASSED] - scrollToElement(findTestObject("Выручка по ДЗО/Заголовок дашборда"), 30): Scroll to object 'Object Repository/Выручка по ДЗО/Заголовок дашборда' successfully

03-12-2024T02:54:10 - [MESSAGE][PASSED] - Scroll to object 'Object Repository/Выручка по ДЗО/Заголовок дашборда' successfully

03-12-2024T02:54:10 - [TEST_STEP][PASSED] - click(findTestObject("Выручка по ДЗО/Применить в фильтре ДЗО")): Object: 'Object Repository/Выручка по ДЗО/Применить в фильтре ДЗО' is clicked on

03-12-2024T02:54:11 - [MESSAGE][PASSED] - Object: 'Object Repository/Выручка по ДЗО/Применить в фильтре ДЗО' is clicked on

03-12-2024T02:54:11 - [TEST_STEP][PASSED] - Script1687405711779.Tumbler(todaysDate): null

03-12-2024T02:54:11 - [TEST_STEP][PASSED] - Script1687405711779.Test(todaysDate): null

03-12-2024T02:54:11 - [TEST_STEP][PASSED] - if (verifyTextNotPresent("нет данных", false) == true): null

03-12-2024T02:54:13 - [MESSAGE][PASSED] - Text 'нет данных' is not present on page

03-12-2024T02:54:13 - [TEST_STEP][PASSED] - if (verifyTextNotPresent("Ошибка запроса данных", false) == true): null

03-12-2024T02:54:14 - [MESSAGE][PASSED] - Text 'Ошибка запроса данных' is not present on page

03-12-2024T02:54:14 - [TEST_STEP][PASSED] - if (verifyTextNotPresent("Произошла ошибка при выполнении пользовательского кода", false) == true): null

03-12-2024T02:54:15 - [MESSAGE][PASSED] - Text 'Произошла ошибка при выполнении пользовательского кода' is not present on page

03-12-2024T02:54:15 - [TEST_STEP][PASSED] - if (verifyTextNotPresent("У виджета нет данных", false) == true): null

03-12-2024T02:54:15 - [MESSAGE][PASSED] - Text 'У виджета нет данных' is not present on page

03-12-2024T02:54:15 - [TEST_STEP][PASSED] - if (verifyTextNotPresent("У виджета нет данных", false) == true): Text 'У виджета нет данных' is not present on page

03-12-2024T02:54:16 - [MESSAGE][PASSED] - Text 'У виджета нет данных' is not present on page

03-12-2024T02:54:16 - [TEST_STEP][PASSED] - click(findTestObject("Выручка по ДЗО/Фильтр Выручка")): Object: 'Object Repository/Выручка по ДЗО/Фильтр Выручка' is clicked on

03-12-2024T02:54:16 - [MESSAGE][PASSED] - Object: 'Object Repository/Выручка по ДЗО/Фильтр Выручка' is clicked on

03-12-2024T02:54:16 - [TEST_STEP][PASSED] - click(findTestObject("Выручка по ДЗО/Внутренний оборот в фильтре Выручка")): Object: 'Object Repository/Выручка по ДЗО/Внутренний оборот в фильтре Выручка' is clicked on

03-12-2024T02:54:17 - [MESSAGE][PASSED] - Object: 'Object Repository/Выручка по ДЗО/Внутренний оборот в фильтре Выручка' is clicked on

03-12-2024T02:54:17 - [TEST_STEP][PASSED] - click(findTestObject("Выручка по ДЗО/Применить в фильтре Выручка")): Object: 'Object Repository/Выручка по ДЗО/Применить в фильтре Выручка' is clicked on

03-12-2024T02:54:17 - [MESSAGE][PASSED] - Object: 'Object Repository/Выручка по ДЗО/Применить в фильтре Выручка' is clicked on

03-12-2024T02:54:17 - [TEST_STEP][PASSED] - Script1687405711779.Test(todaysDate): null

03-12-2024T02:54:17 - [TEST_STEP][FAILED] - if (verifyTextNotPresent("нет данных", false) == true): Text 'нет данных' is present on page  (Root cause: com.kms.katalon.core.exception.StepFailedException: Text 'нет данных' is present on page 
	at com.kms.katalon.core.webui.keyword.internal.WebUIKeywordMain.stepFailed(WebUIKeywordMain.groovy:64)
	at com.kms.katalon.core.webui.keyword.builtin.VerifyTextNotPresentKeyword$_verifyTextNotPresent_closure1.doCall(VerifyTextNotPresentKeyword.groovy:77)
	at com.kms.katalon.core.webui.keyword.builtin.VerifyTextNotPresentKeyword$_verifyTextNotPresent_closure1.call(VerifyTextNotPresentKeyword.groovy)
	at com.kms.katalon.core.webui.keyword.internal.WebUIKeywordMain.runKeyword(WebUIKeywordMain.groovy:20)
	at com.kms.katalon.core.webui.keyword.builtin.VerifyTextNotPresentKeyword.verifyTextNotPresent(VerifyTextNotPresentKeyword.groovy:82)
	at com.kms.katalon.core.webui.keyword.builtin.VerifyTextNotPresentKeyword.execute(VerifyTextNotPresentKeyword.groovy:68)
	at com.kms.katalon.core.keyword.internal.KeywordExecutor.executeKeywordForPlatform(KeywordExecutor.groovy:74)
	at com.kms.katalon.core.webui.keyword.WebUiBuiltInKeywords.verifyTextNotPresent(WebUiBuiltInKeywords.groovy:1795)
	at Выручка по ДЗО отображение данных все филиалы.Test(Выручка по ДЗО отображение данных все филиалы:782)
	at Выручка по ДЗО отображение данных все филиалы.Tumbler(Выручка по ДЗО отображение данных все филиалы:738)
	at Выручка по ДЗО отображение данных все филиалы.Change(Выручка по ДЗО отображение данных все филиалы:772)
	at Выручка по ДЗО отображение данных все филиалы.DzoTest(Выручка по ДЗО отображение данных все филиалы:354)
	at Выручка по ДЗО отображение данных все филиалы.run(Выручка по ДЗО отображение данных все филиалы:134)
	at com.kms.katalon.core.main.ScriptEngine.run(ScriptEngine.java:194)
	at com.kms.katalon.core.main.ScriptEngine.runScriptAsRawText(ScriptEngine.java:119)
	at com.kms.katalon.core.main.TestCaseExecutor.runScript(TestCaseExecutor.java:448)
	at com.kms.katalon.core.main.TestCaseExecutor.doExecute(TestCaseExecutor.java:439)
	at com.kms.katalon.core.main.TestCaseExecutor.processExecutionPhase(TestCaseExecutor.java:418)
	at com.kms.katalon.core.main.TestCaseExecutor.accessMainPhase(TestCaseExecutor.java:410)
	at com.kms.katalon.core.main.TestCaseExecutor.execute(TestCaseExecutor.java:285)
	at com.kms.katalon.core.common.CommonExecutor.accessTestCaseMainPhase(CommonExecutor.java:65)
	at com.kms.katalon.core.main.TestSuiteExecutor.accessTestSuiteMainPhase(TestSuiteExecutor.java:150)
	at com.kms.katalon.core.main.TestSuiteExecutor.execute(TestSuiteExecutor.java:106)
	at com.kms.katalon.core.main.TestCaseMain.startTestSuite(TestCaseMain.java:180)
	at TempTestSuite1733182698305.run(TempTestSuite1733182698305.groovy:35)
	at java.base/jdk.internal.reflect.NativeMethodAccessorImpl.invoke0(Native Method)
	at java.base/jdk.internal.reflect.NativeMethodAccessorImpl.invoke(NativeMethodAccessorImpl.java:77)
	at java.base/jdk.internal.reflect.DelegatingMethodAccessorImpl.invoke(DelegatingMethodAccessorImpl.java:43)
)

03-12-2024T02:54:19 - [MESSAGE][FAILED] - Text 'нет данных' is present on page  (Root cause: com.kms.katalon.core.exception.StepFailedException: Text 'нет данных' is present on page 
	at com.kms.katalon.core.webui.keyword.internal.WebUIKeywordMain.stepFailed(WebUIKeywordMain.groovy:64)
	at com.kms.katalon.core.webui.keyword.builtin.VerifyTextNotPresentKeyword$_verifyTextNotPresent_closure1.doCall(VerifyTextNotPresentKeyword.groovy:77)
	at com.kms.katalon.core.webui.keyword.builtin.VerifyTextNotPresentKeyword$_verifyTextNotPresent_closure1.call(VerifyTextNotPresentKeyword.groovy)
	at com.kms.katalon.core.webui.keyword.internal.WebUIKeywordMain.runKeyword(WebUIKeywordMain.groovy:20)
	at com.kms.katalon.core.webui.keyword.builtin.VerifyTextNotPresentKeyword.verifyTextNotPresent(VerifyTextNotPresentKeyword.groovy:82)
	at com.kms.katalon.core.webui.keyword.builtin.VerifyTextNotPresentKeyword.execute(VerifyTextNotPresentKeyword.groovy:68)
	at com.kms.katalon.core.keyword.internal.KeywordExecutor.executeKeywordForPlatform(KeywordExecutor.groovy:74)
	at com.kms.katalon.core.webui.keyword.WebUiBuiltInKeywords.verifyTextNotPresent(WebUiBuiltInKeywords.groovy:1795)
	at Выручка по ДЗО отображение данных все филиалы.Test(Выручка по ДЗО отображение данных все филиалы:782)
	at Выручка по ДЗО отображение данных все филиалы.Tumbler(Выручка по ДЗО отображение данных все филиалы:738)
	at Выручка по ДЗО отображение данных все филиалы.Change(Выручка по ДЗО отображение данных все филиалы:772)
	at Выручка по ДЗО отображение данных все филиалы.DzoTest(Выручка по ДЗО отображение данных все филиалы:354)
	at Выручка по ДЗО отображение данных все филиалы.run(Выручка по ДЗО отображение данных все филиалы:134)
	at com.kms.katalon.core.main.ScriptEngine.run(ScriptEngine.java:194)
	at com.kms.katalon.core.main.ScriptEngine.runScriptAsRawText(ScriptEngine.java:119)
	at com.kms.katalon.core.main.TestCaseExecutor.runScript(TestCaseExecutor.java:448)
	at com.kms.katalon.core.main.TestCaseExecutor.doExecute(TestCaseExecutor.java:439)
	at com.kms.katalon.core.main.TestCaseExecutor.processExecutionPhase(TestCaseExecutor.java:418)
	at com.kms.katalon.core.main.TestCaseExecutor.accessMainPhase(TestCaseExecutor.java:410)
	at com.kms.katalon.core.main.TestCaseExecutor.execute(TestCaseExecutor.java:285)
	at com.kms.katalon.core.common.CommonExecutor.accessTestCaseMainPhase(CommonExecutor.java:65)
	at com.kms.katalon.core.main.TestSuiteExecutor.accessTestSuiteMainPhase(TestSuiteExecutor.java:150)
	at com.kms.katalon.core.main.TestSuiteExecutor.execute(TestSuiteExecutor.java:106)
	at com.kms.katalon.core.main.TestCaseMain.startTestSuite(TestCaseMain.java:180)
	at TempTestSuite1733182698305.run(TempTestSuite1733182698305.groovy:35)
	at java.base/jdk.internal.reflect.NativeMethodAccessorImpl.invoke0(Native Method)
	at java.base/jdk.internal.reflect.NativeMethodAccessorImpl.invoke(NativeMethodAccessorImpl.java:77)
	at java.base/jdk.internal.reflect.DelegatingMethodAccessorImpl.invoke(DelegatingMethodAccessorImpl.java:43)
)

03-12-2024T02:54:19 - [TEST_STEP][PASSED] - else: null

03-12-2024T02:54:19 - [TEST_STEP][PASSED] - Script1687405711779.WriteToExcel(todaysDate): null

03-12-2024T02:54:19 - [TEST_STEP][PASSED] - sheetName = "Sheet1": null

03-12-2024T02:54:19 - [TEST_STEP][PASSED] - data = findTestData("PlanFact"): null

03-12-2024T02:54:19 - [TEST_STEP][PASSED] - n = data.getRowNumbers() + 1: null

03-12-2024T02:54:19 - [TEST_STEP][PASSED] - dZO = getText(findTestObject("Выручка по ДЗО/Фильтр ДЗО")): Text of object 'Object Repository/Выручка по ДЗО/Фильтр ДЗО' is: 'ПАО Россети - РаспредКомплекс - Россети Северо-Запад'

03-12-2024T02:54:19 - [MESSAGE][PASSED] - Text of object 'Object Repository/Выручка по ДЗО/Фильтр ДЗО' is: 'ПАО Россети - РаспредКомплекс - Россети Северо-Запад'

03-12-2024T02:54:19 - [TEST_STEP][PASSED] - period = getText(findTestObject("Выручка по ДЗО/Фильтр Дата")): Text of object 'Object Repository/Выручка по ДЗО/Фильтр Дата' is: '1, 2, 3 кв., Октябрь 2024 года'

03-12-2024T02:54:20 - [MESSAGE][PASSED] - Text of object 'Object Repository/Выручка по ДЗО/Фильтр Дата' is: '1, 2, 3 кв., Октябрь 2024 года'

03-12-2024T02:54:20 - [TEST_STEP][PASSED] - viruchka = getText(findTestObject("Выручка по ДЗО/Фильтр Выручка")): Text of object 'Object Repository/Выручка по ДЗО/Фильтр Выручка' is: 'внутренний оборот'

03-12-2024T02:54:20 - [MESSAGE][PASSED] - Text of object 'Object Repository/Выручка по ДЗО/Фильтр Выручка' is: 'внутренний оборот'

03-12-2024T02:54:20 - [TEST_STEP][PASSED] - if (viruchka == "Выбрано: 2"): null

03-12-2024T02:54:20 - [TEST_STEP][PASSED] - if (viruchka == "Все"): null

03-12-2024T02:54:20 - [TEST_STEP][PASSED] - println(period): null

03-12-2024T02:54:20 - [TEST_STEP][PASSED] - dashboardName = "Выручка по ДЗО": null

03-12-2024T02:54:20 - [TEST_STEP][PASSED] - workbook01 = getWorkbook(excelFilePath): null

03-12-2024T02:54:20 - [TEST_STEP][PASSED] - sheet01 = getExcelSheet(workbook01, sheetName): null

03-12-2024T02:54:20 - [TEST_STEP][PASSED] - setValueToCellByIndex(sheet01, n, 0, dashboardName): null

03-12-2024T02:54:20 - [TEST_STEP][PASSED] - setValueToCellByIndex(sheet01, n, 1, dZO): null

03-12-2024T02:54:20 - [TEST_STEP][PASSED] - setValueToCellByIndex(sheet01, n, 2, period): null

03-12-2024T02:54:20 - [TEST_STEP][PASSED] - setValueToCellByIndex(sheet01, n, 3, viruchka): null

03-12-2024T02:54:20 - [TEST_STEP][PASSED] - setValueToCellByIndex(sheet01, n, 4, todaysDate): null

03-12-2024T02:54:20 - [TEST_STEP][PASSED] - n = n + 1: null

03-12-2024T02:54:20 - [TEST_STEP][PASSED] - saveWorkbook(excelFilePath, workbook01): null

03-12-2024T02:54:20 - [TEST_STEP][PASSED] - click(findTestObject("Выручка по ДЗО/Фильтр Выручка")): Object: 'Object Repository/Выручка по ДЗО/Фильтр Выручка' is clicked on

03-12-2024T02:54:21 - [MESSAGE][PASSED] - Object: 'Object Repository/Выручка по ДЗО/Фильтр Выручка' is clicked on

03-12-2024T02:54:21 - [TEST_STEP][PASSED] - click(findTestObject("Выручка по ДЗО/По передаче в фильтре Выручка")): Object: 'Object Repository/Выручка по ДЗО/По передаче в фильтре Выручка' is clicked on

03-12-2024T02:54:21 - [MESSAGE][PASSED] - Object: 'Object Repository/Выручка по ДЗО/По передаче в фильтре Выручка' is clicked on

03-12-2024T02:54:21 - [TEST_STEP][PASSED] - click(findTestObject("Выручка по ДЗО/Применить в фильтре Выручка")): Object: 'Object Repository/Выручка по ДЗО/Применить в фильтре Выручка' is clicked on

03-12-2024T02:54:22 - [MESSAGE][PASSED] - Object: 'Object Repository/Выручка по ДЗО/Применить в фильтре Выручка' is clicked on

03-12-2024T02:54:22 - [TEST_STEP][PASSED] - Script1687405711779.Test(todaysDate): null

03-12-2024T02:54:22 - [TEST_STEP][PASSED] - if (verifyTextNotPresent("нет данных", false) == true): null

03-12-2024T02:54:24 - [MESSAGE][PASSED] - Text 'нет данных' is not present on page

03-12-2024T02:54:24 - [TEST_STEP][PASSED] - if (verifyTextNotPresent("Ошибка запроса данных", false) == true): null

03-12-2024T02:54:25 - [MESSAGE][PASSED] - Text 'Ошибка запроса данных' is not present on page

03-12-2024T02:54:25 - [TEST_STEP][PASSED] - if (verifyTextNotPresent("Произошла ошибка при выполнении пользовательского кода", false) == true): null

03-12-2024T02:54:25 - [MESSAGE][PASSED] - Text 'Произошла ошибка при выполнении пользовательского кода' is not present on page

03-12-2024T02:54:25 - [TEST_STEP][PASSED] - if (verifyTextNotPresent("У виджета нет данных", false) == true): null

03-12-2024T02:54:26 - [MESSAGE][PASSED] - Text 'У виджета нет данных' is not present on page

03-12-2024T02:54:26 - [TEST_STEP][PASSED] - if (verifyTextNotPresent("У виджета нет данных", false) == true): Text 'У виджета нет данных' is not present on page

03-12-2024T02:54:26 - [MESSAGE][PASSED] - Text 'У виджета нет данных' is not present on page

03-12-2024T02:54:26 - [TEST_STEP][PASSED] - click(findTestObject("Выручка по ДЗО/Фильтр Выручка")): Object: 'Object Repository/Выручка по ДЗО/Фильтр Выручка' is clicked on

03-12-2024T02:54:27 - [MESSAGE][PASSED] - Object: 'Object Repository/Выручка по ДЗО/Фильтр Выручка' is clicked on

03-12-2024T02:54:27 - [TEST_STEP][PASSED] - click(findTestObject("Выручка по ДЗО/Снять выделение в фильтре Выручка")): Object: 'Object Repository/Выручка по ДЗО/Снять выделение в фильтре Выручка' is clicked on

03-12-2024T02:54:27 - [MESSAGE][PASSED] - Object: 'Object Repository/Выручка по ДЗО/Снять выделение в фильтре Выручка' is clicked on

03-12-2024T02:54:27 - [TEST_STEP][PASSED] - click(findTestObject("Выручка по ДЗО/По передаче в фильтре Выручка")): Object: 'Object Repository/Выручка по ДЗО/По передаче в фильтре Выручка' is clicked on

03-12-2024T02:54:27 - [MESSAGE][PASSED] - Object: 'Object Repository/Выручка по ДЗО/По передаче в фильтре Выручка' is clicked on

03-12-2024T02:54:27 - [TEST_STEP][PASSED] - click(findTestObject("Выручка по ДЗО/Применить в фильтре Выручка")): Object: 'Object Repository/Выручка по ДЗО/Применить в фильтре Выручка' is clicked on

03-12-2024T02:54:28 - [MESSAGE][PASSED] - Object: 'Object Repository/Выручка по ДЗО/Применить в фильтре Выручка' is clicked on

03-12-2024T02:54:28 - [TEST_STEP][PASSED] - Script1687405711779.Test(todaysDate): null

03-12-2024T02:54:28 - [TEST_STEP][PASSED] - if (verifyTextNotPresent("нет данных", false) == true): null

03-12-2024T02:54:30 - [MESSAGE][PASSED] - Text 'нет данных' is not present on page

03-12-2024T02:54:30 - [TEST_STEP][PASSED] - if (verifyTextNotPresent("Ошибка запроса данных", false) == true): null

03-12-2024T02:54:31 - [MESSAGE][PASSED] - Text 'Ошибка запроса данных' is not present on page

03-12-2024T02:54:31 - [TEST_STEP][PASSED] - if (verifyTextNotPresent("Произошла ошибка при выполнении пользовательского кода", false) == true): null

03-12-2024T02:54:31 - [MESSAGE][PASSED] - Text 'Произошла ошибка при выполнении пользовательского кода' is not present on page

03-12-2024T02:54:31 - [TEST_STEP][PASSED] - if (verifyTextNotPresent("У виджета нет данных", false) == true): null

03-12-2024T02:54:31 - [MESSAGE][PASSED] - Text 'У виджета нет данных' is not present on page

03-12-2024T02:54:31 - [TEST_STEP][PASSED] - if (verifyTextNotPresent("У виджета нет данных", false) == true): Text 'У виджета нет данных' is not present on page

03-12-2024T02:54:32 - [MESSAGE][PASSED] - Text 'У виджета нет данных' is not present on page

03-12-2024T02:54:32 - [TEST_STEP][PASSED] - click(findTestObject("Выручка по ДЗО/Фильтр Выручка")): Object: 'Object Repository/Выручка по ДЗО/Фильтр Выручка' is clicked on

03-12-2024T02:54:32 - [MESSAGE][PASSED] - Object: 'Object Repository/Выручка по ДЗО/Фильтр Выручка' is clicked on

03-12-2024T02:54:32 - [TEST_STEP][PASSED] - click(findTestObject("Выручка по ДЗО/Снять выделение в фильтре Выручка")): Object: 'Object Repository/Выручка по ДЗО/Снять выделение в фильтре Выручка' is clicked on

03-12-2024T02:54:33 - [MESSAGE][PASSED] - Object: 'Object Repository/Выручка по ДЗО/Снять выделение в фильтре Выручка' is clicked on

03-12-2024T02:54:33 - [TEST_STEP][PASSED] - click(findTestObject("Выручка по ДЗО/Применить в фильтре Выручка")): Object: 'Object Repository/Выручка по ДЗО/Применить в фильтре Выручка' is clicked on

03-12-2024T02:54:33 - [MESSAGE][PASSED] - Object: 'Object Repository/Выручка по ДЗО/Применить в фильтре Выручка' is clicked on

03-12-2024T02:54:33 - [TEST_STEP][PASSED] - click(findTestObject("Выручка по ДЗО/Фильтр ДЗО")): Object: 'Object Repository/Выручка по ДЗО/Фильтр ДЗО' is clicked on

03-12-2024T02:54:37 - [MESSAGE][PASSED] - Object: 'Object Repository/Выручка по ДЗО/Фильтр ДЗО' is clicked on

03-12-2024T02:54:37 - [TEST_STEP][PASSED] - click(findTestObject("Выручка по ДЗО/Снять выделение в фильтре ДЗО")): Object: 'Object Repository/Выручка по ДЗО/Снять выделение в фильтре ДЗО' is clicked on

03-12-2024T02:54:38 - [MESSAGE][PASSED] - Object: 'Object Repository/Выручка по ДЗО/Снять выделение в фильтре ДЗО' is clicked on

03-12-2024T02:54:38 - [TEST_STEP][PASSED] - scrollToElement(findTestObject("Общие объекты/Раскрыть список Россети Северо-Запад"), 30): Scroll to object 'Object Repository/Общие объекты/Раскрыть список Россети Северо-Запад' successfully

03-12-2024T02:54:38 - [MESSAGE][PASSED] - Scroll to object 'Object Repository/Общие объекты/Раскрыть список Россети Северо-Запад' successfully

03-12-2024T02:54:38 - [TEST_STEP][PASSED] - click(findTestObject("Общие объекты/Раскрыть список Россети Северо-Запад")): Object: 'Object Repository/Общие объекты/Раскрыть список Россети Северо-Запад' is clicked on

03-12-2024T02:54:38 - [MESSAGE][PASSED] - Object: 'Object Repository/Общие объекты/Раскрыть список Россети Северо-Запад' is clicked on

03-12-2024T02:54:38 - [TEST_STEP][PASSED] - scrollToElement(findTestObject("Общие объекты/Архангельский филиал"), 30): Scroll to object 'Object Repository/Общие объекты/Архангельский филиал' successfully

03-12-2024T02:54:38 - [MESSAGE][PASSED] - Scroll to object 'Object Repository/Общие объекты/Архангельский филиал' successfully

03-12-2024T02:54:38 - [TEST_STEP][PASSED] - click(findTestObject("Общие объекты/Архангельский филиал"), CONTINUE_ON_FAILURE): Object: 'Object Repository/Общие объекты/Архангельский филиал' is clicked on

03-12-2024T02:54:39 - [MESSAGE][PASSED] - Object: 'Object Repository/Общие объекты/Архангельский филиал' is clicked on

03-12-2024T02:54:39 - [TEST_STEP][PASSED] - Script1687405711779.Change(todaysDate): null

03-12-2024T02:54:39 - [TEST_STEP][PASSED] - scrollToElement(findTestObject("Выручка по ДЗО/Заголовок дашборда"), 30): Scroll to object 'Object Repository/Выручка по ДЗО/Заголовок дашборда' successfully

03-12-2024T02:54:39 - [MESSAGE][PASSED] - Scroll to object 'Object Repository/Выручка по ДЗО/Заголовок дашборда' successfully

03-12-2024T02:54:39 - [TEST_STEP][PASSED] - click(findTestObject("Выручка по ДЗО/Применить в фильтре ДЗО")): Object: 'Object Repository/Выручка по ДЗО/Применить в фильтре ДЗО' is clicked on

03-12-2024T02:54:40 - [MESSAGE][PASSED] - Object: 'Object Repository/Выручка по ДЗО/Применить в фильтре ДЗО' is clicked on

03-12-2024T02:54:40 - [TEST_STEP][PASSED] - Script1687405711779.Tumbler(todaysDate): null

03-12-2024T02:54:40 - [TEST_STEP][PASSED] - Script1687405711779.Test(todaysDate): null

03-12-2024T02:54:40 - [TEST_STEP][PASSED] - if (verifyTextNotPresent("нет данных", false) == true): null

03-12-2024T02:54:43 - [MESSAGE][PASSED] - Text 'нет данных' is not present on page

03-12-2024T02:54:43 - [TEST_STEP][PASSED] - if (verifyTextNotPresent("Ошибка запроса данных", false) == true): null

03-12-2024T02:54:44 - [MESSAGE][PASSED] - Text 'Ошибка запроса данных' is not present on page

03-12-2024T02:54:44 - [TEST_STEP][PASSED] - if (verifyTextNotPresent("Произошла ошибка при выполнении пользовательского кода", false) == true): null

03-12-2024T02:54:44 - [MESSAGE][PASSED] - Text 'Произошла ошибка при выполнении пользовательского кода' is not present on page

03-12-2024T02:54:44 - [TEST_STEP][PASSED] - if (verifyTextNotPresent("У виджета нет данных", false) == true): null

03-12-2024T02:54:45 - [MESSAGE][PASSED] - Text 'У виджета нет данных' is not present on page

03-12-2024T02:54:45 - [TEST_STEP][PASSED] - if (verifyTextNotPresent("У виджета нет данных", false) == true): Text 'У виджета нет данных' is not present on page

03-12-2024T02:54:45 - [MESSAGE][PASSED] - Text 'У виджета нет данных' is not present on page

03-12-2024T02:54:45 - [TEST_STEP][PASSED] - click(findTestObject("Выручка по ДЗО/Фильтр Выручка")): Object: 'Object Repository/Выручка по ДЗО/Фильтр Выручка' is clicked on

03-12-2024T02:54:46 - [MESSAGE][PASSED] - Object: 'Object Repository/Выручка по ДЗО/Фильтр Выручка' is clicked on

03-12-2024T02:54:46 - [TEST_STEP][PASSED] - click(findTestObject("Выручка по ДЗО/Внутренний оборот в фильтре Выручка")): Object: 'Object Repository/Выручка по ДЗО/Внутренний оборот в фильтре Выручка' is clicked on

03-12-2024T02:54:46 - [MESSAGE][PASSED] - Object: 'Object Repository/Выручка по ДЗО/Внутренний оборот в фильтре Выручка' is clicked on

03-12-2024T02:54:46 - [TEST_STEP][PASSED] - click(findTestObject("Выручка по ДЗО/Применить в фильтре Выручка")): Object: 'Object Repository/Выручка по ДЗО/Применить в фильтре Выручка' is clicked on

03-12-2024T02:54:47 - [MESSAGE][PASSED] - Object: 'Object Repository/Выручка по ДЗО/Применить в фильтре Выручка' is clicked on

03-12-2024T02:54:47 - [TEST_STEP][PASSED] - Script1687405711779.Test(todaysDate): null

03-12-2024T02:54:47 - [TEST_STEP][FAILED] - if (verifyTextNotPresent("нет данных", false) == true): Text 'нет данных' is present on page  (Root cause: com.kms.katalon.core.exception.StepFailedException: Text 'нет данных' is present on page 
	at com.kms.katalon.core.webui.keyword.internal.WebUIKeywordMain.stepFailed(WebUIKeywordMain.groovy:64)
	at com.kms.katalon.core.webui.keyword.builtin.VerifyTextNotPresentKeyword$_verifyTextNotPresent_closure1.doCall(VerifyTextNotPresentKeyword.groovy:77)
	at com.kms.katalon.core.webui.keyword.builtin.VerifyTextNotPresentKeyword$_verifyTextNotPresent_closure1.call(VerifyTextNotPresentKeyword.groovy)
	at com.kms.katalon.core.webui.keyword.internal.WebUIKeywordMain.runKeyword(WebUIKeywordMain.groovy:20)
	at com.kms.katalon.core.webui.keyword.builtin.VerifyTextNotPresentKeyword.verifyTextNotPresent(VerifyTextNotPresentKeyword.groovy:82)
	at com.kms.katalon.core.webui.keyword.builtin.VerifyTextNotPresentKeyword.execute(VerifyTextNotPresentKeyword.groovy:68)
	at com.kms.katalon.core.keyword.internal.KeywordExecutor.executeKeywordForPlatform(KeywordExecutor.groovy:74)
	at com.kms.katalon.core.webui.keyword.WebUiBuiltInKeywords.verifyTextNotPresent(WebUiBuiltInKeywords.groovy:1795)
	at Выручка по ДЗО отображение данных все филиалы.Test(Выручка по ДЗО отображение данных все филиалы:782)
	at Выручка по ДЗО отображение данных все филиалы.Tumbler(Выручка по ДЗО отображение данных все филиалы:738)
	at Выручка по ДЗО отображение данных все филиалы.Change(Выручка по ДЗО отображение данных все филиалы:772)
	at Выручка по ДЗО отображение данных все филиалы.DzoTest(Выручка по ДЗО отображение данных все филиалы:364)
	at Выручка по ДЗО отображение данных все филиалы.run(Выручка по ДЗО отображение данных все филиалы:134)
	at com.kms.katalon.core.main.ScriptEngine.run(ScriptEngine.java:194)
	at com.kms.katalon.core.main.ScriptEngine.runScriptAsRawText(ScriptEngine.java:119)
	at com.kms.katalon.core.main.TestCaseExecutor.runScript(TestCaseExecutor.java:448)
	at com.kms.katalon.core.main.TestCaseExecutor.doExecute(TestCaseExecutor.java:439)
	at com.kms.katalon.core.main.TestCaseExecutor.processExecutionPhase(TestCaseExecutor.java:418)
	at com.kms.katalon.core.main.TestCaseExecutor.accessMainPhase(TestCaseExecutor.java:410)
	at com.kms.katalon.core.main.TestCaseExecutor.execute(TestCaseExecutor.java:285)
	at com.kms.katalon.core.common.CommonExecutor.accessTestCaseMainPhase(CommonExecutor.java:65)
	at com.kms.katalon.core.main.TestSuiteExecutor.accessTestSuiteMainPhase(TestSuiteExecutor.java:150)
	at com.kms.katalon.core.main.TestSuiteExecutor.execute(TestSuiteExecutor.java:106)
	at com.kms.katalon.core.main.TestCaseMain.startTestSuite(TestCaseMain.java:180)
	at TempTestSuite1733182698305.run(TempTestSuite1733182698305.groovy:35)
	at java.base/jdk.internal.reflect.NativeMethodAccessorImpl.invoke0(Native Method)
	at java.base/jdk.internal.reflect.NativeMethodAccessorImpl.invoke(NativeMethodAccessorImpl.java:77)
	at java.base/jdk.internal.reflect.DelegatingMethodAccessorImpl.invoke(DelegatingMethodAccessorImpl.java:43)
)

03-12-2024T02:54:49 - [MESSAGE][FAILED] - Text 'нет данных' is present on page  (Root cause: com.kms.katalon.core.exception.StepFailedException: Text 'нет данных' is present on page 
	at com.kms.katalon.core.webui.keyword.internal.WebUIKeywordMain.stepFailed(WebUIKeywordMain.groovy:64)
	at com.kms.katalon.core.webui.keyword.builtin.VerifyTextNotPresentKeyword$_verifyTextNotPresent_closure1.doCall(VerifyTextNotPresentKeyword.groovy:77)
	at com.kms.katalon.core.webui.keyword.builtin.VerifyTextNotPresentKeyword$_verifyTextNotPresent_closure1.call(VerifyTextNotPresentKeyword.groovy)
	at com.kms.katalon.core.webui.keyword.internal.WebUIKeywordMain.runKeyword(WebUIKeywordMain.groovy:20)
	at com.kms.katalon.core.webui.keyword.builtin.VerifyTextNotPresentKeyword.verifyTextNotPresent(VerifyTextNotPresentKeyword.groovy:82)
	at com.kms.katalon.core.webui.keyword.builtin.VerifyTextNotPresentKeyword.execute(VerifyTextNotPresentKeyword.groovy:68)
	at com.kms.katalon.core.keyword.internal.KeywordExecutor.executeKeywordForPlatform(KeywordExecutor.groovy:74)
	at com.kms.katalon.core.webui.keyword.WebUiBuiltInKeywords.verifyTextNotPresent(WebUiBuiltInKeywords.groovy:1795)
	at Выручка по ДЗО отображение данных все филиалы.Test(Выручка по ДЗО отображение данных все филиалы:782)
	at Выручка по ДЗО отображение данных все филиалы.Tumbler(Выручка по ДЗО отображение данных все филиалы:738)
	at Выручка по ДЗО отображение данных все филиалы.Change(Выручка по ДЗО отображение данных все филиалы:772)
	at Выручка по ДЗО отображение данных все филиалы.DzoTest(Выручка по ДЗО отображение данных все филиалы:364)
	at Выручка по ДЗО отображение данных все филиалы.run(Выручка по ДЗО отображение данных все филиалы:134)
	at com.kms.katalon.core.main.ScriptEngine.run(ScriptEngine.java:194)
	at com.kms.katalon.core.main.ScriptEngine.runScriptAsRawText(ScriptEngine.java:119)
	at com.kms.katalon.core.main.TestCaseExecutor.runScript(TestCaseExecutor.java:448)
	at com.kms.katalon.core.main.TestCaseExecutor.doExecute(TestCaseExecutor.java:439)
	at com.kms.katalon.core.main.TestCaseExecutor.processExecutionPhase(TestCaseExecutor.java:418)
	at com.kms.katalon.core.main.TestCaseExecutor.accessMainPhase(TestCaseExecutor.java:410)
	at com.kms.katalon.core.main.TestCaseExecutor.execute(TestCaseExecutor.java:285)
	at com.kms.katalon.core.common.CommonExecutor.accessTestCaseMainPhase(CommonExecutor.java:65)
	at com.kms.katalon.core.main.TestSuiteExecutor.accessTestSuiteMainPhase(TestSuiteExecutor.java:150)
	at com.kms.katalon.core.main.TestSuiteExecutor.execute(TestSuiteExecutor.java:106)
	at com.kms.katalon.core.main.TestCaseMain.startTestSuite(TestCaseMain.java:180)
	at TempTestSuite1733182698305.run(TempTestSuite1733182698305.groovy:35)
	at java.base/jdk.internal.reflect.NativeMethodAccessorImpl.invoke0(Native Method)
	at java.base/jdk.internal.reflect.NativeMethodAccessorImpl.invoke(NativeMethodAccessorImpl.java:77)
	at java.base/jdk.internal.reflect.DelegatingMethodAccessorImpl.invoke(DelegatingMethodAccessorImpl.java:43)
)

03-12-2024T02:54:49 - [TEST_STEP][PASSED] - else: null

03-12-2024T02:54:49 - [TEST_STEP][PASSED] - Script1687405711779.WriteToExcel(todaysDate): null

03-12-2024T02:54:49 - [TEST_STEP][PASSED] - sheetName = "Sheet1": null

03-12-2024T02:54:49 - [TEST_STEP][PASSED] - data = findTestData("PlanFact"): null

03-12-2024T02:54:49 - [TEST_STEP][PASSED] - n = data.getRowNumbers() + 1: null

03-12-2024T02:54:49 - [TEST_STEP][PASSED] - dZO = getText(findTestObject("Выручка по ДЗО/Фильтр ДЗО")): Text of object 'Object Repository/Выручка по ДЗО/Фильтр ДЗО' is: 'ПАО Россети - РаспредКомплекс - Россети Северо-Запад - Архангельский филиал'

03-12-2024T02:54:49 - [MESSAGE][PASSED] - Text of object 'Object Repository/Выручка по ДЗО/Фильтр ДЗО' is: 'ПАО Россети - РаспредКомплекс - Россети Северо-Запад - Архангельский филиал'

03-12-2024T02:54:49 - [TEST_STEP][PASSED] - period = getText(findTestObject("Выручка по ДЗО/Фильтр Дата")): Text of object 'Object Repository/Выручка по ДЗО/Фильтр Дата' is: '1, 2, 3 кв., Октябрь 2024 года'

03-12-2024T02:54:49 - [MESSAGE][PASSED] - Text of object 'Object Repository/Выручка по ДЗО/Фильтр Дата' is: '1, 2, 3 кв., Октябрь 2024 года'

03-12-2024T02:54:49 - [TEST_STEP][PASSED] - viruchka = getText(findTestObject("Выручка по ДЗО/Фильтр Выручка")): Text of object 'Object Repository/Выручка по ДЗО/Фильтр Выручка' is: 'внутренний оборот'

03-12-2024T02:54:50 - [MESSAGE][PASSED] - Text of object 'Object Repository/Выручка по ДЗО/Фильтр Выручка' is: 'внутренний оборот'

03-12-2024T02:54:50 - [TEST_STEP][PASSED] - if (viruchka == "Выбрано: 2"): null

03-12-2024T02:54:50 - [TEST_STEP][PASSED] - if (viruchka == "Все"): null

03-12-2024T02:54:50 - [TEST_STEP][PASSED] - println(period): null

03-12-2024T02:54:50 - [TEST_STEP][PASSED] - dashboardName = "Выручка по ДЗО": null

03-12-2024T02:54:50 - [TEST_STEP][PASSED] - workbook01 = getWorkbook(excelFilePath): null

03-12-2024T02:54:50 - [TEST_STEP][PASSED] - sheet01 = getExcelSheet(workbook01, sheetName): null

03-12-2024T02:54:50 - [TEST_STEP][PASSED] - setValueToCellByIndex(sheet01, n, 0, dashboardName): null

03-12-2024T02:54:50 - [TEST_STEP][PASSED] - setValueToCellByIndex(sheet01, n, 1, dZO): null

03-12-2024T02:54:50 - [TEST_STEP][PASSED] - setValueToCellByIndex(sheet01, n, 2, period): null

03-12-2024T02:54:50 - [TEST_STEP][PASSED] - setValueToCellByIndex(sheet01, n, 3, viruchka): null

03-12-2024T02:54:50 - [TEST_STEP][PASSED] - setValueToCellByIndex(sheet01, n, 4, todaysDate): null

03-12-2024T02:54:50 - [TEST_STEP][PASSED] - n = n + 1: null

03-12-2024T02:54:50 - [TEST_STEP][PASSED] - saveWorkbook(excelFilePath, workbook01): null

03-12-2024T02:54:50 - [TEST_STEP][PASSED] - click(findTestObject("Выручка по ДЗО/Фильтр Выручка")): Object: 'Object Repository/Выручка по ДЗО/Фильтр Выручка' is clicked on

03-12-2024T02:54:50 - [MESSAGE][PASSED] - Object: 'Object Repository/Выручка по ДЗО/Фильтр Выручка' is clicked on

03-12-2024T02:54:50 - [TEST_STEP][PASSED] - click(findTestObject("Выручка по ДЗО/По передаче в фильтре Выручка")): Object: 'Object Repository/Выручка по ДЗО/По передаче в фильтре Выручка' is clicked on

03-12-2024T02:54:51 - [MESSAGE][PASSED] - Object: 'Object Repository/Выручка по ДЗО/По передаче в фильтре Выручка' is clicked on

03-12-2024T02:54:51 - [TEST_STEP][PASSED] - click(findTestObject("Выручка по ДЗО/Применить в фильтре Выручка")): Object: 'Object Repository/Выручка по ДЗО/Применить в фильтре Выручка' is clicked on

03-12-2024T02:54:51 - [MESSAGE][PASSED] - Object: 'Object Repository/Выручка по ДЗО/Применить в фильтре Выручка' is clicked on

03-12-2024T02:54:51 - [TEST_STEP][PASSED] - Script1687405711779.Test(todaysDate): null

03-12-2024T02:54:51 - [TEST_STEP][PASSED] - if (verifyTextNotPresent("нет данных", false) == true): null

03-12-2024T02:54:54 - [MESSAGE][PASSED] - Text 'нет данных' is not present on page

03-12-2024T02:54:54 - [TEST_STEP][PASSED] - if (verifyTextNotPresent("Ошибка запроса данных", false) == true): null

03-12-2024T02:54:55 - [MESSAGE][PASSED] - Text 'Ошибка запроса данных' is not present on page

03-12-2024T02:54:55 - [TEST_STEP][PASSED] - if (verifyTextNotPresent("Произошла ошибка при выполнении пользовательского кода", false) == true): null

03-12-2024T02:54:56 - [MESSAGE][PASSED] - Text 'Произошла ошибка при выполнении пользовательского кода' is not present on page

03-12-2024T02:54:56 - [TEST_STEP][PASSED] - if (verifyTextNotPresent("У виджета нет данных", false) == true): null

03-12-2024T02:54:56 - [MESSAGE][PASSED] - Text 'У виджета нет данных' is not present on page

03-12-2024T02:54:56 - [TEST_STEP][PASSED] - if (verifyTextNotPresent("У виджета нет данных", false) == true): Text 'У виджета нет данных' is not present on page

03-12-2024T02:54:57 - [MESSAGE][PASSED] - Text 'У виджета нет данных' is not present on page

03-12-2024T02:54:57 - [TEST_STEP][PASSED] - click(findTestObject("Выручка по ДЗО/Фильтр Выручка")): Object: 'Object Repository/Выручка по ДЗО/Фильтр Выручка' is clicked on

03-12-2024T02:54:57 - [MESSAGE][PASSED] - Object: 'Object Repository/Выручка по ДЗО/Фильтр Выручка' is clicked on

03-12-2024T02:54:57 - [TEST_STEP][PASSED] - click(findTestObject("Выручка по ДЗО/Снять выделение в фильтре Выручка")): Object: 'Object Repository/Выручка по ДЗО/Снять выделение в фильтре Выручка' is clicked on

03-12-2024T02:54:57 - [MESSAGE][PASSED] - Object: 'Object Repository/Выручка по ДЗО/Снять выделение в фильтре Выручка' is clicked on

03-12-2024T02:54:57 - [TEST_STEP][PASSED] - click(findTestObject("Выручка по ДЗО/По передаче в фильтре Выручка")): Object: 'Object Repository/Выручка по ДЗО/По передаче в фильтре Выручка' is clicked on

03-12-2024T02:54:58 - [MESSAGE][PASSED] - Object: 'Object Repository/Выручка по ДЗО/По передаче в фильтре Выручка' is clicked on

03-12-2024T02:54:58 - [TEST_STEP][PASSED] - click(findTestObject("Выручка по ДЗО/Применить в фильтре Выручка")): Object: 'Object Repository/Выручка по ДЗО/Применить в фильтре Выручка' is clicked on

03-12-2024T02:54:58 - [MESSAGE][PASSED] - Object: 'Object Repository/Выручка по ДЗО/Применить в фильтре Выручка' is clicked on

03-12-2024T02:54:58 - [TEST_STEP][PASSED] - Script1687405711779.Test(todaysDate): null

03-12-2024T02:54:58 - [TEST_STEP][PASSED] - if (verifyTextNotPresent("нет данных", false) == true): null

03-12-2024T02:55:00 - [MESSAGE][PASSED] - Text 'нет данных' is not present on page

03-12-2024T02:55:00 - [TEST_STEP][PASSED] - if (verifyTextNotPresent("Ошибка запроса данных", false) == true): null

03-12-2024T02:55:01 - [MESSAGE][PASSED] - Text 'Ошибка запроса данных' is not present on page

03-12-2024T02:55:01 - [TEST_STEP][PASSED] - if (verifyTextNotPresent("Произошла ошибка при выполнении пользовательского кода", false) == true): null

03-12-2024T02:55:01 - [MESSAGE][PASSED] - Text 'Произошла ошибка при выполнении пользовательского кода' is not present on page

03-12-2024T02:55:01 - [TEST_STEP][PASSED] - if (verifyTextNotPresent("У виджета нет данных", false) == true): null

03-12-2024T02:55:02 - [MESSAGE][PASSED] - Text 'У виджета нет данных' is not present on page

03-12-2024T02:55:02 - [TEST_STEP][PASSED] - if (verifyTextNotPresent("У виджета нет данных", false) == true): Text 'У виджета нет данных' is not present on page

03-12-2024T02:55:02 - [MESSAGE][PASSED] - Text 'У виджета нет данных' is not present on page

03-12-2024T02:55:02 - [TEST_STEP][PASSED] - click(findTestObject("Выручка по ДЗО/Фильтр Выручка")): Object: 'Object Repository/Выручка по ДЗО/Фильтр Выручка' is clicked on

03-12-2024T02:55:03 - [MESSAGE][PASSED] - Object: 'Object Repository/Выручка по ДЗО/Фильтр Выручка' is clicked on

03-12-2024T02:55:03 - [TEST_STEP][PASSED] - click(findTestObject("Выручка по ДЗО/Снять выделение в фильтре Выручка")): Object: 'Object Repository/Выручка по ДЗО/Снять выделение в фильтре Выручка' is clicked on

03-12-2024T02:55:03 - [MESSAGE][PASSED] - Object: 'Object Repository/Выручка по ДЗО/Снять выделение в фильтре Выручка' is clicked on

03-12-2024T02:55:03 - [TEST_STEP][PASSED] - click(findTestObject("Выручка по ДЗО/Применить в фильтре Выручка")): Object: 'Object Repository/Выручка по ДЗО/Применить в фильтре Выручка' is clicked on

03-12-2024T02:55:04 - [MESSAGE][PASSED] - Object: 'Object Repository/Выручка по ДЗО/Применить в фильтре Выручка' is clicked on

03-12-2024T02:55:04 - [TEST_STEP][PASSED] - click(findTestObject("Выручка по ДЗО/Фильтр ДЗО")): Object: 'Object Repository/Выручка по ДЗО/Фильтр ДЗО' is clicked on

03-12-2024T02:55:05 - [MESSAGE][PASSED] - Object: 'Object Repository/Выручка по ДЗО/Фильтр ДЗО' is clicked on

03-12-2024T02:55:05 - [TEST_STEP][PASSED] - click(findTestObject("Выручка по ДЗО/Снять выделение в фильтре ДЗО")): Object: 'Object Repository/Выручка по ДЗО/Снять выделение в фильтре ДЗО' is clicked on

03-12-2024T02:55:06 - [MESSAGE][PASSED] - Object: 'Object Repository/Выручка по ДЗО/Снять выделение в фильтре ДЗО' is clicked on

03-12-2024T02:55:06 - [TEST_STEP][PASSED] - scrollToElement(findTestObject("Общие объекты/Вологодский филиал"), 30): Scroll to object 'Object Repository/Общие объекты/Вологодский филиал' successfully

03-12-2024T02:55:06 - [MESSAGE][PASSED] - Scroll to object 'Object Repository/Общие объекты/Вологодский филиал' successfully

03-12-2024T02:55:06 - [TEST_STEP][PASSED] - click(findTestObject("Общие объекты/Вологодский филиал"), CONTINUE_ON_FAILURE): Object: 'Object Repository/Общие объекты/Вологодский филиал' is clicked on

03-12-2024T02:55:07 - [MESSAGE][PASSED] - Object: 'Object Repository/Общие объекты/Вологодский филиал' is clicked on

03-12-2024T02:55:07 - [TEST_STEP][PASSED] - Script1687405711779.Change(todaysDate): null

03-12-2024T02:55:07 - [TEST_STEP][PASSED] - scrollToElement(findTestObject("Выручка по ДЗО/Заголовок дашборда"), 30): Scroll to object 'Object Repository/Выручка по ДЗО/Заголовок дашборда' successfully

03-12-2024T02:55:07 - [MESSAGE][PASSED] - Scroll to object 'Object Repository/Выручка по ДЗО/Заголовок дашборда' successfully

03-12-2024T02:55:07 - [TEST_STEP][PASSED] - click(findTestObject("Выручка по ДЗО/Применить в фильтре ДЗО")): Object: 'Object Repository/Выручка по ДЗО/Применить в фильтре ДЗО' is clicked on

03-12-2024T02:55:08 - [MESSAGE][PASSED] - Object: 'Object Repository/Выручка по ДЗО/Применить в фильтре ДЗО' is clicked on

03-12-2024T02:55:08 - [TEST_STEP][PASSED] - Script1687405711779.Tumbler(todaysDate): null

03-12-2024T02:55:08 - [TEST_STEP][PASSED] - Script1687405711779.Test(todaysDate): null

03-12-2024T02:55:08 - [TEST_STEP][PASSED] - if (verifyTextNotPresent("нет данных", false) == true): null

03-12-2024T02:55:10 - [MESSAGE][PASSED] - Text 'нет данных' is not present on page

03-12-2024T02:55:10 - [TEST_STEP][PASSED] - if (verifyTextNotPresent("Ошибка запроса данных", false) == true): null

03-12-2024T02:55:12 - [MESSAGE][PASSED] - Text 'Ошибка запроса данных' is not present on page

03-12-2024T02:55:12 - [TEST_STEP][PASSED] - if (verifyTextNotPresent("Произошла ошибка при выполнении пользовательского кода", false) == true): null

03-12-2024T02:55:13 - [MESSAGE][PASSED] - Text 'Произошла ошибка при выполнении пользовательского кода' is not present on page

03-12-2024T02:55:13 - [TEST_STEP][PASSED] - if (verifyTextNotPresent("У виджета нет данных", false) == true): null

03-12-2024T02:55:13 - [MESSAGE][PASSED] - Text 'У виджета нет данных' is not present on page

03-12-2024T02:55:13 - [TEST_STEP][PASSED] - if (verifyTextNotPresent("У виджета нет данных", false) == true): Text 'У виджета нет данных' is not present on page

03-12-2024T02:55:14 - [MESSAGE][PASSED] - Text 'У виджета нет данных' is not present on page

03-12-2024T02:55:14 - [TEST_STEP][PASSED] - click(findTestObject("Выручка по ДЗО/Фильтр Выручка")): Object: 'Object Repository/Выручка по ДЗО/Фильтр Выручка' is clicked on

03-12-2024T02:55:14 - [MESSAGE][PASSED] - Object: 'Object Repository/Выручка по ДЗО/Фильтр Выручка' is clicked on

03-12-2024T02:55:14 - [TEST_STEP][PASSED] - click(findTestObject("Выручка по ДЗО/Внутренний оборот в фильтре Выручка")): Object: 'Object Repository/Выручка по ДЗО/Внутренний оборот в фильтре Выручка' is clicked on

03-12-2024T02:55:14 - [MESSAGE][PASSED] - Object: 'Object Repository/Выручка по ДЗО/Внутренний оборот в фильтре Выручка' is clicked on

03-12-2024T02:55:14 - [TEST_STEP][PASSED] - click(findTestObject("Выручка по ДЗО/Применить в фильтре Выручка")): Object: 'Object Repository/Выручка по ДЗО/Применить в фильтре Выручка' is clicked on

03-12-2024T02:55:15 - [MESSAGE][PASSED] - Object: 'Object Repository/Выручка по ДЗО/Применить в фильтре Выручка' is clicked on

03-12-2024T02:55:15 - [TEST_STEP][PASSED] - Script1687405711779.Test(todaysDate): null

03-12-2024T02:55:15 - [TEST_STEP][FAILED] - if (verifyTextNotPresent("нет данных", false) == true): Text 'нет данных' is present on page  (Root cause: com.kms.katalon.core.exception.StepFailedException: Text 'нет данных' is present on page 
	at com.kms.katalon.core.webui.keyword.internal.WebUIKeywordMain.stepFailed(WebUIKeywordMain.groovy:64)
	at com.kms.katalon.core.webui.keyword.builtin.VerifyTextNotPresentKeyword$_verifyTextNotPresent_closure1.doCall(VerifyTextNotPresentKeyword.groovy:77)
	at com.kms.katalon.core.webui.keyword.builtin.VerifyTextNotPresentKeyword$_verifyTextNotPresent_closure1.call(VerifyTextNotPresentKeyword.groovy)
	at com.kms.katalon.core.webui.keyword.internal.WebUIKeywordMain.runKeyword(WebUIKeywordMain.groovy:20)
	at com.kms.katalon.core.webui.keyword.builtin.VerifyTextNotPresentKeyword.verifyTextNotPresent(VerifyTextNotPresentKeyword.groovy:82)
	at com.kms.katalon.core.webui.keyword.builtin.VerifyTextNotPresentKeyword.execute(VerifyTextNotPresentKeyword.groovy:68)
	at com.kms.katalon.core.keyword.internal.KeywordExecutor.executeKeywordForPlatform(KeywordExecutor.groovy:74)
	at com.kms.katalon.core.webui.keyword.WebUiBuiltInKeywords.verifyTextNotPresent(WebUiBuiltInKeywords.groovy:1795)
	at Выручка по ДЗО отображение данных все филиалы.Test(Выручка по ДЗО отображение данных все филиалы:782)
	at Выручка по ДЗО отображение данных все филиалы.Tumbler(Выручка по ДЗО отображение данных все филиалы:738)
	at Выручка по ДЗО отображение данных все филиалы.Change(Выручка по ДЗО отображение данных все филиалы:772)
	at Выручка по ДЗО отображение данных все филиалы.DzoTest(Выручка по ДЗО отображение данных все филиалы:370)
	at Выручка по ДЗО отображение данных все филиалы.run(Выручка по ДЗО отображение данных все филиалы:134)
	at com.kms.katalon.core.main.ScriptEngine.run(ScriptEngine.java:194)
	at com.kms.katalon.core.main.ScriptEngine.runScriptAsRawText(ScriptEngine.java:119)
	at com.kms.katalon.core.main.TestCaseExecutor.runScript(TestCaseExecutor.java:448)
	at com.kms.katalon.core.main.TestCaseExecutor.doExecute(TestCaseExecutor.java:439)
	at com.kms.katalon.core.main.TestCaseExecutor.processExecutionPhase(TestCaseExecutor.java:418)
	at com.kms.katalon.core.main.TestCaseExecutor.accessMainPhase(TestCaseExecutor.java:410)
	at com.kms.katalon.core.main.TestCaseExecutor.execute(TestCaseExecutor.java:285)
	at com.kms.katalon.core.common.CommonExecutor.accessTestCaseMainPhase(CommonExecutor.java:65)
	at com.kms.katalon.core.main.TestSuiteExecutor.accessTestSuiteMainPhase(TestSuiteExecutor.java:150)
	at com.kms.katalon.core.main.TestSuiteExecutor.execute(TestSuiteExecutor.java:106)
	at com.kms.katalon.core.main.TestCaseMain.startTestSuite(TestCaseMain.java:180)
	at TempTestSuite1733182698305.run(TempTestSuite1733182698305.groovy:35)
	at java.base/jdk.internal.reflect.NativeMethodAccessorImpl.invoke0(Native Method)
	at java.base/jdk.internal.reflect.NativeMethodAccessorImpl.invoke(NativeMethodAccessorImpl.java:77)
	at java.base/jdk.internal.reflect.DelegatingMethodAccessorImpl.invoke(DelegatingMethodAccessorImpl.java:43)
)

03-12-2024T02:55:17 - [MESSAGE][FAILED] - Text 'нет данных' is present on page  (Root cause: com.kms.katalon.core.exception.StepFailedException: Text 'нет данных' is present on page 
	at com.kms.katalon.core.webui.keyword.internal.WebUIKeywordMain.stepFailed(WebUIKeywordMain.groovy:64)
	at com.kms.katalon.core.webui.keyword.builtin.VerifyTextNotPresentKeyword$_verifyTextNotPresent_closure1.doCall(VerifyTextNotPresentKeyword.groovy:77)
	at com.kms.katalon.core.webui.keyword.builtin.VerifyTextNotPresentKeyword$_verifyTextNotPresent_closure1.call(VerifyTextNotPresentKeyword.groovy)
	at com.kms.katalon.core.webui.keyword.internal.WebUIKeywordMain.runKeyword(WebUIKeywordMain.groovy:20)
	at com.kms.katalon.core.webui.keyword.builtin.VerifyTextNotPresentKeyword.verifyTextNotPresent(VerifyTextNotPresentKeyword.groovy:82)
	at com.kms.katalon.core.webui.keyword.builtin.VerifyTextNotPresentKeyword.execute(VerifyTextNotPresentKeyword.groovy:68)
	at com.kms.katalon.core.keyword.internal.KeywordExecutor.executeKeywordForPlatform(KeywordExecutor.groovy:74)
	at com.kms.katalon.core.webui.keyword.WebUiBuiltInKeywords.verifyTextNotPresent(WebUiBuiltInKeywords.groovy:1795)
	at Выручка по ДЗО отображение данных все филиалы.Test(Выручка по ДЗО отображение данных все филиалы:782)
	at Выручка по ДЗО отображение данных все филиалы.Tumbler(Выручка по ДЗО отображение данных все филиалы:738)
	at Выручка по ДЗО отображение данных все филиалы.Change(Выручка по ДЗО отображение данных все филиалы:772)
	at Выручка по ДЗО отображение данных все филиалы.DzoTest(Выручка по ДЗО отображение данных все филиалы:370)
	at Выручка по ДЗО отображение данных все филиалы.run(Выручка по ДЗО отображение данных все филиалы:134)
	at com.kms.katalon.core.main.ScriptEngine.run(ScriptEngine.java:194)
	at com.kms.katalon.core.main.ScriptEngine.runScriptAsRawText(ScriptEngine.java:119)
	at com.kms.katalon.core.main.TestCaseExecutor.runScript(TestCaseExecutor.java:448)
	at com.kms.katalon.core.main.TestCaseExecutor.doExecute(TestCaseExecutor.java:439)
	at com.kms.katalon.core.main.TestCaseExecutor.processExecutionPhase(TestCaseExecutor.java:418)
	at com.kms.katalon.core.main.TestCaseExecutor.accessMainPhase(TestCaseExecutor.java:410)
	at com.kms.katalon.core.main.TestCaseExecutor.execute(TestCaseExecutor.java:285)
	at com.kms.katalon.core.common.CommonExecutor.accessTestCaseMainPhase(CommonExecutor.java:65)
	at com.kms.katalon.core.main.TestSuiteExecutor.accessTestSuiteMainPhase(TestSuiteExecutor.java:150)
	at com.kms.katalon.core.main.TestSuiteExecutor.execute(TestSuiteExecutor.java:106)
	at com.kms.katalon.core.main.TestCaseMain.startTestSuite(TestCaseMain.java:180)
	at TempTestSuite1733182698305.run(TempTestSuite1733182698305.groovy:35)
	at java.base/jdk.internal.reflect.NativeMethodAccessorImpl.invoke0(Native Method)
	at java.base/jdk.internal.reflect.NativeMethodAccessorImpl.invoke(NativeMethodAccessorImpl.java:77)
	at java.base/jdk.internal.reflect.DelegatingMethodAccessorImpl.invoke(DelegatingMethodAccessorImpl.java:43)
)

03-12-2024T02:55:17 - [TEST_STEP][PASSED] - else: null

03-12-2024T02:55:17 - [TEST_STEP][PASSED] - Script1687405711779.WriteToExcel(todaysDate): null

03-12-2024T02:55:17 - [TEST_STEP][PASSED] - sheetName = "Sheet1": null

03-12-2024T02:55:17 - [TEST_STEP][PASSED] - data = findTestData("PlanFact"): null

03-12-2024T02:55:17 - [TEST_STEP][PASSED] - n = data.getRowNumbers() + 1: null

03-12-2024T02:55:17 - [TEST_STEP][PASSED] - dZO = getText(findTestObject("Выручка по ДЗО/Фильтр ДЗО")): Text of object 'Object Repository/Выручка по ДЗО/Фильтр ДЗО' is: 'ПАО Россети - РаспредКомплекс - Россети Северо-Запад - Вологодский филиал'

03-12-2024T02:55:17 - [MESSAGE][PASSED] - Text of object 'Object Repository/Выручка по ДЗО/Фильтр ДЗО' is: 'ПАО Россети - РаспредКомплекс - Россети Северо-Запад - Вологодский филиал'

03-12-2024T02:55:17 - [TEST_STEP][PASSED] - period = getText(findTestObject("Выручка по ДЗО/Фильтр Дата")): Text of object 'Object Repository/Выручка по ДЗО/Фильтр Дата' is: '1, 2, 3 кв., Октябрь 2024 года'

03-12-2024T02:55:18 - [MESSAGE][PASSED] - Text of object 'Object Repository/Выручка по ДЗО/Фильтр Дата' is: '1, 2, 3 кв., Октябрь 2024 года'

03-12-2024T02:55:18 - [TEST_STEP][PASSED] - viruchka = getText(findTestObject("Выручка по ДЗО/Фильтр Выручка")): Text of object 'Object Repository/Выручка по ДЗО/Фильтр Выручка' is: 'внутренний оборот'

03-12-2024T02:55:18 - [MESSAGE][PASSED] - Text of object 'Object Repository/Выручка по ДЗО/Фильтр Выручка' is: 'внутренний оборот'

03-12-2024T02:55:18 - [TEST_STEP][PASSED] - if (viruchka == "Выбрано: 2"): null

03-12-2024T02:55:18 - [TEST_STEP][PASSED] - if (viruchka == "Все"): null

03-12-2024T02:55:18 - [TEST_STEP][PASSED] - println(period): null

03-12-2024T02:55:18 - [TEST_STEP][PASSED] - dashboardName = "Выручка по ДЗО": null

03-12-2024T02:55:18 - [TEST_STEP][PASSED] - workbook01 = getWorkbook(excelFilePath): null

03-12-2024T02:55:18 - [TEST_STEP][PASSED] - sheet01 = getExcelSheet(workbook01, sheetName): null

03-12-2024T02:55:18 - [TEST_STEP][PASSED] - setValueToCellByIndex(sheet01, n, 0, dashboardName): null

03-12-2024T02:55:18 - [TEST_STEP][PASSED] - setValueToCellByIndex(sheet01, n, 1, dZO): null

03-12-2024T02:55:18 - [TEST_STEP][PASSED] - setValueToCellByIndex(sheet01, n, 2, period): null

03-12-2024T02:55:18 - [TEST_STEP][PASSED] - setValueToCellByIndex(sheet01, n, 3, viruchka): null

03-12-2024T02:55:18 - [TEST_STEP][PASSED] - setValueToCellByIndex(sheet01, n, 4, todaysDate): null

03-12-2024T02:55:18 - [TEST_STEP][PASSED] - n = n + 1: null

03-12-2024T02:55:18 - [TEST_STEP][PASSED] - saveWorkbook(excelFilePath, workbook01): null

03-12-2024T02:55:18 - [TEST_STEP][PASSED] - click(findTestObject("Выручка по ДЗО/Фильтр Выручка")): Object: 'Object Repository/Выручка по ДЗО/Фильтр Выручка' is clicked on

03-12-2024T02:55:19 - [MESSAGE][PASSED] - Object: 'Object Repository/Выручка по ДЗО/Фильтр Выручка' is clicked on

03-12-2024T02:55:19 - [TEST_STEP][PASSED] - click(findTestObject("Выручка по ДЗО/По передаче в фильтре Выручка")): Object: 'Object Repository/Выручка по ДЗО/По передаче в фильтре Выручка' is clicked on

03-12-2024T02:55:19 - [MESSAGE][PASSED] - Object: 'Object Repository/Выручка по ДЗО/По передаче в фильтре Выручка' is clicked on

03-12-2024T02:55:19 - [TEST_STEP][PASSED] - click(findTestObject("Выручка по ДЗО/Применить в фильтре Выручка")): Object: 'Object Repository/Выручка по ДЗО/Применить в фильтре Выручка' is clicked on

03-12-2024T02:55:20 - [MESSAGE][PASSED] - Object: 'Object Repository/Выручка по ДЗО/Применить в фильтре Выручка' is clicked on

03-12-2024T02:55:20 - [TEST_STEP][PASSED] - Script1687405711779.Test(todaysDate): null

03-12-2024T02:55:20 - [TEST_STEP][PASSED] - if (verifyTextNotPresent("нет данных", false) == true): null

03-12-2024T02:55:22 - [MESSAGE][PASSED] - Text 'нет данных' is not present on page

03-12-2024T02:55:22 - [TEST_STEP][PASSED] - if (verifyTextNotPresent("Ошибка запроса данных", false) == true): null

03-12-2024T02:55:23 - [MESSAGE][PASSED] - Text 'Ошибка запроса данных' is not present on page

03-12-2024T02:55:23 - [TEST_STEP][PASSED] - if (verifyTextNotPresent("Произошла ошибка при выполнении пользовательского кода", false) == true): null

03-12-2024T02:55:23 - [MESSAGE][PASSED] - Text 'Произошла ошибка при выполнении пользовательского кода' is not present on page

03-12-2024T02:55:23 - [TEST_STEP][PASSED] - if (verifyTextNotPresent("У виджета нет данных", false) == true): null

03-12-2024T02:55:24 - [MESSAGE][PASSED] - Text 'У виджета нет данных' is not present on page

03-12-2024T02:55:24 - [TEST_STEP][PASSED] - if (verifyTextNotPresent("У виджета нет данных", false) == true): Text 'У виджета нет данных' is not present on page

03-12-2024T02:55:24 - [MESSAGE][PASSED] - Text 'У виджета нет данных' is not present on page

03-12-2024T02:55:24 - [TEST_STEP][PASSED] - click(findTestObject("Выручка по ДЗО/Фильтр Выручка")): Object: 'Object Repository/Выручка по ДЗО/Фильтр Выручка' is clicked on

03-12-2024T02:55:25 - [MESSAGE][PASSED] - Object: 'Object Repository/Выручка по ДЗО/Фильтр Выручка' is clicked on

03-12-2024T02:55:25 - [TEST_STEP][PASSED] - click(findTestObject("Выручка по ДЗО/Снять выделение в фильтре Выручка")): Object: 'Object Repository/Выручка по ДЗО/Снять выделение в фильтре Выручка' is clicked on

03-12-2024T02:55:25 - [MESSAGE][PASSED] - Object: 'Object Repository/Выручка по ДЗО/Снять выделение в фильтре Выручка' is clicked on

03-12-2024T02:55:25 - [TEST_STEP][PASSED] - click(findTestObject("Выручка по ДЗО/По передаче в фильтре Выручка")): Object: 'Object Repository/Выручка по ДЗО/По передаче в фильтре Выручка' is clicked on

03-12-2024T02:55:25 - [MESSAGE][PASSED] - Object: 'Object Repository/Выручка по ДЗО/По передаче в фильтре Выручка' is clicked on

03-12-2024T02:55:25 - [TEST_STEP][PASSED] - click(findTestObject("Выручка по ДЗО/Применить в фильтре Выручка")): Object: 'Object Repository/Выручка по ДЗО/Применить в фильтре Выручка' is clicked on

03-12-2024T02:55:26 - [MESSAGE][PASSED] - Object: 'Object Repository/Выручка по ДЗО/Применить в фильтре Выручка' is clicked on

03-12-2024T02:55:26 - [TEST_STEP][PASSED] - Script1687405711779.Test(todaysDate): null

03-12-2024T02:55:26 - [TEST_STEP][PASSED] - if (verifyTextNotPresent("нет данных", false) == true): null

03-12-2024T02:55:28 - [MESSAGE][PASSED] - Text 'нет данных' is not present on page

03-12-2024T02:55:28 - [TEST_STEP][PASSED] - if (verifyTextNotPresent("Ошибка запроса данных", false) == true): null

03-12-2024T02:55:28 - [MESSAGE][PASSED] - Text 'Ошибка запроса данных' is not present on page

03-12-2024T02:55:28 - [TEST_STEP][PASSED] - if (verifyTextNotPresent("Произошла ошибка при выполнении пользовательского кода", false) == true): null

03-12-2024T02:55:29 - [MESSAGE][PASSED] - Text 'Произошла ошибка при выполнении пользовательского кода' is not present on page

03-12-2024T02:55:29 - [TEST_STEP][PASSED] - if (verifyTextNotPresent("У виджета нет данных", false) == true): null

03-12-2024T02:55:29 - [MESSAGE][PASSED] - Text 'У виджета нет данных' is not present on page

03-12-2024T02:55:29 - [TEST_STEP][PASSED] - if (verifyTextNotPresent("У виджета нет данных", false) == true): Text 'У виджета нет данных' is not present on page

03-12-2024T02:55:30 - [MESSAGE][PASSED] - Text 'У виджета нет данных' is not present on page

03-12-2024T02:55:30 - [TEST_STEP][PASSED] - click(findTestObject("Выручка по ДЗО/Фильтр Выручка")): Object: 'Object Repository/Выручка по ДЗО/Фильтр Выручка' is clicked on

03-12-2024T02:55:30 - [MESSAGE][PASSED] - Object: 'Object Repository/Выручка по ДЗО/Фильтр Выручка' is clicked on

03-12-2024T02:55:30 - [TEST_STEP][PASSED] - click(findTestObject("Выручка по ДЗО/Снять выделение в фильтре Выручка")): Object: 'Object Repository/Выручка по ДЗО/Снять выделение в фильтре Выручка' is clicked on

03-12-2024T02:55:31 - [MESSAGE][PASSED] - Object: 'Object Repository/Выручка по ДЗО/Снять выделение в фильтре Выручка' is clicked on

03-12-2024T02:55:31 - [TEST_STEP][PASSED] - click(findTestObject("Выручка по ДЗО/Применить в фильтре Выручка")): Object: 'Object Repository/Выручка по ДЗО/Применить в фильтре Выручка' is clicked on

03-12-2024T02:55:31 - [MESSAGE][PASSED] - Object: 'Object Repository/Выручка по ДЗО/Применить в фильтре Выручка' is clicked on

03-12-2024T02:55:31 - [TEST_STEP][PASSED] - click(findTestObject("Выручка по ДЗО/Фильтр ДЗО")): Object: 'Object Repository/Выручка по ДЗО/Фильтр ДЗО' is clicked on

03-12-2024T02:55:33 - [MESSAGE][PASSED] - Object: 'Object Repository/Выручка по ДЗО/Фильтр ДЗО' is clicked on

03-12-2024T02:55:33 - [TEST_STEP][PASSED] - click(findTestObject("Выручка по ДЗО/Снять выделение в фильтре ДЗО")): Object: 'Object Repository/Выручка по ДЗО/Снять выделение в фильтре ДЗО' is clicked on

03-12-2024T02:55:34 - [MESSAGE][PASSED] - Object: 'Object Repository/Выручка по ДЗО/Снять выделение в фильтре ДЗО' is clicked on

03-12-2024T02:55:34 - [TEST_STEP][PASSED] - scrollToElement(findTestObject("Общие объекты/Карельский филиал"), 30): Scroll to object 'Object Repository/Общие объекты/Карельский филиал' successfully

03-12-2024T02:55:34 - [MESSAGE][PASSED] - Scroll to object 'Object Repository/Общие объекты/Карельский филиал' successfully

03-12-2024T02:55:34 - [TEST_STEP][PASSED] - click(findTestObject("Общие объекты/Карельский филиал"), CONTINUE_ON_FAILURE): Object: 'Object Repository/Общие объекты/Карельский филиал' is clicked on

03-12-2024T02:55:35 - [MESSAGE][PASSED] - Object: 'Object Repository/Общие объекты/Карельский филиал' is clicked on

03-12-2024T02:55:35 - [TEST_STEP][PASSED] - Script1687405711779.Change(todaysDate): null

03-12-2024T02:55:35 - [TEST_STEP][PASSED] - scrollToElement(findTestObject("Выручка по ДЗО/Заголовок дашборда"), 30): Scroll to object 'Object Repository/Выручка по ДЗО/Заголовок дашборда' successfully

03-12-2024T02:55:35 - [MESSAGE][PASSED] - Scroll to object 'Object Repository/Выручка по ДЗО/Заголовок дашборда' successfully

03-12-2024T02:55:35 - [TEST_STEP][PASSED] - click(findTestObject("Выручка по ДЗО/Применить в фильтре ДЗО")): Object: 'Object Repository/Выручка по ДЗО/Применить в фильтре ДЗО' is clicked on

03-12-2024T02:55:36 - [MESSAGE][PASSED] - Object: 'Object Repository/Выручка по ДЗО/Применить в фильтре ДЗО' is clicked on

03-12-2024T02:55:36 - [TEST_STEP][PASSED] - Script1687405711779.Tumbler(todaysDate): null

03-12-2024T02:55:36 - [TEST_STEP][PASSED] - Script1687405711779.Test(todaysDate): null

03-12-2024T02:55:36 - [TEST_STEP][PASSED] - if (verifyTextNotPresent("нет данных", false) == true): null

03-12-2024T02:55:38 - [MESSAGE][PASSED] - Text 'нет данных' is not present on page

03-12-2024T02:55:38 - [TEST_STEP][PASSED] - if (verifyTextNotPresent("Ошибка запроса данных", false) == true): null

03-12-2024T02:55:39 - [MESSAGE][PASSED] - Text 'Ошибка запроса данных' is not present on page

03-12-2024T02:55:39 - [TEST_STEP][PASSED] - if (verifyTextNotPresent("Произошла ошибка при выполнении пользовательского кода", false) == true): null

03-12-2024T02:55:40 - [MESSAGE][PASSED] - Text 'Произошла ошибка при выполнении пользовательского кода' is not present on page

03-12-2024T02:55:40 - [TEST_STEP][PASSED] - if (verifyTextNotPresent("У виджета нет данных", false) == true): null

03-12-2024T02:55:41 - [MESSAGE][PASSED] - Text 'У виджета нет данных' is not present on page

03-12-2024T02:55:41 - [TEST_STEP][PASSED] - if (verifyTextNotPresent("У виджета нет данных", false) == true): Text 'У виджета нет данных' is not present on page

03-12-2024T02:55:41 - [MESSAGE][PASSED] - Text 'У виджета нет данных' is not present on page

03-12-2024T02:55:41 - [TEST_STEP][PASSED] - click(findTestObject("Выручка по ДЗО/Фильтр Выручка")): Object: 'Object Repository/Выручка по ДЗО/Фильтр Выручка' is clicked on

03-12-2024T02:55:41 - [MESSAGE][PASSED] - Object: 'Object Repository/Выручка по ДЗО/Фильтр Выручка' is clicked on

03-12-2024T02:55:41 - [TEST_STEP][PASSED] - click(findTestObject("Выручка по ДЗО/Внутренний оборот в фильтре Выручка")): Object: 'Object Repository/Выручка по ДЗО/Внутренний оборот в фильтре Выручка' is clicked on

03-12-2024T02:55:42 - [MESSAGE][PASSED] - Object: 'Object Repository/Выручка по ДЗО/Внутренний оборот в фильтре Выручка' is clicked on

03-12-2024T02:55:42 - [TEST_STEP][PASSED] - click(findTestObject("Выручка по ДЗО/Применить в фильтре Выручка")): Object: 'Object Repository/Выручка по ДЗО/Применить в фильтре Выручка' is clicked on

03-12-2024T02:55:43 - [MESSAGE][PASSED] - Object: 'Object Repository/Выручка по ДЗО/Применить в фильтре Выручка' is clicked on

03-12-2024T02:55:43 - [TEST_STEP][PASSED] - Script1687405711779.Test(todaysDate): null

03-12-2024T02:55:43 - [TEST_STEP][FAILED] - if (verifyTextNotPresent("нет данных", false) == true): Text 'нет данных' is present on page  (Root cause: com.kms.katalon.core.exception.StepFailedException: Text 'нет данных' is present on page 
	at com.kms.katalon.core.webui.keyword.internal.WebUIKeywordMain.stepFailed(WebUIKeywordMain.groovy:64)
	at com.kms.katalon.core.webui.keyword.builtin.VerifyTextNotPresentKeyword$_verifyTextNotPresent_closure1.doCall(VerifyTextNotPresentKeyword.groovy:77)
	at com.kms.katalon.core.webui.keyword.builtin.VerifyTextNotPresentKeyword$_verifyTextNotPresent_closure1.call(VerifyTextNotPresentKeyword.groovy)
	at com.kms.katalon.core.webui.keyword.internal.WebUIKeywordMain.runKeyword(WebUIKeywordMain.groovy:20)
	at com.kms.katalon.core.webui.keyword.builtin.VerifyTextNotPresentKeyword.verifyTextNotPresent(VerifyTextNotPresentKeyword.groovy:82)
	at com.kms.katalon.core.webui.keyword.builtin.VerifyTextNotPresentKeyword.execute(VerifyTextNotPresentKeyword.groovy:68)
	at com.kms.katalon.core.keyword.internal.KeywordExecutor.executeKeywordForPlatform(KeywordExecutor.groovy:74)
	at com.kms.katalon.core.webui.keyword.WebUiBuiltInKeywords.verifyTextNotPresent(WebUiBuiltInKeywords.groovy:1795)
	at Выручка по ДЗО отображение данных все филиалы.Test(Выручка по ДЗО отображение данных все филиалы:782)
	at Выручка по ДЗО отображение данных все филиалы.Tumbler(Выручка по ДЗО отображение данных все филиалы:738)
	at Выручка по ДЗО отображение данных все филиалы.Change(Выручка по ДЗО отображение данных все филиалы:772)
	at Выручка по ДЗО отображение данных все филиалы.DzoTest(Выручка по ДЗО отображение данных все филиалы:376)
	at Выручка по ДЗО отображение данных все филиалы.run(Выручка по ДЗО отображение данных все филиалы:134)
	at com.kms.katalon.core.main.ScriptEngine.run(ScriptEngine.java:194)
	at com.kms.katalon.core.main.ScriptEngine.runScriptAsRawText(ScriptEngine.java:119)
	at com.kms.katalon.core.main.TestCaseExecutor.runScript(TestCaseExecutor.java:448)
	at com.kms.katalon.core.main.TestCaseExecutor.doExecute(TestCaseExecutor.java:439)
	at com.kms.katalon.core.main.TestCaseExecutor.processExecutionPhase(TestCaseExecutor.java:418)
	at com.kms.katalon.core.main.TestCaseExecutor.accessMainPhase(TestCaseExecutor.java:410)
	at com.kms.katalon.core.main.TestCaseExecutor.execute(TestCaseExecutor.java:285)
	at com.kms.katalon.core.common.CommonExecutor.accessTestCaseMainPhase(CommonExecutor.java:65)
	at com.kms.katalon.core.main.TestSuiteExecutor.accessTestSuiteMainPhase(TestSuiteExecutor.java:150)
	at com.kms.katalon.core.main.TestSuiteExecutor.execute(TestSuiteExecutor.java:106)
	at com.kms.katalon.core.main.TestCaseMain.startTestSuite(TestCaseMain.java:180)
	at TempTestSuite1733182698305.run(TempTestSuite1733182698305.groovy:35)
	at java.base/jdk.internal.reflect.NativeMethodAccessorImpl.invoke0(Native Method)
	at java.base/jdk.internal.reflect.NativeMethodAccessorImpl.invoke(NativeMethodAccessorImpl.java:77)
	at java.base/jdk.internal.reflect.DelegatingMethodAccessorImpl.invoke(DelegatingMethodAccessorImpl.java:43)
)

03-12-2024T02:55:45 - [MESSAGE][FAILED] - Text 'нет данных' is present on page  (Root cause: com.kms.katalon.core.exception.StepFailedException: Text 'нет данных' is present on page 
	at com.kms.katalon.core.webui.keyword.internal.WebUIKeywordMain.stepFailed(WebUIKeywordMain.groovy:64)
	at com.kms.katalon.core.webui.keyword.builtin.VerifyTextNotPresentKeyword$_verifyTextNotPresent_closure1.doCall(VerifyTextNotPresentKeyword.groovy:77)
	at com.kms.katalon.core.webui.keyword.builtin.VerifyTextNotPresentKeyword$_verifyTextNotPresent_closure1.call(VerifyTextNotPresentKeyword.groovy)
	at com.kms.katalon.core.webui.keyword.internal.WebUIKeywordMain.runKeyword(WebUIKeywordMain.groovy:20)
	at com.kms.katalon.core.webui.keyword.builtin.VerifyTextNotPresentKeyword.verifyTextNotPresent(VerifyTextNotPresentKeyword.groovy:82)
	at com.kms.katalon.core.webui.keyword.builtin.VerifyTextNotPresentKeyword.execute(VerifyTextNotPresentKeyword.groovy:68)
	at com.kms.katalon.core.keyword.internal.KeywordExecutor.executeKeywordForPlatform(KeywordExecutor.groovy:74)
	at com.kms.katalon.core.webui.keyword.WebUiBuiltInKeywords.verifyTextNotPresent(WebUiBuiltInKeywords.groovy:1795)
	at Выручка по ДЗО отображение данных все филиалы.Test(Выручка по ДЗО отображение данных все филиалы:782)
	at Выручка по ДЗО отображение данных все филиалы.Tumbler(Выручка по ДЗО отображение данных все филиалы:738)
	at Выручка по ДЗО отображение данных все филиалы.Change(Выручка по ДЗО отображение данных все филиалы:772)
	at Выручка по ДЗО отображение данных все филиалы.DzoTest(Выручка по ДЗО отображение данных все филиалы:376)
	at Выручка по ДЗО отображение данных все филиалы.run(Выручка по ДЗО отображение данных все филиалы:134)
	at com.kms.katalon.core.main.ScriptEngine.run(ScriptEngine.java:194)
	at com.kms.katalon.core.main.ScriptEngine.runScriptAsRawText(ScriptEngine.java:119)
	at com.kms.katalon.core.main.TestCaseExecutor.runScript(TestCaseExecutor.java:448)
	at com.kms.katalon.core.main.TestCaseExecutor.doExecute(TestCaseExecutor.java:439)
	at com.kms.katalon.core.main.TestCaseExecutor.processExecutionPhase(TestCaseExecutor.java:418)
	at com.kms.katalon.core.main.TestCaseExecutor.accessMainPhase(TestCaseExecutor.java:410)
	at com.kms.katalon.core.main.TestCaseExecutor.execute(TestCaseExecutor.java:285)
	at com.kms.katalon.core.common.CommonExecutor.accessTestCaseMainPhase(CommonExecutor.java:65)
	at com.kms.katalon.core.main.TestSuiteExecutor.accessTestSuiteMainPhase(TestSuiteExecutor.java:150)
	at com.kms.katalon.core.main.TestSuiteExecutor.execute(TestSuiteExecutor.java:106)
	at com.kms.katalon.core.main.TestCaseMain.startTestSuite(TestCaseMain.java:180)
	at TempTestSuite1733182698305.run(TempTestSuite1733182698305.groovy:35)
	at java.base/jdk.internal.reflect.NativeMethodAccessorImpl.invoke0(Native Method)
	at java.base/jdk.internal.reflect.NativeMethodAccessorImpl.invoke(NativeMethodAccessorImpl.java:77)
	at java.base/jdk.internal.reflect.DelegatingMethodAccessorImpl.invoke(DelegatingMethodAccessorImpl.java:43)
)

03-12-2024T02:55:45 - [TEST_STEP][PASSED] - else: null

03-12-2024T02:55:45 - [TEST_STEP][PASSED] - Script1687405711779.WriteToExcel(todaysDate): null

03-12-2024T02:55:45 - [TEST_STEP][PASSED] - sheetName = "Sheet1": null

03-12-2024T02:55:45 - [TEST_STEP][PASSED] - data = findTestData("PlanFact"): null

03-12-2024T02:55:45 - [TEST_STEP][PASSED] - n = data.getRowNumbers() + 1: null

03-12-2024T02:55:45 - [TEST_STEP][PASSED] - dZO = getText(findTestObject("Выручка по ДЗО/Фильтр ДЗО")): Text of object 'Object Repository/Выручка по ДЗО/Фильтр ДЗО' is: 'ПАО Россети - РаспредКомплекс - Россети Северо-Запад - Карельский филиал'

03-12-2024T02:55:45 - [MESSAGE][PASSED] - Text of object 'Object Repository/Выручка по ДЗО/Фильтр ДЗО' is: 'ПАО Россети - РаспредКомплекс - Россети Северо-Запад - Карельский филиал'

03-12-2024T02:55:45 - [TEST_STEP][PASSED] - period = getText(findTestObject("Выручка по ДЗО/Фильтр Дата")): Text of object 'Object Repository/Выручка по ДЗО/Фильтр Дата' is: '1, 2, 3 кв., Октябрь 2024 года'

03-12-2024T02:55:45 - [MESSAGE][PASSED] - Text of object 'Object Repository/Выручка по ДЗО/Фильтр Дата' is: '1, 2, 3 кв., Октябрь 2024 года'

03-12-2024T02:55:45 - [TEST_STEP][PASSED] - viruchka = getText(findTestObject("Выручка по ДЗО/Фильтр Выручка")): Text of object 'Object Repository/Выручка по ДЗО/Фильтр Выручка' is: 'внутренний оборот'

03-12-2024T02:55:45 - [MESSAGE][PASSED] - Text of object 'Object Repository/Выручка по ДЗО/Фильтр Выручка' is: 'внутренний оборот'

03-12-2024T02:55:45 - [TEST_STEP][PASSED] - if (viruchka == "Выбрано: 2"): null

03-12-2024T02:55:45 - [TEST_STEP][PASSED] - if (viruchka == "Все"): null

03-12-2024T02:55:45 - [TEST_STEP][PASSED] - println(period): null

03-12-2024T02:55:45 - [TEST_STEP][PASSED] - dashboardName = "Выручка по ДЗО": null

03-12-2024T02:55:45 - [TEST_STEP][PASSED] - workbook01 = getWorkbook(excelFilePath): null

03-12-2024T02:55:46 - [TEST_STEP][PASSED] - sheet01 = getExcelSheet(workbook01, sheetName): null

03-12-2024T02:55:46 - [TEST_STEP][PASSED] - setValueToCellByIndex(sheet01, n, 0, dashboardName): null

03-12-2024T02:55:46 - [TEST_STEP][PASSED] - setValueToCellByIndex(sheet01, n, 1, dZO): null

03-12-2024T02:55:46 - [TEST_STEP][PASSED] - setValueToCellByIndex(sheet01, n, 2, period): null

03-12-2024T02:55:46 - [TEST_STEP][PASSED] - setValueToCellByIndex(sheet01, n, 3, viruchka): null

03-12-2024T02:55:46 - [TEST_STEP][PASSED] - setValueToCellByIndex(sheet01, n, 4, todaysDate): null

03-12-2024T02:55:46 - [TEST_STEP][PASSED] - n = n + 1: null

03-12-2024T02:55:46 - [TEST_STEP][PASSED] - saveWorkbook(excelFilePath, workbook01): null

03-12-2024T02:55:46 - [TEST_STEP][PASSED] - click(findTestObject("Выручка по ДЗО/Фильтр Выручка")): Object: 'Object Repository/Выручка по ДЗО/Фильтр Выручка' is clicked on

03-12-2024T02:55:46 - [MESSAGE][PASSED] - Object: 'Object Repository/Выручка по ДЗО/Фильтр Выручка' is clicked on

03-12-2024T02:55:46 - [TEST_STEP][PASSED] - click(findTestObject("Выручка по ДЗО/По передаче в фильтре Выручка")): Object: 'Object Repository/Выручка по ДЗО/По передаче в фильтре Выручка' is clicked on

03-12-2024T02:55:47 - [MESSAGE][PASSED] - Object: 'Object Repository/Выручка по ДЗО/По передаче в фильтре Выручка' is clicked on

03-12-2024T02:55:47 - [TEST_STEP][PASSED] - click(findTestObject("Выручка по ДЗО/Применить в фильтре Выручка")): Object: 'Object Repository/Выручка по ДЗО/Применить в фильтре Выручка' is clicked on

03-12-2024T02:55:47 - [MESSAGE][PASSED] - Object: 'Object Repository/Выручка по ДЗО/Применить в фильтре Выручка' is clicked on

03-12-2024T02:55:47 - [TEST_STEP][PASSED] - Script1687405711779.Test(todaysDate): null

03-12-2024T02:55:47 - [TEST_STEP][PASSED] - if (verifyTextNotPresent("нет данных", false) == true): null

03-12-2024T02:55:49 - [MESSAGE][PASSED] - Text 'нет данных' is not present on page

03-12-2024T02:55:49 - [TEST_STEP][PASSED] - if (verifyTextNotPresent("Ошибка запроса данных", false) == true): null

03-12-2024T02:55:50 - [MESSAGE][PASSED] - Text 'Ошибка запроса данных' is not present on page

03-12-2024T02:55:50 - [TEST_STEP][PASSED] - if (verifyTextNotPresent("Произошла ошибка при выполнении пользовательского кода", false) == true): null

03-12-2024T02:55:51 - [MESSAGE][PASSED] - Text 'Произошла ошибка при выполнении пользовательского кода' is not present on page

03-12-2024T02:55:51 - [TEST_STEP][PASSED] - if (verifyTextNotPresent("У виджета нет данных", false) == true): null

03-12-2024T02:55:51 - [MESSAGE][PASSED] - Text 'У виджета нет данных' is not present on page

03-12-2024T02:55:51 - [TEST_STEP][PASSED] - if (verifyTextNotPresent("У виджета нет данных", false) == true): Text 'У виджета нет данных' is not present on page

03-12-2024T02:55:52 - [MESSAGE][PASSED] - Text 'У виджета нет данных' is not present on page

03-12-2024T02:55:52 - [TEST_STEP][PASSED] - click(findTestObject("Выручка по ДЗО/Фильтр Выручка")): Object: 'Object Repository/Выручка по ДЗО/Фильтр Выручка' is clicked on

03-12-2024T02:55:52 - [MESSAGE][PASSED] - Object: 'Object Repository/Выручка по ДЗО/Фильтр Выручка' is clicked on

03-12-2024T02:55:52 - [TEST_STEP][PASSED] - click(findTestObject("Выручка по ДЗО/Снять выделение в фильтре Выручка")): Object: 'Object Repository/Выручка по ДЗО/Снять выделение в фильтре Выручка' is clicked on

03-12-2024T02:55:53 - [MESSAGE][PASSED] - Object: 'Object Repository/Выручка по ДЗО/Снять выделение в фильтре Выручка' is clicked on

03-12-2024T02:55:53 - [TEST_STEP][PASSED] - click(findTestObject("Выручка по ДЗО/По передаче в фильтре Выручка")): Object: 'Object Repository/Выручка по ДЗО/По передаче в фильтре Выручка' is clicked on

03-12-2024T02:55:53 - [MESSAGE][PASSED] - Object: 'Object Repository/Выручка по ДЗО/По передаче в фильтре Выручка' is clicked on

03-12-2024T02:55:53 - [TEST_STEP][PASSED] - click(findTestObject("Выручка по ДЗО/Применить в фильтре Выручка")): Object: 'Object Repository/Выручка по ДЗО/Применить в фильтре Выручка' is clicked on

03-12-2024T02:55:54 - [MESSAGE][PASSED] - Object: 'Object Repository/Выручка по ДЗО/Применить в фильтре Выручка' is clicked on

03-12-2024T02:55:54 - [TEST_STEP][PASSED] - Script1687405711779.Test(todaysDate): null

03-12-2024T02:55:54 - [TEST_STEP][PASSED] - if (verifyTextNotPresent("нет данных", false) == true): null

03-12-2024T02:55:55 - [MESSAGE][PASSED] - Text 'нет данных' is not present on page

03-12-2024T02:55:55 - [TEST_STEP][PASSED] - if (verifyTextNotPresent("Ошибка запроса данных", false) == true): null

03-12-2024T02:55:56 - [MESSAGE][PASSED] - Text 'Ошибка запроса данных' is not present on page

03-12-2024T02:55:56 - [TEST_STEP][PASSED] - if (verifyTextNotPresent("Произошла ошибка при выполнении пользовательского кода", false) == true): null

03-12-2024T02:55:56 - [MESSAGE][PASSED] - Text 'Произошла ошибка при выполнении пользовательского кода' is not present on page

03-12-2024T02:55:56 - [TEST_STEP][PASSED] - if (verifyTextNotPresent("У виджета нет данных", false) == true): null

03-12-2024T02:55:57 - [MESSAGE][PASSED] - Text 'У виджета нет данных' is not present on page

03-12-2024T02:55:57 - [TEST_STEP][PASSED] - if (verifyTextNotPresent("У виджета нет данных", false) == true): Text 'У виджета нет данных' is not present on page

03-12-2024T02:55:57 - [MESSAGE][PASSED] - Text 'У виджета нет данных' is not present on page

03-12-2024T02:55:57 - [TEST_STEP][PASSED] - click(findTestObject("Выручка по ДЗО/Фильтр Выручка")): Object: 'Object Repository/Выручка по ДЗО/Фильтр Выручка' is clicked on

03-12-2024T02:55:58 - [MESSAGE][PASSED] - Object: 'Object Repository/Выручка по ДЗО/Фильтр Выручка' is clicked on

03-12-2024T02:55:58 - [TEST_STEP][PASSED] - click(findTestObject("Выручка по ДЗО/Снять выделение в фильтре Выручка")): Object: 'Object Repository/Выручка по ДЗО/Снять выделение в фильтре Выручка' is clicked on

03-12-2024T02:55:58 - [MESSAGE][PASSED] - Object: 'Object Repository/Выручка по ДЗО/Снять выделение в фильтре Выручка' is clicked on

03-12-2024T02:55:58 - [TEST_STEP][PASSED] - click(findTestObject("Выручка по ДЗО/Применить в фильтре Выручка")): Object: 'Object Repository/Выручка по ДЗО/Применить в фильтре Выручка' is clicked on

03-12-2024T02:55:59 - [MESSAGE][PASSED] - Object: 'Object Repository/Выручка по ДЗО/Применить в фильтре Выручка' is clicked on

03-12-2024T02:55:59 - [TEST_STEP][PASSED] - click(findTestObject("Выручка по ДЗО/Фильтр ДЗО")): Object: 'Object Repository/Выручка по ДЗО/Фильтр ДЗО' is clicked on

03-12-2024T02:56:00 - [MESSAGE][PASSED] - Object: 'Object Repository/Выручка по ДЗО/Фильтр ДЗО' is clicked on

03-12-2024T02:56:00 - [TEST_STEP][PASSED] - click(findTestObject("Выручка по ДЗО/Снять выделение в фильтре ДЗО")): Object: 'Object Repository/Выручка по ДЗО/Снять выделение в фильтре ДЗО' is clicked on

03-12-2024T02:56:01 - [MESSAGE][PASSED] - Object: 'Object Repository/Выручка по ДЗО/Снять выделение в фильтре ДЗО' is clicked on

03-12-2024T02:56:01 - [TEST_STEP][PASSED] - scrollToElement(findTestObject("Общие объекты/Мурманский филиал"), 30): Scroll to object 'Object Repository/Общие объекты/Мурманский филиал' successfully

03-12-2024T02:56:01 - [MESSAGE][PASSED] - Scroll to object 'Object Repository/Общие объекты/Мурманский филиал' successfully

03-12-2024T02:56:01 - [TEST_STEP][PASSED] - click(findTestObject("Общие объекты/Мурманский филиал"), CONTINUE_ON_FAILURE): Object: 'Object Repository/Общие объекты/Мурманский филиал' is clicked on

03-12-2024T02:56:01 - [MESSAGE][PASSED] - Object: 'Object Repository/Общие объекты/Мурманский филиал' is clicked on

03-12-2024T02:56:01 - [TEST_STEP][PASSED] - Script1687405711779.Change(todaysDate): null

03-12-2024T02:56:01 - [TEST_STEP][PASSED] - scrollToElement(findTestObject("Выручка по ДЗО/Заголовок дашборда"), 30): Scroll to object 'Object Repository/Выручка по ДЗО/Заголовок дашборда' successfully

03-12-2024T02:56:02 - [MESSAGE][PASSED] - Scroll to object 'Object Repository/Выручка по ДЗО/Заголовок дашборда' successfully

03-12-2024T02:56:02 - [TEST_STEP][PASSED] - click(findTestObject("Выручка по ДЗО/Применить в фильтре ДЗО")): Object: 'Object Repository/Выручка по ДЗО/Применить в фильтре ДЗО' is clicked on

03-12-2024T02:56:02 - [MESSAGE][PASSED] - Object: 'Object Repository/Выручка по ДЗО/Применить в фильтре ДЗО' is clicked on

03-12-2024T02:56:02 - [TEST_STEP][PASSED] - Script1687405711779.Tumbler(todaysDate): null

03-12-2024T02:56:02 - [TEST_STEP][PASSED] - Script1687405711779.Test(todaysDate): null

03-12-2024T02:56:02 - [TEST_STEP][PASSED] - if (verifyTextNotPresent("нет данных", false) == true): null

03-12-2024T02:56:06 - [MESSAGE][PASSED] - Text 'нет данных' is not present on page

03-12-2024T02:56:06 - [TEST_STEP][PASSED] - if (verifyTextNotPresent("Ошибка запроса данных", false) == true): null

03-12-2024T02:56:06 - [MESSAGE][PASSED] - Text 'Ошибка запроса данных' is not present on page

03-12-2024T02:56:06 - [TEST_STEP][PASSED] - if (verifyTextNotPresent("Произошла ошибка при выполнении пользовательского кода", false) == true): null

03-12-2024T02:56:07 - [MESSAGE][PASSED] - Text 'Произошла ошибка при выполнении пользовательского кода' is not present on page

03-12-2024T02:56:07 - [TEST_STEP][PASSED] - if (verifyTextNotPresent("У виджета нет данных", false) == true): null

03-12-2024T02:56:07 - [MESSAGE][PASSED] - Text 'У виджета нет данных' is not present on page

03-12-2024T02:56:07 - [TEST_STEP][PASSED] - if (verifyTextNotPresent("У виджета нет данных", false) == true): Text 'У виджета нет данных' is not present on page

03-12-2024T02:56:08 - [MESSAGE][PASSED] - Text 'У виджета нет данных' is not present on page

03-12-2024T02:56:08 - [TEST_STEP][PASSED] - click(findTestObject("Выручка по ДЗО/Фильтр Выручка")): Object: 'Object Repository/Выручка по ДЗО/Фильтр Выручка' is clicked on

03-12-2024T02:56:08 - [MESSAGE][PASSED] - Object: 'Object Repository/Выручка по ДЗО/Фильтр Выручка' is clicked on

03-12-2024T02:56:08 - [TEST_STEP][PASSED] - click(findTestObject("Выручка по ДЗО/Внутренний оборот в фильтре Выручка")): Object: 'Object Repository/Выручка по ДЗО/Внутренний оборот в фильтре Выручка' is clicked on

03-12-2024T02:56:09 - [MESSAGE][PASSED] - Object: 'Object Repository/Выручка по ДЗО/Внутренний оборот в фильтре Выручка' is clicked on

03-12-2024T02:56:09 - [TEST_STEP][PASSED] - click(findTestObject("Выручка по ДЗО/Применить в фильтре Выручка")): Object: 'Object Repository/Выручка по ДЗО/Применить в фильтре Выручка' is clicked on

03-12-2024T02:56:09 - [MESSAGE][PASSED] - Object: 'Object Repository/Выручка по ДЗО/Применить в фильтре Выручка' is clicked on

03-12-2024T02:56:09 - [TEST_STEP][PASSED] - Script1687405711779.Test(todaysDate): null

03-12-2024T02:56:09 - [TEST_STEP][FAILED] - if (verifyTextNotPresent("нет данных", false) == true): Text 'нет данных' is present on page  (Root cause: com.kms.katalon.core.exception.StepFailedException: Text 'нет данных' is present on page 
	at com.kms.katalon.core.webui.keyword.internal.WebUIKeywordMain.stepFailed(WebUIKeywordMain.groovy:64)
	at com.kms.katalon.core.webui.keyword.builtin.VerifyTextNotPresentKeyword$_verifyTextNotPresent_closure1.doCall(VerifyTextNotPresentKeyword.groovy:77)
	at com.kms.katalon.core.webui.keyword.builtin.VerifyTextNotPresentKeyword$_verifyTextNotPresent_closure1.call(VerifyTextNotPresentKeyword.groovy)
	at com.kms.katalon.core.webui.keyword.internal.WebUIKeywordMain.runKeyword(WebUIKeywordMain.groovy:20)
	at com.kms.katalon.core.webui.keyword.builtin.VerifyTextNotPresentKeyword.verifyTextNotPresent(VerifyTextNotPresentKeyword.groovy:82)
	at com.kms.katalon.core.webui.keyword.builtin.VerifyTextNotPresentKeyword.execute(VerifyTextNotPresentKeyword.groovy:68)
	at com.kms.katalon.core.keyword.internal.KeywordExecutor.executeKeywordForPlatform(KeywordExecutor.groovy:74)
	at com.kms.katalon.core.webui.keyword.WebUiBuiltInKeywords.verifyTextNotPresent(WebUiBuiltInKeywords.groovy:1795)
	at Выручка по ДЗО отображение данных все филиалы.Test(Выручка по ДЗО отображение данных все филиалы:782)
	at Выручка по ДЗО отображение данных все филиалы.Tumbler(Выручка по ДЗО отображение данных все филиалы:738)
	at Выручка по ДЗО отображение данных все филиалы.Change(Выручка по ДЗО отображение данных все филиалы:772)
	at Выручка по ДЗО отображение данных все филиалы.DzoTest(Выручка по ДЗО отображение данных все филиалы:382)
	at Выручка по ДЗО отображение данных все филиалы.run(Выручка по ДЗО отображение данных все филиалы:134)
	at com.kms.katalon.core.main.ScriptEngine.run(ScriptEngine.java:194)
	at com.kms.katalon.core.main.ScriptEngine.runScriptAsRawText(ScriptEngine.java:119)
	at com.kms.katalon.core.main.TestCaseExecutor.runScript(TestCaseExecutor.java:448)
	at com.kms.katalon.core.main.TestCaseExecutor.doExecute(TestCaseExecutor.java:439)
	at com.kms.katalon.core.main.TestCaseExecutor.processExecutionPhase(TestCaseExecutor.java:418)
	at com.kms.katalon.core.main.TestCaseExecutor.accessMainPhase(TestCaseExecutor.java:410)
	at com.kms.katalon.core.main.TestCaseExecutor.execute(TestCaseExecutor.java:285)
	at com.kms.katalon.core.common.CommonExecutor.accessTestCaseMainPhase(CommonExecutor.java:65)
	at com.kms.katalon.core.main.TestSuiteExecutor.accessTestSuiteMainPhase(TestSuiteExecutor.java:150)
	at com.kms.katalon.core.main.TestSuiteExecutor.execute(TestSuiteExecutor.java:106)
	at com.kms.katalon.core.main.TestCaseMain.startTestSuite(TestCaseMain.java:180)
	at TempTestSuite1733182698305.run(TempTestSuite1733182698305.groovy:35)
	at java.base/jdk.internal.reflect.NativeMethodAccessorImpl.invoke0(Native Method)
	at java.base/jdk.internal.reflect.NativeMethodAccessorImpl.invoke(NativeMethodAccessorImpl.java:77)
	at java.base/jdk.internal.reflect.DelegatingMethodAccessorImpl.invoke(DelegatingMethodAccessorImpl.java:43)
)

03-12-2024T02:56:11 - [MESSAGE][FAILED] - Text 'нет данных' is present on page  (Root cause: com.kms.katalon.core.exception.StepFailedException: Text 'нет данных' is present on page 
	at com.kms.katalon.core.webui.keyword.internal.WebUIKeywordMain.stepFailed(WebUIKeywordMain.groovy:64)
	at com.kms.katalon.core.webui.keyword.builtin.VerifyTextNotPresentKeyword$_verifyTextNotPresent_closure1.doCall(VerifyTextNotPresentKeyword.groovy:77)
	at com.kms.katalon.core.webui.keyword.builtin.VerifyTextNotPresentKeyword$_verifyTextNotPresent_closure1.call(VerifyTextNotPresentKeyword.groovy)
	at com.kms.katalon.core.webui.keyword.internal.WebUIKeywordMain.runKeyword(WebUIKeywordMain.groovy:20)
	at com.kms.katalon.core.webui.keyword.builtin.VerifyTextNotPresentKeyword.verifyTextNotPresent(VerifyTextNotPresentKeyword.groovy:82)
	at com.kms.katalon.core.webui.keyword.builtin.VerifyTextNotPresentKeyword.execute(VerifyTextNotPresentKeyword.groovy:68)
	at com.kms.katalon.core.keyword.internal.KeywordExecutor.executeKeywordForPlatform(KeywordExecutor.groovy:74)
	at com.kms.katalon.core.webui.keyword.WebUiBuiltInKeywords.verifyTextNotPresent(WebUiBuiltInKeywords.groovy:1795)
	at Выручка по ДЗО отображение данных все филиалы.Test(Выручка по ДЗО отображение данных все филиалы:782)
	at Выручка по ДЗО отображение данных все филиалы.Tumbler(Выручка по ДЗО отображение данных все филиалы:738)
	at Выручка по ДЗО отображение данных все филиалы.Change(Выручка по ДЗО отображение данных все филиалы:772)
	at Выручка по ДЗО отображение данных все филиалы.DzoTest(Выручка по ДЗО отображение данных все филиалы:382)
	at Выручка по ДЗО отображение данных все филиалы.run(Выручка по ДЗО отображение данных все филиалы:134)
	at com.kms.katalon.core.main.ScriptEngine.run(ScriptEngine.java:194)
	at com.kms.katalon.core.main.ScriptEngine.runScriptAsRawText(ScriptEngine.java:119)
	at com.kms.katalon.core.main.TestCaseExecutor.runScript(TestCaseExecutor.java:448)
	at com.kms.katalon.core.main.TestCaseExecutor.doExecute(TestCaseExecutor.java:439)
	at com.kms.katalon.core.main.TestCaseExecutor.processExecutionPhase(TestCaseExecutor.java:418)
	at com.kms.katalon.core.main.TestCaseExecutor.accessMainPhase(TestCaseExecutor.java:410)
	at com.kms.katalon.core.main.TestCaseExecutor.execute(TestCaseExecutor.java:285)
	at com.kms.katalon.core.common.CommonExecutor.accessTestCaseMainPhase(CommonExecutor.java:65)
	at com.kms.katalon.core.main.TestSuiteExecutor.accessTestSuiteMainPhase(TestSuiteExecutor.java:150)
	at com.kms.katalon.core.main.TestSuiteExecutor.execute(TestSuiteExecutor.java:106)
	at com.kms.katalon.core.main.TestCaseMain.startTestSuite(TestCaseMain.java:180)
	at TempTestSuite1733182698305.run(TempTestSuite1733182698305.groovy:35)
	at java.base/jdk.internal.reflect.NativeMethodAccessorImpl.invoke0(Native Method)
	at java.base/jdk.internal.reflect.NativeMethodAccessorImpl.invoke(NativeMethodAccessorImpl.java:77)
	at java.base/jdk.internal.reflect.DelegatingMethodAccessorImpl.invoke(DelegatingMethodAccessorImpl.java:43)
)

03-12-2024T02:56:11 - [TEST_STEP][PASSED] - else: null

03-12-2024T02:56:11 - [TEST_STEP][PASSED] - Script1687405711779.WriteToExcel(todaysDate): null

03-12-2024T02:56:11 - [TEST_STEP][PASSED] - sheetName = "Sheet1": null

03-12-2024T02:56:11 - [TEST_STEP][PASSED] - data = findTestData("PlanFact"): null

03-12-2024T02:56:11 - [TEST_STEP][PASSED] - n = data.getRowNumbers() + 1: null

03-12-2024T02:56:11 - [TEST_STEP][PASSED] - dZO = getText(findTestObject("Выручка по ДЗО/Фильтр ДЗО")): Text of object 'Object Repository/Выручка по ДЗО/Фильтр ДЗО' is: 'ПАО Россети - РаспредКомплекс - Россети Северо-Запад - Мурманский филиал'

03-12-2024T02:56:11 - [MESSAGE][PASSED] - Text of object 'Object Repository/Выручка по ДЗО/Фильтр ДЗО' is: 'ПАО Россети - РаспредКомплекс - Россети Северо-Запад - Мурманский филиал'

03-12-2024T02:56:11 - [TEST_STEP][PASSED] - period = getText(findTestObject("Выручка по ДЗО/Фильтр Дата")): Text of object 'Object Repository/Выручка по ДЗО/Фильтр Дата' is: '1, 2, 3 кв., Октябрь 2024 года'

03-12-2024T02:56:12 - [MESSAGE][PASSED] - Text of object 'Object Repository/Выручка по ДЗО/Фильтр Дата' is: '1, 2, 3 кв., Октябрь 2024 года'

03-12-2024T02:56:12 - [TEST_STEP][PASSED] - viruchka = getText(findTestObject("Выручка по ДЗО/Фильтр Выручка")): Text of object 'Object Repository/Выручка по ДЗО/Фильтр Выручка' is: 'внутренний оборот'

03-12-2024T02:56:12 - [MESSAGE][PASSED] - Text of object 'Object Repository/Выручка по ДЗО/Фильтр Выручка' is: 'внутренний оборот'

03-12-2024T02:56:12 - [TEST_STEP][PASSED] - if (viruchka == "Выбрано: 2"): null

03-12-2024T02:56:12 - [TEST_STEP][PASSED] - if (viruchka == "Все"): null

03-12-2024T02:56:12 - [TEST_STEP][PASSED] - println(period): null

03-12-2024T02:56:12 - [TEST_STEP][PASSED] - dashboardName = "Выручка по ДЗО": null

03-12-2024T02:56:12 - [TEST_STEP][PASSED] - workbook01 = getWorkbook(excelFilePath): null

03-12-2024T02:56:12 - [TEST_STEP][PASSED] - sheet01 = getExcelSheet(workbook01, sheetName): null

03-12-2024T02:56:12 - [TEST_STEP][PASSED] - setValueToCellByIndex(sheet01, n, 0, dashboardName): null

03-12-2024T02:56:12 - [TEST_STEP][PASSED] - setValueToCellByIndex(sheet01, n, 1, dZO): null

03-12-2024T02:56:12 - [TEST_STEP][PASSED] - setValueToCellByIndex(sheet01, n, 2, period): null

03-12-2024T02:56:12 - [TEST_STEP][PASSED] - setValueToCellByIndex(sheet01, n, 3, viruchka): null

03-12-2024T02:56:12 - [TEST_STEP][PASSED] - setValueToCellByIndex(sheet01, n, 4, todaysDate): null

03-12-2024T02:56:12 - [TEST_STEP][PASSED] - n = n + 1: null

03-12-2024T02:56:12 - [TEST_STEP][PASSED] - saveWorkbook(excelFilePath, workbook01): null

03-12-2024T02:56:12 - [TEST_STEP][PASSED] - click(findTestObject("Выручка по ДЗО/Фильтр Выручка")): Object: 'Object Repository/Выручка по ДЗО/Фильтр Выручка' is clicked on

03-12-2024T02:56:13 - [MESSAGE][PASSED] - Object: 'Object Repository/Выручка по ДЗО/Фильтр Выручка' is clicked on

03-12-2024T02:56:13 - [TEST_STEP][PASSED] - click(findTestObject("Выручка по ДЗО/По передаче в фильтре Выручка")): Object: 'Object Repository/Выручка по ДЗО/По передаче в фильтре Выручка' is clicked on

03-12-2024T02:56:13 - [MESSAGE][PASSED] - Object: 'Object Repository/Выручка по ДЗО/По передаче в фильтре Выручка' is clicked on

03-12-2024T02:56:13 - [TEST_STEP][PASSED] - click(findTestObject("Выручка по ДЗО/Применить в фильтре Выручка")): Object: 'Object Repository/Выручка по ДЗО/Применить в фильтре Выручка' is clicked on

03-12-2024T02:56:14 - [MESSAGE][PASSED] - Object: 'Object Repository/Выручка по ДЗО/Применить в фильтре Выручка' is clicked on

03-12-2024T02:56:14 - [TEST_STEP][PASSED] - Script1687405711779.Test(todaysDate): null

03-12-2024T02:56:14 - [TEST_STEP][PASSED] - if (verifyTextNotPresent("нет данных", false) == true): null

03-12-2024T02:56:16 - [MESSAGE][PASSED] - Text 'нет данных' is not present on page

03-12-2024T02:56:16 - [TEST_STEP][PASSED] - if (verifyTextNotPresent("Ошибка запроса данных", false) == true): null

03-12-2024T02:56:17 - [MESSAGE][PASSED] - Text 'Ошибка запроса данных' is not present on page

03-12-2024T02:56:17 - [TEST_STEP][PASSED] - if (verifyTextNotPresent("Произошла ошибка при выполнении пользовательского кода", false) == true): null

03-12-2024T02:56:17 - [MESSAGE][PASSED] - Text 'Произошла ошибка при выполнении пользовательского кода' is not present on page

03-12-2024T02:56:17 - [TEST_STEP][PASSED] - if (verifyTextNotPresent("У виджета нет данных", false) == true): null

03-12-2024T02:56:18 - [MESSAGE][PASSED] - Text 'У виджета нет данных' is not present on page

03-12-2024T02:56:18 - [TEST_STEP][PASSED] - if (verifyTextNotPresent("У виджета нет данных", false) == true): Text 'У виджета нет данных' is not present on page

03-12-2024T02:56:18 - [MESSAGE][PASSED] - Text 'У виджета нет данных' is not present on page

03-12-2024T02:56:18 - [TEST_STEP][PASSED] - click(findTestObject("Выручка по ДЗО/Фильтр Выручка")): Object: 'Object Repository/Выручка по ДЗО/Фильтр Выручка' is clicked on

03-12-2024T02:56:19 - [MESSAGE][PASSED] - Object: 'Object Repository/Выручка по ДЗО/Фильтр Выручка' is clicked on

03-12-2024T02:56:19 - [TEST_STEP][PASSED] - click(findTestObject("Выручка по ДЗО/Снять выделение в фильтре Выручка")): Object: 'Object Repository/Выручка по ДЗО/Снять выделение в фильтре Выручка' is clicked on

03-12-2024T02:56:19 - [MESSAGE][PASSED] - Object: 'Object Repository/Выручка по ДЗО/Снять выделение в фильтре Выручка' is clicked on

03-12-2024T02:56:19 - [TEST_STEP][PASSED] - click(findTestObject("Выручка по ДЗО/По передаче в фильтре Выручка")): Object: 'Object Repository/Выручка по ДЗО/По передаче в фильтре Выручка' is clicked on

03-12-2024T02:56:20 - [MESSAGE][PASSED] - Object: 'Object Repository/Выручка по ДЗО/По передаче в фильтре Выручка' is clicked on

03-12-2024T02:56:20 - [TEST_STEP][PASSED] - click(findTestObject("Выручка по ДЗО/Применить в фильтре Выручка")): Object: 'Object Repository/Выручка по ДЗО/Применить в фильтре Выручка' is clicked on

03-12-2024T02:56:20 - [MESSAGE][PASSED] - Object: 'Object Repository/Выручка по ДЗО/Применить в фильтре Выручка' is clicked on

03-12-2024T02:56:20 - [TEST_STEP][PASSED] - Script1687405711779.Test(todaysDate): null

03-12-2024T02:56:20 - [TEST_STEP][PASSED] - if (verifyTextNotPresent("нет данных", false) == true): null

03-12-2024T02:56:22 - [MESSAGE][PASSED] - Text 'нет данных' is not present on page

03-12-2024T02:56:22 - [TEST_STEP][PASSED] - if (verifyTextNotPresent("Ошибка запроса данных", false) == true): null

03-12-2024T02:56:23 - [MESSAGE][PASSED] - Text 'Ошибка запроса данных' is not present on page

03-12-2024T02:56:23 - [TEST_STEP][PASSED] - if (verifyTextNotPresent("Произошла ошибка при выполнении пользовательского кода", false) == true): null

03-12-2024T02:56:23 - [MESSAGE][PASSED] - Text 'Произошла ошибка при выполнении пользовательского кода' is not present on page

03-12-2024T02:56:23 - [TEST_STEP][PASSED] - if (verifyTextNotPresent("У виджета нет данных", false) == true): null

03-12-2024T02:56:24 - [MESSAGE][PASSED] - Text 'У виджета нет данных' is not present on page

03-12-2024T02:56:24 - [TEST_STEP][PASSED] - if (verifyTextNotPresent("У виджета нет данных", false) == true): Text 'У виджета нет данных' is not present on page

03-12-2024T02:56:24 - [MESSAGE][PASSED] - Text 'У виджета нет данных' is not present on page

03-12-2024T02:56:24 - [TEST_STEP][PASSED] - click(findTestObject("Выручка по ДЗО/Фильтр Выручка")): Object: 'Object Repository/Выручка по ДЗО/Фильтр Выручка' is clicked on

03-12-2024T02:56:24 - [MESSAGE][PASSED] - Object: 'Object Repository/Выручка по ДЗО/Фильтр Выручка' is clicked on

03-12-2024T02:56:24 - [TEST_STEP][PASSED] - click(findTestObject("Выручка по ДЗО/Снять выделение в фильтре Выручка")): Object: 'Object Repository/Выручка по ДЗО/Снять выделение в фильтре Выручка' is clicked on

03-12-2024T02:56:25 - [MESSAGE][PASSED] - Object: 'Object Repository/Выручка по ДЗО/Снять выделение в фильтре Выручка' is clicked on

03-12-2024T02:56:25 - [TEST_STEP][PASSED] - click(findTestObject("Выручка по ДЗО/Применить в фильтре Выручка")): Object: 'Object Repository/Выручка по ДЗО/Применить в фильтре Выручка' is clicked on

03-12-2024T02:56:25 - [MESSAGE][PASSED] - Object: 'Object Repository/Выручка по ДЗО/Применить в фильтре Выручка' is clicked on

03-12-2024T02:56:25 - [TEST_STEP][PASSED] - click(findTestObject("Выручка по ДЗО/Фильтр ДЗО")): Object: 'Object Repository/Выручка по ДЗО/Фильтр ДЗО' is clicked on

03-12-2024T02:56:27 - [MESSAGE][PASSED] - Object: 'Object Repository/Выручка по ДЗО/Фильтр ДЗО' is clicked on

03-12-2024T02:56:27 - [TEST_STEP][PASSED] - click(findTestObject("Выручка по ДЗО/Снять выделение в фильтре ДЗО")): Object: 'Object Repository/Выручка по ДЗО/Снять выделение в фильтре ДЗО' is clicked on

03-12-2024T02:56:27 - [MESSAGE][PASSED] - Object: 'Object Repository/Выручка по ДЗО/Снять выделение в фильтре ДЗО' is clicked on

03-12-2024T02:56:27 - [TEST_STEP][PASSED] - scrollToElement(findTestObject("Общие объекты/Новгородский филиал"), 30): Scroll to object 'Object Repository/Общие объекты/Новгородский филиал' successfully

03-12-2024T02:56:28 - [MESSAGE][PASSED] - Scroll to object 'Object Repository/Общие объекты/Новгородский филиал' successfully

03-12-2024T02:56:28 - [TEST_STEP][PASSED] - click(findTestObject("Общие объекты/Новгородский филиал"), CONTINUE_ON_FAILURE): Object: 'Object Repository/Общие объекты/Новгородский филиал' is clicked on

03-12-2024T02:56:28 - [MESSAGE][PASSED] - Object: 'Object Repository/Общие объекты/Новгородский филиал' is clicked on

03-12-2024T02:56:28 - [TEST_STEP][PASSED] - Script1687405711779.Change(todaysDate): null

03-12-2024T02:56:28 - [TEST_STEP][PASSED] - scrollToElement(findTestObject("Выручка по ДЗО/Заголовок дашборда"), 30): Scroll to object 'Object Repository/Выручка по ДЗО/Заголовок дашборда' successfully

03-12-2024T02:56:29 - [MESSAGE][PASSED] - Scroll to object 'Object Repository/Выручка по ДЗО/Заголовок дашборда' successfully

03-12-2024T02:56:29 - [TEST_STEP][PASSED] - click(findTestObject("Выручка по ДЗО/Применить в фильтре ДЗО")): Object: 'Object Repository/Выручка по ДЗО/Применить в фильтре ДЗО' is clicked on

03-12-2024T02:56:29 - [MESSAGE][PASSED] - Object: 'Object Repository/Выручка по ДЗО/Применить в фильтре ДЗО' is clicked on

03-12-2024T02:56:29 - [TEST_STEP][PASSED] - Script1687405711779.Tumbler(todaysDate): null

03-12-2024T02:56:29 - [TEST_STEP][PASSED] - Script1687405711779.Test(todaysDate): null

03-12-2024T02:56:29 - [TEST_STEP][PASSED] - if (verifyTextNotPresent("нет данных", false) == true): null

03-12-2024T02:56:31 - [MESSAGE][PASSED] - Text 'нет данных' is not present on page

03-12-2024T02:56:31 - [TEST_STEP][PASSED] - if (verifyTextNotPresent("Ошибка запроса данных", false) == true): null

03-12-2024T02:56:33 - [MESSAGE][PASSED] - Text 'Ошибка запроса данных' is not present on page

03-12-2024T02:56:33 - [TEST_STEP][PASSED] - if (verifyTextNotPresent("Произошла ошибка при выполнении пользовательского кода", false) == true): null

03-12-2024T02:56:33 - [MESSAGE][PASSED] - Text 'Произошла ошибка при выполнении пользовательского кода' is not present on page

03-12-2024T02:56:33 - [TEST_STEP][PASSED] - if (verifyTextNotPresent("У виджета нет данных", false) == true): null

03-12-2024T02:56:34 - [MESSAGE][PASSED] - Text 'У виджета нет данных' is not present on page

03-12-2024T02:56:34 - [TEST_STEP][PASSED] - if (verifyTextNotPresent("У виджета нет данных", false) == true): Text 'У виджета нет данных' is not present on page

03-12-2024T02:56:34 - [MESSAGE][PASSED] - Text 'У виджета нет данных' is not present on page

03-12-2024T02:56:34 - [TEST_STEP][PASSED] - click(findTestObject("Выручка по ДЗО/Фильтр Выручка")): Object: 'Object Repository/Выручка по ДЗО/Фильтр Выручка' is clicked on

03-12-2024T02:56:35 - [MESSAGE][PASSED] - Object: 'Object Repository/Выручка по ДЗО/Фильтр Выручка' is clicked on

03-12-2024T02:56:35 - [TEST_STEP][PASSED] - click(findTestObject("Выручка по ДЗО/Внутренний оборот в фильтре Выручка")): Object: 'Object Repository/Выручка по ДЗО/Внутренний оборот в фильтре Выручка' is clicked on

03-12-2024T02:56:35 - [MESSAGE][PASSED] - Object: 'Object Repository/Выручка по ДЗО/Внутренний оборот в фильтре Выручка' is clicked on

03-12-2024T02:56:35 - [TEST_STEP][PASSED] - click(findTestObject("Выручка по ДЗО/Применить в фильтре Выручка")): Object: 'Object Repository/Выручка по ДЗО/Применить в фильтре Выручка' is clicked on

03-12-2024T02:56:36 - [MESSAGE][PASSED] - Object: 'Object Repository/Выручка по ДЗО/Применить в фильтре Выручка' is clicked on

03-12-2024T02:56:36 - [TEST_STEP][PASSED] - Script1687405711779.Test(todaysDate): null

03-12-2024T02:56:36 - [TEST_STEP][FAILED] - if (verifyTextNotPresent("нет данных", false) == true): Text 'нет данных' is present on page  (Root cause: com.kms.katalon.core.exception.StepFailedException: Text 'нет данных' is present on page 
	at com.kms.katalon.core.webui.keyword.internal.WebUIKeywordMain.stepFailed(WebUIKeywordMain.groovy:64)
	at com.kms.katalon.core.webui.keyword.builtin.VerifyTextNotPresentKeyword$_verifyTextNotPresent_closure1.doCall(VerifyTextNotPresentKeyword.groovy:77)
	at com.kms.katalon.core.webui.keyword.builtin.VerifyTextNotPresentKeyword$_verifyTextNotPresent_closure1.call(VerifyTextNotPresentKeyword.groovy)
	at com.kms.katalon.core.webui.keyword.internal.WebUIKeywordMain.runKeyword(WebUIKeywordMain.groovy:20)
	at com.kms.katalon.core.webui.keyword.builtin.VerifyTextNotPresentKeyword.verifyTextNotPresent(VerifyTextNotPresentKeyword.groovy:82)
	at com.kms.katalon.core.webui.keyword.builtin.VerifyTextNotPresentKeyword.execute(VerifyTextNotPresentKeyword.groovy:68)
	at com.kms.katalon.core.keyword.internal.KeywordExecutor.executeKeywordForPlatform(KeywordExecutor.groovy:74)
	at com.kms.katalon.core.webui.keyword.WebUiBuiltInKeywords.verifyTextNotPresent(WebUiBuiltInKeywords.groovy:1795)
	at Выручка по ДЗО отображение данных все филиалы.Test(Выручка по ДЗО отображение данных все филиалы:782)
	at Выручка по ДЗО отображение данных все филиалы.Tumbler(Выручка по ДЗО отображение данных все филиалы:738)
	at Выручка по ДЗО отображение данных все филиалы.Change(Выручка по ДЗО отображение данных все филиалы:772)
	at Выручка по ДЗО отображение данных все филиалы.DzoTest(Выручка по ДЗО отображение данных все филиалы:388)
	at Выручка по ДЗО отображение данных все филиалы.run(Выручка по ДЗО отображение данных все филиалы:134)
	at com.kms.katalon.core.main.ScriptEngine.run(ScriptEngine.java:194)
	at com.kms.katalon.core.main.ScriptEngine.runScriptAsRawText(ScriptEngine.java:119)
	at com.kms.katalon.core.main.TestCaseExecutor.runScript(TestCaseExecutor.java:448)
	at com.kms.katalon.core.main.TestCaseExecutor.doExecute(TestCaseExecutor.java:439)
	at com.kms.katalon.core.main.TestCaseExecutor.processExecutionPhase(TestCaseExecutor.java:418)
	at com.kms.katalon.core.main.TestCaseExecutor.accessMainPhase(TestCaseExecutor.java:410)
	at com.kms.katalon.core.main.TestCaseExecutor.execute(TestCaseExecutor.java:285)
	at com.kms.katalon.core.common.CommonExecutor.accessTestCaseMainPhase(CommonExecutor.java:65)
	at com.kms.katalon.core.main.TestSuiteExecutor.accessTestSuiteMainPhase(TestSuiteExecutor.java:150)
	at com.kms.katalon.core.main.TestSuiteExecutor.execute(TestSuiteExecutor.java:106)
	at com.kms.katalon.core.main.TestCaseMain.startTestSuite(TestCaseMain.java:180)
	at TempTestSuite1733182698305.run(TempTestSuite1733182698305.groovy:35)
	at java.base/jdk.internal.reflect.NativeMethodAccessorImpl.invoke0(Native Method)
	at java.base/jdk.internal.reflect.NativeMethodAccessorImpl.invoke(NativeMethodAccessorImpl.java:77)
	at java.base/jdk.internal.reflect.DelegatingMethodAccessorImpl.invoke(DelegatingMethodAccessorImpl.java:43)
)

03-12-2024T02:56:38 - [MESSAGE][FAILED] - Text 'нет данных' is present on page  (Root cause: com.kms.katalon.core.exception.StepFailedException: Text 'нет данных' is present on page 
	at com.kms.katalon.core.webui.keyword.internal.WebUIKeywordMain.stepFailed(WebUIKeywordMain.groovy:64)
	at com.kms.katalon.core.webui.keyword.builtin.VerifyTextNotPresentKeyword$_verifyTextNotPresent_closure1.doCall(VerifyTextNotPresentKeyword.groovy:77)
	at com.kms.katalon.core.webui.keyword.builtin.VerifyTextNotPresentKeyword$_verifyTextNotPresent_closure1.call(VerifyTextNotPresentKeyword.groovy)
	at com.kms.katalon.core.webui.keyword.internal.WebUIKeywordMain.runKeyword(WebUIKeywordMain.groovy:20)
	at com.kms.katalon.core.webui.keyword.builtin.VerifyTextNotPresentKeyword.verifyTextNotPresent(VerifyTextNotPresentKeyword.groovy:82)
	at com.kms.katalon.core.webui.keyword.builtin.VerifyTextNotPresentKeyword.execute(VerifyTextNotPresentKeyword.groovy:68)
	at com.kms.katalon.core.keyword.internal.KeywordExecutor.executeKeywordForPlatform(KeywordExecutor.groovy:74)
	at com.kms.katalon.core.webui.keyword.WebUiBuiltInKeywords.verifyTextNotPresent(WebUiBuiltInKeywords.groovy:1795)
	at Выручка по ДЗО отображение данных все филиалы.Test(Выручка по ДЗО отображение данных все филиалы:782)
	at Выручка по ДЗО отображение данных все филиалы.Tumbler(Выручка по ДЗО отображение данных все филиалы:738)
	at Выручка по ДЗО отображение данных все филиалы.Change(Выручка по ДЗО отображение данных все филиалы:772)
	at Выручка по ДЗО отображение данных все филиалы.DzoTest(Выручка по ДЗО отображение данных все филиалы:388)
	at Выручка по ДЗО отображение данных все филиалы.run(Выручка по ДЗО отображение данных все филиалы:134)
	at com.kms.katalon.core.main.ScriptEngine.run(ScriptEngine.java:194)
	at com.kms.katalon.core.main.ScriptEngine.runScriptAsRawText(ScriptEngine.java:119)
	at com.kms.katalon.core.main.TestCaseExecutor.runScript(TestCaseExecutor.java:448)
	at com.kms.katalon.core.main.TestCaseExecutor.doExecute(TestCaseExecutor.java:439)
	at com.kms.katalon.core.main.TestCaseExecutor.processExecutionPhase(TestCaseExecutor.java:418)
	at com.kms.katalon.core.main.TestCaseExecutor.accessMainPhase(TestCaseExecutor.java:410)
	at com.kms.katalon.core.main.TestCaseExecutor.execute(TestCaseExecutor.java:285)
	at com.kms.katalon.core.common.CommonExecutor.accessTestCaseMainPhase(CommonExecutor.java:65)
	at com.kms.katalon.core.main.TestSuiteExecutor.accessTestSuiteMainPhase(TestSuiteExecutor.java:150)
	at com.kms.katalon.core.main.TestSuiteExecutor.execute(TestSuiteExecutor.java:106)
	at com.kms.katalon.core.main.TestCaseMain.startTestSuite(TestCaseMain.java:180)
	at TempTestSuite1733182698305.run(TempTestSuite1733182698305.groovy:35)
	at java.base/jdk.internal.reflect.NativeMethodAccessorImpl.invoke0(Native Method)
	at java.base/jdk.internal.reflect.NativeMethodAccessorImpl.invoke(NativeMethodAccessorImpl.java:77)
	at java.base/jdk.internal.reflect.DelegatingMethodAccessorImpl.invoke(DelegatingMethodAccessorImpl.java:43)
)

03-12-2024T02:56:38 - [TEST_STEP][PASSED] - else: null

03-12-2024T02:56:38 - [TEST_STEP][PASSED] - Script1687405711779.WriteToExcel(todaysDate): null

03-12-2024T02:56:38 - [TEST_STEP][PASSED] - sheetName = "Sheet1": null

03-12-2024T02:56:38 - [TEST_STEP][PASSED] - data = findTestData("PlanFact"): null

03-12-2024T02:56:38 - [TEST_STEP][PASSED] - n = data.getRowNumbers() + 1: null

03-12-2024T02:56:38 - [TEST_STEP][PASSED] - dZO = getText(findTestObject("Выручка по ДЗО/Фильтр ДЗО")): Text of object 'Object Repository/Выручка по ДЗО/Фильтр ДЗО' is: 'ПАО Россети - РаспредКомплекс - Россети Северо-Запад - Новгородский филиал'

03-12-2024T02:56:38 - [MESSAGE][PASSED] - Text of object 'Object Repository/Выручка по ДЗО/Фильтр ДЗО' is: 'ПАО Россети - РаспредКомплекс - Россети Северо-Запад - Новгородский филиал'

03-12-2024T02:56:38 - [TEST_STEP][PASSED] - period = getText(findTestObject("Выручка по ДЗО/Фильтр Дата")): Text of object 'Object Repository/Выручка по ДЗО/Фильтр Дата' is: '1, 2, 3 кв., Октябрь 2024 года'

03-12-2024T02:56:39 - [MESSAGE][PASSED] - Text of object 'Object Repository/Выручка по ДЗО/Фильтр Дата' is: '1, 2, 3 кв., Октябрь 2024 года'

03-12-2024T02:56:39 - [TEST_STEP][PASSED] - viruchka = getText(findTestObject("Выручка по ДЗО/Фильтр Выручка")): Text of object 'Object Repository/Выручка по ДЗО/Фильтр Выручка' is: 'внутренний оборот'

03-12-2024T02:56:39 - [MESSAGE][PASSED] - Text of object 'Object Repository/Выручка по ДЗО/Фильтр Выручка' is: 'внутренний оборот'

03-12-2024T02:56:39 - [TEST_STEP][PASSED] - if (viruchka == "Выбрано: 2"): null

03-12-2024T02:56:39 - [TEST_STEP][PASSED] - if (viruchka == "Все"): null

03-12-2024T02:56:39 - [TEST_STEP][PASSED] - println(period): null

03-12-2024T02:56:39 - [TEST_STEP][PASSED] - dashboardName = "Выручка по ДЗО": null

03-12-2024T02:56:39 - [TEST_STEP][PASSED] - workbook01 = getWorkbook(excelFilePath): null

03-12-2024T02:56:39 - [TEST_STEP][PASSED] - sheet01 = getExcelSheet(workbook01, sheetName): null

03-12-2024T02:56:39 - [TEST_STEP][PASSED] - setValueToCellByIndex(sheet01, n, 0, dashboardName): null

03-12-2024T02:56:39 - [TEST_STEP][PASSED] - setValueToCellByIndex(sheet01, n, 1, dZO): null

03-12-2024T02:56:39 - [TEST_STEP][PASSED] - setValueToCellByIndex(sheet01, n, 2, period): null

03-12-2024T02:56:39 - [TEST_STEP][PASSED] - setValueToCellByIndex(sheet01, n, 3, viruchka): null

03-12-2024T02:56:39 - [TEST_STEP][PASSED] - setValueToCellByIndex(sheet01, n, 4, todaysDate): null

03-12-2024T02:56:39 - [TEST_STEP][PASSED] - n = n + 1: null

03-12-2024T02:56:39 - [TEST_STEP][PASSED] - saveWorkbook(excelFilePath, workbook01): null

03-12-2024T02:56:39 - [TEST_STEP][PASSED] - click(findTestObject("Выручка по ДЗО/Фильтр Выручка")): Object: 'Object Repository/Выручка по ДЗО/Фильтр Выручка' is clicked on

03-12-2024T02:56:39 - [MESSAGE][PASSED] - Object: 'Object Repository/Выручка по ДЗО/Фильтр Выручка' is clicked on

03-12-2024T02:56:39 - [TEST_STEP][PASSED] - click(findTestObject("Выручка по ДЗО/По передаче в фильтре Выручка")): Object: 'Object Repository/Выручка по ДЗО/По передаче в фильтре Выручка' is clicked on

03-12-2024T02:56:40 - [MESSAGE][PASSED] - Object: 'Object Repository/Выручка по ДЗО/По передаче в фильтре Выручка' is clicked on

03-12-2024T02:56:40 - [TEST_STEP][PASSED] - click(findTestObject("Выручка по ДЗО/Применить в фильтре Выручка")): Object: 'Object Repository/Выручка по ДЗО/Применить в фильтре Выручка' is clicked on

03-12-2024T02:56:41 - [MESSAGE][PASSED] - Object: 'Object Repository/Выручка по ДЗО/Применить в фильтре Выручка' is clicked on

03-12-2024T02:56:41 - [TEST_STEP][PASSED] - Script1687405711779.Test(todaysDate): null

03-12-2024T02:56:41 - [TEST_STEP][PASSED] - if (verifyTextNotPresent("нет данных", false) == true): null

03-12-2024T02:56:43 - [MESSAGE][PASSED] - Text 'нет данных' is not present on page

03-12-2024T02:56:43 - [TEST_STEP][PASSED] - if (verifyTextNotPresent("Ошибка запроса данных", false) == true): null

03-12-2024T02:56:44 - [MESSAGE][PASSED] - Text 'Ошибка запроса данных' is not present on page

03-12-2024T02:56:44 - [TEST_STEP][PASSED] - if (verifyTextNotPresent("Произошла ошибка при выполнении пользовательского кода", false) == true): null

03-12-2024T02:56:44 - [MESSAGE][PASSED] - Text 'Произошла ошибка при выполнении пользовательского кода' is not present on page

03-12-2024T02:56:44 - [TEST_STEP][PASSED] - if (verifyTextNotPresent("У виджета нет данных", false) == true): null

03-12-2024T02:56:45 - [MESSAGE][PASSED] - Text 'У виджета нет данных' is not present on page

03-12-2024T02:56:45 - [TEST_STEP][PASSED] - if (verifyTextNotPresent("У виджета нет данных", false) == true): Text 'У виджета нет данных' is not present on page

03-12-2024T02:56:45 - [MESSAGE][PASSED] - Text 'У виджета нет данных' is not present on page

03-12-2024T02:56:45 - [TEST_STEP][PASSED] - click(findTestObject("Выручка по ДЗО/Фильтр Выручка")): Object: 'Object Repository/Выручка по ДЗО/Фильтр Выручка' is clicked on

03-12-2024T02:56:45 - [MESSAGE][PASSED] - Object: 'Object Repository/Выручка по ДЗО/Фильтр Выручка' is clicked on

03-12-2024T02:56:45 - [TEST_STEP][PASSED] - click(findTestObject("Выручка по ДЗО/Снять выделение в фильтре Выручка")): Object: 'Object Repository/Выручка по ДЗО/Снять выделение в фильтре Выручка' is clicked on

03-12-2024T02:56:46 - [MESSAGE][PASSED] - Object: 'Object Repository/Выручка по ДЗО/Снять выделение в фильтре Выручка' is clicked on

03-12-2024T02:56:46 - [TEST_STEP][PASSED] - click(findTestObject("Выручка по ДЗО/По передаче в фильтре Выручка")): Object: 'Object Repository/Выручка по ДЗО/По передаче в фильтре Выручка' is clicked on

03-12-2024T02:56:46 - [MESSAGE][PASSED] - Object: 'Object Repository/Выручка по ДЗО/По передаче в фильтре Выручка' is clicked on

03-12-2024T02:56:46 - [TEST_STEP][PASSED] - click(findTestObject("Выручка по ДЗО/Применить в фильтре Выручка")): Object: 'Object Repository/Выручка по ДЗО/Применить в фильтре Выручка' is clicked on

03-12-2024T02:56:47 - [MESSAGE][PASSED] - Object: 'Object Repository/Выручка по ДЗО/Применить в фильтре Выручка' is clicked on

03-12-2024T02:56:47 - [TEST_STEP][PASSED] - Script1687405711779.Test(todaysDate): null

03-12-2024T02:56:47 - [TEST_STEP][PASSED] - if (verifyTextNotPresent("нет данных", false) == true): null

03-12-2024T02:56:49 - [MESSAGE][PASSED] - Text 'нет данных' is not present on page

03-12-2024T02:56:49 - [TEST_STEP][PASSED] - if (verifyTextNotPresent("Ошибка запроса данных", false) == true): null

03-12-2024T02:56:49 - [MESSAGE][PASSED] - Text 'Ошибка запроса данных' is not present on page

03-12-2024T02:56:49 - [TEST_STEP][PASSED] - if (verifyTextNotPresent("Произошла ошибка при выполнении пользовательского кода", false) == true): null

03-12-2024T02:56:50 - [MESSAGE][PASSED] - Text 'Произошла ошибка при выполнении пользовательского кода' is not present on page

03-12-2024T02:56:50 - [TEST_STEP][PASSED] - if (verifyTextNotPresent("У виджета нет данных", false) == true): null

03-12-2024T02:56:50 - [MESSAGE][PASSED] - Text 'У виджета нет данных' is not present on page

03-12-2024T02:56:50 - [TEST_STEP][PASSED] - if (verifyTextNotPresent("У виджета нет данных", false) == true): Text 'У виджета нет данных' is not present on page

03-12-2024T02:56:51 - [MESSAGE][PASSED] - Text 'У виджета нет данных' is not present on page

03-12-2024T02:56:51 - [TEST_STEP][PASSED] - click(findTestObject("Выручка по ДЗО/Фильтр Выручка")): Object: 'Object Repository/Выручка по ДЗО/Фильтр Выручка' is clicked on

03-12-2024T02:56:51 - [MESSAGE][PASSED] - Object: 'Object Repository/Выручка по ДЗО/Фильтр Выручка' is clicked on

03-12-2024T02:56:51 - [TEST_STEP][PASSED] - click(findTestObject("Выручка по ДЗО/Снять выделение в фильтре Выручка")): Object: 'Object Repository/Выручка по ДЗО/Снять выделение в фильтре Выручка' is clicked on

03-12-2024T02:56:52 - [MESSAGE][PASSED] - Object: 'Object Repository/Выручка по ДЗО/Снять выделение в фильтре Выручка' is clicked on

03-12-2024T02:56:52 - [TEST_STEP][PASSED] - click(findTestObject("Выручка по ДЗО/Применить в фильтре Выручка")): Object: 'Object Repository/Выручка по ДЗО/Применить в фильтре Выручка' is clicked on

03-12-2024T02:56:52 - [MESSAGE][PASSED] - Object: 'Object Repository/Выручка по ДЗО/Применить в фильтре Выручка' is clicked on

03-12-2024T02:56:52 - [TEST_STEP][PASSED] - click(findTestObject("Выручка по ДЗО/Фильтр ДЗО")): Object: 'Object Repository/Выручка по ДЗО/Фильтр ДЗО' is clicked on

03-12-2024T02:56:54 - [MESSAGE][PASSED] - Object: 'Object Repository/Выручка по ДЗО/Фильтр ДЗО' is clicked on

03-12-2024T02:56:54 - [TEST_STEP][PASSED] - click(findTestObject("Выручка по ДЗО/Снять выделение в фильтре ДЗО")): Object: 'Object Repository/Выручка по ДЗО/Снять выделение в фильтре ДЗО' is clicked on

03-12-2024T02:56:54 - [MESSAGE][PASSED] - Object: 'Object Repository/Выручка по ДЗО/Снять выделение в фильтре ДЗО' is clicked on

03-12-2024T02:56:54 - [TEST_STEP][PASSED] - scrollToElement(findTestObject("Общие объекты/Псковский филиал"), 30): Scroll to object 'Object Repository/Общие объекты/Псковский филиал' successfully

03-12-2024T02:56:54 - [MESSAGE][PASSED] - Scroll to object 'Object Repository/Общие объекты/Псковский филиал' successfully

03-12-2024T02:56:54 - [TEST_STEP][PASSED] - click(findTestObject("Общие объекты/Псковский филиал"), CONTINUE_ON_FAILURE): Object: 'Object Repository/Общие объекты/Псковский филиал' is clicked on

03-12-2024T02:56:55 - [MESSAGE][PASSED] - Object: 'Object Repository/Общие объекты/Псковский филиал' is clicked on

03-12-2024T02:56:55 - [TEST_STEP][PASSED] - Script1687405711779.Change(todaysDate): null

03-12-2024T02:56:55 - [TEST_STEP][PASSED] - scrollToElement(findTestObject("Выручка по ДЗО/Заголовок дашборда"), 30): Scroll to object 'Object Repository/Выручка по ДЗО/Заголовок дашборда' successfully

03-12-2024T02:56:55 - [MESSAGE][PASSED] - Scroll to object 'Object Repository/Выручка по ДЗО/Заголовок дашборда' successfully

03-12-2024T02:56:55 - [TEST_STEP][PASSED] - click(findTestObject("Выручка по ДЗО/Применить в фильтре ДЗО")): Object: 'Object Repository/Выручка по ДЗО/Применить в фильтре ДЗО' is clicked on

03-12-2024T02:56:56 - [MESSAGE][PASSED] - Object: 'Object Repository/Выручка по ДЗО/Применить в фильтре ДЗО' is clicked on

03-12-2024T02:56:56 - [TEST_STEP][PASSED] - Script1687405711779.Tumbler(todaysDate): null

03-12-2024T02:56:56 - [TEST_STEP][PASSED] - Script1687405711779.Test(todaysDate): null

03-12-2024T02:56:56 - [TEST_STEP][PASSED] - if (verifyTextNotPresent("нет данных", false) == true): null

03-12-2024T02:56:59 - [MESSAGE][PASSED] - Text 'нет данных' is not present on page

03-12-2024T02:56:59 - [TEST_STEP][PASSED] - if (verifyTextNotPresent("Ошибка запроса данных", false) == true): null

03-12-2024T02:57:00 - [MESSAGE][PASSED] - Text 'Ошибка запроса данных' is not present on page

03-12-2024T02:57:00 - [TEST_STEP][PASSED] - if (verifyTextNotPresent("Произошла ошибка при выполнении пользовательского кода", false) == true): null

03-12-2024T02:57:00 - [MESSAGE][PASSED] - Text 'Произошла ошибка при выполнении пользовательского кода' is not present on page

03-12-2024T02:57:00 - [TEST_STEP][PASSED] - if (verifyTextNotPresent("У виджета нет данных", false) == true): null

03-12-2024T02:57:01 - [MESSAGE][PASSED] - Text 'У виджета нет данных' is not present on page

03-12-2024T02:57:01 - [TEST_STEP][PASSED] - if (verifyTextNotPresent("У виджета нет данных", false) == true): Text 'У виджета нет данных' is not present on page

03-12-2024T02:57:01 - [MESSAGE][PASSED] - Text 'У виджета нет данных' is not present on page

03-12-2024T02:57:01 - [TEST_STEP][PASSED] - click(findTestObject("Выручка по ДЗО/Фильтр Выручка")): Object: 'Object Repository/Выручка по ДЗО/Фильтр Выручка' is clicked on

03-12-2024T02:57:02 - [MESSAGE][PASSED] - Object: 'Object Repository/Выручка по ДЗО/Фильтр Выручка' is clicked on

03-12-2024T02:57:02 - [TEST_STEP][PASSED] - click(findTestObject("Выручка по ДЗО/Внутренний оборот в фильтре Выручка")): Object: 'Object Repository/Выручка по ДЗО/Внутренний оборот в фильтре Выручка' is clicked on

03-12-2024T02:57:02 - [MESSAGE][PASSED] - Object: 'Object Repository/Выручка по ДЗО/Внутренний оборот в фильтре Выручка' is clicked on

03-12-2024T02:57:02 - [TEST_STEP][PASSED] - click(findTestObject("Выручка по ДЗО/Применить в фильтре Выручка")): Object: 'Object Repository/Выручка по ДЗО/Применить в фильтре Выручка' is clicked on

03-12-2024T02:57:03 - [MESSAGE][PASSED] - Object: 'Object Repository/Выручка по ДЗО/Применить в фильтре Выручка' is clicked on

03-12-2024T02:57:03 - [TEST_STEP][PASSED] - Script1687405711779.Test(todaysDate): null

03-12-2024T02:57:03 - [TEST_STEP][FAILED] - if (verifyTextNotPresent("нет данных", false) == true): Text 'нет данных' is present on page  (Root cause: com.kms.katalon.core.exception.StepFailedException: Text 'нет данных' is present on page 
	at com.kms.katalon.core.webui.keyword.internal.WebUIKeywordMain.stepFailed(WebUIKeywordMain.groovy:64)
	at com.kms.katalon.core.webui.keyword.builtin.VerifyTextNotPresentKeyword$_verifyTextNotPresent_closure1.doCall(VerifyTextNotPresentKeyword.groovy:77)
	at com.kms.katalon.core.webui.keyword.builtin.VerifyTextNotPresentKeyword$_verifyTextNotPresent_closure1.call(VerifyTextNotPresentKeyword.groovy)
	at com.kms.katalon.core.webui.keyword.internal.WebUIKeywordMain.runKeyword(WebUIKeywordMain.groovy:20)
	at com.kms.katalon.core.webui.keyword.builtin.VerifyTextNotPresentKeyword.verifyTextNotPresent(VerifyTextNotPresentKeyword.groovy:82)
	at com.kms.katalon.core.webui.keyword.builtin.VerifyTextNotPresentKeyword.execute(VerifyTextNotPresentKeyword.groovy:68)
	at com.kms.katalon.core.keyword.internal.KeywordExecutor.executeKeywordForPlatform(KeywordExecutor.groovy:74)
	at com.kms.katalon.core.webui.keyword.WebUiBuiltInKeywords.verifyTextNotPresent(WebUiBuiltInKeywords.groovy:1795)
	at Выручка по ДЗО отображение данных все филиалы.Test(Выручка по ДЗО отображение данных все филиалы:782)
	at Выручка по ДЗО отображение данных все филиалы.Tumbler(Выручка по ДЗО отображение данных все филиалы:738)
	at Выручка по ДЗО отображение данных все филиалы.Change(Выручка по ДЗО отображение данных все филиалы:772)
	at Выручка по ДЗО отображение данных все филиалы.DzoTest(Выручка по ДЗО отображение данных все филиалы:394)
	at Выручка по ДЗО отображение данных все филиалы.run(Выручка по ДЗО отображение данных все филиалы:134)
	at com.kms.katalon.core.main.ScriptEngine.run(ScriptEngine.java:194)
	at com.kms.katalon.core.main.ScriptEngine.runScriptAsRawText(ScriptEngine.java:119)
	at com.kms.katalon.core.main.TestCaseExecutor.runScript(TestCaseExecutor.java:448)
	at com.kms.katalon.core.main.TestCaseExecutor.doExecute(TestCaseExecutor.java:439)
	at com.kms.katalon.core.main.TestCaseExecutor.processExecutionPhase(TestCaseExecutor.java:418)
	at com.kms.katalon.core.main.TestCaseExecutor.accessMainPhase(TestCaseExecutor.java:410)
	at com.kms.katalon.core.main.TestCaseExecutor.execute(TestCaseExecutor.java:285)
	at com.kms.katalon.core.common.CommonExecutor.accessTestCaseMainPhase(CommonExecutor.java:65)
	at com.kms.katalon.core.main.TestSuiteExecutor.accessTestSuiteMainPhase(TestSuiteExecutor.java:150)
	at com.kms.katalon.core.main.TestSuiteExecutor.execute(TestSuiteExecutor.java:106)
	at com.kms.katalon.core.main.TestCaseMain.startTestSuite(TestCaseMain.java:180)
	at TempTestSuite1733182698305.run(TempTestSuite1733182698305.groovy:35)
	at java.base/jdk.internal.reflect.NativeMethodAccessorImpl.invoke0(Native Method)
	at java.base/jdk.internal.reflect.NativeMethodAccessorImpl.invoke(NativeMethodAccessorImpl.java:77)
	at java.base/jdk.internal.reflect.DelegatingMethodAccessorImpl.invoke(DelegatingMethodAccessorImpl.java:43)
)

03-12-2024T02:57:05 - [MESSAGE][FAILED] - Text 'нет данных' is present on page  (Root cause: com.kms.katalon.core.exception.StepFailedException: Text 'нет данных' is present on page 
	at com.kms.katalon.core.webui.keyword.internal.WebUIKeywordMain.stepFailed(WebUIKeywordMain.groovy:64)
	at com.kms.katalon.core.webui.keyword.builtin.VerifyTextNotPresentKeyword$_verifyTextNotPresent_closure1.doCall(VerifyTextNotPresentKeyword.groovy:77)
	at com.kms.katalon.core.webui.keyword.builtin.VerifyTextNotPresentKeyword$_verifyTextNotPresent_closure1.call(VerifyTextNotPresentKeyword.groovy)
	at com.kms.katalon.core.webui.keyword.internal.WebUIKeywordMain.runKeyword(WebUIKeywordMain.groovy:20)
	at com.kms.katalon.core.webui.keyword.builtin.VerifyTextNotPresentKeyword.verifyTextNotPresent(VerifyTextNotPresentKeyword.groovy:82)
	at com.kms.katalon.core.webui.keyword.builtin.VerifyTextNotPresentKeyword.execute(VerifyTextNotPresentKeyword.groovy:68)
	at com.kms.katalon.core.keyword.internal.KeywordExecutor.executeKeywordForPlatform(KeywordExecutor.groovy:74)
	at com.kms.katalon.core.webui.keyword.WebUiBuiltInKeywords.verifyTextNotPresent(WebUiBuiltInKeywords.groovy:1795)
	at Выручка по ДЗО отображение данных все филиалы.Test(Выручка по ДЗО отображение данных все филиалы:782)
	at Выручка по ДЗО отображение данных все филиалы.Tumbler(Выручка по ДЗО отображение данных все филиалы:738)
	at Выручка по ДЗО отображение данных все филиалы.Change(Выручка по ДЗО отображение данных все филиалы:772)
	at Выручка по ДЗО отображение данных все филиалы.DzoTest(Выручка по ДЗО отображение данных все филиалы:394)
	at Выручка по ДЗО отображение данных все филиалы.run(Выручка по ДЗО отображение данных все филиалы:134)
	at com.kms.katalon.core.main.ScriptEngine.run(ScriptEngine.java:194)
	at com.kms.katalon.core.main.ScriptEngine.runScriptAsRawText(ScriptEngine.java:119)
	at com.kms.katalon.core.main.TestCaseExecutor.runScript(TestCaseExecutor.java:448)
	at com.kms.katalon.core.main.TestCaseExecutor.doExecute(TestCaseExecutor.java:439)
	at com.kms.katalon.core.main.TestCaseExecutor.processExecutionPhase(TestCaseExecutor.java:418)
	at com.kms.katalon.core.main.TestCaseExecutor.accessMainPhase(TestCaseExecutor.java:410)
	at com.kms.katalon.core.main.TestCaseExecutor.execute(TestCaseExecutor.java:285)
	at com.kms.katalon.core.common.CommonExecutor.accessTestCaseMainPhase(CommonExecutor.java:65)
	at com.kms.katalon.core.main.TestSuiteExecutor.accessTestSuiteMainPhase(TestSuiteExecutor.java:150)
	at com.kms.katalon.core.main.TestSuiteExecutor.execute(TestSuiteExecutor.java:106)
	at com.kms.katalon.core.main.TestCaseMain.startTestSuite(TestCaseMain.java:180)
	at TempTestSuite1733182698305.run(TempTestSuite1733182698305.groovy:35)
	at java.base/jdk.internal.reflect.NativeMethodAccessorImpl.invoke0(Native Method)
	at java.base/jdk.internal.reflect.NativeMethodAccessorImpl.invoke(NativeMethodAccessorImpl.java:77)
	at java.base/jdk.internal.reflect.DelegatingMethodAccessorImpl.invoke(DelegatingMethodAccessorImpl.java:43)
)

03-12-2024T02:57:05 - [TEST_STEP][PASSED] - else: null

03-12-2024T02:57:05 - [TEST_STEP][PASSED] - Script1687405711779.WriteToExcel(todaysDate): null

03-12-2024T02:57:05 - [TEST_STEP][PASSED] - sheetName = "Sheet1": null

03-12-2024T02:57:05 - [TEST_STEP][PASSED] - data = findTestData("PlanFact"): null

03-12-2024T02:57:05 - [TEST_STEP][PASSED] - n = data.getRowNumbers() + 1: null

03-12-2024T02:57:05 - [TEST_STEP][PASSED] - dZO = getText(findTestObject("Выручка по ДЗО/Фильтр ДЗО")): Text of object 'Object Repository/Выручка по ДЗО/Фильтр ДЗО' is: 'ПАО Россети - РаспредКомплекс - Россети Северо-Запад - Псковский филиал'

03-12-2024T02:57:06 - [MESSAGE][PASSED] - Text of object 'Object Repository/Выручка по ДЗО/Фильтр ДЗО' is: 'ПАО Россети - РаспредКомплекс - Россети Северо-Запад - Псковский филиал'

03-12-2024T02:57:06 - [TEST_STEP][PASSED] - period = getText(findTestObject("Выручка по ДЗО/Фильтр Дата")): Text of object 'Object Repository/Выручка по ДЗО/Фильтр Дата' is: '1, 2, 3 кв., Октябрь 2024 года'

03-12-2024T02:57:07 - [MESSAGE][PASSED] - Text of object 'Object Repository/Выручка по ДЗО/Фильтр Дата' is: '1, 2, 3 кв., Октябрь 2024 года'

03-12-2024T02:57:07 - [TEST_STEP][PASSED] - viruchka = getText(findTestObject("Выручка по ДЗО/Фильтр Выручка")): Text of object 'Object Repository/Выручка по ДЗО/Фильтр Выручка' is: 'внутренний оборот'

03-12-2024T02:57:07 - [MESSAGE][PASSED] - Text of object 'Object Repository/Выручка по ДЗО/Фильтр Выручка' is: 'внутренний оборот'

03-12-2024T02:57:07 - [TEST_STEP][PASSED] - if (viruchka == "Выбрано: 2"): null

03-12-2024T02:57:07 - [TEST_STEP][PASSED] - if (viruchka == "Все"): null

03-12-2024T02:57:07 - [TEST_STEP][PASSED] - println(period): null

03-12-2024T02:57:07 - [TEST_STEP][PASSED] - dashboardName = "Выручка по ДЗО": null

03-12-2024T02:57:07 - [TEST_STEP][PASSED] - workbook01 = getWorkbook(excelFilePath): null

03-12-2024T02:57:07 - [TEST_STEP][PASSED] - sheet01 = getExcelSheet(workbook01, sheetName): null

03-12-2024T02:57:07 - [TEST_STEP][PASSED] - setValueToCellByIndex(sheet01, n, 0, dashboardName): null

03-12-2024T02:57:07 - [TEST_STEP][PASSED] - setValueToCellByIndex(sheet01, n, 1, dZO): null

03-12-2024T02:57:07 - [TEST_STEP][PASSED] - setValueToCellByIndex(sheet01, n, 2, period): null

03-12-2024T02:57:07 - [TEST_STEP][PASSED] - setValueToCellByIndex(sheet01, n, 3, viruchka): null

03-12-2024T02:57:07 - [TEST_STEP][PASSED] - setValueToCellByIndex(sheet01, n, 4, todaysDate): null

03-12-2024T02:57:07 - [TEST_STEP][PASSED] - n = n + 1: null

03-12-2024T02:57:07 - [TEST_STEP][PASSED] - saveWorkbook(excelFilePath, workbook01): null

03-12-2024T02:57:07 - [TEST_STEP][PASSED] - click(findTestObject("Выручка по ДЗО/Фильтр Выручка")): Object: 'Object Repository/Выручка по ДЗО/Фильтр Выручка' is clicked on

03-12-2024T02:57:07 - [MESSAGE][PASSED] - Object: 'Object Repository/Выручка по ДЗО/Фильтр Выручка' is clicked on

03-12-2024T02:57:07 - [TEST_STEP][PASSED] - click(findTestObject("Выручка по ДЗО/По передаче в фильтре Выручка")): Object: 'Object Repository/Выручка по ДЗО/По передаче в фильтре Выручка' is clicked on

03-12-2024T02:57:08 - [MESSAGE][PASSED] - Object: 'Object Repository/Выручка по ДЗО/По передаче в фильтре Выручка' is clicked on

03-12-2024T02:57:08 - [TEST_STEP][PASSED] - click(findTestObject("Выручка по ДЗО/Применить в фильтре Выручка")): Object: 'Object Repository/Выручка по ДЗО/Применить в фильтре Выручка' is clicked on

03-12-2024T02:57:09 - [MESSAGE][PASSED] - Object: 'Object Repository/Выручка по ДЗО/Применить в фильтре Выручка' is clicked on

03-12-2024T02:57:09 - [TEST_STEP][PASSED] - Script1687405711779.Test(todaysDate): null

03-12-2024T02:57:09 - [TEST_STEP][PASSED] - if (verifyTextNotPresent("нет данных", false) == true): null

03-12-2024T02:57:11 - [MESSAGE][PASSED] - Text 'нет данных' is not present on page

03-12-2024T02:57:11 - [TEST_STEP][PASSED] - if (verifyTextNotPresent("Ошибка запроса данных", false) == true): null

03-12-2024T02:57:12 - [MESSAGE][PASSED] - Text 'Ошибка запроса данных' is not present on page

03-12-2024T02:57:12 - [TEST_STEP][PASSED] - if (verifyTextNotPresent("Произошла ошибка при выполнении пользовательского кода", false) == true): null

03-12-2024T02:57:13 - [MESSAGE][PASSED] - Text 'Произошла ошибка при выполнении пользовательского кода' is not present on page

03-12-2024T02:57:13 - [TEST_STEP][PASSED] - if (verifyTextNotPresent("У виджета нет данных", false) == true): null

03-12-2024T02:57:13 - [MESSAGE][PASSED] - Text 'У виджета нет данных' is not present on page

03-12-2024T02:57:13 - [TEST_STEP][PASSED] - if (verifyTextNotPresent("У виджета нет данных", false) == true): Text 'У виджета нет данных' is not present on page

03-12-2024T02:57:14 - [MESSAGE][PASSED] - Text 'У виджета нет данных' is not present on page

03-12-2024T02:57:14 - [TEST_STEP][PASSED] - click(findTestObject("Выручка по ДЗО/Фильтр Выручка")): Object: 'Object Repository/Выручка по ДЗО/Фильтр Выручка' is clicked on

03-12-2024T02:57:14 - [MESSAGE][PASSED] - Object: 'Object Repository/Выручка по ДЗО/Фильтр Выручка' is clicked on

03-12-2024T02:57:14 - [TEST_STEP][PASSED] - click(findTestObject("Выручка по ДЗО/Снять выделение в фильтре Выручка")): Object: 'Object Repository/Выручка по ДЗО/Снять выделение в фильтре Выручка' is clicked on

03-12-2024T02:57:14 - [MESSAGE][PASSED] - Object: 'Object Repository/Выручка по ДЗО/Снять выделение в фильтре Выручка' is clicked on

03-12-2024T02:57:14 - [TEST_STEP][PASSED] - click(findTestObject("Выручка по ДЗО/По передаче в фильтре Выручка")): Object: 'Object Repository/Выручка по ДЗО/По передаче в фильтре Выручка' is clicked on

03-12-2024T02:57:15 - [MESSAGE][PASSED] - Object: 'Object Repository/Выручка по ДЗО/По передаче в фильтре Выручка' is clicked on

03-12-2024T02:57:15 - [TEST_STEP][PASSED] - click(findTestObject("Выручка по ДЗО/Применить в фильтре Выручка")): Object: 'Object Repository/Выручка по ДЗО/Применить в фильтре Выручка' is clicked on

03-12-2024T02:57:15 - [MESSAGE][PASSED] - Object: 'Object Repository/Выручка по ДЗО/Применить в фильтре Выручка' is clicked on

03-12-2024T02:57:15 - [TEST_STEP][PASSED] - Script1687405711779.Test(todaysDate): null

03-12-2024T02:57:15 - [TEST_STEP][PASSED] - if (verifyTextNotPresent("нет данных", false) == true): null

03-12-2024T02:57:17 - [MESSAGE][PASSED] - Text 'нет данных' is not present on page

03-12-2024T02:57:17 - [TEST_STEP][PASSED] - if (verifyTextNotPresent("Ошибка запроса данных", false) == true): null

03-12-2024T02:57:18 - [MESSAGE][PASSED] - Text 'Ошибка запроса данных' is not present on page

03-12-2024T02:57:18 - [TEST_STEP][PASSED] - if (verifyTextNotPresent("Произошла ошибка при выполнении пользовательского кода", false) == true): null

03-12-2024T02:57:18 - [MESSAGE][PASSED] - Text 'Произошла ошибка при выполнении пользовательского кода' is not present on page

03-12-2024T02:57:18 - [TEST_STEP][PASSED] - if (verifyTextNotPresent("У виджета нет данных", false) == true): null

03-12-2024T02:57:19 - [MESSAGE][PASSED] - Text 'У виджета нет данных' is not present on page

03-12-2024T02:57:19 - [TEST_STEP][PASSED] - if (verifyTextNotPresent("У виджета нет данных", false) == true): Text 'У виджета нет данных' is not present on page

03-12-2024T02:57:19 - [MESSAGE][PASSED] - Text 'У виджета нет данных' is not present on page

03-12-2024T02:57:19 - [TEST_STEP][PASSED] - click(findTestObject("Выручка по ДЗО/Фильтр Выручка")): Object: 'Object Repository/Выручка по ДЗО/Фильтр Выручка' is clicked on

03-12-2024T02:57:20 - [MESSAGE][PASSED] - Object: 'Object Repository/Выручка по ДЗО/Фильтр Выручка' is clicked on

03-12-2024T02:57:20 - [TEST_STEP][PASSED] - click(findTestObject("Выручка по ДЗО/Снять выделение в фильтре Выручка")): Object: 'Object Repository/Выручка по ДЗО/Снять выделение в фильтре Выручка' is clicked on

03-12-2024T02:57:20 - [MESSAGE][PASSED] - Object: 'Object Repository/Выручка по ДЗО/Снять выделение в фильтре Выручка' is clicked on

03-12-2024T02:57:20 - [TEST_STEP][PASSED] - click(findTestObject("Выручка по ДЗО/Применить в фильтре Выручка")): Object: 'Object Repository/Выручка по ДЗО/Применить в фильтре Выручка' is clicked on

03-12-2024T02:57:20 - [MESSAGE][PASSED] - Object: 'Object Repository/Выручка по ДЗО/Применить в фильтре Выручка' is clicked on

03-12-2024T02:57:20 - [TEST_STEP][PASSED] - click(findTestObject("Выручка по ДЗО/Фильтр ДЗО")): Object: 'Object Repository/Выручка по ДЗО/Фильтр ДЗО' is clicked on

03-12-2024T02:57:22 - [MESSAGE][PASSED] - Object: 'Object Repository/Выручка по ДЗО/Фильтр ДЗО' is clicked on

03-12-2024T02:57:22 - [TEST_STEP][PASSED] - click(findTestObject("Выручка по ДЗО/Снять выделение в фильтре ДЗО")): Object: 'Object Repository/Выручка по ДЗО/Снять выделение в фильтре ДЗО' is clicked on

03-12-2024T02:57:23 - [MESSAGE][PASSED] - Object: 'Object Repository/Выручка по ДЗО/Снять выделение в фильтре ДЗО' is clicked on

03-12-2024T02:57:23 - [TEST_STEP][PASSED] - scrollToElement(findTestObject("Общие объекты/филиал в Республике Коми"), 30): Scroll to object 'Object Repository/Общие объекты/филиал в Республике Коми' successfully

03-12-2024T02:57:23 - [MESSAGE][PASSED] - Scroll to object 'Object Repository/Общие объекты/филиал в Республике Коми' successfully

03-12-2024T02:57:23 - [TEST_STEP][PASSED] - click(findTestObject("Общие объекты/филиал в Республике Коми"), CONTINUE_ON_FAILURE): Object: 'Object Repository/Общие объекты/филиал в Республике Коми' is clicked on

03-12-2024T02:57:23 - [MESSAGE][PASSED] - Object: 'Object Repository/Общие объекты/филиал в Республике Коми' is clicked on

03-12-2024T02:57:23 - [TEST_STEP][PASSED] - Script1687405711779.Change(todaysDate): null

03-12-2024T02:57:23 - [TEST_STEP][PASSED] - scrollToElement(findTestObject("Выручка по ДЗО/Заголовок дашборда"), 30): Scroll to object 'Object Repository/Выручка по ДЗО/Заголовок дашборда' successfully

03-12-2024T02:57:24 - [MESSAGE][PASSED] - Scroll to object 'Object Repository/Выручка по ДЗО/Заголовок дашборда' successfully

03-12-2024T02:57:24 - [TEST_STEP][PASSED] - click(findTestObject("Выручка по ДЗО/Применить в фильтре ДЗО")): Object: 'Object Repository/Выручка по ДЗО/Применить в фильтре ДЗО' is clicked on

03-12-2024T02:57:24 - [MESSAGE][PASSED] - Object: 'Object Repository/Выручка по ДЗО/Применить в фильтре ДЗО' is clicked on

03-12-2024T02:57:24 - [TEST_STEP][PASSED] - Script1687405711779.Tumbler(todaysDate): null

03-12-2024T02:57:24 - [TEST_STEP][PASSED] - Script1687405711779.Test(todaysDate): null

03-12-2024T02:57:24 - [TEST_STEP][PASSED] - if (verifyTextNotPresent("нет данных", false) == true): null

03-12-2024T02:57:26 - [MESSAGE][PASSED] - Text 'нет данных' is not present on page

03-12-2024T02:57:26 - [TEST_STEP][PASSED] - if (verifyTextNotPresent("Ошибка запроса данных", false) == true): null

03-12-2024T02:57:27 - [MESSAGE][PASSED] - Text 'Ошибка запроса данных' is not present on page

03-12-2024T02:57:27 - [TEST_STEP][PASSED] - if (verifyTextNotPresent("Произошла ошибка при выполнении пользовательского кода", false) == true): null

03-12-2024T02:57:29 - [MESSAGE][PASSED] - Text 'Произошла ошибка при выполнении пользовательского кода' is not present on page

03-12-2024T02:57:29 - [TEST_STEP][PASSED] - if (verifyTextNotPresent("У виджета нет данных", false) == true): null

03-12-2024T02:57:29 - [MESSAGE][PASSED] - Text 'У виджета нет данных' is not present on page

03-12-2024T02:57:29 - [TEST_STEP][PASSED] - if (verifyTextNotPresent("У виджета нет данных", false) == true): Text 'У виджета нет данных' is not present on page

03-12-2024T02:57:30 - [MESSAGE][PASSED] - Text 'У виджета нет данных' is not present on page

03-12-2024T02:57:30 - [TEST_STEP][PASSED] - click(findTestObject("Выручка по ДЗО/Фильтр Выручка")): Object: 'Object Repository/Выручка по ДЗО/Фильтр Выручка' is clicked on

03-12-2024T02:57:30 - [MESSAGE][PASSED] - Object: 'Object Repository/Выручка по ДЗО/Фильтр Выручка' is clicked on

03-12-2024T02:57:30 - [TEST_STEP][PASSED] - click(findTestObject("Выручка по ДЗО/Внутренний оборот в фильтре Выручка")): Object: 'Object Repository/Выручка по ДЗО/Внутренний оборот в фильтре Выручка' is clicked on

03-12-2024T02:57:31 - [MESSAGE][PASSED] - Object: 'Object Repository/Выручка по ДЗО/Внутренний оборот в фильтре Выручка' is clicked on

03-12-2024T02:57:31 - [TEST_STEP][PASSED] - click(findTestObject("Выручка по ДЗО/Применить в фильтре Выручка")): Object: 'Object Repository/Выручка по ДЗО/Применить в фильтре Выручка' is clicked on

03-12-2024T02:57:31 - [MESSAGE][PASSED] - Object: 'Object Repository/Выручка по ДЗО/Применить в фильтре Выручка' is clicked on

03-12-2024T02:57:31 - [TEST_STEP][PASSED] - Script1687405711779.Test(todaysDate): null

03-12-2024T02:57:31 - [TEST_STEP][FAILED] - if (verifyTextNotPresent("нет данных", false) == true): Text 'нет данных' is present on page  (Root cause: com.kms.katalon.core.exception.StepFailedException: Text 'нет данных' is present on page 
	at com.kms.katalon.core.webui.keyword.internal.WebUIKeywordMain.stepFailed(WebUIKeywordMain.groovy:64)
	at com.kms.katalon.core.webui.keyword.builtin.VerifyTextNotPresentKeyword$_verifyTextNotPresent_closure1.doCall(VerifyTextNotPresentKeyword.groovy:77)
	at com.kms.katalon.core.webui.keyword.builtin.VerifyTextNotPresentKeyword$_verifyTextNotPresent_closure1.call(VerifyTextNotPresentKeyword.groovy)
	at com.kms.katalon.core.webui.keyword.internal.WebUIKeywordMain.runKeyword(WebUIKeywordMain.groovy:20)
	at com.kms.katalon.core.webui.keyword.builtin.VerifyTextNotPresentKeyword.verifyTextNotPresent(VerifyTextNotPresentKeyword.groovy:82)
	at com.kms.katalon.core.webui.keyword.builtin.VerifyTextNotPresentKeyword.execute(VerifyTextNotPresentKeyword.groovy:68)
	at com.kms.katalon.core.keyword.internal.KeywordExecutor.executeKeywordForPlatform(KeywordExecutor.groovy:74)
	at com.kms.katalon.core.webui.keyword.WebUiBuiltInKeywords.verifyTextNotPresent(WebUiBuiltInKeywords.groovy:1795)
	at Выручка по ДЗО отображение данных все филиалы.Test(Выручка по ДЗО отображение данных все филиалы:782)
	at Выручка по ДЗО отображение данных все филиалы.Tumbler(Выручка по ДЗО отображение данных все филиалы:738)
	at Выручка по ДЗО отображение данных все филиалы.Change(Выручка по ДЗО отображение данных все филиалы:772)
	at Выручка по ДЗО отображение данных все филиалы.DzoTest(Выручка по ДЗО отображение данных все филиалы:400)
	at Выручка по ДЗО отображение данных все филиалы.run(Выручка по ДЗО отображение данных все филиалы:134)
	at com.kms.katalon.core.main.ScriptEngine.run(ScriptEngine.java:194)
	at com.kms.katalon.core.main.ScriptEngine.runScriptAsRawText(ScriptEngine.java:119)
	at com.kms.katalon.core.main.TestCaseExecutor.runScript(TestCaseExecutor.java:448)
	at com.kms.katalon.core.main.TestCaseExecutor.doExecute(TestCaseExecutor.java:439)
	at com.kms.katalon.core.main.TestCaseExecutor.processExecutionPhase(TestCaseExecutor.java:418)
	at com.kms.katalon.core.main.TestCaseExecutor.accessMainPhase(TestCaseExecutor.java:410)
	at com.kms.katalon.core.main.TestCaseExecutor.execute(TestCaseExecutor.java:285)
	at com.kms.katalon.core.common.CommonExecutor.accessTestCaseMainPhase(CommonExecutor.java:65)
	at com.kms.katalon.core.main.TestSuiteExecutor.accessTestSuiteMainPhase(TestSuiteExecutor.java:150)
	at com.kms.katalon.core.main.TestSuiteExecutor.execute(TestSuiteExecutor.java:106)
	at com.kms.katalon.core.main.TestCaseMain.startTestSuite(TestCaseMain.java:180)
	at TempTestSuite1733182698305.run(TempTestSuite1733182698305.groovy:35)
	at java.base/jdk.internal.reflect.NativeMethodAccessorImpl.invoke0(Native Method)
	at java.base/jdk.internal.reflect.NativeMethodAccessorImpl.invoke(NativeMethodAccessorImpl.java:77)
	at java.base/jdk.internal.reflect.DelegatingMethodAccessorImpl.invoke(DelegatingMethodAccessorImpl.java:43)
)

03-12-2024T02:57:34 - [MESSAGE][FAILED] - Text 'нет данных' is present on page  (Root cause: com.kms.katalon.core.exception.StepFailedException: Text 'нет данных' is present on page 
	at com.kms.katalon.core.webui.keyword.internal.WebUIKeywordMain.stepFailed(WebUIKeywordMain.groovy:64)
	at com.kms.katalon.core.webui.keyword.builtin.VerifyTextNotPresentKeyword$_verifyTextNotPresent_closure1.doCall(VerifyTextNotPresentKeyword.groovy:77)
	at com.kms.katalon.core.webui.keyword.builtin.VerifyTextNotPresentKeyword$_verifyTextNotPresent_closure1.call(VerifyTextNotPresentKeyword.groovy)
	at com.kms.katalon.core.webui.keyword.internal.WebUIKeywordMain.runKeyword(WebUIKeywordMain.groovy:20)
	at com.kms.katalon.core.webui.keyword.builtin.VerifyTextNotPresentKeyword.verifyTextNotPresent(VerifyTextNotPresentKeyword.groovy:82)
	at com.kms.katalon.core.webui.keyword.builtin.VerifyTextNotPresentKeyword.execute(VerifyTextNotPresentKeyword.groovy:68)
	at com.kms.katalon.core.keyword.internal.KeywordExecutor.executeKeywordForPlatform(KeywordExecutor.groovy:74)
	at com.kms.katalon.core.webui.keyword.WebUiBuiltInKeywords.verifyTextNotPresent(WebUiBuiltInKeywords.groovy:1795)
	at Выручка по ДЗО отображение данных все филиалы.Test(Выручка по ДЗО отображение данных все филиалы:782)
	at Выручка по ДЗО отображение данных все филиалы.Tumbler(Выручка по ДЗО отображение данных все филиалы:738)
	at Выручка по ДЗО отображение данных все филиалы.Change(Выручка по ДЗО отображение данных все филиалы:772)
	at Выручка по ДЗО отображение данных все филиалы.DzoTest(Выручка по ДЗО отображение данных все филиалы:400)
	at Выручка по ДЗО отображение данных все филиалы.run(Выручка по ДЗО отображение данных все филиалы:134)
	at com.kms.katalon.core.main.ScriptEngine.run(ScriptEngine.java:194)
	at com.kms.katalon.core.main.ScriptEngine.runScriptAsRawText(ScriptEngine.java:119)
	at com.kms.katalon.core.main.TestCaseExecutor.runScript(TestCaseExecutor.java:448)
	at com.kms.katalon.core.main.TestCaseExecutor.doExecute(TestCaseExecutor.java:439)
	at com.kms.katalon.core.main.TestCaseExecutor.processExecutionPhase(TestCaseExecutor.java:418)
	at com.kms.katalon.core.main.TestCaseExecutor.accessMainPhase(TestCaseExecutor.java:410)
	at com.kms.katalon.core.main.TestCaseExecutor.execute(TestCaseExecutor.java:285)
	at com.kms.katalon.core.common.CommonExecutor.accessTestCaseMainPhase(CommonExecutor.java:65)
	at com.kms.katalon.core.main.TestSuiteExecutor.accessTestSuiteMainPhase(TestSuiteExecutor.java:150)
	at com.kms.katalon.core.main.TestSuiteExecutor.execute(TestSuiteExecutor.java:106)
	at com.kms.katalon.core.main.TestCaseMain.startTestSuite(TestCaseMain.java:180)
	at TempTestSuite1733182698305.run(TempTestSuite1733182698305.groovy:35)
	at java.base/jdk.internal.reflect.NativeMethodAccessorImpl.invoke0(Native Method)
	at java.base/jdk.internal.reflect.NativeMethodAccessorImpl.invoke(NativeMethodAccessorImpl.java:77)
	at java.base/jdk.internal.reflect.DelegatingMethodAccessorImpl.invoke(DelegatingMethodAccessorImpl.java:43)
)

03-12-2024T02:57:34 - [TEST_STEP][PASSED] - else: null

03-12-2024T02:57:34 - [TEST_STEP][PASSED] - Script1687405711779.WriteToExcel(todaysDate): null

03-12-2024T02:57:34 - [TEST_STEP][PASSED] - sheetName = "Sheet1": null

03-12-2024T02:57:34 - [TEST_STEP][PASSED] - data = findTestData("PlanFact"): null

03-12-2024T02:57:34 - [TEST_STEP][PASSED] - n = data.getRowNumbers() + 1: null

03-12-2024T02:57:34 - [TEST_STEP][PASSED] - dZO = getText(findTestObject("Выручка по ДЗО/Фильтр ДЗО")): Text of object 'Object Repository/Выручка по ДЗО/Фильтр ДЗО' is: 'ПАО Россети - РаспредКомплекс - Россети Северо-Запад - филиал в Республике Коми'

03-12-2024T02:57:35 - [MESSAGE][PASSED] - Text of object 'Object Repository/Выручка по ДЗО/Фильтр ДЗО' is: 'ПАО Россети - РаспредКомплекс - Россети Северо-Запад - филиал в Республике Коми'

03-12-2024T02:57:35 - [TEST_STEP][PASSED] - period = getText(findTestObject("Выручка по ДЗО/Фильтр Дата")): Text of object 'Object Repository/Выручка по ДЗО/Фильтр Дата' is: '1, 2, 3 кв., Октябрь 2024 года'

03-12-2024T02:57:35 - [MESSAGE][PASSED] - Text of object 'Object Repository/Выручка по ДЗО/Фильтр Дата' is: '1, 2, 3 кв., Октябрь 2024 года'

03-12-2024T02:57:35 - [TEST_STEP][PASSED] - viruchka = getText(findTestObject("Выручка по ДЗО/Фильтр Выручка")): Text of object 'Object Repository/Выручка по ДЗО/Фильтр Выручка' is: 'внутренний оборот'

03-12-2024T02:57:35 - [MESSAGE][PASSED] - Text of object 'Object Repository/Выручка по ДЗО/Фильтр Выручка' is: 'внутренний оборот'

03-12-2024T02:57:35 - [TEST_STEP][PASSED] - if (viruchka == "Выбрано: 2"): null

03-12-2024T02:57:35 - [TEST_STEP][PASSED] - if (viruchka == "Все"): null

03-12-2024T02:57:35 - [TEST_STEP][PASSED] - println(period): null

03-12-2024T02:57:35 - [TEST_STEP][PASSED] - dashboardName = "Выручка по ДЗО": null

03-12-2024T02:57:35 - [TEST_STEP][PASSED] - workbook01 = getWorkbook(excelFilePath): null

03-12-2024T02:57:35 - [TEST_STEP][PASSED] - sheet01 = getExcelSheet(workbook01, sheetName): null

03-12-2024T02:57:35 - [TEST_STEP][PASSED] - setValueToCellByIndex(sheet01, n, 0, dashboardName): null

03-12-2024T02:57:35 - [TEST_STEP][PASSED] - setValueToCellByIndex(sheet01, n, 1, dZO): null

03-12-2024T02:57:35 - [TEST_STEP][PASSED] - setValueToCellByIndex(sheet01, n, 2, period): null

03-12-2024T02:57:35 - [TEST_STEP][PASSED] - setValueToCellByIndex(sheet01, n, 3, viruchka): null

03-12-2024T02:57:35 - [TEST_STEP][PASSED] - setValueToCellByIndex(sheet01, n, 4, todaysDate): null

03-12-2024T02:57:35 - [TEST_STEP][PASSED] - n = n + 1: null

03-12-2024T02:57:35 - [TEST_STEP][PASSED] - saveWorkbook(excelFilePath, workbook01): null

03-12-2024T02:57:35 - [TEST_STEP][PASSED] - click(findTestObject("Выручка по ДЗО/Фильтр Выручка")): Object: 'Object Repository/Выручка по ДЗО/Фильтр Выручка' is clicked on

03-12-2024T02:57:36 - [MESSAGE][PASSED] - Object: 'Object Repository/Выручка по ДЗО/Фильтр Выручка' is clicked on

03-12-2024T02:57:36 - [TEST_STEP][PASSED] - click(findTestObject("Выручка по ДЗО/По передаче в фильтре Выручка")): Object: 'Object Repository/Выручка по ДЗО/По передаче в фильтре Выручка' is clicked on

03-12-2024T02:57:36 - [MESSAGE][PASSED] - Object: 'Object Repository/Выручка по ДЗО/По передаче в фильтре Выручка' is clicked on

03-12-2024T02:57:36 - [TEST_STEP][PASSED] - click(findTestObject("Выручка по ДЗО/Применить в фильтре Выручка")): Object: 'Object Repository/Выручка по ДЗО/Применить в фильтре Выручка' is clicked on

03-12-2024T02:57:37 - [MESSAGE][PASSED] - Object: 'Object Repository/Выручка по ДЗО/Применить в фильтре Выручка' is clicked on

03-12-2024T02:57:37 - [TEST_STEP][PASSED] - Script1687405711779.Test(todaysDate): null

03-12-2024T02:57:37 - [TEST_STEP][PASSED] - if (verifyTextNotPresent("нет данных", false) == true): null

03-12-2024T02:57:39 - [MESSAGE][PASSED] - Text 'нет данных' is not present on page

03-12-2024T02:57:39 - [TEST_STEP][PASSED] - if (verifyTextNotPresent("Ошибка запроса данных", false) == true): null

03-12-2024T02:57:40 - [MESSAGE][PASSED] - Text 'Ошибка запроса данных' is not present on page

03-12-2024T02:57:40 - [TEST_STEP][PASSED] - if (verifyTextNotPresent("Произошла ошибка при выполнении пользовательского кода", false) == true): null

03-12-2024T02:57:41 - [MESSAGE][PASSED] - Text 'Произошла ошибка при выполнении пользовательского кода' is not present on page

03-12-2024T02:57:41 - [TEST_STEP][PASSED] - if (verifyTextNotPresent("У виджета нет данных", false) == true): null

03-12-2024T02:57:41 - [MESSAGE][PASSED] - Text 'У виджета нет данных' is not present on page

03-12-2024T02:57:41 - [TEST_STEP][PASSED] - if (verifyTextNotPresent("У виджета нет данных", false) == true): Text 'У виджета нет данных' is not present on page

03-12-2024T02:57:42 - [MESSAGE][PASSED] - Text 'У виджета нет данных' is not present on page

03-12-2024T02:57:42 - [TEST_STEP][PASSED] - click(findTestObject("Выручка по ДЗО/Фильтр Выручка")): Object: 'Object Repository/Выручка по ДЗО/Фильтр Выручка' is clicked on

03-12-2024T02:57:42 - [MESSAGE][PASSED] - Object: 'Object Repository/Выручка по ДЗО/Фильтр Выручка' is clicked on

03-12-2024T02:57:42 - [TEST_STEP][PASSED] - click(findTestObject("Выручка по ДЗО/Снять выделение в фильтре Выручка")): Object: 'Object Repository/Выручка по ДЗО/Снять выделение в фильтре Выручка' is clicked on

03-12-2024T02:57:42 - [MESSAGE][PASSED] - Object: 'Object Repository/Выручка по ДЗО/Снять выделение в фильтре Выручка' is clicked on

03-12-2024T02:57:42 - [TEST_STEP][PASSED] - click(findTestObject("Выручка по ДЗО/По передаче в фильтре Выручка")): Object: 'Object Repository/Выручка по ДЗО/По передаче в фильтре Выручка' is clicked on

03-12-2024T02:57:43 - [MESSAGE][PASSED] - Object: 'Object Repository/Выручка по ДЗО/По передаче в фильтре Выручка' is clicked on

03-12-2024T02:57:43 - [TEST_STEP][PASSED] - click(findTestObject("Выручка по ДЗО/Применить в фильтре Выручка")): Object: 'Object Repository/Выручка по ДЗО/Применить в фильтре Выручка' is clicked on

03-12-2024T02:57:43 - [MESSAGE][PASSED] - Object: 'Object Repository/Выручка по ДЗО/Применить в фильтре Выручка' is clicked on

03-12-2024T02:57:43 - [TEST_STEP][PASSED] - Script1687405711779.Test(todaysDate): null

03-12-2024T02:57:43 - [TEST_STEP][PASSED] - if (verifyTextNotPresent("нет данных", false) == true): null

03-12-2024T02:57:45 - [MESSAGE][PASSED] - Text 'нет данных' is not present on page

03-12-2024T02:57:45 - [TEST_STEP][PASSED] - if (verifyTextNotPresent("Ошибка запроса данных", false) == true): null

03-12-2024T02:57:46 - [MESSAGE][PASSED] - Text 'Ошибка запроса данных' is not present on page

03-12-2024T02:57:46 - [TEST_STEP][PASSED] - if (verifyTextNotPresent("Произошла ошибка при выполнении пользовательского кода", false) == true): null

03-12-2024T02:57:46 - [MESSAGE][PASSED] - Text 'Произошла ошибка при выполнении пользовательского кода' is not present on page

03-12-2024T02:57:46 - [TEST_STEP][PASSED] - if (verifyTextNotPresent("У виджета нет данных", false) == true): null

03-12-2024T02:57:47 - [MESSAGE][PASSED] - Text 'У виджета нет данных' is not present on page

03-12-2024T02:57:47 - [TEST_STEP][PASSED] - if (verifyTextNotPresent("У виджета нет данных", false) == true): Text 'У виджета нет данных' is not present on page

03-12-2024T02:57:47 - [MESSAGE][PASSED] - Text 'У виджета нет данных' is not present on page

03-12-2024T02:57:47 - [TEST_STEP][PASSED] - click(findTestObject("Выручка по ДЗО/Фильтр Выручка")): Object: 'Object Repository/Выручка по ДЗО/Фильтр Выручка' is clicked on

03-12-2024T02:57:48 - [MESSAGE][PASSED] - Object: 'Object Repository/Выручка по ДЗО/Фильтр Выручка' is clicked on

03-12-2024T02:57:48 - [TEST_STEP][PASSED] - click(findTestObject("Выручка по ДЗО/Снять выделение в фильтре Выручка")): Object: 'Object Repository/Выручка по ДЗО/Снять выделение в фильтре Выручка' is clicked on

03-12-2024T02:57:48 - [MESSAGE][PASSED] - Object: 'Object Repository/Выручка по ДЗО/Снять выделение в фильтре Выручка' is clicked on

03-12-2024T02:57:48 - [TEST_STEP][PASSED] - click(findTestObject("Выручка по ДЗО/Применить в фильтре Выручка")): Object: 'Object Repository/Выручка по ДЗО/Применить в фильтре Выручка' is clicked on

03-12-2024T02:57:49 - [MESSAGE][PASSED] - Object: 'Object Repository/Выручка по ДЗО/Применить в фильтре Выручка' is clicked on

03-12-2024T02:57:49 - [TEST_STEP][PASSED] - click(findTestObject("Выручка по ДЗО/Фильтр ДЗО")): Object: 'Object Repository/Выручка по ДЗО/Фильтр ДЗО' is clicked on

03-12-2024T02:57:50 - [MESSAGE][PASSED] - Object: 'Object Repository/Выручка по ДЗО/Фильтр ДЗО' is clicked on

03-12-2024T02:57:50 - [TEST_STEP][PASSED] - click(findTestObject("Выручка по ДЗО/Снять выделение в фильтре ДЗО")): Object: 'Object Repository/Выручка по ДЗО/Снять выделение в фильтре ДЗО' is clicked on

03-12-2024T02:57:51 - [MESSAGE][PASSED] - Object: 'Object Repository/Выручка по ДЗО/Снять выделение в фильтре ДЗО' is clicked on

03-12-2024T02:57:51 - [TEST_STEP][PASSED] - scrollToElement(findTestObject("Выручка по ДЗО/Россети Сибирь Выручка по ДЗО"), 30): Scroll to object 'Object Repository/Выручка по ДЗО/Россети Сибирь Выручка по ДЗО' successfully

03-12-2024T02:57:51 - [MESSAGE][PASSED] - Scroll to object 'Object Repository/Выручка по ДЗО/Россети Сибирь Выручка по ДЗО' successfully

03-12-2024T02:57:51 - [TEST_STEP][PASSED] - click(findTestObject("Выручка по ДЗО/Россети Сибирь Выручка по ДЗО")): Object: 'Object Repository/Выручка по ДЗО/Россети Сибирь Выручка по ДЗО' is clicked on

03-12-2024T02:57:51 - [MESSAGE][PASSED] - Object: 'Object Repository/Выручка по ДЗО/Россети Сибирь Выручка по ДЗО' is clicked on

03-12-2024T02:57:51 - [TEST_STEP][PASSED] - Script1687405711779.Change(todaysDate): null

03-12-2024T02:57:51 - [TEST_STEP][PASSED] - scrollToElement(findTestObject("Выручка по ДЗО/Заголовок дашборда"), 30): Scroll to object 'Object Repository/Выручка по ДЗО/Заголовок дашборда' successfully

03-12-2024T02:57:52 - [MESSAGE][PASSED] - Scroll to object 'Object Repository/Выручка по ДЗО/Заголовок дашборда' successfully

03-12-2024T02:57:52 - [TEST_STEP][PASSED] - click(findTestObject("Выручка по ДЗО/Применить в фильтре ДЗО")): Object: 'Object Repository/Выручка по ДЗО/Применить в фильтре ДЗО' is clicked on

03-12-2024T02:57:52 - [MESSAGE][PASSED] - Object: 'Object Repository/Выручка по ДЗО/Применить в фильтре ДЗО' is clicked on

03-12-2024T02:57:52 - [TEST_STEP][PASSED] - Script1687405711779.Tumbler(todaysDate): null

03-12-2024T02:57:52 - [TEST_STEP][PASSED] - Script1687405711779.Test(todaysDate): null

03-12-2024T02:57:52 - [TEST_STEP][PASSED] - if (verifyTextNotPresent("нет данных", false) == true): null

03-12-2024T02:57:55 - [MESSAGE][PASSED] - Text 'нет данных' is not present on page

03-12-2024T02:57:55 - [TEST_STEP][PASSED] - if (verifyTextNotPresent("Ошибка запроса данных", false) == true): null

03-12-2024T02:57:56 - [MESSAGE][PASSED] - Text 'Ошибка запроса данных' is not present on page

03-12-2024T02:57:56 - [TEST_STEP][PASSED] - if (verifyTextNotPresent("Произошла ошибка при выполнении пользовательского кода", false) == true): null

03-12-2024T02:57:56 - [MESSAGE][PASSED] - Text 'Произошла ошибка при выполнении пользовательского кода' is not present on page

03-12-2024T02:57:56 - [TEST_STEP][PASSED] - if (verifyTextNotPresent("У виджета нет данных", false) == true): null

03-12-2024T02:57:57 - [MESSAGE][PASSED] - Text 'У виджета нет данных' is not present on page

03-12-2024T02:57:57 - [TEST_STEP][PASSED] - if (verifyTextNotPresent("У виджета нет данных", false) == true): Text 'У виджета нет данных' is not present on page

03-12-2024T02:57:58 - [MESSAGE][PASSED] - Text 'У виджета нет данных' is not present on page

03-12-2024T02:57:58 - [TEST_STEP][PASSED] - click(findTestObject("Выручка по ДЗО/Фильтр Выручка")): Object: 'Object Repository/Выручка по ДЗО/Фильтр Выручка' is clicked on

03-12-2024T02:57:58 - [MESSAGE][PASSED] - Object: 'Object Repository/Выручка по ДЗО/Фильтр Выручка' is clicked on

03-12-2024T02:57:58 - [TEST_STEP][PASSED] - click(findTestObject("Выручка по ДЗО/Внутренний оборот в фильтре Выручка")): Object: 'Object Repository/Выручка по ДЗО/Внутренний оборот в фильтре Выручка' is clicked on

03-12-2024T02:57:58 - [MESSAGE][PASSED] - Object: 'Object Repository/Выручка по ДЗО/Внутренний оборот в фильтре Выручка' is clicked on

03-12-2024T02:57:58 - [TEST_STEP][PASSED] - click(findTestObject("Выручка по ДЗО/Применить в фильтре Выручка")): Object: 'Object Repository/Выручка по ДЗО/Применить в фильтре Выручка' is clicked on

03-12-2024T02:57:59 - [MESSAGE][PASSED] - Object: 'Object Repository/Выручка по ДЗО/Применить в фильтре Выручка' is clicked on

03-12-2024T02:57:59 - [TEST_STEP][PASSED] - Script1687405711779.Test(todaysDate): null

03-12-2024T02:57:59 - [TEST_STEP][FAILED] - if (verifyTextNotPresent("нет данных", false) == true): Text 'нет данных' is present on page  (Root cause: com.kms.katalon.core.exception.StepFailedException: Text 'нет данных' is present on page 
	at com.kms.katalon.core.webui.keyword.internal.WebUIKeywordMain.stepFailed(WebUIKeywordMain.groovy:64)
	at com.kms.katalon.core.webui.keyword.builtin.VerifyTextNotPresentKeyword$_verifyTextNotPresent_closure1.doCall(VerifyTextNotPresentKeyword.groovy:77)
	at com.kms.katalon.core.webui.keyword.builtin.VerifyTextNotPresentKeyword$_verifyTextNotPresent_closure1.call(VerifyTextNotPresentKeyword.groovy)
	at com.kms.katalon.core.webui.keyword.internal.WebUIKeywordMain.runKeyword(WebUIKeywordMain.groovy:20)
	at com.kms.katalon.core.webui.keyword.builtin.VerifyTextNotPresentKeyword.verifyTextNotPresent(VerifyTextNotPresentKeyword.groovy:82)
	at com.kms.katalon.core.webui.keyword.builtin.VerifyTextNotPresentKeyword.execute(VerifyTextNotPresentKeyword.groovy:68)
	at com.kms.katalon.core.keyword.internal.KeywordExecutor.executeKeywordForPlatform(KeywordExecutor.groovy:74)
	at com.kms.katalon.core.webui.keyword.WebUiBuiltInKeywords.verifyTextNotPresent(WebUiBuiltInKeywords.groovy:1795)
	at Выручка по ДЗО отображение данных все филиалы.Test(Выручка по ДЗО отображение данных все филиалы:782)
	at Выручка по ДЗО отображение данных все филиалы.Tumbler(Выручка по ДЗО отображение данных все филиалы:738)
	at Выручка по ДЗО отображение данных все филиалы.Change(Выручка по ДЗО отображение данных все филиалы:772)
	at Выручка по ДЗО отображение данных все филиалы.DzoTest(Выручка по ДЗО отображение данных все филиалы:406)
	at Выручка по ДЗО отображение данных все филиалы.run(Выручка по ДЗО отображение данных все филиалы:134)
	at com.kms.katalon.core.main.ScriptEngine.run(ScriptEngine.java:194)
	at com.kms.katalon.core.main.ScriptEngine.runScriptAsRawText(ScriptEngine.java:119)
	at com.kms.katalon.core.main.TestCaseExecutor.runScript(TestCaseExecutor.java:448)
	at com.kms.katalon.core.main.TestCaseExecutor.doExecute(TestCaseExecutor.java:439)
	at com.kms.katalon.core.main.TestCaseExecutor.processExecutionPhase(TestCaseExecutor.java:418)
	at com.kms.katalon.core.main.TestCaseExecutor.accessMainPhase(TestCaseExecutor.java:410)
	at com.kms.katalon.core.main.TestCaseExecutor.execute(TestCaseExecutor.java:285)
	at com.kms.katalon.core.common.CommonExecutor.accessTestCaseMainPhase(CommonExecutor.java:65)
	at com.kms.katalon.core.main.TestSuiteExecutor.accessTestSuiteMainPhase(TestSuiteExecutor.java:150)
	at com.kms.katalon.core.main.TestSuiteExecutor.execute(TestSuiteExecutor.java:106)
	at com.kms.katalon.core.main.TestCaseMain.startTestSuite(TestCaseMain.java:180)
	at TempTestSuite1733182698305.run(TempTestSuite1733182698305.groovy:35)
	at java.base/jdk.internal.reflect.NativeMethodAccessorImpl.invoke0(Native Method)
	at java.base/jdk.internal.reflect.NativeMethodAccessorImpl.invoke(NativeMethodAccessorImpl.java:77)
	at java.base/jdk.internal.reflect.DelegatingMethodAccessorImpl.invoke(DelegatingMethodAccessorImpl.java:43)
)

03-12-2024T02:58:01 - [MESSAGE][FAILED] - Text 'нет данных' is present on page  (Root cause: com.kms.katalon.core.exception.StepFailedException: Text 'нет данных' is present on page 
	at com.kms.katalon.core.webui.keyword.internal.WebUIKeywordMain.stepFailed(WebUIKeywordMain.groovy:64)
	at com.kms.katalon.core.webui.keyword.builtin.VerifyTextNotPresentKeyword$_verifyTextNotPresent_closure1.doCall(VerifyTextNotPresentKeyword.groovy:77)
	at com.kms.katalon.core.webui.keyword.builtin.VerifyTextNotPresentKeyword$_verifyTextNotPresent_closure1.call(VerifyTextNotPresentKeyword.groovy)
	at com.kms.katalon.core.webui.keyword.internal.WebUIKeywordMain.runKeyword(WebUIKeywordMain.groovy:20)
	at com.kms.katalon.core.webui.keyword.builtin.VerifyTextNotPresentKeyword.verifyTextNotPresent(VerifyTextNotPresentKeyword.groovy:82)
	at com.kms.katalon.core.webui.keyword.builtin.VerifyTextNotPresentKeyword.execute(VerifyTextNotPresentKeyword.groovy:68)
	at com.kms.katalon.core.keyword.internal.KeywordExecutor.executeKeywordForPlatform(KeywordExecutor.groovy:74)
	at com.kms.katalon.core.webui.keyword.WebUiBuiltInKeywords.verifyTextNotPresent(WebUiBuiltInKeywords.groovy:1795)
	at Выручка по ДЗО отображение данных все филиалы.Test(Выручка по ДЗО отображение данных все филиалы:782)
	at Выручка по ДЗО отображение данных все филиалы.Tumbler(Выручка по ДЗО отображение данных все филиалы:738)
	at Выручка по ДЗО отображение данных все филиалы.Change(Выручка по ДЗО отображение данных все филиалы:772)
	at Выручка по ДЗО отображение данных все филиалы.DzoTest(Выручка по ДЗО отображение данных все филиалы:406)
	at Выручка по ДЗО отображение данных все филиалы.run(Выручка по ДЗО отображение данных все филиалы:134)
	at com.kms.katalon.core.main.ScriptEngine.run(ScriptEngine.java:194)
	at com.kms.katalon.core.main.ScriptEngine.runScriptAsRawText(ScriptEngine.java:119)
	at com.kms.katalon.core.main.TestCaseExecutor.runScript(TestCaseExecutor.java:448)
	at com.kms.katalon.core.main.TestCaseExecutor.doExecute(TestCaseExecutor.java:439)
	at com.kms.katalon.core.main.TestCaseExecutor.processExecutionPhase(TestCaseExecutor.java:418)
	at com.kms.katalon.core.main.TestCaseExecutor.accessMainPhase(TestCaseExecutor.java:410)
	at com.kms.katalon.core.main.TestCaseExecutor.execute(TestCaseExecutor.java:285)
	at com.kms.katalon.core.common.CommonExecutor.accessTestCaseMainPhase(CommonExecutor.java:65)
	at com.kms.katalon.core.main.TestSuiteExecutor.accessTestSuiteMainPhase(TestSuiteExecutor.java:150)
	at com.kms.katalon.core.main.TestSuiteExecutor.execute(TestSuiteExecutor.java:106)
	at com.kms.katalon.core.main.TestCaseMain.startTestSuite(TestCaseMain.java:180)
	at TempTestSuite1733182698305.run(TempTestSuite1733182698305.groovy:35)
	at java.base/jdk.internal.reflect.NativeMethodAccessorImpl.invoke0(Native Method)
	at java.base/jdk.internal.reflect.NativeMethodAccessorImpl.invoke(NativeMethodAccessorImpl.java:77)
	at java.base/jdk.internal.reflect.DelegatingMethodAccessorImpl.invoke(DelegatingMethodAccessorImpl.java:43)
)

03-12-2024T02:58:01 - [TEST_STEP][PASSED] - else: null

03-12-2024T02:58:01 - [TEST_STEP][PASSED] - Script1687405711779.WriteToExcel(todaysDate): null

03-12-2024T02:58:01 - [TEST_STEP][PASSED] - sheetName = "Sheet1": null

03-12-2024T02:58:01 - [TEST_STEP][PASSED] - data = findTestData("PlanFact"): null

03-12-2024T02:58:01 - [TEST_STEP][PASSED] - n = data.getRowNumbers() + 1: null

03-12-2024T02:58:01 - [TEST_STEP][PASSED] - dZO = getText(findTestObject("Выручка по ДЗО/Фильтр ДЗО")): Text of object 'Object Repository/Выручка по ДЗО/Фильтр ДЗО' is: 'ПАО Россети - РаспредКомплекс - Россети Сибирь (ГК)'

03-12-2024T02:58:01 - [MESSAGE][PASSED] - Text of object 'Object Repository/Выручка по ДЗО/Фильтр ДЗО' is: 'ПАО Россети - РаспредКомплекс - Россети Сибирь (ГК)'

03-12-2024T02:58:01 - [TEST_STEP][PASSED] - period = getText(findTestObject("Выручка по ДЗО/Фильтр Дата")): Text of object 'Object Repository/Выручка по ДЗО/Фильтр Дата' is: '1, 2, 3 кв., Октябрь 2024 года'

03-12-2024T02:58:02 - [MESSAGE][PASSED] - Text of object 'Object Repository/Выручка по ДЗО/Фильтр Дата' is: '1, 2, 3 кв., Октябрь 2024 года'

03-12-2024T02:58:02 - [TEST_STEP][PASSED] - viruchka = getText(findTestObject("Выручка по ДЗО/Фильтр Выручка")): Text of object 'Object Repository/Выручка по ДЗО/Фильтр Выручка' is: 'внутренний оборот'

03-12-2024T02:58:02 - [MESSAGE][PASSED] - Text of object 'Object Repository/Выручка по ДЗО/Фильтр Выручка' is: 'внутренний оборот'

03-12-2024T02:58:02 - [TEST_STEP][PASSED] - if (viruchka == "Выбрано: 2"): null

03-12-2024T02:58:02 - [TEST_STEP][PASSED] - if (viruchka == "Все"): null

03-12-2024T02:58:02 - [TEST_STEP][PASSED] - println(period): null

03-12-2024T02:58:02 - [TEST_STEP][PASSED] - dashboardName = "Выручка по ДЗО": null

03-12-2024T02:58:02 - [TEST_STEP][PASSED] - workbook01 = getWorkbook(excelFilePath): null

03-12-2024T02:58:02 - [TEST_STEP][PASSED] - sheet01 = getExcelSheet(workbook01, sheetName): null

03-12-2024T02:58:02 - [TEST_STEP][PASSED] - setValueToCellByIndex(sheet01, n, 0, dashboardName): null

03-12-2024T02:58:02 - [TEST_STEP][PASSED] - setValueToCellByIndex(sheet01, n, 1, dZO): null

03-12-2024T02:58:02 - [TEST_STEP][PASSED] - setValueToCellByIndex(sheet01, n, 2, period): null

03-12-2024T02:58:02 - [TEST_STEP][PASSED] - setValueToCellByIndex(sheet01, n, 3, viruchka): null

03-12-2024T02:58:02 - [TEST_STEP][PASSED] - setValueToCellByIndex(sheet01, n, 4, todaysDate): null

03-12-2024T02:58:02 - [TEST_STEP][PASSED] - n = n + 1: null

03-12-2024T02:58:02 - [TEST_STEP][PASSED] - saveWorkbook(excelFilePath, workbook01): null

03-12-2024T02:58:02 - [TEST_STEP][PASSED] - click(findTestObject("Выручка по ДЗО/Фильтр Выручка")): Object: 'Object Repository/Выручка по ДЗО/Фильтр Выручка' is clicked on

03-12-2024T02:58:03 - [MESSAGE][PASSED] - Object: 'Object Repository/Выручка по ДЗО/Фильтр Выручка' is clicked on

03-12-2024T02:58:03 - [TEST_STEP][PASSED] - click(findTestObject("Выручка по ДЗО/По передаче в фильтре Выручка")): Object: 'Object Repository/Выручка по ДЗО/По передаче в фильтре Выручка' is clicked on

03-12-2024T02:58:03 - [MESSAGE][PASSED] - Object: 'Object Repository/Выручка по ДЗО/По передаче в фильтре Выручка' is clicked on

03-12-2024T02:58:03 - [TEST_STEP][PASSED] - click(findTestObject("Выручка по ДЗО/Применить в фильтре Выручка")): Object: 'Object Repository/Выручка по ДЗО/Применить в фильтре Выручка' is clicked on

03-12-2024T02:58:04 - [MESSAGE][PASSED] - Object: 'Object Repository/Выручка по ДЗО/Применить в фильтре Выручка' is clicked on

03-12-2024T02:58:04 - [TEST_STEP][PASSED] - Script1687405711779.Test(todaysDate): null

03-12-2024T02:58:04 - [TEST_STEP][PASSED] - if (verifyTextNotPresent("нет данных", false) == true): null

03-12-2024T02:58:06 - [MESSAGE][PASSED] - Text 'нет данных' is not present on page

03-12-2024T02:58:06 - [TEST_STEP][PASSED] - if (verifyTextNotPresent("Ошибка запроса данных", false) == true): null

03-12-2024T02:58:07 - [MESSAGE][PASSED] - Text 'Ошибка запроса данных' is not present on page

03-12-2024T02:58:07 - [TEST_STEP][PASSED] - if (verifyTextNotPresent("Произошла ошибка при выполнении пользовательского кода", false) == true): null

03-12-2024T02:58:07 - [MESSAGE][PASSED] - Text 'Произошла ошибка при выполнении пользовательского кода' is not present on page

03-12-2024T02:58:07 - [TEST_STEP][PASSED] - if (verifyTextNotPresent("У виджета нет данных", false) == true): null

03-12-2024T02:58:08 - [MESSAGE][PASSED] - Text 'У виджета нет данных' is not present on page

03-12-2024T02:58:08 - [TEST_STEP][PASSED] - if (verifyTextNotPresent("У виджета нет данных", false) == true): Text 'У виджета нет данных' is not present on page

03-12-2024T02:58:08 - [MESSAGE][PASSED] - Text 'У виджета нет данных' is not present on page

03-12-2024T02:58:08 - [TEST_STEP][PASSED] - click(findTestObject("Выручка по ДЗО/Фильтр Выручка")): Object: 'Object Repository/Выручка по ДЗО/Фильтр Выручка' is clicked on

03-12-2024T02:58:09 - [MESSAGE][PASSED] - Object: 'Object Repository/Выручка по ДЗО/Фильтр Выручка' is clicked on

03-12-2024T02:58:09 - [TEST_STEP][PASSED] - click(findTestObject("Выручка по ДЗО/Снять выделение в фильтре Выручка")): Object: 'Object Repository/Выручка по ДЗО/Снять выделение в фильтре Выручка' is clicked on

03-12-2024T02:58:09 - [MESSAGE][PASSED] - Object: 'Object Repository/Выручка по ДЗО/Снять выделение в фильтре Выручка' is clicked on

03-12-2024T02:58:09 - [TEST_STEP][PASSED] - click(findTestObject("Выручка по ДЗО/По передаче в фильтре Выручка")): Object: 'Object Repository/Выручка по ДЗО/По передаче в фильтре Выручка' is clicked on

03-12-2024T02:58:09 - [MESSAGE][PASSED] - Object: 'Object Repository/Выручка по ДЗО/По передаче в фильтре Выручка' is clicked on

03-12-2024T02:58:09 - [TEST_STEP][PASSED] - click(findTestObject("Выручка по ДЗО/Применить в фильтре Выручка")): Object: 'Object Repository/Выручка по ДЗО/Применить в фильтре Выручка' is clicked on

03-12-2024T02:58:10 - [MESSAGE][PASSED] - Object: 'Object Repository/Выручка по ДЗО/Применить в фильтре Выручка' is clicked on

03-12-2024T02:58:10 - [TEST_STEP][PASSED] - Script1687405711779.Test(todaysDate): null

03-12-2024T02:58:10 - [TEST_STEP][PASSED] - if (verifyTextNotPresent("нет данных", false) == true): null

03-12-2024T02:58:12 - [MESSAGE][PASSED] - Text 'нет данных' is not present on page

03-12-2024T02:58:12 - [TEST_STEP][PASSED] - if (verifyTextNotPresent("Ошибка запроса данных", false) == true): null

03-12-2024T02:58:13 - [MESSAGE][PASSED] - Text 'Ошибка запроса данных' is not present on page

03-12-2024T02:58:13 - [TEST_STEP][PASSED] - if (verifyTextNotPresent("Произошла ошибка при выполнении пользовательского кода", false) == true): null

03-12-2024T02:58:13 - [MESSAGE][PASSED] - Text 'Произошла ошибка при выполнении пользовательского кода' is not present on page

03-12-2024T02:58:13 - [TEST_STEP][PASSED] - if (verifyTextNotPresent("У виджета нет данных", false) == true): null

03-12-2024T02:58:14 - [MESSAGE][PASSED] - Text 'У виджета нет данных' is not present on page

03-12-2024T02:58:14 - [TEST_STEP][PASSED] - if (verifyTextNotPresent("У виджета нет данных", false) == true): Text 'У виджета нет данных' is not present on page

03-12-2024T02:58:14 - [MESSAGE][PASSED] - Text 'У виджета нет данных' is not present on page

03-12-2024T02:58:14 - [TEST_STEP][PASSED] - click(findTestObject("Выручка по ДЗО/Фильтр Выручка")): Object: 'Object Repository/Выручка по ДЗО/Фильтр Выручка' is clicked on

03-12-2024T02:58:15 - [MESSAGE][PASSED] - Object: 'Object Repository/Выручка по ДЗО/Фильтр Выручка' is clicked on

03-12-2024T02:58:15 - [TEST_STEP][PASSED] - click(findTestObject("Выручка по ДЗО/Снять выделение в фильтре Выручка")): Object: 'Object Repository/Выручка по ДЗО/Снять выделение в фильтре Выручка' is clicked on

03-12-2024T02:58:15 - [MESSAGE][PASSED] - Object: 'Object Repository/Выручка по ДЗО/Снять выделение в фильтре Выручка' is clicked on

03-12-2024T02:58:15 - [TEST_STEP][PASSED] - click(findTestObject("Выручка по ДЗО/Применить в фильтре Выручка")): Object: 'Object Repository/Выручка по ДЗО/Применить в фильтре Выручка' is clicked on

03-12-2024T02:58:15 - [MESSAGE][PASSED] - Object: 'Object Repository/Выручка по ДЗО/Применить в фильтре Выручка' is clicked on

03-12-2024T02:58:15 - [TEST_STEP][PASSED] - click(findTestObject("Выручка по ДЗО/Фильтр ДЗО")): Object: 'Object Repository/Выручка по ДЗО/Фильтр ДЗО' is clicked on

03-12-2024T02:58:18 - [MESSAGE][PASSED] - Object: 'Object Repository/Выручка по ДЗО/Фильтр ДЗО' is clicked on

03-12-2024T02:58:18 - [TEST_STEP][PASSED] - click(findTestObject("Выручка по ДЗО/Снять выделение в фильтре ДЗО")): Object: 'Object Repository/Выручка по ДЗО/Снять выделение в фильтре ДЗО' is clicked on

03-12-2024T02:58:19 - [MESSAGE][PASSED] - Object: 'Object Repository/Выручка по ДЗО/Снять выделение в фильтре ДЗО' is clicked on

03-12-2024T02:58:19 - [TEST_STEP][PASSED] - scrollToElement(findTestObject("Общие объекты/Раскрыть список Россети Сибирь"), 30): Scroll to object 'Object Repository/Общие объекты/Раскрыть список Россети Сибирь' successfully

03-12-2024T02:58:19 - [MESSAGE][PASSED] - Scroll to object 'Object Repository/Общие объекты/Раскрыть список Россети Сибирь' successfully

03-12-2024T02:58:19 - [TEST_STEP][PASSED] - click(findTestObject("Общие объекты/Раскрыть список Россети Сибирь")): Object: 'Object Repository/Общие объекты/Раскрыть список Россети Сибирь' is clicked on

03-12-2024T02:58:19 - [MESSAGE][PASSED] - Object: 'Object Repository/Общие объекты/Раскрыть список Россети Сибирь' is clicked on

03-12-2024T02:58:19 - [TEST_STEP][PASSED] - scrollToElement(findTestObject("Общие объекты/Алтайэнерго"), 30): Scroll to object 'Object Repository/Общие объекты/Алтайэнерго' successfully

03-12-2024T02:58:19 - [MESSAGE][PASSED] - Scroll to object 'Object Repository/Общие объекты/Алтайэнерго' successfully

03-12-2024T02:58:19 - [TEST_STEP][PASSED] - click(findTestObject("Общие объекты/Алтайэнерго"), CONTINUE_ON_FAILURE): Object: 'Object Repository/Общие объекты/Алтайэнерго' is clicked on

03-12-2024T02:58:20 - [MESSAGE][PASSED] - Object: 'Object Repository/Общие объекты/Алтайэнерго' is clicked on

03-12-2024T02:58:20 - [TEST_STEP][PASSED] - Script1687405711779.Change(todaysDate): null

03-12-2024T02:58:20 - [TEST_STEP][PASSED] - scrollToElement(findTestObject("Выручка по ДЗО/Заголовок дашборда"), 30): Scroll to object 'Object Repository/Выручка по ДЗО/Заголовок дашборда' successfully

03-12-2024T02:58:20 - [MESSAGE][PASSED] - Scroll to object 'Object Repository/Выручка по ДЗО/Заголовок дашборда' successfully

03-12-2024T02:58:20 - [TEST_STEP][PASSED] - click(findTestObject("Выручка по ДЗО/Применить в фильтре ДЗО")): Object: 'Object Repository/Выручка по ДЗО/Применить в фильтре ДЗО' is clicked on

03-12-2024T02:58:21 - [MESSAGE][PASSED] - Object: 'Object Repository/Выручка по ДЗО/Применить в фильтре ДЗО' is clicked on

03-12-2024T02:58:21 - [TEST_STEP][PASSED] - Script1687405711779.Tumbler(todaysDate): null

03-12-2024T02:58:21 - [TEST_STEP][PASSED] - Script1687405711779.Test(todaysDate): null

03-12-2024T02:58:21 - [TEST_STEP][PASSED] - if (verifyTextNotPresent("нет данных", false) == true): null

03-12-2024T02:58:24 - [MESSAGE][PASSED] - Text 'нет данных' is not present on page

03-12-2024T02:58:24 - [TEST_STEP][PASSED] - if (verifyTextNotPresent("Ошибка запроса данных", false) == true): null

03-12-2024T02:58:25 - [MESSAGE][PASSED] - Text 'Ошибка запроса данных' is not present on page

03-12-2024T02:58:25 - [TEST_STEP][PASSED] - if (verifyTextNotPresent("Произошла ошибка при выполнении пользовательского кода", false) == true): null

03-12-2024T02:58:25 - [MESSAGE][PASSED] - Text 'Произошла ошибка при выполнении пользовательского кода' is not present on page

03-12-2024T02:58:25 - [TEST_STEP][PASSED] - if (verifyTextNotPresent("У виджета нет данных", false) == true): null

03-12-2024T02:58:26 - [MESSAGE][PASSED] - Text 'У виджета нет данных' is not present on page

03-12-2024T02:58:26 - [TEST_STEP][PASSED] - if (verifyTextNotPresent("У виджета нет данных", false) == true): Text 'У виджета нет данных' is not present on page

03-12-2024T02:58:26 - [MESSAGE][PASSED] - Text 'У виджета нет данных' is not present on page

03-12-2024T02:58:26 - [TEST_STEP][PASSED] - click(findTestObject("Выручка по ДЗО/Фильтр Выручка")): Object: 'Object Repository/Выручка по ДЗО/Фильтр Выручка' is clicked on

03-12-2024T02:58:27 - [MESSAGE][PASSED] - Object: 'Object Repository/Выручка по ДЗО/Фильтр Выручка' is clicked on

03-12-2024T02:58:27 - [TEST_STEP][PASSED] - click(findTestObject("Выручка по ДЗО/Внутренний оборот в фильтре Выручка")): Object: 'Object Repository/Выручка по ДЗО/Внутренний оборот в фильтре Выручка' is clicked on

03-12-2024T02:58:27 - [MESSAGE][PASSED] - Object: 'Object Repository/Выручка по ДЗО/Внутренний оборот в фильтре Выручка' is clicked on

03-12-2024T02:58:27 - [TEST_STEP][PASSED] - click(findTestObject("Выручка по ДЗО/Применить в фильтре Выручка")): Object: 'Object Repository/Выручка по ДЗО/Применить в фильтре Выручка' is clicked on

03-12-2024T02:58:28 - [MESSAGE][PASSED] - Object: 'Object Repository/Выручка по ДЗО/Применить в фильтре Выручка' is clicked on

03-12-2024T02:58:28 - [TEST_STEP][PASSED] - Script1687405711779.Test(todaysDate): null

03-12-2024T02:58:28 - [TEST_STEP][FAILED] - if (verifyTextNotPresent("нет данных", false) == true): Text 'нет данных' is present on page  (Root cause: com.kms.katalon.core.exception.StepFailedException: Text 'нет данных' is present on page 
	at com.kms.katalon.core.webui.keyword.internal.WebUIKeywordMain.stepFailed(WebUIKeywordMain.groovy:64)
	at com.kms.katalon.core.webui.keyword.builtin.VerifyTextNotPresentKeyword$_verifyTextNotPresent_closure1.doCall(VerifyTextNotPresentKeyword.groovy:77)
	at com.kms.katalon.core.webui.keyword.builtin.VerifyTextNotPresentKeyword$_verifyTextNotPresent_closure1.call(VerifyTextNotPresentKeyword.groovy)
	at com.kms.katalon.core.webui.keyword.internal.WebUIKeywordMain.runKeyword(WebUIKeywordMain.groovy:20)
	at com.kms.katalon.core.webui.keyword.builtin.VerifyTextNotPresentKeyword.verifyTextNotPresent(VerifyTextNotPresentKeyword.groovy:82)
	at com.kms.katalon.core.webui.keyword.builtin.VerifyTextNotPresentKeyword.execute(VerifyTextNotPresentKeyword.groovy:68)
	at com.kms.katalon.core.keyword.internal.KeywordExecutor.executeKeywordForPlatform(KeywordExecutor.groovy:74)
	at com.kms.katalon.core.webui.keyword.WebUiBuiltInKeywords.verifyTextNotPresent(WebUiBuiltInKeywords.groovy:1795)
	at Выручка по ДЗО отображение данных все филиалы.Test(Выручка по ДЗО отображение данных все филиалы:782)
	at Выручка по ДЗО отображение данных все филиалы.Tumbler(Выручка по ДЗО отображение данных все филиалы:738)
	at Выручка по ДЗО отображение данных все филиалы.Change(Выручка по ДЗО отображение данных все филиалы:772)
	at Выручка по ДЗО отображение данных все филиалы.DzoTest(Выручка по ДЗО отображение данных все филиалы:416)
	at Выручка по ДЗО отображение данных все филиалы.run(Выручка по ДЗО отображение данных все филиалы:134)
	at com.kms.katalon.core.main.ScriptEngine.run(ScriptEngine.java:194)
	at com.kms.katalon.core.main.ScriptEngine.runScriptAsRawText(ScriptEngine.java:119)
	at com.kms.katalon.core.main.TestCaseExecutor.runScript(TestCaseExecutor.java:448)
	at com.kms.katalon.core.main.TestCaseExecutor.doExecute(TestCaseExecutor.java:439)
	at com.kms.katalon.core.main.TestCaseExecutor.processExecutionPhase(TestCaseExecutor.java:418)
	at com.kms.katalon.core.main.TestCaseExecutor.accessMainPhase(TestCaseExecutor.java:410)
	at com.kms.katalon.core.main.TestCaseExecutor.execute(TestCaseExecutor.java:285)
	at com.kms.katalon.core.common.CommonExecutor.accessTestCaseMainPhase(CommonExecutor.java:65)
	at com.kms.katalon.core.main.TestSuiteExecutor.accessTestSuiteMainPhase(TestSuiteExecutor.java:150)
	at com.kms.katalon.core.main.TestSuiteExecutor.execute(TestSuiteExecutor.java:106)
	at com.kms.katalon.core.main.TestCaseMain.startTestSuite(TestCaseMain.java:180)
	at TempTestSuite1733182698305.run(TempTestSuite1733182698305.groovy:35)
	at java.base/jdk.internal.reflect.NativeMethodAccessorImpl.invoke0(Native Method)
	at java.base/jdk.internal.reflect.NativeMethodAccessorImpl.invoke(NativeMethodAccessorImpl.java:77)
	at java.base/jdk.internal.reflect.DelegatingMethodAccessorImpl.invoke(DelegatingMethodAccessorImpl.java:43)
)

03-12-2024T02:58:30 - [MESSAGE][FAILED] - Text 'нет данных' is present on page  (Root cause: com.kms.katalon.core.exception.StepFailedException: Text 'нет данных' is present on page 
	at com.kms.katalon.core.webui.keyword.internal.WebUIKeywordMain.stepFailed(WebUIKeywordMain.groovy:64)
	at com.kms.katalon.core.webui.keyword.builtin.VerifyTextNotPresentKeyword$_verifyTextNotPresent_closure1.doCall(VerifyTextNotPresentKeyword.groovy:77)
	at com.kms.katalon.core.webui.keyword.builtin.VerifyTextNotPresentKeyword$_verifyTextNotPresent_closure1.call(VerifyTextNotPresentKeyword.groovy)
	at com.kms.katalon.core.webui.keyword.internal.WebUIKeywordMain.runKeyword(WebUIKeywordMain.groovy:20)
	at com.kms.katalon.core.webui.keyword.builtin.VerifyTextNotPresentKeyword.verifyTextNotPresent(VerifyTextNotPresentKeyword.groovy:82)
	at com.kms.katalon.core.webui.keyword.builtin.VerifyTextNotPresentKeyword.execute(VerifyTextNotPresentKeyword.groovy:68)
	at com.kms.katalon.core.keyword.internal.KeywordExecutor.executeKeywordForPlatform(KeywordExecutor.groovy:74)
	at com.kms.katalon.core.webui.keyword.WebUiBuiltInKeywords.verifyTextNotPresent(WebUiBuiltInKeywords.groovy:1795)
	at Выручка по ДЗО отображение данных все филиалы.Test(Выручка по ДЗО отображение данных все филиалы:782)
	at Выручка по ДЗО отображение данных все филиалы.Tumbler(Выручка по ДЗО отображение данных все филиалы:738)
	at Выручка по ДЗО отображение данных все филиалы.Change(Выручка по ДЗО отображение данных все филиалы:772)
	at Выручка по ДЗО отображение данных все филиалы.DzoTest(Выручка по ДЗО отображение данных все филиалы:416)
	at Выручка по ДЗО отображение данных все филиалы.run(Выручка по ДЗО отображение данных все филиалы:134)
	at com.kms.katalon.core.main.ScriptEngine.run(ScriptEngine.java:194)
	at com.kms.katalon.core.main.ScriptEngine.runScriptAsRawText(ScriptEngine.java:119)
	at com.kms.katalon.core.main.TestCaseExecutor.runScript(TestCaseExecutor.java:448)
	at com.kms.katalon.core.main.TestCaseExecutor.doExecute(TestCaseExecutor.java:439)
	at com.kms.katalon.core.main.TestCaseExecutor.processExecutionPhase(TestCaseExecutor.java:418)
	at com.kms.katalon.core.main.TestCaseExecutor.accessMainPhase(TestCaseExecutor.java:410)
	at com.kms.katalon.core.main.TestCaseExecutor.execute(TestCaseExecutor.java:285)
	at com.kms.katalon.core.common.CommonExecutor.accessTestCaseMainPhase(CommonExecutor.java:65)
	at com.kms.katalon.core.main.TestSuiteExecutor.accessTestSuiteMainPhase(TestSuiteExecutor.java:150)
	at com.kms.katalon.core.main.TestSuiteExecutor.execute(TestSuiteExecutor.java:106)
	at com.kms.katalon.core.main.TestCaseMain.startTestSuite(TestCaseMain.java:180)
	at TempTestSuite1733182698305.run(TempTestSuite1733182698305.groovy:35)
	at java.base/jdk.internal.reflect.NativeMethodAccessorImpl.invoke0(Native Method)
	at java.base/jdk.internal.reflect.NativeMethodAccessorImpl.invoke(NativeMethodAccessorImpl.java:77)
	at java.base/jdk.internal.reflect.DelegatingMethodAccessorImpl.invoke(DelegatingMethodAccessorImpl.java:43)
)

03-12-2024T02:58:30 - [TEST_STEP][PASSED] - else: null

03-12-2024T02:58:30 - [TEST_STEP][PASSED] - Script1687405711779.WriteToExcel(todaysDate): null

03-12-2024T02:58:30 - [TEST_STEP][PASSED] - sheetName = "Sheet1": null

03-12-2024T02:58:30 - [TEST_STEP][PASSED] - data = findTestData("PlanFact"): null

03-12-2024T02:58:30 - [TEST_STEP][PASSED] - n = data.getRowNumbers() + 1: null

03-12-2024T02:58:30 - [TEST_STEP][PASSED] - dZO = getText(findTestObject("Выручка по ДЗО/Фильтр ДЗО")): Text of object 'Object Repository/Выручка по ДЗО/Фильтр ДЗО' is: 'ПАО Россети - РаспредКомплекс - Россети Сибирь (ГК) - Алтайэнерго'

03-12-2024T02:58:30 - [MESSAGE][PASSED] - Text of object 'Object Repository/Выручка по ДЗО/Фильтр ДЗО' is: 'ПАО Россети - РаспредКомплекс - Россети Сибирь (ГК) - Алтайэнерго'

03-12-2024T02:58:30 - [TEST_STEP][PASSED] - period = getText(findTestObject("Выручка по ДЗО/Фильтр Дата")): Text of object 'Object Repository/Выручка по ДЗО/Фильтр Дата' is: '1, 2, 3 кв., Октябрь 2024 года'

03-12-2024T02:58:30 - [MESSAGE][PASSED] - Text of object 'Object Repository/Выручка по ДЗО/Фильтр Дата' is: '1, 2, 3 кв., Октябрь 2024 года'

03-12-2024T02:58:30 - [TEST_STEP][PASSED] - viruchka = getText(findTestObject("Выручка по ДЗО/Фильтр Выручка")): Text of object 'Object Repository/Выручка по ДЗО/Фильтр Выручка' is: 'внутренний оборот'

03-12-2024T02:58:31 - [MESSAGE][PASSED] - Text of object 'Object Repository/Выручка по ДЗО/Фильтр Выручка' is: 'внутренний оборот'

03-12-2024T02:58:31 - [TEST_STEP][PASSED] - if (viruchka == "Выбрано: 2"): null

03-12-2024T02:58:31 - [TEST_STEP][PASSED] - if (viruchka == "Все"): null

03-12-2024T02:58:31 - [TEST_STEP][PASSED] - println(period): null

03-12-2024T02:58:31 - [TEST_STEP][PASSED] - dashboardName = "Выручка по ДЗО": null

03-12-2024T02:58:31 - [TEST_STEP][PASSED] - workbook01 = getWorkbook(excelFilePath): null

03-12-2024T02:58:31 - [TEST_STEP][PASSED] - sheet01 = getExcelSheet(workbook01, sheetName): null

03-12-2024T02:58:31 - [TEST_STEP][PASSED] - setValueToCellByIndex(sheet01, n, 0, dashboardName): null

03-12-2024T02:58:31 - [TEST_STEP][PASSED] - setValueToCellByIndex(sheet01, n, 1, dZO): null

03-12-2024T02:58:31 - [TEST_STEP][PASSED] - setValueToCellByIndex(sheet01, n, 2, period): null

03-12-2024T02:58:31 - [TEST_STEP][PASSED] - setValueToCellByIndex(sheet01, n, 3, viruchka): null

03-12-2024T02:58:31 - [TEST_STEP][PASSED] - setValueToCellByIndex(sheet01, n, 4, todaysDate): null

03-12-2024T02:58:31 - [TEST_STEP][PASSED] - n = n + 1: null

03-12-2024T02:58:31 - [TEST_STEP][PASSED] - saveWorkbook(excelFilePath, workbook01): null

03-12-2024T02:58:31 - [TEST_STEP][PASSED] - click(findTestObject("Выручка по ДЗО/Фильтр Выручка")): Object: 'Object Repository/Выручка по ДЗО/Фильтр Выручка' is clicked on

03-12-2024T02:58:31 - [MESSAGE][PASSED] - Object: 'Object Repository/Выручка по ДЗО/Фильтр Выручка' is clicked on

03-12-2024T02:58:31 - [TEST_STEP][PASSED] - click(findTestObject("Выручка по ДЗО/По передаче в фильтре Выручка")): Object: 'Object Repository/Выручка по ДЗО/По передаче в фильтре Выручка' is clicked on

03-12-2024T02:58:32 - [MESSAGE][PASSED] - Object: 'Object Repository/Выручка по ДЗО/По передаче в фильтре Выручка' is clicked on

03-12-2024T02:58:32 - [TEST_STEP][PASSED] - click(findTestObject("Выручка по ДЗО/Применить в фильтре Выручка")): Object: 'Object Repository/Выручка по ДЗО/Применить в фильтре Выручка' is clicked on

03-12-2024T02:58:33 - [MESSAGE][PASSED] - Object: 'Object Repository/Выручка по ДЗО/Применить в фильтре Выручка' is clicked on

03-12-2024T02:58:33 - [TEST_STEP][PASSED] - Script1687405711779.Test(todaysDate): null

03-12-2024T02:58:33 - [TEST_STEP][PASSED] - if (verifyTextNotPresent("нет данных", false) == true): null

03-12-2024T02:58:35 - [MESSAGE][PASSED] - Text 'нет данных' is not present on page

03-12-2024T02:58:35 - [TEST_STEP][PASSED] - if (verifyTextNotPresent("Ошибка запроса данных", false) == true): null

03-12-2024T02:58:36 - [MESSAGE][PASSED] - Text 'Ошибка запроса данных' is not present on page

03-12-2024T02:58:36 - [TEST_STEP][PASSED] - if (verifyTextNotPresent("Произошла ошибка при выполнении пользовательского кода", false) == true): null

03-12-2024T02:58:36 - [MESSAGE][PASSED] - Text 'Произошла ошибка при выполнении пользовательского кода' is not present on page

03-12-2024T02:58:36 - [TEST_STEP][PASSED] - if (verifyTextNotPresent("У виджета нет данных", false) == true): null

03-12-2024T02:58:37 - [MESSAGE][PASSED] - Text 'У виджета нет данных' is not present on page

03-12-2024T02:58:37 - [TEST_STEP][PASSED] - if (verifyTextNotPresent("У виджета нет данных", false) == true): Text 'У виджета нет данных' is not present on page

03-12-2024T02:58:37 - [MESSAGE][PASSED] - Text 'У виджета нет данных' is not present on page

03-12-2024T02:58:37 - [TEST_STEP][PASSED] - click(findTestObject("Выручка по ДЗО/Фильтр Выручка")): Object: 'Object Repository/Выручка по ДЗО/Фильтр Выручка' is clicked on

03-12-2024T02:58:37 - [MESSAGE][PASSED] - Object: 'Object Repository/Выручка по ДЗО/Фильтр Выручка' is clicked on

03-12-2024T02:58:37 - [TEST_STEP][PASSED] - click(findTestObject("Выручка по ДЗО/Снять выделение в фильтре Выручка")): Object: 'Object Repository/Выручка по ДЗО/Снять выделение в фильтре Выручка' is clicked on

03-12-2024T02:58:38 - [MESSAGE][PASSED] - Object: 'Object Repository/Выручка по ДЗО/Снять выделение в фильтре Выручка' is clicked on

03-12-2024T02:58:38 - [TEST_STEP][PASSED] - click(findTestObject("Выручка по ДЗО/По передаче в фильтре Выручка")): Object: 'Object Repository/Выручка по ДЗО/По передаче в фильтре Выручка' is clicked on

03-12-2024T02:58:38 - [MESSAGE][PASSED] - Object: 'Object Repository/Выручка по ДЗО/По передаче в фильтре Выручка' is clicked on

03-12-2024T02:58:38 - [TEST_STEP][PASSED] - click(findTestObject("Выручка по ДЗО/Применить в фильтре Выручка")): Object: 'Object Repository/Выручка по ДЗО/Применить в фильтре Выручка' is clicked on

03-12-2024T02:58:39 - [MESSAGE][PASSED] - Object: 'Object Repository/Выручка по ДЗО/Применить в фильтре Выручка' is clicked on

03-12-2024T02:58:39 - [TEST_STEP][PASSED] - Script1687405711779.Test(todaysDate): null

03-12-2024T02:58:39 - [TEST_STEP][PASSED] - if (verifyTextNotPresent("нет данных", false) == true): null

03-12-2024T02:58:41 - [MESSAGE][PASSED] - Text 'нет данных' is not present on page

03-12-2024T02:58:41 - [TEST_STEP][PASSED] - if (verifyTextNotPresent("Ошибка запроса данных", false) == true): null

03-12-2024T02:58:41 - [MESSAGE][PASSED] - Text 'Ошибка запроса данных' is not present on page

03-12-2024T02:58:41 - [TEST_STEP][PASSED] - if (verifyTextNotPresent("Произошла ошибка при выполнении пользовательского кода", false) == true): null

03-12-2024T02:58:42 - [MESSAGE][PASSED] - Text 'Произошла ошибка при выполнении пользовательского кода' is not present on page

03-12-2024T02:58:42 - [TEST_STEP][PASSED] - if (verifyTextNotPresent("У виджета нет данных", false) == true): null

03-12-2024T02:58:42 - [MESSAGE][PASSED] - Text 'У виджета нет данных' is not present on page

03-12-2024T02:58:42 - [TEST_STEP][PASSED] - if (verifyTextNotPresent("У виджета нет данных", false) == true): Text 'У виджета нет данных' is not present on page

03-12-2024T02:58:43 - [MESSAGE][PASSED] - Text 'У виджета нет данных' is not present on page

03-12-2024T02:58:43 - [TEST_STEP][PASSED] - click(findTestObject("Выручка по ДЗО/Фильтр Выручка")): Object: 'Object Repository/Выручка по ДЗО/Фильтр Выручка' is clicked on

03-12-2024T02:58:43 - [MESSAGE][PASSED] - Object: 'Object Repository/Выручка по ДЗО/Фильтр Выручка' is clicked on

03-12-2024T02:58:43 - [TEST_STEP][PASSED] - click(findTestObject("Выручка по ДЗО/Снять выделение в фильтре Выручка")): Object: 'Object Repository/Выручка по ДЗО/Снять выделение в фильтре Выручка' is clicked on

03-12-2024T02:58:44 - [MESSAGE][PASSED] - Object: 'Object Repository/Выручка по ДЗО/Снять выделение в фильтре Выручка' is clicked on

03-12-2024T02:58:44 - [TEST_STEP][PASSED] - click(findTestObject("Выручка по ДЗО/Применить в фильтре Выручка")): Object: 'Object Repository/Выручка по ДЗО/Применить в фильтре Выручка' is clicked on

03-12-2024T02:58:44 - [MESSAGE][PASSED] - Object: 'Object Repository/Выручка по ДЗО/Применить в фильтре Выручка' is clicked on

03-12-2024T02:58:44 - [TEST_STEP][PASSED] - click(findTestObject("Выручка по ДЗО/Фильтр ДЗО")): Object: 'Object Repository/Выручка по ДЗО/Фильтр ДЗО' is clicked on

03-12-2024T02:58:46 - [MESSAGE][PASSED] - Object: 'Object Repository/Выручка по ДЗО/Фильтр ДЗО' is clicked on

03-12-2024T02:58:46 - [TEST_STEP][PASSED] - click(findTestObject("Выручка по ДЗО/Снять выделение в фильтре ДЗО")): Object: 'Object Repository/Выручка по ДЗО/Снять выделение в фильтре ДЗО' is clicked on

03-12-2024T02:58:46 - [MESSAGE][PASSED] - Object: 'Object Repository/Выручка по ДЗО/Снять выделение в фильтре ДЗО' is clicked on

03-12-2024T02:58:46 - [TEST_STEP][PASSED] - scrollToElement(findTestObject("Общие объекты/Бурятэнерго"), 30): Scroll to object 'Object Repository/Общие объекты/Бурятэнерго' successfully

03-12-2024T02:58:46 - [MESSAGE][PASSED] - Scroll to object 'Object Repository/Общие объекты/Бурятэнерго' successfully

03-12-2024T02:58:46 - [TEST_STEP][PASSED] - click(findTestObject("Общие объекты/Бурятэнерго"), CONTINUE_ON_FAILURE): Object: 'Object Repository/Общие объекты/Бурятэнерго' is clicked on

03-12-2024T02:58:47 - [MESSAGE][PASSED] - Object: 'Object Repository/Общие объекты/Бурятэнерго' is clicked on

03-12-2024T02:58:47 - [TEST_STEP][PASSED] - Script1687405711779.Change(todaysDate): null

03-12-2024T02:58:47 - [TEST_STEP][PASSED] - scrollToElement(findTestObject("Выручка по ДЗО/Заголовок дашборда"), 30): Scroll to object 'Object Repository/Выручка по ДЗО/Заголовок дашборда' successfully

03-12-2024T02:58:47 - [MESSAGE][PASSED] - Scroll to object 'Object Repository/Выручка по ДЗО/Заголовок дашборда' successfully

03-12-2024T02:58:47 - [TEST_STEP][PASSED] - click(findTestObject("Выручка по ДЗО/Применить в фильтре ДЗО")): Object: 'Object Repository/Выручка по ДЗО/Применить в фильтре ДЗО' is clicked on

03-12-2024T02:58:48 - [MESSAGE][PASSED] - Object: 'Object Repository/Выручка по ДЗО/Применить в фильтре ДЗО' is clicked on

03-12-2024T02:58:48 - [TEST_STEP][PASSED] - Script1687405711779.Tumbler(todaysDate): null

03-12-2024T02:58:48 - [TEST_STEP][PASSED] - Script1687405711779.Test(todaysDate): null

03-12-2024T02:58:48 - [TEST_STEP][PASSED] - if (verifyTextNotPresent("нет данных", false) == true): null

03-12-2024T02:58:51 - [MESSAGE][PASSED] - Text 'нет данных' is not present on page

03-12-2024T02:58:51 - [TEST_STEP][PASSED] - if (verifyTextNotPresent("Ошибка запроса данных", false) == true): null

03-12-2024T02:58:52 - [MESSAGE][PASSED] - Text 'Ошибка запроса данных' is not present on page

03-12-2024T02:58:52 - [TEST_STEP][PASSED] - if (verifyTextNotPresent("Произошла ошибка при выполнении пользовательского кода", false) == true): null

03-12-2024T02:58:52 - [MESSAGE][PASSED] - Text 'Произошла ошибка при выполнении пользовательского кода' is not present on page

03-12-2024T02:58:52 - [TEST_STEP][PASSED] - if (verifyTextNotPresent("У виджета нет данных", false) == true): null

03-12-2024T02:58:53 - [MESSAGE][PASSED] - Text 'У виджета нет данных' is not present on page

03-12-2024T02:58:53 - [TEST_STEP][PASSED] - if (verifyTextNotPresent("У виджета нет данных", false) == true): Text 'У виджета нет данных' is not present on page

03-12-2024T02:58:53 - [MESSAGE][PASSED] - Text 'У виджета нет данных' is not present on page

03-12-2024T02:58:53 - [TEST_STEP][PASSED] - click(findTestObject("Выручка по ДЗО/Фильтр Выручка")): Object: 'Object Repository/Выручка по ДЗО/Фильтр Выручка' is clicked on

03-12-2024T02:58:54 - [MESSAGE][PASSED] - Object: 'Object Repository/Выручка по ДЗО/Фильтр Выручка' is clicked on

03-12-2024T02:58:54 - [TEST_STEP][PASSED] - click(findTestObject("Выручка по ДЗО/Внутренний оборот в фильтре Выручка")): Object: 'Object Repository/Выручка по ДЗО/Внутренний оборот в фильтре Выручка' is clicked on

03-12-2024T02:58:54 - [MESSAGE][PASSED] - Object: 'Object Repository/Выручка по ДЗО/Внутренний оборот в фильтре Выручка' is clicked on

03-12-2024T02:58:54 - [TEST_STEP][PASSED] - click(findTestObject("Выручка по ДЗО/Применить в фильтре Выручка")): Object: 'Object Repository/Выручка по ДЗО/Применить в фильтре Выручка' is clicked on

03-12-2024T02:58:55 - [MESSAGE][PASSED] - Object: 'Object Repository/Выручка по ДЗО/Применить в фильтре Выручка' is clicked on

03-12-2024T02:58:55 - [TEST_STEP][PASSED] - Script1687405711779.Test(todaysDate): null

03-12-2024T02:58:55 - [TEST_STEP][FAILED] - if (verifyTextNotPresent("нет данных", false) == true): Text 'нет данных' is present on page  (Root cause: com.kms.katalon.core.exception.StepFailedException: Text 'нет данных' is present on page 
	at com.kms.katalon.core.webui.keyword.internal.WebUIKeywordMain.stepFailed(WebUIKeywordMain.groovy:64)
	at com.kms.katalon.core.webui.keyword.builtin.VerifyTextNotPresentKeyword$_verifyTextNotPresent_closure1.doCall(VerifyTextNotPresentKeyword.groovy:77)
	at com.kms.katalon.core.webui.keyword.builtin.VerifyTextNotPresentKeyword$_verifyTextNotPresent_closure1.call(VerifyTextNotPresentKeyword.groovy)
	at com.kms.katalon.core.webui.keyword.internal.WebUIKeywordMain.runKeyword(WebUIKeywordMain.groovy:20)
	at com.kms.katalon.core.webui.keyword.builtin.VerifyTextNotPresentKeyword.verifyTextNotPresent(VerifyTextNotPresentKeyword.groovy:82)
	at com.kms.katalon.core.webui.keyword.builtin.VerifyTextNotPresentKeyword.execute(VerifyTextNotPresentKeyword.groovy:68)
	at com.kms.katalon.core.keyword.internal.KeywordExecutor.executeKeywordForPlatform(KeywordExecutor.groovy:74)
	at com.kms.katalon.core.webui.keyword.WebUiBuiltInKeywords.verifyTextNotPresent(WebUiBuiltInKeywords.groovy:1795)
	at Выручка по ДЗО отображение данных все филиалы.Test(Выручка по ДЗО отображение данных все филиалы:782)
	at Выручка по ДЗО отображение данных все филиалы.Tumbler(Выручка по ДЗО отображение данных все филиалы:738)
	at Выручка по ДЗО отображение данных все филиалы.Change(Выручка по ДЗО отображение данных все филиалы:772)
	at Выручка по ДЗО отображение данных все филиалы.DzoTest(Выручка по ДЗО отображение данных все филиалы:422)
	at Выручка по ДЗО отображение данных все филиалы.run(Выручка по ДЗО отображение данных все филиалы:134)
	at com.kms.katalon.core.main.ScriptEngine.run(ScriptEngine.java:194)
	at com.kms.katalon.core.main.ScriptEngine.runScriptAsRawText(ScriptEngine.java:119)
	at com.kms.katalon.core.main.TestCaseExecutor.runScript(TestCaseExecutor.java:448)
	at com.kms.katalon.core.main.TestCaseExecutor.doExecute(TestCaseExecutor.java:439)
	at com.kms.katalon.core.main.TestCaseExecutor.processExecutionPhase(TestCaseExecutor.java:418)
	at com.kms.katalon.core.main.TestCaseExecutor.accessMainPhase(TestCaseExecutor.java:410)
	at com.kms.katalon.core.main.TestCaseExecutor.execute(TestCaseExecutor.java:285)
	at com.kms.katalon.core.common.CommonExecutor.accessTestCaseMainPhase(CommonExecutor.java:65)
	at com.kms.katalon.core.main.TestSuiteExecutor.accessTestSuiteMainPhase(TestSuiteExecutor.java:150)
	at com.kms.katalon.core.main.TestSuiteExecutor.execute(TestSuiteExecutor.java:106)
	at com.kms.katalon.core.main.TestCaseMain.startTestSuite(TestCaseMain.java:180)
	at TempTestSuite1733182698305.run(TempTestSuite1733182698305.groovy:35)
	at java.base/jdk.internal.reflect.NativeMethodAccessorImpl.invoke0(Native Method)
	at java.base/jdk.internal.reflect.NativeMethodAccessorImpl.invoke(NativeMethodAccessorImpl.java:77)
	at java.base/jdk.internal.reflect.DelegatingMethodAccessorImpl.invoke(DelegatingMethodAccessorImpl.java:43)
)

03-12-2024T02:58:57 - [MESSAGE][FAILED] - Text 'нет данных' is present on page  (Root cause: com.kms.katalon.core.exception.StepFailedException: Text 'нет данных' is present on page 
	at com.kms.katalon.core.webui.keyword.internal.WebUIKeywordMain.stepFailed(WebUIKeywordMain.groovy:64)
	at com.kms.katalon.core.webui.keyword.builtin.VerifyTextNotPresentKeyword$_verifyTextNotPresent_closure1.doCall(VerifyTextNotPresentKeyword.groovy:77)
	at com.kms.katalon.core.webui.keyword.builtin.VerifyTextNotPresentKeyword$_verifyTextNotPresent_closure1.call(VerifyTextNotPresentKeyword.groovy)
	at com.kms.katalon.core.webui.keyword.internal.WebUIKeywordMain.runKeyword(WebUIKeywordMain.groovy:20)
	at com.kms.katalon.core.webui.keyword.builtin.VerifyTextNotPresentKeyword.verifyTextNotPresent(VerifyTextNotPresentKeyword.groovy:82)
	at com.kms.katalon.core.webui.keyword.builtin.VerifyTextNotPresentKeyword.execute(VerifyTextNotPresentKeyword.groovy:68)
	at com.kms.katalon.core.keyword.internal.KeywordExecutor.executeKeywordForPlatform(KeywordExecutor.groovy:74)
	at com.kms.katalon.core.webui.keyword.WebUiBuiltInKeywords.verifyTextNotPresent(WebUiBuiltInKeywords.groovy:1795)
	at Выручка по ДЗО отображение данных все филиалы.Test(Выручка по ДЗО отображение данных все филиалы:782)
	at Выручка по ДЗО отображение данных все филиалы.Tumbler(Выручка по ДЗО отображение данных все филиалы:738)
	at Выручка по ДЗО отображение данных все филиалы.Change(Выручка по ДЗО отображение данных все филиалы:772)
	at Выручка по ДЗО отображение данных все филиалы.DzoTest(Выручка по ДЗО отображение данных все филиалы:422)
	at Выручка по ДЗО отображение данных все филиалы.run(Выручка по ДЗО отображение данных все филиалы:134)
	at com.kms.katalon.core.main.ScriptEngine.run(ScriptEngine.java:194)
	at com.kms.katalon.core.main.ScriptEngine.runScriptAsRawText(ScriptEngine.java:119)
	at com.kms.katalon.core.main.TestCaseExecutor.runScript(TestCaseExecutor.java:448)
	at com.kms.katalon.core.main.TestCaseExecutor.doExecute(TestCaseExecutor.java:439)
	at com.kms.katalon.core.main.TestCaseExecutor.processExecutionPhase(TestCaseExecutor.java:418)
	at com.kms.katalon.core.main.TestCaseExecutor.accessMainPhase(TestCaseExecutor.java:410)
	at com.kms.katalon.core.main.TestCaseExecutor.execute(TestCaseExecutor.java:285)
	at com.kms.katalon.core.common.CommonExecutor.accessTestCaseMainPhase(CommonExecutor.java:65)
	at com.kms.katalon.core.main.TestSuiteExecutor.accessTestSuiteMainPhase(TestSuiteExecutor.java:150)
	at com.kms.katalon.core.main.TestSuiteExecutor.execute(TestSuiteExecutor.java:106)
	at com.kms.katalon.core.main.TestCaseMain.startTestSuite(TestCaseMain.java:180)
	at TempTestSuite1733182698305.run(TempTestSuite1733182698305.groovy:35)
	at java.base/jdk.internal.reflect.NativeMethodAccessorImpl.invoke0(Native Method)
	at java.base/jdk.internal.reflect.NativeMethodAccessorImpl.invoke(NativeMethodAccessorImpl.java:77)
	at java.base/jdk.internal.reflect.DelegatingMethodAccessorImpl.invoke(DelegatingMethodAccessorImpl.java:43)
)

03-12-2024T02:58:57 - [TEST_STEP][PASSED] - else: null

03-12-2024T02:58:57 - [TEST_STEP][PASSED] - Script1687405711779.WriteToExcel(todaysDate): null

03-12-2024T02:58:57 - [TEST_STEP][PASSED] - sheetName = "Sheet1": null

03-12-2024T02:58:57 - [TEST_STEP][PASSED] - data = findTestData("PlanFact"): null

03-12-2024T02:58:57 - [TEST_STEP][PASSED] - n = data.getRowNumbers() + 1: null

03-12-2024T02:58:57 - [TEST_STEP][PASSED] - dZO = getText(findTestObject("Выручка по ДЗО/Фильтр ДЗО")): Text of object 'Object Repository/Выручка по ДЗО/Фильтр ДЗО' is: 'ПАО Россети - РаспредКомплекс - Россети Сибирь (ГК) - Бурятэнерго'

03-12-2024T02:58:57 - [MESSAGE][PASSED] - Text of object 'Object Repository/Выручка по ДЗО/Фильтр ДЗО' is: 'ПАО Россети - РаспредКомплекс - Россети Сибирь (ГК) - Бурятэнерго'

03-12-2024T02:58:57 - [TEST_STEP][PASSED] - period = getText(findTestObject("Выручка по ДЗО/Фильтр Дата")): Text of object 'Object Repository/Выручка по ДЗО/Фильтр Дата' is: '1, 2, 3 кв., Октябрь 2024 года'

03-12-2024T02:58:58 - [MESSAGE][PASSED] - Text of object 'Object Repository/Выручка по ДЗО/Фильтр Дата' is: '1, 2, 3 кв., Октябрь 2024 года'

03-12-2024T02:58:58 - [TEST_STEP][PASSED] - viruchka = getText(findTestObject("Выручка по ДЗО/Фильтр Выручка")): Text of object 'Object Repository/Выручка по ДЗО/Фильтр Выручка' is: 'внутренний оборот'

03-12-2024T02:58:58 - [MESSAGE][PASSED] - Text of object 'Object Repository/Выручка по ДЗО/Фильтр Выручка' is: 'внутренний оборот'

03-12-2024T02:58:58 - [TEST_STEP][PASSED] - if (viruchka == "Выбрано: 2"): null

03-12-2024T02:58:58 - [TEST_STEP][PASSED] - if (viruchka == "Все"): null

03-12-2024T02:58:58 - [TEST_STEP][PASSED] - println(period): null

03-12-2024T02:58:58 - [TEST_STEP][PASSED] - dashboardName = "Выручка по ДЗО": null

03-12-2024T02:58:58 - [TEST_STEP][PASSED] - workbook01 = getWorkbook(excelFilePath): null

03-12-2024T02:58:58 - [TEST_STEP][PASSED] - sheet01 = getExcelSheet(workbook01, sheetName): null

03-12-2024T02:58:58 - [TEST_STEP][PASSED] - setValueToCellByIndex(sheet01, n, 0, dashboardName): null

03-12-2024T02:58:58 - [TEST_STEP][PASSED] - setValueToCellByIndex(sheet01, n, 1, dZO): null

03-12-2024T02:58:58 - [TEST_STEP][PASSED] - setValueToCellByIndex(sheet01, n, 2, period): null

03-12-2024T02:58:58 - [TEST_STEP][PASSED] - setValueToCellByIndex(sheet01, n, 3, viruchka): null

03-12-2024T02:58:58 - [TEST_STEP][PASSED] - setValueToCellByIndex(sheet01, n, 4, todaysDate): null

03-12-2024T02:58:58 - [TEST_STEP][PASSED] - n = n + 1: null

03-12-2024T02:58:58 - [TEST_STEP][PASSED] - saveWorkbook(excelFilePath, workbook01): null

03-12-2024T02:58:58 - [TEST_STEP][PASSED] - click(findTestObject("Выручка по ДЗО/Фильтр Выручка")): Object: 'Object Repository/Выручка по ДЗО/Фильтр Выручка' is clicked on

03-12-2024T02:58:58 - [MESSAGE][PASSED] - Object: 'Object Repository/Выручка по ДЗО/Фильтр Выручка' is clicked on

03-12-2024T02:58:58 - [TEST_STEP][PASSED] - click(findTestObject("Выручка по ДЗО/По передаче в фильтре Выручка")): Object: 'Object Repository/Выручка по ДЗО/По передаче в фильтре Выручка' is clicked on

03-12-2024T02:58:59 - [MESSAGE][PASSED] - Object: 'Object Repository/Выручка по ДЗО/По передаче в фильтре Выручка' is clicked on

03-12-2024T02:58:59 - [TEST_STEP][PASSED] - click(findTestObject("Выручка по ДЗО/Применить в фильтре Выручка")): Object: 'Object Repository/Выручка по ДЗО/Применить в фильтре Выручка' is clicked on

03-12-2024T02:59:00 - [MESSAGE][PASSED] - Object: 'Object Repository/Выручка по ДЗО/Применить в фильтре Выручка' is clicked on

03-12-2024T02:59:00 - [TEST_STEP][PASSED] - Script1687405711779.Test(todaysDate): null

03-12-2024T02:59:00 - [TEST_STEP][PASSED] - if (verifyTextNotPresent("нет данных", false) == true): null

03-12-2024T02:59:02 - [MESSAGE][PASSED] - Text 'нет данных' is not present on page

03-12-2024T02:59:02 - [TEST_STEP][PASSED] - if (verifyTextNotPresent("Ошибка запроса данных", false) == true): null

03-12-2024T02:59:03 - [MESSAGE][PASSED] - Text 'Ошибка запроса данных' is not present on page

03-12-2024T02:59:03 - [TEST_STEP][PASSED] - if (verifyTextNotPresent("Произошла ошибка при выполнении пользовательского кода", false) == true): null

03-12-2024T02:59:03 - [MESSAGE][PASSED] - Text 'Произошла ошибка при выполнении пользовательского кода' is not present on page

03-12-2024T02:59:03 - [TEST_STEP][PASSED] - if (verifyTextNotPresent("У виджета нет данных", false) == true): null

03-12-2024T02:59:04 - [MESSAGE][PASSED] - Text 'У виджета нет данных' is not present on page

03-12-2024T02:59:04 - [TEST_STEP][PASSED] - if (verifyTextNotPresent("У виджета нет данных", false) == true): Text 'У виджета нет данных' is not present on page

03-12-2024T02:59:04 - [MESSAGE][PASSED] - Text 'У виджета нет данных' is not present on page

03-12-2024T02:59:04 - [TEST_STEP][PASSED] - click(findTestObject("Выручка по ДЗО/Фильтр Выручка")): Object: 'Object Repository/Выручка по ДЗО/Фильтр Выручка' is clicked on

03-12-2024T02:59:04 - [MESSAGE][PASSED] - Object: 'Object Repository/Выручка по ДЗО/Фильтр Выручка' is clicked on

03-12-2024T02:59:04 - [TEST_STEP][PASSED] - click(findTestObject("Выручка по ДЗО/Снять выделение в фильтре Выручка")): Object: 'Object Repository/Выручка по ДЗО/Снять выделение в фильтре Выручка' is clicked on

03-12-2024T02:59:05 - [MESSAGE][PASSED] - Object: 'Object Repository/Выручка по ДЗО/Снять выделение в фильтре Выручка' is clicked on

03-12-2024T02:59:05 - [TEST_STEP][PASSED] - click(findTestObject("Выручка по ДЗО/По передаче в фильтре Выручка")): Object: 'Object Repository/Выручка по ДЗО/По передаче в фильтре Выручка' is clicked on

03-12-2024T02:59:05 - [MESSAGE][PASSED] - Object: 'Object Repository/Выручка по ДЗО/По передаче в фильтре Выручка' is clicked on

03-12-2024T02:59:05 - [TEST_STEP][PASSED] - click(findTestObject("Выручка по ДЗО/Применить в фильтре Выручка")): Object: 'Object Repository/Выручка по ДЗО/Применить в фильтре Выручка' is clicked on

03-12-2024T02:59:06 - [MESSAGE][PASSED] - Object: 'Object Repository/Выручка по ДЗО/Применить в фильтре Выручка' is clicked on

03-12-2024T02:59:06 - [TEST_STEP][PASSED] - Script1687405711779.Test(todaysDate): null

03-12-2024T02:59:06 - [TEST_STEP][PASSED] - if (verifyTextNotPresent("нет данных", false) == true): null

03-12-2024T02:59:08 - [MESSAGE][PASSED] - Text 'нет данных' is not present on page

03-12-2024T02:59:08 - [TEST_STEP][PASSED] - if (verifyTextNotPresent("Ошибка запроса данных", false) == true): null

03-12-2024T02:59:08 - [MESSAGE][PASSED] - Text 'Ошибка запроса данных' is not present on page

03-12-2024T02:59:08 - [TEST_STEP][PASSED] - if (verifyTextNotPresent("Произошла ошибка при выполнении пользовательского кода", false) == true): null

03-12-2024T02:59:09 - [MESSAGE][PASSED] - Text 'Произошла ошибка при выполнении пользовательского кода' is not present on page

03-12-2024T02:59:09 - [TEST_STEP][PASSED] - if (verifyTextNotPresent("У виджета нет данных", false) == true): null

03-12-2024T02:59:09 - [MESSAGE][PASSED] - Text 'У виджета нет данных' is not present on page

03-12-2024T02:59:09 - [TEST_STEP][PASSED] - if (verifyTextNotPresent("У виджета нет данных", false) == true): Text 'У виджета нет данных' is not present on page

03-12-2024T02:59:10 - [MESSAGE][PASSED] - Text 'У виджета нет данных' is not present on page

03-12-2024T02:59:10 - [TEST_STEP][PASSED] - click(findTestObject("Выручка по ДЗО/Фильтр Выручка")): Object: 'Object Repository/Выручка по ДЗО/Фильтр Выручка' is clicked on

03-12-2024T02:59:10 - [MESSAGE][PASSED] - Object: 'Object Repository/Выручка по ДЗО/Фильтр Выручка' is clicked on

03-12-2024T02:59:10 - [TEST_STEP][PASSED] - click(findTestObject("Выручка по ДЗО/Снять выделение в фильтре Выручка")): Object: 'Object Repository/Выручка по ДЗО/Снять выделение в фильтре Выручка' is clicked on

03-12-2024T02:59:11 - [MESSAGE][PASSED] - Object: 'Object Repository/Выручка по ДЗО/Снять выделение в фильтре Выручка' is clicked on

03-12-2024T02:59:11 - [TEST_STEP][PASSED] - click(findTestObject("Выручка по ДЗО/Применить в фильтре Выручка")): Object: 'Object Repository/Выручка по ДЗО/Применить в фильтре Выручка' is clicked on

03-12-2024T02:59:11 - [MESSAGE][PASSED] - Object: 'Object Repository/Выручка по ДЗО/Применить в фильтре Выручка' is clicked on

03-12-2024T02:59:11 - [TEST_STEP][PASSED] - click(findTestObject("Выручка по ДЗО/Фильтр ДЗО")): Object: 'Object Repository/Выручка по ДЗО/Фильтр ДЗО' is clicked on

03-12-2024T02:59:15 - [MESSAGE][PASSED] - Object: 'Object Repository/Выручка по ДЗО/Фильтр ДЗО' is clicked on

03-12-2024T02:59:15 - [TEST_STEP][PASSED] - click(findTestObject("Выручка по ДЗО/Снять выделение в фильтре ДЗО")): Object: 'Object Repository/Выручка по ДЗО/Снять выделение в фильтре ДЗО' is clicked on

03-12-2024T02:59:16 - [MESSAGE][PASSED] - Object: 'Object Repository/Выручка по ДЗО/Снять выделение в фильтре ДЗО' is clicked on

03-12-2024T02:59:16 - [TEST_STEP][PASSED] - scrollToElement(findTestObject("Общие объекты/ГАЭС"), 30): Scroll to object 'Object Repository/Общие объекты/ГАЭС' successfully

03-12-2024T02:59:16 - [MESSAGE][PASSED] - Scroll to object 'Object Repository/Общие объекты/ГАЭС' successfully

03-12-2024T02:59:16 - [TEST_STEP][PASSED] - click(findTestObject("Общие объекты/ГАЭС"), CONTINUE_ON_FAILURE): Object: 'Object Repository/Общие объекты/ГАЭС' is clicked on

03-12-2024T02:59:17 - [MESSAGE][PASSED] - Object: 'Object Repository/Общие объекты/ГАЭС' is clicked on

03-12-2024T02:59:17 - [TEST_STEP][PASSED] - Script1687405711779.Change(todaysDate): null

03-12-2024T02:59:17 - [TEST_STEP][PASSED] - scrollToElement(findTestObject("Выручка по ДЗО/Заголовок дашборда"), 30): Scroll to object 'Object Repository/Выручка по ДЗО/Заголовок дашборда' successfully

03-12-2024T02:59:17 - [MESSAGE][PASSED] - Scroll to object 'Object Repository/Выручка по ДЗО/Заголовок дашборда' successfully

03-12-2024T02:59:17 - [TEST_STEP][PASSED] - click(findTestObject("Выручка по ДЗО/Применить в фильтре ДЗО")): Object: 'Object Repository/Выручка по ДЗО/Применить в фильтре ДЗО' is clicked on

03-12-2024T02:59:18 - [MESSAGE][PASSED] - Object: 'Object Repository/Выручка по ДЗО/Применить в фильтре ДЗО' is clicked on

03-12-2024T02:59:18 - [TEST_STEP][PASSED] - Script1687405711779.Tumbler(todaysDate): null

03-12-2024T02:59:18 - [TEST_STEP][PASSED] - Script1687405711779.Test(todaysDate): null

03-12-2024T02:59:18 - [TEST_STEP][PASSED] - if (verifyTextNotPresent("нет данных", false) == true): null

03-12-2024T02:59:21 - [MESSAGE][PASSED] - Text 'нет данных' is not present on page

03-12-2024T02:59:21 - [TEST_STEP][PASSED] - if (verifyTextNotPresent("Ошибка запроса данных", false) == true): null

03-12-2024T02:59:22 - [MESSAGE][PASSED] - Text 'Ошибка запроса данных' is not present on page

03-12-2024T02:59:22 - [TEST_STEP][PASSED] - if (verifyTextNotPresent("Произошла ошибка при выполнении пользовательского кода", false) == true): null

03-12-2024T02:59:22 - [MESSAGE][PASSED] - Text 'Произошла ошибка при выполнении пользовательского кода' is not present on page

03-12-2024T02:59:22 - [TEST_STEP][PASSED] - if (verifyTextNotPresent("У виджета нет данных", false) == true): null

03-12-2024T02:59:23 - [MESSAGE][PASSED] - Text 'У виджета нет данных' is not present on page

03-12-2024T02:59:23 - [TEST_STEP][PASSED] - if (verifyTextNotPresent("У виджета нет данных", false) == true): Text 'У виджета нет данных' is not present on page

03-12-2024T02:59:23 - [MESSAGE][PASSED] - Text 'У виджета нет данных' is not present on page

03-12-2024T02:59:23 - [TEST_STEP][PASSED] - click(findTestObject("Выручка по ДЗО/Фильтр Выручка")): Object: 'Object Repository/Выручка по ДЗО/Фильтр Выручка' is clicked on

03-12-2024T02:59:24 - [MESSAGE][PASSED] - Object: 'Object Repository/Выручка по ДЗО/Фильтр Выручка' is clicked on

03-12-2024T02:59:24 - [TEST_STEP][PASSED] - click(findTestObject("Выручка по ДЗО/Внутренний оборот в фильтре Выручка")): Object: 'Object Repository/Выручка по ДЗО/Внутренний оборот в фильтре Выручка' is clicked on

03-12-2024T02:59:24 - [MESSAGE][PASSED] - Object: 'Object Repository/Выручка по ДЗО/Внутренний оборот в фильтре Выручка' is clicked on

03-12-2024T02:59:24 - [TEST_STEP][PASSED] - click(findTestObject("Выручка по ДЗО/Применить в фильтре Выручка")): Object: 'Object Repository/Выручка по ДЗО/Применить в фильтре Выручка' is clicked on

03-12-2024T02:59:25 - [MESSAGE][PASSED] - Object: 'Object Repository/Выручка по ДЗО/Применить в фильтре Выручка' is clicked on

03-12-2024T02:59:25 - [TEST_STEP][PASSED] - Script1687405711779.Test(todaysDate): null

03-12-2024T02:59:25 - [TEST_STEP][FAILED] - if (verifyTextNotPresent("нет данных", false) == true): Text 'нет данных' is present on page  (Root cause: com.kms.katalon.core.exception.StepFailedException: Text 'нет данных' is present on page 
	at com.kms.katalon.core.webui.keyword.internal.WebUIKeywordMain.stepFailed(WebUIKeywordMain.groovy:64)
	at com.kms.katalon.core.webui.keyword.builtin.VerifyTextNotPresentKeyword$_verifyTextNotPresent_closure1.doCall(VerifyTextNotPresentKeyword.groovy:77)
	at com.kms.katalon.core.webui.keyword.builtin.VerifyTextNotPresentKeyword$_verifyTextNotPresent_closure1.call(VerifyTextNotPresentKeyword.groovy)
	at com.kms.katalon.core.webui.keyword.internal.WebUIKeywordMain.runKeyword(WebUIKeywordMain.groovy:20)
	at com.kms.katalon.core.webui.keyword.builtin.VerifyTextNotPresentKeyword.verifyTextNotPresent(VerifyTextNotPresentKeyword.groovy:82)
	at com.kms.katalon.core.webui.keyword.builtin.VerifyTextNotPresentKeyword.execute(VerifyTextNotPresentKeyword.groovy:68)
	at com.kms.katalon.core.keyword.internal.KeywordExecutor.executeKeywordForPlatform(KeywordExecutor.groovy:74)
	at com.kms.katalon.core.webui.keyword.WebUiBuiltInKeywords.verifyTextNotPresent(WebUiBuiltInKeywords.groovy:1795)
	at Выручка по ДЗО отображение данных все филиалы.Test(Выручка по ДЗО отображение данных все филиалы:782)
	at Выручка по ДЗО отображение данных все филиалы.Tumbler(Выручка по ДЗО отображение данных все филиалы:738)
	at Выручка по ДЗО отображение данных все филиалы.Change(Выручка по ДЗО отображение данных все филиалы:772)
	at Выручка по ДЗО отображение данных все филиалы.DzoTest(Выручка по ДЗО отображение данных все филиалы:428)
	at Выручка по ДЗО отображение данных все филиалы.run(Выручка по ДЗО отображение данных все филиалы:134)
	at com.kms.katalon.core.main.ScriptEngine.run(ScriptEngine.java:194)
	at com.kms.katalon.core.main.ScriptEngine.runScriptAsRawText(ScriptEngine.java:119)
	at com.kms.katalon.core.main.TestCaseExecutor.runScript(TestCaseExecutor.java:448)
	at com.kms.katalon.core.main.TestCaseExecutor.doExecute(TestCaseExecutor.java:439)
	at com.kms.katalon.core.main.TestCaseExecutor.processExecutionPhase(TestCaseExecutor.java:418)
	at com.kms.katalon.core.main.TestCaseExecutor.accessMainPhase(TestCaseExecutor.java:410)
	at com.kms.katalon.core.main.TestCaseExecutor.execute(TestCaseExecutor.java:285)
	at com.kms.katalon.core.common.CommonExecutor.accessTestCaseMainPhase(CommonExecutor.java:65)
	at com.kms.katalon.core.main.TestSuiteExecutor.accessTestSuiteMainPhase(TestSuiteExecutor.java:150)
	at com.kms.katalon.core.main.TestSuiteExecutor.execute(TestSuiteExecutor.java:106)
	at com.kms.katalon.core.main.TestCaseMain.startTestSuite(TestCaseMain.java:180)
	at TempTestSuite1733182698305.run(TempTestSuite1733182698305.groovy:35)
	at java.base/jdk.internal.reflect.NativeMethodAccessorImpl.invoke0(Native Method)
	at java.base/jdk.internal.reflect.NativeMethodAccessorImpl.invoke(NativeMethodAccessorImpl.java:77)
	at java.base/jdk.internal.reflect.DelegatingMethodAccessorImpl.invoke(DelegatingMethodAccessorImpl.java:43)
)

03-12-2024T02:59:27 - [MESSAGE][FAILED] - Text 'нет данных' is present on page  (Root cause: com.kms.katalon.core.exception.StepFailedException: Text 'нет данных' is present on page 
	at com.kms.katalon.core.webui.keyword.internal.WebUIKeywordMain.stepFailed(WebUIKeywordMain.groovy:64)
	at com.kms.katalon.core.webui.keyword.builtin.VerifyTextNotPresentKeyword$_verifyTextNotPresent_closure1.doCall(VerifyTextNotPresentKeyword.groovy:77)
	at com.kms.katalon.core.webui.keyword.builtin.VerifyTextNotPresentKeyword$_verifyTextNotPresent_closure1.call(VerifyTextNotPresentKeyword.groovy)
	at com.kms.katalon.core.webui.keyword.internal.WebUIKeywordMain.runKeyword(WebUIKeywordMain.groovy:20)
	at com.kms.katalon.core.webui.keyword.builtin.VerifyTextNotPresentKeyword.verifyTextNotPresent(VerifyTextNotPresentKeyword.groovy:82)
	at com.kms.katalon.core.webui.keyword.builtin.VerifyTextNotPresentKeyword.execute(VerifyTextNotPresentKeyword.groovy:68)
	at com.kms.katalon.core.keyword.internal.KeywordExecutor.executeKeywordForPlatform(KeywordExecutor.groovy:74)
	at com.kms.katalon.core.webui.keyword.WebUiBuiltInKeywords.verifyTextNotPresent(WebUiBuiltInKeywords.groovy:1795)
	at Выручка по ДЗО отображение данных все филиалы.Test(Выручка по ДЗО отображение данных все филиалы:782)
	at Выручка по ДЗО отображение данных все филиалы.Tumbler(Выручка по ДЗО отображение данных все филиалы:738)
	at Выручка по ДЗО отображение данных все филиалы.Change(Выручка по ДЗО отображение данных все филиалы:772)
	at Выручка по ДЗО отображение данных все филиалы.DzoTest(Выручка по ДЗО отображение данных все филиалы:428)
	at Выручка по ДЗО отображение данных все филиалы.run(Выручка по ДЗО отображение данных все филиалы:134)
	at com.kms.katalon.core.main.ScriptEngine.run(ScriptEngine.java:194)
	at com.kms.katalon.core.main.ScriptEngine.runScriptAsRawText(ScriptEngine.java:119)
	at com.kms.katalon.core.main.TestCaseExecutor.runScript(TestCaseExecutor.java:448)
	at com.kms.katalon.core.main.TestCaseExecutor.doExecute(TestCaseExecutor.java:439)
	at com.kms.katalon.core.main.TestCaseExecutor.processExecutionPhase(TestCaseExecutor.java:418)
	at com.kms.katalon.core.main.TestCaseExecutor.accessMainPhase(TestCaseExecutor.java:410)
	at com.kms.katalon.core.main.TestCaseExecutor.execute(TestCaseExecutor.java:285)
	at com.kms.katalon.core.common.CommonExecutor.accessTestCaseMainPhase(CommonExecutor.java:65)
	at com.kms.katalon.core.main.TestSuiteExecutor.accessTestSuiteMainPhase(TestSuiteExecutor.java:150)
	at com.kms.katalon.core.main.TestSuiteExecutor.execute(TestSuiteExecutor.java:106)
	at com.kms.katalon.core.main.TestCaseMain.startTestSuite(TestCaseMain.java:180)
	at TempTestSuite1733182698305.run(TempTestSuite1733182698305.groovy:35)
	at java.base/jdk.internal.reflect.NativeMethodAccessorImpl.invoke0(Native Method)
	at java.base/jdk.internal.reflect.NativeMethodAccessorImpl.invoke(NativeMethodAccessorImpl.java:77)
	at java.base/jdk.internal.reflect.DelegatingMethodAccessorImpl.invoke(DelegatingMethodAccessorImpl.java:43)
)

03-12-2024T02:59:27 - [TEST_STEP][PASSED] - else: null

03-12-2024T02:59:27 - [TEST_STEP][PASSED] - Script1687405711779.WriteToExcel(todaysDate): null

03-12-2024T02:59:27 - [TEST_STEP][PASSED] - sheetName = "Sheet1": null

03-12-2024T02:59:27 - [TEST_STEP][PASSED] - data = findTestData("PlanFact"): null

03-12-2024T02:59:27 - [TEST_STEP][PASSED] - n = data.getRowNumbers() + 1: null

03-12-2024T02:59:27 - [TEST_STEP][PASSED] - dZO = getText(findTestObject("Выручка по ДЗО/Фильтр ДЗО")): Text of object 'Object Repository/Выручка по ДЗО/Фильтр ДЗО' is: 'ПАО Россети - РаспредКомплекс - Россети Сибирь (ГК) - ГАЭС'

03-12-2024T02:59:27 - [MESSAGE][PASSED] - Text of object 'Object Repository/Выручка по ДЗО/Фильтр ДЗО' is: 'ПАО Россети - РаспредКомплекс - Россети Сибирь (ГК) - ГАЭС'

03-12-2024T02:59:27 - [TEST_STEP][PASSED] - period = getText(findTestObject("Выручка по ДЗО/Фильтр Дата")): Text of object 'Object Repository/Выручка по ДЗО/Фильтр Дата' is: '1, 2, 3 кв., Октябрь 2024 года'

03-12-2024T02:59:27 - [MESSAGE][PASSED] - Text of object 'Object Repository/Выручка по ДЗО/Фильтр Дата' is: '1, 2, 3 кв., Октябрь 2024 года'

03-12-2024T02:59:27 - [TEST_STEP][PASSED] - viruchka = getText(findTestObject("Выручка по ДЗО/Фильтр Выручка")): Text of object 'Object Repository/Выручка по ДЗО/Фильтр Выручка' is: 'внутренний оборот'

03-12-2024T02:59:28 - [MESSAGE][PASSED] - Text of object 'Object Repository/Выручка по ДЗО/Фильтр Выручка' is: 'внутренний оборот'

03-12-2024T02:59:28 - [TEST_STEP][PASSED] - if (viruchka == "Выбрано: 2"): null

03-12-2024T02:59:28 - [TEST_STEP][PASSED] - if (viruchka == "Все"): null

03-12-2024T02:59:28 - [TEST_STEP][PASSED] - println(period): null

03-12-2024T02:59:28 - [TEST_STEP][PASSED] - dashboardName = "Выручка по ДЗО": null

03-12-2024T02:59:28 - [TEST_STEP][PASSED] - workbook01 = getWorkbook(excelFilePath): null

03-12-2024T02:59:28 - [TEST_STEP][PASSED] - sheet01 = getExcelSheet(workbook01, sheetName): null

03-12-2024T02:59:28 - [TEST_STEP][PASSED] - setValueToCellByIndex(sheet01, n, 0, dashboardName): null

03-12-2024T02:59:28 - [TEST_STEP][PASSED] - setValueToCellByIndex(sheet01, n, 1, dZO): null

03-12-2024T02:59:28 - [TEST_STEP][PASSED] - setValueToCellByIndex(sheet01, n, 2, period): null

03-12-2024T02:59:28 - [TEST_STEP][PASSED] - setValueToCellByIndex(sheet01, n, 3, viruchka): null

03-12-2024T02:59:28 - [TEST_STEP][PASSED] - setValueToCellByIndex(sheet01, n, 4, todaysDate): null

03-12-2024T02:59:28 - [TEST_STEP][PASSED] - n = n + 1: null

03-12-2024T02:59:28 - [TEST_STEP][PASSED] - saveWorkbook(excelFilePath, workbook01): null

03-12-2024T02:59:28 - [TEST_STEP][PASSED] - click(findTestObject("Выручка по ДЗО/Фильтр Выручка")): Object: 'Object Repository/Выручка по ДЗО/Фильтр Выручка' is clicked on

03-12-2024T02:59:28 - [MESSAGE][PASSED] - Object: 'Object Repository/Выручка по ДЗО/Фильтр Выручка' is clicked on

03-12-2024T02:59:28 - [TEST_STEP][PASSED] - click(findTestObject("Выручка по ДЗО/По передаче в фильтре Выручка")): Object: 'Object Repository/Выручка по ДЗО/По передаче в фильтре Выручка' is clicked on

03-12-2024T02:59:29 - [MESSAGE][PASSED] - Object: 'Object Repository/Выручка по ДЗО/По передаче в фильтре Выручка' is clicked on

03-12-2024T02:59:29 - [TEST_STEP][PASSED] - click(findTestObject("Выручка по ДЗО/Применить в фильтре Выручка")): Object: 'Object Repository/Выручка по ДЗО/Применить в фильтре Выручка' is clicked on

03-12-2024T02:59:29 - [MESSAGE][PASSED] - Object: 'Object Repository/Выручка по ДЗО/Применить в фильтре Выручка' is clicked on

03-12-2024T02:59:29 - [TEST_STEP][PASSED] - Script1687405711779.Test(todaysDate): null

03-12-2024T02:59:29 - [TEST_STEP][PASSED] - if (verifyTextNotPresent("нет данных", false) == true): null

03-12-2024T02:59:31 - [MESSAGE][PASSED] - Text 'нет данных' is not present on page

03-12-2024T02:59:31 - [TEST_STEP][PASSED] - if (verifyTextNotPresent("Ошибка запроса данных", false) == true): null

03-12-2024T02:59:32 - [MESSAGE][PASSED] - Text 'Ошибка запроса данных' is not present on page

03-12-2024T02:59:32 - [TEST_STEP][PASSED] - if (verifyTextNotPresent("Произошла ошибка при выполнении пользовательского кода", false) == true): null

03-12-2024T02:59:33 - [MESSAGE][PASSED] - Text 'Произошла ошибка при выполнении пользовательского кода' is not present on page

03-12-2024T02:59:33 - [TEST_STEP][PASSED] - if (verifyTextNotPresent("У виджета нет данных", false) == true): null

03-12-2024T02:59:33 - [MESSAGE][PASSED] - Text 'У виджета нет данных' is not present on page

03-12-2024T02:59:33 - [TEST_STEP][PASSED] - if (verifyTextNotPresent("У виджета нет данных", false) == true): Text 'У виджета нет данных' is not present on page

03-12-2024T02:59:34 - [MESSAGE][PASSED] - Text 'У виджета нет данных' is not present on page

03-12-2024T02:59:34 - [TEST_STEP][PASSED] - click(findTestObject("Выручка по ДЗО/Фильтр Выручка")): Object: 'Object Repository/Выручка по ДЗО/Фильтр Выручка' is clicked on

03-12-2024T02:59:34 - [MESSAGE][PASSED] - Object: 'Object Repository/Выручка по ДЗО/Фильтр Выручка' is clicked on

03-12-2024T02:59:34 - [TEST_STEP][PASSED] - click(findTestObject("Выручка по ДЗО/Снять выделение в фильтре Выручка")): Object: 'Object Repository/Выручка по ДЗО/Снять выделение в фильтре Выручка' is clicked on

03-12-2024T02:59:35 - [MESSAGE][PASSED] - Object: 'Object Repository/Выручка по ДЗО/Снять выделение в фильтре Выручка' is clicked on

03-12-2024T02:59:35 - [TEST_STEP][PASSED] - click(findTestObject("Выручка по ДЗО/По передаче в фильтре Выручка")): Object: 'Object Repository/Выручка по ДЗО/По передаче в фильтре Выручка' is clicked on

03-12-2024T02:59:35 - [MESSAGE][PASSED] - Object: 'Object Repository/Выручка по ДЗО/По передаче в фильтре Выручка' is clicked on

03-12-2024T02:59:35 - [TEST_STEP][PASSED] - click(findTestObject("Выручка по ДЗО/Применить в фильтре Выручка")): Object: 'Object Repository/Выручка по ДЗО/Применить в фильтре Выручка' is clicked on

03-12-2024T02:59:36 - [MESSAGE][PASSED] - Object: 'Object Repository/Выручка по ДЗО/Применить в фильтре Выручка' is clicked on

03-12-2024T02:59:36 - [TEST_STEP][PASSED] - Script1687405711779.Test(todaysDate): null

03-12-2024T02:59:36 - [TEST_STEP][PASSED] - if (verifyTextNotPresent("нет данных", false) == true): null

03-12-2024T02:59:38 - [MESSAGE][PASSED] - Text 'нет данных' is not present on page

03-12-2024T02:59:38 - [TEST_STEP][PASSED] - if (verifyTextNotPresent("Ошибка запроса данных", false) == true): null

03-12-2024T02:59:38 - [MESSAGE][PASSED] - Text 'Ошибка запроса данных' is not present on page

03-12-2024T02:59:38 - [TEST_STEP][PASSED] - if (verifyTextNotPresent("Произошла ошибка при выполнении пользовательского кода", false) == true): null

03-12-2024T02:59:39 - [MESSAGE][PASSED] - Text 'Произошла ошибка при выполнении пользовательского кода' is not present on page

03-12-2024T02:59:39 - [TEST_STEP][PASSED] - if (verifyTextNotPresent("У виджета нет данных", false) == true): null

03-12-2024T02:59:39 - [MESSAGE][PASSED] - Text 'У виджета нет данных' is not present on page

03-12-2024T02:59:39 - [TEST_STEP][PASSED] - if (verifyTextNotPresent("У виджета нет данных", false) == true): Text 'У виджета нет данных' is not present on page

03-12-2024T02:59:40 - [MESSAGE][PASSED] - Text 'У виджета нет данных' is not present on page

03-12-2024T02:59:40 - [TEST_STEP][PASSED] - click(findTestObject("Выручка по ДЗО/Фильтр Выручка")): Object: 'Object Repository/Выручка по ДЗО/Фильтр Выручка' is clicked on

03-12-2024T02:59:40 - [MESSAGE][PASSED] - Object: 'Object Repository/Выручка по ДЗО/Фильтр Выручка' is clicked on

03-12-2024T02:59:40 - [TEST_STEP][PASSED] - click(findTestObject("Выручка по ДЗО/Снять выделение в фильтре Выручка")): Object: 'Object Repository/Выручка по ДЗО/Снять выделение в фильтре Выручка' is clicked on

03-12-2024T02:59:40 - [MESSAGE][PASSED] - Object: 'Object Repository/Выручка по ДЗО/Снять выделение в фильтре Выручка' is clicked on

03-12-2024T02:59:40 - [TEST_STEP][PASSED] - click(findTestObject("Выручка по ДЗО/Применить в фильтре Выручка")): Object: 'Object Repository/Выручка по ДЗО/Применить в фильтре Выручка' is clicked on

03-12-2024T02:59:41 - [MESSAGE][PASSED] - Object: 'Object Repository/Выручка по ДЗО/Применить в фильтре Выручка' is clicked on

03-12-2024T02:59:41 - [TEST_STEP][PASSED] - click(findTestObject("Выручка по ДЗО/Фильтр ДЗО")): Object: 'Object Repository/Выручка по ДЗО/Фильтр ДЗО' is clicked on

03-12-2024T02:59:43 - [MESSAGE][PASSED] - Object: 'Object Repository/Выручка по ДЗО/Фильтр ДЗО' is clicked on

03-12-2024T02:59:43 - [TEST_STEP][PASSED] - click(findTestObject("Выручка по ДЗО/Снять выделение в фильтре ДЗО")): Object: 'Object Repository/Выручка по ДЗО/Снять выделение в фильтре ДЗО' is clicked on

03-12-2024T02:59:43 - [MESSAGE][PASSED] - Object: 'Object Repository/Выручка по ДЗО/Снять выделение в фильтре ДЗО' is clicked on

03-12-2024T02:59:43 - [TEST_STEP][PASSED] - scrollToElement(findTestObject("Общие объекты/Красноярскэнерго"), 30): Scroll to object 'Object Repository/Общие объекты/Красноярскэнерго' successfully

03-12-2024T02:59:44 - [MESSAGE][PASSED] - Scroll to object 'Object Repository/Общие объекты/Красноярскэнерго' successfully

03-12-2024T02:59:44 - [TEST_STEP][PASSED] - click(findTestObject("Общие объекты/Красноярскэнерго"), CONTINUE_ON_FAILURE): Object: 'Object Repository/Общие объекты/Красноярскэнерго' is clicked on

03-12-2024T02:59:44 - [MESSAGE][PASSED] - Object: 'Object Repository/Общие объекты/Красноярскэнерго' is clicked on

03-12-2024T02:59:44 - [TEST_STEP][PASSED] - Script1687405711779.Change(todaysDate): null

03-12-2024T02:59:44 - [TEST_STEP][PASSED] - scrollToElement(findTestObject("Выручка по ДЗО/Заголовок дашборда"), 30): Scroll to object 'Object Repository/Выручка по ДЗО/Заголовок дашборда' successfully

03-12-2024T02:59:44 - [MESSAGE][PASSED] - Scroll to object 'Object Repository/Выручка по ДЗО/Заголовок дашборда' successfully

03-12-2024T02:59:44 - [TEST_STEP][PASSED] - click(findTestObject("Выручка по ДЗО/Применить в фильтре ДЗО")): Object: 'Object Repository/Выручка по ДЗО/Применить в фильтре ДЗО' is clicked on

03-12-2024T02:59:45 - [MESSAGE][PASSED] - Object: 'Object Repository/Выручка по ДЗО/Применить в фильтре ДЗО' is clicked on

03-12-2024T02:59:45 - [TEST_STEP][PASSED] - Script1687405711779.Tumbler(todaysDate): null

03-12-2024T02:59:45 - [TEST_STEP][PASSED] - Script1687405711779.Test(todaysDate): null

03-12-2024T02:59:45 - [TEST_STEP][PASSED] - if (verifyTextNotPresent("нет данных", false) == true): null

03-12-2024T02:59:49 - [MESSAGE][PASSED] - Text 'нет данных' is not present on page

03-12-2024T02:59:49 - [TEST_STEP][PASSED] - if (verifyTextNotPresent("Ошибка запроса данных", false) == true): null

03-12-2024T02:59:50 - [MESSAGE][PASSED] - Text 'Ошибка запроса данных' is not present on page

03-12-2024T02:59:50 - [TEST_STEP][PASSED] - if (verifyTextNotPresent("Произошла ошибка при выполнении пользовательского кода", false) == true): null

03-12-2024T02:59:51 - [MESSAGE][PASSED] - Text 'Произошла ошибка при выполнении пользовательского кода' is not present on page

03-12-2024T02:59:51 - [TEST_STEP][PASSED] - if (verifyTextNotPresent("У виджета нет данных", false) == true): null

03-12-2024T02:59:51 - [MESSAGE][PASSED] - Text 'У виджета нет данных' is not present on page

03-12-2024T02:59:51 - [TEST_STEP][PASSED] - if (verifyTextNotPresent("У виджета нет данных", false) == true): Text 'У виджета нет данных' is not present on page

03-12-2024T02:59:52 - [MESSAGE][PASSED] - Text 'У виджета нет данных' is not present on page

03-12-2024T02:59:52 - [TEST_STEP][PASSED] - click(findTestObject("Выручка по ДЗО/Фильтр Выручка")): Object: 'Object Repository/Выручка по ДЗО/Фильтр Выручка' is clicked on

03-12-2024T02:59:52 - [MESSAGE][PASSED] - Object: 'Object Repository/Выручка по ДЗО/Фильтр Выручка' is clicked on

03-12-2024T02:59:52 - [TEST_STEP][PASSED] - click(findTestObject("Выручка по ДЗО/Внутренний оборот в фильтре Выручка")): Object: 'Object Repository/Выручка по ДЗО/Внутренний оборот в фильтре Выручка' is clicked on

03-12-2024T02:59:52 - [MESSAGE][PASSED] - Object: 'Object Repository/Выручка по ДЗО/Внутренний оборот в фильтре Выручка' is clicked on

03-12-2024T02:59:52 - [TEST_STEP][PASSED] - click(findTestObject("Выручка по ДЗО/Применить в фильтре Выручка")): Object: 'Object Repository/Выручка по ДЗО/Применить в фильтре Выручка' is clicked on

03-12-2024T02:59:53 - [MESSAGE][PASSED] - Object: 'Object Repository/Выручка по ДЗО/Применить в фильтре Выручка' is clicked on

03-12-2024T02:59:53 - [TEST_STEP][PASSED] - Script1687405711779.Test(todaysDate): null

03-12-2024T02:59:53 - [TEST_STEP][FAILED] - if (verifyTextNotPresent("нет данных", false) == true): Text 'нет данных' is present on page  (Root cause: com.kms.katalon.core.exception.StepFailedException: Text 'нет данных' is present on page 
	at com.kms.katalon.core.webui.keyword.internal.WebUIKeywordMain.stepFailed(WebUIKeywordMain.groovy:64)
	at com.kms.katalon.core.webui.keyword.builtin.VerifyTextNotPresentKeyword$_verifyTextNotPresent_closure1.doCall(VerifyTextNotPresentKeyword.groovy:77)
	at com.kms.katalon.core.webui.keyword.builtin.VerifyTextNotPresentKeyword$_verifyTextNotPresent_closure1.call(VerifyTextNotPresentKeyword.groovy)
	at com.kms.katalon.core.webui.keyword.internal.WebUIKeywordMain.runKeyword(WebUIKeywordMain.groovy:20)
	at com.kms.katalon.core.webui.keyword.builtin.VerifyTextNotPresentKeyword.verifyTextNotPresent(VerifyTextNotPresentKeyword.groovy:82)
	at com.kms.katalon.core.webui.keyword.builtin.VerifyTextNotPresentKeyword.execute(VerifyTextNotPresentKeyword.groovy:68)
	at com.kms.katalon.core.keyword.internal.KeywordExecutor.executeKeywordForPlatform(KeywordExecutor.groovy:74)
	at com.kms.katalon.core.webui.keyword.WebUiBuiltInKeywords.verifyTextNotPresent(WebUiBuiltInKeywords.groovy:1795)
	at Выручка по ДЗО отображение данных все филиалы.Test(Выручка по ДЗО отображение данных все филиалы:782)
	at Выручка по ДЗО отображение данных все филиалы.Tumbler(Выручка по ДЗО отображение данных все филиалы:738)
	at Выручка по ДЗО отображение данных все филиалы.Change(Выручка по ДЗО отображение данных все филиалы:772)
	at Выручка по ДЗО отображение данных все филиалы.DzoTest(Выручка по ДЗО отображение данных все филиалы:434)
	at Выручка по ДЗО отображение данных все филиалы.run(Выручка по ДЗО отображение данных все филиалы:134)
	at com.kms.katalon.core.main.ScriptEngine.run(ScriptEngine.java:194)
	at com.kms.katalon.core.main.ScriptEngine.runScriptAsRawText(ScriptEngine.java:119)
	at com.kms.katalon.core.main.TestCaseExecutor.runScript(TestCaseExecutor.java:448)
	at com.kms.katalon.core.main.TestCaseExecutor.doExecute(TestCaseExecutor.java:439)
	at com.kms.katalon.core.main.TestCaseExecutor.processExecutionPhase(TestCaseExecutor.java:418)
	at com.kms.katalon.core.main.TestCaseExecutor.accessMainPhase(TestCaseExecutor.java:410)
	at com.kms.katalon.core.main.TestCaseExecutor.execute(TestCaseExecutor.java:285)
	at com.kms.katalon.core.common.CommonExecutor.accessTestCaseMainPhase(CommonExecutor.java:65)
	at com.kms.katalon.core.main.TestSuiteExecutor.accessTestSuiteMainPhase(TestSuiteExecutor.java:150)
	at com.kms.katalon.core.main.TestSuiteExecutor.execute(TestSuiteExecutor.java:106)
	at com.kms.katalon.core.main.TestCaseMain.startTestSuite(TestCaseMain.java:180)
	at TempTestSuite1733182698305.run(TempTestSuite1733182698305.groovy:35)
	at java.base/jdk.internal.reflect.NativeMethodAccessorImpl.invoke0(Native Method)
	at java.base/jdk.internal.reflect.NativeMethodAccessorImpl.invoke(NativeMethodAccessorImpl.java:77)
	at java.base/jdk.internal.reflect.DelegatingMethodAccessorImpl.invoke(DelegatingMethodAccessorImpl.java:43)
)

03-12-2024T02:59:56 - [MESSAGE][FAILED] - Text 'нет данных' is present on page  (Root cause: com.kms.katalon.core.exception.StepFailedException: Text 'нет данных' is present on page 
	at com.kms.katalon.core.webui.keyword.internal.WebUIKeywordMain.stepFailed(WebUIKeywordMain.groovy:64)
	at com.kms.katalon.core.webui.keyword.builtin.VerifyTextNotPresentKeyword$_verifyTextNotPresent_closure1.doCall(VerifyTextNotPresentKeyword.groovy:77)
	at com.kms.katalon.core.webui.keyword.builtin.VerifyTextNotPresentKeyword$_verifyTextNotPresent_closure1.call(VerifyTextNotPresentKeyword.groovy)
	at com.kms.katalon.core.webui.keyword.internal.WebUIKeywordMain.runKeyword(WebUIKeywordMain.groovy:20)
	at com.kms.katalon.core.webui.keyword.builtin.VerifyTextNotPresentKeyword.verifyTextNotPresent(VerifyTextNotPresentKeyword.groovy:82)
	at com.kms.katalon.core.webui.keyword.builtin.VerifyTextNotPresentKeyword.execute(VerifyTextNotPresentKeyword.groovy:68)
	at com.kms.katalon.core.keyword.internal.KeywordExecutor.executeKeywordForPlatform(KeywordExecutor.groovy:74)
	at com.kms.katalon.core.webui.keyword.WebUiBuiltInKeywords.verifyTextNotPresent(WebUiBuiltInKeywords.groovy:1795)
	at Выручка по ДЗО отображение данных все филиалы.Test(Выручка по ДЗО отображение данных все филиалы:782)
	at Выручка по ДЗО отображение данных все филиалы.Tumbler(Выручка по ДЗО отображение данных все филиалы:738)
	at Выручка по ДЗО отображение данных все филиалы.Change(Выручка по ДЗО отображение данных все филиалы:772)
	at Выручка по ДЗО отображение данных все филиалы.DzoTest(Выручка по ДЗО отображение данных все филиалы:434)
	at Выручка по ДЗО отображение данных все филиалы.run(Выручка по ДЗО отображение данных все филиалы:134)
	at com.kms.katalon.core.main.ScriptEngine.run(ScriptEngine.java:194)
	at com.kms.katalon.core.main.ScriptEngine.runScriptAsRawText(ScriptEngine.java:119)
	at com.kms.katalon.core.main.TestCaseExecutor.runScript(TestCaseExecutor.java:448)
	at com.kms.katalon.core.main.TestCaseExecutor.doExecute(TestCaseExecutor.java:439)
	at com.kms.katalon.core.main.TestCaseExecutor.processExecutionPhase(TestCaseExecutor.java:418)
	at com.kms.katalon.core.main.TestCaseExecutor.accessMainPhase(TestCaseExecutor.java:410)
	at com.kms.katalon.core.main.TestCaseExecutor.execute(TestCaseExecutor.java:285)
	at com.kms.katalon.core.common.CommonExecutor.accessTestCaseMainPhase(CommonExecutor.java:65)
	at com.kms.katalon.core.main.TestSuiteExecutor.accessTestSuiteMainPhase(TestSuiteExecutor.java:150)
	at com.kms.katalon.core.main.TestSuiteExecutor.execute(TestSuiteExecutor.java:106)
	at com.kms.katalon.core.main.TestCaseMain.startTestSuite(TestCaseMain.java:180)
	at TempTestSuite1733182698305.run(TempTestSuite1733182698305.groovy:35)
	at java.base/jdk.internal.reflect.NativeMethodAccessorImpl.invoke0(Native Method)
	at java.base/jdk.internal.reflect.NativeMethodAccessorImpl.invoke(NativeMethodAccessorImpl.java:77)
	at java.base/jdk.internal.reflect.DelegatingMethodAccessorImpl.invoke(DelegatingMethodAccessorImpl.java:43)
)

03-12-2024T02:59:56 - [TEST_STEP][PASSED] - else: null

03-12-2024T02:59:56 - [TEST_STEP][PASSED] - Script1687405711779.WriteToExcel(todaysDate): null

03-12-2024T02:59:56 - [TEST_STEP][PASSED] - sheetName = "Sheet1": null

03-12-2024T02:59:56 - [TEST_STEP][PASSED] - data = findTestData("PlanFact"): null

03-12-2024T02:59:56 - [TEST_STEP][PASSED] - n = data.getRowNumbers() + 1: null

03-12-2024T02:59:56 - [TEST_STEP][PASSED] - dZO = getText(findTestObject("Выручка по ДЗО/Фильтр ДЗО")): Text of object 'Object Repository/Выручка по ДЗО/Фильтр ДЗО' is: 'ПАО Россети - РаспредКомплекс - Россети Сибирь (ГК) - Красноярскэнерго'

03-12-2024T02:59:57 - [MESSAGE][PASSED] - Text of object 'Object Repository/Выручка по ДЗО/Фильтр ДЗО' is: 'ПАО Россети - РаспредКомплекс - Россети Сибирь (ГК) - Красноярскэнерго'

03-12-2024T02:59:57 - [TEST_STEP][PASSED] - period = getText(findTestObject("Выручка по ДЗО/Фильтр Дата")): Text of object 'Object Repository/Выручка по ДЗО/Фильтр Дата' is: '1, 2, 3 кв., Октябрь 2024 года'

03-12-2024T02:59:57 - [MESSAGE][PASSED] - Text of object 'Object Repository/Выручка по ДЗО/Фильтр Дата' is: '1, 2, 3 кв., Октябрь 2024 года'

03-12-2024T02:59:57 - [TEST_STEP][PASSED] - viruchka = getText(findTestObject("Выручка по ДЗО/Фильтр Выручка")): Text of object 'Object Repository/Выручка по ДЗО/Фильтр Выручка' is: 'внутренний оборот'

03-12-2024T02:59:57 - [MESSAGE][PASSED] - Text of object 'Object Repository/Выручка по ДЗО/Фильтр Выручка' is: 'внутренний оборот'

03-12-2024T02:59:57 - [TEST_STEP][PASSED] - if (viruchka == "Выбрано: 2"): null

03-12-2024T02:59:57 - [TEST_STEP][PASSED] - if (viruchka == "Все"): null

03-12-2024T02:59:57 - [TEST_STEP][PASSED] - println(period): null

03-12-2024T02:59:57 - [TEST_STEP][PASSED] - dashboardName = "Выручка по ДЗО": null

03-12-2024T02:59:57 - [TEST_STEP][PASSED] - workbook01 = getWorkbook(excelFilePath): null

03-12-2024T02:59:57 - [TEST_STEP][PASSED] - sheet01 = getExcelSheet(workbook01, sheetName): null

03-12-2024T02:59:57 - [TEST_STEP][PASSED] - setValueToCellByIndex(sheet01, n, 0, dashboardName): null

03-12-2024T02:59:57 - [TEST_STEP][PASSED] - setValueToCellByIndex(sheet01, n, 1, dZO): null

03-12-2024T02:59:57 - [TEST_STEP][PASSED] - setValueToCellByIndex(sheet01, n, 2, period): null

03-12-2024T02:59:57 - [TEST_STEP][PASSED] - setValueToCellByIndex(sheet01, n, 3, viruchka): null

03-12-2024T02:59:57 - [TEST_STEP][PASSED] - setValueToCellByIndex(sheet01, n, 4, todaysDate): null

03-12-2024T02:59:57 - [TEST_STEP][PASSED] - n = n + 1: null

03-12-2024T02:59:57 - [TEST_STEP][PASSED] - saveWorkbook(excelFilePath, workbook01): null

03-12-2024T02:59:57 - [TEST_STEP][PASSED] - click(findTestObject("Выручка по ДЗО/Фильтр Выручка")): Object: 'Object Repository/Выручка по ДЗО/Фильтр Выручка' is clicked on

03-12-2024T02:59:58 - [MESSAGE][PASSED] - Object: 'Object Repository/Выручка по ДЗО/Фильтр Выручка' is clicked on

03-12-2024T02:59:58 - [TEST_STEP][PASSED] - click(findTestObject("Выручка по ДЗО/По передаче в фильтре Выручка")): Object: 'Object Repository/Выручка по ДЗО/По передаче в фильтре Выручка' is clicked on

03-12-2024T02:59:58 - [MESSAGE][PASSED] - Object: 'Object Repository/Выручка по ДЗО/По передаче в фильтре Выручка' is clicked on

03-12-2024T02:59:58 - [TEST_STEP][PASSED] - click(findTestObject("Выручка по ДЗО/Применить в фильтре Выручка")): Object: 'Object Repository/Выручка по ДЗО/Применить в фильтре Выручка' is clicked on

03-12-2024T02:59:59 - [MESSAGE][PASSED] - Object: 'Object Repository/Выручка по ДЗО/Применить в фильтре Выручка' is clicked on

03-12-2024T02:59:59 - [TEST_STEP][PASSED] - Script1687405711779.Test(todaysDate): null

03-12-2024T02:59:59 - [TEST_STEP][PASSED] - if (verifyTextNotPresent("нет данных", false) == true): null

03-12-2024T03:00:01 - [MESSAGE][PASSED] - Text 'нет данных' is not present on page

03-12-2024T03:00:01 - [TEST_STEP][PASSED] - if (verifyTextNotPresent("Ошибка запроса данных", false) == true): null

03-12-2024T03:00:02 - [MESSAGE][PASSED] - Text 'Ошибка запроса данных' is not present on page

03-12-2024T03:00:02 - [TEST_STEP][PASSED] - if (verifyTextNotPresent("Произошла ошибка при выполнении пользовательского кода", false) == true): null

03-12-2024T03:00:02 - [MESSAGE][PASSED] - Text 'Произошла ошибка при выполнении пользовательского кода' is not present on page

03-12-2024T03:00:02 - [TEST_STEP][PASSED] - if (verifyTextNotPresent("У виджета нет данных", false) == true): null

03-12-2024T03:00:03 - [MESSAGE][PASSED] - Text 'У виджета нет данных' is not present on page

03-12-2024T03:00:03 - [TEST_STEP][PASSED] - if (verifyTextNotPresent("У виджета нет данных", false) == true): Text 'У виджета нет данных' is not present on page

03-12-2024T03:00:03 - [MESSAGE][PASSED] - Text 'У виджета нет данных' is not present on page

03-12-2024T03:00:03 - [TEST_STEP][PASSED] - click(findTestObject("Выручка по ДЗО/Фильтр Выручка")): Object: 'Object Repository/Выручка по ДЗО/Фильтр Выручка' is clicked on

03-12-2024T03:00:04 - [MESSAGE][PASSED] - Object: 'Object Repository/Выручка по ДЗО/Фильтр Выручка' is clicked on

03-12-2024T03:00:04 - [TEST_STEP][PASSED] - click(findTestObject("Выручка по ДЗО/Снять выделение в фильтре Выручка")): Object: 'Object Repository/Выручка по ДЗО/Снять выделение в фильтре Выручка' is clicked on

03-12-2024T03:00:04 - [MESSAGE][PASSED] - Object: 'Object Repository/Выручка по ДЗО/Снять выделение в фильтре Выручка' is clicked on

03-12-2024T03:00:04 - [TEST_STEP][PASSED] - click(findTestObject("Выручка по ДЗО/По передаче в фильтре Выручка")): Object: 'Object Repository/Выручка по ДЗО/По передаче в фильтре Выручка' is clicked on

03-12-2024T03:00:04 - [MESSAGE][PASSED] - Object: 'Object Repository/Выручка по ДЗО/По передаче в фильтре Выручка' is clicked on

03-12-2024T03:00:04 - [TEST_STEP][PASSED] - click(findTestObject("Выручка по ДЗО/Применить в фильтре Выручка")): Object: 'Object Repository/Выручка по ДЗО/Применить в фильтре Выручка' is clicked on

03-12-2024T03:00:05 - [MESSAGE][PASSED] - Object: 'Object Repository/Выручка по ДЗО/Применить в фильтре Выручка' is clicked on

03-12-2024T03:00:05 - [TEST_STEP][PASSED] - Script1687405711779.Test(todaysDate): null

03-12-2024T03:00:05 - [TEST_STEP][PASSED] - if (verifyTextNotPresent("нет данных", false) == true): null

03-12-2024T03:00:08 - [MESSAGE][PASSED] - Text 'нет данных' is not present on page

03-12-2024T03:00:08 - [TEST_STEP][PASSED] - if (verifyTextNotPresent("Ошибка запроса данных", false) == true): null

03-12-2024T03:00:09 - [MESSAGE][PASSED] - Text 'Ошибка запроса данных' is not present on page

03-12-2024T03:00:09 - [TEST_STEP][PASSED] - if (verifyTextNotPresent("Произошла ошибка при выполнении пользовательского кода", false) == true): null

03-12-2024T03:00:09 - [MESSAGE][PASSED] - Text 'Произошла ошибка при выполнении пользовательского кода' is not present on page

03-12-2024T03:00:09 - [TEST_STEP][PASSED] - if (verifyTextNotPresent("У виджета нет данных", false) == true): null

03-12-2024T03:00:10 - [MESSAGE][PASSED] - Text 'У виджета нет данных' is not present on page

03-12-2024T03:00:10 - [TEST_STEP][PASSED] - if (verifyTextNotPresent("У виджета нет данных", false) == true): Text 'У виджета нет данных' is not present on page

03-12-2024T03:00:10 - [MESSAGE][PASSED] - Text 'У виджета нет данных' is not present on page

03-12-2024T03:00:10 - [TEST_STEP][PASSED] - click(findTestObject("Выручка по ДЗО/Фильтр Выручка")): Object: 'Object Repository/Выручка по ДЗО/Фильтр Выручка' is clicked on

03-12-2024T03:00:11 - [MESSAGE][PASSED] - Object: 'Object Repository/Выручка по ДЗО/Фильтр Выручка' is clicked on

03-12-2024T03:00:11 - [TEST_STEP][PASSED] - click(findTestObject("Выручка по ДЗО/Снять выделение в фильтре Выручка")): Object: 'Object Repository/Выручка по ДЗО/Снять выделение в фильтре Выручка' is clicked on

03-12-2024T03:00:11 - [MESSAGE][PASSED] - Object: 'Object Repository/Выручка по ДЗО/Снять выделение в фильтре Выручка' is clicked on

03-12-2024T03:00:11 - [TEST_STEP][PASSED] - click(findTestObject("Выручка по ДЗО/Применить в фильтре Выручка")): Object: 'Object Repository/Выручка по ДЗО/Применить в фильтре Выручка' is clicked on

03-12-2024T03:00:12 - [MESSAGE][PASSED] - Object: 'Object Repository/Выручка по ДЗО/Применить в фильтре Выручка' is clicked on

03-12-2024T03:00:12 - [TEST_STEP][PASSED] - click(findTestObject("Выручка по ДЗО/Фильтр ДЗО")): Object: 'Object Repository/Выручка по ДЗО/Фильтр ДЗО' is clicked on

03-12-2024T03:00:13 - [MESSAGE][PASSED] - Object: 'Object Repository/Выручка по ДЗО/Фильтр ДЗО' is clicked on

03-12-2024T03:00:13 - [TEST_STEP][PASSED] - click(findTestObject("Выручка по ДЗО/Снять выделение в фильтре ДЗО")): Object: 'Object Repository/Выручка по ДЗО/Снять выделение в фильтре ДЗО' is clicked on

03-12-2024T03:00:14 - [MESSAGE][PASSED] - Object: 'Object Repository/Выручка по ДЗО/Снять выделение в фильтре ДЗО' is clicked on

03-12-2024T03:00:14 - [TEST_STEP][PASSED] - scrollToElement(findTestObject("Общие объекты/Кузбассэнерго-РЭС"), 30): Scroll to object 'Object Repository/Общие объекты/Кузбассэнерго-РЭС' successfully

03-12-2024T03:00:14 - [MESSAGE][PASSED] - Scroll to object 'Object Repository/Общие объекты/Кузбассэнерго-РЭС' successfully

03-12-2024T03:00:14 - [TEST_STEP][PASSED] - click(findTestObject("Общие объекты/Кузбассэнерго-РЭС"), CONTINUE_ON_FAILURE): Object: 'Object Repository/Общие объекты/Кузбассэнерго-РЭС' is clicked on

03-12-2024T03:00:14 - [MESSAGE][PASSED] - Object: 'Object Repository/Общие объекты/Кузбассэнерго-РЭС' is clicked on

03-12-2024T03:00:14 - [TEST_STEP][PASSED] - Script1687405711779.Change(todaysDate): null

03-12-2024T03:00:14 - [TEST_STEP][PASSED] - scrollToElement(findTestObject("Выручка по ДЗО/Заголовок дашборда"), 30): Scroll to object 'Object Repository/Выручка по ДЗО/Заголовок дашборда' successfully

03-12-2024T03:00:15 - [MESSAGE][PASSED] - Scroll to object 'Object Repository/Выручка по ДЗО/Заголовок дашборда' successfully

03-12-2024T03:00:15 - [TEST_STEP][PASSED] - click(findTestObject("Выручка по ДЗО/Применить в фильтре ДЗО")): Object: 'Object Repository/Выручка по ДЗО/Применить в фильтре ДЗО' is clicked on

03-12-2024T03:00:15 - [MESSAGE][PASSED] - Object: 'Object Repository/Выручка по ДЗО/Применить в фильтре ДЗО' is clicked on

03-12-2024T03:00:15 - [TEST_STEP][PASSED] - Script1687405711779.Tumbler(todaysDate): null

03-12-2024T03:00:15 - [TEST_STEP][PASSED] - Script1687405711779.Test(todaysDate): null

03-12-2024T03:00:15 - [TEST_STEP][PASSED] - if (verifyTextNotPresent("нет данных", false) == true): null

03-12-2024T03:00:18 - [MESSAGE][PASSED] - Text 'нет данных' is not present on page

03-12-2024T03:00:18 - [TEST_STEP][PASSED] - if (verifyTextNotPresent("Ошибка запроса данных", false) == true): null

03-12-2024T03:00:20 - [MESSAGE][PASSED] - Text 'Ошибка запроса данных' is not present on page

03-12-2024T03:00:20 - [TEST_STEP][PASSED] - if (verifyTextNotPresent("Произошла ошибка при выполнении пользовательского кода", false) == true): null

03-12-2024T03:00:21 - [MESSAGE][PASSED] - Text 'Произошла ошибка при выполнении пользовательского кода' is not present on page

03-12-2024T03:00:21 - [TEST_STEP][PASSED] - if (verifyTextNotPresent("У виджета нет данных", false) == true): null

03-12-2024T03:00:21 - [MESSAGE][PASSED] - Text 'У виджета нет данных' is not present on page

03-12-2024T03:00:21 - [TEST_STEP][PASSED] - if (verifyTextNotPresent("У виджета нет данных", false) == true): Text 'У виджета нет данных' is not present on page

03-12-2024T03:00:22 - [MESSAGE][PASSED] - Text 'У виджета нет данных' is not present on page

03-12-2024T03:00:22 - [TEST_STEP][PASSED] - click(findTestObject("Выручка по ДЗО/Фильтр Выручка")): Object: 'Object Repository/Выручка по ДЗО/Фильтр Выручка' is clicked on

03-12-2024T03:00:22 - [MESSAGE][PASSED] - Object: 'Object Repository/Выручка по ДЗО/Фильтр Выручка' is clicked on

03-12-2024T03:00:22 - [TEST_STEP][PASSED] - click(findTestObject("Выручка по ДЗО/Внутренний оборот в фильтре Выручка")): Object: 'Object Repository/Выручка по ДЗО/Внутренний оборот в фильтре Выручка' is clicked on

03-12-2024T03:00:22 - [MESSAGE][PASSED] - Object: 'Object Repository/Выручка по ДЗО/Внутренний оборот в фильтре Выручка' is clicked on

03-12-2024T03:00:22 - [TEST_STEP][PASSED] - click(findTestObject("Выручка по ДЗО/Применить в фильтре Выручка")): Object: 'Object Repository/Выручка по ДЗО/Применить в фильтре Выручка' is clicked on

03-12-2024T03:00:23 - [MESSAGE][PASSED] - Object: 'Object Repository/Выручка по ДЗО/Применить в фильтре Выручка' is clicked on

03-12-2024T03:00:23 - [TEST_STEP][PASSED] - Script1687405711779.Test(todaysDate): null

03-12-2024T03:00:23 - [TEST_STEP][FAILED] - if (verifyTextNotPresent("нет данных", false) == true): Text 'нет данных' is present on page  (Root cause: com.kms.katalon.core.exception.StepFailedException: Text 'нет данных' is present on page 
	at com.kms.katalon.core.webui.keyword.internal.WebUIKeywordMain.stepFailed(WebUIKeywordMain.groovy:64)
	at com.kms.katalon.core.webui.keyword.builtin.VerifyTextNotPresentKeyword$_verifyTextNotPresent_closure1.doCall(VerifyTextNotPresentKeyword.groovy:77)
	at com.kms.katalon.core.webui.keyword.builtin.VerifyTextNotPresentKeyword$_verifyTextNotPresent_closure1.call(VerifyTextNotPresentKeyword.groovy)
	at com.kms.katalon.core.webui.keyword.internal.WebUIKeywordMain.runKeyword(WebUIKeywordMain.groovy:20)
	at com.kms.katalon.core.webui.keyword.builtin.VerifyTextNotPresentKeyword.verifyTextNotPresent(VerifyTextNotPresentKeyword.groovy:82)
	at com.kms.katalon.core.webui.keyword.builtin.VerifyTextNotPresentKeyword.execute(VerifyTextNotPresentKeyword.groovy:68)
	at com.kms.katalon.core.keyword.internal.KeywordExecutor.executeKeywordForPlatform(KeywordExecutor.groovy:74)
	at com.kms.katalon.core.webui.keyword.WebUiBuiltInKeywords.verifyTextNotPresent(WebUiBuiltInKeywords.groovy:1795)
	at Выручка по ДЗО отображение данных все филиалы.Test(Выручка по ДЗО отображение данных все филиалы:782)
	at Выручка по ДЗО отображение данных все филиалы.Tumbler(Выручка по ДЗО отображение данных все филиалы:738)
	at Выручка по ДЗО отображение данных все филиалы.Change(Выручка по ДЗО отображение данных все филиалы:772)
	at Выручка по ДЗО отображение данных все филиалы.DzoTest(Выручка по ДЗО отображение данных все филиалы:440)
	at Выручка по ДЗО отображение данных все филиалы.run(Выручка по ДЗО отображение данных все филиалы:134)
	at com.kms.katalon.core.main.ScriptEngine.run(ScriptEngine.java:194)
	at com.kms.katalon.core.main.ScriptEngine.runScriptAsRawText(ScriptEngine.java:119)
	at com.kms.katalon.core.main.TestCaseExecutor.runScript(TestCaseExecutor.java:448)
	at com.kms.katalon.core.main.TestCaseExecutor.doExecute(TestCaseExecutor.java:439)
	at com.kms.katalon.core.main.TestCaseExecutor.processExecutionPhase(TestCaseExecutor.java:418)
	at com.kms.katalon.core.main.TestCaseExecutor.accessMainPhase(TestCaseExecutor.java:410)
	at com.kms.katalon.core.main.TestCaseExecutor.execute(TestCaseExecutor.java:285)
	at com.kms.katalon.core.common.CommonExecutor.accessTestCaseMainPhase(CommonExecutor.java:65)
	at com.kms.katalon.core.main.TestSuiteExecutor.accessTestSuiteMainPhase(TestSuiteExecutor.java:150)
	at com.kms.katalon.core.main.TestSuiteExecutor.execute(TestSuiteExecutor.java:106)
	at com.kms.katalon.core.main.TestCaseMain.startTestSuite(TestCaseMain.java:180)
	at TempTestSuite1733182698305.run(TempTestSuite1733182698305.groovy:35)
	at java.base/jdk.internal.reflect.NativeMethodAccessorImpl.invoke0(Native Method)
	at java.base/jdk.internal.reflect.NativeMethodAccessorImpl.invoke(NativeMethodAccessorImpl.java:77)
	at java.base/jdk.internal.reflect.DelegatingMethodAccessorImpl.invoke(DelegatingMethodAccessorImpl.java:43)
)

03-12-2024T03:00:25 - [MESSAGE][FAILED] - Text 'нет данных' is present on page  (Root cause: com.kms.katalon.core.exception.StepFailedException: Text 'нет данных' is present on page 
	at com.kms.katalon.core.webui.keyword.internal.WebUIKeywordMain.stepFailed(WebUIKeywordMain.groovy:64)
	at com.kms.katalon.core.webui.keyword.builtin.VerifyTextNotPresentKeyword$_verifyTextNotPresent_closure1.doCall(VerifyTextNotPresentKeyword.groovy:77)
	at com.kms.katalon.core.webui.keyword.builtin.VerifyTextNotPresentKeyword$_verifyTextNotPresent_closure1.call(VerifyTextNotPresentKeyword.groovy)
	at com.kms.katalon.core.webui.keyword.internal.WebUIKeywordMain.runKeyword(WebUIKeywordMain.groovy:20)
	at com.kms.katalon.core.webui.keyword.builtin.VerifyTextNotPresentKeyword.verifyTextNotPresent(VerifyTextNotPresentKeyword.groovy:82)
	at com.kms.katalon.core.webui.keyword.builtin.VerifyTextNotPresentKeyword.execute(VerifyTextNotPresentKeyword.groovy:68)
	at com.kms.katalon.core.keyword.internal.KeywordExecutor.executeKeywordForPlatform(KeywordExecutor.groovy:74)
	at com.kms.katalon.core.webui.keyword.WebUiBuiltInKeywords.verifyTextNotPresent(WebUiBuiltInKeywords.groovy:1795)
	at Выручка по ДЗО отображение данных все филиалы.Test(Выручка по ДЗО отображение данных все филиалы:782)
	at Выручка по ДЗО отображение данных все филиалы.Tumbler(Выручка по ДЗО отображение данных все филиалы:738)
	at Выручка по ДЗО отображение данных все филиалы.Change(Выручка по ДЗО отображение данных все филиалы:772)
	at Выручка по ДЗО отображение данных все филиалы.DzoTest(Выручка по ДЗО отображение данных все филиалы:440)
	at Выручка по ДЗО отображение данных все филиалы.run(Выручка по ДЗО отображение данных все филиалы:134)
	at com.kms.katalon.core.main.ScriptEngine.run(ScriptEngine.java:194)
	at com.kms.katalon.core.main.ScriptEngine.runScriptAsRawText(ScriptEngine.java:119)
	at com.kms.katalon.core.main.TestCaseExecutor.runScript(TestCaseExecutor.java:448)
	at com.kms.katalon.core.main.TestCaseExecutor.doExecute(TestCaseExecutor.java:439)
	at com.kms.katalon.core.main.TestCaseExecutor.processExecutionPhase(TestCaseExecutor.java:418)
	at com.kms.katalon.core.main.TestCaseExecutor.accessMainPhase(TestCaseExecutor.java:410)
	at com.kms.katalon.core.main.TestCaseExecutor.execute(TestCaseExecutor.java:285)
	at com.kms.katalon.core.common.CommonExecutor.accessTestCaseMainPhase(CommonExecutor.java:65)
	at com.kms.katalon.core.main.TestSuiteExecutor.accessTestSuiteMainPhase(TestSuiteExecutor.java:150)
	at com.kms.katalon.core.main.TestSuiteExecutor.execute(TestSuiteExecutor.java:106)
	at com.kms.katalon.core.main.TestCaseMain.startTestSuite(TestCaseMain.java:180)
	at TempTestSuite1733182698305.run(TempTestSuite1733182698305.groovy:35)
	at java.base/jdk.internal.reflect.NativeMethodAccessorImpl.invoke0(Native Method)
	at java.base/jdk.internal.reflect.NativeMethodAccessorImpl.invoke(NativeMethodAccessorImpl.java:77)
	at java.base/jdk.internal.reflect.DelegatingMethodAccessorImpl.invoke(DelegatingMethodAccessorImpl.java:43)
)

03-12-2024T03:00:25 - [TEST_STEP][PASSED] - else: null

03-12-2024T03:00:25 - [TEST_STEP][PASSED] - Script1687405711779.WriteToExcel(todaysDate): null

03-12-2024T03:00:25 - [TEST_STEP][PASSED] - sheetName = "Sheet1": null

03-12-2024T03:00:25 - [TEST_STEP][PASSED] - data = findTestData("PlanFact"): null

03-12-2024T03:00:25 - [TEST_STEP][PASSED] - n = data.getRowNumbers() + 1: null

03-12-2024T03:00:25 - [TEST_STEP][PASSED] - dZO = getText(findTestObject("Выручка по ДЗО/Фильтр ДЗО")): Text of object 'Object Repository/Выручка по ДЗО/Фильтр ДЗО' is: 'ПАО Россети - РаспредКомплекс - Россети Сибирь (ГК) - Кузбассэнерго-РЭС'

03-12-2024T03:00:25 - [MESSAGE][PASSED] - Text of object 'Object Repository/Выручка по ДЗО/Фильтр ДЗО' is: 'ПАО Россети - РаспредКомплекс - Россети Сибирь (ГК) - Кузбассэнерго-РЭС'

03-12-2024T03:00:25 - [TEST_STEP][PASSED] - period = getText(findTestObject("Выручка по ДЗО/Фильтр Дата")): Text of object 'Object Repository/Выручка по ДЗО/Фильтр Дата' is: '1, 2, 3 кв., Октябрь 2024 года'

03-12-2024T03:00:26 - [MESSAGE][PASSED] - Text of object 'Object Repository/Выручка по ДЗО/Фильтр Дата' is: '1, 2, 3 кв., Октябрь 2024 года'

03-12-2024T03:00:26 - [TEST_STEP][PASSED] - viruchka = getText(findTestObject("Выручка по ДЗО/Фильтр Выручка")): Text of object 'Object Repository/Выручка по ДЗО/Фильтр Выручка' is: 'внутренний оборот'

03-12-2024T03:00:26 - [MESSAGE][PASSED] - Text of object 'Object Repository/Выручка по ДЗО/Фильтр Выручка' is: 'внутренний оборот'

03-12-2024T03:00:26 - [TEST_STEP][PASSED] - if (viruchka == "Выбрано: 2"): null

03-12-2024T03:00:26 - [TEST_STEP][PASSED] - if (viruchka == "Все"): null

03-12-2024T03:00:26 - [TEST_STEP][PASSED] - println(period): null

03-12-2024T03:00:26 - [TEST_STEP][PASSED] - dashboardName = "Выручка по ДЗО": null

03-12-2024T03:00:26 - [TEST_STEP][PASSED] - workbook01 = getWorkbook(excelFilePath): null

03-12-2024T03:00:26 - [TEST_STEP][PASSED] - sheet01 = getExcelSheet(workbook01, sheetName): null

03-12-2024T03:00:26 - [TEST_STEP][PASSED] - setValueToCellByIndex(sheet01, n, 0, dashboardName): null

03-12-2024T03:00:26 - [TEST_STEP][PASSED] - setValueToCellByIndex(sheet01, n, 1, dZO): null

03-12-2024T03:00:26 - [TEST_STEP][PASSED] - setValueToCellByIndex(sheet01, n, 2, period): null

03-12-2024T03:00:26 - [TEST_STEP][PASSED] - setValueToCellByIndex(sheet01, n, 3, viruchka): null

03-12-2024T03:00:26 - [TEST_STEP][PASSED] - setValueToCellByIndex(sheet01, n, 4, todaysDate): null

03-12-2024T03:00:26 - [TEST_STEP][PASSED] - n = n + 1: null

03-12-2024T03:00:26 - [TEST_STEP][PASSED] - saveWorkbook(excelFilePath, workbook01): null

03-12-2024T03:00:26 - [TEST_STEP][PASSED] - click(findTestObject("Выручка по ДЗО/Фильтр Выручка")): Object: 'Object Repository/Выручка по ДЗО/Фильтр Выручка' is clicked on

03-12-2024T03:00:27 - [MESSAGE][PASSED] - Object: 'Object Repository/Выручка по ДЗО/Фильтр Выручка' is clicked on

03-12-2024T03:00:27 - [TEST_STEP][PASSED] - click(findTestObject("Выручка по ДЗО/По передаче в фильтре Выручка")): Object: 'Object Repository/Выручка по ДЗО/По передаче в фильтре Выручка' is clicked on

03-12-2024T03:00:27 - [MESSAGE][PASSED] - Object: 'Object Repository/Выручка по ДЗО/По передаче в фильтре Выручка' is clicked on

03-12-2024T03:00:27 - [TEST_STEP][PASSED] - click(findTestObject("Выручка по ДЗО/Применить в фильтре Выручка")): Object: 'Object Repository/Выручка по ДЗО/Применить в фильтре Выручка' is clicked on

03-12-2024T03:00:28 - [MESSAGE][PASSED] - Object: 'Object Repository/Выручка по ДЗО/Применить в фильтре Выручка' is clicked on

03-12-2024T03:00:28 - [TEST_STEP][PASSED] - Script1687405711779.Test(todaysDate): null

03-12-2024T03:00:28 - [TEST_STEP][PASSED] - if (verifyTextNotPresent("нет данных", false) == true): null

03-12-2024T03:00:30 - [MESSAGE][PASSED] - Text 'нет данных' is not present on page

03-12-2024T03:00:30 - [TEST_STEP][PASSED] - if (verifyTextNotPresent("Ошибка запроса данных", false) == true): null

03-12-2024T03:00:31 - [MESSAGE][PASSED] - Text 'Ошибка запроса данных' is not present on page

03-12-2024T03:00:31 - [TEST_STEP][PASSED] - if (verifyTextNotPresent("Произошла ошибка при выполнении пользовательского кода", false) == true): null

03-12-2024T03:00:31 - [MESSAGE][PASSED] - Text 'Произошла ошибка при выполнении пользовательского кода' is not present on page

03-12-2024T03:00:31 - [TEST_STEP][PASSED] - if (verifyTextNotPresent("У виджета нет данных", false) == true): null

03-12-2024T03:00:32 - [MESSAGE][PASSED] - Text 'У виджета нет данных' is not present on page

03-12-2024T03:00:32 - [TEST_STEP][PASSED] - if (verifyTextNotPresent("У виджета нет данных", false) == true): Text 'У виджета нет данных' is not present on page

03-12-2024T03:00:32 - [MESSAGE][PASSED] - Text 'У виджета нет данных' is not present on page

03-12-2024T03:00:32 - [TEST_STEP][PASSED] - click(findTestObject("Выручка по ДЗО/Фильтр Выручка")): Object: 'Object Repository/Выручка по ДЗО/Фильтр Выручка' is clicked on

03-12-2024T03:00:33 - [MESSAGE][PASSED] - Object: 'Object Repository/Выручка по ДЗО/Фильтр Выручка' is clicked on

03-12-2024T03:00:33 - [TEST_STEP][PASSED] - click(findTestObject("Выручка по ДЗО/Снять выделение в фильтре Выручка")): Object: 'Object Repository/Выручка по ДЗО/Снять выделение в фильтре Выручка' is clicked on

03-12-2024T03:00:33 - [MESSAGE][PASSED] - Object: 'Object Repository/Выручка по ДЗО/Снять выделение в фильтре Выручка' is clicked on

03-12-2024T03:00:33 - [TEST_STEP][PASSED] - click(findTestObject("Выручка по ДЗО/По передаче в фильтре Выручка")): Object: 'Object Repository/Выручка по ДЗО/По передаче в фильтре Выручка' is clicked on

03-12-2024T03:00:33 - [MESSAGE][PASSED] - Object: 'Object Repository/Выручка по ДЗО/По передаче в фильтре Выручка' is clicked on

03-12-2024T03:00:33 - [TEST_STEP][PASSED] - click(findTestObject("Выручка по ДЗО/Применить в фильтре Выручка")): Object: 'Object Repository/Выручка по ДЗО/Применить в фильтре Выручка' is clicked on

03-12-2024T03:00:34 - [MESSAGE][PASSED] - Object: 'Object Repository/Выручка по ДЗО/Применить в фильтре Выручка' is clicked on

03-12-2024T03:00:34 - [TEST_STEP][PASSED] - Script1687405711779.Test(todaysDate): null

03-12-2024T03:00:34 - [TEST_STEP][PASSED] - if (verifyTextNotPresent("нет данных", false) == true): null

03-12-2024T03:00:38 - [MESSAGE][PASSED] - Text 'нет данных' is not present on page

03-12-2024T03:00:38 - [TEST_STEP][PASSED] - if (verifyTextNotPresent("Ошибка запроса данных", false) == true): null

03-12-2024T03:00:38 - [MESSAGE][PASSED] - Text 'Ошибка запроса данных' is not present on page

03-12-2024T03:00:38 - [TEST_STEP][PASSED] - if (verifyTextNotPresent("Произошла ошибка при выполнении пользовательского кода", false) == true): null

03-12-2024T03:00:39 - [MESSAGE][PASSED] - Text 'Произошла ошибка при выполнении пользовательского кода' is not present on page

03-12-2024T03:00:39 - [TEST_STEP][PASSED] - if (verifyTextNotPresent("У виджета нет данных", false) == true): null

03-12-2024T03:00:40 - [MESSAGE][PASSED] - Text 'У виджета нет данных' is not present on page

03-12-2024T03:00:40 - [TEST_STEP][PASSED] - if (verifyTextNotPresent("У виджета нет данных", false) == true): Text 'У виджета нет данных' is not present on page

03-12-2024T03:00:40 - [MESSAGE][PASSED] - Text 'У виджета нет данных' is not present on page

03-12-2024T03:00:40 - [TEST_STEP][PASSED] - click(findTestObject("Выручка по ДЗО/Фильтр Выручка")): Object: 'Object Repository/Выручка по ДЗО/Фильтр Выручка' is clicked on

03-12-2024T03:00:40 - [MESSAGE][PASSED] - Object: 'Object Repository/Выручка по ДЗО/Фильтр Выручка' is clicked on

03-12-2024T03:00:40 - [TEST_STEP][PASSED] - click(findTestObject("Выручка по ДЗО/Снять выделение в фильтре Выручка")): Object: 'Object Repository/Выручка по ДЗО/Снять выделение в фильтре Выручка' is clicked on

03-12-2024T03:00:41 - [MESSAGE][PASSED] - Object: 'Object Repository/Выручка по ДЗО/Снять выделение в фильтре Выручка' is clicked on

03-12-2024T03:00:41 - [TEST_STEP][PASSED] - click(findTestObject("Выручка по ДЗО/Применить в фильтре Выручка")): Object: 'Object Repository/Выручка по ДЗО/Применить в фильтре Выручка' is clicked on

03-12-2024T03:00:41 - [MESSAGE][PASSED] - Object: 'Object Repository/Выручка по ДЗО/Применить в фильтре Выручка' is clicked on

03-12-2024T03:00:41 - [TEST_STEP][PASSED] - click(findTestObject("Выручка по ДЗО/Фильтр ДЗО")): Object: 'Object Repository/Выручка по ДЗО/Фильтр ДЗО' is clicked on

03-12-2024T03:00:43 - [MESSAGE][PASSED] - Object: 'Object Repository/Выручка по ДЗО/Фильтр ДЗО' is clicked on

03-12-2024T03:00:43 - [TEST_STEP][PASSED] - click(findTestObject("Выручка по ДЗО/Снять выделение в фильтре ДЗО")): Object: 'Object Repository/Выручка по ДЗО/Снять выделение в фильтре ДЗО' is clicked on

03-12-2024T03:00:43 - [MESSAGE][PASSED] - Object: 'Object Repository/Выручка по ДЗО/Снять выделение в фильтре ДЗО' is clicked on

03-12-2024T03:00:43 - [TEST_STEP][PASSED] - scrollToElement(findTestObject("Общие объекты/Омскэнерго"), 30): Scroll to object 'Object Repository/Общие объекты/Омскэнерго' successfully

03-12-2024T03:00:44 - [MESSAGE][PASSED] - Scroll to object 'Object Repository/Общие объекты/Омскэнерго' successfully

03-12-2024T03:00:44 - [TEST_STEP][PASSED] - click(findTestObject("Общие объекты/Омскэнерго"), CONTINUE_ON_FAILURE): Object: 'Object Repository/Общие объекты/Омскэнерго' is clicked on

03-12-2024T03:00:44 - [MESSAGE][PASSED] - Object: 'Object Repository/Общие объекты/Омскэнерго' is clicked on

03-12-2024T03:00:44 - [TEST_STEP][PASSED] - Script1687405711779.Change(todaysDate): null

03-12-2024T03:00:44 - [TEST_STEP][PASSED] - scrollToElement(findTestObject("Выручка по ДЗО/Заголовок дашборда"), 30): Scroll to object 'Object Repository/Выручка по ДЗО/Заголовок дашборда' successfully

03-12-2024T03:00:44 - [MESSAGE][PASSED] - Scroll to object 'Object Repository/Выручка по ДЗО/Заголовок дашборда' successfully

03-12-2024T03:00:44 - [TEST_STEP][PASSED] - click(findTestObject("Выручка по ДЗО/Применить в фильтре ДЗО")): Object: 'Object Repository/Выручка по ДЗО/Применить в фильтре ДЗО' is clicked on

03-12-2024T03:00:45 - [MESSAGE][PASSED] - Object: 'Object Repository/Выручка по ДЗО/Применить в фильтре ДЗО' is clicked on

03-12-2024T03:00:45 - [TEST_STEP][PASSED] - Script1687405711779.Tumbler(todaysDate): null

03-12-2024T03:00:45 - [TEST_STEP][PASSED] - Script1687405711779.Test(todaysDate): null

03-12-2024T03:00:45 - [TEST_STEP][PASSED] - if (verifyTextNotPresent("нет данных", false) == true): null

03-12-2024T03:00:47 - [MESSAGE][PASSED] - Text 'нет данных' is not present on page

03-12-2024T03:00:47 - [TEST_STEP][PASSED] - if (verifyTextNotPresent("Ошибка запроса данных", false) == true): null

03-12-2024T03:00:48 - [MESSAGE][PASSED] - Text 'Ошибка запроса данных' is not present on page

03-12-2024T03:00:48 - [TEST_STEP][PASSED] - if (verifyTextNotPresent("Произошла ошибка при выполнении пользовательского кода", false) == true): null

03-12-2024T03:00:49 - [MESSAGE][PASSED] - Text 'Произошла ошибка при выполнении пользовательского кода' is not present on page

03-12-2024T03:00:49 - [TEST_STEP][PASSED] - if (verifyTextNotPresent("У виджета нет данных", false) == true): null

03-12-2024T03:00:50 - [MESSAGE][PASSED] - Text 'У виджета нет данных' is not present on page

03-12-2024T03:00:50 - [TEST_STEP][PASSED] - if (verifyTextNotPresent("У виджета нет данных", false) == true): Text 'У виджета нет данных' is not present on page

03-12-2024T03:00:50 - [MESSAGE][PASSED] - Text 'У виджета нет данных' is not present on page

03-12-2024T03:00:50 - [TEST_STEP][PASSED] - click(findTestObject("Выручка по ДЗО/Фильтр Выручка")): Object: 'Object Repository/Выручка по ДЗО/Фильтр Выручка' is clicked on

03-12-2024T03:00:50 - [MESSAGE][PASSED] - Object: 'Object Repository/Выручка по ДЗО/Фильтр Выручка' is clicked on

03-12-2024T03:00:50 - [TEST_STEP][PASSED] - click(findTestObject("Выручка по ДЗО/Внутренний оборот в фильтре Выручка")): Object: 'Object Repository/Выручка по ДЗО/Внутренний оборот в фильтре Выручка' is clicked on

03-12-2024T03:00:51 - [MESSAGE][PASSED] - Object: 'Object Repository/Выручка по ДЗО/Внутренний оборот в фильтре Выручка' is clicked on

03-12-2024T03:00:51 - [TEST_STEP][PASSED] - click(findTestObject("Выручка по ДЗО/Применить в фильтре Выручка")): Object: 'Object Repository/Выручка по ДЗО/Применить в фильтре Выручка' is clicked on

03-12-2024T03:00:52 - [MESSAGE][PASSED] - Object: 'Object Repository/Выручка по ДЗО/Применить в фильтре Выручка' is clicked on

03-12-2024T03:00:52 - [TEST_STEP][PASSED] - Script1687405711779.Test(todaysDate): null

03-12-2024T03:00:52 - [TEST_STEP][FAILED] - if (verifyTextNotPresent("нет данных", false) == true): Text 'нет данных' is present on page  (Root cause: com.kms.katalon.core.exception.StepFailedException: Text 'нет данных' is present on page 
	at com.kms.katalon.core.webui.keyword.internal.WebUIKeywordMain.stepFailed(WebUIKeywordMain.groovy:64)
	at com.kms.katalon.core.webui.keyword.builtin.VerifyTextNotPresentKeyword$_verifyTextNotPresent_closure1.doCall(VerifyTextNotPresentKeyword.groovy:77)
	at com.kms.katalon.core.webui.keyword.builtin.VerifyTextNotPresentKeyword$_verifyTextNotPresent_closure1.call(VerifyTextNotPresentKeyword.groovy)
	at com.kms.katalon.core.webui.keyword.internal.WebUIKeywordMain.runKeyword(WebUIKeywordMain.groovy:20)
	at com.kms.katalon.core.webui.keyword.builtin.VerifyTextNotPresentKeyword.verifyTextNotPresent(VerifyTextNotPresentKeyword.groovy:82)
	at com.kms.katalon.core.webui.keyword.builtin.VerifyTextNotPresentKeyword.execute(VerifyTextNotPresentKeyword.groovy:68)
	at com.kms.katalon.core.keyword.internal.KeywordExecutor.executeKeywordForPlatform(KeywordExecutor.groovy:74)
	at com.kms.katalon.core.webui.keyword.WebUiBuiltInKeywords.verifyTextNotPresent(WebUiBuiltInKeywords.groovy:1795)
	at Выручка по ДЗО отображение данных все филиалы.Test(Выручка по ДЗО отображение данных все филиалы:782)
	at Выручка по ДЗО отображение данных все филиалы.Tumbler(Выручка по ДЗО отображение данных все филиалы:738)
	at Выручка по ДЗО отображение данных все филиалы.Change(Выручка по ДЗО отображение данных все филиалы:772)
	at Выручка по ДЗО отображение данных все филиалы.DzoTest(Выручка по ДЗО отображение данных все филиалы:446)
	at Выручка по ДЗО отображение данных все филиалы.run(Выручка по ДЗО отображение данных все филиалы:134)
	at com.kms.katalon.core.main.ScriptEngine.run(ScriptEngine.java:194)
	at com.kms.katalon.core.main.ScriptEngine.runScriptAsRawText(ScriptEngine.java:119)
	at com.kms.katalon.core.main.TestCaseExecutor.runScript(TestCaseExecutor.java:448)
	at com.kms.katalon.core.main.TestCaseExecutor.doExecute(TestCaseExecutor.java:439)
	at com.kms.katalon.core.main.TestCaseExecutor.processExecutionPhase(TestCaseExecutor.java:418)
	at com.kms.katalon.core.main.TestCaseExecutor.accessMainPhase(TestCaseExecutor.java:410)
	at com.kms.katalon.core.main.TestCaseExecutor.execute(TestCaseExecutor.java:285)
	at com.kms.katalon.core.common.CommonExecutor.accessTestCaseMainPhase(CommonExecutor.java:65)
	at com.kms.katalon.core.main.TestSuiteExecutor.accessTestSuiteMainPhase(TestSuiteExecutor.java:150)
	at com.kms.katalon.core.main.TestSuiteExecutor.execute(TestSuiteExecutor.java:106)
	at com.kms.katalon.core.main.TestCaseMain.startTestSuite(TestCaseMain.java:180)
	at TempTestSuite1733182698305.run(TempTestSuite1733182698305.groovy:35)
	at java.base/jdk.internal.reflect.NativeMethodAccessorImpl.invoke0(Native Method)
	at java.base/jdk.internal.reflect.NativeMethodAccessorImpl.invoke(NativeMethodAccessorImpl.java:77)
	at java.base/jdk.internal.reflect.DelegatingMethodAccessorImpl.invoke(DelegatingMethodAccessorImpl.java:43)
)

03-12-2024T03:00:54 - [MESSAGE][FAILED] - Text 'нет данных' is present on page  (Root cause: com.kms.katalon.core.exception.StepFailedException: Text 'нет данных' is present on page 
	at com.kms.katalon.core.webui.keyword.internal.WebUIKeywordMain.stepFailed(WebUIKeywordMain.groovy:64)
	at com.kms.katalon.core.webui.keyword.builtin.VerifyTextNotPresentKeyword$_verifyTextNotPresent_closure1.doCall(VerifyTextNotPresentKeyword.groovy:77)
	at com.kms.katalon.core.webui.keyword.builtin.VerifyTextNotPresentKeyword$_verifyTextNotPresent_closure1.call(VerifyTextNotPresentKeyword.groovy)
	at com.kms.katalon.core.webui.keyword.internal.WebUIKeywordMain.runKeyword(WebUIKeywordMain.groovy:20)
	at com.kms.katalon.core.webui.keyword.builtin.VerifyTextNotPresentKeyword.verifyTextNotPresent(VerifyTextNotPresentKeyword.groovy:82)
	at com.kms.katalon.core.webui.keyword.builtin.VerifyTextNotPresentKeyword.execute(VerifyTextNotPresentKeyword.groovy:68)
	at com.kms.katalon.core.keyword.internal.KeywordExecutor.executeKeywordForPlatform(KeywordExecutor.groovy:74)
	at com.kms.katalon.core.webui.keyword.WebUiBuiltInKeywords.verifyTextNotPresent(WebUiBuiltInKeywords.groovy:1795)
	at Выручка по ДЗО отображение данных все филиалы.Test(Выручка по ДЗО отображение данных все филиалы:782)
	at Выручка по ДЗО отображение данных все филиалы.Tumbler(Выручка по ДЗО отображение данных все филиалы:738)
	at Выручка по ДЗО отображение данных все филиалы.Change(Выручка по ДЗО отображение данных все филиалы:772)
	at Выручка по ДЗО отображение данных все филиалы.DzoTest(Выручка по ДЗО отображение данных все филиалы:446)
	at Выручка по ДЗО отображение данных все филиалы.run(Выручка по ДЗО отображение данных все филиалы:134)
	at com.kms.katalon.core.main.ScriptEngine.run(ScriptEngine.java:194)
	at com.kms.katalon.core.main.ScriptEngine.runScriptAsRawText(ScriptEngine.java:119)
	at com.kms.katalon.core.main.TestCaseExecutor.runScript(TestCaseExecutor.java:448)
	at com.kms.katalon.core.main.TestCaseExecutor.doExecute(TestCaseExecutor.java:439)
	at com.kms.katalon.core.main.TestCaseExecutor.processExecutionPhase(TestCaseExecutor.java:418)
	at com.kms.katalon.core.main.TestCaseExecutor.accessMainPhase(TestCaseExecutor.java:410)
	at com.kms.katalon.core.main.TestCaseExecutor.execute(TestCaseExecutor.java:285)
	at com.kms.katalon.core.common.CommonExecutor.accessTestCaseMainPhase(CommonExecutor.java:65)
	at com.kms.katalon.core.main.TestSuiteExecutor.accessTestSuiteMainPhase(TestSuiteExecutor.java:150)
	at com.kms.katalon.core.main.TestSuiteExecutor.execute(TestSuiteExecutor.java:106)
	at com.kms.katalon.core.main.TestCaseMain.startTestSuite(TestCaseMain.java:180)
	at TempTestSuite1733182698305.run(TempTestSuite1733182698305.groovy:35)
	at java.base/jdk.internal.reflect.NativeMethodAccessorImpl.invoke0(Native Method)
	at java.base/jdk.internal.reflect.NativeMethodAccessorImpl.invoke(NativeMethodAccessorImpl.java:77)
	at java.base/jdk.internal.reflect.DelegatingMethodAccessorImpl.invoke(DelegatingMethodAccessorImpl.java:43)
)

03-12-2024T03:00:54 - [TEST_STEP][PASSED] - else: null

03-12-2024T03:00:54 - [TEST_STEP][PASSED] - Script1687405711779.WriteToExcel(todaysDate): null

03-12-2024T03:00:54 - [TEST_STEP][PASSED] - sheetName = "Sheet1": null

03-12-2024T03:00:54 - [TEST_STEP][PASSED] - data = findTestData("PlanFact"): null

03-12-2024T03:00:54 - [TEST_STEP][PASSED] - n = data.getRowNumbers() + 1: null

03-12-2024T03:00:54 - [TEST_STEP][PASSED] - dZO = getText(findTestObject("Выручка по ДЗО/Фильтр ДЗО")): Text of object 'Object Repository/Выручка по ДЗО/Фильтр ДЗО' is: 'ПАО Россети - РаспредКомплекс - Россети Сибирь (ГК) - Омскэнерго'

03-12-2024T03:00:54 - [MESSAGE][PASSED] - Text of object 'Object Repository/Выручка по ДЗО/Фильтр ДЗО' is: 'ПАО Россети - РаспредКомплекс - Россети Сибирь (ГК) - Омскэнерго'

03-12-2024T03:00:54 - [TEST_STEP][PASSED] - period = getText(findTestObject("Выручка по ДЗО/Фильтр Дата")): Text of object 'Object Repository/Выручка по ДЗО/Фильтр Дата' is: '1, 2, 3 кв., Октябрь 2024 года'

03-12-2024T03:00:54 - [MESSAGE][PASSED] - Text of object 'Object Repository/Выручка по ДЗО/Фильтр Дата' is: '1, 2, 3 кв., Октябрь 2024 года'

03-12-2024T03:00:54 - [TEST_STEP][PASSED] - viruchka = getText(findTestObject("Выручка по ДЗО/Фильтр Выручка")): Text of object 'Object Repository/Выручка по ДЗО/Фильтр Выручка' is: 'внутренний оборот'

03-12-2024T03:00:54 - [MESSAGE][PASSED] - Text of object 'Object Repository/Выручка по ДЗО/Фильтр Выручка' is: 'внутренний оборот'

03-12-2024T03:00:54 - [TEST_STEP][PASSED] - if (viruchka == "Выбрано: 2"): null

03-12-2024T03:00:54 - [TEST_STEP][PASSED] - if (viruchka == "Все"): null

03-12-2024T03:00:54 - [TEST_STEP][PASSED] - println(period): null

03-12-2024T03:00:54 - [TEST_STEP][PASSED] - dashboardName = "Выручка по ДЗО": null

03-12-2024T03:00:54 - [TEST_STEP][PASSED] - workbook01 = getWorkbook(excelFilePath): null

03-12-2024T03:00:54 - [TEST_STEP][PASSED] - sheet01 = getExcelSheet(workbook01, sheetName): null

03-12-2024T03:00:54 - [TEST_STEP][PASSED] - setValueToCellByIndex(sheet01, n, 0, dashboardName): null

03-12-2024T03:00:54 - [TEST_STEP][PASSED] - setValueToCellByIndex(sheet01, n, 1, dZO): null

03-12-2024T03:00:54 - [TEST_STEP][PASSED] - setValueToCellByIndex(sheet01, n, 2, period): null

03-12-2024T03:00:54 - [TEST_STEP][PASSED] - setValueToCellByIndex(sheet01, n, 3, viruchka): null

03-12-2024T03:00:54 - [TEST_STEP][PASSED] - setValueToCellByIndex(sheet01, n, 4, todaysDate): null

03-12-2024T03:00:54 - [TEST_STEP][PASSED] - n = n + 1: null

03-12-2024T03:00:54 - [TEST_STEP][PASSED] - saveWorkbook(excelFilePath, workbook01): null

03-12-2024T03:00:55 - [TEST_STEP][PASSED] - click(findTestObject("Выручка по ДЗО/Фильтр Выручка")): Object: 'Object Repository/Выручка по ДЗО/Фильтр Выручка' is clicked on

03-12-2024T03:00:55 - [MESSAGE][PASSED] - Object: 'Object Repository/Выручка по ДЗО/Фильтр Выручка' is clicked on

03-12-2024T03:00:55 - [TEST_STEP][PASSED] - click(findTestObject("Выручка по ДЗО/По передаче в фильтре Выручка")): Object: 'Object Repository/Выручка по ДЗО/По передаче в фильтре Выручка' is clicked on

03-12-2024T03:00:56 - [MESSAGE][PASSED] - Object: 'Object Repository/Выручка по ДЗО/По передаче в фильтре Выручка' is clicked on

03-12-2024T03:00:56 - [TEST_STEP][PASSED] - click(findTestObject("Выручка по ДЗО/Применить в фильтре Выручка")): Object: 'Object Repository/Выручка по ДЗО/Применить в фильтре Выручка' is clicked on

03-12-2024T03:00:56 - [MESSAGE][PASSED] - Object: 'Object Repository/Выручка по ДЗО/Применить в фильтре Выручка' is clicked on

03-12-2024T03:00:56 - [TEST_STEP][PASSED] - Script1687405711779.Test(todaysDate): null

03-12-2024T03:00:56 - [TEST_STEP][PASSED] - if (verifyTextNotPresent("нет данных", false) == true): null

03-12-2024T03:00:58 - [MESSAGE][PASSED] - Text 'нет данных' is not present on page

03-12-2024T03:00:58 - [TEST_STEP][PASSED] - if (verifyTextNotPresent("Ошибка запроса данных", false) == true): null

03-12-2024T03:00:59 - [MESSAGE][PASSED] - Text 'Ошибка запроса данных' is not present on page

03-12-2024T03:00:59 - [TEST_STEP][PASSED] - if (verifyTextNotPresent("Произошла ошибка при выполнении пользовательского кода", false) == true): null

03-12-2024T03:01:00 - [MESSAGE][PASSED] - Text 'Произошла ошибка при выполнении пользовательского кода' is not present on page

03-12-2024T03:01:00 - [TEST_STEP][PASSED] - if (verifyTextNotPresent("У виджета нет данных", false) == true): null

03-12-2024T03:01:00 - [MESSAGE][PASSED] - Text 'У виджета нет данных' is not present on page

03-12-2024T03:01:00 - [TEST_STEP][PASSED] - if (verifyTextNotPresent("У виджета нет данных", false) == true): Text 'У виджета нет данных' is not present on page

03-12-2024T03:01:01 - [MESSAGE][PASSED] - Text 'У виджета нет данных' is not present on page

03-12-2024T03:01:01 - [TEST_STEP][PASSED] - click(findTestObject("Выручка по ДЗО/Фильтр Выручка")): Object: 'Object Repository/Выручка по ДЗО/Фильтр Выручка' is clicked on

03-12-2024T03:01:01 - [MESSAGE][PASSED] - Object: 'Object Repository/Выручка по ДЗО/Фильтр Выручка' is clicked on

03-12-2024T03:01:01 - [TEST_STEP][PASSED] - click(findTestObject("Выручка по ДЗО/Снять выделение в фильтре Выручка")): Object: 'Object Repository/Выручка по ДЗО/Снять выделение в фильтре Выручка' is clicked on

03-12-2024T03:01:02 - [MESSAGE][PASSED] - Object: 'Object Repository/Выручка по ДЗО/Снять выделение в фильтре Выручка' is clicked on

03-12-2024T03:01:02 - [TEST_STEP][PASSED] - click(findTestObject("Выручка по ДЗО/По передаче в фильтре Выручка")): Object: 'Object Repository/Выручка по ДЗО/По передаче в фильтре Выручка' is clicked on

03-12-2024T03:01:02 - [MESSAGE][PASSED] - Object: 'Object Repository/Выручка по ДЗО/По передаче в фильтре Выручка' is clicked on

03-12-2024T03:01:02 - [TEST_STEP][PASSED] - click(findTestObject("Выручка по ДЗО/Применить в фильтре Выручка")): Object: 'Object Repository/Выручка по ДЗО/Применить в фильтре Выручка' is clicked on

03-12-2024T03:01:03 - [MESSAGE][PASSED] - Object: 'Object Repository/Выручка по ДЗО/Применить в фильтре Выручка' is clicked on

03-12-2024T03:01:03 - [TEST_STEP][PASSED] - Script1687405711779.Test(todaysDate): null

03-12-2024T03:01:03 - [TEST_STEP][PASSED] - if (verifyTextNotPresent("нет данных", false) == true): null

03-12-2024T03:01:05 - [MESSAGE][PASSED] - Text 'нет данных' is not present on page

03-12-2024T03:01:05 - [TEST_STEP][PASSED] - if (verifyTextNotPresent("Ошибка запроса данных", false) == true): null

03-12-2024T03:01:05 - [MESSAGE][PASSED] - Text 'Ошибка запроса данных' is not present on page

03-12-2024T03:01:05 - [TEST_STEP][PASSED] - if (verifyTextNotPresent("Произошла ошибка при выполнении пользовательского кода", false) == true): null

03-12-2024T03:01:06 - [MESSAGE][PASSED] - Text 'Произошла ошибка при выполнении пользовательского кода' is not present on page

03-12-2024T03:01:06 - [TEST_STEP][PASSED] - if (verifyTextNotPresent("У виджета нет данных", false) == true): null

03-12-2024T03:01:06 - [MESSAGE][PASSED] - Text 'У виджета нет данных' is not present on page

03-12-2024T03:01:06 - [TEST_STEP][PASSED] - if (verifyTextNotPresent("У виджета нет данных", false) == true): Text 'У виджета нет данных' is not present on page

03-12-2024T03:01:07 - [MESSAGE][PASSED] - Text 'У виджета нет данных' is not present on page

03-12-2024T03:01:07 - [TEST_STEP][PASSED] - click(findTestObject("Выручка по ДЗО/Фильтр Выручка")): Object: 'Object Repository/Выручка по ДЗО/Фильтр Выручка' is clicked on

03-12-2024T03:01:07 - [MESSAGE][PASSED] - Object: 'Object Repository/Выручка по ДЗО/Фильтр Выручка' is clicked on

03-12-2024T03:01:07 - [TEST_STEP][PASSED] - click(findTestObject("Выручка по ДЗО/Снять выделение в фильтре Выручка")): Object: 'Object Repository/Выручка по ДЗО/Снять выделение в фильтре Выручка' is clicked on

03-12-2024T03:01:07 - [MESSAGE][PASSED] - Object: 'Object Repository/Выручка по ДЗО/Снять выделение в фильтре Выручка' is clicked on

03-12-2024T03:01:07 - [TEST_STEP][PASSED] - click(findTestObject("Выручка по ДЗО/Применить в фильтре Выручка")): Object: 'Object Repository/Выручка по ДЗО/Применить в фильтре Выручка' is clicked on

03-12-2024T03:01:08 - [MESSAGE][PASSED] - Object: 'Object Repository/Выручка по ДЗО/Применить в фильтре Выручка' is clicked on

03-12-2024T03:01:08 - [TEST_STEP][PASSED] - click(findTestObject("Выручка по ДЗО/Фильтр ДЗО")): Object: 'Object Repository/Выручка по ДЗО/Фильтр ДЗО' is clicked on

03-12-2024T03:01:10 - [MESSAGE][PASSED] - Object: 'Object Repository/Выручка по ДЗО/Фильтр ДЗО' is clicked on

03-12-2024T03:01:10 - [TEST_STEP][PASSED] - click(findTestObject("Выручка по ДЗО/Снять выделение в фильтре ДЗО")): Object: 'Object Repository/Выручка по ДЗО/Снять выделение в фильтре ДЗО' is clicked on

03-12-2024T03:01:10 - [MESSAGE][PASSED] - Object: 'Object Repository/Выручка по ДЗО/Снять выделение в фильтре ДЗО' is clicked on

03-12-2024T03:01:10 - [TEST_STEP][PASSED] - scrollToElement(findTestObject("Общие объекты/Хакасэнерго"), 30): Scroll to object 'Object Repository/Общие объекты/Хакасэнерго' successfully

03-12-2024T03:01:11 - [MESSAGE][PASSED] - Scroll to object 'Object Repository/Общие объекты/Хакасэнерго' successfully

03-12-2024T03:01:11 - [TEST_STEP][PASSED] - click(findTestObject("Общие объекты/Хакасэнерго"), CONTINUE_ON_FAILURE): Object: 'Object Repository/Общие объекты/Хакасэнерго' is clicked on

03-12-2024T03:01:11 - [MESSAGE][PASSED] - Object: 'Object Repository/Общие объекты/Хакасэнерго' is clicked on

03-12-2024T03:01:11 - [TEST_STEP][PASSED] - Script1687405711779.Change(todaysDate): null

03-12-2024T03:01:11 - [TEST_STEP][PASSED] - scrollToElement(findTestObject("Выручка по ДЗО/Заголовок дашборда"), 30): Scroll to object 'Object Repository/Выручка по ДЗО/Заголовок дашборда' successfully

03-12-2024T03:01:12 - [MESSAGE][PASSED] - Scroll to object 'Object Repository/Выручка по ДЗО/Заголовок дашборда' successfully

03-12-2024T03:01:12 - [TEST_STEP][PASSED] - click(findTestObject("Выручка по ДЗО/Применить в фильтре ДЗО")): Object: 'Object Repository/Выручка по ДЗО/Применить в фильтре ДЗО' is clicked on

03-12-2024T03:01:12 - [MESSAGE][PASSED] - Object: 'Object Repository/Выручка по ДЗО/Применить в фильтре ДЗО' is clicked on

03-12-2024T03:01:12 - [TEST_STEP][PASSED] - Script1687405711779.Tumbler(todaysDate): null

03-12-2024T03:01:12 - [TEST_STEP][PASSED] - Script1687405711779.Test(todaysDate): null

03-12-2024T03:01:12 - [TEST_STEP][PASSED] - if (verifyTextNotPresent("нет данных", false) == true): null

03-12-2024T03:01:14 - [MESSAGE][PASSED] - Text 'нет данных' is not present on page

03-12-2024T03:01:14 - [TEST_STEP][PASSED] - if (verifyTextNotPresent("Ошибка запроса данных", false) == true): null

03-12-2024T03:01:15 - [MESSAGE][PASSED] - Text 'Ошибка запроса данных' is not present on page

03-12-2024T03:01:15 - [TEST_STEP][PASSED] - if (verifyTextNotPresent("Произошла ошибка при выполнении пользовательского кода", false) == true): null

03-12-2024T03:01:16 - [MESSAGE][PASSED] - Text 'Произошла ошибка при выполнении пользовательского кода' is not present on page

03-12-2024T03:01:16 - [TEST_STEP][PASSED] - if (verifyTextNotPresent("У виджета нет данных", false) == true): null

03-12-2024T03:01:17 - [MESSAGE][PASSED] - Text 'У виджета нет данных' is not present on page

03-12-2024T03:01:17 - [TEST_STEP][PASSED] - if (verifyTextNotPresent("У виджета нет данных", false) == true): Text 'У виджета нет данных' is not present on page

03-12-2024T03:01:17 - [MESSAGE][PASSED] - Text 'У виджета нет данных' is not present on page

03-12-2024T03:01:17 - [TEST_STEP][PASSED] - click(findTestObject("Выручка по ДЗО/Фильтр Выручка")): Object: 'Object Repository/Выручка по ДЗО/Фильтр Выручка' is clicked on

03-12-2024T03:01:17 - [MESSAGE][PASSED] - Object: 'Object Repository/Выручка по ДЗО/Фильтр Выручка' is clicked on

03-12-2024T03:01:17 - [TEST_STEP][PASSED] - click(findTestObject("Выручка по ДЗО/Внутренний оборот в фильтре Выручка")): Object: 'Object Repository/Выручка по ДЗО/Внутренний оборот в фильтре Выручка' is clicked on

03-12-2024T03:01:18 - [MESSAGE][PASSED] - Object: 'Object Repository/Выручка по ДЗО/Внутренний оборот в фильтре Выручка' is clicked on

03-12-2024T03:01:18 - [TEST_STEP][PASSED] - click(findTestObject("Выручка по ДЗО/Применить в фильтре Выручка")): Object: 'Object Repository/Выручка по ДЗО/Применить в фильтре Выручка' is clicked on

03-12-2024T03:01:19 - [MESSAGE][PASSED] - Object: 'Object Repository/Выручка по ДЗО/Применить в фильтре Выручка' is clicked on

03-12-2024T03:01:19 - [TEST_STEP][PASSED] - Script1687405711779.Test(todaysDate): null

03-12-2024T03:01:19 - [TEST_STEP][FAILED] - if (verifyTextNotPresent("нет данных", false) == true): Text 'нет данных' is present on page  (Root cause: com.kms.katalon.core.exception.StepFailedException: Text 'нет данных' is present on page 
	at com.kms.katalon.core.webui.keyword.internal.WebUIKeywordMain.stepFailed(WebUIKeywordMain.groovy:64)
	at com.kms.katalon.core.webui.keyword.builtin.VerifyTextNotPresentKeyword$_verifyTextNotPresent_closure1.doCall(VerifyTextNotPresentKeyword.groovy:77)
	at com.kms.katalon.core.webui.keyword.builtin.VerifyTextNotPresentKeyword$_verifyTextNotPresent_closure1.call(VerifyTextNotPresentKeyword.groovy)
	at com.kms.katalon.core.webui.keyword.internal.WebUIKeywordMain.runKeyword(WebUIKeywordMain.groovy:20)
	at com.kms.katalon.core.webui.keyword.builtin.VerifyTextNotPresentKeyword.verifyTextNotPresent(VerifyTextNotPresentKeyword.groovy:82)
	at com.kms.katalon.core.webui.keyword.builtin.VerifyTextNotPresentKeyword.execute(VerifyTextNotPresentKeyword.groovy:68)
	at com.kms.katalon.core.keyword.internal.KeywordExecutor.executeKeywordForPlatform(KeywordExecutor.groovy:74)
	at com.kms.katalon.core.webui.keyword.WebUiBuiltInKeywords.verifyTextNotPresent(WebUiBuiltInKeywords.groovy:1795)
	at Выручка по ДЗО отображение данных все филиалы.Test(Выручка по ДЗО отображение данных все филиалы:782)
	at Выручка по ДЗО отображение данных все филиалы.Tumbler(Выручка по ДЗО отображение данных все филиалы:738)
	at Выручка по ДЗО отображение данных все филиалы.Change(Выручка по ДЗО отображение данных все филиалы:772)
	at Выручка по ДЗО отображение данных все филиалы.DzoTest(Выручка по ДЗО отображение данных все филиалы:452)
	at Выручка по ДЗО отображение данных все филиалы.run(Выручка по ДЗО отображение данных все филиалы:134)
	at com.kms.katalon.core.main.ScriptEngine.run(ScriptEngine.java:194)
	at com.kms.katalon.core.main.ScriptEngine.runScriptAsRawText(ScriptEngine.java:119)
	at com.kms.katalon.core.main.TestCaseExecutor.runScript(TestCaseExecutor.java:448)
	at com.kms.katalon.core.main.TestCaseExecutor.doExecute(TestCaseExecutor.java:439)
	at com.kms.katalon.core.main.TestCaseExecutor.processExecutionPhase(TestCaseExecutor.java:418)
	at com.kms.katalon.core.main.TestCaseExecutor.accessMainPhase(TestCaseExecutor.java:410)
	at com.kms.katalon.core.main.TestCaseExecutor.execute(TestCaseExecutor.java:285)
	at com.kms.katalon.core.common.CommonExecutor.accessTestCaseMainPhase(CommonExecutor.java:65)
	at com.kms.katalon.core.main.TestSuiteExecutor.accessTestSuiteMainPhase(TestSuiteExecutor.java:150)
	at com.kms.katalon.core.main.TestSuiteExecutor.execute(TestSuiteExecutor.java:106)
	at com.kms.katalon.core.main.TestCaseMain.startTestSuite(TestCaseMain.java:180)
	at TempTestSuite1733182698305.run(TempTestSuite1733182698305.groovy:35)
	at java.base/jdk.internal.reflect.NativeMethodAccessorImpl.invoke0(Native Method)
	at java.base/jdk.internal.reflect.NativeMethodAccessorImpl.invoke(NativeMethodAccessorImpl.java:77)
	at java.base/jdk.internal.reflect.DelegatingMethodAccessorImpl.invoke(DelegatingMethodAccessorImpl.java:43)
)

03-12-2024T03:01:21 - [MESSAGE][FAILED] - Text 'нет данных' is present on page  (Root cause: com.kms.katalon.core.exception.StepFailedException: Text 'нет данных' is present on page 
	at com.kms.katalon.core.webui.keyword.internal.WebUIKeywordMain.stepFailed(WebUIKeywordMain.groovy:64)
	at com.kms.katalon.core.webui.keyword.builtin.VerifyTextNotPresentKeyword$_verifyTextNotPresent_closure1.doCall(VerifyTextNotPresentKeyword.groovy:77)
	at com.kms.katalon.core.webui.keyword.builtin.VerifyTextNotPresentKeyword$_verifyTextNotPresent_closure1.call(VerifyTextNotPresentKeyword.groovy)
	at com.kms.katalon.core.webui.keyword.internal.WebUIKeywordMain.runKeyword(WebUIKeywordMain.groovy:20)
	at com.kms.katalon.core.webui.keyword.builtin.VerifyTextNotPresentKeyword.verifyTextNotPresent(VerifyTextNotPresentKeyword.groovy:82)
	at com.kms.katalon.core.webui.keyword.builtin.VerifyTextNotPresentKeyword.execute(VerifyTextNotPresentKeyword.groovy:68)
	at com.kms.katalon.core.keyword.internal.KeywordExecutor.executeKeywordForPlatform(KeywordExecutor.groovy:74)
	at com.kms.katalon.core.webui.keyword.WebUiBuiltInKeywords.verifyTextNotPresent(WebUiBuiltInKeywords.groovy:1795)
	at Выручка по ДЗО отображение данных все филиалы.Test(Выручка по ДЗО отображение данных все филиалы:782)
	at Выручка по ДЗО отображение данных все филиалы.Tumbler(Выручка по ДЗО отображение данных все филиалы:738)
	at Выручка по ДЗО отображение данных все филиалы.Change(Выручка по ДЗО отображение данных все филиалы:772)
	at Выручка по ДЗО отображение данных все филиалы.DzoTest(Выручка по ДЗО отображение данных все филиалы:452)
	at Выручка по ДЗО отображение данных все филиалы.run(Выручка по ДЗО отображение данных все филиалы:134)
	at com.kms.katalon.core.main.ScriptEngine.run(ScriptEngine.java:194)
	at com.kms.katalon.core.main.ScriptEngine.runScriptAsRawText(ScriptEngine.java:119)
	at com.kms.katalon.core.main.TestCaseExecutor.runScript(TestCaseExecutor.java:448)
	at com.kms.katalon.core.main.TestCaseExecutor.doExecute(TestCaseExecutor.java:439)
	at com.kms.katalon.core.main.TestCaseExecutor.processExecutionPhase(TestCaseExecutor.java:418)
	at com.kms.katalon.core.main.TestCaseExecutor.accessMainPhase(TestCaseExecutor.java:410)
	at com.kms.katalon.core.main.TestCaseExecutor.execute(TestCaseExecutor.java:285)
	at com.kms.katalon.core.common.CommonExecutor.accessTestCaseMainPhase(CommonExecutor.java:65)
	at com.kms.katalon.core.main.TestSuiteExecutor.accessTestSuiteMainPhase(TestSuiteExecutor.java:150)
	at com.kms.katalon.core.main.TestSuiteExecutor.execute(TestSuiteExecutor.java:106)
	at com.kms.katalon.core.main.TestCaseMain.startTestSuite(TestCaseMain.java:180)
	at TempTestSuite1733182698305.run(TempTestSuite1733182698305.groovy:35)
	at java.base/jdk.internal.reflect.NativeMethodAccessorImpl.invoke0(Native Method)
	at java.base/jdk.internal.reflect.NativeMethodAccessorImpl.invoke(NativeMethodAccessorImpl.java:77)
	at java.base/jdk.internal.reflect.DelegatingMethodAccessorImpl.invoke(DelegatingMethodAccessorImpl.java:43)
)

03-12-2024T03:01:21 - [TEST_STEP][PASSED] - else: null

03-12-2024T03:01:21 - [TEST_STEP][PASSED] - Script1687405711779.WriteToExcel(todaysDate): null

03-12-2024T03:01:21 - [TEST_STEP][PASSED] - sheetName = "Sheet1": null

03-12-2024T03:01:21 - [TEST_STEP][PASSED] - data = findTestData("PlanFact"): null

03-12-2024T03:01:21 - [TEST_STEP][PASSED] - n = data.getRowNumbers() + 1: null

03-12-2024T03:01:21 - [TEST_STEP][PASSED] - dZO = getText(findTestObject("Выручка по ДЗО/Фильтр ДЗО")): Text of object 'Object Repository/Выручка по ДЗО/Фильтр ДЗО' is: 'ПАО Россети - РаспредКомплекс - Россети Сибирь (ГК) - Хакасэнерго'

03-12-2024T03:01:21 - [MESSAGE][PASSED] - Text of object 'Object Repository/Выручка по ДЗО/Фильтр ДЗО' is: 'ПАО Россети - РаспредКомплекс - Россети Сибирь (ГК) - Хакасэнерго'

03-12-2024T03:01:21 - [TEST_STEP][PASSED] - period = getText(findTestObject("Выручка по ДЗО/Фильтр Дата")): Text of object 'Object Repository/Выручка по ДЗО/Фильтр Дата' is: '1, 2, 3 кв., Октябрь 2024 года'

03-12-2024T03:01:21 - [MESSAGE][PASSED] - Text of object 'Object Repository/Выручка по ДЗО/Фильтр Дата' is: '1, 2, 3 кв., Октябрь 2024 года'

03-12-2024T03:01:21 - [TEST_STEP][PASSED] - viruchka = getText(findTestObject("Выручка по ДЗО/Фильтр Выручка")): Text of object 'Object Repository/Выручка по ДЗО/Фильтр Выручка' is: 'внутренний оборот'

03-12-2024T03:01:21 - [MESSAGE][PASSED] - Text of object 'Object Repository/Выручка по ДЗО/Фильтр Выручка' is: 'внутренний оборот'

03-12-2024T03:01:21 - [TEST_STEP][PASSED] - if (viruchka == "Выбрано: 2"): null

03-12-2024T03:01:21 - [TEST_STEP][PASSED] - if (viruchka == "Все"): null

03-12-2024T03:01:21 - [TEST_STEP][PASSED] - println(period): null

03-12-2024T03:01:21 - [TEST_STEP][PASSED] - dashboardName = "Выручка по ДЗО": null

03-12-2024T03:01:21 - [TEST_STEP][PASSED] - workbook01 = getWorkbook(excelFilePath): null

03-12-2024T03:01:22 - [TEST_STEP][PASSED] - sheet01 = getExcelSheet(workbook01, sheetName): null

03-12-2024T03:01:22 - [TEST_STEP][PASSED] - setValueToCellByIndex(sheet01, n, 0, dashboardName): null

03-12-2024T03:01:22 - [TEST_STEP][PASSED] - setValueToCellByIndex(sheet01, n, 1, dZO): null

03-12-2024T03:01:22 - [TEST_STEP][PASSED] - setValueToCellByIndex(sheet01, n, 2, period): null

03-12-2024T03:01:22 - [TEST_STEP][PASSED] - setValueToCellByIndex(sheet01, n, 3, viruchka): null

03-12-2024T03:01:22 - [TEST_STEP][PASSED] - setValueToCellByIndex(sheet01, n, 4, todaysDate): null

03-12-2024T03:01:22 - [TEST_STEP][PASSED] - n = n + 1: null

03-12-2024T03:01:22 - [TEST_STEP][PASSED] - saveWorkbook(excelFilePath, workbook01): null

03-12-2024T03:01:22 - [TEST_STEP][PASSED] - click(findTestObject("Выручка по ДЗО/Фильтр Выручка")): Object: 'Object Repository/Выручка по ДЗО/Фильтр Выручка' is clicked on

03-12-2024T03:01:22 - [MESSAGE][PASSED] - Object: 'Object Repository/Выручка по ДЗО/Фильтр Выручка' is clicked on

03-12-2024T03:01:22 - [TEST_STEP][PASSED] - click(findTestObject("Выручка по ДЗО/По передаче в фильтре Выручка")): Object: 'Object Repository/Выручка по ДЗО/По передаче в фильтре Выручка' is clicked on

03-12-2024T03:01:23 - [MESSAGE][PASSED] - Object: 'Object Repository/Выручка по ДЗО/По передаче в фильтре Выручка' is clicked on

03-12-2024T03:01:23 - [TEST_STEP][PASSED] - click(findTestObject("Выручка по ДЗО/Применить в фильтре Выручка")): Object: 'Object Repository/Выручка по ДЗО/Применить в фильтре Выручка' is clicked on

03-12-2024T03:01:23 - [MESSAGE][PASSED] - Object: 'Object Repository/Выручка по ДЗО/Применить в фильтре Выручка' is clicked on

03-12-2024T03:01:23 - [TEST_STEP][PASSED] - Script1687405711779.Test(todaysDate): null

03-12-2024T03:01:23 - [TEST_STEP][PASSED] - if (verifyTextNotPresent("нет данных", false) == true): null

03-12-2024T03:01:26 - [MESSAGE][PASSED] - Text 'нет данных' is not present on page

03-12-2024T03:01:26 - [TEST_STEP][PASSED] - if (verifyTextNotPresent("Ошибка запроса данных", false) == true): null

03-12-2024T03:01:27 - [MESSAGE][PASSED] - Text 'Ошибка запроса данных' is not present on page

03-12-2024T03:01:27 - [TEST_STEP][PASSED] - if (verifyTextNotPresent("Произошла ошибка при выполнении пользовательского кода", false) == true): null

03-12-2024T03:01:28 - [MESSAGE][PASSED] - Text 'Произошла ошибка при выполнении пользовательского кода' is not present on page

03-12-2024T03:01:28 - [TEST_STEP][PASSED] - if (verifyTextNotPresent("У виджета нет данных", false) == true): null

03-12-2024T03:01:28 - [MESSAGE][PASSED] - Text 'У виджета нет данных' is not present on page

03-12-2024T03:01:28 - [TEST_STEP][PASSED] - if (verifyTextNotPresent("У виджета нет данных", false) == true): Text 'У виджета нет данных' is not present on page

03-12-2024T03:01:29 - [MESSAGE][PASSED] - Text 'У виджета нет данных' is not present on page

03-12-2024T03:01:29 - [TEST_STEP][PASSED] - click(findTestObject("Выручка по ДЗО/Фильтр Выручка")): Object: 'Object Repository/Выручка по ДЗО/Фильтр Выручка' is clicked on

03-12-2024T03:01:29 - [MESSAGE][PASSED] - Object: 'Object Repository/Выручка по ДЗО/Фильтр Выручка' is clicked on

03-12-2024T03:01:29 - [TEST_STEP][PASSED] - click(findTestObject("Выручка по ДЗО/Снять выделение в фильтре Выручка")): Object: 'Object Repository/Выручка по ДЗО/Снять выделение в фильтре Выручка' is clicked on

03-12-2024T03:01:30 - [MESSAGE][PASSED] - Object: 'Object Repository/Выручка по ДЗО/Снять выделение в фильтре Выручка' is clicked on

03-12-2024T03:01:30 - [TEST_STEP][PASSED] - click(findTestObject("Выручка по ДЗО/По передаче в фильтре Выручка")): Object: 'Object Repository/Выручка по ДЗО/По передаче в фильтре Выручка' is clicked on

03-12-2024T03:01:30 - [MESSAGE][PASSED] - Object: 'Object Repository/Выручка по ДЗО/По передаче в фильтре Выручка' is clicked on

03-12-2024T03:01:30 - [TEST_STEP][PASSED] - click(findTestObject("Выручка по ДЗО/Применить в фильтре Выручка")): Object: 'Object Repository/Выручка по ДЗО/Применить в фильтре Выручка' is clicked on

03-12-2024T03:01:31 - [MESSAGE][PASSED] - Object: 'Object Repository/Выручка по ДЗО/Применить в фильтре Выручка' is clicked on

03-12-2024T03:01:31 - [TEST_STEP][PASSED] - Script1687405711779.Test(todaysDate): null

03-12-2024T03:01:31 - [TEST_STEP][PASSED] - if (verifyTextNotPresent("нет данных", false) == true): null

03-12-2024T03:01:34 - [MESSAGE][PASSED] - Text 'нет данных' is not present on page

03-12-2024T03:01:34 - [TEST_STEP][PASSED] - if (verifyTextNotPresent("Ошибка запроса данных", false) == true): null

03-12-2024T03:01:34 - [MESSAGE][PASSED] - Text 'Ошибка запроса данных' is not present on page

03-12-2024T03:01:34 - [TEST_STEP][PASSED] - if (verifyTextNotPresent("Произошла ошибка при выполнении пользовательского кода", false) == true): null

03-12-2024T03:01:35 - [MESSAGE][PASSED] - Text 'Произошла ошибка при выполнении пользовательского кода' is not present on page

03-12-2024T03:01:35 - [TEST_STEP][PASSED] - if (verifyTextNotPresent("У виджета нет данных", false) == true): null

03-12-2024T03:01:35 - [MESSAGE][PASSED] - Text 'У виджета нет данных' is not present on page

03-12-2024T03:01:35 - [TEST_STEP][PASSED] - if (verifyTextNotPresent("У виджета нет данных", false) == true): Text 'У виджета нет данных' is not present on page

03-12-2024T03:01:36 - [MESSAGE][PASSED] - Text 'У виджета нет данных' is not present on page

03-12-2024T03:01:36 - [TEST_STEP][PASSED] - click(findTestObject("Выручка по ДЗО/Фильтр Выручка")): Object: 'Object Repository/Выручка по ДЗО/Фильтр Выручка' is clicked on

03-12-2024T03:01:36 - [MESSAGE][PASSED] - Object: 'Object Repository/Выручка по ДЗО/Фильтр Выручка' is clicked on

03-12-2024T03:01:36 - [TEST_STEP][PASSED] - click(findTestObject("Выручка по ДЗО/Снять выделение в фильтре Выручка")): Object: 'Object Repository/Выручка по ДЗО/Снять выделение в фильтре Выручка' is clicked on

03-12-2024T03:01:36 - [MESSAGE][PASSED] - Object: 'Object Repository/Выручка по ДЗО/Снять выделение в фильтре Выручка' is clicked on

03-12-2024T03:01:36 - [TEST_STEP][PASSED] - click(findTestObject("Выручка по ДЗО/Применить в фильтре Выручка")): Object: 'Object Repository/Выручка по ДЗО/Применить в фильтре Выручка' is clicked on

03-12-2024T03:01:37 - [MESSAGE][PASSED] - Object: 'Object Repository/Выручка по ДЗО/Применить в фильтре Выручка' is clicked on

03-12-2024T03:01:37 - [TEST_STEP][PASSED] - click(findTestObject("Выручка по ДЗО/Фильтр ДЗО")): Object: 'Object Repository/Выручка по ДЗО/Фильтр ДЗО' is clicked on

03-12-2024T03:01:40 - [MESSAGE][PASSED] - Object: 'Object Repository/Выручка по ДЗО/Фильтр ДЗО' is clicked on

03-12-2024T03:01:40 - [TEST_STEP][PASSED] - click(findTestObject("Выручка по ДЗО/Снять выделение в фильтре ДЗО")): Object: 'Object Repository/Выручка по ДЗО/Снять выделение в фильтре ДЗО' is clicked on

03-12-2024T03:01:41 - [MESSAGE][PASSED] - Object: 'Object Repository/Выручка по ДЗО/Снять выделение в фильтре ДЗО' is clicked on

03-12-2024T03:01:41 - [TEST_STEP][PASSED] - scrollToElement(findTestObject("Общие объекты/Читаэнерго"), 30): Scroll to object 'Object Repository/Общие объекты/Читаэнерго' successfully

03-12-2024T03:01:41 - [MESSAGE][PASSED] - Scroll to object 'Object Repository/Общие объекты/Читаэнерго' successfully

03-12-2024T03:01:41 - [TEST_STEP][PASSED] - click(findTestObject("Общие объекты/Читаэнерго"), CONTINUE_ON_FAILURE): Object: 'Object Repository/Общие объекты/Читаэнерго' is clicked on

03-12-2024T03:01:41 - [MESSAGE][PASSED] - Object: 'Object Repository/Общие объекты/Читаэнерго' is clicked on

03-12-2024T03:01:41 - [TEST_STEP][PASSED] - Script1687405711779.Change(todaysDate): null

03-12-2024T03:01:41 - [TEST_STEP][PASSED] - scrollToElement(findTestObject("Выручка по ДЗО/Заголовок дашборда"), 30): Scroll to object 'Object Repository/Выручка по ДЗО/Заголовок дашборда' successfully

03-12-2024T03:01:42 - [MESSAGE][PASSED] - Scroll to object 'Object Repository/Выручка по ДЗО/Заголовок дашборда' successfully

03-12-2024T03:01:42 - [TEST_STEP][PASSED] - click(findTestObject("Выручка по ДЗО/Применить в фильтре ДЗО")): Object: 'Object Repository/Выручка по ДЗО/Применить в фильтре ДЗО' is clicked on

03-12-2024T03:01:42 - [MESSAGE][PASSED] - Object: 'Object Repository/Выручка по ДЗО/Применить в фильтре ДЗО' is clicked on

03-12-2024T03:01:42 - [TEST_STEP][PASSED] - Script1687405711779.Tumbler(todaysDate): null

03-12-2024T03:01:42 - [TEST_STEP][PASSED] - Script1687405711779.Test(todaysDate): null

03-12-2024T03:01:42 - [TEST_STEP][PASSED] - if (verifyTextNotPresent("нет данных", false) == true): null

03-12-2024T03:01:46 - [MESSAGE][PASSED] - Text 'нет данных' is not present on page

03-12-2024T03:01:46 - [TEST_STEP][PASSED] - if (verifyTextNotPresent("Ошибка запроса данных", false) == true): null

03-12-2024T03:01:46 - [MESSAGE][PASSED] - Text 'Ошибка запроса данных' is not present on page

03-12-2024T03:01:46 - [TEST_STEP][PASSED] - if (verifyTextNotPresent("Произошла ошибка при выполнении пользовательского кода", false) == true): null

03-12-2024T03:01:47 - [MESSAGE][PASSED] - Text 'Произошла ошибка при выполнении пользовательского кода' is not present on page

03-12-2024T03:01:47 - [TEST_STEP][PASSED] - if (verifyTextNotPresent("У виджета нет данных", false) == true): null

03-12-2024T03:01:47 - [MESSAGE][PASSED] - Text 'У виджета нет данных' is not present on page

03-12-2024T03:01:47 - [TEST_STEP][PASSED] - if (verifyTextNotPresent("У виджета нет данных", false) == true): Text 'У виджета нет данных' is not present on page

03-12-2024T03:01:48 - [MESSAGE][PASSED] - Text 'У виджета нет данных' is not present on page

03-12-2024T03:01:48 - [TEST_STEP][PASSED] - click(findTestObject("Выручка по ДЗО/Фильтр Выручка")): Object: 'Object Repository/Выручка по ДЗО/Фильтр Выручка' is clicked on

03-12-2024T03:01:48 - [MESSAGE][PASSED] - Object: 'Object Repository/Выручка по ДЗО/Фильтр Выручка' is clicked on

03-12-2024T03:01:48 - [TEST_STEP][PASSED] - click(findTestObject("Выручка по ДЗО/Внутренний оборот в фильтре Выручка")): Object: 'Object Repository/Выручка по ДЗО/Внутренний оборот в фильтре Выручка' is clicked on

03-12-2024T03:01:49 - [MESSAGE][PASSED] - Object: 'Object Repository/Выручка по ДЗО/Внутренний оборот в фильтре Выручка' is clicked on

03-12-2024T03:01:49 - [TEST_STEP][PASSED] - click(findTestObject("Выручка по ДЗО/Применить в фильтре Выручка")): Object: 'Object Repository/Выручка по ДЗО/Применить в фильтре Выручка' is clicked on

03-12-2024T03:01:49 - [MESSAGE][PASSED] - Object: 'Object Repository/Выручка по ДЗО/Применить в фильтре Выручка' is clicked on

03-12-2024T03:01:49 - [TEST_STEP][PASSED] - Script1687405711779.Test(todaysDate): null

03-12-2024T03:01:49 - [TEST_STEP][FAILED] - if (verifyTextNotPresent("нет данных", false) == true): Text 'нет данных' is present on page  (Root cause: com.kms.katalon.core.exception.StepFailedException: Text 'нет данных' is present on page 
	at com.kms.katalon.core.webui.keyword.internal.WebUIKeywordMain.stepFailed(WebUIKeywordMain.groovy:64)
	at com.kms.katalon.core.webui.keyword.builtin.VerifyTextNotPresentKeyword$_verifyTextNotPresent_closure1.doCall(VerifyTextNotPresentKeyword.groovy:77)
	at com.kms.katalon.core.webui.keyword.builtin.VerifyTextNotPresentKeyword$_verifyTextNotPresent_closure1.call(VerifyTextNotPresentKeyword.groovy)
	at com.kms.katalon.core.webui.keyword.internal.WebUIKeywordMain.runKeyword(WebUIKeywordMain.groovy:20)
	at com.kms.katalon.core.webui.keyword.builtin.VerifyTextNotPresentKeyword.verifyTextNotPresent(VerifyTextNotPresentKeyword.groovy:82)
	at com.kms.katalon.core.webui.keyword.builtin.VerifyTextNotPresentKeyword.execute(VerifyTextNotPresentKeyword.groovy:68)
	at com.kms.katalon.core.keyword.internal.KeywordExecutor.executeKeywordForPlatform(KeywordExecutor.groovy:74)
	at com.kms.katalon.core.webui.keyword.WebUiBuiltInKeywords.verifyTextNotPresent(WebUiBuiltInKeywords.groovy:1795)
	at Выручка по ДЗО отображение данных все филиалы.Test(Выручка по ДЗО отображение данных все филиалы:782)
	at Выручка по ДЗО отображение данных все филиалы.Tumbler(Выручка по ДЗО отображение данных все филиалы:738)
	at Выручка по ДЗО отображение данных все филиалы.Change(Выручка по ДЗО отображение данных все филиалы:772)
	at Выручка по ДЗО отображение данных все филиалы.DzoTest(Выручка по ДЗО отображение данных все филиалы:458)
	at Выручка по ДЗО отображение данных все филиалы.run(Выручка по ДЗО отображение данных все филиалы:134)
	at com.kms.katalon.core.main.ScriptEngine.run(ScriptEngine.java:194)
	at com.kms.katalon.core.main.ScriptEngine.runScriptAsRawText(ScriptEngine.java:119)
	at com.kms.katalon.core.main.TestCaseExecutor.runScript(TestCaseExecutor.java:448)
	at com.kms.katalon.core.main.TestCaseExecutor.doExecute(TestCaseExecutor.java:439)
	at com.kms.katalon.core.main.TestCaseExecutor.processExecutionPhase(TestCaseExecutor.java:418)
	at com.kms.katalon.core.main.TestCaseExecutor.accessMainPhase(TestCaseExecutor.java:410)
	at com.kms.katalon.core.main.TestCaseExecutor.execute(TestCaseExecutor.java:285)
	at com.kms.katalon.core.common.CommonExecutor.accessTestCaseMainPhase(CommonExecutor.java:65)
	at com.kms.katalon.core.main.TestSuiteExecutor.accessTestSuiteMainPhase(TestSuiteExecutor.java:150)
	at com.kms.katalon.core.main.TestSuiteExecutor.execute(TestSuiteExecutor.java:106)
	at com.kms.katalon.core.main.TestCaseMain.startTestSuite(TestCaseMain.java:180)
	at TempTestSuite1733182698305.run(TempTestSuite1733182698305.groovy:35)
	at java.base/jdk.internal.reflect.NativeMethodAccessorImpl.invoke0(Native Method)
	at java.base/jdk.internal.reflect.NativeMethodAccessorImpl.invoke(NativeMethodAccessorImpl.java:77)
	at java.base/jdk.internal.reflect.DelegatingMethodAccessorImpl.invoke(DelegatingMethodAccessorImpl.java:43)
)

03-12-2024T03:01:51 - [MESSAGE][FAILED] - Text 'нет данных' is present on page  (Root cause: com.kms.katalon.core.exception.StepFailedException: Text 'нет данных' is present on page 
	at com.kms.katalon.core.webui.keyword.internal.WebUIKeywordMain.stepFailed(WebUIKeywordMain.groovy:64)
	at com.kms.katalon.core.webui.keyword.builtin.VerifyTextNotPresentKeyword$_verifyTextNotPresent_closure1.doCall(VerifyTextNotPresentKeyword.groovy:77)
	at com.kms.katalon.core.webui.keyword.builtin.VerifyTextNotPresentKeyword$_verifyTextNotPresent_closure1.call(VerifyTextNotPresentKeyword.groovy)
	at com.kms.katalon.core.webui.keyword.internal.WebUIKeywordMain.runKeyword(WebUIKeywordMain.groovy:20)
	at com.kms.katalon.core.webui.keyword.builtin.VerifyTextNotPresentKeyword.verifyTextNotPresent(VerifyTextNotPresentKeyword.groovy:82)
	at com.kms.katalon.core.webui.keyword.builtin.VerifyTextNotPresentKeyword.execute(VerifyTextNotPresentKeyword.groovy:68)
	at com.kms.katalon.core.keyword.internal.KeywordExecutor.executeKeywordForPlatform(KeywordExecutor.groovy:74)
	at com.kms.katalon.core.webui.keyword.WebUiBuiltInKeywords.verifyTextNotPresent(WebUiBuiltInKeywords.groovy:1795)
	at Выручка по ДЗО отображение данных все филиалы.Test(Выручка по ДЗО отображение данных все филиалы:782)
	at Выручка по ДЗО отображение данных все филиалы.Tumbler(Выручка по ДЗО отображение данных все филиалы:738)
	at Выручка по ДЗО отображение данных все филиалы.Change(Выручка по ДЗО отображение данных все филиалы:772)
	at Выручка по ДЗО отображение данных все филиалы.DzoTest(Выручка по ДЗО отображение данных все филиалы:458)
	at Выручка по ДЗО отображение данных все филиалы.run(Выручка по ДЗО отображение данных все филиалы:134)
	at com.kms.katalon.core.main.ScriptEngine.run(ScriptEngine.java:194)
	at com.kms.katalon.core.main.ScriptEngine.runScriptAsRawText(ScriptEngine.java:119)
	at com.kms.katalon.core.main.TestCaseExecutor.runScript(TestCaseExecutor.java:448)
	at com.kms.katalon.core.main.TestCaseExecutor.doExecute(TestCaseExecutor.java:439)
	at com.kms.katalon.core.main.TestCaseExecutor.processExecutionPhase(TestCaseExecutor.java:418)
	at com.kms.katalon.core.main.TestCaseExecutor.accessMainPhase(TestCaseExecutor.java:410)
	at com.kms.katalon.core.main.TestCaseExecutor.execute(TestCaseExecutor.java:285)
	at com.kms.katalon.core.common.CommonExecutor.accessTestCaseMainPhase(CommonExecutor.java:65)
	at com.kms.katalon.core.main.TestSuiteExecutor.accessTestSuiteMainPhase(TestSuiteExecutor.java:150)
	at com.kms.katalon.core.main.TestSuiteExecutor.execute(TestSuiteExecutor.java:106)
	at com.kms.katalon.core.main.TestCaseMain.startTestSuite(TestCaseMain.java:180)
	at TempTestSuite1733182698305.run(TempTestSuite1733182698305.groovy:35)
	at java.base/jdk.internal.reflect.NativeMethodAccessorImpl.invoke0(Native Method)
	at java.base/jdk.internal.reflect.NativeMethodAccessorImpl.invoke(NativeMethodAccessorImpl.java:77)
	at java.base/jdk.internal.reflect.DelegatingMethodAccessorImpl.invoke(DelegatingMethodAccessorImpl.java:43)
)

03-12-2024T03:01:51 - [TEST_STEP][PASSED] - else: null

03-12-2024T03:01:51 - [TEST_STEP][PASSED] - Script1687405711779.WriteToExcel(todaysDate): null

03-12-2024T03:01:51 - [TEST_STEP][PASSED] - sheetName = "Sheet1": null

03-12-2024T03:01:51 - [TEST_STEP][PASSED] - data = findTestData("PlanFact"): null

03-12-2024T03:01:51 - [TEST_STEP][PASSED] - n = data.getRowNumbers() + 1: null

03-12-2024T03:01:51 - [TEST_STEP][PASSED] - dZO = getText(findTestObject("Выручка по ДЗО/Фильтр ДЗО")): Text of object 'Object Repository/Выручка по ДЗО/Фильтр ДЗО' is: 'ПАО Россети - РаспредКомплекс - Россети Сибирь (ГК) - Читаэнерго'

03-12-2024T03:01:52 - [MESSAGE][PASSED] - Text of object 'Object Repository/Выручка по ДЗО/Фильтр ДЗО' is: 'ПАО Россети - РаспредКомплекс - Россети Сибирь (ГК) - Читаэнерго'

03-12-2024T03:01:52 - [TEST_STEP][PASSED] - period = getText(findTestObject("Выручка по ДЗО/Фильтр Дата")): Text of object 'Object Repository/Выручка по ДЗО/Фильтр Дата' is: '1, 2, 3 кв., Октябрь 2024 года'

03-12-2024T03:01:52 - [MESSAGE][PASSED] - Text of object 'Object Repository/Выручка по ДЗО/Фильтр Дата' is: '1, 2, 3 кв., Октябрь 2024 года'

03-12-2024T03:01:52 - [TEST_STEP][PASSED] - viruchka = getText(findTestObject("Выручка по ДЗО/Фильтр Выручка")): Text of object 'Object Repository/Выручка по ДЗО/Фильтр Выручка' is: 'внутренний оборот'

03-12-2024T03:01:52 - [MESSAGE][PASSED] - Text of object 'Object Repository/Выручка по ДЗО/Фильтр Выручка' is: 'внутренний оборот'

03-12-2024T03:01:52 - [TEST_STEP][PASSED] - if (viruchka == "Выбрано: 2"): null

03-12-2024T03:01:52 - [TEST_STEP][PASSED] - if (viruchka == "Все"): null

03-12-2024T03:01:52 - [TEST_STEP][PASSED] - println(period): null

03-12-2024T03:01:52 - [TEST_STEP][PASSED] - dashboardName = "Выручка по ДЗО": null

03-12-2024T03:01:52 - [TEST_STEP][PASSED] - workbook01 = getWorkbook(excelFilePath): null

03-12-2024T03:01:52 - [TEST_STEP][PASSED] - sheet01 = getExcelSheet(workbook01, sheetName): null

03-12-2024T03:01:52 - [TEST_STEP][PASSED] - setValueToCellByIndex(sheet01, n, 0, dashboardName): null

03-12-2024T03:01:52 - [TEST_STEP][PASSED] - setValueToCellByIndex(sheet01, n, 1, dZO): null

03-12-2024T03:01:52 - [TEST_STEP][PASSED] - setValueToCellByIndex(sheet01, n, 2, period): null

03-12-2024T03:01:52 - [TEST_STEP][PASSED] - setValueToCellByIndex(sheet01, n, 3, viruchka): null

03-12-2024T03:01:52 - [TEST_STEP][PASSED] - setValueToCellByIndex(sheet01, n, 4, todaysDate): null

03-12-2024T03:01:52 - [TEST_STEP][PASSED] - n = n + 1: null

03-12-2024T03:01:52 - [TEST_STEP][PASSED] - saveWorkbook(excelFilePath, workbook01): null

03-12-2024T03:01:52 - [TEST_STEP][PASSED] - click(findTestObject("Выручка по ДЗО/Фильтр Выручка")): Object: 'Object Repository/Выручка по ДЗО/Фильтр Выручка' is clicked on

03-12-2024T03:01:53 - [MESSAGE][PASSED] - Object: 'Object Repository/Выручка по ДЗО/Фильтр Выручка' is clicked on

03-12-2024T03:01:53 - [TEST_STEP][PASSED] - click(findTestObject("Выручка по ДЗО/По передаче в фильтре Выручка")): Object: 'Object Repository/Выручка по ДЗО/По передаче в фильтре Выручка' is clicked on

03-12-2024T03:01:53 - [MESSAGE][PASSED] - Object: 'Object Repository/Выручка по ДЗО/По передаче в фильтре Выручка' is clicked on

03-12-2024T03:01:53 - [TEST_STEP][PASSED] - click(findTestObject("Выручка по ДЗО/Применить в фильтре Выручка")): Object: 'Object Repository/Выручка по ДЗО/Применить в фильтре Выручка' is clicked on

03-12-2024T03:01:54 - [MESSAGE][PASSED] - Object: 'Object Repository/Выручка по ДЗО/Применить в фильтре Выручка' is clicked on

03-12-2024T03:01:54 - [TEST_STEP][PASSED] - Script1687405711779.Test(todaysDate): null

03-12-2024T03:01:54 - [TEST_STEP][PASSED] - if (verifyTextNotPresent("нет данных", false) == true): null

03-12-2024T03:01:57 - [MESSAGE][PASSED] - Text 'нет данных' is not present on page

03-12-2024T03:01:57 - [TEST_STEP][PASSED] - if (verifyTextNotPresent("Ошибка запроса данных", false) == true): null

03-12-2024T03:01:58 - [MESSAGE][PASSED] - Text 'Ошибка запроса данных' is not present on page

03-12-2024T03:01:58 - [TEST_STEP][PASSED] - if (verifyTextNotPresent("Произошла ошибка при выполнении пользовательского кода", false) == true): null

03-12-2024T03:01:59 - [MESSAGE][PASSED] - Text 'Произошла ошибка при выполнении пользовательского кода' is not present on page

03-12-2024T03:01:59 - [TEST_STEP][PASSED] - if (verifyTextNotPresent("У виджета нет данных", false) == true): null

03-12-2024T03:01:59 - [MESSAGE][PASSED] - Text 'У виджета нет данных' is not present on page

03-12-2024T03:01:59 - [TEST_STEP][PASSED] - if (verifyTextNotPresent("У виджета нет данных", false) == true): Text 'У виджета нет данных' is not present on page

03-12-2024T03:02:00 - [MESSAGE][PASSED] - Text 'У виджета нет данных' is not present on page

03-12-2024T03:02:00 - [TEST_STEP][PASSED] - click(findTestObject("Выручка по ДЗО/Фильтр Выручка")): Object: 'Object Repository/Выручка по ДЗО/Фильтр Выручка' is clicked on

03-12-2024T03:02:00 - [MESSAGE][PASSED] - Object: 'Object Repository/Выручка по ДЗО/Фильтр Выручка' is clicked on

03-12-2024T03:02:00 - [TEST_STEP][PASSED] - click(findTestObject("Выручка по ДЗО/Снять выделение в фильтре Выручка")): Object: 'Object Repository/Выручка по ДЗО/Снять выделение в фильтре Выручка' is clicked on

03-12-2024T03:02:01 - [MESSAGE][PASSED] - Object: 'Object Repository/Выручка по ДЗО/Снять выделение в фильтре Выручка' is clicked on

03-12-2024T03:02:01 - [TEST_STEP][PASSED] - click(findTestObject("Выручка по ДЗО/По передаче в фильтре Выручка")): Object: 'Object Repository/Выручка по ДЗО/По передаче в фильтре Выручка' is clicked on

03-12-2024T03:02:01 - [MESSAGE][PASSED] - Object: 'Object Repository/Выручка по ДЗО/По передаче в фильтре Выручка' is clicked on

03-12-2024T03:02:01 - [TEST_STEP][PASSED] - click(findTestObject("Выручка по ДЗО/Применить в фильтре Выручка")): Object: 'Object Repository/Выручка по ДЗО/Применить в фильтре Выручка' is clicked on

03-12-2024T03:02:02 - [MESSAGE][PASSED] - Object: 'Object Repository/Выручка по ДЗО/Применить в фильтре Выручка' is clicked on

03-12-2024T03:02:02 - [TEST_STEP][PASSED] - Script1687405711779.Test(todaysDate): null

03-12-2024T03:02:02 - [TEST_STEP][PASSED] - if (verifyTextNotPresent("нет данных", false) == true): null

03-12-2024T03:02:04 - [MESSAGE][PASSED] - Text 'нет данных' is not present on page

03-12-2024T03:02:04 - [TEST_STEP][PASSED] - if (verifyTextNotPresent("Ошибка запроса данных", false) == true): null

03-12-2024T03:02:04 - [MESSAGE][PASSED] - Text 'Ошибка запроса данных' is not present on page

03-12-2024T03:02:04 - [TEST_STEP][PASSED] - if (verifyTextNotPresent("Произошла ошибка при выполнении пользовательского кода", false) == true): null

03-12-2024T03:02:05 - [MESSAGE][PASSED] - Text 'Произошла ошибка при выполнении пользовательского кода' is not present on page

03-12-2024T03:02:05 - [TEST_STEP][PASSED] - if (verifyTextNotPresent("У виджета нет данных", false) == true): null

03-12-2024T03:02:05 - [MESSAGE][PASSED] - Text 'У виджета нет данных' is not present on page

03-12-2024T03:02:05 - [TEST_STEP][PASSED] - if (verifyTextNotPresent("У виджета нет данных", false) == true): Text 'У виджета нет данных' is not present on page

03-12-2024T03:02:06 - [MESSAGE][PASSED] - Text 'У виджета нет данных' is not present on page

03-12-2024T03:02:06 - [TEST_STEP][PASSED] - click(findTestObject("Выручка по ДЗО/Фильтр Выручка")): Object: 'Object Repository/Выручка по ДЗО/Фильтр Выручка' is clicked on

03-12-2024T03:02:06 - [MESSAGE][PASSED] - Object: 'Object Repository/Выручка по ДЗО/Фильтр Выручка' is clicked on

03-12-2024T03:02:06 - [TEST_STEP][PASSED] - click(findTestObject("Выручка по ДЗО/Снять выделение в фильтре Выручка")): Object: 'Object Repository/Выручка по ДЗО/Снять выделение в фильтре Выручка' is clicked on

03-12-2024T03:02:06 - [MESSAGE][PASSED] - Object: 'Object Repository/Выручка по ДЗО/Снять выделение в фильтре Выручка' is clicked on

03-12-2024T03:02:06 - [TEST_STEP][PASSED] - click(findTestObject("Выручка по ДЗО/Применить в фильтре Выручка")): Object: 'Object Repository/Выручка по ДЗО/Применить в фильтре Выручка' is clicked on

03-12-2024T03:02:07 - [MESSAGE][PASSED] - Object: 'Object Repository/Выручка по ДЗО/Применить в фильтре Выручка' is clicked on

03-12-2024T03:02:07 - [TEST_STEP][PASSED] - click(findTestObject("Выручка по ДЗО/Фильтр ДЗО")): Object: 'Object Repository/Выручка по ДЗО/Фильтр ДЗО' is clicked on

03-12-2024T03:02:09 - [MESSAGE][PASSED] - Object: 'Object Repository/Выручка по ДЗО/Фильтр ДЗО' is clicked on

03-12-2024T03:02:09 - [TEST_STEP][PASSED] - click(findTestObject("Выручка по ДЗО/Снять выделение в фильтре ДЗО")): Object: 'Object Repository/Выручка по ДЗО/Снять выделение в фильтре ДЗО' is clicked on

03-12-2024T03:02:09 - [MESSAGE][PASSED] - Object: 'Object Repository/Выручка по ДЗО/Снять выделение в фильтре ДЗО' is clicked on

03-12-2024T03:02:09 - [TEST_STEP][PASSED] - scrollToElement(findTestObject("Выручка по ДЗО/Россети Томск Выручка по ДЗО"), 30): Scroll to object 'Object Repository/Выручка по ДЗО/Россети Томск Выручка по ДЗО' successfully

03-12-2024T03:02:10 - [MESSAGE][PASSED] - Scroll to object 'Object Repository/Выручка по ДЗО/Россети Томск Выручка по ДЗО' successfully

03-12-2024T03:02:10 - [TEST_STEP][PASSED] - click(findTestObject("Выручка по ДЗО/Россети Томск Выручка по ДЗО")): Object: 'Object Repository/Выручка по ДЗО/Россети Томск Выручка по ДЗО' is clicked on

03-12-2024T03:02:10 - [MESSAGE][PASSED] - Object: 'Object Repository/Выручка по ДЗО/Россети Томск Выручка по ДЗО' is clicked on

03-12-2024T03:02:10 - [TEST_STEP][PASSED] - scrollToElement(findTestObject("Выручка по ДЗО/Фильтр ДЗО"), 30): Scroll to object 'Object Repository/Выручка по ДЗО/Фильтр ДЗО' successfully

03-12-2024T03:02:10 - [MESSAGE][PASSED] - Scroll to object 'Object Repository/Выручка по ДЗО/Фильтр ДЗО' successfully

03-12-2024T03:02:10 - [TEST_STEP][PASSED] - Script1687405711779.Change(todaysDate): null

03-12-2024T03:02:10 - [TEST_STEP][PASSED] - scrollToElement(findTestObject("Выручка по ДЗО/Заголовок дашборда"), 30): Scroll to object 'Object Repository/Выручка по ДЗО/Заголовок дашборда' successfully

03-12-2024T03:02:11 - [MESSAGE][PASSED] - Scroll to object 'Object Repository/Выручка по ДЗО/Заголовок дашборда' successfully

03-12-2024T03:02:11 - [TEST_STEP][PASSED] - click(findTestObject("Выручка по ДЗО/Применить в фильтре ДЗО")): Object: 'Object Repository/Выручка по ДЗО/Применить в фильтре ДЗО' is clicked on

03-12-2024T03:02:11 - [MESSAGE][PASSED] - Object: 'Object Repository/Выручка по ДЗО/Применить в фильтре ДЗО' is clicked on

03-12-2024T03:02:11 - [TEST_STEP][PASSED] - Script1687405711779.Tumbler(todaysDate): null

03-12-2024T03:02:11 - [TEST_STEP][PASSED] - Script1687405711779.Test(todaysDate): null

03-12-2024T03:02:11 - [TEST_STEP][PASSED] - if (verifyTextNotPresent("нет данных", false) == true): null

03-12-2024T03:02:15 - [MESSAGE][PASSED] - Text 'нет данных' is not present on page

03-12-2024T03:02:15 - [TEST_STEP][PASSED] - if (verifyTextNotPresent("Ошибка запроса данных", false) == true): null

03-12-2024T03:02:15 - [MESSAGE][PASSED] - Text 'Ошибка запроса данных' is not present on page

03-12-2024T03:02:15 - [TEST_STEP][PASSED] - if (verifyTextNotPresent("Произошла ошибка при выполнении пользовательского кода", false) == true): null

03-12-2024T03:02:16 - [MESSAGE][PASSED] - Text 'Произошла ошибка при выполнении пользовательского кода' is not present on page

03-12-2024T03:02:16 - [TEST_STEP][PASSED] - if (verifyTextNotPresent("У виджета нет данных", false) == true): null

03-12-2024T03:02:16 - [MESSAGE][PASSED] - Text 'У виджета нет данных' is not present on page

03-12-2024T03:02:16 - [TEST_STEP][PASSED] - if (verifyTextNotPresent("У виджета нет данных", false) == true): Text 'У виджета нет данных' is not present on page

03-12-2024T03:02:17 - [MESSAGE][PASSED] - Text 'У виджета нет данных' is not present on page

03-12-2024T03:02:17 - [TEST_STEP][PASSED] - click(findTestObject("Выручка по ДЗО/Фильтр Выручка")): Object: 'Object Repository/Выручка по ДЗО/Фильтр Выручка' is clicked on

03-12-2024T03:02:17 - [MESSAGE][PASSED] - Object: 'Object Repository/Выручка по ДЗО/Фильтр Выручка' is clicked on

03-12-2024T03:02:17 - [TEST_STEP][PASSED] - click(findTestObject("Выручка по ДЗО/Внутренний оборот в фильтре Выручка")): Object: 'Object Repository/Выручка по ДЗО/Внутренний оборот в фильтре Выручка' is clicked on

03-12-2024T03:02:17 - [MESSAGE][PASSED] - Object: 'Object Repository/Выручка по ДЗО/Внутренний оборот в фильтре Выручка' is clicked on

03-12-2024T03:02:17 - [TEST_STEP][PASSED] - click(findTestObject("Выручка по ДЗО/Применить в фильтре Выручка")): Object: 'Object Repository/Выручка по ДЗО/Применить в фильтре Выручка' is clicked on

03-12-2024T03:02:18 - [MESSAGE][PASSED] - Object: 'Object Repository/Выручка по ДЗО/Применить в фильтре Выручка' is clicked on

03-12-2024T03:02:18 - [TEST_STEP][PASSED] - Script1687405711779.Test(todaysDate): null

03-12-2024T03:02:18 - [TEST_STEP][FAILED] - if (verifyTextNotPresent("нет данных", false) == true): Text 'нет данных' is present on page  (Root cause: com.kms.katalon.core.exception.StepFailedException: Text 'нет данных' is present on page 
	at com.kms.katalon.core.webui.keyword.internal.WebUIKeywordMain.stepFailed(WebUIKeywordMain.groovy:64)
	at com.kms.katalon.core.webui.keyword.builtin.VerifyTextNotPresentKeyword$_verifyTextNotPresent_closure1.doCall(VerifyTextNotPresentKeyword.groovy:77)
	at com.kms.katalon.core.webui.keyword.builtin.VerifyTextNotPresentKeyword$_verifyTextNotPresent_closure1.call(VerifyTextNotPresentKeyword.groovy)
	at com.kms.katalon.core.webui.keyword.internal.WebUIKeywordMain.runKeyword(WebUIKeywordMain.groovy:20)
	at com.kms.katalon.core.webui.keyword.builtin.VerifyTextNotPresentKeyword.verifyTextNotPresent(VerifyTextNotPresentKeyword.groovy:82)
	at com.kms.katalon.core.webui.keyword.builtin.VerifyTextNotPresentKeyword.execute(VerifyTextNotPresentKeyword.groovy:68)
	at com.kms.katalon.core.keyword.internal.KeywordExecutor.executeKeywordForPlatform(KeywordExecutor.groovy:74)
	at com.kms.katalon.core.webui.keyword.WebUiBuiltInKeywords.verifyTextNotPresent(WebUiBuiltInKeywords.groovy:1795)
	at Выручка по ДЗО отображение данных все филиалы.Test(Выручка по ДЗО отображение данных все филиалы:782)
	at Выручка по ДЗО отображение данных все филиалы.Tumbler(Выручка по ДЗО отображение данных все филиалы:738)
	at Выручка по ДЗО отображение данных все филиалы.Change(Выручка по ДЗО отображение данных все филиалы:772)
	at Выручка по ДЗО отображение данных все филиалы.DzoTest(Выручка по ДЗО отображение данных все филиалы:466)
	at Выручка по ДЗО отображение данных все филиалы.run(Выручка по ДЗО отображение данных все филиалы:134)
	at com.kms.katalon.core.main.ScriptEngine.run(ScriptEngine.java:194)
	at com.kms.katalon.core.main.ScriptEngine.runScriptAsRawText(ScriptEngine.java:119)
	at com.kms.katalon.core.main.TestCaseExecutor.runScript(TestCaseExecutor.java:448)
	at com.kms.katalon.core.main.TestCaseExecutor.doExecute(TestCaseExecutor.java:439)
	at com.kms.katalon.core.main.TestCaseExecutor.processExecutionPhase(TestCaseExecutor.java:418)
	at com.kms.katalon.core.main.TestCaseExecutor.accessMainPhase(TestCaseExecutor.java:410)
	at com.kms.katalon.core.main.TestCaseExecutor.execute(TestCaseExecutor.java:285)
	at com.kms.katalon.core.common.CommonExecutor.accessTestCaseMainPhase(CommonExecutor.java:65)
	at com.kms.katalon.core.main.TestSuiteExecutor.accessTestSuiteMainPhase(TestSuiteExecutor.java:150)
	at com.kms.katalon.core.main.TestSuiteExecutor.execute(TestSuiteExecutor.java:106)
	at com.kms.katalon.core.main.TestCaseMain.startTestSuite(TestCaseMain.java:180)
	at TempTestSuite1733182698305.run(TempTestSuite1733182698305.groovy:35)
	at java.base/jdk.internal.reflect.NativeMethodAccessorImpl.invoke0(Native Method)
	at java.base/jdk.internal.reflect.NativeMethodAccessorImpl.invoke(NativeMethodAccessorImpl.java:77)
	at java.base/jdk.internal.reflect.DelegatingMethodAccessorImpl.invoke(DelegatingMethodAccessorImpl.java:43)
)

03-12-2024T03:02:20 - [MESSAGE][FAILED] - Text 'нет данных' is present on page  (Root cause: com.kms.katalon.core.exception.StepFailedException: Text 'нет данных' is present on page 
	at com.kms.katalon.core.webui.keyword.internal.WebUIKeywordMain.stepFailed(WebUIKeywordMain.groovy:64)
	at com.kms.katalon.core.webui.keyword.builtin.VerifyTextNotPresentKeyword$_verifyTextNotPresent_closure1.doCall(VerifyTextNotPresentKeyword.groovy:77)
	at com.kms.katalon.core.webui.keyword.builtin.VerifyTextNotPresentKeyword$_verifyTextNotPresent_closure1.call(VerifyTextNotPresentKeyword.groovy)
	at com.kms.katalon.core.webui.keyword.internal.WebUIKeywordMain.runKeyword(WebUIKeywordMain.groovy:20)
	at com.kms.katalon.core.webui.keyword.builtin.VerifyTextNotPresentKeyword.verifyTextNotPresent(VerifyTextNotPresentKeyword.groovy:82)
	at com.kms.katalon.core.webui.keyword.builtin.VerifyTextNotPresentKeyword.execute(VerifyTextNotPresentKeyword.groovy:68)
	at com.kms.katalon.core.keyword.internal.KeywordExecutor.executeKeywordForPlatform(KeywordExecutor.groovy:74)
	at com.kms.katalon.core.webui.keyword.WebUiBuiltInKeywords.verifyTextNotPresent(WebUiBuiltInKeywords.groovy:1795)
	at Выручка по ДЗО отображение данных все филиалы.Test(Выручка по ДЗО отображение данных все филиалы:782)
	at Выручка по ДЗО отображение данных все филиалы.Tumbler(Выручка по ДЗО отображение данных все филиалы:738)
	at Выручка по ДЗО отображение данных все филиалы.Change(Выручка по ДЗО отображение данных все филиалы:772)
	at Выручка по ДЗО отображение данных все филиалы.DzoTest(Выручка по ДЗО отображение данных все филиалы:466)
	at Выручка по ДЗО отображение данных все филиалы.run(Выручка по ДЗО отображение данных все филиалы:134)
	at com.kms.katalon.core.main.ScriptEngine.run(ScriptEngine.java:194)
	at com.kms.katalon.core.main.ScriptEngine.runScriptAsRawText(ScriptEngine.java:119)
	at com.kms.katalon.core.main.TestCaseExecutor.runScript(TestCaseExecutor.java:448)
	at com.kms.katalon.core.main.TestCaseExecutor.doExecute(TestCaseExecutor.java:439)
	at com.kms.katalon.core.main.TestCaseExecutor.processExecutionPhase(TestCaseExecutor.java:418)
	at com.kms.katalon.core.main.TestCaseExecutor.accessMainPhase(TestCaseExecutor.java:410)
	at com.kms.katalon.core.main.TestCaseExecutor.execute(TestCaseExecutor.java:285)
	at com.kms.katalon.core.common.CommonExecutor.accessTestCaseMainPhase(CommonExecutor.java:65)
	at com.kms.katalon.core.main.TestSuiteExecutor.accessTestSuiteMainPhase(TestSuiteExecutor.java:150)
	at com.kms.katalon.core.main.TestSuiteExecutor.execute(TestSuiteExecutor.java:106)
	at com.kms.katalon.core.main.TestCaseMain.startTestSuite(TestCaseMain.java:180)
	at TempTestSuite1733182698305.run(TempTestSuite1733182698305.groovy:35)
	at java.base/jdk.internal.reflect.NativeMethodAccessorImpl.invoke0(Native Method)
	at java.base/jdk.internal.reflect.NativeMethodAccessorImpl.invoke(NativeMethodAccessorImpl.java:77)
	at java.base/jdk.internal.reflect.DelegatingMethodAccessorImpl.invoke(DelegatingMethodAccessorImpl.java:43)
)

03-12-2024T03:02:20 - [TEST_STEP][PASSED] - else: null

03-12-2024T03:02:20 - [TEST_STEP][PASSED] - Script1687405711779.WriteToExcel(todaysDate): null

03-12-2024T03:02:20 - [TEST_STEP][PASSED] - sheetName = "Sheet1": null

03-12-2024T03:02:20 - [TEST_STEP][PASSED] - data = findTestData("PlanFact"): null

03-12-2024T03:02:20 - [TEST_STEP][PASSED] - n = data.getRowNumbers() + 1: null

03-12-2024T03:02:20 - [TEST_STEP][PASSED] - dZO = getText(findTestObject("Выручка по ДЗО/Фильтр ДЗО")): Text of object 'Object Repository/Выручка по ДЗО/Фильтр ДЗО' is: 'ПАО Россети - РаспредКомплекс - Россети Томск'

03-12-2024T03:02:20 - [MESSAGE][PASSED] - Text of object 'Object Repository/Выручка по ДЗО/Фильтр ДЗО' is: 'ПАО Россети - РаспредКомплекс - Россети Томск'

03-12-2024T03:02:20 - [TEST_STEP][PASSED] - period = getText(findTestObject("Выручка по ДЗО/Фильтр Дата")): Text of object 'Object Repository/Выручка по ДЗО/Фильтр Дата' is: '1, 2, 3 кв., Октябрь 2024 года'

03-12-2024T03:02:21 - [MESSAGE][PASSED] - Text of object 'Object Repository/Выручка по ДЗО/Фильтр Дата' is: '1, 2, 3 кв., Октябрь 2024 года'

03-12-2024T03:02:21 - [TEST_STEP][PASSED] - viruchka = getText(findTestObject("Выручка по ДЗО/Фильтр Выручка")): Text of object 'Object Repository/Выручка по ДЗО/Фильтр Выручка' is: 'внутренний оборот'

03-12-2024T03:02:21 - [MESSAGE][PASSED] - Text of object 'Object Repository/Выручка по ДЗО/Фильтр Выручка' is: 'внутренний оборот'

03-12-2024T03:02:21 - [TEST_STEP][PASSED] - if (viruchka == "Выбрано: 2"): null

03-12-2024T03:02:21 - [TEST_STEP][PASSED] - if (viruchka == "Все"): null

03-12-2024T03:02:21 - [TEST_STEP][PASSED] - println(period): null

03-12-2024T03:02:21 - [TEST_STEP][PASSED] - dashboardName = "Выручка по ДЗО": null

03-12-2024T03:02:21 - [TEST_STEP][PASSED] - workbook01 = getWorkbook(excelFilePath): null

03-12-2024T03:02:21 - [TEST_STEP][PASSED] - sheet01 = getExcelSheet(workbook01, sheetName): null

03-12-2024T03:02:21 - [TEST_STEP][PASSED] - setValueToCellByIndex(sheet01, n, 0, dashboardName): null

03-12-2024T03:02:21 - [TEST_STEP][PASSED] - setValueToCellByIndex(sheet01, n, 1, dZO): null

03-12-2024T03:02:21 - [TEST_STEP][PASSED] - setValueToCellByIndex(sheet01, n, 2, period): null

03-12-2024T03:02:21 - [TEST_STEP][PASSED] - setValueToCellByIndex(sheet01, n, 3, viruchka): null

03-12-2024T03:02:21 - [TEST_STEP][PASSED] - setValueToCellByIndex(sheet01, n, 4, todaysDate): null

03-12-2024T03:02:21 - [TEST_STEP][PASSED] - n = n + 1: null

03-12-2024T03:02:21 - [TEST_STEP][PASSED] - saveWorkbook(excelFilePath, workbook01): null

03-12-2024T03:02:21 - [TEST_STEP][PASSED] - click(findTestObject("Выручка по ДЗО/Фильтр Выручка")): Object: 'Object Repository/Выручка по ДЗО/Фильтр Выручка' is clicked on

03-12-2024T03:02:21 - [MESSAGE][PASSED] - Object: 'Object Repository/Выручка по ДЗО/Фильтр Выручка' is clicked on

03-12-2024T03:02:21 - [TEST_STEP][PASSED] - click(findTestObject("Выручка по ДЗО/По передаче в фильтре Выручка")): Object: 'Object Repository/Выручка по ДЗО/По передаче в фильтре Выручка' is clicked on

03-12-2024T03:02:22 - [MESSAGE][PASSED] - Object: 'Object Repository/Выручка по ДЗО/По передаче в фильтре Выручка' is clicked on

03-12-2024T03:02:22 - [TEST_STEP][PASSED] - click(findTestObject("Выручка по ДЗО/Применить в фильтре Выручка")): Object: 'Object Repository/Выручка по ДЗО/Применить в фильтре Выручка' is clicked on

03-12-2024T03:02:23 - [MESSAGE][PASSED] - Object: 'Object Repository/Выручка по ДЗО/Применить в фильтре Выручка' is clicked on

03-12-2024T03:02:23 - [TEST_STEP][PASSED] - Script1687405711779.Test(todaysDate): null

03-12-2024T03:02:23 - [TEST_STEP][PASSED] - if (verifyTextNotPresent("нет данных", false) == true): null

03-12-2024T03:02:25 - [MESSAGE][PASSED] - Text 'нет данных' is not present on page

03-12-2024T03:02:25 - [TEST_STEP][PASSED] - if (verifyTextNotPresent("Ошибка запроса данных", false) == true): null

03-12-2024T03:02:26 - [MESSAGE][PASSED] - Text 'Ошибка запроса данных' is not present on page

03-12-2024T03:02:26 - [TEST_STEP][PASSED] - if (verifyTextNotPresent("Произошла ошибка при выполнении пользовательского кода", false) == true): null

03-12-2024T03:02:26 - [MESSAGE][PASSED] - Text 'Произошла ошибка при выполнении пользовательского кода' is not present on page

03-12-2024T03:02:26 - [TEST_STEP][PASSED] - if (verifyTextNotPresent("У виджета нет данных", false) == true): null

03-12-2024T03:02:27 - [MESSAGE][PASSED] - Text 'У виджета нет данных' is not present on page

03-12-2024T03:02:27 - [TEST_STEP][PASSED] - if (verifyTextNotPresent("У виджета нет данных", false) == true): Text 'У виджета нет данных' is not present on page

03-12-2024T03:02:27 - [MESSAGE][PASSED] - Text 'У виджета нет данных' is not present on page

03-12-2024T03:02:27 - [TEST_STEP][PASSED] - click(findTestObject("Выручка по ДЗО/Фильтр Выручка")): Object: 'Object Repository/Выручка по ДЗО/Фильтр Выручка' is clicked on

03-12-2024T03:02:28 - [MESSAGE][PASSED] - Object: 'Object Repository/Выручка по ДЗО/Фильтр Выручка' is clicked on

03-12-2024T03:02:28 - [TEST_STEP][PASSED] - click(findTestObject("Выручка по ДЗО/Снять выделение в фильтре Выручка")): Object: 'Object Repository/Выручка по ДЗО/Снять выделение в фильтре Выручка' is clicked on

03-12-2024T03:02:28 - [MESSAGE][PASSED] - Object: 'Object Repository/Выручка по ДЗО/Снять выделение в фильтре Выручка' is clicked on

03-12-2024T03:02:28 - [TEST_STEP][PASSED] - click(findTestObject("Выручка по ДЗО/По передаче в фильтре Выручка")): Object: 'Object Repository/Выручка по ДЗО/По передаче в фильтре Выручка' is clicked on

03-12-2024T03:02:28 - [MESSAGE][PASSED] - Object: 'Object Repository/Выручка по ДЗО/По передаче в фильтре Выручка' is clicked on

03-12-2024T03:02:28 - [TEST_STEP][PASSED] - click(findTestObject("Выручка по ДЗО/Применить в фильтре Выручка")): Object: 'Object Repository/Выручка по ДЗО/Применить в фильтре Выручка' is clicked on

03-12-2024T03:02:29 - [MESSAGE][PASSED] - Object: 'Object Repository/Выручка по ДЗО/Применить в фильтре Выручка' is clicked on

03-12-2024T03:02:29 - [TEST_STEP][PASSED] - Script1687405711779.Test(todaysDate): null

03-12-2024T03:02:29 - [TEST_STEP][PASSED] - if (verifyTextNotPresent("нет данных", false) == true): null

03-12-2024T03:02:31 - [MESSAGE][PASSED] - Text 'нет данных' is not present on page

03-12-2024T03:02:31 - [TEST_STEP][PASSED] - if (verifyTextNotPresent("Ошибка запроса данных", false) == true): null

03-12-2024T03:02:32 - [MESSAGE][PASSED] - Text 'Ошибка запроса данных' is not present on page

03-12-2024T03:02:32 - [TEST_STEP][PASSED] - if (verifyTextNotPresent("Произошла ошибка при выполнении пользовательского кода", false) == true): null

03-12-2024T03:02:32 - [MESSAGE][PASSED] - Text 'Произошла ошибка при выполнении пользовательского кода' is not present on page

03-12-2024T03:02:32 - [TEST_STEP][PASSED] - if (verifyTextNotPresent("У виджета нет данных", false) == true): null

03-12-2024T03:02:32 - [MESSAGE][PASSED] - Text 'У виджета нет данных' is not present on page

03-12-2024T03:02:32 - [TEST_STEP][PASSED] - if (verifyTextNotPresent("У виджета нет данных", false) == true): Text 'У виджета нет данных' is not present on page

03-12-2024T03:02:33 - [MESSAGE][PASSED] - Text 'У виджета нет данных' is not present on page

03-12-2024T03:02:33 - [TEST_STEP][PASSED] - click(findTestObject("Выручка по ДЗО/Фильтр Выручка")): Object: 'Object Repository/Выручка по ДЗО/Фильтр Выручка' is clicked on

03-12-2024T03:02:33 - [MESSAGE][PASSED] - Object: 'Object Repository/Выручка по ДЗО/Фильтр Выручка' is clicked on

03-12-2024T03:02:33 - [TEST_STEP][PASSED] - click(findTestObject("Выручка по ДЗО/Снять выделение в фильтре Выручка")): Object: 'Object Repository/Выручка по ДЗО/Снять выделение в фильтре Выручка' is clicked on

03-12-2024T03:02:34 - [MESSAGE][PASSED] - Object: 'Object Repository/Выручка по ДЗО/Снять выделение в фильтре Выручка' is clicked on

03-12-2024T03:02:34 - [TEST_STEP][PASSED] - click(findTestObject("Выручка по ДЗО/Применить в фильтре Выручка")): Object: 'Object Repository/Выручка по ДЗО/Применить в фильтре Выручка' is clicked on

03-12-2024T03:02:34 - [MESSAGE][PASSED] - Object: 'Object Repository/Выручка по ДЗО/Применить в фильтре Выручка' is clicked on

03-12-2024T03:02:34 - [TEST_STEP][PASSED] - click(findTestObject("Выручка по ДЗО/Фильтр ДЗО")): Object: 'Object Repository/Выручка по ДЗО/Фильтр ДЗО' is clicked on

03-12-2024T03:02:38 - [MESSAGE][PASSED] - Object: 'Object Repository/Выручка по ДЗО/Фильтр ДЗО' is clicked on

03-12-2024T03:02:38 - [TEST_STEP][PASSED] - click(findTestObject("Выручка по ДЗО/Снять выделение в фильтре ДЗО")): Object: 'Object Repository/Выручка по ДЗО/Снять выделение в фильтре ДЗО' is clicked on

03-12-2024T03:02:38 - [MESSAGE][PASSED] - Object: 'Object Repository/Выручка по ДЗО/Снять выделение в фильтре ДЗО' is clicked on

03-12-2024T03:02:38 - [TEST_STEP][PASSED] - scrollToElement(findTestObject("Общие объекты/Раскрыть список Россети Томск"), 30): Scroll to object 'Object Repository/Общие объекты/Раскрыть список Россети Томск' successfully

03-12-2024T03:02:39 - [MESSAGE][PASSED] - Scroll to object 'Object Repository/Общие объекты/Раскрыть список Россети Томск' successfully

03-12-2024T03:02:39 - [TEST_STEP][PASSED] - click(findTestObject("Общие объекты/Раскрыть список Россети Томск")): Object: 'Object Repository/Общие объекты/Раскрыть список Россети Томск' is clicked on

03-12-2024T03:02:39 - [MESSAGE][PASSED] - Object: 'Object Repository/Общие объекты/Раскрыть список Россети Томск' is clicked on

03-12-2024T03:02:39 - [TEST_STEP][PASSED] - scrollToElement(findTestObject("Общие объекты/Томская распределительная компания"), 30): Scroll to object 'Object Repository/Общие объекты/Томская распределительная компания' successfully

03-12-2024T03:02:39 - [MESSAGE][PASSED] - Scroll to object 'Object Repository/Общие объекты/Томская распределительная компания' successfully

03-12-2024T03:02:39 - [TEST_STEP][PASSED] - click(findTestObject("Общие объекты/Томская распределительная компания"), CONTINUE_ON_FAILURE): Object: 'Object Repository/Общие объекты/Томская распределительная компания' is clicked on

03-12-2024T03:02:40 - [MESSAGE][PASSED] - Object: 'Object Repository/Общие объекты/Томская распределительная компания' is clicked on

03-12-2024T03:02:40 - [TEST_STEP][PASSED] - Script1687405711779.Change(todaysDate): null

03-12-2024T03:02:40 - [TEST_STEP][PASSED] - scrollToElement(findTestObject("Выручка по ДЗО/Заголовок дашборда"), 30): Scroll to object 'Object Repository/Выручка по ДЗО/Заголовок дашборда' successfully

03-12-2024T03:02:40 - [MESSAGE][PASSED] - Scroll to object 'Object Repository/Выручка по ДЗО/Заголовок дашборда' successfully

03-12-2024T03:02:40 - [TEST_STEP][PASSED] - click(findTestObject("Выручка по ДЗО/Применить в фильтре ДЗО")): Object: 'Object Repository/Выручка по ДЗО/Применить в фильтре ДЗО' is clicked on

03-12-2024T03:02:41 - [MESSAGE][PASSED] - Object: 'Object Repository/Выручка по ДЗО/Применить в фильтре ДЗО' is clicked on

03-12-2024T03:02:41 - [TEST_STEP][PASSED] - Script1687405711779.Tumbler(todaysDate): null

03-12-2024T03:02:41 - [TEST_STEP][PASSED] - Script1687405711779.Test(todaysDate): null

03-12-2024T03:02:41 - [TEST_STEP][PASSED] - if (verifyTextNotPresent("нет данных", false) == true): null

03-12-2024T03:02:44 - [MESSAGE][PASSED] - Text 'нет данных' is not present on page

03-12-2024T03:02:44 - [TEST_STEP][PASSED] - if (verifyTextNotPresent("Ошибка запроса данных", false) == true): null

03-12-2024T03:02:45 - [MESSAGE][PASSED] - Text 'Ошибка запроса данных' is not present on page

03-12-2024T03:02:45 - [TEST_STEP][PASSED] - if (verifyTextNotPresent("Произошла ошибка при выполнении пользовательского кода", false) == true): null

03-12-2024T03:02:45 - [MESSAGE][PASSED] - Text 'Произошла ошибка при выполнении пользовательского кода' is not present on page

03-12-2024T03:02:45 - [TEST_STEP][PASSED] - if (verifyTextNotPresent("У виджета нет данных", false) == true): null

03-12-2024T03:02:46 - [MESSAGE][PASSED] - Text 'У виджета нет данных' is not present on page

03-12-2024T03:02:46 - [TEST_STEP][PASSED] - if (verifyTextNotPresent("У виджета нет данных", false) == true): Text 'У виджета нет данных' is not present on page

03-12-2024T03:02:46 - [MESSAGE][PASSED] - Text 'У виджета нет данных' is not present on page

03-12-2024T03:02:46 - [TEST_STEP][PASSED] - click(findTestObject("Выручка по ДЗО/Фильтр Выручка")): Object: 'Object Repository/Выручка по ДЗО/Фильтр Выручка' is clicked on

03-12-2024T03:02:46 - [MESSAGE][PASSED] - Object: 'Object Repository/Выручка по ДЗО/Фильтр Выручка' is clicked on

03-12-2024T03:02:46 - [TEST_STEP][PASSED] - click(findTestObject("Выручка по ДЗО/Внутренний оборот в фильтре Выручка")): Object: 'Object Repository/Выручка по ДЗО/Внутренний оборот в фильтре Выручка' is clicked on

03-12-2024T03:02:47 - [MESSAGE][PASSED] - Object: 'Object Repository/Выручка по ДЗО/Внутренний оборот в фильтре Выручка' is clicked on

03-12-2024T03:02:47 - [TEST_STEP][PASSED] - click(findTestObject("Выручка по ДЗО/Применить в фильтре Выручка")): Object: 'Object Repository/Выручка по ДЗО/Применить в фильтре Выручка' is clicked on

03-12-2024T03:02:47 - [MESSAGE][PASSED] - Object: 'Object Repository/Выручка по ДЗО/Применить в фильтре Выручка' is clicked on

03-12-2024T03:02:47 - [TEST_STEP][PASSED] - Script1687405711779.Test(todaysDate): null

03-12-2024T03:02:47 - [TEST_STEP][FAILED] - if (verifyTextNotPresent("нет данных", false) == true): Text 'нет данных' is present on page  (Root cause: com.kms.katalon.core.exception.StepFailedException: Text 'нет данных' is present on page 
	at com.kms.katalon.core.webui.keyword.internal.WebUIKeywordMain.stepFailed(WebUIKeywordMain.groovy:64)
	at com.kms.katalon.core.webui.keyword.builtin.VerifyTextNotPresentKeyword$_verifyTextNotPresent_closure1.doCall(VerifyTextNotPresentKeyword.groovy:77)
	at com.kms.katalon.core.webui.keyword.builtin.VerifyTextNotPresentKeyword$_verifyTextNotPresent_closure1.call(VerifyTextNotPresentKeyword.groovy)
	at com.kms.katalon.core.webui.keyword.internal.WebUIKeywordMain.runKeyword(WebUIKeywordMain.groovy:20)
	at com.kms.katalon.core.webui.keyword.builtin.VerifyTextNotPresentKeyword.verifyTextNotPresent(VerifyTextNotPresentKeyword.groovy:82)
	at com.kms.katalon.core.webui.keyword.builtin.VerifyTextNotPresentKeyword.execute(VerifyTextNotPresentKeyword.groovy:68)
	at com.kms.katalon.core.keyword.internal.KeywordExecutor.executeKeywordForPlatform(KeywordExecutor.groovy:74)
	at com.kms.katalon.core.webui.keyword.WebUiBuiltInKeywords.verifyTextNotPresent(WebUiBuiltInKeywords.groovy:1795)
	at Выручка по ДЗО отображение данных все филиалы.Test(Выручка по ДЗО отображение данных все филиалы:782)
	at Выручка по ДЗО отображение данных все филиалы.Tumbler(Выручка по ДЗО отображение данных все филиалы:738)
	at Выручка по ДЗО отображение данных все филиалы.Change(Выручка по ДЗО отображение данных все филиалы:772)
	at Выручка по ДЗО отображение данных все филиалы.DzoTest(Выручка по ДЗО отображение данных все филиалы:476)
	at Выручка по ДЗО отображение данных все филиалы.run(Выручка по ДЗО отображение данных все филиалы:134)
	at com.kms.katalon.core.main.ScriptEngine.run(ScriptEngine.java:194)
	at com.kms.katalon.core.main.ScriptEngine.runScriptAsRawText(ScriptEngine.java:119)
	at com.kms.katalon.core.main.TestCaseExecutor.runScript(TestCaseExecutor.java:448)
	at com.kms.katalon.core.main.TestCaseExecutor.doExecute(TestCaseExecutor.java:439)
	at com.kms.katalon.core.main.TestCaseExecutor.processExecutionPhase(TestCaseExecutor.java:418)
	at com.kms.katalon.core.main.TestCaseExecutor.accessMainPhase(TestCaseExecutor.java:410)
	at com.kms.katalon.core.main.TestCaseExecutor.execute(TestCaseExecutor.java:285)
	at com.kms.katalon.core.common.CommonExecutor.accessTestCaseMainPhase(CommonExecutor.java:65)
	at com.kms.katalon.core.main.TestSuiteExecutor.accessTestSuiteMainPhase(TestSuiteExecutor.java:150)
	at com.kms.katalon.core.main.TestSuiteExecutor.execute(TestSuiteExecutor.java:106)
	at com.kms.katalon.core.main.TestCaseMain.startTestSuite(TestCaseMain.java:180)
	at TempTestSuite1733182698305.run(TempTestSuite1733182698305.groovy:35)
	at java.base/jdk.internal.reflect.NativeMethodAccessorImpl.invoke0(Native Method)
	at java.base/jdk.internal.reflect.NativeMethodAccessorImpl.invoke(NativeMethodAccessorImpl.java:77)
	at java.base/jdk.internal.reflect.DelegatingMethodAccessorImpl.invoke(DelegatingMethodAccessorImpl.java:43)
)

03-12-2024T03:02:49 - [MESSAGE][FAILED] - Text 'нет данных' is present on page  (Root cause: com.kms.katalon.core.exception.StepFailedException: Text 'нет данных' is present on page 
	at com.kms.katalon.core.webui.keyword.internal.WebUIKeywordMain.stepFailed(WebUIKeywordMain.groovy:64)
	at com.kms.katalon.core.webui.keyword.builtin.VerifyTextNotPresentKeyword$_verifyTextNotPresent_closure1.doCall(VerifyTextNotPresentKeyword.groovy:77)
	at com.kms.katalon.core.webui.keyword.builtin.VerifyTextNotPresentKeyword$_verifyTextNotPresent_closure1.call(VerifyTextNotPresentKeyword.groovy)
	at com.kms.katalon.core.webui.keyword.internal.WebUIKeywordMain.runKeyword(WebUIKeywordMain.groovy:20)
	at com.kms.katalon.core.webui.keyword.builtin.VerifyTextNotPresentKeyword.verifyTextNotPresent(VerifyTextNotPresentKeyword.groovy:82)
	at com.kms.katalon.core.webui.keyword.builtin.VerifyTextNotPresentKeyword.execute(VerifyTextNotPresentKeyword.groovy:68)
	at com.kms.katalon.core.keyword.internal.KeywordExecutor.executeKeywordForPlatform(KeywordExecutor.groovy:74)
	at com.kms.katalon.core.webui.keyword.WebUiBuiltInKeywords.verifyTextNotPresent(WebUiBuiltInKeywords.groovy:1795)
	at Выручка по ДЗО отображение данных все филиалы.Test(Выручка по ДЗО отображение данных все филиалы:782)
	at Выручка по ДЗО отображение данных все филиалы.Tumbler(Выручка по ДЗО отображение данных все филиалы:738)
	at Выручка по ДЗО отображение данных все филиалы.Change(Выручка по ДЗО отображение данных все филиалы:772)
	at Выручка по ДЗО отображение данных все филиалы.DzoTest(Выручка по ДЗО отображение данных все филиалы:476)
	at Выручка по ДЗО отображение данных все филиалы.run(Выручка по ДЗО отображение данных все филиалы:134)
	at com.kms.katalon.core.main.ScriptEngine.run(ScriptEngine.java:194)
	at com.kms.katalon.core.main.ScriptEngine.runScriptAsRawText(ScriptEngine.java:119)
	at com.kms.katalon.core.main.TestCaseExecutor.runScript(TestCaseExecutor.java:448)
	at com.kms.katalon.core.main.TestCaseExecutor.doExecute(TestCaseExecutor.java:439)
	at com.kms.katalon.core.main.TestCaseExecutor.processExecutionPhase(TestCaseExecutor.java:418)
	at com.kms.katalon.core.main.TestCaseExecutor.accessMainPhase(TestCaseExecutor.java:410)
	at com.kms.katalon.core.main.TestCaseExecutor.execute(TestCaseExecutor.java:285)
	at com.kms.katalon.core.common.CommonExecutor.accessTestCaseMainPhase(CommonExecutor.java:65)
	at com.kms.katalon.core.main.TestSuiteExecutor.accessTestSuiteMainPhase(TestSuiteExecutor.java:150)
	at com.kms.katalon.core.main.TestSuiteExecutor.execute(TestSuiteExecutor.java:106)
	at com.kms.katalon.core.main.TestCaseMain.startTestSuite(TestCaseMain.java:180)
	at TempTestSuite1733182698305.run(TempTestSuite1733182698305.groovy:35)
	at java.base/jdk.internal.reflect.NativeMethodAccessorImpl.invoke0(Native Method)
	at java.base/jdk.internal.reflect.NativeMethodAccessorImpl.invoke(NativeMethodAccessorImpl.java:77)
	at java.base/jdk.internal.reflect.DelegatingMethodAccessorImpl.invoke(DelegatingMethodAccessorImpl.java:43)
)

03-12-2024T03:02:49 - [TEST_STEP][PASSED] - else: null

03-12-2024T03:02:49 - [TEST_STEP][PASSED] - Script1687405711779.WriteToExcel(todaysDate): null

03-12-2024T03:02:49 - [TEST_STEP][PASSED] - sheetName = "Sheet1": null

03-12-2024T03:02:49 - [TEST_STEP][PASSED] - data = findTestData("PlanFact"): null

03-12-2024T03:02:49 - [TEST_STEP][PASSED] - n = data.getRowNumbers() + 1: null

03-12-2024T03:02:49 - [TEST_STEP][PASSED] - dZO = getText(findTestObject("Выручка по ДЗО/Фильтр ДЗО")): Text of object 'Object Repository/Выручка по ДЗО/Фильтр ДЗО' is: 'ПАО Россети - РаспредКомплекс - Россети Томск - Томская распределительная компания'

03-12-2024T03:02:50 - [MESSAGE][PASSED] - Text of object 'Object Repository/Выручка по ДЗО/Фильтр ДЗО' is: 'ПАО Россети - РаспредКомплекс - Россети Томск - Томская распределительная компания'

03-12-2024T03:02:50 - [TEST_STEP][PASSED] - period = getText(findTestObject("Выручка по ДЗО/Фильтр Дата")): Text of object 'Object Repository/Выручка по ДЗО/Фильтр Дата' is: '1, 2, 3 кв., Октябрь 2024 года'

03-12-2024T03:02:50 - [MESSAGE][PASSED] - Text of object 'Object Repository/Выручка по ДЗО/Фильтр Дата' is: '1, 2, 3 кв., Октябрь 2024 года'

03-12-2024T03:02:50 - [TEST_STEP][PASSED] - viruchka = getText(findTestObject("Выручка по ДЗО/Фильтр Выручка")): Text of object 'Object Repository/Выручка по ДЗО/Фильтр Выручка' is: 'внутренний оборот'

03-12-2024T03:02:50 - [MESSAGE][PASSED] - Text of object 'Object Repository/Выручка по ДЗО/Фильтр Выручка' is: 'внутренний оборот'

03-12-2024T03:02:50 - [TEST_STEP][PASSED] - if (viruchka == "Выбрано: 2"): null

03-12-2024T03:02:50 - [TEST_STEP][PASSED] - if (viruchka == "Все"): null

03-12-2024T03:02:50 - [TEST_STEP][PASSED] - println(period): null

03-12-2024T03:02:50 - [TEST_STEP][PASSED] - dashboardName = "Выручка по ДЗО": null

03-12-2024T03:02:50 - [TEST_STEP][PASSED] - workbook01 = getWorkbook(excelFilePath): null

03-12-2024T03:02:50 - [TEST_STEP][PASSED] - sheet01 = getExcelSheet(workbook01, sheetName): null

03-12-2024T03:02:50 - [TEST_STEP][PASSED] - setValueToCellByIndex(sheet01, n, 0, dashboardName): null

03-12-2024T03:02:50 - [TEST_STEP][PASSED] - setValueToCellByIndex(sheet01, n, 1, dZO): null

03-12-2024T03:02:50 - [TEST_STEP][PASSED] - setValueToCellByIndex(sheet01, n, 2, period): null

03-12-2024T03:02:50 - [TEST_STEP][PASSED] - setValueToCellByIndex(sheet01, n, 3, viruchka): null

03-12-2024T03:02:50 - [TEST_STEP][PASSED] - setValueToCellByIndex(sheet01, n, 4, todaysDate): null

03-12-2024T03:02:50 - [TEST_STEP][PASSED] - n = n + 1: null

03-12-2024T03:02:50 - [TEST_STEP][PASSED] - saveWorkbook(excelFilePath, workbook01): null

03-12-2024T03:02:51 - [TEST_STEP][PASSED] - click(findTestObject("Выручка по ДЗО/Фильтр Выручка")): Object: 'Object Repository/Выручка по ДЗО/Фильтр Выручка' is clicked on

03-12-2024T03:02:51 - [MESSAGE][PASSED] - Object: 'Object Repository/Выручка по ДЗО/Фильтр Выручка' is clicked on

03-12-2024T03:02:51 - [TEST_STEP][PASSED] - click(findTestObject("Выручка по ДЗО/По передаче в фильтре Выручка")): Object: 'Object Repository/Выручка по ДЗО/По передаче в фильтре Выручка' is clicked on

03-12-2024T03:02:51 - [MESSAGE][PASSED] - Object: 'Object Repository/Выручка по ДЗО/По передаче в фильтре Выручка' is clicked on

03-12-2024T03:02:51 - [TEST_STEP][PASSED] - click(findTestObject("Выручка по ДЗО/Применить в фильтре Выручка")): Object: 'Object Repository/Выручка по ДЗО/Применить в фильтре Выручка' is clicked on

03-12-2024T03:02:52 - [MESSAGE][PASSED] - Object: 'Object Repository/Выручка по ДЗО/Применить в фильтре Выручка' is clicked on

03-12-2024T03:02:52 - [TEST_STEP][PASSED] - Script1687405711779.Test(todaysDate): null

03-12-2024T03:02:52 - [TEST_STEP][PASSED] - if (verifyTextNotPresent("нет данных", false) == true): null

03-12-2024T03:02:54 - [MESSAGE][PASSED] - Text 'нет данных' is not present on page

03-12-2024T03:02:54 - [TEST_STEP][PASSED] - if (verifyTextNotPresent("Ошибка запроса данных", false) == true): null

03-12-2024T03:02:55 - [MESSAGE][PASSED] - Text 'Ошибка запроса данных' is not present on page

03-12-2024T03:02:55 - [TEST_STEP][PASSED] - if (verifyTextNotPresent("Произошла ошибка при выполнении пользовательского кода", false) == true): null

03-12-2024T03:02:56 - [MESSAGE][PASSED] - Text 'Произошла ошибка при выполнении пользовательского кода' is not present on page

03-12-2024T03:02:56 - [TEST_STEP][PASSED] - if (verifyTextNotPresent("У виджета нет данных", false) == true): null

03-12-2024T03:02:56 - [MESSAGE][PASSED] - Text 'У виджета нет данных' is not present on page

03-12-2024T03:02:56 - [TEST_STEP][PASSED] - if (verifyTextNotPresent("У виджета нет данных", false) == true): Text 'У виджета нет данных' is not present on page

03-12-2024T03:02:57 - [MESSAGE][PASSED] - Text 'У виджета нет данных' is not present on page

03-12-2024T03:02:57 - [TEST_STEP][PASSED] - click(findTestObject("Выручка по ДЗО/Фильтр Выручка")): Object: 'Object Repository/Выручка по ДЗО/Фильтр Выручка' is clicked on

03-12-2024T03:02:57 - [MESSAGE][PASSED] - Object: 'Object Repository/Выручка по ДЗО/Фильтр Выручка' is clicked on

03-12-2024T03:02:57 - [TEST_STEP][PASSED] - click(findTestObject("Выручка по ДЗО/Снять выделение в фильтре Выручка")): Object: 'Object Repository/Выручка по ДЗО/Снять выделение в фильтре Выручка' is clicked on

03-12-2024T03:02:57 - [MESSAGE][PASSED] - Object: 'Object Repository/Выручка по ДЗО/Снять выделение в фильтре Выручка' is clicked on

03-12-2024T03:02:57 - [TEST_STEP][PASSED] - click(findTestObject("Выручка по ДЗО/По передаче в фильтре Выручка")): Object: 'Object Repository/Выручка по ДЗО/По передаче в фильтре Выручка' is clicked on

03-12-2024T03:02:58 - [MESSAGE][PASSED] - Object: 'Object Repository/Выручка по ДЗО/По передаче в фильтре Выручка' is clicked on

03-12-2024T03:02:58 - [TEST_STEP][PASSED] - click(findTestObject("Выручка по ДЗО/Применить в фильтре Выручка")): Object: 'Object Repository/Выручка по ДЗО/Применить в фильтре Выручка' is clicked on

03-12-2024T03:02:58 - [MESSAGE][PASSED] - Object: 'Object Repository/Выручка по ДЗО/Применить в фильтре Выручка' is clicked on

03-12-2024T03:02:58 - [TEST_STEP][PASSED] - Script1687405711779.Test(todaysDate): null

03-12-2024T03:02:58 - [TEST_STEP][PASSED] - if (verifyTextNotPresent("нет данных", false) == true): null

03-12-2024T03:03:00 - [MESSAGE][PASSED] - Text 'нет данных' is not present on page

03-12-2024T03:03:00 - [TEST_STEP][PASSED] - if (verifyTextNotPresent("Ошибка запроса данных", false) == true): null

03-12-2024T03:03:01 - [MESSAGE][PASSED] - Text 'Ошибка запроса данных' is not present on page

03-12-2024T03:03:01 - [TEST_STEP][PASSED] - if (verifyTextNotPresent("Произошла ошибка при выполнении пользовательского кода", false) == true): null

03-12-2024T03:03:01 - [MESSAGE][PASSED] - Text 'Произошла ошибка при выполнении пользовательского кода' is not present on page

03-12-2024T03:03:01 - [TEST_STEP][PASSED] - if (verifyTextNotPresent("У виджета нет данных", false) == true): null

03-12-2024T03:03:02 - [MESSAGE][PASSED] - Text 'У виджета нет данных' is not present on page

03-12-2024T03:03:02 - [TEST_STEP][PASSED] - if (verifyTextNotPresent("У виджета нет данных", false) == true): Text 'У виджета нет данных' is not present on page

03-12-2024T03:03:02 - [MESSAGE][PASSED] - Text 'У виджета нет данных' is not present on page

03-12-2024T03:03:02 - [TEST_STEP][PASSED] - click(findTestObject("Выручка по ДЗО/Фильтр Выручка")): Object: 'Object Repository/Выручка по ДЗО/Фильтр Выручка' is clicked on

03-12-2024T03:03:03 - [MESSAGE][PASSED] - Object: 'Object Repository/Выручка по ДЗО/Фильтр Выручка' is clicked on

03-12-2024T03:03:03 - [TEST_STEP][PASSED] - click(findTestObject("Выручка по ДЗО/Снять выделение в фильтре Выручка")): Object: 'Object Repository/Выручка по ДЗО/Снять выделение в фильтре Выручка' is clicked on

03-12-2024T03:03:03 - [MESSAGE][PASSED] - Object: 'Object Repository/Выручка по ДЗО/Снять выделение в фильтре Выручка' is clicked on

03-12-2024T03:03:03 - [TEST_STEP][PASSED] - click(findTestObject("Выручка по ДЗО/Применить в фильтре Выручка")): Object: 'Object Repository/Выручка по ДЗО/Применить в фильтре Выручка' is clicked on

03-12-2024T03:03:04 - [MESSAGE][PASSED] - Object: 'Object Repository/Выручка по ДЗО/Применить в фильтре Выручка' is clicked on

03-12-2024T03:03:04 - [TEST_STEP][PASSED] - click(findTestObject("Выручка по ДЗО/Фильтр ДЗО")): Object: 'Object Repository/Выручка по ДЗО/Фильтр ДЗО' is clicked on

03-12-2024T03:03:05 - [MESSAGE][PASSED] - Object: 'Object Repository/Выручка по ДЗО/Фильтр ДЗО' is clicked on

03-12-2024T03:03:05 - [TEST_STEP][PASSED] - click(findTestObject("Выручка по ДЗО/Снять выделение в фильтре ДЗО")): Object: 'Object Repository/Выручка по ДЗО/Снять выделение в фильтре ДЗО' is clicked on

03-12-2024T03:03:06 - [MESSAGE][PASSED] - Object: 'Object Repository/Выручка по ДЗО/Снять выделение в фильтре ДЗО' is clicked on

03-12-2024T03:03:06 - [TEST_STEP][PASSED] - scrollToElement(findTestObject("Выручка по ДЗО/Россети Тюмень Выручка по ДЗО"), 30): Scroll to object 'Object Repository/Выручка по ДЗО/Россети Тюмень Выручка по ДЗО' successfully

03-12-2024T03:03:06 - [MESSAGE][PASSED] - Scroll to object 'Object Repository/Выручка по ДЗО/Россети Тюмень Выручка по ДЗО' successfully

03-12-2024T03:03:06 - [TEST_STEP][PASSED] - click(findTestObject("Выручка по ДЗО/Россети Тюмень Выручка по ДЗО")): Object: 'Object Repository/Выручка по ДЗО/Россети Тюмень Выручка по ДЗО' is clicked on

03-12-2024T03:03:06 - [MESSAGE][PASSED] - Object: 'Object Repository/Выручка по ДЗО/Россети Тюмень Выручка по ДЗО' is clicked on

03-12-2024T03:03:06 - [TEST_STEP][PASSED] - scrollToElement(findTestObject("Выручка по ДЗО/Фильтр ДЗО"), 30): Scroll to object 'Object Repository/Выручка по ДЗО/Фильтр ДЗО' successfully

03-12-2024T03:03:07 - [MESSAGE][PASSED] - Scroll to object 'Object Repository/Выручка по ДЗО/Фильтр ДЗО' successfully

03-12-2024T03:03:07 - [TEST_STEP][PASSED] - Script1687405711779.Change(todaysDate): null

03-12-2024T03:03:07 - [TEST_STEP][PASSED] - scrollToElement(findTestObject("Выручка по ДЗО/Заголовок дашборда"), 30): Scroll to object 'Object Repository/Выручка по ДЗО/Заголовок дашборда' successfully

03-12-2024T03:03:07 - [MESSAGE][PASSED] - Scroll to object 'Object Repository/Выручка по ДЗО/Заголовок дашборда' successfully

03-12-2024T03:03:07 - [TEST_STEP][PASSED] - click(findTestObject("Выручка по ДЗО/Применить в фильтре ДЗО")): Object: 'Object Repository/Выручка по ДЗО/Применить в фильтре ДЗО' is clicked on

03-12-2024T03:03:08 - [MESSAGE][PASSED] - Object: 'Object Repository/Выручка по ДЗО/Применить в фильтре ДЗО' is clicked on

03-12-2024T03:03:08 - [TEST_STEP][PASSED] - Script1687405711779.Tumbler(todaysDate): null

03-12-2024T03:03:08 - [TEST_STEP][PASSED] - Script1687405711779.Test(todaysDate): null

03-12-2024T03:03:08 - [TEST_STEP][PASSED] - if (verifyTextNotPresent("нет данных", false) == true): null

03-12-2024T03:03:10 - [MESSAGE][PASSED] - Text 'нет данных' is not present on page

03-12-2024T03:03:10 - [TEST_STEP][PASSED] - if (verifyTextNotPresent("Ошибка запроса данных", false) == true): null

03-12-2024T03:03:11 - [MESSAGE][PASSED] - Text 'Ошибка запроса данных' is not present on page

03-12-2024T03:03:11 - [TEST_STEP][PASSED] - if (verifyTextNotPresent("Произошла ошибка при выполнении пользовательского кода", false) == true): null

03-12-2024T03:03:12 - [MESSAGE][PASSED] - Text 'Произошла ошибка при выполнении пользовательского кода' is not present on page

03-12-2024T03:03:12 - [TEST_STEP][PASSED] - if (verifyTextNotPresent("У виджета нет данных", false) == true): null

03-12-2024T03:03:13 - [MESSAGE][PASSED] - Text 'У виджета нет данных' is not present on page

03-12-2024T03:03:13 - [TEST_STEP][PASSED] - if (verifyTextNotPresent("У виджета нет данных", false) == true): Text 'У виджета нет данных' is not present on page

03-12-2024T03:03:13 - [MESSAGE][PASSED] - Text 'У виджета нет данных' is not present on page

03-12-2024T03:03:13 - [TEST_STEP][PASSED] - click(findTestObject("Выручка по ДЗО/Фильтр Выручка")): Object: 'Object Repository/Выручка по ДЗО/Фильтр Выручка' is clicked on

03-12-2024T03:03:13 - [MESSAGE][PASSED] - Object: 'Object Repository/Выручка по ДЗО/Фильтр Выручка' is clicked on

03-12-2024T03:03:13 - [TEST_STEP][PASSED] - click(findTestObject("Выручка по ДЗО/Внутренний оборот в фильтре Выручка")): Object: 'Object Repository/Выручка по ДЗО/Внутренний оборот в фильтре Выручка' is clicked on

03-12-2024T03:03:14 - [MESSAGE][PASSED] - Object: 'Object Repository/Выручка по ДЗО/Внутренний оборот в фильтре Выручка' is clicked on

03-12-2024T03:03:14 - [TEST_STEP][PASSED] - click(findTestObject("Выручка по ДЗО/Применить в фильтре Выручка")): Object: 'Object Repository/Выручка по ДЗО/Применить в фильтре Выручка' is clicked on

03-12-2024T03:03:15 - [MESSAGE][PASSED] - Object: 'Object Repository/Выручка по ДЗО/Применить в фильтре Выручка' is clicked on

03-12-2024T03:03:15 - [TEST_STEP][PASSED] - Script1687405711779.Test(todaysDate): null

03-12-2024T03:03:15 - [TEST_STEP][FAILED] - if (verifyTextNotPresent("нет данных", false) == true): Text 'нет данных' is present on page  (Root cause: com.kms.katalon.core.exception.StepFailedException: Text 'нет данных' is present on page 
	at com.kms.katalon.core.webui.keyword.internal.WebUIKeywordMain.stepFailed(WebUIKeywordMain.groovy:64)
	at com.kms.katalon.core.webui.keyword.builtin.VerifyTextNotPresentKeyword$_verifyTextNotPresent_closure1.doCall(VerifyTextNotPresentKeyword.groovy:77)
	at com.kms.katalon.core.webui.keyword.builtin.VerifyTextNotPresentKeyword$_verifyTextNotPresent_closure1.call(VerifyTextNotPresentKeyword.groovy)
	at com.kms.katalon.core.webui.keyword.internal.WebUIKeywordMain.runKeyword(WebUIKeywordMain.groovy:20)
	at com.kms.katalon.core.webui.keyword.builtin.VerifyTextNotPresentKeyword.verifyTextNotPresent(VerifyTextNotPresentKeyword.groovy:82)
	at com.kms.katalon.core.webui.keyword.builtin.VerifyTextNotPresentKeyword.execute(VerifyTextNotPresentKeyword.groovy:68)
	at com.kms.katalon.core.keyword.internal.KeywordExecutor.executeKeywordForPlatform(KeywordExecutor.groovy:74)
	at com.kms.katalon.core.webui.keyword.WebUiBuiltInKeywords.verifyTextNotPresent(WebUiBuiltInKeywords.groovy:1795)
	at Выручка по ДЗО отображение данных все филиалы.Test(Выручка по ДЗО отображение данных все филиалы:782)
	at Выручка по ДЗО отображение данных все филиалы.Tumbler(Выручка по ДЗО отображение данных все филиалы:738)
	at Выручка по ДЗО отображение данных все филиалы.Change(Выручка по ДЗО отображение данных все филиалы:772)
	at Выручка по ДЗО отображение данных все филиалы.DzoTest(Выручка по ДЗО отображение данных все филиалы:484)
	at Выручка по ДЗО отображение данных все филиалы.run(Выручка по ДЗО отображение данных все филиалы:134)
	at com.kms.katalon.core.main.ScriptEngine.run(ScriptEngine.java:194)
	at com.kms.katalon.core.main.ScriptEngine.runScriptAsRawText(ScriptEngine.java:119)
	at com.kms.katalon.core.main.TestCaseExecutor.runScript(TestCaseExecutor.java:448)
	at com.kms.katalon.core.main.TestCaseExecutor.doExecute(TestCaseExecutor.java:439)
	at com.kms.katalon.core.main.TestCaseExecutor.processExecutionPhase(TestCaseExecutor.java:418)
	at com.kms.katalon.core.main.TestCaseExecutor.accessMainPhase(TestCaseExecutor.java:410)
	at com.kms.katalon.core.main.TestCaseExecutor.execute(TestCaseExecutor.java:285)
	at com.kms.katalon.core.common.CommonExecutor.accessTestCaseMainPhase(CommonExecutor.java:65)
	at com.kms.katalon.core.main.TestSuiteExecutor.accessTestSuiteMainPhase(TestSuiteExecutor.java:150)
	at com.kms.katalon.core.main.TestSuiteExecutor.execute(TestSuiteExecutor.java:106)
	at com.kms.katalon.core.main.TestCaseMain.startTestSuite(TestCaseMain.java:180)
	at TempTestSuite1733182698305.run(TempTestSuite1733182698305.groovy:35)
	at java.base/jdk.internal.reflect.NativeMethodAccessorImpl.invoke0(Native Method)
	at java.base/jdk.internal.reflect.NativeMethodAccessorImpl.invoke(NativeMethodAccessorImpl.java:77)
	at java.base/jdk.internal.reflect.DelegatingMethodAccessorImpl.invoke(DelegatingMethodAccessorImpl.java:43)
)

03-12-2024T03:03:17 - [MESSAGE][FAILED] - Text 'нет данных' is present on page  (Root cause: com.kms.katalon.core.exception.StepFailedException: Text 'нет данных' is present on page 
	at com.kms.katalon.core.webui.keyword.internal.WebUIKeywordMain.stepFailed(WebUIKeywordMain.groovy:64)
	at com.kms.katalon.core.webui.keyword.builtin.VerifyTextNotPresentKeyword$_verifyTextNotPresent_closure1.doCall(VerifyTextNotPresentKeyword.groovy:77)
	at com.kms.katalon.core.webui.keyword.builtin.VerifyTextNotPresentKeyword$_verifyTextNotPresent_closure1.call(VerifyTextNotPresentKeyword.groovy)
	at com.kms.katalon.core.webui.keyword.internal.WebUIKeywordMain.runKeyword(WebUIKeywordMain.groovy:20)
	at com.kms.katalon.core.webui.keyword.builtin.VerifyTextNotPresentKeyword.verifyTextNotPresent(VerifyTextNotPresentKeyword.groovy:82)
	at com.kms.katalon.core.webui.keyword.builtin.VerifyTextNotPresentKeyword.execute(VerifyTextNotPresentKeyword.groovy:68)
	at com.kms.katalon.core.keyword.internal.KeywordExecutor.executeKeywordForPlatform(KeywordExecutor.groovy:74)
	at com.kms.katalon.core.webui.keyword.WebUiBuiltInKeywords.verifyTextNotPresent(WebUiBuiltInKeywords.groovy:1795)
	at Выручка по ДЗО отображение данных все филиалы.Test(Выручка по ДЗО отображение данных все филиалы:782)
	at Выручка по ДЗО отображение данных все филиалы.Tumbler(Выручка по ДЗО отображение данных все филиалы:738)
	at Выручка по ДЗО отображение данных все филиалы.Change(Выручка по ДЗО отображение данных все филиалы:772)
	at Выручка по ДЗО отображение данных все филиалы.DzoTest(Выручка по ДЗО отображение данных все филиалы:484)
	at Выручка по ДЗО отображение данных все филиалы.run(Выручка по ДЗО отображение данных все филиалы:134)
	at com.kms.katalon.core.main.ScriptEngine.run(ScriptEngine.java:194)
	at com.kms.katalon.core.main.ScriptEngine.runScriptAsRawText(ScriptEngine.java:119)
	at com.kms.katalon.core.main.TestCaseExecutor.runScript(TestCaseExecutor.java:448)
	at com.kms.katalon.core.main.TestCaseExecutor.doExecute(TestCaseExecutor.java:439)
	at com.kms.katalon.core.main.TestCaseExecutor.processExecutionPhase(TestCaseExecutor.java:418)
	at com.kms.katalon.core.main.TestCaseExecutor.accessMainPhase(TestCaseExecutor.java:410)
	at com.kms.katalon.core.main.TestCaseExecutor.execute(TestCaseExecutor.java:285)
	at com.kms.katalon.core.common.CommonExecutor.accessTestCaseMainPhase(CommonExecutor.java:65)
	at com.kms.katalon.core.main.TestSuiteExecutor.accessTestSuiteMainPhase(TestSuiteExecutor.java:150)
	at com.kms.katalon.core.main.TestSuiteExecutor.execute(TestSuiteExecutor.java:106)
	at com.kms.katalon.core.main.TestCaseMain.startTestSuite(TestCaseMain.java:180)
	at TempTestSuite1733182698305.run(TempTestSuite1733182698305.groovy:35)
	at java.base/jdk.internal.reflect.NativeMethodAccessorImpl.invoke0(Native Method)
	at java.base/jdk.internal.reflect.NativeMethodAccessorImpl.invoke(NativeMethodAccessorImpl.java:77)
	at java.base/jdk.internal.reflect.DelegatingMethodAccessorImpl.invoke(DelegatingMethodAccessorImpl.java:43)
)

03-12-2024T03:03:17 - [TEST_STEP][PASSED] - else: null

03-12-2024T03:03:17 - [TEST_STEP][PASSED] - Script1687405711779.WriteToExcel(todaysDate): null

03-12-2024T03:03:17 - [TEST_STEP][PASSED] - sheetName = "Sheet1": null

03-12-2024T03:03:17 - [TEST_STEP][PASSED] - data = findTestData("PlanFact"): null

03-12-2024T03:03:17 - [TEST_STEP][PASSED] - n = data.getRowNumbers() + 1: null

03-12-2024T03:03:17 - [TEST_STEP][PASSED] - dZO = getText(findTestObject("Выручка по ДЗО/Фильтр ДЗО")): Text of object 'Object Repository/Выручка по ДЗО/Фильтр ДЗО' is: 'ПАО Россети - РаспредКомплекс - Россети Тюмень'

03-12-2024T03:03:17 - [MESSAGE][PASSED] - Text of object 'Object Repository/Выручка по ДЗО/Фильтр ДЗО' is: 'ПАО Россети - РаспредКомплекс - Россети Тюмень'

03-12-2024T03:03:17 - [TEST_STEP][PASSED] - period = getText(findTestObject("Выручка по ДЗО/Фильтр Дата")): Text of object 'Object Repository/Выручка по ДЗО/Фильтр Дата' is: '1, 2, 3 кв., Октябрь 2024 года'

03-12-2024T03:03:17 - [MESSAGE][PASSED] - Text of object 'Object Repository/Выручка по ДЗО/Фильтр Дата' is: '1, 2, 3 кв., Октябрь 2024 года'

03-12-2024T03:03:17 - [TEST_STEP][PASSED] - viruchka = getText(findTestObject("Выручка по ДЗО/Фильтр Выручка")): Text of object 'Object Repository/Выручка по ДЗО/Фильтр Выручка' is: 'внутренний оборот'

03-12-2024T03:03:17 - [MESSAGE][PASSED] - Text of object 'Object Repository/Выручка по ДЗО/Фильтр Выручка' is: 'внутренний оборот'

03-12-2024T03:03:17 - [TEST_STEP][PASSED] - if (viruchka == "Выбрано: 2"): null

03-12-2024T03:03:17 - [TEST_STEP][PASSED] - if (viruchka == "Все"): null

03-12-2024T03:03:17 - [TEST_STEP][PASSED] - println(period): null

03-12-2024T03:03:17 - [TEST_STEP][PASSED] - dashboardName = "Выручка по ДЗО": null

03-12-2024T03:03:17 - [TEST_STEP][PASSED] - workbook01 = getWorkbook(excelFilePath): null

03-12-2024T03:03:17 - [TEST_STEP][PASSED] - sheet01 = getExcelSheet(workbook01, sheetName): null

03-12-2024T03:03:17 - [TEST_STEP][PASSED] - setValueToCellByIndex(sheet01, n, 0, dashboardName): null

03-12-2024T03:03:17 - [TEST_STEP][PASSED] - setValueToCellByIndex(sheet01, n, 1, dZO): null

03-12-2024T03:03:17 - [TEST_STEP][PASSED] - setValueToCellByIndex(sheet01, n, 2, period): null

03-12-2024T03:03:17 - [TEST_STEP][PASSED] - setValueToCellByIndex(sheet01, n, 3, viruchka): null

03-12-2024T03:03:17 - [TEST_STEP][PASSED] - setValueToCellByIndex(sheet01, n, 4, todaysDate): null

03-12-2024T03:03:17 - [TEST_STEP][PASSED] - n = n + 1: null

03-12-2024T03:03:17 - [TEST_STEP][PASSED] - saveWorkbook(excelFilePath, workbook01): null

03-12-2024T03:03:18 - [TEST_STEP][PASSED] - click(findTestObject("Выручка по ДЗО/Фильтр Выручка")): Object: 'Object Repository/Выручка по ДЗО/Фильтр Выручка' is clicked on

03-12-2024T03:03:18 - [MESSAGE][PASSED] - Object: 'Object Repository/Выручка по ДЗО/Фильтр Выручка' is clicked on

03-12-2024T03:03:18 - [TEST_STEP][PASSED] - click(findTestObject("Выручка по ДЗО/По передаче в фильтре Выручка")): Object: 'Object Repository/Выручка по ДЗО/По передаче в фильтре Выручка' is clicked on

03-12-2024T03:03:19 - [MESSAGE][PASSED] - Object: 'Object Repository/Выручка по ДЗО/По передаче в фильтре Выручка' is clicked on

03-12-2024T03:03:19 - [TEST_STEP][PASSED] - click(findTestObject("Выручка по ДЗО/Применить в фильтре Выручка")): Object: 'Object Repository/Выручка по ДЗО/Применить в фильтре Выручка' is clicked on

03-12-2024T03:03:19 - [MESSAGE][PASSED] - Object: 'Object Repository/Выручка по ДЗО/Применить в фильтре Выручка' is clicked on

03-12-2024T03:03:19 - [TEST_STEP][PASSED] - Script1687405711779.Test(todaysDate): null

03-12-2024T03:03:19 - [TEST_STEP][PASSED] - if (verifyTextNotPresent("нет данных", false) == true): null

03-12-2024T03:03:21 - [MESSAGE][PASSED] - Text 'нет данных' is not present on page

03-12-2024T03:03:21 - [TEST_STEP][PASSED] - if (verifyTextNotPresent("Ошибка запроса данных", false) == true): null

03-12-2024T03:03:22 - [MESSAGE][PASSED] - Text 'Ошибка запроса данных' is not present on page

03-12-2024T03:03:22 - [TEST_STEP][PASSED] - if (verifyTextNotPresent("Произошла ошибка при выполнении пользовательского кода", false) == true): null

03-12-2024T03:03:22 - [MESSAGE][PASSED] - Text 'Произошла ошибка при выполнении пользовательского кода' is not present on page

03-12-2024T03:03:22 - [TEST_STEP][PASSED] - if (verifyTextNotPresent("У виджета нет данных", false) == true): null

03-12-2024T03:03:23 - [MESSAGE][PASSED] - Text 'У виджета нет данных' is not present on page

03-12-2024T03:03:23 - [TEST_STEP][PASSED] - if (verifyTextNotPresent("У виджета нет данных", false) == true): Text 'У виджета нет данных' is not present on page

03-12-2024T03:03:23 - [MESSAGE][PASSED] - Text 'У виджета нет данных' is not present on page

03-12-2024T03:03:23 - [TEST_STEP][PASSED] - click(findTestObject("Выручка по ДЗО/Фильтр Выручка")): Object: 'Object Repository/Выручка по ДЗО/Фильтр Выручка' is clicked on

03-12-2024T03:03:24 - [MESSAGE][PASSED] - Object: 'Object Repository/Выручка по ДЗО/Фильтр Выручка' is clicked on

03-12-2024T03:03:24 - [TEST_STEP][PASSED] - click(findTestObject("Выручка по ДЗО/Снять выделение в фильтре Выручка")): Object: 'Object Repository/Выручка по ДЗО/Снять выделение в фильтре Выручка' is clicked on

03-12-2024T03:03:24 - [MESSAGE][PASSED] - Object: 'Object Repository/Выручка по ДЗО/Снять выделение в фильтре Выручка' is clicked on

03-12-2024T03:03:24 - [TEST_STEP][PASSED] - click(findTestObject("Выручка по ДЗО/По передаче в фильтре Выручка")): Object: 'Object Repository/Выручка по ДЗО/По передаче в фильтре Выручка' is clicked on

03-12-2024T03:03:24 - [MESSAGE][PASSED] - Object: 'Object Repository/Выручка по ДЗО/По передаче в фильтре Выручка' is clicked on

03-12-2024T03:03:24 - [TEST_STEP][PASSED] - click(findTestObject("Выручка по ДЗО/Применить в фильтре Выручка")): Object: 'Object Repository/Выручка по ДЗО/Применить в фильтре Выручка' is clicked on

03-12-2024T03:03:25 - [MESSAGE][PASSED] - Object: 'Object Repository/Выручка по ДЗО/Применить в фильтре Выручка' is clicked on

03-12-2024T03:03:25 - [TEST_STEP][PASSED] - Script1687405711779.Test(todaysDate): null

03-12-2024T03:03:25 - [TEST_STEP][PASSED] - if (verifyTextNotPresent("нет данных", false) == true): null

03-12-2024T03:03:27 - [MESSAGE][PASSED] - Text 'нет данных' is not present on page

03-12-2024T03:03:27 - [TEST_STEP][PASSED] - if (verifyTextNotPresent("Ошибка запроса данных", false) == true): null

03-12-2024T03:03:27 - [MESSAGE][PASSED] - Text 'Ошибка запроса данных' is not present on page

03-12-2024T03:03:27 - [TEST_STEP][PASSED] - if (verifyTextNotPresent("Произошла ошибка при выполнении пользовательского кода", false) == true): null

03-12-2024T03:03:28 - [MESSAGE][PASSED] - Text 'Произошла ошибка при выполнении пользовательского кода' is not present on page

03-12-2024T03:03:28 - [TEST_STEP][PASSED] - if (verifyTextNotPresent("У виджета нет данных", false) == true): null

03-12-2024T03:03:28 - [MESSAGE][PASSED] - Text 'У виджета нет данных' is not present on page

03-12-2024T03:03:28 - [TEST_STEP][PASSED] - if (verifyTextNotPresent("У виджета нет данных", false) == true): Text 'У виджета нет данных' is not present on page

03-12-2024T03:03:29 - [MESSAGE][PASSED] - Text 'У виджета нет данных' is not present on page

03-12-2024T03:03:29 - [TEST_STEP][PASSED] - click(findTestObject("Выручка по ДЗО/Фильтр Выручка")): Object: 'Object Repository/Выручка по ДЗО/Фильтр Выручка' is clicked on

03-12-2024T03:03:29 - [MESSAGE][PASSED] - Object: 'Object Repository/Выручка по ДЗО/Фильтр Выручка' is clicked on

03-12-2024T03:03:29 - [TEST_STEP][PASSED] - click(findTestObject("Выручка по ДЗО/Снять выделение в фильтре Выручка")): Object: 'Object Repository/Выручка по ДЗО/Снять выделение в фильтре Выручка' is clicked on

03-12-2024T03:03:30 - [MESSAGE][PASSED] - Object: 'Object Repository/Выручка по ДЗО/Снять выделение в фильтре Выручка' is clicked on

03-12-2024T03:03:30 - [TEST_STEP][PASSED] - click(findTestObject("Выручка по ДЗО/Применить в фильтре Выручка")): Object: 'Object Repository/Выручка по ДЗО/Применить в фильтре Выручка' is clicked on

03-12-2024T03:03:30 - [MESSAGE][PASSED] - Object: 'Object Repository/Выручка по ДЗО/Применить в фильтре Выручка' is clicked on

03-12-2024T03:03:30 - [TEST_STEP][PASSED] - click(findTestObject("Выручка по ДЗО/Фильтр ДЗО")): Object: 'Object Repository/Выручка по ДЗО/Фильтр ДЗО' is clicked on

03-12-2024T03:03:32 - [MESSAGE][PASSED] - Object: 'Object Repository/Выручка по ДЗО/Фильтр ДЗО' is clicked on

03-12-2024T03:03:32 - [TEST_STEP][PASSED] - click(findTestObject("Выручка по ДЗО/Снять выделение в фильтре ДЗО")): Object: 'Object Repository/Выручка по ДЗО/Снять выделение в фильтре ДЗО' is clicked on

03-12-2024T03:03:32 - [MESSAGE][PASSED] - Object: 'Object Repository/Выручка по ДЗО/Снять выделение в фильтре ДЗО' is clicked on

03-12-2024T03:03:32 - [TEST_STEP][PASSED] - scrollToElement(findTestObject("Общие объекты/Раскрыть список Россети Тюмень"), 30): Scroll to object 'Object Repository/Общие объекты/Раскрыть список Россети Тюмень' successfully

03-12-2024T03:03:32 - [MESSAGE][PASSED] - Scroll to object 'Object Repository/Общие объекты/Раскрыть список Россети Тюмень' successfully

03-12-2024T03:03:32 - [TEST_STEP][PASSED] - click(findTestObject("Общие объекты/Раскрыть список Россети Тюмень"), CONTINUE_ON_FAILURE): Object: 'Object Repository/Общие объекты/Раскрыть список Россети Тюмень' is clicked on

03-12-2024T03:03:33 - [MESSAGE][PASSED] - Object: 'Object Repository/Общие объекты/Раскрыть список Россети Тюмень' is clicked on

03-12-2024T03:03:33 - [TEST_STEP][PASSED] - scrollToElement(findTestObject("Выручка по ДЗО/Россети Тюмень нижний уровень"), 30): Scroll to object 'Object Repository/Выручка по ДЗО/Россети Тюмень нижний уровень' successfully

03-12-2024T03:03:33 - [MESSAGE][PASSED] - Scroll to object 'Object Repository/Выручка по ДЗО/Россети Тюмень нижний уровень' successfully

03-12-2024T03:03:33 - [TEST_STEP][PASSED] - click(findTestObject("Выручка по ДЗО/Россети Тюмень нижний уровень"), CONTINUE_ON_FAILURE): Object: 'Object Repository/Выручка по ДЗО/Россети Тюмень нижний уровень' is clicked on

03-12-2024T03:03:33 - [MESSAGE][PASSED] - Object: 'Object Repository/Выручка по ДЗО/Россети Тюмень нижний уровень' is clicked on

03-12-2024T03:03:33 - [TEST_STEP][PASSED] - Script1687405711779.Change(todaysDate): null

03-12-2024T03:03:33 - [TEST_STEP][PASSED] - scrollToElement(findTestObject("Выручка по ДЗО/Заголовок дашборда"), 30): Scroll to object 'Object Repository/Выручка по ДЗО/Заголовок дашборда' successfully

03-12-2024T03:03:34 - [MESSAGE][PASSED] - Scroll to object 'Object Repository/Выручка по ДЗО/Заголовок дашборда' successfully

03-12-2024T03:03:34 - [TEST_STEP][PASSED] - click(findTestObject("Выручка по ДЗО/Применить в фильтре ДЗО")): Object: 'Object Repository/Выручка по ДЗО/Применить в фильтре ДЗО' is clicked on

03-12-2024T03:03:34 - [MESSAGE][PASSED] - Object: 'Object Repository/Выручка по ДЗО/Применить в фильтре ДЗО' is clicked on

03-12-2024T03:03:34 - [TEST_STEP][PASSED] - Script1687405711779.Tumbler(todaysDate): null

03-12-2024T03:03:34 - [TEST_STEP][PASSED] - Script1687405711779.Test(todaysDate): null

03-12-2024T03:03:34 - [TEST_STEP][PASSED] - if (verifyTextNotPresent("нет данных", false) == true): null

03-12-2024T03:03:36 - [MESSAGE][PASSED] - Text 'нет данных' is not present on page

03-12-2024T03:03:36 - [TEST_STEP][PASSED] - if (verifyTextNotPresent("Ошибка запроса данных", false) == true): null

03-12-2024T03:03:39 - [MESSAGE][PASSED] - Text 'Ошибка запроса данных' is not present on page

03-12-2024T03:03:39 - [TEST_STEP][PASSED] - if (verifyTextNotPresent("Произошла ошибка при выполнении пользовательского кода", false) == true): null

03-12-2024T03:03:39 - [MESSAGE][PASSED] - Text 'Произошла ошибка при выполнении пользовательского кода' is not present on page

03-12-2024T03:03:39 - [TEST_STEP][PASSED] - if (verifyTextNotPresent("У виджета нет данных", false) == true): null

03-12-2024T03:03:40 - [MESSAGE][PASSED] - Text 'У виджета нет данных' is not present on page

03-12-2024T03:03:40 - [TEST_STEP][PASSED] - if (verifyTextNotPresent("У виджета нет данных", false) == true): Text 'У виджета нет данных' is not present on page

03-12-2024T03:03:40 - [MESSAGE][PASSED] - Text 'У виджета нет данных' is not present on page

03-12-2024T03:03:40 - [TEST_STEP][PASSED] - click(findTestObject("Выручка по ДЗО/Фильтр Выручка")): Object: 'Object Repository/Выручка по ДЗО/Фильтр Выручка' is clicked on

03-12-2024T03:03:40 - [MESSAGE][PASSED] - Object: 'Object Repository/Выручка по ДЗО/Фильтр Выручка' is clicked on

03-12-2024T03:03:40 - [TEST_STEP][PASSED] - click(findTestObject("Выручка по ДЗО/Внутренний оборот в фильтре Выручка")): Object: 'Object Repository/Выручка по ДЗО/Внутренний оборот в фильтре Выручка' is clicked on

03-12-2024T03:03:41 - [MESSAGE][PASSED] - Object: 'Object Repository/Выручка по ДЗО/Внутренний оборот в фильтре Выручка' is clicked on

03-12-2024T03:03:41 - [TEST_STEP][PASSED] - click(findTestObject("Выручка по ДЗО/Применить в фильтре Выручка")): Object: 'Object Repository/Выручка по ДЗО/Применить в фильтре Выручка' is clicked on

03-12-2024T03:03:42 - [MESSAGE][PASSED] - Object: 'Object Repository/Выручка по ДЗО/Применить в фильтре Выручка' is clicked on

03-12-2024T03:03:42 - [TEST_STEP][PASSED] - Script1687405711779.Test(todaysDate): null

03-12-2024T03:03:42 - [TEST_STEP][FAILED] - if (verifyTextNotPresent("нет данных", false) == true): Text 'нет данных' is present on page  (Root cause: com.kms.katalon.core.exception.StepFailedException: Text 'нет данных' is present on page 
	at com.kms.katalon.core.webui.keyword.internal.WebUIKeywordMain.stepFailed(WebUIKeywordMain.groovy:64)
	at com.kms.katalon.core.webui.keyword.builtin.VerifyTextNotPresentKeyword$_verifyTextNotPresent_closure1.doCall(VerifyTextNotPresentKeyword.groovy:77)
	at com.kms.katalon.core.webui.keyword.builtin.VerifyTextNotPresentKeyword$_verifyTextNotPresent_closure1.call(VerifyTextNotPresentKeyword.groovy)
	at com.kms.katalon.core.webui.keyword.internal.WebUIKeywordMain.runKeyword(WebUIKeywordMain.groovy:20)
	at com.kms.katalon.core.webui.keyword.builtin.VerifyTextNotPresentKeyword.verifyTextNotPresent(VerifyTextNotPresentKeyword.groovy:82)
	at com.kms.katalon.core.webui.keyword.builtin.VerifyTextNotPresentKeyword.execute(VerifyTextNotPresentKeyword.groovy:68)
	at com.kms.katalon.core.keyword.internal.KeywordExecutor.executeKeywordForPlatform(KeywordExecutor.groovy:74)
	at com.kms.katalon.core.webui.keyword.WebUiBuiltInKeywords.verifyTextNotPresent(WebUiBuiltInKeywords.groovy:1795)
	at Выручка по ДЗО отображение данных все филиалы.Test(Выручка по ДЗО отображение данных все филиалы:782)
	at Выручка по ДЗО отображение данных все филиалы.Tumbler(Выручка по ДЗО отображение данных все филиалы:738)
	at Выручка по ДЗО отображение данных все филиалы.Change(Выручка по ДЗО отображение данных все филиалы:772)
	at Выручка по ДЗО отображение данных все филиалы.DzoTest(Выручка по ДЗО отображение данных все филиалы:494)
	at Выручка по ДЗО отображение данных все филиалы.run(Выручка по ДЗО отображение данных все филиалы:134)
	at com.kms.katalon.core.main.ScriptEngine.run(ScriptEngine.java:194)
	at com.kms.katalon.core.main.ScriptEngine.runScriptAsRawText(ScriptEngine.java:119)
	at com.kms.katalon.core.main.TestCaseExecutor.runScript(TestCaseExecutor.java:448)
	at com.kms.katalon.core.main.TestCaseExecutor.doExecute(TestCaseExecutor.java:439)
	at com.kms.katalon.core.main.TestCaseExecutor.processExecutionPhase(TestCaseExecutor.java:418)
	at com.kms.katalon.core.main.TestCaseExecutor.accessMainPhase(TestCaseExecutor.java:410)
	at com.kms.katalon.core.main.TestCaseExecutor.execute(TestCaseExecutor.java:285)
	at com.kms.katalon.core.common.CommonExecutor.accessTestCaseMainPhase(CommonExecutor.java:65)
	at com.kms.katalon.core.main.TestSuiteExecutor.accessTestSuiteMainPhase(TestSuiteExecutor.java:150)
	at com.kms.katalon.core.main.TestSuiteExecutor.execute(TestSuiteExecutor.java:106)
	at com.kms.katalon.core.main.TestCaseMain.startTestSuite(TestCaseMain.java:180)
	at TempTestSuite1733182698305.run(TempTestSuite1733182698305.groovy:35)
	at java.base/jdk.internal.reflect.NativeMethodAccessorImpl.invoke0(Native Method)
	at java.base/jdk.internal.reflect.NativeMethodAccessorImpl.invoke(NativeMethodAccessorImpl.java:77)
	at java.base/jdk.internal.reflect.DelegatingMethodAccessorImpl.invoke(DelegatingMethodAccessorImpl.java:43)
)

03-12-2024T03:03:44 - [MESSAGE][FAILED] - Text 'нет данных' is present on page  (Root cause: com.kms.katalon.core.exception.StepFailedException: Text 'нет данных' is present on page 
	at com.kms.katalon.core.webui.keyword.internal.WebUIKeywordMain.stepFailed(WebUIKeywordMain.groovy:64)
	at com.kms.katalon.core.webui.keyword.builtin.VerifyTextNotPresentKeyword$_verifyTextNotPresent_closure1.doCall(VerifyTextNotPresentKeyword.groovy:77)
	at com.kms.katalon.core.webui.keyword.builtin.VerifyTextNotPresentKeyword$_verifyTextNotPresent_closure1.call(VerifyTextNotPresentKeyword.groovy)
	at com.kms.katalon.core.webui.keyword.internal.WebUIKeywordMain.runKeyword(WebUIKeywordMain.groovy:20)
	at com.kms.katalon.core.webui.keyword.builtin.VerifyTextNotPresentKeyword.verifyTextNotPresent(VerifyTextNotPresentKeyword.groovy:82)
	at com.kms.katalon.core.webui.keyword.builtin.VerifyTextNotPresentKeyword.execute(VerifyTextNotPresentKeyword.groovy:68)
	at com.kms.katalon.core.keyword.internal.KeywordExecutor.executeKeywordForPlatform(KeywordExecutor.groovy:74)
	at com.kms.katalon.core.webui.keyword.WebUiBuiltInKeywords.verifyTextNotPresent(WebUiBuiltInKeywords.groovy:1795)
	at Выручка по ДЗО отображение данных все филиалы.Test(Выручка по ДЗО отображение данных все филиалы:782)
	at Выручка по ДЗО отображение данных все филиалы.Tumbler(Выручка по ДЗО отображение данных все филиалы:738)
	at Выручка по ДЗО отображение данных все филиалы.Change(Выручка по ДЗО отображение данных все филиалы:772)
	at Выручка по ДЗО отображение данных все филиалы.DzoTest(Выручка по ДЗО отображение данных все филиалы:494)
	at Выручка по ДЗО отображение данных все филиалы.run(Выручка по ДЗО отображение данных все филиалы:134)
	at com.kms.katalon.core.main.ScriptEngine.run(ScriptEngine.java:194)
	at com.kms.katalon.core.main.ScriptEngine.runScriptAsRawText(ScriptEngine.java:119)
	at com.kms.katalon.core.main.TestCaseExecutor.runScript(TestCaseExecutor.java:448)
	at com.kms.katalon.core.main.TestCaseExecutor.doExecute(TestCaseExecutor.java:439)
	at com.kms.katalon.core.main.TestCaseExecutor.processExecutionPhase(TestCaseExecutor.java:418)
	at com.kms.katalon.core.main.TestCaseExecutor.accessMainPhase(TestCaseExecutor.java:410)
	at com.kms.katalon.core.main.TestCaseExecutor.execute(TestCaseExecutor.java:285)
	at com.kms.katalon.core.common.CommonExecutor.accessTestCaseMainPhase(CommonExecutor.java:65)
	at com.kms.katalon.core.main.TestSuiteExecutor.accessTestSuiteMainPhase(TestSuiteExecutor.java:150)
	at com.kms.katalon.core.main.TestSuiteExecutor.execute(TestSuiteExecutor.java:106)
	at com.kms.katalon.core.main.TestCaseMain.startTestSuite(TestCaseMain.java:180)
	at TempTestSuite1733182698305.run(TempTestSuite1733182698305.groovy:35)
	at java.base/jdk.internal.reflect.NativeMethodAccessorImpl.invoke0(Native Method)
	at java.base/jdk.internal.reflect.NativeMethodAccessorImpl.invoke(NativeMethodAccessorImpl.java:77)
	at java.base/jdk.internal.reflect.DelegatingMethodAccessorImpl.invoke(DelegatingMethodAccessorImpl.java:43)
)

03-12-2024T03:03:44 - [TEST_STEP][PASSED] - else: null

03-12-2024T03:03:44 - [TEST_STEP][PASSED] - Script1687405711779.WriteToExcel(todaysDate): null

03-12-2024T03:03:44 - [TEST_STEP][PASSED] - sheetName = "Sheet1": null

03-12-2024T03:03:44 - [TEST_STEP][PASSED] - data = findTestData("PlanFact"): null

03-12-2024T03:03:44 - [TEST_STEP][PASSED] - n = data.getRowNumbers() + 1: null

03-12-2024T03:03:44 - [TEST_STEP][PASSED] - dZO = getText(findTestObject("Выручка по ДЗО/Фильтр ДЗО")): Text of object 'Object Repository/Выручка по ДЗО/Фильтр ДЗО' is: 'ПАО Россети - РаспредКомплекс - Россети Тюмень - Россети Тюмень'

03-12-2024T03:03:44 - [MESSAGE][PASSED] - Text of object 'Object Repository/Выручка по ДЗО/Фильтр ДЗО' is: 'ПАО Россети - РаспредКомплекс - Россети Тюмень - Россети Тюмень'

03-12-2024T03:03:44 - [TEST_STEP][PASSED] - period = getText(findTestObject("Выручка по ДЗО/Фильтр Дата")): Text of object 'Object Repository/Выручка по ДЗО/Фильтр Дата' is: '1, 2, 3 кв., Октябрь 2024 года'

03-12-2024T03:03:44 - [MESSAGE][PASSED] - Text of object 'Object Repository/Выручка по ДЗО/Фильтр Дата' is: '1, 2, 3 кв., Октябрь 2024 года'

03-12-2024T03:03:44 - [TEST_STEP][PASSED] - viruchka = getText(findTestObject("Выручка по ДЗО/Фильтр Выручка")): Text of object 'Object Repository/Выручка по ДЗО/Фильтр Выручка' is: 'внутренний оборот'

03-12-2024T03:03:45 - [MESSAGE][PASSED] - Text of object 'Object Repository/Выручка по ДЗО/Фильтр Выручка' is: 'внутренний оборот'

03-12-2024T03:03:45 - [TEST_STEP][PASSED] - if (viruchka == "Выбрано: 2"): null

03-12-2024T03:03:45 - [TEST_STEP][PASSED] - if (viruchka == "Все"): null

03-12-2024T03:03:45 - [TEST_STEP][PASSED] - println(period): null

03-12-2024T03:03:45 - [TEST_STEP][PASSED] - dashboardName = "Выручка по ДЗО": null

03-12-2024T03:03:45 - [TEST_STEP][PASSED] - workbook01 = getWorkbook(excelFilePath): null

03-12-2024T03:03:45 - [TEST_STEP][PASSED] - sheet01 = getExcelSheet(workbook01, sheetName): null

03-12-2024T03:03:45 - [TEST_STEP][PASSED] - setValueToCellByIndex(sheet01, n, 0, dashboardName): null

03-12-2024T03:03:45 - [TEST_STEP][PASSED] - setValueToCellByIndex(sheet01, n, 1, dZO): null

03-12-2024T03:03:45 - [TEST_STEP][PASSED] - setValueToCellByIndex(sheet01, n, 2, period): null

03-12-2024T03:03:45 - [TEST_STEP][PASSED] - setValueToCellByIndex(sheet01, n, 3, viruchka): null

03-12-2024T03:03:45 - [TEST_STEP][PASSED] - setValueToCellByIndex(sheet01, n, 4, todaysDate): null

03-12-2024T03:03:45 - [TEST_STEP][PASSED] - n = n + 1: null

03-12-2024T03:03:45 - [TEST_STEP][PASSED] - saveWorkbook(excelFilePath, workbook01): null

03-12-2024T03:03:45 - [TEST_STEP][PASSED] - click(findTestObject("Выручка по ДЗО/Фильтр Выручка")): Object: 'Object Repository/Выручка по ДЗО/Фильтр Выручка' is clicked on

03-12-2024T03:03:45 - [MESSAGE][PASSED] - Object: 'Object Repository/Выручка по ДЗО/Фильтр Выручка' is clicked on

03-12-2024T03:03:45 - [TEST_STEP][PASSED] - click(findTestObject("Выручка по ДЗО/По передаче в фильтре Выручка")): Object: 'Object Repository/Выручка по ДЗО/По передаче в фильтре Выручка' is clicked on

03-12-2024T03:03:46 - [MESSAGE][PASSED] - Object: 'Object Repository/Выручка по ДЗО/По передаче в фильтре Выручка' is clicked on

03-12-2024T03:03:46 - [TEST_STEP][PASSED] - click(findTestObject("Выручка по ДЗО/Применить в фильтре Выручка")): Object: 'Object Repository/Выручка по ДЗО/Применить в фильтре Выручка' is clicked on

03-12-2024T03:03:46 - [MESSAGE][PASSED] - Object: 'Object Repository/Выручка по ДЗО/Применить в фильтре Выручка' is clicked on

03-12-2024T03:03:46 - [TEST_STEP][PASSED] - Script1687405711779.Test(todaysDate): null

03-12-2024T03:03:46 - [TEST_STEP][PASSED] - if (verifyTextNotPresent("нет данных", false) == true): null

03-12-2024T03:03:48 - [MESSAGE][PASSED] - Text 'нет данных' is not present on page

03-12-2024T03:03:48 - [TEST_STEP][PASSED] - if (verifyTextNotPresent("Ошибка запроса данных", false) == true): null

03-12-2024T03:03:49 - [MESSAGE][PASSED] - Text 'Ошибка запроса данных' is not present on page

03-12-2024T03:03:49 - [TEST_STEP][PASSED] - if (verifyTextNotPresent("Произошла ошибка при выполнении пользовательского кода", false) == true): null

03-12-2024T03:03:50 - [MESSAGE][PASSED] - Text 'Произошла ошибка при выполнении пользовательского кода' is not present on page

03-12-2024T03:03:50 - [TEST_STEP][PASSED] - if (verifyTextNotPresent("У виджета нет данных", false) == true): null

03-12-2024T03:03:50 - [MESSAGE][PASSED] - Text 'У виджета нет данных' is not present on page

03-12-2024T03:03:50 - [TEST_STEP][PASSED] - if (verifyTextNotPresent("У виджета нет данных", false) == true): Text 'У виджета нет данных' is not present on page

03-12-2024T03:03:51 - [MESSAGE][PASSED] - Text 'У виджета нет данных' is not present on page

03-12-2024T03:03:51 - [TEST_STEP][PASSED] - click(findTestObject("Выручка по ДЗО/Фильтр Выручка")): Object: 'Object Repository/Выручка по ДЗО/Фильтр Выручка' is clicked on

03-12-2024T03:03:51 - [MESSAGE][PASSED] - Object: 'Object Repository/Выручка по ДЗО/Фильтр Выручка' is clicked on

03-12-2024T03:03:51 - [TEST_STEP][PASSED] - click(findTestObject("Выручка по ДЗО/Снять выделение в фильтре Выручка")): Object: 'Object Repository/Выручка по ДЗО/Снять выделение в фильтре Выручка' is clicked on

03-12-2024T03:03:51 - [MESSAGE][PASSED] - Object: 'Object Repository/Выручка по ДЗО/Снять выделение в фильтре Выручка' is clicked on

03-12-2024T03:03:51 - [TEST_STEP][PASSED] - click(findTestObject("Выручка по ДЗО/По передаче в фильтре Выручка")): Object: 'Object Repository/Выручка по ДЗО/По передаче в фильтре Выручка' is clicked on

03-12-2024T03:03:52 - [MESSAGE][PASSED] - Object: 'Object Repository/Выручка по ДЗО/По передаче в фильтре Выручка' is clicked on

03-12-2024T03:03:52 - [TEST_STEP][PASSED] - click(findTestObject("Выручка по ДЗО/Применить в фильтре Выручка")): Object: 'Object Repository/Выручка по ДЗО/Применить в фильтре Выручка' is clicked on

03-12-2024T03:03:52 - [MESSAGE][PASSED] - Object: 'Object Repository/Выручка по ДЗО/Применить в фильтре Выручка' is clicked on

03-12-2024T03:03:52 - [TEST_STEP][PASSED] - Script1687405711779.Test(todaysDate): null

03-12-2024T03:03:52 - [TEST_STEP][PASSED] - if (verifyTextNotPresent("нет данных", false) == true): null

03-12-2024T03:03:54 - [MESSAGE][PASSED] - Text 'нет данных' is not present on page

03-12-2024T03:03:54 - [TEST_STEP][PASSED] - if (verifyTextNotPresent("Ошибка запроса данных", false) == true): null

03-12-2024T03:03:55 - [MESSAGE][PASSED] - Text 'Ошибка запроса данных' is not present on page

03-12-2024T03:03:55 - [TEST_STEP][PASSED] - if (verifyTextNotPresent("Произошла ошибка при выполнении пользовательского кода", false) == true): null

03-12-2024T03:03:55 - [MESSAGE][PASSED] - Text 'Произошла ошибка при выполнении пользовательского кода' is not present on page

03-12-2024T03:03:55 - [TEST_STEP][PASSED] - if (verifyTextNotPresent("У виджета нет данных", false) == true): null

03-12-2024T03:03:56 - [MESSAGE][PASSED] - Text 'У виджета нет данных' is not present on page

03-12-2024T03:03:56 - [TEST_STEP][PASSED] - if (verifyTextNotPresent("У виджета нет данных", false) == true): Text 'У виджета нет данных' is not present on page

03-12-2024T03:03:56 - [MESSAGE][PASSED] - Text 'У виджета нет данных' is not present on page

03-12-2024T03:03:56 - [TEST_STEP][PASSED] - click(findTestObject("Выручка по ДЗО/Фильтр Выручка")): Object: 'Object Repository/Выручка по ДЗО/Фильтр Выручка' is clicked on

03-12-2024T03:03:56 - [MESSAGE][PASSED] - Object: 'Object Repository/Выручка по ДЗО/Фильтр Выручка' is clicked on

03-12-2024T03:03:56 - [TEST_STEP][PASSED] - click(findTestObject("Выручка по ДЗО/Снять выделение в фильтре Выручка")): Object: 'Object Repository/Выручка по ДЗО/Снять выделение в фильтре Выручка' is clicked on

03-12-2024T03:03:57 - [MESSAGE][PASSED] - Object: 'Object Repository/Выручка по ДЗО/Снять выделение в фильтре Выручка' is clicked on

03-12-2024T03:03:57 - [TEST_STEP][PASSED] - click(findTestObject("Выручка по ДЗО/Применить в фильтре Выручка")): Object: 'Object Repository/Выручка по ДЗО/Применить в фильтре Выручка' is clicked on

03-12-2024T03:03:57 - [MESSAGE][PASSED] - Object: 'Object Repository/Выручка по ДЗО/Применить в фильтре Выручка' is clicked on

03-12-2024T03:03:57 - [TEST_STEP][PASSED] - click(findTestObject("Выручка по ДЗО/Фильтр ДЗО")): Object: 'Object Repository/Выручка по ДЗО/Фильтр ДЗО' is clicked on

03-12-2024T03:03:59 - [MESSAGE][PASSED] - Object: 'Object Repository/Выручка по ДЗО/Фильтр ДЗО' is clicked on

03-12-2024T03:03:59 - [TEST_STEP][PASSED] - click(findTestObject("Выручка по ДЗО/Снять выделение в фильтре ДЗО")): Object: 'Object Repository/Выручка по ДЗО/Снять выделение в фильтре ДЗО' is clicked on

03-12-2024T03:03:59 - [MESSAGE][PASSED] - Object: 'Object Repository/Выручка по ДЗО/Снять выделение в фильтре ДЗО' is clicked on

03-12-2024T03:03:59 - [TEST_STEP][PASSED] - scrollToElement(findTestObject("Выручка по ДЗО/Россети Урал Выручка по ДЗО"), 30): Scroll to object 'Object Repository/Выручка по ДЗО/Россети Урал Выручка по ДЗО' successfully

03-12-2024T03:04:00 - [MESSAGE][PASSED] - Scroll to object 'Object Repository/Выручка по ДЗО/Россети Урал Выручка по ДЗО' successfully

03-12-2024T03:04:00 - [TEST_STEP][PASSED] - click(findTestObject("Выручка по ДЗО/Россети Урал Выручка по ДЗО")): Object: 'Object Repository/Выручка по ДЗО/Россети Урал Выручка по ДЗО' is clicked on

03-12-2024T03:04:00 - [MESSAGE][PASSED] - Object: 'Object Repository/Выручка по ДЗО/Россети Урал Выручка по ДЗО' is clicked on

03-12-2024T03:04:00 - [TEST_STEP][PASSED] - scrollToElement(findTestObject("Выручка по ДЗО/Фильтр ДЗО"), 30): Scroll to object 'Object Repository/Выручка по ДЗО/Фильтр ДЗО' successfully

03-12-2024T03:04:01 - [MESSAGE][PASSED] - Scroll to object 'Object Repository/Выручка по ДЗО/Фильтр ДЗО' successfully

03-12-2024T03:04:01 - [TEST_STEP][PASSED] - Script1687405711779.Change(todaysDate): null

03-12-2024T03:04:01 - [TEST_STEP][PASSED] - scrollToElement(findTestObject("Выручка по ДЗО/Заголовок дашборда"), 30): Scroll to object 'Object Repository/Выручка по ДЗО/Заголовок дашборда' successfully

03-12-2024T03:04:01 - [MESSAGE][PASSED] - Scroll to object 'Object Repository/Выручка по ДЗО/Заголовок дашборда' successfully

03-12-2024T03:04:01 - [TEST_STEP][PASSED] - click(findTestObject("Выручка по ДЗО/Применить в фильтре ДЗО")): Object: 'Object Repository/Выручка по ДЗО/Применить в фильтре ДЗО' is clicked on

03-12-2024T03:04:01 - [MESSAGE][PASSED] - Object: 'Object Repository/Выручка по ДЗО/Применить в фильтре ДЗО' is clicked on

03-12-2024T03:04:01 - [TEST_STEP][PASSED] - Script1687405711779.Tumbler(todaysDate): null

03-12-2024T03:04:01 - [TEST_STEP][PASSED] - Script1687405711779.Test(todaysDate): null

03-12-2024T03:04:01 - [TEST_STEP][PASSED] - if (verifyTextNotPresent("нет данных", false) == true): null

03-12-2024T03:04:03 - [MESSAGE][PASSED] - Text 'нет данных' is not present on page

03-12-2024T03:04:03 - [TEST_STEP][PASSED] - if (verifyTextNotPresent("Ошибка запроса данных", false) == true): null

03-12-2024T03:04:05 - [MESSAGE][PASSED] - Text 'Ошибка запроса данных' is not present on page

03-12-2024T03:04:05 - [TEST_STEP][PASSED] - if (verifyTextNotPresent("Произошла ошибка при выполнении пользовательского кода", false) == true): null

03-12-2024T03:04:05 - [MESSAGE][PASSED] - Text 'Произошла ошибка при выполнении пользовательского кода' is not present on page

03-12-2024T03:04:05 - [TEST_STEP][PASSED] - if (verifyTextNotPresent("У виджета нет данных", false) == true): null

03-12-2024T03:04:06 - [MESSAGE][PASSED] - Text 'У виджета нет данных' is not present on page

03-12-2024T03:04:06 - [TEST_STEP][PASSED] - if (verifyTextNotPresent("У виджета нет данных", false) == true): Text 'У виджета нет данных' is not present on page

03-12-2024T03:04:06 - [MESSAGE][PASSED] - Text 'У виджета нет данных' is not present on page

03-12-2024T03:04:06 - [TEST_STEP][PASSED] - click(findTestObject("Выручка по ДЗО/Фильтр Выручка")): Object: 'Object Repository/Выручка по ДЗО/Фильтр Выручка' is clicked on

03-12-2024T03:04:07 - [MESSAGE][PASSED] - Object: 'Object Repository/Выручка по ДЗО/Фильтр Выручка' is clicked on

03-12-2024T03:04:07 - [TEST_STEP][PASSED] - click(findTestObject("Выручка по ДЗО/Внутренний оборот в фильтре Выручка")): Object: 'Object Repository/Выручка по ДЗО/Внутренний оборот в фильтре Выручка' is clicked on

03-12-2024T03:04:07 - [MESSAGE][PASSED] - Object: 'Object Repository/Выручка по ДЗО/Внутренний оборот в фильтре Выручка' is clicked on

03-12-2024T03:04:07 - [TEST_STEP][PASSED] - click(findTestObject("Выручка по ДЗО/Применить в фильтре Выручка")): Object: 'Object Repository/Выручка по ДЗО/Применить в фильтре Выручка' is clicked on

03-12-2024T03:04:08 - [MESSAGE][PASSED] - Object: 'Object Repository/Выручка по ДЗО/Применить в фильтре Выручка' is clicked on

03-12-2024T03:04:08 - [TEST_STEP][PASSED] - Script1687405711779.Test(todaysDate): null

03-12-2024T03:04:08 - [TEST_STEP][FAILED] - if (verifyTextNotPresent("нет данных", false) == true): Text 'нет данных' is present on page  (Root cause: com.kms.katalon.core.exception.StepFailedException: Text 'нет данных' is present on page 
	at com.kms.katalon.core.webui.keyword.internal.WebUIKeywordMain.stepFailed(WebUIKeywordMain.groovy:64)
	at com.kms.katalon.core.webui.keyword.builtin.VerifyTextNotPresentKeyword$_verifyTextNotPresent_closure1.doCall(VerifyTextNotPresentKeyword.groovy:77)
	at com.kms.katalon.core.webui.keyword.builtin.VerifyTextNotPresentKeyword$_verifyTextNotPresent_closure1.call(VerifyTextNotPresentKeyword.groovy)
	at com.kms.katalon.core.webui.keyword.internal.WebUIKeywordMain.runKeyword(WebUIKeywordMain.groovy:20)
	at com.kms.katalon.core.webui.keyword.builtin.VerifyTextNotPresentKeyword.verifyTextNotPresent(VerifyTextNotPresentKeyword.groovy:82)
	at com.kms.katalon.core.webui.keyword.builtin.VerifyTextNotPresentKeyword.execute(VerifyTextNotPresentKeyword.groovy:68)
	at com.kms.katalon.core.keyword.internal.KeywordExecutor.executeKeywordForPlatform(KeywordExecutor.groovy:74)
	at com.kms.katalon.core.webui.keyword.WebUiBuiltInKeywords.verifyTextNotPresent(WebUiBuiltInKeywords.groovy:1795)
	at Выручка по ДЗО отображение данных все филиалы.Test(Выручка по ДЗО отображение данных все филиалы:782)
	at Выручка по ДЗО отображение данных все филиалы.Tumbler(Выручка по ДЗО отображение данных все филиалы:738)
	at Выручка по ДЗО отображение данных все филиалы.Change(Выручка по ДЗО отображение данных все филиалы:772)
	at Выручка по ДЗО отображение данных все филиалы.DzoTest(Выручка по ДЗО отображение данных все филиалы:502)
	at Выручка по ДЗО отображение данных все филиалы.run(Выручка по ДЗО отображение данных все филиалы:134)
	at com.kms.katalon.core.main.ScriptEngine.run(ScriptEngine.java:194)
	at com.kms.katalon.core.main.ScriptEngine.runScriptAsRawText(ScriptEngine.java:119)
	at com.kms.katalon.core.main.TestCaseExecutor.runScript(TestCaseExecutor.java:448)
	at com.kms.katalon.core.main.TestCaseExecutor.doExecute(TestCaseExecutor.java:439)
	at com.kms.katalon.core.main.TestCaseExecutor.processExecutionPhase(TestCaseExecutor.java:418)
	at com.kms.katalon.core.main.TestCaseExecutor.accessMainPhase(TestCaseExecutor.java:410)
	at com.kms.katalon.core.main.TestCaseExecutor.execute(TestCaseExecutor.java:285)
	at com.kms.katalon.core.common.CommonExecutor.accessTestCaseMainPhase(CommonExecutor.java:65)
	at com.kms.katalon.core.main.TestSuiteExecutor.accessTestSuiteMainPhase(TestSuiteExecutor.java:150)
	at com.kms.katalon.core.main.TestSuiteExecutor.execute(TestSuiteExecutor.java:106)
	at com.kms.katalon.core.main.TestCaseMain.startTestSuite(TestCaseMain.java:180)
	at TempTestSuite1733182698305.run(TempTestSuite1733182698305.groovy:35)
	at java.base/jdk.internal.reflect.NativeMethodAccessorImpl.invoke0(Native Method)
	at java.base/jdk.internal.reflect.NativeMethodAccessorImpl.invoke(NativeMethodAccessorImpl.java:77)
	at java.base/jdk.internal.reflect.DelegatingMethodAccessorImpl.invoke(DelegatingMethodAccessorImpl.java:43)
)

03-12-2024T03:04:10 - [MESSAGE][FAILED] - Text 'нет данных' is present on page  (Root cause: com.kms.katalon.core.exception.StepFailedException: Text 'нет данных' is present on page 
	at com.kms.katalon.core.webui.keyword.internal.WebUIKeywordMain.stepFailed(WebUIKeywordMain.groovy:64)
	at com.kms.katalon.core.webui.keyword.builtin.VerifyTextNotPresentKeyword$_verifyTextNotPresent_closure1.doCall(VerifyTextNotPresentKeyword.groovy:77)
	at com.kms.katalon.core.webui.keyword.builtin.VerifyTextNotPresentKeyword$_verifyTextNotPresent_closure1.call(VerifyTextNotPresentKeyword.groovy)
	at com.kms.katalon.core.webui.keyword.internal.WebUIKeywordMain.runKeyword(WebUIKeywordMain.groovy:20)
	at com.kms.katalon.core.webui.keyword.builtin.VerifyTextNotPresentKeyword.verifyTextNotPresent(VerifyTextNotPresentKeyword.groovy:82)
	at com.kms.katalon.core.webui.keyword.builtin.VerifyTextNotPresentKeyword.execute(VerifyTextNotPresentKeyword.groovy:68)
	at com.kms.katalon.core.keyword.internal.KeywordExecutor.executeKeywordForPlatform(KeywordExecutor.groovy:74)
	at com.kms.katalon.core.webui.keyword.WebUiBuiltInKeywords.verifyTextNotPresent(WebUiBuiltInKeywords.groovy:1795)
	at Выручка по ДЗО отображение данных все филиалы.Test(Выручка по ДЗО отображение данных все филиалы:782)
	at Выручка по ДЗО отображение данных все филиалы.Tumbler(Выручка по ДЗО отображение данных все филиалы:738)
	at Выручка по ДЗО отображение данных все филиалы.Change(Выручка по ДЗО отображение данных все филиалы:772)
	at Выручка по ДЗО отображение данных все филиалы.DzoTest(Выручка по ДЗО отображение данных все филиалы:502)
	at Выручка по ДЗО отображение данных все филиалы.run(Выручка по ДЗО отображение данных все филиалы:134)
	at com.kms.katalon.core.main.ScriptEngine.run(ScriptEngine.java:194)
	at com.kms.katalon.core.main.ScriptEngine.runScriptAsRawText(ScriptEngine.java:119)
	at com.kms.katalon.core.main.TestCaseExecutor.runScript(TestCaseExecutor.java:448)
	at com.kms.katalon.core.main.TestCaseExecutor.doExecute(TestCaseExecutor.java:439)
	at com.kms.katalon.core.main.TestCaseExecutor.processExecutionPhase(TestCaseExecutor.java:418)
	at com.kms.katalon.core.main.TestCaseExecutor.accessMainPhase(TestCaseExecutor.java:410)
	at com.kms.katalon.core.main.TestCaseExecutor.execute(TestCaseExecutor.java:285)
	at com.kms.katalon.core.common.CommonExecutor.accessTestCaseMainPhase(CommonExecutor.java:65)
	at com.kms.katalon.core.main.TestSuiteExecutor.accessTestSuiteMainPhase(TestSuiteExecutor.java:150)
	at com.kms.katalon.core.main.TestSuiteExecutor.execute(TestSuiteExecutor.java:106)
	at com.kms.katalon.core.main.TestCaseMain.startTestSuite(TestCaseMain.java:180)
	at TempTestSuite1733182698305.run(TempTestSuite1733182698305.groovy:35)
	at java.base/jdk.internal.reflect.NativeMethodAccessorImpl.invoke0(Native Method)
	at java.base/jdk.internal.reflect.NativeMethodAccessorImpl.invoke(NativeMethodAccessorImpl.java:77)
	at java.base/jdk.internal.reflect.DelegatingMethodAccessorImpl.invoke(DelegatingMethodAccessorImpl.java:43)
)

03-12-2024T03:04:10 - [TEST_STEP][PASSED] - else: null

03-12-2024T03:04:10 - [TEST_STEP][PASSED] - Script1687405711779.WriteToExcel(todaysDate): null

03-12-2024T03:04:10 - [TEST_STEP][PASSED] - sheetName = "Sheet1": null

03-12-2024T03:04:10 - [TEST_STEP][PASSED] - data = findTestData("PlanFact"): null

03-12-2024T03:04:10 - [TEST_STEP][PASSED] - n = data.getRowNumbers() + 1: null

03-12-2024T03:04:10 - [TEST_STEP][PASSED] - dZO = getText(findTestObject("Выручка по ДЗО/Фильтр ДЗО")): Text of object 'Object Repository/Выручка по ДЗО/Фильтр ДЗО' is: 'ПАО Россети - РаспредКомплекс - Россети Урал (ГК)'

03-12-2024T03:04:10 - [MESSAGE][PASSED] - Text of object 'Object Repository/Выручка по ДЗО/Фильтр ДЗО' is: 'ПАО Россети - РаспредКомплекс - Россети Урал (ГК)'

03-12-2024T03:04:10 - [TEST_STEP][PASSED] - period = getText(findTestObject("Выручка по ДЗО/Фильтр Дата")): Text of object 'Object Repository/Выручка по ДЗО/Фильтр Дата' is: '1, 2, 3 кв., Октябрь 2024 года'

03-12-2024T03:04:10 - [MESSAGE][PASSED] - Text of object 'Object Repository/Выручка по ДЗО/Фильтр Дата' is: '1, 2, 3 кв., Октябрь 2024 года'

03-12-2024T03:04:10 - [TEST_STEP][PASSED] - viruchka = getText(findTestObject("Выручка по ДЗО/Фильтр Выручка")): Text of object 'Object Repository/Выручка по ДЗО/Фильтр Выручка' is: 'внутренний оборот'

03-12-2024T03:04:10 - [MESSAGE][PASSED] - Text of object 'Object Repository/Выручка по ДЗО/Фильтр Выручка' is: 'внутренний оборот'

03-12-2024T03:04:10 - [TEST_STEP][PASSED] - if (viruchka == "Выбрано: 2"): null

03-12-2024T03:04:10 - [TEST_STEP][PASSED] - if (viruchka == "Все"): null

03-12-2024T03:04:10 - [TEST_STEP][PASSED] - println(period): null

03-12-2024T03:04:10 - [TEST_STEP][PASSED] - dashboardName = "Выручка по ДЗО": null

03-12-2024T03:04:10 - [TEST_STEP][PASSED] - workbook01 = getWorkbook(excelFilePath): null

03-12-2024T03:04:10 - [TEST_STEP][PASSED] - sheet01 = getExcelSheet(workbook01, sheetName): null

03-12-2024T03:04:10 - [TEST_STEP][PASSED] - setValueToCellByIndex(sheet01, n, 0, dashboardName): null

03-12-2024T03:04:10 - [TEST_STEP][PASSED] - setValueToCellByIndex(sheet01, n, 1, dZO): null

03-12-2024T03:04:10 - [TEST_STEP][PASSED] - setValueToCellByIndex(sheet01, n, 2, period): null

03-12-2024T03:04:10 - [TEST_STEP][PASSED] - setValueToCellByIndex(sheet01, n, 3, viruchka): null

03-12-2024T03:04:10 - [TEST_STEP][PASSED] - setValueToCellByIndex(sheet01, n, 4, todaysDate): null

03-12-2024T03:04:10 - [TEST_STEP][PASSED] - n = n + 1: null

03-12-2024T03:04:10 - [TEST_STEP][PASSED] - saveWorkbook(excelFilePath, workbook01): null

03-12-2024T03:04:11 - [TEST_STEP][PASSED] - click(findTestObject("Выручка по ДЗО/Фильтр Выручка")): Object: 'Object Repository/Выручка по ДЗО/Фильтр Выручка' is clicked on

03-12-2024T03:04:11 - [MESSAGE][PASSED] - Object: 'Object Repository/Выручка по ДЗО/Фильтр Выручка' is clicked on

03-12-2024T03:04:11 - [TEST_STEP][PASSED] - click(findTestObject("Выручка по ДЗО/По передаче в фильтре Выручка")): Object: 'Object Repository/Выручка по ДЗО/По передаче в фильтре Выручка' is clicked on

03-12-2024T03:04:12 - [MESSAGE][PASSED] - Object: 'Object Repository/Выручка по ДЗО/По передаче в фильтре Выручка' is clicked on

03-12-2024T03:04:12 - [TEST_STEP][PASSED] - click(findTestObject("Выручка по ДЗО/Применить в фильтре Выручка")): Object: 'Object Repository/Выручка по ДЗО/Применить в фильтре Выручка' is clicked on

03-12-2024T03:04:12 - [MESSAGE][PASSED] - Object: 'Object Repository/Выручка по ДЗО/Применить в фильтре Выручка' is clicked on

03-12-2024T03:04:12 - [TEST_STEP][PASSED] - Script1687405711779.Test(todaysDate): null

03-12-2024T03:04:12 - [TEST_STEP][PASSED] - if (verifyTextNotPresent("нет данных", false) == true): null

03-12-2024T03:04:14 - [MESSAGE][PASSED] - Text 'нет данных' is not present on page

03-12-2024T03:04:14 - [TEST_STEP][PASSED] - if (verifyTextNotPresent("Ошибка запроса данных", false) == true): null

03-12-2024T03:04:15 - [MESSAGE][PASSED] - Text 'Ошибка запроса данных' is not present on page

03-12-2024T03:04:15 - [TEST_STEP][PASSED] - if (verifyTextNotPresent("Произошла ошибка при выполнении пользовательского кода", false) == true): null

03-12-2024T03:04:16 - [MESSAGE][PASSED] - Text 'Произошла ошибка при выполнении пользовательского кода' is not present on page

03-12-2024T03:04:16 - [TEST_STEP][PASSED] - if (verifyTextNotPresent("У виджета нет данных", false) == true): null

03-12-2024T03:04:16 - [MESSAGE][PASSED] - Text 'У виджета нет данных' is not present on page

03-12-2024T03:04:16 - [TEST_STEP][PASSED] - if (verifyTextNotPresent("У виджета нет данных", false) == true): Text 'У виджета нет данных' is not present on page

03-12-2024T03:04:17 - [MESSAGE][PASSED] - Text 'У виджета нет данных' is not present on page

03-12-2024T03:04:17 - [TEST_STEP][PASSED] - click(findTestObject("Выручка по ДЗО/Фильтр Выручка")): Object: 'Object Repository/Выручка по ДЗО/Фильтр Выручка' is clicked on

03-12-2024T03:04:17 - [MESSAGE][PASSED] - Object: 'Object Repository/Выручка по ДЗО/Фильтр Выручка' is clicked on

03-12-2024T03:04:17 - [TEST_STEP][PASSED] - click(findTestObject("Выручка по ДЗО/Снять выделение в фильтре Выручка")): Object: 'Object Repository/Выручка по ДЗО/Снять выделение в фильтре Выручка' is clicked on

03-12-2024T03:04:18 - [MESSAGE][PASSED] - Object: 'Object Repository/Выручка по ДЗО/Снять выделение в фильтре Выручка' is clicked on

03-12-2024T03:04:18 - [TEST_STEP][PASSED] - click(findTestObject("Выручка по ДЗО/По передаче в фильтре Выручка")): Object: 'Object Repository/Выручка по ДЗО/По передаче в фильтре Выручка' is clicked on

03-12-2024T03:04:18 - [MESSAGE][PASSED] - Object: 'Object Repository/Выручка по ДЗО/По передаче в фильтре Выручка' is clicked on

03-12-2024T03:04:18 - [TEST_STEP][PASSED] - click(findTestObject("Выручка по ДЗО/Применить в фильтре Выручка")): Object: 'Object Repository/Выручка по ДЗО/Применить в фильтре Выручка' is clicked on

03-12-2024T03:04:18 - [MESSAGE][PASSED] - Object: 'Object Repository/Выручка по ДЗО/Применить в фильтре Выручка' is clicked on

03-12-2024T03:04:18 - [TEST_STEP][PASSED] - Script1687405711779.Test(todaysDate): null

03-12-2024T03:04:18 - [TEST_STEP][PASSED] - if (verifyTextNotPresent("нет данных", false) == true): null

03-12-2024T03:04:20 - [MESSAGE][PASSED] - Text 'нет данных' is not present on page

03-12-2024T03:04:20 - [TEST_STEP][PASSED] - if (verifyTextNotPresent("Ошибка запроса данных", false) == true): null

03-12-2024T03:04:21 - [MESSAGE][PASSED] - Text 'Ошибка запроса данных' is not present on page

03-12-2024T03:04:21 - [TEST_STEP][PASSED] - if (verifyTextNotPresent("Произошла ошибка при выполнении пользовательского кода", false) == true): null

03-12-2024T03:04:21 - [MESSAGE][PASSED] - Text 'Произошла ошибка при выполнении пользовательского кода' is not present on page

03-12-2024T03:04:21 - [TEST_STEP][PASSED] - if (verifyTextNotPresent("У виджета нет данных", false) == true): null

03-12-2024T03:04:22 - [MESSAGE][PASSED] - Text 'У виджета нет данных' is not present on page

03-12-2024T03:04:22 - [TEST_STEP][PASSED] - if (verifyTextNotPresent("У виджета нет данных", false) == true): Text 'У виджета нет данных' is not present on page

03-12-2024T03:04:22 - [MESSAGE][PASSED] - Text 'У виджета нет данных' is not present on page

03-12-2024T03:04:22 - [TEST_STEP][PASSED] - click(findTestObject("Выручка по ДЗО/Фильтр Выручка")): Object: 'Object Repository/Выручка по ДЗО/Фильтр Выручка' is clicked on

03-12-2024T03:04:23 - [MESSAGE][PASSED] - Object: 'Object Repository/Выручка по ДЗО/Фильтр Выручка' is clicked on

03-12-2024T03:04:23 - [TEST_STEP][PASSED] - click(findTestObject("Выручка по ДЗО/Снять выделение в фильтре Выручка")): Object: 'Object Repository/Выручка по ДЗО/Снять выделение в фильтре Выручка' is clicked on

03-12-2024T03:04:23 - [MESSAGE][PASSED] - Object: 'Object Repository/Выручка по ДЗО/Снять выделение в фильтре Выручка' is clicked on

03-12-2024T03:04:23 - [TEST_STEP][PASSED] - click(findTestObject("Выручка по ДЗО/Применить в фильтре Выручка")): Object: 'Object Repository/Выручка по ДЗО/Применить в фильтре Выручка' is clicked on

03-12-2024T03:04:24 - [MESSAGE][PASSED] - Object: 'Object Repository/Выручка по ДЗО/Применить в фильтре Выручка' is clicked on

03-12-2024T03:04:24 - [TEST_STEP][PASSED] - click(findTestObject("Выручка по ДЗО/Фильтр ДЗО")): Object: 'Object Repository/Выручка по ДЗО/Фильтр ДЗО' is clicked on

03-12-2024T03:04:25 - [MESSAGE][PASSED] - Object: 'Object Repository/Выручка по ДЗО/Фильтр ДЗО' is clicked on

03-12-2024T03:04:25 - [TEST_STEP][PASSED] - click(findTestObject("Выручка по ДЗО/Снять выделение в фильтре ДЗО")): Object: 'Object Repository/Выручка по ДЗО/Снять выделение в фильтре ДЗО' is clicked on

03-12-2024T03:04:26 - [MESSAGE][PASSED] - Object: 'Object Repository/Выручка по ДЗО/Снять выделение в фильтре ДЗО' is clicked on

03-12-2024T03:04:26 - [TEST_STEP][PASSED] - scrollToElement(findTestObject("Общие объекты/Раскрыть список Россети Урал"), 30): Scroll to object 'Object Repository/Общие объекты/Раскрыть список Россети Урал' successfully

03-12-2024T03:04:26 - [MESSAGE][PASSED] - Scroll to object 'Object Repository/Общие объекты/Раскрыть список Россети Урал' successfully

03-12-2024T03:04:26 - [TEST_STEP][PASSED] - click(findTestObject("Общие объекты/Раскрыть список Россети Урал"), CONTINUE_ON_FAILURE): Object: 'Object Repository/Общие объекты/Раскрыть список Россети Урал' is clicked on

03-12-2024T03:04:26 - [MESSAGE][PASSED] - Object: 'Object Repository/Общие объекты/Раскрыть список Россети Урал' is clicked on

03-12-2024T03:04:26 - [TEST_STEP][PASSED] - scrollToElement(findTestObject("Общие объекты/Пермэнерго"), 30): Scroll to object 'Object Repository/Общие объекты/Пермэнерго' successfully

03-12-2024T03:04:27 - [MESSAGE][PASSED] - Scroll to object 'Object Repository/Общие объекты/Пермэнерго' successfully

03-12-2024T03:04:27 - [TEST_STEP][PASSED] - click(findTestObject("Общие объекты/Пермэнерго"), CONTINUE_ON_FAILURE): Object: 'Object Repository/Общие объекты/Пермэнерго' is clicked on

03-12-2024T03:04:27 - [MESSAGE][PASSED] - Object: 'Object Repository/Общие объекты/Пермэнерго' is clicked on

03-12-2024T03:04:27 - [TEST_STEP][PASSED] - Script1687405711779.Change(todaysDate): null

03-12-2024T03:04:27 - [TEST_STEP][PASSED] - scrollToElement(findTestObject("Выручка по ДЗО/Заголовок дашборда"), 30): Scroll to object 'Object Repository/Выручка по ДЗО/Заголовок дашборда' successfully

03-12-2024T03:04:27 - [MESSAGE][PASSED] - Scroll to object 'Object Repository/Выручка по ДЗО/Заголовок дашборда' successfully

03-12-2024T03:04:27 - [TEST_STEP][PASSED] - click(findTestObject("Выручка по ДЗО/Применить в фильтре ДЗО")): Object: 'Object Repository/Выручка по ДЗО/Применить в фильтре ДЗО' is clicked on

03-12-2024T03:04:28 - [MESSAGE][PASSED] - Object: 'Object Repository/Выручка по ДЗО/Применить в фильтре ДЗО' is clicked on

03-12-2024T03:04:28 - [TEST_STEP][PASSED] - Script1687405711779.Tumbler(todaysDate): null

03-12-2024T03:04:28 - [TEST_STEP][PASSED] - Script1687405711779.Test(todaysDate): null

03-12-2024T03:04:28 - [TEST_STEP][PASSED] - if (verifyTextNotPresent("нет данных", false) == true): null

03-12-2024T03:04:30 - [MESSAGE][PASSED] - Text 'нет данных' is not present on page

03-12-2024T03:04:30 - [TEST_STEP][PASSED] - if (verifyTextNotPresent("Ошибка запроса данных", false) == true): null

03-12-2024T03:04:32 - [MESSAGE][PASSED] - Text 'Ошибка запроса данных' is not present on page

03-12-2024T03:04:32 - [TEST_STEP][PASSED] - if (verifyTextNotPresent("Произошла ошибка при выполнении пользовательского кода", false) == true): null

03-12-2024T03:04:33 - [MESSAGE][PASSED] - Text 'Произошла ошибка при выполнении пользовательского кода' is not present on page

03-12-2024T03:04:33 - [TEST_STEP][PASSED] - if (verifyTextNotPresent("У виджета нет данных", false) == true): null

03-12-2024T03:04:33 - [MESSAGE][PASSED] - Text 'У виджета нет данных' is not present on page

03-12-2024T03:04:33 - [TEST_STEP][PASSED] - if (verifyTextNotPresent("У виджета нет данных", false) == true): Text 'У виджета нет данных' is not present on page

03-12-2024T03:04:34 - [MESSAGE][PASSED] - Text 'У виджета нет данных' is not present on page

03-12-2024T03:04:34 - [TEST_STEP][PASSED] - click(findTestObject("Выручка по ДЗО/Фильтр Выручка")): Object: 'Object Repository/Выручка по ДЗО/Фильтр Выручка' is clicked on

03-12-2024T03:04:34 - [MESSAGE][PASSED] - Object: 'Object Repository/Выручка по ДЗО/Фильтр Выручка' is clicked on

03-12-2024T03:04:34 - [TEST_STEP][PASSED] - click(findTestObject("Выручка по ДЗО/Внутренний оборот в фильтре Выручка")): Object: 'Object Repository/Выручка по ДЗО/Внутренний оборот в фильтре Выручка' is clicked on

03-12-2024T03:04:35 - [MESSAGE][PASSED] - Object: 'Object Repository/Выручка по ДЗО/Внутренний оборот в фильтре Выручка' is clicked on

03-12-2024T03:04:35 - [TEST_STEP][PASSED] - click(findTestObject("Выручка по ДЗО/Применить в фильтре Выручка")): Object: 'Object Repository/Выручка по ДЗО/Применить в фильтре Выручка' is clicked on

03-12-2024T03:04:35 - [MESSAGE][PASSED] - Object: 'Object Repository/Выручка по ДЗО/Применить в фильтре Выручка' is clicked on

03-12-2024T03:04:35 - [TEST_STEP][PASSED] - Script1687405711779.Test(todaysDate): null

03-12-2024T03:04:35 - [TEST_STEP][FAILED] - if (verifyTextNotPresent("нет данных", false) == true): Text 'нет данных' is present on page  (Root cause: com.kms.katalon.core.exception.StepFailedException: Text 'нет данных' is present on page 
	at com.kms.katalon.core.webui.keyword.internal.WebUIKeywordMain.stepFailed(WebUIKeywordMain.groovy:64)
	at com.kms.katalon.core.webui.keyword.builtin.VerifyTextNotPresentKeyword$_verifyTextNotPresent_closure1.doCall(VerifyTextNotPresentKeyword.groovy:77)
	at com.kms.katalon.core.webui.keyword.builtin.VerifyTextNotPresentKeyword$_verifyTextNotPresent_closure1.call(VerifyTextNotPresentKeyword.groovy)
	at com.kms.katalon.core.webui.keyword.internal.WebUIKeywordMain.runKeyword(WebUIKeywordMain.groovy:20)
	at com.kms.katalon.core.webui.keyword.builtin.VerifyTextNotPresentKeyword.verifyTextNotPresent(VerifyTextNotPresentKeyword.groovy:82)
	at com.kms.katalon.core.webui.keyword.builtin.VerifyTextNotPresentKeyword.execute(VerifyTextNotPresentKeyword.groovy:68)
	at com.kms.katalon.core.keyword.internal.KeywordExecutor.executeKeywordForPlatform(KeywordExecutor.groovy:74)
	at com.kms.katalon.core.webui.keyword.WebUiBuiltInKeywords.verifyTextNotPresent(WebUiBuiltInKeywords.groovy:1795)
	at Выручка по ДЗО отображение данных все филиалы.Test(Выручка по ДЗО отображение данных все филиалы:782)
	at Выручка по ДЗО отображение данных все филиалы.Tumbler(Выручка по ДЗО отображение данных все филиалы:738)
	at Выручка по ДЗО отображение данных все филиалы.Change(Выручка по ДЗО отображение данных все филиалы:772)
	at Выручка по ДЗО отображение данных все филиалы.DzoTest(Выручка по ДЗО отображение данных все филиалы:512)
	at Выручка по ДЗО отображение данных все филиалы.run(Выручка по ДЗО отображение данных все филиалы:134)
	at com.kms.katalon.core.main.ScriptEngine.run(ScriptEngine.java:194)
	at com.kms.katalon.core.main.ScriptEngine.runScriptAsRawText(ScriptEngine.java:119)
	at com.kms.katalon.core.main.TestCaseExecutor.runScript(TestCaseExecutor.java:448)
	at com.kms.katalon.core.main.TestCaseExecutor.doExecute(TestCaseExecutor.java:439)
	at com.kms.katalon.core.main.TestCaseExecutor.processExecutionPhase(TestCaseExecutor.java:418)
	at com.kms.katalon.core.main.TestCaseExecutor.accessMainPhase(TestCaseExecutor.java:410)
	at com.kms.katalon.core.main.TestCaseExecutor.execute(TestCaseExecutor.java:285)
	at com.kms.katalon.core.common.CommonExecutor.accessTestCaseMainPhase(CommonExecutor.java:65)
	at com.kms.katalon.core.main.TestSuiteExecutor.accessTestSuiteMainPhase(TestSuiteExecutor.java:150)
	at com.kms.katalon.core.main.TestSuiteExecutor.execute(TestSuiteExecutor.java:106)
	at com.kms.katalon.core.main.TestCaseMain.startTestSuite(TestCaseMain.java:180)
	at TempTestSuite1733182698305.run(TempTestSuite1733182698305.groovy:35)
	at java.base/jdk.internal.reflect.NativeMethodAccessorImpl.invoke0(Native Method)
	at java.base/jdk.internal.reflect.NativeMethodAccessorImpl.invoke(NativeMethodAccessorImpl.java:77)
	at java.base/jdk.internal.reflect.DelegatingMethodAccessorImpl.invoke(DelegatingMethodAccessorImpl.java:43)
)

03-12-2024T03:04:38 - [MESSAGE][FAILED] - Text 'нет данных' is present on page  (Root cause: com.kms.katalon.core.exception.StepFailedException: Text 'нет данных' is present on page 
	at com.kms.katalon.core.webui.keyword.internal.WebUIKeywordMain.stepFailed(WebUIKeywordMain.groovy:64)
	at com.kms.katalon.core.webui.keyword.builtin.VerifyTextNotPresentKeyword$_verifyTextNotPresent_closure1.doCall(VerifyTextNotPresentKeyword.groovy:77)
	at com.kms.katalon.core.webui.keyword.builtin.VerifyTextNotPresentKeyword$_verifyTextNotPresent_closure1.call(VerifyTextNotPresentKeyword.groovy)
	at com.kms.katalon.core.webui.keyword.internal.WebUIKeywordMain.runKeyword(WebUIKeywordMain.groovy:20)
	at com.kms.katalon.core.webui.keyword.builtin.VerifyTextNotPresentKeyword.verifyTextNotPresent(VerifyTextNotPresentKeyword.groovy:82)
	at com.kms.katalon.core.webui.keyword.builtin.VerifyTextNotPresentKeyword.execute(VerifyTextNotPresentKeyword.groovy:68)
	at com.kms.katalon.core.keyword.internal.KeywordExecutor.executeKeywordForPlatform(KeywordExecutor.groovy:74)
	at com.kms.katalon.core.webui.keyword.WebUiBuiltInKeywords.verifyTextNotPresent(WebUiBuiltInKeywords.groovy:1795)
	at Выручка по ДЗО отображение данных все филиалы.Test(Выручка по ДЗО отображение данных все филиалы:782)
	at Выручка по ДЗО отображение данных все филиалы.Tumbler(Выручка по ДЗО отображение данных все филиалы:738)
	at Выручка по ДЗО отображение данных все филиалы.Change(Выручка по ДЗО отображение данных все филиалы:772)
	at Выручка по ДЗО отображение данных все филиалы.DzoTest(Выручка по ДЗО отображение данных все филиалы:512)
	at Выручка по ДЗО отображение данных все филиалы.run(Выручка по ДЗО отображение данных все филиалы:134)
	at com.kms.katalon.core.main.ScriptEngine.run(ScriptEngine.java:194)
	at com.kms.katalon.core.main.ScriptEngine.runScriptAsRawText(ScriptEngine.java:119)
	at com.kms.katalon.core.main.TestCaseExecutor.runScript(TestCaseExecutor.java:448)
	at com.kms.katalon.core.main.TestCaseExecutor.doExecute(TestCaseExecutor.java:439)
	at com.kms.katalon.core.main.TestCaseExecutor.processExecutionPhase(TestCaseExecutor.java:418)
	at com.kms.katalon.core.main.TestCaseExecutor.accessMainPhase(TestCaseExecutor.java:410)
	at com.kms.katalon.core.main.TestCaseExecutor.execute(TestCaseExecutor.java:285)
	at com.kms.katalon.core.common.CommonExecutor.accessTestCaseMainPhase(CommonExecutor.java:65)
	at com.kms.katalon.core.main.TestSuiteExecutor.accessTestSuiteMainPhase(TestSuiteExecutor.java:150)
	at com.kms.katalon.core.main.TestSuiteExecutor.execute(TestSuiteExecutor.java:106)
	at com.kms.katalon.core.main.TestCaseMain.startTestSuite(TestCaseMain.java:180)
	at TempTestSuite1733182698305.run(TempTestSuite1733182698305.groovy:35)
	at java.base/jdk.internal.reflect.NativeMethodAccessorImpl.invoke0(Native Method)
	at java.base/jdk.internal.reflect.NativeMethodAccessorImpl.invoke(NativeMethodAccessorImpl.java:77)
	at java.base/jdk.internal.reflect.DelegatingMethodAccessorImpl.invoke(DelegatingMethodAccessorImpl.java:43)
)

03-12-2024T03:04:38 - [TEST_STEP][PASSED] - else: null

03-12-2024T03:04:38 - [TEST_STEP][PASSED] - Script1687405711779.WriteToExcel(todaysDate): null

03-12-2024T03:04:38 - [TEST_STEP][PASSED] - sheetName = "Sheet1": null

03-12-2024T03:04:38 - [TEST_STEP][PASSED] - data = findTestData("PlanFact"): null

03-12-2024T03:04:38 - [TEST_STEP][PASSED] - n = data.getRowNumbers() + 1: null

03-12-2024T03:04:38 - [TEST_STEP][PASSED] - dZO = getText(findTestObject("Выручка по ДЗО/Фильтр ДЗО")): Text of object 'Object Repository/Выручка по ДЗО/Фильтр ДЗО' is: 'ПАО Россети - РаспредКомплекс - Россети Урал (ГК) - Пермэнерго'

03-12-2024T03:04:38 - [MESSAGE][PASSED] - Text of object 'Object Repository/Выручка по ДЗО/Фильтр ДЗО' is: 'ПАО Россети - РаспредКомплекс - Россети Урал (ГК) - Пермэнерго'

03-12-2024T03:04:38 - [TEST_STEP][PASSED] - period = getText(findTestObject("Выручка по ДЗО/Фильтр Дата")): Text of object 'Object Repository/Выручка по ДЗО/Фильтр Дата' is: '1, 2, 3 кв., Октябрь 2024 года'

03-12-2024T03:04:39 - [MESSAGE][PASSED] - Text of object 'Object Repository/Выручка по ДЗО/Фильтр Дата' is: '1, 2, 3 кв., Октябрь 2024 года'

03-12-2024T03:04:39 - [TEST_STEP][PASSED] - viruchka = getText(findTestObject("Выручка по ДЗО/Фильтр Выручка")): Text of object 'Object Repository/Выручка по ДЗО/Фильтр Выручка' is: 'внутренний оборот'

03-12-2024T03:04:39 - [MESSAGE][PASSED] - Text of object 'Object Repository/Выручка по ДЗО/Фильтр Выручка' is: 'внутренний оборот'

03-12-2024T03:04:39 - [TEST_STEP][PASSED] - if (viruchka == "Выбрано: 2"): null

03-12-2024T03:04:39 - [TEST_STEP][PASSED] - if (viruchka == "Все"): null

03-12-2024T03:04:39 - [TEST_STEP][PASSED] - println(period): null

03-12-2024T03:04:39 - [TEST_STEP][PASSED] - dashboardName = "Выручка по ДЗО": null

03-12-2024T03:04:39 - [TEST_STEP][PASSED] - workbook01 = getWorkbook(excelFilePath): null

03-12-2024T03:04:39 - [TEST_STEP][PASSED] - sheet01 = getExcelSheet(workbook01, sheetName): null

03-12-2024T03:04:39 - [TEST_STEP][PASSED] - setValueToCellByIndex(sheet01, n, 0, dashboardName): null

03-12-2024T03:04:39 - [TEST_STEP][PASSED] - setValueToCellByIndex(sheet01, n, 1, dZO): null

03-12-2024T03:04:39 - [TEST_STEP][PASSED] - setValueToCellByIndex(sheet01, n, 2, period): null

03-12-2024T03:04:39 - [TEST_STEP][PASSED] - setValueToCellByIndex(sheet01, n, 3, viruchka): null

03-12-2024T03:04:39 - [TEST_STEP][PASSED] - setValueToCellByIndex(sheet01, n, 4, todaysDate): null

03-12-2024T03:04:39 - [TEST_STEP][PASSED] - n = n + 1: null

03-12-2024T03:04:39 - [TEST_STEP][PASSED] - saveWorkbook(excelFilePath, workbook01): null

03-12-2024T03:04:39 - [TEST_STEP][PASSED] - click(findTestObject("Выручка по ДЗО/Фильтр Выручка")): Object: 'Object Repository/Выручка по ДЗО/Фильтр Выручка' is clicked on

03-12-2024T03:04:40 - [MESSAGE][PASSED] - Object: 'Object Repository/Выручка по ДЗО/Фильтр Выручка' is clicked on

03-12-2024T03:04:40 - [TEST_STEP][PASSED] - click(findTestObject("Выручка по ДЗО/По передаче в фильтре Выручка")): Object: 'Object Repository/Выручка по ДЗО/По передаче в фильтре Выручка' is clicked on

03-12-2024T03:04:40 - [MESSAGE][PASSED] - Object: 'Object Repository/Выручка по ДЗО/По передаче в фильтре Выручка' is clicked on

03-12-2024T03:04:40 - [TEST_STEP][PASSED] - click(findTestObject("Выручка по ДЗО/Применить в фильтре Выручка")): Object: 'Object Repository/Выручка по ДЗО/Применить в фильтре Выручка' is clicked on

03-12-2024T03:04:41 - [MESSAGE][PASSED] - Object: 'Object Repository/Выручка по ДЗО/Применить в фильтре Выручка' is clicked on

03-12-2024T03:04:41 - [TEST_STEP][PASSED] - Script1687405711779.Test(todaysDate): null

03-12-2024T03:04:41 - [TEST_STEP][PASSED] - if (verifyTextNotPresent("нет данных", false) == true): null

03-12-2024T03:04:43 - [MESSAGE][PASSED] - Text 'нет данных' is not present on page

03-12-2024T03:04:43 - [TEST_STEP][PASSED] - if (verifyTextNotPresent("Ошибка запроса данных", false) == true): null

03-12-2024T03:04:44 - [MESSAGE][PASSED] - Text 'Ошибка запроса данных' is not present on page

03-12-2024T03:04:44 - [TEST_STEP][PASSED] - if (verifyTextNotPresent("Произошла ошибка при выполнении пользовательского кода", false) == true): null

03-12-2024T03:04:44 - [MESSAGE][PASSED] - Text 'Произошла ошибка при выполнении пользовательского кода' is not present on page

03-12-2024T03:04:44 - [TEST_STEP][PASSED] - if (verifyTextNotPresent("У виджета нет данных", false) == true): null

03-12-2024T03:04:45 - [MESSAGE][PASSED] - Text 'У виджета нет данных' is not present on page

03-12-2024T03:04:45 - [TEST_STEP][PASSED] - if (verifyTextNotPresent("У виджета нет данных", false) == true): Text 'У виджета нет данных' is not present on page

03-12-2024T03:04:45 - [MESSAGE][PASSED] - Text 'У виджета нет данных' is not present on page

03-12-2024T03:04:45 - [TEST_STEP][PASSED] - click(findTestObject("Выручка по ДЗО/Фильтр Выручка")): Object: 'Object Repository/Выручка по ДЗО/Фильтр Выручка' is clicked on

03-12-2024T03:04:45 - [MESSAGE][PASSED] - Object: 'Object Repository/Выручка по ДЗО/Фильтр Выручка' is clicked on

03-12-2024T03:04:45 - [TEST_STEP][PASSED] - click(findTestObject("Выручка по ДЗО/Снять выделение в фильтре Выручка")): Object: 'Object Repository/Выручка по ДЗО/Снять выделение в фильтре Выручка' is clicked on

03-12-2024T03:04:46 - [MESSAGE][PASSED] - Object: 'Object Repository/Выручка по ДЗО/Снять выделение в фильтре Выручка' is clicked on

03-12-2024T03:04:46 - [TEST_STEP][PASSED] - click(findTestObject("Выручка по ДЗО/По передаче в фильтре Выручка")): Object: 'Object Repository/Выручка по ДЗО/По передаче в фильтре Выручка' is clicked on

03-12-2024T03:04:46 - [MESSAGE][PASSED] - Object: 'Object Repository/Выручка по ДЗО/По передаче в фильтре Выручка' is clicked on

03-12-2024T03:04:46 - [TEST_STEP][PASSED] - click(findTestObject("Выручка по ДЗО/Применить в фильтре Выручка")): Object: 'Object Repository/Выручка по ДЗО/Применить в фильтре Выручка' is clicked on

03-12-2024T03:04:47 - [MESSAGE][PASSED] - Object: 'Object Repository/Выручка по ДЗО/Применить в фильтре Выручка' is clicked on

03-12-2024T03:04:47 - [TEST_STEP][PASSED] - Script1687405711779.Test(todaysDate): null

03-12-2024T03:04:47 - [TEST_STEP][PASSED] - if (verifyTextNotPresent("нет данных", false) == true): null

03-12-2024T03:04:49 - [MESSAGE][PASSED] - Text 'нет данных' is not present on page

03-12-2024T03:04:49 - [TEST_STEP][PASSED] - if (verifyTextNotPresent("Ошибка запроса данных", false) == true): null

03-12-2024T03:04:49 - [MESSAGE][PASSED] - Text 'Ошибка запроса данных' is not present on page

03-12-2024T03:04:49 - [TEST_STEP][PASSED] - if (verifyTextNotPresent("Произошла ошибка при выполнении пользовательского кода", false) == true): null

03-12-2024T03:04:50 - [MESSAGE][PASSED] - Text 'Произошла ошибка при выполнении пользовательского кода' is not present on page

03-12-2024T03:04:50 - [TEST_STEP][PASSED] - if (verifyTextNotPresent("У виджета нет данных", false) == true): null

03-12-2024T03:04:50 - [MESSAGE][PASSED] - Text 'У виджета нет данных' is not present on page

03-12-2024T03:04:50 - [TEST_STEP][PASSED] - if (verifyTextNotPresent("У виджета нет данных", false) == true): Text 'У виджета нет данных' is not present on page

03-12-2024T03:04:51 - [MESSAGE][PASSED] - Text 'У виджета нет данных' is not present on page

03-12-2024T03:04:51 - [TEST_STEP][PASSED] - click(findTestObject("Выручка по ДЗО/Фильтр Выручка")): Object: 'Object Repository/Выручка по ДЗО/Фильтр Выручка' is clicked on

03-12-2024T03:04:51 - [MESSAGE][PASSED] - Object: 'Object Repository/Выручка по ДЗО/Фильтр Выручка' is clicked on

03-12-2024T03:04:51 - [TEST_STEP][PASSED] - click(findTestObject("Выручка по ДЗО/Снять выделение в фильтре Выручка")): Object: 'Object Repository/Выручка по ДЗО/Снять выделение в фильтре Выручка' is clicked on

03-12-2024T03:04:52 - [MESSAGE][PASSED] - Object: 'Object Repository/Выручка по ДЗО/Снять выделение в фильтре Выручка' is clicked on

03-12-2024T03:04:52 - [TEST_STEP][PASSED] - click(findTestObject("Выручка по ДЗО/Применить в фильтре Выручка")): Object: 'Object Repository/Выручка по ДЗО/Применить в фильтре Выручка' is clicked on

03-12-2024T03:04:52 - [MESSAGE][PASSED] - Object: 'Object Repository/Выручка по ДЗО/Применить в фильтре Выручка' is clicked on

03-12-2024T03:04:52 - [TEST_STEP][PASSED] - click(findTestObject("Выручка по ДЗО/Фильтр ДЗО")): Object: 'Object Repository/Выручка по ДЗО/Фильтр ДЗО' is clicked on

03-12-2024T03:04:53 - [MESSAGE][PASSED] - Object: 'Object Repository/Выручка по ДЗО/Фильтр ДЗО' is clicked on

03-12-2024T03:04:53 - [TEST_STEP][PASSED] - click(findTestObject("Выручка по ДЗО/Снять выделение в фильтре ДЗО")): Object: 'Object Repository/Выручка по ДЗО/Снять выделение в фильтре ДЗО' is clicked on

03-12-2024T03:04:54 - [MESSAGE][PASSED] - Object: 'Object Repository/Выручка по ДЗО/Снять выделение в фильтре ДЗО' is clicked on

03-12-2024T03:04:54 - [TEST_STEP][PASSED] - scrollToElement(findTestObject("Общие объекты/Свердловэнерго"), 30): Scroll to object 'Object Repository/Общие объекты/Свердловэнерго' successfully

03-12-2024T03:04:54 - [MESSAGE][PASSED] - Scroll to object 'Object Repository/Общие объекты/Свердловэнерго' successfully

03-12-2024T03:04:54 - [TEST_STEP][PASSED] - click(findTestObject("Общие объекты/Свердловэнерго"), CONTINUE_ON_FAILURE): Object: 'Object Repository/Общие объекты/Свердловэнерго' is clicked on

03-12-2024T03:04:55 - [MESSAGE][PASSED] - Object: 'Object Repository/Общие объекты/Свердловэнерго' is clicked on

03-12-2024T03:04:55 - [TEST_STEP][PASSED] - Script1687405711779.Change(todaysDate): null

03-12-2024T03:04:55 - [TEST_STEP][PASSED] - scrollToElement(findTestObject("Выручка по ДЗО/Заголовок дашборда"), 30): Scroll to object 'Object Repository/Выручка по ДЗО/Заголовок дашборда' successfully

03-12-2024T03:04:55 - [MESSAGE][PASSED] - Scroll to object 'Object Repository/Выручка по ДЗО/Заголовок дашборда' successfully

03-12-2024T03:04:55 - [TEST_STEP][PASSED] - click(findTestObject("Выручка по ДЗО/Применить в фильтре ДЗО")): Object: 'Object Repository/Выручка по ДЗО/Применить в фильтре ДЗО' is clicked on

03-12-2024T03:04:56 - [MESSAGE][PASSED] - Object: 'Object Repository/Выручка по ДЗО/Применить в фильтре ДЗО' is clicked on

03-12-2024T03:04:56 - [TEST_STEP][PASSED] - Script1687405711779.Tumbler(todaysDate): null

03-12-2024T03:04:56 - [TEST_STEP][PASSED] - Script1687405711779.Test(todaysDate): null

03-12-2024T03:04:56 - [TEST_STEP][PASSED] - if (verifyTextNotPresent("нет данных", false) == true): null

03-12-2024T03:04:58 - [MESSAGE][PASSED] - Text 'нет данных' is not present on page

03-12-2024T03:04:58 - [TEST_STEP][PASSED] - if (verifyTextNotPresent("Ошибка запроса данных", false) == true): null

03-12-2024T03:04:59 - [MESSAGE][PASSED] - Text 'Ошибка запроса данных' is not present on page

03-12-2024T03:04:59 - [TEST_STEP][PASSED] - if (verifyTextNotPresent("Произошла ошибка при выполнении пользовательского кода", false) == true): null

03-12-2024T03:05:00 - [MESSAGE][PASSED] - Text 'Произошла ошибка при выполнении пользовательского кода' is not present on page

03-12-2024T03:05:00 - [TEST_STEP][PASSED] - if (verifyTextNotPresent("У виджета нет данных", false) == true): null

03-12-2024T03:05:00 - [MESSAGE][PASSED] - Text 'У виджета нет данных' is not present on page

03-12-2024T03:05:00 - [TEST_STEP][PASSED] - if (verifyTextNotPresent("У виджета нет данных", false) == true): Text 'У виджета нет данных' is not present on page

03-12-2024T03:05:01 - [MESSAGE][PASSED] - Text 'У виджета нет данных' is not present on page

03-12-2024T03:05:01 - [TEST_STEP][PASSED] - click(findTestObject("Выручка по ДЗО/Фильтр Выручка")): Object: 'Object Repository/Выручка по ДЗО/Фильтр Выручка' is clicked on

03-12-2024T03:05:01 - [MESSAGE][PASSED] - Object: 'Object Repository/Выручка по ДЗО/Фильтр Выручка' is clicked on

03-12-2024T03:05:01 - [TEST_STEP][PASSED] - click(findTestObject("Выручка по ДЗО/Внутренний оборот в фильтре Выручка")): Object: 'Object Repository/Выручка по ДЗО/Внутренний оборот в фильтре Выручка' is clicked on

03-12-2024T03:05:01 - [MESSAGE][PASSED] - Object: 'Object Repository/Выручка по ДЗО/Внутренний оборот в фильтре Выручка' is clicked on

03-12-2024T03:05:01 - [TEST_STEP][PASSED] - click(findTestObject("Выручка по ДЗО/Применить в фильтре Выручка")): Object: 'Object Repository/Выручка по ДЗО/Применить в фильтре Выручка' is clicked on

03-12-2024T03:05:02 - [MESSAGE][PASSED] - Object: 'Object Repository/Выручка по ДЗО/Применить в фильтре Выручка' is clicked on

03-12-2024T03:05:02 - [TEST_STEP][PASSED] - Script1687405711779.Test(todaysDate): null

03-12-2024T03:05:02 - [TEST_STEP][FAILED] - if (verifyTextNotPresent("нет данных", false) == true): Text 'нет данных' is present on page  (Root cause: com.kms.katalon.core.exception.StepFailedException: Text 'нет данных' is present on page 
	at com.kms.katalon.core.webui.keyword.internal.WebUIKeywordMain.stepFailed(WebUIKeywordMain.groovy:64)
	at com.kms.katalon.core.webui.keyword.builtin.VerifyTextNotPresentKeyword$_verifyTextNotPresent_closure1.doCall(VerifyTextNotPresentKeyword.groovy:77)
	at com.kms.katalon.core.webui.keyword.builtin.VerifyTextNotPresentKeyword$_verifyTextNotPresent_closure1.call(VerifyTextNotPresentKeyword.groovy)
	at com.kms.katalon.core.webui.keyword.internal.WebUIKeywordMain.runKeyword(WebUIKeywordMain.groovy:20)
	at com.kms.katalon.core.webui.keyword.builtin.VerifyTextNotPresentKeyword.verifyTextNotPresent(VerifyTextNotPresentKeyword.groovy:82)
	at com.kms.katalon.core.webui.keyword.builtin.VerifyTextNotPresentKeyword.execute(VerifyTextNotPresentKeyword.groovy:68)
	at com.kms.katalon.core.keyword.internal.KeywordExecutor.executeKeywordForPlatform(KeywordExecutor.groovy:74)
	at com.kms.katalon.core.webui.keyword.WebUiBuiltInKeywords.verifyTextNotPresent(WebUiBuiltInKeywords.groovy:1795)
	at Выручка по ДЗО отображение данных все филиалы.Test(Выручка по ДЗО отображение данных все филиалы:782)
	at Выручка по ДЗО отображение данных все филиалы.Tumbler(Выручка по ДЗО отображение данных все филиалы:738)
	at Выручка по ДЗО отображение данных все филиалы.Change(Выручка по ДЗО отображение данных все филиалы:772)
	at Выручка по ДЗО отображение данных все филиалы.DzoTest(Выручка по ДЗО отображение данных все филиалы:518)
	at Выручка по ДЗО отображение данных все филиалы.run(Выручка по ДЗО отображение данных все филиалы:134)
	at com.kms.katalon.core.main.ScriptEngine.run(ScriptEngine.java:194)
	at com.kms.katalon.core.main.ScriptEngine.runScriptAsRawText(ScriptEngine.java:119)
	at com.kms.katalon.core.main.TestCaseExecutor.runScript(TestCaseExecutor.java:448)
	at com.kms.katalon.core.main.TestCaseExecutor.doExecute(TestCaseExecutor.java:439)
	at com.kms.katalon.core.main.TestCaseExecutor.processExecutionPhase(TestCaseExecutor.java:418)
	at com.kms.katalon.core.main.TestCaseExecutor.accessMainPhase(TestCaseExecutor.java:410)
	at com.kms.katalon.core.main.TestCaseExecutor.execute(TestCaseExecutor.java:285)
	at com.kms.katalon.core.common.CommonExecutor.accessTestCaseMainPhase(CommonExecutor.java:65)
	at com.kms.katalon.core.main.TestSuiteExecutor.accessTestSuiteMainPhase(TestSuiteExecutor.java:150)
	at com.kms.katalon.core.main.TestSuiteExecutor.execute(TestSuiteExecutor.java:106)
	at com.kms.katalon.core.main.TestCaseMain.startTestSuite(TestCaseMain.java:180)
	at TempTestSuite1733182698305.run(TempTestSuite1733182698305.groovy:35)
	at java.base/jdk.internal.reflect.NativeMethodAccessorImpl.invoke0(Native Method)
	at java.base/jdk.internal.reflect.NativeMethodAccessorImpl.invoke(NativeMethodAccessorImpl.java:77)
	at java.base/jdk.internal.reflect.DelegatingMethodAccessorImpl.invoke(DelegatingMethodAccessorImpl.java:43)
)

03-12-2024T03:05:04 - [MESSAGE][FAILED] - Text 'нет данных' is present on page  (Root cause: com.kms.katalon.core.exception.StepFailedException: Text 'нет данных' is present on page 
	at com.kms.katalon.core.webui.keyword.internal.WebUIKeywordMain.stepFailed(WebUIKeywordMain.groovy:64)
	at com.kms.katalon.core.webui.keyword.builtin.VerifyTextNotPresentKeyword$_verifyTextNotPresent_closure1.doCall(VerifyTextNotPresentKeyword.groovy:77)
	at com.kms.katalon.core.webui.keyword.builtin.VerifyTextNotPresentKeyword$_verifyTextNotPresent_closure1.call(VerifyTextNotPresentKeyword.groovy)
	at com.kms.katalon.core.webui.keyword.internal.WebUIKeywordMain.runKeyword(WebUIKeywordMain.groovy:20)
	at com.kms.katalon.core.webui.keyword.builtin.VerifyTextNotPresentKeyword.verifyTextNotPresent(VerifyTextNotPresentKeyword.groovy:82)
	at com.kms.katalon.core.webui.keyword.builtin.VerifyTextNotPresentKeyword.execute(VerifyTextNotPresentKeyword.groovy:68)
	at com.kms.katalon.core.keyword.internal.KeywordExecutor.executeKeywordForPlatform(KeywordExecutor.groovy:74)
	at com.kms.katalon.core.webui.keyword.WebUiBuiltInKeywords.verifyTextNotPresent(WebUiBuiltInKeywords.groovy:1795)
	at Выручка по ДЗО отображение данных все филиалы.Test(Выручка по ДЗО отображение данных все филиалы:782)
	at Выручка по ДЗО отображение данных все филиалы.Tumbler(Выручка по ДЗО отображение данных все филиалы:738)
	at Выручка по ДЗО отображение данных все филиалы.Change(Выручка по ДЗО отображение данных все филиалы:772)
	at Выручка по ДЗО отображение данных все филиалы.DzoTest(Выручка по ДЗО отображение данных все филиалы:518)
	at Выручка по ДЗО отображение данных все филиалы.run(Выручка по ДЗО отображение данных все филиалы:134)
	at com.kms.katalon.core.main.ScriptEngine.run(ScriptEngine.java:194)
	at com.kms.katalon.core.main.ScriptEngine.runScriptAsRawText(ScriptEngine.java:119)
	at com.kms.katalon.core.main.TestCaseExecutor.runScript(TestCaseExecutor.java:448)
	at com.kms.katalon.core.main.TestCaseExecutor.doExecute(TestCaseExecutor.java:439)
	at com.kms.katalon.core.main.TestCaseExecutor.processExecutionPhase(TestCaseExecutor.java:418)
	at com.kms.katalon.core.main.TestCaseExecutor.accessMainPhase(TestCaseExecutor.java:410)
	at com.kms.katalon.core.main.TestCaseExecutor.execute(TestCaseExecutor.java:285)
	at com.kms.katalon.core.common.CommonExecutor.accessTestCaseMainPhase(CommonExecutor.java:65)
	at com.kms.katalon.core.main.TestSuiteExecutor.accessTestSuiteMainPhase(TestSuiteExecutor.java:150)
	at com.kms.katalon.core.main.TestSuiteExecutor.execute(TestSuiteExecutor.java:106)
	at com.kms.katalon.core.main.TestCaseMain.startTestSuite(TestCaseMain.java:180)
	at TempTestSuite1733182698305.run(TempTestSuite1733182698305.groovy:35)
	at java.base/jdk.internal.reflect.NativeMethodAccessorImpl.invoke0(Native Method)
	at java.base/jdk.internal.reflect.NativeMethodAccessorImpl.invoke(NativeMethodAccessorImpl.java:77)
	at java.base/jdk.internal.reflect.DelegatingMethodAccessorImpl.invoke(DelegatingMethodAccessorImpl.java:43)
)

03-12-2024T03:05:04 - [TEST_STEP][PASSED] - else: null

03-12-2024T03:05:04 - [TEST_STEP][PASSED] - Script1687405711779.WriteToExcel(todaysDate): null

03-12-2024T03:05:04 - [TEST_STEP][PASSED] - sheetName = "Sheet1": null

03-12-2024T03:05:04 - [TEST_STEP][PASSED] - data = findTestData("PlanFact"): null

03-12-2024T03:05:04 - [TEST_STEP][PASSED] - n = data.getRowNumbers() + 1: null

03-12-2024T03:05:04 - [TEST_STEP][PASSED] - dZO = getText(findTestObject("Выручка по ДЗО/Фильтр ДЗО")): Text of object 'Object Repository/Выручка по ДЗО/Фильтр ДЗО' is: 'ПАО Россети - РаспредКомплекс - Россети Урал (ГК) - Свердловэнерго'

03-12-2024T03:05:04 - [MESSAGE][PASSED] - Text of object 'Object Repository/Выручка по ДЗО/Фильтр ДЗО' is: 'ПАО Россети - РаспредКомплекс - Россети Урал (ГК) - Свердловэнерго'

03-12-2024T03:05:04 - [TEST_STEP][PASSED] - period = getText(findTestObject("Выручка по ДЗО/Фильтр Дата")): Text of object 'Object Repository/Выручка по ДЗО/Фильтр Дата' is: '1, 2, 3 кв., Октябрь 2024 года'

03-12-2024T03:05:05 - [MESSAGE][PASSED] - Text of object 'Object Repository/Выручка по ДЗО/Фильтр Дата' is: '1, 2, 3 кв., Октябрь 2024 года'

03-12-2024T03:05:05 - [TEST_STEP][PASSED] - viruchka = getText(findTestObject("Выручка по ДЗО/Фильтр Выручка")): Text of object 'Object Repository/Выручка по ДЗО/Фильтр Выручка' is: 'внутренний оборот'

03-12-2024T03:05:05 - [MESSAGE][PASSED] - Text of object 'Object Repository/Выручка по ДЗО/Фильтр Выручка' is: 'внутренний оборот'

03-12-2024T03:05:05 - [TEST_STEP][PASSED] - if (viruchka == "Выбрано: 2"): null

03-12-2024T03:05:05 - [TEST_STEP][PASSED] - if (viruchka == "Все"): null

03-12-2024T03:05:05 - [TEST_STEP][PASSED] - println(period): null

03-12-2024T03:05:05 - [TEST_STEP][PASSED] - dashboardName = "Выручка по ДЗО": null

03-12-2024T03:05:05 - [TEST_STEP][PASSED] - workbook01 = getWorkbook(excelFilePath): null

03-12-2024T03:05:05 - [TEST_STEP][PASSED] - sheet01 = getExcelSheet(workbook01, sheetName): null

03-12-2024T03:05:05 - [TEST_STEP][PASSED] - setValueToCellByIndex(sheet01, n, 0, dashboardName): null

03-12-2024T03:05:05 - [TEST_STEP][PASSED] - setValueToCellByIndex(sheet01, n, 1, dZO): null

03-12-2024T03:05:05 - [TEST_STEP][PASSED] - setValueToCellByIndex(sheet01, n, 2, period): null

03-12-2024T03:05:05 - [TEST_STEP][PASSED] - setValueToCellByIndex(sheet01, n, 3, viruchka): null

03-12-2024T03:05:05 - [TEST_STEP][PASSED] - setValueToCellByIndex(sheet01, n, 4, todaysDate): null

03-12-2024T03:05:05 - [TEST_STEP][PASSED] - n = n + 1: null

03-12-2024T03:05:05 - [TEST_STEP][PASSED] - saveWorkbook(excelFilePath, workbook01): null

03-12-2024T03:05:05 - [TEST_STEP][PASSED] - click(findTestObject("Выручка по ДЗО/Фильтр Выручка")): Object: 'Object Repository/Выручка по ДЗО/Фильтр Выручка' is clicked on

03-12-2024T03:05:05 - [MESSAGE][PASSED] - Object: 'Object Repository/Выручка по ДЗО/Фильтр Выручка' is clicked on

03-12-2024T03:05:05 - [TEST_STEP][PASSED] - click(findTestObject("Выручка по ДЗО/По передаче в фильтре Выручка")): Object: 'Object Repository/Выручка по ДЗО/По передаче в фильтре Выручка' is clicked on

03-12-2024T03:05:06 - [MESSAGE][PASSED] - Object: 'Object Repository/Выручка по ДЗО/По передаче в фильтре Выручка' is clicked on

03-12-2024T03:05:06 - [TEST_STEP][PASSED] - click(findTestObject("Выручка по ДЗО/Применить в фильтре Выручка")): Object: 'Object Repository/Выручка по ДЗО/Применить в фильтре Выручка' is clicked on

03-12-2024T03:05:07 - [MESSAGE][PASSED] - Object: 'Object Repository/Выручка по ДЗО/Применить в фильтре Выручка' is clicked on

03-12-2024T03:05:07 - [TEST_STEP][PASSED] - Script1687405711779.Test(todaysDate): null

03-12-2024T03:05:07 - [TEST_STEP][PASSED] - if (verifyTextNotPresent("нет данных", false) == true): null

03-12-2024T03:05:09 - [MESSAGE][PASSED] - Text 'нет данных' is not present on page

03-12-2024T03:05:09 - [TEST_STEP][PASSED] - if (verifyTextNotPresent("Ошибка запроса данных", false) == true): null

03-12-2024T03:05:10 - [MESSAGE][PASSED] - Text 'Ошибка запроса данных' is not present on page

03-12-2024T03:05:10 - [TEST_STEP][PASSED] - if (verifyTextNotPresent("Произошла ошибка при выполнении пользовательского кода", false) == true): null

03-12-2024T03:05:10 - [MESSAGE][PASSED] - Text 'Произошла ошибка при выполнении пользовательского кода' is not present on page

03-12-2024T03:05:10 - [TEST_STEP][PASSED] - if (verifyTextNotPresent("У виджета нет данных", false) == true): null

03-12-2024T03:05:11 - [MESSAGE][PASSED] - Text 'У виджета нет данных' is not present on page

03-12-2024T03:05:11 - [TEST_STEP][PASSED] - if (verifyTextNotPresent("У виджета нет данных", false) == true): Text 'У виджета нет данных' is not present on page

03-12-2024T03:05:11 - [MESSAGE][PASSED] - Text 'У виджета нет данных' is not present on page

03-12-2024T03:05:11 - [TEST_STEP][PASSED] - click(findTestObject("Выручка по ДЗО/Фильтр Выручка")): Object: 'Object Repository/Выручка по ДЗО/Фильтр Выручка' is clicked on

03-12-2024T03:05:12 - [MESSAGE][PASSED] - Object: 'Object Repository/Выручка по ДЗО/Фильтр Выручка' is clicked on

03-12-2024T03:05:12 - [TEST_STEP][PASSED] - click(findTestObject("Выручка по ДЗО/Снять выделение в фильтре Выручка")): Object: 'Object Repository/Выручка по ДЗО/Снять выделение в фильтре Выручка' is clicked on

03-12-2024T03:05:12 - [MESSAGE][PASSED] - Object: 'Object Repository/Выручка по ДЗО/Снять выделение в фильтре Выручка' is clicked on

03-12-2024T03:05:12 - [TEST_STEP][PASSED] - click(findTestObject("Выручка по ДЗО/По передаче в фильтре Выручка")): Object: 'Object Repository/Выручка по ДЗО/По передаче в фильтре Выручка' is clicked on

03-12-2024T03:05:12 - [MESSAGE][PASSED] - Object: 'Object Repository/Выручка по ДЗО/По передаче в фильтре Выручка' is clicked on

03-12-2024T03:05:12 - [TEST_STEP][PASSED] - click(findTestObject("Выручка по ДЗО/Применить в фильтре Выручка")): Object: 'Object Repository/Выручка по ДЗО/Применить в фильтре Выручка' is clicked on

03-12-2024T03:05:13 - [MESSAGE][PASSED] - Object: 'Object Repository/Выручка по ДЗО/Применить в фильтре Выручка' is clicked on

03-12-2024T03:05:13 - [TEST_STEP][PASSED] - Script1687405711779.Test(todaysDate): null

03-12-2024T03:05:13 - [TEST_STEP][PASSED] - if (verifyTextNotPresent("нет данных", false) == true): null

03-12-2024T03:05:15 - [MESSAGE][PASSED] - Text 'нет данных' is not present on page

03-12-2024T03:05:15 - [TEST_STEP][PASSED] - if (verifyTextNotPresent("Ошибка запроса данных", false) == true): null

03-12-2024T03:05:16 - [MESSAGE][PASSED] - Text 'Ошибка запроса данных' is not present on page

03-12-2024T03:05:16 - [TEST_STEP][PASSED] - if (verifyTextNotPresent("Произошла ошибка при выполнении пользовательского кода", false) == true): null

03-12-2024T03:05:16 - [MESSAGE][PASSED] - Text 'Произошла ошибка при выполнении пользовательского кода' is not present on page

03-12-2024T03:05:16 - [TEST_STEP][PASSED] - if (verifyTextNotPresent("У виджета нет данных", false) == true): null

03-12-2024T03:05:17 - [MESSAGE][PASSED] - Text 'У виджета нет данных' is not present on page

03-12-2024T03:05:17 - [TEST_STEP][PASSED] - if (verifyTextNotPresent("У виджета нет данных", false) == true): Text 'У виджета нет данных' is not present on page

03-12-2024T03:05:17 - [MESSAGE][PASSED] - Text 'У виджета нет данных' is not present on page

03-12-2024T03:05:17 - [TEST_STEP][PASSED] - click(findTestObject("Выручка по ДЗО/Фильтр Выручка")): Object: 'Object Repository/Выручка по ДЗО/Фильтр Выручка' is clicked on

03-12-2024T03:05:17 - [MESSAGE][PASSED] - Object: 'Object Repository/Выручка по ДЗО/Фильтр Выручка' is clicked on

03-12-2024T03:05:17 - [TEST_STEP][PASSED] - click(findTestObject("Выручка по ДЗО/Снять выделение в фильтре Выручка")): Object: 'Object Repository/Выручка по ДЗО/Снять выделение в фильтре Выручка' is clicked on

03-12-2024T03:05:18 - [MESSAGE][PASSED] - Object: 'Object Repository/Выручка по ДЗО/Снять выделение в фильтре Выручка' is clicked on

03-12-2024T03:05:18 - [TEST_STEP][PASSED] - click(findTestObject("Выручка по ДЗО/Применить в фильтре Выручка")): Object: 'Object Repository/Выручка по ДЗО/Применить в фильтре Выручка' is clicked on

03-12-2024T03:05:18 - [MESSAGE][PASSED] - Object: 'Object Repository/Выручка по ДЗО/Применить в фильтре Выручка' is clicked on

03-12-2024T03:05:18 - [TEST_STEP][PASSED] - click(findTestObject("Выручка по ДЗО/Фильтр ДЗО")): Object: 'Object Repository/Выручка по ДЗО/Фильтр ДЗО' is clicked on

03-12-2024T03:05:20 - [MESSAGE][PASSED] - Object: 'Object Repository/Выручка по ДЗО/Фильтр ДЗО' is clicked on

03-12-2024T03:05:20 - [TEST_STEP][PASSED] - click(findTestObject("Выручка по ДЗО/Снять выделение в фильтре ДЗО")): Object: 'Object Repository/Выручка по ДЗО/Снять выделение в фильтре ДЗО' is clicked on

03-12-2024T03:05:21 - [MESSAGE][PASSED] - Object: 'Object Repository/Выручка по ДЗО/Снять выделение в фильтре ДЗО' is clicked on

03-12-2024T03:05:21 - [TEST_STEP][PASSED] - scrollToElement(findTestObject("Общие объекты/Челябэнерго"), 30): Scroll to object 'Object Repository/Общие объекты/Челябэнерго' successfully

03-12-2024T03:05:21 - [MESSAGE][PASSED] - Scroll to object 'Object Repository/Общие объекты/Челябэнерго' successfully

03-12-2024T03:05:21 - [TEST_STEP][PASSED] - click(findTestObject("Общие объекты/Челябэнерго"), CONTINUE_ON_FAILURE): Object: 'Object Repository/Общие объекты/Челябэнерго' is clicked on

03-12-2024T03:05:21 - [MESSAGE][PASSED] - Object: 'Object Repository/Общие объекты/Челябэнерго' is clicked on

03-12-2024T03:05:21 - [TEST_STEP][PASSED] - Script1687405711779.Change(todaysDate): null

03-12-2024T03:05:21 - [TEST_STEP][PASSED] - scrollToElement(findTestObject("Выручка по ДЗО/Заголовок дашборда"), 30): Scroll to object 'Object Repository/Выручка по ДЗО/Заголовок дашборда' successfully

03-12-2024T03:05:22 - [MESSAGE][PASSED] - Scroll to object 'Object Repository/Выручка по ДЗО/Заголовок дашборда' successfully

03-12-2024T03:05:22 - [TEST_STEP][PASSED] - click(findTestObject("Выручка по ДЗО/Применить в фильтре ДЗО")): Object: 'Object Repository/Выручка по ДЗО/Применить в фильтре ДЗО' is clicked on

03-12-2024T03:05:22 - [MESSAGE][PASSED] - Object: 'Object Repository/Выручка по ДЗО/Применить в фильтре ДЗО' is clicked on

03-12-2024T03:05:22 - [TEST_STEP][PASSED] - Script1687405711779.Tumbler(todaysDate): null

03-12-2024T03:05:22 - [TEST_STEP][PASSED] - Script1687405711779.Test(todaysDate): null

03-12-2024T03:05:22 - [TEST_STEP][PASSED] - if (verifyTextNotPresent("нет данных", false) == true): null

03-12-2024T03:05:26 - [MESSAGE][PASSED] - Text 'нет данных' is not present on page

03-12-2024T03:05:26 - [TEST_STEP][PASSED] - if (verifyTextNotPresent("Ошибка запроса данных", false) == true): null

03-12-2024T03:05:27 - [MESSAGE][PASSED] - Text 'Ошибка запроса данных' is not present on page

03-12-2024T03:05:27 - [TEST_STEP][PASSED] - if (verifyTextNotPresent("Произошла ошибка при выполнении пользовательского кода", false) == true): null

03-12-2024T03:05:27 - [MESSAGE][PASSED] - Text 'Произошла ошибка при выполнении пользовательского кода' is not present on page

03-12-2024T03:05:27 - [TEST_STEP][PASSED] - if (verifyTextNotPresent("У виджета нет данных", false) == true): null

03-12-2024T03:05:28 - [MESSAGE][PASSED] - Text 'У виджета нет данных' is not present on page

03-12-2024T03:05:28 - [TEST_STEP][PASSED] - if (verifyTextNotPresent("У виджета нет данных", false) == true): Text 'У виджета нет данных' is not present on page

03-12-2024T03:05:28 - [MESSAGE][PASSED] - Text 'У виджета нет данных' is not present on page

03-12-2024T03:05:28 - [TEST_STEP][PASSED] - click(findTestObject("Выручка по ДЗО/Фильтр Выручка")): Object: 'Object Repository/Выручка по ДЗО/Фильтр Выручка' is clicked on

03-12-2024T03:05:28 - [MESSAGE][PASSED] - Object: 'Object Repository/Выручка по ДЗО/Фильтр Выручка' is clicked on

03-12-2024T03:05:28 - [TEST_STEP][PASSED] - click(findTestObject("Выручка по ДЗО/Внутренний оборот в фильтре Выручка")): Object: 'Object Repository/Выручка по ДЗО/Внутренний оборот в фильтре Выручка' is clicked on

03-12-2024T03:05:29 - [MESSAGE][PASSED] - Object: 'Object Repository/Выручка по ДЗО/Внутренний оборот в фильтре Выручка' is clicked on

03-12-2024T03:05:29 - [TEST_STEP][PASSED] - click(findTestObject("Выручка по ДЗО/Применить в фильтре Выручка")): Object: 'Object Repository/Выручка по ДЗО/Применить в фильтре Выручка' is clicked on

03-12-2024T03:05:30 - [MESSAGE][PASSED] - Object: 'Object Repository/Выручка по ДЗО/Применить в фильтре Выручка' is clicked on

03-12-2024T03:05:30 - [TEST_STEP][PASSED] - Script1687405711779.Test(todaysDate): null

03-12-2024T03:05:30 - [TEST_STEP][FAILED] - if (verifyTextNotPresent("нет данных", false) == true): Text 'нет данных' is present on page  (Root cause: com.kms.katalon.core.exception.StepFailedException: Text 'нет данных' is present on page 
	at com.kms.katalon.core.webui.keyword.internal.WebUIKeywordMain.stepFailed(WebUIKeywordMain.groovy:64)
	at com.kms.katalon.core.webui.keyword.builtin.VerifyTextNotPresentKeyword$_verifyTextNotPresent_closure1.doCall(VerifyTextNotPresentKeyword.groovy:77)
	at com.kms.katalon.core.webui.keyword.builtin.VerifyTextNotPresentKeyword$_verifyTextNotPresent_closure1.call(VerifyTextNotPresentKeyword.groovy)
	at com.kms.katalon.core.webui.keyword.internal.WebUIKeywordMain.runKeyword(WebUIKeywordMain.groovy:20)
	at com.kms.katalon.core.webui.keyword.builtin.VerifyTextNotPresentKeyword.verifyTextNotPresent(VerifyTextNotPresentKeyword.groovy:82)
	at com.kms.katalon.core.webui.keyword.builtin.VerifyTextNotPresentKeyword.execute(VerifyTextNotPresentKeyword.groovy:68)
	at com.kms.katalon.core.keyword.internal.KeywordExecutor.executeKeywordForPlatform(KeywordExecutor.groovy:74)
	at com.kms.katalon.core.webui.keyword.WebUiBuiltInKeywords.verifyTextNotPresent(WebUiBuiltInKeywords.groovy:1795)
	at Выручка по ДЗО отображение данных все филиалы.Test(Выручка по ДЗО отображение данных все филиалы:782)
	at Выручка по ДЗО отображение данных все филиалы.Tumbler(Выручка по ДЗО отображение данных все филиалы:738)
	at Выручка по ДЗО отображение данных все филиалы.Change(Выручка по ДЗО отображение данных все филиалы:772)
	at Выручка по ДЗО отображение данных все филиалы.DzoTest(Выручка по ДЗО отображение данных все филиалы:524)
	at Выручка по ДЗО отображение данных все филиалы.run(Выручка по ДЗО отображение данных все филиалы:134)
	at com.kms.katalon.core.main.ScriptEngine.run(ScriptEngine.java:194)
	at com.kms.katalon.core.main.ScriptEngine.runScriptAsRawText(ScriptEngine.java:119)
	at com.kms.katalon.core.main.TestCaseExecutor.runScript(TestCaseExecutor.java:448)
	at com.kms.katalon.core.main.TestCaseExecutor.doExecute(TestCaseExecutor.java:439)
	at com.kms.katalon.core.main.TestCaseExecutor.processExecutionPhase(TestCaseExecutor.java:418)
	at com.kms.katalon.core.main.TestCaseExecutor.accessMainPhase(TestCaseExecutor.java:410)
	at com.kms.katalon.core.main.TestCaseExecutor.execute(TestCaseExecutor.java:285)
	at com.kms.katalon.core.common.CommonExecutor.accessTestCaseMainPhase(CommonExecutor.java:65)
	at com.kms.katalon.core.main.TestSuiteExecutor.accessTestSuiteMainPhase(TestSuiteExecutor.java:150)
	at com.kms.katalon.core.main.TestSuiteExecutor.execute(TestSuiteExecutor.java:106)
	at com.kms.katalon.core.main.TestCaseMain.startTestSuite(TestCaseMain.java:180)
	at TempTestSuite1733182698305.run(TempTestSuite1733182698305.groovy:35)
	at java.base/jdk.internal.reflect.NativeMethodAccessorImpl.invoke0(Native Method)
	at java.base/jdk.internal.reflect.NativeMethodAccessorImpl.invoke(NativeMethodAccessorImpl.java:77)
	at java.base/jdk.internal.reflect.DelegatingMethodAccessorImpl.invoke(DelegatingMethodAccessorImpl.java:43)
)

03-12-2024T03:05:31 - [MESSAGE][FAILED] - Text 'нет данных' is present on page  (Root cause: com.kms.katalon.core.exception.StepFailedException: Text 'нет данных' is present on page 
	at com.kms.katalon.core.webui.keyword.internal.WebUIKeywordMain.stepFailed(WebUIKeywordMain.groovy:64)
	at com.kms.katalon.core.webui.keyword.builtin.VerifyTextNotPresentKeyword$_verifyTextNotPresent_closure1.doCall(VerifyTextNotPresentKeyword.groovy:77)
	at com.kms.katalon.core.webui.keyword.builtin.VerifyTextNotPresentKeyword$_verifyTextNotPresent_closure1.call(VerifyTextNotPresentKeyword.groovy)
	at com.kms.katalon.core.webui.keyword.internal.WebUIKeywordMain.runKeyword(WebUIKeywordMain.groovy:20)
	at com.kms.katalon.core.webui.keyword.builtin.VerifyTextNotPresentKeyword.verifyTextNotPresent(VerifyTextNotPresentKeyword.groovy:82)
	at com.kms.katalon.core.webui.keyword.builtin.VerifyTextNotPresentKeyword.execute(VerifyTextNotPresentKeyword.groovy:68)
	at com.kms.katalon.core.keyword.internal.KeywordExecutor.executeKeywordForPlatform(KeywordExecutor.groovy:74)
	at com.kms.katalon.core.webui.keyword.WebUiBuiltInKeywords.verifyTextNotPresent(WebUiBuiltInKeywords.groovy:1795)
	at Выручка по ДЗО отображение данных все филиалы.Test(Выручка по ДЗО отображение данных все филиалы:782)
	at Выручка по ДЗО отображение данных все филиалы.Tumbler(Выручка по ДЗО отображение данных все филиалы:738)
	at Выручка по ДЗО отображение данных все филиалы.Change(Выручка по ДЗО отображение данных все филиалы:772)
	at Выручка по ДЗО отображение данных все филиалы.DzoTest(Выручка по ДЗО отображение данных все филиалы:524)
	at Выручка по ДЗО отображение данных все филиалы.run(Выручка по ДЗО отображение данных все филиалы:134)
	at com.kms.katalon.core.main.ScriptEngine.run(ScriptEngine.java:194)
	at com.kms.katalon.core.main.ScriptEngine.runScriptAsRawText(ScriptEngine.java:119)
	at com.kms.katalon.core.main.TestCaseExecutor.runScript(TestCaseExecutor.java:448)
	at com.kms.katalon.core.main.TestCaseExecutor.doExecute(TestCaseExecutor.java:439)
	at com.kms.katalon.core.main.TestCaseExecutor.processExecutionPhase(TestCaseExecutor.java:418)
	at com.kms.katalon.core.main.TestCaseExecutor.accessMainPhase(TestCaseExecutor.java:410)
	at com.kms.katalon.core.main.TestCaseExecutor.execute(TestCaseExecutor.java:285)
	at com.kms.katalon.core.common.CommonExecutor.accessTestCaseMainPhase(CommonExecutor.java:65)
	at com.kms.katalon.core.main.TestSuiteExecutor.accessTestSuiteMainPhase(TestSuiteExecutor.java:150)
	at com.kms.katalon.core.main.TestSuiteExecutor.execute(TestSuiteExecutor.java:106)
	at com.kms.katalon.core.main.TestCaseMain.startTestSuite(TestCaseMain.java:180)
	at TempTestSuite1733182698305.run(TempTestSuite1733182698305.groovy:35)
	at java.base/jdk.internal.reflect.NativeMethodAccessorImpl.invoke0(Native Method)
	at java.base/jdk.internal.reflect.NativeMethodAccessorImpl.invoke(NativeMethodAccessorImpl.java:77)
	at java.base/jdk.internal.reflect.DelegatingMethodAccessorImpl.invoke(DelegatingMethodAccessorImpl.java:43)
)

03-12-2024T03:05:31 - [TEST_STEP][PASSED] - else: null

03-12-2024T03:05:31 - [TEST_STEP][PASSED] - Script1687405711779.WriteToExcel(todaysDate): null

03-12-2024T03:05:31 - [TEST_STEP][PASSED] - sheetName = "Sheet1": null

03-12-2024T03:05:31 - [TEST_STEP][PASSED] - data = findTestData("PlanFact"): null

03-12-2024T03:05:32 - [TEST_STEP][PASSED] - n = data.getRowNumbers() + 1: null

03-12-2024T03:05:32 - [TEST_STEP][PASSED] - dZO = getText(findTestObject("Выручка по ДЗО/Фильтр ДЗО")): Text of object 'Object Repository/Выручка по ДЗО/Фильтр ДЗО' is: 'ПАО Россети - РаспредКомплекс - Россети Урал (ГК) - Челябэнерго'

03-12-2024T03:05:32 - [MESSAGE][PASSED] - Text of object 'Object Repository/Выручка по ДЗО/Фильтр ДЗО' is: 'ПАО Россети - РаспредКомплекс - Россети Урал (ГК) - Челябэнерго'

03-12-2024T03:05:32 - [TEST_STEP][PASSED] - period = getText(findTestObject("Выручка по ДЗО/Фильтр Дата")): Text of object 'Object Repository/Выручка по ДЗО/Фильтр Дата' is: '1, 2, 3 кв., Октябрь 2024 года'

03-12-2024T03:05:32 - [MESSAGE][PASSED] - Text of object 'Object Repository/Выручка по ДЗО/Фильтр Дата' is: '1, 2, 3 кв., Октябрь 2024 года'

03-12-2024T03:05:32 - [TEST_STEP][PASSED] - viruchka = getText(findTestObject("Выручка по ДЗО/Фильтр Выручка")): Text of object 'Object Repository/Выручка по ДЗО/Фильтр Выручка' is: 'внутренний оборот'

03-12-2024T03:05:32 - [MESSAGE][PASSED] - Text of object 'Object Repository/Выручка по ДЗО/Фильтр Выручка' is: 'внутренний оборот'

03-12-2024T03:05:32 - [TEST_STEP][PASSED] - if (viruchka == "Выбрано: 2"): null

03-12-2024T03:05:32 - [TEST_STEP][PASSED] - if (viruchka == "Все"): null

03-12-2024T03:05:32 - [TEST_STEP][PASSED] - println(period): null

03-12-2024T03:05:32 - [TEST_STEP][PASSED] - dashboardName = "Выручка по ДЗО": null

03-12-2024T03:05:32 - [TEST_STEP][PASSED] - workbook01 = getWorkbook(excelFilePath): null

03-12-2024T03:05:32 - [TEST_STEP][PASSED] - sheet01 = getExcelSheet(workbook01, sheetName): null

03-12-2024T03:05:32 - [TEST_STEP][PASSED] - setValueToCellByIndex(sheet01, n, 0, dashboardName): null

03-12-2024T03:05:32 - [TEST_STEP][PASSED] - setValueToCellByIndex(sheet01, n, 1, dZO): null

03-12-2024T03:05:32 - [TEST_STEP][PASSED] - setValueToCellByIndex(sheet01, n, 2, period): null

03-12-2024T03:05:32 - [TEST_STEP][PASSED] - setValueToCellByIndex(sheet01, n, 3, viruchka): null

03-12-2024T03:05:32 - [TEST_STEP][PASSED] - setValueToCellByIndex(sheet01, n, 4, todaysDate): null

03-12-2024T03:05:32 - [TEST_STEP][PASSED] - n = n + 1: null

03-12-2024T03:05:32 - [TEST_STEP][PASSED] - saveWorkbook(excelFilePath, workbook01): null

03-12-2024T03:05:33 - [TEST_STEP][PASSED] - click(findTestObject("Выручка по ДЗО/Фильтр Выручка")): Object: 'Object Repository/Выручка по ДЗО/Фильтр Выручка' is clicked on

03-12-2024T03:05:33 - [MESSAGE][PASSED] - Object: 'Object Repository/Выручка по ДЗО/Фильтр Выручка' is clicked on

03-12-2024T03:05:33 - [TEST_STEP][PASSED] - click(findTestObject("Выручка по ДЗО/По передаче в фильтре Выручка")): Object: 'Object Repository/Выручка по ДЗО/По передаче в фильтре Выручка' is clicked on

03-12-2024T03:05:34 - [MESSAGE][PASSED] - Object: 'Object Repository/Выручка по ДЗО/По передаче в фильтре Выручка' is clicked on

03-12-2024T03:05:34 - [TEST_STEP][PASSED] - click(findTestObject("Выручка по ДЗО/Применить в фильтре Выручка")): Object: 'Object Repository/Выручка по ДЗО/Применить в фильтре Выручка' is clicked on

03-12-2024T03:05:34 - [MESSAGE][PASSED] - Object: 'Object Repository/Выручка по ДЗО/Применить в фильтре Выручка' is clicked on

03-12-2024T03:05:34 - [TEST_STEP][PASSED] - Script1687405711779.Test(todaysDate): null

03-12-2024T03:05:34 - [TEST_STEP][PASSED] - if (verifyTextNotPresent("нет данных", false) == true): null

03-12-2024T03:05:37 - [MESSAGE][PASSED] - Text 'нет данных' is not present on page

03-12-2024T03:05:37 - [TEST_STEP][PASSED] - if (verifyTextNotPresent("Ошибка запроса данных", false) == true): null

03-12-2024T03:05:37 - [MESSAGE][PASSED] - Text 'Ошибка запроса данных' is not present on page

03-12-2024T03:05:37 - [TEST_STEP][PASSED] - if (verifyTextNotPresent("Произошла ошибка при выполнении пользовательского кода", false) == true): null

03-12-2024T03:05:38 - [MESSAGE][PASSED] - Text 'Произошла ошибка при выполнении пользовательского кода' is not present on page

03-12-2024T03:05:38 - [TEST_STEP][PASSED] - if (verifyTextNotPresent("У виджета нет данных", false) == true): null

03-12-2024T03:05:38 - [MESSAGE][PASSED] - Text 'У виджета нет данных' is not present on page

03-12-2024T03:05:38 - [TEST_STEP][PASSED] - if (verifyTextNotPresent("У виджета нет данных", false) == true): Text 'У виджета нет данных' is not present on page

03-12-2024T03:05:39 - [MESSAGE][PASSED] - Text 'У виджета нет данных' is not present on page

03-12-2024T03:05:39 - [TEST_STEP][PASSED] - click(findTestObject("Выручка по ДЗО/Фильтр Выручка")): Object: 'Object Repository/Выручка по ДЗО/Фильтр Выручка' is clicked on

03-12-2024T03:05:39 - [MESSAGE][PASSED] - Object: 'Object Repository/Выручка по ДЗО/Фильтр Выручка' is clicked on

03-12-2024T03:05:39 - [TEST_STEP][PASSED] - click(findTestObject("Выручка по ДЗО/Снять выделение в фильтре Выручка")): Object: 'Object Repository/Выручка по ДЗО/Снять выделение в фильтре Выручка' is clicked on

03-12-2024T03:05:40 - [MESSAGE][PASSED] - Object: 'Object Repository/Выручка по ДЗО/Снять выделение в фильтре Выручка' is clicked on

03-12-2024T03:05:40 - [TEST_STEP][PASSED] - click(findTestObject("Выручка по ДЗО/По передаче в фильтре Выручка")): Object: 'Object Repository/Выручка по ДЗО/По передаче в фильтре Выручка' is clicked on

03-12-2024T03:05:40 - [MESSAGE][PASSED] - Object: 'Object Repository/Выручка по ДЗО/По передаче в фильтре Выручка' is clicked on

03-12-2024T03:05:40 - [TEST_STEP][PASSED] - click(findTestObject("Выручка по ДЗО/Применить в фильтре Выручка")): Object: 'Object Repository/Выручка по ДЗО/Применить в фильтре Выручка' is clicked on

03-12-2024T03:05:41 - [MESSAGE][PASSED] - Object: 'Object Repository/Выручка по ДЗО/Применить в фильтре Выручка' is clicked on

03-12-2024T03:05:41 - [TEST_STEP][PASSED] - Script1687405711779.Test(todaysDate): null

03-12-2024T03:05:41 - [TEST_STEP][PASSED] - if (verifyTextNotPresent("нет данных", false) == true): null

03-12-2024T03:05:43 - [MESSAGE][PASSED] - Text 'нет данных' is not present on page

03-12-2024T03:05:43 - [TEST_STEP][PASSED] - if (verifyTextNotPresent("Ошибка запроса данных", false) == true): null

03-12-2024T03:05:43 - [MESSAGE][PASSED] - Text 'Ошибка запроса данных' is not present on page

03-12-2024T03:05:43 - [TEST_STEP][PASSED] - if (verifyTextNotPresent("Произошла ошибка при выполнении пользовательского кода", false) == true): null

03-12-2024T03:05:44 - [MESSAGE][PASSED] - Text 'Произошла ошибка при выполнении пользовательского кода' is not present on page

03-12-2024T03:05:44 - [TEST_STEP][PASSED] - if (verifyTextNotPresent("У виджета нет данных", false) == true): null

03-12-2024T03:05:44 - [MESSAGE][PASSED] - Text 'У виджета нет данных' is not present on page

03-12-2024T03:05:44 - [TEST_STEP][PASSED] - if (verifyTextNotPresent("У виджета нет данных", false) == true): Text 'У виджета нет данных' is not present on page

03-12-2024T03:05:45 - [MESSAGE][PASSED] - Text 'У виджета нет данных' is not present on page

03-12-2024T03:05:45 - [TEST_STEP][PASSED] - click(findTestObject("Выручка по ДЗО/Фильтр Выручка")): Object: 'Object Repository/Выручка по ДЗО/Фильтр Выручка' is clicked on

03-12-2024T03:05:45 - [MESSAGE][PASSED] - Object: 'Object Repository/Выручка по ДЗО/Фильтр Выручка' is clicked on

03-12-2024T03:05:45 - [TEST_STEP][PASSED] - click(findTestObject("Выручка по ДЗО/Снять выделение в фильтре Выручка")): Object: 'Object Repository/Выручка по ДЗО/Снять выделение в фильтре Выручка' is clicked on

03-12-2024T03:05:45 - [MESSAGE][PASSED] - Object: 'Object Repository/Выручка по ДЗО/Снять выделение в фильтре Выручка' is clicked on

03-12-2024T03:05:45 - [TEST_STEP][PASSED] - click(findTestObject("Выручка по ДЗО/Применить в фильтре Выручка")): Object: 'Object Repository/Выручка по ДЗО/Применить в фильтре Выручка' is clicked on

03-12-2024T03:05:46 - [MESSAGE][PASSED] - Object: 'Object Repository/Выручка по ДЗО/Применить в фильтре Выручка' is clicked on

03-12-2024T03:05:46 - [TEST_STEP][PASSED] - click(findTestObject("Выручка по ДЗО/Фильтр ДЗО")): Object: 'Object Repository/Выручка по ДЗО/Фильтр ДЗО' is clicked on

03-12-2024T03:05:48 - [MESSAGE][PASSED] - Object: 'Object Repository/Выручка по ДЗО/Фильтр ДЗО' is clicked on

03-12-2024T03:05:48 - [TEST_STEP][PASSED] - click(findTestObject("Выручка по ДЗО/Снять выделение в фильтре ДЗО")): Object: 'Object Repository/Выручка по ДЗО/Снять выделение в фильтре ДЗО' is clicked on

03-12-2024T03:05:48 - [MESSAGE][PASSED] - Object: 'Object Repository/Выручка по ДЗО/Снять выделение в фильтре ДЗО' is clicked on

03-12-2024T03:05:48 - [TEST_STEP][PASSED] - scrollToElement(findTestObject("Выручка по ДЗО/Россети Центр Выручка по ДЗО"), 30): Scroll to object 'Object Repository/Выручка по ДЗО/Россети Центр Выручка по ДЗО' successfully

03-12-2024T03:05:48 - [MESSAGE][PASSED] - Scroll to object 'Object Repository/Выручка по ДЗО/Россети Центр Выручка по ДЗО' successfully

03-12-2024T03:05:48 - [TEST_STEP][PASSED] - click(findTestObject("Выручка по ДЗО/Россети Центр Выручка по ДЗО")): Object: 'Object Repository/Выручка по ДЗО/Россети Центр Выручка по ДЗО' is clicked on

03-12-2024T03:05:49 - [MESSAGE][PASSED] - Object: 'Object Repository/Выручка по ДЗО/Россети Центр Выручка по ДЗО' is clicked on

03-12-2024T03:05:49 - [TEST_STEP][PASSED] - Script1687405711779.Change(todaysDate): null

03-12-2024T03:05:49 - [TEST_STEP][PASSED] - scrollToElement(findTestObject("Выручка по ДЗО/Заголовок дашборда"), 30): Scroll to object 'Object Repository/Выручка по ДЗО/Заголовок дашборда' successfully

03-12-2024T03:05:49 - [MESSAGE][PASSED] - Scroll to object 'Object Repository/Выручка по ДЗО/Заголовок дашборда' successfully

03-12-2024T03:05:49 - [TEST_STEP][PASSED] - click(findTestObject("Выручка по ДЗО/Применить в фильтре ДЗО")): Object: 'Object Repository/Выручка по ДЗО/Применить в фильтре ДЗО' is clicked on

03-12-2024T03:05:50 - [MESSAGE][PASSED] - Object: 'Object Repository/Выручка по ДЗО/Применить в фильтре ДЗО' is clicked on

03-12-2024T03:05:50 - [TEST_STEP][PASSED] - Script1687405711779.Tumbler(todaysDate): null

03-12-2024T03:05:50 - [TEST_STEP][PASSED] - Script1687405711779.Test(todaysDate): null

03-12-2024T03:05:50 - [TEST_STEP][PASSED] - if (verifyTextNotPresent("нет данных", false) == true): null

03-12-2024T03:05:53 - [MESSAGE][PASSED] - Text 'нет данных' is not present on page

03-12-2024T03:05:53 - [TEST_STEP][PASSED] - if (verifyTextNotPresent("Ошибка запроса данных", false) == true): null

03-12-2024T03:05:54 - [MESSAGE][PASSED] - Text 'Ошибка запроса данных' is not present on page

03-12-2024T03:05:54 - [TEST_STEP][PASSED] - if (verifyTextNotPresent("Произошла ошибка при выполнении пользовательского кода", false) == true): null

03-12-2024T03:05:55 - [MESSAGE][PASSED] - Text 'Произошла ошибка при выполнении пользовательского кода' is not present on page

03-12-2024T03:05:55 - [TEST_STEP][PASSED] - if (verifyTextNotPresent("У виджета нет данных", false) == true): null

03-12-2024T03:05:55 - [MESSAGE][PASSED] - Text 'У виджета нет данных' is not present on page

03-12-2024T03:05:55 - [TEST_STEP][PASSED] - if (verifyTextNotPresent("У виджета нет данных", false) == true): Text 'У виджета нет данных' is not present on page

03-12-2024T03:05:56 - [MESSAGE][PASSED] - Text 'У виджета нет данных' is not present on page

03-12-2024T03:05:56 - [TEST_STEP][PASSED] - click(findTestObject("Выручка по ДЗО/Фильтр Выручка")): Object: 'Object Repository/Выручка по ДЗО/Фильтр Выручка' is clicked on

03-12-2024T03:05:56 - [MESSAGE][PASSED] - Object: 'Object Repository/Выручка по ДЗО/Фильтр Выручка' is clicked on

03-12-2024T03:05:56 - [TEST_STEP][PASSED] - click(findTestObject("Выручка по ДЗО/Внутренний оборот в фильтре Выручка")): Object: 'Object Repository/Выручка по ДЗО/Внутренний оборот в фильтре Выручка' is clicked on

03-12-2024T03:05:56 - [MESSAGE][PASSED] - Object: 'Object Repository/Выручка по ДЗО/Внутренний оборот в фильтре Выручка' is clicked on

03-12-2024T03:05:56 - [TEST_STEP][PASSED] - click(findTestObject("Выручка по ДЗО/Применить в фильтре Выручка")): Object: 'Object Repository/Выручка по ДЗО/Применить в фильтре Выручка' is clicked on

03-12-2024T03:05:57 - [MESSAGE][PASSED] - Object: 'Object Repository/Выручка по ДЗО/Применить в фильтре Выручка' is clicked on

03-12-2024T03:05:57 - [TEST_STEP][PASSED] - Script1687405711779.Test(todaysDate): null

03-12-2024T03:05:57 - [TEST_STEP][FAILED] - if (verifyTextNotPresent("нет данных", false) == true): Text 'нет данных' is present on page  (Root cause: com.kms.katalon.core.exception.StepFailedException: Text 'нет данных' is present on page 
	at com.kms.katalon.core.webui.keyword.internal.WebUIKeywordMain.stepFailed(WebUIKeywordMain.groovy:64)
	at com.kms.katalon.core.webui.keyword.builtin.VerifyTextNotPresentKeyword$_verifyTextNotPresent_closure1.doCall(VerifyTextNotPresentKeyword.groovy:77)
	at com.kms.katalon.core.webui.keyword.builtin.VerifyTextNotPresentKeyword$_verifyTextNotPresent_closure1.call(VerifyTextNotPresentKeyword.groovy)
	at com.kms.katalon.core.webui.keyword.internal.WebUIKeywordMain.runKeyword(WebUIKeywordMain.groovy:20)
	at com.kms.katalon.core.webui.keyword.builtin.VerifyTextNotPresentKeyword.verifyTextNotPresent(VerifyTextNotPresentKeyword.groovy:82)
	at com.kms.katalon.core.webui.keyword.builtin.VerifyTextNotPresentKeyword.execute(VerifyTextNotPresentKeyword.groovy:68)
	at com.kms.katalon.core.keyword.internal.KeywordExecutor.executeKeywordForPlatform(KeywordExecutor.groovy:74)
	at com.kms.katalon.core.webui.keyword.WebUiBuiltInKeywords.verifyTextNotPresent(WebUiBuiltInKeywords.groovy:1795)
	at Выручка по ДЗО отображение данных все филиалы.Test(Выручка по ДЗО отображение данных все филиалы:782)
	at Выручка по ДЗО отображение данных все филиалы.Tumbler(Выручка по ДЗО отображение данных все филиалы:738)
	at Выручка по ДЗО отображение данных все филиалы.Change(Выручка по ДЗО отображение данных все филиалы:772)
	at Выручка по ДЗО отображение данных все филиалы.DzoTest(Выручка по ДЗО отображение данных все филиалы:530)
	at Выручка по ДЗО отображение данных все филиалы.run(Выручка по ДЗО отображение данных все филиалы:134)
	at com.kms.katalon.core.main.ScriptEngine.run(ScriptEngine.java:194)
	at com.kms.katalon.core.main.ScriptEngine.runScriptAsRawText(ScriptEngine.java:119)
	at com.kms.katalon.core.main.TestCaseExecutor.runScript(TestCaseExecutor.java:448)
	at com.kms.katalon.core.main.TestCaseExecutor.doExecute(TestCaseExecutor.java:439)
	at com.kms.katalon.core.main.TestCaseExecutor.processExecutionPhase(TestCaseExecutor.java:418)
	at com.kms.katalon.core.main.TestCaseExecutor.accessMainPhase(TestCaseExecutor.java:410)
	at com.kms.katalon.core.main.TestCaseExecutor.execute(TestCaseExecutor.java:285)
	at com.kms.katalon.core.common.CommonExecutor.accessTestCaseMainPhase(CommonExecutor.java:65)
	at com.kms.katalon.core.main.TestSuiteExecutor.accessTestSuiteMainPhase(TestSuiteExecutor.java:150)
	at com.kms.katalon.core.main.TestSuiteExecutor.execute(TestSuiteExecutor.java:106)
	at com.kms.katalon.core.main.TestCaseMain.startTestSuite(TestCaseMain.java:180)
	at TempTestSuite1733182698305.run(TempTestSuite1733182698305.groovy:35)
	at java.base/jdk.internal.reflect.NativeMethodAccessorImpl.invoke0(Native Method)
	at java.base/jdk.internal.reflect.NativeMethodAccessorImpl.invoke(NativeMethodAccessorImpl.java:77)
	at java.base/jdk.internal.reflect.DelegatingMethodAccessorImpl.invoke(DelegatingMethodAccessorImpl.java:43)
)

03-12-2024T03:05:59 - [MESSAGE][FAILED] - Text 'нет данных' is present on page  (Root cause: com.kms.katalon.core.exception.StepFailedException: Text 'нет данных' is present on page 
	at com.kms.katalon.core.webui.keyword.internal.WebUIKeywordMain.stepFailed(WebUIKeywordMain.groovy:64)
	at com.kms.katalon.core.webui.keyword.builtin.VerifyTextNotPresentKeyword$_verifyTextNotPresent_closure1.doCall(VerifyTextNotPresentKeyword.groovy:77)
	at com.kms.katalon.core.webui.keyword.builtin.VerifyTextNotPresentKeyword$_verifyTextNotPresent_closure1.call(VerifyTextNotPresentKeyword.groovy)
	at com.kms.katalon.core.webui.keyword.internal.WebUIKeywordMain.runKeyword(WebUIKeywordMain.groovy:20)
	at com.kms.katalon.core.webui.keyword.builtin.VerifyTextNotPresentKeyword.verifyTextNotPresent(VerifyTextNotPresentKeyword.groovy:82)
	at com.kms.katalon.core.webui.keyword.builtin.VerifyTextNotPresentKeyword.execute(VerifyTextNotPresentKeyword.groovy:68)
	at com.kms.katalon.core.keyword.internal.KeywordExecutor.executeKeywordForPlatform(KeywordExecutor.groovy:74)
	at com.kms.katalon.core.webui.keyword.WebUiBuiltInKeywords.verifyTextNotPresent(WebUiBuiltInKeywords.groovy:1795)
	at Выручка по ДЗО отображение данных все филиалы.Test(Выручка по ДЗО отображение данных все филиалы:782)
	at Выручка по ДЗО отображение данных все филиалы.Tumbler(Выручка по ДЗО отображение данных все филиалы:738)
	at Выручка по ДЗО отображение данных все филиалы.Change(Выручка по ДЗО отображение данных все филиалы:772)
	at Выручка по ДЗО отображение данных все филиалы.DzoTest(Выручка по ДЗО отображение данных все филиалы:530)
	at Выручка по ДЗО отображение данных все филиалы.run(Выручка по ДЗО отображение данных все филиалы:134)
	at com.kms.katalon.core.main.ScriptEngine.run(ScriptEngine.java:194)
	at com.kms.katalon.core.main.ScriptEngine.runScriptAsRawText(ScriptEngine.java:119)
	at com.kms.katalon.core.main.TestCaseExecutor.runScript(TestCaseExecutor.java:448)
	at com.kms.katalon.core.main.TestCaseExecutor.doExecute(TestCaseExecutor.java:439)
	at com.kms.katalon.core.main.TestCaseExecutor.processExecutionPhase(TestCaseExecutor.java:418)
	at com.kms.katalon.core.main.TestCaseExecutor.accessMainPhase(TestCaseExecutor.java:410)
	at com.kms.katalon.core.main.TestCaseExecutor.execute(TestCaseExecutor.java:285)
	at com.kms.katalon.core.common.CommonExecutor.accessTestCaseMainPhase(CommonExecutor.java:65)
	at com.kms.katalon.core.main.TestSuiteExecutor.accessTestSuiteMainPhase(TestSuiteExecutor.java:150)
	at com.kms.katalon.core.main.TestSuiteExecutor.execute(TestSuiteExecutor.java:106)
	at com.kms.katalon.core.main.TestCaseMain.startTestSuite(TestCaseMain.java:180)
	at TempTestSuite1733182698305.run(TempTestSuite1733182698305.groovy:35)
	at java.base/jdk.internal.reflect.NativeMethodAccessorImpl.invoke0(Native Method)
	at java.base/jdk.internal.reflect.NativeMethodAccessorImpl.invoke(NativeMethodAccessorImpl.java:77)
	at java.base/jdk.internal.reflect.DelegatingMethodAccessorImpl.invoke(DelegatingMethodAccessorImpl.java:43)
)

03-12-2024T03:05:59 - [TEST_STEP][PASSED] - else: null

03-12-2024T03:05:59 - [TEST_STEP][PASSED] - Script1687405711779.WriteToExcel(todaysDate): null

03-12-2024T03:05:59 - [TEST_STEP][PASSED] - sheetName = "Sheet1": null

03-12-2024T03:05:59 - [TEST_STEP][PASSED] - data = findTestData("PlanFact"): null

03-12-2024T03:05:59 - [TEST_STEP][PASSED] - n = data.getRowNumbers() + 1: null

03-12-2024T03:05:59 - [TEST_STEP][PASSED] - dZO = getText(findTestObject("Выручка по ДЗО/Фильтр ДЗО")): Text of object 'Object Repository/Выручка по ДЗО/Фильтр ДЗО' is: 'ПАО Россети - РаспредКомплекс - Россети Центр'

03-12-2024T03:05:59 - [MESSAGE][PASSED] - Text of object 'Object Repository/Выручка по ДЗО/Фильтр ДЗО' is: 'ПАО Россети - РаспредКомплекс - Россети Центр'

03-12-2024T03:05:59 - [TEST_STEP][PASSED] - period = getText(findTestObject("Выручка по ДЗО/Фильтр Дата")): Text of object 'Object Repository/Выручка по ДЗО/Фильтр Дата' is: '1, 2, 3 кв., Октябрь 2024 года'

03-12-2024T03:06:00 - [MESSAGE][PASSED] - Text of object 'Object Repository/Выручка по ДЗО/Фильтр Дата' is: '1, 2, 3 кв., Октябрь 2024 года'

03-12-2024T03:06:00 - [TEST_STEP][PASSED] - viruchka = getText(findTestObject("Выручка по ДЗО/Фильтр Выручка")): Text of object 'Object Repository/Выручка по ДЗО/Фильтр Выручка' is: 'внутренний оборот'

03-12-2024T03:06:00 - [MESSAGE][PASSED] - Text of object 'Object Repository/Выручка по ДЗО/Фильтр Выручка' is: 'внутренний оборот'

03-12-2024T03:06:00 - [TEST_STEP][PASSED] - if (viruchka == "Выбрано: 2"): null

03-12-2024T03:06:00 - [TEST_STEP][PASSED] - if (viruchka == "Все"): null

03-12-2024T03:06:00 - [TEST_STEP][PASSED] - println(period): null

03-12-2024T03:06:00 - [TEST_STEP][PASSED] - dashboardName = "Выручка по ДЗО": null

03-12-2024T03:06:00 - [TEST_STEP][PASSED] - workbook01 = getWorkbook(excelFilePath): null

03-12-2024T03:06:00 - [TEST_STEP][PASSED] - sheet01 = getExcelSheet(workbook01, sheetName): null

03-12-2024T03:06:00 - [TEST_STEP][PASSED] - setValueToCellByIndex(sheet01, n, 0, dashboardName): null

03-12-2024T03:06:00 - [TEST_STEP][PASSED] - setValueToCellByIndex(sheet01, n, 1, dZO): null

03-12-2024T03:06:00 - [TEST_STEP][PASSED] - setValueToCellByIndex(sheet01, n, 2, period): null

03-12-2024T03:06:00 - [TEST_STEP][PASSED] - setValueToCellByIndex(sheet01, n, 3, viruchka): null

03-12-2024T03:06:00 - [TEST_STEP][PASSED] - setValueToCellByIndex(sheet01, n, 4, todaysDate): null

03-12-2024T03:06:00 - [TEST_STEP][PASSED] - n = n + 1: null

03-12-2024T03:06:00 - [TEST_STEP][PASSED] - saveWorkbook(excelFilePath, workbook01): null

03-12-2024T03:06:00 - [TEST_STEP][PASSED] - click(findTestObject("Выручка по ДЗО/Фильтр Выручка")): Object: 'Object Repository/Выручка по ДЗО/Фильтр Выручка' is clicked on

03-12-2024T03:06:01 - [MESSAGE][PASSED] - Object: 'Object Repository/Выручка по ДЗО/Фильтр Выручка' is clicked on

03-12-2024T03:06:01 - [TEST_STEP][PASSED] - click(findTestObject("Выручка по ДЗО/По передаче в фильтре Выручка")): Object: 'Object Repository/Выручка по ДЗО/По передаче в фильтре Выручка' is clicked on

03-12-2024T03:06:01 - [MESSAGE][PASSED] - Object: 'Object Repository/Выручка по ДЗО/По передаче в фильтре Выручка' is clicked on

03-12-2024T03:06:01 - [TEST_STEP][PASSED] - click(findTestObject("Выручка по ДЗО/Применить в фильтре Выручка")): Object: 'Object Repository/Выручка по ДЗО/Применить в фильтре Выручка' is clicked on

03-12-2024T03:06:02 - [MESSAGE][PASSED] - Object: 'Object Repository/Выручка по ДЗО/Применить в фильтре Выручка' is clicked on

03-12-2024T03:06:02 - [TEST_STEP][PASSED] - Script1687405711779.Test(todaysDate): null

03-12-2024T03:06:02 - [TEST_STEP][PASSED] - if (verifyTextNotPresent("нет данных", false) == true): null

03-12-2024T03:06:04 - [MESSAGE][PASSED] - Text 'нет данных' is not present on page

03-12-2024T03:06:04 - [TEST_STEP][PASSED] - if (verifyTextNotPresent("Ошибка запроса данных", false) == true): null

03-12-2024T03:06:05 - [MESSAGE][PASSED] - Text 'Ошибка запроса данных' is not present on page

03-12-2024T03:06:05 - [TEST_STEP][PASSED] - if (verifyTextNotPresent("Произошла ошибка при выполнении пользовательского кода", false) == true): null

03-12-2024T03:06:06 - [MESSAGE][PASSED] - Text 'Произошла ошибка при выполнении пользовательского кода' is not present on page

03-12-2024T03:06:06 - [TEST_STEP][PASSED] - if (verifyTextNotPresent("У виджета нет данных", false) == true): null

03-12-2024T03:06:06 - [MESSAGE][PASSED] - Text 'У виджета нет данных' is not present on page

03-12-2024T03:06:06 - [TEST_STEP][PASSED] - if (verifyTextNotPresent("У виджета нет данных", false) == true): Text 'У виджета нет данных' is not present on page

03-12-2024T03:06:07 - [MESSAGE][PASSED] - Text 'У виджета нет данных' is not present on page

03-12-2024T03:06:07 - [TEST_STEP][PASSED] - click(findTestObject("Выручка по ДЗО/Фильтр Выручка")): Object: 'Object Repository/Выручка по ДЗО/Фильтр Выручка' is clicked on

03-12-2024T03:06:07 - [MESSAGE][PASSED] - Object: 'Object Repository/Выручка по ДЗО/Фильтр Выручка' is clicked on

03-12-2024T03:06:07 - [TEST_STEP][PASSED] - click(findTestObject("Выручка по ДЗО/Снять выделение в фильтре Выручка")): Object: 'Object Repository/Выручка по ДЗО/Снять выделение в фильтре Выручка' is clicked on

03-12-2024T03:06:08 - [MESSAGE][PASSED] - Object: 'Object Repository/Выручка по ДЗО/Снять выделение в фильтре Выручка' is clicked on

03-12-2024T03:06:08 - [TEST_STEP][PASSED] - click(findTestObject("Выручка по ДЗО/По передаче в фильтре Выручка")): Object: 'Object Repository/Выручка по ДЗО/По передаче в фильтре Выручка' is clicked on

03-12-2024T03:06:09 - [MESSAGE][PASSED] - Object: 'Object Repository/Выручка по ДЗО/По передаче в фильтре Выручка' is clicked on

03-12-2024T03:06:09 - [TEST_STEP][PASSED] - click(findTestObject("Выручка по ДЗО/Применить в фильтре Выручка")): Object: 'Object Repository/Выручка по ДЗО/Применить в фильтре Выручка' is clicked on

03-12-2024T03:06:09 - [MESSAGE][PASSED] - Object: 'Object Repository/Выручка по ДЗО/Применить в фильтре Выручка' is clicked on

03-12-2024T03:06:09 - [TEST_STEP][PASSED] - Script1687405711779.Test(todaysDate): null

03-12-2024T03:06:09 - [TEST_STEP][PASSED] - if (verifyTextNotPresent("нет данных", false) == true): null

03-12-2024T03:06:11 - [MESSAGE][PASSED] - Text 'нет данных' is not present on page

03-12-2024T03:06:11 - [TEST_STEP][PASSED] - if (verifyTextNotPresent("Ошибка запроса данных", false) == true): null

03-12-2024T03:06:12 - [MESSAGE][PASSED] - Text 'Ошибка запроса данных' is not present on page

03-12-2024T03:06:12 - [TEST_STEP][PASSED] - if (verifyTextNotPresent("Произошла ошибка при выполнении пользовательского кода", false) == true): null

03-12-2024T03:06:12 - [MESSAGE][PASSED] - Text 'Произошла ошибка при выполнении пользовательского кода' is not present on page

03-12-2024T03:06:12 - [TEST_STEP][PASSED] - if (verifyTextNotPresent("У виджета нет данных", false) == true): null

03-12-2024T03:06:13 - [MESSAGE][PASSED] - Text 'У виджета нет данных' is not present on page

03-12-2024T03:06:13 - [TEST_STEP][PASSED] - if (verifyTextNotPresent("У виджета нет данных", false) == true): Text 'У виджета нет данных' is not present on page

03-12-2024T03:06:13 - [MESSAGE][PASSED] - Text 'У виджета нет данных' is not present on page

03-12-2024T03:06:13 - [TEST_STEP][PASSED] - click(findTestObject("Выручка по ДЗО/Фильтр Выручка")): Object: 'Object Repository/Выручка по ДЗО/Фильтр Выручка' is clicked on

03-12-2024T03:06:14 - [MESSAGE][PASSED] - Object: 'Object Repository/Выручка по ДЗО/Фильтр Выручка' is clicked on

03-12-2024T03:06:14 - [TEST_STEP][PASSED] - click(findTestObject("Выручка по ДЗО/Снять выделение в фильтре Выручка")): Object: 'Object Repository/Выручка по ДЗО/Снять выделение в фильтре Выручка' is clicked on

03-12-2024T03:06:14 - [MESSAGE][PASSED] - Object: 'Object Repository/Выручка по ДЗО/Снять выделение в фильтре Выручка' is clicked on

03-12-2024T03:06:14 - [TEST_STEP][PASSED] - click(findTestObject("Выручка по ДЗО/Применить в фильтре Выручка")): Object: 'Object Repository/Выручка по ДЗО/Применить в фильтре Выручка' is clicked on

03-12-2024T03:06:15 - [MESSAGE][PASSED] - Object: 'Object Repository/Выручка по ДЗО/Применить в фильтре Выручка' is clicked on

03-12-2024T03:06:15 - [TEST_STEP][PASSED] - click(findTestObject("Выручка по ДЗО/Фильтр ДЗО")): Object: 'Object Repository/Выручка по ДЗО/Фильтр ДЗО' is clicked on

03-12-2024T03:06:16 - [MESSAGE][PASSED] - Object: 'Object Repository/Выручка по ДЗО/Фильтр ДЗО' is clicked on

03-12-2024T03:06:16 - [TEST_STEP][PASSED] - click(findTestObject("Выручка по ДЗО/Снять выделение в фильтре ДЗО")): Object: 'Object Repository/Выручка по ДЗО/Снять выделение в фильтре ДЗО' is clicked on

03-12-2024T03:06:17 - [MESSAGE][PASSED] - Object: 'Object Repository/Выручка по ДЗО/Снять выделение в фильтре ДЗО' is clicked on

03-12-2024T03:06:17 - [TEST_STEP][PASSED] - scrollToElement(findTestObject("Общие объекты/Раскрыть список Россети Центр"), 30): Scroll to object 'Object Repository/Общие объекты/Раскрыть список Россети Центр' successfully

03-12-2024T03:06:17 - [MESSAGE][PASSED] - Scroll to object 'Object Repository/Общие объекты/Раскрыть список Россети Центр' successfully

03-12-2024T03:06:17 - [TEST_STEP][PASSED] - click(findTestObject("Общие объекты/Раскрыть список Россети Центр"), CONTINUE_ON_FAILURE): Object: 'Object Repository/Общие объекты/Раскрыть список Россети Центр' is clicked on

03-12-2024T03:06:17 - [MESSAGE][PASSED] - Object: 'Object Repository/Общие объекты/Раскрыть список Россети Центр' is clicked on

03-12-2024T03:06:17 - [TEST_STEP][PASSED] - scrollToElement(findTestObject("Общие объекты/Белгородэнерго"), 30): Scroll to object 'Object Repository/Общие объекты/Белгородэнерго' successfully

03-12-2024T03:06:18 - [MESSAGE][PASSED] - Scroll to object 'Object Repository/Общие объекты/Белгородэнерго' successfully

03-12-2024T03:06:18 - [TEST_STEP][PASSED] - click(findTestObject("Общие объекты/Белгородэнерго"), CONTINUE_ON_FAILURE): Object: 'Object Repository/Общие объекты/Белгородэнерго' is clicked on

03-12-2024T03:06:18 - [MESSAGE][PASSED] - Object: 'Object Repository/Общие объекты/Белгородэнерго' is clicked on

03-12-2024T03:06:18 - [TEST_STEP][PASSED] - Script1687405711779.Change(todaysDate): null

03-12-2024T03:06:18 - [TEST_STEP][PASSED] - scrollToElement(findTestObject("Выручка по ДЗО/Заголовок дашборда"), 30): Scroll to object 'Object Repository/Выручка по ДЗО/Заголовок дашборда' successfully

03-12-2024T03:06:18 - [MESSAGE][PASSED] - Scroll to object 'Object Repository/Выручка по ДЗО/Заголовок дашборда' successfully

03-12-2024T03:06:18 - [TEST_STEP][PASSED] - click(findTestObject("Выручка по ДЗО/Применить в фильтре ДЗО")): Object: 'Object Repository/Выручка по ДЗО/Применить в фильтре ДЗО' is clicked on

03-12-2024T03:06:19 - [MESSAGE][PASSED] - Object: 'Object Repository/Выручка по ДЗО/Применить в фильтре ДЗО' is clicked on

03-12-2024T03:06:19 - [TEST_STEP][PASSED] - Script1687405711779.Tumbler(todaysDate): null

03-12-2024T03:06:19 - [TEST_STEP][PASSED] - Script1687405711779.Test(todaysDate): null

03-12-2024T03:06:19 - [TEST_STEP][PASSED] - if (verifyTextNotPresent("нет данных", false) == true): null

03-12-2024T03:06:21 - [MESSAGE][PASSED] - Text 'нет данных' is not present on page

03-12-2024T03:06:21 - [TEST_STEP][PASSED] - if (verifyTextNotPresent("Ошибка запроса данных", false) == true): null

03-12-2024T03:06:22 - [MESSAGE][PASSED] - Text 'Ошибка запроса данных' is not present on page

03-12-2024T03:06:22 - [TEST_STEP][PASSED] - if (verifyTextNotPresent("Произошла ошибка при выполнении пользовательского кода", false) == true): null

03-12-2024T03:06:23 - [MESSAGE][PASSED] - Text 'Произошла ошибка при выполнении пользовательского кода' is not present on page

03-12-2024T03:06:23 - [TEST_STEP][PASSED] - if (verifyTextNotPresent("У виджета нет данных", false) == true): null

03-12-2024T03:06:23 - [MESSAGE][PASSED] - Text 'У виджета нет данных' is not present on page

03-12-2024T03:06:23 - [TEST_STEP][PASSED] - if (verifyTextNotPresent("У виджета нет данных", false) == true): Text 'У виджета нет данных' is not present on page

03-12-2024T03:06:24 - [MESSAGE][PASSED] - Text 'У виджета нет данных' is not present on page

03-12-2024T03:06:24 - [TEST_STEP][PASSED] - click(findTestObject("Выручка по ДЗО/Фильтр Выручка")): Object: 'Object Repository/Выручка по ДЗО/Фильтр Выручка' is clicked on

03-12-2024T03:06:24 - [MESSAGE][PASSED] - Object: 'Object Repository/Выручка по ДЗО/Фильтр Выручка' is clicked on

03-12-2024T03:06:24 - [TEST_STEP][PASSED] - click(findTestObject("Выручка по ДЗО/Внутренний оборот в фильтре Выручка")): Object: 'Object Repository/Выручка по ДЗО/Внутренний оборот в фильтре Выручка' is clicked on

03-12-2024T03:06:25 - [MESSAGE][PASSED] - Object: 'Object Repository/Выручка по ДЗО/Внутренний оборот в фильтре Выручка' is clicked on

03-12-2024T03:06:25 - [TEST_STEP][PASSED] - click(findTestObject("Выручка по ДЗО/Применить в фильтре Выручка")): Object: 'Object Repository/Выручка по ДЗО/Применить в фильтре Выручка' is clicked on

03-12-2024T03:06:25 - [MESSAGE][PASSED] - Object: 'Object Repository/Выручка по ДЗО/Применить в фильтре Выручка' is clicked on

03-12-2024T03:06:25 - [TEST_STEP][PASSED] - Script1687405711779.Test(todaysDate): null

03-12-2024T03:06:25 - [TEST_STEP][FAILED] - if (verifyTextNotPresent("нет данных", false) == true): Text 'нет данных' is present on page  (Root cause: com.kms.katalon.core.exception.StepFailedException: Text 'нет данных' is present on page 
	at com.kms.katalon.core.webui.keyword.internal.WebUIKeywordMain.stepFailed(WebUIKeywordMain.groovy:64)
	at com.kms.katalon.core.webui.keyword.builtin.VerifyTextNotPresentKeyword$_verifyTextNotPresent_closure1.doCall(VerifyTextNotPresentKeyword.groovy:77)
	at com.kms.katalon.core.webui.keyword.builtin.VerifyTextNotPresentKeyword$_verifyTextNotPresent_closure1.call(VerifyTextNotPresentKeyword.groovy)
	at com.kms.katalon.core.webui.keyword.internal.WebUIKeywordMain.runKeyword(WebUIKeywordMain.groovy:20)
	at com.kms.katalon.core.webui.keyword.builtin.VerifyTextNotPresentKeyword.verifyTextNotPresent(VerifyTextNotPresentKeyword.groovy:82)
	at com.kms.katalon.core.webui.keyword.builtin.VerifyTextNotPresentKeyword.execute(VerifyTextNotPresentKeyword.groovy:68)
	at com.kms.katalon.core.keyword.internal.KeywordExecutor.executeKeywordForPlatform(KeywordExecutor.groovy:74)
	at com.kms.katalon.core.webui.keyword.WebUiBuiltInKeywords.verifyTextNotPresent(WebUiBuiltInKeywords.groovy:1795)
	at Выручка по ДЗО отображение данных все филиалы.Test(Выручка по ДЗО отображение данных все филиалы:782)
	at Выручка по ДЗО отображение данных все филиалы.Tumbler(Выручка по ДЗО отображение данных все филиалы:738)
	at Выручка по ДЗО отображение данных все филиалы.Change(Выручка по ДЗО отображение данных все филиалы:772)
	at Выручка по ДЗО отображение данных все филиалы.DzoTest(Выручка по ДЗО отображение данных все филиалы:540)
	at Выручка по ДЗО отображение данных все филиалы.run(Выручка по ДЗО отображение данных все филиалы:134)
	at com.kms.katalon.core.main.ScriptEngine.run(ScriptEngine.java:194)
	at com.kms.katalon.core.main.ScriptEngine.runScriptAsRawText(ScriptEngine.java:119)
	at com.kms.katalon.core.main.TestCaseExecutor.runScript(TestCaseExecutor.java:448)
	at com.kms.katalon.core.main.TestCaseExecutor.doExecute(TestCaseExecutor.java:439)
	at com.kms.katalon.core.main.TestCaseExecutor.processExecutionPhase(TestCaseExecutor.java:418)
	at com.kms.katalon.core.main.TestCaseExecutor.accessMainPhase(TestCaseExecutor.java:410)
	at com.kms.katalon.core.main.TestCaseExecutor.execute(TestCaseExecutor.java:285)
	at com.kms.katalon.core.common.CommonExecutor.accessTestCaseMainPhase(CommonExecutor.java:65)
	at com.kms.katalon.core.main.TestSuiteExecutor.accessTestSuiteMainPhase(TestSuiteExecutor.java:150)
	at com.kms.katalon.core.main.TestSuiteExecutor.execute(TestSuiteExecutor.java:106)
	at com.kms.katalon.core.main.TestCaseMain.startTestSuite(TestCaseMain.java:180)
	at TempTestSuite1733182698305.run(TempTestSuite1733182698305.groovy:35)
	at java.base/jdk.internal.reflect.NativeMethodAccessorImpl.invoke0(Native Method)
	at java.base/jdk.internal.reflect.NativeMethodAccessorImpl.invoke(NativeMethodAccessorImpl.java:77)
	at java.base/jdk.internal.reflect.DelegatingMethodAccessorImpl.invoke(DelegatingMethodAccessorImpl.java:43)
)

03-12-2024T03:06:27 - [MESSAGE][FAILED] - Text 'нет данных' is present on page  (Root cause: com.kms.katalon.core.exception.StepFailedException: Text 'нет данных' is present on page 
	at com.kms.katalon.core.webui.keyword.internal.WebUIKeywordMain.stepFailed(WebUIKeywordMain.groovy:64)
	at com.kms.katalon.core.webui.keyword.builtin.VerifyTextNotPresentKeyword$_verifyTextNotPresent_closure1.doCall(VerifyTextNotPresentKeyword.groovy:77)
	at com.kms.katalon.core.webui.keyword.builtin.VerifyTextNotPresentKeyword$_verifyTextNotPresent_closure1.call(VerifyTextNotPresentKeyword.groovy)
	at com.kms.katalon.core.webui.keyword.internal.WebUIKeywordMain.runKeyword(WebUIKeywordMain.groovy:20)
	at com.kms.katalon.core.webui.keyword.builtin.VerifyTextNotPresentKeyword.verifyTextNotPresent(VerifyTextNotPresentKeyword.groovy:82)
	at com.kms.katalon.core.webui.keyword.builtin.VerifyTextNotPresentKeyword.execute(VerifyTextNotPresentKeyword.groovy:68)
	at com.kms.katalon.core.keyword.internal.KeywordExecutor.executeKeywordForPlatform(KeywordExecutor.groovy:74)
	at com.kms.katalon.core.webui.keyword.WebUiBuiltInKeywords.verifyTextNotPresent(WebUiBuiltInKeywords.groovy:1795)
	at Выручка по ДЗО отображение данных все филиалы.Test(Выручка по ДЗО отображение данных все филиалы:782)
	at Выручка по ДЗО отображение данных все филиалы.Tumbler(Выручка по ДЗО отображение данных все филиалы:738)
	at Выручка по ДЗО отображение данных все филиалы.Change(Выручка по ДЗО отображение данных все филиалы:772)
	at Выручка по ДЗО отображение данных все филиалы.DzoTest(Выручка по ДЗО отображение данных все филиалы:540)
	at Выручка по ДЗО отображение данных все филиалы.run(Выручка по ДЗО отображение данных все филиалы:134)
	at com.kms.katalon.core.main.ScriptEngine.run(ScriptEngine.java:194)
	at com.kms.katalon.core.main.ScriptEngine.runScriptAsRawText(ScriptEngine.java:119)
	at com.kms.katalon.core.main.TestCaseExecutor.runScript(TestCaseExecutor.java:448)
	at com.kms.katalon.core.main.TestCaseExecutor.doExecute(TestCaseExecutor.java:439)
	at com.kms.katalon.core.main.TestCaseExecutor.processExecutionPhase(TestCaseExecutor.java:418)
	at com.kms.katalon.core.main.TestCaseExecutor.accessMainPhase(TestCaseExecutor.java:410)
	at com.kms.katalon.core.main.TestCaseExecutor.execute(TestCaseExecutor.java:285)
	at com.kms.katalon.core.common.CommonExecutor.accessTestCaseMainPhase(CommonExecutor.java:65)
	at com.kms.katalon.core.main.TestSuiteExecutor.accessTestSuiteMainPhase(TestSuiteExecutor.java:150)
	at com.kms.katalon.core.main.TestSuiteExecutor.execute(TestSuiteExecutor.java:106)
	at com.kms.katalon.core.main.TestCaseMain.startTestSuite(TestCaseMain.java:180)
	at TempTestSuite1733182698305.run(TempTestSuite1733182698305.groovy:35)
	at java.base/jdk.internal.reflect.NativeMethodAccessorImpl.invoke0(Native Method)
	at java.base/jdk.internal.reflect.NativeMethodAccessorImpl.invoke(NativeMethodAccessorImpl.java:77)
	at java.base/jdk.internal.reflect.DelegatingMethodAccessorImpl.invoke(DelegatingMethodAccessorImpl.java:43)
)

03-12-2024T03:06:27 - [TEST_STEP][PASSED] - else: null

03-12-2024T03:06:27 - [TEST_STEP][PASSED] - Script1687405711779.WriteToExcel(todaysDate): null

03-12-2024T03:06:27 - [TEST_STEP][PASSED] - sheetName = "Sheet1": null

03-12-2024T03:06:27 - [TEST_STEP][PASSED] - data = findTestData("PlanFact"): null

03-12-2024T03:06:28 - [TEST_STEP][PASSED] - n = data.getRowNumbers() + 1: null

03-12-2024T03:06:28 - [TEST_STEP][PASSED] - dZO = getText(findTestObject("Выручка по ДЗО/Фильтр ДЗО")): Text of object 'Object Repository/Выручка по ДЗО/Фильтр ДЗО' is: 'ПАО Россети - РаспредКомплекс - Россети Центр - Белгородэнерго'

03-12-2024T03:06:28 - [MESSAGE][PASSED] - Text of object 'Object Repository/Выручка по ДЗО/Фильтр ДЗО' is: 'ПАО Россети - РаспредКомплекс - Россети Центр - Белгородэнерго'

03-12-2024T03:06:28 - [TEST_STEP][PASSED] - period = getText(findTestObject("Выручка по ДЗО/Фильтр Дата")): Text of object 'Object Repository/Выручка по ДЗО/Фильтр Дата' is: '1, 2, 3 кв., Октябрь 2024 года'

03-12-2024T03:06:28 - [MESSAGE][PASSED] - Text of object 'Object Repository/Выручка по ДЗО/Фильтр Дата' is: '1, 2, 3 кв., Октябрь 2024 года'

03-12-2024T03:06:28 - [TEST_STEP][PASSED] - viruchka = getText(findTestObject("Выручка по ДЗО/Фильтр Выручка")): Text of object 'Object Repository/Выручка по ДЗО/Фильтр Выручка' is: 'внутренний оборот'

03-12-2024T03:06:28 - [MESSAGE][PASSED] - Text of object 'Object Repository/Выручка по ДЗО/Фильтр Выручка' is: 'внутренний оборот'

03-12-2024T03:06:28 - [TEST_STEP][PASSED] - if (viruchka == "Выбрано: 2"): null

03-12-2024T03:06:28 - [TEST_STEP][PASSED] - if (viruchka == "Все"): null

03-12-2024T03:06:28 - [TEST_STEP][PASSED] - println(period): null

03-12-2024T03:06:28 - [TEST_STEP][PASSED] - dashboardName = "Выручка по ДЗО": null

03-12-2024T03:06:28 - [TEST_STEP][PASSED] - workbook01 = getWorkbook(excelFilePath): null

03-12-2024T03:06:28 - [TEST_STEP][PASSED] - sheet01 = getExcelSheet(workbook01, sheetName): null

03-12-2024T03:06:28 - [TEST_STEP][PASSED] - setValueToCellByIndex(sheet01, n, 0, dashboardName): null

03-12-2024T03:06:28 - [TEST_STEP][PASSED] - setValueToCellByIndex(sheet01, n, 1, dZO): null

03-12-2024T03:06:28 - [TEST_STEP][PASSED] - setValueToCellByIndex(sheet01, n, 2, period): null

03-12-2024T03:06:28 - [TEST_STEP][PASSED] - setValueToCellByIndex(sheet01, n, 3, viruchka): null

03-12-2024T03:06:28 - [TEST_STEP][PASSED] - setValueToCellByIndex(sheet01, n, 4, todaysDate): null

03-12-2024T03:06:28 - [TEST_STEP][PASSED] - n = n + 1: null

03-12-2024T03:06:28 - [TEST_STEP][PASSED] - saveWorkbook(excelFilePath, workbook01): null

03-12-2024T03:06:29 - [TEST_STEP][PASSED] - click(findTestObject("Выручка по ДЗО/Фильтр Выручка")): Object: 'Object Repository/Выручка по ДЗО/Фильтр Выручка' is clicked on

03-12-2024T03:06:29 - [MESSAGE][PASSED] - Object: 'Object Repository/Выручка по ДЗО/Фильтр Выручка' is clicked on

03-12-2024T03:06:29 - [TEST_STEP][PASSED] - click(findTestObject("Выручка по ДЗО/По передаче в фильтре Выручка")): Object: 'Object Repository/Выручка по ДЗО/По передаче в фильтре Выручка' is clicked on

03-12-2024T03:06:29 - [MESSAGE][PASSED] - Object: 'Object Repository/Выручка по ДЗО/По передаче в фильтре Выручка' is clicked on

03-12-2024T03:06:29 - [TEST_STEP][PASSED] - click(findTestObject("Выручка по ДЗО/Применить в фильтре Выручка")): Object: 'Object Repository/Выручка по ДЗО/Применить в фильтре Выручка' is clicked on

03-12-2024T03:06:30 - [MESSAGE][PASSED] - Object: 'Object Repository/Выручка по ДЗО/Применить в фильтре Выручка' is clicked on

03-12-2024T03:06:30 - [TEST_STEP][PASSED] - Script1687405711779.Test(todaysDate): null

03-12-2024T03:06:30 - [TEST_STEP][PASSED] - if (verifyTextNotPresent("нет данных", false) == true): null

03-12-2024T03:06:32 - [MESSAGE][PASSED] - Text 'нет данных' is not present on page

03-12-2024T03:06:32 - [TEST_STEP][PASSED] - if (verifyTextNotPresent("Ошибка запроса данных", false) == true): null

03-12-2024T03:06:33 - [MESSAGE][PASSED] - Text 'Ошибка запроса данных' is not present on page

03-12-2024T03:06:33 - [TEST_STEP][PASSED] - if (verifyTextNotPresent("Произошла ошибка при выполнении пользовательского кода", false) == true): null

03-12-2024T03:06:34 - [MESSAGE][PASSED] - Text 'Произошла ошибка при выполнении пользовательского кода' is not present on page

03-12-2024T03:06:34 - [TEST_STEP][PASSED] - if (verifyTextNotPresent("У виджета нет данных", false) == true): null

03-12-2024T03:06:34 - [MESSAGE][PASSED] - Text 'У виджета нет данных' is not present on page

03-12-2024T03:06:34 - [TEST_STEP][PASSED] - if (verifyTextNotPresent("У виджета нет данных", false) == true): Text 'У виджета нет данных' is not present on page

03-12-2024T03:06:35 - [MESSAGE][PASSED] - Text 'У виджета нет данных' is not present on page

03-12-2024T03:06:35 - [TEST_STEP][PASSED] - click(findTestObject("Выручка по ДЗО/Фильтр Выручка")): Object: 'Object Repository/Выручка по ДЗО/Фильтр Выручка' is clicked on

03-12-2024T03:06:35 - [MESSAGE][PASSED] - Object: 'Object Repository/Выручка по ДЗО/Фильтр Выручка' is clicked on

03-12-2024T03:06:35 - [TEST_STEP][PASSED] - click(findTestObject("Выручка по ДЗО/Снять выделение в фильтре Выручка")): Object: 'Object Repository/Выручка по ДЗО/Снять выделение в фильтре Выручка' is clicked on

03-12-2024T03:06:36 - [MESSAGE][PASSED] - Object: 'Object Repository/Выручка по ДЗО/Снять выделение в фильтре Выручка' is clicked on

03-12-2024T03:06:36 - [TEST_STEP][PASSED] - click(findTestObject("Выручка по ДЗО/По передаче в фильтре Выручка")): Object: 'Object Repository/Выручка по ДЗО/По передаче в фильтре Выручка' is clicked on

03-12-2024T03:06:36 - [MESSAGE][PASSED] - Object: 'Object Repository/Выручка по ДЗО/По передаче в фильтре Выручка' is clicked on

03-12-2024T03:06:36 - [TEST_STEP][PASSED] - click(findTestObject("Выручка по ДЗО/Применить в фильтре Выручка")): Object: 'Object Repository/Выручка по ДЗО/Применить в фильтре Выручка' is clicked on

03-12-2024T03:06:37 - [MESSAGE][PASSED] - Object: 'Object Repository/Выручка по ДЗО/Применить в фильтре Выручка' is clicked on

03-12-2024T03:06:37 - [TEST_STEP][PASSED] - Script1687405711779.Test(todaysDate): null

03-12-2024T03:06:37 - [TEST_STEP][PASSED] - if (verifyTextNotPresent("нет данных", false) == true): null

03-12-2024T03:06:39 - [MESSAGE][PASSED] - Text 'нет данных' is not present on page

03-12-2024T03:06:39 - [TEST_STEP][PASSED] - if (verifyTextNotPresent("Ошибка запроса данных", false) == true): null

03-12-2024T03:06:39 - [MESSAGE][PASSED] - Text 'Ошибка запроса данных' is not present on page

03-12-2024T03:06:39 - [TEST_STEP][PASSED] - if (verifyTextNotPresent("Произошла ошибка при выполнении пользовательского кода", false) == true): null

03-12-2024T03:06:40 - [MESSAGE][PASSED] - Text 'Произошла ошибка при выполнении пользовательского кода' is not present on page

03-12-2024T03:06:40 - [TEST_STEP][PASSED] - if (verifyTextNotPresent("У виджета нет данных", false) == true): null

03-12-2024T03:06:40 - [MESSAGE][PASSED] - Text 'У виджета нет данных' is not present on page

03-12-2024T03:06:40 - [TEST_STEP][PASSED] - if (verifyTextNotPresent("У виджета нет данных", false) == true): Text 'У виджета нет данных' is not present on page

03-12-2024T03:06:41 - [MESSAGE][PASSED] - Text 'У виджета нет данных' is not present on page

03-12-2024T03:06:41 - [TEST_STEP][PASSED] - click(findTestObject("Выручка по ДЗО/Фильтр Выручка")): Object: 'Object Repository/Выручка по ДЗО/Фильтр Выручка' is clicked on

03-12-2024T03:06:41 - [MESSAGE][PASSED] - Object: 'Object Repository/Выручка по ДЗО/Фильтр Выручка' is clicked on

03-12-2024T03:06:41 - [TEST_STEP][PASSED] - click(findTestObject("Выручка по ДЗО/Снять выделение в фильтре Выручка")): Object: 'Object Repository/Выручка по ДЗО/Снять выделение в фильтре Выручка' is clicked on

03-12-2024T03:06:41 - [MESSAGE][PASSED] - Object: 'Object Repository/Выручка по ДЗО/Снять выделение в фильтре Выручка' is clicked on

03-12-2024T03:06:41 - [TEST_STEP][PASSED] - click(findTestObject("Выручка по ДЗО/Применить в фильтре Выручка")): Object: 'Object Repository/Выручка по ДЗО/Применить в фильтре Выручка' is clicked on

03-12-2024T03:06:42 - [MESSAGE][PASSED] - Object: 'Object Repository/Выручка по ДЗО/Применить в фильтре Выручка' is clicked on

03-12-2024T03:06:42 - [TEST_STEP][PASSED] - click(findTestObject("Выручка по ДЗО/Фильтр ДЗО")): Object: 'Object Repository/Выручка по ДЗО/Фильтр ДЗО' is clicked on

03-12-2024T03:06:43 - [MESSAGE][PASSED] - Object: 'Object Repository/Выручка по ДЗО/Фильтр ДЗО' is clicked on

03-12-2024T03:06:43 - [TEST_STEP][PASSED] - click(findTestObject("Выручка по ДЗО/Снять выделение в фильтре ДЗО")): Object: 'Object Repository/Выручка по ДЗО/Снять выделение в фильтре ДЗО' is clicked on

03-12-2024T03:06:44 - [MESSAGE][PASSED] - Object: 'Object Repository/Выручка по ДЗО/Снять выделение в фильтре ДЗО' is clicked on

03-12-2024T03:06:44 - [TEST_STEP][PASSED] - scrollToElement(findTestObject("Общие объекты/Брянскэнерго"), 30): Scroll to object 'Object Repository/Общие объекты/Брянскэнерго' successfully

03-12-2024T03:06:44 - [MESSAGE][PASSED] - Scroll to object 'Object Repository/Общие объекты/Брянскэнерго' successfully

03-12-2024T03:06:44 - [TEST_STEP][PASSED] - click(findTestObject("Общие объекты/Брянскэнерго"), CONTINUE_ON_FAILURE): Object: 'Object Repository/Общие объекты/Брянскэнерго' is clicked on

03-12-2024T03:06:45 - [MESSAGE][PASSED] - Object: 'Object Repository/Общие объекты/Брянскэнерго' is clicked on

03-12-2024T03:06:45 - [TEST_STEP][PASSED] - Script1687405711779.Change(todaysDate): null

03-12-2024T03:06:45 - [TEST_STEP][PASSED] - scrollToElement(findTestObject("Выручка по ДЗО/Заголовок дашборда"), 30): Scroll to object 'Object Repository/Выручка по ДЗО/Заголовок дашборда' successfully

03-12-2024T03:06:45 - [MESSAGE][PASSED] - Scroll to object 'Object Repository/Выручка по ДЗО/Заголовок дашборда' successfully

03-12-2024T03:06:45 - [TEST_STEP][PASSED] - click(findTestObject("Выручка по ДЗО/Применить в фильтре ДЗО")): Object: 'Object Repository/Выручка по ДЗО/Применить в фильтре ДЗО' is clicked on

03-12-2024T03:06:46 - [MESSAGE][PASSED] - Object: 'Object Repository/Выручка по ДЗО/Применить в фильтре ДЗО' is clicked on

03-12-2024T03:06:46 - [TEST_STEP][PASSED] - Script1687405711779.Tumbler(todaysDate): null

03-12-2024T03:06:46 - [TEST_STEP][PASSED] - Script1687405711779.Test(todaysDate): null

03-12-2024T03:06:46 - [TEST_STEP][PASSED] - if (verifyTextNotPresent("нет данных", false) == true): null

03-12-2024T03:06:48 - [MESSAGE][PASSED] - Text 'нет данных' is not present on page

03-12-2024T03:06:48 - [TEST_STEP][PASSED] - if (verifyTextNotPresent("Ошибка запроса данных", false) == true): null

03-12-2024T03:06:49 - [MESSAGE][PASSED] - Text 'Ошибка запроса данных' is not present on page

03-12-2024T03:06:49 - [TEST_STEP][PASSED] - if (verifyTextNotPresent("Произошла ошибка при выполнении пользовательского кода", false) == true): null

03-12-2024T03:06:49 - [MESSAGE][PASSED] - Text 'Произошла ошибка при выполнении пользовательского кода' is not present on page

03-12-2024T03:06:49 - [TEST_STEP][PASSED] - if (verifyTextNotPresent("У виджета нет данных", false) == true): null

03-12-2024T03:06:50 - [MESSAGE][PASSED] - Text 'У виджета нет данных' is not present on page

03-12-2024T03:06:50 - [TEST_STEP][PASSED] - if (verifyTextNotPresent("У виджета нет данных", false) == true): Text 'У виджета нет данных' is not present on page

03-12-2024T03:06:50 - [MESSAGE][PASSED] - Text 'У виджета нет данных' is not present on page

03-12-2024T03:06:50 - [TEST_STEP][PASSED] - click(findTestObject("Выручка по ДЗО/Фильтр Выручка")): Object: 'Object Repository/Выручка по ДЗО/Фильтр Выручка' is clicked on

03-12-2024T03:06:51 - [MESSAGE][PASSED] - Object: 'Object Repository/Выручка по ДЗО/Фильтр Выручка' is clicked on

03-12-2024T03:06:51 - [TEST_STEP][PASSED] - click(findTestObject("Выручка по ДЗО/Внутренний оборот в фильтре Выручка")): Object: 'Object Repository/Выручка по ДЗО/Внутренний оборот в фильтре Выручка' is clicked on

03-12-2024T03:06:51 - [MESSAGE][PASSED] - Object: 'Object Repository/Выручка по ДЗО/Внутренний оборот в фильтре Выручка' is clicked on

03-12-2024T03:06:51 - [TEST_STEP][PASSED] - click(findTestObject("Выручка по ДЗО/Применить в фильтре Выручка")): Object: 'Object Repository/Выручка по ДЗО/Применить в фильтре Выручка' is clicked on

03-12-2024T03:06:52 - [MESSAGE][PASSED] - Object: 'Object Repository/Выручка по ДЗО/Применить в фильтре Выручка' is clicked on

03-12-2024T03:06:52 - [TEST_STEP][PASSED] - Script1687405711779.Test(todaysDate): null

03-12-2024T03:06:52 - [TEST_STEP][FAILED] - if (verifyTextNotPresent("нет данных", false) == true): Text 'нет данных' is present on page  (Root cause: com.kms.katalon.core.exception.StepFailedException: Text 'нет данных' is present on page 
	at com.kms.katalon.core.webui.keyword.internal.WebUIKeywordMain.stepFailed(WebUIKeywordMain.groovy:64)
	at com.kms.katalon.core.webui.keyword.builtin.VerifyTextNotPresentKeyword$_verifyTextNotPresent_closure1.doCall(VerifyTextNotPresentKeyword.groovy:77)
	at com.kms.katalon.core.webui.keyword.builtin.VerifyTextNotPresentKeyword$_verifyTextNotPresent_closure1.call(VerifyTextNotPresentKeyword.groovy)
	at com.kms.katalon.core.webui.keyword.internal.WebUIKeywordMain.runKeyword(WebUIKeywordMain.groovy:20)
	at com.kms.katalon.core.webui.keyword.builtin.VerifyTextNotPresentKeyword.verifyTextNotPresent(VerifyTextNotPresentKeyword.groovy:82)
	at com.kms.katalon.core.webui.keyword.builtin.VerifyTextNotPresentKeyword.execute(VerifyTextNotPresentKeyword.groovy:68)
	at com.kms.katalon.core.keyword.internal.KeywordExecutor.executeKeywordForPlatform(KeywordExecutor.groovy:74)
	at com.kms.katalon.core.webui.keyword.WebUiBuiltInKeywords.verifyTextNotPresent(WebUiBuiltInKeywords.groovy:1795)
	at Выручка по ДЗО отображение данных все филиалы.Test(Выручка по ДЗО отображение данных все филиалы:782)
	at Выручка по ДЗО отображение данных все филиалы.Tumbler(Выручка по ДЗО отображение данных все филиалы:738)
	at Выручка по ДЗО отображение данных все филиалы.Change(Выручка по ДЗО отображение данных все филиалы:772)
	at Выручка по ДЗО отображение данных все филиалы.DzoTest(Выручка по ДЗО отображение данных все филиалы:546)
	at Выручка по ДЗО отображение данных все филиалы.run(Выручка по ДЗО отображение данных все филиалы:134)
	at com.kms.katalon.core.main.ScriptEngine.run(ScriptEngine.java:194)
	at com.kms.katalon.core.main.ScriptEngine.runScriptAsRawText(ScriptEngine.java:119)
	at com.kms.katalon.core.main.TestCaseExecutor.runScript(TestCaseExecutor.java:448)
	at com.kms.katalon.core.main.TestCaseExecutor.doExecute(TestCaseExecutor.java:439)
	at com.kms.katalon.core.main.TestCaseExecutor.processExecutionPhase(TestCaseExecutor.java:418)
	at com.kms.katalon.core.main.TestCaseExecutor.accessMainPhase(TestCaseExecutor.java:410)
	at com.kms.katalon.core.main.TestCaseExecutor.execute(TestCaseExecutor.java:285)
	at com.kms.katalon.core.common.CommonExecutor.accessTestCaseMainPhase(CommonExecutor.java:65)
	at com.kms.katalon.core.main.TestSuiteExecutor.accessTestSuiteMainPhase(TestSuiteExecutor.java:150)
	at com.kms.katalon.core.main.TestSuiteExecutor.execute(TestSuiteExecutor.java:106)
	at com.kms.katalon.core.main.TestCaseMain.startTestSuite(TestCaseMain.java:180)
	at TempTestSuite1733182698305.run(TempTestSuite1733182698305.groovy:35)
	at java.base/jdk.internal.reflect.NativeMethodAccessorImpl.invoke0(Native Method)
	at java.base/jdk.internal.reflect.NativeMethodAccessorImpl.invoke(NativeMethodAccessorImpl.java:77)
	at java.base/jdk.internal.reflect.DelegatingMethodAccessorImpl.invoke(DelegatingMethodAccessorImpl.java:43)
)

03-12-2024T03:06:54 - [MESSAGE][FAILED] - Text 'нет данных' is present on page  (Root cause: com.kms.katalon.core.exception.StepFailedException: Text 'нет данных' is present on page 
	at com.kms.katalon.core.webui.keyword.internal.WebUIKeywordMain.stepFailed(WebUIKeywordMain.groovy:64)
	at com.kms.katalon.core.webui.keyword.builtin.VerifyTextNotPresentKeyword$_verifyTextNotPresent_closure1.doCall(VerifyTextNotPresentKeyword.groovy:77)
	at com.kms.katalon.core.webui.keyword.builtin.VerifyTextNotPresentKeyword$_verifyTextNotPresent_closure1.call(VerifyTextNotPresentKeyword.groovy)
	at com.kms.katalon.core.webui.keyword.internal.WebUIKeywordMain.runKeyword(WebUIKeywordMain.groovy:20)
	at com.kms.katalon.core.webui.keyword.builtin.VerifyTextNotPresentKeyword.verifyTextNotPresent(VerifyTextNotPresentKeyword.groovy:82)
	at com.kms.katalon.core.webui.keyword.builtin.VerifyTextNotPresentKeyword.execute(VerifyTextNotPresentKeyword.groovy:68)
	at com.kms.katalon.core.keyword.internal.KeywordExecutor.executeKeywordForPlatform(KeywordExecutor.groovy:74)
	at com.kms.katalon.core.webui.keyword.WebUiBuiltInKeywords.verifyTextNotPresent(WebUiBuiltInKeywords.groovy:1795)
	at Выручка по ДЗО отображение данных все филиалы.Test(Выручка по ДЗО отображение данных все филиалы:782)
	at Выручка по ДЗО отображение данных все филиалы.Tumbler(Выручка по ДЗО отображение данных все филиалы:738)
	at Выручка по ДЗО отображение данных все филиалы.Change(Выручка по ДЗО отображение данных все филиалы:772)
	at Выручка по ДЗО отображение данных все филиалы.DzoTest(Выручка по ДЗО отображение данных все филиалы:546)
	at Выручка по ДЗО отображение данных все филиалы.run(Выручка по ДЗО отображение данных все филиалы:134)
	at com.kms.katalon.core.main.ScriptEngine.run(ScriptEngine.java:194)
	at com.kms.katalon.core.main.ScriptEngine.runScriptAsRawText(ScriptEngine.java:119)
	at com.kms.katalon.core.main.TestCaseExecutor.runScript(TestCaseExecutor.java:448)
	at com.kms.katalon.core.main.TestCaseExecutor.doExecute(TestCaseExecutor.java:439)
	at com.kms.katalon.core.main.TestCaseExecutor.processExecutionPhase(TestCaseExecutor.java:418)
	at com.kms.katalon.core.main.TestCaseExecutor.accessMainPhase(TestCaseExecutor.java:410)
	at com.kms.katalon.core.main.TestCaseExecutor.execute(TestCaseExecutor.java:285)
	at com.kms.katalon.core.common.CommonExecutor.accessTestCaseMainPhase(CommonExecutor.java:65)
	at com.kms.katalon.core.main.TestSuiteExecutor.accessTestSuiteMainPhase(TestSuiteExecutor.java:150)
	at com.kms.katalon.core.main.TestSuiteExecutor.execute(TestSuiteExecutor.java:106)
	at com.kms.katalon.core.main.TestCaseMain.startTestSuite(TestCaseMain.java:180)
	at TempTestSuite1733182698305.run(TempTestSuite1733182698305.groovy:35)
	at java.base/jdk.internal.reflect.NativeMethodAccessorImpl.invoke0(Native Method)
	at java.base/jdk.internal.reflect.NativeMethodAccessorImpl.invoke(NativeMethodAccessorImpl.java:77)
	at java.base/jdk.internal.reflect.DelegatingMethodAccessorImpl.invoke(DelegatingMethodAccessorImpl.java:43)
)

03-12-2024T03:06:54 - [TEST_STEP][PASSED] - else: null

03-12-2024T03:06:54 - [TEST_STEP][PASSED] - Script1687405711779.WriteToExcel(todaysDate): null

03-12-2024T03:06:54 - [TEST_STEP][PASSED] - sheetName = "Sheet1": null

03-12-2024T03:06:54 - [TEST_STEP][PASSED] - data = findTestData("PlanFact"): null

03-12-2024T03:06:54 - [TEST_STEP][PASSED] - n = data.getRowNumbers() + 1: null

03-12-2024T03:06:54 - [TEST_STEP][PASSED] - dZO = getText(findTestObject("Выручка по ДЗО/Фильтр ДЗО")): Text of object 'Object Repository/Выручка по ДЗО/Фильтр ДЗО' is: 'ПАО Россети - РаспредКомплекс - Россети Центр - Брянскэнерго'

03-12-2024T03:06:54 - [MESSAGE][PASSED] - Text of object 'Object Repository/Выручка по ДЗО/Фильтр ДЗО' is: 'ПАО Россети - РаспредКомплекс - Россети Центр - Брянскэнерго'

03-12-2024T03:06:54 - [TEST_STEP][PASSED] - period = getText(findTestObject("Выручка по ДЗО/Фильтр Дата")): Text of object 'Object Repository/Выручка по ДЗО/Фильтр Дата' is: '1, 2, 3 кв., Октябрь 2024 года'

03-12-2024T03:06:55 - [MESSAGE][PASSED] - Text of object 'Object Repository/Выручка по ДЗО/Фильтр Дата' is: '1, 2, 3 кв., Октябрь 2024 года'

03-12-2024T03:06:55 - [TEST_STEP][PASSED] - viruchka = getText(findTestObject("Выручка по ДЗО/Фильтр Выручка")): Text of object 'Object Repository/Выручка по ДЗО/Фильтр Выручка' is: 'внутренний оборот'

03-12-2024T03:06:55 - [MESSAGE][PASSED] - Text of object 'Object Repository/Выручка по ДЗО/Фильтр Выручка' is: 'внутренний оборот'

03-12-2024T03:06:55 - [TEST_STEP][PASSED] - if (viruchka == "Выбрано: 2"): null

03-12-2024T03:06:55 - [TEST_STEP][PASSED] - if (viruchka == "Все"): null

03-12-2024T03:06:55 - [TEST_STEP][PASSED] - println(period): null

03-12-2024T03:06:55 - [TEST_STEP][PASSED] - dashboardName = "Выручка по ДЗО": null

03-12-2024T03:06:55 - [TEST_STEP][PASSED] - workbook01 = getWorkbook(excelFilePath): null

03-12-2024T03:06:55 - [TEST_STEP][PASSED] - sheet01 = getExcelSheet(workbook01, sheetName): null

03-12-2024T03:06:55 - [TEST_STEP][PASSED] - setValueToCellByIndex(sheet01, n, 0, dashboardName): null

03-12-2024T03:06:55 - [TEST_STEP][PASSED] - setValueToCellByIndex(sheet01, n, 1, dZO): null

03-12-2024T03:06:55 - [TEST_STEP][PASSED] - setValueToCellByIndex(sheet01, n, 2, period): null

03-12-2024T03:06:55 - [TEST_STEP][PASSED] - setValueToCellByIndex(sheet01, n, 3, viruchka): null

03-12-2024T03:06:55 - [TEST_STEP][PASSED] - setValueToCellByIndex(sheet01, n, 4, todaysDate): null

03-12-2024T03:06:55 - [TEST_STEP][PASSED] - n = n + 1: null

03-12-2024T03:06:55 - [TEST_STEP][PASSED] - saveWorkbook(excelFilePath, workbook01): null

03-12-2024T03:06:55 - [TEST_STEP][PASSED] - click(findTestObject("Выручка по ДЗО/Фильтр Выручка")): Object: 'Object Repository/Выручка по ДЗО/Фильтр Выручка' is clicked on

03-12-2024T03:06:55 - [MESSAGE][PASSED] - Object: 'Object Repository/Выручка по ДЗО/Фильтр Выручка' is clicked on

03-12-2024T03:06:55 - [TEST_STEP][PASSED] - click(findTestObject("Выручка по ДЗО/По передаче в фильтре Выручка")): Object: 'Object Repository/Выручка по ДЗО/По передаче в фильтре Выручка' is clicked on

03-12-2024T03:06:56 - [MESSAGE][PASSED] - Object: 'Object Repository/Выручка по ДЗО/По передаче в фильтре Выручка' is clicked on

03-12-2024T03:06:56 - [TEST_STEP][PASSED] - click(findTestObject("Выручка по ДЗО/Применить в фильтре Выручка")): Object: 'Object Repository/Выручка по ДЗО/Применить в фильтре Выручка' is clicked on

03-12-2024T03:06:57 - [MESSAGE][PASSED] - Object: 'Object Repository/Выручка по ДЗО/Применить в фильтре Выручка' is clicked on

03-12-2024T03:06:57 - [TEST_STEP][PASSED] - Script1687405711779.Test(todaysDate): null

03-12-2024T03:06:57 - [TEST_STEP][PASSED] - if (verifyTextNotPresent("нет данных", false) == true): null

03-12-2024T03:06:59 - [MESSAGE][PASSED] - Text 'нет данных' is not present on page

03-12-2024T03:06:59 - [TEST_STEP][PASSED] - if (verifyTextNotPresent("Ошибка запроса данных", false) == true): null

03-12-2024T03:07:00 - [MESSAGE][PASSED] - Text 'Ошибка запроса данных' is not present on page

03-12-2024T03:07:00 - [TEST_STEP][PASSED] - if (verifyTextNotPresent("Произошла ошибка при выполнении пользовательского кода", false) == true): null

03-12-2024T03:07:00 - [MESSAGE][PASSED] - Text 'Произошла ошибка при выполнении пользовательского кода' is not present on page

03-12-2024T03:07:00 - [TEST_STEP][PASSED] - if (verifyTextNotPresent("У виджета нет данных", false) == true): null

03-12-2024T03:07:01 - [MESSAGE][PASSED] - Text 'У виджета нет данных' is not present on page

03-12-2024T03:07:01 - [TEST_STEP][PASSED] - if (verifyTextNotPresent("У виджета нет данных", false) == true): Text 'У виджета нет данных' is not present on page

03-12-2024T03:07:01 - [MESSAGE][PASSED] - Text 'У виджета нет данных' is not present on page

03-12-2024T03:07:01 - [TEST_STEP][PASSED] - click(findTestObject("Выручка по ДЗО/Фильтр Выручка")): Object: 'Object Repository/Выручка по ДЗО/Фильтр Выручка' is clicked on

03-12-2024T03:07:02 - [MESSAGE][PASSED] - Object: 'Object Repository/Выручка по ДЗО/Фильтр Выручка' is clicked on

03-12-2024T03:07:02 - [TEST_STEP][PASSED] - click(findTestObject("Выручка по ДЗО/Снять выделение в фильтре Выручка")): Object: 'Object Repository/Выручка по ДЗО/Снять выделение в фильтре Выручка' is clicked on

03-12-2024T03:07:02 - [MESSAGE][PASSED] - Object: 'Object Repository/Выручка по ДЗО/Снять выделение в фильтре Выручка' is clicked on

03-12-2024T03:07:02 - [TEST_STEP][PASSED] - click(findTestObject("Выручка по ДЗО/По передаче в фильтре Выручка")): Object: 'Object Repository/Выручка по ДЗО/По передаче в фильтре Выручка' is clicked on

03-12-2024T03:07:02 - [MESSAGE][PASSED] - Object: 'Object Repository/Выручка по ДЗО/По передаче в фильтре Выручка' is clicked on

03-12-2024T03:07:02 - [TEST_STEP][PASSED] - click(findTestObject("Выручка по ДЗО/Применить в фильтре Выручка")): Object: 'Object Repository/Выручка по ДЗО/Применить в фильтре Выручка' is clicked on

03-12-2024T03:07:03 - [MESSAGE][PASSED] - Object: 'Object Repository/Выручка по ДЗО/Применить в фильтре Выручка' is clicked on

03-12-2024T03:07:03 - [TEST_STEP][PASSED] - Script1687405711779.Test(todaysDate): null

03-12-2024T03:07:03 - [TEST_STEP][PASSED] - if (verifyTextNotPresent("нет данных", false) == true): null

03-12-2024T03:07:05 - [MESSAGE][PASSED] - Text 'нет данных' is not present on page

03-12-2024T03:07:05 - [TEST_STEP][PASSED] - if (verifyTextNotPresent("Ошибка запроса данных", false) == true): null

03-12-2024T03:07:06 - [MESSAGE][PASSED] - Text 'Ошибка запроса данных' is not present on page

03-12-2024T03:07:06 - [TEST_STEP][PASSED] - if (verifyTextNotPresent("Произошла ошибка при выполнении пользовательского кода", false) == true): null

03-12-2024T03:07:06 - [MESSAGE][PASSED] - Text 'Произошла ошибка при выполнении пользовательского кода' is not present on page

03-12-2024T03:07:06 - [TEST_STEP][PASSED] - if (verifyTextNotPresent("У виджета нет данных", false) == true): null

03-12-2024T03:07:07 - [MESSAGE][PASSED] - Text 'У виджета нет данных' is not present on page

03-12-2024T03:07:07 - [TEST_STEP][PASSED] - if (verifyTextNotPresent("У виджета нет данных", false) == true): Text 'У виджета нет данных' is not present on page

03-12-2024T03:07:07 - [MESSAGE][PASSED] - Text 'У виджета нет данных' is not present on page

03-12-2024T03:07:07 - [TEST_STEP][PASSED] - click(findTestObject("Выручка по ДЗО/Фильтр Выручка")): Object: 'Object Repository/Выручка по ДЗО/Фильтр Выручка' is clicked on

03-12-2024T03:07:07 - [MESSAGE][PASSED] - Object: 'Object Repository/Выручка по ДЗО/Фильтр Выручка' is clicked on

03-12-2024T03:07:07 - [TEST_STEP][PASSED] - click(findTestObject("Выручка по ДЗО/Снять выделение в фильтре Выручка")): Object: 'Object Repository/Выручка по ДЗО/Снять выделение в фильтре Выручка' is clicked on

03-12-2024T03:07:08 - [MESSAGE][PASSED] - Object: 'Object Repository/Выручка по ДЗО/Снять выделение в фильтре Выручка' is clicked on

03-12-2024T03:07:08 - [TEST_STEP][PASSED] - click(findTestObject("Выручка по ДЗО/Применить в фильтре Выручка")): Object: 'Object Repository/Выручка по ДЗО/Применить в фильтре Выручка' is clicked on

03-12-2024T03:07:08 - [MESSAGE][PASSED] - Object: 'Object Repository/Выручка по ДЗО/Применить в фильтре Выручка' is clicked on

03-12-2024T03:07:08 - [TEST_STEP][PASSED] - click(findTestObject("Выручка по ДЗО/Фильтр ДЗО")): Object: 'Object Repository/Выручка по ДЗО/Фильтр ДЗО' is clicked on

03-12-2024T03:07:11 - [MESSAGE][PASSED] - Object: 'Object Repository/Выручка по ДЗО/Фильтр ДЗО' is clicked on

03-12-2024T03:07:11 - [TEST_STEP][PASSED] - click(findTestObject("Выручка по ДЗО/Снять выделение в фильтре ДЗО")): Object: 'Object Repository/Выручка по ДЗО/Снять выделение в фильтре ДЗО' is clicked on

03-12-2024T03:07:11 - [MESSAGE][PASSED] - Object: 'Object Repository/Выручка по ДЗО/Снять выделение в фильтре ДЗО' is clicked on

03-12-2024T03:07:11 - [TEST_STEP][PASSED] - scrollToElement(findTestObject("Общие объекты/Воронежэнерго"), 30): Scroll to object 'Object Repository/Общие объекты/Воронежэнерго' successfully

03-12-2024T03:07:11 - [MESSAGE][PASSED] - Scroll to object 'Object Repository/Общие объекты/Воронежэнерго' successfully

03-12-2024T03:07:11 - [TEST_STEP][PASSED] - click(findTestObject("Общие объекты/Воронежэнерго"), CONTINUE_ON_FAILURE): Object: 'Object Repository/Общие объекты/Воронежэнерго' is clicked on

03-12-2024T03:07:12 - [MESSAGE][PASSED] - Object: 'Object Repository/Общие объекты/Воронежэнерго' is clicked on

03-12-2024T03:07:12 - [TEST_STEP][PASSED] - Script1687405711779.Change(todaysDate): null

03-12-2024T03:07:12 - [TEST_STEP][PASSED] - scrollToElement(findTestObject("Выручка по ДЗО/Заголовок дашборда"), 30): Scroll to object 'Object Repository/Выручка по ДЗО/Заголовок дашборда' successfully

03-12-2024T03:07:12 - [MESSAGE][PASSED] - Scroll to object 'Object Repository/Выручка по ДЗО/Заголовок дашборда' successfully

03-12-2024T03:07:12 - [TEST_STEP][PASSED] - click(findTestObject("Выручка по ДЗО/Применить в фильтре ДЗО")): Object: 'Object Repository/Выручка по ДЗО/Применить в фильтре ДЗО' is clicked on

03-12-2024T03:07:13 - [MESSAGE][PASSED] - Object: 'Object Repository/Выручка по ДЗО/Применить в фильтре ДЗО' is clicked on

03-12-2024T03:07:13 - [TEST_STEP][PASSED] - Script1687405711779.Tumbler(todaysDate): null

03-12-2024T03:07:13 - [TEST_STEP][PASSED] - Script1687405711779.Test(todaysDate): null

03-12-2024T03:07:13 - [TEST_STEP][PASSED] - if (verifyTextNotPresent("нет данных", false) == true): null

03-12-2024T03:07:15 - [MESSAGE][PASSED] - Text 'нет данных' is not present on page

03-12-2024T03:07:15 - [TEST_STEP][PASSED] - if (verifyTextNotPresent("Ошибка запроса данных", false) == true): null

03-12-2024T03:07:17 - [MESSAGE][PASSED] - Text 'Ошибка запроса данных' is not present on page

03-12-2024T03:07:17 - [TEST_STEP][PASSED] - if (verifyTextNotPresent("Произошла ошибка при выполнении пользовательского кода", false) == true): null

03-12-2024T03:07:18 - [MESSAGE][PASSED] - Text 'Произошла ошибка при выполнении пользовательского кода' is not present on page

03-12-2024T03:07:18 - [TEST_STEP][PASSED] - if (verifyTextNotPresent("У виджета нет данных", false) == true): null

03-12-2024T03:07:18 - [MESSAGE][PASSED] - Text 'У виджета нет данных' is not present on page

03-12-2024T03:07:18 - [TEST_STEP][PASSED] - if (verifyTextNotPresent("У виджета нет данных", false) == true): Text 'У виджета нет данных' is not present on page

03-12-2024T03:07:19 - [MESSAGE][PASSED] - Text 'У виджета нет данных' is not present on page

03-12-2024T03:07:19 - [TEST_STEP][PASSED] - click(findTestObject("Выручка по ДЗО/Фильтр Выручка")): Object: 'Object Repository/Выручка по ДЗО/Фильтр Выручка' is clicked on

03-12-2024T03:07:19 - [MESSAGE][PASSED] - Object: 'Object Repository/Выручка по ДЗО/Фильтр Выручка' is clicked on

03-12-2024T03:07:19 - [TEST_STEP][PASSED] - click(findTestObject("Выручка по ДЗО/Внутренний оборот в фильтре Выручка")): Object: 'Object Repository/Выручка по ДЗО/Внутренний оборот в фильтре Выручка' is clicked on

03-12-2024T03:07:20 - [MESSAGE][PASSED] - Object: 'Object Repository/Выручка по ДЗО/Внутренний оборот в фильтре Выручка' is clicked on

03-12-2024T03:07:20 - [TEST_STEP][PASSED] - click(findTestObject("Выручка по ДЗО/Применить в фильтре Выручка")): Object: 'Object Repository/Выручка по ДЗО/Применить в фильтре Выручка' is clicked on

03-12-2024T03:07:20 - [MESSAGE][PASSED] - Object: 'Object Repository/Выручка по ДЗО/Применить в фильтре Выручка' is clicked on

03-12-2024T03:07:20 - [TEST_STEP][PASSED] - Script1687405711779.Test(todaysDate): null

03-12-2024T03:07:20 - [TEST_STEP][FAILED] - if (verifyTextNotPresent("нет данных", false) == true): Text 'нет данных' is present on page  (Root cause: com.kms.katalon.core.exception.StepFailedException: Text 'нет данных' is present on page 
	at com.kms.katalon.core.webui.keyword.internal.WebUIKeywordMain.stepFailed(WebUIKeywordMain.groovy:64)
	at com.kms.katalon.core.webui.keyword.builtin.VerifyTextNotPresentKeyword$_verifyTextNotPresent_closure1.doCall(VerifyTextNotPresentKeyword.groovy:77)
	at com.kms.katalon.core.webui.keyword.builtin.VerifyTextNotPresentKeyword$_verifyTextNotPresent_closure1.call(VerifyTextNotPresentKeyword.groovy)
	at com.kms.katalon.core.webui.keyword.internal.WebUIKeywordMain.runKeyword(WebUIKeywordMain.groovy:20)
	at com.kms.katalon.core.webui.keyword.builtin.VerifyTextNotPresentKeyword.verifyTextNotPresent(VerifyTextNotPresentKeyword.groovy:82)
	at com.kms.katalon.core.webui.keyword.builtin.VerifyTextNotPresentKeyword.execute(VerifyTextNotPresentKeyword.groovy:68)
	at com.kms.katalon.core.keyword.internal.KeywordExecutor.executeKeywordForPlatform(KeywordExecutor.groovy:74)
	at com.kms.katalon.core.webui.keyword.WebUiBuiltInKeywords.verifyTextNotPresent(WebUiBuiltInKeywords.groovy:1795)
	at Выручка по ДЗО отображение данных все филиалы.Test(Выручка по ДЗО отображение данных все филиалы:782)
	at Выручка по ДЗО отображение данных все филиалы.Tumbler(Выручка по ДЗО отображение данных все филиалы:738)
	at Выручка по ДЗО отображение данных все филиалы.Change(Выручка по ДЗО отображение данных все филиалы:772)
	at Выручка по ДЗО отображение данных все филиалы.DzoTest(Выручка по ДЗО отображение данных все филиалы:552)
	at Выручка по ДЗО отображение данных все филиалы.run(Выручка по ДЗО отображение данных все филиалы:134)
	at com.kms.katalon.core.main.ScriptEngine.run(ScriptEngine.java:194)
	at com.kms.katalon.core.main.ScriptEngine.runScriptAsRawText(ScriptEngine.java:119)
	at com.kms.katalon.core.main.TestCaseExecutor.runScript(TestCaseExecutor.java:448)
	at com.kms.katalon.core.main.TestCaseExecutor.doExecute(TestCaseExecutor.java:439)
	at com.kms.katalon.core.main.TestCaseExecutor.processExecutionPhase(TestCaseExecutor.java:418)
	at com.kms.katalon.core.main.TestCaseExecutor.accessMainPhase(TestCaseExecutor.java:410)
	at com.kms.katalon.core.main.TestCaseExecutor.execute(TestCaseExecutor.java:285)
	at com.kms.katalon.core.common.CommonExecutor.accessTestCaseMainPhase(CommonExecutor.java:65)
	at com.kms.katalon.core.main.TestSuiteExecutor.accessTestSuiteMainPhase(TestSuiteExecutor.java:150)
	at com.kms.katalon.core.main.TestSuiteExecutor.execute(TestSuiteExecutor.java:106)
	at com.kms.katalon.core.main.TestCaseMain.startTestSuite(TestCaseMain.java:180)
	at TempTestSuite1733182698305.run(TempTestSuite1733182698305.groovy:35)
	at java.base/jdk.internal.reflect.NativeMethodAccessorImpl.invoke0(Native Method)
	at java.base/jdk.internal.reflect.NativeMethodAccessorImpl.invoke(NativeMethodAccessorImpl.java:77)
	at java.base/jdk.internal.reflect.DelegatingMethodAccessorImpl.invoke(DelegatingMethodAccessorImpl.java:43)
)

03-12-2024T03:07:22 - [MESSAGE][FAILED] - Text 'нет данных' is present on page  (Root cause: com.kms.katalon.core.exception.StepFailedException: Text 'нет данных' is present on page 
	at com.kms.katalon.core.webui.keyword.internal.WebUIKeywordMain.stepFailed(WebUIKeywordMain.groovy:64)
	at com.kms.katalon.core.webui.keyword.builtin.VerifyTextNotPresentKeyword$_verifyTextNotPresent_closure1.doCall(VerifyTextNotPresentKeyword.groovy:77)
	at com.kms.katalon.core.webui.keyword.builtin.VerifyTextNotPresentKeyword$_verifyTextNotPresent_closure1.call(VerifyTextNotPresentKeyword.groovy)
	at com.kms.katalon.core.webui.keyword.internal.WebUIKeywordMain.runKeyword(WebUIKeywordMain.groovy:20)
	at com.kms.katalon.core.webui.keyword.builtin.VerifyTextNotPresentKeyword.verifyTextNotPresent(VerifyTextNotPresentKeyword.groovy:82)
	at com.kms.katalon.core.webui.keyword.builtin.VerifyTextNotPresentKeyword.execute(VerifyTextNotPresentKeyword.groovy:68)
	at com.kms.katalon.core.keyword.internal.KeywordExecutor.executeKeywordForPlatform(KeywordExecutor.groovy:74)
	at com.kms.katalon.core.webui.keyword.WebUiBuiltInKeywords.verifyTextNotPresent(WebUiBuiltInKeywords.groovy:1795)
	at Выручка по ДЗО отображение данных все филиалы.Test(Выручка по ДЗО отображение данных все филиалы:782)
	at Выручка по ДЗО отображение данных все филиалы.Tumbler(Выручка по ДЗО отображение данных все филиалы:738)
	at Выручка по ДЗО отображение данных все филиалы.Change(Выручка по ДЗО отображение данных все филиалы:772)
	at Выручка по ДЗО отображение данных все филиалы.DzoTest(Выручка по ДЗО отображение данных все филиалы:552)
	at Выручка по ДЗО отображение данных все филиалы.run(Выручка по ДЗО отображение данных все филиалы:134)
	at com.kms.katalon.core.main.ScriptEngine.run(ScriptEngine.java:194)
	at com.kms.katalon.core.main.ScriptEngine.runScriptAsRawText(ScriptEngine.java:119)
	at com.kms.katalon.core.main.TestCaseExecutor.runScript(TestCaseExecutor.java:448)
	at com.kms.katalon.core.main.TestCaseExecutor.doExecute(TestCaseExecutor.java:439)
	at com.kms.katalon.core.main.TestCaseExecutor.processExecutionPhase(TestCaseExecutor.java:418)
	at com.kms.katalon.core.main.TestCaseExecutor.accessMainPhase(TestCaseExecutor.java:410)
	at com.kms.katalon.core.main.TestCaseExecutor.execute(TestCaseExecutor.java:285)
	at com.kms.katalon.core.common.CommonExecutor.accessTestCaseMainPhase(CommonExecutor.java:65)
	at com.kms.katalon.core.main.TestSuiteExecutor.accessTestSuiteMainPhase(TestSuiteExecutor.java:150)
	at com.kms.katalon.core.main.TestSuiteExecutor.execute(TestSuiteExecutor.java:106)
	at com.kms.katalon.core.main.TestCaseMain.startTestSuite(TestCaseMain.java:180)
	at TempTestSuite1733182698305.run(TempTestSuite1733182698305.groovy:35)
	at java.base/jdk.internal.reflect.NativeMethodAccessorImpl.invoke0(Native Method)
	at java.base/jdk.internal.reflect.NativeMethodAccessorImpl.invoke(NativeMethodAccessorImpl.java:77)
	at java.base/jdk.internal.reflect.DelegatingMethodAccessorImpl.invoke(DelegatingMethodAccessorImpl.java:43)
)

03-12-2024T03:07:22 - [TEST_STEP][PASSED] - else: null

03-12-2024T03:07:22 - [TEST_STEP][PASSED] - Script1687405711779.WriteToExcel(todaysDate): null

03-12-2024T03:07:22 - [TEST_STEP][PASSED] - sheetName = "Sheet1": null

03-12-2024T03:07:22 - [TEST_STEP][PASSED] - data = findTestData("PlanFact"): null

03-12-2024T03:07:22 - [TEST_STEP][PASSED] - n = data.getRowNumbers() + 1: null

03-12-2024T03:07:22 - [TEST_STEP][PASSED] - dZO = getText(findTestObject("Выручка по ДЗО/Фильтр ДЗО")): Text of object 'Object Repository/Выручка по ДЗО/Фильтр ДЗО' is: 'ПАО Россети - РаспредКомплекс - Россети Центр - Воронежэнерго'

03-12-2024T03:07:23 - [MESSAGE][PASSED] - Text of object 'Object Repository/Выручка по ДЗО/Фильтр ДЗО' is: 'ПАО Россети - РаспредКомплекс - Россети Центр - Воронежэнерго'

03-12-2024T03:07:23 - [TEST_STEP][PASSED] - period = getText(findTestObject("Выручка по ДЗО/Фильтр Дата")): Text of object 'Object Repository/Выручка по ДЗО/Фильтр Дата' is: '1, 2, 3 кв., Октябрь 2024 года'

03-12-2024T03:07:23 - [MESSAGE][PASSED] - Text of object 'Object Repository/Выручка по ДЗО/Фильтр Дата' is: '1, 2, 3 кв., Октябрь 2024 года'

03-12-2024T03:07:23 - [TEST_STEP][PASSED] - viruchka = getText(findTestObject("Выручка по ДЗО/Фильтр Выручка")): Text of object 'Object Repository/Выручка по ДЗО/Фильтр Выручка' is: 'внутренний оборот'

03-12-2024T03:07:23 - [MESSAGE][PASSED] - Text of object 'Object Repository/Выручка по ДЗО/Фильтр Выручка' is: 'внутренний оборот'

03-12-2024T03:07:23 - [TEST_STEP][PASSED] - if (viruchka == "Выбрано: 2"): null

03-12-2024T03:07:23 - [TEST_STEP][PASSED] - if (viruchka == "Все"): null

03-12-2024T03:07:23 - [TEST_STEP][PASSED] - println(period): null

03-12-2024T03:07:23 - [TEST_STEP][PASSED] - dashboardName = "Выручка по ДЗО": null

03-12-2024T03:07:23 - [TEST_STEP][PASSED] - workbook01 = getWorkbook(excelFilePath): null

03-12-2024T03:07:23 - [TEST_STEP][PASSED] - sheet01 = getExcelSheet(workbook01, sheetName): null

03-12-2024T03:07:23 - [TEST_STEP][PASSED] - setValueToCellByIndex(sheet01, n, 0, dashboardName): null

03-12-2024T03:07:23 - [TEST_STEP][PASSED] - setValueToCellByIndex(sheet01, n, 1, dZO): null

03-12-2024T03:07:23 - [TEST_STEP][PASSED] - setValueToCellByIndex(sheet01, n, 2, period): null

03-12-2024T03:07:23 - [TEST_STEP][PASSED] - setValueToCellByIndex(sheet01, n, 3, viruchka): null

03-12-2024T03:07:23 - [TEST_STEP][PASSED] - setValueToCellByIndex(sheet01, n, 4, todaysDate): null

03-12-2024T03:07:23 - [TEST_STEP][PASSED] - n = n + 1: null

03-12-2024T03:07:23 - [TEST_STEP][PASSED] - saveWorkbook(excelFilePath, workbook01): null

03-12-2024T03:07:24 - [TEST_STEP][PASSED] - click(findTestObject("Выручка по ДЗО/Фильтр Выручка")): Object: 'Object Repository/Выручка по ДЗО/Фильтр Выручка' is clicked on

03-12-2024T03:07:24 - [MESSAGE][PASSED] - Object: 'Object Repository/Выручка по ДЗО/Фильтр Выручка' is clicked on

03-12-2024T03:07:24 - [TEST_STEP][PASSED] - click(findTestObject("Выручка по ДЗО/По передаче в фильтре Выручка")): Object: 'Object Repository/Выручка по ДЗО/По передаче в фильтре Выручка' is clicked on

03-12-2024T03:07:24 - [MESSAGE][PASSED] - Object: 'Object Repository/Выручка по ДЗО/По передаче в фильтре Выручка' is clicked on

03-12-2024T03:07:24 - [TEST_STEP][PASSED] - click(findTestObject("Выручка по ДЗО/Применить в фильтре Выручка")): Object: 'Object Repository/Выручка по ДЗО/Применить в фильтре Выручка' is clicked on

03-12-2024T03:07:25 - [MESSAGE][PASSED] - Object: 'Object Repository/Выручка по ДЗО/Применить в фильтре Выручка' is clicked on

03-12-2024T03:07:25 - [TEST_STEP][PASSED] - Script1687405711779.Test(todaysDate): null

03-12-2024T03:07:25 - [TEST_STEP][PASSED] - if (verifyTextNotPresent("нет данных", false) == true): null

03-12-2024T03:07:28 - [MESSAGE][PASSED] - Text 'нет данных' is not present on page

03-12-2024T03:07:28 - [TEST_STEP][PASSED] - if (verifyTextNotPresent("Ошибка запроса данных", false) == true): null

03-12-2024T03:07:28 - [MESSAGE][PASSED] - Text 'Ошибка запроса данных' is not present on page

03-12-2024T03:07:28 - [TEST_STEP][PASSED] - if (verifyTextNotPresent("Произошла ошибка при выполнении пользовательского кода", false) == true): null

03-12-2024T03:07:29 - [MESSAGE][PASSED] - Text 'Произошла ошибка при выполнении пользовательского кода' is not present on page

03-12-2024T03:07:29 - [TEST_STEP][PASSED] - if (verifyTextNotPresent("У виджета нет данных", false) == true): null

03-12-2024T03:07:29 - [MESSAGE][PASSED] - Text 'У виджета нет данных' is not present on page

03-12-2024T03:07:29 - [TEST_STEP][PASSED] - if (verifyTextNotPresent("У виджета нет данных", false) == true): Text 'У виджета нет данных' is not present on page

03-12-2024T03:07:30 - [MESSAGE][PASSED] - Text 'У виджета нет данных' is not present on page

03-12-2024T03:07:30 - [TEST_STEP][PASSED] - click(findTestObject("Выручка по ДЗО/Фильтр Выручка")): Object: 'Object Repository/Выручка по ДЗО/Фильтр Выручка' is clicked on

03-12-2024T03:07:30 - [MESSAGE][PASSED] - Object: 'Object Repository/Выручка по ДЗО/Фильтр Выручка' is clicked on

03-12-2024T03:07:30 - [TEST_STEP][PASSED] - click(findTestObject("Выручка по ДЗО/Снять выделение в фильтре Выручка")): Object: 'Object Repository/Выручка по ДЗО/Снять выделение в фильтре Выручка' is clicked on

03-12-2024T03:07:31 - [MESSAGE][PASSED] - Object: 'Object Repository/Выручка по ДЗО/Снять выделение в фильтре Выручка' is clicked on

03-12-2024T03:07:31 - [TEST_STEP][PASSED] - click(findTestObject("Выручка по ДЗО/По передаче в фильтре Выручка")): Object: 'Object Repository/Выручка по ДЗО/По передаче в фильтре Выручка' is clicked on

03-12-2024T03:07:31 - [MESSAGE][PASSED] - Object: 'Object Repository/Выручка по ДЗО/По передаче в фильтре Выручка' is clicked on

03-12-2024T03:07:31 - [TEST_STEP][PASSED] - click(findTestObject("Выручка по ДЗО/Применить в фильтре Выручка")): Object: 'Object Repository/Выручка по ДЗО/Применить в фильтре Выручка' is clicked on

03-12-2024T03:07:31 - [MESSAGE][PASSED] - Object: 'Object Repository/Выручка по ДЗО/Применить в фильтре Выручка' is clicked on

03-12-2024T03:07:31 - [TEST_STEP][PASSED] - Script1687405711779.Test(todaysDate): null

03-12-2024T03:07:31 - [TEST_STEP][PASSED] - if (verifyTextNotPresent("нет данных", false) == true): null

03-12-2024T03:07:34 - [MESSAGE][PASSED] - Text 'нет данных' is not present on page

03-12-2024T03:07:34 - [TEST_STEP][PASSED] - if (verifyTextNotPresent("Ошибка запроса данных", false) == true): null

03-12-2024T03:07:35 - [MESSAGE][PASSED] - Text 'Ошибка запроса данных' is not present on page

03-12-2024T03:07:35 - [TEST_STEP][PASSED] - if (verifyTextNotPresent("Произошла ошибка при выполнении пользовательского кода", false) == true): null

03-12-2024T03:07:35 - [MESSAGE][PASSED] - Text 'Произошла ошибка при выполнении пользовательского кода' is not present on page

03-12-2024T03:07:35 - [TEST_STEP][PASSED] - if (verifyTextNotPresent("У виджета нет данных", false) == true): null

03-12-2024T03:07:36 - [MESSAGE][PASSED] - Text 'У виджета нет данных' is not present on page

03-12-2024T03:07:36 - [TEST_STEP][PASSED] - if (verifyTextNotPresent("У виджета нет данных", false) == true): Text 'У виджета нет данных' is not present on page

03-12-2024T03:07:36 - [MESSAGE][PASSED] - Text 'У виджета нет данных' is not present on page

03-12-2024T03:07:36 - [TEST_STEP][PASSED] - click(findTestObject("Выручка по ДЗО/Фильтр Выручка")): Object: 'Object Repository/Выручка по ДЗО/Фильтр Выручка' is clicked on

03-12-2024T03:07:36 - [MESSAGE][PASSED] - Object: 'Object Repository/Выручка по ДЗО/Фильтр Выручка' is clicked on

03-12-2024T03:07:36 - [TEST_STEP][PASSED] - click(findTestObject("Выручка по ДЗО/Снять выделение в фильтре Выручка")): Object: 'Object Repository/Выручка по ДЗО/Снять выделение в фильтре Выручка' is clicked on

03-12-2024T03:07:37 - [MESSAGE][PASSED] - Object: 'Object Repository/Выручка по ДЗО/Снять выделение в фильтре Выручка' is clicked on

03-12-2024T03:07:37 - [TEST_STEP][PASSED] - click(findTestObject("Выручка по ДЗО/Применить в фильтре Выручка")): Object: 'Object Repository/Выручка по ДЗО/Применить в фильтре Выручка' is clicked on

03-12-2024T03:07:37 - [MESSAGE][PASSED] - Object: 'Object Repository/Выручка по ДЗО/Применить в фильтре Выручка' is clicked on

03-12-2024T03:07:37 - [TEST_STEP][PASSED] - click(findTestObject("Выручка по ДЗО/Фильтр ДЗО")): Object: 'Object Repository/Выручка по ДЗО/Фильтр ДЗО' is clicked on

03-12-2024T03:07:40 - [MESSAGE][PASSED] - Object: 'Object Repository/Выручка по ДЗО/Фильтр ДЗО' is clicked on

03-12-2024T03:07:40 - [TEST_STEP][PASSED] - click(findTestObject("Выручка по ДЗО/Снять выделение в фильтре ДЗО")): Object: 'Object Repository/Выручка по ДЗО/Снять выделение в фильтре ДЗО' is clicked on

03-12-2024T03:07:40 - [MESSAGE][PASSED] - Object: 'Object Repository/Выручка по ДЗО/Снять выделение в фильтре ДЗО' is clicked on

03-12-2024T03:07:40 - [TEST_STEP][PASSED] - scrollToElement(findTestObject("Общие объекты/Костромаэнерго"), 30): Scroll to object 'Object Repository/Общие объекты/Костромаэнерго' successfully

03-12-2024T03:07:40 - [MESSAGE][PASSED] - Scroll to object 'Object Repository/Общие объекты/Костромаэнерго' successfully

03-12-2024T03:07:40 - [TEST_STEP][PASSED] - click(findTestObject("Общие объекты/Костромаэнерго"), CONTINUE_ON_FAILURE): Object: 'Object Repository/Общие объекты/Костромаэнерго' is clicked on

03-12-2024T03:07:41 - [MESSAGE][PASSED] - Object: 'Object Repository/Общие объекты/Костромаэнерго' is clicked on

03-12-2024T03:07:41 - [TEST_STEP][PASSED] - Script1687405711779.Change(todaysDate): null

03-12-2024T03:07:41 - [TEST_STEP][PASSED] - scrollToElement(findTestObject("Выручка по ДЗО/Заголовок дашборда"), 30): Scroll to object 'Object Repository/Выручка по ДЗО/Заголовок дашборда' successfully

03-12-2024T03:07:41 - [MESSAGE][PASSED] - Scroll to object 'Object Repository/Выручка по ДЗО/Заголовок дашборда' successfully

03-12-2024T03:07:41 - [TEST_STEP][PASSED] - click(findTestObject("Выручка по ДЗО/Применить в фильтре ДЗО")): Object: 'Object Repository/Выручка по ДЗО/Применить в фильтре ДЗО' is clicked on

03-12-2024T03:07:42 - [MESSAGE][PASSED] - Object: 'Object Repository/Выручка по ДЗО/Применить в фильтре ДЗО' is clicked on

03-12-2024T03:07:42 - [TEST_STEP][PASSED] - Script1687405711779.Tumbler(todaysDate): null

03-12-2024T03:07:42 - [TEST_STEP][PASSED] - Script1687405711779.Test(todaysDate): null

03-12-2024T03:07:42 - [TEST_STEP][PASSED] - if (verifyTextNotPresent("нет данных", false) == true): null

03-12-2024T03:07:45 - [MESSAGE][PASSED] - Text 'нет данных' is not present on page

03-12-2024T03:07:45 - [TEST_STEP][PASSED] - if (verifyTextNotPresent("Ошибка запроса данных", false) == true): null

03-12-2024T03:07:46 - [MESSAGE][PASSED] - Text 'Ошибка запроса данных' is not present on page

03-12-2024T03:07:46 - [TEST_STEP][PASSED] - if (verifyTextNotPresent("Произошла ошибка при выполнении пользовательского кода", false) == true): null

03-12-2024T03:07:46 - [MESSAGE][PASSED] - Text 'Произошла ошибка при выполнении пользовательского кода' is not present on page

03-12-2024T03:07:46 - [TEST_STEP][PASSED] - if (verifyTextNotPresent("У виджета нет данных", false) == true): null

03-12-2024T03:07:47 - [MESSAGE][PASSED] - Text 'У виджета нет данных' is not present on page

03-12-2024T03:07:47 - [TEST_STEP][PASSED] - if (verifyTextNotPresent("У виджета нет данных", false) == true): Text 'У виджета нет данных' is not present on page

03-12-2024T03:07:47 - [MESSAGE][PASSED] - Text 'У виджета нет данных' is not present on page

03-12-2024T03:07:47 - [TEST_STEP][PASSED] - click(findTestObject("Выручка по ДЗО/Фильтр Выручка")): Object: 'Object Repository/Выручка по ДЗО/Фильтр Выручка' is clicked on

03-12-2024T03:07:48 - [MESSAGE][PASSED] - Object: 'Object Repository/Выручка по ДЗО/Фильтр Выручка' is clicked on

03-12-2024T03:07:48 - [TEST_STEP][PASSED] - click(findTestObject("Выручка по ДЗО/Внутренний оборот в фильтре Выручка")): Object: 'Object Repository/Выручка по ДЗО/Внутренний оборот в фильтре Выручка' is clicked on

03-12-2024T03:07:48 - [MESSAGE][PASSED] - Object: 'Object Repository/Выручка по ДЗО/Внутренний оборот в фильтре Выручка' is clicked on

03-12-2024T03:07:48 - [TEST_STEP][PASSED] - click(findTestObject("Выручка по ДЗО/Применить в фильтре Выручка")): Object: 'Object Repository/Выручка по ДЗО/Применить в фильтре Выручка' is clicked on

03-12-2024T03:07:49 - [MESSAGE][PASSED] - Object: 'Object Repository/Выручка по ДЗО/Применить в фильтре Выручка' is clicked on

03-12-2024T03:07:49 - [TEST_STEP][PASSED] - Script1687405711779.Test(todaysDate): null

03-12-2024T03:07:49 - [TEST_STEP][FAILED] - if (verifyTextNotPresent("нет данных", false) == true): Text 'нет данных' is present on page  (Root cause: com.kms.katalon.core.exception.StepFailedException: Text 'нет данных' is present on page 
	at com.kms.katalon.core.webui.keyword.internal.WebUIKeywordMain.stepFailed(WebUIKeywordMain.groovy:64)
	at com.kms.katalon.core.webui.keyword.builtin.VerifyTextNotPresentKeyword$_verifyTextNotPresent_closure1.doCall(VerifyTextNotPresentKeyword.groovy:77)
	at com.kms.katalon.core.webui.keyword.builtin.VerifyTextNotPresentKeyword$_verifyTextNotPresent_closure1.call(VerifyTextNotPresentKeyword.groovy)
	at com.kms.katalon.core.webui.keyword.internal.WebUIKeywordMain.runKeyword(WebUIKeywordMain.groovy:20)
	at com.kms.katalon.core.webui.keyword.builtin.VerifyTextNotPresentKeyword.verifyTextNotPresent(VerifyTextNotPresentKeyword.groovy:82)
	at com.kms.katalon.core.webui.keyword.builtin.VerifyTextNotPresentKeyword.execute(VerifyTextNotPresentKeyword.groovy:68)
	at com.kms.katalon.core.keyword.internal.KeywordExecutor.executeKeywordForPlatform(KeywordExecutor.groovy:74)
	at com.kms.katalon.core.webui.keyword.WebUiBuiltInKeywords.verifyTextNotPresent(WebUiBuiltInKeywords.groovy:1795)
	at Выручка по ДЗО отображение данных все филиалы.Test(Выручка по ДЗО отображение данных все филиалы:782)
	at Выручка по ДЗО отображение данных все филиалы.Tumbler(Выручка по ДЗО отображение данных все филиалы:738)
	at Выручка по ДЗО отображение данных все филиалы.Change(Выручка по ДЗО отображение данных все филиалы:772)
	at Выручка по ДЗО отображение данных все филиалы.DzoTest(Выручка по ДЗО отображение данных все филиалы:558)
	at Выручка по ДЗО отображение данных все филиалы.run(Выручка по ДЗО отображение данных все филиалы:134)
	at com.kms.katalon.core.main.ScriptEngine.run(ScriptEngine.java:194)
	at com.kms.katalon.core.main.ScriptEngine.runScriptAsRawText(ScriptEngine.java:119)
	at com.kms.katalon.core.main.TestCaseExecutor.runScript(TestCaseExecutor.java:448)
	at com.kms.katalon.core.main.TestCaseExecutor.doExecute(TestCaseExecutor.java:439)
	at com.kms.katalon.core.main.TestCaseExecutor.processExecutionPhase(TestCaseExecutor.java:418)
	at com.kms.katalon.core.main.TestCaseExecutor.accessMainPhase(TestCaseExecutor.java:410)
	at com.kms.katalon.core.main.TestCaseExecutor.execute(TestCaseExecutor.java:285)
	at com.kms.katalon.core.common.CommonExecutor.accessTestCaseMainPhase(CommonExecutor.java:65)
	at com.kms.katalon.core.main.TestSuiteExecutor.accessTestSuiteMainPhase(TestSuiteExecutor.java:150)
	at com.kms.katalon.core.main.TestSuiteExecutor.execute(TestSuiteExecutor.java:106)
	at com.kms.katalon.core.main.TestCaseMain.startTestSuite(TestCaseMain.java:180)
	at TempTestSuite1733182698305.run(TempTestSuite1733182698305.groovy:35)
	at java.base/jdk.internal.reflect.NativeMethodAccessorImpl.invoke0(Native Method)
	at java.base/jdk.internal.reflect.NativeMethodAccessorImpl.invoke(NativeMethodAccessorImpl.java:77)
	at java.base/jdk.internal.reflect.DelegatingMethodAccessorImpl.invoke(DelegatingMethodAccessorImpl.java:43)
)

03-12-2024T03:07:51 - [MESSAGE][FAILED] - Text 'нет данных' is present on page  (Root cause: com.kms.katalon.core.exception.StepFailedException: Text 'нет данных' is present on page 
	at com.kms.katalon.core.webui.keyword.internal.WebUIKeywordMain.stepFailed(WebUIKeywordMain.groovy:64)
	at com.kms.katalon.core.webui.keyword.builtin.VerifyTextNotPresentKeyword$_verifyTextNotPresent_closure1.doCall(VerifyTextNotPresentKeyword.groovy:77)
	at com.kms.katalon.core.webui.keyword.builtin.VerifyTextNotPresentKeyword$_verifyTextNotPresent_closure1.call(VerifyTextNotPresentKeyword.groovy)
	at com.kms.katalon.core.webui.keyword.internal.WebUIKeywordMain.runKeyword(WebUIKeywordMain.groovy:20)
	at com.kms.katalon.core.webui.keyword.builtin.VerifyTextNotPresentKeyword.verifyTextNotPresent(VerifyTextNotPresentKeyword.groovy:82)
	at com.kms.katalon.core.webui.keyword.builtin.VerifyTextNotPresentKeyword.execute(VerifyTextNotPresentKeyword.groovy:68)
	at com.kms.katalon.core.keyword.internal.KeywordExecutor.executeKeywordForPlatform(KeywordExecutor.groovy:74)
	at com.kms.katalon.core.webui.keyword.WebUiBuiltInKeywords.verifyTextNotPresent(WebUiBuiltInKeywords.groovy:1795)
	at Выручка по ДЗО отображение данных все филиалы.Test(Выручка по ДЗО отображение данных все филиалы:782)
	at Выручка по ДЗО отображение данных все филиалы.Tumbler(Выручка по ДЗО отображение данных все филиалы:738)
	at Выручка по ДЗО отображение данных все филиалы.Change(Выручка по ДЗО отображение данных все филиалы:772)
	at Выручка по ДЗО отображение данных все филиалы.DzoTest(Выручка по ДЗО отображение данных все филиалы:558)
	at Выручка по ДЗО отображение данных все филиалы.run(Выручка по ДЗО отображение данных все филиалы:134)
	at com.kms.katalon.core.main.ScriptEngine.run(ScriptEngine.java:194)
	at com.kms.katalon.core.main.ScriptEngine.runScriptAsRawText(ScriptEngine.java:119)
	at com.kms.katalon.core.main.TestCaseExecutor.runScript(TestCaseExecutor.java:448)
	at com.kms.katalon.core.main.TestCaseExecutor.doExecute(TestCaseExecutor.java:439)
	at com.kms.katalon.core.main.TestCaseExecutor.processExecutionPhase(TestCaseExecutor.java:418)
	at com.kms.katalon.core.main.TestCaseExecutor.accessMainPhase(TestCaseExecutor.java:410)
	at com.kms.katalon.core.main.TestCaseExecutor.execute(TestCaseExecutor.java:285)
	at com.kms.katalon.core.common.CommonExecutor.accessTestCaseMainPhase(CommonExecutor.java:65)
	at com.kms.katalon.core.main.TestSuiteExecutor.accessTestSuiteMainPhase(TestSuiteExecutor.java:150)
	at com.kms.katalon.core.main.TestSuiteExecutor.execute(TestSuiteExecutor.java:106)
	at com.kms.katalon.core.main.TestCaseMain.startTestSuite(TestCaseMain.java:180)
	at TempTestSuite1733182698305.run(TempTestSuite1733182698305.groovy:35)
	at java.base/jdk.internal.reflect.NativeMethodAccessorImpl.invoke0(Native Method)
	at java.base/jdk.internal.reflect.NativeMethodAccessorImpl.invoke(NativeMethodAccessorImpl.java:77)
	at java.base/jdk.internal.reflect.DelegatingMethodAccessorImpl.invoke(DelegatingMethodAccessorImpl.java:43)
)

03-12-2024T03:07:51 - [TEST_STEP][PASSED] - else: null

03-12-2024T03:07:51 - [TEST_STEP][PASSED] - Script1687405711779.WriteToExcel(todaysDate): null

03-12-2024T03:07:51 - [TEST_STEP][PASSED] - sheetName = "Sheet1": null

03-12-2024T03:07:51 - [TEST_STEP][PASSED] - data = findTestData("PlanFact"): null

03-12-2024T03:07:51 - [TEST_STEP][PASSED] - n = data.getRowNumbers() + 1: null

03-12-2024T03:07:51 - [TEST_STEP][PASSED] - dZO = getText(findTestObject("Выручка по ДЗО/Фильтр ДЗО")): Text of object 'Object Repository/Выручка по ДЗО/Фильтр ДЗО' is: 'ПАО Россети - РаспредКомплекс - Россети Центр - Костромаэнерго'

03-12-2024T03:07:51 - [MESSAGE][PASSED] - Text of object 'Object Repository/Выручка по ДЗО/Фильтр ДЗО' is: 'ПАО Россети - РаспредКомплекс - Россети Центр - Костромаэнерго'

03-12-2024T03:07:51 - [TEST_STEP][PASSED] - period = getText(findTestObject("Выручка по ДЗО/Фильтр Дата")): Text of object 'Object Repository/Выручка по ДЗО/Фильтр Дата' is: '1, 2, 3 кв., Октябрь 2024 года'

03-12-2024T03:07:52 - [MESSAGE][PASSED] - Text of object 'Object Repository/Выручка по ДЗО/Фильтр Дата' is: '1, 2, 3 кв., Октябрь 2024 года'

03-12-2024T03:07:52 - [TEST_STEP][PASSED] - viruchka = getText(findTestObject("Выручка по ДЗО/Фильтр Выручка")): Text of object 'Object Repository/Выручка по ДЗО/Фильтр Выручка' is: 'внутренний оборот'

03-12-2024T03:07:52 - [MESSAGE][PASSED] - Text of object 'Object Repository/Выручка по ДЗО/Фильтр Выручка' is: 'внутренний оборот'

03-12-2024T03:07:52 - [TEST_STEP][PASSED] - if (viruchka == "Выбрано: 2"): null

03-12-2024T03:07:52 - [TEST_STEP][PASSED] - if (viruchka == "Все"): null

03-12-2024T03:07:52 - [TEST_STEP][PASSED] - println(period): null

03-12-2024T03:07:52 - [TEST_STEP][PASSED] - dashboardName = "Выручка по ДЗО": null

03-12-2024T03:07:52 - [TEST_STEP][PASSED] - workbook01 = getWorkbook(excelFilePath): null

03-12-2024T03:07:52 - [TEST_STEP][PASSED] - sheet01 = getExcelSheet(workbook01, sheetName): null

03-12-2024T03:07:52 - [TEST_STEP][PASSED] - setValueToCellByIndex(sheet01, n, 0, dashboardName): null

03-12-2024T03:07:52 - [TEST_STEP][PASSED] - setValueToCellByIndex(sheet01, n, 1, dZO): null

03-12-2024T03:07:52 - [TEST_STEP][PASSED] - setValueToCellByIndex(sheet01, n, 2, period): null

03-12-2024T03:07:52 - [TEST_STEP][PASSED] - setValueToCellByIndex(sheet01, n, 3, viruchka): null

03-12-2024T03:07:52 - [TEST_STEP][PASSED] - setValueToCellByIndex(sheet01, n, 4, todaysDate): null

03-12-2024T03:07:52 - [TEST_STEP][PASSED] - n = n + 1: null

03-12-2024T03:07:52 - [TEST_STEP][PASSED] - saveWorkbook(excelFilePath, workbook01): null

03-12-2024T03:07:52 - [TEST_STEP][PASSED] - click(findTestObject("Выручка по ДЗО/Фильтр Выручка")): Object: 'Object Repository/Выручка по ДЗО/Фильтр Выручка' is clicked on

03-12-2024T03:07:52 - [MESSAGE][PASSED] - Object: 'Object Repository/Выручка по ДЗО/Фильтр Выручка' is clicked on

03-12-2024T03:07:52 - [TEST_STEP][PASSED] - click(findTestObject("Выручка по ДЗО/По передаче в фильтре Выручка")): Object: 'Object Repository/Выручка по ДЗО/По передаче в фильтре Выручка' is clicked on

03-12-2024T03:07:53 - [MESSAGE][PASSED] - Object: 'Object Repository/Выручка по ДЗО/По передаче в фильтре Выручка' is clicked on

03-12-2024T03:07:53 - [TEST_STEP][PASSED] - click(findTestObject("Выручка по ДЗО/Применить в фильтре Выручка")): Object: 'Object Repository/Выручка по ДЗО/Применить в фильтре Выручка' is clicked on

03-12-2024T03:07:54 - [MESSAGE][PASSED] - Object: 'Object Repository/Выручка по ДЗО/Применить в фильтре Выручка' is clicked on

03-12-2024T03:07:54 - [TEST_STEP][PASSED] - Script1687405711779.Test(todaysDate): null

03-12-2024T03:07:54 - [TEST_STEP][PASSED] - if (verifyTextNotPresent("нет данных", false) == true): null

03-12-2024T03:07:56 - [MESSAGE][PASSED] - Text 'нет данных' is not present on page

03-12-2024T03:07:56 - [TEST_STEP][PASSED] - if (verifyTextNotPresent("Ошибка запроса данных", false) == true): null

03-12-2024T03:07:57 - [MESSAGE][PASSED] - Text 'Ошибка запроса данных' is not present on page

03-12-2024T03:07:57 - [TEST_STEP][PASSED] - if (verifyTextNotPresent("Произошла ошибка при выполнении пользовательского кода", false) == true): null

03-12-2024T03:07:57 - [MESSAGE][PASSED] - Text 'Произошла ошибка при выполнении пользовательского кода' is not present on page

03-12-2024T03:07:57 - [TEST_STEP][PASSED] - if (verifyTextNotPresent("У виджета нет данных", false) == true): null

03-12-2024T03:07:58 - [MESSAGE][PASSED] - Text 'У виджета нет данных' is not present on page

03-12-2024T03:07:58 - [TEST_STEP][PASSED] - if (verifyTextNotPresent("У виджета нет данных", false) == true): Text 'У виджета нет данных' is not present on page

03-12-2024T03:07:58 - [MESSAGE][PASSED] - Text 'У виджета нет данных' is not present on page

03-12-2024T03:07:58 - [TEST_STEP][PASSED] - click(findTestObject("Выручка по ДЗО/Фильтр Выручка")): Object: 'Object Repository/Выручка по ДЗО/Фильтр Выручка' is clicked on

03-12-2024T03:07:59 - [MESSAGE][PASSED] - Object: 'Object Repository/Выручка по ДЗО/Фильтр Выручка' is clicked on

03-12-2024T03:07:59 - [TEST_STEP][PASSED] - click(findTestObject("Выручка по ДЗО/Снять выделение в фильтре Выручка")): Object: 'Object Repository/Выручка по ДЗО/Снять выделение в фильтре Выручка' is clicked on

03-12-2024T03:07:59 - [MESSAGE][PASSED] - Object: 'Object Repository/Выручка по ДЗО/Снять выделение в фильтре Выручка' is clicked on

03-12-2024T03:07:59 - [TEST_STEP][PASSED] - click(findTestObject("Выручка по ДЗО/По передаче в фильтре Выручка")): Object: 'Object Repository/Выручка по ДЗО/По передаче в фильтре Выручка' is clicked on

03-12-2024T03:08:00 - [MESSAGE][PASSED] - Object: 'Object Repository/Выручка по ДЗО/По передаче в фильтре Выручка' is clicked on

03-12-2024T03:08:00 - [TEST_STEP][PASSED] - click(findTestObject("Выручка по ДЗО/Применить в фильтре Выручка")): Object: 'Object Repository/Выручка по ДЗО/Применить в фильтре Выручка' is clicked on

03-12-2024T03:08:00 - [MESSAGE][PASSED] - Object: 'Object Repository/Выручка по ДЗО/Применить в фильтре Выручка' is clicked on

03-12-2024T03:08:00 - [TEST_STEP][PASSED] - Script1687405711779.Test(todaysDate): null

03-12-2024T03:08:00 - [TEST_STEP][PASSED] - if (verifyTextNotPresent("нет данных", false) == true): null

03-12-2024T03:08:02 - [MESSAGE][PASSED] - Text 'нет данных' is not present on page

03-12-2024T03:08:02 - [TEST_STEP][PASSED] - if (verifyTextNotPresent("Ошибка запроса данных", false) == true): null

03-12-2024T03:08:03 - [MESSAGE][PASSED] - Text 'Ошибка запроса данных' is not present on page

03-12-2024T03:08:03 - [TEST_STEP][PASSED] - if (verifyTextNotPresent("Произошла ошибка при выполнении пользовательского кода", false) == true): null

03-12-2024T03:08:03 - [MESSAGE][PASSED] - Text 'Произошла ошибка при выполнении пользовательского кода' is not present on page

03-12-2024T03:08:03 - [TEST_STEP][PASSED] - if (verifyTextNotPresent("У виджета нет данных", false) == true): null

03-12-2024T03:08:04 - [MESSAGE][PASSED] - Text 'У виджета нет данных' is not present on page

03-12-2024T03:08:04 - [TEST_STEP][PASSED] - if (verifyTextNotPresent("У виджета нет данных", false) == true): Text 'У виджета нет данных' is not present on page

03-12-2024T03:08:04 - [MESSAGE][PASSED] - Text 'У виджета нет данных' is not present on page

03-12-2024T03:08:04 - [TEST_STEP][PASSED] - click(findTestObject("Выручка по ДЗО/Фильтр Выручка")): Object: 'Object Repository/Выручка по ДЗО/Фильтр Выручка' is clicked on

03-12-2024T03:08:05 - [MESSAGE][PASSED] - Object: 'Object Repository/Выручка по ДЗО/Фильтр Выручка' is clicked on

03-12-2024T03:08:05 - [TEST_STEP][PASSED] - click(findTestObject("Выручка по ДЗО/Снять выделение в фильтре Выручка")): Object: 'Object Repository/Выручка по ДЗО/Снять выделение в фильтре Выручка' is clicked on

03-12-2024T03:08:05 - [MESSAGE][PASSED] - Object: 'Object Repository/Выручка по ДЗО/Снять выделение в фильтре Выручка' is clicked on

03-12-2024T03:08:05 - [TEST_STEP][PASSED] - click(findTestObject("Выручка по ДЗО/Применить в фильтре Выручка")): Object: 'Object Repository/Выручка по ДЗО/Применить в фильтре Выручка' is clicked on

03-12-2024T03:08:06 - [MESSAGE][PASSED] - Object: 'Object Repository/Выручка по ДЗО/Применить в фильтре Выручка' is clicked on

03-12-2024T03:08:06 - [TEST_STEP][PASSED] - click(findTestObject("Выручка по ДЗО/Фильтр ДЗО")): Object: 'Object Repository/Выручка по ДЗО/Фильтр ДЗО' is clicked on

03-12-2024T03:08:07 - [MESSAGE][PASSED] - Object: 'Object Repository/Выручка по ДЗО/Фильтр ДЗО' is clicked on

03-12-2024T03:08:07 - [TEST_STEP][PASSED] - click(findTestObject("Выручка по ДЗО/Снять выделение в фильтре ДЗО")): Object: 'Object Repository/Выручка по ДЗО/Снять выделение в фильтре ДЗО' is clicked on

03-12-2024T03:08:08 - [MESSAGE][PASSED] - Object: 'Object Repository/Выручка по ДЗО/Снять выделение в фильтре ДЗО' is clicked on

03-12-2024T03:08:08 - [TEST_STEP][PASSED] - scrollToElement(findTestObject("Общие объекты/Курскэнерго"), 30): Scroll to object 'Object Repository/Общие объекты/Курскэнерго' successfully

03-12-2024T03:08:08 - [MESSAGE][PASSED] - Scroll to object 'Object Repository/Общие объекты/Курскэнерго' successfully

03-12-2024T03:08:08 - [TEST_STEP][PASSED] - click(findTestObject("Общие объекты/Курскэнерго"), CONTINUE_ON_FAILURE): Object: 'Object Repository/Общие объекты/Курскэнерго' is clicked on

03-12-2024T03:08:08 - [MESSAGE][PASSED] - Object: 'Object Repository/Общие объекты/Курскэнерго' is clicked on

03-12-2024T03:08:08 - [TEST_STEP][PASSED] - Script1687405711779.Change(todaysDate): null

03-12-2024T03:08:08 - [TEST_STEP][PASSED] - scrollToElement(findTestObject("Выручка по ДЗО/Заголовок дашборда"), 30): Scroll to object 'Object Repository/Выручка по ДЗО/Заголовок дашборда' successfully

03-12-2024T03:08:09 - [MESSAGE][PASSED] - Scroll to object 'Object Repository/Выручка по ДЗО/Заголовок дашборда' successfully

03-12-2024T03:08:09 - [TEST_STEP][PASSED] - click(findTestObject("Выручка по ДЗО/Применить в фильтре ДЗО")): Object: 'Object Repository/Выручка по ДЗО/Применить в фильтре ДЗО' is clicked on

03-12-2024T03:08:09 - [MESSAGE][PASSED] - Object: 'Object Repository/Выручка по ДЗО/Применить в фильтре ДЗО' is clicked on

03-12-2024T03:08:09 - [TEST_STEP][PASSED] - Script1687405711779.Tumbler(todaysDate): null

03-12-2024T03:08:09 - [TEST_STEP][PASSED] - Script1687405711779.Test(todaysDate): null

03-12-2024T03:08:09 - [TEST_STEP][PASSED] - if (verifyTextNotPresent("нет данных", false) == true): null

03-12-2024T03:08:11 - [MESSAGE][PASSED] - Text 'нет данных' is not present on page

03-12-2024T03:08:11 - [TEST_STEP][PASSED] - if (verifyTextNotPresent("Ошибка запроса данных", false) == true): null

03-12-2024T03:08:13 - [MESSAGE][PASSED] - Text 'Ошибка запроса данных' is not present on page

03-12-2024T03:08:13 - [TEST_STEP][PASSED] - if (verifyTextNotPresent("Произошла ошибка при выполнении пользовательского кода", false) == true): null

03-12-2024T03:08:14 - [MESSAGE][PASSED] - Text 'Произошла ошибка при выполнении пользовательского кода' is not present on page

03-12-2024T03:08:14 - [TEST_STEP][PASSED] - if (verifyTextNotPresent("У виджета нет данных", false) == true): null

03-12-2024T03:08:14 - [MESSAGE][PASSED] - Text 'У виджета нет данных' is not present on page

03-12-2024T03:08:14 - [TEST_STEP][PASSED] - if (verifyTextNotPresent("У виджета нет данных", false) == true): Text 'У виджета нет данных' is not present on page

03-12-2024T03:08:15 - [MESSAGE][PASSED] - Text 'У виджета нет данных' is not present on page

03-12-2024T03:08:15 - [TEST_STEP][PASSED] - click(findTestObject("Выручка по ДЗО/Фильтр Выручка")): Object: 'Object Repository/Выручка по ДЗО/Фильтр Выручка' is clicked on

03-12-2024T03:08:15 - [MESSAGE][PASSED] - Object: 'Object Repository/Выручка по ДЗО/Фильтр Выручка' is clicked on

03-12-2024T03:08:15 - [TEST_STEP][PASSED] - click(findTestObject("Выручка по ДЗО/Внутренний оборот в фильтре Выручка")): Object: 'Object Repository/Выручка по ДЗО/Внутренний оборот в фильтре Выручка' is clicked on

03-12-2024T03:08:16 - [MESSAGE][PASSED] - Object: 'Object Repository/Выручка по ДЗО/Внутренний оборот в фильтре Выручка' is clicked on

03-12-2024T03:08:16 - [TEST_STEP][PASSED] - click(findTestObject("Выручка по ДЗО/Применить в фильтре Выручка")): Object: 'Object Repository/Выручка по ДЗО/Применить в фильтре Выручка' is clicked on

03-12-2024T03:08:16 - [MESSAGE][PASSED] - Object: 'Object Repository/Выручка по ДЗО/Применить в фильтре Выручка' is clicked on

03-12-2024T03:08:16 - [TEST_STEP][PASSED] - Script1687405711779.Test(todaysDate): null

03-12-2024T03:08:16 - [TEST_STEP][FAILED] - if (verifyTextNotPresent("нет данных", false) == true): Text 'нет данных' is present on page  (Root cause: com.kms.katalon.core.exception.StepFailedException: Text 'нет данных' is present on page 
	at com.kms.katalon.core.webui.keyword.internal.WebUIKeywordMain.stepFailed(WebUIKeywordMain.groovy:64)
	at com.kms.katalon.core.webui.keyword.builtin.VerifyTextNotPresentKeyword$_verifyTextNotPresent_closure1.doCall(VerifyTextNotPresentKeyword.groovy:77)
	at com.kms.katalon.core.webui.keyword.builtin.VerifyTextNotPresentKeyword$_verifyTextNotPresent_closure1.call(VerifyTextNotPresentKeyword.groovy)
	at com.kms.katalon.core.webui.keyword.internal.WebUIKeywordMain.runKeyword(WebUIKeywordMain.groovy:20)
	at com.kms.katalon.core.webui.keyword.builtin.VerifyTextNotPresentKeyword.verifyTextNotPresent(VerifyTextNotPresentKeyword.groovy:82)
	at com.kms.katalon.core.webui.keyword.builtin.VerifyTextNotPresentKeyword.execute(VerifyTextNotPresentKeyword.groovy:68)
	at com.kms.katalon.core.keyword.internal.KeywordExecutor.executeKeywordForPlatform(KeywordExecutor.groovy:74)
	at com.kms.katalon.core.webui.keyword.WebUiBuiltInKeywords.verifyTextNotPresent(WebUiBuiltInKeywords.groovy:1795)
	at Выручка по ДЗО отображение данных все филиалы.Test(Выручка по ДЗО отображение данных все филиалы:782)
	at Выручка по ДЗО отображение данных все филиалы.Tumbler(Выручка по ДЗО отображение данных все филиалы:738)
	at Выручка по ДЗО отображение данных все филиалы.Change(Выручка по ДЗО отображение данных все филиалы:772)
	at Выручка по ДЗО отображение данных все филиалы.DzoTest(Выручка по ДЗО отображение данных все филиалы:564)
	at Выручка по ДЗО отображение данных все филиалы.run(Выручка по ДЗО отображение данных все филиалы:134)
	at com.kms.katalon.core.main.ScriptEngine.run(ScriptEngine.java:194)
	at com.kms.katalon.core.main.ScriptEngine.runScriptAsRawText(ScriptEngine.java:119)
	at com.kms.katalon.core.main.TestCaseExecutor.runScript(TestCaseExecutor.java:448)
	at com.kms.katalon.core.main.TestCaseExecutor.doExecute(TestCaseExecutor.java:439)
	at com.kms.katalon.core.main.TestCaseExecutor.processExecutionPhase(TestCaseExecutor.java:418)
	at com.kms.katalon.core.main.TestCaseExecutor.accessMainPhase(TestCaseExecutor.java:410)
	at com.kms.katalon.core.main.TestCaseExecutor.execute(TestCaseExecutor.java:285)
	at com.kms.katalon.core.common.CommonExecutor.accessTestCaseMainPhase(CommonExecutor.java:65)
	at com.kms.katalon.core.main.TestSuiteExecutor.accessTestSuiteMainPhase(TestSuiteExecutor.java:150)
	at com.kms.katalon.core.main.TestSuiteExecutor.execute(TestSuiteExecutor.java:106)
	at com.kms.katalon.core.main.TestCaseMain.startTestSuite(TestCaseMain.java:180)
	at TempTestSuite1733182698305.run(TempTestSuite1733182698305.groovy:35)
	at java.base/jdk.internal.reflect.NativeMethodAccessorImpl.invoke0(Native Method)
	at java.base/jdk.internal.reflect.NativeMethodAccessorImpl.invoke(NativeMethodAccessorImpl.java:77)
	at java.base/jdk.internal.reflect.DelegatingMethodAccessorImpl.invoke(DelegatingMethodAccessorImpl.java:43)
)

03-12-2024T03:08:18 - [MESSAGE][FAILED] - Text 'нет данных' is present on page  (Root cause: com.kms.katalon.core.exception.StepFailedException: Text 'нет данных' is present on page 
	at com.kms.katalon.core.webui.keyword.internal.WebUIKeywordMain.stepFailed(WebUIKeywordMain.groovy:64)
	at com.kms.katalon.core.webui.keyword.builtin.VerifyTextNotPresentKeyword$_verifyTextNotPresent_closure1.doCall(VerifyTextNotPresentKeyword.groovy:77)
	at com.kms.katalon.core.webui.keyword.builtin.VerifyTextNotPresentKeyword$_verifyTextNotPresent_closure1.call(VerifyTextNotPresentKeyword.groovy)
	at com.kms.katalon.core.webui.keyword.internal.WebUIKeywordMain.runKeyword(WebUIKeywordMain.groovy:20)
	at com.kms.katalon.core.webui.keyword.builtin.VerifyTextNotPresentKeyword.verifyTextNotPresent(VerifyTextNotPresentKeyword.groovy:82)
	at com.kms.katalon.core.webui.keyword.builtin.VerifyTextNotPresentKeyword.execute(VerifyTextNotPresentKeyword.groovy:68)
	at com.kms.katalon.core.keyword.internal.KeywordExecutor.executeKeywordForPlatform(KeywordExecutor.groovy:74)
	at com.kms.katalon.core.webui.keyword.WebUiBuiltInKeywords.verifyTextNotPresent(WebUiBuiltInKeywords.groovy:1795)
	at Выручка по ДЗО отображение данных все филиалы.Test(Выручка по ДЗО отображение данных все филиалы:782)
	at Выручка по ДЗО отображение данных все филиалы.Tumbler(Выручка по ДЗО отображение данных все филиалы:738)
	at Выручка по ДЗО отображение данных все филиалы.Change(Выручка по ДЗО отображение данных все филиалы:772)
	at Выручка по ДЗО отображение данных все филиалы.DzoTest(Выручка по ДЗО отображение данных все филиалы:564)
	at Выручка по ДЗО отображение данных все филиалы.run(Выручка по ДЗО отображение данных все филиалы:134)
	at com.kms.katalon.core.main.ScriptEngine.run(ScriptEngine.java:194)
	at com.kms.katalon.core.main.ScriptEngine.runScriptAsRawText(ScriptEngine.java:119)
	at com.kms.katalon.core.main.TestCaseExecutor.runScript(TestCaseExecutor.java:448)
	at com.kms.katalon.core.main.TestCaseExecutor.doExecute(TestCaseExecutor.java:439)
	at com.kms.katalon.core.main.TestCaseExecutor.processExecutionPhase(TestCaseExecutor.java:418)
	at com.kms.katalon.core.main.TestCaseExecutor.accessMainPhase(TestCaseExecutor.java:410)
	at com.kms.katalon.core.main.TestCaseExecutor.execute(TestCaseExecutor.java:285)
	at com.kms.katalon.core.common.CommonExecutor.accessTestCaseMainPhase(CommonExecutor.java:65)
	at com.kms.katalon.core.main.TestSuiteExecutor.accessTestSuiteMainPhase(TestSuiteExecutor.java:150)
	at com.kms.katalon.core.main.TestSuiteExecutor.execute(TestSuiteExecutor.java:106)
	at com.kms.katalon.core.main.TestCaseMain.startTestSuite(TestCaseMain.java:180)
	at TempTestSuite1733182698305.run(TempTestSuite1733182698305.groovy:35)
	at java.base/jdk.internal.reflect.NativeMethodAccessorImpl.invoke0(Native Method)
	at java.base/jdk.internal.reflect.NativeMethodAccessorImpl.invoke(NativeMethodAccessorImpl.java:77)
	at java.base/jdk.internal.reflect.DelegatingMethodAccessorImpl.invoke(DelegatingMethodAccessorImpl.java:43)
)

03-12-2024T03:08:18 - [TEST_STEP][PASSED] - else: null

03-12-2024T03:08:18 - [TEST_STEP][PASSED] - Script1687405711779.WriteToExcel(todaysDate): null

03-12-2024T03:08:18 - [TEST_STEP][PASSED] - sheetName = "Sheet1": null

03-12-2024T03:08:18 - [TEST_STEP][PASSED] - data = findTestData("PlanFact"): null

03-12-2024T03:08:18 - [TEST_STEP][PASSED] - n = data.getRowNumbers() + 1: null

03-12-2024T03:08:18 - [TEST_STEP][PASSED] - dZO = getText(findTestObject("Выручка по ДЗО/Фильтр ДЗО")): Text of object 'Object Repository/Выручка по ДЗО/Фильтр ДЗО' is: 'ПАО Россети - РаспредКомплекс - Россети Центр - Курскэнерго'

03-12-2024T03:08:18 - [MESSAGE][PASSED] - Text of object 'Object Repository/Выручка по ДЗО/Фильтр ДЗО' is: 'ПАО Россети - РаспредКомплекс - Россети Центр - Курскэнерго'

03-12-2024T03:08:18 - [TEST_STEP][PASSED] - period = getText(findTestObject("Выручка по ДЗО/Фильтр Дата")): Text of object 'Object Repository/Выручка по ДЗО/Фильтр Дата' is: '1, 2, 3 кв., Октябрь 2024 года'

03-12-2024T03:08:19 - [MESSAGE][PASSED] - Text of object 'Object Repository/Выручка по ДЗО/Фильтр Дата' is: '1, 2, 3 кв., Октябрь 2024 года'

03-12-2024T03:08:19 - [TEST_STEP][PASSED] - viruchka = getText(findTestObject("Выручка по ДЗО/Фильтр Выручка")): Text of object 'Object Repository/Выручка по ДЗО/Фильтр Выручка' is: 'внутренний оборот'

03-12-2024T03:08:19 - [MESSAGE][PASSED] - Text of object 'Object Repository/Выручка по ДЗО/Фильтр Выручка' is: 'внутренний оборот'

03-12-2024T03:08:19 - [TEST_STEP][PASSED] - if (viruchka == "Выбрано: 2"): null

03-12-2024T03:08:19 - [TEST_STEP][PASSED] - if (viruchka == "Все"): null

03-12-2024T03:08:19 - [TEST_STEP][PASSED] - println(period): null

03-12-2024T03:08:19 - [TEST_STEP][PASSED] - dashboardName = "Выручка по ДЗО": null

03-12-2024T03:08:19 - [TEST_STEP][PASSED] - workbook01 = getWorkbook(excelFilePath): null

03-12-2024T03:08:19 - [TEST_STEP][PASSED] - sheet01 = getExcelSheet(workbook01, sheetName): null

03-12-2024T03:08:19 - [TEST_STEP][PASSED] - setValueToCellByIndex(sheet01, n, 0, dashboardName): null

03-12-2024T03:08:19 - [TEST_STEP][PASSED] - setValueToCellByIndex(sheet01, n, 1, dZO): null

03-12-2024T03:08:19 - [TEST_STEP][PASSED] - setValueToCellByIndex(sheet01, n, 2, period): null

03-12-2024T03:08:19 - [TEST_STEP][PASSED] - setValueToCellByIndex(sheet01, n, 3, viruchka): null

03-12-2024T03:08:19 - [TEST_STEP][PASSED] - setValueToCellByIndex(sheet01, n, 4, todaysDate): null

03-12-2024T03:08:19 - [TEST_STEP][PASSED] - n = n + 1: null

03-12-2024T03:08:19 - [TEST_STEP][PASSED] - saveWorkbook(excelFilePath, workbook01): null

03-12-2024T03:08:19 - [TEST_STEP][PASSED] - click(findTestObject("Выручка по ДЗО/Фильтр Выручка")): Object: 'Object Repository/Выручка по ДЗО/Фильтр Выручка' is clicked on

03-12-2024T03:08:20 - [MESSAGE][PASSED] - Object: 'Object Repository/Выручка по ДЗО/Фильтр Выручка' is clicked on

03-12-2024T03:08:20 - [TEST_STEP][PASSED] - click(findTestObject("Выручка по ДЗО/По передаче в фильтре Выручка")): Object: 'Object Repository/Выручка по ДЗО/По передаче в фильтре Выручка' is clicked on

03-12-2024T03:08:20 - [MESSAGE][PASSED] - Object: 'Object Repository/Выручка по ДЗО/По передаче в фильтре Выручка' is clicked on

03-12-2024T03:08:20 - [TEST_STEP][PASSED] - click(findTestObject("Выручка по ДЗО/Применить в фильтре Выручка")): Object: 'Object Repository/Выручка по ДЗО/Применить в фильтре Выручка' is clicked on

03-12-2024T03:08:21 - [MESSAGE][PASSED] - Object: 'Object Repository/Выручка по ДЗО/Применить в фильтре Выручка' is clicked on

03-12-2024T03:08:21 - [TEST_STEP][PASSED] - Script1687405711779.Test(todaysDate): null

03-12-2024T03:08:21 - [TEST_STEP][PASSED] - if (verifyTextNotPresent("нет данных", false) == true): null

03-12-2024T03:08:23 - [MESSAGE][PASSED] - Text 'нет данных' is not present on page

03-12-2024T03:08:23 - [TEST_STEP][PASSED] - if (verifyTextNotPresent("Ошибка запроса данных", false) == true): null

03-12-2024T03:08:24 - [MESSAGE][PASSED] - Text 'Ошибка запроса данных' is not present on page

03-12-2024T03:08:24 - [TEST_STEP][PASSED] - if (verifyTextNotPresent("Произошла ошибка при выполнении пользовательского кода", false) == true): null

03-12-2024T03:08:24 - [MESSAGE][PASSED] - Text 'Произошла ошибка при выполнении пользовательского кода' is not present on page

03-12-2024T03:08:24 - [TEST_STEP][PASSED] - if (verifyTextNotPresent("У виджета нет данных", false) == true): null

03-12-2024T03:08:25 - [MESSAGE][PASSED] - Text 'У виджета нет данных' is not present on page

03-12-2024T03:08:25 - [TEST_STEP][PASSED] - if (verifyTextNotPresent("У виджета нет данных", false) == true): Text 'У виджета нет данных' is not present on page

03-12-2024T03:08:25 - [MESSAGE][PASSED] - Text 'У виджета нет данных' is not present on page

03-12-2024T03:08:25 - [TEST_STEP][PASSED] - click(findTestObject("Выручка по ДЗО/Фильтр Выручка")): Object: 'Object Repository/Выручка по ДЗО/Фильтр Выручка' is clicked on

03-12-2024T03:08:26 - [MESSAGE][PASSED] - Object: 'Object Repository/Выручка по ДЗО/Фильтр Выручка' is clicked on

03-12-2024T03:08:26 - [TEST_STEP][PASSED] - click(findTestObject("Выручка по ДЗО/Снять выделение в фильтре Выручка")): Object: 'Object Repository/Выручка по ДЗО/Снять выделение в фильтре Выручка' is clicked on

03-12-2024T03:08:26 - [MESSAGE][PASSED] - Object: 'Object Repository/Выручка по ДЗО/Снять выделение в фильтре Выручка' is clicked on

03-12-2024T03:08:26 - [TEST_STEP][PASSED] - click(findTestObject("Выручка по ДЗО/По передаче в фильтре Выручка")): Object: 'Object Repository/Выручка по ДЗО/По передаче в фильтре Выручка' is clicked on

03-12-2024T03:08:27 - [MESSAGE][PASSED] - Object: 'Object Repository/Выручка по ДЗО/По передаче в фильтре Выручка' is clicked on

03-12-2024T03:08:27 - [TEST_STEP][PASSED] - click(findTestObject("Выручка по ДЗО/Применить в фильтре Выручка")): Object: 'Object Repository/Выручка по ДЗО/Применить в фильтре Выручка' is clicked on

03-12-2024T03:08:27 - [MESSAGE][PASSED] - Object: 'Object Repository/Выручка по ДЗО/Применить в фильтре Выручка' is clicked on

03-12-2024T03:08:27 - [TEST_STEP][PASSED] - Script1687405711779.Test(todaysDate): null

03-12-2024T03:08:27 - [TEST_STEP][PASSED] - if (verifyTextNotPresent("нет данных", false) == true): null

03-12-2024T03:08:29 - [MESSAGE][PASSED] - Text 'нет данных' is not present on page

03-12-2024T03:08:29 - [TEST_STEP][PASSED] - if (verifyTextNotPresent("Ошибка запроса данных", false) == true): null

03-12-2024T03:08:30 - [MESSAGE][PASSED] - Text 'Ошибка запроса данных' is not present on page

03-12-2024T03:08:30 - [TEST_STEP][PASSED] - if (verifyTextNotPresent("Произошла ошибка при выполнении пользовательского кода", false) == true): null

03-12-2024T03:08:30 - [MESSAGE][PASSED] - Text 'Произошла ошибка при выполнении пользовательского кода' is not present on page

03-12-2024T03:08:30 - [TEST_STEP][PASSED] - if (verifyTextNotPresent("У виджета нет данных", false) == true): null

03-12-2024T03:08:31 - [MESSAGE][PASSED] - Text 'У виджета нет данных' is not present on page

03-12-2024T03:08:31 - [TEST_STEP][PASSED] - if (verifyTextNotPresent("У виджета нет данных", false) == true): Text 'У виджета нет данных' is not present on page

03-12-2024T03:08:31 - [MESSAGE][PASSED] - Text 'У виджета нет данных' is not present on page

03-12-2024T03:08:31 - [TEST_STEP][PASSED] - click(findTestObject("Выручка по ДЗО/Фильтр Выручка")): Object: 'Object Repository/Выручка по ДЗО/Фильтр Выручка' is clicked on

03-12-2024T03:08:32 - [MESSAGE][PASSED] - Object: 'Object Repository/Выручка по ДЗО/Фильтр Выручка' is clicked on

03-12-2024T03:08:32 - [TEST_STEP][PASSED] - click(findTestObject("Выручка по ДЗО/Снять выделение в фильтре Выручка")): Object: 'Object Repository/Выручка по ДЗО/Снять выделение в фильтре Выручка' is clicked on

03-12-2024T03:08:32 - [MESSAGE][PASSED] - Object: 'Object Repository/Выручка по ДЗО/Снять выделение в фильтре Выручка' is clicked on

03-12-2024T03:08:32 - [TEST_STEP][PASSED] - click(findTestObject("Выручка по ДЗО/Применить в фильтре Выручка")): Object: 'Object Repository/Выручка по ДЗО/Применить в фильтре Выручка' is clicked on

03-12-2024T03:08:33 - [MESSAGE][PASSED] - Object: 'Object Repository/Выручка по ДЗО/Применить в фильтре Выручка' is clicked on

03-12-2024T03:08:33 - [TEST_STEP][PASSED] - click(findTestObject("Выручка по ДЗО/Фильтр ДЗО")): Object: 'Object Repository/Выручка по ДЗО/Фильтр ДЗО' is clicked on

03-12-2024T03:08:34 - [MESSAGE][PASSED] - Object: 'Object Repository/Выручка по ДЗО/Фильтр ДЗО' is clicked on

03-12-2024T03:08:34 - [TEST_STEP][PASSED] - click(findTestObject("Выручка по ДЗО/Снять выделение в фильтре ДЗО")): Object: 'Object Repository/Выручка по ДЗО/Снять выделение в фильтре ДЗО' is clicked on

03-12-2024T03:08:35 - [MESSAGE][PASSED] - Object: 'Object Repository/Выручка по ДЗО/Снять выделение в фильтре ДЗО' is clicked on

03-12-2024T03:08:35 - [TEST_STEP][PASSED] - scrollToElement(findTestObject("Общие объекты/Липецкэнерго"), 30): Scroll to object 'Object Repository/Общие объекты/Липецкэнерго' successfully

03-12-2024T03:08:35 - [MESSAGE][PASSED] - Scroll to object 'Object Repository/Общие объекты/Липецкэнерго' successfully

03-12-2024T03:08:35 - [TEST_STEP][PASSED] - click(findTestObject("Общие объекты/Липецкэнерго"), CONTINUE_ON_FAILURE): Object: 'Object Repository/Общие объекты/Липецкэнерго' is clicked on

03-12-2024T03:08:35 - [MESSAGE][PASSED] - Object: 'Object Repository/Общие объекты/Липецкэнерго' is clicked on

03-12-2024T03:08:35 - [TEST_STEP][PASSED] - Script1687405711779.Change(todaysDate): null

03-12-2024T03:08:35 - [TEST_STEP][PASSED] - scrollToElement(findTestObject("Выручка по ДЗО/Заголовок дашборда"), 30): Scroll to object 'Object Repository/Выручка по ДЗО/Заголовок дашборда' successfully

03-12-2024T03:08:36 - [MESSAGE][PASSED] - Scroll to object 'Object Repository/Выручка по ДЗО/Заголовок дашборда' successfully

03-12-2024T03:08:36 - [TEST_STEP][PASSED] - click(findTestObject("Выручка по ДЗО/Применить в фильтре ДЗО")): Object: 'Object Repository/Выручка по ДЗО/Применить в фильтре ДЗО' is clicked on

03-12-2024T03:08:36 - [MESSAGE][PASSED] - Object: 'Object Repository/Выручка по ДЗО/Применить в фильтре ДЗО' is clicked on

03-12-2024T03:08:36 - [TEST_STEP][PASSED] - Script1687405711779.Tumbler(todaysDate): null

03-12-2024T03:08:36 - [TEST_STEP][PASSED] - Script1687405711779.Test(todaysDate): null

03-12-2024T03:08:36 - [TEST_STEP][PASSED] - if (verifyTextNotPresent("нет данных", false) == true): null

03-12-2024T03:08:38 - [MESSAGE][PASSED] - Text 'нет данных' is not present on page

03-12-2024T03:08:38 - [TEST_STEP][PASSED] - if (verifyTextNotPresent("Ошибка запроса данных", false) == true): null

03-12-2024T03:08:41 - [MESSAGE][PASSED] - Text 'Ошибка запроса данных' is not present on page

03-12-2024T03:08:41 - [TEST_STEP][PASSED] - if (verifyTextNotPresent("Произошла ошибка при выполнении пользовательского кода", false) == true): null

03-12-2024T03:08:41 - [MESSAGE][PASSED] - Text 'Произошла ошибка при выполнении пользовательского кода' is not present on page

03-12-2024T03:08:41 - [TEST_STEP][PASSED] - if (verifyTextNotPresent("У виджета нет данных", false) == true): null

03-12-2024T03:08:42 - [MESSAGE][PASSED] - Text 'У виджета нет данных' is not present on page

03-12-2024T03:08:42 - [TEST_STEP][PASSED] - if (verifyTextNotPresent("У виджета нет данных", false) == true): Text 'У виджета нет данных' is not present on page

03-12-2024T03:08:42 - [MESSAGE][PASSED] - Text 'У виджета нет данных' is not present on page

03-12-2024T03:08:42 - [TEST_STEP][PASSED] - click(findTestObject("Выручка по ДЗО/Фильтр Выручка")): Object: 'Object Repository/Выручка по ДЗО/Фильтр Выручка' is clicked on

03-12-2024T03:08:43 - [MESSAGE][PASSED] - Object: 'Object Repository/Выручка по ДЗО/Фильтр Выручка' is clicked on

03-12-2024T03:08:43 - [TEST_STEP][PASSED] - click(findTestObject("Выручка по ДЗО/Внутренний оборот в фильтре Выручка")): Object: 'Object Repository/Выручка по ДЗО/Внутренний оборот в фильтре Выручка' is clicked on

03-12-2024T03:08:43 - [MESSAGE][PASSED] - Object: 'Object Repository/Выручка по ДЗО/Внутренний оборот в фильтре Выручка' is clicked on

03-12-2024T03:08:43 - [TEST_STEP][PASSED] - click(findTestObject("Выручка по ДЗО/Применить в фильтре Выручка")): Object: 'Object Repository/Выручка по ДЗО/Применить в фильтре Выручка' is clicked on

03-12-2024T03:08:44 - [MESSAGE][PASSED] - Object: 'Object Repository/Выручка по ДЗО/Применить в фильтре Выручка' is clicked on

03-12-2024T03:08:44 - [TEST_STEP][PASSED] - Script1687405711779.Test(todaysDate): null

03-12-2024T03:08:44 - [TEST_STEP][FAILED] - if (verifyTextNotPresent("нет данных", false) == true): Text 'нет данных' is present on page  (Root cause: com.kms.katalon.core.exception.StepFailedException: Text 'нет данных' is present on page 
	at com.kms.katalon.core.webui.keyword.internal.WebUIKeywordMain.stepFailed(WebUIKeywordMain.groovy:64)
	at com.kms.katalon.core.webui.keyword.builtin.VerifyTextNotPresentKeyword$_verifyTextNotPresent_closure1.doCall(VerifyTextNotPresentKeyword.groovy:77)
	at com.kms.katalon.core.webui.keyword.builtin.VerifyTextNotPresentKeyword$_verifyTextNotPresent_closure1.call(VerifyTextNotPresentKeyword.groovy)
	at com.kms.katalon.core.webui.keyword.internal.WebUIKeywordMain.runKeyword(WebUIKeywordMain.groovy:20)
	at com.kms.katalon.core.webui.keyword.builtin.VerifyTextNotPresentKeyword.verifyTextNotPresent(VerifyTextNotPresentKeyword.groovy:82)
	at com.kms.katalon.core.webui.keyword.builtin.VerifyTextNotPresentKeyword.execute(VerifyTextNotPresentKeyword.groovy:68)
	at com.kms.katalon.core.keyword.internal.KeywordExecutor.executeKeywordForPlatform(KeywordExecutor.groovy:74)
	at com.kms.katalon.core.webui.keyword.WebUiBuiltInKeywords.verifyTextNotPresent(WebUiBuiltInKeywords.groovy:1795)
	at Выручка по ДЗО отображение данных все филиалы.Test(Выручка по ДЗО отображение данных все филиалы:782)
	at Выручка по ДЗО отображение данных все филиалы.Tumbler(Выручка по ДЗО отображение данных все филиалы:738)
	at Выручка по ДЗО отображение данных все филиалы.Change(Выручка по ДЗО отображение данных все филиалы:772)
	at Выручка по ДЗО отображение данных все филиалы.DzoTest(Выручка по ДЗО отображение данных все филиалы:570)
	at Выручка по ДЗО отображение данных все филиалы.run(Выручка по ДЗО отображение данных все филиалы:134)
	at com.kms.katalon.core.main.ScriptEngine.run(ScriptEngine.java:194)
	at com.kms.katalon.core.main.ScriptEngine.runScriptAsRawText(ScriptEngine.java:119)
	at com.kms.katalon.core.main.TestCaseExecutor.runScript(TestCaseExecutor.java:448)
	at com.kms.katalon.core.main.TestCaseExecutor.doExecute(TestCaseExecutor.java:439)
	at com.kms.katalon.core.main.TestCaseExecutor.processExecutionPhase(TestCaseExecutor.java:418)
	at com.kms.katalon.core.main.TestCaseExecutor.accessMainPhase(TestCaseExecutor.java:410)
	at com.kms.katalon.core.main.TestCaseExecutor.execute(TestCaseExecutor.java:285)
	at com.kms.katalon.core.common.CommonExecutor.accessTestCaseMainPhase(CommonExecutor.java:65)
	at com.kms.katalon.core.main.TestSuiteExecutor.accessTestSuiteMainPhase(TestSuiteExecutor.java:150)
	at com.kms.katalon.core.main.TestSuiteExecutor.execute(TestSuiteExecutor.java:106)
	at com.kms.katalon.core.main.TestCaseMain.startTestSuite(TestCaseMain.java:180)
	at TempTestSuite1733182698305.run(TempTestSuite1733182698305.groovy:35)
	at java.base/jdk.internal.reflect.NativeMethodAccessorImpl.invoke0(Native Method)
	at java.base/jdk.internal.reflect.NativeMethodAccessorImpl.invoke(NativeMethodAccessorImpl.java:77)
	at java.base/jdk.internal.reflect.DelegatingMethodAccessorImpl.invoke(DelegatingMethodAccessorImpl.java:43)
)

03-12-2024T03:08:46 - [MESSAGE][FAILED] - Text 'нет данных' is present on page  (Root cause: com.kms.katalon.core.exception.StepFailedException: Text 'нет данных' is present on page 
	at com.kms.katalon.core.webui.keyword.internal.WebUIKeywordMain.stepFailed(WebUIKeywordMain.groovy:64)
	at com.kms.katalon.core.webui.keyword.builtin.VerifyTextNotPresentKeyword$_verifyTextNotPresent_closure1.doCall(VerifyTextNotPresentKeyword.groovy:77)
	at com.kms.katalon.core.webui.keyword.builtin.VerifyTextNotPresentKeyword$_verifyTextNotPresent_closure1.call(VerifyTextNotPresentKeyword.groovy)
	at com.kms.katalon.core.webui.keyword.internal.WebUIKeywordMain.runKeyword(WebUIKeywordMain.groovy:20)
	at com.kms.katalon.core.webui.keyword.builtin.VerifyTextNotPresentKeyword.verifyTextNotPresent(VerifyTextNotPresentKeyword.groovy:82)
	at com.kms.katalon.core.webui.keyword.builtin.VerifyTextNotPresentKeyword.execute(VerifyTextNotPresentKeyword.groovy:68)
	at com.kms.katalon.core.keyword.internal.KeywordExecutor.executeKeywordForPlatform(KeywordExecutor.groovy:74)
	at com.kms.katalon.core.webui.keyword.WebUiBuiltInKeywords.verifyTextNotPresent(WebUiBuiltInKeywords.groovy:1795)
	at Выручка по ДЗО отображение данных все филиалы.Test(Выручка по ДЗО отображение данных все филиалы:782)
	at Выручка по ДЗО отображение данных все филиалы.Tumbler(Выручка по ДЗО отображение данных все филиалы:738)
	at Выручка по ДЗО отображение данных все филиалы.Change(Выручка по ДЗО отображение данных все филиалы:772)
	at Выручка по ДЗО отображение данных все филиалы.DzoTest(Выручка по ДЗО отображение данных все филиалы:570)
	at Выручка по ДЗО отображение данных все филиалы.run(Выручка по ДЗО отображение данных все филиалы:134)
	at com.kms.katalon.core.main.ScriptEngine.run(ScriptEngine.java:194)
	at com.kms.katalon.core.main.ScriptEngine.runScriptAsRawText(ScriptEngine.java:119)
	at com.kms.katalon.core.main.TestCaseExecutor.runScript(TestCaseExecutor.java:448)
	at com.kms.katalon.core.main.TestCaseExecutor.doExecute(TestCaseExecutor.java:439)
	at com.kms.katalon.core.main.TestCaseExecutor.processExecutionPhase(TestCaseExecutor.java:418)
	at com.kms.katalon.core.main.TestCaseExecutor.accessMainPhase(TestCaseExecutor.java:410)
	at com.kms.katalon.core.main.TestCaseExecutor.execute(TestCaseExecutor.java:285)
	at com.kms.katalon.core.common.CommonExecutor.accessTestCaseMainPhase(CommonExecutor.java:65)
	at com.kms.katalon.core.main.TestSuiteExecutor.accessTestSuiteMainPhase(TestSuiteExecutor.java:150)
	at com.kms.katalon.core.main.TestSuiteExecutor.execute(TestSuiteExecutor.java:106)
	at com.kms.katalon.core.main.TestCaseMain.startTestSuite(TestCaseMain.java:180)
	at TempTestSuite1733182698305.run(TempTestSuite1733182698305.groovy:35)
	at java.base/jdk.internal.reflect.NativeMethodAccessorImpl.invoke0(Native Method)
	at java.base/jdk.internal.reflect.NativeMethodAccessorImpl.invoke(NativeMethodAccessorImpl.java:77)
	at java.base/jdk.internal.reflect.DelegatingMethodAccessorImpl.invoke(DelegatingMethodAccessorImpl.java:43)
)

03-12-2024T03:08:46 - [TEST_STEP][PASSED] - else: null

03-12-2024T03:08:46 - [TEST_STEP][PASSED] - Script1687405711779.WriteToExcel(todaysDate): null

03-12-2024T03:08:46 - [TEST_STEP][PASSED] - sheetName = "Sheet1": null

03-12-2024T03:08:46 - [TEST_STEP][PASSED] - data = findTestData("PlanFact"): null

03-12-2024T03:08:46 - [TEST_STEP][PASSED] - n = data.getRowNumbers() + 1: null

03-12-2024T03:08:46 - [TEST_STEP][PASSED] - dZO = getText(findTestObject("Выручка по ДЗО/Фильтр ДЗО")): Text of object 'Object Repository/Выручка по ДЗО/Фильтр ДЗО' is: 'ПАО Россети - РаспредКомплекс - Россети Центр - Липецкэнерго'

03-12-2024T03:08:46 - [MESSAGE][PASSED] - Text of object 'Object Repository/Выручка по ДЗО/Фильтр ДЗО' is: 'ПАО Россети - РаспредКомплекс - Россети Центр - Липецкэнерго'

03-12-2024T03:08:46 - [TEST_STEP][PASSED] - period = getText(findTestObject("Выручка по ДЗО/Фильтр Дата")): Text of object 'Object Repository/Выручка по ДЗО/Фильтр Дата' is: '1, 2, 3 кв., Октябрь 2024 года'

03-12-2024T03:08:46 - [MESSAGE][PASSED] - Text of object 'Object Repository/Выручка по ДЗО/Фильтр Дата' is: '1, 2, 3 кв., Октябрь 2024 года'

03-12-2024T03:08:46 - [TEST_STEP][PASSED] - viruchka = getText(findTestObject("Выручка по ДЗО/Фильтр Выручка")): Text of object 'Object Repository/Выручка по ДЗО/Фильтр Выручка' is: 'внутренний оборот'

03-12-2024T03:08:47 - [MESSAGE][PASSED] - Text of object 'Object Repository/Выручка по ДЗО/Фильтр Выручка' is: 'внутренний оборот'

03-12-2024T03:08:47 - [TEST_STEP][PASSED] - if (viruchka == "Выбрано: 2"): null

03-12-2024T03:08:47 - [TEST_STEP][PASSED] - if (viruchka == "Все"): null

03-12-2024T03:08:47 - [TEST_STEP][PASSED] - println(period): null

03-12-2024T03:08:47 - [TEST_STEP][PASSED] - dashboardName = "Выручка по ДЗО": null

03-12-2024T03:08:47 - [TEST_STEP][PASSED] - workbook01 = getWorkbook(excelFilePath): null

03-12-2024T03:08:47 - [TEST_STEP][PASSED] - sheet01 = getExcelSheet(workbook01, sheetName): null

03-12-2024T03:08:47 - [TEST_STEP][PASSED] - setValueToCellByIndex(sheet01, n, 0, dashboardName): null

03-12-2024T03:08:47 - [TEST_STEP][PASSED] - setValueToCellByIndex(sheet01, n, 1, dZO): null

03-12-2024T03:08:47 - [TEST_STEP][PASSED] - setValueToCellByIndex(sheet01, n, 2, period): null

03-12-2024T03:08:47 - [TEST_STEP][PASSED] - setValueToCellByIndex(sheet01, n, 3, viruchka): null

03-12-2024T03:08:47 - [TEST_STEP][PASSED] - setValueToCellByIndex(sheet01, n, 4, todaysDate): null

03-12-2024T03:08:47 - [TEST_STEP][PASSED] - n = n + 1: null

03-12-2024T03:08:47 - [TEST_STEP][PASSED] - saveWorkbook(excelFilePath, workbook01): null

03-12-2024T03:08:47 - [TEST_STEP][PASSED] - click(findTestObject("Выручка по ДЗО/Фильтр Выручка")): Object: 'Object Repository/Выручка по ДЗО/Фильтр Выручка' is clicked on

03-12-2024T03:08:47 - [MESSAGE][PASSED] - Object: 'Object Repository/Выручка по ДЗО/Фильтр Выручка' is clicked on

03-12-2024T03:08:47 - [TEST_STEP][PASSED] - click(findTestObject("Выручка по ДЗО/По передаче в фильтре Выручка")): Object: 'Object Repository/Выручка по ДЗО/По передаче в фильтре Выручка' is clicked on

03-12-2024T03:08:48 - [MESSAGE][PASSED] - Object: 'Object Repository/Выручка по ДЗО/По передаче в фильтре Выручка' is clicked on

03-12-2024T03:08:48 - [TEST_STEP][PASSED] - click(findTestObject("Выручка по ДЗО/Применить в фильтре Выручка")): Object: 'Object Repository/Выручка по ДЗО/Применить в фильтре Выручка' is clicked on

03-12-2024T03:08:48 - [MESSAGE][PASSED] - Object: 'Object Repository/Выручка по ДЗО/Применить в фильтре Выручка' is clicked on

03-12-2024T03:08:48 - [TEST_STEP][PASSED] - Script1687405711779.Test(todaysDate): null

03-12-2024T03:08:48 - [TEST_STEP][PASSED] - if (verifyTextNotPresent("нет данных", false) == true): null

03-12-2024T03:08:51 - [MESSAGE][PASSED] - Text 'нет данных' is not present on page

03-12-2024T03:08:51 - [TEST_STEP][PASSED] - if (verifyTextNotPresent("Ошибка запроса данных", false) == true): null

03-12-2024T03:08:52 - [MESSAGE][PASSED] - Text 'Ошибка запроса данных' is not present on page

03-12-2024T03:08:52 - [TEST_STEP][PASSED] - if (verifyTextNotPresent("Произошла ошибка при выполнении пользовательского кода", false) == true): null

03-12-2024T03:08:52 - [MESSAGE][PASSED] - Text 'Произошла ошибка при выполнении пользовательского кода' is not present on page

03-12-2024T03:08:52 - [TEST_STEP][PASSED] - if (verifyTextNotPresent("У виджета нет данных", false) == true): null

03-12-2024T03:08:53 - [MESSAGE][PASSED] - Text 'У виджета нет данных' is not present on page

03-12-2024T03:08:53 - [TEST_STEP][PASSED] - if (verifyTextNotPresent("У виджета нет данных", false) == true): Text 'У виджета нет данных' is not present on page

03-12-2024T03:08:53 - [MESSAGE][PASSED] - Text 'У виджета нет данных' is not present on page

03-12-2024T03:08:53 - [TEST_STEP][PASSED] - click(findTestObject("Выручка по ДЗО/Фильтр Выручка")): Object: 'Object Repository/Выручка по ДЗО/Фильтр Выручка' is clicked on

03-12-2024T03:08:54 - [MESSAGE][PASSED] - Object: 'Object Repository/Выручка по ДЗО/Фильтр Выручка' is clicked on

03-12-2024T03:08:54 - [TEST_STEP][PASSED] - click(findTestObject("Выручка по ДЗО/Снять выделение в фильтре Выручка")): Object: 'Object Repository/Выручка по ДЗО/Снять выделение в фильтре Выручка' is clicked on

03-12-2024T03:08:54 - [MESSAGE][PASSED] - Object: 'Object Repository/Выручка по ДЗО/Снять выделение в фильтре Выручка' is clicked on

03-12-2024T03:08:54 - [TEST_STEP][PASSED] - click(findTestObject("Выручка по ДЗО/По передаче в фильтре Выручка")): Object: 'Object Repository/Выручка по ДЗО/По передаче в фильтре Выручка' is clicked on

03-12-2024T03:08:55 - [MESSAGE][PASSED] - Object: 'Object Repository/Выручка по ДЗО/По передаче в фильтре Выручка' is clicked on

03-12-2024T03:08:55 - [TEST_STEP][PASSED] - click(findTestObject("Выручка по ДЗО/Применить в фильтре Выручка")): Object: 'Object Repository/Выручка по ДЗО/Применить в фильтре Выручка' is clicked on

03-12-2024T03:08:55 - [MESSAGE][PASSED] - Object: 'Object Repository/Выручка по ДЗО/Применить в фильтре Выручка' is clicked on

03-12-2024T03:08:55 - [TEST_STEP][PASSED] - Script1687405711779.Test(todaysDate): null

03-12-2024T03:08:55 - [TEST_STEP][PASSED] - if (verifyTextNotPresent("нет данных", false) == true): null

03-12-2024T03:08:57 - [MESSAGE][PASSED] - Text 'нет данных' is not present on page

03-12-2024T03:08:57 - [TEST_STEP][PASSED] - if (verifyTextNotPresent("Ошибка запроса данных", false) == true): null

03-12-2024T03:08:58 - [MESSAGE][PASSED] - Text 'Ошибка запроса данных' is not present on page

03-12-2024T03:08:58 - [TEST_STEP][PASSED] - if (verifyTextNotPresent("Произошла ошибка при выполнении пользовательского кода", false) == true): null

03-12-2024T03:08:58 - [MESSAGE][PASSED] - Text 'Произошла ошибка при выполнении пользовательского кода' is not present on page

03-12-2024T03:08:58 - [TEST_STEP][PASSED] - if (verifyTextNotPresent("У виджета нет данных", false) == true): null

03-12-2024T03:08:59 - [MESSAGE][PASSED] - Text 'У виджета нет данных' is not present on page

03-12-2024T03:08:59 - [TEST_STEP][PASSED] - if (verifyTextNotPresent("У виджета нет данных", false) == true): Text 'У виджета нет данных' is not present on page

03-12-2024T03:08:59 - [MESSAGE][PASSED] - Text 'У виджета нет данных' is not present on page

03-12-2024T03:08:59 - [TEST_STEP][PASSED] - click(findTestObject("Выручка по ДЗО/Фильтр Выручка")): Object: 'Object Repository/Выручка по ДЗО/Фильтр Выручка' is clicked on

03-12-2024T03:09:00 - [MESSAGE][PASSED] - Object: 'Object Repository/Выручка по ДЗО/Фильтр Выручка' is clicked on

03-12-2024T03:09:00 - [TEST_STEP][PASSED] - click(findTestObject("Выручка по ДЗО/Снять выделение в фильтре Выручка")): Object: 'Object Repository/Выручка по ДЗО/Снять выделение в фильтре Выручка' is clicked on

03-12-2024T03:09:00 - [MESSAGE][PASSED] - Object: 'Object Repository/Выручка по ДЗО/Снять выделение в фильтре Выручка' is clicked on

03-12-2024T03:09:00 - [TEST_STEP][PASSED] - click(findTestObject("Выручка по ДЗО/Применить в фильтре Выручка")): Object: 'Object Repository/Выручка по ДЗО/Применить в фильтре Выручка' is clicked on

03-12-2024T03:09:01 - [MESSAGE][PASSED] - Object: 'Object Repository/Выручка по ДЗО/Применить в фильтре Выручка' is clicked on

03-12-2024T03:09:01 - [TEST_STEP][PASSED] - click(findTestObject("Выручка по ДЗО/Фильтр ДЗО")): Object: 'Object Repository/Выручка по ДЗО/Фильтр ДЗО' is clicked on

03-12-2024T03:09:02 - [MESSAGE][PASSED] - Object: 'Object Repository/Выручка по ДЗО/Фильтр ДЗО' is clicked on

03-12-2024T03:09:02 - [TEST_STEP][PASSED] - click(findTestObject("Выручка по ДЗО/Снять выделение в фильтре ДЗО")): Object: 'Object Repository/Выручка по ДЗО/Снять выделение в фильтре ДЗО' is clicked on

03-12-2024T03:09:03 - [MESSAGE][PASSED] - Object: 'Object Repository/Выручка по ДЗО/Снять выделение в фильтре ДЗО' is clicked on

03-12-2024T03:09:03 - [TEST_STEP][PASSED] - scrollToElement(findTestObject("Общие объекты/Орелэнерго"), 30): Scroll to object 'Object Repository/Общие объекты/Орелэнерго' successfully

03-12-2024T03:09:03 - [MESSAGE][PASSED] - Scroll to object 'Object Repository/Общие объекты/Орелэнерго' successfully

03-12-2024T03:09:03 - [TEST_STEP][PASSED] - click(findTestObject("Общие объекты/Орелэнерго"), CONTINUE_ON_FAILURE): Object: 'Object Repository/Общие объекты/Орелэнерго' is clicked on

03-12-2024T03:09:03 - [MESSAGE][PASSED] - Object: 'Object Repository/Общие объекты/Орелэнерго' is clicked on

03-12-2024T03:09:03 - [TEST_STEP][PASSED] - Script1687405711779.Change(todaysDate): null

03-12-2024T03:09:03 - [TEST_STEP][PASSED] - scrollToElement(findTestObject("Выручка по ДЗО/Заголовок дашборда"), 30): Scroll to object 'Object Repository/Выручка по ДЗО/Заголовок дашборда' successfully

03-12-2024T03:09:04 - [MESSAGE][PASSED] - Scroll to object 'Object Repository/Выручка по ДЗО/Заголовок дашборда' successfully

03-12-2024T03:09:04 - [TEST_STEP][PASSED] - click(findTestObject("Выручка по ДЗО/Применить в фильтре ДЗО")): Object: 'Object Repository/Выручка по ДЗО/Применить в фильтре ДЗО' is clicked on

03-12-2024T03:09:04 - [MESSAGE][PASSED] - Object: 'Object Repository/Выручка по ДЗО/Применить в фильтре ДЗО' is clicked on

03-12-2024T03:09:04 - [TEST_STEP][PASSED] - Script1687405711779.Tumbler(todaysDate): null

03-12-2024T03:09:04 - [TEST_STEP][PASSED] - Script1687405711779.Test(todaysDate): null

03-12-2024T03:09:04 - [TEST_STEP][PASSED] - if (verifyTextNotPresent("нет данных", false) == true): null

03-12-2024T03:09:06 - [MESSAGE][PASSED] - Text 'нет данных' is not present on page

03-12-2024T03:09:06 - [TEST_STEP][PASSED] - if (verifyTextNotPresent("Ошибка запроса данных", false) == true): null

03-12-2024T03:09:08 - [MESSAGE][PASSED] - Text 'Ошибка запроса данных' is not present on page

03-12-2024T03:09:08 - [TEST_STEP][PASSED] - if (verifyTextNotPresent("Произошла ошибка при выполнении пользовательского кода", false) == true): null

03-12-2024T03:09:08 - [MESSAGE][PASSED] - Text 'Произошла ошибка при выполнении пользовательского кода' is not present on page

03-12-2024T03:09:08 - [TEST_STEP][PASSED] - if (verifyTextNotPresent("У виджета нет данных", false) == true): null

03-12-2024T03:09:09 - [MESSAGE][PASSED] - Text 'У виджета нет данных' is not present on page

03-12-2024T03:09:09 - [TEST_STEP][PASSED] - if (verifyTextNotPresent("У виджета нет данных", false) == true): Text 'У виджета нет данных' is not present on page

03-12-2024T03:09:09 - [MESSAGE][PASSED] - Text 'У виджета нет данных' is not present on page

03-12-2024T03:09:09 - [TEST_STEP][PASSED] - click(findTestObject("Выручка по ДЗО/Фильтр Выручка")): Object: 'Object Repository/Выручка по ДЗО/Фильтр Выручка' is clicked on

03-12-2024T03:09:10 - [MESSAGE][PASSED] - Object: 'Object Repository/Выручка по ДЗО/Фильтр Выручка' is clicked on

03-12-2024T03:09:10 - [TEST_STEP][PASSED] - click(findTestObject("Выручка по ДЗО/Внутренний оборот в фильтре Выручка")): Object: 'Object Repository/Выручка по ДЗО/Внутренний оборот в фильтре Выручка' is clicked on

03-12-2024T03:09:10 - [MESSAGE][PASSED] - Object: 'Object Repository/Выручка по ДЗО/Внутренний оборот в фильтре Выручка' is clicked on

03-12-2024T03:09:10 - [TEST_STEP][PASSED] - click(findTestObject("Выручка по ДЗО/Применить в фильтре Выручка")): Object: 'Object Repository/Выручка по ДЗО/Применить в фильтре Выручка' is clicked on

03-12-2024T03:09:11 - [MESSAGE][PASSED] - Object: 'Object Repository/Выручка по ДЗО/Применить в фильтре Выручка' is clicked on

03-12-2024T03:09:11 - [TEST_STEP][PASSED] - Script1687405711779.Test(todaysDate): null

03-12-2024T03:09:11 - [TEST_STEP][FAILED] - if (verifyTextNotPresent("нет данных", false) == true): Text 'нет данных' is present on page  (Root cause: com.kms.katalon.core.exception.StepFailedException: Text 'нет данных' is present on page 
	at com.kms.katalon.core.webui.keyword.internal.WebUIKeywordMain.stepFailed(WebUIKeywordMain.groovy:64)
	at com.kms.katalon.core.webui.keyword.builtin.VerifyTextNotPresentKeyword$_verifyTextNotPresent_closure1.doCall(VerifyTextNotPresentKeyword.groovy:77)
	at com.kms.katalon.core.webui.keyword.builtin.VerifyTextNotPresentKeyword$_verifyTextNotPresent_closure1.call(VerifyTextNotPresentKeyword.groovy)
	at com.kms.katalon.core.webui.keyword.internal.WebUIKeywordMain.runKeyword(WebUIKeywordMain.groovy:20)
	at com.kms.katalon.core.webui.keyword.builtin.VerifyTextNotPresentKeyword.verifyTextNotPresent(VerifyTextNotPresentKeyword.groovy:82)
	at com.kms.katalon.core.webui.keyword.builtin.VerifyTextNotPresentKeyword.execute(VerifyTextNotPresentKeyword.groovy:68)
	at com.kms.katalon.core.keyword.internal.KeywordExecutor.executeKeywordForPlatform(KeywordExecutor.groovy:74)
	at com.kms.katalon.core.webui.keyword.WebUiBuiltInKeywords.verifyTextNotPresent(WebUiBuiltInKeywords.groovy:1795)
	at Выручка по ДЗО отображение данных все филиалы.Test(Выручка по ДЗО отображение данных все филиалы:782)
	at Выручка по ДЗО отображение данных все филиалы.Tumbler(Выручка по ДЗО отображение данных все филиалы:738)
	at Выручка по ДЗО отображение данных все филиалы.Change(Выручка по ДЗО отображение данных все филиалы:772)
	at Выручка по ДЗО отображение данных все филиалы.DzoTest(Выручка по ДЗО отображение данных все филиалы:576)
	at Выручка по ДЗО отображение данных все филиалы.run(Выручка по ДЗО отображение данных все филиалы:134)
	at com.kms.katalon.core.main.ScriptEngine.run(ScriptEngine.java:194)
	at com.kms.katalon.core.main.ScriptEngine.runScriptAsRawText(ScriptEngine.java:119)
	at com.kms.katalon.core.main.TestCaseExecutor.runScript(TestCaseExecutor.java:448)
	at com.kms.katalon.core.main.TestCaseExecutor.doExecute(TestCaseExecutor.java:439)
	at com.kms.katalon.core.main.TestCaseExecutor.processExecutionPhase(TestCaseExecutor.java:418)
	at com.kms.katalon.core.main.TestCaseExecutor.accessMainPhase(TestCaseExecutor.java:410)
	at com.kms.katalon.core.main.TestCaseExecutor.execute(TestCaseExecutor.java:285)
	at com.kms.katalon.core.common.CommonExecutor.accessTestCaseMainPhase(CommonExecutor.java:65)
	at com.kms.katalon.core.main.TestSuiteExecutor.accessTestSuiteMainPhase(TestSuiteExecutor.java:150)
	at com.kms.katalon.core.main.TestSuiteExecutor.execute(TestSuiteExecutor.java:106)
	at com.kms.katalon.core.main.TestCaseMain.startTestSuite(TestCaseMain.java:180)
	at TempTestSuite1733182698305.run(TempTestSuite1733182698305.groovy:35)
	at java.base/jdk.internal.reflect.NativeMethodAccessorImpl.invoke0(Native Method)
	at java.base/jdk.internal.reflect.NativeMethodAccessorImpl.invoke(NativeMethodAccessorImpl.java:77)
	at java.base/jdk.internal.reflect.DelegatingMethodAccessorImpl.invoke(DelegatingMethodAccessorImpl.java:43)
)

03-12-2024T03:09:13 - [MESSAGE][FAILED] - Text 'нет данных' is present on page  (Root cause: com.kms.katalon.core.exception.StepFailedException: Text 'нет данных' is present on page 
	at com.kms.katalon.core.webui.keyword.internal.WebUIKeywordMain.stepFailed(WebUIKeywordMain.groovy:64)
	at com.kms.katalon.core.webui.keyword.builtin.VerifyTextNotPresentKeyword$_verifyTextNotPresent_closure1.doCall(VerifyTextNotPresentKeyword.groovy:77)
	at com.kms.katalon.core.webui.keyword.builtin.VerifyTextNotPresentKeyword$_verifyTextNotPresent_closure1.call(VerifyTextNotPresentKeyword.groovy)
	at com.kms.katalon.core.webui.keyword.internal.WebUIKeywordMain.runKeyword(WebUIKeywordMain.groovy:20)
	at com.kms.katalon.core.webui.keyword.builtin.VerifyTextNotPresentKeyword.verifyTextNotPresent(VerifyTextNotPresentKeyword.groovy:82)
	at com.kms.katalon.core.webui.keyword.builtin.VerifyTextNotPresentKeyword.execute(VerifyTextNotPresentKeyword.groovy:68)
	at com.kms.katalon.core.keyword.internal.KeywordExecutor.executeKeywordForPlatform(KeywordExecutor.groovy:74)
	at com.kms.katalon.core.webui.keyword.WebUiBuiltInKeywords.verifyTextNotPresent(WebUiBuiltInKeywords.groovy:1795)
	at Выручка по ДЗО отображение данных все филиалы.Test(Выручка по ДЗО отображение данных все филиалы:782)
	at Выручка по ДЗО отображение данных все филиалы.Tumbler(Выручка по ДЗО отображение данных все филиалы:738)
	at Выручка по ДЗО отображение данных все филиалы.Change(Выручка по ДЗО отображение данных все филиалы:772)
	at Выручка по ДЗО отображение данных все филиалы.DzoTest(Выручка по ДЗО отображение данных все филиалы:576)
	at Выручка по ДЗО отображение данных все филиалы.run(Выручка по ДЗО отображение данных все филиалы:134)
	at com.kms.katalon.core.main.ScriptEngine.run(ScriptEngine.java:194)
	at com.kms.katalon.core.main.ScriptEngine.runScriptAsRawText(ScriptEngine.java:119)
	at com.kms.katalon.core.main.TestCaseExecutor.runScript(TestCaseExecutor.java:448)
	at com.kms.katalon.core.main.TestCaseExecutor.doExecute(TestCaseExecutor.java:439)
	at com.kms.katalon.core.main.TestCaseExecutor.processExecutionPhase(TestCaseExecutor.java:418)
	at com.kms.katalon.core.main.TestCaseExecutor.accessMainPhase(TestCaseExecutor.java:410)
	at com.kms.katalon.core.main.TestCaseExecutor.execute(TestCaseExecutor.java:285)
	at com.kms.katalon.core.common.CommonExecutor.accessTestCaseMainPhase(CommonExecutor.java:65)
	at com.kms.katalon.core.main.TestSuiteExecutor.accessTestSuiteMainPhase(TestSuiteExecutor.java:150)
	at com.kms.katalon.core.main.TestSuiteExecutor.execute(TestSuiteExecutor.java:106)
	at com.kms.katalon.core.main.TestCaseMain.startTestSuite(TestCaseMain.java:180)
	at TempTestSuite1733182698305.run(TempTestSuite1733182698305.groovy:35)
	at java.base/jdk.internal.reflect.NativeMethodAccessorImpl.invoke0(Native Method)
	at java.base/jdk.internal.reflect.NativeMethodAccessorImpl.invoke(NativeMethodAccessorImpl.java:77)
	at java.base/jdk.internal.reflect.DelegatingMethodAccessorImpl.invoke(DelegatingMethodAccessorImpl.java:43)
)

03-12-2024T03:09:13 - [TEST_STEP][PASSED] - else: null

03-12-2024T03:09:13 - [TEST_STEP][PASSED] - Script1687405711779.WriteToExcel(todaysDate): null

03-12-2024T03:09:13 - [TEST_STEP][PASSED] - sheetName = "Sheet1": null

03-12-2024T03:09:13 - [TEST_STEP][PASSED] - data = findTestData("PlanFact"): null

03-12-2024T03:09:13 - [TEST_STEP][PASSED] - n = data.getRowNumbers() + 1: null

03-12-2024T03:09:13 - [TEST_STEP][PASSED] - dZO = getText(findTestObject("Выручка по ДЗО/Фильтр ДЗО")): Text of object 'Object Repository/Выручка по ДЗО/Фильтр ДЗО' is: 'ПАО Россети - РаспредКомплекс - Россети Центр - Орелэнерго'

03-12-2024T03:09:13 - [MESSAGE][PASSED] - Text of object 'Object Repository/Выручка по ДЗО/Фильтр ДЗО' is: 'ПАО Россети - РаспредКомплекс - Россети Центр - Орелэнерго'

03-12-2024T03:09:13 - [TEST_STEP][PASSED] - period = getText(findTestObject("Выручка по ДЗО/Фильтр Дата")): Text of object 'Object Repository/Выручка по ДЗО/Фильтр Дата' is: '1, 2, 3 кв., Октябрь 2024 года'

03-12-2024T03:09:13 - [MESSAGE][PASSED] - Text of object 'Object Repository/Выручка по ДЗО/Фильтр Дата' is: '1, 2, 3 кв., Октябрь 2024 года'

03-12-2024T03:09:13 - [TEST_STEP][PASSED] - viruchka = getText(findTestObject("Выручка по ДЗО/Фильтр Выручка")): Text of object 'Object Repository/Выручка по ДЗО/Фильтр Выручка' is: 'внутренний оборот'

03-12-2024T03:09:14 - [MESSAGE][PASSED] - Text of object 'Object Repository/Выручка по ДЗО/Фильтр Выручка' is: 'внутренний оборот'

03-12-2024T03:09:14 - [TEST_STEP][PASSED] - if (viruchka == "Выбрано: 2"): null

03-12-2024T03:09:14 - [TEST_STEP][PASSED] - if (viruchka == "Все"): null

03-12-2024T03:09:14 - [TEST_STEP][PASSED] - println(period): null

03-12-2024T03:09:14 - [TEST_STEP][PASSED] - dashboardName = "Выручка по ДЗО": null

03-12-2024T03:09:14 - [TEST_STEP][PASSED] - workbook01 = getWorkbook(excelFilePath): null

03-12-2024T03:09:14 - [TEST_STEP][PASSED] - sheet01 = getExcelSheet(workbook01, sheetName): null

03-12-2024T03:09:14 - [TEST_STEP][PASSED] - setValueToCellByIndex(sheet01, n, 0, dashboardName): null

03-12-2024T03:09:14 - [TEST_STEP][PASSED] - setValueToCellByIndex(sheet01, n, 1, dZO): null

03-12-2024T03:09:14 - [TEST_STEP][PASSED] - setValueToCellByIndex(sheet01, n, 2, period): null

03-12-2024T03:09:14 - [TEST_STEP][PASSED] - setValueToCellByIndex(sheet01, n, 3, viruchka): null

03-12-2024T03:09:14 - [TEST_STEP][PASSED] - setValueToCellByIndex(sheet01, n, 4, todaysDate): null

03-12-2024T03:09:14 - [TEST_STEP][PASSED] - n = n + 1: null

03-12-2024T03:09:14 - [TEST_STEP][PASSED] - saveWorkbook(excelFilePath, workbook01): null

03-12-2024T03:09:14 - [TEST_STEP][PASSED] - click(findTestObject("Выручка по ДЗО/Фильтр Выручка")): Object: 'Object Repository/Выручка по ДЗО/Фильтр Выручка' is clicked on

03-12-2024T03:09:14 - [MESSAGE][PASSED] - Object: 'Object Repository/Выручка по ДЗО/Фильтр Выручка' is clicked on

03-12-2024T03:09:14 - [TEST_STEP][PASSED] - click(findTestObject("Выручка по ДЗО/По передаче в фильтре Выручка")): Object: 'Object Repository/Выручка по ДЗО/По передаче в фильтре Выручка' is clicked on

03-12-2024T03:09:15 - [MESSAGE][PASSED] - Object: 'Object Repository/Выручка по ДЗО/По передаче в фильтре Выручка' is clicked on

03-12-2024T03:09:15 - [TEST_STEP][PASSED] - click(findTestObject("Выручка по ДЗО/Применить в фильтре Выручка")): Object: 'Object Repository/Выручка по ДЗО/Применить в фильтре Выручка' is clicked on

03-12-2024T03:09:15 - [MESSAGE][PASSED] - Object: 'Object Repository/Выручка по ДЗО/Применить в фильтре Выручка' is clicked on

03-12-2024T03:09:15 - [TEST_STEP][PASSED] - Script1687405711779.Test(todaysDate): null

03-12-2024T03:09:15 - [TEST_STEP][PASSED] - if (verifyTextNotPresent("нет данных", false) == true): null

03-12-2024T03:09:18 - [MESSAGE][PASSED] - Text 'нет данных' is not present on page

03-12-2024T03:09:18 - [TEST_STEP][PASSED] - if (verifyTextNotPresent("Ошибка запроса данных", false) == true): null

03-12-2024T03:09:18 - [MESSAGE][PASSED] - Text 'Ошибка запроса данных' is not present on page

03-12-2024T03:09:18 - [TEST_STEP][PASSED] - if (verifyTextNotPresent("Произошла ошибка при выполнении пользовательского кода", false) == true): null

03-12-2024T03:09:19 - [MESSAGE][PASSED] - Text 'Произошла ошибка при выполнении пользовательского кода' is not present on page

03-12-2024T03:09:19 - [TEST_STEP][PASSED] - if (verifyTextNotPresent("У виджета нет данных", false) == true): null

03-12-2024T03:09:19 - [MESSAGE][PASSED] - Text 'У виджета нет данных' is not present on page

03-12-2024T03:09:19 - [TEST_STEP][PASSED] - if (verifyTextNotPresent("У виджета нет данных", false) == true): Text 'У виджета нет данных' is not present on page

03-12-2024T03:09:20 - [MESSAGE][PASSED] - Text 'У виджета нет данных' is not present on page

03-12-2024T03:09:20 - [TEST_STEP][PASSED] - click(findTestObject("Выручка по ДЗО/Фильтр Выручка")): Object: 'Object Repository/Выручка по ДЗО/Фильтр Выручка' is clicked on

03-12-2024T03:09:20 - [MESSAGE][PASSED] - Object: 'Object Repository/Выручка по ДЗО/Фильтр Выручка' is clicked on

03-12-2024T03:09:20 - [TEST_STEP][PASSED] - click(findTestObject("Выручка по ДЗО/Снять выделение в фильтре Выручка")): Object: 'Object Repository/Выручка по ДЗО/Снять выделение в фильтре Выручка' is clicked on

03-12-2024T03:09:21 - [MESSAGE][PASSED] - Object: 'Object Repository/Выручка по ДЗО/Снять выделение в фильтре Выручка' is clicked on

03-12-2024T03:09:21 - [TEST_STEP][PASSED] - click(findTestObject("Выручка по ДЗО/По передаче в фильтре Выручка")): Object: 'Object Repository/Выручка по ДЗО/По передаче в фильтре Выручка' is clicked on

03-12-2024T03:09:21 - [MESSAGE][PASSED] - Object: 'Object Repository/Выручка по ДЗО/По передаче в фильтре Выручка' is clicked on

03-12-2024T03:09:21 - [TEST_STEP][PASSED] - click(findTestObject("Выручка по ДЗО/Применить в фильтре Выручка")): Object: 'Object Repository/Выручка по ДЗО/Применить в фильтре Выручка' is clicked on

03-12-2024T03:09:22 - [MESSAGE][PASSED] - Object: 'Object Repository/Выручка по ДЗО/Применить в фильтре Выручка' is clicked on

03-12-2024T03:09:22 - [TEST_STEP][PASSED] - Script1687405711779.Test(todaysDate): null

03-12-2024T03:09:22 - [TEST_STEP][PASSED] - if (verifyTextNotPresent("нет данных", false) == true): null

03-12-2024T03:09:24 - [MESSAGE][PASSED] - Text 'нет данных' is not present on page

03-12-2024T03:09:24 - [TEST_STEP][PASSED] - if (verifyTextNotPresent("Ошибка запроса данных", false) == true): null

03-12-2024T03:09:25 - [MESSAGE][PASSED] - Text 'Ошибка запроса данных' is not present on page

03-12-2024T03:09:25 - [TEST_STEP][PASSED] - if (verifyTextNotPresent("Произошла ошибка при выполнении пользовательского кода", false) == true): null

03-12-2024T03:09:25 - [MESSAGE][PASSED] - Text 'Произошла ошибка при выполнении пользовательского кода' is not present on page

03-12-2024T03:09:25 - [TEST_STEP][PASSED] - if (verifyTextNotPresent("У виджета нет данных", false) == true): null

03-12-2024T03:09:26 - [MESSAGE][PASSED] - Text 'У виджета нет данных' is not present on page

03-12-2024T03:09:26 - [TEST_STEP][PASSED] - if (verifyTextNotPresent("У виджета нет данных", false) == true): Text 'У виджета нет данных' is not present on page

03-12-2024T03:09:26 - [MESSAGE][PASSED] - Text 'У виджета нет данных' is not present on page

03-12-2024T03:09:26 - [TEST_STEP][PASSED] - click(findTestObject("Выручка по ДЗО/Фильтр Выручка")): Object: 'Object Repository/Выручка по ДЗО/Фильтр Выручка' is clicked on

03-12-2024T03:09:26 - [MESSAGE][PASSED] - Object: 'Object Repository/Выручка по ДЗО/Фильтр Выручка' is clicked on

03-12-2024T03:09:26 - [TEST_STEP][PASSED] - click(findTestObject("Выручка по ДЗО/Снять выделение в фильтре Выручка")): Object: 'Object Repository/Выручка по ДЗО/Снять выделение в фильтре Выручка' is clicked on

03-12-2024T03:09:27 - [MESSAGE][PASSED] - Object: 'Object Repository/Выручка по ДЗО/Снять выделение в фильтре Выручка' is clicked on

03-12-2024T03:09:27 - [TEST_STEP][PASSED] - click(findTestObject("Выручка по ДЗО/Применить в фильтре Выручка")): Object: 'Object Repository/Выручка по ДЗО/Применить в фильтре Выручка' is clicked on

03-12-2024T03:09:27 - [MESSAGE][PASSED] - Object: 'Object Repository/Выручка по ДЗО/Применить в фильтре Выручка' is clicked on

03-12-2024T03:09:27 - [TEST_STEP][PASSED] - click(findTestObject("Выручка по ДЗО/Фильтр ДЗО")): Object: 'Object Repository/Выручка по ДЗО/Фильтр ДЗО' is clicked on

03-12-2024T03:09:29 - [MESSAGE][PASSED] - Object: 'Object Repository/Выручка по ДЗО/Фильтр ДЗО' is clicked on

03-12-2024T03:09:29 - [TEST_STEP][PASSED] - click(findTestObject("Выручка по ДЗО/Снять выделение в фильтре ДЗО")): Object: 'Object Repository/Выручка по ДЗО/Снять выделение в фильтре ДЗО' is clicked on

03-12-2024T03:09:30 - [MESSAGE][PASSED] - Object: 'Object Repository/Выручка по ДЗО/Снять выделение в фильтре ДЗО' is clicked on

03-12-2024T03:09:30 - [TEST_STEP][PASSED] - scrollToElement(findTestObject("Общие объекты/Смоленскэнерго"), 30): Scroll to object 'Object Repository/Общие объекты/Смоленскэнерго' successfully

03-12-2024T03:09:30 - [MESSAGE][PASSED] - Scroll to object 'Object Repository/Общие объекты/Смоленскэнерго' successfully

03-12-2024T03:09:30 - [TEST_STEP][PASSED] - click(findTestObject("Общие объекты/Смоленскэнерго"), CONTINUE_ON_FAILURE): Object: 'Object Repository/Общие объекты/Смоленскэнерго' is clicked on

03-12-2024T03:09:30 - [MESSAGE][PASSED] - Object: 'Object Repository/Общие объекты/Смоленскэнерго' is clicked on

03-12-2024T03:09:30 - [TEST_STEP][PASSED] - Script1687405711779.Change(todaysDate): null

03-12-2024T03:09:30 - [TEST_STEP][PASSED] - scrollToElement(findTestObject("Выручка по ДЗО/Заголовок дашборда"), 30): Scroll to object 'Object Repository/Выручка по ДЗО/Заголовок дашборда' successfully

03-12-2024T03:09:31 - [MESSAGE][PASSED] - Scroll to object 'Object Repository/Выручка по ДЗО/Заголовок дашборда' successfully

03-12-2024T03:09:31 - [TEST_STEP][PASSED] - click(findTestObject("Выручка по ДЗО/Применить в фильтре ДЗО")): Object: 'Object Repository/Выручка по ДЗО/Применить в фильтре ДЗО' is clicked on

03-12-2024T03:09:31 - [MESSAGE][PASSED] - Object: 'Object Repository/Выручка по ДЗО/Применить в фильтре ДЗО' is clicked on

03-12-2024T03:09:31 - [TEST_STEP][PASSED] - Script1687405711779.Tumbler(todaysDate): null

03-12-2024T03:09:31 - [TEST_STEP][PASSED] - Script1687405711779.Test(todaysDate): null

03-12-2024T03:09:31 - [TEST_STEP][PASSED] - if (verifyTextNotPresent("нет данных", false) == true): null

03-12-2024T03:09:34 - [MESSAGE][PASSED] - Text 'нет данных' is not present on page

03-12-2024T03:09:34 - [TEST_STEP][PASSED] - if (verifyTextNotPresent("Ошибка запроса данных", false) == true): null

03-12-2024T03:09:37 - [MESSAGE][PASSED] - Text 'Ошибка запроса данных' is not present on page

03-12-2024T03:09:37 - [TEST_STEP][PASSED] - if (verifyTextNotPresent("Произошла ошибка при выполнении пользовательского кода", false) == true): null

03-12-2024T03:09:37 - [MESSAGE][PASSED] - Text 'Произошла ошибка при выполнении пользовательского кода' is not present on page

03-12-2024T03:09:37 - [TEST_STEP][PASSED] - if (verifyTextNotPresent("У виджета нет данных", false) == true): null

03-12-2024T03:09:38 - [MESSAGE][PASSED] - Text 'У виджета нет данных' is not present on page

03-12-2024T03:09:38 - [TEST_STEP][PASSED] - if (verifyTextNotPresent("У виджета нет данных", false) == true): Text 'У виджета нет данных' is not present on page

03-12-2024T03:09:38 - [MESSAGE][PASSED] - Text 'У виджета нет данных' is not present on page

03-12-2024T03:09:38 - [TEST_STEP][PASSED] - click(findTestObject("Выручка по ДЗО/Фильтр Выручка")): Object: 'Object Repository/Выручка по ДЗО/Фильтр Выручка' is clicked on

03-12-2024T03:09:39 - [MESSAGE][PASSED] - Object: 'Object Repository/Выручка по ДЗО/Фильтр Выручка' is clicked on

03-12-2024T03:09:39 - [TEST_STEP][PASSED] - click(findTestObject("Выручка по ДЗО/Внутренний оборот в фильтре Выручка")): Object: 'Object Repository/Выручка по ДЗО/Внутренний оборот в фильтре Выручка' is clicked on

03-12-2024T03:09:39 - [MESSAGE][PASSED] - Object: 'Object Repository/Выручка по ДЗО/Внутренний оборот в фильтре Выручка' is clicked on

03-12-2024T03:09:39 - [TEST_STEP][PASSED] - click(findTestObject("Выручка по ДЗО/Применить в фильтре Выручка")): Object: 'Object Repository/Выручка по ДЗО/Применить в фильтре Выручка' is clicked on

03-12-2024T03:09:40 - [MESSAGE][PASSED] - Object: 'Object Repository/Выручка по ДЗО/Применить в фильтре Выручка' is clicked on

03-12-2024T03:09:40 - [TEST_STEP][PASSED] - Script1687405711779.Test(todaysDate): null

03-12-2024T03:09:40 - [TEST_STEP][FAILED] - if (verifyTextNotPresent("нет данных", false) == true): Text 'нет данных' is present on page  (Root cause: com.kms.katalon.core.exception.StepFailedException: Text 'нет данных' is present on page 
	at com.kms.katalon.core.webui.keyword.internal.WebUIKeywordMain.stepFailed(WebUIKeywordMain.groovy:64)
	at com.kms.katalon.core.webui.keyword.builtin.VerifyTextNotPresentKeyword$_verifyTextNotPresent_closure1.doCall(VerifyTextNotPresentKeyword.groovy:77)
	at com.kms.katalon.core.webui.keyword.builtin.VerifyTextNotPresentKeyword$_verifyTextNotPresent_closure1.call(VerifyTextNotPresentKeyword.groovy)
	at com.kms.katalon.core.webui.keyword.internal.WebUIKeywordMain.runKeyword(WebUIKeywordMain.groovy:20)
	at com.kms.katalon.core.webui.keyword.builtin.VerifyTextNotPresentKeyword.verifyTextNotPresent(VerifyTextNotPresentKeyword.groovy:82)
	at com.kms.katalon.core.webui.keyword.builtin.VerifyTextNotPresentKeyword.execute(VerifyTextNotPresentKeyword.groovy:68)
	at com.kms.katalon.core.keyword.internal.KeywordExecutor.executeKeywordForPlatform(KeywordExecutor.groovy:74)
	at com.kms.katalon.core.webui.keyword.WebUiBuiltInKeywords.verifyTextNotPresent(WebUiBuiltInKeywords.groovy:1795)
	at Выручка по ДЗО отображение данных все филиалы.Test(Выручка по ДЗО отображение данных все филиалы:782)
	at Выручка по ДЗО отображение данных все филиалы.Tumbler(Выручка по ДЗО отображение данных все филиалы:738)
	at Выручка по ДЗО отображение данных все филиалы.Change(Выручка по ДЗО отображение данных все филиалы:772)
	at Выручка по ДЗО отображение данных все филиалы.DzoTest(Выручка по ДЗО отображение данных все филиалы:582)
	at Выручка по ДЗО отображение данных все филиалы.run(Выручка по ДЗО отображение данных все филиалы:134)
	at com.kms.katalon.core.main.ScriptEngine.run(ScriptEngine.java:194)
	at com.kms.katalon.core.main.ScriptEngine.runScriptAsRawText(ScriptEngine.java:119)
	at com.kms.katalon.core.main.TestCaseExecutor.runScript(TestCaseExecutor.java:448)
	at com.kms.katalon.core.main.TestCaseExecutor.doExecute(TestCaseExecutor.java:439)
	at com.kms.katalon.core.main.TestCaseExecutor.processExecutionPhase(TestCaseExecutor.java:418)
	at com.kms.katalon.core.main.TestCaseExecutor.accessMainPhase(TestCaseExecutor.java:410)
	at com.kms.katalon.core.main.TestCaseExecutor.execute(TestCaseExecutor.java:285)
	at com.kms.katalon.core.common.CommonExecutor.accessTestCaseMainPhase(CommonExecutor.java:65)
	at com.kms.katalon.core.main.TestSuiteExecutor.accessTestSuiteMainPhase(TestSuiteExecutor.java:150)
	at com.kms.katalon.core.main.TestSuiteExecutor.execute(TestSuiteExecutor.java:106)
	at com.kms.katalon.core.main.TestCaseMain.startTestSuite(TestCaseMain.java:180)
	at TempTestSuite1733182698305.run(TempTestSuite1733182698305.groovy:35)
	at java.base/jdk.internal.reflect.NativeMethodAccessorImpl.invoke0(Native Method)
	at java.base/jdk.internal.reflect.NativeMethodAccessorImpl.invoke(NativeMethodAccessorImpl.java:77)
	at java.base/jdk.internal.reflect.DelegatingMethodAccessorImpl.invoke(DelegatingMethodAccessorImpl.java:43)
)

03-12-2024T03:09:42 - [MESSAGE][FAILED] - Text 'нет данных' is present on page  (Root cause: com.kms.katalon.core.exception.StepFailedException: Text 'нет данных' is present on page 
	at com.kms.katalon.core.webui.keyword.internal.WebUIKeywordMain.stepFailed(WebUIKeywordMain.groovy:64)
	at com.kms.katalon.core.webui.keyword.builtin.VerifyTextNotPresentKeyword$_verifyTextNotPresent_closure1.doCall(VerifyTextNotPresentKeyword.groovy:77)
	at com.kms.katalon.core.webui.keyword.builtin.VerifyTextNotPresentKeyword$_verifyTextNotPresent_closure1.call(VerifyTextNotPresentKeyword.groovy)
	at com.kms.katalon.core.webui.keyword.internal.WebUIKeywordMain.runKeyword(WebUIKeywordMain.groovy:20)
	at com.kms.katalon.core.webui.keyword.builtin.VerifyTextNotPresentKeyword.verifyTextNotPresent(VerifyTextNotPresentKeyword.groovy:82)
	at com.kms.katalon.core.webui.keyword.builtin.VerifyTextNotPresentKeyword.execute(VerifyTextNotPresentKeyword.groovy:68)
	at com.kms.katalon.core.keyword.internal.KeywordExecutor.executeKeywordForPlatform(KeywordExecutor.groovy:74)
	at com.kms.katalon.core.webui.keyword.WebUiBuiltInKeywords.verifyTextNotPresent(WebUiBuiltInKeywords.groovy:1795)
	at Выручка по ДЗО отображение данных все филиалы.Test(Выручка по ДЗО отображение данных все филиалы:782)
	at Выручка по ДЗО отображение данных все филиалы.Tumbler(Выручка по ДЗО отображение данных все филиалы:738)
	at Выручка по ДЗО отображение данных все филиалы.Change(Выручка по ДЗО отображение данных все филиалы:772)
	at Выручка по ДЗО отображение данных все филиалы.DzoTest(Выручка по ДЗО отображение данных все филиалы:582)
	at Выручка по ДЗО отображение данных все филиалы.run(Выручка по ДЗО отображение данных все филиалы:134)
	at com.kms.katalon.core.main.ScriptEngine.run(ScriptEngine.java:194)
	at com.kms.katalon.core.main.ScriptEngine.runScriptAsRawText(ScriptEngine.java:119)
	at com.kms.katalon.core.main.TestCaseExecutor.runScript(TestCaseExecutor.java:448)
	at com.kms.katalon.core.main.TestCaseExecutor.doExecute(TestCaseExecutor.java:439)
	at com.kms.katalon.core.main.TestCaseExecutor.processExecutionPhase(TestCaseExecutor.java:418)
	at com.kms.katalon.core.main.TestCaseExecutor.accessMainPhase(TestCaseExecutor.java:410)
	at com.kms.katalon.core.main.TestCaseExecutor.execute(TestCaseExecutor.java:285)
	at com.kms.katalon.core.common.CommonExecutor.accessTestCaseMainPhase(CommonExecutor.java:65)
	at com.kms.katalon.core.main.TestSuiteExecutor.accessTestSuiteMainPhase(TestSuiteExecutor.java:150)
	at com.kms.katalon.core.main.TestSuiteExecutor.execute(TestSuiteExecutor.java:106)
	at com.kms.katalon.core.main.TestCaseMain.startTestSuite(TestCaseMain.java:180)
	at TempTestSuite1733182698305.run(TempTestSuite1733182698305.groovy:35)
	at java.base/jdk.internal.reflect.NativeMethodAccessorImpl.invoke0(Native Method)
	at java.base/jdk.internal.reflect.NativeMethodAccessorImpl.invoke(NativeMethodAccessorImpl.java:77)
	at java.base/jdk.internal.reflect.DelegatingMethodAccessorImpl.invoke(DelegatingMethodAccessorImpl.java:43)
)

03-12-2024T03:09:42 - [TEST_STEP][PASSED] - else: null

03-12-2024T03:09:42 - [TEST_STEP][PASSED] - Script1687405711779.WriteToExcel(todaysDate): null

03-12-2024T03:09:42 - [TEST_STEP][PASSED] - sheetName = "Sheet1": null

03-12-2024T03:09:42 - [TEST_STEP][PASSED] - data = findTestData("PlanFact"): null

03-12-2024T03:09:42 - [TEST_STEP][PASSED] - n = data.getRowNumbers() + 1: null

03-12-2024T03:09:42 - [TEST_STEP][PASSED] - dZO = getText(findTestObject("Выручка по ДЗО/Фильтр ДЗО")): Text of object 'Object Repository/Выручка по ДЗО/Фильтр ДЗО' is: 'ПАО Россети - РаспредКомплекс - Россети Центр - Смоленскэнерго'

03-12-2024T03:09:42 - [MESSAGE][PASSED] - Text of object 'Object Repository/Выручка по ДЗО/Фильтр ДЗО' is: 'ПАО Россети - РаспредКомплекс - Россети Центр - Смоленскэнерго'

03-12-2024T03:09:42 - [TEST_STEP][PASSED] - period = getText(findTestObject("Выручка по ДЗО/Фильтр Дата")): Text of object 'Object Repository/Выручка по ДЗО/Фильтр Дата' is: '1, 2, 3 кв., Октябрь 2024 года'

03-12-2024T03:09:43 - [MESSAGE][PASSED] - Text of object 'Object Repository/Выручка по ДЗО/Фильтр Дата' is: '1, 2, 3 кв., Октябрь 2024 года'

03-12-2024T03:09:43 - [TEST_STEP][PASSED] - viruchka = getText(findTestObject("Выручка по ДЗО/Фильтр Выручка")): Text of object 'Object Repository/Выручка по ДЗО/Фильтр Выручка' is: 'внутренний оборот'

03-12-2024T03:09:43 - [MESSAGE][PASSED] - Text of object 'Object Repository/Выручка по ДЗО/Фильтр Выручка' is: 'внутренний оборот'

03-12-2024T03:09:43 - [TEST_STEP][PASSED] - if (viruchka == "Выбрано: 2"): null

03-12-2024T03:09:43 - [TEST_STEP][PASSED] - if (viruchka == "Все"): null

03-12-2024T03:09:43 - [TEST_STEP][PASSED] - println(period): null

03-12-2024T03:09:43 - [TEST_STEP][PASSED] - dashboardName = "Выручка по ДЗО": null

03-12-2024T03:09:43 - [TEST_STEP][PASSED] - workbook01 = getWorkbook(excelFilePath): null

03-12-2024T03:09:43 - [TEST_STEP][PASSED] - sheet01 = getExcelSheet(workbook01, sheetName): null

03-12-2024T03:09:43 - [TEST_STEP][PASSED] - setValueToCellByIndex(sheet01, n, 0, dashboardName): null

03-12-2024T03:09:43 - [TEST_STEP][PASSED] - setValueToCellByIndex(sheet01, n, 1, dZO): null

03-12-2024T03:09:43 - [TEST_STEP][PASSED] - setValueToCellByIndex(sheet01, n, 2, period): null

03-12-2024T03:09:43 - [TEST_STEP][PASSED] - setValueToCellByIndex(sheet01, n, 3, viruchka): null

03-12-2024T03:09:43 - [TEST_STEP][PASSED] - setValueToCellByIndex(sheet01, n, 4, todaysDate): null

03-12-2024T03:09:43 - [TEST_STEP][PASSED] - n = n + 1: null

03-12-2024T03:09:43 - [TEST_STEP][PASSED] - saveWorkbook(excelFilePath, workbook01): null

03-12-2024T03:09:43 - [TEST_STEP][PASSED] - click(findTestObject("Выручка по ДЗО/Фильтр Выручка")): Object: 'Object Repository/Выручка по ДЗО/Фильтр Выручка' is clicked on

03-12-2024T03:09:44 - [MESSAGE][PASSED] - Object: 'Object Repository/Выручка по ДЗО/Фильтр Выручка' is clicked on

03-12-2024T03:09:44 - [TEST_STEP][PASSED] - click(findTestObject("Выручка по ДЗО/По передаче в фильтре Выручка")): Object: 'Object Repository/Выручка по ДЗО/По передаче в фильтре Выручка' is clicked on

03-12-2024T03:09:44 - [MESSAGE][PASSED] - Object: 'Object Repository/Выручка по ДЗО/По передаче в фильтре Выручка' is clicked on

03-12-2024T03:09:44 - [TEST_STEP][PASSED] - click(findTestObject("Выручка по ДЗО/Применить в фильтре Выручка")): Object: 'Object Repository/Выручка по ДЗО/Применить в фильтре Выручка' is clicked on

03-12-2024T03:09:45 - [MESSAGE][PASSED] - Object: 'Object Repository/Выручка по ДЗО/Применить в фильтре Выручка' is clicked on

03-12-2024T03:09:45 - [TEST_STEP][PASSED] - Script1687405711779.Test(todaysDate): null

03-12-2024T03:09:45 - [TEST_STEP][PASSED] - if (verifyTextNotPresent("нет данных", false) == true): null

03-12-2024T03:09:47 - [MESSAGE][PASSED] - Text 'нет данных' is not present on page

03-12-2024T03:09:47 - [TEST_STEP][PASSED] - if (verifyTextNotPresent("Ошибка запроса данных", false) == true): null

03-12-2024T03:09:48 - [MESSAGE][PASSED] - Text 'Ошибка запроса данных' is not present on page

03-12-2024T03:09:48 - [TEST_STEP][PASSED] - if (verifyTextNotPresent("Произошла ошибка при выполнении пользовательского кода", false) == true): null

03-12-2024T03:09:48 - [MESSAGE][PASSED] - Text 'Произошла ошибка при выполнении пользовательского кода' is not present on page

03-12-2024T03:09:48 - [TEST_STEP][PASSED] - if (verifyTextNotPresent("У виджета нет данных", false) == true): null

03-12-2024T03:09:49 - [MESSAGE][PASSED] - Text 'У виджета нет данных' is not present on page

03-12-2024T03:09:49 - [TEST_STEP][PASSED] - if (verifyTextNotPresent("У виджета нет данных", false) == true): Text 'У виджета нет данных' is not present on page

03-12-2024T03:09:49 - [MESSAGE][PASSED] - Text 'У виджета нет данных' is not present on page

03-12-2024T03:09:49 - [TEST_STEP][PASSED] - click(findTestObject("Выручка по ДЗО/Фильтр Выручка")): Object: 'Object Repository/Выручка по ДЗО/Фильтр Выручка' is clicked on

03-12-2024T03:09:50 - [MESSAGE][PASSED] - Object: 'Object Repository/Выручка по ДЗО/Фильтр Выручка' is clicked on

03-12-2024T03:09:50 - [TEST_STEP][PASSED] - click(findTestObject("Выручка по ДЗО/Снять выделение в фильтре Выручка")): Object: 'Object Repository/Выручка по ДЗО/Снять выделение в фильтре Выручка' is clicked on

03-12-2024T03:09:50 - [MESSAGE][PASSED] - Object: 'Object Repository/Выручка по ДЗО/Снять выделение в фильтре Выручка' is clicked on

03-12-2024T03:09:50 - [TEST_STEP][PASSED] - click(findTestObject("Выручка по ДЗО/По передаче в фильтре Выручка")): Object: 'Object Repository/Выручка по ДЗО/По передаче в фильтре Выручка' is clicked on

03-12-2024T03:09:51 - [MESSAGE][PASSED] - Object: 'Object Repository/Выручка по ДЗО/По передаче в фильтре Выручка' is clicked on

03-12-2024T03:09:51 - [TEST_STEP][PASSED] - click(findTestObject("Выручка по ДЗО/Применить в фильтре Выручка")): Object: 'Object Repository/Выручка по ДЗО/Применить в фильтре Выручка' is clicked on

03-12-2024T03:09:51 - [MESSAGE][PASSED] - Object: 'Object Repository/Выручка по ДЗО/Применить в фильтре Выручка' is clicked on

03-12-2024T03:09:51 - [TEST_STEP][PASSED] - Script1687405711779.Test(todaysDate): null

03-12-2024T03:09:51 - [TEST_STEP][PASSED] - if (verifyTextNotPresent("нет данных", false) == true): null

03-12-2024T03:09:54 - [MESSAGE][PASSED] - Text 'нет данных' is not present on page

03-12-2024T03:09:54 - [TEST_STEP][PASSED] - if (verifyTextNotPresent("Ошибка запроса данных", false) == true): null

03-12-2024T03:09:54 - [MESSAGE][PASSED] - Text 'Ошибка запроса данных' is not present on page

03-12-2024T03:09:54 - [TEST_STEP][PASSED] - if (verifyTextNotPresent("Произошла ошибка при выполнении пользовательского кода", false) == true): null

03-12-2024T03:09:55 - [MESSAGE][PASSED] - Text 'Произошла ошибка при выполнении пользовательского кода' is not present on page

03-12-2024T03:09:55 - [TEST_STEP][PASSED] - if (verifyTextNotPresent("У виджета нет данных", false) == true): null

03-12-2024T03:09:55 - [MESSAGE][PASSED] - Text 'У виджета нет данных' is not present on page

03-12-2024T03:09:55 - [TEST_STEP][PASSED] - if (verifyTextNotPresent("У виджета нет данных", false) == true): Text 'У виджета нет данных' is not present on page

03-12-2024T03:09:56 - [MESSAGE][PASSED] - Text 'У виджета нет данных' is not present on page

03-12-2024T03:09:56 - [TEST_STEP][PASSED] - click(findTestObject("Выручка по ДЗО/Фильтр Выручка")): Object: 'Object Repository/Выручка по ДЗО/Фильтр Выручка' is clicked on

03-12-2024T03:09:56 - [MESSAGE][PASSED] - Object: 'Object Repository/Выручка по ДЗО/Фильтр Выручка' is clicked on

03-12-2024T03:09:56 - [TEST_STEP][PASSED] - click(findTestObject("Выручка по ДЗО/Снять выделение в фильтре Выручка")): Object: 'Object Repository/Выручка по ДЗО/Снять выделение в фильтре Выручка' is clicked on

03-12-2024T03:09:56 - [MESSAGE][PASSED] - Object: 'Object Repository/Выручка по ДЗО/Снять выделение в фильтре Выручка' is clicked on

03-12-2024T03:09:56 - [TEST_STEP][PASSED] - click(findTestObject("Выручка по ДЗО/Применить в фильтре Выручка")): Object: 'Object Repository/Выручка по ДЗО/Применить в фильтре Выручка' is clicked on

03-12-2024T03:09:57 - [MESSAGE][PASSED] - Object: 'Object Repository/Выручка по ДЗО/Применить в фильтре Выручка' is clicked on

03-12-2024T03:09:57 - [TEST_STEP][PASSED] - click(findTestObject("Выручка по ДЗО/Фильтр ДЗО")): Object: 'Object Repository/Выручка по ДЗО/Фильтр ДЗО' is clicked on

03-12-2024T03:09:59 - [MESSAGE][PASSED] - Object: 'Object Repository/Выручка по ДЗО/Фильтр ДЗО' is clicked on

03-12-2024T03:09:59 - [TEST_STEP][PASSED] - click(findTestObject("Выручка по ДЗО/Снять выделение в фильтре ДЗО")): Object: 'Object Repository/Выручка по ДЗО/Снять выделение в фильтре ДЗО' is clicked on

03-12-2024T03:09:59 - [MESSAGE][PASSED] - Object: 'Object Repository/Выручка по ДЗО/Снять выделение в фильтре ДЗО' is clicked on

03-12-2024T03:09:59 - [TEST_STEP][PASSED] - scrollToElement(findTestObject("Общие объекты/Тамбовэнерго"), 30): Scroll to object 'Object Repository/Общие объекты/Тамбовэнерго' successfully

03-12-2024T03:10:00 - [MESSAGE][PASSED] - Scroll to object 'Object Repository/Общие объекты/Тамбовэнерго' successfully

03-12-2024T03:10:00 - [TEST_STEP][PASSED] - click(findTestObject("Общие объекты/Тамбовэнерго"), CONTINUE_ON_FAILURE): Object: 'Object Repository/Общие объекты/Тамбовэнерго' is clicked on

03-12-2024T03:10:00 - [MESSAGE][PASSED] - Object: 'Object Repository/Общие объекты/Тамбовэнерго' is clicked on

03-12-2024T03:10:00 - [TEST_STEP][PASSED] - Script1687405711779.Change(todaysDate): null

03-12-2024T03:10:00 - [TEST_STEP][PASSED] - scrollToElement(findTestObject("Выручка по ДЗО/Заголовок дашборда"), 30): Scroll to object 'Object Repository/Выручка по ДЗО/Заголовок дашборда' successfully

03-12-2024T03:10:00 - [MESSAGE][PASSED] - Scroll to object 'Object Repository/Выручка по ДЗО/Заголовок дашборда' successfully

03-12-2024T03:10:00 - [TEST_STEP][PASSED] - click(findTestObject("Выручка по ДЗО/Применить в фильтре ДЗО")): Object: 'Object Repository/Выручка по ДЗО/Применить в фильтре ДЗО' is clicked on

03-12-2024T03:10:01 - [MESSAGE][PASSED] - Object: 'Object Repository/Выручка по ДЗО/Применить в фильтре ДЗО' is clicked on

03-12-2024T03:10:01 - [TEST_STEP][PASSED] - Script1687405711779.Tumbler(todaysDate): null

03-12-2024T03:10:01 - [TEST_STEP][PASSED] - Script1687405711779.Test(todaysDate): null

03-12-2024T03:10:01 - [TEST_STEP][PASSED] - if (verifyTextNotPresent("нет данных", false) == true): null

03-12-2024T03:10:04 - [MESSAGE][PASSED] - Text 'нет данных' is not present on page

03-12-2024T03:10:04 - [TEST_STEP][PASSED] - if (verifyTextNotPresent("Ошибка запроса данных", false) == true): null

03-12-2024T03:10:05 - [MESSAGE][PASSED] - Text 'Ошибка запроса данных' is not present on page

03-12-2024T03:10:05 - [TEST_STEP][PASSED] - if (verifyTextNotPresent("Произошла ошибка при выполнении пользовательского кода", false) == true): null

03-12-2024T03:10:06 - [MESSAGE][PASSED] - Text 'Произошла ошибка при выполнении пользовательского кода' is not present on page

03-12-2024T03:10:06 - [TEST_STEP][PASSED] - if (verifyTextNotPresent("У виджета нет данных", false) == true): null

03-12-2024T03:10:06 - [MESSAGE][PASSED] - Text 'У виджета нет данных' is not present on page

03-12-2024T03:10:06 - [TEST_STEP][PASSED] - if (verifyTextNotPresent("У виджета нет данных", false) == true): Text 'У виджета нет данных' is not present on page

03-12-2024T03:10:07 - [MESSAGE][PASSED] - Text 'У виджета нет данных' is not present on page

03-12-2024T03:10:07 - [TEST_STEP][PASSED] - click(findTestObject("Выручка по ДЗО/Фильтр Выручка")): Object: 'Object Repository/Выручка по ДЗО/Фильтр Выручка' is clicked on

03-12-2024T03:10:07 - [MESSAGE][PASSED] - Object: 'Object Repository/Выручка по ДЗО/Фильтр Выручка' is clicked on

03-12-2024T03:10:07 - [TEST_STEP][PASSED] - click(findTestObject("Выручка по ДЗО/Внутренний оборот в фильтре Выручка")): Object: 'Object Repository/Выручка по ДЗО/Внутренний оборот в фильтре Выручка' is clicked on

03-12-2024T03:10:07 - [MESSAGE][PASSED] - Object: 'Object Repository/Выручка по ДЗО/Внутренний оборот в фильтре Выручка' is clicked on

03-12-2024T03:10:07 - [TEST_STEP][PASSED] - click(findTestObject("Выручка по ДЗО/Применить в фильтре Выручка")): Object: 'Object Repository/Выручка по ДЗО/Применить в фильтре Выручка' is clicked on

03-12-2024T03:10:08 - [MESSAGE][PASSED] - Object: 'Object Repository/Выручка по ДЗО/Применить в фильтре Выручка' is clicked on

03-12-2024T03:10:08 - [TEST_STEP][PASSED] - Script1687405711779.Test(todaysDate): null

03-12-2024T03:10:08 - [TEST_STEP][FAILED] - if (verifyTextNotPresent("нет данных", false) == true): Text 'нет данных' is present on page  (Root cause: com.kms.katalon.core.exception.StepFailedException: Text 'нет данных' is present on page 
	at com.kms.katalon.core.webui.keyword.internal.WebUIKeywordMain.stepFailed(WebUIKeywordMain.groovy:64)
	at com.kms.katalon.core.webui.keyword.builtin.VerifyTextNotPresentKeyword$_verifyTextNotPresent_closure1.doCall(VerifyTextNotPresentKeyword.groovy:77)
	at com.kms.katalon.core.webui.keyword.builtin.VerifyTextNotPresentKeyword$_verifyTextNotPresent_closure1.call(VerifyTextNotPresentKeyword.groovy)
	at com.kms.katalon.core.webui.keyword.internal.WebUIKeywordMain.runKeyword(WebUIKeywordMain.groovy:20)
	at com.kms.katalon.core.webui.keyword.builtin.VerifyTextNotPresentKeyword.verifyTextNotPresent(VerifyTextNotPresentKeyword.groovy:82)
	at com.kms.katalon.core.webui.keyword.builtin.VerifyTextNotPresentKeyword.execute(VerifyTextNotPresentKeyword.groovy:68)
	at com.kms.katalon.core.keyword.internal.KeywordExecutor.executeKeywordForPlatform(KeywordExecutor.groovy:74)
	at com.kms.katalon.core.webui.keyword.WebUiBuiltInKeywords.verifyTextNotPresent(WebUiBuiltInKeywords.groovy:1795)
	at Выручка по ДЗО отображение данных все филиалы.Test(Выручка по ДЗО отображение данных все филиалы:782)
	at Выручка по ДЗО отображение данных все филиалы.Tumbler(Выручка по ДЗО отображение данных все филиалы:738)
	at Выручка по ДЗО отображение данных все филиалы.Change(Выручка по ДЗО отображение данных все филиалы:772)
	at Выручка по ДЗО отображение данных все филиалы.DzoTest(Выручка по ДЗО отображение данных все филиалы:588)
	at Выручка по ДЗО отображение данных все филиалы.run(Выручка по ДЗО отображение данных все филиалы:134)
	at com.kms.katalon.core.main.ScriptEngine.run(ScriptEngine.java:194)
	at com.kms.katalon.core.main.ScriptEngine.runScriptAsRawText(ScriptEngine.java:119)
	at com.kms.katalon.core.main.TestCaseExecutor.runScript(TestCaseExecutor.java:448)
	at com.kms.katalon.core.main.TestCaseExecutor.doExecute(TestCaseExecutor.java:439)
	at com.kms.katalon.core.main.TestCaseExecutor.processExecutionPhase(TestCaseExecutor.java:418)
	at com.kms.katalon.core.main.TestCaseExecutor.accessMainPhase(TestCaseExecutor.java:410)
	at com.kms.katalon.core.main.TestCaseExecutor.execute(TestCaseExecutor.java:285)
	at com.kms.katalon.core.common.CommonExecutor.accessTestCaseMainPhase(CommonExecutor.java:65)
	at com.kms.katalon.core.main.TestSuiteExecutor.accessTestSuiteMainPhase(TestSuiteExecutor.java:150)
	at com.kms.katalon.core.main.TestSuiteExecutor.execute(TestSuiteExecutor.java:106)
	at com.kms.katalon.core.main.TestCaseMain.startTestSuite(TestCaseMain.java:180)
	at TempTestSuite1733182698305.run(TempTestSuite1733182698305.groovy:35)
	at java.base/jdk.internal.reflect.NativeMethodAccessorImpl.invoke0(Native Method)
	at java.base/jdk.internal.reflect.NativeMethodAccessorImpl.invoke(NativeMethodAccessorImpl.java:77)
	at java.base/jdk.internal.reflect.DelegatingMethodAccessorImpl.invoke(DelegatingMethodAccessorImpl.java:43)
)

03-12-2024T03:10:10 - [MESSAGE][FAILED] - Text 'нет данных' is present on page  (Root cause: com.kms.katalon.core.exception.StepFailedException: Text 'нет данных' is present on page 
	at com.kms.katalon.core.webui.keyword.internal.WebUIKeywordMain.stepFailed(WebUIKeywordMain.groovy:64)
	at com.kms.katalon.core.webui.keyword.builtin.VerifyTextNotPresentKeyword$_verifyTextNotPresent_closure1.doCall(VerifyTextNotPresentKeyword.groovy:77)
	at com.kms.katalon.core.webui.keyword.builtin.VerifyTextNotPresentKeyword$_verifyTextNotPresent_closure1.call(VerifyTextNotPresentKeyword.groovy)
	at com.kms.katalon.core.webui.keyword.internal.WebUIKeywordMain.runKeyword(WebUIKeywordMain.groovy:20)
	at com.kms.katalon.core.webui.keyword.builtin.VerifyTextNotPresentKeyword.verifyTextNotPresent(VerifyTextNotPresentKeyword.groovy:82)
	at com.kms.katalon.core.webui.keyword.builtin.VerifyTextNotPresentKeyword.execute(VerifyTextNotPresentKeyword.groovy:68)
	at com.kms.katalon.core.keyword.internal.KeywordExecutor.executeKeywordForPlatform(KeywordExecutor.groovy:74)
	at com.kms.katalon.core.webui.keyword.WebUiBuiltInKeywords.verifyTextNotPresent(WebUiBuiltInKeywords.groovy:1795)
	at Выручка по ДЗО отображение данных все филиалы.Test(Выручка по ДЗО отображение данных все филиалы:782)
	at Выручка по ДЗО отображение данных все филиалы.Tumbler(Выручка по ДЗО отображение данных все филиалы:738)
	at Выручка по ДЗО отображение данных все филиалы.Change(Выручка по ДЗО отображение данных все филиалы:772)
	at Выручка по ДЗО отображение данных все филиалы.DzoTest(Выручка по ДЗО отображение данных все филиалы:588)
	at Выручка по ДЗО отображение данных все филиалы.run(Выручка по ДЗО отображение данных все филиалы:134)
	at com.kms.katalon.core.main.ScriptEngine.run(ScriptEngine.java:194)
	at com.kms.katalon.core.main.ScriptEngine.runScriptAsRawText(ScriptEngine.java:119)
	at com.kms.katalon.core.main.TestCaseExecutor.runScript(TestCaseExecutor.java:448)
	at com.kms.katalon.core.main.TestCaseExecutor.doExecute(TestCaseExecutor.java:439)
	at com.kms.katalon.core.main.TestCaseExecutor.processExecutionPhase(TestCaseExecutor.java:418)
	at com.kms.katalon.core.main.TestCaseExecutor.accessMainPhase(TestCaseExecutor.java:410)
	at com.kms.katalon.core.main.TestCaseExecutor.execute(TestCaseExecutor.java:285)
	at com.kms.katalon.core.common.CommonExecutor.accessTestCaseMainPhase(CommonExecutor.java:65)
	at com.kms.katalon.core.main.TestSuiteExecutor.accessTestSuiteMainPhase(TestSuiteExecutor.java:150)
	at com.kms.katalon.core.main.TestSuiteExecutor.execute(TestSuiteExecutor.java:106)
	at com.kms.katalon.core.main.TestCaseMain.startTestSuite(TestCaseMain.java:180)
	at TempTestSuite1733182698305.run(TempTestSuite1733182698305.groovy:35)
	at java.base/jdk.internal.reflect.NativeMethodAccessorImpl.invoke0(Native Method)
	at java.base/jdk.internal.reflect.NativeMethodAccessorImpl.invoke(NativeMethodAccessorImpl.java:77)
	at java.base/jdk.internal.reflect.DelegatingMethodAccessorImpl.invoke(DelegatingMethodAccessorImpl.java:43)
)

03-12-2024T03:10:10 - [TEST_STEP][PASSED] - else: null

03-12-2024T03:10:10 - [TEST_STEP][PASSED] - Script1687405711779.WriteToExcel(todaysDate): null

03-12-2024T03:10:10 - [TEST_STEP][PASSED] - sheetName = "Sheet1": null

03-12-2024T03:10:10 - [TEST_STEP][PASSED] - data = findTestData("PlanFact"): null

03-12-2024T03:10:10 - [TEST_STEP][PASSED] - n = data.getRowNumbers() + 1: null

03-12-2024T03:10:10 - [TEST_STEP][PASSED] - dZO = getText(findTestObject("Выручка по ДЗО/Фильтр ДЗО")): Text of object 'Object Repository/Выручка по ДЗО/Фильтр ДЗО' is: 'ПАО Россети - РаспредКомплекс - Россети Центр - Тамбовэнерго'

03-12-2024T03:10:10 - [MESSAGE][PASSED] - Text of object 'Object Repository/Выручка по ДЗО/Фильтр ДЗО' is: 'ПАО Россети - РаспредКомплекс - Россети Центр - Тамбовэнерго'

03-12-2024T03:10:10 - [TEST_STEP][PASSED] - period = getText(findTestObject("Выручка по ДЗО/Фильтр Дата")): Text of object 'Object Repository/Выручка по ДЗО/Фильтр Дата' is: '1, 2, 3 кв., Октябрь 2024 года'

03-12-2024T03:10:11 - [MESSAGE][PASSED] - Text of object 'Object Repository/Выручка по ДЗО/Фильтр Дата' is: '1, 2, 3 кв., Октябрь 2024 года'

03-12-2024T03:10:11 - [TEST_STEP][PASSED] - viruchka = getText(findTestObject("Выручка по ДЗО/Фильтр Выручка")): Text of object 'Object Repository/Выручка по ДЗО/Фильтр Выручка' is: 'внутренний оборот'

03-12-2024T03:10:11 - [MESSAGE][PASSED] - Text of object 'Object Repository/Выручка по ДЗО/Фильтр Выручка' is: 'внутренний оборот'

03-12-2024T03:10:11 - [TEST_STEP][PASSED] - if (viruchka == "Выбрано: 2"): null

03-12-2024T03:10:11 - [TEST_STEP][PASSED] - if (viruchka == "Все"): null

03-12-2024T03:10:11 - [TEST_STEP][PASSED] - println(period): null

03-12-2024T03:10:11 - [TEST_STEP][PASSED] - dashboardName = "Выручка по ДЗО": null

03-12-2024T03:10:11 - [TEST_STEP][PASSED] - workbook01 = getWorkbook(excelFilePath): null

03-12-2024T03:10:11 - [TEST_STEP][PASSED] - sheet01 = getExcelSheet(workbook01, sheetName): null

03-12-2024T03:10:11 - [TEST_STEP][PASSED] - setValueToCellByIndex(sheet01, n, 0, dashboardName): null

03-12-2024T03:10:11 - [TEST_STEP][PASSED] - setValueToCellByIndex(sheet01, n, 1, dZO): null

03-12-2024T03:10:11 - [TEST_STEP][PASSED] - setValueToCellByIndex(sheet01, n, 2, period): null

03-12-2024T03:10:11 - [TEST_STEP][PASSED] - setValueToCellByIndex(sheet01, n, 3, viruchka): null

03-12-2024T03:10:11 - [TEST_STEP][PASSED] - setValueToCellByIndex(sheet01, n, 4, todaysDate): null

03-12-2024T03:10:11 - [TEST_STEP][PASSED] - n = n + 1: null

03-12-2024T03:10:11 - [TEST_STEP][PASSED] - saveWorkbook(excelFilePath, workbook01): null

03-12-2024T03:10:11 - [TEST_STEP][PASSED] - click(findTestObject("Выручка по ДЗО/Фильтр Выручка")): Object: 'Object Repository/Выручка по ДЗО/Фильтр Выручка' is clicked on

03-12-2024T03:10:12 - [MESSAGE][PASSED] - Object: 'Object Repository/Выручка по ДЗО/Фильтр Выручка' is clicked on

03-12-2024T03:10:12 - [TEST_STEP][PASSED] - click(findTestObject("Выручка по ДЗО/По передаче в фильтре Выручка")): Object: 'Object Repository/Выручка по ДЗО/По передаче в фильтре Выручка' is clicked on

03-12-2024T03:10:12 - [MESSAGE][PASSED] - Object: 'Object Repository/Выручка по ДЗО/По передаче в фильтре Выручка' is clicked on

03-12-2024T03:10:12 - [TEST_STEP][PASSED] - click(findTestObject("Выручка по ДЗО/Применить в фильтре Выручка")): Object: 'Object Repository/Выручка по ДЗО/Применить в фильтре Выручка' is clicked on

03-12-2024T03:10:13 - [MESSAGE][PASSED] - Object: 'Object Repository/Выручка по ДЗО/Применить в фильтре Выручка' is clicked on

03-12-2024T03:10:13 - [TEST_STEP][PASSED] - Script1687405711779.Test(todaysDate): null

03-12-2024T03:10:13 - [TEST_STEP][PASSED] - if (verifyTextNotPresent("нет данных", false) == true): null

03-12-2024T03:10:15 - [MESSAGE][PASSED] - Text 'нет данных' is not present on page

03-12-2024T03:10:15 - [TEST_STEP][PASSED] - if (verifyTextNotPresent("Ошибка запроса данных", false) == true): null

03-12-2024T03:10:16 - [MESSAGE][PASSED] - Text 'Ошибка запроса данных' is not present on page

03-12-2024T03:10:16 - [TEST_STEP][PASSED] - if (verifyTextNotPresent("Произошла ошибка при выполнении пользовательского кода", false) == true): null

03-12-2024T03:10:16 - [MESSAGE][PASSED] - Text 'Произошла ошибка при выполнении пользовательского кода' is not present on page

03-12-2024T03:10:16 - [TEST_STEP][PASSED] - if (verifyTextNotPresent("У виджета нет данных", false) == true): null

03-12-2024T03:10:17 - [MESSAGE][PASSED] - Text 'У виджета нет данных' is not present on page

03-12-2024T03:10:17 - [TEST_STEP][PASSED] - if (verifyTextNotPresent("У виджета нет данных", false) == true): Text 'У виджета нет данных' is not present on page

03-12-2024T03:10:17 - [MESSAGE][PASSED] - Text 'У виджета нет данных' is not present on page

03-12-2024T03:10:17 - [TEST_STEP][PASSED] - click(findTestObject("Выручка по ДЗО/Фильтр Выручка")): Object: 'Object Repository/Выручка по ДЗО/Фильтр Выручка' is clicked on

03-12-2024T03:10:17 - [MESSAGE][PASSED] - Object: 'Object Repository/Выручка по ДЗО/Фильтр Выручка' is clicked on

03-12-2024T03:10:17 - [TEST_STEP][PASSED] - click(findTestObject("Выручка по ДЗО/Снять выделение в фильтре Выручка")): Object: 'Object Repository/Выручка по ДЗО/Снять выделение в фильтре Выручка' is clicked on

03-12-2024T03:10:18 - [MESSAGE][PASSED] - Object: 'Object Repository/Выручка по ДЗО/Снять выделение в фильтре Выручка' is clicked on

03-12-2024T03:10:18 - [TEST_STEP][PASSED] - click(findTestObject("Выручка по ДЗО/По передаче в фильтре Выручка")): Object: 'Object Repository/Выручка по ДЗО/По передаче в фильтре Выручка' is clicked on

03-12-2024T03:10:18 - [MESSAGE][PASSED] - Object: 'Object Repository/Выручка по ДЗО/По передаче в фильтре Выручка' is clicked on

03-12-2024T03:10:18 - [TEST_STEP][PASSED] - click(findTestObject("Выручка по ДЗО/Применить в фильтре Выручка")): Object: 'Object Repository/Выручка по ДЗО/Применить в фильтре Выручка' is clicked on

03-12-2024T03:10:19 - [MESSAGE][PASSED] - Object: 'Object Repository/Выручка по ДЗО/Применить в фильтре Выручка' is clicked on

03-12-2024T03:10:19 - [TEST_STEP][PASSED] - Script1687405711779.Test(todaysDate): null

03-12-2024T03:10:19 - [TEST_STEP][PASSED] - if (verifyTextNotPresent("нет данных", false) == true): null

03-12-2024T03:10:21 - [MESSAGE][PASSED] - Text 'нет данных' is not present on page

03-12-2024T03:10:21 - [TEST_STEP][PASSED] - if (verifyTextNotPresent("Ошибка запроса данных", false) == true): null

03-12-2024T03:10:22 - [MESSAGE][PASSED] - Text 'Ошибка запроса данных' is not present on page

03-12-2024T03:10:22 - [TEST_STEP][PASSED] - if (verifyTextNotPresent("Произошла ошибка при выполнении пользовательского кода", false) == true): null

03-12-2024T03:10:22 - [MESSAGE][PASSED] - Text 'Произошла ошибка при выполнении пользовательского кода' is not present on page

03-12-2024T03:10:22 - [TEST_STEP][PASSED] - if (verifyTextNotPresent("У виджета нет данных", false) == true): null

03-12-2024T03:10:23 - [MESSAGE][PASSED] - Text 'У виджета нет данных' is not present on page

03-12-2024T03:10:23 - [TEST_STEP][PASSED] - if (verifyTextNotPresent("У виджета нет данных", false) == true): Text 'У виджета нет данных' is not present on page

03-12-2024T03:10:23 - [MESSAGE][PASSED] - Text 'У виджета нет данных' is not present on page

03-12-2024T03:10:23 - [TEST_STEP][PASSED] - click(findTestObject("Выручка по ДЗО/Фильтр Выручка")): Object: 'Object Repository/Выручка по ДЗО/Фильтр Выручка' is clicked on

03-12-2024T03:10:23 - [MESSAGE][PASSED] - Object: 'Object Repository/Выручка по ДЗО/Фильтр Выручка' is clicked on

03-12-2024T03:10:23 - [TEST_STEP][PASSED] - click(findTestObject("Выручка по ДЗО/Снять выделение в фильтре Выручка")): Object: 'Object Repository/Выручка по ДЗО/Снять выделение в фильтре Выручка' is clicked on

03-12-2024T03:10:24 - [MESSAGE][PASSED] - Object: 'Object Repository/Выручка по ДЗО/Снять выделение в фильтре Выручка' is clicked on

03-12-2024T03:10:24 - [TEST_STEP][PASSED] - click(findTestObject("Выручка по ДЗО/Применить в фильтре Выручка")): Object: 'Object Repository/Выручка по ДЗО/Применить в фильтре Выручка' is clicked on

03-12-2024T03:10:24 - [MESSAGE][PASSED] - Object: 'Object Repository/Выручка по ДЗО/Применить в фильтре Выручка' is clicked on

03-12-2024T03:10:24 - [TEST_STEP][PASSED] - click(findTestObject("Выручка по ДЗО/Фильтр ДЗО")): Object: 'Object Repository/Выручка по ДЗО/Фильтр ДЗО' is clicked on

03-12-2024T03:10:26 - [MESSAGE][PASSED] - Object: 'Object Repository/Выручка по ДЗО/Фильтр ДЗО' is clicked on

03-12-2024T03:10:26 - [TEST_STEP][PASSED] - click(findTestObject("Выручка по ДЗО/Снять выделение в фильтре ДЗО")): Object: 'Object Repository/Выручка по ДЗО/Снять выделение в фильтре ДЗО' is clicked on

03-12-2024T03:10:26 - [MESSAGE][PASSED] - Object: 'Object Repository/Выручка по ДЗО/Снять выделение в фильтре ДЗО' is clicked on

03-12-2024T03:10:26 - [TEST_STEP][PASSED] - scrollToElement(findTestObject("Общие объекты/Тверьэнерго"), 30): Scroll to object 'Object Repository/Общие объекты/Тверьэнерго' successfully

03-12-2024T03:10:27 - [MESSAGE][PASSED] - Scroll to object 'Object Repository/Общие объекты/Тверьэнерго' successfully

03-12-2024T03:10:27 - [TEST_STEP][PASSED] - click(findTestObject("Общие объекты/Тверьэнерго"), CONTINUE_ON_FAILURE): Object: 'Object Repository/Общие объекты/Тверьэнерго' is clicked on

03-12-2024T03:10:27 - [MESSAGE][PASSED] - Object: 'Object Repository/Общие объекты/Тверьэнерго' is clicked on

03-12-2024T03:10:27 - [TEST_STEP][PASSED] - Script1687405711779.Change(todaysDate): null

03-12-2024T03:10:27 - [TEST_STEP][PASSED] - scrollToElement(findTestObject("Выручка по ДЗО/Заголовок дашборда"), 30): Scroll to object 'Object Repository/Выручка по ДЗО/Заголовок дашборда' successfully

03-12-2024T03:10:28 - [MESSAGE][PASSED] - Scroll to object 'Object Repository/Выручка по ДЗО/Заголовок дашборда' successfully

03-12-2024T03:10:28 - [TEST_STEP][PASSED] - click(findTestObject("Выручка по ДЗО/Применить в фильтре ДЗО")): Object: 'Object Repository/Выручка по ДЗО/Применить в фильтре ДЗО' is clicked on

03-12-2024T03:10:28 - [MESSAGE][PASSED] - Object: 'Object Repository/Выручка по ДЗО/Применить в фильтре ДЗО' is clicked on

03-12-2024T03:10:28 - [TEST_STEP][PASSED] - Script1687405711779.Tumbler(todaysDate): null

03-12-2024T03:10:28 - [TEST_STEP][PASSED] - Script1687405711779.Test(todaysDate): null

03-12-2024T03:10:28 - [TEST_STEP][PASSED] - if (verifyTextNotPresent("нет данных", false) == true): null

03-12-2024T03:10:30 - [MESSAGE][PASSED] - Text 'нет данных' is not present on page

03-12-2024T03:10:30 - [TEST_STEP][PASSED] - if (verifyTextNotPresent("Ошибка запроса данных", false) == true): null

03-12-2024T03:10:31 - [MESSAGE][PASSED] - Text 'Ошибка запроса данных' is not present on page

03-12-2024T03:10:31 - [TEST_STEP][PASSED] - if (verifyTextNotPresent("Произошла ошибка при выполнении пользовательского кода", false) == true): null

03-12-2024T03:10:32 - [MESSAGE][PASSED] - Text 'Произошла ошибка при выполнении пользовательского кода' is not present on page

03-12-2024T03:10:32 - [TEST_STEP][PASSED] - if (verifyTextNotPresent("У виджета нет данных", false) == true): null

03-12-2024T03:10:33 - [MESSAGE][PASSED] - Text 'У виджета нет данных' is not present on page

03-12-2024T03:10:33 - [TEST_STEP][PASSED] - if (verifyTextNotPresent("У виджета нет данных", false) == true): Text 'У виджета нет данных' is not present on page

03-12-2024T03:10:33 - [MESSAGE][PASSED] - Text 'У виджета нет данных' is not present on page

03-12-2024T03:10:33 - [TEST_STEP][PASSED] - click(findTestObject("Выручка по ДЗО/Фильтр Выручка")): Object: 'Object Repository/Выручка по ДЗО/Фильтр Выручка' is clicked on

03-12-2024T03:10:33 - [MESSAGE][PASSED] - Object: 'Object Repository/Выручка по ДЗО/Фильтр Выручка' is clicked on

03-12-2024T03:10:33 - [TEST_STEP][PASSED] - click(findTestObject("Выручка по ДЗО/Внутренний оборот в фильтре Выручка")): Object: 'Object Repository/Выручка по ДЗО/Внутренний оборот в фильтре Выручка' is clicked on

03-12-2024T03:10:34 - [MESSAGE][PASSED] - Object: 'Object Repository/Выручка по ДЗО/Внутренний оборот в фильтре Выручка' is clicked on

03-12-2024T03:10:34 - [TEST_STEP][PASSED] - click(findTestObject("Выручка по ДЗО/Применить в фильтре Выручка")): Object: 'Object Repository/Выручка по ДЗО/Применить в фильтре Выручка' is clicked on

03-12-2024T03:10:35 - [MESSAGE][PASSED] - Object: 'Object Repository/Выручка по ДЗО/Применить в фильтре Выручка' is clicked on

03-12-2024T03:10:35 - [TEST_STEP][PASSED] - Script1687405711779.Test(todaysDate): null

03-12-2024T03:10:35 - [TEST_STEP][FAILED] - if (verifyTextNotPresent("нет данных", false) == true): Text 'нет данных' is present on page  (Root cause: com.kms.katalon.core.exception.StepFailedException: Text 'нет данных' is present on page 
	at com.kms.katalon.core.webui.keyword.internal.WebUIKeywordMain.stepFailed(WebUIKeywordMain.groovy:64)
	at com.kms.katalon.core.webui.keyword.builtin.VerifyTextNotPresentKeyword$_verifyTextNotPresent_closure1.doCall(VerifyTextNotPresentKeyword.groovy:77)
	at com.kms.katalon.core.webui.keyword.builtin.VerifyTextNotPresentKeyword$_verifyTextNotPresent_closure1.call(VerifyTextNotPresentKeyword.groovy)
	at com.kms.katalon.core.webui.keyword.internal.WebUIKeywordMain.runKeyword(WebUIKeywordMain.groovy:20)
	at com.kms.katalon.core.webui.keyword.builtin.VerifyTextNotPresentKeyword.verifyTextNotPresent(VerifyTextNotPresentKeyword.groovy:82)
	at com.kms.katalon.core.webui.keyword.builtin.VerifyTextNotPresentKeyword.execute(VerifyTextNotPresentKeyword.groovy:68)
	at com.kms.katalon.core.keyword.internal.KeywordExecutor.executeKeywordForPlatform(KeywordExecutor.groovy:74)
	at com.kms.katalon.core.webui.keyword.WebUiBuiltInKeywords.verifyTextNotPresent(WebUiBuiltInKeywords.groovy:1795)
	at Выручка по ДЗО отображение данных все филиалы.Test(Выручка по ДЗО отображение данных все филиалы:782)
	at Выручка по ДЗО отображение данных все филиалы.Tumbler(Выручка по ДЗО отображение данных все филиалы:738)
	at Выручка по ДЗО отображение данных все филиалы.Change(Выручка по ДЗО отображение данных все филиалы:772)
	at Выручка по ДЗО отображение данных все филиалы.DzoTest(Выручка по ДЗО отображение данных все филиалы:594)
	at Выручка по ДЗО отображение данных все филиалы.run(Выручка по ДЗО отображение данных все филиалы:134)
	at com.kms.katalon.core.main.ScriptEngine.run(ScriptEngine.java:194)
	at com.kms.katalon.core.main.ScriptEngine.runScriptAsRawText(ScriptEngine.java:119)
	at com.kms.katalon.core.main.TestCaseExecutor.runScript(TestCaseExecutor.java:448)
	at com.kms.katalon.core.main.TestCaseExecutor.doExecute(TestCaseExecutor.java:439)
	at com.kms.katalon.core.main.TestCaseExecutor.processExecutionPhase(TestCaseExecutor.java:418)
	at com.kms.katalon.core.main.TestCaseExecutor.accessMainPhase(TestCaseExecutor.java:410)
	at com.kms.katalon.core.main.TestCaseExecutor.execute(TestCaseExecutor.java:285)
	at com.kms.katalon.core.common.CommonExecutor.accessTestCaseMainPhase(CommonExecutor.java:65)
	at com.kms.katalon.core.main.TestSuiteExecutor.accessTestSuiteMainPhase(TestSuiteExecutor.java:150)
	at com.kms.katalon.core.main.TestSuiteExecutor.execute(TestSuiteExecutor.java:106)
	at com.kms.katalon.core.main.TestCaseMain.startTestSuite(TestCaseMain.java:180)
	at TempTestSuite1733182698305.run(TempTestSuite1733182698305.groovy:35)
	at java.base/jdk.internal.reflect.NativeMethodAccessorImpl.invoke0(Native Method)
	at java.base/jdk.internal.reflect.NativeMethodAccessorImpl.invoke(NativeMethodAccessorImpl.java:77)
	at java.base/jdk.internal.reflect.DelegatingMethodAccessorImpl.invoke(DelegatingMethodAccessorImpl.java:43)
)

03-12-2024T03:10:38 - [MESSAGE][FAILED] - Text 'нет данных' is present on page  (Root cause: com.kms.katalon.core.exception.StepFailedException: Text 'нет данных' is present on page 
	at com.kms.katalon.core.webui.keyword.internal.WebUIKeywordMain.stepFailed(WebUIKeywordMain.groovy:64)
	at com.kms.katalon.core.webui.keyword.builtin.VerifyTextNotPresentKeyword$_verifyTextNotPresent_closure1.doCall(VerifyTextNotPresentKeyword.groovy:77)
	at com.kms.katalon.core.webui.keyword.builtin.VerifyTextNotPresentKeyword$_verifyTextNotPresent_closure1.call(VerifyTextNotPresentKeyword.groovy)
	at com.kms.katalon.core.webui.keyword.internal.WebUIKeywordMain.runKeyword(WebUIKeywordMain.groovy:20)
	at com.kms.katalon.core.webui.keyword.builtin.VerifyTextNotPresentKeyword.verifyTextNotPresent(VerifyTextNotPresentKeyword.groovy:82)
	at com.kms.katalon.core.webui.keyword.builtin.VerifyTextNotPresentKeyword.execute(VerifyTextNotPresentKeyword.groovy:68)
	at com.kms.katalon.core.keyword.internal.KeywordExecutor.executeKeywordForPlatform(KeywordExecutor.groovy:74)
	at com.kms.katalon.core.webui.keyword.WebUiBuiltInKeywords.verifyTextNotPresent(WebUiBuiltInKeywords.groovy:1795)
	at Выручка по ДЗО отображение данных все филиалы.Test(Выручка по ДЗО отображение данных все филиалы:782)
	at Выручка по ДЗО отображение данных все филиалы.Tumbler(Выручка по ДЗО отображение данных все филиалы:738)
	at Выручка по ДЗО отображение данных все филиалы.Change(Выручка по ДЗО отображение данных все филиалы:772)
	at Выручка по ДЗО отображение данных все филиалы.DzoTest(Выручка по ДЗО отображение данных все филиалы:594)
	at Выручка по ДЗО отображение данных все филиалы.run(Выручка по ДЗО отображение данных все филиалы:134)
	at com.kms.katalon.core.main.ScriptEngine.run(ScriptEngine.java:194)
	at com.kms.katalon.core.main.ScriptEngine.runScriptAsRawText(ScriptEngine.java:119)
	at com.kms.katalon.core.main.TestCaseExecutor.runScript(TestCaseExecutor.java:448)
	at com.kms.katalon.core.main.TestCaseExecutor.doExecute(TestCaseExecutor.java:439)
	at com.kms.katalon.core.main.TestCaseExecutor.processExecutionPhase(TestCaseExecutor.java:418)
	at com.kms.katalon.core.main.TestCaseExecutor.accessMainPhase(TestCaseExecutor.java:410)
	at com.kms.katalon.core.main.TestCaseExecutor.execute(TestCaseExecutor.java:285)
	at com.kms.katalon.core.common.CommonExecutor.accessTestCaseMainPhase(CommonExecutor.java:65)
	at com.kms.katalon.core.main.TestSuiteExecutor.accessTestSuiteMainPhase(TestSuiteExecutor.java:150)
	at com.kms.katalon.core.main.TestSuiteExecutor.execute(TestSuiteExecutor.java:106)
	at com.kms.katalon.core.main.TestCaseMain.startTestSuite(TestCaseMain.java:180)
	at TempTestSuite1733182698305.run(TempTestSuite1733182698305.groovy:35)
	at java.base/jdk.internal.reflect.NativeMethodAccessorImpl.invoke0(Native Method)
	at java.base/jdk.internal.reflect.NativeMethodAccessorImpl.invoke(NativeMethodAccessorImpl.java:77)
	at java.base/jdk.internal.reflect.DelegatingMethodAccessorImpl.invoke(DelegatingMethodAccessorImpl.java:43)
)

03-12-2024T03:10:38 - [TEST_STEP][PASSED] - else: null

03-12-2024T03:10:38 - [TEST_STEP][PASSED] - Script1687405711779.WriteToExcel(todaysDate): null

03-12-2024T03:10:38 - [TEST_STEP][PASSED] - sheetName = "Sheet1": null

03-12-2024T03:10:38 - [TEST_STEP][PASSED] - data = findTestData("PlanFact"): null

03-12-2024T03:10:38 - [TEST_STEP][PASSED] - n = data.getRowNumbers() + 1: null

03-12-2024T03:10:38 - [TEST_STEP][PASSED] - dZO = getText(findTestObject("Выручка по ДЗО/Фильтр ДЗО")): Text of object 'Object Repository/Выручка по ДЗО/Фильтр ДЗО' is: 'ПАО Россети - РаспредКомплекс - Россети Центр - Тверьэнерго'

03-12-2024T03:10:38 - [MESSAGE][PASSED] - Text of object 'Object Repository/Выручка по ДЗО/Фильтр ДЗО' is: 'ПАО Россети - РаспредКомплекс - Россети Центр - Тверьэнерго'

03-12-2024T03:10:38 - [TEST_STEP][PASSED] - period = getText(findTestObject("Выручка по ДЗО/Фильтр Дата")): Text of object 'Object Repository/Выручка по ДЗО/Фильтр Дата' is: '1, 2, 3 кв., Октябрь 2024 года'

03-12-2024T03:10:39 - [MESSAGE][PASSED] - Text of object 'Object Repository/Выручка по ДЗО/Фильтр Дата' is: '1, 2, 3 кв., Октябрь 2024 года'

03-12-2024T03:10:39 - [TEST_STEP][PASSED] - viruchka = getText(findTestObject("Выручка по ДЗО/Фильтр Выручка")): Text of object 'Object Repository/Выручка по ДЗО/Фильтр Выручка' is: 'внутренний оборот'

03-12-2024T03:10:39 - [MESSAGE][PASSED] - Text of object 'Object Repository/Выручка по ДЗО/Фильтр Выручка' is: 'внутренний оборот'

03-12-2024T03:10:39 - [TEST_STEP][PASSED] - if (viruchka == "Выбрано: 2"): null

03-12-2024T03:10:39 - [TEST_STEP][PASSED] - if (viruchka == "Все"): null

03-12-2024T03:10:39 - [TEST_STEP][PASSED] - println(period): null

03-12-2024T03:10:39 - [TEST_STEP][PASSED] - dashboardName = "Выручка по ДЗО": null

03-12-2024T03:10:39 - [TEST_STEP][PASSED] - workbook01 = getWorkbook(excelFilePath): null

03-12-2024T03:10:39 - [TEST_STEP][PASSED] - sheet01 = getExcelSheet(workbook01, sheetName): null

03-12-2024T03:10:39 - [TEST_STEP][PASSED] - setValueToCellByIndex(sheet01, n, 0, dashboardName): null

03-12-2024T03:10:39 - [TEST_STEP][PASSED] - setValueToCellByIndex(sheet01, n, 1, dZO): null

03-12-2024T03:10:39 - [TEST_STEP][PASSED] - setValueToCellByIndex(sheet01, n, 2, period): null

03-12-2024T03:10:39 - [TEST_STEP][PASSED] - setValueToCellByIndex(sheet01, n, 3, viruchka): null

03-12-2024T03:10:39 - [TEST_STEP][PASSED] - setValueToCellByIndex(sheet01, n, 4, todaysDate): null

03-12-2024T03:10:39 - [TEST_STEP][PASSED] - n = n + 1: null

03-12-2024T03:10:39 - [TEST_STEP][PASSED] - saveWorkbook(excelFilePath, workbook01): null

03-12-2024T03:10:39 - [TEST_STEP][PASSED] - click(findTestObject("Выручка по ДЗО/Фильтр Выручка")): Object: 'Object Repository/Выручка по ДЗО/Фильтр Выручка' is clicked on

03-12-2024T03:10:40 - [MESSAGE][PASSED] - Object: 'Object Repository/Выручка по ДЗО/Фильтр Выручка' is clicked on

03-12-2024T03:10:40 - [TEST_STEP][PASSED] - click(findTestObject("Выручка по ДЗО/По передаче в фильтре Выручка")): Object: 'Object Repository/Выручка по ДЗО/По передаче в фильтре Выручка' is clicked on

03-12-2024T03:10:40 - [MESSAGE][PASSED] - Object: 'Object Repository/Выручка по ДЗО/По передаче в фильтре Выручка' is clicked on

03-12-2024T03:10:40 - [TEST_STEP][PASSED] - click(findTestObject("Выручка по ДЗО/Применить в фильтре Выручка")): Object: 'Object Repository/Выручка по ДЗО/Применить в фильтре Выручка' is clicked on

03-12-2024T03:10:41 - [MESSAGE][PASSED] - Object: 'Object Repository/Выручка по ДЗО/Применить в фильтре Выручка' is clicked on

03-12-2024T03:10:41 - [TEST_STEP][PASSED] - Script1687405711779.Test(todaysDate): null

03-12-2024T03:10:41 - [TEST_STEP][PASSED] - if (verifyTextNotPresent("нет данных", false) == true): null

03-12-2024T03:10:43 - [MESSAGE][PASSED] - Text 'нет данных' is not present on page

03-12-2024T03:10:43 - [TEST_STEP][PASSED] - if (verifyTextNotPresent("Ошибка запроса данных", false) == true): null

03-12-2024T03:10:44 - [MESSAGE][PASSED] - Text 'Ошибка запроса данных' is not present on page

03-12-2024T03:10:44 - [TEST_STEP][PASSED] - if (verifyTextNotPresent("Произошла ошибка при выполнении пользовательского кода", false) == true): null

03-12-2024T03:10:44 - [MESSAGE][PASSED] - Text 'Произошла ошибка при выполнении пользовательского кода' is not present on page

03-12-2024T03:10:44 - [TEST_STEP][PASSED] - if (verifyTextNotPresent("У виджета нет данных", false) == true): null

03-12-2024T03:10:45 - [MESSAGE][PASSED] - Text 'У виджета нет данных' is not present on page

03-12-2024T03:10:45 - [TEST_STEP][PASSED] - if (verifyTextNotPresent("У виджета нет данных", false) == true): Text 'У виджета нет данных' is not present on page

03-12-2024T03:10:45 - [MESSAGE][PASSED] - Text 'У виджета нет данных' is not present on page

03-12-2024T03:10:45 - [TEST_STEP][PASSED] - click(findTestObject("Выручка по ДЗО/Фильтр Выручка")): Object: 'Object Repository/Выручка по ДЗО/Фильтр Выручка' is clicked on

03-12-2024T03:10:46 - [MESSAGE][PASSED] - Object: 'Object Repository/Выручка по ДЗО/Фильтр Выручка' is clicked on

03-12-2024T03:10:46 - [TEST_STEP][PASSED] - click(findTestObject("Выручка по ДЗО/Снять выделение в фильтре Выручка")): Object: 'Object Repository/Выручка по ДЗО/Снять выделение в фильтре Выручка' is clicked on

03-12-2024T03:10:46 - [MESSAGE][PASSED] - Object: 'Object Repository/Выручка по ДЗО/Снять выделение в фильтре Выручка' is clicked on

03-12-2024T03:10:46 - [TEST_STEP][PASSED] - click(findTestObject("Выручка по ДЗО/По передаче в фильтре Выручка")): Object: 'Object Repository/Выручка по ДЗО/По передаче в фильтре Выручка' is clicked on

03-12-2024T03:10:46 - [MESSAGE][PASSED] - Object: 'Object Repository/Выручка по ДЗО/По передаче в фильтре Выручка' is clicked on

03-12-2024T03:10:46 - [TEST_STEP][PASSED] - click(findTestObject("Выручка по ДЗО/Применить в фильтре Выручка")): Object: 'Object Repository/Выручка по ДЗО/Применить в фильтре Выручка' is clicked on

03-12-2024T03:10:47 - [MESSAGE][PASSED] - Object: 'Object Repository/Выручка по ДЗО/Применить в фильтре Выручка' is clicked on

03-12-2024T03:10:47 - [TEST_STEP][PASSED] - Script1687405711779.Test(todaysDate): null

03-12-2024T03:10:47 - [TEST_STEP][PASSED] - if (verifyTextNotPresent("нет данных", false) == true): null

03-12-2024T03:10:49 - [MESSAGE][PASSED] - Text 'нет данных' is not present on page

03-12-2024T03:10:49 - [TEST_STEP][PASSED] - if (verifyTextNotPresent("Ошибка запроса данных", false) == true): null

03-12-2024T03:10:50 - [MESSAGE][PASSED] - Text 'Ошибка запроса данных' is not present on page

03-12-2024T03:10:50 - [TEST_STEP][PASSED] - if (verifyTextNotPresent("Произошла ошибка при выполнении пользовательского кода", false) == true): null

03-12-2024T03:10:50 - [MESSAGE][PASSED] - Text 'Произошла ошибка при выполнении пользовательского кода' is not present on page

03-12-2024T03:10:50 - [TEST_STEP][PASSED] - if (verifyTextNotPresent("У виджета нет данных", false) == true): null

03-12-2024T03:10:51 - [MESSAGE][PASSED] - Text 'У виджета нет данных' is not present on page

03-12-2024T03:10:51 - [TEST_STEP][PASSED] - if (verifyTextNotPresent("У виджета нет данных", false) == true): Text 'У виджета нет данных' is not present on page

03-12-2024T03:10:51 - [MESSAGE][PASSED] - Text 'У виджета нет данных' is not present on page

03-12-2024T03:10:51 - [TEST_STEP][PASSED] - click(findTestObject("Выручка по ДЗО/Фильтр Выручка")): Object: 'Object Repository/Выручка по ДЗО/Фильтр Выручка' is clicked on

03-12-2024T03:10:51 - [MESSAGE][PASSED] - Object: 'Object Repository/Выручка по ДЗО/Фильтр Выручка' is clicked on

03-12-2024T03:10:51 - [TEST_STEP][PASSED] - click(findTestObject("Выручка по ДЗО/Снять выделение в фильтре Выручка")): Object: 'Object Repository/Выручка по ДЗО/Снять выделение в фильтре Выручка' is clicked on

03-12-2024T03:10:52 - [MESSAGE][PASSED] - Object: 'Object Repository/Выручка по ДЗО/Снять выделение в фильтре Выручка' is clicked on

03-12-2024T03:10:52 - [TEST_STEP][PASSED] - click(findTestObject("Выручка по ДЗО/Применить в фильтре Выручка")): Object: 'Object Repository/Выручка по ДЗО/Применить в фильтре Выручка' is clicked on

03-12-2024T03:10:52 - [MESSAGE][PASSED] - Object: 'Object Repository/Выручка по ДЗО/Применить в фильтре Выручка' is clicked on

03-12-2024T03:10:52 - [TEST_STEP][PASSED] - click(findTestObject("Выручка по ДЗО/Фильтр ДЗО")): Object: 'Object Repository/Выручка по ДЗО/Фильтр ДЗО' is clicked on

03-12-2024T03:10:54 - [MESSAGE][PASSED] - Object: 'Object Repository/Выручка по ДЗО/Фильтр ДЗО' is clicked on

03-12-2024T03:10:54 - [TEST_STEP][PASSED] - click(findTestObject("Выручка по ДЗО/Снять выделение в фильтре ДЗО")): Object: 'Object Repository/Выручка по ДЗО/Снять выделение в фильтре ДЗО' is clicked on

03-12-2024T03:10:54 - [MESSAGE][PASSED] - Object: 'Object Repository/Выручка по ДЗО/Снять выделение в фильтре ДЗО' is clicked on

03-12-2024T03:10:54 - [TEST_STEP][PASSED] - scrollToElement(findTestObject("Общие объекты/Ярэнерго"), 30): Scroll to object 'Object Repository/Общие объекты/Ярэнерго' successfully

03-12-2024T03:10:55 - [MESSAGE][PASSED] - Scroll to object 'Object Repository/Общие объекты/Ярэнерго' successfully

03-12-2024T03:10:55 - [TEST_STEP][PASSED] - click(findTestObject("Общие объекты/Ярэнерго"), CONTINUE_ON_FAILURE): Object: 'Object Repository/Общие объекты/Ярэнерго' is clicked on

03-12-2024T03:10:55 - [MESSAGE][PASSED] - Object: 'Object Repository/Общие объекты/Ярэнерго' is clicked on

03-12-2024T03:10:55 - [TEST_STEP][PASSED] - Script1687405711779.Change(todaysDate): null

03-12-2024T03:10:55 - [TEST_STEP][PASSED] - scrollToElement(findTestObject("Выручка по ДЗО/Заголовок дашборда"), 30): Scroll to object 'Object Repository/Выручка по ДЗО/Заголовок дашборда' successfully

03-12-2024T03:10:55 - [MESSAGE][PASSED] - Scroll to object 'Object Repository/Выручка по ДЗО/Заголовок дашборда' successfully

03-12-2024T03:10:55 - [TEST_STEP][PASSED] - click(findTestObject("Выручка по ДЗО/Применить в фильтре ДЗО")): Object: 'Object Repository/Выручка по ДЗО/Применить в фильтре ДЗО' is clicked on

03-12-2024T03:10:56 - [MESSAGE][PASSED] - Object: 'Object Repository/Выручка по ДЗО/Применить в фильтре ДЗО' is clicked on

03-12-2024T03:10:56 - [TEST_STEP][PASSED] - Script1687405711779.Tumbler(todaysDate): null

03-12-2024T03:10:56 - [TEST_STEP][PASSED] - Script1687405711779.Test(todaysDate): null

03-12-2024T03:10:56 - [TEST_STEP][PASSED] - if (verifyTextNotPresent("нет данных", false) == true): null

03-12-2024T03:10:58 - [MESSAGE][PASSED] - Text 'нет данных' is not present on page

03-12-2024T03:10:58 - [TEST_STEP][PASSED] - if (verifyTextNotPresent("Ошибка запроса данных", false) == true): null

03-12-2024T03:11:00 - [MESSAGE][PASSED] - Text 'Ошибка запроса данных' is not present on page

03-12-2024T03:11:00 - [TEST_STEP][PASSED] - if (verifyTextNotPresent("Произошла ошибка при выполнении пользовательского кода", false) == true): null

03-12-2024T03:11:00 - [MESSAGE][PASSED] - Text 'Произошла ошибка при выполнении пользовательского кода' is not present on page

03-12-2024T03:11:00 - [TEST_STEP][PASSED] - if (verifyTextNotPresent("У виджета нет данных", false) == true): null

03-12-2024T03:11:01 - [MESSAGE][PASSED] - Text 'У виджета нет данных' is not present on page

03-12-2024T03:11:01 - [TEST_STEP][PASSED] - if (verifyTextNotPresent("У виджета нет данных", false) == true): Text 'У виджета нет данных' is not present on page

03-12-2024T03:11:01 - [MESSAGE][PASSED] - Text 'У виджета нет данных' is not present on page

03-12-2024T03:11:01 - [TEST_STEP][PASSED] - click(findTestObject("Выручка по ДЗО/Фильтр Выручка")): Object: 'Object Repository/Выручка по ДЗО/Фильтр Выручка' is clicked on

03-12-2024T03:11:02 - [MESSAGE][PASSED] - Object: 'Object Repository/Выручка по ДЗО/Фильтр Выручка' is clicked on

03-12-2024T03:11:02 - [TEST_STEP][PASSED] - click(findTestObject("Выручка по ДЗО/Внутренний оборот в фильтре Выручка")): Object: 'Object Repository/Выручка по ДЗО/Внутренний оборот в фильтре Выручка' is clicked on

03-12-2024T03:11:02 - [MESSAGE][PASSED] - Object: 'Object Repository/Выручка по ДЗО/Внутренний оборот в фильтре Выручка' is clicked on

03-12-2024T03:11:02 - [TEST_STEP][PASSED] - click(findTestObject("Выручка по ДЗО/Применить в фильтре Выручка")): Object: 'Object Repository/Выручка по ДЗО/Применить в фильтре Выручка' is clicked on

03-12-2024T03:11:03 - [MESSAGE][PASSED] - Object: 'Object Repository/Выручка по ДЗО/Применить в фильтре Выручка' is clicked on

03-12-2024T03:11:03 - [TEST_STEP][PASSED] - Script1687405711779.Test(todaysDate): null

03-12-2024T03:11:03 - [TEST_STEP][FAILED] - if (verifyTextNotPresent("нет данных", false) == true): Text 'нет данных' is present on page  (Root cause: com.kms.katalon.core.exception.StepFailedException: Text 'нет данных' is present on page 
	at com.kms.katalon.core.webui.keyword.internal.WebUIKeywordMain.stepFailed(WebUIKeywordMain.groovy:64)
	at com.kms.katalon.core.webui.keyword.builtin.VerifyTextNotPresentKeyword$_verifyTextNotPresent_closure1.doCall(VerifyTextNotPresentKeyword.groovy:77)
	at com.kms.katalon.core.webui.keyword.builtin.VerifyTextNotPresentKeyword$_verifyTextNotPresent_closure1.call(VerifyTextNotPresentKeyword.groovy)
	at com.kms.katalon.core.webui.keyword.internal.WebUIKeywordMain.runKeyword(WebUIKeywordMain.groovy:20)
	at com.kms.katalon.core.webui.keyword.builtin.VerifyTextNotPresentKeyword.verifyTextNotPresent(VerifyTextNotPresentKeyword.groovy:82)
	at com.kms.katalon.core.webui.keyword.builtin.VerifyTextNotPresentKeyword.execute(VerifyTextNotPresentKeyword.groovy:68)
	at com.kms.katalon.core.keyword.internal.KeywordExecutor.executeKeywordForPlatform(KeywordExecutor.groovy:74)
	at com.kms.katalon.core.webui.keyword.WebUiBuiltInKeywords.verifyTextNotPresent(WebUiBuiltInKeywords.groovy:1795)
	at Выручка по ДЗО отображение данных все филиалы.Test(Выручка по ДЗО отображение данных все филиалы:782)
	at Выручка по ДЗО отображение данных все филиалы.Tumbler(Выручка по ДЗО отображение данных все филиалы:738)
	at Выручка по ДЗО отображение данных все филиалы.Change(Выручка по ДЗО отображение данных все филиалы:772)
	at Выручка по ДЗО отображение данных все филиалы.DzoTest(Выручка по ДЗО отображение данных все филиалы:600)
	at Выручка по ДЗО отображение данных все филиалы.run(Выручка по ДЗО отображение данных все филиалы:134)
	at com.kms.katalon.core.main.ScriptEngine.run(ScriptEngine.java:194)
	at com.kms.katalon.core.main.ScriptEngine.runScriptAsRawText(ScriptEngine.java:119)
	at com.kms.katalon.core.main.TestCaseExecutor.runScript(TestCaseExecutor.java:448)
	at com.kms.katalon.core.main.TestCaseExecutor.doExecute(TestCaseExecutor.java:439)
	at com.kms.katalon.core.main.TestCaseExecutor.processExecutionPhase(TestCaseExecutor.java:418)
	at com.kms.katalon.core.main.TestCaseExecutor.accessMainPhase(TestCaseExecutor.java:410)
	at com.kms.katalon.core.main.TestCaseExecutor.execute(TestCaseExecutor.java:285)
	at com.kms.katalon.core.common.CommonExecutor.accessTestCaseMainPhase(CommonExecutor.java:65)
	at com.kms.katalon.core.main.TestSuiteExecutor.accessTestSuiteMainPhase(TestSuiteExecutor.java:150)
	at com.kms.katalon.core.main.TestSuiteExecutor.execute(TestSuiteExecutor.java:106)
	at com.kms.katalon.core.main.TestCaseMain.startTestSuite(TestCaseMain.java:180)
	at TempTestSuite1733182698305.run(TempTestSuite1733182698305.groovy:35)
	at java.base/jdk.internal.reflect.NativeMethodAccessorImpl.invoke0(Native Method)
	at java.base/jdk.internal.reflect.NativeMethodAccessorImpl.invoke(NativeMethodAccessorImpl.java:77)
	at java.base/jdk.internal.reflect.DelegatingMethodAccessorImpl.invoke(DelegatingMethodAccessorImpl.java:43)
)

03-12-2024T03:11:05 - [MESSAGE][FAILED] - Text 'нет данных' is present on page  (Root cause: com.kms.katalon.core.exception.StepFailedException: Text 'нет данных' is present on page 
	at com.kms.katalon.core.webui.keyword.internal.WebUIKeywordMain.stepFailed(WebUIKeywordMain.groovy:64)
	at com.kms.katalon.core.webui.keyword.builtin.VerifyTextNotPresentKeyword$_verifyTextNotPresent_closure1.doCall(VerifyTextNotPresentKeyword.groovy:77)
	at com.kms.katalon.core.webui.keyword.builtin.VerifyTextNotPresentKeyword$_verifyTextNotPresent_closure1.call(VerifyTextNotPresentKeyword.groovy)
	at com.kms.katalon.core.webui.keyword.internal.WebUIKeywordMain.runKeyword(WebUIKeywordMain.groovy:20)
	at com.kms.katalon.core.webui.keyword.builtin.VerifyTextNotPresentKeyword.verifyTextNotPresent(VerifyTextNotPresentKeyword.groovy:82)
	at com.kms.katalon.core.webui.keyword.builtin.VerifyTextNotPresentKeyword.execute(VerifyTextNotPresentKeyword.groovy:68)
	at com.kms.katalon.core.keyword.internal.KeywordExecutor.executeKeywordForPlatform(KeywordExecutor.groovy:74)
	at com.kms.katalon.core.webui.keyword.WebUiBuiltInKeywords.verifyTextNotPresent(WebUiBuiltInKeywords.groovy:1795)
	at Выручка по ДЗО отображение данных все филиалы.Test(Выручка по ДЗО отображение данных все филиалы:782)
	at Выручка по ДЗО отображение данных все филиалы.Tumbler(Выручка по ДЗО отображение данных все филиалы:738)
	at Выручка по ДЗО отображение данных все филиалы.Change(Выручка по ДЗО отображение данных все филиалы:772)
	at Выручка по ДЗО отображение данных все филиалы.DzoTest(Выручка по ДЗО отображение данных все филиалы:600)
	at Выручка по ДЗО отображение данных все филиалы.run(Выручка по ДЗО отображение данных все филиалы:134)
	at com.kms.katalon.core.main.ScriptEngine.run(ScriptEngine.java:194)
	at com.kms.katalon.core.main.ScriptEngine.runScriptAsRawText(ScriptEngine.java:119)
	at com.kms.katalon.core.main.TestCaseExecutor.runScript(TestCaseExecutor.java:448)
	at com.kms.katalon.core.main.TestCaseExecutor.doExecute(TestCaseExecutor.java:439)
	at com.kms.katalon.core.main.TestCaseExecutor.processExecutionPhase(TestCaseExecutor.java:418)
	at com.kms.katalon.core.main.TestCaseExecutor.accessMainPhase(TestCaseExecutor.java:410)
	at com.kms.katalon.core.main.TestCaseExecutor.execute(TestCaseExecutor.java:285)
	at com.kms.katalon.core.common.CommonExecutor.accessTestCaseMainPhase(CommonExecutor.java:65)
	at com.kms.katalon.core.main.TestSuiteExecutor.accessTestSuiteMainPhase(TestSuiteExecutor.java:150)
	at com.kms.katalon.core.main.TestSuiteExecutor.execute(TestSuiteExecutor.java:106)
	at com.kms.katalon.core.main.TestCaseMain.startTestSuite(TestCaseMain.java:180)
	at TempTestSuite1733182698305.run(TempTestSuite1733182698305.groovy:35)
	at java.base/jdk.internal.reflect.NativeMethodAccessorImpl.invoke0(Native Method)
	at java.base/jdk.internal.reflect.NativeMethodAccessorImpl.invoke(NativeMethodAccessorImpl.java:77)
	at java.base/jdk.internal.reflect.DelegatingMethodAccessorImpl.invoke(DelegatingMethodAccessorImpl.java:43)
)

03-12-2024T03:11:05 - [TEST_STEP][PASSED] - else: null

03-12-2024T03:11:05 - [TEST_STEP][PASSED] - Script1687405711779.WriteToExcel(todaysDate): null

03-12-2024T03:11:05 - [TEST_STEP][PASSED] - sheetName = "Sheet1": null

03-12-2024T03:11:05 - [TEST_STEP][PASSED] - data = findTestData("PlanFact"): null

03-12-2024T03:11:05 - [TEST_STEP][PASSED] - n = data.getRowNumbers() + 1: null

03-12-2024T03:11:05 - [TEST_STEP][PASSED] - dZO = getText(findTestObject("Выручка по ДЗО/Фильтр ДЗО")): Text of object 'Object Repository/Выручка по ДЗО/Фильтр ДЗО' is: 'ПАО Россети - РаспредКомплекс - Россети Центр - Ярэнерго'

03-12-2024T03:11:05 - [MESSAGE][PASSED] - Text of object 'Object Repository/Выручка по ДЗО/Фильтр ДЗО' is: 'ПАО Россети - РаспредКомплекс - Россети Центр - Ярэнерго'

03-12-2024T03:11:05 - [TEST_STEP][PASSED] - period = getText(findTestObject("Выручка по ДЗО/Фильтр Дата")): Text of object 'Object Repository/Выручка по ДЗО/Фильтр Дата' is: '1, 2, 3 кв., Октябрь 2024 года'

03-12-2024T03:11:05 - [MESSAGE][PASSED] - Text of object 'Object Repository/Выручка по ДЗО/Фильтр Дата' is: '1, 2, 3 кв., Октябрь 2024 года'

03-12-2024T03:11:05 - [TEST_STEP][PASSED] - viruchka = getText(findTestObject("Выручка по ДЗО/Фильтр Выручка")): Text of object 'Object Repository/Выручка по ДЗО/Фильтр Выручка' is: 'внутренний оборот'

03-12-2024T03:11:06 - [MESSAGE][PASSED] - Text of object 'Object Repository/Выручка по ДЗО/Фильтр Выручка' is: 'внутренний оборот'

03-12-2024T03:11:06 - [TEST_STEP][PASSED] - if (viruchka == "Выбрано: 2"): null

03-12-2024T03:11:06 - [TEST_STEP][PASSED] - if (viruchka == "Все"): null

03-12-2024T03:11:06 - [TEST_STEP][PASSED] - println(period): null

03-12-2024T03:11:06 - [TEST_STEP][PASSED] - dashboardName = "Выручка по ДЗО": null

03-12-2024T03:11:06 - [TEST_STEP][PASSED] - workbook01 = getWorkbook(excelFilePath): null

03-12-2024T03:11:06 - [TEST_STEP][PASSED] - sheet01 = getExcelSheet(workbook01, sheetName): null

03-12-2024T03:11:06 - [TEST_STEP][PASSED] - setValueToCellByIndex(sheet01, n, 0, dashboardName): null

03-12-2024T03:11:06 - [TEST_STEP][PASSED] - setValueToCellByIndex(sheet01, n, 1, dZO): null

03-12-2024T03:11:06 - [TEST_STEP][PASSED] - setValueToCellByIndex(sheet01, n, 2, period): null

03-12-2024T03:11:06 - [TEST_STEP][PASSED] - setValueToCellByIndex(sheet01, n, 3, viruchka): null

03-12-2024T03:11:06 - [TEST_STEP][PASSED] - setValueToCellByIndex(sheet01, n, 4, todaysDate): null

03-12-2024T03:11:06 - [TEST_STEP][PASSED] - n = n + 1: null

03-12-2024T03:11:06 - [TEST_STEP][PASSED] - saveWorkbook(excelFilePath, workbook01): null

03-12-2024T03:11:06 - [TEST_STEP][PASSED] - click(findTestObject("Выручка по ДЗО/Фильтр Выручка")): Object: 'Object Repository/Выручка по ДЗО/Фильтр Выручка' is clicked on

03-12-2024T03:11:06 - [MESSAGE][PASSED] - Object: 'Object Repository/Выручка по ДЗО/Фильтр Выручка' is clicked on

03-12-2024T03:11:06 - [TEST_STEP][PASSED] - click(findTestObject("Выручка по ДЗО/По передаче в фильтре Выручка")): Object: 'Object Repository/Выручка по ДЗО/По передаче в фильтре Выручка' is clicked on

03-12-2024T03:11:07 - [MESSAGE][PASSED] - Object: 'Object Repository/Выручка по ДЗО/По передаче в фильтре Выручка' is clicked on

03-12-2024T03:11:07 - [TEST_STEP][PASSED] - click(findTestObject("Выручка по ДЗО/Применить в фильтре Выручка")): Object: 'Object Repository/Выручка по ДЗО/Применить в фильтре Выручка' is clicked on

03-12-2024T03:11:07 - [MESSAGE][PASSED] - Object: 'Object Repository/Выручка по ДЗО/Применить в фильтре Выручка' is clicked on

03-12-2024T03:11:07 - [TEST_STEP][PASSED] - Script1687405711779.Test(todaysDate): null

03-12-2024T03:11:07 - [TEST_STEP][PASSED] - if (verifyTextNotPresent("нет данных", false) == true): null

03-12-2024T03:11:10 - [MESSAGE][PASSED] - Text 'нет данных' is not present on page

03-12-2024T03:11:10 - [TEST_STEP][PASSED] - if (verifyTextNotPresent("Ошибка запроса данных", false) == true): null

03-12-2024T03:11:11 - [MESSAGE][PASSED] - Text 'Ошибка запроса данных' is not present on page

03-12-2024T03:11:11 - [TEST_STEP][PASSED] - if (verifyTextNotPresent("Произошла ошибка при выполнении пользовательского кода", false) == true): null

03-12-2024T03:11:11 - [MESSAGE][PASSED] - Text 'Произошла ошибка при выполнении пользовательского кода' is not present on page

03-12-2024T03:11:11 - [TEST_STEP][PASSED] - if (verifyTextNotPresent("У виджета нет данных", false) == true): null

03-12-2024T03:11:12 - [MESSAGE][PASSED] - Text 'У виджета нет данных' is not present on page

03-12-2024T03:11:12 - [TEST_STEP][PASSED] - if (verifyTextNotPresent("У виджета нет данных", false) == true): Text 'У виджета нет данных' is not present on page

03-12-2024T03:11:12 - [MESSAGE][PASSED] - Text 'У виджета нет данных' is not present on page

03-12-2024T03:11:12 - [TEST_STEP][PASSED] - click(findTestObject("Выручка по ДЗО/Фильтр Выручка")): Object: 'Object Repository/Выручка по ДЗО/Фильтр Выручка' is clicked on

03-12-2024T03:11:13 - [MESSAGE][PASSED] - Object: 'Object Repository/Выручка по ДЗО/Фильтр Выручка' is clicked on

03-12-2024T03:11:13 - [TEST_STEP][PASSED] - click(findTestObject("Выручка по ДЗО/Снять выделение в фильтре Выручка")): Object: 'Object Repository/Выручка по ДЗО/Снять выделение в фильтре Выручка' is clicked on

03-12-2024T03:11:13 - [MESSAGE][PASSED] - Object: 'Object Repository/Выручка по ДЗО/Снять выделение в фильтре Выручка' is clicked on

03-12-2024T03:11:13 - [TEST_STEP][PASSED] - click(findTestObject("Выручка по ДЗО/По передаче в фильтре Выручка")): Object: 'Object Repository/Выручка по ДЗО/По передаче в фильтре Выручка' is clicked on

03-12-2024T03:11:14 - [MESSAGE][PASSED] - Object: 'Object Repository/Выручка по ДЗО/По передаче в фильтре Выручка' is clicked on

03-12-2024T03:11:14 - [TEST_STEP][PASSED] - click(findTestObject("Выручка по ДЗО/Применить в фильтре Выручка")): Object: 'Object Repository/Выручка по ДЗО/Применить в фильтре Выручка' is clicked on

03-12-2024T03:11:14 - [MESSAGE][PASSED] - Object: 'Object Repository/Выручка по ДЗО/Применить в фильтре Выручка' is clicked on

03-12-2024T03:11:14 - [TEST_STEP][PASSED] - Script1687405711779.Test(todaysDate): null

03-12-2024T03:11:14 - [TEST_STEP][PASSED] - if (verifyTextNotPresent("нет данных", false) == true): null

03-12-2024T03:11:16 - [MESSAGE][PASSED] - Text 'нет данных' is not present on page

03-12-2024T03:11:16 - [TEST_STEP][PASSED] - if (verifyTextNotPresent("Ошибка запроса данных", false) == true): null

03-12-2024T03:11:17 - [MESSAGE][PASSED] - Text 'Ошибка запроса данных' is not present on page

03-12-2024T03:11:17 - [TEST_STEP][PASSED] - if (verifyTextNotPresent("Произошла ошибка при выполнении пользовательского кода", false) == true): null

03-12-2024T03:11:17 - [MESSAGE][PASSED] - Text 'Произошла ошибка при выполнении пользовательского кода' is not present on page

03-12-2024T03:11:17 - [TEST_STEP][PASSED] - if (verifyTextNotPresent("У виджета нет данных", false) == true): null

03-12-2024T03:11:18 - [MESSAGE][PASSED] - Text 'У виджета нет данных' is not present on page

03-12-2024T03:11:18 - [TEST_STEP][PASSED] - if (verifyTextNotPresent("У виджета нет данных", false) == true): Text 'У виджета нет данных' is not present on page

03-12-2024T03:11:18 - [MESSAGE][PASSED] - Text 'У виджета нет данных' is not present on page

03-12-2024T03:11:18 - [TEST_STEP][PASSED] - click(findTestObject("Выручка по ДЗО/Фильтр Выручка")): Object: 'Object Repository/Выручка по ДЗО/Фильтр Выручка' is clicked on

03-12-2024T03:11:19 - [MESSAGE][PASSED] - Object: 'Object Repository/Выручка по ДЗО/Фильтр Выручка' is clicked on

03-12-2024T03:11:19 - [TEST_STEP][PASSED] - click(findTestObject("Выручка по ДЗО/Снять выделение в фильтре Выручка")): Object: 'Object Repository/Выручка по ДЗО/Снять выделение в фильтре Выручка' is clicked on

03-12-2024T03:11:19 - [MESSAGE][PASSED] - Object: 'Object Repository/Выручка по ДЗО/Снять выделение в фильтре Выручка' is clicked on

03-12-2024T03:11:19 - [TEST_STEP][PASSED] - click(findTestObject("Выручка по ДЗО/Применить в фильтре Выручка")): Object: 'Object Repository/Выручка по ДЗО/Применить в фильтре Выручка' is clicked on

03-12-2024T03:11:19 - [MESSAGE][PASSED] - Object: 'Object Repository/Выручка по ДЗО/Применить в фильтре Выручка' is clicked on

03-12-2024T03:11:19 - [TEST_STEP][PASSED] - click(findTestObject("Выручка по ДЗО/Фильтр ДЗО")): Object: 'Object Repository/Выручка по ДЗО/Фильтр ДЗО' is clicked on

03-12-2024T03:11:21 - [MESSAGE][PASSED] - Object: 'Object Repository/Выручка по ДЗО/Фильтр ДЗО' is clicked on

03-12-2024T03:11:21 - [TEST_STEP][PASSED] - click(findTestObject("Выручка по ДЗО/Снять выделение в фильтре ДЗО")): Object: 'Object Repository/Выручка по ДЗО/Снять выделение в фильтре ДЗО' is clicked on

03-12-2024T03:11:22 - [MESSAGE][PASSED] - Object: 'Object Repository/Выручка по ДЗО/Снять выделение в фильтре ДЗО' is clicked on

03-12-2024T03:11:22 - [TEST_STEP][PASSED] - scrollToElement(findTestObject("Общие объекты/Раскрыть список Россети Центр и Приволжье"), 30): Scroll to object 'Object Repository/Общие объекты/Раскрыть список Россети Центр и Приволжье' successfully

03-12-2024T03:11:22 - [MESSAGE][PASSED] - Scroll to object 'Object Repository/Общие объекты/Раскрыть список Россети Центр и Приволжье' successfully

03-12-2024T03:11:22 - [TEST_STEP][PASSED] - click(findTestObject("Выручка по ДЗО/Россети Центр и Приволжье Выручка по ДЗО")): Object: 'Object Repository/Выручка по ДЗО/Россети Центр и Приволжье Выручка по ДЗО' is clicked on

03-12-2024T03:11:22 - [MESSAGE][PASSED] - Object: 'Object Repository/Выручка по ДЗО/Россети Центр и Приволжье Выручка по ДЗО' is clicked on

03-12-2024T03:11:22 - [TEST_STEP][PASSED] - Script1687405711779.Change(todaysDate): null

03-12-2024T03:11:22 - [TEST_STEP][PASSED] - scrollToElement(findTestObject("Выручка по ДЗО/Заголовок дашборда"), 30): Scroll to object 'Object Repository/Выручка по ДЗО/Заголовок дашборда' successfully

03-12-2024T03:11:23 - [MESSAGE][PASSED] - Scroll to object 'Object Repository/Выручка по ДЗО/Заголовок дашборда' successfully

03-12-2024T03:11:23 - [TEST_STEP][PASSED] - click(findTestObject("Выручка по ДЗО/Применить в фильтре ДЗО")): Object: 'Object Repository/Выручка по ДЗО/Применить в фильтре ДЗО' is clicked on

03-12-2024T03:11:23 - [MESSAGE][PASSED] - Object: 'Object Repository/Выручка по ДЗО/Применить в фильтре ДЗО' is clicked on

03-12-2024T03:11:23 - [TEST_STEP][PASSED] - Script1687405711779.Tumbler(todaysDate): null

03-12-2024T03:11:23 - [TEST_STEP][PASSED] - Script1687405711779.Test(todaysDate): null

03-12-2024T03:11:23 - [TEST_STEP][PASSED] - if (verifyTextNotPresent("нет данных", false) == true): null

03-12-2024T03:11:25 - [MESSAGE][PASSED] - Text 'нет данных' is not present on page

03-12-2024T03:11:25 - [TEST_STEP][PASSED] - if (verifyTextNotPresent("Ошибка запроса данных", false) == true): null

03-12-2024T03:11:27 - [MESSAGE][PASSED] - Text 'Ошибка запроса данных' is not present on page

03-12-2024T03:11:27 - [TEST_STEP][PASSED] - if (verifyTextNotPresent("Произошла ошибка при выполнении пользовательского кода", false) == true): null

03-12-2024T03:11:27 - [MESSAGE][PASSED] - Text 'Произошла ошибка при выполнении пользовательского кода' is not present on page

03-12-2024T03:11:27 - [TEST_STEP][PASSED] - if (verifyTextNotPresent("У виджета нет данных", false) == true): null

03-12-2024T03:11:28 - [MESSAGE][PASSED] - Text 'У виджета нет данных' is not present on page

03-12-2024T03:11:28 - [TEST_STEP][PASSED] - if (verifyTextNotPresent("У виджета нет данных", false) == true): Text 'У виджета нет данных' is not present on page

03-12-2024T03:11:28 - [MESSAGE][PASSED] - Text 'У виджета нет данных' is not present on page

03-12-2024T03:11:28 - [TEST_STEP][PASSED] - click(findTestObject("Выручка по ДЗО/Фильтр Выручка")): Object: 'Object Repository/Выручка по ДЗО/Фильтр Выручка' is clicked on

03-12-2024T03:11:29 - [MESSAGE][PASSED] - Object: 'Object Repository/Выручка по ДЗО/Фильтр Выручка' is clicked on

03-12-2024T03:11:29 - [TEST_STEP][PASSED] - click(findTestObject("Выручка по ДЗО/Внутренний оборот в фильтре Выручка")): Object: 'Object Repository/Выручка по ДЗО/Внутренний оборот в фильтре Выручка' is clicked on

03-12-2024T03:11:29 - [MESSAGE][PASSED] - Object: 'Object Repository/Выручка по ДЗО/Внутренний оборот в фильтре Выручка' is clicked on

03-12-2024T03:11:29 - [TEST_STEP][PASSED] - click(findTestObject("Выручка по ДЗО/Применить в фильтре Выручка")): Object: 'Object Repository/Выручка по ДЗО/Применить в фильтре Выручка' is clicked on

03-12-2024T03:11:30 - [MESSAGE][PASSED] - Object: 'Object Repository/Выручка по ДЗО/Применить в фильтре Выручка' is clicked on

03-12-2024T03:11:30 - [TEST_STEP][PASSED] - Script1687405711779.Test(todaysDate): null

03-12-2024T03:11:30 - [TEST_STEP][FAILED] - if (verifyTextNotPresent("нет данных", false) == true): Text 'нет данных' is present on page  (Root cause: com.kms.katalon.core.exception.StepFailedException: Text 'нет данных' is present on page 
	at com.kms.katalon.core.webui.keyword.internal.WebUIKeywordMain.stepFailed(WebUIKeywordMain.groovy:64)
	at com.kms.katalon.core.webui.keyword.builtin.VerifyTextNotPresentKeyword$_verifyTextNotPresent_closure1.doCall(VerifyTextNotPresentKeyword.groovy:77)
	at com.kms.katalon.core.webui.keyword.builtin.VerifyTextNotPresentKeyword$_verifyTextNotPresent_closure1.call(VerifyTextNotPresentKeyword.groovy)
	at com.kms.katalon.core.webui.keyword.internal.WebUIKeywordMain.runKeyword(WebUIKeywordMain.groovy:20)
	at com.kms.katalon.core.webui.keyword.builtin.VerifyTextNotPresentKeyword.verifyTextNotPresent(VerifyTextNotPresentKeyword.groovy:82)
	at com.kms.katalon.core.webui.keyword.builtin.VerifyTextNotPresentKeyword.execute(VerifyTextNotPresentKeyword.groovy:68)
	at com.kms.katalon.core.keyword.internal.KeywordExecutor.executeKeywordForPlatform(KeywordExecutor.groovy:74)
	at com.kms.katalon.core.webui.keyword.WebUiBuiltInKeywords.verifyTextNotPresent(WebUiBuiltInKeywords.groovy:1795)
	at Выручка по ДЗО отображение данных все филиалы.Test(Выручка по ДЗО отображение данных все филиалы:782)
	at Выручка по ДЗО отображение данных все филиалы.Tumbler(Выручка по ДЗО отображение данных все филиалы:738)
	at Выручка по ДЗО отображение данных все филиалы.Change(Выручка по ДЗО отображение данных все филиалы:772)
	at Выручка по ДЗО отображение данных все филиалы.DzoTest(Выручка по ДЗО отображение данных все филиалы:606)
	at Выручка по ДЗО отображение данных все филиалы.run(Выручка по ДЗО отображение данных все филиалы:134)
	at com.kms.katalon.core.main.ScriptEngine.run(ScriptEngine.java:194)
	at com.kms.katalon.core.main.ScriptEngine.runScriptAsRawText(ScriptEngine.java:119)
	at com.kms.katalon.core.main.TestCaseExecutor.runScript(TestCaseExecutor.java:448)
	at com.kms.katalon.core.main.TestCaseExecutor.doExecute(TestCaseExecutor.java:439)
	at com.kms.katalon.core.main.TestCaseExecutor.processExecutionPhase(TestCaseExecutor.java:418)
	at com.kms.katalon.core.main.TestCaseExecutor.accessMainPhase(TestCaseExecutor.java:410)
	at com.kms.katalon.core.main.TestCaseExecutor.execute(TestCaseExecutor.java:285)
	at com.kms.katalon.core.common.CommonExecutor.accessTestCaseMainPhase(CommonExecutor.java:65)
	at com.kms.katalon.core.main.TestSuiteExecutor.accessTestSuiteMainPhase(TestSuiteExecutor.java:150)
	at com.kms.katalon.core.main.TestSuiteExecutor.execute(TestSuiteExecutor.java:106)
	at com.kms.katalon.core.main.TestCaseMain.startTestSuite(TestCaseMain.java:180)
	at TempTestSuite1733182698305.run(TempTestSuite1733182698305.groovy:35)
	at java.base/jdk.internal.reflect.NativeMethodAccessorImpl.invoke0(Native Method)
	at java.base/jdk.internal.reflect.NativeMethodAccessorImpl.invoke(NativeMethodAccessorImpl.java:77)
	at java.base/jdk.internal.reflect.DelegatingMethodAccessorImpl.invoke(DelegatingMethodAccessorImpl.java:43)
)

03-12-2024T03:11:32 - [MESSAGE][FAILED] - Text 'нет данных' is present on page  (Root cause: com.kms.katalon.core.exception.StepFailedException: Text 'нет данных' is present on page 
	at com.kms.katalon.core.webui.keyword.internal.WebUIKeywordMain.stepFailed(WebUIKeywordMain.groovy:64)
	at com.kms.katalon.core.webui.keyword.builtin.VerifyTextNotPresentKeyword$_verifyTextNotPresent_closure1.doCall(VerifyTextNotPresentKeyword.groovy:77)
	at com.kms.katalon.core.webui.keyword.builtin.VerifyTextNotPresentKeyword$_verifyTextNotPresent_closure1.call(VerifyTextNotPresentKeyword.groovy)
	at com.kms.katalon.core.webui.keyword.internal.WebUIKeywordMain.runKeyword(WebUIKeywordMain.groovy:20)
	at com.kms.katalon.core.webui.keyword.builtin.VerifyTextNotPresentKeyword.verifyTextNotPresent(VerifyTextNotPresentKeyword.groovy:82)
	at com.kms.katalon.core.webui.keyword.builtin.VerifyTextNotPresentKeyword.execute(VerifyTextNotPresentKeyword.groovy:68)
	at com.kms.katalon.core.keyword.internal.KeywordExecutor.executeKeywordForPlatform(KeywordExecutor.groovy:74)
	at com.kms.katalon.core.webui.keyword.WebUiBuiltInKeywords.verifyTextNotPresent(WebUiBuiltInKeywords.groovy:1795)
	at Выручка по ДЗО отображение данных все филиалы.Test(Выручка по ДЗО отображение данных все филиалы:782)
	at Выручка по ДЗО отображение данных все филиалы.Tumbler(Выручка по ДЗО отображение данных все филиалы:738)
	at Выручка по ДЗО отображение данных все филиалы.Change(Выручка по ДЗО отображение данных все филиалы:772)
	at Выручка по ДЗО отображение данных все филиалы.DzoTest(Выручка по ДЗО отображение данных все филиалы:606)
	at Выручка по ДЗО отображение данных все филиалы.run(Выручка по ДЗО отображение данных все филиалы:134)
	at com.kms.katalon.core.main.ScriptEngine.run(ScriptEngine.java:194)
	at com.kms.katalon.core.main.ScriptEngine.runScriptAsRawText(ScriptEngine.java:119)
	at com.kms.katalon.core.main.TestCaseExecutor.runScript(TestCaseExecutor.java:448)
	at com.kms.katalon.core.main.TestCaseExecutor.doExecute(TestCaseExecutor.java:439)
	at com.kms.katalon.core.main.TestCaseExecutor.processExecutionPhase(TestCaseExecutor.java:418)
	at com.kms.katalon.core.main.TestCaseExecutor.accessMainPhase(TestCaseExecutor.java:410)
	at com.kms.katalon.core.main.TestCaseExecutor.execute(TestCaseExecutor.java:285)
	at com.kms.katalon.core.common.CommonExecutor.accessTestCaseMainPhase(CommonExecutor.java:65)
	at com.kms.katalon.core.main.TestSuiteExecutor.accessTestSuiteMainPhase(TestSuiteExecutor.java:150)
	at com.kms.katalon.core.main.TestSuiteExecutor.execute(TestSuiteExecutor.java:106)
	at com.kms.katalon.core.main.TestCaseMain.startTestSuite(TestCaseMain.java:180)
	at TempTestSuite1733182698305.run(TempTestSuite1733182698305.groovy:35)
	at java.base/jdk.internal.reflect.NativeMethodAccessorImpl.invoke0(Native Method)
	at java.base/jdk.internal.reflect.NativeMethodAccessorImpl.invoke(NativeMethodAccessorImpl.java:77)
	at java.base/jdk.internal.reflect.DelegatingMethodAccessorImpl.invoke(DelegatingMethodAccessorImpl.java:43)
)

03-12-2024T03:11:32 - [TEST_STEP][PASSED] - else: null

03-12-2024T03:11:32 - [TEST_STEP][PASSED] - Script1687405711779.WriteToExcel(todaysDate): null

03-12-2024T03:11:32 - [TEST_STEP][PASSED] - sheetName = "Sheet1": null

03-12-2024T03:11:32 - [TEST_STEP][PASSED] - data = findTestData("PlanFact"): null

03-12-2024T03:11:32 - [TEST_STEP][PASSED] - n = data.getRowNumbers() + 1: null

03-12-2024T03:11:32 - [TEST_STEP][PASSED] - dZO = getText(findTestObject("Выручка по ДЗО/Фильтр ДЗО")): Text of object 'Object Repository/Выручка по ДЗО/Фильтр ДЗО' is: 'ПАО Россети - РаспредКомплекс - Россети Центр и Приволжье (ГК)'

03-12-2024T03:11:32 - [MESSAGE][PASSED] - Text of object 'Object Repository/Выручка по ДЗО/Фильтр ДЗО' is: 'ПАО Россети - РаспредКомплекс - Россети Центр и Приволжье (ГК)'

03-12-2024T03:11:32 - [TEST_STEP][PASSED] - period = getText(findTestObject("Выручка по ДЗО/Фильтр Дата")): Text of object 'Object Repository/Выручка по ДЗО/Фильтр Дата' is: '1, 2, 3 кв., Октябрь 2024 года'

03-12-2024T03:11:32 - [MESSAGE][PASSED] - Text of object 'Object Repository/Выручка по ДЗО/Фильтр Дата' is: '1, 2, 3 кв., Октябрь 2024 года'

03-12-2024T03:11:32 - [TEST_STEP][PASSED] - viruchka = getText(findTestObject("Выручка по ДЗО/Фильтр Выручка")): Text of object 'Object Repository/Выручка по ДЗО/Фильтр Выручка' is: 'внутренний оборот'

03-12-2024T03:11:33 - [MESSAGE][PASSED] - Text of object 'Object Repository/Выручка по ДЗО/Фильтр Выручка' is: 'внутренний оборот'

03-12-2024T03:11:33 - [TEST_STEP][PASSED] - if (viruchka == "Выбрано: 2"): null

03-12-2024T03:11:33 - [TEST_STEP][PASSED] - if (viruchka == "Все"): null

03-12-2024T03:11:33 - [TEST_STEP][PASSED] - println(period): null

03-12-2024T03:11:33 - [TEST_STEP][PASSED] - dashboardName = "Выручка по ДЗО": null

03-12-2024T03:11:33 - [TEST_STEP][PASSED] - workbook01 = getWorkbook(excelFilePath): null

03-12-2024T03:11:33 - [TEST_STEP][PASSED] - sheet01 = getExcelSheet(workbook01, sheetName): null

03-12-2024T03:11:33 - [TEST_STEP][PASSED] - setValueToCellByIndex(sheet01, n, 0, dashboardName): null

03-12-2024T03:11:33 - [TEST_STEP][PASSED] - setValueToCellByIndex(sheet01, n, 1, dZO): null

03-12-2024T03:11:33 - [TEST_STEP][PASSED] - setValueToCellByIndex(sheet01, n, 2, period): null

03-12-2024T03:11:33 - [TEST_STEP][PASSED] - setValueToCellByIndex(sheet01, n, 3, viruchka): null

03-12-2024T03:11:33 - [TEST_STEP][PASSED] - setValueToCellByIndex(sheet01, n, 4, todaysDate): null

03-12-2024T03:11:33 - [TEST_STEP][PASSED] - n = n + 1: null

03-12-2024T03:11:33 - [TEST_STEP][PASSED] - saveWorkbook(excelFilePath, workbook01): null

03-12-2024T03:11:33 - [TEST_STEP][PASSED] - click(findTestObject("Выручка по ДЗО/Фильтр Выручка")): Object: 'Object Repository/Выручка по ДЗО/Фильтр Выручка' is clicked on

03-12-2024T03:11:33 - [MESSAGE][PASSED] - Object: 'Object Repository/Выручка по ДЗО/Фильтр Выручка' is clicked on

03-12-2024T03:11:33 - [TEST_STEP][PASSED] - click(findTestObject("Выручка по ДЗО/По передаче в фильтре Выручка")): Object: 'Object Repository/Выручка по ДЗО/По передаче в фильтре Выручка' is clicked on

03-12-2024T03:11:34 - [MESSAGE][PASSED] - Object: 'Object Repository/Выручка по ДЗО/По передаче в фильтре Выручка' is clicked on

03-12-2024T03:11:34 - [TEST_STEP][PASSED] - click(findTestObject("Выручка по ДЗО/Применить в фильтре Выручка")): Object: 'Object Repository/Выручка по ДЗО/Применить в фильтре Выручка' is clicked on

03-12-2024T03:11:34 - [MESSAGE][PASSED] - Object: 'Object Repository/Выручка по ДЗО/Применить в фильтре Выручка' is clicked on

03-12-2024T03:11:34 - [TEST_STEP][PASSED] - Script1687405711779.Test(todaysDate): null

03-12-2024T03:11:34 - [TEST_STEP][PASSED] - if (verifyTextNotPresent("нет данных", false) == true): null

03-12-2024T03:11:37 - [MESSAGE][PASSED] - Text 'нет данных' is not present on page

03-12-2024T03:11:37 - [TEST_STEP][PASSED] - if (verifyTextNotPresent("Ошибка запроса данных", false) == true): null

03-12-2024T03:11:38 - [MESSAGE][PASSED] - Text 'Ошибка запроса данных' is not present on page

03-12-2024T03:11:38 - [TEST_STEP][PASSED] - if (verifyTextNotPresent("Произошла ошибка при выполнении пользовательского кода", false) == true): null

03-12-2024T03:11:38 - [MESSAGE][PASSED] - Text 'Произошла ошибка при выполнении пользовательского кода' is not present on page

03-12-2024T03:11:38 - [TEST_STEP][PASSED] - if (verifyTextNotPresent("У виджета нет данных", false) == true): null

03-12-2024T03:11:39 - [MESSAGE][PASSED] - Text 'У виджета нет данных' is not present on page

03-12-2024T03:11:39 - [TEST_STEP][PASSED] - if (verifyTextNotPresent("У виджета нет данных", false) == true): Text 'У виджета нет данных' is not present on page

03-12-2024T03:11:39 - [MESSAGE][PASSED] - Text 'У виджета нет данных' is not present on page

03-12-2024T03:11:39 - [TEST_STEP][PASSED] - click(findTestObject("Выручка по ДЗО/Фильтр Выручка")): Object: 'Object Repository/Выручка по ДЗО/Фильтр Выручка' is clicked on

03-12-2024T03:11:40 - [MESSAGE][PASSED] - Object: 'Object Repository/Выручка по ДЗО/Фильтр Выручка' is clicked on

03-12-2024T03:11:40 - [TEST_STEP][PASSED] - click(findTestObject("Выручка по ДЗО/Снять выделение в фильтре Выручка")): Object: 'Object Repository/Выручка по ДЗО/Снять выделение в фильтре Выручка' is clicked on

03-12-2024T03:11:40 - [MESSAGE][PASSED] - Object: 'Object Repository/Выручка по ДЗО/Снять выделение в фильтре Выручка' is clicked on

03-12-2024T03:11:40 - [TEST_STEP][PASSED] - click(findTestObject("Выручка по ДЗО/По передаче в фильтре Выручка")): Object: 'Object Repository/Выручка по ДЗО/По передаче в фильтре Выручка' is clicked on

03-12-2024T03:11:40 - [MESSAGE][PASSED] - Object: 'Object Repository/Выручка по ДЗО/По передаче в фильтре Выручка' is clicked on

03-12-2024T03:11:40 - [TEST_STEP][PASSED] - click(findTestObject("Выручка по ДЗО/Применить в фильтре Выручка")): Object: 'Object Repository/Выручка по ДЗО/Применить в фильтре Выручка' is clicked on

03-12-2024T03:11:41 - [MESSAGE][PASSED] - Object: 'Object Repository/Выручка по ДЗО/Применить в фильтре Выручка' is clicked on

03-12-2024T03:11:41 - [TEST_STEP][PASSED] - Script1687405711779.Test(todaysDate): null

03-12-2024T03:11:41 - [TEST_STEP][PASSED] - if (verifyTextNotPresent("нет данных", false) == true): null

03-12-2024T03:11:43 - [MESSAGE][PASSED] - Text 'нет данных' is not present on page

03-12-2024T03:11:43 - [TEST_STEP][PASSED] - if (verifyTextNotPresent("Ошибка запроса данных", false) == true): null

03-12-2024T03:11:43 - [MESSAGE][PASSED] - Text 'Ошибка запроса данных' is not present on page

03-12-2024T03:11:43 - [TEST_STEP][PASSED] - if (verifyTextNotPresent("Произошла ошибка при выполнении пользовательского кода", false) == true): null

03-12-2024T03:11:44 - [MESSAGE][PASSED] - Text 'Произошла ошибка при выполнении пользовательского кода' is not present on page

03-12-2024T03:11:44 - [TEST_STEP][PASSED] - if (verifyTextNotPresent("У виджета нет данных", false) == true): null

03-12-2024T03:11:44 - [MESSAGE][PASSED] - Text 'У виджета нет данных' is not present on page

03-12-2024T03:11:44 - [TEST_STEP][PASSED] - if (verifyTextNotPresent("У виджета нет данных", false) == true): Text 'У виджета нет данных' is not present on page

03-12-2024T03:11:45 - [MESSAGE][PASSED] - Text 'У виджета нет данных' is not present on page

03-12-2024T03:11:45 - [TEST_STEP][PASSED] - click(findTestObject("Выручка по ДЗО/Фильтр Выручка")): Object: 'Object Repository/Выручка по ДЗО/Фильтр Выручка' is clicked on

03-12-2024T03:11:45 - [MESSAGE][PASSED] - Object: 'Object Repository/Выручка по ДЗО/Фильтр Выручка' is clicked on

03-12-2024T03:11:45 - [TEST_STEP][PASSED] - click(findTestObject("Выручка по ДЗО/Снять выделение в фильтре Выручка")): Object: 'Object Repository/Выручка по ДЗО/Снять выделение в фильтре Выручка' is clicked on

03-12-2024T03:11:46 - [MESSAGE][PASSED] - Object: 'Object Repository/Выручка по ДЗО/Снять выделение в фильтре Выручка' is clicked on

03-12-2024T03:11:46 - [TEST_STEP][PASSED] - click(findTestObject("Выручка по ДЗО/Применить в фильтре Выручка")): Object: 'Object Repository/Выручка по ДЗО/Применить в фильтре Выручка' is clicked on

03-12-2024T03:11:46 - [MESSAGE][PASSED] - Object: 'Object Repository/Выручка по ДЗО/Применить в фильтре Выручка' is clicked on

03-12-2024T03:11:46 - [TEST_STEP][PASSED] - click(findTestObject("Выручка по ДЗО/Фильтр ДЗО")): Object: 'Object Repository/Выручка по ДЗО/Фильтр ДЗО' is clicked on

03-12-2024T03:11:48 - [MESSAGE][PASSED] - Object: 'Object Repository/Выручка по ДЗО/Фильтр ДЗО' is clicked on

03-12-2024T03:11:48 - [TEST_STEP][PASSED] - click(findTestObject("Выручка по ДЗО/Снять выделение в фильтре ДЗО")): Object: 'Object Repository/Выручка по ДЗО/Снять выделение в фильтре ДЗО' is clicked on

03-12-2024T03:11:49 - [MESSAGE][PASSED] - Object: 'Object Repository/Выручка по ДЗО/Снять выделение в фильтре ДЗО' is clicked on

03-12-2024T03:11:49 - [TEST_STEP][PASSED] - scrollToElement(findTestObject("Общие объекты/Раскрыть список Россети Центр и Приволжье"), 30): Scroll to object 'Object Repository/Общие объекты/Раскрыть список Россети Центр и Приволжье' successfully

03-12-2024T03:11:49 - [MESSAGE][PASSED] - Scroll to object 'Object Repository/Общие объекты/Раскрыть список Россети Центр и Приволжье' successfully

03-12-2024T03:11:49 - [TEST_STEP][PASSED] - click(findTestObject("Общие объекты/Раскрыть список Россети Центр и Приволжье"), CONTINUE_ON_FAILURE): Object: 'Object Repository/Общие объекты/Раскрыть список Россети Центр и Приволжье' is clicked on

03-12-2024T03:11:49 - [MESSAGE][PASSED] - Object: 'Object Repository/Общие объекты/Раскрыть список Россети Центр и Приволжье' is clicked on

03-12-2024T03:11:49 - [TEST_STEP][PASSED] - scrollToElement(findTestObject("Общие объекты/Владимирэнерго"), 30): Scroll to object 'Object Repository/Общие объекты/Владимирэнерго' successfully

03-12-2024T03:11:49 - [MESSAGE][PASSED] - Scroll to object 'Object Repository/Общие объекты/Владимирэнерго' successfully

03-12-2024T03:11:49 - [TEST_STEP][PASSED] - click(findTestObject("Общие объекты/Владимирэнерго"), CONTINUE_ON_FAILURE): Object: 'Object Repository/Общие объекты/Владимирэнерго' is clicked on

03-12-2024T03:11:50 - [MESSAGE][PASSED] - Object: 'Object Repository/Общие объекты/Владимирэнерго' is clicked on

03-12-2024T03:11:50 - [TEST_STEP][PASSED] - Script1687405711779.Change(todaysDate): null

03-12-2024T03:11:50 - [TEST_STEP][PASSED] - scrollToElement(findTestObject("Выручка по ДЗО/Заголовок дашборда"), 30): Scroll to object 'Object Repository/Выручка по ДЗО/Заголовок дашборда' successfully

03-12-2024T03:11:50 - [MESSAGE][PASSED] - Scroll to object 'Object Repository/Выручка по ДЗО/Заголовок дашборда' successfully

03-12-2024T03:11:50 - [TEST_STEP][PASSED] - click(findTestObject("Выручка по ДЗО/Применить в фильтре ДЗО")): Object: 'Object Repository/Выручка по ДЗО/Применить в фильтре ДЗО' is clicked on

03-12-2024T03:11:51 - [MESSAGE][PASSED] - Object: 'Object Repository/Выручка по ДЗО/Применить в фильтре ДЗО' is clicked on

03-12-2024T03:11:51 - [TEST_STEP][PASSED] - Script1687405711779.Tumbler(todaysDate): null

03-12-2024T03:11:51 - [TEST_STEP][PASSED] - Script1687405711779.Test(todaysDate): null

03-12-2024T03:11:51 - [TEST_STEP][PASSED] - if (verifyTextNotPresent("нет данных", false) == true): null

03-12-2024T03:11:54 - [MESSAGE][PASSED] - Text 'нет данных' is not present on page

03-12-2024T03:11:54 - [TEST_STEP][PASSED] - if (verifyTextNotPresent("Ошибка запроса данных", false) == true): null

03-12-2024T03:11:55 - [MESSAGE][PASSED] - Text 'Ошибка запроса данных' is not present on page

03-12-2024T03:11:55 - [TEST_STEP][PASSED] - if (verifyTextNotPresent("Произошла ошибка при выполнении пользовательского кода", false) == true): null

03-12-2024T03:11:55 - [MESSAGE][PASSED] - Text 'Произошла ошибка при выполнении пользовательского кода' is not present on page

03-12-2024T03:11:55 - [TEST_STEP][PASSED] - if (verifyTextNotPresent("У виджета нет данных", false) == true): null

03-12-2024T03:11:56 - [MESSAGE][PASSED] - Text 'У виджета нет данных' is not present on page

03-12-2024T03:11:56 - [TEST_STEP][PASSED] - if (verifyTextNotPresent("У виджета нет данных", false) == true): Text 'У виджета нет данных' is not present on page

03-12-2024T03:11:56 - [MESSAGE][PASSED] - Text 'У виджета нет данных' is not present on page

03-12-2024T03:11:56 - [TEST_STEP][PASSED] - click(findTestObject("Выручка по ДЗО/Фильтр Выручка")): Object: 'Object Repository/Выручка по ДЗО/Фильтр Выручка' is clicked on

03-12-2024T03:11:57 - [MESSAGE][PASSED] - Object: 'Object Repository/Выручка по ДЗО/Фильтр Выручка' is clicked on

03-12-2024T03:11:57 - [TEST_STEP][PASSED] - click(findTestObject("Выручка по ДЗО/Внутренний оборот в фильтре Выручка")): Object: 'Object Repository/Выручка по ДЗО/Внутренний оборот в фильтре Выручка' is clicked on

03-12-2024T03:11:57 - [MESSAGE][PASSED] - Object: 'Object Repository/Выручка по ДЗО/Внутренний оборот в фильтре Выручка' is clicked on

03-12-2024T03:11:57 - [TEST_STEP][PASSED] - click(findTestObject("Выручка по ДЗО/Применить в фильтре Выручка")): Object: 'Object Repository/Выручка по ДЗО/Применить в фильтре Выручка' is clicked on

03-12-2024T03:11:58 - [MESSAGE][PASSED] - Object: 'Object Repository/Выручка по ДЗО/Применить в фильтре Выручка' is clicked on

03-12-2024T03:11:58 - [TEST_STEP][PASSED] - Script1687405711779.Test(todaysDate): null

03-12-2024T03:11:58 - [TEST_STEP][FAILED] - if (verifyTextNotPresent("нет данных", false) == true): Text 'нет данных' is present on page  (Root cause: com.kms.katalon.core.exception.StepFailedException: Text 'нет данных' is present on page 
	at com.kms.katalon.core.webui.keyword.internal.WebUIKeywordMain.stepFailed(WebUIKeywordMain.groovy:64)
	at com.kms.katalon.core.webui.keyword.builtin.VerifyTextNotPresentKeyword$_verifyTextNotPresent_closure1.doCall(VerifyTextNotPresentKeyword.groovy:77)
	at com.kms.katalon.core.webui.keyword.builtin.VerifyTextNotPresentKeyword$_verifyTextNotPresent_closure1.call(VerifyTextNotPresentKeyword.groovy)
	at com.kms.katalon.core.webui.keyword.internal.WebUIKeywordMain.runKeyword(WebUIKeywordMain.groovy:20)
	at com.kms.katalon.core.webui.keyword.builtin.VerifyTextNotPresentKeyword.verifyTextNotPresent(VerifyTextNotPresentKeyword.groovy:82)
	at com.kms.katalon.core.webui.keyword.builtin.VerifyTextNotPresentKeyword.execute(VerifyTextNotPresentKeyword.groovy:68)
	at com.kms.katalon.core.keyword.internal.KeywordExecutor.executeKeywordForPlatform(KeywordExecutor.groovy:74)
	at com.kms.katalon.core.webui.keyword.WebUiBuiltInKeywords.verifyTextNotPresent(WebUiBuiltInKeywords.groovy:1795)
	at Выручка по ДЗО отображение данных все филиалы.Test(Выручка по ДЗО отображение данных все филиалы:782)
	at Выручка по ДЗО отображение данных все филиалы.Tumbler(Выручка по ДЗО отображение данных все филиалы:738)
	at Выручка по ДЗО отображение данных все филиалы.Change(Выручка по ДЗО отображение данных все филиалы:772)
	at Выручка по ДЗО отображение данных все филиалы.DzoTest(Выручка по ДЗО отображение данных все филиалы:616)
	at Выручка по ДЗО отображение данных все филиалы.run(Выручка по ДЗО отображение данных все филиалы:134)
	at com.kms.katalon.core.main.ScriptEngine.run(ScriptEngine.java:194)
	at com.kms.katalon.core.main.ScriptEngine.runScriptAsRawText(ScriptEngine.java:119)
	at com.kms.katalon.core.main.TestCaseExecutor.runScript(TestCaseExecutor.java:448)
	at com.kms.katalon.core.main.TestCaseExecutor.doExecute(TestCaseExecutor.java:439)
	at com.kms.katalon.core.main.TestCaseExecutor.processExecutionPhase(TestCaseExecutor.java:418)
	at com.kms.katalon.core.main.TestCaseExecutor.accessMainPhase(TestCaseExecutor.java:410)
	at com.kms.katalon.core.main.TestCaseExecutor.execute(TestCaseExecutor.java:285)
	at com.kms.katalon.core.common.CommonExecutor.accessTestCaseMainPhase(CommonExecutor.java:65)
	at com.kms.katalon.core.main.TestSuiteExecutor.accessTestSuiteMainPhase(TestSuiteExecutor.java:150)
	at com.kms.katalon.core.main.TestSuiteExecutor.execute(TestSuiteExecutor.java:106)
	at com.kms.katalon.core.main.TestCaseMain.startTestSuite(TestCaseMain.java:180)
	at TempTestSuite1733182698305.run(TempTestSuite1733182698305.groovy:35)
	at java.base/jdk.internal.reflect.NativeMethodAccessorImpl.invoke0(Native Method)
	at java.base/jdk.internal.reflect.NativeMethodAccessorImpl.invoke(NativeMethodAccessorImpl.java:77)
	at java.base/jdk.internal.reflect.DelegatingMethodAccessorImpl.invoke(DelegatingMethodAccessorImpl.java:43)
)

03-12-2024T03:12:00 - [MESSAGE][FAILED] - Text 'нет данных' is present on page  (Root cause: com.kms.katalon.core.exception.StepFailedException: Text 'нет данных' is present on page 
	at com.kms.katalon.core.webui.keyword.internal.WebUIKeywordMain.stepFailed(WebUIKeywordMain.groovy:64)
	at com.kms.katalon.core.webui.keyword.builtin.VerifyTextNotPresentKeyword$_verifyTextNotPresent_closure1.doCall(VerifyTextNotPresentKeyword.groovy:77)
	at com.kms.katalon.core.webui.keyword.builtin.VerifyTextNotPresentKeyword$_verifyTextNotPresent_closure1.call(VerifyTextNotPresentKeyword.groovy)
	at com.kms.katalon.core.webui.keyword.internal.WebUIKeywordMain.runKeyword(WebUIKeywordMain.groovy:20)
	at com.kms.katalon.core.webui.keyword.builtin.VerifyTextNotPresentKeyword.verifyTextNotPresent(VerifyTextNotPresentKeyword.groovy:82)
	at com.kms.katalon.core.webui.keyword.builtin.VerifyTextNotPresentKeyword.execute(VerifyTextNotPresentKeyword.groovy:68)
	at com.kms.katalon.core.keyword.internal.KeywordExecutor.executeKeywordForPlatform(KeywordExecutor.groovy:74)
	at com.kms.katalon.core.webui.keyword.WebUiBuiltInKeywords.verifyTextNotPresent(WebUiBuiltInKeywords.groovy:1795)
	at Выручка по ДЗО отображение данных все филиалы.Test(Выручка по ДЗО отображение данных все филиалы:782)
	at Выручка по ДЗО отображение данных все филиалы.Tumbler(Выручка по ДЗО отображение данных все филиалы:738)
	at Выручка по ДЗО отображение данных все филиалы.Change(Выручка по ДЗО отображение данных все филиалы:772)
	at Выручка по ДЗО отображение данных все филиалы.DzoTest(Выручка по ДЗО отображение данных все филиалы:616)
	at Выручка по ДЗО отображение данных все филиалы.run(Выручка по ДЗО отображение данных все филиалы:134)
	at com.kms.katalon.core.main.ScriptEngine.run(ScriptEngine.java:194)
	at com.kms.katalon.core.main.ScriptEngine.runScriptAsRawText(ScriptEngine.java:119)
	at com.kms.katalon.core.main.TestCaseExecutor.runScript(TestCaseExecutor.java:448)
	at com.kms.katalon.core.main.TestCaseExecutor.doExecute(TestCaseExecutor.java:439)
	at com.kms.katalon.core.main.TestCaseExecutor.processExecutionPhase(TestCaseExecutor.java:418)
	at com.kms.katalon.core.main.TestCaseExecutor.accessMainPhase(TestCaseExecutor.java:410)
	at com.kms.katalon.core.main.TestCaseExecutor.execute(TestCaseExecutor.java:285)
	at com.kms.katalon.core.common.CommonExecutor.accessTestCaseMainPhase(CommonExecutor.java:65)
	at com.kms.katalon.core.main.TestSuiteExecutor.accessTestSuiteMainPhase(TestSuiteExecutor.java:150)
	at com.kms.katalon.core.main.TestSuiteExecutor.execute(TestSuiteExecutor.java:106)
	at com.kms.katalon.core.main.TestCaseMain.startTestSuite(TestCaseMain.java:180)
	at TempTestSuite1733182698305.run(TempTestSuite1733182698305.groovy:35)
	at java.base/jdk.internal.reflect.NativeMethodAccessorImpl.invoke0(Native Method)
	at java.base/jdk.internal.reflect.NativeMethodAccessorImpl.invoke(NativeMethodAccessorImpl.java:77)
	at java.base/jdk.internal.reflect.DelegatingMethodAccessorImpl.invoke(DelegatingMethodAccessorImpl.java:43)
)

03-12-2024T03:12:00 - [TEST_STEP][PASSED] - else: null

03-12-2024T03:12:00 - [TEST_STEP][PASSED] - Script1687405711779.WriteToExcel(todaysDate): null

03-12-2024T03:12:00 - [TEST_STEP][PASSED] - sheetName = "Sheet1": null

03-12-2024T03:12:00 - [TEST_STEP][PASSED] - data = findTestData("PlanFact"): null

03-12-2024T03:12:00 - [TEST_STEP][PASSED] - n = data.getRowNumbers() + 1: null

03-12-2024T03:12:00 - [TEST_STEP][PASSED] - dZO = getText(findTestObject("Выручка по ДЗО/Фильтр ДЗО")): Text of object 'Object Repository/Выручка по ДЗО/Фильтр ДЗО' is: 'ПАО Россети - РаспредКомплекс - Россети Центр и Приволжье (ГК) - Владимирэнерго'

03-12-2024T03:12:00 - [MESSAGE][PASSED] - Text of object 'Object Repository/Выручка по ДЗО/Фильтр ДЗО' is: 'ПАО Россети - РаспредКомплекс - Россети Центр и Приволжье (ГК) - Владимирэнерго'

03-12-2024T03:12:00 - [TEST_STEP][PASSED] - period = getText(findTestObject("Выручка по ДЗО/Фильтр Дата")): Text of object 'Object Repository/Выручка по ДЗО/Фильтр Дата' is: '1, 2, 3 кв., Октябрь 2024 года'

03-12-2024T03:12:00 - [MESSAGE][PASSED] - Text of object 'Object Repository/Выручка по ДЗО/Фильтр Дата' is: '1, 2, 3 кв., Октябрь 2024 года'

03-12-2024T03:12:00 - [TEST_STEP][PASSED] - viruchka = getText(findTestObject("Выручка по ДЗО/Фильтр Выручка")): Text of object 'Object Repository/Выручка по ДЗО/Фильтр Выручка' is: 'внутренний оборот'

03-12-2024T03:12:01 - [MESSAGE][PASSED] - Text of object 'Object Repository/Выручка по ДЗО/Фильтр Выручка' is: 'внутренний оборот'

03-12-2024T03:12:01 - [TEST_STEP][PASSED] - if (viruchka == "Выбрано: 2"): null

03-12-2024T03:12:01 - [TEST_STEP][PASSED] - if (viruchka == "Все"): null

03-12-2024T03:12:01 - [TEST_STEP][PASSED] - println(period): null

03-12-2024T03:12:01 - [TEST_STEP][PASSED] - dashboardName = "Выручка по ДЗО": null

03-12-2024T03:12:01 - [TEST_STEP][PASSED] - workbook01 = getWorkbook(excelFilePath): null

03-12-2024T03:12:01 - [TEST_STEP][PASSED] - sheet01 = getExcelSheet(workbook01, sheetName): null

03-12-2024T03:12:01 - [TEST_STEP][PASSED] - setValueToCellByIndex(sheet01, n, 0, dashboardName): null

03-12-2024T03:12:01 - [TEST_STEP][PASSED] - setValueToCellByIndex(sheet01, n, 1, dZO): null

03-12-2024T03:12:01 - [TEST_STEP][PASSED] - setValueToCellByIndex(sheet01, n, 2, period): null

03-12-2024T03:12:01 - [TEST_STEP][PASSED] - setValueToCellByIndex(sheet01, n, 3, viruchka): null

03-12-2024T03:12:01 - [TEST_STEP][PASSED] - setValueToCellByIndex(sheet01, n, 4, todaysDate): null

03-12-2024T03:12:01 - [TEST_STEP][PASSED] - n = n + 1: null

03-12-2024T03:12:01 - [TEST_STEP][PASSED] - saveWorkbook(excelFilePath, workbook01): null

03-12-2024T03:12:01 - [TEST_STEP][PASSED] - click(findTestObject("Выручка по ДЗО/Фильтр Выручка")): Object: 'Object Repository/Выручка по ДЗО/Фильтр Выручка' is clicked on

03-12-2024T03:12:01 - [MESSAGE][PASSED] - Object: 'Object Repository/Выручка по ДЗО/Фильтр Выручка' is clicked on

03-12-2024T03:12:01 - [TEST_STEP][PASSED] - click(findTestObject("Выручка по ДЗО/По передаче в фильтре Выручка")): Object: 'Object Repository/Выручка по ДЗО/По передаче в фильтре Выручка' is clicked on

03-12-2024T03:12:02 - [MESSAGE][PASSED] - Object: 'Object Repository/Выручка по ДЗО/По передаче в фильтре Выручка' is clicked on

03-12-2024T03:12:02 - [TEST_STEP][PASSED] - click(findTestObject("Выручка по ДЗО/Применить в фильтре Выручка")): Object: 'Object Repository/Выручка по ДЗО/Применить в фильтре Выручка' is clicked on

03-12-2024T03:12:02 - [MESSAGE][PASSED] - Object: 'Object Repository/Выручка по ДЗО/Применить в фильтре Выручка' is clicked on

03-12-2024T03:12:02 - [TEST_STEP][PASSED] - Script1687405711779.Test(todaysDate): null

03-12-2024T03:12:02 - [TEST_STEP][PASSED] - if (verifyTextNotPresent("нет данных", false) == true): null

03-12-2024T03:12:04 - [MESSAGE][PASSED] - Text 'нет данных' is not present on page

03-12-2024T03:12:04 - [TEST_STEP][PASSED] - if (verifyTextNotPresent("Ошибка запроса данных", false) == true): null

03-12-2024T03:12:05 - [MESSAGE][PASSED] - Text 'Ошибка запроса данных' is not present on page

03-12-2024T03:12:05 - [TEST_STEP][PASSED] - if (verifyTextNotPresent("Произошла ошибка при выполнении пользовательского кода", false) == true): null

03-12-2024T03:12:06 - [MESSAGE][PASSED] - Text 'Произошла ошибка при выполнении пользовательского кода' is not present on page

03-12-2024T03:12:06 - [TEST_STEP][PASSED] - if (verifyTextNotPresent("У виджета нет данных", false) == true): null

03-12-2024T03:12:06 - [MESSAGE][PASSED] - Text 'У виджета нет данных' is not present on page

03-12-2024T03:12:06 - [TEST_STEP][PASSED] - if (verifyTextNotPresent("У виджета нет данных", false) == true): Text 'У виджета нет данных' is not present on page

03-12-2024T03:12:07 - [MESSAGE][PASSED] - Text 'У виджета нет данных' is not present on page

03-12-2024T03:12:07 - [TEST_STEP][PASSED] - click(findTestObject("Выручка по ДЗО/Фильтр Выручка")): Object: 'Object Repository/Выручка по ДЗО/Фильтр Выручка' is clicked on

03-12-2024T03:12:07 - [MESSAGE][PASSED] - Object: 'Object Repository/Выручка по ДЗО/Фильтр Выручка' is clicked on

03-12-2024T03:12:07 - [TEST_STEP][PASSED] - click(findTestObject("Выручка по ДЗО/Снять выделение в фильтре Выручка")): Object: 'Object Repository/Выручка по ДЗО/Снять выделение в фильтре Выручка' is clicked on

03-12-2024T03:12:08 - [MESSAGE][PASSED] - Object: 'Object Repository/Выручка по ДЗО/Снять выделение в фильтре Выручка' is clicked on

03-12-2024T03:12:08 - [TEST_STEP][PASSED] - click(findTestObject("Выручка по ДЗО/По передаче в фильтре Выручка")): Object: 'Object Repository/Выручка по ДЗО/По передаче в фильтре Выручка' is clicked on

03-12-2024T03:12:08 - [MESSAGE][PASSED] - Object: 'Object Repository/Выручка по ДЗО/По передаче в фильтре Выручка' is clicked on

03-12-2024T03:12:08 - [TEST_STEP][PASSED] - click(findTestObject("Выручка по ДЗО/Применить в фильтре Выручка")): Object: 'Object Repository/Выручка по ДЗО/Применить в фильтре Выручка' is clicked on

03-12-2024T03:12:09 - [MESSAGE][PASSED] - Object: 'Object Repository/Выручка по ДЗО/Применить в фильтре Выручка' is clicked on

03-12-2024T03:12:09 - [TEST_STEP][PASSED] - Script1687405711779.Test(todaysDate): null

03-12-2024T03:12:09 - [TEST_STEP][PASSED] - if (verifyTextNotPresent("нет данных", false) == true): null

03-12-2024T03:12:11 - [MESSAGE][PASSED] - Text 'нет данных' is not present on page

03-12-2024T03:12:11 - [TEST_STEP][PASSED] - if (verifyTextNotPresent("Ошибка запроса данных", false) == true): null

03-12-2024T03:12:11 - [MESSAGE][PASSED] - Text 'Ошибка запроса данных' is not present on page

03-12-2024T03:12:11 - [TEST_STEP][PASSED] - if (verifyTextNotPresent("Произошла ошибка при выполнении пользовательского кода", false) == true): null

03-12-2024T03:12:12 - [MESSAGE][PASSED] - Text 'Произошла ошибка при выполнении пользовательского кода' is not present on page

03-12-2024T03:12:12 - [TEST_STEP][PASSED] - if (verifyTextNotPresent("У виджета нет данных", false) == true): null

03-12-2024T03:12:12 - [MESSAGE][PASSED] - Text 'У виджета нет данных' is not present on page

03-12-2024T03:12:12 - [TEST_STEP][PASSED] - if (verifyTextNotPresent("У виджета нет данных", false) == true): Text 'У виджета нет данных' is not present on page

03-12-2024T03:12:13 - [MESSAGE][PASSED] - Text 'У виджета нет данных' is not present on page

03-12-2024T03:12:13 - [TEST_STEP][PASSED] - click(findTestObject("Выручка по ДЗО/Фильтр Выручка")): Object: 'Object Repository/Выручка по ДЗО/Фильтр Выручка' is clicked on

03-12-2024T03:12:13 - [MESSAGE][PASSED] - Object: 'Object Repository/Выручка по ДЗО/Фильтр Выручка' is clicked on

03-12-2024T03:12:13 - [TEST_STEP][PASSED] - click(findTestObject("Выручка по ДЗО/Снять выделение в фильтре Выручка")): Object: 'Object Repository/Выручка по ДЗО/Снять выделение в фильтре Выручка' is clicked on

03-12-2024T03:12:13 - [MESSAGE][PASSED] - Object: 'Object Repository/Выручка по ДЗО/Снять выделение в фильтре Выручка' is clicked on

03-12-2024T03:12:13 - [TEST_STEP][PASSED] - click(findTestObject("Выручка по ДЗО/Применить в фильтре Выручка")): Object: 'Object Repository/Выручка по ДЗО/Применить в фильтре Выручка' is clicked on

03-12-2024T03:12:14 - [MESSAGE][PASSED] - Object: 'Object Repository/Выручка по ДЗО/Применить в фильтре Выручка' is clicked on

03-12-2024T03:12:14 - [TEST_STEP][PASSED] - click(findTestObject("Выручка по ДЗО/Фильтр ДЗО")): Object: 'Object Repository/Выручка по ДЗО/Фильтр ДЗО' is clicked on

03-12-2024T03:12:15 - [MESSAGE][PASSED] - Object: 'Object Repository/Выручка по ДЗО/Фильтр ДЗО' is clicked on

03-12-2024T03:12:15 - [TEST_STEP][PASSED] - click(findTestObject("Выручка по ДЗО/Снять выделение в фильтре ДЗО")): Object: 'Object Repository/Выручка по ДЗО/Снять выделение в фильтре ДЗО' is clicked on

03-12-2024T03:12:16 - [MESSAGE][PASSED] - Object: 'Object Repository/Выручка по ДЗО/Снять выделение в фильтре ДЗО' is clicked on

03-12-2024T03:12:16 - [TEST_STEP][PASSED] - scrollToElement(findTestObject("Общие объекты/Ивэнерго"), 30): Scroll to object 'Object Repository/Общие объекты/Ивэнерго' successfully

03-12-2024T03:12:16 - [MESSAGE][PASSED] - Scroll to object 'Object Repository/Общие объекты/Ивэнерго' successfully

03-12-2024T03:12:16 - [TEST_STEP][PASSED] - click(findTestObject("Общие объекты/Ивэнерго"), CONTINUE_ON_FAILURE): Object: 'Object Repository/Общие объекты/Ивэнерго' is clicked on

03-12-2024T03:12:17 - [MESSAGE][PASSED] - Object: 'Object Repository/Общие объекты/Ивэнерго' is clicked on

03-12-2024T03:12:17 - [TEST_STEP][PASSED] - Script1687405711779.Change(todaysDate): null

03-12-2024T03:12:17 - [TEST_STEP][PASSED] - scrollToElement(findTestObject("Выручка по ДЗО/Заголовок дашборда"), 30): Scroll to object 'Object Repository/Выручка по ДЗО/Заголовок дашборда' successfully

03-12-2024T03:12:17 - [MESSAGE][PASSED] - Scroll to object 'Object Repository/Выручка по ДЗО/Заголовок дашборда' successfully

03-12-2024T03:12:17 - [TEST_STEP][PASSED] - click(findTestObject("Выручка по ДЗО/Применить в фильтре ДЗО")): Object: 'Object Repository/Выручка по ДЗО/Применить в фильтре ДЗО' is clicked on

03-12-2024T03:12:18 - [MESSAGE][PASSED] - Object: 'Object Repository/Выручка по ДЗО/Применить в фильтре ДЗО' is clicked on

03-12-2024T03:12:18 - [TEST_STEP][PASSED] - Script1687405711779.Tumbler(todaysDate): null

03-12-2024T03:12:18 - [TEST_STEP][PASSED] - Script1687405711779.Test(todaysDate): null

03-12-2024T03:12:18 - [TEST_STEP][PASSED] - if (verifyTextNotPresent("нет данных", false) == true): null

03-12-2024T03:12:21 - [MESSAGE][PASSED] - Text 'нет данных' is not present on page

03-12-2024T03:12:21 - [TEST_STEP][PASSED] - if (verifyTextNotPresent("Ошибка запроса данных", false) == true): null

03-12-2024T03:12:21 - [MESSAGE][PASSED] - Text 'Ошибка запроса данных' is not present on page

03-12-2024T03:12:21 - [TEST_STEP][PASSED] - if (verifyTextNotPresent("Произошла ошибка при выполнении пользовательского кода", false) == true): null

03-12-2024T03:12:22 - [MESSAGE][PASSED] - Text 'Произошла ошибка при выполнении пользовательского кода' is not present on page

03-12-2024T03:12:22 - [TEST_STEP][PASSED] - if (verifyTextNotPresent("У виджета нет данных", false) == true): null

03-12-2024T03:12:22 - [MESSAGE][PASSED] - Text 'У виджета нет данных' is not present on page

03-12-2024T03:12:22 - [TEST_STEP][PASSED] - if (verifyTextNotPresent("У виджета нет данных", false) == true): Text 'У виджета нет данных' is not present on page

03-12-2024T03:12:23 - [MESSAGE][PASSED] - Text 'У виджета нет данных' is not present on page

03-12-2024T03:12:23 - [TEST_STEP][PASSED] - click(findTestObject("Выручка по ДЗО/Фильтр Выручка")): Object: 'Object Repository/Выручка по ДЗО/Фильтр Выручка' is clicked on

03-12-2024T03:12:23 - [MESSAGE][PASSED] - Object: 'Object Repository/Выручка по ДЗО/Фильтр Выручка' is clicked on

03-12-2024T03:12:23 - [TEST_STEP][PASSED] - click(findTestObject("Выручка по ДЗО/Внутренний оборот в фильтре Выручка")): Object: 'Object Repository/Выручка по ДЗО/Внутренний оборот в фильтре Выручка' is clicked on

03-12-2024T03:12:24 - [MESSAGE][PASSED] - Object: 'Object Repository/Выручка по ДЗО/Внутренний оборот в фильтре Выручка' is clicked on

03-12-2024T03:12:24 - [TEST_STEP][PASSED] - click(findTestObject("Выручка по ДЗО/Применить в фильтре Выручка")): Object: 'Object Repository/Выручка по ДЗО/Применить в фильтре Выручка' is clicked on

03-12-2024T03:12:24 - [MESSAGE][PASSED] - Object: 'Object Repository/Выручка по ДЗО/Применить в фильтре Выручка' is clicked on

03-12-2024T03:12:24 - [TEST_STEP][PASSED] - Script1687405711779.Test(todaysDate): null

03-12-2024T03:12:24 - [TEST_STEP][FAILED] - if (verifyTextNotPresent("нет данных", false) == true): Text 'нет данных' is present on page  (Root cause: com.kms.katalon.core.exception.StepFailedException: Text 'нет данных' is present on page 
	at com.kms.katalon.core.webui.keyword.internal.WebUIKeywordMain.stepFailed(WebUIKeywordMain.groovy:64)
	at com.kms.katalon.core.webui.keyword.builtin.VerifyTextNotPresentKeyword$_verifyTextNotPresent_closure1.doCall(VerifyTextNotPresentKeyword.groovy:77)
	at com.kms.katalon.core.webui.keyword.builtin.VerifyTextNotPresentKeyword$_verifyTextNotPresent_closure1.call(VerifyTextNotPresentKeyword.groovy)
	at com.kms.katalon.core.webui.keyword.internal.WebUIKeywordMain.runKeyword(WebUIKeywordMain.groovy:20)
	at com.kms.katalon.core.webui.keyword.builtin.VerifyTextNotPresentKeyword.verifyTextNotPresent(VerifyTextNotPresentKeyword.groovy:82)
	at com.kms.katalon.core.webui.keyword.builtin.VerifyTextNotPresentKeyword.execute(VerifyTextNotPresentKeyword.groovy:68)
	at com.kms.katalon.core.keyword.internal.KeywordExecutor.executeKeywordForPlatform(KeywordExecutor.groovy:74)
	at com.kms.katalon.core.webui.keyword.WebUiBuiltInKeywords.verifyTextNotPresent(WebUiBuiltInKeywords.groovy:1795)
	at Выручка по ДЗО отображение данных все филиалы.Test(Выручка по ДЗО отображение данных все филиалы:782)
	at Выручка по ДЗО отображение данных все филиалы.Tumbler(Выручка по ДЗО отображение данных все филиалы:738)
	at Выручка по ДЗО отображение данных все филиалы.Change(Выручка по ДЗО отображение данных все филиалы:772)
	at Выручка по ДЗО отображение данных все филиалы.DzoTest(Выручка по ДЗО отображение данных все филиалы:622)
	at Выручка по ДЗО отображение данных все филиалы.run(Выручка по ДЗО отображение данных все филиалы:134)
	at com.kms.katalon.core.main.ScriptEngine.run(ScriptEngine.java:194)
	at com.kms.katalon.core.main.ScriptEngine.runScriptAsRawText(ScriptEngine.java:119)
	at com.kms.katalon.core.main.TestCaseExecutor.runScript(TestCaseExecutor.java:448)
	at com.kms.katalon.core.main.TestCaseExecutor.doExecute(TestCaseExecutor.java:439)
	at com.kms.katalon.core.main.TestCaseExecutor.processExecutionPhase(TestCaseExecutor.java:418)
	at com.kms.katalon.core.main.TestCaseExecutor.accessMainPhase(TestCaseExecutor.java:410)
	at com.kms.katalon.core.main.TestCaseExecutor.execute(TestCaseExecutor.java:285)
	at com.kms.katalon.core.common.CommonExecutor.accessTestCaseMainPhase(CommonExecutor.java:65)
	at com.kms.katalon.core.main.TestSuiteExecutor.accessTestSuiteMainPhase(TestSuiteExecutor.java:150)
	at com.kms.katalon.core.main.TestSuiteExecutor.execute(TestSuiteExecutor.java:106)
	at com.kms.katalon.core.main.TestCaseMain.startTestSuite(TestCaseMain.java:180)
	at TempTestSuite1733182698305.run(TempTestSuite1733182698305.groovy:35)
	at java.base/jdk.internal.reflect.NativeMethodAccessorImpl.invoke0(Native Method)
	at java.base/jdk.internal.reflect.NativeMethodAccessorImpl.invoke(NativeMethodAccessorImpl.java:77)
	at java.base/jdk.internal.reflect.DelegatingMethodAccessorImpl.invoke(DelegatingMethodAccessorImpl.java:43)
)

03-12-2024T03:12:26 - [MESSAGE][FAILED] - Text 'нет данных' is present on page  (Root cause: com.kms.katalon.core.exception.StepFailedException: Text 'нет данных' is present on page 
	at com.kms.katalon.core.webui.keyword.internal.WebUIKeywordMain.stepFailed(WebUIKeywordMain.groovy:64)
	at com.kms.katalon.core.webui.keyword.builtin.VerifyTextNotPresentKeyword$_verifyTextNotPresent_closure1.doCall(VerifyTextNotPresentKeyword.groovy:77)
	at com.kms.katalon.core.webui.keyword.builtin.VerifyTextNotPresentKeyword$_verifyTextNotPresent_closure1.call(VerifyTextNotPresentKeyword.groovy)
	at com.kms.katalon.core.webui.keyword.internal.WebUIKeywordMain.runKeyword(WebUIKeywordMain.groovy:20)
	at com.kms.katalon.core.webui.keyword.builtin.VerifyTextNotPresentKeyword.verifyTextNotPresent(VerifyTextNotPresentKeyword.groovy:82)
	at com.kms.katalon.core.webui.keyword.builtin.VerifyTextNotPresentKeyword.execute(VerifyTextNotPresentKeyword.groovy:68)
	at com.kms.katalon.core.keyword.internal.KeywordExecutor.executeKeywordForPlatform(KeywordExecutor.groovy:74)
	at com.kms.katalon.core.webui.keyword.WebUiBuiltInKeywords.verifyTextNotPresent(WebUiBuiltInKeywords.groovy:1795)
	at Выручка по ДЗО отображение данных все филиалы.Test(Выручка по ДЗО отображение данных все филиалы:782)
	at Выручка по ДЗО отображение данных все филиалы.Tumbler(Выручка по ДЗО отображение данных все филиалы:738)
	at Выручка по ДЗО отображение данных все филиалы.Change(Выручка по ДЗО отображение данных все филиалы:772)
	at Выручка по ДЗО отображение данных все филиалы.DzoTest(Выручка по ДЗО отображение данных все филиалы:622)
	at Выручка по ДЗО отображение данных все филиалы.run(Выручка по ДЗО отображение данных все филиалы:134)
	at com.kms.katalon.core.main.ScriptEngine.run(ScriptEngine.java:194)
	at com.kms.katalon.core.main.ScriptEngine.runScriptAsRawText(ScriptEngine.java:119)
	at com.kms.katalon.core.main.TestCaseExecutor.runScript(TestCaseExecutor.java:448)
	at com.kms.katalon.core.main.TestCaseExecutor.doExecute(TestCaseExecutor.java:439)
	at com.kms.katalon.core.main.TestCaseExecutor.processExecutionPhase(TestCaseExecutor.java:418)
	at com.kms.katalon.core.main.TestCaseExecutor.accessMainPhase(TestCaseExecutor.java:410)
	at com.kms.katalon.core.main.TestCaseExecutor.execute(TestCaseExecutor.java:285)
	at com.kms.katalon.core.common.CommonExecutor.accessTestCaseMainPhase(CommonExecutor.java:65)
	at com.kms.katalon.core.main.TestSuiteExecutor.accessTestSuiteMainPhase(TestSuiteExecutor.java:150)
	at com.kms.katalon.core.main.TestSuiteExecutor.execute(TestSuiteExecutor.java:106)
	at com.kms.katalon.core.main.TestCaseMain.startTestSuite(TestCaseMain.java:180)
	at TempTestSuite1733182698305.run(TempTestSuite1733182698305.groovy:35)
	at java.base/jdk.internal.reflect.NativeMethodAccessorImpl.invoke0(Native Method)
	at java.base/jdk.internal.reflect.NativeMethodAccessorImpl.invoke(NativeMethodAccessorImpl.java:77)
	at java.base/jdk.internal.reflect.DelegatingMethodAccessorImpl.invoke(DelegatingMethodAccessorImpl.java:43)
)

03-12-2024T03:12:26 - [TEST_STEP][PASSED] - else: null

03-12-2024T03:12:26 - [TEST_STEP][PASSED] - Script1687405711779.WriteToExcel(todaysDate): null

03-12-2024T03:12:26 - [TEST_STEP][PASSED] - sheetName = "Sheet1": null

03-12-2024T03:12:26 - [TEST_STEP][PASSED] - data = findTestData("PlanFact"): null

03-12-2024T03:12:26 - [TEST_STEP][PASSED] - n = data.getRowNumbers() + 1: null

03-12-2024T03:12:26 - [TEST_STEP][PASSED] - dZO = getText(findTestObject("Выручка по ДЗО/Фильтр ДЗО")): Text of object 'Object Repository/Выручка по ДЗО/Фильтр ДЗО' is: 'ПАО Россети - РаспредКомплекс - Россети Центр и Приволжье (ГК) - Ивэнерго'

03-12-2024T03:12:27 - [MESSAGE][PASSED] - Text of object 'Object Repository/Выручка по ДЗО/Фильтр ДЗО' is: 'ПАО Россети - РаспредКомплекс - Россети Центр и Приволжье (ГК) - Ивэнерго'

03-12-2024T03:12:27 - [TEST_STEP][PASSED] - period = getText(findTestObject("Выручка по ДЗО/Фильтр Дата")): Text of object 'Object Repository/Выручка по ДЗО/Фильтр Дата' is: '1, 2, 3 кв., Октябрь 2024 года'

03-12-2024T03:12:27 - [MESSAGE][PASSED] - Text of object 'Object Repository/Выручка по ДЗО/Фильтр Дата' is: '1, 2, 3 кв., Октябрь 2024 года'

03-12-2024T03:12:27 - [TEST_STEP][PASSED] - viruchka = getText(findTestObject("Выручка по ДЗО/Фильтр Выручка")): Text of object 'Object Repository/Выручка по ДЗО/Фильтр Выручка' is: 'внутренний оборот'

03-12-2024T03:12:27 - [MESSAGE][PASSED] - Text of object 'Object Repository/Выручка по ДЗО/Фильтр Выручка' is: 'внутренний оборот'

03-12-2024T03:12:27 - [TEST_STEP][PASSED] - if (viruchka == "Выбрано: 2"): null

03-12-2024T03:12:27 - [TEST_STEP][PASSED] - if (viruchka == "Все"): null

03-12-2024T03:12:27 - [TEST_STEP][PASSED] - println(period): null

03-12-2024T03:12:27 - [TEST_STEP][PASSED] - dashboardName = "Выручка по ДЗО": null

03-12-2024T03:12:27 - [TEST_STEP][PASSED] - workbook01 = getWorkbook(excelFilePath): null

03-12-2024T03:12:27 - [TEST_STEP][PASSED] - sheet01 = getExcelSheet(workbook01, sheetName): null

03-12-2024T03:12:27 - [TEST_STEP][PASSED] - setValueToCellByIndex(sheet01, n, 0, dashboardName): null

03-12-2024T03:12:27 - [TEST_STEP][PASSED] - setValueToCellByIndex(sheet01, n, 1, dZO): null

03-12-2024T03:12:27 - [TEST_STEP][PASSED] - setValueToCellByIndex(sheet01, n, 2, period): null

03-12-2024T03:12:27 - [TEST_STEP][PASSED] - setValueToCellByIndex(sheet01, n, 3, viruchka): null

03-12-2024T03:12:27 - [TEST_STEP][PASSED] - setValueToCellByIndex(sheet01, n, 4, todaysDate): null

03-12-2024T03:12:27 - [TEST_STEP][PASSED] - n = n + 1: null

03-12-2024T03:12:27 - [TEST_STEP][PASSED] - saveWorkbook(excelFilePath, workbook01): null

03-12-2024T03:12:27 - [TEST_STEP][PASSED] - click(findTestObject("Выручка по ДЗО/Фильтр Выручка")): Object: 'Object Repository/Выручка по ДЗО/Фильтр Выручка' is clicked on

03-12-2024T03:12:28 - [MESSAGE][PASSED] - Object: 'Object Repository/Выручка по ДЗО/Фильтр Выручка' is clicked on

03-12-2024T03:12:28 - [TEST_STEP][PASSED] - click(findTestObject("Выручка по ДЗО/По передаче в фильтре Выручка")): Object: 'Object Repository/Выручка по ДЗО/По передаче в фильтре Выручка' is clicked on

03-12-2024T03:12:28 - [MESSAGE][PASSED] - Object: 'Object Repository/Выручка по ДЗО/По передаче в фильтре Выручка' is clicked on

03-12-2024T03:12:28 - [TEST_STEP][PASSED] - click(findTestObject("Выручка по ДЗО/Применить в фильтре Выручка")): Object: 'Object Repository/Выручка по ДЗО/Применить в фильтре Выручка' is clicked on

03-12-2024T03:12:29 - [MESSAGE][PASSED] - Object: 'Object Repository/Выручка по ДЗО/Применить в фильтре Выручка' is clicked on

03-12-2024T03:12:29 - [TEST_STEP][PASSED] - Script1687405711779.Test(todaysDate): null

03-12-2024T03:12:29 - [TEST_STEP][PASSED] - if (verifyTextNotPresent("нет данных", false) == true): null

03-12-2024T03:12:31 - [MESSAGE][PASSED] - Text 'нет данных' is not present on page

03-12-2024T03:12:31 - [TEST_STEP][PASSED] - if (verifyTextNotPresent("Ошибка запроса данных", false) == true): null

03-12-2024T03:12:32 - [MESSAGE][PASSED] - Text 'Ошибка запроса данных' is not present on page

03-12-2024T03:12:32 - [TEST_STEP][PASSED] - if (verifyTextNotPresent("Произошла ошибка при выполнении пользовательского кода", false) == true): null

03-12-2024T03:12:32 - [MESSAGE][PASSED] - Text 'Произошла ошибка при выполнении пользовательского кода' is not present on page

03-12-2024T03:12:32 - [TEST_STEP][PASSED] - if (verifyTextNotPresent("У виджета нет данных", false) == true): null

03-12-2024T03:12:33 - [MESSAGE][PASSED] - Text 'У виджета нет данных' is not present on page

03-12-2024T03:12:33 - [TEST_STEP][PASSED] - if (verifyTextNotPresent("У виджета нет данных", false) == true): Text 'У виджета нет данных' is not present on page

03-12-2024T03:12:33 - [MESSAGE][PASSED] - Text 'У виджета нет данных' is not present on page

03-12-2024T03:12:33 - [TEST_STEP][PASSED] - click(findTestObject("Выручка по ДЗО/Фильтр Выручка")): Object: 'Object Repository/Выручка по ДЗО/Фильтр Выручка' is clicked on

03-12-2024T03:12:34 - [MESSAGE][PASSED] - Object: 'Object Repository/Выручка по ДЗО/Фильтр Выручка' is clicked on

03-12-2024T03:12:34 - [TEST_STEP][PASSED] - click(findTestObject("Выручка по ДЗО/Снять выделение в фильтре Выручка")): Object: 'Object Repository/Выручка по ДЗО/Снять выделение в фильтре Выручка' is clicked on

03-12-2024T03:12:34 - [MESSAGE][PASSED] - Object: 'Object Repository/Выручка по ДЗО/Снять выделение в фильтре Выручка' is clicked on

03-12-2024T03:12:34 - [TEST_STEP][PASSED] - click(findTestObject("Выручка по ДЗО/По передаче в фильтре Выручка")): Object: 'Object Repository/Выручка по ДЗО/По передаче в фильтре Выручка' is clicked on

03-12-2024T03:12:35 - [MESSAGE][PASSED] - Object: 'Object Repository/Выручка по ДЗО/По передаче в фильтре Выручка' is clicked on

03-12-2024T03:12:35 - [TEST_STEP][PASSED] - click(findTestObject("Выручка по ДЗО/Применить в фильтре Выручка")): Object: 'Object Repository/Выручка по ДЗО/Применить в фильтре Выручка' is clicked on

03-12-2024T03:12:35 - [MESSAGE][PASSED] - Object: 'Object Repository/Выручка по ДЗО/Применить в фильтре Выручка' is clicked on

03-12-2024T03:12:35 - [TEST_STEP][PASSED] - Script1687405711779.Test(todaysDate): null

03-12-2024T03:12:35 - [TEST_STEP][PASSED] - if (verifyTextNotPresent("нет данных", false) == true): null

03-12-2024T03:12:38 - [MESSAGE][PASSED] - Text 'нет данных' is not present on page

03-12-2024T03:12:38 - [TEST_STEP][PASSED] - if (verifyTextNotPresent("Ошибка запроса данных", false) == true): null

03-12-2024T03:12:39 - [MESSAGE][PASSED] - Text 'Ошибка запроса данных' is not present on page

03-12-2024T03:12:39 - [TEST_STEP][PASSED] - if (verifyTextNotPresent("Произошла ошибка при выполнении пользовательского кода", false) == true): null

03-12-2024T03:12:39 - [MESSAGE][PASSED] - Text 'Произошла ошибка при выполнении пользовательского кода' is not present on page

03-12-2024T03:12:39 - [TEST_STEP][PASSED] - if (verifyTextNotPresent("У виджета нет данных", false) == true): null

03-12-2024T03:12:40 - [MESSAGE][PASSED] - Text 'У виджета нет данных' is not present on page

03-12-2024T03:12:40 - [TEST_STEP][PASSED] - if (verifyTextNotPresent("У виджета нет данных", false) == true): Text 'У виджета нет данных' is not present on page

03-12-2024T03:12:40 - [MESSAGE][PASSED] - Text 'У виджета нет данных' is not present on page

03-12-2024T03:12:40 - [TEST_STEP][PASSED] - click(findTestObject("Выручка по ДЗО/Фильтр Выручка")): Object: 'Object Repository/Выручка по ДЗО/Фильтр Выручка' is clicked on

03-12-2024T03:12:40 - [MESSAGE][PASSED] - Object: 'Object Repository/Выручка по ДЗО/Фильтр Выручка' is clicked on

03-12-2024T03:12:40 - [TEST_STEP][PASSED] - click(findTestObject("Выручка по ДЗО/Снять выделение в фильтре Выручка")): Object: 'Object Repository/Выручка по ДЗО/Снять выделение в фильтре Выручка' is clicked on

03-12-2024T03:12:41 - [MESSAGE][PASSED] - Object: 'Object Repository/Выручка по ДЗО/Снять выделение в фильтре Выручка' is clicked on

03-12-2024T03:12:41 - [TEST_STEP][PASSED] - click(findTestObject("Выручка по ДЗО/Применить в фильтре Выручка")): Object: 'Object Repository/Выручка по ДЗО/Применить в фильтре Выручка' is clicked on

03-12-2024T03:12:41 - [MESSAGE][PASSED] - Object: 'Object Repository/Выручка по ДЗО/Применить в фильтре Выручка' is clicked on

03-12-2024T03:12:41 - [TEST_STEP][PASSED] - click(findTestObject("Выручка по ДЗО/Фильтр ДЗО")): Object: 'Object Repository/Выручка по ДЗО/Фильтр ДЗО' is clicked on

03-12-2024T03:12:43 - [MESSAGE][PASSED] - Object: 'Object Repository/Выручка по ДЗО/Фильтр ДЗО' is clicked on

03-12-2024T03:12:43 - [TEST_STEP][PASSED] - click(findTestObject("Выручка по ДЗО/Снять выделение в фильтре ДЗО")): Object: 'Object Repository/Выручка по ДЗО/Снять выделение в фильтре ДЗО' is clicked on

03-12-2024T03:12:43 - [MESSAGE][PASSED] - Object: 'Object Repository/Выручка по ДЗО/Снять выделение в фильтре ДЗО' is clicked on

03-12-2024T03:12:43 - [TEST_STEP][PASSED] - scrollToElement(findTestObject("Общие объекты/Калугаэнерго"), 30): Scroll to object 'Object Repository/Общие объекты/Калугаэнерго' successfully

03-12-2024T03:12:44 - [MESSAGE][PASSED] - Scroll to object 'Object Repository/Общие объекты/Калугаэнерго' successfully

03-12-2024T03:12:44 - [TEST_STEP][PASSED] - click(findTestObject("Общие объекты/Калугаэнерго"), CONTINUE_ON_FAILURE): Object: 'Object Repository/Общие объекты/Калугаэнерго' is clicked on

03-12-2024T03:12:44 - [MESSAGE][PASSED] - Object: 'Object Repository/Общие объекты/Калугаэнерго' is clicked on

03-12-2024T03:12:44 - [TEST_STEP][PASSED] - Script1687405711779.Change(todaysDate): null

03-12-2024T03:12:44 - [TEST_STEP][PASSED] - scrollToElement(findTestObject("Выручка по ДЗО/Заголовок дашборда"), 30): Scroll to object 'Object Repository/Выручка по ДЗО/Заголовок дашборда' successfully

03-12-2024T03:12:44 - [MESSAGE][PASSED] - Scroll to object 'Object Repository/Выручка по ДЗО/Заголовок дашборда' successfully

03-12-2024T03:12:44 - [TEST_STEP][PASSED] - click(findTestObject("Выручка по ДЗО/Применить в фильтре ДЗО")): Object: 'Object Repository/Выручка по ДЗО/Применить в фильтре ДЗО' is clicked on

03-12-2024T03:12:45 - [MESSAGE][PASSED] - Object: 'Object Repository/Выручка по ДЗО/Применить в фильтре ДЗО' is clicked on

03-12-2024T03:12:45 - [TEST_STEP][PASSED] - Script1687405711779.Tumbler(todaysDate): null

03-12-2024T03:12:45 - [TEST_STEP][PASSED] - Script1687405711779.Test(todaysDate): null

03-12-2024T03:12:45 - [TEST_STEP][PASSED] - if (verifyTextNotPresent("нет данных", false) == true): null

03-12-2024T03:12:47 - [MESSAGE][PASSED] - Text 'нет данных' is not present on page

03-12-2024T03:12:47 - [TEST_STEP][PASSED] - if (verifyTextNotPresent("Ошибка запроса данных", false) == true): null

03-12-2024T03:12:48 - [MESSAGE][PASSED] - Text 'Ошибка запроса данных' is not present on page

03-12-2024T03:12:48 - [TEST_STEP][PASSED] - if (verifyTextNotPresent("Произошла ошибка при выполнении пользовательского кода", false) == true): null

03-12-2024T03:12:49 - [MESSAGE][PASSED] - Text 'Произошла ошибка при выполнении пользовательского кода' is not present on page

03-12-2024T03:12:49 - [TEST_STEP][PASSED] - if (verifyTextNotPresent("У виджета нет данных", false) == true): null

03-12-2024T03:12:49 - [MESSAGE][PASSED] - Text 'У виджета нет данных' is not present on page

03-12-2024T03:12:49 - [TEST_STEP][PASSED] - if (verifyTextNotPresent("У виджета нет данных", false) == true): Text 'У виджета нет данных' is not present on page

03-12-2024T03:12:50 - [MESSAGE][PASSED] - Text 'У виджета нет данных' is not present on page

03-12-2024T03:12:50 - [TEST_STEP][PASSED] - click(findTestObject("Выручка по ДЗО/Фильтр Выручка")): Object: 'Object Repository/Выручка по ДЗО/Фильтр Выручка' is clicked on

03-12-2024T03:12:50 - [MESSAGE][PASSED] - Object: 'Object Repository/Выручка по ДЗО/Фильтр Выручка' is clicked on

03-12-2024T03:12:50 - [TEST_STEP][PASSED] - click(findTestObject("Выручка по ДЗО/Внутренний оборот в фильтре Выручка")): Object: 'Object Repository/Выручка по ДЗО/Внутренний оборот в фильтре Выручка' is clicked on

03-12-2024T03:12:51 - [MESSAGE][PASSED] - Object: 'Object Repository/Выручка по ДЗО/Внутренний оборот в фильтре Выручка' is clicked on

03-12-2024T03:12:51 - [TEST_STEP][PASSED] - click(findTestObject("Выручка по ДЗО/Применить в фильтре Выручка")): Object: 'Object Repository/Выручка по ДЗО/Применить в фильтре Выручка' is clicked on

03-12-2024T03:12:51 - [MESSAGE][PASSED] - Object: 'Object Repository/Выручка по ДЗО/Применить в фильтре Выручка' is clicked on

03-12-2024T03:12:51 - [TEST_STEP][PASSED] - Script1687405711779.Test(todaysDate): null

03-12-2024T03:12:51 - [TEST_STEP][FAILED] - if (verifyTextNotPresent("нет данных", false) == true): Text 'нет данных' is present on page  (Root cause: com.kms.katalon.core.exception.StepFailedException: Text 'нет данных' is present on page 
	at com.kms.katalon.core.webui.keyword.internal.WebUIKeywordMain.stepFailed(WebUIKeywordMain.groovy:64)
	at com.kms.katalon.core.webui.keyword.builtin.VerifyTextNotPresentKeyword$_verifyTextNotPresent_closure1.doCall(VerifyTextNotPresentKeyword.groovy:77)
	at com.kms.katalon.core.webui.keyword.builtin.VerifyTextNotPresentKeyword$_verifyTextNotPresent_closure1.call(VerifyTextNotPresentKeyword.groovy)
	at com.kms.katalon.core.webui.keyword.internal.WebUIKeywordMain.runKeyword(WebUIKeywordMain.groovy:20)
	at com.kms.katalon.core.webui.keyword.builtin.VerifyTextNotPresentKeyword.verifyTextNotPresent(VerifyTextNotPresentKeyword.groovy:82)
	at com.kms.katalon.core.webui.keyword.builtin.VerifyTextNotPresentKeyword.execute(VerifyTextNotPresentKeyword.groovy:68)
	at com.kms.katalon.core.keyword.internal.KeywordExecutor.executeKeywordForPlatform(KeywordExecutor.groovy:74)
	at com.kms.katalon.core.webui.keyword.WebUiBuiltInKeywords.verifyTextNotPresent(WebUiBuiltInKeywords.groovy:1795)
	at Выручка по ДЗО отображение данных все филиалы.Test(Выручка по ДЗО отображение данных все филиалы:782)
	at Выручка по ДЗО отображение данных все филиалы.Tumbler(Выручка по ДЗО отображение данных все филиалы:738)
	at Выручка по ДЗО отображение данных все филиалы.Change(Выручка по ДЗО отображение данных все филиалы:772)
	at Выручка по ДЗО отображение данных все филиалы.DzoTest(Выручка по ДЗО отображение данных все филиалы:628)
	at Выручка по ДЗО отображение данных все филиалы.run(Выручка по ДЗО отображение данных все филиалы:134)
	at com.kms.katalon.core.main.ScriptEngine.run(ScriptEngine.java:194)
	at com.kms.katalon.core.main.ScriptEngine.runScriptAsRawText(ScriptEngine.java:119)
	at com.kms.katalon.core.main.TestCaseExecutor.runScript(TestCaseExecutor.java:448)
	at com.kms.katalon.core.main.TestCaseExecutor.doExecute(TestCaseExecutor.java:439)
	at com.kms.katalon.core.main.TestCaseExecutor.processExecutionPhase(TestCaseExecutor.java:418)
	at com.kms.katalon.core.main.TestCaseExecutor.accessMainPhase(TestCaseExecutor.java:410)
	at com.kms.katalon.core.main.TestCaseExecutor.execute(TestCaseExecutor.java:285)
	at com.kms.katalon.core.common.CommonExecutor.accessTestCaseMainPhase(CommonExecutor.java:65)
	at com.kms.katalon.core.main.TestSuiteExecutor.accessTestSuiteMainPhase(TestSuiteExecutor.java:150)
	at com.kms.katalon.core.main.TestSuiteExecutor.execute(TestSuiteExecutor.java:106)
	at com.kms.katalon.core.main.TestCaseMain.startTestSuite(TestCaseMain.java:180)
	at TempTestSuite1733182698305.run(TempTestSuite1733182698305.groovy:35)
	at java.base/jdk.internal.reflect.NativeMethodAccessorImpl.invoke0(Native Method)
	at java.base/jdk.internal.reflect.NativeMethodAccessorImpl.invoke(NativeMethodAccessorImpl.java:77)
	at java.base/jdk.internal.reflect.DelegatingMethodAccessorImpl.invoke(DelegatingMethodAccessorImpl.java:43)
)

03-12-2024T03:12:54 - [MESSAGE][FAILED] - Text 'нет данных' is present on page  (Root cause: com.kms.katalon.core.exception.StepFailedException: Text 'нет данных' is present on page 
	at com.kms.katalon.core.webui.keyword.internal.WebUIKeywordMain.stepFailed(WebUIKeywordMain.groovy:64)
	at com.kms.katalon.core.webui.keyword.builtin.VerifyTextNotPresentKeyword$_verifyTextNotPresent_closure1.doCall(VerifyTextNotPresentKeyword.groovy:77)
	at com.kms.katalon.core.webui.keyword.builtin.VerifyTextNotPresentKeyword$_verifyTextNotPresent_closure1.call(VerifyTextNotPresentKeyword.groovy)
	at com.kms.katalon.core.webui.keyword.internal.WebUIKeywordMain.runKeyword(WebUIKeywordMain.groovy:20)
	at com.kms.katalon.core.webui.keyword.builtin.VerifyTextNotPresentKeyword.verifyTextNotPresent(VerifyTextNotPresentKeyword.groovy:82)
	at com.kms.katalon.core.webui.keyword.builtin.VerifyTextNotPresentKeyword.execute(VerifyTextNotPresentKeyword.groovy:68)
	at com.kms.katalon.core.keyword.internal.KeywordExecutor.executeKeywordForPlatform(KeywordExecutor.groovy:74)
	at com.kms.katalon.core.webui.keyword.WebUiBuiltInKeywords.verifyTextNotPresent(WebUiBuiltInKeywords.groovy:1795)
	at Выручка по ДЗО отображение данных все филиалы.Test(Выручка по ДЗО отображение данных все филиалы:782)
	at Выручка по ДЗО отображение данных все филиалы.Tumbler(Выручка по ДЗО отображение данных все филиалы:738)
	at Выручка по ДЗО отображение данных все филиалы.Change(Выручка по ДЗО отображение данных все филиалы:772)
	at Выручка по ДЗО отображение данных все филиалы.DzoTest(Выручка по ДЗО отображение данных все филиалы:628)
	at Выручка по ДЗО отображение данных все филиалы.run(Выручка по ДЗО отображение данных все филиалы:134)
	at com.kms.katalon.core.main.ScriptEngine.run(ScriptEngine.java:194)
	at com.kms.katalon.core.main.ScriptEngine.runScriptAsRawText(ScriptEngine.java:119)
	at com.kms.katalon.core.main.TestCaseExecutor.runScript(TestCaseExecutor.java:448)
	at com.kms.katalon.core.main.TestCaseExecutor.doExecute(TestCaseExecutor.java:439)
	at com.kms.katalon.core.main.TestCaseExecutor.processExecutionPhase(TestCaseExecutor.java:418)
	at com.kms.katalon.core.main.TestCaseExecutor.accessMainPhase(TestCaseExecutor.java:410)
	at com.kms.katalon.core.main.TestCaseExecutor.execute(TestCaseExecutor.java:285)
	at com.kms.katalon.core.common.CommonExecutor.accessTestCaseMainPhase(CommonExecutor.java:65)
	at com.kms.katalon.core.main.TestSuiteExecutor.accessTestSuiteMainPhase(TestSuiteExecutor.java:150)
	at com.kms.katalon.core.main.TestSuiteExecutor.execute(TestSuiteExecutor.java:106)
	at com.kms.katalon.core.main.TestCaseMain.startTestSuite(TestCaseMain.java:180)
	at TempTestSuite1733182698305.run(TempTestSuite1733182698305.groovy:35)
	at java.base/jdk.internal.reflect.NativeMethodAccessorImpl.invoke0(Native Method)
	at java.base/jdk.internal.reflect.NativeMethodAccessorImpl.invoke(NativeMethodAccessorImpl.java:77)
	at java.base/jdk.internal.reflect.DelegatingMethodAccessorImpl.invoke(DelegatingMethodAccessorImpl.java:43)
)

03-12-2024T03:12:54 - [TEST_STEP][PASSED] - else: null

03-12-2024T03:12:54 - [TEST_STEP][PASSED] - Script1687405711779.WriteToExcel(todaysDate): null

03-12-2024T03:12:54 - [TEST_STEP][PASSED] - sheetName = "Sheet1": null

03-12-2024T03:12:54 - [TEST_STEP][PASSED] - data = findTestData("PlanFact"): null

03-12-2024T03:12:54 - [TEST_STEP][PASSED] - n = data.getRowNumbers() + 1: null

03-12-2024T03:12:54 - [TEST_STEP][PASSED] - dZO = getText(findTestObject("Выручка по ДЗО/Фильтр ДЗО")): Text of object 'Object Repository/Выручка по ДЗО/Фильтр ДЗО' is: 'ПАО Россети - РаспредКомплекс - Россети Центр и Приволжье (ГК) - Калугаэнерго'

03-12-2024T03:12:54 - [MESSAGE][PASSED] - Text of object 'Object Repository/Выручка по ДЗО/Фильтр ДЗО' is: 'ПАО Россети - РаспредКомплекс - Россети Центр и Приволжье (ГК) - Калугаэнерго'

03-12-2024T03:12:54 - [TEST_STEP][PASSED] - period = getText(findTestObject("Выручка по ДЗО/Фильтр Дата")): Text of object 'Object Repository/Выручка по ДЗО/Фильтр Дата' is: '1, 2, 3 кв., Октябрь 2024 года'

03-12-2024T03:12:54 - [MESSAGE][PASSED] - Text of object 'Object Repository/Выручка по ДЗО/Фильтр Дата' is: '1, 2, 3 кв., Октябрь 2024 года'

03-12-2024T03:12:54 - [TEST_STEP][PASSED] - viruchka = getText(findTestObject("Выручка по ДЗО/Фильтр Выручка")): Text of object 'Object Repository/Выручка по ДЗО/Фильтр Выручка' is: 'внутренний оборот'

03-12-2024T03:12:54 - [MESSAGE][PASSED] - Text of object 'Object Repository/Выручка по ДЗО/Фильтр Выручка' is: 'внутренний оборот'

03-12-2024T03:12:54 - [TEST_STEP][PASSED] - if (viruchka == "Выбрано: 2"): null

03-12-2024T03:12:54 - [TEST_STEP][PASSED] - if (viruchka == "Все"): null

03-12-2024T03:12:54 - [TEST_STEP][PASSED] - println(period): null

03-12-2024T03:12:54 - [TEST_STEP][PASSED] - dashboardName = "Выручка по ДЗО": null

03-12-2024T03:12:54 - [TEST_STEP][PASSED] - workbook01 = getWorkbook(excelFilePath): null

03-12-2024T03:12:54 - [TEST_STEP][PASSED] - sheet01 = getExcelSheet(workbook01, sheetName): null

03-12-2024T03:12:54 - [TEST_STEP][PASSED] - setValueToCellByIndex(sheet01, n, 0, dashboardName): null

03-12-2024T03:12:54 - [TEST_STEP][PASSED] - setValueToCellByIndex(sheet01, n, 1, dZO): null

03-12-2024T03:12:54 - [TEST_STEP][PASSED] - setValueToCellByIndex(sheet01, n, 2, period): null

03-12-2024T03:12:54 - [TEST_STEP][PASSED] - setValueToCellByIndex(sheet01, n, 3, viruchka): null

03-12-2024T03:12:54 - [TEST_STEP][PASSED] - setValueToCellByIndex(sheet01, n, 4, todaysDate): null

03-12-2024T03:12:54 - [TEST_STEP][PASSED] - n = n + 1: null

03-12-2024T03:12:54 - [TEST_STEP][PASSED] - saveWorkbook(excelFilePath, workbook01): null

03-12-2024T03:12:55 - [TEST_STEP][PASSED] - click(findTestObject("Выручка по ДЗО/Фильтр Выручка")): Object: 'Object Repository/Выручка по ДЗО/Фильтр Выручка' is clicked on

03-12-2024T03:12:55 - [MESSAGE][PASSED] - Object: 'Object Repository/Выручка по ДЗО/Фильтр Выручка' is clicked on

03-12-2024T03:12:55 - [TEST_STEP][PASSED] - click(findTestObject("Выручка по ДЗО/По передаче в фильтре Выручка")): Object: 'Object Repository/Выручка по ДЗО/По передаче в фильтре Выручка' is clicked on

03-12-2024T03:12:56 - [MESSAGE][PASSED] - Object: 'Object Repository/Выручка по ДЗО/По передаче в фильтре Выручка' is clicked on

03-12-2024T03:12:56 - [TEST_STEP][PASSED] - click(findTestObject("Выручка по ДЗО/Применить в фильтре Выручка")): Object: 'Object Repository/Выручка по ДЗО/Применить в фильтре Выручка' is clicked on

03-12-2024T03:12:56 - [MESSAGE][PASSED] - Object: 'Object Repository/Выручка по ДЗО/Применить в фильтре Выручка' is clicked on

03-12-2024T03:12:56 - [TEST_STEP][PASSED] - Script1687405711779.Test(todaysDate): null

03-12-2024T03:12:56 - [TEST_STEP][PASSED] - if (verifyTextNotPresent("нет данных", false) == true): null

03-12-2024T03:12:58 - [MESSAGE][PASSED] - Text 'нет данных' is not present on page

03-12-2024T03:12:58 - [TEST_STEP][PASSED] - if (verifyTextNotPresent("Ошибка запроса данных", false) == true): null

03-12-2024T03:12:59 - [MESSAGE][PASSED] - Text 'Ошибка запроса данных' is not present on page

03-12-2024T03:12:59 - [TEST_STEP][PASSED] - if (verifyTextNotPresent("Произошла ошибка при выполнении пользовательского кода", false) == true): null

03-12-2024T03:13:00 - [MESSAGE][PASSED] - Text 'Произошла ошибка при выполнении пользовательского кода' is not present on page

03-12-2024T03:13:00 - [TEST_STEP][PASSED] - if (verifyTextNotPresent("У виджета нет данных", false) == true): null

03-12-2024T03:13:00 - [MESSAGE][PASSED] - Text 'У виджета нет данных' is not present on page

03-12-2024T03:13:00 - [TEST_STEP][PASSED] - if (verifyTextNotPresent("У виджета нет данных", false) == true): Text 'У виджета нет данных' is not present on page

03-12-2024T03:13:01 - [MESSAGE][PASSED] - Text 'У виджета нет данных' is not present on page

03-12-2024T03:13:01 - [TEST_STEP][PASSED] - click(findTestObject("Выручка по ДЗО/Фильтр Выручка")): Object: 'Object Repository/Выручка по ДЗО/Фильтр Выручка' is clicked on

03-12-2024T03:13:01 - [MESSAGE][PASSED] - Object: 'Object Repository/Выручка по ДЗО/Фильтр Выручка' is clicked on

03-12-2024T03:13:01 - [TEST_STEP][PASSED] - click(findTestObject("Выручка по ДЗО/Снять выделение в фильтре Выручка")): Object: 'Object Repository/Выручка по ДЗО/Снять выделение в фильтре Выручка' is clicked on

03-12-2024T03:13:01 - [MESSAGE][PASSED] - Object: 'Object Repository/Выручка по ДЗО/Снять выделение в фильтре Выручка' is clicked on

03-12-2024T03:13:01 - [TEST_STEP][PASSED] - click(findTestObject("Выручка по ДЗО/По передаче в фильтре Выручка")): Object: 'Object Repository/Выручка по ДЗО/По передаче в фильтре Выручка' is clicked on

03-12-2024T03:13:02 - [MESSAGE][PASSED] - Object: 'Object Repository/Выручка по ДЗО/По передаче в фильтре Выручка' is clicked on

03-12-2024T03:13:02 - [TEST_STEP][PASSED] - click(findTestObject("Выручка по ДЗО/Применить в фильтре Выручка")): Object: 'Object Repository/Выручка по ДЗО/Применить в фильтре Выручка' is clicked on

03-12-2024T03:13:02 - [MESSAGE][PASSED] - Object: 'Object Repository/Выручка по ДЗО/Применить в фильтре Выручка' is clicked on

03-12-2024T03:13:02 - [TEST_STEP][PASSED] - Script1687405711779.Test(todaysDate): null

03-12-2024T03:13:02 - [TEST_STEP][PASSED] - if (verifyTextNotPresent("нет данных", false) == true): null

03-12-2024T03:13:04 - [MESSAGE][PASSED] - Text 'нет данных' is not present on page

03-12-2024T03:13:04 - [TEST_STEP][PASSED] - if (verifyTextNotPresent("Ошибка запроса данных", false) == true): null

03-12-2024T03:13:05 - [MESSAGE][PASSED] - Text 'Ошибка запроса данных' is not present on page

03-12-2024T03:13:05 - [TEST_STEP][PASSED] - if (verifyTextNotPresent("Произошла ошибка при выполнении пользовательского кода", false) == true): null

03-12-2024T03:13:05 - [MESSAGE][PASSED] - Text 'Произошла ошибка при выполнении пользовательского кода' is not present on page

03-12-2024T03:13:05 - [TEST_STEP][PASSED] - if (verifyTextNotPresent("У виджета нет данных", false) == true): null

03-12-2024T03:13:06 - [MESSAGE][PASSED] - Text 'У виджета нет данных' is not present on page

03-12-2024T03:13:06 - [TEST_STEP][PASSED] - if (verifyTextNotPresent("У виджета нет данных", false) == true): Text 'У виджета нет данных' is not present on page

03-12-2024T03:13:06 - [MESSAGE][PASSED] - Text 'У виджета нет данных' is not present on page

03-12-2024T03:13:06 - [TEST_STEP][PASSED] - click(findTestObject("Выручка по ДЗО/Фильтр Выручка")): Object: 'Object Repository/Выручка по ДЗО/Фильтр Выручка' is clicked on

03-12-2024T03:13:07 - [MESSAGE][PASSED] - Object: 'Object Repository/Выручка по ДЗО/Фильтр Выручка' is clicked on

03-12-2024T03:13:07 - [TEST_STEP][PASSED] - click(findTestObject("Выручка по ДЗО/Снять выделение в фильтре Выручка")): Object: 'Object Repository/Выручка по ДЗО/Снять выделение в фильтре Выручка' is clicked on

03-12-2024T03:13:08 - [MESSAGE][PASSED] - Object: 'Object Repository/Выручка по ДЗО/Снять выделение в фильтре Выручка' is clicked on

03-12-2024T03:13:08 - [TEST_STEP][PASSED] - click(findTestObject("Выручка по ДЗО/Применить в фильтре Выручка")): Object: 'Object Repository/Выручка по ДЗО/Применить в фильтре Выручка' is clicked on

03-12-2024T03:13:08 - [MESSAGE][PASSED] - Object: 'Object Repository/Выручка по ДЗО/Применить в фильтре Выручка' is clicked on

03-12-2024T03:13:08 - [TEST_STEP][PASSED] - click(findTestObject("Выручка по ДЗО/Фильтр ДЗО")): Object: 'Object Repository/Выручка по ДЗО/Фильтр ДЗО' is clicked on

03-12-2024T03:13:10 - [MESSAGE][PASSED] - Object: 'Object Repository/Выручка по ДЗО/Фильтр ДЗО' is clicked on

03-12-2024T03:13:10 - [TEST_STEP][PASSED] - click(findTestObject("Выручка по ДЗО/Снять выделение в фильтре ДЗО")): Object: 'Object Repository/Выручка по ДЗО/Снять выделение в фильтре ДЗО' is clicked on

03-12-2024T03:13:11 - [MESSAGE][PASSED] - Object: 'Object Repository/Выручка по ДЗО/Снять выделение в фильтре ДЗО' is clicked on

03-12-2024T03:13:11 - [TEST_STEP][PASSED] - scrollToElement(findTestObject("Общие объекты/Кировэнерго"), 30): Scroll to object 'Object Repository/Общие объекты/Кировэнерго' successfully

03-12-2024T03:13:11 - [MESSAGE][PASSED] - Scroll to object 'Object Repository/Общие объекты/Кировэнерго' successfully

03-12-2024T03:13:11 - [TEST_STEP][PASSED] - click(findTestObject("Общие объекты/Кировэнерго"), CONTINUE_ON_FAILURE): Object: 'Object Repository/Общие объекты/Кировэнерго' is clicked on

03-12-2024T03:13:11 - [MESSAGE][PASSED] - Object: 'Object Repository/Общие объекты/Кировэнерго' is clicked on

03-12-2024T03:13:11 - [TEST_STEP][PASSED] - Script1687405711779.Change(todaysDate): null

03-12-2024T03:13:11 - [TEST_STEP][PASSED] - scrollToElement(findTestObject("Выручка по ДЗО/Заголовок дашборда"), 30): Scroll to object 'Object Repository/Выручка по ДЗО/Заголовок дашборда' successfully

03-12-2024T03:13:12 - [MESSAGE][PASSED] - Scroll to object 'Object Repository/Выручка по ДЗО/Заголовок дашборда' successfully

03-12-2024T03:13:12 - [TEST_STEP][PASSED] - click(findTestObject("Выручка по ДЗО/Применить в фильтре ДЗО")): Object: 'Object Repository/Выручка по ДЗО/Применить в фильтре ДЗО' is clicked on

03-12-2024T03:13:12 - [MESSAGE][PASSED] - Object: 'Object Repository/Выручка по ДЗО/Применить в фильтре ДЗО' is clicked on

03-12-2024T03:13:12 - [TEST_STEP][PASSED] - Script1687405711779.Tumbler(todaysDate): null

03-12-2024T03:13:12 - [TEST_STEP][PASSED] - Script1687405711779.Test(todaysDate): null

03-12-2024T03:13:12 - [TEST_STEP][PASSED] - if (verifyTextNotPresent("нет данных", false) == true): null

03-12-2024T03:13:15 - [MESSAGE][PASSED] - Text 'нет данных' is not present on page

03-12-2024T03:13:15 - [TEST_STEP][PASSED] - if (verifyTextNotPresent("Ошибка запроса данных", false) == true): null

03-12-2024T03:13:16 - [MESSAGE][PASSED] - Text 'Ошибка запроса данных' is not present on page

03-12-2024T03:13:16 - [TEST_STEP][PASSED] - if (verifyTextNotPresent("Произошла ошибка при выполнении пользовательского кода", false) == true): null

03-12-2024T03:13:16 - [MESSAGE][PASSED] - Text 'Произошла ошибка при выполнении пользовательского кода' is not present on page

03-12-2024T03:13:16 - [TEST_STEP][PASSED] - if (verifyTextNotPresent("У виджета нет данных", false) == true): null

03-12-2024T03:13:17 - [MESSAGE][PASSED] - Text 'У виджета нет данных' is not present on page

03-12-2024T03:13:17 - [TEST_STEP][PASSED] - if (verifyTextNotPresent("У виджета нет данных", false) == true): Text 'У виджета нет данных' is not present on page

03-12-2024T03:13:17 - [MESSAGE][PASSED] - Text 'У виджета нет данных' is not present on page

03-12-2024T03:13:17 - [TEST_STEP][PASSED] - click(findTestObject("Выручка по ДЗО/Фильтр Выручка")): Object: 'Object Repository/Выручка по ДЗО/Фильтр Выручка' is clicked on

03-12-2024T03:13:18 - [MESSAGE][PASSED] - Object: 'Object Repository/Выручка по ДЗО/Фильтр Выручка' is clicked on

03-12-2024T03:13:18 - [TEST_STEP][PASSED] - click(findTestObject("Выручка по ДЗО/Внутренний оборот в фильтре Выручка")): Object: 'Object Repository/Выручка по ДЗО/Внутренний оборот в фильтре Выручка' is clicked on

03-12-2024T03:13:18 - [MESSAGE][PASSED] - Object: 'Object Repository/Выручка по ДЗО/Внутренний оборот в фильтре Выручка' is clicked on

03-12-2024T03:13:18 - [TEST_STEP][PASSED] - click(findTestObject("Выручка по ДЗО/Применить в фильтре Выручка")): Object: 'Object Repository/Выручка по ДЗО/Применить в фильтре Выручка' is clicked on

03-12-2024T03:13:19 - [MESSAGE][PASSED] - Object: 'Object Repository/Выручка по ДЗО/Применить в фильтре Выручка' is clicked on

03-12-2024T03:13:19 - [TEST_STEP][PASSED] - Script1687405711779.Test(todaysDate): null

03-12-2024T03:13:19 - [TEST_STEP][FAILED] - if (verifyTextNotPresent("нет данных", false) == true): Text 'нет данных' is present on page  (Root cause: com.kms.katalon.core.exception.StepFailedException: Text 'нет данных' is present on page 
	at com.kms.katalon.core.webui.keyword.internal.WebUIKeywordMain.stepFailed(WebUIKeywordMain.groovy:64)
	at com.kms.katalon.core.webui.keyword.builtin.VerifyTextNotPresentKeyword$_verifyTextNotPresent_closure1.doCall(VerifyTextNotPresentKeyword.groovy:77)
	at com.kms.katalon.core.webui.keyword.builtin.VerifyTextNotPresentKeyword$_verifyTextNotPresent_closure1.call(VerifyTextNotPresentKeyword.groovy)
	at com.kms.katalon.core.webui.keyword.internal.WebUIKeywordMain.runKeyword(WebUIKeywordMain.groovy:20)
	at com.kms.katalon.core.webui.keyword.builtin.VerifyTextNotPresentKeyword.verifyTextNotPresent(VerifyTextNotPresentKeyword.groovy:82)
	at com.kms.katalon.core.webui.keyword.builtin.VerifyTextNotPresentKeyword.execute(VerifyTextNotPresentKeyword.groovy:68)
	at com.kms.katalon.core.keyword.internal.KeywordExecutor.executeKeywordForPlatform(KeywordExecutor.groovy:74)
	at com.kms.katalon.core.webui.keyword.WebUiBuiltInKeywords.verifyTextNotPresent(WebUiBuiltInKeywords.groovy:1795)
	at Выручка по ДЗО отображение данных все филиалы.Test(Выручка по ДЗО отображение данных все филиалы:782)
	at Выручка по ДЗО отображение данных все филиалы.Tumbler(Выручка по ДЗО отображение данных все филиалы:738)
	at Выручка по ДЗО отображение данных все филиалы.Change(Выручка по ДЗО отображение данных все филиалы:772)
	at Выручка по ДЗО отображение данных все филиалы.DzoTest(Выручка по ДЗО отображение данных все филиалы:634)
	at Выручка по ДЗО отображение данных все филиалы.run(Выручка по ДЗО отображение данных все филиалы:134)
	at com.kms.katalon.core.main.ScriptEngine.run(ScriptEngine.java:194)
	at com.kms.katalon.core.main.ScriptEngine.runScriptAsRawText(ScriptEngine.java:119)
	at com.kms.katalon.core.main.TestCaseExecutor.runScript(TestCaseExecutor.java:448)
	at com.kms.katalon.core.main.TestCaseExecutor.doExecute(TestCaseExecutor.java:439)
	at com.kms.katalon.core.main.TestCaseExecutor.processExecutionPhase(TestCaseExecutor.java:418)
	at com.kms.katalon.core.main.TestCaseExecutor.accessMainPhase(TestCaseExecutor.java:410)
	at com.kms.katalon.core.main.TestCaseExecutor.execute(TestCaseExecutor.java:285)
	at com.kms.katalon.core.common.CommonExecutor.accessTestCaseMainPhase(CommonExecutor.java:65)
	at com.kms.katalon.core.main.TestSuiteExecutor.accessTestSuiteMainPhase(TestSuiteExecutor.java:150)
	at com.kms.katalon.core.main.TestSuiteExecutor.execute(TestSuiteExecutor.java:106)
	at com.kms.katalon.core.main.TestCaseMain.startTestSuite(TestCaseMain.java:180)
	at TempTestSuite1733182698305.run(TempTestSuite1733182698305.groovy:35)
	at java.base/jdk.internal.reflect.NativeMethodAccessorImpl.invoke0(Native Method)
	at java.base/jdk.internal.reflect.NativeMethodAccessorImpl.invoke(NativeMethodAccessorImpl.java:77)
	at java.base/jdk.internal.reflect.DelegatingMethodAccessorImpl.invoke(DelegatingMethodAccessorImpl.java:43)
)

03-12-2024T03:13:21 - [MESSAGE][FAILED] - Text 'нет данных' is present on page  (Root cause: com.kms.katalon.core.exception.StepFailedException: Text 'нет данных' is present on page 
	at com.kms.katalon.core.webui.keyword.internal.WebUIKeywordMain.stepFailed(WebUIKeywordMain.groovy:64)
	at com.kms.katalon.core.webui.keyword.builtin.VerifyTextNotPresentKeyword$_verifyTextNotPresent_closure1.doCall(VerifyTextNotPresentKeyword.groovy:77)
	at com.kms.katalon.core.webui.keyword.builtin.VerifyTextNotPresentKeyword$_verifyTextNotPresent_closure1.call(VerifyTextNotPresentKeyword.groovy)
	at com.kms.katalon.core.webui.keyword.internal.WebUIKeywordMain.runKeyword(WebUIKeywordMain.groovy:20)
	at com.kms.katalon.core.webui.keyword.builtin.VerifyTextNotPresentKeyword.verifyTextNotPresent(VerifyTextNotPresentKeyword.groovy:82)
	at com.kms.katalon.core.webui.keyword.builtin.VerifyTextNotPresentKeyword.execute(VerifyTextNotPresentKeyword.groovy:68)
	at com.kms.katalon.core.keyword.internal.KeywordExecutor.executeKeywordForPlatform(KeywordExecutor.groovy:74)
	at com.kms.katalon.core.webui.keyword.WebUiBuiltInKeywords.verifyTextNotPresent(WebUiBuiltInKeywords.groovy:1795)
	at Выручка по ДЗО отображение данных все филиалы.Test(Выручка по ДЗО отображение данных все филиалы:782)
	at Выручка по ДЗО отображение данных все филиалы.Tumbler(Выручка по ДЗО отображение данных все филиалы:738)
	at Выручка по ДЗО отображение данных все филиалы.Change(Выручка по ДЗО отображение данных все филиалы:772)
	at Выручка по ДЗО отображение данных все филиалы.DzoTest(Выручка по ДЗО отображение данных все филиалы:634)
	at Выручка по ДЗО отображение данных все филиалы.run(Выручка по ДЗО отображение данных все филиалы:134)
	at com.kms.katalon.core.main.ScriptEngine.run(ScriptEngine.java:194)
	at com.kms.katalon.core.main.ScriptEngine.runScriptAsRawText(ScriptEngine.java:119)
	at com.kms.katalon.core.main.TestCaseExecutor.runScript(TestCaseExecutor.java:448)
	at com.kms.katalon.core.main.TestCaseExecutor.doExecute(TestCaseExecutor.java:439)
	at com.kms.katalon.core.main.TestCaseExecutor.processExecutionPhase(TestCaseExecutor.java:418)
	at com.kms.katalon.core.main.TestCaseExecutor.accessMainPhase(TestCaseExecutor.java:410)
	at com.kms.katalon.core.main.TestCaseExecutor.execute(TestCaseExecutor.java:285)
	at com.kms.katalon.core.common.CommonExecutor.accessTestCaseMainPhase(CommonExecutor.java:65)
	at com.kms.katalon.core.main.TestSuiteExecutor.accessTestSuiteMainPhase(TestSuiteExecutor.java:150)
	at com.kms.katalon.core.main.TestSuiteExecutor.execute(TestSuiteExecutor.java:106)
	at com.kms.katalon.core.main.TestCaseMain.startTestSuite(TestCaseMain.java:180)
	at TempTestSuite1733182698305.run(TempTestSuite1733182698305.groovy:35)
	at java.base/jdk.internal.reflect.NativeMethodAccessorImpl.invoke0(Native Method)
	at java.base/jdk.internal.reflect.NativeMethodAccessorImpl.invoke(NativeMethodAccessorImpl.java:77)
	at java.base/jdk.internal.reflect.DelegatingMethodAccessorImpl.invoke(DelegatingMethodAccessorImpl.java:43)
)

03-12-2024T03:13:21 - [TEST_STEP][PASSED] - else: null

03-12-2024T03:13:21 - [TEST_STEP][PASSED] - Script1687405711779.WriteToExcel(todaysDate): null

03-12-2024T03:13:21 - [TEST_STEP][PASSED] - sheetName = "Sheet1": null

03-12-2024T03:13:21 - [TEST_STEP][PASSED] - data = findTestData("PlanFact"): null

03-12-2024T03:13:21 - [TEST_STEP][PASSED] - n = data.getRowNumbers() + 1: null

03-12-2024T03:13:21 - [TEST_STEP][PASSED] - dZO = getText(findTestObject("Выручка по ДЗО/Фильтр ДЗО")): Text of object 'Object Repository/Выручка по ДЗО/Фильтр ДЗО' is: 'ПАО Россети - РаспредКомплекс - Россети Центр и Приволжье (ГК) - Кировэнерго'

03-12-2024T03:13:21 - [MESSAGE][PASSED] - Text of object 'Object Repository/Выручка по ДЗО/Фильтр ДЗО' is: 'ПАО Россети - РаспредКомплекс - Россети Центр и Приволжье (ГК) - Кировэнерго'

03-12-2024T03:13:21 - [TEST_STEP][PASSED] - period = getText(findTestObject("Выручка по ДЗО/Фильтр Дата")): Text of object 'Object Repository/Выручка по ДЗО/Фильтр Дата' is: '1, 2, 3 кв., Октябрь 2024 года'

03-12-2024T03:13:21 - [MESSAGE][PASSED] - Text of object 'Object Repository/Выручка по ДЗО/Фильтр Дата' is: '1, 2, 3 кв., Октябрь 2024 года'

03-12-2024T03:13:21 - [TEST_STEP][PASSED] - viruchka = getText(findTestObject("Выручка по ДЗО/Фильтр Выручка")): Text of object 'Object Repository/Выручка по ДЗО/Фильтр Выручка' is: 'внутренний оборот'

03-12-2024T03:13:22 - [MESSAGE][PASSED] - Text of object 'Object Repository/Выручка по ДЗО/Фильтр Выручка' is: 'внутренний оборот'

03-12-2024T03:13:22 - [TEST_STEP][PASSED] - if (viruchka == "Выбрано: 2"): null

03-12-2024T03:13:22 - [TEST_STEP][PASSED] - if (viruchka == "Все"): null

03-12-2024T03:13:22 - [TEST_STEP][PASSED] - println(period): null

03-12-2024T03:13:22 - [TEST_STEP][PASSED] - dashboardName = "Выручка по ДЗО": null

03-12-2024T03:13:22 - [TEST_STEP][PASSED] - workbook01 = getWorkbook(excelFilePath): null

03-12-2024T03:13:22 - [TEST_STEP][PASSED] - sheet01 = getExcelSheet(workbook01, sheetName): null

03-12-2024T03:13:22 - [TEST_STEP][PASSED] - setValueToCellByIndex(sheet01, n, 0, dashboardName): null

03-12-2024T03:13:22 - [TEST_STEP][PASSED] - setValueToCellByIndex(sheet01, n, 1, dZO): null

03-12-2024T03:13:22 - [TEST_STEP][PASSED] - setValueToCellByIndex(sheet01, n, 2, period): null

03-12-2024T03:13:22 - [TEST_STEP][PASSED] - setValueToCellByIndex(sheet01, n, 3, viruchka): null

03-12-2024T03:13:22 - [TEST_STEP][PASSED] - setValueToCellByIndex(sheet01, n, 4, todaysDate): null

03-12-2024T03:13:22 - [TEST_STEP][PASSED] - n = n + 1: null

03-12-2024T03:13:22 - [TEST_STEP][PASSED] - saveWorkbook(excelFilePath, workbook01): null

03-12-2024T03:13:22 - [TEST_STEP][PASSED] - click(findTestObject("Выручка по ДЗО/Фильтр Выручка")): Object: 'Object Repository/Выручка по ДЗО/Фильтр Выручка' is clicked on

03-12-2024T03:13:22 - [MESSAGE][PASSED] - Object: 'Object Repository/Выручка по ДЗО/Фильтр Выручка' is clicked on

03-12-2024T03:13:22 - [TEST_STEP][PASSED] - click(findTestObject("Выручка по ДЗО/По передаче в фильтре Выручка")): Object: 'Object Repository/Выручка по ДЗО/По передаче в фильтре Выручка' is clicked on

03-12-2024T03:13:23 - [MESSAGE][PASSED] - Object: 'Object Repository/Выручка по ДЗО/По передаче в фильтре Выручка' is clicked on

03-12-2024T03:13:23 - [TEST_STEP][PASSED] - click(findTestObject("Выручка по ДЗО/Применить в фильтре Выручка")): Object: 'Object Repository/Выручка по ДЗО/Применить в фильтре Выручка' is clicked on

03-12-2024T03:13:23 - [MESSAGE][PASSED] - Object: 'Object Repository/Выручка по ДЗО/Применить в фильтре Выручка' is clicked on

03-12-2024T03:13:23 - [TEST_STEP][PASSED] - Script1687405711779.Test(todaysDate): null

03-12-2024T03:13:23 - [TEST_STEP][PASSED] - if (verifyTextNotPresent("нет данных", false) == true): null

03-12-2024T03:13:25 - [MESSAGE][PASSED] - Text 'нет данных' is not present on page

03-12-2024T03:13:25 - [TEST_STEP][PASSED] - if (verifyTextNotPresent("Ошибка запроса данных", false) == true): null

03-12-2024T03:13:26 - [MESSAGE][PASSED] - Text 'Ошибка запроса данных' is not present on page

03-12-2024T03:13:26 - [TEST_STEP][PASSED] - if (verifyTextNotPresent("Произошла ошибка при выполнении пользовательского кода", false) == true): null

03-12-2024T03:13:27 - [MESSAGE][PASSED] - Text 'Произошла ошибка при выполнении пользовательского кода' is not present on page

03-12-2024T03:13:27 - [TEST_STEP][PASSED] - if (verifyTextNotPresent("У виджета нет данных", false) == true): null

03-12-2024T03:13:27 - [MESSAGE][PASSED] - Text 'У виджета нет данных' is not present on page

03-12-2024T03:13:27 - [TEST_STEP][PASSED] - if (verifyTextNotPresent("У виджета нет данных", false) == true): Text 'У виджета нет данных' is not present on page

03-12-2024T03:13:28 - [MESSAGE][PASSED] - Text 'У виджета нет данных' is not present on page

03-12-2024T03:13:28 - [TEST_STEP][PASSED] - click(findTestObject("Выручка по ДЗО/Фильтр Выручка")): Object: 'Object Repository/Выручка по ДЗО/Фильтр Выручка' is clicked on

03-12-2024T03:13:28 - [MESSAGE][PASSED] - Object: 'Object Repository/Выручка по ДЗО/Фильтр Выручка' is clicked on

03-12-2024T03:13:28 - [TEST_STEP][PASSED] - click(findTestObject("Выручка по ДЗО/Снять выделение в фильтре Выручка")): Object: 'Object Repository/Выручка по ДЗО/Снять выделение в фильтре Выручка' is clicked on

03-12-2024T03:13:29 - [MESSAGE][PASSED] - Object: 'Object Repository/Выручка по ДЗО/Снять выделение в фильтре Выручка' is clicked on

03-12-2024T03:13:29 - [TEST_STEP][PASSED] - click(findTestObject("Выручка по ДЗО/По передаче в фильтре Выручка")): Object: 'Object Repository/Выручка по ДЗО/По передаче в фильтре Выручка' is clicked on

03-12-2024T03:13:29 - [MESSAGE][PASSED] - Object: 'Object Repository/Выручка по ДЗО/По передаче в фильтре Выручка' is clicked on

03-12-2024T03:13:29 - [TEST_STEP][PASSED] - click(findTestObject("Выручка по ДЗО/Применить в фильтре Выручка")): Object: 'Object Repository/Выручка по ДЗО/Применить в фильтре Выручка' is clicked on

03-12-2024T03:13:30 - [MESSAGE][PASSED] - Object: 'Object Repository/Выручка по ДЗО/Применить в фильтре Выручка' is clicked on

03-12-2024T03:13:30 - [TEST_STEP][PASSED] - Script1687405711779.Test(todaysDate): null

03-12-2024T03:13:30 - [TEST_STEP][PASSED] - if (verifyTextNotPresent("нет данных", false) == true): null

03-12-2024T03:13:31 - [MESSAGE][PASSED] - Text 'нет данных' is not present on page

03-12-2024T03:13:31 - [TEST_STEP][PASSED] - if (verifyTextNotPresent("Ошибка запроса данных", false) == true): null

03-12-2024T03:13:32 - [MESSAGE][PASSED] - Text 'Ошибка запроса данных' is not present on page

03-12-2024T03:13:32 - [TEST_STEP][PASSED] - if (verifyTextNotPresent("Произошла ошибка при выполнении пользовательского кода", false) == true): null

03-12-2024T03:13:32 - [MESSAGE][PASSED] - Text 'Произошла ошибка при выполнении пользовательского кода' is not present on page

03-12-2024T03:13:32 - [TEST_STEP][PASSED] - if (verifyTextNotPresent("У виджета нет данных", false) == true): null

03-12-2024T03:13:33 - [MESSAGE][PASSED] - Text 'У виджета нет данных' is not present on page

03-12-2024T03:13:33 - [TEST_STEP][PASSED] - if (verifyTextNotPresent("У виджета нет данных", false) == true): Text 'У виджета нет данных' is not present on page

03-12-2024T03:13:33 - [MESSAGE][PASSED] - Text 'У виджета нет данных' is not present on page

03-12-2024T03:13:33 - [TEST_STEP][PASSED] - click(findTestObject("Выручка по ДЗО/Фильтр Выручка")): Object: 'Object Repository/Выручка по ДЗО/Фильтр Выручка' is clicked on

03-12-2024T03:13:34 - [MESSAGE][PASSED] - Object: 'Object Repository/Выручка по ДЗО/Фильтр Выручка' is clicked on

03-12-2024T03:13:34 - [TEST_STEP][PASSED] - click(findTestObject("Выручка по ДЗО/Снять выделение в фильтре Выручка")): Object: 'Object Repository/Выручка по ДЗО/Снять выделение в фильтре Выручка' is clicked on

03-12-2024T03:13:34 - [MESSAGE][PASSED] - Object: 'Object Repository/Выручка по ДЗО/Снять выделение в фильтре Выручка' is clicked on

03-12-2024T03:13:34 - [TEST_STEP][PASSED] - click(findTestObject("Выручка по ДЗО/Применить в фильтре Выручка")): Object: 'Object Repository/Выручка по ДЗО/Применить в фильтре Выручка' is clicked on

03-12-2024T03:13:35 - [MESSAGE][PASSED] - Object: 'Object Repository/Выручка по ДЗО/Применить в фильтре Выручка' is clicked on

03-12-2024T03:13:35 - [TEST_STEP][PASSED] - click(findTestObject("Выручка по ДЗО/Фильтр ДЗО")): Object: 'Object Repository/Выручка по ДЗО/Фильтр ДЗО' is clicked on

03-12-2024T03:13:37 - [MESSAGE][PASSED] - Object: 'Object Repository/Выручка по ДЗО/Фильтр ДЗО' is clicked on

03-12-2024T03:13:37 - [TEST_STEP][PASSED] - click(findTestObject("Выручка по ДЗО/Снять выделение в фильтре ДЗО")): Object: 'Object Repository/Выручка по ДЗО/Снять выделение в фильтре ДЗО' is clicked on

03-12-2024T03:13:37 - [MESSAGE][PASSED] - Object: 'Object Repository/Выручка по ДЗО/Снять выделение в фильтре ДЗО' is clicked on

03-12-2024T03:13:37 - [TEST_STEP][PASSED] - scrollToElement(findTestObject("Общие объекты/Мариэнерго"), 30): Scroll to object 'Object Repository/Общие объекты/Мариэнерго' successfully

03-12-2024T03:13:38 - [MESSAGE][PASSED] - Scroll to object 'Object Repository/Общие объекты/Мариэнерго' successfully

03-12-2024T03:13:38 - [TEST_STEP][PASSED] - click(findTestObject("Общие объекты/Мариэнерго"), CONTINUE_ON_FAILURE): Object: 'Object Repository/Общие объекты/Мариэнерго' is clicked on

03-12-2024T03:13:38 - [MESSAGE][PASSED] - Object: 'Object Repository/Общие объекты/Мариэнерго' is clicked on

03-12-2024T03:13:38 - [TEST_STEP][PASSED] - Script1687405711779.Change(todaysDate): null

03-12-2024T03:13:38 - [TEST_STEP][PASSED] - scrollToElement(findTestObject("Выручка по ДЗО/Заголовок дашборда"), 30): Scroll to object 'Object Repository/Выручка по ДЗО/Заголовок дашборда' successfully

03-12-2024T03:13:39 - [MESSAGE][PASSED] - Scroll to object 'Object Repository/Выручка по ДЗО/Заголовок дашборда' successfully

03-12-2024T03:13:39 - [TEST_STEP][PASSED] - click(findTestObject("Выручка по ДЗО/Применить в фильтре ДЗО")): Object: 'Object Repository/Выручка по ДЗО/Применить в фильтре ДЗО' is clicked on

03-12-2024T03:13:39 - [MESSAGE][PASSED] - Object: 'Object Repository/Выручка по ДЗО/Применить в фильтре ДЗО' is clicked on

03-12-2024T03:13:39 - [TEST_STEP][PASSED] - Script1687405711779.Tumbler(todaysDate): null

03-12-2024T03:13:39 - [TEST_STEP][PASSED] - Script1687405711779.Test(todaysDate): null

03-12-2024T03:13:39 - [TEST_STEP][PASSED] - if (verifyTextNotPresent("нет данных", false) == true): null

03-12-2024T03:13:41 - [MESSAGE][PASSED] - Text 'нет данных' is not present on page

03-12-2024T03:13:41 - [TEST_STEP][PASSED] - if (verifyTextNotPresent("Ошибка запроса данных", false) == true): null

03-12-2024T03:13:42 - [MESSAGE][PASSED] - Text 'Ошибка запроса данных' is not present on page

03-12-2024T03:13:42 - [TEST_STEP][PASSED] - if (verifyTextNotPresent("Произошла ошибка при выполнении пользовательского кода", false) == true): null

03-12-2024T03:13:43 - [MESSAGE][PASSED] - Text 'Произошла ошибка при выполнении пользовательского кода' is not present on page

03-12-2024T03:13:43 - [TEST_STEP][PASSED] - if (verifyTextNotPresent("У виджета нет данных", false) == true): null

03-12-2024T03:13:43 - [MESSAGE][PASSED] - Text 'У виджета нет данных' is not present on page

03-12-2024T03:13:43 - [TEST_STEP][PASSED] - if (verifyTextNotPresent("У виджета нет данных", false) == true): Text 'У виджета нет данных' is not present on page

03-12-2024T03:13:44 - [MESSAGE][PASSED] - Text 'У виджета нет данных' is not present on page

03-12-2024T03:13:44 - [TEST_STEP][PASSED] - click(findTestObject("Выручка по ДЗО/Фильтр Выручка")): Object: 'Object Repository/Выручка по ДЗО/Фильтр Выручка' is clicked on

03-12-2024T03:13:44 - [MESSAGE][PASSED] - Object: 'Object Repository/Выручка по ДЗО/Фильтр Выручка' is clicked on

03-12-2024T03:13:44 - [TEST_STEP][PASSED] - click(findTestObject("Выручка по ДЗО/Внутренний оборот в фильтре Выручка")): Object: 'Object Repository/Выручка по ДЗО/Внутренний оборот в фильтре Выручка' is clicked on

03-12-2024T03:13:45 - [MESSAGE][PASSED] - Object: 'Object Repository/Выручка по ДЗО/Внутренний оборот в фильтре Выручка' is clicked on

03-12-2024T03:13:45 - [TEST_STEP][PASSED] - click(findTestObject("Выручка по ДЗО/Применить в фильтре Выручка")): Object: 'Object Repository/Выручка по ДЗО/Применить в фильтре Выручка' is clicked on

03-12-2024T03:13:45 - [MESSAGE][PASSED] - Object: 'Object Repository/Выручка по ДЗО/Применить в фильтре Выручка' is clicked on

03-12-2024T03:13:45 - [TEST_STEP][PASSED] - Script1687405711779.Test(todaysDate): null

03-12-2024T03:13:45 - [TEST_STEP][FAILED] - if (verifyTextNotPresent("нет данных", false) == true): Text 'нет данных' is present on page  (Root cause: com.kms.katalon.core.exception.StepFailedException: Text 'нет данных' is present on page 
	at com.kms.katalon.core.webui.keyword.internal.WebUIKeywordMain.stepFailed(WebUIKeywordMain.groovy:64)
	at com.kms.katalon.core.webui.keyword.builtin.VerifyTextNotPresentKeyword$_verifyTextNotPresent_closure1.doCall(VerifyTextNotPresentKeyword.groovy:77)
	at com.kms.katalon.core.webui.keyword.builtin.VerifyTextNotPresentKeyword$_verifyTextNotPresent_closure1.call(VerifyTextNotPresentKeyword.groovy)
	at com.kms.katalon.core.webui.keyword.internal.WebUIKeywordMain.runKeyword(WebUIKeywordMain.groovy:20)
	at com.kms.katalon.core.webui.keyword.builtin.VerifyTextNotPresentKeyword.verifyTextNotPresent(VerifyTextNotPresentKeyword.groovy:82)
	at com.kms.katalon.core.webui.keyword.builtin.VerifyTextNotPresentKeyword.execute(VerifyTextNotPresentKeyword.groovy:68)
	at com.kms.katalon.core.keyword.internal.KeywordExecutor.executeKeywordForPlatform(KeywordExecutor.groovy:74)
	at com.kms.katalon.core.webui.keyword.WebUiBuiltInKeywords.verifyTextNotPresent(WebUiBuiltInKeywords.groovy:1795)
	at Выручка по ДЗО отображение данных все филиалы.Test(Выручка по ДЗО отображение данных все филиалы:782)
	at Выручка по ДЗО отображение данных все филиалы.Tumbler(Выручка по ДЗО отображение данных все филиалы:738)
	at Выручка по ДЗО отображение данных все филиалы.Change(Выручка по ДЗО отображение данных все филиалы:772)
	at Выручка по ДЗО отображение данных все филиалы.DzoTest(Выручка по ДЗО отображение данных все филиалы:640)
	at Выручка по ДЗО отображение данных все филиалы.run(Выручка по ДЗО отображение данных все филиалы:134)
	at com.kms.katalon.core.main.ScriptEngine.run(ScriptEngine.java:194)
	at com.kms.katalon.core.main.ScriptEngine.runScriptAsRawText(ScriptEngine.java:119)
	at com.kms.katalon.core.main.TestCaseExecutor.runScript(TestCaseExecutor.java:448)
	at com.kms.katalon.core.main.TestCaseExecutor.doExecute(TestCaseExecutor.java:439)
	at com.kms.katalon.core.main.TestCaseExecutor.processExecutionPhase(TestCaseExecutor.java:418)
	at com.kms.katalon.core.main.TestCaseExecutor.accessMainPhase(TestCaseExecutor.java:410)
	at com.kms.katalon.core.main.TestCaseExecutor.execute(TestCaseExecutor.java:285)
	at com.kms.katalon.core.common.CommonExecutor.accessTestCaseMainPhase(CommonExecutor.java:65)
	at com.kms.katalon.core.main.TestSuiteExecutor.accessTestSuiteMainPhase(TestSuiteExecutor.java:150)
	at com.kms.katalon.core.main.TestSuiteExecutor.execute(TestSuiteExecutor.java:106)
	at com.kms.katalon.core.main.TestCaseMain.startTestSuite(TestCaseMain.java:180)
	at TempTestSuite1733182698305.run(TempTestSuite1733182698305.groovy:35)
	at java.base/jdk.internal.reflect.NativeMethodAccessorImpl.invoke0(Native Method)
	at java.base/jdk.internal.reflect.NativeMethodAccessorImpl.invoke(NativeMethodAccessorImpl.java:77)
	at java.base/jdk.internal.reflect.DelegatingMethodAccessorImpl.invoke(DelegatingMethodAccessorImpl.java:43)
)

03-12-2024T03:13:47 - [MESSAGE][FAILED] - Text 'нет данных' is present on page  (Root cause: com.kms.katalon.core.exception.StepFailedException: Text 'нет данных' is present on page 
	at com.kms.katalon.core.webui.keyword.internal.WebUIKeywordMain.stepFailed(WebUIKeywordMain.groovy:64)
	at com.kms.katalon.core.webui.keyword.builtin.VerifyTextNotPresentKeyword$_verifyTextNotPresent_closure1.doCall(VerifyTextNotPresentKeyword.groovy:77)
	at com.kms.katalon.core.webui.keyword.builtin.VerifyTextNotPresentKeyword$_verifyTextNotPresent_closure1.call(VerifyTextNotPresentKeyword.groovy)
	at com.kms.katalon.core.webui.keyword.internal.WebUIKeywordMain.runKeyword(WebUIKeywordMain.groovy:20)
	at com.kms.katalon.core.webui.keyword.builtin.VerifyTextNotPresentKeyword.verifyTextNotPresent(VerifyTextNotPresentKeyword.groovy:82)
	at com.kms.katalon.core.webui.keyword.builtin.VerifyTextNotPresentKeyword.execute(VerifyTextNotPresentKeyword.groovy:68)
	at com.kms.katalon.core.keyword.internal.KeywordExecutor.executeKeywordForPlatform(KeywordExecutor.groovy:74)
	at com.kms.katalon.core.webui.keyword.WebUiBuiltInKeywords.verifyTextNotPresent(WebUiBuiltInKeywords.groovy:1795)
	at Выручка по ДЗО отображение данных все филиалы.Test(Выручка по ДЗО отображение данных все филиалы:782)
	at Выручка по ДЗО отображение данных все филиалы.Tumbler(Выручка по ДЗО отображение данных все филиалы:738)
	at Выручка по ДЗО отображение данных все филиалы.Change(Выручка по ДЗО отображение данных все филиалы:772)
	at Выручка по ДЗО отображение данных все филиалы.DzoTest(Выручка по ДЗО отображение данных все филиалы:640)
	at Выручка по ДЗО отображение данных все филиалы.run(Выручка по ДЗО отображение данных все филиалы:134)
	at com.kms.katalon.core.main.ScriptEngine.run(ScriptEngine.java:194)
	at com.kms.katalon.core.main.ScriptEngine.runScriptAsRawText(ScriptEngine.java:119)
	at com.kms.katalon.core.main.TestCaseExecutor.runScript(TestCaseExecutor.java:448)
	at com.kms.katalon.core.main.TestCaseExecutor.doExecute(TestCaseExecutor.java:439)
	at com.kms.katalon.core.main.TestCaseExecutor.processExecutionPhase(TestCaseExecutor.java:418)
	at com.kms.katalon.core.main.TestCaseExecutor.accessMainPhase(TestCaseExecutor.java:410)
	at com.kms.katalon.core.main.TestCaseExecutor.execute(TestCaseExecutor.java:285)
	at com.kms.katalon.core.common.CommonExecutor.accessTestCaseMainPhase(CommonExecutor.java:65)
	at com.kms.katalon.core.main.TestSuiteExecutor.accessTestSuiteMainPhase(TestSuiteExecutor.java:150)
	at com.kms.katalon.core.main.TestSuiteExecutor.execute(TestSuiteExecutor.java:106)
	at com.kms.katalon.core.main.TestCaseMain.startTestSuite(TestCaseMain.java:180)
	at TempTestSuite1733182698305.run(TempTestSuite1733182698305.groovy:35)
	at java.base/jdk.internal.reflect.NativeMethodAccessorImpl.invoke0(Native Method)
	at java.base/jdk.internal.reflect.NativeMethodAccessorImpl.invoke(NativeMethodAccessorImpl.java:77)
	at java.base/jdk.internal.reflect.DelegatingMethodAccessorImpl.invoke(DelegatingMethodAccessorImpl.java:43)
)

03-12-2024T03:13:47 - [TEST_STEP][PASSED] - else: null

03-12-2024T03:13:47 - [TEST_STEP][PASSED] - Script1687405711779.WriteToExcel(todaysDate): null

03-12-2024T03:13:47 - [TEST_STEP][PASSED] - sheetName = "Sheet1": null

03-12-2024T03:13:47 - [TEST_STEP][PASSED] - data = findTestData("PlanFact"): null

03-12-2024T03:13:47 - [TEST_STEP][PASSED] - n = data.getRowNumbers() + 1: null

03-12-2024T03:13:47 - [TEST_STEP][PASSED] - dZO = getText(findTestObject("Выручка по ДЗО/Фильтр ДЗО")): Text of object 'Object Repository/Выручка по ДЗО/Фильтр ДЗО' is: 'ПАО Россети - РаспредКомплекс - Россети Центр и Приволжье (ГК) - Мариэнерго'

03-12-2024T03:13:48 - [MESSAGE][PASSED] - Text of object 'Object Repository/Выручка по ДЗО/Фильтр ДЗО' is: 'ПАО Россети - РаспредКомплекс - Россети Центр и Приволжье (ГК) - Мариэнерго'

03-12-2024T03:13:48 - [TEST_STEP][PASSED] - period = getText(findTestObject("Выручка по ДЗО/Фильтр Дата")): Text of object 'Object Repository/Выручка по ДЗО/Фильтр Дата' is: '1, 2, 3 кв., Октябрь 2024 года'

03-12-2024T03:13:48 - [MESSAGE][PASSED] - Text of object 'Object Repository/Выручка по ДЗО/Фильтр Дата' is: '1, 2, 3 кв., Октябрь 2024 года'

03-12-2024T03:13:48 - [TEST_STEP][PASSED] - viruchka = getText(findTestObject("Выручка по ДЗО/Фильтр Выручка")): Text of object 'Object Repository/Выручка по ДЗО/Фильтр Выручка' is: 'внутренний оборот'

03-12-2024T03:13:48 - [MESSAGE][PASSED] - Text of object 'Object Repository/Выручка по ДЗО/Фильтр Выручка' is: 'внутренний оборот'

03-12-2024T03:13:48 - [TEST_STEP][PASSED] - if (viruchka == "Выбрано: 2"): null

03-12-2024T03:13:48 - [TEST_STEP][PASSED] - if (viruchka == "Все"): null

03-12-2024T03:13:48 - [TEST_STEP][PASSED] - println(period): null

03-12-2024T03:13:48 - [TEST_STEP][PASSED] - dashboardName = "Выручка по ДЗО": null

03-12-2024T03:13:48 - [TEST_STEP][PASSED] - workbook01 = getWorkbook(excelFilePath): null

03-12-2024T03:13:48 - [TEST_STEP][PASSED] - sheet01 = getExcelSheet(workbook01, sheetName): null

03-12-2024T03:13:48 - [TEST_STEP][PASSED] - setValueToCellByIndex(sheet01, n, 0, dashboardName): null

03-12-2024T03:13:48 - [TEST_STEP][PASSED] - setValueToCellByIndex(sheet01, n, 1, dZO): null

03-12-2024T03:13:48 - [TEST_STEP][PASSED] - setValueToCellByIndex(sheet01, n, 2, period): null

03-12-2024T03:13:48 - [TEST_STEP][PASSED] - setValueToCellByIndex(sheet01, n, 3, viruchka): null

03-12-2024T03:13:48 - [TEST_STEP][PASSED] - setValueToCellByIndex(sheet01, n, 4, todaysDate): null

03-12-2024T03:13:48 - [TEST_STEP][PASSED] - n = n + 1: null

03-12-2024T03:13:48 - [TEST_STEP][PASSED] - saveWorkbook(excelFilePath, workbook01): null

03-12-2024T03:13:49 - [TEST_STEP][PASSED] - click(findTestObject("Выручка по ДЗО/Фильтр Выручка")): Object: 'Object Repository/Выручка по ДЗО/Фильтр Выручка' is clicked on

03-12-2024T03:13:49 - [MESSAGE][PASSED] - Object: 'Object Repository/Выручка по ДЗО/Фильтр Выручка' is clicked on

03-12-2024T03:13:49 - [TEST_STEP][PASSED] - click(findTestObject("Выручка по ДЗО/По передаче в фильтре Выручка")): Object: 'Object Repository/Выручка по ДЗО/По передаче в фильтре Выручка' is clicked on

03-12-2024T03:13:49 - [MESSAGE][PASSED] - Object: 'Object Repository/Выручка по ДЗО/По передаче в фильтре Выручка' is clicked on

03-12-2024T03:13:49 - [TEST_STEP][PASSED] - click(findTestObject("Выручка по ДЗО/Применить в фильтре Выручка")): Object: 'Object Repository/Выручка по ДЗО/Применить в фильтре Выручка' is clicked on

03-12-2024T03:13:50 - [MESSAGE][PASSED] - Object: 'Object Repository/Выручка по ДЗО/Применить в фильтре Выручка' is clicked on

03-12-2024T03:13:50 - [TEST_STEP][PASSED] - Script1687405711779.Test(todaysDate): null

03-12-2024T03:13:50 - [TEST_STEP][PASSED] - if (verifyTextNotPresent("нет данных", false) == true): null

03-12-2024T03:13:52 - [MESSAGE][PASSED] - Text 'нет данных' is not present on page

03-12-2024T03:13:52 - [TEST_STEP][PASSED] - if (verifyTextNotPresent("Ошибка запроса данных", false) == true): null

03-12-2024T03:13:53 - [MESSAGE][PASSED] - Text 'Ошибка запроса данных' is not present on page

03-12-2024T03:13:53 - [TEST_STEP][PASSED] - if (verifyTextNotPresent("Произошла ошибка при выполнении пользовательского кода", false) == true): null

03-12-2024T03:13:54 - [MESSAGE][PASSED] - Text 'Произошла ошибка при выполнении пользовательского кода' is not present on page

03-12-2024T03:13:54 - [TEST_STEP][PASSED] - if (verifyTextNotPresent("У виджета нет данных", false) == true): null

03-12-2024T03:13:54 - [MESSAGE][PASSED] - Text 'У виджета нет данных' is not present on page

03-12-2024T03:13:54 - [TEST_STEP][PASSED] - if (verifyTextNotPresent("У виджета нет данных", false) == true): Text 'У виджета нет данных' is not present on page

03-12-2024T03:13:55 - [MESSAGE][PASSED] - Text 'У виджета нет данных' is not present on page

03-12-2024T03:13:55 - [TEST_STEP][PASSED] - click(findTestObject("Выручка по ДЗО/Фильтр Выручка")): Object: 'Object Repository/Выручка по ДЗО/Фильтр Выручка' is clicked on

03-12-2024T03:13:55 - [MESSAGE][PASSED] - Object: 'Object Repository/Выручка по ДЗО/Фильтр Выручка' is clicked on

03-12-2024T03:13:55 - [TEST_STEP][PASSED] - click(findTestObject("Выручка по ДЗО/Снять выделение в фильтре Выручка")): Object: 'Object Repository/Выручка по ДЗО/Снять выделение в фильтре Выручка' is clicked on

03-12-2024T03:13:55 - [MESSAGE][PASSED] - Object: 'Object Repository/Выручка по ДЗО/Снять выделение в фильтре Выручка' is clicked on

03-12-2024T03:13:55 - [TEST_STEP][PASSED] - click(findTestObject("Выручка по ДЗО/По передаче в фильтре Выручка")): Object: 'Object Repository/Выручка по ДЗО/По передаче в фильтре Выручка' is clicked on

03-12-2024T03:13:56 - [MESSAGE][PASSED] - Object: 'Object Repository/Выручка по ДЗО/По передаче в фильтре Выручка' is clicked on

03-12-2024T03:13:56 - [TEST_STEP][PASSED] - click(findTestObject("Выручка по ДЗО/Применить в фильтре Выручка")): Object: 'Object Repository/Выручка по ДЗО/Применить в фильтре Выручка' is clicked on

03-12-2024T03:13:56 - [MESSAGE][PASSED] - Object: 'Object Repository/Выручка по ДЗО/Применить в фильтре Выручка' is clicked on

03-12-2024T03:13:56 - [TEST_STEP][PASSED] - Script1687405711779.Test(todaysDate): null

03-12-2024T03:13:56 - [TEST_STEP][PASSED] - if (verifyTextNotPresent("нет данных", false) == true): null

03-12-2024T03:13:58 - [MESSAGE][PASSED] - Text 'нет данных' is not present on page

03-12-2024T03:13:58 - [TEST_STEP][PASSED] - if (verifyTextNotPresent("Ошибка запроса данных", false) == true): null

03-12-2024T03:13:59 - [MESSAGE][PASSED] - Text 'Ошибка запроса данных' is not present on page

03-12-2024T03:13:59 - [TEST_STEP][PASSED] - if (verifyTextNotPresent("Произошла ошибка при выполнении пользовательского кода", false) == true): null

03-12-2024T03:13:59 - [MESSAGE][PASSED] - Text 'Произошла ошибка при выполнении пользовательского кода' is not present on page

03-12-2024T03:13:59 - [TEST_STEP][PASSED] - if (verifyTextNotPresent("У виджета нет данных", false) == true): null

03-12-2024T03:14:00 - [MESSAGE][PASSED] - Text 'У виджета нет данных' is not present on page

03-12-2024T03:14:00 - [TEST_STEP][PASSED] - if (verifyTextNotPresent("У виджета нет данных", false) == true): Text 'У виджета нет данных' is not present on page

03-12-2024T03:14:00 - [MESSAGE][PASSED] - Text 'У виджета нет данных' is not present on page

03-12-2024T03:14:00 - [TEST_STEP][PASSED] - click(findTestObject("Выручка по ДЗО/Фильтр Выручка")): Object: 'Object Repository/Выручка по ДЗО/Фильтр Выручка' is clicked on

03-12-2024T03:14:00 - [MESSAGE][PASSED] - Object: 'Object Repository/Выручка по ДЗО/Фильтр Выручка' is clicked on

03-12-2024T03:14:00 - [TEST_STEP][PASSED] - click(findTestObject("Выручка по ДЗО/Снять выделение в фильтре Выручка")): Object: 'Object Repository/Выручка по ДЗО/Снять выделение в фильтре Выручка' is clicked on

03-12-2024T03:14:01 - [MESSAGE][PASSED] - Object: 'Object Repository/Выручка по ДЗО/Снять выделение в фильтре Выручка' is clicked on

03-12-2024T03:14:01 - [TEST_STEP][PASSED] - click(findTestObject("Выручка по ДЗО/Применить в фильтре Выручка")): Object: 'Object Repository/Выручка по ДЗО/Применить в фильтре Выручка' is clicked on

03-12-2024T03:14:01 - [MESSAGE][PASSED] - Object: 'Object Repository/Выручка по ДЗО/Применить в фильтре Выручка' is clicked on

03-12-2024T03:14:01 - [TEST_STEP][PASSED] - click(findTestObject("Выручка по ДЗО/Фильтр ДЗО")): Object: 'Object Repository/Выручка по ДЗО/Фильтр ДЗО' is clicked on

03-12-2024T03:14:03 - [MESSAGE][PASSED] - Object: 'Object Repository/Выручка по ДЗО/Фильтр ДЗО' is clicked on

03-12-2024T03:14:03 - [TEST_STEP][PASSED] - click(findTestObject("Выручка по ДЗО/Снять выделение в фильтре ДЗО")): Object: 'Object Repository/Выручка по ДЗО/Снять выделение в фильтре ДЗО' is clicked on

03-12-2024T03:14:03 - [MESSAGE][PASSED] - Object: 'Object Repository/Выручка по ДЗО/Снять выделение в фильтре ДЗО' is clicked on

03-12-2024T03:14:03 - [TEST_STEP][PASSED] - scrollToElement(findTestObject("Общие объекты/Нижновэнерго"), 30): Scroll to object 'Object Repository/Общие объекты/Нижновэнерго' successfully

03-12-2024T03:14:04 - [MESSAGE][PASSED] - Scroll to object 'Object Repository/Общие объекты/Нижновэнерго' successfully

03-12-2024T03:14:04 - [TEST_STEP][PASSED] - click(findTestObject("Общие объекты/Нижновэнерго"), CONTINUE_ON_FAILURE): Object: 'Object Repository/Общие объекты/Нижновэнерго' is clicked on

03-12-2024T03:14:04 - [MESSAGE][PASSED] - Object: 'Object Repository/Общие объекты/Нижновэнерго' is clicked on

03-12-2024T03:14:04 - [TEST_STEP][PASSED] - Script1687405711779.Change(todaysDate): null

03-12-2024T03:14:04 - [TEST_STEP][PASSED] - scrollToElement(findTestObject("Выручка по ДЗО/Заголовок дашборда"), 30): Scroll to object 'Object Repository/Выручка по ДЗО/Заголовок дашборда' successfully

03-12-2024T03:14:04 - [MESSAGE][PASSED] - Scroll to object 'Object Repository/Выручка по ДЗО/Заголовок дашборда' successfully

03-12-2024T03:14:04 - [TEST_STEP][PASSED] - click(findTestObject("Выручка по ДЗО/Применить в фильтре ДЗО")): Object: 'Object Repository/Выручка по ДЗО/Применить в фильтре ДЗО' is clicked on

03-12-2024T03:14:05 - [MESSAGE][PASSED] - Object: 'Object Repository/Выручка по ДЗО/Применить в фильтре ДЗО' is clicked on

03-12-2024T03:14:05 - [TEST_STEP][PASSED] - Script1687405711779.Tumbler(todaysDate): null

03-12-2024T03:14:05 - [TEST_STEP][PASSED] - Script1687405711779.Test(todaysDate): null

03-12-2024T03:14:05 - [TEST_STEP][PASSED] - if (verifyTextNotPresent("нет данных", false) == true): null

03-12-2024T03:14:07 - [MESSAGE][PASSED] - Text 'нет данных' is not present on page

03-12-2024T03:14:07 - [TEST_STEP][PASSED] - if (verifyTextNotPresent("Ошибка запроса данных", false) == true): null

03-12-2024T03:14:08 - [MESSAGE][PASSED] - Text 'Ошибка запроса данных' is not present on page

03-12-2024T03:14:08 - [TEST_STEP][PASSED] - if (verifyTextNotPresent("Произошла ошибка при выполнении пользовательского кода", false) == true): null

03-12-2024T03:14:09 - [MESSAGE][PASSED] - Text 'Произошла ошибка при выполнении пользовательского кода' is not present on page

03-12-2024T03:14:09 - [TEST_STEP][PASSED] - if (verifyTextNotPresent("У виджета нет данных", false) == true): null

03-12-2024T03:14:09 - [MESSAGE][PASSED] - Text 'У виджета нет данных' is not present on page

03-12-2024T03:14:09 - [TEST_STEP][PASSED] - if (verifyTextNotPresent("У виджета нет данных", false) == true): Text 'У виджета нет данных' is not present on page

03-12-2024T03:14:10 - [MESSAGE][PASSED] - Text 'У виджета нет данных' is not present on page

03-12-2024T03:14:10 - [TEST_STEP][PASSED] - click(findTestObject("Выручка по ДЗО/Фильтр Выручка")): Object: 'Object Repository/Выручка по ДЗО/Фильтр Выручка' is clicked on

03-12-2024T03:14:10 - [MESSAGE][PASSED] - Object: 'Object Repository/Выручка по ДЗО/Фильтр Выручка' is clicked on

03-12-2024T03:14:10 - [TEST_STEP][PASSED] - click(findTestObject("Выручка по ДЗО/Внутренний оборот в фильтре Выручка")): Object: 'Object Repository/Выручка по ДЗО/Внутренний оборот в фильтре Выручка' is clicked on

03-12-2024T03:14:11 - [MESSAGE][PASSED] - Object: 'Object Repository/Выручка по ДЗО/Внутренний оборот в фильтре Выручка' is clicked on

03-12-2024T03:14:11 - [TEST_STEP][PASSED] - click(findTestObject("Выручка по ДЗО/Применить в фильтре Выручка")): Object: 'Object Repository/Выручка по ДЗО/Применить в фильтре Выручка' is clicked on

03-12-2024T03:14:11 - [MESSAGE][PASSED] - Object: 'Object Repository/Выручка по ДЗО/Применить в фильтре Выручка' is clicked on

03-12-2024T03:14:11 - [TEST_STEP][PASSED] - Script1687405711779.Test(todaysDate): null

03-12-2024T03:14:11 - [TEST_STEP][FAILED] - if (verifyTextNotPresent("нет данных", false) == true): Text 'нет данных' is present on page  (Root cause: com.kms.katalon.core.exception.StepFailedException: Text 'нет данных' is present on page 
	at com.kms.katalon.core.webui.keyword.internal.WebUIKeywordMain.stepFailed(WebUIKeywordMain.groovy:64)
	at com.kms.katalon.core.webui.keyword.builtin.VerifyTextNotPresentKeyword$_verifyTextNotPresent_closure1.doCall(VerifyTextNotPresentKeyword.groovy:77)
	at com.kms.katalon.core.webui.keyword.builtin.VerifyTextNotPresentKeyword$_verifyTextNotPresent_closure1.call(VerifyTextNotPresentKeyword.groovy)
	at com.kms.katalon.core.webui.keyword.internal.WebUIKeywordMain.runKeyword(WebUIKeywordMain.groovy:20)
	at com.kms.katalon.core.webui.keyword.builtin.VerifyTextNotPresentKeyword.verifyTextNotPresent(VerifyTextNotPresentKeyword.groovy:82)
	at com.kms.katalon.core.webui.keyword.builtin.VerifyTextNotPresentKeyword.execute(VerifyTextNotPresentKeyword.groovy:68)
	at com.kms.katalon.core.keyword.internal.KeywordExecutor.executeKeywordForPlatform(KeywordExecutor.groovy:74)
	at com.kms.katalon.core.webui.keyword.WebUiBuiltInKeywords.verifyTextNotPresent(WebUiBuiltInKeywords.groovy:1795)
	at Выручка по ДЗО отображение данных все филиалы.Test(Выручка по ДЗО отображение данных все филиалы:782)
	at Выручка по ДЗО отображение данных все филиалы.Tumbler(Выручка по ДЗО отображение данных все филиалы:738)
	at Выручка по ДЗО отображение данных все филиалы.Change(Выручка по ДЗО отображение данных все филиалы:772)
	at Выручка по ДЗО отображение данных все филиалы.DzoTest(Выручка по ДЗО отображение данных все филиалы:646)
	at Выручка по ДЗО отображение данных все филиалы.run(Выручка по ДЗО отображение данных все филиалы:134)
	at com.kms.katalon.core.main.ScriptEngine.run(ScriptEngine.java:194)
	at com.kms.katalon.core.main.ScriptEngine.runScriptAsRawText(ScriptEngine.java:119)
	at com.kms.katalon.core.main.TestCaseExecutor.runScript(TestCaseExecutor.java:448)
	at com.kms.katalon.core.main.TestCaseExecutor.doExecute(TestCaseExecutor.java:439)
	at com.kms.katalon.core.main.TestCaseExecutor.processExecutionPhase(TestCaseExecutor.java:418)
	at com.kms.katalon.core.main.TestCaseExecutor.accessMainPhase(TestCaseExecutor.java:410)
	at com.kms.katalon.core.main.TestCaseExecutor.execute(TestCaseExecutor.java:285)
	at com.kms.katalon.core.common.CommonExecutor.accessTestCaseMainPhase(CommonExecutor.java:65)
	at com.kms.katalon.core.main.TestSuiteExecutor.accessTestSuiteMainPhase(TestSuiteExecutor.java:150)
	at com.kms.katalon.core.main.TestSuiteExecutor.execute(TestSuiteExecutor.java:106)
	at com.kms.katalon.core.main.TestCaseMain.startTestSuite(TestCaseMain.java:180)
	at TempTestSuite1733182698305.run(TempTestSuite1733182698305.groovy:35)
	at java.base/jdk.internal.reflect.NativeMethodAccessorImpl.invoke0(Native Method)
	at java.base/jdk.internal.reflect.NativeMethodAccessorImpl.invoke(NativeMethodAccessorImpl.java:77)
	at java.base/jdk.internal.reflect.DelegatingMethodAccessorImpl.invoke(DelegatingMethodAccessorImpl.java:43)
)

03-12-2024T03:14:13 - [MESSAGE][FAILED] - Text 'нет данных' is present on page  (Root cause: com.kms.katalon.core.exception.StepFailedException: Text 'нет данных' is present on page 
	at com.kms.katalon.core.webui.keyword.internal.WebUIKeywordMain.stepFailed(WebUIKeywordMain.groovy:64)
	at com.kms.katalon.core.webui.keyword.builtin.VerifyTextNotPresentKeyword$_verifyTextNotPresent_closure1.doCall(VerifyTextNotPresentKeyword.groovy:77)
	at com.kms.katalon.core.webui.keyword.builtin.VerifyTextNotPresentKeyword$_verifyTextNotPresent_closure1.call(VerifyTextNotPresentKeyword.groovy)
	at com.kms.katalon.core.webui.keyword.internal.WebUIKeywordMain.runKeyword(WebUIKeywordMain.groovy:20)
	at com.kms.katalon.core.webui.keyword.builtin.VerifyTextNotPresentKeyword.verifyTextNotPresent(VerifyTextNotPresentKeyword.groovy:82)
	at com.kms.katalon.core.webui.keyword.builtin.VerifyTextNotPresentKeyword.execute(VerifyTextNotPresentKeyword.groovy:68)
	at com.kms.katalon.core.keyword.internal.KeywordExecutor.executeKeywordForPlatform(KeywordExecutor.groovy:74)
	at com.kms.katalon.core.webui.keyword.WebUiBuiltInKeywords.verifyTextNotPresent(WebUiBuiltInKeywords.groovy:1795)
	at Выручка по ДЗО отображение данных все филиалы.Test(Выручка по ДЗО отображение данных все филиалы:782)
	at Выручка по ДЗО отображение данных все филиалы.Tumbler(Выручка по ДЗО отображение данных все филиалы:738)
	at Выручка по ДЗО отображение данных все филиалы.Change(Выручка по ДЗО отображение данных все филиалы:772)
	at Выручка по ДЗО отображение данных все филиалы.DzoTest(Выручка по ДЗО отображение данных все филиалы:646)
	at Выручка по ДЗО отображение данных все филиалы.run(Выручка по ДЗО отображение данных все филиалы:134)
	at com.kms.katalon.core.main.ScriptEngine.run(ScriptEngine.java:194)
	at com.kms.katalon.core.main.ScriptEngine.runScriptAsRawText(ScriptEngine.java:119)
	at com.kms.katalon.core.main.TestCaseExecutor.runScript(TestCaseExecutor.java:448)
	at com.kms.katalon.core.main.TestCaseExecutor.doExecute(TestCaseExecutor.java:439)
	at com.kms.katalon.core.main.TestCaseExecutor.processExecutionPhase(TestCaseExecutor.java:418)
	at com.kms.katalon.core.main.TestCaseExecutor.accessMainPhase(TestCaseExecutor.java:410)
	at com.kms.katalon.core.main.TestCaseExecutor.execute(TestCaseExecutor.java:285)
	at com.kms.katalon.core.common.CommonExecutor.accessTestCaseMainPhase(CommonExecutor.java:65)
	at com.kms.katalon.core.main.TestSuiteExecutor.accessTestSuiteMainPhase(TestSuiteExecutor.java:150)
	at com.kms.katalon.core.main.TestSuiteExecutor.execute(TestSuiteExecutor.java:106)
	at com.kms.katalon.core.main.TestCaseMain.startTestSuite(TestCaseMain.java:180)
	at TempTestSuite1733182698305.run(TempTestSuite1733182698305.groovy:35)
	at java.base/jdk.internal.reflect.NativeMethodAccessorImpl.invoke0(Native Method)
	at java.base/jdk.internal.reflect.NativeMethodAccessorImpl.invoke(NativeMethodAccessorImpl.java:77)
	at java.base/jdk.internal.reflect.DelegatingMethodAccessorImpl.invoke(DelegatingMethodAccessorImpl.java:43)
)

03-12-2024T03:14:13 - [TEST_STEP][PASSED] - else: null

03-12-2024T03:14:13 - [TEST_STEP][PASSED] - Script1687405711779.WriteToExcel(todaysDate): null

03-12-2024T03:14:13 - [TEST_STEP][PASSED] - sheetName = "Sheet1": null

03-12-2024T03:14:13 - [TEST_STEP][PASSED] - data = findTestData("PlanFact"): null

03-12-2024T03:14:13 - [TEST_STEP][PASSED] - n = data.getRowNumbers() + 1: null

03-12-2024T03:14:13 - [TEST_STEP][PASSED] - dZO = getText(findTestObject("Выручка по ДЗО/Фильтр ДЗО")): Text of object 'Object Repository/Выручка по ДЗО/Фильтр ДЗО' is: 'ПАО Россети - РаспредКомплекс - Россети Центр и Приволжье (ГК) - Нижновэнерго'

03-12-2024T03:14:14 - [MESSAGE][PASSED] - Text of object 'Object Repository/Выручка по ДЗО/Фильтр ДЗО' is: 'ПАО Россети - РаспредКомплекс - Россети Центр и Приволжье (ГК) - Нижновэнерго'

03-12-2024T03:14:14 - [TEST_STEP][PASSED] - period = getText(findTestObject("Выручка по ДЗО/Фильтр Дата")): Text of object 'Object Repository/Выручка по ДЗО/Фильтр Дата' is: '1, 2, 3 кв., Октябрь 2024 года'

03-12-2024T03:14:14 - [MESSAGE][PASSED] - Text of object 'Object Repository/Выручка по ДЗО/Фильтр Дата' is: '1, 2, 3 кв., Октябрь 2024 года'

03-12-2024T03:14:14 - [TEST_STEP][PASSED] - viruchka = getText(findTestObject("Выручка по ДЗО/Фильтр Выручка")): Text of object 'Object Repository/Выручка по ДЗО/Фильтр Выручка' is: 'внутренний оборот'

03-12-2024T03:14:14 - [MESSAGE][PASSED] - Text of object 'Object Repository/Выручка по ДЗО/Фильтр Выручка' is: 'внутренний оборот'

03-12-2024T03:14:14 - [TEST_STEP][PASSED] - if (viruchka == "Выбрано: 2"): null

03-12-2024T03:14:14 - [TEST_STEP][PASSED] - if (viruchka == "Все"): null

03-12-2024T03:14:14 - [TEST_STEP][PASSED] - println(period): null

03-12-2024T03:14:14 - [TEST_STEP][PASSED] - dashboardName = "Выручка по ДЗО": null

03-12-2024T03:14:14 - [TEST_STEP][PASSED] - workbook01 = getWorkbook(excelFilePath): null

03-12-2024T03:14:14 - [TEST_STEP][PASSED] - sheet01 = getExcelSheet(workbook01, sheetName): null

03-12-2024T03:14:14 - [TEST_STEP][PASSED] - setValueToCellByIndex(sheet01, n, 0, dashboardName): null

03-12-2024T03:14:14 - [TEST_STEP][PASSED] - setValueToCellByIndex(sheet01, n, 1, dZO): null

03-12-2024T03:14:14 - [TEST_STEP][PASSED] - setValueToCellByIndex(sheet01, n, 2, period): null

03-12-2024T03:14:14 - [TEST_STEP][PASSED] - setValueToCellByIndex(sheet01, n, 3, viruchka): null

03-12-2024T03:14:14 - [TEST_STEP][PASSED] - setValueToCellByIndex(sheet01, n, 4, todaysDate): null

03-12-2024T03:14:14 - [TEST_STEP][PASSED] - n = n + 1: null

03-12-2024T03:14:14 - [TEST_STEP][PASSED] - saveWorkbook(excelFilePath, workbook01): null

03-12-2024T03:14:14 - [TEST_STEP][PASSED] - click(findTestObject("Выручка по ДЗО/Фильтр Выручка")): Object: 'Object Repository/Выручка по ДЗО/Фильтр Выручка' is clicked on

03-12-2024T03:14:15 - [MESSAGE][PASSED] - Object: 'Object Repository/Выручка по ДЗО/Фильтр Выручка' is clicked on

03-12-2024T03:14:15 - [TEST_STEP][PASSED] - click(findTestObject("Выручка по ДЗО/По передаче в фильтре Выручка")): Object: 'Object Repository/Выручка по ДЗО/По передаче в фильтре Выручка' is clicked on

03-12-2024T03:14:15 - [MESSAGE][PASSED] - Object: 'Object Repository/Выручка по ДЗО/По передаче в фильтре Выручка' is clicked on

03-12-2024T03:14:15 - [TEST_STEP][PASSED] - click(findTestObject("Выручка по ДЗО/Применить в фильтре Выручка")): Object: 'Object Repository/Выручка по ДЗО/Применить в фильтре Выручка' is clicked on

03-12-2024T03:14:16 - [MESSAGE][PASSED] - Object: 'Object Repository/Выручка по ДЗО/Применить в фильтре Выручка' is clicked on

03-12-2024T03:14:16 - [TEST_STEP][PASSED] - Script1687405711779.Test(todaysDate): null

03-12-2024T03:14:16 - [TEST_STEP][PASSED] - if (verifyTextNotPresent("нет данных", false) == true): null

03-12-2024T03:14:18 - [MESSAGE][PASSED] - Text 'нет данных' is not present on page

03-12-2024T03:14:18 - [TEST_STEP][PASSED] - if (verifyTextNotPresent("Ошибка запроса данных", false) == true): null

03-12-2024T03:14:19 - [MESSAGE][PASSED] - Text 'Ошибка запроса данных' is not present on page

03-12-2024T03:14:19 - [TEST_STEP][PASSED] - if (verifyTextNotPresent("Произошла ошибка при выполнении пользовательского кода", false) == true): null

03-12-2024T03:14:19 - [MESSAGE][PASSED] - Text 'Произошла ошибка при выполнении пользовательского кода' is not present on page

03-12-2024T03:14:19 - [TEST_STEP][PASSED] - if (verifyTextNotPresent("У виджета нет данных", false) == true): null

03-12-2024T03:14:20 - [MESSAGE][PASSED] - Text 'У виджета нет данных' is not present on page

03-12-2024T03:14:20 - [TEST_STEP][PASSED] - if (verifyTextNotPresent("У виджета нет данных", false) == true): Text 'У виджета нет данных' is not present on page

03-12-2024T03:14:20 - [MESSAGE][PASSED] - Text 'У виджета нет данных' is not present on page

03-12-2024T03:14:20 - [TEST_STEP][PASSED] - click(findTestObject("Выручка по ДЗО/Фильтр Выручка")): Object: 'Object Repository/Выручка по ДЗО/Фильтр Выручка' is clicked on

03-12-2024T03:14:21 - [MESSAGE][PASSED] - Object: 'Object Repository/Выручка по ДЗО/Фильтр Выручка' is clicked on

03-12-2024T03:14:21 - [TEST_STEP][PASSED] - click(findTestObject("Выручка по ДЗО/Снять выделение в фильтре Выручка")): Object: 'Object Repository/Выручка по ДЗО/Снять выделение в фильтре Выручка' is clicked on

03-12-2024T03:14:21 - [MESSAGE][PASSED] - Object: 'Object Repository/Выручка по ДЗО/Снять выделение в фильтре Выручка' is clicked on

03-12-2024T03:14:21 - [TEST_STEP][PASSED] - click(findTestObject("Выручка по ДЗО/По передаче в фильтре Выручка")): Object: 'Object Repository/Выручка по ДЗО/По передаче в фильтре Выручка' is clicked on

03-12-2024T03:14:21 - [MESSAGE][PASSED] - Object: 'Object Repository/Выручка по ДЗО/По передаче в фильтре Выручка' is clicked on

03-12-2024T03:14:21 - [TEST_STEP][PASSED] - click(findTestObject("Выручка по ДЗО/Применить в фильтре Выручка")): Object: 'Object Repository/Выручка по ДЗО/Применить в фильтре Выручка' is clicked on

03-12-2024T03:14:22 - [MESSAGE][PASSED] - Object: 'Object Repository/Выручка по ДЗО/Применить в фильтре Выручка' is clicked on

03-12-2024T03:14:22 - [TEST_STEP][PASSED] - Script1687405711779.Test(todaysDate): null

03-12-2024T03:14:22 - [TEST_STEP][PASSED] - if (verifyTextNotPresent("нет данных", false) == true): null

03-12-2024T03:14:24 - [MESSAGE][PASSED] - Text 'нет данных' is not present on page

03-12-2024T03:14:24 - [TEST_STEP][PASSED] - if (verifyTextNotPresent("Ошибка запроса данных", false) == true): null

03-12-2024T03:14:25 - [MESSAGE][PASSED] - Text 'Ошибка запроса данных' is not present on page

03-12-2024T03:14:25 - [TEST_STEP][PASSED] - if (verifyTextNotPresent("Произошла ошибка при выполнении пользовательского кода", false) == true): null

03-12-2024T03:14:25 - [MESSAGE][PASSED] - Text 'Произошла ошибка при выполнении пользовательского кода' is not present on page

03-12-2024T03:14:25 - [TEST_STEP][PASSED] - if (verifyTextNotPresent("У виджета нет данных", false) == true): null

03-12-2024T03:14:26 - [MESSAGE][PASSED] - Text 'У виджета нет данных' is not present on page

03-12-2024T03:14:26 - [TEST_STEP][PASSED] - if (verifyTextNotPresent("У виджета нет данных", false) == true): Text 'У виджета нет данных' is not present on page

03-12-2024T03:14:26 - [MESSAGE][PASSED] - Text 'У виджета нет данных' is not present on page

03-12-2024T03:14:26 - [TEST_STEP][PASSED] - click(findTestObject("Выручка по ДЗО/Фильтр Выручка")): Object: 'Object Repository/Выручка по ДЗО/Фильтр Выручка' is clicked on

03-12-2024T03:14:26 - [MESSAGE][PASSED] - Object: 'Object Repository/Выручка по ДЗО/Фильтр Выручка' is clicked on

03-12-2024T03:14:26 - [TEST_STEP][PASSED] - click(findTestObject("Выручка по ДЗО/Снять выделение в фильтре Выручка")): Object: 'Object Repository/Выручка по ДЗО/Снять выделение в фильтре Выручка' is clicked on

03-12-2024T03:14:27 - [MESSAGE][PASSED] - Object: 'Object Repository/Выручка по ДЗО/Снять выделение в фильтре Выручка' is clicked on

03-12-2024T03:14:27 - [TEST_STEP][PASSED] - click(findTestObject("Выручка по ДЗО/Применить в фильтре Выручка")): Object: 'Object Repository/Выручка по ДЗО/Применить в фильтре Выручка' is clicked on

03-12-2024T03:14:27 - [MESSAGE][PASSED] - Object: 'Object Repository/Выручка по ДЗО/Применить в фильтре Выручка' is clicked on

03-12-2024T03:14:27 - [TEST_STEP][PASSED] - click(findTestObject("Выручка по ДЗО/Фильтр ДЗО")): Object: 'Object Repository/Выручка по ДЗО/Фильтр ДЗО' is clicked on

03-12-2024T03:14:29 - [MESSAGE][PASSED] - Object: 'Object Repository/Выручка по ДЗО/Фильтр ДЗО' is clicked on

03-12-2024T03:14:29 - [TEST_STEP][PASSED] - click(findTestObject("Выручка по ДЗО/Снять выделение в фильтре ДЗО")): Object: 'Object Repository/Выручка по ДЗО/Снять выделение в фильтре ДЗО' is clicked on

03-12-2024T03:14:29 - [MESSAGE][PASSED] - Object: 'Object Repository/Выручка по ДЗО/Снять выделение в фильтре ДЗО' is clicked on

03-12-2024T03:14:29 - [TEST_STEP][PASSED] - scrollToElement(findTestObject("Общие объекты/Рязаньэнерго"), 30): Scroll to object 'Object Repository/Общие объекты/Рязаньэнерго' successfully

03-12-2024T03:14:30 - [MESSAGE][PASSED] - Scroll to object 'Object Repository/Общие объекты/Рязаньэнерго' successfully

03-12-2024T03:14:30 - [TEST_STEP][PASSED] - click(findTestObject("Общие объекты/Рязаньэнерго"), CONTINUE_ON_FAILURE): Object: 'Object Repository/Общие объекты/Рязаньэнерго' is clicked on

03-12-2024T03:14:30 - [MESSAGE][PASSED] - Object: 'Object Repository/Общие объекты/Рязаньэнерго' is clicked on

03-12-2024T03:14:30 - [TEST_STEP][PASSED] - Script1687405711779.Change(todaysDate): null

03-12-2024T03:14:30 - [TEST_STEP][PASSED] - scrollToElement(findTestObject("Выручка по ДЗО/Заголовок дашборда"), 30): Scroll to object 'Object Repository/Выручка по ДЗО/Заголовок дашборда' successfully

03-12-2024T03:14:30 - [MESSAGE][PASSED] - Scroll to object 'Object Repository/Выручка по ДЗО/Заголовок дашборда' successfully

03-12-2024T03:14:30 - [TEST_STEP][PASSED] - click(findTestObject("Выручка по ДЗО/Применить в фильтре ДЗО")): Object: 'Object Repository/Выручка по ДЗО/Применить в фильтре ДЗО' is clicked on

03-12-2024T03:14:31 - [MESSAGE][PASSED] - Object: 'Object Repository/Выручка по ДЗО/Применить в фильтре ДЗО' is clicked on

03-12-2024T03:14:31 - [TEST_STEP][PASSED] - Script1687405711779.Tumbler(todaysDate): null

03-12-2024T03:14:31 - [TEST_STEP][PASSED] - Script1687405711779.Test(todaysDate): null

03-12-2024T03:14:31 - [TEST_STEP][PASSED] - if (verifyTextNotPresent("нет данных", false) == true): null

03-12-2024T03:14:33 - [MESSAGE][PASSED] - Text 'нет данных' is not present on page

03-12-2024T03:14:33 - [TEST_STEP][PASSED] - if (verifyTextNotPresent("Ошибка запроса данных", false) == true): null

03-12-2024T03:14:34 - [MESSAGE][PASSED] - Text 'Ошибка запроса данных' is not present on page

03-12-2024T03:14:34 - [TEST_STEP][PASSED] - if (verifyTextNotPresent("Произошла ошибка при выполнении пользовательского кода", false) == true): null

03-12-2024T03:14:35 - [MESSAGE][PASSED] - Text 'Произошла ошибка при выполнении пользовательского кода' is not present on page

03-12-2024T03:14:35 - [TEST_STEP][PASSED] - if (verifyTextNotPresent("У виджета нет данных", false) == true): null

03-12-2024T03:14:35 - [MESSAGE][PASSED] - Text 'У виджета нет данных' is not present on page

03-12-2024T03:14:35 - [TEST_STEP][PASSED] - if (verifyTextNotPresent("У виджета нет данных", false) == true): Text 'У виджета нет данных' is not present on page

03-12-2024T03:14:36 - [MESSAGE][PASSED] - Text 'У виджета нет данных' is not present on page

03-12-2024T03:14:36 - [TEST_STEP][PASSED] - click(findTestObject("Выручка по ДЗО/Фильтр Выручка")): Object: 'Object Repository/Выручка по ДЗО/Фильтр Выручка' is clicked on

03-12-2024T03:14:36 - [MESSAGE][PASSED] - Object: 'Object Repository/Выручка по ДЗО/Фильтр Выручка' is clicked on

03-12-2024T03:14:36 - [TEST_STEP][PASSED] - click(findTestObject("Выручка по ДЗО/Внутренний оборот в фильтре Выручка")): Object: 'Object Repository/Выручка по ДЗО/Внутренний оборот в фильтре Выручка' is clicked on

03-12-2024T03:14:37 - [MESSAGE][PASSED] - Object: 'Object Repository/Выручка по ДЗО/Внутренний оборот в фильтре Выручка' is clicked on

03-12-2024T03:14:37 - [TEST_STEP][PASSED] - click(findTestObject("Выручка по ДЗО/Применить в фильтре Выручка")): Object: 'Object Repository/Выручка по ДЗО/Применить в фильтре Выручка' is clicked on

03-12-2024T03:14:37 - [MESSAGE][PASSED] - Object: 'Object Repository/Выручка по ДЗО/Применить в фильтре Выручка' is clicked on

03-12-2024T03:14:37 - [TEST_STEP][PASSED] - Script1687405711779.Test(todaysDate): null

03-12-2024T03:14:37 - [TEST_STEP][FAILED] - if (verifyTextNotPresent("нет данных", false) == true): Text 'нет данных' is present on page  (Root cause: com.kms.katalon.core.exception.StepFailedException: Text 'нет данных' is present on page 
	at com.kms.katalon.core.webui.keyword.internal.WebUIKeywordMain.stepFailed(WebUIKeywordMain.groovy:64)
	at com.kms.katalon.core.webui.keyword.builtin.VerifyTextNotPresentKeyword$_verifyTextNotPresent_closure1.doCall(VerifyTextNotPresentKeyword.groovy:77)
	at com.kms.katalon.core.webui.keyword.builtin.VerifyTextNotPresentKeyword$_verifyTextNotPresent_closure1.call(VerifyTextNotPresentKeyword.groovy)
	at com.kms.katalon.core.webui.keyword.internal.WebUIKeywordMain.runKeyword(WebUIKeywordMain.groovy:20)
	at com.kms.katalon.core.webui.keyword.builtin.VerifyTextNotPresentKeyword.verifyTextNotPresent(VerifyTextNotPresentKeyword.groovy:82)
	at com.kms.katalon.core.webui.keyword.builtin.VerifyTextNotPresentKeyword.execute(VerifyTextNotPresentKeyword.groovy:68)
	at com.kms.katalon.core.keyword.internal.KeywordExecutor.executeKeywordForPlatform(KeywordExecutor.groovy:74)
	at com.kms.katalon.core.webui.keyword.WebUiBuiltInKeywords.verifyTextNotPresent(WebUiBuiltInKeywords.groovy:1795)
	at Выручка по ДЗО отображение данных все филиалы.Test(Выручка по ДЗО отображение данных все филиалы:782)
	at Выручка по ДЗО отображение данных все филиалы.Tumbler(Выручка по ДЗО отображение данных все филиалы:738)
	at Выручка по ДЗО отображение данных все филиалы.Change(Выручка по ДЗО отображение данных все филиалы:772)
	at Выручка по ДЗО отображение данных все филиалы.DzoTest(Выручка по ДЗО отображение данных все филиалы:652)
	at Выручка по ДЗО отображение данных все филиалы.run(Выручка по ДЗО отображение данных все филиалы:134)
	at com.kms.katalon.core.main.ScriptEngine.run(ScriptEngine.java:194)
	at com.kms.katalon.core.main.ScriptEngine.runScriptAsRawText(ScriptEngine.java:119)
	at com.kms.katalon.core.main.TestCaseExecutor.runScript(TestCaseExecutor.java:448)
	at com.kms.katalon.core.main.TestCaseExecutor.doExecute(TestCaseExecutor.java:439)
	at com.kms.katalon.core.main.TestCaseExecutor.processExecutionPhase(TestCaseExecutor.java:418)
	at com.kms.katalon.core.main.TestCaseExecutor.accessMainPhase(TestCaseExecutor.java:410)
	at com.kms.katalon.core.main.TestCaseExecutor.execute(TestCaseExecutor.java:285)
	at com.kms.katalon.core.common.CommonExecutor.accessTestCaseMainPhase(CommonExecutor.java:65)
	at com.kms.katalon.core.main.TestSuiteExecutor.accessTestSuiteMainPhase(TestSuiteExecutor.java:150)
	at com.kms.katalon.core.main.TestSuiteExecutor.execute(TestSuiteExecutor.java:106)
	at com.kms.katalon.core.main.TestCaseMain.startTestSuite(TestCaseMain.java:180)
	at TempTestSuite1733182698305.run(TempTestSuite1733182698305.groovy:35)
	at java.base/jdk.internal.reflect.NativeMethodAccessorImpl.invoke0(Native Method)
	at java.base/jdk.internal.reflect.NativeMethodAccessorImpl.invoke(NativeMethodAccessorImpl.java:77)
	at java.base/jdk.internal.reflect.DelegatingMethodAccessorImpl.invoke(DelegatingMethodAccessorImpl.java:43)
)

03-12-2024T03:14:39 - [MESSAGE][FAILED] - Text 'нет данных' is present on page  (Root cause: com.kms.katalon.core.exception.StepFailedException: Text 'нет данных' is present on page 
	at com.kms.katalon.core.webui.keyword.internal.WebUIKeywordMain.stepFailed(WebUIKeywordMain.groovy:64)
	at com.kms.katalon.core.webui.keyword.builtin.VerifyTextNotPresentKeyword$_verifyTextNotPresent_closure1.doCall(VerifyTextNotPresentKeyword.groovy:77)
	at com.kms.katalon.core.webui.keyword.builtin.VerifyTextNotPresentKeyword$_verifyTextNotPresent_closure1.call(VerifyTextNotPresentKeyword.groovy)
	at com.kms.katalon.core.webui.keyword.internal.WebUIKeywordMain.runKeyword(WebUIKeywordMain.groovy:20)
	at com.kms.katalon.core.webui.keyword.builtin.VerifyTextNotPresentKeyword.verifyTextNotPresent(VerifyTextNotPresentKeyword.groovy:82)
	at com.kms.katalon.core.webui.keyword.builtin.VerifyTextNotPresentKeyword.execute(VerifyTextNotPresentKeyword.groovy:68)
	at com.kms.katalon.core.keyword.internal.KeywordExecutor.executeKeywordForPlatform(KeywordExecutor.groovy:74)
	at com.kms.katalon.core.webui.keyword.WebUiBuiltInKeywords.verifyTextNotPresent(WebUiBuiltInKeywords.groovy:1795)
	at Выручка по ДЗО отображение данных все филиалы.Test(Выручка по ДЗО отображение данных все филиалы:782)
	at Выручка по ДЗО отображение данных все филиалы.Tumbler(Выручка по ДЗО отображение данных все филиалы:738)
	at Выручка по ДЗО отображение данных все филиалы.Change(Выручка по ДЗО отображение данных все филиалы:772)
	at Выручка по ДЗО отображение данных все филиалы.DzoTest(Выручка по ДЗО отображение данных все филиалы:652)
	at Выручка по ДЗО отображение данных все филиалы.run(Выручка по ДЗО отображение данных все филиалы:134)
	at com.kms.katalon.core.main.ScriptEngine.run(ScriptEngine.java:194)
	at com.kms.katalon.core.main.ScriptEngine.runScriptAsRawText(ScriptEngine.java:119)
	at com.kms.katalon.core.main.TestCaseExecutor.runScript(TestCaseExecutor.java:448)
	at com.kms.katalon.core.main.TestCaseExecutor.doExecute(TestCaseExecutor.java:439)
	at com.kms.katalon.core.main.TestCaseExecutor.processExecutionPhase(TestCaseExecutor.java:418)
	at com.kms.katalon.core.main.TestCaseExecutor.accessMainPhase(TestCaseExecutor.java:410)
	at com.kms.katalon.core.main.TestCaseExecutor.execute(TestCaseExecutor.java:285)
	at com.kms.katalon.core.common.CommonExecutor.accessTestCaseMainPhase(CommonExecutor.java:65)
	at com.kms.katalon.core.main.TestSuiteExecutor.accessTestSuiteMainPhase(TestSuiteExecutor.java:150)
	at com.kms.katalon.core.main.TestSuiteExecutor.execute(TestSuiteExecutor.java:106)
	at com.kms.katalon.core.main.TestCaseMain.startTestSuite(TestCaseMain.java:180)
	at TempTestSuite1733182698305.run(TempTestSuite1733182698305.groovy:35)
	at java.base/jdk.internal.reflect.NativeMethodAccessorImpl.invoke0(Native Method)
	at java.base/jdk.internal.reflect.NativeMethodAccessorImpl.invoke(NativeMethodAccessorImpl.java:77)
	at java.base/jdk.internal.reflect.DelegatingMethodAccessorImpl.invoke(DelegatingMethodAccessorImpl.java:43)
)

03-12-2024T03:14:39 - [TEST_STEP][PASSED] - else: null

03-12-2024T03:14:39 - [TEST_STEP][PASSED] - Script1687405711779.WriteToExcel(todaysDate): null

03-12-2024T03:14:39 - [TEST_STEP][PASSED] - sheetName = "Sheet1": null

03-12-2024T03:14:39 - [TEST_STEP][PASSED] - data = findTestData("PlanFact"): null

03-12-2024T03:14:39 - [TEST_STEP][PASSED] - n = data.getRowNumbers() + 1: null

03-12-2024T03:14:39 - [TEST_STEP][PASSED] - dZO = getText(findTestObject("Выручка по ДЗО/Фильтр ДЗО")): Text of object 'Object Repository/Выручка по ДЗО/Фильтр ДЗО' is: 'ПАО Россети - РаспредКомплекс - Россети Центр и Приволжье (ГК) - Рязаньэнерго'

03-12-2024T03:14:40 - [MESSAGE][PASSED] - Text of object 'Object Repository/Выручка по ДЗО/Фильтр ДЗО' is: 'ПАО Россети - РаспредКомплекс - Россети Центр и Приволжье (ГК) - Рязаньэнерго'

03-12-2024T03:14:40 - [TEST_STEP][PASSED] - period = getText(findTestObject("Выручка по ДЗО/Фильтр Дата")): Text of object 'Object Repository/Выручка по ДЗО/Фильтр Дата' is: '1, 2, 3 кв., Октябрь 2024 года'

03-12-2024T03:14:40 - [MESSAGE][PASSED] - Text of object 'Object Repository/Выручка по ДЗО/Фильтр Дата' is: '1, 2, 3 кв., Октябрь 2024 года'

03-12-2024T03:14:40 - [TEST_STEP][PASSED] - viruchka = getText(findTestObject("Выручка по ДЗО/Фильтр Выручка")): Text of object 'Object Repository/Выручка по ДЗО/Фильтр Выручка' is: 'внутренний оборот'

03-12-2024T03:14:40 - [MESSAGE][PASSED] - Text of object 'Object Repository/Выручка по ДЗО/Фильтр Выручка' is: 'внутренний оборот'

03-12-2024T03:14:40 - [TEST_STEP][PASSED] - if (viruchka == "Выбрано: 2"): null

03-12-2024T03:14:40 - [TEST_STEP][PASSED] - if (viruchka == "Все"): null

03-12-2024T03:14:40 - [TEST_STEP][PASSED] - println(period): null

03-12-2024T03:14:40 - [TEST_STEP][PASSED] - dashboardName = "Выручка по ДЗО": null

03-12-2024T03:14:40 - [TEST_STEP][PASSED] - workbook01 = getWorkbook(excelFilePath): null

03-12-2024T03:14:40 - [TEST_STEP][PASSED] - sheet01 = getExcelSheet(workbook01, sheetName): null

03-12-2024T03:14:40 - [TEST_STEP][PASSED] - setValueToCellByIndex(sheet01, n, 0, dashboardName): null

03-12-2024T03:14:40 - [TEST_STEP][PASSED] - setValueToCellByIndex(sheet01, n, 1, dZO): null

03-12-2024T03:14:40 - [TEST_STEP][PASSED] - setValueToCellByIndex(sheet01, n, 2, period): null

03-12-2024T03:14:40 - [TEST_STEP][PASSED] - setValueToCellByIndex(sheet01, n, 3, viruchka): null

03-12-2024T03:14:40 - [TEST_STEP][PASSED] - setValueToCellByIndex(sheet01, n, 4, todaysDate): null

03-12-2024T03:14:40 - [TEST_STEP][PASSED] - n = n + 1: null

03-12-2024T03:14:40 - [TEST_STEP][PASSED] - saveWorkbook(excelFilePath, workbook01): null

03-12-2024T03:14:40 - [TEST_STEP][PASSED] - click(findTestObject("Выручка по ДЗО/Фильтр Выручка")): Object: 'Object Repository/Выручка по ДЗО/Фильтр Выручка' is clicked on

03-12-2024T03:14:41 - [MESSAGE][PASSED] - Object: 'Object Repository/Выручка по ДЗО/Фильтр Выручка' is clicked on

03-12-2024T03:14:41 - [TEST_STEP][PASSED] - click(findTestObject("Выручка по ДЗО/По передаче в фильтре Выручка")): Object: 'Object Repository/Выручка по ДЗО/По передаче в фильтре Выручка' is clicked on

03-12-2024T03:14:41 - [MESSAGE][PASSED] - Object: 'Object Repository/Выручка по ДЗО/По передаче в фильтре Выручка' is clicked on

03-12-2024T03:14:41 - [TEST_STEP][PASSED] - click(findTestObject("Выручка по ДЗО/Применить в фильтре Выручка")): Object: 'Object Repository/Выручка по ДЗО/Применить в фильтре Выручка' is clicked on

03-12-2024T03:14:42 - [MESSAGE][PASSED] - Object: 'Object Repository/Выручка по ДЗО/Применить в фильтре Выручка' is clicked on

03-12-2024T03:14:42 - [TEST_STEP][PASSED] - Script1687405711779.Test(todaysDate): null

03-12-2024T03:14:42 - [TEST_STEP][PASSED] - if (verifyTextNotPresent("нет данных", false) == true): null

03-12-2024T03:14:44 - [MESSAGE][PASSED] - Text 'нет данных' is not present on page

03-12-2024T03:14:44 - [TEST_STEP][PASSED] - if (verifyTextNotPresent("Ошибка запроса данных", false) == true): null

03-12-2024T03:14:45 - [MESSAGE][PASSED] - Text 'Ошибка запроса данных' is not present on page

03-12-2024T03:14:45 - [TEST_STEP][PASSED] - if (verifyTextNotPresent("Произошла ошибка при выполнении пользовательского кода", false) == true): null

03-12-2024T03:14:46 - [MESSAGE][PASSED] - Text 'Произошла ошибка при выполнении пользовательского кода' is not present on page

03-12-2024T03:14:46 - [TEST_STEP][PASSED] - if (verifyTextNotPresent("У виджета нет данных", false) == true): null

03-12-2024T03:14:46 - [MESSAGE][PASSED] - Text 'У виджета нет данных' is not present on page

03-12-2024T03:14:46 - [TEST_STEP][PASSED] - if (verifyTextNotPresent("У виджета нет данных", false) == true): Text 'У виджета нет данных' is not present on page

03-12-2024T03:14:47 - [MESSAGE][PASSED] - Text 'У виджета нет данных' is not present on page

03-12-2024T03:14:47 - [TEST_STEP][PASSED] - click(findTestObject("Выручка по ДЗО/Фильтр Выручка")): Object: 'Object Repository/Выручка по ДЗО/Фильтр Выручка' is clicked on

03-12-2024T03:14:47 - [MESSAGE][PASSED] - Object: 'Object Repository/Выручка по ДЗО/Фильтр Выручка' is clicked on

03-12-2024T03:14:47 - [TEST_STEP][PASSED] - click(findTestObject("Выручка по ДЗО/Снять выделение в фильтре Выручка")): Object: 'Object Repository/Выручка по ДЗО/Снять выделение в фильтре Выручка' is clicked on

03-12-2024T03:14:47 - [MESSAGE][PASSED] - Object: 'Object Repository/Выручка по ДЗО/Снять выделение в фильтре Выручка' is clicked on

03-12-2024T03:14:47 - [TEST_STEP][PASSED] - click(findTestObject("Выручка по ДЗО/По передаче в фильтре Выручка")): Object: 'Object Repository/Выручка по ДЗО/По передаче в фильтре Выручка' is clicked on

03-12-2024T03:14:48 - [MESSAGE][PASSED] - Object: 'Object Repository/Выручка по ДЗО/По передаче в фильтре Выручка' is clicked on

03-12-2024T03:14:48 - [TEST_STEP][PASSED] - click(findTestObject("Выручка по ДЗО/Применить в фильтре Выручка")): Object: 'Object Repository/Выручка по ДЗО/Применить в фильтре Выручка' is clicked on

03-12-2024T03:14:48 - [MESSAGE][PASSED] - Object: 'Object Repository/Выручка по ДЗО/Применить в фильтре Выручка' is clicked on

03-12-2024T03:14:48 - [TEST_STEP][PASSED] - Script1687405711779.Test(todaysDate): null

03-12-2024T03:14:48 - [TEST_STEP][PASSED] - if (verifyTextNotPresent("нет данных", false) == true): null

03-12-2024T03:14:50 - [MESSAGE][PASSED] - Text 'нет данных' is not present on page

03-12-2024T03:14:50 - [TEST_STEP][PASSED] - if (verifyTextNotPresent("Ошибка запроса данных", false) == true): null

03-12-2024T03:14:51 - [MESSAGE][PASSED] - Text 'Ошибка запроса данных' is not present on page

03-12-2024T03:14:51 - [TEST_STEP][PASSED] - if (verifyTextNotPresent("Произошла ошибка при выполнении пользовательского кода", false) == true): null

03-12-2024T03:14:51 - [MESSAGE][PASSED] - Text 'Произошла ошибка при выполнении пользовательского кода' is not present on page

03-12-2024T03:14:51 - [TEST_STEP][PASSED] - if (verifyTextNotPresent("У виджета нет данных", false) == true): null

03-12-2024T03:14:52 - [MESSAGE][PASSED] - Text 'У виджета нет данных' is not present on page

03-12-2024T03:14:52 - [TEST_STEP][PASSED] - if (verifyTextNotPresent("У виджета нет данных", false) == true): Text 'У виджета нет данных' is not present on page

03-12-2024T03:14:52 - [MESSAGE][PASSED] - Text 'У виджета нет данных' is not present on page

03-12-2024T03:14:52 - [TEST_STEP][PASSED] - click(findTestObject("Выручка по ДЗО/Фильтр Выручка")): Object: 'Object Repository/Выручка по ДЗО/Фильтр Выручка' is clicked on

03-12-2024T03:14:53 - [MESSAGE][PASSED] - Object: 'Object Repository/Выручка по ДЗО/Фильтр Выручка' is clicked on

03-12-2024T03:14:53 - [TEST_STEP][PASSED] - click(findTestObject("Выручка по ДЗО/Снять выделение в фильтре Выручка")): Object: 'Object Repository/Выручка по ДЗО/Снять выделение в фильтре Выручка' is clicked on

03-12-2024T03:14:53 - [MESSAGE][PASSED] - Object: 'Object Repository/Выручка по ДЗО/Снять выделение в фильтре Выручка' is clicked on

03-12-2024T03:14:53 - [TEST_STEP][PASSED] - click(findTestObject("Выручка по ДЗО/Применить в фильтре Выручка")): Object: 'Object Repository/Выручка по ДЗО/Применить в фильтре Выручка' is clicked on

03-12-2024T03:14:54 - [MESSAGE][PASSED] - Object: 'Object Repository/Выручка по ДЗО/Применить в фильтре Выручка' is clicked on

03-12-2024T03:14:54 - [TEST_STEP][PASSED] - click(findTestObject("Выручка по ДЗО/Фильтр ДЗО")): Object: 'Object Repository/Выручка по ДЗО/Фильтр ДЗО' is clicked on

03-12-2024T03:14:55 - [MESSAGE][PASSED] - Object: 'Object Repository/Выручка по ДЗО/Фильтр ДЗО' is clicked on

03-12-2024T03:14:55 - [TEST_STEP][PASSED] - click(findTestObject("Выручка по ДЗО/Снять выделение в фильтре ДЗО")): Object: 'Object Repository/Выручка по ДЗО/Снять выделение в фильтре ДЗО' is clicked on

03-12-2024T03:14:56 - [MESSAGE][PASSED] - Object: 'Object Repository/Выручка по ДЗО/Снять выделение в фильтре ДЗО' is clicked on

03-12-2024T03:14:56 - [TEST_STEP][PASSED] - scrollToElement(findTestObject("Общие объекты/Тулэнерго"), 30): Scroll to object 'Object Repository/Общие объекты/Тулэнерго' successfully

03-12-2024T03:14:56 - [MESSAGE][PASSED] - Scroll to object 'Object Repository/Общие объекты/Тулэнерго' successfully

03-12-2024T03:14:56 - [TEST_STEP][PASSED] - click(findTestObject("Общие объекты/Тулэнерго"), CONTINUE_ON_FAILURE): Object: 'Object Repository/Общие объекты/Тулэнерго' is clicked on

03-12-2024T03:14:56 - [MESSAGE][PASSED] - Object: 'Object Repository/Общие объекты/Тулэнерго' is clicked on

03-12-2024T03:14:56 - [TEST_STEP][PASSED] - Script1687405711779.Change(todaysDate): null

03-12-2024T03:14:56 - [TEST_STEP][PASSED] - scrollToElement(findTestObject("Выручка по ДЗО/Заголовок дашборда"), 30): Scroll to object 'Object Repository/Выручка по ДЗО/Заголовок дашборда' successfully

03-12-2024T03:14:57 - [MESSAGE][PASSED] - Scroll to object 'Object Repository/Выручка по ДЗО/Заголовок дашборда' successfully

03-12-2024T03:14:57 - [TEST_STEP][PASSED] - click(findTestObject("Выручка по ДЗО/Применить в фильтре ДЗО")): Object: 'Object Repository/Выручка по ДЗО/Применить в фильтре ДЗО' is clicked on

03-12-2024T03:14:57 - [MESSAGE][PASSED] - Object: 'Object Repository/Выручка по ДЗО/Применить в фильтре ДЗО' is clicked on

03-12-2024T03:14:57 - [TEST_STEP][PASSED] - Script1687405711779.Tumbler(todaysDate): null

03-12-2024T03:14:57 - [TEST_STEP][PASSED] - Script1687405711779.Test(todaysDate): null

03-12-2024T03:14:57 - [TEST_STEP][PASSED] - if (verifyTextNotPresent("нет данных", false) == true): null

03-12-2024T03:15:01 - [MESSAGE][PASSED] - Text 'нет данных' is not present on page

03-12-2024T03:15:01 - [TEST_STEP][PASSED] - if (verifyTextNotPresent("Ошибка запроса данных", false) == true): null

03-12-2024T03:15:02 - [MESSAGE][PASSED] - Text 'Ошибка запроса данных' is not present on page

03-12-2024T03:15:02 - [TEST_STEP][PASSED] - if (verifyTextNotPresent("Произошла ошибка при выполнении пользовательского кода", false) == true): null

03-12-2024T03:15:02 - [MESSAGE][PASSED] - Text 'Произошла ошибка при выполнении пользовательского кода' is not present on page

03-12-2024T03:15:02 - [TEST_STEP][PASSED] - if (verifyTextNotPresent("У виджета нет данных", false) == true): null

03-12-2024T03:15:03 - [MESSAGE][PASSED] - Text 'У виджета нет данных' is not present on page

03-12-2024T03:15:03 - [TEST_STEP][PASSED] - if (verifyTextNotPresent("У виджета нет данных", false) == true): Text 'У виджета нет данных' is not present on page

03-12-2024T03:15:03 - [MESSAGE][PASSED] - Text 'У виджета нет данных' is not present on page

03-12-2024T03:15:03 - [TEST_STEP][PASSED] - click(findTestObject("Выручка по ДЗО/Фильтр Выручка")): Object: 'Object Repository/Выручка по ДЗО/Фильтр Выручка' is clicked on

03-12-2024T03:15:03 - [MESSAGE][PASSED] - Object: 'Object Repository/Выручка по ДЗО/Фильтр Выручка' is clicked on

03-12-2024T03:15:03 - [TEST_STEP][PASSED] - click(findTestObject("Выручка по ДЗО/Внутренний оборот в фильтре Выручка")): Object: 'Object Repository/Выручка по ДЗО/Внутренний оборот в фильтре Выручка' is clicked on

03-12-2024T03:15:04 - [MESSAGE][PASSED] - Object: 'Object Repository/Выручка по ДЗО/Внутренний оборот в фильтре Выручка' is clicked on

03-12-2024T03:15:04 - [TEST_STEP][PASSED] - click(findTestObject("Выручка по ДЗО/Применить в фильтре Выручка")): Object: 'Object Repository/Выручка по ДЗО/Применить в фильтре Выручка' is clicked on

03-12-2024T03:15:05 - [MESSAGE][PASSED] - Object: 'Object Repository/Выручка по ДЗО/Применить в фильтре Выручка' is clicked on

03-12-2024T03:15:05 - [TEST_STEP][PASSED] - Script1687405711779.Test(todaysDate): null

03-12-2024T03:15:05 - [TEST_STEP][FAILED] - if (verifyTextNotPresent("нет данных", false) == true): Text 'нет данных' is present on page  (Root cause: com.kms.katalon.core.exception.StepFailedException: Text 'нет данных' is present on page 
	at com.kms.katalon.core.webui.keyword.internal.WebUIKeywordMain.stepFailed(WebUIKeywordMain.groovy:64)
	at com.kms.katalon.core.webui.keyword.builtin.VerifyTextNotPresentKeyword$_verifyTextNotPresent_closure1.doCall(VerifyTextNotPresentKeyword.groovy:77)
	at com.kms.katalon.core.webui.keyword.builtin.VerifyTextNotPresentKeyword$_verifyTextNotPresent_closure1.call(VerifyTextNotPresentKeyword.groovy)
	at com.kms.katalon.core.webui.keyword.internal.WebUIKeywordMain.runKeyword(WebUIKeywordMain.groovy:20)
	at com.kms.katalon.core.webui.keyword.builtin.VerifyTextNotPresentKeyword.verifyTextNotPresent(VerifyTextNotPresentKeyword.groovy:82)
	at com.kms.katalon.core.webui.keyword.builtin.VerifyTextNotPresentKeyword.execute(VerifyTextNotPresentKeyword.groovy:68)
	at com.kms.katalon.core.keyword.internal.KeywordExecutor.executeKeywordForPlatform(KeywordExecutor.groovy:74)
	at com.kms.katalon.core.webui.keyword.WebUiBuiltInKeywords.verifyTextNotPresent(WebUiBuiltInKeywords.groovy:1795)
	at Выручка по ДЗО отображение данных все филиалы.Test(Выручка по ДЗО отображение данных все филиалы:782)
	at Выручка по ДЗО отображение данных все филиалы.Tumbler(Выручка по ДЗО отображение данных все филиалы:738)
	at Выручка по ДЗО отображение данных все филиалы.Change(Выручка по ДЗО отображение данных все филиалы:772)
	at Выручка по ДЗО отображение данных все филиалы.DzoTest(Выручка по ДЗО отображение данных все филиалы:658)
	at Выручка по ДЗО отображение данных все филиалы.run(Выручка по ДЗО отображение данных все филиалы:134)
	at com.kms.katalon.core.main.ScriptEngine.run(ScriptEngine.java:194)
	at com.kms.katalon.core.main.ScriptEngine.runScriptAsRawText(ScriptEngine.java:119)
	at com.kms.katalon.core.main.TestCaseExecutor.runScript(TestCaseExecutor.java:448)
	at com.kms.katalon.core.main.TestCaseExecutor.doExecute(TestCaseExecutor.java:439)
	at com.kms.katalon.core.main.TestCaseExecutor.processExecutionPhase(TestCaseExecutor.java:418)
	at com.kms.katalon.core.main.TestCaseExecutor.accessMainPhase(TestCaseExecutor.java:410)
	at com.kms.katalon.core.main.TestCaseExecutor.execute(TestCaseExecutor.java:285)
	at com.kms.katalon.core.common.CommonExecutor.accessTestCaseMainPhase(CommonExecutor.java:65)
	at com.kms.katalon.core.main.TestSuiteExecutor.accessTestSuiteMainPhase(TestSuiteExecutor.java:150)
	at com.kms.katalon.core.main.TestSuiteExecutor.execute(TestSuiteExecutor.java:106)
	at com.kms.katalon.core.main.TestCaseMain.startTestSuite(TestCaseMain.java:180)
	at TempTestSuite1733182698305.run(TempTestSuite1733182698305.groovy:35)
	at java.base/jdk.internal.reflect.NativeMethodAccessorImpl.invoke0(Native Method)
	at java.base/jdk.internal.reflect.NativeMethodAccessorImpl.invoke(NativeMethodAccessorImpl.java:77)
	at java.base/jdk.internal.reflect.DelegatingMethodAccessorImpl.invoke(DelegatingMethodAccessorImpl.java:43)
)

03-12-2024T03:15:07 - [MESSAGE][FAILED] - Text 'нет данных' is present on page  (Root cause: com.kms.katalon.core.exception.StepFailedException: Text 'нет данных' is present on page 
	at com.kms.katalon.core.webui.keyword.internal.WebUIKeywordMain.stepFailed(WebUIKeywordMain.groovy:64)
	at com.kms.katalon.core.webui.keyword.builtin.VerifyTextNotPresentKeyword$_verifyTextNotPresent_closure1.doCall(VerifyTextNotPresentKeyword.groovy:77)
	at com.kms.katalon.core.webui.keyword.builtin.VerifyTextNotPresentKeyword$_verifyTextNotPresent_closure1.call(VerifyTextNotPresentKeyword.groovy)
	at com.kms.katalon.core.webui.keyword.internal.WebUIKeywordMain.runKeyword(WebUIKeywordMain.groovy:20)
	at com.kms.katalon.core.webui.keyword.builtin.VerifyTextNotPresentKeyword.verifyTextNotPresent(VerifyTextNotPresentKeyword.groovy:82)
	at com.kms.katalon.core.webui.keyword.builtin.VerifyTextNotPresentKeyword.execute(VerifyTextNotPresentKeyword.groovy:68)
	at com.kms.katalon.core.keyword.internal.KeywordExecutor.executeKeywordForPlatform(KeywordExecutor.groovy:74)
	at com.kms.katalon.core.webui.keyword.WebUiBuiltInKeywords.verifyTextNotPresent(WebUiBuiltInKeywords.groovy:1795)
	at Выручка по ДЗО отображение данных все филиалы.Test(Выручка по ДЗО отображение данных все филиалы:782)
	at Выручка по ДЗО отображение данных все филиалы.Tumbler(Выручка по ДЗО отображение данных все филиалы:738)
	at Выручка по ДЗО отображение данных все филиалы.Change(Выручка по ДЗО отображение данных все филиалы:772)
	at Выручка по ДЗО отображение данных все филиалы.DzoTest(Выручка по ДЗО отображение данных все филиалы:658)
	at Выручка по ДЗО отображение данных все филиалы.run(Выручка по ДЗО отображение данных все филиалы:134)
	at com.kms.katalon.core.main.ScriptEngine.run(ScriptEngine.java:194)
	at com.kms.katalon.core.main.ScriptEngine.runScriptAsRawText(ScriptEngine.java:119)
	at com.kms.katalon.core.main.TestCaseExecutor.runScript(TestCaseExecutor.java:448)
	at com.kms.katalon.core.main.TestCaseExecutor.doExecute(TestCaseExecutor.java:439)
	at com.kms.katalon.core.main.TestCaseExecutor.processExecutionPhase(TestCaseExecutor.java:418)
	at com.kms.katalon.core.main.TestCaseExecutor.accessMainPhase(TestCaseExecutor.java:410)
	at com.kms.katalon.core.main.TestCaseExecutor.execute(TestCaseExecutor.java:285)
	at com.kms.katalon.core.common.CommonExecutor.accessTestCaseMainPhase(CommonExecutor.java:65)
	at com.kms.katalon.core.main.TestSuiteExecutor.accessTestSuiteMainPhase(TestSuiteExecutor.java:150)
	at com.kms.katalon.core.main.TestSuiteExecutor.execute(TestSuiteExecutor.java:106)
	at com.kms.katalon.core.main.TestCaseMain.startTestSuite(TestCaseMain.java:180)
	at TempTestSuite1733182698305.run(TempTestSuite1733182698305.groovy:35)
	at java.base/jdk.internal.reflect.NativeMethodAccessorImpl.invoke0(Native Method)
	at java.base/jdk.internal.reflect.NativeMethodAccessorImpl.invoke(NativeMethodAccessorImpl.java:77)
	at java.base/jdk.internal.reflect.DelegatingMethodAccessorImpl.invoke(DelegatingMethodAccessorImpl.java:43)
)

03-12-2024T03:15:07 - [TEST_STEP][PASSED] - else: null

03-12-2024T03:15:07 - [TEST_STEP][PASSED] - Script1687405711779.WriteToExcel(todaysDate): null

03-12-2024T03:15:07 - [TEST_STEP][PASSED] - sheetName = "Sheet1": null

03-12-2024T03:15:07 - [TEST_STEP][PASSED] - data = findTestData("PlanFact"): null

03-12-2024T03:15:07 - [TEST_STEP][PASSED] - n = data.getRowNumbers() + 1: null

03-12-2024T03:15:07 - [TEST_STEP][PASSED] - dZO = getText(findTestObject("Выручка по ДЗО/Фильтр ДЗО")): Text of object 'Object Repository/Выручка по ДЗО/Фильтр ДЗО' is: 'ПАО Россети - РаспредКомплекс - Россети Центр и Приволжье (ГК) - Тулэнерго'

03-12-2024T03:15:07 - [MESSAGE][PASSED] - Text of object 'Object Repository/Выручка по ДЗО/Фильтр ДЗО' is: 'ПАО Россети - РаспредКомплекс - Россети Центр и Приволжье (ГК) - Тулэнерго'

03-12-2024T03:15:07 - [TEST_STEP][PASSED] - period = getText(findTestObject("Выручка по ДЗО/Фильтр Дата")): Text of object 'Object Repository/Выручка по ДЗО/Фильтр Дата' is: '1, 2, 3 кв., Октябрь 2024 года'

03-12-2024T03:15:08 - [MESSAGE][PASSED] - Text of object 'Object Repository/Выручка по ДЗО/Фильтр Дата' is: '1, 2, 3 кв., Октябрь 2024 года'

03-12-2024T03:15:08 - [TEST_STEP][PASSED] - viruchka = getText(findTestObject("Выручка по ДЗО/Фильтр Выручка")): Text of object 'Object Repository/Выручка по ДЗО/Фильтр Выручка' is: 'внутренний оборот'

03-12-2024T03:15:08 - [MESSAGE][PASSED] - Text of object 'Object Repository/Выручка по ДЗО/Фильтр Выручка' is: 'внутренний оборот'

03-12-2024T03:15:08 - [TEST_STEP][PASSED] - if (viruchka == "Выбрано: 2"): null

03-12-2024T03:15:08 - [TEST_STEP][PASSED] - if (viruchka == "Все"): null

03-12-2024T03:15:08 - [TEST_STEP][PASSED] - println(period): null

03-12-2024T03:15:08 - [TEST_STEP][PASSED] - dashboardName = "Выручка по ДЗО": null

03-12-2024T03:15:08 - [TEST_STEP][PASSED] - workbook01 = getWorkbook(excelFilePath): null

03-12-2024T03:15:08 - [TEST_STEP][PASSED] - sheet01 = getExcelSheet(workbook01, sheetName): null

03-12-2024T03:15:08 - [TEST_STEP][PASSED] - setValueToCellByIndex(sheet01, n, 0, dashboardName): null

03-12-2024T03:15:08 - [TEST_STEP][PASSED] - setValueToCellByIndex(sheet01, n, 1, dZO): null

03-12-2024T03:15:08 - [TEST_STEP][PASSED] - setValueToCellByIndex(sheet01, n, 2, period): null

03-12-2024T03:15:08 - [TEST_STEP][PASSED] - setValueToCellByIndex(sheet01, n, 3, viruchka): null

03-12-2024T03:15:08 - [TEST_STEP][PASSED] - setValueToCellByIndex(sheet01, n, 4, todaysDate): null

03-12-2024T03:15:08 - [TEST_STEP][PASSED] - n = n + 1: null

03-12-2024T03:15:08 - [TEST_STEP][PASSED] - saveWorkbook(excelFilePath, workbook01): null

03-12-2024T03:15:08 - [TEST_STEP][PASSED] - click(findTestObject("Выручка по ДЗО/Фильтр Выручка")): Object: 'Object Repository/Выручка по ДЗО/Фильтр Выручка' is clicked on

03-12-2024T03:15:09 - [MESSAGE][PASSED] - Object: 'Object Repository/Выручка по ДЗО/Фильтр Выручка' is clicked on

03-12-2024T03:15:09 - [TEST_STEP][PASSED] - click(findTestObject("Выручка по ДЗО/По передаче в фильтре Выручка")): Object: 'Object Repository/Выручка по ДЗО/По передаче в фильтре Выручка' is clicked on

03-12-2024T03:15:09 - [MESSAGE][PASSED] - Object: 'Object Repository/Выручка по ДЗО/По передаче в фильтре Выручка' is clicked on

03-12-2024T03:15:09 - [TEST_STEP][PASSED] - click(findTestObject("Выручка по ДЗО/Применить в фильтре Выручка")): Object: 'Object Repository/Выручка по ДЗО/Применить в фильтре Выручка' is clicked on

03-12-2024T03:15:11 - [MESSAGE][PASSED] - Object: 'Object Repository/Выручка по ДЗО/Применить в фильтре Выручка' is clicked on

03-12-2024T03:15:11 - [TEST_STEP][PASSED] - Script1687405711779.Test(todaysDate): null

03-12-2024T03:15:11 - [TEST_STEP][PASSED] - if (verifyTextNotPresent("нет данных", false) == true): null

03-12-2024T03:15:13 - [MESSAGE][PASSED] - Text 'нет данных' is not present on page

03-12-2024T03:15:13 - [TEST_STEP][PASSED] - if (verifyTextNotPresent("Ошибка запроса данных", false) == true): null

03-12-2024T03:15:14 - [MESSAGE][PASSED] - Text 'Ошибка запроса данных' is not present on page

03-12-2024T03:15:14 - [TEST_STEP][PASSED] - if (verifyTextNotPresent("Произошла ошибка при выполнении пользовательского кода", false) == true): null

03-12-2024T03:15:15 - [MESSAGE][PASSED] - Text 'Произошла ошибка при выполнении пользовательского кода' is not present on page

03-12-2024T03:15:15 - [TEST_STEP][PASSED] - if (verifyTextNotPresent("У виджета нет данных", false) == true): null

03-12-2024T03:15:15 - [MESSAGE][PASSED] - Text 'У виджета нет данных' is not present on page

03-12-2024T03:15:15 - [TEST_STEP][PASSED] - if (verifyTextNotPresent("У виджета нет данных", false) == true): Text 'У виджета нет данных' is not present on page

03-12-2024T03:15:16 - [MESSAGE][PASSED] - Text 'У виджета нет данных' is not present on page

03-12-2024T03:15:16 - [TEST_STEP][PASSED] - click(findTestObject("Выручка по ДЗО/Фильтр Выручка")): Object: 'Object Repository/Выручка по ДЗО/Фильтр Выручка' is clicked on

03-12-2024T03:15:16 - [MESSAGE][PASSED] - Object: 'Object Repository/Выручка по ДЗО/Фильтр Выручка' is clicked on

03-12-2024T03:15:16 - [TEST_STEP][PASSED] - click(findTestObject("Выручка по ДЗО/Снять выделение в фильтре Выручка")): Object: 'Object Repository/Выручка по ДЗО/Снять выделение в фильтре Выручка' is clicked on

03-12-2024T03:15:16 - [MESSAGE][PASSED] - Object: 'Object Repository/Выручка по ДЗО/Снять выделение в фильтре Выручка' is clicked on

03-12-2024T03:15:16 - [TEST_STEP][PASSED] - click(findTestObject("Выручка по ДЗО/По передаче в фильтре Выручка")): Object: 'Object Repository/Выручка по ДЗО/По передаче в фильтре Выручка' is clicked on

03-12-2024T03:15:17 - [MESSAGE][PASSED] - Object: 'Object Repository/Выручка по ДЗО/По передаче в фильтре Выручка' is clicked on

03-12-2024T03:15:17 - [TEST_STEP][PASSED] - click(findTestObject("Выручка по ДЗО/Применить в фильтре Выручка")): Object: 'Object Repository/Выручка по ДЗО/Применить в фильтре Выручка' is clicked on

03-12-2024T03:15:17 - [MESSAGE][PASSED] - Object: 'Object Repository/Выручка по ДЗО/Применить в фильтре Выручка' is clicked on

03-12-2024T03:15:17 - [TEST_STEP][PASSED] - Script1687405711779.Test(todaysDate): null

03-12-2024T03:15:17 - [TEST_STEP][PASSED] - if (verifyTextNotPresent("нет данных", false) == true): null

03-12-2024T03:15:19 - [MESSAGE][PASSED] - Text 'нет данных' is not present on page

03-12-2024T03:15:19 - [TEST_STEP][PASSED] - if (verifyTextNotPresent("Ошибка запроса данных", false) == true): null

03-12-2024T03:15:20 - [MESSAGE][PASSED] - Text 'Ошибка запроса данных' is not present on page

03-12-2024T03:15:20 - [TEST_STEP][PASSED] - if (verifyTextNotPresent("Произошла ошибка при выполнении пользовательского кода", false) == true): null

03-12-2024T03:15:20 - [MESSAGE][PASSED] - Text 'Произошла ошибка при выполнении пользовательского кода' is not present on page

03-12-2024T03:15:20 - [TEST_STEP][PASSED] - if (verifyTextNotPresent("У виджета нет данных", false) == true): null

03-12-2024T03:15:21 - [MESSAGE][PASSED] - Text 'У виджета нет данных' is not present on page

03-12-2024T03:15:21 - [TEST_STEP][PASSED] - if (verifyTextNotPresent("У виджета нет данных", false) == true): Text 'У виджета нет данных' is not present on page

03-12-2024T03:15:21 - [MESSAGE][PASSED] - Text 'У виджета нет данных' is not present on page

03-12-2024T03:15:21 - [TEST_STEP][PASSED] - click(findTestObject("Выручка по ДЗО/Фильтр Выручка")): Object: 'Object Repository/Выручка по ДЗО/Фильтр Выручка' is clicked on

03-12-2024T03:15:22 - [MESSAGE][PASSED] - Object: 'Object Repository/Выручка по ДЗО/Фильтр Выручка' is clicked on

03-12-2024T03:15:22 - [TEST_STEP][PASSED] - click(findTestObject("Выручка по ДЗО/Снять выделение в фильтре Выручка")): Object: 'Object Repository/Выручка по ДЗО/Снять выделение в фильтре Выручка' is clicked on

03-12-2024T03:15:22 - [MESSAGE][PASSED] - Object: 'Object Repository/Выручка по ДЗО/Снять выделение в фильтре Выручка' is clicked on

03-12-2024T03:15:22 - [TEST_STEP][PASSED] - click(findTestObject("Выручка по ДЗО/Применить в фильтре Выручка")): Object: 'Object Repository/Выручка по ДЗО/Применить в фильтре Выручка' is clicked on

03-12-2024T03:15:23 - [MESSAGE][PASSED] - Object: 'Object Repository/Выручка по ДЗО/Применить в фильтре Выручка' is clicked on

03-12-2024T03:15:23 - [TEST_STEP][PASSED] - click(findTestObject("Выручка по ДЗО/Фильтр ДЗО")): Object: 'Object Repository/Выручка по ДЗО/Фильтр ДЗО' is clicked on

03-12-2024T03:15:25 - [MESSAGE][PASSED] - Object: 'Object Repository/Выручка по ДЗО/Фильтр ДЗО' is clicked on

03-12-2024T03:15:25 - [TEST_STEP][PASSED] - click(findTestObject("Выручка по ДЗО/Снять выделение в фильтре ДЗО")): Object: 'Object Repository/Выручка по ДЗО/Снять выделение в фильтре ДЗО' is clicked on

03-12-2024T03:15:25 - [MESSAGE][PASSED] - Object: 'Object Repository/Выручка по ДЗО/Снять выделение в фильтре ДЗО' is clicked on

03-12-2024T03:15:25 - [TEST_STEP][PASSED] - scrollToElement(findTestObject("Общие объекты/Удмуртэнерго"), 30): Scroll to object 'Object Repository/Общие объекты/Удмуртэнерго' successfully

03-12-2024T03:15:25 - [MESSAGE][PASSED] - Scroll to object 'Object Repository/Общие объекты/Удмуртэнерго' successfully

03-12-2024T03:15:25 - [TEST_STEP][PASSED] - click(findTestObject("Общие объекты/Удмуртэнерго"), CONTINUE_ON_FAILURE): Object: 'Object Repository/Общие объекты/Удмуртэнерго' is clicked on

03-12-2024T03:15:26 - [MESSAGE][PASSED] - Object: 'Object Repository/Общие объекты/Удмуртэнерго' is clicked on

03-12-2024T03:15:26 - [TEST_STEP][PASSED] - Script1687405711779.Change(todaysDate): null

03-12-2024T03:15:26 - [TEST_STEP][PASSED] - scrollToElement(findTestObject("Выручка по ДЗО/Заголовок дашборда"), 30): Scroll to object 'Object Repository/Выручка по ДЗО/Заголовок дашборда' successfully

03-12-2024T03:15:26 - [MESSAGE][PASSED] - Scroll to object 'Object Repository/Выручка по ДЗО/Заголовок дашборда' successfully

03-12-2024T03:15:26 - [TEST_STEP][PASSED] - click(findTestObject("Выручка по ДЗО/Применить в фильтре ДЗО")): Object: 'Object Repository/Выручка по ДЗО/Применить в фильтре ДЗО' is clicked on

03-12-2024T03:15:27 - [MESSAGE][PASSED] - Object: 'Object Repository/Выручка по ДЗО/Применить в фильтре ДЗО' is clicked on

03-12-2024T03:15:27 - [TEST_STEP][PASSED] - Script1687405711779.Tumbler(todaysDate): null

03-12-2024T03:15:27 - [TEST_STEP][PASSED] - Script1687405711779.Test(todaysDate): null

03-12-2024T03:15:27 - [TEST_STEP][PASSED] - if (verifyTextNotPresent("нет данных", false) == true): null

03-12-2024T03:15:30 - [MESSAGE][PASSED] - Text 'нет данных' is not present on page

03-12-2024T03:15:30 - [TEST_STEP][PASSED] - if (verifyTextNotPresent("Ошибка запроса данных", false) == true): null

03-12-2024T03:15:31 - [MESSAGE][PASSED] - Text 'Ошибка запроса данных' is not present on page

03-12-2024T03:15:31 - [TEST_STEP][PASSED] - if (verifyTextNotPresent("Произошла ошибка при выполнении пользовательского кода", false) == true): null

03-12-2024T03:15:31 - [MESSAGE][PASSED] - Text 'Произошла ошибка при выполнении пользовательского кода' is not present on page

03-12-2024T03:15:31 - [TEST_STEP][PASSED] - if (verifyTextNotPresent("У виджета нет данных", false) == true): null

03-12-2024T03:15:32 - [MESSAGE][PASSED] - Text 'У виджета нет данных' is not present on page

03-12-2024T03:15:32 - [TEST_STEP][PASSED] - if (verifyTextNotPresent("У виджета нет данных", false) == true): Text 'У виджета нет данных' is not present on page

03-12-2024T03:15:32 - [MESSAGE][PASSED] - Text 'У виджета нет данных' is not present on page

03-12-2024T03:15:32 - [TEST_STEP][PASSED] - click(findTestObject("Выручка по ДЗО/Фильтр Выручка")): Object: 'Object Repository/Выручка по ДЗО/Фильтр Выручка' is clicked on

03-12-2024T03:15:32 - [MESSAGE][PASSED] - Object: 'Object Repository/Выручка по ДЗО/Фильтр Выручка' is clicked on

03-12-2024T03:15:32 - [TEST_STEP][PASSED] - click(findTestObject("Выручка по ДЗО/Внутренний оборот в фильтре Выручка")): Object: 'Object Repository/Выручка по ДЗО/Внутренний оборот в фильтре Выручка' is clicked on

03-12-2024T03:15:33 - [MESSAGE][PASSED] - Object: 'Object Repository/Выручка по ДЗО/Внутренний оборот в фильтре Выручка' is clicked on

03-12-2024T03:15:33 - [TEST_STEP][PASSED] - click(findTestObject("Выручка по ДЗО/Применить в фильтре Выручка")): Object: 'Object Repository/Выручка по ДЗО/Применить в фильтре Выручка' is clicked on

03-12-2024T03:15:34 - [MESSAGE][PASSED] - Object: 'Object Repository/Выручка по ДЗО/Применить в фильтре Выручка' is clicked on

03-12-2024T03:15:34 - [TEST_STEP][PASSED] - Script1687405711779.Test(todaysDate): null

03-12-2024T03:15:34 - [TEST_STEP][FAILED] - if (verifyTextNotPresent("нет данных", false) == true): Text 'нет данных' is present on page  (Root cause: com.kms.katalon.core.exception.StepFailedException: Text 'нет данных' is present on page 
	at com.kms.katalon.core.webui.keyword.internal.WebUIKeywordMain.stepFailed(WebUIKeywordMain.groovy:64)
	at com.kms.katalon.core.webui.keyword.builtin.VerifyTextNotPresentKeyword$_verifyTextNotPresent_closure1.doCall(VerifyTextNotPresentKeyword.groovy:77)
	at com.kms.katalon.core.webui.keyword.builtin.VerifyTextNotPresentKeyword$_verifyTextNotPresent_closure1.call(VerifyTextNotPresentKeyword.groovy)
	at com.kms.katalon.core.webui.keyword.internal.WebUIKeywordMain.runKeyword(WebUIKeywordMain.groovy:20)
	at com.kms.katalon.core.webui.keyword.builtin.VerifyTextNotPresentKeyword.verifyTextNotPresent(VerifyTextNotPresentKeyword.groovy:82)
	at com.kms.katalon.core.webui.keyword.builtin.VerifyTextNotPresentKeyword.execute(VerifyTextNotPresentKeyword.groovy:68)
	at com.kms.katalon.core.keyword.internal.KeywordExecutor.executeKeywordForPlatform(KeywordExecutor.groovy:74)
	at com.kms.katalon.core.webui.keyword.WebUiBuiltInKeywords.verifyTextNotPresent(WebUiBuiltInKeywords.groovy:1795)
	at Выручка по ДЗО отображение данных все филиалы.Test(Выручка по ДЗО отображение данных все филиалы:782)
	at Выручка по ДЗО отображение данных все филиалы.Tumbler(Выручка по ДЗО отображение данных все филиалы:738)
	at Выручка по ДЗО отображение данных все филиалы.Change(Выручка по ДЗО отображение данных все филиалы:772)
	at Выручка по ДЗО отображение данных все филиалы.DzoTest(Выручка по ДЗО отображение данных все филиалы:664)
	at Выручка по ДЗО отображение данных все филиалы.run(Выручка по ДЗО отображение данных все филиалы:134)
	at com.kms.katalon.core.main.ScriptEngine.run(ScriptEngine.java:194)
	at com.kms.katalon.core.main.ScriptEngine.runScriptAsRawText(ScriptEngine.java:119)
	at com.kms.katalon.core.main.TestCaseExecutor.runScript(TestCaseExecutor.java:448)
	at com.kms.katalon.core.main.TestCaseExecutor.doExecute(TestCaseExecutor.java:439)
	at com.kms.katalon.core.main.TestCaseExecutor.processExecutionPhase(TestCaseExecutor.java:418)
	at com.kms.katalon.core.main.TestCaseExecutor.accessMainPhase(TestCaseExecutor.java:410)
	at com.kms.katalon.core.main.TestCaseExecutor.execute(TestCaseExecutor.java:285)
	at com.kms.katalon.core.common.CommonExecutor.accessTestCaseMainPhase(CommonExecutor.java:65)
	at com.kms.katalon.core.main.TestSuiteExecutor.accessTestSuiteMainPhase(TestSuiteExecutor.java:150)
	at com.kms.katalon.core.main.TestSuiteExecutor.execute(TestSuiteExecutor.java:106)
	at com.kms.katalon.core.main.TestCaseMain.startTestSuite(TestCaseMain.java:180)
	at TempTestSuite1733182698305.run(TempTestSuite1733182698305.groovy:35)
	at java.base/jdk.internal.reflect.NativeMethodAccessorImpl.invoke0(Native Method)
	at java.base/jdk.internal.reflect.NativeMethodAccessorImpl.invoke(NativeMethodAccessorImpl.java:77)
	at java.base/jdk.internal.reflect.DelegatingMethodAccessorImpl.invoke(DelegatingMethodAccessorImpl.java:43)
)

03-12-2024T03:15:36 - [MESSAGE][FAILED] - Text 'нет данных' is present on page  (Root cause: com.kms.katalon.core.exception.StepFailedException: Text 'нет данных' is present on page 
	at com.kms.katalon.core.webui.keyword.internal.WebUIKeywordMain.stepFailed(WebUIKeywordMain.groovy:64)
	at com.kms.katalon.core.webui.keyword.builtin.VerifyTextNotPresentKeyword$_verifyTextNotPresent_closure1.doCall(VerifyTextNotPresentKeyword.groovy:77)
	at com.kms.katalon.core.webui.keyword.builtin.VerifyTextNotPresentKeyword$_verifyTextNotPresent_closure1.call(VerifyTextNotPresentKeyword.groovy)
	at com.kms.katalon.core.webui.keyword.internal.WebUIKeywordMain.runKeyword(WebUIKeywordMain.groovy:20)
	at com.kms.katalon.core.webui.keyword.builtin.VerifyTextNotPresentKeyword.verifyTextNotPresent(VerifyTextNotPresentKeyword.groovy:82)
	at com.kms.katalon.core.webui.keyword.builtin.VerifyTextNotPresentKeyword.execute(VerifyTextNotPresentKeyword.groovy:68)
	at com.kms.katalon.core.keyword.internal.KeywordExecutor.executeKeywordForPlatform(KeywordExecutor.groovy:74)
	at com.kms.katalon.core.webui.keyword.WebUiBuiltInKeywords.verifyTextNotPresent(WebUiBuiltInKeywords.groovy:1795)
	at Выручка по ДЗО отображение данных все филиалы.Test(Выручка по ДЗО отображение данных все филиалы:782)
	at Выручка по ДЗО отображение данных все филиалы.Tumbler(Выручка по ДЗО отображение данных все филиалы:738)
	at Выручка по ДЗО отображение данных все филиалы.Change(Выручка по ДЗО отображение данных все филиалы:772)
	at Выручка по ДЗО отображение данных все филиалы.DzoTest(Выручка по ДЗО отображение данных все филиалы:664)
	at Выручка по ДЗО отображение данных все филиалы.run(Выручка по ДЗО отображение данных все филиалы:134)
	at com.kms.katalon.core.main.ScriptEngine.run(ScriptEngine.java:194)
	at com.kms.katalon.core.main.ScriptEngine.runScriptAsRawText(ScriptEngine.java:119)
	at com.kms.katalon.core.main.TestCaseExecutor.runScript(TestCaseExecutor.java:448)
	at com.kms.katalon.core.main.TestCaseExecutor.doExecute(TestCaseExecutor.java:439)
	at com.kms.katalon.core.main.TestCaseExecutor.processExecutionPhase(TestCaseExecutor.java:418)
	at com.kms.katalon.core.main.TestCaseExecutor.accessMainPhase(TestCaseExecutor.java:410)
	at com.kms.katalon.core.main.TestCaseExecutor.execute(TestCaseExecutor.java:285)
	at com.kms.katalon.core.common.CommonExecutor.accessTestCaseMainPhase(CommonExecutor.java:65)
	at com.kms.katalon.core.main.TestSuiteExecutor.accessTestSuiteMainPhase(TestSuiteExecutor.java:150)
	at com.kms.katalon.core.main.TestSuiteExecutor.execute(TestSuiteExecutor.java:106)
	at com.kms.katalon.core.main.TestCaseMain.startTestSuite(TestCaseMain.java:180)
	at TempTestSuite1733182698305.run(TempTestSuite1733182698305.groovy:35)
	at java.base/jdk.internal.reflect.NativeMethodAccessorImpl.invoke0(Native Method)
	at java.base/jdk.internal.reflect.NativeMethodAccessorImpl.invoke(NativeMethodAccessorImpl.java:77)
	at java.base/jdk.internal.reflect.DelegatingMethodAccessorImpl.invoke(DelegatingMethodAccessorImpl.java:43)
)

03-12-2024T03:15:36 - [TEST_STEP][PASSED] - else: null

03-12-2024T03:15:36 - [TEST_STEP][PASSED] - Script1687405711779.WriteToExcel(todaysDate): null

03-12-2024T03:15:36 - [TEST_STEP][PASSED] - sheetName = "Sheet1": null

03-12-2024T03:15:36 - [TEST_STEP][PASSED] - data = findTestData("PlanFact"): null

03-12-2024T03:15:37 - [TEST_STEP][PASSED] - n = data.getRowNumbers() + 1: null

03-12-2024T03:15:37 - [TEST_STEP][PASSED] - dZO = getText(findTestObject("Выручка по ДЗО/Фильтр ДЗО")): Text of object 'Object Repository/Выручка по ДЗО/Фильтр ДЗО' is: 'ПАО Россети - РаспредКомплекс - Россети Центр и Приволжье (ГК) - Удмуртэнерго'

03-12-2024T03:15:37 - [MESSAGE][PASSED] - Text of object 'Object Repository/Выручка по ДЗО/Фильтр ДЗО' is: 'ПАО Россети - РаспредКомплекс - Россети Центр и Приволжье (ГК) - Удмуртэнерго'

03-12-2024T03:15:37 - [TEST_STEP][PASSED] - period = getText(findTestObject("Выручка по ДЗО/Фильтр Дата")): Text of object 'Object Repository/Выручка по ДЗО/Фильтр Дата' is: '1, 2, 3 кв., Октябрь 2024 года'

03-12-2024T03:15:37 - [MESSAGE][PASSED] - Text of object 'Object Repository/Выручка по ДЗО/Фильтр Дата' is: '1, 2, 3 кв., Октябрь 2024 года'

03-12-2024T03:15:37 - [TEST_STEP][PASSED] - viruchka = getText(findTestObject("Выручка по ДЗО/Фильтр Выручка")): Text of object 'Object Repository/Выручка по ДЗО/Фильтр Выручка' is: 'внутренний оборот'

03-12-2024T03:15:37 - [MESSAGE][PASSED] - Text of object 'Object Repository/Выручка по ДЗО/Фильтр Выручка' is: 'внутренний оборот'

03-12-2024T03:15:37 - [TEST_STEP][PASSED] - if (viruchka == "Выбрано: 2"): null

03-12-2024T03:15:37 - [TEST_STEP][PASSED] - if (viruchka == "Все"): null

03-12-2024T03:15:37 - [TEST_STEP][PASSED] - println(period): null

03-12-2024T03:15:37 - [TEST_STEP][PASSED] - dashboardName = "Выручка по ДЗО": null

03-12-2024T03:15:37 - [TEST_STEP][PASSED] - workbook01 = getWorkbook(excelFilePath): null

03-12-2024T03:15:37 - [TEST_STEP][PASSED] - sheet01 = getExcelSheet(workbook01, sheetName): null

03-12-2024T03:15:37 - [TEST_STEP][PASSED] - setValueToCellByIndex(sheet01, n, 0, dashboardName): null

03-12-2024T03:15:37 - [TEST_STEP][PASSED] - setValueToCellByIndex(sheet01, n, 1, dZO): null

03-12-2024T03:15:37 - [TEST_STEP][PASSED] - setValueToCellByIndex(sheet01, n, 2, period): null

03-12-2024T03:15:37 - [TEST_STEP][PASSED] - setValueToCellByIndex(sheet01, n, 3, viruchka): null

03-12-2024T03:15:37 - [TEST_STEP][PASSED] - setValueToCellByIndex(sheet01, n, 4, todaysDate): null

03-12-2024T03:15:37 - [TEST_STEP][PASSED] - n = n + 1: null

03-12-2024T03:15:37 - [TEST_STEP][PASSED] - saveWorkbook(excelFilePath, workbook01): null

03-12-2024T03:15:38 - [TEST_STEP][PASSED] - click(findTestObject("Выручка по ДЗО/Фильтр Выручка")): Object: 'Object Repository/Выручка по ДЗО/Фильтр Выручка' is clicked on

03-12-2024T03:15:38 - [MESSAGE][PASSED] - Object: 'Object Repository/Выручка по ДЗО/Фильтр Выручка' is clicked on

03-12-2024T03:15:38 - [TEST_STEP][PASSED] - click(findTestObject("Выручка по ДЗО/По передаче в фильтре Выручка")): Object: 'Object Repository/Выручка по ДЗО/По передаче в фильтре Выручка' is clicked on

03-12-2024T03:15:38 - [MESSAGE][PASSED] - Object: 'Object Repository/Выручка по ДЗО/По передаче в фильтре Выручка' is clicked on

03-12-2024T03:15:38 - [TEST_STEP][PASSED] - click(findTestObject("Выручка по ДЗО/Применить в фильтре Выручка")): Object: 'Object Repository/Выручка по ДЗО/Применить в фильтре Выручка' is clicked on

03-12-2024T03:15:39 - [MESSAGE][PASSED] - Object: 'Object Repository/Выручка по ДЗО/Применить в фильтре Выручка' is clicked on

03-12-2024T03:15:39 - [TEST_STEP][PASSED] - Script1687405711779.Test(todaysDate): null

03-12-2024T03:15:39 - [TEST_STEP][PASSED] - if (verifyTextNotPresent("нет данных", false) == true): null

03-12-2024T03:15:42 - [MESSAGE][PASSED] - Text 'нет данных' is not present on page

03-12-2024T03:15:42 - [TEST_STEP][PASSED] - if (verifyTextNotPresent("Ошибка запроса данных", false) == true): null

03-12-2024T03:15:42 - [MESSAGE][PASSED] - Text 'Ошибка запроса данных' is not present on page

03-12-2024T03:15:42 - [TEST_STEP][PASSED] - if (verifyTextNotPresent("Произошла ошибка при выполнении пользовательского кода", false) == true): null

03-12-2024T03:15:43 - [MESSAGE][PASSED] - Text 'Произошла ошибка при выполнении пользовательского кода' is not present on page

03-12-2024T03:15:43 - [TEST_STEP][PASSED] - if (verifyTextNotPresent("У виджета нет данных", false) == true): null

03-12-2024T03:15:43 - [MESSAGE][PASSED] - Text 'У виджета нет данных' is not present on page

03-12-2024T03:15:43 - [TEST_STEP][PASSED] - if (verifyTextNotPresent("У виджета нет данных", false) == true): Text 'У виджета нет данных' is not present on page

03-12-2024T03:15:44 - [MESSAGE][PASSED] - Text 'У виджета нет данных' is not present on page

03-12-2024T03:15:44 - [TEST_STEP][PASSED] - click(findTestObject("Выручка по ДЗО/Фильтр Выручка")): Object: 'Object Repository/Выручка по ДЗО/Фильтр Выручка' is clicked on

03-12-2024T03:15:44 - [MESSAGE][PASSED] - Object: 'Object Repository/Выручка по ДЗО/Фильтр Выручка' is clicked on

03-12-2024T03:15:44 - [TEST_STEP][PASSED] - click(findTestObject("Выручка по ДЗО/Снять выделение в фильтре Выручка")): Object: 'Object Repository/Выручка по ДЗО/Снять выделение в фильтре Выручка' is clicked on

03-12-2024T03:15:45 - [MESSAGE][PASSED] - Object: 'Object Repository/Выручка по ДЗО/Снять выделение в фильтре Выручка' is clicked on

03-12-2024T03:15:45 - [TEST_STEP][PASSED] - click(findTestObject("Выручка по ДЗО/По передаче в фильтре Выручка")): Object: 'Object Repository/Выручка по ДЗО/По передаче в фильтре Выручка' is clicked on

03-12-2024T03:15:45 - [MESSAGE][PASSED] - Object: 'Object Repository/Выручка по ДЗО/По передаче в фильтре Выручка' is clicked on

03-12-2024T03:15:45 - [TEST_STEP][PASSED] - click(findTestObject("Выручка по ДЗО/Применить в фильтре Выручка")): Object: 'Object Repository/Выручка по ДЗО/Применить в фильтре Выручка' is clicked on

03-12-2024T03:15:46 - [MESSAGE][PASSED] - Object: 'Object Repository/Выручка по ДЗО/Применить в фильтре Выручка' is clicked on

03-12-2024T03:15:46 - [TEST_STEP][PASSED] - Script1687405711779.Test(todaysDate): null

03-12-2024T03:15:46 - [TEST_STEP][PASSED] - if (verifyTextNotPresent("нет данных", false) == true): null

03-12-2024T03:15:48 - [MESSAGE][PASSED] - Text 'нет данных' is not present on page

03-12-2024T03:15:48 - [TEST_STEP][PASSED] - if (verifyTextNotPresent("Ошибка запроса данных", false) == true): null

03-12-2024T03:15:48 - [MESSAGE][PASSED] - Text 'Ошибка запроса данных' is not present on page

03-12-2024T03:15:48 - [TEST_STEP][PASSED] - if (verifyTextNotPresent("Произошла ошибка при выполнении пользовательского кода", false) == true): null

03-12-2024T03:15:49 - [MESSAGE][PASSED] - Text 'Произошла ошибка при выполнении пользовательского кода' is not present on page

03-12-2024T03:15:49 - [TEST_STEP][PASSED] - if (verifyTextNotPresent("У виджета нет данных", false) == true): null

03-12-2024T03:15:49 - [MESSAGE][PASSED] - Text 'У виджета нет данных' is not present on page

03-12-2024T03:15:49 - [TEST_STEP][PASSED] - if (verifyTextNotPresent("У виджета нет данных", false) == true): Text 'У виджета нет данных' is not present on page

03-12-2024T03:15:50 - [MESSAGE][PASSED] - Text 'У виджета нет данных' is not present on page

03-12-2024T03:15:50 - [TEST_STEP][PASSED] - click(findTestObject("Выручка по ДЗО/Фильтр Выручка")): Object: 'Object Repository/Выручка по ДЗО/Фильтр Выручка' is clicked on

03-12-2024T03:15:50 - [MESSAGE][PASSED] - Object: 'Object Repository/Выручка по ДЗО/Фильтр Выручка' is clicked on

03-12-2024T03:15:50 - [TEST_STEP][PASSED] - click(findTestObject("Выручка по ДЗО/Снять выделение в фильтре Выручка")): Object: 'Object Repository/Выручка по ДЗО/Снять выделение в фильтре Выручка' is clicked on

03-12-2024T03:15:51 - [MESSAGE][PASSED] - Object: 'Object Repository/Выручка по ДЗО/Снять выделение в фильтре Выручка' is clicked on

03-12-2024T03:15:51 - [TEST_STEP][PASSED] - click(findTestObject("Выручка по ДЗО/Применить в фильтре Выручка")): Object: 'Object Repository/Выручка по ДЗО/Применить в фильтре Выручка' is clicked on

03-12-2024T03:15:51 - [MESSAGE][PASSED] - Object: 'Object Repository/Выручка по ДЗО/Применить в фильтре Выручка' is clicked on

03-12-2024T03:15:51 - [TEST_STEP][PASSED] - click(findTestObject("Выручка по ДЗО/Фильтр ДЗО")): Object: 'Object Repository/Выручка по ДЗО/Фильтр ДЗО' is clicked on

03-12-2024T03:15:53 - [MESSAGE][PASSED] - Object: 'Object Repository/Выручка по ДЗО/Фильтр ДЗО' is clicked on

03-12-2024T03:15:53 - [TEST_STEP][PASSED] - click(findTestObject("Выручка по ДЗО/Снять выделение в фильтре ДЗО")): Object: 'Object Repository/Выручка по ДЗО/Снять выделение в фильтре ДЗО' is clicked on

03-12-2024T03:15:54 - [MESSAGE][PASSED] - Object: 'Object Repository/Выручка по ДЗО/Снять выделение в фильтре ДЗО' is clicked on

03-12-2024T03:15:54 - [TEST_STEP][PASSED] - scrollToElement(findTestObject("Выручка по ДЗО/Россети Юг Выручка по ДЗО"), 30): Scroll to object 'Object Repository/Выручка по ДЗО/Россети Юг Выручка по ДЗО' successfully

03-12-2024T03:15:54 - [MESSAGE][PASSED] - Scroll to object 'Object Repository/Выручка по ДЗО/Россети Юг Выручка по ДЗО' successfully

03-12-2024T03:15:54 - [TEST_STEP][PASSED] - click(findTestObject("Выручка по ДЗО/Россети Юг Выручка по ДЗО")): Object: 'Object Repository/Выручка по ДЗО/Россети Юг Выручка по ДЗО' is clicked on

03-12-2024T03:15:54 - [MESSAGE][PASSED] - Object: 'Object Repository/Выручка по ДЗО/Россети Юг Выручка по ДЗО' is clicked on

03-12-2024T03:15:54 - [TEST_STEP][PASSED] - Script1687405711779.Change(todaysDate): null

03-12-2024T03:15:54 - [TEST_STEP][PASSED] - scrollToElement(findTestObject("Выручка по ДЗО/Заголовок дашборда"), 30): Scroll to object 'Object Repository/Выручка по ДЗО/Заголовок дашборда' successfully

03-12-2024T03:15:55 - [MESSAGE][PASSED] - Scroll to object 'Object Repository/Выручка по ДЗО/Заголовок дашборда' successfully

03-12-2024T03:15:55 - [TEST_STEP][PASSED] - click(findTestObject("Выручка по ДЗО/Применить в фильтре ДЗО")): Object: 'Object Repository/Выручка по ДЗО/Применить в фильтре ДЗО' is clicked on

03-12-2024T03:15:55 - [MESSAGE][PASSED] - Object: 'Object Repository/Выручка по ДЗО/Применить в фильтре ДЗО' is clicked on

03-12-2024T03:15:55 - [TEST_STEP][PASSED] - Script1687405711779.Tumbler(todaysDate): null

03-12-2024T03:15:55 - [TEST_STEP][PASSED] - Script1687405711779.Test(todaysDate): null

03-12-2024T03:15:55 - [TEST_STEP][PASSED] - if (verifyTextNotPresent("нет данных", false) == true): null

03-12-2024T03:15:58 - [MESSAGE][PASSED] - Text 'нет данных' is not present on page

03-12-2024T03:15:58 - [TEST_STEP][PASSED] - if (verifyTextNotPresent("Ошибка запроса данных", false) == true): null

03-12-2024T03:15:59 - [MESSAGE][PASSED] - Text 'Ошибка запроса данных' is not present on page

03-12-2024T03:15:59 - [TEST_STEP][PASSED] - if (verifyTextNotPresent("Произошла ошибка при выполнении пользовательского кода", false) == true): null

03-12-2024T03:15:59 - [MESSAGE][PASSED] - Text 'Произошла ошибка при выполнении пользовательского кода' is not present on page

03-12-2024T03:15:59 - [TEST_STEP][PASSED] - if (verifyTextNotPresent("У виджета нет данных", false) == true): null

03-12-2024T03:16:00 - [MESSAGE][PASSED] - Text 'У виджета нет данных' is not present on page

03-12-2024T03:16:00 - [TEST_STEP][PASSED] - if (verifyTextNotPresent("У виджета нет данных", false) == true): Text 'У виджета нет данных' is not present on page

03-12-2024T03:16:00 - [MESSAGE][PASSED] - Text 'У виджета нет данных' is not present on page

03-12-2024T03:16:00 - [TEST_STEP][PASSED] - click(findTestObject("Выручка по ДЗО/Фильтр Выручка")): Object: 'Object Repository/Выручка по ДЗО/Фильтр Выручка' is clicked on

03-12-2024T03:16:01 - [MESSAGE][PASSED] - Object: 'Object Repository/Выручка по ДЗО/Фильтр Выручка' is clicked on

03-12-2024T03:16:01 - [TEST_STEP][PASSED] - click(findTestObject("Выручка по ДЗО/Внутренний оборот в фильтре Выручка")): Object: 'Object Repository/Выручка по ДЗО/Внутренний оборот в фильтре Выручка' is clicked on

03-12-2024T03:16:01 - [MESSAGE][PASSED] - Object: 'Object Repository/Выручка по ДЗО/Внутренний оборот в фильтре Выручка' is clicked on

03-12-2024T03:16:01 - [TEST_STEP][PASSED] - click(findTestObject("Выручка по ДЗО/Применить в фильтре Выручка")): Object: 'Object Repository/Выручка по ДЗО/Применить в фильтре Выручка' is clicked on

03-12-2024T03:16:02 - [MESSAGE][PASSED] - Object: 'Object Repository/Выручка по ДЗО/Применить в фильтре Выручка' is clicked on

03-12-2024T03:16:02 - [TEST_STEP][PASSED] - Script1687405711779.Test(todaysDate): null

03-12-2024T03:16:02 - [TEST_STEP][PASSED] - if (verifyTextNotPresent("нет данных", false) == true): null

03-12-2024T03:16:04 - [MESSAGE][PASSED] - Text 'нет данных' is not present on page

03-12-2024T03:16:04 - [TEST_STEP][PASSED] - if (verifyTextNotPresent("Ошибка запроса данных", false) == true): null

03-12-2024T03:16:04 - [MESSAGE][PASSED] - Text 'Ошибка запроса данных' is not present on page

03-12-2024T03:16:04 - [TEST_STEP][PASSED] - if (verifyTextNotPresent("Произошла ошибка при выполнении пользовательского кода", false) == true): null

03-12-2024T03:16:05 - [MESSAGE][PASSED] - Text 'Произошла ошибка при выполнении пользовательского кода' is not present on page

03-12-2024T03:16:05 - [TEST_STEP][PASSED] - if (verifyTextNotPresent("У виджета нет данных", false) == true): null

03-12-2024T03:16:05 - [MESSAGE][PASSED] - Text 'У виджета нет данных' is not present on page

03-12-2024T03:16:05 - [TEST_STEP][PASSED] - if (verifyTextNotPresent("У виджета нет данных", false) == true): Text 'У виджета нет данных' is not present on page

03-12-2024T03:16:06 - [MESSAGE][PASSED] - Text 'У виджета нет данных' is not present on page

03-12-2024T03:16:06 - [TEST_STEP][PASSED] - click(findTestObject("Выручка по ДЗО/Фильтр Выручка")): Object: 'Object Repository/Выручка по ДЗО/Фильтр Выручка' is clicked on

03-12-2024T03:16:06 - [MESSAGE][PASSED] - Object: 'Object Repository/Выручка по ДЗО/Фильтр Выручка' is clicked on

03-12-2024T03:16:06 - [TEST_STEP][PASSED] - click(findTestObject("Выручка по ДЗО/По передаче в фильтре Выручка")): Object: 'Object Repository/Выручка по ДЗО/По передаче в фильтре Выручка' is clicked on

03-12-2024T03:16:06 - [MESSAGE][PASSED] - Object: 'Object Repository/Выручка по ДЗО/По передаче в фильтре Выручка' is clicked on

03-12-2024T03:16:06 - [TEST_STEP][PASSED] - click(findTestObject("Выручка по ДЗО/Применить в фильтре Выручка")): Object: 'Object Repository/Выручка по ДЗО/Применить в фильтре Выручка' is clicked on

03-12-2024T03:16:07 - [MESSAGE][PASSED] - Object: 'Object Repository/Выручка по ДЗО/Применить в фильтре Выручка' is clicked on

03-12-2024T03:16:07 - [TEST_STEP][PASSED] - Script1687405711779.Test(todaysDate): null

03-12-2024T03:16:07 - [TEST_STEP][PASSED] - if (verifyTextNotPresent("нет данных", false) == true): null

03-12-2024T03:16:09 - [MESSAGE][PASSED] - Text 'нет данных' is not present on page

03-12-2024T03:16:09 - [TEST_STEP][PASSED] - if (verifyTextNotPresent("Ошибка запроса данных", false) == true): null

03-12-2024T03:16:10 - [MESSAGE][PASSED] - Text 'Ошибка запроса данных' is not present on page

03-12-2024T03:16:10 - [TEST_STEP][PASSED] - if (verifyTextNotPresent("Произошла ошибка при выполнении пользовательского кода", false) == true): null

03-12-2024T03:16:10 - [MESSAGE][PASSED] - Text 'Произошла ошибка при выполнении пользовательского кода' is not present on page

03-12-2024T03:16:10 - [TEST_STEP][PASSED] - if (verifyTextNotPresent("У виджета нет данных", false) == true): null

03-12-2024T03:16:11 - [MESSAGE][PASSED] - Text 'У виджета нет данных' is not present on page

03-12-2024T03:16:11 - [TEST_STEP][PASSED] - if (verifyTextNotPresent("У виджета нет данных", false) == true): Text 'У виджета нет данных' is not present on page

03-12-2024T03:16:11 - [MESSAGE][PASSED] - Text 'У виджета нет данных' is not present on page

03-12-2024T03:16:11 - [TEST_STEP][PASSED] - click(findTestObject("Выручка по ДЗО/Фильтр Выручка")): Object: 'Object Repository/Выручка по ДЗО/Фильтр Выручка' is clicked on

03-12-2024T03:16:11 - [MESSAGE][PASSED] - Object: 'Object Repository/Выручка по ДЗО/Фильтр Выручка' is clicked on

03-12-2024T03:16:11 - [TEST_STEP][PASSED] - click(findTestObject("Выручка по ДЗО/Снять выделение в фильтре Выручка")): Object: 'Object Repository/Выручка по ДЗО/Снять выделение в фильтре Выручка' is clicked on

03-12-2024T03:16:12 - [MESSAGE][PASSED] - Object: 'Object Repository/Выручка по ДЗО/Снять выделение в фильтре Выручка' is clicked on

03-12-2024T03:16:12 - [TEST_STEP][PASSED] - click(findTestObject("Выручка по ДЗО/По передаче в фильтре Выручка")): Object: 'Object Repository/Выручка по ДЗО/По передаче в фильтре Выручка' is clicked on

03-12-2024T03:16:12 - [MESSAGE][PASSED] - Object: 'Object Repository/Выручка по ДЗО/По передаче в фильтре Выручка' is clicked on

03-12-2024T03:16:12 - [TEST_STEP][PASSED] - click(findTestObject("Выручка по ДЗО/Применить в фильтре Выручка")): Object: 'Object Repository/Выручка по ДЗО/Применить в фильтре Выручка' is clicked on

03-12-2024T03:16:13 - [MESSAGE][PASSED] - Object: 'Object Repository/Выручка по ДЗО/Применить в фильтре Выручка' is clicked on

03-12-2024T03:16:13 - [TEST_STEP][PASSED] - Script1687405711779.Test(todaysDate): null

03-12-2024T03:16:13 - [TEST_STEP][PASSED] - if (verifyTextNotPresent("нет данных", false) == true): null

03-12-2024T03:16:15 - [MESSAGE][PASSED] - Text 'нет данных' is not present on page

03-12-2024T03:16:15 - [TEST_STEP][PASSED] - if (verifyTextNotPresent("Ошибка запроса данных", false) == true): null

03-12-2024T03:16:15 - [MESSAGE][PASSED] - Text 'Ошибка запроса данных' is not present on page

03-12-2024T03:16:15 - [TEST_STEP][PASSED] - if (verifyTextNotPresent("Произошла ошибка при выполнении пользовательского кода", false) == true): null

03-12-2024T03:16:16 - [MESSAGE][PASSED] - Text 'Произошла ошибка при выполнении пользовательского кода' is not present on page

03-12-2024T03:16:16 - [TEST_STEP][PASSED] - if (verifyTextNotPresent("У виджета нет данных", false) == true): null

03-12-2024T03:16:16 - [MESSAGE][PASSED] - Text 'У виджета нет данных' is not present on page

03-12-2024T03:16:16 - [TEST_STEP][PASSED] - if (verifyTextNotPresent("У виджета нет данных", false) == true): Text 'У виджета нет данных' is not present on page

03-12-2024T03:16:17 - [MESSAGE][PASSED] - Text 'У виджета нет данных' is not present on page

03-12-2024T03:16:17 - [TEST_STEP][PASSED] - click(findTestObject("Выручка по ДЗО/Фильтр Выручка")): Object: 'Object Repository/Выручка по ДЗО/Фильтр Выручка' is clicked on

03-12-2024T03:16:17 - [MESSAGE][PASSED] - Object: 'Object Repository/Выручка по ДЗО/Фильтр Выручка' is clicked on

03-12-2024T03:16:17 - [TEST_STEP][PASSED] - click(findTestObject("Выручка по ДЗО/Снять выделение в фильтре Выручка")): Object: 'Object Repository/Выручка по ДЗО/Снять выделение в фильтре Выручка' is clicked on

03-12-2024T03:16:17 - [MESSAGE][PASSED] - Object: 'Object Repository/Выручка по ДЗО/Снять выделение в фильтре Выручка' is clicked on

03-12-2024T03:16:17 - [TEST_STEP][PASSED] - click(findTestObject("Выручка по ДЗО/Применить в фильтре Выручка")): Object: 'Object Repository/Выручка по ДЗО/Применить в фильтре Выручка' is clicked on

03-12-2024T03:16:18 - [MESSAGE][PASSED] - Object: 'Object Repository/Выручка по ДЗО/Применить в фильтре Выручка' is clicked on

03-12-2024T03:16:18 - [TEST_STEP][PASSED] - click(findTestObject("Выручка по ДЗО/Фильтр ДЗО")): Object: 'Object Repository/Выручка по ДЗО/Фильтр ДЗО' is clicked on

03-12-2024T03:16:19 - [MESSAGE][PASSED] - Object: 'Object Repository/Выручка по ДЗО/Фильтр ДЗО' is clicked on

03-12-2024T03:16:19 - [TEST_STEP][PASSED] - click(findTestObject("Выручка по ДЗО/Снять выделение в фильтре ДЗО")): Object: 'Object Repository/Выручка по ДЗО/Снять выделение в фильтре ДЗО' is clicked on

03-12-2024T03:16:20 - [MESSAGE][PASSED] - Object: 'Object Repository/Выручка по ДЗО/Снять выделение в фильтре ДЗО' is clicked on

03-12-2024T03:16:20 - [TEST_STEP][PASSED] - scrollToElement(findTestObject("Общие объекты/Раскрыть список Россети Юг"), 30): Scroll to object 'Object Repository/Общие объекты/Раскрыть список Россети Юг' successfully

03-12-2024T03:16:20 - [MESSAGE][PASSED] - Scroll to object 'Object Repository/Общие объекты/Раскрыть список Россети Юг' successfully

03-12-2024T03:16:20 - [TEST_STEP][PASSED] - click(findTestObject("Общие объекты/Раскрыть список Россети Юг"), CONTINUE_ON_FAILURE): Object: 'Object Repository/Общие объекты/Раскрыть список Россети Юг' is clicked on

03-12-2024T03:16:21 - [MESSAGE][PASSED] - Object: 'Object Repository/Общие объекты/Раскрыть список Россети Юг' is clicked on

03-12-2024T03:16:21 - [TEST_STEP][PASSED] - scrollToElement(findTestObject("Общие объекты/ВМЭС"), 30): Scroll to object 'Object Repository/Общие объекты/ВМЭС' successfully

03-12-2024T03:16:21 - [MESSAGE][PASSED] - Scroll to object 'Object Repository/Общие объекты/ВМЭС' successfully

03-12-2024T03:16:21 - [TEST_STEP][PASSED] - click(findTestObject("Общие объекты/ВМЭС"), CONTINUE_ON_FAILURE): Object: 'Object Repository/Общие объекты/ВМЭС' is clicked on

03-12-2024T03:16:21 - [MESSAGE][PASSED] - Object: 'Object Repository/Общие объекты/ВМЭС' is clicked on

03-12-2024T03:16:21 - [TEST_STEP][PASSED] - Script1687405711779.Change(todaysDate): null

03-12-2024T03:16:21 - [TEST_STEP][PASSED] - scrollToElement(findTestObject("Выручка по ДЗО/Заголовок дашборда"), 30): Scroll to object 'Object Repository/Выручка по ДЗО/Заголовок дашборда' successfully

03-12-2024T03:16:22 - [MESSAGE][PASSED] - Scroll to object 'Object Repository/Выручка по ДЗО/Заголовок дашборда' successfully

03-12-2024T03:16:22 - [TEST_STEP][PASSED] - click(findTestObject("Выручка по ДЗО/Применить в фильтре ДЗО")): Object: 'Object Repository/Выручка по ДЗО/Применить в фильтре ДЗО' is clicked on

03-12-2024T03:16:22 - [MESSAGE][PASSED] - Object: 'Object Repository/Выручка по ДЗО/Применить в фильтре ДЗО' is clicked on

03-12-2024T03:16:22 - [TEST_STEP][PASSED] - Script1687405711779.Tumbler(todaysDate): null

03-12-2024T03:16:22 - [TEST_STEP][PASSED] - Script1687405711779.Test(todaysDate): null

03-12-2024T03:16:22 - [TEST_STEP][PASSED] - if (verifyTextNotPresent("нет данных", false) == true): null

03-12-2024T03:16:25 - [MESSAGE][PASSED] - Text 'нет данных' is not present on page

03-12-2024T03:16:25 - [TEST_STEP][PASSED] - if (verifyTextNotPresent("Ошибка запроса данных", false) == true): null

03-12-2024T03:16:25 - [MESSAGE][PASSED] - Text 'Ошибка запроса данных' is not present on page

03-12-2024T03:16:25 - [TEST_STEP][PASSED] - if (verifyTextNotPresent("Произошла ошибка при выполнении пользовательского кода", false) == true): null

03-12-2024T03:16:26 - [MESSAGE][PASSED] - Text 'Произошла ошибка при выполнении пользовательского кода' is not present on page

03-12-2024T03:16:26 - [TEST_STEP][PASSED] - if (verifyTextNotPresent("У виджета нет данных", false) == true): null

03-12-2024T03:16:27 - [MESSAGE][PASSED] - Text 'У виджета нет данных' is not present on page

03-12-2024T03:16:27 - [TEST_STEP][PASSED] - if (verifyTextNotPresent("У виджета нет данных", false) == true): Text 'У виджета нет данных' is not present on page

03-12-2024T03:16:27 - [MESSAGE][PASSED] - Text 'У виджета нет данных' is not present on page

03-12-2024T03:16:27 - [TEST_STEP][PASSED] - click(findTestObject("Выручка по ДЗО/Фильтр Выручка")): Object: 'Object Repository/Выручка по ДЗО/Фильтр Выручка' is clicked on

03-12-2024T03:16:27 - [MESSAGE][PASSED] - Object: 'Object Repository/Выручка по ДЗО/Фильтр Выручка' is clicked on

03-12-2024T03:16:27 - [TEST_STEP][PASSED] - click(findTestObject("Выручка по ДЗО/Внутренний оборот в фильтре Выручка")): Object: 'Object Repository/Выручка по ДЗО/Внутренний оборот в фильтре Выручка' is clicked on

03-12-2024T03:16:28 - [MESSAGE][PASSED] - Object: 'Object Repository/Выручка по ДЗО/Внутренний оборот в фильтре Выручка' is clicked on

03-12-2024T03:16:28 - [TEST_STEP][PASSED] - click(findTestObject("Выручка по ДЗО/Применить в фильтре Выручка")): Object: 'Object Repository/Выручка по ДЗО/Применить в фильтре Выручка' is clicked on

03-12-2024T03:16:29 - [MESSAGE][PASSED] - Object: 'Object Repository/Выручка по ДЗО/Применить в фильтре Выручка' is clicked on

03-12-2024T03:16:29 - [TEST_STEP][PASSED] - Script1687405711779.Test(todaysDate): null

03-12-2024T03:16:29 - [TEST_STEP][FAILED] - if (verifyTextNotPresent("нет данных", false) == true): Text 'нет данных' is present on page  (Root cause: com.kms.katalon.core.exception.StepFailedException: Text 'нет данных' is present on page 
	at com.kms.katalon.core.webui.keyword.internal.WebUIKeywordMain.stepFailed(WebUIKeywordMain.groovy:64)
	at com.kms.katalon.core.webui.keyword.builtin.VerifyTextNotPresentKeyword$_verifyTextNotPresent_closure1.doCall(VerifyTextNotPresentKeyword.groovy:77)
	at com.kms.katalon.core.webui.keyword.builtin.VerifyTextNotPresentKeyword$_verifyTextNotPresent_closure1.call(VerifyTextNotPresentKeyword.groovy)
	at com.kms.katalon.core.webui.keyword.internal.WebUIKeywordMain.runKeyword(WebUIKeywordMain.groovy:20)
	at com.kms.katalon.core.webui.keyword.builtin.VerifyTextNotPresentKeyword.verifyTextNotPresent(VerifyTextNotPresentKeyword.groovy:82)
	at com.kms.katalon.core.webui.keyword.builtin.VerifyTextNotPresentKeyword.execute(VerifyTextNotPresentKeyword.groovy:68)
	at com.kms.katalon.core.keyword.internal.KeywordExecutor.executeKeywordForPlatform(KeywordExecutor.groovy:74)
	at com.kms.katalon.core.webui.keyword.WebUiBuiltInKeywords.verifyTextNotPresent(WebUiBuiltInKeywords.groovy:1795)
	at Выручка по ДЗО отображение данных все филиалы.Test(Выручка по ДЗО отображение данных все филиалы:782)
	at Выручка по ДЗО отображение данных все филиалы.Tumbler(Выручка по ДЗО отображение данных все филиалы:738)
	at Выручка по ДЗО отображение данных все филиалы.Change(Выручка по ДЗО отображение данных все филиалы:772)
	at Выручка по ДЗО отображение данных все филиалы.DzoTest(Выручка по ДЗО отображение данных все филиалы:680)
	at Выручка по ДЗО отображение данных все филиалы.run(Выручка по ДЗО отображение данных все филиалы:134)
	at com.kms.katalon.core.main.ScriptEngine.run(ScriptEngine.java:194)
	at com.kms.katalon.core.main.ScriptEngine.runScriptAsRawText(ScriptEngine.java:119)
	at com.kms.katalon.core.main.TestCaseExecutor.runScript(TestCaseExecutor.java:448)
	at com.kms.katalon.core.main.TestCaseExecutor.doExecute(TestCaseExecutor.java:439)
	at com.kms.katalon.core.main.TestCaseExecutor.processExecutionPhase(TestCaseExecutor.java:418)
	at com.kms.katalon.core.main.TestCaseExecutor.accessMainPhase(TestCaseExecutor.java:410)
	at com.kms.katalon.core.main.TestCaseExecutor.execute(TestCaseExecutor.java:285)
	at com.kms.katalon.core.common.CommonExecutor.accessTestCaseMainPhase(CommonExecutor.java:65)
	at com.kms.katalon.core.main.TestSuiteExecutor.accessTestSuiteMainPhase(TestSuiteExecutor.java:150)
	at com.kms.katalon.core.main.TestSuiteExecutor.execute(TestSuiteExecutor.java:106)
	at com.kms.katalon.core.main.TestCaseMain.startTestSuite(TestCaseMain.java:180)
	at TempTestSuite1733182698305.run(TempTestSuite1733182698305.groovy:35)
	at java.base/jdk.internal.reflect.NativeMethodAccessorImpl.invoke0(Native Method)
	at java.base/jdk.internal.reflect.NativeMethodAccessorImpl.invoke(NativeMethodAccessorImpl.java:77)
	at java.base/jdk.internal.reflect.DelegatingMethodAccessorImpl.invoke(DelegatingMethodAccessorImpl.java:43)
)

03-12-2024T03:16:30 - [MESSAGE][FAILED] - Text 'нет данных' is present on page  (Root cause: com.kms.katalon.core.exception.StepFailedException: Text 'нет данных' is present on page 
	at com.kms.katalon.core.webui.keyword.internal.WebUIKeywordMain.stepFailed(WebUIKeywordMain.groovy:64)
	at com.kms.katalon.core.webui.keyword.builtin.VerifyTextNotPresentKeyword$_verifyTextNotPresent_closure1.doCall(VerifyTextNotPresentKeyword.groovy:77)
	at com.kms.katalon.core.webui.keyword.builtin.VerifyTextNotPresentKeyword$_verifyTextNotPresent_closure1.call(VerifyTextNotPresentKeyword.groovy)
	at com.kms.katalon.core.webui.keyword.internal.WebUIKeywordMain.runKeyword(WebUIKeywordMain.groovy:20)
	at com.kms.katalon.core.webui.keyword.builtin.VerifyTextNotPresentKeyword.verifyTextNotPresent(VerifyTextNotPresentKeyword.groovy:82)
	at com.kms.katalon.core.webui.keyword.builtin.VerifyTextNotPresentKeyword.execute(VerifyTextNotPresentKeyword.groovy:68)
	at com.kms.katalon.core.keyword.internal.KeywordExecutor.executeKeywordForPlatform(KeywordExecutor.groovy:74)
	at com.kms.katalon.core.webui.keyword.WebUiBuiltInKeywords.verifyTextNotPresent(WebUiBuiltInKeywords.groovy:1795)
	at Выручка по ДЗО отображение данных все филиалы.Test(Выручка по ДЗО отображение данных все филиалы:782)
	at Выручка по ДЗО отображение данных все филиалы.Tumbler(Выручка по ДЗО отображение данных все филиалы:738)
	at Выручка по ДЗО отображение данных все филиалы.Change(Выручка по ДЗО отображение данных все филиалы:772)
	at Выручка по ДЗО отображение данных все филиалы.DzoTest(Выручка по ДЗО отображение данных все филиалы:680)
	at Выручка по ДЗО отображение данных все филиалы.run(Выручка по ДЗО отображение данных все филиалы:134)
	at com.kms.katalon.core.main.ScriptEngine.run(ScriptEngine.java:194)
	at com.kms.katalon.core.main.ScriptEngine.runScriptAsRawText(ScriptEngine.java:119)
	at com.kms.katalon.core.main.TestCaseExecutor.runScript(TestCaseExecutor.java:448)
	at com.kms.katalon.core.main.TestCaseExecutor.doExecute(TestCaseExecutor.java:439)
	at com.kms.katalon.core.main.TestCaseExecutor.processExecutionPhase(TestCaseExecutor.java:418)
	at com.kms.katalon.core.main.TestCaseExecutor.accessMainPhase(TestCaseExecutor.java:410)
	at com.kms.katalon.core.main.TestCaseExecutor.execute(TestCaseExecutor.java:285)
	at com.kms.katalon.core.common.CommonExecutor.accessTestCaseMainPhase(CommonExecutor.java:65)
	at com.kms.katalon.core.main.TestSuiteExecutor.accessTestSuiteMainPhase(TestSuiteExecutor.java:150)
	at com.kms.katalon.core.main.TestSuiteExecutor.execute(TestSuiteExecutor.java:106)
	at com.kms.katalon.core.main.TestCaseMain.startTestSuite(TestCaseMain.java:180)
	at TempTestSuite1733182698305.run(TempTestSuite1733182698305.groovy:35)
	at java.base/jdk.internal.reflect.NativeMethodAccessorImpl.invoke0(Native Method)
	at java.base/jdk.internal.reflect.NativeMethodAccessorImpl.invoke(NativeMethodAccessorImpl.java:77)
	at java.base/jdk.internal.reflect.DelegatingMethodAccessorImpl.invoke(DelegatingMethodAccessorImpl.java:43)
)

03-12-2024T03:16:30 - [TEST_STEP][PASSED] - else: null

03-12-2024T03:16:30 - [TEST_STEP][PASSED] - Script1687405711779.WriteToExcel(todaysDate): null

03-12-2024T03:16:30 - [TEST_STEP][PASSED] - sheetName = "Sheet1": null

03-12-2024T03:16:30 - [TEST_STEP][PASSED] - data = findTestData("PlanFact"): null

03-12-2024T03:16:31 - [TEST_STEP][PASSED] - n = data.getRowNumbers() + 1: null

03-12-2024T03:16:31 - [TEST_STEP][PASSED] - dZO = getText(findTestObject("Выручка по ДЗО/Фильтр ДЗО")): Text of object 'Object Repository/Выручка по ДЗО/Фильтр ДЗО' is: 'ПАО Россети - РаспредКомплекс - Россети Юг (ГК) - АО «ВМЭС»'

03-12-2024T03:16:31 - [MESSAGE][PASSED] - Text of object 'Object Repository/Выручка по ДЗО/Фильтр ДЗО' is: 'ПАО Россети - РаспредКомплекс - Россети Юг (ГК) - АО «ВМЭС»'

03-12-2024T03:16:31 - [TEST_STEP][PASSED] - period = getText(findTestObject("Выручка по ДЗО/Фильтр Дата")): Text of object 'Object Repository/Выручка по ДЗО/Фильтр Дата' is: '1, 2, 3 кв., Октябрь 2024 года'

03-12-2024T03:16:31 - [MESSAGE][PASSED] - Text of object 'Object Repository/Выручка по ДЗО/Фильтр Дата' is: '1, 2, 3 кв., Октябрь 2024 года'

03-12-2024T03:16:31 - [TEST_STEP][PASSED] - viruchka = getText(findTestObject("Выручка по ДЗО/Фильтр Выручка")): Text of object 'Object Repository/Выручка по ДЗО/Фильтр Выручка' is: 'внутренний оборот'

03-12-2024T03:16:31 - [MESSAGE][PASSED] - Text of object 'Object Repository/Выручка по ДЗО/Фильтр Выручка' is: 'внутренний оборот'

03-12-2024T03:16:31 - [TEST_STEP][PASSED] - if (viruchka == "Выбрано: 2"): null

03-12-2024T03:16:31 - [TEST_STEP][PASSED] - if (viruchka == "Все"): null

03-12-2024T03:16:31 - [TEST_STEP][PASSED] - println(period): null

03-12-2024T03:16:31 - [TEST_STEP][PASSED] - dashboardName = "Выручка по ДЗО": null

03-12-2024T03:16:31 - [TEST_STEP][PASSED] - workbook01 = getWorkbook(excelFilePath): null

03-12-2024T03:16:31 - [TEST_STEP][PASSED] - sheet01 = getExcelSheet(workbook01, sheetName): null

03-12-2024T03:16:31 - [TEST_STEP][PASSED] - setValueToCellByIndex(sheet01, n, 0, dashboardName): null

03-12-2024T03:16:31 - [TEST_STEP][PASSED] - setValueToCellByIndex(sheet01, n, 1, dZO): null

03-12-2024T03:16:31 - [TEST_STEP][PASSED] - setValueToCellByIndex(sheet01, n, 2, period): null

03-12-2024T03:16:31 - [TEST_STEP][PASSED] - setValueToCellByIndex(sheet01, n, 3, viruchka): null

03-12-2024T03:16:31 - [TEST_STEP][PASSED] - setValueToCellByIndex(sheet01, n, 4, todaysDate): null

03-12-2024T03:16:31 - [TEST_STEP][PASSED] - n = n + 1: null

03-12-2024T03:16:31 - [TEST_STEP][PASSED] - saveWorkbook(excelFilePath, workbook01): null

03-12-2024T03:16:32 - [TEST_STEP][PASSED] - click(findTestObject("Выручка по ДЗО/Фильтр Выручка")): Object: 'Object Repository/Выручка по ДЗО/Фильтр Выручка' is clicked on

03-12-2024T03:16:32 - [MESSAGE][PASSED] - Object: 'Object Repository/Выручка по ДЗО/Фильтр Выручка' is clicked on

03-12-2024T03:16:32 - [TEST_STEP][PASSED] - click(findTestObject("Выручка по ДЗО/По передаче в фильтре Выручка")): Object: 'Object Repository/Выручка по ДЗО/По передаче в фильтре Выручка' is clicked on

03-12-2024T03:16:32 - [MESSAGE][PASSED] - Object: 'Object Repository/Выручка по ДЗО/По передаче в фильтре Выручка' is clicked on

03-12-2024T03:16:32 - [TEST_STEP][PASSED] - click(findTestObject("Выручка по ДЗО/Применить в фильтре Выручка")): Object: 'Object Repository/Выручка по ДЗО/Применить в фильтре Выручка' is clicked on

03-12-2024T03:16:33 - [MESSAGE][PASSED] - Object: 'Object Repository/Выручка по ДЗО/Применить в фильтре Выручка' is clicked on

03-12-2024T03:16:33 - [TEST_STEP][PASSED] - Script1687405711779.Test(todaysDate): null

03-12-2024T03:16:33 - [TEST_STEP][PASSED] - if (verifyTextNotPresent("нет данных", false) == true): null

03-12-2024T03:16:37 - [MESSAGE][PASSED] - Text 'нет данных' is not present on page

03-12-2024T03:16:37 - [TEST_STEP][PASSED] - if (verifyTextNotPresent("Ошибка запроса данных", false) == true): null

03-12-2024T03:16:38 - [MESSAGE][PASSED] - Text 'Ошибка запроса данных' is not present on page

03-12-2024T03:16:38 - [TEST_STEP][PASSED] - if (verifyTextNotPresent("Произошла ошибка при выполнении пользовательского кода", false) == true): null

03-12-2024T03:16:39 - [MESSAGE][PASSED] - Text 'Произошла ошибка при выполнении пользовательского кода' is not present on page

03-12-2024T03:16:39 - [TEST_STEP][PASSED] - if (verifyTextNotPresent("У виджета нет данных", false) == true): null

03-12-2024T03:16:39 - [MESSAGE][PASSED] - Text 'У виджета нет данных' is not present on page

03-12-2024T03:16:39 - [TEST_STEP][PASSED] - if (verifyTextNotPresent("У виджета нет данных", false) == true): Text 'У виджета нет данных' is not present on page

03-12-2024T03:16:40 - [MESSAGE][PASSED] - Text 'У виджета нет данных' is not present on page

03-12-2024T03:16:40 - [TEST_STEP][PASSED] - click(findTestObject("Выручка по ДЗО/Фильтр Выручка")): Object: 'Object Repository/Выручка по ДЗО/Фильтр Выручка' is clicked on

03-12-2024T03:16:40 - [MESSAGE][PASSED] - Object: 'Object Repository/Выручка по ДЗО/Фильтр Выручка' is clicked on

03-12-2024T03:16:40 - [TEST_STEP][PASSED] - click(findTestObject("Выручка по ДЗО/Снять выделение в фильтре Выручка")): Object: 'Object Repository/Выручка по ДЗО/Снять выделение в фильтре Выручка' is clicked on

03-12-2024T03:16:41 - [MESSAGE][PASSED] - Object: 'Object Repository/Выручка по ДЗО/Снять выделение в фильтре Выручка' is clicked on

03-12-2024T03:16:41 - [TEST_STEP][PASSED] - click(findTestObject("Выручка по ДЗО/По передаче в фильтре Выручка")): Object: 'Object Repository/Выручка по ДЗО/По передаче в фильтре Выручка' is clicked on

03-12-2024T03:16:41 - [MESSAGE][PASSED] - Object: 'Object Repository/Выручка по ДЗО/По передаче в фильтре Выручка' is clicked on

03-12-2024T03:16:41 - [TEST_STEP][PASSED] - click(findTestObject("Выручка по ДЗО/Применить в фильтре Выручка")): Object: 'Object Repository/Выручка по ДЗО/Применить в фильтре Выручка' is clicked on

03-12-2024T03:16:42 - [MESSAGE][PASSED] - Object: 'Object Repository/Выручка по ДЗО/Применить в фильтре Выручка' is clicked on

03-12-2024T03:16:42 - [TEST_STEP][PASSED] - Script1687405711779.Test(todaysDate): null

03-12-2024T03:16:42 - [TEST_STEP][PASSED] - if (verifyTextNotPresent("нет данных", false) == true): null

03-12-2024T03:16:44 - [MESSAGE][PASSED] - Text 'нет данных' is not present on page

03-12-2024T03:16:44 - [TEST_STEP][PASSED] - if (verifyTextNotPresent("Ошибка запроса данных", false) == true): null

03-12-2024T03:16:44 - [MESSAGE][PASSED] - Text 'Ошибка запроса данных' is not present on page

03-12-2024T03:16:44 - [TEST_STEP][PASSED] - if (verifyTextNotPresent("Произошла ошибка при выполнении пользовательского кода", false) == true): null

03-12-2024T03:16:45 - [MESSAGE][PASSED] - Text 'Произошла ошибка при выполнении пользовательского кода' is not present on page

03-12-2024T03:16:45 - [TEST_STEP][PASSED] - if (verifyTextNotPresent("У виджета нет данных", false) == true): null

03-12-2024T03:16:45 - [MESSAGE][PASSED] - Text 'У виджета нет данных' is not present on page

03-12-2024T03:16:45 - [TEST_STEP][PASSED] - if (verifyTextNotPresent("У виджета нет данных", false) == true): Text 'У виджета нет данных' is not present on page

03-12-2024T03:16:46 - [MESSAGE][PASSED] - Text 'У виджета нет данных' is not present on page

03-12-2024T03:16:46 - [TEST_STEP][PASSED] - click(findTestObject("Выручка по ДЗО/Фильтр Выручка")): Object: 'Object Repository/Выручка по ДЗО/Фильтр Выручка' is clicked on

03-12-2024T03:16:46 - [MESSAGE][PASSED] - Object: 'Object Repository/Выручка по ДЗО/Фильтр Выручка' is clicked on

03-12-2024T03:16:46 - [TEST_STEP][PASSED] - click(findTestObject("Выручка по ДЗО/Снять выделение в фильтре Выручка")): Object: 'Object Repository/Выручка по ДЗО/Снять выделение в фильтре Выручка' is clicked on

03-12-2024T03:16:46 - [MESSAGE][PASSED] - Object: 'Object Repository/Выручка по ДЗО/Снять выделение в фильтре Выручка' is clicked on

03-12-2024T03:16:46 - [TEST_STEP][PASSED] - click(findTestObject("Выручка по ДЗО/Применить в фильтре Выручка")): Object: 'Object Repository/Выручка по ДЗО/Применить в фильтре Выручка' is clicked on

03-12-2024T03:16:47 - [MESSAGE][PASSED] - Object: 'Object Repository/Выручка по ДЗО/Применить в фильтре Выручка' is clicked on

03-12-2024T03:16:47 - [TEST_STEP][PASSED] - click(findTestObject("Выручка по ДЗО/Фильтр ДЗО")): Object: 'Object Repository/Выручка по ДЗО/Фильтр ДЗО' is clicked on

03-12-2024T03:16:49 - [MESSAGE][PASSED] - Object: 'Object Repository/Выручка по ДЗО/Фильтр ДЗО' is clicked on

03-12-2024T03:16:49 - [TEST_STEP][PASSED] - click(findTestObject("Выручка по ДЗО/Снять выделение в фильтре ДЗО")): Object: 'Object Repository/Выручка по ДЗО/Снять выделение в фильтре ДЗО' is clicked on

03-12-2024T03:16:49 - [MESSAGE][PASSED] - Object: 'Object Repository/Выручка по ДЗО/Снять выделение в фильтре ДЗО' is clicked on

03-12-2024T03:16:49 - [TEST_STEP][PASSED] - scrollToElement(findTestObject("Общие объекты/Астраханьэнерго"), 30): Scroll to object 'Object Repository/Общие объекты/Астраханьэнерго' successfully

03-12-2024T03:16:49 - [MESSAGE][PASSED] - Scroll to object 'Object Repository/Общие объекты/Астраханьэнерго' successfully

03-12-2024T03:16:49 - [TEST_STEP][PASSED] - click(findTestObject("Общие объекты/Астраханьэнерго"), CONTINUE_ON_FAILURE): Object: 'Object Repository/Общие объекты/Астраханьэнерго' is clicked on

03-12-2024T03:16:50 - [MESSAGE][PASSED] - Object: 'Object Repository/Общие объекты/Астраханьэнерго' is clicked on

03-12-2024T03:16:50 - [TEST_STEP][PASSED] - Script1687405711779.Change(todaysDate): null

03-12-2024T03:16:50 - [TEST_STEP][PASSED] - scrollToElement(findTestObject("Выручка по ДЗО/Заголовок дашборда"), 30): Scroll to object 'Object Repository/Выручка по ДЗО/Заголовок дашборда' successfully

03-12-2024T03:16:50 - [MESSAGE][PASSED] - Scroll to object 'Object Repository/Выручка по ДЗО/Заголовок дашборда' successfully

03-12-2024T03:16:50 - [TEST_STEP][PASSED] - click(findTestObject("Выручка по ДЗО/Применить в фильтре ДЗО")): Object: 'Object Repository/Выручка по ДЗО/Применить в фильтре ДЗО' is clicked on

03-12-2024T03:16:51 - [MESSAGE][PASSED] - Object: 'Object Repository/Выручка по ДЗО/Применить в фильтре ДЗО' is clicked on

03-12-2024T03:16:51 - [TEST_STEP][PASSED] - Script1687405711779.Tumbler(todaysDate): null

03-12-2024T03:16:51 - [TEST_STEP][PASSED] - Script1687405711779.Test(todaysDate): null

03-12-2024T03:16:51 - [TEST_STEP][PASSED] - if (verifyTextNotPresent("нет данных", false) == true): null

03-12-2024T03:16:53 - [MESSAGE][PASSED] - Text 'нет данных' is not present on page

03-12-2024T03:16:53 - [TEST_STEP][PASSED] - if (verifyTextNotPresent("Ошибка запроса данных", false) == true): null

03-12-2024T03:16:55 - [MESSAGE][PASSED] - Text 'Ошибка запроса данных' is not present on page

03-12-2024T03:16:55 - [TEST_STEP][PASSED] - if (verifyTextNotPresent("Произошла ошибка при выполнении пользовательского кода", false) == true): null

03-12-2024T03:16:56 - [MESSAGE][PASSED] - Text 'Произошла ошибка при выполнении пользовательского кода' is not present on page

03-12-2024T03:16:56 - [TEST_STEP][PASSED] - if (verifyTextNotPresent("У виджета нет данных", false) == true): null

03-12-2024T03:16:56 - [MESSAGE][PASSED] - Text 'У виджета нет данных' is not present on page

03-12-2024T03:16:56 - [TEST_STEP][PASSED] - if (verifyTextNotPresent("У виджета нет данных", false) == true): Text 'У виджета нет данных' is not present on page

03-12-2024T03:16:57 - [MESSAGE][PASSED] - Text 'У виджета нет данных' is not present on page

03-12-2024T03:16:57 - [TEST_STEP][PASSED] - click(findTestObject("Выручка по ДЗО/Фильтр Выручка")): Object: 'Object Repository/Выручка по ДЗО/Фильтр Выручка' is clicked on

03-12-2024T03:16:57 - [MESSAGE][PASSED] - Object: 'Object Repository/Выручка по ДЗО/Фильтр Выручка' is clicked on

03-12-2024T03:16:57 - [TEST_STEP][PASSED] - click(findTestObject("Выручка по ДЗО/Внутренний оборот в фильтре Выручка")): Object: 'Object Repository/Выручка по ДЗО/Внутренний оборот в фильтре Выручка' is clicked on

03-12-2024T03:16:58 - [MESSAGE][PASSED] - Object: 'Object Repository/Выручка по ДЗО/Внутренний оборот в фильтре Выручка' is clicked on

03-12-2024T03:16:58 - [TEST_STEP][PASSED] - click(findTestObject("Выручка по ДЗО/Применить в фильтре Выручка")): Object: 'Object Repository/Выручка по ДЗО/Применить в фильтре Выручка' is clicked on

03-12-2024T03:16:58 - [MESSAGE][PASSED] - Object: 'Object Repository/Выручка по ДЗО/Применить в фильтре Выручка' is clicked on

03-12-2024T03:16:58 - [TEST_STEP][PASSED] - Script1687405711779.Test(todaysDate): null

03-12-2024T03:16:58 - [TEST_STEP][FAILED] - if (verifyTextNotPresent("нет данных", false) == true): Text 'нет данных' is present on page  (Root cause: com.kms.katalon.core.exception.StepFailedException: Text 'нет данных' is present on page 
	at com.kms.katalon.core.webui.keyword.internal.WebUIKeywordMain.stepFailed(WebUIKeywordMain.groovy:64)
	at com.kms.katalon.core.webui.keyword.builtin.VerifyTextNotPresentKeyword$_verifyTextNotPresent_closure1.doCall(VerifyTextNotPresentKeyword.groovy:77)
	at com.kms.katalon.core.webui.keyword.builtin.VerifyTextNotPresentKeyword$_verifyTextNotPresent_closure1.call(VerifyTextNotPresentKeyword.groovy)
	at com.kms.katalon.core.webui.keyword.internal.WebUIKeywordMain.runKeyword(WebUIKeywordMain.groovy:20)
	at com.kms.katalon.core.webui.keyword.builtin.VerifyTextNotPresentKeyword.verifyTextNotPresent(VerifyTextNotPresentKeyword.groovy:82)
	at com.kms.katalon.core.webui.keyword.builtin.VerifyTextNotPresentKeyword.execute(VerifyTextNotPresentKeyword.groovy:68)
	at com.kms.katalon.core.keyword.internal.KeywordExecutor.executeKeywordForPlatform(KeywordExecutor.groovy:74)
	at com.kms.katalon.core.webui.keyword.WebUiBuiltInKeywords.verifyTextNotPresent(WebUiBuiltInKeywords.groovy:1795)
	at Выручка по ДЗО отображение данных все филиалы.Test(Выручка по ДЗО отображение данных все филиалы:782)
	at Выручка по ДЗО отображение данных все филиалы.Tumbler(Выручка по ДЗО отображение данных все филиалы:738)
	at Выручка по ДЗО отображение данных все филиалы.Change(Выручка по ДЗО отображение данных все филиалы:772)
	at Выручка по ДЗО отображение данных все филиалы.DzoTest(Выручка по ДЗО отображение данных все филиалы:686)
	at Выручка по ДЗО отображение данных все филиалы.run(Выручка по ДЗО отображение данных все филиалы:134)
	at com.kms.katalon.core.main.ScriptEngine.run(ScriptEngine.java:194)
	at com.kms.katalon.core.main.ScriptEngine.runScriptAsRawText(ScriptEngine.java:119)
	at com.kms.katalon.core.main.TestCaseExecutor.runScript(TestCaseExecutor.java:448)
	at com.kms.katalon.core.main.TestCaseExecutor.doExecute(TestCaseExecutor.java:439)
	at com.kms.katalon.core.main.TestCaseExecutor.processExecutionPhase(TestCaseExecutor.java:418)
	at com.kms.katalon.core.main.TestCaseExecutor.accessMainPhase(TestCaseExecutor.java:410)
	at com.kms.katalon.core.main.TestCaseExecutor.execute(TestCaseExecutor.java:285)
	at com.kms.katalon.core.common.CommonExecutor.accessTestCaseMainPhase(CommonExecutor.java:65)
	at com.kms.katalon.core.main.TestSuiteExecutor.accessTestSuiteMainPhase(TestSuiteExecutor.java:150)
	at com.kms.katalon.core.main.TestSuiteExecutor.execute(TestSuiteExecutor.java:106)
	at com.kms.katalon.core.main.TestCaseMain.startTestSuite(TestCaseMain.java:180)
	at TempTestSuite1733182698305.run(TempTestSuite1733182698305.groovy:35)
	at java.base/jdk.internal.reflect.NativeMethodAccessorImpl.invoke0(Native Method)
	at java.base/jdk.internal.reflect.NativeMethodAccessorImpl.invoke(NativeMethodAccessorImpl.java:77)
	at java.base/jdk.internal.reflect.DelegatingMethodAccessorImpl.invoke(DelegatingMethodAccessorImpl.java:43)
)

03-12-2024T03:17:00 - [MESSAGE][FAILED] - Text 'нет данных' is present on page  (Root cause: com.kms.katalon.core.exception.StepFailedException: Text 'нет данных' is present on page 
	at com.kms.katalon.core.webui.keyword.internal.WebUIKeywordMain.stepFailed(WebUIKeywordMain.groovy:64)
	at com.kms.katalon.core.webui.keyword.builtin.VerifyTextNotPresentKeyword$_verifyTextNotPresent_closure1.doCall(VerifyTextNotPresentKeyword.groovy:77)
	at com.kms.katalon.core.webui.keyword.builtin.VerifyTextNotPresentKeyword$_verifyTextNotPresent_closure1.call(VerifyTextNotPresentKeyword.groovy)
	at com.kms.katalon.core.webui.keyword.internal.WebUIKeywordMain.runKeyword(WebUIKeywordMain.groovy:20)
	at com.kms.katalon.core.webui.keyword.builtin.VerifyTextNotPresentKeyword.verifyTextNotPresent(VerifyTextNotPresentKeyword.groovy:82)
	at com.kms.katalon.core.webui.keyword.builtin.VerifyTextNotPresentKeyword.execute(VerifyTextNotPresentKeyword.groovy:68)
	at com.kms.katalon.core.keyword.internal.KeywordExecutor.executeKeywordForPlatform(KeywordExecutor.groovy:74)
	at com.kms.katalon.core.webui.keyword.WebUiBuiltInKeywords.verifyTextNotPresent(WebUiBuiltInKeywords.groovy:1795)
	at Выручка по ДЗО отображение данных все филиалы.Test(Выручка по ДЗО отображение данных все филиалы:782)
	at Выручка по ДЗО отображение данных все филиалы.Tumbler(Выручка по ДЗО отображение данных все филиалы:738)
	at Выручка по ДЗО отображение данных все филиалы.Change(Выручка по ДЗО отображение данных все филиалы:772)
	at Выручка по ДЗО отображение данных все филиалы.DzoTest(Выручка по ДЗО отображение данных все филиалы:686)
	at Выручка по ДЗО отображение данных все филиалы.run(Выручка по ДЗО отображение данных все филиалы:134)
	at com.kms.katalon.core.main.ScriptEngine.run(ScriptEngine.java:194)
	at com.kms.katalon.core.main.ScriptEngine.runScriptAsRawText(ScriptEngine.java:119)
	at com.kms.katalon.core.main.TestCaseExecutor.runScript(TestCaseExecutor.java:448)
	at com.kms.katalon.core.main.TestCaseExecutor.doExecute(TestCaseExecutor.java:439)
	at com.kms.katalon.core.main.TestCaseExecutor.processExecutionPhase(TestCaseExecutor.java:418)
	at com.kms.katalon.core.main.TestCaseExecutor.accessMainPhase(TestCaseExecutor.java:410)
	at com.kms.katalon.core.main.TestCaseExecutor.execute(TestCaseExecutor.java:285)
	at com.kms.katalon.core.common.CommonExecutor.accessTestCaseMainPhase(CommonExecutor.java:65)
	at com.kms.katalon.core.main.TestSuiteExecutor.accessTestSuiteMainPhase(TestSuiteExecutor.java:150)
	at com.kms.katalon.core.main.TestSuiteExecutor.execute(TestSuiteExecutor.java:106)
	at com.kms.katalon.core.main.TestCaseMain.startTestSuite(TestCaseMain.java:180)
	at TempTestSuite1733182698305.run(TempTestSuite1733182698305.groovy:35)
	at java.base/jdk.internal.reflect.NativeMethodAccessorImpl.invoke0(Native Method)
	at java.base/jdk.internal.reflect.NativeMethodAccessorImpl.invoke(NativeMethodAccessorImpl.java:77)
	at java.base/jdk.internal.reflect.DelegatingMethodAccessorImpl.invoke(DelegatingMethodAccessorImpl.java:43)
)

03-12-2024T03:17:00 - [TEST_STEP][PASSED] - else: null

03-12-2024T03:17:00 - [TEST_STEP][PASSED] - Script1687405711779.WriteToExcel(todaysDate): null

03-12-2024T03:17:00 - [TEST_STEP][PASSED] - sheetName = "Sheet1": null

03-12-2024T03:17:00 - [TEST_STEP][PASSED] - data = findTestData("PlanFact"): null

03-12-2024T03:17:00 - [TEST_STEP][PASSED] - n = data.getRowNumbers() + 1: null

03-12-2024T03:17:00 - [TEST_STEP][PASSED] - dZO = getText(findTestObject("Выручка по ДЗО/Фильтр ДЗО")): Text of object 'Object Repository/Выручка по ДЗО/Фильтр ДЗО' is: 'ПАО Россети - РаспредКомплекс - Россети Юг (ГК) - Астраханьэнерго'

03-12-2024T03:17:01 - [MESSAGE][PASSED] - Text of object 'Object Repository/Выручка по ДЗО/Фильтр ДЗО' is: 'ПАО Россети - РаспредКомплекс - Россети Юг (ГК) - Астраханьэнерго'

03-12-2024T03:17:01 - [TEST_STEP][PASSED] - period = getText(findTestObject("Выручка по ДЗО/Фильтр Дата")): Text of object 'Object Repository/Выручка по ДЗО/Фильтр Дата' is: '1, 2, 3 кв., Октябрь 2024 года'

03-12-2024T03:17:01 - [MESSAGE][PASSED] - Text of object 'Object Repository/Выручка по ДЗО/Фильтр Дата' is: '1, 2, 3 кв., Октябрь 2024 года'

03-12-2024T03:17:01 - [TEST_STEP][PASSED] - viruchka = getText(findTestObject("Выручка по ДЗО/Фильтр Выручка")): Text of object 'Object Repository/Выручка по ДЗО/Фильтр Выручка' is: 'внутренний оборот'

03-12-2024T03:17:01 - [MESSAGE][PASSED] - Text of object 'Object Repository/Выручка по ДЗО/Фильтр Выручка' is: 'внутренний оборот'

03-12-2024T03:17:01 - [TEST_STEP][PASSED] - if (viruchka == "Выбрано: 2"): null

03-12-2024T03:17:01 - [TEST_STEP][PASSED] - if (viruchka == "Все"): null

03-12-2024T03:17:01 - [TEST_STEP][PASSED] - println(period): null

03-12-2024T03:17:01 - [TEST_STEP][PASSED] - dashboardName = "Выручка по ДЗО": null

03-12-2024T03:17:01 - [TEST_STEP][PASSED] - workbook01 = getWorkbook(excelFilePath): null

03-12-2024T03:17:01 - [TEST_STEP][PASSED] - sheet01 = getExcelSheet(workbook01, sheetName): null

03-12-2024T03:17:01 - [TEST_STEP][PASSED] - setValueToCellByIndex(sheet01, n, 0, dashboardName): null

03-12-2024T03:17:01 - [TEST_STEP][PASSED] - setValueToCellByIndex(sheet01, n, 1, dZO): null

03-12-2024T03:17:01 - [TEST_STEP][PASSED] - setValueToCellByIndex(sheet01, n, 2, period): null

03-12-2024T03:17:01 - [TEST_STEP][PASSED] - setValueToCellByIndex(sheet01, n, 3, viruchka): null

03-12-2024T03:17:01 - [TEST_STEP][PASSED] - setValueToCellByIndex(sheet01, n, 4, todaysDate): null

03-12-2024T03:17:01 - [TEST_STEP][PASSED] - n = n + 1: null

03-12-2024T03:17:01 - [TEST_STEP][PASSED] - saveWorkbook(excelFilePath, workbook01): null

03-12-2024T03:17:01 - [TEST_STEP][PASSED] - click(findTestObject("Выручка по ДЗО/Фильтр Выручка")): Object: 'Object Repository/Выручка по ДЗО/Фильтр Выручка' is clicked on

03-12-2024T03:17:02 - [MESSAGE][PASSED] - Object: 'Object Repository/Выручка по ДЗО/Фильтр Выручка' is clicked on

03-12-2024T03:17:02 - [TEST_STEP][PASSED] - click(findTestObject("Выручка по ДЗО/По передаче в фильтре Выручка")): Object: 'Object Repository/Выручка по ДЗО/По передаче в фильтре Выручка' is clicked on

03-12-2024T03:17:02 - [MESSAGE][PASSED] - Object: 'Object Repository/Выручка по ДЗО/По передаче в фильтре Выручка' is clicked on

03-12-2024T03:17:02 - [TEST_STEP][PASSED] - click(findTestObject("Выручка по ДЗО/Применить в фильтре Выручка")): Object: 'Object Repository/Выручка по ДЗО/Применить в фильтре Выручка' is clicked on

03-12-2024T03:17:03 - [MESSAGE][PASSED] - Object: 'Object Repository/Выручка по ДЗО/Применить в фильтре Выручка' is clicked on

03-12-2024T03:17:03 - [TEST_STEP][PASSED] - Script1687405711779.Test(todaysDate): null

03-12-2024T03:17:03 - [TEST_STEP][PASSED] - if (verifyTextNotPresent("нет данных", false) == true): null

03-12-2024T03:17:06 - [MESSAGE][PASSED] - Text 'нет данных' is not present on page

03-12-2024T03:17:06 - [TEST_STEP][PASSED] - if (verifyTextNotPresent("Ошибка запроса данных", false) == true): null

03-12-2024T03:17:06 - [MESSAGE][PASSED] - Text 'Ошибка запроса данных' is not present on page

03-12-2024T03:17:06 - [TEST_STEP][PASSED] - if (verifyTextNotPresent("Произошла ошибка при выполнении пользовательского кода", false) == true): null

03-12-2024T03:17:07 - [MESSAGE][PASSED] - Text 'Произошла ошибка при выполнении пользовательского кода' is not present on page

03-12-2024T03:17:07 - [TEST_STEP][PASSED] - if (verifyTextNotPresent("У виджета нет данных", false) == true): null

03-12-2024T03:17:07 - [MESSAGE][PASSED] - Text 'У виджета нет данных' is not present on page

03-12-2024T03:17:07 - [TEST_STEP][PASSED] - if (verifyTextNotPresent("У виджета нет данных", false) == true): Text 'У виджета нет данных' is not present on page

03-12-2024T03:17:07 - [MESSAGE][PASSED] - Text 'У виджета нет данных' is not present on page

03-12-2024T03:17:07 - [TEST_STEP][PASSED] - click(findTestObject("Выручка по ДЗО/Фильтр Выручка")): Object: 'Object Repository/Выручка по ДЗО/Фильтр Выручка' is clicked on

03-12-2024T03:17:08 - [MESSAGE][PASSED] - Object: 'Object Repository/Выручка по ДЗО/Фильтр Выручка' is clicked on

03-12-2024T03:17:08 - [TEST_STEP][PASSED] - click(findTestObject("Выручка по ДЗО/Снять выделение в фильтре Выручка")): Object: 'Object Repository/Выручка по ДЗО/Снять выделение в фильтре Выручка' is clicked on

03-12-2024T03:17:08 - [MESSAGE][PASSED] - Object: 'Object Repository/Выручка по ДЗО/Снять выделение в фильтре Выручка' is clicked on

03-12-2024T03:17:08 - [TEST_STEP][PASSED] - click(findTestObject("Выручка по ДЗО/По передаче в фильтре Выручка")): Object: 'Object Repository/Выручка по ДЗО/По передаче в фильтре Выручка' is clicked on

03-12-2024T03:17:09 - [MESSAGE][PASSED] - Object: 'Object Repository/Выручка по ДЗО/По передаче в фильтре Выручка' is clicked on

03-12-2024T03:17:09 - [TEST_STEP][PASSED] - click(findTestObject("Выручка по ДЗО/Применить в фильтре Выручка")): Object: 'Object Repository/Выручка по ДЗО/Применить в фильтре Выручка' is clicked on

03-12-2024T03:17:09 - [MESSAGE][PASSED] - Object: 'Object Repository/Выручка по ДЗО/Применить в фильтре Выручка' is clicked on

03-12-2024T03:17:09 - [TEST_STEP][PASSED] - Script1687405711779.Test(todaysDate): null

03-12-2024T03:17:09 - [TEST_STEP][PASSED] - if (verifyTextNotPresent("нет данных", false) == true): null

03-12-2024T03:17:12 - [MESSAGE][PASSED] - Text 'нет данных' is not present on page

03-12-2024T03:17:12 - [TEST_STEP][PASSED] - if (verifyTextNotPresent("Ошибка запроса данных", false) == true): null

03-12-2024T03:17:12 - [MESSAGE][PASSED] - Text 'Ошибка запроса данных' is not present on page

03-12-2024T03:17:12 - [TEST_STEP][PASSED] - if (verifyTextNotPresent("Произошла ошибка при выполнении пользовательского кода", false) == true): null

03-12-2024T03:17:13 - [MESSAGE][PASSED] - Text 'Произошла ошибка при выполнении пользовательского кода' is not present on page

03-12-2024T03:17:13 - [TEST_STEP][PASSED] - if (verifyTextNotPresent("У виджета нет данных", false) == true): null

03-12-2024T03:17:13 - [MESSAGE][PASSED] - Text 'У виджета нет данных' is not present on page

03-12-2024T03:17:13 - [TEST_STEP][PASSED] - if (verifyTextNotPresent("У виджета нет данных", false) == true): Text 'У виджета нет данных' is not present on page

03-12-2024T03:17:13 - [MESSAGE][PASSED] - Text 'У виджета нет данных' is not present on page

03-12-2024T03:17:13 - [TEST_STEP][PASSED] - click(findTestObject("Выручка по ДЗО/Фильтр Выручка")): Object: 'Object Repository/Выручка по ДЗО/Фильтр Выручка' is clicked on

03-12-2024T03:17:14 - [MESSAGE][PASSED] - Object: 'Object Repository/Выручка по ДЗО/Фильтр Выручка' is clicked on

03-12-2024T03:17:14 - [TEST_STEP][PASSED] - click(findTestObject("Выручка по ДЗО/Снять выделение в фильтре Выручка")): Object: 'Object Repository/Выручка по ДЗО/Снять выделение в фильтре Выручка' is clicked on

03-12-2024T03:17:14 - [MESSAGE][PASSED] - Object: 'Object Repository/Выручка по ДЗО/Снять выделение в фильтре Выручка' is clicked on

03-12-2024T03:17:14 - [TEST_STEP][PASSED] - click(findTestObject("Выручка по ДЗО/Применить в фильтре Выручка")): Object: 'Object Repository/Выручка по ДЗО/Применить в фильтре Выручка' is clicked on

03-12-2024T03:17:15 - [MESSAGE][PASSED] - Object: 'Object Repository/Выручка по ДЗО/Применить в фильтре Выручка' is clicked on

03-12-2024T03:17:15 - [TEST_STEP][PASSED] - click(findTestObject("Выручка по ДЗО/Фильтр ДЗО")): Object: 'Object Repository/Выручка по ДЗО/Фильтр ДЗО' is clicked on

03-12-2024T03:17:17 - [MESSAGE][PASSED] - Object: 'Object Repository/Выручка по ДЗО/Фильтр ДЗО' is clicked on

03-12-2024T03:17:17 - [TEST_STEP][PASSED] - click(findTestObject("Выручка по ДЗО/Снять выделение в фильтре ДЗО")): Object: 'Object Repository/Выручка по ДЗО/Снять выделение в фильтре ДЗО' is clicked on

03-12-2024T03:17:17 - [MESSAGE][PASSED] - Object: 'Object Repository/Выручка по ДЗО/Снять выделение в фильтре ДЗО' is clicked on

03-12-2024T03:17:17 - [TEST_STEP][PASSED] - scrollToElement(findTestObject("Общие объекты/Волгоградэнерго"), 30): Scroll to object 'Object Repository/Общие объекты/Волгоградэнерго' successfully

03-12-2024T03:17:17 - [MESSAGE][PASSED] - Scroll to object 'Object Repository/Общие объекты/Волгоградэнерго' successfully

03-12-2024T03:17:17 - [TEST_STEP][PASSED] - click(findTestObject("Общие объекты/Волгоградэнерго"), CONTINUE_ON_FAILURE): Object: 'Object Repository/Общие объекты/Волгоградэнерго' is clicked on

03-12-2024T03:17:18 - [MESSAGE][PASSED] - Object: 'Object Repository/Общие объекты/Волгоградэнерго' is clicked on

03-12-2024T03:17:18 - [TEST_STEP][PASSED] - Script1687405711779.Change(todaysDate): null

03-12-2024T03:17:18 - [TEST_STEP][PASSED] - scrollToElement(findTestObject("Выручка по ДЗО/Заголовок дашборда"), 30): Scroll to object 'Object Repository/Выручка по ДЗО/Заголовок дашборда' successfully

03-12-2024T03:17:18 - [MESSAGE][PASSED] - Scroll to object 'Object Repository/Выручка по ДЗО/Заголовок дашборда' successfully

03-12-2024T03:17:18 - [TEST_STEP][PASSED] - click(findTestObject("Выручка по ДЗО/Применить в фильтре ДЗО")): Object: 'Object Repository/Выручка по ДЗО/Применить в фильтре ДЗО' is clicked on

03-12-2024T03:17:19 - [MESSAGE][PASSED] - Object: 'Object Repository/Выручка по ДЗО/Применить в фильтре ДЗО' is clicked on

03-12-2024T03:17:19 - [TEST_STEP][PASSED] - Script1687405711779.Tumbler(todaysDate): null

03-12-2024T03:17:19 - [TEST_STEP][PASSED] - Script1687405711779.Test(todaysDate): null

03-12-2024T03:17:19 - [TEST_STEP][PASSED] - if (verifyTextNotPresent("нет данных", false) == true): null

03-12-2024T03:17:22 - [MESSAGE][PASSED] - Text 'нет данных' is not present on page

03-12-2024T03:17:22 - [TEST_STEP][PASSED] - if (verifyTextNotPresent("Ошибка запроса данных", false) == true): null

03-12-2024T03:17:23 - [MESSAGE][PASSED] - Text 'Ошибка запроса данных' is not present on page

03-12-2024T03:17:23 - [TEST_STEP][PASSED] - if (verifyTextNotPresent("Произошла ошибка при выполнении пользовательского кода", false) == true): null

03-12-2024T03:17:23 - [MESSAGE][PASSED] - Text 'Произошла ошибка при выполнении пользовательского кода' is not present on page

03-12-2024T03:17:23 - [TEST_STEP][PASSED] - if (verifyTextNotPresent("У виджета нет данных", false) == true): null

03-12-2024T03:17:24 - [MESSAGE][PASSED] - Text 'У виджета нет данных' is not present on page

03-12-2024T03:17:24 - [TEST_STEP][PASSED] - if (verifyTextNotPresent("У виджета нет данных", false) == true): Text 'У виджета нет данных' is not present on page

03-12-2024T03:17:24 - [MESSAGE][PASSED] - Text 'У виджета нет данных' is not present on page

03-12-2024T03:17:24 - [TEST_STEP][PASSED] - click(findTestObject("Выручка по ДЗО/Фильтр Выручка")): Object: 'Object Repository/Выручка по ДЗО/Фильтр Выручка' is clicked on

03-12-2024T03:17:24 - [MESSAGE][PASSED] - Object: 'Object Repository/Выручка по ДЗО/Фильтр Выручка' is clicked on

03-12-2024T03:17:24 - [TEST_STEP][PASSED] - click(findTestObject("Выручка по ДЗО/Внутренний оборот в фильтре Выручка")): Object: 'Object Repository/Выручка по ДЗО/Внутренний оборот в фильтре Выручка' is clicked on

03-12-2024T03:17:25 - [MESSAGE][PASSED] - Object: 'Object Repository/Выручка по ДЗО/Внутренний оборот в фильтре Выручка' is clicked on

03-12-2024T03:17:25 - [TEST_STEP][PASSED] - click(findTestObject("Выручка по ДЗО/Применить в фильтре Выручка")): Object: 'Object Repository/Выручка по ДЗО/Применить в фильтре Выручка' is clicked on

03-12-2024T03:17:26 - [MESSAGE][PASSED] - Object: 'Object Repository/Выручка по ДЗО/Применить в фильтре Выручка' is clicked on

03-12-2024T03:17:26 - [TEST_STEP][PASSED] - Script1687405711779.Test(todaysDate): null

03-12-2024T03:17:26 - [TEST_STEP][FAILED] - if (verifyTextNotPresent("нет данных", false) == true): Text 'нет данных' is present on page  (Root cause: com.kms.katalon.core.exception.StepFailedException: Text 'нет данных' is present on page 
	at com.kms.katalon.core.webui.keyword.internal.WebUIKeywordMain.stepFailed(WebUIKeywordMain.groovy:64)
	at com.kms.katalon.core.webui.keyword.builtin.VerifyTextNotPresentKeyword$_verifyTextNotPresent_closure1.doCall(VerifyTextNotPresentKeyword.groovy:77)
	at com.kms.katalon.core.webui.keyword.builtin.VerifyTextNotPresentKeyword$_verifyTextNotPresent_closure1.call(VerifyTextNotPresentKeyword.groovy)
	at com.kms.katalon.core.webui.keyword.internal.WebUIKeywordMain.runKeyword(WebUIKeywordMain.groovy:20)
	at com.kms.katalon.core.webui.keyword.builtin.VerifyTextNotPresentKeyword.verifyTextNotPresent(VerifyTextNotPresentKeyword.groovy:82)
	at com.kms.katalon.core.webui.keyword.builtin.VerifyTextNotPresentKeyword.execute(VerifyTextNotPresentKeyword.groovy:68)
	at com.kms.katalon.core.keyword.internal.KeywordExecutor.executeKeywordForPlatform(KeywordExecutor.groovy:74)
	at com.kms.katalon.core.webui.keyword.WebUiBuiltInKeywords.verifyTextNotPresent(WebUiBuiltInKeywords.groovy:1795)
	at Выручка по ДЗО отображение данных все филиалы.Test(Выручка по ДЗО отображение данных все филиалы:782)
	at Выручка по ДЗО отображение данных все филиалы.Tumbler(Выручка по ДЗО отображение данных все филиалы:738)
	at Выручка по ДЗО отображение данных все филиалы.Change(Выручка по ДЗО отображение данных все филиалы:772)
	at Выручка по ДЗО отображение данных все филиалы.DzoTest(Выручка по ДЗО отображение данных все филиалы:692)
	at Выручка по ДЗО отображение данных все филиалы.run(Выручка по ДЗО отображение данных все филиалы:134)
	at com.kms.katalon.core.main.ScriptEngine.run(ScriptEngine.java:194)
	at com.kms.katalon.core.main.ScriptEngine.runScriptAsRawText(ScriptEngine.java:119)
	at com.kms.katalon.core.main.TestCaseExecutor.runScript(TestCaseExecutor.java:448)
	at com.kms.katalon.core.main.TestCaseExecutor.doExecute(TestCaseExecutor.java:439)
	at com.kms.katalon.core.main.TestCaseExecutor.processExecutionPhase(TestCaseExecutor.java:418)
	at com.kms.katalon.core.main.TestCaseExecutor.accessMainPhase(TestCaseExecutor.java:410)
	at com.kms.katalon.core.main.TestCaseExecutor.execute(TestCaseExecutor.java:285)
	at com.kms.katalon.core.common.CommonExecutor.accessTestCaseMainPhase(CommonExecutor.java:65)
	at com.kms.katalon.core.main.TestSuiteExecutor.accessTestSuiteMainPhase(TestSuiteExecutor.java:150)
	at com.kms.katalon.core.main.TestSuiteExecutor.execute(TestSuiteExecutor.java:106)
	at com.kms.katalon.core.main.TestCaseMain.startTestSuite(TestCaseMain.java:180)
	at TempTestSuite1733182698305.run(TempTestSuite1733182698305.groovy:35)
	at java.base/jdk.internal.reflect.NativeMethodAccessorImpl.invoke0(Native Method)
	at java.base/jdk.internal.reflect.NativeMethodAccessorImpl.invoke(NativeMethodAccessorImpl.java:77)
	at java.base/jdk.internal.reflect.DelegatingMethodAccessorImpl.invoke(DelegatingMethodAccessorImpl.java:43)
)

03-12-2024T03:17:28 - [MESSAGE][FAILED] - Text 'нет данных' is present on page  (Root cause: com.kms.katalon.core.exception.StepFailedException: Text 'нет данных' is present on page 
	at com.kms.katalon.core.webui.keyword.internal.WebUIKeywordMain.stepFailed(WebUIKeywordMain.groovy:64)
	at com.kms.katalon.core.webui.keyword.builtin.VerifyTextNotPresentKeyword$_verifyTextNotPresent_closure1.doCall(VerifyTextNotPresentKeyword.groovy:77)
	at com.kms.katalon.core.webui.keyword.builtin.VerifyTextNotPresentKeyword$_verifyTextNotPresent_closure1.call(VerifyTextNotPresentKeyword.groovy)
	at com.kms.katalon.core.webui.keyword.internal.WebUIKeywordMain.runKeyword(WebUIKeywordMain.groovy:20)
	at com.kms.katalon.core.webui.keyword.builtin.VerifyTextNotPresentKeyword.verifyTextNotPresent(VerifyTextNotPresentKeyword.groovy:82)
	at com.kms.katalon.core.webui.keyword.builtin.VerifyTextNotPresentKeyword.execute(VerifyTextNotPresentKeyword.groovy:68)
	at com.kms.katalon.core.keyword.internal.KeywordExecutor.executeKeywordForPlatform(KeywordExecutor.groovy:74)
	at com.kms.katalon.core.webui.keyword.WebUiBuiltInKeywords.verifyTextNotPresent(WebUiBuiltInKeywords.groovy:1795)
	at Выручка по ДЗО отображение данных все филиалы.Test(Выручка по ДЗО отображение данных все филиалы:782)
	at Выручка по ДЗО отображение данных все филиалы.Tumbler(Выручка по ДЗО отображение данных все филиалы:738)
	at Выручка по ДЗО отображение данных все филиалы.Change(Выручка по ДЗО отображение данных все филиалы:772)
	at Выручка по ДЗО отображение данных все филиалы.DzoTest(Выручка по ДЗО отображение данных все филиалы:692)
	at Выручка по ДЗО отображение данных все филиалы.run(Выручка по ДЗО отображение данных все филиалы:134)
	at com.kms.katalon.core.main.ScriptEngine.run(ScriptEngine.java:194)
	at com.kms.katalon.core.main.ScriptEngine.runScriptAsRawText(ScriptEngine.java:119)
	at com.kms.katalon.core.main.TestCaseExecutor.runScript(TestCaseExecutor.java:448)
	at com.kms.katalon.core.main.TestCaseExecutor.doExecute(TestCaseExecutor.java:439)
	at com.kms.katalon.core.main.TestCaseExecutor.processExecutionPhase(TestCaseExecutor.java:418)
	at com.kms.katalon.core.main.TestCaseExecutor.accessMainPhase(TestCaseExecutor.java:410)
	at com.kms.katalon.core.main.TestCaseExecutor.execute(TestCaseExecutor.java:285)
	at com.kms.katalon.core.common.CommonExecutor.accessTestCaseMainPhase(CommonExecutor.java:65)
	at com.kms.katalon.core.main.TestSuiteExecutor.accessTestSuiteMainPhase(TestSuiteExecutor.java:150)
	at com.kms.katalon.core.main.TestSuiteExecutor.execute(TestSuiteExecutor.java:106)
	at com.kms.katalon.core.main.TestCaseMain.startTestSuite(TestCaseMain.java:180)
	at TempTestSuite1733182698305.run(TempTestSuite1733182698305.groovy:35)
	at java.base/jdk.internal.reflect.NativeMethodAccessorImpl.invoke0(Native Method)
	at java.base/jdk.internal.reflect.NativeMethodAccessorImpl.invoke(NativeMethodAccessorImpl.java:77)
	at java.base/jdk.internal.reflect.DelegatingMethodAccessorImpl.invoke(DelegatingMethodAccessorImpl.java:43)
)

03-12-2024T03:17:28 - [TEST_STEP][PASSED] - else: null

03-12-2024T03:17:28 - [TEST_STEP][PASSED] - Script1687405711779.WriteToExcel(todaysDate): null

03-12-2024T03:17:28 - [TEST_STEP][PASSED] - sheetName = "Sheet1": null

03-12-2024T03:17:28 - [TEST_STEP][PASSED] - data = findTestData("PlanFact"): null

03-12-2024T03:17:28 - [TEST_STEP][PASSED] - n = data.getRowNumbers() + 1: null

03-12-2024T03:17:28 - [TEST_STEP][PASSED] - dZO = getText(findTestObject("Выручка по ДЗО/Фильтр ДЗО")): Text of object 'Object Repository/Выручка по ДЗО/Фильтр ДЗО' is: 'ПАО Россети - РаспредКомплекс - Россети Юг (ГК) - Волгоградэнерго'

03-12-2024T03:17:28 - [MESSAGE][PASSED] - Text of object 'Object Repository/Выручка по ДЗО/Фильтр ДЗО' is: 'ПАО Россети - РаспредКомплекс - Россети Юг (ГК) - Волгоградэнерго'

03-12-2024T03:17:28 - [TEST_STEP][PASSED] - period = getText(findTestObject("Выручка по ДЗО/Фильтр Дата")): Text of object 'Object Repository/Выручка по ДЗО/Фильтр Дата' is: '1, 2, 3 кв., Октябрь 2024 года'

03-12-2024T03:17:28 - [MESSAGE][PASSED] - Text of object 'Object Repository/Выручка по ДЗО/Фильтр Дата' is: '1, 2, 3 кв., Октябрь 2024 года'

03-12-2024T03:17:28 - [TEST_STEP][PASSED] - viruchka = getText(findTestObject("Выручка по ДЗО/Фильтр Выручка")): Text of object 'Object Repository/Выручка по ДЗО/Фильтр Выручка' is: 'внутренний оборот'

03-12-2024T03:17:28 - [MESSAGE][PASSED] - Text of object 'Object Repository/Выручка по ДЗО/Фильтр Выручка' is: 'внутренний оборот'

03-12-2024T03:17:28 - [TEST_STEP][PASSED] - if (viruchka == "Выбрано: 2"): null

03-12-2024T03:17:28 - [TEST_STEP][PASSED] - if (viruchka == "Все"): null

03-12-2024T03:17:28 - [TEST_STEP][PASSED] - println(period): null

03-12-2024T03:17:28 - [TEST_STEP][PASSED] - dashboardName = "Выручка по ДЗО": null

03-12-2024T03:17:28 - [TEST_STEP][PASSED] - workbook01 = getWorkbook(excelFilePath): null

03-12-2024T03:17:29 - [TEST_STEP][PASSED] - sheet01 = getExcelSheet(workbook01, sheetName): null

03-12-2024T03:17:29 - [TEST_STEP][PASSED] - setValueToCellByIndex(sheet01, n, 0, dashboardName): null

03-12-2024T03:17:29 - [TEST_STEP][PASSED] - setValueToCellByIndex(sheet01, n, 1, dZO): null

03-12-2024T03:17:29 - [TEST_STEP][PASSED] - setValueToCellByIndex(sheet01, n, 2, period): null

03-12-2024T03:17:29 - [TEST_STEP][PASSED] - setValueToCellByIndex(sheet01, n, 3, viruchka): null

03-12-2024T03:17:29 - [TEST_STEP][PASSED] - setValueToCellByIndex(sheet01, n, 4, todaysDate): null

03-12-2024T03:17:29 - [TEST_STEP][PASSED] - n = n + 1: null

03-12-2024T03:17:29 - [TEST_STEP][PASSED] - saveWorkbook(excelFilePath, workbook01): null

03-12-2024T03:17:29 - [TEST_STEP][PASSED] - click(findTestObject("Выручка по ДЗО/Фильтр Выручка")): Object: 'Object Repository/Выручка по ДЗО/Фильтр Выручка' is clicked on

03-12-2024T03:17:29 - [MESSAGE][PASSED] - Object: 'Object Repository/Выручка по ДЗО/Фильтр Выручка' is clicked on

03-12-2024T03:17:29 - [TEST_STEP][PASSED] - click(findTestObject("Выручка по ДЗО/По передаче в фильтре Выручка")): Object: 'Object Repository/Выручка по ДЗО/По передаче в фильтре Выручка' is clicked on

03-12-2024T03:17:30 - [MESSAGE][PASSED] - Object: 'Object Repository/Выручка по ДЗО/По передаче в фильтре Выручка' is clicked on

03-12-2024T03:17:30 - [TEST_STEP][PASSED] - click(findTestObject("Выручка по ДЗО/Применить в фильтре Выручка")): Object: 'Object Repository/Выручка по ДЗО/Применить в фильтре Выручка' is clicked on

03-12-2024T03:17:30 - [MESSAGE][PASSED] - Object: 'Object Repository/Выручка по ДЗО/Применить в фильтре Выручка' is clicked on

03-12-2024T03:17:30 - [TEST_STEP][PASSED] - Script1687405711779.Test(todaysDate): null

03-12-2024T03:17:30 - [TEST_STEP][PASSED] - if (verifyTextNotPresent("нет данных", false) == true): null

03-12-2024T03:17:33 - [MESSAGE][PASSED] - Text 'нет данных' is not present on page

03-12-2024T03:17:33 - [TEST_STEP][PASSED] - if (verifyTextNotPresent("Ошибка запроса данных", false) == true): null

03-12-2024T03:17:34 - [MESSAGE][PASSED] - Text 'Ошибка запроса данных' is not present on page

03-12-2024T03:17:34 - [TEST_STEP][PASSED] - if (verifyTextNotPresent("Произошла ошибка при выполнении пользовательского кода", false) == true): null

03-12-2024T03:17:35 - [MESSAGE][PASSED] - Text 'Произошла ошибка при выполнении пользовательского кода' is not present on page

03-12-2024T03:17:35 - [TEST_STEP][PASSED] - if (verifyTextNotPresent("У виджета нет данных", false) == true): null

03-12-2024T03:17:35 - [MESSAGE][PASSED] - Text 'У виджета нет данных' is not present on page

03-12-2024T03:17:35 - [TEST_STEP][PASSED] - if (verifyTextNotPresent("У виджета нет данных", false) == true): Text 'У виджета нет данных' is not present on page

03-12-2024T03:17:36 - [MESSAGE][PASSED] - Text 'У виджета нет данных' is not present on page

03-12-2024T03:17:36 - [TEST_STEP][PASSED] - click(findTestObject("Выручка по ДЗО/Фильтр Выручка")): Object: 'Object Repository/Выручка по ДЗО/Фильтр Выручка' is clicked on

03-12-2024T03:17:36 - [MESSAGE][PASSED] - Object: 'Object Repository/Выручка по ДЗО/Фильтр Выручка' is clicked on

03-12-2024T03:17:36 - [TEST_STEP][PASSED] - click(findTestObject("Выручка по ДЗО/Снять выделение в фильтре Выручка")): Object: 'Object Repository/Выручка по ДЗО/Снять выделение в фильтре Выручка' is clicked on

03-12-2024T03:17:37 - [MESSAGE][PASSED] - Object: 'Object Repository/Выручка по ДЗО/Снять выделение в фильтре Выручка' is clicked on

03-12-2024T03:17:37 - [TEST_STEP][PASSED] - click(findTestObject("Выручка по ДЗО/По передаче в фильтре Выручка")): Object: 'Object Repository/Выручка по ДЗО/По передаче в фильтре Выручка' is clicked on

03-12-2024T03:17:37 - [MESSAGE][PASSED] - Object: 'Object Repository/Выручка по ДЗО/По передаче в фильтре Выручка' is clicked on

03-12-2024T03:17:37 - [TEST_STEP][PASSED] - click(findTestObject("Выручка по ДЗО/Применить в фильтре Выручка")): Object: 'Object Repository/Выручка по ДЗО/Применить в фильтре Выручка' is clicked on

03-12-2024T03:17:37 - [MESSAGE][PASSED] - Object: 'Object Repository/Выручка по ДЗО/Применить в фильтре Выручка' is clicked on

03-12-2024T03:17:37 - [TEST_STEP][PASSED] - Script1687405711779.Test(todaysDate): null

03-12-2024T03:17:37 - [TEST_STEP][PASSED] - if (verifyTextNotPresent("нет данных", false) == true): null

03-12-2024T03:17:40 - [MESSAGE][PASSED] - Text 'нет данных' is not present on page

03-12-2024T03:17:40 - [TEST_STEP][PASSED] - if (verifyTextNotPresent("Ошибка запроса данных", false) == true): null

03-12-2024T03:17:40 - [MESSAGE][PASSED] - Text 'Ошибка запроса данных' is not present on page

03-12-2024T03:17:40 - [TEST_STEP][PASSED] - if (verifyTextNotPresent("Произошла ошибка при выполнении пользовательского кода", false) == true): null

03-12-2024T03:17:41 - [MESSAGE][PASSED] - Text 'Произошла ошибка при выполнении пользовательского кода' is not present on page

03-12-2024T03:17:41 - [TEST_STEP][PASSED] - if (verifyTextNotPresent("У виджета нет данных", false) == true): null

03-12-2024T03:17:41 - [MESSAGE][PASSED] - Text 'У виджета нет данных' is not present on page

03-12-2024T03:17:41 - [TEST_STEP][PASSED] - if (verifyTextNotPresent("У виджета нет данных", false) == true): Text 'У виджета нет данных' is not present on page

03-12-2024T03:17:42 - [MESSAGE][PASSED] - Text 'У виджета нет данных' is not present on page

03-12-2024T03:17:42 - [TEST_STEP][PASSED] - click(findTestObject("Выручка по ДЗО/Фильтр Выручка")): Object: 'Object Repository/Выручка по ДЗО/Фильтр Выручка' is clicked on

03-12-2024T03:17:42 - [MESSAGE][PASSED] - Object: 'Object Repository/Выручка по ДЗО/Фильтр Выручка' is clicked on

03-12-2024T03:17:42 - [TEST_STEP][PASSED] - click(findTestObject("Выручка по ДЗО/Снять выделение в фильтре Выручка")): Object: 'Object Repository/Выручка по ДЗО/Снять выделение в фильтре Выручка' is clicked on

03-12-2024T03:17:43 - [MESSAGE][PASSED] - Object: 'Object Repository/Выручка по ДЗО/Снять выделение в фильтре Выручка' is clicked on

03-12-2024T03:17:43 - [TEST_STEP][PASSED] - click(findTestObject("Выручка по ДЗО/Применить в фильтре Выручка")): Object: 'Object Repository/Выручка по ДЗО/Применить в фильтре Выручка' is clicked on

03-12-2024T03:17:43 - [MESSAGE][PASSED] - Object: 'Object Repository/Выручка по ДЗО/Применить в фильтре Выручка' is clicked on

03-12-2024T03:17:43 - [TEST_STEP][PASSED] - click(findTestObject("Выручка по ДЗО/Фильтр ДЗО")): Object: 'Object Repository/Выручка по ДЗО/Фильтр ДЗО' is clicked on

03-12-2024T03:17:45 - [MESSAGE][PASSED] - Object: 'Object Repository/Выручка по ДЗО/Фильтр ДЗО' is clicked on

03-12-2024T03:17:45 - [TEST_STEP][PASSED] - click(findTestObject("Выручка по ДЗО/Снять выделение в фильтре ДЗО")): Object: 'Object Repository/Выручка по ДЗО/Снять выделение в фильтре ДЗО' is clicked on

03-12-2024T03:17:46 - [MESSAGE][PASSED] - Object: 'Object Repository/Выручка по ДЗО/Снять выделение в фильтре ДЗО' is clicked on

03-12-2024T03:17:46 - [TEST_STEP][PASSED] - scrollToElement(findTestObject("Общие объекты/Калмэнерго"), 30): Scroll to object 'Object Repository/Общие объекты/Калмэнерго' successfully

03-12-2024T03:17:46 - [MESSAGE][PASSED] - Scroll to object 'Object Repository/Общие объекты/Калмэнерго' successfully

03-12-2024T03:17:46 - [TEST_STEP][PASSED] - click(findTestObject("Общие объекты/Калмэнерго"), CONTINUE_ON_FAILURE): Object: 'Object Repository/Общие объекты/Калмэнерго' is clicked on

03-12-2024T03:17:46 - [MESSAGE][PASSED] - Object: 'Object Repository/Общие объекты/Калмэнерго' is clicked on

03-12-2024T03:17:46 - [TEST_STEP][PASSED] - Script1687405711779.Change(todaysDate): null

03-12-2024T03:17:46 - [TEST_STEP][PASSED] - scrollToElement(findTestObject("Выручка по ДЗО/Заголовок дашборда"), 30): Scroll to object 'Object Repository/Выручка по ДЗО/Заголовок дашборда' successfully

03-12-2024T03:17:47 - [MESSAGE][PASSED] - Scroll to object 'Object Repository/Выручка по ДЗО/Заголовок дашборда' successfully

03-12-2024T03:17:47 - [TEST_STEP][PASSED] - click(findTestObject("Выручка по ДЗО/Применить в фильтре ДЗО")): Object: 'Object Repository/Выручка по ДЗО/Применить в фильтре ДЗО' is clicked on

03-12-2024T03:17:48 - [MESSAGE][PASSED] - Object: 'Object Repository/Выручка по ДЗО/Применить в фильтре ДЗО' is clicked on

03-12-2024T03:17:48 - [TEST_STEP][PASSED] - Script1687405711779.Tumbler(todaysDate): null

03-12-2024T03:17:48 - [TEST_STEP][PASSED] - Script1687405711779.Test(todaysDate): null

03-12-2024T03:17:48 - [TEST_STEP][PASSED] - if (verifyTextNotPresent("нет данных", false) == true): null

03-12-2024T03:17:49 - [MESSAGE][PASSED] - Text 'нет данных' is not present on page

03-12-2024T03:17:49 - [TEST_STEP][PASSED] - if (verifyTextNotPresent("Ошибка запроса данных", false) == true): null

03-12-2024T03:17:51 - [MESSAGE][PASSED] - Text 'Ошибка запроса данных' is not present on page

03-12-2024T03:17:51 - [TEST_STEP][PASSED] - if (verifyTextNotPresent("Произошла ошибка при выполнении пользовательского кода", false) == true): null

03-12-2024T03:17:51 - [MESSAGE][PASSED] - Text 'Произошла ошибка при выполнении пользовательского кода' is not present on page

03-12-2024T03:17:51 - [TEST_STEP][PASSED] - if (verifyTextNotPresent("У виджета нет данных", false) == true): null

03-12-2024T03:17:52 - [MESSAGE][PASSED] - Text 'У виджета нет данных' is not present on page

03-12-2024T03:17:52 - [TEST_STEP][PASSED] - if (verifyTextNotPresent("У виджета нет данных", false) == true): Text 'У виджета нет данных' is not present on page

03-12-2024T03:17:52 - [MESSAGE][PASSED] - Text 'У виджета нет данных' is not present on page

03-12-2024T03:17:52 - [TEST_STEP][PASSED] - click(findTestObject("Выручка по ДЗО/Фильтр Выручка")): Object: 'Object Repository/Выручка по ДЗО/Фильтр Выручка' is clicked on

03-12-2024T03:17:53 - [MESSAGE][PASSED] - Object: 'Object Repository/Выручка по ДЗО/Фильтр Выручка' is clicked on

03-12-2024T03:17:53 - [TEST_STEP][PASSED] - click(findTestObject("Выручка по ДЗО/Внутренний оборот в фильтре Выручка")): Object: 'Object Repository/Выручка по ДЗО/Внутренний оборот в фильтре Выручка' is clicked on

03-12-2024T03:17:53 - [MESSAGE][PASSED] - Object: 'Object Repository/Выручка по ДЗО/Внутренний оборот в фильтре Выручка' is clicked on

03-12-2024T03:17:53 - [TEST_STEP][PASSED] - click(findTestObject("Выручка по ДЗО/Применить в фильтре Выручка")): Object: 'Object Repository/Выручка по ДЗО/Применить в фильтре Выручка' is clicked on

03-12-2024T03:17:54 - [MESSAGE][PASSED] - Object: 'Object Repository/Выручка по ДЗО/Применить в фильтре Выручка' is clicked on

03-12-2024T03:17:54 - [TEST_STEP][PASSED] - Script1687405711779.Test(todaysDate): null

03-12-2024T03:17:54 - [TEST_STEP][PASSED] - if (verifyTextNotPresent("нет данных", false) == true): null

03-12-2024T03:17:56 - [MESSAGE][PASSED] - Text 'нет данных' is not present on page

03-12-2024T03:17:56 - [TEST_STEP][PASSED] - if (verifyTextNotPresent("Ошибка запроса данных", false) == true): null

03-12-2024T03:17:56 - [MESSAGE][PASSED] - Text 'Ошибка запроса данных' is not present on page

03-12-2024T03:17:56 - [TEST_STEP][PASSED] - if (verifyTextNotPresent("Произошла ошибка при выполнении пользовательского кода", false) == true): null

03-12-2024T03:17:57 - [MESSAGE][PASSED] - Text 'Произошла ошибка при выполнении пользовательского кода' is not present on page

03-12-2024T03:17:57 - [TEST_STEP][PASSED] - if (verifyTextNotPresent("У виджета нет данных", false) == true): null

03-12-2024T03:17:57 - [MESSAGE][PASSED] - Text 'У виджета нет данных' is not present on page

03-12-2024T03:17:57 - [TEST_STEP][PASSED] - if (verifyTextNotPresent("У виджета нет данных", false) == true): Text 'У виджета нет данных' is not present on page

03-12-2024T03:17:58 - [MESSAGE][PASSED] - Text 'У виджета нет данных' is not present on page

03-12-2024T03:17:58 - [TEST_STEP][PASSED] - click(findTestObject("Выручка по ДЗО/Фильтр Выручка")): Object: 'Object Repository/Выручка по ДЗО/Фильтр Выручка' is clicked on

03-12-2024T03:17:58 - [MESSAGE][PASSED] - Object: 'Object Repository/Выручка по ДЗО/Фильтр Выручка' is clicked on

03-12-2024T03:17:58 - [TEST_STEP][PASSED] - click(findTestObject("Выручка по ДЗО/По передаче в фильтре Выручка")): Object: 'Object Repository/Выручка по ДЗО/По передаче в фильтре Выручка' is clicked on

03-12-2024T03:17:59 - [MESSAGE][PASSED] - Object: 'Object Repository/Выручка по ДЗО/По передаче в фильтре Выручка' is clicked on

03-12-2024T03:17:59 - [TEST_STEP][PASSED] - click(findTestObject("Выручка по ДЗО/Применить в фильтре Выручка")): Object: 'Object Repository/Выручка по ДЗО/Применить в фильтре Выручка' is clicked on

03-12-2024T03:17:59 - [MESSAGE][PASSED] - Object: 'Object Repository/Выручка по ДЗО/Применить в фильтре Выручка' is clicked on

03-12-2024T03:17:59 - [TEST_STEP][PASSED] - Script1687405711779.Test(todaysDate): null

03-12-2024T03:17:59 - [TEST_STEP][PASSED] - if (verifyTextNotPresent("нет данных", false) == true): null

03-12-2024T03:18:01 - [MESSAGE][PASSED] - Text 'нет данных' is not present on page

03-12-2024T03:18:01 - [TEST_STEP][PASSED] - if (verifyTextNotPresent("Ошибка запроса данных", false) == true): null

03-12-2024T03:18:02 - [MESSAGE][PASSED] - Text 'Ошибка запроса данных' is not present on page

03-12-2024T03:18:02 - [TEST_STEP][PASSED] - if (verifyTextNotPresent("Произошла ошибка при выполнении пользовательского кода", false) == true): null

03-12-2024T03:18:02 - [MESSAGE][PASSED] - Text 'Произошла ошибка при выполнении пользовательского кода' is not present on page

03-12-2024T03:18:02 - [TEST_STEP][PASSED] - if (verifyTextNotPresent("У виджета нет данных", false) == true): null

03-12-2024T03:18:03 - [MESSAGE][PASSED] - Text 'У виджета нет данных' is not present on page

03-12-2024T03:18:03 - [TEST_STEP][PASSED] - if (verifyTextNotPresent("У виджета нет данных", false) == true): Text 'У виджета нет данных' is not present on page

03-12-2024T03:18:03 - [MESSAGE][PASSED] - Text 'У виджета нет данных' is not present on page

03-12-2024T03:18:03 - [TEST_STEP][PASSED] - click(findTestObject("Выручка по ДЗО/Фильтр Выручка")): Object: 'Object Repository/Выручка по ДЗО/Фильтр Выручка' is clicked on

03-12-2024T03:18:03 - [MESSAGE][PASSED] - Object: 'Object Repository/Выручка по ДЗО/Фильтр Выручка' is clicked on

03-12-2024T03:18:03 - [TEST_STEP][PASSED] - click(findTestObject("Выручка по ДЗО/Снять выделение в фильтре Выручка")): Object: 'Object Repository/Выручка по ДЗО/Снять выделение в фильтре Выручка' is clicked on

03-12-2024T03:18:04 - [MESSAGE][PASSED] - Object: 'Object Repository/Выручка по ДЗО/Снять выделение в фильтре Выручка' is clicked on

03-12-2024T03:18:04 - [TEST_STEP][PASSED] - click(findTestObject("Выручка по ДЗО/По передаче в фильтре Выручка")): Object: 'Object Repository/Выручка по ДЗО/По передаче в фильтре Выручка' is clicked on

03-12-2024T03:18:04 - [MESSAGE][PASSED] - Object: 'Object Repository/Выручка по ДЗО/По передаче в фильтре Выручка' is clicked on

03-12-2024T03:18:04 - [TEST_STEP][PASSED] - click(findTestObject("Выручка по ДЗО/Применить в фильтре Выручка")): Object: 'Object Repository/Выручка по ДЗО/Применить в фильтре Выручка' is clicked on

03-12-2024T03:18:05 - [MESSAGE][PASSED] - Object: 'Object Repository/Выручка по ДЗО/Применить в фильтре Выручка' is clicked on

03-12-2024T03:18:05 - [TEST_STEP][PASSED] - Script1687405711779.Test(todaysDate): null

03-12-2024T03:18:05 - [TEST_STEP][PASSED] - if (verifyTextNotPresent("нет данных", false) == true): null

03-12-2024T03:18:07 - [MESSAGE][PASSED] - Text 'нет данных' is not present on page

03-12-2024T03:18:07 - [TEST_STEP][PASSED] - if (verifyTextNotPresent("Ошибка запроса данных", false) == true): null

03-12-2024T03:18:07 - [MESSAGE][PASSED] - Text 'Ошибка запроса данных' is not present on page

03-12-2024T03:18:07 - [TEST_STEP][PASSED] - if (verifyTextNotPresent("Произошла ошибка при выполнении пользовательского кода", false) == true): null

03-12-2024T03:18:08 - [MESSAGE][PASSED] - Text 'Произошла ошибка при выполнении пользовательского кода' is not present on page

03-12-2024T03:18:08 - [TEST_STEP][PASSED] - if (verifyTextNotPresent("У виджета нет данных", false) == true): null

03-12-2024T03:18:08 - [MESSAGE][PASSED] - Text 'У виджета нет данных' is not present on page

03-12-2024T03:18:08 - [TEST_STEP][PASSED] - if (verifyTextNotPresent("У виджета нет данных", false) == true): Text 'У виджета нет данных' is not present on page

03-12-2024T03:18:09 - [MESSAGE][PASSED] - Text 'У виджета нет данных' is not present on page

03-12-2024T03:18:09 - [TEST_STEP][PASSED] - click(findTestObject("Выручка по ДЗО/Фильтр Выручка")): Object: 'Object Repository/Выручка по ДЗО/Фильтр Выручка' is clicked on

03-12-2024T03:18:09 - [MESSAGE][PASSED] - Object: 'Object Repository/Выручка по ДЗО/Фильтр Выручка' is clicked on

03-12-2024T03:18:09 - [TEST_STEP][PASSED] - click(findTestObject("Выручка по ДЗО/Снять выделение в фильтре Выручка")): Object: 'Object Repository/Выручка по ДЗО/Снять выделение в фильтре Выручка' is clicked on

03-12-2024T03:18:10 - [MESSAGE][PASSED] - Object: 'Object Repository/Выручка по ДЗО/Снять выделение в фильтре Выручка' is clicked on

03-12-2024T03:18:10 - [TEST_STEP][PASSED] - click(findTestObject("Выручка по ДЗО/Применить в фильтре Выручка")): Object: 'Object Repository/Выручка по ДЗО/Применить в фильтре Выручка' is clicked on

03-12-2024T03:18:10 - [MESSAGE][PASSED] - Object: 'Object Repository/Выручка по ДЗО/Применить в фильтре Выручка' is clicked on

03-12-2024T03:18:10 - [TEST_STEP][PASSED] - click(findTestObject("Выручка по ДЗО/Фильтр ДЗО")): Object: 'Object Repository/Выручка по ДЗО/Фильтр ДЗО' is clicked on

03-12-2024T03:18:12 - [MESSAGE][PASSED] - Object: 'Object Repository/Выручка по ДЗО/Фильтр ДЗО' is clicked on

03-12-2024T03:18:12 - [TEST_STEP][PASSED] - click(findTestObject("Выручка по ДЗО/Снять выделение в фильтре ДЗО")): Object: 'Object Repository/Выручка по ДЗО/Снять выделение в фильтре ДЗО' is clicked on

03-12-2024T03:18:12 - [MESSAGE][PASSED] - Object: 'Object Repository/Выручка по ДЗО/Снять выделение в фильтре ДЗО' is clicked on

03-12-2024T03:18:12 - [TEST_STEP][PASSED] - scrollToElement(findTestObject("Общие объекты/Ростовэнерго"), 30): Scroll to object 'Object Repository/Общие объекты/Ростовэнерго' successfully

03-12-2024T03:18:12 - [MESSAGE][PASSED] - Scroll to object 'Object Repository/Общие объекты/Ростовэнерго' successfully

03-12-2024T03:18:12 - [TEST_STEP][PASSED] - click(findTestObject("Общие объекты/Ростовэнерго"), CONTINUE_ON_FAILURE): Object: 'Object Repository/Общие объекты/Ростовэнерго' is clicked on

03-12-2024T03:18:13 - [MESSAGE][PASSED] - Object: 'Object Repository/Общие объекты/Ростовэнерго' is clicked on

03-12-2024T03:18:13 - [TEST_STEP][PASSED] - Script1687405711779.Change(todaysDate): null

03-12-2024T03:18:13 - [TEST_STEP][PASSED] - scrollToElement(findTestObject("Выручка по ДЗО/Заголовок дашборда"), 30): Scroll to object 'Object Repository/Выручка по ДЗО/Заголовок дашборда' successfully

03-12-2024T03:18:13 - [MESSAGE][PASSED] - Scroll to object 'Object Repository/Выручка по ДЗО/Заголовок дашборда' successfully

03-12-2024T03:18:13 - [TEST_STEP][PASSED] - click(findTestObject("Выручка по ДЗО/Применить в фильтре ДЗО")): Object: 'Object Repository/Выручка по ДЗО/Применить в фильтре ДЗО' is clicked on

03-12-2024T03:18:14 - [MESSAGE][PASSED] - Object: 'Object Repository/Выручка по ДЗО/Применить в фильтре ДЗО' is clicked on

03-12-2024T03:18:14 - [TEST_STEP][PASSED] - Script1687405711779.Tumbler(todaysDate): null

03-12-2024T03:18:14 - [TEST_STEP][PASSED] - Script1687405711779.Test(todaysDate): null

03-12-2024T03:18:14 - [TEST_STEP][PASSED] - if (verifyTextNotPresent("нет данных", false) == true): null

03-12-2024T03:18:16 - [MESSAGE][PASSED] - Text 'нет данных' is not present on page

03-12-2024T03:18:16 - [TEST_STEP][PASSED] - if (verifyTextNotPresent("Ошибка запроса данных", false) == true): null

03-12-2024T03:18:17 - [MESSAGE][PASSED] - Text 'Ошибка запроса данных' is not present on page

03-12-2024T03:18:17 - [TEST_STEP][PASSED] - if (verifyTextNotPresent("Произошла ошибка при выполнении пользовательского кода", false) == true): null

03-12-2024T03:18:18 - [MESSAGE][PASSED] - Text 'Произошла ошибка при выполнении пользовательского кода' is not present on page

03-12-2024T03:18:18 - [TEST_STEP][PASSED] - if (verifyTextNotPresent("У виджета нет данных", false) == true): null

03-12-2024T03:18:18 - [MESSAGE][PASSED] - Text 'У виджета нет данных' is not present on page

03-12-2024T03:18:18 - [TEST_STEP][PASSED] - if (verifyTextNotPresent("У виджета нет данных", false) == true): Text 'У виджета нет данных' is not present on page

03-12-2024T03:18:19 - [MESSAGE][PASSED] - Text 'У виджета нет данных' is not present on page

03-12-2024T03:18:19 - [TEST_STEP][PASSED] - click(findTestObject("Выручка по ДЗО/Фильтр Выручка")): Object: 'Object Repository/Выручка по ДЗО/Фильтр Выручка' is clicked on

03-12-2024T03:18:19 - [MESSAGE][PASSED] - Object: 'Object Repository/Выручка по ДЗО/Фильтр Выручка' is clicked on

03-12-2024T03:18:19 - [TEST_STEP][PASSED] - click(findTestObject("Выручка по ДЗО/Внутренний оборот в фильтре Выручка")): Object: 'Object Repository/Выручка по ДЗО/Внутренний оборот в фильтре Выручка' is clicked on

03-12-2024T03:18:19 - [MESSAGE][PASSED] - Object: 'Object Repository/Выручка по ДЗО/Внутренний оборот в фильтре Выручка' is clicked on

03-12-2024T03:18:19 - [TEST_STEP][PASSED] - click(findTestObject("Выручка по ДЗО/Применить в фильтре Выручка")): Object: 'Object Repository/Выручка по ДЗО/Применить в фильтре Выручка' is clicked on

03-12-2024T03:18:20 - [MESSAGE][PASSED] - Object: 'Object Repository/Выручка по ДЗО/Применить в фильтре Выручка' is clicked on

03-12-2024T03:18:20 - [TEST_STEP][PASSED] - Script1687405711779.Test(todaysDate): null

03-12-2024T03:18:20 - [TEST_STEP][FAILED] - if (verifyTextNotPresent("нет данных", false) == true): Text 'нет данных' is present on page  (Root cause: com.kms.katalon.core.exception.StepFailedException: Text 'нет данных' is present on page 
	at com.kms.katalon.core.webui.keyword.internal.WebUIKeywordMain.stepFailed(WebUIKeywordMain.groovy:64)
	at com.kms.katalon.core.webui.keyword.builtin.VerifyTextNotPresentKeyword$_verifyTextNotPresent_closure1.doCall(VerifyTextNotPresentKeyword.groovy:77)
	at com.kms.katalon.core.webui.keyword.builtin.VerifyTextNotPresentKeyword$_verifyTextNotPresent_closure1.call(VerifyTextNotPresentKeyword.groovy)
	at com.kms.katalon.core.webui.keyword.internal.WebUIKeywordMain.runKeyword(WebUIKeywordMain.groovy:20)
	at com.kms.katalon.core.webui.keyword.builtin.VerifyTextNotPresentKeyword.verifyTextNotPresent(VerifyTextNotPresentKeyword.groovy:82)
	at com.kms.katalon.core.webui.keyword.builtin.VerifyTextNotPresentKeyword.execute(VerifyTextNotPresentKeyword.groovy:68)
	at com.kms.katalon.core.keyword.internal.KeywordExecutor.executeKeywordForPlatform(KeywordExecutor.groovy:74)
	at com.kms.katalon.core.webui.keyword.WebUiBuiltInKeywords.verifyTextNotPresent(WebUiBuiltInKeywords.groovy:1795)
	at Выручка по ДЗО отображение данных все филиалы.Test(Выручка по ДЗО отображение данных все филиалы:782)
	at Выручка по ДЗО отображение данных все филиалы.Tumbler(Выручка по ДЗО отображение данных все филиалы:738)
	at Выручка по ДЗО отображение данных все филиалы.Change(Выручка по ДЗО отображение данных все филиалы:772)
	at Выручка по ДЗО отображение данных все филиалы.DzoTest(Выручка по ДЗО отображение данных все филиалы:704)
	at Выручка по ДЗО отображение данных все филиалы.run(Выручка по ДЗО отображение данных все филиалы:134)
	at com.kms.katalon.core.main.ScriptEngine.run(ScriptEngine.java:194)
	at com.kms.katalon.core.main.ScriptEngine.runScriptAsRawText(ScriptEngine.java:119)
	at com.kms.katalon.core.main.TestCaseExecutor.runScript(TestCaseExecutor.java:448)
	at com.kms.katalon.core.main.TestCaseExecutor.doExecute(TestCaseExecutor.java:439)
	at com.kms.katalon.core.main.TestCaseExecutor.processExecutionPhase(TestCaseExecutor.java:418)
	at com.kms.katalon.core.main.TestCaseExecutor.accessMainPhase(TestCaseExecutor.java:410)
	at com.kms.katalon.core.main.TestCaseExecutor.execute(TestCaseExecutor.java:285)
	at com.kms.katalon.core.common.CommonExecutor.accessTestCaseMainPhase(CommonExecutor.java:65)
	at com.kms.katalon.core.main.TestSuiteExecutor.accessTestSuiteMainPhase(TestSuiteExecutor.java:150)
	at com.kms.katalon.core.main.TestSuiteExecutor.execute(TestSuiteExecutor.java:106)
	at com.kms.katalon.core.main.TestCaseMain.startTestSuite(TestCaseMain.java:180)
	at TempTestSuite1733182698305.run(TempTestSuite1733182698305.groovy:35)
	at java.base/jdk.internal.reflect.NativeMethodAccessorImpl.invoke0(Native Method)
	at java.base/jdk.internal.reflect.NativeMethodAccessorImpl.invoke(NativeMethodAccessorImpl.java:77)
	at java.base/jdk.internal.reflect.DelegatingMethodAccessorImpl.invoke(DelegatingMethodAccessorImpl.java:43)
)

03-12-2024T03:18:22 - [MESSAGE][FAILED] - Text 'нет данных' is present on page  (Root cause: com.kms.katalon.core.exception.StepFailedException: Text 'нет данных' is present on page 
	at com.kms.katalon.core.webui.keyword.internal.WebUIKeywordMain.stepFailed(WebUIKeywordMain.groovy:64)
	at com.kms.katalon.core.webui.keyword.builtin.VerifyTextNotPresentKeyword$_verifyTextNotPresent_closure1.doCall(VerifyTextNotPresentKeyword.groovy:77)
	at com.kms.katalon.core.webui.keyword.builtin.VerifyTextNotPresentKeyword$_verifyTextNotPresent_closure1.call(VerifyTextNotPresentKeyword.groovy)
	at com.kms.katalon.core.webui.keyword.internal.WebUIKeywordMain.runKeyword(WebUIKeywordMain.groovy:20)
	at com.kms.katalon.core.webui.keyword.builtin.VerifyTextNotPresentKeyword.verifyTextNotPresent(VerifyTextNotPresentKeyword.groovy:82)
	at com.kms.katalon.core.webui.keyword.builtin.VerifyTextNotPresentKeyword.execute(VerifyTextNotPresentKeyword.groovy:68)
	at com.kms.katalon.core.keyword.internal.KeywordExecutor.executeKeywordForPlatform(KeywordExecutor.groovy:74)
	at com.kms.katalon.core.webui.keyword.WebUiBuiltInKeywords.verifyTextNotPresent(WebUiBuiltInKeywords.groovy:1795)
	at Выручка по ДЗО отображение данных все филиалы.Test(Выручка по ДЗО отображение данных все филиалы:782)
	at Выручка по ДЗО отображение данных все филиалы.Tumbler(Выручка по ДЗО отображение данных все филиалы:738)
	at Выручка по ДЗО отображение данных все филиалы.Change(Выручка по ДЗО отображение данных все филиалы:772)
	at Выручка по ДЗО отображение данных все филиалы.DzoTest(Выручка по ДЗО отображение данных все филиалы:704)
	at Выручка по ДЗО отображение данных все филиалы.run(Выручка по ДЗО отображение данных все филиалы:134)
	at com.kms.katalon.core.main.ScriptEngine.run(ScriptEngine.java:194)
	at com.kms.katalon.core.main.ScriptEngine.runScriptAsRawText(ScriptEngine.java:119)
	at com.kms.katalon.core.main.TestCaseExecutor.runScript(TestCaseExecutor.java:448)
	at com.kms.katalon.core.main.TestCaseExecutor.doExecute(TestCaseExecutor.java:439)
	at com.kms.katalon.core.main.TestCaseExecutor.processExecutionPhase(TestCaseExecutor.java:418)
	at com.kms.katalon.core.main.TestCaseExecutor.accessMainPhase(TestCaseExecutor.java:410)
	at com.kms.katalon.core.main.TestCaseExecutor.execute(TestCaseExecutor.java:285)
	at com.kms.katalon.core.common.CommonExecutor.accessTestCaseMainPhase(CommonExecutor.java:65)
	at com.kms.katalon.core.main.TestSuiteExecutor.accessTestSuiteMainPhase(TestSuiteExecutor.java:150)
	at com.kms.katalon.core.main.TestSuiteExecutor.execute(TestSuiteExecutor.java:106)
	at com.kms.katalon.core.main.TestCaseMain.startTestSuite(TestCaseMain.java:180)
	at TempTestSuite1733182698305.run(TempTestSuite1733182698305.groovy:35)
	at java.base/jdk.internal.reflect.NativeMethodAccessorImpl.invoke0(Native Method)
	at java.base/jdk.internal.reflect.NativeMethodAccessorImpl.invoke(NativeMethodAccessorImpl.java:77)
	at java.base/jdk.internal.reflect.DelegatingMethodAccessorImpl.invoke(DelegatingMethodAccessorImpl.java:43)
)

03-12-2024T03:18:22 - [TEST_STEP][PASSED] - else: null

03-12-2024T03:18:22 - [TEST_STEP][PASSED] - Script1687405711779.WriteToExcel(todaysDate): null

03-12-2024T03:18:22 - [TEST_STEP][PASSED] - sheetName = "Sheet1": null

03-12-2024T03:18:22 - [TEST_STEP][PASSED] - data = findTestData("PlanFact"): null

03-12-2024T03:18:22 - [TEST_STEP][PASSED] - n = data.getRowNumbers() + 1: null

03-12-2024T03:18:22 - [TEST_STEP][PASSED] - dZO = getText(findTestObject("Выручка по ДЗО/Фильтр ДЗО")): Text of object 'Object Repository/Выручка по ДЗО/Фильтр ДЗО' is: 'ПАО Россети - РаспредКомплекс - Россети Юг (ГК) - Ростовэнерго'

03-12-2024T03:18:22 - [MESSAGE][PASSED] - Text of object 'Object Repository/Выручка по ДЗО/Фильтр ДЗО' is: 'ПАО Россети - РаспредКомплекс - Россети Юг (ГК) - Ростовэнерго'

03-12-2024T03:18:22 - [TEST_STEP][PASSED] - period = getText(findTestObject("Выручка по ДЗО/Фильтр Дата")): Text of object 'Object Repository/Выручка по ДЗО/Фильтр Дата' is: '1, 2, 3 кв., Октябрь 2024 года'

03-12-2024T03:18:23 - [MESSAGE][PASSED] - Text of object 'Object Repository/Выручка по ДЗО/Фильтр Дата' is: '1, 2, 3 кв., Октябрь 2024 года'

03-12-2024T03:18:23 - [TEST_STEP][PASSED] - viruchka = getText(findTestObject("Выручка по ДЗО/Фильтр Выручка")): Text of object 'Object Repository/Выручка по ДЗО/Фильтр Выручка' is: 'внутренний оборот'

03-12-2024T03:18:23 - [MESSAGE][PASSED] - Text of object 'Object Repository/Выручка по ДЗО/Фильтр Выручка' is: 'внутренний оборот'

03-12-2024T03:18:23 - [TEST_STEP][PASSED] - if (viruchka == "Выбрано: 2"): null

03-12-2024T03:18:23 - [TEST_STEP][PASSED] - if (viruchka == "Все"): null

03-12-2024T03:18:23 - [TEST_STEP][PASSED] - println(period): null

03-12-2024T03:18:23 - [TEST_STEP][PASSED] - dashboardName = "Выручка по ДЗО": null

03-12-2024T03:18:23 - [TEST_STEP][PASSED] - workbook01 = getWorkbook(excelFilePath): null

03-12-2024T03:18:23 - [TEST_STEP][PASSED] - sheet01 = getExcelSheet(workbook01, sheetName): null

03-12-2024T03:18:23 - [TEST_STEP][PASSED] - setValueToCellByIndex(sheet01, n, 0, dashboardName): null

03-12-2024T03:18:23 - [TEST_STEP][PASSED] - setValueToCellByIndex(sheet01, n, 1, dZO): null

03-12-2024T03:18:23 - [TEST_STEP][PASSED] - setValueToCellByIndex(sheet01, n, 2, period): null

03-12-2024T03:18:23 - [TEST_STEP][PASSED] - setValueToCellByIndex(sheet01, n, 3, viruchka): null

03-12-2024T03:18:23 - [TEST_STEP][PASSED] - setValueToCellByIndex(sheet01, n, 4, todaysDate): null

03-12-2024T03:18:23 - [TEST_STEP][PASSED] - n = n + 1: null

03-12-2024T03:18:23 - [TEST_STEP][PASSED] - saveWorkbook(excelFilePath, workbook01): null

03-12-2024T03:18:23 - [TEST_STEP][PASSED] - click(findTestObject("Выручка по ДЗО/Фильтр Выручка")): Object: 'Object Repository/Выручка по ДЗО/Фильтр Выручка' is clicked on

03-12-2024T03:18:23 - [MESSAGE][PASSED] - Object: 'Object Repository/Выручка по ДЗО/Фильтр Выручка' is clicked on

03-12-2024T03:18:23 - [TEST_STEP][PASSED] - click(findTestObject("Выручка по ДЗО/По передаче в фильтре Выручка")): Object: 'Object Repository/Выручка по ДЗО/По передаче в фильтре Выручка' is clicked on

03-12-2024T03:18:24 - [MESSAGE][PASSED] - Object: 'Object Repository/Выручка по ДЗО/По передаче в фильтре Выручка' is clicked on

03-12-2024T03:18:24 - [TEST_STEP][PASSED] - click(findTestObject("Выручка по ДЗО/Применить в фильтре Выручка")): Object: 'Object Repository/Выручка по ДЗО/Применить в фильтре Выручка' is clicked on

03-12-2024T03:18:25 - [MESSAGE][PASSED] - Object: 'Object Repository/Выручка по ДЗО/Применить в фильтре Выручка' is clicked on

03-12-2024T03:18:25 - [TEST_STEP][PASSED] - Script1687405711779.Test(todaysDate): null

03-12-2024T03:18:25 - [TEST_STEP][PASSED] - if (verifyTextNotPresent("нет данных", false) == true): null

03-12-2024T03:18:26 - [MESSAGE][PASSED] - Text 'нет данных' is not present on page

03-12-2024T03:18:26 - [TEST_STEP][PASSED] - if (verifyTextNotPresent("Ошибка запроса данных", false) == true): null

03-12-2024T03:18:27 - [MESSAGE][PASSED] - Text 'Ошибка запроса данных' is not present on page

03-12-2024T03:18:27 - [TEST_STEP][PASSED] - if (verifyTextNotPresent("Произошла ошибка при выполнении пользовательского кода", false) == true): null

03-12-2024T03:18:28 - [MESSAGE][PASSED] - Text 'Произошла ошибка при выполнении пользовательского кода' is not present on page

03-12-2024T03:18:28 - [TEST_STEP][PASSED] - if (verifyTextNotPresent("У виджета нет данных", false) == true): null

03-12-2024T03:18:29 - [MESSAGE][PASSED] - Text 'У виджета нет данных' is not present on page

03-12-2024T03:18:29 - [TEST_STEP][PASSED] - if (verifyTextNotPresent("У виджета нет данных", false) == true): Text 'У виджета нет данных' is not present on page

03-12-2024T03:18:29 - [MESSAGE][PASSED] - Text 'У виджета нет данных' is not present on page

03-12-2024T03:18:29 - [TEST_STEP][PASSED] - click(findTestObject("Выручка по ДЗО/Фильтр Выручка")): Object: 'Object Repository/Выручка по ДЗО/Фильтр Выручка' is clicked on

03-12-2024T03:18:29 - [MESSAGE][PASSED] - Object: 'Object Repository/Выручка по ДЗО/Фильтр Выручка' is clicked on

03-12-2024T03:18:29 - [TEST_STEP][PASSED] - click(findTestObject("Выручка по ДЗО/Снять выделение в фильтре Выручка")): Object: 'Object Repository/Выручка по ДЗО/Снять выделение в фильтре Выручка' is clicked on

03-12-2024T03:18:30 - [MESSAGE][PASSED] - Object: 'Object Repository/Выручка по ДЗО/Снять выделение в фильтре Выручка' is clicked on

03-12-2024T03:18:30 - [TEST_STEP][PASSED] - click(findTestObject("Выручка по ДЗО/По передаче в фильтре Выручка")): Object: 'Object Repository/Выручка по ДЗО/По передаче в фильтре Выручка' is clicked on

03-12-2024T03:18:30 - [MESSAGE][PASSED] - Object: 'Object Repository/Выручка по ДЗО/По передаче в фильтре Выручка' is clicked on

03-12-2024T03:18:30 - [TEST_STEP][PASSED] - click(findTestObject("Выручка по ДЗО/Применить в фильтре Выручка")): Object: 'Object Repository/Выручка по ДЗО/Применить в фильтре Выручка' is clicked on

03-12-2024T03:18:31 - [MESSAGE][PASSED] - Object: 'Object Repository/Выручка по ДЗО/Применить в фильтре Выручка' is clicked on

03-12-2024T03:18:31 - [TEST_STEP][PASSED] - Script1687405711779.Test(todaysDate): null

03-12-2024T03:18:31 - [TEST_STEP][PASSED] - if (verifyTextNotPresent("нет данных", false) == true): null

03-12-2024T03:18:33 - [MESSAGE][PASSED] - Text 'нет данных' is not present on page

03-12-2024T03:18:33 - [TEST_STEP][PASSED] - if (verifyTextNotPresent("Ошибка запроса данных", false) == true): null

03-12-2024T03:18:33 - [MESSAGE][PASSED] - Text 'Ошибка запроса данных' is not present on page

03-12-2024T03:18:33 - [TEST_STEP][PASSED] - if (verifyTextNotPresent("Произошла ошибка при выполнении пользовательского кода", false) == true): null

03-12-2024T03:18:33 - [MESSAGE][PASSED] - Text 'Произошла ошибка при выполнении пользовательского кода' is not present on page

03-12-2024T03:18:33 - [TEST_STEP][PASSED] - if (verifyTextNotPresent("У виджета нет данных", false) == true): null

03-12-2024T03:18:34 - [MESSAGE][PASSED] - Text 'У виджета нет данных' is not present on page

03-12-2024T03:18:34 - [TEST_STEP][PASSED] - if (verifyTextNotPresent("У виджета нет данных", false) == true): Text 'У виджета нет данных' is not present on page

03-12-2024T03:18:34 - [MESSAGE][PASSED] - Text 'У виджета нет данных' is not present on page

03-12-2024T03:18:34 - [TEST_STEP][PASSED] - click(findTestObject("Выручка по ДЗО/Фильтр Выручка")): Object: 'Object Repository/Выручка по ДЗО/Фильтр Выручка' is clicked on

03-12-2024T03:18:35 - [MESSAGE][PASSED] - Object: 'Object Repository/Выручка по ДЗО/Фильтр Выручка' is clicked on

03-12-2024T03:18:35 - [TEST_STEP][PASSED] - click(findTestObject("Выручка по ДЗО/Снять выделение в фильтре Выручка")): Object: 'Object Repository/Выручка по ДЗО/Снять выделение в фильтре Выручка' is clicked on

03-12-2024T03:18:35 - [MESSAGE][PASSED] - Object: 'Object Repository/Выручка по ДЗО/Снять выделение в фильтре Выручка' is clicked on

03-12-2024T03:18:35 - [TEST_STEP][PASSED] - click(findTestObject("Выручка по ДЗО/Применить в фильтре Выручка")): Object: 'Object Repository/Выручка по ДЗО/Применить в фильтре Выручка' is clicked on

03-12-2024T03:18:36 - [MESSAGE][PASSED] - Object: 'Object Repository/Выручка по ДЗО/Применить в фильтре Выручка' is clicked on

03-12-2024T03:18:36 - [TEST_STEP][PASSED] - click(findTestObject("Выручка по ДЗО/Фильтр ДЗО")): Object: 'Object Repository/Выручка по ДЗО/Фильтр ДЗО' is clicked on

03-12-2024T03:18:38 - [MESSAGE][PASSED] - Object: 'Object Repository/Выручка по ДЗО/Фильтр ДЗО' is clicked on

03-12-2024T03:18:38 - [TEST_STEP][PASSED] - click(findTestObject("Выручка по ДЗО/Снять выделение в фильтре ДЗО")): Object: 'Object Repository/Выручка по ДЗО/Снять выделение в фильтре ДЗО' is clicked on

03-12-2024T03:18:38 - [MESSAGE][PASSED] - Object: 'Object Repository/Выручка по ДЗО/Снять выделение в фильтре ДЗО' is clicked on

03-12-2024T03:18:38 - [TEST_STEP][PASSED] - scrollToElement(findTestObject("Выручка по ДЗО/Россети Янтарь Выручка по ДЗО"), 30): Scroll to object 'Object Repository/Выручка по ДЗО/Россети Янтарь Выручка по ДЗО' successfully

03-12-2024T03:18:39 - [MESSAGE][PASSED] - Scroll to object 'Object Repository/Выручка по ДЗО/Россети Янтарь Выручка по ДЗО' successfully

03-12-2024T03:18:39 - [TEST_STEP][PASSED] - click(findTestObject("Выручка по ДЗО/Россети Янтарь Выручка по ДЗО")): Object: 'Object Repository/Выручка по ДЗО/Россети Янтарь Выручка по ДЗО' is clicked on

03-12-2024T03:18:39 - [MESSAGE][PASSED] - Object: 'Object Repository/Выручка по ДЗО/Россети Янтарь Выручка по ДЗО' is clicked on

03-12-2024T03:18:39 - [TEST_STEP][PASSED] - Script1687405711779.Change(todaysDate): null

03-12-2024T03:18:39 - [TEST_STEP][PASSED] - scrollToElement(findTestObject("Выручка по ДЗО/Заголовок дашборда"), 30): Scroll to object 'Object Repository/Выручка по ДЗО/Заголовок дашборда' successfully

03-12-2024T03:18:39 - [MESSAGE][PASSED] - Scroll to object 'Object Repository/Выручка по ДЗО/Заголовок дашборда' successfully

03-12-2024T03:18:39 - [TEST_STEP][PASSED] - click(findTestObject("Выручка по ДЗО/Применить в фильтре ДЗО")): Object: 'Object Repository/Выручка по ДЗО/Применить в фильтре ДЗО' is clicked on

03-12-2024T03:18:40 - [MESSAGE][PASSED] - Object: 'Object Repository/Выручка по ДЗО/Применить в фильтре ДЗО' is clicked on

03-12-2024T03:18:40 - [TEST_STEP][PASSED] - Script1687405711779.Tumbler(todaysDate): null

03-12-2024T03:18:40 - [TEST_STEP][PASSED] - Script1687405711779.Test(todaysDate): null

03-12-2024T03:18:40 - [TEST_STEP][PASSED] - if (verifyTextNotPresent("нет данных", false) == true): null

03-12-2024T03:18:42 - [MESSAGE][PASSED] - Text 'нет данных' is not present on page

03-12-2024T03:18:42 - [TEST_STEP][PASSED] - if (verifyTextNotPresent("Ошибка запроса данных", false) == true): null

03-12-2024T03:18:43 - [MESSAGE][PASSED] - Text 'Ошибка запроса данных' is not present on page

03-12-2024T03:18:43 - [TEST_STEP][PASSED] - if (verifyTextNotPresent("Произошла ошибка при выполнении пользовательского кода", false) == true): null

03-12-2024T03:18:44 - [MESSAGE][PASSED] - Text 'Произошла ошибка при выполнении пользовательского кода' is not present on page

03-12-2024T03:18:44 - [TEST_STEP][PASSED] - if (verifyTextNotPresent("У виджета нет данных", false) == true): null

03-12-2024T03:18:44 - [MESSAGE][PASSED] - Text 'У виджета нет данных' is not present on page

03-12-2024T03:18:44 - [TEST_STEP][PASSED] - if (verifyTextNotPresent("У виджета нет данных", false) == true): Text 'У виджета нет данных' is not present on page

03-12-2024T03:18:45 - [MESSAGE][PASSED] - Text 'У виджета нет данных' is not present on page

03-12-2024T03:18:45 - [TEST_STEP][PASSED] - click(findTestObject("Выручка по ДЗО/Фильтр Выручка")): Object: 'Object Repository/Выручка по ДЗО/Фильтр Выручка' is clicked on

03-12-2024T03:18:45 - [MESSAGE][PASSED] - Object: 'Object Repository/Выручка по ДЗО/Фильтр Выручка' is clicked on

03-12-2024T03:18:45 - [TEST_STEP][PASSED] - click(findTestObject("Выручка по ДЗО/Внутренний оборот в фильтре Выручка")): Object: 'Object Repository/Выручка по ДЗО/Внутренний оборот в фильтре Выручка' is clicked on

03-12-2024T03:18:45 - [MESSAGE][PASSED] - Object: 'Object Repository/Выручка по ДЗО/Внутренний оборот в фильтре Выручка' is clicked on

03-12-2024T03:18:45 - [TEST_STEP][PASSED] - click(findTestObject("Выручка по ДЗО/Применить в фильтре Выручка")): Object: 'Object Repository/Выручка по ДЗО/Применить в фильтре Выручка' is clicked on

03-12-2024T03:18:46 - [MESSAGE][PASSED] - Object: 'Object Repository/Выручка по ДЗО/Применить в фильтре Выручка' is clicked on

03-12-2024T03:18:46 - [TEST_STEP][PASSED] - Script1687405711779.Test(todaysDate): null

03-12-2024T03:18:46 - [TEST_STEP][FAILED] - if (verifyTextNotPresent("нет данных", false) == true): Text 'нет данных' is present on page  (Root cause: com.kms.katalon.core.exception.StepFailedException: Text 'нет данных' is present on page 
	at com.kms.katalon.core.webui.keyword.internal.WebUIKeywordMain.stepFailed(WebUIKeywordMain.groovy:64)
	at com.kms.katalon.core.webui.keyword.builtin.VerifyTextNotPresentKeyword$_verifyTextNotPresent_closure1.doCall(VerifyTextNotPresentKeyword.groovy:77)
	at com.kms.katalon.core.webui.keyword.builtin.VerifyTextNotPresentKeyword$_verifyTextNotPresent_closure1.call(VerifyTextNotPresentKeyword.groovy)
	at com.kms.katalon.core.webui.keyword.internal.WebUIKeywordMain.runKeyword(WebUIKeywordMain.groovy:20)
	at com.kms.katalon.core.webui.keyword.builtin.VerifyTextNotPresentKeyword.verifyTextNotPresent(VerifyTextNotPresentKeyword.groovy:82)
	at com.kms.katalon.core.webui.keyword.builtin.VerifyTextNotPresentKeyword.execute(VerifyTextNotPresentKeyword.groovy:68)
	at com.kms.katalon.core.keyword.internal.KeywordExecutor.executeKeywordForPlatform(KeywordExecutor.groovy:74)
	at com.kms.katalon.core.webui.keyword.WebUiBuiltInKeywords.verifyTextNotPresent(WebUiBuiltInKeywords.groovy:1795)
	at Выручка по ДЗО отображение данных все филиалы.Test(Выручка по ДЗО отображение данных все филиалы:782)
	at Выручка по ДЗО отображение данных все филиалы.Tumbler(Выручка по ДЗО отображение данных все филиалы:738)
	at Выручка по ДЗО отображение данных все филиалы.Change(Выручка по ДЗО отображение данных все филиалы:772)
	at Выручка по ДЗО отображение данных все филиалы.DzoTest(Выручка по ДЗО отображение данных все филиалы:710)
	at Выручка по ДЗО отображение данных все филиалы.run(Выручка по ДЗО отображение данных все филиалы:134)
	at com.kms.katalon.core.main.ScriptEngine.run(ScriptEngine.java:194)
	at com.kms.katalon.core.main.ScriptEngine.runScriptAsRawText(ScriptEngine.java:119)
	at com.kms.katalon.core.main.TestCaseExecutor.runScript(TestCaseExecutor.java:448)
	at com.kms.katalon.core.main.TestCaseExecutor.doExecute(TestCaseExecutor.java:439)
	at com.kms.katalon.core.main.TestCaseExecutor.processExecutionPhase(TestCaseExecutor.java:418)
	at com.kms.katalon.core.main.TestCaseExecutor.accessMainPhase(TestCaseExecutor.java:410)
	at com.kms.katalon.core.main.TestCaseExecutor.execute(TestCaseExecutor.java:285)
	at com.kms.katalon.core.common.CommonExecutor.accessTestCaseMainPhase(CommonExecutor.java:65)
	at com.kms.katalon.core.main.TestSuiteExecutor.accessTestSuiteMainPhase(TestSuiteExecutor.java:150)
	at com.kms.katalon.core.main.TestSuiteExecutor.execute(TestSuiteExecutor.java:106)
	at com.kms.katalon.core.main.TestCaseMain.startTestSuite(TestCaseMain.java:180)
	at TempTestSuite1733182698305.run(TempTestSuite1733182698305.groovy:35)
	at java.base/jdk.internal.reflect.NativeMethodAccessorImpl.invoke0(Native Method)
	at java.base/jdk.internal.reflect.NativeMethodAccessorImpl.invoke(NativeMethodAccessorImpl.java:77)
	at java.base/jdk.internal.reflect.DelegatingMethodAccessorImpl.invoke(DelegatingMethodAccessorImpl.java:43)
)

03-12-2024T03:18:48 - [MESSAGE][FAILED] - Text 'нет данных' is present on page  (Root cause: com.kms.katalon.core.exception.StepFailedException: Text 'нет данных' is present on page 
	at com.kms.katalon.core.webui.keyword.internal.WebUIKeywordMain.stepFailed(WebUIKeywordMain.groovy:64)
	at com.kms.katalon.core.webui.keyword.builtin.VerifyTextNotPresentKeyword$_verifyTextNotPresent_closure1.doCall(VerifyTextNotPresentKeyword.groovy:77)
	at com.kms.katalon.core.webui.keyword.builtin.VerifyTextNotPresentKeyword$_verifyTextNotPresent_closure1.call(VerifyTextNotPresentKeyword.groovy)
	at com.kms.katalon.core.webui.keyword.internal.WebUIKeywordMain.runKeyword(WebUIKeywordMain.groovy:20)
	at com.kms.katalon.core.webui.keyword.builtin.VerifyTextNotPresentKeyword.verifyTextNotPresent(VerifyTextNotPresentKeyword.groovy:82)
	at com.kms.katalon.core.webui.keyword.builtin.VerifyTextNotPresentKeyword.execute(VerifyTextNotPresentKeyword.groovy:68)
	at com.kms.katalon.core.keyword.internal.KeywordExecutor.executeKeywordForPlatform(KeywordExecutor.groovy:74)
	at com.kms.katalon.core.webui.keyword.WebUiBuiltInKeywords.verifyTextNotPresent(WebUiBuiltInKeywords.groovy:1795)
	at Выручка по ДЗО отображение данных все филиалы.Test(Выручка по ДЗО отображение данных все филиалы:782)
	at Выручка по ДЗО отображение данных все филиалы.Tumbler(Выручка по ДЗО отображение данных все филиалы:738)
	at Выручка по ДЗО отображение данных все филиалы.Change(Выручка по ДЗО отображение данных все филиалы:772)
	at Выручка по ДЗО отображение данных все филиалы.DzoTest(Выручка по ДЗО отображение данных все филиалы:710)
	at Выручка по ДЗО отображение данных все филиалы.run(Выручка по ДЗО отображение данных все филиалы:134)
	at com.kms.katalon.core.main.ScriptEngine.run(ScriptEngine.java:194)
	at com.kms.katalon.core.main.ScriptEngine.runScriptAsRawText(ScriptEngine.java:119)
	at com.kms.katalon.core.main.TestCaseExecutor.runScript(TestCaseExecutor.java:448)
	at com.kms.katalon.core.main.TestCaseExecutor.doExecute(TestCaseExecutor.java:439)
	at com.kms.katalon.core.main.TestCaseExecutor.processExecutionPhase(TestCaseExecutor.java:418)
	at com.kms.katalon.core.main.TestCaseExecutor.accessMainPhase(TestCaseExecutor.java:410)
	at com.kms.katalon.core.main.TestCaseExecutor.execute(TestCaseExecutor.java:285)
	at com.kms.katalon.core.common.CommonExecutor.accessTestCaseMainPhase(CommonExecutor.java:65)
	at com.kms.katalon.core.main.TestSuiteExecutor.accessTestSuiteMainPhase(TestSuiteExecutor.java:150)
	at com.kms.katalon.core.main.TestSuiteExecutor.execute(TestSuiteExecutor.java:106)
	at com.kms.katalon.core.main.TestCaseMain.startTestSuite(TestCaseMain.java:180)
	at TempTestSuite1733182698305.run(TempTestSuite1733182698305.groovy:35)
	at java.base/jdk.internal.reflect.NativeMethodAccessorImpl.invoke0(Native Method)
	at java.base/jdk.internal.reflect.NativeMethodAccessorImpl.invoke(NativeMethodAccessorImpl.java:77)
	at java.base/jdk.internal.reflect.DelegatingMethodAccessorImpl.invoke(DelegatingMethodAccessorImpl.java:43)
)

03-12-2024T03:18:48 - [TEST_STEP][PASSED] - else: null

03-12-2024T03:18:48 - [TEST_STEP][PASSED] - Script1687405711779.WriteToExcel(todaysDate): null

03-12-2024T03:18:48 - [TEST_STEP][PASSED] - sheetName = "Sheet1": null

03-12-2024T03:18:48 - [TEST_STEP][PASSED] - data = findTestData("PlanFact"): null

03-12-2024T03:18:48 - [TEST_STEP][PASSED] - n = data.getRowNumbers() + 1: null

03-12-2024T03:18:48 - [TEST_STEP][PASSED] - dZO = getText(findTestObject("Выручка по ДЗО/Фильтр ДЗО")): Text of object 'Object Repository/Выручка по ДЗО/Фильтр ДЗО' is: 'ПАО Россети - РаспредКомплекс - Россети Янтарь'

03-12-2024T03:18:48 - [MESSAGE][PASSED] - Text of object 'Object Repository/Выручка по ДЗО/Фильтр ДЗО' is: 'ПАО Россети - РаспредКомплекс - Россети Янтарь'

03-12-2024T03:18:48 - [TEST_STEP][PASSED] - period = getText(findTestObject("Выручка по ДЗО/Фильтр Дата")): Text of object 'Object Repository/Выручка по ДЗО/Фильтр Дата' is: '1, 2, 3 кв., Октябрь 2024 года'

03-12-2024T03:18:48 - [MESSAGE][PASSED] - Text of object 'Object Repository/Выручка по ДЗО/Фильтр Дата' is: '1, 2, 3 кв., Октябрь 2024 года'

03-12-2024T03:18:48 - [TEST_STEP][PASSED] - viruchka = getText(findTestObject("Выручка по ДЗО/Фильтр Выручка")): Text of object 'Object Repository/Выручка по ДЗО/Фильтр Выручка' is: 'внутренний оборот'

03-12-2024T03:18:49 - [MESSAGE][PASSED] - Text of object 'Object Repository/Выручка по ДЗО/Фильтр Выручка' is: 'внутренний оборот'

03-12-2024T03:18:49 - [TEST_STEP][PASSED] - if (viruchka == "Выбрано: 2"): null

03-12-2024T03:18:49 - [TEST_STEP][PASSED] - if (viruchka == "Все"): null

03-12-2024T03:18:49 - [TEST_STEP][PASSED] - println(period): null

03-12-2024T03:18:49 - [TEST_STEP][PASSED] - dashboardName = "Выручка по ДЗО": null

03-12-2024T03:18:49 - [TEST_STEP][PASSED] - workbook01 = getWorkbook(excelFilePath): null

03-12-2024T03:18:49 - [TEST_STEP][PASSED] - sheet01 = getExcelSheet(workbook01, sheetName): null

03-12-2024T03:18:49 - [TEST_STEP][PASSED] - setValueToCellByIndex(sheet01, n, 0, dashboardName): null

03-12-2024T03:18:49 - [TEST_STEP][PASSED] - setValueToCellByIndex(sheet01, n, 1, dZO): null

03-12-2024T03:18:49 - [TEST_STEP][PASSED] - setValueToCellByIndex(sheet01, n, 2, period): null

03-12-2024T03:18:49 - [TEST_STEP][PASSED] - setValueToCellByIndex(sheet01, n, 3, viruchka): null

03-12-2024T03:18:49 - [TEST_STEP][PASSED] - setValueToCellByIndex(sheet01, n, 4, todaysDate): null

03-12-2024T03:18:49 - [TEST_STEP][PASSED] - n = n + 1: null

03-12-2024T03:18:49 - [TEST_STEP][PASSED] - saveWorkbook(excelFilePath, workbook01): null

03-12-2024T03:18:49 - [TEST_STEP][PASSED] - click(findTestObject("Выручка по ДЗО/Фильтр Выручка")): Object: 'Object Repository/Выручка по ДЗО/Фильтр Выручка' is clicked on

03-12-2024T03:18:49 - [MESSAGE][PASSED] - Object: 'Object Repository/Выручка по ДЗО/Фильтр Выручка' is clicked on

03-12-2024T03:18:49 - [TEST_STEP][PASSED] - click(findTestObject("Выручка по ДЗО/По передаче в фильтре Выручка")): Object: 'Object Repository/Выручка по ДЗО/По передаче в фильтре Выручка' is clicked on

03-12-2024T03:18:50 - [MESSAGE][PASSED] - Object: 'Object Repository/Выручка по ДЗО/По передаче в фильтре Выручка' is clicked on

03-12-2024T03:18:50 - [TEST_STEP][PASSED] - click(findTestObject("Выручка по ДЗО/Применить в фильтре Выручка")): Object: 'Object Repository/Выручка по ДЗО/Применить в фильтре Выручка' is clicked on

03-12-2024T03:18:51 - [MESSAGE][PASSED] - Object: 'Object Repository/Выручка по ДЗО/Применить в фильтре Выручка' is clicked on

03-12-2024T03:18:51 - [TEST_STEP][PASSED] - Script1687405711779.Test(todaysDate): null

03-12-2024T03:18:51 - [TEST_STEP][PASSED] - if (verifyTextNotPresent("нет данных", false) == true): null

03-12-2024T03:18:53 - [MESSAGE][PASSED] - Text 'нет данных' is not present on page

03-12-2024T03:18:53 - [TEST_STEP][PASSED] - if (verifyTextNotPresent("Ошибка запроса данных", false) == true): null

03-12-2024T03:18:54 - [MESSAGE][PASSED] - Text 'Ошибка запроса данных' is not present on page

03-12-2024T03:18:54 - [TEST_STEP][PASSED] - if (verifyTextNotPresent("Произошла ошибка при выполнении пользовательского кода", false) == true): null

03-12-2024T03:18:54 - [MESSAGE][PASSED] - Text 'Произошла ошибка при выполнении пользовательского кода' is not present on page

03-12-2024T03:18:54 - [TEST_STEP][PASSED] - if (verifyTextNotPresent("У виджета нет данных", false) == true): null

03-12-2024T03:18:55 - [MESSAGE][PASSED] - Text 'У виджета нет данных' is not present on page

03-12-2024T03:18:55 - [TEST_STEP][PASSED] - if (verifyTextNotPresent("У виджета нет данных", false) == true): Text 'У виджета нет данных' is not present on page

03-12-2024T03:18:55 - [MESSAGE][PASSED] - Text 'У виджета нет данных' is not present on page

03-12-2024T03:18:55 - [TEST_STEP][PASSED] - click(findTestObject("Выручка по ДЗО/Фильтр Выручка")): Object: 'Object Repository/Выручка по ДЗО/Фильтр Выручка' is clicked on

03-12-2024T03:18:55 - [MESSAGE][PASSED] - Object: 'Object Repository/Выручка по ДЗО/Фильтр Выручка' is clicked on

03-12-2024T03:18:55 - [TEST_STEP][PASSED] - click(findTestObject("Выручка по ДЗО/Снять выделение в фильтре Выручка")): Object: 'Object Repository/Выручка по ДЗО/Снять выделение в фильтре Выручка' is clicked on

03-12-2024T03:18:56 - [MESSAGE][PASSED] - Object: 'Object Repository/Выручка по ДЗО/Снять выделение в фильтре Выручка' is clicked on

03-12-2024T03:18:56 - [TEST_STEP][PASSED] - click(findTestObject("Выручка по ДЗО/По передаче в фильтре Выручка")): Object: 'Object Repository/Выручка по ДЗО/По передаче в фильтре Выручка' is clicked on

03-12-2024T03:18:56 - [MESSAGE][PASSED] - Object: 'Object Repository/Выручка по ДЗО/По передаче в фильтре Выручка' is clicked on

03-12-2024T03:18:56 - [TEST_STEP][PASSED] - click(findTestObject("Выручка по ДЗО/Применить в фильтре Выручка")): Object: 'Object Repository/Выручка по ДЗО/Применить в фильтре Выручка' is clicked on

03-12-2024T03:18:57 - [MESSAGE][PASSED] - Object: 'Object Repository/Выручка по ДЗО/Применить в фильтре Выручка' is clicked on

03-12-2024T03:18:57 - [TEST_STEP][PASSED] - Script1687405711779.Test(todaysDate): null

03-12-2024T03:18:57 - [TEST_STEP][PASSED] - if (verifyTextNotPresent("нет данных", false) == true): null

03-12-2024T03:18:59 - [MESSAGE][PASSED] - Text 'нет данных' is not present on page

03-12-2024T03:18:59 - [TEST_STEP][PASSED] - if (verifyTextNotPresent("Ошибка запроса данных", false) == true): null

03-12-2024T03:18:59 - [MESSAGE][PASSED] - Text 'Ошибка запроса данных' is not present on page

03-12-2024T03:18:59 - [TEST_STEP][PASSED] - if (verifyTextNotPresent("Произошла ошибка при выполнении пользовательского кода", false) == true): null

03-12-2024T03:19:00 - [MESSAGE][PASSED] - Text 'Произошла ошибка при выполнении пользовательского кода' is not present on page

03-12-2024T03:19:00 - [TEST_STEP][PASSED] - if (verifyTextNotPresent("У виджета нет данных", false) == true): null

03-12-2024T03:19:00 - [MESSAGE][PASSED] - Text 'У виджета нет данных' is not present on page

03-12-2024T03:19:00 - [TEST_STEP][PASSED] - if (verifyTextNotPresent("У виджета нет данных", false) == true): Text 'У виджета нет данных' is not present on page

03-12-2024T03:19:01 - [MESSAGE][PASSED] - Text 'У виджета нет данных' is not present on page

03-12-2024T03:19:01 - [TEST_STEP][PASSED] - click(findTestObject("Выручка по ДЗО/Фильтр Выручка")): Object: 'Object Repository/Выручка по ДЗО/Фильтр Выручка' is clicked on

03-12-2024T03:19:01 - [MESSAGE][PASSED] - Object: 'Object Repository/Выручка по ДЗО/Фильтр Выручка' is clicked on

03-12-2024T03:19:01 - [TEST_STEP][PASSED] - click(findTestObject("Выручка по ДЗО/Снять выделение в фильтре Выручка")): Object: 'Object Repository/Выручка по ДЗО/Снять выделение в фильтре Выручка' is clicked on

03-12-2024T03:19:01 - [MESSAGE][PASSED] - Object: 'Object Repository/Выручка по ДЗО/Снять выделение в фильтре Выручка' is clicked on

03-12-2024T03:19:01 - [TEST_STEP][PASSED] - click(findTestObject("Выручка по ДЗО/Применить в фильтре Выручка")): Object: 'Object Repository/Выручка по ДЗО/Применить в фильтре Выручка' is clicked on

03-12-2024T03:19:02 - [MESSAGE][PASSED] - Object: 'Object Repository/Выручка по ДЗО/Применить в фильтре Выручка' is clicked on

03-12-2024T03:19:02 - [TEST_STEP][PASSED] - click(findTestObject("Выручка по ДЗО/Фильтр ДЗО")): Object: 'Object Repository/Выручка по ДЗО/Фильтр ДЗО' is clicked on

03-12-2024T03:19:03 - [MESSAGE][PASSED] - Object: 'Object Repository/Выручка по ДЗО/Фильтр ДЗО' is clicked on

03-12-2024T03:19:03 - [TEST_STEP][PASSED] - click(findTestObject("Выручка по ДЗО/Снять выделение в фильтре ДЗО")): Object: 'Object Repository/Выручка по ДЗО/Снять выделение в фильтре ДЗО' is clicked on

03-12-2024T03:19:04 - [MESSAGE][PASSED] - Object: 'Object Repository/Выручка по ДЗО/Снять выделение в фильтре ДЗО' is clicked on

03-12-2024T03:19:04 - [TEST_STEP][PASSED] - scrollToElement(findTestObject("Общие объекты/Раскрыть список Россети Янтарь"), 30): Scroll to object 'Object Repository/Общие объекты/Раскрыть список Россети Янтарь' successfully

03-12-2024T03:19:04 - [MESSAGE][PASSED] - Scroll to object 'Object Repository/Общие объекты/Раскрыть список Россети Янтарь' successfully

03-12-2024T03:19:04 - [TEST_STEP][PASSED] - click(findTestObject("Общие объекты/Раскрыть список Россети Янтарь"), CONTINUE_ON_FAILURE): Object: 'Object Repository/Общие объекты/Раскрыть список Россети Янтарь' is clicked on

03-12-2024T03:19:04 - [MESSAGE][PASSED] - Object: 'Object Repository/Общие объекты/Раскрыть список Россети Янтарь' is clicked on

03-12-2024T03:19:04 - [TEST_STEP][PASSED] - scrollToElement(findTestObject("Выручка по ДЗО/Россети Янтарь нижний уровень"), 30): Scroll to object 'Object Repository/Выручка по ДЗО/Россети Янтарь нижний уровень' successfully

03-12-2024T03:19:05 - [MESSAGE][PASSED] - Scroll to object 'Object Repository/Выручка по ДЗО/Россети Янтарь нижний уровень' successfully

03-12-2024T03:19:05 - [TEST_STEP][PASSED] - click(findTestObject("Выручка по ДЗО/Россети Янтарь нижний уровень"), CONTINUE_ON_FAILURE): Object: 'Object Repository/Выручка по ДЗО/Россети Янтарь нижний уровень' is clicked on

03-12-2024T03:19:05 - [MESSAGE][PASSED] - Object: 'Object Repository/Выручка по ДЗО/Россети Янтарь нижний уровень' is clicked on

03-12-2024T03:19:05 - [TEST_STEP][PASSED] - scrollToElement(findTestObject("Выручка по ДЗО/Заголовок дашборда"), 30): Scroll to object 'Object Repository/Выручка по ДЗО/Заголовок дашборда' successfully

03-12-2024T03:19:05 - [MESSAGE][PASSED] - Scroll to object 'Object Repository/Выручка по ДЗО/Заголовок дашборда' successfully

03-12-2024T03:19:05 - [TEST_STEP][PASSED] - click(findTestObject("Выручка по ДЗО/Применить в фильтре ДЗО")): Object: 'Object Repository/Выручка по ДЗО/Применить в фильтре ДЗО' is clicked on

03-12-2024T03:19:06 - [MESSAGE][PASSED] - Object: 'Object Repository/Выручка по ДЗО/Применить в фильтре ДЗО' is clicked on

03-12-2024T03:19:06 - [TEST_STEP][PASSED] - Script1687405711779.Tumbler(todaysDate): null

03-12-2024T03:19:06 - [TEST_STEP][PASSED] - Script1687405711779.Test(todaysDate): null

03-12-2024T03:19:06 - [TEST_STEP][PASSED] - if (verifyTextNotPresent("нет данных", false) == true): null

03-12-2024T03:19:08 - [MESSAGE][PASSED] - Text 'нет данных' is not present on page

03-12-2024T03:19:08 - [TEST_STEP][PASSED] - if (verifyTextNotPresent("Ошибка запроса данных", false) == true): null

03-12-2024T03:19:10 - [MESSAGE][PASSED] - Text 'Ошибка запроса данных' is not present on page

03-12-2024T03:19:10 - [TEST_STEP][PASSED] - if (verifyTextNotPresent("Произошла ошибка при выполнении пользовательского кода", false) == true): null

03-12-2024T03:19:10 - [MESSAGE][PASSED] - Text 'Произошла ошибка при выполнении пользовательского кода' is not present on page

03-12-2024T03:19:10 - [TEST_STEP][PASSED] - if (verifyTextNotPresent("У виджета нет данных", false) == true): null

03-12-2024T03:19:11 - [MESSAGE][PASSED] - Text 'У виджета нет данных' is not present on page

03-12-2024T03:19:11 - [TEST_STEP][PASSED] - if (verifyTextNotPresent("У виджета нет данных", false) == true): Text 'У виджета нет данных' is not present on page

03-12-2024T03:19:11 - [MESSAGE][PASSED] - Text 'У виджета нет данных' is not present on page

03-12-2024T03:19:11 - [TEST_STEP][PASSED] - click(findTestObject("Выручка по ДЗО/Фильтр Выручка")): Object: 'Object Repository/Выручка по ДЗО/Фильтр Выручка' is clicked on

03-12-2024T03:19:12 - [MESSAGE][PASSED] - Object: 'Object Repository/Выручка по ДЗО/Фильтр Выручка' is clicked on

03-12-2024T03:19:12 - [TEST_STEP][PASSED] - click(findTestObject("Выручка по ДЗО/Внутренний оборот в фильтре Выручка")): Object: 'Object Repository/Выручка по ДЗО/Внутренний оборот в фильтре Выручка' is clicked on

03-12-2024T03:19:12 - [MESSAGE][PASSED] - Object: 'Object Repository/Выручка по ДЗО/Внутренний оборот в фильтре Выручка' is clicked on

03-12-2024T03:19:12 - [TEST_STEP][PASSED] - click(findTestObject("Выручка по ДЗО/Применить в фильтре Выручка")): Object: 'Object Repository/Выручка по ДЗО/Применить в фильтре Выручка' is clicked on

03-12-2024T03:19:13 - [MESSAGE][PASSED] - Object: 'Object Repository/Выручка по ДЗО/Применить в фильтре Выручка' is clicked on

03-12-2024T03:19:13 - [TEST_STEP][PASSED] - Script1687405711779.Test(todaysDate): null

03-12-2024T03:19:13 - [TEST_STEP][FAILED] - if (verifyTextNotPresent("нет данных", false) == true): Text 'нет данных' is present on page  (Root cause: com.kms.katalon.core.exception.StepFailedException: Text 'нет данных' is present on page 
	at com.kms.katalon.core.webui.keyword.internal.WebUIKeywordMain.stepFailed(WebUIKeywordMain.groovy:64)
	at com.kms.katalon.core.webui.keyword.builtin.VerifyTextNotPresentKeyword$_verifyTextNotPresent_closure1.doCall(VerifyTextNotPresentKeyword.groovy:77)
	at com.kms.katalon.core.webui.keyword.builtin.VerifyTextNotPresentKeyword$_verifyTextNotPresent_closure1.call(VerifyTextNotPresentKeyword.groovy)
	at com.kms.katalon.core.webui.keyword.internal.WebUIKeywordMain.runKeyword(WebUIKeywordMain.groovy:20)
	at com.kms.katalon.core.webui.keyword.builtin.VerifyTextNotPresentKeyword.verifyTextNotPresent(VerifyTextNotPresentKeyword.groovy:82)
	at com.kms.katalon.core.webui.keyword.builtin.VerifyTextNotPresentKeyword.execute(VerifyTextNotPresentKeyword.groovy:68)
	at com.kms.katalon.core.keyword.internal.KeywordExecutor.executeKeywordForPlatform(KeywordExecutor.groovy:74)
	at com.kms.katalon.core.webui.keyword.WebUiBuiltInKeywords.verifyTextNotPresent(WebUiBuiltInKeywords.groovy:1795)
	at Выручка по ДЗО отображение данных все филиалы.Test(Выручка по ДЗО отображение данных все филиалы:782)
	at Выручка по ДЗО отображение данных все филиалы.Tumbler(Выручка по ДЗО отображение данных все филиалы:738)
	at Выручка по ДЗО отображение данных все филиалы.DzoTest(Выручка по ДЗО отображение данных все филиалы:726)
	at Выручка по ДЗО отображение данных все филиалы.run(Выручка по ДЗО отображение данных все филиалы:134)
	at com.kms.katalon.core.main.ScriptEngine.run(ScriptEngine.java:194)
	at com.kms.katalon.core.main.ScriptEngine.runScriptAsRawText(ScriptEngine.java:119)
	at com.kms.katalon.core.main.TestCaseExecutor.runScript(TestCaseExecutor.java:448)
	at com.kms.katalon.core.main.TestCaseExecutor.doExecute(TestCaseExecutor.java:439)
	at com.kms.katalon.core.main.TestCaseExecutor.processExecutionPhase(TestCaseExecutor.java:418)
	at com.kms.katalon.core.main.TestCaseExecutor.accessMainPhase(TestCaseExecutor.java:410)
	at com.kms.katalon.core.main.TestCaseExecutor.execute(TestCaseExecutor.java:285)
	at com.kms.katalon.core.common.CommonExecutor.accessTestCaseMainPhase(CommonExecutor.java:65)
	at com.kms.katalon.core.main.TestSuiteExecutor.accessTestSuiteMainPhase(TestSuiteExecutor.java:150)
	at com.kms.katalon.core.main.TestSuiteExecutor.execute(TestSuiteExecutor.java:106)
	at com.kms.katalon.core.main.TestCaseMain.startTestSuite(TestCaseMain.java:180)
	at TempTestSuite1733182698305.run(TempTestSuite1733182698305.groovy:35)
	at java.base/jdk.internal.reflect.NativeMethodAccessorImpl.invoke0(Native Method)
	at java.base/jdk.internal.reflect.NativeMethodAccessorImpl.invoke(NativeMethodAccessorImpl.java:77)
	at java.base/jdk.internal.reflect.DelegatingMethodAccessorImpl.invoke(DelegatingMethodAccessorImpl.java:43)
)

03-12-2024T03:19:15 - [MESSAGE][FAILED] - Text 'нет данных' is present on page  (Root cause: com.kms.katalon.core.exception.StepFailedException: Text 'нет данных' is present on page 
	at com.kms.katalon.core.webui.keyword.internal.WebUIKeywordMain.stepFailed(WebUIKeywordMain.groovy:64)
	at com.kms.katalon.core.webui.keyword.builtin.VerifyTextNotPresentKeyword$_verifyTextNotPresent_closure1.doCall(VerifyTextNotPresentKeyword.groovy:77)
	at com.kms.katalon.core.webui.keyword.builtin.VerifyTextNotPresentKeyword$_verifyTextNotPresent_closure1.call(VerifyTextNotPresentKeyword.groovy)
	at com.kms.katalon.core.webui.keyword.internal.WebUIKeywordMain.runKeyword(WebUIKeywordMain.groovy:20)
	at com.kms.katalon.core.webui.keyword.builtin.VerifyTextNotPresentKeyword.verifyTextNotPresent(VerifyTextNotPresentKeyword.groovy:82)
	at com.kms.katalon.core.webui.keyword.builtin.VerifyTextNotPresentKeyword.execute(VerifyTextNotPresentKeyword.groovy:68)
	at com.kms.katalon.core.keyword.internal.KeywordExecutor.executeKeywordForPlatform(KeywordExecutor.groovy:74)
	at com.kms.katalon.core.webui.keyword.WebUiBuiltInKeywords.verifyTextNotPresent(WebUiBuiltInKeywords.groovy:1795)
	at Выручка по ДЗО отображение данных все филиалы.Test(Выручка по ДЗО отображение данных все филиалы:782)
	at Выручка по ДЗО отображение данных все филиалы.Tumbler(Выручка по ДЗО отображение данных все филиалы:738)
	at Выручка по ДЗО отображение данных все филиалы.DzoTest(Выручка по ДЗО отображение данных все филиалы:726)
	at Выручка по ДЗО отображение данных все филиалы.run(Выручка по ДЗО отображение данных все филиалы:134)
	at com.kms.katalon.core.main.ScriptEngine.run(ScriptEngine.java:194)
	at com.kms.katalon.core.main.ScriptEngine.runScriptAsRawText(ScriptEngine.java:119)
	at com.kms.katalon.core.main.TestCaseExecutor.runScript(TestCaseExecutor.java:448)
	at com.kms.katalon.core.main.TestCaseExecutor.doExecute(TestCaseExecutor.java:439)
	at com.kms.katalon.core.main.TestCaseExecutor.processExecutionPhase(TestCaseExecutor.java:418)
	at com.kms.katalon.core.main.TestCaseExecutor.accessMainPhase(TestCaseExecutor.java:410)
	at com.kms.katalon.core.main.TestCaseExecutor.execute(TestCaseExecutor.java:285)
	at com.kms.katalon.core.common.CommonExecutor.accessTestCaseMainPhase(CommonExecutor.java:65)
	at com.kms.katalon.core.main.TestSuiteExecutor.accessTestSuiteMainPhase(TestSuiteExecutor.java:150)
	at com.kms.katalon.core.main.TestSuiteExecutor.execute(TestSuiteExecutor.java:106)
	at com.kms.katalon.core.main.TestCaseMain.startTestSuite(TestCaseMain.java:180)
	at TempTestSuite1733182698305.run(TempTestSuite1733182698305.groovy:35)
	at java.base/jdk.internal.reflect.NativeMethodAccessorImpl.invoke0(Native Method)
	at java.base/jdk.internal.reflect.NativeMethodAccessorImpl.invoke(NativeMethodAccessorImpl.java:77)
	at java.base/jdk.internal.reflect.DelegatingMethodAccessorImpl.invoke(DelegatingMethodAccessorImpl.java:43)
)

03-12-2024T03:19:15 - [TEST_STEP][PASSED] - else: null

03-12-2024T03:19:15 - [TEST_STEP][PASSED] - Script1687405711779.WriteToExcel(todaysDate): null

03-12-2024T03:19:15 - [TEST_STEP][PASSED] - sheetName = "Sheet1": null

03-12-2024T03:19:15 - [TEST_STEP][PASSED] - data = findTestData("PlanFact"): null

03-12-2024T03:19:15 - [TEST_STEP][PASSED] - n = data.getRowNumbers() + 1: null

03-12-2024T03:19:15 - [TEST_STEP][PASSED] - dZO = getText(findTestObject("Выручка по ДЗО/Фильтр ДЗО")): Text of object 'Object Repository/Выручка по ДЗО/Фильтр ДЗО' is: 'ПАО Россети - РаспредКомплекс - Россети Янтарь - Россети Янтарь'

03-12-2024T03:19:15 - [MESSAGE][PASSED] - Text of object 'Object Repository/Выручка по ДЗО/Фильтр ДЗО' is: 'ПАО Россети - РаспредКомплекс - Россети Янтарь - Россети Янтарь'

03-12-2024T03:19:15 - [TEST_STEP][PASSED] - period = getText(findTestObject("Выручка по ДЗО/Фильтр Дата")): Text of object 'Object Repository/Выручка по ДЗО/Фильтр Дата' is: '1, 2, 3 кв., Октябрь 2024 года'

03-12-2024T03:19:15 - [MESSAGE][PASSED] - Text of object 'Object Repository/Выручка по ДЗО/Фильтр Дата' is: '1, 2, 3 кв., Октябрь 2024 года'

03-12-2024T03:19:15 - [TEST_STEP][PASSED] - viruchka = getText(findTestObject("Выручка по ДЗО/Фильтр Выручка")): Text of object 'Object Repository/Выручка по ДЗО/Фильтр Выручка' is: 'внутренний оборот'

03-12-2024T03:19:15 - [MESSAGE][PASSED] - Text of object 'Object Repository/Выручка по ДЗО/Фильтр Выручка' is: 'внутренний оборот'

03-12-2024T03:19:15 - [TEST_STEP][PASSED] - if (viruchka == "Выбрано: 2"): null

03-12-2024T03:19:15 - [TEST_STEP][PASSED] - if (viruchka == "Все"): null

03-12-2024T03:19:15 - [TEST_STEP][PASSED] - println(period): null

03-12-2024T03:19:15 - [TEST_STEP][PASSED] - dashboardName = "Выручка по ДЗО": null

03-12-2024T03:19:15 - [TEST_STEP][PASSED] - workbook01 = getWorkbook(excelFilePath): null

03-12-2024T03:19:15 - [TEST_STEP][PASSED] - sheet01 = getExcelSheet(workbook01, sheetName): null

03-12-2024T03:19:15 - [TEST_STEP][PASSED] - setValueToCellByIndex(sheet01, n, 0, dashboardName): null

03-12-2024T03:19:15 - [TEST_STEP][PASSED] - setValueToCellByIndex(sheet01, n, 1, dZO): null

03-12-2024T03:19:15 - [TEST_STEP][PASSED] - setValueToCellByIndex(sheet01, n, 2, period): null

03-12-2024T03:19:15 - [TEST_STEP][PASSED] - setValueToCellByIndex(sheet01, n, 3, viruchka): null

03-12-2024T03:19:15 - [TEST_STEP][PASSED] - setValueToCellByIndex(sheet01, n, 4, todaysDate): null

03-12-2024T03:19:15 - [TEST_STEP][PASSED] - n = n + 1: null

03-12-2024T03:19:15 - [TEST_STEP][PASSED] - saveWorkbook(excelFilePath, workbook01): null

03-12-2024T03:19:16 - [TEST_STEP][PASSED] - click(findTestObject("Выручка по ДЗО/Фильтр Выручка")): Object: 'Object Repository/Выручка по ДЗО/Фильтр Выручка' is clicked on

03-12-2024T03:19:16 - [MESSAGE][PASSED] - Object: 'Object Repository/Выручка по ДЗО/Фильтр Выручка' is clicked on

03-12-2024T03:19:16 - [TEST_STEP][PASSED] - click(findTestObject("Выручка по ДЗО/По передаче в фильтре Выручка")): Object: 'Object Repository/Выручка по ДЗО/По передаче в фильтре Выручка' is clicked on

03-12-2024T03:19:17 - [MESSAGE][PASSED] - Object: 'Object Repository/Выручка по ДЗО/По передаче в фильтре Выручка' is clicked on

03-12-2024T03:19:17 - [TEST_STEP][PASSED] - click(findTestObject("Выручка по ДЗО/Применить в фильтре Выручка")): Object: 'Object Repository/Выручка по ДЗО/Применить в фильтре Выручка' is clicked on

03-12-2024T03:19:17 - [MESSAGE][PASSED] - Object: 'Object Repository/Выручка по ДЗО/Применить в фильтре Выручка' is clicked on

03-12-2024T03:19:17 - [TEST_STEP][PASSED] - Script1687405711779.Test(todaysDate): null

03-12-2024T03:19:17 - [TEST_STEP][PASSED] - if (verifyTextNotPresent("нет данных", false) == true): null

03-12-2024T03:19:19 - [MESSAGE][PASSED] - Text 'нет данных' is not present on page

03-12-2024T03:19:19 - [TEST_STEP][PASSED] - if (verifyTextNotPresent("Ошибка запроса данных", false) == true): null

03-12-2024T03:19:20 - [MESSAGE][PASSED] - Text 'Ошибка запроса данных' is not present on page

03-12-2024T03:19:20 - [TEST_STEP][PASSED] - if (verifyTextNotPresent("Произошла ошибка при выполнении пользовательского кода", false) == true): null

03-12-2024T03:19:21 - [MESSAGE][PASSED] - Text 'Произошла ошибка при выполнении пользовательского кода' is not present on page

03-12-2024T03:19:21 - [TEST_STEP][PASSED] - if (verifyTextNotPresent("У виджета нет данных", false) == true): null

03-12-2024T03:19:21 - [MESSAGE][PASSED] - Text 'У виджета нет данных' is not present on page

03-12-2024T03:19:21 - [TEST_STEP][PASSED] - if (verifyTextNotPresent("У виджета нет данных", false) == true): Text 'У виджета нет данных' is not present on page

03-12-2024T03:19:22 - [MESSAGE][PASSED] - Text 'У виджета нет данных' is not present on page

03-12-2024T03:19:22 - [TEST_STEP][PASSED] - click(findTestObject("Выручка по ДЗО/Фильтр Выручка")): Object: 'Object Repository/Выручка по ДЗО/Фильтр Выручка' is clicked on

03-12-2024T03:19:22 - [MESSAGE][PASSED] - Object: 'Object Repository/Выручка по ДЗО/Фильтр Выручка' is clicked on

03-12-2024T03:19:22 - [TEST_STEP][PASSED] - click(findTestObject("Выручка по ДЗО/Снять выделение в фильтре Выручка")): Object: 'Object Repository/Выручка по ДЗО/Снять выделение в фильтре Выручка' is clicked on

03-12-2024T03:19:22 - [MESSAGE][PASSED] - Object: 'Object Repository/Выручка по ДЗО/Снять выделение в фильтре Выручка' is clicked on

03-12-2024T03:19:22 - [TEST_STEP][PASSED] - click(findTestObject("Выручка по ДЗО/По передаче в фильтре Выручка")): Object: 'Object Repository/Выручка по ДЗО/По передаче в фильтре Выручка' is clicked on

03-12-2024T03:19:23 - [MESSAGE][PASSED] - Object: 'Object Repository/Выручка по ДЗО/По передаче в фильтре Выручка' is clicked on

03-12-2024T03:19:23 - [TEST_STEP][PASSED] - click(findTestObject("Выручка по ДЗО/Применить в фильтре Выручка")): Object: 'Object Repository/Выручка по ДЗО/Применить в фильтре Выручка' is clicked on

03-12-2024T03:19:23 - [MESSAGE][PASSED] - Object: 'Object Repository/Выручка по ДЗО/Применить в фильтре Выручка' is clicked on

03-12-2024T03:19:23 - [TEST_STEP][PASSED] - Script1687405711779.Test(todaysDate): null

03-12-2024T03:19:23 - [TEST_STEP][PASSED] - if (verifyTextNotPresent("нет данных", false) == true): null

03-12-2024T03:19:25 - [MESSAGE][PASSED] - Text 'нет данных' is not present on page

03-12-2024T03:19:25 - [TEST_STEP][PASSED] - if (verifyTextNotPresent("Ошибка запроса данных", false) == true): null

03-12-2024T03:19:26 - [MESSAGE][PASSED] - Text 'Ошибка запроса данных' is not present on page

03-12-2024T03:19:26 - [TEST_STEP][PASSED] - if (verifyTextNotPresent("Произошла ошибка при выполнении пользовательского кода", false) == true): null

03-12-2024T03:19:26 - [MESSAGE][PASSED] - Text 'Произошла ошибка при выполнении пользовательского кода' is not present on page

03-12-2024T03:19:26 - [TEST_STEP][PASSED] - if (verifyTextNotPresent("У виджета нет данных", false) == true): null

03-12-2024T03:19:27 - [MESSAGE][PASSED] - Text 'У виджета нет данных' is not present on page

03-12-2024T03:19:27 - [TEST_STEP][PASSED] - if (verifyTextNotPresent("У виджета нет данных", false) == true): Text 'У виджета нет данных' is not present on page

03-12-2024T03:19:27 - [MESSAGE][PASSED] - Text 'У виджета нет данных' is not present on page

03-12-2024T03:19:27 - [TEST_STEP][PASSED] - click(findTestObject("Выручка по ДЗО/Фильтр Выручка")): Object: 'Object Repository/Выручка по ДЗО/Фильтр Выручка' is clicked on

03-12-2024T03:19:27 - [MESSAGE][PASSED] - Object: 'Object Repository/Выручка по ДЗО/Фильтр Выручка' is clicked on

03-12-2024T03:19:27 - [TEST_STEP][PASSED] - click(findTestObject("Выручка по ДЗО/Снять выделение в фильтре Выручка")): Object: 'Object Repository/Выручка по ДЗО/Снять выделение в фильтре Выручка' is clicked on

03-12-2024T03:19:28 - [MESSAGE][PASSED] - Object: 'Object Repository/Выручка по ДЗО/Снять выделение в фильтре Выручка' is clicked on

03-12-2024T03:19:28 - [TEST_STEP][PASSED] - click(findTestObject("Выручка по ДЗО/Применить в фильтре Выручка")): Object: 'Object Repository/Выручка по ДЗО/Применить в фильтре Выручка' is clicked on

03-12-2024T03:19:28 - [MESSAGE][PASSED] - Object: 'Object Repository/Выручка по ДЗО/Применить в фильтре Выручка' is clicked on

03-12-2024T03:19:28 - [TEST_STEP][PASSED] - closeBrowser(): Browser is closed

03-12-2024T03:19:29 - [MESSAGE][PASSED] - Browser is closed]]></system-out>
         <system-err><![CDATA[03-12-2024T02:38:23 - [TEST_CASE][FAILED] - Test Cases/Выручка по ДЗО/Выручка по ДЗО отображение данных все филиалы: Test Cases/Выручка по ДЗО/Выручка по ДЗО отображение данных все филиалы FAILED.
Reason:
com.kms.katalon.core.exception.StepFailedException: Text 'нет данных' is present on page  (Root cause: com.kms.katalon.core.exception.StepFailedException: Text 'нет данных' is present on page 
	at com.kms.katalon.core.webui.keyword.internal.WebUIKeywordMain.stepFailed(WebUIKeywordMain.groovy:64)
	at com.kms.katalon.core.webui.keyword.builtin.VerifyTextNotPresentKeyword$_verifyTextNotPresent_closure1.doCall(VerifyTextNotPresentKeyword.groovy:77)
	at com.kms.katalon.core.webui.keyword.builtin.VerifyTextNotPresentKeyword$_verifyTextNotPresent_closure1.call(VerifyTextNotPresentKeyword.groovy)
	at com.kms.katalon.core.webui.keyword.internal.WebUIKeywordMain.runKeyword(WebUIKeywordMain.groovy:20)
	at com.kms.katalon.core.webui.keyword.builtin.VerifyTextNotPresentKeyword.verifyTextNotPresent(VerifyTextNotPresentKeyword.groovy:82)
	at com.kms.katalon.core.webui.keyword.builtin.VerifyTextNotPresentKeyword.execute(VerifyTextNotPresentKeyword.groovy:68)
	at com.kms.katalon.core.keyword.internal.KeywordExecutor.executeKeywordForPlatform(KeywordExecutor.groovy:74)
	at com.kms.katalon.core.webui.keyword.WebUiBuiltInKeywords.verifyTextNotPresent(WebUiBuiltInKeywords.groovy:1795)
	at Выручка по ДЗО отображение данных все филиалы.Test(Выручка по ДЗО отображение данных все филиалы:782)
	at Выручка по ДЗО отображение данных все филиалы.Tumbler(Выручка по ДЗО отображение данных все филиалы:738)
	at Выручка по ДЗО отображение данных все филиалы.Change(Выручка по ДЗО отображение данных все филиалы:772)
	at Выручка по ДЗО отображение данных все филиалы.DzoTest(Выручка по ДЗО отображение данных все филиалы:156)
	at Выручка по ДЗО отображение данных все филиалы.run(Выручка по ДЗО отображение данных все филиалы:134)
	at com.kms.katalon.core.main.ScriptEngine.run(ScriptEngine.java:194)
	at com.kms.katalon.core.main.ScriptEngine.runScriptAsRawText(ScriptEngine.java:119)
	at com.kms.katalon.core.main.TestCaseExecutor.runScript(TestCaseExecutor.java:448)
	at com.kms.katalon.core.main.TestCaseExecutor.doExecute(TestCaseExecutor.java:439)
	at com.kms.katalon.core.main.TestCaseExecutor.processExecutionPhase(TestCaseExecutor.java:418)
	at com.kms.katalon.core.main.TestCaseExecutor.accessMainPhase(TestCaseExecutor.java:410)
	at com.kms.katalon.core.main.TestCaseExecutor.execute(TestCaseExecutor.java:285)
	at com.kms.katalon.core.common.CommonExecutor.accessTestCaseMainPhase(CommonExecutor.java:65)
	at com.kms.katalon.core.main.TestSuiteExecutor.accessTestSuiteMainPhase(TestSuiteExecutor.java:150)
	at com.kms.katalon.core.main.TestSuiteExecutor.execute(TestSuiteExecutor.java:106)
	at com.kms.katalon.core.main.TestCaseMain.startTestSuite(TestCaseMain.java:180)
	at TempTestSuite1733182698305.run(TempTestSuite1733182698305.groovy:35)
	at java.base/jdk.internal.reflect.NativeMethodAccessorImpl.invoke0(Native Method)
	at java.base/jdk.internal.reflect.NativeMethodAccessorImpl.invoke(NativeMethodAccessorImpl.java:77)
	at java.base/jdk.internal.reflect.DelegatingMethodAccessorImpl.invoke(DelegatingMethodAccessorImpl.java:43)
)
	at com.kms.katalon.core.keyword.internal.KeywordMain.stepFailed(KeywordMain.groovy:39)
	at com.kms.katalon.core.webui.keyword.internal.WebUIKeywordMain.stepFailed(WebUIKeywordMain.groovy:64)
	at com.kms.katalon.core.webui.keyword.builtin.VerifyTextNotPresentKeyword$_verifyTextNotPresent_closure1.doCall(VerifyTextNotPresentKeyword.groovy:77)
	at com.kms.katalon.core.webui.keyword.builtin.VerifyTextNotPresentKeyword$_verifyTextNotPresent_closure1.call(VerifyTextNotPresentKeyword.groovy)
	at com.kms.katalon.core.webui.keyword.internal.WebUIKeywordMain.runKeyword(WebUIKeywordMain.groovy:20)
	at com.kms.katalon.core.webui.keyword.builtin.VerifyTextNotPresentKeyword.verifyTextNotPresent(VerifyTextNotPresentKeyword.groovy:82)
	at com.kms.katalon.core.webui.keyword.builtin.VerifyTextNotPresentKeyword.execute(VerifyTextNotPresentKeyword.groovy:68)
	at com.kms.katalon.core.keyword.internal.KeywordExecutor.executeKeywordForPlatform(KeywordExecutor.groovy:74)
	at com.kms.katalon.core.webui.keyword.WebUiBuiltInKeywords.verifyTextNotPresent(WebUiBuiltInKeywords.groovy:1795)
	at Выручка по ДЗО отображение данных все филиалы.Test(Выручка по ДЗО отображение данных все филиалы:782)
	at Выручка по ДЗО отображение данных все филиалы.Tumbler(Выручка по ДЗО отображение данных все филиалы:738)
	at Выручка по ДЗО отображение данных все филиалы.Change(Выручка по ДЗО отображение данных все филиалы:772)
	at Выручка по ДЗО отображение данных все филиалы.DzoTest(Выручка по ДЗО отображение данных все филиалы:156)
	at Выручка по ДЗО отображение данных все филиалы.run(Выручка по ДЗО отображение данных все филиалы:134)
	at com.kms.katalon.core.main.ScriptEngine.run(ScriptEngine.java:194)
	at com.kms.katalon.core.main.ScriptEngine.runScriptAsRawText(ScriptEngine.java:119)
	at com.kms.katalon.core.main.TestCaseExecutor.runScript(TestCaseExecutor.java:448)
	at com.kms.katalon.core.main.TestCaseExecutor.doExecute(TestCaseExecutor.java:439)
	at com.kms.katalon.core.main.TestCaseExecutor.processExecutionPhase(TestCaseExecutor.java:418)
	at com.kms.katalon.core.main.TestCaseExecutor.accessMainPhase(TestCaseExecutor.java:410)
	at com.kms.katalon.core.main.TestCaseExecutor.execute(TestCaseExecutor.java:285)
	at com.kms.katalon.core.common.CommonExecutor.accessTestCaseMainPhase(CommonExecutor.java:65)
	at com.kms.katalon.core.main.TestSuiteExecutor.accessTestSuiteMainPhase(TestSuiteExecutor.java:150)
	at com.kms.katalon.core.main.TestSuiteExecutor.execute(TestSuiteExecutor.java:106)
	at com.kms.katalon.core.main.TestCaseMain.startTestSuite(TestCaseMain.java:180)
	at TempTestSuite1733182698305.run(TempTestSuite1733182698305.groovy:35)
	at java.base/jdk.internal.reflect.NativeMethodAccessorImpl.invoke0(Native Method)
	at java.base/jdk.internal.reflect.NativeMethodAccessorImpl.invoke(NativeMethodAccessorImpl.java:77)
	at java.base/jdk.internal.reflect.DelegatingMethodAccessorImpl.invoke(DelegatingMethodAccessorImpl.java:43)
Caused by: com.kms.katalon.core.exception.StepFailedException: Text 'нет данных' is present on page 
	... 28 more]]></system-err>
      </testcase>
      <testcase name="Test Cases/Факторный анализ/Факторный анализ отображение данных все филиалы" time="4558.093" classname="Test Cases/Факторный анализ/Факторный анализ отображение данных все филиалы" status="FAILED">
         <failure type="FAILED" message="Test Cases/Факторный анализ/Факторный анализ отображение данных все филиалы FAILED.&#xa;Reason:&#xa;com.kms.katalon.core.exception.StepFailedException: Text 'нет данных' is present on page  (Root cause: com.kms.katalon.core.exception.StepFailedException: Text 'нет данных' is present on page &#xa;	at com.kms.katalon.core.webui.keyword.internal.WebUIKeywordMain.stepFailed(WebUIKeywordMain.groovy:64)&#xa;	at com.kms.katalon.core.webui.keyword.builtin.VerifyTextNotPresentKeyword$_verifyTextNotPresent_closure1.doCall(VerifyTextNotPresentKeyword.groovy:77)&#xa;	at com.kms.katalon.core.webui.keyword.builtin.VerifyTextNotPresentKeyword$_verifyTextNotPresent_closure1.call(VerifyTextNotPresentKeyword.groovy)&#xa;	at com.kms.katalon.core.webui.keyword.internal.WebUIKeywordMain.runKeyword(WebUIKeywordMain.groovy:20)&#xa;	at com.kms.katalon.core.webui.keyword.builtin.VerifyTextNotPresentKeyword.verifyTextNotPresent(VerifyTextNotPresentKeyword.groovy:82)&#xa;	at com.kms.katalon.core.webui.keyword.builtin.VerifyTextNotPresentKeyword.execute(VerifyTextNotPresentKeyword.groovy:68)&#xa;	at com.kms.katalon.core.keyword.internal.KeywordExecutor.executeKeywordForPlatform(KeywordExecutor.groovy:74)&#xa;	at com.kms.katalon.core.webui.keyword.WebUiBuiltInKeywords.verifyTextNotPresent(WebUiBuiltInKeywords.groovy:1795)&#xa;	at Факторный анализ отображение данных все филиалы.Test(Факторный анализ отображение данных все филиалы:797)&#xa;	at Факторный анализ отображение данных все филиалы.Change(Факторный анализ отображение данных все филиалы:779)&#xa;	at Факторный анализ отображение данных все филиалы.run(Факторный анализ отображение данных все филиалы:746)&#xa;	at com.kms.katalon.core.main.ScriptEngine.run(ScriptEngine.java:194)&#xa;	at com.kms.katalon.core.main.ScriptEngine.runScriptAsRawText(ScriptEngine.java:119)&#xa;	at com.kms.katalon.core.main.TestCaseExecutor.runScript(TestCaseExecutor.java:448)&#xa;	at com.kms.katalon.core.main.TestCaseExecutor.doExecute(TestCaseExecutor.java:439)&#xa;	at com.kms.katalon.core.main.TestCaseExecutor.processExecutionPhase(TestCaseExecutor.java:418)&#xa;	at com.kms.katalon.core.main.TestCaseExecutor.accessMainPhase(TestCaseExecutor.java:410)&#xa;	at com.kms.katalon.core.main.TestCaseExecutor.execute(TestCaseExecutor.java:285)&#xa;	at com.kms.katalon.core.common.CommonExecutor.accessTestCaseMainPhase(CommonExecutor.java:65)&#xa;	at com.kms.katalon.core.main.TestSuiteExecutor.accessTestSuiteMainPhase(TestSuiteExecutor.java:150)&#xa;	at com.kms.katalon.core.main.TestSuiteExecutor.execute(TestSuiteExecutor.java:106)&#xa;	at com.kms.katalon.core.main.TestCaseMain.startTestSuite(TestCaseMain.java:180)&#xa;	at TempTestSuite1733182698305.run(TempTestSuite1733182698305.groovy:35)&#xa;	at java.base/jdk.internal.reflect.NativeMethodAccessorImpl.invoke0(Native Method)&#xa;	at java.base/jdk.internal.reflect.NativeMethodAccessorImpl.invoke(NativeMethodAccessorImpl.java:77)&#xa;	at java.base/jdk.internal.reflect.DelegatingMethodAccessorImpl.invoke(DelegatingMethodAccessorImpl.java:43)&#xa;)&#xa;	at com.kms.katalon.core.keyword.internal.KeywordMain.stepFailed(KeywordMain.groovy:39)&#xa;	at com.kms.katalon.core.webui.keyword.internal.WebUIKeywordMain.stepFailed(WebUIKeywordMain.groovy:64)&#xa;	at com.kms.katalon.core.webui.keyword.builtin.VerifyTextNotPresentKeyword$_verifyTextNotPresent_closure1.doCall(VerifyTextNotPresentKeyword.groovy:77)&#xa;	at com.kms.katalon.core.webui.keyword.builtin.VerifyTextNotPresentKeyword$_verifyTextNotPresent_closure1.call(VerifyTextNotPresentKeyword.groovy)&#xa;	at com.kms.katalon.core.webui.keyword.internal.WebUIKeywordMain.runKeyword(WebUIKeywordMain.groovy:20)&#xa;	at com.kms.katalon.core.webui.keyword.builtin.VerifyTextNotPresentKeyword.verifyTextNotPresent(VerifyTextNotPresentKeyword.groovy:82)&#xa;	at com.kms.katalon.core.webui.keyword.builtin.VerifyTextNotPresentKeyword.execute(VerifyTextNotPresentKeyword.groovy:68)&#xa;	at com.kms.katalon.core.keyword.internal.KeywordExecutor.executeKeywordForPlatform(KeywordExecutor.groovy:74)&#xa;	at com.kms.katalon.core.webui.keyword.WebUiBuiltInKeywords.verifyTextNotPresent(WebUiBuiltInKeywords.groovy:1795)&#xa;	at Факторный анализ отображение данных все филиалы.Test(Факторный анализ отображение данных все филиалы:797)&#xa;	at Факторный анализ отображение данных все филиалы.Change(Факторный анализ отображение данных все филиалы:779)&#xa;	at Факторный анализ отображение данных все филиалы.run(Факторный анализ отображение данных все филиалы:746)&#xa;	at com.kms.katalon.core.main.ScriptEngine.run(ScriptEngine.java:194)&#xa;	at com.kms.katalon.core.main.ScriptEngine.runScriptAsRawText(ScriptEngine.java:119)&#xa;	at com.kms.katalon.core.main.TestCaseExecutor.runScript(TestCaseExecutor.java:448)&#xa;	at com.kms.katalon.core.main.TestCaseExecutor.doExecute(TestCaseExecutor.java:439)&#xa;	at com.kms.katalon.core.main.TestCaseExecutor.processExecutionPhase(TestCaseExecutor.java:418)&#xa;	at com.kms.katalon.core.main.TestCaseExecutor.accessMainPhase(TestCaseExecutor.java:410)&#xa;	at com.kms.katalon.core.main.TestCaseExecutor.execute(TestCaseExecutor.java:285)&#xa;	at com.kms.katalon.core.common.CommonExecutor.accessTestCaseMainPhase(CommonExecutor.java:65)&#xa;	at com.kms.katalon.core.main.TestSuiteExecutor.accessTestSuiteMainPhase(TestSuiteExecutor.java:150)&#xa;	at com.kms.katalon.core.main.TestSuiteExecutor.execute(TestSuiteExecutor.java:106)&#xa;	at com.kms.katalon.core.main.TestCaseMain.startTestSuite(TestCaseMain.java:180)&#xa;	at TempTestSuite1733182698305.run(TempTestSuite1733182698305.groovy:35)&#xa;	at java.base/jdk.internal.reflect.NativeMethodAccessorImpl.invoke0(Native Method)&#xa;	at java.base/jdk.internal.reflect.NativeMethodAccessorImpl.invoke(NativeMethodAccessorImpl.java:77)&#xa;	at java.base/jdk.internal.reflect.DelegatingMethodAccessorImpl.invoke(DelegatingMethodAccessorImpl.java:43)&#xa;Caused by: com.kms.katalon.core.exception.StepFailedException: Text 'нет данных' is present on page &#xa;	... 26 more&#xa;"/>
         <system-out><![CDATA[03-12-2024T03:19:29 - [TEST_CASE][FAILED] - Test Cases/Факторный анализ/Факторный анализ отображение данных все филиалы: Test Cases/Факторный анализ/Факторный анализ отображение данных все филиалы FAILED.
Reason:
com.kms.katalon.core.exception.StepFailedException: Text 'нет данных' is present on page  (Root cause: com.kms.katalon.core.exception.StepFailedException: Text 'нет данных' is present on page 
	at com.kms.katalon.core.webui.keyword.internal.WebUIKeywordMain.stepFailed(WebUIKeywordMain.groovy:64)
	at com.kms.katalon.core.webui.keyword.builtin.VerifyTextNotPresentKeyword$_verifyTextNotPresent_closure1.doCall(VerifyTextNotPresentKeyword.groovy:77)
	at com.kms.katalon.core.webui.keyword.builtin.VerifyTextNotPresentKeyword$_verifyTextNotPresent_closure1.call(VerifyTextNotPresentKeyword.groovy)
	at com.kms.katalon.core.webui.keyword.internal.WebUIKeywordMain.runKeyword(WebUIKeywordMain.groovy:20)
	at com.kms.katalon.core.webui.keyword.builtin.VerifyTextNotPresentKeyword.verifyTextNotPresent(VerifyTextNotPresentKeyword.groovy:82)
	at com.kms.katalon.core.webui.keyword.builtin.VerifyTextNotPresentKeyword.execute(VerifyTextNotPresentKeyword.groovy:68)
	at com.kms.katalon.core.keyword.internal.KeywordExecutor.executeKeywordForPlatform(KeywordExecutor.groovy:74)
	at com.kms.katalon.core.webui.keyword.WebUiBuiltInKeywords.verifyTextNotPresent(WebUiBuiltInKeywords.groovy:1795)
	at Факторный анализ отображение данных все филиалы.Test(Факторный анализ отображение данных все филиалы:797)
	at Факторный анализ отображение данных все филиалы.Change(Факторный анализ отображение данных все филиалы:779)
	at Факторный анализ отображение данных все филиалы.run(Факторный анализ отображение данных все филиалы:746)
	at com.kms.katalon.core.main.ScriptEngine.run(ScriptEngine.java:194)
	at com.kms.katalon.core.main.ScriptEngine.runScriptAsRawText(ScriptEngine.java:119)
	at com.kms.katalon.core.main.TestCaseExecutor.runScript(TestCaseExecutor.java:448)
	at com.kms.katalon.core.main.TestCaseExecutor.doExecute(TestCaseExecutor.java:439)
	at com.kms.katalon.core.main.TestCaseExecutor.processExecutionPhase(TestCaseExecutor.java:418)
	at com.kms.katalon.core.main.TestCaseExecutor.accessMainPhase(TestCaseExecutor.java:410)
	at com.kms.katalon.core.main.TestCaseExecutor.execute(TestCaseExecutor.java:285)
	at com.kms.katalon.core.common.CommonExecutor.accessTestCaseMainPhase(CommonExecutor.java:65)
	at com.kms.katalon.core.main.TestSuiteExecutor.accessTestSuiteMainPhase(TestSuiteExecutor.java:150)
	at com.kms.katalon.core.main.TestSuiteExecutor.execute(TestSuiteExecutor.java:106)
	at com.kms.katalon.core.main.TestCaseMain.startTestSuite(TestCaseMain.java:180)
	at TempTestSuite1733182698305.run(TempTestSuite1733182698305.groovy:35)
	at java.base/jdk.internal.reflect.NativeMethodAccessorImpl.invoke0(Native Method)
	at java.base/jdk.internal.reflect.NativeMethodAccessorImpl.invoke(NativeMethodAccessorImpl.java:77)
	at java.base/jdk.internal.reflect.DelegatingMethodAccessorImpl.invoke(DelegatingMethodAccessorImpl.java:43)
)
	at com.kms.katalon.core.keyword.internal.KeywordMain.stepFailed(KeywordMain.groovy:39)
	at com.kms.katalon.core.webui.keyword.internal.WebUIKeywordMain.stepFailed(WebUIKeywordMain.groovy:64)
	at com.kms.katalon.core.webui.keyword.builtin.VerifyTextNotPresentKeyword$_verifyTextNotPresent_closure1.doCall(VerifyTextNotPresentKeyword.groovy:77)
	at com.kms.katalon.core.webui.keyword.builtin.VerifyTextNotPresentKeyword$_verifyTextNotPresent_closure1.call(VerifyTextNotPresentKeyword.groovy)
	at com.kms.katalon.core.webui.keyword.internal.WebUIKeywordMain.runKeyword(WebUIKeywordMain.groovy:20)
	at com.kms.katalon.core.webui.keyword.builtin.VerifyTextNotPresentKeyword.verifyTextNotPresent(VerifyTextNotPresentKeyword.groovy:82)
	at com.kms.katalon.core.webui.keyword.builtin.VerifyTextNotPresentKeyword.execute(VerifyTextNotPresentKeyword.groovy:68)
	at com.kms.katalon.core.keyword.internal.KeywordExecutor.executeKeywordForPlatform(KeywordExecutor.groovy:74)
	at com.kms.katalon.core.webui.keyword.WebUiBuiltInKeywords.verifyTextNotPresent(WebUiBuiltInKeywords.groovy:1795)
	at Факторный анализ отображение данных все филиалы.Test(Факторный анализ отображение данных все филиалы:797)
	at Факторный анализ отображение данных все филиалы.Change(Факторный анализ отображение данных все филиалы:779)
	at Факторный анализ отображение данных все филиалы.run(Факторный анализ отображение данных все филиалы:746)
	at com.kms.katalon.core.main.ScriptEngine.run(ScriptEngine.java:194)
	at com.kms.katalon.core.main.ScriptEngine.runScriptAsRawText(ScriptEngine.java:119)
	at com.kms.katalon.core.main.TestCaseExecutor.runScript(TestCaseExecutor.java:448)
	at com.kms.katalon.core.main.TestCaseExecutor.doExecute(TestCaseExecutor.java:439)
	at com.kms.katalon.core.main.TestCaseExecutor.processExecutionPhase(TestCaseExecutor.java:418)
	at com.kms.katalon.core.main.TestCaseExecutor.accessMainPhase(TestCaseExecutor.java:410)
	at com.kms.katalon.core.main.TestCaseExecutor.execute(TestCaseExecutor.java:285)
	at com.kms.katalon.core.common.CommonExecutor.accessTestCaseMainPhase(CommonExecutor.java:65)
	at com.kms.katalon.core.main.TestSuiteExecutor.accessTestSuiteMainPhase(TestSuiteExecutor.java:150)
	at com.kms.katalon.core.main.TestSuiteExecutor.execute(TestSuiteExecutor.java:106)
	at com.kms.katalon.core.main.TestCaseMain.startTestSuite(TestCaseMain.java:180)
	at TempTestSuite1733182698305.run(TempTestSuite1733182698305.groovy:35)
	at java.base/jdk.internal.reflect.NativeMethodAccessorImpl.invoke0(Native Method)
	at java.base/jdk.internal.reflect.NativeMethodAccessorImpl.invoke(NativeMethodAccessorImpl.java:77)
	at java.base/jdk.internal.reflect.DelegatingMethodAccessorImpl.invoke(DelegatingMethodAccessorImpl.java:43)
Caused by: com.kms.katalon.core.exception.StepFailedException: Text 'нет данных' is present on page 
	... 26 more


03-12-2024T03:19:29 - [TEST_STEP][PASSED] - date = new java.util.Date(): null

03-12-2024T03:19:29 - [TEST_STEP][PASSED] - todaysDate = date.format("dd.MM.yyyy"): null

03-12-2024T03:19:29 - [TEST_STEP][PASSED] - println(todaysDate): null

03-12-2024T03:19:29 - [TEST_STEP][PASSED] - typeOfData = <not implemented yet for class: org.codehaus.groovy.ast.expr.EmptyExpression>: null

03-12-2024T03:19:29 - [TEST_STEP][PASSED] - urlText = <not implemented yet for class: org.codehaus.groovy.ast.expr.EmptyExpression>: null

03-12-2024T03:19:29 - [TEST_STEP][PASSED] - searchWord = <not implemented yet for class: org.codehaus.groovy.ast.expr.EmptyExpression>: null

03-12-2024T03:19:29 - [TEST_STEP][PASSED] - i = <not implemented yet for class: org.codehaus.groovy.ast.expr.EmptyExpression>: null

03-12-2024T03:19:29 - [TEST_STEP][PASSED] - ii = <not implemented yet for class: org.codehaus.groovy.ast.expr.EmptyExpression>: null

03-12-2024T03:19:29 - [TEST_STEP][PASSED] - openBrowser(""): Browser is opened with url: ''

03-12-2024T03:19:29 - [MESSAGE][INFO] - Starting 'Chrome' driver

03-12-2024T03:19:29 - [MESSAGE][INFO] - Action delay is set to 0 milliseconds

03-12-2024T03:19:30 - [MESSAGE][PASSED] - Browser is opened with url: ''

03-12-2024T03:19:30 - [TEST_STEP][PASSED] - navigateToUrl(findTestData("PlanFact").getValue(10, 3)): Navigate to 'https://bi.rosseti.digital/viewer?dashboardGuid=2301950b23be4ed89c1df75f2020051e&sheetGuid=ccd7d7486b3d4e6fa0ee9b1eaebed46c&fit=true' successfully

03-12-2024T03:19:40 - [MESSAGE][PASSED] - Navigate to 'https://bi.rosseti.digital/viewer?dashboardGuid=2301950b23be4ed89c1df75f2020051e&sheetGuid=ccd7d7486b3d4e6fa0ee9b1eaebed46c&fit=true' successfully

03-12-2024T03:19:40 - [TEST_STEP][PASSED] - urlText = getText(findTestObject("Страница авторизации/Text")): Text of object 'Object Repository/Страница авторизации/Text' is: 'Вход'

03-12-2024T03:19:43 - [MESSAGE][PASSED] - Text of object 'Object Repository/Страница авторизации/Text' is: 'Вход'

03-12-2024T03:19:43 - [TEST_STEP][PASSED] - delay(10): Delayed 10 second(s)

03-12-2024T03:19:53 - [MESSAGE][PASSED] - Delayed 10 second(s)

03-12-2024T03:19:53 - [TEST_STEP][PASSED] - searchWord = "Вход": null

03-12-2024T03:19:53 - [TEST_STEP][PASSED] - if (urlText.contains(searchWord) == false): null

03-12-2024T03:19:53 - [TEST_STEP][PASSED] - setText(findTestObject("Страница авторизации/input__username"), findTestData("PlanFact").getValue(8, 1)): Text 'liazgina-di' is set on object 'Object Repository/Страница авторизации/input__username'

03-12-2024T03:19:54 - [MESSAGE][PASSED] - Text 'liazgina-di' is set on object 'Object Repository/Страница авторизации/input__username'

03-12-2024T03:19:54 - [TEST_STEP][PASSED] - setText(findTestObject("Страница авторизации/input__password"), findTestData("PlanFact").getValue(9, 1)): Text ')$%5srZ8o688Dm#q' is set on object 'Object Repository/Страница авторизации/input__password'

03-12-2024T03:19:54 - [MESSAGE][PASSED] - Text ')$%5srZ8o688Dm#q' is set on object 'Object Repository/Страница авторизации/input__password'

03-12-2024T03:19:54 - [TEST_STEP][PASSED] - click(findTestObject("Страница авторизации/button_")): Object: 'Object Repository/Страница авторизации/button_' is clicked on

03-12-2024T03:19:58 - [MESSAGE][PASSED] - Object: 'Object Repository/Страница авторизации/button_' is clicked on

03-12-2024T03:19:58 - [TEST_STEP][PASSED] - delay(50): Delayed 50 second(s)

03-12-2024T03:20:48 - [MESSAGE][PASSED] - Delayed 50 second(s)

03-12-2024T03:20:48 - [TEST_STEP][PASSED] - searchWord = "ДЗО": null

03-12-2024T03:20:48 - [TEST_STEP][PASSED] - urlText = getText(findTestObject("Страница авторизации/Text")): Text of object 'Object Repository/Страница авторизации/Text' is: 'Период
1, 2, 3 кв., Октябрь 2024 года
ДЗО 
Все
Подписи данных
Итого отклонения по группе компаний: - 404 755 млн.руб.
Филиал
Месяц
Факторный анализ
Всего отклонения по факторам по ПАО Россети за 1, 2, 3 кв., Октябрь 2024 года
ДЗО
Филиал
Отклонение (объём услуг)
Отклонение (средний тариф)
АО «Тываэнерго» АО "Тываэнерго" 375 -75
АО «Чеченэнерго» АО «Чеченэнерго» -3 688 26
Россети Волга Мордовэнерго -3 164 -87
Оренбургэнерго -12 384 - 140
Пензаэнерго -7 568 -65
Самарские РС -14 726 -1 123
Саратовские РС -14 917 - 495
Ульяновские РС -5 446 - 209
Чувашэнерго -4 717 137
Россети Кубань Кубаньэнерго -58 965 411
Россети Ленэнерго (ГК) Ленинградская область -33 086 831
г. Санкт-Петербург -46 070 - 104
Россети Московский регион Московская область 4 745 - 627
г. Москва 3 358 23
Россети Северный Кавказ (ГК) Дагестанская энергосбытовая компания - 111 69
Дагэнерго -7 161 537
Ингушэнерго -1 584 122
Каббалкэнерго -2 966 50
Карачаево-Черкесскэнерго -1 924 0
Севкавказэнерго -3 380 144
Ставропольэнерго -9 375 - 200
Россети Северо-Запад Архангельский филиал 80 -86
Вологодский филиал 264 2
Карельский филиал -67 185
Мурманский филиал 111 57
Новгородский филиал 216 -48
Псковский филиал 161 -20
филиал в Республике Коми -16 41
Россети Сибирь (ГК) Алтайэнерго - 545 222
Бурятэнерго - 123 303
ГАЭС 131 -17
Красноярскэнерго 1 233 - 537
Кузбассэнерго-РЭС - 406 827
Омскэнерго 182 -85
Хакасэнерго 371 - 399
Читаэнерго -47 162
Россети Томск Томская распределительная компания -7 417 - 135
Россети Тюмень Россети Тюмень -73 665 - 565
Россети Урал (ГК) Пермэнерго 631 - 215
Свердловэнерго 891 277
Челябэнерго 1 051 - 680
Россети ФСК ЕЭС Итого по ФСК ЕЭС -18 111 -6 233
Россети Центр Белгородэнерго 321 125
Брянскэнерго -5 112 27
Воронежэнерго -13 856 181
Костромаэнерго 102 -4
Курскэнерго -2 444 151
Липецкэнерго 805 - 346
Орелэнерго -4 049 -34
Смоленскэнерго -7 617 42
Тамбовэнерго -5 959 -2
Тверьэнерго - 740 57
Ярэнерго -6 294 65
Россети Центр и Приволжье (ГК) Владимирэнерго 562 52
Ивэнерго 195 55
Калугаэнерго 625 -50
Кировэнерго 464 20
Мариэнерго 173 23
Нижновэнерго 751 319
Рязаньэнерго 246 50
Тулэнерго 791 - 235
Удмуртэнерго 362 13
Россети Юг (ГК) АО «ВМЭС» -3 789 51
Астраханьэнерго -5 702 100
Волгоградэнерго -9 960 - 352
Калмэнерго -1 662 -3
Ростовэнерго -20 264 66
Россети Янтарь Россети Янтарь 360 -42
Отклонения выручки по факторам по выбранным ДЗО, руб
-399 523-399 523
-7 388-7 388
Отклонение (объём услуг)
Отклонение (средний тариф)
ПАО Россети'

03-12-2024T03:20:48 - [MESSAGE][PASSED] - Text of object 'Object Repository/Страница авторизации/Text' is: 'Период
1, 2, 3 кв., Октябрь 2024 года
ДЗО 
Все
Подписи данных
Итого отклонения по группе компаний: - 404 755 млн.руб.
Филиал
Месяц
Факторный анализ
Всего отклонения по факторам по ПАО Россети за 1, 2, 3 кв., Октябрь 2024 года
ДЗО
Филиал
Отклонение (объём услуг)
Отклонение (средний тариф)
АО «Тываэнерго» АО "Тываэнерго" 375 -75
АО «Чеченэнерго» АО «Чеченэнерго» -3 688 26
Россети Волга Мордовэнерго -3 164 -87
Оренбургэнерго -12 384 - 140
Пензаэнерго -7 568 -65
Самарские РС -14 726 -1 123
Саратовские РС -14 917 - 495
Ульяновские РС -5 446 - 209
Чувашэнерго -4 717 137
Россети Кубань Кубаньэнерго -58 965 411
Россети Ленэнерго (ГК) Ленинградская область -33 086 831
г. Санкт-Петербург -46 070 - 104
Россети Московский регион Московская область 4 745 - 627
г. Москва 3 358 23
Россети Северный Кавказ (ГК) Дагестанская энергосбытовая компания - 111 69
Дагэнерго -7 161 537
Ингушэнерго -1 584 122
Каббалкэнерго -2 966 50
Карачаево-Черкесскэнерго -1 924 0
Севкавказэнерго -3 380 144
Ставропольэнерго -9 375 - 200
Россети Северо-Запад Архангельский филиал 80 -86
Вологодский филиал 264 2
Карельский филиал -67 185
Мурманский филиал 111 57
Новгородский филиал 216 -48
Псковский филиал 161 -20
филиал в Республике Коми -16 41
Россети Сибирь (ГК) Алтайэнерго - 545 222
Бурятэнерго - 123 303
ГАЭС 131 -17
Красноярскэнерго 1 233 - 537
Кузбассэнерго-РЭС - 406 827
Омскэнерго 182 -85
Хакасэнерго 371 - 399
Читаэнерго -47 162
Россети Томск Томская распределительная компания -7 417 - 135
Россети Тюмень Россети Тюмень -73 665 - 565
Россети Урал (ГК) Пермэнерго 631 - 215
Свердловэнерго 891 277
Челябэнерго 1 051 - 680
Россети ФСК ЕЭС Итого по ФСК ЕЭС -18 111 -6 233
Россети Центр Белгородэнерго 321 125
Брянскэнерго -5 112 27
Воронежэнерго -13 856 181
Костромаэнерго 102 -4
Курскэнерго -2 444 151
Липецкэнерго 805 - 346
Орелэнерго -4 049 -34
Смоленскэнерго -7 617 42
Тамбовэнерго -5 959 -2
Тверьэнерго - 740 57
Ярэнерго -6 294 65
Россети Центр и Приволжье (ГК) Владимирэнерго 562 52
Ивэнерго 195 55
Калугаэнерго 625 -50
Кировэнерго 464 20
Мариэнерго 173 23
Нижновэнерго 751 319
Рязаньэнерго 246 50
Тулэнерго 791 - 235
Удмуртэнерго 362 13
Россети Юг (ГК) АО «ВМЭС» -3 789 51
Астраханьэнерго -5 702 100
Волгоградэнерго -9 960 - 352
Калмэнерго -1 662 -3
Ростовэнерго -20 264 66
Россети Янтарь Россети Янтарь 360 -42
Отклонения выручки по факторам по выбранным ДЗО, руб
-399 523-399 523
-7 388-7 388
Отклонение (объём услуг)
Отклонение (средний тариф)
ПАО Россети'

03-12-2024T03:20:48 - [TEST_STEP][PASSED] - if (urlText.contains("ошибка") || urlText.contains(searchWord) == false): null

03-12-2024T03:20:48 - [TEST_STEP][PASSED] - click(findTestObject("Факторный анализ/Фильтр Период")): Object: 'Object Repository/Факторный анализ/Фильтр Период' is clicked on

03-12-2024T03:20:49 - [MESSAGE][PASSED] - Object: 'Object Repository/Факторный анализ/Фильтр Период' is clicked on

03-12-2024T03:20:49 - [TEST_STEP][PASSED] - click(findTestObject("Факторный анализ/Снять выделение в фильтре Дата")): Object: 'Object Repository/Факторный анализ/Снять выделение в фильтре Дата' is clicked on

03-12-2024T03:20:49 - [MESSAGE][PASSED] - Object: 'Object Repository/Факторный анализ/Снять выделение в фильтре Дата' is clicked on

03-12-2024T03:20:49 - [TEST_STEP][PASSED] - click(findTestObject("Факторный анализ/Применить в фильтре Дата")): Object: 'Object Repository/Факторный анализ/Применить в фильтре Дата' is clicked on

03-12-2024T03:20:50 - [MESSAGE][PASSED] - Object: 'Object Repository/Факторный анализ/Применить в фильтре Дата' is clicked on

03-12-2024T03:20:50 - [TEST_STEP][PASSED] - click(findTestObject("Факторный анализ/Фильтр Период")): Object: 'Object Repository/Факторный анализ/Фильтр Период' is clicked on

03-12-2024T03:20:52 - [MESSAGE][PASSED] - Object: 'Object Repository/Факторный анализ/Фильтр Период' is clicked on

03-12-2024T03:20:52 - [TEST_STEP][PASSED] - click(findTestObject("Факторный анализ/Снять выделение в фильтре Дата")): Object: 'Object Repository/Факторный анализ/Снять выделение в фильтре Дата' is clicked on

03-12-2024T03:20:53 - [MESSAGE][PASSED] - Object: 'Object Repository/Факторный анализ/Снять выделение в фильтре Дата' is clicked on

03-12-2024T03:20:53 - [TEST_STEP][PASSED] - scrollToElement(findTestObject("Факторный анализ/2024 список"), 30): Scroll to object 'Object Repository/Факторный анализ/2024 список' successfully

03-12-2024T03:20:53 - [MESSAGE][PASSED] - Scroll to object 'Object Repository/Факторный анализ/2024 список' successfully

03-12-2024T03:20:53 - [TEST_STEP][PASSED] - click(findTestObject("Факторный анализ/2024 список")): Object: 'Object Repository/Факторный анализ/2024 список' is clicked on

03-12-2024T03:20:53 - [MESSAGE][PASSED] - Object: 'Object Repository/Факторный анализ/2024 список' is clicked on

03-12-2024T03:20:53 - [TEST_STEP][PASSED] - scrollToElement(findTestObject("Факторный анализ/1 квартал 2024 выбрать"), 30): Scroll to object 'Object Repository/Факторный анализ/1 квартал 2024 выбрать' successfully

03-12-2024T03:20:54 - [MESSAGE][PASSED] - Scroll to object 'Object Repository/Факторный анализ/1 квартал 2024 выбрать' successfully

03-12-2024T03:20:54 - [TEST_STEP][PASSED] - click(findTestObject("Факторный анализ/1 квартал 2024 выбрать")): Object: 'Object Repository/Факторный анализ/1 квартал 2024 выбрать' is clicked on

03-12-2024T03:20:54 - [MESSAGE][PASSED] - Object: 'Object Repository/Факторный анализ/1 квартал 2024 выбрать' is clicked on

03-12-2024T03:20:54 - [TEST_STEP][PASSED] - scrollToElement(findTestObject("Факторный анализ/1 квартал 2024 выбрать"), 30): Scroll to object 'Object Repository/Факторный анализ/1 квартал 2024 выбрать' successfully

03-12-2024T03:20:55 - [MESSAGE][PASSED] - Scroll to object 'Object Repository/Факторный анализ/1 квартал 2024 выбрать' successfully

03-12-2024T03:20:55 - [TEST_STEP][PASSED] - click(findTestObject("Факторный анализ/2 квартал 2024 выбрать"), CONTINUE_ON_FAILURE): Object: 'Object Repository/Факторный анализ/2 квартал 2024 выбрать' is clicked on

03-12-2024T03:20:55 - [MESSAGE][PASSED] - Object: 'Object Repository/Факторный анализ/2 квартал 2024 выбрать' is clicked on

03-12-2024T03:20:55 - [TEST_STEP][PASSED] - scrollToElement(findTestObject("Факторный анализ/3 квартал 2024 список"), 30): Scroll to object 'Object Repository/Факторный анализ/3 квартал 2024 список' successfully

03-12-2024T03:20:56 - [MESSAGE][PASSED] - Scroll to object 'Object Repository/Факторный анализ/3 квартал 2024 список' successfully

03-12-2024T03:20:56 - [TEST_STEP][PASSED] - click(findTestObject("Факторный анализ/3 квартал 2024 выбрать"), CONTINUE_ON_FAILURE): Object: 'Object Repository/Факторный анализ/3 квартал 2024 выбрать' is clicked on

03-12-2024T03:20:56 - [MESSAGE][PASSED] - Object: 'Object Repository/Факторный анализ/3 квартал 2024 выбрать' is clicked on

03-12-2024T03:20:56 - [TEST_STEP][PASSED] - scrollToElement(findTestObject("Факторный анализ/4 квартал 2024 список"), 30): Scroll to object 'Object Repository/Факторный анализ/4 квартал 2024 список' successfully

03-12-2024T03:20:56 - [MESSAGE][PASSED] - Scroll to object 'Object Repository/Факторный анализ/4 квартал 2024 список' successfully

03-12-2024T03:20:56 - [TEST_STEP][PASSED] - click(findTestObject("Факторный анализ/4 квартал 2024 список"), CONTINUE_ON_FAILURE): Object: 'Object Repository/Факторный анализ/4 квартал 2024 список' is clicked on

03-12-2024T03:20:57 - [MESSAGE][PASSED] - Object: 'Object Repository/Факторный анализ/4 квартал 2024 список' is clicked on

03-12-2024T03:20:57 - [TEST_STEP][PASSED] - scrollToElement(findTestObject("Факторный анализ/Октябрь 2024"), 30): Scroll to object 'Object Repository/Факторный анализ/Октябрь 2024' successfully

03-12-2024T03:20:57 - [MESSAGE][PASSED] - Scroll to object 'Object Repository/Факторный анализ/Октябрь 2024' successfully

03-12-2024T03:20:57 - [TEST_STEP][PASSED] - click(findTestObject("Факторный анализ/Октябрь 2024"), CONTINUE_ON_FAILURE): Object: 'Object Repository/Факторный анализ/Октябрь 2024' is clicked on

03-12-2024T03:20:57 - [MESSAGE][PASSED] - Object: 'Object Repository/Факторный анализ/Октябрь 2024' is clicked on

03-12-2024T03:20:57 - [TEST_STEP][PASSED] - scrollToElement(findTestObject("Факторный анализ/Заголовок фильтра Период"), 30): Scroll to object 'Object Repository/Факторный анализ/Заголовок фильтра Период' successfully

03-12-2024T03:20:58 - [MESSAGE][PASSED] - Scroll to object 'Object Repository/Факторный анализ/Заголовок фильтра Период' successfully

03-12-2024T03:20:58 - [TEST_STEP][PASSED] - click(findTestObject("Факторный анализ/Применить в фильтре Дата")): Object: 'Object Repository/Факторный анализ/Применить в фильтре Дата' is clicked on

03-12-2024T03:20:58 - [MESSAGE][PASSED] - Object: 'Object Repository/Факторный анализ/Применить в фильтре Дата' is clicked on

03-12-2024T03:20:58 - [TEST_STEP][PASSED] - click(findTestObject("Факторный анализ/Фильтр ДЗО")): Object: 'Object Repository/Факторный анализ/Фильтр ДЗО' is clicked on

03-12-2024T03:21:01 - [MESSAGE][PASSED] - Object: 'Object Repository/Факторный анализ/Фильтр ДЗО' is clicked on

03-12-2024T03:21:01 - [TEST_STEP][PASSED] - click(findTestObject("Факторный анализ/Снять выделение в Фильтре ДЗО")): Object: 'Object Repository/Факторный анализ/Снять выделение в Фильтре ДЗО' is clicked on

03-12-2024T03:21:01 - [MESSAGE][PASSED] - Object: 'Object Repository/Факторный анализ/Снять выделение в Фильтре ДЗО' is clicked on

03-12-2024T03:21:01 - [TEST_STEP][PASSED] - click(findTestObject("Факторный анализ/ПАО Россети")): Object: 'Object Repository/Факторный анализ/ПАО Россети' is clicked on

03-12-2024T03:21:02 - [MESSAGE][PASSED] - Object: 'Object Repository/Факторный анализ/ПАО Россети' is clicked on

03-12-2024T03:21:02 - [TEST_STEP][PASSED] - Script1687405718449.Change(todaysDate, typeOfData): null

03-12-2024T03:21:02 - [TEST_STEP][PASSED] - scrollToElement(findTestObject("Факторный анализ/Заголовок дашборда"), 30): Scroll to object 'Object Repository/Факторный анализ/Заголовок дашборда' successfully

03-12-2024T03:21:02 - [MESSAGE][PASSED] - Scroll to object 'Object Repository/Факторный анализ/Заголовок дашборда' successfully

03-12-2024T03:21:02 - [TEST_STEP][PASSED] - click(findTestObject("Факторный анализ/Применить в фильтре ДЗО")): Object: 'Object Repository/Факторный анализ/Применить в фильтре ДЗО' is clicked on

03-12-2024T03:21:03 - [MESSAGE][PASSED] - Object: 'Object Repository/Факторный анализ/Применить в фильтре ДЗО' is clicked on

03-12-2024T03:21:03 - [TEST_STEP][PASSED] - typeOfData = "Филиал": null

03-12-2024T03:21:03 - [TEST_STEP][PASSED] - Script1687405718449.Test(todaysDate, typeOfData): null

03-12-2024T03:21:03 - [TEST_STEP][PASSED] - if (verifyTextNotPresent("нет данных", false) == true): null

03-12-2024T03:21:05 - [MESSAGE][PASSED] - Text 'нет данных' is not present on page

03-12-2024T03:21:05 - [TEST_STEP][PASSED] - if (verifyTextNotPresent("Ошибка запроса данных", false) == true): null

03-12-2024T03:21:06 - [MESSAGE][PASSED] - Text 'Ошибка запроса данных' is not present on page

03-12-2024T03:21:06 - [TEST_STEP][PASSED] - if (verifyTextNotPresent("Произошла ошибка при выполнении пользовательского кода", false) == true): null

03-12-2024T03:21:06 - [MESSAGE][PASSED] - Text 'Произошла ошибка при выполнении пользовательского кода' is not present on page

03-12-2024T03:21:06 - [TEST_STEP][PASSED] - if (verifyTextNotPresent("У виджета нет данных", false) == true): null

03-12-2024T03:21:07 - [MESSAGE][PASSED] - Text 'У виджета нет данных' is not present on page

03-12-2024T03:21:07 - [TEST_STEP][PASSED] - if (verifyTextNotPresent("У виджета нет данных", false) == true): Text 'У виджета нет данных' is not present on page

03-12-2024T03:21:07 - [MESSAGE][PASSED] - Text 'У виджета нет данных' is not present on page

03-12-2024T03:21:07 - [TEST_STEP][PASSED] - click(findTestObject("Факторный анализ/Переключить отображение с филиала на месяц")): Object: 'Object Repository/Факторный анализ/Переключить отображение с филиала на месяц' is clicked on

03-12-2024T03:21:08 - [MESSAGE][PASSED] - Object: 'Object Repository/Факторный анализ/Переключить отображение с филиала на месяц' is clicked on

03-12-2024T03:21:08 - [TEST_STEP][PASSED] - typeOfData = "Месяц": null

03-12-2024T03:21:08 - [TEST_STEP][PASSED] - Script1687405718449.Test(todaysDate, typeOfData): null

03-12-2024T03:21:08 - [TEST_STEP][PASSED] - if (verifyTextNotPresent("нет данных", false) == true): null

03-12-2024T03:21:08 - [MESSAGE][PASSED] - Text 'нет данных' is not present on page

03-12-2024T03:21:08 - [TEST_STEP][PASSED] - if (verifyTextNotPresent("Ошибка запроса данных", false) == true): null

03-12-2024T03:21:09 - [MESSAGE][PASSED] - Text 'Ошибка запроса данных' is not present on page

03-12-2024T03:21:09 - [TEST_STEP][PASSED] - if (verifyTextNotPresent("Произошла ошибка при выполнении пользовательского кода", false) == true): null

03-12-2024T03:21:09 - [MESSAGE][PASSED] - Text 'Произошла ошибка при выполнении пользовательского кода' is not present on page

03-12-2024T03:21:09 - [TEST_STEP][PASSED] - if (verifyTextNotPresent("У виджета нет данных", false) == true): null

03-12-2024T03:21:10 - [MESSAGE][PASSED] - Text 'У виджета нет данных' is not present on page

03-12-2024T03:21:10 - [TEST_STEP][PASSED] - if (verifyTextNotPresent("У виджета нет данных", false) == true): Text 'У виджета нет данных' is not present on page

03-12-2024T03:21:10 - [MESSAGE][PASSED] - Text 'У виджета нет данных' is not present on page

03-12-2024T03:21:10 - [TEST_STEP][PASSED] - click(findTestObject("Факторный анализ/Переключить отображение с месяца на филиал")): Object: 'Object Repository/Факторный анализ/Переключить отображение с месяца на филиал' is clicked on

03-12-2024T03:21:11 - [MESSAGE][PASSED] - Object: 'Object Repository/Факторный анализ/Переключить отображение с месяца на филиал' is clicked on

03-12-2024T03:21:11 - [TEST_STEP][PASSED] - click(findTestObject("Факторный анализ/Фильтр ДЗО")): Object: 'Object Repository/Факторный анализ/Фильтр ДЗО' is clicked on

03-12-2024T03:21:11 - [MESSAGE][PASSED] - Object: 'Object Repository/Факторный анализ/Фильтр ДЗО' is clicked on

03-12-2024T03:21:11 - [TEST_STEP][PASSED] - click(findTestObject("Факторный анализ/Снять выделение в фильтре ДЗО")): Object: 'Object Repository/Факторный анализ/Снять выделение в фильтре ДЗО' is clicked on

03-12-2024T03:21:12 - [MESSAGE][PASSED] - Object: 'Object Repository/Факторный анализ/Снять выделение в фильтре ДЗО' is clicked on

03-12-2024T03:21:12 - [TEST_STEP][PASSED] - doubleClick(findTestObject("Факторный анализ/Раскрыть список ПАО Россети")): Object: 'Object Repository/Факторный анализ/Раскрыть список ПАО Россети' is double clicked on

03-12-2024T03:21:12 - [MESSAGE][PASSED] - Object: 'Object Repository/Факторный анализ/Раскрыть список ПАО Россети' is double clicked on

03-12-2024T03:21:12 - [TEST_STEP][PASSED] - click(findTestObject("Факторный анализ/Магистральные сети")): Object: 'Object Repository/Факторный анализ/Магистральные сети' is clicked on

03-12-2024T03:21:14 - [MESSAGE][PASSED] - Object: 'Object Repository/Факторный анализ/Магистральные сети' is clicked on

03-12-2024T03:21:14 - [TEST_STEP][PASSED] - Script1687405718449.Change(todaysDate, typeOfData): null

03-12-2024T03:21:14 - [TEST_STEP][PASSED] - scrollToElement(findTestObject("Факторный анализ/Заголовок дашборда"), 30): Scroll to object 'Object Repository/Факторный анализ/Заголовок дашборда' successfully

03-12-2024T03:21:14 - [MESSAGE][PASSED] - Scroll to object 'Object Repository/Факторный анализ/Заголовок дашборда' successfully

03-12-2024T03:21:14 - [TEST_STEP][PASSED] - click(findTestObject("Факторный анализ/Применить в фильтре ДЗО")): Object: 'Object Repository/Факторный анализ/Применить в фильтре ДЗО' is clicked on

03-12-2024T03:21:15 - [MESSAGE][PASSED] - Object: 'Object Repository/Факторный анализ/Применить в фильтре ДЗО' is clicked on

03-12-2024T03:21:15 - [TEST_STEP][PASSED] - typeOfData = "Филиал": null

03-12-2024T03:21:15 - [TEST_STEP][PASSED] - Script1687405718449.Test(todaysDate, typeOfData): null

03-12-2024T03:21:15 - [TEST_STEP][PASSED] - if (verifyTextNotPresent("нет данных", false) == true): null

03-12-2024T03:21:17 - [MESSAGE][PASSED] - Text 'нет данных' is not present on page

03-12-2024T03:21:17 - [TEST_STEP][PASSED] - if (verifyTextNotPresent("Ошибка запроса данных", false) == true): null

03-12-2024T03:21:18 - [MESSAGE][PASSED] - Text 'Ошибка запроса данных' is not present on page

03-12-2024T03:21:18 - [TEST_STEP][PASSED] - if (verifyTextNotPresent("Произошла ошибка при выполнении пользовательского кода", false) == true): null

03-12-2024T03:21:18 - [MESSAGE][PASSED] - Text 'Произошла ошибка при выполнении пользовательского кода' is not present on page

03-12-2024T03:21:18 - [TEST_STEP][PASSED] - if (verifyTextNotPresent("У виджета нет данных", false) == true): null

03-12-2024T03:21:19 - [MESSAGE][PASSED] - Text 'У виджета нет данных' is not present on page

03-12-2024T03:21:19 - [TEST_STEP][PASSED] - if (verifyTextNotPresent("У виджета нет данных", false) == true): Text 'У виджета нет данных' is not present on page

03-12-2024T03:21:19 - [MESSAGE][PASSED] - Text 'У виджета нет данных' is not present on page

03-12-2024T03:21:19 - [TEST_STEP][PASSED] - click(findTestObject("Факторный анализ/Переключить отображение с филиала на месяц")): Object: 'Object Repository/Факторный анализ/Переключить отображение с филиала на месяц' is clicked on

03-12-2024T03:21:20 - [MESSAGE][PASSED] - Object: 'Object Repository/Факторный анализ/Переключить отображение с филиала на месяц' is clicked on

03-12-2024T03:21:20 - [TEST_STEP][PASSED] - typeOfData = "Месяц": null

03-12-2024T03:21:20 - [TEST_STEP][PASSED] - Script1687405718449.Test(todaysDate, typeOfData): null

03-12-2024T03:21:20 - [TEST_STEP][PASSED] - if (verifyTextNotPresent("нет данных", false) == true): null

03-12-2024T03:21:20 - [MESSAGE][PASSED] - Text 'нет данных' is not present on page

03-12-2024T03:21:20 - [TEST_STEP][PASSED] - if (verifyTextNotPresent("Ошибка запроса данных", false) == true): null

03-12-2024T03:21:20 - [MESSAGE][PASSED] - Text 'Ошибка запроса данных' is not present on page

03-12-2024T03:21:20 - [TEST_STEP][PASSED] - if (verifyTextNotPresent("Произошла ошибка при выполнении пользовательского кода", false) == true): null

03-12-2024T03:21:21 - [MESSAGE][PASSED] - Text 'Произошла ошибка при выполнении пользовательского кода' is not present on page

03-12-2024T03:21:21 - [TEST_STEP][PASSED] - if (verifyTextNotPresent("У виджета нет данных", false) == true): null

03-12-2024T03:21:21 - [MESSAGE][PASSED] - Text 'У виджета нет данных' is not present on page

03-12-2024T03:21:21 - [TEST_STEP][PASSED] - if (verifyTextNotPresent("У виджета нет данных", false) == true): Text 'У виджета нет данных' is not present on page

03-12-2024T03:21:22 - [MESSAGE][PASSED] - Text 'У виджета нет данных' is not present on page

03-12-2024T03:21:22 - [TEST_STEP][PASSED] - click(findTestObject("Факторный анализ/Переключить отображение с месяца на филиал")): Object: 'Object Repository/Факторный анализ/Переключить отображение с месяца на филиал' is clicked on

03-12-2024T03:21:22 - [MESSAGE][PASSED] - Object: 'Object Repository/Факторный анализ/Переключить отображение с месяца на филиал' is clicked on

03-12-2024T03:21:22 - [TEST_STEP][PASSED] - click(findTestObject("Факторный анализ/Фильтр ДЗО")): Object: 'Object Repository/Факторный анализ/Фильтр ДЗО' is clicked on

03-12-2024T03:21:23 - [MESSAGE][PASSED] - Object: 'Object Repository/Факторный анализ/Фильтр ДЗО' is clicked on

03-12-2024T03:21:23 - [TEST_STEP][PASSED] - click(findTestObject("Факторный анализ/Снять выделение в фильтре ДЗО")): Object: 'Object Repository/Факторный анализ/Снять выделение в фильтре ДЗО' is clicked on

03-12-2024T03:21:23 - [MESSAGE][PASSED] - Object: 'Object Repository/Факторный анализ/Снять выделение в фильтре ДЗО' is clicked on

03-12-2024T03:21:23 - [TEST_STEP][PASSED] - click(findTestObject("Общие объекты/Развернуть элемент Магистральные сети")): Object: 'Object Repository/Общие объекты/Развернуть элемент Магистральные сети' is clicked on

03-12-2024T03:21:23 - [MESSAGE][PASSED] - Object: 'Object Repository/Общие объекты/Развернуть элемент Магистральные сети' is clicked on

03-12-2024T03:21:23 - [TEST_STEP][PASSED] - click(findTestObject("Факторный анализ/Россети ФСК ЕЭС")): Object: 'Object Repository/Факторный анализ/Россети ФСК ЕЭС' is clicked on

03-12-2024T03:21:25 - [MESSAGE][PASSED] - Object: 'Object Repository/Факторный анализ/Россети ФСК ЕЭС' is clicked on

03-12-2024T03:21:25 - [TEST_STEP][PASSED] - Script1687405718449.Change(todaysDate, typeOfData): null

03-12-2024T03:21:25 - [TEST_STEP][PASSED] - scrollToElement(findTestObject("Факторный анализ/Заголовок дашборда"), 30): Scroll to object 'Object Repository/Факторный анализ/Заголовок дашборда' successfully

03-12-2024T03:21:25 - [MESSAGE][PASSED] - Scroll to object 'Object Repository/Факторный анализ/Заголовок дашборда' successfully

03-12-2024T03:21:25 - [TEST_STEP][PASSED] - click(findTestObject("Факторный анализ/Применить в фильтре ДЗО")): Object: 'Object Repository/Факторный анализ/Применить в фильтре ДЗО' is clicked on

03-12-2024T03:21:26 - [MESSAGE][PASSED] - Object: 'Object Repository/Факторный анализ/Применить в фильтре ДЗО' is clicked on

03-12-2024T03:21:26 - [TEST_STEP][PASSED] - typeOfData = "Филиал": null

03-12-2024T03:21:26 - [TEST_STEP][PASSED] - Script1687405718449.Test(todaysDate, typeOfData): null

03-12-2024T03:21:26 - [TEST_STEP][PASSED] - if (verifyTextNotPresent("нет данных", false) == true): null

03-12-2024T03:21:28 - [MESSAGE][PASSED] - Text 'нет данных' is not present on page

03-12-2024T03:21:28 - [TEST_STEP][PASSED] - if (verifyTextNotPresent("Ошибка запроса данных", false) == true): null

03-12-2024T03:21:29 - [MESSAGE][PASSED] - Text 'Ошибка запроса данных' is not present on page

03-12-2024T03:21:29 - [TEST_STEP][PASSED] - if (verifyTextNotPresent("Произошла ошибка при выполнении пользовательского кода", false) == true): null

03-12-2024T03:21:29 - [MESSAGE][PASSED] - Text 'Произошла ошибка при выполнении пользовательского кода' is not present on page

03-12-2024T03:21:29 - [TEST_STEP][PASSED] - if (verifyTextNotPresent("У виджета нет данных", false) == true): null

03-12-2024T03:21:30 - [MESSAGE][PASSED] - Text 'У виджета нет данных' is not present on page

03-12-2024T03:21:30 - [TEST_STEP][PASSED] - if (verifyTextNotPresent("У виджета нет данных", false) == true): Text 'У виджета нет данных' is not present on page

03-12-2024T03:21:30 - [MESSAGE][PASSED] - Text 'У виджета нет данных' is not present on page

03-12-2024T03:21:30 - [TEST_STEP][PASSED] - click(findTestObject("Факторный анализ/Переключить отображение с филиала на месяц")): Object: 'Object Repository/Факторный анализ/Переключить отображение с филиала на месяц' is clicked on

03-12-2024T03:21:30 - [MESSAGE][PASSED] - Object: 'Object Repository/Факторный анализ/Переключить отображение с филиала на месяц' is clicked on

03-12-2024T03:21:30 - [TEST_STEP][PASSED] - typeOfData = "Месяц": null

03-12-2024T03:21:30 - [TEST_STEP][PASSED] - Script1687405718449.Test(todaysDate, typeOfData): null

03-12-2024T03:21:30 - [TEST_STEP][PASSED] - if (verifyTextNotPresent("нет данных", false) == true): null

03-12-2024T03:21:31 - [MESSAGE][PASSED] - Text 'нет данных' is not present on page

03-12-2024T03:21:31 - [TEST_STEP][PASSED] - if (verifyTextNotPresent("Ошибка запроса данных", false) == true): null

03-12-2024T03:21:31 - [MESSAGE][PASSED] - Text 'Ошибка запроса данных' is not present on page

03-12-2024T03:21:31 - [TEST_STEP][PASSED] - if (verifyTextNotPresent("Произошла ошибка при выполнении пользовательского кода", false) == true): null

03-12-2024T03:21:32 - [MESSAGE][PASSED] - Text 'Произошла ошибка при выполнении пользовательского кода' is not present on page

03-12-2024T03:21:32 - [TEST_STEP][PASSED] - if (verifyTextNotPresent("У виджета нет данных", false) == true): null

03-12-2024T03:21:32 - [MESSAGE][PASSED] - Text 'У виджета нет данных' is not present on page

03-12-2024T03:21:32 - [TEST_STEP][PASSED] - if (verifyTextNotPresent("У виджета нет данных", false) == true): Text 'У виджета нет данных' is not present on page

03-12-2024T03:21:33 - [MESSAGE][PASSED] - Text 'У виджета нет данных' is not present on page

03-12-2024T03:21:33 - [TEST_STEP][PASSED] - click(findTestObject("Факторный анализ/Переключить отображение с месяца на филиал")): Object: 'Object Repository/Факторный анализ/Переключить отображение с месяца на филиал' is clicked on

03-12-2024T03:21:33 - [MESSAGE][PASSED] - Object: 'Object Repository/Факторный анализ/Переключить отображение с месяца на филиал' is clicked on

03-12-2024T03:21:33 - [TEST_STEP][PASSED] - click(findTestObject("Факторный анализ/Фильтр ДЗО")): Object: 'Object Repository/Факторный анализ/Фильтр ДЗО' is clicked on

03-12-2024T03:21:33 - [MESSAGE][PASSED] - Object: 'Object Repository/Факторный анализ/Фильтр ДЗО' is clicked on

03-12-2024T03:21:33 - [TEST_STEP][PASSED] - click(findTestObject("Факторный анализ/Снять выделение в фильтре ДЗО")): Object: 'Object Repository/Факторный анализ/Снять выделение в фильтре ДЗО' is clicked on

03-12-2024T03:21:34 - [MESSAGE][PASSED] - Object: 'Object Repository/Факторный анализ/Снять выделение в фильтре ДЗО' is clicked on

03-12-2024T03:21:34 - [TEST_STEP][PASSED] - click(findTestObject("Общие объекты/Развернуть элемент Россети ФСК ЕЭС")): Object: 'Object Repository/Общие объекты/Развернуть элемент Россети ФСК ЕЭС' is clicked on

03-12-2024T03:21:34 - [MESSAGE][PASSED] - Object: 'Object Repository/Общие объекты/Развернуть элемент Россети ФСК ЕЭС' is clicked on

03-12-2024T03:21:34 - [TEST_STEP][PASSED] - click(findTestObject("Факторный анализ/Итого по ФСК ЕЭС")): Object: 'Object Repository/Факторный анализ/Итого по ФСК ЕЭС' is clicked on

03-12-2024T03:21:36 - [MESSAGE][PASSED] - Object: 'Object Repository/Факторный анализ/Итого по ФСК ЕЭС' is clicked on

03-12-2024T03:21:36 - [TEST_STEP][PASSED] - Script1687405718449.Change(todaysDate, typeOfData): null

03-12-2024T03:21:36 - [TEST_STEP][PASSED] - scrollToElement(findTestObject("Факторный анализ/Заголовок дашборда"), 30): Scroll to object 'Object Repository/Факторный анализ/Заголовок дашборда' successfully

03-12-2024T03:21:36 - [MESSAGE][PASSED] - Scroll to object 'Object Repository/Факторный анализ/Заголовок дашборда' successfully

03-12-2024T03:21:36 - [TEST_STEP][PASSED] - click(findTestObject("Факторный анализ/Применить в фильтре ДЗО")): Object: 'Object Repository/Факторный анализ/Применить в фильтре ДЗО' is clicked on

03-12-2024T03:21:37 - [MESSAGE][PASSED] - Object: 'Object Repository/Факторный анализ/Применить в фильтре ДЗО' is clicked on

03-12-2024T03:21:37 - [TEST_STEP][PASSED] - typeOfData = "Филиал": null

03-12-2024T03:21:37 - [TEST_STEP][PASSED] - Script1687405718449.Test(todaysDate, typeOfData): null

03-12-2024T03:21:37 - [TEST_STEP][PASSED] - if (verifyTextNotPresent("нет данных", false) == true): null

03-12-2024T03:21:39 - [MESSAGE][PASSED] - Text 'нет данных' is not present on page

03-12-2024T03:21:39 - [TEST_STEP][PASSED] - if (verifyTextNotPresent("Ошибка запроса данных", false) == true): null

03-12-2024T03:21:40 - [MESSAGE][PASSED] - Text 'Ошибка запроса данных' is not present on page

03-12-2024T03:21:40 - [TEST_STEP][PASSED] - if (verifyTextNotPresent("Произошла ошибка при выполнении пользовательского кода", false) == true): null

03-12-2024T03:21:40 - [MESSAGE][PASSED] - Text 'Произошла ошибка при выполнении пользовательского кода' is not present on page

03-12-2024T03:21:40 - [TEST_STEP][PASSED] - if (verifyTextNotPresent("У виджета нет данных", false) == true): null

03-12-2024T03:21:41 - [MESSAGE][PASSED] - Text 'У виджета нет данных' is not present on page

03-12-2024T03:21:41 - [TEST_STEP][PASSED] - if (verifyTextNotPresent("У виджета нет данных", false) == true): Text 'У виджета нет данных' is not present on page

03-12-2024T03:21:41 - [MESSAGE][PASSED] - Text 'У виджета нет данных' is not present on page

03-12-2024T03:21:41 - [TEST_STEP][PASSED] - click(findTestObject("Факторный анализ/Переключить отображение с филиала на месяц")): Object: 'Object Repository/Факторный анализ/Переключить отображение с филиала на месяц' is clicked on

03-12-2024T03:21:41 - [MESSAGE][PASSED] - Object: 'Object Repository/Факторный анализ/Переключить отображение с филиала на месяц' is clicked on

03-12-2024T03:21:41 - [TEST_STEP][PASSED] - typeOfData = "Месяц": null

03-12-2024T03:21:41 - [TEST_STEP][PASSED] - Script1687405718449.Test(todaysDate, typeOfData): null

03-12-2024T03:21:41 - [TEST_STEP][PASSED] - if (verifyTextNotPresent("нет данных", false) == true): null

03-12-2024T03:21:42 - [MESSAGE][PASSED] - Text 'нет данных' is not present on page

03-12-2024T03:21:42 - [TEST_STEP][PASSED] - if (verifyTextNotPresent("Ошибка запроса данных", false) == true): null

03-12-2024T03:21:42 - [MESSAGE][PASSED] - Text 'Ошибка запроса данных' is not present on page

03-12-2024T03:21:42 - [TEST_STEP][PASSED] - if (verifyTextNotPresent("Произошла ошибка при выполнении пользовательского кода", false) == true): null

03-12-2024T03:21:43 - [MESSAGE][PASSED] - Text 'Произошла ошибка при выполнении пользовательского кода' is not present on page

03-12-2024T03:21:43 - [TEST_STEP][PASSED] - if (verifyTextNotPresent("У виджета нет данных", false) == true): null

03-12-2024T03:21:43 - [MESSAGE][PASSED] - Text 'У виджета нет данных' is not present on page

03-12-2024T03:21:43 - [TEST_STEP][PASSED] - if (verifyTextNotPresent("У виджета нет данных", false) == true): Text 'У виджета нет данных' is not present on page

03-12-2024T03:21:44 - [MESSAGE][PASSED] - Text 'У виджета нет данных' is not present on page

03-12-2024T03:21:44 - [TEST_STEP][PASSED] - click(findTestObject("Факторный анализ/Переключить отображение с месяца на филиал")): Object: 'Object Repository/Факторный анализ/Переключить отображение с месяца на филиал' is clicked on

03-12-2024T03:21:44 - [MESSAGE][PASSED] - Object: 'Object Repository/Факторный анализ/Переключить отображение с месяца на филиал' is clicked on

03-12-2024T03:21:44 - [TEST_STEP][PASSED] - click(findTestObject("Факторный анализ/Фильтр ДЗО")): Object: 'Object Repository/Факторный анализ/Фильтр ДЗО' is clicked on

03-12-2024T03:21:44 - [MESSAGE][PASSED] - Object: 'Object Repository/Факторный анализ/Фильтр ДЗО' is clicked on

03-12-2024T03:21:44 - [TEST_STEP][PASSED] - click(findTestObject("Факторный анализ/Снять выделение в фильтре ДЗО")): Object: 'Object Repository/Факторный анализ/Снять выделение в фильтре ДЗО' is clicked on

03-12-2024T03:21:45 - [MESSAGE][PASSED] - Object: 'Object Repository/Факторный анализ/Снять выделение в фильтре ДЗО' is clicked on

03-12-2024T03:21:45 - [TEST_STEP][PASSED] - click(findTestObject("Общие объекты/Развернуть элемент Магистральные сети")): Object: 'Object Repository/Общие объекты/Развернуть элемент Магистральные сети' is clicked on

03-12-2024T03:21:45 - [MESSAGE][PASSED] - Object: 'Object Repository/Общие объекты/Развернуть элемент Магистральные сети' is clicked on

03-12-2024T03:21:45 - [TEST_STEP][PASSED] - click(findTestObject("Факторный анализ/РаспредКомплекс")): Object: 'Object Repository/Факторный анализ/РаспредКомплекс' is clicked on

03-12-2024T03:21:46 - [MESSAGE][PASSED] - Object: 'Object Repository/Факторный анализ/РаспредКомплекс' is clicked on

03-12-2024T03:21:46 - [TEST_STEP][PASSED] - Script1687405718449.Change(todaysDate, typeOfData): null

03-12-2024T03:21:46 - [TEST_STEP][PASSED] - scrollToElement(findTestObject("Факторный анализ/Заголовок дашборда"), 30): Scroll to object 'Object Repository/Факторный анализ/Заголовок дашборда' successfully

03-12-2024T03:21:46 - [MESSAGE][PASSED] - Scroll to object 'Object Repository/Факторный анализ/Заголовок дашборда' successfully

03-12-2024T03:21:46 - [TEST_STEP][PASSED] - click(findTestObject("Факторный анализ/Применить в фильтре ДЗО")): Object: 'Object Repository/Факторный анализ/Применить в фильтре ДЗО' is clicked on

03-12-2024T03:21:47 - [MESSAGE][PASSED] - Object: 'Object Repository/Факторный анализ/Применить в фильтре ДЗО' is clicked on

03-12-2024T03:21:47 - [TEST_STEP][PASSED] - typeOfData = "Филиал": null

03-12-2024T03:21:47 - [TEST_STEP][PASSED] - Script1687405718449.Test(todaysDate, typeOfData): null

03-12-2024T03:21:47 - [TEST_STEP][PASSED] - if (verifyTextNotPresent("нет данных", false) == true): null

03-12-2024T03:21:49 - [MESSAGE][PASSED] - Text 'нет данных' is not present on page

03-12-2024T03:21:49 - [TEST_STEP][PASSED] - if (verifyTextNotPresent("Ошибка запроса данных", false) == true): null

03-12-2024T03:21:50 - [MESSAGE][PASSED] - Text 'Ошибка запроса данных' is not present on page

03-12-2024T03:21:50 - [TEST_STEP][PASSED] - if (verifyTextNotPresent("Произошла ошибка при выполнении пользовательского кода", false) == true): null

03-12-2024T03:21:50 - [MESSAGE][PASSED] - Text 'Произошла ошибка при выполнении пользовательского кода' is not present on page

03-12-2024T03:21:50 - [TEST_STEP][PASSED] - if (verifyTextNotPresent("У виджета нет данных", false) == true): null

03-12-2024T03:21:51 - [MESSAGE][PASSED] - Text 'У виджета нет данных' is not present on page

03-12-2024T03:21:51 - [TEST_STEP][PASSED] - if (verifyTextNotPresent("У виджета нет данных", false) == true): Text 'У виджета нет данных' is not present on page

03-12-2024T03:21:51 - [MESSAGE][PASSED] - Text 'У виджета нет данных' is not present on page

03-12-2024T03:21:51 - [TEST_STEP][PASSED] - click(findTestObject("Факторный анализ/Переключить отображение с филиала на месяц")): Object: 'Object Repository/Факторный анализ/Переключить отображение с филиала на месяц' is clicked on

03-12-2024T03:21:51 - [MESSAGE][PASSED] - Object: 'Object Repository/Факторный анализ/Переключить отображение с филиала на месяц' is clicked on

03-12-2024T03:21:51 - [TEST_STEP][PASSED] - typeOfData = "Месяц": null

03-12-2024T03:21:51 - [TEST_STEP][PASSED] - Script1687405718449.Test(todaysDate, typeOfData): null

03-12-2024T03:21:51 - [TEST_STEP][PASSED] - if (verifyTextNotPresent("нет данных", false) == true): null

03-12-2024T03:21:52 - [MESSAGE][PASSED] - Text 'нет данных' is not present on page

03-12-2024T03:21:52 - [TEST_STEP][PASSED] - if (verifyTextNotPresent("Ошибка запроса данных", false) == true): null

03-12-2024T03:21:53 - [MESSAGE][PASSED] - Text 'Ошибка запроса данных' is not present on page

03-12-2024T03:21:53 - [TEST_STEP][PASSED] - if (verifyTextNotPresent("Произошла ошибка при выполнении пользовательского кода", false) == true): null

03-12-2024T03:21:53 - [MESSAGE][PASSED] - Text 'Произошла ошибка при выполнении пользовательского кода' is not present on page

03-12-2024T03:21:53 - [TEST_STEP][PASSED] - if (verifyTextNotPresent("У виджета нет данных", false) == true): null

03-12-2024T03:21:54 - [MESSAGE][PASSED] - Text 'У виджета нет данных' is not present on page

03-12-2024T03:21:54 - [TEST_STEP][PASSED] - if (verifyTextNotPresent("У виджета нет данных", false) == true): Text 'У виджета нет данных' is not present on page

03-12-2024T03:21:54 - [MESSAGE][PASSED] - Text 'У виджета нет данных' is not present on page

03-12-2024T03:21:54 - [TEST_STEP][PASSED] - click(findTestObject("Факторный анализ/Переключить отображение с месяца на филиал")): Object: 'Object Repository/Факторный анализ/Переключить отображение с месяца на филиал' is clicked on

03-12-2024T03:21:54 - [MESSAGE][PASSED] - Object: 'Object Repository/Факторный анализ/Переключить отображение с месяца на филиал' is clicked on

03-12-2024T03:21:54 - [TEST_STEP][PASSED] - click(findTestObject("Факторный анализ/Фильтр ДЗО")): Object: 'Object Repository/Факторный анализ/Фильтр ДЗО' is clicked on

03-12-2024T03:21:55 - [MESSAGE][PASSED] - Object: 'Object Repository/Факторный анализ/Фильтр ДЗО' is clicked on

03-12-2024T03:21:55 - [TEST_STEP][PASSED] - click(findTestObject("Факторный анализ/Снять выделение в фильтре ДЗО")): Object: 'Object Repository/Факторный анализ/Снять выделение в фильтре ДЗО' is clicked on

03-12-2024T03:21:55 - [MESSAGE][PASSED] - Object: 'Object Repository/Факторный анализ/Снять выделение в фильтре ДЗО' is clicked on

03-12-2024T03:21:55 - [TEST_STEP][PASSED] - click(findTestObject("Общие объекты/Раскрыть список РаспредКомплекс")): Object: 'Object Repository/Общие объекты/Раскрыть список РаспредКомплекс' is clicked on

03-12-2024T03:21:56 - [MESSAGE][PASSED] - Object: 'Object Repository/Общие объекты/Раскрыть список РаспредКомплекс' is clicked on

03-12-2024T03:21:56 - [TEST_STEP][PASSED] - click(findTestObject("Общие объекты/Раскрыть список РаспредКомплекс")): Object: 'Object Repository/Общие объекты/Раскрыть список РаспредКомплекс' is clicked on

03-12-2024T03:21:57 - [MESSAGE][PASSED] - Object: 'Object Repository/Общие объекты/Раскрыть список РаспредКомплекс' is clicked on

03-12-2024T03:21:57 - [TEST_STEP][PASSED] - scrollToElement(findTestObject("Факторный анализ/АО Тываэнерго"), 30): Scroll to object 'Object Repository/Факторный анализ/АО Тываэнерго' successfully

03-12-2024T03:21:57 - [MESSAGE][PASSED] - Scroll to object 'Object Repository/Факторный анализ/АО Тываэнерго' successfully

03-12-2024T03:21:57 - [TEST_STEP][PASSED] - click(findTestObject("Факторный анализ/АО Тываэнерго")): Object: 'Object Repository/Факторный анализ/АО Тываэнерго' is clicked on

03-12-2024T03:21:57 - [MESSAGE][PASSED] - Object: 'Object Repository/Факторный анализ/АО Тываэнерго' is clicked on

03-12-2024T03:21:57 - [TEST_STEP][PASSED] - Script1687405718449.Change(todaysDate, typeOfData): null

03-12-2024T03:21:57 - [TEST_STEP][PASSED] - scrollToElement(findTestObject("Факторный анализ/Заголовок дашборда"), 30): Scroll to object 'Object Repository/Факторный анализ/Заголовок дашборда' successfully

03-12-2024T03:21:58 - [MESSAGE][PASSED] - Scroll to object 'Object Repository/Факторный анализ/Заголовок дашборда' successfully

03-12-2024T03:21:58 - [TEST_STEP][PASSED] - click(findTestObject("Факторный анализ/Применить в фильтре ДЗО")): Object: 'Object Repository/Факторный анализ/Применить в фильтре ДЗО' is clicked on

03-12-2024T03:21:58 - [MESSAGE][PASSED] - Object: 'Object Repository/Факторный анализ/Применить в фильтре ДЗО' is clicked on

03-12-2024T03:21:58 - [TEST_STEP][PASSED] - typeOfData = "Филиал": null

03-12-2024T03:21:58 - [TEST_STEP][PASSED] - Script1687405718449.Test(todaysDate, typeOfData): null

03-12-2024T03:21:58 - [TEST_STEP][PASSED] - if (verifyTextNotPresent("нет данных", false) == true): null

03-12-2024T03:22:01 - [MESSAGE][PASSED] - Text 'нет данных' is not present on page

03-12-2024T03:22:01 - [TEST_STEP][PASSED] - if (verifyTextNotPresent("Ошибка запроса данных", false) == true): null

03-12-2024T03:22:01 - [MESSAGE][PASSED] - Text 'Ошибка запроса данных' is not present on page

03-12-2024T03:22:01 - [TEST_STEP][PASSED] - if (verifyTextNotPresent("Произошла ошибка при выполнении пользовательского кода", false) == true): null

03-12-2024T03:22:02 - [MESSAGE][PASSED] - Text 'Произошла ошибка при выполнении пользовательского кода' is not present on page

03-12-2024T03:22:02 - [TEST_STEP][PASSED] - if (verifyTextNotPresent("У виджета нет данных", false) == true): null

03-12-2024T03:22:02 - [MESSAGE][PASSED] - Text 'У виджета нет данных' is not present on page

03-12-2024T03:22:02 - [TEST_STEP][PASSED] - if (verifyTextNotPresent("У виджета нет данных", false) == true): Text 'У виджета нет данных' is not present on page

03-12-2024T03:22:03 - [MESSAGE][PASSED] - Text 'У виджета нет данных' is not present on page

03-12-2024T03:22:03 - [TEST_STEP][PASSED] - click(findTestObject("Факторный анализ/Переключить отображение с филиала на месяц")): Object: 'Object Repository/Факторный анализ/Переключить отображение с филиала на месяц' is clicked on

03-12-2024T03:22:03 - [MESSAGE][PASSED] - Object: 'Object Repository/Факторный анализ/Переключить отображение с филиала на месяц' is clicked on

03-12-2024T03:22:03 - [TEST_STEP][PASSED] - typeOfData = "Месяц": null

03-12-2024T03:22:03 - [TEST_STEP][PASSED] - Script1687405718449.Test(todaysDate, typeOfData): null

03-12-2024T03:22:03 - [TEST_STEP][PASSED] - if (verifyTextNotPresent("нет данных", false) == true): null

03-12-2024T03:22:04 - [MESSAGE][PASSED] - Text 'нет данных' is not present on page

03-12-2024T03:22:04 - [TEST_STEP][PASSED] - if (verifyTextNotPresent("Ошибка запроса данных", false) == true): null

03-12-2024T03:22:04 - [MESSAGE][PASSED] - Text 'Ошибка запроса данных' is not present on page

03-12-2024T03:22:04 - [TEST_STEP][PASSED] - if (verifyTextNotPresent("Произошла ошибка при выполнении пользовательского кода", false) == true): null

03-12-2024T03:22:05 - [MESSAGE][PASSED] - Text 'Произошла ошибка при выполнении пользовательского кода' is not present on page

03-12-2024T03:22:05 - [TEST_STEP][PASSED] - if (verifyTextNotPresent("У виджета нет данных", false) == true): null

03-12-2024T03:22:05 - [MESSAGE][PASSED] - Text 'У виджета нет данных' is not present on page

03-12-2024T03:22:05 - [TEST_STEP][PASSED] - if (verifyTextNotPresent("У виджета нет данных", false) == true): Text 'У виджета нет данных' is not present on page

03-12-2024T03:22:05 - [MESSAGE][PASSED] - Text 'У виджета нет данных' is not present on page

03-12-2024T03:22:05 - [TEST_STEP][PASSED] - click(findTestObject("Факторный анализ/Переключить отображение с месяца на филиал")): Object: 'Object Repository/Факторный анализ/Переключить отображение с месяца на филиал' is clicked on

03-12-2024T03:22:06 - [MESSAGE][PASSED] - Object: 'Object Repository/Факторный анализ/Переключить отображение с месяца на филиал' is clicked on

03-12-2024T03:22:06 - [TEST_STEP][PASSED] - click(findTestObject("Факторный анализ/Фильтр ДЗО")): Object: 'Object Repository/Факторный анализ/Фильтр ДЗО' is clicked on

03-12-2024T03:22:06 - [MESSAGE][PASSED] - Object: 'Object Repository/Факторный анализ/Фильтр ДЗО' is clicked on

03-12-2024T03:22:06 - [TEST_STEP][PASSED] - click(findTestObject("Факторный анализ/Снять выделение в фильтре ДЗО")): Object: 'Object Repository/Факторный анализ/Снять выделение в фильтре ДЗО' is clicked on

03-12-2024T03:22:07 - [MESSAGE][PASSED] - Object: 'Object Repository/Факторный анализ/Снять выделение в фильтре ДЗО' is clicked on

03-12-2024T03:22:07 - [TEST_STEP][PASSED] - scrollToElement(findTestObject("Общие объекты/Раскрыть список Тываэнерго"), 30): Scroll to object 'Object Repository/Общие объекты/Раскрыть список Тываэнерго' successfully

03-12-2024T03:22:07 - [MESSAGE][PASSED] - Scroll to object 'Object Repository/Общие объекты/Раскрыть список Тываэнерго' successfully

03-12-2024T03:22:07 - [TEST_STEP][PASSED] - click(findTestObject("Общие объекты/Раскрыть список Тываэнерго"), CONTINUE_ON_FAILURE): Object: 'Object Repository/Общие объекты/Раскрыть список Тываэнерго' is clicked on

03-12-2024T03:22:07 - [MESSAGE][PASSED] - Object: 'Object Repository/Общие объекты/Раскрыть список Тываэнерго' is clicked on

03-12-2024T03:22:07 - [TEST_STEP][PASSED] - click(findTestObject("Факторный анализ/Тываэнерго нижний уровень"), CONTINUE_ON_FAILURE): Object: 'Object Repository/Факторный анализ/Тываэнерго нижний уровень' is clicked on

03-12-2024T03:22:08 - [MESSAGE][PASSED] - Object: 'Object Repository/Факторный анализ/Тываэнерго нижний уровень' is clicked on

03-12-2024T03:22:08 - [TEST_STEP][PASSED] - Script1687405718449.Change(todaysDate, typeOfData): null

03-12-2024T03:22:08 - [TEST_STEP][PASSED] - scrollToElement(findTestObject("Факторный анализ/Заголовок дашборда"), 30): Scroll to object 'Object Repository/Факторный анализ/Заголовок дашборда' successfully

03-12-2024T03:22:09 - [MESSAGE][PASSED] - Scroll to object 'Object Repository/Факторный анализ/Заголовок дашборда' successfully

03-12-2024T03:22:09 - [TEST_STEP][PASSED] - click(findTestObject("Факторный анализ/Применить в фильтре ДЗО")): Object: 'Object Repository/Факторный анализ/Применить в фильтре ДЗО' is clicked on

03-12-2024T03:22:09 - [MESSAGE][PASSED] - Object: 'Object Repository/Факторный анализ/Применить в фильтре ДЗО' is clicked on

03-12-2024T03:22:09 - [TEST_STEP][PASSED] - typeOfData = "Филиал": null

03-12-2024T03:22:09 - [TEST_STEP][PASSED] - Script1687405718449.Test(todaysDate, typeOfData): null

03-12-2024T03:22:09 - [TEST_STEP][PASSED] - if (verifyTextNotPresent("нет данных", false) == true): null

03-12-2024T03:22:12 - [MESSAGE][PASSED] - Text 'нет данных' is not present on page

03-12-2024T03:22:12 - [TEST_STEP][PASSED] - if (verifyTextNotPresent("Ошибка запроса данных", false) == true): null

03-12-2024T03:22:12 - [MESSAGE][PASSED] - Text 'Ошибка запроса данных' is not present on page

03-12-2024T03:22:12 - [TEST_STEP][PASSED] - if (verifyTextNotPresent("Произошла ошибка при выполнении пользовательского кода", false) == true): null

03-12-2024T03:22:13 - [MESSAGE][PASSED] - Text 'Произошла ошибка при выполнении пользовательского кода' is not present on page

03-12-2024T03:22:13 - [TEST_STEP][PASSED] - if (verifyTextNotPresent("У виджета нет данных", false) == true): null

03-12-2024T03:22:13 - [MESSAGE][PASSED] - Text 'У виджета нет данных' is not present on page

03-12-2024T03:22:13 - [TEST_STEP][PASSED] - if (verifyTextNotPresent("У виджета нет данных", false) == true): Text 'У виджета нет данных' is not present on page

03-12-2024T03:22:14 - [MESSAGE][PASSED] - Text 'У виджета нет данных' is not present on page

03-12-2024T03:22:14 - [TEST_STEP][PASSED] - click(findTestObject("Факторный анализ/Переключить отображение с филиала на месяц")): Object: 'Object Repository/Факторный анализ/Переключить отображение с филиала на месяц' is clicked on

03-12-2024T03:22:14 - [MESSAGE][PASSED] - Object: 'Object Repository/Факторный анализ/Переключить отображение с филиала на месяц' is clicked on

03-12-2024T03:22:14 - [TEST_STEP][PASSED] - typeOfData = "Месяц": null

03-12-2024T03:22:14 - [TEST_STEP][PASSED] - Script1687405718449.Test(todaysDate, typeOfData): null

03-12-2024T03:22:14 - [TEST_STEP][PASSED] - if (verifyTextNotPresent("нет данных", false) == true): null

03-12-2024T03:22:15 - [MESSAGE][PASSED] - Text 'нет данных' is not present on page

03-12-2024T03:22:15 - [TEST_STEP][PASSED] - if (verifyTextNotPresent("Ошибка запроса данных", false) == true): null

03-12-2024T03:22:15 - [MESSAGE][PASSED] - Text 'Ошибка запроса данных' is not present on page

03-12-2024T03:22:15 - [TEST_STEP][PASSED] - if (verifyTextNotPresent("Произошла ошибка при выполнении пользовательского кода", false) == true): null

03-12-2024T03:22:15 - [MESSAGE][PASSED] - Text 'Произошла ошибка при выполнении пользовательского кода' is not present on page

03-12-2024T03:22:15 - [TEST_STEP][PASSED] - if (verifyTextNotPresent("У виджета нет данных", false) == true): null

03-12-2024T03:22:16 - [MESSAGE][PASSED] - Text 'У виджета нет данных' is not present on page

03-12-2024T03:22:16 - [TEST_STEP][PASSED] - if (verifyTextNotPresent("У виджета нет данных", false) == true): Text 'У виджета нет данных' is not present on page

03-12-2024T03:22:16 - [MESSAGE][PASSED] - Text 'У виджета нет данных' is not present on page

03-12-2024T03:22:16 - [TEST_STEP][PASSED] - click(findTestObject("Факторный анализ/Переключить отображение с месяца на филиал")): Object: 'Object Repository/Факторный анализ/Переключить отображение с месяца на филиал' is clicked on

03-12-2024T03:22:17 - [MESSAGE][PASSED] - Object: 'Object Repository/Факторный анализ/Переключить отображение с месяца на филиал' is clicked on

03-12-2024T03:22:17 - [TEST_STEP][PASSED] - click(findTestObject("Факторный анализ/Фильтр ДЗО")): Object: 'Object Repository/Факторный анализ/Фильтр ДЗО' is clicked on

03-12-2024T03:22:17 - [MESSAGE][PASSED] - Object: 'Object Repository/Факторный анализ/Фильтр ДЗО' is clicked on

03-12-2024T03:22:17 - [TEST_STEP][PASSED] - click(findTestObject("Факторный анализ/Снять выделение в фильтре ДЗО")): Object: 'Object Repository/Факторный анализ/Снять выделение в фильтре ДЗО' is clicked on

03-12-2024T03:22:18 - [MESSAGE][PASSED] - Object: 'Object Repository/Факторный анализ/Снять выделение в фильтре ДЗО' is clicked on

03-12-2024T03:22:18 - [TEST_STEP][PASSED] - scrollToElement(findTestObject("Факторный анализ/АО Чеченэнерго"), 30): Scroll to object 'Object Repository/Факторный анализ/АО Чеченэнерго' successfully

03-12-2024T03:22:18 - [MESSAGE][PASSED] - Scroll to object 'Object Repository/Факторный анализ/АО Чеченэнерго' successfully

03-12-2024T03:22:18 - [TEST_STEP][PASSED] - click(findTestObject("Факторный анализ/АО Чеченэнерго")): Object: 'Object Repository/Факторный анализ/АО Чеченэнерго' is clicked on

03-12-2024T03:22:18 - [MESSAGE][PASSED] - Object: 'Object Repository/Факторный анализ/АО Чеченэнерго' is clicked on

03-12-2024T03:22:18 - [TEST_STEP][PASSED] - Script1687405718449.Change(todaysDate, typeOfData): null

03-12-2024T03:22:18 - [TEST_STEP][PASSED] - scrollToElement(findTestObject("Факторный анализ/Заголовок дашборда"), 30): Scroll to object 'Object Repository/Факторный анализ/Заголовок дашборда' successfully

03-12-2024T03:22:19 - [MESSAGE][PASSED] - Scroll to object 'Object Repository/Факторный анализ/Заголовок дашборда' successfully

03-12-2024T03:22:19 - [TEST_STEP][PASSED] - click(findTestObject("Факторный анализ/Применить в фильтре ДЗО")): Object: 'Object Repository/Факторный анализ/Применить в фильтре ДЗО' is clicked on

03-12-2024T03:22:19 - [MESSAGE][PASSED] - Object: 'Object Repository/Факторный анализ/Применить в фильтре ДЗО' is clicked on

03-12-2024T03:22:19 - [TEST_STEP][PASSED] - typeOfData = "Филиал": null

03-12-2024T03:22:19 - [TEST_STEP][PASSED] - Script1687405718449.Test(todaysDate, typeOfData): null

03-12-2024T03:22:19 - [TEST_STEP][PASSED] - if (verifyTextNotPresent("нет данных", false) == true): null

03-12-2024T03:22:22 - [MESSAGE][PASSED] - Text 'нет данных' is not present on page

03-12-2024T03:22:22 - [TEST_STEP][PASSED] - if (verifyTextNotPresent("Ошибка запроса данных", false) == true): null

03-12-2024T03:22:22 - [MESSAGE][PASSED] - Text 'Ошибка запроса данных' is not present on page

03-12-2024T03:22:22 - [TEST_STEP][PASSED] - if (verifyTextNotPresent("Произошла ошибка при выполнении пользовательского кода", false) == true): null

03-12-2024T03:22:23 - [MESSAGE][PASSED] - Text 'Произошла ошибка при выполнении пользовательского кода' is not present on page

03-12-2024T03:22:23 - [TEST_STEP][PASSED] - if (verifyTextNotPresent("У виджета нет данных", false) == true): null

03-12-2024T03:22:23 - [MESSAGE][PASSED] - Text 'У виджета нет данных' is not present on page

03-12-2024T03:22:23 - [TEST_STEP][PASSED] - if (verifyTextNotPresent("У виджета нет данных", false) == true): Text 'У виджета нет данных' is not present on page

03-12-2024T03:22:24 - [MESSAGE][PASSED] - Text 'У виджета нет данных' is not present on page

03-12-2024T03:22:24 - [TEST_STEP][PASSED] - click(findTestObject("Факторный анализ/Переключить отображение с филиала на месяц")): Object: 'Object Repository/Факторный анализ/Переключить отображение с филиала на месяц' is clicked on

03-12-2024T03:22:24 - [MESSAGE][PASSED] - Object: 'Object Repository/Факторный анализ/Переключить отображение с филиала на месяц' is clicked on

03-12-2024T03:22:24 - [TEST_STEP][PASSED] - typeOfData = "Месяц": null

03-12-2024T03:22:24 - [TEST_STEP][PASSED] - Script1687405718449.Test(todaysDate, typeOfData): null

03-12-2024T03:22:24 - [TEST_STEP][PASSED] - if (verifyTextNotPresent("нет данных", false) == true): null

03-12-2024T03:22:24 - [MESSAGE][PASSED] - Text 'нет данных' is not present on page

03-12-2024T03:22:24 - [TEST_STEP][PASSED] - if (verifyTextNotPresent("Ошибка запроса данных", false) == true): null

03-12-2024T03:22:25 - [MESSAGE][PASSED] - Text 'Ошибка запроса данных' is not present on page

03-12-2024T03:22:25 - [TEST_STEP][PASSED] - if (verifyTextNotPresent("Произошла ошибка при выполнении пользовательского кода", false) == true): null

03-12-2024T03:22:25 - [MESSAGE][PASSED] - Text 'Произошла ошибка при выполнении пользовательского кода' is not present on page

03-12-2024T03:22:25 - [TEST_STEP][PASSED] - if (verifyTextNotPresent("У виджета нет данных", false) == true): null

03-12-2024T03:22:26 - [MESSAGE][PASSED] - Text 'У виджета нет данных' is not present on page

03-12-2024T03:22:26 - [TEST_STEP][PASSED] - if (verifyTextNotPresent("У виджета нет данных", false) == true): Text 'У виджета нет данных' is not present on page

03-12-2024T03:22:26 - [MESSAGE][PASSED] - Text 'У виджета нет данных' is not present on page

03-12-2024T03:22:26 - [TEST_STEP][PASSED] - click(findTestObject("Факторный анализ/Переключить отображение с месяца на филиал")): Object: 'Object Repository/Факторный анализ/Переключить отображение с месяца на филиал' is clicked on

03-12-2024T03:22:26 - [MESSAGE][PASSED] - Object: 'Object Repository/Факторный анализ/Переключить отображение с месяца на филиал' is clicked on

03-12-2024T03:22:26 - [TEST_STEP][PASSED] - click(findTestObject("Факторный анализ/Фильтр ДЗО")): Object: 'Object Repository/Факторный анализ/Фильтр ДЗО' is clicked on

03-12-2024T03:22:27 - [MESSAGE][PASSED] - Object: 'Object Repository/Факторный анализ/Фильтр ДЗО' is clicked on

03-12-2024T03:22:27 - [TEST_STEP][PASSED] - click(findTestObject("Факторный анализ/Снять выделение в фильтре ДЗО")): Object: 'Object Repository/Факторный анализ/Снять выделение в фильтре ДЗО' is clicked on

03-12-2024T03:22:27 - [MESSAGE][PASSED] - Object: 'Object Repository/Факторный анализ/Снять выделение в фильтре ДЗО' is clicked on

03-12-2024T03:22:27 - [TEST_STEP][PASSED] - scrollToElement(findTestObject("Факторный анализ/Раскрыть список Чеченэнерго"), 30): Scroll to object 'Object Repository/Факторный анализ/Раскрыть список Чеченэнерго' successfully

03-12-2024T03:22:28 - [MESSAGE][PASSED] - Scroll to object 'Object Repository/Факторный анализ/Раскрыть список Чеченэнерго' successfully

03-12-2024T03:22:28 - [TEST_STEP][PASSED] - click(findTestObject("Факторный анализ/Раскрыть список Чеченэнерго"), CONTINUE_ON_FAILURE): Object: 'Object Repository/Факторный анализ/Раскрыть список Чеченэнерго' is clicked on

03-12-2024T03:22:28 - [MESSAGE][PASSED] - Object: 'Object Repository/Факторный анализ/Раскрыть список Чеченэнерго' is clicked on

03-12-2024T03:22:28 - [TEST_STEP][PASSED] - click(findTestObject("Факторный анализ/Раскрыть список Чеченэнерго"), CONTINUE_ON_FAILURE): Object: 'Object Repository/Факторный анализ/Раскрыть список Чеченэнерго' is clicked on

03-12-2024T03:22:30 - [MESSAGE][PASSED] - Object: 'Object Repository/Факторный анализ/Раскрыть список Чеченэнерго' is clicked on

03-12-2024T03:22:30 - [TEST_STEP][PASSED] - click(findTestObject("Факторный анализ/Чеченэнерго нижний уровень"), CONTINUE_ON_FAILURE): Object: 'Object Repository/Факторный анализ/Чеченэнерго нижний уровень' is clicked on

03-12-2024T03:22:31 - [MESSAGE][PASSED] - Object: 'Object Repository/Факторный анализ/Чеченэнерго нижний уровень' is clicked on

03-12-2024T03:22:31 - [TEST_STEP][PASSED] - Script1687405718449.Change(todaysDate, typeOfData): null

03-12-2024T03:22:31 - [TEST_STEP][PASSED] - scrollToElement(findTestObject("Факторный анализ/Заголовок дашборда"), 30): Scroll to object 'Object Repository/Факторный анализ/Заголовок дашборда' successfully

03-12-2024T03:22:31 - [MESSAGE][PASSED] - Scroll to object 'Object Repository/Факторный анализ/Заголовок дашборда' successfully

03-12-2024T03:22:31 - [TEST_STEP][PASSED] - click(findTestObject("Факторный анализ/Применить в фильтре ДЗО")): Object: 'Object Repository/Факторный анализ/Применить в фильтре ДЗО' is clicked on

03-12-2024T03:22:32 - [MESSAGE][PASSED] - Object: 'Object Repository/Факторный анализ/Применить в фильтре ДЗО' is clicked on

03-12-2024T03:22:32 - [TEST_STEP][PASSED] - typeOfData = "Филиал": null

03-12-2024T03:22:32 - [TEST_STEP][PASSED] - Script1687405718449.Test(todaysDate, typeOfData): null

03-12-2024T03:22:32 - [TEST_STEP][PASSED] - if (verifyTextNotPresent("нет данных", false) == true): null

03-12-2024T03:22:35 - [MESSAGE][PASSED] - Text 'нет данных' is not present on page

03-12-2024T03:22:35 - [TEST_STEP][PASSED] - if (verifyTextNotPresent("Ошибка запроса данных", false) == true): null

03-12-2024T03:22:36 - [MESSAGE][PASSED] - Text 'Ошибка запроса данных' is not present on page

03-12-2024T03:22:36 - [TEST_STEP][PASSED] - if (verifyTextNotPresent("Произошла ошибка при выполнении пользовательского кода", false) == true): null

03-12-2024T03:22:36 - [MESSAGE][PASSED] - Text 'Произошла ошибка при выполнении пользовательского кода' is not present on page

03-12-2024T03:22:36 - [TEST_STEP][PASSED] - if (verifyTextNotPresent("У виджета нет данных", false) == true): null

03-12-2024T03:22:36 - [MESSAGE][PASSED] - Text 'У виджета нет данных' is not present on page

03-12-2024T03:22:36 - [TEST_STEP][PASSED] - if (verifyTextNotPresent("У виджета нет данных", false) == true): Text 'У виджета нет данных' is not present on page

03-12-2024T03:22:37 - [MESSAGE][PASSED] - Text 'У виджета нет данных' is not present on page

03-12-2024T03:22:37 - [TEST_STEP][PASSED] - click(findTestObject("Факторный анализ/Переключить отображение с филиала на месяц")): Object: 'Object Repository/Факторный анализ/Переключить отображение с филиала на месяц' is clicked on

03-12-2024T03:22:37 - [MESSAGE][PASSED] - Object: 'Object Repository/Факторный анализ/Переключить отображение с филиала на месяц' is clicked on

03-12-2024T03:22:37 - [TEST_STEP][PASSED] - typeOfData = "Месяц": null

03-12-2024T03:22:37 - [TEST_STEP][PASSED] - Script1687405718449.Test(todaysDate, typeOfData): null

03-12-2024T03:22:37 - [TEST_STEP][PASSED] - if (verifyTextNotPresent("нет данных", false) == true): null

03-12-2024T03:22:38 - [MESSAGE][PASSED] - Text 'нет данных' is not present on page

03-12-2024T03:22:38 - [TEST_STEP][PASSED] - if (verifyTextNotPresent("Ошибка запроса данных", false) == true): null

03-12-2024T03:22:38 - [MESSAGE][PASSED] - Text 'Ошибка запроса данных' is not present on page

03-12-2024T03:22:38 - [TEST_STEP][PASSED] - if (verifyTextNotPresent("Произошла ошибка при выполнении пользовательского кода", false) == true): null

03-12-2024T03:22:39 - [MESSAGE][PASSED] - Text 'Произошла ошибка при выполнении пользовательского кода' is not present on page

03-12-2024T03:22:39 - [TEST_STEP][PASSED] - if (verifyTextNotPresent("У виджета нет данных", false) == true): null

03-12-2024T03:22:39 - [MESSAGE][PASSED] - Text 'У виджета нет данных' is not present on page

03-12-2024T03:22:39 - [TEST_STEP][PASSED] - if (verifyTextNotPresent("У виджета нет данных", false) == true): Text 'У виджета нет данных' is not present on page

03-12-2024T03:22:40 - [MESSAGE][PASSED] - Text 'У виджета нет данных' is not present on page

03-12-2024T03:22:40 - [TEST_STEP][PASSED] - click(findTestObject("Факторный анализ/Переключить отображение с месяца на филиал")): Object: 'Object Repository/Факторный анализ/Переключить отображение с месяца на филиал' is clicked on

03-12-2024T03:22:40 - [MESSAGE][PASSED] - Object: 'Object Repository/Факторный анализ/Переключить отображение с месяца на филиал' is clicked on

03-12-2024T03:22:40 - [TEST_STEP][PASSED] - click(findTestObject("Факторный анализ/Фильтр ДЗО")): Object: 'Object Repository/Факторный анализ/Фильтр ДЗО' is clicked on

03-12-2024T03:22:40 - [MESSAGE][PASSED] - Object: 'Object Repository/Факторный анализ/Фильтр ДЗО' is clicked on

03-12-2024T03:22:40 - [TEST_STEP][PASSED] - click(findTestObject("Факторный анализ/Снять выделение в фильтре ДЗО")): Object: 'Object Repository/Факторный анализ/Снять выделение в фильтре ДЗО' is clicked on

03-12-2024T03:22:41 - [MESSAGE][PASSED] - Object: 'Object Repository/Факторный анализ/Снять выделение в фильтре ДЗО' is clicked on

03-12-2024T03:22:41 - [TEST_STEP][PASSED] - scrollToElement(findTestObject("Факторный анализ/Россети Волга"), 30): Scroll to object 'Object Repository/Факторный анализ/Россети Волга' successfully

03-12-2024T03:22:41 - [MESSAGE][PASSED] - Scroll to object 'Object Repository/Факторный анализ/Россети Волга' successfully

03-12-2024T03:22:41 - [TEST_STEP][PASSED] - click(findTestObject("Факторный анализ/Россети Волга")): Object: 'Object Repository/Факторный анализ/Россети Волга' is clicked on

03-12-2024T03:22:41 - [MESSAGE][PASSED] - Object: 'Object Repository/Факторный анализ/Россети Волга' is clicked on

03-12-2024T03:22:41 - [TEST_STEP][PASSED] - Script1687405718449.Change(todaysDate, typeOfData): null

03-12-2024T03:22:41 - [TEST_STEP][PASSED] - scrollToElement(findTestObject("Факторный анализ/Заголовок дашборда"), 30): Scroll to object 'Object Repository/Факторный анализ/Заголовок дашборда' successfully

03-12-2024T03:22:42 - [MESSAGE][PASSED] - Scroll to object 'Object Repository/Факторный анализ/Заголовок дашборда' successfully

03-12-2024T03:22:42 - [TEST_STEP][PASSED] - click(findTestObject("Факторный анализ/Применить в фильтре ДЗО")): Object: 'Object Repository/Факторный анализ/Применить в фильтре ДЗО' is clicked on

03-12-2024T03:22:42 - [MESSAGE][PASSED] - Object: 'Object Repository/Факторный анализ/Применить в фильтре ДЗО' is clicked on

03-12-2024T03:22:42 - [TEST_STEP][PASSED] - typeOfData = "Филиал": null

03-12-2024T03:22:42 - [TEST_STEP][PASSED] - Script1687405718449.Test(todaysDate, typeOfData): null

03-12-2024T03:22:42 - [TEST_STEP][PASSED] - if (verifyTextNotPresent("нет данных", false) == true): null

03-12-2024T03:22:45 - [MESSAGE][PASSED] - Text 'нет данных' is not present on page

03-12-2024T03:22:45 - [TEST_STEP][PASSED] - if (verifyTextNotPresent("Ошибка запроса данных", false) == true): null

03-12-2024T03:22:45 - [MESSAGE][PASSED] - Text 'Ошибка запроса данных' is not present on page

03-12-2024T03:22:45 - [TEST_STEP][PASSED] - if (verifyTextNotPresent("Произошла ошибка при выполнении пользовательского кода", false) == true): null

03-12-2024T03:22:46 - [MESSAGE][PASSED] - Text 'Произошла ошибка при выполнении пользовательского кода' is not present on page

03-12-2024T03:22:46 - [TEST_STEP][PASSED] - if (verifyTextNotPresent("У виджета нет данных", false) == true): null

03-12-2024T03:22:46 - [MESSAGE][PASSED] - Text 'У виджета нет данных' is not present on page

03-12-2024T03:22:46 - [TEST_STEP][PASSED] - if (verifyTextNotPresent("У виджета нет данных", false) == true): Text 'У виджета нет данных' is not present on page

03-12-2024T03:22:47 - [MESSAGE][PASSED] - Text 'У виджета нет данных' is not present on page

03-12-2024T03:22:47 - [TEST_STEP][PASSED] - click(findTestObject("Факторный анализ/Переключить отображение с филиала на месяц")): Object: 'Object Repository/Факторный анализ/Переключить отображение с филиала на месяц' is clicked on

03-12-2024T03:22:47 - [MESSAGE][PASSED] - Object: 'Object Repository/Факторный анализ/Переключить отображение с филиала на месяц' is clicked on

03-12-2024T03:22:47 - [TEST_STEP][PASSED] - typeOfData = "Месяц": null

03-12-2024T03:22:47 - [TEST_STEP][PASSED] - Script1687405718449.Test(todaysDate, typeOfData): null

03-12-2024T03:22:47 - [TEST_STEP][PASSED] - if (verifyTextNotPresent("нет данных", false) == true): null

03-12-2024T03:22:48 - [MESSAGE][PASSED] - Text 'нет данных' is not present on page

03-12-2024T03:22:48 - [TEST_STEP][PASSED] - if (verifyTextNotPresent("Ошибка запроса данных", false) == true): null

03-12-2024T03:22:48 - [MESSAGE][PASSED] - Text 'Ошибка запроса данных' is not present on page

03-12-2024T03:22:48 - [TEST_STEP][PASSED] - if (verifyTextNotPresent("Произошла ошибка при выполнении пользовательского кода", false) == true): null

03-12-2024T03:22:49 - [MESSAGE][PASSED] - Text 'Произошла ошибка при выполнении пользовательского кода' is not present on page

03-12-2024T03:22:49 - [TEST_STEP][PASSED] - if (verifyTextNotPresent("У виджета нет данных", false) == true): null

03-12-2024T03:22:49 - [MESSAGE][PASSED] - Text 'У виджета нет данных' is not present on page

03-12-2024T03:22:49 - [TEST_STEP][PASSED] - if (verifyTextNotPresent("У виджета нет данных", false) == true): Text 'У виджета нет данных' is not present on page

03-12-2024T03:22:50 - [MESSAGE][PASSED] - Text 'У виджета нет данных' is not present on page

03-12-2024T03:22:50 - [TEST_STEP][PASSED] - click(findTestObject("Факторный анализ/Переключить отображение с месяца на филиал")): Object: 'Object Repository/Факторный анализ/Переключить отображение с месяца на филиал' is clicked on

03-12-2024T03:22:50 - [MESSAGE][PASSED] - Object: 'Object Repository/Факторный анализ/Переключить отображение с месяца на филиал' is clicked on

03-12-2024T03:22:50 - [TEST_STEP][PASSED] - click(findTestObject("Факторный анализ/Фильтр ДЗО")): Object: 'Object Repository/Факторный анализ/Фильтр ДЗО' is clicked on

03-12-2024T03:22:50 - [MESSAGE][PASSED] - Object: 'Object Repository/Факторный анализ/Фильтр ДЗО' is clicked on

03-12-2024T03:22:50 - [TEST_STEP][PASSED] - click(findTestObject("Факторный анализ/Снять выделение в фильтре ДЗО")): Object: 'Object Repository/Факторный анализ/Снять выделение в фильтре ДЗО' is clicked on

03-12-2024T03:22:51 - [MESSAGE][PASSED] - Object: 'Object Repository/Факторный анализ/Снять выделение в фильтре ДЗО' is clicked on

03-12-2024T03:22:51 - [TEST_STEP][PASSED] - click(findTestObject("Общие объекты/Раскрыть список Россети Волга")): Object: 'Object Repository/Общие объекты/Раскрыть список Россети Волга' is clicked on

03-12-2024T03:22:51 - [MESSAGE][PASSED] - Object: 'Object Repository/Общие объекты/Раскрыть список Россети Волга' is clicked on

03-12-2024T03:22:51 - [TEST_STEP][PASSED] - click(findTestObject("Общие объекты/Раскрыть список Россети Волга")): Object: 'Object Repository/Общие объекты/Раскрыть список Россети Волга' is clicked on

03-12-2024T03:22:52 - [MESSAGE][PASSED] - Object: 'Object Repository/Общие объекты/Раскрыть список Россети Волга' is clicked on

03-12-2024T03:22:52 - [TEST_STEP][PASSED] - scrollToElement(findTestObject("Общие объекты/Мордовэнерго"), 30): Scroll to object 'Object Repository/Общие объекты/Мордовэнерго' successfully

03-12-2024T03:22:53 - [MESSAGE][PASSED] - Scroll to object 'Object Repository/Общие объекты/Мордовэнерго' successfully

03-12-2024T03:22:53 - [TEST_STEP][PASSED] - click(findTestObject("Общие объекты/Мордовэнерго")): Object: 'Object Repository/Общие объекты/Мордовэнерго' is clicked on

03-12-2024T03:22:53 - [MESSAGE][PASSED] - Object: 'Object Repository/Общие объекты/Мордовэнерго' is clicked on

03-12-2024T03:22:53 - [TEST_STEP][PASSED] - Script1687405718449.Change(todaysDate, typeOfData): null

03-12-2024T03:22:53 - [TEST_STEP][PASSED] - scrollToElement(findTestObject("Факторный анализ/Заголовок дашборда"), 30): Scroll to object 'Object Repository/Факторный анализ/Заголовок дашборда' successfully

03-12-2024T03:22:53 - [MESSAGE][PASSED] - Scroll to object 'Object Repository/Факторный анализ/Заголовок дашборда' successfully

03-12-2024T03:22:53 - [TEST_STEP][PASSED] - click(findTestObject("Факторный анализ/Применить в фильтре ДЗО")): Object: 'Object Repository/Факторный анализ/Применить в фильтре ДЗО' is clicked on

03-12-2024T03:22:54 - [MESSAGE][PASSED] - Object: 'Object Repository/Факторный анализ/Применить в фильтре ДЗО' is clicked on

03-12-2024T03:22:54 - [TEST_STEP][PASSED] - typeOfData = "Филиал": null

03-12-2024T03:22:54 - [TEST_STEP][PASSED] - Script1687405718449.Test(todaysDate, typeOfData): null

03-12-2024T03:22:54 - [TEST_STEP][PASSED] - if (verifyTextNotPresent("нет данных", false) == true): null

03-12-2024T03:22:57 - [MESSAGE][PASSED] - Text 'нет данных' is not present on page

03-12-2024T03:22:57 - [TEST_STEP][PASSED] - if (verifyTextNotPresent("Ошибка запроса данных", false) == true): null

03-12-2024T03:22:57 - [MESSAGE][PASSED] - Text 'Ошибка запроса данных' is not present on page

03-12-2024T03:22:57 - [TEST_STEP][PASSED] - if (verifyTextNotPresent("Произошла ошибка при выполнении пользовательского кода", false) == true): null

03-12-2024T03:22:58 - [MESSAGE][PASSED] - Text 'Произошла ошибка при выполнении пользовательского кода' is not present on page

03-12-2024T03:22:58 - [TEST_STEP][PASSED] - if (verifyTextNotPresent("У виджета нет данных", false) == true): null

03-12-2024T03:22:58 - [MESSAGE][PASSED] - Text 'У виджета нет данных' is not present on page

03-12-2024T03:22:58 - [TEST_STEP][PASSED] - if (verifyTextNotPresent("У виджета нет данных", false) == true): Text 'У виджета нет данных' is not present on page

03-12-2024T03:22:59 - [MESSAGE][PASSED] - Text 'У виджета нет данных' is not present on page

03-12-2024T03:22:59 - [TEST_STEP][PASSED] - click(findTestObject("Факторный анализ/Переключить отображение с филиала на месяц")): Object: 'Object Repository/Факторный анализ/Переключить отображение с филиала на месяц' is clicked on

03-12-2024T03:22:59 - [MESSAGE][PASSED] - Object: 'Object Repository/Факторный анализ/Переключить отображение с филиала на месяц' is clicked on

03-12-2024T03:22:59 - [TEST_STEP][PASSED] - typeOfData = "Месяц": null

03-12-2024T03:22:59 - [TEST_STEP][PASSED] - Script1687405718449.Test(todaysDate, typeOfData): null

03-12-2024T03:22:59 - [TEST_STEP][PASSED] - if (verifyTextNotPresent("нет данных", false) == true): null

03-12-2024T03:22:59 - [MESSAGE][PASSED] - Text 'нет данных' is not present on page

03-12-2024T03:22:59 - [TEST_STEP][PASSED] - if (verifyTextNotPresent("Ошибка запроса данных", false) == true): null

03-12-2024T03:23:00 - [MESSAGE][PASSED] - Text 'Ошибка запроса данных' is not present on page

03-12-2024T03:23:00 - [TEST_STEP][PASSED] - if (verifyTextNotPresent("Произошла ошибка при выполнении пользовательского кода", false) == true): null

03-12-2024T03:23:00 - [MESSAGE][PASSED] - Text 'Произошла ошибка при выполнении пользовательского кода' is not present on page

03-12-2024T03:23:00 - [TEST_STEP][PASSED] - if (verifyTextNotPresent("У виджета нет данных", false) == true): null

03-12-2024T03:23:01 - [MESSAGE][PASSED] - Text 'У виджета нет данных' is not present on page

03-12-2024T03:23:01 - [TEST_STEP][PASSED] - if (verifyTextNotPresent("У виджета нет данных", false) == true): Text 'У виджета нет данных' is not present on page

03-12-2024T03:23:01 - [MESSAGE][PASSED] - Text 'У виджета нет данных' is not present on page

03-12-2024T03:23:01 - [TEST_STEP][PASSED] - click(findTestObject("Факторный анализ/Переключить отображение с месяца на филиал")): Object: 'Object Repository/Факторный анализ/Переключить отображение с месяца на филиал' is clicked on

03-12-2024T03:23:02 - [MESSAGE][PASSED] - Object: 'Object Repository/Факторный анализ/Переключить отображение с месяца на филиал' is clicked on

03-12-2024T03:23:02 - [TEST_STEP][PASSED] - click(findTestObject("Факторный анализ/Фильтр ДЗО")): Object: 'Object Repository/Факторный анализ/Фильтр ДЗО' is clicked on

03-12-2024T03:23:02 - [MESSAGE][PASSED] - Object: 'Object Repository/Факторный анализ/Фильтр ДЗО' is clicked on

03-12-2024T03:23:02 - [TEST_STEP][PASSED] - click(findTestObject("Факторный анализ/Снять выделение в фильтре ДЗО")): Object: 'Object Repository/Факторный анализ/Снять выделение в фильтре ДЗО' is clicked on

03-12-2024T03:23:02 - [MESSAGE][PASSED] - Object: 'Object Repository/Факторный анализ/Снять выделение в фильтре ДЗО' is clicked on

03-12-2024T03:23:02 - [TEST_STEP][PASSED] - scrollToElement(findTestObject("Общие объекты/Оренбургэнерго"), 30): Scroll to object 'Object Repository/Общие объекты/Оренбургэнерго' successfully

03-12-2024T03:23:03 - [MESSAGE][PASSED] - Scroll to object 'Object Repository/Общие объекты/Оренбургэнерго' successfully

03-12-2024T03:23:03 - [TEST_STEP][PASSED] - click(findTestObject("Общие объекты/Оренбургэнерго")): Object: 'Object Repository/Общие объекты/Оренбургэнерго' is clicked on

03-12-2024T03:23:03 - [MESSAGE][PASSED] - Object: 'Object Repository/Общие объекты/Оренбургэнерго' is clicked on

03-12-2024T03:23:03 - [TEST_STEP][PASSED] - Script1687405718449.Change(todaysDate, typeOfData): null

03-12-2024T03:23:03 - [TEST_STEP][PASSED] - scrollToElement(findTestObject("Факторный анализ/Заголовок дашборда"), 30): Scroll to object 'Object Repository/Факторный анализ/Заголовок дашборда' successfully

03-12-2024T03:23:04 - [MESSAGE][PASSED] - Scroll to object 'Object Repository/Факторный анализ/Заголовок дашборда' successfully

03-12-2024T03:23:04 - [TEST_STEP][PASSED] - click(findTestObject("Факторный анализ/Применить в фильтре ДЗО")): Object: 'Object Repository/Факторный анализ/Применить в фильтре ДЗО' is clicked on

03-12-2024T03:23:04 - [MESSAGE][PASSED] - Object: 'Object Repository/Факторный анализ/Применить в фильтре ДЗО' is clicked on

03-12-2024T03:23:04 - [TEST_STEP][PASSED] - typeOfData = "Филиал": null

03-12-2024T03:23:04 - [TEST_STEP][PASSED] - Script1687405718449.Test(todaysDate, typeOfData): null

03-12-2024T03:23:04 - [TEST_STEP][PASSED] - if (verifyTextNotPresent("нет данных", false) == true): null

03-12-2024T03:23:07 - [MESSAGE][PASSED] - Text 'нет данных' is not present on page

03-12-2024T03:23:07 - [TEST_STEP][PASSED] - if (verifyTextNotPresent("Ошибка запроса данных", false) == true): null

03-12-2024T03:23:07 - [MESSAGE][PASSED] - Text 'Ошибка запроса данных' is not present on page

03-12-2024T03:23:07 - [TEST_STEP][PASSED] - if (verifyTextNotPresent("Произошла ошибка при выполнении пользовательского кода", false) == true): null

03-12-2024T03:23:08 - [MESSAGE][PASSED] - Text 'Произошла ошибка при выполнении пользовательского кода' is not present on page

03-12-2024T03:23:08 - [TEST_STEP][PASSED] - if (verifyTextNotPresent("У виджета нет данных", false) == true): null

03-12-2024T03:23:08 - [MESSAGE][PASSED] - Text 'У виджета нет данных' is not present on page

03-12-2024T03:23:08 - [TEST_STEP][PASSED] - if (verifyTextNotPresent("У виджета нет данных", false) == true): Text 'У виджета нет данных' is not present on page

03-12-2024T03:23:09 - [MESSAGE][PASSED] - Text 'У виджета нет данных' is not present on page

03-12-2024T03:23:09 - [TEST_STEP][PASSED] - click(findTestObject("Факторный анализ/Переключить отображение с филиала на месяц")): Object: 'Object Repository/Факторный анализ/Переключить отображение с филиала на месяц' is clicked on

03-12-2024T03:23:09 - [MESSAGE][PASSED] - Object: 'Object Repository/Факторный анализ/Переключить отображение с филиала на месяц' is clicked on

03-12-2024T03:23:09 - [TEST_STEP][PASSED] - typeOfData = "Месяц": null

03-12-2024T03:23:09 - [TEST_STEP][PASSED] - Script1687405718449.Test(todaysDate, typeOfData): null

03-12-2024T03:23:09 - [TEST_STEP][PASSED] - if (verifyTextNotPresent("нет данных", false) == true): null

03-12-2024T03:23:10 - [MESSAGE][PASSED] - Text 'нет данных' is not present on page

03-12-2024T03:23:10 - [TEST_STEP][PASSED] - if (verifyTextNotPresent("Ошибка запроса данных", false) == true): null

03-12-2024T03:23:10 - [MESSAGE][PASSED] - Text 'Ошибка запроса данных' is not present on page

03-12-2024T03:23:10 - [TEST_STEP][PASSED] - if (verifyTextNotPresent("Произошла ошибка при выполнении пользовательского кода", false) == true): null

03-12-2024T03:23:11 - [MESSAGE][PASSED] - Text 'Произошла ошибка при выполнении пользовательского кода' is not present on page

03-12-2024T03:23:11 - [TEST_STEP][PASSED] - if (verifyTextNotPresent("У виджета нет данных", false) == true): null

03-12-2024T03:23:11 - [MESSAGE][PASSED] - Text 'У виджета нет данных' is not present on page

03-12-2024T03:23:11 - [TEST_STEP][PASSED] - if (verifyTextNotPresent("У виджета нет данных", false) == true): Text 'У виджета нет данных' is not present on page

03-12-2024T03:23:12 - [MESSAGE][PASSED] - Text 'У виджета нет данных' is not present on page

03-12-2024T03:23:12 - [TEST_STEP][PASSED] - click(findTestObject("Факторный анализ/Переключить отображение с месяца на филиал")): Object: 'Object Repository/Факторный анализ/Переключить отображение с месяца на филиал' is clicked on

03-12-2024T03:23:12 - [MESSAGE][PASSED] - Object: 'Object Repository/Факторный анализ/Переключить отображение с месяца на филиал' is clicked on

03-12-2024T03:23:12 - [TEST_STEP][PASSED] - click(findTestObject("Факторный анализ/Фильтр ДЗО")): Object: 'Object Repository/Факторный анализ/Фильтр ДЗО' is clicked on

03-12-2024T03:23:12 - [MESSAGE][PASSED] - Object: 'Object Repository/Факторный анализ/Фильтр ДЗО' is clicked on

03-12-2024T03:23:12 - [TEST_STEP][PASSED] - click(findTestObject("Факторный анализ/Снять выделение в фильтре ДЗО")): Object: 'Object Repository/Факторный анализ/Снять выделение в фильтре ДЗО' is clicked on

03-12-2024T03:23:13 - [MESSAGE][PASSED] - Object: 'Object Repository/Факторный анализ/Снять выделение в фильтре ДЗО' is clicked on

03-12-2024T03:23:13 - [TEST_STEP][PASSED] - scrollToElement(findTestObject("Общие объекты/Пензаэнерго"), 30): Scroll to object 'Object Repository/Общие объекты/Пензаэнерго' successfully

03-12-2024T03:23:13 - [MESSAGE][PASSED] - Scroll to object 'Object Repository/Общие объекты/Пензаэнерго' successfully

03-12-2024T03:23:13 - [TEST_STEP][PASSED] - click(findTestObject("Общие объекты/Пензаэнерго")): Object: 'Object Repository/Общие объекты/Пензаэнерго' is clicked on

03-12-2024T03:23:13 - [MESSAGE][PASSED] - Object: 'Object Repository/Общие объекты/Пензаэнерго' is clicked on

03-12-2024T03:23:13 - [TEST_STEP][PASSED] - Script1687405718449.Change(todaysDate, typeOfData): null

03-12-2024T03:23:13 - [TEST_STEP][PASSED] - scrollToElement(findTestObject("Факторный анализ/Заголовок дашборда"), 30): Scroll to object 'Object Repository/Факторный анализ/Заголовок дашборда' successfully

03-12-2024T03:23:14 - [MESSAGE][PASSED] - Scroll to object 'Object Repository/Факторный анализ/Заголовок дашборда' successfully

03-12-2024T03:23:14 - [TEST_STEP][PASSED] - click(findTestObject("Факторный анализ/Применить в фильтре ДЗО")): Object: 'Object Repository/Факторный анализ/Применить в фильтре ДЗО' is clicked on

03-12-2024T03:23:14 - [MESSAGE][PASSED] - Object: 'Object Repository/Факторный анализ/Применить в фильтре ДЗО' is clicked on

03-12-2024T03:23:14 - [TEST_STEP][PASSED] - typeOfData = "Филиал": null

03-12-2024T03:23:14 - [TEST_STEP][PASSED] - Script1687405718449.Test(todaysDate, typeOfData): null

03-12-2024T03:23:14 - [TEST_STEP][PASSED] - if (verifyTextNotPresent("нет данных", false) == true): null

03-12-2024T03:23:17 - [MESSAGE][PASSED] - Text 'нет данных' is not present on page

03-12-2024T03:23:17 - [TEST_STEP][PASSED] - if (verifyTextNotPresent("Ошибка запроса данных", false) == true): null

03-12-2024T03:23:18 - [MESSAGE][PASSED] - Text 'Ошибка запроса данных' is not present on page

03-12-2024T03:23:18 - [TEST_STEP][PASSED] - if (verifyTextNotPresent("Произошла ошибка при выполнении пользовательского кода", false) == true): null

03-12-2024T03:23:18 - [MESSAGE][PASSED] - Text 'Произошла ошибка при выполнении пользовательского кода' is not present on page

03-12-2024T03:23:18 - [TEST_STEP][PASSED] - if (verifyTextNotPresent("У виджета нет данных", false) == true): null

03-12-2024T03:23:19 - [MESSAGE][PASSED] - Text 'У виджета нет данных' is not present on page

03-12-2024T03:23:19 - [TEST_STEP][PASSED] - if (verifyTextNotPresent("У виджета нет данных", false) == true): Text 'У виджета нет данных' is not present on page

03-12-2024T03:23:19 - [MESSAGE][PASSED] - Text 'У виджета нет данных' is not present on page

03-12-2024T03:23:19 - [TEST_STEP][PASSED] - click(findTestObject("Факторный анализ/Переключить отображение с филиала на месяц")): Object: 'Object Repository/Факторный анализ/Переключить отображение с филиала на месяц' is clicked on

03-12-2024T03:23:20 - [MESSAGE][PASSED] - Object: 'Object Repository/Факторный анализ/Переключить отображение с филиала на месяц' is clicked on

03-12-2024T03:23:20 - [TEST_STEP][PASSED] - typeOfData = "Месяц": null

03-12-2024T03:23:20 - [TEST_STEP][PASSED] - Script1687405718449.Test(todaysDate, typeOfData): null

03-12-2024T03:23:20 - [TEST_STEP][PASSED] - if (verifyTextNotPresent("нет данных", false) == true): null

03-12-2024T03:23:20 - [MESSAGE][PASSED] - Text 'нет данных' is not present on page

03-12-2024T03:23:20 - [TEST_STEP][PASSED] - if (verifyTextNotPresent("Ошибка запроса данных", false) == true): null

03-12-2024T03:23:21 - [MESSAGE][PASSED] - Text 'Ошибка запроса данных' is not present on page

03-12-2024T03:23:21 - [TEST_STEP][PASSED] - if (verifyTextNotPresent("Произошла ошибка при выполнении пользовательского кода", false) == true): null

03-12-2024T03:23:21 - [MESSAGE][PASSED] - Text 'Произошла ошибка при выполнении пользовательского кода' is not present on page

03-12-2024T03:23:21 - [TEST_STEP][PASSED] - if (verifyTextNotPresent("У виджета нет данных", false) == true): null

03-12-2024T03:23:22 - [MESSAGE][PASSED] - Text 'У виджета нет данных' is not present on page

03-12-2024T03:23:22 - [TEST_STEP][PASSED] - if (verifyTextNotPresent("У виджета нет данных", false) == true): Text 'У виджета нет данных' is not present on page

03-12-2024T03:23:22 - [MESSAGE][PASSED] - Text 'У виджета нет данных' is not present on page

03-12-2024T03:23:22 - [TEST_STEP][PASSED] - click(findTestObject("Факторный анализ/Переключить отображение с месяца на филиал")): Object: 'Object Repository/Факторный анализ/Переключить отображение с месяца на филиал' is clicked on

03-12-2024T03:23:22 - [MESSAGE][PASSED] - Object: 'Object Repository/Факторный анализ/Переключить отображение с месяца на филиал' is clicked on

03-12-2024T03:23:22 - [TEST_STEP][PASSED] - click(findTestObject("Факторный анализ/Фильтр ДЗО")): Object: 'Object Repository/Факторный анализ/Фильтр ДЗО' is clicked on

03-12-2024T03:23:23 - [MESSAGE][PASSED] - Object: 'Object Repository/Факторный анализ/Фильтр ДЗО' is clicked on

03-12-2024T03:23:23 - [TEST_STEP][PASSED] - click(findTestObject("Факторный анализ/Снять выделение в фильтре ДЗО")): Object: 'Object Repository/Факторный анализ/Снять выделение в фильтре ДЗО' is clicked on

03-12-2024T03:23:23 - [MESSAGE][PASSED] - Object: 'Object Repository/Факторный анализ/Снять выделение в фильтре ДЗО' is clicked on

03-12-2024T03:23:23 - [TEST_STEP][PASSED] - scrollToElement(findTestObject("Общие объекты/Самарские РС"), 30): Scroll to object 'Object Repository/Общие объекты/Самарские РС' successfully

03-12-2024T03:23:23 - [MESSAGE][PASSED] - Scroll to object 'Object Repository/Общие объекты/Самарские РС' successfully

03-12-2024T03:23:23 - [TEST_STEP][PASSED] - click(findTestObject("Общие объекты/Самарские РС")): Object: 'Object Repository/Общие объекты/Самарские РС' is clicked on

03-12-2024T03:23:24 - [MESSAGE][PASSED] - Object: 'Object Repository/Общие объекты/Самарские РС' is clicked on

03-12-2024T03:23:24 - [TEST_STEP][PASSED] - Script1687405718449.Change(todaysDate, typeOfData): null

03-12-2024T03:23:24 - [TEST_STEP][PASSED] - scrollToElement(findTestObject("Факторный анализ/Заголовок дашборда"), 30): Scroll to object 'Object Repository/Факторный анализ/Заголовок дашборда' successfully

03-12-2024T03:23:24 - [MESSAGE][PASSED] - Scroll to object 'Object Repository/Факторный анализ/Заголовок дашборда' successfully

03-12-2024T03:23:24 - [TEST_STEP][PASSED] - click(findTestObject("Факторный анализ/Применить в фильтре ДЗО")): Object: 'Object Repository/Факторный анализ/Применить в фильтре ДЗО' is clicked on

03-12-2024T03:23:25 - [MESSAGE][PASSED] - Object: 'Object Repository/Факторный анализ/Применить в фильтре ДЗО' is clicked on

03-12-2024T03:23:25 - [TEST_STEP][PASSED] - typeOfData = "Филиал": null

03-12-2024T03:23:25 - [TEST_STEP][PASSED] - Script1687405718449.Test(todaysDate, typeOfData): null

03-12-2024T03:23:25 - [TEST_STEP][PASSED] - if (verifyTextNotPresent("нет данных", false) == true): null

03-12-2024T03:23:28 - [MESSAGE][PASSED] - Text 'нет данных' is not present on page

03-12-2024T03:23:28 - [TEST_STEP][PASSED] - if (verifyTextNotPresent("Ошибка запроса данных", false) == true): null

03-12-2024T03:23:29 - [MESSAGE][PASSED] - Text 'Ошибка запроса данных' is not present on page

03-12-2024T03:23:29 - [TEST_STEP][PASSED] - if (verifyTextNotPresent("Произошла ошибка при выполнении пользовательского кода", false) == true): null

03-12-2024T03:23:29 - [MESSAGE][PASSED] - Text 'Произошла ошибка при выполнении пользовательского кода' is not present on page

03-12-2024T03:23:29 - [TEST_STEP][PASSED] - if (verifyTextNotPresent("У виджета нет данных", false) == true): null

03-12-2024T03:23:30 - [MESSAGE][PASSED] - Text 'У виджета нет данных' is not present on page

03-12-2024T03:23:30 - [TEST_STEP][PASSED] - if (verifyTextNotPresent("У виджета нет данных", false) == true): Text 'У виджета нет данных' is not present on page

03-12-2024T03:23:30 - [MESSAGE][PASSED] - Text 'У виджета нет данных' is not present on page

03-12-2024T03:23:30 - [TEST_STEP][PASSED] - click(findTestObject("Факторный анализ/Переключить отображение с филиала на месяц")): Object: 'Object Repository/Факторный анализ/Переключить отображение с филиала на месяц' is clicked on

03-12-2024T03:23:31 - [MESSAGE][PASSED] - Object: 'Object Repository/Факторный анализ/Переключить отображение с филиала на месяц' is clicked on

03-12-2024T03:23:31 - [TEST_STEP][PASSED] - typeOfData = "Месяц": null

03-12-2024T03:23:31 - [TEST_STEP][PASSED] - Script1687405718449.Test(todaysDate, typeOfData): null

03-12-2024T03:23:31 - [TEST_STEP][PASSED] - if (verifyTextNotPresent("нет данных", false) == true): null

03-12-2024T03:23:31 - [MESSAGE][PASSED] - Text 'нет данных' is not present on page

03-12-2024T03:23:31 - [TEST_STEP][PASSED] - if (verifyTextNotPresent("Ошибка запроса данных", false) == true): null

03-12-2024T03:23:32 - [MESSAGE][PASSED] - Text 'Ошибка запроса данных' is not present on page

03-12-2024T03:23:32 - [TEST_STEP][PASSED] - if (verifyTextNotPresent("Произошла ошибка при выполнении пользовательского кода", false) == true): null

03-12-2024T03:23:32 - [MESSAGE][PASSED] - Text 'Произошла ошибка при выполнении пользовательского кода' is not present on page

03-12-2024T03:23:32 - [TEST_STEP][PASSED] - if (verifyTextNotPresent("У виджета нет данных", false) == true): null

03-12-2024T03:23:33 - [MESSAGE][PASSED] - Text 'У виджета нет данных' is not present on page

03-12-2024T03:23:33 - [TEST_STEP][PASSED] - if (verifyTextNotPresent("У виджета нет данных", false) == true): Text 'У виджета нет данных' is not present on page

03-12-2024T03:23:33 - [MESSAGE][PASSED] - Text 'У виджета нет данных' is not present on page

03-12-2024T03:23:33 - [TEST_STEP][PASSED] - click(findTestObject("Факторный анализ/Переключить отображение с месяца на филиал")): Object: 'Object Repository/Факторный анализ/Переключить отображение с месяца на филиал' is clicked on

03-12-2024T03:23:33 - [MESSAGE][PASSED] - Object: 'Object Repository/Факторный анализ/Переключить отображение с месяца на филиал' is clicked on

03-12-2024T03:23:33 - [TEST_STEP][PASSED] - click(findTestObject("Факторный анализ/Фильтр ДЗО")): Object: 'Object Repository/Факторный анализ/Фильтр ДЗО' is clicked on

03-12-2024T03:23:34 - [MESSAGE][PASSED] - Object: 'Object Repository/Факторный анализ/Фильтр ДЗО' is clicked on

03-12-2024T03:23:34 - [TEST_STEP][PASSED] - click(findTestObject("Факторный анализ/Снять выделение в фильтре ДЗО")): Object: 'Object Repository/Факторный анализ/Снять выделение в фильтре ДЗО' is clicked on

03-12-2024T03:23:34 - [MESSAGE][PASSED] - Object: 'Object Repository/Факторный анализ/Снять выделение в фильтре ДЗО' is clicked on

03-12-2024T03:23:34 - [TEST_STEP][PASSED] - scrollToElement(findTestObject("Общие объекты/Саратовские РС"), 30): Scroll to object 'Object Repository/Общие объекты/Саратовские РС' successfully

03-12-2024T03:23:34 - [MESSAGE][PASSED] - Scroll to object 'Object Repository/Общие объекты/Саратовские РС' successfully

03-12-2024T03:23:34 - [TEST_STEP][PASSED] - click(findTestObject("Общие объекты/Саратовские РС")): Object: 'Object Repository/Общие объекты/Саратовские РС' is clicked on

03-12-2024T03:23:35 - [MESSAGE][PASSED] - Object: 'Object Repository/Общие объекты/Саратовские РС' is clicked on

03-12-2024T03:23:35 - [TEST_STEP][PASSED] - Script1687405718449.Change(todaysDate, typeOfData): null

03-12-2024T03:23:35 - [TEST_STEP][PASSED] - scrollToElement(findTestObject("Факторный анализ/Заголовок дашборда"), 30): Scroll to object 'Object Repository/Факторный анализ/Заголовок дашборда' successfully

03-12-2024T03:23:35 - [MESSAGE][PASSED] - Scroll to object 'Object Repository/Факторный анализ/Заголовок дашборда' successfully

03-12-2024T03:23:35 - [TEST_STEP][PASSED] - click(findTestObject("Факторный анализ/Применить в фильтре ДЗО")): Object: 'Object Repository/Факторный анализ/Применить в фильтре ДЗО' is clicked on

03-12-2024T03:23:36 - [MESSAGE][PASSED] - Object: 'Object Repository/Факторный анализ/Применить в фильтре ДЗО' is clicked on

03-12-2024T03:23:36 - [TEST_STEP][PASSED] - typeOfData = "Филиал": null

03-12-2024T03:23:36 - [TEST_STEP][PASSED] - Script1687405718449.Test(todaysDate, typeOfData): null

03-12-2024T03:23:36 - [TEST_STEP][PASSED] - if (verifyTextNotPresent("нет данных", false) == true): null

03-12-2024T03:23:39 - [MESSAGE][PASSED] - Text 'нет данных' is not present on page

03-12-2024T03:23:39 - [TEST_STEP][PASSED] - if (verifyTextNotPresent("Ошибка запроса данных", false) == true): null

03-12-2024T03:23:40 - [MESSAGE][PASSED] - Text 'Ошибка запроса данных' is not present on page

03-12-2024T03:23:40 - [TEST_STEP][PASSED] - if (verifyTextNotPresent("Произошла ошибка при выполнении пользовательского кода", false) == true): null

03-12-2024T03:23:40 - [MESSAGE][PASSED] - Text 'Произошла ошибка при выполнении пользовательского кода' is not present on page

03-12-2024T03:23:40 - [TEST_STEP][PASSED] - if (verifyTextNotPresent("У виджета нет данных", false) == true): null

03-12-2024T03:23:41 - [MESSAGE][PASSED] - Text 'У виджета нет данных' is not present on page

03-12-2024T03:23:41 - [TEST_STEP][PASSED] - if (verifyTextNotPresent("У виджета нет данных", false) == true): Text 'У виджета нет данных' is not present on page

03-12-2024T03:23:41 - [MESSAGE][PASSED] - Text 'У виджета нет данных' is not present on page

03-12-2024T03:23:41 - [TEST_STEP][PASSED] - click(findTestObject("Факторный анализ/Переключить отображение с филиала на месяц")): Object: 'Object Repository/Факторный анализ/Переключить отображение с филиала на месяц' is clicked on

03-12-2024T03:23:41 - [MESSAGE][PASSED] - Object: 'Object Repository/Факторный анализ/Переключить отображение с филиала на месяц' is clicked on

03-12-2024T03:23:41 - [TEST_STEP][PASSED] - typeOfData = "Месяц": null

03-12-2024T03:23:41 - [TEST_STEP][PASSED] - Script1687405718449.Test(todaysDate, typeOfData): null

03-12-2024T03:23:41 - [TEST_STEP][PASSED] - if (verifyTextNotPresent("нет данных", false) == true): null

03-12-2024T03:23:42 - [MESSAGE][PASSED] - Text 'нет данных' is not present on page

03-12-2024T03:23:42 - [TEST_STEP][PASSED] - if (verifyTextNotPresent("Ошибка запроса данных", false) == true): null

03-12-2024T03:23:42 - [MESSAGE][PASSED] - Text 'Ошибка запроса данных' is not present on page

03-12-2024T03:23:42 - [TEST_STEP][PASSED] - if (verifyTextNotPresent("Произошла ошибка при выполнении пользовательского кода", false) == true): null

03-12-2024T03:23:43 - [MESSAGE][PASSED] - Text 'Произошла ошибка при выполнении пользовательского кода' is not present on page

03-12-2024T03:23:43 - [TEST_STEP][PASSED] - if (verifyTextNotPresent("У виджета нет данных", false) == true): null

03-12-2024T03:23:43 - [MESSAGE][PASSED] - Text 'У виджета нет данных' is not present on page

03-12-2024T03:23:43 - [TEST_STEP][PASSED] - if (verifyTextNotPresent("У виджета нет данных", false) == true): Text 'У виджета нет данных' is not present on page

03-12-2024T03:23:44 - [MESSAGE][PASSED] - Text 'У виджета нет данных' is not present on page

03-12-2024T03:23:44 - [TEST_STEP][PASSED] - click(findTestObject("Факторный анализ/Переключить отображение с месяца на филиал")): Object: 'Object Repository/Факторный анализ/Переключить отображение с месяца на филиал' is clicked on

03-12-2024T03:23:44 - [MESSAGE][PASSED] - Object: 'Object Repository/Факторный анализ/Переключить отображение с месяца на филиал' is clicked on

03-12-2024T03:23:44 - [TEST_STEP][PASSED] - click(findTestObject("Факторный анализ/Фильтр ДЗО")): Object: 'Object Repository/Факторный анализ/Фильтр ДЗО' is clicked on

03-12-2024T03:23:45 - [MESSAGE][PASSED] - Object: 'Object Repository/Факторный анализ/Фильтр ДЗО' is clicked on

03-12-2024T03:23:45 - [TEST_STEP][PASSED] - click(findTestObject("Факторный анализ/Снять выделение в фильтре ДЗО")): Object: 'Object Repository/Факторный анализ/Снять выделение в фильтре ДЗО' is clicked on

03-12-2024T03:23:45 - [MESSAGE][PASSED] - Object: 'Object Repository/Факторный анализ/Снять выделение в фильтре ДЗО' is clicked on

03-12-2024T03:23:45 - [TEST_STEP][PASSED] - scrollToElement(findTestObject("Общие объекты/Ульяновские РС"), 30): Scroll to object 'Object Repository/Общие объекты/Ульяновские РС' successfully

03-12-2024T03:23:45 - [MESSAGE][PASSED] - Scroll to object 'Object Repository/Общие объекты/Ульяновские РС' successfully

03-12-2024T03:23:45 - [TEST_STEP][PASSED] - click(findTestObject("Общие объекты/Ульяновские РС")): Object: 'Object Repository/Общие объекты/Ульяновские РС' is clicked on

03-12-2024T03:23:46 - [MESSAGE][PASSED] - Object: 'Object Repository/Общие объекты/Ульяновские РС' is clicked on

03-12-2024T03:23:46 - [TEST_STEP][PASSED] - Script1687405718449.Change(todaysDate, typeOfData): null

03-12-2024T03:23:46 - [TEST_STEP][PASSED] - scrollToElement(findTestObject("Факторный анализ/Заголовок дашборда"), 30): Scroll to object 'Object Repository/Факторный анализ/Заголовок дашборда' successfully

03-12-2024T03:23:46 - [MESSAGE][PASSED] - Scroll to object 'Object Repository/Факторный анализ/Заголовок дашборда' successfully

03-12-2024T03:23:46 - [TEST_STEP][PASSED] - click(findTestObject("Факторный анализ/Применить в фильтре ДЗО")): Object: 'Object Repository/Факторный анализ/Применить в фильтре ДЗО' is clicked on

03-12-2024T03:23:47 - [MESSAGE][PASSED] - Object: 'Object Repository/Факторный анализ/Применить в фильтре ДЗО' is clicked on

03-12-2024T03:23:47 - [TEST_STEP][PASSED] - typeOfData = "Филиал": null

03-12-2024T03:23:47 - [TEST_STEP][PASSED] - Script1687405718449.Test(todaysDate, typeOfData): null

03-12-2024T03:23:47 - [TEST_STEP][PASSED] - if (verifyTextNotPresent("нет данных", false) == true): null

03-12-2024T03:23:49 - [MESSAGE][PASSED] - Text 'нет данных' is not present on page

03-12-2024T03:23:49 - [TEST_STEP][PASSED] - if (verifyTextNotPresent("Ошибка запроса данных", false) == true): null

03-12-2024T03:23:50 - [MESSAGE][PASSED] - Text 'Ошибка запроса данных' is not present on page

03-12-2024T03:23:50 - [TEST_STEP][PASSED] - if (verifyTextNotPresent("Произошла ошибка при выполнении пользовательского кода", false) == true): null

03-12-2024T03:23:50 - [MESSAGE][PASSED] - Text 'Произошла ошибка при выполнении пользовательского кода' is not present on page

03-12-2024T03:23:50 - [TEST_STEP][PASSED] - if (verifyTextNotPresent("У виджета нет данных", false) == true): null

03-12-2024T03:23:51 - [MESSAGE][PASSED] - Text 'У виджета нет данных' is not present on page

03-12-2024T03:23:51 - [TEST_STEP][PASSED] - if (verifyTextNotPresent("У виджета нет данных", false) == true): Text 'У виджета нет данных' is not present on page

03-12-2024T03:23:51 - [MESSAGE][PASSED] - Text 'У виджета нет данных' is not present on page

03-12-2024T03:23:51 - [TEST_STEP][PASSED] - click(findTestObject("Факторный анализ/Переключить отображение с филиала на месяц")): Object: 'Object Repository/Факторный анализ/Переключить отображение с филиала на месяц' is clicked on

03-12-2024T03:23:51 - [MESSAGE][PASSED] - Object: 'Object Repository/Факторный анализ/Переключить отображение с филиала на месяц' is clicked on

03-12-2024T03:23:51 - [TEST_STEP][PASSED] - typeOfData = "Месяц": null

03-12-2024T03:23:51 - [TEST_STEP][PASSED] - Script1687405718449.Test(todaysDate, typeOfData): null

03-12-2024T03:23:51 - [TEST_STEP][PASSED] - if (verifyTextNotPresent("нет данных", false) == true): null

03-12-2024T03:23:52 - [MESSAGE][PASSED] - Text 'нет данных' is not present on page

03-12-2024T03:23:52 - [TEST_STEP][PASSED] - if (verifyTextNotPresent("Ошибка запроса данных", false) == true): null

03-12-2024T03:23:52 - [MESSAGE][PASSED] - Text 'Ошибка запроса данных' is not present on page

03-12-2024T03:23:52 - [TEST_STEP][PASSED] - if (verifyTextNotPresent("Произошла ошибка при выполнении пользовательского кода", false) == true): null

03-12-2024T03:23:53 - [MESSAGE][PASSED] - Text 'Произошла ошибка при выполнении пользовательского кода' is not present on page

03-12-2024T03:23:53 - [TEST_STEP][PASSED] - if (verifyTextNotPresent("У виджета нет данных", false) == true): null

03-12-2024T03:23:53 - [MESSAGE][PASSED] - Text 'У виджета нет данных' is not present on page

03-12-2024T03:23:53 - [TEST_STEP][PASSED] - if (verifyTextNotPresent("У виджета нет данных", false) == true): Text 'У виджета нет данных' is not present on page

03-12-2024T03:23:54 - [MESSAGE][PASSED] - Text 'У виджета нет данных' is not present on page

03-12-2024T03:23:54 - [TEST_STEP][PASSED] - click(findTestObject("Факторный анализ/Переключить отображение с месяца на филиал")): Object: 'Object Repository/Факторный анализ/Переключить отображение с месяца на филиал' is clicked on

03-12-2024T03:23:54 - [MESSAGE][PASSED] - Object: 'Object Repository/Факторный анализ/Переключить отображение с месяца на филиал' is clicked on

03-12-2024T03:23:54 - [TEST_STEP][PASSED] - click(findTestObject("Факторный анализ/Фильтр ДЗО")): Object: 'Object Repository/Факторный анализ/Фильтр ДЗО' is clicked on

03-12-2024T03:23:54 - [MESSAGE][PASSED] - Object: 'Object Repository/Факторный анализ/Фильтр ДЗО' is clicked on

03-12-2024T03:23:54 - [TEST_STEP][PASSED] - click(findTestObject("Факторный анализ/Снять выделение в фильтре ДЗО")): Object: 'Object Repository/Факторный анализ/Снять выделение в фильтре ДЗО' is clicked on

03-12-2024T03:23:55 - [MESSAGE][PASSED] - Object: 'Object Repository/Факторный анализ/Снять выделение в фильтре ДЗО' is clicked on

03-12-2024T03:23:55 - [TEST_STEP][PASSED] - scrollToElement(findTestObject("Общие объекты/Чувашэнерго"), 30): Scroll to object 'Object Repository/Общие объекты/Чувашэнерго' successfully

03-12-2024T03:23:55 - [MESSAGE][PASSED] - Scroll to object 'Object Repository/Общие объекты/Чувашэнерго' successfully

03-12-2024T03:23:55 - [TEST_STEP][PASSED] - click(findTestObject("Общие объекты/Чувашэнерго")): Object: 'Object Repository/Общие объекты/Чувашэнерго' is clicked on

03-12-2024T03:23:56 - [MESSAGE][PASSED] - Object: 'Object Repository/Общие объекты/Чувашэнерго' is clicked on

03-12-2024T03:23:56 - [TEST_STEP][PASSED] - Script1687405718449.Change(todaysDate, typeOfData): null

03-12-2024T03:23:56 - [TEST_STEP][PASSED] - scrollToElement(findTestObject("Факторный анализ/Заголовок дашборда"), 30): Scroll to object 'Object Repository/Факторный анализ/Заголовок дашборда' successfully

03-12-2024T03:23:56 - [MESSAGE][PASSED] - Scroll to object 'Object Repository/Факторный анализ/Заголовок дашборда' successfully

03-12-2024T03:23:56 - [TEST_STEP][PASSED] - click(findTestObject("Факторный анализ/Применить в фильтре ДЗО")): Object: 'Object Repository/Факторный анализ/Применить в фильтре ДЗО' is clicked on

03-12-2024T03:23:57 - [MESSAGE][PASSED] - Object: 'Object Repository/Факторный анализ/Применить в фильтре ДЗО' is clicked on

03-12-2024T03:23:57 - [TEST_STEP][PASSED] - typeOfData = "Филиал": null

03-12-2024T03:23:57 - [TEST_STEP][PASSED] - Script1687405718449.Test(todaysDate, typeOfData): null

03-12-2024T03:23:57 - [TEST_STEP][PASSED] - if (verifyTextNotPresent("нет данных", false) == true): null

03-12-2024T03:24:00 - [MESSAGE][PASSED] - Text 'нет данных' is not present on page

03-12-2024T03:24:00 - [TEST_STEP][PASSED] - if (verifyTextNotPresent("Ошибка запроса данных", false) == true): null

03-12-2024T03:24:00 - [MESSAGE][PASSED] - Text 'Ошибка запроса данных' is not present on page

03-12-2024T03:24:00 - [TEST_STEP][PASSED] - if (verifyTextNotPresent("Произошла ошибка при выполнении пользовательского кода", false) == true): null

03-12-2024T03:24:01 - [MESSAGE][PASSED] - Text 'Произошла ошибка при выполнении пользовательского кода' is not present on page

03-12-2024T03:24:01 - [TEST_STEP][PASSED] - if (verifyTextNotPresent("У виджета нет данных", false) == true): null

03-12-2024T03:24:01 - [MESSAGE][PASSED] - Text 'У виджета нет данных' is not present on page

03-12-2024T03:24:01 - [TEST_STEP][PASSED] - if (verifyTextNotPresent("У виджета нет данных", false) == true): Text 'У виджета нет данных' is not present on page

03-12-2024T03:24:02 - [MESSAGE][PASSED] - Text 'У виджета нет данных' is not present on page

03-12-2024T03:24:02 - [TEST_STEP][PASSED] - click(findTestObject("Факторный анализ/Переключить отображение с филиала на месяц")): Object: 'Object Repository/Факторный анализ/Переключить отображение с филиала на месяц' is clicked on

03-12-2024T03:24:02 - [MESSAGE][PASSED] - Object: 'Object Repository/Факторный анализ/Переключить отображение с филиала на месяц' is clicked on

03-12-2024T03:24:02 - [TEST_STEP][PASSED] - typeOfData = "Месяц": null

03-12-2024T03:24:02 - [TEST_STEP][PASSED] - Script1687405718449.Test(todaysDate, typeOfData): null

03-12-2024T03:24:02 - [TEST_STEP][PASSED] - if (verifyTextNotPresent("нет данных", false) == true): null

03-12-2024T03:24:02 - [MESSAGE][PASSED] - Text 'нет данных' is not present on page

03-12-2024T03:24:02 - [TEST_STEP][PASSED] - if (verifyTextNotPresent("Ошибка запроса данных", false) == true): null

03-12-2024T03:24:03 - [MESSAGE][PASSED] - Text 'Ошибка запроса данных' is not present on page

03-12-2024T03:24:03 - [TEST_STEP][PASSED] - if (verifyTextNotPresent("Произошла ошибка при выполнении пользовательского кода", false) == true): null

03-12-2024T03:24:03 - [MESSAGE][PASSED] - Text 'Произошла ошибка при выполнении пользовательского кода' is not present on page

03-12-2024T03:24:03 - [TEST_STEP][PASSED] - if (verifyTextNotPresent("У виджета нет данных", false) == true): null

03-12-2024T03:24:04 - [MESSAGE][PASSED] - Text 'У виджета нет данных' is not present on page

03-12-2024T03:24:04 - [TEST_STEP][PASSED] - if (verifyTextNotPresent("У виджета нет данных", false) == true): Text 'У виджета нет данных' is not present on page

03-12-2024T03:24:04 - [MESSAGE][PASSED] - Text 'У виджета нет данных' is not present on page

03-12-2024T03:24:04 - [TEST_STEP][PASSED] - click(findTestObject("Факторный анализ/Переключить отображение с месяца на филиал")): Object: 'Object Repository/Факторный анализ/Переключить отображение с месяца на филиал' is clicked on

03-12-2024T03:24:05 - [MESSAGE][PASSED] - Object: 'Object Repository/Факторный анализ/Переключить отображение с месяца на филиал' is clicked on

03-12-2024T03:24:05 - [TEST_STEP][PASSED] - click(findTestObject("Факторный анализ/Фильтр ДЗО")): Object: 'Object Repository/Факторный анализ/Фильтр ДЗО' is clicked on

03-12-2024T03:24:05 - [MESSAGE][PASSED] - Object: 'Object Repository/Факторный анализ/Фильтр ДЗО' is clicked on

03-12-2024T03:24:05 - [TEST_STEP][PASSED] - click(findTestObject("Факторный анализ/Снять выделение в фильтре ДЗО")): Object: 'Object Repository/Факторный анализ/Снять выделение в фильтре ДЗО' is clicked on

03-12-2024T03:24:05 - [MESSAGE][PASSED] - Object: 'Object Repository/Факторный анализ/Снять выделение в фильтре ДЗО' is clicked on

03-12-2024T03:24:05 - [TEST_STEP][PASSED] - scrollToElement(findTestObject("Общие объекты/Раскрыть список Россети Кубань"), 30): Scroll to object 'Object Repository/Общие объекты/Раскрыть список Россети Кубань' successfully

03-12-2024T03:24:06 - [MESSAGE][PASSED] - Scroll to object 'Object Repository/Общие объекты/Раскрыть список Россети Кубань' successfully

03-12-2024T03:24:06 - [TEST_STEP][PASSED] - click(findTestObject("Факторный анализ/Россети Кубань")): Object: 'Object Repository/Факторный анализ/Россети Кубань' is clicked on

03-12-2024T03:24:06 - [MESSAGE][PASSED] - Object: 'Object Repository/Факторный анализ/Россети Кубань' is clicked on

03-12-2024T03:24:06 - [TEST_STEP][PASSED] - Script1687405718449.Change(todaysDate, typeOfData): null

03-12-2024T03:24:06 - [TEST_STEP][PASSED] - scrollToElement(findTestObject("Факторный анализ/Заголовок дашборда"), 30): Scroll to object 'Object Repository/Факторный анализ/Заголовок дашборда' successfully

03-12-2024T03:24:07 - [MESSAGE][PASSED] - Scroll to object 'Object Repository/Факторный анализ/Заголовок дашборда' successfully

03-12-2024T03:24:07 - [TEST_STEP][PASSED] - click(findTestObject("Факторный анализ/Применить в фильтре ДЗО")): Object: 'Object Repository/Факторный анализ/Применить в фильтре ДЗО' is clicked on

03-12-2024T03:24:07 - [MESSAGE][PASSED] - Object: 'Object Repository/Факторный анализ/Применить в фильтре ДЗО' is clicked on

03-12-2024T03:24:07 - [TEST_STEP][PASSED] - typeOfData = "Филиал": null

03-12-2024T03:24:07 - [TEST_STEP][PASSED] - Script1687405718449.Test(todaysDate, typeOfData): null

03-12-2024T03:24:07 - [TEST_STEP][PASSED] - if (verifyTextNotPresent("нет данных", false) == true): null

03-12-2024T03:24:09 - [MESSAGE][PASSED] - Text 'нет данных' is not present on page

03-12-2024T03:24:09 - [TEST_STEP][PASSED] - if (verifyTextNotPresent("Ошибка запроса данных", false) == true): null

03-12-2024T03:24:10 - [MESSAGE][PASSED] - Text 'Ошибка запроса данных' is not present on page

03-12-2024T03:24:10 - [TEST_STEP][PASSED] - if (verifyTextNotPresent("Произошла ошибка при выполнении пользовательского кода", false) == true): null

03-12-2024T03:24:10 - [MESSAGE][PASSED] - Text 'Произошла ошибка при выполнении пользовательского кода' is not present on page

03-12-2024T03:24:10 - [TEST_STEP][PASSED] - if (verifyTextNotPresent("У виджета нет данных", false) == true): null

03-12-2024T03:24:11 - [MESSAGE][PASSED] - Text 'У виджета нет данных' is not present on page

03-12-2024T03:24:11 - [TEST_STEP][PASSED] - if (verifyTextNotPresent("У виджета нет данных", false) == true): Text 'У виджета нет данных' is not present on page

03-12-2024T03:24:11 - [MESSAGE][PASSED] - Text 'У виджета нет данных' is not present on page

03-12-2024T03:24:11 - [TEST_STEP][PASSED] - click(findTestObject("Факторный анализ/Переключить отображение с филиала на месяц")): Object: 'Object Repository/Факторный анализ/Переключить отображение с филиала на месяц' is clicked on

03-12-2024T03:24:12 - [MESSAGE][PASSED] - Object: 'Object Repository/Факторный анализ/Переключить отображение с филиала на месяц' is clicked on

03-12-2024T03:24:12 - [TEST_STEP][PASSED] - typeOfData = "Месяц": null

03-12-2024T03:24:12 - [TEST_STEP][PASSED] - Script1687405718449.Test(todaysDate, typeOfData): null

03-12-2024T03:24:12 - [TEST_STEP][PASSED] - if (verifyTextNotPresent("нет данных", false) == true): null

03-12-2024T03:24:12 - [MESSAGE][PASSED] - Text 'нет данных' is not present on page

03-12-2024T03:24:12 - [TEST_STEP][PASSED] - if (verifyTextNotPresent("Ошибка запроса данных", false) == true): null

03-12-2024T03:24:13 - [MESSAGE][PASSED] - Text 'Ошибка запроса данных' is not present on page

03-12-2024T03:24:13 - [TEST_STEP][PASSED] - if (verifyTextNotPresent("Произошла ошибка при выполнении пользовательского кода", false) == true): null

03-12-2024T03:24:13 - [MESSAGE][PASSED] - Text 'Произошла ошибка при выполнении пользовательского кода' is not present on page

03-12-2024T03:24:13 - [TEST_STEP][PASSED] - if (verifyTextNotPresent("У виджета нет данных", false) == true): null

03-12-2024T03:24:14 - [MESSAGE][PASSED] - Text 'У виджета нет данных' is not present on page

03-12-2024T03:24:14 - [TEST_STEP][PASSED] - if (verifyTextNotPresent("У виджета нет данных", false) == true): Text 'У виджета нет данных' is not present on page

03-12-2024T03:24:14 - [MESSAGE][PASSED] - Text 'У виджета нет данных' is not present on page

03-12-2024T03:24:14 - [TEST_STEP][PASSED] - click(findTestObject("Факторный анализ/Переключить отображение с месяца на филиал")): Object: 'Object Repository/Факторный анализ/Переключить отображение с месяца на филиал' is clicked on

03-12-2024T03:24:14 - [MESSAGE][PASSED] - Object: 'Object Repository/Факторный анализ/Переключить отображение с месяца на филиал' is clicked on

03-12-2024T03:24:14 - [TEST_STEP][PASSED] - click(findTestObject("Факторный анализ/Фильтр ДЗО")): Object: 'Object Repository/Факторный анализ/Фильтр ДЗО' is clicked on

03-12-2024T03:24:15 - [MESSAGE][PASSED] - Object: 'Object Repository/Факторный анализ/Фильтр ДЗО' is clicked on

03-12-2024T03:24:15 - [TEST_STEP][PASSED] - click(findTestObject("Факторный анализ/Снять выделение в фильтре ДЗО")): Object: 'Object Repository/Факторный анализ/Снять выделение в фильтре ДЗО' is clicked on

03-12-2024T03:24:15 - [MESSAGE][PASSED] - Object: 'Object Repository/Факторный анализ/Снять выделение в фильтре ДЗО' is clicked on

03-12-2024T03:24:15 - [TEST_STEP][PASSED] - scrollToElement(findTestObject("Общие объекты/Раскрыть список Россети Кубань"), 30): Scroll to object 'Object Repository/Общие объекты/Раскрыть список Россети Кубань' successfully

03-12-2024T03:24:16 - [MESSAGE][PASSED] - Scroll to object 'Object Repository/Общие объекты/Раскрыть список Россети Кубань' successfully

03-12-2024T03:24:16 - [TEST_STEP][PASSED] - click(findTestObject("Общие объекты/Раскрыть список Россети Кубань")): Object: 'Object Repository/Общие объекты/Раскрыть список Россети Кубань' is clicked on

03-12-2024T03:24:16 - [MESSAGE][PASSED] - Object: 'Object Repository/Общие объекты/Раскрыть список Россети Кубань' is clicked on

03-12-2024T03:24:16 - [TEST_STEP][PASSED] - click(findTestObject("Общие объекты/Раскрыть список Россети Кубань")): Object: 'Object Repository/Общие объекты/Раскрыть список Россети Кубань' is clicked on

03-12-2024T03:24:17 - [MESSAGE][PASSED] - Object: 'Object Repository/Общие объекты/Раскрыть список Россети Кубань' is clicked on

03-12-2024T03:24:17 - [TEST_STEP][PASSED] - scrollToElement(findTestObject("Общие объекты/Кубаньэнерго"), 30): Scroll to object 'Object Repository/Общие объекты/Кубаньэнерго' successfully

03-12-2024T03:24:17 - [MESSAGE][PASSED] - Scroll to object 'Object Repository/Общие объекты/Кубаньэнерго' successfully

03-12-2024T03:24:17 - [TEST_STEP][PASSED] - click(findTestObject("Общие объекты/Кубаньэнерго")): Object: 'Object Repository/Общие объекты/Кубаньэнерго' is clicked on

03-12-2024T03:24:18 - [MESSAGE][PASSED] - Object: 'Object Repository/Общие объекты/Кубаньэнерго' is clicked on

03-12-2024T03:24:18 - [TEST_STEP][PASSED] - Script1687405718449.Change(todaysDate, typeOfData): null

03-12-2024T03:24:18 - [TEST_STEP][PASSED] - scrollToElement(findTestObject("Факторный анализ/Заголовок дашборда"), 30): Scroll to object 'Object Repository/Факторный анализ/Заголовок дашборда' successfully

03-12-2024T03:24:18 - [MESSAGE][PASSED] - Scroll to object 'Object Repository/Факторный анализ/Заголовок дашборда' successfully

03-12-2024T03:24:18 - [TEST_STEP][PASSED] - click(findTestObject("Факторный анализ/Применить в фильтре ДЗО")): Object: 'Object Repository/Факторный анализ/Применить в фильтре ДЗО' is clicked on

03-12-2024T03:24:19 - [MESSAGE][PASSED] - Object: 'Object Repository/Факторный анализ/Применить в фильтре ДЗО' is clicked on

03-12-2024T03:24:19 - [TEST_STEP][PASSED] - typeOfData = "Филиал": null

03-12-2024T03:24:19 - [TEST_STEP][PASSED] - Script1687405718449.Test(todaysDate, typeOfData): null

03-12-2024T03:24:19 - [TEST_STEP][PASSED] - if (verifyTextNotPresent("нет данных", false) == true): null

03-12-2024T03:24:21 - [MESSAGE][PASSED] - Text 'нет данных' is not present on page

03-12-2024T03:24:21 - [TEST_STEP][PASSED] - if (verifyTextNotPresent("Ошибка запроса данных", false) == true): null

03-12-2024T03:24:22 - [MESSAGE][PASSED] - Text 'Ошибка запроса данных' is not present on page

03-12-2024T03:24:22 - [TEST_STEP][PASSED] - if (verifyTextNotPresent("Произошла ошибка при выполнении пользовательского кода", false) == true): null

03-12-2024T03:24:22 - [MESSAGE][PASSED] - Text 'Произошла ошибка при выполнении пользовательского кода' is not present on page

03-12-2024T03:24:22 - [TEST_STEP][PASSED] - if (verifyTextNotPresent("У виджета нет данных", false) == true): null

03-12-2024T03:24:23 - [MESSAGE][PASSED] - Text 'У виджета нет данных' is not present on page

03-12-2024T03:24:23 - [TEST_STEP][PASSED] - if (verifyTextNotPresent("У виджета нет данных", false) == true): Text 'У виджета нет данных' is not present on page

03-12-2024T03:24:23 - [MESSAGE][PASSED] - Text 'У виджета нет данных' is not present on page

03-12-2024T03:24:23 - [TEST_STEP][PASSED] - click(findTestObject("Факторный анализ/Переключить отображение с филиала на месяц")): Object: 'Object Repository/Факторный анализ/Переключить отображение с филиала на месяц' is clicked on

03-12-2024T03:24:23 - [MESSAGE][PASSED] - Object: 'Object Repository/Факторный анализ/Переключить отображение с филиала на месяц' is clicked on

03-12-2024T03:24:23 - [TEST_STEP][PASSED] - typeOfData = "Месяц": null

03-12-2024T03:24:23 - [TEST_STEP][PASSED] - Script1687405718449.Test(todaysDate, typeOfData): null

03-12-2024T03:24:23 - [TEST_STEP][PASSED] - if (verifyTextNotPresent("нет данных", false) == true): null

03-12-2024T03:24:24 - [MESSAGE][PASSED] - Text 'нет данных' is not present on page

03-12-2024T03:24:24 - [TEST_STEP][PASSED] - if (verifyTextNotPresent("Ошибка запроса данных", false) == true): null

03-12-2024T03:24:24 - [MESSAGE][PASSED] - Text 'Ошибка запроса данных' is not present on page

03-12-2024T03:24:24 - [TEST_STEP][PASSED] - if (verifyTextNotPresent("Произошла ошибка при выполнении пользовательского кода", false) == true): null

03-12-2024T03:24:25 - [MESSAGE][PASSED] - Text 'Произошла ошибка при выполнении пользовательского кода' is not present on page

03-12-2024T03:24:25 - [TEST_STEP][PASSED] - if (verifyTextNotPresent("У виджета нет данных", false) == true): null

03-12-2024T03:24:25 - [MESSAGE][PASSED] - Text 'У виджета нет данных' is not present on page

03-12-2024T03:24:25 - [TEST_STEP][PASSED] - if (verifyTextNotPresent("У виджета нет данных", false) == true): Text 'У виджета нет данных' is not present on page

03-12-2024T03:24:26 - [MESSAGE][PASSED] - Text 'У виджета нет данных' is not present on page

03-12-2024T03:24:26 - [TEST_STEP][PASSED] - click(findTestObject("Факторный анализ/Переключить отображение с месяца на филиал")): Object: 'Object Repository/Факторный анализ/Переключить отображение с месяца на филиал' is clicked on

03-12-2024T03:24:26 - [MESSAGE][PASSED] - Object: 'Object Repository/Факторный анализ/Переключить отображение с месяца на филиал' is clicked on

03-12-2024T03:24:26 - [TEST_STEP][PASSED] - click(findTestObject("Факторный анализ/Фильтр ДЗО")): Object: 'Object Repository/Факторный анализ/Фильтр ДЗО' is clicked on

03-12-2024T03:24:27 - [MESSAGE][PASSED] - Object: 'Object Repository/Факторный анализ/Фильтр ДЗО' is clicked on

03-12-2024T03:24:27 - [TEST_STEP][PASSED] - click(findTestObject("Факторный анализ/Снять выделение в фильтре ДЗО")): Object: 'Object Repository/Факторный анализ/Снять выделение в фильтре ДЗО' is clicked on

03-12-2024T03:24:27 - [MESSAGE][PASSED] - Object: 'Object Repository/Факторный анализ/Снять выделение в фильтре ДЗО' is clicked on

03-12-2024T03:24:27 - [TEST_STEP][PASSED] - scrollToElement(findTestObject("Общие объекты/Раскрыть список Россети Ленэнерго"), 30): Scroll to object 'Object Repository/Общие объекты/Раскрыть список Россети Ленэнерго' successfully

03-12-2024T03:24:27 - [MESSAGE][PASSED] - Scroll to object 'Object Repository/Общие объекты/Раскрыть список Россети Ленэнерго' successfully

03-12-2024T03:24:27 - [TEST_STEP][PASSED] - click(findTestObject("Факторный анализ/Россети Ленэнерго")): Object: 'Object Repository/Факторный анализ/Россети Ленэнерго' is clicked on

03-12-2024T03:24:28 - [MESSAGE][PASSED] - Object: 'Object Repository/Факторный анализ/Россети Ленэнерго' is clicked on

03-12-2024T03:24:28 - [TEST_STEP][PASSED] - Script1687405718449.Change(todaysDate, typeOfData): null

03-12-2024T03:24:28 - [TEST_STEP][PASSED] - scrollToElement(findTestObject("Факторный анализ/Заголовок дашборда"), 30): Scroll to object 'Object Repository/Факторный анализ/Заголовок дашборда' successfully

03-12-2024T03:24:28 - [MESSAGE][PASSED] - Scroll to object 'Object Repository/Факторный анализ/Заголовок дашборда' successfully

03-12-2024T03:24:28 - [TEST_STEP][PASSED] - click(findTestObject("Факторный анализ/Применить в фильтре ДЗО")): Object: 'Object Repository/Факторный анализ/Применить в фильтре ДЗО' is clicked on

03-12-2024T03:24:29 - [MESSAGE][PASSED] - Object: 'Object Repository/Факторный анализ/Применить в фильтре ДЗО' is clicked on

03-12-2024T03:24:29 - [TEST_STEP][PASSED] - typeOfData = "Филиал": null

03-12-2024T03:24:29 - [TEST_STEP][PASSED] - Script1687405718449.Test(todaysDate, typeOfData): null

03-12-2024T03:24:29 - [TEST_STEP][PASSED] - if (verifyTextNotPresent("нет данных", false) == true): null

03-12-2024T03:24:31 - [MESSAGE][PASSED] - Text 'нет данных' is not present on page

03-12-2024T03:24:31 - [TEST_STEP][PASSED] - if (verifyTextNotPresent("Ошибка запроса данных", false) == true): null

03-12-2024T03:24:31 - [MESSAGE][PASSED] - Text 'Ошибка запроса данных' is not present on page

03-12-2024T03:24:31 - [TEST_STEP][PASSED] - if (verifyTextNotPresent("Произошла ошибка при выполнении пользовательского кода", false) == true): null

03-12-2024T03:24:32 - [MESSAGE][PASSED] - Text 'Произошла ошибка при выполнении пользовательского кода' is not present on page

03-12-2024T03:24:32 - [TEST_STEP][PASSED] - if (verifyTextNotPresent("У виджета нет данных", false) == true): null

03-12-2024T03:24:32 - [MESSAGE][PASSED] - Text 'У виджета нет данных' is not present on page

03-12-2024T03:24:32 - [TEST_STEP][PASSED] - if (verifyTextNotPresent("У виджета нет данных", false) == true): Text 'У виджета нет данных' is not present on page

03-12-2024T03:24:33 - [MESSAGE][PASSED] - Text 'У виджета нет данных' is not present on page

03-12-2024T03:24:33 - [TEST_STEP][PASSED] - click(findTestObject("Факторный анализ/Переключить отображение с филиала на месяц")): Object: 'Object Repository/Факторный анализ/Переключить отображение с филиала на месяц' is clicked on

03-12-2024T03:24:33 - [MESSAGE][PASSED] - Object: 'Object Repository/Факторный анализ/Переключить отображение с филиала на месяц' is clicked on

03-12-2024T03:24:33 - [TEST_STEP][PASSED] - typeOfData = "Месяц": null

03-12-2024T03:24:33 - [TEST_STEP][PASSED] - Script1687405718449.Test(todaysDate, typeOfData): null

03-12-2024T03:24:33 - [TEST_STEP][PASSED] - if (verifyTextNotPresent("нет данных", false) == true): null

03-12-2024T03:24:34 - [MESSAGE][PASSED] - Text 'нет данных' is not present on page

03-12-2024T03:24:34 - [TEST_STEP][PASSED] - if (verifyTextNotPresent("Ошибка запроса данных", false) == true): null

03-12-2024T03:24:34 - [MESSAGE][PASSED] - Text 'Ошибка запроса данных' is not present on page

03-12-2024T03:24:34 - [TEST_STEP][PASSED] - if (verifyTextNotPresent("Произошла ошибка при выполнении пользовательского кода", false) == true): null

03-12-2024T03:24:35 - [MESSAGE][PASSED] - Text 'Произошла ошибка при выполнении пользовательского кода' is not present on page

03-12-2024T03:24:35 - [TEST_STEP][PASSED] - if (verifyTextNotPresent("У виджета нет данных", false) == true): null

03-12-2024T03:24:35 - [MESSAGE][PASSED] - Text 'У виджета нет данных' is not present on page

03-12-2024T03:24:35 - [TEST_STEP][PASSED] - if (verifyTextNotPresent("У виджета нет данных", false) == true): Text 'У виджета нет данных' is not present on page

03-12-2024T03:24:35 - [MESSAGE][PASSED] - Text 'У виджета нет данных' is not present on page

03-12-2024T03:24:35 - [TEST_STEP][PASSED] - click(findTestObject("Факторный анализ/Переключить отображение с месяца на филиал")): Object: 'Object Repository/Факторный анализ/Переключить отображение с месяца на филиал' is clicked on

03-12-2024T03:24:36 - [MESSAGE][PASSED] - Object: 'Object Repository/Факторный анализ/Переключить отображение с месяца на филиал' is clicked on

03-12-2024T03:24:36 - [TEST_STEP][PASSED] - click(findTestObject("Факторный анализ/Фильтр ДЗО")): Object: 'Object Repository/Факторный анализ/Фильтр ДЗО' is clicked on

03-12-2024T03:24:36 - [MESSAGE][PASSED] - Object: 'Object Repository/Факторный анализ/Фильтр ДЗО' is clicked on

03-12-2024T03:24:36 - [TEST_STEP][PASSED] - click(findTestObject("Факторный анализ/Снять выделение в фильтре ДЗО")): Object: 'Object Repository/Факторный анализ/Снять выделение в фильтре ДЗО' is clicked on

03-12-2024T03:24:37 - [MESSAGE][PASSED] - Object: 'Object Repository/Факторный анализ/Снять выделение в фильтре ДЗО' is clicked on

03-12-2024T03:24:37 - [TEST_STEP][PASSED] - scrollToElement(findTestObject("Общие объекты/Раскрыть список Россети Ленэнерго"), 30): Scroll to object 'Object Repository/Общие объекты/Раскрыть список Россети Ленэнерго' successfully

03-12-2024T03:24:37 - [MESSAGE][PASSED] - Scroll to object 'Object Repository/Общие объекты/Раскрыть список Россети Ленэнерго' successfully

03-12-2024T03:24:37 - [TEST_STEP][PASSED] - click(findTestObject("Общие объекты/Раскрыть список Россети Ленэнерго")): Object: 'Object Repository/Общие объекты/Раскрыть список Россети Ленэнерго' is clicked on

03-12-2024T03:24:37 - [MESSAGE][PASSED] - Object: 'Object Repository/Общие объекты/Раскрыть список Россети Ленэнерго' is clicked on

03-12-2024T03:24:37 - [TEST_STEP][PASSED] - click(findTestObject("Общие объекты/Раскрыть список Россети Ленэнерго")): Object: 'Object Repository/Общие объекты/Раскрыть список Россети Ленэнерго' is clicked on

03-12-2024T03:24:38 - [MESSAGE][PASSED] - Object: 'Object Repository/Общие объекты/Раскрыть список Россети Ленэнерго' is clicked on

03-12-2024T03:24:38 - [TEST_STEP][PASSED] - scrollToElement(findTestObject("Общие объекты/Ленинградская область"), 30): Scroll to object 'Object Repository/Общие объекты/Ленинградская область' successfully

03-12-2024T03:24:39 - [MESSAGE][PASSED] - Scroll to object 'Object Repository/Общие объекты/Ленинградская область' successfully

03-12-2024T03:24:39 - [TEST_STEP][PASSED] - click(findTestObject("Общие объекты/Ленинградская область")): Object: 'Object Repository/Общие объекты/Ленинградская область' is clicked on

03-12-2024T03:24:39 - [MESSAGE][PASSED] - Object: 'Object Repository/Общие объекты/Ленинградская область' is clicked on

03-12-2024T03:24:39 - [TEST_STEP][PASSED] - Script1687405718449.Change(todaysDate, typeOfData): null

03-12-2024T03:24:39 - [TEST_STEP][PASSED] - scrollToElement(findTestObject("Факторный анализ/Заголовок дашборда"), 30): Scroll to object 'Object Repository/Факторный анализ/Заголовок дашборда' successfully

03-12-2024T03:24:40 - [MESSAGE][PASSED] - Scroll to object 'Object Repository/Факторный анализ/Заголовок дашборда' successfully

03-12-2024T03:24:40 - [TEST_STEP][PASSED] - click(findTestObject("Факторный анализ/Применить в фильтре ДЗО")): Object: 'Object Repository/Факторный анализ/Применить в фильтре ДЗО' is clicked on

03-12-2024T03:24:40 - [MESSAGE][PASSED] - Object: 'Object Repository/Факторный анализ/Применить в фильтре ДЗО' is clicked on

03-12-2024T03:24:40 - [TEST_STEP][PASSED] - typeOfData = "Филиал": null

03-12-2024T03:24:40 - [TEST_STEP][PASSED] - Script1687405718449.Test(todaysDate, typeOfData): null

03-12-2024T03:24:40 - [TEST_STEP][PASSED] - if (verifyTextNotPresent("нет данных", false) == true): null

03-12-2024T03:24:43 - [MESSAGE][PASSED] - Text 'нет данных' is not present on page

03-12-2024T03:24:43 - [TEST_STEP][PASSED] - if (verifyTextNotPresent("Ошибка запроса данных", false) == true): null

03-12-2024T03:24:43 - [MESSAGE][PASSED] - Text 'Ошибка запроса данных' is not present on page

03-12-2024T03:24:43 - [TEST_STEP][PASSED] - if (verifyTextNotPresent("Произошла ошибка при выполнении пользовательского кода", false) == true): null

03-12-2024T03:24:44 - [MESSAGE][PASSED] - Text 'Произошла ошибка при выполнении пользовательского кода' is not present on page

03-12-2024T03:24:44 - [TEST_STEP][PASSED] - if (verifyTextNotPresent("У виджета нет данных", false) == true): null

03-12-2024T03:24:44 - [MESSAGE][PASSED] - Text 'У виджета нет данных' is not present on page

03-12-2024T03:24:44 - [TEST_STEP][PASSED] - if (verifyTextNotPresent("У виджета нет данных", false) == true): Text 'У виджета нет данных' is not present on page

03-12-2024T03:24:45 - [MESSAGE][PASSED] - Text 'У виджета нет данных' is not present on page

03-12-2024T03:24:45 - [TEST_STEP][PASSED] - click(findTestObject("Факторный анализ/Переключить отображение с филиала на месяц")): Object: 'Object Repository/Факторный анализ/Переключить отображение с филиала на месяц' is clicked on

03-12-2024T03:24:45 - [MESSAGE][PASSED] - Object: 'Object Repository/Факторный анализ/Переключить отображение с филиала на месяц' is clicked on

03-12-2024T03:24:45 - [TEST_STEP][PASSED] - typeOfData = "Месяц": null

03-12-2024T03:24:45 - [TEST_STEP][PASSED] - Script1687405718449.Test(todaysDate, typeOfData): null

03-12-2024T03:24:45 - [TEST_STEP][PASSED] - if (verifyTextNotPresent("нет данных", false) == true): null

03-12-2024T03:24:45 - [MESSAGE][PASSED] - Text 'нет данных' is not present on page

03-12-2024T03:24:45 - [TEST_STEP][PASSED] - if (verifyTextNotPresent("Ошибка запроса данных", false) == true): null

03-12-2024T03:24:46 - [MESSAGE][PASSED] - Text 'Ошибка запроса данных' is not present on page

03-12-2024T03:24:46 - [TEST_STEP][PASSED] - if (verifyTextNotPresent("Произошла ошибка при выполнении пользовательского кода", false) == true): null

03-12-2024T03:24:46 - [MESSAGE][PASSED] - Text 'Произошла ошибка при выполнении пользовательского кода' is not present on page

03-12-2024T03:24:46 - [TEST_STEP][PASSED] - if (verifyTextNotPresent("У виджета нет данных", false) == true): null

03-12-2024T03:24:47 - [MESSAGE][PASSED] - Text 'У виджета нет данных' is not present on page

03-12-2024T03:24:47 - [TEST_STEP][PASSED] - if (verifyTextNotPresent("У виджета нет данных", false) == true): Text 'У виджета нет данных' is not present on page

03-12-2024T03:24:47 - [MESSAGE][PASSED] - Text 'У виджета нет данных' is not present on page

03-12-2024T03:24:47 - [TEST_STEP][PASSED] - click(findTestObject("Факторный анализ/Переключить отображение с месяца на филиал")): Object: 'Object Repository/Факторный анализ/Переключить отображение с месяца на филиал' is clicked on

03-12-2024T03:24:48 - [MESSAGE][PASSED] - Object: 'Object Repository/Факторный анализ/Переключить отображение с месяца на филиал' is clicked on

03-12-2024T03:24:48 - [TEST_STEP][PASSED] - click(findTestObject("Факторный анализ/Фильтр ДЗО")): Object: 'Object Repository/Факторный анализ/Фильтр ДЗО' is clicked on

03-12-2024T03:24:48 - [MESSAGE][PASSED] - Object: 'Object Repository/Факторный анализ/Фильтр ДЗО' is clicked on

03-12-2024T03:24:48 - [TEST_STEP][PASSED] - click(findTestObject("Факторный анализ/Снять выделение в фильтре ДЗО")): Object: 'Object Repository/Факторный анализ/Снять выделение в фильтре ДЗО' is clicked on

03-12-2024T03:24:49 - [MESSAGE][PASSED] - Object: 'Object Repository/Факторный анализ/Снять выделение в фильтре ДЗО' is clicked on

03-12-2024T03:24:49 - [TEST_STEP][PASSED] - scrollToElement(findTestObject("Общие объекты/Санкт-Петербург"), 30): Scroll to object 'Object Repository/Общие объекты/Санкт-Петербург' successfully

03-12-2024T03:24:49 - [MESSAGE][PASSED] - Scroll to object 'Object Repository/Общие объекты/Санкт-Петербург' successfully

03-12-2024T03:24:49 - [TEST_STEP][PASSED] - click(findTestObject("Общие объекты/Санкт-Петербург")): Object: 'Object Repository/Общие объекты/Санкт-Петербург' is clicked on

03-12-2024T03:24:49 - [MESSAGE][PASSED] - Object: 'Object Repository/Общие объекты/Санкт-Петербург' is clicked on

03-12-2024T03:24:49 - [TEST_STEP][PASSED] - Script1687405718449.Change(todaysDate, typeOfData): null

03-12-2024T03:24:49 - [TEST_STEP][PASSED] - scrollToElement(findTestObject("Факторный анализ/Заголовок дашборда"), 30): Scroll to object 'Object Repository/Факторный анализ/Заголовок дашборда' successfully

03-12-2024T03:24:50 - [MESSAGE][PASSED] - Scroll to object 'Object Repository/Факторный анализ/Заголовок дашборда' successfully

03-12-2024T03:24:50 - [TEST_STEP][PASSED] - click(findTestObject("Факторный анализ/Применить в фильтре ДЗО")): Object: 'Object Repository/Факторный анализ/Применить в фильтре ДЗО' is clicked on

03-12-2024T03:24:50 - [MESSAGE][PASSED] - Object: 'Object Repository/Факторный анализ/Применить в фильтре ДЗО' is clicked on

03-12-2024T03:24:50 - [TEST_STEP][PASSED] - typeOfData = "Филиал": null

03-12-2024T03:24:50 - [TEST_STEP][PASSED] - Script1687405718449.Test(todaysDate, typeOfData): null

03-12-2024T03:24:50 - [TEST_STEP][PASSED] - if (verifyTextNotPresent("нет данных", false) == true): null

03-12-2024T03:24:53 - [MESSAGE][PASSED] - Text 'нет данных' is not present on page

03-12-2024T03:24:53 - [TEST_STEP][PASSED] - if (verifyTextNotPresent("Ошибка запроса данных", false) == true): null

03-12-2024T03:24:53 - [MESSAGE][PASSED] - Text 'Ошибка запроса данных' is not present on page

03-12-2024T03:24:53 - [TEST_STEP][PASSED] - if (verifyTextNotPresent("Произошла ошибка при выполнении пользовательского кода", false) == true): null

03-12-2024T03:24:54 - [MESSAGE][PASSED] - Text 'Произошла ошибка при выполнении пользовательского кода' is not present on page

03-12-2024T03:24:54 - [TEST_STEP][PASSED] - if (verifyTextNotPresent("У виджета нет данных", false) == true): null

03-12-2024T03:24:54 - [MESSAGE][PASSED] - Text 'У виджета нет данных' is not present on page

03-12-2024T03:24:54 - [TEST_STEP][PASSED] - if (verifyTextNotPresent("У виджета нет данных", false) == true): Text 'У виджета нет данных' is not present on page

03-12-2024T03:24:55 - [MESSAGE][PASSED] - Text 'У виджета нет данных' is not present on page

03-12-2024T03:24:55 - [TEST_STEP][PASSED] - click(findTestObject("Факторный анализ/Переключить отображение с филиала на месяц")): Object: 'Object Repository/Факторный анализ/Переключить отображение с филиала на месяц' is clicked on

03-12-2024T03:24:55 - [MESSAGE][PASSED] - Object: 'Object Repository/Факторный анализ/Переключить отображение с филиала на месяц' is clicked on

03-12-2024T03:24:55 - [TEST_STEP][PASSED] - typeOfData = "Месяц": null

03-12-2024T03:24:55 - [TEST_STEP][PASSED] - Script1687405718449.Test(todaysDate, typeOfData): null

03-12-2024T03:24:55 - [TEST_STEP][PASSED] - if (verifyTextNotPresent("нет данных", false) == true): null

03-12-2024T03:24:55 - [MESSAGE][PASSED] - Text 'нет данных' is not present on page

03-12-2024T03:24:55 - [TEST_STEP][PASSED] - if (verifyTextNotPresent("Ошибка запроса данных", false) == true): null

03-12-2024T03:24:56 - [MESSAGE][PASSED] - Text 'Ошибка запроса данных' is not present on page

03-12-2024T03:24:56 - [TEST_STEP][PASSED] - if (verifyTextNotPresent("Произошла ошибка при выполнении пользовательского кода", false) == true): null

03-12-2024T03:24:56 - [MESSAGE][PASSED] - Text 'Произошла ошибка при выполнении пользовательского кода' is not present on page

03-12-2024T03:24:56 - [TEST_STEP][PASSED] - if (verifyTextNotPresent("У виджета нет данных", false) == true): null

03-12-2024T03:24:57 - [MESSAGE][PASSED] - Text 'У виджета нет данных' is not present on page

03-12-2024T03:24:57 - [TEST_STEP][PASSED] - if (verifyTextNotPresent("У виджета нет данных", false) == true): Text 'У виджета нет данных' is not present on page

03-12-2024T03:24:57 - [MESSAGE][PASSED] - Text 'У виджета нет данных' is not present on page

03-12-2024T03:24:57 - [TEST_STEP][PASSED] - click(findTestObject("Факторный анализ/Переключить отображение с месяца на филиал")): Object: 'Object Repository/Факторный анализ/Переключить отображение с месяца на филиал' is clicked on

03-12-2024T03:24:58 - [MESSAGE][PASSED] - Object: 'Object Repository/Факторный анализ/Переключить отображение с месяца на филиал' is clicked on

03-12-2024T03:24:58 - [TEST_STEP][PASSED] - click(findTestObject("Факторный анализ/Фильтр ДЗО")): Object: 'Object Repository/Факторный анализ/Фильтр ДЗО' is clicked on

03-12-2024T03:24:58 - [MESSAGE][PASSED] - Object: 'Object Repository/Факторный анализ/Фильтр ДЗО' is clicked on

03-12-2024T03:24:58 - [TEST_STEP][PASSED] - click(findTestObject("Факторный анализ/Снять выделение в фильтре ДЗО")): Object: 'Object Repository/Факторный анализ/Снять выделение в фильтре ДЗО' is clicked on

03-12-2024T03:24:58 - [MESSAGE][PASSED] - Object: 'Object Repository/Факторный анализ/Снять выделение в фильтре ДЗО' is clicked on

03-12-2024T03:24:58 - [TEST_STEP][PASSED] - scrollToElement(findTestObject("Общие объекты/Раскрыть список Россети Московский регион"), 30): Scroll to object 'Object Repository/Общие объекты/Раскрыть список Россети Московский регион' successfully

03-12-2024T03:24:59 - [MESSAGE][PASSED] - Scroll to object 'Object Repository/Общие объекты/Раскрыть список Россети Московский регион' successfully

03-12-2024T03:24:59 - [TEST_STEP][PASSED] - click(findTestObject("Факторный анализ/Россети Московский регион")): Object: 'Object Repository/Факторный анализ/Россети Московский регион' is clicked on

03-12-2024T03:24:59 - [MESSAGE][PASSED] - Object: 'Object Repository/Факторный анализ/Россети Московский регион' is clicked on

03-12-2024T03:24:59 - [TEST_STEP][PASSED] - Script1687405718449.Change(todaysDate, typeOfData): null

03-12-2024T03:24:59 - [TEST_STEP][PASSED] - scrollToElement(findTestObject("Факторный анализ/Заголовок дашборда"), 30): Scroll to object 'Object Repository/Факторный анализ/Заголовок дашборда' successfully

03-12-2024T03:25:00 - [MESSAGE][PASSED] - Scroll to object 'Object Repository/Факторный анализ/Заголовок дашборда' successfully

03-12-2024T03:25:00 - [TEST_STEP][PASSED] - click(findTestObject("Факторный анализ/Применить в фильтре ДЗО")): Object: 'Object Repository/Факторный анализ/Применить в фильтре ДЗО' is clicked on

03-12-2024T03:25:00 - [MESSAGE][PASSED] - Object: 'Object Repository/Факторный анализ/Применить в фильтре ДЗО' is clicked on

03-12-2024T03:25:00 - [TEST_STEP][PASSED] - typeOfData = "Филиал": null

03-12-2024T03:25:00 - [TEST_STEP][PASSED] - Script1687405718449.Test(todaysDate, typeOfData): null

03-12-2024T03:25:00 - [TEST_STEP][PASSED] - if (verifyTextNotPresent("нет данных", false) == true): null

03-12-2024T03:25:02 - [MESSAGE][PASSED] - Text 'нет данных' is not present on page

03-12-2024T03:25:02 - [TEST_STEP][PASSED] - if (verifyTextNotPresent("Ошибка запроса данных", false) == true): null

03-12-2024T03:25:03 - [MESSAGE][PASSED] - Text 'Ошибка запроса данных' is not present on page

03-12-2024T03:25:03 - [TEST_STEP][PASSED] - if (verifyTextNotPresent("Произошла ошибка при выполнении пользовательского кода", false) == true): null

03-12-2024T03:25:03 - [MESSAGE][PASSED] - Text 'Произошла ошибка при выполнении пользовательского кода' is not present on page

03-12-2024T03:25:03 - [TEST_STEP][PASSED] - if (verifyTextNotPresent("У виджета нет данных", false) == true): null

03-12-2024T03:25:04 - [MESSAGE][PASSED] - Text 'У виджета нет данных' is not present on page

03-12-2024T03:25:04 - [TEST_STEP][PASSED] - if (verifyTextNotPresent("У виджета нет данных", false) == true): Text 'У виджета нет данных' is not present on page

03-12-2024T03:25:04 - [MESSAGE][PASSED] - Text 'У виджета нет данных' is not present on page

03-12-2024T03:25:04 - [TEST_STEP][PASSED] - click(findTestObject("Факторный анализ/Переключить отображение с филиала на месяц")): Object: 'Object Repository/Факторный анализ/Переключить отображение с филиала на месяц' is clicked on

03-12-2024T03:25:05 - [MESSAGE][PASSED] - Object: 'Object Repository/Факторный анализ/Переключить отображение с филиала на месяц' is clicked on

03-12-2024T03:25:05 - [TEST_STEP][PASSED] - typeOfData = "Месяц": null

03-12-2024T03:25:05 - [TEST_STEP][PASSED] - Script1687405718449.Test(todaysDate, typeOfData): null

03-12-2024T03:25:05 - [TEST_STEP][PASSED] - if (verifyTextNotPresent("нет данных", false) == true): null

03-12-2024T03:25:05 - [MESSAGE][PASSED] - Text 'нет данных' is not present on page

03-12-2024T03:25:05 - [TEST_STEP][PASSED] - if (verifyTextNotPresent("Ошибка запроса данных", false) == true): null

03-12-2024T03:25:06 - [MESSAGE][PASSED] - Text 'Ошибка запроса данных' is not present on page

03-12-2024T03:25:06 - [TEST_STEP][PASSED] - if (verifyTextNotPresent("Произошла ошибка при выполнении пользовательского кода", false) == true): null

03-12-2024T03:25:06 - [MESSAGE][PASSED] - Text 'Произошла ошибка при выполнении пользовательского кода' is not present on page

03-12-2024T03:25:06 - [TEST_STEP][PASSED] - if (verifyTextNotPresent("У виджета нет данных", false) == true): null

03-12-2024T03:25:07 - [MESSAGE][PASSED] - Text 'У виджета нет данных' is not present on page

03-12-2024T03:25:07 - [TEST_STEP][PASSED] - if (verifyTextNotPresent("У виджета нет данных", false) == true): Text 'У виджета нет данных' is not present on page

03-12-2024T03:25:07 - [MESSAGE][PASSED] - Text 'У виджета нет данных' is not present on page

03-12-2024T03:25:07 - [TEST_STEP][PASSED] - click(findTestObject("Факторный анализ/Переключить отображение с месяца на филиал")): Object: 'Object Repository/Факторный анализ/Переключить отображение с месяца на филиал' is clicked on

03-12-2024T03:25:07 - [MESSAGE][PASSED] - Object: 'Object Repository/Факторный анализ/Переключить отображение с месяца на филиал' is clicked on

03-12-2024T03:25:07 - [TEST_STEP][PASSED] - click(findTestObject("Факторный анализ/Фильтр ДЗО")): Object: 'Object Repository/Факторный анализ/Фильтр ДЗО' is clicked on

03-12-2024T03:25:08 - [MESSAGE][PASSED] - Object: 'Object Repository/Факторный анализ/Фильтр ДЗО' is clicked on

03-12-2024T03:25:08 - [TEST_STEP][PASSED] - click(findTestObject("Факторный анализ/Снять выделение в фильтре ДЗО")): Object: 'Object Repository/Факторный анализ/Снять выделение в фильтре ДЗО' is clicked on

03-12-2024T03:25:08 - [MESSAGE][PASSED] - Object: 'Object Repository/Факторный анализ/Снять выделение в фильтре ДЗО' is clicked on

03-12-2024T03:25:08 - [TEST_STEP][PASSED] - scrollToElement(findTestObject("Общие объекты/Раскрыть список Россети Московский регион"), 30): Scroll to object 'Object Repository/Общие объекты/Раскрыть список Россети Московский регион' successfully

03-12-2024T03:25:08 - [MESSAGE][PASSED] - Scroll to object 'Object Repository/Общие объекты/Раскрыть список Россети Московский регион' successfully

03-12-2024T03:25:08 - [TEST_STEP][PASSED] - click(findTestObject("Общие объекты/Раскрыть список Россети Московский регион")): Object: 'Object Repository/Общие объекты/Раскрыть список Россети Московский регион' is clicked on

03-12-2024T03:25:09 - [MESSAGE][PASSED] - Object: 'Object Repository/Общие объекты/Раскрыть список Россети Московский регион' is clicked on

03-12-2024T03:25:09 - [TEST_STEP][PASSED] - click(findTestObject("Общие объекты/Раскрыть список Россети Московский регион")): Object: 'Object Repository/Общие объекты/Раскрыть список Россети Московский регион' is clicked on

03-12-2024T03:25:10 - [MESSAGE][PASSED] - Object: 'Object Repository/Общие объекты/Раскрыть список Россети Московский регион' is clicked on

03-12-2024T03:25:10 - [TEST_STEP][PASSED] - click(findTestObject("Общие объекты/Московская область")): Object: 'Object Repository/Общие объекты/Московская область' is clicked on

03-12-2024T03:25:11 - [MESSAGE][PASSED] - Object: 'Object Repository/Общие объекты/Московская область' is clicked on

03-12-2024T03:25:11 - [TEST_STEP][PASSED] - Script1687405718449.Change(todaysDate, typeOfData): null

03-12-2024T03:25:11 - [TEST_STEP][PASSED] - scrollToElement(findTestObject("Факторный анализ/Заголовок дашборда"), 30): Scroll to object 'Object Repository/Факторный анализ/Заголовок дашборда' successfully

03-12-2024T03:25:11 - [MESSAGE][PASSED] - Scroll to object 'Object Repository/Факторный анализ/Заголовок дашборда' successfully

03-12-2024T03:25:11 - [TEST_STEP][PASSED] - click(findTestObject("Факторный анализ/Применить в фильтре ДЗО")): Object: 'Object Repository/Факторный анализ/Применить в фильтре ДЗО' is clicked on

03-12-2024T03:25:12 - [MESSAGE][PASSED] - Object: 'Object Repository/Факторный анализ/Применить в фильтре ДЗО' is clicked on

03-12-2024T03:25:12 - [TEST_STEP][PASSED] - typeOfData = "Филиал": null

03-12-2024T03:25:12 - [TEST_STEP][PASSED] - Script1687405718449.Test(todaysDate, typeOfData): null

03-12-2024T03:25:12 - [TEST_STEP][PASSED] - if (verifyTextNotPresent("нет данных", false) == true): null

03-12-2024T03:25:14 - [MESSAGE][PASSED] - Text 'нет данных' is not present on page

03-12-2024T03:25:14 - [TEST_STEP][PASSED] - if (verifyTextNotPresent("Ошибка запроса данных", false) == true): null

03-12-2024T03:25:15 - [MESSAGE][PASSED] - Text 'Ошибка запроса данных' is not present on page

03-12-2024T03:25:15 - [TEST_STEP][PASSED] - if (verifyTextNotPresent("Произошла ошибка при выполнении пользовательского кода", false) == true): null

03-12-2024T03:25:15 - [MESSAGE][PASSED] - Text 'Произошла ошибка при выполнении пользовательского кода' is not present on page

03-12-2024T03:25:15 - [TEST_STEP][PASSED] - if (verifyTextNotPresent("У виджета нет данных", false) == true): null

03-12-2024T03:25:16 - [MESSAGE][PASSED] - Text 'У виджета нет данных' is not present on page

03-12-2024T03:25:16 - [TEST_STEP][PASSED] - if (verifyTextNotPresent("У виджета нет данных", false) == true): Text 'У виджета нет данных' is not present on page

03-12-2024T03:25:16 - [MESSAGE][PASSED] - Text 'У виджета нет данных' is not present on page

03-12-2024T03:25:16 - [TEST_STEP][PASSED] - click(findTestObject("Факторный анализ/Переключить отображение с филиала на месяц")): Object: 'Object Repository/Факторный анализ/Переключить отображение с филиала на месяц' is clicked on

03-12-2024T03:25:16 - [MESSAGE][PASSED] - Object: 'Object Repository/Факторный анализ/Переключить отображение с филиала на месяц' is clicked on

03-12-2024T03:25:16 - [TEST_STEP][PASSED] - typeOfData = "Месяц": null

03-12-2024T03:25:16 - [TEST_STEP][PASSED] - Script1687405718449.Test(todaysDate, typeOfData): null

03-12-2024T03:25:16 - [TEST_STEP][PASSED] - if (verifyTextNotPresent("нет данных", false) == true): null

03-12-2024T03:25:17 - [MESSAGE][PASSED] - Text 'нет данных' is not present on page

03-12-2024T03:25:17 - [TEST_STEP][PASSED] - if (verifyTextNotPresent("Ошибка запроса данных", false) == true): null

03-12-2024T03:25:17 - [MESSAGE][PASSED] - Text 'Ошибка запроса данных' is not present on page

03-12-2024T03:25:17 - [TEST_STEP][PASSED] - if (verifyTextNotPresent("Произошла ошибка при выполнении пользовательского кода", false) == true): null

03-12-2024T03:25:18 - [MESSAGE][PASSED] - Text 'Произошла ошибка при выполнении пользовательского кода' is not present on page

03-12-2024T03:25:18 - [TEST_STEP][PASSED] - if (verifyTextNotPresent("У виджета нет данных", false) == true): null

03-12-2024T03:25:18 - [MESSAGE][PASSED] - Text 'У виджета нет данных' is not present on page

03-12-2024T03:25:18 - [TEST_STEP][PASSED] - if (verifyTextNotPresent("У виджета нет данных", false) == true): Text 'У виджета нет данных' is not present on page

03-12-2024T03:25:19 - [MESSAGE][PASSED] - Text 'У виджета нет данных' is not present on page

03-12-2024T03:25:19 - [TEST_STEP][PASSED] - click(findTestObject("Факторный анализ/Переключить отображение с месяца на филиал")): Object: 'Object Repository/Факторный анализ/Переключить отображение с месяца на филиал' is clicked on

03-12-2024T03:25:19 - [MESSAGE][PASSED] - Object: 'Object Repository/Факторный анализ/Переключить отображение с месяца на филиал' is clicked on

03-12-2024T03:25:19 - [TEST_STEP][PASSED] - click(findTestObject("Факторный анализ/Фильтр ДЗО")): Object: 'Object Repository/Факторный анализ/Фильтр ДЗО' is clicked on

03-12-2024T03:25:20 - [MESSAGE][PASSED] - Object: 'Object Repository/Факторный анализ/Фильтр ДЗО' is clicked on

03-12-2024T03:25:20 - [TEST_STEP][PASSED] - click(findTestObject("Факторный анализ/Снять выделение в фильтре ДЗО")): Object: 'Object Repository/Факторный анализ/Снять выделение в фильтре ДЗО' is clicked on

03-12-2024T03:25:20 - [MESSAGE][PASSED] - Object: 'Object Repository/Факторный анализ/Снять выделение в фильтре ДЗО' is clicked on

03-12-2024T03:25:20 - [TEST_STEP][PASSED] - scrollToElement(findTestObject("Общие объекты/Москва"), 30): Scroll to object 'Object Repository/Общие объекты/Москва' successfully

03-12-2024T03:25:20 - [MESSAGE][PASSED] - Scroll to object 'Object Repository/Общие объекты/Москва' successfully

03-12-2024T03:25:20 - [TEST_STEP][PASSED] - click(findTestObject("Общие объекты/Москва")): Object: 'Object Repository/Общие объекты/Москва' is clicked on

03-12-2024T03:25:21 - [MESSAGE][PASSED] - Object: 'Object Repository/Общие объекты/Москва' is clicked on

03-12-2024T03:25:21 - [TEST_STEP][PASSED] - Script1687405718449.Change(todaysDate, typeOfData): null

03-12-2024T03:25:21 - [TEST_STEP][PASSED] - scrollToElement(findTestObject("Факторный анализ/Заголовок дашборда"), 30): Scroll to object 'Object Repository/Факторный анализ/Заголовок дашборда' successfully

03-12-2024T03:25:21 - [MESSAGE][PASSED] - Scroll to object 'Object Repository/Факторный анализ/Заголовок дашборда' successfully

03-12-2024T03:25:21 - [TEST_STEP][PASSED] - click(findTestObject("Факторный анализ/Применить в фильтре ДЗО")): Object: 'Object Repository/Факторный анализ/Применить в фильтре ДЗО' is clicked on

03-12-2024T03:25:22 - [MESSAGE][PASSED] - Object: 'Object Repository/Факторный анализ/Применить в фильтре ДЗО' is clicked on

03-12-2024T03:25:22 - [TEST_STEP][PASSED] - typeOfData = "Филиал": null

03-12-2024T03:25:22 - [TEST_STEP][PASSED] - Script1687405718449.Test(todaysDate, typeOfData): null

03-12-2024T03:25:22 - [TEST_STEP][PASSED] - if (verifyTextNotPresent("нет данных", false) == true): null

03-12-2024T03:25:24 - [MESSAGE][PASSED] - Text 'нет данных' is not present on page

03-12-2024T03:25:24 - [TEST_STEP][PASSED] - if (verifyTextNotPresent("Ошибка запроса данных", false) == true): null

03-12-2024T03:25:24 - [MESSAGE][PASSED] - Text 'Ошибка запроса данных' is not present on page

03-12-2024T03:25:24 - [TEST_STEP][PASSED] - if (verifyTextNotPresent("Произошла ошибка при выполнении пользовательского кода", false) == true): null

03-12-2024T03:25:25 - [MESSAGE][PASSED] - Text 'Произошла ошибка при выполнении пользовательского кода' is not present on page

03-12-2024T03:25:25 - [TEST_STEP][PASSED] - if (verifyTextNotPresent("У виджета нет данных", false) == true): null

03-12-2024T03:25:25 - [MESSAGE][PASSED] - Text 'У виджета нет данных' is not present on page

03-12-2024T03:25:25 - [TEST_STEP][PASSED] - if (verifyTextNotPresent("У виджета нет данных", false) == true): Text 'У виджета нет данных' is not present on page

03-12-2024T03:25:26 - [MESSAGE][PASSED] - Text 'У виджета нет данных' is not present on page

03-12-2024T03:25:26 - [TEST_STEP][PASSED] - click(findTestObject("Факторный анализ/Переключить отображение с филиала на месяц")): Object: 'Object Repository/Факторный анализ/Переключить отображение с филиала на месяц' is clicked on

03-12-2024T03:25:26 - [MESSAGE][PASSED] - Object: 'Object Repository/Факторный анализ/Переключить отображение с филиала на месяц' is clicked on

03-12-2024T03:25:26 - [TEST_STEP][PASSED] - typeOfData = "Месяц": null

03-12-2024T03:25:26 - [TEST_STEP][PASSED] - Script1687405718449.Test(todaysDate, typeOfData): null

03-12-2024T03:25:26 - [TEST_STEP][PASSED] - if (verifyTextNotPresent("нет данных", false) == true): null

03-12-2024T03:25:27 - [MESSAGE][PASSED] - Text 'нет данных' is not present on page

03-12-2024T03:25:27 - [TEST_STEP][PASSED] - if (verifyTextNotPresent("Ошибка запроса данных", false) == true): null

03-12-2024T03:25:27 - [MESSAGE][PASSED] - Text 'Ошибка запроса данных' is not present on page

03-12-2024T03:25:27 - [TEST_STEP][PASSED] - if (verifyTextNotPresent("Произошла ошибка при выполнении пользовательского кода", false) == true): null

03-12-2024T03:25:28 - [MESSAGE][PASSED] - Text 'Произошла ошибка при выполнении пользовательского кода' is not present on page

03-12-2024T03:25:28 - [TEST_STEP][PASSED] - if (verifyTextNotPresent("У виджета нет данных", false) == true): null

03-12-2024T03:25:28 - [MESSAGE][PASSED] - Text 'У виджета нет данных' is not present on page

03-12-2024T03:25:28 - [TEST_STEP][PASSED] - if (verifyTextNotPresent("У виджета нет данных", false) == true): Text 'У виджета нет данных' is not present on page

03-12-2024T03:25:29 - [MESSAGE][PASSED] - Text 'У виджета нет данных' is not present on page

03-12-2024T03:25:29 - [TEST_STEP][PASSED] - click(findTestObject("Факторный анализ/Переключить отображение с месяца на филиал")): Object: 'Object Repository/Факторный анализ/Переключить отображение с месяца на филиал' is clicked on

03-12-2024T03:25:29 - [MESSAGE][PASSED] - Object: 'Object Repository/Факторный анализ/Переключить отображение с месяца на филиал' is clicked on

03-12-2024T03:25:29 - [TEST_STEP][PASSED] - click(findTestObject("Факторный анализ/Фильтр ДЗО")): Object: 'Object Repository/Факторный анализ/Фильтр ДЗО' is clicked on

03-12-2024T03:25:29 - [MESSAGE][PASSED] - Object: 'Object Repository/Факторный анализ/Фильтр ДЗО' is clicked on

03-12-2024T03:25:29 - [TEST_STEP][PASSED] - click(findTestObject("Факторный анализ/Снять выделение в фильтре ДЗО")): Object: 'Object Repository/Факторный анализ/Снять выделение в фильтре ДЗО' is clicked on

03-12-2024T03:25:30 - [MESSAGE][PASSED] - Object: 'Object Repository/Факторный анализ/Снять выделение в фильтре ДЗО' is clicked on

03-12-2024T03:25:30 - [TEST_STEP][PASSED] - scrollToElement(findTestObject("Общие объекты/Раскрыть список Россети Северный Кавказ"), 30): Scroll to object 'Object Repository/Общие объекты/Раскрыть список Россети Северный Кавказ' successfully

03-12-2024T03:25:30 - [MESSAGE][PASSED] - Scroll to object 'Object Repository/Общие объекты/Раскрыть список Россети Северный Кавказ' successfully

03-12-2024T03:25:30 - [TEST_STEP][PASSED] - click(findTestObject("Факторный анализ/Россети Северный Кавказ")): Object: 'Object Repository/Факторный анализ/Россети Северный Кавказ' is clicked on

03-12-2024T03:25:30 - [MESSAGE][PASSED] - Object: 'Object Repository/Факторный анализ/Россети Северный Кавказ' is clicked on

03-12-2024T03:25:30 - [TEST_STEP][PASSED] - Script1687405718449.Change(todaysDate, typeOfData): null

03-12-2024T03:25:30 - [TEST_STEP][PASSED] - scrollToElement(findTestObject("Факторный анализ/Заголовок дашборда"), 30): Scroll to object 'Object Repository/Факторный анализ/Заголовок дашборда' successfully

03-12-2024T03:25:31 - [MESSAGE][PASSED] - Scroll to object 'Object Repository/Факторный анализ/Заголовок дашборда' successfully

03-12-2024T03:25:31 - [TEST_STEP][PASSED] - click(findTestObject("Факторный анализ/Применить в фильтре ДЗО")): Object: 'Object Repository/Факторный анализ/Применить в фильтре ДЗО' is clicked on

03-12-2024T03:25:31 - [MESSAGE][PASSED] - Object: 'Object Repository/Факторный анализ/Применить в фильтре ДЗО' is clicked on

03-12-2024T03:25:31 - [TEST_STEP][PASSED] - typeOfData = "Филиал": null

03-12-2024T03:25:31 - [TEST_STEP][PASSED] - Script1687405718449.Test(todaysDate, typeOfData): null

03-12-2024T03:25:31 - [TEST_STEP][PASSED] - if (verifyTextNotPresent("нет данных", false) == true): null

03-12-2024T03:25:35 - [MESSAGE][PASSED] - Text 'нет данных' is not present on page

03-12-2024T03:25:35 - [TEST_STEP][PASSED] - if (verifyTextNotPresent("Ошибка запроса данных", false) == true): null

03-12-2024T03:25:35 - [MESSAGE][PASSED] - Text 'Ошибка запроса данных' is not present on page

03-12-2024T03:25:35 - [TEST_STEP][PASSED] - if (verifyTextNotPresent("Произошла ошибка при выполнении пользовательского кода", false) == true): null

03-12-2024T03:25:36 - [MESSAGE][PASSED] - Text 'Произошла ошибка при выполнении пользовательского кода' is not present on page

03-12-2024T03:25:36 - [TEST_STEP][PASSED] - if (verifyTextNotPresent("У виджета нет данных", false) == true): null

03-12-2024T03:25:36 - [MESSAGE][PASSED] - Text 'У виджета нет данных' is not present on page

03-12-2024T03:25:36 - [TEST_STEP][PASSED] - if (verifyTextNotPresent("У виджета нет данных", false) == true): Text 'У виджета нет данных' is not present on page

03-12-2024T03:25:37 - [MESSAGE][PASSED] - Text 'У виджета нет данных' is not present on page

03-12-2024T03:25:37 - [TEST_STEP][PASSED] - click(findTestObject("Факторный анализ/Переключить отображение с филиала на месяц")): Object: 'Object Repository/Факторный анализ/Переключить отображение с филиала на месяц' is clicked on

03-12-2024T03:25:37 - [MESSAGE][PASSED] - Object: 'Object Repository/Факторный анализ/Переключить отображение с филиала на месяц' is clicked on

03-12-2024T03:25:37 - [TEST_STEP][PASSED] - typeOfData = "Месяц": null

03-12-2024T03:25:37 - [TEST_STEP][PASSED] - Script1687405718449.Test(todaysDate, typeOfData): null

03-12-2024T03:25:37 - [TEST_STEP][PASSED] - if (verifyTextNotPresent("нет данных", false) == true): null

03-12-2024T03:25:38 - [MESSAGE][PASSED] - Text 'нет данных' is not present on page

03-12-2024T03:25:38 - [TEST_STEP][PASSED] - if (verifyTextNotPresent("Ошибка запроса данных", false) == true): null

03-12-2024T03:25:38 - [MESSAGE][PASSED] - Text 'Ошибка запроса данных' is not present on page

03-12-2024T03:25:38 - [TEST_STEP][PASSED] - if (verifyTextNotPresent("Произошла ошибка при выполнении пользовательского кода", false) == true): null

03-12-2024T03:25:39 - [MESSAGE][PASSED] - Text 'Произошла ошибка при выполнении пользовательского кода' is not present on page

03-12-2024T03:25:39 - [TEST_STEP][PASSED] - if (verifyTextNotPresent("У виджета нет данных", false) == true): null

03-12-2024T03:25:39 - [MESSAGE][PASSED] - Text 'У виджета нет данных' is not present on page

03-12-2024T03:25:39 - [TEST_STEP][PASSED] - if (verifyTextNotPresent("У виджета нет данных", false) == true): Text 'У виджета нет данных' is not present on page

03-12-2024T03:25:40 - [MESSAGE][PASSED] - Text 'У виджета нет данных' is not present on page

03-12-2024T03:25:40 - [TEST_STEP][PASSED] - click(findTestObject("Факторный анализ/Переключить отображение с месяца на филиал")): Object: 'Object Repository/Факторный анализ/Переключить отображение с месяца на филиал' is clicked on

03-12-2024T03:25:40 - [MESSAGE][PASSED] - Object: 'Object Repository/Факторный анализ/Переключить отображение с месяца на филиал' is clicked on

03-12-2024T03:25:40 - [TEST_STEP][PASSED] - click(findTestObject("Факторный анализ/Фильтр ДЗО")): Object: 'Object Repository/Факторный анализ/Фильтр ДЗО' is clicked on

03-12-2024T03:25:40 - [MESSAGE][PASSED] - Object: 'Object Repository/Факторный анализ/Фильтр ДЗО' is clicked on

03-12-2024T03:25:40 - [TEST_STEP][PASSED] - click(findTestObject("Факторный анализ/Снять выделение в фильтре ДЗО")): Object: 'Object Repository/Факторный анализ/Снять выделение в фильтре ДЗО' is clicked on

03-12-2024T03:25:41 - [MESSAGE][PASSED] - Object: 'Object Repository/Факторный анализ/Снять выделение в фильтре ДЗО' is clicked on

03-12-2024T03:25:41 - [TEST_STEP][PASSED] - scrollToElement(findTestObject("Общие объекты/Раскрыть список Россети Северный Кавказ"), 30): Scroll to object 'Object Repository/Общие объекты/Раскрыть список Россети Северный Кавказ' successfully

03-12-2024T03:25:41 - [MESSAGE][PASSED] - Scroll to object 'Object Repository/Общие объекты/Раскрыть список Россети Северный Кавказ' successfully

03-12-2024T03:25:41 - [TEST_STEP][PASSED] - click(findTestObject("Общие объекты/Раскрыть список Россети Северный Кавказ")): Object: 'Object Repository/Общие объекты/Раскрыть список Россети Северный Кавказ' is clicked on

03-12-2024T03:25:41 - [MESSAGE][PASSED] - Object: 'Object Repository/Общие объекты/Раскрыть список Россети Северный Кавказ' is clicked on

03-12-2024T03:25:41 - [TEST_STEP][PASSED] - click(findTestObject("Общие объекты/Раскрыть список Россети Северный Кавказ")): Object: 'Object Repository/Общие объекты/Раскрыть список Россети Северный Кавказ' is clicked on

03-12-2024T03:25:43 - [MESSAGE][PASSED] - Object: 'Object Repository/Общие объекты/Раскрыть список Россети Северный Кавказ' is clicked on

03-12-2024T03:25:43 - [TEST_STEP][PASSED] - scrollToElement(findTestObject("Общие объекты/Дагэнерго"), 30): Scroll to object 'Object Repository/Общие объекты/Дагэнерго' successfully

03-12-2024T03:25:43 - [MESSAGE][PASSED] - Scroll to object 'Object Repository/Общие объекты/Дагэнерго' successfully

03-12-2024T03:25:43 - [TEST_STEP][PASSED] - click(findTestObject("Общие объекты/Дагэнерго")): Object: 'Object Repository/Общие объекты/Дагэнерго' is clicked on

03-12-2024T03:25:44 - [MESSAGE][PASSED] - Object: 'Object Repository/Общие объекты/Дагэнерго' is clicked on

03-12-2024T03:25:44 - [TEST_STEP][PASSED] - Script1687405718449.Change(todaysDate, typeOfData): null

03-12-2024T03:25:44 - [TEST_STEP][PASSED] - scrollToElement(findTestObject("Факторный анализ/Заголовок дашборда"), 30): Scroll to object 'Object Repository/Факторный анализ/Заголовок дашборда' successfully

03-12-2024T03:25:44 - [MESSAGE][PASSED] - Scroll to object 'Object Repository/Факторный анализ/Заголовок дашборда' successfully

03-12-2024T03:25:44 - [TEST_STEP][PASSED] - click(findTestObject("Факторный анализ/Применить в фильтре ДЗО")): Object: 'Object Repository/Факторный анализ/Применить в фильтре ДЗО' is clicked on

03-12-2024T03:25:45 - [MESSAGE][PASSED] - Object: 'Object Repository/Факторный анализ/Применить в фильтре ДЗО' is clicked on

03-12-2024T03:25:45 - [TEST_STEP][PASSED] - typeOfData = "Филиал": null

03-12-2024T03:25:45 - [TEST_STEP][PASSED] - Script1687405718449.Test(todaysDate, typeOfData): null

03-12-2024T03:25:45 - [TEST_STEP][PASSED] - if (verifyTextNotPresent("нет данных", false) == true): null

03-12-2024T03:25:47 - [MESSAGE][PASSED] - Text 'нет данных' is not present on page

03-12-2024T03:25:47 - [TEST_STEP][PASSED] - if (verifyTextNotPresent("Ошибка запроса данных", false) == true): null

03-12-2024T03:25:48 - [MESSAGE][PASSED] - Text 'Ошибка запроса данных' is not present on page

03-12-2024T03:25:48 - [TEST_STEP][PASSED] - if (verifyTextNotPresent("Произошла ошибка при выполнении пользовательского кода", false) == true): null

03-12-2024T03:25:48 - [MESSAGE][PASSED] - Text 'Произошла ошибка при выполнении пользовательского кода' is not present on page

03-12-2024T03:25:48 - [TEST_STEP][PASSED] - if (verifyTextNotPresent("У виджета нет данных", false) == true): null

03-12-2024T03:25:49 - [MESSAGE][PASSED] - Text 'У виджета нет данных' is not present on page

03-12-2024T03:25:49 - [TEST_STEP][PASSED] - if (verifyTextNotPresent("У виджета нет данных", false) == true): Text 'У виджета нет данных' is not present on page

03-12-2024T03:25:49 - [MESSAGE][PASSED] - Text 'У виджета нет данных' is not present on page

03-12-2024T03:25:49 - [TEST_STEP][PASSED] - click(findTestObject("Факторный анализ/Переключить отображение с филиала на месяц")): Object: 'Object Repository/Факторный анализ/Переключить отображение с филиала на месяц' is clicked on

03-12-2024T03:25:49 - [MESSAGE][PASSED] - Object: 'Object Repository/Факторный анализ/Переключить отображение с филиала на месяц' is clicked on

03-12-2024T03:25:49 - [TEST_STEP][PASSED] - typeOfData = "Месяц": null

03-12-2024T03:25:49 - [TEST_STEP][PASSED] - Script1687405718449.Test(todaysDate, typeOfData): null

03-12-2024T03:25:49 - [TEST_STEP][PASSED] - if (verifyTextNotPresent("нет данных", false) == true): null

03-12-2024T03:25:50 - [MESSAGE][PASSED] - Text 'нет данных' is not present on page

03-12-2024T03:25:50 - [TEST_STEP][PASSED] - if (verifyTextNotPresent("Ошибка запроса данных", false) == true): null

03-12-2024T03:25:50 - [MESSAGE][PASSED] - Text 'Ошибка запроса данных' is not present on page

03-12-2024T03:25:50 - [TEST_STEP][PASSED] - if (verifyTextNotPresent("Произошла ошибка при выполнении пользовательского кода", false) == true): null

03-12-2024T03:25:51 - [MESSAGE][PASSED] - Text 'Произошла ошибка при выполнении пользовательского кода' is not present on page

03-12-2024T03:25:51 - [TEST_STEP][PASSED] - if (verifyTextNotPresent("У виджета нет данных", false) == true): null

03-12-2024T03:25:51 - [MESSAGE][PASSED] - Text 'У виджета нет данных' is not present on page

03-12-2024T03:25:51 - [TEST_STEP][PASSED] - if (verifyTextNotPresent("У виджета нет данных", false) == true): Text 'У виджета нет данных' is not present on page

03-12-2024T03:25:52 - [MESSAGE][PASSED] - Text 'У виджета нет данных' is not present on page

03-12-2024T03:25:52 - [TEST_STEP][PASSED] - click(findTestObject("Факторный анализ/Переключить отображение с месяца на филиал")): Object: 'Object Repository/Факторный анализ/Переключить отображение с месяца на филиал' is clicked on

03-12-2024T03:25:52 - [MESSAGE][PASSED] - Object: 'Object Repository/Факторный анализ/Переключить отображение с месяца на филиал' is clicked on

03-12-2024T03:25:52 - [TEST_STEP][PASSED] - click(findTestObject("Факторный анализ/Фильтр ДЗО")): Object: 'Object Repository/Факторный анализ/Фильтр ДЗО' is clicked on

03-12-2024T03:25:53 - [MESSAGE][PASSED] - Object: 'Object Repository/Факторный анализ/Фильтр ДЗО' is clicked on

03-12-2024T03:25:53 - [TEST_STEP][PASSED] - click(findTestObject("Факторный анализ/Снять выделение в фильтре ДЗО")): Object: 'Object Repository/Факторный анализ/Снять выделение в фильтре ДЗО' is clicked on

03-12-2024T03:25:53 - [MESSAGE][PASSED] - Object: 'Object Repository/Факторный анализ/Снять выделение в фильтре ДЗО' is clicked on

03-12-2024T03:25:53 - [TEST_STEP][PASSED] - scrollToElement(findTestObject("Общие объекты/Ингушэнерго"), 30): Scroll to object 'Object Repository/Общие объекты/Ингушэнерго' successfully

03-12-2024T03:25:53 - [MESSAGE][PASSED] - Scroll to object 'Object Repository/Общие объекты/Ингушэнерго' successfully

03-12-2024T03:25:53 - [TEST_STEP][PASSED] - click(findTestObject("Общие объекты/Ингушэнерго")): Object: 'Object Repository/Общие объекты/Ингушэнерго' is clicked on

03-12-2024T03:25:54 - [MESSAGE][PASSED] - Object: 'Object Repository/Общие объекты/Ингушэнерго' is clicked on

03-12-2024T03:25:54 - [TEST_STEP][PASSED] - Script1687405718449.Change(todaysDate, typeOfData): null

03-12-2024T03:25:54 - [TEST_STEP][PASSED] - scrollToElement(findTestObject("Факторный анализ/Заголовок дашборда"), 30): Scroll to object 'Object Repository/Факторный анализ/Заголовок дашборда' successfully

03-12-2024T03:25:54 - [MESSAGE][PASSED] - Scroll to object 'Object Repository/Факторный анализ/Заголовок дашборда' successfully

03-12-2024T03:25:54 - [TEST_STEP][PASSED] - click(findTestObject("Факторный анализ/Применить в фильтре ДЗО")): Object: 'Object Repository/Факторный анализ/Применить в фильтре ДЗО' is clicked on

03-12-2024T03:25:55 - [MESSAGE][PASSED] - Object: 'Object Repository/Факторный анализ/Применить в фильтре ДЗО' is clicked on

03-12-2024T03:25:55 - [TEST_STEP][PASSED] - typeOfData = "Филиал": null

03-12-2024T03:25:55 - [TEST_STEP][PASSED] - Script1687405718449.Test(todaysDate, typeOfData): null

03-12-2024T03:25:55 - [TEST_STEP][PASSED] - if (verifyTextNotPresent("нет данных", false) == true): null

03-12-2024T03:25:58 - [MESSAGE][PASSED] - Text 'нет данных' is not present on page

03-12-2024T03:25:58 - [TEST_STEP][PASSED] - if (verifyTextNotPresent("Ошибка запроса данных", false) == true): null

03-12-2024T03:25:58 - [MESSAGE][PASSED] - Text 'Ошибка запроса данных' is not present on page

03-12-2024T03:25:58 - [TEST_STEP][PASSED] - if (verifyTextNotPresent("Произошла ошибка при выполнении пользовательского кода", false) == true): null

03-12-2024T03:25:59 - [MESSAGE][PASSED] - Text 'Произошла ошибка при выполнении пользовательского кода' is not present on page

03-12-2024T03:25:59 - [TEST_STEP][PASSED] - if (verifyTextNotPresent("У виджета нет данных", false) == true): null

03-12-2024T03:25:59 - [MESSAGE][PASSED] - Text 'У виджета нет данных' is not present on page

03-12-2024T03:25:59 - [TEST_STEP][PASSED] - if (verifyTextNotPresent("У виджета нет данных", false) == true): Text 'У виджета нет данных' is not present on page

03-12-2024T03:26:00 - [MESSAGE][PASSED] - Text 'У виджета нет данных' is not present on page

03-12-2024T03:26:00 - [TEST_STEP][PASSED] - click(findTestObject("Факторный анализ/Переключить отображение с филиала на месяц")): Object: 'Object Repository/Факторный анализ/Переключить отображение с филиала на месяц' is clicked on

03-12-2024T03:26:00 - [MESSAGE][PASSED] - Object: 'Object Repository/Факторный анализ/Переключить отображение с филиала на месяц' is clicked on

03-12-2024T03:26:00 - [TEST_STEP][PASSED] - typeOfData = "Месяц": null

03-12-2024T03:26:00 - [TEST_STEP][PASSED] - Script1687405718449.Test(todaysDate, typeOfData): null

03-12-2024T03:26:00 - [TEST_STEP][PASSED] - if (verifyTextNotPresent("нет данных", false) == true): null

03-12-2024T03:26:00 - [MESSAGE][PASSED] - Text 'нет данных' is not present on page

03-12-2024T03:26:00 - [TEST_STEP][PASSED] - if (verifyTextNotPresent("Ошибка запроса данных", false) == true): null

03-12-2024T03:26:01 - [MESSAGE][PASSED] - Text 'Ошибка запроса данных' is not present on page

03-12-2024T03:26:01 - [TEST_STEP][PASSED] - if (verifyTextNotPresent("Произошла ошибка при выполнении пользовательского кода", false) == true): null

03-12-2024T03:26:01 - [MESSAGE][PASSED] - Text 'Произошла ошибка при выполнении пользовательского кода' is not present on page

03-12-2024T03:26:01 - [TEST_STEP][PASSED] - if (verifyTextNotPresent("У виджета нет данных", false) == true): null

03-12-2024T03:26:02 - [MESSAGE][PASSED] - Text 'У виджета нет данных' is not present on page

03-12-2024T03:26:02 - [TEST_STEP][PASSED] - if (verifyTextNotPresent("У виджета нет данных", false) == true): Text 'У виджета нет данных' is not present on page

03-12-2024T03:26:02 - [MESSAGE][PASSED] - Text 'У виджета нет данных' is not present on page

03-12-2024T03:26:02 - [TEST_STEP][PASSED] - click(findTestObject("Факторный анализ/Переключить отображение с месяца на филиал")): Object: 'Object Repository/Факторный анализ/Переключить отображение с месяца на филиал' is clicked on

03-12-2024T03:26:03 - [MESSAGE][PASSED] - Object: 'Object Repository/Факторный анализ/Переключить отображение с месяца на филиал' is clicked on

03-12-2024T03:26:03 - [TEST_STEP][PASSED] - click(findTestObject("Факторный анализ/Фильтр ДЗО")): Object: 'Object Repository/Факторный анализ/Фильтр ДЗО' is clicked on

03-12-2024T03:26:03 - [MESSAGE][PASSED] - Object: 'Object Repository/Факторный анализ/Фильтр ДЗО' is clicked on

03-12-2024T03:26:03 - [TEST_STEP][PASSED] - click(findTestObject("Факторный анализ/Снять выделение в фильтре ДЗО")): Object: 'Object Repository/Факторный анализ/Снять выделение в фильтре ДЗО' is clicked on

03-12-2024T03:26:03 - [MESSAGE][PASSED] - Object: 'Object Repository/Факторный анализ/Снять выделение в фильтре ДЗО' is clicked on

03-12-2024T03:26:03 - [TEST_STEP][PASSED] - scrollToElement(findTestObject("Общие объекты/Каббалкэнерго"), 30): Scroll to object 'Object Repository/Общие объекты/Каббалкэнерго' successfully

03-12-2024T03:26:04 - [MESSAGE][PASSED] - Scroll to object 'Object Repository/Общие объекты/Каббалкэнерго' successfully

03-12-2024T03:26:04 - [TEST_STEP][PASSED] - click(findTestObject("Общие объекты/Каббалкэнерго")): Object: 'Object Repository/Общие объекты/Каббалкэнерго' is clicked on

03-12-2024T03:26:04 - [MESSAGE][PASSED] - Object: 'Object Repository/Общие объекты/Каббалкэнерго' is clicked on

03-12-2024T03:26:04 - [TEST_STEP][PASSED] - Script1687405718449.Change(todaysDate, typeOfData): null

03-12-2024T03:26:04 - [TEST_STEP][PASSED] - scrollToElement(findTestObject("Факторный анализ/Заголовок дашборда"), 30): Scroll to object 'Object Repository/Факторный анализ/Заголовок дашборда' successfully

03-12-2024T03:26:04 - [MESSAGE][PASSED] - Scroll to object 'Object Repository/Факторный анализ/Заголовок дашборда' successfully

03-12-2024T03:26:04 - [TEST_STEP][PASSED] - click(findTestObject("Факторный анализ/Применить в фильтре ДЗО")): Object: 'Object Repository/Факторный анализ/Применить в фильтре ДЗО' is clicked on

03-12-2024T03:26:05 - [MESSAGE][PASSED] - Object: 'Object Repository/Факторный анализ/Применить в фильтре ДЗО' is clicked on

03-12-2024T03:26:05 - [TEST_STEP][PASSED] - typeOfData = "Филиал": null

03-12-2024T03:26:05 - [TEST_STEP][PASSED] - Script1687405718449.Test(todaysDate, typeOfData): null

03-12-2024T03:26:05 - [TEST_STEP][PASSED] - if (verifyTextNotPresent("нет данных", false) == true): null

03-12-2024T03:26:08 - [MESSAGE][PASSED] - Text 'нет данных' is not present on page

03-12-2024T03:26:08 - [TEST_STEP][PASSED] - if (verifyTextNotPresent("Ошибка запроса данных", false) == true): null

03-12-2024T03:26:08 - [MESSAGE][PASSED] - Text 'Ошибка запроса данных' is not present on page

03-12-2024T03:26:08 - [TEST_STEP][PASSED] - if (verifyTextNotPresent("Произошла ошибка при выполнении пользовательского кода", false) == true): null

03-12-2024T03:26:09 - [MESSAGE][PASSED] - Text 'Произошла ошибка при выполнении пользовательского кода' is not present on page

03-12-2024T03:26:09 - [TEST_STEP][PASSED] - if (verifyTextNotPresent("У виджета нет данных", false) == true): null

03-12-2024T03:26:09 - [MESSAGE][PASSED] - Text 'У виджета нет данных' is not present on page

03-12-2024T03:26:09 - [TEST_STEP][PASSED] - if (verifyTextNotPresent("У виджета нет данных", false) == true): Text 'У виджета нет данных' is not present on page

03-12-2024T03:26:10 - [MESSAGE][PASSED] - Text 'У виджета нет данных' is not present on page

03-12-2024T03:26:10 - [TEST_STEP][PASSED] - click(findTestObject("Факторный анализ/Переключить отображение с филиала на месяц")): Object: 'Object Repository/Факторный анализ/Переключить отображение с филиала на месяц' is clicked on

03-12-2024T03:26:10 - [MESSAGE][PASSED] - Object: 'Object Repository/Факторный анализ/Переключить отображение с филиала на месяц' is clicked on

03-12-2024T03:26:10 - [TEST_STEP][PASSED] - typeOfData = "Месяц": null

03-12-2024T03:26:10 - [TEST_STEP][PASSED] - Script1687405718449.Test(todaysDate, typeOfData): null

03-12-2024T03:26:10 - [TEST_STEP][PASSED] - if (verifyTextNotPresent("нет данных", false) == true): null

03-12-2024T03:26:10 - [MESSAGE][PASSED] - Text 'нет данных' is not present on page

03-12-2024T03:26:10 - [TEST_STEP][PASSED] - if (verifyTextNotPresent("Ошибка запроса данных", false) == true): null

03-12-2024T03:26:11 - [MESSAGE][PASSED] - Text 'Ошибка запроса данных' is not present on page

03-12-2024T03:26:11 - [TEST_STEP][PASSED] - if (verifyTextNotPresent("Произошла ошибка при выполнении пользовательского кода", false) == true): null

03-12-2024T03:26:11 - [MESSAGE][PASSED] - Text 'Произошла ошибка при выполнении пользовательского кода' is not present on page

03-12-2024T03:26:11 - [TEST_STEP][PASSED] - if (verifyTextNotPresent("У виджета нет данных", false) == true): null

03-12-2024T03:26:12 - [MESSAGE][PASSED] - Text 'У виджета нет данных' is not present on page

03-12-2024T03:26:12 - [TEST_STEP][PASSED] - if (verifyTextNotPresent("У виджета нет данных", false) == true): Text 'У виджета нет данных' is not present on page

03-12-2024T03:26:12 - [MESSAGE][PASSED] - Text 'У виджета нет данных' is not present on page

03-12-2024T03:26:12 - [TEST_STEP][PASSED] - click(findTestObject("Факторный анализ/Переключить отображение с месяца на филиал")): Object: 'Object Repository/Факторный анализ/Переключить отображение с месяца на филиал' is clicked on

03-12-2024T03:26:13 - [MESSAGE][PASSED] - Object: 'Object Repository/Факторный анализ/Переключить отображение с месяца на филиал' is clicked on

03-12-2024T03:26:13 - [TEST_STEP][PASSED] - click(findTestObject("Факторный анализ/Фильтр ДЗО")): Object: 'Object Repository/Факторный анализ/Фильтр ДЗО' is clicked on

03-12-2024T03:26:13 - [MESSAGE][PASSED] - Object: 'Object Repository/Факторный анализ/Фильтр ДЗО' is clicked on

03-12-2024T03:26:13 - [TEST_STEP][PASSED] - click(findTestObject("Факторный анализ/Снять выделение в фильтре ДЗО")): Object: 'Object Repository/Факторный анализ/Снять выделение в фильтре ДЗО' is clicked on

03-12-2024T03:26:13 - [MESSAGE][PASSED] - Object: 'Object Repository/Факторный анализ/Снять выделение в фильтре ДЗО' is clicked on

03-12-2024T03:26:13 - [TEST_STEP][PASSED] - scrollToElement(findTestObject("Общие объекты/Карачаево-Черкесскэнерго"), 30): Scroll to object 'Object Repository/Общие объекты/Карачаево-Черкесскэнерго' successfully

03-12-2024T03:26:14 - [MESSAGE][PASSED] - Scroll to object 'Object Repository/Общие объекты/Карачаево-Черкесскэнерго' successfully

03-12-2024T03:26:14 - [TEST_STEP][PASSED] - click(findTestObject("Общие объекты/Карачаево-Черкесскэнерго")): Object: 'Object Repository/Общие объекты/Карачаево-Черкесскэнерго' is clicked on

03-12-2024T03:26:14 - [MESSAGE][PASSED] - Object: 'Object Repository/Общие объекты/Карачаево-Черкесскэнерго' is clicked on

03-12-2024T03:26:14 - [TEST_STEP][PASSED] - Script1687405718449.Change(todaysDate, typeOfData): null

03-12-2024T03:26:14 - [TEST_STEP][PASSED] - scrollToElement(findTestObject("Факторный анализ/Заголовок дашборда"), 30): Scroll to object 'Object Repository/Факторный анализ/Заголовок дашборда' successfully

03-12-2024T03:26:15 - [MESSAGE][PASSED] - Scroll to object 'Object Repository/Факторный анализ/Заголовок дашборда' successfully

03-12-2024T03:26:15 - [TEST_STEP][PASSED] - click(findTestObject("Факторный анализ/Применить в фильтре ДЗО")): Object: 'Object Repository/Факторный анализ/Применить в фильтре ДЗО' is clicked on

03-12-2024T03:26:15 - [MESSAGE][PASSED] - Object: 'Object Repository/Факторный анализ/Применить в фильтре ДЗО' is clicked on

03-12-2024T03:26:15 - [TEST_STEP][PASSED] - typeOfData = "Филиал": null

03-12-2024T03:26:15 - [TEST_STEP][PASSED] - Script1687405718449.Test(todaysDate, typeOfData): null

03-12-2024T03:26:15 - [TEST_STEP][PASSED] - if (verifyTextNotPresent("нет данных", false) == true): null

03-12-2024T03:26:18 - [MESSAGE][PASSED] - Text 'нет данных' is not present on page

03-12-2024T03:26:18 - [TEST_STEP][PASSED] - if (verifyTextNotPresent("Ошибка запроса данных", false) == true): null

03-12-2024T03:26:18 - [MESSAGE][PASSED] - Text 'Ошибка запроса данных' is not present on page

03-12-2024T03:26:18 - [TEST_STEP][PASSED] - if (verifyTextNotPresent("Произошла ошибка при выполнении пользовательского кода", false) == true): null

03-12-2024T03:26:19 - [MESSAGE][PASSED] - Text 'Произошла ошибка при выполнении пользовательского кода' is not present on page

03-12-2024T03:26:19 - [TEST_STEP][PASSED] - if (verifyTextNotPresent("У виджета нет данных", false) == true): null

03-12-2024T03:26:19 - [MESSAGE][PASSED] - Text 'У виджета нет данных' is not present on page

03-12-2024T03:26:19 - [TEST_STEP][PASSED] - if (verifyTextNotPresent("У виджета нет данных", false) == true): Text 'У виджета нет данных' is not present on page

03-12-2024T03:26:20 - [MESSAGE][PASSED] - Text 'У виджета нет данных' is not present on page

03-12-2024T03:26:20 - [TEST_STEP][PASSED] - click(findTestObject("Факторный анализ/Переключить отображение с филиала на месяц")): Object: 'Object Repository/Факторный анализ/Переключить отображение с филиала на месяц' is clicked on

03-12-2024T03:26:20 - [MESSAGE][PASSED] - Object: 'Object Repository/Факторный анализ/Переключить отображение с филиала на месяц' is clicked on

03-12-2024T03:26:20 - [TEST_STEP][PASSED] - typeOfData = "Месяц": null

03-12-2024T03:26:20 - [TEST_STEP][PASSED] - Script1687405718449.Test(todaysDate, typeOfData): null

03-12-2024T03:26:20 - [TEST_STEP][PASSED] - if (verifyTextNotPresent("нет данных", false) == true): null

03-12-2024T03:26:20 - [MESSAGE][PASSED] - Text 'нет данных' is not present on page

03-12-2024T03:26:20 - [TEST_STEP][PASSED] - if (verifyTextNotPresent("Ошибка запроса данных", false) == true): null

03-12-2024T03:26:21 - [MESSAGE][PASSED] - Text 'Ошибка запроса данных' is not present on page

03-12-2024T03:26:21 - [TEST_STEP][PASSED] - if (verifyTextNotPresent("Произошла ошибка при выполнении пользовательского кода", false) == true): null

03-12-2024T03:26:21 - [MESSAGE][PASSED] - Text 'Произошла ошибка при выполнении пользовательского кода' is not present on page

03-12-2024T03:26:21 - [TEST_STEP][PASSED] - if (verifyTextNotPresent("У виджета нет данных", false) == true): null

03-12-2024T03:26:22 - [MESSAGE][PASSED] - Text 'У виджета нет данных' is not present on page

03-12-2024T03:26:22 - [TEST_STEP][PASSED] - if (verifyTextNotPresent("У виджета нет данных", false) == true): Text 'У виджета нет данных' is not present on page

03-12-2024T03:26:22 - [MESSAGE][PASSED] - Text 'У виджета нет данных' is not present on page

03-12-2024T03:26:22 - [TEST_STEP][PASSED] - click(findTestObject("Факторный анализ/Переключить отображение с месяца на филиал")): Object: 'Object Repository/Факторный анализ/Переключить отображение с месяца на филиал' is clicked on

03-12-2024T03:26:23 - [MESSAGE][PASSED] - Object: 'Object Repository/Факторный анализ/Переключить отображение с месяца на филиал' is clicked on

03-12-2024T03:26:23 - [TEST_STEP][PASSED] - click(findTestObject("Факторный анализ/Фильтр ДЗО")): Object: 'Object Repository/Факторный анализ/Фильтр ДЗО' is clicked on

03-12-2024T03:26:23 - [MESSAGE][PASSED] - Object: 'Object Repository/Факторный анализ/Фильтр ДЗО' is clicked on

03-12-2024T03:26:23 - [TEST_STEP][PASSED] - click(findTestObject("Факторный анализ/Снять выделение в фильтре ДЗО")): Object: 'Object Repository/Факторный анализ/Снять выделение в фильтре ДЗО' is clicked on

03-12-2024T03:26:23 - [MESSAGE][PASSED] - Object: 'Object Repository/Факторный анализ/Снять выделение в фильтре ДЗО' is clicked on

03-12-2024T03:26:23 - [TEST_STEP][PASSED] - scrollToElement(findTestObject("Общие объекты/Севкавказэнерго"), 30): Scroll to object 'Object Repository/Общие объекты/Севкавказэнерго' successfully

03-12-2024T03:26:24 - [MESSAGE][PASSED] - Scroll to object 'Object Repository/Общие объекты/Севкавказэнерго' successfully

03-12-2024T03:26:24 - [TEST_STEP][PASSED] - click(findTestObject("Общие объекты/Севкавказэнерго")): Object: 'Object Repository/Общие объекты/Севкавказэнерго' is clicked on

03-12-2024T03:26:24 - [MESSAGE][PASSED] - Object: 'Object Repository/Общие объекты/Севкавказэнерго' is clicked on

03-12-2024T03:26:24 - [TEST_STEP][PASSED] - Script1687405718449.Change(todaysDate, typeOfData): null

03-12-2024T03:26:24 - [TEST_STEP][PASSED] - scrollToElement(findTestObject("Факторный анализ/Заголовок дашборда"), 30): Scroll to object 'Object Repository/Факторный анализ/Заголовок дашборда' successfully

03-12-2024T03:26:24 - [MESSAGE][PASSED] - Scroll to object 'Object Repository/Факторный анализ/Заголовок дашборда' successfully

03-12-2024T03:26:24 - [TEST_STEP][PASSED] - click(findTestObject("Факторный анализ/Применить в фильтре ДЗО")): Object: 'Object Repository/Факторный анализ/Применить в фильтре ДЗО' is clicked on

03-12-2024T03:26:25 - [MESSAGE][PASSED] - Object: 'Object Repository/Факторный анализ/Применить в фильтре ДЗО' is clicked on

03-12-2024T03:26:25 - [TEST_STEP][PASSED] - typeOfData = "Филиал": null

03-12-2024T03:26:25 - [TEST_STEP][PASSED] - Script1687405718449.Test(todaysDate, typeOfData): null

03-12-2024T03:26:25 - [TEST_STEP][PASSED] - if (verifyTextNotPresent("нет данных", false) == true): null

03-12-2024T03:26:28 - [MESSAGE][PASSED] - Text 'нет данных' is not present on page

03-12-2024T03:26:28 - [TEST_STEP][PASSED] - if (verifyTextNotPresent("Ошибка запроса данных", false) == true): null

03-12-2024T03:26:28 - [MESSAGE][PASSED] - Text 'Ошибка запроса данных' is not present on page

03-12-2024T03:26:28 - [TEST_STEP][PASSED] - if (verifyTextNotPresent("Произошла ошибка при выполнении пользовательского кода", false) == true): null

03-12-2024T03:26:29 - [MESSAGE][PASSED] - Text 'Произошла ошибка при выполнении пользовательского кода' is not present on page

03-12-2024T03:26:29 - [TEST_STEP][PASSED] - if (verifyTextNotPresent("У виджета нет данных", false) == true): null

03-12-2024T03:26:29 - [MESSAGE][PASSED] - Text 'У виджета нет данных' is not present on page

03-12-2024T03:26:29 - [TEST_STEP][PASSED] - if (verifyTextNotPresent("У виджета нет данных", false) == true): Text 'У виджета нет данных' is not present on page

03-12-2024T03:26:30 - [MESSAGE][PASSED] - Text 'У виджета нет данных' is not present on page

03-12-2024T03:26:30 - [TEST_STEP][PASSED] - click(findTestObject("Факторный анализ/Переключить отображение с филиала на месяц")): Object: 'Object Repository/Факторный анализ/Переключить отображение с филиала на месяц' is clicked on

03-12-2024T03:26:30 - [MESSAGE][PASSED] - Object: 'Object Repository/Факторный анализ/Переключить отображение с филиала на месяц' is clicked on

03-12-2024T03:26:30 - [TEST_STEP][PASSED] - typeOfData = "Месяц": null

03-12-2024T03:26:30 - [TEST_STEP][PASSED] - Script1687405718449.Test(todaysDate, typeOfData): null

03-12-2024T03:26:30 - [TEST_STEP][PASSED] - if (verifyTextNotPresent("нет данных", false) == true): null

03-12-2024T03:26:31 - [MESSAGE][PASSED] - Text 'нет данных' is not present on page

03-12-2024T03:26:31 - [TEST_STEP][PASSED] - if (verifyTextNotPresent("Ошибка запроса данных", false) == true): null

03-12-2024T03:26:31 - [MESSAGE][PASSED] - Text 'Ошибка запроса данных' is not present on page

03-12-2024T03:26:31 - [TEST_STEP][PASSED] - if (verifyTextNotPresent("Произошла ошибка при выполнении пользовательского кода", false) == true): null

03-12-2024T03:26:32 - [MESSAGE][PASSED] - Text 'Произошла ошибка при выполнении пользовательского кода' is not present on page

03-12-2024T03:26:32 - [TEST_STEP][PASSED] - if (verifyTextNotPresent("У виджета нет данных", false) == true): null

03-12-2024T03:26:32 - [MESSAGE][PASSED] - Text 'У виджета нет данных' is not present on page

03-12-2024T03:26:32 - [TEST_STEP][PASSED] - if (verifyTextNotPresent("У виджета нет данных", false) == true): Text 'У виджета нет данных' is not present on page

03-12-2024T03:26:32 - [MESSAGE][PASSED] - Text 'У виджета нет данных' is not present on page

03-12-2024T03:26:32 - [TEST_STEP][PASSED] - click(findTestObject("Факторный анализ/Переключить отображение с месяца на филиал")): Object: 'Object Repository/Факторный анализ/Переключить отображение с месяца на филиал' is clicked on

03-12-2024T03:26:33 - [MESSAGE][PASSED] - Object: 'Object Repository/Факторный анализ/Переключить отображение с месяца на филиал' is clicked on

03-12-2024T03:26:33 - [TEST_STEP][PASSED] - click(findTestObject("Факторный анализ/Фильтр ДЗО")): Object: 'Object Repository/Факторный анализ/Фильтр ДЗО' is clicked on

03-12-2024T03:26:33 - [MESSAGE][PASSED] - Object: 'Object Repository/Факторный анализ/Фильтр ДЗО' is clicked on

03-12-2024T03:26:33 - [TEST_STEP][PASSED] - click(findTestObject("Факторный анализ/Снять выделение в фильтре ДЗО")): Object: 'Object Repository/Факторный анализ/Снять выделение в фильтре ДЗО' is clicked on

03-12-2024T03:26:34 - [MESSAGE][PASSED] - Object: 'Object Repository/Факторный анализ/Снять выделение в фильтре ДЗО' is clicked on

03-12-2024T03:26:34 - [TEST_STEP][PASSED] - scrollToElement(findTestObject("Общие объекты/Ставропольэнерго"), 30): Scroll to object 'Object Repository/Общие объекты/Ставропольэнерго' successfully

03-12-2024T03:26:34 - [MESSAGE][PASSED] - Scroll to object 'Object Repository/Общие объекты/Ставропольэнерго' successfully

03-12-2024T03:26:34 - [TEST_STEP][PASSED] - click(findTestObject("Общие объекты/Ставропольэнерго")): Object: 'Object Repository/Общие объекты/Ставропольэнерго' is clicked on

03-12-2024T03:26:34 - [MESSAGE][PASSED] - Object: 'Object Repository/Общие объекты/Ставропольэнерго' is clicked on

03-12-2024T03:26:34 - [TEST_STEP][PASSED] - Script1687405718449.Change(todaysDate, typeOfData): null

03-12-2024T03:26:34 - [TEST_STEP][PASSED] - scrollToElement(findTestObject("Факторный анализ/Заголовок дашборда"), 30): Scroll to object 'Object Repository/Факторный анализ/Заголовок дашборда' successfully

03-12-2024T03:26:35 - [MESSAGE][PASSED] - Scroll to object 'Object Repository/Факторный анализ/Заголовок дашборда' successfully

03-12-2024T03:26:35 - [TEST_STEP][PASSED] - click(findTestObject("Факторный анализ/Применить в фильтре ДЗО")): Object: 'Object Repository/Факторный анализ/Применить в фильтре ДЗО' is clicked on

03-12-2024T03:26:35 - [MESSAGE][PASSED] - Object: 'Object Repository/Факторный анализ/Применить в фильтре ДЗО' is clicked on

03-12-2024T03:26:35 - [TEST_STEP][PASSED] - typeOfData = "Филиал": null

03-12-2024T03:26:35 - [TEST_STEP][PASSED] - Script1687405718449.Test(todaysDate, typeOfData): null

03-12-2024T03:26:35 - [TEST_STEP][PASSED] - if (verifyTextNotPresent("нет данных", false) == true): null

03-12-2024T03:26:39 - [MESSAGE][PASSED] - Text 'нет данных' is not present on page

03-12-2024T03:26:39 - [TEST_STEP][PASSED] - if (verifyTextNotPresent("Ошибка запроса данных", false) == true): null

03-12-2024T03:26:39 - [MESSAGE][PASSED] - Text 'Ошибка запроса данных' is not present on page

03-12-2024T03:26:39 - [TEST_STEP][PASSED] - if (verifyTextNotPresent("Произошла ошибка при выполнении пользовательского кода", false) == true): null

03-12-2024T03:26:40 - [MESSAGE][PASSED] - Text 'Произошла ошибка при выполнении пользовательского кода' is not present on page

03-12-2024T03:26:40 - [TEST_STEP][PASSED] - if (verifyTextNotPresent("У виджета нет данных", false) == true): null

03-12-2024T03:26:40 - [MESSAGE][PASSED] - Text 'У виджета нет данных' is not present on page

03-12-2024T03:26:40 - [TEST_STEP][PASSED] - if (verifyTextNotPresent("У виджета нет данных", false) == true): Text 'У виджета нет данных' is not present on page

03-12-2024T03:26:41 - [MESSAGE][PASSED] - Text 'У виджета нет данных' is not present on page

03-12-2024T03:26:41 - [TEST_STEP][PASSED] - click(findTestObject("Факторный анализ/Переключить отображение с филиала на месяц")): Object: 'Object Repository/Факторный анализ/Переключить отображение с филиала на месяц' is clicked on

03-12-2024T03:26:41 - [MESSAGE][PASSED] - Object: 'Object Repository/Факторный анализ/Переключить отображение с филиала на месяц' is clicked on

03-12-2024T03:26:41 - [TEST_STEP][PASSED] - typeOfData = "Месяц": null

03-12-2024T03:26:41 - [TEST_STEP][PASSED] - Script1687405718449.Test(todaysDate, typeOfData): null

03-12-2024T03:26:41 - [TEST_STEP][PASSED] - if (verifyTextNotPresent("нет данных", false) == true): null

03-12-2024T03:26:42 - [MESSAGE][PASSED] - Text 'нет данных' is not present on page

03-12-2024T03:26:42 - [TEST_STEP][PASSED] - if (verifyTextNotPresent("Ошибка запроса данных", false) == true): null

03-12-2024T03:26:42 - [MESSAGE][PASSED] - Text 'Ошибка запроса данных' is not present on page

03-12-2024T03:26:42 - [TEST_STEP][PASSED] - if (verifyTextNotPresent("Произошла ошибка при выполнении пользовательского кода", false) == true): null

03-12-2024T03:26:43 - [MESSAGE][PASSED] - Text 'Произошла ошибка при выполнении пользовательского кода' is not present on page

03-12-2024T03:26:43 - [TEST_STEP][PASSED] - if (verifyTextNotPresent("У виджета нет данных", false) == true): null

03-12-2024T03:26:43 - [MESSAGE][PASSED] - Text 'У виджета нет данных' is not present on page

03-12-2024T03:26:43 - [TEST_STEP][PASSED] - if (verifyTextNotPresent("У виджета нет данных", false) == true): Text 'У виджета нет данных' is not present on page

03-12-2024T03:26:44 - [MESSAGE][PASSED] - Text 'У виджета нет данных' is not present on page

03-12-2024T03:26:44 - [TEST_STEP][PASSED] - click(findTestObject("Факторный анализ/Переключить отображение с месяца на филиал")): Object: 'Object Repository/Факторный анализ/Переключить отображение с месяца на филиал' is clicked on

03-12-2024T03:26:44 - [MESSAGE][PASSED] - Object: 'Object Repository/Факторный анализ/Переключить отображение с месяца на филиал' is clicked on

03-12-2024T03:26:44 - [TEST_STEP][PASSED] - click(findTestObject("Факторный анализ/Фильтр ДЗО")): Object: 'Object Repository/Факторный анализ/Фильтр ДЗО' is clicked on

03-12-2024T03:26:44 - [MESSAGE][PASSED] - Object: 'Object Repository/Факторный анализ/Фильтр ДЗО' is clicked on

03-12-2024T03:26:44 - [TEST_STEP][PASSED] - click(findTestObject("Факторный анализ/Снять выделение в фильтре ДЗО")): Object: 'Object Repository/Факторный анализ/Снять выделение в фильтре ДЗО' is clicked on

03-12-2024T03:26:45 - [MESSAGE][PASSED] - Object: 'Object Repository/Факторный анализ/Снять выделение в фильтре ДЗО' is clicked on

03-12-2024T03:26:45 - [TEST_STEP][PASSED] - scrollToElement(findTestObject("Общие объекты/Раскрыть список Россети Северо-Запад"), 30): Scroll to object 'Object Repository/Общие объекты/Раскрыть список Россети Северо-Запад' successfully

03-12-2024T03:26:45 - [MESSAGE][PASSED] - Scroll to object 'Object Repository/Общие объекты/Раскрыть список Россети Северо-Запад' successfully

03-12-2024T03:26:45 - [TEST_STEP][PASSED] - click(findTestObject("Факторный анализ/Россети Северо-Запад")): Object: 'Object Repository/Факторный анализ/Россети Северо-Запад' is clicked on

03-12-2024T03:26:45 - [MESSAGE][PASSED] - Object: 'Object Repository/Факторный анализ/Россети Северо-Запад' is clicked on

03-12-2024T03:26:45 - [TEST_STEP][PASSED] - Script1687405718449.Change(todaysDate, typeOfData): null

03-12-2024T03:26:45 - [TEST_STEP][PASSED] - scrollToElement(findTestObject("Факторный анализ/Заголовок дашборда"), 30): Scroll to object 'Object Repository/Факторный анализ/Заголовок дашборда' successfully

03-12-2024T03:26:46 - [MESSAGE][PASSED] - Scroll to object 'Object Repository/Факторный анализ/Заголовок дашборда' successfully

03-12-2024T03:26:46 - [TEST_STEP][PASSED] - click(findTestObject("Факторный анализ/Применить в фильтре ДЗО")): Object: 'Object Repository/Факторный анализ/Применить в фильтре ДЗО' is clicked on

03-12-2024T03:26:46 - [MESSAGE][PASSED] - Object: 'Object Repository/Факторный анализ/Применить в фильтре ДЗО' is clicked on

03-12-2024T03:26:46 - [TEST_STEP][PASSED] - typeOfData = "Филиал": null

03-12-2024T03:26:46 - [TEST_STEP][PASSED] - Script1687405718449.Test(todaysDate, typeOfData): null

03-12-2024T03:26:46 - [TEST_STEP][PASSED] - if (verifyTextNotPresent("нет данных", false) == true): null

03-12-2024T03:26:49 - [MESSAGE][PASSED] - Text 'нет данных' is not present on page

03-12-2024T03:26:49 - [TEST_STEP][PASSED] - if (verifyTextNotPresent("Ошибка запроса данных", false) == true): null

03-12-2024T03:26:49 - [MESSAGE][PASSED] - Text 'Ошибка запроса данных' is not present on page

03-12-2024T03:26:49 - [TEST_STEP][PASSED] - if (verifyTextNotPresent("Произошла ошибка при выполнении пользовательского кода", false) == true): null

03-12-2024T03:26:50 - [MESSAGE][PASSED] - Text 'Произошла ошибка при выполнении пользовательского кода' is not present on page

03-12-2024T03:26:50 - [TEST_STEP][PASSED] - if (verifyTextNotPresent("У виджета нет данных", false) == true): null

03-12-2024T03:26:50 - [MESSAGE][PASSED] - Text 'У виджета нет данных' is not present on page

03-12-2024T03:26:50 - [TEST_STEP][PASSED] - if (verifyTextNotPresent("У виджета нет данных", false) == true): Text 'У виджета нет данных' is not present on page

03-12-2024T03:26:51 - [MESSAGE][PASSED] - Text 'У виджета нет данных' is not present on page

03-12-2024T03:26:51 - [TEST_STEP][PASSED] - click(findTestObject("Факторный анализ/Переключить отображение с филиала на месяц")): Object: 'Object Repository/Факторный анализ/Переключить отображение с филиала на месяц' is clicked on

03-12-2024T03:26:51 - [MESSAGE][PASSED] - Object: 'Object Repository/Факторный анализ/Переключить отображение с филиала на месяц' is clicked on

03-12-2024T03:26:51 - [TEST_STEP][PASSED] - typeOfData = "Месяц": null

03-12-2024T03:26:51 - [TEST_STEP][PASSED] - Script1687405718449.Test(todaysDate, typeOfData): null

03-12-2024T03:26:51 - [TEST_STEP][PASSED] - if (verifyTextNotPresent("нет данных", false) == true): null

03-12-2024T03:26:51 - [MESSAGE][PASSED] - Text 'нет данных' is not present on page

03-12-2024T03:26:51 - [TEST_STEP][PASSED] - if (verifyTextNotPresent("Ошибка запроса данных", false) == true): null

03-12-2024T03:26:52 - [MESSAGE][PASSED] - Text 'Ошибка запроса данных' is not present on page

03-12-2024T03:26:52 - [TEST_STEP][PASSED] - if (verifyTextNotPresent("Произошла ошибка при выполнении пользовательского кода", false) == true): null

03-12-2024T03:26:52 - [MESSAGE][PASSED] - Text 'Произошла ошибка при выполнении пользовательского кода' is not present on page

03-12-2024T03:26:52 - [TEST_STEP][PASSED] - if (verifyTextNotPresent("У виджета нет данных", false) == true): null

03-12-2024T03:26:53 - [MESSAGE][PASSED] - Text 'У виджета нет данных' is not present on page

03-12-2024T03:26:53 - [TEST_STEP][PASSED] - if (verifyTextNotPresent("У виджета нет данных", false) == true): Text 'У виджета нет данных' is not present on page

03-12-2024T03:26:53 - [MESSAGE][PASSED] - Text 'У виджета нет данных' is not present on page

03-12-2024T03:26:53 - [TEST_STEP][PASSED] - click(findTestObject("Факторный анализ/Переключить отображение с месяца на филиал")): Object: 'Object Repository/Факторный анализ/Переключить отображение с месяца на филиал' is clicked on

03-12-2024T03:26:54 - [MESSAGE][PASSED] - Object: 'Object Repository/Факторный анализ/Переключить отображение с месяца на филиал' is clicked on

03-12-2024T03:26:54 - [TEST_STEP][PASSED] - click(findTestObject("Факторный анализ/Фильтр ДЗО")): Object: 'Object Repository/Факторный анализ/Фильтр ДЗО' is clicked on

03-12-2024T03:26:54 - [MESSAGE][PASSED] - Object: 'Object Repository/Факторный анализ/Фильтр ДЗО' is clicked on

03-12-2024T03:26:54 - [TEST_STEP][PASSED] - click(findTestObject("Факторный анализ/Снять выделение в фильтре ДЗО")): Object: 'Object Repository/Факторный анализ/Снять выделение в фильтре ДЗО' is clicked on

03-12-2024T03:26:55 - [MESSAGE][PASSED] - Object: 'Object Repository/Факторный анализ/Снять выделение в фильтре ДЗО' is clicked on

03-12-2024T03:26:55 - [TEST_STEP][PASSED] - scrollToElement(findTestObject("Общие объекты/Раскрыть список Россети Северо-Запад"), 30): Scroll to object 'Object Repository/Общие объекты/Раскрыть список Россети Северо-Запад' successfully

03-12-2024T03:26:55 - [MESSAGE][PASSED] - Scroll to object 'Object Repository/Общие объекты/Раскрыть список Россети Северо-Запад' successfully

03-12-2024T03:26:55 - [TEST_STEP][PASSED] - click(findTestObject("Общие объекты/Раскрыть список Россети Северо-Запад")): Object: 'Object Repository/Общие объекты/Раскрыть список Россети Северо-Запад' is clicked on

03-12-2024T03:26:55 - [MESSAGE][PASSED] - Object: 'Object Repository/Общие объекты/Раскрыть список Россети Северо-Запад' is clicked on

03-12-2024T03:26:55 - [TEST_STEP][PASSED] - click(findTestObject("Общие объекты/Раскрыть список Россети Северо-Запад")): Object: 'Object Repository/Общие объекты/Раскрыть список Россети Северо-Запад' is clicked on

03-12-2024T03:26:56 - [MESSAGE][PASSED] - Object: 'Object Repository/Общие объекты/Раскрыть список Россети Северо-Запад' is clicked on

03-12-2024T03:26:56 - [TEST_STEP][PASSED] - click(findTestObject("Общие объекты/Архангельский филиал")): Object: 'Object Repository/Общие объекты/Архангельский филиал' is clicked on

03-12-2024T03:26:57 - [MESSAGE][PASSED] - Object: 'Object Repository/Общие объекты/Архангельский филиал' is clicked on

03-12-2024T03:26:57 - [TEST_STEP][PASSED] - Script1687405718449.Change(todaysDate, typeOfData): null

03-12-2024T03:26:57 - [TEST_STEP][PASSED] - scrollToElement(findTestObject("Факторный анализ/Заголовок дашборда"), 30): Scroll to object 'Object Repository/Факторный анализ/Заголовок дашборда' successfully

03-12-2024T03:26:57 - [MESSAGE][PASSED] - Scroll to object 'Object Repository/Факторный анализ/Заголовок дашборда' successfully

03-12-2024T03:26:57 - [TEST_STEP][PASSED] - click(findTestObject("Факторный анализ/Применить в фильтре ДЗО")): Object: 'Object Repository/Факторный анализ/Применить в фильтре ДЗО' is clicked on

03-12-2024T03:26:58 - [MESSAGE][PASSED] - Object: 'Object Repository/Факторный анализ/Применить в фильтре ДЗО' is clicked on

03-12-2024T03:26:58 - [TEST_STEP][PASSED] - typeOfData = "Филиал": null

03-12-2024T03:26:58 - [TEST_STEP][PASSED] - Script1687405718449.Test(todaysDate, typeOfData): null

03-12-2024T03:26:58 - [TEST_STEP][PASSED] - if (verifyTextNotPresent("нет данных", false) == true): null

03-12-2024T03:27:00 - [MESSAGE][PASSED] - Text 'нет данных' is not present on page

03-12-2024T03:27:00 - [TEST_STEP][PASSED] - if (verifyTextNotPresent("Ошибка запроса данных", false) == true): null

03-12-2024T03:27:01 - [MESSAGE][PASSED] - Text 'Ошибка запроса данных' is not present on page

03-12-2024T03:27:01 - [TEST_STEP][PASSED] - if (verifyTextNotPresent("Произошла ошибка при выполнении пользовательского кода", false) == true): null

03-12-2024T03:27:01 - [MESSAGE][PASSED] - Text 'Произошла ошибка при выполнении пользовательского кода' is not present on page

03-12-2024T03:27:01 - [TEST_STEP][PASSED] - if (verifyTextNotPresent("У виджета нет данных", false) == true): null

03-12-2024T03:27:02 - [MESSAGE][PASSED] - Text 'У виджета нет данных' is not present on page

03-12-2024T03:27:02 - [TEST_STEP][PASSED] - if (verifyTextNotPresent("У виджета нет данных", false) == true): Text 'У виджета нет данных' is not present on page

03-12-2024T03:27:02 - [MESSAGE][PASSED] - Text 'У виджета нет данных' is not present on page

03-12-2024T03:27:02 - [TEST_STEP][PASSED] - click(findTestObject("Факторный анализ/Переключить отображение с филиала на месяц")): Object: 'Object Repository/Факторный анализ/Переключить отображение с филиала на месяц' is clicked on

03-12-2024T03:27:02 - [MESSAGE][PASSED] - Object: 'Object Repository/Факторный анализ/Переключить отображение с филиала на месяц' is clicked on

03-12-2024T03:27:02 - [TEST_STEP][PASSED] - typeOfData = "Месяц": null

03-12-2024T03:27:02 - [TEST_STEP][PASSED] - Script1687405718449.Test(todaysDate, typeOfData): null

03-12-2024T03:27:02 - [TEST_STEP][PASSED] - if (verifyTextNotPresent("нет данных", false) == true): null

03-12-2024T03:27:03 - [MESSAGE][PASSED] - Text 'нет данных' is not present on page

03-12-2024T03:27:03 - [TEST_STEP][PASSED] - if (verifyTextNotPresent("Ошибка запроса данных", false) == true): null

03-12-2024T03:27:03 - [MESSAGE][PASSED] - Text 'Ошибка запроса данных' is not present on page

03-12-2024T03:27:03 - [TEST_STEP][PASSED] - if (verifyTextNotPresent("Произошла ошибка при выполнении пользовательского кода", false) == true): null

03-12-2024T03:27:04 - [MESSAGE][PASSED] - Text 'Произошла ошибка при выполнении пользовательского кода' is not present on page

03-12-2024T03:27:04 - [TEST_STEP][PASSED] - if (verifyTextNotPresent("У виджета нет данных", false) == true): null

03-12-2024T03:27:04 - [MESSAGE][PASSED] - Text 'У виджета нет данных' is not present on page

03-12-2024T03:27:04 - [TEST_STEP][PASSED] - if (verifyTextNotPresent("У виджета нет данных", false) == true): Text 'У виджета нет данных' is not present on page

03-12-2024T03:27:05 - [MESSAGE][PASSED] - Text 'У виджета нет данных' is not present on page

03-12-2024T03:27:05 - [TEST_STEP][PASSED] - click(findTestObject("Факторный анализ/Переключить отображение с месяца на филиал")): Object: 'Object Repository/Факторный анализ/Переключить отображение с месяца на филиал' is clicked on

03-12-2024T03:27:05 - [MESSAGE][PASSED] - Object: 'Object Repository/Факторный анализ/Переключить отображение с месяца на филиал' is clicked on

03-12-2024T03:27:05 - [TEST_STEP][PASSED] - click(findTestObject("Факторный анализ/Фильтр ДЗО")): Object: 'Object Repository/Факторный анализ/Фильтр ДЗО' is clicked on

03-12-2024T03:27:05 - [MESSAGE][PASSED] - Object: 'Object Repository/Факторный анализ/Фильтр ДЗО' is clicked on

03-12-2024T03:27:05 - [TEST_STEP][PASSED] - click(findTestObject("Факторный анализ/Снять выделение в фильтре ДЗО")): Object: 'Object Repository/Факторный анализ/Снять выделение в фильтре ДЗО' is clicked on

03-12-2024T03:27:06 - [MESSAGE][PASSED] - Object: 'Object Repository/Факторный анализ/Снять выделение в фильтре ДЗО' is clicked on

03-12-2024T03:27:06 - [TEST_STEP][PASSED] - scrollToElement(findTestObject("Общие объекты/Вологодский филиал"), 30): Scroll to object 'Object Repository/Общие объекты/Вологодский филиал' successfully

03-12-2024T03:27:06 - [MESSAGE][PASSED] - Scroll to object 'Object Repository/Общие объекты/Вологодский филиал' successfully

03-12-2024T03:27:06 - [TEST_STEP][PASSED] - click(findTestObject("Общие объекты/Вологодский филиал")): Object: 'Object Repository/Общие объекты/Вологодский филиал' is clicked on

03-12-2024T03:27:07 - [MESSAGE][PASSED] - Object: 'Object Repository/Общие объекты/Вологодский филиал' is clicked on

03-12-2024T03:27:07 - [TEST_STEP][PASSED] - Script1687405718449.Change(todaysDate, typeOfData): null

03-12-2024T03:27:07 - [TEST_STEP][PASSED] - scrollToElement(findTestObject("Факторный анализ/Заголовок дашборда"), 30): Scroll to object 'Object Repository/Факторный анализ/Заголовок дашборда' successfully

03-12-2024T03:27:07 - [MESSAGE][PASSED] - Scroll to object 'Object Repository/Факторный анализ/Заголовок дашборда' successfully

03-12-2024T03:27:07 - [TEST_STEP][PASSED] - click(findTestObject("Факторный анализ/Применить в фильтре ДЗО")): Object: 'Object Repository/Факторный анализ/Применить в фильтре ДЗО' is clicked on

03-12-2024T03:27:08 - [MESSAGE][PASSED] - Object: 'Object Repository/Факторный анализ/Применить в фильтре ДЗО' is clicked on

03-12-2024T03:27:08 - [TEST_STEP][PASSED] - typeOfData = "Филиал": null

03-12-2024T03:27:08 - [TEST_STEP][PASSED] - Script1687405718449.Test(todaysDate, typeOfData): null

03-12-2024T03:27:08 - [TEST_STEP][PASSED] - if (verifyTextNotPresent("нет данных", false) == true): null

03-12-2024T03:27:10 - [MESSAGE][PASSED] - Text 'нет данных' is not present on page

03-12-2024T03:27:10 - [TEST_STEP][PASSED] - if (verifyTextNotPresent("Ошибка запроса данных", false) == true): null

03-12-2024T03:27:11 - [MESSAGE][PASSED] - Text 'Ошибка запроса данных' is not present on page

03-12-2024T03:27:11 - [TEST_STEP][PASSED] - if (verifyTextNotPresent("Произошла ошибка при выполнении пользовательского кода", false) == true): null

03-12-2024T03:27:11 - [MESSAGE][PASSED] - Text 'Произошла ошибка при выполнении пользовательского кода' is not present on page

03-12-2024T03:27:11 - [TEST_STEP][PASSED] - if (verifyTextNotPresent("У виджета нет данных", false) == true): null

03-12-2024T03:27:12 - [MESSAGE][PASSED] - Text 'У виджета нет данных' is not present on page

03-12-2024T03:27:12 - [TEST_STEP][PASSED] - if (verifyTextNotPresent("У виджета нет данных", false) == true): Text 'У виджета нет данных' is not present on page

03-12-2024T03:27:12 - [MESSAGE][PASSED] - Text 'У виджета нет данных' is not present on page

03-12-2024T03:27:12 - [TEST_STEP][PASSED] - click(findTestObject("Факторный анализ/Переключить отображение с филиала на месяц")): Object: 'Object Repository/Факторный анализ/Переключить отображение с филиала на месяц' is clicked on

03-12-2024T03:27:13 - [MESSAGE][PASSED] - Object: 'Object Repository/Факторный анализ/Переключить отображение с филиала на месяц' is clicked on

03-12-2024T03:27:13 - [TEST_STEP][PASSED] - typeOfData = "Месяц": null

03-12-2024T03:27:13 - [TEST_STEP][PASSED] - Script1687405718449.Test(todaysDate, typeOfData): null

03-12-2024T03:27:13 - [TEST_STEP][PASSED] - if (verifyTextNotPresent("нет данных", false) == true): null

03-12-2024T03:27:13 - [MESSAGE][PASSED] - Text 'нет данных' is not present on page

03-12-2024T03:27:13 - [TEST_STEP][PASSED] - if (verifyTextNotPresent("Ошибка запроса данных", false) == true): null

03-12-2024T03:27:14 - [MESSAGE][PASSED] - Text 'Ошибка запроса данных' is not present on page

03-12-2024T03:27:14 - [TEST_STEP][PASSED] - if (verifyTextNotPresent("Произошла ошибка при выполнении пользовательского кода", false) == true): null

03-12-2024T03:27:14 - [MESSAGE][PASSED] - Text 'Произошла ошибка при выполнении пользовательского кода' is not present on page

03-12-2024T03:27:14 - [TEST_STEP][PASSED] - if (verifyTextNotPresent("У виджета нет данных", false) == true): null

03-12-2024T03:27:15 - [MESSAGE][PASSED] - Text 'У виджета нет данных' is not present on page

03-12-2024T03:27:15 - [TEST_STEP][PASSED] - if (verifyTextNotPresent("У виджета нет данных", false) == true): Text 'У виджета нет данных' is not present on page

03-12-2024T03:27:15 - [MESSAGE][PASSED] - Text 'У виджета нет данных' is not present on page

03-12-2024T03:27:15 - [TEST_STEP][PASSED] - click(findTestObject("Факторный анализ/Переключить отображение с месяца на филиал")): Object: 'Object Repository/Факторный анализ/Переключить отображение с месяца на филиал' is clicked on

03-12-2024T03:27:15 - [MESSAGE][PASSED] - Object: 'Object Repository/Факторный анализ/Переключить отображение с месяца на филиал' is clicked on

03-12-2024T03:27:15 - [TEST_STEP][PASSED] - click(findTestObject("Факторный анализ/Фильтр ДЗО")): Object: 'Object Repository/Факторный анализ/Фильтр ДЗО' is clicked on

03-12-2024T03:27:16 - [MESSAGE][PASSED] - Object: 'Object Repository/Факторный анализ/Фильтр ДЗО' is clicked on

03-12-2024T03:27:16 - [TEST_STEP][PASSED] - click(findTestObject("Факторный анализ/Снять выделение в фильтре ДЗО")): Object: 'Object Repository/Факторный анализ/Снять выделение в фильтре ДЗО' is clicked on

03-12-2024T03:27:16 - [MESSAGE][PASSED] - Object: 'Object Repository/Факторный анализ/Снять выделение в фильтре ДЗО' is clicked on

03-12-2024T03:27:16 - [TEST_STEP][PASSED] - scrollToElement(findTestObject("Общие объекты/Карельский филиал"), 30): Scroll to object 'Object Repository/Общие объекты/Карельский филиал' successfully

03-12-2024T03:27:17 - [MESSAGE][PASSED] - Scroll to object 'Object Repository/Общие объекты/Карельский филиал' successfully

03-12-2024T03:27:17 - [TEST_STEP][PASSED] - click(findTestObject("Общие объекты/Карельский филиал")): Object: 'Object Repository/Общие объекты/Карельский филиал' is clicked on

03-12-2024T03:27:17 - [MESSAGE][PASSED] - Object: 'Object Repository/Общие объекты/Карельский филиал' is clicked on

03-12-2024T03:27:17 - [TEST_STEP][PASSED] - Script1687405718449.Change(todaysDate, typeOfData): null

03-12-2024T03:27:17 - [TEST_STEP][PASSED] - scrollToElement(findTestObject("Факторный анализ/Заголовок дашборда"), 30): Scroll to object 'Object Repository/Факторный анализ/Заголовок дашборда' successfully

03-12-2024T03:27:17 - [MESSAGE][PASSED] - Scroll to object 'Object Repository/Факторный анализ/Заголовок дашборда' successfully

03-12-2024T03:27:17 - [TEST_STEP][PASSED] - click(findTestObject("Факторный анализ/Применить в фильтре ДЗО")): Object: 'Object Repository/Факторный анализ/Применить в фильтре ДЗО' is clicked on

03-12-2024T03:27:18 - [MESSAGE][PASSED] - Object: 'Object Repository/Факторный анализ/Применить в фильтре ДЗО' is clicked on

03-12-2024T03:27:18 - [TEST_STEP][PASSED] - typeOfData = "Филиал": null

03-12-2024T03:27:18 - [TEST_STEP][PASSED] - Script1687405718449.Test(todaysDate, typeOfData): null

03-12-2024T03:27:18 - [TEST_STEP][PASSED] - if (verifyTextNotPresent("нет данных", false) == true): null

03-12-2024T03:27:20 - [MESSAGE][PASSED] - Text 'нет данных' is not present on page

03-12-2024T03:27:20 - [TEST_STEP][PASSED] - if (verifyTextNotPresent("Ошибка запроса данных", false) == true): null

03-12-2024T03:27:21 - [MESSAGE][PASSED] - Text 'Ошибка запроса данных' is not present on page

03-12-2024T03:27:21 - [TEST_STEP][PASSED] - if (verifyTextNotPresent("Произошла ошибка при выполнении пользовательского кода", false) == true): null

03-12-2024T03:27:21 - [MESSAGE][PASSED] - Text 'Произошла ошибка при выполнении пользовательского кода' is not present on page

03-12-2024T03:27:21 - [TEST_STEP][PASSED] - if (verifyTextNotPresent("У виджета нет данных", false) == true): null

03-12-2024T03:27:22 - [MESSAGE][PASSED] - Text 'У виджета нет данных' is not present on page

03-12-2024T03:27:22 - [TEST_STEP][PASSED] - if (verifyTextNotPresent("У виджета нет данных", false) == true): Text 'У виджета нет данных' is not present on page

03-12-2024T03:27:22 - [MESSAGE][PASSED] - Text 'У виджета нет данных' is not present on page

03-12-2024T03:27:22 - [TEST_STEP][PASSED] - click(findTestObject("Факторный анализ/Переключить отображение с филиала на месяц")): Object: 'Object Repository/Факторный анализ/Переключить отображение с филиала на месяц' is clicked on

03-12-2024T03:27:23 - [MESSAGE][PASSED] - Object: 'Object Repository/Факторный анализ/Переключить отображение с филиала на месяц' is clicked on

03-12-2024T03:27:23 - [TEST_STEP][PASSED] - typeOfData = "Месяц": null

03-12-2024T03:27:23 - [TEST_STEP][PASSED] - Script1687405718449.Test(todaysDate, typeOfData): null

03-12-2024T03:27:23 - [TEST_STEP][PASSED] - if (verifyTextNotPresent("нет данных", false) == true): null

03-12-2024T03:27:23 - [MESSAGE][PASSED] - Text 'нет данных' is not present on page

03-12-2024T03:27:23 - [TEST_STEP][PASSED] - if (verifyTextNotPresent("Ошибка запроса данных", false) == true): null

03-12-2024T03:27:23 - [MESSAGE][PASSED] - Text 'Ошибка запроса данных' is not present on page

03-12-2024T03:27:23 - [TEST_STEP][PASSED] - if (verifyTextNotPresent("Произошла ошибка при выполнении пользовательского кода", false) == true): null

03-12-2024T03:27:24 - [MESSAGE][PASSED] - Text 'Произошла ошибка при выполнении пользовательского кода' is not present on page

03-12-2024T03:27:24 - [TEST_STEP][PASSED] - if (verifyTextNotPresent("У виджета нет данных", false) == true): null

03-12-2024T03:27:24 - [MESSAGE][PASSED] - Text 'У виджета нет данных' is not present on page

03-12-2024T03:27:24 - [TEST_STEP][PASSED] - if (verifyTextNotPresent("У виджета нет данных", false) == true): Text 'У виджета нет данных' is not present on page

03-12-2024T03:27:25 - [MESSAGE][PASSED] - Text 'У виджета нет данных' is not present on page

03-12-2024T03:27:25 - [TEST_STEP][PASSED] - click(findTestObject("Факторный анализ/Переключить отображение с месяца на филиал")): Object: 'Object Repository/Факторный анализ/Переключить отображение с месяца на филиал' is clicked on

03-12-2024T03:27:25 - [MESSAGE][PASSED] - Object: 'Object Repository/Факторный анализ/Переключить отображение с месяца на филиал' is clicked on

03-12-2024T03:27:25 - [TEST_STEP][PASSED] - click(findTestObject("Факторный анализ/Фильтр ДЗО")): Object: 'Object Repository/Факторный анализ/Фильтр ДЗО' is clicked on

03-12-2024T03:27:26 - [MESSAGE][PASSED] - Object: 'Object Repository/Факторный анализ/Фильтр ДЗО' is clicked on

03-12-2024T03:27:26 - [TEST_STEP][PASSED] - click(findTestObject("Факторный анализ/Снять выделение в фильтре ДЗО")): Object: 'Object Repository/Факторный анализ/Снять выделение в фильтре ДЗО' is clicked on

03-12-2024T03:27:26 - [MESSAGE][PASSED] - Object: 'Object Repository/Факторный анализ/Снять выделение в фильтре ДЗО' is clicked on

03-12-2024T03:27:26 - [TEST_STEP][PASSED] - scrollToElement(findTestObject("Общие объекты/Мурманский филиал"), 30): Scroll to object 'Object Repository/Общие объекты/Мурманский филиал' successfully

03-12-2024T03:27:26 - [MESSAGE][PASSED] - Scroll to object 'Object Repository/Общие объекты/Мурманский филиал' successfully

03-12-2024T03:27:26 - [TEST_STEP][PASSED] - click(findTestObject("Общие объекты/Мурманский филиал")): Object: 'Object Repository/Общие объекты/Мурманский филиал' is clicked on

03-12-2024T03:27:27 - [MESSAGE][PASSED] - Object: 'Object Repository/Общие объекты/Мурманский филиал' is clicked on

03-12-2024T03:27:27 - [TEST_STEP][PASSED] - Script1687405718449.Change(todaysDate, typeOfData): null

03-12-2024T03:27:27 - [TEST_STEP][PASSED] - scrollToElement(findTestObject("Факторный анализ/Заголовок дашборда"), 30): Scroll to object 'Object Repository/Факторный анализ/Заголовок дашборда' successfully

03-12-2024T03:27:27 - [MESSAGE][PASSED] - Scroll to object 'Object Repository/Факторный анализ/Заголовок дашборда' successfully

03-12-2024T03:27:27 - [TEST_STEP][PASSED] - click(findTestObject("Факторный анализ/Применить в фильтре ДЗО")): Object: 'Object Repository/Факторный анализ/Применить в фильтре ДЗО' is clicked on

03-12-2024T03:27:28 - [MESSAGE][PASSED] - Object: 'Object Repository/Факторный анализ/Применить в фильтре ДЗО' is clicked on

03-12-2024T03:27:28 - [TEST_STEP][PASSED] - typeOfData = "Филиал": null

03-12-2024T03:27:28 - [TEST_STEP][PASSED] - Script1687405718449.Test(todaysDate, typeOfData): null

03-12-2024T03:27:28 - [TEST_STEP][PASSED] - if (verifyTextNotPresent("нет данных", false) == true): null

03-12-2024T03:27:30 - [MESSAGE][PASSED] - Text 'нет данных' is not present on page

03-12-2024T03:27:30 - [TEST_STEP][PASSED] - if (verifyTextNotPresent("Ошибка запроса данных", false) == true): null

03-12-2024T03:27:31 - [MESSAGE][PASSED] - Text 'Ошибка запроса данных' is not present on page

03-12-2024T03:27:31 - [TEST_STEP][PASSED] - if (verifyTextNotPresent("Произошла ошибка при выполнении пользовательского кода", false) == true): null

03-12-2024T03:27:31 - [MESSAGE][PASSED] - Text 'Произошла ошибка при выполнении пользовательского кода' is not present on page

03-12-2024T03:27:31 - [TEST_STEP][PASSED] - if (verifyTextNotPresent("У виджета нет данных", false) == true): null

03-12-2024T03:27:32 - [MESSAGE][PASSED] - Text 'У виджета нет данных' is not present on page

03-12-2024T03:27:32 - [TEST_STEP][PASSED] - if (verifyTextNotPresent("У виджета нет данных", false) == true): Text 'У виджета нет данных' is not present on page

03-12-2024T03:27:32 - [MESSAGE][PASSED] - Text 'У виджета нет данных' is not present on page

03-12-2024T03:27:32 - [TEST_STEP][PASSED] - click(findTestObject("Факторный анализ/Переключить отображение с филиала на месяц")): Object: 'Object Repository/Факторный анализ/Переключить отображение с филиала на месяц' is clicked on

03-12-2024T03:27:32 - [MESSAGE][PASSED] - Object: 'Object Repository/Факторный анализ/Переключить отображение с филиала на месяц' is clicked on

03-12-2024T03:27:32 - [TEST_STEP][PASSED] - typeOfData = "Месяц": null

03-12-2024T03:27:32 - [TEST_STEP][PASSED] - Script1687405718449.Test(todaysDate, typeOfData): null

03-12-2024T03:27:32 - [TEST_STEP][PASSED] - if (verifyTextNotPresent("нет данных", false) == true): null

03-12-2024T03:27:33 - [MESSAGE][PASSED] - Text 'нет данных' is not present on page

03-12-2024T03:27:33 - [TEST_STEP][PASSED] - if (verifyTextNotPresent("Ошибка запроса данных", false) == true): null

03-12-2024T03:27:33 - [MESSAGE][PASSED] - Text 'Ошибка запроса данных' is not present on page

03-12-2024T03:27:33 - [TEST_STEP][PASSED] - if (verifyTextNotPresent("Произошла ошибка при выполнении пользовательского кода", false) == true): null

03-12-2024T03:27:34 - [MESSAGE][PASSED] - Text 'Произошла ошибка при выполнении пользовательского кода' is not present on page

03-12-2024T03:27:34 - [TEST_STEP][PASSED] - if (verifyTextNotPresent("У виджета нет данных", false) == true): null

03-12-2024T03:27:34 - [MESSAGE][PASSED] - Text 'У виджета нет данных' is not present on page

03-12-2024T03:27:34 - [TEST_STEP][PASSED] - if (verifyTextNotPresent("У виджета нет данных", false) == true): Text 'У виджета нет данных' is not present on page

03-12-2024T03:27:35 - [MESSAGE][PASSED] - Text 'У виджета нет данных' is not present on page

03-12-2024T03:27:35 - [TEST_STEP][PASSED] - click(findTestObject("Факторный анализ/Переключить отображение с месяца на филиал")): Object: 'Object Repository/Факторный анализ/Переключить отображение с месяца на филиал' is clicked on

03-12-2024T03:27:35 - [MESSAGE][PASSED] - Object: 'Object Repository/Факторный анализ/Переключить отображение с месяца на филиал' is clicked on

03-12-2024T03:27:35 - [TEST_STEP][PASSED] - click(findTestObject("Факторный анализ/Фильтр ДЗО")): Object: 'Object Repository/Факторный анализ/Фильтр ДЗО' is clicked on

03-12-2024T03:27:35 - [MESSAGE][PASSED] - Object: 'Object Repository/Факторный анализ/Фильтр ДЗО' is clicked on

03-12-2024T03:27:35 - [TEST_STEP][PASSED] - click(findTestObject("Факторный анализ/Снять выделение в фильтре ДЗО")): Object: 'Object Repository/Факторный анализ/Снять выделение в фильтре ДЗО' is clicked on

03-12-2024T03:27:36 - [MESSAGE][PASSED] - Object: 'Object Repository/Факторный анализ/Снять выделение в фильтре ДЗО' is clicked on

03-12-2024T03:27:36 - [TEST_STEP][PASSED] - scrollToElement(findTestObject("Общие объекты/Новгородский филиал"), 30): Scroll to object 'Object Repository/Общие объекты/Новгородский филиал' successfully

03-12-2024T03:27:36 - [MESSAGE][PASSED] - Scroll to object 'Object Repository/Общие объекты/Новгородский филиал' successfully

03-12-2024T03:27:36 - [TEST_STEP][PASSED] - click(findTestObject("Общие объекты/Новгородский филиал")): Object: 'Object Repository/Общие объекты/Новгородский филиал' is clicked on

03-12-2024T03:27:37 - [MESSAGE][PASSED] - Object: 'Object Repository/Общие объекты/Новгородский филиал' is clicked on

03-12-2024T03:27:37 - [TEST_STEP][PASSED] - Script1687405718449.Change(todaysDate, typeOfData): null

03-12-2024T03:27:37 - [TEST_STEP][PASSED] - scrollToElement(findTestObject("Факторный анализ/Заголовок дашборда"), 30): Scroll to object 'Object Repository/Факторный анализ/Заголовок дашборда' successfully

03-12-2024T03:27:37 - [MESSAGE][PASSED] - Scroll to object 'Object Repository/Факторный анализ/Заголовок дашборда' successfully

03-12-2024T03:27:37 - [TEST_STEP][PASSED] - click(findTestObject("Факторный анализ/Применить в фильтре ДЗО")): Object: 'Object Repository/Факторный анализ/Применить в фильтре ДЗО' is clicked on

03-12-2024T03:27:38 - [MESSAGE][PASSED] - Object: 'Object Repository/Факторный анализ/Применить в фильтре ДЗО' is clicked on

03-12-2024T03:27:38 - [TEST_STEP][PASSED] - typeOfData = "Филиал": null

03-12-2024T03:27:38 - [TEST_STEP][PASSED] - Script1687405718449.Test(todaysDate, typeOfData): null

03-12-2024T03:27:38 - [TEST_STEP][PASSED] - if (verifyTextNotPresent("нет данных", false) == true): null

03-12-2024T03:27:40 - [MESSAGE][PASSED] - Text 'нет данных' is not present on page

03-12-2024T03:27:40 - [TEST_STEP][PASSED] - if (verifyTextNotPresent("Ошибка запроса данных", false) == true): null

03-12-2024T03:27:41 - [MESSAGE][PASSED] - Text 'Ошибка запроса данных' is not present on page

03-12-2024T03:27:41 - [TEST_STEP][PASSED] - if (verifyTextNotPresent("Произошла ошибка при выполнении пользовательского кода", false) == true): null

03-12-2024T03:27:41 - [MESSAGE][PASSED] - Text 'Произошла ошибка при выполнении пользовательского кода' is not present on page

03-12-2024T03:27:41 - [TEST_STEP][PASSED] - if (verifyTextNotPresent("У виджета нет данных", false) == true): null

03-12-2024T03:27:42 - [MESSAGE][PASSED] - Text 'У виджета нет данных' is not present on page

03-12-2024T03:27:42 - [TEST_STEP][PASSED] - if (verifyTextNotPresent("У виджета нет данных", false) == true): Text 'У виджета нет данных' is not present on page

03-12-2024T03:27:42 - [MESSAGE][PASSED] - Text 'У виджета нет данных' is not present on page

03-12-2024T03:27:42 - [TEST_STEP][PASSED] - click(findTestObject("Факторный анализ/Переключить отображение с филиала на месяц")): Object: 'Object Repository/Факторный анализ/Переключить отображение с филиала на месяц' is clicked on

03-12-2024T03:27:43 - [MESSAGE][PASSED] - Object: 'Object Repository/Факторный анализ/Переключить отображение с филиала на месяц' is clicked on

03-12-2024T03:27:43 - [TEST_STEP][PASSED] - typeOfData = "Месяц": null

03-12-2024T03:27:43 - [TEST_STEP][PASSED] - Script1687405718449.Test(todaysDate, typeOfData): null

03-12-2024T03:27:43 - [TEST_STEP][PASSED] - if (verifyTextNotPresent("нет данных", false) == true): null

03-12-2024T03:27:43 - [MESSAGE][PASSED] - Text 'нет данных' is not present on page

03-12-2024T03:27:43 - [TEST_STEP][PASSED] - if (verifyTextNotPresent("Ошибка запроса данных", false) == true): null

03-12-2024T03:27:44 - [MESSAGE][PASSED] - Text 'Ошибка запроса данных' is not present on page

03-12-2024T03:27:44 - [TEST_STEP][PASSED] - if (verifyTextNotPresent("Произошла ошибка при выполнении пользовательского кода", false) == true): null

03-12-2024T03:27:44 - [MESSAGE][PASSED] - Text 'Произошла ошибка при выполнении пользовательского кода' is not present on page

03-12-2024T03:27:44 - [TEST_STEP][PASSED] - if (verifyTextNotPresent("У виджета нет данных", false) == true): null

03-12-2024T03:27:45 - [MESSAGE][PASSED] - Text 'У виджета нет данных' is not present on page

03-12-2024T03:27:45 - [TEST_STEP][PASSED] - if (verifyTextNotPresent("У виджета нет данных", false) == true): Text 'У виджета нет данных' is not present on page

03-12-2024T03:27:45 - [MESSAGE][PASSED] - Text 'У виджета нет данных' is not present on page

03-12-2024T03:27:45 - [TEST_STEP][PASSED] - click(findTestObject("Факторный анализ/Переключить отображение с месяца на филиал")): Object: 'Object Repository/Факторный анализ/Переключить отображение с месяца на филиал' is clicked on

03-12-2024T03:27:45 - [MESSAGE][PASSED] - Object: 'Object Repository/Факторный анализ/Переключить отображение с месяца на филиал' is clicked on

03-12-2024T03:27:45 - [TEST_STEP][PASSED] - click(findTestObject("Факторный анализ/Фильтр ДЗО")): Object: 'Object Repository/Факторный анализ/Фильтр ДЗО' is clicked on

03-12-2024T03:27:46 - [MESSAGE][PASSED] - Object: 'Object Repository/Факторный анализ/Фильтр ДЗО' is clicked on

03-12-2024T03:27:46 - [TEST_STEP][PASSED] - click(findTestObject("Факторный анализ/Снять выделение в фильтре ДЗО")): Object: 'Object Repository/Факторный анализ/Снять выделение в фильтре ДЗО' is clicked on

03-12-2024T03:27:46 - [MESSAGE][PASSED] - Object: 'Object Repository/Факторный анализ/Снять выделение в фильтре ДЗО' is clicked on

03-12-2024T03:27:46 - [TEST_STEP][PASSED] - scrollToElement(findTestObject("Общие объекты/Псковский филиал"), 30): Scroll to object 'Object Repository/Общие объекты/Псковский филиал' successfully

03-12-2024T03:27:46 - [MESSAGE][PASSED] - Scroll to object 'Object Repository/Общие объекты/Псковский филиал' successfully

03-12-2024T03:27:46 - [TEST_STEP][PASSED] - click(findTestObject("Общие объекты/Псковский филиал")): Object: 'Object Repository/Общие объекты/Псковский филиал' is clicked on

03-12-2024T03:27:47 - [MESSAGE][PASSED] - Object: 'Object Repository/Общие объекты/Псковский филиал' is clicked on

03-12-2024T03:27:47 - [TEST_STEP][PASSED] - Script1687405718449.Change(todaysDate, typeOfData): null

03-12-2024T03:27:47 - [TEST_STEP][PASSED] - scrollToElement(findTestObject("Факторный анализ/Заголовок дашборда"), 30): Scroll to object 'Object Repository/Факторный анализ/Заголовок дашборда' successfully

03-12-2024T03:27:47 - [MESSAGE][PASSED] - Scroll to object 'Object Repository/Факторный анализ/Заголовок дашборда' successfully

03-12-2024T03:27:47 - [TEST_STEP][PASSED] - click(findTestObject("Факторный анализ/Применить в фильтре ДЗО")): Object: 'Object Repository/Факторный анализ/Применить в фильтре ДЗО' is clicked on

03-12-2024T03:27:48 - [MESSAGE][PASSED] - Object: 'Object Repository/Факторный анализ/Применить в фильтре ДЗО' is clicked on

03-12-2024T03:27:48 - [TEST_STEP][PASSED] - typeOfData = "Филиал": null

03-12-2024T03:27:48 - [TEST_STEP][PASSED] - Script1687405718449.Test(todaysDate, typeOfData): null

03-12-2024T03:27:48 - [TEST_STEP][PASSED] - if (verifyTextNotPresent("нет данных", false) == true): null

03-12-2024T03:27:50 - [MESSAGE][PASSED] - Text 'нет данных' is not present on page

03-12-2024T03:27:50 - [TEST_STEP][PASSED] - if (verifyTextNotPresent("Ошибка запроса данных", false) == true): null

03-12-2024T03:27:51 - [MESSAGE][PASSED] - Text 'Ошибка запроса данных' is not present on page

03-12-2024T03:27:51 - [TEST_STEP][PASSED] - if (verifyTextNotPresent("Произошла ошибка при выполнении пользовательского кода", false) == true): null

03-12-2024T03:27:51 - [MESSAGE][PASSED] - Text 'Произошла ошибка при выполнении пользовательского кода' is not present on page

03-12-2024T03:27:51 - [TEST_STEP][PASSED] - if (verifyTextNotPresent("У виджета нет данных", false) == true): null

03-12-2024T03:27:52 - [MESSAGE][PASSED] - Text 'У виджета нет данных' is not present on page

03-12-2024T03:27:52 - [TEST_STEP][PASSED] - if (verifyTextNotPresent("У виджета нет данных", false) == true): Text 'У виджета нет данных' is not present on page

03-12-2024T03:27:52 - [MESSAGE][PASSED] - Text 'У виджета нет данных' is not present on page

03-12-2024T03:27:52 - [TEST_STEP][PASSED] - click(findTestObject("Факторный анализ/Переключить отображение с филиала на месяц")): Object: 'Object Repository/Факторный анализ/Переключить отображение с филиала на месяц' is clicked on

03-12-2024T03:27:53 - [MESSAGE][PASSED] - Object: 'Object Repository/Факторный анализ/Переключить отображение с филиала на месяц' is clicked on

03-12-2024T03:27:53 - [TEST_STEP][PASSED] - typeOfData = "Месяц": null

03-12-2024T03:27:53 - [TEST_STEP][PASSED] - Script1687405718449.Test(todaysDate, typeOfData): null

03-12-2024T03:27:53 - [TEST_STEP][PASSED] - if (verifyTextNotPresent("нет данных", false) == true): null

03-12-2024T03:27:53 - [MESSAGE][PASSED] - Text 'нет данных' is not present on page

03-12-2024T03:27:53 - [TEST_STEP][PASSED] - if (verifyTextNotPresent("Ошибка запроса данных", false) == true): null

03-12-2024T03:27:54 - [MESSAGE][PASSED] - Text 'Ошибка запроса данных' is not present on page

03-12-2024T03:27:54 - [TEST_STEP][PASSED] - if (verifyTextNotPresent("Произошла ошибка при выполнении пользовательского кода", false) == true): null

03-12-2024T03:27:54 - [MESSAGE][PASSED] - Text 'Произошла ошибка при выполнении пользовательского кода' is not present on page

03-12-2024T03:27:54 - [TEST_STEP][PASSED] - if (verifyTextNotPresent("У виджета нет данных", false) == true): null

03-12-2024T03:27:54 - [MESSAGE][PASSED] - Text 'У виджета нет данных' is not present on page

03-12-2024T03:27:54 - [TEST_STEP][PASSED] - if (verifyTextNotPresent("У виджета нет данных", false) == true): Text 'У виджета нет данных' is not present on page

03-12-2024T03:27:55 - [MESSAGE][PASSED] - Text 'У виджета нет данных' is not present on page

03-12-2024T03:27:55 - [TEST_STEP][PASSED] - click(findTestObject("Факторный анализ/Переключить отображение с месяца на филиал")): Object: 'Object Repository/Факторный анализ/Переключить отображение с месяца на филиал' is clicked on

03-12-2024T03:27:55 - [MESSAGE][PASSED] - Object: 'Object Repository/Факторный анализ/Переключить отображение с месяца на филиал' is clicked on

03-12-2024T03:27:55 - [TEST_STEP][PASSED] - click(findTestObject("Факторный анализ/Фильтр ДЗО")): Object: 'Object Repository/Факторный анализ/Фильтр ДЗО' is clicked on

03-12-2024T03:27:56 - [MESSAGE][PASSED] - Object: 'Object Repository/Факторный анализ/Фильтр ДЗО' is clicked on

03-12-2024T03:27:56 - [TEST_STEP][PASSED] - click(findTestObject("Факторный анализ/Снять выделение в фильтре ДЗО")): Object: 'Object Repository/Факторный анализ/Снять выделение в фильтре ДЗО' is clicked on

03-12-2024T03:27:56 - [MESSAGE][PASSED] - Object: 'Object Repository/Факторный анализ/Снять выделение в фильтре ДЗО' is clicked on

03-12-2024T03:27:56 - [TEST_STEP][PASSED] - scrollToElement(findTestObject("Общие объекты/филиал в Республике Коми"), 30): Scroll to object 'Object Repository/Общие объекты/филиал в Республике Коми' successfully

03-12-2024T03:27:56 - [MESSAGE][PASSED] - Scroll to object 'Object Repository/Общие объекты/филиал в Республике Коми' successfully

03-12-2024T03:27:56 - [TEST_STEP][PASSED] - click(findTestObject("Общие объекты/филиал в Республике Коми")): Object: 'Object Repository/Общие объекты/филиал в Республике Коми' is clicked on

03-12-2024T03:27:57 - [MESSAGE][PASSED] - Object: 'Object Repository/Общие объекты/филиал в Республике Коми' is clicked on

03-12-2024T03:27:57 - [TEST_STEP][PASSED] - Script1687405718449.Change(todaysDate, typeOfData): null

03-12-2024T03:27:57 - [TEST_STEP][PASSED] - scrollToElement(findTestObject("Факторный анализ/Заголовок дашборда"), 30): Scroll to object 'Object Repository/Факторный анализ/Заголовок дашборда' successfully

03-12-2024T03:27:57 - [MESSAGE][PASSED] - Scroll to object 'Object Repository/Факторный анализ/Заголовок дашборда' successfully

03-12-2024T03:27:57 - [TEST_STEP][PASSED] - click(findTestObject("Факторный анализ/Применить в фильтре ДЗО")): Object: 'Object Repository/Факторный анализ/Применить в фильтре ДЗО' is clicked on

03-12-2024T03:27:58 - [MESSAGE][PASSED] - Object: 'Object Repository/Факторный анализ/Применить в фильтре ДЗО' is clicked on

03-12-2024T03:27:58 - [TEST_STEP][PASSED] - typeOfData = "Филиал": null

03-12-2024T03:27:58 - [TEST_STEP][PASSED] - Script1687405718449.Test(todaysDate, typeOfData): null

03-12-2024T03:27:58 - [TEST_STEP][PASSED] - if (verifyTextNotPresent("нет данных", false) == true): null

03-12-2024T03:28:00 - [MESSAGE][PASSED] - Text 'нет данных' is not present on page

03-12-2024T03:28:00 - [TEST_STEP][PASSED] - if (verifyTextNotPresent("Ошибка запроса данных", false) == true): null

03-12-2024T03:28:01 - [MESSAGE][PASSED] - Text 'Ошибка запроса данных' is not present on page

03-12-2024T03:28:01 - [TEST_STEP][PASSED] - if (verifyTextNotPresent("Произошла ошибка при выполнении пользовательского кода", false) == true): null

03-12-2024T03:28:01 - [MESSAGE][PASSED] - Text 'Произошла ошибка при выполнении пользовательского кода' is not present on page

03-12-2024T03:28:01 - [TEST_STEP][PASSED] - if (verifyTextNotPresent("У виджета нет данных", false) == true): null

03-12-2024T03:28:02 - [MESSAGE][PASSED] - Text 'У виджета нет данных' is not present on page

03-12-2024T03:28:02 - [TEST_STEP][PASSED] - if (verifyTextNotPresent("У виджета нет данных", false) == true): Text 'У виджета нет данных' is not present on page

03-12-2024T03:28:02 - [MESSAGE][PASSED] - Text 'У виджета нет данных' is not present on page

03-12-2024T03:28:02 - [TEST_STEP][PASSED] - click(findTestObject("Факторный анализ/Переключить отображение с филиала на месяц")): Object: 'Object Repository/Факторный анализ/Переключить отображение с филиала на месяц' is clicked on

03-12-2024T03:28:02 - [MESSAGE][PASSED] - Object: 'Object Repository/Факторный анализ/Переключить отображение с филиала на месяц' is clicked on

03-12-2024T03:28:02 - [TEST_STEP][PASSED] - typeOfData = "Месяц": null

03-12-2024T03:28:02 - [TEST_STEP][PASSED] - Script1687405718449.Test(todaysDate, typeOfData): null

03-12-2024T03:28:02 - [TEST_STEP][PASSED] - if (verifyTextNotPresent("нет данных", false) == true): null

03-12-2024T03:28:03 - [MESSAGE][PASSED] - Text 'нет данных' is not present on page

03-12-2024T03:28:03 - [TEST_STEP][PASSED] - if (verifyTextNotPresent("Ошибка запроса данных", false) == true): null

03-12-2024T03:28:03 - [MESSAGE][PASSED] - Text 'Ошибка запроса данных' is not present on page

03-12-2024T03:28:03 - [TEST_STEP][PASSED] - if (verifyTextNotPresent("Произошла ошибка при выполнении пользовательского кода", false) == true): null

03-12-2024T03:28:04 - [MESSAGE][PASSED] - Text 'Произошла ошибка при выполнении пользовательского кода' is not present on page

03-12-2024T03:28:04 - [TEST_STEP][PASSED] - if (verifyTextNotPresent("У виджета нет данных", false) == true): null

03-12-2024T03:28:04 - [MESSAGE][PASSED] - Text 'У виджета нет данных' is not present on page

03-12-2024T03:28:04 - [TEST_STEP][PASSED] - if (verifyTextNotPresent("У виджета нет данных", false) == true): Text 'У виджета нет данных' is not present on page

03-12-2024T03:28:05 - [MESSAGE][PASSED] - Text 'У виджета нет данных' is not present on page

03-12-2024T03:28:05 - [TEST_STEP][PASSED] - click(findTestObject("Факторный анализ/Переключить отображение с месяца на филиал")): Object: 'Object Repository/Факторный анализ/Переключить отображение с месяца на филиал' is clicked on

03-12-2024T03:28:05 - [MESSAGE][PASSED] - Object: 'Object Repository/Факторный анализ/Переключить отображение с месяца на филиал' is clicked on

03-12-2024T03:28:05 - [TEST_STEP][PASSED] - click(findTestObject("Факторный анализ/Фильтр ДЗО")): Object: 'Object Repository/Факторный анализ/Фильтр ДЗО' is clicked on

03-12-2024T03:28:05 - [MESSAGE][PASSED] - Object: 'Object Repository/Факторный анализ/Фильтр ДЗО' is clicked on

03-12-2024T03:28:05 - [TEST_STEP][PASSED] - click(findTestObject("Факторный анализ/Снять выделение в фильтре ДЗО")): Object: 'Object Repository/Факторный анализ/Снять выделение в фильтре ДЗО' is clicked on

03-12-2024T03:28:06 - [MESSAGE][PASSED] - Object: 'Object Repository/Факторный анализ/Снять выделение в фильтре ДЗО' is clicked on

03-12-2024T03:28:06 - [TEST_STEP][PASSED] - scrollToElement(findTestObject("Общие объекты/Раскрыть список Россети Сибирь"), 30): Scroll to object 'Object Repository/Общие объекты/Раскрыть список Россети Сибирь' successfully

03-12-2024T03:28:06 - [MESSAGE][PASSED] - Scroll to object 'Object Repository/Общие объекты/Раскрыть список Россети Сибирь' successfully

03-12-2024T03:28:06 - [TEST_STEP][PASSED] - click(findTestObject("Факторный анализ/Россети Сибирь")): Object: 'Object Repository/Факторный анализ/Россети Сибирь' is clicked on

03-12-2024T03:28:07 - [MESSAGE][PASSED] - Object: 'Object Repository/Факторный анализ/Россети Сибирь' is clicked on

03-12-2024T03:28:07 - [TEST_STEP][PASSED] - Script1687405718449.Change(todaysDate, typeOfData): null

03-12-2024T03:28:07 - [TEST_STEP][PASSED] - scrollToElement(findTestObject("Факторный анализ/Заголовок дашборда"), 30): Scroll to object 'Object Repository/Факторный анализ/Заголовок дашборда' successfully

03-12-2024T03:28:07 - [MESSAGE][PASSED] - Scroll to object 'Object Repository/Факторный анализ/Заголовок дашборда' successfully

03-12-2024T03:28:07 - [TEST_STEP][PASSED] - click(findTestObject("Факторный анализ/Применить в фильтре ДЗО")): Object: 'Object Repository/Факторный анализ/Применить в фильтре ДЗО' is clicked on

03-12-2024T03:28:08 - [MESSAGE][PASSED] - Object: 'Object Repository/Факторный анализ/Применить в фильтре ДЗО' is clicked on

03-12-2024T03:28:08 - [TEST_STEP][PASSED] - typeOfData = "Филиал": null

03-12-2024T03:28:08 - [TEST_STEP][PASSED] - Script1687405718449.Test(todaysDate, typeOfData): null

03-12-2024T03:28:08 - [TEST_STEP][PASSED] - if (verifyTextNotPresent("нет данных", false) == true): null

03-12-2024T03:28:10 - [MESSAGE][PASSED] - Text 'нет данных' is not present on page

03-12-2024T03:28:10 - [TEST_STEP][PASSED] - if (verifyTextNotPresent("Ошибка запроса данных", false) == true): null

03-12-2024T03:28:11 - [MESSAGE][PASSED] - Text 'Ошибка запроса данных' is not present on page

03-12-2024T03:28:11 - [TEST_STEP][PASSED] - if (verifyTextNotPresent("Произошла ошибка при выполнении пользовательского кода", false) == true): null

03-12-2024T03:28:11 - [MESSAGE][PASSED] - Text 'Произошла ошибка при выполнении пользовательского кода' is not present on page

03-12-2024T03:28:11 - [TEST_STEP][PASSED] - if (verifyTextNotPresent("У виджета нет данных", false) == true): null

03-12-2024T03:28:12 - [MESSAGE][PASSED] - Text 'У виджета нет данных' is not present on page

03-12-2024T03:28:12 - [TEST_STEP][PASSED] - if (verifyTextNotPresent("У виджета нет данных", false) == true): Text 'У виджета нет данных' is not present on page

03-12-2024T03:28:12 - [MESSAGE][PASSED] - Text 'У виджета нет данных' is not present on page

03-12-2024T03:28:12 - [TEST_STEP][PASSED] - click(findTestObject("Факторный анализ/Переключить отображение с филиала на месяц")): Object: 'Object Repository/Факторный анализ/Переключить отображение с филиала на месяц' is clicked on

03-12-2024T03:28:13 - [MESSAGE][PASSED] - Object: 'Object Repository/Факторный анализ/Переключить отображение с филиала на месяц' is clicked on

03-12-2024T03:28:13 - [TEST_STEP][PASSED] - typeOfData = "Месяц": null

03-12-2024T03:28:13 - [TEST_STEP][PASSED] - Script1687405718449.Test(todaysDate, typeOfData): null

03-12-2024T03:28:13 - [TEST_STEP][PASSED] - if (verifyTextNotPresent("нет данных", false) == true): null

03-12-2024T03:28:13 - [MESSAGE][PASSED] - Text 'нет данных' is not present on page

03-12-2024T03:28:13 - [TEST_STEP][PASSED] - if (verifyTextNotPresent("Ошибка запроса данных", false) == true): null

03-12-2024T03:28:14 - [MESSAGE][PASSED] - Text 'Ошибка запроса данных' is not present on page

03-12-2024T03:28:14 - [TEST_STEP][PASSED] - if (verifyTextNotPresent("Произошла ошибка при выполнении пользовательского кода", false) == true): null

03-12-2024T03:28:14 - [MESSAGE][PASSED] - Text 'Произошла ошибка при выполнении пользовательского кода' is not present on page

03-12-2024T03:28:14 - [TEST_STEP][PASSED] - if (verifyTextNotPresent("У виджета нет данных", false) == true): null

03-12-2024T03:28:15 - [MESSAGE][PASSED] - Text 'У виджета нет данных' is not present on page

03-12-2024T03:28:15 - [TEST_STEP][PASSED] - if (verifyTextNotPresent("У виджета нет данных", false) == true): Text 'У виджета нет данных' is not present on page

03-12-2024T03:28:15 - [MESSAGE][PASSED] - Text 'У виджета нет данных' is not present on page

03-12-2024T03:28:15 - [TEST_STEP][PASSED] - click(findTestObject("Факторный анализ/Переключить отображение с месяца на филиал")): Object: 'Object Repository/Факторный анализ/Переключить отображение с месяца на филиал' is clicked on

03-12-2024T03:28:15 - [MESSAGE][PASSED] - Object: 'Object Repository/Факторный анализ/Переключить отображение с месяца на филиал' is clicked on

03-12-2024T03:28:15 - [TEST_STEP][PASSED] - click(findTestObject("Факторный анализ/Фильтр ДЗО")): Object: 'Object Repository/Факторный анализ/Фильтр ДЗО' is clicked on

03-12-2024T03:28:16 - [MESSAGE][PASSED] - Object: 'Object Repository/Факторный анализ/Фильтр ДЗО' is clicked on

03-12-2024T03:28:16 - [TEST_STEP][PASSED] - click(findTestObject("Факторный анализ/Снять выделение в фильтре ДЗО")): Object: 'Object Repository/Факторный анализ/Снять выделение в фильтре ДЗО' is clicked on

03-12-2024T03:28:16 - [MESSAGE][PASSED] - Object: 'Object Repository/Факторный анализ/Снять выделение в фильтре ДЗО' is clicked on

03-12-2024T03:28:16 - [TEST_STEP][PASSED] - scrollToElement(findTestObject("Общие объекты/Раскрыть список Россети Сибирь"), 30): Scroll to object 'Object Repository/Общие объекты/Раскрыть список Россети Сибирь' successfully

03-12-2024T03:28:17 - [MESSAGE][PASSED] - Scroll to object 'Object Repository/Общие объекты/Раскрыть список Россети Сибирь' successfully

03-12-2024T03:28:17 - [TEST_STEP][PASSED] - click(findTestObject("Общие объекты/Раскрыть список Россети Сибирь")): Object: 'Object Repository/Общие объекты/Раскрыть список Россети Сибирь' is clicked on

03-12-2024T03:28:17 - [MESSAGE][PASSED] - Object: 'Object Repository/Общие объекты/Раскрыть список Россети Сибирь' is clicked on

03-12-2024T03:28:17 - [TEST_STEP][PASSED] - click(findTestObject("Общие объекты/Раскрыть список Россети Сибирь")): Object: 'Object Repository/Общие объекты/Раскрыть список Россети Сибирь' is clicked on

03-12-2024T03:28:18 - [MESSAGE][PASSED] - Object: 'Object Repository/Общие объекты/Раскрыть список Россети Сибирь' is clicked on

03-12-2024T03:28:18 - [TEST_STEP][PASSED] - scrollToElement(findTestObject("Общие объекты/Алтайэнерго"), 30): Scroll to object 'Object Repository/Общие объекты/Алтайэнерго' successfully

03-12-2024T03:28:18 - [MESSAGE][PASSED] - Scroll to object 'Object Repository/Общие объекты/Алтайэнерго' successfully

03-12-2024T03:28:18 - [TEST_STEP][PASSED] - click(findTestObject("Общие объекты/Алтайэнерго")): Object: 'Object Repository/Общие объекты/Алтайэнерго' is clicked on

03-12-2024T03:28:19 - [MESSAGE][PASSED] - Object: 'Object Repository/Общие объекты/Алтайэнерго' is clicked on

03-12-2024T03:28:19 - [TEST_STEP][PASSED] - Script1687405718449.Change(todaysDate, typeOfData): null

03-12-2024T03:28:19 - [TEST_STEP][PASSED] - scrollToElement(findTestObject("Факторный анализ/Заголовок дашборда"), 30): Scroll to object 'Object Repository/Факторный анализ/Заголовок дашборда' successfully

03-12-2024T03:28:19 - [MESSAGE][PASSED] - Scroll to object 'Object Repository/Факторный анализ/Заголовок дашборда' successfully

03-12-2024T03:28:19 - [TEST_STEP][PASSED] - click(findTestObject("Факторный анализ/Применить в фильтре ДЗО")): Object: 'Object Repository/Факторный анализ/Применить в фильтре ДЗО' is clicked on

03-12-2024T03:28:20 - [MESSAGE][PASSED] - Object: 'Object Repository/Факторный анализ/Применить в фильтре ДЗО' is clicked on

03-12-2024T03:28:20 - [TEST_STEP][PASSED] - typeOfData = "Филиал": null

03-12-2024T03:28:20 - [TEST_STEP][PASSED] - Script1687405718449.Test(todaysDate, typeOfData): null

03-12-2024T03:28:20 - [TEST_STEP][PASSED] - if (verifyTextNotPresent("нет данных", false) == true): null

03-12-2024T03:28:22 - [MESSAGE][PASSED] - Text 'нет данных' is not present on page

03-12-2024T03:28:22 - [TEST_STEP][PASSED] - if (verifyTextNotPresent("Ошибка запроса данных", false) == true): null

03-12-2024T03:28:23 - [MESSAGE][PASSED] - Text 'Ошибка запроса данных' is not present on page

03-12-2024T03:28:23 - [TEST_STEP][PASSED] - if (verifyTextNotPresent("Произошла ошибка при выполнении пользовательского кода", false) == true): null

03-12-2024T03:28:23 - [MESSAGE][PASSED] - Text 'Произошла ошибка при выполнении пользовательского кода' is not present on page

03-12-2024T03:28:23 - [TEST_STEP][PASSED] - if (verifyTextNotPresent("У виджета нет данных", false) == true): null

03-12-2024T03:28:24 - [MESSAGE][PASSED] - Text 'У виджета нет данных' is not present on page

03-12-2024T03:28:24 - [TEST_STEP][PASSED] - if (verifyTextNotPresent("У виджета нет данных", false) == true): Text 'У виджета нет данных' is not present on page

03-12-2024T03:28:24 - [MESSAGE][PASSED] - Text 'У виджета нет данных' is not present on page

03-12-2024T03:28:24 - [TEST_STEP][PASSED] - click(findTestObject("Факторный анализ/Переключить отображение с филиала на месяц")): Object: 'Object Repository/Факторный анализ/Переключить отображение с филиала на месяц' is clicked on

03-12-2024T03:28:25 - [MESSAGE][PASSED] - Object: 'Object Repository/Факторный анализ/Переключить отображение с филиала на месяц' is clicked on

03-12-2024T03:28:25 - [TEST_STEP][PASSED] - typeOfData = "Месяц": null

03-12-2024T03:28:25 - [TEST_STEP][PASSED] - Script1687405718449.Test(todaysDate, typeOfData): null

03-12-2024T03:28:25 - [TEST_STEP][PASSED] - if (verifyTextNotPresent("нет данных", false) == true): null

03-12-2024T03:28:25 - [MESSAGE][PASSED] - Text 'нет данных' is not present on page

03-12-2024T03:28:25 - [TEST_STEP][PASSED] - if (verifyTextNotPresent("Ошибка запроса данных", false) == true): null

03-12-2024T03:28:26 - [MESSAGE][PASSED] - Text 'Ошибка запроса данных' is not present on page

03-12-2024T03:28:26 - [TEST_STEP][PASSED] - if (verifyTextNotPresent("Произошла ошибка при выполнении пользовательского кода", false) == true): null

03-12-2024T03:28:26 - [MESSAGE][PASSED] - Text 'Произошла ошибка при выполнении пользовательского кода' is not present on page

03-12-2024T03:28:26 - [TEST_STEP][PASSED] - if (verifyTextNotPresent("У виджета нет данных", false) == true): null

03-12-2024T03:28:27 - [MESSAGE][PASSED] - Text 'У виджета нет данных' is not present on page

03-12-2024T03:28:27 - [TEST_STEP][PASSED] - if (verifyTextNotPresent("У виджета нет данных", false) == true): Text 'У виджета нет данных' is not present on page

03-12-2024T03:28:27 - [MESSAGE][PASSED] - Text 'У виджета нет данных' is not present on page

03-12-2024T03:28:27 - [TEST_STEP][PASSED] - click(findTestObject("Факторный анализ/Переключить отображение с месяца на филиал")): Object: 'Object Repository/Факторный анализ/Переключить отображение с месяца на филиал' is clicked on

03-12-2024T03:28:27 - [MESSAGE][PASSED] - Object: 'Object Repository/Факторный анализ/Переключить отображение с месяца на филиал' is clicked on

03-12-2024T03:28:27 - [TEST_STEP][PASSED] - click(findTestObject("Факторный анализ/Фильтр ДЗО")): Object: 'Object Repository/Факторный анализ/Фильтр ДЗО' is clicked on

03-12-2024T03:28:28 - [MESSAGE][PASSED] - Object: 'Object Repository/Факторный анализ/Фильтр ДЗО' is clicked on

03-12-2024T03:28:28 - [TEST_STEP][PASSED] - click(findTestObject("Факторный анализ/Снять выделение в фильтре ДЗО")): Object: 'Object Repository/Факторный анализ/Снять выделение в фильтре ДЗО' is clicked on

03-12-2024T03:28:28 - [MESSAGE][PASSED] - Object: 'Object Repository/Факторный анализ/Снять выделение в фильтре ДЗО' is clicked on

03-12-2024T03:28:28 - [TEST_STEP][PASSED] - scrollToElement(findTestObject("Общие объекты/Бурятэнерго"), 30): Scroll to object 'Object Repository/Общие объекты/Бурятэнерго' successfully

03-12-2024T03:28:28 - [MESSAGE][PASSED] - Scroll to object 'Object Repository/Общие объекты/Бурятэнерго' successfully

03-12-2024T03:28:28 - [TEST_STEP][PASSED] - click(findTestObject("Общие объекты/Бурятэнерго")): Object: 'Object Repository/Общие объекты/Бурятэнерго' is clicked on

03-12-2024T03:28:29 - [MESSAGE][PASSED] - Object: 'Object Repository/Общие объекты/Бурятэнерго' is clicked on

03-12-2024T03:28:29 - [TEST_STEP][PASSED] - Script1687405718449.Change(todaysDate, typeOfData): null

03-12-2024T03:28:29 - [TEST_STEP][PASSED] - scrollToElement(findTestObject("Факторный анализ/Заголовок дашборда"), 30): Scroll to object 'Object Repository/Факторный анализ/Заголовок дашборда' successfully

03-12-2024T03:28:29 - [MESSAGE][PASSED] - Scroll to object 'Object Repository/Факторный анализ/Заголовок дашборда' successfully

03-12-2024T03:28:29 - [TEST_STEP][PASSED] - click(findTestObject("Факторный анализ/Применить в фильтре ДЗО")): Object: 'Object Repository/Факторный анализ/Применить в фильтре ДЗО' is clicked on

03-12-2024T03:28:30 - [MESSAGE][PASSED] - Object: 'Object Repository/Факторный анализ/Применить в фильтре ДЗО' is clicked on

03-12-2024T03:28:30 - [TEST_STEP][PASSED] - typeOfData = "Филиал": null

03-12-2024T03:28:30 - [TEST_STEP][PASSED] - Script1687405718449.Test(todaysDate, typeOfData): null

03-12-2024T03:28:30 - [TEST_STEP][PASSED] - if (verifyTextNotPresent("нет данных", false) == true): null

03-12-2024T03:28:32 - [MESSAGE][PASSED] - Text 'нет данных' is not present on page

03-12-2024T03:28:32 - [TEST_STEP][PASSED] - if (verifyTextNotPresent("Ошибка запроса данных", false) == true): null

03-12-2024T03:28:33 - [MESSAGE][PASSED] - Text 'Ошибка запроса данных' is not present on page

03-12-2024T03:28:33 - [TEST_STEP][PASSED] - if (verifyTextNotPresent("Произошла ошибка при выполнении пользовательского кода", false) == true): null

03-12-2024T03:28:33 - [MESSAGE][PASSED] - Text 'Произошла ошибка при выполнении пользовательского кода' is not present on page

03-12-2024T03:28:33 - [TEST_STEP][PASSED] - if (verifyTextNotPresent("У виджета нет данных", false) == true): null

03-12-2024T03:28:34 - [MESSAGE][PASSED] - Text 'У виджета нет данных' is not present on page

03-12-2024T03:28:34 - [TEST_STEP][PASSED] - if (verifyTextNotPresent("У виджета нет данных", false) == true): Text 'У виджета нет данных' is not present on page

03-12-2024T03:28:34 - [MESSAGE][PASSED] - Text 'У виджета нет данных' is not present on page

03-12-2024T03:28:34 - [TEST_STEP][PASSED] - click(findTestObject("Факторный анализ/Переключить отображение с филиала на месяц")): Object: 'Object Repository/Факторный анализ/Переключить отображение с филиала на месяц' is clicked on

03-12-2024T03:28:34 - [MESSAGE][PASSED] - Object: 'Object Repository/Факторный анализ/Переключить отображение с филиала на месяц' is clicked on

03-12-2024T03:28:34 - [TEST_STEP][PASSED] - typeOfData = "Месяц": null

03-12-2024T03:28:34 - [TEST_STEP][PASSED] - Script1687405718449.Test(todaysDate, typeOfData): null

03-12-2024T03:28:34 - [TEST_STEP][PASSED] - if (verifyTextNotPresent("нет данных", false) == true): null

03-12-2024T03:28:35 - [MESSAGE][PASSED] - Text 'нет данных' is not present on page

03-12-2024T03:28:35 - [TEST_STEP][PASSED] - if (verifyTextNotPresent("Ошибка запроса данных", false) == true): null

03-12-2024T03:28:35 - [MESSAGE][PASSED] - Text 'Ошибка запроса данных' is not present on page

03-12-2024T03:28:35 - [TEST_STEP][PASSED] - if (verifyTextNotPresent("Произошла ошибка при выполнении пользовательского кода", false) == true): null

03-12-2024T03:28:36 - [MESSAGE][PASSED] - Text 'Произошла ошибка при выполнении пользовательского кода' is not present on page

03-12-2024T03:28:36 - [TEST_STEP][PASSED] - if (verifyTextNotPresent("У виджета нет данных", false) == true): null

03-12-2024T03:28:36 - [MESSAGE][PASSED] - Text 'У виджета нет данных' is not present on page

03-12-2024T03:28:36 - [TEST_STEP][PASSED] - if (verifyTextNotPresent("У виджета нет данных", false) == true): Text 'У виджета нет данных' is not present on page

03-12-2024T03:28:37 - [MESSAGE][PASSED] - Text 'У виджета нет данных' is not present on page

03-12-2024T03:28:37 - [TEST_STEP][PASSED] - click(findTestObject("Факторный анализ/Переключить отображение с месяца на филиал")): Object: 'Object Repository/Факторный анализ/Переключить отображение с месяца на филиал' is clicked on

03-12-2024T03:28:37 - [MESSAGE][PASSED] - Object: 'Object Repository/Факторный анализ/Переключить отображение с месяца на филиал' is clicked on

03-12-2024T03:28:37 - [TEST_STEP][PASSED] - click(findTestObject("Факторный анализ/Фильтр ДЗО")): Object: 'Object Repository/Факторный анализ/Фильтр ДЗО' is clicked on

03-12-2024T03:28:37 - [MESSAGE][PASSED] - Object: 'Object Repository/Факторный анализ/Фильтр ДЗО' is clicked on

03-12-2024T03:28:37 - [TEST_STEP][PASSED] - click(findTestObject("Факторный анализ/Снять выделение в фильтре ДЗО")): Object: 'Object Repository/Факторный анализ/Снять выделение в фильтре ДЗО' is clicked on

03-12-2024T03:28:38 - [MESSAGE][PASSED] - Object: 'Object Repository/Факторный анализ/Снять выделение в фильтре ДЗО' is clicked on

03-12-2024T03:28:38 - [TEST_STEP][PASSED] - scrollToElement(findTestObject("Общие объекты/ГАЭС"), 30): Scroll to object 'Object Repository/Общие объекты/ГАЭС' successfully

03-12-2024T03:28:38 - [MESSAGE][PASSED] - Scroll to object 'Object Repository/Общие объекты/ГАЭС' successfully

03-12-2024T03:28:38 - [TEST_STEP][PASSED] - click(findTestObject("Общие объекты/ГАЭС")): Object: 'Object Repository/Общие объекты/ГАЭС' is clicked on

03-12-2024T03:28:39 - [MESSAGE][PASSED] - Object: 'Object Repository/Общие объекты/ГАЭС' is clicked on

03-12-2024T03:28:39 - [TEST_STEP][PASSED] - Script1687405718449.Change(todaysDate, typeOfData): null

03-12-2024T03:28:39 - [TEST_STEP][PASSED] - scrollToElement(findTestObject("Факторный анализ/Заголовок дашборда"), 30): Scroll to object 'Object Repository/Факторный анализ/Заголовок дашборда' successfully

03-12-2024T03:28:39 - [MESSAGE][PASSED] - Scroll to object 'Object Repository/Факторный анализ/Заголовок дашборда' successfully

03-12-2024T03:28:39 - [TEST_STEP][PASSED] - click(findTestObject("Факторный анализ/Применить в фильтре ДЗО")): Object: 'Object Repository/Факторный анализ/Применить в фильтре ДЗО' is clicked on

03-12-2024T03:28:40 - [MESSAGE][PASSED] - Object: 'Object Repository/Факторный анализ/Применить в фильтре ДЗО' is clicked on

03-12-2024T03:28:40 - [TEST_STEP][PASSED] - typeOfData = "Филиал": null

03-12-2024T03:28:40 - [TEST_STEP][PASSED] - Script1687405718449.Test(todaysDate, typeOfData): null

03-12-2024T03:28:40 - [TEST_STEP][PASSED] - if (verifyTextNotPresent("нет данных", false) == true): null

03-12-2024T03:28:42 - [MESSAGE][PASSED] - Text 'нет данных' is not present on page

03-12-2024T03:28:42 - [TEST_STEP][PASSED] - if (verifyTextNotPresent("Ошибка запроса данных", false) == true): null

03-12-2024T03:28:43 - [MESSAGE][PASSED] - Text 'Ошибка запроса данных' is not present on page

03-12-2024T03:28:43 - [TEST_STEP][PASSED] - if (verifyTextNotPresent("Произошла ошибка при выполнении пользовательского кода", false) == true): null

03-12-2024T03:28:43 - [MESSAGE][PASSED] - Text 'Произошла ошибка при выполнении пользовательского кода' is not present on page

03-12-2024T03:28:43 - [TEST_STEP][PASSED] - if (verifyTextNotPresent("У виджета нет данных", false) == true): null

03-12-2024T03:28:44 - [MESSAGE][PASSED] - Text 'У виджета нет данных' is not present on page

03-12-2024T03:28:44 - [TEST_STEP][PASSED] - if (verifyTextNotPresent("У виджета нет данных", false) == true): Text 'У виджета нет данных' is not present on page

03-12-2024T03:28:44 - [MESSAGE][PASSED] - Text 'У виджета нет данных' is not present on page

03-12-2024T03:28:44 - [TEST_STEP][PASSED] - click(findTestObject("Факторный анализ/Переключить отображение с филиала на месяц")): Object: 'Object Repository/Факторный анализ/Переключить отображение с филиала на месяц' is clicked on

03-12-2024T03:28:45 - [MESSAGE][PASSED] - Object: 'Object Repository/Факторный анализ/Переключить отображение с филиала на месяц' is clicked on

03-12-2024T03:28:45 - [TEST_STEP][PASSED] - typeOfData = "Месяц": null

03-12-2024T03:28:45 - [TEST_STEP][PASSED] - Script1687405718449.Test(todaysDate, typeOfData): null

03-12-2024T03:28:45 - [TEST_STEP][PASSED] - if (verifyTextNotPresent("нет данных", false) == true): null

03-12-2024T03:28:45 - [MESSAGE][PASSED] - Text 'нет данных' is not present on page

03-12-2024T03:28:45 - [TEST_STEP][PASSED] - if (verifyTextNotPresent("Ошибка запроса данных", false) == true): null

03-12-2024T03:28:45 - [MESSAGE][PASSED] - Text 'Ошибка запроса данных' is not present on page

03-12-2024T03:28:45 - [TEST_STEP][PASSED] - if (verifyTextNotPresent("Произошла ошибка при выполнении пользовательского кода", false) == true): null

03-12-2024T03:28:46 - [MESSAGE][PASSED] - Text 'Произошла ошибка при выполнении пользовательского кода' is not present on page

03-12-2024T03:28:46 - [TEST_STEP][PASSED] - if (verifyTextNotPresent("У виджета нет данных", false) == true): null

03-12-2024T03:28:46 - [MESSAGE][PASSED] - Text 'У виджета нет данных' is not present on page

03-12-2024T03:28:46 - [TEST_STEP][PASSED] - if (verifyTextNotPresent("У виджета нет данных", false) == true): Text 'У виджета нет данных' is not present on page

03-12-2024T03:28:47 - [MESSAGE][PASSED] - Text 'У виджета нет данных' is not present on page

03-12-2024T03:28:47 - [TEST_STEP][PASSED] - click(findTestObject("Факторный анализ/Переключить отображение с месяца на филиал")): Object: 'Object Repository/Факторный анализ/Переключить отображение с месяца на филиал' is clicked on

03-12-2024T03:28:47 - [MESSAGE][PASSED] - Object: 'Object Repository/Факторный анализ/Переключить отображение с месяца на филиал' is clicked on

03-12-2024T03:28:47 - [TEST_STEP][PASSED] - click(findTestObject("Факторный анализ/Фильтр ДЗО")): Object: 'Object Repository/Факторный анализ/Фильтр ДЗО' is clicked on

03-12-2024T03:28:48 - [MESSAGE][PASSED] - Object: 'Object Repository/Факторный анализ/Фильтр ДЗО' is clicked on

03-12-2024T03:28:48 - [TEST_STEP][PASSED] - click(findTestObject("Факторный анализ/Снять выделение в фильтре ДЗО")): Object: 'Object Repository/Факторный анализ/Снять выделение в фильтре ДЗО' is clicked on

03-12-2024T03:28:48 - [MESSAGE][PASSED] - Object: 'Object Repository/Факторный анализ/Снять выделение в фильтре ДЗО' is clicked on

03-12-2024T03:28:48 - [TEST_STEP][PASSED] - scrollToElement(findTestObject("Общие объекты/Красноярскэнерго"), 30): Scroll to object 'Object Repository/Общие объекты/Красноярскэнерго' successfully

03-12-2024T03:28:48 - [MESSAGE][PASSED] - Scroll to object 'Object Repository/Общие объекты/Красноярскэнерго' successfully

03-12-2024T03:28:48 - [TEST_STEP][PASSED] - click(findTestObject("Общие объекты/Красноярскэнерго")): Object: 'Object Repository/Общие объекты/Красноярскэнерго' is clicked on

03-12-2024T03:28:49 - [MESSAGE][PASSED] - Object: 'Object Repository/Общие объекты/Красноярскэнерго' is clicked on

03-12-2024T03:28:49 - [TEST_STEP][PASSED] - Script1687405718449.Change(todaysDate, typeOfData): null

03-12-2024T03:28:49 - [TEST_STEP][PASSED] - scrollToElement(findTestObject("Факторный анализ/Заголовок дашборда"), 30): Scroll to object 'Object Repository/Факторный анализ/Заголовок дашборда' successfully

03-12-2024T03:28:49 - [MESSAGE][PASSED] - Scroll to object 'Object Repository/Факторный анализ/Заголовок дашборда' successfully

03-12-2024T03:28:49 - [TEST_STEP][PASSED] - click(findTestObject("Факторный анализ/Применить в фильтре ДЗО")): Object: 'Object Repository/Факторный анализ/Применить в фильтре ДЗО' is clicked on

03-12-2024T03:28:50 - [MESSAGE][PASSED] - Object: 'Object Repository/Факторный анализ/Применить в фильтре ДЗО' is clicked on

03-12-2024T03:28:50 - [TEST_STEP][PASSED] - typeOfData = "Филиал": null

03-12-2024T03:28:50 - [TEST_STEP][PASSED] - Script1687405718449.Test(todaysDate, typeOfData): null

03-12-2024T03:28:50 - [TEST_STEP][PASSED] - if (verifyTextNotPresent("нет данных", false) == true): null

03-12-2024T03:28:52 - [MESSAGE][PASSED] - Text 'нет данных' is not present on page

03-12-2024T03:28:52 - [TEST_STEP][PASSED] - if (verifyTextNotPresent("Ошибка запроса данных", false) == true): null

03-12-2024T03:28:53 - [MESSAGE][PASSED] - Text 'Ошибка запроса данных' is not present on page

03-12-2024T03:28:53 - [TEST_STEP][PASSED] - if (verifyTextNotPresent("Произошла ошибка при выполнении пользовательского кода", false) == true): null

03-12-2024T03:28:53 - [MESSAGE][PASSED] - Text 'Произошла ошибка при выполнении пользовательского кода' is not present on page

03-12-2024T03:28:53 - [TEST_STEP][PASSED] - if (verifyTextNotPresent("У виджета нет данных", false) == true): null

03-12-2024T03:28:54 - [MESSAGE][PASSED] - Text 'У виджета нет данных' is not present on page

03-12-2024T03:28:54 - [TEST_STEP][PASSED] - if (verifyTextNotPresent("У виджета нет данных", false) == true): Text 'У виджета нет данных' is not present on page

03-12-2024T03:28:54 - [MESSAGE][PASSED] - Text 'У виджета нет данных' is not present on page

03-12-2024T03:28:54 - [TEST_STEP][PASSED] - click(findTestObject("Факторный анализ/Переключить отображение с филиала на месяц")): Object: 'Object Repository/Факторный анализ/Переключить отображение с филиала на месяц' is clicked on

03-12-2024T03:28:54 - [MESSAGE][PASSED] - Object: 'Object Repository/Факторный анализ/Переключить отображение с филиала на месяц' is clicked on

03-12-2024T03:28:54 - [TEST_STEP][PASSED] - typeOfData = "Месяц": null

03-12-2024T03:28:54 - [TEST_STEP][PASSED] - Script1687405718449.Test(todaysDate, typeOfData): null

03-12-2024T03:28:54 - [TEST_STEP][PASSED] - if (verifyTextNotPresent("нет данных", false) == true): null

03-12-2024T03:28:55 - [MESSAGE][PASSED] - Text 'нет данных' is not present on page

03-12-2024T03:28:55 - [TEST_STEP][PASSED] - if (verifyTextNotPresent("Ошибка запроса данных", false) == true): null

03-12-2024T03:28:55 - [MESSAGE][PASSED] - Text 'Ошибка запроса данных' is not present on page

03-12-2024T03:28:55 - [TEST_STEP][PASSED] - if (verifyTextNotPresent("Произошла ошибка при выполнении пользовательского кода", false) == true): null

03-12-2024T03:28:56 - [MESSAGE][PASSED] - Text 'Произошла ошибка при выполнении пользовательского кода' is not present on page

03-12-2024T03:28:56 - [TEST_STEP][PASSED] - if (verifyTextNotPresent("У виджета нет данных", false) == true): null

03-12-2024T03:28:56 - [MESSAGE][PASSED] - Text 'У виджета нет данных' is not present on page

03-12-2024T03:28:56 - [TEST_STEP][PASSED] - if (verifyTextNotPresent("У виджета нет данных", false) == true): Text 'У виджета нет данных' is not present on page

03-12-2024T03:28:57 - [MESSAGE][PASSED] - Text 'У виджета нет данных' is not present on page

03-12-2024T03:28:57 - [TEST_STEP][PASSED] - click(findTestObject("Факторный анализ/Переключить отображение с месяца на филиал")): Object: 'Object Repository/Факторный анализ/Переключить отображение с месяца на филиал' is clicked on

03-12-2024T03:28:57 - [MESSAGE][PASSED] - Object: 'Object Repository/Факторный анализ/Переключить отображение с месяца на филиал' is clicked on

03-12-2024T03:28:57 - [TEST_STEP][PASSED] - click(findTestObject("Факторный анализ/Фильтр ДЗО")): Object: 'Object Repository/Факторный анализ/Фильтр ДЗО' is clicked on

03-12-2024T03:28:57 - [MESSAGE][PASSED] - Object: 'Object Repository/Факторный анализ/Фильтр ДЗО' is clicked on

03-12-2024T03:28:57 - [TEST_STEP][PASSED] - click(findTestObject("Факторный анализ/Снять выделение в фильтре ДЗО")): Object: 'Object Repository/Факторный анализ/Снять выделение в фильтре ДЗО' is clicked on

03-12-2024T03:28:58 - [MESSAGE][PASSED] - Object: 'Object Repository/Факторный анализ/Снять выделение в фильтре ДЗО' is clicked on

03-12-2024T03:28:58 - [TEST_STEP][PASSED] - scrollToElement(findTestObject("Общие объекты/Кузбассэнерго-РЭС"), 30): Scroll to object 'Object Repository/Общие объекты/Кузбассэнерго-РЭС' successfully

03-12-2024T03:28:58 - [MESSAGE][PASSED] - Scroll to object 'Object Repository/Общие объекты/Кузбассэнерго-РЭС' successfully

03-12-2024T03:28:58 - [TEST_STEP][PASSED] - click(findTestObject("Общие объекты/Кузбассэнерго-РЭС")): Object: 'Object Repository/Общие объекты/Кузбассэнерго-РЭС' is clicked on

03-12-2024T03:28:59 - [MESSAGE][PASSED] - Object: 'Object Repository/Общие объекты/Кузбассэнерго-РЭС' is clicked on

03-12-2024T03:28:59 - [TEST_STEP][PASSED] - Script1687405718449.Change(todaysDate, typeOfData): null

03-12-2024T03:28:59 - [TEST_STEP][PASSED] - scrollToElement(findTestObject("Факторный анализ/Заголовок дашборда"), 30): Scroll to object 'Object Repository/Факторный анализ/Заголовок дашборда' successfully

03-12-2024T03:28:59 - [MESSAGE][PASSED] - Scroll to object 'Object Repository/Факторный анализ/Заголовок дашборда' successfully

03-12-2024T03:28:59 - [TEST_STEP][PASSED] - click(findTestObject("Факторный анализ/Применить в фильтре ДЗО")): Object: 'Object Repository/Факторный анализ/Применить в фильтре ДЗО' is clicked on

03-12-2024T03:29:00 - [MESSAGE][PASSED] - Object: 'Object Repository/Факторный анализ/Применить в фильтре ДЗО' is clicked on

03-12-2024T03:29:00 - [TEST_STEP][PASSED] - typeOfData = "Филиал": null

03-12-2024T03:29:00 - [TEST_STEP][PASSED] - Script1687405718449.Test(todaysDate, typeOfData): null

03-12-2024T03:29:00 - [TEST_STEP][PASSED] - if (verifyTextNotPresent("нет данных", false) == true): null

03-12-2024T03:29:02 - [MESSAGE][PASSED] - Text 'нет данных' is not present on page

03-12-2024T03:29:02 - [TEST_STEP][PASSED] - if (verifyTextNotPresent("Ошибка запроса данных", false) == true): null

03-12-2024T03:29:04 - [MESSAGE][PASSED] - Text 'Ошибка запроса данных' is not present on page

03-12-2024T03:29:04 - [TEST_STEP][PASSED] - if (verifyTextNotPresent("Произошла ошибка при выполнении пользовательского кода", false) == true): null

03-12-2024T03:29:04 - [MESSAGE][PASSED] - Text 'Произошла ошибка при выполнении пользовательского кода' is not present on page

03-12-2024T03:29:04 - [TEST_STEP][PASSED] - if (verifyTextNotPresent("У виджета нет данных", false) == true): null

03-12-2024T03:29:05 - [MESSAGE][PASSED] - Text 'У виджета нет данных' is not present on page

03-12-2024T03:29:05 - [TEST_STEP][PASSED] - if (verifyTextNotPresent("У виджета нет данных", false) == true): Text 'У виджета нет данных' is not present on page

03-12-2024T03:29:05 - [MESSAGE][PASSED] - Text 'У виджета нет данных' is not present on page

03-12-2024T03:29:05 - [TEST_STEP][PASSED] - click(findTestObject("Факторный анализ/Переключить отображение с филиала на месяц")): Object: 'Object Repository/Факторный анализ/Переключить отображение с филиала на месяц' is clicked on

03-12-2024T03:29:06 - [MESSAGE][PASSED] - Object: 'Object Repository/Факторный анализ/Переключить отображение с филиала на месяц' is clicked on

03-12-2024T03:29:06 - [TEST_STEP][PASSED] - typeOfData = "Месяц": null

03-12-2024T03:29:06 - [TEST_STEP][PASSED] - Script1687405718449.Test(todaysDate, typeOfData): null

03-12-2024T03:29:06 - [TEST_STEP][PASSED] - if (verifyTextNotPresent("нет данных", false) == true): null

03-12-2024T03:29:06 - [MESSAGE][PASSED] - Text 'нет данных' is not present on page

03-12-2024T03:29:06 - [TEST_STEP][PASSED] - if (verifyTextNotPresent("Ошибка запроса данных", false) == true): null

03-12-2024T03:29:07 - [MESSAGE][PASSED] - Text 'Ошибка запроса данных' is not present on page

03-12-2024T03:29:07 - [TEST_STEP][PASSED] - if (verifyTextNotPresent("Произошла ошибка при выполнении пользовательского кода", false) == true): null

03-12-2024T03:29:07 - [MESSAGE][PASSED] - Text 'Произошла ошибка при выполнении пользовательского кода' is not present on page

03-12-2024T03:29:07 - [TEST_STEP][PASSED] - if (verifyTextNotPresent("У виджета нет данных", false) == true): null

03-12-2024T03:29:07 - [MESSAGE][PASSED] - Text 'У виджета нет данных' is not present on page

03-12-2024T03:29:07 - [TEST_STEP][PASSED] - if (verifyTextNotPresent("У виджета нет данных", false) == true): Text 'У виджета нет данных' is not present on page

03-12-2024T03:29:08 - [MESSAGE][PASSED] - Text 'У виджета нет данных' is not present on page

03-12-2024T03:29:08 - [TEST_STEP][PASSED] - click(findTestObject("Факторный анализ/Переключить отображение с месяца на филиал")): Object: 'Object Repository/Факторный анализ/Переключить отображение с месяца на филиал' is clicked on

03-12-2024T03:29:08 - [MESSAGE][PASSED] - Object: 'Object Repository/Факторный анализ/Переключить отображение с месяца на филиал' is clicked on

03-12-2024T03:29:08 - [TEST_STEP][PASSED] - click(findTestObject("Факторный анализ/Фильтр ДЗО")): Object: 'Object Repository/Факторный анализ/Фильтр ДЗО' is clicked on

03-12-2024T03:29:09 - [MESSAGE][PASSED] - Object: 'Object Repository/Факторный анализ/Фильтр ДЗО' is clicked on

03-12-2024T03:29:09 - [TEST_STEP][PASSED] - click(findTestObject("Факторный анализ/Снять выделение в фильтре ДЗО")): Object: 'Object Repository/Факторный анализ/Снять выделение в фильтре ДЗО' is clicked on

03-12-2024T03:29:09 - [MESSAGE][PASSED] - Object: 'Object Repository/Факторный анализ/Снять выделение в фильтре ДЗО' is clicked on

03-12-2024T03:29:09 - [TEST_STEP][PASSED] - scrollToElement(findTestObject("Общие объекты/Омскэнерго"), 30): Scroll to object 'Object Repository/Общие объекты/Омскэнерго' successfully

03-12-2024T03:29:09 - [MESSAGE][PASSED] - Scroll to object 'Object Repository/Общие объекты/Омскэнерго' successfully

03-12-2024T03:29:09 - [TEST_STEP][PASSED] - click(findTestObject("Общие объекты/Омскэнерго")): Object: 'Object Repository/Общие объекты/Омскэнерго' is clicked on

03-12-2024T03:29:10 - [MESSAGE][PASSED] - Object: 'Object Repository/Общие объекты/Омскэнерго' is clicked on

03-12-2024T03:29:10 - [TEST_STEP][PASSED] - Script1687405718449.Change(todaysDate, typeOfData): null

03-12-2024T03:29:10 - [TEST_STEP][PASSED] - scrollToElement(findTestObject("Факторный анализ/Заголовок дашборда"), 30): Scroll to object 'Object Repository/Факторный анализ/Заголовок дашборда' successfully

03-12-2024T03:29:10 - [MESSAGE][PASSED] - Scroll to object 'Object Repository/Факторный анализ/Заголовок дашборда' successfully

03-12-2024T03:29:10 - [TEST_STEP][PASSED] - click(findTestObject("Факторный анализ/Применить в фильтре ДЗО")): Object: 'Object Repository/Факторный анализ/Применить в фильтре ДЗО' is clicked on

03-12-2024T03:29:11 - [MESSAGE][PASSED] - Object: 'Object Repository/Факторный анализ/Применить в фильтре ДЗО' is clicked on

03-12-2024T03:29:11 - [TEST_STEP][PASSED] - typeOfData = "Филиал": null

03-12-2024T03:29:11 - [TEST_STEP][PASSED] - Script1687405718449.Test(todaysDate, typeOfData): null

03-12-2024T03:29:11 - [TEST_STEP][PASSED] - if (verifyTextNotPresent("нет данных", false) == true): null

03-12-2024T03:29:14 - [MESSAGE][PASSED] - Text 'нет данных' is not present on page

03-12-2024T03:29:14 - [TEST_STEP][PASSED] - if (verifyTextNotPresent("Ошибка запроса данных", false) == true): null

03-12-2024T03:29:14 - [MESSAGE][PASSED] - Text 'Ошибка запроса данных' is not present on page

03-12-2024T03:29:14 - [TEST_STEP][PASSED] - if (verifyTextNotPresent("Произошла ошибка при выполнении пользовательского кода", false) == true): null

03-12-2024T03:29:15 - [MESSAGE][PASSED] - Text 'Произошла ошибка при выполнении пользовательского кода' is not present on page

03-12-2024T03:29:15 - [TEST_STEP][PASSED] - if (verifyTextNotPresent("У виджета нет данных", false) == true): null

03-12-2024T03:29:15 - [MESSAGE][PASSED] - Text 'У виджета нет данных' is not present on page

03-12-2024T03:29:15 - [TEST_STEP][PASSED] - if (verifyTextNotPresent("У виджета нет данных", false) == true): Text 'У виджета нет данных' is not present on page

03-12-2024T03:29:16 - [MESSAGE][PASSED] - Text 'У виджета нет данных' is not present on page

03-12-2024T03:29:16 - [TEST_STEP][PASSED] - click(findTestObject("Факторный анализ/Переключить отображение с филиала на месяц")): Object: 'Object Repository/Факторный анализ/Переключить отображение с филиала на месяц' is clicked on

03-12-2024T03:29:16 - [MESSAGE][PASSED] - Object: 'Object Repository/Факторный анализ/Переключить отображение с филиала на месяц' is clicked on

03-12-2024T03:29:16 - [TEST_STEP][PASSED] - typeOfData = "Месяц": null

03-12-2024T03:29:16 - [TEST_STEP][PASSED] - Script1687405718449.Test(todaysDate, typeOfData): null

03-12-2024T03:29:16 - [TEST_STEP][PASSED] - if (verifyTextNotPresent("нет данных", false) == true): null

03-12-2024T03:29:16 - [MESSAGE][PASSED] - Text 'нет данных' is not present on page

03-12-2024T03:29:16 - [TEST_STEP][PASSED] - if (verifyTextNotPresent("Ошибка запроса данных", false) == true): null

03-12-2024T03:29:17 - [MESSAGE][PASSED] - Text 'Ошибка запроса данных' is not present on page

03-12-2024T03:29:17 - [TEST_STEP][PASSED] - if (verifyTextNotPresent("Произошла ошибка при выполнении пользовательского кода", false) == true): null

03-12-2024T03:29:17 - [MESSAGE][PASSED] - Text 'Произошла ошибка при выполнении пользовательского кода' is not present on page

03-12-2024T03:29:17 - [TEST_STEP][PASSED] - if (verifyTextNotPresent("У виджета нет данных", false) == true): null

03-12-2024T03:29:18 - [MESSAGE][PASSED] - Text 'У виджета нет данных' is not present on page

03-12-2024T03:29:18 - [TEST_STEP][PASSED] - if (verifyTextNotPresent("У виджета нет данных", false) == true): Text 'У виджета нет данных' is not present on page

03-12-2024T03:29:18 - [MESSAGE][PASSED] - Text 'У виджета нет данных' is not present on page

03-12-2024T03:29:18 - [TEST_STEP][PASSED] - click(findTestObject("Факторный анализ/Переключить отображение с месяца на филиал")): Object: 'Object Repository/Факторный анализ/Переключить отображение с месяца на филиал' is clicked on

03-12-2024T03:29:19 - [MESSAGE][PASSED] - Object: 'Object Repository/Факторный анализ/Переключить отображение с месяца на филиал' is clicked on

03-12-2024T03:29:19 - [TEST_STEP][PASSED] - click(findTestObject("Факторный анализ/Фильтр ДЗО")): Object: 'Object Repository/Факторный анализ/Фильтр ДЗО' is clicked on

03-12-2024T03:29:19 - [MESSAGE][PASSED] - Object: 'Object Repository/Факторный анализ/Фильтр ДЗО' is clicked on

03-12-2024T03:29:19 - [TEST_STEP][PASSED] - click(findTestObject("Факторный анализ/Снять выделение в фильтре ДЗО")): Object: 'Object Repository/Факторный анализ/Снять выделение в фильтре ДЗО' is clicked on

03-12-2024T03:29:19 - [MESSAGE][PASSED] - Object: 'Object Repository/Факторный анализ/Снять выделение в фильтре ДЗО' is clicked on

03-12-2024T03:29:19 - [TEST_STEP][PASSED] - scrollToElement(findTestObject("Общие объекты/Хакасэнерго"), 30): Scroll to object 'Object Repository/Общие объекты/Хакасэнерго' successfully

03-12-2024T03:29:20 - [MESSAGE][PASSED] - Scroll to object 'Object Repository/Общие объекты/Хакасэнерго' successfully

03-12-2024T03:29:20 - [TEST_STEP][PASSED] - click(findTestObject("Общие объекты/Хакасэнерго")): Object: 'Object Repository/Общие объекты/Хакасэнерго' is clicked on

03-12-2024T03:29:20 - [MESSAGE][PASSED] - Object: 'Object Repository/Общие объекты/Хакасэнерго' is clicked on

03-12-2024T03:29:20 - [TEST_STEP][PASSED] - Script1687405718449.Change(todaysDate, typeOfData): null

03-12-2024T03:29:20 - [TEST_STEP][PASSED] - scrollToElement(findTestObject("Факторный анализ/Заголовок дашборда"), 30): Scroll to object 'Object Repository/Факторный анализ/Заголовок дашборда' successfully

03-12-2024T03:29:21 - [MESSAGE][PASSED] - Scroll to object 'Object Repository/Факторный анализ/Заголовок дашборда' successfully

03-12-2024T03:29:21 - [TEST_STEP][PASSED] - click(findTestObject("Факторный анализ/Применить в фильтре ДЗО")): Object: 'Object Repository/Факторный анализ/Применить в фильтре ДЗО' is clicked on

03-12-2024T03:29:21 - [MESSAGE][PASSED] - Object: 'Object Repository/Факторный анализ/Применить в фильтре ДЗО' is clicked on

03-12-2024T03:29:21 - [TEST_STEP][PASSED] - typeOfData = "Филиал": null

03-12-2024T03:29:21 - [TEST_STEP][PASSED] - Script1687405718449.Test(todaysDate, typeOfData): null

03-12-2024T03:29:21 - [TEST_STEP][PASSED] - if (verifyTextNotPresent("нет данных", false) == true): null

03-12-2024T03:29:25 - [MESSAGE][PASSED] - Text 'нет данных' is not present on page

03-12-2024T03:29:25 - [TEST_STEP][PASSED] - if (verifyTextNotPresent("Ошибка запроса данных", false) == true): null

03-12-2024T03:29:26 - [MESSAGE][PASSED] - Text 'Ошибка запроса данных' is not present on page

03-12-2024T03:29:26 - [TEST_STEP][PASSED] - if (verifyTextNotPresent("Произошла ошибка при выполнении пользовательского кода", false) == true): null

03-12-2024T03:29:26 - [MESSAGE][PASSED] - Text 'Произошла ошибка при выполнении пользовательского кода' is not present on page

03-12-2024T03:29:26 - [TEST_STEP][PASSED] - if (verifyTextNotPresent("У виджета нет данных", false) == true): null

03-12-2024T03:29:27 - [MESSAGE][PASSED] - Text 'У виджета нет данных' is not present on page

03-12-2024T03:29:27 - [TEST_STEP][PASSED] - if (verifyTextNotPresent("У виджета нет данных", false) == true): Text 'У виджета нет данных' is not present on page

03-12-2024T03:29:27 - [MESSAGE][PASSED] - Text 'У виджета нет данных' is not present on page

03-12-2024T03:29:27 - [TEST_STEP][PASSED] - click(findTestObject("Факторный анализ/Переключить отображение с филиала на месяц")): Object: 'Object Repository/Факторный анализ/Переключить отображение с филиала на месяц' is clicked on

03-12-2024T03:29:27 - [MESSAGE][PASSED] - Object: 'Object Repository/Факторный анализ/Переключить отображение с филиала на месяц' is clicked on

03-12-2024T03:29:27 - [TEST_STEP][PASSED] - typeOfData = "Месяц": null

03-12-2024T03:29:27 - [TEST_STEP][PASSED] - Script1687405718449.Test(todaysDate, typeOfData): null

03-12-2024T03:29:27 - [TEST_STEP][PASSED] - if (verifyTextNotPresent("нет данных", false) == true): null

03-12-2024T03:29:28 - [MESSAGE][PASSED] - Text 'нет данных' is not present on page

03-12-2024T03:29:28 - [TEST_STEP][PASSED] - if (verifyTextNotPresent("Ошибка запроса данных", false) == true): null

03-12-2024T03:29:28 - [MESSAGE][PASSED] - Text 'Ошибка запроса данных' is not present on page

03-12-2024T03:29:28 - [TEST_STEP][PASSED] - if (verifyTextNotPresent("Произошла ошибка при выполнении пользовательского кода", false) == true): null

03-12-2024T03:29:29 - [MESSAGE][PASSED] - Text 'Произошла ошибка при выполнении пользовательского кода' is not present on page

03-12-2024T03:29:29 - [TEST_STEP][PASSED] - if (verifyTextNotPresent("У виджета нет данных", false) == true): null

03-12-2024T03:29:29 - [MESSAGE][PASSED] - Text 'У виджета нет данных' is not present on page

03-12-2024T03:29:29 - [TEST_STEP][PASSED] - if (verifyTextNotPresent("У виджета нет данных", false) == true): Text 'У виджета нет данных' is not present on page

03-12-2024T03:29:30 - [MESSAGE][PASSED] - Text 'У виджета нет данных' is not present on page

03-12-2024T03:29:30 - [TEST_STEP][PASSED] - click(findTestObject("Факторный анализ/Переключить отображение с месяца на филиал")): Object: 'Object Repository/Факторный анализ/Переключить отображение с месяца на филиал' is clicked on

03-12-2024T03:29:30 - [MESSAGE][PASSED] - Object: 'Object Repository/Факторный анализ/Переключить отображение с месяца на филиал' is clicked on

03-12-2024T03:29:30 - [TEST_STEP][PASSED] - click(findTestObject("Факторный анализ/Фильтр ДЗО")): Object: 'Object Repository/Факторный анализ/Фильтр ДЗО' is clicked on

03-12-2024T03:29:30 - [MESSAGE][PASSED] - Object: 'Object Repository/Факторный анализ/Фильтр ДЗО' is clicked on

03-12-2024T03:29:30 - [TEST_STEP][PASSED] - click(findTestObject("Факторный анализ/Снять выделение в фильтре ДЗО")): Object: 'Object Repository/Факторный анализ/Снять выделение в фильтре ДЗО' is clicked on

03-12-2024T03:29:31 - [MESSAGE][PASSED] - Object: 'Object Repository/Факторный анализ/Снять выделение в фильтре ДЗО' is clicked on

03-12-2024T03:29:31 - [TEST_STEP][PASSED] - scrollToElement(findTestObject("Общие объекты/Читаэнерго"), 30): Scroll to object 'Object Repository/Общие объекты/Читаэнерго' successfully

03-12-2024T03:29:31 - [MESSAGE][PASSED] - Scroll to object 'Object Repository/Общие объекты/Читаэнерго' successfully

03-12-2024T03:29:31 - [TEST_STEP][PASSED] - click(findTestObject("Общие объекты/Читаэнерго")): Object: 'Object Repository/Общие объекты/Читаэнерго' is clicked on

03-12-2024T03:29:32 - [MESSAGE][PASSED] - Object: 'Object Repository/Общие объекты/Читаэнерго' is clicked on

03-12-2024T03:29:32 - [TEST_STEP][PASSED] - Script1687405718449.Change(todaysDate, typeOfData): null

03-12-2024T03:29:32 - [TEST_STEP][PASSED] - scrollToElement(findTestObject("Факторный анализ/Заголовок дашборда"), 30): Scroll to object 'Object Repository/Факторный анализ/Заголовок дашборда' successfully

03-12-2024T03:29:32 - [MESSAGE][PASSED] - Scroll to object 'Object Repository/Факторный анализ/Заголовок дашборда' successfully

03-12-2024T03:29:32 - [TEST_STEP][PASSED] - click(findTestObject("Факторный анализ/Применить в фильтре ДЗО")): Object: 'Object Repository/Факторный анализ/Применить в фильтре ДЗО' is clicked on

03-12-2024T03:29:33 - [MESSAGE][PASSED] - Object: 'Object Repository/Факторный анализ/Применить в фильтре ДЗО' is clicked on

03-12-2024T03:29:33 - [TEST_STEP][PASSED] - typeOfData = "Филиал": null

03-12-2024T03:29:33 - [TEST_STEP][PASSED] - Script1687405718449.Test(todaysDate, typeOfData): null

03-12-2024T03:29:33 - [TEST_STEP][PASSED] - if (verifyTextNotPresent("нет данных", false) == true): null

03-12-2024T03:29:36 - [MESSAGE][PASSED] - Text 'нет данных' is not present on page

03-12-2024T03:29:36 - [TEST_STEP][PASSED] - if (verifyTextNotPresent("Ошибка запроса данных", false) == true): null

03-12-2024T03:29:36 - [MESSAGE][PASSED] - Text 'Ошибка запроса данных' is not present on page

03-12-2024T03:29:36 - [TEST_STEP][PASSED] - if (verifyTextNotPresent("Произошла ошибка при выполнении пользовательского кода", false) == true): null

03-12-2024T03:29:37 - [MESSAGE][PASSED] - Text 'Произошла ошибка при выполнении пользовательского кода' is not present on page

03-12-2024T03:29:37 - [TEST_STEP][PASSED] - if (verifyTextNotPresent("У виджета нет данных", false) == true): null

03-12-2024T03:29:37 - [MESSAGE][PASSED] - Text 'У виджета нет данных' is not present on page

03-12-2024T03:29:37 - [TEST_STEP][PASSED] - if (verifyTextNotPresent("У виджета нет данных", false) == true): Text 'У виджета нет данных' is not present on page

03-12-2024T03:29:38 - [MESSAGE][PASSED] - Text 'У виджета нет данных' is not present on page

03-12-2024T03:29:38 - [TEST_STEP][PASSED] - click(findTestObject("Факторный анализ/Переключить отображение с филиала на месяц")): Object: 'Object Repository/Факторный анализ/Переключить отображение с филиала на месяц' is clicked on

03-12-2024T03:29:38 - [MESSAGE][PASSED] - Object: 'Object Repository/Факторный анализ/Переключить отображение с филиала на месяц' is clicked on

03-12-2024T03:29:38 - [TEST_STEP][PASSED] - typeOfData = "Месяц": null

03-12-2024T03:29:38 - [TEST_STEP][PASSED] - Script1687405718449.Test(todaysDate, typeOfData): null

03-12-2024T03:29:38 - [TEST_STEP][PASSED] - if (verifyTextNotPresent("нет данных", false) == true): null

03-12-2024T03:29:38 - [MESSAGE][PASSED] - Text 'нет данных' is not present on page

03-12-2024T03:29:38 - [TEST_STEP][PASSED] - if (verifyTextNotPresent("Ошибка запроса данных", false) == true): null

03-12-2024T03:29:39 - [MESSAGE][PASSED] - Text 'Ошибка запроса данных' is not present on page

03-12-2024T03:29:39 - [TEST_STEP][PASSED] - if (verifyTextNotPresent("Произошла ошибка при выполнении пользовательского кода", false) == true): null

03-12-2024T03:29:39 - [MESSAGE][PASSED] - Text 'Произошла ошибка при выполнении пользовательского кода' is not present on page

03-12-2024T03:29:39 - [TEST_STEP][PASSED] - if (verifyTextNotPresent("У виджета нет данных", false) == true): null

03-12-2024T03:29:40 - [MESSAGE][PASSED] - Text 'У виджета нет данных' is not present on page

03-12-2024T03:29:40 - [TEST_STEP][PASSED] - if (verifyTextNotPresent("У виджета нет данных", false) == true): Text 'У виджета нет данных' is not present on page

03-12-2024T03:29:40 - [MESSAGE][PASSED] - Text 'У виджета нет данных' is not present on page

03-12-2024T03:29:40 - [TEST_STEP][PASSED] - click(findTestObject("Факторный анализ/Переключить отображение с месяца на филиал")): Object: 'Object Repository/Факторный анализ/Переключить отображение с месяца на филиал' is clicked on

03-12-2024T03:29:41 - [MESSAGE][PASSED] - Object: 'Object Repository/Факторный анализ/Переключить отображение с месяца на филиал' is clicked on

03-12-2024T03:29:41 - [TEST_STEP][PASSED] - click(findTestObject("Факторный анализ/Фильтр ДЗО")): Object: 'Object Repository/Факторный анализ/Фильтр ДЗО' is clicked on

03-12-2024T03:29:41 - [MESSAGE][PASSED] - Object: 'Object Repository/Факторный анализ/Фильтр ДЗО' is clicked on

03-12-2024T03:29:41 - [TEST_STEP][PASSED] - click(findTestObject("Факторный анализ/Снять выделение в фильтре ДЗО")): Object: 'Object Repository/Факторный анализ/Снять выделение в фильтре ДЗО' is clicked on

03-12-2024T03:29:42 - [MESSAGE][PASSED] - Object: 'Object Repository/Факторный анализ/Снять выделение в фильтре ДЗО' is clicked on

03-12-2024T03:29:42 - [TEST_STEP][PASSED] - scrollToElement(findTestObject("Общие объекты/Раскрыть список Россети Томск"), 30): Scroll to object 'Object Repository/Общие объекты/Раскрыть список Россети Томск' successfully

03-12-2024T03:29:42 - [MESSAGE][PASSED] - Scroll to object 'Object Repository/Общие объекты/Раскрыть список Россети Томск' successfully

03-12-2024T03:29:42 - [TEST_STEP][PASSED] - click(findTestObject("Факторный анализ/Россети Томск")): Object: 'Object Repository/Факторный анализ/Россети Томск' is clicked on

03-12-2024T03:29:42 - [MESSAGE][PASSED] - Object: 'Object Repository/Факторный анализ/Россети Томск' is clicked on

03-12-2024T03:29:42 - [TEST_STEP][PASSED] - Script1687405718449.Change(todaysDate, typeOfData): null

03-12-2024T03:29:42 - [TEST_STEP][PASSED] - scrollToElement(findTestObject("Факторный анализ/Заголовок дашборда"), 30): Scroll to object 'Object Repository/Факторный анализ/Заголовок дашборда' successfully

03-12-2024T03:29:43 - [MESSAGE][PASSED] - Scroll to object 'Object Repository/Факторный анализ/Заголовок дашборда' successfully

03-12-2024T03:29:43 - [TEST_STEP][PASSED] - click(findTestObject("Факторный анализ/Применить в фильтре ДЗО")): Object: 'Object Repository/Факторный анализ/Применить в фильтре ДЗО' is clicked on

03-12-2024T03:29:43 - [MESSAGE][PASSED] - Object: 'Object Repository/Факторный анализ/Применить в фильтре ДЗО' is clicked on

03-12-2024T03:29:43 - [TEST_STEP][PASSED] - typeOfData = "Филиал": null

03-12-2024T03:29:43 - [TEST_STEP][PASSED] - Script1687405718449.Test(todaysDate, typeOfData): null

03-12-2024T03:29:43 - [TEST_STEP][PASSED] - if (verifyTextNotPresent("нет данных", false) == true): null

03-12-2024T03:29:46 - [MESSAGE][PASSED] - Text 'нет данных' is not present on page

03-12-2024T03:29:46 - [TEST_STEP][PASSED] - if (verifyTextNotPresent("Ошибка запроса данных", false) == true): null

03-12-2024T03:29:47 - [MESSAGE][PASSED] - Text 'Ошибка запроса данных' is not present on page

03-12-2024T03:29:47 - [TEST_STEP][PASSED] - if (verifyTextNotPresent("Произошла ошибка при выполнении пользовательского кода", false) == true): null

03-12-2024T03:29:47 - [MESSAGE][PASSED] - Text 'Произошла ошибка при выполнении пользовательского кода' is not present on page

03-12-2024T03:29:47 - [TEST_STEP][PASSED] - if (verifyTextNotPresent("У виджета нет данных", false) == true): null

03-12-2024T03:29:48 - [MESSAGE][PASSED] - Text 'У виджета нет данных' is not present on page

03-12-2024T03:29:48 - [TEST_STEP][PASSED] - if (verifyTextNotPresent("У виджета нет данных", false) == true): Text 'У виджета нет данных' is not present on page

03-12-2024T03:29:48 - [MESSAGE][PASSED] - Text 'У виджета нет данных' is not present on page

03-12-2024T03:29:48 - [TEST_STEP][PASSED] - click(findTestObject("Факторный анализ/Переключить отображение с филиала на месяц")): Object: 'Object Repository/Факторный анализ/Переключить отображение с филиала на месяц' is clicked on

03-12-2024T03:29:49 - [MESSAGE][PASSED] - Object: 'Object Repository/Факторный анализ/Переключить отображение с филиала на месяц' is clicked on

03-12-2024T03:29:49 - [TEST_STEP][PASSED] - typeOfData = "Месяц": null

03-12-2024T03:29:49 - [TEST_STEP][PASSED] - Script1687405718449.Test(todaysDate, typeOfData): null

03-12-2024T03:29:49 - [TEST_STEP][PASSED] - if (verifyTextNotPresent("нет данных", false) == true): null

03-12-2024T03:29:49 - [MESSAGE][PASSED] - Text 'нет данных' is not present on page

03-12-2024T03:29:49 - [TEST_STEP][PASSED] - if (verifyTextNotPresent("Ошибка запроса данных", false) == true): null

03-12-2024T03:29:50 - [MESSAGE][PASSED] - Text 'Ошибка запроса данных' is not present on page

03-12-2024T03:29:50 - [TEST_STEP][PASSED] - if (verifyTextNotPresent("Произошла ошибка при выполнении пользовательского кода", false) == true): null

03-12-2024T03:29:50 - [MESSAGE][PASSED] - Text 'Произошла ошибка при выполнении пользовательского кода' is not present on page

03-12-2024T03:29:50 - [TEST_STEP][PASSED] - if (verifyTextNotPresent("У виджета нет данных", false) == true): null

03-12-2024T03:29:50 - [MESSAGE][PASSED] - Text 'У виджета нет данных' is not present on page

03-12-2024T03:29:50 - [TEST_STEP][PASSED] - if (verifyTextNotPresent("У виджета нет данных", false) == true): Text 'У виджета нет данных' is not present on page

03-12-2024T03:29:51 - [MESSAGE][PASSED] - Text 'У виджета нет данных' is not present on page

03-12-2024T03:29:51 - [TEST_STEP][PASSED] - click(findTestObject("Факторный анализ/Переключить отображение с месяца на филиал")): Object: 'Object Repository/Факторный анализ/Переключить отображение с месяца на филиал' is clicked on

03-12-2024T03:29:51 - [MESSAGE][PASSED] - Object: 'Object Repository/Факторный анализ/Переключить отображение с месяца на филиал' is clicked on

03-12-2024T03:29:51 - [TEST_STEP][PASSED] - click(findTestObject("Факторный анализ/Фильтр ДЗО")): Object: 'Object Repository/Факторный анализ/Фильтр ДЗО' is clicked on

03-12-2024T03:29:52 - [MESSAGE][PASSED] - Object: 'Object Repository/Факторный анализ/Фильтр ДЗО' is clicked on

03-12-2024T03:29:52 - [TEST_STEP][PASSED] - click(findTestObject("Факторный анализ/Снять выделение в фильтре ДЗО")): Object: 'Object Repository/Факторный анализ/Снять выделение в фильтре ДЗО' is clicked on

03-12-2024T03:29:52 - [MESSAGE][PASSED] - Object: 'Object Repository/Факторный анализ/Снять выделение в фильтре ДЗО' is clicked on

03-12-2024T03:29:52 - [TEST_STEP][PASSED] - scrollToElement(findTestObject("Общие объекты/Раскрыть список Россети Томск"), 30): Scroll to object 'Object Repository/Общие объекты/Раскрыть список Россети Томск' successfully

03-12-2024T03:29:52 - [MESSAGE][PASSED] - Scroll to object 'Object Repository/Общие объекты/Раскрыть список Россети Томск' successfully

03-12-2024T03:29:52 - [TEST_STEP][PASSED] - click(findTestObject("Общие объекты/Раскрыть список Россети Томск")): Object: 'Object Repository/Общие объекты/Раскрыть список Россети Томск' is clicked on

03-12-2024T03:29:53 - [MESSAGE][PASSED] - Object: 'Object Repository/Общие объекты/Раскрыть список Россети Томск' is clicked on

03-12-2024T03:29:53 - [TEST_STEP][PASSED] - click(findTestObject("Общие объекты/Раскрыть список Россети Томск")): Object: 'Object Repository/Общие объекты/Раскрыть список Россети Томск' is clicked on

03-12-2024T03:29:54 - [MESSAGE][PASSED] - Object: 'Object Repository/Общие объекты/Раскрыть список Россети Томск' is clicked on

03-12-2024T03:29:54 - [TEST_STEP][PASSED] - scrollToElement(findTestObject("Общие объекты/Томская распределительная компания"), 30): Scroll to object 'Object Repository/Общие объекты/Томская распределительная компания' successfully

03-12-2024T03:29:54 - [MESSAGE][PASSED] - Scroll to object 'Object Repository/Общие объекты/Томская распределительная компания' successfully

03-12-2024T03:29:54 - [TEST_STEP][PASSED] - click(findTestObject("Общие объекты/Томская распределительная компания")): Object: 'Object Repository/Общие объекты/Томская распределительная компания' is clicked on

03-12-2024T03:29:55 - [MESSAGE][PASSED] - Object: 'Object Repository/Общие объекты/Томская распределительная компания' is clicked on

03-12-2024T03:29:55 - [TEST_STEP][PASSED] - Script1687405718449.Change(todaysDate, typeOfData): null

03-12-2024T03:29:55 - [TEST_STEP][PASSED] - scrollToElement(findTestObject("Факторный анализ/Заголовок дашборда"), 30): Scroll to object 'Object Repository/Факторный анализ/Заголовок дашборда' successfully

03-12-2024T03:29:55 - [MESSAGE][PASSED] - Scroll to object 'Object Repository/Факторный анализ/Заголовок дашборда' successfully

03-12-2024T03:29:55 - [TEST_STEP][PASSED] - click(findTestObject("Факторный анализ/Применить в фильтре ДЗО")): Object: 'Object Repository/Факторный анализ/Применить в фильтре ДЗО' is clicked on

03-12-2024T03:29:56 - [MESSAGE][PASSED] - Object: 'Object Repository/Факторный анализ/Применить в фильтре ДЗО' is clicked on

03-12-2024T03:29:56 - [TEST_STEP][PASSED] - typeOfData = "Филиал": null

03-12-2024T03:29:56 - [TEST_STEP][PASSED] - Script1687405718449.Test(todaysDate, typeOfData): null

03-12-2024T03:29:56 - [TEST_STEP][PASSED] - if (verifyTextNotPresent("нет данных", false) == true): null

03-12-2024T03:29:58 - [MESSAGE][PASSED] - Text 'нет данных' is not present on page

03-12-2024T03:29:58 - [TEST_STEP][PASSED] - if (verifyTextNotPresent("Ошибка запроса данных", false) == true): null

03-12-2024T03:29:59 - [MESSAGE][PASSED] - Text 'Ошибка запроса данных' is not present on page

03-12-2024T03:29:59 - [TEST_STEP][PASSED] - if (verifyTextNotPresent("Произошла ошибка при выполнении пользовательского кода", false) == true): null

03-12-2024T03:29:59 - [MESSAGE][PASSED] - Text 'Произошла ошибка при выполнении пользовательского кода' is not present on page

03-12-2024T03:29:59 - [TEST_STEP][PASSED] - if (verifyTextNotPresent("У виджета нет данных", false) == true): null

03-12-2024T03:30:00 - [MESSAGE][PASSED] - Text 'У виджета нет данных' is not present on page

03-12-2024T03:30:00 - [TEST_STEP][PASSED] - if (verifyTextNotPresent("У виджета нет данных", false) == true): Text 'У виджета нет данных' is not present on page

03-12-2024T03:30:00 - [MESSAGE][PASSED] - Text 'У виджета нет данных' is not present on page

03-12-2024T03:30:00 - [TEST_STEP][PASSED] - click(findTestObject("Факторный анализ/Переключить отображение с филиала на месяц")): Object: 'Object Repository/Факторный анализ/Переключить отображение с филиала на месяц' is clicked on

03-12-2024T03:30:00 - [MESSAGE][PASSED] - Object: 'Object Repository/Факторный анализ/Переключить отображение с филиала на месяц' is clicked on

03-12-2024T03:30:00 - [TEST_STEP][PASSED] - typeOfData = "Месяц": null

03-12-2024T03:30:00 - [TEST_STEP][PASSED] - Script1687405718449.Test(todaysDate, typeOfData): null

03-12-2024T03:30:00 - [TEST_STEP][PASSED] - if (verifyTextNotPresent("нет данных", false) == true): null

03-12-2024T03:30:01 - [MESSAGE][PASSED] - Text 'нет данных' is not present on page

03-12-2024T03:30:01 - [TEST_STEP][PASSED] - if (verifyTextNotPresent("Ошибка запроса данных", false) == true): null

03-12-2024T03:30:01 - [MESSAGE][PASSED] - Text 'Ошибка запроса данных' is not present on page

03-12-2024T03:30:01 - [TEST_STEP][PASSED] - if (verifyTextNotPresent("Произошла ошибка при выполнении пользовательского кода", false) == true): null

03-12-2024T03:30:02 - [MESSAGE][PASSED] - Text 'Произошла ошибка при выполнении пользовательского кода' is not present on page

03-12-2024T03:30:02 - [TEST_STEP][PASSED] - if (verifyTextNotPresent("У виджета нет данных", false) == true): null

03-12-2024T03:30:02 - [MESSAGE][PASSED] - Text 'У виджета нет данных' is not present on page

03-12-2024T03:30:02 - [TEST_STEP][PASSED] - if (verifyTextNotPresent("У виджета нет данных", false) == true): Text 'У виджета нет данных' is not present on page

03-12-2024T03:30:03 - [MESSAGE][PASSED] - Text 'У виджета нет данных' is not present on page

03-12-2024T03:30:03 - [TEST_STEP][PASSED] - click(findTestObject("Факторный анализ/Переключить отображение с месяца на филиал")): Object: 'Object Repository/Факторный анализ/Переключить отображение с месяца на филиал' is clicked on

03-12-2024T03:30:03 - [MESSAGE][PASSED] - Object: 'Object Repository/Факторный анализ/Переключить отображение с месяца на филиал' is clicked on

03-12-2024T03:30:03 - [TEST_STEP][PASSED] - click(findTestObject("Факторный анализ/Фильтр ДЗО")): Object: 'Object Repository/Факторный анализ/Фильтр ДЗО' is clicked on

03-12-2024T03:30:03 - [MESSAGE][PASSED] - Object: 'Object Repository/Факторный анализ/Фильтр ДЗО' is clicked on

03-12-2024T03:30:03 - [TEST_STEP][PASSED] - click(findTestObject("Факторный анализ/Снять выделение в фильтре ДЗО")): Object: 'Object Repository/Факторный анализ/Снять выделение в фильтре ДЗО' is clicked on

03-12-2024T03:30:04 - [MESSAGE][PASSED] - Object: 'Object Repository/Факторный анализ/Снять выделение в фильтре ДЗО' is clicked on

03-12-2024T03:30:04 - [TEST_STEP][PASSED] - scrollToElement(findTestObject("Общие объекты/Раскрыть список Россети Тюмень"), 30): Scroll to object 'Object Repository/Общие объекты/Раскрыть список Россети Тюмень' successfully

03-12-2024T03:30:04 - [MESSAGE][PASSED] - Scroll to object 'Object Repository/Общие объекты/Раскрыть список Россети Тюмень' successfully

03-12-2024T03:30:04 - [TEST_STEP][PASSED] - click(findTestObject("Факторный анализ/Россети Тюмень")): Object: 'Object Repository/Факторный анализ/Россети Тюмень' is clicked on

03-12-2024T03:30:05 - [MESSAGE][PASSED] - Object: 'Object Repository/Факторный анализ/Россети Тюмень' is clicked on

03-12-2024T03:30:05 - [TEST_STEP][PASSED] - Script1687405718449.Change(todaysDate, typeOfData): null

03-12-2024T03:30:05 - [TEST_STEP][PASSED] - scrollToElement(findTestObject("Факторный анализ/Заголовок дашборда"), 30): Scroll to object 'Object Repository/Факторный анализ/Заголовок дашборда' successfully

03-12-2024T03:30:05 - [MESSAGE][PASSED] - Scroll to object 'Object Repository/Факторный анализ/Заголовок дашборда' successfully

03-12-2024T03:30:05 - [TEST_STEP][PASSED] - click(findTestObject("Факторный анализ/Применить в фильтре ДЗО")): Object: 'Object Repository/Факторный анализ/Применить в фильтре ДЗО' is clicked on

03-12-2024T03:30:06 - [MESSAGE][PASSED] - Object: 'Object Repository/Факторный анализ/Применить в фильтре ДЗО' is clicked on

03-12-2024T03:30:06 - [TEST_STEP][PASSED] - typeOfData = "Филиал": null

03-12-2024T03:30:06 - [TEST_STEP][PASSED] - Script1687405718449.Test(todaysDate, typeOfData): null

03-12-2024T03:30:06 - [TEST_STEP][PASSED] - if (verifyTextNotPresent("нет данных", false) == true): null

03-12-2024T03:30:08 - [MESSAGE][PASSED] - Text 'нет данных' is not present on page

03-12-2024T03:30:08 - [TEST_STEP][PASSED] - if (verifyTextNotPresent("Ошибка запроса данных", false) == true): null

03-12-2024T03:30:09 - [MESSAGE][PASSED] - Text 'Ошибка запроса данных' is not present on page

03-12-2024T03:30:09 - [TEST_STEP][PASSED] - if (verifyTextNotPresent("Произошла ошибка при выполнении пользовательского кода", false) == true): null

03-12-2024T03:30:09 - [MESSAGE][PASSED] - Text 'Произошла ошибка при выполнении пользовательского кода' is not present on page

03-12-2024T03:30:09 - [TEST_STEP][PASSED] - if (verifyTextNotPresent("У виджета нет данных", false) == true): null

03-12-2024T03:30:10 - [MESSAGE][PASSED] - Text 'У виджета нет данных' is not present on page

03-12-2024T03:30:10 - [TEST_STEP][PASSED] - if (verifyTextNotPresent("У виджета нет данных", false) == true): Text 'У виджета нет данных' is not present on page

03-12-2024T03:30:10 - [MESSAGE][PASSED] - Text 'У виджета нет данных' is not present on page

03-12-2024T03:30:10 - [TEST_STEP][PASSED] - click(findTestObject("Факторный анализ/Переключить отображение с филиала на месяц")): Object: 'Object Repository/Факторный анализ/Переключить отображение с филиала на месяц' is clicked on

03-12-2024T03:30:10 - [MESSAGE][PASSED] - Object: 'Object Repository/Факторный анализ/Переключить отображение с филиала на месяц' is clicked on

03-12-2024T03:30:10 - [TEST_STEP][PASSED] - typeOfData = "Месяц": null

03-12-2024T03:30:10 - [TEST_STEP][PASSED] - Script1687405718449.Test(todaysDate, typeOfData): null

03-12-2024T03:30:10 - [TEST_STEP][PASSED] - if (verifyTextNotPresent("нет данных", false) == true): null

03-12-2024T03:30:11 - [MESSAGE][PASSED] - Text 'нет данных' is not present on page

03-12-2024T03:30:11 - [TEST_STEP][PASSED] - if (verifyTextNotPresent("Ошибка запроса данных", false) == true): null

03-12-2024T03:30:11 - [MESSAGE][PASSED] - Text 'Ошибка запроса данных' is not present on page

03-12-2024T03:30:11 - [TEST_STEP][PASSED] - if (verifyTextNotPresent("Произошла ошибка при выполнении пользовательского кода", false) == true): null

03-12-2024T03:30:12 - [MESSAGE][PASSED] - Text 'Произошла ошибка при выполнении пользовательского кода' is not present on page

03-12-2024T03:30:12 - [TEST_STEP][PASSED] - if (verifyTextNotPresent("У виджета нет данных", false) == true): null

03-12-2024T03:30:12 - [MESSAGE][PASSED] - Text 'У виджета нет данных' is not present on page

03-12-2024T03:30:12 - [TEST_STEP][PASSED] - if (verifyTextNotPresent("У виджета нет данных", false) == true): Text 'У виджета нет данных' is not present on page

03-12-2024T03:30:13 - [MESSAGE][PASSED] - Text 'У виджета нет данных' is not present on page

03-12-2024T03:30:13 - [TEST_STEP][PASSED] - click(findTestObject("Факторный анализ/Переключить отображение с месяца на филиал")): Object: 'Object Repository/Факторный анализ/Переключить отображение с месяца на филиал' is clicked on

03-12-2024T03:30:13 - [MESSAGE][PASSED] - Object: 'Object Repository/Факторный анализ/Переключить отображение с месяца на филиал' is clicked on

03-12-2024T03:30:13 - [TEST_STEP][PASSED] - click(findTestObject("Факторный анализ/Фильтр ДЗО")): Object: 'Object Repository/Факторный анализ/Фильтр ДЗО' is clicked on

03-12-2024T03:30:13 - [MESSAGE][PASSED] - Object: 'Object Repository/Факторный анализ/Фильтр ДЗО' is clicked on

03-12-2024T03:30:13 - [TEST_STEP][PASSED] - click(findTestObject("Факторный анализ/Снять выделение в фильтре ДЗО")): Object: 'Object Repository/Факторный анализ/Снять выделение в фильтре ДЗО' is clicked on

03-12-2024T03:30:14 - [MESSAGE][PASSED] - Object: 'Object Repository/Факторный анализ/Снять выделение в фильтре ДЗО' is clicked on

03-12-2024T03:30:14 - [TEST_STEP][PASSED] - scrollToElement(findTestObject("Общие объекты/Раскрыть список Россети Тюмень"), 30): Scroll to object 'Object Repository/Общие объекты/Раскрыть список Россети Тюмень' successfully

03-12-2024T03:30:14 - [MESSAGE][PASSED] - Scroll to object 'Object Repository/Общие объекты/Раскрыть список Россети Тюмень' successfully

03-12-2024T03:30:14 - [TEST_STEP][PASSED] - click(findTestObject("Общие объекты/Раскрыть список Россети Тюмень")): Object: 'Object Repository/Общие объекты/Раскрыть список Россети Тюмень' is clicked on

03-12-2024T03:30:15 - [MESSAGE][PASSED] - Object: 'Object Repository/Общие объекты/Раскрыть список Россети Тюмень' is clicked on

03-12-2024T03:30:15 - [TEST_STEP][PASSED] - click(findTestObject("Общие объекты/Раскрыть список Россети Тюмень")): Object: 'Object Repository/Общие объекты/Раскрыть список Россети Тюмень' is clicked on

03-12-2024T03:30:16 - [MESSAGE][PASSED] - Object: 'Object Repository/Общие объекты/Раскрыть список Россети Тюмень' is clicked on

03-12-2024T03:30:16 - [TEST_STEP][PASSED] - click(findTestObject("Факторный анализ/Россети Тюмень нижний уровень")): Object: 'Object Repository/Факторный анализ/Россети Тюмень нижний уровень' is clicked on

03-12-2024T03:30:16 - [MESSAGE][PASSED] - Object: 'Object Repository/Факторный анализ/Россети Тюмень нижний уровень' is clicked on

03-12-2024T03:30:16 - [TEST_STEP][PASSED] - Script1687405718449.Change(todaysDate, typeOfData): null

03-12-2024T03:30:16 - [TEST_STEP][PASSED] - scrollToElement(findTestObject("Факторный анализ/Заголовок дашборда"), 30): Scroll to object 'Object Repository/Факторный анализ/Заголовок дашборда' successfully

03-12-2024T03:30:17 - [MESSAGE][PASSED] - Scroll to object 'Object Repository/Факторный анализ/Заголовок дашборда' successfully

03-12-2024T03:30:17 - [TEST_STEP][PASSED] - click(findTestObject("Факторный анализ/Применить в фильтре ДЗО")): Object: 'Object Repository/Факторный анализ/Применить в фильтре ДЗО' is clicked on

03-12-2024T03:30:17 - [MESSAGE][PASSED] - Object: 'Object Repository/Факторный анализ/Применить в фильтре ДЗО' is clicked on

03-12-2024T03:30:17 - [TEST_STEP][PASSED] - typeOfData = "Филиал": null

03-12-2024T03:30:17 - [TEST_STEP][PASSED] - Script1687405718449.Test(todaysDate, typeOfData): null

03-12-2024T03:30:17 - [TEST_STEP][PASSED] - if (verifyTextNotPresent("нет данных", false) == true): null

03-12-2024T03:30:20 - [MESSAGE][PASSED] - Text 'нет данных' is not present on page

03-12-2024T03:30:20 - [TEST_STEP][PASSED] - if (verifyTextNotPresent("Ошибка запроса данных", false) == true): null

03-12-2024T03:30:20 - [MESSAGE][PASSED] - Text 'Ошибка запроса данных' is not present on page

03-12-2024T03:30:20 - [TEST_STEP][PASSED] - if (verifyTextNotPresent("Произошла ошибка при выполнении пользовательского кода", false) == true): null

03-12-2024T03:30:21 - [MESSAGE][PASSED] - Text 'Произошла ошибка при выполнении пользовательского кода' is not present on page

03-12-2024T03:30:21 - [TEST_STEP][PASSED] - if (verifyTextNotPresent("У виджета нет данных", false) == true): null

03-12-2024T03:30:21 - [MESSAGE][PASSED] - Text 'У виджета нет данных' is not present on page

03-12-2024T03:30:21 - [TEST_STEP][PASSED] - if (verifyTextNotPresent("У виджета нет данных", false) == true): Text 'У виджета нет данных' is not present on page

03-12-2024T03:30:22 - [MESSAGE][PASSED] - Text 'У виджета нет данных' is not present on page

03-12-2024T03:30:22 - [TEST_STEP][PASSED] - click(findTestObject("Факторный анализ/Переключить отображение с филиала на месяц")): Object: 'Object Repository/Факторный анализ/Переключить отображение с филиала на месяц' is clicked on

03-12-2024T03:30:22 - [MESSAGE][PASSED] - Object: 'Object Repository/Факторный анализ/Переключить отображение с филиала на месяц' is clicked on

03-12-2024T03:30:22 - [TEST_STEP][PASSED] - typeOfData = "Месяц": null

03-12-2024T03:30:22 - [TEST_STEP][PASSED] - Script1687405718449.Test(todaysDate, typeOfData): null

03-12-2024T03:30:22 - [TEST_STEP][PASSED] - if (verifyTextNotPresent("нет данных", false) == true): null

03-12-2024T03:30:22 - [MESSAGE][PASSED] - Text 'нет данных' is not present on page

03-12-2024T03:30:22 - [TEST_STEP][PASSED] - if (verifyTextNotPresent("Ошибка запроса данных", false) == true): null

03-12-2024T03:30:23 - [MESSAGE][PASSED] - Text 'Ошибка запроса данных' is not present on page

03-12-2024T03:30:23 - [TEST_STEP][PASSED] - if (verifyTextNotPresent("Произошла ошибка при выполнении пользовательского кода", false) == true): null

03-12-2024T03:30:23 - [MESSAGE][PASSED] - Text 'Произошла ошибка при выполнении пользовательского кода' is not present on page

03-12-2024T03:30:23 - [TEST_STEP][PASSED] - if (verifyTextNotPresent("У виджета нет данных", false) == true): null

03-12-2024T03:30:24 - [MESSAGE][PASSED] - Text 'У виджета нет данных' is not present on page

03-12-2024T03:30:24 - [TEST_STEP][PASSED] - if (verifyTextNotPresent("У виджета нет данных", false) == true): Text 'У виджета нет данных' is not present on page

03-12-2024T03:30:24 - [MESSAGE][PASSED] - Text 'У виджета нет данных' is not present on page

03-12-2024T03:30:24 - [TEST_STEP][PASSED] - click(findTestObject("Факторный анализ/Переключить отображение с месяца на филиал")): Object: 'Object Repository/Факторный анализ/Переключить отображение с месяца на филиал' is clicked on

03-12-2024T03:30:25 - [MESSAGE][PASSED] - Object: 'Object Repository/Факторный анализ/Переключить отображение с месяца на филиал' is clicked on

03-12-2024T03:30:25 - [TEST_STEP][PASSED] - click(findTestObject("Факторный анализ/Фильтр ДЗО")): Object: 'Object Repository/Факторный анализ/Фильтр ДЗО' is clicked on

03-12-2024T03:30:25 - [MESSAGE][PASSED] - Object: 'Object Repository/Факторный анализ/Фильтр ДЗО' is clicked on

03-12-2024T03:30:25 - [TEST_STEP][PASSED] - click(findTestObject("Факторный анализ/Снять выделение в фильтре ДЗО")): Object: 'Object Repository/Факторный анализ/Снять выделение в фильтре ДЗО' is clicked on

03-12-2024T03:30:25 - [MESSAGE][PASSED] - Object: 'Object Repository/Факторный анализ/Снять выделение в фильтре ДЗО' is clicked on

03-12-2024T03:30:25 - [TEST_STEP][PASSED] - scrollToElement(findTestObject("Общие объекты/Раскрыть список Россети Урал"), 30): Scroll to object 'Object Repository/Общие объекты/Раскрыть список Россети Урал' successfully

03-12-2024T03:30:26 - [MESSAGE][PASSED] - Scroll to object 'Object Repository/Общие объекты/Раскрыть список Россети Урал' successfully

03-12-2024T03:30:26 - [TEST_STEP][PASSED] - click(findTestObject("Факторный анализ/Россети Урал")): Object: 'Object Repository/Факторный анализ/Россети Урал' is clicked on

03-12-2024T03:30:26 - [MESSAGE][PASSED] - Object: 'Object Repository/Факторный анализ/Россети Урал' is clicked on

03-12-2024T03:30:26 - [TEST_STEP][PASSED] - Script1687405718449.Change(todaysDate, typeOfData): null

03-12-2024T03:30:26 - [TEST_STEP][PASSED] - scrollToElement(findTestObject("Факторный анализ/Заголовок дашборда"), 30): Scroll to object 'Object Repository/Факторный анализ/Заголовок дашборда' successfully

03-12-2024T03:30:27 - [MESSAGE][PASSED] - Scroll to object 'Object Repository/Факторный анализ/Заголовок дашборда' successfully

03-12-2024T03:30:27 - [TEST_STEP][PASSED] - click(findTestObject("Факторный анализ/Применить в фильтре ДЗО")): Object: 'Object Repository/Факторный анализ/Применить в фильтре ДЗО' is clicked on

03-12-2024T03:30:27 - [MESSAGE][PASSED] - Object: 'Object Repository/Факторный анализ/Применить в фильтре ДЗО' is clicked on

03-12-2024T03:30:27 - [TEST_STEP][PASSED] - typeOfData = "Филиал": null

03-12-2024T03:30:27 - [TEST_STEP][PASSED] - Script1687405718449.Test(todaysDate, typeOfData): null

03-12-2024T03:30:27 - [TEST_STEP][PASSED] - if (verifyTextNotPresent("нет данных", false) == true): null

03-12-2024T03:30:30 - [MESSAGE][PASSED] - Text 'нет данных' is not present on page

03-12-2024T03:30:30 - [TEST_STEP][PASSED] - if (verifyTextNotPresent("Ошибка запроса данных", false) == true): null

03-12-2024T03:30:30 - [MESSAGE][PASSED] - Text 'Ошибка запроса данных' is not present on page

03-12-2024T03:30:30 - [TEST_STEP][PASSED] - if (verifyTextNotPresent("Произошла ошибка при выполнении пользовательского кода", false) == true): null

03-12-2024T03:30:31 - [MESSAGE][PASSED] - Text 'Произошла ошибка при выполнении пользовательского кода' is not present on page

03-12-2024T03:30:31 - [TEST_STEP][PASSED] - if (verifyTextNotPresent("У виджета нет данных", false) == true): null

03-12-2024T03:30:31 - [MESSAGE][PASSED] - Text 'У виджета нет данных' is not present on page

03-12-2024T03:30:31 - [TEST_STEP][PASSED] - if (verifyTextNotPresent("У виджета нет данных", false) == true): Text 'У виджета нет данных' is not present on page

03-12-2024T03:30:31 - [MESSAGE][PASSED] - Text 'У виджета нет данных' is not present on page

03-12-2024T03:30:31 - [TEST_STEP][PASSED] - click(findTestObject("Факторный анализ/Переключить отображение с филиала на месяц")): Object: 'Object Repository/Факторный анализ/Переключить отображение с филиала на месяц' is clicked on

03-12-2024T03:30:32 - [MESSAGE][PASSED] - Object: 'Object Repository/Факторный анализ/Переключить отображение с филиала на месяц' is clicked on

03-12-2024T03:30:32 - [TEST_STEP][PASSED] - typeOfData = "Месяц": null

03-12-2024T03:30:32 - [TEST_STEP][PASSED] - Script1687405718449.Test(todaysDate, typeOfData): null

03-12-2024T03:30:32 - [TEST_STEP][PASSED] - if (verifyTextNotPresent("нет данных", false) == true): null

03-12-2024T03:30:32 - [MESSAGE][PASSED] - Text 'нет данных' is not present on page

03-12-2024T03:30:32 - [TEST_STEP][PASSED] - if (verifyTextNotPresent("Ошибка запроса данных", false) == true): null

03-12-2024T03:30:33 - [MESSAGE][PASSED] - Text 'Ошибка запроса данных' is not present on page

03-12-2024T03:30:33 - [TEST_STEP][PASSED] - if (verifyTextNotPresent("Произошла ошибка при выполнении пользовательского кода", false) == true): null

03-12-2024T03:30:33 - [MESSAGE][PASSED] - Text 'Произошла ошибка при выполнении пользовательского кода' is not present on page

03-12-2024T03:30:33 - [TEST_STEP][PASSED] - if (verifyTextNotPresent("У виджета нет данных", false) == true): null

03-12-2024T03:30:34 - [MESSAGE][PASSED] - Text 'У виджета нет данных' is not present on page

03-12-2024T03:30:34 - [TEST_STEP][PASSED] - if (verifyTextNotPresent("У виджета нет данных", false) == true): Text 'У виджета нет данных' is not present on page

03-12-2024T03:30:34 - [MESSAGE][PASSED] - Text 'У виджета нет данных' is not present on page

03-12-2024T03:30:34 - [TEST_STEP][PASSED] - click(findTestObject("Факторный анализ/Переключить отображение с месяца на филиал")): Object: 'Object Repository/Факторный анализ/Переключить отображение с месяца на филиал' is clicked on

03-12-2024T03:30:35 - [MESSAGE][PASSED] - Object: 'Object Repository/Факторный анализ/Переключить отображение с месяца на филиал' is clicked on

03-12-2024T03:30:35 - [TEST_STEP][PASSED] - click(findTestObject("Факторный анализ/Фильтр ДЗО")): Object: 'Object Repository/Факторный анализ/Фильтр ДЗО' is clicked on

03-12-2024T03:30:35 - [MESSAGE][PASSED] - Object: 'Object Repository/Факторный анализ/Фильтр ДЗО' is clicked on

03-12-2024T03:30:35 - [TEST_STEP][PASSED] - click(findTestObject("Факторный анализ/Снять выделение в фильтре ДЗО")): Object: 'Object Repository/Факторный анализ/Снять выделение в фильтре ДЗО' is clicked on

03-12-2024T03:30:35 - [MESSAGE][PASSED] - Object: 'Object Repository/Факторный анализ/Снять выделение в фильтре ДЗО' is clicked on

03-12-2024T03:30:35 - [TEST_STEP][PASSED] - scrollToElement(findTestObject("Общие объекты/Раскрыть список Россети Урал"), 30): Scroll to object 'Object Repository/Общие объекты/Раскрыть список Россети Урал' successfully

03-12-2024T03:30:36 - [MESSAGE][PASSED] - Scroll to object 'Object Repository/Общие объекты/Раскрыть список Россети Урал' successfully

03-12-2024T03:30:36 - [TEST_STEP][PASSED] - click(findTestObject("Общие объекты/Раскрыть список Россети Урал")): Object: 'Object Repository/Общие объекты/Раскрыть список Россети Урал' is clicked on

03-12-2024T03:30:36 - [MESSAGE][PASSED] - Object: 'Object Repository/Общие объекты/Раскрыть список Россети Урал' is clicked on

03-12-2024T03:30:36 - [TEST_STEP][PASSED] - click(findTestObject("Общие объекты/Раскрыть список Россети Урал")): Object: 'Object Repository/Общие объекты/Раскрыть список Россети Урал' is clicked on

03-12-2024T03:30:37 - [MESSAGE][PASSED] - Object: 'Object Repository/Общие объекты/Раскрыть список Россети Урал' is clicked on

03-12-2024T03:30:37 - [TEST_STEP][PASSED] - scrollToElement(findTestObject("Общие объекты/Пермэнерго"), 30): Scroll to object 'Object Repository/Общие объекты/Пермэнерго' successfully

03-12-2024T03:30:38 - [MESSAGE][PASSED] - Scroll to object 'Object Repository/Общие объекты/Пермэнерго' successfully

03-12-2024T03:30:38 - [TEST_STEP][PASSED] - click(findTestObject("Общие объекты/Пермэнерго")): Object: 'Object Repository/Общие объекты/Пермэнерго' is clicked on

03-12-2024T03:30:38 - [MESSAGE][PASSED] - Object: 'Object Repository/Общие объекты/Пермэнерго' is clicked on

03-12-2024T03:30:38 - [TEST_STEP][PASSED] - Script1687405718449.Change(todaysDate, typeOfData): null

03-12-2024T03:30:38 - [TEST_STEP][PASSED] - scrollToElement(findTestObject("Факторный анализ/Заголовок дашборда"), 30): Scroll to object 'Object Repository/Факторный анализ/Заголовок дашборда' successfully

03-12-2024T03:30:38 - [MESSAGE][PASSED] - Scroll to object 'Object Repository/Факторный анализ/Заголовок дашборда' successfully

03-12-2024T03:30:38 - [TEST_STEP][PASSED] - click(findTestObject("Факторный анализ/Применить в фильтре ДЗО")): Object: 'Object Repository/Факторный анализ/Применить в фильтре ДЗО' is clicked on

03-12-2024T03:30:39 - [MESSAGE][PASSED] - Object: 'Object Repository/Факторный анализ/Применить в фильтре ДЗО' is clicked on

03-12-2024T03:30:39 - [TEST_STEP][PASSED] - typeOfData = "Филиал": null

03-12-2024T03:30:39 - [TEST_STEP][PASSED] - Script1687405718449.Test(todaysDate, typeOfData): null

03-12-2024T03:30:39 - [TEST_STEP][PASSED] - if (verifyTextNotPresent("нет данных", false) == true): null

03-12-2024T03:30:42 - [MESSAGE][PASSED] - Text 'нет данных' is not present on page

03-12-2024T03:30:42 - [TEST_STEP][PASSED] - if (verifyTextNotPresent("Ошибка запроса данных", false) == true): null

03-12-2024T03:30:42 - [MESSAGE][PASSED] - Text 'Ошибка запроса данных' is not present on page

03-12-2024T03:30:42 - [TEST_STEP][PASSED] - if (verifyTextNotPresent("Произошла ошибка при выполнении пользовательского кода", false) == true): null

03-12-2024T03:30:42 - [MESSAGE][PASSED] - Text 'Произошла ошибка при выполнении пользовательского кода' is not present on page

03-12-2024T03:30:42 - [TEST_STEP][PASSED] - if (verifyTextNotPresent("У виджета нет данных", false) == true): null

03-12-2024T03:30:43 - [MESSAGE][PASSED] - Text 'У виджета нет данных' is not present on page

03-12-2024T03:30:43 - [TEST_STEP][PASSED] - if (verifyTextNotPresent("У виджета нет данных", false) == true): Text 'У виджета нет данных' is not present on page

03-12-2024T03:30:43 - [MESSAGE][PASSED] - Text 'У виджета нет данных' is not present on page

03-12-2024T03:30:43 - [TEST_STEP][PASSED] - click(findTestObject("Факторный анализ/Переключить отображение с филиала на месяц")): Object: 'Object Repository/Факторный анализ/Переключить отображение с филиала на месяц' is clicked on

03-12-2024T03:30:44 - [MESSAGE][PASSED] - Object: 'Object Repository/Факторный анализ/Переключить отображение с филиала на месяц' is clicked on

03-12-2024T03:30:44 - [TEST_STEP][PASSED] - typeOfData = "Месяц": null

03-12-2024T03:30:44 - [TEST_STEP][PASSED] - Script1687405718449.Test(todaysDate, typeOfData): null

03-12-2024T03:30:44 - [TEST_STEP][PASSED] - if (verifyTextNotPresent("нет данных", false) == true): null

03-12-2024T03:30:44 - [MESSAGE][PASSED] - Text 'нет данных' is not present on page

03-12-2024T03:30:44 - [TEST_STEP][PASSED] - if (verifyTextNotPresent("Ошибка запроса данных", false) == true): null

03-12-2024T03:30:45 - [MESSAGE][PASSED] - Text 'Ошибка запроса данных' is not present on page

03-12-2024T03:30:45 - [TEST_STEP][PASSED] - if (verifyTextNotPresent("Произошла ошибка при выполнении пользовательского кода", false) == true): null

03-12-2024T03:30:45 - [MESSAGE][PASSED] - Text 'Произошла ошибка при выполнении пользовательского кода' is not present on page

03-12-2024T03:30:45 - [TEST_STEP][PASSED] - if (verifyTextNotPresent("У виджета нет данных", false) == true): null

03-12-2024T03:30:46 - [MESSAGE][PASSED] - Text 'У виджета нет данных' is not present on page

03-12-2024T03:30:46 - [TEST_STEP][PASSED] - if (verifyTextNotPresent("У виджета нет данных", false) == true): Text 'У виджета нет данных' is not present on page

03-12-2024T03:30:46 - [MESSAGE][PASSED] - Text 'У виджета нет данных' is not present on page

03-12-2024T03:30:46 - [TEST_STEP][PASSED] - click(findTestObject("Факторный анализ/Переключить отображение с месяца на филиал")): Object: 'Object Repository/Факторный анализ/Переключить отображение с месяца на филиал' is clicked on

03-12-2024T03:30:46 - [MESSAGE][PASSED] - Object: 'Object Repository/Факторный анализ/Переключить отображение с месяца на филиал' is clicked on

03-12-2024T03:30:46 - [TEST_STEP][PASSED] - click(findTestObject("Факторный анализ/Фильтр ДЗО")): Object: 'Object Repository/Факторный анализ/Фильтр ДЗО' is clicked on

03-12-2024T03:30:47 - [MESSAGE][PASSED] - Object: 'Object Repository/Факторный анализ/Фильтр ДЗО' is clicked on

03-12-2024T03:30:47 - [TEST_STEP][PASSED] - click(findTestObject("Факторный анализ/Снять выделение в фильтре ДЗО")): Object: 'Object Repository/Факторный анализ/Снять выделение в фильтре ДЗО' is clicked on

03-12-2024T03:30:47 - [MESSAGE][PASSED] - Object: 'Object Repository/Факторный анализ/Снять выделение в фильтре ДЗО' is clicked on

03-12-2024T03:30:47 - [TEST_STEP][PASSED] - scrollToElement(findTestObject("Общие объекты/Свердловэнерго"), 30): Scroll to object 'Object Repository/Общие объекты/Свердловэнерго' successfully

03-12-2024T03:30:48 - [MESSAGE][PASSED] - Scroll to object 'Object Repository/Общие объекты/Свердловэнерго' successfully

03-12-2024T03:30:48 - [TEST_STEP][PASSED] - click(findTestObject("Общие объекты/Свердловэнерго")): Object: 'Object Repository/Общие объекты/Свердловэнерго' is clicked on

03-12-2024T03:30:48 - [MESSAGE][PASSED] - Object: 'Object Repository/Общие объекты/Свердловэнерго' is clicked on

03-12-2024T03:30:48 - [TEST_STEP][PASSED] - Script1687405718449.Change(todaysDate, typeOfData): null

03-12-2024T03:30:48 - [TEST_STEP][PASSED] - scrollToElement(findTestObject("Факторный анализ/Заголовок дашборда"), 30): Scroll to object 'Object Repository/Факторный анализ/Заголовок дашборда' successfully

03-12-2024T03:30:48 - [MESSAGE][PASSED] - Scroll to object 'Object Repository/Факторный анализ/Заголовок дашборда' successfully

03-12-2024T03:30:48 - [TEST_STEP][PASSED] - click(findTestObject("Факторный анализ/Применить в фильтре ДЗО")): Object: 'Object Repository/Факторный анализ/Применить в фильтре ДЗО' is clicked on

03-12-2024T03:30:49 - [MESSAGE][PASSED] - Object: 'Object Repository/Факторный анализ/Применить в фильтре ДЗО' is clicked on

03-12-2024T03:30:49 - [TEST_STEP][PASSED] - typeOfData = "Филиал": null

03-12-2024T03:30:49 - [TEST_STEP][PASSED] - Script1687405718449.Test(todaysDate, typeOfData): null

03-12-2024T03:30:49 - [TEST_STEP][PASSED] - if (verifyTextNotPresent("нет данных", false) == true): null

03-12-2024T03:30:52 - [MESSAGE][PASSED] - Text 'нет данных' is not present on page

03-12-2024T03:30:52 - [TEST_STEP][PASSED] - if (verifyTextNotPresent("Ошибка запроса данных", false) == true): null

03-12-2024T03:30:52 - [MESSAGE][PASSED] - Text 'Ошибка запроса данных' is not present on page

03-12-2024T03:30:52 - [TEST_STEP][PASSED] - if (verifyTextNotPresent("Произошла ошибка при выполнении пользовательского кода", false) == true): null

03-12-2024T03:30:52 - [MESSAGE][PASSED] - Text 'Произошла ошибка при выполнении пользовательского кода' is not present on page

03-12-2024T03:30:52 - [TEST_STEP][PASSED] - if (verifyTextNotPresent("У виджета нет данных", false) == true): null

03-12-2024T03:30:53 - [MESSAGE][PASSED] - Text 'У виджета нет данных' is not present on page

03-12-2024T03:30:53 - [TEST_STEP][PASSED] - if (verifyTextNotPresent("У виджета нет данных", false) == true): Text 'У виджета нет данных' is not present on page

03-12-2024T03:30:53 - [MESSAGE][PASSED] - Text 'У виджета нет данных' is not present on page

03-12-2024T03:30:53 - [TEST_STEP][PASSED] - click(findTestObject("Факторный анализ/Переключить отображение с филиала на месяц")): Object: 'Object Repository/Факторный анализ/Переключить отображение с филиала на месяц' is clicked on

03-12-2024T03:30:54 - [MESSAGE][PASSED] - Object: 'Object Repository/Факторный анализ/Переключить отображение с филиала на месяц' is clicked on

03-12-2024T03:30:54 - [TEST_STEP][PASSED] - typeOfData = "Месяц": null

03-12-2024T03:30:54 - [TEST_STEP][PASSED] - Script1687405718449.Test(todaysDate, typeOfData): null

03-12-2024T03:30:54 - [TEST_STEP][PASSED] - if (verifyTextNotPresent("нет данных", false) == true): null

03-12-2024T03:30:54 - [MESSAGE][PASSED] - Text 'нет данных' is not present on page

03-12-2024T03:30:54 - [TEST_STEP][PASSED] - if (verifyTextNotPresent("Ошибка запроса данных", false) == true): null

03-12-2024T03:30:55 - [MESSAGE][PASSED] - Text 'Ошибка запроса данных' is not present on page

03-12-2024T03:30:55 - [TEST_STEP][PASSED] - if (verifyTextNotPresent("Произошла ошибка при выполнении пользовательского кода", false) == true): null

03-12-2024T03:30:55 - [MESSAGE][PASSED] - Text 'Произошла ошибка при выполнении пользовательского кода' is not present on page

03-12-2024T03:30:55 - [TEST_STEP][PASSED] - if (verifyTextNotPresent("У виджета нет данных", false) == true): null

03-12-2024T03:30:56 - [MESSAGE][PASSED] - Text 'У виджета нет данных' is not present on page

03-12-2024T03:30:56 - [TEST_STEP][PASSED] - if (verifyTextNotPresent("У виджета нет данных", false) == true): Text 'У виджета нет данных' is not present on page

03-12-2024T03:30:56 - [MESSAGE][PASSED] - Text 'У виджета нет данных' is not present on page

03-12-2024T03:30:56 - [TEST_STEP][PASSED] - click(findTestObject("Факторный анализ/Переключить отображение с месяца на филиал")): Object: 'Object Repository/Факторный анализ/Переключить отображение с месяца на филиал' is clicked on

03-12-2024T03:30:56 - [MESSAGE][PASSED] - Object: 'Object Repository/Факторный анализ/Переключить отображение с месяца на филиал' is clicked on

03-12-2024T03:30:56 - [TEST_STEP][PASSED] - click(findTestObject("Факторный анализ/Фильтр ДЗО")): Object: 'Object Repository/Факторный анализ/Фильтр ДЗО' is clicked on

03-12-2024T03:30:57 - [MESSAGE][PASSED] - Object: 'Object Repository/Факторный анализ/Фильтр ДЗО' is clicked on

03-12-2024T03:30:57 - [TEST_STEP][PASSED] - click(findTestObject("Факторный анализ/Снять выделение в фильтре ДЗО")): Object: 'Object Repository/Факторный анализ/Снять выделение в фильтре ДЗО' is clicked on

03-12-2024T03:30:57 - [MESSAGE][PASSED] - Object: 'Object Repository/Факторный анализ/Снять выделение в фильтре ДЗО' is clicked on

03-12-2024T03:30:57 - [TEST_STEP][PASSED] - scrollToElement(findTestObject("Общие объекты/Челябэнерго"), 30): Scroll to object 'Object Repository/Общие объекты/Челябэнерго' successfully

03-12-2024T03:30:58 - [MESSAGE][PASSED] - Scroll to object 'Object Repository/Общие объекты/Челябэнерго' successfully

03-12-2024T03:30:58 - [TEST_STEP][PASSED] - click(findTestObject("Общие объекты/Челябэнерго")): Object: 'Object Repository/Общие объекты/Челябэнерго' is clicked on

03-12-2024T03:30:58 - [MESSAGE][PASSED] - Object: 'Object Repository/Общие объекты/Челябэнерго' is clicked on

03-12-2024T03:30:58 - [TEST_STEP][PASSED] - Script1687405718449.Change(todaysDate, typeOfData): null

03-12-2024T03:30:58 - [TEST_STEP][PASSED] - scrollToElement(findTestObject("Факторный анализ/Заголовок дашборда"), 30): Scroll to object 'Object Repository/Факторный анализ/Заголовок дашборда' successfully

03-12-2024T03:30:58 - [MESSAGE][PASSED] - Scroll to object 'Object Repository/Факторный анализ/Заголовок дашборда' successfully

03-12-2024T03:30:58 - [TEST_STEP][PASSED] - click(findTestObject("Факторный анализ/Применить в фильтре ДЗО")): Object: 'Object Repository/Факторный анализ/Применить в фильтре ДЗО' is clicked on

03-12-2024T03:30:59 - [MESSAGE][PASSED] - Object: 'Object Repository/Факторный анализ/Применить в фильтре ДЗО' is clicked on

03-12-2024T03:30:59 - [TEST_STEP][PASSED] - typeOfData = "Филиал": null

03-12-2024T03:30:59 - [TEST_STEP][PASSED] - Script1687405718449.Test(todaysDate, typeOfData): null

03-12-2024T03:30:59 - [TEST_STEP][PASSED] - if (verifyTextNotPresent("нет данных", false) == true): null

03-12-2024T03:31:01 - [MESSAGE][PASSED] - Text 'нет данных' is not present on page

03-12-2024T03:31:01 - [TEST_STEP][PASSED] - if (verifyTextNotPresent("Ошибка запроса данных", false) == true): null

03-12-2024T03:31:02 - [MESSAGE][PASSED] - Text 'Ошибка запроса данных' is not present on page

03-12-2024T03:31:02 - [TEST_STEP][PASSED] - if (verifyTextNotPresent("Произошла ошибка при выполнении пользовательского кода", false) == true): null

03-12-2024T03:31:02 - [MESSAGE][PASSED] - Text 'Произошла ошибка при выполнении пользовательского кода' is not present on page

03-12-2024T03:31:02 - [TEST_STEP][PASSED] - if (verifyTextNotPresent("У виджета нет данных", false) == true): null

03-12-2024T03:31:03 - [MESSAGE][PASSED] - Text 'У виджета нет данных' is not present on page

03-12-2024T03:31:03 - [TEST_STEP][PASSED] - if (verifyTextNotPresent("У виджета нет данных", false) == true): Text 'У виджета нет данных' is not present on page

03-12-2024T03:31:03 - [MESSAGE][PASSED] - Text 'У виджета нет данных' is not present on page

03-12-2024T03:31:03 - [TEST_STEP][PASSED] - click(findTestObject("Факторный анализ/Переключить отображение с филиала на месяц")): Object: 'Object Repository/Факторный анализ/Переключить отображение с филиала на месяц' is clicked on

03-12-2024T03:31:04 - [MESSAGE][PASSED] - Object: 'Object Repository/Факторный анализ/Переключить отображение с филиала на месяц' is clicked on

03-12-2024T03:31:04 - [TEST_STEP][PASSED] - typeOfData = "Месяц": null

03-12-2024T03:31:04 - [TEST_STEP][PASSED] - Script1687405718449.Test(todaysDate, typeOfData): null

03-12-2024T03:31:04 - [TEST_STEP][PASSED] - if (verifyTextNotPresent("нет данных", false) == true): null

03-12-2024T03:31:04 - [MESSAGE][PASSED] - Text 'нет данных' is not present on page

03-12-2024T03:31:04 - [TEST_STEP][PASSED] - if (verifyTextNotPresent("Ошибка запроса данных", false) == true): null

03-12-2024T03:31:05 - [MESSAGE][PASSED] - Text 'Ошибка запроса данных' is not present on page

03-12-2024T03:31:05 - [TEST_STEP][PASSED] - if (verifyTextNotPresent("Произошла ошибка при выполнении пользовательского кода", false) == true): null

03-12-2024T03:31:05 - [MESSAGE][PASSED] - Text 'Произошла ошибка при выполнении пользовательского кода' is not present on page

03-12-2024T03:31:05 - [TEST_STEP][PASSED] - if (verifyTextNotPresent("У виджета нет данных", false) == true): null

03-12-2024T03:31:06 - [MESSAGE][PASSED] - Text 'У виджета нет данных' is not present on page

03-12-2024T03:31:06 - [TEST_STEP][PASSED] - if (verifyTextNotPresent("У виджета нет данных", false) == true): Text 'У виджета нет данных' is not present on page

03-12-2024T03:31:06 - [MESSAGE][PASSED] - Text 'У виджета нет данных' is not present on page

03-12-2024T03:31:06 - [TEST_STEP][PASSED] - click(findTestObject("Факторный анализ/Переключить отображение с месяца на филиал")): Object: 'Object Repository/Факторный анализ/Переключить отображение с месяца на филиал' is clicked on

03-12-2024T03:31:06 - [MESSAGE][PASSED] - Object: 'Object Repository/Факторный анализ/Переключить отображение с месяца на филиал' is clicked on

03-12-2024T03:31:06 - [TEST_STEP][PASSED] - click(findTestObject("Факторный анализ/Фильтр ДЗО")): Object: 'Object Repository/Факторный анализ/Фильтр ДЗО' is clicked on

03-12-2024T03:31:07 - [MESSAGE][PASSED] - Object: 'Object Repository/Факторный анализ/Фильтр ДЗО' is clicked on

03-12-2024T03:31:07 - [TEST_STEP][PASSED] - click(findTestObject("Факторный анализ/Снять выделение в фильтре ДЗО")): Object: 'Object Repository/Факторный анализ/Снять выделение в фильтре ДЗО' is clicked on

03-12-2024T03:31:07 - [MESSAGE][PASSED] - Object: 'Object Repository/Факторный анализ/Снять выделение в фильтре ДЗО' is clicked on

03-12-2024T03:31:07 - [TEST_STEP][PASSED] - scrollToElement(findTestObject("Общие объекты/Раскрыть список Россети Центр"), 30): Scroll to object 'Object Repository/Общие объекты/Раскрыть список Россети Центр' successfully

03-12-2024T03:31:07 - [MESSAGE][PASSED] - Scroll to object 'Object Repository/Общие объекты/Раскрыть список Россети Центр' successfully

03-12-2024T03:31:07 - [TEST_STEP][PASSED] - click(findTestObject("Факторный анализ/Россети Центр")): Object: 'Object Repository/Факторный анализ/Россети Центр' is clicked on

03-12-2024T03:31:08 - [MESSAGE][PASSED] - Object: 'Object Repository/Факторный анализ/Россети Центр' is clicked on

03-12-2024T03:31:08 - [TEST_STEP][PASSED] - Script1687405718449.Change(todaysDate, typeOfData): null

03-12-2024T03:31:08 - [TEST_STEP][PASSED] - scrollToElement(findTestObject("Факторный анализ/Заголовок дашборда"), 30): Scroll to object 'Object Repository/Факторный анализ/Заголовок дашборда' successfully

03-12-2024T03:31:08 - [MESSAGE][PASSED] - Scroll to object 'Object Repository/Факторный анализ/Заголовок дашборда' successfully

03-12-2024T03:31:08 - [TEST_STEP][PASSED] - click(findTestObject("Факторный анализ/Применить в фильтре ДЗО")): Object: 'Object Repository/Факторный анализ/Применить в фильтре ДЗО' is clicked on

03-12-2024T03:31:09 - [MESSAGE][PASSED] - Object: 'Object Repository/Факторный анализ/Применить в фильтре ДЗО' is clicked on

03-12-2024T03:31:09 - [TEST_STEP][PASSED] - typeOfData = "Филиал": null

03-12-2024T03:31:09 - [TEST_STEP][PASSED] - Script1687405718449.Test(todaysDate, typeOfData): null

03-12-2024T03:31:09 - [TEST_STEP][PASSED] - if (verifyTextNotPresent("нет данных", false) == true): null

03-12-2024T03:31:12 - [MESSAGE][PASSED] - Text 'нет данных' is not present on page

03-12-2024T03:31:12 - [TEST_STEP][PASSED] - if (verifyTextNotPresent("Ошибка запроса данных", false) == true): null

03-12-2024T03:31:12 - [MESSAGE][PASSED] - Text 'Ошибка запроса данных' is not present on page

03-12-2024T03:31:12 - [TEST_STEP][PASSED] - if (verifyTextNotPresent("Произошла ошибка при выполнении пользовательского кода", false) == true): null

03-12-2024T03:31:13 - [MESSAGE][PASSED] - Text 'Произошла ошибка при выполнении пользовательского кода' is not present on page

03-12-2024T03:31:13 - [TEST_STEP][PASSED] - if (verifyTextNotPresent("У виджета нет данных", false) == true): null

03-12-2024T03:31:13 - [MESSAGE][PASSED] - Text 'У виджета нет данных' is not present on page

03-12-2024T03:31:13 - [TEST_STEP][PASSED] - if (verifyTextNotPresent("У виджета нет данных", false) == true): Text 'У виджета нет данных' is not present on page

03-12-2024T03:31:14 - [MESSAGE][PASSED] - Text 'У виджета нет данных' is not present on page

03-12-2024T03:31:14 - [TEST_STEP][PASSED] - click(findTestObject("Факторный анализ/Переключить отображение с филиала на месяц")): Object: 'Object Repository/Факторный анализ/Переключить отображение с филиала на месяц' is clicked on

03-12-2024T03:31:14 - [MESSAGE][PASSED] - Object: 'Object Repository/Факторный анализ/Переключить отображение с филиала на месяц' is clicked on

03-12-2024T03:31:14 - [TEST_STEP][PASSED] - typeOfData = "Месяц": null

03-12-2024T03:31:14 - [TEST_STEP][PASSED] - Script1687405718449.Test(todaysDate, typeOfData): null

03-12-2024T03:31:14 - [TEST_STEP][PASSED] - if (verifyTextNotPresent("нет данных", false) == true): null

03-12-2024T03:31:15 - [MESSAGE][PASSED] - Text 'нет данных' is not present on page

03-12-2024T03:31:15 - [TEST_STEP][PASSED] - if (verifyTextNotPresent("Ошибка запроса данных", false) == true): null

03-12-2024T03:31:15 - [MESSAGE][PASSED] - Text 'Ошибка запроса данных' is not present on page

03-12-2024T03:31:15 - [TEST_STEP][PASSED] - if (verifyTextNotPresent("Произошла ошибка при выполнении пользовательского кода", false) == true): null

03-12-2024T03:31:16 - [MESSAGE][PASSED] - Text 'Произошла ошибка при выполнении пользовательского кода' is not present on page

03-12-2024T03:31:16 - [TEST_STEP][PASSED] - if (verifyTextNotPresent("У виджета нет данных", false) == true): null

03-12-2024T03:31:16 - [MESSAGE][PASSED] - Text 'У виджета нет данных' is not present on page

03-12-2024T03:31:16 - [TEST_STEP][PASSED] - if (verifyTextNotPresent("У виджета нет данных", false) == true): Text 'У виджета нет данных' is not present on page

03-12-2024T03:31:17 - [MESSAGE][PASSED] - Text 'У виджета нет данных' is not present on page

03-12-2024T03:31:17 - [TEST_STEP][PASSED] - click(findTestObject("Факторный анализ/Переключить отображение с месяца на филиал")): Object: 'Object Repository/Факторный анализ/Переключить отображение с месяца на филиал' is clicked on

03-12-2024T03:31:17 - [MESSAGE][PASSED] - Object: 'Object Repository/Факторный анализ/Переключить отображение с месяца на филиал' is clicked on

03-12-2024T03:31:17 - [TEST_STEP][PASSED] - click(findTestObject("Факторный анализ/Фильтр ДЗО")): Object: 'Object Repository/Факторный анализ/Фильтр ДЗО' is clicked on

03-12-2024T03:31:17 - [MESSAGE][PASSED] - Object: 'Object Repository/Факторный анализ/Фильтр ДЗО' is clicked on

03-12-2024T03:31:17 - [TEST_STEP][PASSED] - click(findTestObject("Факторный анализ/Снять выделение в фильтре ДЗО")): Object: 'Object Repository/Факторный анализ/Снять выделение в фильтре ДЗО' is clicked on

03-12-2024T03:31:18 - [MESSAGE][PASSED] - Object: 'Object Repository/Факторный анализ/Снять выделение в фильтре ДЗО' is clicked on

03-12-2024T03:31:18 - [TEST_STEP][PASSED] - scrollToElement(findTestObject("Общие объекты/Раскрыть список Россети Центр"), 30): Scroll to object 'Object Repository/Общие объекты/Раскрыть список Россети Центр' successfully

03-12-2024T03:31:18 - [MESSAGE][PASSED] - Scroll to object 'Object Repository/Общие объекты/Раскрыть список Россети Центр' successfully

03-12-2024T03:31:18 - [TEST_STEP][PASSED] - click(findTestObject("Общие объекты/Раскрыть список Россети Центр")): Object: 'Object Repository/Общие объекты/Раскрыть список Россети Центр' is clicked on

03-12-2024T03:31:18 - [MESSAGE][PASSED] - Object: 'Object Repository/Общие объекты/Раскрыть список Россети Центр' is clicked on

03-12-2024T03:31:18 - [TEST_STEP][PASSED] - click(findTestObject("Общие объекты/Раскрыть список Россети Центр")): Object: 'Object Repository/Общие объекты/Раскрыть список Россети Центр' is clicked on

03-12-2024T03:31:20 - [MESSAGE][PASSED] - Object: 'Object Repository/Общие объекты/Раскрыть список Россети Центр' is clicked on

03-12-2024T03:31:20 - [TEST_STEP][PASSED] - scrollToElement(findTestObject("Общие объекты/Белгородэнерго"), 30): Scroll to object 'Object Repository/Общие объекты/Белгородэнерго' successfully

03-12-2024T03:31:20 - [MESSAGE][PASSED] - Scroll to object 'Object Repository/Общие объекты/Белгородэнерго' successfully

03-12-2024T03:31:20 - [TEST_STEP][PASSED] - click(findTestObject("Общие объекты/Белгородэнерго")): Object: 'Object Repository/Общие объекты/Белгородэнерго' is clicked on

03-12-2024T03:31:20 - [MESSAGE][PASSED] - Object: 'Object Repository/Общие объекты/Белгородэнерго' is clicked on

03-12-2024T03:31:20 - [TEST_STEP][PASSED] - Script1687405718449.Change(todaysDate, typeOfData): null

03-12-2024T03:31:20 - [TEST_STEP][PASSED] - scrollToElement(findTestObject("Факторный анализ/Заголовок дашборда"), 30): Scroll to object 'Object Repository/Факторный анализ/Заголовок дашборда' successfully

03-12-2024T03:31:21 - [MESSAGE][PASSED] - Scroll to object 'Object Repository/Факторный анализ/Заголовок дашборда' successfully

03-12-2024T03:31:21 - [TEST_STEP][PASSED] - click(findTestObject("Факторный анализ/Применить в фильтре ДЗО")): Object: 'Object Repository/Факторный анализ/Применить в фильтре ДЗО' is clicked on

03-12-2024T03:31:21 - [MESSAGE][PASSED] - Object: 'Object Repository/Факторный анализ/Применить в фильтре ДЗО' is clicked on

03-12-2024T03:31:21 - [TEST_STEP][PASSED] - typeOfData = "Филиал": null

03-12-2024T03:31:21 - [TEST_STEP][PASSED] - Script1687405718449.Test(todaysDate, typeOfData): null

03-12-2024T03:31:21 - [TEST_STEP][PASSED] - if (verifyTextNotPresent("нет данных", false) == true): null

03-12-2024T03:31:23 - [MESSAGE][PASSED] - Text 'нет данных' is not present on page

03-12-2024T03:31:23 - [TEST_STEP][PASSED] - if (verifyTextNotPresent("Ошибка запроса данных", false) == true): null

03-12-2024T03:31:24 - [MESSAGE][PASSED] - Text 'Ошибка запроса данных' is not present on page

03-12-2024T03:31:24 - [TEST_STEP][PASSED] - if (verifyTextNotPresent("Произошла ошибка при выполнении пользовательского кода", false) == true): null

03-12-2024T03:31:24 - [MESSAGE][PASSED] - Text 'Произошла ошибка при выполнении пользовательского кода' is not present on page

03-12-2024T03:31:24 - [TEST_STEP][PASSED] - if (verifyTextNotPresent("У виджета нет данных", false) == true): null

03-12-2024T03:31:25 - [MESSAGE][PASSED] - Text 'У виджета нет данных' is not present on page

03-12-2024T03:31:25 - [TEST_STEP][PASSED] - if (verifyTextNotPresent("У виджета нет данных", false) == true): Text 'У виджета нет данных' is not present on page

03-12-2024T03:31:25 - [MESSAGE][PASSED] - Text 'У виджета нет данных' is not present on page

03-12-2024T03:31:25 - [TEST_STEP][PASSED] - click(findTestObject("Факторный анализ/Переключить отображение с филиала на месяц")): Object: 'Object Repository/Факторный анализ/Переключить отображение с филиала на месяц' is clicked on

03-12-2024T03:31:26 - [MESSAGE][PASSED] - Object: 'Object Repository/Факторный анализ/Переключить отображение с филиала на месяц' is clicked on

03-12-2024T03:31:26 - [TEST_STEP][PASSED] - typeOfData = "Месяц": null

03-12-2024T03:31:26 - [TEST_STEP][PASSED] - Script1687405718449.Test(todaysDate, typeOfData): null

03-12-2024T03:31:26 - [TEST_STEP][PASSED] - if (verifyTextNotPresent("нет данных", false) == true): null

03-12-2024T03:31:26 - [MESSAGE][PASSED] - Text 'нет данных' is not present on page

03-12-2024T03:31:26 - [TEST_STEP][PASSED] - if (verifyTextNotPresent("Ошибка запроса данных", false) == true): null

03-12-2024T03:31:27 - [MESSAGE][PASSED] - Text 'Ошибка запроса данных' is not present on page

03-12-2024T03:31:27 - [TEST_STEP][PASSED] - if (verifyTextNotPresent("Произошла ошибка при выполнении пользовательского кода", false) == true): null

03-12-2024T03:31:27 - [MESSAGE][PASSED] - Text 'Произошла ошибка при выполнении пользовательского кода' is not present on page

03-12-2024T03:31:27 - [TEST_STEP][PASSED] - if (verifyTextNotPresent("У виджета нет данных", false) == true): null

03-12-2024T03:31:28 - [MESSAGE][PASSED] - Text 'У виджета нет данных' is not present on page

03-12-2024T03:31:28 - [TEST_STEP][PASSED] - if (verifyTextNotPresent("У виджета нет данных", false) == true): Text 'У виджета нет данных' is not present on page

03-12-2024T03:31:28 - [MESSAGE][PASSED] - Text 'У виджета нет данных' is not present on page

03-12-2024T03:31:28 - [TEST_STEP][PASSED] - click(findTestObject("Факторный анализ/Переключить отображение с месяца на филиал")): Object: 'Object Repository/Факторный анализ/Переключить отображение с месяца на филиал' is clicked on

03-12-2024T03:31:28 - [MESSAGE][PASSED] - Object: 'Object Repository/Факторный анализ/Переключить отображение с месяца на филиал' is clicked on

03-12-2024T03:31:28 - [TEST_STEP][PASSED] - click(findTestObject("Факторный анализ/Фильтр ДЗО")): Object: 'Object Repository/Факторный анализ/Фильтр ДЗО' is clicked on

03-12-2024T03:31:29 - [MESSAGE][PASSED] - Object: 'Object Repository/Факторный анализ/Фильтр ДЗО' is clicked on

03-12-2024T03:31:29 - [TEST_STEP][PASSED] - click(findTestObject("Факторный анализ/Снять выделение в фильтре ДЗО")): Object: 'Object Repository/Факторный анализ/Снять выделение в фильтре ДЗО' is clicked on

03-12-2024T03:31:29 - [MESSAGE][PASSED] - Object: 'Object Repository/Факторный анализ/Снять выделение в фильтре ДЗО' is clicked on

03-12-2024T03:31:29 - [TEST_STEP][PASSED] - scrollToElement(findTestObject("Общие объекты/Брянскэнерго"), 30): Scroll to object 'Object Repository/Общие объекты/Брянскэнерго' successfully

03-12-2024T03:31:30 - [MESSAGE][PASSED] - Scroll to object 'Object Repository/Общие объекты/Брянскэнерго' successfully

03-12-2024T03:31:30 - [TEST_STEP][PASSED] - click(findTestObject("Общие объекты/Брянскэнерго")): Object: 'Object Repository/Общие объекты/Брянскэнерго' is clicked on

03-12-2024T03:31:30 - [MESSAGE][PASSED] - Object: 'Object Repository/Общие объекты/Брянскэнерго' is clicked on

03-12-2024T03:31:30 - [TEST_STEP][PASSED] - Script1687405718449.Change(todaysDate, typeOfData): null

03-12-2024T03:31:30 - [TEST_STEP][PASSED] - scrollToElement(findTestObject("Факторный анализ/Заголовок дашборда"), 30): Scroll to object 'Object Repository/Факторный анализ/Заголовок дашборда' successfully

03-12-2024T03:31:30 - [MESSAGE][PASSED] - Scroll to object 'Object Repository/Факторный анализ/Заголовок дашборда' successfully

03-12-2024T03:31:30 - [TEST_STEP][PASSED] - click(findTestObject("Факторный анализ/Применить в фильтре ДЗО")): Object: 'Object Repository/Факторный анализ/Применить в фильтре ДЗО' is clicked on

03-12-2024T03:31:31 - [MESSAGE][PASSED] - Object: 'Object Repository/Факторный анализ/Применить в фильтре ДЗО' is clicked on

03-12-2024T03:31:31 - [TEST_STEP][PASSED] - typeOfData = "Филиал": null

03-12-2024T03:31:31 - [TEST_STEP][PASSED] - Script1687405718449.Test(todaysDate, typeOfData): null

03-12-2024T03:31:31 - [TEST_STEP][PASSED] - if (verifyTextNotPresent("нет данных", false) == true): null

03-12-2024T03:31:35 - [MESSAGE][PASSED] - Text 'нет данных' is not present on page

03-12-2024T03:31:35 - [TEST_STEP][PASSED] - if (verifyTextNotPresent("Ошибка запроса данных", false) == true): null

03-12-2024T03:31:35 - [MESSAGE][PASSED] - Text 'Ошибка запроса данных' is not present on page

03-12-2024T03:31:35 - [TEST_STEP][PASSED] - if (verifyTextNotPresent("Произошла ошибка при выполнении пользовательского кода", false) == true): null

03-12-2024T03:31:36 - [MESSAGE][PASSED] - Text 'Произошла ошибка при выполнении пользовательского кода' is not present on page

03-12-2024T03:31:36 - [TEST_STEP][PASSED] - if (verifyTextNotPresent("У виджета нет данных", false) == true): null

03-12-2024T03:31:36 - [MESSAGE][PASSED] - Text 'У виджета нет данных' is not present on page

03-12-2024T03:31:36 - [TEST_STEP][PASSED] - if (verifyTextNotPresent("У виджета нет данных", false) == true): Text 'У виджета нет данных' is not present on page

03-12-2024T03:31:37 - [MESSAGE][PASSED] - Text 'У виджета нет данных' is not present on page

03-12-2024T03:31:37 - [TEST_STEP][PASSED] - click(findTestObject("Факторный анализ/Переключить отображение с филиала на месяц")): Object: 'Object Repository/Факторный анализ/Переключить отображение с филиала на месяц' is clicked on

03-12-2024T03:31:37 - [MESSAGE][PASSED] - Object: 'Object Repository/Факторный анализ/Переключить отображение с филиала на месяц' is clicked on

03-12-2024T03:31:37 - [TEST_STEP][PASSED] - typeOfData = "Месяц": null

03-12-2024T03:31:37 - [TEST_STEP][PASSED] - Script1687405718449.Test(todaysDate, typeOfData): null

03-12-2024T03:31:37 - [TEST_STEP][PASSED] - if (verifyTextNotPresent("нет данных", false) == true): null

03-12-2024T03:31:38 - [MESSAGE][PASSED] - Text 'нет данных' is not present on page

03-12-2024T03:31:38 - [TEST_STEP][PASSED] - if (verifyTextNotPresent("Ошибка запроса данных", false) == true): null

03-12-2024T03:31:38 - [MESSAGE][PASSED] - Text 'Ошибка запроса данных' is not present on page

03-12-2024T03:31:38 - [TEST_STEP][PASSED] - if (verifyTextNotPresent("Произошла ошибка при выполнении пользовательского кода", false) == true): null

03-12-2024T03:31:39 - [MESSAGE][PASSED] - Text 'Произошла ошибка при выполнении пользовательского кода' is not present on page

03-12-2024T03:31:39 - [TEST_STEP][PASSED] - if (verifyTextNotPresent("У виджета нет данных", false) == true): null

03-12-2024T03:31:39 - [MESSAGE][PASSED] - Text 'У виджета нет данных' is not present on page

03-12-2024T03:31:39 - [TEST_STEP][PASSED] - if (verifyTextNotPresent("У виджета нет данных", false) == true): Text 'У виджета нет данных' is not present on page

03-12-2024T03:31:40 - [MESSAGE][PASSED] - Text 'У виджета нет данных' is not present on page

03-12-2024T03:31:40 - [TEST_STEP][PASSED] - click(findTestObject("Факторный анализ/Переключить отображение с месяца на филиал")): Object: 'Object Repository/Факторный анализ/Переключить отображение с месяца на филиал' is clicked on

03-12-2024T03:31:40 - [MESSAGE][PASSED] - Object: 'Object Repository/Факторный анализ/Переключить отображение с месяца на филиал' is clicked on

03-12-2024T03:31:40 - [TEST_STEP][PASSED] - click(findTestObject("Факторный анализ/Фильтр ДЗО")): Object: 'Object Repository/Факторный анализ/Фильтр ДЗО' is clicked on

03-12-2024T03:31:40 - [MESSAGE][PASSED] - Object: 'Object Repository/Факторный анализ/Фильтр ДЗО' is clicked on

03-12-2024T03:31:40 - [TEST_STEP][PASSED] - click(findTestObject("Факторный анализ/Снять выделение в фильтре ДЗО")): Object: 'Object Repository/Факторный анализ/Снять выделение в фильтре ДЗО' is clicked on

03-12-2024T03:31:41 - [MESSAGE][PASSED] - Object: 'Object Repository/Факторный анализ/Снять выделение в фильтре ДЗО' is clicked on

03-12-2024T03:31:41 - [TEST_STEP][PASSED] - scrollToElement(findTestObject("Общие объекты/Воронежэнерго"), 30): Scroll to object 'Object Repository/Общие объекты/Воронежэнерго' successfully

03-12-2024T03:31:41 - [MESSAGE][PASSED] - Scroll to object 'Object Repository/Общие объекты/Воронежэнерго' successfully

03-12-2024T03:31:41 - [TEST_STEP][PASSED] - click(findTestObject("Общие объекты/Воронежэнерго")): Object: 'Object Repository/Общие объекты/Воронежэнерго' is clicked on

03-12-2024T03:31:41 - [MESSAGE][PASSED] - Object: 'Object Repository/Общие объекты/Воронежэнерго' is clicked on

03-12-2024T03:31:41 - [TEST_STEP][PASSED] - Script1687405718449.Change(todaysDate, typeOfData): null

03-12-2024T03:31:41 - [TEST_STEP][PASSED] - scrollToElement(findTestObject("Факторный анализ/Заголовок дашборда"), 30): Scroll to object 'Object Repository/Факторный анализ/Заголовок дашборда' successfully

03-12-2024T03:31:42 - [MESSAGE][PASSED] - Scroll to object 'Object Repository/Факторный анализ/Заголовок дашборда' successfully

03-12-2024T03:31:42 - [TEST_STEP][PASSED] - click(findTestObject("Факторный анализ/Применить в фильтре ДЗО")): Object: 'Object Repository/Факторный анализ/Применить в фильтре ДЗО' is clicked on

03-12-2024T03:31:42 - [MESSAGE][PASSED] - Object: 'Object Repository/Факторный анализ/Применить в фильтре ДЗО' is clicked on

03-12-2024T03:31:42 - [TEST_STEP][PASSED] - typeOfData = "Филиал": null

03-12-2024T03:31:42 - [TEST_STEP][PASSED] - Script1687405718449.Test(todaysDate, typeOfData): null

03-12-2024T03:31:42 - [TEST_STEP][PASSED] - if (verifyTextNotPresent("нет данных", false) == true): null

03-12-2024T03:31:45 - [MESSAGE][PASSED] - Text 'нет данных' is not present on page

03-12-2024T03:31:45 - [TEST_STEP][PASSED] - if (verifyTextNotPresent("Ошибка запроса данных", false) == true): null

03-12-2024T03:31:46 - [MESSAGE][PASSED] - Text 'Ошибка запроса данных' is not present on page

03-12-2024T03:31:46 - [TEST_STEP][PASSED] - if (verifyTextNotPresent("Произошла ошибка при выполнении пользовательского кода", false) == true): null

03-12-2024T03:31:46 - [MESSAGE][PASSED] - Text 'Произошла ошибка при выполнении пользовательского кода' is not present on page

03-12-2024T03:31:46 - [TEST_STEP][PASSED] - if (verifyTextNotPresent("У виджета нет данных", false) == true): null

03-12-2024T03:31:47 - [MESSAGE][PASSED] - Text 'У виджета нет данных' is not present on page

03-12-2024T03:31:47 - [TEST_STEP][PASSED] - if (verifyTextNotPresent("У виджета нет данных", false) == true): Text 'У виджета нет данных' is not present on page

03-12-2024T03:31:47 - [MESSAGE][PASSED] - Text 'У виджета нет данных' is not present on page

03-12-2024T03:31:47 - [TEST_STEP][PASSED] - click(findTestObject("Факторный анализ/Переключить отображение с филиала на месяц")): Object: 'Object Repository/Факторный анализ/Переключить отображение с филиала на месяц' is clicked on

03-12-2024T03:31:48 - [MESSAGE][PASSED] - Object: 'Object Repository/Факторный анализ/Переключить отображение с филиала на месяц' is clicked on

03-12-2024T03:31:48 - [TEST_STEP][PASSED] - typeOfData = "Месяц": null

03-12-2024T03:31:48 - [TEST_STEP][PASSED] - Script1687405718449.Test(todaysDate, typeOfData): null

03-12-2024T03:31:48 - [TEST_STEP][PASSED] - if (verifyTextNotPresent("нет данных", false) == true): null

03-12-2024T03:31:48 - [MESSAGE][PASSED] - Text 'нет данных' is not present on page

03-12-2024T03:31:48 - [TEST_STEP][PASSED] - if (verifyTextNotPresent("Ошибка запроса данных", false) == true): null

03-12-2024T03:31:49 - [MESSAGE][PASSED] - Text 'Ошибка запроса данных' is not present on page

03-12-2024T03:31:49 - [TEST_STEP][PASSED] - if (verifyTextNotPresent("Произошла ошибка при выполнении пользовательского кода", false) == true): null

03-12-2024T03:31:49 - [MESSAGE][PASSED] - Text 'Произошла ошибка при выполнении пользовательского кода' is not present on page

03-12-2024T03:31:49 - [TEST_STEP][PASSED] - if (verifyTextNotPresent("У виджета нет данных", false) == true): null

03-12-2024T03:31:50 - [MESSAGE][PASSED] - Text 'У виджета нет данных' is not present on page

03-12-2024T03:31:50 - [TEST_STEP][PASSED] - if (verifyTextNotPresent("У виджета нет данных", false) == true): Text 'У виджета нет данных' is not present on page

03-12-2024T03:31:50 - [MESSAGE][PASSED] - Text 'У виджета нет данных' is not present on page

03-12-2024T03:31:50 - [TEST_STEP][PASSED] - click(findTestObject("Факторный анализ/Переключить отображение с месяца на филиал")): Object: 'Object Repository/Факторный анализ/Переключить отображение с месяца на филиал' is clicked on

03-12-2024T03:31:50 - [MESSAGE][PASSED] - Object: 'Object Repository/Факторный анализ/Переключить отображение с месяца на филиал' is clicked on

03-12-2024T03:31:50 - [TEST_STEP][PASSED] - click(findTestObject("Факторный анализ/Фильтр ДЗО")): Object: 'Object Repository/Факторный анализ/Фильтр ДЗО' is clicked on

03-12-2024T03:31:51 - [MESSAGE][PASSED] - Object: 'Object Repository/Факторный анализ/Фильтр ДЗО' is clicked on

03-12-2024T03:31:51 - [TEST_STEP][PASSED] - click(findTestObject("Факторный анализ/Снять выделение в фильтре ДЗО")): Object: 'Object Repository/Факторный анализ/Снять выделение в фильтре ДЗО' is clicked on

03-12-2024T03:31:51 - [MESSAGE][PASSED] - Object: 'Object Repository/Факторный анализ/Снять выделение в фильтре ДЗО' is clicked on

03-12-2024T03:31:51 - [TEST_STEP][PASSED] - scrollToElement(findTestObject("Общие объекты/Костромаэнерго"), 30): Scroll to object 'Object Repository/Общие объекты/Костромаэнерго' successfully

03-12-2024T03:31:52 - [MESSAGE][PASSED] - Scroll to object 'Object Repository/Общие объекты/Костромаэнерго' successfully

03-12-2024T03:31:52 - [TEST_STEP][PASSED] - click(findTestObject("Общие объекты/Костромаэнерго")): Object: 'Object Repository/Общие объекты/Костромаэнерго' is clicked on

03-12-2024T03:31:52 - [MESSAGE][PASSED] - Object: 'Object Repository/Общие объекты/Костромаэнерго' is clicked on

03-12-2024T03:31:52 - [TEST_STEP][PASSED] - Script1687405718449.Change(todaysDate, typeOfData): null

03-12-2024T03:31:52 - [TEST_STEP][PASSED] - scrollToElement(findTestObject("Факторный анализ/Заголовок дашборда"), 30): Scroll to object 'Object Repository/Факторный анализ/Заголовок дашборда' successfully

03-12-2024T03:31:52 - [MESSAGE][PASSED] - Scroll to object 'Object Repository/Факторный анализ/Заголовок дашборда' successfully

03-12-2024T03:31:52 - [TEST_STEP][PASSED] - click(findTestObject("Факторный анализ/Применить в фильтре ДЗО")): Object: 'Object Repository/Факторный анализ/Применить в фильтре ДЗО' is clicked on

03-12-2024T03:31:53 - [MESSAGE][PASSED] - Object: 'Object Repository/Факторный анализ/Применить в фильтре ДЗО' is clicked on

03-12-2024T03:31:53 - [TEST_STEP][PASSED] - typeOfData = "Филиал": null

03-12-2024T03:31:53 - [TEST_STEP][PASSED] - Script1687405718449.Test(todaysDate, typeOfData): null

03-12-2024T03:31:53 - [TEST_STEP][PASSED] - if (verifyTextNotPresent("нет данных", false) == true): null

03-12-2024T03:31:55 - [MESSAGE][PASSED] - Text 'нет данных' is not present on page

03-12-2024T03:31:55 - [TEST_STEP][PASSED] - if (verifyTextNotPresent("Ошибка запроса данных", false) == true): null

03-12-2024T03:31:56 - [MESSAGE][PASSED] - Text 'Ошибка запроса данных' is not present on page

03-12-2024T03:31:56 - [TEST_STEP][PASSED] - if (verifyTextNotPresent("Произошла ошибка при выполнении пользовательского кода", false) == true): null

03-12-2024T03:31:56 - [MESSAGE][PASSED] - Text 'Произошла ошибка при выполнении пользовательского кода' is not present on page

03-12-2024T03:31:56 - [TEST_STEP][PASSED] - if (verifyTextNotPresent("У виджета нет данных", false) == true): null

03-12-2024T03:31:57 - [MESSAGE][PASSED] - Text 'У виджета нет данных' is not present on page

03-12-2024T03:31:57 - [TEST_STEP][PASSED] - if (verifyTextNotPresent("У виджета нет данных", false) == true): Text 'У виджета нет данных' is not present on page

03-12-2024T03:31:57 - [MESSAGE][PASSED] - Text 'У виджета нет данных' is not present on page

03-12-2024T03:31:57 - [TEST_STEP][PASSED] - click(findTestObject("Факторный анализ/Переключить отображение с филиала на месяц")): Object: 'Object Repository/Факторный анализ/Переключить отображение с филиала на месяц' is clicked on

03-12-2024T03:31:58 - [MESSAGE][PASSED] - Object: 'Object Repository/Факторный анализ/Переключить отображение с филиала на месяц' is clicked on

03-12-2024T03:31:58 - [TEST_STEP][PASSED] - typeOfData = "Месяц": null

03-12-2024T03:31:58 - [TEST_STEP][PASSED] - Script1687405718449.Test(todaysDate, typeOfData): null

03-12-2024T03:31:58 - [TEST_STEP][PASSED] - if (verifyTextNotPresent("нет данных", false) == true): null

03-12-2024T03:31:58 - [MESSAGE][PASSED] - Text 'нет данных' is not present on page

03-12-2024T03:31:58 - [TEST_STEP][PASSED] - if (verifyTextNotPresent("Ошибка запроса данных", false) == true): null

03-12-2024T03:31:59 - [MESSAGE][PASSED] - Text 'Ошибка запроса данных' is not present on page

03-12-2024T03:31:59 - [TEST_STEP][PASSED] - if (verifyTextNotPresent("Произошла ошибка при выполнении пользовательского кода", false) == true): null

03-12-2024T03:31:59 - [MESSAGE][PASSED] - Text 'Произошла ошибка при выполнении пользовательского кода' is not present on page

03-12-2024T03:31:59 - [TEST_STEP][PASSED] - if (verifyTextNotPresent("У виджета нет данных", false) == true): null

03-12-2024T03:31:59 - [MESSAGE][PASSED] - Text 'У виджета нет данных' is not present on page

03-12-2024T03:31:59 - [TEST_STEP][PASSED] - if (verifyTextNotPresent("У виджета нет данных", false) == true): Text 'У виджета нет данных' is not present on page

03-12-2024T03:32:00 - [MESSAGE][PASSED] - Text 'У виджета нет данных' is not present on page

03-12-2024T03:32:00 - [TEST_STEP][PASSED] - click(findTestObject("Факторный анализ/Переключить отображение с месяца на филиал")): Object: 'Object Repository/Факторный анализ/Переключить отображение с месяца на филиал' is clicked on

03-12-2024T03:32:00 - [MESSAGE][PASSED] - Object: 'Object Repository/Факторный анализ/Переключить отображение с месяца на филиал' is clicked on

03-12-2024T03:32:00 - [TEST_STEP][PASSED] - click(findTestObject("Факторный анализ/Фильтр ДЗО")): Object: 'Object Repository/Факторный анализ/Фильтр ДЗО' is clicked on

03-12-2024T03:32:01 - [MESSAGE][PASSED] - Object: 'Object Repository/Факторный анализ/Фильтр ДЗО' is clicked on

03-12-2024T03:32:01 - [TEST_STEP][PASSED] - click(findTestObject("Факторный анализ/Снять выделение в фильтре ДЗО")): Object: 'Object Repository/Факторный анализ/Снять выделение в фильтре ДЗО' is clicked on

03-12-2024T03:32:01 - [MESSAGE][PASSED] - Object: 'Object Repository/Факторный анализ/Снять выделение в фильтре ДЗО' is clicked on

03-12-2024T03:32:01 - [TEST_STEP][PASSED] - scrollToElement(findTestObject("Общие объекты/Курскэнерго"), 30): Scroll to object 'Object Repository/Общие объекты/Курскэнерго' successfully

03-12-2024T03:32:01 - [MESSAGE][PASSED] - Scroll to object 'Object Repository/Общие объекты/Курскэнерго' successfully

03-12-2024T03:32:01 - [TEST_STEP][PASSED] - click(findTestObject("Общие объекты/Курскэнерго")): Object: 'Object Repository/Общие объекты/Курскэнерго' is clicked on

03-12-2024T03:32:02 - [MESSAGE][PASSED] - Object: 'Object Repository/Общие объекты/Курскэнерго' is clicked on

03-12-2024T03:32:02 - [TEST_STEP][PASSED] - Script1687405718449.Change(todaysDate, typeOfData): null

03-12-2024T03:32:02 - [TEST_STEP][PASSED] - scrollToElement(findTestObject("Факторный анализ/Заголовок дашборда"), 30): Scroll to object 'Object Repository/Факторный анализ/Заголовок дашборда' successfully

03-12-2024T03:32:02 - [MESSAGE][PASSED] - Scroll to object 'Object Repository/Факторный анализ/Заголовок дашборда' successfully

03-12-2024T03:32:02 - [TEST_STEP][PASSED] - click(findTestObject("Факторный анализ/Применить в фильтре ДЗО")): Object: 'Object Repository/Факторный анализ/Применить в фильтре ДЗО' is clicked on

03-12-2024T03:32:03 - [MESSAGE][PASSED] - Object: 'Object Repository/Факторный анализ/Применить в фильтре ДЗО' is clicked on

03-12-2024T03:32:03 - [TEST_STEP][PASSED] - typeOfData = "Филиал": null

03-12-2024T03:32:03 - [TEST_STEP][PASSED] - Script1687405718449.Test(todaysDate, typeOfData): null

03-12-2024T03:32:03 - [TEST_STEP][PASSED] - if (verifyTextNotPresent("нет данных", false) == true): null

03-12-2024T03:32:05 - [MESSAGE][PASSED] - Text 'нет данных' is not present on page

03-12-2024T03:32:05 - [TEST_STEP][PASSED] - if (verifyTextNotPresent("Ошибка запроса данных", false) == true): null

03-12-2024T03:32:06 - [MESSAGE][PASSED] - Text 'Ошибка запроса данных' is not present on page

03-12-2024T03:32:06 - [TEST_STEP][PASSED] - if (verifyTextNotPresent("Произошла ошибка при выполнении пользовательского кода", false) == true): null

03-12-2024T03:32:06 - [MESSAGE][PASSED] - Text 'Произошла ошибка при выполнении пользовательского кода' is not present on page

03-12-2024T03:32:06 - [TEST_STEP][PASSED] - if (verifyTextNotPresent("У виджета нет данных", false) == true): null

03-12-2024T03:32:07 - [MESSAGE][PASSED] - Text 'У виджета нет данных' is not present on page

03-12-2024T03:32:07 - [TEST_STEP][PASSED] - if (verifyTextNotPresent("У виджета нет данных", false) == true): Text 'У виджета нет данных' is not present on page

03-12-2024T03:32:07 - [MESSAGE][PASSED] - Text 'У виджета нет данных' is not present on page

03-12-2024T03:32:07 - [TEST_STEP][PASSED] - click(findTestObject("Факторный анализ/Переключить отображение с филиала на месяц")): Object: 'Object Repository/Факторный анализ/Переключить отображение с филиала на месяц' is clicked on

03-12-2024T03:32:08 - [MESSAGE][PASSED] - Object: 'Object Repository/Факторный анализ/Переключить отображение с филиала на месяц' is clicked on

03-12-2024T03:32:08 - [TEST_STEP][PASSED] - typeOfData = "Месяц": null

03-12-2024T03:32:08 - [TEST_STEP][PASSED] - Script1687405718449.Test(todaysDate, typeOfData): null

03-12-2024T03:32:08 - [TEST_STEP][PASSED] - if (verifyTextNotPresent("нет данных", false) == true): null

03-12-2024T03:32:08 - [MESSAGE][PASSED] - Text 'нет данных' is not present on page

03-12-2024T03:32:08 - [TEST_STEP][PASSED] - if (verifyTextNotPresent("Ошибка запроса данных", false) == true): null

03-12-2024T03:32:08 - [MESSAGE][PASSED] - Text 'Ошибка запроса данных' is not present on page

03-12-2024T03:32:08 - [TEST_STEP][PASSED] - if (verifyTextNotPresent("Произошла ошибка при выполнении пользовательского кода", false) == true): null

03-12-2024T03:32:09 - [MESSAGE][PASSED] - Text 'Произошла ошибка при выполнении пользовательского кода' is not present on page

03-12-2024T03:32:09 - [TEST_STEP][PASSED] - if (verifyTextNotPresent("У виджета нет данных", false) == true): null

03-12-2024T03:32:09 - [MESSAGE][PASSED] - Text 'У виджета нет данных' is not present on page

03-12-2024T03:32:09 - [TEST_STEP][PASSED] - if (verifyTextNotPresent("У виджета нет данных", false) == true): Text 'У виджета нет данных' is not present on page

03-12-2024T03:32:10 - [MESSAGE][PASSED] - Text 'У виджета нет данных' is not present on page

03-12-2024T03:32:10 - [TEST_STEP][PASSED] - click(findTestObject("Факторный анализ/Переключить отображение с месяца на филиал")): Object: 'Object Repository/Факторный анализ/Переключить отображение с месяца на филиал' is clicked on

03-12-2024T03:32:10 - [MESSAGE][PASSED] - Object: 'Object Repository/Факторный анализ/Переключить отображение с месяца на филиал' is clicked on

03-12-2024T03:32:10 - [TEST_STEP][PASSED] - click(findTestObject("Факторный анализ/Фильтр ДЗО")): Object: 'Object Repository/Факторный анализ/Фильтр ДЗО' is clicked on

03-12-2024T03:32:11 - [MESSAGE][PASSED] - Object: 'Object Repository/Факторный анализ/Фильтр ДЗО' is clicked on

03-12-2024T03:32:11 - [TEST_STEP][PASSED] - click(findTestObject("Факторный анализ/Снять выделение в фильтре ДЗО")): Object: 'Object Repository/Факторный анализ/Снять выделение в фильтре ДЗО' is clicked on

03-12-2024T03:32:11 - [MESSAGE][PASSED] - Object: 'Object Repository/Факторный анализ/Снять выделение в фильтре ДЗО' is clicked on

03-12-2024T03:32:11 - [TEST_STEP][PASSED] - scrollToElement(findTestObject("Общие объекты/Липецкэнерго"), 30): Scroll to object 'Object Repository/Общие объекты/Липецкэнерго' successfully

03-12-2024T03:32:11 - [MESSAGE][PASSED] - Scroll to object 'Object Repository/Общие объекты/Липецкэнерго' successfully

03-12-2024T03:32:11 - [TEST_STEP][PASSED] - click(findTestObject("Общие объекты/Липецкэнерго")): Object: 'Object Repository/Общие объекты/Липецкэнерго' is clicked on

03-12-2024T03:32:12 - [MESSAGE][PASSED] - Object: 'Object Repository/Общие объекты/Липецкэнерго' is clicked on

03-12-2024T03:32:12 - [TEST_STEP][PASSED] - Script1687405718449.Change(todaysDate, typeOfData): null

03-12-2024T03:32:12 - [TEST_STEP][PASSED] - scrollToElement(findTestObject("Факторный анализ/Заголовок дашборда"), 30): Scroll to object 'Object Repository/Факторный анализ/Заголовок дашборда' successfully

03-12-2024T03:32:12 - [MESSAGE][PASSED] - Scroll to object 'Object Repository/Факторный анализ/Заголовок дашборда' successfully

03-12-2024T03:32:12 - [TEST_STEP][PASSED] - click(findTestObject("Факторный анализ/Применить в фильтре ДЗО")): Object: 'Object Repository/Факторный анализ/Применить в фильтре ДЗО' is clicked on

03-12-2024T03:32:13 - [MESSAGE][PASSED] - Object: 'Object Repository/Факторный анализ/Применить в фильтре ДЗО' is clicked on

03-12-2024T03:32:13 - [TEST_STEP][PASSED] - typeOfData = "Филиал": null

03-12-2024T03:32:13 - [TEST_STEP][PASSED] - Script1687405718449.Test(todaysDate, typeOfData): null

03-12-2024T03:32:13 - [TEST_STEP][PASSED] - if (verifyTextNotPresent("нет данных", false) == true): null

03-12-2024T03:32:15 - [MESSAGE][PASSED] - Text 'нет данных' is not present on page

03-12-2024T03:32:15 - [TEST_STEP][PASSED] - if (verifyTextNotPresent("Ошибка запроса данных", false) == true): null

03-12-2024T03:32:16 - [MESSAGE][PASSED] - Text 'Ошибка запроса данных' is not present on page

03-12-2024T03:32:16 - [TEST_STEP][PASSED] - if (verifyTextNotPresent("Произошла ошибка при выполнении пользовательского кода", false) == true): null

03-12-2024T03:32:16 - [MESSAGE][PASSED] - Text 'Произошла ошибка при выполнении пользовательского кода' is not present on page

03-12-2024T03:32:16 - [TEST_STEP][PASSED] - if (verifyTextNotPresent("У виджета нет данных", false) == true): null

03-12-2024T03:32:17 - [MESSAGE][PASSED] - Text 'У виджета нет данных' is not present on page

03-12-2024T03:32:17 - [TEST_STEP][PASSED] - if (verifyTextNotPresent("У виджета нет данных", false) == true): Text 'У виджета нет данных' is not present on page

03-12-2024T03:32:17 - [MESSAGE][PASSED] - Text 'У виджета нет данных' is not present on page

03-12-2024T03:32:17 - [TEST_STEP][PASSED] - click(findTestObject("Факторный анализ/Переключить отображение с филиала на месяц")): Object: 'Object Repository/Факторный анализ/Переключить отображение с филиала на месяц' is clicked on

03-12-2024T03:32:18 - [MESSAGE][PASSED] - Object: 'Object Repository/Факторный анализ/Переключить отображение с филиала на месяц' is clicked on

03-12-2024T03:32:18 - [TEST_STEP][PASSED] - typeOfData = "Месяц": null

03-12-2024T03:32:18 - [TEST_STEP][PASSED] - Script1687405718449.Test(todaysDate, typeOfData): null

03-12-2024T03:32:18 - [TEST_STEP][PASSED] - if (verifyTextNotPresent("нет данных", false) == true): null

03-12-2024T03:32:18 - [MESSAGE][PASSED] - Text 'нет данных' is not present on page

03-12-2024T03:32:18 - [TEST_STEP][PASSED] - if (verifyTextNotPresent("Ошибка запроса данных", false) == true): null

03-12-2024T03:32:18 - [MESSAGE][PASSED] - Text 'Ошибка запроса данных' is not present on page

03-12-2024T03:32:18 - [TEST_STEP][PASSED] - if (verifyTextNotPresent("Произошла ошибка при выполнении пользовательского кода", false) == true): null

03-12-2024T03:32:19 - [MESSAGE][PASSED] - Text 'Произошла ошибка при выполнении пользовательского кода' is not present on page

03-12-2024T03:32:19 - [TEST_STEP][PASSED] - if (verifyTextNotPresent("У виджета нет данных", false) == true): null

03-12-2024T03:32:19 - [MESSAGE][PASSED] - Text 'У виджета нет данных' is not present on page

03-12-2024T03:32:19 - [TEST_STEP][PASSED] - if (verifyTextNotPresent("У виджета нет данных", false) == true): Text 'У виджета нет данных' is not present on page

03-12-2024T03:32:20 - [MESSAGE][PASSED] - Text 'У виджета нет данных' is not present on page

03-12-2024T03:32:20 - [TEST_STEP][PASSED] - click(findTestObject("Факторный анализ/Переключить отображение с месяца на филиал")): Object: 'Object Repository/Факторный анализ/Переключить отображение с месяца на филиал' is clicked on

03-12-2024T03:32:20 - [MESSAGE][PASSED] - Object: 'Object Repository/Факторный анализ/Переключить отображение с месяца на филиал' is clicked on

03-12-2024T03:32:20 - [TEST_STEP][PASSED] - click(findTestObject("Факторный анализ/Фильтр ДЗО")): Object: 'Object Repository/Факторный анализ/Фильтр ДЗО' is clicked on

03-12-2024T03:32:21 - [MESSAGE][PASSED] - Object: 'Object Repository/Факторный анализ/Фильтр ДЗО' is clicked on

03-12-2024T03:32:21 - [TEST_STEP][PASSED] - click(findTestObject("Факторный анализ/Снять выделение в фильтре ДЗО")): Object: 'Object Repository/Факторный анализ/Снять выделение в фильтре ДЗО' is clicked on

03-12-2024T03:32:21 - [MESSAGE][PASSED] - Object: 'Object Repository/Факторный анализ/Снять выделение в фильтре ДЗО' is clicked on

03-12-2024T03:32:21 - [TEST_STEP][PASSED] - scrollToElement(findTestObject("Общие объекты/Орелэнерго"), 30): Scroll to object 'Object Repository/Общие объекты/Орелэнерго' successfully

03-12-2024T03:32:21 - [MESSAGE][PASSED] - Scroll to object 'Object Repository/Общие объекты/Орелэнерго' successfully

03-12-2024T03:32:21 - [TEST_STEP][PASSED] - click(findTestObject("Общие объекты/Орелэнерго")): Object: 'Object Repository/Общие объекты/Орелэнерго' is clicked on

03-12-2024T03:32:22 - [MESSAGE][PASSED] - Object: 'Object Repository/Общие объекты/Орелэнерго' is clicked on

03-12-2024T03:32:22 - [TEST_STEP][PASSED] - Script1687405718449.Change(todaysDate, typeOfData): null

03-12-2024T03:32:22 - [TEST_STEP][PASSED] - scrollToElement(findTestObject("Факторный анализ/Заголовок дашборда"), 30): Scroll to object 'Object Repository/Факторный анализ/Заголовок дашборда' successfully

03-12-2024T03:32:22 - [MESSAGE][PASSED] - Scroll to object 'Object Repository/Факторный анализ/Заголовок дашборда' successfully

03-12-2024T03:32:22 - [TEST_STEP][PASSED] - click(findTestObject("Факторный анализ/Применить в фильтре ДЗО")): Object: 'Object Repository/Факторный анализ/Применить в фильтре ДЗО' is clicked on

03-12-2024T03:32:23 - [MESSAGE][PASSED] - Object: 'Object Repository/Факторный анализ/Применить в фильтре ДЗО' is clicked on

03-12-2024T03:32:23 - [TEST_STEP][PASSED] - typeOfData = "Филиал": null

03-12-2024T03:32:23 - [TEST_STEP][PASSED] - Script1687405718449.Test(todaysDate, typeOfData): null

03-12-2024T03:32:23 - [TEST_STEP][PASSED] - if (verifyTextNotPresent("нет данных", false) == true): null

03-12-2024T03:32:26 - [MESSAGE][PASSED] - Text 'нет данных' is not present on page

03-12-2024T03:32:26 - [TEST_STEP][PASSED] - if (verifyTextNotPresent("Ошибка запроса данных", false) == true): null

03-12-2024T03:32:26 - [MESSAGE][PASSED] - Text 'Ошибка запроса данных' is not present on page

03-12-2024T03:32:26 - [TEST_STEP][PASSED] - if (verifyTextNotPresent("Произошла ошибка при выполнении пользовательского кода", false) == true): null

03-12-2024T03:32:26 - [MESSAGE][PASSED] - Text 'Произошла ошибка при выполнении пользовательского кода' is not present on page

03-12-2024T03:32:26 - [TEST_STEP][PASSED] - if (verifyTextNotPresent("У виджета нет данных", false) == true): null

03-12-2024T03:32:27 - [MESSAGE][PASSED] - Text 'У виджета нет данных' is not present on page

03-12-2024T03:32:27 - [TEST_STEP][PASSED] - if (verifyTextNotPresent("У виджета нет данных", false) == true): Text 'У виджета нет данных' is not present on page

03-12-2024T03:32:27 - [MESSAGE][PASSED] - Text 'У виджета нет данных' is not present on page

03-12-2024T03:32:27 - [TEST_STEP][PASSED] - click(findTestObject("Факторный анализ/Переключить отображение с филиала на месяц")): Object: 'Object Repository/Факторный анализ/Переключить отображение с филиала на месяц' is clicked on

03-12-2024T03:32:28 - [MESSAGE][PASSED] - Object: 'Object Repository/Факторный анализ/Переключить отображение с филиала на месяц' is clicked on

03-12-2024T03:32:28 - [TEST_STEP][PASSED] - typeOfData = "Месяц": null

03-12-2024T03:32:28 - [TEST_STEP][PASSED] - Script1687405718449.Test(todaysDate, typeOfData): null

03-12-2024T03:32:28 - [TEST_STEP][PASSED] - if (verifyTextNotPresent("нет данных", false) == true): null

03-12-2024T03:32:28 - [MESSAGE][PASSED] - Text 'нет данных' is not present on page

03-12-2024T03:32:28 - [TEST_STEP][PASSED] - if (verifyTextNotPresent("Ошибка запроса данных", false) == true): null

03-12-2024T03:32:29 - [MESSAGE][PASSED] - Text 'Ошибка запроса данных' is not present on page

03-12-2024T03:32:29 - [TEST_STEP][PASSED] - if (verifyTextNotPresent("Произошла ошибка при выполнении пользовательского кода", false) == true): null

03-12-2024T03:32:29 - [MESSAGE][PASSED] - Text 'Произошла ошибка при выполнении пользовательского кода' is not present on page

03-12-2024T03:32:29 - [TEST_STEP][PASSED] - if (verifyTextNotPresent("У виджета нет данных", false) == true): null

03-12-2024T03:32:30 - [MESSAGE][PASSED] - Text 'У виджета нет данных' is not present on page

03-12-2024T03:32:30 - [TEST_STEP][PASSED] - if (verifyTextNotPresent("У виджета нет данных", false) == true): Text 'У виджета нет данных' is not present on page

03-12-2024T03:32:30 - [MESSAGE][PASSED] - Text 'У виджета нет данных' is not present on page

03-12-2024T03:32:30 - [TEST_STEP][PASSED] - click(findTestObject("Факторный анализ/Переключить отображение с месяца на филиал")): Object: 'Object Repository/Факторный анализ/Переключить отображение с месяца на филиал' is clicked on

03-12-2024T03:32:31 - [MESSAGE][PASSED] - Object: 'Object Repository/Факторный анализ/Переключить отображение с месяца на филиал' is clicked on

03-12-2024T03:32:31 - [TEST_STEP][PASSED] - click(findTestObject("Факторный анализ/Фильтр ДЗО")): Object: 'Object Repository/Факторный анализ/Фильтр ДЗО' is clicked on

03-12-2024T03:32:31 - [MESSAGE][PASSED] - Object: 'Object Repository/Факторный анализ/Фильтр ДЗО' is clicked on

03-12-2024T03:32:31 - [TEST_STEP][PASSED] - click(findTestObject("Факторный анализ/Снять выделение в фильтре ДЗО")): Object: 'Object Repository/Факторный анализ/Снять выделение в фильтре ДЗО' is clicked on

03-12-2024T03:32:31 - [MESSAGE][PASSED] - Object: 'Object Repository/Факторный анализ/Снять выделение в фильтре ДЗО' is clicked on

03-12-2024T03:32:31 - [TEST_STEP][PASSED] - scrollToElement(findTestObject("Общие объекты/Смоленскэнерго"), 30): Scroll to object 'Object Repository/Общие объекты/Смоленскэнерго' successfully

03-12-2024T03:32:32 - [MESSAGE][PASSED] - Scroll to object 'Object Repository/Общие объекты/Смоленскэнерго' successfully

03-12-2024T03:32:32 - [TEST_STEP][PASSED] - click(findTestObject("Общие объекты/Смоленскэнерго")): Object: 'Object Repository/Общие объекты/Смоленскэнерго' is clicked on

03-12-2024T03:32:32 - [MESSAGE][PASSED] - Object: 'Object Repository/Общие объекты/Смоленскэнерго' is clicked on

03-12-2024T03:32:32 - [TEST_STEP][PASSED] - Script1687405718449.Change(todaysDate, typeOfData): null

03-12-2024T03:32:32 - [TEST_STEP][PASSED] - scrollToElement(findTestObject("Факторный анализ/Заголовок дашборда"), 30): Scroll to object 'Object Repository/Факторный анализ/Заголовок дашборда' successfully

03-12-2024T03:32:33 - [MESSAGE][PASSED] - Scroll to object 'Object Repository/Факторный анализ/Заголовок дашборда' successfully

03-12-2024T03:32:33 - [TEST_STEP][PASSED] - click(findTestObject("Факторный анализ/Применить в фильтре ДЗО")): Object: 'Object Repository/Факторный анализ/Применить в фильтре ДЗО' is clicked on

03-12-2024T03:32:33 - [MESSAGE][PASSED] - Object: 'Object Repository/Факторный анализ/Применить в фильтре ДЗО' is clicked on

03-12-2024T03:32:33 - [TEST_STEP][PASSED] - typeOfData = "Филиал": null

03-12-2024T03:32:33 - [TEST_STEP][PASSED] - Script1687405718449.Test(todaysDate, typeOfData): null

03-12-2024T03:32:33 - [TEST_STEP][PASSED] - if (verifyTextNotPresent("нет данных", false) == true): null

03-12-2024T03:32:40 - [MESSAGE][PASSED] - Text 'нет данных' is not present on page

03-12-2024T03:32:40 - [TEST_STEP][PASSED] - if (verifyTextNotPresent("Ошибка запроса данных", false) == true): null

03-12-2024T03:32:41 - [MESSAGE][PASSED] - Text 'Ошибка запроса данных' is not present on page

03-12-2024T03:32:41 - [TEST_STEP][PASSED] - if (verifyTextNotPresent("Произошла ошибка при выполнении пользовательского кода", false) == true): null

03-12-2024T03:32:41 - [MESSAGE][PASSED] - Text 'Произошла ошибка при выполнении пользовательского кода' is not present on page

03-12-2024T03:32:41 - [TEST_STEP][PASSED] - if (verifyTextNotPresent("У виджета нет данных", false) == true): null

03-12-2024T03:32:42 - [MESSAGE][PASSED] - Text 'У виджета нет данных' is not present on page

03-12-2024T03:32:42 - [TEST_STEP][PASSED] - if (verifyTextNotPresent("У виджета нет данных", false) == true): Text 'У виджета нет данных' is not present on page

03-12-2024T03:32:42 - [MESSAGE][PASSED] - Text 'У виджета нет данных' is not present on page

03-12-2024T03:32:42 - [TEST_STEP][PASSED] - click(findTestObject("Факторный анализ/Переключить отображение с филиала на месяц")): Object: 'Object Repository/Факторный анализ/Переключить отображение с филиала на месяц' is clicked on

03-12-2024T03:32:43 - [MESSAGE][PASSED] - Object: 'Object Repository/Факторный анализ/Переключить отображение с филиала на месяц' is clicked on

03-12-2024T03:32:43 - [TEST_STEP][PASSED] - typeOfData = "Месяц": null

03-12-2024T03:32:43 - [TEST_STEP][PASSED] - Script1687405718449.Test(todaysDate, typeOfData): null

03-12-2024T03:32:43 - [TEST_STEP][PASSED] - if (verifyTextNotPresent("нет данных", false) == true): null

03-12-2024T03:32:43 - [MESSAGE][PASSED] - Text 'нет данных' is not present on page

03-12-2024T03:32:43 - [TEST_STEP][PASSED] - if (verifyTextNotPresent("Ошибка запроса данных", false) == true): null

03-12-2024T03:32:44 - [MESSAGE][PASSED] - Text 'Ошибка запроса данных' is not present on page

03-12-2024T03:32:44 - [TEST_STEP][PASSED] - if (verifyTextNotPresent("Произошла ошибка при выполнении пользовательского кода", false) == true): null

03-12-2024T03:32:44 - [MESSAGE][PASSED] - Text 'Произошла ошибка при выполнении пользовательского кода' is not present on page

03-12-2024T03:32:44 - [TEST_STEP][PASSED] - if (verifyTextNotPresent("У виджета нет данных", false) == true): null

03-12-2024T03:32:45 - [MESSAGE][PASSED] - Text 'У виджета нет данных' is not present on page

03-12-2024T03:32:45 - [TEST_STEP][PASSED] - if (verifyTextNotPresent("У виджета нет данных", false) == true): Text 'У виджета нет данных' is not present on page

03-12-2024T03:32:45 - [MESSAGE][PASSED] - Text 'У виджета нет данных' is not present on page

03-12-2024T03:32:45 - [TEST_STEP][PASSED] - click(findTestObject("Факторный анализ/Переключить отображение с месяца на филиал")): Object: 'Object Repository/Факторный анализ/Переключить отображение с месяца на филиал' is clicked on

03-12-2024T03:32:45 - [MESSAGE][PASSED] - Object: 'Object Repository/Факторный анализ/Переключить отображение с месяца на филиал' is clicked on

03-12-2024T03:32:45 - [TEST_STEP][PASSED] - click(findTestObject("Факторный анализ/Фильтр ДЗО")): Object: 'Object Repository/Факторный анализ/Фильтр ДЗО' is clicked on

03-12-2024T03:32:46 - [MESSAGE][PASSED] - Object: 'Object Repository/Факторный анализ/Фильтр ДЗО' is clicked on

03-12-2024T03:32:46 - [TEST_STEP][PASSED] - click(findTestObject("Факторный анализ/Снять выделение в фильтре ДЗО")): Object: 'Object Repository/Факторный анализ/Снять выделение в фильтре ДЗО' is clicked on

03-12-2024T03:32:46 - [MESSAGE][PASSED] - Object: 'Object Repository/Факторный анализ/Снять выделение в фильтре ДЗО' is clicked on

03-12-2024T03:32:46 - [TEST_STEP][PASSED] - scrollToElement(findTestObject("Общие объекты/Тамбовэнерго"), 30): Scroll to object 'Object Repository/Общие объекты/Тамбовэнерго' successfully

03-12-2024T03:32:47 - [MESSAGE][PASSED] - Scroll to object 'Object Repository/Общие объекты/Тамбовэнерго' successfully

03-12-2024T03:32:47 - [TEST_STEP][PASSED] - click(findTestObject("Общие объекты/Тамбовэнерго")): Object: 'Object Repository/Общие объекты/Тамбовэнерго' is clicked on

03-12-2024T03:32:47 - [MESSAGE][PASSED] - Object: 'Object Repository/Общие объекты/Тамбовэнерго' is clicked on

03-12-2024T03:32:47 - [TEST_STEP][PASSED] - Script1687405718449.Change(todaysDate, typeOfData): null

03-12-2024T03:32:47 - [TEST_STEP][PASSED] - scrollToElement(findTestObject("Факторный анализ/Заголовок дашборда"), 30): Scroll to object 'Object Repository/Факторный анализ/Заголовок дашборда' successfully

03-12-2024T03:32:47 - [MESSAGE][PASSED] - Scroll to object 'Object Repository/Факторный анализ/Заголовок дашборда' successfully

03-12-2024T03:32:47 - [TEST_STEP][PASSED] - click(findTestObject("Факторный анализ/Применить в фильтре ДЗО")): Object: 'Object Repository/Факторный анализ/Применить в фильтре ДЗО' is clicked on

03-12-2024T03:32:48 - [MESSAGE][PASSED] - Object: 'Object Repository/Факторный анализ/Применить в фильтре ДЗО' is clicked on

03-12-2024T03:32:48 - [TEST_STEP][PASSED] - typeOfData = "Филиал": null

03-12-2024T03:32:48 - [TEST_STEP][PASSED] - Script1687405718449.Test(todaysDate, typeOfData): null

03-12-2024T03:32:48 - [TEST_STEP][PASSED] - if (verifyTextNotPresent("нет данных", false) == true): null

03-12-2024T03:32:50 - [MESSAGE][PASSED] - Text 'нет данных' is not present on page

03-12-2024T03:32:50 - [TEST_STEP][PASSED] - if (verifyTextNotPresent("Ошибка запроса данных", false) == true): null

03-12-2024T03:32:51 - [MESSAGE][PASSED] - Text 'Ошибка запроса данных' is not present on page

03-12-2024T03:32:51 - [TEST_STEP][PASSED] - if (verifyTextNotPresent("Произошла ошибка при выполнении пользовательского кода", false) == true): null

03-12-2024T03:32:51 - [MESSAGE][PASSED] - Text 'Произошла ошибка при выполнении пользовательского кода' is not present on page

03-12-2024T03:32:51 - [TEST_STEP][PASSED] - if (verifyTextNotPresent("У виджета нет данных", false) == true): null

03-12-2024T03:32:52 - [MESSAGE][PASSED] - Text 'У виджета нет данных' is not present on page

03-12-2024T03:32:52 - [TEST_STEP][PASSED] - if (verifyTextNotPresent("У виджета нет данных", false) == true): Text 'У виджета нет данных' is not present on page

03-12-2024T03:32:52 - [MESSAGE][PASSED] - Text 'У виджета нет данных' is not present on page

03-12-2024T03:32:52 - [TEST_STEP][PASSED] - click(findTestObject("Факторный анализ/Переключить отображение с филиала на месяц")): Object: 'Object Repository/Факторный анализ/Переключить отображение с филиала на месяц' is clicked on

03-12-2024T03:32:53 - [MESSAGE][PASSED] - Object: 'Object Repository/Факторный анализ/Переключить отображение с филиала на месяц' is clicked on

03-12-2024T03:32:53 - [TEST_STEP][PASSED] - typeOfData = "Месяц": null

03-12-2024T03:32:53 - [TEST_STEP][PASSED] - Script1687405718449.Test(todaysDate, typeOfData): null

03-12-2024T03:32:53 - [TEST_STEP][PASSED] - if (verifyTextNotPresent("нет данных", false) == true): null

03-12-2024T03:32:53 - [MESSAGE][PASSED] - Text 'нет данных' is not present on page

03-12-2024T03:32:53 - [TEST_STEP][PASSED] - if (verifyTextNotPresent("Ошибка запроса данных", false) == true): null

03-12-2024T03:32:54 - [MESSAGE][PASSED] - Text 'Ошибка запроса данных' is not present on page

03-12-2024T03:32:54 - [TEST_STEP][PASSED] - if (verifyTextNotPresent("Произошла ошибка при выполнении пользовательского кода", false) == true): null

03-12-2024T03:32:54 - [MESSAGE][PASSED] - Text 'Произошла ошибка при выполнении пользовательского кода' is not present on page

03-12-2024T03:32:54 - [TEST_STEP][PASSED] - if (verifyTextNotPresent("У виджета нет данных", false) == true): null

03-12-2024T03:32:55 - [MESSAGE][PASSED] - Text 'У виджета нет данных' is not present on page

03-12-2024T03:32:55 - [TEST_STEP][PASSED] - if (verifyTextNotPresent("У виджета нет данных", false) == true): Text 'У виджета нет данных' is not present on page

03-12-2024T03:32:55 - [MESSAGE][PASSED] - Text 'У виджета нет данных' is not present on page

03-12-2024T03:32:55 - [TEST_STEP][PASSED] - click(findTestObject("Факторный анализ/Переключить отображение с месяца на филиал")): Object: 'Object Repository/Факторный анализ/Переключить отображение с месяца на филиал' is clicked on

03-12-2024T03:32:55 - [MESSAGE][PASSED] - Object: 'Object Repository/Факторный анализ/Переключить отображение с месяца на филиал' is clicked on

03-12-2024T03:32:55 - [TEST_STEP][PASSED] - click(findTestObject("Факторный анализ/Фильтр ДЗО")): Object: 'Object Repository/Факторный анализ/Фильтр ДЗО' is clicked on

03-12-2024T03:32:56 - [MESSAGE][PASSED] - Object: 'Object Repository/Факторный анализ/Фильтр ДЗО' is clicked on

03-12-2024T03:32:56 - [TEST_STEP][PASSED] - click(findTestObject("Факторный анализ/Снять выделение в фильтре ДЗО")): Object: 'Object Repository/Факторный анализ/Снять выделение в фильтре ДЗО' is clicked on

03-12-2024T03:32:56 - [MESSAGE][PASSED] - Object: 'Object Repository/Факторный анализ/Снять выделение в фильтре ДЗО' is clicked on

03-12-2024T03:32:56 - [TEST_STEP][PASSED] - scrollToElement(findTestObject("Общие объекты/Тверьэнерго"), 30): Scroll to object 'Object Repository/Общие объекты/Тверьэнерго' successfully

03-12-2024T03:32:56 - [MESSAGE][PASSED] - Scroll to object 'Object Repository/Общие объекты/Тверьэнерго' successfully

03-12-2024T03:32:56 - [TEST_STEP][PASSED] - click(findTestObject("Общие объекты/Тверьэнерго")): Object: 'Object Repository/Общие объекты/Тверьэнерго' is clicked on

03-12-2024T03:32:57 - [MESSAGE][PASSED] - Object: 'Object Repository/Общие объекты/Тверьэнерго' is clicked on

03-12-2024T03:32:57 - [TEST_STEP][PASSED] - Script1687405718449.Change(todaysDate, typeOfData): null

03-12-2024T03:32:57 - [TEST_STEP][PASSED] - scrollToElement(findTestObject("Факторный анализ/Заголовок дашборда"), 30): Scroll to object 'Object Repository/Факторный анализ/Заголовок дашборда' successfully

03-12-2024T03:32:57 - [MESSAGE][PASSED] - Scroll to object 'Object Repository/Факторный анализ/Заголовок дашборда' successfully

03-12-2024T03:32:57 - [TEST_STEP][PASSED] - click(findTestObject("Факторный анализ/Применить в фильтре ДЗО")): Object: 'Object Repository/Факторный анализ/Применить в фильтре ДЗО' is clicked on

03-12-2024T03:32:58 - [MESSAGE][PASSED] - Object: 'Object Repository/Факторный анализ/Применить в фильтре ДЗО' is clicked on

03-12-2024T03:32:58 - [TEST_STEP][PASSED] - typeOfData = "Филиал": null

03-12-2024T03:32:58 - [TEST_STEP][PASSED] - Script1687405718449.Test(todaysDate, typeOfData): null

03-12-2024T03:32:58 - [TEST_STEP][PASSED] - if (verifyTextNotPresent("нет данных", false) == true): null

03-12-2024T03:33:00 - [MESSAGE][PASSED] - Text 'нет данных' is not present on page

03-12-2024T03:33:00 - [TEST_STEP][PASSED] - if (verifyTextNotPresent("Ошибка запроса данных", false) == true): null

03-12-2024T03:33:01 - [MESSAGE][PASSED] - Text 'Ошибка запроса данных' is not present on page

03-12-2024T03:33:01 - [TEST_STEP][PASSED] - if (verifyTextNotPresent("Произошла ошибка при выполнении пользовательского кода", false) == true): null

03-12-2024T03:33:01 - [MESSAGE][PASSED] - Text 'Произошла ошибка при выполнении пользовательского кода' is not present on page

03-12-2024T03:33:01 - [TEST_STEP][PASSED] - if (verifyTextNotPresent("У виджета нет данных", false) == true): null

03-12-2024T03:33:02 - [MESSAGE][PASSED] - Text 'У виджета нет данных' is not present on page

03-12-2024T03:33:02 - [TEST_STEP][PASSED] - if (verifyTextNotPresent("У виджета нет данных", false) == true): Text 'У виджета нет данных' is not present on page

03-12-2024T03:33:02 - [MESSAGE][PASSED] - Text 'У виджета нет данных' is not present on page

03-12-2024T03:33:02 - [TEST_STEP][PASSED] - click(findTestObject("Факторный анализ/Переключить отображение с филиала на месяц")): Object: 'Object Repository/Факторный анализ/Переключить отображение с филиала на месяц' is clicked on

03-12-2024T03:33:03 - [MESSAGE][PASSED] - Object: 'Object Repository/Факторный анализ/Переключить отображение с филиала на месяц' is clicked on

03-12-2024T03:33:03 - [TEST_STEP][PASSED] - typeOfData = "Месяц": null

03-12-2024T03:33:03 - [TEST_STEP][PASSED] - Script1687405718449.Test(todaysDate, typeOfData): null

03-12-2024T03:33:03 - [TEST_STEP][PASSED] - if (verifyTextNotPresent("нет данных", false) == true): null

03-12-2024T03:33:03 - [MESSAGE][PASSED] - Text 'нет данных' is not present on page

03-12-2024T03:33:03 - [TEST_STEP][PASSED] - if (verifyTextNotPresent("Ошибка запроса данных", false) == true): null

03-12-2024T03:33:04 - [MESSAGE][PASSED] - Text 'Ошибка запроса данных' is not present on page

03-12-2024T03:33:04 - [TEST_STEP][PASSED] - if (verifyTextNotPresent("Произошла ошибка при выполнении пользовательского кода", false) == true): null

03-12-2024T03:33:04 - [MESSAGE][PASSED] - Text 'Произошла ошибка при выполнении пользовательского кода' is not present on page

03-12-2024T03:33:04 - [TEST_STEP][PASSED] - if (verifyTextNotPresent("У виджета нет данных", false) == true): null

03-12-2024T03:33:05 - [MESSAGE][PASSED] - Text 'У виджета нет данных' is not present on page

03-12-2024T03:33:05 - [TEST_STEP][PASSED] - if (verifyTextNotPresent("У виджета нет данных", false) == true): Text 'У виджета нет данных' is not present on page

03-12-2024T03:33:05 - [MESSAGE][PASSED] - Text 'У виджета нет данных' is not present on page

03-12-2024T03:33:05 - [TEST_STEP][PASSED] - click(findTestObject("Факторный анализ/Переключить отображение с месяца на филиал")): Object: 'Object Repository/Факторный анализ/Переключить отображение с месяца на филиал' is clicked on

03-12-2024T03:33:05 - [MESSAGE][PASSED] - Object: 'Object Repository/Факторный анализ/Переключить отображение с месяца на филиал' is clicked on

03-12-2024T03:33:05 - [TEST_STEP][PASSED] - click(findTestObject("Факторный анализ/Фильтр ДЗО")): Object: 'Object Repository/Факторный анализ/Фильтр ДЗО' is clicked on

03-12-2024T03:33:06 - [MESSAGE][PASSED] - Object: 'Object Repository/Факторный анализ/Фильтр ДЗО' is clicked on

03-12-2024T03:33:06 - [TEST_STEP][PASSED] - click(findTestObject("Факторный анализ/Снять выделение в фильтре ДЗО")): Object: 'Object Repository/Факторный анализ/Снять выделение в фильтре ДЗО' is clicked on

03-12-2024T03:33:06 - [MESSAGE][PASSED] - Object: 'Object Repository/Факторный анализ/Снять выделение в фильтре ДЗО' is clicked on

03-12-2024T03:33:06 - [TEST_STEP][PASSED] - scrollToElement(findTestObject("Общие объекты/Ярэнерго"), 30): Scroll to object 'Object Repository/Общие объекты/Ярэнерго' successfully

03-12-2024T03:33:06 - [MESSAGE][PASSED] - Scroll to object 'Object Repository/Общие объекты/Ярэнерго' successfully

03-12-2024T03:33:06 - [TEST_STEP][PASSED] - click(findTestObject("Общие объекты/Ярэнерго")): Object: 'Object Repository/Общие объекты/Ярэнерго' is clicked on

03-12-2024T03:33:07 - [MESSAGE][PASSED] - Object: 'Object Repository/Общие объекты/Ярэнерго' is clicked on

03-12-2024T03:33:07 - [TEST_STEP][PASSED] - Script1687405718449.Change(todaysDate, typeOfData): null

03-12-2024T03:33:07 - [TEST_STEP][PASSED] - scrollToElement(findTestObject("Факторный анализ/Заголовок дашборда"), 30): Scroll to object 'Object Repository/Факторный анализ/Заголовок дашборда' successfully

03-12-2024T03:33:07 - [MESSAGE][PASSED] - Scroll to object 'Object Repository/Факторный анализ/Заголовок дашборда' successfully

03-12-2024T03:33:07 - [TEST_STEP][PASSED] - click(findTestObject("Факторный анализ/Применить в фильтре ДЗО")): Object: 'Object Repository/Факторный анализ/Применить в фильтре ДЗО' is clicked on

03-12-2024T03:33:08 - [MESSAGE][PASSED] - Object: 'Object Repository/Факторный анализ/Применить в фильтре ДЗО' is clicked on

03-12-2024T03:33:08 - [TEST_STEP][PASSED] - typeOfData = "Филиал": null

03-12-2024T03:33:08 - [TEST_STEP][PASSED] - Script1687405718449.Test(todaysDate, typeOfData): null

03-12-2024T03:33:08 - [TEST_STEP][PASSED] - if (verifyTextNotPresent("нет данных", false) == true): null

03-12-2024T03:33:11 - [MESSAGE][PASSED] - Text 'нет данных' is not present on page

03-12-2024T03:33:11 - [TEST_STEP][PASSED] - if (verifyTextNotPresent("Ошибка запроса данных", false) == true): null

03-12-2024T03:33:11 - [MESSAGE][PASSED] - Text 'Ошибка запроса данных' is not present on page

03-12-2024T03:33:11 - [TEST_STEP][PASSED] - if (verifyTextNotPresent("Произошла ошибка при выполнении пользовательского кода", false) == true): null

03-12-2024T03:33:12 - [MESSAGE][PASSED] - Text 'Произошла ошибка при выполнении пользовательского кода' is not present on page

03-12-2024T03:33:12 - [TEST_STEP][PASSED] - if (verifyTextNotPresent("У виджета нет данных", false) == true): null

03-12-2024T03:33:12 - [MESSAGE][PASSED] - Text 'У виджета нет данных' is not present on page

03-12-2024T03:33:12 - [TEST_STEP][PASSED] - if (verifyTextNotPresent("У виджета нет данных", false) == true): Text 'У виджета нет данных' is not present on page

03-12-2024T03:33:13 - [MESSAGE][PASSED] - Text 'У виджета нет данных' is not present on page

03-12-2024T03:33:13 - [TEST_STEP][PASSED] - click(findTestObject("Факторный анализ/Переключить отображение с филиала на месяц")): Object: 'Object Repository/Факторный анализ/Переключить отображение с филиала на месяц' is clicked on

03-12-2024T03:33:13 - [MESSAGE][PASSED] - Object: 'Object Repository/Факторный анализ/Переключить отображение с филиала на месяц' is clicked on

03-12-2024T03:33:13 - [TEST_STEP][PASSED] - typeOfData = "Месяц": null

03-12-2024T03:33:13 - [TEST_STEP][PASSED] - Script1687405718449.Test(todaysDate, typeOfData): null

03-12-2024T03:33:13 - [TEST_STEP][PASSED] - if (verifyTextNotPresent("нет данных", false) == true): null

03-12-2024T03:33:14 - [MESSAGE][PASSED] - Text 'нет данных' is not present on page

03-12-2024T03:33:14 - [TEST_STEP][PASSED] - if (verifyTextNotPresent("Ошибка запроса данных", false) == true): null

03-12-2024T03:33:14 - [MESSAGE][PASSED] - Text 'Ошибка запроса данных' is not present on page

03-12-2024T03:33:14 - [TEST_STEP][PASSED] - if (verifyTextNotPresent("Произошла ошибка при выполнении пользовательского кода", false) == true): null

03-12-2024T03:33:15 - [MESSAGE][PASSED] - Text 'Произошла ошибка при выполнении пользовательского кода' is not present on page

03-12-2024T03:33:15 - [TEST_STEP][PASSED] - if (verifyTextNotPresent("У виджета нет данных", false) == true): null

03-12-2024T03:33:15 - [MESSAGE][PASSED] - Text 'У виджета нет данных' is not present on page

03-12-2024T03:33:15 - [TEST_STEP][PASSED] - if (verifyTextNotPresent("У виджета нет данных", false) == true): Text 'У виджета нет данных' is not present on page

03-12-2024T03:33:15 - [MESSAGE][PASSED] - Text 'У виджета нет данных' is not present on page

03-12-2024T03:33:15 - [TEST_STEP][PASSED] - click(findTestObject("Факторный анализ/Переключить отображение с месяца на филиал")): Object: 'Object Repository/Факторный анализ/Переключить отображение с месяца на филиал' is clicked on

03-12-2024T03:33:16 - [MESSAGE][PASSED] - Object: 'Object Repository/Факторный анализ/Переключить отображение с месяца на филиал' is clicked on

03-12-2024T03:33:16 - [TEST_STEP][PASSED] - click(findTestObject("Факторный анализ/Фильтр ДЗО")): Object: 'Object Repository/Факторный анализ/Фильтр ДЗО' is clicked on

03-12-2024T03:33:16 - [MESSAGE][PASSED] - Object: 'Object Repository/Факторный анализ/Фильтр ДЗО' is clicked on

03-12-2024T03:33:16 - [TEST_STEP][PASSED] - click(findTestObject("Факторный анализ/Снять выделение в фильтре ДЗО")): Object: 'Object Repository/Факторный анализ/Снять выделение в фильтре ДЗО' is clicked on

03-12-2024T03:33:17 - [MESSAGE][PASSED] - Object: 'Object Repository/Факторный анализ/Снять выделение в фильтре ДЗО' is clicked on

03-12-2024T03:33:17 - [TEST_STEP][PASSED] - scrollToElement(findTestObject("Общие объекты/Раскрыть список Россети Центр и Приволжье"), 30): Scroll to object 'Object Repository/Общие объекты/Раскрыть список Россети Центр и Приволжье' successfully

03-12-2024T03:33:17 - [MESSAGE][PASSED] - Scroll to object 'Object Repository/Общие объекты/Раскрыть список Россети Центр и Приволжье' successfully

03-12-2024T03:33:17 - [TEST_STEP][PASSED] - click(findTestObject("Факторный анализ/Россети Центр и Приволжье")): Object: 'Object Repository/Факторный анализ/Россети Центр и Приволжье' is clicked on

03-12-2024T03:33:17 - [MESSAGE][PASSED] - Object: 'Object Repository/Факторный анализ/Россети Центр и Приволжье' is clicked on

03-12-2024T03:33:17 - [TEST_STEP][PASSED] - Script1687405718449.Change(todaysDate, typeOfData): null

03-12-2024T03:33:17 - [TEST_STEP][PASSED] - scrollToElement(findTestObject("Факторный анализ/Заголовок дашборда"), 30): Scroll to object 'Object Repository/Факторный анализ/Заголовок дашборда' successfully

03-12-2024T03:33:18 - [MESSAGE][PASSED] - Scroll to object 'Object Repository/Факторный анализ/Заголовок дашборда' successfully

03-12-2024T03:33:18 - [TEST_STEP][PASSED] - click(findTestObject("Факторный анализ/Применить в фильтре ДЗО")): Object: 'Object Repository/Факторный анализ/Применить в фильтре ДЗО' is clicked on

03-12-2024T03:33:18 - [MESSAGE][PASSED] - Object: 'Object Repository/Факторный анализ/Применить в фильтре ДЗО' is clicked on

03-12-2024T03:33:18 - [TEST_STEP][PASSED] - typeOfData = "Филиал": null

03-12-2024T03:33:18 - [TEST_STEP][PASSED] - Script1687405718449.Test(todaysDate, typeOfData): null

03-12-2024T03:33:18 - [TEST_STEP][PASSED] - if (verifyTextNotPresent("нет данных", false) == true): null

03-12-2024T03:33:21 - [MESSAGE][PASSED] - Text 'нет данных' is not present on page

03-12-2024T03:33:21 - [TEST_STEP][PASSED] - if (verifyTextNotPresent("Ошибка запроса данных", false) == true): null

03-12-2024T03:33:21 - [MESSAGE][PASSED] - Text 'Ошибка запроса данных' is not present on page

03-12-2024T03:33:21 - [TEST_STEP][PASSED] - if (verifyTextNotPresent("Произошла ошибка при выполнении пользовательского кода", false) == true): null

03-12-2024T03:33:22 - [MESSAGE][PASSED] - Text 'Произошла ошибка при выполнении пользовательского кода' is not present on page

03-12-2024T03:33:22 - [TEST_STEP][PASSED] - if (verifyTextNotPresent("У виджета нет данных", false) == true): null

03-12-2024T03:33:22 - [MESSAGE][PASSED] - Text 'У виджета нет данных' is not present on page

03-12-2024T03:33:22 - [TEST_STEP][PASSED] - if (verifyTextNotPresent("У виджета нет данных", false) == true): Text 'У виджета нет данных' is not present on page

03-12-2024T03:33:23 - [MESSAGE][PASSED] - Text 'У виджета нет данных' is not present on page

03-12-2024T03:33:23 - [TEST_STEP][PASSED] - click(findTestObject("Факторный анализ/Переключить отображение с филиала на месяц")): Object: 'Object Repository/Факторный анализ/Переключить отображение с филиала на месяц' is clicked on

03-12-2024T03:33:23 - [MESSAGE][PASSED] - Object: 'Object Repository/Факторный анализ/Переключить отображение с филиала на месяц' is clicked on

03-12-2024T03:33:23 - [TEST_STEP][PASSED] - typeOfData = "Месяц": null

03-12-2024T03:33:23 - [TEST_STEP][PASSED] - Script1687405718449.Test(todaysDate, typeOfData): null

03-12-2024T03:33:23 - [TEST_STEP][PASSED] - if (verifyTextNotPresent("нет данных", false) == true): null

03-12-2024T03:33:24 - [MESSAGE][PASSED] - Text 'нет данных' is not present on page

03-12-2024T03:33:24 - [TEST_STEP][PASSED] - if (verifyTextNotPresent("Ошибка запроса данных", false) == true): null

03-12-2024T03:33:24 - [MESSAGE][PASSED] - Text 'Ошибка запроса данных' is not present on page

03-12-2024T03:33:24 - [TEST_STEP][PASSED] - if (verifyTextNotPresent("Произошла ошибка при выполнении пользовательского кода", false) == true): null

03-12-2024T03:33:25 - [MESSAGE][PASSED] - Text 'Произошла ошибка при выполнении пользовательского кода' is not present on page

03-12-2024T03:33:25 - [TEST_STEP][PASSED] - if (verifyTextNotPresent("У виджета нет данных", false) == true): null

03-12-2024T03:33:25 - [MESSAGE][PASSED] - Text 'У виджета нет данных' is not present on page

03-12-2024T03:33:25 - [TEST_STEP][PASSED] - if (verifyTextNotPresent("У виджета нет данных", false) == true): Text 'У виджета нет данных' is not present on page

03-12-2024T03:33:26 - [MESSAGE][PASSED] - Text 'У виджета нет данных' is not present on page

03-12-2024T03:33:26 - [TEST_STEP][PASSED] - click(findTestObject("Факторный анализ/Переключить отображение с месяца на филиал")): Object: 'Object Repository/Факторный анализ/Переключить отображение с месяца на филиал' is clicked on

03-12-2024T03:33:26 - [MESSAGE][PASSED] - Object: 'Object Repository/Факторный анализ/Переключить отображение с месяца на филиал' is clicked on

03-12-2024T03:33:26 - [TEST_STEP][PASSED] - click(findTestObject("Факторный анализ/Фильтр ДЗО")): Object: 'Object Repository/Факторный анализ/Фильтр ДЗО' is clicked on

03-12-2024T03:33:26 - [MESSAGE][PASSED] - Object: 'Object Repository/Факторный анализ/Фильтр ДЗО' is clicked on

03-12-2024T03:33:26 - [TEST_STEP][PASSED] - click(findTestObject("Факторный анализ/Снять выделение в фильтре ДЗО")): Object: 'Object Repository/Факторный анализ/Снять выделение в фильтре ДЗО' is clicked on

03-12-2024T03:33:27 - [MESSAGE][PASSED] - Object: 'Object Repository/Факторный анализ/Снять выделение в фильтре ДЗО' is clicked on

03-12-2024T03:33:27 - [TEST_STEP][PASSED] - scrollToElement(findTestObject("Общие объекты/Раскрыть список Россети Центр и Приволжье"), 30): Scroll to object 'Object Repository/Общие объекты/Раскрыть список Россети Центр и Приволжье' successfully

03-12-2024T03:33:27 - [MESSAGE][PASSED] - Scroll to object 'Object Repository/Общие объекты/Раскрыть список Россети Центр и Приволжье' successfully

03-12-2024T03:33:27 - [TEST_STEP][PASSED] - click(findTestObject("Общие объекты/Раскрыть список Россети Центр и Приволжье")): Object: 'Object Repository/Общие объекты/Раскрыть список Россети Центр и Приволжье' is clicked on

03-12-2024T03:33:27 - [MESSAGE][PASSED] - Object: 'Object Repository/Общие объекты/Раскрыть список Россети Центр и Приволжье' is clicked on

03-12-2024T03:33:27 - [TEST_STEP][PASSED] - click(findTestObject("Общие объекты/Раскрыть список Россети Центр и Приволжье")): Object: 'Object Repository/Общие объекты/Раскрыть список Россети Центр и Приволжье' is clicked on

03-12-2024T03:33:29 - [MESSAGE][PASSED] - Object: 'Object Repository/Общие объекты/Раскрыть список Россети Центр и Приволжье' is clicked on

03-12-2024T03:33:29 - [TEST_STEP][PASSED] - scrollToElement(findTestObject("Общие объекты/Владимирэнерго"), 30): Scroll to object 'Object Repository/Общие объекты/Владимирэнерго' successfully

03-12-2024T03:33:29 - [MESSAGE][PASSED] - Scroll to object 'Object Repository/Общие объекты/Владимирэнерго' successfully

03-12-2024T03:33:29 - [TEST_STEP][PASSED] - click(findTestObject("Общие объекты/Владимирэнерго")): Object: 'Object Repository/Общие объекты/Владимирэнерго' is clicked on

03-12-2024T03:33:29 - [MESSAGE][PASSED] - Object: 'Object Repository/Общие объекты/Владимирэнерго' is clicked on

03-12-2024T03:33:29 - [TEST_STEP][PASSED] - Script1687405718449.Change(todaysDate, typeOfData): null

03-12-2024T03:33:29 - [TEST_STEP][PASSED] - scrollToElement(findTestObject("Факторный анализ/Заголовок дашборда"), 30): Scroll to object 'Object Repository/Факторный анализ/Заголовок дашборда' successfully

03-12-2024T03:33:30 - [MESSAGE][PASSED] - Scroll to object 'Object Repository/Факторный анализ/Заголовок дашборда' successfully

03-12-2024T03:33:30 - [TEST_STEP][PASSED] - click(findTestObject("Факторный анализ/Применить в фильтре ДЗО")): Object: 'Object Repository/Факторный анализ/Применить в фильтре ДЗО' is clicked on

03-12-2024T03:33:30 - [MESSAGE][PASSED] - Object: 'Object Repository/Факторный анализ/Применить в фильтре ДЗО' is clicked on

03-12-2024T03:33:30 - [TEST_STEP][PASSED] - typeOfData = "Филиал": null

03-12-2024T03:33:30 - [TEST_STEP][PASSED] - Script1687405718449.Test(todaysDate, typeOfData): null

03-12-2024T03:33:30 - [TEST_STEP][PASSED] - if (verifyTextNotPresent("нет данных", false) == true): null

03-12-2024T03:33:34 - [MESSAGE][PASSED] - Text 'нет данных' is not present on page

03-12-2024T03:33:34 - [TEST_STEP][PASSED] - if (verifyTextNotPresent("Ошибка запроса данных", false) == true): null

03-12-2024T03:33:34 - [MESSAGE][PASSED] - Text 'Ошибка запроса данных' is not present on page

03-12-2024T03:33:34 - [TEST_STEP][PASSED] - if (verifyTextNotPresent("Произошла ошибка при выполнении пользовательского кода", false) == true): null

03-12-2024T03:33:35 - [MESSAGE][PASSED] - Text 'Произошла ошибка при выполнении пользовательского кода' is not present on page

03-12-2024T03:33:35 - [TEST_STEP][PASSED] - if (verifyTextNotPresent("У виджета нет данных", false) == true): null

03-12-2024T03:33:35 - [MESSAGE][PASSED] - Text 'У виджета нет данных' is not present on page

03-12-2024T03:33:35 - [TEST_STEP][PASSED] - if (verifyTextNotPresent("У виджета нет данных", false) == true): Text 'У виджета нет данных' is not present on page

03-12-2024T03:33:36 - [MESSAGE][PASSED] - Text 'У виджета нет данных' is not present on page

03-12-2024T03:33:36 - [TEST_STEP][PASSED] - click(findTestObject("Факторный анализ/Переключить отображение с филиала на месяц")): Object: 'Object Repository/Факторный анализ/Переключить отображение с филиала на месяц' is clicked on

03-12-2024T03:33:36 - [MESSAGE][PASSED] - Object: 'Object Repository/Факторный анализ/Переключить отображение с филиала на месяц' is clicked on

03-12-2024T03:33:36 - [TEST_STEP][PASSED] - typeOfData = "Месяц": null

03-12-2024T03:33:36 - [TEST_STEP][PASSED] - Script1687405718449.Test(todaysDate, typeOfData): null

03-12-2024T03:33:36 - [TEST_STEP][PASSED] - if (verifyTextNotPresent("нет данных", false) == true): null

03-12-2024T03:33:36 - [MESSAGE][PASSED] - Text 'нет данных' is not present on page

03-12-2024T03:33:36 - [TEST_STEP][PASSED] - if (verifyTextNotPresent("Ошибка запроса данных", false) == true): null

03-12-2024T03:33:37 - [MESSAGE][PASSED] - Text 'Ошибка запроса данных' is not present on page

03-12-2024T03:33:37 - [TEST_STEP][PASSED] - if (verifyTextNotPresent("Произошла ошибка при выполнении пользовательского кода", false) == true): null

03-12-2024T03:33:37 - [MESSAGE][PASSED] - Text 'Произошла ошибка при выполнении пользовательского кода' is not present on page

03-12-2024T03:33:37 - [TEST_STEP][PASSED] - if (verifyTextNotPresent("У виджета нет данных", false) == true): null

03-12-2024T03:33:38 - [MESSAGE][PASSED] - Text 'У виджета нет данных' is not present on page

03-12-2024T03:33:38 - [TEST_STEP][PASSED] - if (verifyTextNotPresent("У виджета нет данных", false) == true): Text 'У виджета нет данных' is not present on page

03-12-2024T03:33:38 - [MESSAGE][PASSED] - Text 'У виджета нет данных' is not present on page

03-12-2024T03:33:38 - [TEST_STEP][PASSED] - click(findTestObject("Факторный анализ/Переключить отображение с месяца на филиал")): Object: 'Object Repository/Факторный анализ/Переключить отображение с месяца на филиал' is clicked on

03-12-2024T03:33:39 - [MESSAGE][PASSED] - Object: 'Object Repository/Факторный анализ/Переключить отображение с месяца на филиал' is clicked on

03-12-2024T03:33:39 - [TEST_STEP][PASSED] - click(findTestObject("Факторный анализ/Фильтр ДЗО")): Object: 'Object Repository/Факторный анализ/Фильтр ДЗО' is clicked on

03-12-2024T03:33:39 - [MESSAGE][PASSED] - Object: 'Object Repository/Факторный анализ/Фильтр ДЗО' is clicked on

03-12-2024T03:33:39 - [TEST_STEP][PASSED] - click(findTestObject("Факторный анализ/Снять выделение в фильтре ДЗО")): Object: 'Object Repository/Факторный анализ/Снять выделение в фильтре ДЗО' is clicked on

03-12-2024T03:33:40 - [MESSAGE][PASSED] - Object: 'Object Repository/Факторный анализ/Снять выделение в фильтре ДЗО' is clicked on

03-12-2024T03:33:40 - [TEST_STEP][PASSED] - scrollToElement(findTestObject("Общие объекты/Ивэнерго"), 30): Scroll to object 'Object Repository/Общие объекты/Ивэнерго' successfully

03-12-2024T03:33:40 - [MESSAGE][PASSED] - Scroll to object 'Object Repository/Общие объекты/Ивэнерго' successfully

03-12-2024T03:33:40 - [TEST_STEP][PASSED] - click(findTestObject("Общие объекты/Ивэнерго")): Object: 'Object Repository/Общие объекты/Ивэнерго' is clicked on

03-12-2024T03:33:40 - [MESSAGE][PASSED] - Object: 'Object Repository/Общие объекты/Ивэнерго' is clicked on

03-12-2024T03:33:40 - [TEST_STEP][PASSED] - Script1687405718449.Change(todaysDate, typeOfData): null

03-12-2024T03:33:40 - [TEST_STEP][PASSED] - scrollToElement(findTestObject("Факторный анализ/Заголовок дашборда"), 30): Scroll to object 'Object Repository/Факторный анализ/Заголовок дашборда' successfully

03-12-2024T03:33:41 - [MESSAGE][PASSED] - Scroll to object 'Object Repository/Факторный анализ/Заголовок дашборда' successfully

03-12-2024T03:33:41 - [TEST_STEP][PASSED] - click(findTestObject("Факторный анализ/Применить в фильтре ДЗО")): Object: 'Object Repository/Факторный анализ/Применить в фильтре ДЗО' is clicked on

03-12-2024T03:33:41 - [MESSAGE][PASSED] - Object: 'Object Repository/Факторный анализ/Применить в фильтре ДЗО' is clicked on

03-12-2024T03:33:41 - [TEST_STEP][PASSED] - typeOfData = "Филиал": null

03-12-2024T03:33:41 - [TEST_STEP][PASSED] - Script1687405718449.Test(todaysDate, typeOfData): null

03-12-2024T03:33:41 - [TEST_STEP][PASSED] - if (verifyTextNotPresent("нет данных", false) == true): null

03-12-2024T03:33:44 - [MESSAGE][PASSED] - Text 'нет данных' is not present on page

03-12-2024T03:33:44 - [TEST_STEP][PASSED] - if (verifyTextNotPresent("Ошибка запроса данных", false) == true): null

03-12-2024T03:33:45 - [MESSAGE][PASSED] - Text 'Ошибка запроса данных' is not present on page

03-12-2024T03:33:45 - [TEST_STEP][PASSED] - if (verifyTextNotPresent("Произошла ошибка при выполнении пользовательского кода", false) == true): null

03-12-2024T03:33:45 - [MESSAGE][PASSED] - Text 'Произошла ошибка при выполнении пользовательского кода' is not present on page

03-12-2024T03:33:45 - [TEST_STEP][PASSED] - if (verifyTextNotPresent("У виджета нет данных", false) == true): null

03-12-2024T03:33:46 - [MESSAGE][PASSED] - Text 'У виджета нет данных' is not present on page

03-12-2024T03:33:46 - [TEST_STEP][PASSED] - if (verifyTextNotPresent("У виджета нет данных", false) == true): Text 'У виджета нет данных' is not present on page

03-12-2024T03:33:46 - [MESSAGE][PASSED] - Text 'У виджета нет данных' is not present on page

03-12-2024T03:33:46 - [TEST_STEP][PASSED] - click(findTestObject("Факторный анализ/Переключить отображение с филиала на месяц")): Object: 'Object Repository/Факторный анализ/Переключить отображение с филиала на месяц' is clicked on

03-12-2024T03:33:46 - [MESSAGE][PASSED] - Object: 'Object Repository/Факторный анализ/Переключить отображение с филиала на месяц' is clicked on

03-12-2024T03:33:46 - [TEST_STEP][PASSED] - typeOfData = "Месяц": null

03-12-2024T03:33:46 - [TEST_STEP][PASSED] - Script1687405718449.Test(todaysDate, typeOfData): null

03-12-2024T03:33:46 - [TEST_STEP][PASSED] - if (verifyTextNotPresent("нет данных", false) == true): null

03-12-2024T03:33:47 - [MESSAGE][PASSED] - Text 'нет данных' is not present on page

03-12-2024T03:33:47 - [TEST_STEP][PASSED] - if (verifyTextNotPresent("Ошибка запроса данных", false) == true): null

03-12-2024T03:33:47 - [MESSAGE][PASSED] - Text 'Ошибка запроса данных' is not present on page

03-12-2024T03:33:47 - [TEST_STEP][PASSED] - if (verifyTextNotPresent("Произошла ошибка при выполнении пользовательского кода", false) == true): null

03-12-2024T03:33:48 - [MESSAGE][PASSED] - Text 'Произошла ошибка при выполнении пользовательского кода' is not present on page

03-12-2024T03:33:48 - [TEST_STEP][PASSED] - if (verifyTextNotPresent("У виджета нет данных", false) == true): null

03-12-2024T03:33:48 - [MESSAGE][PASSED] - Text 'У виджета нет данных' is not present on page

03-12-2024T03:33:48 - [TEST_STEP][PASSED] - if (verifyTextNotPresent("У виджета нет данных", false) == true): Text 'У виджета нет данных' is not present on page

03-12-2024T03:33:49 - [MESSAGE][PASSED] - Text 'У виджета нет данных' is not present on page

03-12-2024T03:33:49 - [TEST_STEP][PASSED] - click(findTestObject("Факторный анализ/Переключить отображение с месяца на филиал")): Object: 'Object Repository/Факторный анализ/Переключить отображение с месяца на филиал' is clicked on

03-12-2024T03:33:49 - [MESSAGE][PASSED] - Object: 'Object Repository/Факторный анализ/Переключить отображение с месяца на филиал' is clicked on

03-12-2024T03:33:49 - [TEST_STEP][PASSED] - click(findTestObject("Факторный анализ/Фильтр ДЗО")): Object: 'Object Repository/Факторный анализ/Фильтр ДЗО' is clicked on

03-12-2024T03:33:49 - [MESSAGE][PASSED] - Object: 'Object Repository/Факторный анализ/Фильтр ДЗО' is clicked on

03-12-2024T03:33:49 - [TEST_STEP][PASSED] - click(findTestObject("Факторный анализ/Снять выделение в фильтре ДЗО")): Object: 'Object Repository/Факторный анализ/Снять выделение в фильтре ДЗО' is clicked on

03-12-2024T03:33:50 - [MESSAGE][PASSED] - Object: 'Object Repository/Факторный анализ/Снять выделение в фильтре ДЗО' is clicked on

03-12-2024T03:33:50 - [TEST_STEP][PASSED] - scrollToElement(findTestObject("Общие объекты/Калугаэнерго"), 30): Scroll to object 'Object Repository/Общие объекты/Калугаэнерго' successfully

03-12-2024T03:33:50 - [MESSAGE][PASSED] - Scroll to object 'Object Repository/Общие объекты/Калугаэнерго' successfully

03-12-2024T03:33:50 - [TEST_STEP][PASSED] - click(findTestObject("Общие объекты/Калугаэнерго")): Object: 'Object Repository/Общие объекты/Калугаэнерго' is clicked on

03-12-2024T03:33:51 - [MESSAGE][PASSED] - Object: 'Object Repository/Общие объекты/Калугаэнерго' is clicked on

03-12-2024T03:33:51 - [TEST_STEP][PASSED] - Script1687405718449.Change(todaysDate, typeOfData): null

03-12-2024T03:33:51 - [TEST_STEP][PASSED] - scrollToElement(findTestObject("Факторный анализ/Заголовок дашборда"), 30): Scroll to object 'Object Repository/Факторный анализ/Заголовок дашборда' successfully

03-12-2024T03:33:51 - [MESSAGE][PASSED] - Scroll to object 'Object Repository/Факторный анализ/Заголовок дашборда' successfully

03-12-2024T03:33:51 - [TEST_STEP][PASSED] - click(findTestObject("Факторный анализ/Применить в фильтре ДЗО")): Object: 'Object Repository/Факторный анализ/Применить в фильтре ДЗО' is clicked on

03-12-2024T03:33:52 - [MESSAGE][PASSED] - Object: 'Object Repository/Факторный анализ/Применить в фильтре ДЗО' is clicked on

03-12-2024T03:33:52 - [TEST_STEP][PASSED] - typeOfData = "Филиал": null

03-12-2024T03:33:52 - [TEST_STEP][PASSED] - Script1687405718449.Test(todaysDate, typeOfData): null

03-12-2024T03:33:52 - [TEST_STEP][PASSED] - if (verifyTextNotPresent("нет данных", false) == true): null

03-12-2024T03:33:54 - [MESSAGE][PASSED] - Text 'нет данных' is not present on page

03-12-2024T03:33:54 - [TEST_STEP][PASSED] - if (verifyTextNotPresent("Ошибка запроса данных", false) == true): null

03-12-2024T03:33:55 - [MESSAGE][PASSED] - Text 'Ошибка запроса данных' is not present on page

03-12-2024T03:33:55 - [TEST_STEP][PASSED] - if (verifyTextNotPresent("Произошла ошибка при выполнении пользовательского кода", false) == true): null

03-12-2024T03:33:55 - [MESSAGE][PASSED] - Text 'Произошла ошибка при выполнении пользовательского кода' is not present on page

03-12-2024T03:33:55 - [TEST_STEP][PASSED] - if (verifyTextNotPresent("У виджета нет данных", false) == true): null

03-12-2024T03:33:56 - [MESSAGE][PASSED] - Text 'У виджета нет данных' is not present on page

03-12-2024T03:33:56 - [TEST_STEP][PASSED] - if (verifyTextNotPresent("У виджета нет данных", false) == true): Text 'У виджета нет данных' is not present on page

03-12-2024T03:33:56 - [MESSAGE][PASSED] - Text 'У виджета нет данных' is not present on page

03-12-2024T03:33:56 - [TEST_STEP][PASSED] - click(findTestObject("Факторный анализ/Переключить отображение с филиала на месяц")): Object: 'Object Repository/Факторный анализ/Переключить отображение с филиала на месяц' is clicked on

03-12-2024T03:33:56 - [MESSAGE][PASSED] - Object: 'Object Repository/Факторный анализ/Переключить отображение с филиала на месяц' is clicked on

03-12-2024T03:33:56 - [TEST_STEP][PASSED] - typeOfData = "Месяц": null

03-12-2024T03:33:56 - [TEST_STEP][PASSED] - Script1687405718449.Test(todaysDate, typeOfData): null

03-12-2024T03:33:56 - [TEST_STEP][PASSED] - if (verifyTextNotPresent("нет данных", false) == true): null

03-12-2024T03:33:57 - [MESSAGE][PASSED] - Text 'нет данных' is not present on page

03-12-2024T03:33:57 - [TEST_STEP][PASSED] - if (verifyTextNotPresent("Ошибка запроса данных", false) == true): null

03-12-2024T03:33:57 - [MESSAGE][PASSED] - Text 'Ошибка запроса данных' is not present on page

03-12-2024T03:33:57 - [TEST_STEP][PASSED] - if (verifyTextNotPresent("Произошла ошибка при выполнении пользовательского кода", false) == true): null

03-12-2024T03:33:58 - [MESSAGE][PASSED] - Text 'Произошла ошибка при выполнении пользовательского кода' is not present on page

03-12-2024T03:33:58 - [TEST_STEP][PASSED] - if (verifyTextNotPresent("У виджета нет данных", false) == true): null

03-12-2024T03:33:58 - [MESSAGE][PASSED] - Text 'У виджета нет данных' is not present on page

03-12-2024T03:33:58 - [TEST_STEP][PASSED] - if (verifyTextNotPresent("У виджета нет данных", false) == true): Text 'У виджета нет данных' is not present on page

03-12-2024T03:33:59 - [MESSAGE][PASSED] - Text 'У виджета нет данных' is not present on page

03-12-2024T03:33:59 - [TEST_STEP][PASSED] - click(findTestObject("Факторный анализ/Переключить отображение с месяца на филиал")): Object: 'Object Repository/Факторный анализ/Переключить отображение с месяца на филиал' is clicked on

03-12-2024T03:33:59 - [MESSAGE][PASSED] - Object: 'Object Repository/Факторный анализ/Переключить отображение с месяца на филиал' is clicked on

03-12-2024T03:33:59 - [TEST_STEP][PASSED] - click(findTestObject("Факторный анализ/Фильтр ДЗО")): Object: 'Object Repository/Факторный анализ/Фильтр ДЗО' is clicked on

03-12-2024T03:33:59 - [MESSAGE][PASSED] - Object: 'Object Repository/Факторный анализ/Фильтр ДЗО' is clicked on

03-12-2024T03:33:59 - [TEST_STEP][PASSED] - click(findTestObject("Факторный анализ/Снять выделение в фильтре ДЗО")): Object: 'Object Repository/Факторный анализ/Снять выделение в фильтре ДЗО' is clicked on

03-12-2024T03:34:00 - [MESSAGE][PASSED] - Object: 'Object Repository/Факторный анализ/Снять выделение в фильтре ДЗО' is clicked on

03-12-2024T03:34:00 - [TEST_STEP][PASSED] - scrollToElement(findTestObject("Общие объекты/Кировэнерго"), 30): Scroll to object 'Object Repository/Общие объекты/Кировэнерго' successfully

03-12-2024T03:34:00 - [MESSAGE][PASSED] - Scroll to object 'Object Repository/Общие объекты/Кировэнерго' successfully

03-12-2024T03:34:00 - [TEST_STEP][PASSED] - click(findTestObject("Общие объекты/Кировэнерго")): Object: 'Object Repository/Общие объекты/Кировэнерго' is clicked on

03-12-2024T03:34:01 - [MESSAGE][PASSED] - Object: 'Object Repository/Общие объекты/Кировэнерго' is clicked on

03-12-2024T03:34:01 - [TEST_STEP][PASSED] - Script1687405718449.Change(todaysDate, typeOfData): null

03-12-2024T03:34:01 - [TEST_STEP][PASSED] - scrollToElement(findTestObject("Факторный анализ/Заголовок дашборда"), 30): Scroll to object 'Object Repository/Факторный анализ/Заголовок дашборда' successfully

03-12-2024T03:34:01 - [MESSAGE][PASSED] - Scroll to object 'Object Repository/Факторный анализ/Заголовок дашборда' successfully

03-12-2024T03:34:01 - [TEST_STEP][PASSED] - click(findTestObject("Факторный анализ/Применить в фильтре ДЗО")): Object: 'Object Repository/Факторный анализ/Применить в фильтре ДЗО' is clicked on

03-12-2024T03:34:02 - [MESSAGE][PASSED] - Object: 'Object Repository/Факторный анализ/Применить в фильтре ДЗО' is clicked on

03-12-2024T03:34:02 - [TEST_STEP][PASSED] - typeOfData = "Филиал": null

03-12-2024T03:34:02 - [TEST_STEP][PASSED] - Script1687405718449.Test(todaysDate, typeOfData): null

03-12-2024T03:34:02 - [TEST_STEP][PASSED] - if (verifyTextNotPresent("нет данных", false) == true): null

03-12-2024T03:34:04 - [MESSAGE][PASSED] - Text 'нет данных' is not present on page

03-12-2024T03:34:04 - [TEST_STEP][PASSED] - if (verifyTextNotPresent("Ошибка запроса данных", false) == true): null

03-12-2024T03:34:04 - [MESSAGE][PASSED] - Text 'Ошибка запроса данных' is not present on page

03-12-2024T03:34:04 - [TEST_STEP][PASSED] - if (verifyTextNotPresent("Произошла ошибка при выполнении пользовательского кода", false) == true): null

03-12-2024T03:34:05 - [MESSAGE][PASSED] - Text 'Произошла ошибка при выполнении пользовательского кода' is not present on page

03-12-2024T03:34:05 - [TEST_STEP][PASSED] - if (verifyTextNotPresent("У виджета нет данных", false) == true): null

03-12-2024T03:34:05 - [MESSAGE][PASSED] - Text 'У виджета нет данных' is not present on page

03-12-2024T03:34:05 - [TEST_STEP][PASSED] - if (verifyTextNotPresent("У виджета нет данных", false) == true): Text 'У виджета нет данных' is not present on page

03-12-2024T03:34:06 - [MESSAGE][PASSED] - Text 'У виджета нет данных' is not present on page

03-12-2024T03:34:06 - [TEST_STEP][PASSED] - click(findTestObject("Факторный анализ/Переключить отображение с филиала на месяц")): Object: 'Object Repository/Факторный анализ/Переключить отображение с филиала на месяц' is clicked on

03-12-2024T03:34:06 - [MESSAGE][PASSED] - Object: 'Object Repository/Факторный анализ/Переключить отображение с филиала на месяц' is clicked on

03-12-2024T03:34:06 - [TEST_STEP][PASSED] - typeOfData = "Месяц": null

03-12-2024T03:34:06 - [TEST_STEP][PASSED] - Script1687405718449.Test(todaysDate, typeOfData): null

03-12-2024T03:34:06 - [TEST_STEP][PASSED] - if (verifyTextNotPresent("нет данных", false) == true): null

03-12-2024T03:34:06 - [MESSAGE][PASSED] - Text 'нет данных' is not present on page

03-12-2024T03:34:06 - [TEST_STEP][PASSED] - if (verifyTextNotPresent("Ошибка запроса данных", false) == true): null

03-12-2024T03:34:07 - [MESSAGE][PASSED] - Text 'Ошибка запроса данных' is not present on page

03-12-2024T03:34:07 - [TEST_STEP][PASSED] - if (verifyTextNotPresent("Произошла ошибка при выполнении пользовательского кода", false) == true): null

03-12-2024T03:34:07 - [MESSAGE][PASSED] - Text 'Произошла ошибка при выполнении пользовательского кода' is not present on page

03-12-2024T03:34:07 - [TEST_STEP][PASSED] - if (verifyTextNotPresent("У виджета нет данных", false) == true): null

03-12-2024T03:34:08 - [MESSAGE][PASSED] - Text 'У виджета нет данных' is not present on page

03-12-2024T03:34:08 - [TEST_STEP][PASSED] - if (verifyTextNotPresent("У виджета нет данных", false) == true): Text 'У виджета нет данных' is not present on page

03-12-2024T03:34:08 - [MESSAGE][PASSED] - Text 'У виджета нет данных' is not present on page

03-12-2024T03:34:08 - [TEST_STEP][PASSED] - click(findTestObject("Факторный анализ/Переключить отображение с месяца на филиал")): Object: 'Object Repository/Факторный анализ/Переключить отображение с месяца на филиал' is clicked on

03-12-2024T03:34:09 - [MESSAGE][PASSED] - Object: 'Object Repository/Факторный анализ/Переключить отображение с месяца на филиал' is clicked on

03-12-2024T03:34:09 - [TEST_STEP][PASSED] - click(findTestObject("Факторный анализ/Фильтр ДЗО")): Object: 'Object Repository/Факторный анализ/Фильтр ДЗО' is clicked on

03-12-2024T03:34:09 - [MESSAGE][PASSED] - Object: 'Object Repository/Факторный анализ/Фильтр ДЗО' is clicked on

03-12-2024T03:34:09 - [TEST_STEP][PASSED] - click(findTestObject("Факторный анализ/Снять выделение в фильтре ДЗО")): Object: 'Object Repository/Факторный анализ/Снять выделение в фильтре ДЗО' is clicked on

03-12-2024T03:34:10 - [MESSAGE][PASSED] - Object: 'Object Repository/Факторный анализ/Снять выделение в фильтре ДЗО' is clicked on

03-12-2024T03:34:10 - [TEST_STEP][PASSED] - scrollToElement(findTestObject("Общие объекты/Мариэнерго"), 30): Scroll to object 'Object Repository/Общие объекты/Мариэнерго' successfully

03-12-2024T03:34:10 - [MESSAGE][PASSED] - Scroll to object 'Object Repository/Общие объекты/Мариэнерго' successfully

03-12-2024T03:34:10 - [TEST_STEP][PASSED] - click(findTestObject("Общие объекты/Мариэнерго")): Object: 'Object Repository/Общие объекты/Мариэнерго' is clicked on

03-12-2024T03:34:10 - [MESSAGE][PASSED] - Object: 'Object Repository/Общие объекты/Мариэнерго' is clicked on

03-12-2024T03:34:10 - [TEST_STEP][PASSED] - Script1687405718449.Change(todaysDate, typeOfData): null

03-12-2024T03:34:10 - [TEST_STEP][PASSED] - scrollToElement(findTestObject("Факторный анализ/Заголовок дашборда"), 30): Scroll to object 'Object Repository/Факторный анализ/Заголовок дашборда' successfully

03-12-2024T03:34:11 - [MESSAGE][PASSED] - Scroll to object 'Object Repository/Факторный анализ/Заголовок дашборда' successfully

03-12-2024T03:34:11 - [TEST_STEP][PASSED] - click(findTestObject("Факторный анализ/Применить в фильтре ДЗО")): Object: 'Object Repository/Факторный анализ/Применить в фильтре ДЗО' is clicked on

03-12-2024T03:34:11 - [MESSAGE][PASSED] - Object: 'Object Repository/Факторный анализ/Применить в фильтре ДЗО' is clicked on

03-12-2024T03:34:11 - [TEST_STEP][PASSED] - typeOfData = "Филиал": null

03-12-2024T03:34:11 - [TEST_STEP][PASSED] - Script1687405718449.Test(todaysDate, typeOfData): null

03-12-2024T03:34:11 - [TEST_STEP][PASSED] - if (verifyTextNotPresent("нет данных", false) == true): null

03-12-2024T03:34:14 - [MESSAGE][PASSED] - Text 'нет данных' is not present on page

03-12-2024T03:34:14 - [TEST_STEP][PASSED] - if (verifyTextNotPresent("Ошибка запроса данных", false) == true): null

03-12-2024T03:34:14 - [MESSAGE][PASSED] - Text 'Ошибка запроса данных' is not present on page

03-12-2024T03:34:14 - [TEST_STEP][PASSED] - if (verifyTextNotPresent("Произошла ошибка при выполнении пользовательского кода", false) == true): null

03-12-2024T03:34:15 - [MESSAGE][PASSED] - Text 'Произошла ошибка при выполнении пользовательского кода' is not present on page

03-12-2024T03:34:15 - [TEST_STEP][PASSED] - if (verifyTextNotPresent("У виджета нет данных", false) == true): null

03-12-2024T03:34:15 - [MESSAGE][PASSED] - Text 'У виджета нет данных' is not present on page

03-12-2024T03:34:15 - [TEST_STEP][PASSED] - if (verifyTextNotPresent("У виджета нет данных", false) == true): Text 'У виджета нет данных' is not present on page

03-12-2024T03:34:16 - [MESSAGE][PASSED] - Text 'У виджета нет данных' is not present on page

03-12-2024T03:34:16 - [TEST_STEP][PASSED] - click(findTestObject("Факторный анализ/Переключить отображение с филиала на месяц")): Object: 'Object Repository/Факторный анализ/Переключить отображение с филиала на месяц' is clicked on

03-12-2024T03:34:16 - [MESSAGE][PASSED] - Object: 'Object Repository/Факторный анализ/Переключить отображение с филиала на месяц' is clicked on

03-12-2024T03:34:16 - [TEST_STEP][PASSED] - typeOfData = "Месяц": null

03-12-2024T03:34:16 - [TEST_STEP][PASSED] - Script1687405718449.Test(todaysDate, typeOfData): null

03-12-2024T03:34:16 - [TEST_STEP][PASSED] - if (verifyTextNotPresent("нет данных", false) == true): null

03-12-2024T03:34:17 - [MESSAGE][PASSED] - Text 'нет данных' is not present on page

03-12-2024T03:34:17 - [TEST_STEP][PASSED] - if (verifyTextNotPresent("Ошибка запроса данных", false) == true): null

03-12-2024T03:34:17 - [MESSAGE][PASSED] - Text 'Ошибка запроса данных' is not present on page

03-12-2024T03:34:17 - [TEST_STEP][PASSED] - if (verifyTextNotPresent("Произошла ошибка при выполнении пользовательского кода", false) == true): null

03-12-2024T03:34:18 - [MESSAGE][PASSED] - Text 'Произошла ошибка при выполнении пользовательского кода' is not present on page

03-12-2024T03:34:18 - [TEST_STEP][PASSED] - if (verifyTextNotPresent("У виджета нет данных", false) == true): null

03-12-2024T03:34:18 - [MESSAGE][PASSED] - Text 'У виджета нет данных' is not present on page

03-12-2024T03:34:18 - [TEST_STEP][PASSED] - if (verifyTextNotPresent("У виджета нет данных", false) == true): Text 'У виджета нет данных' is not present on page

03-12-2024T03:34:19 - [MESSAGE][PASSED] - Text 'У виджета нет данных' is not present on page

03-12-2024T03:34:19 - [TEST_STEP][PASSED] - click(findTestObject("Факторный анализ/Переключить отображение с месяца на филиал")): Object: 'Object Repository/Факторный анализ/Переключить отображение с месяца на филиал' is clicked on

03-12-2024T03:34:19 - [MESSAGE][PASSED] - Object: 'Object Repository/Факторный анализ/Переключить отображение с месяца на филиал' is clicked on

03-12-2024T03:34:19 - [TEST_STEP][PASSED] - click(findTestObject("Факторный анализ/Фильтр ДЗО")): Object: 'Object Repository/Факторный анализ/Фильтр ДЗО' is clicked on

03-12-2024T03:34:19 - [MESSAGE][PASSED] - Object: 'Object Repository/Факторный анализ/Фильтр ДЗО' is clicked on

03-12-2024T03:34:19 - [TEST_STEP][PASSED] - click(findTestObject("Факторный анализ/Снять выделение в фильтре ДЗО")): Object: 'Object Repository/Факторный анализ/Снять выделение в фильтре ДЗО' is clicked on

03-12-2024T03:34:20 - [MESSAGE][PASSED] - Object: 'Object Repository/Факторный анализ/Снять выделение в фильтре ДЗО' is clicked on

03-12-2024T03:34:20 - [TEST_STEP][PASSED] - scrollToElement(findTestObject("Общие объекты/Нижновэнерго"), 30): Scroll to object 'Object Repository/Общие объекты/Нижновэнерго' successfully

03-12-2024T03:34:20 - [MESSAGE][PASSED] - Scroll to object 'Object Repository/Общие объекты/Нижновэнерго' successfully

03-12-2024T03:34:20 - [TEST_STEP][PASSED] - click(findTestObject("Общие объекты/Нижновэнерго")): Object: 'Object Repository/Общие объекты/Нижновэнерго' is clicked on

03-12-2024T03:34:20 - [MESSAGE][PASSED] - Object: 'Object Repository/Общие объекты/Нижновэнерго' is clicked on

03-12-2024T03:34:20 - [TEST_STEP][PASSED] - Script1687405718449.Change(todaysDate, typeOfData): null

03-12-2024T03:34:20 - [TEST_STEP][PASSED] - scrollToElement(findTestObject("Факторный анализ/Заголовок дашборда"), 30): Scroll to object 'Object Repository/Факторный анализ/Заголовок дашборда' successfully

03-12-2024T03:34:21 - [MESSAGE][PASSED] - Scroll to object 'Object Repository/Факторный анализ/Заголовок дашборда' successfully

03-12-2024T03:34:21 - [TEST_STEP][PASSED] - click(findTestObject("Факторный анализ/Применить в фильтре ДЗО")): Object: 'Object Repository/Факторный анализ/Применить в фильтре ДЗО' is clicked on

03-12-2024T03:34:21 - [MESSAGE][PASSED] - Object: 'Object Repository/Факторный анализ/Применить в фильтре ДЗО' is clicked on

03-12-2024T03:34:21 - [TEST_STEP][PASSED] - typeOfData = "Филиал": null

03-12-2024T03:34:21 - [TEST_STEP][PASSED] - Script1687405718449.Test(todaysDate, typeOfData): null

03-12-2024T03:34:21 - [TEST_STEP][PASSED] - if (verifyTextNotPresent("нет данных", false) == true): null

03-12-2024T03:34:24 - [MESSAGE][PASSED] - Text 'нет данных' is not present on page

03-12-2024T03:34:24 - [TEST_STEP][PASSED] - if (verifyTextNotPresent("Ошибка запроса данных", false) == true): null

03-12-2024T03:34:24 - [MESSAGE][PASSED] - Text 'Ошибка запроса данных' is not present on page

03-12-2024T03:34:24 - [TEST_STEP][PASSED] - if (verifyTextNotPresent("Произошла ошибка при выполнении пользовательского кода", false) == true): null

03-12-2024T03:34:25 - [MESSAGE][PASSED] - Text 'Произошла ошибка при выполнении пользовательского кода' is not present on page

03-12-2024T03:34:25 - [TEST_STEP][PASSED] - if (verifyTextNotPresent("У виджета нет данных", false) == true): null

03-12-2024T03:34:25 - [MESSAGE][PASSED] - Text 'У виджета нет данных' is not present on page

03-12-2024T03:34:25 - [TEST_STEP][PASSED] - if (verifyTextNotPresent("У виджета нет данных", false) == true): Text 'У виджета нет данных' is not present on page

03-12-2024T03:34:26 - [MESSAGE][PASSED] - Text 'У виджета нет данных' is not present on page

03-12-2024T03:34:26 - [TEST_STEP][PASSED] - click(findTestObject("Факторный анализ/Переключить отображение с филиала на месяц")): Object: 'Object Repository/Факторный анализ/Переключить отображение с филиала на месяц' is clicked on

03-12-2024T03:34:26 - [MESSAGE][PASSED] - Object: 'Object Repository/Факторный анализ/Переключить отображение с филиала на месяц' is clicked on

03-12-2024T03:34:26 - [TEST_STEP][PASSED] - typeOfData = "Месяц": null

03-12-2024T03:34:26 - [TEST_STEP][PASSED] - Script1687405718449.Test(todaysDate, typeOfData): null

03-12-2024T03:34:26 - [TEST_STEP][PASSED] - if (verifyTextNotPresent("нет данных", false) == true): null

03-12-2024T03:34:27 - [MESSAGE][PASSED] - Text 'нет данных' is not present on page

03-12-2024T03:34:27 - [TEST_STEP][PASSED] - if (verifyTextNotPresent("Ошибка запроса данных", false) == true): null

03-12-2024T03:34:27 - [MESSAGE][PASSED] - Text 'Ошибка запроса данных' is not present on page

03-12-2024T03:34:27 - [TEST_STEP][PASSED] - if (verifyTextNotPresent("Произошла ошибка при выполнении пользовательского кода", false) == true): null

03-12-2024T03:34:28 - [MESSAGE][PASSED] - Text 'Произошла ошибка при выполнении пользовательского кода' is not present on page

03-12-2024T03:34:28 - [TEST_STEP][PASSED] - if (verifyTextNotPresent("У виджета нет данных", false) == true): null

03-12-2024T03:34:28 - [MESSAGE][PASSED] - Text 'У виджета нет данных' is not present on page

03-12-2024T03:34:28 - [TEST_STEP][PASSED] - if (verifyTextNotPresent("У виджета нет данных", false) == true): Text 'У виджета нет данных' is not present on page

03-12-2024T03:34:29 - [MESSAGE][PASSED] - Text 'У виджета нет данных' is not present on page

03-12-2024T03:34:29 - [TEST_STEP][PASSED] - click(findTestObject("Факторный анализ/Переключить отображение с месяца на филиал")): Object: 'Object Repository/Факторный анализ/Переключить отображение с месяца на филиал' is clicked on

03-12-2024T03:34:29 - [MESSAGE][PASSED] - Object: 'Object Repository/Факторный анализ/Переключить отображение с месяца на филиал' is clicked on

03-12-2024T03:34:29 - [TEST_STEP][PASSED] - click(findTestObject("Факторный анализ/Фильтр ДЗО")): Object: 'Object Repository/Факторный анализ/Фильтр ДЗО' is clicked on

03-12-2024T03:34:29 - [MESSAGE][PASSED] - Object: 'Object Repository/Факторный анализ/Фильтр ДЗО' is clicked on

03-12-2024T03:34:29 - [TEST_STEP][PASSED] - click(findTestObject("Факторный анализ/Снять выделение в фильтре ДЗО")): Object: 'Object Repository/Факторный анализ/Снять выделение в фильтре ДЗО' is clicked on

03-12-2024T03:34:30 - [MESSAGE][PASSED] - Object: 'Object Repository/Факторный анализ/Снять выделение в фильтре ДЗО' is clicked on

03-12-2024T03:34:30 - [TEST_STEP][PASSED] - scrollToElement(findTestObject("Общие объекты/Рязаньэнерго"), 30): Scroll to object 'Object Repository/Общие объекты/Рязаньэнерго' successfully

03-12-2024T03:34:30 - [MESSAGE][PASSED] - Scroll to object 'Object Repository/Общие объекты/Рязаньэнерго' successfully

03-12-2024T03:34:30 - [TEST_STEP][PASSED] - click(findTestObject("Общие объекты/Рязаньэнерго")): Object: 'Object Repository/Общие объекты/Рязаньэнерго' is clicked on

03-12-2024T03:34:30 - [MESSAGE][PASSED] - Object: 'Object Repository/Общие объекты/Рязаньэнерго' is clicked on

03-12-2024T03:34:30 - [TEST_STEP][PASSED] - Script1687405718449.Change(todaysDate, typeOfData): null

03-12-2024T03:34:30 - [TEST_STEP][PASSED] - scrollToElement(findTestObject("Факторный анализ/Заголовок дашборда"), 30): Scroll to object 'Object Repository/Факторный анализ/Заголовок дашборда' successfully

03-12-2024T03:34:31 - [MESSAGE][PASSED] - Scroll to object 'Object Repository/Факторный анализ/Заголовок дашборда' successfully

03-12-2024T03:34:31 - [TEST_STEP][PASSED] - click(findTestObject("Факторный анализ/Применить в фильтре ДЗО")): Object: 'Object Repository/Факторный анализ/Применить в фильтре ДЗО' is clicked on

03-12-2024T03:34:31 - [MESSAGE][PASSED] - Object: 'Object Repository/Факторный анализ/Применить в фильтре ДЗО' is clicked on

03-12-2024T03:34:31 - [TEST_STEP][PASSED] - typeOfData = "Филиал": null

03-12-2024T03:34:31 - [TEST_STEP][PASSED] - Script1687405718449.Test(todaysDate, typeOfData): null

03-12-2024T03:34:31 - [TEST_STEP][PASSED] - if (verifyTextNotPresent("нет данных", false) == true): null

03-12-2024T03:34:34 - [MESSAGE][PASSED] - Text 'нет данных' is not present on page

03-12-2024T03:34:34 - [TEST_STEP][PASSED] - if (verifyTextNotPresent("Ошибка запроса данных", false) == true): null

03-12-2024T03:34:35 - [MESSAGE][PASSED] - Text 'Ошибка запроса данных' is not present on page

03-12-2024T03:34:35 - [TEST_STEP][PASSED] - if (verifyTextNotPresent("Произошла ошибка при выполнении пользовательского кода", false) == true): null

03-12-2024T03:34:35 - [MESSAGE][PASSED] - Text 'Произошла ошибка при выполнении пользовательского кода' is not present on page

03-12-2024T03:34:35 - [TEST_STEP][PASSED] - if (verifyTextNotPresent("У виджета нет данных", false) == true): null

03-12-2024T03:34:36 - [MESSAGE][PASSED] - Text 'У виджета нет данных' is not present on page

03-12-2024T03:34:36 - [TEST_STEP][PASSED] - if (verifyTextNotPresent("У виджета нет данных", false) == true): Text 'У виджета нет данных' is not present on page

03-12-2024T03:34:36 - [MESSAGE][PASSED] - Text 'У виджета нет данных' is not present on page

03-12-2024T03:34:36 - [TEST_STEP][PASSED] - click(findTestObject("Факторный анализ/Переключить отображение с филиала на месяц")): Object: 'Object Repository/Факторный анализ/Переключить отображение с филиала на месяц' is clicked on

03-12-2024T03:34:36 - [MESSAGE][PASSED] - Object: 'Object Repository/Факторный анализ/Переключить отображение с филиала на месяц' is clicked on

03-12-2024T03:34:36 - [TEST_STEP][PASSED] - typeOfData = "Месяц": null

03-12-2024T03:34:36 - [TEST_STEP][PASSED] - Script1687405718449.Test(todaysDate, typeOfData): null

03-12-2024T03:34:36 - [TEST_STEP][PASSED] - if (verifyTextNotPresent("нет данных", false) == true): null

03-12-2024T03:34:37 - [MESSAGE][PASSED] - Text 'нет данных' is not present on page

03-12-2024T03:34:37 - [TEST_STEP][PASSED] - if (verifyTextNotPresent("Ошибка запроса данных", false) == true): null

03-12-2024T03:34:37 - [MESSAGE][PASSED] - Text 'Ошибка запроса данных' is not present on page

03-12-2024T03:34:37 - [TEST_STEP][PASSED] - if (verifyTextNotPresent("Произошла ошибка при выполнении пользовательского кода", false) == true): null

03-12-2024T03:34:38 - [MESSAGE][PASSED] - Text 'Произошла ошибка при выполнении пользовательского кода' is not present on page

03-12-2024T03:34:38 - [TEST_STEP][PASSED] - if (verifyTextNotPresent("У виджета нет данных", false) == true): null

03-12-2024T03:34:38 - [MESSAGE][PASSED] - Text 'У виджета нет данных' is not present on page

03-12-2024T03:34:38 - [TEST_STEP][PASSED] - if (verifyTextNotPresent("У виджета нет данных", false) == true): Text 'У виджета нет данных' is not present on page

03-12-2024T03:34:39 - [MESSAGE][PASSED] - Text 'У виджета нет данных' is not present on page

03-12-2024T03:34:39 - [TEST_STEP][PASSED] - click(findTestObject("Факторный анализ/Переключить отображение с месяца на филиал")): Object: 'Object Repository/Факторный анализ/Переключить отображение с месяца на филиал' is clicked on

03-12-2024T03:34:39 - [MESSAGE][PASSED] - Object: 'Object Repository/Факторный анализ/Переключить отображение с месяца на филиал' is clicked on

03-12-2024T03:34:39 - [TEST_STEP][PASSED] - click(findTestObject("Факторный анализ/Фильтр ДЗО")): Object: 'Object Repository/Факторный анализ/Фильтр ДЗО' is clicked on

03-12-2024T03:34:39 - [MESSAGE][PASSED] - Object: 'Object Repository/Факторный анализ/Фильтр ДЗО' is clicked on

03-12-2024T03:34:39 - [TEST_STEP][PASSED] - click(findTestObject("Факторный анализ/Снять выделение в фильтре ДЗО")): Object: 'Object Repository/Факторный анализ/Снять выделение в фильтре ДЗО' is clicked on

03-12-2024T03:34:40 - [MESSAGE][PASSED] - Object: 'Object Repository/Факторный анализ/Снять выделение в фильтре ДЗО' is clicked on

03-12-2024T03:34:40 - [TEST_STEP][PASSED] - scrollToElement(findTestObject("Общие объекты/Тулэнерго"), 30): Scroll to object 'Object Repository/Общие объекты/Тулэнерго' successfully

03-12-2024T03:34:40 - [MESSAGE][PASSED] - Scroll to object 'Object Repository/Общие объекты/Тулэнерго' successfully

03-12-2024T03:34:40 - [TEST_STEP][PASSED] - click(findTestObject("Общие объекты/Тулэнерго")): Object: 'Object Repository/Общие объекты/Тулэнерго' is clicked on

03-12-2024T03:34:41 - [MESSAGE][PASSED] - Object: 'Object Repository/Общие объекты/Тулэнерго' is clicked on

03-12-2024T03:34:41 - [TEST_STEP][PASSED] - Script1687405718449.Change(todaysDate, typeOfData): null

03-12-2024T03:34:41 - [TEST_STEP][PASSED] - scrollToElement(findTestObject("Факторный анализ/Заголовок дашборда"), 30): Scroll to object 'Object Repository/Факторный анализ/Заголовок дашборда' successfully

03-12-2024T03:34:41 - [MESSAGE][PASSED] - Scroll to object 'Object Repository/Факторный анализ/Заголовок дашборда' successfully

03-12-2024T03:34:41 - [TEST_STEP][PASSED] - click(findTestObject("Факторный анализ/Применить в фильтре ДЗО")): Object: 'Object Repository/Факторный анализ/Применить в фильтре ДЗО' is clicked on

03-12-2024T03:34:41 - [MESSAGE][PASSED] - Object: 'Object Repository/Факторный анализ/Применить в фильтре ДЗО' is clicked on

03-12-2024T03:34:41 - [TEST_STEP][PASSED] - typeOfData = "Филиал": null

03-12-2024T03:34:41 - [TEST_STEP][PASSED] - Script1687405718449.Test(todaysDate, typeOfData): null

03-12-2024T03:34:41 - [TEST_STEP][PASSED] - if (verifyTextNotPresent("нет данных", false) == true): null

03-12-2024T03:34:44 - [MESSAGE][PASSED] - Text 'нет данных' is not present on page

03-12-2024T03:34:44 - [TEST_STEP][PASSED] - if (verifyTextNotPresent("Ошибка запроса данных", false) == true): null

03-12-2024T03:34:45 - [MESSAGE][PASSED] - Text 'Ошибка запроса данных' is not present on page

03-12-2024T03:34:45 - [TEST_STEP][PASSED] - if (verifyTextNotPresent("Произошла ошибка при выполнении пользовательского кода", false) == true): null

03-12-2024T03:34:45 - [MESSAGE][PASSED] - Text 'Произошла ошибка при выполнении пользовательского кода' is not present on page

03-12-2024T03:34:45 - [TEST_STEP][PASSED] - if (verifyTextNotPresent("У виджета нет данных", false) == true): null

03-12-2024T03:34:46 - [MESSAGE][PASSED] - Text 'У виджета нет данных' is not present on page

03-12-2024T03:34:46 - [TEST_STEP][PASSED] - if (verifyTextNotPresent("У виджета нет данных", false) == true): Text 'У виджета нет данных' is not present on page

03-12-2024T03:34:46 - [MESSAGE][PASSED] - Text 'У виджета нет данных' is not present on page

03-12-2024T03:34:46 - [TEST_STEP][PASSED] - click(findTestObject("Факторный анализ/Переключить отображение с филиала на месяц")): Object: 'Object Repository/Факторный анализ/Переключить отображение с филиала на месяц' is clicked on

03-12-2024T03:34:46 - [MESSAGE][PASSED] - Object: 'Object Repository/Факторный анализ/Переключить отображение с филиала на месяц' is clicked on

03-12-2024T03:34:46 - [TEST_STEP][PASSED] - typeOfData = "Месяц": null

03-12-2024T03:34:46 - [TEST_STEP][PASSED] - Script1687405718449.Test(todaysDate, typeOfData): null

03-12-2024T03:34:46 - [TEST_STEP][PASSED] - if (verifyTextNotPresent("нет данных", false) == true): null

03-12-2024T03:34:47 - [MESSAGE][PASSED] - Text 'нет данных' is not present on page

03-12-2024T03:34:47 - [TEST_STEP][PASSED] - if (verifyTextNotPresent("Ошибка запроса данных", false) == true): null

03-12-2024T03:34:47 - [MESSAGE][PASSED] - Text 'Ошибка запроса данных' is not present on page

03-12-2024T03:34:47 - [TEST_STEP][PASSED] - if (verifyTextNotPresent("Произошла ошибка при выполнении пользовательского кода", false) == true): null

03-12-2024T03:34:48 - [MESSAGE][PASSED] - Text 'Произошла ошибка при выполнении пользовательского кода' is not present on page

03-12-2024T03:34:48 - [TEST_STEP][PASSED] - if (verifyTextNotPresent("У виджета нет данных", false) == true): null

03-12-2024T03:34:48 - [MESSAGE][PASSED] - Text 'У виджета нет данных' is not present on page

03-12-2024T03:34:48 - [TEST_STEP][PASSED] - if (verifyTextNotPresent("У виджета нет данных", false) == true): Text 'У виджета нет данных' is not present on page

03-12-2024T03:34:49 - [MESSAGE][PASSED] - Text 'У виджета нет данных' is not present on page

03-12-2024T03:34:49 - [TEST_STEP][PASSED] - click(findTestObject("Факторный анализ/Переключить отображение с месяца на филиал")): Object: 'Object Repository/Факторный анализ/Переключить отображение с месяца на филиал' is clicked on

03-12-2024T03:34:49 - [MESSAGE][PASSED] - Object: 'Object Repository/Факторный анализ/Переключить отображение с месяца на филиал' is clicked on

03-12-2024T03:34:49 - [TEST_STEP][PASSED] - click(findTestObject("Факторный анализ/Фильтр ДЗО")): Object: 'Object Repository/Факторный анализ/Фильтр ДЗО' is clicked on

03-12-2024T03:34:49 - [MESSAGE][PASSED] - Object: 'Object Repository/Факторный анализ/Фильтр ДЗО' is clicked on

03-12-2024T03:34:49 - [TEST_STEP][PASSED] - click(findTestObject("Факторный анализ/Снять выделение в фильтре ДЗО")): Object: 'Object Repository/Факторный анализ/Снять выделение в фильтре ДЗО' is clicked on

03-12-2024T03:34:50 - [MESSAGE][PASSED] - Object: 'Object Repository/Факторный анализ/Снять выделение в фильтре ДЗО' is clicked on

03-12-2024T03:34:50 - [TEST_STEP][PASSED] - scrollToElement(findTestObject("Общие объекты/Удмуртэнерго"), 30): Scroll to object 'Object Repository/Общие объекты/Удмуртэнерго' successfully

03-12-2024T03:34:50 - [MESSAGE][PASSED] - Scroll to object 'Object Repository/Общие объекты/Удмуртэнерго' successfully

03-12-2024T03:34:50 - [TEST_STEP][PASSED] - click(findTestObject("Общие объекты/Удмуртэнерго")): Object: 'Object Repository/Общие объекты/Удмуртэнерго' is clicked on

03-12-2024T03:34:51 - [MESSAGE][PASSED] - Object: 'Object Repository/Общие объекты/Удмуртэнерго' is clicked on

03-12-2024T03:34:51 - [TEST_STEP][PASSED] - Script1687405718449.Change(todaysDate, typeOfData): null

03-12-2024T03:34:51 - [TEST_STEP][PASSED] - scrollToElement(findTestObject("Факторный анализ/Заголовок дашборда"), 30): Scroll to object 'Object Repository/Факторный анализ/Заголовок дашборда' successfully

03-12-2024T03:34:51 - [MESSAGE][PASSED] - Scroll to object 'Object Repository/Факторный анализ/Заголовок дашборда' successfully

03-12-2024T03:34:51 - [TEST_STEP][PASSED] - click(findTestObject("Факторный анализ/Применить в фильтре ДЗО")): Object: 'Object Repository/Факторный анализ/Применить в фильтре ДЗО' is clicked on

03-12-2024T03:34:52 - [MESSAGE][PASSED] - Object: 'Object Repository/Факторный анализ/Применить в фильтре ДЗО' is clicked on

03-12-2024T03:34:52 - [TEST_STEP][PASSED] - typeOfData = "Филиал": null

03-12-2024T03:34:52 - [TEST_STEP][PASSED] - Script1687405718449.Test(todaysDate, typeOfData): null

03-12-2024T03:34:52 - [TEST_STEP][PASSED] - if (verifyTextNotPresent("нет данных", false) == true): null

03-12-2024T03:34:54 - [MESSAGE][PASSED] - Text 'нет данных' is not present on page

03-12-2024T03:34:54 - [TEST_STEP][PASSED] - if (verifyTextNotPresent("Ошибка запроса данных", false) == true): null

03-12-2024T03:34:55 - [MESSAGE][PASSED] - Text 'Ошибка запроса данных' is not present on page

03-12-2024T03:34:55 - [TEST_STEP][PASSED] - if (verifyTextNotPresent("Произошла ошибка при выполнении пользовательского кода", false) == true): null

03-12-2024T03:34:55 - [MESSAGE][PASSED] - Text 'Произошла ошибка при выполнении пользовательского кода' is not present on page

03-12-2024T03:34:55 - [TEST_STEP][PASSED] - if (verifyTextNotPresent("У виджета нет данных", false) == true): null

03-12-2024T03:34:56 - [MESSAGE][PASSED] - Text 'У виджета нет данных' is not present on page

03-12-2024T03:34:56 - [TEST_STEP][PASSED] - if (verifyTextNotPresent("У виджета нет данных", false) == true): Text 'У виджета нет данных' is not present on page

03-12-2024T03:34:56 - [MESSAGE][PASSED] - Text 'У виджета нет данных' is not present on page

03-12-2024T03:34:56 - [TEST_STEP][PASSED] - click(findTestObject("Факторный анализ/Переключить отображение с филиала на месяц")): Object: 'Object Repository/Факторный анализ/Переключить отображение с филиала на месяц' is clicked on

03-12-2024T03:34:56 - [MESSAGE][PASSED] - Object: 'Object Repository/Факторный анализ/Переключить отображение с филиала на месяц' is clicked on

03-12-2024T03:34:56 - [TEST_STEP][PASSED] - typeOfData = "Месяц": null

03-12-2024T03:34:56 - [TEST_STEP][PASSED] - Script1687405718449.Test(todaysDate, typeOfData): null

03-12-2024T03:34:56 - [TEST_STEP][PASSED] - if (verifyTextNotPresent("нет данных", false) == true): null

03-12-2024T03:34:57 - [MESSAGE][PASSED] - Text 'нет данных' is not present on page

03-12-2024T03:34:57 - [TEST_STEP][PASSED] - if (verifyTextNotPresent("Ошибка запроса данных", false) == true): null

03-12-2024T03:34:57 - [MESSAGE][PASSED] - Text 'Ошибка запроса данных' is not present on page

03-12-2024T03:34:57 - [TEST_STEP][PASSED] - if (verifyTextNotPresent("Произошла ошибка при выполнении пользовательского кода", false) == true): null

03-12-2024T03:34:58 - [MESSAGE][PASSED] - Text 'Произошла ошибка при выполнении пользовательского кода' is not present on page

03-12-2024T03:34:58 - [TEST_STEP][PASSED] - if (verifyTextNotPresent("У виджета нет данных", false) == true): null

03-12-2024T03:34:58 - [MESSAGE][PASSED] - Text 'У виджета нет данных' is not present on page

03-12-2024T03:34:58 - [TEST_STEP][PASSED] - if (verifyTextNotPresent("У виджета нет данных", false) == true): Text 'У виджета нет данных' is not present on page

03-12-2024T03:34:59 - [MESSAGE][PASSED] - Text 'У виджета нет данных' is not present on page

03-12-2024T03:34:59 - [TEST_STEP][PASSED] - click(findTestObject("Факторный анализ/Переключить отображение с месяца на филиал")): Object: 'Object Repository/Факторный анализ/Переключить отображение с месяца на филиал' is clicked on

03-12-2024T03:34:59 - [MESSAGE][PASSED] - Object: 'Object Repository/Факторный анализ/Переключить отображение с месяца на филиал' is clicked on

03-12-2024T03:34:59 - [TEST_STEP][PASSED] - click(findTestObject("Факторный анализ/Фильтр ДЗО")): Object: 'Object Repository/Факторный анализ/Фильтр ДЗО' is clicked on

03-12-2024T03:35:00 - [MESSAGE][PASSED] - Object: 'Object Repository/Факторный анализ/Фильтр ДЗО' is clicked on

03-12-2024T03:35:00 - [TEST_STEP][PASSED] - click(findTestObject("Факторный анализ/Снять выделение в фильтре ДЗО")): Object: 'Object Repository/Факторный анализ/Снять выделение в фильтре ДЗО' is clicked on

03-12-2024T03:35:00 - [MESSAGE][PASSED] - Object: 'Object Repository/Факторный анализ/Снять выделение в фильтре ДЗО' is clicked on

03-12-2024T03:35:00 - [TEST_STEP][PASSED] - scrollToElement(findTestObject("Общие объекты/Раскрыть список Россети Юг"), 30): Scroll to object 'Object Repository/Общие объекты/Раскрыть список Россети Юг' successfully

03-12-2024T03:35:00 - [MESSAGE][PASSED] - Scroll to object 'Object Repository/Общие объекты/Раскрыть список Россети Юг' successfully

03-12-2024T03:35:00 - [TEST_STEP][PASSED] - click(findTestObject("Факторный анализ/Россети Юг")): Object: 'Object Repository/Факторный анализ/Россети Юг' is clicked on

03-12-2024T03:35:01 - [MESSAGE][PASSED] - Object: 'Object Repository/Факторный анализ/Россети Юг' is clicked on

03-12-2024T03:35:01 - [TEST_STEP][PASSED] - Script1687405718449.Change(todaysDate, typeOfData): null

03-12-2024T03:35:01 - [TEST_STEP][PASSED] - scrollToElement(findTestObject("Факторный анализ/Заголовок дашборда"), 30): Scroll to object 'Object Repository/Факторный анализ/Заголовок дашборда' successfully

03-12-2024T03:35:01 - [MESSAGE][PASSED] - Scroll to object 'Object Repository/Факторный анализ/Заголовок дашборда' successfully

03-12-2024T03:35:01 - [TEST_STEP][PASSED] - click(findTestObject("Факторный анализ/Применить в фильтре ДЗО")): Object: 'Object Repository/Факторный анализ/Применить в фильтре ДЗО' is clicked on

03-12-2024T03:35:02 - [MESSAGE][PASSED] - Object: 'Object Repository/Факторный анализ/Применить в фильтре ДЗО' is clicked on

03-12-2024T03:35:02 - [TEST_STEP][PASSED] - typeOfData = "Филиал": null

03-12-2024T03:35:02 - [TEST_STEP][PASSED] - Script1687405718449.Test(todaysDate, typeOfData): null

03-12-2024T03:35:02 - [TEST_STEP][PASSED] - if (verifyTextNotPresent("нет данных", false) == true): null

03-12-2024T03:35:04 - [MESSAGE][PASSED] - Text 'нет данных' is not present on page

03-12-2024T03:35:04 - [TEST_STEP][PASSED] - if (verifyTextNotPresent("Ошибка запроса данных", false) == true): null

03-12-2024T03:35:05 - [MESSAGE][PASSED] - Text 'Ошибка запроса данных' is not present on page

03-12-2024T03:35:05 - [TEST_STEP][PASSED] - if (verifyTextNotPresent("Произошла ошибка при выполнении пользовательского кода", false) == true): null

03-12-2024T03:35:05 - [MESSAGE][PASSED] - Text 'Произошла ошибка при выполнении пользовательского кода' is not present on page

03-12-2024T03:35:05 - [TEST_STEP][PASSED] - if (verifyTextNotPresent("У виджета нет данных", false) == true): null

03-12-2024T03:35:06 - [MESSAGE][PASSED] - Text 'У виджета нет данных' is not present on page

03-12-2024T03:35:06 - [TEST_STEP][PASSED] - if (verifyTextNotPresent("У виджета нет данных", false) == true): Text 'У виджета нет данных' is not present on page

03-12-2024T03:35:06 - [MESSAGE][PASSED] - Text 'У виджета нет данных' is not present on page

03-12-2024T03:35:06 - [TEST_STEP][PASSED] - click(findTestObject("Факторный анализ/Переключить отображение с филиала на месяц")): Object: 'Object Repository/Факторный анализ/Переключить отображение с филиала на месяц' is clicked on

03-12-2024T03:35:06 - [MESSAGE][PASSED] - Object: 'Object Repository/Факторный анализ/Переключить отображение с филиала на месяц' is clicked on

03-12-2024T03:35:06 - [TEST_STEP][PASSED] - typeOfData = "Месяц": null

03-12-2024T03:35:06 - [TEST_STEP][PASSED] - Script1687405718449.Test(todaysDate, typeOfData): null

03-12-2024T03:35:06 - [TEST_STEP][PASSED] - if (verifyTextNotPresent("нет данных", false) == true): null

03-12-2024T03:35:07 - [MESSAGE][PASSED] - Text 'нет данных' is not present on page

03-12-2024T03:35:07 - [TEST_STEP][PASSED] - if (verifyTextNotPresent("Ошибка запроса данных", false) == true): null

03-12-2024T03:35:07 - [MESSAGE][PASSED] - Text 'Ошибка запроса данных' is not present on page

03-12-2024T03:35:07 - [TEST_STEP][PASSED] - if (verifyTextNotPresent("Произошла ошибка при выполнении пользовательского кода", false) == true): null

03-12-2024T03:35:08 - [MESSAGE][PASSED] - Text 'Произошла ошибка при выполнении пользовательского кода' is not present on page

03-12-2024T03:35:08 - [TEST_STEP][PASSED] - if (verifyTextNotPresent("У виджета нет данных", false) == true): null

03-12-2024T03:35:08 - [MESSAGE][PASSED] - Text 'У виджета нет данных' is not present on page

03-12-2024T03:35:08 - [TEST_STEP][PASSED] - if (verifyTextNotPresent("У виджета нет данных", false) == true): Text 'У виджета нет данных' is not present on page

03-12-2024T03:35:09 - [MESSAGE][PASSED] - Text 'У виджета нет данных' is not present on page

03-12-2024T03:35:09 - [TEST_STEP][PASSED] - click(findTestObject("Факторный анализ/Переключить отображение с месяца на филиал")): Object: 'Object Repository/Факторный анализ/Переключить отображение с месяца на филиал' is clicked on

03-12-2024T03:35:09 - [MESSAGE][PASSED] - Object: 'Object Repository/Факторный анализ/Переключить отображение с месяца на филиал' is clicked on

03-12-2024T03:35:09 - [TEST_STEP][PASSED] - click(findTestObject("Факторный анализ/Фильтр ДЗО")): Object: 'Object Repository/Факторный анализ/Фильтр ДЗО' is clicked on

03-12-2024T03:35:09 - [MESSAGE][PASSED] - Object: 'Object Repository/Факторный анализ/Фильтр ДЗО' is clicked on

03-12-2024T03:35:09 - [TEST_STEP][PASSED] - click(findTestObject("Факторный анализ/Снять выделение в фильтре ДЗО")): Object: 'Object Repository/Факторный анализ/Снять выделение в фильтре ДЗО' is clicked on

03-12-2024T03:35:10 - [MESSAGE][PASSED] - Object: 'Object Repository/Факторный анализ/Снять выделение в фильтре ДЗО' is clicked on

03-12-2024T03:35:10 - [TEST_STEP][PASSED] - scrollToElement(findTestObject("Общие объекты/Раскрыть список Россети Юг"), 30): Scroll to object 'Object Repository/Общие объекты/Раскрыть список Россети Юг' successfully

03-12-2024T03:35:10 - [MESSAGE][PASSED] - Scroll to object 'Object Repository/Общие объекты/Раскрыть список Россети Юг' successfully

03-12-2024T03:35:10 - [TEST_STEP][PASSED] - click(findTestObject("Общие объекты/Раскрыть список Россети Юг")): Object: 'Object Repository/Общие объекты/Раскрыть список Россети Юг' is clicked on

03-12-2024T03:35:11 - [MESSAGE][PASSED] - Object: 'Object Repository/Общие объекты/Раскрыть список Россети Юг' is clicked on

03-12-2024T03:35:11 - [TEST_STEP][PASSED] - click(findTestObject("Общие объекты/Раскрыть список Россети Юг")): Object: 'Object Repository/Общие объекты/Раскрыть список Россети Юг' is clicked on

03-12-2024T03:35:12 - [MESSAGE][PASSED] - Object: 'Object Repository/Общие объекты/Раскрыть список Россети Юг' is clicked on

03-12-2024T03:35:12 - [TEST_STEP][PASSED] - scrollToElement(findTestObject("Общие объекты/ВМЭС"), 30): Scroll to object 'Object Repository/Общие объекты/ВМЭС' successfully

03-12-2024T03:35:12 - [MESSAGE][PASSED] - Scroll to object 'Object Repository/Общие объекты/ВМЭС' successfully

03-12-2024T03:35:12 - [TEST_STEP][PASSED] - click(findTestObject("Общие объекты/ВМЭС")): Object: 'Object Repository/Общие объекты/ВМЭС' is clicked on

03-12-2024T03:35:13 - [MESSAGE][PASSED] - Object: 'Object Repository/Общие объекты/ВМЭС' is clicked on

03-12-2024T03:35:13 - [TEST_STEP][PASSED] - Script1687405718449.Change(todaysDate, typeOfData): null

03-12-2024T03:35:13 - [TEST_STEP][PASSED] - scrollToElement(findTestObject("Факторный анализ/Заголовок дашборда"), 30): Scroll to object 'Object Repository/Факторный анализ/Заголовок дашборда' successfully

03-12-2024T03:35:13 - [MESSAGE][PASSED] - Scroll to object 'Object Repository/Факторный анализ/Заголовок дашборда' successfully

03-12-2024T03:35:13 - [TEST_STEP][PASSED] - click(findTestObject("Факторный анализ/Применить в фильтре ДЗО")): Object: 'Object Repository/Факторный анализ/Применить в фильтре ДЗО' is clicked on

03-12-2024T03:35:14 - [MESSAGE][PASSED] - Object: 'Object Repository/Факторный анализ/Применить в фильтре ДЗО' is clicked on

03-12-2024T03:35:14 - [TEST_STEP][PASSED] - typeOfData = "Филиал": null

03-12-2024T03:35:14 - [TEST_STEP][PASSED] - Script1687405718449.Test(todaysDate, typeOfData): null

03-12-2024T03:35:14 - [TEST_STEP][PASSED] - if (verifyTextNotPresent("нет данных", false) == true): null

03-12-2024T03:35:44 - [MESSAGE][PASSED] - Text 'нет данных' is not present on page

03-12-2024T03:35:44 - [TEST_STEP][PASSED] - if (verifyTextNotPresent("Ошибка запроса данных", false) == true): null

03-12-2024T03:36:14 - [MESSAGE][PASSED] - Text 'Ошибка запроса данных' is not present on page

03-12-2024T03:36:14 - [TEST_STEP][PASSED] - if (verifyTextNotPresent("Произошла ошибка при выполнении пользовательского кода", false) == true): null

03-12-2024T03:36:44 - [MESSAGE][PASSED] - Text 'Произошла ошибка при выполнении пользовательского кода' is not present on page

03-12-2024T03:36:44 - [TEST_STEP][PASSED] - if (verifyTextNotPresent("У виджета нет данных", false) == true): null

03-12-2024T03:37:15 - [MESSAGE][PASSED] - Text 'У виджета нет данных' is not present on page

03-12-2024T03:37:15 - [TEST_STEP][PASSED] - if (verifyTextNotPresent("У виджета нет данных", false) == true): Text 'У виджета нет данных' is not present on page

03-12-2024T03:37:45 - [MESSAGE][PASSED] - Text 'У виджета нет данных' is not present on page

03-12-2024T03:37:45 - [TEST_STEP][PASSED] - click(findTestObject("Факторный анализ/Переключить отображение с филиала на месяц")): Object: 'Object Repository/Факторный анализ/Переключить отображение с филиала на месяц' is clicked on

03-12-2024T03:38:15 - [MESSAGE][PASSED] - Object: 'Object Repository/Факторный анализ/Переключить отображение с филиала на месяц' is clicked on

03-12-2024T03:38:15 - [TEST_STEP][PASSED] - typeOfData = "Месяц": null

03-12-2024T03:38:15 - [TEST_STEP][PASSED] - Script1687405718449.Test(todaysDate, typeOfData): null

03-12-2024T03:38:15 - [TEST_STEP][PASSED] - if (verifyTextNotPresent("нет данных", false) == true): null

03-12-2024T03:38:45 - [MESSAGE][PASSED] - Text 'нет данных' is not present on page

03-12-2024T03:38:45 - [TEST_STEP][PASSED] - if (verifyTextNotPresent("Ошибка запроса данных", false) == true): null

03-12-2024T03:39:16 - [MESSAGE][PASSED] - Text 'Ошибка запроса данных' is not present on page

03-12-2024T03:39:16 - [TEST_STEP][PASSED] - if (verifyTextNotPresent("Произошла ошибка при выполнении пользовательского кода", false) == true): null

03-12-2024T03:39:46 - [MESSAGE][PASSED] - Text 'Произошла ошибка при выполнении пользовательского кода' is not present on page

03-12-2024T03:39:46 - [TEST_STEP][PASSED] - if (verifyTextNotPresent("У виджета нет данных", false) == true): null

03-12-2024T03:40:16 - [MESSAGE][PASSED] - Text 'У виджета нет данных' is not present on page

03-12-2024T03:40:16 - [TEST_STEP][PASSED] - if (verifyTextNotPresent("У виджета нет данных", false) == true): Text 'У виджета нет данных' is not present on page

03-12-2024T03:40:47 - [MESSAGE][PASSED] - Text 'У виджета нет данных' is not present on page

03-12-2024T03:40:47 - [TEST_STEP][PASSED] - click(findTestObject("Факторный анализ/Переключить отображение с месяца на филиал")): Object: 'Object Repository/Факторный анализ/Переключить отображение с месяца на филиал' is clicked on

03-12-2024T03:41:17 - [MESSAGE][PASSED] - Object: 'Object Repository/Факторный анализ/Переключить отображение с месяца на филиал' is clicked on

03-12-2024T03:41:17 - [TEST_STEP][PASSED] - click(findTestObject("Факторный анализ/Фильтр ДЗО")): Object: 'Object Repository/Факторный анализ/Фильтр ДЗО' is clicked on

03-12-2024T03:41:47 - [MESSAGE][PASSED] - Object: 'Object Repository/Факторный анализ/Фильтр ДЗО' is clicked on

03-12-2024T03:41:47 - [TEST_STEP][PASSED] - click(findTestObject("Факторный анализ/Снять выделение в фильтре ДЗО")): Object: 'Object Repository/Факторный анализ/Снять выделение в фильтре ДЗО' is clicked on

03-12-2024T03:42:17 - [MESSAGE][PASSED] - Object: 'Object Repository/Факторный анализ/Снять выделение в фильтре ДЗО' is clicked on

03-12-2024T03:42:17 - [TEST_STEP][PASSED] - scrollToElement(findTestObject("Общие объекты/Астраханьэнерго"), 30): Scroll to object 'Object Repository/Общие объекты/Астраханьэнерго' successfully

03-12-2024T03:42:47 - [MESSAGE][PASSED] - Scroll to object 'Object Repository/Общие объекты/Астраханьэнерго' successfully

03-12-2024T03:42:47 - [TEST_STEP][PASSED] - click(findTestObject("Общие объекты/Астраханьэнерго")): Object: 'Object Repository/Общие объекты/Астраханьэнерго' is clicked on

03-12-2024T03:43:17 - [MESSAGE][PASSED] - Object: 'Object Repository/Общие объекты/Астраханьэнерго' is clicked on

03-12-2024T03:43:17 - [TEST_STEP][PASSED] - Script1687405718449.Change(todaysDate, typeOfData): null

03-12-2024T03:43:17 - [TEST_STEP][PASSED] - scrollToElement(findTestObject("Факторный анализ/Заголовок дашборда"), 30): Scroll to object 'Object Repository/Факторный анализ/Заголовок дашборда' successfully

03-12-2024T03:43:47 - [MESSAGE][PASSED] - Scroll to object 'Object Repository/Факторный анализ/Заголовок дашборда' successfully

03-12-2024T03:43:47 - [TEST_STEP][PASSED] - click(findTestObject("Факторный анализ/Применить в фильтре ДЗО")): Object: 'Object Repository/Факторный анализ/Применить в фильтре ДЗО' is clicked on

03-12-2024T03:44:17 - [MESSAGE][PASSED] - Object: 'Object Repository/Факторный анализ/Применить в фильтре ДЗО' is clicked on

03-12-2024T03:44:17 - [TEST_STEP][PASSED] - typeOfData = "Филиал": null

03-12-2024T03:44:17 - [TEST_STEP][PASSED] - Script1687405718449.Test(todaysDate, typeOfData): null

03-12-2024T03:44:17 - [TEST_STEP][PASSED] - if (verifyTextNotPresent("нет данных", false) == true): null

03-12-2024T03:44:48 - [MESSAGE][PASSED] - Text 'нет данных' is not present on page

03-12-2024T03:44:48 - [TEST_STEP][PASSED] - if (verifyTextNotPresent("Ошибка запроса данных", false) == true): null

03-12-2024T03:45:18 - [MESSAGE][PASSED] - Text 'Ошибка запроса данных' is not present on page

03-12-2024T03:45:18 - [TEST_STEP][PASSED] - if (verifyTextNotPresent("Произошла ошибка при выполнении пользовательского кода", false) == true): null

03-12-2024T03:45:48 - [MESSAGE][PASSED] - Text 'Произошла ошибка при выполнении пользовательского кода' is not present on page

03-12-2024T03:45:48 - [TEST_STEP][PASSED] - if (verifyTextNotPresent("У виджета нет данных", false) == true): null

03-12-2024T03:46:19 - [MESSAGE][PASSED] - Text 'У виджета нет данных' is not present on page

03-12-2024T03:46:19 - [TEST_STEP][PASSED] - if (verifyTextNotPresent("У виджета нет данных", false) == true): Text 'У виджета нет данных' is not present on page

03-12-2024T03:46:49 - [MESSAGE][PASSED] - Text 'У виджета нет данных' is not present on page

03-12-2024T03:46:49 - [TEST_STEP][PASSED] - click(findTestObject("Факторный анализ/Переключить отображение с филиала на месяц")): Object: 'Object Repository/Факторный анализ/Переключить отображение с филиала на месяц' is clicked on

03-12-2024T03:47:19 - [MESSAGE][PASSED] - Object: 'Object Repository/Факторный анализ/Переключить отображение с филиала на месяц' is clicked on

03-12-2024T03:47:19 - [TEST_STEP][PASSED] - typeOfData = "Месяц": null

03-12-2024T03:47:19 - [TEST_STEP][PASSED] - Script1687405718449.Test(todaysDate, typeOfData): null

03-12-2024T03:47:19 - [TEST_STEP][PASSED] - if (verifyTextNotPresent("нет данных", false) == true): null

03-12-2024T03:47:49 - [MESSAGE][PASSED] - Text 'нет данных' is not present on page

03-12-2024T03:47:49 - [TEST_STEP][PASSED] - if (verifyTextNotPresent("Ошибка запроса данных", false) == true): null

03-12-2024T03:48:20 - [MESSAGE][PASSED] - Text 'Ошибка запроса данных' is not present on page

03-12-2024T03:48:20 - [TEST_STEP][PASSED] - if (verifyTextNotPresent("Произошла ошибка при выполнении пользовательского кода", false) == true): null

03-12-2024T03:48:50 - [MESSAGE][PASSED] - Text 'Произошла ошибка при выполнении пользовательского кода' is not present on page

03-12-2024T03:48:50 - [TEST_STEP][PASSED] - if (verifyTextNotPresent("У виджета нет данных", false) == true): null

03-12-2024T03:49:20 - [MESSAGE][PASSED] - Text 'У виджета нет данных' is not present on page

03-12-2024T03:49:20 - [TEST_STEP][PASSED] - if (verifyTextNotPresent("У виджета нет данных", false) == true): Text 'У виджета нет данных' is not present on page

03-12-2024T03:49:50 - [MESSAGE][PASSED] - Text 'У виджета нет данных' is not present on page

03-12-2024T03:49:50 - [TEST_STEP][PASSED] - click(findTestObject("Факторный анализ/Переключить отображение с месяца на филиал")): Object: 'Object Repository/Факторный анализ/Переключить отображение с месяца на филиал' is clicked on

03-12-2024T03:50:21 - [MESSAGE][PASSED] - Object: 'Object Repository/Факторный анализ/Переключить отображение с месяца на филиал' is clicked on

03-12-2024T03:50:21 - [TEST_STEP][PASSED] - click(findTestObject("Факторный анализ/Фильтр ДЗО")): Object: 'Object Repository/Факторный анализ/Фильтр ДЗО' is clicked on

03-12-2024T03:50:51 - [MESSAGE][PASSED] - Object: 'Object Repository/Факторный анализ/Фильтр ДЗО' is clicked on

03-12-2024T03:50:51 - [TEST_STEP][PASSED] - click(findTestObject("Факторный анализ/Снять выделение в фильтре ДЗО")): Object: 'Object Repository/Факторный анализ/Снять выделение в фильтре ДЗО' is clicked on

03-12-2024T03:51:21 - [MESSAGE][PASSED] - Object: 'Object Repository/Факторный анализ/Снять выделение в фильтре ДЗО' is clicked on

03-12-2024T03:51:21 - [TEST_STEP][PASSED] - scrollToElement(findTestObject("Общие объекты/Волгоградэнерго"), 30): Scroll to object 'Object Repository/Общие объекты/Волгоградэнерго' successfully

03-12-2024T03:51:51 - [MESSAGE][PASSED] - Scroll to object 'Object Repository/Общие объекты/Волгоградэнерго' successfully

03-12-2024T03:51:51 - [TEST_STEP][PASSED] - click(findTestObject("Общие объекты/Волгоградэнерго")): Object: 'Object Repository/Общие объекты/Волгоградэнерго' is clicked on

03-12-2024T03:52:21 - [MESSAGE][PASSED] - Object: 'Object Repository/Общие объекты/Волгоградэнерго' is clicked on

03-12-2024T03:52:21 - [TEST_STEP][PASSED] - Script1687405718449.Change(todaysDate, typeOfData): null

03-12-2024T03:52:21 - [TEST_STEP][PASSED] - scrollToElement(findTestObject("Факторный анализ/Заголовок дашборда"), 30): Scroll to object 'Object Repository/Факторный анализ/Заголовок дашборда' successfully

03-12-2024T03:52:51 - [MESSAGE][PASSED] - Scroll to object 'Object Repository/Факторный анализ/Заголовок дашборда' successfully

03-12-2024T03:52:51 - [TEST_STEP][PASSED] - click(findTestObject("Факторный анализ/Применить в фильтре ДЗО")): Object: 'Object Repository/Факторный анализ/Применить в фильтре ДЗО' is clicked on

03-12-2024T03:53:21 - [MESSAGE][PASSED] - Object: 'Object Repository/Факторный анализ/Применить в фильтре ДЗО' is clicked on

03-12-2024T03:53:21 - [TEST_STEP][PASSED] - typeOfData = "Филиал": null

03-12-2024T03:53:21 - [TEST_STEP][PASSED] - Script1687405718449.Test(todaysDate, typeOfData): null

03-12-2024T03:53:21 - [TEST_STEP][PASSED] - if (verifyTextNotPresent("нет данных", false) == true): null

03-12-2024T03:53:52 - [MESSAGE][PASSED] - Text 'нет данных' is not present on page

03-12-2024T03:53:52 - [TEST_STEP][PASSED] - if (verifyTextNotPresent("Ошибка запроса данных", false) == true): null

03-12-2024T03:54:22 - [MESSAGE][PASSED] - Text 'Ошибка запроса данных' is not present on page

03-12-2024T03:54:22 - [TEST_STEP][PASSED] - if (verifyTextNotPresent("Произошла ошибка при выполнении пользовательского кода", false) == true): null

03-12-2024T03:54:52 - [MESSAGE][PASSED] - Text 'Произошла ошибка при выполнении пользовательского кода' is not present on page

03-12-2024T03:54:52 - [TEST_STEP][PASSED] - if (verifyTextNotPresent("У виджета нет данных", false) == true): null

03-12-2024T03:55:23 - [MESSAGE][PASSED] - Text 'У виджета нет данных' is not present on page

03-12-2024T03:55:23 - [TEST_STEP][PASSED] - if (verifyTextNotPresent("У виджета нет данных", false) == true): Text 'У виджета нет данных' is not present on page

03-12-2024T03:55:53 - [MESSAGE][PASSED] - Text 'У виджета нет данных' is not present on page

03-12-2024T03:55:53 - [TEST_STEP][PASSED] - click(findTestObject("Факторный анализ/Переключить отображение с филиала на месяц")): Object: 'Object Repository/Факторный анализ/Переключить отображение с филиала на месяц' is clicked on

03-12-2024T03:56:23 - [MESSAGE][PASSED] - Object: 'Object Repository/Факторный анализ/Переключить отображение с филиала на месяц' is clicked on

03-12-2024T03:56:23 - [TEST_STEP][PASSED] - typeOfData = "Месяц": null

03-12-2024T03:56:23 - [TEST_STEP][PASSED] - Script1687405718449.Test(todaysDate, typeOfData): null

03-12-2024T03:56:23 - [TEST_STEP][PASSED] - if (verifyTextNotPresent("нет данных", false) == true): null

03-12-2024T03:56:53 - [MESSAGE][PASSED] - Text 'нет данных' is not present on page

03-12-2024T03:56:53 - [TEST_STEP][PASSED] - if (verifyTextNotPresent("Ошибка запроса данных", false) == true): null

03-12-2024T03:57:24 - [MESSAGE][PASSED] - Text 'Ошибка запроса данных' is not present on page

03-12-2024T03:57:24 - [TEST_STEP][PASSED] - if (verifyTextNotPresent("Произошла ошибка при выполнении пользовательского кода", false) == true): null

03-12-2024T03:57:54 - [MESSAGE][PASSED] - Text 'Произошла ошибка при выполнении пользовательского кода' is not present on page

03-12-2024T03:57:54 - [TEST_STEP][PASSED] - if (verifyTextNotPresent("У виджета нет данных", false) == true): null

03-12-2024T03:58:24 - [MESSAGE][PASSED] - Text 'У виджета нет данных' is not present on page

03-12-2024T03:58:24 - [TEST_STEP][PASSED] - if (verifyTextNotPresent("У виджета нет данных", false) == true): Text 'У виджета нет данных' is not present on page

03-12-2024T03:58:54 - [MESSAGE][PASSED] - Text 'У виджета нет данных' is not present on page

03-12-2024T03:58:54 - [TEST_STEP][PASSED] - click(findTestObject("Факторный анализ/Переключить отображение с месяца на филиал")): Object: 'Object Repository/Факторный анализ/Переключить отображение с месяца на филиал' is clicked on

03-12-2024T03:59:25 - [MESSAGE][PASSED] - Object: 'Object Repository/Факторный анализ/Переключить отображение с месяца на филиал' is clicked on

03-12-2024T03:59:25 - [TEST_STEP][PASSED] - click(findTestObject("Факторный анализ/Фильтр ДЗО")): Object: 'Object Repository/Факторный анализ/Фильтр ДЗО' is clicked on

03-12-2024T03:59:55 - [MESSAGE][PASSED] - Object: 'Object Repository/Факторный анализ/Фильтр ДЗО' is clicked on

03-12-2024T03:59:55 - [TEST_STEP][PASSED] - click(findTestObject("Факторный анализ/Снять выделение в фильтре ДЗО")): Object: 'Object Repository/Факторный анализ/Снять выделение в фильтре ДЗО' is clicked on

03-12-2024T04:00:25 - [MESSAGE][PASSED] - Object: 'Object Repository/Факторный анализ/Снять выделение в фильтре ДЗО' is clicked on

03-12-2024T04:00:25 - [TEST_STEP][PASSED] - scrollToElement(findTestObject("Общие объекты/Калмэнерго"), 30): Scroll to object 'Object Repository/Общие объекты/Калмэнерго' successfully

03-12-2024T04:00:55 - [MESSAGE][PASSED] - Scroll to object 'Object Repository/Общие объекты/Калмэнерго' successfully

03-12-2024T04:00:55 - [TEST_STEP][PASSED] - click(findTestObject("Общие объекты/Калмэнерго")): Object: 'Object Repository/Общие объекты/Калмэнерго' is clicked on

03-12-2024T04:01:25 - [MESSAGE][PASSED] - Object: 'Object Repository/Общие объекты/Калмэнерго' is clicked on

03-12-2024T04:01:25 - [TEST_STEP][PASSED] - Script1687405718449.Change(todaysDate, typeOfData): null

03-12-2024T04:01:25 - [TEST_STEP][PASSED] - scrollToElement(findTestObject("Факторный анализ/Заголовок дашборда"), 30): Scroll to object 'Object Repository/Факторный анализ/Заголовок дашборда' successfully

03-12-2024T04:01:55 - [MESSAGE][PASSED] - Scroll to object 'Object Repository/Факторный анализ/Заголовок дашборда' successfully

03-12-2024T04:01:55 - [TEST_STEP][PASSED] - click(findTestObject("Факторный анализ/Применить в фильтре ДЗО")): Object: 'Object Repository/Факторный анализ/Применить в фильтре ДЗО' is clicked on

03-12-2024T04:02:25 - [MESSAGE][PASSED] - Object: 'Object Repository/Факторный анализ/Применить в фильтре ДЗО' is clicked on

03-12-2024T04:02:25 - [TEST_STEP][PASSED] - typeOfData = "Филиал": null

03-12-2024T04:02:25 - [TEST_STEP][PASSED] - Script1687405718449.Test(todaysDate, typeOfData): null

03-12-2024T04:02:25 - [TEST_STEP][PASSED] - if (verifyTextNotPresent("нет данных", false) == true): null

03-12-2024T04:02:56 - [MESSAGE][PASSED] - Text 'нет данных' is not present on page

03-12-2024T04:02:56 - [TEST_STEP][PASSED] - if (verifyTextNotPresent("Ошибка запроса данных", false) == true): null

03-12-2024T04:03:26 - [MESSAGE][PASSED] - Text 'Ошибка запроса данных' is not present on page

03-12-2024T04:03:26 - [TEST_STEP][PASSED] - if (verifyTextNotPresent("Произошла ошибка при выполнении пользовательского кода", false) == true): null

03-12-2024T04:03:56 - [MESSAGE][PASSED] - Text 'Произошла ошибка при выполнении пользовательского кода' is not present on page

03-12-2024T04:03:56 - [TEST_STEP][PASSED] - if (verifyTextNotPresent("У виджета нет данных", false) == true): null

03-12-2024T04:04:26 - [MESSAGE][PASSED] - Text 'У виджета нет данных' is not present on page

03-12-2024T04:04:26 - [TEST_STEP][PASSED] - if (verifyTextNotPresent("У виджета нет данных", false) == true): Text 'У виджета нет данных' is not present on page

03-12-2024T04:04:57 - [MESSAGE][PASSED] - Text 'У виджета нет данных' is not present on page

03-12-2024T04:04:57 - [TEST_STEP][PASSED] - click(findTestObject("Факторный анализ/Переключить отображение с филиала на месяц")): Object: 'Object Repository/Факторный анализ/Переключить отображение с филиала на месяц' is clicked on

03-12-2024T04:05:27 - [MESSAGE][PASSED] - Object: 'Object Repository/Факторный анализ/Переключить отображение с филиала на месяц' is clicked on

03-12-2024T04:05:27 - [TEST_STEP][PASSED] - typeOfData = "Месяц": null

03-12-2024T04:05:27 - [TEST_STEP][PASSED] - Script1687405718449.Test(todaysDate, typeOfData): null

03-12-2024T04:05:27 - [TEST_STEP][PASSED] - if (verifyTextNotPresent("нет данных", false) == true): null

03-12-2024T04:05:57 - [MESSAGE][PASSED] - Text 'нет данных' is not present on page

03-12-2024T04:05:57 - [TEST_STEP][PASSED] - if (verifyTextNotPresent("Ошибка запроса данных", false) == true): null

03-12-2024T04:06:27 - [MESSAGE][PASSED] - Text 'Ошибка запроса данных' is not present on page

03-12-2024T04:06:27 - [TEST_STEP][PASSED] - if (verifyTextNotPresent("Произошла ошибка при выполнении пользовательского кода", false) == true): null

03-12-2024T04:06:58 - [MESSAGE][PASSED] - Text 'Произошла ошибка при выполнении пользовательского кода' is not present on page

03-12-2024T04:06:58 - [TEST_STEP][PASSED] - if (verifyTextNotPresent("У виджета нет данных", false) == true): null

03-12-2024T04:07:28 - [MESSAGE][PASSED] - Text 'У виджета нет данных' is not present on page

03-12-2024T04:07:28 - [TEST_STEP][PASSED] - if (verifyTextNotPresent("У виджета нет данных", false) == true): Text 'У виджета нет данных' is not present on page

03-12-2024T04:07:58 - [MESSAGE][PASSED] - Text 'У виджета нет данных' is not present on page

03-12-2024T04:07:58 - [TEST_STEP][PASSED] - click(findTestObject("Факторный анализ/Переключить отображение с месяца на филиал")): Object: 'Object Repository/Факторный анализ/Переключить отображение с месяца на филиал' is clicked on

03-12-2024T04:08:28 - [MESSAGE][PASSED] - Object: 'Object Repository/Факторный анализ/Переключить отображение с месяца на филиал' is clicked on

03-12-2024T04:08:28 - [TEST_STEP][PASSED] - click(findTestObject("Факторный анализ/Фильтр ДЗО")): Object: 'Object Repository/Факторный анализ/Фильтр ДЗО' is clicked on

03-12-2024T04:08:58 - [MESSAGE][PASSED] - Object: 'Object Repository/Факторный анализ/Фильтр ДЗО' is clicked on

03-12-2024T04:08:58 - [TEST_STEP][PASSED] - click(findTestObject("Факторный анализ/Снять выделение в фильтре ДЗО")): Object: 'Object Repository/Факторный анализ/Снять выделение в фильтре ДЗО' is clicked on

03-12-2024T04:09:29 - [MESSAGE][PASSED] - Object: 'Object Repository/Факторный анализ/Снять выделение в фильтре ДЗО' is clicked on

03-12-2024T04:09:29 - [TEST_STEP][PASSED] - scrollToElement(findTestObject("Общие объекты/Ростовэнерго"), 30): Scroll to object 'Object Repository/Общие объекты/Ростовэнерго' successfully

03-12-2024T04:09:59 - [MESSAGE][PASSED] - Scroll to object 'Object Repository/Общие объекты/Ростовэнерго' successfully

03-12-2024T04:09:59 - [TEST_STEP][PASSED] - click(findTestObject("Общие объекты/Ростовэнерго")): Object: 'Object Repository/Общие объекты/Ростовэнерго' is clicked on

03-12-2024T04:10:29 - [MESSAGE][PASSED] - Object: 'Object Repository/Общие объекты/Ростовэнерго' is clicked on

03-12-2024T04:10:29 - [TEST_STEP][PASSED] - Script1687405718449.Change(todaysDate, typeOfData): null

03-12-2024T04:10:29 - [TEST_STEP][PASSED] - scrollToElement(findTestObject("Факторный анализ/Заголовок дашборда"), 30): Scroll to object 'Object Repository/Факторный анализ/Заголовок дашборда' successfully

03-12-2024T04:10:59 - [MESSAGE][PASSED] - Scroll to object 'Object Repository/Факторный анализ/Заголовок дашборда' successfully

03-12-2024T04:10:59 - [TEST_STEP][PASSED] - click(findTestObject("Факторный анализ/Применить в фильтре ДЗО")): Object: 'Object Repository/Факторный анализ/Применить в фильтре ДЗО' is clicked on

03-12-2024T04:11:29 - [MESSAGE][PASSED] - Object: 'Object Repository/Факторный анализ/Применить в фильтре ДЗО' is clicked on

03-12-2024T04:11:29 - [TEST_STEP][PASSED] - typeOfData = "Филиал": null

03-12-2024T04:11:29 - [TEST_STEP][PASSED] - Script1687405718449.Test(todaysDate, typeOfData): null

03-12-2024T04:11:29 - [TEST_STEP][PASSED] - if (verifyTextNotPresent("нет данных", false) == true): null

03-12-2024T04:11:59 - [MESSAGE][PASSED] - Text 'нет данных' is not present on page

03-12-2024T04:11:59 - [TEST_STEP][PASSED] - if (verifyTextNotPresent("Ошибка запроса данных", false) == true): null

03-12-2024T04:12:30 - [MESSAGE][PASSED] - Text 'Ошибка запроса данных' is not present on page

03-12-2024T04:12:30 - [TEST_STEP][PASSED] - if (verifyTextNotPresent("Произошла ошибка при выполнении пользовательского кода", false) == true): null

03-12-2024T04:13:00 - [MESSAGE][PASSED] - Text 'Произошла ошибка при выполнении пользовательского кода' is not present on page

03-12-2024T04:13:00 - [TEST_STEP][PASSED] - if (verifyTextNotPresent("У виджета нет данных", false) == true): null

03-12-2024T04:13:30 - [MESSAGE][PASSED] - Text 'У виджета нет данных' is not present on page

03-12-2024T04:13:30 - [TEST_STEP][PASSED] - if (verifyTextNotPresent("У виджета нет данных", false) == true): Text 'У виджета нет данных' is not present on page

03-12-2024T04:14:01 - [MESSAGE][PASSED] - Text 'У виджета нет данных' is not present on page

03-12-2024T04:14:01 - [TEST_STEP][PASSED] - click(findTestObject("Факторный анализ/Переключить отображение с филиала на месяц")): Object: 'Object Repository/Факторный анализ/Переключить отображение с филиала на месяц' is clicked on

03-12-2024T04:14:31 - [MESSAGE][PASSED] - Object: 'Object Repository/Факторный анализ/Переключить отображение с филиала на месяц' is clicked on

03-12-2024T04:14:31 - [TEST_STEP][PASSED] - typeOfData = "Месяц": null

03-12-2024T04:14:31 - [TEST_STEP][PASSED] - Script1687405718449.Test(todaysDate, typeOfData): null

03-12-2024T04:14:31 - [TEST_STEP][PASSED] - if (verifyTextNotPresent("нет данных", false) == true): null

03-12-2024T04:15:01 - [MESSAGE][PASSED] - Text 'нет данных' is not present on page

03-12-2024T04:15:01 - [TEST_STEP][PASSED] - if (verifyTextNotPresent("Ошибка запроса данных", false) == true): null

03-12-2024T04:15:31 - [MESSAGE][PASSED] - Text 'Ошибка запроса данных' is not present on page

03-12-2024T04:15:31 - [TEST_STEP][PASSED] - if (verifyTextNotPresent("Произошла ошибка при выполнении пользовательского кода", false) == true): null

03-12-2024T04:16:02 - [MESSAGE][PASSED] - Text 'Произошла ошибка при выполнении пользовательского кода' is not present on page

03-12-2024T04:16:02 - [TEST_STEP][PASSED] - if (verifyTextNotPresent("У виджета нет данных", false) == true): null

03-12-2024T04:16:32 - [MESSAGE][PASSED] - Text 'У виджета нет данных' is not present on page

03-12-2024T04:16:32 - [TEST_STEP][PASSED] - if (verifyTextNotPresent("У виджета нет данных", false) == true): Text 'У виджета нет данных' is not present on page

03-12-2024T04:17:02 - [MESSAGE][PASSED] - Text 'У виджета нет данных' is not present on page

03-12-2024T04:17:02 - [TEST_STEP][PASSED] - click(findTestObject("Факторный анализ/Переключить отображение с месяца на филиал")): Object: 'Object Repository/Факторный анализ/Переключить отображение с месяца на филиал' is clicked on

03-12-2024T04:17:32 - [MESSAGE][PASSED] - Object: 'Object Repository/Факторный анализ/Переключить отображение с месяца на филиал' is clicked on

03-12-2024T04:17:32 - [TEST_STEP][PASSED] - click(findTestObject("Факторный анализ/Фильтр ДЗО")): Object: 'Object Repository/Факторный анализ/Фильтр ДЗО' is clicked on

03-12-2024T04:18:02 - [MESSAGE][PASSED] - Object: 'Object Repository/Факторный анализ/Фильтр ДЗО' is clicked on

03-12-2024T04:18:02 - [TEST_STEP][PASSED] - click(findTestObject("Факторный анализ/Снять выделение в фильтре ДЗО")): Object: 'Object Repository/Факторный анализ/Снять выделение в фильтре ДЗО' is clicked on

03-12-2024T04:18:32 - [MESSAGE][PASSED] - Object: 'Object Repository/Факторный анализ/Снять выделение в фильтре ДЗО' is clicked on

03-12-2024T04:18:32 - [TEST_STEP][PASSED] - scrollToElement(findTestObject("Общие объекты/Раскрыть список Россети Янтарь"), 30): Scroll to object 'Object Repository/Общие объекты/Раскрыть список Россети Янтарь' successfully

03-12-2024T04:19:02 - [MESSAGE][PASSED] - Scroll to object 'Object Repository/Общие объекты/Раскрыть список Россети Янтарь' successfully

03-12-2024T04:19:02 - [TEST_STEP][PASSED] - click(findTestObject("Факторный анализ/Россети Янтарь")): Object: 'Object Repository/Факторный анализ/Россети Янтарь' is clicked on

03-12-2024T04:19:33 - [MESSAGE][PASSED] - Object: 'Object Repository/Факторный анализ/Россети Янтарь' is clicked on

03-12-2024T04:19:33 - [TEST_STEP][PASSED] - Script1687405718449.Change(todaysDate, typeOfData): null

03-12-2024T04:19:33 - [TEST_STEP][PASSED] - scrollToElement(findTestObject("Факторный анализ/Заголовок дашборда"), 30): Scroll to object 'Object Repository/Факторный анализ/Заголовок дашборда' successfully

03-12-2024T04:20:03 - [MESSAGE][PASSED] - Scroll to object 'Object Repository/Факторный анализ/Заголовок дашборда' successfully

03-12-2024T04:20:03 - [TEST_STEP][PASSED] - click(findTestObject("Факторный анализ/Применить в фильтре ДЗО")): Object: 'Object Repository/Факторный анализ/Применить в фильтре ДЗО' is clicked on

03-12-2024T04:20:33 - [MESSAGE][PASSED] - Object: 'Object Repository/Факторный анализ/Применить в фильтре ДЗО' is clicked on

03-12-2024T04:20:33 - [TEST_STEP][PASSED] - typeOfData = "Филиал": null

03-12-2024T04:20:33 - [TEST_STEP][PASSED] - Script1687405718449.Test(todaysDate, typeOfData): null

03-12-2024T04:20:33 - [TEST_STEP][PASSED] - if (verifyTextNotPresent("нет данных", false) == true): null

03-12-2024T04:21:03 - [MESSAGE][PASSED] - Text 'нет данных' is not present on page

03-12-2024T04:21:03 - [TEST_STEP][PASSED] - if (verifyTextNotPresent("Ошибка запроса данных", false) == true): null

03-12-2024T04:21:33 - [MESSAGE][PASSED] - Text 'Ошибка запроса данных' is not present on page

03-12-2024T04:21:33 - [TEST_STEP][PASSED] - if (verifyTextNotPresent("Произошла ошибка при выполнении пользовательского кода", false) == true): null

03-12-2024T04:22:04 - [MESSAGE][PASSED] - Text 'Произошла ошибка при выполнении пользовательского кода' is not present on page

03-12-2024T04:22:04 - [TEST_STEP][PASSED] - if (verifyTextNotPresent("У виджета нет данных", false) == true): null

03-12-2024T04:22:34 - [MESSAGE][PASSED] - Text 'У виджета нет данных' is not present on page

03-12-2024T04:22:34 - [TEST_STEP][PASSED] - if (verifyTextNotPresent("У виджета нет данных", false) == true): Text 'У виджета нет данных' is not present on page

03-12-2024T04:23:04 - [MESSAGE][PASSED] - Text 'У виджета нет данных' is not present on page

03-12-2024T04:23:04 - [TEST_STEP][PASSED] - click(findTestObject("Факторный анализ/Переключить отображение с филиала на месяц")): Object: 'Object Repository/Факторный анализ/Переключить отображение с филиала на месяц' is clicked on

03-12-2024T04:23:34 - [MESSAGE][PASSED] - Object: 'Object Repository/Факторный анализ/Переключить отображение с филиала на месяц' is clicked on

03-12-2024T04:23:34 - [TEST_STEP][PASSED] - typeOfData = "Месяц": null

03-12-2024T04:23:34 - [TEST_STEP][PASSED] - Script1687405718449.Test(todaysDate, typeOfData): null

03-12-2024T04:23:34 - [TEST_STEP][PASSED] - if (verifyTextNotPresent("нет данных", false) == true): null

03-12-2024T04:24:05 - [MESSAGE][PASSED] - Text 'нет данных' is not present on page

03-12-2024T04:24:05 - [TEST_STEP][PASSED] - if (verifyTextNotPresent("Ошибка запроса данных", false) == true): null

03-12-2024T04:24:35 - [MESSAGE][PASSED] - Text 'Ошибка запроса данных' is not present on page

03-12-2024T04:24:35 - [TEST_STEP][PASSED] - if (verifyTextNotPresent("Произошла ошибка при выполнении пользовательского кода", false) == true): null

03-12-2024T04:25:05 - [MESSAGE][PASSED] - Text 'Произошла ошибка при выполнении пользовательского кода' is not present on page

03-12-2024T04:25:05 - [TEST_STEP][PASSED] - if (verifyTextNotPresent("У виджета нет данных", false) == true): null

03-12-2024T04:25:36 - [MESSAGE][PASSED] - Text 'У виджета нет данных' is not present on page

03-12-2024T04:25:36 - [TEST_STEP][PASSED] - if (verifyTextNotPresent("У виджета нет данных", false) == true): Text 'У виджета нет данных' is not present on page

03-12-2024T04:26:06 - [MESSAGE][PASSED] - Text 'У виджета нет данных' is not present on page

03-12-2024T04:26:06 - [TEST_STEP][PASSED] - click(findTestObject("Факторный анализ/Переключить отображение с месяца на филиал")): Object: 'Object Repository/Факторный анализ/Переключить отображение с месяца на филиал' is clicked on

03-12-2024T04:26:36 - [MESSAGE][PASSED] - Object: 'Object Repository/Факторный анализ/Переключить отображение с месяца на филиал' is clicked on

03-12-2024T04:26:36 - [TEST_STEP][PASSED] - click(findTestObject("Факторный анализ/Фильтр ДЗО")): Object: 'Object Repository/Факторный анализ/Фильтр ДЗО' is clicked on

03-12-2024T04:27:06 - [MESSAGE][PASSED] - Object: 'Object Repository/Факторный анализ/Фильтр ДЗО' is clicked on

03-12-2024T04:27:06 - [TEST_STEP][PASSED] - click(findTestObject("Факторный анализ/Снять выделение в фильтре ДЗО")): Object: 'Object Repository/Факторный анализ/Снять выделение в фильтре ДЗО' is clicked on

03-12-2024T04:27:36 - [MESSAGE][PASSED] - Object: 'Object Repository/Факторный анализ/Снять выделение в фильтре ДЗО' is clicked on

03-12-2024T04:27:36 - [TEST_STEP][PASSED] - scrollToElement(findTestObject("Общие объекты/Раскрыть список Россети Янтарь"), 30): Scroll to object 'Object Repository/Общие объекты/Раскрыть список Россети Янтарь' successfully

03-12-2024T04:28:06 - [MESSAGE][PASSED] - Scroll to object 'Object Repository/Общие объекты/Раскрыть список Россети Янтарь' successfully

03-12-2024T04:28:06 - [TEST_STEP][PASSED] - click(findTestObject("Общие объекты/Раскрыть список Россети Янтарь")): Object: 'Object Repository/Общие объекты/Раскрыть список Россети Янтарь' is clicked on

03-12-2024T04:28:36 - [MESSAGE][PASSED] - Object: 'Object Repository/Общие объекты/Раскрыть список Россети Янтарь' is clicked on

03-12-2024T04:28:36 - [TEST_STEP][PASSED] - click(findTestObject("Общие объекты/Раскрыть список Россети Янтарь")): Object: 'Object Repository/Общие объекты/Раскрыть список Россети Янтарь' is clicked on

03-12-2024T04:29:07 - [MESSAGE][PASSED] - Object: 'Object Repository/Общие объекты/Раскрыть список Россети Янтарь' is clicked on

03-12-2024T04:29:07 - [TEST_STEP][PASSED] - scrollToElement(findTestObject("Факторный анализ/Восточные электрические сети"), 30): Scroll to object 'Object Repository/Факторный анализ/Восточные электрические сети' successfully

03-12-2024T04:29:37 - [MESSAGE][PASSED] - Scroll to object 'Object Repository/Факторный анализ/Восточные электрические сети' successfully

03-12-2024T04:29:37 - [TEST_STEP][PASSED] - click(findTestObject("Факторный анализ/Восточные электрические сети")): Object: 'Object Repository/Факторный анализ/Восточные электрические сети' is clicked on

03-12-2024T04:30:07 - [MESSAGE][PASSED] - Object: 'Object Repository/Факторный анализ/Восточные электрические сети' is clicked on

03-12-2024T04:30:07 - [TEST_STEP][PASSED] - Script1687405718449.Change(todaysDate, typeOfData): null

03-12-2024T04:30:07 - [TEST_STEP][PASSED] - scrollToElement(findTestObject("Факторный анализ/Заголовок дашборда"), 30): Scroll to object 'Object Repository/Факторный анализ/Заголовок дашборда' successfully

03-12-2024T04:30:37 - [MESSAGE][PASSED] - Scroll to object 'Object Repository/Факторный анализ/Заголовок дашборда' successfully

03-12-2024T04:30:37 - [TEST_STEP][PASSED] - click(findTestObject("Факторный анализ/Применить в фильтре ДЗО")): Object: 'Object Repository/Факторный анализ/Применить в фильтре ДЗО' is clicked on

03-12-2024T04:31:07 - [MESSAGE][PASSED] - Object: 'Object Repository/Факторный анализ/Применить в фильтре ДЗО' is clicked on

03-12-2024T04:31:07 - [TEST_STEP][PASSED] - typeOfData = "Филиал": null

03-12-2024T04:31:07 - [TEST_STEP][PASSED] - Script1687405718449.Test(todaysDate, typeOfData): null

03-12-2024T04:31:07 - [TEST_STEP][FAILED] - if (verifyTextNotPresent("нет данных", false) == true): Text 'нет данных' is present on page  (Root cause: com.kms.katalon.core.exception.StepFailedException: Text 'нет данных' is present on page 
	at com.kms.katalon.core.webui.keyword.internal.WebUIKeywordMain.stepFailed(WebUIKeywordMain.groovy:64)
	at com.kms.katalon.core.webui.keyword.builtin.VerifyTextNotPresentKeyword$_verifyTextNotPresent_closure1.doCall(VerifyTextNotPresentKeyword.groovy:77)
	at com.kms.katalon.core.webui.keyword.builtin.VerifyTextNotPresentKeyword$_verifyTextNotPresent_closure1.call(VerifyTextNotPresentKeyword.groovy)
	at com.kms.katalon.core.webui.keyword.internal.WebUIKeywordMain.runKeyword(WebUIKeywordMain.groovy:20)
	at com.kms.katalon.core.webui.keyword.builtin.VerifyTextNotPresentKeyword.verifyTextNotPresent(VerifyTextNotPresentKeyword.groovy:82)
	at com.kms.katalon.core.webui.keyword.builtin.VerifyTextNotPresentKeyword.execute(VerifyTextNotPresentKeyword.groovy:68)
	at com.kms.katalon.core.keyword.internal.KeywordExecutor.executeKeywordForPlatform(KeywordExecutor.groovy:74)
	at com.kms.katalon.core.webui.keyword.WebUiBuiltInKeywords.verifyTextNotPresent(WebUiBuiltInKeywords.groovy:1795)
	at Факторный анализ отображение данных все филиалы.Test(Факторный анализ отображение данных все филиалы:797)
	at Факторный анализ отображение данных все филиалы.Change(Факторный анализ отображение данных все филиалы:779)
	at Факторный анализ отображение данных все филиалы.run(Факторный анализ отображение данных все филиалы:746)
	at com.kms.katalon.core.main.ScriptEngine.run(ScriptEngine.java:194)
	at com.kms.katalon.core.main.ScriptEngine.runScriptAsRawText(ScriptEngine.java:119)
	at com.kms.katalon.core.main.TestCaseExecutor.runScript(TestCaseExecutor.java:448)
	at com.kms.katalon.core.main.TestCaseExecutor.doExecute(TestCaseExecutor.java:439)
	at com.kms.katalon.core.main.TestCaseExecutor.processExecutionPhase(TestCaseExecutor.java:418)
	at com.kms.katalon.core.main.TestCaseExecutor.accessMainPhase(TestCaseExecutor.java:410)
	at com.kms.katalon.core.main.TestCaseExecutor.execute(TestCaseExecutor.java:285)
	at com.kms.katalon.core.common.CommonExecutor.accessTestCaseMainPhase(CommonExecutor.java:65)
	at com.kms.katalon.core.main.TestSuiteExecutor.accessTestSuiteMainPhase(TestSuiteExecutor.java:150)
	at com.kms.katalon.core.main.TestSuiteExecutor.execute(TestSuiteExecutor.java:106)
	at com.kms.katalon.core.main.TestCaseMain.startTestSuite(TestCaseMain.java:180)
	at TempTestSuite1733182698305.run(TempTestSuite1733182698305.groovy:35)
	at java.base/jdk.internal.reflect.NativeMethodAccessorImpl.invoke0(Native Method)
	at java.base/jdk.internal.reflect.NativeMethodAccessorImpl.invoke(NativeMethodAccessorImpl.java:77)
	at java.base/jdk.internal.reflect.DelegatingMethodAccessorImpl.invoke(DelegatingMethodAccessorImpl.java:43)
)

03-12-2024T04:31:37 - [MESSAGE][FAILED] - Text 'нет данных' is present on page  (Root cause: com.kms.katalon.core.exception.StepFailedException: Text 'нет данных' is present on page 
	at com.kms.katalon.core.webui.keyword.internal.WebUIKeywordMain.stepFailed(WebUIKeywordMain.groovy:64)
	at com.kms.katalon.core.webui.keyword.builtin.VerifyTextNotPresentKeyword$_verifyTextNotPresent_closure1.doCall(VerifyTextNotPresentKeyword.groovy:77)
	at com.kms.katalon.core.webui.keyword.builtin.VerifyTextNotPresentKeyword$_verifyTextNotPresent_closure1.call(VerifyTextNotPresentKeyword.groovy)
	at com.kms.katalon.core.webui.keyword.internal.WebUIKeywordMain.runKeyword(WebUIKeywordMain.groovy:20)
	at com.kms.katalon.core.webui.keyword.builtin.VerifyTextNotPresentKeyword.verifyTextNotPresent(VerifyTextNotPresentKeyword.groovy:82)
	at com.kms.katalon.core.webui.keyword.builtin.VerifyTextNotPresentKeyword.execute(VerifyTextNotPresentKeyword.groovy:68)
	at com.kms.katalon.core.keyword.internal.KeywordExecutor.executeKeywordForPlatform(KeywordExecutor.groovy:74)
	at com.kms.katalon.core.webui.keyword.WebUiBuiltInKeywords.verifyTextNotPresent(WebUiBuiltInKeywords.groovy:1795)
	at Факторный анализ отображение данных все филиалы.Test(Факторный анализ отображение данных все филиалы:797)
	at Факторный анализ отображение данных все филиалы.Change(Факторный анализ отображение данных все филиалы:779)
	at Факторный анализ отображение данных все филиалы.run(Факторный анализ отображение данных все филиалы:746)
	at com.kms.katalon.core.main.ScriptEngine.run(ScriptEngine.java:194)
	at com.kms.katalon.core.main.ScriptEngine.runScriptAsRawText(ScriptEngine.java:119)
	at com.kms.katalon.core.main.TestCaseExecutor.runScript(TestCaseExecutor.java:448)
	at com.kms.katalon.core.main.TestCaseExecutor.doExecute(TestCaseExecutor.java:439)
	at com.kms.katalon.core.main.TestCaseExecutor.processExecutionPhase(TestCaseExecutor.java:418)
	at com.kms.katalon.core.main.TestCaseExecutor.accessMainPhase(TestCaseExecutor.java:410)
	at com.kms.katalon.core.main.TestCaseExecutor.execute(TestCaseExecutor.java:285)
	at com.kms.katalon.core.common.CommonExecutor.accessTestCaseMainPhase(CommonExecutor.java:65)
	at com.kms.katalon.core.main.TestSuiteExecutor.accessTestSuiteMainPhase(TestSuiteExecutor.java:150)
	at com.kms.katalon.core.main.TestSuiteExecutor.execute(TestSuiteExecutor.java:106)
	at com.kms.katalon.core.main.TestCaseMain.startTestSuite(TestCaseMain.java:180)
	at TempTestSuite1733182698305.run(TempTestSuite1733182698305.groovy:35)
	at java.base/jdk.internal.reflect.NativeMethodAccessorImpl.invoke0(Native Method)
	at java.base/jdk.internal.reflect.NativeMethodAccessorImpl.invoke(NativeMethodAccessorImpl.java:77)
	at java.base/jdk.internal.reflect.DelegatingMethodAccessorImpl.invoke(DelegatingMethodAccessorImpl.java:43)
)

03-12-2024T04:31:37 - [TEST_STEP][PASSED] - else: null

03-12-2024T04:31:37 - [TEST_STEP][PASSED] - Script1687405718449.WriteToExcel(todaysDate, typeOfData): null

03-12-2024T04:31:37 - [TEST_STEP][PASSED] - sheetName = "Sheet1": null

03-12-2024T04:31:37 - [TEST_STEP][PASSED] - data = findTestData("PlanFact"): null

03-12-2024T04:31:37 - [TEST_STEP][PASSED] - n = data.getRowNumbers() + 1: null

03-12-2024T04:31:37 - [TEST_STEP][PASSED] - dZO = getText(findTestObject("Факторный анализ/Фильтр ДЗО")): Text of object 'Object Repository/Факторный анализ/Фильтр ДЗО' is: 'ПАО Россети - РаспредКомплекс - Россети Янтарь - Восточные электрические сети'

03-12-2024T04:32:07 - [MESSAGE][PASSED] - Text of object 'Object Repository/Факторный анализ/Фильтр ДЗО' is: 'ПАО Россети - РаспредКомплекс - Россети Янтарь - Восточные электрические сети'

03-12-2024T04:32:07 - [TEST_STEP][PASSED] - period = getText(findTestObject("Факторный анализ/Фильтр Период")): Text of object 'Object Repository/Факторный анализ/Фильтр Период' is: '1, 2, 3 кв., Октябрь 2024 года'

03-12-2024T04:32:37 - [MESSAGE][PASSED] - Text of object 'Object Repository/Факторный анализ/Фильтр Период' is: '1, 2, 3 кв., Октябрь 2024 года'

03-12-2024T04:32:37 - [TEST_STEP][PASSED] - println(period): null

03-12-2024T04:32:37 - [TEST_STEP][PASSED] - dashboardName = "Факторный анализ": null

03-12-2024T04:32:37 - [TEST_STEP][PASSED] - workbook01 = getWorkbook(excelFilePath): null

03-12-2024T04:32:38 - [TEST_STEP][PASSED] - sheet01 = getExcelSheet(workbook01, sheetName): null

03-12-2024T04:32:38 - [TEST_STEP][PASSED] - setValueToCellByIndex(sheet01, n, 0, dashboardName): null

03-12-2024T04:32:38 - [TEST_STEP][PASSED] - setValueToCellByIndex(sheet01, n, 1, dZO): null

03-12-2024T04:32:38 - [TEST_STEP][PASSED] - setValueToCellByIndex(sheet01, n, 2, period): null

03-12-2024T04:32:38 - [TEST_STEP][PASSED] - setValueToCellByIndex(sheet01, n, 3, typeOfData): null

03-12-2024T04:32:38 - [TEST_STEP][PASSED] - setValueToCellByIndex(sheet01, n, 4, todaysDate): null

03-12-2024T04:32:38 - [TEST_STEP][PASSED] - n = n + 1: null

03-12-2024T04:32:38 - [TEST_STEP][PASSED] - saveWorkbook(excelFilePath, workbook01): null

03-12-2024T04:32:38 - [TEST_STEP][PASSED] - click(findTestObject("Факторный анализ/Переключить отображение с филиала на месяц")): Object: 'Object Repository/Факторный анализ/Переключить отображение с филиала на месяц' is clicked on

03-12-2024T04:33:08 - [MESSAGE][PASSED] - Object: 'Object Repository/Факторный анализ/Переключить отображение с филиала на месяц' is clicked on

03-12-2024T04:33:08 - [TEST_STEP][PASSED] - typeOfData = "Месяц": null

03-12-2024T04:33:08 - [TEST_STEP][PASSED] - Script1687405718449.Test(todaysDate, typeOfData): null

03-12-2024T04:33:08 - [TEST_STEP][FAILED] - if (verifyTextNotPresent("нет данных", false) == true): Text 'нет данных' is present on page  (Root cause: com.kms.katalon.core.exception.StepFailedException: Text 'нет данных' is present on page 
	at com.kms.katalon.core.webui.keyword.internal.WebUIKeywordMain.stepFailed(WebUIKeywordMain.groovy:64)
	at com.kms.katalon.core.webui.keyword.builtin.VerifyTextNotPresentKeyword$_verifyTextNotPresent_closure1.doCall(VerifyTextNotPresentKeyword.groovy:77)
	at com.kms.katalon.core.webui.keyword.builtin.VerifyTextNotPresentKeyword$_verifyTextNotPresent_closure1.call(VerifyTextNotPresentKeyword.groovy)
	at com.kms.katalon.core.webui.keyword.internal.WebUIKeywordMain.runKeyword(WebUIKeywordMain.groovy:20)
	at com.kms.katalon.core.webui.keyword.builtin.VerifyTextNotPresentKeyword.verifyTextNotPresent(VerifyTextNotPresentKeyword.groovy:82)
	at com.kms.katalon.core.webui.keyword.builtin.VerifyTextNotPresentKeyword.execute(VerifyTextNotPresentKeyword.groovy:68)
	at com.kms.katalon.core.keyword.internal.KeywordExecutor.executeKeywordForPlatform(KeywordExecutor.groovy:74)
	at com.kms.katalon.core.webui.keyword.WebUiBuiltInKeywords.verifyTextNotPresent(WebUiBuiltInKeywords.groovy:1795)
	at Факторный анализ отображение данных все филиалы.Test(Факторный анализ отображение данных все филиалы:797)
	at Факторный анализ отображение данных все филиалы.Change(Факторный анализ отображение данных все филиалы:785)
	at Факторный анализ отображение данных все филиалы.run(Факторный анализ отображение данных все филиалы:746)
	at com.kms.katalon.core.main.ScriptEngine.run(ScriptEngine.java:194)
	at com.kms.katalon.core.main.ScriptEngine.runScriptAsRawText(ScriptEngine.java:119)
	at com.kms.katalon.core.main.TestCaseExecutor.runScript(TestCaseExecutor.java:448)
	at com.kms.katalon.core.main.TestCaseExecutor.doExecute(TestCaseExecutor.java:439)
	at com.kms.katalon.core.main.TestCaseExecutor.processExecutionPhase(TestCaseExecutor.java:418)
	at com.kms.katalon.core.main.TestCaseExecutor.accessMainPhase(TestCaseExecutor.java:410)
	at com.kms.katalon.core.main.TestCaseExecutor.execute(TestCaseExecutor.java:285)
	at com.kms.katalon.core.common.CommonExecutor.accessTestCaseMainPhase(CommonExecutor.java:65)
	at com.kms.katalon.core.main.TestSuiteExecutor.accessTestSuiteMainPhase(TestSuiteExecutor.java:150)
	at com.kms.katalon.core.main.TestSuiteExecutor.execute(TestSuiteExecutor.java:106)
	at com.kms.katalon.core.main.TestCaseMain.startTestSuite(TestCaseMain.java:180)
	at TempTestSuite1733182698305.run(TempTestSuite1733182698305.groovy:35)
	at java.base/jdk.internal.reflect.NativeMethodAccessorImpl.invoke0(Native Method)
	at java.base/jdk.internal.reflect.NativeMethodAccessorImpl.invoke(NativeMethodAccessorImpl.java:77)
	at java.base/jdk.internal.reflect.DelegatingMethodAccessorImpl.invoke(DelegatingMethodAccessorImpl.java:43)
)

03-12-2024T04:33:38 - [MESSAGE][FAILED] - Text 'нет данных' is present on page  (Root cause: com.kms.katalon.core.exception.StepFailedException: Text 'нет данных' is present on page 
	at com.kms.katalon.core.webui.keyword.internal.WebUIKeywordMain.stepFailed(WebUIKeywordMain.groovy:64)
	at com.kms.katalon.core.webui.keyword.builtin.VerifyTextNotPresentKeyword$_verifyTextNotPresent_closure1.doCall(VerifyTextNotPresentKeyword.groovy:77)
	at com.kms.katalon.core.webui.keyword.builtin.VerifyTextNotPresentKeyword$_verifyTextNotPresent_closure1.call(VerifyTextNotPresentKeyword.groovy)
	at com.kms.katalon.core.webui.keyword.internal.WebUIKeywordMain.runKeyword(WebUIKeywordMain.groovy:20)
	at com.kms.katalon.core.webui.keyword.builtin.VerifyTextNotPresentKeyword.verifyTextNotPresent(VerifyTextNotPresentKeyword.groovy:82)
	at com.kms.katalon.core.webui.keyword.builtin.VerifyTextNotPresentKeyword.execute(VerifyTextNotPresentKeyword.groovy:68)
	at com.kms.katalon.core.keyword.internal.KeywordExecutor.executeKeywordForPlatform(KeywordExecutor.groovy:74)
	at com.kms.katalon.core.webui.keyword.WebUiBuiltInKeywords.verifyTextNotPresent(WebUiBuiltInKeywords.groovy:1795)
	at Факторный анализ отображение данных все филиалы.Test(Факторный анализ отображение данных все филиалы:797)
	at Факторный анализ отображение данных все филиалы.Change(Факторный анализ отображение данных все филиалы:785)
	at Факторный анализ отображение данных все филиалы.run(Факторный анализ отображение данных все филиалы:746)
	at com.kms.katalon.core.main.ScriptEngine.run(ScriptEngine.java:194)
	at com.kms.katalon.core.main.ScriptEngine.runScriptAsRawText(ScriptEngine.java:119)
	at com.kms.katalon.core.main.TestCaseExecutor.runScript(TestCaseExecutor.java:448)
	at com.kms.katalon.core.main.TestCaseExecutor.doExecute(TestCaseExecutor.java:439)
	at com.kms.katalon.core.main.TestCaseExecutor.processExecutionPhase(TestCaseExecutor.java:418)
	at com.kms.katalon.core.main.TestCaseExecutor.accessMainPhase(TestCaseExecutor.java:410)
	at com.kms.katalon.core.main.TestCaseExecutor.execute(TestCaseExecutor.java:285)
	at com.kms.katalon.core.common.CommonExecutor.accessTestCaseMainPhase(CommonExecutor.java:65)
	at com.kms.katalon.core.main.TestSuiteExecutor.accessTestSuiteMainPhase(TestSuiteExecutor.java:150)
	at com.kms.katalon.core.main.TestSuiteExecutor.execute(TestSuiteExecutor.java:106)
	at com.kms.katalon.core.main.TestCaseMain.startTestSuite(TestCaseMain.java:180)
	at TempTestSuite1733182698305.run(TempTestSuite1733182698305.groovy:35)
	at java.base/jdk.internal.reflect.NativeMethodAccessorImpl.invoke0(Native Method)
	at java.base/jdk.internal.reflect.NativeMethodAccessorImpl.invoke(NativeMethodAccessorImpl.java:77)
	at java.base/jdk.internal.reflect.DelegatingMethodAccessorImpl.invoke(DelegatingMethodAccessorImpl.java:43)
)

03-12-2024T04:33:38 - [TEST_STEP][PASSED] - else: null

03-12-2024T04:33:38 - [TEST_STEP][PASSED] - Script1687405718449.WriteToExcel(todaysDate, typeOfData): null

03-12-2024T04:33:38 - [TEST_STEP][PASSED] - sheetName = "Sheet1": null

03-12-2024T04:33:38 - [TEST_STEP][PASSED] - data = findTestData("PlanFact"): null

03-12-2024T04:33:38 - [TEST_STEP][PASSED] - n = data.getRowNumbers() + 1: null

03-12-2024T04:33:38 - [TEST_STEP][PASSED] - dZO = getText(findTestObject("Факторный анализ/Фильтр ДЗО")): Text of object 'Object Repository/Факторный анализ/Фильтр ДЗО' is: 'ПАО Россети - РаспредКомплекс - Россети Янтарь - Восточные электрические сети'

03-12-2024T04:34:08 - [MESSAGE][PASSED] - Text of object 'Object Repository/Факторный анализ/Фильтр ДЗО' is: 'ПАО Россети - РаспредКомплекс - Россети Янтарь - Восточные электрические сети'

03-12-2024T04:34:08 - [TEST_STEP][PASSED] - period = getText(findTestObject("Факторный анализ/Фильтр Период")): Text of object 'Object Repository/Факторный анализ/Фильтр Период' is: '1, 2, 3 кв., Октябрь 2024 года'

03-12-2024T04:34:38 - [MESSAGE][PASSED] - Text of object 'Object Repository/Факторный анализ/Фильтр Период' is: '1, 2, 3 кв., Октябрь 2024 года'

03-12-2024T04:34:38 - [TEST_STEP][PASSED] - println(period): null

03-12-2024T04:34:38 - [TEST_STEP][PASSED] - dashboardName = "Факторный анализ": null

03-12-2024T04:34:38 - [TEST_STEP][PASSED] - workbook01 = getWorkbook(excelFilePath): null

03-12-2024T04:34:38 - [TEST_STEP][PASSED] - sheet01 = getExcelSheet(workbook01, sheetName): null

03-12-2024T04:34:38 - [TEST_STEP][PASSED] - setValueToCellByIndex(sheet01, n, 0, dashboardName): null

03-12-2024T04:34:38 - [TEST_STEP][PASSED] - setValueToCellByIndex(sheet01, n, 1, dZO): null

03-12-2024T04:34:38 - [TEST_STEP][PASSED] - setValueToCellByIndex(sheet01, n, 2, period): null

03-12-2024T04:34:38 - [TEST_STEP][PASSED] - setValueToCellByIndex(sheet01, n, 3, typeOfData): null

03-12-2024T04:34:38 - [TEST_STEP][PASSED] - setValueToCellByIndex(sheet01, n, 4, todaysDate): null

03-12-2024T04:34:38 - [TEST_STEP][PASSED] - n = n + 1: null

03-12-2024T04:34:38 - [TEST_STEP][PASSED] - saveWorkbook(excelFilePath, workbook01): null

03-12-2024T04:34:39 - [TEST_STEP][PASSED] - click(findTestObject("Факторный анализ/Переключить отображение с месяца на филиал")): Object: 'Object Repository/Факторный анализ/Переключить отображение с месяца на филиал' is clicked on

03-12-2024T04:35:09 - [MESSAGE][PASSED] - Object: 'Object Repository/Факторный анализ/Переключить отображение с месяца на филиал' is clicked on

03-12-2024T04:35:09 - [TEST_STEP][PASSED] - click(findTestObject("Факторный анализ/Фильтр ДЗО")): Object: 'Object Repository/Факторный анализ/Фильтр ДЗО' is clicked on

03-12-2024T04:35:16 - [MESSAGE][PASSED] - Object: 'Object Repository/Факторный анализ/Фильтр ДЗО' is clicked on

03-12-2024T04:35:16 - [TEST_STEP][PASSED] - click(findTestObject("Факторный анализ/Снять выделение в фильтре ДЗО")): Object: 'Object Repository/Факторный анализ/Снять выделение в фильтре ДЗО' is clicked on

03-12-2024T04:35:16 - [MESSAGE][PASSED] - Object: 'Object Repository/Факторный анализ/Снять выделение в фильтре ДЗО' is clicked on

03-12-2024T04:35:16 - [TEST_STEP][PASSED] - scrollToElement(findTestObject("Факторный анализ/Россети Янтарь нижний уровень"), 30): Scroll to object 'Object Repository/Факторный анализ/Россети Янтарь нижний уровень' successfully

03-12-2024T04:35:16 - [MESSAGE][PASSED] - Scroll to object 'Object Repository/Факторный анализ/Россети Янтарь нижний уровень' successfully

03-12-2024T04:35:16 - [TEST_STEP][PASSED] - click(findTestObject("Факторный анализ/Россети Янтарь нижний уровень")): Object: 'Object Repository/Факторный анализ/Россети Янтарь нижний уровень' is clicked on

03-12-2024T04:35:17 - [MESSAGE][PASSED] - Object: 'Object Repository/Факторный анализ/Россети Янтарь нижний уровень' is clicked on

03-12-2024T04:35:17 - [TEST_STEP][PASSED] - scrollToElement(findTestObject("Факторный анализ/Заголовок дашборда"), 30): Scroll to object 'Object Repository/Факторный анализ/Заголовок дашборда' successfully

03-12-2024T04:35:17 - [MESSAGE][PASSED] - Scroll to object 'Object Repository/Факторный анализ/Заголовок дашборда' successfully

03-12-2024T04:35:17 - [TEST_STEP][PASSED] - click(findTestObject("Факторный анализ/Применить в фильтре ДЗО")): Object: 'Object Repository/Факторный анализ/Применить в фильтре ДЗО' is clicked on

03-12-2024T04:35:18 - [MESSAGE][PASSED] - Object: 'Object Repository/Факторный анализ/Применить в фильтре ДЗО' is clicked on

03-12-2024T04:35:18 - [TEST_STEP][PASSED] - typeOfData = "Филиал": null

03-12-2024T04:35:18 - [TEST_STEP][PASSED] - Script1687405718449.Test(todaysDate, typeOfData): null

03-12-2024T04:35:18 - [TEST_STEP][PASSED] - if (verifyTextNotPresent("нет данных", false) == true): null

03-12-2024T04:35:21 - [MESSAGE][PASSED] - Text 'нет данных' is not present on page

03-12-2024T04:35:21 - [TEST_STEP][PASSED] - if (verifyTextNotPresent("Ошибка запроса данных", false) == true): null

03-12-2024T04:35:22 - [MESSAGE][PASSED] - Text 'Ошибка запроса данных' is not present on page

03-12-2024T04:35:22 - [TEST_STEP][PASSED] - if (verifyTextNotPresent("Произошла ошибка при выполнении пользовательского кода", false) == true): null

03-12-2024T04:35:23 - [MESSAGE][PASSED] - Text 'Произошла ошибка при выполнении пользовательского кода' is not present on page

03-12-2024T04:35:23 - [TEST_STEP][PASSED] - if (verifyTextNotPresent("У виджета нет данных", false) == true): null

03-12-2024T04:35:23 - [MESSAGE][PASSED] - Text 'У виджета нет данных' is not present on page

03-12-2024T04:35:23 - [TEST_STEP][PASSED] - if (verifyTextNotPresent("У виджета нет данных", false) == true): Text 'У виджета нет данных' is not present on page

03-12-2024T04:35:24 - [MESSAGE][PASSED] - Text 'У виджета нет данных' is not present on page

03-12-2024T04:35:24 - [TEST_STEP][PASSED] - click(findTestObject("Факторный анализ/Переключить отображение с филиала на месяц")): Object: 'Object Repository/Факторный анализ/Переключить отображение с филиала на месяц' is clicked on

03-12-2024T04:35:24 - [MESSAGE][PASSED] - Object: 'Object Repository/Факторный анализ/Переключить отображение с филиала на месяц' is clicked on

03-12-2024T04:35:24 - [TEST_STEP][PASSED] - typeOfData = "Месяц": null

03-12-2024T04:35:24 - [TEST_STEP][PASSED] - Script1687405718449.Test(todaysDate, typeOfData): null

03-12-2024T04:35:24 - [TEST_STEP][PASSED] - if (verifyTextNotPresent("нет данных", false) == true): null

03-12-2024T04:35:24 - [MESSAGE][PASSED] - Text 'нет данных' is not present on page

03-12-2024T04:35:24 - [TEST_STEP][PASSED] - if (verifyTextNotPresent("Ошибка запроса данных", false) == true): null

03-12-2024T04:35:25 - [MESSAGE][PASSED] - Text 'Ошибка запроса данных' is not present on page

03-12-2024T04:35:25 - [TEST_STEP][PASSED] - if (verifyTextNotPresent("Произошла ошибка при выполнении пользовательского кода", false) == true): null

03-12-2024T04:35:25 - [MESSAGE][PASSED] - Text 'Произошла ошибка при выполнении пользовательского кода' is not present on page

03-12-2024T04:35:25 - [TEST_STEP][PASSED] - if (verifyTextNotPresent("У виджета нет данных", false) == true): null

03-12-2024T04:35:26 - [MESSAGE][PASSED] - Text 'У виджета нет данных' is not present on page

03-12-2024T04:35:26 - [TEST_STEP][PASSED] - if (verifyTextNotPresent("У виджета нет данных", false) == true): Text 'У виджета нет данных' is not present on page

03-12-2024T04:35:26 - [MESSAGE][PASSED] - Text 'У виджета нет данных' is not present on page

03-12-2024T04:35:26 - [TEST_STEP][PASSED] - closeBrowser(): Browser is closed

03-12-2024T04:35:27 - [MESSAGE][PASSED] - Browser is closed]]></system-out>
         <system-err><![CDATA[03-12-2024T03:19:29 - [TEST_CASE][FAILED] - Test Cases/Факторный анализ/Факторный анализ отображение данных все филиалы: Test Cases/Факторный анализ/Факторный анализ отображение данных все филиалы FAILED.
Reason:
com.kms.katalon.core.exception.StepFailedException: Text 'нет данных' is present on page  (Root cause: com.kms.katalon.core.exception.StepFailedException: Text 'нет данных' is present on page 
	at com.kms.katalon.core.webui.keyword.internal.WebUIKeywordMain.stepFailed(WebUIKeywordMain.groovy:64)
	at com.kms.katalon.core.webui.keyword.builtin.VerifyTextNotPresentKeyword$_verifyTextNotPresent_closure1.doCall(VerifyTextNotPresentKeyword.groovy:77)
	at com.kms.katalon.core.webui.keyword.builtin.VerifyTextNotPresentKeyword$_verifyTextNotPresent_closure1.call(VerifyTextNotPresentKeyword.groovy)
	at com.kms.katalon.core.webui.keyword.internal.WebUIKeywordMain.runKeyword(WebUIKeywordMain.groovy:20)
	at com.kms.katalon.core.webui.keyword.builtin.VerifyTextNotPresentKeyword.verifyTextNotPresent(VerifyTextNotPresentKeyword.groovy:82)
	at com.kms.katalon.core.webui.keyword.builtin.VerifyTextNotPresentKeyword.execute(VerifyTextNotPresentKeyword.groovy:68)
	at com.kms.katalon.core.keyword.internal.KeywordExecutor.executeKeywordForPlatform(KeywordExecutor.groovy:74)
	at com.kms.katalon.core.webui.keyword.WebUiBuiltInKeywords.verifyTextNotPresent(WebUiBuiltInKeywords.groovy:1795)
	at Факторный анализ отображение данных все филиалы.Test(Факторный анализ отображение данных все филиалы:797)
	at Факторный анализ отображение данных все филиалы.Change(Факторный анализ отображение данных все филиалы:779)
	at Факторный анализ отображение данных все филиалы.run(Факторный анализ отображение данных все филиалы:746)
	at com.kms.katalon.core.main.ScriptEngine.run(ScriptEngine.java:194)
	at com.kms.katalon.core.main.ScriptEngine.runScriptAsRawText(ScriptEngine.java:119)
	at com.kms.katalon.core.main.TestCaseExecutor.runScript(TestCaseExecutor.java:448)
	at com.kms.katalon.core.main.TestCaseExecutor.doExecute(TestCaseExecutor.java:439)
	at com.kms.katalon.core.main.TestCaseExecutor.processExecutionPhase(TestCaseExecutor.java:418)
	at com.kms.katalon.core.main.TestCaseExecutor.accessMainPhase(TestCaseExecutor.java:410)
	at com.kms.katalon.core.main.TestCaseExecutor.execute(TestCaseExecutor.java:285)
	at com.kms.katalon.core.common.CommonExecutor.accessTestCaseMainPhase(CommonExecutor.java:65)
	at com.kms.katalon.core.main.TestSuiteExecutor.accessTestSuiteMainPhase(TestSuiteExecutor.java:150)
	at com.kms.katalon.core.main.TestSuiteExecutor.execute(TestSuiteExecutor.java:106)
	at com.kms.katalon.core.main.TestCaseMain.startTestSuite(TestCaseMain.java:180)
	at TempTestSuite1733182698305.run(TempTestSuite1733182698305.groovy:35)
	at java.base/jdk.internal.reflect.NativeMethodAccessorImpl.invoke0(Native Method)
	at java.base/jdk.internal.reflect.NativeMethodAccessorImpl.invoke(NativeMethodAccessorImpl.java:77)
	at java.base/jdk.internal.reflect.DelegatingMethodAccessorImpl.invoke(DelegatingMethodAccessorImpl.java:43)
)
	at com.kms.katalon.core.keyword.internal.KeywordMain.stepFailed(KeywordMain.groovy:39)
	at com.kms.katalon.core.webui.keyword.internal.WebUIKeywordMain.stepFailed(WebUIKeywordMain.groovy:64)
	at com.kms.katalon.core.webui.keyword.builtin.VerifyTextNotPresentKeyword$_verifyTextNotPresent_closure1.doCall(VerifyTextNotPresentKeyword.groovy:77)
	at com.kms.katalon.core.webui.keyword.builtin.VerifyTextNotPresentKeyword$_verifyTextNotPresent_closure1.call(VerifyTextNotPresentKeyword.groovy)
	at com.kms.katalon.core.webui.keyword.internal.WebUIKeywordMain.runKeyword(WebUIKeywordMain.groovy:20)
	at com.kms.katalon.core.webui.keyword.builtin.VerifyTextNotPresentKeyword.verifyTextNotPresent(VerifyTextNotPresentKeyword.groovy:82)
	at com.kms.katalon.core.webui.keyword.builtin.VerifyTextNotPresentKeyword.execute(VerifyTextNotPresentKeyword.groovy:68)
	at com.kms.katalon.core.keyword.internal.KeywordExecutor.executeKeywordForPlatform(KeywordExecutor.groovy:74)
	at com.kms.katalon.core.webui.keyword.WebUiBuiltInKeywords.verifyTextNotPresent(WebUiBuiltInKeywords.groovy:1795)
	at Факторный анализ отображение данных все филиалы.Test(Факторный анализ отображение данных все филиалы:797)
	at Факторный анализ отображение данных все филиалы.Change(Факторный анализ отображение данных все филиалы:779)
	at Факторный анализ отображение данных все филиалы.run(Факторный анализ отображение данных все филиалы:746)
	at com.kms.katalon.core.main.ScriptEngine.run(ScriptEngine.java:194)
	at com.kms.katalon.core.main.ScriptEngine.runScriptAsRawText(ScriptEngine.java:119)
	at com.kms.katalon.core.main.TestCaseExecutor.runScript(TestCaseExecutor.java:448)
	at com.kms.katalon.core.main.TestCaseExecutor.doExecute(TestCaseExecutor.java:439)
	at com.kms.katalon.core.main.TestCaseExecutor.processExecutionPhase(TestCaseExecutor.java:418)
	at com.kms.katalon.core.main.TestCaseExecutor.accessMainPhase(TestCaseExecutor.java:410)
	at com.kms.katalon.core.main.TestCaseExecutor.execute(TestCaseExecutor.java:285)
	at com.kms.katalon.core.common.CommonExecutor.accessTestCaseMainPhase(CommonExecutor.java:65)
	at com.kms.katalon.core.main.TestSuiteExecutor.accessTestSuiteMainPhase(TestSuiteExecutor.java:150)
	at com.kms.katalon.core.main.TestSuiteExecutor.execute(TestSuiteExecutor.java:106)
	at com.kms.katalon.core.main.TestCaseMain.startTestSuite(TestCaseMain.java:180)
	at TempTestSuite1733182698305.run(TempTestSuite1733182698305.groovy:35)
	at java.base/jdk.internal.reflect.NativeMethodAccessorImpl.invoke0(Native Method)
	at java.base/jdk.internal.reflect.NativeMethodAccessorImpl.invoke(NativeMethodAccessorImpl.java:77)
	at java.base/jdk.internal.reflect.DelegatingMethodAccessorImpl.invoke(DelegatingMethodAccessorImpl.java:43)
Caused by: com.kms.katalon.core.exception.StepFailedException: Text 'нет данных' is present on page 
	... 26 more]]></system-err>
      </testcase>
      <system-out><![CDATA[03-12-2024T02:38:23 - [TEST_SUITE][FAILED] - Отображение данных: Test Cases/Выручка по ДЗО/Выручка по ДЗО отображение данных все филиалы FAILED.
Reason:
com.kms.katalon.core.exception.StepFailedException: Text 'нет данных' is present on page  (Root cause: com.kms.katalon.core.exception.StepFailedException: Text 'нет данных' is present on page 
	at com.kms.katalon.core.webui.keyword.internal.WebUIKeywordMain.stepFailed(WebUIKeywordMain.groovy:64)
	at com.kms.katalon.core.webui.keyword.builtin.VerifyTextNotPresentKeyword$_verifyTextNotPresent_closure1.doCall(VerifyTextNotPresentKeyword.groovy:77)
	at com.kms.katalon.core.webui.keyword.builtin.VerifyTextNotPresentKeyword$_verifyTextNotPresent_closure1.call(VerifyTextNotPresentKeyword.groovy)
	at com.kms.katalon.core.webui.keyword.internal.WebUIKeywordMain.runKeyword(WebUIKeywordMain.groovy:20)
	at com.kms.katalon.core.webui.keyword.builtin.VerifyTextNotPresentKeyword.verifyTextNotPresent(VerifyTextNotPresentKeyword.groovy:82)
	at com.kms.katalon.core.webui.keyword.builtin.VerifyTextNotPresentKeyword.execute(VerifyTextNotPresentKeyword.groovy:68)
	at com.kms.katalon.core.keyword.internal.KeywordExecutor.executeKeywordForPlatform(KeywordExecutor.groovy:74)
	at com.kms.katalon.core.webui.keyword.WebUiBuiltInKeywords.verifyTextNotPresent(WebUiBuiltInKeywords.groovy:1795)
	at Выручка по ДЗО отображение данных все филиалы.Test(Выручка по ДЗО отображение данных все филиалы:782)
	at Выручка по ДЗО отображение данных все филиалы.Tumbler(Выручка по ДЗО отображение данных все филиалы:738)
	at Выручка по ДЗО отображение данных все филиалы.Change(Выручка по ДЗО отображение данных все филиалы:772)
	at Выручка по ДЗО отображение данных все филиалы.DzoTest(Выручка по ДЗО отображение данных все филиалы:156)
	at Выручка по ДЗО отображение данных все филиалы.run(Выручка по ДЗО отображение данных все филиалы:134)
	at com.kms.katalon.core.main.ScriptEngine.run(ScriptEngine.java:194)
	at com.kms.katalon.core.main.ScriptEngine.runScriptAsRawText(ScriptEngine.java:119)
	at com.kms.katalon.core.main.TestCaseExecutor.runScript(TestCaseExecutor.java:448)
	at com.kms.katalon.core.main.TestCaseExecutor.doExecute(TestCaseExecutor.java:439)
	at com.kms.katalon.core.main.TestCaseExecutor.processExecutionPhase(TestCaseExecutor.java:418)
	at com.kms.katalon.core.main.TestCaseExecutor.accessMainPhase(TestCaseExecutor.java:410)
	at com.kms.katalon.core.main.TestCaseExecutor.execute(TestCaseExecutor.java:285)
	at com.kms.katalon.core.common.CommonExecutor.accessTestCaseMainPhase(CommonExecutor.java:65)
	at com.kms.katalon.core.main.TestSuiteExecutor.accessTestSuiteMainPhase(TestSuiteExecutor.java:150)
	at com.kms.katalon.core.main.TestSuiteExecutor.execute(TestSuiteExecutor.java:106)
	at com.kms.katalon.core.main.TestCaseMain.startTestSuite(TestCaseMain.java:180)
	at TempTestSuite1733182698305.run(TempTestSuite1733182698305.groovy:35)
	at java.base/jdk.internal.reflect.NativeMethodAccessorImpl.invoke0(Native Method)
	at java.base/jdk.internal.reflect.NativeMethodAccessorImpl.invoke(NativeMethodAccessorImpl.java:77)
	at java.base/jdk.internal.reflect.DelegatingMethodAccessorImpl.invoke(DelegatingMethodAccessorImpl.java:43)
)
	at com.kms.katalon.core.keyword.internal.KeywordMain.stepFailed(KeywordMain.groovy:39)
	at com.kms.katalon.core.webui.keyword.internal.WebUIKeywordMain.stepFailed(WebUIKeywordMain.groovy:64)
	at com.kms.katalon.core.webui.keyword.builtin.VerifyTextNotPresentKeyword$_verifyTextNotPresent_closure1.doCall(VerifyTextNotPresentKeyword.groovy:77)
	at com.kms.katalon.core.webui.keyword.builtin.VerifyTextNotPresentKeyword$_verifyTextNotPresent_closure1.call(VerifyTextNotPresentKeyword.groovy)
	at com.kms.katalon.core.webui.keyword.internal.WebUIKeywordMain.runKeyword(WebUIKeywordMain.groovy:20)
	at com.kms.katalon.core.webui.keyword.builtin.VerifyTextNotPresentKeyword.verifyTextNotPresent(VerifyTextNotPresentKeyword.groovy:82)
	at com.kms.katalon.core.webui.keyword.builtin.VerifyTextNotPresentKeyword.execute(VerifyTextNotPresentKeyword.groovy:68)
	at com.kms.katalon.core.keyword.internal.KeywordExecutor.executeKeywordForPlatform(KeywordExecutor.groovy:74)
	at com.kms.katalon.core.webui.keyword.WebUiBuiltInKeywords.verifyTextNotPresent(WebUiBuiltInKeywords.groovy:1795)
	at Выручка по ДЗО отображение данных все филиалы.Test(Выручка по ДЗО отображение данных все филиалы:782)
	at Выручка по ДЗО отображение данных все филиалы.Tumbler(Выручка по ДЗО отображение данных все филиалы:738)
	at Выручка по ДЗО отображение данных все филиалы.Change(Выручка по ДЗО отображение данных все филиалы:772)
	at Выручка по ДЗО отображение данных все филиалы.DzoTest(Выручка по ДЗО отображение данных все филиалы:156)
	at Выручка по ДЗО отображение данных все филиалы.run(Выручка по ДЗО отображение данных все филиалы:134)
	at com.kms.katalon.core.main.ScriptEngine.run(ScriptEngine.java:194)
	at com.kms.katalon.core.main.ScriptEngine.runScriptAsRawText(ScriptEngine.java:119)
	at com.kms.katalon.core.main.TestCaseExecutor.runScript(TestCaseExecutor.java:448)
	at com.kms.katalon.core.main.TestCaseExecutor.doExecute(TestCaseExecutor.java:439)
	at com.kms.katalon.core.main.TestCaseExecutor.processExecutionPhase(TestCaseExecutor.java:418)
	at com.kms.katalon.core.main.TestCaseExecutor.accessMainPhase(TestCaseExecutor.java:410)
	at com.kms.katalon.core.main.TestCaseExecutor.execute(TestCaseExecutor.java:285)
	at com.kms.katalon.core.common.CommonExecutor.accessTestCaseMainPhase(CommonExecutor.java:65)
	at com.kms.katalon.core.main.TestSuiteExecutor.accessTestSuiteMainPhase(TestSuiteExecutor.java:150)
	at com.kms.katalon.core.main.TestSuiteExecutor.execute(TestSuiteExecutor.java:106)
	at com.kms.katalon.core.main.TestCaseMain.startTestSuite(TestCaseMain.java:180)
	at TempTestSuite1733182698305.run(TempTestSuite1733182698305.groovy:35)
	at java.base/jdk.internal.reflect.NativeMethodAccessorImpl.invoke0(Native Method)
	at java.base/jdk.internal.reflect.NativeMethodAccessorImpl.invoke(NativeMethodAccessorImpl.java:77)
	at java.base/jdk.internal.reflect.DelegatingMethodAccessorImpl.invoke(DelegatingMethodAccessorImpl.java:43)
Caused by: com.kms.katalon.core.exception.StepFailedException: Text 'нет данных' is present on page 
	... 28 more]]></system-out>
      <system-err><![CDATA[03-12-2024T02:38:23 - [TEST_SUITE][FAILED] - Отображение данных: Test Cases/Выручка по ДЗО/Выручка по ДЗО отображение данных все филиалы FAILED.
Reason:
com.kms.katalon.core.exception.StepFailedException: Text 'нет данных' is present on page  (Root cause: com.kms.katalon.core.exception.StepFailedException: Text 'нет данных' is present on page 
	at com.kms.katalon.core.webui.keyword.internal.WebUIKeywordMain.stepFailed(WebUIKeywordMain.groovy:64)
	at com.kms.katalon.core.webui.keyword.builtin.VerifyTextNotPresentKeyword$_verifyTextNotPresent_closure1.doCall(VerifyTextNotPresentKeyword.groovy:77)
	at com.kms.katalon.core.webui.keyword.builtin.VerifyTextNotPresentKeyword$_verifyTextNotPresent_closure1.call(VerifyTextNotPresentKeyword.groovy)
	at com.kms.katalon.core.webui.keyword.internal.WebUIKeywordMain.runKeyword(WebUIKeywordMain.groovy:20)
	at com.kms.katalon.core.webui.keyword.builtin.VerifyTextNotPresentKeyword.verifyTextNotPresent(VerifyTextNotPresentKeyword.groovy:82)
	at com.kms.katalon.core.webui.keyword.builtin.VerifyTextNotPresentKeyword.execute(VerifyTextNotPresentKeyword.groovy:68)
	at com.kms.katalon.core.keyword.internal.KeywordExecutor.executeKeywordForPlatform(KeywordExecutor.groovy:74)
	at com.kms.katalon.core.webui.keyword.WebUiBuiltInKeywords.verifyTextNotPresent(WebUiBuiltInKeywords.groovy:1795)
	at Выручка по ДЗО отображение данных все филиалы.Test(Выручка по ДЗО отображение данных все филиалы:782)
	at Выручка по ДЗО отображение данных все филиалы.Tumbler(Выручка по ДЗО отображение данных все филиалы:738)
	at Выручка по ДЗО отображение данных все филиалы.Change(Выручка по ДЗО отображение данных все филиалы:772)
	at Выручка по ДЗО отображение данных все филиалы.DzoTest(Выручка по ДЗО отображение данных все филиалы:156)
	at Выручка по ДЗО отображение данных все филиалы.run(Выручка по ДЗО отображение данных все филиалы:134)
	at com.kms.katalon.core.main.ScriptEngine.run(ScriptEngine.java:194)
	at com.kms.katalon.core.main.ScriptEngine.runScriptAsRawText(ScriptEngine.java:119)
	at com.kms.katalon.core.main.TestCaseExecutor.runScript(TestCaseExecutor.java:448)
	at com.kms.katalon.core.main.TestCaseExecutor.doExecute(TestCaseExecutor.java:439)
	at com.kms.katalon.core.main.TestCaseExecutor.processExecutionPhase(TestCaseExecutor.java:418)
	at com.kms.katalon.core.main.TestCaseExecutor.accessMainPhase(TestCaseExecutor.java:410)
	at com.kms.katalon.core.main.TestCaseExecutor.execute(TestCaseExecutor.java:285)
	at com.kms.katalon.core.common.CommonExecutor.accessTestCaseMainPhase(CommonExecutor.java:65)
	at com.kms.katalon.core.main.TestSuiteExecutor.accessTestSuiteMainPhase(TestSuiteExecutor.java:150)
	at com.kms.katalon.core.main.TestSuiteExecutor.execute(TestSuiteExecutor.java:106)
	at com.kms.katalon.core.main.TestCaseMain.startTestSuite(TestCaseMain.java:180)
	at TempTestSuite1733182698305.run(TempTestSuite1733182698305.groovy:35)
	at java.base/jdk.internal.reflect.NativeMethodAccessorImpl.invoke0(Native Method)
	at java.base/jdk.internal.reflect.NativeMethodAccessorImpl.invoke(NativeMethodAccessorImpl.java:77)
	at java.base/jdk.internal.reflect.DelegatingMethodAccessorImpl.invoke(DelegatingMethodAccessorImpl.java:43)
)
	at com.kms.katalon.core.keyword.internal.KeywordMain.stepFailed(KeywordMain.groovy:39)
	at com.kms.katalon.core.webui.keyword.internal.WebUIKeywordMain.stepFailed(WebUIKeywordMain.groovy:64)
	at com.kms.katalon.core.webui.keyword.builtin.VerifyTextNotPresentKeyword$_verifyTextNotPresent_closure1.doCall(VerifyTextNotPresentKeyword.groovy:77)
	at com.kms.katalon.core.webui.keyword.builtin.VerifyTextNotPresentKeyword$_verifyTextNotPresent_closure1.call(VerifyTextNotPresentKeyword.groovy)
	at com.kms.katalon.core.webui.keyword.internal.WebUIKeywordMain.runKeyword(WebUIKeywordMain.groovy:20)
	at com.kms.katalon.core.webui.keyword.builtin.VerifyTextNotPresentKeyword.verifyTextNotPresent(VerifyTextNotPresentKeyword.groovy:82)
	at com.kms.katalon.core.webui.keyword.builtin.VerifyTextNotPresentKeyword.execute(VerifyTextNotPresentKeyword.groovy:68)
	at com.kms.katalon.core.keyword.internal.KeywordExecutor.executeKeywordForPlatform(KeywordExecutor.groovy:74)
	at com.kms.katalon.core.webui.keyword.WebUiBuiltInKeywords.verifyTextNotPresent(WebUiBuiltInKeywords.groovy:1795)
	at Выручка по ДЗО отображение данных все филиалы.Test(Выручка по ДЗО отображение данных все филиалы:782)
	at Выручка по ДЗО отображение данных все филиалы.Tumbler(Выручка по ДЗО отображение данных все филиалы:738)
	at Выручка по ДЗО отображение данных все филиалы.Change(Выручка по ДЗО отображение данных все филиалы:772)
	at Выручка по ДЗО отображение данных все филиалы.DzoTest(Выручка по ДЗО отображение данных все филиалы:156)
	at Выручка по ДЗО отображение данных все филиалы.run(Выручка по ДЗО отображение данных все филиалы:134)
	at com.kms.katalon.core.main.ScriptEngine.run(ScriptEngine.java:194)
	at com.kms.katalon.core.main.ScriptEngine.runScriptAsRawText(ScriptEngine.java:119)
	at com.kms.katalon.core.main.TestCaseExecutor.runScript(TestCaseExecutor.java:448)
	at com.kms.katalon.core.main.TestCaseExecutor.doExecute(TestCaseExecutor.java:439)
	at com.kms.katalon.core.main.TestCaseExecutor.processExecutionPhase(TestCaseExecutor.java:418)
	at com.kms.katalon.core.main.TestCaseExecutor.accessMainPhase(TestCaseExecutor.java:410)
	at com.kms.katalon.core.main.TestCaseExecutor.execute(TestCaseExecutor.java:285)
	at com.kms.katalon.core.common.CommonExecutor.accessTestCaseMainPhase(CommonExecutor.java:65)
	at com.kms.katalon.core.main.TestSuiteExecutor.accessTestSuiteMainPhase(TestSuiteExecutor.java:150)
	at com.kms.katalon.core.main.TestSuiteExecutor.execute(TestSuiteExecutor.java:106)
	at com.kms.katalon.core.main.TestCaseMain.startTestSuite(TestCaseMain.java:180)
	at TempTestSuite1733182698305.run(TempTestSuite1733182698305.groovy:35)
	at java.base/jdk.internal.reflect.NativeMethodAccessorImpl.invoke0(Native Method)
	at java.base/jdk.internal.reflect.NativeMethodAccessorImpl.invoke(NativeMethodAccessorImpl.java:77)
	at java.base/jdk.internal.reflect.DelegatingMethodAccessorImpl.invoke(DelegatingMethodAccessorImpl.java:43)
Caused by: com.kms.katalon.core.exception.StepFailedException: Text 'нет данных' is present on page 
	... 28 more]]></system-err>
   </testsuite>
</testsuites>
