<?xml version="1.0" encoding="UTF-8"?>
<testsuites name="Сверка дашбордов из разных блоков" time="6252.118" tests="3" failures="2" errors="0">
   <testsuite name="Сверка дашбордов из разных блоков" tests="3" failures="2" errors="0" time="6252.118" skipped="0" timestamp="06-11-2024T04:52:12" hostname="liazgina-di - UVV-WS904-D.ot.ru" id="Test Suites/Пн-Ср-Пт/Сверка дашбордов из разных блоков">
      <properties>
         <property name="deviceName" value=""/>
         <property name="devicePlatform"/>
         <property name="logFolder" value="C:\\Users\\LIAZGINA-DI\\git\\SPORU\\Reports\\20241106_045207\\\u041F\u043D-\u0421\u0440-\u041F\u0442\\\u0421\u0432\u0435\u0440\u043A\u0430 \u0434\u0430\u0448\u0431\u043E\u0440\u0434\u043E\u0432 \u0438\u0437 \u0440\u0430\u0437\u043D\u044B\u0445 \u0431\u043B\u043E\u043A\u043E\u0432\\20241106_045207"/>
         <property name="logFiles" value="C:\\Users\\LIAZGINA-DI\\git\\SPORU\\Reports\\20241106_045207\\\u041F\u043D-\u0421\u0440-\u041F\u0442\\\u0421\u0432\u0435\u0440\u043A\u0430 \u0434\u0430\u0448\u0431\u043E\u0440\u0434\u043E\u0432 \u0438\u0437 \u0440\u0430\u0437\u043D\u044B\u0445 \u0431\u043B\u043E\u043A\u043E\u0432\\20241106_045207\\execution0.log"/>
         <property name="attachments" value="C:\\Users\\LIAZGINA-DI\\git\\SPORU\\Reports\\20241106_045207\\\u041F\u043D-\u0421\u0440-\u041F\u0442\\\u0421\u0432\u0435\u0440\u043A\u0430 \u0434\u0430\u0448\u0431\u043E\u0440\u0434\u043E\u0432 \u0438\u0437 \u0440\u0430\u0437\u043D\u044B\u0445 \u0431\u043B\u043E\u043A\u043E\u0432\\20241106_045207\\1730861337478.png, C:\\Users\\LIAZGINA-DI\\git\\SPORU\\Reports\\20241106_045207\\\u041F\u043D-\u0421\u0440-\u041F\u0442\\\u0421\u0432\u0435\u0440\u043A\u0430 \u0434\u0430\u0448\u0431\u043E\u0440\u0434\u043E\u0432 \u0438\u0437 \u0440\u0430\u0437\u043D\u044B\u0445 \u0431\u043B\u043E\u043A\u043E\u0432\\20241106_045207\\1730862095221.png, C:\\Users\\LIAZGINA-DI\\git\\SPORU\\Reports\\20241106_045207\\\u041F\u043D-\u0421\u0440-\u041F\u0442\\\u0421\u0432\u0435\u0440\u043A\u0430 \u0434\u0430\u0448\u0431\u043E\u0440\u0434\u043E\u0432 \u0438\u0437 \u0440\u0430\u0437\u043D\u044B\u0445 \u0431\u043B\u043E\u043A\u043E\u0432\\20241106_045207\\1730862185505.png"/>
         <property name="hostName" value="liazgina-di - UVV-WS904-D.ot.ru"/>
         <property name="os" value="Windows 10 64bit"/>
         <property name="katalonVersion" value="9.5.0.217"/>
         <property name="browser" value="Chrome 130.0.0.0"/>
         <property name="hostAddress" value="192.168.0.19"/>
         <property name="sessionId" value="648e6b525b5d40225129a5345367ff68"/>
         <property name="seleniumVersion" value="3.141.59"/>
         <property name="proxyInformation" value="ProxyInformation { proxyOption=NO_PROXY, proxyServerType=HTTP, username=, password=********, proxyServerAddress=, proxyServerPort=0, executionList=&quot;&quot;, isApplyToDesiredCapabilities=true }"/>
         <property name="platform" value="Windows 10"/>
      </properties>
      <testcase name="Test Cases/Сверки дашбордов/Выручка в рублях сверка дашбордов ПАО Россети" time="4884.598" classname="Test Cases/Сверки дашбордов/Выручка в рублях сверка дашбордов ПАО Россети" status="FAILED">
         <failure type="FAILED" message="Test Cases/Сверки дашбордов/Выручка в рублях сверка дашбордов ПАО Россети FAILED.&#xa;Reason:&#xa;com.kms.katalon.core.exception.StepFailedException: Unable to get text of object 'Object Repository/Выручка в рублях/Просьба обратить внимание' (Root cause: com.kms.katalon.core.exception.StepFailedException: Unable to get text of object 'Object Repository/Выручка в рублях/Просьба обратить внимание'&#xa;	at com.kms.katalon.core.webui.keyword.internal.WebUIKeywordMain.stepFailed(WebUIKeywordMain.groovy:64)&#xa;	at com.kms.katalon.core.webui.keyword.internal.WebUIKeywordMain.runKeyword(WebUIKeywordMain.groovy:26)&#xa;	at com.kms.katalon.core.webui.keyword.builtin.GetTextKeyword.getText(GetTextKeyword.groovy:88)&#xa;	at com.kms.katalon.core.webui.keyword.builtin.GetTextKeyword.execute(GetTextKeyword.groovy:67)&#xa;	at com.kms.katalon.core.keyword.internal.KeywordExecutor.executeKeywordForPlatform(KeywordExecutor.groovy:74)&#xa;	at com.kms.katalon.core.webui.keyword.WebUiBuiltInKeywords.getText(WebUiBuiltInKeywords.groovy:957)&#xa;	at Выручка в рублях сверка дашбордов ПАО Россети.Autorization(Выручка в рублях сверка дашбордов ПАО Россети:721)&#xa;	at Выручка в рублях сверка дашбордов ПАО Россети.PreSettings(Выручка в рублях сверка дашбордов ПАО Россети:573)&#xa;	at Выручка в рублях сверка дашбордов ПАО Россети.Blocks(Выручка в рублях сверка дашбордов ПАО Россети:247)&#xa;	at Выручка в рублях сверка дашбордов ПАО Россети.ViruchkaChange(Выручка в рублях сверка дашбордов ПАО Россети:60)&#xa;	at Выручка в рублях сверка дашбордов ПАО Россети.run(Выручка в рублях сверка дашбордов ПАО Россети:55)&#xa;	at com.kms.katalon.core.main.ScriptEngine.run(ScriptEngine.java:194)&#xa;	at com.kms.katalon.core.main.ScriptEngine.runScriptAsRawText(ScriptEngine.java:119)&#xa;	at com.kms.katalon.core.main.TestCaseExecutor.runScript(TestCaseExecutor.java:448)&#xa;	at com.kms.katalon.core.main.TestCaseExecutor.doExecute(TestCaseExecutor.java:439)&#xa;	at com.kms.katalon.core.main.TestCaseExecutor.processExecutionPhase(TestCaseExecutor.java:418)&#xa;	at com.kms.katalon.core.main.TestCaseExecutor.accessMainPhase(TestCaseExecutor.java:410)&#xa;	at com.kms.katalon.core.main.TestCaseExecutor.execute(TestCaseExecutor.java:285)&#xa;	at com.kms.katalon.core.common.CommonExecutor.accessTestCaseMainPhase(CommonExecutor.java:65)&#xa;	at com.kms.katalon.core.main.TestSuiteExecutor.accessTestSuiteMainPhase(TestSuiteExecutor.java:150)&#xa;	at com.kms.katalon.core.main.TestSuiteExecutor.execute(TestSuiteExecutor.java:106)&#xa;	at com.kms.katalon.core.main.TestCaseMain.startTestSuite(TestCaseMain.java:180)&#xa;	at TempTestSuite1730857927993.run(TempTestSuite1730857927993.groovy:35)&#xa;	at java.base/jdk.internal.reflect.NativeMethodAccessorImpl.invoke0(Native Method)&#xa;	at java.base/jdk.internal.reflect.NativeMethodAccessorImpl.invoke(NativeMethodAccessorImpl.java:77)&#xa;	at java.base/jdk.internal.reflect.DelegatingMethodAccessorImpl.invoke(DelegatingMethodAccessorImpl.java:43)&#xa;Caused by: com.kms.katalon.core.webui.exception.WebElementNotFoundException: Web element with id: 'Object Repository/Выручка в рублях/Просьба обратить внимание' located by '(.//*[normalize-space(text()) and normalize-space(.)='×'])[3]/following::h1[1]' not found&#xa;	at com.kms.katalon.core.webui.common.WebUiCommonHelper.findWebElement(WebUiCommonHelper.java:1426)&#xa;	at com.kms.katalon.core.webui.keyword.internal.WebUIAbstractKeyword.findWebElement(WebUIAbstractKeyword.groovy:27)&#xa;	at com.kms.katalon.core.webui.keyword.internal.WebUIAbstractKeyword.findWebElement(WebUIAbstractKeyword.groovy:26)&#xa;	at com.kms.katalon.core.webui.keyword.builtin.GetTextKeyword$_getText_closure1.doCall(GetTextKeyword.groovy:78)&#xa;	at com.kms.katalon.core.webui.keyword.builtin.GetTextKeyword$_getText_closure1.call(GetTextKeyword.groovy)&#xa;	at com.kms.katalon.core.webui.keyword.internal.WebUIKeywordMain.runKeyword(WebUIKeywordMain.groovy:20)&#xa;	at com.kms.katalon.core.webui.keyword.builtin.GetTextKeyword.getText(GetTextKeyword.groovy:88)&#xa;	at com.kms.katalon.core.webui.keyword.builtin.GetTextKeyword.execute(GetTextKeyword.groovy:67)&#xa;	at com.kms.katalon.core.keyword.internal.KeywordExecutor.executeKeywordForPlatform(KeywordExecutor.groovy:74)&#xa;	at com.kms.katalon.core.webui.keyword.WebUiBuiltInKeywords.getText(WebUiBuiltInKeywords.groovy:957)&#xa;	at Script1710234207206.Autorization(Script1710234207206.groovy:721)&#xa;	at Script1710234207206.PreSettings(Script1710234207206.groovy:573)&#xa;	at Script1710234207206.Blocks(Script1710234207206.groovy:247)&#xa;	at Script1710234207206.ViruchkaChange(Script1710234207206.groovy:60)&#xa;	at Script1710234207206.run(Script1710234207206.groovy:55)&#xa;	... 15 more&#xa;)&#xa;	at com.kms.katalon.core.keyword.internal.KeywordMain.stepFailed(KeywordMain.groovy:39)&#xa;	at com.kms.katalon.core.webui.keyword.internal.WebUIKeywordMain.stepFailed(WebUIKeywordMain.groovy:64)&#xa;	at com.kms.katalon.core.webui.keyword.internal.WebUIKeywordMain.runKeyword(WebUIKeywordMain.groovy:26)&#xa;	at com.kms.katalon.core.webui.keyword.builtin.GetTextKeyword.getText(GetTextKeyword.groovy:88)&#xa;	at com.kms.katalon.core.webui.keyword.builtin.GetTextKeyword.execute(GetTextKeyword.groovy:67)&#xa;	at com.kms.katalon.core.keyword.internal.KeywordExecutor.executeKeywordForPlatform(KeywordExecutor.groovy:74)&#xa;	at com.kms.katalon.core.webui.keyword.WebUiBuiltInKeywords.getText(WebUiBuiltInKeywords.groovy:957)&#xa;	at Выручка в рублях сверка дашбордов ПАО Россети.Autorization(Выручка в рублях сверка дашбордов ПАО Россети:721)&#xa;	at Выручка в рублях сверка дашбордов ПАО Россети.PreSettings(Выручка в рублях сверка дашбордов ПАО Россети:573)&#xa;	at Выручка в рублях сверка дашбордов ПАО Россети.Blocks(Выручка в рублях сверка дашбордов ПАО Россети:247)&#xa;	at Выручка в рублях сверка дашбордов ПАО Россети.ViruchkaChange(Выручка в рублях сверка дашбордов ПАО Россети:60)&#xa;	at Выручка в рублях сверка дашбордов ПАО Россети.run(Выручка в рублях сверка дашбордов ПАО Россети:55)&#xa;	at com.kms.katalon.core.main.ScriptEngine.run(ScriptEngine.java:194)&#xa;	at com.kms.katalon.core.main.ScriptEngine.runScriptAsRawText(ScriptEngine.java:119)&#xa;	at com.kms.katalon.core.main.TestCaseExecutor.runScript(TestCaseExecutor.java:448)&#xa;	at com.kms.katalon.core.main.TestCaseExecutor.doExecute(TestCaseExecutor.java:439)&#xa;	at com.kms.katalon.core.main.TestCaseExecutor.processExecutionPhase(TestCaseExecutor.java:418)&#xa;	at com.kms.katalon.core.main.TestCaseExecutor.accessMainPhase(TestCaseExecutor.java:410)&#xa;	at com.kms.katalon.core.main.TestCaseExecutor.execute(TestCaseExecutor.java:285)&#xa;	at com.kms.katalon.core.common.CommonExecutor.accessTestCaseMainPhase(CommonExecutor.java:65)&#xa;	at com.kms.katalon.core.main.TestSuiteExecutor.accessTestSuiteMainPhase(TestSuiteExecutor.java:150)&#xa;	at com.kms.katalon.core.main.TestSuiteExecutor.execute(TestSuiteExecutor.java:106)&#xa;	at com.kms.katalon.core.main.TestCaseMain.startTestSuite(TestCaseMain.java:180)&#xa;	at TempTestSuite1730857927993.run(TempTestSuite1730857927993.groovy:35)&#xa;	at java.base/jdk.internal.reflect.NativeMethodAccessorImpl.invoke0(Native Method)&#xa;	at java.base/jdk.internal.reflect.NativeMethodAccessorImpl.invoke(NativeMethodAccessorImpl.java:77)&#xa;	at java.base/jdk.internal.reflect.DelegatingMethodAccessorImpl.invoke(DelegatingMethodAccessorImpl.java:43)&#xa;Caused by: com.kms.katalon.core.exception.StepFailedException: Unable to get text of object 'Object Repository/Выручка в рублях/Просьба обратить внимание'&#xa;	... 26 more&#xa;Caused by: com.kms.katalon.core.webui.exception.WebElementNotFoundException: Web element with id: 'Object Repository/Выручка в рублях/Просьба обратить внимание' located by '(.//*[normalize-space(text()) and normalize-space(.)='×'])[3]/following::h1[1]' not found&#xa;	at com.kms.katalon.core.webui.common.WebUiCommonHelper.findWebElement(WebUiCommonHelper.java:1426)&#xa;	at com.kms.katalon.core.webui.keyword.internal.WebUIAbstractKeyword.findWebElement(WebUIAbstractKeyword.groovy:27)&#xa;	at com.kms.katalon.core.webui.keyword.internal.WebUIAbstractKeyword.findWebElement(WebUIAbstractKeyword.groovy:26)&#xa;	at com.kms.katalon.core.webui.keyword.builtin.GetTextKeyword$_getText_closure1.doCall(GetTextKeyword.groovy:78)&#xa;	at com.kms.katalon.core.webui.keyword.builtin.GetTextKeyword$_getText_closure1.call(GetTextKeyword.groovy)&#xa;	at com.kms.katalon.core.webui.keyword.internal.WebUIKeywordMain.runKeyword(WebUIKeywordMain.groovy:20)&#xa;	... 24 more&#xa;"/>
         <system-out><![CDATA[06-11-2024T04:52:12 - [TEST_CASE][FAILED] - Test Cases/Сверки дашбордов/Выручка в рублях сверка дашбордов ПАО Россети: Test Cases/Сверки дашбордов/Выручка в рублях сверка дашбордов ПАО Россети FAILED.
Reason:
com.kms.katalon.core.exception.StepFailedException: Unable to get text of object 'Object Repository/Выручка в рублях/Просьба обратить внимание' (Root cause: com.kms.katalon.core.exception.StepFailedException: Unable to get text of object 'Object Repository/Выручка в рублях/Просьба обратить внимание'
	at com.kms.katalon.core.webui.keyword.internal.WebUIKeywordMain.stepFailed(WebUIKeywordMain.groovy:64)
	at com.kms.katalon.core.webui.keyword.internal.WebUIKeywordMain.runKeyword(WebUIKeywordMain.groovy:26)
	at com.kms.katalon.core.webui.keyword.builtin.GetTextKeyword.getText(GetTextKeyword.groovy:88)
	at com.kms.katalon.core.webui.keyword.builtin.GetTextKeyword.execute(GetTextKeyword.groovy:67)
	at com.kms.katalon.core.keyword.internal.KeywordExecutor.executeKeywordForPlatform(KeywordExecutor.groovy:74)
	at com.kms.katalon.core.webui.keyword.WebUiBuiltInKeywords.getText(WebUiBuiltInKeywords.groovy:957)
	at Выручка в рублях сверка дашбордов ПАО Россети.Autorization(Выручка в рублях сверка дашбордов ПАО Россети:721)
	at Выручка в рублях сверка дашбордов ПАО Россети.PreSettings(Выручка в рублях сверка дашбордов ПАО Россети:573)
	at Выручка в рублях сверка дашбордов ПАО Россети.Blocks(Выручка в рублях сверка дашбордов ПАО Россети:247)
	at Выручка в рублях сверка дашбордов ПАО Россети.ViruchkaChange(Выручка в рублях сверка дашбордов ПАО Россети:60)
	at Выручка в рублях сверка дашбордов ПАО Россети.run(Выручка в рублях сверка дашбордов ПАО Россети:55)
	at com.kms.katalon.core.main.ScriptEngine.run(ScriptEngine.java:194)
	at com.kms.katalon.core.main.ScriptEngine.runScriptAsRawText(ScriptEngine.java:119)
	at com.kms.katalon.core.main.TestCaseExecutor.runScript(TestCaseExecutor.java:448)
	at com.kms.katalon.core.main.TestCaseExecutor.doExecute(TestCaseExecutor.java:439)
	at com.kms.katalon.core.main.TestCaseExecutor.processExecutionPhase(TestCaseExecutor.java:418)
	at com.kms.katalon.core.main.TestCaseExecutor.accessMainPhase(TestCaseExecutor.java:410)
	at com.kms.katalon.core.main.TestCaseExecutor.execute(TestCaseExecutor.java:285)
	at com.kms.katalon.core.common.CommonExecutor.accessTestCaseMainPhase(CommonExecutor.java:65)
	at com.kms.katalon.core.main.TestSuiteExecutor.accessTestSuiteMainPhase(TestSuiteExecutor.java:150)
	at com.kms.katalon.core.main.TestSuiteExecutor.execute(TestSuiteExecutor.java:106)
	at com.kms.katalon.core.main.TestCaseMain.startTestSuite(TestCaseMain.java:180)
	at TempTestSuite1730857927993.run(TempTestSuite1730857927993.groovy:35)
	at java.base/jdk.internal.reflect.NativeMethodAccessorImpl.invoke0(Native Method)
	at java.base/jdk.internal.reflect.NativeMethodAccessorImpl.invoke(NativeMethodAccessorImpl.java:77)
	at java.base/jdk.internal.reflect.DelegatingMethodAccessorImpl.invoke(DelegatingMethodAccessorImpl.java:43)
Caused by: com.kms.katalon.core.webui.exception.WebElementNotFoundException: Web element with id: 'Object Repository/Выручка в рублях/Просьба обратить внимание' located by '(.//*[normalize-space(text()) and normalize-space(.)='×'])[3]/following::h1[1]' not found
	at com.kms.katalon.core.webui.common.WebUiCommonHelper.findWebElement(WebUiCommonHelper.java:1426)
	at com.kms.katalon.core.webui.keyword.internal.WebUIAbstractKeyword.findWebElement(WebUIAbstractKeyword.groovy:27)
	at com.kms.katalon.core.webui.keyword.internal.WebUIAbstractKeyword.findWebElement(WebUIAbstractKeyword.groovy:26)
	at com.kms.katalon.core.webui.keyword.builtin.GetTextKeyword$_getText_closure1.doCall(GetTextKeyword.groovy:78)
	at com.kms.katalon.core.webui.keyword.builtin.GetTextKeyword$_getText_closure1.call(GetTextKeyword.groovy)
	at com.kms.katalon.core.webui.keyword.internal.WebUIKeywordMain.runKeyword(WebUIKeywordMain.groovy:20)
	at com.kms.katalon.core.webui.keyword.builtin.GetTextKeyword.getText(GetTextKeyword.groovy:88)
	at com.kms.katalon.core.webui.keyword.builtin.GetTextKeyword.execute(GetTextKeyword.groovy:67)
	at com.kms.katalon.core.keyword.internal.KeywordExecutor.executeKeywordForPlatform(KeywordExecutor.groovy:74)
	at com.kms.katalon.core.webui.keyword.WebUiBuiltInKeywords.getText(WebUiBuiltInKeywords.groovy:957)
	at Script1710234207206.Autorization(Script1710234207206.groovy:721)
	at Script1710234207206.PreSettings(Script1710234207206.groovy:573)
	at Script1710234207206.Blocks(Script1710234207206.groovy:247)
	at Script1710234207206.ViruchkaChange(Script1710234207206.groovy:60)
	at Script1710234207206.run(Script1710234207206.groovy:55)
	... 15 more
)
	at com.kms.katalon.core.keyword.internal.KeywordMain.stepFailed(KeywordMain.groovy:39)
	at com.kms.katalon.core.webui.keyword.internal.WebUIKeywordMain.stepFailed(WebUIKeywordMain.groovy:64)
	at com.kms.katalon.core.webui.keyword.internal.WebUIKeywordMain.runKeyword(WebUIKeywordMain.groovy:26)
	at com.kms.katalon.core.webui.keyword.builtin.GetTextKeyword.getText(GetTextKeyword.groovy:88)
	at com.kms.katalon.core.webui.keyword.builtin.GetTextKeyword.execute(GetTextKeyword.groovy:67)
	at com.kms.katalon.core.keyword.internal.KeywordExecutor.executeKeywordForPlatform(KeywordExecutor.groovy:74)
	at com.kms.katalon.core.webui.keyword.WebUiBuiltInKeywords.getText(WebUiBuiltInKeywords.groovy:957)
	at Выручка в рублях сверка дашбордов ПАО Россети.Autorization(Выручка в рублях сверка дашбордов ПАО Россети:721)
	at Выручка в рублях сверка дашбордов ПАО Россети.PreSettings(Выручка в рублях сверка дашбордов ПАО Россети:573)
	at Выручка в рублях сверка дашбордов ПАО Россети.Blocks(Выручка в рублях сверка дашбордов ПАО Россети:247)
	at Выручка в рублях сверка дашбордов ПАО Россети.ViruchkaChange(Выручка в рублях сверка дашбордов ПАО Россети:60)
	at Выручка в рублях сверка дашбордов ПАО Россети.run(Выручка в рублях сверка дашбордов ПАО Россети:55)
	at com.kms.katalon.core.main.ScriptEngine.run(ScriptEngine.java:194)
	at com.kms.katalon.core.main.ScriptEngine.runScriptAsRawText(ScriptEngine.java:119)
	at com.kms.katalon.core.main.TestCaseExecutor.runScript(TestCaseExecutor.java:448)
	at com.kms.katalon.core.main.TestCaseExecutor.doExecute(TestCaseExecutor.java:439)
	at com.kms.katalon.core.main.TestCaseExecutor.processExecutionPhase(TestCaseExecutor.java:418)
	at com.kms.katalon.core.main.TestCaseExecutor.accessMainPhase(TestCaseExecutor.java:410)
	at com.kms.katalon.core.main.TestCaseExecutor.execute(TestCaseExecutor.java:285)
	at com.kms.katalon.core.common.CommonExecutor.accessTestCaseMainPhase(CommonExecutor.java:65)
	at com.kms.katalon.core.main.TestSuiteExecutor.accessTestSuiteMainPhase(TestSuiteExecutor.java:150)
	at com.kms.katalon.core.main.TestSuiteExecutor.execute(TestSuiteExecutor.java:106)
	at com.kms.katalon.core.main.TestCaseMain.startTestSuite(TestCaseMain.java:180)
	at TempTestSuite1730857927993.run(TempTestSuite1730857927993.groovy:35)
	at java.base/jdk.internal.reflect.NativeMethodAccessorImpl.invoke0(Native Method)
	at java.base/jdk.internal.reflect.NativeMethodAccessorImpl.invoke(NativeMethodAccessorImpl.java:77)
	at java.base/jdk.internal.reflect.DelegatingMethodAccessorImpl.invoke(DelegatingMethodAccessorImpl.java:43)
Caused by: com.kms.katalon.core.exception.StepFailedException: Unable to get text of object 'Object Repository/Выручка в рублях/Просьба обратить внимание'
	... 26 more
Caused by: com.kms.katalon.core.webui.exception.WebElementNotFoundException: Web element with id: 'Object Repository/Выручка в рублях/Просьба обратить внимание' located by '(.//*[normalize-space(text()) and normalize-space(.)='×'])[3]/following::h1[1]' not found
	at com.kms.katalon.core.webui.common.WebUiCommonHelper.findWebElement(WebUiCommonHelper.java:1426)
	at com.kms.katalon.core.webui.keyword.internal.WebUIAbstractKeyword.findWebElement(WebUIAbstractKeyword.groovy:27)
	at com.kms.katalon.core.webui.keyword.internal.WebUIAbstractKeyword.findWebElement(WebUIAbstractKeyword.groovy:26)
	at com.kms.katalon.core.webui.keyword.builtin.GetTextKeyword$_getText_closure1.doCall(GetTextKeyword.groovy:78)
	at com.kms.katalon.core.webui.keyword.builtin.GetTextKeyword$_getText_closure1.call(GetTextKeyword.groovy)
	at com.kms.katalon.core.webui.keyword.internal.WebUIKeywordMain.runKeyword(WebUIKeywordMain.groovy:20)
	... 24 more


06-11-2024T04:52:13 - [TEST_STEP][PASSED] - date = new java.util.Date(): null

06-11-2024T04:52:13 - [TEST_STEP][PASSED] - todaysDate = date.format("dd.MM.yyyy"): null

06-11-2024T04:52:13 - [TEST_STEP][PASSED] - println(todaysDate): null

06-11-2024T04:52:13 - [TEST_STEP][PASSED] - run = 1: null

06-11-2024T04:52:13 - [TEST_STEP][PASSED] - vir = 1: null

06-11-2024T04:52:13 - [TEST_STEP][PASSED] - block = 1: null

06-11-2024T04:52:13 - [TEST_STEP][PASSED] - vidget = <not implemented yet for class: org.codehaus.groovy.ast.expr.EmptyExpression>: null

06-11-2024T04:52:13 - [TEST_STEP][PASSED] - nameOfBlock = <not implemented yet for class: org.codehaus.groovy.ast.expr.EmptyExpression>: null

06-11-2024T04:52:14 - [TEST_STEP][PASSED] - typeOfData = <not implemented yet for class: org.codehaus.groovy.ast.expr.EmptyExpression>: null

06-11-2024T04:52:14 - [TEST_STEP][PASSED] - viruchka = <not implemented yet for class: org.codehaus.groovy.ast.expr.EmptyExpression>: null

06-11-2024T04:52:14 - [TEST_STEP][PASSED] - a = <not implemented yet for class: org.codehaus.groovy.ast.expr.EmptyExpression>: null

06-11-2024T04:52:14 - [TEST_STEP][PASSED] - b = <not implemented yet for class: org.codehaus.groovy.ast.expr.EmptyExpression>: null

06-11-2024T04:52:14 - [TEST_STEP][PASSED] - x = <not implemented yet for class: org.codehaus.groovy.ast.expr.EmptyExpression>: null

06-11-2024T04:52:14 - [TEST_STEP][PASSED] - y = <not implemented yet for class: org.codehaus.groovy.ast.expr.EmptyExpression>: null

06-11-2024T04:52:14 - [TEST_STEP][PASSED] - dZO = "ПАО Россети": null

06-11-2024T04:52:14 - [TEST_STEP][PASSED] - for ([run = 1, run < 3, (run++)]): null

06-11-2024T04:52:14 - [TEST_STEP][PASSED] - Script1710234207206.ViruchkaChange(run, vir, block, nameOfBlock, typeOfData, viruchka, vidget, todaysDate, a, b, dZO, x, y): null

06-11-2024T04:52:14 - [TEST_STEP][PASSED] - for ([vir = 1, vir < 4, (vir++)]): null

06-11-2024T04:52:14 - [TEST_STEP][PASSED] - Script1710234207206.Blocks(run, vir, block, nameOfBlock, typeOfData, viruchka, vidget, todaysDate, a, b, dZO, x, y): null

06-11-2024T04:52:14 - [TEST_STEP][PASSED] - i = <not implemented yet for class: org.codehaus.groovy.ast.expr.EmptyExpression>: null

06-11-2024T04:52:14 - [TEST_STEP][PASSED] - perc = "": null

06-11-2024T04:52:14 - [TEST_STEP][PASSED] - a1 = <not implemented yet for class: org.codehaus.groovy.ast.expr.EmptyExpression>: null

06-11-2024T04:52:14 - [TEST_STEP][PASSED] - a2 = <not implemented yet for class: org.codehaus.groovy.ast.expr.EmptyExpression>: null

06-11-2024T04:52:14 - [TEST_STEP][PASSED] - a30 = <not implemented yet for class: org.codehaus.groovy.ast.expr.EmptyExpression>: null

06-11-2024T04:52:14 - [TEST_STEP][PASSED] - a31 = <not implemented yet for class: org.codehaus.groovy.ast.expr.EmptyExpression>: null

06-11-2024T04:52:14 - [TEST_STEP][PASSED] - a32 = <not implemented yet for class: org.codehaus.groovy.ast.expr.EmptyExpression>: null

06-11-2024T04:52:14 - [TEST_STEP][PASSED] - a33 = <not implemented yet for class: org.codehaus.groovy.ast.expr.EmptyExpression>: null

06-11-2024T04:52:14 - [TEST_STEP][PASSED] - a34 = <not implemented yet for class: org.codehaus.groovy.ast.expr.EmptyExpression>: null

06-11-2024T04:52:14 - [TEST_STEP][PASSED] - a35 = <not implemented yet for class: org.codehaus.groovy.ast.expr.EmptyExpression>: null

06-11-2024T04:52:14 - [TEST_STEP][PASSED] - a36 = <not implemented yet for class: org.codehaus.groovy.ast.expr.EmptyExpression>: null

06-11-2024T04:52:14 - [TEST_STEP][PASSED] - a37 = <not implemented yet for class: org.codehaus.groovy.ast.expr.EmptyExpression>: null

06-11-2024T04:52:14 - [TEST_STEP][PASSED] - a38 = <not implemented yet for class: org.codehaus.groovy.ast.expr.EmptyExpression>: null

06-11-2024T04:52:14 - [TEST_STEP][PASSED] - a39 = <not implemented yet for class: org.codehaus.groovy.ast.expr.EmptyExpression>: null

06-11-2024T04:52:14 - [TEST_STEP][PASSED] - a310 = <not implemented yet for class: org.codehaus.groovy.ast.expr.EmptyExpression>: null

06-11-2024T04:52:14 - [TEST_STEP][PASSED] - a311 = <not implemented yet for class: org.codehaus.groovy.ast.expr.EmptyExpression>: null

06-11-2024T04:52:14 - [TEST_STEP][PASSED] - a312 = <not implemented yet for class: org.codehaus.groovy.ast.expr.EmptyExpression>: null

06-11-2024T04:52:14 - [TEST_STEP][PASSED] - a313 = <not implemented yet for class: org.codehaus.groovy.ast.expr.EmptyExpression>: null

06-11-2024T04:52:14 - [TEST_STEP][PASSED] - a314 = <not implemented yet for class: org.codehaus.groovy.ast.expr.EmptyExpression>: null

06-11-2024T04:52:14 - [TEST_STEP][PASSED] - a315 = <not implemented yet for class: org.codehaus.groovy.ast.expr.EmptyExpression>: null

06-11-2024T04:52:14 - [TEST_STEP][PASSED] - a316 = <not implemented yet for class: org.codehaus.groovy.ast.expr.EmptyExpression>: null

06-11-2024T04:52:14 - [TEST_STEP][PASSED] - a317 = <not implemented yet for class: org.codehaus.groovy.ast.expr.EmptyExpression>: null

06-11-2024T04:52:14 - [TEST_STEP][PASSED] - b1 = <not implemented yet for class: org.codehaus.groovy.ast.expr.EmptyExpression>: null

06-11-2024T04:52:14 - [TEST_STEP][PASSED] - b2 = <not implemented yet for class: org.codehaus.groovy.ast.expr.EmptyExpression>: null

06-11-2024T04:52:14 - [TEST_STEP][PASSED] - b30 = <not implemented yet for class: org.codehaus.groovy.ast.expr.EmptyExpression>: null

06-11-2024T04:52:14 - [TEST_STEP][PASSED] - b31 = <not implemented yet for class: org.codehaus.groovy.ast.expr.EmptyExpression>: null

06-11-2024T04:52:14 - [TEST_STEP][PASSED] - b32 = <not implemented yet for class: org.codehaus.groovy.ast.expr.EmptyExpression>: null

06-11-2024T04:52:14 - [TEST_STEP][PASSED] - b33 = <not implemented yet for class: org.codehaus.groovy.ast.expr.EmptyExpression>: null

06-11-2024T04:52:14 - [TEST_STEP][PASSED] - b34 = <not implemented yet for class: org.codehaus.groovy.ast.expr.EmptyExpression>: null

06-11-2024T04:52:14 - [TEST_STEP][PASSED] - b35 = <not implemented yet for class: org.codehaus.groovy.ast.expr.EmptyExpression>: null

06-11-2024T04:52:14 - [TEST_STEP][PASSED] - b36 = <not implemented yet for class: org.codehaus.groovy.ast.expr.EmptyExpression>: null

06-11-2024T04:52:14 - [TEST_STEP][PASSED] - b37 = <not implemented yet for class: org.codehaus.groovy.ast.expr.EmptyExpression>: null

06-11-2024T04:52:14 - [TEST_STEP][PASSED] - b38 = <not implemented yet for class: org.codehaus.groovy.ast.expr.EmptyExpression>: null

06-11-2024T04:52:14 - [TEST_STEP][PASSED] - b39 = <not implemented yet for class: org.codehaus.groovy.ast.expr.EmptyExpression>: null

06-11-2024T04:52:14 - [TEST_STEP][PASSED] - b310 = <not implemented yet for class: org.codehaus.groovy.ast.expr.EmptyExpression>: null

06-11-2024T04:52:14 - [TEST_STEP][PASSED] - b311 = <not implemented yet for class: org.codehaus.groovy.ast.expr.EmptyExpression>: null

06-11-2024T04:52:14 - [TEST_STEP][PASSED] - b312 = <not implemented yet for class: org.codehaus.groovy.ast.expr.EmptyExpression>: null

06-11-2024T04:52:14 - [TEST_STEP][PASSED] - b313 = <not implemented yet for class: org.codehaus.groovy.ast.expr.EmptyExpression>: null

06-11-2024T04:52:14 - [TEST_STEP][PASSED] - b314 = <not implemented yet for class: org.codehaus.groovy.ast.expr.EmptyExpression>: null

06-11-2024T04:52:14 - [TEST_STEP][PASSED] - b315 = <not implemented yet for class: org.codehaus.groovy.ast.expr.EmptyExpression>: null

06-11-2024T04:52:14 - [TEST_STEP][PASSED] - b316 = <not implemented yet for class: org.codehaus.groovy.ast.expr.EmptyExpression>: null

06-11-2024T04:52:14 - [TEST_STEP][PASSED] - b317 = <not implemented yet for class: org.codehaus.groovy.ast.expr.EmptyExpression>: null

06-11-2024T04:52:14 - [TEST_STEP][PASSED] - block = 1: null

06-11-2024T04:52:14 - [TEST_STEP][PASSED] - nameOfBlock = "": null

06-11-2024T04:52:14 - [TEST_STEP][PASSED] - Script1710234207206.PreSettings(run, vir, block, nameOfBlock, typeOfData, todaysDate): null

06-11-2024T04:52:14 - [TEST_STEP][PASSED] - openBrowser(""): Browser is opened with url: ''

06-11-2024T04:52:14 - [MESSAGE][INFO] - Starting 'Chrome' driver

06-11-2024T04:52:14 - [MESSAGE][INFO] - Action delay is set to 0 milliseconds

06-11-2024T04:52:16 - [MESSAGE][PASSED] - Browser is opened with url: ''

06-11-2024T04:52:16 - [TEST_STEP][PASSED] - refresh(): Refresh successfully

06-11-2024T04:52:16 - [MESSAGE][PASSED] - Refresh successfully

06-11-2024T04:52:16 - [TEST_STEP][PASSED] - delay(50): Delayed 50 second(s)

06-11-2024T04:53:06 - [MESSAGE][PASSED] - Delayed 50 second(s)

06-11-2024T04:53:06 - [TEST_STEP][PASSED] - println("run:" + run): null

06-11-2024T04:53:06 - [TEST_STEP][PASSED] - println("vir:" + vir): null

06-11-2024T04:53:06 - [TEST_STEP][PASSED] - println("block:" + block): null

06-11-2024T04:53:06 - [TEST_STEP][PASSED] - if (block == 1): null

06-11-2024T04:53:06 - [TEST_STEP][PASSED] - nameOfBlock = "": null

06-11-2024T04:53:06 - [TEST_STEP][PASSED] - println("nameOfBlock:" + nameOfBlock): null

06-11-2024T04:53:06 - [TEST_STEP][PASSED] - println("typeOfData:" + typeOfData): null

06-11-2024T04:53:06 - [TEST_STEP][PASSED] - println("todaysDate:" + todaysDate): null

06-11-2024T04:53:06 - [TEST_STEP][PASSED] - Script1710234207206.Autorization(block, nameOfBlock): null

06-11-2024T04:53:06 - [TEST_STEP][PASSED] - i = <not implemented yet for class: org.codehaus.groovy.ast.expr.EmptyExpression>: null

06-11-2024T04:53:06 - [TEST_STEP][PASSED] - ii = <not implemented yet for class: org.codehaus.groovy.ast.expr.EmptyExpression>: null

06-11-2024T04:53:06 - [TEST_STEP][PASSED] - urlData = <not implemented yet for class: org.codehaus.groovy.ast.expr.EmptyExpression>: null

06-11-2024T04:53:06 - [TEST_STEP][PASSED] - searchWord = <not implemented yet for class: org.codehaus.groovy.ast.expr.EmptyExpression>: null

06-11-2024T04:53:06 - [TEST_STEP][PASSED] - urlText = <not implemented yet for class: org.codehaus.groovy.ast.expr.EmptyExpression>: null

06-11-2024T04:53:06 - [TEST_STEP][PASSED] - println("block:" + block): null

06-11-2024T04:53:06 - [TEST_STEP][PASSED] - if (block == 1): null

06-11-2024T04:53:06 - [TEST_STEP][PASSED] - nameOfBlock = "": null

06-11-2024T04:53:06 - [TEST_STEP][PASSED] - println("nameOfBlock:" + nameOfBlock): null

06-11-2024T04:53:06 - [TEST_STEP][PASSED] - if (block == 1): Delayed 45 second(s)

06-11-2024T04:53:06 - [TEST_STEP][PASSED] - urlData = 2: null

06-11-2024T04:53:06 - [TEST_STEP][PASSED] - delay(45): Delayed 45 second(s)

06-11-2024T04:53:51 - [MESSAGE][PASSED] - Delayed 45 second(s)

06-11-2024T04:53:51 - [TEST_STEP][PASSED] - navigateToUrl(findTestData("PlanFact").getValue(10, urlData)): Navigate to 'https://bi.rosseti.digital/viewer?dashboardGuid=2301950b23be4ed89c1df75f2020051e&sheetGuid=b723206f698544fb87299f3095c00435&fit=true' successfully

06-11-2024T04:53:57 - [MESSAGE][PASSED] - Navigate to 'https://bi.rosseti.digital/viewer?dashboardGuid=2301950b23be4ed89c1df75f2020051e&sheetGuid=b723206f698544fb87299f3095c00435&fit=true' successfully

06-11-2024T04:53:57 - [TEST_STEP][PASSED] - urlText = getText(findTestObject("Страница авторизации/Text")): Text of object 'Object Repository/Страница авторизации/Text' is: 'Вход'

06-11-2024T04:54:00 - [MESSAGE][PASSED] - Text of object 'Object Repository/Страница авторизации/Text' is: 'Вход'

06-11-2024T04:54:00 - [TEST_STEP][PASSED] - searchWord = "Вход": null

06-11-2024T04:54:00 - [TEST_STEP][PASSED] - if (urlText == null || urlText.contains("ошибка") || urlText.contains(searchWord) == false): null

06-11-2024T04:54:00 - [TEST_STEP][PASSED] - if (verifyElementPresent(findTestObject("Страница авторизации/button_"), 30) == true): null

06-11-2024T04:54:00 - [MESSAGE][PASSED] - Object 'Object Repository/Страница авторизации/button_' is present

06-11-2024T04:54:00 - [TEST_STEP][PASSED] - setText(findTestObject("Страница авторизации/input__username"), findTestData("PlanFact").getValue(8, 1)): Text 'liazgina-di' is set on object 'Object Repository/Страница авторизации/input__username'

06-11-2024T04:54:01 - [MESSAGE][PASSED] - Text 'liazgina-di' is set on object 'Object Repository/Страница авторизации/input__username'

06-11-2024T04:54:01 - [TEST_STEP][PASSED] - setText(findTestObject("Страница авторизации/input__password"), findTestData("PlanFact").getValue(9, 1)): Text ')$%5srZ8o688Dm#q' is set on object 'Object Repository/Страница авторизации/input__password'

06-11-2024T04:54:01 - [MESSAGE][PASSED] - Text ')$%5srZ8o688Dm#q' is set on object 'Object Repository/Страница авторизации/input__password'

06-11-2024T04:54:01 - [TEST_STEP][PASSED] - click(findTestObject("Страница авторизации/button_")): Object: 'Object Repository/Страница авторизации/button_' is clicked on

06-11-2024T04:54:04 - [MESSAGE][PASSED] - Object: 'Object Repository/Страница авторизации/button_' is clicked on

06-11-2024T04:54:04 - [TEST_STEP][PASSED] - delay(45): Delayed 45 second(s)

06-11-2024T04:54:49 - [MESSAGE][PASSED] - Delayed 45 second(s)

06-11-2024T04:54:49 - [TEST_STEP][PASSED] - urlText = getText(findTestObject("Страница авторизации/Text")): Text of object 'Object Repository/Страница авторизации/Text' is: 'Период
1, 2, 3 кв. 2024 года
Выручка
Все
Выполнение плановых показателей по ПАО Россети за 1, 2, 3 кв. 2024 года
План
Факт
Динамика
2024 год
0 млн.руб.
100 000 млн.руб.
200 000 млн.руб.
300 000 млн.руб.
400 000 млн.руб.
500 000 млн.руб.
600 000 млн.руб.
700 000 млн.руб.
800 000 млн.руб.
900 000 млн.руб.
1 000 000 млн.руб.
1 100 000 млн.руб.
1 200 000 млн.руб.
1 300 000 млн.руб.
1 056 816
1 056 549
↓
ДЗО 
Все
Внутренний оборот - выручка за услуги по передаче электрической энергии, учтенная в выручке за электроэнергию для конечных потребителей, при выполнении ДЗО функций гарантирующего поставщика
Подписи данных
⬤Отклонение
АО «Тываэнерго»
АО «Чеченэнерго»
Россети Волга
Россети Кубань
Россети Ленэнерго (ГК)
Россети Московский регион
Россети Северный Кавказ (ГК)
Россети Северо-Запад
Россети Сибирь (ГК)
Россети Томск
Россети Тюмень
Россети Урал (ГК)
Россети ФСК ЕЭС
Россети Центр
Россети Центр и Приволжье (ГК)
Россети Юг (ГК)
Россети Янтарь
-25 000млн.руб.
-20 000млн.руб.
-15 000млн.руб.
-10 000млн.руб.
-5 000млн.руб.
0млн.руб.
5 000млн.руб.
10 …
-30 000млн.руб.
239
68
25
3 470
3 855
6 900
821
839
2 116
213
-4 312
1 715
-25 094
3 410
3 873
1 315
277
млн.
%
Выручка
Отклонение выручки по ПАО Россети за 1, 2, 3 кв. 2024 года (факт/план, млн. руб)
ПАО Россети
-267.6 млн.руб.
 '

06-11-2024T04:54:50 - [MESSAGE][PASSED] - Text of object 'Object Repository/Страница авторизации/Text' is: 'Период
1, 2, 3 кв. 2024 года
Выручка
Все
Выполнение плановых показателей по ПАО Россети за 1, 2, 3 кв. 2024 года
План
Факт
Динамика
2024 год
0 млн.руб.
100 000 млн.руб.
200 000 млн.руб.
300 000 млн.руб.
400 000 млн.руб.
500 000 млн.руб.
600 000 млн.руб.
700 000 млн.руб.
800 000 млн.руб.
900 000 млн.руб.
1 000 000 млн.руб.
1 100 000 млн.руб.
1 200 000 млн.руб.
1 300 000 млн.руб.
1 056 816
1 056 549
↓
ДЗО 
Все
Внутренний оборот - выручка за услуги по передаче электрической энергии, учтенная в выручке за электроэнергию для конечных потребителей, при выполнении ДЗО функций гарантирующего поставщика
Подписи данных
⬤Отклонение
АО «Тываэнерго»
АО «Чеченэнерго»
Россети Волга
Россети Кубань
Россети Ленэнерго (ГК)
Россети Московский регион
Россети Северный Кавказ (ГК)
Россети Северо-Запад
Россети Сибирь (ГК)
Россети Томск
Россети Тюмень
Россети Урал (ГК)
Россети ФСК ЕЭС
Россети Центр
Россети Центр и Приволжье (ГК)
Россети Юг (ГК)
Россети Янтарь
-25 000млн.руб.
-20 000млн.руб.
-15 000млн.руб.
-10 000млн.руб.
-5 000млн.руб.
0млн.руб.
5 000млн.руб.
10 …
-30 000млн.руб.
239
68
25
3 470
3 855
6 900
821
839
2 116
213
-4 312
1 715
-25 094
3 410
3 873
1 315
277
млн.
%
Выручка
Отклонение выручки по ПАО Россети за 1, 2, 3 кв. 2024 года (факт/план, млн. руб)
ПАО Россети
-267.6 млн.руб.
 '

06-11-2024T04:54:50 - [TEST_STEP][PASSED] - searchWord = "а": null

06-11-2024T04:54:50 - [TEST_STEP][PASSED] - if (urlText.contains("ошибка") || urlText.contains(searchWord) == false): null

06-11-2024T04:54:50 - [TEST_STEP][PASSED] - delay(45): Delayed 45 second(s)

06-11-2024T04:55:35 - [MESSAGE][PASSED] - Delayed 45 second(s)

06-11-2024T04:55:35 - [TEST_STEP][PASSED] - if (block == 2): null

06-11-2024T04:55:35 - [TEST_STEP][PASSED] - click(findTestObject("Выручка в рублях/Фильтр Период" + nameOfBlock)): Object: 'Object Repository/Выручка в рублях/Фильтр Период' is clicked on

06-11-2024T04:55:35 - [MESSAGE][PASSED] - Object: 'Object Repository/Выручка в рублях/Фильтр Период' is clicked on

06-11-2024T04:55:35 - [TEST_STEP][PASSED] - click(findTestObject("Выручка в рублях/Снять выделение в фильтре Дата" + nameOfBlock)): Object: 'Object Repository/Выручка в рублях/Снять выделение в фильтре Дата' is clicked on

06-11-2024T04:55:36 - [MESSAGE][PASSED] - Object: 'Object Repository/Выручка в рублях/Снять выделение в фильтре Дата' is clicked on

06-11-2024T04:55:36 - [TEST_STEP][PASSED] - click(findTestObject("Выручка в рублях/Применить в фильтре Дата" + nameOfBlock)): Object: 'Object Repository/Выручка в рублях/Применить в фильтре Дата' is clicked on

06-11-2024T04:55:36 - [MESSAGE][PASSED] - Object: 'Object Repository/Выручка в рублях/Применить в фильтре Дата' is clicked on

06-11-2024T04:55:36 - [TEST_STEP][PASSED] - delay(50): Delayed 50 second(s)

06-11-2024T04:56:26 - [MESSAGE][PASSED] - Delayed 50 second(s)

06-11-2024T04:56:26 - [TEST_STEP][PASSED] - click(findTestObject("Выручка в рублях/Фильтр Период" + nameOfBlock)): Object: 'Object Repository/Выручка в рублях/Фильтр Период' is clicked on

06-11-2024T04:56:27 - [MESSAGE][PASSED] - Object: 'Object Repository/Выручка в рублях/Фильтр Период' is clicked on

06-11-2024T04:56:27 - [TEST_STEP][PASSED] - click(findTestObject("Выручка в рублях/Снять выделение в фильтре Дата" + nameOfBlock)): Object: 'Object Repository/Выручка в рублях/Снять выделение в фильтре Дата' is clicked on

06-11-2024T04:56:27 - [MESSAGE][PASSED] - Object: 'Object Repository/Выручка в рублях/Снять выделение в фильтре Дата' is clicked on

06-11-2024T04:56:27 - [TEST_STEP][PASSED] - scrollToElement(findTestObject("Выручка в рублях/2024 список" + nameOfBlock), 30): Scroll to object 'Object Repository/Выручка в рублях/2024 список' successfully

06-11-2024T04:56:28 - [MESSAGE][PASSED] - Scroll to object 'Object Repository/Выручка в рублях/2024 список' successfully

06-11-2024T04:56:28 - [TEST_STEP][PASSED] - click(findTestObject("Выручка в рублях/2024 список" + nameOfBlock)): Object: 'Object Repository/Выручка в рублях/2024 список' is clicked on

06-11-2024T04:56:28 - [MESSAGE][PASSED] - Object: 'Object Repository/Выручка в рублях/2024 список' is clicked on

06-11-2024T04:56:28 - [TEST_STEP][PASSED] - scrollToElement(findTestObject("Выручка в рублях/1 квартал 2024 выбрать" + nameOfBlock), 30): Scroll to object 'Object Repository/Выручка в рублях/1 квартал 2024 выбрать' successfully

06-11-2024T04:56:28 - [MESSAGE][PASSED] - Scroll to object 'Object Repository/Выручка в рублях/1 квартал 2024 выбрать' successfully

06-11-2024T04:56:28 - [TEST_STEP][PASSED] - click(findTestObject("Выручка в рублях/1 квартал 2024 выбрать" + nameOfBlock)): Object: 'Object Repository/Выручка в рублях/1 квартал 2024 выбрать' is clicked on

06-11-2024T04:56:29 - [MESSAGE][PASSED] - Object: 'Object Repository/Выручка в рублях/1 квартал 2024 выбрать' is clicked on

06-11-2024T04:56:29 - [TEST_STEP][PASSED] - scrollToElement(findTestObject("Выручка в рублях/2 квартал 2024 выбрать" + nameOfBlock), 30): Scroll to object 'Object Repository/Выручка в рублях/2 квартал 2024 выбрать' successfully

06-11-2024T04:56:29 - [MESSAGE][PASSED] - Scroll to object 'Object Repository/Выручка в рублях/2 квартал 2024 выбрать' successfully

06-11-2024T04:56:29 - [TEST_STEP][PASSED] - click(findTestObject("Выручка в рублях/2 квартал 2024 выбрать" + nameOfBlock)): Object: 'Object Repository/Выручка в рублях/2 квартал 2024 выбрать' is clicked on

06-11-2024T04:56:30 - [MESSAGE][PASSED] - Object: 'Object Repository/Выручка в рублях/2 квартал 2024 выбрать' is clicked on

06-11-2024T04:56:30 - [TEST_STEP][PASSED] - scrollToElement(findTestObject("Выручка в рублях/3 квартал 2024 список" + nameOfBlock), 30): Scroll to object 'Object Repository/Выручка в рублях/3 квартал 2024 список' successfully

06-11-2024T04:56:30 - [MESSAGE][PASSED] - Scroll to object 'Object Repository/Выручка в рублях/3 квартал 2024 список' successfully

06-11-2024T04:56:30 - [TEST_STEP][PASSED] - click(findTestObject("Выручка в рублях/3 квартал 2024" + nameOfBlock)): Object: 'Object Repository/Выручка в рублях/3 квартал 2024' is clicked on

06-11-2024T04:56:30 - [MESSAGE][PASSED] - Object: 'Object Repository/Выручка в рублях/3 квартал 2024' is clicked on

06-11-2024T04:56:30 - [TEST_STEP][PASSED] - scrollToElement(findTestObject("Выручка в рублях/Заголовок дашборда" + nameOfBlock), 30): Scroll to object 'Object Repository/Выручка в рублях/Заголовок дашборда' successfully

06-11-2024T04:56:31 - [MESSAGE][PASSED] - Scroll to object 'Object Repository/Выручка в рублях/Заголовок дашборда' successfully

06-11-2024T04:56:31 - [TEST_STEP][PASSED] - click(findTestObject("Выручка в рублях/Применить в фильтре Дата" + nameOfBlock)): Object: 'Object Repository/Выручка в рублях/Применить в фильтре Дата' is clicked on

06-11-2024T04:56:31 - [MESSAGE][PASSED] - Object: 'Object Repository/Выручка в рублях/Применить в фильтре Дата' is clicked on

06-11-2024T04:56:31 - [TEST_STEP][PASSED] - delay(55): Delayed 55 second(s)

06-11-2024T04:57:27 - [MESSAGE][PASSED] - Delayed 55 second(s)

06-11-2024T04:57:27 - [TEST_STEP][PASSED] - click(findTestObject("Выручка в рублях/Фильтр ДЗО" + nameOfBlock)): Object: 'Object Repository/Выручка в рублях/Фильтр ДЗО' is clicked on

06-11-2024T04:57:27 - [MESSAGE][PASSED] - Object: 'Object Repository/Выручка в рублях/Фильтр ДЗО' is clicked on

06-11-2024T04:57:27 - [TEST_STEP][PASSED] - click(findTestObject("Выручка в рублях/Снять выделение в фильтре ДЗО" + nameOfBlock)): Object: 'Object Repository/Выручка в рублях/Снять выделение в фильтре ДЗО' is clicked on

06-11-2024T04:57:27 - [MESSAGE][PASSED] - Object: 'Object Repository/Выручка в рублях/Снять выделение в фильтре ДЗО' is clicked on

06-11-2024T04:57:27 - [TEST_STEP][PASSED] - click(findTestObject("Выручка в рублях/Применить в фильтре ДЗО" + nameOfBlock)): Object: 'Object Repository/Выручка в рублях/Применить в фильтре ДЗО' is clicked on

06-11-2024T04:57:28 - [MESSAGE][PASSED] - Object: 'Object Repository/Выручка в рублях/Применить в фильтре ДЗО' is clicked on

06-11-2024T04:57:28 - [TEST_STEP][PASSED] - delay(50): Delayed 50 second(s)

06-11-2024T04:58:18 - [MESSAGE][PASSED] - Delayed 50 second(s)

06-11-2024T04:58:18 - [TEST_STEP][PASSED] - Script1710234207206.Tumbler(run, vir, block, nameOfBlock): null

06-11-2024T04:58:18 - [TEST_STEP][PASSED] - println("run:" + run): null

06-11-2024T04:58:18 - [TEST_STEP][PASSED] - println("vir:" + vir): null

06-11-2024T04:58:18 - [TEST_STEP][PASSED] - println("block:" + block): null

06-11-2024T04:58:18 - [TEST_STEP][PASSED] - println("nameOfBlock:" + nameOfBlock): null

06-11-2024T04:58:18 - [TEST_STEP][PASSED] - if (vir == 1): null

06-11-2024T04:58:18 - [TEST_STEP][PASSED] - if (run == 2): null

06-11-2024T04:58:18 - [TEST_STEP][PASSED] - click(findTestObject("Выручка в рублях/Фильтр ДЗО" + nameOfBlock)): Object: 'Object Repository/Выручка в рублях/Фильтр ДЗО' is clicked on

06-11-2024T04:58:18 - [MESSAGE][PASSED] - Object: 'Object Repository/Выручка в рублях/Фильтр ДЗО' is clicked on

06-11-2024T04:58:18 - [TEST_STEP][PASSED] - Script1710234207206.Rosseti(nameOfBlock): null

06-11-2024T04:58:18 - [TEST_STEP][PASSED] - println("nameOfBlock:" + nameOfBlock): null

06-11-2024T04:58:18 - [TEST_STEP][PASSED] - click(findTestObject("Выручка в рублях/ПАО Россети" + nameOfBlock)): Object: 'Object Repository/Выручка в рублях/ПАО Россети' is clicked on

06-11-2024T04:58:19 - [MESSAGE][PASSED] - Object: 'Object Repository/Выручка в рублях/ПАО Россети' is clicked on

06-11-2024T04:58:19 - [TEST_STEP][PASSED] - click(findTestObject("Выручка в рублях/Применить в фильтре ДЗО" + nameOfBlock)): Object: 'Object Repository/Выручка в рублях/Применить в фильтре ДЗО' is clicked on

06-11-2024T04:58:19 - [MESSAGE][PASSED] - Object: 'Object Repository/Выручка в рублях/Применить в фильтре ДЗО' is clicked on

06-11-2024T04:58:19 - [TEST_STEP][PASSED] - if (run == 2): null

06-11-2024T04:58:19 - [TEST_STEP][PASSED] - if (vir == 1 || vir == 2): Text of object 'Object Repository/Выручка в рублях/График План' is: '1 056 816'

06-11-2024T04:58:19 - [TEST_STEP][PASSED] - a1 = getText(findTestObject("Выручка в рублях/График План")): Text of object 'Object Repository/Выручка в рублях/График План' is: '1 056 816'

06-11-2024T04:58:21 - [MESSAGE][PASSED] - Text of object 'Object Repository/Выручка в рублях/График План' is: '1 056 816'

06-11-2024T04:58:21 - [TEST_STEP][PASSED] - if (vir == 1 || vir == 2): Text of object 'Object Repository/Выручка в рублях/График Факт' is: '1 056 549'

06-11-2024T04:58:21 - [TEST_STEP][PASSED] - a2 = getText(findTestObject("Выручка в рублях/График Факт")): Text of object 'Object Repository/Выручка в рублях/График Факт' is: '1 056 549'

06-11-2024T04:58:22 - [MESSAGE][PASSED] - Text of object 'Object Repository/Выручка в рублях/График Факт' is: '1 056 549'

06-11-2024T04:58:22 - [TEST_STEP][PASSED] - a30 = getText(findTestObject("Выручка в рублях/span1" + perc)): Text of object 'Object Repository/Выручка в рублях/span1' is: '-267.6 млн.руб.'

06-11-2024T04:58:22 - [MESSAGE][PASSED] - Text of object 'Object Repository/Выручка в рублях/span1' is: '-267.6 млн.руб.'

06-11-2024T04:58:22 - [TEST_STEP][PASSED] - i = a30.indexOf("млн.руб."): null

06-11-2024T04:58:22 - [TEST_STEP][PASSED] - if (i > -1): null

06-11-2024T04:58:22 - [TEST_STEP][PASSED] - a30 = a30.substring(0, i): null

06-11-2024T04:58:22 - [TEST_STEP][PASSED] - a30 = a30.replaceAll(" ", ""): null

06-11-2024T04:58:22 - [TEST_STEP][PASSED] - if (a30.contains("%")): null

06-11-2024T04:58:22 - [TEST_STEP][PASSED] - a30 = ").trim(): null

06-11-2024T04:58:22 - [TEST_STEP][PASSED] - println("a30: " + a30): null

06-11-2024T04:58:22 - [TEST_STEP][PASSED] - if (vir == 1 || vir == 2): Text of object 'Object Repository/Выручка в рублях/span2' is: '239'

06-11-2024T04:58:22 - [TEST_STEP][PASSED] - a31 = ").trim(): Text of object 'Object Repository/Выручка в рублях/span2' is: '239'

06-11-2024T04:58:22 - [MESSAGE][PASSED] - Text of object 'Object Repository/Выручка в рублях/span2' is: '239'

06-11-2024T04:58:22 - [TEST_STEP][PASSED] - if (vir == 1 || vir == 2): Text of object 'Object Repository/Выручка в рублях/span3' is: '68'

06-11-2024T04:58:22 - [TEST_STEP][PASSED] - a32 = ").trim(): Text of object 'Object Repository/Выручка в рублях/span3' is: '68'

06-11-2024T04:58:23 - [MESSAGE][PASSED] - Text of object 'Object Repository/Выручка в рублях/span3' is: '68'

06-11-2024T04:58:23 - [TEST_STEP][PASSED] - if (vir == 1 || vir == 2): Text of object 'Object Repository/Выручка в рублях/span8' is: '821'

06-11-2024T04:58:23 - [TEST_STEP][PASSED] - a33 = ").trim(): Text of object 'Object Repository/Выручка в рублях/span4' is: '25'

06-11-2024T04:58:23 - [MESSAGE][PASSED] - Text of object 'Object Repository/Выручка в рублях/span4' is: '25'

06-11-2024T04:58:23 - [TEST_STEP][PASSED] - a34 = ").trim(): Text of object 'Object Repository/Выручка в рублях/span5' is: '3 470'

06-11-2024T04:58:23 - [MESSAGE][PASSED] - Text of object 'Object Repository/Выручка в рублях/span5' is: '3 470'

06-11-2024T04:58:23 - [TEST_STEP][PASSED] - a35 = ").trim(): Text of object 'Object Repository/Выручка в рублях/span6' is: '3 855'

06-11-2024T04:58:24 - [MESSAGE][PASSED] - Text of object 'Object Repository/Выручка в рублях/span6' is: '3 855'

06-11-2024T04:58:24 - [TEST_STEP][PASSED] - a36 = ").trim(): Text of object 'Object Repository/Выручка в рублях/span7' is: '6 900'

06-11-2024T04:58:24 - [MESSAGE][PASSED] - Text of object 'Object Repository/Выручка в рублях/span7' is: '6 900'

06-11-2024T04:58:24 - [TEST_STEP][PASSED] - a37 = ").trim(): Text of object 'Object Repository/Выручка в рублях/span8' is: '821'

06-11-2024T04:58:24 - [MESSAGE][PASSED] - Text of object 'Object Repository/Выручка в рублях/span8' is: '821'

06-11-2024T04:58:24 - [TEST_STEP][PASSED] - if (vir == 1 || vir == 2): Text of object 'Object Repository/Выручка в рублях/span17' is: '1 315'

06-11-2024T04:58:24 - [TEST_STEP][PASSED] - a38 = ").trim(): Text of object 'Object Repository/Выручка в рублях/span9' is: '839'

06-11-2024T04:58:24 - [MESSAGE][PASSED] - Text of object 'Object Repository/Выручка в рублях/span9' is: '839'

06-11-2024T04:58:24 - [TEST_STEP][PASSED] - a39 = ").trim(): Text of object 'Object Repository/Выручка в рублях/span10' is: '2 116'

06-11-2024T04:58:25 - [MESSAGE][PASSED] - Text of object 'Object Repository/Выручка в рублях/span10' is: '2 116'

06-11-2024T04:58:25 - [TEST_STEP][PASSED] - a310 = ").trim(): Text of object 'Object Repository/Выручка в рублях/span11' is: '213'

06-11-2024T04:58:25 - [MESSAGE][PASSED] - Text of object 'Object Repository/Выручка в рублях/span11' is: '213'

06-11-2024T04:58:25 - [TEST_STEP][PASSED] - a311 = ").trim(): Text of object 'Object Repository/Выручка в рублях/span12' is: '-4 312'

06-11-2024T04:58:25 - [MESSAGE][PASSED] - Text of object 'Object Repository/Выручка в рублях/span12' is: '-4 312'

06-11-2024T04:58:25 - [TEST_STEP][PASSED] - a312 = ").trim(): Text of object 'Object Repository/Выручка в рублях/span13' is: '1 715'

06-11-2024T04:58:26 - [MESSAGE][PASSED] - Text of object 'Object Repository/Выручка в рублях/span13' is: '1 715'

06-11-2024T04:58:26 - [TEST_STEP][PASSED] - a313 = ").trim(): Text of object 'Object Repository/Выручка в рублях/span14' is: '-25 094'

06-11-2024T04:58:26 - [MESSAGE][PASSED] - Text of object 'Object Repository/Выручка в рублях/span14' is: '-25 094'

06-11-2024T04:58:26 - [TEST_STEP][PASSED] - a314 = ").trim(): Text of object 'Object Repository/Выручка в рублях/span15' is: '3 410'

06-11-2024T04:58:26 - [MESSAGE][PASSED] - Text of object 'Object Repository/Выручка в рублях/span15' is: '3 410'

06-11-2024T04:58:26 - [TEST_STEP][PASSED] - a315 = ").trim(): Text of object 'Object Repository/Выручка в рублях/span16' is: '3 873'

06-11-2024T04:58:26 - [MESSAGE][PASSED] - Text of object 'Object Repository/Выручка в рублях/span16' is: '3 873'

06-11-2024T04:58:26 - [TEST_STEP][PASSED] - a316 = ").trim(): Text of object 'Object Repository/Выручка в рублях/span17' is: '1 315'

06-11-2024T04:58:27 - [MESSAGE][PASSED] - Text of object 'Object Repository/Выручка в рублях/span17' is: '1 315'

06-11-2024T04:58:27 - [TEST_STEP][PASSED] - if (vir == 1 || vir == 2): Text of object 'Object Repository/Выручка в рублях/span18' is: '277'

06-11-2024T04:58:27 - [TEST_STEP][PASSED] - a317 = ").trim(): Text of object 'Object Repository/Выручка в рублях/span18' is: '277'

06-11-2024T04:58:27 - [MESSAGE][PASSED] - Text of object 'Object Repository/Выручка в рублях/span18' is: '277'

06-11-2024T04:58:27 - [TEST_STEP][PASSED] - block = 2: null

06-11-2024T04:58:27 - [TEST_STEP][PASSED] - nameOfBlock = " Выручка": null

06-11-2024T04:58:27 - [TEST_STEP][PASSED] - Script1710234207206.PreSettings(run, vir, block, nameOfBlock, typeOfData, todaysDate): null

06-11-2024T04:58:27 - [TEST_STEP][PASSED] - openBrowser(""): Browser is opened with url: ''

06-11-2024T04:58:27 - [MESSAGE][WARNING] - A browser is already opened. Closing browser and opening a new one

06-11-2024T04:58:27 - [MESSAGE][INFO] - Starting 'Chrome' driver

06-11-2024T04:58:27 - [MESSAGE][INFO] - Action delay is set to 0 milliseconds

06-11-2024T04:58:28 - [MESSAGE][PASSED] - Browser is opened with url: ''

06-11-2024T04:58:28 - [TEST_STEP][PASSED] - refresh(): Refresh successfully

06-11-2024T04:58:28 - [MESSAGE][PASSED] - Refresh successfully

06-11-2024T04:58:28 - [TEST_STEP][PASSED] - delay(50): Delayed 50 second(s)

06-11-2024T04:59:18 - [MESSAGE][PASSED] - Delayed 50 second(s)

06-11-2024T04:59:18 - [TEST_STEP][PASSED] - println("run:" + run): null

06-11-2024T04:59:18 - [TEST_STEP][PASSED] - println("vir:" + vir): null

06-11-2024T04:59:18 - [TEST_STEP][PASSED] - println("block:" + block): null

06-11-2024T04:59:18 - [TEST_STEP][PASSED] - if (block == 1): null

06-11-2024T04:59:18 - [TEST_STEP][PASSED] - else: null

06-11-2024T04:59:18 - [TEST_STEP][PASSED] - nameOfBlock = " Выручка": null

06-11-2024T04:59:18 - [TEST_STEP][PASSED] - println("nameOfBlock:" + nameOfBlock): null

06-11-2024T04:59:18 - [TEST_STEP][PASSED] - println("typeOfData:" + typeOfData): null

06-11-2024T04:59:18 - [TEST_STEP][PASSED] - println("todaysDate:" + todaysDate): null

06-11-2024T04:59:18 - [TEST_STEP][PASSED] - Script1710234207206.Autorization(block, nameOfBlock): null

06-11-2024T04:59:18 - [TEST_STEP][PASSED] - i = <not implemented yet for class: org.codehaus.groovy.ast.expr.EmptyExpression>: null

06-11-2024T04:59:18 - [TEST_STEP][PASSED] - ii = <not implemented yet for class: org.codehaus.groovy.ast.expr.EmptyExpression>: null

06-11-2024T04:59:18 - [TEST_STEP][PASSED] - urlData = <not implemented yet for class: org.codehaus.groovy.ast.expr.EmptyExpression>: null

06-11-2024T04:59:18 - [TEST_STEP][PASSED] - searchWord = <not implemented yet for class: org.codehaus.groovy.ast.expr.EmptyExpression>: null

06-11-2024T04:59:18 - [TEST_STEP][PASSED] - urlText = <not implemented yet for class: org.codehaus.groovy.ast.expr.EmptyExpression>: null

06-11-2024T04:59:18 - [TEST_STEP][PASSED] - println("block:" + block): null

06-11-2024T04:59:18 - [TEST_STEP][PASSED] - if (block == 1): null

06-11-2024T04:59:18 - [TEST_STEP][PASSED] - else: null

06-11-2024T04:59:18 - [TEST_STEP][PASSED] - delay(45): Delayed 45 second(s)

06-11-2024T05:00:03 - [MESSAGE][PASSED] - Delayed 45 second(s)

06-11-2024T05:00:03 - [TEST_STEP][PASSED] - nameOfBlock = " Выручка": null

06-11-2024T05:00:03 - [TEST_STEP][PASSED] - println("nameOfBlock:" + nameOfBlock): null

06-11-2024T05:00:03 - [TEST_STEP][PASSED] - if (block == 1): null

06-11-2024T05:00:03 - [TEST_STEP][PASSED] - else: Delayed 45 second(s)

06-11-2024T05:00:03 - [TEST_STEP][PASSED] - urlData = 9: null

06-11-2024T05:00:03 - [TEST_STEP][PASSED] - delay(45): Delayed 45 second(s)

06-11-2024T05:00:48 - [MESSAGE][PASSED] - Delayed 45 second(s)

06-11-2024T05:00:48 - [TEST_STEP][PASSED] - navigateToUrl(findTestData("PlanFact").getValue(10, urlData)): Navigate to 'https://bi.rosseti.digital/viewer?dashboardGuid=a1fd28b3785d443cbc4d7690a1d78e31&sheetGuid=86092a20c5984827a0c87b24cac76a50&fit=true' successfully

06-11-2024T05:00:56 - [MESSAGE][PASSED] - Navigate to 'https://bi.rosseti.digital/viewer?dashboardGuid=a1fd28b3785d443cbc4d7690a1d78e31&sheetGuid=86092a20c5984827a0c87b24cac76a50&fit=true' successfully

06-11-2024T05:00:56 - [TEST_STEP][PASSED] - urlText = getText(findTestObject("Страница авторизации/Text")): Text of object 'Object Repository/Страница авторизации/Text' is: 'Вход'

06-11-2024T05:00:56 - [MESSAGE][PASSED] - Text of object 'Object Repository/Страница авторизации/Text' is: 'Вход'

06-11-2024T05:00:56 - [TEST_STEP][PASSED] - searchWord = "Вход": null

06-11-2024T05:00:56 - [TEST_STEP][PASSED] - if (urlText == null || urlText.contains("ошибка") || urlText.contains(searchWord) == false): null

06-11-2024T05:00:56 - [TEST_STEP][PASSED] - if (verifyElementPresent(findTestObject("Страница авторизации/button_"), 30) == true): null

06-11-2024T05:00:57 - [MESSAGE][PASSED] - Object 'Object Repository/Страница авторизации/button_' is present

06-11-2024T05:00:57 - [TEST_STEP][PASSED] - setText(findTestObject("Страница авторизации/input__username"), findTestData("PlanFact").getValue(8, 1)): Text 'liazgina-di' is set on object 'Object Repository/Страница авторизации/input__username'

06-11-2024T05:00:57 - [MESSAGE][PASSED] - Text 'liazgina-di' is set on object 'Object Repository/Страница авторизации/input__username'

06-11-2024T05:00:57 - [TEST_STEP][PASSED] - setText(findTestObject("Страница авторизации/input__password"), findTestData("PlanFact").getValue(9, 1)): Text ')$%5srZ8o688Dm#q' is set on object 'Object Repository/Страница авторизации/input__password'

06-11-2024T05:00:58 - [MESSAGE][PASSED] - Text ')$%5srZ8o688Dm#q' is set on object 'Object Repository/Страница авторизации/input__password'

06-11-2024T05:00:58 - [TEST_STEP][PASSED] - click(findTestObject("Страница авторизации/button_")): Object: 'Object Repository/Страница авторизации/button_' is clicked on

06-11-2024T05:01:01 - [MESSAGE][PASSED] - Object: 'Object Repository/Страница авторизации/button_' is clicked on

06-11-2024T05:01:01 - [TEST_STEP][PASSED] - delay(45): Delayed 45 second(s)

06-11-2024T05:01:46 - [MESSAGE][PASSED] - Delayed 45 second(s)

06-11-2024T05:01:46 - [TEST_STEP][PASSED] - urlText = getText(findTestObject("Страница авторизации/Text")): Text of object 'Object Repository/Страница авторизации/Text' is: 'Период
Выбрано: 3
Выручка
Все
Выполнение плановых показателей, млн.руб.
План
Факт
Динамика
2024 год
0 млн.руб.
100 000 млн.руб.
200 000 млн.руб.
300 000 млн.руб.
400 000 млн.руб.
500 000 млн.руб.
600 000 млн.руб.
700 000 млн.руб.
800 000 млн.руб.
900 000 млн.руб.
1 000 000 млн.руб.
1 100 000 млн.руб.
1 200 000 млн.руб.
1 300 000 млн.руб.
1 056 816
1 056 549
↓
ДЗО 
Все
Подписи данных
⬤Отклонение
АО «Тываэнерго»
АО «Чеченэнерго»
Россети Волга
Россети Кубань
Россети Ленэнерго (ГК)
Россети Московский регион
Россети Северный Кавказ (ГК)
Россети Северо-Запад
Россети Сибирь (ГК)
Россети Томск
Россети Тюмень
Россети Урал (ГК)
Россети ФСК ЕЭС
Россети Центр
Россети Центр и Приволжье (ГК)
Россети Юг (ГК)
Россети Янтарь
-27 500 млн.руб.
-25 000 млн.руб.
-22 500 млн.руб.
-20 000 млн.руб.
-17 500 млн.руб.
-15 000 млн.руб.
-12 500 млн.руб.
-10 000 млн.руб.
-7 500 млн.руб.
-5 000 млн.руб.
-2 500 млн.руб.
0 млн.руб.
2 500 млн.руб.
5 000 млн.руб.
7 500 млн.руб.
10 000 млн.руб.
239
68
25
3 470
3 855
6 900
821
839
2 116
213
-4 312
1 715
-25 094
3 410
3 873
1 315
277
млн.
%
Выручка
Отклонение выручки (факт/план, млн. руб) 
ПАО Россети
-267.6 млн.руб.
Статус данных
×
Просьба обратить внимание
Данные занесены не полностью
ВЫБРАННЫЕ ЗНАЧЕНИЯ ФИЛЬТРОВ
ДЗО | ПЕРИОД
ПАО Россети: [«Выбраны все филиалы по всем ДЗО по всем категориям»]
2024: [Янв, Фев, Мар, Апр, Май, Июн, Июл, Авг, Сен]
*Внутренний оборот'

06-11-2024T05:01:47 - [MESSAGE][PASSED] - Text of object 'Object Repository/Страница авторизации/Text' is: 'Период
Выбрано: 3
Выручка
Все
Выполнение плановых показателей, млн.руб.
План
Факт
Динамика
2024 год
0 млн.руб.
100 000 млн.руб.
200 000 млн.руб.
300 000 млн.руб.
400 000 млн.руб.
500 000 млн.руб.
600 000 млн.руб.
700 000 млн.руб.
800 000 млн.руб.
900 000 млн.руб.
1 000 000 млн.руб.
1 100 000 млн.руб.
1 200 000 млн.руб.
1 300 000 млн.руб.
1 056 816
1 056 549
↓
ДЗО 
Все
Подписи данных
⬤Отклонение
АО «Тываэнерго»
АО «Чеченэнерго»
Россети Волга
Россети Кубань
Россети Ленэнерго (ГК)
Россети Московский регион
Россети Северный Кавказ (ГК)
Россети Северо-Запад
Россети Сибирь (ГК)
Россети Томск
Россети Тюмень
Россети Урал (ГК)
Россети ФСК ЕЭС
Россети Центр
Россети Центр и Приволжье (ГК)
Россети Юг (ГК)
Россети Янтарь
-27 500 млн.руб.
-25 000 млн.руб.
-22 500 млн.руб.
-20 000 млн.руб.
-17 500 млн.руб.
-15 000 млн.руб.
-12 500 млн.руб.
-10 000 млн.руб.
-7 500 млн.руб.
-5 000 млн.руб.
-2 500 млн.руб.
0 млн.руб.
2 500 млн.руб.
5 000 млн.руб.
7 500 млн.руб.
10 000 млн.руб.
239
68
25
3 470
3 855
6 900
821
839
2 116
213
-4 312
1 715
-25 094
3 410
3 873
1 315
277
млн.
%
Выручка
Отклонение выручки (факт/план, млн. руб) 
ПАО Россети
-267.6 млн.руб.
Статус данных
×
Просьба обратить внимание
Данные занесены не полностью
ВЫБРАННЫЕ ЗНАЧЕНИЯ ФИЛЬТРОВ
ДЗО | ПЕРИОД
ПАО Россети: [«Выбраны все филиалы по всем ДЗО по всем категориям»]
2024: [Янв, Фев, Мар, Апр, Май, Июн, Июл, Авг, Сен]
*Внутренний оборот'

06-11-2024T05:01:47 - [TEST_STEP][PASSED] - searchWord = "а": null

06-11-2024T05:01:47 - [TEST_STEP][PASSED] - if (urlText.contains("ошибка") || urlText.contains(searchWord) == false): null

06-11-2024T05:01:47 - [TEST_STEP][PASSED] - delay(45): Delayed 45 second(s)

06-11-2024T05:02:32 - [MESSAGE][PASSED] - Delayed 45 second(s)

06-11-2024T05:02:32 - [TEST_STEP][PASSED] - if (block == 2): Delayed 50 second(s)

06-11-2024T05:02:32 - [TEST_STEP][PASSED] - opoveshenie = getText(findTestObject("Выручка в рублях/Просьба обратить внимание")): Text of object 'Object Repository/Выручка в рублях/Просьба обратить внимание' is: 'Просьба обратить внимание'

06-11-2024T05:02:32 - [MESSAGE][PASSED] - Text of object 'Object Repository/Выручка в рублях/Просьба обратить внимание' is: 'Просьба обратить внимание'

06-11-2024T05:02:32 - [TEST_STEP][PASSED] - if (opoveshenie == "Просьба обратить внимание"): Delayed 50 second(s)

06-11-2024T05:02:32 - [TEST_STEP][PASSED] - click(findTestObject("Выручка в рублях/Закрыть оповещение")): Object: 'Object Repository/Выручка в рублях/Закрыть оповещение' is clicked on

06-11-2024T05:02:32 - [MESSAGE][PASSED] - Object: 'Object Repository/Выручка в рублях/Закрыть оповещение' is clicked on

06-11-2024T05:02:32 - [TEST_STEP][PASSED] - delay(50): Delayed 50 second(s)

06-11-2024T05:03:22 - [MESSAGE][PASSED] - Delayed 50 second(s)

06-11-2024T05:03:22 - [TEST_STEP][PASSED] - click(findTestObject("Выручка в рублях/Фильтр Период" + nameOfBlock)): Object: 'Object Repository/Выручка в рублях/Фильтр Период Выручка' is clicked on

06-11-2024T05:03:23 - [MESSAGE][PASSED] - Object: 'Object Repository/Выручка в рублях/Фильтр Период Выручка' is clicked on

06-11-2024T05:03:23 - [TEST_STEP][PASSED] - click(findTestObject("Выручка в рублях/Снять выделение в фильтре Дата" + nameOfBlock)): Object: 'Object Repository/Выручка в рублях/Снять выделение в фильтре Дата Выручка' is clicked on

06-11-2024T05:03:23 - [MESSAGE][PASSED] - Object: 'Object Repository/Выручка в рублях/Снять выделение в фильтре Дата Выручка' is clicked on

06-11-2024T05:03:23 - [TEST_STEP][PASSED] - click(findTestObject("Выручка в рублях/Применить в фильтре Дата" + nameOfBlock)): Object: 'Object Repository/Выручка в рублях/Применить в фильтре Дата Выручка' is clicked on

06-11-2024T05:03:24 - [MESSAGE][PASSED] - Object: 'Object Repository/Выручка в рублях/Применить в фильтре Дата Выручка' is clicked on

06-11-2024T05:03:24 - [TEST_STEP][PASSED] - delay(50): Delayed 50 second(s)

06-11-2024T05:04:14 - [MESSAGE][PASSED] - Delayed 50 second(s)

06-11-2024T05:04:14 - [TEST_STEP][PASSED] - click(findTestObject("Выручка в рублях/Фильтр Период" + nameOfBlock)): Object: 'Object Repository/Выручка в рублях/Фильтр Период Выручка' is clicked on

06-11-2024T05:04:14 - [MESSAGE][PASSED] - Object: 'Object Repository/Выручка в рублях/Фильтр Период Выручка' is clicked on

06-11-2024T05:04:14 - [TEST_STEP][PASSED] - click(findTestObject("Выручка в рублях/Снять выделение в фильтре Дата" + nameOfBlock)): Object: 'Object Repository/Выручка в рублях/Снять выделение в фильтре Дата Выручка' is clicked on

06-11-2024T05:04:15 - [MESSAGE][PASSED] - Object: 'Object Repository/Выручка в рублях/Снять выделение в фильтре Дата Выручка' is clicked on

06-11-2024T05:04:15 - [TEST_STEP][PASSED] - scrollToElement(findTestObject("Выручка в рублях/2024 список" + nameOfBlock), 30): Scroll to object 'Object Repository/Выручка в рублях/2024 список Выручка' successfully

06-11-2024T05:04:15 - [MESSAGE][PASSED] - Scroll to object 'Object Repository/Выручка в рублях/2024 список Выручка' successfully

06-11-2024T05:04:15 - [TEST_STEP][PASSED] - click(findTestObject("Выручка в рублях/2024 список" + nameOfBlock)): Object: 'Object Repository/Выручка в рублях/2024 список Выручка' is clicked on

06-11-2024T05:04:15 - [MESSAGE][PASSED] - Object: 'Object Repository/Выручка в рублях/2024 список Выручка' is clicked on

06-11-2024T05:04:15 - [TEST_STEP][PASSED] - scrollToElement(findTestObject("Выручка в рублях/1 квартал 2024 выбрать" + nameOfBlock), 30): Scroll to object 'Object Repository/Выручка в рублях/1 квартал 2024 выбрать Выручка' successfully

06-11-2024T05:04:16 - [MESSAGE][PASSED] - Scroll to object 'Object Repository/Выручка в рублях/1 квартал 2024 выбрать Выручка' successfully

06-11-2024T05:04:16 - [TEST_STEP][PASSED] - click(findTestObject("Выручка в рублях/1 квартал 2024 выбрать" + nameOfBlock)): Object: 'Object Repository/Выручка в рублях/1 квартал 2024 выбрать Выручка' is clicked on

06-11-2024T05:04:16 - [MESSAGE][PASSED] - Object: 'Object Repository/Выручка в рублях/1 квартал 2024 выбрать Выручка' is clicked on

06-11-2024T05:04:16 - [TEST_STEP][PASSED] - scrollToElement(findTestObject("Выручка в рублях/2 квартал 2024 выбрать" + nameOfBlock), 30): Scroll to object 'Object Repository/Выручка в рублях/2 квартал 2024 выбрать Выручка' successfully

06-11-2024T05:04:17 - [MESSAGE][PASSED] - Scroll to object 'Object Repository/Выручка в рублях/2 квартал 2024 выбрать Выручка' successfully

06-11-2024T05:04:17 - [TEST_STEP][PASSED] - click(findTestObject("Выручка в рублях/2 квартал 2024 выбрать" + nameOfBlock)): Object: 'Object Repository/Выручка в рублях/2 квартал 2024 выбрать Выручка' is clicked on

06-11-2024T05:04:17 - [MESSAGE][PASSED] - Object: 'Object Repository/Выручка в рублях/2 квартал 2024 выбрать Выручка' is clicked on

06-11-2024T05:04:17 - [TEST_STEP][PASSED] - scrollToElement(findTestObject("Выручка в рублях/3 квартал 2024 список" + nameOfBlock), 30): Scroll to object 'Object Repository/Выручка в рублях/3 квартал 2024 список Выручка' successfully

06-11-2024T05:04:18 - [MESSAGE][PASSED] - Scroll to object 'Object Repository/Выручка в рублях/3 квартал 2024 список Выручка' successfully

06-11-2024T05:04:18 - [TEST_STEP][PASSED] - click(findTestObject("Выручка в рублях/3 квартал 2024" + nameOfBlock)): Object: 'Object Repository/Выручка в рублях/3 квартал 2024 Выручка' is clicked on

06-11-2024T05:04:18 - [MESSAGE][PASSED] - Object: 'Object Repository/Выручка в рублях/3 квартал 2024 Выручка' is clicked on

06-11-2024T05:04:18 - [TEST_STEP][PASSED] - scrollToElement(findTestObject("Выручка в рублях/Заголовок дашборда" + nameOfBlock), 30): Scroll to object 'Object Repository/Выручка в рублях/Заголовок дашборда Выручка' successfully

06-11-2024T05:04:18 - [MESSAGE][PASSED] - Scroll to object 'Object Repository/Выручка в рублях/Заголовок дашборда Выручка' successfully

06-11-2024T05:04:18 - [TEST_STEP][PASSED] - click(findTestObject("Выручка в рублях/Применить в фильтре Дата" + nameOfBlock)): Object: 'Object Repository/Выручка в рублях/Применить в фильтре Дата Выручка' is clicked on

06-11-2024T05:04:19 - [MESSAGE][PASSED] - Object: 'Object Repository/Выручка в рублях/Применить в фильтре Дата Выручка' is clicked on

06-11-2024T05:04:19 - [TEST_STEP][PASSED] - delay(55): Delayed 55 second(s)

06-11-2024T05:05:14 - [MESSAGE][PASSED] - Delayed 55 second(s)

06-11-2024T05:05:14 - [TEST_STEP][PASSED] - click(findTestObject("Выручка в рублях/Фильтр ДЗО" + nameOfBlock)): Object: 'Object Repository/Выручка в рублях/Фильтр ДЗО Выручка' is clicked on

06-11-2024T05:05:14 - [MESSAGE][PASSED] - Object: 'Object Repository/Выручка в рублях/Фильтр ДЗО Выручка' is clicked on

06-11-2024T05:05:14 - [TEST_STEP][PASSED] - click(findTestObject("Выручка в рублях/Снять выделение в фильтре ДЗО" + nameOfBlock)): Object: 'Object Repository/Выручка в рублях/Снять выделение в фильтре ДЗО Выручка' is clicked on

06-11-2024T05:05:15 - [MESSAGE][PASSED] - Object: 'Object Repository/Выручка в рублях/Снять выделение в фильтре ДЗО Выручка' is clicked on

06-11-2024T05:05:15 - [TEST_STEP][PASSED] - click(findTestObject("Выручка в рублях/Применить в фильтре ДЗО" + nameOfBlock)): Object: 'Object Repository/Выручка в рублях/Применить в фильтре ДЗО Выручка' is clicked on

06-11-2024T05:05:15 - [MESSAGE][PASSED] - Object: 'Object Repository/Выручка в рублях/Применить в фильтре ДЗО Выручка' is clicked on

06-11-2024T05:05:15 - [TEST_STEP][PASSED] - delay(50): Delayed 50 second(s)

06-11-2024T05:06:05 - [MESSAGE][PASSED] - Delayed 50 second(s)

06-11-2024T05:06:05 - [TEST_STEP][PASSED] - Script1710234207206.Tumbler(run, vir, block, nameOfBlock): null

06-11-2024T05:06:05 - [TEST_STEP][PASSED] - println("run:" + run): null

06-11-2024T05:06:05 - [TEST_STEP][PASSED] - println("vir:" + vir): null

06-11-2024T05:06:05 - [TEST_STEP][PASSED] - println("block:" + block): null

06-11-2024T05:06:05 - [TEST_STEP][PASSED] - println("nameOfBlock:" + nameOfBlock): null

06-11-2024T05:06:05 - [TEST_STEP][PASSED] - if (vir == 1): null

06-11-2024T05:06:05 - [TEST_STEP][PASSED] - if (run == 2): null

06-11-2024T05:06:05 - [TEST_STEP][PASSED] - click(findTestObject("Выручка в рублях/Фильтр ДЗО" + nameOfBlock)): Object: 'Object Repository/Выручка в рублях/Фильтр ДЗО Выручка' is clicked on

06-11-2024T05:06:06 - [MESSAGE][PASSED] - Object: 'Object Repository/Выручка в рублях/Фильтр ДЗО Выручка' is clicked on

06-11-2024T05:06:06 - [TEST_STEP][PASSED] - Script1710234207206.Rosseti(nameOfBlock): null

06-11-2024T05:06:06 - [TEST_STEP][PASSED] - println("nameOfBlock:" + nameOfBlock): null

06-11-2024T05:06:06 - [TEST_STEP][PASSED] - click(findTestObject("Выручка в рублях/ПАО Россети" + nameOfBlock)): Object: 'Object Repository/Выручка в рублях/ПАО Россети Выручка' is clicked on

06-11-2024T05:06:06 - [MESSAGE][PASSED] - Object: 'Object Repository/Выручка в рублях/ПАО Россети Выручка' is clicked on

06-11-2024T05:06:06 - [TEST_STEP][PASSED] - click(findTestObject("Выручка в рублях/Применить в фильтре ДЗО" + nameOfBlock)): Object: 'Object Repository/Выручка в рублях/Применить в фильтре ДЗО Выручка' is clicked on

06-11-2024T05:06:07 - [MESSAGE][PASSED] - Object: 'Object Repository/Выручка в рублях/Применить в фильтре ДЗО Выручка' is clicked on

06-11-2024T05:06:07 - [TEST_STEP][PASSED] - if (vir == 1 || vir == 2): Text of object 'Object Repository/Выручка в рублях/График План Выручка' is: '1 056 816'

06-11-2024T05:06:07 - [TEST_STEP][PASSED] - b1 = getText(findTestObject("Выручка в рублях/График План Выручка")): Text of object 'Object Repository/Выручка в рублях/График План Выручка' is: '1 056 816'

06-11-2024T05:06:09 - [MESSAGE][PASSED] - Text of object 'Object Repository/Выручка в рублях/График План Выручка' is: '1 056 816'

06-11-2024T05:06:09 - [TEST_STEP][PASSED] - if (vir == 1 || vir == 2): Text of object 'Object Repository/Выручка в рублях/График Факт Выручка' is: '1 056 549'

06-11-2024T05:06:09 - [TEST_STEP][PASSED] - b2 = getText(findTestObject("Выручка в рублях/График Факт Выручка")): Text of object 'Object Repository/Выручка в рублях/График Факт Выручка' is: '1 056 549'

06-11-2024T05:06:09 - [MESSAGE][PASSED] - Text of object 'Object Repository/Выручка в рублях/График Факт Выручка' is: '1 056 549'

06-11-2024T05:06:09 - [TEST_STEP][PASSED] - b30 = getText(findTestObject("Выручка в рублях/span1" + perc)): Text of object 'Object Repository/Выручка в рублях/span1' is: '-267.6 млн.руб.'

06-11-2024T05:06:10 - [MESSAGE][PASSED] - Text of object 'Object Repository/Выручка в рублях/span1' is: '-267.6 млн.руб.'

06-11-2024T05:06:10 - [TEST_STEP][PASSED] - i = b30.indexOf("млн.руб."): null

06-11-2024T05:06:10 - [TEST_STEP][PASSED] - if (i > -1): null

06-11-2024T05:06:10 - [TEST_STEP][PASSED] - b30 = b30.substring(0, i): null

06-11-2024T05:06:10 - [TEST_STEP][PASSED] - b30 = b30.replaceAll(" ", ""): null

06-11-2024T05:06:10 - [TEST_STEP][PASSED] - if (b30.contains("%")): null

06-11-2024T05:06:10 - [TEST_STEP][PASSED] - b30 = ").trim(): null

06-11-2024T05:06:10 - [TEST_STEP][PASSED] - println("b30: " + b30): null

06-11-2024T05:06:10 - [TEST_STEP][PASSED] - if (vir == 1 || vir == 2): Text of object 'Object Repository/Выручка в рублях/span2' is: '239'

06-11-2024T05:06:10 - [TEST_STEP][PASSED] - b31 = ").trim(): Text of object 'Object Repository/Выручка в рублях/span2' is: '239'

06-11-2024T05:06:10 - [MESSAGE][PASSED] - Text of object 'Object Repository/Выручка в рублях/span2' is: '239'

06-11-2024T05:06:10 - [TEST_STEP][PASSED] - if (vir == 1 || vir == 2): Text of object 'Object Repository/Выручка в рублях/span3' is: '68'

06-11-2024T05:06:10 - [TEST_STEP][PASSED] - b32 = ").trim(): Text of object 'Object Repository/Выручка в рублях/span3' is: '68'

06-11-2024T05:06:10 - [MESSAGE][PASSED] - Text of object 'Object Repository/Выручка в рублях/span3' is: '68'

06-11-2024T05:06:10 - [TEST_STEP][PASSED] - if (vir == 1 || vir == 2): Text of object 'Object Repository/Выручка в рублях/span8' is: '821'

06-11-2024T05:06:10 - [TEST_STEP][PASSED] - b33 = ").trim(): Text of object 'Object Repository/Выручка в рублях/span4' is: '25'

06-11-2024T05:06:11 - [MESSAGE][PASSED] - Text of object 'Object Repository/Выручка в рублях/span4' is: '25'

06-11-2024T05:06:11 - [TEST_STEP][PASSED] - b34 = ").trim(): Text of object 'Object Repository/Выручка в рублях/span5' is: '3 470'

06-11-2024T05:06:11 - [MESSAGE][PASSED] - Text of object 'Object Repository/Выручка в рублях/span5' is: '3 470'

06-11-2024T05:06:11 - [TEST_STEP][PASSED] - b35 = ").trim(): Text of object 'Object Repository/Выручка в рублях/span6' is: '3 855'

06-11-2024T05:06:11 - [MESSAGE][PASSED] - Text of object 'Object Repository/Выручка в рублях/span6' is: '3 855'

06-11-2024T05:06:11 - [TEST_STEP][PASSED] - b36 = ").trim(): Text of object 'Object Repository/Выручка в рублях/span7' is: '6 900'

06-11-2024T05:06:11 - [MESSAGE][PASSED] - Text of object 'Object Repository/Выручка в рублях/span7' is: '6 900'

06-11-2024T05:06:11 - [TEST_STEP][PASSED] - b37 = ").trim(): Text of object 'Object Repository/Выручка в рублях/span8' is: '821'

06-11-2024T05:06:12 - [MESSAGE][PASSED] - Text of object 'Object Repository/Выручка в рублях/span8' is: '821'

06-11-2024T05:06:12 - [TEST_STEP][PASSED] - if (vir == 1 || vir == 2): Text of object 'Object Repository/Выручка в рублях/span17' is: '1 315'

06-11-2024T05:06:12 - [TEST_STEP][PASSED] - b38 = ").trim(): Text of object 'Object Repository/Выручка в рублях/span9' is: '839'

06-11-2024T05:06:12 - [MESSAGE][PASSED] - Text of object 'Object Repository/Выручка в рублях/span9' is: '839'

06-11-2024T05:06:12 - [TEST_STEP][PASSED] - b39 = ").trim(): Text of object 'Object Repository/Выручка в рублях/span10' is: '2 116'

06-11-2024T05:06:12 - [MESSAGE][PASSED] - Text of object 'Object Repository/Выручка в рублях/span10' is: '2 116'

06-11-2024T05:06:12 - [TEST_STEP][PASSED] - b310 = ").trim(): Text of object 'Object Repository/Выручка в рублях/span11' is: '213'

06-11-2024T05:06:13 - [MESSAGE][PASSED] - Text of object 'Object Repository/Выручка в рублях/span11' is: '213'

06-11-2024T05:06:13 - [TEST_STEP][PASSED] - b311 = ").trim(): Text of object 'Object Repository/Выручка в рублях/span12' is: '-4 312'

06-11-2024T05:06:13 - [MESSAGE][PASSED] - Text of object 'Object Repository/Выручка в рублях/span12' is: '-4 312'

06-11-2024T05:06:13 - [TEST_STEP][PASSED] - b312 = ").trim(): Text of object 'Object Repository/Выручка в рублях/span13' is: '1 715'

06-11-2024T05:06:13 - [MESSAGE][PASSED] - Text of object 'Object Repository/Выручка в рублях/span13' is: '1 715'

06-11-2024T05:06:13 - [TEST_STEP][PASSED] - b313 = ").trim(): Text of object 'Object Repository/Выручка в рублях/span14' is: '-25 094'

06-11-2024T05:06:13 - [MESSAGE][PASSED] - Text of object 'Object Repository/Выручка в рублях/span14' is: '-25 094'

06-11-2024T05:06:13 - [TEST_STEP][PASSED] - b314 = ").trim(): Text of object 'Object Repository/Выручка в рублях/span15' is: '3 410'

06-11-2024T05:06:14 - [MESSAGE][PASSED] - Text of object 'Object Repository/Выручка в рублях/span15' is: '3 410'

06-11-2024T05:06:14 - [TEST_STEP][PASSED] - b315 = ").trim(): Text of object 'Object Repository/Выручка в рублях/span16' is: '3 873'

06-11-2024T05:06:14 - [MESSAGE][PASSED] - Text of object 'Object Repository/Выручка в рублях/span16' is: '3 873'

06-11-2024T05:06:14 - [TEST_STEP][PASSED] - b316 = ").trim(): Text of object 'Object Repository/Выручка в рублях/span17' is: '1 315'

06-11-2024T05:06:14 - [MESSAGE][PASSED] - Text of object 'Object Repository/Выручка в рублях/span17' is: '1 315'

06-11-2024T05:06:14 - [TEST_STEP][PASSED] - if (vir == 1 || vir == 2): Text of object 'Object Repository/Выручка в рублях/span18' is: '277'

06-11-2024T05:06:14 - [TEST_STEP][PASSED] - b317 = ").trim(): Text of object 'Object Repository/Выручка в рублях/span18' is: '277'

06-11-2024T05:06:15 - [MESSAGE][PASSED] - Text of object 'Object Repository/Выручка в рублях/span18' is: '277'

06-11-2024T05:06:15 - [TEST_STEP][PASSED] - dZO = "ПАО Россети": null

06-11-2024T05:06:15 - [TEST_STEP][PASSED] - if (verifyEqual(a1, b1) == false): Actual object '1 056 816' and expected object '1 056 816' are equal

06-11-2024T05:06:15 - [MESSAGE][PASSED] - Actual object '1 056 816' and expected object '1 056 816' are equal

06-11-2024T05:06:15 - [TEST_STEP][PASSED] - if (verifyEqual(a2, b2) == false): Actual object '1 056 549' and expected object '1 056 549' are equal

06-11-2024T05:06:15 - [MESSAGE][PASSED] - Actual object '1 056 549' and expected object '1 056 549' are equal

06-11-2024T05:06:15 - [TEST_STEP][PASSED] - vidget = "Отклонения": null

06-11-2024T05:06:15 - [TEST_STEP][PASSED] - if (verifyEqual(a30, b30) == false): Actual object '-267.6' and expected object '-267.6' are equal

06-11-2024T05:06:15 - [MESSAGE][PASSED] - Actual object '-267.6' and expected object '-267.6' are equal

06-11-2024T05:06:15 - [TEST_STEP][PASSED] - dZO = "АО «Тываэнерго»": null

06-11-2024T05:06:15 - [TEST_STEP][PASSED] - if (verifyEqual(a31, b31) == false): Actual object '239' and expected object '239' are equal

06-11-2024T05:06:15 - [MESSAGE][PASSED] - Actual object '239' and expected object '239' are equal

06-11-2024T05:06:15 - [TEST_STEP][PASSED] - dZO = "АО «Чеченэнерго»": null

06-11-2024T05:06:15 - [TEST_STEP][PASSED] - if (verifyEqual(a32, b32) == false): Actual object '68' and expected object '68' are equal

06-11-2024T05:06:15 - [MESSAGE][PASSED] - Actual object '68' and expected object '68' are equal

06-11-2024T05:06:15 - [TEST_STEP][PASSED] - dZO = "Россети Волга": null

06-11-2024T05:06:15 - [TEST_STEP][PASSED] - if (verifyEqual(a33, b33) == false): Actual object '25' and expected object '25' are equal

06-11-2024T05:06:15 - [MESSAGE][PASSED] - Actual object '25' and expected object '25' are equal

06-11-2024T05:06:15 - [TEST_STEP][PASSED] - dZO = "Россети Кубань": null

06-11-2024T05:06:15 - [TEST_STEP][PASSED] - if (verifyEqual(a34, b34) == false): Actual object '3 470' and expected object '3 470' are equal

06-11-2024T05:06:15 - [MESSAGE][PASSED] - Actual object '3 470' and expected object '3 470' are equal

06-11-2024T05:06:15 - [TEST_STEP][PASSED] - dZO = "Россети Ленэнерго (ГК)": null

06-11-2024T05:06:15 - [TEST_STEP][PASSED] - if (verifyEqual(a35, b35) == false): Actual object '3 855' and expected object '3 855' are equal

06-11-2024T05:06:15 - [MESSAGE][PASSED] - Actual object '3 855' and expected object '3 855' are equal

06-11-2024T05:06:15 - [TEST_STEP][PASSED] - dZO = "Россети Московский регион": null

06-11-2024T05:06:15 - [TEST_STEP][PASSED] - if (verifyEqual(a36, b36) == false): Actual object '6 900' and expected object '6 900' are equal

06-11-2024T05:06:15 - [MESSAGE][PASSED] - Actual object '6 900' and expected object '6 900' are equal

06-11-2024T05:06:15 - [TEST_STEP][PASSED] - dZO = "Россети Северный Кавказ (ГК)": null

06-11-2024T05:06:15 - [TEST_STEP][PASSED] - if (verifyEqual(a37, b37) == false): Actual object '821' and expected object '821' are equal

06-11-2024T05:06:15 - [MESSAGE][PASSED] - Actual object '821' and expected object '821' are equal

06-11-2024T05:06:15 - [TEST_STEP][PASSED] - dZO = "Россети Северо-Запад": null

06-11-2024T05:06:15 - [TEST_STEP][PASSED] - if (verifyEqual(a38, b38) == false): Actual object '839' and expected object '839' are equal

06-11-2024T05:06:15 - [MESSAGE][PASSED] - Actual object '839' and expected object '839' are equal

06-11-2024T05:06:15 - [TEST_STEP][PASSED] - dZO = "Россети Сибирь (ГК)": null

06-11-2024T05:06:15 - [TEST_STEP][PASSED] - if (verifyEqual(a39, b39) == false): Actual object '2 116' and expected object '2 116' are equal

06-11-2024T05:06:15 - [MESSAGE][PASSED] - Actual object '2 116' and expected object '2 116' are equal

06-11-2024T05:06:15 - [TEST_STEP][PASSED] - dZO = "Россети Томск": null

06-11-2024T05:06:15 - [TEST_STEP][PASSED] - if (verifyEqual(a310, b310) == false): Actual object '213' and expected object '213' are equal

06-11-2024T05:06:15 - [MESSAGE][PASSED] - Actual object '213' and expected object '213' are equal

06-11-2024T05:06:15 - [TEST_STEP][PASSED] - dZO = "Россети Тюмень": null

06-11-2024T05:06:15 - [TEST_STEP][PASSED] - if (verifyEqual(a311, b311) == false): Actual object '-4 312' and expected object '-4 312' are equal

06-11-2024T05:06:15 - [MESSAGE][PASSED] - Actual object '-4 312' and expected object '-4 312' are equal

06-11-2024T05:06:15 - [TEST_STEP][PASSED] - dZO = "Россети Урал (ГК)": null

06-11-2024T05:06:15 - [TEST_STEP][PASSED] - if (verifyEqual(a312, b312) == false): Actual object '1 715' and expected object '1 715' are equal

06-11-2024T05:06:15 - [MESSAGE][PASSED] - Actual object '1 715' and expected object '1 715' are equal

06-11-2024T05:06:15 - [TEST_STEP][PASSED] - dZO = "Россети ФСК ЕЭС": null

06-11-2024T05:06:15 - [TEST_STEP][PASSED] - if (verifyEqual(a313, b313) == false): Actual object '-25 094' and expected object '-25 094' are equal

06-11-2024T05:06:15 - [MESSAGE][PASSED] - Actual object '-25 094' and expected object '-25 094' are equal

06-11-2024T05:06:15 - [TEST_STEP][PASSED] - dZO = "Россети Центр": null

06-11-2024T05:06:15 - [TEST_STEP][PASSED] - if (verifyEqual(a314, b314) == false): Actual object '3 410' and expected object '3 410' are equal

06-11-2024T05:06:15 - [MESSAGE][PASSED] - Actual object '3 410' and expected object '3 410' are equal

06-11-2024T05:06:15 - [TEST_STEP][PASSED] - dZO = "Россети Центр и Приволжье (ГК)": null

06-11-2024T05:06:15 - [TEST_STEP][PASSED] - if (verifyEqual(a315, b315) == false): Actual object '3 873' and expected object '3 873' are equal

06-11-2024T05:06:15 - [MESSAGE][PASSED] - Actual object '3 873' and expected object '3 873' are equal

06-11-2024T05:06:15 - [TEST_STEP][PASSED] - dZO = "Россети Юг (ГК)": null

06-11-2024T05:06:15 - [TEST_STEP][PASSED] - if (verifyEqual(a316, b316) == false): Actual object '1 315' and expected object '1 315' are equal

06-11-2024T05:06:15 - [MESSAGE][PASSED] - Actual object '1 315' and expected object '1 315' are equal

06-11-2024T05:06:15 - [TEST_STEP][PASSED] - dZO = "Россети Янтарь": null

06-11-2024T05:06:15 - [TEST_STEP][PASSED] - if (verifyEqual(a317, b317) == false): Actual object '277' and expected object '277' are equal

06-11-2024T05:06:15 - [MESSAGE][PASSED] - Actual object '277' and expected object '277' are equal

06-11-2024T05:06:15 - [TEST_STEP][PASSED] - closeBrowser(): null

06-11-2024T05:06:15 - [MESSAGE][PASSED] - Browser is closed

06-11-2024T05:06:15 - [TEST_STEP][PASSED] - Script1710234207206.Blocks(run, vir, block, nameOfBlock, typeOfData, viruchka, vidget, todaysDate, a, b, dZO, x, y): null

06-11-2024T05:06:15 - [TEST_STEP][PASSED] - i = <not implemented yet for class: org.codehaus.groovy.ast.expr.EmptyExpression>: null

06-11-2024T05:06:15 - [TEST_STEP][PASSED] - perc = "": null

06-11-2024T05:06:15 - [TEST_STEP][PASSED] - a1 = <not implemented yet for class: org.codehaus.groovy.ast.expr.EmptyExpression>: null

06-11-2024T05:06:15 - [TEST_STEP][PASSED] - a2 = <not implemented yet for class: org.codehaus.groovy.ast.expr.EmptyExpression>: null

06-11-2024T05:06:15 - [TEST_STEP][PASSED] - a30 = <not implemented yet for class: org.codehaus.groovy.ast.expr.EmptyExpression>: null

06-11-2024T05:06:15 - [TEST_STEP][PASSED] - a31 = <not implemented yet for class: org.codehaus.groovy.ast.expr.EmptyExpression>: null

06-11-2024T05:06:15 - [TEST_STEP][PASSED] - a32 = <not implemented yet for class: org.codehaus.groovy.ast.expr.EmptyExpression>: null

06-11-2024T05:06:15 - [TEST_STEP][PASSED] - a33 = <not implemented yet for class: org.codehaus.groovy.ast.expr.EmptyExpression>: null

06-11-2024T05:06:15 - [TEST_STEP][PASSED] - a34 = <not implemented yet for class: org.codehaus.groovy.ast.expr.EmptyExpression>: null

06-11-2024T05:06:15 - [TEST_STEP][PASSED] - a35 = <not implemented yet for class: org.codehaus.groovy.ast.expr.EmptyExpression>: null

06-11-2024T05:06:15 - [TEST_STEP][PASSED] - a36 = <not implemented yet for class: org.codehaus.groovy.ast.expr.EmptyExpression>: null

06-11-2024T05:06:15 - [TEST_STEP][PASSED] - a37 = <not implemented yet for class: org.codehaus.groovy.ast.expr.EmptyExpression>: null

06-11-2024T05:06:15 - [TEST_STEP][PASSED] - a38 = <not implemented yet for class: org.codehaus.groovy.ast.expr.EmptyExpression>: null

06-11-2024T05:06:15 - [TEST_STEP][PASSED] - a39 = <not implemented yet for class: org.codehaus.groovy.ast.expr.EmptyExpression>: null

06-11-2024T05:06:15 - [TEST_STEP][PASSED] - a310 = <not implemented yet for class: org.codehaus.groovy.ast.expr.EmptyExpression>: null

06-11-2024T05:06:15 - [TEST_STEP][PASSED] - a311 = <not implemented yet for class: org.codehaus.groovy.ast.expr.EmptyExpression>: null

06-11-2024T05:06:15 - [TEST_STEP][PASSED] - a312 = <not implemented yet for class: org.codehaus.groovy.ast.expr.EmptyExpression>: null

06-11-2024T05:06:15 - [TEST_STEP][PASSED] - a313 = <not implemented yet for class: org.codehaus.groovy.ast.expr.EmptyExpression>: null

06-11-2024T05:06:15 - [TEST_STEP][PASSED] - a314 = <not implemented yet for class: org.codehaus.groovy.ast.expr.EmptyExpression>: null

06-11-2024T05:06:15 - [TEST_STEP][PASSED] - a315 = <not implemented yet for class: org.codehaus.groovy.ast.expr.EmptyExpression>: null

06-11-2024T05:06:15 - [TEST_STEP][PASSED] - a316 = <not implemented yet for class: org.codehaus.groovy.ast.expr.EmptyExpression>: null

06-11-2024T05:06:15 - [TEST_STEP][PASSED] - a317 = <not implemented yet for class: org.codehaus.groovy.ast.expr.EmptyExpression>: null

06-11-2024T05:06:15 - [TEST_STEP][PASSED] - b1 = <not implemented yet for class: org.codehaus.groovy.ast.expr.EmptyExpression>: null

06-11-2024T05:06:15 - [TEST_STEP][PASSED] - b2 = <not implemented yet for class: org.codehaus.groovy.ast.expr.EmptyExpression>: null

06-11-2024T05:06:15 - [TEST_STEP][PASSED] - b30 = <not implemented yet for class: org.codehaus.groovy.ast.expr.EmptyExpression>: null

06-11-2024T05:06:15 - [TEST_STEP][PASSED] - b31 = <not implemented yet for class: org.codehaus.groovy.ast.expr.EmptyExpression>: null

06-11-2024T05:06:15 - [TEST_STEP][PASSED] - b32 = <not implemented yet for class: org.codehaus.groovy.ast.expr.EmptyExpression>: null

06-11-2024T05:06:15 - [TEST_STEP][PASSED] - b33 = <not implemented yet for class: org.codehaus.groovy.ast.expr.EmptyExpression>: null

06-11-2024T05:06:15 - [TEST_STEP][PASSED] - b34 = <not implemented yet for class: org.codehaus.groovy.ast.expr.EmptyExpression>: null

06-11-2024T05:06:15 - [TEST_STEP][PASSED] - b35 = <not implemented yet for class: org.codehaus.groovy.ast.expr.EmptyExpression>: null

06-11-2024T05:06:15 - [TEST_STEP][PASSED] - b36 = <not implemented yet for class: org.codehaus.groovy.ast.expr.EmptyExpression>: null

06-11-2024T05:06:15 - [TEST_STEP][PASSED] - b37 = <not implemented yet for class: org.codehaus.groovy.ast.expr.EmptyExpression>: null

06-11-2024T05:06:15 - [TEST_STEP][PASSED] - b38 = <not implemented yet for class: org.codehaus.groovy.ast.expr.EmptyExpression>: null

06-11-2024T05:06:15 - [TEST_STEP][PASSED] - b39 = <not implemented yet for class: org.codehaus.groovy.ast.expr.EmptyExpression>: null

06-11-2024T05:06:15 - [TEST_STEP][PASSED] - b310 = <not implemented yet for class: org.codehaus.groovy.ast.expr.EmptyExpression>: null

06-11-2024T05:06:15 - [TEST_STEP][PASSED] - b311 = <not implemented yet for class: org.codehaus.groovy.ast.expr.EmptyExpression>: null

06-11-2024T05:06:15 - [TEST_STEP][PASSED] - b312 = <not implemented yet for class: org.codehaus.groovy.ast.expr.EmptyExpression>: null

06-11-2024T05:06:15 - [TEST_STEP][PASSED] - b313 = <not implemented yet for class: org.codehaus.groovy.ast.expr.EmptyExpression>: null

06-11-2024T05:06:15 - [TEST_STEP][PASSED] - b314 = <not implemented yet for class: org.codehaus.groovy.ast.expr.EmptyExpression>: null

06-11-2024T05:06:15 - [TEST_STEP][PASSED] - b315 = <not implemented yet for class: org.codehaus.groovy.ast.expr.EmptyExpression>: null

06-11-2024T05:06:15 - [TEST_STEP][PASSED] - b316 = <not implemented yet for class: org.codehaus.groovy.ast.expr.EmptyExpression>: null

06-11-2024T05:06:15 - [TEST_STEP][PASSED] - b317 = <not implemented yet for class: org.codehaus.groovy.ast.expr.EmptyExpression>: null

06-11-2024T05:06:15 - [TEST_STEP][PASSED] - block = 1: null

06-11-2024T05:06:15 - [TEST_STEP][PASSED] - nameOfBlock = "": null

06-11-2024T05:06:15 - [TEST_STEP][PASSED] - Script1710234207206.PreSettings(run, vir, block, nameOfBlock, typeOfData, todaysDate): null

06-11-2024T05:06:15 - [TEST_STEP][PASSED] - openBrowser(""): Browser is opened with url: ''

06-11-2024T05:06:15 - [MESSAGE][INFO] - Starting 'Chrome' driver

06-11-2024T05:06:15 - [MESSAGE][INFO] - Action delay is set to 0 milliseconds

06-11-2024T05:06:16 - [MESSAGE][PASSED] - Browser is opened with url: ''

06-11-2024T05:06:16 - [TEST_STEP][PASSED] - refresh(): Refresh successfully

06-11-2024T05:06:16 - [MESSAGE][PASSED] - Refresh successfully

06-11-2024T05:06:16 - [TEST_STEP][PASSED] - delay(50): Delayed 50 second(s)

06-11-2024T05:07:06 - [MESSAGE][PASSED] - Delayed 50 second(s)

06-11-2024T05:07:06 - [TEST_STEP][PASSED] - println("run:" + run): null

06-11-2024T05:07:06 - [TEST_STEP][PASSED] - println("vir:" + vir): null

06-11-2024T05:07:06 - [TEST_STEP][PASSED] - println("block:" + block): null

06-11-2024T05:07:06 - [TEST_STEP][PASSED] - if (block == 1): null

06-11-2024T05:07:06 - [TEST_STEP][PASSED] - nameOfBlock = "": null

06-11-2024T05:07:06 - [TEST_STEP][PASSED] - println("nameOfBlock:" + nameOfBlock): null

06-11-2024T05:07:06 - [TEST_STEP][PASSED] - println("typeOfData:" + typeOfData): null

06-11-2024T05:07:06 - [TEST_STEP][PASSED] - println("todaysDate:" + todaysDate): null

06-11-2024T05:07:06 - [TEST_STEP][PASSED] - Script1710234207206.Autorization(block, nameOfBlock): null

06-11-2024T05:07:06 - [TEST_STEP][PASSED] - i = <not implemented yet for class: org.codehaus.groovy.ast.expr.EmptyExpression>: null

06-11-2024T05:07:06 - [TEST_STEP][PASSED] - ii = <not implemented yet for class: org.codehaus.groovy.ast.expr.EmptyExpression>: null

06-11-2024T05:07:06 - [TEST_STEP][PASSED] - urlData = <not implemented yet for class: org.codehaus.groovy.ast.expr.EmptyExpression>: null

06-11-2024T05:07:06 - [TEST_STEP][PASSED] - searchWord = <not implemented yet for class: org.codehaus.groovy.ast.expr.EmptyExpression>: null

06-11-2024T05:07:06 - [TEST_STEP][PASSED] - urlText = <not implemented yet for class: org.codehaus.groovy.ast.expr.EmptyExpression>: null

06-11-2024T05:07:06 - [TEST_STEP][PASSED] - println("block:" + block): null

06-11-2024T05:07:06 - [TEST_STEP][PASSED] - if (block == 1): null

06-11-2024T05:07:06 - [TEST_STEP][PASSED] - nameOfBlock = "": null

06-11-2024T05:07:06 - [TEST_STEP][PASSED] - println("nameOfBlock:" + nameOfBlock): null

06-11-2024T05:07:06 - [TEST_STEP][PASSED] - if (block == 1): Delayed 45 second(s)

06-11-2024T05:07:06 - [TEST_STEP][PASSED] - urlData = 2: null

06-11-2024T05:07:06 - [TEST_STEP][PASSED] - delay(45): Delayed 45 second(s)

06-11-2024T05:07:51 - [MESSAGE][PASSED] - Delayed 45 second(s)

06-11-2024T05:07:51 - [TEST_STEP][PASSED] - navigateToUrl(findTestData("PlanFact").getValue(10, urlData)): Navigate to 'https://bi.rosseti.digital/viewer?dashboardGuid=2301950b23be4ed89c1df75f2020051e&sheetGuid=b723206f698544fb87299f3095c00435&fit=true' successfully

06-11-2024T05:07:55 - [MESSAGE][PASSED] - Navigate to 'https://bi.rosseti.digital/viewer?dashboardGuid=2301950b23be4ed89c1df75f2020051e&sheetGuid=b723206f698544fb87299f3095c00435&fit=true' successfully

06-11-2024T05:07:55 - [TEST_STEP][PASSED] - urlText = getText(findTestObject("Страница авторизации/Text")): Text of object 'Object Repository/Страница авторизации/Text' is: 'Вход'

06-11-2024T05:07:58 - [MESSAGE][PASSED] - Text of object 'Object Repository/Страница авторизации/Text' is: 'Вход'

06-11-2024T05:07:58 - [TEST_STEP][PASSED] - searchWord = "Вход": null

06-11-2024T05:07:58 - [TEST_STEP][PASSED] - if (urlText == null || urlText.contains("ошибка") || urlText.contains(searchWord) == false): null

06-11-2024T05:07:58 - [TEST_STEP][PASSED] - if (verifyElementPresent(findTestObject("Страница авторизации/button_"), 30) == true): null

06-11-2024T05:07:59 - [MESSAGE][PASSED] - Object 'Object Repository/Страница авторизации/button_' is present

06-11-2024T05:07:59 - [TEST_STEP][PASSED] - setText(findTestObject("Страница авторизации/input__username"), findTestData("PlanFact").getValue(8, 1)): Text 'liazgina-di' is set on object 'Object Repository/Страница авторизации/input__username'

06-11-2024T05:07:59 - [MESSAGE][PASSED] - Text 'liazgina-di' is set on object 'Object Repository/Страница авторизации/input__username'

06-11-2024T05:07:59 - [TEST_STEP][PASSED] - setText(findTestObject("Страница авторизации/input__password"), findTestData("PlanFact").getValue(9, 1)): Text ')$%5srZ8o688Dm#q' is set on object 'Object Repository/Страница авторизации/input__password'

06-11-2024T05:08:00 - [MESSAGE][PASSED] - Text ')$%5srZ8o688Dm#q' is set on object 'Object Repository/Страница авторизации/input__password'

06-11-2024T05:08:00 - [TEST_STEP][PASSED] - click(findTestObject("Страница авторизации/button_")): Object: 'Object Repository/Страница авторизации/button_' is clicked on

06-11-2024T05:08:03 - [MESSAGE][PASSED] - Object: 'Object Repository/Страница авторизации/button_' is clicked on

06-11-2024T05:08:03 - [TEST_STEP][PASSED] - delay(45): Delayed 45 second(s)

06-11-2024T05:08:48 - [MESSAGE][PASSED] - Delayed 45 second(s)

06-11-2024T05:08:48 - [TEST_STEP][PASSED] - urlText = getText(findTestObject("Страница авторизации/Text")): Text of object 'Object Repository/Страница авторизации/Text' is: 'Период
1, 2, 3 кв. 2024 года
Выручка
Все
Выполнение плановых показателей по ПАО Россети за 1, 2, 3 кв. 2024 года
План
Факт
Динамика
2024 год
0 млн.руб.
100 000 млн.руб.
200 000 млн.руб.
300 000 млн.руб.
400 000 млн.руб.
500 000 млн.руб.
600 000 млн.руб.
700 000 млн.руб.
800 000 млн.руб.
900 000 млн.руб.
1 000 000 млн.руб.
1 100 000 млн.руб.
1 200 000 млн.руб.
1 300 000 млн.руб.
1 056 816
1 056 549
↓
ДЗО 
Все
Внутренний оборот - выручка за услуги по передаче электрической энергии, учтенная в выручке за электроэнергию для конечных потребителей, при выполнении ДЗО функций гарантирующего поставщика
Подписи данных
⬤Отклонение
АО «Тываэнерго»
АО «Чеченэнерго»
Россети Волга
Россети Кубань
Россети Ленэнерго (ГК)
Россети Московский регион
Россети Северный Кавказ (ГК)
Россети Северо-Запад
Россети Сибирь (ГК)
Россети Томск
Россети Тюмень
Россети Урал (ГК)
Россети ФСК ЕЭС
Россети Центр
Россети Центр и Приволжье (ГК)
Россети Юг (ГК)
Россети Янтарь
-25 000млн.руб.
-20 000млн.руб.
-15 000млн.руб.
-10 000млн.руб.
-5 000млн.руб.
0млн.руб.
5 000млн.руб.
10 …
-30 000млн.руб.
239
68
25
3 470
3 855
6 900
821
839
2 116
213
-4 312
1 715
-25 094
3 410
3 873
1 315
277
млн.
%
Выручка
Отклонение выручки по ПАО Россети за 1, 2, 3 кв. 2024 года (факт/план, млн. руб)
ПАО Россети
-267.6 млн.руб.
 '

06-11-2024T05:08:49 - [MESSAGE][PASSED] - Text of object 'Object Repository/Страница авторизации/Text' is: 'Период
1, 2, 3 кв. 2024 года
Выручка
Все
Выполнение плановых показателей по ПАО Россети за 1, 2, 3 кв. 2024 года
План
Факт
Динамика
2024 год
0 млн.руб.
100 000 млн.руб.
200 000 млн.руб.
300 000 млн.руб.
400 000 млн.руб.
500 000 млн.руб.
600 000 млн.руб.
700 000 млн.руб.
800 000 млн.руб.
900 000 млн.руб.
1 000 000 млн.руб.
1 100 000 млн.руб.
1 200 000 млн.руб.
1 300 000 млн.руб.
1 056 816
1 056 549
↓
ДЗО 
Все
Внутренний оборот - выручка за услуги по передаче электрической энергии, учтенная в выручке за электроэнергию для конечных потребителей, при выполнении ДЗО функций гарантирующего поставщика
Подписи данных
⬤Отклонение
АО «Тываэнерго»
АО «Чеченэнерго»
Россети Волга
Россети Кубань
Россети Ленэнерго (ГК)
Россети Московский регион
Россети Северный Кавказ (ГК)
Россети Северо-Запад
Россети Сибирь (ГК)
Россети Томск
Россети Тюмень
Россети Урал (ГК)
Россети ФСК ЕЭС
Россети Центр
Россети Центр и Приволжье (ГК)
Россети Юг (ГК)
Россети Янтарь
-25 000млн.руб.
-20 000млн.руб.
-15 000млн.руб.
-10 000млн.руб.
-5 000млн.руб.
0млн.руб.
5 000млн.руб.
10 …
-30 000млн.руб.
239
68
25
3 470
3 855
6 900
821
839
2 116
213
-4 312
1 715
-25 094
3 410
3 873
1 315
277
млн.
%
Выручка
Отклонение выручки по ПАО Россети за 1, 2, 3 кв. 2024 года (факт/план, млн. руб)
ПАО Россети
-267.6 млн.руб.
 '

06-11-2024T05:08:49 - [TEST_STEP][PASSED] - searchWord = "а": null

06-11-2024T05:08:49 - [TEST_STEP][PASSED] - if (urlText.contains("ошибка") || urlText.contains(searchWord) == false): null

06-11-2024T05:08:49 - [TEST_STEP][PASSED] - delay(45): Delayed 45 second(s)

06-11-2024T05:09:34 - [MESSAGE][PASSED] - Delayed 45 second(s)

06-11-2024T05:09:34 - [TEST_STEP][PASSED] - if (block == 2): null

06-11-2024T05:09:34 - [TEST_STEP][PASSED] - click(findTestObject("Выручка в рублях/Фильтр Период" + nameOfBlock)): Object: 'Object Repository/Выручка в рублях/Фильтр Период' is clicked on

06-11-2024T05:09:34 - [MESSAGE][PASSED] - Object: 'Object Repository/Выручка в рублях/Фильтр Период' is clicked on

06-11-2024T05:09:34 - [TEST_STEP][PASSED] - click(findTestObject("Выручка в рублях/Снять выделение в фильтре Дата" + nameOfBlock)): Object: 'Object Repository/Выручка в рублях/Снять выделение в фильтре Дата' is clicked on

06-11-2024T05:09:35 - [MESSAGE][PASSED] - Object: 'Object Repository/Выручка в рублях/Снять выделение в фильтре Дата' is clicked on

06-11-2024T05:09:35 - [TEST_STEP][PASSED] - click(findTestObject("Выручка в рублях/Применить в фильтре Дата" + nameOfBlock)): Object: 'Object Repository/Выручка в рублях/Применить в фильтре Дата' is clicked on

06-11-2024T05:09:35 - [MESSAGE][PASSED] - Object: 'Object Repository/Выручка в рублях/Применить в фильтре Дата' is clicked on

06-11-2024T05:09:35 - [TEST_STEP][PASSED] - delay(50): Delayed 50 second(s)

06-11-2024T05:10:25 - [MESSAGE][PASSED] - Delayed 50 second(s)

06-11-2024T05:10:25 - [TEST_STEP][PASSED] - click(findTestObject("Выручка в рублях/Фильтр Период" + nameOfBlock)): Object: 'Object Repository/Выручка в рублях/Фильтр Период' is clicked on

06-11-2024T05:10:25 - [MESSAGE][PASSED] - Object: 'Object Repository/Выручка в рублях/Фильтр Период' is clicked on

06-11-2024T05:10:25 - [TEST_STEP][PASSED] - click(findTestObject("Выручка в рублях/Снять выделение в фильтре Дата" + nameOfBlock)): Object: 'Object Repository/Выручка в рублях/Снять выделение в фильтре Дата' is clicked on

06-11-2024T05:10:26 - [MESSAGE][PASSED] - Object: 'Object Repository/Выручка в рублях/Снять выделение в фильтре Дата' is clicked on

06-11-2024T05:10:26 - [TEST_STEP][PASSED] - scrollToElement(findTestObject("Выручка в рублях/2024 список" + nameOfBlock), 30): Scroll to object 'Object Repository/Выручка в рублях/2024 список' successfully

06-11-2024T05:10:26 - [MESSAGE][PASSED] - Scroll to object 'Object Repository/Выручка в рублях/2024 список' successfully

06-11-2024T05:10:26 - [TEST_STEP][PASSED] - click(findTestObject("Выручка в рублях/2024 список" + nameOfBlock)): Object: 'Object Repository/Выручка в рублях/2024 список' is clicked on

06-11-2024T05:10:27 - [MESSAGE][PASSED] - Object: 'Object Repository/Выручка в рублях/2024 список' is clicked on

06-11-2024T05:10:27 - [TEST_STEP][PASSED] - scrollToElement(findTestObject("Выручка в рублях/1 квартал 2024 выбрать" + nameOfBlock), 30): Scroll to object 'Object Repository/Выручка в рублях/1 квартал 2024 выбрать' successfully

06-11-2024T05:10:27 - [MESSAGE][PASSED] - Scroll to object 'Object Repository/Выручка в рублях/1 квартал 2024 выбрать' successfully

06-11-2024T05:10:27 - [TEST_STEP][PASSED] - click(findTestObject("Выручка в рублях/1 квартал 2024 выбрать" + nameOfBlock)): Object: 'Object Repository/Выручка в рублях/1 квартал 2024 выбрать' is clicked on

06-11-2024T05:10:27 - [MESSAGE][PASSED] - Object: 'Object Repository/Выручка в рублях/1 квартал 2024 выбрать' is clicked on

06-11-2024T05:10:27 - [TEST_STEP][PASSED] - scrollToElement(findTestObject("Выручка в рублях/2 квартал 2024 выбрать" + nameOfBlock), 30): Scroll to object 'Object Repository/Выручка в рублях/2 квартал 2024 выбрать' successfully

06-11-2024T05:10:28 - [MESSAGE][PASSED] - Scroll to object 'Object Repository/Выручка в рублях/2 квартал 2024 выбрать' successfully

06-11-2024T05:10:28 - [TEST_STEP][PASSED] - click(findTestObject("Выручка в рублях/2 квартал 2024 выбрать" + nameOfBlock)): Object: 'Object Repository/Выручка в рублях/2 квартал 2024 выбрать' is clicked on

06-11-2024T05:10:28 - [MESSAGE][PASSED] - Object: 'Object Repository/Выручка в рублях/2 квартал 2024 выбрать' is clicked on

06-11-2024T05:10:28 - [TEST_STEP][PASSED] - scrollToElement(findTestObject("Выручка в рублях/3 квартал 2024 список" + nameOfBlock), 30): Scroll to object 'Object Repository/Выручка в рублях/3 квартал 2024 список' successfully

06-11-2024T05:10:29 - [MESSAGE][PASSED] - Scroll to object 'Object Repository/Выручка в рублях/3 квартал 2024 список' successfully

06-11-2024T05:10:29 - [TEST_STEP][PASSED] - click(findTestObject("Выручка в рублях/3 квартал 2024" + nameOfBlock)): Object: 'Object Repository/Выручка в рублях/3 квартал 2024' is clicked on

06-11-2024T05:10:29 - [MESSAGE][PASSED] - Object: 'Object Repository/Выручка в рублях/3 квартал 2024' is clicked on

06-11-2024T05:10:29 - [TEST_STEP][PASSED] - scrollToElement(findTestObject("Выручка в рублях/Заголовок дашборда" + nameOfBlock), 30): Scroll to object 'Object Repository/Выручка в рублях/Заголовок дашборда' successfully

06-11-2024T05:10:30 - [MESSAGE][PASSED] - Scroll to object 'Object Repository/Выручка в рублях/Заголовок дашборда' successfully

06-11-2024T05:10:30 - [TEST_STEP][PASSED] - click(findTestObject("Выручка в рублях/Применить в фильтре Дата" + nameOfBlock)): Object: 'Object Repository/Выручка в рублях/Применить в фильтре Дата' is clicked on

06-11-2024T05:10:30 - [MESSAGE][PASSED] - Object: 'Object Repository/Выручка в рублях/Применить в фильтре Дата' is clicked on

06-11-2024T05:10:30 - [TEST_STEP][PASSED] - delay(55): Delayed 55 second(s)

06-11-2024T05:11:25 - [MESSAGE][PASSED] - Delayed 55 second(s)

06-11-2024T05:11:25 - [TEST_STEP][PASSED] - click(findTestObject("Выручка в рублях/Фильтр ДЗО" + nameOfBlock)): Object: 'Object Repository/Выручка в рублях/Фильтр ДЗО' is clicked on

06-11-2024T05:11:25 - [MESSAGE][PASSED] - Object: 'Object Repository/Выручка в рублях/Фильтр ДЗО' is clicked on

06-11-2024T05:11:25 - [TEST_STEP][PASSED] - click(findTestObject("Выручка в рублях/Снять выделение в фильтре ДЗО" + nameOfBlock)): Object: 'Object Repository/Выручка в рублях/Снять выделение в фильтре ДЗО' is clicked on

06-11-2024T05:11:26 - [MESSAGE][PASSED] - Object: 'Object Repository/Выручка в рублях/Снять выделение в фильтре ДЗО' is clicked on

06-11-2024T05:11:26 - [TEST_STEP][PASSED] - click(findTestObject("Выручка в рублях/Применить в фильтре ДЗО" + nameOfBlock)): Object: 'Object Repository/Выручка в рублях/Применить в фильтре ДЗО' is clicked on

06-11-2024T05:11:26 - [MESSAGE][PASSED] - Object: 'Object Repository/Выручка в рублях/Применить в фильтре ДЗО' is clicked on

06-11-2024T05:11:26 - [TEST_STEP][PASSED] - delay(50): Delayed 50 second(s)

06-11-2024T05:12:16 - [MESSAGE][PASSED] - Delayed 50 second(s)

06-11-2024T05:12:16 - [TEST_STEP][PASSED] - Script1710234207206.Tumbler(run, vir, block, nameOfBlock): null

06-11-2024T05:12:16 - [TEST_STEP][PASSED] - println("run:" + run): null

06-11-2024T05:12:16 - [TEST_STEP][PASSED] - println("vir:" + vir): null

06-11-2024T05:12:16 - [TEST_STEP][PASSED] - println("block:" + block): null

06-11-2024T05:12:16 - [TEST_STEP][PASSED] - println("nameOfBlock:" + nameOfBlock): null

06-11-2024T05:12:16 - [TEST_STEP][PASSED] - if (vir == 1): null

06-11-2024T05:12:16 - [TEST_STEP][PASSED] - else if (vir == 2): Object: 'Object Repository/Выручка в рублях/Применить в фильтре Выручка' is clicked on

06-11-2024T05:12:16 - [TEST_STEP][PASSED] - if (run == 2): null

06-11-2024T05:12:16 - [TEST_STEP][PASSED] - click(findTestObject("Выручка в рублях/Фильтр Выручка" + nameOfBlock)): Object: 'Object Repository/Выручка в рублях/Фильтр Выручка' is clicked on

06-11-2024T05:12:17 - [MESSAGE][PASSED] - Object: 'Object Repository/Выручка в рублях/Фильтр Выручка' is clicked on

06-11-2024T05:12:17 - [TEST_STEP][PASSED] - click(findTestObject("Выручка в рублях/Итого в фильтре Выручка" + nameOfBlock)): Object: 'Object Repository/Выручка в рублях/Итого в фильтре Выручка' is clicked on

06-11-2024T05:12:17 - [MESSAGE][PASSED] - Object: 'Object Repository/Выручка в рублях/Итого в фильтре Выручка' is clicked on

06-11-2024T05:12:17 - [TEST_STEP][PASSED] - click(findTestObject("Выручка в рублях/Применить в фильтре Выручка" + nameOfBlock)): Object: 'Object Repository/Выручка в рублях/Применить в фильтре Выручка' is clicked on

06-11-2024T05:12:18 - [MESSAGE][PASSED] - Object: 'Object Repository/Выручка в рублях/Применить в фильтре Выручка' is clicked on

06-11-2024T05:12:18 - [TEST_STEP][PASSED] - click(findTestObject("Выручка в рублях/Фильтр ДЗО" + nameOfBlock)): Object: 'Object Repository/Выручка в рублях/Фильтр ДЗО' is clicked on

06-11-2024T05:12:21 - [MESSAGE][PASSED] - Object: 'Object Repository/Выручка в рублях/Фильтр ДЗО' is clicked on

06-11-2024T05:12:21 - [TEST_STEP][PASSED] - Script1710234207206.Rosseti(nameOfBlock): null

06-11-2024T05:12:21 - [TEST_STEP][PASSED] - println("nameOfBlock:" + nameOfBlock): null

06-11-2024T05:12:21 - [TEST_STEP][PASSED] - click(findTestObject("Выручка в рублях/ПАО Россети" + nameOfBlock)): Object: 'Object Repository/Выручка в рублях/ПАО Россети' is clicked on

06-11-2024T05:12:22 - [MESSAGE][PASSED] - Object: 'Object Repository/Выручка в рублях/ПАО Россети' is clicked on

06-11-2024T05:12:22 - [TEST_STEP][PASSED] - click(findTestObject("Выручка в рублях/Применить в фильтре ДЗО" + nameOfBlock)): Object: 'Object Repository/Выручка в рублях/Применить в фильтре ДЗО' is clicked on

06-11-2024T05:12:22 - [MESSAGE][PASSED] - Object: 'Object Repository/Выручка в рублях/Применить в фильтре ДЗО' is clicked on

06-11-2024T05:12:22 - [TEST_STEP][PASSED] - if (run == 2): null

06-11-2024T05:12:22 - [TEST_STEP][PASSED] - if (vir == 1 || vir == 2): Text of object 'Object Repository/Выручка в рублях/График План' is: '1 038 923'

06-11-2024T05:12:22 - [TEST_STEP][PASSED] - a1 = getText(findTestObject("Выручка в рублях/График План")): Text of object 'Object Repository/Выручка в рублях/График План' is: '1 038 923'

06-11-2024T05:12:24 - [MESSAGE][PASSED] - Text of object 'Object Repository/Выручка в рублях/График План' is: '1 038 923'

06-11-2024T05:12:24 - [TEST_STEP][PASSED] - if (vir == 1 || vir == 2): Text of object 'Object Repository/Выручка в рублях/График Факт' is: '1 038 048'

06-11-2024T05:12:24 - [TEST_STEP][PASSED] - a2 = getText(findTestObject("Выручка в рублях/График Факт")): Text of object 'Object Repository/Выручка в рублях/График Факт' is: '1 038 048'

06-11-2024T05:12:24 - [MESSAGE][PASSED] - Text of object 'Object Repository/Выручка в рублях/График Факт' is: '1 038 048'

06-11-2024T05:12:24 - [TEST_STEP][PASSED] - a30 = getText(findTestObject("Выручка в рублях/span1" + perc)): Text of object 'Object Repository/Выручка в рублях/span1' is: '-875.3 млн.руб.'

06-11-2024T05:12:25 - [MESSAGE][PASSED] - Text of object 'Object Repository/Выручка в рублях/span1' is: '-875.3 млн.руб.'

06-11-2024T05:12:25 - [TEST_STEP][PASSED] - i = a30.indexOf("млн.руб."): null

06-11-2024T05:12:25 - [TEST_STEP][PASSED] - if (i > -1): null

06-11-2024T05:12:25 - [TEST_STEP][PASSED] - a30 = a30.substring(0, i): null

06-11-2024T05:12:25 - [TEST_STEP][PASSED] - a30 = a30.replaceAll(" ", ""): null

06-11-2024T05:12:25 - [TEST_STEP][PASSED] - if (a30.contains("%")): null

06-11-2024T05:12:25 - [TEST_STEP][PASSED] - a30 = ").trim(): null

06-11-2024T05:12:25 - [TEST_STEP][PASSED] - println("a30: " + a30): null

06-11-2024T05:12:25 - [TEST_STEP][PASSED] - if (vir == 1 || vir == 2): Text of object 'Object Repository/Выручка в рублях/span2' is: '287'

06-11-2024T05:12:25 - [TEST_STEP][PASSED] - a31 = ").trim(): Text of object 'Object Repository/Выручка в рублях/span2' is: '287'

06-11-2024T05:12:25 - [MESSAGE][PASSED] - Text of object 'Object Repository/Выручка в рублях/span2' is: '287'

06-11-2024T05:12:25 - [TEST_STEP][PASSED] - if (vir == 1 || vir == 2): Text of object 'Object Repository/Выручка в рублях/span3' is: '-11'

06-11-2024T05:12:25 - [TEST_STEP][PASSED] - a32 = ").trim(): Text of object 'Object Repository/Выручка в рублях/span3' is: '-11'

06-11-2024T05:12:25 - [MESSAGE][PASSED] - Text of object 'Object Repository/Выручка в рублях/span3' is: '-11'

06-11-2024T05:12:25 - [TEST_STEP][PASSED] - if (vir == 1 || vir == 2): Text of object 'Object Repository/Выручка в рублях/span8' is: '279'

06-11-2024T05:12:25 - [TEST_STEP][PASSED] - a33 = ").trim(): Text of object 'Object Repository/Выручка в рублях/span4' is: '25'

06-11-2024T05:12:26 - [MESSAGE][PASSED] - Text of object 'Object Repository/Выручка в рублях/span4' is: '25'

06-11-2024T05:12:26 - [TEST_STEP][PASSED] - a34 = ").trim(): Text of object 'Object Repository/Выручка в рублях/span5' is: '3 470'

06-11-2024T05:12:26 - [MESSAGE][PASSED] - Text of object 'Object Repository/Выручка в рублях/span5' is: '3 470'

06-11-2024T05:12:26 - [TEST_STEP][PASSED] - a35 = ").trim(): Text of object 'Object Repository/Выручка в рублях/span6' is: '3 855'

06-11-2024T05:12:26 - [MESSAGE][PASSED] - Text of object 'Object Repository/Выручка в рублях/span6' is: '3 855'

06-11-2024T05:12:26 - [TEST_STEP][PASSED] - a36 = ").trim(): Text of object 'Object Repository/Выручка в рублях/span7' is: '6 900'

06-11-2024T05:12:27 - [MESSAGE][PASSED] - Text of object 'Object Repository/Выручка в рублях/span7' is: '6 900'

06-11-2024T05:12:27 - [TEST_STEP][PASSED] - a37 = ").trim(): Text of object 'Object Repository/Выручка в рублях/span8' is: '279'

06-11-2024T05:12:27 - [MESSAGE][PASSED] - Text of object 'Object Repository/Выручка в рублях/span8' is: '279'

06-11-2024T05:12:27 - [TEST_STEP][PASSED] - if (vir == 1 || vir == 2): Text of object 'Object Repository/Выручка в рублях/span17' is: '1 281'

06-11-2024T05:12:27 - [TEST_STEP][PASSED] - a38 = ").trim(): Text of object 'Object Repository/Выручка в рублях/span9' is: '839'

06-11-2024T05:12:27 - [MESSAGE][PASSED] - Text of object 'Object Repository/Выручка в рублях/span9' is: '839'

06-11-2024T05:12:27 - [TEST_STEP][PASSED] - a39 = ").trim(): Text of object 'Object Repository/Выручка в рублях/span10' is: '2 116'

06-11-2024T05:12:27 - [MESSAGE][PASSED] - Text of object 'Object Repository/Выручка в рублях/span10' is: '2 116'

06-11-2024T05:12:27 - [TEST_STEP][PASSED] - a310 = ").trim(): Text of object 'Object Repository/Выручка в рублях/span11' is: '213'

06-11-2024T05:12:28 - [MESSAGE][PASSED] - Text of object 'Object Repository/Выручка в рублях/span11' is: '213'

06-11-2024T05:12:28 - [TEST_STEP][PASSED] - a311 = ").trim(): Text of object 'Object Repository/Выручка в рублях/span12' is: '-4 312'

06-11-2024T05:12:28 - [MESSAGE][PASSED] - Text of object 'Object Repository/Выручка в рублях/span12' is: '-4 312'

06-11-2024T05:12:28 - [TEST_STEP][PASSED] - a312 = ").trim(): Text of object 'Object Repository/Выручка в рублях/span13' is: '1 715'

06-11-2024T05:12:28 - [MESSAGE][PASSED] - Text of object 'Object Repository/Выручка в рублях/span13' is: '1 715'

06-11-2024T05:12:28 - [TEST_STEP][PASSED] - a313 = ").trim(): Text of object 'Object Repository/Выручка в рублях/span14' is: '-25 094'

06-11-2024T05:12:29 - [MESSAGE][PASSED] - Text of object 'Object Repository/Выручка в рублях/span14' is: '-25 094'

06-11-2024T05:12:29 - [TEST_STEP][PASSED] - a314 = ").trim(): Text of object 'Object Repository/Выручка в рублях/span15' is: '3 410'

06-11-2024T05:12:29 - [MESSAGE][PASSED] - Text of object 'Object Repository/Выручка в рублях/span15' is: '3 410'

06-11-2024T05:12:29 - [TEST_STEP][PASSED] - a315 = ").trim(): Text of object 'Object Repository/Выручка в рублях/span16' is: '3 873'

06-11-2024T05:12:29 - [MESSAGE][PASSED] - Text of object 'Object Repository/Выручка в рублях/span16' is: '3 873'

06-11-2024T05:12:29 - [TEST_STEP][PASSED] - a316 = ").trim(): Text of object 'Object Repository/Выручка в рублях/span17' is: '1 281'

06-11-2024T05:12:30 - [MESSAGE][PASSED] - Text of object 'Object Repository/Выручка в рублях/span17' is: '1 281'

06-11-2024T05:12:30 - [TEST_STEP][PASSED] - if (vir == 1 || vir == 2): Text of object 'Object Repository/Выручка в рублях/span18' is: '277'

06-11-2024T05:12:30 - [TEST_STEP][PASSED] - a317 = ").trim(): Text of object 'Object Repository/Выручка в рублях/span18' is: '277'

06-11-2024T05:12:30 - [MESSAGE][PASSED] - Text of object 'Object Repository/Выручка в рублях/span18' is: '277'

06-11-2024T05:12:30 - [TEST_STEP][PASSED] - block = 2: null

06-11-2024T05:12:30 - [TEST_STEP][PASSED] - nameOfBlock = " Выручка": null

06-11-2024T05:12:30 - [TEST_STEP][PASSED] - Script1710234207206.PreSettings(run, vir, block, nameOfBlock, typeOfData, todaysDate): null

06-11-2024T05:12:30 - [TEST_STEP][PASSED] - openBrowser(""): Browser is opened with url: ''

06-11-2024T05:12:30 - [MESSAGE][WARNING] - A browser is already opened. Closing browser and opening a new one

06-11-2024T05:12:30 - [MESSAGE][INFO] - Starting 'Chrome' driver

06-11-2024T05:12:30 - [MESSAGE][INFO] - Action delay is set to 0 milliseconds

06-11-2024T05:12:31 - [MESSAGE][PASSED] - Browser is opened with url: ''

06-11-2024T05:12:31 - [TEST_STEP][PASSED] - refresh(): Refresh successfully

06-11-2024T05:12:31 - [MESSAGE][PASSED] - Refresh successfully

06-11-2024T05:12:31 - [TEST_STEP][PASSED] - delay(50): Delayed 50 second(s)

06-11-2024T05:13:21 - [MESSAGE][PASSED] - Delayed 50 second(s)

06-11-2024T05:13:21 - [TEST_STEP][PASSED] - println("run:" + run): null

06-11-2024T05:13:21 - [TEST_STEP][PASSED] - println("vir:" + vir): null

06-11-2024T05:13:21 - [TEST_STEP][PASSED] - println("block:" + block): null

06-11-2024T05:13:21 - [TEST_STEP][PASSED] - if (block == 1): null

06-11-2024T05:13:21 - [TEST_STEP][PASSED] - else: null

06-11-2024T05:13:21 - [TEST_STEP][PASSED] - nameOfBlock = " Выручка": null

06-11-2024T05:13:21 - [TEST_STEP][PASSED] - println("nameOfBlock:" + nameOfBlock): null

06-11-2024T05:13:21 - [TEST_STEP][PASSED] - println("typeOfData:" + typeOfData): null

06-11-2024T05:13:21 - [TEST_STEP][PASSED] - println("todaysDate:" + todaysDate): null

06-11-2024T05:13:21 - [TEST_STEP][PASSED] - Script1710234207206.Autorization(block, nameOfBlock): null

06-11-2024T05:13:21 - [TEST_STEP][PASSED] - i = <not implemented yet for class: org.codehaus.groovy.ast.expr.EmptyExpression>: null

06-11-2024T05:13:21 - [TEST_STEP][PASSED] - ii = <not implemented yet for class: org.codehaus.groovy.ast.expr.EmptyExpression>: null

06-11-2024T05:13:21 - [TEST_STEP][PASSED] - urlData = <not implemented yet for class: org.codehaus.groovy.ast.expr.EmptyExpression>: null

06-11-2024T05:13:21 - [TEST_STEP][PASSED] - searchWord = <not implemented yet for class: org.codehaus.groovy.ast.expr.EmptyExpression>: null

06-11-2024T05:13:21 - [TEST_STEP][PASSED] - urlText = <not implemented yet for class: org.codehaus.groovy.ast.expr.EmptyExpression>: null

06-11-2024T05:13:21 - [TEST_STEP][PASSED] - println("block:" + block): null

06-11-2024T05:13:21 - [TEST_STEP][PASSED] - if (block == 1): null

06-11-2024T05:13:21 - [TEST_STEP][PASSED] - else: null

06-11-2024T05:13:21 - [TEST_STEP][PASSED] - delay(45): Delayed 45 second(s)

06-11-2024T05:14:06 - [MESSAGE][PASSED] - Delayed 45 second(s)

06-11-2024T05:14:06 - [TEST_STEP][PASSED] - nameOfBlock = " Выручка": null

06-11-2024T05:14:06 - [TEST_STEP][PASSED] - println("nameOfBlock:" + nameOfBlock): null

06-11-2024T05:14:06 - [TEST_STEP][PASSED] - if (block == 1): null

06-11-2024T05:14:06 - [TEST_STEP][PASSED] - else: Delayed 45 second(s)

06-11-2024T05:14:06 - [TEST_STEP][PASSED] - urlData = 9: null

06-11-2024T05:14:06 - [TEST_STEP][PASSED] - delay(45): Delayed 45 second(s)

06-11-2024T05:14:51 - [MESSAGE][PASSED] - Delayed 45 second(s)

06-11-2024T05:14:51 - [TEST_STEP][PASSED] - navigateToUrl(findTestData("PlanFact").getValue(10, urlData)): Navigate to 'https://bi.rosseti.digital/viewer?dashboardGuid=a1fd28b3785d443cbc4d7690a1d78e31&sheetGuid=86092a20c5984827a0c87b24cac76a50&fit=true' successfully

06-11-2024T05:14:55 - [MESSAGE][PASSED] - Navigate to 'https://bi.rosseti.digital/viewer?dashboardGuid=a1fd28b3785d443cbc4d7690a1d78e31&sheetGuid=86092a20c5984827a0c87b24cac76a50&fit=true' successfully

06-11-2024T05:14:55 - [TEST_STEP][PASSED] - urlText = getText(findTestObject("Страница авторизации/Text")): Text of object 'Object Repository/Страница авторизации/Text' is: 'Вход'

06-11-2024T05:14:59 - [MESSAGE][PASSED] - Text of object 'Object Repository/Страница авторизации/Text' is: 'Вход'

06-11-2024T05:14:59 - [TEST_STEP][PASSED] - searchWord = "Вход": null

06-11-2024T05:14:59 - [TEST_STEP][PASSED] - if (urlText == null || urlText.contains("ошибка") || urlText.contains(searchWord) == false): null

06-11-2024T05:14:59 - [TEST_STEP][PASSED] - if (verifyElementPresent(findTestObject("Страница авторизации/button_"), 30) == true): null

06-11-2024T05:14:59 - [MESSAGE][PASSED] - Object 'Object Repository/Страница авторизации/button_' is present

06-11-2024T05:14:59 - [TEST_STEP][PASSED] - setText(findTestObject("Страница авторизации/input__username"), findTestData("PlanFact").getValue(8, 1)): Text 'liazgina-di' is set on object 'Object Repository/Страница авторизации/input__username'

06-11-2024T05:15:00 - [MESSAGE][PASSED] - Text 'liazgina-di' is set on object 'Object Repository/Страница авторизации/input__username'

06-11-2024T05:15:00 - [TEST_STEP][PASSED] - setText(findTestObject("Страница авторизации/input__password"), findTestData("PlanFact").getValue(9, 1)): Text ')$%5srZ8o688Dm#q' is set on object 'Object Repository/Страница авторизации/input__password'

06-11-2024T05:15:00 - [MESSAGE][PASSED] - Text ')$%5srZ8o688Dm#q' is set on object 'Object Repository/Страница авторизации/input__password'

06-11-2024T05:15:00 - [TEST_STEP][PASSED] - click(findTestObject("Страница авторизации/button_")): Object: 'Object Repository/Страница авторизации/button_' is clicked on

06-11-2024T05:15:04 - [MESSAGE][PASSED] - Object: 'Object Repository/Страница авторизации/button_' is clicked on

06-11-2024T05:15:04 - [TEST_STEP][PASSED] - delay(45): Delayed 45 second(s)

06-11-2024T05:15:49 - [MESSAGE][PASSED] - Delayed 45 second(s)

06-11-2024T05:15:49 - [TEST_STEP][PASSED] - urlText = getText(findTestObject("Страница авторизации/Text")): Text of object 'Object Repository/Страница авторизации/Text' is: 'Период
Выбрано: 3
Выручка
Все
Выполнение плановых показателей, млн.руб.
План
Факт
Динамика
2024 год
0 млн.руб.
100 000 млн.руб.
200 000 млн.руб.
300 000 млн.руб.
400 000 млн.руб.
500 000 млн.руб.
600 000 млн.руб.
700 000 млн.руб.
800 000 млн.руб.
900 000 млн.руб.
1 000 000 млн.руб.
1 100 000 млн.руб.
1 200 000 млн.руб.
1 300 000 млн.руб.
1 056 816
1 056 549
↓
ДЗО 
Все
Подписи данных
⬤Отклонение
АО «Тываэнерго»
АО «Чеченэнерго»
Россети Волга
Россети Кубань
Россети Ленэнерго (ГК)
Россети Московский регион
Россети Северный Кавказ (ГК)
Россети Северо-Запад
Россети Сибирь (ГК)
Россети Томск
Россети Тюмень
Россети Урал (ГК)
Россети ФСК ЕЭС
Россети Центр
Россети Центр и Приволжье (ГК)
Россети Юг (ГК)
Россети Янтарь
-27 500 млн.руб.
-25 000 млн.руб.
-22 500 млн.руб.
-20 000 млн.руб.
-17 500 млн.руб.
-15 000 млн.руб.
-12 500 млн.руб.
-10 000 млн.руб.
-7 500 млн.руб.
-5 000 млн.руб.
-2 500 млн.руб.
0 млн.руб.
2 500 млн.руб.
5 000 млн.руб.
7 500 млн.руб.
10 000 млн.руб.
239
68
25
3 470
3 855
6 900
821
839
2 116
213
-4 312
1 715
-25 094
3 410
3 873
1 315
277
млн.
%
Выручка
Отклонение выручки (факт/план, млн. руб) 
ПАО Россети
-267.6 млн.руб.
Статус данных
×
Просьба обратить внимание
Данные занесены не полностью
ВЫБРАННЫЕ ЗНАЧЕНИЯ ФИЛЬТРОВ
ДЗО | ПЕРИОД
ПАО Россети: [«Выбраны все филиалы по всем ДЗО по всем категориям»]
2024: [Янв, Фев, Мар, Апр, Май, Июн, Июл, Авг, Сен]
*Внутренний оборот'

06-11-2024T05:15:50 - [MESSAGE][PASSED] - Text of object 'Object Repository/Страница авторизации/Text' is: 'Период
Выбрано: 3
Выручка
Все
Выполнение плановых показателей, млн.руб.
План
Факт
Динамика
2024 год
0 млн.руб.
100 000 млн.руб.
200 000 млн.руб.
300 000 млн.руб.
400 000 млн.руб.
500 000 млн.руб.
600 000 млн.руб.
700 000 млн.руб.
800 000 млн.руб.
900 000 млн.руб.
1 000 000 млн.руб.
1 100 000 млн.руб.
1 200 000 млн.руб.
1 300 000 млн.руб.
1 056 816
1 056 549
↓
ДЗО 
Все
Подписи данных
⬤Отклонение
АО «Тываэнерго»
АО «Чеченэнерго»
Россети Волга
Россети Кубань
Россети Ленэнерго (ГК)
Россети Московский регион
Россети Северный Кавказ (ГК)
Россети Северо-Запад
Россети Сибирь (ГК)
Россети Томск
Россети Тюмень
Россети Урал (ГК)
Россети ФСК ЕЭС
Россети Центр
Россети Центр и Приволжье (ГК)
Россети Юг (ГК)
Россети Янтарь
-27 500 млн.руб.
-25 000 млн.руб.
-22 500 млн.руб.
-20 000 млн.руб.
-17 500 млн.руб.
-15 000 млн.руб.
-12 500 млн.руб.
-10 000 млн.руб.
-7 500 млн.руб.
-5 000 млн.руб.
-2 500 млн.руб.
0 млн.руб.
2 500 млн.руб.
5 000 млн.руб.
7 500 млн.руб.
10 000 млн.руб.
239
68
25
3 470
3 855
6 900
821
839
2 116
213
-4 312
1 715
-25 094
3 410
3 873
1 315
277
млн.
%
Выручка
Отклонение выручки (факт/план, млн. руб) 
ПАО Россети
-267.6 млн.руб.
Статус данных
×
Просьба обратить внимание
Данные занесены не полностью
ВЫБРАННЫЕ ЗНАЧЕНИЯ ФИЛЬТРОВ
ДЗО | ПЕРИОД
ПАО Россети: [«Выбраны все филиалы по всем ДЗО по всем категориям»]
2024: [Янв, Фев, Мар, Апр, Май, Июн, Июл, Авг, Сен]
*Внутренний оборот'

06-11-2024T05:15:50 - [TEST_STEP][PASSED] - searchWord = "а": null

06-11-2024T05:15:50 - [TEST_STEP][PASSED] - if (urlText.contains("ошибка") || urlText.contains(searchWord) == false): null

06-11-2024T05:15:50 - [TEST_STEP][PASSED] - delay(45): Delayed 45 second(s)

06-11-2024T05:16:35 - [MESSAGE][PASSED] - Delayed 45 second(s)

06-11-2024T05:16:35 - [TEST_STEP][PASSED] - if (block == 2): Delayed 50 second(s)

06-11-2024T05:16:35 - [TEST_STEP][PASSED] - opoveshenie = getText(findTestObject("Выручка в рублях/Просьба обратить внимание")): Text of object 'Object Repository/Выручка в рублях/Просьба обратить внимание' is: 'Просьба обратить внимание'

06-11-2024T05:16:35 - [MESSAGE][PASSED] - Text of object 'Object Repository/Выручка в рублях/Просьба обратить внимание' is: 'Просьба обратить внимание'

06-11-2024T05:16:35 - [TEST_STEP][PASSED] - if (opoveshenie == "Просьба обратить внимание"): Delayed 50 second(s)

06-11-2024T05:16:35 - [TEST_STEP][PASSED] - click(findTestObject("Выручка в рублях/Закрыть оповещение")): Object: 'Object Repository/Выручка в рублях/Закрыть оповещение' is clicked on

06-11-2024T05:16:35 - [MESSAGE][PASSED] - Object: 'Object Repository/Выручка в рублях/Закрыть оповещение' is clicked on

06-11-2024T05:16:35 - [TEST_STEP][PASSED] - delay(50): Delayed 50 second(s)

06-11-2024T05:17:25 - [MESSAGE][PASSED] - Delayed 50 second(s)

06-11-2024T05:17:25 - [TEST_STEP][PASSED] - click(findTestObject("Выручка в рублях/Фильтр Период" + nameOfBlock)): Object: 'Object Repository/Выручка в рублях/Фильтр Период Выручка' is clicked on

06-11-2024T05:17:26 - [MESSAGE][PASSED] - Object: 'Object Repository/Выручка в рублях/Фильтр Период Выручка' is clicked on

06-11-2024T05:17:26 - [TEST_STEP][PASSED] - click(findTestObject("Выручка в рублях/Снять выделение в фильтре Дата" + nameOfBlock)): Object: 'Object Repository/Выручка в рублях/Снять выделение в фильтре Дата Выручка' is clicked on

06-11-2024T05:17:26 - [MESSAGE][PASSED] - Object: 'Object Repository/Выручка в рублях/Снять выделение в фильтре Дата Выручка' is clicked on

06-11-2024T05:17:26 - [TEST_STEP][PASSED] - click(findTestObject("Выручка в рублях/Применить в фильтре Дата" + nameOfBlock)): Object: 'Object Repository/Выручка в рублях/Применить в фильтре Дата Выручка' is clicked on

06-11-2024T05:17:27 - [MESSAGE][PASSED] - Object: 'Object Repository/Выручка в рублях/Применить в фильтре Дата Выручка' is clicked on

06-11-2024T05:17:27 - [TEST_STEP][PASSED] - delay(50): Delayed 50 second(s)

06-11-2024T05:18:17 - [MESSAGE][PASSED] - Delayed 50 second(s)

06-11-2024T05:18:17 - [TEST_STEP][PASSED] - click(findTestObject("Выручка в рублях/Фильтр Период" + nameOfBlock)): Object: 'Object Repository/Выручка в рублях/Фильтр Период Выручка' is clicked on

06-11-2024T05:18:17 - [MESSAGE][PASSED] - Object: 'Object Repository/Выручка в рублях/Фильтр Период Выручка' is clicked on

06-11-2024T05:18:17 - [TEST_STEP][PASSED] - click(findTestObject("Выручка в рублях/Снять выделение в фильтре Дата" + nameOfBlock)): Object: 'Object Repository/Выручка в рублях/Снять выделение в фильтре Дата Выручка' is clicked on

06-11-2024T05:18:18 - [MESSAGE][PASSED] - Object: 'Object Repository/Выручка в рублях/Снять выделение в фильтре Дата Выручка' is clicked on

06-11-2024T05:18:18 - [TEST_STEP][PASSED] - scrollToElement(findTestObject("Выручка в рублях/2024 список" + nameOfBlock), 30): Scroll to object 'Object Repository/Выручка в рублях/2024 список Выручка' successfully

06-11-2024T05:18:18 - [MESSAGE][PASSED] - Scroll to object 'Object Repository/Выручка в рублях/2024 список Выручка' successfully

06-11-2024T05:18:18 - [TEST_STEP][PASSED] - click(findTestObject("Выручка в рублях/2024 список" + nameOfBlock)): Object: 'Object Repository/Выручка в рублях/2024 список Выручка' is clicked on

06-11-2024T05:18:18 - [MESSAGE][PASSED] - Object: 'Object Repository/Выручка в рублях/2024 список Выручка' is clicked on

06-11-2024T05:18:18 - [TEST_STEP][PASSED] - scrollToElement(findTestObject("Выручка в рублях/1 квартал 2024 выбрать" + nameOfBlock), 30): Scroll to object 'Object Repository/Выручка в рублях/1 квартал 2024 выбрать Выручка' successfully

06-11-2024T05:18:19 - [MESSAGE][PASSED] - Scroll to object 'Object Repository/Выручка в рублях/1 квартал 2024 выбрать Выручка' successfully

06-11-2024T05:18:19 - [TEST_STEP][PASSED] - click(findTestObject("Выручка в рублях/1 квартал 2024 выбрать" + nameOfBlock)): Object: 'Object Repository/Выручка в рублях/1 квартал 2024 выбрать Выручка' is clicked on

06-11-2024T05:18:19 - [MESSAGE][PASSED] - Object: 'Object Repository/Выручка в рублях/1 квартал 2024 выбрать Выручка' is clicked on

06-11-2024T05:18:19 - [TEST_STEP][PASSED] - scrollToElement(findTestObject("Выручка в рублях/2 квартал 2024 выбрать" + nameOfBlock), 30): Scroll to object 'Object Repository/Выручка в рублях/2 квартал 2024 выбрать Выручка' successfully

06-11-2024T05:18:20 - [MESSAGE][PASSED] - Scroll to object 'Object Repository/Выручка в рублях/2 квартал 2024 выбрать Выручка' successfully

06-11-2024T05:18:20 - [TEST_STEP][PASSED] - click(findTestObject("Выручка в рублях/2 квартал 2024 выбрать" + nameOfBlock)): Object: 'Object Repository/Выручка в рублях/2 квартал 2024 выбрать Выручка' is clicked on

06-11-2024T05:18:20 - [MESSAGE][PASSED] - Object: 'Object Repository/Выручка в рублях/2 квартал 2024 выбрать Выручка' is clicked on

06-11-2024T05:18:20 - [TEST_STEP][PASSED] - scrollToElement(findTestObject("Выручка в рублях/3 квартал 2024 список" + nameOfBlock), 30): Scroll to object 'Object Repository/Выручка в рублях/3 квартал 2024 список Выручка' successfully

06-11-2024T05:18:20 - [MESSAGE][PASSED] - Scroll to object 'Object Repository/Выручка в рублях/3 квартал 2024 список Выручка' successfully

06-11-2024T05:18:20 - [TEST_STEP][PASSED] - click(findTestObject("Выручка в рублях/3 квартал 2024" + nameOfBlock)): Object: 'Object Repository/Выручка в рублях/3 квартал 2024 Выручка' is clicked on

06-11-2024T05:18:21 - [MESSAGE][PASSED] - Object: 'Object Repository/Выручка в рублях/3 квартал 2024 Выручка' is clicked on

06-11-2024T05:18:21 - [TEST_STEP][PASSED] - scrollToElement(findTestObject("Выручка в рублях/Заголовок дашборда" + nameOfBlock), 30): Scroll to object 'Object Repository/Выручка в рублях/Заголовок дашборда Выручка' successfully

06-11-2024T05:18:21 - [MESSAGE][PASSED] - Scroll to object 'Object Repository/Выручка в рублях/Заголовок дашборда Выручка' successfully

06-11-2024T05:18:21 - [TEST_STEP][PASSED] - click(findTestObject("Выручка в рублях/Применить в фильтре Дата" + nameOfBlock)): Object: 'Object Repository/Выручка в рублях/Применить в фильтре Дата Выручка' is clicked on

06-11-2024T05:18:22 - [MESSAGE][PASSED] - Object: 'Object Repository/Выручка в рублях/Применить в фильтре Дата Выручка' is clicked on

06-11-2024T05:18:22 - [TEST_STEP][PASSED] - delay(55): Delayed 55 second(s)

06-11-2024T05:19:17 - [MESSAGE][PASSED] - Delayed 55 second(s)

06-11-2024T05:19:17 - [TEST_STEP][PASSED] - click(findTestObject("Выручка в рублях/Фильтр ДЗО" + nameOfBlock)): Object: 'Object Repository/Выручка в рублях/Фильтр ДЗО Выручка' is clicked on

06-11-2024T05:19:17 - [MESSAGE][PASSED] - Object: 'Object Repository/Выручка в рублях/Фильтр ДЗО Выручка' is clicked on

06-11-2024T05:19:17 - [TEST_STEP][PASSED] - click(findTestObject("Выручка в рублях/Снять выделение в фильтре ДЗО" + nameOfBlock)): Object: 'Object Repository/Выручка в рублях/Снять выделение в фильтре ДЗО Выручка' is clicked on

06-11-2024T05:19:18 - [MESSAGE][PASSED] - Object: 'Object Repository/Выручка в рублях/Снять выделение в фильтре ДЗО Выручка' is clicked on

06-11-2024T05:19:18 - [TEST_STEP][PASSED] - click(findTestObject("Выручка в рублях/Применить в фильтре ДЗО" + nameOfBlock)): Object: 'Object Repository/Выручка в рублях/Применить в фильтре ДЗО Выручка' is clicked on

06-11-2024T05:19:18 - [MESSAGE][PASSED] - Object: 'Object Repository/Выручка в рублях/Применить в фильтре ДЗО Выручка' is clicked on

06-11-2024T05:19:18 - [TEST_STEP][PASSED] - delay(50): Delayed 50 second(s)

06-11-2024T05:20:08 - [MESSAGE][PASSED] - Delayed 50 second(s)

06-11-2024T05:20:08 - [TEST_STEP][PASSED] - Script1710234207206.Tumbler(run, vir, block, nameOfBlock): null

06-11-2024T05:20:08 - [TEST_STEP][PASSED] - println("run:" + run): null

06-11-2024T05:20:08 - [TEST_STEP][PASSED] - println("vir:" + vir): null

06-11-2024T05:20:08 - [TEST_STEP][PASSED] - println("block:" + block): null

06-11-2024T05:20:08 - [TEST_STEP][PASSED] - println("nameOfBlock:" + nameOfBlock): null

06-11-2024T05:20:08 - [TEST_STEP][PASSED] - if (vir == 1): null

06-11-2024T05:20:08 - [TEST_STEP][PASSED] - else if (vir == 2): Object: 'Object Repository/Выручка в рублях/Применить в фильтре Выручка Выручка' is clicked on

06-11-2024T05:20:08 - [TEST_STEP][PASSED] - if (run == 2): null

06-11-2024T05:20:08 - [TEST_STEP][PASSED] - click(findTestObject("Выручка в рублях/Фильтр Выручка" + nameOfBlock)): Object: 'Object Repository/Выручка в рублях/Фильтр Выручка Выручка' is clicked on

06-11-2024T05:20:09 - [MESSAGE][PASSED] - Object: 'Object Repository/Выручка в рублях/Фильтр Выручка Выручка' is clicked on

06-11-2024T05:20:09 - [TEST_STEP][PASSED] - click(findTestObject("Выручка в рублях/Итого в фильтре Выручка" + nameOfBlock)): Object: 'Object Repository/Выручка в рублях/Итого в фильтре Выручка Выручка' is clicked on

06-11-2024T05:20:09 - [MESSAGE][PASSED] - Object: 'Object Repository/Выручка в рублях/Итого в фильтре Выручка Выручка' is clicked on

06-11-2024T05:20:09 - [TEST_STEP][PASSED] - click(findTestObject("Выручка в рублях/Применить в фильтре Выручка" + nameOfBlock)): Object: 'Object Repository/Выручка в рублях/Применить в фильтре Выручка Выручка' is clicked on

06-11-2024T05:20:10 - [MESSAGE][PASSED] - Object: 'Object Repository/Выручка в рублях/Применить в фильтре Выручка Выручка' is clicked on

06-11-2024T05:20:10 - [TEST_STEP][PASSED] - click(findTestObject("Выручка в рублях/Фильтр ДЗО" + nameOfBlock)): Object: 'Object Repository/Выручка в рублях/Фильтр ДЗО Выручка' is clicked on

06-11-2024T05:20:40 - [MESSAGE][PASSED] - Object: 'Object Repository/Выручка в рублях/Фильтр ДЗО Выручка' is clicked on

06-11-2024T05:20:40 - [TEST_STEP][PASSED] - Script1710234207206.Rosseti(nameOfBlock): null

06-11-2024T05:20:40 - [TEST_STEP][PASSED] - println("nameOfBlock:" + nameOfBlock): null

06-11-2024T05:20:40 - [TEST_STEP][PASSED] - click(findTestObject("Выручка в рублях/ПАО Россети" + nameOfBlock)): Object: 'Object Repository/Выручка в рублях/ПАО Россети Выручка' is clicked on

06-11-2024T05:21:05 - [MESSAGE][PASSED] - Object: 'Object Repository/Выручка в рублях/ПАО Россети Выручка' is clicked on

06-11-2024T05:21:05 - [TEST_STEP][PASSED] - click(findTestObject("Выручка в рублях/Применить в фильтре ДЗО" + nameOfBlock)): Object: 'Object Repository/Выручка в рублях/Применить в фильтре ДЗО Выручка' is clicked on

06-11-2024T05:21:06 - [MESSAGE][PASSED] - Object: 'Object Repository/Выручка в рублях/Применить в фильтре ДЗО Выручка' is clicked on

06-11-2024T05:21:06 - [TEST_STEP][PASSED] - if (vir == 1 || vir == 2): Text of object 'Object Repository/Выручка в рублях/График План Выручка' is: '1 038 923'

06-11-2024T05:21:06 - [TEST_STEP][PASSED] - b1 = getText(findTestObject("Выручка в рублях/График План Выручка")): Text of object 'Object Repository/Выручка в рублях/График План Выручка' is: '1 038 923'

06-11-2024T05:21:10 - [MESSAGE][PASSED] - Text of object 'Object Repository/Выручка в рублях/График План Выручка' is: '1 038 923'

06-11-2024T05:21:10 - [TEST_STEP][PASSED] - if (vir == 1 || vir == 2): Text of object 'Object Repository/Выручка в рублях/График Факт Выручка' is: '1 038 048'

06-11-2024T05:21:10 - [TEST_STEP][PASSED] - b2 = getText(findTestObject("Выручка в рублях/График Факт Выручка")): Text of object 'Object Repository/Выручка в рублях/График Факт Выручка' is: '1 038 048'

06-11-2024T05:21:10 - [MESSAGE][PASSED] - Text of object 'Object Repository/Выручка в рублях/График Факт Выручка' is: '1 038 048'

06-11-2024T05:21:10 - [TEST_STEP][PASSED] - b30 = getText(findTestObject("Выручка в рублях/span1" + perc)): Text of object 'Object Repository/Выручка в рублях/span1' is: '-875.3 млн.руб.'

06-11-2024T05:21:10 - [MESSAGE][PASSED] - Text of object 'Object Repository/Выручка в рублях/span1' is: '-875.3 млн.руб.'

06-11-2024T05:21:10 - [TEST_STEP][PASSED] - i = b30.indexOf("млн.руб."): null

06-11-2024T05:21:10 - [TEST_STEP][PASSED] - if (i > -1): null

06-11-2024T05:21:10 - [TEST_STEP][PASSED] - b30 = b30.substring(0, i): null

06-11-2024T05:21:10 - [TEST_STEP][PASSED] - b30 = b30.replaceAll(" ", ""): null

06-11-2024T05:21:10 - [TEST_STEP][PASSED] - if (b30.contains("%")): null

06-11-2024T05:21:10 - [TEST_STEP][PASSED] - b30 = ").trim(): null

06-11-2024T05:21:10 - [TEST_STEP][PASSED] - println("b30: " + b30): null

06-11-2024T05:21:10 - [TEST_STEP][PASSED] - if (vir == 1 || vir == 2): Text of object 'Object Repository/Выручка в рублях/span2' is: '287'

06-11-2024T05:21:10 - [TEST_STEP][PASSED] - b31 = ").trim(): Text of object 'Object Repository/Выручка в рублях/span2' is: '287'

06-11-2024T05:21:11 - [MESSAGE][PASSED] - Text of object 'Object Repository/Выручка в рублях/span2' is: '287'

06-11-2024T05:21:11 - [TEST_STEP][PASSED] - if (vir == 1 || vir == 2): Text of object 'Object Repository/Выручка в рублях/span3' is: '-11'

06-11-2024T05:21:11 - [TEST_STEP][PASSED] - b32 = ").trim(): Text of object 'Object Repository/Выручка в рублях/span3' is: '-11'

06-11-2024T05:21:11 - [MESSAGE][PASSED] - Text of object 'Object Repository/Выручка в рублях/span3' is: '-11'

06-11-2024T05:21:11 - [TEST_STEP][PASSED] - if (vir == 1 || vir == 2): Text of object 'Object Repository/Выручка в рублях/span8' is: '279'

06-11-2024T05:21:11 - [TEST_STEP][PASSED] - b33 = ").trim(): Text of object 'Object Repository/Выручка в рублях/span4' is: '25'

06-11-2024T05:21:11 - [MESSAGE][PASSED] - Text of object 'Object Repository/Выручка в рублях/span4' is: '25'

06-11-2024T05:21:11 - [TEST_STEP][PASSED] - b34 = ").trim(): Text of object 'Object Repository/Выручка в рублях/span5' is: '3 470'

06-11-2024T05:21:12 - [MESSAGE][PASSED] - Text of object 'Object Repository/Выручка в рублях/span5' is: '3 470'

06-11-2024T05:21:12 - [TEST_STEP][PASSED] - b35 = ").trim(): Text of object 'Object Repository/Выручка в рублях/span6' is: '3 855'

06-11-2024T05:21:12 - [MESSAGE][PASSED] - Text of object 'Object Repository/Выручка в рублях/span6' is: '3 855'

06-11-2024T05:21:12 - [TEST_STEP][PASSED] - b36 = ").trim(): Text of object 'Object Repository/Выручка в рублях/span7' is: '6 900'

06-11-2024T05:21:12 - [MESSAGE][PASSED] - Text of object 'Object Repository/Выручка в рублях/span7' is: '6 900'

06-11-2024T05:21:12 - [TEST_STEP][PASSED] - b37 = ").trim(): Text of object 'Object Repository/Выручка в рублях/span8' is: '279'

06-11-2024T05:21:13 - [MESSAGE][PASSED] - Text of object 'Object Repository/Выручка в рублях/span8' is: '279'

06-11-2024T05:21:13 - [TEST_STEP][PASSED] - if (vir == 1 || vir == 2): Text of object 'Object Repository/Выручка в рублях/span17' is: '1 281'

06-11-2024T05:21:13 - [TEST_STEP][PASSED] - b38 = ").trim(): Text of object 'Object Repository/Выручка в рублях/span9' is: '839'

06-11-2024T05:21:13 - [MESSAGE][PASSED] - Text of object 'Object Repository/Выручка в рублях/span9' is: '839'

06-11-2024T05:21:13 - [TEST_STEP][PASSED] - b39 = ").trim(): Text of object 'Object Repository/Выручка в рублях/span10' is: '2 116'

06-11-2024T05:21:13 - [MESSAGE][PASSED] - Text of object 'Object Repository/Выручка в рублях/span10' is: '2 116'

06-11-2024T05:21:13 - [TEST_STEP][PASSED] - b310 = ").trim(): Text of object 'Object Repository/Выручка в рублях/span11' is: '213'

06-11-2024T05:21:13 - [MESSAGE][PASSED] - Text of object 'Object Repository/Выручка в рублях/span11' is: '213'

06-11-2024T05:21:13 - [TEST_STEP][PASSED] - b311 = ").trim(): Text of object 'Object Repository/Выручка в рублях/span12' is: '-4 312'

06-11-2024T05:21:14 - [MESSAGE][PASSED] - Text of object 'Object Repository/Выручка в рублях/span12' is: '-4 312'

06-11-2024T05:21:14 - [TEST_STEP][PASSED] - b312 = ").trim(): Text of object 'Object Repository/Выручка в рублях/span13' is: '1 715'

06-11-2024T05:21:14 - [MESSAGE][PASSED] - Text of object 'Object Repository/Выручка в рублях/span13' is: '1 715'

06-11-2024T05:21:14 - [TEST_STEP][PASSED] - b313 = ").trim(): Text of object 'Object Repository/Выручка в рублях/span14' is: '-25 094'

06-11-2024T05:21:14 - [MESSAGE][PASSED] - Text of object 'Object Repository/Выручка в рублях/span14' is: '-25 094'

06-11-2024T05:21:14 - [TEST_STEP][PASSED] - b314 = ").trim(): Text of object 'Object Repository/Выручка в рублях/span15' is: '3 410'

06-11-2024T05:21:15 - [MESSAGE][PASSED] - Text of object 'Object Repository/Выручка в рублях/span15' is: '3 410'

06-11-2024T05:21:15 - [TEST_STEP][PASSED] - b315 = ").trim(): Text of object 'Object Repository/Выручка в рублях/span16' is: '3 873'

06-11-2024T05:21:15 - [MESSAGE][PASSED] - Text of object 'Object Repository/Выручка в рублях/span16' is: '3 873'

06-11-2024T05:21:15 - [TEST_STEP][PASSED] - b316 = ").trim(): Text of object 'Object Repository/Выручка в рублях/span17' is: '1 281'

06-11-2024T05:21:15 - [MESSAGE][PASSED] - Text of object 'Object Repository/Выручка в рублях/span17' is: '1 281'

06-11-2024T05:21:15 - [TEST_STEP][PASSED] - if (vir == 1 || vir == 2): Text of object 'Object Repository/Выручка в рублях/span18' is: '277'

06-11-2024T05:21:15 - [TEST_STEP][PASSED] - b317 = ").trim(): Text of object 'Object Repository/Выручка в рублях/span18' is: '277'

06-11-2024T05:21:16 - [MESSAGE][PASSED] - Text of object 'Object Repository/Выручка в рублях/span18' is: '277'

06-11-2024T05:21:16 - [TEST_STEP][PASSED] - dZO = "ПАО Россети": null

06-11-2024T05:21:16 - [TEST_STEP][PASSED] - if (verifyEqual(a1, b1) == false): Actual object '1 038 923' and expected object '1 038 923' are equal

06-11-2024T05:21:16 - [MESSAGE][PASSED] - Actual object '1 038 923' and expected object '1 038 923' are equal

06-11-2024T05:21:16 - [TEST_STEP][PASSED] - if (verifyEqual(a2, b2) == false): Actual object '1 038 048' and expected object '1 038 048' are equal

06-11-2024T05:21:16 - [MESSAGE][PASSED] - Actual object '1 038 048' and expected object '1 038 048' are equal

06-11-2024T05:21:16 - [TEST_STEP][PASSED] - vidget = "Отклонения": null

06-11-2024T05:21:16 - [TEST_STEP][PASSED] - if (verifyEqual(a30, b30) == false): Actual object '-875.3' and expected object '-875.3' are equal

06-11-2024T05:21:16 - [MESSAGE][PASSED] - Actual object '-875.3' and expected object '-875.3' are equal

06-11-2024T05:21:16 - [TEST_STEP][PASSED] - dZO = "АО «Тываэнерго»": null

06-11-2024T05:21:16 - [TEST_STEP][PASSED] - if (verifyEqual(a31, b31) == false): Actual object '287' and expected object '287' are equal

06-11-2024T05:21:16 - [MESSAGE][PASSED] - Actual object '287' and expected object '287' are equal

06-11-2024T05:21:16 - [TEST_STEP][PASSED] - dZO = "АО «Чеченэнерго»": null

06-11-2024T05:21:16 - [TEST_STEP][PASSED] - if (verifyEqual(a32, b32) == false): Actual object '-11' and expected object '-11' are equal

06-11-2024T05:21:16 - [MESSAGE][PASSED] - Actual object '-11' and expected object '-11' are equal

06-11-2024T05:21:16 - [TEST_STEP][PASSED] - dZO = "Россети Волга": null

06-11-2024T05:21:16 - [TEST_STEP][PASSED] - if (verifyEqual(a33, b33) == false): Actual object '25' and expected object '25' are equal

06-11-2024T05:21:16 - [MESSAGE][PASSED] - Actual object '25' and expected object '25' are equal

06-11-2024T05:21:16 - [TEST_STEP][PASSED] - dZO = "Россети Кубань": null

06-11-2024T05:21:16 - [TEST_STEP][PASSED] - if (verifyEqual(a34, b34) == false): Actual object '3 470' and expected object '3 470' are equal

06-11-2024T05:21:16 - [MESSAGE][PASSED] - Actual object '3 470' and expected object '3 470' are equal

06-11-2024T05:21:16 - [TEST_STEP][PASSED] - dZO = "Россети Ленэнерго (ГК)": null

06-11-2024T05:21:16 - [TEST_STEP][PASSED] - if (verifyEqual(a35, b35) == false): Actual object '3 855' and expected object '3 855' are equal

06-11-2024T05:21:16 - [MESSAGE][PASSED] - Actual object '3 855' and expected object '3 855' are equal

06-11-2024T05:21:16 - [TEST_STEP][PASSED] - dZO = "Россети Московский регион": null

06-11-2024T05:21:16 - [TEST_STEP][PASSED] - if (verifyEqual(a36, b36) == false): Actual object '6 900' and expected object '6 900' are equal

06-11-2024T05:21:16 - [MESSAGE][PASSED] - Actual object '6 900' and expected object '6 900' are equal

06-11-2024T05:21:16 - [TEST_STEP][PASSED] - dZO = "Россети Северный Кавказ (ГК)": null

06-11-2024T05:21:16 - [TEST_STEP][PASSED] - if (verifyEqual(a37, b37) == false): Actual object '279' and expected object '279' are equal

06-11-2024T05:21:16 - [MESSAGE][PASSED] - Actual object '279' and expected object '279' are equal

06-11-2024T05:21:16 - [TEST_STEP][PASSED] - dZO = "Россети Северо-Запад": null

06-11-2024T05:21:16 - [TEST_STEP][PASSED] - if (verifyEqual(a38, b38) == false): Actual object '839' and expected object '839' are equal

06-11-2024T05:21:16 - [MESSAGE][PASSED] - Actual object '839' and expected object '839' are equal

06-11-2024T05:21:16 - [TEST_STEP][PASSED] - dZO = "Россети Сибирь (ГК)": null

06-11-2024T05:21:16 - [TEST_STEP][PASSED] - if (verifyEqual(a39, b39) == false): Actual object '2 116' and expected object '2 116' are equal

06-11-2024T05:21:16 - [MESSAGE][PASSED] - Actual object '2 116' and expected object '2 116' are equal

06-11-2024T05:21:16 - [TEST_STEP][PASSED] - dZO = "Россети Томск": null

06-11-2024T05:21:16 - [TEST_STEP][PASSED] - if (verifyEqual(a310, b310) == false): Actual object '213' and expected object '213' are equal

06-11-2024T05:21:16 - [MESSAGE][PASSED] - Actual object '213' and expected object '213' are equal

06-11-2024T05:21:16 - [TEST_STEP][PASSED] - dZO = "Россети Тюмень": null

06-11-2024T05:21:16 - [TEST_STEP][PASSED] - if (verifyEqual(a311, b311) == false): Actual object '-4 312' and expected object '-4 312' are equal

06-11-2024T05:21:16 - [MESSAGE][PASSED] - Actual object '-4 312' and expected object '-4 312' are equal

06-11-2024T05:21:16 - [TEST_STEP][PASSED] - dZO = "Россети Урал (ГК)": null

06-11-2024T05:21:16 - [TEST_STEP][PASSED] - if (verifyEqual(a312, b312) == false): Actual object '1 715' and expected object '1 715' are equal

06-11-2024T05:21:16 - [MESSAGE][PASSED] - Actual object '1 715' and expected object '1 715' are equal

06-11-2024T05:21:16 - [TEST_STEP][PASSED] - dZO = "Россети ФСК ЕЭС": null

06-11-2024T05:21:16 - [TEST_STEP][PASSED] - if (verifyEqual(a313, b313) == false): Actual object '-25 094' and expected object '-25 094' are equal

06-11-2024T05:21:16 - [MESSAGE][PASSED] - Actual object '-25 094' and expected object '-25 094' are equal

06-11-2024T05:21:16 - [TEST_STEP][PASSED] - dZO = "Россети Центр": null

06-11-2024T05:21:16 - [TEST_STEP][PASSED] - if (verifyEqual(a314, b314) == false): Actual object '3 410' and expected object '3 410' are equal

06-11-2024T05:21:16 - [MESSAGE][PASSED] - Actual object '3 410' and expected object '3 410' are equal

06-11-2024T05:21:16 - [TEST_STEP][PASSED] - dZO = "Россети Центр и Приволжье (ГК)": null

06-11-2024T05:21:16 - [TEST_STEP][PASSED] - if (verifyEqual(a315, b315) == false): Actual object '3 873' and expected object '3 873' are equal

06-11-2024T05:21:16 - [MESSAGE][PASSED] - Actual object '3 873' and expected object '3 873' are equal

06-11-2024T05:21:16 - [TEST_STEP][PASSED] - dZO = "Россети Юг (ГК)": null

06-11-2024T05:21:16 - [TEST_STEP][PASSED] - if (verifyEqual(a316, b316) == false): Actual object '1 281' and expected object '1 281' are equal

06-11-2024T05:21:16 - [MESSAGE][PASSED] - Actual object '1 281' and expected object '1 281' are equal

06-11-2024T05:21:16 - [TEST_STEP][PASSED] - dZO = "Россети Янтарь": null

06-11-2024T05:21:16 - [TEST_STEP][PASSED] - if (verifyEqual(a317, b317) == false): Actual object '277' and expected object '277' are equal

06-11-2024T05:21:16 - [MESSAGE][PASSED] - Actual object '277' and expected object '277' are equal

06-11-2024T05:21:16 - [TEST_STEP][PASSED] - closeBrowser(): null

06-11-2024T05:21:16 - [MESSAGE][PASSED] - Browser is closed

06-11-2024T05:21:16 - [TEST_STEP][PASSED] - Script1710234207206.Blocks(run, vir, block, nameOfBlock, typeOfData, viruchka, vidget, todaysDate, a, b, dZO, x, y): null

06-11-2024T05:21:16 - [TEST_STEP][PASSED] - i = <not implemented yet for class: org.codehaus.groovy.ast.expr.EmptyExpression>: null

06-11-2024T05:21:16 - [TEST_STEP][PASSED] - perc = "": null

06-11-2024T05:21:16 - [TEST_STEP][PASSED] - a1 = <not implemented yet for class: org.codehaus.groovy.ast.expr.EmptyExpression>: null

06-11-2024T05:21:16 - [TEST_STEP][PASSED] - a2 = <not implemented yet for class: org.codehaus.groovy.ast.expr.EmptyExpression>: null

06-11-2024T05:21:16 - [TEST_STEP][PASSED] - a30 = <not implemented yet for class: org.codehaus.groovy.ast.expr.EmptyExpression>: null

06-11-2024T05:21:16 - [TEST_STEP][PASSED] - a31 = <not implemented yet for class: org.codehaus.groovy.ast.expr.EmptyExpression>: null

06-11-2024T05:21:16 - [TEST_STEP][PASSED] - a32 = <not implemented yet for class: org.codehaus.groovy.ast.expr.EmptyExpression>: null

06-11-2024T05:21:16 - [TEST_STEP][PASSED] - a33 = <not implemented yet for class: org.codehaus.groovy.ast.expr.EmptyExpression>: null

06-11-2024T05:21:16 - [TEST_STEP][PASSED] - a34 = <not implemented yet for class: org.codehaus.groovy.ast.expr.EmptyExpression>: null

06-11-2024T05:21:16 - [TEST_STEP][PASSED] - a35 = <not implemented yet for class: org.codehaus.groovy.ast.expr.EmptyExpression>: null

06-11-2024T05:21:16 - [TEST_STEP][PASSED] - a36 = <not implemented yet for class: org.codehaus.groovy.ast.expr.EmptyExpression>: null

06-11-2024T05:21:16 - [TEST_STEP][PASSED] - a37 = <not implemented yet for class: org.codehaus.groovy.ast.expr.EmptyExpression>: null

06-11-2024T05:21:16 - [TEST_STEP][PASSED] - a38 = <not implemented yet for class: org.codehaus.groovy.ast.expr.EmptyExpression>: null

06-11-2024T05:21:16 - [TEST_STEP][PASSED] - a39 = <not implemented yet for class: org.codehaus.groovy.ast.expr.EmptyExpression>: null

06-11-2024T05:21:16 - [TEST_STEP][PASSED] - a310 = <not implemented yet for class: org.codehaus.groovy.ast.expr.EmptyExpression>: null

06-11-2024T05:21:16 - [TEST_STEP][PASSED] - a311 = <not implemented yet for class: org.codehaus.groovy.ast.expr.EmptyExpression>: null

06-11-2024T05:21:16 - [TEST_STEP][PASSED] - a312 = <not implemented yet for class: org.codehaus.groovy.ast.expr.EmptyExpression>: null

06-11-2024T05:21:16 - [TEST_STEP][PASSED] - a313 = <not implemented yet for class: org.codehaus.groovy.ast.expr.EmptyExpression>: null

06-11-2024T05:21:16 - [TEST_STEP][PASSED] - a314 = <not implemented yet for class: org.codehaus.groovy.ast.expr.EmptyExpression>: null

06-11-2024T05:21:16 - [TEST_STEP][PASSED] - a315 = <not implemented yet for class: org.codehaus.groovy.ast.expr.EmptyExpression>: null

06-11-2024T05:21:16 - [TEST_STEP][PASSED] - a316 = <not implemented yet for class: org.codehaus.groovy.ast.expr.EmptyExpression>: null

06-11-2024T05:21:16 - [TEST_STEP][PASSED] - a317 = <not implemented yet for class: org.codehaus.groovy.ast.expr.EmptyExpression>: null

06-11-2024T05:21:16 - [TEST_STEP][PASSED] - b1 = <not implemented yet for class: org.codehaus.groovy.ast.expr.EmptyExpression>: null

06-11-2024T05:21:16 - [TEST_STEP][PASSED] - b2 = <not implemented yet for class: org.codehaus.groovy.ast.expr.EmptyExpression>: null

06-11-2024T05:21:16 - [TEST_STEP][PASSED] - b30 = <not implemented yet for class: org.codehaus.groovy.ast.expr.EmptyExpression>: null

06-11-2024T05:21:16 - [TEST_STEP][PASSED] - b31 = <not implemented yet for class: org.codehaus.groovy.ast.expr.EmptyExpression>: null

06-11-2024T05:21:16 - [TEST_STEP][PASSED] - b32 = <not implemented yet for class: org.codehaus.groovy.ast.expr.EmptyExpression>: null

06-11-2024T05:21:16 - [TEST_STEP][PASSED] - b33 = <not implemented yet for class: org.codehaus.groovy.ast.expr.EmptyExpression>: null

06-11-2024T05:21:16 - [TEST_STEP][PASSED] - b34 = <not implemented yet for class: org.codehaus.groovy.ast.expr.EmptyExpression>: null

06-11-2024T05:21:16 - [TEST_STEP][PASSED] - b35 = <not implemented yet for class: org.codehaus.groovy.ast.expr.EmptyExpression>: null

06-11-2024T05:21:16 - [TEST_STEP][PASSED] - b36 = <not implemented yet for class: org.codehaus.groovy.ast.expr.EmptyExpression>: null

06-11-2024T05:21:16 - [TEST_STEP][PASSED] - b37 = <not implemented yet for class: org.codehaus.groovy.ast.expr.EmptyExpression>: null

06-11-2024T05:21:16 - [TEST_STEP][PASSED] - b38 = <not implemented yet for class: org.codehaus.groovy.ast.expr.EmptyExpression>: null

06-11-2024T05:21:16 - [TEST_STEP][PASSED] - b39 = <not implemented yet for class: org.codehaus.groovy.ast.expr.EmptyExpression>: null

06-11-2024T05:21:16 - [TEST_STEP][PASSED] - b310 = <not implemented yet for class: org.codehaus.groovy.ast.expr.EmptyExpression>: null

06-11-2024T05:21:16 - [TEST_STEP][PASSED] - b311 = <not implemented yet for class: org.codehaus.groovy.ast.expr.EmptyExpression>: null

06-11-2024T05:21:16 - [TEST_STEP][PASSED] - b312 = <not implemented yet for class: org.codehaus.groovy.ast.expr.EmptyExpression>: null

06-11-2024T05:21:16 - [TEST_STEP][PASSED] - b313 = <not implemented yet for class: org.codehaus.groovy.ast.expr.EmptyExpression>: null

06-11-2024T05:21:16 - [TEST_STEP][PASSED] - b314 = <not implemented yet for class: org.codehaus.groovy.ast.expr.EmptyExpression>: null

06-11-2024T05:21:16 - [TEST_STEP][PASSED] - b315 = <not implemented yet for class: org.codehaus.groovy.ast.expr.EmptyExpression>: null

06-11-2024T05:21:16 - [TEST_STEP][PASSED] - b316 = <not implemented yet for class: org.codehaus.groovy.ast.expr.EmptyExpression>: null

06-11-2024T05:21:16 - [TEST_STEP][PASSED] - b317 = <not implemented yet for class: org.codehaus.groovy.ast.expr.EmptyExpression>: null

06-11-2024T05:21:16 - [TEST_STEP][PASSED] - block = 1: null

06-11-2024T05:21:16 - [TEST_STEP][PASSED] - nameOfBlock = "": null

06-11-2024T05:21:16 - [TEST_STEP][PASSED] - Script1710234207206.PreSettings(run, vir, block, nameOfBlock, typeOfData, todaysDate): null

06-11-2024T05:21:16 - [TEST_STEP][PASSED] - openBrowser(""): Browser is opened with url: ''

06-11-2024T05:21:16 - [MESSAGE][INFO] - Starting 'Chrome' driver

06-11-2024T05:21:16 - [MESSAGE][INFO] - Action delay is set to 0 milliseconds

06-11-2024T05:21:17 - [MESSAGE][PASSED] - Browser is opened with url: ''

06-11-2024T05:21:17 - [TEST_STEP][PASSED] - refresh(): Refresh successfully

06-11-2024T05:21:17 - [MESSAGE][PASSED] - Refresh successfully

06-11-2024T05:21:17 - [TEST_STEP][PASSED] - delay(50): Delayed 50 second(s)

06-11-2024T05:22:07 - [MESSAGE][PASSED] - Delayed 50 second(s)

06-11-2024T05:22:07 - [TEST_STEP][PASSED] - println("run:" + run): null

06-11-2024T05:22:07 - [TEST_STEP][PASSED] - println("vir:" + vir): null

06-11-2024T05:22:07 - [TEST_STEP][PASSED] - println("block:" + block): null

06-11-2024T05:22:07 - [TEST_STEP][PASSED] - if (block == 1): null

06-11-2024T05:22:07 - [TEST_STEP][PASSED] - nameOfBlock = "": null

06-11-2024T05:22:07 - [TEST_STEP][PASSED] - println("nameOfBlock:" + nameOfBlock): null

06-11-2024T05:22:07 - [TEST_STEP][PASSED] - println("typeOfData:" + typeOfData): null

06-11-2024T05:22:07 - [TEST_STEP][PASSED] - println("todaysDate:" + todaysDate): null

06-11-2024T05:22:07 - [TEST_STEP][PASSED] - Script1710234207206.Autorization(block, nameOfBlock): null

06-11-2024T05:22:07 - [TEST_STEP][PASSED] - i = <not implemented yet for class: org.codehaus.groovy.ast.expr.EmptyExpression>: null

06-11-2024T05:22:07 - [TEST_STEP][PASSED] - ii = <not implemented yet for class: org.codehaus.groovy.ast.expr.EmptyExpression>: null

06-11-2024T05:22:07 - [TEST_STEP][PASSED] - urlData = <not implemented yet for class: org.codehaus.groovy.ast.expr.EmptyExpression>: null

06-11-2024T05:22:07 - [TEST_STEP][PASSED] - searchWord = <not implemented yet for class: org.codehaus.groovy.ast.expr.EmptyExpression>: null

06-11-2024T05:22:07 - [TEST_STEP][PASSED] - urlText = <not implemented yet for class: org.codehaus.groovy.ast.expr.EmptyExpression>: null

06-11-2024T05:22:07 - [TEST_STEP][PASSED] - println("block:" + block): null

06-11-2024T05:22:07 - [TEST_STEP][PASSED] - if (block == 1): null

06-11-2024T05:22:07 - [TEST_STEP][PASSED] - nameOfBlock = "": null

06-11-2024T05:22:07 - [TEST_STEP][PASSED] - println("nameOfBlock:" + nameOfBlock): null

06-11-2024T05:22:07 - [TEST_STEP][PASSED] - if (block == 1): Delayed 45 second(s)

06-11-2024T05:22:07 - [TEST_STEP][PASSED] - urlData = 2: null

06-11-2024T05:22:07 - [TEST_STEP][PASSED] - delay(45): Delayed 45 second(s)

06-11-2024T05:22:52 - [MESSAGE][PASSED] - Delayed 45 second(s)

06-11-2024T05:22:52 - [TEST_STEP][PASSED] - navigateToUrl(findTestData("PlanFact").getValue(10, urlData)): Navigate to 'https://bi.rosseti.digital/viewer?dashboardGuid=2301950b23be4ed89c1df75f2020051e&sheetGuid=b723206f698544fb87299f3095c00435&fit=true' successfully

06-11-2024T05:22:56 - [MESSAGE][PASSED] - Navigate to 'https://bi.rosseti.digital/viewer?dashboardGuid=2301950b23be4ed89c1df75f2020051e&sheetGuid=b723206f698544fb87299f3095c00435&fit=true' successfully

06-11-2024T05:22:56 - [TEST_STEP][PASSED] - urlText = getText(findTestObject("Страница авторизации/Text")): Text of object 'Object Repository/Страница авторизации/Text' is: 'Вход'

06-11-2024T05:22:59 - [MESSAGE][PASSED] - Text of object 'Object Repository/Страница авторизации/Text' is: 'Вход'

06-11-2024T05:22:59 - [TEST_STEP][PASSED] - searchWord = "Вход": null

06-11-2024T05:22:59 - [TEST_STEP][PASSED] - if (urlText == null || urlText.contains("ошибка") || urlText.contains(searchWord) == false): null

06-11-2024T05:22:59 - [TEST_STEP][PASSED] - if (verifyElementPresent(findTestObject("Страница авторизации/button_"), 30) == true): null

06-11-2024T05:22:59 - [MESSAGE][PASSED] - Object 'Object Repository/Страница авторизации/button_' is present

06-11-2024T05:22:59 - [TEST_STEP][PASSED] - setText(findTestObject("Страница авторизации/input__username"), findTestData("PlanFact").getValue(8, 1)): Text 'liazgina-di' is set on object 'Object Repository/Страница авторизации/input__username'

06-11-2024T05:23:00 - [MESSAGE][PASSED] - Text 'liazgina-di' is set on object 'Object Repository/Страница авторизации/input__username'

06-11-2024T05:23:00 - [TEST_STEP][PASSED] - setText(findTestObject("Страница авторизации/input__password"), findTestData("PlanFact").getValue(9, 1)): Text ')$%5srZ8o688Dm#q' is set on object 'Object Repository/Страница авторизации/input__password'

06-11-2024T05:23:01 - [MESSAGE][PASSED] - Text ')$%5srZ8o688Dm#q' is set on object 'Object Repository/Страница авторизации/input__password'

06-11-2024T05:23:01 - [TEST_STEP][PASSED] - click(findTestObject("Страница авторизации/button_")): Object: 'Object Repository/Страница авторизации/button_' is clicked on

06-11-2024T05:23:04 - [MESSAGE][PASSED] - Object: 'Object Repository/Страница авторизации/button_' is clicked on

06-11-2024T05:23:04 - [TEST_STEP][PASSED] - delay(45): Delayed 45 second(s)

06-11-2024T05:23:49 - [MESSAGE][PASSED] - Delayed 45 second(s)

06-11-2024T05:23:49 - [TEST_STEP][PASSED] - urlText = getText(findTestObject("Страница авторизации/Text")): Text of object 'Object Repository/Страница авторизации/Text' is: 'Период
1, 2, 3 кв. 2024 года
Выручка
Все
Выполнение плановых показателей по ПАО Россети за 1, 2, 3 кв. 2024 года
План
Факт
Динамика
2024 год
0 млн.руб.
100 000 млн.руб.
200 000 млн.руб.
300 000 млн.руб.
400 000 млн.руб.
500 000 млн.руб.
600 000 млн.руб.
700 000 млн.руб.
800 000 млн.руб.
900 000 млн.руб.
1 000 000 млн.руб.
1 100 000 млн.руб.
1 200 000 млн.руб.
1 300 000 млн.руб.
1 056 816
1 056 549
↓
ДЗО 
Все
Внутренний оборот - выручка за услуги по передаче электрической энергии, учтенная в выручке за электроэнергию для конечных потребителей, при выполнении ДЗО функций гарантирующего поставщика
Подписи данных
⬤Отклонение
АО «Тываэнерго»
АО «Чеченэнерго»
Россети Волга
Россети Кубань
Россети Ленэнерго (ГК)
Россети Московский регион
Россети Северный Кавказ (ГК)
Россети Северо-Запад
Россети Сибирь (ГК)
Россети Томск
Россети Тюмень
Россети Урал (ГК)
Россети ФСК ЕЭС
Россети Центр
Россети Центр и Приволжье (ГК)
Россети Юг (ГК)
Россети Янтарь
-25 000млн.руб.
-20 000млн.руб.
-15 000млн.руб.
-10 000млн.руб.
-5 000млн.руб.
0млн.руб.
5 000млн.руб.
10 …
-30 000млн.руб.
239
68
25
3 470
3 855
6 900
821
839
2 116
213
-4 312
1 715
-25 094
3 410
3 873
1 315
277
млн.
%
Выручка
Отклонение выручки по ПАО Россети за 1, 2, 3 кв. 2024 года (факт/план, млн. руб)
ПАО Россети
-267.6 млн.руб.
 '

06-11-2024T05:24:19 - [MESSAGE][PASSED] - Text of object 'Object Repository/Страница авторизации/Text' is: 'Период
1, 2, 3 кв. 2024 года
Выручка
Все
Выполнение плановых показателей по ПАО Россети за 1, 2, 3 кв. 2024 года
План
Факт
Динамика
2024 год
0 млн.руб.
100 000 млн.руб.
200 000 млн.руб.
300 000 млн.руб.
400 000 млн.руб.
500 000 млн.руб.
600 000 млн.руб.
700 000 млн.руб.
800 000 млн.руб.
900 000 млн.руб.
1 000 000 млн.руб.
1 100 000 млн.руб.
1 200 000 млн.руб.
1 300 000 млн.руб.
1 056 816
1 056 549
↓
ДЗО 
Все
Внутренний оборот - выручка за услуги по передаче электрической энергии, учтенная в выручке за электроэнергию для конечных потребителей, при выполнении ДЗО функций гарантирующего поставщика
Подписи данных
⬤Отклонение
АО «Тываэнерго»
АО «Чеченэнерго»
Россети Волга
Россети Кубань
Россети Ленэнерго (ГК)
Россети Московский регион
Россети Северный Кавказ (ГК)
Россети Северо-Запад
Россети Сибирь (ГК)
Россети Томск
Россети Тюмень
Россети Урал (ГК)
Россети ФСК ЕЭС
Россети Центр
Россети Центр и Приволжье (ГК)
Россети Юг (ГК)
Россети Янтарь
-25 000млн.руб.
-20 000млн.руб.
-15 000млн.руб.
-10 000млн.руб.
-5 000млн.руб.
0млн.руб.
5 000млн.руб.
10 …
-30 000млн.руб.
239
68
25
3 470
3 855
6 900
821
839
2 116
213
-4 312
1 715
-25 094
3 410
3 873
1 315
277
млн.
%
Выручка
Отклонение выручки по ПАО Россети за 1, 2, 3 кв. 2024 года (факт/план, млн. руб)
ПАО Россети
-267.6 млн.руб.
 '

06-11-2024T05:24:19 - [TEST_STEP][PASSED] - searchWord = "а": null

06-11-2024T05:24:19 - [TEST_STEP][PASSED] - if (urlText.contains("ошибка") || urlText.contains(searchWord) == false): null

06-11-2024T05:24:19 - [TEST_STEP][PASSED] - delay(45): Delayed 45 second(s)

06-11-2024T05:25:04 - [MESSAGE][PASSED] - Delayed 45 second(s)

06-11-2024T05:25:04 - [TEST_STEP][PASSED] - if (block == 2): null

06-11-2024T05:25:04 - [TEST_STEP][PASSED] - click(findTestObject("Выручка в рублях/Фильтр Период" + nameOfBlock)): Object: 'Object Repository/Выручка в рублях/Фильтр Период' is clicked on

06-11-2024T05:25:34 - [MESSAGE][PASSED] - Object: 'Object Repository/Выручка в рублях/Фильтр Период' is clicked on

06-11-2024T05:25:34 - [TEST_STEP][PASSED] - click(findTestObject("Выручка в рублях/Снять выделение в фильтре Дата" + nameOfBlock)): Object: 'Object Repository/Выручка в рублях/Снять выделение в фильтре Дата' is clicked on

06-11-2024T05:26:04 - [MESSAGE][PASSED] - Object: 'Object Repository/Выручка в рублях/Снять выделение в фильтре Дата' is clicked on

06-11-2024T05:26:04 - [TEST_STEP][PASSED] - click(findTestObject("Выручка в рублях/Применить в фильтре Дата" + nameOfBlock)): Object: 'Object Repository/Выручка в рублях/Применить в фильтре Дата' is clicked on

06-11-2024T05:26:35 - [MESSAGE][PASSED] - Object: 'Object Repository/Выручка в рублях/Применить в фильтре Дата' is clicked on

06-11-2024T05:26:35 - [TEST_STEP][PASSED] - delay(50): Delayed 50 second(s)

06-11-2024T05:27:25 - [MESSAGE][PASSED] - Delayed 50 second(s)

06-11-2024T05:27:25 - [TEST_STEP][PASSED] - click(findTestObject("Выручка в рублях/Фильтр Период" + nameOfBlock)): Object: 'Object Repository/Выручка в рублях/Фильтр Период' is clicked on

06-11-2024T05:27:25 - [MESSAGE][PASSED] - Object: 'Object Repository/Выручка в рублях/Фильтр Период' is clicked on

06-11-2024T05:27:25 - [TEST_STEP][PASSED] - click(findTestObject("Выручка в рублях/Снять выделение в фильтре Дата" + nameOfBlock)): Object: 'Object Repository/Выручка в рублях/Снять выделение в фильтре Дата' is clicked on

06-11-2024T05:27:26 - [MESSAGE][PASSED] - Object: 'Object Repository/Выручка в рублях/Снять выделение в фильтре Дата' is clicked on

06-11-2024T05:27:26 - [TEST_STEP][PASSED] - scrollToElement(findTestObject("Выручка в рублях/2024 список" + nameOfBlock), 30): Scroll to object 'Object Repository/Выручка в рублях/2024 список' successfully

06-11-2024T05:27:26 - [MESSAGE][PASSED] - Scroll to object 'Object Repository/Выручка в рублях/2024 список' successfully

06-11-2024T05:27:26 - [TEST_STEP][PASSED] - click(findTestObject("Выручка в рублях/2024 список" + nameOfBlock)): Object: 'Object Repository/Выручка в рублях/2024 список' is clicked on

06-11-2024T05:27:26 - [MESSAGE][PASSED] - Object: 'Object Repository/Выручка в рублях/2024 список' is clicked on

06-11-2024T05:27:26 - [TEST_STEP][PASSED] - scrollToElement(findTestObject("Выручка в рублях/1 квартал 2024 выбрать" + nameOfBlock), 30): Scroll to object 'Object Repository/Выручка в рублях/1 квартал 2024 выбрать' successfully

06-11-2024T05:27:27 - [MESSAGE][PASSED] - Scroll to object 'Object Repository/Выручка в рублях/1 квартал 2024 выбрать' successfully

06-11-2024T05:27:27 - [TEST_STEP][PASSED] - click(findTestObject("Выручка в рублях/1 квартал 2024 выбрать" + nameOfBlock)): Object: 'Object Repository/Выручка в рублях/1 квартал 2024 выбрать' is clicked on

06-11-2024T05:27:27 - [MESSAGE][PASSED] - Object: 'Object Repository/Выручка в рублях/1 квартал 2024 выбрать' is clicked on

06-11-2024T05:27:27 - [TEST_STEP][PASSED] - scrollToElement(findTestObject("Выручка в рублях/2 квартал 2024 выбрать" + nameOfBlock), 30): Scroll to object 'Object Repository/Выручка в рублях/2 квартал 2024 выбрать' successfully

06-11-2024T05:27:27 - [MESSAGE][PASSED] - Scroll to object 'Object Repository/Выручка в рублях/2 квартал 2024 выбрать' successfully

06-11-2024T05:27:27 - [TEST_STEP][PASSED] - click(findTestObject("Выручка в рублях/2 квартал 2024 выбрать" + nameOfBlock)): Object: 'Object Repository/Выручка в рублях/2 квартал 2024 выбрать' is clicked on

06-11-2024T05:27:28 - [MESSAGE][PASSED] - Object: 'Object Repository/Выручка в рублях/2 квартал 2024 выбрать' is clicked on

06-11-2024T05:27:28 - [TEST_STEP][PASSED] - scrollToElement(findTestObject("Выручка в рублях/3 квартал 2024 список" + nameOfBlock), 30): Scroll to object 'Object Repository/Выручка в рублях/3 квартал 2024 список' successfully

06-11-2024T05:27:28 - [MESSAGE][PASSED] - Scroll to object 'Object Repository/Выручка в рублях/3 квартал 2024 список' successfully

06-11-2024T05:27:28 - [TEST_STEP][PASSED] - click(findTestObject("Выручка в рублях/3 квартал 2024" + nameOfBlock)): Object: 'Object Repository/Выручка в рублях/3 квартал 2024' is clicked on

06-11-2024T05:27:29 - [MESSAGE][PASSED] - Object: 'Object Repository/Выручка в рублях/3 квартал 2024' is clicked on

06-11-2024T05:27:29 - [TEST_STEP][PASSED] - scrollToElement(findTestObject("Выручка в рублях/Заголовок дашборда" + nameOfBlock), 30): Scroll to object 'Object Repository/Выручка в рублях/Заголовок дашборда' successfully

06-11-2024T05:27:29 - [MESSAGE][PASSED] - Scroll to object 'Object Repository/Выручка в рублях/Заголовок дашборда' successfully

06-11-2024T05:27:29 - [TEST_STEP][PASSED] - click(findTestObject("Выручка в рублях/Применить в фильтре Дата" + nameOfBlock)): Object: 'Object Repository/Выручка в рублях/Применить в фильтре Дата' is clicked on

06-11-2024T05:27:30 - [MESSAGE][PASSED] - Object: 'Object Repository/Выручка в рублях/Применить в фильтре Дата' is clicked on

06-11-2024T05:27:30 - [TEST_STEP][PASSED] - delay(55): Delayed 55 second(s)

06-11-2024T05:28:25 - [MESSAGE][PASSED] - Delayed 55 second(s)

06-11-2024T05:28:25 - [TEST_STEP][PASSED] - click(findTestObject("Выручка в рублях/Фильтр ДЗО" + nameOfBlock)): Object: 'Object Repository/Выручка в рублях/Фильтр ДЗО' is clicked on

06-11-2024T05:28:25 - [MESSAGE][PASSED] - Object: 'Object Repository/Выручка в рублях/Фильтр ДЗО' is clicked on

06-11-2024T05:28:25 - [TEST_STEP][PASSED] - click(findTestObject("Выручка в рублях/Снять выделение в фильтре ДЗО" + nameOfBlock)): Object: 'Object Repository/Выручка в рублях/Снять выделение в фильтре ДЗО' is clicked on

06-11-2024T05:28:26 - [MESSAGE][PASSED] - Object: 'Object Repository/Выручка в рублях/Снять выделение в фильтре ДЗО' is clicked on

06-11-2024T05:28:26 - [TEST_STEP][PASSED] - click(findTestObject("Выручка в рублях/Применить в фильтре ДЗО" + nameOfBlock)): Object: 'Object Repository/Выручка в рублях/Применить в фильтре ДЗО' is clicked on

06-11-2024T05:28:26 - [MESSAGE][PASSED] - Object: 'Object Repository/Выручка в рублях/Применить в фильтре ДЗО' is clicked on

06-11-2024T05:28:26 - [TEST_STEP][PASSED] - delay(50): Delayed 50 second(s)

06-11-2024T05:29:16 - [MESSAGE][PASSED] - Delayed 50 second(s)

06-11-2024T05:29:16 - [TEST_STEP][PASSED] - Script1710234207206.Tumbler(run, vir, block, nameOfBlock): null

06-11-2024T05:29:16 - [TEST_STEP][PASSED] - println("run:" + run): null

06-11-2024T05:29:16 - [TEST_STEP][PASSED] - println("vir:" + vir): null

06-11-2024T05:29:16 - [TEST_STEP][PASSED] - println("block:" + block): null

06-11-2024T05:29:16 - [TEST_STEP][PASSED] - println("nameOfBlock:" + nameOfBlock): null

06-11-2024T05:29:16 - [TEST_STEP][PASSED] - if (vir == 1): null

06-11-2024T05:29:16 - [TEST_STEP][PASSED] - else if (vir == 2): null

06-11-2024T05:29:16 - [TEST_STEP][PASSED] - else if (vir == 3): Object: 'Object Repository/Выручка в рублях/Применить в фильтре Выручка' is clicked on

06-11-2024T05:29:16 - [TEST_STEP][PASSED] - if (run == 2): null

06-11-2024T05:29:16 - [TEST_STEP][PASSED] - click(findTestObject("Выручка в рублях/Фильтр Выручка" + nameOfBlock)): Object: 'Object Repository/Выручка в рублях/Фильтр Выручка' is clicked on

06-11-2024T05:29:16 - [MESSAGE][PASSED] - Object: 'Object Repository/Выручка в рублях/Фильтр Выручка' is clicked on

06-11-2024T05:29:16 - [TEST_STEP][PASSED] - click(findTestObject("Выручка в рублях/Внутренний оборот в фильтре Выручка" + nameOfBlock)): Object: 'Object Repository/Выручка в рублях/Внутренний оборот в фильтре Выручка' is clicked on

06-11-2024T05:29:17 - [MESSAGE][PASSED] - Object: 'Object Repository/Выручка в рублях/Внутренний оборот в фильтре Выручка' is clicked on

06-11-2024T05:29:17 - [TEST_STEP][PASSED] - click(findTestObject("Выручка в рублях/Применить в фильтре Выручка" + nameOfBlock)): Object: 'Object Repository/Выручка в рублях/Применить в фильтре Выручка' is clicked on

06-11-2024T05:29:18 - [MESSAGE][PASSED] - Object: 'Object Repository/Выручка в рублях/Применить в фильтре Выручка' is clicked on

06-11-2024T05:29:18 - [TEST_STEP][PASSED] - click(findTestObject("Выручка в рублях/Фильтр ДЗО" + nameOfBlock)): Object: 'Object Repository/Выручка в рублях/Фильтр ДЗО' is clicked on

06-11-2024T05:29:19 - [MESSAGE][PASSED] - Object: 'Object Repository/Выручка в рублях/Фильтр ДЗО' is clicked on

06-11-2024T05:29:19 - [TEST_STEP][PASSED] - Script1710234207206.Rosseti(nameOfBlock): null

06-11-2024T05:29:19 - [TEST_STEP][PASSED] - println("nameOfBlock:" + nameOfBlock): null

06-11-2024T05:29:19 - [TEST_STEP][PASSED] - click(findTestObject("Выручка в рублях/ПАО Россети" + nameOfBlock)): Object: 'Object Repository/Выручка в рублях/ПАО Россети' is clicked on

06-11-2024T05:29:20 - [MESSAGE][PASSED] - Object: 'Object Repository/Выручка в рублях/ПАО Россети' is clicked on

06-11-2024T05:29:20 - [TEST_STEP][PASSED] - click(findTestObject("Выручка в рублях/Применить в фильтре ДЗО" + nameOfBlock)): Object: 'Object Repository/Выручка в рублях/Применить в фильтре ДЗО' is clicked on

06-11-2024T05:29:21 - [MESSAGE][PASSED] - Object: 'Object Repository/Выручка в рублях/Применить в фильтре ДЗО' is clicked on

06-11-2024T05:29:21 - [TEST_STEP][PASSED] - if (run == 2): null

06-11-2024T05:29:21 - [TEST_STEP][PASSED] - if (vir == 1 || vir == 2): null

06-11-2024T05:29:21 - [TEST_STEP][PASSED] - else: Text of object 'Object Repository/Выручка в рублях/vir3Plan' is: '17 893'

06-11-2024T05:29:21 - [TEST_STEP][PASSED] - a1 = getText(findTestObject("Выручка в рублях/vir3Plan")): Text of object 'Object Repository/Выручка в рублях/vir3Plan' is: '17 893'

06-11-2024T05:29:22 - [MESSAGE][PASSED] - Text of object 'Object Repository/Выручка в рублях/vir3Plan' is: '17 893'

06-11-2024T05:29:22 - [TEST_STEP][PASSED] - if (vir == 1 || vir == 2): null

06-11-2024T05:29:22 - [TEST_STEP][PASSED] - else: Text of object 'Object Repository/Выручка в рублях/vir3Fact' is: '18 501'

06-11-2024T05:29:22 - [TEST_STEP][PASSED] - a2 = getText(findTestObject("Выручка в рублях/vir3Fact")): Text of object 'Object Repository/Выручка в рублях/vir3Fact' is: '18 501'

06-11-2024T05:29:23 - [MESSAGE][PASSED] - Text of object 'Object Repository/Выручка в рублях/vir3Fact' is: '18 501'

06-11-2024T05:29:23 - [TEST_STEP][PASSED] - a30 = getText(findTestObject("Выручка в рублях/span1" + perc)): Text of object 'Object Repository/Выручка в рублях/span1' is: '607.7 млн.руб.'

06-11-2024T05:29:23 - [MESSAGE][PASSED] - Text of object 'Object Repository/Выручка в рублях/span1' is: '607.7 млн.руб.'

06-11-2024T05:29:23 - [TEST_STEP][PASSED] - i = a30.indexOf("млн.руб."): null

06-11-2024T05:29:23 - [TEST_STEP][PASSED] - if (i > -1): null

06-11-2024T05:29:23 - [TEST_STEP][PASSED] - a30 = a30.substring(0, i): null

06-11-2024T05:29:23 - [TEST_STEP][PASSED] - a30 = a30.replaceAll(" ", ""): null

06-11-2024T05:29:23 - [TEST_STEP][PASSED] - if (a30.contains("%")): null

06-11-2024T05:29:23 - [TEST_STEP][PASSED] - a30 = ").trim(): null

06-11-2024T05:29:23 - [TEST_STEP][PASSED] - println("a30: " + a30): null

06-11-2024T05:29:23 - [TEST_STEP][PASSED] - if (vir == 1 || vir == 2): null

06-11-2024T05:29:23 - [TEST_STEP][PASSED] - else: Text of object 'Object Repository/Выручка в рублях/span15' is: '-48'

06-11-2024T05:29:23 - [TEST_STEP][PASSED] - a31 = ").trim(): Text of object 'Object Repository/Выручка в рублях/span15' is: '-48'

06-11-2024T05:29:23 - [MESSAGE][PASSED] - Text of object 'Object Repository/Выручка в рублях/span15' is: '-48'

06-11-2024T05:29:23 - [TEST_STEP][PASSED] - if (vir == 1 || vir == 2): null

06-11-2024T05:29:23 - [TEST_STEP][PASSED] - else: Text of object 'Object Repository/Выручка в рублях/span16' is: '79'

06-11-2024T05:29:23 - [TEST_STEP][PASSED] - a32 = ").trim(): Text of object 'Object Repository/Выручка в рублях/span16' is: '79'

06-11-2024T05:29:23 - [MESSAGE][PASSED] - Text of object 'Object Repository/Выручка в рублях/span16' is: '79'

06-11-2024T05:29:23 - [TEST_STEP][PASSED] - if (vir == 1 || vir == 2): null

06-11-2024T05:29:23 - [TEST_STEP][PASSED] - else: Text of object 'Object Repository/Выручка в рублях/span17' is: '542'

06-11-2024T05:29:23 - [TEST_STEP][PASSED] - a37 = ").trim(): Text of object 'Object Repository/Выручка в рублях/span17' is: '542'

06-11-2024T05:29:24 - [MESSAGE][PASSED] - Text of object 'Object Repository/Выручка в рублях/span17' is: '542'

06-11-2024T05:29:24 - [TEST_STEP][PASSED] - if (vir == 1 || vir == 2): null

06-11-2024T05:29:24 - [TEST_STEP][PASSED] - else: Text of object 'Object Repository/Выручка в рублях/span18' is: '35'

06-11-2024T05:29:24 - [TEST_STEP][PASSED] - a316 = ").trim(): Text of object 'Object Repository/Выручка в рублях/span18' is: '35'

06-11-2024T05:29:24 - [MESSAGE][PASSED] - Text of object 'Object Repository/Выручка в рублях/span18' is: '35'

06-11-2024T05:29:24 - [TEST_STEP][PASSED] - if (vir == 1 || vir == 2): null

06-11-2024T05:29:24 - [TEST_STEP][PASSED] - block = 2: null

06-11-2024T05:29:24 - [TEST_STEP][PASSED] - nameOfBlock = " Выручка": null

06-11-2024T05:29:24 - [TEST_STEP][PASSED] - Script1710234207206.PreSettings(run, vir, block, nameOfBlock, typeOfData, todaysDate): null

06-11-2024T05:29:24 - [TEST_STEP][PASSED] - openBrowser(""): Browser is opened with url: ''

06-11-2024T05:29:24 - [MESSAGE][WARNING] - A browser is already opened. Closing browser and opening a new one

06-11-2024T05:29:24 - [MESSAGE][INFO] - Starting 'Chrome' driver

06-11-2024T05:29:24 - [MESSAGE][INFO] - Action delay is set to 0 milliseconds

06-11-2024T05:29:25 - [MESSAGE][PASSED] - Browser is opened with url: ''

06-11-2024T05:29:25 - [TEST_STEP][PASSED] - refresh(): Refresh successfully

06-11-2024T05:29:25 - [MESSAGE][PASSED] - Refresh successfully

06-11-2024T05:29:25 - [TEST_STEP][PASSED] - delay(50): Delayed 50 second(s)

06-11-2024T05:30:15 - [MESSAGE][PASSED] - Delayed 50 second(s)

06-11-2024T05:30:15 - [TEST_STEP][PASSED] - println("run:" + run): null

06-11-2024T05:30:15 - [TEST_STEP][PASSED] - println("vir:" + vir): null

06-11-2024T05:30:15 - [TEST_STEP][PASSED] - println("block:" + block): null

06-11-2024T05:30:15 - [TEST_STEP][PASSED] - if (block == 1): null

06-11-2024T05:30:15 - [TEST_STEP][PASSED] - else: null

06-11-2024T05:30:15 - [TEST_STEP][PASSED] - nameOfBlock = " Выручка": null

06-11-2024T05:30:15 - [TEST_STEP][PASSED] - println("nameOfBlock:" + nameOfBlock): null

06-11-2024T05:30:15 - [TEST_STEP][PASSED] - println("typeOfData:" + typeOfData): null

06-11-2024T05:30:15 - [TEST_STEP][PASSED] - println("todaysDate:" + todaysDate): null

06-11-2024T05:30:15 - [TEST_STEP][PASSED] - Script1710234207206.Autorization(block, nameOfBlock): null

06-11-2024T05:30:15 - [TEST_STEP][PASSED] - i = <not implemented yet for class: org.codehaus.groovy.ast.expr.EmptyExpression>: null

06-11-2024T05:30:15 - [TEST_STEP][PASSED] - ii = <not implemented yet for class: org.codehaus.groovy.ast.expr.EmptyExpression>: null

06-11-2024T05:30:15 - [TEST_STEP][PASSED] - urlData = <not implemented yet for class: org.codehaus.groovy.ast.expr.EmptyExpression>: null

06-11-2024T05:30:15 - [TEST_STEP][PASSED] - searchWord = <not implemented yet for class: org.codehaus.groovy.ast.expr.EmptyExpression>: null

06-11-2024T05:30:15 - [TEST_STEP][PASSED] - urlText = <not implemented yet for class: org.codehaus.groovy.ast.expr.EmptyExpression>: null

06-11-2024T05:30:15 - [TEST_STEP][PASSED] - println("block:" + block): null

06-11-2024T05:30:15 - [TEST_STEP][PASSED] - if (block == 1): null

06-11-2024T05:30:15 - [TEST_STEP][PASSED] - else: null

06-11-2024T05:30:15 - [TEST_STEP][PASSED] - delay(45): Delayed 45 second(s)

06-11-2024T05:31:00 - [MESSAGE][PASSED] - Delayed 45 second(s)

06-11-2024T05:31:00 - [TEST_STEP][PASSED] - nameOfBlock = " Выручка": null

06-11-2024T05:31:00 - [TEST_STEP][PASSED] - println("nameOfBlock:" + nameOfBlock): null

06-11-2024T05:31:00 - [TEST_STEP][PASSED] - if (block == 1): null

06-11-2024T05:31:00 - [TEST_STEP][PASSED] - else: Delayed 45 second(s)

06-11-2024T05:31:00 - [TEST_STEP][PASSED] - urlData = 9: null

06-11-2024T05:31:00 - [TEST_STEP][PASSED] - delay(45): Delayed 45 second(s)

06-11-2024T05:31:45 - [MESSAGE][PASSED] - Delayed 45 second(s)

06-11-2024T05:31:45 - [TEST_STEP][PASSED] - navigateToUrl(findTestData("PlanFact").getValue(10, urlData)): Navigate to 'https://bi.rosseti.digital/viewer?dashboardGuid=a1fd28b3785d443cbc4d7690a1d78e31&sheetGuid=86092a20c5984827a0c87b24cac76a50&fit=true' successfully

06-11-2024T05:31:51 - [MESSAGE][PASSED] - Navigate to 'https://bi.rosseti.digital/viewer?dashboardGuid=a1fd28b3785d443cbc4d7690a1d78e31&sheetGuid=86092a20c5984827a0c87b24cac76a50&fit=true' successfully

06-11-2024T05:31:51 - [TEST_STEP][PASSED] - urlText = getText(findTestObject("Страница авторизации/Text")): Text of object 'Object Repository/Страница авторизации/Text' is: 'Вход'

06-11-2024T05:31:54 - [MESSAGE][PASSED] - Text of object 'Object Repository/Страница авторизации/Text' is: 'Вход'

06-11-2024T05:31:54 - [TEST_STEP][PASSED] - searchWord = "Вход": null

06-11-2024T05:31:54 - [TEST_STEP][PASSED] - if (urlText == null || urlText.contains("ошибка") || urlText.contains(searchWord) == false): null

06-11-2024T05:31:54 - [TEST_STEP][PASSED] - if (verifyElementPresent(findTestObject("Страница авторизации/button_"), 30) == true): null

06-11-2024T05:31:54 - [MESSAGE][PASSED] - Object 'Object Repository/Страница авторизации/button_' is present

06-11-2024T05:31:54 - [TEST_STEP][PASSED] - setText(findTestObject("Страница авторизации/input__username"), findTestData("PlanFact").getValue(8, 1)): Text 'liazgina-di' is set on object 'Object Repository/Страница авторизации/input__username'

06-11-2024T05:31:55 - [MESSAGE][PASSED] - Text 'liazgina-di' is set on object 'Object Repository/Страница авторизации/input__username'

06-11-2024T05:31:55 - [TEST_STEP][PASSED] - setText(findTestObject("Страница авторизации/input__password"), findTestData("PlanFact").getValue(9, 1)): Text ')$%5srZ8o688Dm#q' is set on object 'Object Repository/Страница авторизации/input__password'

06-11-2024T05:31:55 - [MESSAGE][PASSED] - Text ')$%5srZ8o688Dm#q' is set on object 'Object Repository/Страница авторизации/input__password'

06-11-2024T05:31:55 - [TEST_STEP][PASSED] - click(findTestObject("Страница авторизации/button_")): Object: 'Object Repository/Страница авторизации/button_' is clicked on

06-11-2024T05:31:58 - [MESSAGE][PASSED] - Object: 'Object Repository/Страница авторизации/button_' is clicked on

06-11-2024T05:31:58 - [TEST_STEP][PASSED] - delay(45): Delayed 45 second(s)

06-11-2024T05:32:43 - [MESSAGE][PASSED] - Delayed 45 second(s)

06-11-2024T05:32:43 - [TEST_STEP][PASSED] - urlText = getText(findTestObject("Страница авторизации/Text")): Text of object 'Object Repository/Страница авторизации/Text' is: 'Период
Январь, Февраль, Март, Апрель, Май, Июнь, Июль, Август, Сентябрь 2024 года
Выручка
Все
Выполнение плановых показателей по ПАО Россети за Январь, Февраль, Март, Апрель, Май, Июнь, Июль, Август, Сентябрь 2024 года
План
Факт
Динамика
2024 год
0 млн.руб.
100 000 млн.руб.
200 000 млн.руб.
300 000 млн.руб.
400 000 млн.руб.
500 000 млн.руб.
600 000 млн.руб.
700 000 млн.руб.
800 000 млн.руб.
900 000 млн.руб.
1 000 000 млн.руб.
1 100 000 млн.руб.
1 200 000 млн.руб.
1 300 000 млн.руб.
1 056 816
1 056 549
↓
ДЗО 
Все
Подписи данных
⬤Отклонение
АО «Тываэнерго»
АО «Чеченэнерго»
Россети Волга
Россети Кубань
Россети Ленэнерго (ГК)
Россети Московский регион
Россети Северный Кавказ (ГК)
Россети Северо-Запад
Россети Сибирь (ГК)
Россети Томск
Россети Тюмень
Россети Урал (ГК)
Россети ФСК ЕЭС
Россети Центр
Россети Центр и Приволжье (ГК)
Россети Юг (ГК)
Россети Янтарь
-27 500 млн.руб.
-25 000 млн.руб.
-22 500 млн.руб.
-20 000 млн.руб.
-17 500 млн.руб.
-15 000 млн.руб.
-12 500 млн.руб.
-10 000 млн.руб.
-7 500 млн.руб.
-5 000 млн.руб.
-2 500 млн.руб.
0 млн.руб.
2 500 млн.руб.
5 000 млн.руб.
7 500 млн.руб.
10 000 млн.руб.
239
68
25
3 470
3 855
6 900
821
839
2 116
213
-4 312
1 715
-25 094
3 410
3 873
1 315
277
млн.
%
Выручка
Отклонение выручки по ПАО Россети за Январь, Февраль, Март, Апрель, Май, Июнь, Июль, Август, Сентябрь 2024 года (факт/план, млн. руб)
ПАО Россети
-267.6 млн.руб.
Статус данных
×
Просьба обратить внимание
Данные занесены не полностью
ВЫБРАННЫЕ ЗНАЧЕНИЯ ФИЛЬТРОВ
ДЗО | ПЕРИОД
ПАО Россети: [«Выбраны все филиалы по всем ДЗО по всем категориям»]
2024: [Янв, Фев, Мар, Апр, Май, Июн, Июл, Авг, Сен]
*Внутренний оборот'

06-11-2024T05:32:44 - [MESSAGE][PASSED] - Text of object 'Object Repository/Страница авторизации/Text' is: 'Период
Январь, Февраль, Март, Апрель, Май, Июнь, Июль, Август, Сентябрь 2024 года
Выручка
Все
Выполнение плановых показателей по ПАО Россети за Январь, Февраль, Март, Апрель, Май, Июнь, Июль, Август, Сентябрь 2024 года
План
Факт
Динамика
2024 год
0 млн.руб.
100 000 млн.руб.
200 000 млн.руб.
300 000 млн.руб.
400 000 млн.руб.
500 000 млн.руб.
600 000 млн.руб.
700 000 млн.руб.
800 000 млн.руб.
900 000 млн.руб.
1 000 000 млн.руб.
1 100 000 млн.руб.
1 200 000 млн.руб.
1 300 000 млн.руб.
1 056 816
1 056 549
↓
ДЗО 
Все
Подписи данных
⬤Отклонение
АО «Тываэнерго»
АО «Чеченэнерго»
Россети Волга
Россети Кубань
Россети Ленэнерго (ГК)
Россети Московский регион
Россети Северный Кавказ (ГК)
Россети Северо-Запад
Россети Сибирь (ГК)
Россети Томск
Россети Тюмень
Россети Урал (ГК)
Россети ФСК ЕЭС
Россети Центр
Россети Центр и Приволжье (ГК)
Россети Юг (ГК)
Россети Янтарь
-27 500 млн.руб.
-25 000 млн.руб.
-22 500 млн.руб.
-20 000 млн.руб.
-17 500 млн.руб.
-15 000 млн.руб.
-12 500 млн.руб.
-10 000 млн.руб.
-7 500 млн.руб.
-5 000 млн.руб.
-2 500 млн.руб.
0 млн.руб.
2 500 млн.руб.
5 000 млн.руб.
7 500 млн.руб.
10 000 млн.руб.
239
68
25
3 470
3 855
6 900
821
839
2 116
213
-4 312
1 715
-25 094
3 410
3 873
1 315
277
млн.
%
Выручка
Отклонение выручки по ПАО Россети за Январь, Февраль, Март, Апрель, Май, Июнь, Июль, Август, Сентябрь 2024 года (факт/план, млн. руб)
ПАО Россети
-267.6 млн.руб.
Статус данных
×
Просьба обратить внимание
Данные занесены не полностью
ВЫБРАННЫЕ ЗНАЧЕНИЯ ФИЛЬТРОВ
ДЗО | ПЕРИОД
ПАО Россети: [«Выбраны все филиалы по всем ДЗО по всем категориям»]
2024: [Янв, Фев, Мар, Апр, Май, Июн, Июл, Авг, Сен]
*Внутренний оборот'

06-11-2024T05:32:44 - [TEST_STEP][PASSED] - searchWord = "а": null

06-11-2024T05:32:44 - [TEST_STEP][PASSED] - if (urlText.contains("ошибка") || urlText.contains(searchWord) == false): null

06-11-2024T05:32:44 - [TEST_STEP][PASSED] - delay(45): Delayed 45 second(s)

06-11-2024T05:33:29 - [MESSAGE][PASSED] - Delayed 45 second(s)

06-11-2024T05:33:29 - [TEST_STEP][PASSED] - if (block == 2): Delayed 50 second(s)

06-11-2024T05:33:29 - [TEST_STEP][PASSED] - opoveshenie = getText(findTestObject("Выручка в рублях/Просьба обратить внимание")): Text of object 'Object Repository/Выручка в рублях/Просьба обратить внимание' is: 'Просьба обратить внимание'

06-11-2024T05:33:29 - [MESSAGE][PASSED] - Text of object 'Object Repository/Выручка в рублях/Просьба обратить внимание' is: 'Просьба обратить внимание'

06-11-2024T05:33:29 - [TEST_STEP][PASSED] - if (opoveshenie == "Просьба обратить внимание"): Delayed 50 second(s)

06-11-2024T05:33:29 - [TEST_STEP][PASSED] - click(findTestObject("Выручка в рублях/Закрыть оповещение")): Object: 'Object Repository/Выручка в рублях/Закрыть оповещение' is clicked on

06-11-2024T05:33:30 - [MESSAGE][PASSED] - Object: 'Object Repository/Выручка в рублях/Закрыть оповещение' is clicked on

06-11-2024T05:33:30 - [TEST_STEP][PASSED] - delay(50): Delayed 50 second(s)

06-11-2024T05:34:20 - [MESSAGE][PASSED] - Delayed 50 second(s)

06-11-2024T05:34:20 - [TEST_STEP][PASSED] - click(findTestObject("Выручка в рублях/Фильтр Период" + nameOfBlock)): Object: 'Object Repository/Выручка в рублях/Фильтр Период Выручка' is clicked on

06-11-2024T05:34:20 - [MESSAGE][PASSED] - Object: 'Object Repository/Выручка в рублях/Фильтр Период Выручка' is clicked on

06-11-2024T05:34:20 - [TEST_STEP][PASSED] - click(findTestObject("Выручка в рублях/Снять выделение в фильтре Дата" + nameOfBlock)): Object: 'Object Repository/Выручка в рублях/Снять выделение в фильтре Дата Выручка' is clicked on

06-11-2024T05:34:21 - [MESSAGE][PASSED] - Object: 'Object Repository/Выручка в рублях/Снять выделение в фильтре Дата Выручка' is clicked on

06-11-2024T05:34:21 - [TEST_STEP][PASSED] - click(findTestObject("Выручка в рублях/Применить в фильтре Дата" + nameOfBlock)): Object: 'Object Repository/Выручка в рублях/Применить в фильтре Дата Выручка' is clicked on

06-11-2024T05:34:21 - [MESSAGE][PASSED] - Object: 'Object Repository/Выручка в рублях/Применить в фильтре Дата Выручка' is clicked on

06-11-2024T05:34:21 - [TEST_STEP][PASSED] - delay(50): Delayed 50 second(s)

06-11-2024T05:35:11 - [MESSAGE][PASSED] - Delayed 50 second(s)

06-11-2024T05:35:11 - [TEST_STEP][PASSED] - click(findTestObject("Выручка в рублях/Фильтр Период" + nameOfBlock)): Object: 'Object Repository/Выручка в рублях/Фильтр Период Выручка' is clicked on

06-11-2024T05:35:12 - [MESSAGE][PASSED] - Object: 'Object Repository/Выручка в рублях/Фильтр Период Выручка' is clicked on

06-11-2024T05:35:12 - [TEST_STEP][PASSED] - click(findTestObject("Выручка в рублях/Снять выделение в фильтре Дата" + nameOfBlock)): Object: 'Object Repository/Выручка в рублях/Снять выделение в фильтре Дата Выручка' is clicked on

06-11-2024T05:35:12 - [MESSAGE][PASSED] - Object: 'Object Repository/Выручка в рублях/Снять выделение в фильтре Дата Выручка' is clicked on

06-11-2024T05:35:12 - [TEST_STEP][PASSED] - scrollToElement(findTestObject("Выручка в рублях/2024 список" + nameOfBlock), 30): Scroll to object 'Object Repository/Выручка в рублях/2024 список Выручка' successfully

06-11-2024T05:35:12 - [MESSAGE][PASSED] - Scroll to object 'Object Repository/Выручка в рублях/2024 список Выручка' successfully

06-11-2024T05:35:12 - [TEST_STEP][PASSED] - click(findTestObject("Выручка в рублях/2024 список" + nameOfBlock)): Object: 'Object Repository/Выручка в рублях/2024 список Выручка' is clicked on

06-11-2024T05:35:13 - [MESSAGE][PASSED] - Object: 'Object Repository/Выручка в рублях/2024 список Выручка' is clicked on

06-11-2024T05:35:13 - [TEST_STEP][PASSED] - scrollToElement(findTestObject("Выручка в рублях/1 квартал 2024 выбрать" + nameOfBlock), 30): Scroll to object 'Object Repository/Выручка в рублях/1 квартал 2024 выбрать Выручка' successfully

06-11-2024T05:35:13 - [MESSAGE][PASSED] - Scroll to object 'Object Repository/Выручка в рублях/1 квартал 2024 выбрать Выручка' successfully

06-11-2024T05:35:13 - [TEST_STEP][PASSED] - click(findTestObject("Выручка в рублях/1 квартал 2024 выбрать" + nameOfBlock)): Object: 'Object Repository/Выручка в рублях/1 квартал 2024 выбрать Выручка' is clicked on

06-11-2024T05:35:14 - [MESSAGE][PASSED] - Object: 'Object Repository/Выручка в рублях/1 квартал 2024 выбрать Выручка' is clicked on

06-11-2024T05:35:14 - [TEST_STEP][PASSED] - scrollToElement(findTestObject("Выручка в рублях/2 квартал 2024 выбрать" + nameOfBlock), 30): Scroll to object 'Object Repository/Выручка в рублях/2 квартал 2024 выбрать Выручка' successfully

06-11-2024T05:35:14 - [MESSAGE][PASSED] - Scroll to object 'Object Repository/Выручка в рублях/2 квартал 2024 выбрать Выручка' successfully

06-11-2024T05:35:14 - [TEST_STEP][PASSED] - click(findTestObject("Выручка в рублях/2 квартал 2024 выбрать" + nameOfBlock)): Object: 'Object Repository/Выручка в рублях/2 квартал 2024 выбрать Выручка' is clicked on

06-11-2024T05:35:14 - [MESSAGE][PASSED] - Object: 'Object Repository/Выручка в рублях/2 квартал 2024 выбрать Выручка' is clicked on

06-11-2024T05:35:14 - [TEST_STEP][PASSED] - scrollToElement(findTestObject("Выручка в рублях/3 квартал 2024 список" + nameOfBlock), 30): Scroll to object 'Object Repository/Выручка в рублях/3 квартал 2024 список Выручка' successfully

06-11-2024T05:35:15 - [MESSAGE][PASSED] - Scroll to object 'Object Repository/Выручка в рублях/3 квартал 2024 список Выручка' successfully

06-11-2024T05:35:15 - [TEST_STEP][PASSED] - click(findTestObject("Выручка в рублях/3 квартал 2024" + nameOfBlock)): Object: 'Object Repository/Выручка в рублях/3 квартал 2024 Выручка' is clicked on

06-11-2024T05:35:15 - [MESSAGE][PASSED] - Object: 'Object Repository/Выручка в рублях/3 квартал 2024 Выручка' is clicked on

06-11-2024T05:35:15 - [TEST_STEP][PASSED] - scrollToElement(findTestObject("Выручка в рублях/Заголовок дашборда" + nameOfBlock), 30): Scroll to object 'Object Repository/Выручка в рублях/Заголовок дашборда Выручка' successfully

06-11-2024T05:35:16 - [MESSAGE][PASSED] - Scroll to object 'Object Repository/Выручка в рублях/Заголовок дашборда Выручка' successfully

06-11-2024T05:35:16 - [TEST_STEP][PASSED] - click(findTestObject("Выручка в рублях/Применить в фильтре Дата" + nameOfBlock)): Object: 'Object Repository/Выручка в рублях/Применить в фильтре Дата Выручка' is clicked on

06-11-2024T05:35:16 - [MESSAGE][PASSED] - Object: 'Object Repository/Выручка в рублях/Применить в фильтре Дата Выручка' is clicked on

06-11-2024T05:35:16 - [TEST_STEP][PASSED] - delay(55): Delayed 55 second(s)

06-11-2024T05:36:11 - [MESSAGE][PASSED] - Delayed 55 second(s)

06-11-2024T05:36:11 - [TEST_STEP][PASSED] - click(findTestObject("Выручка в рублях/Фильтр ДЗО" + nameOfBlock)): Object: 'Object Repository/Выручка в рублях/Фильтр ДЗО Выручка' is clicked on

06-11-2024T05:36:12 - [MESSAGE][PASSED] - Object: 'Object Repository/Выручка в рублях/Фильтр ДЗО Выручка' is clicked on

06-11-2024T05:36:12 - [TEST_STEP][PASSED] - click(findTestObject("Выручка в рублях/Снять выделение в фильтре ДЗО" + nameOfBlock)): Object: 'Object Repository/Выручка в рублях/Снять выделение в фильтре ДЗО Выручка' is clicked on

06-11-2024T05:36:12 - [MESSAGE][PASSED] - Object: 'Object Repository/Выручка в рублях/Снять выделение в фильтре ДЗО Выручка' is clicked on

06-11-2024T05:36:12 - [TEST_STEP][PASSED] - click(findTestObject("Выручка в рублях/Применить в фильтре ДЗО" + nameOfBlock)): Object: 'Object Repository/Выручка в рублях/Применить в фильтре ДЗО Выручка' is clicked on

06-11-2024T05:36:13 - [MESSAGE][PASSED] - Object: 'Object Repository/Выручка в рублях/Применить в фильтре ДЗО Выручка' is clicked on

06-11-2024T05:36:13 - [TEST_STEP][PASSED] - delay(50): Delayed 50 second(s)

06-11-2024T05:37:03 - [MESSAGE][PASSED] - Delayed 50 second(s)

06-11-2024T05:37:03 - [TEST_STEP][PASSED] - Script1710234207206.Tumbler(run, vir, block, nameOfBlock): null

06-11-2024T05:37:03 - [TEST_STEP][PASSED] - println("run:" + run): null

06-11-2024T05:37:03 - [TEST_STEP][PASSED] - println("vir:" + vir): null

06-11-2024T05:37:03 - [TEST_STEP][PASSED] - println("block:" + block): null

06-11-2024T05:37:03 - [TEST_STEP][PASSED] - println("nameOfBlock:" + nameOfBlock): null

06-11-2024T05:37:03 - [TEST_STEP][PASSED] - if (vir == 1): null

06-11-2024T05:37:03 - [TEST_STEP][PASSED] - else if (vir == 2): null

06-11-2024T05:37:03 - [TEST_STEP][PASSED] - else if (vir == 3): Object: 'Object Repository/Выручка в рублях/Применить в фильтре Выручка Выручка' is clicked on

06-11-2024T05:37:03 - [TEST_STEP][PASSED] - if (run == 2): null

06-11-2024T05:37:03 - [TEST_STEP][PASSED] - click(findTestObject("Выручка в рублях/Фильтр Выручка" + nameOfBlock)): Object: 'Object Repository/Выручка в рублях/Фильтр Выручка Выручка' is clicked on

06-11-2024T05:37:03 - [MESSAGE][PASSED] - Object: 'Object Repository/Выручка в рублях/Фильтр Выручка Выручка' is clicked on

06-11-2024T05:37:03 - [TEST_STEP][PASSED] - click(findTestObject("Выручка в рублях/Внутренний оборот в фильтре Выручка" + nameOfBlock)): Object: 'Object Repository/Выручка в рублях/Внутренний оборот в фильтре Выручка Выручка' is clicked on

06-11-2024T05:37:04 - [MESSAGE][PASSED] - Object: 'Object Repository/Выручка в рублях/Внутренний оборот в фильтре Выручка Выручка' is clicked on

06-11-2024T05:37:04 - [TEST_STEP][PASSED] - click(findTestObject("Выручка в рублях/Применить в фильтре Выручка" + nameOfBlock)): Object: 'Object Repository/Выручка в рублях/Применить в фильтре Выручка Выручка' is clicked on

06-11-2024T05:37:04 - [MESSAGE][PASSED] - Object: 'Object Repository/Выручка в рублях/Применить в фильтре Выручка Выручка' is clicked on

06-11-2024T05:37:04 - [TEST_STEP][PASSED] - click(findTestObject("Выручка в рублях/Фильтр ДЗО" + nameOfBlock)): Object: 'Object Repository/Выручка в рублях/Фильтр ДЗО Выручка' is clicked on

06-11-2024T05:37:06 - [MESSAGE][PASSED] - Object: 'Object Repository/Выручка в рублях/Фильтр ДЗО Выручка' is clicked on

06-11-2024T05:37:06 - [TEST_STEP][PASSED] - Script1710234207206.Rosseti(nameOfBlock): null

06-11-2024T05:37:06 - [TEST_STEP][PASSED] - println("nameOfBlock:" + nameOfBlock): null

06-11-2024T05:37:06 - [TEST_STEP][PASSED] - click(findTestObject("Выручка в рублях/ПАО Россети" + nameOfBlock)): Object: 'Object Repository/Выручка в рублях/ПАО Россети Выручка' is clicked on

06-11-2024T05:37:07 - [MESSAGE][PASSED] - Object: 'Object Repository/Выручка в рублях/ПАО Россети Выручка' is clicked on

06-11-2024T05:37:07 - [TEST_STEP][PASSED] - click(findTestObject("Выручка в рублях/Применить в фильтре ДЗО" + nameOfBlock)): Object: 'Object Repository/Выручка в рублях/Применить в фильтре ДЗО Выручка' is clicked on

06-11-2024T05:37:07 - [MESSAGE][PASSED] - Object: 'Object Repository/Выручка в рублях/Применить в фильтре ДЗО Выручка' is clicked on

06-11-2024T05:37:07 - [TEST_STEP][PASSED] - if (vir == 1 || vir == 2): null

06-11-2024T05:37:07 - [TEST_STEP][PASSED] - else: Text of object 'Object Repository/Выручка в рублях/vir3Plan Выручка' is: '17 893'

06-11-2024T05:37:07 - [TEST_STEP][PASSED] - b1 = getText(findTestObject("Выручка в рублях/vir3Plan Выручка")): Text of object 'Object Repository/Выручка в рублях/vir3Plan Выручка' is: '17 893'

06-11-2024T05:37:09 - [MESSAGE][PASSED] - Text of object 'Object Repository/Выручка в рублях/vir3Plan Выручка' is: '17 893'

06-11-2024T05:37:09 - [TEST_STEP][PASSED] - if (vir == 1 || vir == 2): null

06-11-2024T05:37:09 - [TEST_STEP][PASSED] - else: Text of object 'Object Repository/Выручка в рублях/vir3Fact Выручка' is: '18 501'

06-11-2024T05:37:09 - [TEST_STEP][PASSED] - b2 = getText(findTestObject("Выручка в рублях/vir3Fact Выручка")): Text of object 'Object Repository/Выручка в рублях/vir3Fact Выручка' is: '18 501'

06-11-2024T05:37:09 - [MESSAGE][PASSED] - Text of object 'Object Repository/Выручка в рублях/vir3Fact Выручка' is: '18 501'

06-11-2024T05:37:09 - [TEST_STEP][PASSED] - b30 = getText(findTestObject("Выручка в рублях/span1" + perc)): Text of object 'Object Repository/Выручка в рублях/span1' is: '607.7 млн.руб.'

06-11-2024T05:37:10 - [MESSAGE][PASSED] - Text of object 'Object Repository/Выручка в рублях/span1' is: '607.7 млн.руб.'

06-11-2024T05:37:10 - [TEST_STEP][PASSED] - i = b30.indexOf("млн.руб."): null

06-11-2024T05:37:10 - [TEST_STEP][PASSED] - if (i > -1): null

06-11-2024T05:37:10 - [TEST_STEP][PASSED] - b30 = b30.substring(0, i): null

06-11-2024T05:37:10 - [TEST_STEP][PASSED] - b30 = b30.replaceAll(" ", ""): null

06-11-2024T05:37:10 - [TEST_STEP][PASSED] - if (b30.contains("%")): null

06-11-2024T05:37:10 - [TEST_STEP][PASSED] - b30 = ").trim(): null

06-11-2024T05:37:10 - [TEST_STEP][PASSED] - println("b30: " + b30): null

06-11-2024T05:37:10 - [TEST_STEP][PASSED] - if (vir == 1 || vir == 2): null

06-11-2024T05:37:10 - [TEST_STEP][PASSED] - else: Text of object 'Object Repository/Выручка в рублях/span15' is: '-48'

06-11-2024T05:37:10 - [TEST_STEP][PASSED] - b31 = ").trim(): Text of object 'Object Repository/Выручка в рублях/span15' is: '-48'

06-11-2024T05:37:10 - [MESSAGE][PASSED] - Text of object 'Object Repository/Выручка в рублях/span15' is: '-48'

06-11-2024T05:37:10 - [TEST_STEP][PASSED] - if (vir == 1 || vir == 2): null

06-11-2024T05:37:10 - [TEST_STEP][PASSED] - else: Text of object 'Object Repository/Выручка в рублях/span16' is: '79'

06-11-2024T05:37:10 - [TEST_STEP][PASSED] - b32 = ").trim(): Text of object 'Object Repository/Выручка в рублях/span16' is: '79'

06-11-2024T05:37:10 - [MESSAGE][PASSED] - Text of object 'Object Repository/Выручка в рублях/span16' is: '79'

06-11-2024T05:37:10 - [TEST_STEP][PASSED] - if (vir == 1 || vir == 2): null

06-11-2024T05:37:10 - [TEST_STEP][PASSED] - else: Text of object 'Object Repository/Выручка в рублях/span17' is: '542'

06-11-2024T05:37:10 - [TEST_STEP][PASSED] - b37 = ").trim(): Text of object 'Object Repository/Выручка в рублях/span17' is: '542'

06-11-2024T05:37:10 - [MESSAGE][PASSED] - Text of object 'Object Repository/Выручка в рублях/span17' is: '542'

06-11-2024T05:37:10 - [TEST_STEP][PASSED] - if (vir == 1 || vir == 2): null

06-11-2024T05:37:10 - [TEST_STEP][PASSED] - else: Text of object 'Object Repository/Выручка в рублях/span18' is: '35'

06-11-2024T05:37:10 - [TEST_STEP][PASSED] - b316 = ").trim(): Text of object 'Object Repository/Выручка в рублях/span18' is: '35'

06-11-2024T05:37:11 - [MESSAGE][PASSED] - Text of object 'Object Repository/Выручка в рублях/span18' is: '35'

06-11-2024T05:37:11 - [TEST_STEP][PASSED] - if (vir == 1 || vir == 2): null

06-11-2024T05:37:11 - [TEST_STEP][PASSED] - dZO = "ПАО Россети": null

06-11-2024T05:37:11 - [TEST_STEP][PASSED] - if (verifyEqual(a1, b1) == false): Actual object '17 893' and expected object '17 893' are equal

06-11-2024T05:37:11 - [MESSAGE][PASSED] - Actual object '17 893' and expected object '17 893' are equal

06-11-2024T05:37:11 - [TEST_STEP][PASSED] - if (verifyEqual(a2, b2) == false): Actual object '18 501' and expected object '18 501' are equal

06-11-2024T05:37:11 - [MESSAGE][PASSED] - Actual object '18 501' and expected object '18 501' are equal

06-11-2024T05:37:11 - [TEST_STEP][PASSED] - vidget = "Отклонения": null

06-11-2024T05:37:11 - [TEST_STEP][PASSED] - if (verifyEqual(a30, b30) == false): Actual object '607.7' and expected object '607.7' are equal

06-11-2024T05:37:11 - [MESSAGE][PASSED] - Actual object '607.7' and expected object '607.7' are equal

06-11-2024T05:37:11 - [TEST_STEP][PASSED] - dZO = "АО «Тываэнерго»": null

06-11-2024T05:37:11 - [TEST_STEP][PASSED] - if (verifyEqual(a31, b31) == false): Actual object '-48' and expected object '-48' are equal

06-11-2024T05:37:11 - [MESSAGE][PASSED] - Actual object '-48' and expected object '-48' are equal

06-11-2024T05:37:11 - [TEST_STEP][PASSED] - dZO = "АО «Чеченэнерго»": null

06-11-2024T05:37:11 - [TEST_STEP][PASSED] - if (verifyEqual(a32, b32) == false): Actual object '79' and expected object '79' are equal

06-11-2024T05:37:11 - [MESSAGE][PASSED] - Actual object '79' and expected object '79' are equal

06-11-2024T05:37:11 - [TEST_STEP][PASSED] - dZO = "Россети Волга": null

06-11-2024T05:37:11 - [TEST_STEP][PASSED] - if (verifyEqual(a33, b33) == false): Actual object 'null' and expected object 'null' are equal

06-11-2024T05:37:11 - [MESSAGE][PASSED] - Actual object 'null' and expected object 'null' are equal

06-11-2024T05:37:11 - [TEST_STEP][PASSED] - dZO = "Россети Кубань": null

06-11-2024T05:37:11 - [TEST_STEP][PASSED] - if (verifyEqual(a34, b34) == false): Actual object 'null' and expected object 'null' are equal

06-11-2024T05:37:11 - [MESSAGE][PASSED] - Actual object 'null' and expected object 'null' are equal

06-11-2024T05:37:11 - [TEST_STEP][PASSED] - dZO = "Россети Ленэнерго (ГК)": null

06-11-2024T05:37:11 - [TEST_STEP][PASSED] - if (verifyEqual(a35, b35) == false): Actual object 'null' and expected object 'null' are equal

06-11-2024T05:37:11 - [MESSAGE][PASSED] - Actual object 'null' and expected object 'null' are equal

06-11-2024T05:37:11 - [TEST_STEP][PASSED] - dZO = "Россети Московский регион": null

06-11-2024T05:37:11 - [TEST_STEP][PASSED] - if (verifyEqual(a36, b36) == false): Actual object 'null' and expected object 'null' are equal

06-11-2024T05:37:11 - [MESSAGE][PASSED] - Actual object 'null' and expected object 'null' are equal

06-11-2024T05:37:11 - [TEST_STEP][PASSED] - dZO = "Россети Северный Кавказ (ГК)": null

06-11-2024T05:37:11 - [TEST_STEP][PASSED] - if (verifyEqual(a37, b37) == false): Actual object '542' and expected object '542' are equal

06-11-2024T05:37:11 - [MESSAGE][PASSED] - Actual object '542' and expected object '542' are equal

06-11-2024T05:37:11 - [TEST_STEP][PASSED] - dZO = "Россети Северо-Запад": null

06-11-2024T05:37:11 - [TEST_STEP][PASSED] - if (verifyEqual(a38, b38) == false): Actual object 'null' and expected object 'null' are equal

06-11-2024T05:37:11 - [MESSAGE][PASSED] - Actual object 'null' and expected object 'null' are equal

06-11-2024T05:37:11 - [TEST_STEP][PASSED] - dZO = "Россети Сибирь (ГК)": null

06-11-2024T05:37:11 - [TEST_STEP][PASSED] - if (verifyEqual(a39, b39) == false): Actual object 'null' and expected object 'null' are equal

06-11-2024T05:37:11 - [MESSAGE][PASSED] - Actual object 'null' and expected object 'null' are equal

06-11-2024T05:37:11 - [TEST_STEP][PASSED] - dZO = "Россети Томск": null

06-11-2024T05:37:11 - [TEST_STEP][PASSED] - if (verifyEqual(a310, b310) == false): Actual object 'null' and expected object 'null' are equal

06-11-2024T05:37:11 - [MESSAGE][PASSED] - Actual object 'null' and expected object 'null' are equal

06-11-2024T05:37:11 - [TEST_STEP][PASSED] - dZO = "Россети Тюмень": null

06-11-2024T05:37:11 - [TEST_STEP][PASSED] - if (verifyEqual(a311, b311) == false): Actual object 'null' and expected object 'null' are equal

06-11-2024T05:37:11 - [MESSAGE][PASSED] - Actual object 'null' and expected object 'null' are equal

06-11-2024T05:37:11 - [TEST_STEP][PASSED] - dZO = "Россети Урал (ГК)": null

06-11-2024T05:37:11 - [TEST_STEP][PASSED] - if (verifyEqual(a312, b312) == false): Actual object 'null' and expected object 'null' are equal

06-11-2024T05:37:11 - [MESSAGE][PASSED] - Actual object 'null' and expected object 'null' are equal

06-11-2024T05:37:11 - [TEST_STEP][PASSED] - dZO = "Россети ФСК ЕЭС": null

06-11-2024T05:37:11 - [TEST_STEP][PASSED] - if (verifyEqual(a313, b313) == false): Actual object 'null' and expected object 'null' are equal

06-11-2024T05:37:11 - [MESSAGE][PASSED] - Actual object 'null' and expected object 'null' are equal

06-11-2024T05:37:11 - [TEST_STEP][PASSED] - dZO = "Россети Центр": null

06-11-2024T05:37:11 - [TEST_STEP][PASSED] - if (verifyEqual(a314, b314) == false): Actual object 'null' and expected object 'null' are equal

06-11-2024T05:37:11 - [MESSAGE][PASSED] - Actual object 'null' and expected object 'null' are equal

06-11-2024T05:37:11 - [TEST_STEP][PASSED] - dZO = "Россети Центр и Приволжье (ГК)": null

06-11-2024T05:37:11 - [TEST_STEP][PASSED] - if (verifyEqual(a315, b315) == false): Actual object 'null' and expected object 'null' are equal

06-11-2024T05:37:11 - [MESSAGE][PASSED] - Actual object 'null' and expected object 'null' are equal

06-11-2024T05:37:11 - [TEST_STEP][PASSED] - dZO = "Россети Юг (ГК)": null

06-11-2024T05:37:11 - [TEST_STEP][PASSED] - if (verifyEqual(a316, b316) == false): Actual object '35' and expected object '35' are equal

06-11-2024T05:37:11 - [MESSAGE][PASSED] - Actual object '35' and expected object '35' are equal

06-11-2024T05:37:11 - [TEST_STEP][PASSED] - dZO = "Россети Янтарь": null

06-11-2024T05:37:11 - [TEST_STEP][PASSED] - if (verifyEqual(a317, b317) == false): Actual object 'null' and expected object 'null' are equal

06-11-2024T05:37:11 - [MESSAGE][PASSED] - Actual object 'null' and expected object 'null' are equal

06-11-2024T05:37:11 - [TEST_STEP][PASSED] - closeBrowser(): null

06-11-2024T05:37:11 - [MESSAGE][PASSED] - Browser is closed

06-11-2024T05:37:11 - [TEST_STEP][PASSED] - Script1710234207206.ViruchkaChange(run, vir, block, nameOfBlock, typeOfData, viruchka, vidget, todaysDate, a, b, dZO, x, y): null

06-11-2024T05:37:11 - [TEST_STEP][PASSED] - for ([vir = 1, vir < 4, (vir++)]): null

06-11-2024T05:37:11 - [TEST_STEP][PASSED] - Script1710234207206.Blocks(run, vir, block, nameOfBlock, typeOfData, viruchka, vidget, todaysDate, a, b, dZO, x, y): null

06-11-2024T05:37:11 - [TEST_STEP][PASSED] - i = <not implemented yet for class: org.codehaus.groovy.ast.expr.EmptyExpression>: null

06-11-2024T05:37:11 - [TEST_STEP][PASSED] - perc = "": null

06-11-2024T05:37:11 - [TEST_STEP][PASSED] - a1 = <not implemented yet for class: org.codehaus.groovy.ast.expr.EmptyExpression>: null

06-11-2024T05:37:11 - [TEST_STEP][PASSED] - a2 = <not implemented yet for class: org.codehaus.groovy.ast.expr.EmptyExpression>: null

06-11-2024T05:37:11 - [TEST_STEP][PASSED] - a30 = <not implemented yet for class: org.codehaus.groovy.ast.expr.EmptyExpression>: null

06-11-2024T05:37:11 - [TEST_STEP][PASSED] - a31 = <not implemented yet for class: org.codehaus.groovy.ast.expr.EmptyExpression>: null

06-11-2024T05:37:11 - [TEST_STEP][PASSED] - a32 = <not implemented yet for class: org.codehaus.groovy.ast.expr.EmptyExpression>: null

06-11-2024T05:37:11 - [TEST_STEP][PASSED] - a33 = <not implemented yet for class: org.codehaus.groovy.ast.expr.EmptyExpression>: null

06-11-2024T05:37:11 - [TEST_STEP][PASSED] - a34 = <not implemented yet for class: org.codehaus.groovy.ast.expr.EmptyExpression>: null

06-11-2024T05:37:11 - [TEST_STEP][PASSED] - a35 = <not implemented yet for class: org.codehaus.groovy.ast.expr.EmptyExpression>: null

06-11-2024T05:37:11 - [TEST_STEP][PASSED] - a36 = <not implemented yet for class: org.codehaus.groovy.ast.expr.EmptyExpression>: null

06-11-2024T05:37:11 - [TEST_STEP][PASSED] - a37 = <not implemented yet for class: org.codehaus.groovy.ast.expr.EmptyExpression>: null

06-11-2024T05:37:11 - [TEST_STEP][PASSED] - a38 = <not implemented yet for class: org.codehaus.groovy.ast.expr.EmptyExpression>: null

06-11-2024T05:37:11 - [TEST_STEP][PASSED] - a39 = <not implemented yet for class: org.codehaus.groovy.ast.expr.EmptyExpression>: null

06-11-2024T05:37:11 - [TEST_STEP][PASSED] - a310 = <not implemented yet for class: org.codehaus.groovy.ast.expr.EmptyExpression>: null

06-11-2024T05:37:11 - [TEST_STEP][PASSED] - a311 = <not implemented yet for class: org.codehaus.groovy.ast.expr.EmptyExpression>: null

06-11-2024T05:37:11 - [TEST_STEP][PASSED] - a312 = <not implemented yet for class: org.codehaus.groovy.ast.expr.EmptyExpression>: null

06-11-2024T05:37:11 - [TEST_STEP][PASSED] - a313 = <not implemented yet for class: org.codehaus.groovy.ast.expr.EmptyExpression>: null

06-11-2024T05:37:11 - [TEST_STEP][PASSED] - a314 = <not implemented yet for class: org.codehaus.groovy.ast.expr.EmptyExpression>: null

06-11-2024T05:37:11 - [TEST_STEP][PASSED] - a315 = <not implemented yet for class: org.codehaus.groovy.ast.expr.EmptyExpression>: null

06-11-2024T05:37:11 - [TEST_STEP][PASSED] - a316 = <not implemented yet for class: org.codehaus.groovy.ast.expr.EmptyExpression>: null

06-11-2024T05:37:11 - [TEST_STEP][PASSED] - a317 = <not implemented yet for class: org.codehaus.groovy.ast.expr.EmptyExpression>: null

06-11-2024T05:37:11 - [TEST_STEP][PASSED] - b1 = <not implemented yet for class: org.codehaus.groovy.ast.expr.EmptyExpression>: null

06-11-2024T05:37:11 - [TEST_STEP][PASSED] - b2 = <not implemented yet for class: org.codehaus.groovy.ast.expr.EmptyExpression>: null

06-11-2024T05:37:11 - [TEST_STEP][PASSED] - b30 = <not implemented yet for class: org.codehaus.groovy.ast.expr.EmptyExpression>: null

06-11-2024T05:37:11 - [TEST_STEP][PASSED] - b31 = <not implemented yet for class: org.codehaus.groovy.ast.expr.EmptyExpression>: null

06-11-2024T05:37:11 - [TEST_STEP][PASSED] - b32 = <not implemented yet for class: org.codehaus.groovy.ast.expr.EmptyExpression>: null

06-11-2024T05:37:11 - [TEST_STEP][PASSED] - b33 = <not implemented yet for class: org.codehaus.groovy.ast.expr.EmptyExpression>: null

06-11-2024T05:37:11 - [TEST_STEP][PASSED] - b34 = <not implemented yet for class: org.codehaus.groovy.ast.expr.EmptyExpression>: null

06-11-2024T05:37:11 - [TEST_STEP][PASSED] - b35 = <not implemented yet for class: org.codehaus.groovy.ast.expr.EmptyExpression>: null

06-11-2024T05:37:11 - [TEST_STEP][PASSED] - b36 = <not implemented yet for class: org.codehaus.groovy.ast.expr.EmptyExpression>: null

06-11-2024T05:37:11 - [TEST_STEP][PASSED] - b37 = <not implemented yet for class: org.codehaus.groovy.ast.expr.EmptyExpression>: null

06-11-2024T05:37:11 - [TEST_STEP][PASSED] - b38 = <not implemented yet for class: org.codehaus.groovy.ast.expr.EmptyExpression>: null

06-11-2024T05:37:11 - [TEST_STEP][PASSED] - b39 = <not implemented yet for class: org.codehaus.groovy.ast.expr.EmptyExpression>: null

06-11-2024T05:37:11 - [TEST_STEP][PASSED] - b310 = <not implemented yet for class: org.codehaus.groovy.ast.expr.EmptyExpression>: null

06-11-2024T05:37:11 - [TEST_STEP][PASSED] - b311 = <not implemented yet for class: org.codehaus.groovy.ast.expr.EmptyExpression>: null

06-11-2024T05:37:11 - [TEST_STEP][PASSED] - b312 = <not implemented yet for class: org.codehaus.groovy.ast.expr.EmptyExpression>: null

06-11-2024T05:37:11 - [TEST_STEP][PASSED] - b313 = <not implemented yet for class: org.codehaus.groovy.ast.expr.EmptyExpression>: null

06-11-2024T05:37:11 - [TEST_STEP][PASSED] - b314 = <not implemented yet for class: org.codehaus.groovy.ast.expr.EmptyExpression>: null

06-11-2024T05:37:11 - [TEST_STEP][PASSED] - b315 = <not implemented yet for class: org.codehaus.groovy.ast.expr.EmptyExpression>: null

06-11-2024T05:37:11 - [TEST_STEP][PASSED] - b316 = <not implemented yet for class: org.codehaus.groovy.ast.expr.EmptyExpression>: null

06-11-2024T05:37:11 - [TEST_STEP][PASSED] - b317 = <not implemented yet for class: org.codehaus.groovy.ast.expr.EmptyExpression>: null

06-11-2024T05:37:11 - [TEST_STEP][PASSED] - block = 1: null

06-11-2024T05:37:11 - [TEST_STEP][PASSED] - nameOfBlock = "": null

06-11-2024T05:37:11 - [TEST_STEP][PASSED] - Script1710234207206.PreSettings(run, vir, block, nameOfBlock, typeOfData, todaysDate): null

06-11-2024T05:37:11 - [TEST_STEP][PASSED] - openBrowser(""): Browser is opened with url: ''

06-11-2024T05:37:11 - [MESSAGE][INFO] - Starting 'Chrome' driver

06-11-2024T05:37:11 - [MESSAGE][INFO] - Action delay is set to 0 milliseconds

06-11-2024T05:37:12 - [MESSAGE][PASSED] - Browser is opened with url: ''

06-11-2024T05:37:12 - [TEST_STEP][PASSED] - refresh(): Refresh successfully

06-11-2024T05:37:12 - [MESSAGE][PASSED] - Refresh successfully

06-11-2024T05:37:12 - [TEST_STEP][PASSED] - delay(50): Delayed 50 second(s)

06-11-2024T05:38:02 - [MESSAGE][PASSED] - Delayed 50 second(s)

06-11-2024T05:38:02 - [TEST_STEP][PASSED] - println("run:" + run): null

06-11-2024T05:38:02 - [TEST_STEP][PASSED] - println("vir:" + vir): null

06-11-2024T05:38:02 - [TEST_STEP][PASSED] - println("block:" + block): null

06-11-2024T05:38:02 - [TEST_STEP][PASSED] - if (block == 1): null

06-11-2024T05:38:02 - [TEST_STEP][PASSED] - nameOfBlock = "": null

06-11-2024T05:38:02 - [TEST_STEP][PASSED] - println("nameOfBlock:" + nameOfBlock): null

06-11-2024T05:38:02 - [TEST_STEP][PASSED] - println("typeOfData:" + typeOfData): null

06-11-2024T05:38:02 - [TEST_STEP][PASSED] - println("todaysDate:" + todaysDate): null

06-11-2024T05:38:02 - [TEST_STEP][PASSED] - Script1710234207206.Autorization(block, nameOfBlock): null

06-11-2024T05:38:02 - [TEST_STEP][PASSED] - i = <not implemented yet for class: org.codehaus.groovy.ast.expr.EmptyExpression>: null

06-11-2024T05:38:02 - [TEST_STEP][PASSED] - ii = <not implemented yet for class: org.codehaus.groovy.ast.expr.EmptyExpression>: null

06-11-2024T05:38:02 - [TEST_STEP][PASSED] - urlData = <not implemented yet for class: org.codehaus.groovy.ast.expr.EmptyExpression>: null

06-11-2024T05:38:02 - [TEST_STEP][PASSED] - searchWord = <not implemented yet for class: org.codehaus.groovy.ast.expr.EmptyExpression>: null

06-11-2024T05:38:02 - [TEST_STEP][PASSED] - urlText = <not implemented yet for class: org.codehaus.groovy.ast.expr.EmptyExpression>: null

06-11-2024T05:38:02 - [TEST_STEP][PASSED] - println("block:" + block): null

06-11-2024T05:38:02 - [TEST_STEP][PASSED] - if (block == 1): null

06-11-2024T05:38:02 - [TEST_STEP][PASSED] - nameOfBlock = "": null

06-11-2024T05:38:02 - [TEST_STEP][PASSED] - println("nameOfBlock:" + nameOfBlock): null

06-11-2024T05:38:02 - [TEST_STEP][PASSED] - if (block == 1): Delayed 45 second(s)

06-11-2024T05:38:02 - [TEST_STEP][PASSED] - urlData = 2: null

06-11-2024T05:38:02 - [TEST_STEP][PASSED] - delay(45): Delayed 45 second(s)

06-11-2024T05:38:47 - [MESSAGE][PASSED] - Delayed 45 second(s)

06-11-2024T05:38:47 - [TEST_STEP][PASSED] - navigateToUrl(findTestData("PlanFact").getValue(10, urlData)): Navigate to 'https://bi.rosseti.digital/viewer?dashboardGuid=2301950b23be4ed89c1df75f2020051e&sheetGuid=b723206f698544fb87299f3095c00435&fit=true' successfully

06-11-2024T05:38:51 - [MESSAGE][PASSED] - Navigate to 'https://bi.rosseti.digital/viewer?dashboardGuid=2301950b23be4ed89c1df75f2020051e&sheetGuid=b723206f698544fb87299f3095c00435&fit=true' successfully

06-11-2024T05:38:51 - [TEST_STEP][PASSED] - urlText = getText(findTestObject("Страница авторизации/Text")): Text of object 'Object Repository/Страница авторизации/Text' is: 'Вход'

06-11-2024T05:38:53 - [MESSAGE][PASSED] - Text of object 'Object Repository/Страница авторизации/Text' is: 'Вход'

06-11-2024T05:38:53 - [TEST_STEP][PASSED] - searchWord = "Вход": null

06-11-2024T05:38:53 - [TEST_STEP][PASSED] - if (urlText == null || urlText.contains("ошибка") || urlText.contains(searchWord) == false): null

06-11-2024T05:38:53 - [TEST_STEP][PASSED] - if (verifyElementPresent(findTestObject("Страница авторизации/button_"), 30) == true): null

06-11-2024T05:38:54 - [MESSAGE][PASSED] - Object 'Object Repository/Страница авторизации/button_' is present

06-11-2024T05:38:54 - [TEST_STEP][PASSED] - setText(findTestObject("Страница авторизации/input__username"), findTestData("PlanFact").getValue(8, 1)): Text 'liazgina-di' is set on object 'Object Repository/Страница авторизации/input__username'

06-11-2024T05:38:54 - [MESSAGE][PASSED] - Text 'liazgina-di' is set on object 'Object Repository/Страница авторизации/input__username'

06-11-2024T05:38:54 - [TEST_STEP][PASSED] - setText(findTestObject("Страница авторизации/input__password"), findTestData("PlanFact").getValue(9, 1)): Text ')$%5srZ8o688Dm#q' is set on object 'Object Repository/Страница авторизации/input__password'

06-11-2024T05:38:55 - [MESSAGE][PASSED] - Text ')$%5srZ8o688Dm#q' is set on object 'Object Repository/Страница авторизации/input__password'

06-11-2024T05:38:55 - [TEST_STEP][PASSED] - click(findTestObject("Страница авторизации/button_")): Object: 'Object Repository/Страница авторизации/button_' is clicked on

06-11-2024T05:38:58 - [MESSAGE][PASSED] - Object: 'Object Repository/Страница авторизации/button_' is clicked on

06-11-2024T05:38:58 - [TEST_STEP][PASSED] - delay(45): Delayed 45 second(s)

06-11-2024T05:39:43 - [MESSAGE][PASSED] - Delayed 45 second(s)

06-11-2024T05:39:43 - [TEST_STEP][PASSED] - urlText = getText(findTestObject("Страница авторизации/Text")): Text of object 'Object Repository/Страница авторизации/Text' is: 'Период
1, 2, 3 кв. 2024 года
Выручка
Все
Выполнение плановых показателей по ПАО Россети за 1, 2, 3 кв. 2024 года
План
Факт
Динамика
2024 год
0 млн.руб.
100 000 млн.руб.
200 000 млн.руб.
300 000 млн.руб.
400 000 млн.руб.
500 000 млн.руб.
600 000 млн.руб.
700 000 млн.руб.
800 000 млн.руб.
900 000 млн.руб.
1 000 000 млн.руб.
1 100 000 млн.руб.
1 200 000 млн.руб.
1 300 000 млн.руб.
1 056 816
1 056 549
↓
ДЗО 
Все
Внутренний оборот - выручка за услуги по передаче электрической энергии, учтенная в выручке за электроэнергию для конечных потребителей, при выполнении ДЗО функций гарантирующего поставщика
Подписи данных
⬤Отклонение
АО «Тываэнерго»
АО «Чеченэнерго»
Россети Волга
Россети Кубань
Россети Ленэнерго (ГК)
Россети Московский регион
Россети Северный Кавказ (ГК)
Россети Северо-Запад
Россети Сибирь (ГК)
Россети Томск
Россети Тюмень
Россети Урал (ГК)
Россети ФСК ЕЭС
Россети Центр
Россети Центр и Приволжье (ГК)
Россети Юг (ГК)
Россети Янтарь
-25 000млн.руб.
-20 000млн.руб.
-15 000млн.руб.
-10 000млн.руб.
-5 000млн.руб.
0млн.руб.
5 000млн.руб.
10 …
-30 000млн.руб.
239
68
25
3 470
3 855
6 900
821
839
2 116
213
-4 312
1 715
-25 094
3 410
3 873
1 315
277
млн.
%
Выручка
Отклонение выручки по ПАО Россети за 1, 2, 3 кв. 2024 года (факт/план, млн. руб)
ПАО Россети
-267.6 млн.руб.
 '

06-11-2024T05:39:44 - [MESSAGE][PASSED] - Text of object 'Object Repository/Страница авторизации/Text' is: 'Период
1, 2, 3 кв. 2024 года
Выручка
Все
Выполнение плановых показателей по ПАО Россети за 1, 2, 3 кв. 2024 года
План
Факт
Динамика
2024 год
0 млн.руб.
100 000 млн.руб.
200 000 млн.руб.
300 000 млн.руб.
400 000 млн.руб.
500 000 млн.руб.
600 000 млн.руб.
700 000 млн.руб.
800 000 млн.руб.
900 000 млн.руб.
1 000 000 млн.руб.
1 100 000 млн.руб.
1 200 000 млн.руб.
1 300 000 млн.руб.
1 056 816
1 056 549
↓
ДЗО 
Все
Внутренний оборот - выручка за услуги по передаче электрической энергии, учтенная в выручке за электроэнергию для конечных потребителей, при выполнении ДЗО функций гарантирующего поставщика
Подписи данных
⬤Отклонение
АО «Тываэнерго»
АО «Чеченэнерго»
Россети Волга
Россети Кубань
Россети Ленэнерго (ГК)
Россети Московский регион
Россети Северный Кавказ (ГК)
Россети Северо-Запад
Россети Сибирь (ГК)
Россети Томск
Россети Тюмень
Россети Урал (ГК)
Россети ФСК ЕЭС
Россети Центр
Россети Центр и Приволжье (ГК)
Россети Юг (ГК)
Россети Янтарь
-25 000млн.руб.
-20 000млн.руб.
-15 000млн.руб.
-10 000млн.руб.
-5 000млн.руб.
0млн.руб.
5 000млн.руб.
10 …
-30 000млн.руб.
239
68
25
3 470
3 855
6 900
821
839
2 116
213
-4 312
1 715
-25 094
3 410
3 873
1 315
277
млн.
%
Выручка
Отклонение выручки по ПАО Россети за 1, 2, 3 кв. 2024 года (факт/план, млн. руб)
ПАО Россети
-267.6 млн.руб.
 '

06-11-2024T05:39:44 - [TEST_STEP][PASSED] - searchWord = "а": null

06-11-2024T05:39:44 - [TEST_STEP][PASSED] - if (urlText.contains("ошибка") || urlText.contains(searchWord) == false): null

06-11-2024T05:39:44 - [TEST_STEP][PASSED] - delay(45): Delayed 45 second(s)

06-11-2024T05:40:29 - [MESSAGE][PASSED] - Delayed 45 second(s)

06-11-2024T05:40:29 - [TEST_STEP][PASSED] - if (block == 2): null

06-11-2024T05:40:29 - [TEST_STEP][PASSED] - click(findTestObject("Выручка в рублях/Фильтр Период" + nameOfBlock)): Object: 'Object Repository/Выручка в рублях/Фильтр Период' is clicked on

06-11-2024T05:40:29 - [MESSAGE][PASSED] - Object: 'Object Repository/Выручка в рублях/Фильтр Период' is clicked on

06-11-2024T05:40:29 - [TEST_STEP][PASSED] - click(findTestObject("Выручка в рублях/Снять выделение в фильтре Дата" + nameOfBlock)): Object: 'Object Repository/Выручка в рублях/Снять выделение в фильтре Дата' is clicked on

06-11-2024T05:40:29 - [MESSAGE][PASSED] - Object: 'Object Repository/Выручка в рублях/Снять выделение в фильтре Дата' is clicked on

06-11-2024T05:40:29 - [TEST_STEP][PASSED] - click(findTestObject("Выручка в рублях/Применить в фильтре Дата" + nameOfBlock)): Object: 'Object Repository/Выручка в рублях/Применить в фильтре Дата' is clicked on

06-11-2024T05:40:30 - [MESSAGE][PASSED] - Object: 'Object Repository/Выручка в рублях/Применить в фильтре Дата' is clicked on

06-11-2024T05:40:30 - [TEST_STEP][PASSED] - delay(50): Delayed 50 second(s)

06-11-2024T05:41:20 - [MESSAGE][PASSED] - Delayed 50 second(s)

06-11-2024T05:41:20 - [TEST_STEP][PASSED] - click(findTestObject("Выручка в рублях/Фильтр Период" + nameOfBlock)): Object: 'Object Repository/Выручка в рублях/Фильтр Период' is clicked on

06-11-2024T05:41:20 - [MESSAGE][PASSED] - Object: 'Object Repository/Выручка в рублях/Фильтр Период' is clicked on

06-11-2024T05:41:20 - [TEST_STEP][PASSED] - click(findTestObject("Выручка в рублях/Снять выделение в фильтре Дата" + nameOfBlock)): Object: 'Object Repository/Выручка в рублях/Снять выделение в фильтре Дата' is clicked on

06-11-2024T05:41:21 - [MESSAGE][PASSED] - Object: 'Object Repository/Выручка в рублях/Снять выделение в фильтре Дата' is clicked on

06-11-2024T05:41:21 - [TEST_STEP][PASSED] - scrollToElement(findTestObject("Выручка в рублях/2024 список" + nameOfBlock), 30): Scroll to object 'Object Repository/Выручка в рублях/2024 список' successfully

06-11-2024T05:41:21 - [MESSAGE][PASSED] - Scroll to object 'Object Repository/Выручка в рублях/2024 список' successfully

06-11-2024T05:41:21 - [TEST_STEP][PASSED] - click(findTestObject("Выручка в рублях/2024 список" + nameOfBlock)): Object: 'Object Repository/Выручка в рублях/2024 список' is clicked on

06-11-2024T05:41:21 - [MESSAGE][PASSED] - Object: 'Object Repository/Выручка в рублях/2024 список' is clicked on

06-11-2024T05:41:21 - [TEST_STEP][PASSED] - scrollToElement(findTestObject("Выручка в рублях/1 квартал 2024 выбрать" + nameOfBlock), 30): Scroll to object 'Object Repository/Выручка в рублях/1 квартал 2024 выбрать' successfully

06-11-2024T05:41:22 - [MESSAGE][PASSED] - Scroll to object 'Object Repository/Выручка в рублях/1 квартал 2024 выбрать' successfully

06-11-2024T05:41:22 - [TEST_STEP][PASSED] - click(findTestObject("Выручка в рублях/1 квартал 2024 выбрать" + nameOfBlock)): Object: 'Object Repository/Выручка в рублях/1 квартал 2024 выбрать' is clicked on

06-11-2024T05:41:22 - [MESSAGE][PASSED] - Object: 'Object Repository/Выручка в рублях/1 квартал 2024 выбрать' is clicked on

06-11-2024T05:41:22 - [TEST_STEP][PASSED] - scrollToElement(findTestObject("Выручка в рублях/2 квартал 2024 выбрать" + nameOfBlock), 30): Scroll to object 'Object Repository/Выручка в рублях/2 квартал 2024 выбрать' successfully

06-11-2024T05:41:23 - [MESSAGE][PASSED] - Scroll to object 'Object Repository/Выручка в рублях/2 квартал 2024 выбрать' successfully

06-11-2024T05:41:23 - [TEST_STEP][PASSED] - click(findTestObject("Выручка в рублях/2 квартал 2024 выбрать" + nameOfBlock)): Object: 'Object Repository/Выручка в рублях/2 квартал 2024 выбрать' is clicked on

06-11-2024T05:41:23 - [MESSAGE][PASSED] - Object: 'Object Repository/Выручка в рублях/2 квартал 2024 выбрать' is clicked on

06-11-2024T05:41:23 - [TEST_STEP][PASSED] - scrollToElement(findTestObject("Выручка в рублях/3 квартал 2024 список" + nameOfBlock), 30): Scroll to object 'Object Repository/Выручка в рублях/3 квартал 2024 список' successfully

06-11-2024T05:41:24 - [MESSAGE][PASSED] - Scroll to object 'Object Repository/Выручка в рублях/3 квартал 2024 список' successfully

06-11-2024T05:41:24 - [TEST_STEP][PASSED] - click(findTestObject("Выручка в рублях/3 квартал 2024" + nameOfBlock)): Object: 'Object Repository/Выручка в рублях/3 квартал 2024' is clicked on

06-11-2024T05:41:24 - [MESSAGE][PASSED] - Object: 'Object Repository/Выручка в рублях/3 квартал 2024' is clicked on

06-11-2024T05:41:24 - [TEST_STEP][PASSED] - scrollToElement(findTestObject("Выручка в рублях/Заголовок дашборда" + nameOfBlock), 30): Scroll to object 'Object Repository/Выручка в рублях/Заголовок дашборда' successfully

06-11-2024T05:41:24 - [MESSAGE][PASSED] - Scroll to object 'Object Repository/Выручка в рублях/Заголовок дашборда' successfully

06-11-2024T05:41:24 - [TEST_STEP][PASSED] - click(findTestObject("Выручка в рублях/Применить в фильтре Дата" + nameOfBlock)): Object: 'Object Repository/Выручка в рублях/Применить в фильтре Дата' is clicked on

06-11-2024T05:41:25 - [MESSAGE][PASSED] - Object: 'Object Repository/Выручка в рублях/Применить в фильтре Дата' is clicked on

06-11-2024T05:41:25 - [TEST_STEP][PASSED] - delay(55): Delayed 55 second(s)

06-11-2024T05:42:20 - [MESSAGE][PASSED] - Delayed 55 second(s)

06-11-2024T05:42:20 - [TEST_STEP][PASSED] - click(findTestObject("Выручка в рублях/Фильтр ДЗО" + nameOfBlock)): Object: 'Object Repository/Выручка в рублях/Фильтр ДЗО' is clicked on

06-11-2024T05:42:20 - [MESSAGE][PASSED] - Object: 'Object Repository/Выручка в рублях/Фильтр ДЗО' is clicked on

06-11-2024T05:42:20 - [TEST_STEP][PASSED] - click(findTestObject("Выручка в рублях/Снять выделение в фильтре ДЗО" + nameOfBlock)): Object: 'Object Repository/Выручка в рублях/Снять выделение в фильтре ДЗО' is clicked on

06-11-2024T05:42:21 - [MESSAGE][PASSED] - Object: 'Object Repository/Выручка в рублях/Снять выделение в фильтре ДЗО' is clicked on

06-11-2024T05:42:21 - [TEST_STEP][PASSED] - click(findTestObject("Выручка в рублях/Применить в фильтре ДЗО" + nameOfBlock)): Object: 'Object Repository/Выручка в рублях/Применить в фильтре ДЗО' is clicked on

06-11-2024T05:42:21 - [MESSAGE][PASSED] - Object: 'Object Repository/Выручка в рублях/Применить в фильтре ДЗО' is clicked on

06-11-2024T05:42:21 - [TEST_STEP][PASSED] - delay(50): Delayed 50 second(s)

06-11-2024T05:43:11 - [MESSAGE][PASSED] - Delayed 50 second(s)

06-11-2024T05:43:11 - [TEST_STEP][PASSED] - Script1710234207206.Tumbler(run, vir, block, nameOfBlock): null

06-11-2024T05:43:11 - [TEST_STEP][PASSED] - println("run:" + run): null

06-11-2024T05:43:11 - [TEST_STEP][PASSED] - println("vir:" + vir): null

06-11-2024T05:43:11 - [TEST_STEP][PASSED] - println("block:" + block): null

06-11-2024T05:43:11 - [TEST_STEP][PASSED] - println("nameOfBlock:" + nameOfBlock): null

06-11-2024T05:43:11 - [TEST_STEP][PASSED] - if (vir == 1): Object: 'Object Repository/Выручка в рублях/Переключить отображение с млн на проценты Выручка в рублях' is clicked on

06-11-2024T05:43:11 - [TEST_STEP][PASSED] - if (run == 2): Object: 'Object Repository/Выручка в рублях/Переключить отображение с млн на проценты Выручка в рублях' is clicked on

06-11-2024T05:43:11 - [TEST_STEP][PASSED] - click(findTestObject("Выручка в рублях/Переключить отображение с млн на проценты Выручка в рублях" + nameOfBlock)): Object: 'Object Repository/Выручка в рублях/Переключить отображение с млн на проценты Выручка в рублях' is clicked on

06-11-2024T05:43:12 - [MESSAGE][PASSED] - Object: 'Object Repository/Выручка в рублях/Переключить отображение с млн на проценты Выручка в рублях' is clicked on

06-11-2024T05:43:12 - [TEST_STEP][PASSED] - click(findTestObject("Выручка в рублях/Фильтр ДЗО" + nameOfBlock)): Object: 'Object Repository/Выручка в рублях/Фильтр ДЗО' is clicked on

06-11-2024T05:43:12 - [MESSAGE][PASSED] - Object: 'Object Repository/Выручка в рублях/Фильтр ДЗО' is clicked on

06-11-2024T05:43:12 - [TEST_STEP][PASSED] - Script1710234207206.Rosseti(nameOfBlock): null

06-11-2024T05:43:12 - [TEST_STEP][PASSED] - println("nameOfBlock:" + nameOfBlock): null

06-11-2024T05:43:12 - [TEST_STEP][PASSED] - click(findTestObject("Выручка в рублях/ПАО Россети" + nameOfBlock)): Object: 'Object Repository/Выручка в рублях/ПАО Россети' is clicked on

06-11-2024T05:43:12 - [MESSAGE][PASSED] - Object: 'Object Repository/Выручка в рублях/ПАО Россети' is clicked on

06-11-2024T05:43:12 - [TEST_STEP][PASSED] - click(findTestObject("Выручка в рублях/Применить в фильтре ДЗО" + nameOfBlock)): Object: 'Object Repository/Выручка в рублях/Применить в фильтре ДЗО' is clicked on

06-11-2024T05:43:13 - [MESSAGE][PASSED] - Object: 'Object Repository/Выручка в рублях/Применить в фильтре ДЗО' is clicked on

06-11-2024T05:43:13 - [TEST_STEP][PASSED] - if (run == 2): null

06-11-2024T05:43:13 - [TEST_STEP][PASSED] - perc = " Perc": null

06-11-2024T05:43:13 - [TEST_STEP][PASSED] - if (vir == 1 || vir == 2): Text of object 'Object Repository/Выручка в рублях/График План' is: '1 056 816'

06-11-2024T05:43:13 - [TEST_STEP][PASSED] - a1 = getText(findTestObject("Выручка в рублях/График План")): Text of object 'Object Repository/Выручка в рублях/График План' is: '1 056 816'

06-11-2024T05:43:15 - [MESSAGE][PASSED] - Text of object 'Object Repository/Выручка в рублях/График План' is: '1 056 816'

06-11-2024T05:43:15 - [TEST_STEP][PASSED] - if (vir == 1 || vir == 2): Text of object 'Object Repository/Выручка в рублях/График Факт' is: '1 056 549'

06-11-2024T05:43:15 - [TEST_STEP][PASSED] - a2 = getText(findTestObject("Выручка в рублях/График Факт")): Text of object 'Object Repository/Выручка в рублях/График Факт' is: '1 056 549'

06-11-2024T05:43:15 - [MESSAGE][PASSED] - Text of object 'Object Repository/Выручка в рублях/График Факт' is: '1 056 549'

06-11-2024T05:43:15 - [TEST_STEP][PASSED] - a30 = getText(findTestObject("Выручка в рублях/span1" + perc)): Text of object 'Object Repository/Выручка в рублях/span1 Perc' is: '-25.75 %'

06-11-2024T05:43:16 - [MESSAGE][PASSED] - Text of object 'Object Repository/Выручка в рублях/span1 Perc' is: '-25.75 %'

06-11-2024T05:43:16 - [TEST_STEP][PASSED] - i = a30.indexOf("млн.руб."): null

06-11-2024T05:43:16 - [TEST_STEP][PASSED] - if (i > -1): null

06-11-2024T05:43:16 - [TEST_STEP][PASSED] - if (a30.contains("%")): null

06-11-2024T05:43:16 - [TEST_STEP][PASSED] - a30 = a30.replaceAll("%", ""): null

06-11-2024T05:43:16 - [TEST_STEP][PASSED] - a30 = ").trim(): null

06-11-2024T05:43:16 - [TEST_STEP][PASSED] - println("a30: " + a30): null

06-11-2024T05:43:16 - [TEST_STEP][PASSED] - if (vir == 1 || vir == 2): Text of object 'Object Repository/Выручка в рублях/span2 Perc' is: '17.34 %'

06-11-2024T05:43:16 - [TEST_STEP][PASSED] - a31 = ").trim(): Text of object 'Object Repository/Выручка в рублях/span2 Perc' is: '17.34 %'

06-11-2024T05:43:16 - [MESSAGE][PASSED] - Text of object 'Object Repository/Выручка в рублях/span2 Perc' is: '17.34 %'

06-11-2024T05:43:16 - [TEST_STEP][PASSED] - if (vir == 1 || vir == 2): Text of object 'Object Repository/Выручка в рублях/span3 Perc' is: '-48.99 %'

06-11-2024T05:43:16 - [TEST_STEP][PASSED] - a32 = ").trim(): Text of object 'Object Repository/Выручка в рублях/span3 Perc' is: '-48.99 %'

06-11-2024T05:43:16 - [MESSAGE][PASSED] - Text of object 'Object Repository/Выручка в рублях/span3 Perc' is: '-48.99 %'

06-11-2024T05:43:16 - [TEST_STEP][PASSED] - if (vir == 1 || vir == 2): Text of object 'Object Repository/Выручка в рублях/span8 Perc' is: '-49.02 %'

06-11-2024T05:43:16 - [TEST_STEP][PASSED] - a33 = ").trim(): Text of object 'Object Repository/Выручка в рублях/span4 Perc' is: '-49.98 %'

06-11-2024T05:43:16 - [MESSAGE][PASSED] - Text of object 'Object Repository/Выручка в рублях/span4 Perc' is: '-49.98 %'

06-11-2024T05:43:16 - [TEST_STEP][PASSED] - a34 = ").trim(): Text of object 'Object Repository/Выручка в рублях/span5 Perc' is: '-46.94 %'

06-11-2024T05:43:17 - [MESSAGE][PASSED] - Text of object 'Object Repository/Выручка в рублях/span5 Perc' is: '-46.94 %'

06-11-2024T05:43:17 - [TEST_STEP][PASSED] - a35 = ").trim(): Text of object 'Object Repository/Выручка в рублях/span6 Perc' is: '-47.39 %'

06-11-2024T05:43:17 - [MESSAGE][PASSED] - Text of object 'Object Repository/Выручка в рублях/span6 Perc' is: '-47.39 %'

06-11-2024T05:43:17 - [TEST_STEP][PASSED] - a36 = ").trim(): Text of object 'Object Repository/Выручка в рублях/span7 Perc' is: '4.51 %'

06-11-2024T05:43:17 - [MESSAGE][PASSED] - Text of object 'Object Repository/Выручка в рублях/span7 Perc' is: '4.51 %'

06-11-2024T05:43:17 - [TEST_STEP][PASSED] - a37 = ").trim(): Text of object 'Object Repository/Выручка в рублях/span8 Perc' is: '-49.02 %'

06-11-2024T05:43:18 - [MESSAGE][PASSED] - Text of object 'Object Repository/Выручка в рублях/span8 Perc' is: '-49.02 %'

06-11-2024T05:43:18 - [TEST_STEP][PASSED] - if (vir == 1 || vir == 2): Text of object 'Object Repository/Выручка в рублях/span17 Perc' is: '-48.3 %'

06-11-2024T05:43:18 - [TEST_STEP][PASSED] - a38 = ").trim(): Text of object 'Object Repository/Выручка в рублях/span9 Perc' is: '2.16 %'

06-11-2024T05:43:18 - [MESSAGE][PASSED] - Text of object 'Object Repository/Выручка в рублях/span9 Perc' is: '2.16 %'

06-11-2024T05:43:18 - [TEST_STEP][PASSED] - a39 = ").trim(): Text of object 'Object Repository/Выручка в рублях/span10 Perc' is: '4.15 %'

06-11-2024T05:43:18 - [MESSAGE][PASSED] - Text of object 'Object Repository/Выручка в рублях/span10 Perc' is: '4.15 %'

06-11-2024T05:43:18 - [TEST_STEP][PASSED] - a310 = ").trim(): Text of object 'Object Repository/Выручка в рублях/span11 Perc' is: '-48.47 %'

06-11-2024T05:43:19 - [MESSAGE][PASSED] - Text of object 'Object Repository/Выручка в рублях/span11 Perc' is: '-48.47 %'

06-11-2024T05:43:19 - [TEST_STEP][PASSED] - a311 = ").trim(): Text of object 'Object Repository/Выручка в рублях/span12 Perc' is: '-53.49 %'

06-11-2024T05:43:19 - [MESSAGE][PASSED] - Text of object 'Object Repository/Выручка в рублях/span12 Perc' is: '-53.49 %'

06-11-2024T05:43:19 - [TEST_STEP][PASSED] - a312 = ").trim(): Text of object 'Object Repository/Выручка в рублях/span13 Perc' is: '2.23 %'

06-11-2024T05:43:19 - [MESSAGE][PASSED] - Text of object 'Object Repository/Выручка в рублях/span13 Perc' is: '2.23 %'

06-11-2024T05:43:19 - [TEST_STEP][PASSED] - a313 = ").trim(): Text of object 'Object Repository/Выручка в рублях/span14 Perc' is: '-10.91 %'

06-11-2024T05:43:19 - [MESSAGE][PASSED] - Text of object 'Object Repository/Выручка в рублях/span14 Perc' is: '-10.91 %'

06-11-2024T05:43:19 - [TEST_STEP][PASSED] - a314 = ").trim(): Text of object 'Object Repository/Выручка в рублях/span15 Perc' is: '-30.67 %'

06-11-2024T05:43:20 - [MESSAGE][PASSED] - Text of object 'Object Repository/Выручка в рублях/span15 Perc' is: '-30.67 %'

06-11-2024T05:43:20 - [TEST_STEP][PASSED] - a315 = ").trim(): Text of object 'Object Repository/Выручка в рублях/span16 Perc' is: '4.25 %'

06-11-2024T05:43:20 - [MESSAGE][PASSED] - Text of object 'Object Repository/Выручка в рублях/span16 Perc' is: '4.25 %'

06-11-2024T05:43:20 - [TEST_STEP][PASSED] - a316 = ").trim(): Text of object 'Object Repository/Выручка в рублях/span17 Perc' is: '-48.3 %'

06-11-2024T05:43:20 - [MESSAGE][PASSED] - Text of object 'Object Repository/Выручка в рублях/span17 Perc' is: '-48.3 %'

06-11-2024T05:43:20 - [TEST_STEP][PASSED] - if (vir == 1 || vir == 2): Text of object 'Object Repository/Выручка в рублях/span18 Perc' is: '3.93 %'

06-11-2024T05:43:20 - [TEST_STEP][PASSED] - a317 = ").trim(): Text of object 'Object Repository/Выручка в рублях/span18 Perc' is: '3.93 %'

06-11-2024T05:43:21 - [MESSAGE][PASSED] - Text of object 'Object Repository/Выручка в рублях/span18 Perc' is: '3.93 %'

06-11-2024T05:43:21 - [TEST_STEP][PASSED] - block = 2: null

06-11-2024T05:43:21 - [TEST_STEP][PASSED] - nameOfBlock = " Выручка": null

06-11-2024T05:43:21 - [TEST_STEP][PASSED] - Script1710234207206.PreSettings(run, vir, block, nameOfBlock, typeOfData, todaysDate): null

06-11-2024T05:43:21 - [TEST_STEP][PASSED] - openBrowser(""): Browser is opened with url: ''

06-11-2024T05:43:21 - [MESSAGE][WARNING] - A browser is already opened. Closing browser and opening a new one

06-11-2024T05:43:21 - [MESSAGE][INFO] - Starting 'Chrome' driver

06-11-2024T05:43:21 - [MESSAGE][INFO] - Action delay is set to 0 milliseconds

06-11-2024T05:43:22 - [MESSAGE][PASSED] - Browser is opened with url: ''

06-11-2024T05:43:22 - [TEST_STEP][PASSED] - refresh(): Refresh successfully

06-11-2024T05:43:22 - [MESSAGE][PASSED] - Refresh successfully

06-11-2024T05:43:22 - [TEST_STEP][PASSED] - delay(50): Delayed 50 second(s)

06-11-2024T05:44:12 - [MESSAGE][PASSED] - Delayed 50 second(s)

06-11-2024T05:44:12 - [TEST_STEP][PASSED] - println("run:" + run): null

06-11-2024T05:44:12 - [TEST_STEP][PASSED] - println("vir:" + vir): null

06-11-2024T05:44:12 - [TEST_STEP][PASSED] - println("block:" + block): null

06-11-2024T05:44:12 - [TEST_STEP][PASSED] - if (block == 1): null

06-11-2024T05:44:12 - [TEST_STEP][PASSED] - else: null

06-11-2024T05:44:12 - [TEST_STEP][PASSED] - nameOfBlock = " Выручка": null

06-11-2024T05:44:12 - [TEST_STEP][PASSED] - println("nameOfBlock:" + nameOfBlock): null

06-11-2024T05:44:12 - [TEST_STEP][PASSED] - println("typeOfData:" + typeOfData): null

06-11-2024T05:44:12 - [TEST_STEP][PASSED] - println("todaysDate:" + todaysDate): null

06-11-2024T05:44:12 - [TEST_STEP][PASSED] - Script1710234207206.Autorization(block, nameOfBlock): null

06-11-2024T05:44:12 - [TEST_STEP][PASSED] - i = <not implemented yet for class: org.codehaus.groovy.ast.expr.EmptyExpression>: null

06-11-2024T05:44:12 - [TEST_STEP][PASSED] - ii = <not implemented yet for class: org.codehaus.groovy.ast.expr.EmptyExpression>: null

06-11-2024T05:44:12 - [TEST_STEP][PASSED] - urlData = <not implemented yet for class: org.codehaus.groovy.ast.expr.EmptyExpression>: null

06-11-2024T05:44:12 - [TEST_STEP][PASSED] - searchWord = <not implemented yet for class: org.codehaus.groovy.ast.expr.EmptyExpression>: null

06-11-2024T05:44:12 - [TEST_STEP][PASSED] - urlText = <not implemented yet for class: org.codehaus.groovy.ast.expr.EmptyExpression>: null

06-11-2024T05:44:12 - [TEST_STEP][PASSED] - println("block:" + block): null

06-11-2024T05:44:12 - [TEST_STEP][PASSED] - if (block == 1): null

06-11-2024T05:44:12 - [TEST_STEP][PASSED] - else: null

06-11-2024T05:44:12 - [TEST_STEP][PASSED] - delay(45): Delayed 45 second(s)

06-11-2024T05:44:57 - [MESSAGE][PASSED] - Delayed 45 second(s)

06-11-2024T05:44:57 - [TEST_STEP][PASSED] - nameOfBlock = " Выручка": null

06-11-2024T05:44:57 - [TEST_STEP][PASSED] - println("nameOfBlock:" + nameOfBlock): null

06-11-2024T05:44:57 - [TEST_STEP][PASSED] - if (block == 1): null

06-11-2024T05:44:57 - [TEST_STEP][PASSED] - else: Delayed 45 second(s)

06-11-2024T05:44:57 - [TEST_STEP][PASSED] - urlData = 9: null

06-11-2024T05:44:57 - [TEST_STEP][PASSED] - delay(45): Delayed 45 second(s)

06-11-2024T05:45:42 - [MESSAGE][PASSED] - Delayed 45 second(s)

06-11-2024T05:45:42 - [TEST_STEP][PASSED] - navigateToUrl(findTestData("PlanFact").getValue(10, urlData)): Navigate to 'https://bi.rosseti.digital/viewer?dashboardGuid=a1fd28b3785d443cbc4d7690a1d78e31&sheetGuid=86092a20c5984827a0c87b24cac76a50&fit=true' successfully

06-11-2024T05:45:49 - [MESSAGE][PASSED] - Navigate to 'https://bi.rosseti.digital/viewer?dashboardGuid=a1fd28b3785d443cbc4d7690a1d78e31&sheetGuid=86092a20c5984827a0c87b24cac76a50&fit=true' successfully

06-11-2024T05:45:49 - [TEST_STEP][PASSED] - urlText = getText(findTestObject("Страница авторизации/Text")): Text of object 'Object Repository/Страница авторизации/Text' is: 'Вход'

06-11-2024T05:45:52 - [MESSAGE][PASSED] - Text of object 'Object Repository/Страница авторизации/Text' is: 'Вход'

06-11-2024T05:45:52 - [TEST_STEP][PASSED] - searchWord = "Вход": null

06-11-2024T05:45:52 - [TEST_STEP][PASSED] - if (urlText == null || urlText.contains("ошибка") || urlText.contains(searchWord) == false): null

06-11-2024T05:45:52 - [TEST_STEP][PASSED] - if (verifyElementPresent(findTestObject("Страница авторизации/button_"), 30) == true): null

06-11-2024T05:45:52 - [MESSAGE][PASSED] - Object 'Object Repository/Страница авторизации/button_' is present

06-11-2024T05:45:52 - [TEST_STEP][PASSED] - setText(findTestObject("Страница авторизации/input__username"), findTestData("PlanFact").getValue(8, 1)): Text 'liazgina-di' is set on object 'Object Repository/Страница авторизации/input__username'

06-11-2024T05:45:53 - [MESSAGE][PASSED] - Text 'liazgina-di' is set on object 'Object Repository/Страница авторизации/input__username'

06-11-2024T05:45:53 - [TEST_STEP][PASSED] - setText(findTestObject("Страница авторизации/input__password"), findTestData("PlanFact").getValue(9, 1)): Text ')$%5srZ8o688Dm#q' is set on object 'Object Repository/Страница авторизации/input__password'

06-11-2024T05:45:53 - [MESSAGE][PASSED] - Text ')$%5srZ8o688Dm#q' is set on object 'Object Repository/Страница авторизации/input__password'

06-11-2024T05:45:53 - [TEST_STEP][PASSED] - click(findTestObject("Страница авторизации/button_")): Object: 'Object Repository/Страница авторизации/button_' is clicked on

06-11-2024T05:45:56 - [MESSAGE][PASSED] - Object: 'Object Repository/Страница авторизации/button_' is clicked on

06-11-2024T05:45:56 - [TEST_STEP][PASSED] - delay(45): Delayed 45 second(s)

06-11-2024T05:46:41 - [MESSAGE][PASSED] - Delayed 45 second(s)

06-11-2024T05:46:41 - [TEST_STEP][PASSED] - urlText = getText(findTestObject("Страница авторизации/Text")): Text of object 'Object Repository/Страница авторизации/Text' is: 'Период
Выбрано: 3
Выручка
Все
Выполнение плановых показателей, млн.руб.
План
Факт
Динамика
2024 год
0 млн.руб.
100 000 млн.руб.
200 000 млн.руб.
300 000 млн.руб.
400 000 млн.руб.
500 000 млн.руб.
600 000 млн.руб.
700 000 млн.руб.
800 000 млн.руб.
900 000 млн.руб.
1 000 000 млн.руб.
1 100 000 млн.руб.
1 200 000 млн.руб.
1 300 000 млн.руб.
1 056 816
1 056 549
↓
ДЗО 
Все
Подписи данных
⬤Отклонение
АО «Тываэнерго»
АО «Чеченэнерго»
Россети Волга
Россети Кубань
Россети Ленэнерго (ГК)
Россети Московский регион
Россети Северный Кавказ (ГК)
Россети Северо-Запад
Россети Сибирь (ГК)
Россети Томск
Россети Тюмень
Россети Урал (ГК)
Россети ФСК ЕЭС
Россети Центр
Россети Центр и Приволжье (ГК)
Россети Юг (ГК)
Россети Янтарь
-27 500 млн.руб.
-25 000 млн.руб.
-22 500 млн.руб.
-20 000 млн.руб.
-17 500 млн.руб.
-15 000 млн.руб.
-12 500 млн.руб.
-10 000 млн.руб.
-7 500 млн.руб.
-5 000 млн.руб.
-2 500 млн.руб.
0 млн.руб.
2 500 млн.руб.
5 000 млн.руб.
7 500 млн.руб.
10 000 млн.руб.
239
68
25
3 470
3 855
6 900
821
839
2 116
213
-4 312
1 715
-25 094
3 410
3 873
1 315
277
млн.
%
Выручка
Отклонение выручки (факт/план, млн. руб) 
ПАО Россети
-267.6 млн.руб.
Статус данных
ВЫБРАННЫЕ ЗНАЧЕНИЯ ФИЛЬТРОВ
ДЗО | ПЕРИОД
ПАО Россети: [«Выбраны все филиалы по всем ДЗО по всем категориям»]
2024: [Янв, Фев, Мар, Апр, Май, Июн, Июл, Авг, Сен]
*Внутренний оборот'

06-11-2024T05:47:12 - [MESSAGE][PASSED] - Text of object 'Object Repository/Страница авторизации/Text' is: 'Период
Выбрано: 3
Выручка
Все
Выполнение плановых показателей, млн.руб.
План
Факт
Динамика
2024 год
0 млн.руб.
100 000 млн.руб.
200 000 млн.руб.
300 000 млн.руб.
400 000 млн.руб.
500 000 млн.руб.
600 000 млн.руб.
700 000 млн.руб.
800 000 млн.руб.
900 000 млн.руб.
1 000 000 млн.руб.
1 100 000 млн.руб.
1 200 000 млн.руб.
1 300 000 млн.руб.
1 056 816
1 056 549
↓
ДЗО 
Все
Подписи данных
⬤Отклонение
АО «Тываэнерго»
АО «Чеченэнерго»
Россети Волга
Россети Кубань
Россети Ленэнерго (ГК)
Россети Московский регион
Россети Северный Кавказ (ГК)
Россети Северо-Запад
Россети Сибирь (ГК)
Россети Томск
Россети Тюмень
Россети Урал (ГК)
Россети ФСК ЕЭС
Россети Центр
Россети Центр и Приволжье (ГК)
Россети Юг (ГК)
Россети Янтарь
-27 500 млн.руб.
-25 000 млн.руб.
-22 500 млн.руб.
-20 000 млн.руб.
-17 500 млн.руб.
-15 000 млн.руб.
-12 500 млн.руб.
-10 000 млн.руб.
-7 500 млн.руб.
-5 000 млн.руб.
-2 500 млн.руб.
0 млн.руб.
2 500 млн.руб.
5 000 млн.руб.
7 500 млн.руб.
10 000 млн.руб.
239
68
25
3 470
3 855
6 900
821
839
2 116
213
-4 312
1 715
-25 094
3 410
3 873
1 315
277
млн.
%
Выручка
Отклонение выручки (факт/план, млн. руб) 
ПАО Россети
-267.6 млн.руб.
Статус данных
ВЫБРАННЫЕ ЗНАЧЕНИЯ ФИЛЬТРОВ
ДЗО | ПЕРИОД
ПАО Россети: [«Выбраны все филиалы по всем ДЗО по всем категориям»]
2024: [Янв, Фев, Мар, Апр, Май, Июн, Июл, Авг, Сен]
*Внутренний оборот'

06-11-2024T05:47:12 - [TEST_STEP][PASSED] - searchWord = "а": null

06-11-2024T05:47:12 - [TEST_STEP][PASSED] - if (urlText.contains("ошибка") || urlText.contains(searchWord) == false): null

06-11-2024T05:47:12 - [TEST_STEP][PASSED] - delay(45): Delayed 45 second(s)

06-11-2024T05:47:57 - [MESSAGE][PASSED] - Delayed 45 second(s)

06-11-2024T05:47:57 - [TEST_STEP][FAILED] - if (block == 2): null

06-11-2024T05:47:57 - [TEST_STEP][FAILED] - opoveshenie = getText(findTestObject("Выручка в рублях/Просьба обратить внимание")): Unable to get text of object 'Object Repository/Выручка в рублях/Просьба обратить внимание' (Root cause: com.kms.katalon.core.exception.StepFailedException: Unable to get text of object 'Object Repository/Выручка в рублях/Просьба обратить внимание'
	at com.kms.katalon.core.webui.keyword.internal.WebUIKeywordMain.stepFailed(WebUIKeywordMain.groovy:64)
	at com.kms.katalon.core.webui.keyword.internal.WebUIKeywordMain.runKeyword(WebUIKeywordMain.groovy:26)
	at com.kms.katalon.core.webui.keyword.builtin.GetTextKeyword.getText(GetTextKeyword.groovy:88)
	at com.kms.katalon.core.webui.keyword.builtin.GetTextKeyword.execute(GetTextKeyword.groovy:67)
	at com.kms.katalon.core.keyword.internal.KeywordExecutor.executeKeywordForPlatform(KeywordExecutor.groovy:74)
	at com.kms.katalon.core.webui.keyword.WebUiBuiltInKeywords.getText(WebUiBuiltInKeywords.groovy:957)
	at Выручка в рублях сверка дашбордов ПАО Россети.Autorization(Выручка в рублях сверка дашбордов ПАО Россети:721)
	at Выручка в рублях сверка дашбордов ПАО Россети.PreSettings(Выручка в рублях сверка дашбордов ПАО Россети:573)
	at Выручка в рублях сверка дашбордов ПАО Россети.Blocks(Выручка в рублях сверка дашбордов ПАО Россети:247)
	at Выручка в рублях сверка дашбордов ПАО Россети.ViruchkaChange(Выручка в рублях сверка дашбордов ПАО Россети:60)
	at Выручка в рублях сверка дашбордов ПАО Россети.run(Выручка в рублях сверка дашбордов ПАО Россети:55)
	at com.kms.katalon.core.main.ScriptEngine.run(ScriptEngine.java:194)
	at com.kms.katalon.core.main.ScriptEngine.runScriptAsRawText(ScriptEngine.java:119)
	at com.kms.katalon.core.main.TestCaseExecutor.runScript(TestCaseExecutor.java:448)
	at com.kms.katalon.core.main.TestCaseExecutor.doExecute(TestCaseExecutor.java:439)
	at com.kms.katalon.core.main.TestCaseExecutor.processExecutionPhase(TestCaseExecutor.java:418)
	at com.kms.katalon.core.main.TestCaseExecutor.accessMainPhase(TestCaseExecutor.java:410)
	at com.kms.katalon.core.main.TestCaseExecutor.execute(TestCaseExecutor.java:285)
	at com.kms.katalon.core.common.CommonExecutor.accessTestCaseMainPhase(CommonExecutor.java:65)
	at com.kms.katalon.core.main.TestSuiteExecutor.accessTestSuiteMainPhase(TestSuiteExecutor.java:150)
	at com.kms.katalon.core.main.TestSuiteExecutor.execute(TestSuiteExecutor.java:106)
	at com.kms.katalon.core.main.TestCaseMain.startTestSuite(TestCaseMain.java:180)
	at TempTestSuite1730857927993.run(TempTestSuite1730857927993.groovy:35)
	at java.base/jdk.internal.reflect.NativeMethodAccessorImpl.invoke0(Native Method)
	at java.base/jdk.internal.reflect.NativeMethodAccessorImpl.invoke(NativeMethodAccessorImpl.java:77)
	at java.base/jdk.internal.reflect.DelegatingMethodAccessorImpl.invoke(DelegatingMethodAccessorImpl.java:43)
Caused by: com.kms.katalon.core.webui.exception.WebElementNotFoundException: Web element with id: 'Object Repository/Выручка в рублях/Просьба обратить внимание' located by '(.//*[normalize-space(text()) and normalize-space(.)='×'])[3]/following::h1[1]' not found
	at com.kms.katalon.core.webui.common.WebUiCommonHelper.findWebElement(WebUiCommonHelper.java:1426)
	at com.kms.katalon.core.webui.keyword.internal.WebUIAbstractKeyword.findWebElement(WebUIAbstractKeyword.groovy:27)
	at com.kms.katalon.core.webui.keyword.internal.WebUIAbstractKeyword.findWebElement(WebUIAbstractKeyword.groovy:26)
	at com.kms.katalon.core.webui.keyword.builtin.GetTextKeyword$_getText_closure1.doCall(GetTextKeyword.groovy:78)
	at com.kms.katalon.core.webui.keyword.builtin.GetTextKeyword$_getText_closure1.call(GetTextKeyword.groovy)
	at com.kms.katalon.core.webui.keyword.internal.WebUIKeywordMain.runKeyword(WebUIKeywordMain.groovy:20)
	at com.kms.katalon.core.webui.keyword.builtin.GetTextKeyword.getText(GetTextKeyword.groovy:88)
	at com.kms.katalon.core.webui.keyword.builtin.GetTextKeyword.execute(GetTextKeyword.groovy:67)
	at com.kms.katalon.core.keyword.internal.KeywordExecutor.executeKeywordForPlatform(KeywordExecutor.groovy:74)
	at com.kms.katalon.core.webui.keyword.WebUiBuiltInKeywords.getText(WebUiBuiltInKeywords.groovy:957)
	at Script1710234207206.Autorization(Script1710234207206.groovy:721)
	at Script1710234207206.PreSettings(Script1710234207206.groovy:573)
	at Script1710234207206.Blocks(Script1710234207206.groovy:247)
	at Script1710234207206.ViruchkaChange(Script1710234207206.groovy:60)
	at Script1710234207206.run(Script1710234207206.groovy:55)
	... 15 more
)

06-11-2024T05:48:57 - [MESSAGE][INFO] - Unable to find the element located by 'By.xpath: (.//*[normalize-space(text()) and normalize-space(.)='×'])[3]/following::h1[1]'. Please recheck the objects properties to make sure the desired element is located. 

06-11-2024T05:48:57 - [MESSAGE][FAILED] - Unable to get text of object 'Object Repository/Выручка в рублях/Просьба обратить внимание' (Root cause: com.kms.katalon.core.exception.StepFailedException: Unable to get text of object 'Object Repository/Выручка в рублях/Просьба обратить внимание'
	at com.kms.katalon.core.webui.keyword.internal.WebUIKeywordMain.stepFailed(WebUIKeywordMain.groovy:64)
	at com.kms.katalon.core.webui.keyword.internal.WebUIKeywordMain.runKeyword(WebUIKeywordMain.groovy:26)
	at com.kms.katalon.core.webui.keyword.builtin.GetTextKeyword.getText(GetTextKeyword.groovy:88)
	at com.kms.katalon.core.webui.keyword.builtin.GetTextKeyword.execute(GetTextKeyword.groovy:67)
	at com.kms.katalon.core.keyword.internal.KeywordExecutor.executeKeywordForPlatform(KeywordExecutor.groovy:74)
	at com.kms.katalon.core.webui.keyword.WebUiBuiltInKeywords.getText(WebUiBuiltInKeywords.groovy:957)
	at Выручка в рублях сверка дашбордов ПАО Россети.Autorization(Выручка в рублях сверка дашбордов ПАО Россети:721)
	at Выручка в рублях сверка дашбордов ПАО Россети.PreSettings(Выручка в рублях сверка дашбордов ПАО Россети:573)
	at Выручка в рублях сверка дашбордов ПАО Россети.Blocks(Выручка в рублях сверка дашбордов ПАО Россети:247)
	at Выручка в рублях сверка дашбордов ПАО Россети.ViruchkaChange(Выручка в рублях сверка дашбордов ПАО Россети:60)
	at Выручка в рублях сверка дашбордов ПАО Россети.run(Выручка в рублях сверка дашбордов ПАО Россети:55)
	at com.kms.katalon.core.main.ScriptEngine.run(ScriptEngine.java:194)
	at com.kms.katalon.core.main.ScriptEngine.runScriptAsRawText(ScriptEngine.java:119)
	at com.kms.katalon.core.main.TestCaseExecutor.runScript(TestCaseExecutor.java:448)
	at com.kms.katalon.core.main.TestCaseExecutor.doExecute(TestCaseExecutor.java:439)
	at com.kms.katalon.core.main.TestCaseExecutor.processExecutionPhase(TestCaseExecutor.java:418)
	at com.kms.katalon.core.main.TestCaseExecutor.accessMainPhase(TestCaseExecutor.java:410)
	at com.kms.katalon.core.main.TestCaseExecutor.execute(TestCaseExecutor.java:285)
	at com.kms.katalon.core.common.CommonExecutor.accessTestCaseMainPhase(CommonExecutor.java:65)
	at com.kms.katalon.core.main.TestSuiteExecutor.accessTestSuiteMainPhase(TestSuiteExecutor.java:150)
	at com.kms.katalon.core.main.TestSuiteExecutor.execute(TestSuiteExecutor.java:106)
	at com.kms.katalon.core.main.TestCaseMain.startTestSuite(TestCaseMain.java:180)
	at TempTestSuite1730857927993.run(TempTestSuite1730857927993.groovy:35)
	at java.base/jdk.internal.reflect.NativeMethodAccessorImpl.invoke0(Native Method)
	at java.base/jdk.internal.reflect.NativeMethodAccessorImpl.invoke(NativeMethodAccessorImpl.java:77)
	at java.base/jdk.internal.reflect.DelegatingMethodAccessorImpl.invoke(DelegatingMethodAccessorImpl.java:43)
Caused by: com.kms.katalon.core.webui.exception.WebElementNotFoundException: Web element with id: 'Object Repository/Выручка в рублях/Просьба обратить внимание' located by '(.//*[normalize-space(text()) and normalize-space(.)='×'])[3]/following::h1[1]' not found
	at com.kms.katalon.core.webui.common.WebUiCommonHelper.findWebElement(WebUiCommonHelper.java:1426)
	at com.kms.katalon.core.webui.keyword.internal.WebUIAbstractKeyword.findWebElement(WebUIAbstractKeyword.groovy:27)
	at com.kms.katalon.core.webui.keyword.internal.WebUIAbstractKeyword.findWebElement(WebUIAbstractKeyword.groovy:26)
	at com.kms.katalon.core.webui.keyword.builtin.GetTextKeyword$_getText_closure1.doCall(GetTextKeyword.groovy:78)
	at com.kms.katalon.core.webui.keyword.builtin.GetTextKeyword$_getText_closure1.call(GetTextKeyword.groovy)
	at com.kms.katalon.core.webui.keyword.internal.WebUIKeywordMain.runKeyword(WebUIKeywordMain.groovy:20)
	at com.kms.katalon.core.webui.keyword.builtin.GetTextKeyword.getText(GetTextKeyword.groovy:88)
	at com.kms.katalon.core.webui.keyword.builtin.GetTextKeyword.execute(GetTextKeyword.groovy:67)
	at com.kms.katalon.core.keyword.internal.KeywordExecutor.executeKeywordForPlatform(KeywordExecutor.groovy:74)
	at com.kms.katalon.core.webui.keyword.WebUiBuiltInKeywords.getText(WebUiBuiltInKeywords.groovy:957)
	at Script1710234207206.Autorization(Script1710234207206.groovy:721)
	at Script1710234207206.PreSettings(Script1710234207206.groovy:573)
	at Script1710234207206.Blocks(Script1710234207206.groovy:247)
	at Script1710234207206.ViruchkaChange(Script1710234207206.groovy:60)
	at Script1710234207206.run(Script1710234207206.groovy:55)
	... 15 more
)
[[ATTACHMENT|C:\\Users\\LIAZGINA-DI\\git\\SPORU\\Reports\\20241106_045207\\\u041F\u043D-\u0421\u0440-\u041F\u0442\\\u0421\u0432\u0435\u0440\u043A\u0430 \u0434\u0430\u0448\u0431\u043E\u0440\u0434\u043E\u0432 \u0438\u0437 \u0440\u0430\u0437\u043D\u044B\u0445 \u0431\u043B\u043E\u043A\u043E\u0432\\20241106_045207\\1730861337478.png]]

06-11-2024T05:48:57 - [TEST_STEP][PASSED] - if (opoveshenie == "Просьба обратить внимание"): null

06-11-2024T05:48:57 - [TEST_STEP][PASSED] - click(findTestObject("Выручка в рублях/Фильтр Период" + nameOfBlock)): Object: 'Object Repository/Выручка в рублях/Фильтр Период Выручка' is clicked on

06-11-2024T05:49:27 - [MESSAGE][PASSED] - Object: 'Object Repository/Выручка в рублях/Фильтр Период Выручка' is clicked on

06-11-2024T05:49:27 - [TEST_STEP][PASSED] - click(findTestObject("Выручка в рублях/Снять выделение в фильтре Дата" + nameOfBlock)): Object: 'Object Repository/Выручка в рублях/Снять выделение в фильтре Дата Выручка' is clicked on

06-11-2024T05:49:57 - [MESSAGE][PASSED] - Object: 'Object Repository/Выручка в рублях/Снять выделение в фильтре Дата Выручка' is clicked on

06-11-2024T05:49:57 - [TEST_STEP][PASSED] - click(findTestObject("Выручка в рублях/Применить в фильтре Дата" + nameOfBlock)): Object: 'Object Repository/Выручка в рублях/Применить в фильтре Дата Выручка' is clicked on

06-11-2024T05:50:28 - [MESSAGE][PASSED] - Object: 'Object Repository/Выручка в рублях/Применить в фильтре Дата Выручка' is clicked on

06-11-2024T05:50:28 - [TEST_STEP][PASSED] - delay(50): Delayed 50 second(s)

06-11-2024T05:51:18 - [MESSAGE][PASSED] - Delayed 50 second(s)

06-11-2024T05:51:18 - [TEST_STEP][PASSED] - click(findTestObject("Выручка в рублях/Фильтр Период" + nameOfBlock)): Object: 'Object Repository/Выручка в рублях/Фильтр Период Выручка' is clicked on

06-11-2024T05:51:48 - [MESSAGE][PASSED] - Object: 'Object Repository/Выручка в рублях/Фильтр Период Выручка' is clicked on

06-11-2024T05:51:48 - [TEST_STEP][PASSED] - click(findTestObject("Выручка в рублях/Снять выделение в фильтре Дата" + nameOfBlock)): Object: 'Object Repository/Выручка в рублях/Снять выделение в фильтре Дата Выручка' is clicked on

06-11-2024T05:52:18 - [MESSAGE][PASSED] - Object: 'Object Repository/Выручка в рублях/Снять выделение в фильтре Дата Выручка' is clicked on

06-11-2024T05:52:18 - [TEST_STEP][PASSED] - scrollToElement(findTestObject("Выручка в рублях/2024 список" + nameOfBlock), 30): Scroll to object 'Object Repository/Выручка в рублях/2024 список Выручка' successfully

06-11-2024T05:52:48 - [MESSAGE][PASSED] - Scroll to object 'Object Repository/Выручка в рублях/2024 список Выручка' successfully

06-11-2024T05:52:48 - [TEST_STEP][PASSED] - click(findTestObject("Выручка в рублях/2024 список" + nameOfBlock)): Object: 'Object Repository/Выручка в рублях/2024 список Выручка' is clicked on

06-11-2024T05:53:18 - [MESSAGE][PASSED] - Object: 'Object Repository/Выручка в рублях/2024 список Выручка' is clicked on

06-11-2024T05:53:18 - [TEST_STEP][PASSED] - scrollToElement(findTestObject("Выручка в рублях/1 квартал 2024 выбрать" + nameOfBlock), 30): Scroll to object 'Object Repository/Выручка в рублях/1 квартал 2024 выбрать Выручка' successfully

06-11-2024T05:53:48 - [MESSAGE][PASSED] - Scroll to object 'Object Repository/Выручка в рублях/1 квартал 2024 выбрать Выручка' successfully

06-11-2024T05:53:48 - [TEST_STEP][PASSED] - click(findTestObject("Выручка в рублях/1 квартал 2024 выбрать" + nameOfBlock)): Object: 'Object Repository/Выручка в рублях/1 квартал 2024 выбрать Выручка' is clicked on

06-11-2024T05:54:18 - [MESSAGE][PASSED] - Object: 'Object Repository/Выручка в рублях/1 квартал 2024 выбрать Выручка' is clicked on

06-11-2024T05:54:18 - [TEST_STEP][PASSED] - scrollToElement(findTestObject("Выручка в рублях/2 квартал 2024 выбрать" + nameOfBlock), 30): Scroll to object 'Object Repository/Выручка в рублях/2 квартал 2024 выбрать Выручка' successfully

06-11-2024T05:54:48 - [MESSAGE][PASSED] - Scroll to object 'Object Repository/Выручка в рублях/2 квартал 2024 выбрать Выручка' successfully

06-11-2024T05:54:48 - [TEST_STEP][PASSED] - click(findTestObject("Выручка в рублях/2 квартал 2024 выбрать" + nameOfBlock)): Object: 'Object Repository/Выручка в рублях/2 квартал 2024 выбрать Выручка' is clicked on

06-11-2024T05:55:18 - [MESSAGE][PASSED] - Object: 'Object Repository/Выручка в рублях/2 квартал 2024 выбрать Выручка' is clicked on

06-11-2024T05:55:18 - [TEST_STEP][PASSED] - scrollToElement(findTestObject("Выручка в рублях/3 квартал 2024 список" + nameOfBlock), 30): Scroll to object 'Object Repository/Выручка в рублях/3 квартал 2024 список Выручка' successfully

06-11-2024T05:55:49 - [MESSAGE][PASSED] - Scroll to object 'Object Repository/Выручка в рублях/3 квартал 2024 список Выручка' successfully

06-11-2024T05:55:49 - [TEST_STEP][PASSED] - click(findTestObject("Выручка в рублях/3 квартал 2024" + nameOfBlock)): Object: 'Object Repository/Выручка в рублях/3 квартал 2024 Выручка' is clicked on

06-11-2024T05:56:19 - [MESSAGE][PASSED] - Object: 'Object Repository/Выручка в рублях/3 квартал 2024 Выручка' is clicked on

06-11-2024T05:56:19 - [TEST_STEP][PASSED] - scrollToElement(findTestObject("Выручка в рублях/Заголовок дашборда" + nameOfBlock), 30): Scroll to object 'Object Repository/Выручка в рублях/Заголовок дашборда Выручка' successfully

06-11-2024T05:56:49 - [MESSAGE][PASSED] - Scroll to object 'Object Repository/Выручка в рублях/Заголовок дашборда Выручка' successfully

06-11-2024T05:56:49 - [TEST_STEP][PASSED] - click(findTestObject("Выручка в рублях/Применить в фильтре Дата" + nameOfBlock)): Object: 'Object Repository/Выручка в рублях/Применить в фильтре Дата Выручка' is clicked on

06-11-2024T05:57:19 - [MESSAGE][PASSED] - Object: 'Object Repository/Выручка в рублях/Применить в фильтре Дата Выручка' is clicked on

06-11-2024T05:57:19 - [TEST_STEP][PASSED] - delay(55): Delayed 55 second(s)

06-11-2024T05:58:14 - [MESSAGE][PASSED] - Delayed 55 second(s)

06-11-2024T05:58:14 - [TEST_STEP][PASSED] - click(findTestObject("Выручка в рублях/Фильтр ДЗО" + nameOfBlock)): Object: 'Object Repository/Выручка в рублях/Фильтр ДЗО Выручка' is clicked on

06-11-2024T05:58:44 - [MESSAGE][PASSED] - Object: 'Object Repository/Выручка в рублях/Фильтр ДЗО Выручка' is clicked on

06-11-2024T05:58:44 - [TEST_STEP][PASSED] - click(findTestObject("Выручка в рублях/Снять выделение в фильтре ДЗО" + nameOfBlock)): Object: 'Object Repository/Выручка в рублях/Снять выделение в фильтре ДЗО Выручка' is clicked on

06-11-2024T05:59:14 - [MESSAGE][PASSED] - Object: 'Object Repository/Выручка в рублях/Снять выделение в фильтре ДЗО Выручка' is clicked on

06-11-2024T05:59:14 - [TEST_STEP][PASSED] - click(findTestObject("Выручка в рублях/Применить в фильтре ДЗО" + nameOfBlock)): Object: 'Object Repository/Выручка в рублях/Применить в фильтре ДЗО Выручка' is clicked on

06-11-2024T05:59:45 - [MESSAGE][PASSED] - Object: 'Object Repository/Выручка в рублях/Применить в фильтре ДЗО Выручка' is clicked on

06-11-2024T05:59:45 - [TEST_STEP][PASSED] - delay(50): Delayed 50 second(s)

06-11-2024T06:00:35 - [MESSAGE][PASSED] - Delayed 50 second(s)

06-11-2024T06:00:35 - [TEST_STEP][PASSED] - Script1710234207206.Tumbler(run, vir, block, nameOfBlock): null

06-11-2024T06:00:35 - [TEST_STEP][PASSED] - println("run:" + run): null

06-11-2024T06:00:35 - [TEST_STEP][PASSED] - println("vir:" + vir): null

06-11-2024T06:00:35 - [TEST_STEP][PASSED] - println("block:" + block): null

06-11-2024T06:00:35 - [TEST_STEP][PASSED] - println("nameOfBlock:" + nameOfBlock): null

06-11-2024T06:00:35 - [TEST_STEP][FAILED] - if (vir == 1): Unable to click on object 'Object Repository/Выручка в рублях/Переключить отображение с млн на проценты Выручка в рублях Выручка' (Root cause: com.kms.katalon.core.exception.StepFailedException: Unable to click on object 'Object Repository/Выручка в рублях/Переключить отображение с млн на проценты Выручка в рублях Выручка'
	at com.kms.katalon.core.webui.keyword.internal.WebUIKeywordMain.stepFailed(WebUIKeywordMain.groovy:64)
	at com.kms.katalon.core.webui.keyword.internal.WebUIKeywordMain.runKeyword(WebUIKeywordMain.groovy:26)
	at com.kms.katalon.core.webui.keyword.builtin.ClickKeyword.click(ClickKeyword.groovy:74)
	at com.kms.katalon.core.webui.keyword.builtin.ClickKeyword.execute(ClickKeyword.groovy:40)
	at com.kms.katalon.core.keyword.internal.KeywordExecutor.executeKeywordForPlatform(KeywordExecutor.groovy:74)
	at com.kms.katalon.core.webui.keyword.WebUiBuiltInKeywords.click(WebUiBuiltInKeywords.groovy:659)
	at Выручка в рублях сверка дашбордов ПАО Россети.Tumbler(Выручка в рублях сверка дашбордов ПАО Россети:742)
	at Выручка в рублях сверка дашбордов ПАО Россети.PreSettings(Выручка в рублях сверка дашбордов ПАО Россети:627)
	at Выручка в рублях сверка дашбордов ПАО Россети.Blocks(Выручка в рублях сверка дашбордов ПАО Россети:247)
	at Выручка в рублях сверка дашбордов ПАО Россети.ViruchkaChange(Выручка в рублях сверка дашбордов ПАО Россети:60)
	at Выручка в рублях сверка дашбордов ПАО Россети.run(Выручка в рублях сверка дашбордов ПАО Россети:55)
	at com.kms.katalon.core.main.ScriptEngine.run(ScriptEngine.java:194)
	at com.kms.katalon.core.main.ScriptEngine.runScriptAsRawText(ScriptEngine.java:119)
	at com.kms.katalon.core.main.TestCaseExecutor.runScript(TestCaseExecutor.java:448)
	at com.kms.katalon.core.main.TestCaseExecutor.doExecute(TestCaseExecutor.java:439)
	at com.kms.katalon.core.main.TestCaseExecutor.processExecutionPhase(TestCaseExecutor.java:418)
	at com.kms.katalon.core.main.TestCaseExecutor.accessMainPhase(TestCaseExecutor.java:410)
	at com.kms.katalon.core.main.TestCaseExecutor.execute(TestCaseExecutor.java:285)
	at com.kms.katalon.core.common.CommonExecutor.accessTestCaseMainPhase(CommonExecutor.java:65)
	at com.kms.katalon.core.main.TestSuiteExecutor.accessTestSuiteMainPhase(TestSuiteExecutor.java:150)
	at com.kms.katalon.core.main.TestSuiteExecutor.execute(TestSuiteExecutor.java:106)
	at com.kms.katalon.core.main.TestCaseMain.startTestSuite(TestCaseMain.java:180)
	at TempTestSuite1730857927993.run(TempTestSuite1730857927993.groovy:35)
	at java.base/jdk.internal.reflect.NativeMethodAccessorImpl.invoke0(Native Method)
	at java.base/jdk.internal.reflect.NativeMethodAccessorImpl.invoke(NativeMethodAccessorImpl.java:77)
	at java.base/jdk.internal.reflect.DelegatingMethodAccessorImpl.invoke(DelegatingMethodAccessorImpl.java:43)
Caused by: com.kms.katalon.core.webui.exception.WebElementNotFoundException: Web element with id: 'Object Repository/Выручка в рублях/Переключить отображение с млн на проценты Выручка в рублях Выручка' located by '//div[35]/div[2]/div/div' not found
	at com.kms.katalon.core.webui.common.WebUiCommonHelper.findWebElement(WebUiCommonHelper.java:1426)
	at com.kms.katalon.core.webui.keyword.internal.WebUIAbstractKeyword.findWebElement(WebUIAbstractKeyword.groovy:27)
	at com.kms.katalon.core.webui.keyword.builtin.ClickKeyword$_click_closure1.doCall(ClickKeyword.groovy:65)
	at com.kms.katalon.core.webui.keyword.builtin.ClickKeyword$_click_closure1.call(ClickKeyword.groovy)
	at com.kms.katalon.core.webui.keyword.internal.WebUIKeywordMain.runKeyword(WebUIKeywordMain.groovy:20)
	at com.kms.katalon.core.webui.keyword.builtin.ClickKeyword.click(ClickKeyword.groovy:74)
	at com.kms.katalon.core.webui.keyword.builtin.ClickKeyword.execute(ClickKeyword.groovy:40)
	at com.kms.katalon.core.keyword.internal.KeywordExecutor.executeKeywordForPlatform(KeywordExecutor.groovy:74)
	at com.kms.katalon.core.webui.keyword.WebUiBuiltInKeywords.click(WebUiBuiltInKeywords.groovy:659)
	at Script1710234207206.Tumbler(Script1710234207206.groovy:742)
	at Script1710234207206.PreSettings(Script1710234207206.groovy:627)
	at Script1710234207206.Blocks(Script1710234207206.groovy:247)
	at Script1710234207206.ViruchkaChange(Script1710234207206.groovy:60)
	at Script1710234207206.run(Script1710234207206.groovy:55)
	... 15 more
)

06-11-2024T06:00:35 - [TEST_STEP][FAILED] - if (run == 2): Unable to click on object 'Object Repository/Выручка в рублях/Переключить отображение с млн на проценты Выручка в рублях Выручка' (Root cause: com.kms.katalon.core.exception.StepFailedException: Unable to click on object 'Object Repository/Выручка в рублях/Переключить отображение с млн на проценты Выручка в рублях Выручка'
	at com.kms.katalon.core.webui.keyword.internal.WebUIKeywordMain.stepFailed(WebUIKeywordMain.groovy:64)
	at com.kms.katalon.core.webui.keyword.internal.WebUIKeywordMain.runKeyword(WebUIKeywordMain.groovy:26)
	at com.kms.katalon.core.webui.keyword.builtin.ClickKeyword.click(ClickKeyword.groovy:74)
	at com.kms.katalon.core.webui.keyword.builtin.ClickKeyword.execute(ClickKeyword.groovy:40)
	at com.kms.katalon.core.keyword.internal.KeywordExecutor.executeKeywordForPlatform(KeywordExecutor.groovy:74)
	at com.kms.katalon.core.webui.keyword.WebUiBuiltInKeywords.click(WebUiBuiltInKeywords.groovy:659)
	at Выручка в рублях сверка дашбордов ПАО Россети.Tumbler(Выручка в рублях сверка дашбордов ПАО Россети:742)
	at Выручка в рублях сверка дашбордов ПАО Россети.PreSettings(Выручка в рублях сверка дашбордов ПАО Россети:627)
	at Выручка в рублях сверка дашбордов ПАО Россети.Blocks(Выручка в рублях сверка дашбордов ПАО Россети:247)
	at Выручка в рублях сверка дашбордов ПАО Россети.ViruchkaChange(Выручка в рублях сверка дашбордов ПАО Россети:60)
	at Выручка в рублях сверка дашбордов ПАО Россети.run(Выручка в рублях сверка дашбордов ПАО Россети:55)
	at com.kms.katalon.core.main.ScriptEngine.run(ScriptEngine.java:194)
	at com.kms.katalon.core.main.ScriptEngine.runScriptAsRawText(ScriptEngine.java:119)
	at com.kms.katalon.core.main.TestCaseExecutor.runScript(TestCaseExecutor.java:448)
	at com.kms.katalon.core.main.TestCaseExecutor.doExecute(TestCaseExecutor.java:439)
	at com.kms.katalon.core.main.TestCaseExecutor.processExecutionPhase(TestCaseExecutor.java:418)
	at com.kms.katalon.core.main.TestCaseExecutor.accessMainPhase(TestCaseExecutor.java:410)
	at com.kms.katalon.core.main.TestCaseExecutor.execute(TestCaseExecutor.java:285)
	at com.kms.katalon.core.common.CommonExecutor.accessTestCaseMainPhase(CommonExecutor.java:65)
	at com.kms.katalon.core.main.TestSuiteExecutor.accessTestSuiteMainPhase(TestSuiteExecutor.java:150)
	at com.kms.katalon.core.main.TestSuiteExecutor.execute(TestSuiteExecutor.java:106)
	at com.kms.katalon.core.main.TestCaseMain.startTestSuite(TestCaseMain.java:180)
	at TempTestSuite1730857927993.run(TempTestSuite1730857927993.groovy:35)
	at java.base/jdk.internal.reflect.NativeMethodAccessorImpl.invoke0(Native Method)
	at java.base/jdk.internal.reflect.NativeMethodAccessorImpl.invoke(NativeMethodAccessorImpl.java:77)
	at java.base/jdk.internal.reflect.DelegatingMethodAccessorImpl.invoke(DelegatingMethodAccessorImpl.java:43)
Caused by: com.kms.katalon.core.webui.exception.WebElementNotFoundException: Web element with id: 'Object Repository/Выручка в рублях/Переключить отображение с млн на проценты Выручка в рублях Выручка' located by '//div[35]/div[2]/div/div' not found
	at com.kms.katalon.core.webui.common.WebUiCommonHelper.findWebElement(WebUiCommonHelper.java:1426)
	at com.kms.katalon.core.webui.keyword.internal.WebUIAbstractKeyword.findWebElement(WebUIAbstractKeyword.groovy:27)
	at com.kms.katalon.core.webui.keyword.builtin.ClickKeyword$_click_closure1.doCall(ClickKeyword.groovy:65)
	at com.kms.katalon.core.webui.keyword.builtin.ClickKeyword$_click_closure1.call(ClickKeyword.groovy)
	at com.kms.katalon.core.webui.keyword.internal.WebUIKeywordMain.runKeyword(WebUIKeywordMain.groovy:20)
	at com.kms.katalon.core.webui.keyword.builtin.ClickKeyword.click(ClickKeyword.groovy:74)
	at com.kms.katalon.core.webui.keyword.builtin.ClickKeyword.execute(ClickKeyword.groovy:40)
	at com.kms.katalon.core.keyword.internal.KeywordExecutor.executeKeywordForPlatform(KeywordExecutor.groovy:74)
	at com.kms.katalon.core.webui.keyword.WebUiBuiltInKeywords.click(WebUiBuiltInKeywords.groovy:659)
	at Script1710234207206.Tumbler(Script1710234207206.groovy:742)
	at Script1710234207206.PreSettings(Script1710234207206.groovy:627)
	at Script1710234207206.Blocks(Script1710234207206.groovy:247)
	at Script1710234207206.ViruchkaChange(Script1710234207206.groovy:60)
	at Script1710234207206.run(Script1710234207206.groovy:55)
	... 15 more
)

06-11-2024T06:00:35 - [TEST_STEP][FAILED] - click(findTestObject("Выручка в рублях/Переключить отображение с млн на проценты Выручка в рублях" + nameOfBlock)): Unable to click on object 'Object Repository/Выручка в рублях/Переключить отображение с млн на проценты Выручка в рублях Выручка' (Root cause: com.kms.katalon.core.exception.StepFailedException: Unable to click on object 'Object Repository/Выручка в рублях/Переключить отображение с млн на проценты Выручка в рублях Выручка'
	at com.kms.katalon.core.webui.keyword.internal.WebUIKeywordMain.stepFailed(WebUIKeywordMain.groovy:64)
	at com.kms.katalon.core.webui.keyword.internal.WebUIKeywordMain.runKeyword(WebUIKeywordMain.groovy:26)
	at com.kms.katalon.core.webui.keyword.builtin.ClickKeyword.click(ClickKeyword.groovy:74)
	at com.kms.katalon.core.webui.keyword.builtin.ClickKeyword.execute(ClickKeyword.groovy:40)
	at com.kms.katalon.core.keyword.internal.KeywordExecutor.executeKeywordForPlatform(KeywordExecutor.groovy:74)
	at com.kms.katalon.core.webui.keyword.WebUiBuiltInKeywords.click(WebUiBuiltInKeywords.groovy:659)
	at Выручка в рублях сверка дашбордов ПАО Россети.Tumbler(Выручка в рублях сверка дашбордов ПАО Россети:742)
	at Выручка в рублях сверка дашбордов ПАО Россети.PreSettings(Выручка в рублях сверка дашбордов ПАО Россети:627)
	at Выручка в рублях сверка дашбордов ПАО Россети.Blocks(Выручка в рублях сверка дашбордов ПАО Россети:247)
	at Выручка в рублях сверка дашбордов ПАО Россети.ViruchkaChange(Выручка в рублях сверка дашбордов ПАО Россети:60)
	at Выручка в рублях сверка дашбордов ПАО Россети.run(Выручка в рублях сверка дашбордов ПАО Россети:55)
	at com.kms.katalon.core.main.ScriptEngine.run(ScriptEngine.java:194)
	at com.kms.katalon.core.main.ScriptEngine.runScriptAsRawText(ScriptEngine.java:119)
	at com.kms.katalon.core.main.TestCaseExecutor.runScript(TestCaseExecutor.java:448)
	at com.kms.katalon.core.main.TestCaseExecutor.doExecute(TestCaseExecutor.java:439)
	at com.kms.katalon.core.main.TestCaseExecutor.processExecutionPhase(TestCaseExecutor.java:418)
	at com.kms.katalon.core.main.TestCaseExecutor.accessMainPhase(TestCaseExecutor.java:410)
	at com.kms.katalon.core.main.TestCaseExecutor.execute(TestCaseExecutor.java:285)
	at com.kms.katalon.core.common.CommonExecutor.accessTestCaseMainPhase(CommonExecutor.java:65)
	at com.kms.katalon.core.main.TestSuiteExecutor.accessTestSuiteMainPhase(TestSuiteExecutor.java:150)
	at com.kms.katalon.core.main.TestSuiteExecutor.execute(TestSuiteExecutor.java:106)
	at com.kms.katalon.core.main.TestCaseMain.startTestSuite(TestCaseMain.java:180)
	at TempTestSuite1730857927993.run(TempTestSuite1730857927993.groovy:35)
	at java.base/jdk.internal.reflect.NativeMethodAccessorImpl.invoke0(Native Method)
	at java.base/jdk.internal.reflect.NativeMethodAccessorImpl.invoke(NativeMethodAccessorImpl.java:77)
	at java.base/jdk.internal.reflect.DelegatingMethodAccessorImpl.invoke(DelegatingMethodAccessorImpl.java:43)
Caused by: com.kms.katalon.core.webui.exception.WebElementNotFoundException: Web element with id: 'Object Repository/Выручка в рублях/Переключить отображение с млн на проценты Выручка в рублях Выручка' located by '//div[35]/div[2]/div/div' not found
	at com.kms.katalon.core.webui.common.WebUiCommonHelper.findWebElement(WebUiCommonHelper.java:1426)
	at com.kms.katalon.core.webui.keyword.internal.WebUIAbstractKeyword.findWebElement(WebUIAbstractKeyword.groovy:27)
	at com.kms.katalon.core.webui.keyword.builtin.ClickKeyword$_click_closure1.doCall(ClickKeyword.groovy:65)
	at com.kms.katalon.core.webui.keyword.builtin.ClickKeyword$_click_closure1.call(ClickKeyword.groovy)
	at com.kms.katalon.core.webui.keyword.internal.WebUIKeywordMain.runKeyword(WebUIKeywordMain.groovy:20)
	at com.kms.katalon.core.webui.keyword.builtin.ClickKeyword.click(ClickKeyword.groovy:74)
	at com.kms.katalon.core.webui.keyword.builtin.ClickKeyword.execute(ClickKeyword.groovy:40)
	at com.kms.katalon.core.keyword.internal.KeywordExecutor.executeKeywordForPlatform(KeywordExecutor.groovy:74)
	at com.kms.katalon.core.webui.keyword.WebUiBuiltInKeywords.click(WebUiBuiltInKeywords.groovy:659)
	at Script1710234207206.Tumbler(Script1710234207206.groovy:742)
	at Script1710234207206.PreSettings(Script1710234207206.groovy:627)
	at Script1710234207206.Blocks(Script1710234207206.groovy:247)
	at Script1710234207206.ViruchkaChange(Script1710234207206.groovy:60)
	at Script1710234207206.run(Script1710234207206.groovy:55)
	... 15 more
)

06-11-2024T06:01:35 - [MESSAGE][INFO] - Unable to find the element located by 'By.xpath: //div[35]/div[2]/div/div'. Please recheck the objects properties to make sure the desired element is located. 

06-11-2024T06:01:35 - [MESSAGE][FAILED] - Unable to click on object 'Object Repository/Выручка в рублях/Переключить отображение с млн на проценты Выручка в рублях Выручка' (Root cause: com.kms.katalon.core.exception.StepFailedException: Unable to click on object 'Object Repository/Выручка в рублях/Переключить отображение с млн на проценты Выручка в рублях Выручка'
	at com.kms.katalon.core.webui.keyword.internal.WebUIKeywordMain.stepFailed(WebUIKeywordMain.groovy:64)
	at com.kms.katalon.core.webui.keyword.internal.WebUIKeywordMain.runKeyword(WebUIKeywordMain.groovy:26)
	at com.kms.katalon.core.webui.keyword.builtin.ClickKeyword.click(ClickKeyword.groovy:74)
	at com.kms.katalon.core.webui.keyword.builtin.ClickKeyword.execute(ClickKeyword.groovy:40)
	at com.kms.katalon.core.keyword.internal.KeywordExecutor.executeKeywordForPlatform(KeywordExecutor.groovy:74)
	at com.kms.katalon.core.webui.keyword.WebUiBuiltInKeywords.click(WebUiBuiltInKeywords.groovy:659)
	at Выручка в рублях сверка дашбордов ПАО Россети.Tumbler(Выручка в рублях сверка дашбордов ПАО Россети:742)
	at Выручка в рублях сверка дашбордов ПАО Россети.PreSettings(Выручка в рублях сверка дашбордов ПАО Россети:627)
	at Выручка в рублях сверка дашбордов ПАО Россети.Blocks(Выручка в рублях сверка дашбордов ПАО Россети:247)
	at Выручка в рублях сверка дашбордов ПАО Россети.ViruchkaChange(Выручка в рублях сверка дашбордов ПАО Россети:60)
	at Выручка в рублях сверка дашбордов ПАО Россети.run(Выручка в рублях сверка дашбордов ПАО Россети:55)
	at com.kms.katalon.core.main.ScriptEngine.run(ScriptEngine.java:194)
	at com.kms.katalon.core.main.ScriptEngine.runScriptAsRawText(ScriptEngine.java:119)
	at com.kms.katalon.core.main.TestCaseExecutor.runScript(TestCaseExecutor.java:448)
	at com.kms.katalon.core.main.TestCaseExecutor.doExecute(TestCaseExecutor.java:439)
	at com.kms.katalon.core.main.TestCaseExecutor.processExecutionPhase(TestCaseExecutor.java:418)
	at com.kms.katalon.core.main.TestCaseExecutor.accessMainPhase(TestCaseExecutor.java:410)
	at com.kms.katalon.core.main.TestCaseExecutor.execute(TestCaseExecutor.java:285)
	at com.kms.katalon.core.common.CommonExecutor.accessTestCaseMainPhase(CommonExecutor.java:65)
	at com.kms.katalon.core.main.TestSuiteExecutor.accessTestSuiteMainPhase(TestSuiteExecutor.java:150)
	at com.kms.katalon.core.main.TestSuiteExecutor.execute(TestSuiteExecutor.java:106)
	at com.kms.katalon.core.main.TestCaseMain.startTestSuite(TestCaseMain.java:180)
	at TempTestSuite1730857927993.run(TempTestSuite1730857927993.groovy:35)
	at java.base/jdk.internal.reflect.NativeMethodAccessorImpl.invoke0(Native Method)
	at java.base/jdk.internal.reflect.NativeMethodAccessorImpl.invoke(NativeMethodAccessorImpl.java:77)
	at java.base/jdk.internal.reflect.DelegatingMethodAccessorImpl.invoke(DelegatingMethodAccessorImpl.java:43)
Caused by: com.kms.katalon.core.webui.exception.WebElementNotFoundException: Web element with id: 'Object Repository/Выручка в рублях/Переключить отображение с млн на проценты Выручка в рублях Выручка' located by '//div[35]/div[2]/div/div' not found
	at com.kms.katalon.core.webui.common.WebUiCommonHelper.findWebElement(WebUiCommonHelper.java:1426)
	at com.kms.katalon.core.webui.keyword.internal.WebUIAbstractKeyword.findWebElement(WebUIAbstractKeyword.groovy:27)
	at com.kms.katalon.core.webui.keyword.builtin.ClickKeyword$_click_closure1.doCall(ClickKeyword.groovy:65)
	at com.kms.katalon.core.webui.keyword.builtin.ClickKeyword$_click_closure1.call(ClickKeyword.groovy)
	at com.kms.katalon.core.webui.keyword.internal.WebUIKeywordMain.runKeyword(WebUIKeywordMain.groovy:20)
	at com.kms.katalon.core.webui.keyword.builtin.ClickKeyword.click(ClickKeyword.groovy:74)
	at com.kms.katalon.core.webui.keyword.builtin.ClickKeyword.execute(ClickKeyword.groovy:40)
	at com.kms.katalon.core.keyword.internal.KeywordExecutor.executeKeywordForPlatform(KeywordExecutor.groovy:74)
	at com.kms.katalon.core.webui.keyword.WebUiBuiltInKeywords.click(WebUiBuiltInKeywords.groovy:659)
	at Script1710234207206.Tumbler(Script1710234207206.groovy:742)
	at Script1710234207206.PreSettings(Script1710234207206.groovy:627)
	at Script1710234207206.Blocks(Script1710234207206.groovy:247)
	at Script1710234207206.ViruchkaChange(Script1710234207206.groovy:60)
	at Script1710234207206.run(Script1710234207206.groovy:55)
	... 15 more
)
[[ATTACHMENT|C:\\Users\\LIAZGINA-DI\\git\\SPORU\\Reports\\20241106_045207\\\u041F\u043D-\u0421\u0440-\u041F\u0442\\\u0421\u0432\u0435\u0440\u043A\u0430 \u0434\u0430\u0448\u0431\u043E\u0440\u0434\u043E\u0432 \u0438\u0437 \u0440\u0430\u0437\u043D\u044B\u0445 \u0431\u043B\u043E\u043A\u043E\u0432\\20241106_045207\\1730862095221.png]]

06-11-2024T06:01:35 - [TEST_STEP][PASSED] - click(findTestObject("Выручка в рублях/Фильтр ДЗО" + nameOfBlock)): Object: 'Object Repository/Выручка в рублях/Фильтр ДЗО Выручка' is clicked on

06-11-2024T06:02:05 - [MESSAGE][PASSED] - Object: 'Object Repository/Выручка в рублях/Фильтр ДЗО Выручка' is clicked on

06-11-2024T06:02:05 - [TEST_STEP][PASSED] - Script1710234207206.Rosseti(nameOfBlock): null

06-11-2024T06:02:05 - [TEST_STEP][PASSED] - println("nameOfBlock:" + nameOfBlock): null

06-11-2024T06:02:05 - [TEST_STEP][FAILED] - click(findTestObject("Выручка в рублях/ПАО Россети" + nameOfBlock)): Unable to click on object 'Object Repository/Выручка в рублях/ПАО Россети Выручка' (Root cause: com.kms.katalon.core.exception.StepFailedException: Unable to click on object 'Object Repository/Выручка в рублях/ПАО Россети Выручка'
	at com.kms.katalon.core.webui.keyword.internal.WebUIKeywordMain.stepFailed(WebUIKeywordMain.groovy:64)
	at com.kms.katalon.core.webui.keyword.internal.WebUIKeywordMain.runKeyword(WebUIKeywordMain.groovy:26)
	at com.kms.katalon.core.webui.keyword.builtin.ClickKeyword.click(ClickKeyword.groovy:74)
	at com.kms.katalon.core.webui.keyword.builtin.ClickKeyword.execute(ClickKeyword.groovy:40)
	at com.kms.katalon.core.keyword.internal.KeywordExecutor.executeKeywordForPlatform(KeywordExecutor.groovy:74)
	at com.kms.katalon.core.webui.keyword.WebUiBuiltInKeywords.click(WebUiBuiltInKeywords.groovy:659)
	at Выручка в рублях сверка дашбордов ПАО Россети.Rosseti(Выручка в рублях сверка дашбордов ПАО Россети:542)
	at Выручка в рублях сверка дашбордов ПАО Россети.Blocks(Выручка в рублях сверка дашбордов ПАО Россети:249)
	at Выручка в рублях сверка дашбордов ПАО Россети.ViruchkaChange(Выручка в рублях сверка дашбордов ПАО Россети:60)
	at Выручка в рублях сверка дашбордов ПАО Россети.run(Выручка в рублях сверка дашбордов ПАО Россети:55)
	at com.kms.katalon.core.main.ScriptEngine.run(ScriptEngine.java:194)
	at com.kms.katalon.core.main.ScriptEngine.runScriptAsRawText(ScriptEngine.java:119)
	at com.kms.katalon.core.main.TestCaseExecutor.runScript(TestCaseExecutor.java:448)
	at com.kms.katalon.core.main.TestCaseExecutor.doExecute(TestCaseExecutor.java:439)
	at com.kms.katalon.core.main.TestCaseExecutor.processExecutionPhase(TestCaseExecutor.java:418)
	at com.kms.katalon.core.main.TestCaseExecutor.accessMainPhase(TestCaseExecutor.java:410)
	at com.kms.katalon.core.main.TestCaseExecutor.execute(TestCaseExecutor.java:285)
	at com.kms.katalon.core.common.CommonExecutor.accessTestCaseMainPhase(CommonExecutor.java:65)
	at com.kms.katalon.core.main.TestSuiteExecutor.accessTestSuiteMainPhase(TestSuiteExecutor.java:150)
	at com.kms.katalon.core.main.TestSuiteExecutor.execute(TestSuiteExecutor.java:106)
	at com.kms.katalon.core.main.TestCaseMain.startTestSuite(TestCaseMain.java:180)
	at TempTestSuite1730857927993.run(TempTestSuite1730857927993.groovy:35)
	at java.base/jdk.internal.reflect.NativeMethodAccessorImpl.invoke0(Native Method)
	at java.base/jdk.internal.reflect.NativeMethodAccessorImpl.invoke(NativeMethodAccessorImpl.java:77)
	at java.base/jdk.internal.reflect.DelegatingMethodAccessorImpl.invoke(DelegatingMethodAccessorImpl.java:43)
Caused by: com.kms.katalon.core.webui.exception.WebElementNotFoundException: Web element with id: 'Object Repository/Выручка в рублях/ПАО Россети Выручка' located by '//div[13]/div[2]/div/div/div[2]/div[3]/ul/li/div/i' not found
	at com.kms.katalon.core.webui.common.WebUiCommonHelper.findWebElement(WebUiCommonHelper.java:1426)
	at com.kms.katalon.core.webui.keyword.internal.WebUIAbstractKeyword.findWebElement(WebUIAbstractKeyword.groovy:27)
	at com.kms.katalon.core.webui.keyword.builtin.ClickKeyword$_click_closure1.doCall(ClickKeyword.groovy:65)
	at com.kms.katalon.core.webui.keyword.builtin.ClickKeyword$_click_closure1.call(ClickKeyword.groovy)
	at com.kms.katalon.core.webui.keyword.internal.WebUIKeywordMain.runKeyword(WebUIKeywordMain.groovy:20)
	at com.kms.katalon.core.webui.keyword.builtin.ClickKeyword.click(ClickKeyword.groovy:74)
	at com.kms.katalon.core.webui.keyword.builtin.ClickKeyword.execute(ClickKeyword.groovy:40)
	at com.kms.katalon.core.keyword.internal.KeywordExecutor.executeKeywordForPlatform(KeywordExecutor.groovy:74)
	at com.kms.katalon.core.webui.keyword.WebUiBuiltInKeywords.click(WebUiBuiltInKeywords.groovy:659)
	at Script1710234207206.Rosseti(Script1710234207206.groovy:542)
	at Script1710234207206.Blocks(Script1710234207206.groovy:249)
	at Script1710234207206.ViruchkaChange(Script1710234207206.groovy:60)
	at Script1710234207206.run(Script1710234207206.groovy:55)
	... 15 more
)

06-11-2024T06:03:05 - [MESSAGE][INFO] - Unable to find the element located by 'By.xpath: //div[13]/div[2]/div/div/div[2]/div[3]/ul/li/div/i'. Please recheck the objects properties to make sure the desired element is located. 

06-11-2024T06:03:05 - [MESSAGE][FAILED] - Unable to click on object 'Object Repository/Выручка в рублях/ПАО Россети Выручка' (Root cause: com.kms.katalon.core.exception.StepFailedException: Unable to click on object 'Object Repository/Выручка в рублях/ПАО Россети Выручка'
	at com.kms.katalon.core.webui.keyword.internal.WebUIKeywordMain.stepFailed(WebUIKeywordMain.groovy:64)
	at com.kms.katalon.core.webui.keyword.internal.WebUIKeywordMain.runKeyword(WebUIKeywordMain.groovy:26)
	at com.kms.katalon.core.webui.keyword.builtin.ClickKeyword.click(ClickKeyword.groovy:74)
	at com.kms.katalon.core.webui.keyword.builtin.ClickKeyword.execute(ClickKeyword.groovy:40)
	at com.kms.katalon.core.keyword.internal.KeywordExecutor.executeKeywordForPlatform(KeywordExecutor.groovy:74)
	at com.kms.katalon.core.webui.keyword.WebUiBuiltInKeywords.click(WebUiBuiltInKeywords.groovy:659)
	at Выручка в рублях сверка дашбордов ПАО Россети.Rosseti(Выручка в рублях сверка дашбордов ПАО Россети:542)
	at Выручка в рублях сверка дашбордов ПАО Россети.Blocks(Выручка в рублях сверка дашбордов ПАО Россети:249)
	at Выручка в рублях сверка дашбордов ПАО Россети.ViruchkaChange(Выручка в рублях сверка дашбордов ПАО Россети:60)
	at Выручка в рублях сверка дашбордов ПАО Россети.run(Выручка в рублях сверка дашбордов ПАО Россети:55)
	at com.kms.katalon.core.main.ScriptEngine.run(ScriptEngine.java:194)
	at com.kms.katalon.core.main.ScriptEngine.runScriptAsRawText(ScriptEngine.java:119)
	at com.kms.katalon.core.main.TestCaseExecutor.runScript(TestCaseExecutor.java:448)
	at com.kms.katalon.core.main.TestCaseExecutor.doExecute(TestCaseExecutor.java:439)
	at com.kms.katalon.core.main.TestCaseExecutor.processExecutionPhase(TestCaseExecutor.java:418)
	at com.kms.katalon.core.main.TestCaseExecutor.accessMainPhase(TestCaseExecutor.java:410)
	at com.kms.katalon.core.main.TestCaseExecutor.execute(TestCaseExecutor.java:285)
	at com.kms.katalon.core.common.CommonExecutor.accessTestCaseMainPhase(CommonExecutor.java:65)
	at com.kms.katalon.core.main.TestSuiteExecutor.accessTestSuiteMainPhase(TestSuiteExecutor.java:150)
	at com.kms.katalon.core.main.TestSuiteExecutor.execute(TestSuiteExecutor.java:106)
	at com.kms.katalon.core.main.TestCaseMain.startTestSuite(TestCaseMain.java:180)
	at TempTestSuite1730857927993.run(TempTestSuite1730857927993.groovy:35)
	at java.base/jdk.internal.reflect.NativeMethodAccessorImpl.invoke0(Native Method)
	at java.base/jdk.internal.reflect.NativeMethodAccessorImpl.invoke(NativeMethodAccessorImpl.java:77)
	at java.base/jdk.internal.reflect.DelegatingMethodAccessorImpl.invoke(DelegatingMethodAccessorImpl.java:43)
Caused by: com.kms.katalon.core.webui.exception.WebElementNotFoundException: Web element with id: 'Object Repository/Выручка в рублях/ПАО Россети Выручка' located by '//div[13]/div[2]/div/div/div[2]/div[3]/ul/li/div/i' not found
	at com.kms.katalon.core.webui.common.WebUiCommonHelper.findWebElement(WebUiCommonHelper.java:1426)
	at com.kms.katalon.core.webui.keyword.internal.WebUIAbstractKeyword.findWebElement(WebUIAbstractKeyword.groovy:27)
	at com.kms.katalon.core.webui.keyword.builtin.ClickKeyword$_click_closure1.doCall(ClickKeyword.groovy:65)
	at com.kms.katalon.core.webui.keyword.builtin.ClickKeyword$_click_closure1.call(ClickKeyword.groovy)
	at com.kms.katalon.core.webui.keyword.internal.WebUIKeywordMain.runKeyword(WebUIKeywordMain.groovy:20)
	at com.kms.katalon.core.webui.keyword.builtin.ClickKeyword.click(ClickKeyword.groovy:74)
	at com.kms.katalon.core.webui.keyword.builtin.ClickKeyword.execute(ClickKeyword.groovy:40)
	at com.kms.katalon.core.keyword.internal.KeywordExecutor.executeKeywordForPlatform(KeywordExecutor.groovy:74)
	at com.kms.katalon.core.webui.keyword.WebUiBuiltInKeywords.click(WebUiBuiltInKeywords.groovy:659)
	at Script1710234207206.Rosseti(Script1710234207206.groovy:542)
	at Script1710234207206.Blocks(Script1710234207206.groovy:249)
	at Script1710234207206.ViruchkaChange(Script1710234207206.groovy:60)
	at Script1710234207206.run(Script1710234207206.groovy:55)
	... 15 more
)
[[ATTACHMENT|C:\\Users\\LIAZGINA-DI\\git\\SPORU\\Reports\\20241106_045207\\\u041F\u043D-\u0421\u0440-\u041F\u0442\\\u0421\u0432\u0435\u0440\u043A\u0430 \u0434\u0430\u0448\u0431\u043E\u0440\u0434\u043E\u0432 \u0438\u0437 \u0440\u0430\u0437\u043D\u044B\u0445 \u0431\u043B\u043E\u043A\u043E\u0432\\20241106_045207\\1730862185505.png]]

06-11-2024T06:03:05 - [TEST_STEP][PASSED] - click(findTestObject("Выручка в рублях/Применить в фильтре ДЗО" + nameOfBlock)): Object: 'Object Repository/Выручка в рублях/Применить в фильтре ДЗО Выручка' is clicked on

06-11-2024T06:03:35 - [MESSAGE][PASSED] - Object: 'Object Repository/Выручка в рублях/Применить в фильтре ДЗО Выручка' is clicked on

06-11-2024T06:03:35 - [TEST_STEP][PASSED] - if (vir == 1 || vir == 2): Text of object 'Object Repository/Выручка в рублях/График План Выручка' is: '1 056 816'

06-11-2024T06:03:35 - [TEST_STEP][PASSED] - b1 = getText(findTestObject("Выручка в рублях/График План Выручка")): Text of object 'Object Repository/Выручка в рублях/График План Выручка' is: '1 056 816'

06-11-2024T06:04:05 - [MESSAGE][PASSED] - Text of object 'Object Repository/Выручка в рублях/График План Выручка' is: '1 056 816'

06-11-2024T06:04:05 - [TEST_STEP][PASSED] - if (vir == 1 || vir == 2): Text of object 'Object Repository/Выручка в рублях/График Факт Выручка' is: '1 056 549'

06-11-2024T06:04:05 - [TEST_STEP][PASSED] - b2 = getText(findTestObject("Выручка в рублях/График Факт Выручка")): Text of object 'Object Repository/Выручка в рублях/График Факт Выручка' is: '1 056 549'

06-11-2024T06:04:35 - [MESSAGE][PASSED] - Text of object 'Object Repository/Выручка в рублях/График Факт Выручка' is: '1 056 549'

06-11-2024T06:04:35 - [TEST_STEP][PASSED] - b30 = getText(findTestObject("Выручка в рублях/span1" + perc)): Text of object 'Object Repository/Выручка в рублях/span1 Perc' is: ''

06-11-2024T06:05:06 - [MESSAGE][PASSED] - Text of object 'Object Repository/Выручка в рублях/span1 Perc' is: ''

06-11-2024T06:05:06 - [TEST_STEP][PASSED] - i = b30.indexOf("млн.руб."): null

06-11-2024T06:05:06 - [TEST_STEP][PASSED] - if (i > -1): null

06-11-2024T06:05:06 - [TEST_STEP][PASSED] - if (b30.contains("%")): null

06-11-2024T06:05:06 - [TEST_STEP][PASSED] - b30 = ").trim(): null

06-11-2024T06:05:06 - [TEST_STEP][PASSED] - println("b30: " + b30): null

06-11-2024T06:05:06 - [TEST_STEP][PASSED] - if (vir == 1 || vir == 2): Text of object 'Object Repository/Выручка в рублях/span2 Perc' is: ''

06-11-2024T06:05:06 - [TEST_STEP][PASSED] - b31 = ").trim(): Text of object 'Object Repository/Выручка в рублях/span2 Perc' is: ''

06-11-2024T06:05:36 - [MESSAGE][PASSED] - Text of object 'Object Repository/Выручка в рублях/span2 Perc' is: ''

06-11-2024T06:05:36 - [TEST_STEP][PASSED] - if (vir == 1 || vir == 2): Text of object 'Object Repository/Выручка в рублях/span3 Perc' is: ''

06-11-2024T06:05:36 - [TEST_STEP][PASSED] - b32 = ").trim(): Text of object 'Object Repository/Выручка в рублях/span3 Perc' is: ''

06-11-2024T06:06:06 - [MESSAGE][PASSED] - Text of object 'Object Repository/Выручка в рублях/span3 Perc' is: ''

06-11-2024T06:06:06 - [TEST_STEP][PASSED] - if (vir == 1 || vir == 2): Text of object 'Object Repository/Выручка в рублях/span8 Perc' is: ''

06-11-2024T06:06:06 - [TEST_STEP][PASSED] - b33 = ").trim(): Text of object 'Object Repository/Выручка в рублях/span4 Perc' is: ''

06-11-2024T06:06:36 - [MESSAGE][PASSED] - Text of object 'Object Repository/Выручка в рублях/span4 Perc' is: ''

06-11-2024T06:06:36 - [TEST_STEP][PASSED] - b34 = ").trim(): Text of object 'Object Repository/Выручка в рублях/span5 Perc' is: ''

06-11-2024T06:07:06 - [MESSAGE][PASSED] - Text of object 'Object Repository/Выручка в рублях/span5 Perc' is: ''

06-11-2024T06:07:06 - [TEST_STEP][PASSED] - b35 = ").trim(): Text of object 'Object Repository/Выручка в рублях/span6 Perc' is: ''

06-11-2024T06:07:36 - [MESSAGE][PASSED] - Text of object 'Object Repository/Выручка в рублях/span6 Perc' is: ''

06-11-2024T06:07:36 - [TEST_STEP][PASSED] - b36 = ").trim(): Text of object 'Object Repository/Выручка в рублях/span7 Perc' is: ''

06-11-2024T06:08:06 - [MESSAGE][PASSED] - Text of object 'Object Repository/Выручка в рублях/span7 Perc' is: ''

06-11-2024T06:08:06 - [TEST_STEP][PASSED] - b37 = ").trim(): Text of object 'Object Repository/Выручка в рублях/span8 Perc' is: ''

06-11-2024T06:08:36 - [MESSAGE][PASSED] - Text of object 'Object Repository/Выручка в рублях/span8 Perc' is: ''

06-11-2024T06:08:36 - [TEST_STEP][PASSED] - if (vir == 1 || vir == 2): Text of object 'Object Repository/Выручка в рублях/span17 Perc' is: ''

06-11-2024T06:08:36 - [TEST_STEP][PASSED] - b38 = ").trim(): Text of object 'Object Repository/Выручка в рублях/span9 Perc' is: ''

06-11-2024T06:09:06 - [MESSAGE][PASSED] - Text of object 'Object Repository/Выручка в рублях/span9 Perc' is: ''

06-11-2024T06:09:06 - [TEST_STEP][PASSED] - b39 = ").trim(): Text of object 'Object Repository/Выручка в рублях/span10 Perc' is: ''

06-11-2024T06:09:36 - [MESSAGE][PASSED] - Text of object 'Object Repository/Выручка в рублях/span10 Perc' is: ''

06-11-2024T06:09:36 - [TEST_STEP][PASSED] - b310 = ").trim(): Text of object 'Object Repository/Выручка в рублях/span11 Perc' is: ''

06-11-2024T06:10:06 - [MESSAGE][PASSED] - Text of object 'Object Repository/Выручка в рублях/span11 Perc' is: ''

06-11-2024T06:10:06 - [TEST_STEP][PASSED] - b311 = ").trim(): Text of object 'Object Repository/Выручка в рублях/span12 Perc' is: ''

06-11-2024T06:10:36 - [MESSAGE][PASSED] - Text of object 'Object Repository/Выручка в рублях/span12 Perc' is: ''

06-11-2024T06:10:36 - [TEST_STEP][PASSED] - b312 = ").trim(): Text of object 'Object Repository/Выручка в рублях/span13 Perc' is: ''

06-11-2024T06:11:06 - [MESSAGE][PASSED] - Text of object 'Object Repository/Выручка в рублях/span13 Perc' is: ''

06-11-2024T06:11:06 - [TEST_STEP][PASSED] - b313 = ").trim(): Text of object 'Object Repository/Выручка в рублях/span14 Perc' is: ''

06-11-2024T06:11:37 - [MESSAGE][PASSED] - Text of object 'Object Repository/Выручка в рублях/span14 Perc' is: ''

06-11-2024T06:11:37 - [TEST_STEP][PASSED] - b314 = ").trim(): Text of object 'Object Repository/Выручка в рублях/span15 Perc' is: ''

06-11-2024T06:12:07 - [MESSAGE][PASSED] - Text of object 'Object Repository/Выручка в рублях/span15 Perc' is: ''

06-11-2024T06:12:07 - [TEST_STEP][PASSED] - b315 = ").trim(): Text of object 'Object Repository/Выручка в рублях/span16 Perc' is: ''

06-11-2024T06:12:37 - [MESSAGE][PASSED] - Text of object 'Object Repository/Выручка в рублях/span16 Perc' is: ''

06-11-2024T06:12:37 - [TEST_STEP][PASSED] - b316 = ").trim(): Text of object 'Object Repository/Выручка в рублях/span17 Perc' is: ''

06-11-2024T06:13:07 - [MESSAGE][PASSED] - Text of object 'Object Repository/Выручка в рублях/span17 Perc' is: ''

06-11-2024T06:13:07 - [TEST_STEP][PASSED] - if (vir == 1 || vir == 2): Text of object 'Object Repository/Выручка в рублях/span18 Perc' is: ''

06-11-2024T06:13:07 - [TEST_STEP][PASSED] - b317 = ").trim(): Text of object 'Object Repository/Выручка в рублях/span18 Perc' is: ''

06-11-2024T06:13:37 - [MESSAGE][PASSED] - Text of object 'Object Repository/Выручка в рублях/span18 Perc' is: ''

06-11-2024T06:13:37 - [TEST_STEP][PASSED] - dZO = "ПАО Россети": null

06-11-2024T06:13:37 - [TEST_STEP][PASSED] - if (verifyEqual(a1, b1) == false): Actual object '1 056 816' and expected object '1 056 816' are equal

06-11-2024T06:13:37 - [MESSAGE][PASSED] - Actual object '1 056 816' and expected object '1 056 816' are equal

06-11-2024T06:13:37 - [TEST_STEP][PASSED] - if (verifyEqual(a2, b2) == false): Actual object '1 056 549' and expected object '1 056 549' are equal

06-11-2024T06:13:37 - [MESSAGE][PASSED] - Actual object '1 056 549' and expected object '1 056 549' are equal

06-11-2024T06:13:37 - [TEST_STEP][PASSED] - vidget = "Отклонения": null

06-11-2024T06:13:37 - [TEST_STEP][FAILED] - if (verifyEqual(a30, b30) == false): null

06-11-2024T06:13:37 - [MESSAGE][FAILED] - Unable to verify equal between actual object '-25.75' and expected object '' (Root cause: com.kms.katalon.core.exception.StepFailedException: Actual object '-25.75' and expected object '' are not equal
	at com.kms.katalon.core.keyword.builtin.VerifyEqualKeyword$_verifyEqual_closure1.doCall(VerifyEqualKeyword.groovy:58)
	at com.kms.katalon.core.keyword.builtin.VerifyEqualKeyword$_verifyEqual_closure1.call(VerifyEqualKeyword.groovy)
	at com.kms.katalon.core.keyword.internal.KeywordMain.runKeyword(KeywordMain.groovy:75)
	at com.kms.katalon.core.keyword.builtin.VerifyEqualKeyword.verifyEqual(VerifyEqualKeyword.groovy:63)
	at com.kms.katalon.core.keyword.builtin.VerifyEqualKeyword.execute(VerifyEqualKeyword.groovy:44)
	at com.kms.katalon.core.keyword.internal.KeywordExecutor.executeKeywordForPlatform(KeywordExecutor.groovy:74)
	at com.kms.katalon.core.keyword.BuiltinKeywords.verifyEqual(BuiltinKeywords.groovy:146)
	at jdk.internal.reflect.GeneratedMethodAccessor22.invoke(Unknown Source)
	at java.base/jdk.internal.reflect.DelegatingMethodAccessorImpl.invoke(DelegatingMethodAccessorImpl.java:43)
	at Выручка в рублях сверка дашбордов ПАО Россети.Blocks(Выручка в рублях сверка дашбордов ПАО Россети:357)
	at Выручка в рублях сверка дашбордов ПАО Россети.ViruchkaChange(Выручка в рублях сверка дашбордов ПАО Россети:60)
	at Выручка в рублях сверка дашбордов ПАО Россети.run(Выручка в рублях сверка дашбордов ПАО Россети:55)
	at com.kms.katalon.core.main.ScriptEngine.run(ScriptEngine.java:194)
	at com.kms.katalon.core.main.ScriptEngine.runScriptAsRawText(ScriptEngine.java:119)
	at com.kms.katalon.core.main.TestCaseExecutor.runScript(TestCaseExecutor.java:448)
	at com.kms.katalon.core.main.TestCaseExecutor.doExecute(TestCaseExecutor.java:439)
	at com.kms.katalon.core.main.TestCaseExecutor.processExecutionPhase(TestCaseExecutor.java:418)
	at com.kms.katalon.core.main.TestCaseExecutor.accessMainPhase(TestCaseExecutor.java:410)
	at com.kms.katalon.core.main.TestCaseExecutor.execute(TestCaseExecutor.java:285)
	at com.kms.katalon.core.common.CommonExecutor.accessTestCaseMainPhase(CommonExecutor.java:65)
	at com.kms.katalon.core.main.TestSuiteExecutor.accessTestSuiteMainPhase(TestSuiteExecutor.java:150)
	at com.kms.katalon.core.main.TestSuiteExecutor.execute(TestSuiteExecutor.java:106)
	at com.kms.katalon.core.main.TestCaseMain.startTestSuite(TestCaseMain.java:180)
	at TempTestSuite1730857927993.run(TempTestSuite1730857927993.groovy:35)
	at java.base/jdk.internal.reflect.NativeMethodAccessorImpl.invoke0(Native Method)
	at java.base/jdk.internal.reflect.NativeMethodAccessorImpl.invoke(NativeMethodAccessorImpl.java:77)
	at java.base/jdk.internal.reflect.DelegatingMethodAccessorImpl.invoke(DelegatingMethodAccessorImpl.java:43)
)

06-11-2024T06:13:37 - [TEST_STEP][PASSED] - a = replaceAll("\s+", "").toDouble(): null

06-11-2024T06:13:37 - [TEST_STEP][ERROR] - b = replaceAll("\s+", "").toDouble(): Test Cases/Сверки дашбордов/Выручка в рублях сверка дашбордов ПАО Россети FAILED.
Reason:
java.lang.NumberFormatException: empty String
	at java.base/jdk.internal.math.FloatingDecimal.readJavaFormatString(FloatingDecimal.java:1842)
	at java.base/jdk.internal.math.FloatingDecimal.parseDouble(FloatingDecimal.java:110)
	at Выручка в рублях сверка дашбордов ПАО Россети.Blocks(Выручка в рублях сверка дашбордов ПАО Россети:360)
	at Выручка в рублях сверка дашбордов ПАО Россети.ViruchkaChange(Выручка в рублях сверка дашбордов ПАО Россети:60)
	at Выручка в рублях сверка дашбордов ПАО Россети.run(Выручка в рублях сверка дашбордов ПАО Россети:55)
	at com.kms.katalon.core.main.ScriptEngine.run(ScriptEngine.java:194)
	at com.kms.katalon.core.main.ScriptEngine.runScriptAsRawText(ScriptEngine.java:119)
	at com.kms.katalon.core.main.TestCaseExecutor.runScript(TestCaseExecutor.java:448)
	at com.kms.katalon.core.main.TestCaseExecutor.doExecute(TestCaseExecutor.java:439)
	at com.kms.katalon.core.main.TestCaseExecutor.processExecutionPhase(TestCaseExecutor.java:418)
	at com.kms.katalon.core.main.TestCaseExecutor.accessMainPhase(TestCaseExecutor.java:410)
	at com.kms.katalon.core.main.TestCaseExecutor.execute(TestCaseExecutor.java:285)
	at com.kms.katalon.core.common.CommonExecutor.accessTestCaseMainPhase(CommonExecutor.java:65)
	at com.kms.katalon.core.main.TestSuiteExecutor.accessTestSuiteMainPhase(TestSuiteExecutor.java:150)
	at com.kms.katalon.core.main.TestSuiteExecutor.execute(TestSuiteExecutor.java:106)
	at com.kms.katalon.core.main.TestCaseMain.startTestSuite(TestCaseMain.java:180)
	at TempTestSuite1730857927993.run(TempTestSuite1730857927993.groovy:35)
	at java.base/jdk.internal.reflect.NativeMethodAccessorImpl.invoke0(Native Method)
	at java.base/jdk.internal.reflect.NativeMethodAccessorImpl.invoke(NativeMethodAccessorImpl.java:77)
	at java.base/jdk.internal.reflect.DelegatingMethodAccessorImpl.invoke(DelegatingMethodAccessorImpl.java:43)


06-11-2024T06:13:37 - [MESSAGE][ERROR] - Test Cases/Сверки дашбордов/Выручка в рублях сверка дашбордов ПАО Россети FAILED.
Reason:
java.lang.NumberFormatException: empty String
	at java.base/jdk.internal.math.FloatingDecimal.readJavaFormatString(FloatingDecimal.java:1842)
	at java.base/jdk.internal.math.FloatingDecimal.parseDouble(FloatingDecimal.java:110)
	at Выручка в рублях сверка дашбордов ПАО Россети.Blocks(Выручка в рублях сверка дашбордов ПАО Россети:360)
	at Выручка в рублях сверка дашбордов ПАО Россети.ViruchkaChange(Выручка в рублях сверка дашбордов ПАО Россети:60)
	at Выручка в рублях сверка дашбордов ПАО Россети.run(Выручка в рублях сверка дашбордов ПАО Россети:55)
	at com.kms.katalon.core.main.ScriptEngine.run(ScriptEngine.java:194)
	at com.kms.katalon.core.main.ScriptEngine.runScriptAsRawText(ScriptEngine.java:119)
	at com.kms.katalon.core.main.TestCaseExecutor.runScript(TestCaseExecutor.java:448)
	at com.kms.katalon.core.main.TestCaseExecutor.doExecute(TestCaseExecutor.java:439)
	at com.kms.katalon.core.main.TestCaseExecutor.processExecutionPhase(TestCaseExecutor.java:418)
	at com.kms.katalon.core.main.TestCaseExecutor.accessMainPhase(TestCaseExecutor.java:410)
	at com.kms.katalon.core.main.TestCaseExecutor.execute(TestCaseExecutor.java:285)
	at com.kms.katalon.core.common.CommonExecutor.accessTestCaseMainPhase(CommonExecutor.java:65)
	at com.kms.katalon.core.main.TestSuiteExecutor.accessTestSuiteMainPhase(TestSuiteExecutor.java:150)
	at com.kms.katalon.core.main.TestSuiteExecutor.execute(TestSuiteExecutor.java:106)
	at com.kms.katalon.core.main.TestCaseMain.startTestSuite(TestCaseMain.java:180)
	at TempTestSuite1730857927993.run(TempTestSuite1730857927993.groovy:35)
	at java.base/jdk.internal.reflect.NativeMethodAccessorImpl.invoke0(Native Method)
	at java.base/jdk.internal.reflect.NativeMethodAccessorImpl.invoke(NativeMethodAccessorImpl.java:77)
	at java.base/jdk.internal.reflect.DelegatingMethodAccessorImpl.invoke(DelegatingMethodAccessorImpl.java:43)]]></system-out>
         <system-err><![CDATA[06-11-2024T04:52:12 - [TEST_CASE][FAILED] - Test Cases/Сверки дашбордов/Выручка в рублях сверка дашбордов ПАО Россети: Test Cases/Сверки дашбордов/Выручка в рублях сверка дашбордов ПАО Россети FAILED.
Reason:
com.kms.katalon.core.exception.StepFailedException: Unable to get text of object 'Object Repository/Выручка в рублях/Просьба обратить внимание' (Root cause: com.kms.katalon.core.exception.StepFailedException: Unable to get text of object 'Object Repository/Выручка в рублях/Просьба обратить внимание'
	at com.kms.katalon.core.webui.keyword.internal.WebUIKeywordMain.stepFailed(WebUIKeywordMain.groovy:64)
	at com.kms.katalon.core.webui.keyword.internal.WebUIKeywordMain.runKeyword(WebUIKeywordMain.groovy:26)
	at com.kms.katalon.core.webui.keyword.builtin.GetTextKeyword.getText(GetTextKeyword.groovy:88)
	at com.kms.katalon.core.webui.keyword.builtin.GetTextKeyword.execute(GetTextKeyword.groovy:67)
	at com.kms.katalon.core.keyword.internal.KeywordExecutor.executeKeywordForPlatform(KeywordExecutor.groovy:74)
	at com.kms.katalon.core.webui.keyword.WebUiBuiltInKeywords.getText(WebUiBuiltInKeywords.groovy:957)
	at Выручка в рублях сверка дашбордов ПАО Россети.Autorization(Выручка в рублях сверка дашбордов ПАО Россети:721)
	at Выручка в рублях сверка дашбордов ПАО Россети.PreSettings(Выручка в рублях сверка дашбордов ПАО Россети:573)
	at Выручка в рублях сверка дашбордов ПАО Россети.Blocks(Выручка в рублях сверка дашбордов ПАО Россети:247)
	at Выручка в рублях сверка дашбордов ПАО Россети.ViruchkaChange(Выручка в рублях сверка дашбордов ПАО Россети:60)
	at Выручка в рублях сверка дашбордов ПАО Россети.run(Выручка в рублях сверка дашбордов ПАО Россети:55)
	at com.kms.katalon.core.main.ScriptEngine.run(ScriptEngine.java:194)
	at com.kms.katalon.core.main.ScriptEngine.runScriptAsRawText(ScriptEngine.java:119)
	at com.kms.katalon.core.main.TestCaseExecutor.runScript(TestCaseExecutor.java:448)
	at com.kms.katalon.core.main.TestCaseExecutor.doExecute(TestCaseExecutor.java:439)
	at com.kms.katalon.core.main.TestCaseExecutor.processExecutionPhase(TestCaseExecutor.java:418)
	at com.kms.katalon.core.main.TestCaseExecutor.accessMainPhase(TestCaseExecutor.java:410)
	at com.kms.katalon.core.main.TestCaseExecutor.execute(TestCaseExecutor.java:285)
	at com.kms.katalon.core.common.CommonExecutor.accessTestCaseMainPhase(CommonExecutor.java:65)
	at com.kms.katalon.core.main.TestSuiteExecutor.accessTestSuiteMainPhase(TestSuiteExecutor.java:150)
	at com.kms.katalon.core.main.TestSuiteExecutor.execute(TestSuiteExecutor.java:106)
	at com.kms.katalon.core.main.TestCaseMain.startTestSuite(TestCaseMain.java:180)
	at TempTestSuite1730857927993.run(TempTestSuite1730857927993.groovy:35)
	at java.base/jdk.internal.reflect.NativeMethodAccessorImpl.invoke0(Native Method)
	at java.base/jdk.internal.reflect.NativeMethodAccessorImpl.invoke(NativeMethodAccessorImpl.java:77)
	at java.base/jdk.internal.reflect.DelegatingMethodAccessorImpl.invoke(DelegatingMethodAccessorImpl.java:43)
Caused by: com.kms.katalon.core.webui.exception.WebElementNotFoundException: Web element with id: 'Object Repository/Выручка в рублях/Просьба обратить внимание' located by '(.//*[normalize-space(text()) and normalize-space(.)='×'])[3]/following::h1[1]' not found
	at com.kms.katalon.core.webui.common.WebUiCommonHelper.findWebElement(WebUiCommonHelper.java:1426)
	at com.kms.katalon.core.webui.keyword.internal.WebUIAbstractKeyword.findWebElement(WebUIAbstractKeyword.groovy:27)
	at com.kms.katalon.core.webui.keyword.internal.WebUIAbstractKeyword.findWebElement(WebUIAbstractKeyword.groovy:26)
	at com.kms.katalon.core.webui.keyword.builtin.GetTextKeyword$_getText_closure1.doCall(GetTextKeyword.groovy:78)
	at com.kms.katalon.core.webui.keyword.builtin.GetTextKeyword$_getText_closure1.call(GetTextKeyword.groovy)
	at com.kms.katalon.core.webui.keyword.internal.WebUIKeywordMain.runKeyword(WebUIKeywordMain.groovy:20)
	at com.kms.katalon.core.webui.keyword.builtin.GetTextKeyword.getText(GetTextKeyword.groovy:88)
	at com.kms.katalon.core.webui.keyword.builtin.GetTextKeyword.execute(GetTextKeyword.groovy:67)
	at com.kms.katalon.core.keyword.internal.KeywordExecutor.executeKeywordForPlatform(KeywordExecutor.groovy:74)
	at com.kms.katalon.core.webui.keyword.WebUiBuiltInKeywords.getText(WebUiBuiltInKeywords.groovy:957)
	at Script1710234207206.Autorization(Script1710234207206.groovy:721)
	at Script1710234207206.PreSettings(Script1710234207206.groovy:573)
	at Script1710234207206.Blocks(Script1710234207206.groovy:247)
	at Script1710234207206.ViruchkaChange(Script1710234207206.groovy:60)
	at Script1710234207206.run(Script1710234207206.groovy:55)
	... 15 more
)
	at com.kms.katalon.core.keyword.internal.KeywordMain.stepFailed(KeywordMain.groovy:39)
	at com.kms.katalon.core.webui.keyword.internal.WebUIKeywordMain.stepFailed(WebUIKeywordMain.groovy:64)
	at com.kms.katalon.core.webui.keyword.internal.WebUIKeywordMain.runKeyword(WebUIKeywordMain.groovy:26)
	at com.kms.katalon.core.webui.keyword.builtin.GetTextKeyword.getText(GetTextKeyword.groovy:88)
	at com.kms.katalon.core.webui.keyword.builtin.GetTextKeyword.execute(GetTextKeyword.groovy:67)
	at com.kms.katalon.core.keyword.internal.KeywordExecutor.executeKeywordForPlatform(KeywordExecutor.groovy:74)
	at com.kms.katalon.core.webui.keyword.WebUiBuiltInKeywords.getText(WebUiBuiltInKeywords.groovy:957)
	at Выручка в рублях сверка дашбордов ПАО Россети.Autorization(Выручка в рублях сверка дашбордов ПАО Россети:721)
	at Выручка в рублях сверка дашбордов ПАО Россети.PreSettings(Выручка в рублях сверка дашбордов ПАО Россети:573)
	at Выручка в рублях сверка дашбордов ПАО Россети.Blocks(Выручка в рублях сверка дашбордов ПАО Россети:247)
	at Выручка в рублях сверка дашбордов ПАО Россети.ViruchkaChange(Выручка в рублях сверка дашбордов ПАО Россети:60)
	at Выручка в рублях сверка дашбордов ПАО Россети.run(Выручка в рублях сверка дашбордов ПАО Россети:55)
	at com.kms.katalon.core.main.ScriptEngine.run(ScriptEngine.java:194)
	at com.kms.katalon.core.main.ScriptEngine.runScriptAsRawText(ScriptEngine.java:119)
	at com.kms.katalon.core.main.TestCaseExecutor.runScript(TestCaseExecutor.java:448)
	at com.kms.katalon.core.main.TestCaseExecutor.doExecute(TestCaseExecutor.java:439)
	at com.kms.katalon.core.main.TestCaseExecutor.processExecutionPhase(TestCaseExecutor.java:418)
	at com.kms.katalon.core.main.TestCaseExecutor.accessMainPhase(TestCaseExecutor.java:410)
	at com.kms.katalon.core.main.TestCaseExecutor.execute(TestCaseExecutor.java:285)
	at com.kms.katalon.core.common.CommonExecutor.accessTestCaseMainPhase(CommonExecutor.java:65)
	at com.kms.katalon.core.main.TestSuiteExecutor.accessTestSuiteMainPhase(TestSuiteExecutor.java:150)
	at com.kms.katalon.core.main.TestSuiteExecutor.execute(TestSuiteExecutor.java:106)
	at com.kms.katalon.core.main.TestCaseMain.startTestSuite(TestCaseMain.java:180)
	at TempTestSuite1730857927993.run(TempTestSuite1730857927993.groovy:35)
	at java.base/jdk.internal.reflect.NativeMethodAccessorImpl.invoke0(Native Method)
	at java.base/jdk.internal.reflect.NativeMethodAccessorImpl.invoke(NativeMethodAccessorImpl.java:77)
	at java.base/jdk.internal.reflect.DelegatingMethodAccessorImpl.invoke(DelegatingMethodAccessorImpl.java:43)
Caused by: com.kms.katalon.core.exception.StepFailedException: Unable to get text of object 'Object Repository/Выручка в рублях/Просьба обратить внимание'
	... 26 more
Caused by: com.kms.katalon.core.webui.exception.WebElementNotFoundException: Web element with id: 'Object Repository/Выручка в рублях/Просьба обратить внимание' located by '(.//*[normalize-space(text()) and normalize-space(.)='×'])[3]/following::h1[1]' not found
	at com.kms.katalon.core.webui.common.WebUiCommonHelper.findWebElement(WebUiCommonHelper.java:1426)
	at com.kms.katalon.core.webui.keyword.internal.WebUIAbstractKeyword.findWebElement(WebUIAbstractKeyword.groovy:27)
	at com.kms.katalon.core.webui.keyword.internal.WebUIAbstractKeyword.findWebElement(WebUIAbstractKeyword.groovy:26)
	at com.kms.katalon.core.webui.keyword.builtin.GetTextKeyword$_getText_closure1.doCall(GetTextKeyword.groovy:78)
	at com.kms.katalon.core.webui.keyword.builtin.GetTextKeyword$_getText_closure1.call(GetTextKeyword.groovy)
	at com.kms.katalon.core.webui.keyword.internal.WebUIKeywordMain.runKeyword(WebUIKeywordMain.groovy:20)
	... 24 more]]></system-err>
      </testcase>
      <testcase name="Test Cases/Сверки дашбордов/Прогноз по отраслям сверка дашбордов" time="1160.828" classname="Test Cases/Сверки дашбордов/Прогноз по отраслям сверка дашбордов" status="PASSED">
         <system-out><![CDATA[06-11-2024T06:13:37 - [TEST_CASE][PASSED] - Test Cases/Сверки дашбордов/Прогноз по отраслям сверка дашбордов: Test Cases/Сверки дашбордов/Прогноз по отраслям сверка дашбордов

06-11-2024T06:13:37 - [TEST_STEP][PASSED] - date = new java.util.Date(): null

06-11-2024T06:13:37 - [TEST_STEP][PASSED] - todaysDate = date.format("dd.MM.yyyy"): null

06-11-2024T06:13:37 - [TEST_STEP][PASSED] - println(todaysDate): null

06-11-2024T06:13:37 - [TEST_STEP][PASSED] - typeOfData = <not implemented yet for class: org.codehaus.groovy.ast.expr.EmptyExpression>: null

06-11-2024T06:13:37 - [TEST_STEP][PASSED] - filterSravnenie = <not implemented yet for class: org.codehaus.groovy.ast.expr.EmptyExpression>: null

06-11-2024T06:13:37 - [TEST_STEP][PASSED] - kpoOtpusk = <not implemented yet for class: org.codehaus.groovy.ast.expr.EmptyExpression>: null

06-11-2024T06:13:37 - [TEST_STEP][PASSED] - openBrowser(""): Browser is opened with url: ''

06-11-2024T06:13:37 - [MESSAGE][WARNING] - A browser is already opened. Closing browser and opening a new one

06-11-2024T06:13:38 - [MESSAGE][INFO] - Starting 'Chrome' driver

06-11-2024T06:13:38 - [MESSAGE][INFO] - Action delay is set to 0 milliseconds

06-11-2024T06:13:38 - [MESSAGE][PASSED] - Browser is opened with url: ''

06-11-2024T06:13:38 - [TEST_STEP][PASSED] - navigateToUrl(findTestData("PlanFact").getValue(10, 6)): Navigate to 'https://bi.rosseti.digital/viewer?dashboardGuid=d6acb5b1a7114a9791b34de39263106e&sheetGuid=0b6d261d7f7b4424a967aa8f3a724189&fit=true' successfully

06-11-2024T06:13:51 - [MESSAGE][PASSED] - Navigate to 'https://bi.rosseti.digital/viewer?dashboardGuid=d6acb5b1a7114a9791b34de39263106e&sheetGuid=0b6d261d7f7b4424a967aa8f3a724189&fit=true' successfully

06-11-2024T06:13:51 - [TEST_STEP][PASSED] - setText(findTestObject("Страница авторизации/input__username"), findTestData("PlanFact").getValue(8, 1)): Text 'liazgina-di' is set on object 'Object Repository/Страница авторизации/input__username'

06-11-2024T06:13:52 - [MESSAGE][PASSED] - Text 'liazgina-di' is set on object 'Object Repository/Страница авторизации/input__username'

06-11-2024T06:13:52 - [TEST_STEP][PASSED] - setText(findTestObject("Страница авторизации/input__password"), findTestData("PlanFact").getValue(9, 1)): Text ')$%5srZ8o688Dm#q' is set on object 'Object Repository/Страница авторизации/input__password'

06-11-2024T06:13:52 - [MESSAGE][PASSED] - Text ')$%5srZ8o688Dm#q' is set on object 'Object Repository/Страница авторизации/input__password'

06-11-2024T06:13:52 - [TEST_STEP][PASSED] - click(findTestObject("Страница авторизации/button_")): Object: 'Object Repository/Страница авторизации/button_' is clicked on

06-11-2024T06:13:55 - [MESSAGE][PASSED] - Object: 'Object Repository/Страница авторизации/button_' is clicked on

06-11-2024T06:13:55 - [TEST_STEP][PASSED] - delay(50): Delayed 50 second(s)

06-11-2024T06:14:45 - [MESSAGE][PASSED] - Delayed 50 second(s)

06-11-2024T06:14:45 - [TEST_STEP][PASSED] - click(findTestObject("Прогноз по отраслям/Фильтр Месяц")): Object: 'Object Repository/Прогноз по отраслям/Фильтр Месяц' is clicked on

06-11-2024T06:14:46 - [MESSAGE][PASSED] - Object: 'Object Repository/Прогноз по отраслям/Фильтр Месяц' is clicked on

06-11-2024T06:14:46 - [TEST_STEP][PASSED] - scrollToElement(findTestObject("Прогноз по отраслям/Ноябрь"), 30): Scroll to object 'Object Repository/Прогноз по отраслям/Ноябрь' successfully

06-11-2024T06:14:46 - [MESSAGE][PASSED] - Scroll to object 'Object Repository/Прогноз по отраслям/Ноябрь' successfully

06-11-2024T06:14:46 - [TEST_STEP][PASSED] - click(findTestObject("Прогноз по отраслям/Ноябрь"), CONTINUE_ON_FAILURE): Object: 'Object Repository/Прогноз по отраслям/Ноябрь' is clicked on

06-11-2024T06:14:47 - [MESSAGE][PASSED] - Object: 'Object Repository/Прогноз по отраслям/Ноябрь' is clicked on

06-11-2024T06:14:47 - [TEST_STEP][PASSED] - scrollToElement(findTestObject("Прогноз по отраслям/Заголовок дашборда"), 30): Scroll to object 'Object Repository/Прогноз по отраслям/Заголовок дашборда' successfully

06-11-2024T06:14:49 - [MESSAGE][PASSED] - Scroll to object 'Object Repository/Прогноз по отраслям/Заголовок дашборда' successfully

06-11-2024T06:14:49 - [TEST_STEP][PASSED] - click(findTestObject("Прогноз по отраслям/Фильтр Сравнение с")): Object: 'Object Repository/Прогноз по отраслям/Фильтр Сравнение с' is clicked on

06-11-2024T06:14:50 - [MESSAGE][PASSED] - Object: 'Object Repository/Прогноз по отраслям/Фильтр Сравнение с' is clicked on

06-11-2024T06:14:50 - [TEST_STEP][PASSED] - click(findTestObject("Прогноз по отраслям/Факт прошлого года")): Object: 'Object Repository/Прогноз по отраслям/Факт прошлого года' is clicked on

06-11-2024T06:14:51 - [MESSAGE][PASSED] - Object: 'Object Repository/Прогноз по отраслям/Факт прошлого года' is clicked on

06-11-2024T06:14:51 - [TEST_STEP][PASSED] - click(findTestObject("Прогноз по отраслям/Фильтр КПО-Отпуск")): Object: 'Object Repository/Прогноз по отраслям/Фильтр КПО-Отпуск' is clicked on

06-11-2024T06:14:52 - [MESSAGE][PASSED] - Object: 'Object Repository/Прогноз по отраслям/Фильтр КПО-Отпуск' is clicked on

06-11-2024T06:14:52 - [TEST_STEP][PASSED] - click(findTestObject("Прогноз по отраслям/Отпуск")): Object: 'Object Repository/Прогноз по отраслям/Отпуск' is clicked on

06-11-2024T06:14:53 - [MESSAGE][PASSED] - Object: 'Object Repository/Прогноз по отраслям/Отпуск' is clicked on

06-11-2024T06:14:53 - [TEST_STEP][PASSED] - delay(40): Delayed 40 second(s)

06-11-2024T06:15:33 - [MESSAGE][PASSED] - Delayed 40 second(s)

06-11-2024T06:15:33 - [TEST_STEP][PASSED] - a1 = getText(findTestObject("Прогноз по отраслям/Виджеты дашборда")): Text of object 'Object Repository/Прогноз по отраслям/Виджеты дашборда' is: 'Год 
2023 год
Сравнение с 
Факт прошлого года
Динамика электропотребления, млрд. кВт.ч. по ПАО Россети на 2023 год
12 12
186 186
36 36
50 50
10 10
19 19
0 0
17 17
85 85
19 19
82 82
604 604
10 10
197 197
37 37
48 48
10 10
15 15
4 4
18 18
80 80
19 19
82 82
608 608
Факт прошлого года
Ожидаемое (прогноз по конца года)
Интер РАО (дляФСК)
Промышленныепотребители
Транспорт
Нефтедобыча
Нефтепереработка
Нефтепроводы
Газопроводы
Сельскоехозяйство ипищеваяпромышленность
Непромышленныепотребители
Государственные(муниципальные)организации ипрочиебюджетныепотребители
Население иприравненныегруппыпотребителей
Территориальныесетевыеорганизации
Выручка по ПАО Россети на 2023 год
5 5
285 285
72 72
72 72
18 18
22 22
0 0
50 50
201 201
61 61
190 190
227 227
6 6
331 331
82 82
77 77
20 20
20 20
3 3
57 57
220 220
68 68
214 214
258 258
Факт прошлого года
Ожидаемое (прогноз по конца года)
Интер РАО (дляФСК)
Промышленныепотребители
Транспорт
Нефтедобыча
Нефтепереработка
Нефтепроводы
Газопроводы
Сельскоехозяйство ипищеваяпромышленность
Непромышленныепотребители
Государственные(муниципальные)организации ипрочиебюджетныепотребители
Население иприравненныегруппыпотребителей
Территориальныесетевыеорганизации
Отклонения по ПАО Россети на 2023 год
-18.5% -18.5%
5.9% 5.9%
3.6% 3.6%
-3.9% -3.9%
0.9% 0.9%
-20.7% -20.7%
3 313.2% 3 313.2%
3.8% 3.8%
-5.6% -5.6%
1.3% 1.3%
-0.9% -0.9%
0.7% 0.7%
⬤ Отклонение, %
Интер РАО (для ФСК)
Промышленные потребители
Транспорт
Нефтедобыча
Нефтепереработка
Нефтепроводы
Газопроводы
Сельское хозяйство и пищевая пр…
Непромышленные потребители
Государственные (муниципальные…
Население и приравненные групп…
Территориальные сетевые органи…
Выручка отклонения по ПАО Россети на 2023 год
7.7% 7.7%
16.0% 16.0%
13.2% 13.2%
6.7% 6.7%
13.3% 13.3%
-7.7% -7.7%
1 331.5% 1 331.5%
14.2% 14.2%
9.9% 9.9%
12.0% 12.0%
12.4% 12.4%
13.7% 13.7%
⬤ Отклонение, %
Интер РАО (для ФСК)
Промышленные потребители
Транспорт
Нефтедобыча
Нефтепереработка
Нефтепроводы
Газопроводы
Сельское хозяйство и пищевая пр…
Непромышленные потребители
Государственные (муниципальные…
Население и приравненные групп…
Территориальные сетевые органи…
абс.
%
Прогноз на месяц 
Ноябрь
КПО/Отпуск из сети 
Отпуск из сети, млн. кВт.ч
Организация 
Все
Прогноз электропотребления и выручки за услуги по передаче в разрезе отраслей'

06-11-2024T06:15:33 - [MESSAGE][PASSED] - Text of object 'Object Repository/Прогноз по отраслям/Виджеты дашборда' is: 'Год 
2023 год
Сравнение с 
Факт прошлого года
Динамика электропотребления, млрд. кВт.ч. по ПАО Россети на 2023 год
12 12
186 186
36 36
50 50
10 10
19 19
0 0
17 17
85 85
19 19
82 82
604 604
10 10
197 197
37 37
48 48
10 10
15 15
4 4
18 18
80 80
19 19
82 82
608 608
Факт прошлого года
Ожидаемое (прогноз по конца года)
Интер РАО (дляФСК)
Промышленныепотребители
Транспорт
Нефтедобыча
Нефтепереработка
Нефтепроводы
Газопроводы
Сельскоехозяйство ипищеваяпромышленность
Непромышленныепотребители
Государственные(муниципальные)организации ипрочиебюджетныепотребители
Население иприравненныегруппыпотребителей
Территориальныесетевыеорганизации
Выручка по ПАО Россети на 2023 год
5 5
285 285
72 72
72 72
18 18
22 22
0 0
50 50
201 201
61 61
190 190
227 227
6 6
331 331
82 82
77 77
20 20
20 20
3 3
57 57
220 220
68 68
214 214
258 258
Факт прошлого года
Ожидаемое (прогноз по конца года)
Интер РАО (дляФСК)
Промышленныепотребители
Транспорт
Нефтедобыча
Нефтепереработка
Нефтепроводы
Газопроводы
Сельскоехозяйство ипищеваяпромышленность
Непромышленныепотребители
Государственные(муниципальные)организации ипрочиебюджетныепотребители
Население иприравненныегруппыпотребителей
Территориальныесетевыеорганизации
Отклонения по ПАО Россети на 2023 год
-18.5% -18.5%
5.9% 5.9%
3.6% 3.6%
-3.9% -3.9%
0.9% 0.9%
-20.7% -20.7%
3 313.2% 3 313.2%
3.8% 3.8%
-5.6% -5.6%
1.3% 1.3%
-0.9% -0.9%
0.7% 0.7%
⬤ Отклонение, %
Интер РАО (для ФСК)
Промышленные потребители
Транспорт
Нефтедобыча
Нефтепереработка
Нефтепроводы
Газопроводы
Сельское хозяйство и пищевая пр…
Непромышленные потребители
Государственные (муниципальные…
Население и приравненные групп…
Территориальные сетевые органи…
Выручка отклонения по ПАО Россети на 2023 год
7.7% 7.7%
16.0% 16.0%
13.2% 13.2%
6.7% 6.7%
13.3% 13.3%
-7.7% -7.7%
1 331.5% 1 331.5%
14.2% 14.2%
9.9% 9.9%
12.0% 12.0%
12.4% 12.4%
13.7% 13.7%
⬤ Отклонение, %
Интер РАО (для ФСК)
Промышленные потребители
Транспорт
Нефтедобыча
Нефтепереработка
Нефтепроводы
Газопроводы
Сельское хозяйство и пищевая пр…
Непромышленные потребители
Государственные (муниципальные…
Население и приравненные групп…
Территориальные сетевые органи…
абс.
%
Прогноз на месяц 
Ноябрь
КПО/Отпуск из сети 
Отпуск из сети, млн. кВт.ч
Организация 
Все
Прогноз электропотребления и выручки за услуги по передаче в разрезе отраслей'

06-11-2024T06:15:33 - [TEST_STEP][PASSED] - a1 = a1.replaceAll("[^0-9]", ""): null

06-11-2024T06:15:33 - [TEST_STEP][PASSED] - println("a1:" + a1): null

06-11-2024T06:15:33 - [TEST_STEP][PASSED] - click(findTestObject("Прогноз по отраслям/Фильтр Сравнение с")): Object: 'Object Repository/Прогноз по отраслям/Фильтр Сравнение с' is clicked on

06-11-2024T06:15:34 - [MESSAGE][PASSED] - Object: 'Object Repository/Прогноз по отраслям/Фильтр Сравнение с' is clicked on

06-11-2024T06:15:34 - [TEST_STEP][PASSED] - click(findTestObject("Прогноз по отраслям/План")): Object: 'Object Repository/Прогноз по отраслям/План' is clicked on

06-11-2024T06:15:35 - [MESSAGE][PASSED] - Object: 'Object Repository/Прогноз по отраслям/План' is clicked on

06-11-2024T06:15:35 - [TEST_STEP][PASSED] - delay(40): Delayed 40 second(s)

06-11-2024T06:16:15 - [MESSAGE][PASSED] - Delayed 40 second(s)

06-11-2024T06:16:15 - [TEST_STEP][PASSED] - a2 = getText(findTestObject("Прогноз по отраслям/Виджеты дашборда")): Text of object 'Object Repository/Прогноз по отраслям/Виджеты дашборда' is: 'Год 
2023 год
Сравнение с 
План
Динамика электропотребления, млрд. кВт.ч. по ПАО Россети на 2023 год
10 10
190 190
36 36
14 14
9 9
14 14
4 4
17 17
80 80
19 19
82 82
588 588
10 10
197 197
37 37
48 48
10 10
15 15
4 4
18 18
80 80
19 19
82 82
608 608
План
Ожидаемое (прогноз по конца года)
Интер РАО (дляФСК)
Промышленныепотребители
Транспорт
Нефтедобыча
Нефтепереработка
Нефтепроводы
Газопроводы
Сельскоехозяйство ипищеваяпромышленность
Непромышленныепотребители
Государственные(муниципальные)организации ипрочиебюджетныепотребители
Население иприравненныегруппыпотребителей
Территориальныесетевыеорганизации
Выручка по ПАО Россети на 2023 год
5 5
319 319
81 81
16 16
16 16
20 20
2 2
56 56
215 215
67 67
218 218
239 239
6 6
331 331
82 82
77 77
20 20
20 20
3 3
57 57
220 220
68 68
214 214
258 258
План
Ожидаемое (прогноз по конца года)
Интер РАО (дляФСК)
Промышленныепотребители
Транспорт
Нефтедобыча
Нефтепереработка
Нефтепроводы
Газопроводы
Сельскоехозяйство ипищеваяпромышленность
Непромышленныепотребители
Государственные(муниципальные)организации ипрочиебюджетныепотребители
Население иприравненныегруппыпотребителей
Территориальныесетевыеорганизации
Отклонения по ПАО Россети на 2023 год
-4.7% -4.7%
3.8% 3.8%
1.9% 1.9%
230.3% 230.3%
10.9% 10.9%
4.2% 4.2%
21.7% 21.7%
3.9% 3.9%
-0.6% -0.6%
1.6% 1.6%
-1.0% -1.0%
3.3% 3.3%
⬤ Отклонение, %
Интер РАО (для ФСК)
Промышленные потребители
Транспорт
Нефтедобыча
Нефтепереработка
Нефтепроводы
Газопроводы
Сельское хозяйство и пищевая пр…
Непромышленные потребители
Государственные (муниципальные…
Население и приравненные групп…
Территориальные сетевые органи…
Выручка отклонения по ПАО Россети на 2023 год
15.6% 15.6%
3.8% 3.8%
1.2% 1.2%
398.2% 398.2%
26.9% 26.9%
-0.6% -0.6%
26.9% 26.9%
1.5% 1.5%
2.7% 2.7%
2.0% 2.0%
-2.0% -2.0%
7.9% 7.9%
⬤ Отклонение, %
Интер РАО (для ФСК)
Промышленные потребители
Транспорт
Нефтедобыча
Нефтепереработка
Нефтепроводы
Газопроводы
Сельское хозяйство и пищевая пр…
Непромышленные потребители
Государственные (муниципальные…
Население и приравненные групп…
Территориальные сетевые органи…
абс.
%
Прогноз на месяц 
Ноябрь
КПО/Отпуск из сети 
Отпуск из сети, млн. кВт.ч
Организация 
Все
Прогноз электропотребления и выручки за услуги по передаче в разрезе отраслей'

06-11-2024T06:16:15 - [MESSAGE][PASSED] - Text of object 'Object Repository/Прогноз по отраслям/Виджеты дашборда' is: 'Год 
2023 год
Сравнение с 
План
Динамика электропотребления, млрд. кВт.ч. по ПАО Россети на 2023 год
10 10
190 190
36 36
14 14
9 9
14 14
4 4
17 17
80 80
19 19
82 82
588 588
10 10
197 197
37 37
48 48
10 10
15 15
4 4
18 18
80 80
19 19
82 82
608 608
План
Ожидаемое (прогноз по конца года)
Интер РАО (дляФСК)
Промышленныепотребители
Транспорт
Нефтедобыча
Нефтепереработка
Нефтепроводы
Газопроводы
Сельскоехозяйство ипищеваяпромышленность
Непромышленныепотребители
Государственные(муниципальные)организации ипрочиебюджетныепотребители
Население иприравненныегруппыпотребителей
Территориальныесетевыеорганизации
Выручка по ПАО Россети на 2023 год
5 5
319 319
81 81
16 16
16 16
20 20
2 2
56 56
215 215
67 67
218 218
239 239
6 6
331 331
82 82
77 77
20 20
20 20
3 3
57 57
220 220
68 68
214 214
258 258
План
Ожидаемое (прогноз по конца года)
Интер РАО (дляФСК)
Промышленныепотребители
Транспорт
Нефтедобыча
Нефтепереработка
Нефтепроводы
Газопроводы
Сельскоехозяйство ипищеваяпромышленность
Непромышленныепотребители
Государственные(муниципальные)организации ипрочиебюджетныепотребители
Население иприравненныегруппыпотребителей
Территориальныесетевыеорганизации
Отклонения по ПАО Россети на 2023 год
-4.7% -4.7%
3.8% 3.8%
1.9% 1.9%
230.3% 230.3%
10.9% 10.9%
4.2% 4.2%
21.7% 21.7%
3.9% 3.9%
-0.6% -0.6%
1.6% 1.6%
-1.0% -1.0%
3.3% 3.3%
⬤ Отклонение, %
Интер РАО (для ФСК)
Промышленные потребители
Транспорт
Нефтедобыча
Нефтепереработка
Нефтепроводы
Газопроводы
Сельское хозяйство и пищевая пр…
Непромышленные потребители
Государственные (муниципальные…
Население и приравненные групп…
Территориальные сетевые органи…
Выручка отклонения по ПАО Россети на 2023 год
15.6% 15.6%
3.8% 3.8%
1.2% 1.2%
398.2% 398.2%
26.9% 26.9%
-0.6% -0.6%
26.9% 26.9%
1.5% 1.5%
2.7% 2.7%
2.0% 2.0%
-2.0% -2.0%
7.9% 7.9%
⬤ Отклонение, %
Интер РАО (для ФСК)
Промышленные потребители
Транспорт
Нефтедобыча
Нефтепереработка
Нефтепроводы
Газопроводы
Сельское хозяйство и пищевая пр…
Непромышленные потребители
Государственные (муниципальные…
Население и приравненные групп…
Территориальные сетевые органи…
абс.
%
Прогноз на месяц 
Ноябрь
КПО/Отпуск из сети 
Отпуск из сети, млн. кВт.ч
Организация 
Все
Прогноз электропотребления и выручки за услуги по передаче в разрезе отраслей'

06-11-2024T06:16:15 - [TEST_STEP][PASSED] - a2 = a2.replaceAll("[^0-9]", ""): null

06-11-2024T06:16:15 - [TEST_STEP][PASSED] - println("a2:" + a2): null

06-11-2024T06:16:15 - [TEST_STEP][PASSED] - click(findTestObject("Прогноз по отраслям/Фильтр Сравнение с")): Object: 'Object Repository/Прогноз по отраслям/Фильтр Сравнение с' is clicked on

06-11-2024T06:16:16 - [MESSAGE][PASSED] - Object: 'Object Repository/Прогноз по отраслям/Фильтр Сравнение с' is clicked on

06-11-2024T06:16:16 - [TEST_STEP][PASSED] - click(findTestObject("Прогноз по отраслям/План СУ")): Object: 'Object Repository/Прогноз по отраслям/План СУ' is clicked on

06-11-2024T06:16:16 - [MESSAGE][PASSED] - Object: 'Object Repository/Прогноз по отраслям/План СУ' is clicked on

06-11-2024T06:16:16 - [TEST_STEP][PASSED] - delay(40): Delayed 40 second(s)

06-11-2024T06:16:56 - [MESSAGE][PASSED] - Delayed 40 second(s)

06-11-2024T06:16:56 - [TEST_STEP][PASSED] - a3 = getText(findTestObject("Прогноз по отраслям/Виджеты дашборда")): Text of object 'Object Repository/Прогноз по отраслям/Виджеты дашборда' is: 'Год 
2023 год
Сравнение с 
План/СУ
Динамика электропотребления, млрд. кВт.ч. по ПАО Россети на 2023 год
10 10
186 186
36 36
15 15
9 9
14 14
4 4
17 17
88 88
19 19
83 83
597 597
10 10
197 197
37 37
48 48
10 10
15 15
4 4
18 18
80 80
19 19
82 82
608 608
СУ
Ожидаемое (прогноз по конца года)
Интер РАО (дляФСК)
Промышленныепотребители
Транспорт
Нефтедобыча
Нефтепереработка
Нефтепроводы
Газопроводы
Сельскоехозяйство ипищеваяпромышленность
Непромышленныепотребители
Государственные(муниципальные)организации ипрочиебюджетныепотребители
Население иприравненныегруппыпотребителей
Территориальныесетевыеорганизации
Выручка по ПАО Россети на 2023 год
6 6
331 331
82 82
77 77
20 20
20 20
3 3
57 57
220 220
68 68
214 214
258 258
Ожидаемое (прогноз по конца года)
Интер РАО (дляФСК)
Промышленныепотребители
Транспорт
Нефтедобыча
Нефтепереработка
Нефтепроводы
Газопроводы
Сельскоехозяйство ипищеваяпромышленность
Непромышленныепотребители
Государственные(муниципальные)организации ипрочиебюджетныепотребители
Население иприравненныегруппыпотребителей
Территориальныесетевыеорганизации
Отклонения по ПАО Россети на 2023 год
2.5% 2.5%
5.9% 5.9%
1.9% 1.9%
219.1% 219.1%
11.7% 11.7%
1.9% 1.9%
13.1% 13.1%
3.5% 3.5%
-8.7% -8.7%
0.2% 0.2%
-1.6% -1.6%
1.8% 1.8%
⬤ Отклонение, %
Интер РАО (для ФСК)
Промышленные потребители
Транспорт
Нефтедобыча
Нефтепереработка
Нефтепроводы
Газопроводы
Сельское хозяйство и пищевая пр…
Непромышленные потребители
Государственные (муниципальные…
Население и приравненные групп…
Территориальные сетевые органи…
Выручка отклонения по ПАО Россети на 2023 год
⬤ Отклонение, %
Интер РАО (для ФСК)
Промышленные потребители
Транспорт
Нефтедобыча
Нефтепереработка
Нефтепроводы
Газопроводы
Сельское хозяйство и пищевая пр…
Непромышленные потребители
Государственные (муниципальные…
Население и приравненные групп…
Территориальные сетевые органи…
абс.
%
Прогноз на месяц 
Ноябрь
КПО/Отпуск из сети 
Отпуск из сети, млн. кВт.ч
Организация 
Все
Прогноз электропотребления и выручки за услуги по передаче в разрезе отраслей'

06-11-2024T06:16:57 - [MESSAGE][PASSED] - Text of object 'Object Repository/Прогноз по отраслям/Виджеты дашборда' is: 'Год 
2023 год
Сравнение с 
План/СУ
Динамика электропотребления, млрд. кВт.ч. по ПАО Россети на 2023 год
10 10
186 186
36 36
15 15
9 9
14 14
4 4
17 17
88 88
19 19
83 83
597 597
10 10
197 197
37 37
48 48
10 10
15 15
4 4
18 18
80 80
19 19
82 82
608 608
СУ
Ожидаемое (прогноз по конца года)
Интер РАО (дляФСК)
Промышленныепотребители
Транспорт
Нефтедобыча
Нефтепереработка
Нефтепроводы
Газопроводы
Сельскоехозяйство ипищеваяпромышленность
Непромышленныепотребители
Государственные(муниципальные)организации ипрочиебюджетныепотребители
Население иприравненныегруппыпотребителей
Территориальныесетевыеорганизации
Выручка по ПАО Россети на 2023 год
6 6
331 331
82 82
77 77
20 20
20 20
3 3
57 57
220 220
68 68
214 214
258 258
Ожидаемое (прогноз по конца года)
Интер РАО (дляФСК)
Промышленныепотребители
Транспорт
Нефтедобыча
Нефтепереработка
Нефтепроводы
Газопроводы
Сельскоехозяйство ипищеваяпромышленность
Непромышленныепотребители
Государственные(муниципальные)организации ипрочиебюджетныепотребители
Население иприравненныегруппыпотребителей
Территориальныесетевыеорганизации
Отклонения по ПАО Россети на 2023 год
2.5% 2.5%
5.9% 5.9%
1.9% 1.9%
219.1% 219.1%
11.7% 11.7%
1.9% 1.9%
13.1% 13.1%
3.5% 3.5%
-8.7% -8.7%
0.2% 0.2%
-1.6% -1.6%
1.8% 1.8%
⬤ Отклонение, %
Интер РАО (для ФСК)
Промышленные потребители
Транспорт
Нефтедобыча
Нефтепереработка
Нефтепроводы
Газопроводы
Сельское хозяйство и пищевая пр…
Непромышленные потребители
Государственные (муниципальные…
Население и приравненные групп…
Территориальные сетевые органи…
Выручка отклонения по ПАО Россети на 2023 год
⬤ Отклонение, %
Интер РАО (для ФСК)
Промышленные потребители
Транспорт
Нефтедобыча
Нефтепереработка
Нефтепроводы
Газопроводы
Сельское хозяйство и пищевая пр…
Непромышленные потребители
Государственные (муниципальные…
Население и приравненные групп…
Территориальные сетевые органи…
абс.
%
Прогноз на месяц 
Ноябрь
КПО/Отпуск из сети 
Отпуск из сети, млн. кВт.ч
Организация 
Все
Прогноз электропотребления и выручки за услуги по передаче в разрезе отраслей'

06-11-2024T06:16:57 - [TEST_STEP][PASSED] - a3 = a3.replaceAll("[^0-9]", ""): null

06-11-2024T06:16:57 - [TEST_STEP][PASSED] - println("a3:" + a3): null

06-11-2024T06:16:57 - [TEST_STEP][PASSED] - click(findTestObject("Прогноз по отраслям/Фильтр Сравнение с")): Object: 'Object Repository/Прогноз по отраслям/Фильтр Сравнение с' is clicked on

06-11-2024T06:16:57 - [MESSAGE][PASSED] - Object: 'Object Repository/Прогноз по отраслям/Фильтр Сравнение с' is clicked on

06-11-2024T06:16:57 - [TEST_STEP][PASSED] - click(findTestObject("Прогноз по отраслям/Факт прошлого года")): Object: 'Object Repository/Прогноз по отраслям/Факт прошлого года' is clicked on

06-11-2024T06:16:58 - [MESSAGE][PASSED] - Object: 'Object Repository/Прогноз по отраслям/Факт прошлого года' is clicked on

06-11-2024T06:16:58 - [TEST_STEP][PASSED] - click(findTestObject("Прогноз по отраслям/Фильтр КПО-Отпуск")): Object: 'Object Repository/Прогноз по отраслям/Фильтр КПО-Отпуск' is clicked on

06-11-2024T06:17:00 - [MESSAGE][PASSED] - Object: 'Object Repository/Прогноз по отраслям/Фильтр КПО-Отпуск' is clicked on

06-11-2024T06:17:00 - [TEST_STEP][PASSED] - click(findTestObject("Прогноз по отраслям/КПО")): Object: 'Object Repository/Прогноз по отраслям/КПО' is clicked on

06-11-2024T06:17:01 - [MESSAGE][PASSED] - Object: 'Object Repository/Прогноз по отраслям/КПО' is clicked on

06-11-2024T06:17:01 - [TEST_STEP][PASSED] - delay(40): Delayed 40 second(s)

06-11-2024T06:17:41 - [MESSAGE][PASSED] - Delayed 40 second(s)

06-11-2024T06:17:41 - [TEST_STEP][PASSED] - a4 = getText(findTestObject("Прогноз по отраслям/Виджеты дашборда")): Text of object 'Object Repository/Прогноз по отраслям/Виджеты дашборда' is: 'Год 
2023 год
Сравнение с 
Факт прошлого года
Динамика электропотребления, млрд. кВт.ч. по ПАО Россети на 2023 год
0 0
120 120
38 38
41 41
8 8
10 10
0 0
19 19
77 77
25 25
122 122
61 61
0 0
120 120
39 39
39 39
8 8
8 8
1 1
20 20
78 78
26 26
121 121
60 60
Факт прошлого года
Ожидаемое (прогноз по конца года)
Интер РАО (дляФСК)
Промышленныепотребители
Транспорт
Нефтедобыча
Нефтепереработка
Нефтепроводы
Газопроводы
Сельскоехозяйство ипищеваяпромышленность
Непромышленныепотребители
Государственные(муниципальные)организации ипрочиебюджетныепотребители
Население иприравненныегруппыпотребителей
Территориальныесетевыеорганизации
Выручка по ПАО Россети на 2023 год
5 5
285 285
72 72
72 72
18 18
22 22
0 0
50 50
201 201
61 61
190 190
227 227
6 6
331 331
82 82
77 77
20 20
20 20
3 3
57 57
220 220
68 68
214 214
258 258
Факт прошлого года
Ожидаемое (прогноз по конца года)
Интер РАО (дляФСК)
Промышленныепотребители
Транспорт
Нефтедобыча
Нефтепереработка
Нефтепроводы
Газопроводы
Сельскоехозяйство ипищеваяпромышленность
Непромышленныепотребители
Государственные(муниципальные)организации ипрочиебюджетныепотребители
Население иприравненныегруппыпотребителей
Территориальныесетевыеорганизации
Отклонения по ПАО Россети на 2023 год
0.5% 0.5%
0.9% 0.9%
-5.9% -5.9%
3.1% 3.1%
-17.9% -17.9%
578.4% 578.4%
2.3% 2.3%
1.8% 1.8%
2.1% 2.1%
-0.9% -0.9%
-0.2% -0.2%
⬤ Отклонение, %
Интер РАО (для ФСК)
Промышленные потребители
Транспорт
Нефтедобыча
Нефтепереработка
Нефтепроводы
Газопроводы
Сельское хозяйство и пищевая пр…
Непромышленные потребители
Государственные (муниципальные…
Население и приравненные групп…
Территориальные сетевые органи…
Выручка отклонения по ПАО Россети на 2023 год
7.7% 7.7%
16.0% 16.0%
13.2% 13.2%
6.7% 6.7%
13.3% 13.3%
-7.7% -7.7%
1 331.5% 1 331.5%
14.2% 14.2%
9.9% 9.9%
12.0% 12.0%
12.4% 12.4%
13.7% 13.7%
⬤ Отклонение, %
Интер РАО (для ФСК)
Промышленные потребители
Транспорт
Нефтедобыча
Нефтепереработка
Нефтепроводы
Газопроводы
Сельское хозяйство и пищевая пр…
Непромышленные потребители
Государственные (муниципальные…
Население и приравненные групп…
Территориальные сетевые органи…
абс.
%
Прогноз на месяц 
Ноябрь
КПО/Отпуск из сети 
Котловой полезный отпуск, млн. кВт.ч
Организация 
Все
Прогноз электропотребления и выручки за услуги по передаче в разрезе отраслей'

06-11-2024T06:17:41 - [MESSAGE][PASSED] - Text of object 'Object Repository/Прогноз по отраслям/Виджеты дашборда' is: 'Год 
2023 год
Сравнение с 
Факт прошлого года
Динамика электропотребления, млрд. кВт.ч. по ПАО Россети на 2023 год
0 0
120 120
38 38
41 41
8 8
10 10
0 0
19 19
77 77
25 25
122 122
61 61
0 0
120 120
39 39
39 39
8 8
8 8
1 1
20 20
78 78
26 26
121 121
60 60
Факт прошлого года
Ожидаемое (прогноз по конца года)
Интер РАО (дляФСК)
Промышленныепотребители
Транспорт
Нефтедобыча
Нефтепереработка
Нефтепроводы
Газопроводы
Сельскоехозяйство ипищеваяпромышленность
Непромышленныепотребители
Государственные(муниципальные)организации ипрочиебюджетныепотребители
Население иприравненныегруппыпотребителей
Территориальныесетевыеорганизации
Выручка по ПАО Россети на 2023 год
5 5
285 285
72 72
72 72
18 18
22 22
0 0
50 50
201 201
61 61
190 190
227 227
6 6
331 331
82 82
77 77
20 20
20 20
3 3
57 57
220 220
68 68
214 214
258 258
Факт прошлого года
Ожидаемое (прогноз по конца года)
Интер РАО (дляФСК)
Промышленныепотребители
Транспорт
Нефтедобыча
Нефтепереработка
Нефтепроводы
Газопроводы
Сельскоехозяйство ипищеваяпромышленность
Непромышленныепотребители
Государственные(муниципальные)организации ипрочиебюджетныепотребители
Население иприравненныегруппыпотребителей
Территориальныесетевыеорганизации
Отклонения по ПАО Россети на 2023 год
0.5% 0.5%
0.9% 0.9%
-5.9% -5.9%
3.1% 3.1%
-17.9% -17.9%
578.4% 578.4%
2.3% 2.3%
1.8% 1.8%
2.1% 2.1%
-0.9% -0.9%
-0.2% -0.2%
⬤ Отклонение, %
Интер РАО (для ФСК)
Промышленные потребители
Транспорт
Нефтедобыча
Нефтепереработка
Нефтепроводы
Газопроводы
Сельское хозяйство и пищевая пр…
Непромышленные потребители
Государственные (муниципальные…
Население и приравненные групп…
Территориальные сетевые органи…
Выручка отклонения по ПАО Россети на 2023 год
7.7% 7.7%
16.0% 16.0%
13.2% 13.2%
6.7% 6.7%
13.3% 13.3%
-7.7% -7.7%
1 331.5% 1 331.5%
14.2% 14.2%
9.9% 9.9%
12.0% 12.0%
12.4% 12.4%
13.7% 13.7%
⬤ Отклонение, %
Интер РАО (для ФСК)
Промышленные потребители
Транспорт
Нефтедобыча
Нефтепереработка
Нефтепроводы
Газопроводы
Сельское хозяйство и пищевая пр…
Непромышленные потребители
Государственные (муниципальные…
Население и приравненные групп…
Территориальные сетевые органи…
абс.
%
Прогноз на месяц 
Ноябрь
КПО/Отпуск из сети 
Котловой полезный отпуск, млн. кВт.ч
Организация 
Все
Прогноз электропотребления и выручки за услуги по передаче в разрезе отраслей'

06-11-2024T06:17:41 - [TEST_STEP][PASSED] - a4 = a4.replaceAll("[^0-9]", ""): null

06-11-2024T06:17:41 - [TEST_STEP][PASSED] - println("a4:" + a4): null

06-11-2024T06:17:41 - [TEST_STEP][PASSED] - click(findTestObject("Прогноз по отраслям/Фильтр Сравнение с")): Object: 'Object Repository/Прогноз по отраслям/Фильтр Сравнение с' is clicked on

06-11-2024T06:17:42 - [MESSAGE][PASSED] - Object: 'Object Repository/Прогноз по отраслям/Фильтр Сравнение с' is clicked on

06-11-2024T06:17:42 - [TEST_STEP][PASSED] - click(findTestObject("Прогноз по отраслям/План")): Object: 'Object Repository/Прогноз по отраслям/План' is clicked on

06-11-2024T06:17:42 - [MESSAGE][PASSED] - Object: 'Object Repository/Прогноз по отраслям/План' is clicked on

06-11-2024T06:17:42 - [TEST_STEP][PASSED] - delay(40): Delayed 40 second(s)

06-11-2024T06:18:23 - [MESSAGE][PASSED] - Delayed 40 second(s)

06-11-2024T06:18:23 - [TEST_STEP][PASSED] - a5 = getText(findTestObject("Прогноз по отраслям/Виджеты дашборда")): Text of object 'Object Repository/Прогноз по отраслям/Виджеты дашборда' is: 'Год 
2023 год
Сравнение с 
План
Динамика электропотребления, млрд. кВт.ч. по ПАО Россети на 2023 год
0 0
119 119
37 37
7 7
7 7
8 8
1 1
19 19
75 75
25 25
123 123
55 55
0 0
120 120
39 39
39 39
8 8
8 8
1 1
20 20
78 78
26 26
121 121
60 60
План
Ожидаемое (прогноз по конца года)
Интер РАО (дляФСК)
Промышленныепотребители
Транспорт
Нефтедобыча
Нефтепереработка
Нефтепроводы
Газопроводы
Сельскоехозяйство ипищеваяпромышленность
Непромышленныепотребители
Государственные(муниципальные)организации ипрочиебюджетныепотребители
Население иприравненныегруппыпотребителей
Территориальныесетевыеорганизации
Выручка по ПАО Россети на 2023 год
5 5
319 319
81 81
16 16
16 16
20 20
2 2
56 56
215 215
67 67
218 218
239 239
6 6
331 331
82 82
77 77
20 20
20 20
3 3
57 57
220 220
68 68
214 214
258 258
План
Ожидаемое (прогноз по конца года)
Интер РАО (дляФСК)
Промышленныепотребители
Транспорт
Нефтедобыча
Нефтепереработка
Нефтепроводы
Газопроводы
Сельскоехозяйство ипищеваяпромышленность
Непромышленныепотребители
Государственные(муниципальные)организации ипрочиебюджетныепотребители
Население иприравненныегруппыпотребителей
Территориальныесетевыеорганизации
Отклонения по ПАО Россети на 2023 год
1.2% 1.2%
3.2% 3.2%
492.1% 492.1%
18.1% 18.1%
4.4% 4.4%
11.9% 11.9%
1.2% 1.2%
4.1% 4.1%
2.4% 2.4%
-1.4% -1.4%
9.7% 9.7%
⬤ Отклонение, %
Интер РАО (для ФСК)
Промышленные потребители
Транспорт
Нефтедобыча
Нефтепереработка
Нефтепроводы
Газопроводы
Сельское хозяйство и пищевая пр…
Непромышленные потребители
Государственные (муниципальные…
Население и приравненные групп…
Территориальные сетевые органи…
Выручка отклонения по ПАО Россети на 2023 год
15.6% 15.6%
3.8% 3.8%
1.2% 1.2%
398.2% 398.2%
26.9% 26.9%
-0.6% -0.6%
26.9% 26.9%
1.5% 1.5%
2.7% 2.7%
2.0% 2.0%
-2.0% -2.0%
7.9% 7.9%
⬤ Отклонение, %
Интер РАО (для ФСК)
Промышленные потребители
Транспорт
Нефтедобыча
Нефтепереработка
Нефтепроводы
Газопроводы
Сельское хозяйство и пищевая пр…
Непромышленные потребители
Государственные (муниципальные…
Население и приравненные групп…
Территориальные сетевые органи…
абс.
%
Прогноз на месяц 
Ноябрь
КПО/Отпуск из сети 
Котловой полезный отпуск, млн. кВт.ч
Организация 
Все
Прогноз электропотребления и выручки за услуги по передаче в разрезе отраслей'

06-11-2024T06:18:23 - [MESSAGE][PASSED] - Text of object 'Object Repository/Прогноз по отраслям/Виджеты дашборда' is: 'Год 
2023 год
Сравнение с 
План
Динамика электропотребления, млрд. кВт.ч. по ПАО Россети на 2023 год
0 0
119 119
37 37
7 7
7 7
8 8
1 1
19 19
75 75
25 25
123 123
55 55
0 0
120 120
39 39
39 39
8 8
8 8
1 1
20 20
78 78
26 26
121 121
60 60
План
Ожидаемое (прогноз по конца года)
Интер РАО (дляФСК)
Промышленныепотребители
Транспорт
Нефтедобыча
Нефтепереработка
Нефтепроводы
Газопроводы
Сельскоехозяйство ипищеваяпромышленность
Непромышленныепотребители
Государственные(муниципальные)организации ипрочиебюджетныепотребители
Население иприравненныегруппыпотребителей
Территориальныесетевыеорганизации
Выручка по ПАО Россети на 2023 год
5 5
319 319
81 81
16 16
16 16
20 20
2 2
56 56
215 215
67 67
218 218
239 239
6 6
331 331
82 82
77 77
20 20
20 20
3 3
57 57
220 220
68 68
214 214
258 258
План
Ожидаемое (прогноз по конца года)
Интер РАО (дляФСК)
Промышленныепотребители
Транспорт
Нефтедобыча
Нефтепереработка
Нефтепроводы
Газопроводы
Сельскоехозяйство ипищеваяпромышленность
Непромышленныепотребители
Государственные(муниципальные)организации ипрочиебюджетныепотребители
Население иприравненныегруппыпотребителей
Территориальныесетевыеорганизации
Отклонения по ПАО Россети на 2023 год
1.2% 1.2%
3.2% 3.2%
492.1% 492.1%
18.1% 18.1%
4.4% 4.4%
11.9% 11.9%
1.2% 1.2%
4.1% 4.1%
2.4% 2.4%
-1.4% -1.4%
9.7% 9.7%
⬤ Отклонение, %
Интер РАО (для ФСК)
Промышленные потребители
Транспорт
Нефтедобыча
Нефтепереработка
Нефтепроводы
Газопроводы
Сельское хозяйство и пищевая пр…
Непромышленные потребители
Государственные (муниципальные…
Население и приравненные групп…
Территориальные сетевые органи…
Выручка отклонения по ПАО Россети на 2023 год
15.6% 15.6%
3.8% 3.8%
1.2% 1.2%
398.2% 398.2%
26.9% 26.9%
-0.6% -0.6%
26.9% 26.9%
1.5% 1.5%
2.7% 2.7%
2.0% 2.0%
-2.0% -2.0%
7.9% 7.9%
⬤ Отклонение, %
Интер РАО (для ФСК)
Промышленные потребители
Транспорт
Нефтедобыча
Нефтепереработка
Нефтепроводы
Газопроводы
Сельское хозяйство и пищевая пр…
Непромышленные потребители
Государственные (муниципальные…
Население и приравненные групп…
Территориальные сетевые органи…
абс.
%
Прогноз на месяц 
Ноябрь
КПО/Отпуск из сети 
Котловой полезный отпуск, млн. кВт.ч
Организация 
Все
Прогноз электропотребления и выручки за услуги по передаче в разрезе отраслей'

06-11-2024T06:18:23 - [TEST_STEP][PASSED] - println("a5:" + a5): null

06-11-2024T06:18:23 - [TEST_STEP][PASSED] - a5 = a5.replaceAll("[^0-9]", ""): null

06-11-2024T06:18:23 - [TEST_STEP][PASSED] - println("a5:" + a5): null

06-11-2024T06:18:23 - [TEST_STEP][PASSED] - click(findTestObject("Прогноз по отраслям/Фильтр Сравнение с")): Object: 'Object Repository/Прогноз по отраслям/Фильтр Сравнение с' is clicked on

06-11-2024T06:18:23 - [MESSAGE][PASSED] - Object: 'Object Repository/Прогноз по отраслям/Фильтр Сравнение с' is clicked on

06-11-2024T06:18:23 - [TEST_STEP][PASSED] - click(findTestObject("Прогноз по отраслям/План СУ")): Object: 'Object Repository/Прогноз по отраслям/План СУ' is clicked on

06-11-2024T06:18:24 - [MESSAGE][PASSED] - Object: 'Object Repository/Прогноз по отраслям/План СУ' is clicked on

06-11-2024T06:18:24 - [TEST_STEP][PASSED] - delay(40): Delayed 40 second(s)

06-11-2024T06:19:04 - [MESSAGE][PASSED] - Delayed 40 second(s)

06-11-2024T06:19:04 - [TEST_STEP][PASSED] - a6 = getText(findTestObject("Прогноз по отраслям/Виджеты дашборда")): Text of object 'Object Repository/Прогноз по отраслям/Виджеты дашборда' is: 'Год 
2023 год
Сравнение с 
План/СУ
Динамика электропотребления, млрд. кВт.ч. по ПАО Россети на 2023 год
0 0
0 0
0 0
0 0
0 0
0 0
0 0
0 0
0 0
0 0
0 0
0 0
0 0
120 120
39 39
39 39
8 8
8 8
1 1
20 20
78 78
26 26
121 121
60 60
СУ
Ожидаемое (прогноз по конца года)
Интер РАО (дляФСК)
Промышленныепотребители
Транспорт
Нефтедобыча
Нефтепереработка
Нефтепроводы
Газопроводы
Сельскоехозяйство ипищеваяпромышленность
Непромышленныепотребители
Государственные(муниципальные)организации ипрочиебюджетныепотребители
Население иприравненныегруппыпотребителей
Территориальныесетевыеорганизации
Выручка по ПАО Россети на 2023 год
6 6
331 331
82 82
77 77
20 20
20 20
3 3
57 57
220 220
68 68
214 214
258 258
Ожидаемое (прогноз по конца года)
Интер РАО (дляФСК)
Промышленныепотребители
Транспорт
Нефтедобыча
Нефтепереработка
Нефтепроводы
Газопроводы
Сельскоехозяйство ипищеваяпромышленность
Непромышленныепотребители
Государственные(муниципальные)организации ипрочиебюджетныепотребители
Население иприравненныегруппыпотребителей
Территориальныесетевыеорганизации
Отклонения по ПАО Россети на 2023 год
⬤ Отклонение, %
Интер РАО (для ФСК)
Промышленные потребители
Транспорт
Нефтедобыча
Нефтепереработка
Нефтепроводы
Газопроводы
Сельское хозяйство и пищевая пр…
Непромышленные потребители
Государственные (муниципальные…
Население и приравненные групп…
Территориальные сетевые органи…
Выручка отклонения по ПАО Россети на 2023 год
⬤ Отклонение, %
Интер РАО (для ФСК)
Промышленные потребители
Транспорт
Нефтедобыча
Нефтепереработка
Нефтепроводы
Газопроводы
Сельское хозяйство и пищевая пр…
Непромышленные потребители
Государственные (муниципальные…
Население и приравненные групп…
Территориальные сетевые органи…
абс.
%
Прогноз на месяц 
Ноябрь
КПО/Отпуск из сети 
Котловой полезный отпуск, млн. кВт.ч
Организация 
Все
Прогноз электропотребления и выручки за услуги по передаче в разрезе отраслей'

06-11-2024T06:19:05 - [MESSAGE][PASSED] - Text of object 'Object Repository/Прогноз по отраслям/Виджеты дашборда' is: 'Год 
2023 год
Сравнение с 
План/СУ
Динамика электропотребления, млрд. кВт.ч. по ПАО Россети на 2023 год
0 0
0 0
0 0
0 0
0 0
0 0
0 0
0 0
0 0
0 0
0 0
0 0
0 0
120 120
39 39
39 39
8 8
8 8
1 1
20 20
78 78
26 26
121 121
60 60
СУ
Ожидаемое (прогноз по конца года)
Интер РАО (дляФСК)
Промышленныепотребители
Транспорт
Нефтедобыча
Нефтепереработка
Нефтепроводы
Газопроводы
Сельскоехозяйство ипищеваяпромышленность
Непромышленныепотребители
Государственные(муниципальные)организации ипрочиебюджетныепотребители
Население иприравненныегруппыпотребителей
Территориальныесетевыеорганизации
Выручка по ПАО Россети на 2023 год
6 6
331 331
82 82
77 77
20 20
20 20
3 3
57 57
220 220
68 68
214 214
258 258
Ожидаемое (прогноз по конца года)
Интер РАО (дляФСК)
Промышленныепотребители
Транспорт
Нефтедобыча
Нефтепереработка
Нефтепроводы
Газопроводы
Сельскоехозяйство ипищеваяпромышленность
Непромышленныепотребители
Государственные(муниципальные)организации ипрочиебюджетныепотребители
Население иприравненныегруппыпотребителей
Территориальныесетевыеорганизации
Отклонения по ПАО Россети на 2023 год
⬤ Отклонение, %
Интер РАО (для ФСК)
Промышленные потребители
Транспорт
Нефтедобыча
Нефтепереработка
Нефтепроводы
Газопроводы
Сельское хозяйство и пищевая пр…
Непромышленные потребители
Государственные (муниципальные…
Население и приравненные групп…
Территориальные сетевые органи…
Выручка отклонения по ПАО Россети на 2023 год
⬤ Отклонение, %
Интер РАО (для ФСК)
Промышленные потребители
Транспорт
Нефтедобыча
Нефтепереработка
Нефтепроводы
Газопроводы
Сельское хозяйство и пищевая пр…
Непромышленные потребители
Государственные (муниципальные…
Население и приравненные групп…
Территориальные сетевые органи…
абс.
%
Прогноз на месяц 
Ноябрь
КПО/Отпуск из сети 
Котловой полезный отпуск, млн. кВт.ч
Организация 
Все
Прогноз электропотребления и выручки за услуги по передаче в разрезе отраслей'

06-11-2024T06:19:05 - [TEST_STEP][PASSED] - a6 = a6.replaceAll("[^0-9]", ""): null

06-11-2024T06:19:05 - [TEST_STEP][PASSED] - println("a6:" + a6): null

06-11-2024T06:19:05 - [TEST_STEP][PASSED] - click(findTestObject("Прогноз по отраслям/Переключить отображение с процентов на абс Блок руководителя")): Object: 'Object Repository/Прогноз по отраслям/Переключить отображение с процентов на абс Блок руководителя' is clicked on

06-11-2024T06:19:05 - [MESSAGE][PASSED] - Object: 'Object Repository/Прогноз по отраслям/Переключить отображение с процентов на абс Блок руководителя' is clicked on

06-11-2024T06:19:05 - [TEST_STEP][PASSED] - click(findTestObject("Прогноз по отраслям/Фильтр Сравнение с")): Object: 'Object Repository/Прогноз по отраслям/Фильтр Сравнение с' is clicked on

06-11-2024T06:19:05 - [MESSAGE][PASSED] - Object: 'Object Repository/Прогноз по отраслям/Фильтр Сравнение с' is clicked on

06-11-2024T06:19:05 - [TEST_STEP][PASSED] - click(findTestObject("Прогноз по отраслям/Факт прошлого года")): Object: 'Object Repository/Прогноз по отраслям/Факт прошлого года' is clicked on

06-11-2024T06:19:06 - [MESSAGE][PASSED] - Object: 'Object Repository/Прогноз по отраслям/Факт прошлого года' is clicked on

06-11-2024T06:19:06 - [TEST_STEP][PASSED] - click(findTestObject("Прогноз по отраслям/Фильтр КПО-Отпуск")): Object: 'Object Repository/Прогноз по отраслям/Фильтр КПО-Отпуск' is clicked on

06-11-2024T06:19:08 - [MESSAGE][PASSED] - Object: 'Object Repository/Прогноз по отраслям/Фильтр КПО-Отпуск' is clicked on

06-11-2024T06:19:08 - [TEST_STEP][PASSED] - click(findTestObject("Прогноз по отраслям/Отпуск")): Object: 'Object Repository/Прогноз по отраслям/Отпуск' is clicked on

06-11-2024T06:19:09 - [MESSAGE][PASSED] - Object: 'Object Repository/Прогноз по отраслям/Отпуск' is clicked on

06-11-2024T06:19:09 - [TEST_STEP][PASSED] - delay(40): Delayed 40 second(s)

06-11-2024T06:19:49 - [MESSAGE][PASSED] - Delayed 40 second(s)

06-11-2024T06:19:49 - [TEST_STEP][PASSED] - a7 = getText(findTestObject("Прогноз по отраслям/Виджеты дашборда")): Text of object 'Object Repository/Прогноз по отраслям/Виджеты дашборда' is: 'Год 
2023 год
Сравнение с 
Факт прошлого года
Отклонения по ПАО Россети на 2023 год
-2 263.5 -2 263.5
11 054.6 11 054.6
1 280.2 1 280.2
-1 947.5 -1 947.5
90.9 90.9
-3 845.0 -3 845.0
4 162.1 4 162.1
651.7 651.7
-4 727.7 -4 727.7
256.5 256.5
-723.9 -723.9
4 292.3 4 292.3
⬤ Отклонение, млн. кВт.ч
Интер РАО (для ФСК)
Промышленные потребители
Транспорт
Нефтедобыча
Нефтепереработка
Нефтепроводы
Газопроводы
Сельское хозяйство и пищевая пр…
Непромышленные потребители
Государственные (муниципальные…
Население и приравненные групп…
Территориальные сетевые органи…
Выручка отклонения по ПАО Россети на 2023 год
421.3 421.3
45 574.9 45 574.9
9 547.5 9 547.5
4 889.3 4 889.3
2 337.4 2 337.4
-1 682.6 -1 682.6
2 919.4 2 919.4
7 110.2 7 110.2
19 840.8 19 840.8
7 289.5 7 289.5
23 664.8 23 664.8
31 028.3 31 028.3
⬤ Отклонение, млн. руб.
Интер РАО (для ФСК)
Промышленные потребители
Транспорт
Нефтедобыча
Нефтепереработка
Нефтепроводы
Газопроводы
Сельское хозяйство и пищевая пр…
Непромышленные потребители
Государственные (муниципальные…
Население и приравненные групп…
Территориальные сетевые органи…
Динамика электропотребления, млрд. кВт.ч. по ПАО Россети на 2023 год
12 12
186 186
36 36
50 50
10 10
19 19
0 0
17 17
85 85
19 19
82 82
604 604
10 10
197 197
37 37
48 48
10 10
15 15
4 4
18 18
80 80
19 19
82 82
608 608
Факт прошлого года
Ожидаемое (прогноз по конца года)
Интер РАО (дляФСК)
Промышленныепотребители
Транспорт
Нефтедобыча
Нефтепереработка
Нефтепроводы
Газопроводы
Сельскоехозяйство ипищеваяпромышленность
Непромышленныепотребители
Государственные(муниципальные)организации ипрочиебюджетныепотребители
Население иприравненныегруппыпотребителей
Территориальныесетевыеорганизации
Выручка по ПАО Россети на 2023 год
5 5
285 285
72 72
72 72
18 18
22 22
0 0
50 50
201 201
61 61
190 190
227 227
6 6
331 331
82 82
77 77
20 20
20 20
3 3
57 57
220 220
68 68
214 214
258 258
Факт прошлого года
Ожидаемое (прогноз по конца года)
Интер РАО (дляФСК)
Промышленныепотребители
Транспорт
Нефтедобыча
Нефтепереработка
Нефтепроводы
Газопроводы
Сельскоехозяйство ипищеваяпромышленность
Непромышленныепотребители
Государственные(муниципальные)организации ипрочиебюджетныепотребители
Население иприравненныегруппыпотребителей
Территориальныесетевыеорганизации
абс.
%
Прогноз на месяц 
Ноябрь
КПО/Отпуск из сети 
Отпуск из сети, млн. кВт.ч
Организация 
Все
Прогноз электропотребления и выручки за услуги по передаче в разрезе отраслей'

06-11-2024T06:19:50 - [MESSAGE][PASSED] - Text of object 'Object Repository/Прогноз по отраслям/Виджеты дашборда' is: 'Год 
2023 год
Сравнение с 
Факт прошлого года
Отклонения по ПАО Россети на 2023 год
-2 263.5 -2 263.5
11 054.6 11 054.6
1 280.2 1 280.2
-1 947.5 -1 947.5
90.9 90.9
-3 845.0 -3 845.0
4 162.1 4 162.1
651.7 651.7
-4 727.7 -4 727.7
256.5 256.5
-723.9 -723.9
4 292.3 4 292.3
⬤ Отклонение, млн. кВт.ч
Интер РАО (для ФСК)
Промышленные потребители
Транспорт
Нефтедобыча
Нефтепереработка
Нефтепроводы
Газопроводы
Сельское хозяйство и пищевая пр…
Непромышленные потребители
Государственные (муниципальные…
Население и приравненные групп…
Территориальные сетевые органи…
Выручка отклонения по ПАО Россети на 2023 год
421.3 421.3
45 574.9 45 574.9
9 547.5 9 547.5
4 889.3 4 889.3
2 337.4 2 337.4
-1 682.6 -1 682.6
2 919.4 2 919.4
7 110.2 7 110.2
19 840.8 19 840.8
7 289.5 7 289.5
23 664.8 23 664.8
31 028.3 31 028.3
⬤ Отклонение, млн. руб.
Интер РАО (для ФСК)
Промышленные потребители
Транспорт
Нефтедобыча
Нефтепереработка
Нефтепроводы
Газопроводы
Сельское хозяйство и пищевая пр…
Непромышленные потребители
Государственные (муниципальные…
Население и приравненные групп…
Территориальные сетевые органи…
Динамика электропотребления, млрд. кВт.ч. по ПАО Россети на 2023 год
12 12
186 186
36 36
50 50
10 10
19 19
0 0
17 17
85 85
19 19
82 82
604 604
10 10
197 197
37 37
48 48
10 10
15 15
4 4
18 18
80 80
19 19
82 82
608 608
Факт прошлого года
Ожидаемое (прогноз по конца года)
Интер РАО (дляФСК)
Промышленныепотребители
Транспорт
Нефтедобыча
Нефтепереработка
Нефтепроводы
Газопроводы
Сельскоехозяйство ипищеваяпромышленность
Непромышленныепотребители
Государственные(муниципальные)организации ипрочиебюджетныепотребители
Население иприравненныегруппыпотребителей
Территориальныесетевыеорганизации
Выручка по ПАО Россети на 2023 год
5 5
285 285
72 72
72 72
18 18
22 22
0 0
50 50
201 201
61 61
190 190
227 227
6 6
331 331
82 82
77 77
20 20
20 20
3 3
57 57
220 220
68 68
214 214
258 258
Факт прошлого года
Ожидаемое (прогноз по конца года)
Интер РАО (дляФСК)
Промышленныепотребители
Транспорт
Нефтедобыча
Нефтепереработка
Нефтепроводы
Газопроводы
Сельскоехозяйство ипищеваяпромышленность
Непромышленныепотребители
Государственные(муниципальные)организации ипрочиебюджетныепотребители
Население иприравненныегруппыпотребителей
Территориальныесетевыеорганизации
абс.
%
Прогноз на месяц 
Ноябрь
КПО/Отпуск из сети 
Отпуск из сети, млн. кВт.ч
Организация 
Все
Прогноз электропотребления и выручки за услуги по передаче в разрезе отраслей'

06-11-2024T06:19:50 - [TEST_STEP][PASSED] - a7 = a7.replaceAll("[^0-9]", ""): null

06-11-2024T06:19:50 - [TEST_STEP][PASSED] - println("a7:" + a7): null

06-11-2024T06:19:50 - [TEST_STEP][PASSED] - click(findTestObject("Прогноз по отраслям/Фильтр Сравнение с")): Object: 'Object Repository/Прогноз по отраслям/Фильтр Сравнение с' is clicked on

06-11-2024T06:19:50 - [MESSAGE][PASSED] - Object: 'Object Repository/Прогноз по отраслям/Фильтр Сравнение с' is clicked on

06-11-2024T06:19:50 - [TEST_STEP][PASSED] - click(findTestObject("Прогноз по отраслям/План")): Object: 'Object Repository/Прогноз по отраслям/План' is clicked on

06-11-2024T06:19:51 - [MESSAGE][PASSED] - Object: 'Object Repository/Прогноз по отраслям/План' is clicked on

06-11-2024T06:19:51 - [TEST_STEP][PASSED] - delay(40): Delayed 40 second(s)

06-11-2024T06:20:31 - [MESSAGE][PASSED] - Delayed 40 second(s)

06-11-2024T06:20:31 - [TEST_STEP][PASSED] - a8 = getText(findTestObject("Прогноз по отраслям/Виджеты дашборда")): Text of object 'Object Repository/Прогноз по отраслям/Виджеты дашборда' is: 'Год 
2023 год
Сравнение с 
План
Отклонения по ПАО Россети на 2023 год
-492.2 -492.2
7 165.1 7 165.1
689.3 689.3
33 271.7 33 271.7
986.4 986.4
593.8 593.8
764.0 764.0
670.4 670.4
-592.4 -592.4
308.8 308.8
-940.9 -940.9
19 604.1 19 604.1
⬤ Отклонение, млн. кВт.ч
Интер РАО (для ФСК)
Промышленные потребители
Транспорт
Нефтедобыча
Нефтепереработка
Нефтепроводы
Газопроводы
Сельское хозяйство и пищевая пр…
Непромышленные потребители
Государственные (муниципальные…
Население и приравненные групп…
Территориальные сетевые органи…
Выручка отклонения по ПАО Россети на 2023 год
794.9 794.9
12 195.0 12 195.0
972.7 972.7
61 803.9 61 803.9
4 222.3 4 222.3
-121.8 -121.8
666.2 666.2
873.2 873.2
5 809.6 5 809.6
1 342.6 1 342.6
-4 463.2 -4 463.2
18 375.5 18 375.5
⬤ Отклонение, млн. руб.
Интер РАО (для ФСК)
Промышленные потребители
Транспорт
Нефтедобыча
Нефтепереработка
Нефтепроводы
Газопроводы
Сельское хозяйство и пищевая пр…
Непромышленные потребители
Государственные (муниципальные…
Население и приравненные групп…
Территориальные сетевые органи…
Динамика электропотребления, млрд. кВт.ч. по ПАО Россети на 2023 год
10 10
190 190
36 36
14 14
9 9
14 14
4 4
17 17
80 80
19 19
82 82
588 588
10 10
197 197
37 37
48 48
10 10
15 15
4 4
18 18
80 80
19 19
82 82
608 608
План
Ожидаемое (прогноз по конца года)
Интер РАО (дляФСК)
Промышленныепотребители
Транспорт
Нефтедобыча
Нефтепереработка
Нефтепроводы
Газопроводы
Сельскоехозяйство ипищеваяпромышленность
Непромышленныепотребители
Государственные(муниципальные)организации ипрочиебюджетныепотребители
Население иприравненныегруппыпотребителей
Территориальныесетевыеорганизации
Выручка по ПАО Россети на 2023 год
5 5
319 319
81 81
16 16
16 16
20 20
2 2
56 56
215 215
67 67
218 218
239 239
6 6
331 331
82 82
77 77
20 20
20 20
3 3
57 57
220 220
68 68
214 214
258 258
План
Ожидаемое (прогноз по конца года)
Интер РАО (дляФСК)
Промышленныепотребители
Транспорт
Нефтедобыча
Нефтепереработка
Нефтепроводы
Газопроводы
Сельскоехозяйство ипищеваяпромышленность
Непромышленныепотребители
Государственные(муниципальные)организации ипрочиебюджетныепотребители
Население иприравненныегруппыпотребителей
Территориальныесетевыеорганизации
абс.
%
Прогноз на месяц 
Ноябрь
КПО/Отпуск из сети 
Отпуск из сети, млн. кВт.ч
Организация 
Все
Прогноз электропотребления и выручки за услуги по передаче в разрезе отраслей'

06-11-2024T06:20:31 - [MESSAGE][PASSED] - Text of object 'Object Repository/Прогноз по отраслям/Виджеты дашборда' is: 'Год 
2023 год
Сравнение с 
План
Отклонения по ПАО Россети на 2023 год
-492.2 -492.2
7 165.1 7 165.1
689.3 689.3
33 271.7 33 271.7
986.4 986.4
593.8 593.8
764.0 764.0
670.4 670.4
-592.4 -592.4
308.8 308.8
-940.9 -940.9
19 604.1 19 604.1
⬤ Отклонение, млн. кВт.ч
Интер РАО (для ФСК)
Промышленные потребители
Транспорт
Нефтедобыча
Нефтепереработка
Нефтепроводы
Газопроводы
Сельское хозяйство и пищевая пр…
Непромышленные потребители
Государственные (муниципальные…
Население и приравненные групп…
Территориальные сетевые органи…
Выручка отклонения по ПАО Россети на 2023 год
794.9 794.9
12 195.0 12 195.0
972.7 972.7
61 803.9 61 803.9
4 222.3 4 222.3
-121.8 -121.8
666.2 666.2
873.2 873.2
5 809.6 5 809.6
1 342.6 1 342.6
-4 463.2 -4 463.2
18 375.5 18 375.5
⬤ Отклонение, млн. руб.
Интер РАО (для ФСК)
Промышленные потребители
Транспорт
Нефтедобыча
Нефтепереработка
Нефтепроводы
Газопроводы
Сельское хозяйство и пищевая пр…
Непромышленные потребители
Государственные (муниципальные…
Население и приравненные групп…
Территориальные сетевые органи…
Динамика электропотребления, млрд. кВт.ч. по ПАО Россети на 2023 год
10 10
190 190
36 36
14 14
9 9
14 14
4 4
17 17
80 80
19 19
82 82
588 588
10 10
197 197
37 37
48 48
10 10
15 15
4 4
18 18
80 80
19 19
82 82
608 608
План
Ожидаемое (прогноз по конца года)
Интер РАО (дляФСК)
Промышленныепотребители
Транспорт
Нефтедобыча
Нефтепереработка
Нефтепроводы
Газопроводы
Сельскоехозяйство ипищеваяпромышленность
Непромышленныепотребители
Государственные(муниципальные)организации ипрочиебюджетныепотребители
Население иприравненныегруппыпотребителей
Территориальныесетевыеорганизации
Выручка по ПАО Россети на 2023 год
5 5
319 319
81 81
16 16
16 16
20 20
2 2
56 56
215 215
67 67
218 218
239 239
6 6
331 331
82 82
77 77
20 20
20 20
3 3
57 57
220 220
68 68
214 214
258 258
План
Ожидаемое (прогноз по конца года)
Интер РАО (дляФСК)
Промышленныепотребители
Транспорт
Нефтедобыча
Нефтепереработка
Нефтепроводы
Газопроводы
Сельскоехозяйство ипищеваяпромышленность
Непромышленныепотребители
Государственные(муниципальные)организации ипрочиебюджетныепотребители
Население иприравненныегруппыпотребителей
Территориальныесетевыеорганизации
абс.
%
Прогноз на месяц 
Ноябрь
КПО/Отпуск из сети 
Отпуск из сети, млн. кВт.ч
Организация 
Все
Прогноз электропотребления и выручки за услуги по передаче в разрезе отраслей'

06-11-2024T06:20:31 - [TEST_STEP][PASSED] - a8 = a8.replaceAll("[^0-9]", ""): null

06-11-2024T06:20:31 - [TEST_STEP][PASSED] - println("a8:" + a8): null

06-11-2024T06:20:31 - [TEST_STEP][PASSED] - click(findTestObject("Прогноз по отраслям/Фильтр Сравнение с")): Object: 'Object Repository/Прогноз по отраслям/Фильтр Сравнение с' is clicked on

06-11-2024T06:20:32 - [MESSAGE][PASSED] - Object: 'Object Repository/Прогноз по отраслям/Фильтр Сравнение с' is clicked on

06-11-2024T06:20:32 - [TEST_STEP][PASSED] - click(findTestObject("Прогноз по отраслям/План СУ")): Object: 'Object Repository/Прогноз по отраслям/План СУ' is clicked on

06-11-2024T06:20:33 - [MESSAGE][PASSED] - Object: 'Object Repository/Прогноз по отраслям/План СУ' is clicked on

06-11-2024T06:20:33 - [TEST_STEP][PASSED] - delay(40): Delayed 40 second(s)

06-11-2024T06:21:13 - [MESSAGE][PASSED] - Delayed 40 second(s)

06-11-2024T06:21:13 - [TEST_STEP][PASSED] - a9 = getText(findTestObject("Прогноз по отраслям/Виджеты дашборда")): Text of object 'Object Repository/Прогноз по отраслям/Виджеты дашборда' is: 'Год 
2023 год
Сравнение с 
План/СУ
Отклонения по ПАО Россети на 2023 год
243.5 243.5
11 013.5 11 013.5
674.8 674.8
32 765.3 32 765.3
1 049.4 1 049.4
271.8 271.8
495.2 495.2
588.7 588.7
-7 607.7 -7 607.7
31.9 31.9
-1 318.1 -1 318.1
10 906.5 10 906.5
⬤ Отклонение, млн. кВт.ч
Интер РАО (для ФСК)
Промышленные потребители
Транспорт
Нефтедобыча
Нефтепереработка
Нефтепроводы
Газопроводы
Сельское хозяйство и пищевая пр…
Непромышленные потребители
Государственные (муниципальные…
Население и приравненные групп…
Территориальные сетевые органи…
Выручка отклонения по ПАО Россети на 2023 год
⬤ Отклонение, млн. руб.
Интер РАО (для ФСК)
Промышленные потребители
Транспорт
Нефтедобыча
Нефтепереработка
Нефтепроводы
Газопроводы
Сельское хозяйство и пищевая пр…
Непромышленные потребители
Государственные (муниципальные…
Население и приравненные групп…
Территориальные сетевые органи…
Динамика электропотребления, млрд. кВт.ч. по ПАО Россети на 2023 год
10 10
186 186
36 36
15 15
9 9
14 14
4 4
17 17
88 88
19 19
83 83
597 597
10 10
197 197
37 37
48 48
10 10
15 15
4 4
18 18
80 80
19 19
82 82
608 608
СУ
Ожидаемое (прогноз по конца года)
Интер РАО (дляФСК)
Промышленныепотребители
Транспорт
Нефтедобыча
Нефтепереработка
Нефтепроводы
Газопроводы
Сельскоехозяйство ипищеваяпромышленность
Непромышленныепотребители
Государственные(муниципальные)организации ипрочиебюджетныепотребители
Население иприравненныегруппыпотребителей
Территориальныесетевыеорганизации
Выручка по ПАО Россети на 2023 год
6 6
331 331
82 82
77 77
20 20
20 20
3 3
57 57
220 220
68 68
214 214
258 258
Ожидаемое (прогноз по конца года)
Интер РАО (дляФСК)
Промышленныепотребители
Транспорт
Нефтедобыча
Нефтепереработка
Нефтепроводы
Газопроводы
Сельскоехозяйство ипищеваяпромышленность
Непромышленныепотребители
Государственные(муниципальные)организации ипрочиебюджетныепотребители
Население иприравненныегруппыпотребителей
Территориальныесетевыеорганизации
абс.
%
Прогноз на месяц 
Ноябрь
КПО/Отпуск из сети 
Отпуск из сети, млн. кВт.ч
Организация 
Все
Прогноз электропотребления и выручки за услуги по передаче в разрезе отраслей'

06-11-2024T06:21:13 - [MESSAGE][PASSED] - Text of object 'Object Repository/Прогноз по отраслям/Виджеты дашборда' is: 'Год 
2023 год
Сравнение с 
План/СУ
Отклонения по ПАО Россети на 2023 год
243.5 243.5
11 013.5 11 013.5
674.8 674.8
32 765.3 32 765.3
1 049.4 1 049.4
271.8 271.8
495.2 495.2
588.7 588.7
-7 607.7 -7 607.7
31.9 31.9
-1 318.1 -1 318.1
10 906.5 10 906.5
⬤ Отклонение, млн. кВт.ч
Интер РАО (для ФСК)
Промышленные потребители
Транспорт
Нефтедобыча
Нефтепереработка
Нефтепроводы
Газопроводы
Сельское хозяйство и пищевая пр…
Непромышленные потребители
Государственные (муниципальные…
Население и приравненные групп…
Территориальные сетевые органи…
Выручка отклонения по ПАО Россети на 2023 год
⬤ Отклонение, млн. руб.
Интер РАО (для ФСК)
Промышленные потребители
Транспорт
Нефтедобыча
Нефтепереработка
Нефтепроводы
Газопроводы
Сельское хозяйство и пищевая пр…
Непромышленные потребители
Государственные (муниципальные…
Население и приравненные групп…
Территориальные сетевые органи…
Динамика электропотребления, млрд. кВт.ч. по ПАО Россети на 2023 год
10 10
186 186
36 36
15 15
9 9
14 14
4 4
17 17
88 88
19 19
83 83
597 597
10 10
197 197
37 37
48 48
10 10
15 15
4 4
18 18
80 80
19 19
82 82
608 608
СУ
Ожидаемое (прогноз по конца года)
Интер РАО (дляФСК)
Промышленныепотребители
Транспорт
Нефтедобыча
Нефтепереработка
Нефтепроводы
Газопроводы
Сельскоехозяйство ипищеваяпромышленность
Непромышленныепотребители
Государственные(муниципальные)организации ипрочиебюджетныепотребители
Население иприравненныегруппыпотребителей
Территориальныесетевыеорганизации
Выручка по ПАО Россети на 2023 год
6 6
331 331
82 82
77 77
20 20
20 20
3 3
57 57
220 220
68 68
214 214
258 258
Ожидаемое (прогноз по конца года)
Интер РАО (дляФСК)
Промышленныепотребители
Транспорт
Нефтедобыча
Нефтепереработка
Нефтепроводы
Газопроводы
Сельскоехозяйство ипищеваяпромышленность
Непромышленныепотребители
Государственные(муниципальные)организации ипрочиебюджетныепотребители
Население иприравненныегруппыпотребителей
Территориальныесетевыеорганизации
абс.
%
Прогноз на месяц 
Ноябрь
КПО/Отпуск из сети 
Отпуск из сети, млн. кВт.ч
Организация 
Все
Прогноз электропотребления и выручки за услуги по передаче в разрезе отраслей'

06-11-2024T06:21:13 - [TEST_STEP][PASSED] - a9 = a9.replaceAll("[^0-9]", ""): null

06-11-2024T06:21:13 - [TEST_STEP][PASSED] - println("a9:" + a9): null

06-11-2024T06:21:13 - [TEST_STEP][PASSED] - click(findTestObject("Прогноз по отраслям/Фильтр Сравнение с")): Object: 'Object Repository/Прогноз по отраслям/Фильтр Сравнение с' is clicked on

06-11-2024T06:21:14 - [MESSAGE][PASSED] - Object: 'Object Repository/Прогноз по отраслям/Фильтр Сравнение с' is clicked on

06-11-2024T06:21:14 - [TEST_STEP][PASSED] - click(findTestObject("Прогноз по отраслям/Факт прошлого года")): Object: 'Object Repository/Прогноз по отраслям/Факт прошлого года' is clicked on

06-11-2024T06:21:14 - [MESSAGE][PASSED] - Object: 'Object Repository/Прогноз по отраслям/Факт прошлого года' is clicked on

06-11-2024T06:21:14 - [TEST_STEP][PASSED] - click(findTestObject("Прогноз по отраслям/Фильтр КПО-Отпуск")): Object: 'Object Repository/Прогноз по отраслям/Фильтр КПО-Отпуск' is clicked on

06-11-2024T06:21:16 - [MESSAGE][PASSED] - Object: 'Object Repository/Прогноз по отраслям/Фильтр КПО-Отпуск' is clicked on

06-11-2024T06:21:16 - [TEST_STEP][PASSED] - click(findTestObject("Прогноз по отраслям/КПО")): Object: 'Object Repository/Прогноз по отраслям/КПО' is clicked on

06-11-2024T06:21:17 - [MESSAGE][PASSED] - Object: 'Object Repository/Прогноз по отраслям/КПО' is clicked on

06-11-2024T06:21:17 - [TEST_STEP][PASSED] - delay(40): Delayed 40 second(s)

06-11-2024T06:21:57 - [MESSAGE][PASSED] - Delayed 40 second(s)

06-11-2024T06:21:57 - [TEST_STEP][PASSED] - a10 = getText(findTestObject("Прогноз по отраслям/Виджеты дашборда")): Text of object 'Object Repository/Прогноз по отраслям/Виджеты дашборда' is: 'Год 
2023 год
Сравнение с 
Факт прошлого года
Отклонения по ПАО Россети на 2023 год
0.0 0.0
646.5 646.5
341.1 341.1
-2 455.6 -2 455.6
245.6 245.6
-1 796.0 -1 796.0
676.2 676.2
452.4 452.4
1 386.2 1 386.2
527.5 527.5
-1 130.4 -1 130.4
-128.7 -128.7
⬤ Отклонение, млн. кВт.ч
Интер РАО (для ФСК)
Промышленные потребители
Транспорт
Нефтедобыча
Нефтепереработка
Нефтепроводы
Газопроводы
Сельское хозяйство и пищевая пр…
Непромышленные потребители
Государственные (муниципальные…
Население и приравненные групп…
Территориальные сетевые органи…
Выручка отклонения по ПАО Россети на 2023 год
421.3 421.3
45 574.9 45 574.9
9 547.5 9 547.5
4 889.3 4 889.3
2 337.4 2 337.4
-1 682.6 -1 682.6
2 919.4 2 919.4
7 110.2 7 110.2
19 840.8 19 840.8
7 289.5 7 289.5
23 664.8 23 664.8
31 028.3 31 028.3
⬤ Отклонение, млн. руб.
Интер РАО (для ФСК)
Промышленные потребители
Транспорт
Нефтедобыча
Нефтепереработка
Нефтепроводы
Газопроводы
Сельское хозяйство и пищевая пр…
Непромышленные потребители
Государственные (муниципальные…
Население и приравненные групп…
Территориальные сетевые органи…
Динамика электропотребления, млрд. кВт.ч. по ПАО Россети на 2023 год
0 0
120 120
38 38
41 41
8 8
10 10
0 0
19 19
77 77
25 25
122 122
61 61
0 0
120 120
39 39
39 39
8 8
8 8
1 1
20 20
78 78
26 26
121 121
60 60
Факт прошлого года
Ожидаемое (прогноз по конца года)
Интер РАО (дляФСК)
Промышленныепотребители
Транспорт
Нефтедобыча
Нефтепереработка
Нефтепроводы
Газопроводы
Сельскоехозяйство ипищеваяпромышленность
Непромышленныепотребители
Государственные(муниципальные)организации ипрочиебюджетныепотребители
Население иприравненныегруппыпотребителей
Территориальныесетевыеорганизации
Выручка по ПАО Россети на 2023 год
5 5
285 285
72 72
72 72
18 18
22 22
0 0
50 50
201 201
61 61
190 190
227 227
6 6
331 331
82 82
77 77
20 20
20 20
3 3
57 57
220 220
68 68
214 214
258 258
Факт прошлого года
Ожидаемое (прогноз по конца года)
Интер РАО (дляФСК)
Промышленныепотребители
Транспорт
Нефтедобыча
Нефтепереработка
Нефтепроводы
Газопроводы
Сельскоехозяйство ипищеваяпромышленность
Непромышленныепотребители
Государственные(муниципальные)организации ипрочиебюджетныепотребители
Население иприравненныегруппыпотребителей
Территориальныесетевыеорганизации
абс.
%
Прогноз на месяц 
Ноябрь
КПО/Отпуск из сети 
Котловой полезный отпуск, млн. кВт.ч
Организация 
Все
Прогноз электропотребления и выручки за услуги по передаче в разрезе отраслей'

06-11-2024T06:21:57 - [MESSAGE][PASSED] - Text of object 'Object Repository/Прогноз по отраслям/Виджеты дашборда' is: 'Год 
2023 год
Сравнение с 
Факт прошлого года
Отклонения по ПАО Россети на 2023 год
0.0 0.0
646.5 646.5
341.1 341.1
-2 455.6 -2 455.6
245.6 245.6
-1 796.0 -1 796.0
676.2 676.2
452.4 452.4
1 386.2 1 386.2
527.5 527.5
-1 130.4 -1 130.4
-128.7 -128.7
⬤ Отклонение, млн. кВт.ч
Интер РАО (для ФСК)
Промышленные потребители
Транспорт
Нефтедобыча
Нефтепереработка
Нефтепроводы
Газопроводы
Сельское хозяйство и пищевая пр…
Непромышленные потребители
Государственные (муниципальные…
Население и приравненные групп…
Территориальные сетевые органи…
Выручка отклонения по ПАО Россети на 2023 год
421.3 421.3
45 574.9 45 574.9
9 547.5 9 547.5
4 889.3 4 889.3
2 337.4 2 337.4
-1 682.6 -1 682.6
2 919.4 2 919.4
7 110.2 7 110.2
19 840.8 19 840.8
7 289.5 7 289.5
23 664.8 23 664.8
31 028.3 31 028.3
⬤ Отклонение, млн. руб.
Интер РАО (для ФСК)
Промышленные потребители
Транспорт
Нефтедобыча
Нефтепереработка
Нефтепроводы
Газопроводы
Сельское хозяйство и пищевая пр…
Непромышленные потребители
Государственные (муниципальные…
Население и приравненные групп…
Территориальные сетевые органи…
Динамика электропотребления, млрд. кВт.ч. по ПАО Россети на 2023 год
0 0
120 120
38 38
41 41
8 8
10 10
0 0
19 19
77 77
25 25
122 122
61 61
0 0
120 120
39 39
39 39
8 8
8 8
1 1
20 20
78 78
26 26
121 121
60 60
Факт прошлого года
Ожидаемое (прогноз по конца года)
Интер РАО (дляФСК)
Промышленныепотребители
Транспорт
Нефтедобыча
Нефтепереработка
Нефтепроводы
Газопроводы
Сельскоехозяйство ипищеваяпромышленность
Непромышленныепотребители
Государственные(муниципальные)организации ипрочиебюджетныепотребители
Население иприравненныегруппыпотребителей
Территориальныесетевыеорганизации
Выручка по ПАО Россети на 2023 год
5 5
285 285
72 72
72 72
18 18
22 22
0 0
50 50
201 201
61 61
190 190
227 227
6 6
331 331
82 82
77 77
20 20
20 20
3 3
57 57
220 220
68 68
214 214
258 258
Факт прошлого года
Ожидаемое (прогноз по конца года)
Интер РАО (дляФСК)
Промышленныепотребители
Транспорт
Нефтедобыча
Нефтепереработка
Нефтепроводы
Газопроводы
Сельскоехозяйство ипищеваяпромышленность
Непромышленныепотребители
Государственные(муниципальные)организации ипрочиебюджетныепотребители
Население иприравненныегруппыпотребителей
Территориальныесетевыеорганизации
абс.
%
Прогноз на месяц 
Ноябрь
КПО/Отпуск из сети 
Котловой полезный отпуск, млн. кВт.ч
Организация 
Все
Прогноз электропотребления и выручки за услуги по передаче в разрезе отраслей'

06-11-2024T06:21:57 - [TEST_STEP][PASSED] - a10 = a10.replaceAll("[^0-9]", ""): null

06-11-2024T06:21:57 - [TEST_STEP][PASSED] - println("a10:" + a10): null

06-11-2024T06:21:57 - [TEST_STEP][PASSED] - click(findTestObject("Прогноз по отраслям/Фильтр Сравнение с")): Object: 'Object Repository/Прогноз по отраслям/Фильтр Сравнение с' is clicked on

06-11-2024T06:21:58 - [MESSAGE][PASSED] - Object: 'Object Repository/Прогноз по отраслям/Фильтр Сравнение с' is clicked on

06-11-2024T06:21:58 - [TEST_STEP][PASSED] - click(findTestObject("Прогноз по отраслям/План")): Object: 'Object Repository/Прогноз по отраслям/План' is clicked on

06-11-2024T06:21:59 - [MESSAGE][PASSED] - Object: 'Object Repository/Прогноз по отраслям/План' is clicked on

06-11-2024T06:21:59 - [TEST_STEP][PASSED] - delay(40): Delayed 40 second(s)

06-11-2024T06:22:39 - [MESSAGE][PASSED] - Delayed 40 second(s)

06-11-2024T06:22:39 - [TEST_STEP][PASSED] - a11 = getText(findTestObject("Прогноз по отраслям/Виджеты дашборда")): Text of object 'Object Repository/Прогноз по отраслям/Виджеты дашборда' is: 'Год 
2023 год
Сравнение с 
План
Отклонения по ПАО Россети на 2023 год
0.0 0.0
1 471.7 1 471.7
1 186.5 1 186.5
32 445.2 32 445.2
1 268.3 1 268.3
349.4 349.4
84.3 84.3
239.8 239.8
2 969.4 2 969.4
589.2 589.2
-1 798.4 -1 798.4
5 359.3 5 359.3
⬤ Отклонение, млн. кВт.ч
Интер РАО (для ФСК)
Промышленные потребители
Транспорт
Нефтедобыча
Нефтепереработка
Нефтепроводы
Газопроводы
Сельское хозяйство и пищевая пр…
Непромышленные потребители
Государственные (муниципальные…
Население и приравненные групп…
Территориальные сетевые органи…
Выручка отклонения по ПАО Россети на 2023 год
794.9 794.9
12 195.0 12 195.0
972.7 972.7
61 803.9 61 803.9
4 222.3 4 222.3
-121.8 -121.8
666.2 666.2
873.2 873.2
5 809.6 5 809.6
1 342.6 1 342.6
-4 463.2 -4 463.2
18 375.5 18 375.5
⬤ Отклонение, млн. руб.
Интер РАО (для ФСК)
Промышленные потребители
Транспорт
Нефтедобыча
Нефтепереработка
Нефтепроводы
Газопроводы
Сельское хозяйство и пищевая пр…
Непромышленные потребители
Государственные (муниципальные…
Население и приравненные групп…
Территориальные сетевые органи…
Динамика электропотребления, млрд. кВт.ч. по ПАО Россети на 2023 год
0 0
119 119
37 37
7 7
7 7
8 8
1 1
19 19
75 75
25 25
123 123
55 55
0 0
120 120
39 39
39 39
8 8
8 8
1 1
20 20
78 78
26 26
121 121
60 60
План
Ожидаемое (прогноз по конца года)
Интер РАО (дляФСК)
Промышленныепотребители
Транспорт
Нефтедобыча
Нефтепереработка
Нефтепроводы
Газопроводы
Сельскоехозяйство ипищеваяпромышленность
Непромышленныепотребители
Государственные(муниципальные)организации ипрочиебюджетныепотребители
Население иприравненныегруппыпотребителей
Территориальныесетевыеорганизации
Выручка по ПАО Россети на 2023 год
5 5
319 319
81 81
16 16
16 16
20 20
2 2
56 56
215 215
67 67
218 218
239 239
6 6
331 331
82 82
77 77
20 20
20 20
3 3
57 57
220 220
68 68
214 214
258 258
План
Ожидаемое (прогноз по конца года)
Интер РАО (дляФСК)
Промышленныепотребители
Транспорт
Нефтедобыча
Нефтепереработка
Нефтепроводы
Газопроводы
Сельскоехозяйство ипищеваяпромышленность
Непромышленныепотребители
Государственные(муниципальные)организации ипрочиебюджетныепотребители
Население иприравненныегруппыпотребителей
Территориальныесетевыеорганизации
абс.
%
Прогноз на месяц 
Ноябрь
КПО/Отпуск из сети 
Котловой полезный отпуск, млн. кВт.ч
Организация 
Все
Прогноз электропотребления и выручки за услуги по передаче в разрезе отраслей'

06-11-2024T06:22:39 - [MESSAGE][PASSED] - Text of object 'Object Repository/Прогноз по отраслям/Виджеты дашборда' is: 'Год 
2023 год
Сравнение с 
План
Отклонения по ПАО Россети на 2023 год
0.0 0.0
1 471.7 1 471.7
1 186.5 1 186.5
32 445.2 32 445.2
1 268.3 1 268.3
349.4 349.4
84.3 84.3
239.8 239.8
2 969.4 2 969.4
589.2 589.2
-1 798.4 -1 798.4
5 359.3 5 359.3
⬤ Отклонение, млн. кВт.ч
Интер РАО (для ФСК)
Промышленные потребители
Транспорт
Нефтедобыча
Нефтепереработка
Нефтепроводы
Газопроводы
Сельское хозяйство и пищевая пр…
Непромышленные потребители
Государственные (муниципальные…
Население и приравненные групп…
Территориальные сетевые органи…
Выручка отклонения по ПАО Россети на 2023 год
794.9 794.9
12 195.0 12 195.0
972.7 972.7
61 803.9 61 803.9
4 222.3 4 222.3
-121.8 -121.8
666.2 666.2
873.2 873.2
5 809.6 5 809.6
1 342.6 1 342.6
-4 463.2 -4 463.2
18 375.5 18 375.5
⬤ Отклонение, млн. руб.
Интер РАО (для ФСК)
Промышленные потребители
Транспорт
Нефтедобыча
Нефтепереработка
Нефтепроводы
Газопроводы
Сельское хозяйство и пищевая пр…
Непромышленные потребители
Государственные (муниципальные…
Население и приравненные групп…
Территориальные сетевые органи…
Динамика электропотребления, млрд. кВт.ч. по ПАО Россети на 2023 год
0 0
119 119
37 37
7 7
7 7
8 8
1 1
19 19
75 75
25 25
123 123
55 55
0 0
120 120
39 39
39 39
8 8
8 8
1 1
20 20
78 78
26 26
121 121
60 60
План
Ожидаемое (прогноз по конца года)
Интер РАО (дляФСК)
Промышленныепотребители
Транспорт
Нефтедобыча
Нефтепереработка
Нефтепроводы
Газопроводы
Сельскоехозяйство ипищеваяпромышленность
Непромышленныепотребители
Государственные(муниципальные)организации ипрочиебюджетныепотребители
Население иприравненныегруппыпотребителей
Территориальныесетевыеорганизации
Выручка по ПАО Россети на 2023 год
5 5
319 319
81 81
16 16
16 16
20 20
2 2
56 56
215 215
67 67
218 218
239 239
6 6
331 331
82 82
77 77
20 20
20 20
3 3
57 57
220 220
68 68
214 214
258 258
План
Ожидаемое (прогноз по конца года)
Интер РАО (дляФСК)
Промышленныепотребители
Транспорт
Нефтедобыча
Нефтепереработка
Нефтепроводы
Газопроводы
Сельскоехозяйство ипищеваяпромышленность
Непромышленныепотребители
Государственные(муниципальные)организации ипрочиебюджетныепотребители
Население иприравненныегруппыпотребителей
Территориальныесетевыеорганизации
абс.
%
Прогноз на месяц 
Ноябрь
КПО/Отпуск из сети 
Котловой полезный отпуск, млн. кВт.ч
Организация 
Все
Прогноз электропотребления и выручки за услуги по передаче в разрезе отраслей'

06-11-2024T06:22:39 - [TEST_STEP][PASSED] - println("a11:" + a11): null

06-11-2024T06:22:39 - [TEST_STEP][PASSED] - a11 = a11.replaceAll("[^0-9]", ""): null

06-11-2024T06:22:39 - [TEST_STEP][PASSED] - println("a11:" + a11): null

06-11-2024T06:22:39 - [TEST_STEP][PASSED] - click(findTestObject("Прогноз по отраслям/Фильтр Сравнение с")): Object: 'Object Repository/Прогноз по отраслям/Фильтр Сравнение с' is clicked on

06-11-2024T06:22:39 - [MESSAGE][PASSED] - Object: 'Object Repository/Прогноз по отраслям/Фильтр Сравнение с' is clicked on

06-11-2024T06:22:39 - [TEST_STEP][PASSED] - click(findTestObject("Прогноз по отраслям/План СУ")): Object: 'Object Repository/Прогноз по отраслям/План СУ' is clicked on

06-11-2024T06:22:40 - [MESSAGE][PASSED] - Object: 'Object Repository/Прогноз по отраслям/План СУ' is clicked on

06-11-2024T06:22:40 - [TEST_STEP][PASSED] - delay(40): Delayed 40 second(s)

06-11-2024T06:23:20 - [MESSAGE][PASSED] - Delayed 40 second(s)

06-11-2024T06:23:20 - [TEST_STEP][PASSED] - a12 = getText(findTestObject("Прогноз по отраслям/Виджеты дашборда")): Text of object 'Object Repository/Прогноз по отраслям/Виджеты дашборда' is: 'Год 
2023 год
Сравнение с 
План/СУ
Отклонения по ПАО Россети на 2023 год
0.0 0.0
120 322.6 120 322.6
38 655.4 38 655.4
39 037.8 39 037.8
8 291.7 8 291.7
8 259.5 8 259.5
793.1 793.1
19 706.6 19 706.6
78 310.2 78 310.2
25 579.5 25 579.5
121 219.7 121 219.7
60 414.9 60 414.9
⬤ Отклонение, млн. кВт.ч
Интер РАО (для ФСК)
Промышленные потребители
Транспорт
Нефтедобыча
Нефтепереработка
Нефтепроводы
Газопроводы
Сельское хозяйство и пищевая пр…
Непромышленные потребители
Государственные (муниципальные…
Население и приравненные групп…
Территориальные сетевые органи…
Выручка отклонения по ПАО Россети на 2023 год
⬤ Отклонение, млн. руб.
Интер РАО (для ФСК)
Промышленные потребители
Транспорт
Нефтедобыча
Нефтепереработка
Нефтепроводы
Газопроводы
Сельское хозяйство и пищевая пр…
Непромышленные потребители
Государственные (муниципальные…
Население и приравненные групп…
Территориальные сетевые органи…
Динамика электропотребления, млрд. кВт.ч. по ПАО Россети на 2023 год
0 0
0 0
0 0
0 0
0 0
0 0
0 0
0 0
0 0
0 0
0 0
0 0
0 0
120 120
39 39
39 39
8 8
8 8
1 1
20 20
78 78
26 26
121 121
60 60
СУ
Ожидаемое (прогноз по конца года)
Интер РАО (дляФСК)
Промышленныепотребители
Транспорт
Нефтедобыча
Нефтепереработка
Нефтепроводы
Газопроводы
Сельскоехозяйство ипищеваяпромышленность
Непромышленныепотребители
Государственные(муниципальные)организации ипрочиебюджетныепотребители
Население иприравненныегруппыпотребителей
Территориальныесетевыеорганизации
Выручка по ПАО Россети на 2023 год
6 6
331 331
82 82
77 77
20 20
20 20
3 3
57 57
220 220
68 68
214 214
258 258
Ожидаемое (прогноз по конца года)
Интер РАО (дляФСК)
Промышленныепотребители
Транспорт
Нефтедобыча
Нефтепереработка
Нефтепроводы
Газопроводы
Сельскоехозяйство ипищеваяпромышленность
Непромышленныепотребители
Государственные(муниципальные)организации ипрочиебюджетныепотребители
Население иприравненныегруппыпотребителей
Территориальныесетевыеорганизации
абс.
%
Прогноз на месяц 
Ноябрь
КПО/Отпуск из сети 
Котловой полезный отпуск, млн. кВт.ч
Организация 
Все
Прогноз электропотребления и выручки за услуги по передаче в разрезе отраслей'

06-11-2024T06:23:21 - [MESSAGE][PASSED] - Text of object 'Object Repository/Прогноз по отраслям/Виджеты дашборда' is: 'Год 
2023 год
Сравнение с 
План/СУ
Отклонения по ПАО Россети на 2023 год
0.0 0.0
120 322.6 120 322.6
38 655.4 38 655.4
39 037.8 39 037.8
8 291.7 8 291.7
8 259.5 8 259.5
793.1 793.1
19 706.6 19 706.6
78 310.2 78 310.2
25 579.5 25 579.5
121 219.7 121 219.7
60 414.9 60 414.9
⬤ Отклонение, млн. кВт.ч
Интер РАО (для ФСК)
Промышленные потребители
Транспорт
Нефтедобыча
Нефтепереработка
Нефтепроводы
Газопроводы
Сельское хозяйство и пищевая пр…
Непромышленные потребители
Государственные (муниципальные…
Население и приравненные групп…
Территориальные сетевые органи…
Выручка отклонения по ПАО Россети на 2023 год
⬤ Отклонение, млн. руб.
Интер РАО (для ФСК)
Промышленные потребители
Транспорт
Нефтедобыча
Нефтепереработка
Нефтепроводы
Газопроводы
Сельское хозяйство и пищевая пр…
Непромышленные потребители
Государственные (муниципальные…
Население и приравненные групп…
Территориальные сетевые органи…
Динамика электропотребления, млрд. кВт.ч. по ПАО Россети на 2023 год
0 0
0 0
0 0
0 0
0 0
0 0
0 0
0 0
0 0
0 0
0 0
0 0
0 0
120 120
39 39
39 39
8 8
8 8
1 1
20 20
78 78
26 26
121 121
60 60
СУ
Ожидаемое (прогноз по конца года)
Интер РАО (дляФСК)
Промышленныепотребители
Транспорт
Нефтедобыча
Нефтепереработка
Нефтепроводы
Газопроводы
Сельскоехозяйство ипищеваяпромышленность
Непромышленныепотребители
Государственные(муниципальные)организации ипрочиебюджетныепотребители
Население иприравненныегруппыпотребителей
Территориальныесетевыеорганизации
Выручка по ПАО Россети на 2023 год
6 6
331 331
82 82
77 77
20 20
20 20
3 3
57 57
220 220
68 68
214 214
258 258
Ожидаемое (прогноз по конца года)
Интер РАО (дляФСК)
Промышленныепотребители
Транспорт
Нефтедобыча
Нефтепереработка
Нефтепроводы
Газопроводы
Сельскоехозяйство ипищеваяпромышленность
Непромышленныепотребители
Государственные(муниципальные)организации ипрочиебюджетныепотребители
Население иприравненныегруппыпотребителей
Территориальныесетевыеорганизации
абс.
%
Прогноз на месяц 
Ноябрь
КПО/Отпуск из сети 
Котловой полезный отпуск, млн. кВт.ч
Организация 
Все
Прогноз электропотребления и выручки за услуги по передаче в разрезе отраслей'

06-11-2024T06:23:21 - [TEST_STEP][PASSED] - a12 = a12.replaceAll("[^0-9]", ""): null

06-11-2024T06:23:21 - [TEST_STEP][PASSED] - println("a12:" + a12): null

06-11-2024T06:23:21 - [TEST_STEP][PASSED] - navigateToUrl(findTestData("PlanFact").getValue(10, 12)): Navigate to 'https://bi.rosseti.digital/viewer?dashboardGuid=d218b6eb1b7845df8f1994d6a65c072b&sheetGuid=3059d1e0f28043ee8c80901707e9c246&fit=true' successfully

06-11-2024T06:23:22 - [MESSAGE][PASSED] - Navigate to 'https://bi.rosseti.digital/viewer?dashboardGuid=d218b6eb1b7845df8f1994d6a65c072b&sheetGuid=3059d1e0f28043ee8c80901707e9c246&fit=true' successfully

06-11-2024T06:23:22 - [TEST_STEP][PASSED] - delay(50): Delayed 50 second(s)

06-11-2024T06:24:12 - [MESSAGE][PASSED] - Delayed 50 second(s)

06-11-2024T06:24:12 - [TEST_STEP][PASSED] - click(findTestObject("Прогноз по отраслям/Фильтр месяц Стресс")): Object: 'Object Repository/Прогноз по отраслям/Фильтр месяц Стресс' is clicked on

06-11-2024T06:24:12 - [MESSAGE][PASSED] - Object: 'Object Repository/Прогноз по отраслям/Фильтр месяц Стресс' is clicked on

06-11-2024T06:24:12 - [TEST_STEP][PASSED] - scrollToElement(findTestObject("Прогноз по отраслям/Ноябрь Стресс"), 30): Scroll to object 'Object Repository/Прогноз по отраслям/Ноябрь Стресс' successfully

06-11-2024T06:24:12 - [MESSAGE][PASSED] - Scroll to object 'Object Repository/Прогноз по отраслям/Ноябрь Стресс' successfully

06-11-2024T06:24:12 - [TEST_STEP][PASSED] - click(findTestObject("Прогноз по отраслям/Ноябрь Стресс")): Object: 'Object Repository/Прогноз по отраслям/Ноябрь Стресс' is clicked on

06-11-2024T06:24:13 - [MESSAGE][PASSED] - Object: 'Object Repository/Прогноз по отраслям/Ноябрь Стресс' is clicked on

06-11-2024T06:24:13 - [TEST_STEP][PASSED] - scrollToElement(findTestObject("Прогноз по отраслям/Заголовок дашборда Стресс"), 30): Scroll to object 'Object Repository/Прогноз по отраслям/Заголовок дашборда Стресс' successfully

06-11-2024T06:24:15 - [MESSAGE][PASSED] - Scroll to object 'Object Repository/Прогноз по отраслям/Заголовок дашборда Стресс' successfully

06-11-2024T06:24:15 - [TEST_STEP][PASSED] - click(findTestObject("Прогноз по отраслям/Фильтр Сравнение с Стресс")): Object: 'Object Repository/Прогноз по отраслям/Фильтр Сравнение с Стресс' is clicked on

06-11-2024T06:24:16 - [MESSAGE][PASSED] - Object: 'Object Repository/Прогноз по отраслям/Фильтр Сравнение с Стресс' is clicked on

06-11-2024T06:24:16 - [TEST_STEP][PASSED] - click(findTestObject("Прогноз по отраслям/Факт прошлого года Стресс")): Object: 'Object Repository/Прогноз по отраслям/Факт прошлого года Стресс' is clicked on

06-11-2024T06:24:17 - [MESSAGE][PASSED] - Object: 'Object Repository/Прогноз по отраслям/Факт прошлого года Стресс' is clicked on

06-11-2024T06:24:17 - [TEST_STEP][PASSED] - click(findTestObject("Прогноз по отраслям/Фильтр КПО-Отпуск Стресс")): Object: 'Object Repository/Прогноз по отраслям/Фильтр КПО-Отпуск Стресс' is clicked on

06-11-2024T06:24:19 - [MESSAGE][PASSED] - Object: 'Object Repository/Прогноз по отраслям/Фильтр КПО-Отпуск Стресс' is clicked on

06-11-2024T06:24:19 - [TEST_STEP][PASSED] - click(findTestObject("Прогноз по отраслям/Отпуск Стресс")): Object: 'Object Repository/Прогноз по отраслям/Отпуск Стресс' is clicked on

06-11-2024T06:24:20 - [MESSAGE][PASSED] - Object: 'Object Repository/Прогноз по отраслям/Отпуск Стресс' is clicked on

06-11-2024T06:24:20 - [TEST_STEP][PASSED] - delay(40): Delayed 40 second(s)

06-11-2024T06:25:00 - [MESSAGE][PASSED] - Delayed 40 second(s)

06-11-2024T06:25:00 - [TEST_STEP][PASSED] - b1 = getText(findTestObject("Прогноз по отраслям/Виджеты дашборда")): Text of object 'Object Repository/Прогноз по отраслям/Виджеты дашборда' is: 'Год 
2023 год
Сравнение с 
Факт прошлого года
Динамика электропотребления, млрд. кВт.ч., по ПАО Россети на 2023 год
12 12
186 186
36 36
50 50
10 10
19 19
0 0
17 17
85 85
19 19
82 82
604 604
10 10
197 197
37 37
48 48
10 10
15 15
4 4
18 18
80 80
19 19
82 82
608 608
Факт прошлого года
Ожидаемое (прогноз до конца года)
Интер РАО(для ФСК)
Промышленныепотребители
Транспорт
Нефтедобыча
Нефтеперераб…
Нефтепроводы
Газопроводы
Сельское хозя…
Непромышлен…
Государственн…
Население иприравненныегруппыпотребителей
Территориальн…
Выручка, млрд. руб, по ПАО Россети на 2023 год
5 5
285 285
72 72
72 72
18 18
22 22
0 0
50 50
201 201
61 61
190 190
227 227
6 6
331 331
82 82
77 77
20 20
20 20
3 3
57 57
220 220
68 68
214 214
258 258
Факт прошлого года
Ожидаемое (прогноз до конца года)
Интер РАО(для ФСК)
Промышленныепотребители
Транспорт
Нефтедобыча
Нефтеперераб…
Нефтепроводы
Газопроводы
Сельское хозя…
Непромышлен…
Государственн…
Население иприравненныегруппыпотребителей
Территориальн…
Отклонения по ПАО Россети на 2023 год
-18.5% -18.5%
5.9% 5.9%
3.6% 3.6%
-3.9% -3.9%
0.9% 0.9%
-20.7% -20.7%
3 313.2% 3 313.2%
3.8% 3.8%
-5.6% -5.6%
1.3% 1.3%
-0.9% -0.9%
0.7% 0.7%
⬤ Отклонение, %
Интер РАО (для ФСК)
Промышленные потребители
Транспорт
Нефтедобыча
Нефтепереработка
Нефтепроводы
Газопроводы
Сельское хозяйство и пищевая про…
Непромышленные потребители
Государственные (муниципальные)…
Население и приравненные группы…
Территориальные сетевые организ…
Выручка отклонения по ПАО Россети на 2023 год
7.7% 7.7%
16.0% 16.0%
13.2% 13.2%
6.7% 6.7%
13.3% 13.3%
-7.7% -7.7%
1 331.5% 1 331.5%
14.2% 14.2%
9.9% 9.9%
12.0% 12.0%
12.4% 12.4%
13.7% 13.7%
⬤ Отклонение, %
Интер РАО (для ФСК)
Промышленные потребители
Транспорт
Нефтедобыча
Нефтепереработка
Нефтепроводы
Газопроводы
Сельское хозяйство и пищевая про…
Непромышленные потребители
Государственные (муниципальные)…
Население и приравненные группы…
Территориальные сетевые организ…
абс.
%
Прогноз на месяц 
Ноябрь
КПО/Отпуск из сети 
Отпуск из сети, млн. кВт.ч
Организация 
Все
Прогноз электропотребления и выручки за услуги по передаче в разрезе отраслей'

06-11-2024T06:25:01 - [MESSAGE][PASSED] - Text of object 'Object Repository/Прогноз по отраслям/Виджеты дашборда' is: 'Год 
2023 год
Сравнение с 
Факт прошлого года
Динамика электропотребления, млрд. кВт.ч., по ПАО Россети на 2023 год
12 12
186 186
36 36
50 50
10 10
19 19
0 0
17 17
85 85
19 19
82 82
604 604
10 10
197 197
37 37
48 48
10 10
15 15
4 4
18 18
80 80
19 19
82 82
608 608
Факт прошлого года
Ожидаемое (прогноз до конца года)
Интер РАО(для ФСК)
Промышленныепотребители
Транспорт
Нефтедобыча
Нефтеперераб…
Нефтепроводы
Газопроводы
Сельское хозя…
Непромышлен…
Государственн…
Население иприравненныегруппыпотребителей
Территориальн…
Выручка, млрд. руб, по ПАО Россети на 2023 год
5 5
285 285
72 72
72 72
18 18
22 22
0 0
50 50
201 201
61 61
190 190
227 227
6 6
331 331
82 82
77 77
20 20
20 20
3 3
57 57
220 220
68 68
214 214
258 258
Факт прошлого года
Ожидаемое (прогноз до конца года)
Интер РАО(для ФСК)
Промышленныепотребители
Транспорт
Нефтедобыча
Нефтеперераб…
Нефтепроводы
Газопроводы
Сельское хозя…
Непромышлен…
Государственн…
Население иприравненныегруппыпотребителей
Территориальн…
Отклонения по ПАО Россети на 2023 год
-18.5% -18.5%
5.9% 5.9%
3.6% 3.6%
-3.9% -3.9%
0.9% 0.9%
-20.7% -20.7%
3 313.2% 3 313.2%
3.8% 3.8%
-5.6% -5.6%
1.3% 1.3%
-0.9% -0.9%
0.7% 0.7%
⬤ Отклонение, %
Интер РАО (для ФСК)
Промышленные потребители
Транспорт
Нефтедобыча
Нефтепереработка
Нефтепроводы
Газопроводы
Сельское хозяйство и пищевая про…
Непромышленные потребители
Государственные (муниципальные)…
Население и приравненные группы…
Территориальные сетевые организ…
Выручка отклонения по ПАО Россети на 2023 год
7.7% 7.7%
16.0% 16.0%
13.2% 13.2%
6.7% 6.7%
13.3% 13.3%
-7.7% -7.7%
1 331.5% 1 331.5%
14.2% 14.2%
9.9% 9.9%
12.0% 12.0%
12.4% 12.4%
13.7% 13.7%
⬤ Отклонение, %
Интер РАО (для ФСК)
Промышленные потребители
Транспорт
Нефтедобыча
Нефтепереработка
Нефтепроводы
Газопроводы
Сельское хозяйство и пищевая про…
Непромышленные потребители
Государственные (муниципальные)…
Население и приравненные группы…
Территориальные сетевые организ…
абс.
%
Прогноз на месяц 
Ноябрь
КПО/Отпуск из сети 
Отпуск из сети, млн. кВт.ч
Организация 
Все
Прогноз электропотребления и выручки за услуги по передаче в разрезе отраслей'

06-11-2024T06:25:01 - [TEST_STEP][PASSED] - b1 = b1.replaceAll("[^0-9]", ""): null

06-11-2024T06:25:01 - [TEST_STEP][PASSED] - println("b1:" + b1): null

06-11-2024T06:25:01 - [TEST_STEP][PASSED] - click(findTestObject("Прогноз по отраслям/Фильтр Сравнение с Стресс")): Object: 'Object Repository/Прогноз по отраслям/Фильтр Сравнение с Стресс' is clicked on

06-11-2024T06:25:01 - [MESSAGE][PASSED] - Object: 'Object Repository/Прогноз по отраслям/Фильтр Сравнение с Стресс' is clicked on

06-11-2024T06:25:01 - [TEST_STEP][PASSED] - click(findTestObject("Прогноз по отраслям/План Стресс")): Object: 'Object Repository/Прогноз по отраслям/План Стресс' is clicked on

06-11-2024T06:25:03 - [MESSAGE][PASSED] - Object: 'Object Repository/Прогноз по отраслям/План Стресс' is clicked on

06-11-2024T06:25:03 - [TEST_STEP][PASSED] - delay(40): Delayed 40 second(s)

06-11-2024T06:25:43 - [MESSAGE][PASSED] - Delayed 40 second(s)

06-11-2024T06:25:43 - [TEST_STEP][PASSED] - b2 = getText(findTestObject("Прогноз по отраслям/Виджеты дашборда")): Text of object 'Object Repository/Прогноз по отраслям/Виджеты дашборда' is: 'Год 
2023 год
Сравнение с 
План
Динамика электропотребления, млрд. кВт.ч., по ПАО Россети на 2023 год
10 10
190 190
36 36
14 14
9 9
14 14
4 4
17 17
80 80
19 19
82 82
588 588
10 10
197 197
37 37
48 48
10 10
15 15
4 4
18 18
80 80
19 19
82 82
608 608
План
Ожидаемое (прогноз до конца года)
Интер РАО(для ФСК)
Промышленныепотребители
Транспорт
Нефтедобыча
Нефтеперераб…
Нефтепроводы
Газопроводы
Сельское хозя…
Непромышлен…
Государственн…
Население иприравненныегруппыпотребителей
Территориальн…
Выручка, млрд. руб, по ПАО Россети на 2023 год
5 5
319 319
81 81
16 16
16 16
20 20
2 2
56 56
215 215
67 67
218 218
239 239
6 6
331 331
82 82
77 77
20 20
20 20
3 3
57 57
220 220
68 68
214 214
258 258
План
Ожидаемое (прогноз до конца года)
Интер РАО(для ФСК)
Промышленныепотребители
Транспорт
Нефтедобыча
Нефтеперераб…
Нефтепроводы
Газопроводы
Сельское хозя…
Непромышлен…
Государственн…
Население иприравненныегруппыпотребителей
Территориальн…
Отклонения по ПАО Россети на 2023 год
-4.7% -4.7%
3.8% 3.8%
1.9% 1.9%
230.3% 230.3%
10.9% 10.9%
4.2% 4.2%
21.7% 21.7%
3.9% 3.9%
-0.6% -0.6%
1.6% 1.6%
-1.0% -1.0%
3.3% 3.3%
⬤ Отклонение, %
Интер РАО (для ФСК)
Промышленные потребители
Транспорт
Нефтедобыча
Нефтепереработка
Нефтепроводы
Газопроводы
Сельское хозяйство и пищевая про…
Непромышленные потребители
Государственные (муниципальные)…
Население и приравненные группы…
Территориальные сетевые организ…
Выручка отклонения по ПАО Россети на 2023 год
15.6% 15.6%
3.8% 3.8%
1.2% 1.2%
398.2% 398.2%
26.9% 26.9%
-0.6% -0.6%
26.9% 26.9%
1.5% 1.5%
2.7% 2.7%
2.0% 2.0%
-2.0% -2.0%
7.9% 7.9%
⬤ Отклонение, %
Интер РАО (для ФСК)
Промышленные потребители
Транспорт
Нефтедобыча
Нефтепереработка
Нефтепроводы
Газопроводы
Сельское хозяйство и пищевая про…
Непромышленные потребители
Государственные (муниципальные)…
Население и приравненные группы…
Территориальные сетевые организ…
абс.
%
Прогноз на месяц 
Ноябрь
КПО/Отпуск из сети 
Отпуск из сети, млн. кВт.ч
Организация 
Все
Прогноз электропотребления и выручки за услуги по передаче в разрезе отраслей'

06-11-2024T06:25:43 - [MESSAGE][PASSED] - Text of object 'Object Repository/Прогноз по отраслям/Виджеты дашборда' is: 'Год 
2023 год
Сравнение с 
План
Динамика электропотребления, млрд. кВт.ч., по ПАО Россети на 2023 год
10 10
190 190
36 36
14 14
9 9
14 14
4 4
17 17
80 80
19 19
82 82
588 588
10 10
197 197
37 37
48 48
10 10
15 15
4 4
18 18
80 80
19 19
82 82
608 608
План
Ожидаемое (прогноз до конца года)
Интер РАО(для ФСК)
Промышленныепотребители
Транспорт
Нефтедобыча
Нефтеперераб…
Нефтепроводы
Газопроводы
Сельское хозя…
Непромышлен…
Государственн…
Население иприравненныегруппыпотребителей
Территориальн…
Выручка, млрд. руб, по ПАО Россети на 2023 год
5 5
319 319
81 81
16 16
16 16
20 20
2 2
56 56
215 215
67 67
218 218
239 239
6 6
331 331
82 82
77 77
20 20
20 20
3 3
57 57
220 220
68 68
214 214
258 258
План
Ожидаемое (прогноз до конца года)
Интер РАО(для ФСК)
Промышленныепотребители
Транспорт
Нефтедобыча
Нефтеперераб…
Нефтепроводы
Газопроводы
Сельское хозя…
Непромышлен…
Государственн…
Население иприравненныегруппыпотребителей
Территориальн…
Отклонения по ПАО Россети на 2023 год
-4.7% -4.7%
3.8% 3.8%
1.9% 1.9%
230.3% 230.3%
10.9% 10.9%
4.2% 4.2%
21.7% 21.7%
3.9% 3.9%
-0.6% -0.6%
1.6% 1.6%
-1.0% -1.0%
3.3% 3.3%
⬤ Отклонение, %
Интер РАО (для ФСК)
Промышленные потребители
Транспорт
Нефтедобыча
Нефтепереработка
Нефтепроводы
Газопроводы
Сельское хозяйство и пищевая про…
Непромышленные потребители
Государственные (муниципальные)…
Население и приравненные группы…
Территориальные сетевые организ…
Выручка отклонения по ПАО Россети на 2023 год
15.6% 15.6%
3.8% 3.8%
1.2% 1.2%
398.2% 398.2%
26.9% 26.9%
-0.6% -0.6%
26.9% 26.9%
1.5% 1.5%
2.7% 2.7%
2.0% 2.0%
-2.0% -2.0%
7.9% 7.9%
⬤ Отклонение, %
Интер РАО (для ФСК)
Промышленные потребители
Транспорт
Нефтедобыча
Нефтепереработка
Нефтепроводы
Газопроводы
Сельское хозяйство и пищевая про…
Непромышленные потребители
Государственные (муниципальные)…
Население и приравненные группы…
Территориальные сетевые организ…
абс.
%
Прогноз на месяц 
Ноябрь
КПО/Отпуск из сети 
Отпуск из сети, млн. кВт.ч
Организация 
Все
Прогноз электропотребления и выручки за услуги по передаче в разрезе отраслей'

06-11-2024T06:25:43 - [TEST_STEP][PASSED] - b2 = b2.replaceAll("[^0-9]", ""): null

06-11-2024T06:25:43 - [TEST_STEP][PASSED] - println("b2:" + b2): null

06-11-2024T06:25:43 - [TEST_STEP][PASSED] - click(findTestObject("Прогноз по отраслям/Фильтр Сравнение с Стресс")): Object: 'Object Repository/Прогноз по отраслям/Фильтр Сравнение с Стресс' is clicked on

06-11-2024T06:25:44 - [MESSAGE][PASSED] - Object: 'Object Repository/Прогноз по отраслям/Фильтр Сравнение с Стресс' is clicked on

06-11-2024T06:25:44 - [TEST_STEP][PASSED] - click(findTestObject("Прогноз по отраслям/План СУ Стресс")): Object: 'Object Repository/Прогноз по отраслям/План СУ Стресс' is clicked on

06-11-2024T06:25:45 - [MESSAGE][PASSED] - Object: 'Object Repository/Прогноз по отраслям/План СУ Стресс' is clicked on

06-11-2024T06:25:45 - [TEST_STEP][PASSED] - delay(40): Delayed 40 second(s)

06-11-2024T06:26:25 - [MESSAGE][PASSED] - Delayed 40 second(s)

06-11-2024T06:26:25 - [TEST_STEP][PASSED] - b3 = getText(findTestObject("Прогноз по отраслям/Виджеты дашборда")): Text of object 'Object Repository/Прогноз по отраслям/Виджеты дашборда' is: 'Год 
2023 год
Сравнение с 
План/СУ
Динамика электропотребления, млрд. кВт.ч., по ПАО Россети на 2023 год
10 10
186 186
36 36
15 15
9 9
14 14
4 4
17 17
88 88
19 19
83 83
597 597
10 10
197 197
37 37
48 48
10 10
15 15
4 4
18 18
80 80
19 19
82 82
608 608
СУ
Ожидаемое (прогноз до конца года)
Интер РАО(для ФСК)
Промышленныепотребители
Транспорт
Нефтедобыча
Нефтеперераб…
Нефтепроводы
Газопроводы
Сельское хозя…
Непромышлен…
Государственн…
Население иприравненныегруппыпотребителей
Территориальн…
Выручка, млрд. руб, по ПАО Россети на 2023 год
6 6
331 331
82 82
77 77
20 20
20 20
3 3
57 57
220 220
68 68
214 214
258 258
Ожидаемое (прогноз до конца года)
Интер РАО(для ФСК)
Промышленныепотребители
Транспорт
Нефтедобыча
Нефтеперераб…
Нефтепроводы
Газопроводы
Сельское хозя…
Непромышлен…
Государственн…
Население иприравненныегруппыпотребителей
Территориальн…
Отклонения по ПАО Россети на 2023 год
2.5% 2.5%
5.9% 5.9%
1.9% 1.9%
219.1% 219.1%
11.7% 11.7%
1.9% 1.9%
13.1% 13.1%
3.5% 3.5%
-8.7% -8.7%
0.2% 0.2%
-1.6% -1.6%
1.8% 1.8%
⬤ Отклонение, %
Интер РАО (для ФСК)
Промышленные потребители
Транспорт
Нефтедобыча
Нефтепереработка
Нефтепроводы
Газопроводы
Сельское хозяйство и пищевая про…
Непромышленные потребители
Государственные (муниципальные)…
Население и приравненные группы…
Территориальные сетевые организ…
Выручка отклонения по ПАО Россети на 2023 год
⬤ Отклонение, %
Интер РАО (для ФСК)
Промышленные потребители
Транспорт
Нефтедобыча
Нефтепереработка
Нефтепроводы
Газопроводы
Сельское хозяйство и пищевая про…
Непромышленные потребители
Государственные (муниципальные)…
Население и приравненные группы…
Территориальные сетевые организ…
абс.
%
Прогноз на месяц 
Ноябрь
КПО/Отпуск из сети 
Отпуск из сети, млн. кВт.ч
Организация 
Все
Прогноз электропотребления и выручки за услуги по передаче в разрезе отраслей'

06-11-2024T06:26:26 - [MESSAGE][PASSED] - Text of object 'Object Repository/Прогноз по отраслям/Виджеты дашборда' is: 'Год 
2023 год
Сравнение с 
План/СУ
Динамика электропотребления, млрд. кВт.ч., по ПАО Россети на 2023 год
10 10
186 186
36 36
15 15
9 9
14 14
4 4
17 17
88 88
19 19
83 83
597 597
10 10
197 197
37 37
48 48
10 10
15 15
4 4
18 18
80 80
19 19
82 82
608 608
СУ
Ожидаемое (прогноз до конца года)
Интер РАО(для ФСК)
Промышленныепотребители
Транспорт
Нефтедобыча
Нефтеперераб…
Нефтепроводы
Газопроводы
Сельское хозя…
Непромышлен…
Государственн…
Население иприравненныегруппыпотребителей
Территориальн…
Выручка, млрд. руб, по ПАО Россети на 2023 год
6 6
331 331
82 82
77 77
20 20
20 20
3 3
57 57
220 220
68 68
214 214
258 258
Ожидаемое (прогноз до конца года)
Интер РАО(для ФСК)
Промышленныепотребители
Транспорт
Нефтедобыча
Нефтеперераб…
Нефтепроводы
Газопроводы
Сельское хозя…
Непромышлен…
Государственн…
Население иприравненныегруппыпотребителей
Территориальн…
Отклонения по ПАО Россети на 2023 год
2.5% 2.5%
5.9% 5.9%
1.9% 1.9%
219.1% 219.1%
11.7% 11.7%
1.9% 1.9%
13.1% 13.1%
3.5% 3.5%
-8.7% -8.7%
0.2% 0.2%
-1.6% -1.6%
1.8% 1.8%
⬤ Отклонение, %
Интер РАО (для ФСК)
Промышленные потребители
Транспорт
Нефтедобыча
Нефтепереработка
Нефтепроводы
Газопроводы
Сельское хозяйство и пищевая про…
Непромышленные потребители
Государственные (муниципальные)…
Население и приравненные группы…
Территориальные сетевые организ…
Выручка отклонения по ПАО Россети на 2023 год
⬤ Отклонение, %
Интер РАО (для ФСК)
Промышленные потребители
Транспорт
Нефтедобыча
Нефтепереработка
Нефтепроводы
Газопроводы
Сельское хозяйство и пищевая про…
Непромышленные потребители
Государственные (муниципальные)…
Население и приравненные группы…
Территориальные сетевые организ…
абс.
%
Прогноз на месяц 
Ноябрь
КПО/Отпуск из сети 
Отпуск из сети, млн. кВт.ч
Организация 
Все
Прогноз электропотребления и выручки за услуги по передаче в разрезе отраслей'

06-11-2024T06:26:26 - [TEST_STEP][PASSED] - b3 = b3.replaceAll("[^0-9]", ""): null

06-11-2024T06:26:26 - [TEST_STEP][PASSED] - println("b3:" + b3): null

06-11-2024T06:26:26 - [TEST_STEP][PASSED] - click(findTestObject("Прогноз по отраслям/Фильтр Сравнение с Стресс")): Object: 'Object Repository/Прогноз по отраслям/Фильтр Сравнение с Стресс' is clicked on

06-11-2024T06:26:26 - [MESSAGE][PASSED] - Object: 'Object Repository/Прогноз по отраслям/Фильтр Сравнение с Стресс' is clicked on

06-11-2024T06:26:26 - [TEST_STEP][PASSED] - click(findTestObject("Прогноз по отраслям/Факт прошлого года Стресс")): Object: 'Object Repository/Прогноз по отраслям/Факт прошлого года Стресс' is clicked on

06-11-2024T06:26:27 - [MESSAGE][PASSED] - Object: 'Object Repository/Прогноз по отраслям/Факт прошлого года Стресс' is clicked on

06-11-2024T06:26:27 - [TEST_STEP][PASSED] - click(findTestObject("Прогноз по отраслям/Фильтр КПО-Отпуск Стресс")): Object: 'Object Repository/Прогноз по отраслям/Фильтр КПО-Отпуск Стресс' is clicked on

06-11-2024T06:26:29 - [MESSAGE][PASSED] - Object: 'Object Repository/Прогноз по отраслям/Фильтр КПО-Отпуск Стресс' is clicked on

06-11-2024T06:26:29 - [TEST_STEP][PASSED] - click(findTestObject("Прогноз по отраслям/КПО Стресс")): Object: 'Object Repository/Прогноз по отраслям/КПО Стресс' is clicked on

06-11-2024T06:26:31 - [MESSAGE][PASSED] - Object: 'Object Repository/Прогноз по отраслям/КПО Стресс' is clicked on

06-11-2024T06:26:31 - [TEST_STEP][PASSED] - delay(40): Delayed 40 second(s)

06-11-2024T06:27:11 - [MESSAGE][PASSED] - Delayed 40 second(s)

06-11-2024T06:27:11 - [TEST_STEP][PASSED] - b4 = getText(findTestObject("Прогноз по отраслям/Виджеты дашборда")): Text of object 'Object Repository/Прогноз по отраслям/Виджеты дашборда' is: 'Год 
2023 год
Сравнение с 
Факт прошлого года
Динамика электропотребления, млрд. кВт.ч., по ПАО Россети на 2023 год
0 0
120 120
38 38
41 41
8 8
10 10
0 0
19 19
77 77
25 25
122 122
61 61
0 0
120 120
39 39
39 39
8 8
8 8
1 1
20 20
78 78
26 26
121 121
60 60
Факт прошлого года
Ожидаемое (прогноз до конца года)
Интер РАО(для ФСК)
Промышленныепотребители
Транспорт
Нефтедобыча
Нефтеперераб…
Нефтепроводы
Газопроводы
Сельское хозя…
Непромышлен…
Государственн…
Население иприравненныегруппыпотребителей
Территориальн…
Выручка, млрд. руб, по ПАО Россети на 2023 год
5 5
285 285
72 72
72 72
18 18
22 22
0 0
50 50
201 201
61 61
190 190
227 227
6 6
331 331
82 82
77 77
20 20
20 20
3 3
57 57
220 220
68 68
214 214
258 258
Факт прошлого года
Ожидаемое (прогноз до конца года)
Интер РАО(для ФСК)
Промышленныепотребители
Транспорт
Нефтедобыча
Нефтеперераб…
Нефтепроводы
Газопроводы
Сельское хозя…
Непромышлен…
Государственн…
Население иприравненныегруппыпотребителей
Территориальн…
Отклонения по ПАО Россети на 2023 год
0.5% 0.5%
0.9% 0.9%
-5.9% -5.9%
3.1% 3.1%
-17.9% -17.9%
578.4% 578.4%
2.3% 2.3%
1.8% 1.8%
2.1% 2.1%
-0.9% -0.9%
-0.2% -0.2%
⬤ Отклонение, %
Интер РАО (для ФСК)
Промышленные потребители
Транспорт
Нефтедобыча
Нефтепереработка
Нефтепроводы
Газопроводы
Сельское хозяйство и пищевая про…
Непромышленные потребители
Государственные (муниципальные)…
Население и приравненные группы…
Территориальные сетевые организ…
Выручка отклонения по ПАО Россети на 2023 год
7.7% 7.7%
16.0% 16.0%
13.2% 13.2%
6.7% 6.7%
13.3% 13.3%
-7.7% -7.7%
1 331.5% 1 331.5%
14.2% 14.2%
9.9% 9.9%
12.0% 12.0%
12.4% 12.4%
13.7% 13.7%
⬤ Отклонение, %
Интер РАО (для ФСК)
Промышленные потребители
Транспорт
Нефтедобыча
Нефтепереработка
Нефтепроводы
Газопроводы
Сельское хозяйство и пищевая про…
Непромышленные потребители
Государственные (муниципальные)…
Население и приравненные группы…
Территориальные сетевые организ…
абс.
%
Прогноз на месяц 
Ноябрь
КПО/Отпуск из сети 
Котловой полезный отпуск, млн. кВт.ч
Организация 
Все
Прогноз электропотребления и выручки за услуги по передаче в разрезе отраслей'

06-11-2024T06:27:11 - [MESSAGE][PASSED] - Text of object 'Object Repository/Прогноз по отраслям/Виджеты дашборда' is: 'Год 
2023 год
Сравнение с 
Факт прошлого года
Динамика электропотребления, млрд. кВт.ч., по ПАО Россети на 2023 год
0 0
120 120
38 38
41 41
8 8
10 10
0 0
19 19
77 77
25 25
122 122
61 61
0 0
120 120
39 39
39 39
8 8
8 8
1 1
20 20
78 78
26 26
121 121
60 60
Факт прошлого года
Ожидаемое (прогноз до конца года)
Интер РАО(для ФСК)
Промышленныепотребители
Транспорт
Нефтедобыча
Нефтеперераб…
Нефтепроводы
Газопроводы
Сельское хозя…
Непромышлен…
Государственн…
Население иприравненныегруппыпотребителей
Территориальн…
Выручка, млрд. руб, по ПАО Россети на 2023 год
5 5
285 285
72 72
72 72
18 18
22 22
0 0
50 50
201 201
61 61
190 190
227 227
6 6
331 331
82 82
77 77
20 20
20 20
3 3
57 57
220 220
68 68
214 214
258 258
Факт прошлого года
Ожидаемое (прогноз до конца года)
Интер РАО(для ФСК)
Промышленныепотребители
Транспорт
Нефтедобыча
Нефтеперераб…
Нефтепроводы
Газопроводы
Сельское хозя…
Непромышлен…
Государственн…
Население иприравненныегруппыпотребителей
Территориальн…
Отклонения по ПАО Россети на 2023 год
0.5% 0.5%
0.9% 0.9%
-5.9% -5.9%
3.1% 3.1%
-17.9% -17.9%
578.4% 578.4%
2.3% 2.3%
1.8% 1.8%
2.1% 2.1%
-0.9% -0.9%
-0.2% -0.2%
⬤ Отклонение, %
Интер РАО (для ФСК)
Промышленные потребители
Транспорт
Нефтедобыча
Нефтепереработка
Нефтепроводы
Газопроводы
Сельское хозяйство и пищевая про…
Непромышленные потребители
Государственные (муниципальные)…
Население и приравненные группы…
Территориальные сетевые организ…
Выручка отклонения по ПАО Россети на 2023 год
7.7% 7.7%
16.0% 16.0%
13.2% 13.2%
6.7% 6.7%
13.3% 13.3%
-7.7% -7.7%
1 331.5% 1 331.5%
14.2% 14.2%
9.9% 9.9%
12.0% 12.0%
12.4% 12.4%
13.7% 13.7%
⬤ Отклонение, %
Интер РАО (для ФСК)
Промышленные потребители
Транспорт
Нефтедобыча
Нефтепереработка
Нефтепроводы
Газопроводы
Сельское хозяйство и пищевая про…
Непромышленные потребители
Государственные (муниципальные)…
Население и приравненные группы…
Территориальные сетевые организ…
абс.
%
Прогноз на месяц 
Ноябрь
КПО/Отпуск из сети 
Котловой полезный отпуск, млн. кВт.ч
Организация 
Все
Прогноз электропотребления и выручки за услуги по передаче в разрезе отраслей'

06-11-2024T06:27:11 - [TEST_STEP][PASSED] - b4 = b4.replaceAll("[^0-9]", ""): null

06-11-2024T06:27:11 - [TEST_STEP][PASSED] - println("b4:" + b4): null

06-11-2024T06:27:11 - [TEST_STEP][PASSED] - click(findTestObject("Прогноз по отраслям/Фильтр Сравнение с Стресс")): Object: 'Object Repository/Прогноз по отраслям/Фильтр Сравнение с Стресс' is clicked on

06-11-2024T06:27:12 - [MESSAGE][PASSED] - Object: 'Object Repository/Прогноз по отраслям/Фильтр Сравнение с Стресс' is clicked on

06-11-2024T06:27:12 - [TEST_STEP][PASSED] - click(findTestObject("Прогноз по отраслям/План Стресс")): Object: 'Object Repository/Прогноз по отраслям/План Стресс' is clicked on

06-11-2024T06:27:13 - [MESSAGE][PASSED] - Object: 'Object Repository/Прогноз по отраслям/План Стресс' is clicked on

06-11-2024T06:27:13 - [TEST_STEP][PASSED] - delay(40): Delayed 40 second(s)

06-11-2024T06:27:53 - [MESSAGE][PASSED] - Delayed 40 second(s)

06-11-2024T06:27:53 - [TEST_STEP][PASSED] - b5 = getText(findTestObject("Прогноз по отраслям/Виджеты дашборда")): Text of object 'Object Repository/Прогноз по отраслям/Виджеты дашборда' is: 'Год 
2023 год
Сравнение с 
План
Динамика электропотребления, млрд. кВт.ч., по ПАО Россети на 2023 год
0 0
119 119
37 37
7 7
7 7
8 8
1 1
19 19
75 75
25 25
123 123
55 55
0 0
120 120
39 39
39 39
8 8
8 8
1 1
20 20
78 78
26 26
121 121
60 60
План
Ожидаемое (прогноз до конца года)
Интер РАО(для ФСК)
Промышленныепотребители
Транспорт
Нефтедобыча
Нефтеперераб…
Нефтепроводы
Газопроводы
Сельское хозя…
Непромышлен…
Государственн…
Население иприравненныегруппыпотребителей
Территориальн…
Выручка, млрд. руб, по ПАО Россети на 2023 год
5 5
319 319
81 81
16 16
16 16
20 20
2 2
56 56
215 215
67 67
218 218
239 239
6 6
331 331
82 82
77 77
20 20
20 20
3 3
57 57
220 220
68 68
214 214
258 258
План
Ожидаемое (прогноз до конца года)
Интер РАО(для ФСК)
Промышленныепотребители
Транспорт
Нефтедобыча
Нефтеперераб…
Нефтепроводы
Газопроводы
Сельское хозя…
Непромышлен…
Государственн…
Население иприравненныегруппыпотребителей
Территориальн…
Отклонения по ПАО Россети на 2023 год
1.2% 1.2%
3.2% 3.2%
492.1% 492.1%
18.1% 18.1%
4.4% 4.4%
11.9% 11.9%
1.2% 1.2%
4.1% 4.1%
2.4% 2.4%
-1.4% -1.4%
9.7% 9.7%
⬤ Отклонение, %
Интер РАО (для ФСК)
Промышленные потребители
Транспорт
Нефтедобыча
Нефтепереработка
Нефтепроводы
Газопроводы
Сельское хозяйство и пищевая про…
Непромышленные потребители
Государственные (муниципальные)…
Население и приравненные группы…
Территориальные сетевые организ…
Выручка отклонения по ПАО Россети на 2023 год
15.6% 15.6%
3.8% 3.8%
1.2% 1.2%
398.2% 398.2%
26.9% 26.9%
-0.6% -0.6%
26.9% 26.9%
1.5% 1.5%
2.7% 2.7%
2.0% 2.0%
-2.0% -2.0%
7.9% 7.9%
⬤ Отклонение, %
Интер РАО (для ФСК)
Промышленные потребители
Транспорт
Нефтедобыча
Нефтепереработка
Нефтепроводы
Газопроводы
Сельское хозяйство и пищевая про…
Непромышленные потребители
Государственные (муниципальные)…
Население и приравненные группы…
Территориальные сетевые организ…
абс.
%
Прогноз на месяц 
Ноябрь
КПО/Отпуск из сети 
Котловой полезный отпуск, млн. кВт.ч
Организация 
Все
Прогноз электропотребления и выручки за услуги по передаче в разрезе отраслей'

06-11-2024T06:27:54 - [MESSAGE][PASSED] - Text of object 'Object Repository/Прогноз по отраслям/Виджеты дашборда' is: 'Год 
2023 год
Сравнение с 
План
Динамика электропотребления, млрд. кВт.ч., по ПАО Россети на 2023 год
0 0
119 119
37 37
7 7
7 7
8 8
1 1
19 19
75 75
25 25
123 123
55 55
0 0
120 120
39 39
39 39
8 8
8 8
1 1
20 20
78 78
26 26
121 121
60 60
План
Ожидаемое (прогноз до конца года)
Интер РАО(для ФСК)
Промышленныепотребители
Транспорт
Нефтедобыча
Нефтеперераб…
Нефтепроводы
Газопроводы
Сельское хозя…
Непромышлен…
Государственн…
Население иприравненныегруппыпотребителей
Территориальн…
Выручка, млрд. руб, по ПАО Россети на 2023 год
5 5
319 319
81 81
16 16
16 16
20 20
2 2
56 56
215 215
67 67
218 218
239 239
6 6
331 331
82 82
77 77
20 20
20 20
3 3
57 57
220 220
68 68
214 214
258 258
План
Ожидаемое (прогноз до конца года)
Интер РАО(для ФСК)
Промышленныепотребители
Транспорт
Нефтедобыча
Нефтеперераб…
Нефтепроводы
Газопроводы
Сельское хозя…
Непромышлен…
Государственн…
Население иприравненныегруппыпотребителей
Территориальн…
Отклонения по ПАО Россети на 2023 год
1.2% 1.2%
3.2% 3.2%
492.1% 492.1%
18.1% 18.1%
4.4% 4.4%
11.9% 11.9%
1.2% 1.2%
4.1% 4.1%
2.4% 2.4%
-1.4% -1.4%
9.7% 9.7%
⬤ Отклонение, %
Интер РАО (для ФСК)
Промышленные потребители
Транспорт
Нефтедобыча
Нефтепереработка
Нефтепроводы
Газопроводы
Сельское хозяйство и пищевая про…
Непромышленные потребители
Государственные (муниципальные)…
Население и приравненные группы…
Территориальные сетевые организ…
Выручка отклонения по ПАО Россети на 2023 год
15.6% 15.6%
3.8% 3.8%
1.2% 1.2%
398.2% 398.2%
26.9% 26.9%
-0.6% -0.6%
26.9% 26.9%
1.5% 1.5%
2.7% 2.7%
2.0% 2.0%
-2.0% -2.0%
7.9% 7.9%
⬤ Отклонение, %
Интер РАО (для ФСК)
Промышленные потребители
Транспорт
Нефтедобыча
Нефтепереработка
Нефтепроводы
Газопроводы
Сельское хозяйство и пищевая про…
Непромышленные потребители
Государственные (муниципальные)…
Население и приравненные группы…
Территориальные сетевые организ…
абс.
%
Прогноз на месяц 
Ноябрь
КПО/Отпуск из сети 
Котловой полезный отпуск, млн. кВт.ч
Организация 
Все
Прогноз электропотребления и выручки за услуги по передаче в разрезе отраслей'

06-11-2024T06:27:54 - [TEST_STEP][PASSED] - println("b5:" + b5): null

06-11-2024T06:27:54 - [TEST_STEP][PASSED] - b5 = b5.replaceAll("[^0-9]", ""): null

06-11-2024T06:27:54 - [TEST_STEP][PASSED] - println("b5:" + b5): null

06-11-2024T06:27:54 - [TEST_STEP][PASSED] - click(findTestObject("Прогноз по отраслям/Фильтр Сравнение с Стресс")): Object: 'Object Repository/Прогноз по отраслям/Фильтр Сравнение с Стресс' is clicked on

06-11-2024T06:27:54 - [MESSAGE][PASSED] - Object: 'Object Repository/Прогноз по отраслям/Фильтр Сравнение с Стресс' is clicked on

06-11-2024T06:27:54 - [TEST_STEP][PASSED] - click(findTestObject("Прогноз по отраслям/План СУ Стресс")): Object: 'Object Repository/Прогноз по отраслям/План СУ Стресс' is clicked on

06-11-2024T06:27:55 - [MESSAGE][PASSED] - Object: 'Object Repository/Прогноз по отраслям/План СУ Стресс' is clicked on

06-11-2024T06:27:55 - [TEST_STEP][PASSED] - delay(40): Delayed 40 second(s)

06-11-2024T06:28:35 - [MESSAGE][PASSED] - Delayed 40 second(s)

06-11-2024T06:28:35 - [TEST_STEP][PASSED] - b6 = getText(findTestObject("Прогноз по отраслям/Виджеты дашборда")): Text of object 'Object Repository/Прогноз по отраслям/Виджеты дашборда' is: 'Год 
2023 год
Сравнение с 
План/СУ
Динамика электропотребления, млрд. кВт.ч., по ПАО Россети на 2023 год
0 0
0 0
0 0
0 0
0 0
0 0
0 0
0 0
0 0
0 0
0 0
0 0
0 0
120 120
39 39
39 39
8 8
8 8
1 1
20 20
78 78
26 26
121 121
60 60
СУ
Ожидаемое (прогноз до конца года)
Интер РАО(для ФСК)
Промышленныепотребители
Транспорт
Нефтедобыча
Нефтеперераб…
Нефтепроводы
Газопроводы
Сельское хозя…
Непромышлен…
Государственн…
Население иприравненныегруппыпотребителей
Территориальн…
Выручка, млрд. руб, по ПАО Россети на 2023 год
6 6
331 331
82 82
77 77
20 20
20 20
3 3
57 57
220 220
68 68
214 214
258 258
Ожидаемое (прогноз до конца года)
Интер РАО(для ФСК)
Промышленныепотребители
Транспорт
Нефтедобыча
Нефтеперераб…
Нефтепроводы
Газопроводы
Сельское хозя…
Непромышлен…
Государственн…
Население иприравненныегруппыпотребителей
Территориальн…
Отклонения по ПАО Россети на 2023 год
⬤ Отклонение, %
Интер РАО (для ФСК)
Промышленные потребители
Транспорт
Нефтедобыча
Нефтепереработка
Нефтепроводы
Газопроводы
Сельское хозяйство и пищевая про…
Непромышленные потребители
Государственные (муниципальные)…
Население и приравненные группы…
Территориальные сетевые организ…
Выручка отклонения по ПАО Россети на 2023 год
⬤ Отклонение, %
Интер РАО (для ФСК)
Промышленные потребители
Транспорт
Нефтедобыча
Нефтепереработка
Нефтепроводы
Газопроводы
Сельское хозяйство и пищевая про…
Непромышленные потребители
Государственные (муниципальные)…
Население и приравненные группы…
Территориальные сетевые организ…
абс.
%
Прогноз на месяц 
Ноябрь
КПО/Отпуск из сети 
Котловой полезный отпуск, млн. кВт.ч
Организация 
Все
Прогноз электропотребления и выручки за услуги по передаче в разрезе отраслей'

06-11-2024T06:28:36 - [MESSAGE][PASSED] - Text of object 'Object Repository/Прогноз по отраслям/Виджеты дашборда' is: 'Год 
2023 год
Сравнение с 
План/СУ
Динамика электропотребления, млрд. кВт.ч., по ПАО Россети на 2023 год
0 0
0 0
0 0
0 0
0 0
0 0
0 0
0 0
0 0
0 0
0 0
0 0
0 0
120 120
39 39
39 39
8 8
8 8
1 1
20 20
78 78
26 26
121 121
60 60
СУ
Ожидаемое (прогноз до конца года)
Интер РАО(для ФСК)
Промышленныепотребители
Транспорт
Нефтедобыча
Нефтеперераб…
Нефтепроводы
Газопроводы
Сельское хозя…
Непромышлен…
Государственн…
Население иприравненныегруппыпотребителей
Территориальн…
Выручка, млрд. руб, по ПАО Россети на 2023 год
6 6
331 331
82 82
77 77
20 20
20 20
3 3
57 57
220 220
68 68
214 214
258 258
Ожидаемое (прогноз до конца года)
Интер РАО(для ФСК)
Промышленныепотребители
Транспорт
Нефтедобыча
Нефтеперераб…
Нефтепроводы
Газопроводы
Сельское хозя…
Непромышлен…
Государственн…
Население иприравненныегруппыпотребителей
Территориальн…
Отклонения по ПАО Россети на 2023 год
⬤ Отклонение, %
Интер РАО (для ФСК)
Промышленные потребители
Транспорт
Нефтедобыча
Нефтепереработка
Нефтепроводы
Газопроводы
Сельское хозяйство и пищевая про…
Непромышленные потребители
Государственные (муниципальные)…
Население и приравненные группы…
Территориальные сетевые организ…
Выручка отклонения по ПАО Россети на 2023 год
⬤ Отклонение, %
Интер РАО (для ФСК)
Промышленные потребители
Транспорт
Нефтедобыча
Нефтепереработка
Нефтепроводы
Газопроводы
Сельское хозяйство и пищевая про…
Непромышленные потребители
Государственные (муниципальные)…
Население и приравненные группы…
Территориальные сетевые организ…
абс.
%
Прогноз на месяц 
Ноябрь
КПО/Отпуск из сети 
Котловой полезный отпуск, млн. кВт.ч
Организация 
Все
Прогноз электропотребления и выручки за услуги по передаче в разрезе отраслей'

06-11-2024T06:28:36 - [TEST_STEP][PASSED] - b6 = b6.replaceAll("[^0-9]", ""): null

06-11-2024T06:28:36 - [TEST_STEP][PASSED] - println("b6:" + b6): null

06-11-2024T06:28:36 - [TEST_STEP][PASSED] - click(findTestObject("Прогноз по отраслям/Переключить отображение с процентов на абс Стресс-сценарий")): Object: 'Object Repository/Прогноз по отраслям/Переключить отображение с процентов на абс Стресс-сценарий' is clicked on

06-11-2024T06:28:36 - [MESSAGE][PASSED] - Object: 'Object Repository/Прогноз по отраслям/Переключить отображение с процентов на абс Стресс-сценарий' is clicked on

06-11-2024T06:28:36 - [TEST_STEP][PASSED] - click(findTestObject("Прогноз по отраслям/Фильтр Сравнение с Стресс")): Object: 'Object Repository/Прогноз по отраслям/Фильтр Сравнение с Стресс' is clicked on

06-11-2024T06:28:37 - [MESSAGE][PASSED] - Object: 'Object Repository/Прогноз по отраслям/Фильтр Сравнение с Стресс' is clicked on

06-11-2024T06:28:37 - [TEST_STEP][PASSED] - click(findTestObject("Прогноз по отраслям/Факт прошлого года Стресс")): Object: 'Object Repository/Прогноз по отраслям/Факт прошлого года Стресс' is clicked on

06-11-2024T06:28:38 - [MESSAGE][PASSED] - Object: 'Object Repository/Прогноз по отраслям/Факт прошлого года Стресс' is clicked on

06-11-2024T06:28:38 - [TEST_STEP][PASSED] - click(findTestObject("Прогноз по отраслям/Фильтр КПО-Отпуск Стресс")): Object: 'Object Repository/Прогноз по отраслям/Фильтр КПО-Отпуск Стресс' is clicked on

06-11-2024T06:28:40 - [MESSAGE][PASSED] - Object: 'Object Repository/Прогноз по отраслям/Фильтр КПО-Отпуск Стресс' is clicked on

06-11-2024T06:28:40 - [TEST_STEP][PASSED] - click(findTestObject("Прогноз по отраслям/Отпуск Стресс")): Object: 'Object Repository/Прогноз по отраслям/Отпуск Стресс' is clicked on

06-11-2024T06:28:41 - [MESSAGE][PASSED] - Object: 'Object Repository/Прогноз по отраслям/Отпуск Стресс' is clicked on

06-11-2024T06:28:41 - [TEST_STEP][PASSED] - delay(40): Delayed 40 second(s)

06-11-2024T06:29:21 - [MESSAGE][PASSED] - Delayed 40 second(s)

06-11-2024T06:29:21 - [TEST_STEP][PASSED] - b7 = getText(findTestObject("Прогноз по отраслям/Виджеты дашборда")): Text of object 'Object Repository/Прогноз по отраслям/Виджеты дашборда' is: 'Год 
2023 год
Сравнение с 
Факт прошлого года
Отклонения по ПАО Россети на 2023 год
-2 263.5 -2 263.5
11 054.6 11 054.6
1 280.2 1 280.2
-1 947.5 -1 947.5
90.9 90.9
-3 845.0 -3 845.0
4 162.1 4 162.1
651.7 651.7
-4 727.7 -4 727.7
256.5 256.5
-723.9 -723.9
4 292.3 4 292.3
⬤ Отклонение, млн. кВт.ч
Интер РАО (для ФСК)
Промышленные потребители
Транспорт
Нефтедобыча
Нефтепереработка
Нефтепроводы
Газопроводы
Сельское хозяйство и пищевая про…
Непромышленные потребители
Государственные (муниципальные…
Население и приравненные группы…
Территориальные сетевые организ…
Выручка отклонения по ПАО Россети на 2023 год
421.3 421.3
45 574.9 45 574.9
9 547.5 9 547.5
4 889.3 4 889.3
2 337.4 2 337.4
-1 682.6 -1 682.6
2 919.4 2 919.4
7 110.2 7 110.2
19 840.8 19 840.8
7 289.5 7 289.5
23 664.8 23 664.8
31 028.3 31 028.3
⬤ Отклонение, млн. руб
Интер РАО (для ФСК)
Промышленные потребители
Транспорт
Нефтедобыча
Нефтепереработка
Нефтепроводы
Газопроводы
Сельское хозяйство и пищевая про…
Непромышленные потребители
Государственные (муниципальные…
Население и приравненные группы…
Территориальные сетевые организ…
Динамика электропотребления, млрд. кВт.ч., по ПАО Россети на 2023 год
12 12
186 186
36 36
50 50
10 10
19 19
0 0
17 17
85 85
19 19
82 82
604 604
10 10
197 197
37 37
48 48
10 10
15 15
4 4
18 18
80 80
19 19
82 82
608 608
Факт прошлого года
Ожидаемое (прогноз до конца года)
Интер РАО(для ФСК)
Промышленныепотребители
Транспорт
Нефтедобыча
Нефтеперераб…
Нефтепроводы
Газопроводы
Сельское хозя…
Непромышлен…
Государственн…
Население иприравненныегруппыпотребителей
Территориальн…
Выручка, млрд. руб, по ПАО Россети на 2023 год
5 5
285 285
72 72
72 72
18 18
22 22
0 0
50 50
201 201
61 61
190 190
227 227
6 6
331 331
82 82
77 77
20 20
20 20
3 3
57 57
220 220
68 68
214 214
258 258
Факт прошлого года
Ожидаемое (прогноз до конца года)
Интер РАО(для ФСК)
Промышленныепотребители
Транспорт
Нефтедобыча
Нефтеперераб…
Нефтепроводы
Газопроводы
Сельское хозя…
Непромышлен…
Государственн…
Население иприравненныегруппыпотребителей
Территориальн…
абс.
%
Прогноз на месяц 
Ноябрь
КПО/Отпуск из сети 
Отпуск из сети, млн. кВт.ч
Организация 
Все
Прогноз электропотребления и выручки за услуги по передаче в разрезе отраслей'

06-11-2024T06:29:22 - [MESSAGE][PASSED] - Text of object 'Object Repository/Прогноз по отраслям/Виджеты дашборда' is: 'Год 
2023 год
Сравнение с 
Факт прошлого года
Отклонения по ПАО Россети на 2023 год
-2 263.5 -2 263.5
11 054.6 11 054.6
1 280.2 1 280.2
-1 947.5 -1 947.5
90.9 90.9
-3 845.0 -3 845.0
4 162.1 4 162.1
651.7 651.7
-4 727.7 -4 727.7
256.5 256.5
-723.9 -723.9
4 292.3 4 292.3
⬤ Отклонение, млн. кВт.ч
Интер РАО (для ФСК)
Промышленные потребители
Транспорт
Нефтедобыча
Нефтепереработка
Нефтепроводы
Газопроводы
Сельское хозяйство и пищевая про…
Непромышленные потребители
Государственные (муниципальные…
Население и приравненные группы…
Территориальные сетевые организ…
Выручка отклонения по ПАО Россети на 2023 год
421.3 421.3
45 574.9 45 574.9
9 547.5 9 547.5
4 889.3 4 889.3
2 337.4 2 337.4
-1 682.6 -1 682.6
2 919.4 2 919.4
7 110.2 7 110.2
19 840.8 19 840.8
7 289.5 7 289.5
23 664.8 23 664.8
31 028.3 31 028.3
⬤ Отклонение, млн. руб
Интер РАО (для ФСК)
Промышленные потребители
Транспорт
Нефтедобыча
Нефтепереработка
Нефтепроводы
Газопроводы
Сельское хозяйство и пищевая про…
Непромышленные потребители
Государственные (муниципальные…
Население и приравненные группы…
Территориальные сетевые организ…
Динамика электропотребления, млрд. кВт.ч., по ПАО Россети на 2023 год
12 12
186 186
36 36
50 50
10 10
19 19
0 0
17 17
85 85
19 19
82 82
604 604
10 10
197 197
37 37
48 48
10 10
15 15
4 4
18 18
80 80
19 19
82 82
608 608
Факт прошлого года
Ожидаемое (прогноз до конца года)
Интер РАО(для ФСК)
Промышленныепотребители
Транспорт
Нефтедобыча
Нефтеперераб…
Нефтепроводы
Газопроводы
Сельское хозя…
Непромышлен…
Государственн…
Население иприравненныегруппыпотребителей
Территориальн…
Выручка, млрд. руб, по ПАО Россети на 2023 год
5 5
285 285
72 72
72 72
18 18
22 22
0 0
50 50
201 201
61 61
190 190
227 227
6 6
331 331
82 82
77 77
20 20
20 20
3 3
57 57
220 220
68 68
214 214
258 258
Факт прошлого года
Ожидаемое (прогноз до конца года)
Интер РАО(для ФСК)
Промышленныепотребители
Транспорт
Нефтедобыча
Нефтеперераб…
Нефтепроводы
Газопроводы
Сельское хозя…
Непромышлен…
Государственн…
Население иприравненныегруппыпотребителей
Территориальн…
абс.
%
Прогноз на месяц 
Ноябрь
КПО/Отпуск из сети 
Отпуск из сети, млн. кВт.ч
Организация 
Все
Прогноз электропотребления и выручки за услуги по передаче в разрезе отраслей'

06-11-2024T06:29:22 - [TEST_STEP][PASSED] - b7 = b7.replaceAll("[^0-9]", ""): null

06-11-2024T06:29:22 - [TEST_STEP][PASSED] - println("b7:" + b7): null

06-11-2024T06:29:22 - [TEST_STEP][PASSED] - click(findTestObject("Прогноз по отраслям/Фильтр Сравнение с Стресс")): Object: 'Object Repository/Прогноз по отраслям/Фильтр Сравнение с Стресс' is clicked on

06-11-2024T06:29:23 - [MESSAGE][PASSED] - Object: 'Object Repository/Прогноз по отраслям/Фильтр Сравнение с Стресс' is clicked on

06-11-2024T06:29:23 - [TEST_STEP][PASSED] - click(findTestObject("Прогноз по отраслям/План Стресс")): Object: 'Object Repository/Прогноз по отраслям/План Стресс' is clicked on

06-11-2024T06:29:24 - [MESSAGE][PASSED] - Object: 'Object Repository/Прогноз по отраслям/План Стресс' is clicked on

06-11-2024T06:29:24 - [TEST_STEP][PASSED] - delay(40): Delayed 40 second(s)

06-11-2024T06:30:04 - [MESSAGE][PASSED] - Delayed 40 second(s)

06-11-2024T06:30:04 - [TEST_STEP][PASSED] - b8 = getText(findTestObject("Прогноз по отраслям/Виджеты дашборда")): Text of object 'Object Repository/Прогноз по отраслям/Виджеты дашборда' is: 'Год 
2023 год
Сравнение с 
План
Отклонения по ПАО Россети на 2023 год
-492.2 -492.2
7 165.1 7 165.1
689.3 689.3
33 271.7 33 271.7
986.4 986.4
593.8 593.8
764.0 764.0
670.4 670.4
-592.4 -592.4
308.8 308.8
-940.9 -940.9
19 604.1 19 604.1
⬤ Отклонение, млн. кВт.ч
Интер РАО (для ФСК)
Промышленные потребители
Транспорт
Нефтедобыча
Нефтепереработка
Нефтепроводы
Газопроводы
Сельское хозяйство и пищевая про…
Непромышленные потребители
Государственные (муниципальные…
Население и приравненные группы…
Территориальные сетевые организ…
Выручка отклонения по ПАО Россети на 2023 год
794.9 794.9
12 195.0 12 195.0
972.7 972.7
61 803.9 61 803.9
4 222.3 4 222.3
-121.8 -121.8
666.2 666.2
873.2 873.2
5 809.6 5 809.6
1 342.6 1 342.6
-4 463.2 -4 463.2
18 375.5 18 375.5
⬤ Отклонение, млн. руб
Интер РАО (для ФСК)
Промышленные потребители
Транспорт
Нефтедобыча
Нефтепереработка
Нефтепроводы
Газопроводы
Сельское хозяйство и пищевая про…
Непромышленные потребители
Государственные (муниципальные…
Население и приравненные группы…
Территориальные сетевые организ…
Динамика электропотребления, млрд. кВт.ч., по ПАО Россети на 2023 год
10 10
190 190
36 36
14 14
9 9
14 14
4 4
17 17
80 80
19 19
82 82
588 588
10 10
197 197
37 37
48 48
10 10
15 15
4 4
18 18
80 80
19 19
82 82
608 608
План
Ожидаемое (прогноз до конца года)
Интер РАО(для ФСК)
Промышленныепотребители
Транспорт
Нефтедобыча
Нефтеперераб…
Нефтепроводы
Газопроводы
Сельское хозя…
Непромышлен…
Государственн…
Население иприравненныегруппыпотребителей
Территориальн…
Выручка, млрд. руб, по ПАО Россети на 2023 год
5 5
319 319
81 81
16 16
16 16
20 20
2 2
56 56
215 215
67 67
218 218
239 239
6 6
331 331
82 82
77 77
20 20
20 20
3 3
57 57
220 220
68 68
214 214
258 258
План
Ожидаемое (прогноз до конца года)
Интер РАО(для ФСК)
Промышленныепотребители
Транспорт
Нефтедобыча
Нефтеперераб…
Нефтепроводы
Газопроводы
Сельское хозя…
Непромышлен…
Государственн…
Население иприравненныегруппыпотребителей
Территориальн…
абс.
%
Прогноз на месяц 
Ноябрь
КПО/Отпуск из сети 
Отпуск из сети, млн. кВт.ч
Организация 
Все
Прогноз электропотребления и выручки за услуги по передаче в разрезе отраслей'

06-11-2024T06:30:05 - [MESSAGE][PASSED] - Text of object 'Object Repository/Прогноз по отраслям/Виджеты дашборда' is: 'Год 
2023 год
Сравнение с 
План
Отклонения по ПАО Россети на 2023 год
-492.2 -492.2
7 165.1 7 165.1
689.3 689.3
33 271.7 33 271.7
986.4 986.4
593.8 593.8
764.0 764.0
670.4 670.4
-592.4 -592.4
308.8 308.8
-940.9 -940.9
19 604.1 19 604.1
⬤ Отклонение, млн. кВт.ч
Интер РАО (для ФСК)
Промышленные потребители
Транспорт
Нефтедобыча
Нефтепереработка
Нефтепроводы
Газопроводы
Сельское хозяйство и пищевая про…
Непромышленные потребители
Государственные (муниципальные…
Население и приравненные группы…
Территориальные сетевые организ…
Выручка отклонения по ПАО Россети на 2023 год
794.9 794.9
12 195.0 12 195.0
972.7 972.7
61 803.9 61 803.9
4 222.3 4 222.3
-121.8 -121.8
666.2 666.2
873.2 873.2
5 809.6 5 809.6
1 342.6 1 342.6
-4 463.2 -4 463.2
18 375.5 18 375.5
⬤ Отклонение, млн. руб
Интер РАО (для ФСК)
Промышленные потребители
Транспорт
Нефтедобыча
Нефтепереработка
Нефтепроводы
Газопроводы
Сельское хозяйство и пищевая про…
Непромышленные потребители
Государственные (муниципальные…
Население и приравненные группы…
Территориальные сетевые организ…
Динамика электропотребления, млрд. кВт.ч., по ПАО Россети на 2023 год
10 10
190 190
36 36
14 14
9 9
14 14
4 4
17 17
80 80
19 19
82 82
588 588
10 10
197 197
37 37
48 48
10 10
15 15
4 4
18 18
80 80
19 19
82 82
608 608
План
Ожидаемое (прогноз до конца года)
Интер РАО(для ФСК)
Промышленныепотребители
Транспорт
Нефтедобыча
Нефтеперераб…
Нефтепроводы
Газопроводы
Сельское хозя…
Непромышлен…
Государственн…
Население иприравненныегруппыпотребителей
Территориальн…
Выручка, млрд. руб, по ПАО Россети на 2023 год
5 5
319 319
81 81
16 16
16 16
20 20
2 2
56 56
215 215
67 67
218 218
239 239
6 6
331 331
82 82
77 77
20 20
20 20
3 3
57 57
220 220
68 68
214 214
258 258
План
Ожидаемое (прогноз до конца года)
Интер РАО(для ФСК)
Промышленныепотребители
Транспорт
Нефтедобыча
Нефтеперераб…
Нефтепроводы
Газопроводы
Сельское хозя…
Непромышлен…
Государственн…
Население иприравненныегруппыпотребителей
Территориальн…
абс.
%
Прогноз на месяц 
Ноябрь
КПО/Отпуск из сети 
Отпуск из сети, млн. кВт.ч
Организация 
Все
Прогноз электропотребления и выручки за услуги по передаче в разрезе отраслей'

06-11-2024T06:30:05 - [TEST_STEP][PASSED] - b8 = b8.replaceAll("[^0-9]", ""): null

06-11-2024T06:30:05 - [TEST_STEP][PASSED] - println("b8:" + b8): null

06-11-2024T06:30:05 - [TEST_STEP][PASSED] - click(findTestObject("Прогноз по отраслям/Фильтр Сравнение с Стресс")): Object: 'Object Repository/Прогноз по отраслям/Фильтр Сравнение с Стресс' is clicked on

06-11-2024T06:30:05 - [MESSAGE][PASSED] - Object: 'Object Repository/Прогноз по отраслям/Фильтр Сравнение с Стресс' is clicked on

06-11-2024T06:30:05 - [TEST_STEP][PASSED] - click(findTestObject("Прогноз по отраслям/План СУ Стресс")): Object: 'Object Repository/Прогноз по отраслям/План СУ Стресс' is clicked on

06-11-2024T06:30:06 - [MESSAGE][PASSED] - Object: 'Object Repository/Прогноз по отраслям/План СУ Стресс' is clicked on

06-11-2024T06:30:06 - [TEST_STEP][PASSED] - delay(40): Delayed 40 second(s)

06-11-2024T06:30:46 - [MESSAGE][PASSED] - Delayed 40 second(s)

06-11-2024T06:30:46 - [TEST_STEP][PASSED] - b9 = getText(findTestObject("Прогноз по отраслям/Виджеты дашборда")): Text of object 'Object Repository/Прогноз по отраслям/Виджеты дашборда' is: 'Год 
2023 год
Сравнение с 
План/СУ
Отклонения по ПАО Россети на 2023 год
243.5 243.5
11 013.5 11 013.5
674.8 674.8
32 765.3 32 765.3
1 049.4 1 049.4
271.8 271.8
495.2 495.2
588.7 588.7
-7 607.7 -7 607.7
31.9 31.9
-1 318.1 -1 318.1
10 906.5 10 906.5
⬤ Отклонение, млн. кВт.ч
Интер РАО (для ФСК)
Промышленные потребители
Транспорт
Нефтедобыча
Нефтепереработка
Нефтепроводы
Газопроводы
Сельское хозяйство и пищевая про…
Непромышленные потребители
Государственные (муниципальные…
Население и приравненные группы…
Территориальные сетевые организ…
Выручка отклонения по ПАО Россети на 2023 год
⬤ Отклонение, млн. руб
Интер РАО (для ФСК)
Промышленные потребители
Транспорт
Нефтедобыча
Нефтепереработка
Нефтепроводы
Газопроводы
Сельское хозяйство и пищевая про…
Непромышленные потребители
Государственные (муниципальные…
Население и приравненные группы…
Территориальные сетевые организ…
Динамика электропотребления, млрд. кВт.ч., по ПАО Россети на 2023 год
10 10
186 186
36 36
15 15
9 9
14 14
4 4
17 17
88 88
19 19
83 83
597 597
10 10
197 197
37 37
48 48
10 10
15 15
4 4
18 18
80 80
19 19
82 82
608 608
СУ
Ожидаемое (прогноз до конца года)
Интер РАО(для ФСК)
Промышленныепотребители
Транспорт
Нефтедобыча
Нефтеперераб…
Нефтепроводы
Газопроводы
Сельское хозя…
Непромышлен…
Государственн…
Население иприравненныегруппыпотребителей
Территориальн…
Выручка, млрд. руб, по ПАО Россети на 2023 год
6 6
331 331
82 82
77 77
20 20
20 20
3 3
57 57
220 220
68 68
214 214
258 258
Ожидаемое (прогноз до конца года)
Интер РАО(для ФСК)
Промышленныепотребители
Транспорт
Нефтедобыча
Нефтеперераб…
Нефтепроводы
Газопроводы
Сельское хозя…
Непромышлен…
Государственн…
Население иприравненныегруппыпотребителей
Территориальн…
абс.
%
Прогноз на месяц 
Ноябрь
КПО/Отпуск из сети 
Отпуск из сети, млн. кВт.ч
Организация 
Все
Прогноз электропотребления и выручки за услуги по передаче в разрезе отраслей'

06-11-2024T06:30:47 - [MESSAGE][PASSED] - Text of object 'Object Repository/Прогноз по отраслям/Виджеты дашборда' is: 'Год 
2023 год
Сравнение с 
План/СУ
Отклонения по ПАО Россети на 2023 год
243.5 243.5
11 013.5 11 013.5
674.8 674.8
32 765.3 32 765.3
1 049.4 1 049.4
271.8 271.8
495.2 495.2
588.7 588.7
-7 607.7 -7 607.7
31.9 31.9
-1 318.1 -1 318.1
10 906.5 10 906.5
⬤ Отклонение, млн. кВт.ч
Интер РАО (для ФСК)
Промышленные потребители
Транспорт
Нефтедобыча
Нефтепереработка
Нефтепроводы
Газопроводы
Сельское хозяйство и пищевая про…
Непромышленные потребители
Государственные (муниципальные…
Население и приравненные группы…
Территориальные сетевые организ…
Выручка отклонения по ПАО Россети на 2023 год
⬤ Отклонение, млн. руб
Интер РАО (для ФСК)
Промышленные потребители
Транспорт
Нефтедобыча
Нефтепереработка
Нефтепроводы
Газопроводы
Сельское хозяйство и пищевая про…
Непромышленные потребители
Государственные (муниципальные…
Население и приравненные группы…
Территориальные сетевые организ…
Динамика электропотребления, млрд. кВт.ч., по ПАО Россети на 2023 год
10 10
186 186
36 36
15 15
9 9
14 14
4 4
17 17
88 88
19 19
83 83
597 597
10 10
197 197
37 37
48 48
10 10
15 15
4 4
18 18
80 80
19 19
82 82
608 608
СУ
Ожидаемое (прогноз до конца года)
Интер РАО(для ФСК)
Промышленныепотребители
Транспорт
Нефтедобыча
Нефтеперераб…
Нефтепроводы
Газопроводы
Сельское хозя…
Непромышлен…
Государственн…
Население иприравненныегруппыпотребителей
Территориальн…
Выручка, млрд. руб, по ПАО Россети на 2023 год
6 6
331 331
82 82
77 77
20 20
20 20
3 3
57 57
220 220
68 68
214 214
258 258
Ожидаемое (прогноз до конца года)
Интер РАО(для ФСК)
Промышленныепотребители
Транспорт
Нефтедобыча
Нефтеперераб…
Нефтепроводы
Газопроводы
Сельское хозя…
Непромышлен…
Государственн…
Население иприравненныегруппыпотребителей
Территориальн…
абс.
%
Прогноз на месяц 
Ноябрь
КПО/Отпуск из сети 
Отпуск из сети, млн. кВт.ч
Организация 
Все
Прогноз электропотребления и выручки за услуги по передаче в разрезе отраслей'

06-11-2024T06:30:47 - [TEST_STEP][PASSED] - b9 = b9.replaceAll("[^0-9]", ""): null

06-11-2024T06:30:47 - [TEST_STEP][PASSED] - println("b9:" + b9): null

06-11-2024T06:30:47 - [TEST_STEP][PASSED] - click(findTestObject("Прогноз по отраслям/Фильтр Сравнение с Стресс")): Object: 'Object Repository/Прогноз по отраслям/Фильтр Сравнение с Стресс' is clicked on

06-11-2024T06:30:47 - [MESSAGE][PASSED] - Object: 'Object Repository/Прогноз по отраслям/Фильтр Сравнение с Стресс' is clicked on

06-11-2024T06:30:47 - [TEST_STEP][PASSED] - click(findTestObject("Прогноз по отраслям/Факт прошлого года Стресс")): Object: 'Object Repository/Прогноз по отраслям/Факт прошлого года Стресс' is clicked on

06-11-2024T06:30:49 - [MESSAGE][PASSED] - Object: 'Object Repository/Прогноз по отраслям/Факт прошлого года Стресс' is clicked on

06-11-2024T06:30:49 - [TEST_STEP][PASSED] - click(findTestObject("Прогноз по отраслям/Фильтр КПО-Отпуск Стресс")): Object: 'Object Repository/Прогноз по отраслям/Фильтр КПО-Отпуск Стресс' is clicked on

06-11-2024T06:30:51 - [MESSAGE][PASSED] - Object: 'Object Repository/Прогноз по отраслям/Фильтр КПО-Отпуск Стресс' is clicked on

06-11-2024T06:30:51 - [TEST_STEP][PASSED] - click(findTestObject("Прогноз по отраслям/КПО Стресс")): Object: 'Object Repository/Прогноз по отраслям/КПО Стресс' is clicked on

06-11-2024T06:30:52 - [MESSAGE][PASSED] - Object: 'Object Repository/Прогноз по отраслям/КПО Стресс' is clicked on

06-11-2024T06:30:52 - [TEST_STEP][PASSED] - delay(40): Delayed 40 second(s)

06-11-2024T06:31:32 - [MESSAGE][PASSED] - Delayed 40 second(s)

06-11-2024T06:31:32 - [TEST_STEP][PASSED] - b10 = getText(findTestObject("Прогноз по отраслям/Виджеты дашборда")): Text of object 'Object Repository/Прогноз по отраслям/Виджеты дашборда' is: 'Год 
2023 год
Сравнение с 
Факт прошлого года
Отклонения по ПАО Россети на 2023 год
0.0 0.0
646.5 646.5
341.1 341.1
-2 455.6 -2 455.6
245.6 245.6
-1 796.0 -1 796.0
676.2 676.2
452.4 452.4
1 386.2 1 386.2
527.5 527.5
-1 130.4 -1 130.4
-128.7 -128.7
⬤ Отклонение, млн. кВт.ч
Интер РАО (для ФСК)
Промышленные потребители
Транспорт
Нефтедобыча
Нефтепереработка
Нефтепроводы
Газопроводы
Сельское хозяйство и пищевая про…
Непромышленные потребители
Государственные (муниципальные…
Население и приравненные группы…
Территориальные сетевые организ…
Выручка отклонения по ПАО Россети на 2023 год
421.3 421.3
45 574.9 45 574.9
9 547.5 9 547.5
4 889.3 4 889.3
2 337.4 2 337.4
-1 682.6 -1 682.6
2 919.4 2 919.4
7 110.2 7 110.2
19 840.8 19 840.8
7 289.5 7 289.5
23 664.8 23 664.8
31 028.3 31 028.3
⬤ Отклонение, млн. руб
Интер РАО (для ФСК)
Промышленные потребители
Транспорт
Нефтедобыча
Нефтепереработка
Нефтепроводы
Газопроводы
Сельское хозяйство и пищевая про…
Непромышленные потребители
Государственные (муниципальные…
Население и приравненные группы…
Территориальные сетевые организ…
Динамика электропотребления, млрд. кВт.ч., по ПАО Россети на 2023 год
0 0
120 120
38 38
41 41
8 8
10 10
0 0
19 19
77 77
25 25
122 122
61 61
0 0
120 120
39 39
39 39
8 8
8 8
1 1
20 20
78 78
26 26
121 121
60 60
Факт прошлого года
Ожидаемое (прогноз до конца года)
Интер РАО(для ФСК)
Промышленныепотребители
Транспорт
Нефтедобыча
Нефтеперераб…
Нефтепроводы
Газопроводы
Сельское хозя…
Непромышлен…
Государственн…
Население иприравненныегруппыпотребителей
Территориальн…
Выручка, млрд. руб, по ПАО Россети на 2023 год
5 5
285 285
72 72
72 72
18 18
22 22
0 0
50 50
201 201
61 61
190 190
227 227
6 6
331 331
82 82
77 77
20 20
20 20
3 3
57 57
220 220
68 68
214 214
258 258
Факт прошлого года
Ожидаемое (прогноз до конца года)
Интер РАО(для ФСК)
Промышленныепотребители
Транспорт
Нефтедобыча
Нефтеперераб…
Нефтепроводы
Газопроводы
Сельское хозя…
Непромышлен…
Государственн…
Население иприравненныегруппыпотребителей
Территориальн…
абс.
%
Прогноз на месяц 
Ноябрь
КПО/Отпуск из сети 
Котловой полезный отпуск, млн. кВт.ч
Организация 
Все
Прогноз электропотребления и выручки за услуги по передаче в разрезе отраслей'

06-11-2024T06:31:33 - [MESSAGE][PASSED] - Text of object 'Object Repository/Прогноз по отраслям/Виджеты дашборда' is: 'Год 
2023 год
Сравнение с 
Факт прошлого года
Отклонения по ПАО Россети на 2023 год
0.0 0.0
646.5 646.5
341.1 341.1
-2 455.6 -2 455.6
245.6 245.6
-1 796.0 -1 796.0
676.2 676.2
452.4 452.4
1 386.2 1 386.2
527.5 527.5
-1 130.4 -1 130.4
-128.7 -128.7
⬤ Отклонение, млн. кВт.ч
Интер РАО (для ФСК)
Промышленные потребители
Транспорт
Нефтедобыча
Нефтепереработка
Нефтепроводы
Газопроводы
Сельское хозяйство и пищевая про…
Непромышленные потребители
Государственные (муниципальные…
Население и приравненные группы…
Территориальные сетевые организ…
Выручка отклонения по ПАО Россети на 2023 год
421.3 421.3
45 574.9 45 574.9
9 547.5 9 547.5
4 889.3 4 889.3
2 337.4 2 337.4
-1 682.6 -1 682.6
2 919.4 2 919.4
7 110.2 7 110.2
19 840.8 19 840.8
7 289.5 7 289.5
23 664.8 23 664.8
31 028.3 31 028.3
⬤ Отклонение, млн. руб
Интер РАО (для ФСК)
Промышленные потребители
Транспорт
Нефтедобыча
Нефтепереработка
Нефтепроводы
Газопроводы
Сельское хозяйство и пищевая про…
Непромышленные потребители
Государственные (муниципальные…
Население и приравненные группы…
Территориальные сетевые организ…
Динамика электропотребления, млрд. кВт.ч., по ПАО Россети на 2023 год
0 0
120 120
38 38
41 41
8 8
10 10
0 0
19 19
77 77
25 25
122 122
61 61
0 0
120 120
39 39
39 39
8 8
8 8
1 1
20 20
78 78
26 26
121 121
60 60
Факт прошлого года
Ожидаемое (прогноз до конца года)
Интер РАО(для ФСК)
Промышленныепотребители
Транспорт
Нефтедобыча
Нефтеперераб…
Нефтепроводы
Газопроводы
Сельское хозя…
Непромышлен…
Государственн…
Население иприравненныегруппыпотребителей
Территориальн…
Выручка, млрд. руб, по ПАО Россети на 2023 год
5 5
285 285
72 72
72 72
18 18
22 22
0 0
50 50
201 201
61 61
190 190
227 227
6 6
331 331
82 82
77 77
20 20
20 20
3 3
57 57
220 220
68 68
214 214
258 258
Факт прошлого года
Ожидаемое (прогноз до конца года)
Интер РАО(для ФСК)
Промышленныепотребители
Транспорт
Нефтедобыча
Нефтеперераб…
Нефтепроводы
Газопроводы
Сельское хозя…
Непромышлен…
Государственн…
Население иприравненныегруппыпотребителей
Территориальн…
абс.
%
Прогноз на месяц 
Ноябрь
КПО/Отпуск из сети 
Котловой полезный отпуск, млн. кВт.ч
Организация 
Все
Прогноз электропотребления и выручки за услуги по передаче в разрезе отраслей'

06-11-2024T06:31:33 - [TEST_STEP][PASSED] - b10 = b10.replaceAll("[^0-9]", ""): null

06-11-2024T06:31:33 - [TEST_STEP][PASSED] - println("b10:" + b10): null

06-11-2024T06:31:33 - [TEST_STEP][PASSED] - click(findTestObject("Прогноз по отраслям/Фильтр Сравнение с Стресс")): Object: 'Object Repository/Прогноз по отраслям/Фильтр Сравнение с Стресс' is clicked on

06-11-2024T06:31:33 - [MESSAGE][PASSED] - Object: 'Object Repository/Прогноз по отраслям/Фильтр Сравнение с Стресс' is clicked on

06-11-2024T06:31:33 - [TEST_STEP][PASSED] - click(findTestObject("Прогноз по отраслям/План Стресс")): Object: 'Object Repository/Прогноз по отраслям/План Стресс' is clicked on

06-11-2024T06:31:34 - [MESSAGE][PASSED] - Object: 'Object Repository/Прогноз по отраслям/План Стресс' is clicked on

06-11-2024T06:31:34 - [TEST_STEP][PASSED] - delay(40): Delayed 40 second(s)

06-11-2024T06:32:14 - [MESSAGE][PASSED] - Delayed 40 second(s)

06-11-2024T06:32:14 - [TEST_STEP][PASSED] - b11 = getText(findTestObject("Прогноз по отраслям/Виджеты дашборда")): Text of object 'Object Repository/Прогноз по отраслям/Виджеты дашборда' is: 'Год 
2023 год
Сравнение с 
План
Отклонения по ПАО Россети на 2023 год
0.0 0.0
1 471.7 1 471.7
1 186.5 1 186.5
32 445.2 32 445.2
1 268.3 1 268.3
349.4 349.4
84.3 84.3
239.8 239.8
2 969.4 2 969.4
589.2 589.2
-1 798.4 -1 798.4
5 359.3 5 359.3
⬤ Отклонение, млн. кВт.ч
Интер РАО (для ФСК)
Промышленные потребители
Транспорт
Нефтедобыча
Нефтепереработка
Нефтепроводы
Газопроводы
Сельское хозяйство и пищевая про…
Непромышленные потребители
Государственные (муниципальные…
Население и приравненные группы…
Территориальные сетевые организ…
Выручка отклонения по ПАО Россети на 2023 год
794.9 794.9
12 195.0 12 195.0
972.7 972.7
61 803.9 61 803.9
4 222.3 4 222.3
-121.8 -121.8
666.2 666.2
873.2 873.2
5 809.6 5 809.6
1 342.6 1 342.6
-4 463.2 -4 463.2
18 375.5 18 375.5
⬤ Отклонение, млн. руб
Интер РАО (для ФСК)
Промышленные потребители
Транспорт
Нефтедобыча
Нефтепереработка
Нефтепроводы
Газопроводы
Сельское хозяйство и пищевая про…
Непромышленные потребители
Государственные (муниципальные…
Население и приравненные группы…
Территориальные сетевые организ…
Динамика электропотребления, млрд. кВт.ч., по ПАО Россети на 2023 год
0 0
119 119
37 37
7 7
7 7
8 8
1 1
19 19
75 75
25 25
123 123
55 55
0 0
120 120
39 39
39 39
8 8
8 8
1 1
20 20
78 78
26 26
121 121
60 60
План
Ожидаемое (прогноз до конца года)
Интер РАО(для ФСК)
Промышленныепотребители
Транспорт
Нефтедобыча
Нефтеперераб…
Нефтепроводы
Газопроводы
Сельское хозя…
Непромышлен…
Государственн…
Население иприравненныегруппыпотребителей
Территориальн…
Выручка, млрд. руб, по ПАО Россети на 2023 год
5 5
319 319
81 81
16 16
16 16
20 20
2 2
56 56
215 215
67 67
218 218
239 239
6 6
331 331
82 82
77 77
20 20
20 20
3 3
57 57
220 220
68 68
214 214
258 258
План
Ожидаемое (прогноз до конца года)
Интер РАО(для ФСК)
Промышленныепотребители
Транспорт
Нефтедобыча
Нефтеперераб…
Нефтепроводы
Газопроводы
Сельское хозя…
Непромышлен…
Государственн…
Население иприравненныегруппыпотребителей
Территориальн…
абс.
%
Прогноз на месяц 
Ноябрь
КПО/Отпуск из сети 
Котловой полезный отпуск, млн. кВт.ч
Организация 
Все
Прогноз электропотребления и выручки за услуги по передаче в разрезе отраслей'

06-11-2024T06:32:15 - [MESSAGE][PASSED] - Text of object 'Object Repository/Прогноз по отраслям/Виджеты дашборда' is: 'Год 
2023 год
Сравнение с 
План
Отклонения по ПАО Россети на 2023 год
0.0 0.0
1 471.7 1 471.7
1 186.5 1 186.5
32 445.2 32 445.2
1 268.3 1 268.3
349.4 349.4
84.3 84.3
239.8 239.8
2 969.4 2 969.4
589.2 589.2
-1 798.4 -1 798.4
5 359.3 5 359.3
⬤ Отклонение, млн. кВт.ч
Интер РАО (для ФСК)
Промышленные потребители
Транспорт
Нефтедобыча
Нефтепереработка
Нефтепроводы
Газопроводы
Сельское хозяйство и пищевая про…
Непромышленные потребители
Государственные (муниципальные…
Население и приравненные группы…
Территориальные сетевые организ…
Выручка отклонения по ПАО Россети на 2023 год
794.9 794.9
12 195.0 12 195.0
972.7 972.7
61 803.9 61 803.9
4 222.3 4 222.3
-121.8 -121.8
666.2 666.2
873.2 873.2
5 809.6 5 809.6
1 342.6 1 342.6
-4 463.2 -4 463.2
18 375.5 18 375.5
⬤ Отклонение, млн. руб
Интер РАО (для ФСК)
Промышленные потребители
Транспорт
Нефтедобыча
Нефтепереработка
Нефтепроводы
Газопроводы
Сельское хозяйство и пищевая про…
Непромышленные потребители
Государственные (муниципальные…
Население и приравненные группы…
Территориальные сетевые организ…
Динамика электропотребления, млрд. кВт.ч., по ПАО Россети на 2023 год
0 0
119 119
37 37
7 7
7 7
8 8
1 1
19 19
75 75
25 25
123 123
55 55
0 0
120 120
39 39
39 39
8 8
8 8
1 1
20 20
78 78
26 26
121 121
60 60
План
Ожидаемое (прогноз до конца года)
Интер РАО(для ФСК)
Промышленныепотребители
Транспорт
Нефтедобыча
Нефтеперераб…
Нефтепроводы
Газопроводы
Сельское хозя…
Непромышлен…
Государственн…
Население иприравненныегруппыпотребителей
Территориальн…
Выручка, млрд. руб, по ПАО Россети на 2023 год
5 5
319 319
81 81
16 16
16 16
20 20
2 2
56 56
215 215
67 67
218 218
239 239
6 6
331 331
82 82
77 77
20 20
20 20
3 3
57 57
220 220
68 68
214 214
258 258
План
Ожидаемое (прогноз до конца года)
Интер РАО(для ФСК)
Промышленныепотребители
Транспорт
Нефтедобыча
Нефтеперераб…
Нефтепроводы
Газопроводы
Сельское хозя…
Непромышлен…
Государственн…
Население иприравненныегруппыпотребителей
Территориальн…
абс.
%
Прогноз на месяц 
Ноябрь
КПО/Отпуск из сети 
Котловой полезный отпуск, млн. кВт.ч
Организация 
Все
Прогноз электропотребления и выручки за услуги по передаче в разрезе отраслей'

06-11-2024T06:32:15 - [TEST_STEP][PASSED] - println("b11:" + b11): null

06-11-2024T06:32:15 - [TEST_STEP][PASSED] - b11 = b11.replaceAll("[^0-9]", ""): null

06-11-2024T06:32:15 - [TEST_STEP][PASSED] - println("b11:" + b11): null

06-11-2024T06:32:15 - [TEST_STEP][PASSED] - click(findTestObject("Прогноз по отраслям/Фильтр Сравнение с Стресс")): Object: 'Object Repository/Прогноз по отраслям/Фильтр Сравнение с Стресс' is clicked on

06-11-2024T06:32:15 - [MESSAGE][PASSED] - Object: 'Object Repository/Прогноз по отраслям/Фильтр Сравнение с Стресс' is clicked on

06-11-2024T06:32:15 - [TEST_STEP][PASSED] - click(findTestObject("Прогноз по отраслям/План СУ Стресс")): Object: 'Object Repository/Прогноз по отраслям/План СУ Стресс' is clicked on

06-11-2024T06:32:17 - [MESSAGE][PASSED] - Object: 'Object Repository/Прогноз по отраслям/План СУ Стресс' is clicked on

06-11-2024T06:32:17 - [TEST_STEP][PASSED] - delay(40): Delayed 40 second(s)

06-11-2024T06:32:57 - [MESSAGE][PASSED] - Delayed 40 second(s)

06-11-2024T06:32:57 - [TEST_STEP][PASSED] - b12 = getText(findTestObject("Прогноз по отраслям/Виджеты дашборда")): Text of object 'Object Repository/Прогноз по отраслям/Виджеты дашборда' is: 'Год 
2023 год
Сравнение с 
План/СУ
Отклонения по ПАО Россети на 2023 год
0.0 0.0
120 322.6 120 322.6
38 655.4 38 655.4
39 037.8 39 037.8
8 291.7 8 291.7
8 259.5 8 259.5
793.1 793.1
19 706.6 19 706.6
78 310.2 78 310.2
25 579.5 25 579.5
121 219.7 121 219.7
60 414.9 60 414.9
⬤ Отклонение, млн. кВт.ч
Интер РАО (для ФСК)
Промышленные потребители
Транспорт
Нефтедобыча
Нефтепереработка
Нефтепроводы
Газопроводы
Сельское хозяйство и пищевая про…
Непромышленные потребители
Государственные (муниципальные…
Население и приравненные группы…
Территориальные сетевые организ…
Выручка отклонения по ПАО Россети на 2023 год
⬤ Отклонение, млн. руб
Интер РАО (для ФСК)
Промышленные потребители
Транспорт
Нефтедобыча
Нефтепереработка
Нефтепроводы
Газопроводы
Сельское хозяйство и пищевая про…
Непромышленные потребители
Государственные (муниципальные…
Население и приравненные группы…
Территориальные сетевые организ…
Динамика электропотребления, млрд. кВт.ч., по ПАО Россети на 2023 год
0 0
0 0
0 0
0 0
0 0
0 0
0 0
0 0
0 0
0 0
0 0
0 0
0 0
120 120
39 39
39 39
8 8
8 8
1 1
20 20
78 78
26 26
121 121
60 60
СУ
Ожидаемое (прогноз до конца года)
Интер РАО(для ФСК)
Промышленныепотребители
Транспорт
Нефтедобыча
Нефтеперераб…
Нефтепроводы
Газопроводы
Сельское хозя…
Непромышлен…
Государственн…
Население иприравненныегруппыпотребителей
Территориальн…
Выручка, млрд. руб, по ПАО Россети на 2023 год
6 6
331 331
82 82
77 77
20 20
20 20
3 3
57 57
220 220
68 68
214 214
258 258
Ожидаемое (прогноз до конца года)
Интер РАО(для ФСК)
Промышленныепотребители
Транспорт
Нефтедобыча
Нефтеперераб…
Нефтепроводы
Газопроводы
Сельское хозя…
Непромышлен…
Государственн…
Население иприравненныегруппыпотребителей
Территориальн…
абс.
%
Прогноз на месяц 
Ноябрь
КПО/Отпуск из сети 
Котловой полезный отпуск, млн. кВт.ч
Организация 
Все
Прогноз электропотребления и выручки за услуги по передаче в разрезе отраслей'

06-11-2024T06:32:57 - [MESSAGE][PASSED] - Text of object 'Object Repository/Прогноз по отраслям/Виджеты дашборда' is: 'Год 
2023 год
Сравнение с 
План/СУ
Отклонения по ПАО Россети на 2023 год
0.0 0.0
120 322.6 120 322.6
38 655.4 38 655.4
39 037.8 39 037.8
8 291.7 8 291.7
8 259.5 8 259.5
793.1 793.1
19 706.6 19 706.6
78 310.2 78 310.2
25 579.5 25 579.5
121 219.7 121 219.7
60 414.9 60 414.9
⬤ Отклонение, млн. кВт.ч
Интер РАО (для ФСК)
Промышленные потребители
Транспорт
Нефтедобыча
Нефтепереработка
Нефтепроводы
Газопроводы
Сельское хозяйство и пищевая про…
Непромышленные потребители
Государственные (муниципальные…
Население и приравненные группы…
Территориальные сетевые организ…
Выручка отклонения по ПАО Россети на 2023 год
⬤ Отклонение, млн. руб
Интер РАО (для ФСК)
Промышленные потребители
Транспорт
Нефтедобыча
Нефтепереработка
Нефтепроводы
Газопроводы
Сельское хозяйство и пищевая про…
Непромышленные потребители
Государственные (муниципальные…
Население и приравненные группы…
Территориальные сетевые организ…
Динамика электропотребления, млрд. кВт.ч., по ПАО Россети на 2023 год
0 0
0 0
0 0
0 0
0 0
0 0
0 0
0 0
0 0
0 0
0 0
0 0
0 0
120 120
39 39
39 39
8 8
8 8
1 1
20 20
78 78
26 26
121 121
60 60
СУ
Ожидаемое (прогноз до конца года)
Интер РАО(для ФСК)
Промышленныепотребители
Транспорт
Нефтедобыча
Нефтеперераб…
Нефтепроводы
Газопроводы
Сельское хозя…
Непромышлен…
Государственн…
Население иприравненныегруппыпотребителей
Территориальн…
Выручка, млрд. руб, по ПАО Россети на 2023 год
6 6
331 331
82 82
77 77
20 20
20 20
3 3
57 57
220 220
68 68
214 214
258 258
Ожидаемое (прогноз до конца года)
Интер РАО(для ФСК)
Промышленныепотребители
Транспорт
Нефтедобыча
Нефтеперераб…
Нефтепроводы
Газопроводы
Сельское хозя…
Непромышлен…
Государственн…
Население иприравненныегруппыпотребителей
Территориальн…
абс.
%
Прогноз на месяц 
Ноябрь
КПО/Отпуск из сети 
Котловой полезный отпуск, млн. кВт.ч
Организация 
Все
Прогноз электропотребления и выручки за услуги по передаче в разрезе отраслей'

06-11-2024T06:32:57 - [TEST_STEP][PASSED] - b12 = b12.replaceAll("[^0-9]", ""): null

06-11-2024T06:32:57 - [TEST_STEP][PASSED] - println("b12:" + b12): null

06-11-2024T06:32:57 - [TEST_STEP][PASSED] - if (verifyEqual(a1, b1) == true): Actual object '20232023121218618636365050101019190017178585191982826046041010197197373748481010151544181880801919828260860820235528528572727272181822220050502012016161190190227227663313318282777720202020335757220220686821421425825820231851855959363639390909207207331323313238385656131309090707202377771601601321326767133133777713315133151421429999120120124124137137' and expected object '20232023121218618636365050101019190017178585191982826046041010197197373748481010151544181880801919828260860820235528528572727272181822220050502012016161190190227227663313318282777720202020335757220220686821421425825820231851855959363639390909207207331323313238385656131309090707202377771601601321326767133133777713315133151421429999120120124124137137' are equal

06-11-2024T06:32:57 - [MESSAGE][PASSED] - Actual object '20232023121218618636365050101019190017178585191982826046041010197197373748481010151544181880801919828260860820235528528572727272181822220050502012016161190190227227663313318282777720202020335757220220686821421425825820231851855959363639390909207207331323313238385656131309090707202377771601601321326767133133777713315133151421429999120120124124137137' and expected object '20232023121218618636365050101019190017178585191982826046041010197197373748481010151544181880801919828260860820235528528572727272181822220050502012016161190190227227663313318282777720202020335757220220686821421425825820231851855959363639390909207207331323313238385656131309090707202377771601601321326767133133777713315133151421429999120120124124137137' are equal

06-11-2024T06:32:57 - [TEST_STEP][PASSED] - if (verifyEqual(a2, b2) == true): Actual object '202320231010190190363614149914144417178080191982825885881010197197373748481010151544181880801919828260860820235531931981811616161620202256562152156767218218239239663313318282777720202020335757220220686821421425825820234747383819192303230310910942422172173939060616161010333320231561563838121239823982269269060626926915152727202020207979' and expected object '202320231010190190363614149914144417178080191982825885881010197197373748481010151544181880801919828260860820235531931981811616161620202256562152156767218218239239663313318282777720202020335757220220686821421425825820234747383819192303230310910942422172173939060616161010333320231561563838121239823982269269060626926915152727202020207979' are equal

06-11-2024T06:32:57 - [MESSAGE][PASSED] - Actual object '202320231010190190363614149914144417178080191982825885881010197197373748481010151544181880801919828260860820235531931981811616161620202256562152156767218218239239663313318282777720202020335757220220686821421425825820234747383819192303230310910942422172173939060616161010333320231561563838121239823982269269060626926915152727202020207979' and expected object '202320231010190190363614149914144417178080191982825885881010197197373748481010151544181880801919828260860820235531931981811616161620202256562152156767218218239239663313318282777720202020335757220220686821421425825820234747383819192303230310910942422172173939060616161010333320231561563838121239823982269269060626926915152727202020207979' are equal

06-11-2024T06:32:57 - [TEST_STEP][PASSED] - if (verifyEqual(a3, b3) == true): Actual object '2023202310101861863636151599141444171788881919838359759710101971973737484810101515441818808019198282608608202366331331828277772020202033575722022068682142142582582023252559591919219121911171171919131131353587870202161618182023' and expected object '2023202310101861863636151599141444171788881919838359759710101971973737484810101515441818808019198282608608202366331331828277772020202033575722022068682142142582582023252559591919219121911171171919131131353587870202161618182023' are equal

06-11-2024T06:32:57 - [MESSAGE][PASSED] - Actual object '2023202310101861863636151599141444171788881919838359759710101971973737484810101515441818808019198282608608202366331331828277772020202033575722022068682142142582582023252559591919219121911171171919131131353587870202161618182023' and expected object '2023202310101861863636151599141444171788881919838359759710101971973737484810101515441818808019198282608608202366331331828277772020202033575722022068682142142582582023252559591919219121911171171919131131353587870202161618182023' are equal

06-11-2024T06:32:57 - [TEST_STEP][PASSED] - if (verifyEqual(a4, b4) == true): Actual object '20232023001201203838414188101000191977772525122122616100120120393939398888112020787826261211216060202355285285727272721818222200505020120161611901902272276633133182827777202020203357572202206868214214258258202305050909595931311791795784578423231818212109090202202377771601601321326767133133777713315133151421429999120120124124137137' and expected object '20232023001201203838414188101000191977772525122122616100120120393939398888112020787826261211216060202355285285727272721818222200505020120161611901902272276633133182827777202020203357572202206868214214258258202305050909595931311791795784578423231818212109090202202377771601601321326767133133777713315133151421429999120120124124137137' are equal

06-11-2024T06:32:57 - [MESSAGE][PASSED] - Actual object '20232023001201203838414188101000191977772525122122616100120120393939398888112020787826261211216060202355285285727272721818222200505020120161611901902272276633133182827777202020203357572202206868214214258258202305050909595931311791795784578423231818212109090202202377771601601321326767133133777713315133151421429999120120124124137137' and expected object '20232023001201203838414188101000191977772525122122616100120120393939398888112020787826261211216060202355285285727272721818222200505020120161611901902272276633133182827777202020203357572202206868214214258258202305050909595931311791795784578423231818212109090202202377771601601321326767133133777713315133151421429999120120124124137137' are equal

06-11-2024T06:32:57 - [TEST_STEP][PASSED] - if (verifyEqual(a5, b5) == true): Actual object '20232023001191193737777788111919757525251231235555001201203939393988881120207878262612112160602023553193198181161616162020225656215215676721821823923966331331828277772020202033575722022068682142142582582023121232324921492118118144441191191212414124241414979720231561563838121239823982269269060626926915152727202020207979' and expected object '20232023001191193737777788111919757525251231235555001201203939393988881120207878262612112160602023553193198181161616162020225656215215676721821823923966331331828277772020202033575722022068682142142582582023121232324921492118118144441191191212414124241414979720231561563838121239823982269269060626926915152727202020207979' are equal

06-11-2024T06:32:57 - [MESSAGE][PASSED] - Actual object '20232023001191193737777788111919757525251231235555001201203939393988881120207878262612112160602023553193198181161616162020225656215215676721821823923966331331828277772020202033575722022068682142142582582023121232324921492118118144441191191212414124241414979720231561563838121239823982269269060626926915152727202020207979' and expected object '20232023001191193737777788111919757525251231235555001201203939393988881120207878262612112160602023553193198181161616162020225656215215676721821823923966331331828277772020202033575722022068682142142582582023121232324921492118118144441191191212414124241414979720231561563838121239823982269269060626926915152727202020207979' are equal

06-11-2024T06:32:57 - [TEST_STEP][PASSED] - if (verifyEqual(a6, b6) == true): Actual object '20232023000000000000000000000000001201203939393988881120207878262612112160602023663313318282777720202020335757220220686821421425825820232023' and expected object '20232023000000000000000000000000001201203939393988881120207878262612112160602023663313318282777720202020335757220220686821421425825820232023' are equal

06-11-2024T06:32:57 - [MESSAGE][PASSED] - Actual object '20232023000000000000000000000000001201203939393988881120207878262612112160602023663313318282777720202020335757220220686821421425825820232023' and expected object '20232023000000000000000000000000001201203939393988881120207878262612112160602023663313318282777720202020335757220220686821421425825820232023' are equal

06-11-2024T06:32:57 - [TEST_STEP][PASSED] - if (verifyEqual(a7, b7) == true): Actual object '202320232263522635110546110546128021280219475194759099093845038450416214162165176517472774727725652565723972394292342923202342134213455749455749954759547548893488932337423374168261682629194291947110271102198408198408728957289523664823664831028331028320231212186186363650501010191900171785851919828260460410101971973737484810101515441818808019198282608608202355285285727272721818222200505020120161611901902272276633133182827777202020203357572202206868214214258258' and expected object '202320232263522635110546110546128021280219475194759099093845038450416214162165176517472774727725652565723972394292342923202342134213455749455749954759547548893488932337423374168261682629194291947110271102198408198408728957289523664823664831028331028320231212186186363650501010191900171785851919828260460410101971973737484810101515441818808019198282608608202355285285727272721818222200505020120161611901902272276633133182827777202020203357572202206868214214258258' are equal

06-11-2024T06:32:57 - [MESSAGE][PASSED] - Actual object '202320232263522635110546110546128021280219475194759099093845038450416214162165176517472774727725652565723972394292342923202342134213455749455749954759547548893488932337423374168261682629194291947110271102198408198408728957289523664823664831028331028320231212186186363650501010191900171785851919828260460410101971973737484810101515441818808019198282608608202355285285727272721818222200505020120161611901902272276633133182827777202020203357572202206868214214258258' and expected object '202320232263522635110546110546128021280219475194759099093845038450416214162165176517472774727725652565723972394292342923202342134213455749455749954759547548893488932337423374168261682629194291947110271102198408198408728957289523664823664831028331028320231212186186363650501010191900171785851919828260460410101971973737484810101515441818808019198282608608202355285285727272721818222200505020120161611901902272276633133182827777202020203357572202206868214214258258' are equal

06-11-2024T06:32:57 - [TEST_STEP][PASSED] - if (verifyEqual(a8, b8) == true): Actual object '202320234922492271651716516893689333271733271798649864593859387640764067046704592459243088308894099409196041196041202379497949121950121950972797276180396180394222342223121812186662666287328732580965809613426134264463244632183755183755202310101901903636141499141444171780801919828258858810101971973737484810101515441818808019198282608608202355319319818116161616202022565621521567672182182392396633133182827777202020203357572202206868214214258258' and expected object '202320234922492271651716516893689333271733271798649864593859387640764067046704592459243088308894099409196041196041202379497949121950121950972797276180396180394222342223121812186662666287328732580965809613426134264463244632183755183755202310101901903636141499141444171780801919828258858810101971973737484810101515441818808019198282608608202355319319818116161616202022565621521567672182182392396633133182827777202020203357572202206868214214258258' are equal

06-11-2024T06:32:57 - [MESSAGE][PASSED] - Actual object '202320234922492271651716516893689333271733271798649864593859387640764067046704592459243088308894099409196041196041202379497949121950121950972797276180396180394222342223121812186662666287328732580965809613426134264463244632183755183755202310101901903636141499141444171780801919828258858810101971973737484810101515441818808019198282608608202355319319818116161616202022565621521567672182182392396633133182827777202020203357572202206868214214258258' and expected object '202320234922492271651716516893689333271733271798649864593859387640764067046704592459243088308894099409196041196041202379497949121950121950972797276180396180394222342223121812186662666287328732580965809613426134264463244632183755183755202310101901903636141499141444171780801919828258858810101971973737484810101515441818808019198282608608202355319319818116161616202022565621521567672182182392396633133182827777202020203357572202206868214214258258' are equal

06-11-2024T06:32:57 - [TEST_STEP][PASSED] - if (verifyEqual(a9, b9) == true): Actual object '202320232435243511013511013567486748327653327653104941049427182718495249525887588776077760773193191318113181109065109065202320231010186186363615159914144417178888191983835975971010197197373748481010151544181880801919828260860820236633133182827777202020203357572202206868214214258258' and expected object '202320232435243511013511013567486748327653327653104941049427182718495249525887588776077760773193191318113181109065109065202320231010186186363615159914144417178888191983835975971010197197373748481010151544181880801919828260860820236633133182827777202020203357572202206868214214258258' are equal

06-11-2024T06:32:57 - [MESSAGE][PASSED] - Actual object '202320232435243511013511013567486748327653327653104941049427182718495249525887588776077760773193191318113181109065109065202320231010186186363615159914144417178888191983835975971010197197373748481010151544181880801919828260860820236633133182827777202020203357572202206868214214258258' and expected object '202320232435243511013511013567486748327653327653104941049427182718495249525887588776077760773193191318113181109065109065202320231010186186363615159914144417178888191983835975971010197197373748481010151544181880801919828260860820236633133182827777202020203357572202206868214214258258' are equal

06-11-2024T06:32:57 - [TEST_STEP][PASSED] - if (verifyEqual(a10, b10) == true): Actual object '20232023000064656465341134112455624556245624561796017960676267624524452413862138625275527511304113041287128720234213421345574945574995475954754889348893233742337416826168262919429194711027110219840819840872895728952366482366483102833102832023001201203838414188101000191977772525122122616100120120393939398888112020787826261211216060202355285285727272721818222200505020120161611901902272276633133182827777202020203357572202206868214214258258' and expected object '20232023000064656465341134112455624556245624561796017960676267624524452413862138625275527511304113041287128720234213421345574945574995475954754889348893233742337416826168262919429194711027110219840819840872895728952366482366483102833102832023001201203838414188101000191977772525122122616100120120393939398888112020787826261211216060202355285285727272721818222200505020120161611901902272276633133182827777202020203357572202206868214214258258' are equal

06-11-2024T06:32:57 - [MESSAGE][PASSED] - Actual object '20232023000064656465341134112455624556245624561796017960676267624524452413862138625275527511304113041287128720234213421345574945574995475954754889348893233742337416826168262919429194711027110219840819840872895728952366482366483102833102832023001201203838414188101000191977772525122122616100120120393939398888112020787826261211216060202355285285727272721818222200505020120161611901902272276633133182827777202020203357572202206868214214258258' and expected object '20232023000064656465341134112455624556245624561796017960676267624524452413862138625275527511304113041287128720234213421345574945574995475954754889348893233742337416826168262919429194711027110219840819840872895728952366482366483102833102832023001201203838414188101000191977772525122122616100120120393939398888112020787826261211216060202355285285727272721818222200505020120161611901902272276633133182827777202020203357572202206868214214258258' are equal

06-11-2024T06:32:57 - [TEST_STEP][PASSED] - if (verifyEqual(a11, b11) == true): Actual object '202320230000147171471711865118653244523244521268312683349434948438432398239829694296945892589217984179845359353593202379497949121950121950972797276180396180394222342223121812186662666287328732580965809613426134264463244632183755183755202300119119373777778811191975752525123123555500120120393939398888112020787826261211216060202355319319818116161616202022565621521567672182182392396633133182827777202020203357572202206868214214258258' and expected object '202320230000147171471711865118653244523244521268312683349434948438432398239829694296945892589217984179845359353593202379497949121950121950972797276180396180394222342223121812186662666287328732580965809613426134264463244632183755183755202300119119373777778811191975752525123123555500120120393939398888112020787826261211216060202355319319818116161616202022565621521567672182182392396633133182827777202020203357572202206868214214258258' are equal

06-11-2024T06:32:57 - [MESSAGE][PASSED] - Actual object '202320230000147171471711865118653244523244521268312683349434948438432398239829694296945892589217984179845359353593202379497949121950121950972797276180396180394222342223121812186662666287328732580965809613426134264463244632183755183755202300119119373777778811191975752525123123555500120120393939398888112020787826261211216060202355319319818116161616202022565621521567672182182392396633133182827777202020203357572202206868214214258258' and expected object '202320230000147171471711865118653244523244521268312683349434948438432398239829694296945892589217984179845359353593202379497949121950121950972797276180396180394222342223121812186662666287328732580965809613426134264463244632183755183755202300119119373777778811191975752525123123555500120120393939398888112020787826261211216060202355319319818116161616202022565621521567672182182392396633133182827777202020203357572202206868214214258258' are equal

06-11-2024T06:32:57 - [TEST_STEP][PASSED] - if (verifyEqual(a12, b12) == true): Actual object '20232023000012032261203226386554386554390378390378829178291782595825957931793119706619706678310278310225579525579512121971212197604149604149202320230000000000000000000000000012012039393939888811202078782626121121606020236633133182827777202020203357572202206868214214258258' and expected object '20232023000012032261203226386554386554390378390378829178291782595825957931793119706619706678310278310225579525579512121971212197604149604149202320230000000000000000000000000012012039393939888811202078782626121121606020236633133182827777202020203357572202206868214214258258' are equal

06-11-2024T06:32:57 - [MESSAGE][PASSED] - Actual object '20232023000012032261203226386554386554390378390378829178291782595825957931793119706619706678310278310225579525579512121971212197604149604149202320230000000000000000000000000012012039393939888811202078782626121121606020236633133182827777202020203357572202206868214214258258' and expected object '20232023000012032261203226386554386554390378390378829178291782595825957931793119706619706678310278310225579525579512121971212197604149604149202320230000000000000000000000000012012039393939888811202078782626121121606020236633133182827777202020203357572202206868214214258258' are equal

06-11-2024T06:32:57 - [TEST_STEP][PASSED] - closeBrowser(): Browser is closed

06-11-2024T06:32:58 - [MESSAGE][PASSED] - Browser is closed]]></system-out>
         <system-err><![CDATA[]]></system-err>
      </testcase>
      <testcase name="Test Cases/Сверки дашбордов/Факторный анализ сверка дашбордов" time="206.483" classname="Test Cases/Сверки дашбордов/Факторный анализ сверка дашбордов" status="FAILED">
         <failure type="FAILED" message="Test Cases/Сверки дашбордов/Факторный анализ сверка дашбордов FAILED.&#xa;Reason:&#xa;com.kms.katalon.core.exception.StepFailedException: Unable to verify equal between actual object '-355761' and expected object '9903' (Root cause: com.kms.katalon.core.exception.StepFailedException: Actual object '-355761' and expected object '9903' are not equal&#xa;	at com.kms.katalon.core.keyword.builtin.VerifyEqualKeyword$_verifyEqual_closure1.doCall(VerifyEqualKeyword.groovy:58)&#xa;	at com.kms.katalon.core.keyword.builtin.VerifyEqualKeyword$_verifyEqual_closure1.call(VerifyEqualKeyword.groovy)&#xa;	at com.kms.katalon.core.keyword.internal.KeywordMain.runKeyword(KeywordMain.groovy:75)&#xa;	at com.kms.katalon.core.keyword.builtin.VerifyEqualKeyword.verifyEqual(VerifyEqualKeyword.groovy:63)&#xa;	at com.kms.katalon.core.keyword.builtin.VerifyEqualKeyword.execute(VerifyEqualKeyword.groovy:44)&#xa;	at com.kms.katalon.core.keyword.internal.KeywordExecutor.executeKeywordForPlatform(KeywordExecutor.groovy:74)&#xa;	at com.kms.katalon.core.keyword.BuiltinKeywords.verifyEqual(BuiltinKeywords.groovy:146)&#xa;	at jdk.internal.reflect.GeneratedMethodAccessor22.invoke(Unknown Source)&#xa;	at java.base/jdk.internal.reflect.DelegatingMethodAccessorImpl.invoke(DelegatingMethodAccessorImpl.java:43)&#xa;	at Факторный анализ сверка дашбордов.Compare(Факторный анализ сверка дашбордов:658)&#xa;	at Факторный анализ сверка дашбордов.Test(Факторный анализ сверка дашбордов:422)&#xa;	at Факторный анализ сверка дашбордов.run(Факторный анализ сверка дашбордов:44)&#xa;	at com.kms.katalon.core.main.ScriptEngine.run(ScriptEngine.java:194)&#xa;	at com.kms.katalon.core.main.ScriptEngine.runScriptAsRawText(ScriptEngine.java:119)&#xa;	at com.kms.katalon.core.main.TestCaseExecutor.runScript(TestCaseExecutor.java:448)&#xa;	at com.kms.katalon.core.main.TestCaseExecutor.doExecute(TestCaseExecutor.java:439)&#xa;	at com.kms.katalon.core.main.TestCaseExecutor.processExecutionPhase(TestCaseExecutor.java:418)&#xa;	at com.kms.katalon.core.main.TestCaseExecutor.accessMainPhase(TestCaseExecutor.java:410)&#xa;	at com.kms.katalon.core.main.TestCaseExecutor.execute(TestCaseExecutor.java:285)&#xa;	at com.kms.katalon.core.common.CommonExecutor.accessTestCaseMainPhase(CommonExecutor.java:65)&#xa;	at com.kms.katalon.core.main.TestSuiteExecutor.accessTestSuiteMainPhase(TestSuiteExecutor.java:150)&#xa;	at com.kms.katalon.core.main.TestSuiteExecutor.execute(TestSuiteExecutor.java:106)&#xa;	at com.kms.katalon.core.main.TestCaseMain.startTestSuite(TestCaseMain.java:180)&#xa;	at TempTestSuite1730857927993.run(TempTestSuite1730857927993.groovy:35)&#xa;	at java.base/jdk.internal.reflect.NativeMethodAccessorImpl.invoke0(Native Method)&#xa;	at java.base/jdk.internal.reflect.NativeMethodAccessorImpl.invoke(NativeMethodAccessorImpl.java:77)&#xa;	at java.base/jdk.internal.reflect.DelegatingMethodAccessorImpl.invoke(DelegatingMethodAccessorImpl.java:43)&#xa;)&#xa;	at com.kms.katalon.core.keyword.internal.KeywordMain.stepFailed(KeywordMain.groovy:39)&#xa;	at com.kms.katalon.core.keyword.internal.KeywordMain.stepFailed(KeywordMain.groovy)&#xa;	at com.kms.katalon.core.keyword.internal.KeywordMain.runKeyword(KeywordMain.groovy:77)&#xa;	at com.kms.katalon.core.keyword.builtin.VerifyEqualKeyword.verifyEqual(VerifyEqualKeyword.groovy:63)&#xa;	at com.kms.katalon.core.keyword.builtin.VerifyEqualKeyword.execute(VerifyEqualKeyword.groovy:44)&#xa;	at com.kms.katalon.core.keyword.internal.KeywordExecutor.executeKeywordForPlatform(KeywordExecutor.groovy:74)&#xa;	at com.kms.katalon.core.keyword.BuiltinKeywords.verifyEqual(BuiltinKeywords.groovy:146)&#xa;	at jdk.internal.reflect.GeneratedMethodAccessor22.invoke(Unknown Source)&#xa;	at java.base/jdk.internal.reflect.DelegatingMethodAccessorImpl.invoke(DelegatingMethodAccessorImpl.java:43)&#xa;	at Факторный анализ сверка дашбордов.Compare(Факторный анализ сверка дашбордов:658)&#xa;	at Факторный анализ сверка дашбордов.Test(Факторный анализ сверка дашбордов:422)&#xa;	at Факторный анализ сверка дашбордов.run(Факторный анализ сверка дашбордов:44)&#xa;	at com.kms.katalon.core.main.ScriptEngine.run(ScriptEngine.java:194)&#xa;	at com.kms.katalon.core.main.ScriptEngine.runScriptAsRawText(ScriptEngine.java:119)&#xa;	at com.kms.katalon.core.main.TestCaseExecutor.runScript(TestCaseExecutor.java:448)&#xa;	at com.kms.katalon.core.main.TestCaseExecutor.doExecute(TestCaseExecutor.java:439)&#xa;	at com.kms.katalon.core.main.TestCaseExecutor.processExecutionPhase(TestCaseExecutor.java:418)&#xa;	at com.kms.katalon.core.main.TestCaseExecutor.accessMainPhase(TestCaseExecutor.java:410)&#xa;	at com.kms.katalon.core.main.TestCaseExecutor.execute(TestCaseExecutor.java:285)&#xa;	at com.kms.katalon.core.common.CommonExecutor.accessTestCaseMainPhase(CommonExecutor.java:65)&#xa;	at com.kms.katalon.core.main.TestSuiteExecutor.accessTestSuiteMainPhase(TestSuiteExecutor.java:150)&#xa;	at com.kms.katalon.core.main.TestSuiteExecutor.execute(TestSuiteExecutor.java:106)&#xa;	at com.kms.katalon.core.main.TestCaseMain.startTestSuite(TestCaseMain.java:180)&#xa;	at TempTestSuite1730857927993.run(TempTestSuite1730857927993.groovy:35)&#xa;	at java.base/jdk.internal.reflect.NativeMethodAccessorImpl.invoke0(Native Method)&#xa;	at java.base/jdk.internal.reflect.NativeMethodAccessorImpl.invoke(NativeMethodAccessorImpl.java:77)&#xa;	at java.base/jdk.internal.reflect.DelegatingMethodAccessorImpl.invoke(DelegatingMethodAccessorImpl.java:43)&#xa;Caused by: com.kms.katalon.core.exception.StepFailedException: Actual object '-355761' and expected object '9903' are not equal&#xa;	at com.kms.katalon.core.keyword.builtin.VerifyEqualKeyword$_verifyEqual_closure1.doCall(VerifyEqualKeyword.groovy:58)&#xa;	at com.kms.katalon.core.keyword.builtin.VerifyEqualKeyword$_verifyEqual_closure1.call(VerifyEqualKeyword.groovy)&#xa;	at com.kms.katalon.core.keyword.internal.KeywordMain.runKeyword(KeywordMain.groovy:75)&#xa;	... 24 more&#xa;"/>
         <system-out><![CDATA[06-11-2024T06:32:58 - [TEST_CASE][FAILED] - Test Cases/Сверки дашбордов/Факторный анализ сверка дашбордов: Test Cases/Сверки дашбордов/Факторный анализ сверка дашбордов FAILED.
Reason:
com.kms.katalon.core.exception.StepFailedException: Unable to verify equal between actual object '-355761' and expected object '9903' (Root cause: com.kms.katalon.core.exception.StepFailedException: Actual object '-355761' and expected object '9903' are not equal
	at com.kms.katalon.core.keyword.builtin.VerifyEqualKeyword$_verifyEqual_closure1.doCall(VerifyEqualKeyword.groovy:58)
	at com.kms.katalon.core.keyword.builtin.VerifyEqualKeyword$_verifyEqual_closure1.call(VerifyEqualKeyword.groovy)
	at com.kms.katalon.core.keyword.internal.KeywordMain.runKeyword(KeywordMain.groovy:75)
	at com.kms.katalon.core.keyword.builtin.VerifyEqualKeyword.verifyEqual(VerifyEqualKeyword.groovy:63)
	at com.kms.katalon.core.keyword.builtin.VerifyEqualKeyword.execute(VerifyEqualKeyword.groovy:44)
	at com.kms.katalon.core.keyword.internal.KeywordExecutor.executeKeywordForPlatform(KeywordExecutor.groovy:74)
	at com.kms.katalon.core.keyword.BuiltinKeywords.verifyEqual(BuiltinKeywords.groovy:146)
	at jdk.internal.reflect.GeneratedMethodAccessor22.invoke(Unknown Source)
	at java.base/jdk.internal.reflect.DelegatingMethodAccessorImpl.invoke(DelegatingMethodAccessorImpl.java:43)
	at Факторный анализ сверка дашбордов.Compare(Факторный анализ сверка дашбордов:658)
	at Факторный анализ сверка дашбордов.Test(Факторный анализ сверка дашбордов:422)
	at Факторный анализ сверка дашбордов.run(Факторный анализ сверка дашбордов:44)
	at com.kms.katalon.core.main.ScriptEngine.run(ScriptEngine.java:194)
	at com.kms.katalon.core.main.ScriptEngine.runScriptAsRawText(ScriptEngine.java:119)
	at com.kms.katalon.core.main.TestCaseExecutor.runScript(TestCaseExecutor.java:448)
	at com.kms.katalon.core.main.TestCaseExecutor.doExecute(TestCaseExecutor.java:439)
	at com.kms.katalon.core.main.TestCaseExecutor.processExecutionPhase(TestCaseExecutor.java:418)
	at com.kms.katalon.core.main.TestCaseExecutor.accessMainPhase(TestCaseExecutor.java:410)
	at com.kms.katalon.core.main.TestCaseExecutor.execute(TestCaseExecutor.java:285)
	at com.kms.katalon.core.common.CommonExecutor.accessTestCaseMainPhase(CommonExecutor.java:65)
	at com.kms.katalon.core.main.TestSuiteExecutor.accessTestSuiteMainPhase(TestSuiteExecutor.java:150)
	at com.kms.katalon.core.main.TestSuiteExecutor.execute(TestSuiteExecutor.java:106)
	at com.kms.katalon.core.main.TestCaseMain.startTestSuite(TestCaseMain.java:180)
	at TempTestSuite1730857927993.run(TempTestSuite1730857927993.groovy:35)
	at java.base/jdk.internal.reflect.NativeMethodAccessorImpl.invoke0(Native Method)
	at java.base/jdk.internal.reflect.NativeMethodAccessorImpl.invoke(NativeMethodAccessorImpl.java:77)
	at java.base/jdk.internal.reflect.DelegatingMethodAccessorImpl.invoke(DelegatingMethodAccessorImpl.java:43)
)
	at com.kms.katalon.core.keyword.internal.KeywordMain.stepFailed(KeywordMain.groovy:39)
	at com.kms.katalon.core.keyword.internal.KeywordMain.stepFailed(KeywordMain.groovy)
	at com.kms.katalon.core.keyword.internal.KeywordMain.runKeyword(KeywordMain.groovy:77)
	at com.kms.katalon.core.keyword.builtin.VerifyEqualKeyword.verifyEqual(VerifyEqualKeyword.groovy:63)
	at com.kms.katalon.core.keyword.builtin.VerifyEqualKeyword.execute(VerifyEqualKeyword.groovy:44)
	at com.kms.katalon.core.keyword.internal.KeywordExecutor.executeKeywordForPlatform(KeywordExecutor.groovy:74)
	at com.kms.katalon.core.keyword.BuiltinKeywords.verifyEqual(BuiltinKeywords.groovy:146)
	at jdk.internal.reflect.GeneratedMethodAccessor22.invoke(Unknown Source)
	at java.base/jdk.internal.reflect.DelegatingMethodAccessorImpl.invoke(DelegatingMethodAccessorImpl.java:43)
	at Факторный анализ сверка дашбордов.Compare(Факторный анализ сверка дашбордов:658)
	at Факторный анализ сверка дашбордов.Test(Факторный анализ сверка дашбордов:422)
	at Факторный анализ сверка дашбордов.run(Факторный анализ сверка дашбордов:44)
	at com.kms.katalon.core.main.ScriptEngine.run(ScriptEngine.java:194)
	at com.kms.katalon.core.main.ScriptEngine.runScriptAsRawText(ScriptEngine.java:119)
	at com.kms.katalon.core.main.TestCaseExecutor.runScript(TestCaseExecutor.java:448)
	at com.kms.katalon.core.main.TestCaseExecutor.doExecute(TestCaseExecutor.java:439)
	at com.kms.katalon.core.main.TestCaseExecutor.processExecutionPhase(TestCaseExecutor.java:418)
	at com.kms.katalon.core.main.TestCaseExecutor.accessMainPhase(TestCaseExecutor.java:410)
	at com.kms.katalon.core.main.TestCaseExecutor.execute(TestCaseExecutor.java:285)
	at com.kms.katalon.core.common.CommonExecutor.accessTestCaseMainPhase(CommonExecutor.java:65)
	at com.kms.katalon.core.main.TestSuiteExecutor.accessTestSuiteMainPhase(TestSuiteExecutor.java:150)
	at com.kms.katalon.core.main.TestSuiteExecutor.execute(TestSuiteExecutor.java:106)
	at com.kms.katalon.core.main.TestCaseMain.startTestSuite(TestCaseMain.java:180)
	at TempTestSuite1730857927993.run(TempTestSuite1730857927993.groovy:35)
	at java.base/jdk.internal.reflect.NativeMethodAccessorImpl.invoke0(Native Method)
	at java.base/jdk.internal.reflect.NativeMethodAccessorImpl.invoke(NativeMethodAccessorImpl.java:77)
	at java.base/jdk.internal.reflect.DelegatingMethodAccessorImpl.invoke(DelegatingMethodAccessorImpl.java:43)
Caused by: com.kms.katalon.core.exception.StepFailedException: Actual object '-355761' and expected object '9903' are not equal
	at com.kms.katalon.core.keyword.builtin.VerifyEqualKeyword$_verifyEqual_closure1.doCall(VerifyEqualKeyword.groovy:58)
	at com.kms.katalon.core.keyword.builtin.VerifyEqualKeyword$_verifyEqual_closure1.call(VerifyEqualKeyword.groovy)
	at com.kms.katalon.core.keyword.internal.KeywordMain.runKeyword(KeywordMain.groovy:75)
	... 24 more


06-11-2024T06:32:58 - [TEST_STEP][PASSED] - date = new java.util.Date(): null

06-11-2024T06:32:58 - [TEST_STEP][PASSED] - todaysDate = date.format("dd.MM.yyyy"): null

06-11-2024T06:32:58 - [TEST_STEP][PASSED] - typeOfData = <not implemented yet for class: org.codehaus.groovy.ast.expr.EmptyExpression>: null

06-11-2024T06:32:58 - [TEST_STEP][PASSED] - otobrajeniyeDannyh = <not implemented yet for class: org.codehaus.groovy.ast.expr.EmptyExpression>: null

06-11-2024T06:32:58 - [TEST_STEP][PASSED] - println(todaysDate): null

06-11-2024T06:32:58 - [TEST_STEP][PASSED] - vidget = <not implemented yet for class: org.codehaus.groovy.ast.expr.EmptyExpression>: null

06-11-2024T06:32:58 - [TEST_STEP][PASSED] - x = <not implemented yet for class: org.codehaus.groovy.ast.expr.EmptyExpression>: null

06-11-2024T06:32:58 - [TEST_STEP][PASSED] - y = <not implemented yet for class: org.codehaus.groovy.ast.expr.EmptyExpression>: null

06-11-2024T06:32:58 - [TEST_STEP][PASSED] - DZO = <not implemented yet for class: org.codehaus.groovy.ast.expr.EmptyExpression>: null

06-11-2024T06:32:58 - [TEST_STEP][PASSED] - openBrowser(""): Browser is opened with url: ''

06-11-2024T06:32:58 - [MESSAGE][INFO] - Starting 'Chrome' driver

06-11-2024T06:32:58 - [MESSAGE][INFO] - Action delay is set to 0 milliseconds

06-11-2024T06:32:59 - [MESSAGE][PASSED] - Browser is opened with url: ''

06-11-2024T06:32:59 - [TEST_STEP][PASSED] - run = 1: null

06-11-2024T06:32:59 - [TEST_STEP][PASSED] - for ([run = 1, run < 3, (run++)]): null

06-11-2024T06:32:59 - [TEST_STEP][PASSED] - Script1719551244403.Test(run, todaysDate, typeOfData, otobrajeniyeDannyh, x, y, vidget, DZO): null

06-11-2024T06:32:59 - [TEST_STEP][PASSED] - navigateToUrl(findTestData("PlanFact").getValue(10, 3)): Navigate to 'https://bi.rosseti.digital/viewer?dashboardGuid=2301950b23be4ed89c1df75f2020051e&sheetGuid=ccd7d7486b3d4e6fa0ee9b1eaebed46c&fit=true' successfully

06-11-2024T06:33:06 - [MESSAGE][PASSED] - Navigate to 'https://bi.rosseti.digital/viewer?dashboardGuid=2301950b23be4ed89c1df75f2020051e&sheetGuid=ccd7d7486b3d4e6fa0ee9b1eaebed46c&fit=true' successfully

06-11-2024T06:33:06 - [TEST_STEP][PASSED] - Script1719551244403.Autorization(run): null

06-11-2024T06:33:06 - [TEST_STEP][PASSED] - delay(10): Delayed 10 second(s)

06-11-2024T06:33:16 - [MESSAGE][PASSED] - Delayed 10 second(s)

06-11-2024T06:33:16 - [TEST_STEP][PASSED] - if (run == 1): Delayed 10 second(s)

06-11-2024T06:33:16 - [TEST_STEP][PASSED] - setText(findTestObject("Страница авторизации/input__username"), findTestData("PlanFact").getValue(8, 1)): Text 'liazgina-di' is set on object 'Object Repository/Страница авторизации/input__username'

06-11-2024T06:33:17 - [MESSAGE][PASSED] - Text 'liazgina-di' is set on object 'Object Repository/Страница авторизации/input__username'

06-11-2024T06:33:17 - [TEST_STEP][PASSED] - setText(findTestObject("Страница авторизации/input__password"), findTestData("PlanFact").getValue(9, 1)): Text ')$%5srZ8o688Dm#q' is set on object 'Object Repository/Страница авторизации/input__password'

06-11-2024T06:33:18 - [MESSAGE][PASSED] - Text ')$%5srZ8o688Dm#q' is set on object 'Object Repository/Страница авторизации/input__password'

06-11-2024T06:33:18 - [TEST_STEP][PASSED] - click(findTestObject("Страница авторизации/button_")): Object: 'Object Repository/Страница авторизации/button_' is clicked on

06-11-2024T06:33:20 - [MESSAGE][PASSED] - Object: 'Object Repository/Страница авторизации/button_' is clicked on

06-11-2024T06:33:20 - [TEST_STEP][PASSED] - delay(10): Delayed 10 second(s)

06-11-2024T06:33:30 - [MESSAGE][PASSED] - Delayed 10 second(s)

06-11-2024T06:33:30 - [TEST_STEP][PASSED] - i = <not implemented yet for class: org.codehaus.groovy.ast.expr.EmptyExpression>: null

06-11-2024T06:33:30 - [TEST_STEP][PASSED] - ii = <not implemented yet for class: org.codehaus.groovy.ast.expr.EmptyExpression>: null

06-11-2024T06:33:30 - [TEST_STEP][PASSED] - a = <not implemented yet for class: org.codehaus.groovy.ast.expr.EmptyExpression>: null

06-11-2024T06:33:30 - [TEST_STEP][PASSED] - a1 = <not implemented yet for class: org.codehaus.groovy.ast.expr.EmptyExpression>: null

06-11-2024T06:33:30 - [TEST_STEP][PASSED] - a2 = <not implemented yet for class: org.codehaus.groovy.ast.expr.EmptyExpression>: null

06-11-2024T06:33:30 - [TEST_STEP][PASSED] - click(findTestObject("Факторный анализ/Фильтр Период")): Object: 'Object Repository/Факторный анализ/Фильтр Период' is clicked on

06-11-2024T06:33:38 - [MESSAGE][PASSED] - Object: 'Object Repository/Факторный анализ/Фильтр Период' is clicked on

06-11-2024T06:33:38 - [TEST_STEP][PASSED] - click(findTestObject("Факторный анализ/Снять выделение в фильтре Дата")): Object: 'Object Repository/Факторный анализ/Снять выделение в фильтре Дата' is clicked on

06-11-2024T06:33:38 - [MESSAGE][PASSED] - Object: 'Object Repository/Факторный анализ/Снять выделение в фильтре Дата' is clicked on

06-11-2024T06:33:38 - [TEST_STEP][PASSED] - click(findTestObject("Факторный анализ/Применить в фильтре Дата")): Object: 'Object Repository/Факторный анализ/Применить в фильтре Дата' is clicked on

06-11-2024T06:33:39 - [MESSAGE][PASSED] - Object: 'Object Repository/Факторный анализ/Применить в фильтре Дата' is clicked on

06-11-2024T06:33:39 - [TEST_STEP][PASSED] - delay(10): Delayed 10 second(s)

06-11-2024T06:33:49 - [MESSAGE][PASSED] - Delayed 10 second(s)

06-11-2024T06:33:49 - [TEST_STEP][PASSED] - click(findTestObject("Факторный анализ/Фильтр Период")): Object: 'Object Repository/Факторный анализ/Фильтр Период' is clicked on

06-11-2024T06:33:49 - [MESSAGE][PASSED] - Object: 'Object Repository/Факторный анализ/Фильтр Период' is clicked on

06-11-2024T06:33:49 - [TEST_STEP][PASSED] - click(findTestObject("Факторный анализ/Снять выделение в фильтре Дата")): Object: 'Object Repository/Факторный анализ/Снять выделение в фильтре Дата' is clicked on

06-11-2024T06:33:50 - [MESSAGE][PASSED] - Object: 'Object Repository/Факторный анализ/Снять выделение в фильтре Дата' is clicked on

06-11-2024T06:33:50 - [TEST_STEP][PASSED] - scrollToElement(findTestObject("Факторный анализ/2024 список"), 30): Scroll to object 'Object Repository/Факторный анализ/2024 список' successfully

06-11-2024T06:33:50 - [MESSAGE][PASSED] - Scroll to object 'Object Repository/Факторный анализ/2024 список' successfully

06-11-2024T06:33:50 - [TEST_STEP][PASSED] - click(findTestObject("Факторный анализ/2024 список")): Object: 'Object Repository/Факторный анализ/2024 список' is clicked on

06-11-2024T06:33:50 - [MESSAGE][PASSED] - Object: 'Object Repository/Факторный анализ/2024 список' is clicked on

06-11-2024T06:33:50 - [TEST_STEP][PASSED] - scrollToElement(findTestObject("Факторный анализ/1 квартал 2024 выбрать"), 30): Scroll to object 'Object Repository/Факторный анализ/1 квартал 2024 выбрать' successfully

06-11-2024T06:33:51 - [MESSAGE][PASSED] - Scroll to object 'Object Repository/Факторный анализ/1 квартал 2024 выбрать' successfully

06-11-2024T06:33:51 - [TEST_STEP][PASSED] - click(findTestObject("Факторный анализ/1 квартал 2024 выбрать")): Object: 'Object Repository/Факторный анализ/1 квартал 2024 выбрать' is clicked on

06-11-2024T06:33:51 - [MESSAGE][PASSED] - Object: 'Object Repository/Факторный анализ/1 квартал 2024 выбрать' is clicked on

06-11-2024T06:33:51 - [TEST_STEP][PASSED] - scrollToElement(findTestObject("Факторный анализ/1 квартал 2024 выбрать"), 30): Scroll to object 'Object Repository/Факторный анализ/1 квартал 2024 выбрать' successfully

06-11-2024T06:33:52 - [MESSAGE][PASSED] - Scroll to object 'Object Repository/Факторный анализ/1 квартал 2024 выбрать' successfully

06-11-2024T06:33:52 - [TEST_STEP][PASSED] - click(findTestObject("Факторный анализ/2 квартал 2024 выбрать"), CONTINUE_ON_FAILURE): Object: 'Object Repository/Факторный анализ/2 квартал 2024 выбрать' is clicked on

06-11-2024T06:33:52 - [MESSAGE][PASSED] - Object: 'Object Repository/Факторный анализ/2 квартал 2024 выбрать' is clicked on

06-11-2024T06:33:52 - [TEST_STEP][PASSED] - click(findTestObject("Факторный анализ/3 квартал 2024 выбрать"), CONTINUE_ON_FAILURE): Object: 'Object Repository/Факторный анализ/3 квартал 2024 выбрать' is clicked on

06-11-2024T06:33:52 - [MESSAGE][PASSED] - Object: 'Object Repository/Факторный анализ/3 квартал 2024 выбрать' is clicked on

06-11-2024T06:33:52 - [TEST_STEP][PASSED] - scrollToElement(findTestObject("Факторный анализ/Заголовок дашборда"), 30): Scroll to object 'Object Repository/Факторный анализ/Заголовок дашборда' successfully

06-11-2024T06:33:53 - [MESSAGE][PASSED] - Scroll to object 'Object Repository/Факторный анализ/Заголовок дашборда' successfully

06-11-2024T06:33:53 - [TEST_STEP][PASSED] - click(findTestObject("Факторный анализ/Применить в фильтре Дата")): Object: 'Object Repository/Факторный анализ/Применить в фильтре Дата' is clicked on

06-11-2024T06:33:53 - [MESSAGE][PASSED] - Object: 'Object Repository/Факторный анализ/Применить в фильтре Дата' is clicked on

06-11-2024T06:33:53 - [TEST_STEP][PASSED] - if (run == 1): null

06-11-2024T06:33:53 - [TEST_STEP][PASSED] - a = getText(findTestObject("Факторный анализ/Отклонения выручки по факторам Блок руководителя")): Text of object 'Object Repository/Факторный анализ/Отклонения выручки по факторам Блок руководителя' is: '-355 761-355 761
-10 642-10 642
Отклонение (объём услуг)
Отклонение (средний тариф)
ПАО Россети'

06-11-2024T06:33:56 - [MESSAGE][PASSED] - Text of object 'Object Repository/Факторный анализ/Отклонения выручки по факторам Блок руководителя' is: '-355 761-355 761
-10 642-10 642
Отклонение (объём услуг)
Отклонение (средний тариф)
ПАО Россети'

06-11-2024T06:33:56 - [TEST_STEP][PASSED] - a = a.replaceAll("[\r?
|
]", "/"): null

06-11-2024T06:33:56 - [TEST_STEP][PASSED] - i = a.indexOf("Отклонение"): null

06-11-2024T06:33:56 - [TEST_STEP][PASSED] - if (i > -1): null

06-11-2024T06:33:56 - [TEST_STEP][PASSED] - i = i: null

06-11-2024T06:33:56 - [TEST_STEP][PASSED] - a = substring(0, i).trim(): null

06-11-2024T06:33:56 - [TEST_STEP][PASSED] - println("a: " + a): null

06-11-2024T06:33:56 - [TEST_STEP][PASSED] - i = a.indexOf("/"): null

06-11-2024T06:33:56 - [TEST_STEP][PASSED] - if (i > -1): null

06-11-2024T06:33:56 - [TEST_STEP][PASSED] - a1 = a.substring(0, i): null

06-11-2024T06:33:56 - [TEST_STEP][PASSED] - println("a1: " + a1): null

06-11-2024T06:33:56 - [TEST_STEP][PASSED] - a2 = a.substring(a1.length() + 1, a.length()): null

06-11-2024T06:33:56 - [TEST_STEP][PASSED] - println("a2: " + a2): null

06-11-2024T06:33:56 - [TEST_STEP][PASSED] - i = a1.length() / 2: null

06-11-2024T06:33:56 - [TEST_STEP][PASSED] - if (i > -1): null

06-11-2024T06:33:56 - [TEST_STEP][PASSED] - a1 = replaceAll("\s+", "").trim(): null

06-11-2024T06:33:56 - [TEST_STEP][PASSED] - println("a1: " + a1): null

06-11-2024T06:33:56 - [TEST_STEP][PASSED] - i = a2.length() / 2: null

06-11-2024T06:33:56 - [TEST_STEP][PASSED] - if (i > -1): null

06-11-2024T06:33:56 - [TEST_STEP][PASSED] - a2 = replaceAll("\s+", "").trim(): null

06-11-2024T06:33:56 - [TEST_STEP][PASSED] - println("a2: " + a2): null

06-11-2024T06:33:56 - [TEST_STEP][PASSED] - tableA = getText(findTestObject("Факторный анализ/AllTable1")).replaceAll("[\r?
|
]", "/"): Text of object 'Object Repository/Факторный анализ/AllTable1' is: 'ДЗО
Филиал
Отклонение (объём услуг)
Отклонение (средний тариф)
АО «Тываэнерго» АО "Тываэнерго" 276 -37
АО «Чеченэнерго» АО «Чеченэнерго» -3 339 14
Россети Волга Мордовэнерго -2 825 -86
Оренбургэнерго -11 247 - 162
Пензаэнерго -6 748 -72
Самарские РС -13 058 -1 024
Саратовские РС -13 303 - 443
Ульяновские РС -4 845 - 201
Чувашэнерго -4 186 126
Россети Кубань Кубаньэнерго -53 529 241
Россети Ленэнерго (ГК) Ленинградская область -29 499 598
г. Санкт-Петербург -41 171 -39
Россети Московский регион Московская область 4 566 - 535
г. Москва 2 812 57
Россети Северный Кавказ (ГК) Дагестанская энергосбытовая компания - 111 69
Дагэнерго -6 378 480
Ингушэнерго -1 440 100
Каббалкэнерго -2 677 26
Карачаево-Черкесскэнерго -1 725 -9
Севкавказэнерго -3 016 125
Ставропольэнерго -8 347 - 222
Россети Северо-Запад Архангельский филиал 63 -80
Вологодский филиал 229 -6
Карельский филиал -21 160
Мурманский филиал 102 64
Новгородский филиал 207 -40
Псковский филиал 146 -18
филиал в Республике Коми 10 23
Россети Сибирь (ГК) Алтайэнерго 275 275
Бурятэнерго -95 298
ГАЭС 114 -15
Красноярскэнерго 1 087 - 413
Кузбассэнерго-РЭС 329 205
Омскэнерго 127 - 112
Хакасэнерго 327 - 363
Читаэнерго -44 120
Россети Томск Томская распределительная компания -6 624 - 125
Россети Тюмень Россети Тюмень -65 636 - 459
Россети Урал (ГК) Пермэнерго 594 - 218
Свердловэнерго 805 233
Челябэнерго 973 - 671
Россети ФСК ЕЭС Итого по ФСК ЕЭС -16 312 -8 781
Россети Центр Белгородэнерго 299 111
Брянскэнерго -4 489 32
Воронежэнерго -12 187 182
Костромаэнерго 83 2
Курскэнерго -2 381 132
Липецкэнерго 731 - 322
Орелэнерго -3 553 -22
Смоленскэнерго -6 765 35
Тамбовэнерго -5 262 -4
Тверьэнерго 319 127
Ярэнерго -6 307 31
Россети Центр и Приволжье (ГК) Владимирэнерго 517 49
Ивэнерго 169 40
Калугаэнерго 558 -42
Кировэнерго 403 0
Мариэнерго 144 19
Нижновэнерго 658 231
Рязаньэнерго 259 47
Тулэнерго 733 - 209
Удмуртэнерго 294 3
Россети Юг (ГК) АО «ВМЭС» -3 370 41
Астраханьэнерго -5 158 90
Волгоградэнерго -8 953 - 310
Калмэнерго -1 477 -5
Ростовэнерго -18 198 44
Россети Янтарь Россети Янтарь 305 -28'

06-11-2024T06:33:56 - [MESSAGE][PASSED] - Text of object 'Object Repository/Факторный анализ/AllTable1' is: 'ДЗО
Филиал
Отклонение (объём услуг)
Отклонение (средний тариф)
АО «Тываэнерго» АО "Тываэнерго" 276 -37
АО «Чеченэнерго» АО «Чеченэнерго» -3 339 14
Россети Волга Мордовэнерго -2 825 -86
Оренбургэнерго -11 247 - 162
Пензаэнерго -6 748 -72
Самарские РС -13 058 -1 024
Саратовские РС -13 303 - 443
Ульяновские РС -4 845 - 201
Чувашэнерго -4 186 126
Россети Кубань Кубаньэнерго -53 529 241
Россети Ленэнерго (ГК) Ленинградская область -29 499 598
г. Санкт-Петербург -41 171 -39
Россети Московский регион Московская область 4 566 - 535
г. Москва 2 812 57
Россети Северный Кавказ (ГК) Дагестанская энергосбытовая компания - 111 69
Дагэнерго -6 378 480
Ингушэнерго -1 440 100
Каббалкэнерго -2 677 26
Карачаево-Черкесскэнерго -1 725 -9
Севкавказэнерго -3 016 125
Ставропольэнерго -8 347 - 222
Россети Северо-Запад Архангельский филиал 63 -80
Вологодский филиал 229 -6
Карельский филиал -21 160
Мурманский филиал 102 64
Новгородский филиал 207 -40
Псковский филиал 146 -18
филиал в Республике Коми 10 23
Россети Сибирь (ГК) Алтайэнерго 275 275
Бурятэнерго -95 298
ГАЭС 114 -15
Красноярскэнерго 1 087 - 413
Кузбассэнерго-РЭС 329 205
Омскэнерго 127 - 112
Хакасэнерго 327 - 363
Читаэнерго -44 120
Россети Томск Томская распределительная компания -6 624 - 125
Россети Тюмень Россети Тюмень -65 636 - 459
Россети Урал (ГК) Пермэнерго 594 - 218
Свердловэнерго 805 233
Челябэнерго 973 - 671
Россети ФСК ЕЭС Итого по ФСК ЕЭС -16 312 -8 781
Россети Центр Белгородэнерго 299 111
Брянскэнерго -4 489 32
Воронежэнерго -12 187 182
Костромаэнерго 83 2
Курскэнерго -2 381 132
Липецкэнерго 731 - 322
Орелэнерго -3 553 -22
Смоленскэнерго -6 765 35
Тамбовэнерго -5 262 -4
Тверьэнерго 319 127
Ярэнерго -6 307 31
Россети Центр и Приволжье (ГК) Владимирэнерго 517 49
Ивэнерго 169 40
Калугаэнерго 558 -42
Кировэнерго 403 0
Мариэнерго 144 19
Нижновэнерго 658 231
Рязаньэнерго 259 47
Тулэнерго 733 - 209
Удмуртэнерго 294 3
Россети Юг (ГК) АО «ВМЭС» -3 370 41
Астраханьэнерго -5 158 90
Волгоградэнерго -8 953 - 310
Калмэнерго -1 477 -5
Ростовэнерго -18 198 44
Россети Янтарь Россети Янтарь 305 -28'

06-11-2024T06:33:56 - [TEST_STEP][PASSED] - println("tableA: " + tableA): null

06-11-2024T06:33:56 - [TEST_STEP][PASSED] - for ([i = 1, i < 5, (i++)]): null

06-11-2024T06:33:56 - [TEST_STEP][PASSED] - ii = tableA.indexOf("/") + 1: null

06-11-2024T06:33:56 - [TEST_STEP][PASSED] - tableA = tableA.substring(ii, tableA.length()): null

06-11-2024T06:33:56 - [TEST_STEP][PASSED] - ii = tableA.indexOf("/") + 1: null

06-11-2024T06:33:56 - [TEST_STEP][PASSED] - tableA = tableA.substring(ii, tableA.length()): null

06-11-2024T06:33:56 - [TEST_STEP][PASSED] - ii = tableA.indexOf("/") + 1: null

06-11-2024T06:33:56 - [TEST_STEP][PASSED] - tableA = tableA.substring(ii, tableA.length()): null

06-11-2024T06:33:56 - [TEST_STEP][PASSED] - ii = tableA.indexOf("/") + 1: null

06-11-2024T06:33:56 - [TEST_STEP][PASSED] - tableA = tableA.substring(ii, tableA.length()): null

06-11-2024T06:33:56 - [TEST_STEP][PASSED] - println("tableA: " + tableA): null

06-11-2024T06:33:56 - [TEST_STEP][PASSED] - TyA = Script1719551244403.GetData(x = tableA): null

06-11-2024T06:33:56 - [TEST_STEP][PASSED] - i2 = <not implemented yet for class: org.codehaus.groovy.ast.expr.EmptyExpression>: null

06-11-2024T06:33:56 - [TEST_STEP][PASSED] - i2 = x.indexOf("/") + 1: null

06-11-2024T06:33:56 - [TEST_STEP][PASSED] - x = replaceAll("\p{P}", "").trim(): null

06-11-2024T06:33:56 - [TEST_STEP][PASSED] - return x: null

06-11-2024T06:33:56 - [TEST_STEP][PASSED] - println("TyA: " + TyA): null

06-11-2024T06:33:56 - [TEST_STEP][PASSED] - tableA = Script1719551244403.NewDZO(x = tableA): null

06-11-2024T06:33:56 - [TEST_STEP][PASSED] - i3 = <not implemented yet for class: org.codehaus.groovy.ast.expr.EmptyExpression>: null

06-11-2024T06:33:56 - [TEST_STEP][PASSED] - i3 = x.indexOf("/") + 1: null

06-11-2024T06:33:56 - [TEST_STEP][PASSED] - x = x.substring(i3, x.length()): null

06-11-2024T06:33:56 - [TEST_STEP][PASSED] - return x: null

06-11-2024T06:33:56 - [TEST_STEP][PASSED] - ChA = Script1719551244403.GetData(x = tableA): null

06-11-2024T06:33:56 - [TEST_STEP][PASSED] - i2 = <not implemented yet for class: org.codehaus.groovy.ast.expr.EmptyExpression>: null

06-11-2024T06:33:56 - [TEST_STEP][PASSED] - i2 = x.indexOf("/") + 1: null

06-11-2024T06:33:56 - [TEST_STEP][PASSED] - x = replaceAll("\p{P}", "").trim(): null

06-11-2024T06:33:56 - [TEST_STEP][PASSED] - return x: null

06-11-2024T06:33:56 - [TEST_STEP][PASSED] - println("ChA: " + ChA): null

06-11-2024T06:33:56 - [TEST_STEP][PASSED] - tableA = Script1719551244403.NewDZO(x = tableA): null

06-11-2024T06:33:56 - [TEST_STEP][PASSED] - i3 = <not implemented yet for class: org.codehaus.groovy.ast.expr.EmptyExpression>: null

06-11-2024T06:33:56 - [TEST_STEP][PASSED] - i3 = x.indexOf("/") + 1: null

06-11-2024T06:33:56 - [TEST_STEP][PASSED] - x = x.substring(i3, x.length()): null

06-11-2024T06:33:56 - [TEST_STEP][PASSED] - return x: null

06-11-2024T06:33:56 - [TEST_STEP][PASSED] - i = tableA.indexOf("Кубань"): null

06-11-2024T06:33:56 - [TEST_STEP][PASSED] - VA = replaceAll("\p{P}", "").trim(): null

06-11-2024T06:33:56 - [TEST_STEP][PASSED] - println("VA: " + VA): null

06-11-2024T06:33:56 - [TEST_STEP][PASSED] - for ([i = 1, i < 8, (i++)]): null

06-11-2024T06:33:56 - [TEST_STEP][PASSED] - tableA = Script1719551244403.NewDZO(x = tableA): null

06-11-2024T06:33:56 - [TEST_STEP][PASSED] - i3 = <not implemented yet for class: org.codehaus.groovy.ast.expr.EmptyExpression>: null

06-11-2024T06:33:56 - [TEST_STEP][PASSED] - i3 = x.indexOf("/") + 1: null

06-11-2024T06:33:56 - [TEST_STEP][PASSED] - x = x.substring(i3, x.length()): null

06-11-2024T06:33:56 - [TEST_STEP][PASSED] - return x: null

06-11-2024T06:33:56 - [TEST_STEP][PASSED] - tableA = Script1719551244403.NewDZO(x = tableA): null

06-11-2024T06:33:56 - [TEST_STEP][PASSED] - i3 = <not implemented yet for class: org.codehaus.groovy.ast.expr.EmptyExpression>: null

06-11-2024T06:33:56 - [TEST_STEP][PASSED] - i3 = x.indexOf("/") + 1: null

06-11-2024T06:33:56 - [TEST_STEP][PASSED] - x = x.substring(i3, x.length()): null

06-11-2024T06:33:56 - [TEST_STEP][PASSED] - return x: null

06-11-2024T06:33:56 - [TEST_STEP][PASSED] - tableA = Script1719551244403.NewDZO(x = tableA): null

06-11-2024T06:33:56 - [TEST_STEP][PASSED] - i3 = <not implemented yet for class: org.codehaus.groovy.ast.expr.EmptyExpression>: null

06-11-2024T06:33:56 - [TEST_STEP][PASSED] - i3 = x.indexOf("/") + 1: null

06-11-2024T06:33:56 - [TEST_STEP][PASSED] - x = x.substring(i3, x.length()): null

06-11-2024T06:33:56 - [TEST_STEP][PASSED] - return x: null

06-11-2024T06:33:56 - [TEST_STEP][PASSED] - tableA = Script1719551244403.NewDZO(x = tableA): null

06-11-2024T06:33:56 - [TEST_STEP][PASSED] - i3 = <not implemented yet for class: org.codehaus.groovy.ast.expr.EmptyExpression>: null

06-11-2024T06:33:56 - [TEST_STEP][PASSED] - i3 = x.indexOf("/") + 1: null

06-11-2024T06:33:56 - [TEST_STEP][PASSED] - x = x.substring(i3, x.length()): null

06-11-2024T06:33:56 - [TEST_STEP][PASSED] - return x: null

06-11-2024T06:33:56 - [TEST_STEP][PASSED] - tableA = Script1719551244403.NewDZO(x = tableA): null

06-11-2024T06:33:56 - [TEST_STEP][PASSED] - i3 = <not implemented yet for class: org.codehaus.groovy.ast.expr.EmptyExpression>: null

06-11-2024T06:33:56 - [TEST_STEP][PASSED] - i3 = x.indexOf("/") + 1: null

06-11-2024T06:33:56 - [TEST_STEP][PASSED] - x = x.substring(i3, x.length()): null

06-11-2024T06:33:56 - [TEST_STEP][PASSED] - return x: null

06-11-2024T06:33:56 - [TEST_STEP][PASSED] - tableA = Script1719551244403.NewDZO(x = tableA): null

06-11-2024T06:33:56 - [TEST_STEP][PASSED] - i3 = <not implemented yet for class: org.codehaus.groovy.ast.expr.EmptyExpression>: null

06-11-2024T06:33:56 - [TEST_STEP][PASSED] - i3 = x.indexOf("/") + 1: null

06-11-2024T06:33:56 - [TEST_STEP][PASSED] - x = x.substring(i3, x.length()): null

06-11-2024T06:33:56 - [TEST_STEP][PASSED] - return x: null

06-11-2024T06:33:56 - [TEST_STEP][PASSED] - tableA = Script1719551244403.NewDZO(x = tableA): null

06-11-2024T06:33:56 - [TEST_STEP][PASSED] - i3 = <not implemented yet for class: org.codehaus.groovy.ast.expr.EmptyExpression>: null

06-11-2024T06:33:56 - [TEST_STEP][PASSED] - i3 = x.indexOf("/") + 1: null

06-11-2024T06:33:56 - [TEST_STEP][PASSED] - x = x.substring(i3, x.length()): null

06-11-2024T06:33:56 - [TEST_STEP][PASSED] - return x: null

06-11-2024T06:33:56 - [TEST_STEP][PASSED] - i = tableA.indexOf("Ленэнерго"): null

06-11-2024T06:33:56 - [TEST_STEP][PASSED] - KuA = Script1719551244403.GetData(x = tableA): null

06-11-2024T06:33:56 - [TEST_STEP][PASSED] - i2 = <not implemented yet for class: org.codehaus.groovy.ast.expr.EmptyExpression>: null

06-11-2024T06:33:56 - [TEST_STEP][PASSED] - i2 = x.indexOf("/") + 1: null

06-11-2024T06:33:56 - [TEST_STEP][PASSED] - x = replaceAll("\p{P}", "").trim(): null

06-11-2024T06:33:56 - [TEST_STEP][PASSED] - return x: null

06-11-2024T06:33:56 - [TEST_STEP][PASSED] - println("KuA: " + KuA): null

06-11-2024T06:33:56 - [TEST_STEP][PASSED] - tableA = Script1719551244403.NewDZO(x = tableA): null

06-11-2024T06:33:56 - [TEST_STEP][PASSED] - i3 = <not implemented yet for class: org.codehaus.groovy.ast.expr.EmptyExpression>: null

06-11-2024T06:33:56 - [TEST_STEP][PASSED] - i3 = x.indexOf("/") + 1: null

06-11-2024T06:33:56 - [TEST_STEP][PASSED] - x = x.substring(i3, x.length()): null

06-11-2024T06:33:56 - [TEST_STEP][PASSED] - return x: null

06-11-2024T06:33:56 - [TEST_STEP][PASSED] - i = tableA.indexOf("Московский"): null

06-11-2024T06:33:56 - [TEST_STEP][PASSED] - LenA = replaceAll("\p{P}", "").trim(): null

06-11-2024T06:33:56 - [TEST_STEP][PASSED] - println("LenA: " + LenA): null

06-11-2024T06:33:56 - [TEST_STEP][PASSED] - tableA = Script1719551244403.NewDZO(x = tableA): null

06-11-2024T06:33:56 - [TEST_STEP][PASSED] - i3 = <not implemented yet for class: org.codehaus.groovy.ast.expr.EmptyExpression>: null

06-11-2024T06:33:56 - [TEST_STEP][PASSED] - i3 = x.indexOf("/") + 1: null

06-11-2024T06:33:56 - [TEST_STEP][PASSED] - x = x.substring(i3, x.length()): null

06-11-2024T06:33:56 - [TEST_STEP][PASSED] - return x: null

06-11-2024T06:33:56 - [TEST_STEP][PASSED] - tableA = Script1719551244403.NewDZO(x = tableA): null

06-11-2024T06:33:56 - [TEST_STEP][PASSED] - i3 = <not implemented yet for class: org.codehaus.groovy.ast.expr.EmptyExpression>: null

06-11-2024T06:33:56 - [TEST_STEP][PASSED] - i3 = x.indexOf("/") + 1: null

06-11-2024T06:33:56 - [TEST_STEP][PASSED] - x = x.substring(i3, x.length()): null

06-11-2024T06:33:56 - [TEST_STEP][PASSED] - return x: null

06-11-2024T06:33:56 - [TEST_STEP][PASSED] - i = tableA.indexOf("Кавказ"): null

06-11-2024T06:33:56 - [TEST_STEP][PASSED] - MosA = replaceAll("\p{P}", "").trim(): null

06-11-2024T06:33:56 - [TEST_STEP][PASSED] - println("MosA: " + MosA): null

06-11-2024T06:33:56 - [TEST_STEP][PASSED] - for ([i = 1, i < 3, (i++)]): null

06-11-2024T06:33:56 - [TEST_STEP][PASSED] - tableA = Script1719551244403.NewDZO(x = tableA): null

06-11-2024T06:33:56 - [TEST_STEP][PASSED] - i3 = <not implemented yet for class: org.codehaus.groovy.ast.expr.EmptyExpression>: null

06-11-2024T06:33:56 - [TEST_STEP][PASSED] - i3 = x.indexOf("/") + 1: null

06-11-2024T06:33:56 - [TEST_STEP][PASSED] - x = x.substring(i3, x.length()): null

06-11-2024T06:33:56 - [TEST_STEP][PASSED] - return x: null

06-11-2024T06:33:56 - [TEST_STEP][PASSED] - tableA = Script1719551244403.NewDZO(x = tableA): null

06-11-2024T06:33:56 - [TEST_STEP][PASSED] - i3 = <not implemented yet for class: org.codehaus.groovy.ast.expr.EmptyExpression>: null

06-11-2024T06:33:56 - [TEST_STEP][PASSED] - i3 = x.indexOf("/") + 1: null

06-11-2024T06:33:56 - [TEST_STEP][PASSED] - x = x.substring(i3, x.length()): null

06-11-2024T06:33:56 - [TEST_STEP][PASSED] - return x: null

06-11-2024T06:33:56 - [TEST_STEP][PASSED] - i = tableA.indexOf("Запад"): null

06-11-2024T06:33:56 - [TEST_STEP][PASSED] - SKA = replaceAll("\p{P}", "").trim(): null

06-11-2024T06:33:56 - [TEST_STEP][PASSED] - println("SKA: " + SKA): null

06-11-2024T06:33:56 - [TEST_STEP][PASSED] - for ([i = 1, i < 7, (i++)]): null

06-11-2024T06:33:56 - [TEST_STEP][PASSED] - tableA = Script1719551244403.NewDZO(x = tableA): null

06-11-2024T06:33:56 - [TEST_STEP][PASSED] - i3 = <not implemented yet for class: org.codehaus.groovy.ast.expr.EmptyExpression>: null

06-11-2024T06:33:56 - [TEST_STEP][PASSED] - i3 = x.indexOf("/") + 1: null

06-11-2024T06:33:56 - [TEST_STEP][PASSED] - x = x.substring(i3, x.length()): null

06-11-2024T06:33:56 - [TEST_STEP][PASSED] - return x: null

06-11-2024T06:33:56 - [TEST_STEP][PASSED] - tableA = Script1719551244403.NewDZO(x = tableA): null

06-11-2024T06:33:56 - [TEST_STEP][PASSED] - i3 = <not implemented yet for class: org.codehaus.groovy.ast.expr.EmptyExpression>: null

06-11-2024T06:33:56 - [TEST_STEP][PASSED] - i3 = x.indexOf("/") + 1: null

06-11-2024T06:33:56 - [TEST_STEP][PASSED] - x = x.substring(i3, x.length()): null

06-11-2024T06:33:56 - [TEST_STEP][PASSED] - return x: null

06-11-2024T06:33:56 - [TEST_STEP][PASSED] - tableA = Script1719551244403.NewDZO(x = tableA): null

06-11-2024T06:33:56 - [TEST_STEP][PASSED] - i3 = <not implemented yet for class: org.codehaus.groovy.ast.expr.EmptyExpression>: null

06-11-2024T06:33:56 - [TEST_STEP][PASSED] - i3 = x.indexOf("/") + 1: null

06-11-2024T06:33:56 - [TEST_STEP][PASSED] - x = x.substring(i3, x.length()): null

06-11-2024T06:33:56 - [TEST_STEP][PASSED] - return x: null

06-11-2024T06:33:56 - [TEST_STEP][PASSED] - tableA = Script1719551244403.NewDZO(x = tableA): null

06-11-2024T06:33:56 - [TEST_STEP][PASSED] - i3 = <not implemented yet for class: org.codehaus.groovy.ast.expr.EmptyExpression>: null

06-11-2024T06:33:56 - [TEST_STEP][PASSED] - i3 = x.indexOf("/") + 1: null

06-11-2024T06:33:56 - [TEST_STEP][PASSED] - x = x.substring(i3, x.length()): null

06-11-2024T06:33:56 - [TEST_STEP][PASSED] - return x: null

06-11-2024T06:33:56 - [TEST_STEP][PASSED] - tableA = Script1719551244403.NewDZO(x = tableA): null

06-11-2024T06:33:56 - [TEST_STEP][PASSED] - i3 = <not implemented yet for class: org.codehaus.groovy.ast.expr.EmptyExpression>: null

06-11-2024T06:33:56 - [TEST_STEP][PASSED] - i3 = x.indexOf("/") + 1: null

06-11-2024T06:33:56 - [TEST_STEP][PASSED] - x = x.substring(i3, x.length()): null

06-11-2024T06:33:56 - [TEST_STEP][PASSED] - return x: null

06-11-2024T06:33:56 - [TEST_STEP][PASSED] - tableA = Script1719551244403.NewDZO(x = tableA): null

06-11-2024T06:33:56 - [TEST_STEP][PASSED] - i3 = <not implemented yet for class: org.codehaus.groovy.ast.expr.EmptyExpression>: null

06-11-2024T06:33:56 - [TEST_STEP][PASSED] - i3 = x.indexOf("/") + 1: null

06-11-2024T06:33:56 - [TEST_STEP][PASSED] - x = x.substring(i3, x.length()): null

06-11-2024T06:33:56 - [TEST_STEP][PASSED] - return x: null

06-11-2024T06:33:56 - [TEST_STEP][PASSED] - i = tableA.indexOf("Сибирь"): null

06-11-2024T06:33:56 - [TEST_STEP][PASSED] - SZA = replaceAll("\p{P}", "").trim(): null

06-11-2024T06:33:56 - [TEST_STEP][PASSED] - println("SZA: " + SZA): null

06-11-2024T06:33:56 - [TEST_STEP][PASSED] - for ([i = 1, i < 8, (i++)]): null

06-11-2024T06:33:56 - [TEST_STEP][PASSED] - tableA = Script1719551244403.NewDZO(x = tableA): null

06-11-2024T06:33:56 - [TEST_STEP][PASSED] - i3 = <not implemented yet for class: org.codehaus.groovy.ast.expr.EmptyExpression>: null

06-11-2024T06:33:56 - [TEST_STEP][PASSED] - i3 = x.indexOf("/") + 1: null

06-11-2024T06:33:56 - [TEST_STEP][PASSED] - x = x.substring(i3, x.length()): null

06-11-2024T06:33:56 - [TEST_STEP][PASSED] - return x: null

06-11-2024T06:33:56 - [TEST_STEP][PASSED] - tableA = Script1719551244403.NewDZO(x = tableA): null

06-11-2024T06:33:56 - [TEST_STEP][PASSED] - i3 = <not implemented yet for class: org.codehaus.groovy.ast.expr.EmptyExpression>: null

06-11-2024T06:33:56 - [TEST_STEP][PASSED] - i3 = x.indexOf("/") + 1: null

06-11-2024T06:33:56 - [TEST_STEP][PASSED] - x = x.substring(i3, x.length()): null

06-11-2024T06:33:56 - [TEST_STEP][PASSED] - return x: null

06-11-2024T06:33:56 - [TEST_STEP][PASSED] - tableA = Script1719551244403.NewDZO(x = tableA): null

06-11-2024T06:33:56 - [TEST_STEP][PASSED] - i3 = <not implemented yet for class: org.codehaus.groovy.ast.expr.EmptyExpression>: null

06-11-2024T06:33:56 - [TEST_STEP][PASSED] - i3 = x.indexOf("/") + 1: null

06-11-2024T06:33:56 - [TEST_STEP][PASSED] - x = x.substring(i3, x.length()): null

06-11-2024T06:33:56 - [TEST_STEP][PASSED] - return x: null

06-11-2024T06:33:56 - [TEST_STEP][PASSED] - tableA = Script1719551244403.NewDZO(x = tableA): null

06-11-2024T06:33:56 - [TEST_STEP][PASSED] - i3 = <not implemented yet for class: org.codehaus.groovy.ast.expr.EmptyExpression>: null

06-11-2024T06:33:56 - [TEST_STEP][PASSED] - i3 = x.indexOf("/") + 1: null

06-11-2024T06:33:56 - [TEST_STEP][PASSED] - x = x.substring(i3, x.length()): null

06-11-2024T06:33:56 - [TEST_STEP][PASSED] - return x: null

06-11-2024T06:33:56 - [TEST_STEP][PASSED] - tableA = Script1719551244403.NewDZO(x = tableA): null

06-11-2024T06:33:56 - [TEST_STEP][PASSED] - i3 = <not implemented yet for class: org.codehaus.groovy.ast.expr.EmptyExpression>: null

06-11-2024T06:33:56 - [TEST_STEP][PASSED] - i3 = x.indexOf("/") + 1: null

06-11-2024T06:33:56 - [TEST_STEP][PASSED] - x = x.substring(i3, x.length()): null

06-11-2024T06:33:56 - [TEST_STEP][PASSED] - return x: null

06-11-2024T06:33:56 - [TEST_STEP][PASSED] - tableA = Script1719551244403.NewDZO(x = tableA): null

06-11-2024T06:33:56 - [TEST_STEP][PASSED] - i3 = <not implemented yet for class: org.codehaus.groovy.ast.expr.EmptyExpression>: null

06-11-2024T06:33:56 - [TEST_STEP][PASSED] - i3 = x.indexOf("/") + 1: null

06-11-2024T06:33:56 - [TEST_STEP][PASSED] - x = x.substring(i3, x.length()): null

06-11-2024T06:33:56 - [TEST_STEP][PASSED] - return x: null

06-11-2024T06:33:56 - [TEST_STEP][PASSED] - tableA = Script1719551244403.NewDZO(x = tableA): null

06-11-2024T06:33:56 - [TEST_STEP][PASSED] - i3 = <not implemented yet for class: org.codehaus.groovy.ast.expr.EmptyExpression>: null

06-11-2024T06:33:56 - [TEST_STEP][PASSED] - i3 = x.indexOf("/") + 1: null

06-11-2024T06:33:56 - [TEST_STEP][PASSED] - x = x.substring(i3, x.length()): null

06-11-2024T06:33:56 - [TEST_STEP][PASSED] - return x: null

06-11-2024T06:33:56 - [TEST_STEP][PASSED] - i = tableA.indexOf("Томск"): null

06-11-2024T06:33:56 - [TEST_STEP][PASSED] - SiA = replaceAll("\p{P}", "").trim(): null

06-11-2024T06:33:56 - [TEST_STEP][PASSED] - println("SiA: " + SiA): null

06-11-2024T06:33:56 - [TEST_STEP][PASSED] - for ([i = 1, i < 9, (i++)]): null

06-11-2024T06:33:56 - [TEST_STEP][PASSED] - tableA = Script1719551244403.NewDZO(x = tableA): null

06-11-2024T06:33:56 - [TEST_STEP][PASSED] - i3 = <not implemented yet for class: org.codehaus.groovy.ast.expr.EmptyExpression>: null

06-11-2024T06:33:56 - [TEST_STEP][PASSED] - i3 = x.indexOf("/") + 1: null

06-11-2024T06:33:56 - [TEST_STEP][PASSED] - x = x.substring(i3, x.length()): null

06-11-2024T06:33:56 - [TEST_STEP][PASSED] - return x: null

06-11-2024T06:33:56 - [TEST_STEP][PASSED] - tableA = Script1719551244403.NewDZO(x = tableA): null

06-11-2024T06:33:56 - [TEST_STEP][PASSED] - i3 = <not implemented yet for class: org.codehaus.groovy.ast.expr.EmptyExpression>: null

06-11-2024T06:33:56 - [TEST_STEP][PASSED] - i3 = x.indexOf("/") + 1: null

06-11-2024T06:33:56 - [TEST_STEP][PASSED] - x = x.substring(i3, x.length()): null

06-11-2024T06:33:56 - [TEST_STEP][PASSED] - return x: null

06-11-2024T06:33:56 - [TEST_STEP][PASSED] - tableA = Script1719551244403.NewDZO(x = tableA): null

06-11-2024T06:33:56 - [TEST_STEP][PASSED] - i3 = <not implemented yet for class: org.codehaus.groovy.ast.expr.EmptyExpression>: null

06-11-2024T06:33:56 - [TEST_STEP][PASSED] - i3 = x.indexOf("/") + 1: null

06-11-2024T06:33:56 - [TEST_STEP][PASSED] - x = x.substring(i3, x.length()): null

06-11-2024T06:33:56 - [TEST_STEP][PASSED] - return x: null

06-11-2024T06:33:56 - [TEST_STEP][PASSED] - tableA = Script1719551244403.NewDZO(x = tableA): null

06-11-2024T06:33:56 - [TEST_STEP][PASSED] - i3 = <not implemented yet for class: org.codehaus.groovy.ast.expr.EmptyExpression>: null

06-11-2024T06:33:56 - [TEST_STEP][PASSED] - i3 = x.indexOf("/") + 1: null

06-11-2024T06:33:56 - [TEST_STEP][PASSED] - x = x.substring(i3, x.length()): null

06-11-2024T06:33:56 - [TEST_STEP][PASSED] - return x: null

06-11-2024T06:33:56 - [TEST_STEP][PASSED] - tableA = Script1719551244403.NewDZO(x = tableA): null

06-11-2024T06:33:56 - [TEST_STEP][PASSED] - i3 = <not implemented yet for class: org.codehaus.groovy.ast.expr.EmptyExpression>: null

06-11-2024T06:33:56 - [TEST_STEP][PASSED] - i3 = x.indexOf("/") + 1: null

06-11-2024T06:33:56 - [TEST_STEP][PASSED] - x = x.substring(i3, x.length()): null

06-11-2024T06:33:56 - [TEST_STEP][PASSED] - return x: null

06-11-2024T06:33:56 - [TEST_STEP][PASSED] - tableA = Script1719551244403.NewDZO(x = tableA): null

06-11-2024T06:33:56 - [TEST_STEP][PASSED] - i3 = <not implemented yet for class: org.codehaus.groovy.ast.expr.EmptyExpression>: null

06-11-2024T06:33:56 - [TEST_STEP][PASSED] - i3 = x.indexOf("/") + 1: null

06-11-2024T06:33:56 - [TEST_STEP][PASSED] - x = x.substring(i3, x.length()): null

06-11-2024T06:33:56 - [TEST_STEP][PASSED] - return x: null

06-11-2024T06:33:56 - [TEST_STEP][PASSED] - tableA = Script1719551244403.NewDZO(x = tableA): null

06-11-2024T06:33:56 - [TEST_STEP][PASSED] - i3 = <not implemented yet for class: org.codehaus.groovy.ast.expr.EmptyExpression>: null

06-11-2024T06:33:56 - [TEST_STEP][PASSED] - i3 = x.indexOf("/") + 1: null

06-11-2024T06:33:56 - [TEST_STEP][PASSED] - x = x.substring(i3, x.length()): null

06-11-2024T06:33:56 - [TEST_STEP][PASSED] - return x: null

06-11-2024T06:33:56 - [TEST_STEP][PASSED] - tableA = Script1719551244403.NewDZO(x = tableA): null

06-11-2024T06:33:56 - [TEST_STEP][PASSED] - i3 = <not implemented yet for class: org.codehaus.groovy.ast.expr.EmptyExpression>: null

06-11-2024T06:33:56 - [TEST_STEP][PASSED] - i3 = x.indexOf("/") + 1: null

06-11-2024T06:33:56 - [TEST_STEP][PASSED] - x = x.substring(i3, x.length()): null

06-11-2024T06:33:56 - [TEST_STEP][PASSED] - return x: null

06-11-2024T06:33:56 - [TEST_STEP][PASSED] - i = tableA.indexOf("Тюмень"): null

06-11-2024T06:33:56 - [TEST_STEP][PASSED] - ToA = replaceAll("\p{P}", "").trim(): null

06-11-2024T06:33:56 - [TEST_STEP][PASSED] - println("ToA: " + ToA): null

06-11-2024T06:33:56 - [TEST_STEP][PASSED] - tableA = Script1719551244403.NewDZO(x = tableA): null

06-11-2024T06:33:56 - [TEST_STEP][PASSED] - i3 = <not implemented yet for class: org.codehaus.groovy.ast.expr.EmptyExpression>: null

06-11-2024T06:33:56 - [TEST_STEP][PASSED] - i3 = x.indexOf("/") + 1: null

06-11-2024T06:33:56 - [TEST_STEP][PASSED] - x = x.substring(i3, x.length()): null

06-11-2024T06:33:56 - [TEST_STEP][PASSED] - return x: null

06-11-2024T06:33:56 - [TEST_STEP][PASSED] - TyuA = replaceAll("\p{P}", "").trim(): null

06-11-2024T06:33:56 - [TEST_STEP][PASSED] - println("TyuA: " + TyuA): null

06-11-2024T06:33:56 - [TEST_STEP][PASSED] - tableA = Script1719551244403.NewDZO(x = tableA): null

06-11-2024T06:33:56 - [TEST_STEP][PASSED] - i3 = <not implemented yet for class: org.codehaus.groovy.ast.expr.EmptyExpression>: null

06-11-2024T06:33:56 - [TEST_STEP][PASSED] - i3 = x.indexOf("/") + 1: null

06-11-2024T06:33:56 - [TEST_STEP][PASSED] - x = x.substring(i3, x.length()): null

06-11-2024T06:33:56 - [TEST_STEP][PASSED] - return x: null

06-11-2024T06:33:56 - [TEST_STEP][PASSED] - i = tableA.indexOf("ЕЭС"): null

06-11-2024T06:33:56 - [TEST_STEP][PASSED] - UrA = replaceAll("\p{P}", "").trim(): null

06-11-2024T06:33:56 - [TEST_STEP][PASSED] - println("UrA: " + UrA): null

06-11-2024T06:33:56 - [TEST_STEP][PASSED] - for ([i = 1, i < 4, (i++)]): null

06-11-2024T06:33:56 - [TEST_STEP][PASSED] - tableA = Script1719551244403.NewDZO(x = tableA): null

06-11-2024T06:33:56 - [TEST_STEP][PASSED] - i3 = <not implemented yet for class: org.codehaus.groovy.ast.expr.EmptyExpression>: null

06-11-2024T06:33:56 - [TEST_STEP][PASSED] - i3 = x.indexOf("/") + 1: null

06-11-2024T06:33:56 - [TEST_STEP][PASSED] - x = x.substring(i3, x.length()): null

06-11-2024T06:33:56 - [TEST_STEP][PASSED] - return x: null

06-11-2024T06:33:56 - [TEST_STEP][PASSED] - tableA = Script1719551244403.NewDZO(x = tableA): null

06-11-2024T06:33:56 - [TEST_STEP][PASSED] - i3 = <not implemented yet for class: org.codehaus.groovy.ast.expr.EmptyExpression>: null

06-11-2024T06:33:56 - [TEST_STEP][PASSED] - i3 = x.indexOf("/") + 1: null

06-11-2024T06:33:56 - [TEST_STEP][PASSED] - x = x.substring(i3, x.length()): null

06-11-2024T06:33:56 - [TEST_STEP][PASSED] - return x: null

06-11-2024T06:33:56 - [TEST_STEP][PASSED] - tableA = Script1719551244403.NewDZO(x = tableA): null

06-11-2024T06:33:56 - [TEST_STEP][PASSED] - i3 = <not implemented yet for class: org.codehaus.groovy.ast.expr.EmptyExpression>: null

06-11-2024T06:33:56 - [TEST_STEP][PASSED] - i3 = x.indexOf("/") + 1: null

06-11-2024T06:33:56 - [TEST_STEP][PASSED] - x = x.substring(i3, x.length()): null

06-11-2024T06:33:56 - [TEST_STEP][PASSED] - return x: null

06-11-2024T06:33:56 - [TEST_STEP][PASSED] - i = tableA.indexOf("Центр"): null

06-11-2024T06:33:56 - [TEST_STEP][PASSED] - FSKA = replaceAll("\p{P}", "").trim(): null

06-11-2024T06:33:56 - [TEST_STEP][PASSED] - println("FSKA: " + FSKA): null

06-11-2024T06:33:56 - [TEST_STEP][PASSED] - tableA = Script1719551244403.NewDZO(x = tableA): null

06-11-2024T06:33:56 - [TEST_STEP][PASSED] - i3 = <not implemented yet for class: org.codehaus.groovy.ast.expr.EmptyExpression>: null

06-11-2024T06:33:56 - [TEST_STEP][PASSED] - i3 = x.indexOf("/") + 1: null

06-11-2024T06:33:56 - [TEST_STEP][PASSED] - x = x.substring(i3, x.length()): null

06-11-2024T06:33:56 - [TEST_STEP][PASSED] - return x: null

06-11-2024T06:33:56 - [TEST_STEP][PASSED] - i = tableA.indexOf("Приволжье"): null

06-11-2024T06:33:56 - [TEST_STEP][PASSED] - CenA = replaceAll("\p{P}", "").trim(): null

06-11-2024T06:33:56 - [TEST_STEP][PASSED] - println("CenA: " + CenA): null

06-11-2024T06:33:56 - [TEST_STEP][PASSED] - for ([i = 1, i < 12, (i++)]): null

06-11-2024T06:33:56 - [TEST_STEP][PASSED] - tableA = Script1719551244403.NewDZO(x = tableA): null

06-11-2024T06:33:56 - [TEST_STEP][PASSED] - i3 = <not implemented yet for class: org.codehaus.groovy.ast.expr.EmptyExpression>: null

06-11-2024T06:33:56 - [TEST_STEP][PASSED] - i3 = x.indexOf("/") + 1: null

06-11-2024T06:33:56 - [TEST_STEP][PASSED] - x = x.substring(i3, x.length()): null

06-11-2024T06:33:56 - [TEST_STEP][PASSED] - return x: null

06-11-2024T06:33:56 - [TEST_STEP][PASSED] - tableA = Script1719551244403.NewDZO(x = tableA): null

06-11-2024T06:33:56 - [TEST_STEP][PASSED] - i3 = <not implemented yet for class: org.codehaus.groovy.ast.expr.EmptyExpression>: null

06-11-2024T06:33:56 - [TEST_STEP][PASSED] - i3 = x.indexOf("/") + 1: null

06-11-2024T06:33:56 - [TEST_STEP][PASSED] - x = x.substring(i3, x.length()): null

06-11-2024T06:33:56 - [TEST_STEP][PASSED] - return x: null

06-11-2024T06:33:56 - [TEST_STEP][PASSED] - tableA = Script1719551244403.NewDZO(x = tableA): null

06-11-2024T06:33:56 - [TEST_STEP][PASSED] - i3 = <not implemented yet for class: org.codehaus.groovy.ast.expr.EmptyExpression>: null

06-11-2024T06:33:56 - [TEST_STEP][PASSED] - i3 = x.indexOf("/") + 1: null

06-11-2024T06:33:56 - [TEST_STEP][PASSED] - x = x.substring(i3, x.length()): null

06-11-2024T06:33:56 - [TEST_STEP][PASSED] - return x: null

06-11-2024T06:33:56 - [TEST_STEP][PASSED] - tableA = Script1719551244403.NewDZO(x = tableA): null

06-11-2024T06:33:56 - [TEST_STEP][PASSED] - i3 = <not implemented yet for class: org.codehaus.groovy.ast.expr.EmptyExpression>: null

06-11-2024T06:33:56 - [TEST_STEP][PASSED] - i3 = x.indexOf("/") + 1: null

06-11-2024T06:33:56 - [TEST_STEP][PASSED] - x = x.substring(i3, x.length()): null

06-11-2024T06:33:56 - [TEST_STEP][PASSED] - return x: null

06-11-2024T06:33:56 - [TEST_STEP][PASSED] - tableA = Script1719551244403.NewDZO(x = tableA): null

06-11-2024T06:33:56 - [TEST_STEP][PASSED] - i3 = <not implemented yet for class: org.codehaus.groovy.ast.expr.EmptyExpression>: null

06-11-2024T06:33:56 - [TEST_STEP][PASSED] - i3 = x.indexOf("/") + 1: null

06-11-2024T06:33:56 - [TEST_STEP][PASSED] - x = x.substring(i3, x.length()): null

06-11-2024T06:33:56 - [TEST_STEP][PASSED] - return x: null

06-11-2024T06:33:56 - [TEST_STEP][PASSED] - tableA = Script1719551244403.NewDZO(x = tableA): null

06-11-2024T06:33:56 - [TEST_STEP][PASSED] - i3 = <not implemented yet for class: org.codehaus.groovy.ast.expr.EmptyExpression>: null

06-11-2024T06:33:56 - [TEST_STEP][PASSED] - i3 = x.indexOf("/") + 1: null

06-11-2024T06:33:56 - [TEST_STEP][PASSED] - x = x.substring(i3, x.length()): null

06-11-2024T06:33:56 - [TEST_STEP][PASSED] - return x: null

06-11-2024T06:33:56 - [TEST_STEP][PASSED] - tableA = Script1719551244403.NewDZO(x = tableA): null

06-11-2024T06:33:56 - [TEST_STEP][PASSED] - i3 = <not implemented yet for class: org.codehaus.groovy.ast.expr.EmptyExpression>: null

06-11-2024T06:33:56 - [TEST_STEP][PASSED] - i3 = x.indexOf("/") + 1: null

06-11-2024T06:33:56 - [TEST_STEP][PASSED] - x = x.substring(i3, x.length()): null

06-11-2024T06:33:56 - [TEST_STEP][PASSED] - return x: null

06-11-2024T06:33:56 - [TEST_STEP][PASSED] - tableA = Script1719551244403.NewDZO(x = tableA): null

06-11-2024T06:33:56 - [TEST_STEP][PASSED] - i3 = <not implemented yet for class: org.codehaus.groovy.ast.expr.EmptyExpression>: null

06-11-2024T06:33:56 - [TEST_STEP][PASSED] - i3 = x.indexOf("/") + 1: null

06-11-2024T06:33:56 - [TEST_STEP][PASSED] - x = x.substring(i3, x.length()): null

06-11-2024T06:33:56 - [TEST_STEP][PASSED] - return x: null

06-11-2024T06:33:56 - [TEST_STEP][PASSED] - tableA = Script1719551244403.NewDZO(x = tableA): null

06-11-2024T06:33:56 - [TEST_STEP][PASSED] - i3 = <not implemented yet for class: org.codehaus.groovy.ast.expr.EmptyExpression>: null

06-11-2024T06:33:56 - [TEST_STEP][PASSED] - i3 = x.indexOf("/") + 1: null

06-11-2024T06:33:56 - [TEST_STEP][PASSED] - x = x.substring(i3, x.length()): null

06-11-2024T06:33:56 - [TEST_STEP][PASSED] - return x: null

06-11-2024T06:33:56 - [TEST_STEP][PASSED] - tableA = Script1719551244403.NewDZO(x = tableA): null

06-11-2024T06:33:56 - [TEST_STEP][PASSED] - i3 = <not implemented yet for class: org.codehaus.groovy.ast.expr.EmptyExpression>: null

06-11-2024T06:33:56 - [TEST_STEP][PASSED] - i3 = x.indexOf("/") + 1: null

06-11-2024T06:33:56 - [TEST_STEP][PASSED] - x = x.substring(i3, x.length()): null

06-11-2024T06:33:56 - [TEST_STEP][PASSED] - return x: null

06-11-2024T06:33:56 - [TEST_STEP][PASSED] - tableA = Script1719551244403.NewDZO(x = tableA): null

06-11-2024T06:33:56 - [TEST_STEP][PASSED] - i3 = <not implemented yet for class: org.codehaus.groovy.ast.expr.EmptyExpression>: null

06-11-2024T06:33:56 - [TEST_STEP][PASSED] - i3 = x.indexOf("/") + 1: null

06-11-2024T06:33:56 - [TEST_STEP][PASSED] - x = x.substring(i3, x.length()): null

06-11-2024T06:33:56 - [TEST_STEP][PASSED] - return x: null

06-11-2024T06:33:56 - [TEST_STEP][PASSED] - i = tableA.indexOf("Юг"): null

06-11-2024T06:33:56 - [TEST_STEP][PASSED] - CiPA = replaceAll("\p{P}", "").trim(): null

06-11-2024T06:33:56 - [TEST_STEP][PASSED] - println("CiPA: " + CiPA): null

06-11-2024T06:33:56 - [TEST_STEP][PASSED] - for ([i = 1, i < 10, (i++)]): null

06-11-2024T06:33:56 - [TEST_STEP][PASSED] - tableA = Script1719551244403.NewDZO(x = tableA): null

06-11-2024T06:33:56 - [TEST_STEP][PASSED] - i3 = <not implemented yet for class: org.codehaus.groovy.ast.expr.EmptyExpression>: null

06-11-2024T06:33:56 - [TEST_STEP][PASSED] - i3 = x.indexOf("/") + 1: null

06-11-2024T06:33:56 - [TEST_STEP][PASSED] - x = x.substring(i3, x.length()): null

06-11-2024T06:33:56 - [TEST_STEP][PASSED] - return x: null

06-11-2024T06:33:56 - [TEST_STEP][PASSED] - tableA = Script1719551244403.NewDZO(x = tableA): null

06-11-2024T06:33:56 - [TEST_STEP][PASSED] - i3 = <not implemented yet for class: org.codehaus.groovy.ast.expr.EmptyExpression>: null

06-11-2024T06:33:56 - [TEST_STEP][PASSED] - i3 = x.indexOf("/") + 1: null

06-11-2024T06:33:56 - [TEST_STEP][PASSED] - x = x.substring(i3, x.length()): null

06-11-2024T06:33:56 - [TEST_STEP][PASSED] - return x: null

06-11-2024T06:33:56 - [TEST_STEP][PASSED] - tableA = Script1719551244403.NewDZO(x = tableA): null

06-11-2024T06:33:56 - [TEST_STEP][PASSED] - i3 = <not implemented yet for class: org.codehaus.groovy.ast.expr.EmptyExpression>: null

06-11-2024T06:33:56 - [TEST_STEP][PASSED] - i3 = x.indexOf("/") + 1: null

06-11-2024T06:33:56 - [TEST_STEP][PASSED] - x = x.substring(i3, x.length()): null

06-11-2024T06:33:56 - [TEST_STEP][PASSED] - return x: null

06-11-2024T06:33:56 - [TEST_STEP][PASSED] - tableA = Script1719551244403.NewDZO(x = tableA): null

06-11-2024T06:33:56 - [TEST_STEP][PASSED] - i3 = <not implemented yet for class: org.codehaus.groovy.ast.expr.EmptyExpression>: null

06-11-2024T06:33:56 - [TEST_STEP][PASSED] - i3 = x.indexOf("/") + 1: null

06-11-2024T06:33:56 - [TEST_STEP][PASSED] - x = x.substring(i3, x.length()): null

06-11-2024T06:33:56 - [TEST_STEP][PASSED] - return x: null

06-11-2024T06:33:56 - [TEST_STEP][PASSED] - tableA = Script1719551244403.NewDZO(x = tableA): null

06-11-2024T06:33:56 - [TEST_STEP][PASSED] - i3 = <not implemented yet for class: org.codehaus.groovy.ast.expr.EmptyExpression>: null

06-11-2024T06:33:56 - [TEST_STEP][PASSED] - i3 = x.indexOf("/") + 1: null

06-11-2024T06:33:56 - [TEST_STEP][PASSED] - x = x.substring(i3, x.length()): null

06-11-2024T06:33:56 - [TEST_STEP][PASSED] - return x: null

06-11-2024T06:33:56 - [TEST_STEP][PASSED] - tableA = Script1719551244403.NewDZO(x = tableA): null

06-11-2024T06:33:56 - [TEST_STEP][PASSED] - i3 = <not implemented yet for class: org.codehaus.groovy.ast.expr.EmptyExpression>: null

06-11-2024T06:33:56 - [TEST_STEP][PASSED] - i3 = x.indexOf("/") + 1: null

06-11-2024T06:33:56 - [TEST_STEP][PASSED] - x = x.substring(i3, x.length()): null

06-11-2024T06:33:56 - [TEST_STEP][PASSED] - return x: null

06-11-2024T06:33:56 - [TEST_STEP][PASSED] - tableA = Script1719551244403.NewDZO(x = tableA): null

06-11-2024T06:33:56 - [TEST_STEP][PASSED] - i3 = <not implemented yet for class: org.codehaus.groovy.ast.expr.EmptyExpression>: null

06-11-2024T06:33:56 - [TEST_STEP][PASSED] - i3 = x.indexOf("/") + 1: null

06-11-2024T06:33:56 - [TEST_STEP][PASSED] - x = x.substring(i3, x.length()): null

06-11-2024T06:33:56 - [TEST_STEP][PASSED] - return x: null

06-11-2024T06:33:56 - [TEST_STEP][PASSED] - tableA = Script1719551244403.NewDZO(x = tableA): null

06-11-2024T06:33:56 - [TEST_STEP][PASSED] - i3 = <not implemented yet for class: org.codehaus.groovy.ast.expr.EmptyExpression>: null

06-11-2024T06:33:56 - [TEST_STEP][PASSED] - i3 = x.indexOf("/") + 1: null

06-11-2024T06:33:56 - [TEST_STEP][PASSED] - x = x.substring(i3, x.length()): null

06-11-2024T06:33:56 - [TEST_STEP][PASSED] - return x: null

06-11-2024T06:33:56 - [TEST_STEP][PASSED] - tableA = Script1719551244403.NewDZO(x = tableA): null

06-11-2024T06:33:56 - [TEST_STEP][PASSED] - i3 = <not implemented yet for class: org.codehaus.groovy.ast.expr.EmptyExpression>: null

06-11-2024T06:33:56 - [TEST_STEP][PASSED] - i3 = x.indexOf("/") + 1: null

06-11-2024T06:33:56 - [TEST_STEP][PASSED] - x = x.substring(i3, x.length()): null

06-11-2024T06:33:56 - [TEST_STEP][PASSED] - return x: null

06-11-2024T06:33:56 - [TEST_STEP][PASSED] - i = tableA.indexOf("Янтарь"): null

06-11-2024T06:33:56 - [TEST_STEP][PASSED] - UgA = replaceAll("\p{P}", "").trim(): null

06-11-2024T06:33:56 - [TEST_STEP][PASSED] - println("UgA: " + UgA): null

06-11-2024T06:33:56 - [TEST_STEP][PASSED] - i = tableA.lastIndexOf("/"): null

06-11-2024T06:33:56 - [TEST_STEP][PASSED] - YaA = replaceAll("\p{P}", "").trim(): null

06-11-2024T06:33:56 - [TEST_STEP][PASSED] - println("YaA: " + YaA): null

06-11-2024T06:33:56 - [TEST_STEP][PASSED] - delay(10): Delayed 10 second(s)

06-11-2024T06:34:06 - [MESSAGE][PASSED] - Delayed 10 second(s)

06-11-2024T06:34:06 - [TEST_STEP][PASSED] - navigateToUrl(findTestData("PlanFact").getValue(10, 11)): Navigate to 'https://bi.rosseti.digital/viewer?dashboardGuid=a1fd28b3785d443cbc4d7690a1d78e31&sheetGuid=d3a0ddec2e914cb380b20dca74903099&fit=true' successfully

06-11-2024T06:34:07 - [MESSAGE][PASSED] - Navigate to 'https://bi.rosseti.digital/viewer?dashboardGuid=a1fd28b3785d443cbc4d7690a1d78e31&sheetGuid=d3a0ddec2e914cb380b20dca74903099&fit=true' successfully

06-11-2024T06:34:07 - [TEST_STEP][PASSED] - b = <not implemented yet for class: org.codehaus.groovy.ast.expr.EmptyExpression>: null

06-11-2024T06:34:07 - [TEST_STEP][PASSED] - b1 = <not implemented yet for class: org.codehaus.groovy.ast.expr.EmptyExpression>: null

06-11-2024T06:34:07 - [TEST_STEP][PASSED] - b2 = <not implemented yet for class: org.codehaus.groovy.ast.expr.EmptyExpression>: null

06-11-2024T06:34:07 - [TEST_STEP][PASSED] - click(findTestObject("Факторный анализ/Фильтр Дата Выручка")): Object: 'Object Repository/Факторный анализ/Фильтр Дата Выручка' is clicked on

06-11-2024T06:34:23 - [MESSAGE][PASSED] - Object: 'Object Repository/Факторный анализ/Фильтр Дата Выручка' is clicked on

06-11-2024T06:34:23 - [TEST_STEP][PASSED] - click(findTestObject("Факторный анализ/Снять выделение в фильтре Дата Выручка")): Object: 'Object Repository/Факторный анализ/Снять выделение в фильтре Дата Выручка' is clicked on

06-11-2024T06:34:24 - [MESSAGE][PASSED] - Object: 'Object Repository/Факторный анализ/Снять выделение в фильтре Дата Выручка' is clicked on

06-11-2024T06:34:24 - [TEST_STEP][PASSED] - click(findTestObject("Факторный анализ/Применить в фильтре Дата Выручка")): Object: 'Object Repository/Факторный анализ/Применить в фильтре Дата Выручка' is clicked on

06-11-2024T06:34:24 - [MESSAGE][PASSED] - Object: 'Object Repository/Факторный анализ/Применить в фильтре Дата Выручка' is clicked on

06-11-2024T06:34:24 - [TEST_STEP][PASSED] - delay(10): Delayed 10 second(s)

06-11-2024T06:34:34 - [MESSAGE][PASSED] - Delayed 10 second(s)

06-11-2024T06:34:34 - [TEST_STEP][PASSED] - click(findTestObject("Факторный анализ/Фильтр Дата Выручка")): Object: 'Object Repository/Факторный анализ/Фильтр Дата Выручка' is clicked on

06-11-2024T06:34:35 - [MESSAGE][PASSED] - Object: 'Object Repository/Факторный анализ/Фильтр Дата Выручка' is clicked on

06-11-2024T06:34:35 - [TEST_STEP][PASSED] - click(findTestObject("Факторный анализ/Снять выделение в фильтре Дата Выручка")): Object: 'Object Repository/Факторный анализ/Снять выделение в фильтре Дата Выручка' is clicked on

06-11-2024T06:34:35 - [MESSAGE][PASSED] - Object: 'Object Repository/Факторный анализ/Снять выделение в фильтре Дата Выручка' is clicked on

06-11-2024T06:34:35 - [TEST_STEP][PASSED] - scrollToElement(findTestObject("Факторный анализ/2024 список Выручка"), 30): Scroll to object 'Object Repository/Факторный анализ/2024 список Выручка' successfully

06-11-2024T06:34:35 - [MESSAGE][PASSED] - Scroll to object 'Object Repository/Факторный анализ/2024 список Выручка' successfully

06-11-2024T06:34:35 - [TEST_STEP][PASSED] - click(findTestObject("Факторный анализ/2024 список Выручка")): Object: 'Object Repository/Факторный анализ/2024 список Выручка' is clicked on

06-11-2024T06:34:36 - [MESSAGE][PASSED] - Object: 'Object Repository/Факторный анализ/2024 список Выручка' is clicked on

06-11-2024T06:34:36 - [TEST_STEP][PASSED] - scrollToElement(findTestObject("Факторный анализ/1 квартал 2024 выбрать Выручка"), 30): Scroll to object 'Object Repository/Факторный анализ/1 квартал 2024 выбрать Выручка' successfully

06-11-2024T06:34:36 - [MESSAGE][PASSED] - Scroll to object 'Object Repository/Факторный анализ/1 квартал 2024 выбрать Выручка' successfully

06-11-2024T06:34:36 - [TEST_STEP][PASSED] - click(findTestObject("Факторный анализ/1 квартал 2024 выбрать Выручка")): Object: 'Object Repository/Факторный анализ/1 квартал 2024 выбрать Выручка' is clicked on

06-11-2024T06:34:37 - [MESSAGE][PASSED] - Object: 'Object Repository/Факторный анализ/1 квартал 2024 выбрать Выручка' is clicked on

06-11-2024T06:34:37 - [TEST_STEP][PASSED] - scrollToElement(findTestObject("Факторный анализ/2 квартал 2024 выбрать Выручка"), 30): Scroll to object 'Object Repository/Факторный анализ/2 квартал 2024 выбрать Выручка' successfully

06-11-2024T06:34:37 - [MESSAGE][PASSED] - Scroll to object 'Object Repository/Факторный анализ/2 квартал 2024 выбрать Выручка' successfully

06-11-2024T06:34:37 - [TEST_STEP][PASSED] - click(findTestObject("Факторный анализ/2 квартал 2024 выбрать Выручка"), CONTINUE_ON_FAILURE): Object: 'Object Repository/Факторный анализ/2 квартал 2024 выбрать Выручка' is clicked on

06-11-2024T06:34:37 - [MESSAGE][PASSED] - Object: 'Object Repository/Факторный анализ/2 квартал 2024 выбрать Выручка' is clicked on

06-11-2024T06:34:37 - [TEST_STEP][PASSED] - click(findTestObject("Факторный анализ/3 квартал 2024 выбрать Выручка"), CONTINUE_ON_FAILURE): Object: 'Object Repository/Факторный анализ/3 квартал 2024 выбрать Выручка' is clicked on

06-11-2024T06:34:38 - [MESSAGE][PASSED] - Object: 'Object Repository/Факторный анализ/3 квартал 2024 выбрать Выручка' is clicked on

06-11-2024T06:34:38 - [TEST_STEP][PASSED] - scrollToElement(findTestObject("Факторный анализ/Заголовок дашборда Выручка"), 30): Scroll to object 'Object Repository/Факторный анализ/Заголовок дашборда Выручка' successfully

06-11-2024T06:34:38 - [MESSAGE][PASSED] - Scroll to object 'Object Repository/Факторный анализ/Заголовок дашборда Выручка' successfully

06-11-2024T06:34:38 - [TEST_STEP][PASSED] - click(findTestObject("Факторный анализ/Применить в фильтре Дата Выручка")): Object: 'Object Repository/Факторный анализ/Применить в фильтре Дата Выручка' is clicked on

06-11-2024T06:34:39 - [MESSAGE][PASSED] - Object: 'Object Repository/Факторный анализ/Применить в фильтре Дата Выручка' is clicked on

06-11-2024T06:34:39 - [TEST_STEP][PASSED] - if (run == 1): null

06-11-2024T06:34:39 - [TEST_STEP][PASSED] - b = getText(findTestObject("Факторный анализ/Отклонения выручки по факторам Выручка")): Text of object 'Object Repository/Факторный анализ/Отклонения выручки по факторам Выручка' is: '9 9039 903
-10 841-10 841
Отклонение (объём услуг) филиал без Nan
Отклонение (средний тариф) филиал без Nan
ПАО Россети'

06-11-2024T06:34:42 - [MESSAGE][PASSED] - Text of object 'Object Repository/Факторный анализ/Отклонения выручки по факторам Выручка' is: '9 9039 903
-10 841-10 841
Отклонение (объём услуг) филиал без Nan
Отклонение (средний тариф) филиал без Nan
ПАО Россети'

06-11-2024T06:34:42 - [TEST_STEP][PASSED] - b = b.replaceAll("[\r?
|
]", "/"): null

06-11-2024T06:34:42 - [TEST_STEP][PASSED] - println("b: " + b): null

06-11-2024T06:34:42 - [TEST_STEP][PASSED] - i = b.indexOf("Отклонение"): null

06-11-2024T06:34:42 - [TEST_STEP][PASSED] - if (i > -1): null

06-11-2024T06:34:42 - [TEST_STEP][PASSED] - i = i: null

06-11-2024T06:34:42 - [TEST_STEP][PASSED] - b = substring(0, i).trim(): null

06-11-2024T06:34:42 - [TEST_STEP][PASSED] - println("b: " + b): null

06-11-2024T06:34:42 - [TEST_STEP][PASSED] - i = b.indexOf("/"): null

06-11-2024T06:34:42 - [TEST_STEP][PASSED] - if (i > -1): null

06-11-2024T06:34:42 - [TEST_STEP][PASSED] - b1 = b.substring(0, i): null

06-11-2024T06:34:42 - [TEST_STEP][PASSED] - println("b1: " + b1): null

06-11-2024T06:34:42 - [TEST_STEP][PASSED] - b2 = b.substring(b1.length() + 1, b.length()): null

06-11-2024T06:34:42 - [TEST_STEP][PASSED] - println("b2: " + b2): null

06-11-2024T06:34:42 - [TEST_STEP][PASSED] - i = b1.length() / 2: null

06-11-2024T06:34:42 - [TEST_STEP][PASSED] - if (i > -1): null

06-11-2024T06:34:42 - [TEST_STEP][PASSED] - b1 = replaceAll("\s+", "").trim(): null

06-11-2024T06:34:42 - [TEST_STEP][PASSED] - println("b1: " + b1): null

06-11-2024T06:34:42 - [TEST_STEP][PASSED] - i = b2.length() / 2: null

06-11-2024T06:34:42 - [TEST_STEP][PASSED] - if (i > -1): null

06-11-2024T06:34:42 - [TEST_STEP][PASSED] - b2 = replaceAll("\s+", "").trim(): null

06-11-2024T06:34:42 - [TEST_STEP][PASSED] - println("b2: " + b2): null

06-11-2024T06:34:42 - [TEST_STEP][PASSED] - vidget = "Отклонения выручки по факторам": null

06-11-2024T06:34:42 - [TEST_STEP][PASSED] - DZO = "ПАО Россети": null

06-11-2024T06:34:42 - [TEST_STEP][PASSED] - typeOfData = "Отклонение (объём услуг)": null

06-11-2024T06:34:42 - [TEST_STEP][PASSED] - Script1719551244403.Compare(x = a1, y = b1, run, typeOfData, otobrajeniyeDannyh, todaysDate, vidget, DZO): null

06-11-2024T06:34:42 - [TEST_STEP][FAILED] - if (verifyEqual(x, y) == true): Unable to verify equal between actual object '-355761' and expected object '9903' (Root cause: com.kms.katalon.core.exception.StepFailedException: Actual object '-355761' and expected object '9903' are not equal
	at com.kms.katalon.core.keyword.builtin.VerifyEqualKeyword$_verifyEqual_closure1.doCall(VerifyEqualKeyword.groovy:58)
	at com.kms.katalon.core.keyword.builtin.VerifyEqualKeyword$_verifyEqual_closure1.call(VerifyEqualKeyword.groovy)
	at com.kms.katalon.core.keyword.internal.KeywordMain.runKeyword(KeywordMain.groovy:75)
	at com.kms.katalon.core.keyword.builtin.VerifyEqualKeyword.verifyEqual(VerifyEqualKeyword.groovy:63)
	at com.kms.katalon.core.keyword.builtin.VerifyEqualKeyword.execute(VerifyEqualKeyword.groovy:44)
	at com.kms.katalon.core.keyword.internal.KeywordExecutor.executeKeywordForPlatform(KeywordExecutor.groovy:74)
	at com.kms.katalon.core.keyword.BuiltinKeywords.verifyEqual(BuiltinKeywords.groovy:146)
	at jdk.internal.reflect.GeneratedMethodAccessor22.invoke(Unknown Source)
	at java.base/jdk.internal.reflect.DelegatingMethodAccessorImpl.invoke(DelegatingMethodAccessorImpl.java:43)
	at Факторный анализ сверка дашбордов.Compare(Факторный анализ сверка дашбордов:658)
	at Факторный анализ сверка дашбордов.Test(Факторный анализ сверка дашбордов:422)
	at Факторный анализ сверка дашбордов.run(Факторный анализ сверка дашбордов:44)
	at com.kms.katalon.core.main.ScriptEngine.run(ScriptEngine.java:194)
	at com.kms.katalon.core.main.ScriptEngine.runScriptAsRawText(ScriptEngine.java:119)
	at com.kms.katalon.core.main.TestCaseExecutor.runScript(TestCaseExecutor.java:448)
	at com.kms.katalon.core.main.TestCaseExecutor.doExecute(TestCaseExecutor.java:439)
	at com.kms.katalon.core.main.TestCaseExecutor.processExecutionPhase(TestCaseExecutor.java:418)
	at com.kms.katalon.core.main.TestCaseExecutor.accessMainPhase(TestCaseExecutor.java:410)
	at com.kms.katalon.core.main.TestCaseExecutor.execute(TestCaseExecutor.java:285)
	at com.kms.katalon.core.common.CommonExecutor.accessTestCaseMainPhase(CommonExecutor.java:65)
	at com.kms.katalon.core.main.TestSuiteExecutor.accessTestSuiteMainPhase(TestSuiteExecutor.java:150)
	at com.kms.katalon.core.main.TestSuiteExecutor.execute(TestSuiteExecutor.java:106)
	at com.kms.katalon.core.main.TestCaseMain.startTestSuite(TestCaseMain.java:180)
	at TempTestSuite1730857927993.run(TempTestSuite1730857927993.groovy:35)
	at java.base/jdk.internal.reflect.NativeMethodAccessorImpl.invoke0(Native Method)
	at java.base/jdk.internal.reflect.NativeMethodAccessorImpl.invoke(NativeMethodAccessorImpl.java:77)
	at java.base/jdk.internal.reflect.DelegatingMethodAccessorImpl.invoke(DelegatingMethodAccessorImpl.java:43)
)

06-11-2024T06:34:42 - [MESSAGE][FAILED] - Unable to verify equal between actual object '-355761' and expected object '9903' (Root cause: com.kms.katalon.core.exception.StepFailedException: Actual object '-355761' and expected object '9903' are not equal
	at com.kms.katalon.core.keyword.builtin.VerifyEqualKeyword$_verifyEqual_closure1.doCall(VerifyEqualKeyword.groovy:58)
	at com.kms.katalon.core.keyword.builtin.VerifyEqualKeyword$_verifyEqual_closure1.call(VerifyEqualKeyword.groovy)
	at com.kms.katalon.core.keyword.internal.KeywordMain.runKeyword(KeywordMain.groovy:75)
	at com.kms.katalon.core.keyword.builtin.VerifyEqualKeyword.verifyEqual(VerifyEqualKeyword.groovy:63)
	at com.kms.katalon.core.keyword.builtin.VerifyEqualKeyword.execute(VerifyEqualKeyword.groovy:44)
	at com.kms.katalon.core.keyword.internal.KeywordExecutor.executeKeywordForPlatform(KeywordExecutor.groovy:74)
	at com.kms.katalon.core.keyword.BuiltinKeywords.verifyEqual(BuiltinKeywords.groovy:146)
	at jdk.internal.reflect.GeneratedMethodAccessor22.invoke(Unknown Source)
	at java.base/jdk.internal.reflect.DelegatingMethodAccessorImpl.invoke(DelegatingMethodAccessorImpl.java:43)
	at Факторный анализ сверка дашбордов.Compare(Факторный анализ сверка дашбордов:658)
	at Факторный анализ сверка дашбордов.Test(Факторный анализ сверка дашбордов:422)
	at Факторный анализ сверка дашбордов.run(Факторный анализ сверка дашбордов:44)
	at com.kms.katalon.core.main.ScriptEngine.run(ScriptEngine.java:194)
	at com.kms.katalon.core.main.ScriptEngine.runScriptAsRawText(ScriptEngine.java:119)
	at com.kms.katalon.core.main.TestCaseExecutor.runScript(TestCaseExecutor.java:448)
	at com.kms.katalon.core.main.TestCaseExecutor.doExecute(TestCaseExecutor.java:439)
	at com.kms.katalon.core.main.TestCaseExecutor.processExecutionPhase(TestCaseExecutor.java:418)
	at com.kms.katalon.core.main.TestCaseExecutor.accessMainPhase(TestCaseExecutor.java:410)
	at com.kms.katalon.core.main.TestCaseExecutor.execute(TestCaseExecutor.java:285)
	at com.kms.katalon.core.common.CommonExecutor.accessTestCaseMainPhase(CommonExecutor.java:65)
	at com.kms.katalon.core.main.TestSuiteExecutor.accessTestSuiteMainPhase(TestSuiteExecutor.java:150)
	at com.kms.katalon.core.main.TestSuiteExecutor.execute(TestSuiteExecutor.java:106)
	at com.kms.katalon.core.main.TestCaseMain.startTestSuite(TestCaseMain.java:180)
	at TempTestSuite1730857927993.run(TempTestSuite1730857927993.groovy:35)
	at java.base/jdk.internal.reflect.NativeMethodAccessorImpl.invoke0(Native Method)
	at java.base/jdk.internal.reflect.NativeMethodAccessorImpl.invoke(NativeMethodAccessorImpl.java:77)
	at java.base/jdk.internal.reflect.DelegatingMethodAccessorImpl.invoke(DelegatingMethodAccessorImpl.java:43)
)

06-11-2024T06:34:42 - [TEST_STEP][PASSED] - else: null

06-11-2024T06:34:42 - [TEST_STEP][PASSED] - if (run == 1): null

06-11-2024T06:34:42 - [TEST_STEP][PASSED] - otobrajeniyeDannyh = "Филиал": null

06-11-2024T06:34:42 - [TEST_STEP][PASSED] - Script1719551244403.WriteToExcel(todaysDate, typeOfData, otobrajeniyeDannyh, x, y, vidget, DZO): null

06-11-2024T06:34:42 - [TEST_STEP][PASSED] - sheetName = "Sheet1": null

06-11-2024T06:34:42 - [TEST_STEP][PASSED] - data = findTestData("PlanFact"): null

06-11-2024T06:34:42 - [TEST_STEP][PASSED] - n = data.getRowNumbers() + 1: null

06-11-2024T06:34:42 - [TEST_STEP][PASSED] - period = getText(findTestObject("Факторный анализ/Фильтр Период")): Text of object 'Object Repository/Факторный анализ/Фильтр Период' is: '1, 2, 3 кв. 2024 года'

06-11-2024T06:34:43 - [MESSAGE][PASSED] - Text of object 'Object Repository/Факторный анализ/Фильтр Период' is: '1, 2, 3 кв. 2024 года'

06-11-2024T06:34:43 - [TEST_STEP][PASSED] - println(period): null

06-11-2024T06:34:43 - [TEST_STEP][PASSED] - dashboardName = "Факторный анализ": null

06-11-2024T06:34:43 - [TEST_STEP][PASSED] - workbook01 = getWorkbook(excelFilePath): null

06-11-2024T06:34:43 - [TEST_STEP][PASSED] - sheet01 = getExcelSheet(workbook01, sheetName): null

06-11-2024T06:34:43 - [TEST_STEP][PASSED] - setValueToCellByIndex(sheet01, n, 0, dashboardName): null

06-11-2024T06:34:43 - [TEST_STEP][PASSED] - setValueToCellByIndex(sheet01, n, 1, DZO): null

06-11-2024T06:34:43 - [TEST_STEP][PASSED] - setValueToCellByIndex(sheet01, n, 2, vidget): null

06-11-2024T06:34:43 - [TEST_STEP][PASSED] - setValueToCellByIndex(sheet01, n, 3, typeOfData): null

06-11-2024T06:34:43 - [TEST_STEP][PASSED] - setValueToCellByIndex(sheet01, n, 4, otobrajeniyeDannyh): null

06-11-2024T06:34:43 - [TEST_STEP][PASSED] - setValueToCellByIndex(sheet01, n, 5, period): null

06-11-2024T06:34:43 - [TEST_STEP][PASSED] - setValueToCellByIndex(sheet01, n, 6, todaysDate): null

06-11-2024T06:34:43 - [TEST_STEP][PASSED] - n = n + 1: null

06-11-2024T06:34:43 - [TEST_STEP][PASSED] - saveWorkbook(excelFilePath, workbook01): null

06-11-2024T06:34:43 - [TEST_STEP][PASSED] - typeOfData = "Отклонение (средний тариф)": null

06-11-2024T06:34:43 - [TEST_STEP][PASSED] - Script1719551244403.Compare(x = a2, y = b2, run, typeOfData, otobrajeniyeDannyh, todaysDate, vidget, DZO): null

06-11-2024T06:34:43 - [TEST_STEP][FAILED] - if (verifyEqual(x, y) == true): Unable to verify equal between actual object '-10642' and expected object '-10841' (Root cause: com.kms.katalon.core.exception.StepFailedException: Actual object '-10642' and expected object '-10841' are not equal
	at com.kms.katalon.core.keyword.builtin.VerifyEqualKeyword$_verifyEqual_closure1.doCall(VerifyEqualKeyword.groovy:58)
	at com.kms.katalon.core.keyword.builtin.VerifyEqualKeyword$_verifyEqual_closure1.call(VerifyEqualKeyword.groovy)
	at com.kms.katalon.core.keyword.internal.KeywordMain.runKeyword(KeywordMain.groovy:75)
	at com.kms.katalon.core.keyword.builtin.VerifyEqualKeyword.verifyEqual(VerifyEqualKeyword.groovy:63)
	at com.kms.katalon.core.keyword.builtin.VerifyEqualKeyword.execute(VerifyEqualKeyword.groovy:44)
	at com.kms.katalon.core.keyword.internal.KeywordExecutor.executeKeywordForPlatform(KeywordExecutor.groovy:74)
	at com.kms.katalon.core.keyword.BuiltinKeywords.verifyEqual(BuiltinKeywords.groovy:146)
	at jdk.internal.reflect.GeneratedMethodAccessor22.invoke(Unknown Source)
	at java.base/jdk.internal.reflect.DelegatingMethodAccessorImpl.invoke(DelegatingMethodAccessorImpl.java:43)
	at Факторный анализ сверка дашбордов.Compare(Факторный анализ сверка дашбордов:658)
	at Факторный анализ сверка дашбордов.Test(Факторный анализ сверка дашбордов:426)
	at Факторный анализ сверка дашбордов.run(Факторный анализ сверка дашбордов:44)
	at com.kms.katalon.core.main.ScriptEngine.run(ScriptEngine.java:194)
	at com.kms.katalon.core.main.ScriptEngine.runScriptAsRawText(ScriptEngine.java:119)
	at com.kms.katalon.core.main.TestCaseExecutor.runScript(TestCaseExecutor.java:448)
	at com.kms.katalon.core.main.TestCaseExecutor.doExecute(TestCaseExecutor.java:439)
	at com.kms.katalon.core.main.TestCaseExecutor.processExecutionPhase(TestCaseExecutor.java:418)
	at com.kms.katalon.core.main.TestCaseExecutor.accessMainPhase(TestCaseExecutor.java:410)
	at com.kms.katalon.core.main.TestCaseExecutor.execute(TestCaseExecutor.java:285)
	at com.kms.katalon.core.common.CommonExecutor.accessTestCaseMainPhase(CommonExecutor.java:65)
	at com.kms.katalon.core.main.TestSuiteExecutor.accessTestSuiteMainPhase(TestSuiteExecutor.java:150)
	at com.kms.katalon.core.main.TestSuiteExecutor.execute(TestSuiteExecutor.java:106)
	at com.kms.katalon.core.main.TestCaseMain.startTestSuite(TestCaseMain.java:180)
	at TempTestSuite1730857927993.run(TempTestSuite1730857927993.groovy:35)
	at java.base/jdk.internal.reflect.NativeMethodAccessorImpl.invoke0(Native Method)
	at java.base/jdk.internal.reflect.NativeMethodAccessorImpl.invoke(NativeMethodAccessorImpl.java:77)
	at java.base/jdk.internal.reflect.DelegatingMethodAccessorImpl.invoke(DelegatingMethodAccessorImpl.java:43)
)

06-11-2024T06:34:43 - [MESSAGE][FAILED] - Unable to verify equal between actual object '-10642' and expected object '-10841' (Root cause: com.kms.katalon.core.exception.StepFailedException: Actual object '-10642' and expected object '-10841' are not equal
	at com.kms.katalon.core.keyword.builtin.VerifyEqualKeyword$_verifyEqual_closure1.doCall(VerifyEqualKeyword.groovy:58)
	at com.kms.katalon.core.keyword.builtin.VerifyEqualKeyword$_verifyEqual_closure1.call(VerifyEqualKeyword.groovy)
	at com.kms.katalon.core.keyword.internal.KeywordMain.runKeyword(KeywordMain.groovy:75)
	at com.kms.katalon.core.keyword.builtin.VerifyEqualKeyword.verifyEqual(VerifyEqualKeyword.groovy:63)
	at com.kms.katalon.core.keyword.builtin.VerifyEqualKeyword.execute(VerifyEqualKeyword.groovy:44)
	at com.kms.katalon.core.keyword.internal.KeywordExecutor.executeKeywordForPlatform(KeywordExecutor.groovy:74)
	at com.kms.katalon.core.keyword.BuiltinKeywords.verifyEqual(BuiltinKeywords.groovy:146)
	at jdk.internal.reflect.GeneratedMethodAccessor22.invoke(Unknown Source)
	at java.base/jdk.internal.reflect.DelegatingMethodAccessorImpl.invoke(DelegatingMethodAccessorImpl.java:43)
	at Факторный анализ сверка дашбордов.Compare(Факторный анализ сверка дашбордов:658)
	at Факторный анализ сверка дашбордов.Test(Факторный анализ сверка дашбордов:426)
	at Факторный анализ сверка дашбордов.run(Факторный анализ сверка дашбордов:44)
	at com.kms.katalon.core.main.ScriptEngine.run(ScriptEngine.java:194)
	at com.kms.katalon.core.main.ScriptEngine.runScriptAsRawText(ScriptEngine.java:119)
	at com.kms.katalon.core.main.TestCaseExecutor.runScript(TestCaseExecutor.java:448)
	at com.kms.katalon.core.main.TestCaseExecutor.doExecute(TestCaseExecutor.java:439)
	at com.kms.katalon.core.main.TestCaseExecutor.processExecutionPhase(TestCaseExecutor.java:418)
	at com.kms.katalon.core.main.TestCaseExecutor.accessMainPhase(TestCaseExecutor.java:410)
	at com.kms.katalon.core.main.TestCaseExecutor.execute(TestCaseExecutor.java:285)
	at com.kms.katalon.core.common.CommonExecutor.accessTestCaseMainPhase(CommonExecutor.java:65)
	at com.kms.katalon.core.main.TestSuiteExecutor.accessTestSuiteMainPhase(TestSuiteExecutor.java:150)
	at com.kms.katalon.core.main.TestSuiteExecutor.execute(TestSuiteExecutor.java:106)
	at com.kms.katalon.core.main.TestCaseMain.startTestSuite(TestCaseMain.java:180)
	at TempTestSuite1730857927993.run(TempTestSuite1730857927993.groovy:35)
	at java.base/jdk.internal.reflect.NativeMethodAccessorImpl.invoke0(Native Method)
	at java.base/jdk.internal.reflect.NativeMethodAccessorImpl.invoke(NativeMethodAccessorImpl.java:77)
	at java.base/jdk.internal.reflect.DelegatingMethodAccessorImpl.invoke(DelegatingMethodAccessorImpl.java:43)
)

06-11-2024T06:34:43 - [TEST_STEP][PASSED] - else: null

06-11-2024T06:34:43 - [TEST_STEP][PASSED] - if (run == 1): null

06-11-2024T06:34:43 - [TEST_STEP][PASSED] - otobrajeniyeDannyh = "Филиал": null

06-11-2024T06:34:43 - [TEST_STEP][PASSED] - Script1719551244403.WriteToExcel(todaysDate, typeOfData, otobrajeniyeDannyh, x, y, vidget, DZO): null

06-11-2024T06:34:43 - [TEST_STEP][PASSED] - sheetName = "Sheet1": null

06-11-2024T06:34:43 - [TEST_STEP][PASSED] - data = findTestData("PlanFact"): null

06-11-2024T06:34:43 - [TEST_STEP][PASSED] - n = data.getRowNumbers() + 1: null

06-11-2024T06:34:43 - [TEST_STEP][PASSED] - period = getText(findTestObject("Факторный анализ/Фильтр Период")): Text of object 'Object Repository/Факторный анализ/Фильтр Период' is: '1, 2, 3 кв. 2024 года'

06-11-2024T06:34:44 - [MESSAGE][PASSED] - Text of object 'Object Repository/Факторный анализ/Фильтр Период' is: '1, 2, 3 кв. 2024 года'

06-11-2024T06:34:44 - [TEST_STEP][PASSED] - println(period): null

06-11-2024T06:34:44 - [TEST_STEP][PASSED] - dashboardName = "Факторный анализ": null

06-11-2024T06:34:44 - [TEST_STEP][PASSED] - workbook01 = getWorkbook(excelFilePath): null

06-11-2024T06:34:44 - [TEST_STEP][PASSED] - sheet01 = getExcelSheet(workbook01, sheetName): null

06-11-2024T06:34:44 - [TEST_STEP][PASSED] - setValueToCellByIndex(sheet01, n, 0, dashboardName): null

06-11-2024T06:34:44 - [TEST_STEP][PASSED] - setValueToCellByIndex(sheet01, n, 1, DZO): null

06-11-2024T06:34:44 - [TEST_STEP][PASSED] - setValueToCellByIndex(sheet01, n, 2, vidget): null

06-11-2024T06:34:44 - [TEST_STEP][PASSED] - setValueToCellByIndex(sheet01, n, 3, typeOfData): null

06-11-2024T06:34:44 - [TEST_STEP][PASSED] - setValueToCellByIndex(sheet01, n, 4, otobrajeniyeDannyh): null

06-11-2024T06:34:44 - [TEST_STEP][PASSED] - setValueToCellByIndex(sheet01, n, 5, period): null

06-11-2024T06:34:44 - [TEST_STEP][PASSED] - setValueToCellByIndex(sheet01, n, 6, todaysDate): null

06-11-2024T06:34:44 - [TEST_STEP][PASSED] - n = n + 1: null

06-11-2024T06:34:44 - [TEST_STEP][PASSED] - saveWorkbook(excelFilePath, workbook01): null

06-11-2024T06:34:44 - [TEST_STEP][PASSED] - tableB = getText(findTestObject("Факторный анализ/AllTable1 Выручка")).replaceAll("[\r?
|
]", "/"): Text of object 'Object Repository/Факторный анализ/AllTable1 Выручка' is: 'ДЗО
Филиал
Отклонение (объём услуг) филиал без Nan
Отклонение (средний тариф) филиал без Nan
АО «Тываэнерго» АО "Тываэнерго" 276 -37
АО «Чеченэнерго» АО «Чеченэнерго» 54 14
Россети Волга Мордовэнерго 169 -86
Оренбургэнерго 532 - 162
Пензаэнерго 259 -72
Самарские РС 395 -1 024
Саратовские РС 428 - 443
Ульяновские РС 231 - 201
Чувашэнерго - 126 126
Россети Кубань Кубаньэнерго 3 229 241
Россети Ленэнерго (ГК) Ленинградская область 1 191 598
г. Санкт-Петербург 2 106 -39
Россети Московский регион Московская область 4 566 - 535
г. Москва 2 812 57
Россети Северный Кавказ (ГК) Дагестанская энергосбытовая компания 0 0
Дагэнерго - 462 480
Ингушэнерго - 185 100
Каббалкэнерго 212 26
Карачаево-Черкесскэнерго 111 -9
Севкавказэнерго - 316 125
Ставропольэнерго 289 - 222
Россети Северо-Запад Архангельский филиал 63 -80
Вологодский филиал 229 -6
Карельский филиал -21 160
Мурманский филиал 102 64
Новгородский филиал 207 -40
Псковский филиал 146 -18
филиал в Республике Коми 10 23
Россети Сибирь (ГК) Алтайэнерго 275 275
Бурятэнерго -95 298
ГАЭС 114 -15
Красноярскэнерго 1 087 - 413
Кузбассэнерго-РЭС 329 205
Омскэнерго 127 - 112
Хакасэнерго 327 - 363
Читаэнерго -44 120
Россети Томск Томская распределительная компания 338 - 125
Россети Тюмень Россети Тюмень -3 853 - 459
Россети Урал (ГК) Пермэнерго 594 - 218
Свердловэнерго 805 233
Челябэнерго 973 - 671
Россети ФСК ЕЭС Итого по ФСК ЕЭС -16 312 -8 781
Россети Центр Белгородэнерго 299 111
Брянскэнерго 73 22
Воронежэнерго 602 133
Костромаэнерго 83 2
Курскэнерго 96 86
Липецкэнерго 731 - 322
Орелэнерго 148 -21
Смоленскэнерго 64 35
Тамбовэнерго 276 -4
Тверьэнерго 319 127
Ярэнерго 545 4
Россети Центр и Приволжье (ГК) Владимирэнерго 517 49
Ивэнерго 169 40
Калугаэнерго 558 -42
Кировэнерго 403 0
Мариэнерго 144 19
Нижновэнерго 658 231
Рязаньэнерго 259 47
Тулэнерго 733 - 209
Удмуртэнерго 294 3
Россети Юг (ГК) АО «ВМЭС» 153 41
Астраханьэнерго 73 90
Волгоградэнерго 392 - 310
Калмэнерго 58 -5
Ростовэнерго 779 44
Россети Янтарь Россети Янтарь 305 -28'

06-11-2024T06:34:44 - [MESSAGE][PASSED] - Text of object 'Object Repository/Факторный анализ/AllTable1 Выручка' is: 'ДЗО
Филиал
Отклонение (объём услуг) филиал без Nan
Отклонение (средний тариф) филиал без Nan
АО «Тываэнерго» АО "Тываэнерго" 276 -37
АО «Чеченэнерго» АО «Чеченэнерго» 54 14
Россети Волга Мордовэнерго 169 -86
Оренбургэнерго 532 - 162
Пензаэнерго 259 -72
Самарские РС 395 -1 024
Саратовские РС 428 - 443
Ульяновские РС 231 - 201
Чувашэнерго - 126 126
Россети Кубань Кубаньэнерго 3 229 241
Россети Ленэнерго (ГК) Ленинградская область 1 191 598
г. Санкт-Петербург 2 106 -39
Россети Московский регион Московская область 4 566 - 535
г. Москва 2 812 57
Россети Северный Кавказ (ГК) Дагестанская энергосбытовая компания 0 0
Дагэнерго - 462 480
Ингушэнерго - 185 100
Каббалкэнерго 212 26
Карачаево-Черкесскэнерго 111 -9
Севкавказэнерго - 316 125
Ставропольэнерго 289 - 222
Россети Северо-Запад Архангельский филиал 63 -80
Вологодский филиал 229 -6
Карельский филиал -21 160
Мурманский филиал 102 64
Новгородский филиал 207 -40
Псковский филиал 146 -18
филиал в Республике Коми 10 23
Россети Сибирь (ГК) Алтайэнерго 275 275
Бурятэнерго -95 298
ГАЭС 114 -15
Красноярскэнерго 1 087 - 413
Кузбассэнерго-РЭС 329 205
Омскэнерго 127 - 112
Хакасэнерго 327 - 363
Читаэнерго -44 120
Россети Томск Томская распределительная компания 338 - 125
Россети Тюмень Россети Тюмень -3 853 - 459
Россети Урал (ГК) Пермэнерго 594 - 218
Свердловэнерго 805 233
Челябэнерго 973 - 671
Россети ФСК ЕЭС Итого по ФСК ЕЭС -16 312 -8 781
Россети Центр Белгородэнерго 299 111
Брянскэнерго 73 22
Воронежэнерго 602 133
Костромаэнерго 83 2
Курскэнерго 96 86
Липецкэнерго 731 - 322
Орелэнерго 148 -21
Смоленскэнерго 64 35
Тамбовэнерго 276 -4
Тверьэнерго 319 127
Ярэнерго 545 4
Россети Центр и Приволжье (ГК) Владимирэнерго 517 49
Ивэнерго 169 40
Калугаэнерго 558 -42
Кировэнерго 403 0
Мариэнерго 144 19
Нижновэнерго 658 231
Рязаньэнерго 259 47
Тулэнерго 733 - 209
Удмуртэнерго 294 3
Россети Юг (ГК) АО «ВМЭС» 153 41
Астраханьэнерго 73 90
Волгоградэнерго 392 - 310
Калмэнерго 58 -5
Ростовэнерго 779 44
Россети Янтарь Россети Янтарь 305 -28'

06-11-2024T06:34:44 - [TEST_STEP][PASSED] - println("tableB: " + tableB): null

06-11-2024T06:34:44 - [TEST_STEP][PASSED] - for ([i = 1, i < 5, (i++)]): null

06-11-2024T06:34:44 - [TEST_STEP][PASSED] - ii = tableB.indexOf("/") + 1: null

06-11-2024T06:34:44 - [TEST_STEP][PASSED] - tableB = tableB.substring(ii, tableB.length()): null

06-11-2024T06:34:44 - [TEST_STEP][PASSED] - ii = tableB.indexOf("/") + 1: null

06-11-2024T06:34:44 - [TEST_STEP][PASSED] - tableB = tableB.substring(ii, tableB.length()): null

06-11-2024T06:34:44 - [TEST_STEP][PASSED] - ii = tableB.indexOf("/") + 1: null

06-11-2024T06:34:44 - [TEST_STEP][PASSED] - tableB = tableB.substring(ii, tableB.length()): null

06-11-2024T06:34:44 - [TEST_STEP][PASSED] - ii = tableB.indexOf("/") + 1: null

06-11-2024T06:34:44 - [TEST_STEP][PASSED] - tableB = tableB.substring(ii, tableB.length()): null

06-11-2024T06:34:44 - [TEST_STEP][PASSED] - println("tableB: " + tableB): null

06-11-2024T06:34:44 - [TEST_STEP][PASSED] - TyB = Script1719551244403.GetData(x = tableB): null

06-11-2024T06:34:44 - [TEST_STEP][PASSED] - i2 = <not implemented yet for class: org.codehaus.groovy.ast.expr.EmptyExpression>: null

06-11-2024T06:34:44 - [TEST_STEP][PASSED] - i2 = x.indexOf("/") + 1: null

06-11-2024T06:34:44 - [TEST_STEP][PASSED] - x = replaceAll("\p{P}", "").trim(): null

06-11-2024T06:34:44 - [TEST_STEP][PASSED] - return x: null

06-11-2024T06:34:44 - [TEST_STEP][PASSED] - println("TyB: " + TyB): null

06-11-2024T06:34:44 - [TEST_STEP][PASSED] - tableB = Script1719551244403.NewDZO(x = tableB): null

06-11-2024T06:34:44 - [TEST_STEP][PASSED] - i3 = <not implemented yet for class: org.codehaus.groovy.ast.expr.EmptyExpression>: null

06-11-2024T06:34:44 - [TEST_STEP][PASSED] - i3 = x.indexOf("/") + 1: null

06-11-2024T06:34:44 - [TEST_STEP][PASSED] - x = x.substring(i3, x.length()): null

06-11-2024T06:34:44 - [TEST_STEP][PASSED] - return x: null

06-11-2024T06:34:44 - [TEST_STEP][PASSED] - ChB = Script1719551244403.GetData(x = tableB): null

06-11-2024T06:34:44 - [TEST_STEP][PASSED] - i2 = <not implemented yet for class: org.codehaus.groovy.ast.expr.EmptyExpression>: null

06-11-2024T06:34:44 - [TEST_STEP][PASSED] - i2 = x.indexOf("/") + 1: null

06-11-2024T06:34:44 - [TEST_STEP][PASSED] - x = replaceAll("\p{P}", "").trim(): null

06-11-2024T06:34:44 - [TEST_STEP][PASSED] - return x: null

06-11-2024T06:34:44 - [TEST_STEP][PASSED] - println("ChB: " + ChB): null

06-11-2024T06:34:44 - [TEST_STEP][PASSED] - tableB = Script1719551244403.NewDZO(x = tableB): null

06-11-2024T06:34:44 - [TEST_STEP][PASSED] - i3 = <not implemented yet for class: org.codehaus.groovy.ast.expr.EmptyExpression>: null

06-11-2024T06:34:44 - [TEST_STEP][PASSED] - i3 = x.indexOf("/") + 1: null

06-11-2024T06:34:44 - [TEST_STEP][PASSED] - x = x.substring(i3, x.length()): null

06-11-2024T06:34:44 - [TEST_STEP][PASSED] - return x: null

06-11-2024T06:34:44 - [TEST_STEP][PASSED] - i = tableB.indexOf("Кубань"): null

06-11-2024T06:34:44 - [TEST_STEP][PASSED] - VB = replaceAll("\p{P}", "").trim(): null

06-11-2024T06:34:44 - [TEST_STEP][PASSED] - println("VB: " + VB): null

06-11-2024T06:34:44 - [TEST_STEP][PASSED] - for ([i = 1, i < 8, (i++)]): null

06-11-2024T06:34:44 - [TEST_STEP][PASSED] - tableB = Script1719551244403.NewDZO(x = tableB): null

06-11-2024T06:34:44 - [TEST_STEP][PASSED] - i3 = <not implemented yet for class: org.codehaus.groovy.ast.expr.EmptyExpression>: null

06-11-2024T06:34:44 - [TEST_STEP][PASSED] - i3 = x.indexOf("/") + 1: null

06-11-2024T06:34:44 - [TEST_STEP][PASSED] - x = x.substring(i3, x.length()): null

06-11-2024T06:34:44 - [TEST_STEP][PASSED] - return x: null

06-11-2024T06:34:44 - [TEST_STEP][PASSED] - tableB = Script1719551244403.NewDZO(x = tableB): null

06-11-2024T06:34:44 - [TEST_STEP][PASSED] - i3 = <not implemented yet for class: org.codehaus.groovy.ast.expr.EmptyExpression>: null

06-11-2024T06:34:44 - [TEST_STEP][PASSED] - i3 = x.indexOf("/") + 1: null

06-11-2024T06:34:44 - [TEST_STEP][PASSED] - x = x.substring(i3, x.length()): null

06-11-2024T06:34:44 - [TEST_STEP][PASSED] - return x: null

06-11-2024T06:34:44 - [TEST_STEP][PASSED] - tableB = Script1719551244403.NewDZO(x = tableB): null

06-11-2024T06:34:44 - [TEST_STEP][PASSED] - i3 = <not implemented yet for class: org.codehaus.groovy.ast.expr.EmptyExpression>: null

06-11-2024T06:34:44 - [TEST_STEP][PASSED] - i3 = x.indexOf("/") + 1: null

06-11-2024T06:34:44 - [TEST_STEP][PASSED] - x = x.substring(i3, x.length()): null

06-11-2024T06:34:44 - [TEST_STEP][PASSED] - return x: null

06-11-2024T06:34:44 - [TEST_STEP][PASSED] - tableB = Script1719551244403.NewDZO(x = tableB): null

06-11-2024T06:34:44 - [TEST_STEP][PASSED] - i3 = <not implemented yet for class: org.codehaus.groovy.ast.expr.EmptyExpression>: null

06-11-2024T06:34:44 - [TEST_STEP][PASSED] - i3 = x.indexOf("/") + 1: null

06-11-2024T06:34:44 - [TEST_STEP][PASSED] - x = x.substring(i3, x.length()): null

06-11-2024T06:34:44 - [TEST_STEP][PASSED] - return x: null

06-11-2024T06:34:44 - [TEST_STEP][PASSED] - tableB = Script1719551244403.NewDZO(x = tableB): null

06-11-2024T06:34:44 - [TEST_STEP][PASSED] - i3 = <not implemented yet for class: org.codehaus.groovy.ast.expr.EmptyExpression>: null

06-11-2024T06:34:44 - [TEST_STEP][PASSED] - i3 = x.indexOf("/") + 1: null

06-11-2024T06:34:44 - [TEST_STEP][PASSED] - x = x.substring(i3, x.length()): null

06-11-2024T06:34:44 - [TEST_STEP][PASSED] - return x: null

06-11-2024T06:34:44 - [TEST_STEP][PASSED] - tableB = Script1719551244403.NewDZO(x = tableB): null

06-11-2024T06:34:44 - [TEST_STEP][PASSED] - i3 = <not implemented yet for class: org.codehaus.groovy.ast.expr.EmptyExpression>: null

06-11-2024T06:34:44 - [TEST_STEP][PASSED] - i3 = x.indexOf("/") + 1: null

06-11-2024T06:34:44 - [TEST_STEP][PASSED] - x = x.substring(i3, x.length()): null

06-11-2024T06:34:44 - [TEST_STEP][PASSED] - return x: null

06-11-2024T06:34:44 - [TEST_STEP][PASSED] - tableB = Script1719551244403.NewDZO(x = tableB): null

06-11-2024T06:34:44 - [TEST_STEP][PASSED] - i3 = <not implemented yet for class: org.codehaus.groovy.ast.expr.EmptyExpression>: null

06-11-2024T06:34:44 - [TEST_STEP][PASSED] - i3 = x.indexOf("/") + 1: null

06-11-2024T06:34:44 - [TEST_STEP][PASSED] - x = x.substring(i3, x.length()): null

06-11-2024T06:34:44 - [TEST_STEP][PASSED] - return x: null

06-11-2024T06:34:44 - [TEST_STEP][PASSED] - i = tableB.indexOf("Ленэнерго"): null

06-11-2024T06:34:44 - [TEST_STEP][PASSED] - KuB = Script1719551244403.GetData(x = tableB): null

06-11-2024T06:34:44 - [TEST_STEP][PASSED] - i2 = <not implemented yet for class: org.codehaus.groovy.ast.expr.EmptyExpression>: null

06-11-2024T06:34:44 - [TEST_STEP][PASSED] - i2 = x.indexOf("/") + 1: null

06-11-2024T06:34:44 - [TEST_STEP][PASSED] - x = replaceAll("\p{P}", "").trim(): null

06-11-2024T06:34:44 - [TEST_STEP][PASSED] - return x: null

06-11-2024T06:34:44 - [TEST_STEP][PASSED] - println("KuB: " + KuB): null

06-11-2024T06:34:44 - [TEST_STEP][PASSED] - tableB = Script1719551244403.NewDZO(x = tableB): null

06-11-2024T06:34:44 - [TEST_STEP][PASSED] - i3 = <not implemented yet for class: org.codehaus.groovy.ast.expr.EmptyExpression>: null

06-11-2024T06:34:44 - [TEST_STEP][PASSED] - i3 = x.indexOf("/") + 1: null

06-11-2024T06:34:44 - [TEST_STEP][PASSED] - x = x.substring(i3, x.length()): null

06-11-2024T06:34:44 - [TEST_STEP][PASSED] - return x: null

06-11-2024T06:34:44 - [TEST_STEP][PASSED] - i = tableB.indexOf("Московский"): null

06-11-2024T06:34:44 - [TEST_STEP][PASSED] - LenB = replaceAll("\p{P}", "").trim(): null

06-11-2024T06:34:44 - [TEST_STEP][PASSED] - println("LenB: " + LenB): null

06-11-2024T06:34:44 - [TEST_STEP][PASSED] - tableB = Script1719551244403.NewDZO(x = tableB): null

06-11-2024T06:34:44 - [TEST_STEP][PASSED] - i3 = <not implemented yet for class: org.codehaus.groovy.ast.expr.EmptyExpression>: null

06-11-2024T06:34:44 - [TEST_STEP][PASSED] - i3 = x.indexOf("/") + 1: null

06-11-2024T06:34:44 - [TEST_STEP][PASSED] - x = x.substring(i3, x.length()): null

06-11-2024T06:34:44 - [TEST_STEP][PASSED] - return x: null

06-11-2024T06:34:44 - [TEST_STEP][PASSED] - tableB = Script1719551244403.NewDZO(x = tableB): null

06-11-2024T06:34:44 - [TEST_STEP][PASSED] - i3 = <not implemented yet for class: org.codehaus.groovy.ast.expr.EmptyExpression>: null

06-11-2024T06:34:44 - [TEST_STEP][PASSED] - i3 = x.indexOf("/") + 1: null

06-11-2024T06:34:44 - [TEST_STEP][PASSED] - x = x.substring(i3, x.length()): null

06-11-2024T06:34:44 - [TEST_STEP][PASSED] - return x: null

06-11-2024T06:34:44 - [TEST_STEP][PASSED] - i = tableB.indexOf("Кавказ"): null

06-11-2024T06:34:44 - [TEST_STEP][PASSED] - MosB = replaceAll("\p{P}", "").trim(): null

06-11-2024T06:34:44 - [TEST_STEP][PASSED] - println("MosB: " + MosB): null

06-11-2024T06:34:44 - [TEST_STEP][PASSED] - for ([i = 1, i < 3, (i++)]): null

06-11-2024T06:34:44 - [TEST_STEP][PASSED] - tableB = Script1719551244403.NewDZO(x = tableB): null

06-11-2024T06:34:44 - [TEST_STEP][PASSED] - i3 = <not implemented yet for class: org.codehaus.groovy.ast.expr.EmptyExpression>: null

06-11-2024T06:34:44 - [TEST_STEP][PASSED] - i3 = x.indexOf("/") + 1: null

06-11-2024T06:34:44 - [TEST_STEP][PASSED] - x = x.substring(i3, x.length()): null

06-11-2024T06:34:44 - [TEST_STEP][PASSED] - return x: null

06-11-2024T06:34:44 - [TEST_STEP][PASSED] - tableB = Script1719551244403.NewDZO(x = tableB): null

06-11-2024T06:34:44 - [TEST_STEP][PASSED] - i3 = <not implemented yet for class: org.codehaus.groovy.ast.expr.EmptyExpression>: null

06-11-2024T06:34:44 - [TEST_STEP][PASSED] - i3 = x.indexOf("/") + 1: null

06-11-2024T06:34:44 - [TEST_STEP][PASSED] - x = x.substring(i3, x.length()): null

06-11-2024T06:34:44 - [TEST_STEP][PASSED] - return x: null

06-11-2024T06:34:44 - [TEST_STEP][PASSED] - i = tableB.indexOf("Запад"): null

06-11-2024T06:34:44 - [TEST_STEP][PASSED] - SKB = replaceAll("\p{P}", "").trim(): null

06-11-2024T06:34:44 - [TEST_STEP][PASSED] - println("SKB: " + SKB): null

06-11-2024T06:34:44 - [TEST_STEP][PASSED] - for ([i = 1, i < 7, (i++)]): null

06-11-2024T06:34:44 - [TEST_STEP][PASSED] - tableB = Script1719551244403.NewDZO(x = tableB): null

06-11-2024T06:34:44 - [TEST_STEP][PASSED] - i3 = <not implemented yet for class: org.codehaus.groovy.ast.expr.EmptyExpression>: null

06-11-2024T06:34:44 - [TEST_STEP][PASSED] - i3 = x.indexOf("/") + 1: null

06-11-2024T06:34:44 - [TEST_STEP][PASSED] - x = x.substring(i3, x.length()): null

06-11-2024T06:34:44 - [TEST_STEP][PASSED] - return x: null

06-11-2024T06:34:44 - [TEST_STEP][PASSED] - tableB = Script1719551244403.NewDZO(x = tableB): null

06-11-2024T06:34:44 - [TEST_STEP][PASSED] - i3 = <not implemented yet for class: org.codehaus.groovy.ast.expr.EmptyExpression>: null

06-11-2024T06:34:44 - [TEST_STEP][PASSED] - i3 = x.indexOf("/") + 1: null

06-11-2024T06:34:44 - [TEST_STEP][PASSED] - x = x.substring(i3, x.length()): null

06-11-2024T06:34:44 - [TEST_STEP][PASSED] - return x: null

06-11-2024T06:34:44 - [TEST_STEP][PASSED] - tableB = Script1719551244403.NewDZO(x = tableB): null

06-11-2024T06:34:44 - [TEST_STEP][PASSED] - i3 = <not implemented yet for class: org.codehaus.groovy.ast.expr.EmptyExpression>: null

06-11-2024T06:34:44 - [TEST_STEP][PASSED] - i3 = x.indexOf("/") + 1: null

06-11-2024T06:34:44 - [TEST_STEP][PASSED] - x = x.substring(i3, x.length()): null

06-11-2024T06:34:44 - [TEST_STEP][PASSED] - return x: null

06-11-2024T06:34:44 - [TEST_STEP][PASSED] - tableB = Script1719551244403.NewDZO(x = tableB): null

06-11-2024T06:34:44 - [TEST_STEP][PASSED] - i3 = <not implemented yet for class: org.codehaus.groovy.ast.expr.EmptyExpression>: null

06-11-2024T06:34:44 - [TEST_STEP][PASSED] - i3 = x.indexOf("/") + 1: null

06-11-2024T06:34:44 - [TEST_STEP][PASSED] - x = x.substring(i3, x.length()): null

06-11-2024T06:34:44 - [TEST_STEP][PASSED] - return x: null

06-11-2024T06:34:44 - [TEST_STEP][PASSED] - tableB = Script1719551244403.NewDZO(x = tableB): null

06-11-2024T06:34:44 - [TEST_STEP][PASSED] - i3 = <not implemented yet for class: org.codehaus.groovy.ast.expr.EmptyExpression>: null

06-11-2024T06:34:44 - [TEST_STEP][PASSED] - i3 = x.indexOf("/") + 1: null

06-11-2024T06:34:44 - [TEST_STEP][PASSED] - x = x.substring(i3, x.length()): null

06-11-2024T06:34:44 - [TEST_STEP][PASSED] - return x: null

06-11-2024T06:34:44 - [TEST_STEP][PASSED] - tableB = Script1719551244403.NewDZO(x = tableB): null

06-11-2024T06:34:44 - [TEST_STEP][PASSED] - i3 = <not implemented yet for class: org.codehaus.groovy.ast.expr.EmptyExpression>: null

06-11-2024T06:34:44 - [TEST_STEP][PASSED] - i3 = x.indexOf("/") + 1: null

06-11-2024T06:34:44 - [TEST_STEP][PASSED] - x = x.substring(i3, x.length()): null

06-11-2024T06:34:44 - [TEST_STEP][PASSED] - return x: null

06-11-2024T06:34:44 - [TEST_STEP][PASSED] - i = tableB.indexOf("Сибирь"): null

06-11-2024T06:34:44 - [TEST_STEP][PASSED] - SZB = replaceAll("\p{P}", "").trim(): null

06-11-2024T06:34:44 - [TEST_STEP][PASSED] - println("SZB: " + SZB): null

06-11-2024T06:34:44 - [TEST_STEP][PASSED] - for ([i = 1, i < 8, (i++)]): null

06-11-2024T06:34:44 - [TEST_STEP][PASSED] - tableB = Script1719551244403.NewDZO(x = tableB): null

06-11-2024T06:34:44 - [TEST_STEP][PASSED] - i3 = <not implemented yet for class: org.codehaus.groovy.ast.expr.EmptyExpression>: null

06-11-2024T06:34:44 - [TEST_STEP][PASSED] - i3 = x.indexOf("/") + 1: null

06-11-2024T06:34:44 - [TEST_STEP][PASSED] - x = x.substring(i3, x.length()): null

06-11-2024T06:34:44 - [TEST_STEP][PASSED] - return x: null

06-11-2024T06:34:44 - [TEST_STEP][PASSED] - tableB = Script1719551244403.NewDZO(x = tableB): null

06-11-2024T06:34:44 - [TEST_STEP][PASSED] - i3 = <not implemented yet for class: org.codehaus.groovy.ast.expr.EmptyExpression>: null

06-11-2024T06:34:44 - [TEST_STEP][PASSED] - i3 = x.indexOf("/") + 1: null

06-11-2024T06:34:44 - [TEST_STEP][PASSED] - x = x.substring(i3, x.length()): null

06-11-2024T06:34:44 - [TEST_STEP][PASSED] - return x: null

06-11-2024T06:34:44 - [TEST_STEP][PASSED] - tableB = Script1719551244403.NewDZO(x = tableB): null

06-11-2024T06:34:44 - [TEST_STEP][PASSED] - i3 = <not implemented yet for class: org.codehaus.groovy.ast.expr.EmptyExpression>: null

06-11-2024T06:34:44 - [TEST_STEP][PASSED] - i3 = x.indexOf("/") + 1: null

06-11-2024T06:34:44 - [TEST_STEP][PASSED] - x = x.substring(i3, x.length()): null

06-11-2024T06:34:44 - [TEST_STEP][PASSED] - return x: null

06-11-2024T06:34:44 - [TEST_STEP][PASSED] - tableB = Script1719551244403.NewDZO(x = tableB): null

06-11-2024T06:34:44 - [TEST_STEP][PASSED] - i3 = <not implemented yet for class: org.codehaus.groovy.ast.expr.EmptyExpression>: null

06-11-2024T06:34:44 - [TEST_STEP][PASSED] - i3 = x.indexOf("/") + 1: null

06-11-2024T06:34:44 - [TEST_STEP][PASSED] - x = x.substring(i3, x.length()): null

06-11-2024T06:34:44 - [TEST_STEP][PASSED] - return x: null

06-11-2024T06:34:44 - [TEST_STEP][PASSED] - tableB = Script1719551244403.NewDZO(x = tableB): null

06-11-2024T06:34:44 - [TEST_STEP][PASSED] - i3 = <not implemented yet for class: org.codehaus.groovy.ast.expr.EmptyExpression>: null

06-11-2024T06:34:44 - [TEST_STEP][PASSED] - i3 = x.indexOf("/") + 1: null

06-11-2024T06:34:44 - [TEST_STEP][PASSED] - x = x.substring(i3, x.length()): null

06-11-2024T06:34:44 - [TEST_STEP][PASSED] - return x: null

06-11-2024T06:34:44 - [TEST_STEP][PASSED] - tableB = Script1719551244403.NewDZO(x = tableB): null

06-11-2024T06:34:44 - [TEST_STEP][PASSED] - i3 = <not implemented yet for class: org.codehaus.groovy.ast.expr.EmptyExpression>: null

06-11-2024T06:34:44 - [TEST_STEP][PASSED] - i3 = x.indexOf("/") + 1: null

06-11-2024T06:34:44 - [TEST_STEP][PASSED] - x = x.substring(i3, x.length()): null

06-11-2024T06:34:44 - [TEST_STEP][PASSED] - return x: null

06-11-2024T06:34:44 - [TEST_STEP][PASSED] - tableB = Script1719551244403.NewDZO(x = tableB): null

06-11-2024T06:34:44 - [TEST_STEP][PASSED] - i3 = <not implemented yet for class: org.codehaus.groovy.ast.expr.EmptyExpression>: null

06-11-2024T06:34:44 - [TEST_STEP][PASSED] - i3 = x.indexOf("/") + 1: null

06-11-2024T06:34:44 - [TEST_STEP][PASSED] - x = x.substring(i3, x.length()): null

06-11-2024T06:34:44 - [TEST_STEP][PASSED] - return x: null

06-11-2024T06:34:44 - [TEST_STEP][PASSED] - i = tableB.indexOf("Томск"): null

06-11-2024T06:34:44 - [TEST_STEP][PASSED] - SiB = replaceAll("\p{P}", "").trim(): null

06-11-2024T06:34:44 - [TEST_STEP][PASSED] - println("SiB: " + SiB): null

06-11-2024T06:34:44 - [TEST_STEP][PASSED] - for ([i = 1, i < 9, (i++)]): null

06-11-2024T06:34:44 - [TEST_STEP][PASSED] - tableB = Script1719551244403.NewDZO(x = tableB): null

06-11-2024T06:34:44 - [TEST_STEP][PASSED] - i3 = <not implemented yet for class: org.codehaus.groovy.ast.expr.EmptyExpression>: null

06-11-2024T06:34:44 - [TEST_STEP][PASSED] - i3 = x.indexOf("/") + 1: null

06-11-2024T06:34:44 - [TEST_STEP][PASSED] - x = x.substring(i3, x.length()): null

06-11-2024T06:34:44 - [TEST_STEP][PASSED] - return x: null

06-11-2024T06:34:44 - [TEST_STEP][PASSED] - tableB = Script1719551244403.NewDZO(x = tableB): null

06-11-2024T06:34:44 - [TEST_STEP][PASSED] - i3 = <not implemented yet for class: org.codehaus.groovy.ast.expr.EmptyExpression>: null

06-11-2024T06:34:44 - [TEST_STEP][PASSED] - i3 = x.indexOf("/") + 1: null

06-11-2024T06:34:44 - [TEST_STEP][PASSED] - x = x.substring(i3, x.length()): null

06-11-2024T06:34:44 - [TEST_STEP][PASSED] - return x: null

06-11-2024T06:34:44 - [TEST_STEP][PASSED] - tableB = Script1719551244403.NewDZO(x = tableB): null

06-11-2024T06:34:44 - [TEST_STEP][PASSED] - i3 = <not implemented yet for class: org.codehaus.groovy.ast.expr.EmptyExpression>: null

06-11-2024T06:34:44 - [TEST_STEP][PASSED] - i3 = x.indexOf("/") + 1: null

06-11-2024T06:34:44 - [TEST_STEP][PASSED] - x = x.substring(i3, x.length()): null

06-11-2024T06:34:44 - [TEST_STEP][PASSED] - return x: null

06-11-2024T06:34:44 - [TEST_STEP][PASSED] - tableB = Script1719551244403.NewDZO(x = tableB): null

06-11-2024T06:34:44 - [TEST_STEP][PASSED] - i3 = <not implemented yet for class: org.codehaus.groovy.ast.expr.EmptyExpression>: null

06-11-2024T06:34:44 - [TEST_STEP][PASSED] - i3 = x.indexOf("/") + 1: null

06-11-2024T06:34:44 - [TEST_STEP][PASSED] - x = x.substring(i3, x.length()): null

06-11-2024T06:34:44 - [TEST_STEP][PASSED] - return x: null

06-11-2024T06:34:44 - [TEST_STEP][PASSED] - tableB = Script1719551244403.NewDZO(x = tableB): null

06-11-2024T06:34:44 - [TEST_STEP][PASSED] - i3 = <not implemented yet for class: org.codehaus.groovy.ast.expr.EmptyExpression>: null

06-11-2024T06:34:44 - [TEST_STEP][PASSED] - i3 = x.indexOf("/") + 1: null

06-11-2024T06:34:44 - [TEST_STEP][PASSED] - x = x.substring(i3, x.length()): null

06-11-2024T06:34:44 - [TEST_STEP][PASSED] - return x: null

06-11-2024T06:34:44 - [TEST_STEP][PASSED] - tableB = Script1719551244403.NewDZO(x = tableB): null

06-11-2024T06:34:44 - [TEST_STEP][PASSED] - i3 = <not implemented yet for class: org.codehaus.groovy.ast.expr.EmptyExpression>: null

06-11-2024T06:34:44 - [TEST_STEP][PASSED] - i3 = x.indexOf("/") + 1: null

06-11-2024T06:34:44 - [TEST_STEP][PASSED] - x = x.substring(i3, x.length()): null

06-11-2024T06:34:44 - [TEST_STEP][PASSED] - return x: null

06-11-2024T06:34:44 - [TEST_STEP][PASSED] - tableB = Script1719551244403.NewDZO(x = tableB): null

06-11-2024T06:34:44 - [TEST_STEP][PASSED] - i3 = <not implemented yet for class: org.codehaus.groovy.ast.expr.EmptyExpression>: null

06-11-2024T06:34:44 - [TEST_STEP][PASSED] - i3 = x.indexOf("/") + 1: null

06-11-2024T06:34:44 - [TEST_STEP][PASSED] - x = x.substring(i3, x.length()): null

06-11-2024T06:34:44 - [TEST_STEP][PASSED] - return x: null

06-11-2024T06:34:44 - [TEST_STEP][PASSED] - tableB = Script1719551244403.NewDZO(x = tableB): null

06-11-2024T06:34:44 - [TEST_STEP][PASSED] - i3 = <not implemented yet for class: org.codehaus.groovy.ast.expr.EmptyExpression>: null

06-11-2024T06:34:44 - [TEST_STEP][PASSED] - i3 = x.indexOf("/") + 1: null

06-11-2024T06:34:44 - [TEST_STEP][PASSED] - x = x.substring(i3, x.length()): null

06-11-2024T06:34:44 - [TEST_STEP][PASSED] - return x: null

06-11-2024T06:34:44 - [TEST_STEP][PASSED] - i = tableB.indexOf("Тюмень"): null

06-11-2024T06:34:44 - [TEST_STEP][PASSED] - ToB = replaceAll("\p{P}", "").trim(): null

06-11-2024T06:34:44 - [TEST_STEP][PASSED] - println("ToB: " + ToB): null

06-11-2024T06:34:44 - [TEST_STEP][PASSED] - tableB = Script1719551244403.NewDZO(x = tableB): null

06-11-2024T06:34:44 - [TEST_STEP][PASSED] - i3 = <not implemented yet for class: org.codehaus.groovy.ast.expr.EmptyExpression>: null

06-11-2024T06:34:44 - [TEST_STEP][PASSED] - i3 = x.indexOf("/") + 1: null

06-11-2024T06:34:44 - [TEST_STEP][PASSED] - x = x.substring(i3, x.length()): null

06-11-2024T06:34:44 - [TEST_STEP][PASSED] - return x: null

06-11-2024T06:34:44 - [TEST_STEP][PASSED] - TyuB = replaceAll("\p{P}", "").trim(): null

06-11-2024T06:34:44 - [TEST_STEP][PASSED] - println("TyuB: " + TyuB): null

06-11-2024T06:34:44 - [TEST_STEP][PASSED] - tableB = Script1719551244403.NewDZO(x = tableB): null

06-11-2024T06:34:44 - [TEST_STEP][PASSED] - i3 = <not implemented yet for class: org.codehaus.groovy.ast.expr.EmptyExpression>: null

06-11-2024T06:34:44 - [TEST_STEP][PASSED] - i3 = x.indexOf("/") + 1: null

06-11-2024T06:34:44 - [TEST_STEP][PASSED] - x = x.substring(i3, x.length()): null

06-11-2024T06:34:44 - [TEST_STEP][PASSED] - return x: null

06-11-2024T06:34:44 - [TEST_STEP][PASSED] - i = tableB.indexOf("ЕЭС"): null

06-11-2024T06:34:44 - [TEST_STEP][PASSED] - UrB = replaceAll("\p{P}", "").trim(): null

06-11-2024T06:34:44 - [TEST_STEP][PASSED] - println("UrB: " + UrB): null

06-11-2024T06:34:44 - [TEST_STEP][PASSED] - for ([i = 1, i < 4, (i++)]): null

06-11-2024T06:34:44 - [TEST_STEP][PASSED] - tableB = Script1719551244403.NewDZO(x = tableB): null

06-11-2024T06:34:44 - [TEST_STEP][PASSED] - i3 = <not implemented yet for class: org.codehaus.groovy.ast.expr.EmptyExpression>: null

06-11-2024T06:34:44 - [TEST_STEP][PASSED] - i3 = x.indexOf("/") + 1: null

06-11-2024T06:34:44 - [TEST_STEP][PASSED] - x = x.substring(i3, x.length()): null

06-11-2024T06:34:44 - [TEST_STEP][PASSED] - return x: null

06-11-2024T06:34:44 - [TEST_STEP][PASSED] - tableB = Script1719551244403.NewDZO(x = tableB): null

06-11-2024T06:34:44 - [TEST_STEP][PASSED] - i3 = <not implemented yet for class: org.codehaus.groovy.ast.expr.EmptyExpression>: null

06-11-2024T06:34:44 - [TEST_STEP][PASSED] - i3 = x.indexOf("/") + 1: null

06-11-2024T06:34:44 - [TEST_STEP][PASSED] - x = x.substring(i3, x.length()): null

06-11-2024T06:34:44 - [TEST_STEP][PASSED] - return x: null

06-11-2024T06:34:44 - [TEST_STEP][PASSED] - tableB = Script1719551244403.NewDZO(x = tableB): null

06-11-2024T06:34:44 - [TEST_STEP][PASSED] - i3 = <not implemented yet for class: org.codehaus.groovy.ast.expr.EmptyExpression>: null

06-11-2024T06:34:44 - [TEST_STEP][PASSED] - i3 = x.indexOf("/") + 1: null

06-11-2024T06:34:44 - [TEST_STEP][PASSED] - x = x.substring(i3, x.length()): null

06-11-2024T06:34:44 - [TEST_STEP][PASSED] - return x: null

06-11-2024T06:34:44 - [TEST_STEP][PASSED] - i = tableB.indexOf("Центр"): null

06-11-2024T06:34:44 - [TEST_STEP][PASSED] - FSKB = replaceAll("\p{P}", "").trim(): null

06-11-2024T06:34:44 - [TEST_STEP][PASSED] - println("FSKB: " + FSKB): null

06-11-2024T06:34:44 - [TEST_STEP][PASSED] - tableB = Script1719551244403.NewDZO(x = tableB): null

06-11-2024T06:34:44 - [TEST_STEP][PASSED] - i3 = <not implemented yet for class: org.codehaus.groovy.ast.expr.EmptyExpression>: null

06-11-2024T06:34:44 - [TEST_STEP][PASSED] - i3 = x.indexOf("/") + 1: null

06-11-2024T06:34:44 - [TEST_STEP][PASSED] - x = x.substring(i3, x.length()): null

06-11-2024T06:34:44 - [TEST_STEP][PASSED] - return x: null

06-11-2024T06:34:44 - [TEST_STEP][PASSED] - i = tableB.indexOf("Приволжье"): null

06-11-2024T06:34:44 - [TEST_STEP][PASSED] - CenB = replaceAll("\p{P}", "").trim(): null

06-11-2024T06:34:44 - [TEST_STEP][PASSED] - println("CenB: " + CenB): null

06-11-2024T06:34:44 - [TEST_STEP][PASSED] - for ([i = 1, i < 12, (i++)]): null

06-11-2024T06:34:44 - [TEST_STEP][PASSED] - tableB = Script1719551244403.NewDZO(x = tableB): null

06-11-2024T06:34:44 - [TEST_STEP][PASSED] - i3 = <not implemented yet for class: org.codehaus.groovy.ast.expr.EmptyExpression>: null

06-11-2024T06:34:44 - [TEST_STEP][PASSED] - i3 = x.indexOf("/") + 1: null

06-11-2024T06:34:44 - [TEST_STEP][PASSED] - x = x.substring(i3, x.length()): null

06-11-2024T06:34:44 - [TEST_STEP][PASSED] - return x: null

06-11-2024T06:34:44 - [TEST_STEP][PASSED] - tableB = Script1719551244403.NewDZO(x = tableB): null

06-11-2024T06:34:44 - [TEST_STEP][PASSED] - i3 = <not implemented yet for class: org.codehaus.groovy.ast.expr.EmptyExpression>: null

06-11-2024T06:34:44 - [TEST_STEP][PASSED] - i3 = x.indexOf("/") + 1: null

06-11-2024T06:34:44 - [TEST_STEP][PASSED] - x = x.substring(i3, x.length()): null

06-11-2024T06:34:44 - [TEST_STEP][PASSED] - return x: null

06-11-2024T06:34:44 - [TEST_STEP][PASSED] - tableB = Script1719551244403.NewDZO(x = tableB): null

06-11-2024T06:34:44 - [TEST_STEP][PASSED] - i3 = <not implemented yet for class: org.codehaus.groovy.ast.expr.EmptyExpression>: null

06-11-2024T06:34:44 - [TEST_STEP][PASSED] - i3 = x.indexOf("/") + 1: null

06-11-2024T06:34:44 - [TEST_STEP][PASSED] - x = x.substring(i3, x.length()): null

06-11-2024T06:34:44 - [TEST_STEP][PASSED] - return x: null

06-11-2024T06:34:44 - [TEST_STEP][PASSED] - tableB = Script1719551244403.NewDZO(x = tableB): null

06-11-2024T06:34:44 - [TEST_STEP][PASSED] - i3 = <not implemented yet for class: org.codehaus.groovy.ast.expr.EmptyExpression>: null

06-11-2024T06:34:44 - [TEST_STEP][PASSED] - i3 = x.indexOf("/") + 1: null

06-11-2024T06:34:44 - [TEST_STEP][PASSED] - x = x.substring(i3, x.length()): null

06-11-2024T06:34:44 - [TEST_STEP][PASSED] - return x: null

06-11-2024T06:34:44 - [TEST_STEP][PASSED] - tableB = Script1719551244403.NewDZO(x = tableB): null

06-11-2024T06:34:44 - [TEST_STEP][PASSED] - i3 = <not implemented yet for class: org.codehaus.groovy.ast.expr.EmptyExpression>: null

06-11-2024T06:34:44 - [TEST_STEP][PASSED] - i3 = x.indexOf("/") + 1: null

06-11-2024T06:34:44 - [TEST_STEP][PASSED] - x = x.substring(i3, x.length()): null

06-11-2024T06:34:44 - [TEST_STEP][PASSED] - return x: null

06-11-2024T06:34:44 - [TEST_STEP][PASSED] - tableB = Script1719551244403.NewDZO(x = tableB): null

06-11-2024T06:34:44 - [TEST_STEP][PASSED] - i3 = <not implemented yet for class: org.codehaus.groovy.ast.expr.EmptyExpression>: null

06-11-2024T06:34:44 - [TEST_STEP][PASSED] - i3 = x.indexOf("/") + 1: null

06-11-2024T06:34:44 - [TEST_STEP][PASSED] - x = x.substring(i3, x.length()): null

06-11-2024T06:34:44 - [TEST_STEP][PASSED] - return x: null

06-11-2024T06:34:44 - [TEST_STEP][PASSED] - tableB = Script1719551244403.NewDZO(x = tableB): null

06-11-2024T06:34:44 - [TEST_STEP][PASSED] - i3 = <not implemented yet for class: org.codehaus.groovy.ast.expr.EmptyExpression>: null

06-11-2024T06:34:44 - [TEST_STEP][PASSED] - i3 = x.indexOf("/") + 1: null

06-11-2024T06:34:44 - [TEST_STEP][PASSED] - x = x.substring(i3, x.length()): null

06-11-2024T06:34:44 - [TEST_STEP][PASSED] - return x: null

06-11-2024T06:34:44 - [TEST_STEP][PASSED] - tableB = Script1719551244403.NewDZO(x = tableB): null

06-11-2024T06:34:44 - [TEST_STEP][PASSED] - i3 = <not implemented yet for class: org.codehaus.groovy.ast.expr.EmptyExpression>: null

06-11-2024T06:34:44 - [TEST_STEP][PASSED] - i3 = x.indexOf("/") + 1: null

06-11-2024T06:34:44 - [TEST_STEP][PASSED] - x = x.substring(i3, x.length()): null

06-11-2024T06:34:44 - [TEST_STEP][PASSED] - return x: null

06-11-2024T06:34:44 - [TEST_STEP][PASSED] - tableB = Script1719551244403.NewDZO(x = tableB): null

06-11-2024T06:34:44 - [TEST_STEP][PASSED] - i3 = <not implemented yet for class: org.codehaus.groovy.ast.expr.EmptyExpression>: null

06-11-2024T06:34:44 - [TEST_STEP][PASSED] - i3 = x.indexOf("/") + 1: null

06-11-2024T06:34:44 - [TEST_STEP][PASSED] - x = x.substring(i3, x.length()): null

06-11-2024T06:34:44 - [TEST_STEP][PASSED] - return x: null

06-11-2024T06:34:44 - [TEST_STEP][PASSED] - tableB = Script1719551244403.NewDZO(x = tableB): null

06-11-2024T06:34:44 - [TEST_STEP][PASSED] - i3 = <not implemented yet for class: org.codehaus.groovy.ast.expr.EmptyExpression>: null

06-11-2024T06:34:44 - [TEST_STEP][PASSED] - i3 = x.indexOf("/") + 1: null

06-11-2024T06:34:44 - [TEST_STEP][PASSED] - x = x.substring(i3, x.length()): null

06-11-2024T06:34:44 - [TEST_STEP][PASSED] - return x: null

06-11-2024T06:34:44 - [TEST_STEP][PASSED] - tableB = Script1719551244403.NewDZO(x = tableB): null

06-11-2024T06:34:44 - [TEST_STEP][PASSED] - i3 = <not implemented yet for class: org.codehaus.groovy.ast.expr.EmptyExpression>: null

06-11-2024T06:34:44 - [TEST_STEP][PASSED] - i3 = x.indexOf("/") + 1: null

06-11-2024T06:34:44 - [TEST_STEP][PASSED] - x = x.substring(i3, x.length()): null

06-11-2024T06:34:44 - [TEST_STEP][PASSED] - return x: null

06-11-2024T06:34:44 - [TEST_STEP][PASSED] - i = tableB.indexOf("Юг"): null

06-11-2024T06:34:44 - [TEST_STEP][PASSED] - CiPB = replaceAll("\p{P}", "").trim(): null

06-11-2024T06:34:44 - [TEST_STEP][PASSED] - println("CiPB: " + CiPB): null

06-11-2024T06:34:44 - [TEST_STEP][PASSED] - for ([i = 1, i < 10, (i++)]): null

06-11-2024T06:34:44 - [TEST_STEP][PASSED] - tableB = Script1719551244403.NewDZO(x = tableB): null

06-11-2024T06:34:44 - [TEST_STEP][PASSED] - i3 = <not implemented yet for class: org.codehaus.groovy.ast.expr.EmptyExpression>: null

06-11-2024T06:34:44 - [TEST_STEP][PASSED] - i3 = x.indexOf("/") + 1: null

06-11-2024T06:34:44 - [TEST_STEP][PASSED] - x = x.substring(i3, x.length()): null

06-11-2024T06:34:44 - [TEST_STEP][PASSED] - return x: null

06-11-2024T06:34:44 - [TEST_STEP][PASSED] - tableB = Script1719551244403.NewDZO(x = tableB): null

06-11-2024T06:34:44 - [TEST_STEP][PASSED] - i3 = <not implemented yet for class: org.codehaus.groovy.ast.expr.EmptyExpression>: null

06-11-2024T06:34:44 - [TEST_STEP][PASSED] - i3 = x.indexOf("/") + 1: null

06-11-2024T06:34:44 - [TEST_STEP][PASSED] - x = x.substring(i3, x.length()): null

06-11-2024T06:34:44 - [TEST_STEP][PASSED] - return x: null

06-11-2024T06:34:44 - [TEST_STEP][PASSED] - tableB = Script1719551244403.NewDZO(x = tableB): null

06-11-2024T06:34:44 - [TEST_STEP][PASSED] - i3 = <not implemented yet for class: org.codehaus.groovy.ast.expr.EmptyExpression>: null

06-11-2024T06:34:44 - [TEST_STEP][PASSED] - i3 = x.indexOf("/") + 1: null

06-11-2024T06:34:44 - [TEST_STEP][PASSED] - x = x.substring(i3, x.length()): null

06-11-2024T06:34:44 - [TEST_STEP][PASSED] - return x: null

06-11-2024T06:34:44 - [TEST_STEP][PASSED] - tableB = Script1719551244403.NewDZO(x = tableB): null

06-11-2024T06:34:44 - [TEST_STEP][PASSED] - i3 = <not implemented yet for class: org.codehaus.groovy.ast.expr.EmptyExpression>: null

06-11-2024T06:34:44 - [TEST_STEP][PASSED] - i3 = x.indexOf("/") + 1: null

06-11-2024T06:34:44 - [TEST_STEP][PASSED] - x = x.substring(i3, x.length()): null

06-11-2024T06:34:44 - [TEST_STEP][PASSED] - return x: null

06-11-2024T06:34:44 - [TEST_STEP][PASSED] - tableB = Script1719551244403.NewDZO(x = tableB): null

06-11-2024T06:34:44 - [TEST_STEP][PASSED] - i3 = <not implemented yet for class: org.codehaus.groovy.ast.expr.EmptyExpression>: null

06-11-2024T06:34:44 - [TEST_STEP][PASSED] - i3 = x.indexOf("/") + 1: null

06-11-2024T06:34:44 - [TEST_STEP][PASSED] - x = x.substring(i3, x.length()): null

06-11-2024T06:34:44 - [TEST_STEP][PASSED] - return x: null

06-11-2024T06:34:44 - [TEST_STEP][PASSED] - tableB = Script1719551244403.NewDZO(x = tableB): null

06-11-2024T06:34:44 - [TEST_STEP][PASSED] - i3 = <not implemented yet for class: org.codehaus.groovy.ast.expr.EmptyExpression>: null

06-11-2024T06:34:44 - [TEST_STEP][PASSED] - i3 = x.indexOf("/") + 1: null

06-11-2024T06:34:44 - [TEST_STEP][PASSED] - x = x.substring(i3, x.length()): null

06-11-2024T06:34:44 - [TEST_STEP][PASSED] - return x: null

06-11-2024T06:34:44 - [TEST_STEP][PASSED] - tableB = Script1719551244403.NewDZO(x = tableB): null

06-11-2024T06:34:44 - [TEST_STEP][PASSED] - i3 = <not implemented yet for class: org.codehaus.groovy.ast.expr.EmptyExpression>: null

06-11-2024T06:34:44 - [TEST_STEP][PASSED] - i3 = x.indexOf("/") + 1: null

06-11-2024T06:34:44 - [TEST_STEP][PASSED] - x = x.substring(i3, x.length()): null

06-11-2024T06:34:44 - [TEST_STEP][PASSED] - return x: null

06-11-2024T06:34:44 - [TEST_STEP][PASSED] - tableB = Script1719551244403.NewDZO(x = tableB): null

06-11-2024T06:34:44 - [TEST_STEP][PASSED] - i3 = <not implemented yet for class: org.codehaus.groovy.ast.expr.EmptyExpression>: null

06-11-2024T06:34:44 - [TEST_STEP][PASSED] - i3 = x.indexOf("/") + 1: null

06-11-2024T06:34:44 - [TEST_STEP][PASSED] - x = x.substring(i3, x.length()): null

06-11-2024T06:34:44 - [TEST_STEP][PASSED] - return x: null

06-11-2024T06:34:44 - [TEST_STEP][PASSED] - tableB = Script1719551244403.NewDZO(x = tableB): null

06-11-2024T06:34:44 - [TEST_STEP][PASSED] - i3 = <not implemented yet for class: org.codehaus.groovy.ast.expr.EmptyExpression>: null

06-11-2024T06:34:44 - [TEST_STEP][PASSED] - i3 = x.indexOf("/") + 1: null

06-11-2024T06:34:44 - [TEST_STEP][PASSED] - x = x.substring(i3, x.length()): null

06-11-2024T06:34:44 - [TEST_STEP][PASSED] - return x: null

06-11-2024T06:34:44 - [TEST_STEP][PASSED] - i = tableB.indexOf("Янтарь"): null

06-11-2024T06:34:44 - [TEST_STEP][PASSED] - UgB = replaceAll("\p{P}", "").trim(): null

06-11-2024T06:34:44 - [TEST_STEP][PASSED] - println("UgB: " + UgB): null

06-11-2024T06:34:44 - [TEST_STEP][PASSED] - i = tableB.lastIndexOf("/"): null

06-11-2024T06:34:44 - [TEST_STEP][PASSED] - YaB = replaceAll("\p{P}", "").trim(): null

06-11-2024T06:34:44 - [TEST_STEP][PASSED] - println("YaB: " + YaB): null

06-11-2024T06:34:44 - [TEST_STEP][PASSED] - vidget = "Отклонения выручки по факторам": null

06-11-2024T06:34:44 - [TEST_STEP][PASSED] - if (run == 2): null

06-11-2024T06:34:44 - [TEST_STEP][PASSED] - Script1719551244403.Test(run, todaysDate, typeOfData, otobrajeniyeDannyh, x, y, vidget, DZO): null

06-11-2024T06:34:44 - [TEST_STEP][PASSED] - navigateToUrl(findTestData("PlanFact").getValue(10, 3)): Navigate to 'https://bi.rosseti.digital/viewer?dashboardGuid=2301950b23be4ed89c1df75f2020051e&sheetGuid=ccd7d7486b3d4e6fa0ee9b1eaebed46c&fit=true' successfully

06-11-2024T06:34:45 - [MESSAGE][PASSED] - Navigate to 'https://bi.rosseti.digital/viewer?dashboardGuid=2301950b23be4ed89c1df75f2020051e&sheetGuid=ccd7d7486b3d4e6fa0ee9b1eaebed46c&fit=true' successfully

06-11-2024T06:34:45 - [TEST_STEP][PASSED] - Script1719551244403.Autorization(run): null

06-11-2024T06:34:45 - [TEST_STEP][PASSED] - delay(10): Delayed 10 second(s)

06-11-2024T06:34:55 - [MESSAGE][PASSED] - Delayed 10 second(s)

06-11-2024T06:34:55 - [TEST_STEP][PASSED] - if (run == 1): null

06-11-2024T06:34:55 - [TEST_STEP][PASSED] - i = <not implemented yet for class: org.codehaus.groovy.ast.expr.EmptyExpression>: null

06-11-2024T06:34:55 - [TEST_STEP][PASSED] - ii = <not implemented yet for class: org.codehaus.groovy.ast.expr.EmptyExpression>: null

06-11-2024T06:34:55 - [TEST_STEP][PASSED] - a = <not implemented yet for class: org.codehaus.groovy.ast.expr.EmptyExpression>: null

06-11-2024T06:34:55 - [TEST_STEP][PASSED] - a1 = <not implemented yet for class: org.codehaus.groovy.ast.expr.EmptyExpression>: null

06-11-2024T06:34:55 - [TEST_STEP][PASSED] - a2 = <not implemented yet for class: org.codehaus.groovy.ast.expr.EmptyExpression>: null

06-11-2024T06:34:55 - [TEST_STEP][PASSED] - click(findTestObject("Факторный анализ/Фильтр Период")): Object: 'Object Repository/Факторный анализ/Фильтр Период' is clicked on

06-11-2024T06:35:04 - [MESSAGE][PASSED] - Object: 'Object Repository/Факторный анализ/Фильтр Период' is clicked on

06-11-2024T06:35:04 - [TEST_STEP][PASSED] - click(findTestObject("Факторный анализ/Снять выделение в фильтре Дата")): Object: 'Object Repository/Факторный анализ/Снять выделение в фильтре Дата' is clicked on

06-11-2024T06:35:04 - [MESSAGE][PASSED] - Object: 'Object Repository/Факторный анализ/Снять выделение в фильтре Дата' is clicked on

06-11-2024T06:35:04 - [TEST_STEP][PASSED] - click(findTestObject("Факторный анализ/Применить в фильтре Дата")): Object: 'Object Repository/Факторный анализ/Применить в фильтре Дата' is clicked on

06-11-2024T06:35:05 - [MESSAGE][PASSED] - Object: 'Object Repository/Факторный анализ/Применить в фильтре Дата' is clicked on

06-11-2024T06:35:05 - [TEST_STEP][PASSED] - delay(10): Delayed 10 second(s)

06-11-2024T06:35:15 - [MESSAGE][PASSED] - Delayed 10 second(s)

06-11-2024T06:35:15 - [TEST_STEP][PASSED] - click(findTestObject("Факторный анализ/Фильтр Период")): Object: 'Object Repository/Факторный анализ/Фильтр Период' is clicked on

06-11-2024T06:35:15 - [MESSAGE][PASSED] - Object: 'Object Repository/Факторный анализ/Фильтр Период' is clicked on

06-11-2024T06:35:15 - [TEST_STEP][PASSED] - click(findTestObject("Факторный анализ/Снять выделение в фильтре Дата")): Object: 'Object Repository/Факторный анализ/Снять выделение в фильтре Дата' is clicked on

06-11-2024T06:35:15 - [MESSAGE][PASSED] - Object: 'Object Repository/Факторный анализ/Снять выделение в фильтре Дата' is clicked on

06-11-2024T06:35:15 - [TEST_STEP][PASSED] - scrollToElement(findTestObject("Факторный анализ/2024 список"), 30): Scroll to object 'Object Repository/Факторный анализ/2024 список' successfully

06-11-2024T06:35:16 - [MESSAGE][PASSED] - Scroll to object 'Object Repository/Факторный анализ/2024 список' successfully

06-11-2024T06:35:16 - [TEST_STEP][PASSED] - click(findTestObject("Факторный анализ/2024 список")): Object: 'Object Repository/Факторный анализ/2024 список' is clicked on

06-11-2024T06:35:16 - [MESSAGE][PASSED] - Object: 'Object Repository/Факторный анализ/2024 список' is clicked on

06-11-2024T06:35:16 - [TEST_STEP][PASSED] - scrollToElement(findTestObject("Факторный анализ/1 квартал 2024 выбрать"), 30): Scroll to object 'Object Repository/Факторный анализ/1 квартал 2024 выбрать' successfully

06-11-2024T06:35:17 - [MESSAGE][PASSED] - Scroll to object 'Object Repository/Факторный анализ/1 квартал 2024 выбрать' successfully

06-11-2024T06:35:17 - [TEST_STEP][PASSED] - click(findTestObject("Факторный анализ/1 квартал 2024 выбрать")): Object: 'Object Repository/Факторный анализ/1 квартал 2024 выбрать' is clicked on

06-11-2024T06:35:17 - [MESSAGE][PASSED] - Object: 'Object Repository/Факторный анализ/1 квартал 2024 выбрать' is clicked on

06-11-2024T06:35:17 - [TEST_STEP][PASSED] - scrollToElement(findTestObject("Факторный анализ/1 квартал 2024 выбрать"), 30): Scroll to object 'Object Repository/Факторный анализ/1 квартал 2024 выбрать' successfully

06-11-2024T06:35:17 - [MESSAGE][PASSED] - Scroll to object 'Object Repository/Факторный анализ/1 квартал 2024 выбрать' successfully

06-11-2024T06:35:17 - [TEST_STEP][PASSED] - click(findTestObject("Факторный анализ/2 квартал 2024 выбрать"), CONTINUE_ON_FAILURE): Object: 'Object Repository/Факторный анализ/2 квартал 2024 выбрать' is clicked on

06-11-2024T06:35:18 - [MESSAGE][PASSED] - Object: 'Object Repository/Факторный анализ/2 квартал 2024 выбрать' is clicked on

06-11-2024T06:35:18 - [TEST_STEP][PASSED] - click(findTestObject("Факторный анализ/3 квартал 2024 выбрать"), CONTINUE_ON_FAILURE): Object: 'Object Repository/Факторный анализ/3 квартал 2024 выбрать' is clicked on

06-11-2024T06:35:18 - [MESSAGE][PASSED] - Object: 'Object Repository/Факторный анализ/3 квартал 2024 выбрать' is clicked on

06-11-2024T06:35:18 - [TEST_STEP][PASSED] - scrollToElement(findTestObject("Факторный анализ/Заголовок дашборда"), 30): Scroll to object 'Object Repository/Факторный анализ/Заголовок дашборда' successfully

06-11-2024T06:35:19 - [MESSAGE][PASSED] - Scroll to object 'Object Repository/Факторный анализ/Заголовок дашборда' successfully

06-11-2024T06:35:19 - [TEST_STEP][PASSED] - click(findTestObject("Факторный анализ/Применить в фильтре Дата")): Object: 'Object Repository/Факторный анализ/Применить в фильтре Дата' is clicked on

06-11-2024T06:35:19 - [MESSAGE][PASSED] - Object: 'Object Repository/Факторный анализ/Применить в фильтре Дата' is clicked on

06-11-2024T06:35:19 - [TEST_STEP][PASSED] - if (run == 1): null

06-11-2024T06:35:19 - [TEST_STEP][PASSED] - else: null

06-11-2024T06:35:19 - [TEST_STEP][PASSED] - click(findTestObject("Факторный анализ/Переключить отображение с филиала на месяц")): Object: 'Object Repository/Факторный анализ/Переключить отображение с филиала на месяц' is clicked on

06-11-2024T06:35:21 - [MESSAGE][PASSED] - Object: 'Object Repository/Факторный анализ/Переключить отображение с филиала на месяц' is clicked on

06-11-2024T06:35:21 - [TEST_STEP][PASSED] - a1 = replaceAll("\s+", "").trim(): Text of object 'Object Repository/Факторный анализ/span1 Блок руководителя' is: '-383 585'

06-11-2024T06:35:21 - [MESSAGE][PASSED] - Text of object 'Object Repository/Факторный анализ/span1 Блок руководителя' is: '-383 585'

06-11-2024T06:35:21 - [TEST_STEP][PASSED] - a2 = replaceAll("\s+", "").trim(): Text of object 'Object Repository/Факторный анализ/span2 Блок руководителя' is: '17 144'

06-11-2024T06:35:22 - [MESSAGE][PASSED] - Text of object 'Object Repository/Факторный анализ/span2 Блок руководителя' is: '17 144'

06-11-2024T06:35:22 - [TEST_STEP][PASSED] - println("a1: " + a1): null

06-11-2024T06:35:22 - [TEST_STEP][PASSED] - println("a2: " + a2): null

06-11-2024T06:35:22 - [TEST_STEP][PASSED] - tableA = getText(findTestObject("Факторный анализ/AllTable1")).replaceAll("[\r?
|
]", "/"): Text of object 'Object Repository/Факторный анализ/AllTable1' is: 'ДЗО
Филиал
Отклонение (объём услуг)
Отклонение (средний тариф)
АО «Тываэнерго» АО "Тываэнерго" 276 -37
АО «Чеченэнерго» АО «Чеченэнерго» -3 339 14
Россети Волга Мордовэнерго -2 825 -86
Оренбургэнерго -11 247 - 162
Пензаэнерго -6 748 -72
Самарские РС -13 058 -1 024
Саратовские РС -13 303 - 443
Ульяновские РС -4 845 - 201
Чувашэнерго -4 186 126
Россети Кубань Кубаньэнерго -53 529 241
Россети Ленэнерго (ГК) Ленинградская область -29 499 598
г. Санкт-Петербург -41 171 -39
Россети Московский регион Московская область 4 566 - 535
г. Москва 2 812 57
Россети Северный Кавказ (ГК) Дагестанская энергосбытовая компания - 111 69
Дагэнерго -6 378 480
Ингушэнерго -1 440 100
Каббалкэнерго -2 677 26
Карачаево-Черкесскэнерго -1 725 -9
Севкавказэнерго -3 016 125
Ставропольэнерго -8 347 - 222
Россети Северо-Запад Архангельский филиал 63 -80
Вологодский филиал 229 -6
Карельский филиал -21 160
Мурманский филиал 102 64
Новгородский филиал 207 -40
Псковский филиал 146 -18
филиал в Республике Коми 10 23
Россети Сибирь (ГК) Алтайэнерго 275 275
Бурятэнерго -95 298
ГАЭС 114 -15
Красноярскэнерго 1 087 - 413
Кузбассэнерго-РЭС 329 205
Омскэнерго 127 - 112
Хакасэнерго 327 - 363
Читаэнерго -44 120
Россети Томск Томская распределительная компания -6 624 - 125
Россети Тюмень Россети Тюмень -65 636 - 459
Россети Урал (ГК) Пермэнерго 594 - 218
Свердловэнерго 805 233
Челябэнерго 973 - 671
Россети ФСК ЕЭС Итого по ФСК ЕЭС -16 312 -8 781
Россети Центр Белгородэнерго 299 111
Брянскэнерго -4 489 32
Воронежэнерго -12 187 182
Костромаэнерго 83 2
Курскэнерго -2 381 132
Липецкэнерго 731 - 322
Орелэнерго -3 553 -22
Смоленскэнерго -6 765 35
Тамбовэнерго -5 262 -4
Тверьэнерго 319 127
Ярэнерго -6 307 31
Россети Центр и Приволжье (ГК) Владимирэнерго 517 49
Ивэнерго 169 40
Калугаэнерго 558 -42
Кировэнерго 403 0
Мариэнерго 144 19
Нижновэнерго 658 231
Рязаньэнерго 259 47
Тулэнерго 733 - 209
Удмуртэнерго 294 3
Россети Юг (ГК) АО «ВМЭС» -3 370 41
Астраханьэнерго -5 158 90
Волгоградэнерго -8 953 - 310
Калмэнерго -1 477 -5
Ростовэнерго -18 198 44
Россети Янтарь Россети Янтарь 305 -28'

06-11-2024T06:35:22 - [MESSAGE][PASSED] - Text of object 'Object Repository/Факторный анализ/AllTable1' is: 'ДЗО
Филиал
Отклонение (объём услуг)
Отклонение (средний тариф)
АО «Тываэнерго» АО "Тываэнерго" 276 -37
АО «Чеченэнерго» АО «Чеченэнерго» -3 339 14
Россети Волга Мордовэнерго -2 825 -86
Оренбургэнерго -11 247 - 162
Пензаэнерго -6 748 -72
Самарские РС -13 058 -1 024
Саратовские РС -13 303 - 443
Ульяновские РС -4 845 - 201
Чувашэнерго -4 186 126
Россети Кубань Кубаньэнерго -53 529 241
Россети Ленэнерго (ГК) Ленинградская область -29 499 598
г. Санкт-Петербург -41 171 -39
Россети Московский регион Московская область 4 566 - 535
г. Москва 2 812 57
Россети Северный Кавказ (ГК) Дагестанская энергосбытовая компания - 111 69
Дагэнерго -6 378 480
Ингушэнерго -1 440 100
Каббалкэнерго -2 677 26
Карачаево-Черкесскэнерго -1 725 -9
Севкавказэнерго -3 016 125
Ставропольэнерго -8 347 - 222
Россети Северо-Запад Архангельский филиал 63 -80
Вологодский филиал 229 -6
Карельский филиал -21 160
Мурманский филиал 102 64
Новгородский филиал 207 -40
Псковский филиал 146 -18
филиал в Республике Коми 10 23
Россети Сибирь (ГК) Алтайэнерго 275 275
Бурятэнерго -95 298
ГАЭС 114 -15
Красноярскэнерго 1 087 - 413
Кузбассэнерго-РЭС 329 205
Омскэнерго 127 - 112
Хакасэнерго 327 - 363
Читаэнерго -44 120
Россети Томск Томская распределительная компания -6 624 - 125
Россети Тюмень Россети Тюмень -65 636 - 459
Россети Урал (ГК) Пермэнерго 594 - 218
Свердловэнерго 805 233
Челябэнерго 973 - 671
Россети ФСК ЕЭС Итого по ФСК ЕЭС -16 312 -8 781
Россети Центр Белгородэнерго 299 111
Брянскэнерго -4 489 32
Воронежэнерго -12 187 182
Костромаэнерго 83 2
Курскэнерго -2 381 132
Липецкэнерго 731 - 322
Орелэнерго -3 553 -22
Смоленскэнерго -6 765 35
Тамбовэнерго -5 262 -4
Тверьэнерго 319 127
Ярэнерго -6 307 31
Россети Центр и Приволжье (ГК) Владимирэнерго 517 49
Ивэнерго 169 40
Калугаэнерго 558 -42
Кировэнерго 403 0
Мариэнерго 144 19
Нижновэнерго 658 231
Рязаньэнерго 259 47
Тулэнерго 733 - 209
Удмуртэнерго 294 3
Россети Юг (ГК) АО «ВМЭС» -3 370 41
Астраханьэнерго -5 158 90
Волгоградэнерго -8 953 - 310
Калмэнерго -1 477 -5
Ростовэнерго -18 198 44
Россети Янтарь Россети Янтарь 305 -28'

06-11-2024T06:35:22 - [TEST_STEP][PASSED] - println("tableA: " + tableA): null

06-11-2024T06:35:22 - [TEST_STEP][PASSED] - for ([i = 1, i < 5, (i++)]): null

06-11-2024T06:35:22 - [TEST_STEP][PASSED] - ii = tableA.indexOf("/") + 1: null

06-11-2024T06:35:22 - [TEST_STEP][PASSED] - tableA = tableA.substring(ii, tableA.length()): null

06-11-2024T06:35:22 - [TEST_STEP][PASSED] - ii = tableA.indexOf("/") + 1: null

06-11-2024T06:35:22 - [TEST_STEP][PASSED] - tableA = tableA.substring(ii, tableA.length()): null

06-11-2024T06:35:22 - [TEST_STEP][PASSED] - ii = tableA.indexOf("/") + 1: null

06-11-2024T06:35:22 - [TEST_STEP][PASSED] - tableA = tableA.substring(ii, tableA.length()): null

06-11-2024T06:35:22 - [TEST_STEP][PASSED] - ii = tableA.indexOf("/") + 1: null

06-11-2024T06:35:22 - [TEST_STEP][PASSED] - tableA = tableA.substring(ii, tableA.length()): null

06-11-2024T06:35:22 - [TEST_STEP][PASSED] - println("tableA: " + tableA): null

06-11-2024T06:35:22 - [TEST_STEP][PASSED] - TyA = Script1719551244403.GetData(x = tableA): null

06-11-2024T06:35:22 - [TEST_STEP][PASSED] - i2 = <not implemented yet for class: org.codehaus.groovy.ast.expr.EmptyExpression>: null

06-11-2024T06:35:22 - [TEST_STEP][PASSED] - i2 = x.indexOf("/") + 1: null

06-11-2024T06:35:22 - [TEST_STEP][PASSED] - x = replaceAll("\p{P}", "").trim(): null

06-11-2024T06:35:22 - [TEST_STEP][PASSED] - return x: null

06-11-2024T06:35:22 - [TEST_STEP][PASSED] - println("TyA: " + TyA): null

06-11-2024T06:35:22 - [TEST_STEP][PASSED] - tableA = Script1719551244403.NewDZO(x = tableA): null

06-11-2024T06:35:22 - [TEST_STEP][PASSED] - i3 = <not implemented yet for class: org.codehaus.groovy.ast.expr.EmptyExpression>: null

06-11-2024T06:35:22 - [TEST_STEP][PASSED] - i3 = x.indexOf("/") + 1: null

06-11-2024T06:35:22 - [TEST_STEP][PASSED] - x = x.substring(i3, x.length()): null

06-11-2024T06:35:22 - [TEST_STEP][PASSED] - return x: null

06-11-2024T06:35:22 - [TEST_STEP][PASSED] - ChA = Script1719551244403.GetData(x = tableA): null

06-11-2024T06:35:22 - [TEST_STEP][PASSED] - i2 = <not implemented yet for class: org.codehaus.groovy.ast.expr.EmptyExpression>: null

06-11-2024T06:35:22 - [TEST_STEP][PASSED] - i2 = x.indexOf("/") + 1: null

06-11-2024T06:35:22 - [TEST_STEP][PASSED] - x = replaceAll("\p{P}", "").trim(): null

06-11-2024T06:35:22 - [TEST_STEP][PASSED] - return x: null

06-11-2024T06:35:22 - [TEST_STEP][PASSED] - println("ChA: " + ChA): null

06-11-2024T06:35:22 - [TEST_STEP][PASSED] - tableA = Script1719551244403.NewDZO(x = tableA): null

06-11-2024T06:35:22 - [TEST_STEP][PASSED] - i3 = <not implemented yet for class: org.codehaus.groovy.ast.expr.EmptyExpression>: null

06-11-2024T06:35:22 - [TEST_STEP][PASSED] - i3 = x.indexOf("/") + 1: null

06-11-2024T06:35:22 - [TEST_STEP][PASSED] - x = x.substring(i3, x.length()): null

06-11-2024T06:35:22 - [TEST_STEP][PASSED] - return x: null

06-11-2024T06:35:22 - [TEST_STEP][PASSED] - i = tableA.indexOf("Кубань"): null

06-11-2024T06:35:22 - [TEST_STEP][PASSED] - VA = replaceAll("\p{P}", "").trim(): null

06-11-2024T06:35:22 - [TEST_STEP][PASSED] - println("VA: " + VA): null

06-11-2024T06:35:22 - [TEST_STEP][PASSED] - for ([i = 1, i < 8, (i++)]): null

06-11-2024T06:35:22 - [TEST_STEP][PASSED] - tableA = Script1719551244403.NewDZO(x = tableA): null

06-11-2024T06:35:22 - [TEST_STEP][PASSED] - i3 = <not implemented yet for class: org.codehaus.groovy.ast.expr.EmptyExpression>: null

06-11-2024T06:35:22 - [TEST_STEP][PASSED] - i3 = x.indexOf("/") + 1: null

06-11-2024T06:35:22 - [TEST_STEP][PASSED] - x = x.substring(i3, x.length()): null

06-11-2024T06:35:22 - [TEST_STEP][PASSED] - return x: null

06-11-2024T06:35:22 - [TEST_STEP][PASSED] - tableA = Script1719551244403.NewDZO(x = tableA): null

06-11-2024T06:35:22 - [TEST_STEP][PASSED] - i3 = <not implemented yet for class: org.codehaus.groovy.ast.expr.EmptyExpression>: null

06-11-2024T06:35:22 - [TEST_STEP][PASSED] - i3 = x.indexOf("/") + 1: null

06-11-2024T06:35:22 - [TEST_STEP][PASSED] - x = x.substring(i3, x.length()): null

06-11-2024T06:35:22 - [TEST_STEP][PASSED] - return x: null

06-11-2024T06:35:22 - [TEST_STEP][PASSED] - tableA = Script1719551244403.NewDZO(x = tableA): null

06-11-2024T06:35:22 - [TEST_STEP][PASSED] - i3 = <not implemented yet for class: org.codehaus.groovy.ast.expr.EmptyExpression>: null

06-11-2024T06:35:22 - [TEST_STEP][PASSED] - i3 = x.indexOf("/") + 1: null

06-11-2024T06:35:22 - [TEST_STEP][PASSED] - x = x.substring(i3, x.length()): null

06-11-2024T06:35:22 - [TEST_STEP][PASSED] - return x: null

06-11-2024T06:35:22 - [TEST_STEP][PASSED] - tableA = Script1719551244403.NewDZO(x = tableA): null

06-11-2024T06:35:22 - [TEST_STEP][PASSED] - i3 = <not implemented yet for class: org.codehaus.groovy.ast.expr.EmptyExpression>: null

06-11-2024T06:35:22 - [TEST_STEP][PASSED] - i3 = x.indexOf("/") + 1: null

06-11-2024T06:35:22 - [TEST_STEP][PASSED] - x = x.substring(i3, x.length()): null

06-11-2024T06:35:22 - [TEST_STEP][PASSED] - return x: null

06-11-2024T06:35:22 - [TEST_STEP][PASSED] - tableA = Script1719551244403.NewDZO(x = tableA): null

06-11-2024T06:35:22 - [TEST_STEP][PASSED] - i3 = <not implemented yet for class: org.codehaus.groovy.ast.expr.EmptyExpression>: null

06-11-2024T06:35:22 - [TEST_STEP][PASSED] - i3 = x.indexOf("/") + 1: null

06-11-2024T06:35:22 - [TEST_STEP][PASSED] - x = x.substring(i3, x.length()): null

06-11-2024T06:35:22 - [TEST_STEP][PASSED] - return x: null

06-11-2024T06:35:22 - [TEST_STEP][PASSED] - tableA = Script1719551244403.NewDZO(x = tableA): null

06-11-2024T06:35:22 - [TEST_STEP][PASSED] - i3 = <not implemented yet for class: org.codehaus.groovy.ast.expr.EmptyExpression>: null

06-11-2024T06:35:22 - [TEST_STEP][PASSED] - i3 = x.indexOf("/") + 1: null

06-11-2024T06:35:22 - [TEST_STEP][PASSED] - x = x.substring(i3, x.length()): null

06-11-2024T06:35:22 - [TEST_STEP][PASSED] - return x: null

06-11-2024T06:35:22 - [TEST_STEP][PASSED] - tableA = Script1719551244403.NewDZO(x = tableA): null

06-11-2024T06:35:22 - [TEST_STEP][PASSED] - i3 = <not implemented yet for class: org.codehaus.groovy.ast.expr.EmptyExpression>: null

06-11-2024T06:35:22 - [TEST_STEP][PASSED] - i3 = x.indexOf("/") + 1: null

06-11-2024T06:35:22 - [TEST_STEP][PASSED] - x = x.substring(i3, x.length()): null

06-11-2024T06:35:22 - [TEST_STEP][PASSED] - return x: null

06-11-2024T06:35:22 - [TEST_STEP][PASSED] - i = tableA.indexOf("Ленэнерго"): null

06-11-2024T06:35:22 - [TEST_STEP][PASSED] - KuA = Script1719551244403.GetData(x = tableA): null

06-11-2024T06:35:22 - [TEST_STEP][PASSED] - i2 = <not implemented yet for class: org.codehaus.groovy.ast.expr.EmptyExpression>: null

06-11-2024T06:35:22 - [TEST_STEP][PASSED] - i2 = x.indexOf("/") + 1: null

06-11-2024T06:35:22 - [TEST_STEP][PASSED] - x = replaceAll("\p{P}", "").trim(): null

06-11-2024T06:35:22 - [TEST_STEP][PASSED] - return x: null

06-11-2024T06:35:22 - [TEST_STEP][PASSED] - println("KuA: " + KuA): null

06-11-2024T06:35:22 - [TEST_STEP][PASSED] - tableA = Script1719551244403.NewDZO(x = tableA): null

06-11-2024T06:35:22 - [TEST_STEP][PASSED] - i3 = <not implemented yet for class: org.codehaus.groovy.ast.expr.EmptyExpression>: null

06-11-2024T06:35:22 - [TEST_STEP][PASSED] - i3 = x.indexOf("/") + 1: null

06-11-2024T06:35:22 - [TEST_STEP][PASSED] - x = x.substring(i3, x.length()): null

06-11-2024T06:35:22 - [TEST_STEP][PASSED] - return x: null

06-11-2024T06:35:22 - [TEST_STEP][PASSED] - i = tableA.indexOf("Московский"): null

06-11-2024T06:35:22 - [TEST_STEP][PASSED] - LenA = replaceAll("\p{P}", "").trim(): null

06-11-2024T06:35:22 - [TEST_STEP][PASSED] - println("LenA: " + LenA): null

06-11-2024T06:35:22 - [TEST_STEP][PASSED] - tableA = Script1719551244403.NewDZO(x = tableA): null

06-11-2024T06:35:22 - [TEST_STEP][PASSED] - i3 = <not implemented yet for class: org.codehaus.groovy.ast.expr.EmptyExpression>: null

06-11-2024T06:35:22 - [TEST_STEP][PASSED] - i3 = x.indexOf("/") + 1: null

06-11-2024T06:35:22 - [TEST_STEP][PASSED] - x = x.substring(i3, x.length()): null

06-11-2024T06:35:22 - [TEST_STEP][PASSED] - return x: null

06-11-2024T06:35:22 - [TEST_STEP][PASSED] - tableA = Script1719551244403.NewDZO(x = tableA): null

06-11-2024T06:35:22 - [TEST_STEP][PASSED] - i3 = <not implemented yet for class: org.codehaus.groovy.ast.expr.EmptyExpression>: null

06-11-2024T06:35:22 - [TEST_STEP][PASSED] - i3 = x.indexOf("/") + 1: null

06-11-2024T06:35:22 - [TEST_STEP][PASSED] - x = x.substring(i3, x.length()): null

06-11-2024T06:35:22 - [TEST_STEP][PASSED] - return x: null

06-11-2024T06:35:22 - [TEST_STEP][PASSED] - i = tableA.indexOf("Кавказ"): null

06-11-2024T06:35:22 - [TEST_STEP][PASSED] - MosA = replaceAll("\p{P}", "").trim(): null

06-11-2024T06:35:22 - [TEST_STEP][PASSED] - println("MosA: " + MosA): null

06-11-2024T06:35:22 - [TEST_STEP][PASSED] - for ([i = 1, i < 3, (i++)]): null

06-11-2024T06:35:22 - [TEST_STEP][PASSED] - tableA = Script1719551244403.NewDZO(x = tableA): null

06-11-2024T06:35:22 - [TEST_STEP][PASSED] - i3 = <not implemented yet for class: org.codehaus.groovy.ast.expr.EmptyExpression>: null

06-11-2024T06:35:22 - [TEST_STEP][PASSED] - i3 = x.indexOf("/") + 1: null

06-11-2024T06:35:22 - [TEST_STEP][PASSED] - x = x.substring(i3, x.length()): null

06-11-2024T06:35:22 - [TEST_STEP][PASSED] - return x: null

06-11-2024T06:35:22 - [TEST_STEP][PASSED] - tableA = Script1719551244403.NewDZO(x = tableA): null

06-11-2024T06:35:22 - [TEST_STEP][PASSED] - i3 = <not implemented yet for class: org.codehaus.groovy.ast.expr.EmptyExpression>: null

06-11-2024T06:35:22 - [TEST_STEP][PASSED] - i3 = x.indexOf("/") + 1: null

06-11-2024T06:35:22 - [TEST_STEP][PASSED] - x = x.substring(i3, x.length()): null

06-11-2024T06:35:22 - [TEST_STEP][PASSED] - return x: null

06-11-2024T06:35:22 - [TEST_STEP][PASSED] - i = tableA.indexOf("Запад"): null

06-11-2024T06:35:22 - [TEST_STEP][PASSED] - SKA = replaceAll("\p{P}", "").trim(): null

06-11-2024T06:35:22 - [TEST_STEP][PASSED] - println("SKA: " + SKA): null

06-11-2024T06:35:22 - [TEST_STEP][PASSED] - for ([i = 1, i < 7, (i++)]): null

06-11-2024T06:35:22 - [TEST_STEP][PASSED] - tableA = Script1719551244403.NewDZO(x = tableA): null

06-11-2024T06:35:22 - [TEST_STEP][PASSED] - i3 = <not implemented yet for class: org.codehaus.groovy.ast.expr.EmptyExpression>: null

06-11-2024T06:35:22 - [TEST_STEP][PASSED] - i3 = x.indexOf("/") + 1: null

06-11-2024T06:35:22 - [TEST_STEP][PASSED] - x = x.substring(i3, x.length()): null

06-11-2024T06:35:22 - [TEST_STEP][PASSED] - return x: null

06-11-2024T06:35:22 - [TEST_STEP][PASSED] - tableA = Script1719551244403.NewDZO(x = tableA): null

06-11-2024T06:35:22 - [TEST_STEP][PASSED] - i3 = <not implemented yet for class: org.codehaus.groovy.ast.expr.EmptyExpression>: null

06-11-2024T06:35:22 - [TEST_STEP][PASSED] - i3 = x.indexOf("/") + 1: null

06-11-2024T06:35:22 - [TEST_STEP][PASSED] - x = x.substring(i3, x.length()): null

06-11-2024T06:35:22 - [TEST_STEP][PASSED] - return x: null

06-11-2024T06:35:22 - [TEST_STEP][PASSED] - tableA = Script1719551244403.NewDZO(x = tableA): null

06-11-2024T06:35:22 - [TEST_STEP][PASSED] - i3 = <not implemented yet for class: org.codehaus.groovy.ast.expr.EmptyExpression>: null

06-11-2024T06:35:22 - [TEST_STEP][PASSED] - i3 = x.indexOf("/") + 1: null

06-11-2024T06:35:22 - [TEST_STEP][PASSED] - x = x.substring(i3, x.length()): null

06-11-2024T06:35:22 - [TEST_STEP][PASSED] - return x: null

06-11-2024T06:35:22 - [TEST_STEP][PASSED] - tableA = Script1719551244403.NewDZO(x = tableA): null

06-11-2024T06:35:22 - [TEST_STEP][PASSED] - i3 = <not implemented yet for class: org.codehaus.groovy.ast.expr.EmptyExpression>: null

06-11-2024T06:35:22 - [TEST_STEP][PASSED] - i3 = x.indexOf("/") + 1: null

06-11-2024T06:35:22 - [TEST_STEP][PASSED] - x = x.substring(i3, x.length()): null

06-11-2024T06:35:22 - [TEST_STEP][PASSED] - return x: null

06-11-2024T06:35:22 - [TEST_STEP][PASSED] - tableA = Script1719551244403.NewDZO(x = tableA): null

06-11-2024T06:35:22 - [TEST_STEP][PASSED] - i3 = <not implemented yet for class: org.codehaus.groovy.ast.expr.EmptyExpression>: null

06-11-2024T06:35:22 - [TEST_STEP][PASSED] - i3 = x.indexOf("/") + 1: null

06-11-2024T06:35:22 - [TEST_STEP][PASSED] - x = x.substring(i3, x.length()): null

06-11-2024T06:35:22 - [TEST_STEP][PASSED] - return x: null

06-11-2024T06:35:22 - [TEST_STEP][PASSED] - tableA = Script1719551244403.NewDZO(x = tableA): null

06-11-2024T06:35:22 - [TEST_STEP][PASSED] - i3 = <not implemented yet for class: org.codehaus.groovy.ast.expr.EmptyExpression>: null

06-11-2024T06:35:22 - [TEST_STEP][PASSED] - i3 = x.indexOf("/") + 1: null

06-11-2024T06:35:22 - [TEST_STEP][PASSED] - x = x.substring(i3, x.length()): null

06-11-2024T06:35:22 - [TEST_STEP][PASSED] - return x: null

06-11-2024T06:35:22 - [TEST_STEP][PASSED] - i = tableA.indexOf("Сибирь"): null

06-11-2024T06:35:22 - [TEST_STEP][PASSED] - SZA = replaceAll("\p{P}", "").trim(): null

06-11-2024T06:35:22 - [TEST_STEP][PASSED] - println("SZA: " + SZA): null

06-11-2024T06:35:22 - [TEST_STEP][PASSED] - for ([i = 1, i < 8, (i++)]): null

06-11-2024T06:35:22 - [TEST_STEP][PASSED] - tableA = Script1719551244403.NewDZO(x = tableA): null

06-11-2024T06:35:22 - [TEST_STEP][PASSED] - i3 = <not implemented yet for class: org.codehaus.groovy.ast.expr.EmptyExpression>: null

06-11-2024T06:35:22 - [TEST_STEP][PASSED] - i3 = x.indexOf("/") + 1: null

06-11-2024T06:35:22 - [TEST_STEP][PASSED] - x = x.substring(i3, x.length()): null

06-11-2024T06:35:22 - [TEST_STEP][PASSED] - return x: null

06-11-2024T06:35:22 - [TEST_STEP][PASSED] - tableA = Script1719551244403.NewDZO(x = tableA): null

06-11-2024T06:35:22 - [TEST_STEP][PASSED] - i3 = <not implemented yet for class: org.codehaus.groovy.ast.expr.EmptyExpression>: null

06-11-2024T06:35:22 - [TEST_STEP][PASSED] - i3 = x.indexOf("/") + 1: null

06-11-2024T06:35:22 - [TEST_STEP][PASSED] - x = x.substring(i3, x.length()): null

06-11-2024T06:35:22 - [TEST_STEP][PASSED] - return x: null

06-11-2024T06:35:22 - [TEST_STEP][PASSED] - tableA = Script1719551244403.NewDZO(x = tableA): null

06-11-2024T06:35:22 - [TEST_STEP][PASSED] - i3 = <not implemented yet for class: org.codehaus.groovy.ast.expr.EmptyExpression>: null

06-11-2024T06:35:22 - [TEST_STEP][PASSED] - i3 = x.indexOf("/") + 1: null

06-11-2024T06:35:22 - [TEST_STEP][PASSED] - x = x.substring(i3, x.length()): null

06-11-2024T06:35:22 - [TEST_STEP][PASSED] - return x: null

06-11-2024T06:35:22 - [TEST_STEP][PASSED] - tableA = Script1719551244403.NewDZO(x = tableA): null

06-11-2024T06:35:22 - [TEST_STEP][PASSED] - i3 = <not implemented yet for class: org.codehaus.groovy.ast.expr.EmptyExpression>: null

06-11-2024T06:35:22 - [TEST_STEP][PASSED] - i3 = x.indexOf("/") + 1: null

06-11-2024T06:35:22 - [TEST_STEP][PASSED] - x = x.substring(i3, x.length()): null

06-11-2024T06:35:22 - [TEST_STEP][PASSED] - return x: null

06-11-2024T06:35:22 - [TEST_STEP][PASSED] - tableA = Script1719551244403.NewDZO(x = tableA): null

06-11-2024T06:35:22 - [TEST_STEP][PASSED] - i3 = <not implemented yet for class: org.codehaus.groovy.ast.expr.EmptyExpression>: null

06-11-2024T06:35:22 - [TEST_STEP][PASSED] - i3 = x.indexOf("/") + 1: null

06-11-2024T06:35:22 - [TEST_STEP][PASSED] - x = x.substring(i3, x.length()): null

06-11-2024T06:35:22 - [TEST_STEP][PASSED] - return x: null

06-11-2024T06:35:22 - [TEST_STEP][PASSED] - tableA = Script1719551244403.NewDZO(x = tableA): null

06-11-2024T06:35:22 - [TEST_STEP][PASSED] - i3 = <not implemented yet for class: org.codehaus.groovy.ast.expr.EmptyExpression>: null

06-11-2024T06:35:22 - [TEST_STEP][PASSED] - i3 = x.indexOf("/") + 1: null

06-11-2024T06:35:22 - [TEST_STEP][PASSED] - x = x.substring(i3, x.length()): null

06-11-2024T06:35:22 - [TEST_STEP][PASSED] - return x: null

06-11-2024T06:35:22 - [TEST_STEP][PASSED] - tableA = Script1719551244403.NewDZO(x = tableA): null

06-11-2024T06:35:22 - [TEST_STEP][PASSED] - i3 = <not implemented yet for class: org.codehaus.groovy.ast.expr.EmptyExpression>: null

06-11-2024T06:35:22 - [TEST_STEP][PASSED] - i3 = x.indexOf("/") + 1: null

06-11-2024T06:35:22 - [TEST_STEP][PASSED] - x = x.substring(i3, x.length()): null

06-11-2024T06:35:22 - [TEST_STEP][PASSED] - return x: null

06-11-2024T06:35:22 - [TEST_STEP][PASSED] - i = tableA.indexOf("Томск"): null

06-11-2024T06:35:22 - [TEST_STEP][PASSED] - SiA = replaceAll("\p{P}", "").trim(): null

06-11-2024T06:35:22 - [TEST_STEP][PASSED] - println("SiA: " + SiA): null

06-11-2024T06:35:22 - [TEST_STEP][PASSED] - for ([i = 1, i < 9, (i++)]): null

06-11-2024T06:35:22 - [TEST_STEP][PASSED] - tableA = Script1719551244403.NewDZO(x = tableA): null

06-11-2024T06:35:22 - [TEST_STEP][PASSED] - i3 = <not implemented yet for class: org.codehaus.groovy.ast.expr.EmptyExpression>: null

06-11-2024T06:35:22 - [TEST_STEP][PASSED] - i3 = x.indexOf("/") + 1: null

06-11-2024T06:35:22 - [TEST_STEP][PASSED] - x = x.substring(i3, x.length()): null

06-11-2024T06:35:22 - [TEST_STEP][PASSED] - return x: null

06-11-2024T06:35:22 - [TEST_STEP][PASSED] - tableA = Script1719551244403.NewDZO(x = tableA): null

06-11-2024T06:35:22 - [TEST_STEP][PASSED] - i3 = <not implemented yet for class: org.codehaus.groovy.ast.expr.EmptyExpression>: null

06-11-2024T06:35:22 - [TEST_STEP][PASSED] - i3 = x.indexOf("/") + 1: null

06-11-2024T06:35:22 - [TEST_STEP][PASSED] - x = x.substring(i3, x.length()): null

06-11-2024T06:35:22 - [TEST_STEP][PASSED] - return x: null

06-11-2024T06:35:22 - [TEST_STEP][PASSED] - tableA = Script1719551244403.NewDZO(x = tableA): null

06-11-2024T06:35:22 - [TEST_STEP][PASSED] - i3 = <not implemented yet for class: org.codehaus.groovy.ast.expr.EmptyExpression>: null

06-11-2024T06:35:22 - [TEST_STEP][PASSED] - i3 = x.indexOf("/") + 1: null

06-11-2024T06:35:22 - [TEST_STEP][PASSED] - x = x.substring(i3, x.length()): null

06-11-2024T06:35:22 - [TEST_STEP][PASSED] - return x: null

06-11-2024T06:35:22 - [TEST_STEP][PASSED] - tableA = Script1719551244403.NewDZO(x = tableA): null

06-11-2024T06:35:22 - [TEST_STEP][PASSED] - i3 = <not implemented yet for class: org.codehaus.groovy.ast.expr.EmptyExpression>: null

06-11-2024T06:35:22 - [TEST_STEP][PASSED] - i3 = x.indexOf("/") + 1: null

06-11-2024T06:35:22 - [TEST_STEP][PASSED] - x = x.substring(i3, x.length()): null

06-11-2024T06:35:22 - [TEST_STEP][PASSED] - return x: null

06-11-2024T06:35:22 - [TEST_STEP][PASSED] - tableA = Script1719551244403.NewDZO(x = tableA): null

06-11-2024T06:35:22 - [TEST_STEP][PASSED] - i3 = <not implemented yet for class: org.codehaus.groovy.ast.expr.EmptyExpression>: null

06-11-2024T06:35:22 - [TEST_STEP][PASSED] - i3 = x.indexOf("/") + 1: null

06-11-2024T06:35:22 - [TEST_STEP][PASSED] - x = x.substring(i3, x.length()): null

06-11-2024T06:35:22 - [TEST_STEP][PASSED] - return x: null

06-11-2024T06:35:22 - [TEST_STEP][PASSED] - tableA = Script1719551244403.NewDZO(x = tableA): null

06-11-2024T06:35:22 - [TEST_STEP][PASSED] - i3 = <not implemented yet for class: org.codehaus.groovy.ast.expr.EmptyExpression>: null

06-11-2024T06:35:22 - [TEST_STEP][PASSED] - i3 = x.indexOf("/") + 1: null

06-11-2024T06:35:22 - [TEST_STEP][PASSED] - x = x.substring(i3, x.length()): null

06-11-2024T06:35:22 - [TEST_STEP][PASSED] - return x: null

06-11-2024T06:35:22 - [TEST_STEP][PASSED] - tableA = Script1719551244403.NewDZO(x = tableA): null

06-11-2024T06:35:22 - [TEST_STEP][PASSED] - i3 = <not implemented yet for class: org.codehaus.groovy.ast.expr.EmptyExpression>: null

06-11-2024T06:35:22 - [TEST_STEP][PASSED] - i3 = x.indexOf("/") + 1: null

06-11-2024T06:35:22 - [TEST_STEP][PASSED] - x = x.substring(i3, x.length()): null

06-11-2024T06:35:22 - [TEST_STEP][PASSED] - return x: null

06-11-2024T06:35:22 - [TEST_STEP][PASSED] - tableA = Script1719551244403.NewDZO(x = tableA): null

06-11-2024T06:35:22 - [TEST_STEP][PASSED] - i3 = <not implemented yet for class: org.codehaus.groovy.ast.expr.EmptyExpression>: null

06-11-2024T06:35:22 - [TEST_STEP][PASSED] - i3 = x.indexOf("/") + 1: null

06-11-2024T06:35:22 - [TEST_STEP][PASSED] - x = x.substring(i3, x.length()): null

06-11-2024T06:35:22 - [TEST_STEP][PASSED] - return x: null

06-11-2024T06:35:22 - [TEST_STEP][PASSED] - i = tableA.indexOf("Тюмень"): null

06-11-2024T06:35:22 - [TEST_STEP][PASSED] - ToA = replaceAll("\p{P}", "").trim(): null

06-11-2024T06:35:22 - [TEST_STEP][PASSED] - println("ToA: " + ToA): null

06-11-2024T06:35:22 - [TEST_STEP][PASSED] - tableA = Script1719551244403.NewDZO(x = tableA): null

06-11-2024T06:35:22 - [TEST_STEP][PASSED] - i3 = <not implemented yet for class: org.codehaus.groovy.ast.expr.EmptyExpression>: null

06-11-2024T06:35:22 - [TEST_STEP][PASSED] - i3 = x.indexOf("/") + 1: null

06-11-2024T06:35:22 - [TEST_STEP][PASSED] - x = x.substring(i3, x.length()): null

06-11-2024T06:35:22 - [TEST_STEP][PASSED] - return x: null

06-11-2024T06:35:22 - [TEST_STEP][PASSED] - TyuA = replaceAll("\p{P}", "").trim(): null

06-11-2024T06:35:22 - [TEST_STEP][PASSED] - println("TyuA: " + TyuA): null

06-11-2024T06:35:22 - [TEST_STEP][PASSED] - tableA = Script1719551244403.NewDZO(x = tableA): null

06-11-2024T06:35:22 - [TEST_STEP][PASSED] - i3 = <not implemented yet for class: org.codehaus.groovy.ast.expr.EmptyExpression>: null

06-11-2024T06:35:22 - [TEST_STEP][PASSED] - i3 = x.indexOf("/") + 1: null

06-11-2024T06:35:22 - [TEST_STEP][PASSED] - x = x.substring(i3, x.length()): null

06-11-2024T06:35:22 - [TEST_STEP][PASSED] - return x: null

06-11-2024T06:35:22 - [TEST_STEP][PASSED] - i = tableA.indexOf("ЕЭС"): null

06-11-2024T06:35:22 - [TEST_STEP][PASSED] - UrA = replaceAll("\p{P}", "").trim(): null

06-11-2024T06:35:22 - [TEST_STEP][PASSED] - println("UrA: " + UrA): null

06-11-2024T06:35:22 - [TEST_STEP][PASSED] - for ([i = 1, i < 4, (i++)]): null

06-11-2024T06:35:22 - [TEST_STEP][PASSED] - tableA = Script1719551244403.NewDZO(x = tableA): null

06-11-2024T06:35:22 - [TEST_STEP][PASSED] - i3 = <not implemented yet for class: org.codehaus.groovy.ast.expr.EmptyExpression>: null

06-11-2024T06:35:22 - [TEST_STEP][PASSED] - i3 = x.indexOf("/") + 1: null

06-11-2024T06:35:22 - [TEST_STEP][PASSED] - x = x.substring(i3, x.length()): null

06-11-2024T06:35:22 - [TEST_STEP][PASSED] - return x: null

06-11-2024T06:35:22 - [TEST_STEP][PASSED] - tableA = Script1719551244403.NewDZO(x = tableA): null

06-11-2024T06:35:22 - [TEST_STEP][PASSED] - i3 = <not implemented yet for class: org.codehaus.groovy.ast.expr.EmptyExpression>: null

06-11-2024T06:35:22 - [TEST_STEP][PASSED] - i3 = x.indexOf("/") + 1: null

06-11-2024T06:35:22 - [TEST_STEP][PASSED] - x = x.substring(i3, x.length()): null

06-11-2024T06:35:22 - [TEST_STEP][PASSED] - return x: null

06-11-2024T06:35:22 - [TEST_STEP][PASSED] - tableA = Script1719551244403.NewDZO(x = tableA): null

06-11-2024T06:35:22 - [TEST_STEP][PASSED] - i3 = <not implemented yet for class: org.codehaus.groovy.ast.expr.EmptyExpression>: null

06-11-2024T06:35:22 - [TEST_STEP][PASSED] - i3 = x.indexOf("/") + 1: null

06-11-2024T06:35:22 - [TEST_STEP][PASSED] - x = x.substring(i3, x.length()): null

06-11-2024T06:35:22 - [TEST_STEP][PASSED] - return x: null

06-11-2024T06:35:22 - [TEST_STEP][PASSED] - i = tableA.indexOf("Центр"): null

06-11-2024T06:35:22 - [TEST_STEP][PASSED] - FSKA = replaceAll("\p{P}", "").trim(): null

06-11-2024T06:35:22 - [TEST_STEP][PASSED] - println("FSKA: " + FSKA): null

06-11-2024T06:35:22 - [TEST_STEP][PASSED] - tableA = Script1719551244403.NewDZO(x = tableA): null

06-11-2024T06:35:22 - [TEST_STEP][PASSED] - i3 = <not implemented yet for class: org.codehaus.groovy.ast.expr.EmptyExpression>: null

06-11-2024T06:35:22 - [TEST_STEP][PASSED] - i3 = x.indexOf("/") + 1: null

06-11-2024T06:35:22 - [TEST_STEP][PASSED] - x = x.substring(i3, x.length()): null

06-11-2024T06:35:22 - [TEST_STEP][PASSED] - return x: null

06-11-2024T06:35:22 - [TEST_STEP][PASSED] - i = tableA.indexOf("Приволжье"): null

06-11-2024T06:35:22 - [TEST_STEP][PASSED] - CenA = replaceAll("\p{P}", "").trim(): null

06-11-2024T06:35:22 - [TEST_STEP][PASSED] - println("CenA: " + CenA): null

06-11-2024T06:35:22 - [TEST_STEP][PASSED] - for ([i = 1, i < 12, (i++)]): null

06-11-2024T06:35:22 - [TEST_STEP][PASSED] - tableA = Script1719551244403.NewDZO(x = tableA): null

06-11-2024T06:35:22 - [TEST_STEP][PASSED] - i3 = <not implemented yet for class: org.codehaus.groovy.ast.expr.EmptyExpression>: null

06-11-2024T06:35:22 - [TEST_STEP][PASSED] - i3 = x.indexOf("/") + 1: null

06-11-2024T06:35:22 - [TEST_STEP][PASSED] - x = x.substring(i3, x.length()): null

06-11-2024T06:35:22 - [TEST_STEP][PASSED] - return x: null

06-11-2024T06:35:22 - [TEST_STEP][PASSED] - tableA = Script1719551244403.NewDZO(x = tableA): null

06-11-2024T06:35:22 - [TEST_STEP][PASSED] - i3 = <not implemented yet for class: org.codehaus.groovy.ast.expr.EmptyExpression>: null

06-11-2024T06:35:22 - [TEST_STEP][PASSED] - i3 = x.indexOf("/") + 1: null

06-11-2024T06:35:22 - [TEST_STEP][PASSED] - x = x.substring(i3, x.length()): null

06-11-2024T06:35:22 - [TEST_STEP][PASSED] - return x: null

06-11-2024T06:35:22 - [TEST_STEP][PASSED] - tableA = Script1719551244403.NewDZO(x = tableA): null

06-11-2024T06:35:22 - [TEST_STEP][PASSED] - i3 = <not implemented yet for class: org.codehaus.groovy.ast.expr.EmptyExpression>: null

06-11-2024T06:35:22 - [TEST_STEP][PASSED] - i3 = x.indexOf("/") + 1: null

06-11-2024T06:35:22 - [TEST_STEP][PASSED] - x = x.substring(i3, x.length()): null

06-11-2024T06:35:22 - [TEST_STEP][PASSED] - return x: null

06-11-2024T06:35:22 - [TEST_STEP][PASSED] - tableA = Script1719551244403.NewDZO(x = tableA): null

06-11-2024T06:35:22 - [TEST_STEP][PASSED] - i3 = <not implemented yet for class: org.codehaus.groovy.ast.expr.EmptyExpression>: null

06-11-2024T06:35:22 - [TEST_STEP][PASSED] - i3 = x.indexOf("/") + 1: null

06-11-2024T06:35:22 - [TEST_STEP][PASSED] - x = x.substring(i3, x.length()): null

06-11-2024T06:35:22 - [TEST_STEP][PASSED] - return x: null

06-11-2024T06:35:22 - [TEST_STEP][PASSED] - tableA = Script1719551244403.NewDZO(x = tableA): null

06-11-2024T06:35:22 - [TEST_STEP][PASSED] - i3 = <not implemented yet for class: org.codehaus.groovy.ast.expr.EmptyExpression>: null

06-11-2024T06:35:22 - [TEST_STEP][PASSED] - i3 = x.indexOf("/") + 1: null

06-11-2024T06:35:22 - [TEST_STEP][PASSED] - x = x.substring(i3, x.length()): null

06-11-2024T06:35:22 - [TEST_STEP][PASSED] - return x: null

06-11-2024T06:35:22 - [TEST_STEP][PASSED] - tableA = Script1719551244403.NewDZO(x = tableA): null

06-11-2024T06:35:22 - [TEST_STEP][PASSED] - i3 = <not implemented yet for class: org.codehaus.groovy.ast.expr.EmptyExpression>: null

06-11-2024T06:35:22 - [TEST_STEP][PASSED] - i3 = x.indexOf("/") + 1: null

06-11-2024T06:35:22 - [TEST_STEP][PASSED] - x = x.substring(i3, x.length()): null

06-11-2024T06:35:22 - [TEST_STEP][PASSED] - return x: null

06-11-2024T06:35:22 - [TEST_STEP][PASSED] - tableA = Script1719551244403.NewDZO(x = tableA): null

06-11-2024T06:35:22 - [TEST_STEP][PASSED] - i3 = <not implemented yet for class: org.codehaus.groovy.ast.expr.EmptyExpression>: null

06-11-2024T06:35:22 - [TEST_STEP][PASSED] - i3 = x.indexOf("/") + 1: null

06-11-2024T06:35:22 - [TEST_STEP][PASSED] - x = x.substring(i3, x.length()): null

06-11-2024T06:35:22 - [TEST_STEP][PASSED] - return x: null

06-11-2024T06:35:22 - [TEST_STEP][PASSED] - tableA = Script1719551244403.NewDZO(x = tableA): null

06-11-2024T06:35:22 - [TEST_STEP][PASSED] - i3 = <not implemented yet for class: org.codehaus.groovy.ast.expr.EmptyExpression>: null

06-11-2024T06:35:22 - [TEST_STEP][PASSED] - i3 = x.indexOf("/") + 1: null

06-11-2024T06:35:22 - [TEST_STEP][PASSED] - x = x.substring(i3, x.length()): null

06-11-2024T06:35:22 - [TEST_STEP][PASSED] - return x: null

06-11-2024T06:35:22 - [TEST_STEP][PASSED] - tableA = Script1719551244403.NewDZO(x = tableA): null

06-11-2024T06:35:22 - [TEST_STEP][PASSED] - i3 = <not implemented yet for class: org.codehaus.groovy.ast.expr.EmptyExpression>: null

06-11-2024T06:35:22 - [TEST_STEP][PASSED] - i3 = x.indexOf("/") + 1: null

06-11-2024T06:35:22 - [TEST_STEP][PASSED] - x = x.substring(i3, x.length()): null

06-11-2024T06:35:22 - [TEST_STEP][PASSED] - return x: null

06-11-2024T06:35:22 - [TEST_STEP][PASSED] - tableA = Script1719551244403.NewDZO(x = tableA): null

06-11-2024T06:35:22 - [TEST_STEP][PASSED] - i3 = <not implemented yet for class: org.codehaus.groovy.ast.expr.EmptyExpression>: null

06-11-2024T06:35:22 - [TEST_STEP][PASSED] - i3 = x.indexOf("/") + 1: null

06-11-2024T06:35:22 - [TEST_STEP][PASSED] - x = x.substring(i3, x.length()): null

06-11-2024T06:35:22 - [TEST_STEP][PASSED] - return x: null

06-11-2024T06:35:22 - [TEST_STEP][PASSED] - tableA = Script1719551244403.NewDZO(x = tableA): null

06-11-2024T06:35:22 - [TEST_STEP][PASSED] - i3 = <not implemented yet for class: org.codehaus.groovy.ast.expr.EmptyExpression>: null

06-11-2024T06:35:22 - [TEST_STEP][PASSED] - i3 = x.indexOf("/") + 1: null

06-11-2024T06:35:22 - [TEST_STEP][PASSED] - x = x.substring(i3, x.length()): null

06-11-2024T06:35:22 - [TEST_STEP][PASSED] - return x: null

06-11-2024T06:35:22 - [TEST_STEP][PASSED] - i = tableA.indexOf("Юг"): null

06-11-2024T06:35:22 - [TEST_STEP][PASSED] - CiPA = replaceAll("\p{P}", "").trim(): null

06-11-2024T06:35:22 - [TEST_STEP][PASSED] - println("CiPA: " + CiPA): null

06-11-2024T06:35:22 - [TEST_STEP][PASSED] - for ([i = 1, i < 10, (i++)]): null

06-11-2024T06:35:22 - [TEST_STEP][PASSED] - tableA = Script1719551244403.NewDZO(x = tableA): null

06-11-2024T06:35:22 - [TEST_STEP][PASSED] - i3 = <not implemented yet for class: org.codehaus.groovy.ast.expr.EmptyExpression>: null

06-11-2024T06:35:22 - [TEST_STEP][PASSED] - i3 = x.indexOf("/") + 1: null

06-11-2024T06:35:22 - [TEST_STEP][PASSED] - x = x.substring(i3, x.length()): null

06-11-2024T06:35:22 - [TEST_STEP][PASSED] - return x: null

06-11-2024T06:35:22 - [TEST_STEP][PASSED] - tableA = Script1719551244403.NewDZO(x = tableA): null

06-11-2024T06:35:22 - [TEST_STEP][PASSED] - i3 = <not implemented yet for class: org.codehaus.groovy.ast.expr.EmptyExpression>: null

06-11-2024T06:35:22 - [TEST_STEP][PASSED] - i3 = x.indexOf("/") + 1: null

06-11-2024T06:35:22 - [TEST_STEP][PASSED] - x = x.substring(i3, x.length()): null

06-11-2024T06:35:22 - [TEST_STEP][PASSED] - return x: null

06-11-2024T06:35:22 - [TEST_STEP][PASSED] - tableA = Script1719551244403.NewDZO(x = tableA): null

06-11-2024T06:35:22 - [TEST_STEP][PASSED] - i3 = <not implemented yet for class: org.codehaus.groovy.ast.expr.EmptyExpression>: null

06-11-2024T06:35:22 - [TEST_STEP][PASSED] - i3 = x.indexOf("/") + 1: null

06-11-2024T06:35:22 - [TEST_STEP][PASSED] - x = x.substring(i3, x.length()): null

06-11-2024T06:35:22 - [TEST_STEP][PASSED] - return x: null

06-11-2024T06:35:22 - [TEST_STEP][PASSED] - tableA = Script1719551244403.NewDZO(x = tableA): null

06-11-2024T06:35:22 - [TEST_STEP][PASSED] - i3 = <not implemented yet for class: org.codehaus.groovy.ast.expr.EmptyExpression>: null

06-11-2024T06:35:22 - [TEST_STEP][PASSED] - i3 = x.indexOf("/") + 1: null

06-11-2024T06:35:22 - [TEST_STEP][PASSED] - x = x.substring(i3, x.length()): null

06-11-2024T06:35:22 - [TEST_STEP][PASSED] - return x: null

06-11-2024T06:35:22 - [TEST_STEP][PASSED] - tableA = Script1719551244403.NewDZO(x = tableA): null

06-11-2024T06:35:22 - [TEST_STEP][PASSED] - i3 = <not implemented yet for class: org.codehaus.groovy.ast.expr.EmptyExpression>: null

06-11-2024T06:35:22 - [TEST_STEP][PASSED] - i3 = x.indexOf("/") + 1: null

06-11-2024T06:35:22 - [TEST_STEP][PASSED] - x = x.substring(i3, x.length()): null

06-11-2024T06:35:22 - [TEST_STEP][PASSED] - return x: null

06-11-2024T06:35:22 - [TEST_STEP][PASSED] - tableA = Script1719551244403.NewDZO(x = tableA): null

06-11-2024T06:35:22 - [TEST_STEP][PASSED] - i3 = <not implemented yet for class: org.codehaus.groovy.ast.expr.EmptyExpression>: null

06-11-2024T06:35:22 - [TEST_STEP][PASSED] - i3 = x.indexOf("/") + 1: null

06-11-2024T06:35:22 - [TEST_STEP][PASSED] - x = x.substring(i3, x.length()): null

06-11-2024T06:35:22 - [TEST_STEP][PASSED] - return x: null

06-11-2024T06:35:22 - [TEST_STEP][PASSED] - tableA = Script1719551244403.NewDZO(x = tableA): null

06-11-2024T06:35:22 - [TEST_STEP][PASSED] - i3 = <not implemented yet for class: org.codehaus.groovy.ast.expr.EmptyExpression>: null

06-11-2024T06:35:22 - [TEST_STEP][PASSED] - i3 = x.indexOf("/") + 1: null

06-11-2024T06:35:22 - [TEST_STEP][PASSED] - x = x.substring(i3, x.length()): null

06-11-2024T06:35:22 - [TEST_STEP][PASSED] - return x: null

06-11-2024T06:35:22 - [TEST_STEP][PASSED] - tableA = Script1719551244403.NewDZO(x = tableA): null

06-11-2024T06:35:22 - [TEST_STEP][PASSED] - i3 = <not implemented yet for class: org.codehaus.groovy.ast.expr.EmptyExpression>: null

06-11-2024T06:35:22 - [TEST_STEP][PASSED] - i3 = x.indexOf("/") + 1: null

06-11-2024T06:35:22 - [TEST_STEP][PASSED] - x = x.substring(i3, x.length()): null

06-11-2024T06:35:22 - [TEST_STEP][PASSED] - return x: null

06-11-2024T06:35:22 - [TEST_STEP][PASSED] - tableA = Script1719551244403.NewDZO(x = tableA): null

06-11-2024T06:35:22 - [TEST_STEP][PASSED] - i3 = <not implemented yet for class: org.codehaus.groovy.ast.expr.EmptyExpression>: null

06-11-2024T06:35:22 - [TEST_STEP][PASSED] - i3 = x.indexOf("/") + 1: null

06-11-2024T06:35:22 - [TEST_STEP][PASSED] - x = x.substring(i3, x.length()): null

06-11-2024T06:35:22 - [TEST_STEP][PASSED] - return x: null

06-11-2024T06:35:22 - [TEST_STEP][PASSED] - i = tableA.indexOf("Янтарь"): null

06-11-2024T06:35:22 - [TEST_STEP][PASSED] - UgA = replaceAll("\p{P}", "").trim(): null

06-11-2024T06:35:22 - [TEST_STEP][PASSED] - println("UgA: " + UgA): null

06-11-2024T06:35:22 - [TEST_STEP][PASSED] - i = tableA.lastIndexOf("/"): null

06-11-2024T06:35:22 - [TEST_STEP][PASSED] - YaA = replaceAll("\p{P}", "").trim(): null

06-11-2024T06:35:22 - [TEST_STEP][PASSED] - println("YaA: " + YaA): null

06-11-2024T06:35:22 - [TEST_STEP][PASSED] - delay(10): Delayed 10 second(s)

06-11-2024T06:35:32 - [MESSAGE][PASSED] - Delayed 10 second(s)

06-11-2024T06:35:32 - [TEST_STEP][PASSED] - navigateToUrl(findTestData("PlanFact").getValue(10, 11)): Navigate to 'https://bi.rosseti.digital/viewer?dashboardGuid=a1fd28b3785d443cbc4d7690a1d78e31&sheetGuid=d3a0ddec2e914cb380b20dca74903099&fit=true' successfully

06-11-2024T06:35:33 - [MESSAGE][PASSED] - Navigate to 'https://bi.rosseti.digital/viewer?dashboardGuid=a1fd28b3785d443cbc4d7690a1d78e31&sheetGuid=d3a0ddec2e914cb380b20dca74903099&fit=true' successfully

06-11-2024T06:35:33 - [TEST_STEP][PASSED] - b = <not implemented yet for class: org.codehaus.groovy.ast.expr.EmptyExpression>: null

06-11-2024T06:35:33 - [TEST_STEP][PASSED] - b1 = <not implemented yet for class: org.codehaus.groovy.ast.expr.EmptyExpression>: null

06-11-2024T06:35:33 - [TEST_STEP][PASSED] - b2 = <not implemented yet for class: org.codehaus.groovy.ast.expr.EmptyExpression>: null

06-11-2024T06:35:33 - [TEST_STEP][PASSED] - click(findTestObject("Факторный анализ/Фильтр Дата Выручка")): Object: 'Object Repository/Факторный анализ/Фильтр Дата Выручка' is clicked on

06-11-2024T06:35:55 - [MESSAGE][PASSED] - Object: 'Object Repository/Факторный анализ/Фильтр Дата Выручка' is clicked on

06-11-2024T06:35:55 - [TEST_STEP][PASSED] - click(findTestObject("Факторный анализ/Снять выделение в фильтре Дата Выручка")): Object: 'Object Repository/Факторный анализ/Снять выделение в фильтре Дата Выручка' is clicked on

06-11-2024T06:35:56 - [MESSAGE][PASSED] - Object: 'Object Repository/Факторный анализ/Снять выделение в фильтре Дата Выручка' is clicked on

06-11-2024T06:35:56 - [TEST_STEP][PASSED] - click(findTestObject("Факторный анализ/Применить в фильтре Дата Выручка")): Object: 'Object Repository/Факторный анализ/Применить в фильтре Дата Выручка' is clicked on

06-11-2024T06:35:56 - [MESSAGE][PASSED] - Object: 'Object Repository/Факторный анализ/Применить в фильтре Дата Выручка' is clicked on

06-11-2024T06:35:56 - [TEST_STEP][PASSED] - delay(10): Delayed 10 second(s)

06-11-2024T06:36:06 - [MESSAGE][PASSED] - Delayed 10 second(s)

06-11-2024T06:36:06 - [TEST_STEP][PASSED] - click(findTestObject("Факторный анализ/Фильтр Дата Выручка")): Object: 'Object Repository/Факторный анализ/Фильтр Дата Выручка' is clicked on

06-11-2024T06:36:07 - [MESSAGE][PASSED] - Object: 'Object Repository/Факторный анализ/Фильтр Дата Выручка' is clicked on

06-11-2024T06:36:07 - [TEST_STEP][PASSED] - click(findTestObject("Факторный анализ/Снять выделение в фильтре Дата Выручка")): Object: 'Object Repository/Факторный анализ/Снять выделение в фильтре Дата Выручка' is clicked on

06-11-2024T06:36:07 - [MESSAGE][PASSED] - Object: 'Object Repository/Факторный анализ/Снять выделение в фильтре Дата Выручка' is clicked on

06-11-2024T06:36:07 - [TEST_STEP][PASSED] - scrollToElement(findTestObject("Факторный анализ/2024 список Выручка"), 30): Scroll to object 'Object Repository/Факторный анализ/2024 список Выручка' successfully

06-11-2024T06:36:07 - [MESSAGE][PASSED] - Scroll to object 'Object Repository/Факторный анализ/2024 список Выручка' successfully

06-11-2024T06:36:07 - [TEST_STEP][PASSED] - click(findTestObject("Факторный анализ/2024 список Выручка")): Object: 'Object Repository/Факторный анализ/2024 список Выручка' is clicked on

06-11-2024T06:36:08 - [MESSAGE][PASSED] - Object: 'Object Repository/Факторный анализ/2024 список Выручка' is clicked on

06-11-2024T06:36:08 - [TEST_STEP][PASSED] - scrollToElement(findTestObject("Факторный анализ/1 квартал 2024 выбрать Выручка"), 30): Scroll to object 'Object Repository/Факторный анализ/1 квартал 2024 выбрать Выручка' successfully

06-11-2024T06:36:08 - [MESSAGE][PASSED] - Scroll to object 'Object Repository/Факторный анализ/1 квартал 2024 выбрать Выручка' successfully

06-11-2024T06:36:08 - [TEST_STEP][PASSED] - click(findTestObject("Факторный анализ/1 квартал 2024 выбрать Выручка")): Object: 'Object Repository/Факторный анализ/1 квартал 2024 выбрать Выручка' is clicked on

06-11-2024T06:36:09 - [MESSAGE][PASSED] - Object: 'Object Repository/Факторный анализ/1 квартал 2024 выбрать Выручка' is clicked on

06-11-2024T06:36:09 - [TEST_STEP][PASSED] - scrollToElement(findTestObject("Факторный анализ/2 квартал 2024 выбрать Выручка"), 30): Scroll to object 'Object Repository/Факторный анализ/2 квартал 2024 выбрать Выручка' successfully

06-11-2024T06:36:09 - [MESSAGE][PASSED] - Scroll to object 'Object Repository/Факторный анализ/2 квартал 2024 выбрать Выручка' successfully

06-11-2024T06:36:09 - [TEST_STEP][PASSED] - click(findTestObject("Факторный анализ/2 квартал 2024 выбрать Выручка"), CONTINUE_ON_FAILURE): Object: 'Object Repository/Факторный анализ/2 квартал 2024 выбрать Выручка' is clicked on

06-11-2024T06:36:09 - [MESSAGE][PASSED] - Object: 'Object Repository/Факторный анализ/2 квартал 2024 выбрать Выручка' is clicked on

06-11-2024T06:36:09 - [TEST_STEP][PASSED] - click(findTestObject("Факторный анализ/3 квартал 2024 выбрать Выручка"), CONTINUE_ON_FAILURE): Object: 'Object Repository/Факторный анализ/3 квартал 2024 выбрать Выручка' is clicked on

06-11-2024T06:36:10 - [MESSAGE][PASSED] - Object: 'Object Repository/Факторный анализ/3 квартал 2024 выбрать Выручка' is clicked on

06-11-2024T06:36:10 - [TEST_STEP][PASSED] - scrollToElement(findTestObject("Факторный анализ/Заголовок дашборда Выручка"), 30): Scroll to object 'Object Repository/Факторный анализ/Заголовок дашборда Выручка' successfully

06-11-2024T06:36:10 - [MESSAGE][PASSED] - Scroll to object 'Object Repository/Факторный анализ/Заголовок дашборда Выручка' successfully

06-11-2024T06:36:10 - [TEST_STEP][PASSED] - click(findTestObject("Факторный анализ/Применить в фильтре Дата Выручка")): Object: 'Object Repository/Факторный анализ/Применить в фильтре Дата Выручка' is clicked on

06-11-2024T06:36:11 - [MESSAGE][PASSED] - Object: 'Object Repository/Факторный анализ/Применить в фильтре Дата Выручка' is clicked on

06-11-2024T06:36:11 - [TEST_STEP][PASSED] - if (run == 1): null

06-11-2024T06:36:11 - [TEST_STEP][PASSED] - else: null

06-11-2024T06:36:11 - [TEST_STEP][PASSED] - click(findTestObject("Факторный анализ/Переключить отображение с филиала на месяц")): Object: 'Object Repository/Факторный анализ/Переключить отображение с филиала на месяц' is clicked on

06-11-2024T06:36:15 - [MESSAGE][PASSED] - Object: 'Object Repository/Факторный анализ/Переключить отображение с филиала на месяц' is clicked on

06-11-2024T06:36:15 - [TEST_STEP][PASSED] - b1 = replaceAll("\s+", "").trim(): Text of object 'Object Repository/Факторный анализ/span1 Выручка' is: '-383 585'

06-11-2024T06:36:15 - [MESSAGE][PASSED] - Text of object 'Object Repository/Факторный анализ/span1 Выручка' is: '-383 585'

06-11-2024T06:36:15 - [TEST_STEP][PASSED] - b2 = replaceAll("\s+", "").trim(): Text of object 'Object Repository/Факторный анализ/span2 Выручка' is: '17 144'

06-11-2024T06:36:15 - [MESSAGE][PASSED] - Text of object 'Object Repository/Факторный анализ/span2 Выручка' is: '17 144'

06-11-2024T06:36:15 - [TEST_STEP][PASSED] - println("b1: " + b1): null

06-11-2024T06:36:15 - [TEST_STEP][PASSED] - println("b2: " + b2): null

06-11-2024T06:36:15 - [TEST_STEP][PASSED] - vidget = "Отклонения выручки по факторам": null

06-11-2024T06:36:15 - [TEST_STEP][PASSED] - DZO = "ПАО Россети": null

06-11-2024T06:36:15 - [TEST_STEP][PASSED] - typeOfData = "Отклонение (объём услуг)": null

06-11-2024T06:36:15 - [TEST_STEP][PASSED] - Script1719551244403.Compare(x = a1, y = b1, run, typeOfData, otobrajeniyeDannyh, todaysDate, vidget, DZO): null

06-11-2024T06:36:15 - [TEST_STEP][PASSED] - if (verifyEqual(x, y) == true): Actual object '-383585' and expected object '-383585' are equal

06-11-2024T06:36:15 - [MESSAGE][PASSED] - Actual object '-383585' and expected object '-383585' are equal

06-11-2024T06:36:15 - [TEST_STEP][PASSED] - typeOfData = "Отклонение (средний тариф)": null

06-11-2024T06:36:15 - [TEST_STEP][PASSED] - Script1719551244403.Compare(x = a2, y = b2, run, typeOfData, otobrajeniyeDannyh, todaysDate, vidget, DZO): null

06-11-2024T06:36:15 - [TEST_STEP][PASSED] - if (verifyEqual(x, y) == true): Actual object '17144' and expected object '17144' are equal

06-11-2024T06:36:15 - [MESSAGE][PASSED] - Actual object '17144' and expected object '17144' are equal

06-11-2024T06:36:15 - [TEST_STEP][PASSED] - tableB = getText(findTestObject("Факторный анализ/AllTable1 Выручка")).replaceAll("[\r?
|
]", "/"): Text of object 'Object Repository/Факторный анализ/AllTable1 Выручка' is: 'ДЗО
Филиал
Отклонение (объём услуг) филиал без Nan
Отклонение (средний тариф) филиал без Nan
АО «Тываэнерго» АО "Тываэнерго" 276 -37
АО «Чеченэнерго» АО «Чеченэнерго» 54 14
Россети Волга Мордовэнерго 169 -86
Оренбургэнерго 532 - 162
Пензаэнерго 259 -72
Самарские РС 395 -1 024
Саратовские РС 428 - 443
Ульяновские РС 231 - 201
Чувашэнерго - 126 126
Россети Кубань Кубаньэнерго 3 229 241
Россети Ленэнерго (ГК) Ленинградская область 1 191 598
г. Санкт-Петербург 2 106 -39
Россети Московский регион Московская область 4 566 - 535
г. Москва 2 812 57
Россети Северный Кавказ (ГК) Дагестанская энергосбытовая компания 0 0
Дагэнерго - 462 480
Ингушэнерго - 185 100
Каббалкэнерго 212 26
Карачаево-Черкесскэнерго 111 -9
Севкавказэнерго - 316 125
Ставропольэнерго 289 - 222
Россети Северо-Запад Архангельский филиал 63 -80
Вологодский филиал 229 -6
Карельский филиал -21 160
Мурманский филиал 102 64
Новгородский филиал 207 -40
Псковский филиал 146 -18
филиал в Республике Коми 10 23
Россети Сибирь (ГК) Алтайэнерго 275 275
Бурятэнерго -95 298
ГАЭС 114 -15
Красноярскэнерго 1 087 - 413
Кузбассэнерго-РЭС 329 205
Омскэнерго 127 - 112
Хакасэнерго 327 - 363
Читаэнерго -44 120
Россети Томск Томская распределительная компания 338 - 125
Россети Тюмень Россети Тюмень -3 853 - 459
Россети Урал (ГК) Пермэнерго 594 - 218
Свердловэнерго 805 233
Челябэнерго 973 - 671
Россети ФСК ЕЭС Итого по ФСК ЕЭС -16 312 -8 781
Россети Центр Белгородэнерго 299 111
Брянскэнерго 73 22
Воронежэнерго 602 133
Костромаэнерго 83 2
Курскэнерго 96 86
Липецкэнерго 731 - 322
Орелэнерго 148 -21
Смоленскэнерго 64 35
Тамбовэнерго 276 -4
Тверьэнерго 319 127
Ярэнерго 545 4
Россети Центр и Приволжье (ГК) Владимирэнерго 517 49
Ивэнерго 169 40
Калугаэнерго 558 -42
Кировэнерго 403 0
Мариэнерго 144 19
Нижновэнерго 658 231
Рязаньэнерго 259 47
Тулэнерго 733 - 209
Удмуртэнерго 294 3
Россети Юг (ГК) АО «ВМЭС» 153 41
Астраханьэнерго 73 90
Волгоградэнерго 392 - 310
Калмэнерго 58 -5
Ростовэнерго 779 44
Россети Янтарь Россети Янтарь 305 -28'

06-11-2024T06:36:16 - [MESSAGE][PASSED] - Text of object 'Object Repository/Факторный анализ/AllTable1 Выручка' is: 'ДЗО
Филиал
Отклонение (объём услуг) филиал без Nan
Отклонение (средний тариф) филиал без Nan
АО «Тываэнерго» АО "Тываэнерго" 276 -37
АО «Чеченэнерго» АО «Чеченэнерго» 54 14
Россети Волга Мордовэнерго 169 -86
Оренбургэнерго 532 - 162
Пензаэнерго 259 -72
Самарские РС 395 -1 024
Саратовские РС 428 - 443
Ульяновские РС 231 - 201
Чувашэнерго - 126 126
Россети Кубань Кубаньэнерго 3 229 241
Россети Ленэнерго (ГК) Ленинградская область 1 191 598
г. Санкт-Петербург 2 106 -39
Россети Московский регион Московская область 4 566 - 535
г. Москва 2 812 57
Россети Северный Кавказ (ГК) Дагестанская энергосбытовая компания 0 0
Дагэнерго - 462 480
Ингушэнерго - 185 100
Каббалкэнерго 212 26
Карачаево-Черкесскэнерго 111 -9
Севкавказэнерго - 316 125
Ставропольэнерго 289 - 222
Россети Северо-Запад Архангельский филиал 63 -80
Вологодский филиал 229 -6
Карельский филиал -21 160
Мурманский филиал 102 64
Новгородский филиал 207 -40
Псковский филиал 146 -18
филиал в Республике Коми 10 23
Россети Сибирь (ГК) Алтайэнерго 275 275
Бурятэнерго -95 298
ГАЭС 114 -15
Красноярскэнерго 1 087 - 413
Кузбассэнерго-РЭС 329 205
Омскэнерго 127 - 112
Хакасэнерго 327 - 363
Читаэнерго -44 120
Россети Томск Томская распределительная компания 338 - 125
Россети Тюмень Россети Тюмень -3 853 - 459
Россети Урал (ГК) Пермэнерго 594 - 218
Свердловэнерго 805 233
Челябэнерго 973 - 671
Россети ФСК ЕЭС Итого по ФСК ЕЭС -16 312 -8 781
Россети Центр Белгородэнерго 299 111
Брянскэнерго 73 22
Воронежэнерго 602 133
Костромаэнерго 83 2
Курскэнерго 96 86
Липецкэнерго 731 - 322
Орелэнерго 148 -21
Смоленскэнерго 64 35
Тамбовэнерго 276 -4
Тверьэнерго 319 127
Ярэнерго 545 4
Россети Центр и Приволжье (ГК) Владимирэнерго 517 49
Ивэнерго 169 40
Калугаэнерго 558 -42
Кировэнерго 403 0
Мариэнерго 144 19
Нижновэнерго 658 231
Рязаньэнерго 259 47
Тулэнерго 733 - 209
Удмуртэнерго 294 3
Россети Юг (ГК) АО «ВМЭС» 153 41
Астраханьэнерго 73 90
Волгоградэнерго 392 - 310
Калмэнерго 58 -5
Ростовэнерго 779 44
Россети Янтарь Россети Янтарь 305 -28'

06-11-2024T06:36:16 - [TEST_STEP][PASSED] - println("tableB: " + tableB): null

06-11-2024T06:36:16 - [TEST_STEP][PASSED] - for ([i = 1, i < 5, (i++)]): null

06-11-2024T06:36:16 - [TEST_STEP][PASSED] - ii = tableB.indexOf("/") + 1: null

06-11-2024T06:36:16 - [TEST_STEP][PASSED] - tableB = tableB.substring(ii, tableB.length()): null

06-11-2024T06:36:16 - [TEST_STEP][PASSED] - ii = tableB.indexOf("/") + 1: null

06-11-2024T06:36:16 - [TEST_STEP][PASSED] - tableB = tableB.substring(ii, tableB.length()): null

06-11-2024T06:36:16 - [TEST_STEP][PASSED] - ii = tableB.indexOf("/") + 1: null

06-11-2024T06:36:16 - [TEST_STEP][PASSED] - tableB = tableB.substring(ii, tableB.length()): null

06-11-2024T06:36:16 - [TEST_STEP][PASSED] - ii = tableB.indexOf("/") + 1: null

06-11-2024T06:36:16 - [TEST_STEP][PASSED] - tableB = tableB.substring(ii, tableB.length()): null

06-11-2024T06:36:16 - [TEST_STEP][PASSED] - println("tableB: " + tableB): null

06-11-2024T06:36:16 - [TEST_STEP][PASSED] - TyB = Script1719551244403.GetData(x = tableB): null

06-11-2024T06:36:16 - [TEST_STEP][PASSED] - i2 = <not implemented yet for class: org.codehaus.groovy.ast.expr.EmptyExpression>: null

06-11-2024T06:36:16 - [TEST_STEP][PASSED] - i2 = x.indexOf("/") + 1: null

06-11-2024T06:36:16 - [TEST_STEP][PASSED] - x = replaceAll("\p{P}", "").trim(): null

06-11-2024T06:36:16 - [TEST_STEP][PASSED] - return x: null

06-11-2024T06:36:16 - [TEST_STEP][PASSED] - println("TyB: " + TyB): null

06-11-2024T06:36:16 - [TEST_STEP][PASSED] - tableB = Script1719551244403.NewDZO(x = tableB): null

06-11-2024T06:36:16 - [TEST_STEP][PASSED] - i3 = <not implemented yet for class: org.codehaus.groovy.ast.expr.EmptyExpression>: null

06-11-2024T06:36:16 - [TEST_STEP][PASSED] - i3 = x.indexOf("/") + 1: null

06-11-2024T06:36:16 - [TEST_STEP][PASSED] - x = x.substring(i3, x.length()): null

06-11-2024T06:36:16 - [TEST_STEP][PASSED] - return x: null

06-11-2024T06:36:16 - [TEST_STEP][PASSED] - ChB = Script1719551244403.GetData(x = tableB): null

06-11-2024T06:36:16 - [TEST_STEP][PASSED] - i2 = <not implemented yet for class: org.codehaus.groovy.ast.expr.EmptyExpression>: null

06-11-2024T06:36:16 - [TEST_STEP][PASSED] - i2 = x.indexOf("/") + 1: null

06-11-2024T06:36:16 - [TEST_STEP][PASSED] - x = replaceAll("\p{P}", "").trim(): null

06-11-2024T06:36:16 - [TEST_STEP][PASSED] - return x: null

06-11-2024T06:36:16 - [TEST_STEP][PASSED] - println("ChB: " + ChB): null

06-11-2024T06:36:16 - [TEST_STEP][PASSED] - tableB = Script1719551244403.NewDZO(x = tableB): null

06-11-2024T06:36:16 - [TEST_STEP][PASSED] - i3 = <not implemented yet for class: org.codehaus.groovy.ast.expr.EmptyExpression>: null

06-11-2024T06:36:16 - [TEST_STEP][PASSED] - i3 = x.indexOf("/") + 1: null

06-11-2024T06:36:16 - [TEST_STEP][PASSED] - x = x.substring(i3, x.length()): null

06-11-2024T06:36:16 - [TEST_STEP][PASSED] - return x: null

06-11-2024T06:36:16 - [TEST_STEP][PASSED] - i = tableB.indexOf("Кубань"): null

06-11-2024T06:36:16 - [TEST_STEP][PASSED] - VB = replaceAll("\p{P}", "").trim(): null

06-11-2024T06:36:16 - [TEST_STEP][PASSED] - println("VB: " + VB): null

06-11-2024T06:36:16 - [TEST_STEP][PASSED] - for ([i = 1, i < 8, (i++)]): null

06-11-2024T06:36:16 - [TEST_STEP][PASSED] - tableB = Script1719551244403.NewDZO(x = tableB): null

06-11-2024T06:36:16 - [TEST_STEP][PASSED] - i3 = <not implemented yet for class: org.codehaus.groovy.ast.expr.EmptyExpression>: null

06-11-2024T06:36:16 - [TEST_STEP][PASSED] - i3 = x.indexOf("/") + 1: null

06-11-2024T06:36:16 - [TEST_STEP][PASSED] - x = x.substring(i3, x.length()): null

06-11-2024T06:36:16 - [TEST_STEP][PASSED] - return x: null

06-11-2024T06:36:16 - [TEST_STEP][PASSED] - tableB = Script1719551244403.NewDZO(x = tableB): null

06-11-2024T06:36:16 - [TEST_STEP][PASSED] - i3 = <not implemented yet for class: org.codehaus.groovy.ast.expr.EmptyExpression>: null

06-11-2024T06:36:16 - [TEST_STEP][PASSED] - i3 = x.indexOf("/") + 1: null

06-11-2024T06:36:16 - [TEST_STEP][PASSED] - x = x.substring(i3, x.length()): null

06-11-2024T06:36:16 - [TEST_STEP][PASSED] - return x: null

06-11-2024T06:36:16 - [TEST_STEP][PASSED] - tableB = Script1719551244403.NewDZO(x = tableB): null

06-11-2024T06:36:16 - [TEST_STEP][PASSED] - i3 = <not implemented yet for class: org.codehaus.groovy.ast.expr.EmptyExpression>: null

06-11-2024T06:36:16 - [TEST_STEP][PASSED] - i3 = x.indexOf("/") + 1: null

06-11-2024T06:36:16 - [TEST_STEP][PASSED] - x = x.substring(i3, x.length()): null

06-11-2024T06:36:16 - [TEST_STEP][PASSED] - return x: null

06-11-2024T06:36:16 - [TEST_STEP][PASSED] - tableB = Script1719551244403.NewDZO(x = tableB): null

06-11-2024T06:36:16 - [TEST_STEP][PASSED] - i3 = <not implemented yet for class: org.codehaus.groovy.ast.expr.EmptyExpression>: null

06-11-2024T06:36:16 - [TEST_STEP][PASSED] - i3 = x.indexOf("/") + 1: null

06-11-2024T06:36:16 - [TEST_STEP][PASSED] - x = x.substring(i3, x.length()): null

06-11-2024T06:36:16 - [TEST_STEP][PASSED] - return x: null

06-11-2024T06:36:16 - [TEST_STEP][PASSED] - tableB = Script1719551244403.NewDZO(x = tableB): null

06-11-2024T06:36:16 - [TEST_STEP][PASSED] - i3 = <not implemented yet for class: org.codehaus.groovy.ast.expr.EmptyExpression>: null

06-11-2024T06:36:16 - [TEST_STEP][PASSED] - i3 = x.indexOf("/") + 1: null

06-11-2024T06:36:16 - [TEST_STEP][PASSED] - x = x.substring(i3, x.length()): null

06-11-2024T06:36:16 - [TEST_STEP][PASSED] - return x: null

06-11-2024T06:36:16 - [TEST_STEP][PASSED] - tableB = Script1719551244403.NewDZO(x = tableB): null

06-11-2024T06:36:16 - [TEST_STEP][PASSED] - i3 = <not implemented yet for class: org.codehaus.groovy.ast.expr.EmptyExpression>: null

06-11-2024T06:36:16 - [TEST_STEP][PASSED] - i3 = x.indexOf("/") + 1: null

06-11-2024T06:36:16 - [TEST_STEP][PASSED] - x = x.substring(i3, x.length()): null

06-11-2024T06:36:16 - [TEST_STEP][PASSED] - return x: null

06-11-2024T06:36:16 - [TEST_STEP][PASSED] - tableB = Script1719551244403.NewDZO(x = tableB): null

06-11-2024T06:36:16 - [TEST_STEP][PASSED] - i3 = <not implemented yet for class: org.codehaus.groovy.ast.expr.EmptyExpression>: null

06-11-2024T06:36:16 - [TEST_STEP][PASSED] - i3 = x.indexOf("/") + 1: null

06-11-2024T06:36:16 - [TEST_STEP][PASSED] - x = x.substring(i3, x.length()): null

06-11-2024T06:36:16 - [TEST_STEP][PASSED] - return x: null

06-11-2024T06:36:16 - [TEST_STEP][PASSED] - i = tableB.indexOf("Ленэнерго"): null

06-11-2024T06:36:16 - [TEST_STEP][PASSED] - KuB = Script1719551244403.GetData(x = tableB): null

06-11-2024T06:36:16 - [TEST_STEP][PASSED] - i2 = <not implemented yet for class: org.codehaus.groovy.ast.expr.EmptyExpression>: null

06-11-2024T06:36:16 - [TEST_STEP][PASSED] - i2 = x.indexOf("/") + 1: null

06-11-2024T06:36:16 - [TEST_STEP][PASSED] - x = replaceAll("\p{P}", "").trim(): null

06-11-2024T06:36:16 - [TEST_STEP][PASSED] - return x: null

06-11-2024T06:36:16 - [TEST_STEP][PASSED] - println("KuB: " + KuB): null

06-11-2024T06:36:16 - [TEST_STEP][PASSED] - tableB = Script1719551244403.NewDZO(x = tableB): null

06-11-2024T06:36:16 - [TEST_STEP][PASSED] - i3 = <not implemented yet for class: org.codehaus.groovy.ast.expr.EmptyExpression>: null

06-11-2024T06:36:16 - [TEST_STEP][PASSED] - i3 = x.indexOf("/") + 1: null

06-11-2024T06:36:16 - [TEST_STEP][PASSED] - x = x.substring(i3, x.length()): null

06-11-2024T06:36:16 - [TEST_STEP][PASSED] - return x: null

06-11-2024T06:36:16 - [TEST_STEP][PASSED] - i = tableB.indexOf("Московский"): null

06-11-2024T06:36:16 - [TEST_STEP][PASSED] - LenB = replaceAll("\p{P}", "").trim(): null

06-11-2024T06:36:16 - [TEST_STEP][PASSED] - println("LenB: " + LenB): null

06-11-2024T06:36:16 - [TEST_STEP][PASSED] - tableB = Script1719551244403.NewDZO(x = tableB): null

06-11-2024T06:36:16 - [TEST_STEP][PASSED] - i3 = <not implemented yet for class: org.codehaus.groovy.ast.expr.EmptyExpression>: null

06-11-2024T06:36:16 - [TEST_STEP][PASSED] - i3 = x.indexOf("/") + 1: null

06-11-2024T06:36:16 - [TEST_STEP][PASSED] - x = x.substring(i3, x.length()): null

06-11-2024T06:36:16 - [TEST_STEP][PASSED] - return x: null

06-11-2024T06:36:16 - [TEST_STEP][PASSED] - tableB = Script1719551244403.NewDZO(x = tableB): null

06-11-2024T06:36:16 - [TEST_STEP][PASSED] - i3 = <not implemented yet for class: org.codehaus.groovy.ast.expr.EmptyExpression>: null

06-11-2024T06:36:16 - [TEST_STEP][PASSED] - i3 = x.indexOf("/") + 1: null

06-11-2024T06:36:16 - [TEST_STEP][PASSED] - x = x.substring(i3, x.length()): null

06-11-2024T06:36:16 - [TEST_STEP][PASSED] - return x: null

06-11-2024T06:36:16 - [TEST_STEP][PASSED] - i = tableB.indexOf("Кавказ"): null

06-11-2024T06:36:16 - [TEST_STEP][PASSED] - MosB = replaceAll("\p{P}", "").trim(): null

06-11-2024T06:36:16 - [TEST_STEP][PASSED] - println("MosB: " + MosB): null

06-11-2024T06:36:16 - [TEST_STEP][PASSED] - for ([i = 1, i < 3, (i++)]): null

06-11-2024T06:36:16 - [TEST_STEP][PASSED] - tableB = Script1719551244403.NewDZO(x = tableB): null

06-11-2024T06:36:16 - [TEST_STEP][PASSED] - i3 = <not implemented yet for class: org.codehaus.groovy.ast.expr.EmptyExpression>: null

06-11-2024T06:36:16 - [TEST_STEP][PASSED] - i3 = x.indexOf("/") + 1: null

06-11-2024T06:36:16 - [TEST_STEP][PASSED] - x = x.substring(i3, x.length()): null

06-11-2024T06:36:16 - [TEST_STEP][PASSED] - return x: null

06-11-2024T06:36:16 - [TEST_STEP][PASSED] - tableB = Script1719551244403.NewDZO(x = tableB): null

06-11-2024T06:36:16 - [TEST_STEP][PASSED] - i3 = <not implemented yet for class: org.codehaus.groovy.ast.expr.EmptyExpression>: null

06-11-2024T06:36:16 - [TEST_STEP][PASSED] - i3 = x.indexOf("/") + 1: null

06-11-2024T06:36:16 - [TEST_STEP][PASSED] - x = x.substring(i3, x.length()): null

06-11-2024T06:36:16 - [TEST_STEP][PASSED] - return x: null

06-11-2024T06:36:16 - [TEST_STEP][PASSED] - i = tableB.indexOf("Запад"): null

06-11-2024T06:36:16 - [TEST_STEP][PASSED] - SKB = replaceAll("\p{P}", "").trim(): null

06-11-2024T06:36:16 - [TEST_STEP][PASSED] - println("SKB: " + SKB): null

06-11-2024T06:36:16 - [TEST_STEP][PASSED] - for ([i = 1, i < 7, (i++)]): null

06-11-2024T06:36:16 - [TEST_STEP][PASSED] - tableB = Script1719551244403.NewDZO(x = tableB): null

06-11-2024T06:36:16 - [TEST_STEP][PASSED] - i3 = <not implemented yet for class: org.codehaus.groovy.ast.expr.EmptyExpression>: null

06-11-2024T06:36:16 - [TEST_STEP][PASSED] - i3 = x.indexOf("/") + 1: null

06-11-2024T06:36:16 - [TEST_STEP][PASSED] - x = x.substring(i3, x.length()): null

06-11-2024T06:36:16 - [TEST_STEP][PASSED] - return x: null

06-11-2024T06:36:16 - [TEST_STEP][PASSED] - tableB = Script1719551244403.NewDZO(x = tableB): null

06-11-2024T06:36:16 - [TEST_STEP][PASSED] - i3 = <not implemented yet for class: org.codehaus.groovy.ast.expr.EmptyExpression>: null

06-11-2024T06:36:16 - [TEST_STEP][PASSED] - i3 = x.indexOf("/") + 1: null

06-11-2024T06:36:16 - [TEST_STEP][PASSED] - x = x.substring(i3, x.length()): null

06-11-2024T06:36:16 - [TEST_STEP][PASSED] - return x: null

06-11-2024T06:36:16 - [TEST_STEP][PASSED] - tableB = Script1719551244403.NewDZO(x = tableB): null

06-11-2024T06:36:16 - [TEST_STEP][PASSED] - i3 = <not implemented yet for class: org.codehaus.groovy.ast.expr.EmptyExpression>: null

06-11-2024T06:36:16 - [TEST_STEP][PASSED] - i3 = x.indexOf("/") + 1: null

06-11-2024T06:36:16 - [TEST_STEP][PASSED] - x = x.substring(i3, x.length()): null

06-11-2024T06:36:16 - [TEST_STEP][PASSED] - return x: null

06-11-2024T06:36:16 - [TEST_STEP][PASSED] - tableB = Script1719551244403.NewDZO(x = tableB): null

06-11-2024T06:36:16 - [TEST_STEP][PASSED] - i3 = <not implemented yet for class: org.codehaus.groovy.ast.expr.EmptyExpression>: null

06-11-2024T06:36:16 - [TEST_STEP][PASSED] - i3 = x.indexOf("/") + 1: null

06-11-2024T06:36:16 - [TEST_STEP][PASSED] - x = x.substring(i3, x.length()): null

06-11-2024T06:36:16 - [TEST_STEP][PASSED] - return x: null

06-11-2024T06:36:16 - [TEST_STEP][PASSED] - tableB = Script1719551244403.NewDZO(x = tableB): null

06-11-2024T06:36:16 - [TEST_STEP][PASSED] - i3 = <not implemented yet for class: org.codehaus.groovy.ast.expr.EmptyExpression>: null

06-11-2024T06:36:16 - [TEST_STEP][PASSED] - i3 = x.indexOf("/") + 1: null

06-11-2024T06:36:16 - [TEST_STEP][PASSED] - x = x.substring(i3, x.length()): null

06-11-2024T06:36:16 - [TEST_STEP][PASSED] - return x: null

06-11-2024T06:36:16 - [TEST_STEP][PASSED] - tableB = Script1719551244403.NewDZO(x = tableB): null

06-11-2024T06:36:16 - [TEST_STEP][PASSED] - i3 = <not implemented yet for class: org.codehaus.groovy.ast.expr.EmptyExpression>: null

06-11-2024T06:36:16 - [TEST_STEP][PASSED] - i3 = x.indexOf("/") + 1: null

06-11-2024T06:36:16 - [TEST_STEP][PASSED] - x = x.substring(i3, x.length()): null

06-11-2024T06:36:16 - [TEST_STEP][PASSED] - return x: null

06-11-2024T06:36:16 - [TEST_STEP][PASSED] - i = tableB.indexOf("Сибирь"): null

06-11-2024T06:36:16 - [TEST_STEP][PASSED] - SZB = replaceAll("\p{P}", "").trim(): null

06-11-2024T06:36:16 - [TEST_STEP][PASSED] - println("SZB: " + SZB): null

06-11-2024T06:36:16 - [TEST_STEP][PASSED] - for ([i = 1, i < 8, (i++)]): null

06-11-2024T06:36:16 - [TEST_STEP][PASSED] - tableB = Script1719551244403.NewDZO(x = tableB): null

06-11-2024T06:36:16 - [TEST_STEP][PASSED] - i3 = <not implemented yet for class: org.codehaus.groovy.ast.expr.EmptyExpression>: null

06-11-2024T06:36:16 - [TEST_STEP][PASSED] - i3 = x.indexOf("/") + 1: null

06-11-2024T06:36:16 - [TEST_STEP][PASSED] - x = x.substring(i3, x.length()): null

06-11-2024T06:36:16 - [TEST_STEP][PASSED] - return x: null

06-11-2024T06:36:16 - [TEST_STEP][PASSED] - tableB = Script1719551244403.NewDZO(x = tableB): null

06-11-2024T06:36:16 - [TEST_STEP][PASSED] - i3 = <not implemented yet for class: org.codehaus.groovy.ast.expr.EmptyExpression>: null

06-11-2024T06:36:16 - [TEST_STEP][PASSED] - i3 = x.indexOf("/") + 1: null

06-11-2024T06:36:16 - [TEST_STEP][PASSED] - x = x.substring(i3, x.length()): null

06-11-2024T06:36:16 - [TEST_STEP][PASSED] - return x: null

06-11-2024T06:36:16 - [TEST_STEP][PASSED] - tableB = Script1719551244403.NewDZO(x = tableB): null

06-11-2024T06:36:16 - [TEST_STEP][PASSED] - i3 = <not implemented yet for class: org.codehaus.groovy.ast.expr.EmptyExpression>: null

06-11-2024T06:36:16 - [TEST_STEP][PASSED] - i3 = x.indexOf("/") + 1: null

06-11-2024T06:36:16 - [TEST_STEP][PASSED] - x = x.substring(i3, x.length()): null

06-11-2024T06:36:16 - [TEST_STEP][PASSED] - return x: null

06-11-2024T06:36:16 - [TEST_STEP][PASSED] - tableB = Script1719551244403.NewDZO(x = tableB): null

06-11-2024T06:36:16 - [TEST_STEP][PASSED] - i3 = <not implemented yet for class: org.codehaus.groovy.ast.expr.EmptyExpression>: null

06-11-2024T06:36:16 - [TEST_STEP][PASSED] - i3 = x.indexOf("/") + 1: null

06-11-2024T06:36:16 - [TEST_STEP][PASSED] - x = x.substring(i3, x.length()): null

06-11-2024T06:36:16 - [TEST_STEP][PASSED] - return x: null

06-11-2024T06:36:16 - [TEST_STEP][PASSED] - tableB = Script1719551244403.NewDZO(x = tableB): null

06-11-2024T06:36:16 - [TEST_STEP][PASSED] - i3 = <not implemented yet for class: org.codehaus.groovy.ast.expr.EmptyExpression>: null

06-11-2024T06:36:16 - [TEST_STEP][PASSED] - i3 = x.indexOf("/") + 1: null

06-11-2024T06:36:16 - [TEST_STEP][PASSED] - x = x.substring(i3, x.length()): null

06-11-2024T06:36:16 - [TEST_STEP][PASSED] - return x: null

06-11-2024T06:36:16 - [TEST_STEP][PASSED] - tableB = Script1719551244403.NewDZO(x = tableB): null

06-11-2024T06:36:16 - [TEST_STEP][PASSED] - i3 = <not implemented yet for class: org.codehaus.groovy.ast.expr.EmptyExpression>: null

06-11-2024T06:36:16 - [TEST_STEP][PASSED] - i3 = x.indexOf("/") + 1: null

06-11-2024T06:36:16 - [TEST_STEP][PASSED] - x = x.substring(i3, x.length()): null

06-11-2024T06:36:16 - [TEST_STEP][PASSED] - return x: null

06-11-2024T06:36:16 - [TEST_STEP][PASSED] - tableB = Script1719551244403.NewDZO(x = tableB): null

06-11-2024T06:36:16 - [TEST_STEP][PASSED] - i3 = <not implemented yet for class: org.codehaus.groovy.ast.expr.EmptyExpression>: null

06-11-2024T06:36:16 - [TEST_STEP][PASSED] - i3 = x.indexOf("/") + 1: null

06-11-2024T06:36:16 - [TEST_STEP][PASSED] - x = x.substring(i3, x.length()): null

06-11-2024T06:36:16 - [TEST_STEP][PASSED] - return x: null

06-11-2024T06:36:16 - [TEST_STEP][PASSED] - i = tableB.indexOf("Томск"): null

06-11-2024T06:36:16 - [TEST_STEP][PASSED] - SiB = replaceAll("\p{P}", "").trim(): null

06-11-2024T06:36:16 - [TEST_STEP][PASSED] - println("SiB: " + SiB): null

06-11-2024T06:36:16 - [TEST_STEP][PASSED] - for ([i = 1, i < 9, (i++)]): null

06-11-2024T06:36:16 - [TEST_STEP][PASSED] - tableB = Script1719551244403.NewDZO(x = tableB): null

06-11-2024T06:36:16 - [TEST_STEP][PASSED] - i3 = <not implemented yet for class: org.codehaus.groovy.ast.expr.EmptyExpression>: null

06-11-2024T06:36:16 - [TEST_STEP][PASSED] - i3 = x.indexOf("/") + 1: null

06-11-2024T06:36:16 - [TEST_STEP][PASSED] - x = x.substring(i3, x.length()): null

06-11-2024T06:36:16 - [TEST_STEP][PASSED] - return x: null

06-11-2024T06:36:16 - [TEST_STEP][PASSED] - tableB = Script1719551244403.NewDZO(x = tableB): null

06-11-2024T06:36:16 - [TEST_STEP][PASSED] - i3 = <not implemented yet for class: org.codehaus.groovy.ast.expr.EmptyExpression>: null

06-11-2024T06:36:16 - [TEST_STEP][PASSED] - i3 = x.indexOf("/") + 1: null

06-11-2024T06:36:16 - [TEST_STEP][PASSED] - x = x.substring(i3, x.length()): null

06-11-2024T06:36:16 - [TEST_STEP][PASSED] - return x: null

06-11-2024T06:36:16 - [TEST_STEP][PASSED] - tableB = Script1719551244403.NewDZO(x = tableB): null

06-11-2024T06:36:16 - [TEST_STEP][PASSED] - i3 = <not implemented yet for class: org.codehaus.groovy.ast.expr.EmptyExpression>: null

06-11-2024T06:36:16 - [TEST_STEP][PASSED] - i3 = x.indexOf("/") + 1: null

06-11-2024T06:36:16 - [TEST_STEP][PASSED] - x = x.substring(i3, x.length()): null

06-11-2024T06:36:16 - [TEST_STEP][PASSED] - return x: null

06-11-2024T06:36:16 - [TEST_STEP][PASSED] - tableB = Script1719551244403.NewDZO(x = tableB): null

06-11-2024T06:36:16 - [TEST_STEP][PASSED] - i3 = <not implemented yet for class: org.codehaus.groovy.ast.expr.EmptyExpression>: null

06-11-2024T06:36:16 - [TEST_STEP][PASSED] - i3 = x.indexOf("/") + 1: null

06-11-2024T06:36:16 - [TEST_STEP][PASSED] - x = x.substring(i3, x.length()): null

06-11-2024T06:36:16 - [TEST_STEP][PASSED] - return x: null

06-11-2024T06:36:16 - [TEST_STEP][PASSED] - tableB = Script1719551244403.NewDZO(x = tableB): null

06-11-2024T06:36:16 - [TEST_STEP][PASSED] - i3 = <not implemented yet for class: org.codehaus.groovy.ast.expr.EmptyExpression>: null

06-11-2024T06:36:16 - [TEST_STEP][PASSED] - i3 = x.indexOf("/") + 1: null

06-11-2024T06:36:16 - [TEST_STEP][PASSED] - x = x.substring(i3, x.length()): null

06-11-2024T06:36:16 - [TEST_STEP][PASSED] - return x: null

06-11-2024T06:36:16 - [TEST_STEP][PASSED] - tableB = Script1719551244403.NewDZO(x = tableB): null

06-11-2024T06:36:16 - [TEST_STEP][PASSED] - i3 = <not implemented yet for class: org.codehaus.groovy.ast.expr.EmptyExpression>: null

06-11-2024T06:36:16 - [TEST_STEP][PASSED] - i3 = x.indexOf("/") + 1: null

06-11-2024T06:36:16 - [TEST_STEP][PASSED] - x = x.substring(i3, x.length()): null

06-11-2024T06:36:16 - [TEST_STEP][PASSED] - return x: null

06-11-2024T06:36:16 - [TEST_STEP][PASSED] - tableB = Script1719551244403.NewDZO(x = tableB): null

06-11-2024T06:36:16 - [TEST_STEP][PASSED] - i3 = <not implemented yet for class: org.codehaus.groovy.ast.expr.EmptyExpression>: null

06-11-2024T06:36:16 - [TEST_STEP][PASSED] - i3 = x.indexOf("/") + 1: null

06-11-2024T06:36:16 - [TEST_STEP][PASSED] - x = x.substring(i3, x.length()): null

06-11-2024T06:36:16 - [TEST_STEP][PASSED] - return x: null

06-11-2024T06:36:16 - [TEST_STEP][PASSED] - tableB = Script1719551244403.NewDZO(x = tableB): null

06-11-2024T06:36:16 - [TEST_STEP][PASSED] - i3 = <not implemented yet for class: org.codehaus.groovy.ast.expr.EmptyExpression>: null

06-11-2024T06:36:16 - [TEST_STEP][PASSED] - i3 = x.indexOf("/") + 1: null

06-11-2024T06:36:16 - [TEST_STEP][PASSED] - x = x.substring(i3, x.length()): null

06-11-2024T06:36:16 - [TEST_STEP][PASSED] - return x: null

06-11-2024T06:36:16 - [TEST_STEP][PASSED] - i = tableB.indexOf("Тюмень"): null

06-11-2024T06:36:16 - [TEST_STEP][PASSED] - ToB = replaceAll("\p{P}", "").trim(): null

06-11-2024T06:36:16 - [TEST_STEP][PASSED] - println("ToB: " + ToB): null

06-11-2024T06:36:16 - [TEST_STEP][PASSED] - tableB = Script1719551244403.NewDZO(x = tableB): null

06-11-2024T06:36:16 - [TEST_STEP][PASSED] - i3 = <not implemented yet for class: org.codehaus.groovy.ast.expr.EmptyExpression>: null

06-11-2024T06:36:16 - [TEST_STEP][PASSED] - i3 = x.indexOf("/") + 1: null

06-11-2024T06:36:16 - [TEST_STEP][PASSED] - x = x.substring(i3, x.length()): null

06-11-2024T06:36:16 - [TEST_STEP][PASSED] - return x: null

06-11-2024T06:36:16 - [TEST_STEP][PASSED] - TyuB = replaceAll("\p{P}", "").trim(): null

06-11-2024T06:36:16 - [TEST_STEP][PASSED] - println("TyuB: " + TyuB): null

06-11-2024T06:36:16 - [TEST_STEP][PASSED] - tableB = Script1719551244403.NewDZO(x = tableB): null

06-11-2024T06:36:16 - [TEST_STEP][PASSED] - i3 = <not implemented yet for class: org.codehaus.groovy.ast.expr.EmptyExpression>: null

06-11-2024T06:36:16 - [TEST_STEP][PASSED] - i3 = x.indexOf("/") + 1: null

06-11-2024T06:36:16 - [TEST_STEP][PASSED] - x = x.substring(i3, x.length()): null

06-11-2024T06:36:16 - [TEST_STEP][PASSED] - return x: null

06-11-2024T06:36:16 - [TEST_STEP][PASSED] - i = tableB.indexOf("ЕЭС"): null

06-11-2024T06:36:16 - [TEST_STEP][PASSED] - UrB = replaceAll("\p{P}", "").trim(): null

06-11-2024T06:36:16 - [TEST_STEP][PASSED] - println("UrB: " + UrB): null

06-11-2024T06:36:16 - [TEST_STEP][PASSED] - for ([i = 1, i < 4, (i++)]): null

06-11-2024T06:36:16 - [TEST_STEP][PASSED] - tableB = Script1719551244403.NewDZO(x = tableB): null

06-11-2024T06:36:16 - [TEST_STEP][PASSED] - i3 = <not implemented yet for class: org.codehaus.groovy.ast.expr.EmptyExpression>: null

06-11-2024T06:36:16 - [TEST_STEP][PASSED] - i3 = x.indexOf("/") + 1: null

06-11-2024T06:36:16 - [TEST_STEP][PASSED] - x = x.substring(i3, x.length()): null

06-11-2024T06:36:16 - [TEST_STEP][PASSED] - return x: null

06-11-2024T06:36:16 - [TEST_STEP][PASSED] - tableB = Script1719551244403.NewDZO(x = tableB): null

06-11-2024T06:36:16 - [TEST_STEP][PASSED] - i3 = <not implemented yet for class: org.codehaus.groovy.ast.expr.EmptyExpression>: null

06-11-2024T06:36:16 - [TEST_STEP][PASSED] - i3 = x.indexOf("/") + 1: null

06-11-2024T06:36:16 - [TEST_STEP][PASSED] - x = x.substring(i3, x.length()): null

06-11-2024T06:36:16 - [TEST_STEP][PASSED] - return x: null

06-11-2024T06:36:16 - [TEST_STEP][PASSED] - tableB = Script1719551244403.NewDZO(x = tableB): null

06-11-2024T06:36:16 - [TEST_STEP][PASSED] - i3 = <not implemented yet for class: org.codehaus.groovy.ast.expr.EmptyExpression>: null

06-11-2024T06:36:16 - [TEST_STEP][PASSED] - i3 = x.indexOf("/") + 1: null

06-11-2024T06:36:16 - [TEST_STEP][PASSED] - x = x.substring(i3, x.length()): null

06-11-2024T06:36:16 - [TEST_STEP][PASSED] - return x: null

06-11-2024T06:36:16 - [TEST_STEP][PASSED] - i = tableB.indexOf("Центр"): null

06-11-2024T06:36:16 - [TEST_STEP][PASSED] - FSKB = replaceAll("\p{P}", "").trim(): null

06-11-2024T06:36:16 - [TEST_STEP][PASSED] - println("FSKB: " + FSKB): null

06-11-2024T06:36:16 - [TEST_STEP][PASSED] - tableB = Script1719551244403.NewDZO(x = tableB): null

06-11-2024T06:36:16 - [TEST_STEP][PASSED] - i3 = <not implemented yet for class: org.codehaus.groovy.ast.expr.EmptyExpression>: null

06-11-2024T06:36:16 - [TEST_STEP][PASSED] - i3 = x.indexOf("/") + 1: null

06-11-2024T06:36:16 - [TEST_STEP][PASSED] - x = x.substring(i3, x.length()): null

06-11-2024T06:36:16 - [TEST_STEP][PASSED] - return x: null

06-11-2024T06:36:16 - [TEST_STEP][PASSED] - i = tableB.indexOf("Приволжье"): null

06-11-2024T06:36:16 - [TEST_STEP][PASSED] - CenB = replaceAll("\p{P}", "").trim(): null

06-11-2024T06:36:16 - [TEST_STEP][PASSED] - println("CenB: " + CenB): null

06-11-2024T06:36:16 - [TEST_STEP][PASSED] - for ([i = 1, i < 12, (i++)]): null

06-11-2024T06:36:16 - [TEST_STEP][PASSED] - tableB = Script1719551244403.NewDZO(x = tableB): null

06-11-2024T06:36:16 - [TEST_STEP][PASSED] - i3 = <not implemented yet for class: org.codehaus.groovy.ast.expr.EmptyExpression>: null

06-11-2024T06:36:16 - [TEST_STEP][PASSED] - i3 = x.indexOf("/") + 1: null

06-11-2024T06:36:16 - [TEST_STEP][PASSED] - x = x.substring(i3, x.length()): null

06-11-2024T06:36:16 - [TEST_STEP][PASSED] - return x: null

06-11-2024T06:36:16 - [TEST_STEP][PASSED] - tableB = Script1719551244403.NewDZO(x = tableB): null

06-11-2024T06:36:16 - [TEST_STEP][PASSED] - i3 = <not implemented yet for class: org.codehaus.groovy.ast.expr.EmptyExpression>: null

06-11-2024T06:36:16 - [TEST_STEP][PASSED] - i3 = x.indexOf("/") + 1: null

06-11-2024T06:36:16 - [TEST_STEP][PASSED] - x = x.substring(i3, x.length()): null

06-11-2024T06:36:16 - [TEST_STEP][PASSED] - return x: null

06-11-2024T06:36:16 - [TEST_STEP][PASSED] - tableB = Script1719551244403.NewDZO(x = tableB): null

06-11-2024T06:36:16 - [TEST_STEP][PASSED] - i3 = <not implemented yet for class: org.codehaus.groovy.ast.expr.EmptyExpression>: null

06-11-2024T06:36:16 - [TEST_STEP][PASSED] - i3 = x.indexOf("/") + 1: null

06-11-2024T06:36:16 - [TEST_STEP][PASSED] - x = x.substring(i3, x.length()): null

06-11-2024T06:36:16 - [TEST_STEP][PASSED] - return x: null

06-11-2024T06:36:16 - [TEST_STEP][PASSED] - tableB = Script1719551244403.NewDZO(x = tableB): null

06-11-2024T06:36:16 - [TEST_STEP][PASSED] - i3 = <not implemented yet for class: org.codehaus.groovy.ast.expr.EmptyExpression>: null

06-11-2024T06:36:16 - [TEST_STEP][PASSED] - i3 = x.indexOf("/") + 1: null

06-11-2024T06:36:16 - [TEST_STEP][PASSED] - x = x.substring(i3, x.length()): null

06-11-2024T06:36:16 - [TEST_STEP][PASSED] - return x: null

06-11-2024T06:36:16 - [TEST_STEP][PASSED] - tableB = Script1719551244403.NewDZO(x = tableB): null

06-11-2024T06:36:16 - [TEST_STEP][PASSED] - i3 = <not implemented yet for class: org.codehaus.groovy.ast.expr.EmptyExpression>: null

06-11-2024T06:36:16 - [TEST_STEP][PASSED] - i3 = x.indexOf("/") + 1: null

06-11-2024T06:36:16 - [TEST_STEP][PASSED] - x = x.substring(i3, x.length()): null

06-11-2024T06:36:16 - [TEST_STEP][PASSED] - return x: null

06-11-2024T06:36:16 - [TEST_STEP][PASSED] - tableB = Script1719551244403.NewDZO(x = tableB): null

06-11-2024T06:36:16 - [TEST_STEP][PASSED] - i3 = <not implemented yet for class: org.codehaus.groovy.ast.expr.EmptyExpression>: null

06-11-2024T06:36:16 - [TEST_STEP][PASSED] - i3 = x.indexOf("/") + 1: null

06-11-2024T06:36:16 - [TEST_STEP][PASSED] - x = x.substring(i3, x.length()): null

06-11-2024T06:36:16 - [TEST_STEP][PASSED] - return x: null

06-11-2024T06:36:16 - [TEST_STEP][PASSED] - tableB = Script1719551244403.NewDZO(x = tableB): null

06-11-2024T06:36:16 - [TEST_STEP][PASSED] - i3 = <not implemented yet for class: org.codehaus.groovy.ast.expr.EmptyExpression>: null

06-11-2024T06:36:16 - [TEST_STEP][PASSED] - i3 = x.indexOf("/") + 1: null

06-11-2024T06:36:16 - [TEST_STEP][PASSED] - x = x.substring(i3, x.length()): null

06-11-2024T06:36:16 - [TEST_STEP][PASSED] - return x: null

06-11-2024T06:36:16 - [TEST_STEP][PASSED] - tableB = Script1719551244403.NewDZO(x = tableB): null

06-11-2024T06:36:16 - [TEST_STEP][PASSED] - i3 = <not implemented yet for class: org.codehaus.groovy.ast.expr.EmptyExpression>: null

06-11-2024T06:36:16 - [TEST_STEP][PASSED] - i3 = x.indexOf("/") + 1: null

06-11-2024T06:36:16 - [TEST_STEP][PASSED] - x = x.substring(i3, x.length()): null

06-11-2024T06:36:16 - [TEST_STEP][PASSED] - return x: null

06-11-2024T06:36:16 - [TEST_STEP][PASSED] - tableB = Script1719551244403.NewDZO(x = tableB): null

06-11-2024T06:36:16 - [TEST_STEP][PASSED] - i3 = <not implemented yet for class: org.codehaus.groovy.ast.expr.EmptyExpression>: null

06-11-2024T06:36:16 - [TEST_STEP][PASSED] - i3 = x.indexOf("/") + 1: null

06-11-2024T06:36:16 - [TEST_STEP][PASSED] - x = x.substring(i3, x.length()): null

06-11-2024T06:36:16 - [TEST_STEP][PASSED] - return x: null

06-11-2024T06:36:16 - [TEST_STEP][PASSED] - tableB = Script1719551244403.NewDZO(x = tableB): null

06-11-2024T06:36:16 - [TEST_STEP][PASSED] - i3 = <not implemented yet for class: org.codehaus.groovy.ast.expr.EmptyExpression>: null

06-11-2024T06:36:16 - [TEST_STEP][PASSED] - i3 = x.indexOf("/") + 1: null

06-11-2024T06:36:16 - [TEST_STEP][PASSED] - x = x.substring(i3, x.length()): null

06-11-2024T06:36:16 - [TEST_STEP][PASSED] - return x: null

06-11-2024T06:36:16 - [TEST_STEP][PASSED] - tableB = Script1719551244403.NewDZO(x = tableB): null

06-11-2024T06:36:16 - [TEST_STEP][PASSED] - i3 = <not implemented yet for class: org.codehaus.groovy.ast.expr.EmptyExpression>: null

06-11-2024T06:36:16 - [TEST_STEP][PASSED] - i3 = x.indexOf("/") + 1: null

06-11-2024T06:36:16 - [TEST_STEP][PASSED] - x = x.substring(i3, x.length()): null

06-11-2024T06:36:16 - [TEST_STEP][PASSED] - return x: null

06-11-2024T06:36:16 - [TEST_STEP][PASSED] - i = tableB.indexOf("Юг"): null

06-11-2024T06:36:16 - [TEST_STEP][PASSED] - CiPB = replaceAll("\p{P}", "").trim(): null

06-11-2024T06:36:16 - [TEST_STEP][PASSED] - println("CiPB: " + CiPB): null

06-11-2024T06:36:16 - [TEST_STEP][PASSED] - for ([i = 1, i < 10, (i++)]): null

06-11-2024T06:36:16 - [TEST_STEP][PASSED] - tableB = Script1719551244403.NewDZO(x = tableB): null

06-11-2024T06:36:16 - [TEST_STEP][PASSED] - i3 = <not implemented yet for class: org.codehaus.groovy.ast.expr.EmptyExpression>: null

06-11-2024T06:36:16 - [TEST_STEP][PASSED] - i3 = x.indexOf("/") + 1: null

06-11-2024T06:36:16 - [TEST_STEP][PASSED] - x = x.substring(i3, x.length()): null

06-11-2024T06:36:16 - [TEST_STEP][PASSED] - return x: null

06-11-2024T06:36:16 - [TEST_STEP][PASSED] - tableB = Script1719551244403.NewDZO(x = tableB): null

06-11-2024T06:36:16 - [TEST_STEP][PASSED] - i3 = <not implemented yet for class: org.codehaus.groovy.ast.expr.EmptyExpression>: null

06-11-2024T06:36:16 - [TEST_STEP][PASSED] - i3 = x.indexOf("/") + 1: null

06-11-2024T06:36:16 - [TEST_STEP][PASSED] - x = x.substring(i3, x.length()): null

06-11-2024T06:36:16 - [TEST_STEP][PASSED] - return x: null

06-11-2024T06:36:16 - [TEST_STEP][PASSED] - tableB = Script1719551244403.NewDZO(x = tableB): null

06-11-2024T06:36:16 - [TEST_STEP][PASSED] - i3 = <not implemented yet for class: org.codehaus.groovy.ast.expr.EmptyExpression>: null

06-11-2024T06:36:16 - [TEST_STEP][PASSED] - i3 = x.indexOf("/") + 1: null

06-11-2024T06:36:16 - [TEST_STEP][PASSED] - x = x.substring(i3, x.length()): null

06-11-2024T06:36:16 - [TEST_STEP][PASSED] - return x: null

06-11-2024T06:36:16 - [TEST_STEP][PASSED] - tableB = Script1719551244403.NewDZO(x = tableB): null

06-11-2024T06:36:16 - [TEST_STEP][PASSED] - i3 = <not implemented yet for class: org.codehaus.groovy.ast.expr.EmptyExpression>: null

06-11-2024T06:36:16 - [TEST_STEP][PASSED] - i3 = x.indexOf("/") + 1: null

06-11-2024T06:36:16 - [TEST_STEP][PASSED] - x = x.substring(i3, x.length()): null

06-11-2024T06:36:16 - [TEST_STEP][PASSED] - return x: null

06-11-2024T06:36:16 - [TEST_STEP][PASSED] - tableB = Script1719551244403.NewDZO(x = tableB): null

06-11-2024T06:36:16 - [TEST_STEP][PASSED] - i3 = <not implemented yet for class: org.codehaus.groovy.ast.expr.EmptyExpression>: null

06-11-2024T06:36:16 - [TEST_STEP][PASSED] - i3 = x.indexOf("/") + 1: null

06-11-2024T06:36:16 - [TEST_STEP][PASSED] - x = x.substring(i3, x.length()): null

06-11-2024T06:36:16 - [TEST_STEP][PASSED] - return x: null

06-11-2024T06:36:16 - [TEST_STEP][PASSED] - tableB = Script1719551244403.NewDZO(x = tableB): null

06-11-2024T06:36:16 - [TEST_STEP][PASSED] - i3 = <not implemented yet for class: org.codehaus.groovy.ast.expr.EmptyExpression>: null

06-11-2024T06:36:16 - [TEST_STEP][PASSED] - i3 = x.indexOf("/") + 1: null

06-11-2024T06:36:16 - [TEST_STEP][PASSED] - x = x.substring(i3, x.length()): null

06-11-2024T06:36:16 - [TEST_STEP][PASSED] - return x: null

06-11-2024T06:36:16 - [TEST_STEP][PASSED] - tableB = Script1719551244403.NewDZO(x = tableB): null

06-11-2024T06:36:16 - [TEST_STEP][PASSED] - i3 = <not implemented yet for class: org.codehaus.groovy.ast.expr.EmptyExpression>: null

06-11-2024T06:36:16 - [TEST_STEP][PASSED] - i3 = x.indexOf("/") + 1: null

06-11-2024T06:36:16 - [TEST_STEP][PASSED] - x = x.substring(i3, x.length()): null

06-11-2024T06:36:16 - [TEST_STEP][PASSED] - return x: null

06-11-2024T06:36:16 - [TEST_STEP][PASSED] - tableB = Script1719551244403.NewDZO(x = tableB): null

06-11-2024T06:36:16 - [TEST_STEP][PASSED] - i3 = <not implemented yet for class: org.codehaus.groovy.ast.expr.EmptyExpression>: null

06-11-2024T06:36:16 - [TEST_STEP][PASSED] - i3 = x.indexOf("/") + 1: null

06-11-2024T06:36:16 - [TEST_STEP][PASSED] - x = x.substring(i3, x.length()): null

06-11-2024T06:36:16 - [TEST_STEP][PASSED] - return x: null

06-11-2024T06:36:16 - [TEST_STEP][PASSED] - tableB = Script1719551244403.NewDZO(x = tableB): null

06-11-2024T06:36:16 - [TEST_STEP][PASSED] - i3 = <not implemented yet for class: org.codehaus.groovy.ast.expr.EmptyExpression>: null

06-11-2024T06:36:16 - [TEST_STEP][PASSED] - i3 = x.indexOf("/") + 1: null

06-11-2024T06:36:16 - [TEST_STEP][PASSED] - x = x.substring(i3, x.length()): null

06-11-2024T06:36:16 - [TEST_STEP][PASSED] - return x: null

06-11-2024T06:36:16 - [TEST_STEP][PASSED] - i = tableB.indexOf("Янтарь"): null

06-11-2024T06:36:16 - [TEST_STEP][PASSED] - UgB = replaceAll("\p{P}", "").trim(): null

06-11-2024T06:36:16 - [TEST_STEP][PASSED] - println("UgB: " + UgB): null

06-11-2024T06:36:16 - [TEST_STEP][PASSED] - i = tableB.lastIndexOf("/"): null

06-11-2024T06:36:16 - [TEST_STEP][PASSED] - YaB = replaceAll("\p{P}", "").trim(): null

06-11-2024T06:36:16 - [TEST_STEP][PASSED] - println("YaB: " + YaB): null

06-11-2024T06:36:16 - [TEST_STEP][PASSED] - vidget = "Отклонения выручки по факторам": null

06-11-2024T06:36:16 - [TEST_STEP][PASSED] - if (run == 2): null

06-11-2024T06:36:16 - [TEST_STEP][PASSED] - DZO = "АО «Тываэнерго»": null

06-11-2024T06:36:16 - [TEST_STEP][PASSED] - Script1719551244403.CompareDZO(x = TyA, y = TyB, run, typeOfData, otobrajeniyeDannyh, todaysDate, vidget, DZO): null

06-11-2024T06:36:16 - [TEST_STEP][PASSED] - x1 = x: null

06-11-2024T06:36:16 - [TEST_STEP][PASSED] - y1 = y: null

06-11-2024T06:36:16 - [TEST_STEP][PASSED] - i1 = <not implemented yet for class: org.codehaus.groovy.ast.expr.EmptyExpression>: null

06-11-2024T06:36:16 - [TEST_STEP][PASSED] - if (verifyEqual(x, y) == true): null

06-11-2024T06:36:16 - [MESSAGE][PASSED] - Actual object '276 37' and expected object '276 37' are equal

06-11-2024T06:36:16 - [TEST_STEP][PASSED] - DZO = "АО «Чеченэнерго»": null

06-11-2024T06:36:16 - [TEST_STEP][PASSED] - Script1719551244403.CompareDZO(x = ChA, y = ChB, run, typeOfData, otobrajeniyeDannyh, todaysDate, vidget, DZO): null

06-11-2024T06:36:16 - [TEST_STEP][PASSED] - x1 = x: null

06-11-2024T06:36:16 - [TEST_STEP][PASSED] - y1 = y: null

06-11-2024T06:36:16 - [TEST_STEP][PASSED] - i1 = <not implemented yet for class: org.codehaus.groovy.ast.expr.EmptyExpression>: null

06-11-2024T06:36:16 - [TEST_STEP][FAILED] - if (verifyEqual(x, y) == true): Unable to verify equal between actual object '3 339 14' and expected object '54 14' (Root cause: com.kms.katalon.core.exception.StepFailedException: Actual object '3 339 14' and expected object '54 14' are not equal
	at com.kms.katalon.core.keyword.builtin.VerifyEqualKeyword$_verifyEqual_closure1.doCall(VerifyEqualKeyword.groovy:58)
	at com.kms.katalon.core.keyword.builtin.VerifyEqualKeyword$_verifyEqual_closure1.call(VerifyEqualKeyword.groovy)
	at com.kms.katalon.core.keyword.internal.KeywordMain.runKeyword(KeywordMain.groovy:75)
	at com.kms.katalon.core.keyword.builtin.VerifyEqualKeyword.verifyEqual(VerifyEqualKeyword.groovy:63)
	at com.kms.katalon.core.keyword.builtin.VerifyEqualKeyword.execute(VerifyEqualKeyword.groovy:44)
	at com.kms.katalon.core.keyword.internal.KeywordExecutor.executeKeywordForPlatform(KeywordExecutor.groovy:74)
	at com.kms.katalon.core.keyword.BuiltinKeywords.verifyEqual(BuiltinKeywords.groovy:146)
	at jdk.internal.reflect.GeneratedMethodAccessor22.invoke(Unknown Source)
	at java.base/jdk.internal.reflect.DelegatingMethodAccessorImpl.invoke(DelegatingMethodAccessorImpl.java:43)
	at Факторный анализ сверка дашбордов.CompareDZO(Факторный анализ сверка дашбордов:679)
	at Факторный анализ сверка дашбордов.Test(Факторный анализ сверка дашбордов:593)
	at Факторный анализ сверка дашбордов.run(Факторный анализ сверка дашбордов:44)
	at com.kms.katalon.core.main.ScriptEngine.run(ScriptEngine.java:194)
	at com.kms.katalon.core.main.ScriptEngine.runScriptAsRawText(ScriptEngine.java:119)
	at com.kms.katalon.core.main.TestCaseExecutor.runScript(TestCaseExecutor.java:448)
	at com.kms.katalon.core.main.TestCaseExecutor.doExecute(TestCaseExecutor.java:439)
	at com.kms.katalon.core.main.TestCaseExecutor.processExecutionPhase(TestCaseExecutor.java:418)
	at com.kms.katalon.core.main.TestCaseExecutor.accessMainPhase(TestCaseExecutor.java:410)
	at com.kms.katalon.core.main.TestCaseExecutor.execute(TestCaseExecutor.java:285)
	at com.kms.katalon.core.common.CommonExecutor.accessTestCaseMainPhase(CommonExecutor.java:65)
	at com.kms.katalon.core.main.TestSuiteExecutor.accessTestSuiteMainPhase(TestSuiteExecutor.java:150)
	at com.kms.katalon.core.main.TestSuiteExecutor.execute(TestSuiteExecutor.java:106)
	at com.kms.katalon.core.main.TestCaseMain.startTestSuite(TestCaseMain.java:180)
	at TempTestSuite1730857927993.run(TempTestSuite1730857927993.groovy:35)
	at java.base/jdk.internal.reflect.NativeMethodAccessorImpl.invoke0(Native Method)
	at java.base/jdk.internal.reflect.NativeMethodAccessorImpl.invoke(NativeMethodAccessorImpl.java:77)
	at java.base/jdk.internal.reflect.DelegatingMethodAccessorImpl.invoke(DelegatingMethodAccessorImpl.java:43)
)

06-11-2024T06:36:16 - [MESSAGE][FAILED] - Unable to verify equal between actual object '3 339 14' and expected object '54 14' (Root cause: com.kms.katalon.core.exception.StepFailedException: Actual object '3 339 14' and expected object '54 14' are not equal
	at com.kms.katalon.core.keyword.builtin.VerifyEqualKeyword$_verifyEqual_closure1.doCall(VerifyEqualKeyword.groovy:58)
	at com.kms.katalon.core.keyword.builtin.VerifyEqualKeyword$_verifyEqual_closure1.call(VerifyEqualKeyword.groovy)
	at com.kms.katalon.core.keyword.internal.KeywordMain.runKeyword(KeywordMain.groovy:75)
	at com.kms.katalon.core.keyword.builtin.VerifyEqualKeyword.verifyEqual(VerifyEqualKeyword.groovy:63)
	at com.kms.katalon.core.keyword.builtin.VerifyEqualKeyword.execute(VerifyEqualKeyword.groovy:44)
	at com.kms.katalon.core.keyword.internal.KeywordExecutor.executeKeywordForPlatform(KeywordExecutor.groovy:74)
	at com.kms.katalon.core.keyword.BuiltinKeywords.verifyEqual(BuiltinKeywords.groovy:146)
	at jdk.internal.reflect.GeneratedMethodAccessor22.invoke(Unknown Source)
	at java.base/jdk.internal.reflect.DelegatingMethodAccessorImpl.invoke(DelegatingMethodAccessorImpl.java:43)
	at Факторный анализ сверка дашбордов.CompareDZO(Факторный анализ сверка дашбордов:679)
	at Факторный анализ сверка дашбордов.Test(Факторный анализ сверка дашбордов:593)
	at Факторный анализ сверка дашбордов.run(Факторный анализ сверка дашбордов:44)
	at com.kms.katalon.core.main.ScriptEngine.run(ScriptEngine.java:194)
	at com.kms.katalon.core.main.ScriptEngine.runScriptAsRawText(ScriptEngine.java:119)
	at com.kms.katalon.core.main.TestCaseExecutor.runScript(TestCaseExecutor.java:448)
	at com.kms.katalon.core.main.TestCaseExecutor.doExecute(TestCaseExecutor.java:439)
	at com.kms.katalon.core.main.TestCaseExecutor.processExecutionPhase(TestCaseExecutor.java:418)
	at com.kms.katalon.core.main.TestCaseExecutor.accessMainPhase(TestCaseExecutor.java:410)
	at com.kms.katalon.core.main.TestCaseExecutor.execute(TestCaseExecutor.java:285)
	at com.kms.katalon.core.common.CommonExecutor.accessTestCaseMainPhase(CommonExecutor.java:65)
	at com.kms.katalon.core.main.TestSuiteExecutor.accessTestSuiteMainPhase(TestSuiteExecutor.java:150)
	at com.kms.katalon.core.main.TestSuiteExecutor.execute(TestSuiteExecutor.java:106)
	at com.kms.katalon.core.main.TestCaseMain.startTestSuite(TestCaseMain.java:180)
	at TempTestSuite1730857927993.run(TempTestSuite1730857927993.groovy:35)
	at java.base/jdk.internal.reflect.NativeMethodAccessorImpl.invoke0(Native Method)
	at java.base/jdk.internal.reflect.NativeMethodAccessorImpl.invoke(NativeMethodAccessorImpl.java:77)
	at java.base/jdk.internal.reflect.DelegatingMethodAccessorImpl.invoke(DelegatingMethodAccessorImpl.java:43)
)

06-11-2024T06:36:16 - [TEST_STEP][PASSED] - else: null

06-11-2024T06:36:16 - [TEST_STEP][PASSED] - otobrajeniyeDannyh = "Все": null

06-11-2024T06:36:16 - [TEST_STEP][PASSED] - vidget = "Всего отклонения по факторам": null

06-11-2024T06:36:16 - [TEST_STEP][PASSED] - Script1719551244403.WriteToExcel(todaysDate, typeOfData, otobrajeniyeDannyh, x, y, vidget, DZO): null

06-11-2024T06:36:16 - [TEST_STEP][PASSED] - sheetName = "Sheet1": null

06-11-2024T06:36:16 - [TEST_STEP][PASSED] - data = findTestData("PlanFact"): null

06-11-2024T06:36:16 - [TEST_STEP][PASSED] - n = data.getRowNumbers() + 1: null

06-11-2024T06:36:16 - [TEST_STEP][PASSED] - period = getText(findTestObject("Факторный анализ/Фильтр Период")): Text of object 'Object Repository/Факторный анализ/Фильтр Период' is: '1, 2, 3 кв. 2024 года'

06-11-2024T06:36:16 - [MESSAGE][PASSED] - Text of object 'Object Repository/Факторный анализ/Фильтр Период' is: '1, 2, 3 кв. 2024 года'

06-11-2024T06:36:16 - [TEST_STEP][PASSED] - println(period): null

06-11-2024T06:36:16 - [TEST_STEP][PASSED] - dashboardName = "Факторный анализ": null

06-11-2024T06:36:16 - [TEST_STEP][PASSED] - workbook01 = getWorkbook(excelFilePath): null

06-11-2024T06:36:16 - [TEST_STEP][PASSED] - sheet01 = getExcelSheet(workbook01, sheetName): null

06-11-2024T06:36:16 - [TEST_STEP][PASSED] - setValueToCellByIndex(sheet01, n, 0, dashboardName): null

06-11-2024T06:36:16 - [TEST_STEP][PASSED] - setValueToCellByIndex(sheet01, n, 1, DZO): null

06-11-2024T06:36:16 - [TEST_STEP][PASSED] - setValueToCellByIndex(sheet01, n, 2, vidget): null

06-11-2024T06:36:16 - [TEST_STEP][PASSED] - setValueToCellByIndex(sheet01, n, 3, typeOfData): null

06-11-2024T06:36:16 - [TEST_STEP][PASSED] - setValueToCellByIndex(sheet01, n, 4, otobrajeniyeDannyh): null

06-11-2024T06:36:16 - [TEST_STEP][PASSED] - setValueToCellByIndex(sheet01, n, 5, period): null

06-11-2024T06:36:16 - [TEST_STEP][PASSED] - setValueToCellByIndex(sheet01, n, 6, todaysDate): null

06-11-2024T06:36:16 - [TEST_STEP][PASSED] - n = n + 1: null

06-11-2024T06:36:16 - [TEST_STEP][PASSED] - saveWorkbook(excelFilePath, workbook01): null

06-11-2024T06:36:17 - [TEST_STEP][PASSED] - DZO = "Россети Волга": null

06-11-2024T06:36:17 - [TEST_STEP][PASSED] - Script1719551244403.CompareDZO(x = VA, y = VB, run, typeOfData, otobrajeniyeDannyh, todaysDate, vidget, DZO): null

06-11-2024T06:36:17 - [TEST_STEP][PASSED] - x1 = x: null

06-11-2024T06:36:17 - [TEST_STEP][PASSED] - y1 = y: null

06-11-2024T06:36:17 - [TEST_STEP][PASSED] - i1 = <not implemented yet for class: org.codehaus.groovy.ast.expr.EmptyExpression>: null

06-11-2024T06:36:17 - [TEST_STEP][FAILED] - if (verifyEqual(x, y) == true): Unable to verify equal between actual object '2 825 86 11 247  162 6 748 72  13 058 1 024  13 303  443  4 845  201 4 186 126' and expected object '169 86 532  162 259 72  395 1 024  428  443  231  201  126 126' (Root cause: com.kms.katalon.core.exception.StepFailedException: Actual object '2 825 86 11 247  162 6 748 72  13 058 1 024  13 303  443  4 845  201 4 186 126' and expected object '169 86 532  162 259 72  395 1 024  428  443  231  201  126 126' are not equal
	at com.kms.katalon.core.keyword.builtin.VerifyEqualKeyword$_verifyEqual_closure1.doCall(VerifyEqualKeyword.groovy:58)
	at com.kms.katalon.core.keyword.builtin.VerifyEqualKeyword$_verifyEqual_closure1.call(VerifyEqualKeyword.groovy)
	at com.kms.katalon.core.keyword.internal.KeywordMain.runKeyword(KeywordMain.groovy:75)
	at com.kms.katalon.core.keyword.builtin.VerifyEqualKeyword.verifyEqual(VerifyEqualKeyword.groovy:63)
	at com.kms.katalon.core.keyword.builtin.VerifyEqualKeyword.execute(VerifyEqualKeyword.groovy:44)
	at com.kms.katalon.core.keyword.internal.KeywordExecutor.executeKeywordForPlatform(KeywordExecutor.groovy:74)
	at com.kms.katalon.core.keyword.BuiltinKeywords.verifyEqual(BuiltinKeywords.groovy:146)
	at jdk.internal.reflect.GeneratedMethodAccessor22.invoke(Unknown Source)
	at java.base/jdk.internal.reflect.DelegatingMethodAccessorImpl.invoke(DelegatingMethodAccessorImpl.java:43)
	at Факторный анализ сверка дашбордов.CompareDZO(Факторный анализ сверка дашбордов:679)
	at Факторный анализ сверка дашбордов.Test(Факторный анализ сверка дашбордов:597)
	at Факторный анализ сверка дашбордов.run(Факторный анализ сверка дашбордов:44)
	at com.kms.katalon.core.main.ScriptEngine.run(ScriptEngine.java:194)
	at com.kms.katalon.core.main.ScriptEngine.runScriptAsRawText(ScriptEngine.java:119)
	at com.kms.katalon.core.main.TestCaseExecutor.runScript(TestCaseExecutor.java:448)
	at com.kms.katalon.core.main.TestCaseExecutor.doExecute(TestCaseExecutor.java:439)
	at com.kms.katalon.core.main.TestCaseExecutor.processExecutionPhase(TestCaseExecutor.java:418)
	at com.kms.katalon.core.main.TestCaseExecutor.accessMainPhase(TestCaseExecutor.java:410)
	at com.kms.katalon.core.main.TestCaseExecutor.execute(TestCaseExecutor.java:285)
	at com.kms.katalon.core.common.CommonExecutor.accessTestCaseMainPhase(CommonExecutor.java:65)
	at com.kms.katalon.core.main.TestSuiteExecutor.accessTestSuiteMainPhase(TestSuiteExecutor.java:150)
	at com.kms.katalon.core.main.TestSuiteExecutor.execute(TestSuiteExecutor.java:106)
	at com.kms.katalon.core.main.TestCaseMain.startTestSuite(TestCaseMain.java:180)
	at TempTestSuite1730857927993.run(TempTestSuite1730857927993.groovy:35)
	at java.base/jdk.internal.reflect.NativeMethodAccessorImpl.invoke0(Native Method)
	at java.base/jdk.internal.reflect.NativeMethodAccessorImpl.invoke(NativeMethodAccessorImpl.java:77)
	at java.base/jdk.internal.reflect.DelegatingMethodAccessorImpl.invoke(DelegatingMethodAccessorImpl.java:43)
)

06-11-2024T06:36:17 - [MESSAGE][FAILED] - Unable to verify equal between actual object '2 825 86 11 247  162 6 748 72  13 058 1 024  13 303  443  4 845  201 4 186 126' and expected object '169 86 532  162 259 72  395 1 024  428  443  231  201  126 126' (Root cause: com.kms.katalon.core.exception.StepFailedException: Actual object '2 825 86 11 247  162 6 748 72  13 058 1 024  13 303  443  4 845  201 4 186 126' and expected object '169 86 532  162 259 72  395 1 024  428  443  231  201  126 126' are not equal
	at com.kms.katalon.core.keyword.builtin.VerifyEqualKeyword$_verifyEqual_closure1.doCall(VerifyEqualKeyword.groovy:58)
	at com.kms.katalon.core.keyword.builtin.VerifyEqualKeyword$_verifyEqual_closure1.call(VerifyEqualKeyword.groovy)
	at com.kms.katalon.core.keyword.internal.KeywordMain.runKeyword(KeywordMain.groovy:75)
	at com.kms.katalon.core.keyword.builtin.VerifyEqualKeyword.verifyEqual(VerifyEqualKeyword.groovy:63)
	at com.kms.katalon.core.keyword.builtin.VerifyEqualKeyword.execute(VerifyEqualKeyword.groovy:44)
	at com.kms.katalon.core.keyword.internal.KeywordExecutor.executeKeywordForPlatform(KeywordExecutor.groovy:74)
	at com.kms.katalon.core.keyword.BuiltinKeywords.verifyEqual(BuiltinKeywords.groovy:146)
	at jdk.internal.reflect.GeneratedMethodAccessor22.invoke(Unknown Source)
	at java.base/jdk.internal.reflect.DelegatingMethodAccessorImpl.invoke(DelegatingMethodAccessorImpl.java:43)
	at Факторный анализ сверка дашбордов.CompareDZO(Факторный анализ сверка дашбордов:679)
	at Факторный анализ сверка дашбордов.Test(Факторный анализ сверка дашбордов:597)
	at Факторный анализ сверка дашбордов.run(Факторный анализ сверка дашбордов:44)
	at com.kms.katalon.core.main.ScriptEngine.run(ScriptEngine.java:194)
	at com.kms.katalon.core.main.ScriptEngine.runScriptAsRawText(ScriptEngine.java:119)
	at com.kms.katalon.core.main.TestCaseExecutor.runScript(TestCaseExecutor.java:448)
	at com.kms.katalon.core.main.TestCaseExecutor.doExecute(TestCaseExecutor.java:439)
	at com.kms.katalon.core.main.TestCaseExecutor.processExecutionPhase(TestCaseExecutor.java:418)
	at com.kms.katalon.core.main.TestCaseExecutor.accessMainPhase(TestCaseExecutor.java:410)
	at com.kms.katalon.core.main.TestCaseExecutor.execute(TestCaseExecutor.java:285)
	at com.kms.katalon.core.common.CommonExecutor.accessTestCaseMainPhase(CommonExecutor.java:65)
	at com.kms.katalon.core.main.TestSuiteExecutor.accessTestSuiteMainPhase(TestSuiteExecutor.java:150)
	at com.kms.katalon.core.main.TestSuiteExecutor.execute(TestSuiteExecutor.java:106)
	at com.kms.katalon.core.main.TestCaseMain.startTestSuite(TestCaseMain.java:180)
	at TempTestSuite1730857927993.run(TempTestSuite1730857927993.groovy:35)
	at java.base/jdk.internal.reflect.NativeMethodAccessorImpl.invoke0(Native Method)
	at java.base/jdk.internal.reflect.NativeMethodAccessorImpl.invoke(NativeMethodAccessorImpl.java:77)
	at java.base/jdk.internal.reflect.DelegatingMethodAccessorImpl.invoke(DelegatingMethodAccessorImpl.java:43)
)

06-11-2024T06:36:17 - [TEST_STEP][PASSED] - else: null

06-11-2024T06:36:17 - [TEST_STEP][PASSED] - otobrajeniyeDannyh = "Все": null

06-11-2024T06:36:17 - [TEST_STEP][PASSED] - vidget = "Всего отклонения по факторам": null

06-11-2024T06:36:17 - [TEST_STEP][PASSED] - Script1719551244403.WriteToExcel(todaysDate, typeOfData, otobrajeniyeDannyh, x, y, vidget, DZO): null

06-11-2024T06:36:17 - [TEST_STEP][PASSED] - sheetName = "Sheet1": null

06-11-2024T06:36:17 - [TEST_STEP][PASSED] - data = findTestData("PlanFact"): null

06-11-2024T06:36:17 - [TEST_STEP][PASSED] - n = data.getRowNumbers() + 1: null

06-11-2024T06:36:17 - [TEST_STEP][PASSED] - period = getText(findTestObject("Факторный анализ/Фильтр Период")): Text of object 'Object Repository/Факторный анализ/Фильтр Период' is: '1, 2, 3 кв. 2024 года'

06-11-2024T06:36:17 - [MESSAGE][PASSED] - Text of object 'Object Repository/Факторный анализ/Фильтр Период' is: '1, 2, 3 кв. 2024 года'

06-11-2024T06:36:17 - [TEST_STEP][PASSED] - println(period): null

06-11-2024T06:36:17 - [TEST_STEP][PASSED] - dashboardName = "Факторный анализ": null

06-11-2024T06:36:17 - [TEST_STEP][PASSED] - workbook01 = getWorkbook(excelFilePath): null

06-11-2024T06:36:17 - [TEST_STEP][PASSED] - sheet01 = getExcelSheet(workbook01, sheetName): null

06-11-2024T06:36:17 - [TEST_STEP][PASSED] - setValueToCellByIndex(sheet01, n, 0, dashboardName): null

06-11-2024T06:36:17 - [TEST_STEP][PASSED] - setValueToCellByIndex(sheet01, n, 1, DZO): null

06-11-2024T06:36:17 - [TEST_STEP][PASSED] - setValueToCellByIndex(sheet01, n, 2, vidget): null

06-11-2024T06:36:17 - [TEST_STEP][PASSED] - setValueToCellByIndex(sheet01, n, 3, typeOfData): null

06-11-2024T06:36:17 - [TEST_STEP][PASSED] - setValueToCellByIndex(sheet01, n, 4, otobrajeniyeDannyh): null

06-11-2024T06:36:17 - [TEST_STEP][PASSED] - setValueToCellByIndex(sheet01, n, 5, period): null

06-11-2024T06:36:17 - [TEST_STEP][PASSED] - setValueToCellByIndex(sheet01, n, 6, todaysDate): null

06-11-2024T06:36:17 - [TEST_STEP][PASSED] - n = n + 1: null

06-11-2024T06:36:17 - [TEST_STEP][PASSED] - saveWorkbook(excelFilePath, workbook01): null

06-11-2024T06:36:17 - [TEST_STEP][PASSED] - DZO = "Россети Кубань": null

06-11-2024T06:36:17 - [TEST_STEP][PASSED] - Script1719551244403.CompareDZO(x = KuA, y = KuB, run, typeOfData, otobrajeniyeDannyh, todaysDate, vidget, DZO): null

06-11-2024T06:36:17 - [TEST_STEP][PASSED] - x1 = x: null

06-11-2024T06:36:17 - [TEST_STEP][PASSED] - y1 = y: null

06-11-2024T06:36:17 - [TEST_STEP][PASSED] - i1 = <not implemented yet for class: org.codehaus.groovy.ast.expr.EmptyExpression>: null

06-11-2024T06:36:17 - [TEST_STEP][FAILED] - if (verifyEqual(x, y) == true): Unable to verify equal between actual object '53 529 241' and expected object '3 229 241' (Root cause: com.kms.katalon.core.exception.StepFailedException: Actual object '53 529 241' and expected object '3 229 241' are not equal
	at com.kms.katalon.core.keyword.builtin.VerifyEqualKeyword$_verifyEqual_closure1.doCall(VerifyEqualKeyword.groovy:58)
	at com.kms.katalon.core.keyword.builtin.VerifyEqualKeyword$_verifyEqual_closure1.call(VerifyEqualKeyword.groovy)
	at com.kms.katalon.core.keyword.internal.KeywordMain.runKeyword(KeywordMain.groovy:75)
	at com.kms.katalon.core.keyword.builtin.VerifyEqualKeyword.verifyEqual(VerifyEqualKeyword.groovy:63)
	at com.kms.katalon.core.keyword.builtin.VerifyEqualKeyword.execute(VerifyEqualKeyword.groovy:44)
	at com.kms.katalon.core.keyword.internal.KeywordExecutor.executeKeywordForPlatform(KeywordExecutor.groovy:74)
	at com.kms.katalon.core.keyword.BuiltinKeywords.verifyEqual(BuiltinKeywords.groovy:146)
	at jdk.internal.reflect.GeneratedMethodAccessor22.invoke(Unknown Source)
	at java.base/jdk.internal.reflect.DelegatingMethodAccessorImpl.invoke(DelegatingMethodAccessorImpl.java:43)
	at Факторный анализ сверка дашбордов.CompareDZO(Факторный анализ сверка дашбордов:679)
	at Факторный анализ сверка дашбордов.Test(Факторный анализ сверка дашбордов:601)
	at Факторный анализ сверка дашбордов.run(Факторный анализ сверка дашбордов:44)
	at com.kms.katalon.core.main.ScriptEngine.run(ScriptEngine.java:194)
	at com.kms.katalon.core.main.ScriptEngine.runScriptAsRawText(ScriptEngine.java:119)
	at com.kms.katalon.core.main.TestCaseExecutor.runScript(TestCaseExecutor.java:448)
	at com.kms.katalon.core.main.TestCaseExecutor.doExecute(TestCaseExecutor.java:439)
	at com.kms.katalon.core.main.TestCaseExecutor.processExecutionPhase(TestCaseExecutor.java:418)
	at com.kms.katalon.core.main.TestCaseExecutor.accessMainPhase(TestCaseExecutor.java:410)
	at com.kms.katalon.core.main.TestCaseExecutor.execute(TestCaseExecutor.java:285)
	at com.kms.katalon.core.common.CommonExecutor.accessTestCaseMainPhase(CommonExecutor.java:65)
	at com.kms.katalon.core.main.TestSuiteExecutor.accessTestSuiteMainPhase(TestSuiteExecutor.java:150)
	at com.kms.katalon.core.main.TestSuiteExecutor.execute(TestSuiteExecutor.java:106)
	at com.kms.katalon.core.main.TestCaseMain.startTestSuite(TestCaseMain.java:180)
	at TempTestSuite1730857927993.run(TempTestSuite1730857927993.groovy:35)
	at java.base/jdk.internal.reflect.NativeMethodAccessorImpl.invoke0(Native Method)
	at java.base/jdk.internal.reflect.NativeMethodAccessorImpl.invoke(NativeMethodAccessorImpl.java:77)
	at java.base/jdk.internal.reflect.DelegatingMethodAccessorImpl.invoke(DelegatingMethodAccessorImpl.java:43)
)

06-11-2024T06:36:17 - [MESSAGE][FAILED] - Unable to verify equal between actual object '53 529 241' and expected object '3 229 241' (Root cause: com.kms.katalon.core.exception.StepFailedException: Actual object '53 529 241' and expected object '3 229 241' are not equal
	at com.kms.katalon.core.keyword.builtin.VerifyEqualKeyword$_verifyEqual_closure1.doCall(VerifyEqualKeyword.groovy:58)
	at com.kms.katalon.core.keyword.builtin.VerifyEqualKeyword$_verifyEqual_closure1.call(VerifyEqualKeyword.groovy)
	at com.kms.katalon.core.keyword.internal.KeywordMain.runKeyword(KeywordMain.groovy:75)
	at com.kms.katalon.core.keyword.builtin.VerifyEqualKeyword.verifyEqual(VerifyEqualKeyword.groovy:63)
	at com.kms.katalon.core.keyword.builtin.VerifyEqualKeyword.execute(VerifyEqualKeyword.groovy:44)
	at com.kms.katalon.core.keyword.internal.KeywordExecutor.executeKeywordForPlatform(KeywordExecutor.groovy:74)
	at com.kms.katalon.core.keyword.BuiltinKeywords.verifyEqual(BuiltinKeywords.groovy:146)
	at jdk.internal.reflect.GeneratedMethodAccessor22.invoke(Unknown Source)
	at java.base/jdk.internal.reflect.DelegatingMethodAccessorImpl.invoke(DelegatingMethodAccessorImpl.java:43)
	at Факторный анализ сверка дашбордов.CompareDZO(Факторный анализ сверка дашбордов:679)
	at Факторный анализ сверка дашбордов.Test(Факторный анализ сверка дашбордов:601)
	at Факторный анализ сверка дашбордов.run(Факторный анализ сверка дашбордов:44)
	at com.kms.katalon.core.main.ScriptEngine.run(ScriptEngine.java:194)
	at com.kms.katalon.core.main.ScriptEngine.runScriptAsRawText(ScriptEngine.java:119)
	at com.kms.katalon.core.main.TestCaseExecutor.runScript(TestCaseExecutor.java:448)
	at com.kms.katalon.core.main.TestCaseExecutor.doExecute(TestCaseExecutor.java:439)
	at com.kms.katalon.core.main.TestCaseExecutor.processExecutionPhase(TestCaseExecutor.java:418)
	at com.kms.katalon.core.main.TestCaseExecutor.accessMainPhase(TestCaseExecutor.java:410)
	at com.kms.katalon.core.main.TestCaseExecutor.execute(TestCaseExecutor.java:285)
	at com.kms.katalon.core.common.CommonExecutor.accessTestCaseMainPhase(CommonExecutor.java:65)
	at com.kms.katalon.core.main.TestSuiteExecutor.accessTestSuiteMainPhase(TestSuiteExecutor.java:150)
	at com.kms.katalon.core.main.TestSuiteExecutor.execute(TestSuiteExecutor.java:106)
	at com.kms.katalon.core.main.TestCaseMain.startTestSuite(TestCaseMain.java:180)
	at TempTestSuite1730857927993.run(TempTestSuite1730857927993.groovy:35)
	at java.base/jdk.internal.reflect.NativeMethodAccessorImpl.invoke0(Native Method)
	at java.base/jdk.internal.reflect.NativeMethodAccessorImpl.invoke(NativeMethodAccessorImpl.java:77)
	at java.base/jdk.internal.reflect.DelegatingMethodAccessorImpl.invoke(DelegatingMethodAccessorImpl.java:43)
)

06-11-2024T06:36:17 - [TEST_STEP][PASSED] - else: null

06-11-2024T06:36:17 - [TEST_STEP][PASSED] - otobrajeniyeDannyh = "Все": null

06-11-2024T06:36:17 - [TEST_STEP][PASSED] - vidget = "Всего отклонения по факторам": null

06-11-2024T06:36:17 - [TEST_STEP][PASSED] - Script1719551244403.WriteToExcel(todaysDate, typeOfData, otobrajeniyeDannyh, x, y, vidget, DZO): null

06-11-2024T06:36:17 - [TEST_STEP][PASSED] - sheetName = "Sheet1": null

06-11-2024T06:36:17 - [TEST_STEP][PASSED] - data = findTestData("PlanFact"): null

06-11-2024T06:36:17 - [TEST_STEP][PASSED] - n = data.getRowNumbers() + 1: null

06-11-2024T06:36:17 - [TEST_STEP][PASSED] - period = getText(findTestObject("Факторный анализ/Фильтр Период")): Text of object 'Object Repository/Факторный анализ/Фильтр Период' is: '1, 2, 3 кв. 2024 года'

06-11-2024T06:36:18 - [MESSAGE][PASSED] - Text of object 'Object Repository/Факторный анализ/Фильтр Период' is: '1, 2, 3 кв. 2024 года'

06-11-2024T06:36:18 - [TEST_STEP][PASSED] - println(period): null

06-11-2024T06:36:18 - [TEST_STEP][PASSED] - dashboardName = "Факторный анализ": null

06-11-2024T06:36:18 - [TEST_STEP][PASSED] - workbook01 = getWorkbook(excelFilePath): null

06-11-2024T06:36:18 - [TEST_STEP][PASSED] - sheet01 = getExcelSheet(workbook01, sheetName): null

06-11-2024T06:36:18 - [TEST_STEP][PASSED] - setValueToCellByIndex(sheet01, n, 0, dashboardName): null

06-11-2024T06:36:18 - [TEST_STEP][PASSED] - setValueToCellByIndex(sheet01, n, 1, DZO): null

06-11-2024T06:36:18 - [TEST_STEP][PASSED] - setValueToCellByIndex(sheet01, n, 2, vidget): null

06-11-2024T06:36:18 - [TEST_STEP][PASSED] - setValueToCellByIndex(sheet01, n, 3, typeOfData): null

06-11-2024T06:36:18 - [TEST_STEP][PASSED] - setValueToCellByIndex(sheet01, n, 4, otobrajeniyeDannyh): null

06-11-2024T06:36:18 - [TEST_STEP][PASSED] - setValueToCellByIndex(sheet01, n, 5, period): null

06-11-2024T06:36:18 - [TEST_STEP][PASSED] - setValueToCellByIndex(sheet01, n, 6, todaysDate): null

06-11-2024T06:36:18 - [TEST_STEP][PASSED] - n = n + 1: null

06-11-2024T06:36:18 - [TEST_STEP][PASSED] - saveWorkbook(excelFilePath, workbook01): null

06-11-2024T06:36:18 - [TEST_STEP][PASSED] - DZO = "Московский регион": null

06-11-2024T06:36:18 - [TEST_STEP][PASSED] - Script1719551244403.CompareDZO(x = MosA, y = MosB, run, typeOfData, otobrajeniyeDannyh, todaysDate, vidget, DZO): null

06-11-2024T06:36:18 - [TEST_STEP][PASSED] - x1 = x: null

06-11-2024T06:36:18 - [TEST_STEP][PASSED] - y1 = y: null

06-11-2024T06:36:18 - [TEST_STEP][PASSED] - i1 = <not implemented yet for class: org.codehaus.groovy.ast.expr.EmptyExpression>: null

06-11-2024T06:36:18 - [TEST_STEP][PASSED] - if (verifyEqual(x, y) == true): null

06-11-2024T06:36:18 - [MESSAGE][PASSED] - Actual object '4 566  535  2 812 57' and expected object '4 566  535  2 812 57' are equal

06-11-2024T06:36:18 - [TEST_STEP][PASSED] - DZO = "Россети Ленэнерго (ГК)": null

06-11-2024T06:36:18 - [TEST_STEP][PASSED] - Script1719551244403.CompareDZO(x = LenA, y = LenB, run, typeOfData, otobrajeniyeDannyh, todaysDate, vidget, DZO): null

06-11-2024T06:36:18 - [TEST_STEP][PASSED] - x1 = x: null

06-11-2024T06:36:18 - [TEST_STEP][PASSED] - y1 = y: null

06-11-2024T06:36:18 - [TEST_STEP][PASSED] - i1 = <not implemented yet for class: org.codehaus.groovy.ast.expr.EmptyExpression>: null

06-11-2024T06:36:18 - [TEST_STEP][FAILED] - if (verifyEqual(x, y) == true): Unable to verify equal between actual object '29 499 598  41 171 39' and expected object '1 191 598  2 106 39' (Root cause: com.kms.katalon.core.exception.StepFailedException: Actual object '29 499 598  41 171 39' and expected object '1 191 598  2 106 39' are not equal
	at com.kms.katalon.core.keyword.builtin.VerifyEqualKeyword$_verifyEqual_closure1.doCall(VerifyEqualKeyword.groovy:58)
	at com.kms.katalon.core.keyword.builtin.VerifyEqualKeyword$_verifyEqual_closure1.call(VerifyEqualKeyword.groovy)
	at com.kms.katalon.core.keyword.internal.KeywordMain.runKeyword(KeywordMain.groovy:75)
	at com.kms.katalon.core.keyword.builtin.VerifyEqualKeyword.verifyEqual(VerifyEqualKeyword.groovy:63)
	at com.kms.katalon.core.keyword.builtin.VerifyEqualKeyword.execute(VerifyEqualKeyword.groovy:44)
	at com.kms.katalon.core.keyword.internal.KeywordExecutor.executeKeywordForPlatform(KeywordExecutor.groovy:74)
	at com.kms.katalon.core.keyword.BuiltinKeywords.verifyEqual(BuiltinKeywords.groovy:146)
	at jdk.internal.reflect.GeneratedMethodAccessor22.invoke(Unknown Source)
	at java.base/jdk.internal.reflect.DelegatingMethodAccessorImpl.invoke(DelegatingMethodAccessorImpl.java:43)
	at Факторный анализ сверка дашбордов.CompareDZO(Факторный анализ сверка дашбордов:679)
	at Факторный анализ сверка дашбордов.Test(Факторный анализ сверка дашбордов:609)
	at Факторный анализ сверка дашбордов.run(Факторный анализ сверка дашбордов:44)
	at com.kms.katalon.core.main.ScriptEngine.run(ScriptEngine.java:194)
	at com.kms.katalon.core.main.ScriptEngine.runScriptAsRawText(ScriptEngine.java:119)
	at com.kms.katalon.core.main.TestCaseExecutor.runScript(TestCaseExecutor.java:448)
	at com.kms.katalon.core.main.TestCaseExecutor.doExecute(TestCaseExecutor.java:439)
	at com.kms.katalon.core.main.TestCaseExecutor.processExecutionPhase(TestCaseExecutor.java:418)
	at com.kms.katalon.core.main.TestCaseExecutor.accessMainPhase(TestCaseExecutor.java:410)
	at com.kms.katalon.core.main.TestCaseExecutor.execute(TestCaseExecutor.java:285)
	at com.kms.katalon.core.common.CommonExecutor.accessTestCaseMainPhase(CommonExecutor.java:65)
	at com.kms.katalon.core.main.TestSuiteExecutor.accessTestSuiteMainPhase(TestSuiteExecutor.java:150)
	at com.kms.katalon.core.main.TestSuiteExecutor.execute(TestSuiteExecutor.java:106)
	at com.kms.katalon.core.main.TestCaseMain.startTestSuite(TestCaseMain.java:180)
	at TempTestSuite1730857927993.run(TempTestSuite1730857927993.groovy:35)
	at java.base/jdk.internal.reflect.NativeMethodAccessorImpl.invoke0(Native Method)
	at java.base/jdk.internal.reflect.NativeMethodAccessorImpl.invoke(NativeMethodAccessorImpl.java:77)
	at java.base/jdk.internal.reflect.DelegatingMethodAccessorImpl.invoke(DelegatingMethodAccessorImpl.java:43)
)

06-11-2024T06:36:18 - [MESSAGE][FAILED] - Unable to verify equal between actual object '29 499 598  41 171 39' and expected object '1 191 598  2 106 39' (Root cause: com.kms.katalon.core.exception.StepFailedException: Actual object '29 499 598  41 171 39' and expected object '1 191 598  2 106 39' are not equal
	at com.kms.katalon.core.keyword.builtin.VerifyEqualKeyword$_verifyEqual_closure1.doCall(VerifyEqualKeyword.groovy:58)
	at com.kms.katalon.core.keyword.builtin.VerifyEqualKeyword$_verifyEqual_closure1.call(VerifyEqualKeyword.groovy)
	at com.kms.katalon.core.keyword.internal.KeywordMain.runKeyword(KeywordMain.groovy:75)
	at com.kms.katalon.core.keyword.builtin.VerifyEqualKeyword.verifyEqual(VerifyEqualKeyword.groovy:63)
	at com.kms.katalon.core.keyword.builtin.VerifyEqualKeyword.execute(VerifyEqualKeyword.groovy:44)
	at com.kms.katalon.core.keyword.internal.KeywordExecutor.executeKeywordForPlatform(KeywordExecutor.groovy:74)
	at com.kms.katalon.core.keyword.BuiltinKeywords.verifyEqual(BuiltinKeywords.groovy:146)
	at jdk.internal.reflect.GeneratedMethodAccessor22.invoke(Unknown Source)
	at java.base/jdk.internal.reflect.DelegatingMethodAccessorImpl.invoke(DelegatingMethodAccessorImpl.java:43)
	at Факторный анализ сверка дашбордов.CompareDZO(Факторный анализ сверка дашбордов:679)
	at Факторный анализ сверка дашбордов.Test(Факторный анализ сверка дашбордов:609)
	at Факторный анализ сверка дашбордов.run(Факторный анализ сверка дашбордов:44)
	at com.kms.katalon.core.main.ScriptEngine.run(ScriptEngine.java:194)
	at com.kms.katalon.core.main.ScriptEngine.runScriptAsRawText(ScriptEngine.java:119)
	at com.kms.katalon.core.main.TestCaseExecutor.runScript(TestCaseExecutor.java:448)
	at com.kms.katalon.core.main.TestCaseExecutor.doExecute(TestCaseExecutor.java:439)
	at com.kms.katalon.core.main.TestCaseExecutor.processExecutionPhase(TestCaseExecutor.java:418)
	at com.kms.katalon.core.main.TestCaseExecutor.accessMainPhase(TestCaseExecutor.java:410)
	at com.kms.katalon.core.main.TestCaseExecutor.execute(TestCaseExecutor.java:285)
	at com.kms.katalon.core.common.CommonExecutor.accessTestCaseMainPhase(CommonExecutor.java:65)
	at com.kms.katalon.core.main.TestSuiteExecutor.accessTestSuiteMainPhase(TestSuiteExecutor.java:150)
	at com.kms.katalon.core.main.TestSuiteExecutor.execute(TestSuiteExecutor.java:106)
	at com.kms.katalon.core.main.TestCaseMain.startTestSuite(TestCaseMain.java:180)
	at TempTestSuite1730857927993.run(TempTestSuite1730857927993.groovy:35)
	at java.base/jdk.internal.reflect.NativeMethodAccessorImpl.invoke0(Native Method)
	at java.base/jdk.internal.reflect.NativeMethodAccessorImpl.invoke(NativeMethodAccessorImpl.java:77)
	at java.base/jdk.internal.reflect.DelegatingMethodAccessorImpl.invoke(DelegatingMethodAccessorImpl.java:43)
)

06-11-2024T06:36:18 - [TEST_STEP][PASSED] - else: null

06-11-2024T06:36:18 - [TEST_STEP][PASSED] - otobrajeniyeDannyh = "Все": null

06-11-2024T06:36:18 - [TEST_STEP][PASSED] - vidget = "Всего отклонения по факторам": null

06-11-2024T06:36:18 - [TEST_STEP][PASSED] - Script1719551244403.WriteToExcel(todaysDate, typeOfData, otobrajeniyeDannyh, x, y, vidget, DZO): null

06-11-2024T06:36:18 - [TEST_STEP][PASSED] - sheetName = "Sheet1": null

06-11-2024T06:36:18 - [TEST_STEP][PASSED] - data = findTestData("PlanFact"): null

06-11-2024T06:36:18 - [TEST_STEP][PASSED] - n = data.getRowNumbers() + 1: null

06-11-2024T06:36:18 - [TEST_STEP][PASSED] - period = getText(findTestObject("Факторный анализ/Фильтр Период")): Text of object 'Object Repository/Факторный анализ/Фильтр Период' is: '1, 2, 3 кв. 2024 года'

06-11-2024T06:36:18 - [MESSAGE][PASSED] - Text of object 'Object Repository/Факторный анализ/Фильтр Период' is: '1, 2, 3 кв. 2024 года'

06-11-2024T06:36:18 - [TEST_STEP][PASSED] - println(period): null

06-11-2024T06:36:18 - [TEST_STEP][PASSED] - dashboardName = "Факторный анализ": null

06-11-2024T06:36:18 - [TEST_STEP][PASSED] - workbook01 = getWorkbook(excelFilePath): null

06-11-2024T06:36:18 - [TEST_STEP][PASSED] - sheet01 = getExcelSheet(workbook01, sheetName): null

06-11-2024T06:36:18 - [TEST_STEP][PASSED] - setValueToCellByIndex(sheet01, n, 0, dashboardName): null

06-11-2024T06:36:18 - [TEST_STEP][PASSED] - setValueToCellByIndex(sheet01, n, 1, DZO): null

06-11-2024T06:36:18 - [TEST_STEP][PASSED] - setValueToCellByIndex(sheet01, n, 2, vidget): null

06-11-2024T06:36:18 - [TEST_STEP][PASSED] - setValueToCellByIndex(sheet01, n, 3, typeOfData): null

06-11-2024T06:36:18 - [TEST_STEP][PASSED] - setValueToCellByIndex(sheet01, n, 4, otobrajeniyeDannyh): null

06-11-2024T06:36:18 - [TEST_STEP][PASSED] - setValueToCellByIndex(sheet01, n, 5, period): null

06-11-2024T06:36:18 - [TEST_STEP][PASSED] - setValueToCellByIndex(sheet01, n, 6, todaysDate): null

06-11-2024T06:36:18 - [TEST_STEP][PASSED] - n = n + 1: null

06-11-2024T06:36:18 - [TEST_STEP][PASSED] - saveWorkbook(excelFilePath, workbook01): null

06-11-2024T06:36:19 - [TEST_STEP][PASSED] - DZO = "Россети Северный Кавказ (ГК)": null

06-11-2024T06:36:19 - [TEST_STEP][PASSED] - Script1719551244403.CompareDZO(x = SKA, y = SKB, run, typeOfData, otobrajeniyeDannyh, todaysDate, vidget, DZO): null

06-11-2024T06:36:19 - [TEST_STEP][PASSED] - x1 = x: null

06-11-2024T06:36:19 - [TEST_STEP][PASSED] - y1 = y: null

06-11-2024T06:36:19 - [TEST_STEP][PASSED] - i1 = <not implemented yet for class: org.codehaus.groovy.ast.expr.EmptyExpression>: null

06-11-2024T06:36:19 - [TEST_STEP][FAILED] - if (verifyEqual(x, y) == true): Unable to verify equal between actual object '111 69 6 378 480 1 440 100 2 677 26 1 725 9 3 016 125 8 347  222' and expected object '0 0  462 480  185 100 212 26 111 9  316 125 289  222' (Root cause: com.kms.katalon.core.exception.StepFailedException: Actual object '111 69 6 378 480 1 440 100 2 677 26 1 725 9 3 016 125 8 347  222' and expected object '0 0  462 480  185 100 212 26 111 9  316 125 289  222' are not equal
	at com.kms.katalon.core.keyword.builtin.VerifyEqualKeyword$_verifyEqual_closure1.doCall(VerifyEqualKeyword.groovy:58)
	at com.kms.katalon.core.keyword.builtin.VerifyEqualKeyword$_verifyEqual_closure1.call(VerifyEqualKeyword.groovy)
	at com.kms.katalon.core.keyword.internal.KeywordMain.runKeyword(KeywordMain.groovy:75)
	at com.kms.katalon.core.keyword.builtin.VerifyEqualKeyword.verifyEqual(VerifyEqualKeyword.groovy:63)
	at com.kms.katalon.core.keyword.builtin.VerifyEqualKeyword.execute(VerifyEqualKeyword.groovy:44)
	at com.kms.katalon.core.keyword.internal.KeywordExecutor.executeKeywordForPlatform(KeywordExecutor.groovy:74)
	at com.kms.katalon.core.keyword.BuiltinKeywords.verifyEqual(BuiltinKeywords.groovy:146)
	at jdk.internal.reflect.GeneratedMethodAccessor22.invoke(Unknown Source)
	at java.base/jdk.internal.reflect.DelegatingMethodAccessorImpl.invoke(DelegatingMethodAccessorImpl.java:43)
	at Факторный анализ сверка дашбордов.CompareDZO(Факторный анализ сверка дашбордов:679)
	at Факторный анализ сверка дашбордов.Test(Факторный анализ сверка дашбордов:613)
	at Факторный анализ сверка дашбордов.run(Факторный анализ сверка дашбордов:44)
	at com.kms.katalon.core.main.ScriptEngine.run(ScriptEngine.java:194)
	at com.kms.katalon.core.main.ScriptEngine.runScriptAsRawText(ScriptEngine.java:119)
	at com.kms.katalon.core.main.TestCaseExecutor.runScript(TestCaseExecutor.java:448)
	at com.kms.katalon.core.main.TestCaseExecutor.doExecute(TestCaseExecutor.java:439)
	at com.kms.katalon.core.main.TestCaseExecutor.processExecutionPhase(TestCaseExecutor.java:418)
	at com.kms.katalon.core.main.TestCaseExecutor.accessMainPhase(TestCaseExecutor.java:410)
	at com.kms.katalon.core.main.TestCaseExecutor.execute(TestCaseExecutor.java:285)
	at com.kms.katalon.core.common.CommonExecutor.accessTestCaseMainPhase(CommonExecutor.java:65)
	at com.kms.katalon.core.main.TestSuiteExecutor.accessTestSuiteMainPhase(TestSuiteExecutor.java:150)
	at com.kms.katalon.core.main.TestSuiteExecutor.execute(TestSuiteExecutor.java:106)
	at com.kms.katalon.core.main.TestCaseMain.startTestSuite(TestCaseMain.java:180)
	at TempTestSuite1730857927993.run(TempTestSuite1730857927993.groovy:35)
	at java.base/jdk.internal.reflect.NativeMethodAccessorImpl.invoke0(Native Method)
	at java.base/jdk.internal.reflect.NativeMethodAccessorImpl.invoke(NativeMethodAccessorImpl.java:77)
	at java.base/jdk.internal.reflect.DelegatingMethodAccessorImpl.invoke(DelegatingMethodAccessorImpl.java:43)
)

06-11-2024T06:36:19 - [MESSAGE][FAILED] - Unable to verify equal between actual object '111 69 6 378 480 1 440 100 2 677 26 1 725 9 3 016 125 8 347  222' and expected object '0 0  462 480  185 100 212 26 111 9  316 125 289  222' (Root cause: com.kms.katalon.core.exception.StepFailedException: Actual object '111 69 6 378 480 1 440 100 2 677 26 1 725 9 3 016 125 8 347  222' and expected object '0 0  462 480  185 100 212 26 111 9  316 125 289  222' are not equal
	at com.kms.katalon.core.keyword.builtin.VerifyEqualKeyword$_verifyEqual_closure1.doCall(VerifyEqualKeyword.groovy:58)
	at com.kms.katalon.core.keyword.builtin.VerifyEqualKeyword$_verifyEqual_closure1.call(VerifyEqualKeyword.groovy)
	at com.kms.katalon.core.keyword.internal.KeywordMain.runKeyword(KeywordMain.groovy:75)
	at com.kms.katalon.core.keyword.builtin.VerifyEqualKeyword.verifyEqual(VerifyEqualKeyword.groovy:63)
	at com.kms.katalon.core.keyword.builtin.VerifyEqualKeyword.execute(VerifyEqualKeyword.groovy:44)
	at com.kms.katalon.core.keyword.internal.KeywordExecutor.executeKeywordForPlatform(KeywordExecutor.groovy:74)
	at com.kms.katalon.core.keyword.BuiltinKeywords.verifyEqual(BuiltinKeywords.groovy:146)
	at jdk.internal.reflect.GeneratedMethodAccessor22.invoke(Unknown Source)
	at java.base/jdk.internal.reflect.DelegatingMethodAccessorImpl.invoke(DelegatingMethodAccessorImpl.java:43)
	at Факторный анализ сверка дашбордов.CompareDZO(Факторный анализ сверка дашбордов:679)
	at Факторный анализ сверка дашбордов.Test(Факторный анализ сверка дашбордов:613)
	at Факторный анализ сверка дашбордов.run(Факторный анализ сверка дашбордов:44)
	at com.kms.katalon.core.main.ScriptEngine.run(ScriptEngine.java:194)
	at com.kms.katalon.core.main.ScriptEngine.runScriptAsRawText(ScriptEngine.java:119)
	at com.kms.katalon.core.main.TestCaseExecutor.runScript(TestCaseExecutor.java:448)
	at com.kms.katalon.core.main.TestCaseExecutor.doExecute(TestCaseExecutor.java:439)
	at com.kms.katalon.core.main.TestCaseExecutor.processExecutionPhase(TestCaseExecutor.java:418)
	at com.kms.katalon.core.main.TestCaseExecutor.accessMainPhase(TestCaseExecutor.java:410)
	at com.kms.katalon.core.main.TestCaseExecutor.execute(TestCaseExecutor.java:285)
	at com.kms.katalon.core.common.CommonExecutor.accessTestCaseMainPhase(CommonExecutor.java:65)
	at com.kms.katalon.core.main.TestSuiteExecutor.accessTestSuiteMainPhase(TestSuiteExecutor.java:150)
	at com.kms.katalon.core.main.TestSuiteExecutor.execute(TestSuiteExecutor.java:106)
	at com.kms.katalon.core.main.TestCaseMain.startTestSuite(TestCaseMain.java:180)
	at TempTestSuite1730857927993.run(TempTestSuite1730857927993.groovy:35)
	at java.base/jdk.internal.reflect.NativeMethodAccessorImpl.invoke0(Native Method)
	at java.base/jdk.internal.reflect.NativeMethodAccessorImpl.invoke(NativeMethodAccessorImpl.java:77)
	at java.base/jdk.internal.reflect.DelegatingMethodAccessorImpl.invoke(DelegatingMethodAccessorImpl.java:43)
)

06-11-2024T06:36:19 - [TEST_STEP][PASSED] - else: null

06-11-2024T06:36:19 - [TEST_STEP][PASSED] - otobrajeniyeDannyh = "Все": null

06-11-2024T06:36:19 - [TEST_STEP][PASSED] - vidget = "Всего отклонения по факторам": null

06-11-2024T06:36:19 - [TEST_STEP][PASSED] - Script1719551244403.WriteToExcel(todaysDate, typeOfData, otobrajeniyeDannyh, x, y, vidget, DZO): null

06-11-2024T06:36:19 - [TEST_STEP][PASSED] - sheetName = "Sheet1": null

06-11-2024T06:36:19 - [TEST_STEP][PASSED] - data = findTestData("PlanFact"): null

06-11-2024T06:36:19 - [TEST_STEP][PASSED] - n = data.getRowNumbers() + 1: null

06-11-2024T06:36:19 - [TEST_STEP][PASSED] - period = getText(findTestObject("Факторный анализ/Фильтр Период")): Text of object 'Object Repository/Факторный анализ/Фильтр Период' is: '1, 2, 3 кв. 2024 года'

06-11-2024T06:36:19 - [MESSAGE][PASSED] - Text of object 'Object Repository/Факторный анализ/Фильтр Период' is: '1, 2, 3 кв. 2024 года'

06-11-2024T06:36:19 - [TEST_STEP][PASSED] - println(period): null

06-11-2024T06:36:19 - [TEST_STEP][PASSED] - dashboardName = "Факторный анализ": null

06-11-2024T06:36:19 - [TEST_STEP][PASSED] - workbook01 = getWorkbook(excelFilePath): null

06-11-2024T06:36:19 - [TEST_STEP][PASSED] - sheet01 = getExcelSheet(workbook01, sheetName): null

06-11-2024T06:36:19 - [TEST_STEP][PASSED] - setValueToCellByIndex(sheet01, n, 0, dashboardName): null

06-11-2024T06:36:19 - [TEST_STEP][PASSED] - setValueToCellByIndex(sheet01, n, 1, DZO): null

06-11-2024T06:36:19 - [TEST_STEP][PASSED] - setValueToCellByIndex(sheet01, n, 2, vidget): null

06-11-2024T06:36:19 - [TEST_STEP][PASSED] - setValueToCellByIndex(sheet01, n, 3, typeOfData): null

06-11-2024T06:36:19 - [TEST_STEP][PASSED] - setValueToCellByIndex(sheet01, n, 4, otobrajeniyeDannyh): null

06-11-2024T06:36:19 - [TEST_STEP][PASSED] - setValueToCellByIndex(sheet01, n, 5, period): null

06-11-2024T06:36:19 - [TEST_STEP][PASSED] - setValueToCellByIndex(sheet01, n, 6, todaysDate): null

06-11-2024T06:36:19 - [TEST_STEP][PASSED] - n = n + 1: null

06-11-2024T06:36:19 - [TEST_STEP][PASSED] - saveWorkbook(excelFilePath, workbook01): null

06-11-2024T06:36:19 - [TEST_STEP][PASSED] - DZO = "Россети Северо-Запад": null

06-11-2024T06:36:19 - [TEST_STEP][PASSED] - Script1719551244403.CompareDZO(x = SZA, y = SZB, run, typeOfData, otobrajeniyeDannyh, todaysDate, vidget, DZO): null

06-11-2024T06:36:19 - [TEST_STEP][PASSED] - x1 = x: null

06-11-2024T06:36:19 - [TEST_STEP][PASSED] - y1 = y: null

06-11-2024T06:36:19 - [TEST_STEP][PASSED] - i1 = <not implemented yet for class: org.codehaus.groovy.ast.expr.EmptyExpression>: null

06-11-2024T06:36:19 - [TEST_STEP][FAILED] - if (verifyEqual(x, y) == true): Unable to verify equal between actual object '8 347  222    63 80  229 6  21 160  102 64  207 40  146 18    10 23' and expected object '289  222    63 80  229 6  21 160  102 64  207 40  146 18    10 23' (Root cause: com.kms.katalon.core.exception.StepFailedException: Actual object '8 347  222    63 80  229 6  21 160  102 64  207 40  146 18    10 23' and expected object '289  222    63 80  229 6  21 160  102 64  207 40  146 18    10 23' are not equal
	at com.kms.katalon.core.keyword.builtin.VerifyEqualKeyword$_verifyEqual_closure1.doCall(VerifyEqualKeyword.groovy:58)
	at com.kms.katalon.core.keyword.builtin.VerifyEqualKeyword$_verifyEqual_closure1.call(VerifyEqualKeyword.groovy)
	at com.kms.katalon.core.keyword.internal.KeywordMain.runKeyword(KeywordMain.groovy:75)
	at com.kms.katalon.core.keyword.builtin.VerifyEqualKeyword.verifyEqual(VerifyEqualKeyword.groovy:63)
	at com.kms.katalon.core.keyword.builtin.VerifyEqualKeyword.execute(VerifyEqualKeyword.groovy:44)
	at com.kms.katalon.core.keyword.internal.KeywordExecutor.executeKeywordForPlatform(KeywordExecutor.groovy:74)
	at com.kms.katalon.core.keyword.BuiltinKeywords.verifyEqual(BuiltinKeywords.groovy:146)
	at jdk.internal.reflect.GeneratedMethodAccessor22.invoke(Unknown Source)
	at java.base/jdk.internal.reflect.DelegatingMethodAccessorImpl.invoke(DelegatingMethodAccessorImpl.java:43)
	at Факторный анализ сверка дашбордов.CompareDZO(Факторный анализ сверка дашбордов:679)
	at Факторный анализ сверка дашбордов.Test(Факторный анализ сверка дашбордов:617)
	at Факторный анализ сверка дашбордов.run(Факторный анализ сверка дашбордов:44)
	at com.kms.katalon.core.main.ScriptEngine.run(ScriptEngine.java:194)
	at com.kms.katalon.core.main.ScriptEngine.runScriptAsRawText(ScriptEngine.java:119)
	at com.kms.katalon.core.main.TestCaseExecutor.runScript(TestCaseExecutor.java:448)
	at com.kms.katalon.core.main.TestCaseExecutor.doExecute(TestCaseExecutor.java:439)
	at com.kms.katalon.core.main.TestCaseExecutor.processExecutionPhase(TestCaseExecutor.java:418)
	at com.kms.katalon.core.main.TestCaseExecutor.accessMainPhase(TestCaseExecutor.java:410)
	at com.kms.katalon.core.main.TestCaseExecutor.execute(TestCaseExecutor.java:285)
	at com.kms.katalon.core.common.CommonExecutor.accessTestCaseMainPhase(CommonExecutor.java:65)
	at com.kms.katalon.core.main.TestSuiteExecutor.accessTestSuiteMainPhase(TestSuiteExecutor.java:150)
	at com.kms.katalon.core.main.TestSuiteExecutor.execute(TestSuiteExecutor.java:106)
	at com.kms.katalon.core.main.TestCaseMain.startTestSuite(TestCaseMain.java:180)
	at TempTestSuite1730857927993.run(TempTestSuite1730857927993.groovy:35)
	at java.base/jdk.internal.reflect.NativeMethodAccessorImpl.invoke0(Native Method)
	at java.base/jdk.internal.reflect.NativeMethodAccessorImpl.invoke(NativeMethodAccessorImpl.java:77)
	at java.base/jdk.internal.reflect.DelegatingMethodAccessorImpl.invoke(DelegatingMethodAccessorImpl.java:43)
)

06-11-2024T06:36:19 - [MESSAGE][FAILED] - Unable to verify equal between actual object '8 347  222    63 80  229 6  21 160  102 64  207 40  146 18    10 23' and expected object '289  222    63 80  229 6  21 160  102 64  207 40  146 18    10 23' (Root cause: com.kms.katalon.core.exception.StepFailedException: Actual object '8 347  222    63 80  229 6  21 160  102 64  207 40  146 18    10 23' and expected object '289  222    63 80  229 6  21 160  102 64  207 40  146 18    10 23' are not equal
	at com.kms.katalon.core.keyword.builtin.VerifyEqualKeyword$_verifyEqual_closure1.doCall(VerifyEqualKeyword.groovy:58)
	at com.kms.katalon.core.keyword.builtin.VerifyEqualKeyword$_verifyEqual_closure1.call(VerifyEqualKeyword.groovy)
	at com.kms.katalon.core.keyword.internal.KeywordMain.runKeyword(KeywordMain.groovy:75)
	at com.kms.katalon.core.keyword.builtin.VerifyEqualKeyword.verifyEqual(VerifyEqualKeyword.groovy:63)
	at com.kms.katalon.core.keyword.builtin.VerifyEqualKeyword.execute(VerifyEqualKeyword.groovy:44)
	at com.kms.katalon.core.keyword.internal.KeywordExecutor.executeKeywordForPlatform(KeywordExecutor.groovy:74)
	at com.kms.katalon.core.keyword.BuiltinKeywords.verifyEqual(BuiltinKeywords.groovy:146)
	at jdk.internal.reflect.GeneratedMethodAccessor22.invoke(Unknown Source)
	at java.base/jdk.internal.reflect.DelegatingMethodAccessorImpl.invoke(DelegatingMethodAccessorImpl.java:43)
	at Факторный анализ сверка дашбордов.CompareDZO(Факторный анализ сверка дашбордов:679)
	at Факторный анализ сверка дашбордов.Test(Факторный анализ сверка дашбордов:617)
	at Факторный анализ сверка дашбордов.run(Факторный анализ сверка дашбордов:44)
	at com.kms.katalon.core.main.ScriptEngine.run(ScriptEngine.java:194)
	at com.kms.katalon.core.main.ScriptEngine.runScriptAsRawText(ScriptEngine.java:119)
	at com.kms.katalon.core.main.TestCaseExecutor.runScript(TestCaseExecutor.java:448)
	at com.kms.katalon.core.main.TestCaseExecutor.doExecute(TestCaseExecutor.java:439)
	at com.kms.katalon.core.main.TestCaseExecutor.processExecutionPhase(TestCaseExecutor.java:418)
	at com.kms.katalon.core.main.TestCaseExecutor.accessMainPhase(TestCaseExecutor.java:410)
	at com.kms.katalon.core.main.TestCaseExecutor.execute(TestCaseExecutor.java:285)
	at com.kms.katalon.core.common.CommonExecutor.accessTestCaseMainPhase(CommonExecutor.java:65)
	at com.kms.katalon.core.main.TestSuiteExecutor.accessTestSuiteMainPhase(TestSuiteExecutor.java:150)
	at com.kms.katalon.core.main.TestSuiteExecutor.execute(TestSuiteExecutor.java:106)
	at com.kms.katalon.core.main.TestCaseMain.startTestSuite(TestCaseMain.java:180)
	at TempTestSuite1730857927993.run(TempTestSuite1730857927993.groovy:35)
	at java.base/jdk.internal.reflect.NativeMethodAccessorImpl.invoke0(Native Method)
	at java.base/jdk.internal.reflect.NativeMethodAccessorImpl.invoke(NativeMethodAccessorImpl.java:77)
	at java.base/jdk.internal.reflect.DelegatingMethodAccessorImpl.invoke(DelegatingMethodAccessorImpl.java:43)
)

06-11-2024T06:36:19 - [TEST_STEP][PASSED] - else: null

06-11-2024T06:36:19 - [TEST_STEP][PASSED] - otobrajeniyeDannyh = "Все": null

06-11-2024T06:36:19 - [TEST_STEP][PASSED] - vidget = "Всего отклонения по факторам": null

06-11-2024T06:36:19 - [TEST_STEP][PASSED] - Script1719551244403.WriteToExcel(todaysDate, typeOfData, otobrajeniyeDannyh, x, y, vidget, DZO): null

06-11-2024T06:36:19 - [TEST_STEP][PASSED] - sheetName = "Sheet1": null

06-11-2024T06:36:19 - [TEST_STEP][PASSED] - data = findTestData("PlanFact"): null

06-11-2024T06:36:19 - [TEST_STEP][PASSED] - n = data.getRowNumbers() + 1: null

06-11-2024T06:36:19 - [TEST_STEP][PASSED] - period = getText(findTestObject("Факторный анализ/Фильтр Период")): Text of object 'Object Repository/Факторный анализ/Фильтр Период' is: '1, 2, 3 кв. 2024 года'

06-11-2024T06:36:20 - [MESSAGE][PASSED] - Text of object 'Object Repository/Факторный анализ/Фильтр Период' is: '1, 2, 3 кв. 2024 года'

06-11-2024T06:36:20 - [TEST_STEP][PASSED] - println(period): null

06-11-2024T06:36:20 - [TEST_STEP][PASSED] - dashboardName = "Факторный анализ": null

06-11-2024T06:36:20 - [TEST_STEP][PASSED] - workbook01 = getWorkbook(excelFilePath): null

06-11-2024T06:36:20 - [TEST_STEP][PASSED] - sheet01 = getExcelSheet(workbook01, sheetName): null

06-11-2024T06:36:20 - [TEST_STEP][PASSED] - setValueToCellByIndex(sheet01, n, 0, dashboardName): null

06-11-2024T06:36:20 - [TEST_STEP][PASSED] - setValueToCellByIndex(sheet01, n, 1, DZO): null

06-11-2024T06:36:20 - [TEST_STEP][PASSED] - setValueToCellByIndex(sheet01, n, 2, vidget): null

06-11-2024T06:36:20 - [TEST_STEP][PASSED] - setValueToCellByIndex(sheet01, n, 3, typeOfData): null

06-11-2024T06:36:20 - [TEST_STEP][PASSED] - setValueToCellByIndex(sheet01, n, 4, otobrajeniyeDannyh): null

06-11-2024T06:36:20 - [TEST_STEP][PASSED] - setValueToCellByIndex(sheet01, n, 5, period): null

06-11-2024T06:36:20 - [TEST_STEP][PASSED] - setValueToCellByIndex(sheet01, n, 6, todaysDate): null

06-11-2024T06:36:20 - [TEST_STEP][PASSED] - n = n + 1: null

06-11-2024T06:36:20 - [TEST_STEP][PASSED] - saveWorkbook(excelFilePath, workbook01): null

06-11-2024T06:36:20 - [TEST_STEP][PASSED] - DZO = "Россети Сибирь (ГК)": null

06-11-2024T06:36:20 - [TEST_STEP][PASSED] - Script1719551244403.CompareDZO(x = SiA, y = SiB, run, typeOfData, otobrajeniyeDannyh, todaysDate, vidget, DZO): null

06-11-2024T06:36:20 - [TEST_STEP][PASSED] - x1 = x: null

06-11-2024T06:36:20 - [TEST_STEP][PASSED] - y1 = y: null

06-11-2024T06:36:20 - [TEST_STEP][PASSED] - i1 = <not implemented yet for class: org.codehaus.groovy.ast.expr.EmptyExpression>: null

06-11-2024T06:36:20 - [TEST_STEP][PASSED] - if (verifyEqual(x, y) == true): null

06-11-2024T06:36:20 - [MESSAGE][PASSED] - Actual object '10 23    275 275 95 298 114 15 1 087  413 329 205 127  112 327  363 44 120' and expected object '10 23    275 275 95 298 114 15 1 087  413 329 205 127  112 327  363 44 120' are equal

06-11-2024T06:36:20 - [TEST_STEP][PASSED] - DZO = "Россети Томск": null

06-11-2024T06:36:20 - [TEST_STEP][PASSED] - Script1719551244403.CompareDZO(x = ToA, y = ToB, run, typeOfData, otobrajeniyeDannyh, todaysDate, vidget, DZO): null

06-11-2024T06:36:20 - [TEST_STEP][PASSED] - x1 = x: null

06-11-2024T06:36:20 - [TEST_STEP][PASSED] - y1 = y: null

06-11-2024T06:36:20 - [TEST_STEP][PASSED] - i1 = <not implemented yet for class: org.codehaus.groovy.ast.expr.EmptyExpression>: null

06-11-2024T06:36:20 - [TEST_STEP][FAILED] - if (verifyEqual(x, y) == true): Unable to verify equal between actual object '44 120     6 624  125' and expected object '44 120     338  125' (Root cause: com.kms.katalon.core.exception.StepFailedException: Actual object '44 120     6 624  125' and expected object '44 120     338  125' are not equal
	at com.kms.katalon.core.keyword.builtin.VerifyEqualKeyword$_verifyEqual_closure1.doCall(VerifyEqualKeyword.groovy:58)
	at com.kms.katalon.core.keyword.builtin.VerifyEqualKeyword$_verifyEqual_closure1.call(VerifyEqualKeyword.groovy)
	at com.kms.katalon.core.keyword.internal.KeywordMain.runKeyword(KeywordMain.groovy:75)
	at com.kms.katalon.core.keyword.builtin.VerifyEqualKeyword.verifyEqual(VerifyEqualKeyword.groovy:63)
	at com.kms.katalon.core.keyword.builtin.VerifyEqualKeyword.execute(VerifyEqualKeyword.groovy:44)
	at com.kms.katalon.core.keyword.internal.KeywordExecutor.executeKeywordForPlatform(KeywordExecutor.groovy:74)
	at com.kms.katalon.core.keyword.BuiltinKeywords.verifyEqual(BuiltinKeywords.groovy:146)
	at jdk.internal.reflect.GeneratedMethodAccessor22.invoke(Unknown Source)
	at java.base/jdk.internal.reflect.DelegatingMethodAccessorImpl.invoke(DelegatingMethodAccessorImpl.java:43)
	at Факторный анализ сверка дашбордов.CompareDZO(Факторный анализ сверка дашбордов:679)
	at Факторный анализ сверка дашбордов.Test(Факторный анализ сверка дашбордов:625)
	at Факторный анализ сверка дашбордов.run(Факторный анализ сверка дашбордов:44)
	at com.kms.katalon.core.main.ScriptEngine.run(ScriptEngine.java:194)
	at com.kms.katalon.core.main.ScriptEngine.runScriptAsRawText(ScriptEngine.java:119)
	at com.kms.katalon.core.main.TestCaseExecutor.runScript(TestCaseExecutor.java:448)
	at com.kms.katalon.core.main.TestCaseExecutor.doExecute(TestCaseExecutor.java:439)
	at com.kms.katalon.core.main.TestCaseExecutor.processExecutionPhase(TestCaseExecutor.java:418)
	at com.kms.katalon.core.main.TestCaseExecutor.accessMainPhase(TestCaseExecutor.java:410)
	at com.kms.katalon.core.main.TestCaseExecutor.execute(TestCaseExecutor.java:285)
	at com.kms.katalon.core.common.CommonExecutor.accessTestCaseMainPhase(CommonExecutor.java:65)
	at com.kms.katalon.core.main.TestSuiteExecutor.accessTestSuiteMainPhase(TestSuiteExecutor.java:150)
	at com.kms.katalon.core.main.TestSuiteExecutor.execute(TestSuiteExecutor.java:106)
	at com.kms.katalon.core.main.TestCaseMain.startTestSuite(TestCaseMain.java:180)
	at TempTestSuite1730857927993.run(TempTestSuite1730857927993.groovy:35)
	at java.base/jdk.internal.reflect.NativeMethodAccessorImpl.invoke0(Native Method)
	at java.base/jdk.internal.reflect.NativeMethodAccessorImpl.invoke(NativeMethodAccessorImpl.java:77)
	at java.base/jdk.internal.reflect.DelegatingMethodAccessorImpl.invoke(DelegatingMethodAccessorImpl.java:43)
)

06-11-2024T06:36:20 - [MESSAGE][FAILED] - Unable to verify equal between actual object '44 120     6 624  125' and expected object '44 120     338  125' (Root cause: com.kms.katalon.core.exception.StepFailedException: Actual object '44 120     6 624  125' and expected object '44 120     338  125' are not equal
	at com.kms.katalon.core.keyword.builtin.VerifyEqualKeyword$_verifyEqual_closure1.doCall(VerifyEqualKeyword.groovy:58)
	at com.kms.katalon.core.keyword.builtin.VerifyEqualKeyword$_verifyEqual_closure1.call(VerifyEqualKeyword.groovy)
	at com.kms.katalon.core.keyword.internal.KeywordMain.runKeyword(KeywordMain.groovy:75)
	at com.kms.katalon.core.keyword.builtin.VerifyEqualKeyword.verifyEqual(VerifyEqualKeyword.groovy:63)
	at com.kms.katalon.core.keyword.builtin.VerifyEqualKeyword.execute(VerifyEqualKeyword.groovy:44)
	at com.kms.katalon.core.keyword.internal.KeywordExecutor.executeKeywordForPlatform(KeywordExecutor.groovy:74)
	at com.kms.katalon.core.keyword.BuiltinKeywords.verifyEqual(BuiltinKeywords.groovy:146)
	at jdk.internal.reflect.GeneratedMethodAccessor22.invoke(Unknown Source)
	at java.base/jdk.internal.reflect.DelegatingMethodAccessorImpl.invoke(DelegatingMethodAccessorImpl.java:43)
	at Факторный анализ сверка дашбордов.CompareDZO(Факторный анализ сверка дашбордов:679)
	at Факторный анализ сверка дашбордов.Test(Факторный анализ сверка дашбордов:625)
	at Факторный анализ сверка дашбордов.run(Факторный анализ сверка дашбордов:44)
	at com.kms.katalon.core.main.ScriptEngine.run(ScriptEngine.java:194)
	at com.kms.katalon.core.main.ScriptEngine.runScriptAsRawText(ScriptEngine.java:119)
	at com.kms.katalon.core.main.TestCaseExecutor.runScript(TestCaseExecutor.java:448)
	at com.kms.katalon.core.main.TestCaseExecutor.doExecute(TestCaseExecutor.java:439)
	at com.kms.katalon.core.main.TestCaseExecutor.processExecutionPhase(TestCaseExecutor.java:418)
	at com.kms.katalon.core.main.TestCaseExecutor.accessMainPhase(TestCaseExecutor.java:410)
	at com.kms.katalon.core.main.TestCaseExecutor.execute(TestCaseExecutor.java:285)
	at com.kms.katalon.core.common.CommonExecutor.accessTestCaseMainPhase(CommonExecutor.java:65)
	at com.kms.katalon.core.main.TestSuiteExecutor.accessTestSuiteMainPhase(TestSuiteExecutor.java:150)
	at com.kms.katalon.core.main.TestSuiteExecutor.execute(TestSuiteExecutor.java:106)
	at com.kms.katalon.core.main.TestCaseMain.startTestSuite(TestCaseMain.java:180)
	at TempTestSuite1730857927993.run(TempTestSuite1730857927993.groovy:35)
	at java.base/jdk.internal.reflect.NativeMethodAccessorImpl.invoke0(Native Method)
	at java.base/jdk.internal.reflect.NativeMethodAccessorImpl.invoke(NativeMethodAccessorImpl.java:77)
	at java.base/jdk.internal.reflect.DelegatingMethodAccessorImpl.invoke(DelegatingMethodAccessorImpl.java:43)
)

06-11-2024T06:36:20 - [TEST_STEP][PASSED] - else: null

06-11-2024T06:36:20 - [TEST_STEP][PASSED] - otobrajeniyeDannyh = "Все": null

06-11-2024T06:36:20 - [TEST_STEP][PASSED] - vidget = "Всего отклонения по факторам": null

06-11-2024T06:36:20 - [TEST_STEP][PASSED] - Script1719551244403.WriteToExcel(todaysDate, typeOfData, otobrajeniyeDannyh, x, y, vidget, DZO): null

06-11-2024T06:36:20 - [TEST_STEP][PASSED] - sheetName = "Sheet1": null

06-11-2024T06:36:20 - [TEST_STEP][PASSED] - data = findTestData("PlanFact"): null

06-11-2024T06:36:20 - [TEST_STEP][PASSED] - n = data.getRowNumbers() + 1: null

06-11-2024T06:36:20 - [TEST_STEP][PASSED] - period = getText(findTestObject("Факторный анализ/Фильтр Период")): Text of object 'Object Repository/Факторный анализ/Фильтр Период' is: '1, 2, 3 кв. 2024 года'

06-11-2024T06:36:20 - [MESSAGE][PASSED] - Text of object 'Object Repository/Факторный анализ/Фильтр Период' is: '1, 2, 3 кв. 2024 года'

06-11-2024T06:36:20 - [TEST_STEP][PASSED] - println(period): null

06-11-2024T06:36:20 - [TEST_STEP][PASSED] - dashboardName = "Факторный анализ": null

06-11-2024T06:36:20 - [TEST_STEP][PASSED] - workbook01 = getWorkbook(excelFilePath): null

06-11-2024T06:36:20 - [TEST_STEP][PASSED] - sheet01 = getExcelSheet(workbook01, sheetName): null

06-11-2024T06:36:20 - [TEST_STEP][PASSED] - setValueToCellByIndex(sheet01, n, 0, dashboardName): null

06-11-2024T06:36:20 - [TEST_STEP][PASSED] - setValueToCellByIndex(sheet01, n, 1, DZO): null

06-11-2024T06:36:20 - [TEST_STEP][PASSED] - setValueToCellByIndex(sheet01, n, 2, vidget): null

06-11-2024T06:36:20 - [TEST_STEP][PASSED] - setValueToCellByIndex(sheet01, n, 3, typeOfData): null

06-11-2024T06:36:20 - [TEST_STEP][PASSED] - setValueToCellByIndex(sheet01, n, 4, otobrajeniyeDannyh): null

06-11-2024T06:36:20 - [TEST_STEP][PASSED] - setValueToCellByIndex(sheet01, n, 5, period): null

06-11-2024T06:36:20 - [TEST_STEP][PASSED] - setValueToCellByIndex(sheet01, n, 6, todaysDate): null

06-11-2024T06:36:20 - [TEST_STEP][PASSED] - n = n + 1: null

06-11-2024T06:36:20 - [TEST_STEP][PASSED] - saveWorkbook(excelFilePath, workbook01): null

06-11-2024T06:36:21 - [TEST_STEP][PASSED] - DZO = "Россети Тюмень": null

06-11-2024T06:36:21 - [TEST_STEP][PASSED] - Script1719551244403.CompareDZO(x = TyuA, y = TyuB, run, typeOfData, otobrajeniyeDannyh, todaysDate, vidget, DZO): null

06-11-2024T06:36:21 - [TEST_STEP][PASSED] - x1 = x: null

06-11-2024T06:36:21 - [TEST_STEP][PASSED] - y1 = y: null

06-11-2024T06:36:21 - [TEST_STEP][PASSED] - i1 = <not implemented yet for class: org.codehaus.groovy.ast.expr.EmptyExpression>: null

06-11-2024T06:36:21 - [TEST_STEP][FAILED] - if (verifyEqual(x, y) == true): Unable to verify equal between actual object '6 624  125' and expected object '338  125' (Root cause: com.kms.katalon.core.exception.StepFailedException: Actual object '6 624  125' and expected object '338  125' are not equal
	at com.kms.katalon.core.keyword.builtin.VerifyEqualKeyword$_verifyEqual_closure1.doCall(VerifyEqualKeyword.groovy:58)
	at com.kms.katalon.core.keyword.builtin.VerifyEqualKeyword$_verifyEqual_closure1.call(VerifyEqualKeyword.groovy)
	at com.kms.katalon.core.keyword.internal.KeywordMain.runKeyword(KeywordMain.groovy:75)
	at com.kms.katalon.core.keyword.builtin.VerifyEqualKeyword.verifyEqual(VerifyEqualKeyword.groovy:63)
	at com.kms.katalon.core.keyword.builtin.VerifyEqualKeyword.execute(VerifyEqualKeyword.groovy:44)
	at com.kms.katalon.core.keyword.internal.KeywordExecutor.executeKeywordForPlatform(KeywordExecutor.groovy:74)
	at com.kms.katalon.core.keyword.BuiltinKeywords.verifyEqual(BuiltinKeywords.groovy:146)
	at jdk.internal.reflect.GeneratedMethodAccessor22.invoke(Unknown Source)
	at java.base/jdk.internal.reflect.DelegatingMethodAccessorImpl.invoke(DelegatingMethodAccessorImpl.java:43)
	at Факторный анализ сверка дашбордов.CompareDZO(Факторный анализ сверка дашбордов:679)
	at Факторный анализ сверка дашбордов.Test(Факторный анализ сверка дашбордов:629)
	at Факторный анализ сверка дашбордов.run(Факторный анализ сверка дашбордов:44)
	at com.kms.katalon.core.main.ScriptEngine.run(ScriptEngine.java:194)
	at com.kms.katalon.core.main.ScriptEngine.runScriptAsRawText(ScriptEngine.java:119)
	at com.kms.katalon.core.main.TestCaseExecutor.runScript(TestCaseExecutor.java:448)
	at com.kms.katalon.core.main.TestCaseExecutor.doExecute(TestCaseExecutor.java:439)
	at com.kms.katalon.core.main.TestCaseExecutor.processExecutionPhase(TestCaseExecutor.java:418)
	at com.kms.katalon.core.main.TestCaseExecutor.accessMainPhase(TestCaseExecutor.java:410)
	at com.kms.katalon.core.main.TestCaseExecutor.execute(TestCaseExecutor.java:285)
	at com.kms.katalon.core.common.CommonExecutor.accessTestCaseMainPhase(CommonExecutor.java:65)
	at com.kms.katalon.core.main.TestSuiteExecutor.accessTestSuiteMainPhase(TestSuiteExecutor.java:150)
	at com.kms.katalon.core.main.TestSuiteExecutor.execute(TestSuiteExecutor.java:106)
	at com.kms.katalon.core.main.TestCaseMain.startTestSuite(TestCaseMain.java:180)
	at TempTestSuite1730857927993.run(TempTestSuite1730857927993.groovy:35)
	at java.base/jdk.internal.reflect.NativeMethodAccessorImpl.invoke0(Native Method)
	at java.base/jdk.internal.reflect.NativeMethodAccessorImpl.invoke(NativeMethodAccessorImpl.java:77)
	at java.base/jdk.internal.reflect.DelegatingMethodAccessorImpl.invoke(DelegatingMethodAccessorImpl.java:43)
)

06-11-2024T06:36:21 - [MESSAGE][FAILED] - Unable to verify equal between actual object '6 624  125' and expected object '338  125' (Root cause: com.kms.katalon.core.exception.StepFailedException: Actual object '6 624  125' and expected object '338  125' are not equal
	at com.kms.katalon.core.keyword.builtin.VerifyEqualKeyword$_verifyEqual_closure1.doCall(VerifyEqualKeyword.groovy:58)
	at com.kms.katalon.core.keyword.builtin.VerifyEqualKeyword$_verifyEqual_closure1.call(VerifyEqualKeyword.groovy)
	at com.kms.katalon.core.keyword.internal.KeywordMain.runKeyword(KeywordMain.groovy:75)
	at com.kms.katalon.core.keyword.builtin.VerifyEqualKeyword.verifyEqual(VerifyEqualKeyword.groovy:63)
	at com.kms.katalon.core.keyword.builtin.VerifyEqualKeyword.execute(VerifyEqualKeyword.groovy:44)
	at com.kms.katalon.core.keyword.internal.KeywordExecutor.executeKeywordForPlatform(KeywordExecutor.groovy:74)
	at com.kms.katalon.core.keyword.BuiltinKeywords.verifyEqual(BuiltinKeywords.groovy:146)
	at jdk.internal.reflect.GeneratedMethodAccessor22.invoke(Unknown Source)
	at java.base/jdk.internal.reflect.DelegatingMethodAccessorImpl.invoke(DelegatingMethodAccessorImpl.java:43)
	at Факторный анализ сверка дашбордов.CompareDZO(Факторный анализ сверка дашбордов:679)
	at Факторный анализ сверка дашбордов.Test(Факторный анализ сверка дашбордов:629)
	at Факторный анализ сверка дашбордов.run(Факторный анализ сверка дашбордов:44)
	at com.kms.katalon.core.main.ScriptEngine.run(ScriptEngine.java:194)
	at com.kms.katalon.core.main.ScriptEngine.runScriptAsRawText(ScriptEngine.java:119)
	at com.kms.katalon.core.main.TestCaseExecutor.runScript(TestCaseExecutor.java:448)
	at com.kms.katalon.core.main.TestCaseExecutor.doExecute(TestCaseExecutor.java:439)
	at com.kms.katalon.core.main.TestCaseExecutor.processExecutionPhase(TestCaseExecutor.java:418)
	at com.kms.katalon.core.main.TestCaseExecutor.accessMainPhase(TestCaseExecutor.java:410)
	at com.kms.katalon.core.main.TestCaseExecutor.execute(TestCaseExecutor.java:285)
	at com.kms.katalon.core.common.CommonExecutor.accessTestCaseMainPhase(CommonExecutor.java:65)
	at com.kms.katalon.core.main.TestSuiteExecutor.accessTestSuiteMainPhase(TestSuiteExecutor.java:150)
	at com.kms.katalon.core.main.TestSuiteExecutor.execute(TestSuiteExecutor.java:106)
	at com.kms.katalon.core.main.TestCaseMain.startTestSuite(TestCaseMain.java:180)
	at TempTestSuite1730857927993.run(TempTestSuite1730857927993.groovy:35)
	at java.base/jdk.internal.reflect.NativeMethodAccessorImpl.invoke0(Native Method)
	at java.base/jdk.internal.reflect.NativeMethodAccessorImpl.invoke(NativeMethodAccessorImpl.java:77)
	at java.base/jdk.internal.reflect.DelegatingMethodAccessorImpl.invoke(DelegatingMethodAccessorImpl.java:43)
)

06-11-2024T06:36:21 - [TEST_STEP][PASSED] - else: null

06-11-2024T06:36:21 - [TEST_STEP][PASSED] - otobrajeniyeDannyh = "Все": null

06-11-2024T06:36:21 - [TEST_STEP][PASSED] - vidget = "Всего отклонения по факторам": null

06-11-2024T06:36:21 - [TEST_STEP][PASSED] - Script1719551244403.WriteToExcel(todaysDate, typeOfData, otobrajeniyeDannyh, x, y, vidget, DZO): null

06-11-2024T06:36:21 - [TEST_STEP][PASSED] - sheetName = "Sheet1": null

06-11-2024T06:36:21 - [TEST_STEP][PASSED] - data = findTestData("PlanFact"): null

06-11-2024T06:36:21 - [TEST_STEP][PASSED] - n = data.getRowNumbers() + 1: null

06-11-2024T06:36:21 - [TEST_STEP][PASSED] - period = getText(findTestObject("Факторный анализ/Фильтр Период")): Text of object 'Object Repository/Факторный анализ/Фильтр Период' is: '1, 2, 3 кв. 2024 года'

06-11-2024T06:36:21 - [MESSAGE][PASSED] - Text of object 'Object Repository/Факторный анализ/Фильтр Период' is: '1, 2, 3 кв. 2024 года'

06-11-2024T06:36:21 - [TEST_STEP][PASSED] - println(period): null

06-11-2024T06:36:21 - [TEST_STEP][PASSED] - dashboardName = "Факторный анализ": null

06-11-2024T06:36:21 - [TEST_STEP][PASSED] - workbook01 = getWorkbook(excelFilePath): null

06-11-2024T06:36:21 - [TEST_STEP][PASSED] - sheet01 = getExcelSheet(workbook01, sheetName): null

06-11-2024T06:36:21 - [TEST_STEP][PASSED] - setValueToCellByIndex(sheet01, n, 0, dashboardName): null

06-11-2024T06:36:21 - [TEST_STEP][PASSED] - setValueToCellByIndex(sheet01, n, 1, DZO): null

06-11-2024T06:36:21 - [TEST_STEP][PASSED] - setValueToCellByIndex(sheet01, n, 2, vidget): null

06-11-2024T06:36:21 - [TEST_STEP][PASSED] - setValueToCellByIndex(sheet01, n, 3, typeOfData): null

06-11-2024T06:36:21 - [TEST_STEP][PASSED] - setValueToCellByIndex(sheet01, n, 4, otobrajeniyeDannyh): null

06-11-2024T06:36:21 - [TEST_STEP][PASSED] - setValueToCellByIndex(sheet01, n, 5, period): null

06-11-2024T06:36:21 - [TEST_STEP][PASSED] - setValueToCellByIndex(sheet01, n, 6, todaysDate): null

06-11-2024T06:36:21 - [TEST_STEP][PASSED] - n = n + 1: null

06-11-2024T06:36:21 - [TEST_STEP][PASSED] - saveWorkbook(excelFilePath, workbook01): null

06-11-2024T06:36:21 - [TEST_STEP][PASSED] - DZO = "Россети Урал (ГК)": null

06-11-2024T06:36:21 - [TEST_STEP][PASSED] - Script1719551244403.CompareDZO(x = UrA, y = UrB, run, typeOfData, otobrajeniyeDannyh, todaysDate, vidget, DZO): null

06-11-2024T06:36:21 - [TEST_STEP][PASSED] - x1 = x: null

06-11-2024T06:36:21 - [TEST_STEP][PASSED] - y1 = y: null

06-11-2024T06:36:21 - [TEST_STEP][PASSED] - i1 = <not implemented yet for class: org.codehaus.groovy.ast.expr.EmptyExpression>: null

06-11-2024T06:36:21 - [TEST_STEP][FAILED] - if (verifyEqual(x, y) == true): Unable to verify equal between actual object '65 636  459    594  218 805 233 973  671' and expected object '3 853  459    594  218 805 233 973  671' (Root cause: com.kms.katalon.core.exception.StepFailedException: Actual object '65 636  459    594  218 805 233 973  671' and expected object '3 853  459    594  218 805 233 973  671' are not equal
	at com.kms.katalon.core.keyword.builtin.VerifyEqualKeyword$_verifyEqual_closure1.doCall(VerifyEqualKeyword.groovy:58)
	at com.kms.katalon.core.keyword.builtin.VerifyEqualKeyword$_verifyEqual_closure1.call(VerifyEqualKeyword.groovy)
	at com.kms.katalon.core.keyword.internal.KeywordMain.runKeyword(KeywordMain.groovy:75)
	at com.kms.katalon.core.keyword.builtin.VerifyEqualKeyword.verifyEqual(VerifyEqualKeyword.groovy:63)
	at com.kms.katalon.core.keyword.builtin.VerifyEqualKeyword.execute(VerifyEqualKeyword.groovy:44)
	at com.kms.katalon.core.keyword.internal.KeywordExecutor.executeKeywordForPlatform(KeywordExecutor.groovy:74)
	at com.kms.katalon.core.keyword.BuiltinKeywords.verifyEqual(BuiltinKeywords.groovy:146)
	at jdk.internal.reflect.GeneratedMethodAccessor22.invoke(Unknown Source)
	at java.base/jdk.internal.reflect.DelegatingMethodAccessorImpl.invoke(DelegatingMethodAccessorImpl.java:43)
	at Факторный анализ сверка дашбордов.CompareDZO(Факторный анализ сверка дашбордов:679)
	at Факторный анализ сверка дашбордов.Test(Факторный анализ сверка дашбордов:633)
	at Факторный анализ сверка дашбордов.run(Факторный анализ сверка дашбордов:44)
	at com.kms.katalon.core.main.ScriptEngine.run(ScriptEngine.java:194)
	at com.kms.katalon.core.main.ScriptEngine.runScriptAsRawText(ScriptEngine.java:119)
	at com.kms.katalon.core.main.TestCaseExecutor.runScript(TestCaseExecutor.java:448)
	at com.kms.katalon.core.main.TestCaseExecutor.doExecute(TestCaseExecutor.java:439)
	at com.kms.katalon.core.main.TestCaseExecutor.processExecutionPhase(TestCaseExecutor.java:418)
	at com.kms.katalon.core.main.TestCaseExecutor.accessMainPhase(TestCaseExecutor.java:410)
	at com.kms.katalon.core.main.TestCaseExecutor.execute(TestCaseExecutor.java:285)
	at com.kms.katalon.core.common.CommonExecutor.accessTestCaseMainPhase(CommonExecutor.java:65)
	at com.kms.katalon.core.main.TestSuiteExecutor.accessTestSuiteMainPhase(TestSuiteExecutor.java:150)
	at com.kms.katalon.core.main.TestSuiteExecutor.execute(TestSuiteExecutor.java:106)
	at com.kms.katalon.core.main.TestCaseMain.startTestSuite(TestCaseMain.java:180)
	at TempTestSuite1730857927993.run(TempTestSuite1730857927993.groovy:35)
	at java.base/jdk.internal.reflect.NativeMethodAccessorImpl.invoke0(Native Method)
	at java.base/jdk.internal.reflect.NativeMethodAccessorImpl.invoke(NativeMethodAccessorImpl.java:77)
	at java.base/jdk.internal.reflect.DelegatingMethodAccessorImpl.invoke(DelegatingMethodAccessorImpl.java:43)
)

06-11-2024T06:36:21 - [MESSAGE][FAILED] - Unable to verify equal between actual object '65 636  459    594  218 805 233 973  671' and expected object '3 853  459    594  218 805 233 973  671' (Root cause: com.kms.katalon.core.exception.StepFailedException: Actual object '65 636  459    594  218 805 233 973  671' and expected object '3 853  459    594  218 805 233 973  671' are not equal
	at com.kms.katalon.core.keyword.builtin.VerifyEqualKeyword$_verifyEqual_closure1.doCall(VerifyEqualKeyword.groovy:58)
	at com.kms.katalon.core.keyword.builtin.VerifyEqualKeyword$_verifyEqual_closure1.call(VerifyEqualKeyword.groovy)
	at com.kms.katalon.core.keyword.internal.KeywordMain.runKeyword(KeywordMain.groovy:75)
	at com.kms.katalon.core.keyword.builtin.VerifyEqualKeyword.verifyEqual(VerifyEqualKeyword.groovy:63)
	at com.kms.katalon.core.keyword.builtin.VerifyEqualKeyword.execute(VerifyEqualKeyword.groovy:44)
	at com.kms.katalon.core.keyword.internal.KeywordExecutor.executeKeywordForPlatform(KeywordExecutor.groovy:74)
	at com.kms.katalon.core.keyword.BuiltinKeywords.verifyEqual(BuiltinKeywords.groovy:146)
	at jdk.internal.reflect.GeneratedMethodAccessor22.invoke(Unknown Source)
	at java.base/jdk.internal.reflect.DelegatingMethodAccessorImpl.invoke(DelegatingMethodAccessorImpl.java:43)
	at Факторный анализ сверка дашбордов.CompareDZO(Факторный анализ сверка дашбордов:679)
	at Факторный анализ сверка дашбордов.Test(Факторный анализ сверка дашбордов:633)
	at Факторный анализ сверка дашбордов.run(Факторный анализ сверка дашбордов:44)
	at com.kms.katalon.core.main.ScriptEngine.run(ScriptEngine.java:194)
	at com.kms.katalon.core.main.ScriptEngine.runScriptAsRawText(ScriptEngine.java:119)
	at com.kms.katalon.core.main.TestCaseExecutor.runScript(TestCaseExecutor.java:448)
	at com.kms.katalon.core.main.TestCaseExecutor.doExecute(TestCaseExecutor.java:439)
	at com.kms.katalon.core.main.TestCaseExecutor.processExecutionPhase(TestCaseExecutor.java:418)
	at com.kms.katalon.core.main.TestCaseExecutor.accessMainPhase(TestCaseExecutor.java:410)
	at com.kms.katalon.core.main.TestCaseExecutor.execute(TestCaseExecutor.java:285)
	at com.kms.katalon.core.common.CommonExecutor.accessTestCaseMainPhase(CommonExecutor.java:65)
	at com.kms.katalon.core.main.TestSuiteExecutor.accessTestSuiteMainPhase(TestSuiteExecutor.java:150)
	at com.kms.katalon.core.main.TestSuiteExecutor.execute(TestSuiteExecutor.java:106)
	at com.kms.katalon.core.main.TestCaseMain.startTestSuite(TestCaseMain.java:180)
	at TempTestSuite1730857927993.run(TempTestSuite1730857927993.groovy:35)
	at java.base/jdk.internal.reflect.NativeMethodAccessorImpl.invoke0(Native Method)
	at java.base/jdk.internal.reflect.NativeMethodAccessorImpl.invoke(NativeMethodAccessorImpl.java:77)
	at java.base/jdk.internal.reflect.DelegatingMethodAccessorImpl.invoke(DelegatingMethodAccessorImpl.java:43)
)

06-11-2024T06:36:21 - [TEST_STEP][PASSED] - else: null

06-11-2024T06:36:21 - [TEST_STEP][PASSED] - otobrajeniyeDannyh = "Все": null

06-11-2024T06:36:21 - [TEST_STEP][PASSED] - vidget = "Всего отклонения по факторам": null

06-11-2024T06:36:21 - [TEST_STEP][PASSED] - Script1719551244403.WriteToExcel(todaysDate, typeOfData, otobrajeniyeDannyh, x, y, vidget, DZO): null

06-11-2024T06:36:21 - [TEST_STEP][PASSED] - sheetName = "Sheet1": null

06-11-2024T06:36:21 - [TEST_STEP][PASSED] - data = findTestData("PlanFact"): null

06-11-2024T06:36:21 - [TEST_STEP][PASSED] - n = data.getRowNumbers() + 1: null

06-11-2024T06:36:21 - [TEST_STEP][PASSED] - period = getText(findTestObject("Факторный анализ/Фильтр Период")): Text of object 'Object Repository/Факторный анализ/Фильтр Период' is: '1, 2, 3 кв. 2024 года'

06-11-2024T06:36:22 - [MESSAGE][PASSED] - Text of object 'Object Repository/Факторный анализ/Фильтр Период' is: '1, 2, 3 кв. 2024 года'

06-11-2024T06:36:22 - [TEST_STEP][PASSED] - println(period): null

06-11-2024T06:36:22 - [TEST_STEP][PASSED] - dashboardName = "Факторный анализ": null

06-11-2024T06:36:22 - [TEST_STEP][PASSED] - workbook01 = getWorkbook(excelFilePath): null

06-11-2024T06:36:22 - [TEST_STEP][PASSED] - sheet01 = getExcelSheet(workbook01, sheetName): null

06-11-2024T06:36:22 - [TEST_STEP][PASSED] - setValueToCellByIndex(sheet01, n, 0, dashboardName): null

06-11-2024T06:36:22 - [TEST_STEP][PASSED] - setValueToCellByIndex(sheet01, n, 1, DZO): null

06-11-2024T06:36:22 - [TEST_STEP][PASSED] - setValueToCellByIndex(sheet01, n, 2, vidget): null

06-11-2024T06:36:22 - [TEST_STEP][PASSED] - setValueToCellByIndex(sheet01, n, 3, typeOfData): null

06-11-2024T06:36:22 - [TEST_STEP][PASSED] - setValueToCellByIndex(sheet01, n, 4, otobrajeniyeDannyh): null

06-11-2024T06:36:22 - [TEST_STEP][PASSED] - setValueToCellByIndex(sheet01, n, 5, period): null

06-11-2024T06:36:22 - [TEST_STEP][PASSED] - setValueToCellByIndex(sheet01, n, 6, todaysDate): null

06-11-2024T06:36:22 - [TEST_STEP][PASSED] - n = n + 1: null

06-11-2024T06:36:22 - [TEST_STEP][PASSED] - saveWorkbook(excelFilePath, workbook01): null

06-11-2024T06:36:22 - [TEST_STEP][PASSED] - DZO = "Россети ФСК ЕЭС": null

06-11-2024T06:36:22 - [TEST_STEP][PASSED] - Script1719551244403.CompareDZO(x = FSKA, y = FSKB, run, typeOfData, otobrajeniyeDannyh, todaysDate, vidget, DZO): null

06-11-2024T06:36:22 - [TEST_STEP][PASSED] - x1 = x: null

06-11-2024T06:36:22 - [TEST_STEP][PASSED] - y1 = y: null

06-11-2024T06:36:22 - [TEST_STEP][PASSED] - i1 = <not implemented yet for class: org.codehaus.groovy.ast.expr.EmptyExpression>: null

06-11-2024T06:36:22 - [TEST_STEP][PASSED] - if (verifyEqual(x, y) == true): null

06-11-2024T06:36:22 - [MESSAGE][PASSED] - Actual object '973  671       16 312 8 781' and expected object '973  671       16 312 8 781' are equal

06-11-2024T06:36:22 - [TEST_STEP][PASSED] - DZO = "Центр": null

06-11-2024T06:36:22 - [TEST_STEP][PASSED] - Script1719551244403.CompareDZO(x = CenA, y = CenB, run, typeOfData, otobrajeniyeDannyh, todaysDate, vidget, DZO): null

06-11-2024T06:36:22 - [TEST_STEP][PASSED] - x1 = x: null

06-11-2024T06:36:22 - [TEST_STEP][PASSED] - y1 = y: null

06-11-2024T06:36:22 - [TEST_STEP][PASSED] - i1 = <not implemented yet for class: org.codehaus.groovy.ast.expr.EmptyExpression>: null

06-11-2024T06:36:22 - [TEST_STEP][FAILED] - if (verifyEqual(x, y) == true): Unable to verify equal between actual object '16 312 8 781   299 111 4 489 32 12 187 182 83 2 2 381 132 731  322 3 553 22 6 765 35 5 262 4 319 127 6 307 31' and expected object '16 312 8 781   299 111 73 22 602 133 83 2 96 86 731  322 148 21 64 35 276 4 319 127 545 4' (Root cause: com.kms.katalon.core.exception.StepFailedException: Actual object '16 312 8 781   299 111 4 489 32 12 187 182 83 2 2 381 132 731  322 3 553 22 6 765 35 5 262 4 319 127 6 307 31' and expected object '16 312 8 781   299 111 73 22 602 133 83 2 96 86 731  322 148 21 64 35 276 4 319 127 545 4' are not equal
	at com.kms.katalon.core.keyword.builtin.VerifyEqualKeyword$_verifyEqual_closure1.doCall(VerifyEqualKeyword.groovy:58)
	at com.kms.katalon.core.keyword.builtin.VerifyEqualKeyword$_verifyEqual_closure1.call(VerifyEqualKeyword.groovy)
	at com.kms.katalon.core.keyword.internal.KeywordMain.runKeyword(KeywordMain.groovy:75)
	at com.kms.katalon.core.keyword.builtin.VerifyEqualKeyword.verifyEqual(VerifyEqualKeyword.groovy:63)
	at com.kms.katalon.core.keyword.builtin.VerifyEqualKeyword.execute(VerifyEqualKeyword.groovy:44)
	at com.kms.katalon.core.keyword.internal.KeywordExecutor.executeKeywordForPlatform(KeywordExecutor.groovy:74)
	at com.kms.katalon.core.keyword.BuiltinKeywords.verifyEqual(BuiltinKeywords.groovy:146)
	at jdk.internal.reflect.GeneratedMethodAccessor22.invoke(Unknown Source)
	at java.base/jdk.internal.reflect.DelegatingMethodAccessorImpl.invoke(DelegatingMethodAccessorImpl.java:43)
	at Факторный анализ сверка дашбордов.CompareDZO(Факторный анализ сверка дашбордов:679)
	at Факторный анализ сверка дашбордов.Test(Факторный анализ сверка дашбордов:641)
	at Факторный анализ сверка дашбордов.run(Факторный анализ сверка дашбордов:44)
	at com.kms.katalon.core.main.ScriptEngine.run(ScriptEngine.java:194)
	at com.kms.katalon.core.main.ScriptEngine.runScriptAsRawText(ScriptEngine.java:119)
	at com.kms.katalon.core.main.TestCaseExecutor.runScript(TestCaseExecutor.java:448)
	at com.kms.katalon.core.main.TestCaseExecutor.doExecute(TestCaseExecutor.java:439)
	at com.kms.katalon.core.main.TestCaseExecutor.processExecutionPhase(TestCaseExecutor.java:418)
	at com.kms.katalon.core.main.TestCaseExecutor.accessMainPhase(TestCaseExecutor.java:410)
	at com.kms.katalon.core.main.TestCaseExecutor.execute(TestCaseExecutor.java:285)
	at com.kms.katalon.core.common.CommonExecutor.accessTestCaseMainPhase(CommonExecutor.java:65)
	at com.kms.katalon.core.main.TestSuiteExecutor.accessTestSuiteMainPhase(TestSuiteExecutor.java:150)
	at com.kms.katalon.core.main.TestSuiteExecutor.execute(TestSuiteExecutor.java:106)
	at com.kms.katalon.core.main.TestCaseMain.startTestSuite(TestCaseMain.java:180)
	at TempTestSuite1730857927993.run(TempTestSuite1730857927993.groovy:35)
	at java.base/jdk.internal.reflect.NativeMethodAccessorImpl.invoke0(Native Method)
	at java.base/jdk.internal.reflect.NativeMethodAccessorImpl.invoke(NativeMethodAccessorImpl.java:77)
	at java.base/jdk.internal.reflect.DelegatingMethodAccessorImpl.invoke(DelegatingMethodAccessorImpl.java:43)
)

06-11-2024T06:36:22 - [MESSAGE][FAILED] - Unable to verify equal between actual object '16 312 8 781   299 111 4 489 32 12 187 182 83 2 2 381 132 731  322 3 553 22 6 765 35 5 262 4 319 127 6 307 31' and expected object '16 312 8 781   299 111 73 22 602 133 83 2 96 86 731  322 148 21 64 35 276 4 319 127 545 4' (Root cause: com.kms.katalon.core.exception.StepFailedException: Actual object '16 312 8 781   299 111 4 489 32 12 187 182 83 2 2 381 132 731  322 3 553 22 6 765 35 5 262 4 319 127 6 307 31' and expected object '16 312 8 781   299 111 73 22 602 133 83 2 96 86 731  322 148 21 64 35 276 4 319 127 545 4' are not equal
	at com.kms.katalon.core.keyword.builtin.VerifyEqualKeyword$_verifyEqual_closure1.doCall(VerifyEqualKeyword.groovy:58)
	at com.kms.katalon.core.keyword.builtin.VerifyEqualKeyword$_verifyEqual_closure1.call(VerifyEqualKeyword.groovy)
	at com.kms.katalon.core.keyword.internal.KeywordMain.runKeyword(KeywordMain.groovy:75)
	at com.kms.katalon.core.keyword.builtin.VerifyEqualKeyword.verifyEqual(VerifyEqualKeyword.groovy:63)
	at com.kms.katalon.core.keyword.builtin.VerifyEqualKeyword.execute(VerifyEqualKeyword.groovy:44)
	at com.kms.katalon.core.keyword.internal.KeywordExecutor.executeKeywordForPlatform(KeywordExecutor.groovy:74)
	at com.kms.katalon.core.keyword.BuiltinKeywords.verifyEqual(BuiltinKeywords.groovy:146)
	at jdk.internal.reflect.GeneratedMethodAccessor22.invoke(Unknown Source)
	at java.base/jdk.internal.reflect.DelegatingMethodAccessorImpl.invoke(DelegatingMethodAccessorImpl.java:43)
	at Факторный анализ сверка дашбордов.CompareDZO(Факторный анализ сверка дашбордов:679)
	at Факторный анализ сверка дашбордов.Test(Факторный анализ сверка дашбордов:641)
	at Факторный анализ сверка дашбордов.run(Факторный анализ сверка дашбордов:44)
	at com.kms.katalon.core.main.ScriptEngine.run(ScriptEngine.java:194)
	at com.kms.katalon.core.main.ScriptEngine.runScriptAsRawText(ScriptEngine.java:119)
	at com.kms.katalon.core.main.TestCaseExecutor.runScript(TestCaseExecutor.java:448)
	at com.kms.katalon.core.main.TestCaseExecutor.doExecute(TestCaseExecutor.java:439)
	at com.kms.katalon.core.main.TestCaseExecutor.processExecutionPhase(TestCaseExecutor.java:418)
	at com.kms.katalon.core.main.TestCaseExecutor.accessMainPhase(TestCaseExecutor.java:410)
	at com.kms.katalon.core.main.TestCaseExecutor.execute(TestCaseExecutor.java:285)
	at com.kms.katalon.core.common.CommonExecutor.accessTestCaseMainPhase(CommonExecutor.java:65)
	at com.kms.katalon.core.main.TestSuiteExecutor.accessTestSuiteMainPhase(TestSuiteExecutor.java:150)
	at com.kms.katalon.core.main.TestSuiteExecutor.execute(TestSuiteExecutor.java:106)
	at com.kms.katalon.core.main.TestCaseMain.startTestSuite(TestCaseMain.java:180)
	at TempTestSuite1730857927993.run(TempTestSuite1730857927993.groovy:35)
	at java.base/jdk.internal.reflect.NativeMethodAccessorImpl.invoke0(Native Method)
	at java.base/jdk.internal.reflect.NativeMethodAccessorImpl.invoke(NativeMethodAccessorImpl.java:77)
	at java.base/jdk.internal.reflect.DelegatingMethodAccessorImpl.invoke(DelegatingMethodAccessorImpl.java:43)
)

06-11-2024T06:36:22 - [TEST_STEP][PASSED] - else: null

06-11-2024T06:36:22 - [TEST_STEP][PASSED] - otobrajeniyeDannyh = "Все": null

06-11-2024T06:36:22 - [TEST_STEP][PASSED] - vidget = "Всего отклонения по факторам": null

06-11-2024T06:36:22 - [TEST_STEP][PASSED] - Script1719551244403.WriteToExcel(todaysDate, typeOfData, otobrajeniyeDannyh, x, y, vidget, DZO): null

06-11-2024T06:36:22 - [TEST_STEP][PASSED] - sheetName = "Sheet1": null

06-11-2024T06:36:22 - [TEST_STEP][PASSED] - data = findTestData("PlanFact"): null

06-11-2024T06:36:22 - [TEST_STEP][PASSED] - n = data.getRowNumbers() + 1: null

06-11-2024T06:36:22 - [TEST_STEP][PASSED] - period = getText(findTestObject("Факторный анализ/Фильтр Период")): Text of object 'Object Repository/Факторный анализ/Фильтр Период' is: '1, 2, 3 кв. 2024 года'

06-11-2024T06:36:22 - [MESSAGE][PASSED] - Text of object 'Object Repository/Факторный анализ/Фильтр Период' is: '1, 2, 3 кв. 2024 года'

06-11-2024T06:36:22 - [TEST_STEP][PASSED] - println(period): null

06-11-2024T06:36:22 - [TEST_STEP][PASSED] - dashboardName = "Факторный анализ": null

06-11-2024T06:36:22 - [TEST_STEP][PASSED] - workbook01 = getWorkbook(excelFilePath): null

06-11-2024T06:36:22 - [TEST_STEP][PASSED] - sheet01 = getExcelSheet(workbook01, sheetName): null

06-11-2024T06:36:22 - [TEST_STEP][PASSED] - setValueToCellByIndex(sheet01, n, 0, dashboardName): null

06-11-2024T06:36:22 - [TEST_STEP][PASSED] - setValueToCellByIndex(sheet01, n, 1, DZO): null

06-11-2024T06:36:22 - [TEST_STEP][PASSED] - setValueToCellByIndex(sheet01, n, 2, vidget): null

06-11-2024T06:36:22 - [TEST_STEP][PASSED] - setValueToCellByIndex(sheet01, n, 3, typeOfData): null

06-11-2024T06:36:22 - [TEST_STEP][PASSED] - setValueToCellByIndex(sheet01, n, 4, otobrajeniyeDannyh): null

06-11-2024T06:36:22 - [TEST_STEP][PASSED] - setValueToCellByIndex(sheet01, n, 5, period): null

06-11-2024T06:36:22 - [TEST_STEP][PASSED] - setValueToCellByIndex(sheet01, n, 6, todaysDate): null

06-11-2024T06:36:22 - [TEST_STEP][PASSED] - n = n + 1: null

06-11-2024T06:36:22 - [TEST_STEP][PASSED] - saveWorkbook(excelFilePath, workbook01): null

06-11-2024T06:36:23 - [TEST_STEP][PASSED] - DZO = "Центр и Приволжье (ГК)": null

06-11-2024T06:36:23 - [TEST_STEP][PASSED] - Script1719551244403.CompareDZO(x = CiPA, y = CiPB, run, typeOfData, otobrajeniyeDannyh, todaysDate, vidget, DZO): null

06-11-2024T06:36:23 - [TEST_STEP][PASSED] - x1 = x: null

06-11-2024T06:36:23 - [TEST_STEP][PASSED] - y1 = y: null

06-11-2024T06:36:23 - [TEST_STEP][PASSED] - i1 = <not implemented yet for class: org.codehaus.groovy.ast.expr.EmptyExpression>: null

06-11-2024T06:36:23 - [TEST_STEP][FAILED] - if (verifyEqual(x, y) == true): Unable to verify equal between actual object '6 307 31      517 49 169 40 558 42 403 0 144 19 658 231 259 47 733  209 294 3' and expected object '545 4      517 49 169 40 558 42 403 0 144 19 658 231 259 47 733  209 294 3' (Root cause: com.kms.katalon.core.exception.StepFailedException: Actual object '6 307 31      517 49 169 40 558 42 403 0 144 19 658 231 259 47 733  209 294 3' and expected object '545 4      517 49 169 40 558 42 403 0 144 19 658 231 259 47 733  209 294 3' are not equal
	at com.kms.katalon.core.keyword.builtin.VerifyEqualKeyword$_verifyEqual_closure1.doCall(VerifyEqualKeyword.groovy:58)
	at com.kms.katalon.core.keyword.builtin.VerifyEqualKeyword$_verifyEqual_closure1.call(VerifyEqualKeyword.groovy)
	at com.kms.katalon.core.keyword.internal.KeywordMain.runKeyword(KeywordMain.groovy:75)
	at com.kms.katalon.core.keyword.builtin.VerifyEqualKeyword.verifyEqual(VerifyEqualKeyword.groovy:63)
	at com.kms.katalon.core.keyword.builtin.VerifyEqualKeyword.execute(VerifyEqualKeyword.groovy:44)
	at com.kms.katalon.core.keyword.internal.KeywordExecutor.executeKeywordForPlatform(KeywordExecutor.groovy:74)
	at com.kms.katalon.core.keyword.BuiltinKeywords.verifyEqual(BuiltinKeywords.groovy:146)
	at jdk.internal.reflect.GeneratedMethodAccessor22.invoke(Unknown Source)
	at java.base/jdk.internal.reflect.DelegatingMethodAccessorImpl.invoke(DelegatingMethodAccessorImpl.java:43)
	at Факторный анализ сверка дашбордов.CompareDZO(Факторный анализ сверка дашбордов:679)
	at Факторный анализ сверка дашбордов.Test(Факторный анализ сверка дашбордов:645)
	at Факторный анализ сверка дашбордов.run(Факторный анализ сверка дашбордов:44)
	at com.kms.katalon.core.main.ScriptEngine.run(ScriptEngine.java:194)
	at com.kms.katalon.core.main.ScriptEngine.runScriptAsRawText(ScriptEngine.java:119)
	at com.kms.katalon.core.main.TestCaseExecutor.runScript(TestCaseExecutor.java:448)
	at com.kms.katalon.core.main.TestCaseExecutor.doExecute(TestCaseExecutor.java:439)
	at com.kms.katalon.core.main.TestCaseExecutor.processExecutionPhase(TestCaseExecutor.java:418)
	at com.kms.katalon.core.main.TestCaseExecutor.accessMainPhase(TestCaseExecutor.java:410)
	at com.kms.katalon.core.main.TestCaseExecutor.execute(TestCaseExecutor.java:285)
	at com.kms.katalon.core.common.CommonExecutor.accessTestCaseMainPhase(CommonExecutor.java:65)
	at com.kms.katalon.core.main.TestSuiteExecutor.accessTestSuiteMainPhase(TestSuiteExecutor.java:150)
	at com.kms.katalon.core.main.TestSuiteExecutor.execute(TestSuiteExecutor.java:106)
	at com.kms.katalon.core.main.TestCaseMain.startTestSuite(TestCaseMain.java:180)
	at TempTestSuite1730857927993.run(TempTestSuite1730857927993.groovy:35)
	at java.base/jdk.internal.reflect.NativeMethodAccessorImpl.invoke0(Native Method)
	at java.base/jdk.internal.reflect.NativeMethodAccessorImpl.invoke(NativeMethodAccessorImpl.java:77)
	at java.base/jdk.internal.reflect.DelegatingMethodAccessorImpl.invoke(DelegatingMethodAccessorImpl.java:43)
)

06-11-2024T06:36:23 - [MESSAGE][FAILED] - Unable to verify equal between actual object '6 307 31      517 49 169 40 558 42 403 0 144 19 658 231 259 47 733  209 294 3' and expected object '545 4      517 49 169 40 558 42 403 0 144 19 658 231 259 47 733  209 294 3' (Root cause: com.kms.katalon.core.exception.StepFailedException: Actual object '6 307 31      517 49 169 40 558 42 403 0 144 19 658 231 259 47 733  209 294 3' and expected object '545 4      517 49 169 40 558 42 403 0 144 19 658 231 259 47 733  209 294 3' are not equal
	at com.kms.katalon.core.keyword.builtin.VerifyEqualKeyword$_verifyEqual_closure1.doCall(VerifyEqualKeyword.groovy:58)
	at com.kms.katalon.core.keyword.builtin.VerifyEqualKeyword$_verifyEqual_closure1.call(VerifyEqualKeyword.groovy)
	at com.kms.katalon.core.keyword.internal.KeywordMain.runKeyword(KeywordMain.groovy:75)
	at com.kms.katalon.core.keyword.builtin.VerifyEqualKeyword.verifyEqual(VerifyEqualKeyword.groovy:63)
	at com.kms.katalon.core.keyword.builtin.VerifyEqualKeyword.execute(VerifyEqualKeyword.groovy:44)
	at com.kms.katalon.core.keyword.internal.KeywordExecutor.executeKeywordForPlatform(KeywordExecutor.groovy:74)
	at com.kms.katalon.core.keyword.BuiltinKeywords.verifyEqual(BuiltinKeywords.groovy:146)
	at jdk.internal.reflect.GeneratedMethodAccessor22.invoke(Unknown Source)
	at java.base/jdk.internal.reflect.DelegatingMethodAccessorImpl.invoke(DelegatingMethodAccessorImpl.java:43)
	at Факторный анализ сверка дашбордов.CompareDZO(Факторный анализ сверка дашбордов:679)
	at Факторный анализ сверка дашбордов.Test(Факторный анализ сверка дашбордов:645)
	at Факторный анализ сверка дашбордов.run(Факторный анализ сверка дашбордов:44)
	at com.kms.katalon.core.main.ScriptEngine.run(ScriptEngine.java:194)
	at com.kms.katalon.core.main.ScriptEngine.runScriptAsRawText(ScriptEngine.java:119)
	at com.kms.katalon.core.main.TestCaseExecutor.runScript(TestCaseExecutor.java:448)
	at com.kms.katalon.core.main.TestCaseExecutor.doExecute(TestCaseExecutor.java:439)
	at com.kms.katalon.core.main.TestCaseExecutor.processExecutionPhase(TestCaseExecutor.java:418)
	at com.kms.katalon.core.main.TestCaseExecutor.accessMainPhase(TestCaseExecutor.java:410)
	at com.kms.katalon.core.main.TestCaseExecutor.execute(TestCaseExecutor.java:285)
	at com.kms.katalon.core.common.CommonExecutor.accessTestCaseMainPhase(CommonExecutor.java:65)
	at com.kms.katalon.core.main.TestSuiteExecutor.accessTestSuiteMainPhase(TestSuiteExecutor.java:150)
	at com.kms.katalon.core.main.TestSuiteExecutor.execute(TestSuiteExecutor.java:106)
	at com.kms.katalon.core.main.TestCaseMain.startTestSuite(TestCaseMain.java:180)
	at TempTestSuite1730857927993.run(TempTestSuite1730857927993.groovy:35)
	at java.base/jdk.internal.reflect.NativeMethodAccessorImpl.invoke0(Native Method)
	at java.base/jdk.internal.reflect.NativeMethodAccessorImpl.invoke(NativeMethodAccessorImpl.java:77)
	at java.base/jdk.internal.reflect.DelegatingMethodAccessorImpl.invoke(DelegatingMethodAccessorImpl.java:43)
)

06-11-2024T06:36:23 - [TEST_STEP][PASSED] - else: null

06-11-2024T06:36:23 - [TEST_STEP][PASSED] - otobrajeniyeDannyh = "Все": null

06-11-2024T06:36:23 - [TEST_STEP][PASSED] - vidget = "Всего отклонения по факторам": null

06-11-2024T06:36:23 - [TEST_STEP][PASSED] - Script1719551244403.WriteToExcel(todaysDate, typeOfData, otobrajeniyeDannyh, x, y, vidget, DZO): null

06-11-2024T06:36:23 - [TEST_STEP][PASSED] - sheetName = "Sheet1": null

06-11-2024T06:36:23 - [TEST_STEP][PASSED] - data = findTestData("PlanFact"): null

06-11-2024T06:36:23 - [TEST_STEP][PASSED] - n = data.getRowNumbers() + 1: null

06-11-2024T06:36:23 - [TEST_STEP][PASSED] - period = getText(findTestObject("Факторный анализ/Фильтр Период")): Text of object 'Object Repository/Факторный анализ/Фильтр Период' is: '1, 2, 3 кв. 2024 года'

06-11-2024T06:36:23 - [MESSAGE][PASSED] - Text of object 'Object Repository/Факторный анализ/Фильтр Период' is: '1, 2, 3 кв. 2024 года'

06-11-2024T06:36:23 - [TEST_STEP][PASSED] - println(period): null

06-11-2024T06:36:23 - [TEST_STEP][PASSED] - dashboardName = "Факторный анализ": null

06-11-2024T06:36:23 - [TEST_STEP][PASSED] - workbook01 = getWorkbook(excelFilePath): null

06-11-2024T06:36:23 - [TEST_STEP][PASSED] - sheet01 = getExcelSheet(workbook01, sheetName): null

06-11-2024T06:36:23 - [TEST_STEP][PASSED] - setValueToCellByIndex(sheet01, n, 0, dashboardName): null

06-11-2024T06:36:23 - [TEST_STEP][PASSED] - setValueToCellByIndex(sheet01, n, 1, DZO): null

06-11-2024T06:36:23 - [TEST_STEP][PASSED] - setValueToCellByIndex(sheet01, n, 2, vidget): null

06-11-2024T06:36:23 - [TEST_STEP][PASSED] - setValueToCellByIndex(sheet01, n, 3, typeOfData): null

06-11-2024T06:36:23 - [TEST_STEP][PASSED] - setValueToCellByIndex(sheet01, n, 4, otobrajeniyeDannyh): null

06-11-2024T06:36:23 - [TEST_STEP][PASSED] - setValueToCellByIndex(sheet01, n, 5, period): null

06-11-2024T06:36:23 - [TEST_STEP][PASSED] - setValueToCellByIndex(sheet01, n, 6, todaysDate): null

06-11-2024T06:36:23 - [TEST_STEP][PASSED] - n = n + 1: null

06-11-2024T06:36:23 - [TEST_STEP][PASSED] - saveWorkbook(excelFilePath, workbook01): null

06-11-2024T06:36:23 - [TEST_STEP][PASSED] - DZO = "Россети Юг (ГК)": null

06-11-2024T06:36:23 - [TEST_STEP][PASSED] - Script1719551244403.CompareDZO(x = UgA, y = UgB, run, typeOfData, otobrajeniyeDannyh, todaysDate, vidget, DZO): null

06-11-2024T06:36:23 - [TEST_STEP][PASSED] - x1 = x: null

06-11-2024T06:36:23 - [TEST_STEP][PASSED] - y1 = y: null

06-11-2024T06:36:23 - [TEST_STEP][PASSED] - i1 = <not implemented yet for class: org.codehaus.groovy.ast.expr.EmptyExpression>: null

06-11-2024T06:36:23 - [TEST_STEP][FAILED] - if (verifyEqual(x, y) == true): Unable to verify equal between actual object '294 3     3 370 41 5 158 90 8 953  310 1 477 5 18 198 44' and expected object '294 3     153 41 73 90 392  310 58 5 779 44' (Root cause: com.kms.katalon.core.exception.StepFailedException: Actual object '294 3     3 370 41 5 158 90 8 953  310 1 477 5 18 198 44' and expected object '294 3     153 41 73 90 392  310 58 5 779 44' are not equal
	at com.kms.katalon.core.keyword.builtin.VerifyEqualKeyword$_verifyEqual_closure1.doCall(VerifyEqualKeyword.groovy:58)
	at com.kms.katalon.core.keyword.builtin.VerifyEqualKeyword$_verifyEqual_closure1.call(VerifyEqualKeyword.groovy)
	at com.kms.katalon.core.keyword.internal.KeywordMain.runKeyword(KeywordMain.groovy:75)
	at com.kms.katalon.core.keyword.builtin.VerifyEqualKeyword.verifyEqual(VerifyEqualKeyword.groovy:63)
	at com.kms.katalon.core.keyword.builtin.VerifyEqualKeyword.execute(VerifyEqualKeyword.groovy:44)
	at com.kms.katalon.core.keyword.internal.KeywordExecutor.executeKeywordForPlatform(KeywordExecutor.groovy:74)
	at com.kms.katalon.core.keyword.BuiltinKeywords.verifyEqual(BuiltinKeywords.groovy:146)
	at jdk.internal.reflect.GeneratedMethodAccessor22.invoke(Unknown Source)
	at java.base/jdk.internal.reflect.DelegatingMethodAccessorImpl.invoke(DelegatingMethodAccessorImpl.java:43)
	at Факторный анализ сверка дашбордов.CompareDZO(Факторный анализ сверка дашбордов:679)
	at Факторный анализ сверка дашбордов.Test(Факторный анализ сверка дашбордов:649)
	at Факторный анализ сверка дашбордов.run(Факторный анализ сверка дашбордов:44)
	at com.kms.katalon.core.main.ScriptEngine.run(ScriptEngine.java:194)
	at com.kms.katalon.core.main.ScriptEngine.runScriptAsRawText(ScriptEngine.java:119)
	at com.kms.katalon.core.main.TestCaseExecutor.runScript(TestCaseExecutor.java:448)
	at com.kms.katalon.core.main.TestCaseExecutor.doExecute(TestCaseExecutor.java:439)
	at com.kms.katalon.core.main.TestCaseExecutor.processExecutionPhase(TestCaseExecutor.java:418)
	at com.kms.katalon.core.main.TestCaseExecutor.accessMainPhase(TestCaseExecutor.java:410)
	at com.kms.katalon.core.main.TestCaseExecutor.execute(TestCaseExecutor.java:285)
	at com.kms.katalon.core.common.CommonExecutor.accessTestCaseMainPhase(CommonExecutor.java:65)
	at com.kms.katalon.core.main.TestSuiteExecutor.accessTestSuiteMainPhase(TestSuiteExecutor.java:150)
	at com.kms.katalon.core.main.TestSuiteExecutor.execute(TestSuiteExecutor.java:106)
	at com.kms.katalon.core.main.TestCaseMain.startTestSuite(TestCaseMain.java:180)
	at TempTestSuite1730857927993.run(TempTestSuite1730857927993.groovy:35)
	at java.base/jdk.internal.reflect.NativeMethodAccessorImpl.invoke0(Native Method)
	at java.base/jdk.internal.reflect.NativeMethodAccessorImpl.invoke(NativeMethodAccessorImpl.java:77)
	at java.base/jdk.internal.reflect.DelegatingMethodAccessorImpl.invoke(DelegatingMethodAccessorImpl.java:43)
)

06-11-2024T06:36:23 - [MESSAGE][FAILED] - Unable to verify equal between actual object '294 3     3 370 41 5 158 90 8 953  310 1 477 5 18 198 44' and expected object '294 3     153 41 73 90 392  310 58 5 779 44' (Root cause: com.kms.katalon.core.exception.StepFailedException: Actual object '294 3     3 370 41 5 158 90 8 953  310 1 477 5 18 198 44' and expected object '294 3     153 41 73 90 392  310 58 5 779 44' are not equal
	at com.kms.katalon.core.keyword.builtin.VerifyEqualKeyword$_verifyEqual_closure1.doCall(VerifyEqualKeyword.groovy:58)
	at com.kms.katalon.core.keyword.builtin.VerifyEqualKeyword$_verifyEqual_closure1.call(VerifyEqualKeyword.groovy)
	at com.kms.katalon.core.keyword.internal.KeywordMain.runKeyword(KeywordMain.groovy:75)
	at com.kms.katalon.core.keyword.builtin.VerifyEqualKeyword.verifyEqual(VerifyEqualKeyword.groovy:63)
	at com.kms.katalon.core.keyword.builtin.VerifyEqualKeyword.execute(VerifyEqualKeyword.groovy:44)
	at com.kms.katalon.core.keyword.internal.KeywordExecutor.executeKeywordForPlatform(KeywordExecutor.groovy:74)
	at com.kms.katalon.core.keyword.BuiltinKeywords.verifyEqual(BuiltinKeywords.groovy:146)
	at jdk.internal.reflect.GeneratedMethodAccessor22.invoke(Unknown Source)
	at java.base/jdk.internal.reflect.DelegatingMethodAccessorImpl.invoke(DelegatingMethodAccessorImpl.java:43)
	at Факторный анализ сверка дашбордов.CompareDZO(Факторный анализ сверка дашбордов:679)
	at Факторный анализ сверка дашбордов.Test(Факторный анализ сверка дашбордов:649)
	at Факторный анализ сверка дашбордов.run(Факторный анализ сверка дашбордов:44)
	at com.kms.katalon.core.main.ScriptEngine.run(ScriptEngine.java:194)
	at com.kms.katalon.core.main.ScriptEngine.runScriptAsRawText(ScriptEngine.java:119)
	at com.kms.katalon.core.main.TestCaseExecutor.runScript(TestCaseExecutor.java:448)
	at com.kms.katalon.core.main.TestCaseExecutor.doExecute(TestCaseExecutor.java:439)
	at com.kms.katalon.core.main.TestCaseExecutor.processExecutionPhase(TestCaseExecutor.java:418)
	at com.kms.katalon.core.main.TestCaseExecutor.accessMainPhase(TestCaseExecutor.java:410)
	at com.kms.katalon.core.main.TestCaseExecutor.execute(TestCaseExecutor.java:285)
	at com.kms.katalon.core.common.CommonExecutor.accessTestCaseMainPhase(CommonExecutor.java:65)
	at com.kms.katalon.core.main.TestSuiteExecutor.accessTestSuiteMainPhase(TestSuiteExecutor.java:150)
	at com.kms.katalon.core.main.TestSuiteExecutor.execute(TestSuiteExecutor.java:106)
	at com.kms.katalon.core.main.TestCaseMain.startTestSuite(TestCaseMain.java:180)
	at TempTestSuite1730857927993.run(TempTestSuite1730857927993.groovy:35)
	at java.base/jdk.internal.reflect.NativeMethodAccessorImpl.invoke0(Native Method)
	at java.base/jdk.internal.reflect.NativeMethodAccessorImpl.invoke(NativeMethodAccessorImpl.java:77)
	at java.base/jdk.internal.reflect.DelegatingMethodAccessorImpl.invoke(DelegatingMethodAccessorImpl.java:43)
)

06-11-2024T06:36:23 - [TEST_STEP][PASSED] - else: null

06-11-2024T06:36:23 - [TEST_STEP][PASSED] - otobrajeniyeDannyh = "Все": null

06-11-2024T06:36:23 - [TEST_STEP][PASSED] - vidget = "Всего отклонения по факторам": null

06-11-2024T06:36:23 - [TEST_STEP][PASSED] - Script1719551244403.WriteToExcel(todaysDate, typeOfData, otobrajeniyeDannyh, x, y, vidget, DZO): null

06-11-2024T06:36:23 - [TEST_STEP][PASSED] - sheetName = "Sheet1": null

06-11-2024T06:36:23 - [TEST_STEP][PASSED] - data = findTestData("PlanFact"): null

06-11-2024T06:36:23 - [TEST_STEP][PASSED] - n = data.getRowNumbers() + 1: null

06-11-2024T06:36:23 - [TEST_STEP][PASSED] - period = getText(findTestObject("Факторный анализ/Фильтр Период")): Text of object 'Object Repository/Факторный анализ/Фильтр Период' is: '1, 2, 3 кв. 2024 года'

06-11-2024T06:36:24 - [MESSAGE][PASSED] - Text of object 'Object Repository/Факторный анализ/Фильтр Период' is: '1, 2, 3 кв. 2024 года'

06-11-2024T06:36:24 - [TEST_STEP][PASSED] - println(period): null

06-11-2024T06:36:24 - [TEST_STEP][PASSED] - dashboardName = "Факторный анализ": null

06-11-2024T06:36:24 - [TEST_STEP][PASSED] - workbook01 = getWorkbook(excelFilePath): null

06-11-2024T06:36:24 - [TEST_STEP][PASSED] - sheet01 = getExcelSheet(workbook01, sheetName): null

06-11-2024T06:36:24 - [TEST_STEP][PASSED] - setValueToCellByIndex(sheet01, n, 0, dashboardName): null

06-11-2024T06:36:24 - [TEST_STEP][PASSED] - setValueToCellByIndex(sheet01, n, 1, DZO): null

06-11-2024T06:36:24 - [TEST_STEP][PASSED] - setValueToCellByIndex(sheet01, n, 2, vidget): null

06-11-2024T06:36:24 - [TEST_STEP][PASSED] - setValueToCellByIndex(sheet01, n, 3, typeOfData): null

06-11-2024T06:36:24 - [TEST_STEP][PASSED] - setValueToCellByIndex(sheet01, n, 4, otobrajeniyeDannyh): null

06-11-2024T06:36:24 - [TEST_STEP][PASSED] - setValueToCellByIndex(sheet01, n, 5, period): null

06-11-2024T06:36:24 - [TEST_STEP][PASSED] - setValueToCellByIndex(sheet01, n, 6, todaysDate): null

06-11-2024T06:36:24 - [TEST_STEP][PASSED] - n = n + 1: null

06-11-2024T06:36:24 - [TEST_STEP][PASSED] - saveWorkbook(excelFilePath, workbook01): null

06-11-2024T06:36:24 - [TEST_STEP][PASSED] - DZO = "Россети Янтарь": null

06-11-2024T06:36:24 - [TEST_STEP][PASSED] - Script1719551244403.CompareDZO(x = YaA, y = YaB, run, typeOfData, otobrajeniyeDannyh, todaysDate, vidget, DZO): null

06-11-2024T06:36:24 - [TEST_STEP][PASSED] - x1 = x: null

06-11-2024T06:36:24 - [TEST_STEP][PASSED] - y1 = y: null

06-11-2024T06:36:24 - [TEST_STEP][PASSED] - i1 = <not implemented yet for class: org.codehaus.groovy.ast.expr.EmptyExpression>: null

06-11-2024T06:36:24 - [TEST_STEP][PASSED] - if (verifyEqual(x, y) == true): Actual object '305 28' and expected object '305 28' are equal

06-11-2024T06:36:24 - [MESSAGE][PASSED] - Actual object '305 28' and expected object '305 28' are equal

06-11-2024T06:36:24 - [TEST_STEP][PASSED] - closeBrowser(): Browser is closed

06-11-2024T06:36:24 - [MESSAGE][PASSED] - Browser is closed]]></system-out>
         <system-err><![CDATA[06-11-2024T06:32:58 - [TEST_CASE][FAILED] - Test Cases/Сверки дашбордов/Факторный анализ сверка дашбордов: Test Cases/Сверки дашбордов/Факторный анализ сверка дашбордов FAILED.
Reason:
com.kms.katalon.core.exception.StepFailedException: Unable to verify equal between actual object '-355761' and expected object '9903' (Root cause: com.kms.katalon.core.exception.StepFailedException: Actual object '-355761' and expected object '9903' are not equal
	at com.kms.katalon.core.keyword.builtin.VerifyEqualKeyword$_verifyEqual_closure1.doCall(VerifyEqualKeyword.groovy:58)
	at com.kms.katalon.core.keyword.builtin.VerifyEqualKeyword$_verifyEqual_closure1.call(VerifyEqualKeyword.groovy)
	at com.kms.katalon.core.keyword.internal.KeywordMain.runKeyword(KeywordMain.groovy:75)
	at com.kms.katalon.core.keyword.builtin.VerifyEqualKeyword.verifyEqual(VerifyEqualKeyword.groovy:63)
	at com.kms.katalon.core.keyword.builtin.VerifyEqualKeyword.execute(VerifyEqualKeyword.groovy:44)
	at com.kms.katalon.core.keyword.internal.KeywordExecutor.executeKeywordForPlatform(KeywordExecutor.groovy:74)
	at com.kms.katalon.core.keyword.BuiltinKeywords.verifyEqual(BuiltinKeywords.groovy:146)
	at jdk.internal.reflect.GeneratedMethodAccessor22.invoke(Unknown Source)
	at java.base/jdk.internal.reflect.DelegatingMethodAccessorImpl.invoke(DelegatingMethodAccessorImpl.java:43)
	at Факторный анализ сверка дашбордов.Compare(Факторный анализ сверка дашбордов:658)
	at Факторный анализ сверка дашбордов.Test(Факторный анализ сверка дашбордов:422)
	at Факторный анализ сверка дашбордов.run(Факторный анализ сверка дашбордов:44)
	at com.kms.katalon.core.main.ScriptEngine.run(ScriptEngine.java:194)
	at com.kms.katalon.core.main.ScriptEngine.runScriptAsRawText(ScriptEngine.java:119)
	at com.kms.katalon.core.main.TestCaseExecutor.runScript(TestCaseExecutor.java:448)
	at com.kms.katalon.core.main.TestCaseExecutor.doExecute(TestCaseExecutor.java:439)
	at com.kms.katalon.core.main.TestCaseExecutor.processExecutionPhase(TestCaseExecutor.java:418)
	at com.kms.katalon.core.main.TestCaseExecutor.accessMainPhase(TestCaseExecutor.java:410)
	at com.kms.katalon.core.main.TestCaseExecutor.execute(TestCaseExecutor.java:285)
	at com.kms.katalon.core.common.CommonExecutor.accessTestCaseMainPhase(CommonExecutor.java:65)
	at com.kms.katalon.core.main.TestSuiteExecutor.accessTestSuiteMainPhase(TestSuiteExecutor.java:150)
	at com.kms.katalon.core.main.TestSuiteExecutor.execute(TestSuiteExecutor.java:106)
	at com.kms.katalon.core.main.TestCaseMain.startTestSuite(TestCaseMain.java:180)
	at TempTestSuite1730857927993.run(TempTestSuite1730857927993.groovy:35)
	at java.base/jdk.internal.reflect.NativeMethodAccessorImpl.invoke0(Native Method)
	at java.base/jdk.internal.reflect.NativeMethodAccessorImpl.invoke(NativeMethodAccessorImpl.java:77)
	at java.base/jdk.internal.reflect.DelegatingMethodAccessorImpl.invoke(DelegatingMethodAccessorImpl.java:43)
)
	at com.kms.katalon.core.keyword.internal.KeywordMain.stepFailed(KeywordMain.groovy:39)
	at com.kms.katalon.core.keyword.internal.KeywordMain.stepFailed(KeywordMain.groovy)
	at com.kms.katalon.core.keyword.internal.KeywordMain.runKeyword(KeywordMain.groovy:77)
	at com.kms.katalon.core.keyword.builtin.VerifyEqualKeyword.verifyEqual(VerifyEqualKeyword.groovy:63)
	at com.kms.katalon.core.keyword.builtin.VerifyEqualKeyword.execute(VerifyEqualKeyword.groovy:44)
	at com.kms.katalon.core.keyword.internal.KeywordExecutor.executeKeywordForPlatform(KeywordExecutor.groovy:74)
	at com.kms.katalon.core.keyword.BuiltinKeywords.verifyEqual(BuiltinKeywords.groovy:146)
	at jdk.internal.reflect.GeneratedMethodAccessor22.invoke(Unknown Source)
	at java.base/jdk.internal.reflect.DelegatingMethodAccessorImpl.invoke(DelegatingMethodAccessorImpl.java:43)
	at Факторный анализ сверка дашбордов.Compare(Факторный анализ сверка дашбордов:658)
	at Факторный анализ сверка дашбордов.Test(Факторный анализ сверка дашбордов:422)
	at Факторный анализ сверка дашбордов.run(Факторный анализ сверка дашбордов:44)
	at com.kms.katalon.core.main.ScriptEngine.run(ScriptEngine.java:194)
	at com.kms.katalon.core.main.ScriptEngine.runScriptAsRawText(ScriptEngine.java:119)
	at com.kms.katalon.core.main.TestCaseExecutor.runScript(TestCaseExecutor.java:448)
	at com.kms.katalon.core.main.TestCaseExecutor.doExecute(TestCaseExecutor.java:439)
	at com.kms.katalon.core.main.TestCaseExecutor.processExecutionPhase(TestCaseExecutor.java:418)
	at com.kms.katalon.core.main.TestCaseExecutor.accessMainPhase(TestCaseExecutor.java:410)
	at com.kms.katalon.core.main.TestCaseExecutor.execute(TestCaseExecutor.java:285)
	at com.kms.katalon.core.common.CommonExecutor.accessTestCaseMainPhase(CommonExecutor.java:65)
	at com.kms.katalon.core.main.TestSuiteExecutor.accessTestSuiteMainPhase(TestSuiteExecutor.java:150)
	at com.kms.katalon.core.main.TestSuiteExecutor.execute(TestSuiteExecutor.java:106)
	at com.kms.katalon.core.main.TestCaseMain.startTestSuite(TestCaseMain.java:180)
	at TempTestSuite1730857927993.run(TempTestSuite1730857927993.groovy:35)
	at java.base/jdk.internal.reflect.NativeMethodAccessorImpl.invoke0(Native Method)
	at java.base/jdk.internal.reflect.NativeMethodAccessorImpl.invoke(NativeMethodAccessorImpl.java:77)
	at java.base/jdk.internal.reflect.DelegatingMethodAccessorImpl.invoke(DelegatingMethodAccessorImpl.java:43)
Caused by: com.kms.katalon.core.exception.StepFailedException: Actual object '-355761' and expected object '9903' are not equal
	at com.kms.katalon.core.keyword.builtin.VerifyEqualKeyword$_verifyEqual_closure1.doCall(VerifyEqualKeyword.groovy:58)
	at com.kms.katalon.core.keyword.builtin.VerifyEqualKeyword$_verifyEqual_closure1.call(VerifyEqualKeyword.groovy)
	at com.kms.katalon.core.keyword.internal.KeywordMain.runKeyword(KeywordMain.groovy:75)
	... 24 more]]></system-err>
      </testcase>
      <system-out><![CDATA[06-11-2024T04:52:12 - [TEST_SUITE][FAILED] - Сверка дашбордов из разных блоков: Test Cases/Сверки дашбордов/Выручка в рублях сверка дашбордов ПАО Россети FAILED.
Reason:
com.kms.katalon.core.exception.StepFailedException: Unable to get text of object 'Object Repository/Выручка в рублях/Просьба обратить внимание' (Root cause: com.kms.katalon.core.exception.StepFailedException: Unable to get text of object 'Object Repository/Выручка в рублях/Просьба обратить внимание'
	at com.kms.katalon.core.webui.keyword.internal.WebUIKeywordMain.stepFailed(WebUIKeywordMain.groovy:64)
	at com.kms.katalon.core.webui.keyword.internal.WebUIKeywordMain.runKeyword(WebUIKeywordMain.groovy:26)
	at com.kms.katalon.core.webui.keyword.builtin.GetTextKeyword.getText(GetTextKeyword.groovy:88)
	at com.kms.katalon.core.webui.keyword.builtin.GetTextKeyword.execute(GetTextKeyword.groovy:67)
	at com.kms.katalon.core.keyword.internal.KeywordExecutor.executeKeywordForPlatform(KeywordExecutor.groovy:74)
	at com.kms.katalon.core.webui.keyword.WebUiBuiltInKeywords.getText(WebUiBuiltInKeywords.groovy:957)
	at Выручка в рублях сверка дашбордов ПАО Россети.Autorization(Выручка в рублях сверка дашбордов ПАО Россети:721)
	at Выручка в рублях сверка дашбордов ПАО Россети.PreSettings(Выручка в рублях сверка дашбордов ПАО Россети:573)
	at Выручка в рублях сверка дашбордов ПАО Россети.Blocks(Выручка в рублях сверка дашбордов ПАО Россети:247)
	at Выручка в рублях сверка дашбордов ПАО Россети.ViruchkaChange(Выручка в рублях сверка дашбордов ПАО Россети:60)
	at Выручка в рублях сверка дашбордов ПАО Россети.run(Выручка в рублях сверка дашбордов ПАО Россети:55)
	at com.kms.katalon.core.main.ScriptEngine.run(ScriptEngine.java:194)
	at com.kms.katalon.core.main.ScriptEngine.runScriptAsRawText(ScriptEngine.java:119)
	at com.kms.katalon.core.main.TestCaseExecutor.runScript(TestCaseExecutor.java:448)
	at com.kms.katalon.core.main.TestCaseExecutor.doExecute(TestCaseExecutor.java:439)
	at com.kms.katalon.core.main.TestCaseExecutor.processExecutionPhase(TestCaseExecutor.java:418)
	at com.kms.katalon.core.main.TestCaseExecutor.accessMainPhase(TestCaseExecutor.java:410)
	at com.kms.katalon.core.main.TestCaseExecutor.execute(TestCaseExecutor.java:285)
	at com.kms.katalon.core.common.CommonExecutor.accessTestCaseMainPhase(CommonExecutor.java:65)
	at com.kms.katalon.core.main.TestSuiteExecutor.accessTestSuiteMainPhase(TestSuiteExecutor.java:150)
	at com.kms.katalon.core.main.TestSuiteExecutor.execute(TestSuiteExecutor.java:106)
	at com.kms.katalon.core.main.TestCaseMain.startTestSuite(TestCaseMain.java:180)
	at TempTestSuite1730857927993.run(TempTestSuite1730857927993.groovy:35)
	at java.base/jdk.internal.reflect.NativeMethodAccessorImpl.invoke0(Native Method)
	at java.base/jdk.internal.reflect.NativeMethodAccessorImpl.invoke(NativeMethodAccessorImpl.java:77)
	at java.base/jdk.internal.reflect.DelegatingMethodAccessorImpl.invoke(DelegatingMethodAccessorImpl.java:43)
Caused by: com.kms.katalon.core.webui.exception.WebElementNotFoundException: Web element with id: 'Object Repository/Выручка в рублях/Просьба обратить внимание' located by '(.//*[normalize-space(text()) and normalize-space(.)='×'])[3]/following::h1[1]' not found
	at com.kms.katalon.core.webui.common.WebUiCommonHelper.findWebElement(WebUiCommonHelper.java:1426)
	at com.kms.katalon.core.webui.keyword.internal.WebUIAbstractKeyword.findWebElement(WebUIAbstractKeyword.groovy:27)
	at com.kms.katalon.core.webui.keyword.internal.WebUIAbstractKeyword.findWebElement(WebUIAbstractKeyword.groovy:26)
	at com.kms.katalon.core.webui.keyword.builtin.GetTextKeyword$_getText_closure1.doCall(GetTextKeyword.groovy:78)
	at com.kms.katalon.core.webui.keyword.builtin.GetTextKeyword$_getText_closure1.call(GetTextKeyword.groovy)
	at com.kms.katalon.core.webui.keyword.internal.WebUIKeywordMain.runKeyword(WebUIKeywordMain.groovy:20)
	at com.kms.katalon.core.webui.keyword.builtin.GetTextKeyword.getText(GetTextKeyword.groovy:88)
	at com.kms.katalon.core.webui.keyword.builtin.GetTextKeyword.execute(GetTextKeyword.groovy:67)
	at com.kms.katalon.core.keyword.internal.KeywordExecutor.executeKeywordForPlatform(KeywordExecutor.groovy:74)
	at com.kms.katalon.core.webui.keyword.WebUiBuiltInKeywords.getText(WebUiBuiltInKeywords.groovy:957)
	at Script1710234207206.Autorization(Script1710234207206.groovy:721)
	at Script1710234207206.PreSettings(Script1710234207206.groovy:573)
	at Script1710234207206.Blocks(Script1710234207206.groovy:247)
	at Script1710234207206.ViruchkaChange(Script1710234207206.groovy:60)
	at Script1710234207206.run(Script1710234207206.groovy:55)
	... 15 more
)
	at com.kms.katalon.core.keyword.internal.KeywordMain.stepFailed(KeywordMain.groovy:39)
	at com.kms.katalon.core.webui.keyword.internal.WebUIKeywordMain.stepFailed(WebUIKeywordMain.groovy:64)
	at com.kms.katalon.core.webui.keyword.internal.WebUIKeywordMain.runKeyword(WebUIKeywordMain.groovy:26)
	at com.kms.katalon.core.webui.keyword.builtin.GetTextKeyword.getText(GetTextKeyword.groovy:88)
	at com.kms.katalon.core.webui.keyword.builtin.GetTextKeyword.execute(GetTextKeyword.groovy:67)
	at com.kms.katalon.core.keyword.internal.KeywordExecutor.executeKeywordForPlatform(KeywordExecutor.groovy:74)
	at com.kms.katalon.core.webui.keyword.WebUiBuiltInKeywords.getText(WebUiBuiltInKeywords.groovy:957)
	at Выручка в рублях сверка дашбордов ПАО Россети.Autorization(Выручка в рублях сверка дашбордов ПАО Россети:721)
	at Выручка в рублях сверка дашбордов ПАО Россети.PreSettings(Выручка в рублях сверка дашбордов ПАО Россети:573)
	at Выручка в рублях сверка дашбордов ПАО Россети.Blocks(Выручка в рублях сверка дашбордов ПАО Россети:247)
	at Выручка в рублях сверка дашбордов ПАО Россети.ViruchkaChange(Выручка в рублях сверка дашбордов ПАО Россети:60)
	at Выручка в рублях сверка дашбордов ПАО Россети.run(Выручка в рублях сверка дашбордов ПАО Россети:55)
	at com.kms.katalon.core.main.ScriptEngine.run(ScriptEngine.java:194)
	at com.kms.katalon.core.main.ScriptEngine.runScriptAsRawText(ScriptEngine.java:119)
	at com.kms.katalon.core.main.TestCaseExecutor.runScript(TestCaseExecutor.java:448)
	at com.kms.katalon.core.main.TestCaseExecutor.doExecute(TestCaseExecutor.java:439)
	at com.kms.katalon.core.main.TestCaseExecutor.processExecutionPhase(TestCaseExecutor.java:418)
	at com.kms.katalon.core.main.TestCaseExecutor.accessMainPhase(TestCaseExecutor.java:410)
	at com.kms.katalon.core.main.TestCaseExecutor.execute(TestCaseExecutor.java:285)
	at com.kms.katalon.core.common.CommonExecutor.accessTestCaseMainPhase(CommonExecutor.java:65)
	at com.kms.katalon.core.main.TestSuiteExecutor.accessTestSuiteMainPhase(TestSuiteExecutor.java:150)
	at com.kms.katalon.core.main.TestSuiteExecutor.execute(TestSuiteExecutor.java:106)
	at com.kms.katalon.core.main.TestCaseMain.startTestSuite(TestCaseMain.java:180)
	at TempTestSuite1730857927993.run(TempTestSuite1730857927993.groovy:35)
	at java.base/jdk.internal.reflect.NativeMethodAccessorImpl.invoke0(Native Method)
	at java.base/jdk.internal.reflect.NativeMethodAccessorImpl.invoke(NativeMethodAccessorImpl.java:77)
	at java.base/jdk.internal.reflect.DelegatingMethodAccessorImpl.invoke(DelegatingMethodAccessorImpl.java:43)
Caused by: com.kms.katalon.core.exception.StepFailedException: Unable to get text of object 'Object Repository/Выручка в рублях/Просьба обратить внимание'
	... 26 more
Caused by: com.kms.katalon.core.webui.exception.WebElementNotFoundException: Web element with id: 'Object Repository/Выручка в рублях/Просьба обратить внимание' located by '(.//*[normalize-space(text()) and normalize-space(.)='×'])[3]/following::h1[1]' not found
	at com.kms.katalon.core.webui.common.WebUiCommonHelper.findWebElement(WebUiCommonHelper.java:1426)
	at com.kms.katalon.core.webui.keyword.internal.WebUIAbstractKeyword.findWebElement(WebUIAbstractKeyword.groovy:27)
	at com.kms.katalon.core.webui.keyword.internal.WebUIAbstractKeyword.findWebElement(WebUIAbstractKeyword.groovy:26)
	at com.kms.katalon.core.webui.keyword.builtin.GetTextKeyword$_getText_closure1.doCall(GetTextKeyword.groovy:78)
	at com.kms.katalon.core.webui.keyword.builtin.GetTextKeyword$_getText_closure1.call(GetTextKeyword.groovy)
	at com.kms.katalon.core.webui.keyword.internal.WebUIKeywordMain.runKeyword(WebUIKeywordMain.groovy:20)
	... 24 more]]></system-out>
      <system-err><![CDATA[06-11-2024T04:52:12 - [TEST_SUITE][FAILED] - Сверка дашбордов из разных блоков: Test Cases/Сверки дашбордов/Выручка в рублях сверка дашбордов ПАО Россети FAILED.
Reason:
com.kms.katalon.core.exception.StepFailedException: Unable to get text of object 'Object Repository/Выручка в рублях/Просьба обратить внимание' (Root cause: com.kms.katalon.core.exception.StepFailedException: Unable to get text of object 'Object Repository/Выручка в рублях/Просьба обратить внимание'
	at com.kms.katalon.core.webui.keyword.internal.WebUIKeywordMain.stepFailed(WebUIKeywordMain.groovy:64)
	at com.kms.katalon.core.webui.keyword.internal.WebUIKeywordMain.runKeyword(WebUIKeywordMain.groovy:26)
	at com.kms.katalon.core.webui.keyword.builtin.GetTextKeyword.getText(GetTextKeyword.groovy:88)
	at com.kms.katalon.core.webui.keyword.builtin.GetTextKeyword.execute(GetTextKeyword.groovy:67)
	at com.kms.katalon.core.keyword.internal.KeywordExecutor.executeKeywordForPlatform(KeywordExecutor.groovy:74)
	at com.kms.katalon.core.webui.keyword.WebUiBuiltInKeywords.getText(WebUiBuiltInKeywords.groovy:957)
	at Выручка в рублях сверка дашбордов ПАО Россети.Autorization(Выручка в рублях сверка дашбордов ПАО Россети:721)
	at Выручка в рублях сверка дашбордов ПАО Россети.PreSettings(Выручка в рублях сверка дашбордов ПАО Россети:573)
	at Выручка в рублях сверка дашбордов ПАО Россети.Blocks(Выручка в рублях сверка дашбордов ПАО Россети:247)
	at Выручка в рублях сверка дашбордов ПАО Россети.ViruchkaChange(Выручка в рублях сверка дашбордов ПАО Россети:60)
	at Выручка в рублях сверка дашбордов ПАО Россети.run(Выручка в рублях сверка дашбордов ПАО Россети:55)
	at com.kms.katalon.core.main.ScriptEngine.run(ScriptEngine.java:194)
	at com.kms.katalon.core.main.ScriptEngine.runScriptAsRawText(ScriptEngine.java:119)
	at com.kms.katalon.core.main.TestCaseExecutor.runScript(TestCaseExecutor.java:448)
	at com.kms.katalon.core.main.TestCaseExecutor.doExecute(TestCaseExecutor.java:439)
	at com.kms.katalon.core.main.TestCaseExecutor.processExecutionPhase(TestCaseExecutor.java:418)
	at com.kms.katalon.core.main.TestCaseExecutor.accessMainPhase(TestCaseExecutor.java:410)
	at com.kms.katalon.core.main.TestCaseExecutor.execute(TestCaseExecutor.java:285)
	at com.kms.katalon.core.common.CommonExecutor.accessTestCaseMainPhase(CommonExecutor.java:65)
	at com.kms.katalon.core.main.TestSuiteExecutor.accessTestSuiteMainPhase(TestSuiteExecutor.java:150)
	at com.kms.katalon.core.main.TestSuiteExecutor.execute(TestSuiteExecutor.java:106)
	at com.kms.katalon.core.main.TestCaseMain.startTestSuite(TestCaseMain.java:180)
	at TempTestSuite1730857927993.run(TempTestSuite1730857927993.groovy:35)
	at java.base/jdk.internal.reflect.NativeMethodAccessorImpl.invoke0(Native Method)
	at java.base/jdk.internal.reflect.NativeMethodAccessorImpl.invoke(NativeMethodAccessorImpl.java:77)
	at java.base/jdk.internal.reflect.DelegatingMethodAccessorImpl.invoke(DelegatingMethodAccessorImpl.java:43)
Caused by: com.kms.katalon.core.webui.exception.WebElementNotFoundException: Web element with id: 'Object Repository/Выручка в рублях/Просьба обратить внимание' located by '(.//*[normalize-space(text()) and normalize-space(.)='×'])[3]/following::h1[1]' not found
	at com.kms.katalon.core.webui.common.WebUiCommonHelper.findWebElement(WebUiCommonHelper.java:1426)
	at com.kms.katalon.core.webui.keyword.internal.WebUIAbstractKeyword.findWebElement(WebUIAbstractKeyword.groovy:27)
	at com.kms.katalon.core.webui.keyword.internal.WebUIAbstractKeyword.findWebElement(WebUIAbstractKeyword.groovy:26)
	at com.kms.katalon.core.webui.keyword.builtin.GetTextKeyword$_getText_closure1.doCall(GetTextKeyword.groovy:78)
	at com.kms.katalon.core.webui.keyword.builtin.GetTextKeyword$_getText_closure1.call(GetTextKeyword.groovy)
	at com.kms.katalon.core.webui.keyword.internal.WebUIKeywordMain.runKeyword(WebUIKeywordMain.groovy:20)
	at com.kms.katalon.core.webui.keyword.builtin.GetTextKeyword.getText(GetTextKeyword.groovy:88)
	at com.kms.katalon.core.webui.keyword.builtin.GetTextKeyword.execute(GetTextKeyword.groovy:67)
	at com.kms.katalon.core.keyword.internal.KeywordExecutor.executeKeywordForPlatform(KeywordExecutor.groovy:74)
	at com.kms.katalon.core.webui.keyword.WebUiBuiltInKeywords.getText(WebUiBuiltInKeywords.groovy:957)
	at Script1710234207206.Autorization(Script1710234207206.groovy:721)
	at Script1710234207206.PreSettings(Script1710234207206.groovy:573)
	at Script1710234207206.Blocks(Script1710234207206.groovy:247)
	at Script1710234207206.ViruchkaChange(Script1710234207206.groovy:60)
	at Script1710234207206.run(Script1710234207206.groovy:55)
	... 15 more
)
	at com.kms.katalon.core.keyword.internal.KeywordMain.stepFailed(KeywordMain.groovy:39)
	at com.kms.katalon.core.webui.keyword.internal.WebUIKeywordMain.stepFailed(WebUIKeywordMain.groovy:64)
	at com.kms.katalon.core.webui.keyword.internal.WebUIKeywordMain.runKeyword(WebUIKeywordMain.groovy:26)
	at com.kms.katalon.core.webui.keyword.builtin.GetTextKeyword.getText(GetTextKeyword.groovy:88)
	at com.kms.katalon.core.webui.keyword.builtin.GetTextKeyword.execute(GetTextKeyword.groovy:67)
	at com.kms.katalon.core.keyword.internal.KeywordExecutor.executeKeywordForPlatform(KeywordExecutor.groovy:74)
	at com.kms.katalon.core.webui.keyword.WebUiBuiltInKeywords.getText(WebUiBuiltInKeywords.groovy:957)
	at Выручка в рублях сверка дашбордов ПАО Россети.Autorization(Выручка в рублях сверка дашбордов ПАО Россети:721)
	at Выручка в рублях сверка дашбордов ПАО Россети.PreSettings(Выручка в рублях сверка дашбордов ПАО Россети:573)
	at Выручка в рублях сверка дашбордов ПАО Россети.Blocks(Выручка в рублях сверка дашбордов ПАО Россети:247)
	at Выручка в рублях сверка дашбордов ПАО Россети.ViruchkaChange(Выручка в рублях сверка дашбордов ПАО Россети:60)
	at Выручка в рублях сверка дашбордов ПАО Россети.run(Выручка в рублях сверка дашбордов ПАО Россети:55)
	at com.kms.katalon.core.main.ScriptEngine.run(ScriptEngine.java:194)
	at com.kms.katalon.core.main.ScriptEngine.runScriptAsRawText(ScriptEngine.java:119)
	at com.kms.katalon.core.main.TestCaseExecutor.runScript(TestCaseExecutor.java:448)
	at com.kms.katalon.core.main.TestCaseExecutor.doExecute(TestCaseExecutor.java:439)
	at com.kms.katalon.core.main.TestCaseExecutor.processExecutionPhase(TestCaseExecutor.java:418)
	at com.kms.katalon.core.main.TestCaseExecutor.accessMainPhase(TestCaseExecutor.java:410)
	at com.kms.katalon.core.main.TestCaseExecutor.execute(TestCaseExecutor.java:285)
	at com.kms.katalon.core.common.CommonExecutor.accessTestCaseMainPhase(CommonExecutor.java:65)
	at com.kms.katalon.core.main.TestSuiteExecutor.accessTestSuiteMainPhase(TestSuiteExecutor.java:150)
	at com.kms.katalon.core.main.TestSuiteExecutor.execute(TestSuiteExecutor.java:106)
	at com.kms.katalon.core.main.TestCaseMain.startTestSuite(TestCaseMain.java:180)
	at TempTestSuite1730857927993.run(TempTestSuite1730857927993.groovy:35)
	at java.base/jdk.internal.reflect.NativeMethodAccessorImpl.invoke0(Native Method)
	at java.base/jdk.internal.reflect.NativeMethodAccessorImpl.invoke(NativeMethodAccessorImpl.java:77)
	at java.base/jdk.internal.reflect.DelegatingMethodAccessorImpl.invoke(DelegatingMethodAccessorImpl.java:43)
Caused by: com.kms.katalon.core.exception.StepFailedException: Unable to get text of object 'Object Repository/Выручка в рублях/Просьба обратить внимание'
	... 26 more
Caused by: com.kms.katalon.core.webui.exception.WebElementNotFoundException: Web element with id: 'Object Repository/Выручка в рублях/Просьба обратить внимание' located by '(.//*[normalize-space(text()) and normalize-space(.)='×'])[3]/following::h1[1]' not found
	at com.kms.katalon.core.webui.common.WebUiCommonHelper.findWebElement(WebUiCommonHelper.java:1426)
	at com.kms.katalon.core.webui.keyword.internal.WebUIAbstractKeyword.findWebElement(WebUIAbstractKeyword.groovy:27)
	at com.kms.katalon.core.webui.keyword.internal.WebUIAbstractKeyword.findWebElement(WebUIAbstractKeyword.groovy:26)
	at com.kms.katalon.core.webui.keyword.builtin.GetTextKeyword$_getText_closure1.doCall(GetTextKeyword.groovy:78)
	at com.kms.katalon.core.webui.keyword.builtin.GetTextKeyword$_getText_closure1.call(GetTextKeyword.groovy)
	at com.kms.katalon.core.webui.keyword.internal.WebUIKeywordMain.runKeyword(WebUIKeywordMain.groovy:20)
	... 24 more]]></system-err>
   </testsuite>
</testsuites>
